<?xml version="1.0" encoding="utf-8"?>
<TestRun id="4878bd16-4268-4dba-84ab-c16e68ae6268" name="DKSR-EFI-04$@DKSR-EFI-04 2023-12-22 09:32:17" runUser="NT AUTHORITY\NETWORK SERVICE" xmlns="http://microsoft.com/schemas/VisualStudio/TeamTest/2010">
  <Times creation="2023-12-22T09:32:17.0996434+01:00" queuing="2023-12-22T09:32:17.0996434+01:00" start="2023-12-22T09:32:16.1465144+01:00" finish="2023-12-22T09:32:17.4121450+01:00" />
  <TestSettings name="default" id="9149990d-225f-40ac-bc82-81e15053dfc7">
    <Deployment runDeploymentRoot="DKSR-EFI-04$_DKSR-EFI-04_2023-12-22_09_32_17" />
  </TestSettings>
  <Results>
    <UnitTestResult executionId="3a1d665e-ff98-4cba-bb98-d63678a9a56c" testId="39b87cb6-8943-8703-e79b-928509672861" testName="TestAttributeExists_Success" computerName="DKSR-EFI-04" duration="00:00:00.0008370" startTime="2023-12-22T09:32:17.3027708+01:00" endTime="2023-12-22T09:32:17.3027708+01:00" testType="13cdc9d9-ddb5-4fa4-a97d-d965ccfc6d4b" outcome="Passed" testListId="8c84fa94-04c1-424b-9868-57a2d4851a1d" relativeResultsDirectory="3a1d665e-ff98-4cba-bb98-d63678a9a56c" />
    <UnitTestResult executionId="b1c5404b-7dfd-4185-8da4-b6e77b31e76a" testId="282f6cdd-d62d-2b34-55d2-a4eb56661e41" testName="TestConstructor_ErrorDescription_Success" computerName="DKSR-EFI-04" duration="00:00:00.0002292" startTime="2023-12-22T09:32:17.2715198+01:00" endTime="2023-12-22T09:32:17.2715198+01:00" testType="13cdc9d9-ddb5-4fa4-a97d-d965ccfc6d4b" outcome="Passed" testListId="8c84fa94-04c1-424b-9868-57a2d4851a1d" relativeResultsDirectory="b1c5404b-7dfd-4185-8da4-b6e77b31e76a" />
    <UnitTestResult executionId="0fa9eb54-9475-4864-8077-726a22b5b7a0" testId="6fa46d58-19b0-5161-6030-bd719f461f08" testName="TestConstructor_ErrorDescriptionInnerExceptionAndRepositoryId_Success" computerName="DKSR-EFI-04" duration="00:00:00.0007178" startTime="2023-12-22T09:32:17.3340203+01:00" endTime="2023-12-22T09:32:17.3340203+01:00" testType="13cdc9d9-ddb5-4fa4-a97d-d965ccfc6d4b" outcome="Passed" testListId="8c84fa94-04c1-424b-9868-57a2d4851a1d" relativeResultsDirectory="0fa9eb54-9475-4864-8077-726a22b5b7a0" />
    <UnitTestResult executionId="c3c0d5b8-637d-4da7-9051-ece2074ce2ad" testId="e57e473b-308f-633f-28db-c08e7fd00576" testName="TestAttributeExists_Success" computerName="DKSR-EFI-04" duration="00:00:00.0008381" startTime="2023-12-22T09:32:17.3496446+01:00" endTime="2023-12-22T09:32:17.3496446+01:00" testType="13cdc9d9-ddb5-4fa4-a97d-d965ccfc6d4b" outcome="Passed" testListId="8c84fa94-04c1-424b-9868-57a2d4851a1d" relativeResultsDirectory="c3c0d5b8-637d-4da7-9051-ece2074ce2ad" />
    <UnitTestResult executionId="923e3133-67e3-44a3-b15e-f0e261f7f41e" testId="90b58c10-d579-c9fe-3398-dc3c361ed0b4" testName="TestAttributeExists_Success" computerName="DKSR-EFI-04" duration="00:00:00.0091717" startTime="2023-12-22T09:32:17.3027708+01:00" endTime="2023-12-22T09:32:17.3183954+01:00" testType="13cdc9d9-ddb5-4fa4-a97d-d965ccfc6d4b" outcome="Passed" testListId="8c84fa94-04c1-424b-9868-57a2d4851a1d" relativeResultsDirectory="923e3133-67e3-44a3-b15e-f0e261f7f41e" />
    <UnitTestResult executionId="1c7dbf27-0faf-4815-bdf1-4c0fb552b537" testId="4ca54b1a-2f71-bed7-94b6-34df043645bc" testName="TestAttributeExists_Success" computerName="DKSR-EFI-04" duration="00:00:00.0008516" startTime="2023-12-22T09:32:17.3027708+01:00" endTime="2023-12-22T09:32:17.3027708+01:00" testType="13cdc9d9-ddb5-4fa4-a97d-d965ccfc6d4b" outcome="Passed" testListId="8c84fa94-04c1-424b-9868-57a2d4851a1d" relativeResultsDirectory="1c7dbf27-0faf-4815-bdf1-4c0fb552b537" />
    <UnitTestResult executionId="effe5789-5bc9-4a26-8ca9-9a87c4a4db49" testId="34ac2d36-8678-0a6e-f55d-3bb582e5502b" testName="TestConstructor_ErrorDescriptionInnerExceptionAndViewPointId_Success" computerName="DKSR-EFI-04" duration="00:00:00.0003577" startTime="2023-12-22T09:32:17.3496446+01:00" endTime="2023-12-22T09:32:17.3496446+01:00" testType="13cdc9d9-ddb5-4fa4-a97d-d965ccfc6d4b" outcome="Passed" testListId="8c84fa94-04c1-424b-9868-57a2d4851a1d" relativeResultsDirectory="effe5789-5bc9-4a26-8ca9-9a87c4a4db49" />
    <UnitTestResult executionId="2453ad67-10ab-487f-af99-739d645786e5" testId="fb04c5d9-1ddd-1523-6d2a-09af016fb134" testName="TestAttributeExists_Success" computerName="DKSR-EFI-04" duration="00:00:00.0008898" startTime="2023-12-22T09:32:17.3340203+01:00" endTime="2023-12-22T09:32:17.3340203+01:00" testType="13cdc9d9-ddb5-4fa4-a97d-d965ccfc6d4b" outcome="Passed" testListId="8c84fa94-04c1-424b-9868-57a2d4851a1d" relativeResultsDirectory="2453ad67-10ab-487f-af99-739d645786e5" />
    <UnitTestResult executionId="944a8cd2-e747-416c-91e1-6c7bca623208" testId="ab0894c0-226b-103c-3a51-a5533d4b718c" testName="TestAttributeExists_Success" computerName="DKSR-EFI-04" duration="00:00:00.0008483" startTime="2023-12-22T09:32:17.2871471+01:00" endTime="2023-12-22T09:32:17.2871471+01:00" testType="13cdc9d9-ddb5-4fa4-a97d-d965ccfc6d4b" outcome="Passed" testListId="8c84fa94-04c1-424b-9868-57a2d4851a1d" relativeResultsDirectory="944a8cd2-e747-416c-91e1-6c7bca623208" />
    <UnitTestResult executionId="ce15cd40-2164-43a7-8ac4-0ab6145fb1a8" testId="ed8cddc5-6dad-eb4a-440b-86ac633efe46" testName="TestConstructor_ErrorDescriptionAndInnerException_Success" computerName="DKSR-EFI-04" duration="00:00:00.0002950" startTime="2023-12-22T09:32:17.3183954+01:00" endTime="2023-12-22T09:32:17.3183954+01:00" testType="13cdc9d9-ddb5-4fa4-a97d-d965ccfc6d4b" outcome="Passed" testListId="8c84fa94-04c1-424b-9868-57a2d4851a1d" relativeResultsDirectory="ce15cd40-2164-43a7-8ac4-0ab6145fb1a8" />
    <UnitTestResult executionId="ad025997-5de1-4588-8279-36107f8bacda" testId="3bd0d3b8-7840-6a04-f2da-406d55f8be8f" testName="TestConstructor_ErrorDescription_Success" computerName="DKSR-EFI-04" duration="00:00:00.0002043" startTime="2023-12-22T09:32:17.3183954+01:00" endTime="2023-12-22T09:32:17.3183954+01:00" testType="13cdc9d9-ddb5-4fa4-a97d-d965ccfc6d4b" outcome="Passed" testListId="8c84fa94-04c1-424b-9868-57a2d4851a1d" relativeResultsDirectory="ad025997-5de1-4588-8279-36107f8bacda" />
    <UnitTestResult executionId="8da99e76-7e90-4536-ba81-0f7787df9d08" testId="65839743-eedc-7435-519f-96be683d749b" testName="TestConstructor_NoParameters_Success" computerName="DKSR-EFI-04" duration="00:00:00.0002208" startTime="2023-12-22T09:32:17.3027708+01:00" endTime="2023-12-22T09:32:17.3027708+01:00" testType="13cdc9d9-ddb5-4fa4-a97d-d965ccfc6d4b" outcome="Passed" testListId="8c84fa94-04c1-424b-9868-57a2d4851a1d" relativeResultsDirectory="8da99e76-7e90-4536-ba81-0f7787df9d08" />
    <UnitTestResult executionId="f3667491-b4a2-4478-b228-a7db449288ff" testId="bd2fe3ac-2647-e36c-5c07-a95ef84f3351" testName="TestConstructor_NoParameters_Success" computerName="DKSR-EFI-04" duration="00:00:00.0004276" startTime="2023-12-22T09:32:17.3496446+01:00" endTime="2023-12-22T09:32:17.3496446+01:00" testType="13cdc9d9-ddb5-4fa4-a97d-d965ccfc6d4b" outcome="Passed" testListId="8c84fa94-04c1-424b-9868-57a2d4851a1d" relativeResultsDirectory="f3667491-b4a2-4478-b228-a7db449288ff" />
    <UnitTestResult executionId="ab2ce016-9276-4f15-a309-032e8b88915f" testId="0c995c67-007b-2af2-d89b-ff45e480678e" testName="TestConstructor_ErrorDescriptionAndLayerId_Success" computerName="DKSR-EFI-04" duration="00:00:00.0002964" startTime="2023-12-22T09:32:17.2871471+01:00" endTime="2023-12-22T09:32:17.2871471+01:00" testType="13cdc9d9-ddb5-4fa4-a97d-d965ccfc6d4b" outcome="Passed" testListId="8c84fa94-04c1-424b-9868-57a2d4851a1d" relativeResultsDirectory="ab2ce016-9276-4f15-a309-032e8b88915f" />
    <UnitTestResult executionId="cc304164-7cf1-4718-b4f1-15f484bb9629" testId="cf2a7e04-e15f-02bb-c084-691a39b49b93" testName="TestAttributeExists_Success" computerName="DKSR-EFI-04" duration="00:00:00.0008340" startTime="2023-12-22T09:32:17.3183954+01:00" endTime="2023-12-22T09:32:17.3183954+01:00" testType="13cdc9d9-ddb5-4fa4-a97d-d965ccfc6d4b" outcome="Passed" testListId="8c84fa94-04c1-424b-9868-57a2d4851a1d" relativeResultsDirectory="cc304164-7cf1-4718-b4f1-15f484bb9629" />
    <UnitTestResult executionId="d9c274e7-bb57-4891-80e8-2530e59f2ba7" testId="a579e24a-b3b3-0e74-d0ad-623787297a42" testName="TestConstructor_ErrorDescription_Success" computerName="DKSR-EFI-04" duration="00:00:00.0002532" startTime="2023-12-22T09:32:17.2871471+01:00" endTime="2023-12-22T09:32:17.2871471+01:00" testType="13cdc9d9-ddb5-4fa4-a97d-d965ccfc6d4b" outcome="Passed" testListId="8c84fa94-04c1-424b-9868-57a2d4851a1d" relativeResultsDirectory="d9c274e7-bb57-4891-80e8-2530e59f2ba7" />
    <UnitTestResult executionId="9e905d9e-bac3-4037-b39f-4d61697ea1f0" testId="fedb921b-b397-97cc-e1c7-1b725a9aa4dd" testName="TestConstructor_NoParameters_Success" computerName="DKSR-EFI-04" duration="00:00:00.0003133" startTime="2023-12-22T09:32:17.2715198+01:00" endTime="2023-12-22T09:32:17.2871471+01:00" testType="13cdc9d9-ddb5-4fa4-a97d-d965ccfc6d4b" outcome="Passed" testListId="8c84fa94-04c1-424b-9868-57a2d4851a1d" relativeResultsDirectory="9e905d9e-bac3-4037-b39f-4d61697ea1f0" />
    <UnitTestResult executionId="62390d1b-d13d-47bf-921a-e5fa4841ca63" testId="aff77587-7ac4-ac64-887e-62e1feb1af7e" testName="TestConstructor_ErrorDescriptionInnerExceptionAndBuildingId_Success" computerName="DKSR-EFI-04" duration="00:00:00.0003761" startTime="2023-12-22T09:32:17.3027708+01:00" endTime="2023-12-22T09:32:17.3027708+01:00" testType="13cdc9d9-ddb5-4fa4-a97d-d965ccfc6d4b" outcome="Passed" testListId="8c84fa94-04c1-424b-9868-57a2d4851a1d" relativeResultsDirectory="62390d1b-d13d-47bf-921a-e5fa4841ca63" />
    <UnitTestResult executionId="c2a03876-82b8-4aec-a7d8-f943c75b8249" testId="356ef46b-0e5b-af0f-427e-ba7096785440" testName="OnSerializingWithUnknownValueTypeNotRootLevel_Success" computerName="DKSR-EFI-04" duration="00:00:00.0014388" startTime="2023-12-22T09:32:17.2090210+01:00" endTime="2023-12-22T09:32:17.2090210+01:00" testType="13cdc9d9-ddb5-4fa4-a97d-d965ccfc6d4b" outcome="Passed" testListId="8c84fa94-04c1-424b-9868-57a2d4851a1d" relativeResultsDirectory="c2a03876-82b8-4aec-a7d8-f943c75b8249" />
    <UnitTestResult executionId="6611cc24-a32f-4887-b5d4-5d2c7f7ce262" testId="7f0c8b03-44ec-d73b-cae3-862acebe79ab" testName="OnSerializingWithUnknownClassPropertyRootLevel_Success" computerName="DKSR-EFI-04" duration="00:00:00.0009238" startTime="2023-12-22T09:32:17.2090210+01:00" endTime="2023-12-22T09:32:17.2090210+01:00" testType="13cdc9d9-ddb5-4fa4-a97d-d965ccfc6d4b" outcome="Passed" testListId="8c84fa94-04c1-424b-9868-57a2d4851a1d" relativeResultsDirectory="6611cc24-a32f-4887-b5d4-5d2c7f7ce262" />
    <UnitTestResult executionId="695331d2-105d-42a0-976d-e390a0a71788" testId="93171284-da1b-6880-cab4-616aaa4da299" testName="TestConstructor_NoParameters_Success" computerName="DKSR-EFI-04" duration="00:00:00.0003726" startTime="2023-12-22T09:32:17.2871471+01:00" endTime="2023-12-22T09:32:17.2871471+01:00" testType="13cdc9d9-ddb5-4fa4-a97d-d965ccfc6d4b" outcome="Passed" testListId="8c84fa94-04c1-424b-9868-57a2d4851a1d" relativeResultsDirectory="695331d2-105d-42a0-976d-e390a0a71788" />
    <UnitTestResult executionId="e293bd64-9933-4ac1-be57-cc6af6486ca2" testId="d02efcb3-fba3-c4d3-499c-8de0f28a4a19" testName="TestConstructorErrorDescriptionAndErrorReason" computerName="DKSR-EFI-04" duration="00:00:00.0001216" startTime="2023-12-22T09:32:17.2715198+01:00" endTime="2023-12-22T09:32:17.2715198+01:00" testType="13cdc9d9-ddb5-4fa4-a97d-d965ccfc6d4b" outcome="Passed" testListId="8c84fa94-04c1-424b-9868-57a2d4851a1d" relativeResultsDirectory="e293bd64-9933-4ac1-be57-cc6af6486ca2" />
    <UnitTestResult executionId="d5c72045-0c74-49d0-9cc1-79f9976c3f34" testId="fdbae078-1446-ebe1-792d-e0a8f563a8a9" testName="TestConstructorNoParameters" computerName="DKSR-EFI-04" duration="00:00:00.0002683" startTime="2023-12-22T09:32:17.2715198+01:00" endTime="2023-12-22T09:32:17.2715198+01:00" testType="13cdc9d9-ddb5-4fa4-a97d-d965ccfc6d4b" outcome="Passed" testListId="8c84fa94-04c1-424b-9868-57a2d4851a1d" relativeResultsDirectory="d5c72045-0c74-49d0-9cc1-79f9976c3f34" />
    <UnitTestResult executionId="b6a82728-8957-4a1a-ac94-a01f69a2e116" testId="7a1fd523-bc4d-f7ca-2a8b-8078c4b0c9de" testName="TestAttributeExists_Success" computerName="DKSR-EFI-04" duration="00:00:00.0008404" startTime="2023-12-22T09:32:17.3496446+01:00" endTime="2023-12-22T09:32:17.3496446+01:00" testType="13cdc9d9-ddb5-4fa4-a97d-d965ccfc6d4b" outcome="Passed" testListId="8c84fa94-04c1-424b-9868-57a2d4851a1d" relativeResultsDirectory="b6a82728-8957-4a1a-ac94-a01f69a2e116" />
    <UnitTestResult executionId="1ee0fd64-862d-482d-a962-a43130c8938c" testId="33693c06-087a-f3a1-d4b4-928368c2b14b" testName="OnSerializingWithArrayStringRefrenceTypes_Success" computerName="DKSR-EFI-04" duration="00:00:00.0007384" startTime="2023-12-22T09:32:17.1933946+01:00" endTime="2023-12-22T09:32:17.1933946+01:00" testType="13cdc9d9-ddb5-4fa4-a97d-d965ccfc6d4b" outcome="Passed" testListId="8c84fa94-04c1-424b-9868-57a2d4851a1d" relativeResultsDirectory="1ee0fd64-862d-482d-a962-a43130c8938c" />
    <UnitTestResult executionId="4f57819c-cc79-4839-8e1e-91be3c3bd639" testId="d05d989c-c6be-219d-c885-3eb3552876d5" testName="OnSerializingClassPropertyFullTree_Success" computerName="DKSR-EFI-04" duration="00:00:00.0072573" startTime="2023-12-22T09:32:17.1933946+01:00" endTime="2023-12-22T09:32:17.1933946+01:00" testType="13cdc9d9-ddb5-4fa4-a97d-d965ccfc6d4b" outcome="Passed" testListId="8c84fa94-04c1-424b-9868-57a2d4851a1d" relativeResultsDirectory="4f57819c-cc79-4839-8e1e-91be3c3bd639" />
    <UnitTestResult executionId="7ecb8c48-395b-43ff-ba52-09582367fb4b" testId="0a229a26-16c6-8d4d-d95d-c83efc70ac1c" testName="OnSerializingWithUnknownValueTypeRootLevel_Success" computerName="DKSR-EFI-04" duration="00:00:00.0007669" startTime="2023-12-22T09:32:17.2090210+01:00" endTime="2023-12-22T09:32:17.2090210+01:00" testType="13cdc9d9-ddb5-4fa4-a97d-d965ccfc6d4b" outcome="Passed" testListId="8c84fa94-04c1-424b-9868-57a2d4851a1d" relativeResultsDirectory="7ecb8c48-395b-43ff-ba52-09582367fb4b" />
    <UnitTestResult executionId="dbffc3ac-b43f-451c-b11c-176376153ea1" testId="f0b76e53-cc7c-7748-9728-6daa9ee04def" testName="OnDeserializedWithNullStringRefrenceTypes_Success" computerName="DKSR-EFI-04" duration="00:00:00.0002299" startTime="2023-12-22T09:32:17.2402698+01:00" endTime="2023-12-22T09:32:17.2402698+01:00" testType="13cdc9d9-ddb5-4fa4-a97d-d965ccfc6d4b" outcome="Passed" testListId="8c84fa94-04c1-424b-9868-57a2d4851a1d" relativeResultsDirectory="dbffc3ac-b43f-451c-b11c-176376153ea1" />
    <UnitTestResult executionId="a3b9c888-4810-4428-ba6b-40ea95e84543" testId="92697b63-84ef-b7db-203a-f190091e235a" testName="TestConstructor_ErrorDescription_Success" computerName="DKSR-EFI-04" duration="00:00:00.0001996" startTime="2023-12-22T09:32:17.2871471+01:00" endTime="2023-12-22T09:32:17.2871471+01:00" testType="13cdc9d9-ddb5-4fa4-a97d-d965ccfc6d4b" outcome="Passed" testListId="8c84fa94-04c1-424b-9868-57a2d4851a1d" relativeResultsDirectory="a3b9c888-4810-4428-ba6b-40ea95e84543" />
    <UnitTestResult executionId="af8b628d-918a-4997-b8b5-a409b9a7fe42" testId="e802653e-f2ed-f7c6-a5fb-e01e28492882" testName="OnDeserializedClassPropertyFullTree_Success" computerName="DKSR-EFI-04" duration="00:00:00.0031818" startTime="2023-12-22T09:32:17.2402698+01:00" endTime="2023-12-22T09:32:17.2402698+01:00" testType="13cdc9d9-ddb5-4fa4-a97d-d965ccfc6d4b" outcome="Passed" testListId="8c84fa94-04c1-424b-9868-57a2d4851a1d" relativeResultsDirectory="af8b628d-918a-4997-b8b5-a409b9a7fe42" />
    <UnitTestResult executionId="daa87244-fb3e-43ed-88e4-b0d569e03e01" testId="a197526b-8363-3cfa-d897-f9de0fdcf070" testName="CheckAllDataContractsForIUnknownDataPropertiesInterface_Success" computerName="DKSR-EFI-04" duration="00:00:00.0845073" startTime="2023-12-22T09:32:17.0996434+01:00" endTime="2023-12-22T09:32:17.1777683+01:00" testType="13cdc9d9-ddb5-4fa4-a97d-d965ccfc6d4b" outcome="Passed" testListId="8c84fa94-04c1-424b-9868-57a2d4851a1d" relativeResultsDirectory="daa87244-fb3e-43ed-88e4-b0d569e03e01" />
    <UnitTestResult executionId="acc7b195-e13f-440c-99ef-b6122ca2fdae" testId="18c95fe0-49ec-7340-ce28-f77f0bc14643" testName="TestConstructor_NoParameters_Success" computerName="DKSR-EFI-04" duration="00:00:00.0002614" startTime="2023-12-22T09:32:17.3496446+01:00" endTime="2023-12-22T09:32:17.3496446+01:00" testType="13cdc9d9-ddb5-4fa4-a97d-d965ccfc6d4b" outcome="Passed" testListId="8c84fa94-04c1-424b-9868-57a2d4851a1d" relativeResultsDirectory="acc7b195-e13f-440c-99ef-b6122ca2fdae" />
    <UnitTestResult executionId="abd6f0f4-c9d4-4f48-8ff3-c4189702cb60" testId="c2a39777-0ad8-fefd-0057-3357ef036012" testName="TestConstructor_NoParameters_Success" computerName="DKSR-EFI-04" duration="00:00:00.0006511" startTime="2023-12-22T09:32:17.2558945+01:00" endTime="2023-12-22T09:32:17.2558945+01:00" testType="13cdc9d9-ddb5-4fa4-a97d-d965ccfc6d4b" outcome="Passed" testListId="8c84fa94-04c1-424b-9868-57a2d4851a1d" relativeResultsDirectory="abd6f0f4-c9d4-4f48-8ff3-c4189702cb60" />
    <UnitTestResult executionId="4a83f9cf-3f3e-40ff-b5c3-67c8d76235c7" testId="09aac61e-00b9-e150-5c37-a82f1ca0878b" testName="TestConstructor_ErrorDescriptionAndInnerException_Success" computerName="DKSR-EFI-04" duration="00:00:00.0002823" startTime="2023-12-22T09:32:17.3340203+01:00" endTime="2023-12-22T09:32:17.3340203+01:00" testType="13cdc9d9-ddb5-4fa4-a97d-d965ccfc6d4b" outcome="Passed" testListId="8c84fa94-04c1-424b-9868-57a2d4851a1d" relativeResultsDirectory="4a83f9cf-3f3e-40ff-b5c3-67c8d76235c7" />
    <UnitTestResult executionId="2f3dcd7e-f8d1-4b59-af05-4b2ad7cb527a" testId="4bd0f159-9896-a4fd-1597-28748cd21d98" testName="TestConstructor_ErrorDescriptionInnerExceptionAndLayerId_Success" computerName="DKSR-EFI-04" duration="00:00:00.0003792" startTime="2023-12-22T09:32:17.2871471+01:00" endTime="2023-12-22T09:32:17.2871471+01:00" testType="13cdc9d9-ddb5-4fa4-a97d-d965ccfc6d4b" outcome="Passed" testListId="8c84fa94-04c1-424b-9868-57a2d4851a1d" relativeResultsDirectory="2f3dcd7e-f8d1-4b59-af05-4b2ad7cb527a" />
    <UnitTestResult executionId="09fb2a92-0e7e-43bf-8882-d1e135926858" testId="309b5967-5591-957f-758c-1c585a3a83f9" testName="TestConstructorErrorDescriptionAndInnerException" computerName="DKSR-EFI-04" duration="00:00:00.0002385" startTime="2023-12-22T09:32:17.2715198+01:00" endTime="2023-12-22T09:32:17.2715198+01:00" testType="13cdc9d9-ddb5-4fa4-a97d-d965ccfc6d4b" outcome="Passed" testListId="8c84fa94-04c1-424b-9868-57a2d4851a1d" relativeResultsDirectory="09fb2a92-0e7e-43bf-8882-d1e135926858" />
    <UnitTestResult executionId="c79a9c46-7746-4cec-8085-e245ea002727" testId="b6437183-953c-7d59-a42a-4cc2d4a19e24" testName="TestConstructor_NoParameters_Success" computerName="DKSR-EFI-04" duration="00:00:00.0002357" startTime="2023-12-22T09:32:17.3340203+01:00" endTime="2023-12-22T09:32:17.3340203+01:00" testType="13cdc9d9-ddb5-4fa4-a97d-d965ccfc6d4b" outcome="Passed" testListId="8c84fa94-04c1-424b-9868-57a2d4851a1d" relativeResultsDirectory="c79a9c46-7746-4cec-8085-e245ea002727" />
    <UnitTestResult executionId="a1b0571d-e685-46e5-89c1-040501308696" testId="8374ccfe-aa64-5418-f90e-b570eb1f8f8e" testName="TestConstructor_ErrorDescriptionAndInnerException_Success" computerName="DKSR-EFI-04" duration="00:00:00.0002532" startTime="2023-12-22T09:32:17.2715198+01:00" endTime="2023-12-22T09:32:17.2715198+01:00" testType="13cdc9d9-ddb5-4fa4-a97d-d965ccfc6d4b" outcome="Passed" testListId="8c84fa94-04c1-424b-9868-57a2d4851a1d" relativeResultsDirectory="a1b0571d-e685-46e5-89c1-040501308696" />
    <UnitTestResult executionId="15723470-6c64-4224-9dcb-9bf89e2cbcc8" testId="f7713007-f1ae-c35f-1114-7e8f84e93ed8" testName="TestConstructor_ErrorDescription_Success" computerName="DKSR-EFI-04" duration="00:00:00.0001902" startTime="2023-12-22T09:32:17.3027708+01:00" endTime="2023-12-22T09:32:17.3027708+01:00" testType="13cdc9d9-ddb5-4fa4-a97d-d965ccfc6d4b" outcome="Passed" testListId="8c84fa94-04c1-424b-9868-57a2d4851a1d" relativeResultsDirectory="15723470-6c64-4224-9dcb-9bf89e2cbcc8" />
    <UnitTestResult executionId="41f8df5c-f1a3-4b9a-812c-3f068b6679e2" testId="89db94f9-da05-009a-fdcf-deff6b001e66" testName="TestConstructor_NoParameters_Success" computerName="DKSR-EFI-04" duration="00:00:00.0003836" startTime="2023-12-22T09:32:17.3496446+01:00" endTime="2023-12-22T09:32:17.3496446+01:00" testType="13cdc9d9-ddb5-4fa4-a97d-d965ccfc6d4b" outcome="Passed" testListId="8c84fa94-04c1-424b-9868-57a2d4851a1d" relativeResultsDirectory="41f8df5c-f1a3-4b9a-812c-3f068b6679e2" />
    <UnitTestResult executionId="6862cc82-4418-4f11-94e2-c77dabccbe56" testId="f01d14db-ae66-1739-f96b-f5d13d5b2653" testName="OnDeserializedWithUnknownArrayClassPropertyNotRootLevel_Success" computerName="DKSR-EFI-04" duration="00:00:00.0015631" startTime="2023-12-22T09:32:17.2558945+01:00" endTime="2023-12-22T09:32:17.2558945+01:00" testType="13cdc9d9-ddb5-4fa4-a97d-d965ccfc6d4b" outcome="Passed" testListId="8c84fa94-04c1-424b-9868-57a2d4851a1d" relativeResultsDirectory="6862cc82-4418-4f11-94e2-c77dabccbe56" />
    <UnitTestResult executionId="446df5f4-8e2e-4371-8a17-0a5bd4d6bcee" testId="983cd1f3-5dee-cccf-20ee-82d7f5bee7cf" testName="TestConstructorErrorDescription" computerName="DKSR-EFI-04" duration="00:00:00.0001818" startTime="2023-12-22T09:32:17.2715198+01:00" endTime="2023-12-22T09:32:17.2715198+01:00" testType="13cdc9d9-ddb5-4fa4-a97d-d965ccfc6d4b" outcome="Passed" testListId="8c84fa94-04c1-424b-9868-57a2d4851a1d" relativeResultsDirectory="446df5f4-8e2e-4371-8a17-0a5bd4d6bcee" />
    <UnitTestResult executionId="a45f3e08-fa14-4895-a7a4-0c048e43e1f4" testId="84d248da-6a06-72cc-45f9-01bbeda7f19d" testName="TestConstructor_NoParameters_Success" computerName="DKSR-EFI-04" duration="00:00:00.0002346" startTime="2023-12-22T09:32:17.3496446+01:00" endTime="2023-12-22T09:32:17.3496446+01:00" testType="13cdc9d9-ddb5-4fa4-a97d-d965ccfc6d4b" outcome="Passed" testListId="8c84fa94-04c1-424b-9868-57a2d4851a1d" relativeResultsDirectory="a45f3e08-fa14-4895-a7a4-0c048e43e1f4" />
    <UnitTestResult executionId="43533dc9-c6d3-4b75-8905-454768638650" testId="3b5a222e-8087-b757-38fe-19c65e85ad9b" testName="TestConstructor_ErrorDescriptionInnerExceptionAndMapId_Success" computerName="DKSR-EFI-04" duration="00:00:00.0003321" startTime="2023-12-22T09:32:17.3027708+01:00" endTime="2023-12-22T09:32:17.3027708+01:00" testType="13cdc9d9-ddb5-4fa4-a97d-d965ccfc6d4b" outcome="Passed" testListId="8c84fa94-04c1-424b-9868-57a2d4851a1d" relativeResultsDirectory="43533dc9-c6d3-4b75-8905-454768638650" />
    <UnitTestResult executionId="5729247b-9796-4725-99f7-2a4b1a6a4ff8" testId="480811c1-6c02-e540-e71d-bf889c898b59" testName="TestConstructor_ErrorDescription_Success" computerName="DKSR-EFI-04" duration="00:00:00.0003511" startTime="2023-12-22T09:32:17.3340203+01:00" endTime="2023-12-22T09:32:17.3340203+01:00" testType="13cdc9d9-ddb5-4fa4-a97d-d965ccfc6d4b" outcome="Passed" testListId="8c84fa94-04c1-424b-9868-57a2d4851a1d" relativeResultsDirectory="5729247b-9796-4725-99f7-2a4b1a6a4ff8" />
    <UnitTestResult executionId="59ca272c-d528-46aa-893b-4717f83e09b7" testId="ea71d23a-1026-ea2c-f1e2-50eac38dac0d" testName="TestConstructor_ErrorDescriptionAndInnerException_Success" computerName="DKSR-EFI-04" duration="00:00:00.0002534" startTime="2023-12-22T09:32:17.2871471+01:00" endTime="2023-12-22T09:32:17.2871471+01:00" testType="13cdc9d9-ddb5-4fa4-a97d-d965ccfc6d4b" outcome="Passed" testListId="8c84fa94-04c1-424b-9868-57a2d4851a1d" relativeResultsDirectory="59ca272c-d528-46aa-893b-4717f83e09b7" />
    <UnitTestResult executionId="96c4d61a-997b-4da0-afd9-743aa516788e" testId="009013d5-fea3-af91-9eb7-d87eadc466fd" testName="TestConstructor_ViewPointId_Success" computerName="DKSR-EFI-04" duration="00:00:00.0003587" startTime="2023-12-22T09:32:17.3496446+01:00" endTime="2023-12-22T09:32:17.3496446+01:00" testType="13cdc9d9-ddb5-4fa4-a97d-d965ccfc6d4b" outcome="Passed" testListId="8c84fa94-04c1-424b-9868-57a2d4851a1d" relativeResultsDirectory="96c4d61a-997b-4da0-afd9-743aa516788e" />
    <UnitTestResult executionId="4e0256fc-dffe-4f88-91ec-0bb04ea0d43e" testId="ff1589c0-3b3d-31e7-bf1b-90ee55b237ec" testName="TestConstructor_ErrorDescription_Success" computerName="DKSR-EFI-04" duration="00:00:00.0002086" startTime="2023-12-22T09:32:17.3183954+01:00" endTime="2023-12-22T09:32:17.3183954+01:00" testType="13cdc9d9-ddb5-4fa4-a97d-d965ccfc6d4b" outcome="Passed" testListId="8c84fa94-04c1-424b-9868-57a2d4851a1d" relativeResultsDirectory="4e0256fc-dffe-4f88-91ec-0bb04ea0d43e" />
    <UnitTestResult executionId="3f9028ff-27b7-4f58-931d-1519639e6844" testId="5e020671-df3b-8924-3300-17b048ed033b" testName="TestConstructor_ErrorDescriptionInnerExceptionAndBuildingId_Success" computerName="DKSR-EFI-04" duration="00:00:00.0004360" startTime="2023-12-22T09:32:17.2715198+01:00" endTime="2023-12-22T09:32:17.2715198+01:00" testType="13cdc9d9-ddb5-4fa4-a97d-d965ccfc6d4b" outcome="Passed" testListId="8c84fa94-04c1-424b-9868-57a2d4851a1d" relativeResultsDirectory="3f9028ff-27b7-4f58-931d-1519639e6844" />
    <UnitTestResult executionId="add912b6-b176-4e87-bf86-e6bc51ac73ae" testId="da74c1fb-d050-254a-d8cd-b13361d66545" testName="TestAttributeExists_Success" computerName="DKSR-EFI-04" duration="00:00:00.0008948" startTime="2023-12-22T09:32:17.3027708+01:00" endTime="2023-12-22T09:32:17.3027708+01:00" testType="13cdc9d9-ddb5-4fa4-a97d-d965ccfc6d4b" outcome="Passed" testListId="8c84fa94-04c1-424b-9868-57a2d4851a1d" relativeResultsDirectory="add912b6-b176-4e87-bf86-e6bc51ac73ae" />
    <UnitTestResult executionId="f6d12b59-9b9f-46a9-b374-d2f274e07a87" testId="30ca6209-6922-5367-0168-f91ffe6b8b66" testName="TestAttributeExists_Success" computerName="DKSR-EFI-04" duration="00:00:00.0030816" startTime="2023-12-22T09:32:17.2558945+01:00" endTime="2023-12-22T09:32:17.2715198+01:00" testType="13cdc9d9-ddb5-4fa4-a97d-d965ccfc6d4b" outcome="Passed" testListId="8c84fa94-04c1-424b-9868-57a2d4851a1d" relativeResultsDirectory="f6d12b59-9b9f-46a9-b374-d2f274e07a87" />
    <UnitTestResult executionId="68e0a187-cbd6-4aaa-9e58-de0888b6beb6" testId="cdb81642-ea0b-a3d0-9125-47311a6a6119" testName="TestConstructor_ErrorDescription_Success" computerName="DKSR-EFI-04" duration="00:00:00.0002328" startTime="2023-12-22T09:32:17.3027708+01:00" endTime="2023-12-22T09:32:17.3027708+01:00" testType="13cdc9d9-ddb5-4fa4-a97d-d965ccfc6d4b" outcome="Passed" testListId="8c84fa94-04c1-424b-9868-57a2d4851a1d" relativeResultsDirectory="68e0a187-cbd6-4aaa-9e58-de0888b6beb6" />
    <UnitTestResult executionId="2b99f613-9736-4d10-9a15-15f407c2f2b1" testId="bb5aac5c-9e31-e153-955d-dda6c3cd8a29" testName="TestAttributeExists_Success" computerName="DKSR-EFI-04" duration="00:00:00.0008772" startTime="2023-12-22T09:32:17.3496446+01:00" endTime="2023-12-22T09:32:17.3496446+01:00" testType="13cdc9d9-ddb5-4fa4-a97d-d965ccfc6d4b" outcome="Passed" testListId="8c84fa94-04c1-424b-9868-57a2d4851a1d" relativeResultsDirectory="2b99f613-9736-4d10-9a15-15f407c2f2b1" />
    <UnitTestResult executionId="6ec0ec1f-1f98-44fd-a9ca-778528e9ece7" testId="6690a5e5-55ea-006e-2746-8035f4f1552a" testName="TestConstructor_ErrorDescriptionAndInnerException_Success" computerName="DKSR-EFI-04" duration="00:00:00.0002692" startTime="2023-12-22T09:32:17.3496446+01:00" endTime="2023-12-22T09:32:17.3496446+01:00" testType="13cdc9d9-ddb5-4fa4-a97d-d965ccfc6d4b" outcome="Passed" testListId="8c84fa94-04c1-424b-9868-57a2d4851a1d" relativeResultsDirectory="6ec0ec1f-1f98-44fd-a9ca-778528e9ece7" />
    <UnitTestResult executionId="7e0233a0-8512-46fe-a15d-266088b32207" testId="4975163f-e2a2-98dd-c14a-2c4a0100004f" testName="TestConstructor_NoParameters_Success" computerName="DKSR-EFI-04" duration="00:00:00.0002339" startTime="2023-12-22T09:32:17.3496446+01:00" endTime="2023-12-22T09:32:17.3496446+01:00" testType="13cdc9d9-ddb5-4fa4-a97d-d965ccfc6d4b" outcome="Passed" testListId="8c84fa94-04c1-424b-9868-57a2d4851a1d" relativeResultsDirectory="7e0233a0-8512-46fe-a15d-266088b32207" />
    <UnitTestResult executionId="a47d06ac-29f8-4db5-8faa-3a26365ca717" testId="28373339-424d-4fa5-b1a9-7715725e7339" testName="TestAttributeExists_Success" computerName="DKSR-EFI-04" duration="00:00:00.0008231" startTime="2023-12-22T09:32:17.2715198+01:00" endTime="2023-12-22T09:32:17.2715198+01:00" testType="13cdc9d9-ddb5-4fa4-a97d-d965ccfc6d4b" outcome="Passed" testListId="8c84fa94-04c1-424b-9868-57a2d4851a1d" relativeResultsDirectory="a47d06ac-29f8-4db5-8faa-3a26365ca717" />
    <UnitTestResult executionId="5635f45b-eccb-4ab5-9670-dfd05f6e6332" testId="c24c28c7-9433-8c3c-0318-acd1909dbbfc" testName="OnSerializingWithArrayValueTypes_Success" computerName="DKSR-EFI-04" duration="00:00:00.0017125" startTime="2023-12-22T09:32:17.1933946+01:00" endTime="2023-12-22T09:32:17.1933946+01:00" testType="13cdc9d9-ddb5-4fa4-a97d-d965ccfc6d4b" outcome="Passed" testListId="8c84fa94-04c1-424b-9868-57a2d4851a1d" relativeResultsDirectory="5635f45b-eccb-4ab5-9670-dfd05f6e6332" />
    <UnitTestResult executionId="cbce68f6-b435-49f1-b356-0f4ed8c2f63c" testId="f866f2e4-459a-2239-c4e5-97d252abda62" testName="TestConstructor_ErrorDescriptionAndViewPointId_Success" computerName="DKSR-EFI-04" duration="00:00:00.0003109" startTime="2023-12-22T09:32:17.3496446+01:00" endTime="2023-12-22T09:32:17.3496446+01:00" testType="13cdc9d9-ddb5-4fa4-a97d-d965ccfc6d4b" outcome="Passed" testListId="8c84fa94-04c1-424b-9868-57a2d4851a1d" relativeResultsDirectory="cbce68f6-b435-49f1-b356-0f4ed8c2f63c" />
    <UnitTestResult executionId="aaa90c9c-67cf-46fa-b91a-31334e64e3dd" testId="53a5fcc8-b550-2ee9-ab98-5559f531eb74" testName="TestConstructor_ErrorDescription_Success" computerName="DKSR-EFI-04" duration="00:00:00.0001885" startTime="2023-12-22T09:32:17.3496446+01:00" endTime="2023-12-22T09:32:17.3496446+01:00" testType="13cdc9d9-ddb5-4fa4-a97d-d965ccfc6d4b" outcome="Passed" testListId="8c84fa94-04c1-424b-9868-57a2d4851a1d" relativeResultsDirectory="aaa90c9c-67cf-46fa-b91a-31334e64e3dd" />
    <UnitTestResult executionId="78aa519e-9435-4350-989a-7c464e6cdd3f" testId="b8f5e07c-999a-e6f5-8468-ed22e1a19fb2" testName="TestConstructor_NoParameters_Success" computerName="DKSR-EFI-04" duration="00:00:00.0007881" startTime="2023-12-22T09:32:17.3340203+01:00" endTime="2023-12-22T09:32:17.3340203+01:00" testType="13cdc9d9-ddb5-4fa4-a97d-d965ccfc6d4b" outcome="Passed" testListId="8c84fa94-04c1-424b-9868-57a2d4851a1d" relativeResultsDirectory="78aa519e-9435-4350-989a-7c464e6cdd3f" />
    <UnitTestResult executionId="d27ae9ce-9f72-45a4-a395-17cc43b1f006" testId="68f86fb5-457e-33c8-a227-fb3fb0b55b27" testName="TestConstructor_NoParameters_Success" computerName="DKSR-EFI-04" duration="00:00:00.0002269" startTime="2023-12-22T09:32:17.2871471+01:00" endTime="2023-12-22T09:32:17.2871471+01:00" testType="13cdc9d9-ddb5-4fa4-a97d-d965ccfc6d4b" outcome="Passed" testListId="8c84fa94-04c1-424b-9868-57a2d4851a1d" relativeResultsDirectory="d27ae9ce-9f72-45a4-a395-17cc43b1f006" />
    <UnitTestResult executionId="3a0addbe-45ed-4a18-b9b8-ba7e35973892" testId="635105b3-b470-2f08-fc44-9f29c4bfd7f6" testName="TestConstructor_NoParameters_Success" computerName="DKSR-EFI-04" duration="00:00:00.0002627" startTime="2023-12-22T09:32:17.3183954+01:00" endTime="2023-12-22T09:32:17.3183954+01:00" testType="13cdc9d9-ddb5-4fa4-a97d-d965ccfc6d4b" outcome="Passed" testListId="8c84fa94-04c1-424b-9868-57a2d4851a1d" relativeResultsDirectory="3a0addbe-45ed-4a18-b9b8-ba7e35973892" />
    <UnitTestResult executionId="517a72e1-5a07-4f4a-9cb7-b7d6fb75e973" testId="3d3e5d00-fe6d-eaa1-184f-d87c1b5b6276" testName="TestCopyMatchingProperties_CopyDeclaredOnlyType2PropertiesToType1_Success" computerName="DKSR-EFI-04" duration="00:00:00.0011420" startTime="2023-12-22T09:32:17.0840203+01:00" endTime="2023-12-22T09:32:17.0840203+01:00" testType="13cdc9d9-ddb5-4fa4-a97d-d965ccfc6d4b" outcome="Passed" testListId="8c84fa94-04c1-424b-9868-57a2d4851a1d" relativeResultsDirectory="517a72e1-5a07-4f4a-9cb7-b7d6fb75e973" />
    <UnitTestResult executionId="2f4e88aa-f2cb-4b76-ae0c-0d74fd27c6c8" testId="7f2a4e61-7aea-02bf-432d-46d9066bb1ba" testName="TestAttributeExists_Success" computerName="DKSR-EFI-04" duration="00:00:00.0008300" startTime="2023-12-22T09:32:17.3496446+01:00" endTime="2023-12-22T09:32:17.3496446+01:00" testType="13cdc9d9-ddb5-4fa4-a97d-d965ccfc6d4b" outcome="Passed" testListId="8c84fa94-04c1-424b-9868-57a2d4851a1d" relativeResultsDirectory="2f4e88aa-f2cb-4b76-ae0c-0d74fd27c6c8" />
    <UnitTestResult executionId="c2e89d2a-7fac-4bd5-80e1-3a317f4ceb15" testId="ab023b5e-edf5-d1ff-95c4-4dae2c305106" testName="TestConstructorErrorDescriptionErrorReasonAndInnerException" computerName="DKSR-EFI-04" duration="00:00:00.0001793" startTime="2023-12-22T09:32:17.2715198+01:00" endTime="2023-12-22T09:32:17.2715198+01:00" testType="13cdc9d9-ddb5-4fa4-a97d-d965ccfc6d4b" outcome="Passed" testListId="8c84fa94-04c1-424b-9868-57a2d4851a1d" relativeResultsDirectory="c2e89d2a-7fac-4bd5-80e1-3a317f4ceb15" />
    <UnitTestResult executionId="333120b3-355e-49ad-9eb8-1c679f3b19d6" testId="afb3bdd0-0f99-d747-7bae-de50bf6b9b89" testName="TestConstructor_ErrorDescriptionAndInnerException_Success" computerName="DKSR-EFI-04" duration="00:00:00.0003139" startTime="2023-12-22T09:32:17.2715198+01:00" endTime="2023-12-22T09:32:17.2715198+01:00" testType="13cdc9d9-ddb5-4fa4-a97d-d965ccfc6d4b" outcome="Passed" testListId="8c84fa94-04c1-424b-9868-57a2d4851a1d" relativeResultsDirectory="333120b3-355e-49ad-9eb8-1c679f3b19d6" />
    <UnitTestResult executionId="cc645865-db5f-415e-90fc-a5741dd2ec51" testId="10c01568-98c2-f651-4062-0ab025fe90b9" testName="TestConstructor_RepositoryId_Success" computerName="DKSR-EFI-04" duration="00:00:00.0002923" startTime="2023-12-22T09:32:17.3340203+01:00" endTime="2023-12-22T09:32:17.3340203+01:00" testType="13cdc9d9-ddb5-4fa4-a97d-d965ccfc6d4b" outcome="Passed" testListId="8c84fa94-04c1-424b-9868-57a2d4851a1d" relativeResultsDirectory="cc645865-db5f-415e-90fc-a5741dd2ec51" />
    <UnitTestResult executionId="236e3a29-1710-4b8e-859c-9c524fc11963" testId="552d887d-3c8c-5d22-5fc7-acb212ea98a5" testName="LayerModifiersUtil_IsGeographic_Set_Success" computerName="DKSR-EFI-04" duration="00:00:00.0002090" startTime="2023-12-22T09:32:17.0840203+01:00" endTime="2023-12-22T09:32:17.0840203+01:00" testType="13cdc9d9-ddb5-4fa4-a97d-d965ccfc6d4b" outcome="Passed" testListId="8c84fa94-04c1-424b-9868-57a2d4851a1d" relativeResultsDirectory="236e3a29-1710-4b8e-859c-9c524fc11963" />
    <UnitTestResult executionId="959f8a21-4674-4e19-8fe7-e7bf8ab53e98" testId="20aebe3e-4510-5727-c483-614a7d667a4e" testName="TestConstructor_ErrorDescriptionAndInnerException_Success" computerName="DKSR-EFI-04" duration="00:00:00.0002521" startTime="2023-12-22T09:32:17.3027708+01:00" endTime="2023-12-22T09:32:17.3027708+01:00" testType="13cdc9d9-ddb5-4fa4-a97d-d965ccfc6d4b" outcome="Passed" testListId="8c84fa94-04c1-424b-9868-57a2d4851a1d" relativeResultsDirectory="959f8a21-4674-4e19-8fe7-e7bf8ab53e98" />
    <UnitTestResult executionId="2b212f2a-be2a-4a68-8b2a-628d5c092afb" testId="097e3290-628c-79f1-298b-e467814955d1" testName="TestConstructor_ErrorDescription_Success" computerName="DKSR-EFI-04" duration="00:00:00.0001892" startTime="2023-12-22T09:32:17.3496446+01:00" endTime="2023-12-22T09:32:17.3496446+01:00" testType="13cdc9d9-ddb5-4fa4-a97d-d965ccfc6d4b" outcome="Passed" testListId="8c84fa94-04c1-424b-9868-57a2d4851a1d" relativeResultsDirectory="2b212f2a-be2a-4a68-8b2a-628d5c092afb" />
    <UnitTestResult executionId="688f5df1-9251-4b1f-91b8-c131893dddac" testId="a55ddb66-42e1-5812-aeda-1ccb1a6ac5e6" testName="TestConstructor_NoParameters_Success" computerName="DKSR-EFI-04" duration="00:00:00.0003986" startTime="2023-12-22T09:32:17.3027708+01:00" endTime="2023-12-22T09:32:17.3027708+01:00" testType="13cdc9d9-ddb5-4fa4-a97d-d965ccfc6d4b" outcome="Passed" testListId="8c84fa94-04c1-424b-9868-57a2d4851a1d" relativeResultsDirectory="688f5df1-9251-4b1f-91b8-c131893dddac" />
    <UnitTestResult executionId="2b296eb8-3642-43da-971a-71c3a5b3b3ea" testId="743ebe21-74d1-294d-ab97-8ad88d88a47a" testName="TestConstructorErrorDescriptionAndInnerException" computerName="DKSR-EFI-04" duration="00:00:00.0002613" startTime="2023-12-22T09:32:17.2715198+01:00" endTime="2023-12-22T09:32:17.2715198+01:00" testType="13cdc9d9-ddb5-4fa4-a97d-d965ccfc6d4b" outcome="Passed" testListId="8c84fa94-04c1-424b-9868-57a2d4851a1d" relativeResultsDirectory="2b296eb8-3642-43da-971a-71c3a5b3b3ea" />
    <UnitTestResult executionId="01132f8a-6de0-42f1-a652-3828a7c3dd96" testId="18415cb1-f30b-1a53-2bfa-913f36be6b9f" testName="TestAttributeExists_Success" computerName="DKSR-EFI-04" duration="00:00:00.0008698" startTime="2023-12-22T09:32:17.3340203+01:00" endTime="2023-12-22T09:32:17.3340203+01:00" testType="13cdc9d9-ddb5-4fa4-a97d-d965ccfc6d4b" outcome="Passed" testListId="8c84fa94-04c1-424b-9868-57a2d4851a1d" relativeResultsDirectory="01132f8a-6de0-42f1-a652-3828a7c3dd96" />
    <UnitTestResult executionId="19baab86-86d9-4d19-9fc4-9fcd98132a7e" testId="528197dd-d3f1-c776-dfa6-b0912a60f0a8" testName="OnDeserializedWithUnknownClassPropertyNotRootLevel_Success" computerName="DKSR-EFI-04" duration="00:00:00.0016494" startTime="2023-12-22T09:32:17.2558945+01:00" endTime="2023-12-22T09:32:17.2558945+01:00" testType="13cdc9d9-ddb5-4fa4-a97d-d965ccfc6d4b" outcome="Passed" testListId="8c84fa94-04c1-424b-9868-57a2d4851a1d" relativeResultsDirectory="19baab86-86d9-4d19-9fc4-9fcd98132a7e" />
    <UnitTestResult executionId="281d1dd1-40d3-48f0-869b-a7abf5ec955b" testId="8b101637-b7dd-d631-f32d-e18673f192b9" testName="TestConstructor_ErrorDescriptionInnerExceptionAndItemId_Success" computerName="DKSR-EFI-04" duration="00:00:00.0003717" startTime="2023-12-22T09:32:17.2871471+01:00" endTime="2023-12-22T09:32:17.2871471+01:00" testType="13cdc9d9-ddb5-4fa4-a97d-d965ccfc6d4b" outcome="Passed" testListId="8c84fa94-04c1-424b-9868-57a2d4851a1d" relativeResultsDirectory="281d1dd1-40d3-48f0-869b-a7abf5ec955b" />
    <UnitTestResult executionId="52d5781d-da23-4987-b19f-7795ca137d90" testId="20dc8e45-031a-2048-62d0-602902b8d973" testName="TestCopyMatchingProperties_CopyInheritedType2PropertiesToType1_Success" computerName="DKSR-EFI-04" duration="00:00:00.0017152" startTime="2023-12-22T09:32:17.0840203+01:00" endTime="2023-12-22T09:32:17.0840203+01:00" testType="13cdc9d9-ddb5-4fa4-a97d-d965ccfc6d4b" outcome="Passed" testListId="8c84fa94-04c1-424b-9868-57a2d4851a1d" relativeResultsDirectory="52d5781d-da23-4987-b19f-7795ca137d90" />
    <UnitTestResult executionId="f3e2724a-c812-4a54-a8e0-aeaa331399b3" testId="8a18b369-b564-de78-237f-e905d4c9f3c9" testName="TestConstructor_ErrorDescriptionAndInnerException_Success" computerName="DKSR-EFI-04" duration="00:00:00.0003071" startTime="2023-12-22T09:32:17.3027708+01:00" endTime="2023-12-22T09:32:17.3027708+01:00" testType="13cdc9d9-ddb5-4fa4-a97d-d965ccfc6d4b" outcome="Passed" testListId="8c84fa94-04c1-424b-9868-57a2d4851a1d" relativeResultsDirectory="f3e2724a-c812-4a54-a8e0-aeaa331399b3" />
    <UnitTestResult executionId="75e7adfd-5b72-4da2-92d0-805afc69b037" testId="7cd06677-8dee-eb99-412a-eda01e5da3a1" testName="TestConstructor_ErrorDescriptionAndInnerException_Success" computerName="DKSR-EFI-04" duration="00:00:00.0002730" startTime="2023-12-22T09:32:17.2871471+01:00" endTime="2023-12-22T09:32:17.2871471+01:00" testType="13cdc9d9-ddb5-4fa4-a97d-d965ccfc6d4b" outcome="Passed" testListId="8c84fa94-04c1-424b-9868-57a2d4851a1d" relativeResultsDirectory="75e7adfd-5b72-4da2-92d0-805afc69b037" />
    <UnitTestResult executionId="89f228fa-306d-4011-828e-3373e6a3eacb" testId="9dae148e-8f2c-6058-7353-33e92fc4f3e9" testName="TestConstructor_ErrorDescriptionAndBuildingId_Success" computerName="DKSR-EFI-04" duration="00:00:00.0002848" startTime="2023-12-22T09:32:17.3027708+01:00" endTime="2023-12-22T09:32:17.3027708+01:00" testType="13cdc9d9-ddb5-4fa4-a97d-d965ccfc6d4b" outcome="Passed" testListId="8c84fa94-04c1-424b-9868-57a2d4851a1d" relativeResultsDirectory="89f228fa-306d-4011-828e-3373e6a3eacb" />
    <UnitTestResult executionId="dd738d35-97ec-4ceb-95d3-44ba202c8321" testId="3b6c1610-deaf-f64a-248d-1d720f04042d" testName="TestConstructor_ErrorDescriptionAndInnerException_Success" computerName="DKSR-EFI-04" duration="00:00:00.0002330" startTime="2023-12-22T09:32:17.3027708+01:00" endTime="2023-12-22T09:32:17.3027708+01:00" testType="13cdc9d9-ddb5-4fa4-a97d-d965ccfc6d4b" outcome="Passed" testListId="8c84fa94-04c1-424b-9868-57a2d4851a1d" relativeResultsDirectory="dd738d35-97ec-4ceb-95d3-44ba202c8321" />
    <UnitTestResult executionId="82435ccc-5cad-45a5-a5bf-7c9d5afd662d" testId="9cb65467-c4f2-4545-39c9-b37964cf6c6f" testName="TestCopyMatchingProperties_Type1NotSourceType_Failure" computerName="DKSR-EFI-04" duration="00:00:00.0033254" startTime="2023-12-22T09:32:17.0840203+01:00" endTime="2023-12-22T09:32:17.0840203+01:00" testType="13cdc9d9-ddb5-4fa4-a97d-d965ccfc6d4b" outcome="Passed" testListId="8c84fa94-04c1-424b-9868-57a2d4851a1d" relativeResultsDirectory="82435ccc-5cad-45a5-a5bf-7c9d5afd662d" />
    <UnitTestResult executionId="52d2a0e4-58f1-4d26-a903-53dda0dd216d" testId="d6d917e7-2336-9291-8c8f-e7abd98f970a" testName="TestConstructor_ErrorDescription_Success" computerName="DKSR-EFI-04" duration="00:00:00.0002521" startTime="2023-12-22T09:32:17.2871471+01:00" endTime="2023-12-22T09:32:17.2871471+01:00" testType="13cdc9d9-ddb5-4fa4-a97d-d965ccfc6d4b" outcome="Passed" testListId="8c84fa94-04c1-424b-9868-57a2d4851a1d" relativeResultsDirectory="52d2a0e4-58f1-4d26-a903-53dda0dd216d" />
    <UnitTestResult executionId="76805161-ef90-4d52-b369-2cfd98062047" testId="62159787-4524-b94c-85db-4443daf6e58b" testName="TestConstructor_ErrorDescriptionAndBuildingId_Success" computerName="DKSR-EFI-04" duration="00:00:00.0003071" startTime="2023-12-22T09:32:17.2715198+01:00" endTime="2023-12-22T09:32:17.2715198+01:00" testType="13cdc9d9-ddb5-4fa4-a97d-d965ccfc6d4b" outcome="Passed" testListId="8c84fa94-04c1-424b-9868-57a2d4851a1d" relativeResultsDirectory="76805161-ef90-4d52-b369-2cfd98062047" />
    <UnitTestResult executionId="988fa43b-0210-4d19-a3b6-8e87a4f23e38" testId="fb6f57a1-5272-f30b-b7e2-9c0ad25cd45b" testName="LayerModifiersUtil_IsGeographic_Read_Success" computerName="DKSR-EFI-04" duration="00:00:00.0003170" startTime="2023-12-22T09:32:17.0840203+01:00" endTime="2023-12-22T09:32:17.0840203+01:00" testType="13cdc9d9-ddb5-4fa4-a97d-d965ccfc6d4b" outcome="Passed" testListId="8c84fa94-04c1-424b-9868-57a2d4851a1d" relativeResultsDirectory="988fa43b-0210-4d19-a3b6-8e87a4f23e38" />
    <UnitTestResult executionId="a9616b8b-1c8d-40c1-8ab1-7fcb2938d521" testId="26db9ca3-2a8f-4ae7-4a54-9eb6f6f69514" testName="TestAttributeExists_Success" computerName="DKSR-EFI-04" duration="00:00:00.0010174" startTime="2023-12-22T09:32:17.3340203+01:00" endTime="2023-12-22T09:32:17.3340203+01:00" testType="13cdc9d9-ddb5-4fa4-a97d-d965ccfc6d4b" outcome="Passed" testListId="8c84fa94-04c1-424b-9868-57a2d4851a1d" relativeResultsDirectory="a9616b8b-1c8d-40c1-8ab1-7fcb2938d521" />
    <UnitTestResult executionId="592f3cd3-6b23-4563-8673-af9ba97d961d" testId="75f1ef40-284a-e0e3-d3c6-0f3aebb56444" testName="TestConstructor_NoParameters_Success" computerName="DKSR-EFI-04" duration="00:00:00.0002395" startTime="2023-12-22T09:32:17.2715198+01:00" endTime="2023-12-22T09:32:17.2715198+01:00" testType="13cdc9d9-ddb5-4fa4-a97d-d965ccfc6d4b" outcome="Passed" testListId="8c84fa94-04c1-424b-9868-57a2d4851a1d" relativeResultsDirectory="592f3cd3-6b23-4563-8673-af9ba97d961d" />
    <UnitTestResult executionId="d5e3663c-ec82-4fe8-aa5d-241b5ba06aff" testId="f0945819-a243-b646-8f75-0e857c4da7fc" testName="TestCopyMatchingProperties_CopyDeclaredOnlyType1PropertiesToType2_Success" computerName="DKSR-EFI-04" duration="00:00:00.0012863" startTime="2023-12-22T09:32:17.0840203+01:00" endTime="2023-12-22T09:32:17.0840203+01:00" testType="13cdc9d9-ddb5-4fa4-a97d-d965ccfc6d4b" outcome="Passed" testListId="8c84fa94-04c1-424b-9868-57a2d4851a1d" relativeResultsDirectory="d5e3663c-ec82-4fe8-aa5d-241b5ba06aff" />
    <UnitTestResult executionId="226bd055-16e2-42ab-9e28-644fda3b95e8" testId="8ec5d7f7-1b49-9ed3-d00e-af262c17469d" testName="TestConstructor_NoParameters_Success" computerName="DKSR-EFI-04" duration="00:00:00.0006121" startTime="2023-12-22T09:32:17.2715198+01:00" endTime="2023-12-22T09:32:17.2715198+01:00" testType="13cdc9d9-ddb5-4fa4-a97d-d965ccfc6d4b" outcome="Passed" testListId="8c84fa94-04c1-424b-9868-57a2d4851a1d" relativeResultsDirectory="226bd055-16e2-42ab-9e28-644fda3b95e8" />
    <UnitTestResult executionId="ba157c48-046b-4343-aa04-66f886811a1e" testId="48a63da7-c29c-2c58-db40-489bb2805b1d" testName="OnSerializingWithClassArrayContainerNull" computerName="DKSR-EFI-04" duration="00:00:00.0019676" startTime="2023-12-22T09:32:17.2090210+01:00" endTime="2023-12-22T09:32:17.2090210+01:00" testType="13cdc9d9-ddb5-4fa4-a97d-d965ccfc6d4b" outcome="Passed" testListId="8c84fa94-04c1-424b-9868-57a2d4851a1d" relativeResultsDirectory="ba157c48-046b-4343-aa04-66f886811a1e" />
    <UnitTestResult executionId="0cb8cfb3-a85b-4e41-ac0f-14f0e8ab31a8" testId="7d6278e6-9b80-4a7f-182f-c03d036ad28d" testName="TestConstructorNoParameters" computerName="DKSR-EFI-04" duration="00:00:00.0002236" startTime="2023-12-22T09:32:17.2715198+01:00" endTime="2023-12-22T09:32:17.2715198+01:00" testType="13cdc9d9-ddb5-4fa4-a97d-d965ccfc6d4b" outcome="Passed" testListId="8c84fa94-04c1-424b-9868-57a2d4851a1d" relativeResultsDirectory="0cb8cfb3-a85b-4e41-ac0f-14f0e8ab31a8" />
    <UnitTestResult executionId="d756d2c5-5a02-4126-a79d-6fd74558612e" testId="3a2b1bad-0152-208e-122a-993b408719f7" testName="TestConstructor_ErrorDescriptionAndInnerException_Success" computerName="DKSR-EFI-04" duration="00:00:00.0002633" startTime="2023-12-22T09:32:17.3340203+01:00" endTime="2023-12-22T09:32:17.3340203+01:00" testType="13cdc9d9-ddb5-4fa4-a97d-d965ccfc6d4b" outcome="Passed" testListId="8c84fa94-04c1-424b-9868-57a2d4851a1d" relativeResultsDirectory="d756d2c5-5a02-4126-a79d-6fd74558612e" />
    <UnitTestResult executionId="7885cde8-a00a-4726-bdb9-ddbbbe445825" testId="4ff28219-9499-01b7-e059-536dcd81e10f" testName="TestConstructor_NoParameters_Success" computerName="DKSR-EFI-04" duration="00:00:00.0002344" startTime="2023-12-22T09:32:17.2715198+01:00" endTime="2023-12-22T09:32:17.2715198+01:00" testType="13cdc9d9-ddb5-4fa4-a97d-d965ccfc6d4b" outcome="Passed" testListId="8c84fa94-04c1-424b-9868-57a2d4851a1d" relativeResultsDirectory="7885cde8-a00a-4726-bdb9-ddbbbe445825" />
    <UnitTestResult executionId="e94adfde-ec33-4bbc-b5a5-407fa391a424" testId="11dc1696-abf2-582d-6c14-3c3ec02b0b90" testName="TestConstructor_ErrorDescription_Success" computerName="DKSR-EFI-04" duration="00:00:00.0002117" startTime="2023-12-22T09:32:17.2871471+01:00" endTime="2023-12-22T09:32:17.2871471+01:00" testType="13cdc9d9-ddb5-4fa4-a97d-d965ccfc6d4b" outcome="Passed" testListId="8c84fa94-04c1-424b-9868-57a2d4851a1d" relativeResultsDirectory="e94adfde-ec33-4bbc-b5a5-407fa391a424" />
    <UnitTestResult executionId="dd140c73-f1cb-423c-aba9-dc892c0ceb68" testId="5f66a694-24a9-8fe8-709a-d2e4e28abe92" testName="TestConstructor_ErrorDescriptionAndInnerException_Success" computerName="DKSR-EFI-04" duration="00:00:00.0003291" startTime="2023-12-22T09:32:17.3340203+01:00" endTime="2023-12-22T09:32:17.3340203+01:00" testType="13cdc9d9-ddb5-4fa4-a97d-d965ccfc6d4b" outcome="Passed" testListId="8c84fa94-04c1-424b-9868-57a2d4851a1d" relativeResultsDirectory="dd140c73-f1cb-423c-aba9-dc892c0ceb68" />
    <UnitTestResult executionId="876be07e-921b-4535-b8c3-fffc800d27d1" testId="853b350e-fcee-0b8c-6fe2-83301fd0bf0f" testName="TestConstructor_ErrorDescription_Success" computerName="DKSR-EFI-04" duration="00:00:00.0001867" startTime="2023-12-22T09:32:17.3340203+01:00" endTime="2023-12-22T09:32:17.3340203+01:00" testType="13cdc9d9-ddb5-4fa4-a97d-d965ccfc6d4b" outcome="Passed" testListId="8c84fa94-04c1-424b-9868-57a2d4851a1d" relativeResultsDirectory="876be07e-921b-4535-b8c3-fffc800d27d1" />
    <UnitTestResult executionId="f6f33747-00e9-463c-98e5-98a7f44b522f" testId="f48319ab-decd-3d5b-168c-0dab4b1ab9bf" testName="TestConstructor_ErrorDescriptionAndInnerException_Success" computerName="DKSR-EFI-04" duration="00:00:00.0002627" startTime="2023-12-22T09:32:17.3496446+01:00" endTime="2023-12-22T09:32:17.3496446+01:00" testType="13cdc9d9-ddb5-4fa4-a97d-d965ccfc6d4b" outcome="Passed" testListId="8c84fa94-04c1-424b-9868-57a2d4851a1d" relativeResultsDirectory="f6f33747-00e9-463c-98e5-98a7f44b522f" />
    <UnitTestResult executionId="0bd42144-d604-4c62-9e72-a592b8cbd293" testId="acee9974-f93a-f84c-51bf-9aae43ff78e0" testName="OnDeserializedWithStringRefrenceTypes_Success" computerName="DKSR-EFI-04" duration="00:00:00.0002238" startTime="2023-12-22T09:32:17.2402698+01:00" endTime="2023-12-22T09:32:17.2402698+01:00" testType="13cdc9d9-ddb5-4fa4-a97d-d965ccfc6d4b" outcome="Passed" testListId="8c84fa94-04c1-424b-9868-57a2d4851a1d" relativeResultsDirectory="0bd42144-d604-4c62-9e72-a592b8cbd293" />
    <UnitTestResult executionId="4d742081-6e95-41b4-abca-6118065ab101" testId="5124fb47-994c-706e-1ac8-9ad3e825c8f1" testName="TestForUniqueDataContracts_Success" computerName="DKSR-EFI-04" duration="00:00:00.0037698" startTime="2023-12-22T09:32:17.2558945+01:00" endTime="2023-12-22T09:32:17.2558945+01:00" testType="13cdc9d9-ddb5-4fa4-a97d-d965ccfc6d4b" outcome="Passed" testListId="8c84fa94-04c1-424b-9868-57a2d4851a1d" relativeResultsDirectory="4d742081-6e95-41b4-abca-6118065ab101" />
    <UnitTestResult executionId="ae105a38-f5df-4ee4-9ff4-7b432d870e74" testId="6e634b16-6e1f-4e04-489c-46e2b5a78bc9" testName="OnDeserializedWithArrayValueTypes_Success" computerName="DKSR-EFI-04" duration="00:00:00.0007532" startTime="2023-12-22T09:32:17.2402698+01:00" endTime="2023-12-22T09:32:17.2402698+01:00" testType="13cdc9d9-ddb5-4fa4-a97d-d965ccfc6d4b" outcome="Passed" testListId="8c84fa94-04c1-424b-9868-57a2d4851a1d" relativeResultsDirectory="ae105a38-f5df-4ee4-9ff4-7b432d870e74" />
    <UnitTestResult executionId="c4d966e6-66aa-4d74-82a8-674a4528ed42" testId="184a3a51-f871-d2ab-a74c-c3bd6163228d" testName="TestConstructor_NoParameters_Success" computerName="DKSR-EFI-04" duration="00:00:00.0004107" startTime="2023-12-22T09:32:17.2871471+01:00" endTime="2023-12-22T09:32:17.2871471+01:00" testType="13cdc9d9-ddb5-4fa4-a97d-d965ccfc6d4b" outcome="Passed" testListId="8c84fa94-04c1-424b-9868-57a2d4851a1d" relativeResultsDirectory="c4d966e6-66aa-4d74-82a8-674a4528ed42" />
    <UnitTestResult executionId="0cfe1c56-7332-494a-9efa-034a46c4bcb7" testId="94e7edba-670f-d7b7-71b5-b01347d8f1f1" testName="OnDeserializedWithUnknownNullObject_Success" computerName="DKSR-EFI-04" duration="00:00:00.0005942" startTime="2023-12-22T09:32:17.2558945+01:00" endTime="2023-12-22T09:32:17.2558945+01:00" testType="13cdc9d9-ddb5-4fa4-a97d-d965ccfc6d4b" outcome="Passed" testListId="8c84fa94-04c1-424b-9868-57a2d4851a1d" relativeResultsDirectory="0cfe1c56-7332-494a-9efa-034a46c4bcb7" />
    <UnitTestResult executionId="48509957-c409-4984-8ad2-3b2293a1e69b" testId="f1d99d53-05dc-2288-565b-a754435d0819" testName="TestConstructor_LevelId_Success" computerName="DKSR-EFI-04" duration="00:00:00.0002882" startTime="2023-12-22T09:32:17.3027708+01:00" endTime="2023-12-22T09:32:17.3027708+01:00" testType="13cdc9d9-ddb5-4fa4-a97d-d965ccfc6d4b" outcome="Passed" testListId="8c84fa94-04c1-424b-9868-57a2d4851a1d" relativeResultsDirectory="48509957-c409-4984-8ad2-3b2293a1e69b" />
    <UnitTestResult executionId="ddbeb5b3-d3ca-44cc-8eef-7c318523f9aa" testId="bb538686-730a-a900-6e65-e2f15b6e0fe9" testName="TestConstructor_ErrorDescription_Success" computerName="DKSR-EFI-04" duration="00:00:00.0003184" startTime="2023-12-22T09:32:17.3496446+01:00" endTime="2023-12-22T09:32:17.3496446+01:00" testType="13cdc9d9-ddb5-4fa4-a97d-d965ccfc6d4b" outcome="Passed" testListId="8c84fa94-04c1-424b-9868-57a2d4851a1d" relativeResultsDirectory="ddbeb5b3-d3ca-44cc-8eef-7c318523f9aa" />
    <UnitTestResult executionId="eecd7d50-d038-4025-b651-d8a4f276ba0d" testId="1e951778-088f-2cbf-a7ac-7b524963ef42" testName="TestConstructor_NoParameters_Success" computerName="DKSR-EFI-04" duration="00:00:00.0004402" startTime="2023-12-22T09:32:17.3183954+01:00" endTime="2023-12-22T09:32:17.3183954+01:00" testType="13cdc9d9-ddb5-4fa4-a97d-d965ccfc6d4b" outcome="Passed" testListId="8c84fa94-04c1-424b-9868-57a2d4851a1d" relativeResultsDirectory="eecd7d50-d038-4025-b651-d8a4f276ba0d" />
    <UnitTestResult executionId="adb773ae-613c-4060-815d-f821c35b0525" testId="ab77c1df-4bd2-a183-5223-0cae854ab859" testName="TestConstructor_NoParameters_Success" computerName="DKSR-EFI-04" duration="00:00:00.0002757" startTime="2023-12-22T09:32:17.3027708+01:00" endTime="2023-12-22T09:32:17.3027708+01:00" testType="13cdc9d9-ddb5-4fa4-a97d-d965ccfc6d4b" outcome="Passed" testListId="8c84fa94-04c1-424b-9868-57a2d4851a1d" relativeResultsDirectory="adb773ae-613c-4060-815d-f821c35b0525" />
    <UnitTestResult executionId="39a9942b-488c-4e72-b6bd-6139c913cb3d" testId="db84b391-2083-9181-608b-6ae459a74b14" testName="OnSerializingWithStringRefrenceTypes_Success" computerName="DKSR-EFI-04" duration="00:00:00.0004121" startTime="2023-12-22T09:32:17.1933946+01:00" endTime="2023-12-22T09:32:17.1933946+01:00" testType="13cdc9d9-ddb5-4fa4-a97d-d965ccfc6d4b" outcome="Passed" testListId="8c84fa94-04c1-424b-9868-57a2d4851a1d" relativeResultsDirectory="39a9942b-488c-4e72-b6bd-6139c913cb3d" />
    <UnitTestResult executionId="581ffce8-d57a-4245-9567-a0e289629607" testId="e70f68ca-ac2d-b0ec-750e-39f788b4a0d7" testName="TestConstructor_ErrorDescriptionAndInnerException_Success" computerName="DKSR-EFI-04" duration="00:00:00.0003023" startTime="2023-12-22T09:32:17.3496446+01:00" endTime="2023-12-22T09:32:17.3496446+01:00" testType="13cdc9d9-ddb5-4fa4-a97d-d965ccfc6d4b" outcome="Passed" testListId="8c84fa94-04c1-424b-9868-57a2d4851a1d" relativeResultsDirectory="581ffce8-d57a-4245-9567-a0e289629607" />
    <UnitTestResult executionId="194334fa-8e71-4384-8a3c-96fffff4ddf6" testId="876fcdd6-8a71-69b7-f63a-602fda82f658" testName="OnDeserializedWithUnknownValueTypeRootLevel_Success" computerName="DKSR-EFI-04" duration="00:00:00.0008530" startTime="2023-12-22T09:32:17.2402698+01:00" endTime="2023-12-22T09:32:17.2558945+01:00" testType="13cdc9d9-ddb5-4fa4-a97d-d965ccfc6d4b" outcome="Passed" testListId="8c84fa94-04c1-424b-9868-57a2d4851a1d" relativeResultsDirectory="194334fa-8e71-4384-8a3c-96fffff4ddf6" />
    <UnitTestResult executionId="25c661ac-5cd2-4b41-9da3-d0cc0fb5d432" testId="2e892999-add2-3a86-61f4-f822b68e1788" testName="TestConstructor_ErrorDescriptionAndInnerException_Success" computerName="DKSR-EFI-04" duration="00:00:00.0002702" startTime="2023-12-22T09:32:17.3183954+01:00" endTime="2023-12-22T09:32:17.3183954+01:00" testType="13cdc9d9-ddb5-4fa4-a97d-d965ccfc6d4b" outcome="Passed" testListId="8c84fa94-04c1-424b-9868-57a2d4851a1d" relativeResultsDirectory="25c661ac-5cd2-4b41-9da3-d0cc0fb5d432" />
    <UnitTestResult executionId="fb877a32-7d55-4f8d-a2b4-bad6c4987d05" testId="f0ecbe33-7074-ef18-1bfc-d58bdf57b236" testName="OnDeserializedWithValueTypes_Success" computerName="DKSR-EFI-04" duration="00:00:00.0343780" startTime="2023-12-22T09:32:17.2090210+01:00" endTime="2023-12-22T09:32:17.2402698+01:00" testType="13cdc9d9-ddb5-4fa4-a97d-d965ccfc6d4b" outcome="Passed" testListId="8c84fa94-04c1-424b-9868-57a2d4851a1d" relativeResultsDirectory="fb877a32-7d55-4f8d-a2b4-bad6c4987d05" />
    <UnitTestResult executionId="ade2f1cd-294a-4d8e-a578-0c83b63c7d60" testId="dca047c4-a1d1-64c8-21df-94b21d4d1b0a" testName="TestAttributeExists_Success" computerName="DKSR-EFI-04" duration="00:00:00.0008283" startTime="2023-12-22T09:32:17.2871471+01:00" endTime="2023-12-22T09:32:17.2871471+01:00" testType="13cdc9d9-ddb5-4fa4-a97d-d965ccfc6d4b" outcome="Passed" testListId="8c84fa94-04c1-424b-9868-57a2d4851a1d" relativeResultsDirectory="ade2f1cd-294a-4d8e-a578-0c83b63c7d60" />
    <UnitTestResult executionId="bdc9e984-5063-470a-9086-d1bd256bbabd" testId="56f0a806-4ae7-f3bf-f230-fcbf2a919631" testName="TestConstructor_NoParameters_Success" computerName="DKSR-EFI-04" duration="00:00:00.0003620" startTime="2023-12-22T09:32:17.3183954+01:00" endTime="2023-12-22T09:32:17.3183954+01:00" testType="13cdc9d9-ddb5-4fa4-a97d-d965ccfc6d4b" outcome="Passed" testListId="8c84fa94-04c1-424b-9868-57a2d4851a1d" relativeResultsDirectory="bdc9e984-5063-470a-9086-d1bd256bbabd" />
    <UnitTestResult executionId="b47f83a2-9f72-4d78-90e4-a45be970eaa9" testId="3e3de984-b158-332c-9e83-071b2fd89bb7" testName="TestConstructor_ErrorDescriptionAndInnerException_Success" computerName="DKSR-EFI-04" duration="00:00:00.0002651" startTime="2023-12-22T09:32:17.2871471+01:00" endTime="2023-12-22T09:32:17.3027708+01:00" testType="13cdc9d9-ddb5-4fa4-a97d-d965ccfc6d4b" outcome="Passed" testListId="8c84fa94-04c1-424b-9868-57a2d4851a1d" relativeResultsDirectory="b47f83a2-9f72-4d78-90e4-a45be970eaa9" />
    <UnitTestResult executionId="1d1b5f01-c313-4178-97b4-634f18c022bd" testId="d7e0d2a6-c9b7-a220-16e3-7348b7831c17" testName="TestAttributeExists_Success" computerName="DKSR-EFI-04" duration="00:00:00.0008199" startTime="2023-12-22T09:32:17.2871471+01:00" endTime="2023-12-22T09:32:17.2871471+01:00" testType="13cdc9d9-ddb5-4fa4-a97d-d965ccfc6d4b" outcome="Passed" testListId="8c84fa94-04c1-424b-9868-57a2d4851a1d" relativeResultsDirectory="1d1b5f01-c313-4178-97b4-634f18c022bd" />
    <UnitTestResult executionId="6c649c82-eeb0-48b5-a156-b5524b4dc2f4" testId="7cb257d8-1b1f-9dda-127a-c15c9b8691a4" testName="TestConstructor_ErrorDescription_Success" computerName="DKSR-EFI-04" duration="00:00:00.0001711" startTime="2023-12-22T09:32:17.3027708+01:00" endTime="2023-12-22T09:32:17.3027708+01:00" testType="13cdc9d9-ddb5-4fa4-a97d-d965ccfc6d4b" outcome="Passed" testListId="8c84fa94-04c1-424b-9868-57a2d4851a1d" relativeResultsDirectory="6c649c82-eeb0-48b5-a156-b5524b4dc2f4" />
    <UnitTestResult executionId="64193771-b429-4679-9f39-50f4cb011b11" testId="5f38dc30-d0a8-499e-d516-ebda9a426621" testName="TestConstructor_ErrorDescription_Success" computerName="DKSR-EFI-04" duration="00:00:00.0002382" startTime="2023-12-22T09:32:17.3183954+01:00" endTime="2023-12-22T09:32:17.3183954+01:00" testType="13cdc9d9-ddb5-4fa4-a97d-d965ccfc6d4b" outcome="Passed" testListId="8c84fa94-04c1-424b-9868-57a2d4851a1d" relativeResultsDirectory="64193771-b429-4679-9f39-50f4cb011b11" />
    <UnitTestResult executionId="5ad792c4-364a-4842-9b3b-c0977c504411" testId="b549e11e-725c-0230-e06a-a9771680cc9f" testName="TestConstructor_ErrorDescription_Success" computerName="DKSR-EFI-04" duration="00:00:00.0001938" startTime="2023-12-22T09:32:17.2715198+01:00" endTime="2023-12-22T09:32:17.2715198+01:00" testType="13cdc9d9-ddb5-4fa4-a97d-d965ccfc6d4b" outcome="Passed" testListId="8c84fa94-04c1-424b-9868-57a2d4851a1d" relativeResultsDirectory="5ad792c4-364a-4842-9b3b-c0977c504411" />
    <UnitTestResult executionId="32ca75c8-e3f0-4c34-bc8d-dbcbe32f0603" testId="73f10034-290b-8e1a-12a8-dce66caaebbe" testName="TestAttributeExists_Success" computerName="DKSR-EFI-04" duration="00:00:00.0008668" startTime="2023-12-22T09:32:17.2715198+01:00" endTime="2023-12-22T09:32:17.2715198+01:00" testType="13cdc9d9-ddb5-4fa4-a97d-d965ccfc6d4b" outcome="Passed" testListId="8c84fa94-04c1-424b-9868-57a2d4851a1d" relativeResultsDirectory="32ca75c8-e3f0-4c34-bc8d-dbcbe32f0603" />
    <UnitTestResult executionId="6f68b009-671f-4114-8b92-57001419e4a9" testId="83e306ad-0720-17dd-8153-763a9cf1f945" testName="TestAttributeExists_Success" computerName="DKSR-EFI-04" duration="00:00:00.0008201" startTime="2023-12-22T09:32:17.3496446+01:00" endTime="2023-12-22T09:32:17.3496446+01:00" testType="13cdc9d9-ddb5-4fa4-a97d-d965ccfc6d4b" outcome="Passed" testListId="8c84fa94-04c1-424b-9868-57a2d4851a1d" relativeResultsDirectory="6f68b009-671f-4114-8b92-57001419e4a9" />
    <UnitTestResult executionId="a84ff9a6-b3e1-4abb-b820-0aa7c64b2d95" testId="83478276-8795-46e5-a4fa-6d110de12a41" testName="LayerModifiersUtil_IsGeographic_Unset_Success" computerName="DKSR-EFI-04" duration="00:00:00.0001322" startTime="2023-12-22T09:32:17.0840203+01:00" endTime="2023-12-22T09:32:17.0840203+01:00" testType="13cdc9d9-ddb5-4fa4-a97d-d965ccfc6d4b" outcome="Passed" testListId="8c84fa94-04c1-424b-9868-57a2d4851a1d" relativeResultsDirectory="a84ff9a6-b3e1-4abb-b820-0aa7c64b2d95" />
    <UnitTestResult executionId="a6d756f0-a4bd-43b6-8cea-62cf2b90b7fa" testId="515905de-2da1-0621-8ddb-e60fb4ec60d5" testName="TestConstructor_ErrorDescription_Success" computerName="DKSR-EFI-04" duration="00:00:00.0002239" startTime="2023-12-22T09:32:17.3027708+01:00" endTime="2023-12-22T09:32:17.3027708+01:00" testType="13cdc9d9-ddb5-4fa4-a97d-d965ccfc6d4b" outcome="Passed" testListId="8c84fa94-04c1-424b-9868-57a2d4851a1d" relativeResultsDirectory="a6d756f0-a4bd-43b6-8cea-62cf2b90b7fa" />
    <UnitTestResult executionId="4ada32aa-82c8-451c-ba0a-21b170dc69c4" testId="5375bfa0-1528-17ef-08aa-49a10d63bcca" testName="OnDeserializedClassArrayWithNull_Success" computerName="DKSR-EFI-04" duration="00:00:00.0023149" startTime="2023-12-22T09:32:17.2558945+01:00" endTime="2023-12-22T09:32:17.2558945+01:00" testType="13cdc9d9-ddb5-4fa4-a97d-d965ccfc6d4b" outcome="Passed" testListId="8c84fa94-04c1-424b-9868-57a2d4851a1d" relativeResultsDirectory="4ada32aa-82c8-451c-ba0a-21b170dc69c4" />
    <UnitTestResult executionId="c6800d3c-e06c-4faf-948a-0527e59ae6f5" testId="3cf18d3d-b31e-20fa-5f1f-1414e6fb166c" testName="TestConstructor_ErrorDescription_Success" computerName="DKSR-EFI-04" duration="00:00:00.0001909" startTime="2023-12-22T09:32:17.2871471+01:00" endTime="2023-12-22T09:32:17.2871471+01:00" testType="13cdc9d9-ddb5-4fa4-a97d-d965ccfc6d4b" outcome="Passed" testListId="8c84fa94-04c1-424b-9868-57a2d4851a1d" relativeResultsDirectory="c6800d3c-e06c-4faf-948a-0527e59ae6f5" />
    <UnitTestResult executionId="9b290896-fce6-4e36-8d48-5644e39c49a4" testId="3fed7463-7bb8-980c-edec-58f6e5bf16ed" testName="TestConstructor_ErrorDescription_Success" computerName="DKSR-EFI-04" duration="00:00:00.0003114" startTime="2023-12-22T09:32:17.3340203+01:00" endTime="2023-12-22T09:32:17.3340203+01:00" testType="13cdc9d9-ddb5-4fa4-a97d-d965ccfc6d4b" outcome="Passed" testListId="8c84fa94-04c1-424b-9868-57a2d4851a1d" relativeResultsDirectory="9b290896-fce6-4e36-8d48-5644e39c49a4" />
    <UnitTestResult executionId="14376a86-917b-4908-8aaa-38d47b894825" testId="a4a6df87-1d53-2fee-ac08-7a6fd9d043b0" testName="TestConstructor_NoParameters_Success" computerName="DKSR-EFI-04" duration="00:00:00.0002246" startTime="2023-12-22T09:32:17.2871471+01:00" endTime="2023-12-22T09:32:17.2871471+01:00" testType="13cdc9d9-ddb5-4fa4-a97d-d965ccfc6d4b" outcome="Passed" testListId="8c84fa94-04c1-424b-9868-57a2d4851a1d" relativeResultsDirectory="14376a86-917b-4908-8aaa-38d47b894825" />
    <UnitTestResult executionId="cd5b12b0-1188-491b-8704-07e28a19ba66" testId="e417ce80-657a-b524-fab0-906a563cfcef" testName="TestAttributeExists_Success" computerName="DKSR-EFI-04" duration="00:00:00.0008666" startTime="2023-12-22T09:32:17.3027708+01:00" endTime="2023-12-22T09:32:17.3027708+01:00" testType="13cdc9d9-ddb5-4fa4-a97d-d965ccfc6d4b" outcome="Passed" testListId="8c84fa94-04c1-424b-9868-57a2d4851a1d" relativeResultsDirectory="cd5b12b0-1188-491b-8704-07e28a19ba66" />
    <UnitTestResult executionId="863b5c93-9ed9-44a5-a406-99cffbdb4325" testId="d917af11-a672-fe91-a06a-ba8a57852e9c" testName="TestAttributeExists_Success" computerName="DKSR-EFI-04" duration="00:00:00.0008417" startTime="2023-12-22T09:32:17.2871471+01:00" endTime="2023-12-22T09:32:17.2871471+01:00" testType="13cdc9d9-ddb5-4fa4-a97d-d965ccfc6d4b" outcome="Passed" testListId="8c84fa94-04c1-424b-9868-57a2d4851a1d" relativeResultsDirectory="863b5c93-9ed9-44a5-a406-99cffbdb4325" />
    <UnitTestResult executionId="fc01c875-6310-4a8c-ab69-b3d55fc3d6f8" testId="92bd870f-71b7-aaed-1fef-9e9609e1d162" testName="TestConstructor_NoParameters_Success" computerName="DKSR-EFI-04" duration="00:00:00.0002211" startTime="2023-12-22T09:32:17.2871471+01:00" endTime="2023-12-22T09:32:17.2871471+01:00" testType="13cdc9d9-ddb5-4fa4-a97d-d965ccfc6d4b" outcome="Passed" testListId="8c84fa94-04c1-424b-9868-57a2d4851a1d" relativeResultsDirectory="fc01c875-6310-4a8c-ab69-b3d55fc3d6f8" />
    <UnitTestResult executionId="e724f32d-0493-4d33-9669-3dde09875aaf" testId="c46b813b-2864-a54e-27f6-c2d2946ee618" testName="TestAttributeExists_Success" computerName="DKSR-EFI-04" duration="00:00:00.0008757" startTime="2023-12-22T09:32:17.3340203+01:00" endTime="2023-12-22T09:32:17.3340203+01:00" testType="13cdc9d9-ddb5-4fa4-a97d-d965ccfc6d4b" outcome="Passed" testListId="8c84fa94-04c1-424b-9868-57a2d4851a1d" relativeResultsDirectory="e724f32d-0493-4d33-9669-3dde09875aaf" />
    <UnitTestResult executionId="d21e50ff-234d-4be4-8036-cbb408606af7" testId="cd7c1d30-7ea9-63a7-fa29-5d82a1c54c46" testName="TestConstructor_BuildingId_Success" computerName="DKSR-EFI-04" duration="00:00:00.0003784" startTime="2023-12-22T09:32:17.2715198+01:00" endTime="2023-12-22T09:32:17.2715198+01:00" testType="13cdc9d9-ddb5-4fa4-a97d-d965ccfc6d4b" outcome="Passed" testListId="8c84fa94-04c1-424b-9868-57a2d4851a1d" relativeResultsDirectory="d21e50ff-234d-4be4-8036-cbb408606af7" />
    <UnitTestResult executionId="610af4c3-d64d-43c5-a8e2-1dfecd82eef3" testId="c8461022-b9ec-d747-8816-6abe2479ad23" testName="TestCopyMatchingProperties_Type2NotTargetType_Failure" computerName="DKSR-EFI-04" duration="00:00:00.0009452" startTime="2023-12-22T09:32:17.0840203+01:00" endTime="2023-12-22T09:32:17.0840203+01:00" testType="13cdc9d9-ddb5-4fa4-a97d-d965ccfc6d4b" outcome="Passed" testListId="8c84fa94-04c1-424b-9868-57a2d4851a1d" relativeResultsDirectory="610af4c3-d64d-43c5-a8e2-1dfecd82eef3" />
    <UnitTestResult executionId="14b6a76c-61ea-4fff-ab32-ed864298161f" testId="0eac311d-2d52-35b9-ece5-69fa5a600a88" testName="TestConstructor_ErrorDescription_Success" computerName="DKSR-EFI-04" duration="00:00:00.0001931" startTime="2023-12-22T09:32:17.2871471+01:00" endTime="2023-12-22T09:32:17.2871471+01:00" testType="13cdc9d9-ddb5-4fa4-a97d-d965ccfc6d4b" outcome="Passed" testListId="8c84fa94-04c1-424b-9868-57a2d4851a1d" relativeResultsDirectory="14b6a76c-61ea-4fff-ab32-ed864298161f" />
    <UnitTestResult executionId="619a70c1-72c2-41f5-9295-450a305bee65" testId="c34e4386-ca6b-97c5-aead-09efd148f3b6" testName="TestAttributeExists_Success" computerName="DKSR-EFI-04" duration="00:00:00.0008347" startTime="2023-12-22T09:32:17.2715198+01:00" endTime="2023-12-22T09:32:17.2715198+01:00" testType="13cdc9d9-ddb5-4fa4-a97d-d965ccfc6d4b" outcome="Passed" testListId="8c84fa94-04c1-424b-9868-57a2d4851a1d" relativeResultsDirectory="619a70c1-72c2-41f5-9295-450a305bee65" />
    <UnitTestResult executionId="909bced2-be3e-4d68-9f02-1b1747e7c8be" testId="d55efac6-8dbf-3356-751a-54b4424e775e" testName="TestAttributeExists_Success" computerName="DKSR-EFI-04" duration="00:00:00.0008274" startTime="2023-12-22T09:32:17.3496446+01:00" endTime="2023-12-22T09:32:17.3496446+01:00" testType="13cdc9d9-ddb5-4fa4-a97d-d965ccfc6d4b" outcome="Passed" testListId="8c84fa94-04c1-424b-9868-57a2d4851a1d" relativeResultsDirectory="909bced2-be3e-4d68-9f02-1b1747e7c8be" />
    <UnitTestResult executionId="7711c130-88b7-4743-bc22-083d30f3cd9b" testId="7fdf6317-47f2-9ce1-b041-a711b45d1e1c" testName="TestConstructor_NoParameters_Success" computerName="DKSR-EFI-04" duration="00:00:00.0002262" startTime="2023-12-22T09:32:17.3340203+01:00" endTime="2023-12-22T09:32:17.3340203+01:00" testType="13cdc9d9-ddb5-4fa4-a97d-d965ccfc6d4b" outcome="Passed" testListId="8c84fa94-04c1-424b-9868-57a2d4851a1d" relativeResultsDirectory="7711c130-88b7-4743-bc22-083d30f3cd9b" />
    <UnitTestResult executionId="bbc67f3f-1b33-4a65-8435-e4f3ee980b57" testId="574c04a2-fb84-4909-614e-299c2d1af45e" testName="TestConstructor_ErrorDescriptionAndInnerException_Success" computerName="DKSR-EFI-04" duration="00:00:00.0003107" startTime="2023-12-22T09:32:17.2871471+01:00" endTime="2023-12-22T09:32:17.2871471+01:00" testType="13cdc9d9-ddb5-4fa4-a97d-d965ccfc6d4b" outcome="Passed" testListId="8c84fa94-04c1-424b-9868-57a2d4851a1d" relativeResultsDirectory="bbc67f3f-1b33-4a65-8435-e4f3ee980b57" />
    <UnitTestResult executionId="b8491dc9-a296-4b7b-87c3-57ce6f76d713" testId="e3c31892-5554-b114-2cec-c85e1c2bc61c" testName="TestConstructor_ErrorDescriptionAndMapId_Success" computerName="DKSR-EFI-04" duration="00:00:00.0002859" startTime="2023-12-22T09:32:17.3027708+01:00" endTime="2023-12-22T09:32:17.3027708+01:00" testType="13cdc9d9-ddb5-4fa4-a97d-d965ccfc6d4b" outcome="Passed" testListId="8c84fa94-04c1-424b-9868-57a2d4851a1d" relativeResultsDirectory="b8491dc9-a296-4b7b-87c3-57ce6f76d713" />
    <UnitTestResult executionId="ea0bff4b-2951-4de8-86de-98aa959fc0c9" testId="39f3c974-5903-b0c2-d4d5-4e8cf3b0f1fb" testName="TestConstructor_NoParameters_Success" computerName="DKSR-EFI-04" duration="00:00:00.0008614" startTime="2023-12-22T09:32:17.3340203+01:00" endTime="2023-12-22T09:32:17.3340203+01:00" testType="13cdc9d9-ddb5-4fa4-a97d-d965ccfc6d4b" outcome="Passed" testListId="8c84fa94-04c1-424b-9868-57a2d4851a1d" relativeResultsDirectory="ea0bff4b-2951-4de8-86de-98aa959fc0c9" />
    <UnitTestResult executionId="124a95a2-29a3-45b0-8cd1-ac059775f925" testId="3cfb6536-349c-526f-f130-8610257d022a" testName="TestConstructor_ErrorDescriptionAndInnerException_Success" computerName="DKSR-EFI-04" duration="00:00:00.0003596" startTime="2023-12-22T09:32:17.3027708+01:00" endTime="2023-12-22T09:32:17.3027708+01:00" testType="13cdc9d9-ddb5-4fa4-a97d-d965ccfc6d4b" outcome="Passed" testListId="8c84fa94-04c1-424b-9868-57a2d4851a1d" relativeResultsDirectory="124a95a2-29a3-45b0-8cd1-ac059775f925" />
    <UnitTestResult executionId="7407e9ff-b05f-4a0d-b46f-13a79d1a7cb0" testId="7a13931a-2a57-dd25-3394-5b0fba70fbfc" testName="TestConstructor_ErrorDescriptionAndInnerException_Success" computerName="DKSR-EFI-04" duration="00:00:00.0002510" startTime="2023-12-22T09:32:17.2715198+01:00" endTime="2023-12-22T09:32:17.2715198+01:00" testType="13cdc9d9-ddb5-4fa4-a97d-d965ccfc6d4b" outcome="Passed" testListId="8c84fa94-04c1-424b-9868-57a2d4851a1d" relativeResultsDirectory="7407e9ff-b05f-4a0d-b46f-13a79d1a7cb0" />
    <UnitTestResult executionId="72d2a7f6-d4d3-49b4-981c-3b3ebfbfd20c" testId="4ba8d0a6-7295-4098-c411-171f633d93a1" testName="TestConstructor_ErrorDescriptionAndInnerException_Success" computerName="DKSR-EFI-04" duration="00:00:00.0003367" startTime="2023-12-22T09:32:17.2558945+01:00" endTime="2023-12-22T09:32:17.2558945+01:00" testType="13cdc9d9-ddb5-4fa4-a97d-d965ccfc6d4b" outcome="Passed" testListId="8c84fa94-04c1-424b-9868-57a2d4851a1d" relativeResultsDirectory="72d2a7f6-d4d3-49b4-981c-3b3ebfbfd20c" />
    <UnitTestResult executionId="b7b800cf-0482-411a-bc0c-035cf9b27c4c" testId="4d5ffecd-1cb6-cd68-defe-d419264f867e" testName="TestConstructor_MapId_Success" computerName="DKSR-EFI-04" duration="00:00:00.0003109" startTime="2023-12-22T09:32:17.3027708+01:00" endTime="2023-12-22T09:32:17.3027708+01:00" testType="13cdc9d9-ddb5-4fa4-a97d-d965ccfc6d4b" outcome="Passed" testListId="8c84fa94-04c1-424b-9868-57a2d4851a1d" relativeResultsDirectory="b7b800cf-0482-411a-bc0c-035cf9b27c4c" />
    <UnitTestResult executionId="866948dc-fd64-4c63-b956-952f9ae01b83" testId="e381c0fb-5353-6eeb-9f97-490140e80ec5" testName="TestConstructor_LayerId_Success" computerName="DKSR-EFI-04" duration="00:00:00.0002897" startTime="2023-12-22T09:32:17.2871471+01:00" endTime="2023-12-22T09:32:17.2871471+01:00" testType="13cdc9d9-ddb5-4fa4-a97d-d965ccfc6d4b" outcome="Passed" testListId="8c84fa94-04c1-424b-9868-57a2d4851a1d" relativeResultsDirectory="866948dc-fd64-4c63-b956-952f9ae01b83" />
    <UnitTestResult executionId="5d08d6c3-9584-4473-bc59-63be3b150d50" testId="b8c1d960-d981-e959-4b75-35666a309479" testName="OnSerializingWithNullStringRefrenceTypes_Success" computerName="DKSR-EFI-04" duration="00:00:00.0002013" startTime="2023-12-22T09:32:17.1933946+01:00" endTime="2023-12-22T09:32:17.1933946+01:00" testType="13cdc9d9-ddb5-4fa4-a97d-d965ccfc6d4b" outcome="Passed" testListId="8c84fa94-04c1-424b-9868-57a2d4851a1d" relativeResultsDirectory="5d08d6c3-9584-4473-bc59-63be3b150d50" />
    <UnitTestResult executionId="0e7d0001-02bd-4c12-87f9-402997641932" testId="149ec407-0928-82ee-8619-4ccac6f672b7" testName="OnSerializingNullClassProperty_Success" computerName="DKSR-EFI-04" duration="00:00:00.0002711" startTime="2023-12-22T09:32:17.2090210+01:00" endTime="2023-12-22T09:32:17.2090210+01:00" testType="13cdc9d9-ddb5-4fa4-a97d-d965ccfc6d4b" outcome="Passed" testListId="8c84fa94-04c1-424b-9868-57a2d4851a1d" relativeResultsDirectory="0e7d0001-02bd-4c12-87f9-402997641932" />
    <UnitTestResult executionId="9a3f896a-d4d2-4d21-849c-0893206dade7" testId="c9a2a0f4-5052-9f35-6fa1-d26cec5d9b2e" testName="TestConstructor_ErrorDescriptionAndInnerException_Success" computerName="DKSR-EFI-04" duration="00:00:00.0002652" startTime="2023-12-22T09:32:17.3340203+01:00" endTime="2023-12-22T09:32:17.3496446+01:00" testType="13cdc9d9-ddb5-4fa4-a97d-d965ccfc6d4b" outcome="Passed" testListId="8c84fa94-04c1-424b-9868-57a2d4851a1d" relativeResultsDirectory="9a3f896a-d4d2-4d21-849c-0893206dade7" />
    <UnitTestResult executionId="c6ba17cb-82e3-4fae-bb58-f294cd46b9fc" testId="e19062c1-4f6f-d433-b9ca-3855fc1e7bab" testName="TestAttributeExists_Success" computerName="DKSR-EFI-04" duration="00:00:00.0008828" startTime="2023-12-22T09:32:17.3340203+01:00" endTime="2023-12-22T09:32:17.3340203+01:00" testType="13cdc9d9-ddb5-4fa4-a97d-d965ccfc6d4b" outcome="Passed" testListId="8c84fa94-04c1-424b-9868-57a2d4851a1d" relativeResultsDirectory="c6ba17cb-82e3-4fae-bb58-f294cd46b9fc" />
    <UnitTestResult executionId="b144304b-7ebf-4e45-95c2-dd2fa8be81c1" testId="78341228-1f98-b2cc-27df-b48d8c6bbfb9" testName="TestConstructor_NoParameters_Success" computerName="DKSR-EFI-04" duration="00:00:00.0002469" startTime="2023-12-22T09:32:17.3027708+01:00" endTime="2023-12-22T09:32:17.3027708+01:00" testType="13cdc9d9-ddb5-4fa4-a97d-d965ccfc6d4b" outcome="Passed" testListId="8c84fa94-04c1-424b-9868-57a2d4851a1d" relativeResultsDirectory="b144304b-7ebf-4e45-95c2-dd2fa8be81c1" />
    <UnitTestResult executionId="eb95cb7f-8446-488a-8d2a-ea5cba81a280" testId="d8302d20-c4fe-706a-b731-5d3573ae6958" testName="OnDeserializedWithArrayStringRefrenceTypes_Success" computerName="DKSR-EFI-04" duration="00:00:00.0004731" startTime="2023-12-22T09:32:17.2402698+01:00" endTime="2023-12-22T09:32:17.2402698+01:00" testType="13cdc9d9-ddb5-4fa4-a97d-d965ccfc6d4b" outcome="Passed" testListId="8c84fa94-04c1-424b-9868-57a2d4851a1d" relativeResultsDirectory="eb95cb7f-8446-488a-8d2a-ea5cba81a280" />
    <UnitTestResult executionId="025462d7-4912-40bf-ab0f-cd59baa17766" testId="46a7b3d5-55a4-eee5-42d8-d374ad148f41" testName="TestConstructor_ErrorDescription_Success" computerName="DKSR-EFI-04" duration="00:00:00.0002092" startTime="2023-12-22T09:32:17.3340203+01:00" endTime="2023-12-22T09:32:17.3340203+01:00" testType="13cdc9d9-ddb5-4fa4-a97d-d965ccfc6d4b" outcome="Passed" testListId="8c84fa94-04c1-424b-9868-57a2d4851a1d" relativeResultsDirectory="025462d7-4912-40bf-ab0f-cd59baa17766" />
    <UnitTestResult executionId="80c90737-28d3-45f0-b669-bad5a7b428b2" testId="20cc738a-ac27-cc4a-9255-03102e452047" testName="TestConstructor_NoParameters_Success" computerName="DKSR-EFI-04" duration="00:00:00.0002569" startTime="2023-12-22T09:32:17.3340203+01:00" endTime="2023-12-22T09:32:17.3340203+01:00" testType="13cdc9d9-ddb5-4fa4-a97d-d965ccfc6d4b" outcome="Passed" testListId="8c84fa94-04c1-424b-9868-57a2d4851a1d" relativeResultsDirectory="80c90737-28d3-45f0-b669-bad5a7b428b2" />
    <UnitTestResult executionId="bf61a50e-01e7-48b8-a033-9a09ba42b407" testId="6fa820d4-ce1e-430e-efba-6d1bf8eb0cea" testName="TestConstructor_ErrorDescription_Success" computerName="DKSR-EFI-04" duration="00:00:00.0001805" startTime="2023-12-22T09:32:17.3027708+01:00" endTime="2023-12-22T09:32:17.3027708+01:00" testType="13cdc9d9-ddb5-4fa4-a97d-d965ccfc6d4b" outcome="Passed" testListId="8c84fa94-04c1-424b-9868-57a2d4851a1d" relativeResultsDirectory="bf61a50e-01e7-48b8-a033-9a09ba42b407" />
    <UnitTestResult executionId="fea596e9-de2d-4954-ba4c-8f606203a0b5" testId="28c80379-1446-414c-9c0b-7b5f3964d318" testName="TestConstructor_ErrorDescription_Success" computerName="DKSR-EFI-04" duration="00:00:00.0005542" startTime="2023-12-22T09:32:17.3496446+01:00" endTime="2023-12-22T09:32:17.3496446+01:00" testType="13cdc9d9-ddb5-4fa4-a97d-d965ccfc6d4b" outcome="Passed" testListId="8c84fa94-04c1-424b-9868-57a2d4851a1d" relativeResultsDirectory="fea596e9-de2d-4954-ba4c-8f606203a0b5" />
    <UnitTestResult executionId="d324144c-b73a-4cf9-85bd-e103737a683b" testId="098211ab-360c-6735-e129-129009030b36" testName="TestConstructor_ErrorDescription_Success" computerName="DKSR-EFI-04" duration="00:00:00.0002175" startTime="2023-12-22T09:32:17.3340203+01:00" endTime="2023-12-22T09:32:17.3340203+01:00" testType="13cdc9d9-ddb5-4fa4-a97d-d965ccfc6d4b" outcome="Passed" testListId="8c84fa94-04c1-424b-9868-57a2d4851a1d" relativeResultsDirectory="d324144c-b73a-4cf9-85bd-e103737a683b" />
    <UnitTestResult executionId="51f8ef4f-c956-4f47-ad2a-e25a675d15a3" testId="caf00ca8-5a5f-4e7f-c9eb-b30f1f21088a" testName="TestAttributeExists_Success" computerName="DKSR-EFI-04" duration="00:00:00.0008411" startTime="2023-12-22T09:32:17.3027708+01:00" endTime="2023-12-22T09:32:17.3027708+01:00" testType="13cdc9d9-ddb5-4fa4-a97d-d965ccfc6d4b" outcome="Passed" testListId="8c84fa94-04c1-424b-9868-57a2d4851a1d" relativeResultsDirectory="51f8ef4f-c956-4f47-ad2a-e25a675d15a3" />
    <UnitTestResult executionId="a50af75f-8867-48db-85b5-1ab82e8c77c6" testId="76fc855d-59dc-3b6e-3e6e-e6a15465cefb" testName="TestConstructor_ErrorDescriptionAndInnerException_Success" computerName="DKSR-EFI-04" duration="00:00:00.0003220" startTime="2023-12-22T09:32:17.3183954+01:00" endTime="2023-12-22T09:32:17.3340203+01:00" testType="13cdc9d9-ddb5-4fa4-a97d-d965ccfc6d4b" outcome="Passed" testListId="8c84fa94-04c1-424b-9868-57a2d4851a1d" relativeResultsDirectory="a50af75f-8867-48db-85b5-1ab82e8c77c6" />
    <UnitTestResult executionId="0204615e-2161-4153-bc4a-b25ede2f6245" testId="fa67df6a-d136-6eec-393d-ec4a305abe26" testName="TestConstructor_ErrorDescriptionAndInnerException_Success" computerName="DKSR-EFI-04" duration="00:00:00.0002921" startTime="2023-12-22T09:32:17.3496446+01:00" endTime="2023-12-22T09:32:17.3496446+01:00" testType="13cdc9d9-ddb5-4fa4-a97d-d965ccfc6d4b" outcome="Passed" testListId="8c84fa94-04c1-424b-9868-57a2d4851a1d" relativeResultsDirectory="0204615e-2161-4153-bc4a-b25ede2f6245" />
    <UnitTestResult executionId="f422dff1-3e8c-49a8-ae7e-49de3ca7cbd6" testId="30226e45-9c63-3571-b067-16983df31b28" testName="TestConstructor_NoParameters_Success" computerName="DKSR-EFI-04" duration="00:00:00.0003740" startTime="2023-12-22T09:32:17.3027708+01:00" endTime="2023-12-22T09:32:17.3027708+01:00" testType="13cdc9d9-ddb5-4fa4-a97d-d965ccfc6d4b" outcome="Passed" testListId="8c84fa94-04c1-424b-9868-57a2d4851a1d" relativeResultsDirectory="f422dff1-3e8c-49a8-ae7e-49de3ca7cbd6" />
    <UnitTestResult executionId="d017fe07-9cc2-418d-bdcf-971b34d6b933" testId="9f9a3775-bca6-42e6-d927-061df44ced88" testName="TestAttributeExists_Success" computerName="DKSR-EFI-04" duration="00:00:00.0008752" startTime="2023-12-22T09:32:17.3183954+01:00" endTime="2023-12-22T09:32:17.3183954+01:00" testType="13cdc9d9-ddb5-4fa4-a97d-d965ccfc6d4b" outcome="Passed" testListId="8c84fa94-04c1-424b-9868-57a2d4851a1d" relativeResultsDirectory="d017fe07-9cc2-418d-bdcf-971b34d6b933" />
    <UnitTestResult executionId="ffe4c17c-8633-4dc7-8ad1-f4825363d687" testId="331ba981-1c07-70b7-d56d-e91f56ab0af1" testName="TestConstructor_ErrorDescription_Success" computerName="DKSR-EFI-04" duration="00:00:00.0001889" startTime="2023-12-22T09:32:17.2715198+01:00" endTime="2023-12-22T09:32:17.2715198+01:00" testType="13cdc9d9-ddb5-4fa4-a97d-d965ccfc6d4b" outcome="Passed" testListId="8c84fa94-04c1-424b-9868-57a2d4851a1d" relativeResultsDirectory="ffe4c17c-8633-4dc7-8ad1-f4825363d687" />
    <UnitTestResult executionId="01fc5e99-86b7-4c8d-985b-1f57e9487416" testId="d25606fa-1c10-0505-7905-5091ccf60f29" testName="TestConstructor_ErrorDescription_Success" computerName="DKSR-EFI-04" duration="00:00:00.0001861" startTime="2023-12-22T09:32:17.3496446+01:00" endTime="2023-12-22T09:32:17.3496446+01:00" testType="13cdc9d9-ddb5-4fa4-a97d-d965ccfc6d4b" outcome="Passed" testListId="8c84fa94-04c1-424b-9868-57a2d4851a1d" relativeResultsDirectory="01fc5e99-86b7-4c8d-985b-1f57e9487416" />
    <UnitTestResult executionId="22a23f6c-9d12-44e2-9aaa-fcacd53238e1" testId="7fa5a87a-7b24-fd57-18b1-2703a72bb8b3" testName="TestConstructor_ErrorDescription_Success" computerName="DKSR-EFI-04" duration="00:00:00.0001871" startTime="2023-12-22T09:32:17.2558945+01:00" endTime="2023-12-22T09:32:17.2558945+01:00" testType="13cdc9d9-ddb5-4fa4-a97d-d965ccfc6d4b" outcome="Passed" testListId="8c84fa94-04c1-424b-9868-57a2d4851a1d" relativeResultsDirectory="22a23f6c-9d12-44e2-9aaa-fcacd53238e1" />
    <UnitTestResult executionId="5604be8d-ef1c-4ae7-b71c-aac3d17b7939" testId="3780b401-471f-5e39-74d3-5034ce8d6175" testName="TestConstructor_ErrorDescriptionAndInnerException_Success" computerName="DKSR-EFI-04" duration="00:00:00.0002498" startTime="2023-12-22T09:32:17.3496446+01:00" endTime="2023-12-22T09:32:17.3496446+01:00" testType="13cdc9d9-ddb5-4fa4-a97d-d965ccfc6d4b" outcome="Passed" testListId="8c84fa94-04c1-424b-9868-57a2d4851a1d" relativeResultsDirectory="5604be8d-ef1c-4ae7-b71c-aac3d17b7939" />
    <UnitTestResult executionId="c7044a3c-8b48-4013-a2c7-1518d90a4349" testId="212bfad4-dce4-f8dd-f6fa-eb7895153fa0" testName="TestConstructor_ErrorDescriptionAndRepositoryId_Success" computerName="DKSR-EFI-04" duration="00:00:00.0004427" startTime="2023-12-22T09:32:17.3340203+01:00" endTime="2023-12-22T09:32:17.3340203+01:00" testType="13cdc9d9-ddb5-4fa4-a97d-d965ccfc6d4b" outcome="Passed" testListId="8c84fa94-04c1-424b-9868-57a2d4851a1d" relativeResultsDirectory="c7044a3c-8b48-4013-a2c7-1518d90a4349" />
    <UnitTestResult executionId="119476f0-8934-4893-bd3d-fe5d9eb0123f" testId="341e2993-dd9b-b335-097f-377cdba79b28" testName="TestConstructor_ErrorDescriptionAndItemId_Success" computerName="DKSR-EFI-04" duration="00:00:00.0003257" startTime="2023-12-22T09:32:17.2871471+01:00" endTime="2023-12-22T09:32:17.2871471+01:00" testType="13cdc9d9-ddb5-4fa4-a97d-d965ccfc6d4b" outcome="Passed" testListId="8c84fa94-04c1-424b-9868-57a2d4851a1d" relativeResultsDirectory="119476f0-8934-4893-bd3d-fe5d9eb0123f" />
    <UnitTestResult executionId="f61233dd-871e-4bd3-8dd5-12106062042e" testId="aba1de11-7f09-b69c-fe49-87b17aeb0112" testName="TestConstructor_ErrorDescriptionAndInnerException_Success" computerName="DKSR-EFI-04" duration="00:00:00.0003386" startTime="2023-12-22T09:32:17.3027708+01:00" endTime="2023-12-22T09:32:17.3027708+01:00" testType="13cdc9d9-ddb5-4fa4-a97d-d965ccfc6d4b" outcome="Passed" testListId="8c84fa94-04c1-424b-9868-57a2d4851a1d" relativeResultsDirectory="f61233dd-871e-4bd3-8dd5-12106062042e" />
    <UnitTestResult executionId="ac084cfc-20ce-4a6f-bcdf-5defd8b7e78d" testId="c9415fb6-cb2e-6ac6-43df-04839a7158f5" testName="TestCopyMatchingProperties_CopyInheritedType1PropertiesToType2_Success" computerName="DKSR-EFI-04" duration="00:00:00.0185997" startTime="2023-12-22T09:32:16.9902674+01:00" endTime="2023-12-22T09:32:17.0527678+01:00" testType="13cdc9d9-ddb5-4fa4-a97d-d965ccfc6d4b" outcome="Passed" testListId="8c84fa94-04c1-424b-9868-57a2d4851a1d" relativeResultsDirectory="ac084cfc-20ce-4a6f-bcdf-5defd8b7e78d" />
    <UnitTestResult executionId="f62e58a7-7cbd-4ea3-964e-c750e0980b0d" testId="51bb8925-8db3-1f91-aa59-d60dd31b89f9" testName="TestConstructor_ErrorDescriptionAndInnerException_Success" computerName="DKSR-EFI-04" duration="00:00:00.0002519" startTime="2023-12-22T09:32:17.2871471+01:00" endTime="2023-12-22T09:32:17.2871471+01:00" testType="13cdc9d9-ddb5-4fa4-a97d-d965ccfc6d4b" outcome="Passed" testListId="8c84fa94-04c1-424b-9868-57a2d4851a1d" relativeResultsDirectory="f62e58a7-7cbd-4ea3-964e-c750e0980b0d" />
    <UnitTestResult executionId="159c3664-9271-4d67-847e-c6dceeceefdc" testId="63f594bb-866c-1740-3625-759d01b0ee2b" testName="TestConstructor_ErrorDescriptionAndInnerException_Success" computerName="DKSR-EFI-04" duration="00:00:00.0003156" startTime="2023-12-22T09:32:17.2871471+01:00" endTime="2023-12-22T09:32:17.2871471+01:00" testType="13cdc9d9-ddb5-4fa4-a97d-d965ccfc6d4b" outcome="Passed" testListId="8c84fa94-04c1-424b-9868-57a2d4851a1d" relativeResultsDirectory="159c3664-9271-4d67-847e-c6dceeceefdc" />
    <UnitTestResult executionId="00508b0b-7376-4bf3-a4a6-97488e32629d" testId="ba4efa3e-0766-d90d-3aef-adbd4439580e" testName="TestConstructor_ItemId_Success" computerName="DKSR-EFI-04" duration="00:00:00.0003312" startTime="2023-12-22T09:32:17.2871471+01:00" endTime="2023-12-22T09:32:17.2871471+01:00" testType="13cdc9d9-ddb5-4fa4-a97d-d965ccfc6d4b" outcome="Passed" testListId="8c84fa94-04c1-424b-9868-57a2d4851a1d" relativeResultsDirectory="00508b0b-7376-4bf3-a4a6-97488e32629d" />
    <UnitTestResult executionId="fc8cac21-58c5-4c50-9bf6-3995a46f6eb2" testId="e8e7b6ff-daa9-9553-3f18-d1e9c2a386bb" testName="TestConstructor_ErrorDescriptionAndInnerException_Success" computerName="DKSR-EFI-04" duration="00:00:00.0002690" startTime="2023-12-22T09:32:17.3340203+01:00" endTime="2023-12-22T09:32:17.3340203+01:00" testType="13cdc9d9-ddb5-4fa4-a97d-d965ccfc6d4b" outcome="Passed" testListId="8c84fa94-04c1-424b-9868-57a2d4851a1d" relativeResultsDirectory="fc8cac21-58c5-4c50-9bf6-3995a46f6eb2" />
    <UnitTestResult executionId="4a007923-246d-4fec-84ca-276e3a246bed" testId="4272dc86-6448-aa9d-a94e-380471543b88" testName="TestConstructorErrorDescription" computerName="DKSR-EFI-04" duration="00:00:00.0002155" startTime="2023-12-22T09:32:17.2715198+01:00" endTime="2023-12-22T09:32:17.2715198+01:00" testType="13cdc9d9-ddb5-4fa4-a97d-d965ccfc6d4b" outcome="Passed" testListId="8c84fa94-04c1-424b-9868-57a2d4851a1d" relativeResultsDirectory="4a007923-246d-4fec-84ca-276e3a246bed" />
    <UnitTestResult executionId="b8a72efd-7da9-44b3-a952-be34c5024b46" testId="7218a292-f480-07b9-25a0-49fc20e696e0" testName="OnSerializingWithValueTypes_Success" computerName="DKSR-EFI-04" duration="00:00:00.0098298" startTime="2023-12-22T09:32:17.1777683+01:00" endTime="2023-12-22T09:32:17.1933946+01:00" testType="13cdc9d9-ddb5-4fa4-a97d-d965ccfc6d4b" outcome="Passed" testListId="8c84fa94-04c1-424b-9868-57a2d4851a1d" relativeResultsDirectory="b8a72efd-7da9-44b3-a952-be34c5024b46" />
    <UnitTestResult executionId="0e44b4e1-9269-48ea-ac83-97c3900f4c38" testId="f035aadd-ec2b-1e2b-d012-fe50d483205b" testName="TestAttributeExists_Success" computerName="DKSR-EFI-04" duration="00:00:00.0008175" startTime="2023-12-22T09:32:17.2715198+01:00" endTime="2023-12-22T09:32:17.2715198+01:00" testType="13cdc9d9-ddb5-4fa4-a97d-d965ccfc6d4b" outcome="Passed" testListId="8c84fa94-04c1-424b-9868-57a2d4851a1d" relativeResultsDirectory="0e44b4e1-9269-48ea-ac83-97c3900f4c38" />
    <UnitTestResult executionId="b3ef7c6b-fd52-4286-bb45-44ebd57beb9b" testId="b74660fc-35dd-abf6-6ed9-4b1145809cd6" testName="TestAttributeExists_Success" computerName="DKSR-EFI-04" duration="00:00:00.0008364" startTime="2023-12-22T09:32:17.2715198+01:00" endTime="2023-12-22T09:32:17.2715198+01:00" testType="13cdc9d9-ddb5-4fa4-a97d-d965ccfc6d4b" outcome="Passed" testListId="8c84fa94-04c1-424b-9868-57a2d4851a1d" relativeResultsDirectory="b3ef7c6b-fd52-4286-bb45-44ebd57beb9b" />
    <UnitTestResult executionId="0b238ea7-0021-4134-8041-6a0e3bea94b3" testId="f410af74-3fc1-e30d-3d9f-798dac046972" testName="TestAttributeExists_Success" computerName="DKSR-EFI-04" duration="00:00:00.0008468" startTime="2023-12-22T09:32:17.2871471+01:00" endTime="2023-12-22T09:32:17.2871471+01:00" testType="13cdc9d9-ddb5-4fa4-a97d-d965ccfc6d4b" outcome="Passed" testListId="8c84fa94-04c1-424b-9868-57a2d4851a1d" relativeResultsDirectory="0b238ea7-0021-4134-8041-6a0e3bea94b3" />
  </Results>
  <TestDefinitions>
    <UnitTest name="LayerModifiersUtil_IsGeographic_Set_Success" storage="d:\actions-runner\_work\xpco\xpco\common\gismapshareddata\videoos.gismapshareddata.unittest\bin\debug\videoos.gismapshareddata.unittest.dll" id="552d887d-3c8c-5d22-5fc7-acb212ea98a5">
      <Execution id="236e3a29-1710-4b8e-859c-9c524fc11963" />
      <TestMethod codeBase="D:\actions-runner\_work\XPCO\XPCO\Common\GisMapSharedData\VideoOS.GisMapSharedData.UnitTest\bin\Debug\VideoOS.GisMapSharedData.UnitTest.dll" adapterTypeName="executor://mstestadapter/v1" className="VideoOS.GisMapSharedData.UnitTest.Utilities.LayerModifiersUtilTests" name="LayerModifiersUtil_IsGeographic_Set_Success" />
    </UnitTest>
    <UnitTest name="TestConstructor_ErrorDescription_Success" storage="d:\actions-runner\_work\xpco\xpco\common\gismapshareddata\videoos.gismapshareddata.unittest\bin\debug\videoos.gismapshareddata.unittest.dll" id="282f6cdd-d62d-2b34-55d2-a4eb56661e41">
      <TestCategory>
        <TestCategoryItem TestCategory="MapCommandException" />
      </TestCategory>
      <Execution id="b1c5404b-7dfd-4185-8da4-b6e77b31e76a" />
      <TestMethod codeBase="D:\actions-runner\_work\XPCO\XPCO\Common\GisMapSharedData\VideoOS.GisMapSharedData.UnitTest\bin\Debug\VideoOS.GisMapSharedData.UnitTest.dll" adapterTypeName="executor://mstestadapter/v1" className="VideoOS.GisMapSharedData.UnitTest.CommandExceptions.MapCommandBuildingAlreadyExistsExceptionTest" name="TestConstructor_ErrorDescription_Success" />
    </UnitTest>
    <UnitTest name="TestAttributeExists_Success" storage="d:\actions-runner\_work\xpco\xpco\common\gismapshareddata\videoos.gismapshareddata.unittest\bin\debug\videoos.gismapshareddata.unittest.dll" id="7a1fd523-bc4d-f7ca-2a8b-8078c4b0c9de">
      <TestCategory>
        <TestCategoryItem TestCategory="MapCommandException" />
      </TestCategory>
      <Execution id="b6a82728-8957-4a1a-ac94-a01f69a2e116" />
      <TestMethod codeBase="D:\actions-runner\_work\XPCO\XPCO\Common\GisMapSharedData\VideoOS.GisMapSharedData.UnitTest\bin\Debug\VideoOS.GisMapSharedData.UnitTest.dll" adapterTypeName="executor://mstestadapter/v1" className="VideoOS.GisMapSharedData.UnitTest.CommandExceptions.MapCommandViewPointAlreadyExistsExceptionTest" name="TestAttributeExists_Success" />
    </UnitTest>
    <UnitTest name="TestConstructorErrorDescriptionErrorReasonAndInnerException" storage="d:\actions-runner\_work\xpco\xpco\common\gismapshareddata\videoos.gismapshareddata.unittest\bin\debug\videoos.gismapshareddata.unittest.dll" id="ab023b5e-edf5-d1ff-95c4-4dae2c305106">
      <TestCategory>
        <TestCategoryItem TestCategory="MapCommandException" />
      </TestCategory>
      <Execution id="c2e89d2a-7fac-4bd5-80e1-3a317f4ceb15" />
      <TestMethod codeBase="D:\actions-runner\_work\XPCO\XPCO\Common\GisMapSharedData\VideoOS.GisMapSharedData.UnitTest\bin\Debug\VideoOS.GisMapSharedData.UnitTest.dll" adapterTypeName="executor://mstestadapter/v1" className="VideoOS.GisMapSharedData.UnitTest.CommandExceptions.MapCommandExceptionTest" name="TestConstructorErrorDescriptionErrorReasonAndInnerException" />
    </UnitTest>
    <UnitTest name="TestConstructor_ErrorDescription_Success" storage="d:\actions-runner\_work\xpco\xpco\common\gismapshareddata\videoos.gismapshareddata.unittest\bin\debug\videoos.gismapshareddata.unittest.dll" id="3bd0d3b8-7840-6a04-f2da-406d55f8be8f">
      <TestCategory>
        <TestCategoryItem TestCategory="MapCommandException" />
      </TestCategory>
      <Execution id="ad025997-5de1-4588-8279-36107f8bacda" />
      <TestMethod codeBase="D:\actions-runner\_work\XPCO\XPCO\Common\GisMapSharedData\VideoOS.GisMapSharedData.UnitTest\bin\Debug\VideoOS.GisMapSharedData.UnitTest.dll" adapterTypeName="executor://mstestadapter/v1" className="VideoOS.GisMapSharedData.UnitTest.CommandExceptions.MapCommandNonUniqueMapIdExceptionTest" name="TestConstructor_ErrorDescription_Success" />
    </UnitTest>
    <UnitTest name="TestConstructor_NoParameters_Success" storage="d:\actions-runner\_work\xpco\xpco\common\gismapshareddata\videoos.gismapshareddata.unittest\bin\debug\videoos.gismapshareddata.unittest.dll" id="56f0a806-4ae7-f3bf-f230-fcbf2a919631">
      <TestCategory>
        <TestCategoryItem TestCategory="MapCommandException" />
      </TestCategory>
      <Execution id="bdc9e984-5063-470a-9086-d1bd256bbabd" />
      <TestMethod codeBase="D:\actions-runner\_work\XPCO\XPCO\Common\GisMapSharedData\VideoOS.GisMapSharedData.UnitTest\bin\Debug\VideoOS.GisMapSharedData.UnitTest.dll" adapterTypeName="executor://mstestadapter/v1" className="VideoOS.GisMapSharedData.UnitTest.CommandExceptions.MapCommandNonUniqueMapIdExceptionTest" name="TestConstructor_NoParameters_Success" />
    </UnitTest>
    <UnitTest name="TestConstructor_ErrorDescriptionAndInnerException_Success" storage="d:\actions-runner\_work\xpco\xpco\common\gismapshareddata\videoos.gismapshareddata.unittest\bin\debug\videoos.gismapshareddata.unittest.dll" id="76fc855d-59dc-3b6e-3e6e-e6a15465cefb">
      <TestCategory>
        <TestCategoryItem TestCategory="MapCommandException" />
      </TestCategory>
      <Execution id="a50af75f-8867-48db-85b5-1ab82e8c77c6" />
      <TestMethod codeBase="D:\actions-runner\_work\XPCO\XPCO\Common\GisMapSharedData\VideoOS.GisMapSharedData.UnitTest\bin\Debug\VideoOS.GisMapSharedData.UnitTest.dll" adapterTypeName="executor://mstestadapter/v1" className="VideoOS.GisMapSharedData.UnitTest.CommandExceptions.MapCommandObsoleteItemTypeExceptionTest" name="TestConstructor_ErrorDescriptionAndInnerException_Success" />
    </UnitTest>
    <UnitTest name="OnSerializingWithNullStringRefrenceTypes_Success" storage="d:\actions-runner\_work\xpco\xpco\common\gismapshareddata\videoos.gismapshareddata.unittest\bin\debug\videoos.gismapshareddata.unittest.dll" id="b8c1d960-d981-e959-4b75-35666a309479">
      <Execution id="5d08d6c3-9584-4473-bc59-63be3b150d50" />
      <TestMethod codeBase="D:\actions-runner\_work\XPCO\XPCO\Common\GisMapSharedData\VideoOS.GisMapSharedData.UnitTest\bin\Debug\VideoOS.GisMapSharedData.UnitTest.dll" adapterTypeName="executor://mstestadapter/v1" className="VideoOS.GisMapSharedData.UnitTest.DataContracts.ParamsRespBaseTest" name="OnSerializingWithNullStringRefrenceTypes_Success" />
    </UnitTest>
    <UnitTest name="TestConstructor_ErrorDescriptionAndInnerException_Success" storage="d:\actions-runner\_work\xpco\xpco\common\gismapshareddata\videoos.gismapshareddata.unittest\bin\debug\videoos.gismapshareddata.unittest.dll" id="3780b401-471f-5e39-74d3-5034ce8d6175">
      <TestCategory>
        <TestCategoryItem TestCategory="MapCommandException" />
      </TestCategory>
      <Execution id="5604be8d-ef1c-4ae7-b71c-aac3d17b7939" />
      <TestMethod codeBase="D:\actions-runner\_work\XPCO\XPCO\Common\GisMapSharedData\VideoOS.GisMapSharedData.UnitTest\bin\Debug\VideoOS.GisMapSharedData.UnitTest.dll" adapterTypeName="executor://mstestadapter/v1" className="VideoOS.GisMapSharedData.UnitTest.CommandExceptions.MapCommandSqlDatabaseExceptionTest" name="TestConstructor_ErrorDescriptionAndInnerException_Success" />
    </UnitTest>
    <UnitTest name="TestConstructorErrorDescription" storage="d:\actions-runner\_work\xpco\xpco\common\gismapshareddata\videoos.gismapshareddata.unittest\bin\debug\videoos.gismapshareddata.unittest.dll" id="983cd1f3-5dee-cccf-20ee-82d7f5bee7cf">
      <TestCategory>
        <TestCategoryItem TestCategory="MapCommandException" />
      </TestCategory>
      <Execution id="446df5f4-8e2e-4371-8a17-0a5bd4d6bcee" />
      <TestMethod codeBase="D:\actions-runner\_work\XPCO\XPCO\Common\GisMapSharedData\VideoOS.GisMapSharedData.UnitTest\bin\Debug\VideoOS.GisMapSharedData.UnitTest.dll" adapterTypeName="executor://mstestadapter/v1" className="VideoOS.GisMapSharedData.UnitTest.CommandExceptions.MapCommandInvalidAuthenticationExceptionTest" name="TestConstructorErrorDescription" />
    </UnitTest>
    <UnitTest name="TestConstructor_NoParameters_Success" storage="d:\actions-runner\_work\xpco\xpco\common\gismapshareddata\videoos.gismapshareddata.unittest\bin\debug\videoos.gismapshareddata.unittest.dll" id="78341228-1f98-b2cc-27df-b48d8c6bbfb9">
      <TestCategory>
        <TestCategoryItem TestCategory="MapCommandException" />
      </TestCategory>
      <Execution id="b144304b-7ebf-4e45-95c2-dd2fa8be81c1" />
      <TestMethod codeBase="D:\actions-runner\_work\XPCO\XPCO\Common\GisMapSharedData\VideoOS.GisMapSharedData.UnitTest\bin\Debug\VideoOS.GisMapSharedData.UnitTest.dll" adapterTypeName="executor://mstestadapter/v1" className="VideoOS.GisMapSharedData.UnitTest.CommandExceptions.MapCommandLayerOrderGapFoundExceptionTest" name="TestConstructor_NoParameters_Success" />
    </UnitTest>
    <UnitTest name="TestConstructor_ErrorDescriptionAndInnerException_Success" storage="d:\actions-runner\_work\xpco\xpco\common\gismapshareddata\videoos.gismapshareddata.unittest\bin\debug\videoos.gismapshareddata.unittest.dll" id="e70f68ca-ac2d-b0ec-750e-39f788b4a0d7">
      <TestCategory>
        <TestCategoryItem TestCategory="MapCommandException" />
      </TestCategory>
      <Execution id="581ffce8-d57a-4245-9567-a0e289629607" />
      <TestMethod codeBase="D:\actions-runner\_work\XPCO\XPCO\Common\GisMapSharedData\VideoOS.GisMapSharedData.UnitTest\bin\Debug\VideoOS.GisMapSharedData.UnitTest.dll" adapterTypeName="executor://mstestadapter/v1" className="VideoOS.GisMapSharedData.UnitTest.CommandExceptions.MapCommandViewPointAlreadyExistsExceptionTest" name="TestConstructor_ErrorDescriptionAndInnerException_Success" />
    </UnitTest>
    <UnitTest name="TestConstructor_NoParameters_Success" storage="d:\actions-runner\_work\xpco\xpco\common\gismapshareddata\videoos.gismapshareddata.unittest\bin\debug\videoos.gismapshareddata.unittest.dll" id="1e951778-088f-2cbf-a7ac-7b524963ef42">
      <TestCategory>
        <TestCategoryItem TestCategory="MapCommandException" />
      </TestCategory>
      <Execution id="eecd7d50-d038-4025-b651-d8a4f276ba0d" />
      <TestMethod codeBase="D:\actions-runner\_work\XPCO\XPCO\Common\GisMapSharedData\VideoOS.GisMapSharedData.UnitTest\bin\Debug\VideoOS.GisMapSharedData.UnitTest.dll" adapterTypeName="executor://mstestadapter/v1" className="VideoOS.GisMapSharedData.UnitTest.CommandExceptions.MapCommandObsoleteItemTypeExceptionTest" name="TestConstructor_NoParameters_Success" />
    </UnitTest>
    <UnitTest name="TestConstructor_ErrorDescriptionAndInnerException_Success" storage="d:\actions-runner\_work\xpco\xpco\common\gismapshareddata\videoos.gismapshareddata.unittest\bin\debug\videoos.gismapshareddata.unittest.dll" id="09aac61e-00b9-e150-5c37-a82f1ca0878b">
      <TestCategory>
        <TestCategoryItem TestCategory="MapCommandException" />
      </TestCategory>
      <Execution id="4a83f9cf-3f3e-40ff-b5c3-67c8d76235c7" />
      <TestMethod codeBase="D:\actions-runner\_work\XPCO\XPCO\Common\GisMapSharedData\VideoOS.GisMapSharedData.UnitTest\bin\Debug\VideoOS.GisMapSharedData.UnitTest.dll" adapterTypeName="executor://mstestadapter/v1" className="VideoOS.GisMapSharedData.UnitTest.CommandExceptions.MapCommandOperationNotSupportedExceptionTest" name="TestConstructor_ErrorDescriptionAndInnerException_Success" />
    </UnitTest>
    <UnitTest name="TestAttributeExists_Success" storage="d:\actions-runner\_work\xpco\xpco\common\gismapshareddata\videoos.gismapshareddata.unittest\bin\debug\videoos.gismapshareddata.unittest.dll" id="39b87cb6-8943-8703-e79b-928509672861">
      <TestCategory>
        <TestCategoryItem TestCategory="MapCommandException" />
      </TestCategory>
      <Execution id="3a1d665e-ff98-4cba-bb98-d63678a9a56c" />
      <TestMethod codeBase="D:\actions-runner\_work\XPCO\XPCO\Common\GisMapSharedData\VideoOS.GisMapSharedData.UnitTest\bin\Debug\VideoOS.GisMapSharedData.UnitTest.dll" adapterTypeName="executor://mstestadapter/v1" className="VideoOS.GisMapSharedData.UnitTest.CommandExceptions.MapCommandLayerNotFoundExceptionTest" name="TestAttributeExists_Success" />
    </UnitTest>
    <UnitTest name="TestConstructor_NoParameters_Success" storage="d:\actions-runner\_work\xpco\xpco\common\gismapshareddata\videoos.gismapshareddata.unittest\bin\debug\videoos.gismapshareddata.unittest.dll" id="89db94f9-da05-009a-fdcf-deff6b001e66">
      <TestCategory>
        <TestCategoryItem TestCategory="MapCommandException" />
      </TestCategory>
      <Execution id="41f8df5c-f1a3-4b9a-812c-3f068b6679e2" />
      <TestMethod codeBase="D:\actions-runner\_work\XPCO\XPCO\Common\GisMapSharedData\VideoOS.GisMapSharedData.UnitTest\bin\Debug\VideoOS.GisMapSharedData.UnitTest.dll" adapterTypeName="executor://mstestadapter/v1" className="VideoOS.GisMapSharedData.UnitTest.CommandExceptions.MapCommandSanityCheckFailedExceptionTest" name="TestConstructor_NoParameters_Success" />
    </UnitTest>
    <UnitTest name="TestAttributeExists_Success" storage="d:\actions-runner\_work\xpco\xpco\common\gismapshareddata\videoos.gismapshareddata.unittest\bin\debug\videoos.gismapshareddata.unittest.dll" id="cf2a7e04-e15f-02bb-c084-691a39b49b93">
      <TestCategory>
        <TestCategoryItem TestCategory="MapCommandException" />
      </TestCategory>
      <Execution id="cc304164-7cf1-4718-b4f1-15f484bb9629" />
      <TestMethod codeBase="D:\actions-runner\_work\XPCO\XPCO\Common\GisMapSharedData\VideoOS.GisMapSharedData.UnitTest\bin\Debug\VideoOS.GisMapSharedData.UnitTest.dll" adapterTypeName="executor://mstestadapter/v1" className="VideoOS.GisMapSharedData.UnitTest.CommandExceptions.MapCommandNonUniqueMapIdExceptionTest" name="TestAttributeExists_Success" />
    </UnitTest>
    <UnitTest name="TestConstructor_ErrorDescription_Success" storage="d:\actions-runner\_work\xpco\xpco\common\gismapshareddata\videoos.gismapshareddata.unittest\bin\debug\videoos.gismapshareddata.unittest.dll" id="a579e24a-b3b3-0e74-d0ad-623787297a42">
      <TestCategory>
        <TestCategoryItem TestCategory="MapCommandException" />
      </TestCategory>
      <Execution id="d9c274e7-bb57-4891-80e8-2530e59f2ba7" />
      <TestMethod codeBase="D:\actions-runner\_work\XPCO\XPCO\Common\GisMapSharedData\VideoOS.GisMapSharedData.UnitTest\bin\Debug\VideoOS.GisMapSharedData.UnitTest.dll" adapterTypeName="executor://mstestadapter/v1" className="VideoOS.GisMapSharedData.UnitTest.CommandExceptions.MapCommandItemAlreadyExistsExceptionTest" name="TestConstructor_ErrorDescription_Success" />
    </UnitTest>
    <UnitTest name="TestAttributeExists_Success" storage="d:\actions-runner\_work\xpco\xpco\common\gismapshareddata\videoos.gismapshareddata.unittest\bin\debug\videoos.gismapshareddata.unittest.dll" id="d55efac6-8dbf-3356-751a-54b4424e775e">
      <TestCategory>
        <TestCategoryItem TestCategory="MapCommandException" />
      </TestCategory>
      <Execution id="909bced2-be3e-4d68-9f02-1b1747e7c8be" />
      <TestMethod codeBase="D:\actions-runner\_work\XPCO\XPCO\Common\GisMapSharedData\VideoOS.GisMapSharedData.UnitTest\bin\Debug\VideoOS.GisMapSharedData.UnitTest.dll" adapterTypeName="executor://mstestadapter/v1" className="VideoOS.GisMapSharedData.UnitTest.CommandExceptions.MapCommandMapNotFoundExceptionTest" name="TestAttributeExists_Success" />
    </UnitTest>
    <UnitTest name="TestAttributeExists_Success" storage="d:\actions-runner\_work\xpco\xpco\common\gismapshareddata\videoos.gismapshareddata.unittest\bin\debug\videoos.gismapshareddata.unittest.dll" id="b74660fc-35dd-abf6-6ed9-4b1145809cd6">
      <TestCategory>
        <TestCategoryItem TestCategory="MapCommandException" />
      </TestCategory>
      <Execution id="b3ef7c6b-fd52-4286-bb45-44ebd57beb9b" />
      <TestMethod codeBase="D:\actions-runner\_work\XPCO\XPCO\Common\GisMapSharedData\VideoOS.GisMapSharedData.UnitTest\bin\Debug\VideoOS.GisMapSharedData.UnitTest.dll" adapterTypeName="executor://mstestadapter/v1" className="VideoOS.GisMapSharedData.UnitTest.CommandExceptions.MapCommandExceptionTest" name="TestAttributeExists_Success" />
    </UnitTest>
    <UnitTest name="TestConstructor_ErrorDescriptionAndInnerException_Success" storage="d:\actions-runner\_work\xpco\xpco\common\gismapshareddata\videoos.gismapshareddata.unittest\bin\debug\videoos.gismapshareddata.unittest.dll" id="51bb8925-8db3-1f91-aa59-d60dd31b89f9">
      <TestCategory>
        <TestCategoryItem TestCategory="MapCommandException" />
      </TestCategory>
      <Execution id="f62e58a7-7cbd-4ea3-964e-c750e0980b0d" />
      <TestMethod codeBase="D:\actions-runner\_work\XPCO\XPCO\Common\GisMapSharedData\VideoOS.GisMapSharedData.UnitTest\bin\Debug\VideoOS.GisMapSharedData.UnitTest.dll" adapterTypeName="executor://mstestadapter/v1" className="VideoOS.GisMapSharedData.UnitTest.CommandExceptions.MapCommandInvalidTypeExceptionTest" name="TestConstructor_ErrorDescriptionAndInnerException_Success" />
    </UnitTest>
    <UnitTest name="TestConstructor_ErrorDescriptionAndItemId_Success" storage="d:\actions-runner\_work\xpco\xpco\common\gismapshareddata\videoos.gismapshareddata.unittest\bin\debug\videoos.gismapshareddata.unittest.dll" id="341e2993-dd9b-b335-097f-377cdba79b28">
      <TestCategory>
        <TestCategoryItem TestCategory="MapCommandException" />
      </TestCategory>
      <Execution id="119476f0-8934-4893-bd3d-fe5d9eb0123f" />
      <TestMethod codeBase="D:\actions-runner\_work\XPCO\XPCO\Common\GisMapSharedData\VideoOS.GisMapSharedData.UnitTest\bin\Debug\VideoOS.GisMapSharedData.UnitTest.dll" adapterTypeName="executor://mstestadapter/v1" className="VideoOS.GisMapSharedData.UnitTest.CommandExceptions.MapCommandItemAlreadyExistsExceptionTest" name="TestConstructor_ErrorDescriptionAndItemId_Success" />
    </UnitTest>
    <UnitTest name="TestConstructor_ErrorDescription_Success" storage="d:\actions-runner\_work\xpco\xpco\common\gismapshareddata\videoos.gismapshareddata.unittest\bin\debug\videoos.gismapshareddata.unittest.dll" id="5f38dc30-d0a8-499e-d516-ebda9a426621">
      <TestCategory>
        <TestCategoryItem TestCategory="MapCommandException" />
      </TestCategory>
      <Execution id="64193771-b429-4679-9f39-50f4cb011b11" />
      <TestMethod codeBase="D:\actions-runner\_work\XPCO\XPCO\Common\GisMapSharedData\VideoOS.GisMapSharedData.UnitTest\bin\Debug\VideoOS.GisMapSharedData.UnitTest.dll" adapterTypeName="executor://mstestadapter/v1" className="VideoOS.GisMapSharedData.UnitTest.CommandExceptions.MapCommandNonUniqueBuildingIdExceptionTest" name="TestConstructor_ErrorDescription_Success" />
    </UnitTest>
    <UnitTest name="TestConstructor_ErrorDescription_Success" storage="d:\actions-runner\_work\xpco\xpco\common\gismapshareddata\videoos.gismapshareddata.unittest\bin\debug\videoos.gismapshareddata.unittest.dll" id="46a7b3d5-55a4-eee5-42d8-d374ad148f41">
      <TestCategory>
        <TestCategoryItem TestCategory="MapCommandException" />
      </TestCategory>
      <Execution id="025462d7-4912-40bf-ab0f-cd59baa17766" />
      <TestMethod codeBase="D:\actions-runner\_work\XPCO\XPCO\Common\GisMapSharedData\VideoOS.GisMapSharedData.UnitTest\bin\Debug\VideoOS.GisMapSharedData.UnitTest.dll" adapterTypeName="executor://mstestadapter/v1" className="VideoOS.GisMapSharedData.UnitTest.CommandExceptions.MapCommandOrderGapFoundExceptionTest" name="TestConstructor_ErrorDescription_Success" />
    </UnitTest>
    <UnitTest name="TestConstructor_ErrorDescriptionAndInnerException_Success" storage="d:\actions-runner\_work\xpco\xpco\common\gismapshareddata\videoos.gismapshareddata.unittest\bin\debug\videoos.gismapshareddata.unittest.dll" id="20aebe3e-4510-5727-c483-614a7d667a4e">
      <TestCategory>
        <TestCategoryItem TestCategory="MapCommandException" />
      </TestCategory>
      <Execution id="959f8a21-4674-4e19-8fe7-e7bf8ab53e98" />
      <TestMethod codeBase="D:\actions-runner\_work\XPCO\XPCO\Common\GisMapSharedData\VideoOS.GisMapSharedData.UnitTest\bin\Debug\VideoOS.GisMapSharedData.UnitTest.dll" adapterTypeName="executor://mstestadapter/v1" className="VideoOS.GisMapSharedData.UnitTest.CommandExceptions.MapCommandLayerOrderGapFoundExceptionTest" name="TestConstructor_ErrorDescriptionAndInnerException_Success" />
    </UnitTest>
    <UnitTest name="TestConstructor_ErrorDescription_Success" storage="d:\actions-runner\_work\xpco\xpco\common\gismapshareddata\videoos.gismapshareddata.unittest\bin\debug\videoos.gismapshareddata.unittest.dll" id="d25606fa-1c10-0505-7905-5091ccf60f29">
      <TestCategory>
        <TestCategoryItem TestCategory="MapCommandException" />
      </TestCategory>
      <Execution id="01fc5e99-86b7-4c8d-985b-1f57e9487416" />
      <TestMethod codeBase="D:\actions-runner\_work\XPCO\XPCO\Common\GisMapSharedData\VideoOS.GisMapSharedData.UnitTest\bin\Debug\VideoOS.GisMapSharedData.UnitTest.dll" adapterTypeName="executor://mstestadapter/v1" className="VideoOS.GisMapSharedData.UnitTest.CommandExceptions.MapCommandViewPointNotFoundExceptionTest" name="TestConstructor_ErrorDescription_Success" />
    </UnitTest>
    <UnitTest name="TestConstructor_ErrorDescriptionAndInnerException_Success" storage="d:\actions-runner\_work\xpco\xpco\common\gismapshareddata\videoos.gismapshareddata.unittest\bin\debug\videoos.gismapshareddata.unittest.dll" id="c9a2a0f4-5052-9f35-6fa1-d26cec5d9b2e">
      <TestCategory>
        <TestCategoryItem TestCategory="MapCommandException" />
      </TestCategory>
      <Execution id="9a3f896a-d4d2-4d21-849c-0893206dade7" />
      <TestMethod codeBase="D:\actions-runner\_work\XPCO\XPCO\Common\GisMapSharedData\VideoOS.GisMapSharedData.UnitTest\bin\Debug\VideoOS.GisMapSharedData.UnitTest.dll" adapterTypeName="executor://mstestadapter/v1" className="VideoOS.GisMapSharedData.UnitTest.CommandExceptions.MapCommandRepositoryNotFoundExceptionTest" name="TestConstructor_ErrorDescriptionAndInnerException_Success" />
    </UnitTest>
    <UnitTest name="TestForUniqueDataContracts_Success" storage="d:\actions-runner\_work\xpco\xpco\common\gismapshareddata\videoos.gismapshareddata.unittest\bin\debug\videoos.gismapshareddata.unittest.dll" id="5124fb47-994c-706e-1ac8-9ad3e825c8f1">
      <Execution id="4d742081-6e95-41b4-abca-6118065ab101" />
      <TestMethod codeBase="D:\actions-runner\_work\XPCO\XPCO\Common\GisMapSharedData\VideoOS.GisMapSharedData.UnitTest\bin\Debug\VideoOS.GisMapSharedData.UnitTest.dll" adapterTypeName="executor://mstestadapter/v1" className="VideoOS.GisMapSharedData.UnitTest.DataContracts.UniqueDataContractTest" name="TestForUniqueDataContracts_Success" />
    </UnitTest>
    <UnitTest name="OnDeserializedClassPropertyFullTree_Success" storage="d:\actions-runner\_work\xpco\xpco\common\gismapshareddata\videoos.gismapshareddata.unittest\bin\debug\videoos.gismapshareddata.unittest.dll" id="e802653e-f2ed-f7c6-a5fb-e01e28492882">
      <Execution id="af8b628d-918a-4997-b8b5-a409b9a7fe42" />
      <TestMethod codeBase="D:\actions-runner\_work\XPCO\XPCO\Common\GisMapSharedData\VideoOS.GisMapSharedData.UnitTest\bin\Debug\VideoOS.GisMapSharedData.UnitTest.dll" adapterTypeName="executor://mstestadapter/v1" className="VideoOS.GisMapSharedData.UnitTest.DataContracts.ParamsRespBaseTest" name="OnDeserializedClassPropertyFullTree_Success" />
    </UnitTest>
    <UnitTest name="CheckAllDataContractsForIUnknownDataPropertiesInterface_Success" storage="d:\actions-runner\_work\xpco\xpco\common\gismapshareddata\videoos.gismapshareddata.unittest\bin\debug\videoos.gismapshareddata.unittest.dll" id="a197526b-8363-3cfa-d897-f9de0fdcf070">
      <Execution id="daa87244-fb3e-43ed-88e4-b0d569e03e01" />
      <TestMethod codeBase="D:\actions-runner\_work\XPCO\XPCO\Common\GisMapSharedData\VideoOS.GisMapSharedData.UnitTest\bin\Debug\VideoOS.GisMapSharedData.UnitTest.dll" adapterTypeName="executor://mstestadapter/v1" className="VideoOS.GisMapSharedData.UnitTest.DataContracts.IUnknownDataPropertiesTest" name="CheckAllDataContractsForIUnknownDataPropertiesInterface_Success" />
    </UnitTest>
    <UnitTest name="TestAttributeExists_Success" storage="d:\actions-runner\_work\xpco\xpco\common\gismapshareddata\videoos.gismapshareddata.unittest\bin\debug\videoos.gismapshareddata.unittest.dll" id="90b58c10-d579-c9fe-3398-dc3c361ed0b4">
      <TestCategory>
        <TestCategoryItem TestCategory="MapCommandException" />
      </TestCategory>
      <Execution id="923e3133-67e3-44a3-b15e-f0e261f7f41e" />
      <TestMethod codeBase="D:\actions-runner\_work\XPCO\XPCO\Common\GisMapSharedData\VideoOS.GisMapSharedData.UnitTest\bin\Debug\VideoOS.GisMapSharedData.UnitTest.dll" adapterTypeName="executor://mstestadapter/v1" className="VideoOS.GisMapSharedData.UnitTest.CommandExceptions.MapCommandMapAlreadyExistsExceptionTest" name="TestAttributeExists_Success" />
    </UnitTest>
    <UnitTest name="TestConstructor_ErrorDescriptionAndInnerException_Success" storage="d:\actions-runner\_work\xpco\xpco\common\gismapshareddata\videoos.gismapshareddata.unittest\bin\debug\videoos.gismapshareddata.unittest.dll" id="3a2b1bad-0152-208e-122a-993b408719f7">
      <TestCategory>
        <TestCategoryItem TestCategory="MapCommandException" />
      </TestCategory>
      <Execution id="d756d2c5-5a02-4126-a79d-6fd74558612e" />
      <TestMethod codeBase="D:\actions-runner\_work\XPCO\XPCO\Common\GisMapSharedData\VideoOS.GisMapSharedData.UnitTest\bin\Debug\VideoOS.GisMapSharedData.UnitTest.dll" adapterTypeName="executor://mstestadapter/v1" className="VideoOS.GisMapSharedData.UnitTest.CommandExceptions.MapCommandOrderGapFoundExceptionTest" name="TestConstructor_ErrorDescriptionAndInnerException_Success" />
    </UnitTest>
    <UnitTest name="TestConstructor_ErrorDescription_Success" storage="d:\actions-runner\_work\xpco\xpco\common\gismapshareddata\videoos.gismapshareddata.unittest\bin\debug\videoos.gismapshareddata.unittest.dll" id="cdb81642-ea0b-a3d0-9125-47311a6a6119">
      <TestCategory>
        <TestCategoryItem TestCategory="MapCommandException" />
      </TestCategory>
      <Execution id="68e0a187-cbd6-4aaa-9e58-de0888b6beb6" />
      <TestMethod codeBase="D:\actions-runner\_work\XPCO\XPCO\Common\GisMapSharedData\VideoOS.GisMapSharedData.UnitTest\bin\Debug\VideoOS.GisMapSharedData.UnitTest.dll" adapterTypeName="executor://mstestadapter/v1" className="VideoOS.GisMapSharedData.UnitTest.CommandExceptions.MapCommandMapAlreadyExistsExceptionTest" name="TestConstructor_ErrorDescription_Success" />
    </UnitTest>
    <UnitTest name="TestConstructor_ErrorDescriptionAndInnerException_Success" storage="d:\actions-runner\_work\xpco\xpco\common\gismapshareddata\videoos.gismapshareddata.unittest\bin\debug\videoos.gismapshareddata.unittest.dll" id="63f594bb-866c-1740-3625-759d01b0ee2b">
      <TestCategory>
        <TestCategoryItem TestCategory="MapCommandException" />
      </TestCategory>
      <Execution id="159c3664-9271-4d67-847e-c6dceeceefdc" />
      <TestMethod codeBase="D:\actions-runner\_work\XPCO\XPCO\Common\GisMapSharedData\VideoOS.GisMapSharedData.UnitTest\bin\Debug\VideoOS.GisMapSharedData.UnitTest.dll" adapterTypeName="executor://mstestadapter/v1" className="VideoOS.GisMapSharedData.UnitTest.CommandExceptions.MapCommandItemAlreadyExistsExceptionTest" name="TestConstructor_ErrorDescriptionAndInnerException_Success" />
    </UnitTest>
    <UnitTest name="TestConstructor_NoParameters_Success" storage="d:\actions-runner\_work\xpco\xpco\common\gismapshareddata\videoos.gismapshareddata.unittest\bin\debug\videoos.gismapshareddata.unittest.dll" id="7fdf6317-47f2-9ce1-b041-a711b45d1e1c">
      <TestCategory>
        <TestCategoryItem TestCategory="MapCommandException" />
      </TestCategory>
      <Execution id="7711c130-88b7-4743-bc22-083d30f3cd9b" />
      <TestMethod codeBase="D:\actions-runner\_work\XPCO\XPCO\Common\GisMapSharedData\VideoOS.GisMapSharedData.UnitTest\bin\Debug\VideoOS.GisMapSharedData.UnitTest.dll" adapterTypeName="executor://mstestadapter/v1" className="VideoOS.GisMapSharedData.UnitTest.CommandExceptions.MapCommandRepositoryNotFoundExceptionTest" name="TestConstructor_NoParameters_Success" />
    </UnitTest>
    <UnitTest name="TestConstructor_ErrorDescriptionAndInnerException_Success" storage="d:\actions-runner\_work\xpco\xpco\common\gismapshareddata\videoos.gismapshareddata.unittest\bin\debug\videoos.gismapshareddata.unittest.dll" id="3e3de984-b158-332c-9e83-071b2fd89bb7">
      <TestCategory>
        <TestCategoryItem TestCategory="MapCommandException" />
      </TestCategory>
      <Execution id="b47f83a2-9f72-4d78-90e4-a45be970eaa9" />
      <TestMethod codeBase="D:\actions-runner\_work\XPCO\XPCO\Common\GisMapSharedData\VideoOS.GisMapSharedData.UnitTest\bin\Debug\VideoOS.GisMapSharedData.UnitTest.dll" adapterTypeName="executor://mstestadapter/v1" className="VideoOS.GisMapSharedData.UnitTest.CommandExceptions.MapCommandLayerNotFoundExceptionTest" name="TestConstructor_ErrorDescriptionAndInnerException_Success" />
    </UnitTest>
    <UnitTest name="OnDeserializedWithUnknownNullObject_Success" storage="d:\actions-runner\_work\xpco\xpco\common\gismapshareddata\videoos.gismapshareddata.unittest\bin\debug\videoos.gismapshareddata.unittest.dll" id="94e7edba-670f-d7b7-71b5-b01347d8f1f1">
      <Execution id="0cfe1c56-7332-494a-9efa-034a46c4bcb7" />
      <TestMethod codeBase="D:\actions-runner\_work\XPCO\XPCO\Common\GisMapSharedData\VideoOS.GisMapSharedData.UnitTest\bin\Debug\VideoOS.GisMapSharedData.UnitTest.dll" adapterTypeName="executor://mstestadapter/v1" className="VideoOS.GisMapSharedData.UnitTest.DataContracts.ParamsRespBaseTest" name="OnDeserializedWithUnknownNullObject_Success" />
    </UnitTest>
    <UnitTest name="TestAttributeExists_Success" storage="d:\actions-runner\_work\xpco\xpco\common\gismapshareddata\videoos.gismapshareddata.unittest\bin\debug\videoos.gismapshareddata.unittest.dll" id="4ca54b1a-2f71-bed7-94b6-34df043645bc">
      <TestCategory>
        <TestCategoryItem TestCategory="MapCommandException" />
      </TestCategory>
      <Execution id="1c7dbf27-0faf-4815-bdf1-4c0fb552b537" />
      <TestMethod codeBase="D:\actions-runner\_work\XPCO\XPCO\Common\GisMapSharedData\VideoOS.GisMapSharedData.UnitTest\bin\Debug\VideoOS.GisMapSharedData.UnitTest.dll" adapterTypeName="executor://mstestadapter/v1" className="VideoOS.GisMapSharedData.UnitTest.CommandExceptions.MapCommandLevelNotFoundExceptionTest" name="TestAttributeExists_Success" />
    </UnitTest>
    <UnitTest name="TestConstructor_RepositoryId_Success" storage="d:\actions-runner\_work\xpco\xpco\common\gismapshareddata\videoos.gismapshareddata.unittest\bin\debug\videoos.gismapshareddata.unittest.dll" id="10c01568-98c2-f651-4062-0ab025fe90b9">
      <TestCategory>
        <TestCategoryItem TestCategory="MapCommandException" />
      </TestCategory>
      <Execution id="cc645865-db5f-415e-90fc-a5741dd2ec51" />
      <TestMethod codeBase="D:\actions-runner\_work\XPCO\XPCO\Common\GisMapSharedData\VideoOS.GisMapSharedData.UnitTest\bin\Debug\VideoOS.GisMapSharedData.UnitTest.dll" adapterTypeName="executor://mstestadapter/v1" className="VideoOS.GisMapSharedData.UnitTest.CommandExceptions.MapCommandRepositoryAlreadyExistsExceptionTest" name="TestConstructor_RepositoryId_Success" />
    </UnitTest>
    <UnitTest name="TestConstructor_ErrorDescription_Success" storage="d:\actions-runner\_work\xpco\xpco\common\gismapshareddata\videoos.gismapshareddata.unittest\bin\debug\videoos.gismapshareddata.unittest.dll" id="0eac311d-2d52-35b9-ece5-69fa5a600a88">
      <TestCategory>
        <TestCategoryItem TestCategory="MapCommandException" />
      </TestCategory>
      <Execution id="14b6a76c-61ea-4fff-ab32-ed864298161f" />
      <TestMethod codeBase="D:\actions-runner\_work\XPCO\XPCO\Common\GisMapSharedData\VideoOS.GisMapSharedData.UnitTest\bin\Debug\VideoOS.GisMapSharedData.UnitTest.dll" adapterTypeName="executor://mstestadapter/v1" className="VideoOS.GisMapSharedData.UnitTest.CommandExceptions.MapCommandLayerNotFoundExceptionTest" name="TestConstructor_ErrorDescription_Success" />
    </UnitTest>
    <UnitTest name="TestConstructor_ErrorDescriptionAndInnerException_Success" storage="d:\actions-runner\_work\xpco\xpco\common\gismapshareddata\videoos.gismapshareddata.unittest\bin\debug\videoos.gismapshareddata.unittest.dll" id="8a18b369-b564-de78-237f-e905d4c9f3c9">
      <TestCategory>
        <TestCategoryItem TestCategory="MapCommandException" />
      </TestCategory>
      <Execution id="f3e2724a-c812-4a54-a8e0-aeaa331399b3" />
      <TestMethod codeBase="D:\actions-runner\_work\XPCO\XPCO\Common\GisMapSharedData\VideoOS.GisMapSharedData.UnitTest\bin\Debug\VideoOS.GisMapSharedData.UnitTest.dll" adapterTypeName="executor://mstestadapter/v1" className="VideoOS.GisMapSharedData.UnitTest.CommandExceptions.MapCommandMapAlreadyExistsExceptionTest" name="TestConstructor_ErrorDescriptionAndInnerException_Success" />
    </UnitTest>
    <UnitTest name="TestAttributeExists_Success" storage="d:\actions-runner\_work\xpco\xpco\common\gismapshareddata\videoos.gismapshareddata.unittest\bin\debug\videoos.gismapshareddata.unittest.dll" id="28373339-424d-4fa5-b1a9-7715725e7339">
      <TestCategory>
        <TestCategoryItem TestCategory="MapCommandException" />
      </TestCategory>
      <Execution id="a47d06ac-29f8-4db5-8faa-3a26365ca717" />
      <TestMethod codeBase="D:\actions-runner\_work\XPCO\XPCO\Common\GisMapSharedData\VideoOS.GisMapSharedData.UnitTest\bin\Debug\VideoOS.GisMapSharedData.UnitTest.dll" adapterTypeName="executor://mstestadapter/v1" className="VideoOS.GisMapSharedData.UnitTest.CommandExceptions.MapCommandDatabaseExtraRowsExceptionTest" name="TestAttributeExists_Success" />
    </UnitTest>
    <UnitTest name="TestAttributeExists_Success" storage="d:\actions-runner\_work\xpco\xpco\common\gismapshareddata\videoos.gismapshareddata.unittest\bin\debug\videoos.gismapshareddata.unittest.dll" id="c34e4386-ca6b-97c5-aead-09efd148f3b6">
      <TestCategory>
        <TestCategoryItem TestCategory="MapCommandException" />
      </TestCategory>
      <Execution id="619a70c1-72c2-41f5-9295-450a305bee65" />
      <TestMethod codeBase="D:\actions-runner\_work\XPCO\XPCO\Common\GisMapSharedData\VideoOS.GisMapSharedData.UnitTest\bin\Debug\VideoOS.GisMapSharedData.UnitTest.dll" adapterTypeName="executor://mstestadapter/v1" className="VideoOS.GisMapSharedData.UnitTest.CommandExceptions.MapCommandBuildingNotFoundExceptionTest" name="TestAttributeExists_Success" />
    </UnitTest>
    <UnitTest name="TestConstructorNoParameters" storage="d:\actions-runner\_work\xpco\xpco\common\gismapshareddata\videoos.gismapshareddata.unittest\bin\debug\videoos.gismapshareddata.unittest.dll" id="fdbae078-1446-ebe1-792d-e0a8f563a8a9">
      <TestCategory>
        <TestCategoryItem TestCategory="MapCommandException" />
      </TestCategory>
      <Execution id="d5c72045-0c74-49d0-9cc1-79f9976c3f34" />
      <TestMethod codeBase="D:\actions-runner\_work\XPCO\XPCO\Common\GisMapSharedData\VideoOS.GisMapSharedData.UnitTest\bin\Debug\VideoOS.GisMapSharedData.UnitTest.dll" adapterTypeName="executor://mstestadapter/v1" className="VideoOS.GisMapSharedData.UnitTest.CommandExceptions.MapCommandExceptionTest" name="TestConstructorNoParameters" />
    </UnitTest>
    <UnitTest name="TestConstructor_NoParameters_Success" storage="d:\actions-runner\_work\xpco\xpco\common\gismapshareddata\videoos.gismapshareddata.unittest\bin\debug\videoos.gismapshareddata.unittest.dll" id="93171284-da1b-6880-cab4-616aaa4da299">
      <TestCategory>
        <TestCategoryItem TestCategory="MapCommandException" />
      </TestCategory>
      <Execution id="695331d2-105d-42a0-976d-e390a0a71788" />
      <TestMethod codeBase="D:\actions-runner\_work\XPCO\XPCO\Common\GisMapSharedData\VideoOS.GisMapSharedData.UnitTest\bin\Debug\VideoOS.GisMapSharedData.UnitTest.dll" adapterTypeName="executor://mstestadapter/v1" className="VideoOS.GisMapSharedData.UnitTest.CommandExceptions.MapCommandItemAlreadyExistsExceptionTest" name="TestConstructor_NoParameters_Success" />
    </UnitTest>
    <UnitTest name="TestConstructor_NoParameters_Success" storage="d:\actions-runner\_work\xpco\xpco\common\gismapshareddata\videoos.gismapshareddata.unittest\bin\debug\videoos.gismapshareddata.unittest.dll" id="8ec5d7f7-1b49-9ed3-d00e-af262c17469d">
      <TestCategory>
        <TestCategoryItem TestCategory="MapCommandException" />
      </TestCategory>
      <Execution id="226bd055-16e2-42ab-9e28-644fda3b95e8" />
      <TestMethod codeBase="D:\actions-runner\_work\XPCO\XPCO\Common\GisMapSharedData\VideoOS.GisMapSharedData.UnitTest\bin\Debug\VideoOS.GisMapSharedData.UnitTest.dll" adapterTypeName="executor://mstestadapter/v1" className="VideoOS.GisMapSharedData.UnitTest.CommandExceptions.MapCommandBuildingAlreadyExistsExceptionTest" name="TestConstructor_NoParameters_Success" />
    </UnitTest>
    <UnitTest name="TestConstructor_ErrorDescription_Success" storage="d:\actions-runner\_work\xpco\xpco\common\gismapshareddata\videoos.gismapshareddata.unittest\bin\debug\videoos.gismapshareddata.unittest.dll" id="11dc1696-abf2-582d-6c14-3c3ec02b0b90">
      <TestCategory>
        <TestCategoryItem TestCategory="MapCommandException" />
      </TestCategory>
      <Execution id="e94adfde-ec33-4bbc-b5a5-407fa391a424" />
      <TestMethod codeBase="D:\actions-runner\_work\XPCO\XPCO\Common\GisMapSharedData\VideoOS.GisMapSharedData.UnitTest\bin\Debug\VideoOS.GisMapSharedData.UnitTest.dll" adapterTypeName="executor://mstestadapter/v1" className="VideoOS.GisMapSharedData.UnitTest.CommandExceptions.MapCommandInvalidAuthorizationExceptionTest" name="TestConstructor_ErrorDescription_Success" />
    </UnitTest>
    <UnitTest name="TestAttributeExists_Success" storage="d:\actions-runner\_work\xpco\xpco\common\gismapshareddata\videoos.gismapshareddata.unittest\bin\debug\videoos.gismapshareddata.unittest.dll" id="73f10034-290b-8e1a-12a8-dce66caaebbe">
      <TestCategory>
        <TestCategoryItem TestCategory="MapCommandException" />
      </TestCategory>
      <Execution id="32ca75c8-e3f0-4c34-bc8d-dbcbe32f0603" />
      <TestMethod codeBase="D:\actions-runner\_work\XPCO\XPCO\Common\GisMapSharedData\VideoOS.GisMapSharedData.UnitTest\bin\Debug\VideoOS.GisMapSharedData.UnitTest.dll" adapterTypeName="executor://mstestadapter/v1" className="VideoOS.GisMapSharedData.UnitTest.CommandExceptions.MapCommandBuildingAlreadyExistsExceptionTest" name="TestAttributeExists_Success" />
    </UnitTest>
    <UnitTest name="TestConstructor_NoParameters_Success" storage="d:\actions-runner\_work\xpco\xpco\common\gismapshareddata\videoos.gismapshareddata.unittest\bin\debug\videoos.gismapshareddata.unittest.dll" id="b8f5e07c-999a-e6f5-8468-ed22e1a19fb2">
      <TestCategory>
        <TestCategoryItem TestCategory="MapCommandException" />
      </TestCategory>
      <Execution id="78aa519e-9435-4350-989a-7c464e6cdd3f" />
      <TestMethod codeBase="D:\actions-runner\_work\XPCO\XPCO\Common\GisMapSharedData\VideoOS.GisMapSharedData.UnitTest\bin\Debug\VideoOS.GisMapSharedData.UnitTest.dll" adapterTypeName="executor://mstestadapter/v1" className="VideoOS.GisMapSharedData.UnitTest.CommandExceptions.MapCommandRepositoryAlreadyExistsExceptionTest" name="TestConstructor_NoParameters_Success" />
    </UnitTest>
    <UnitTest name="OnSerializingWithUnknownClassPropertyRootLevel_Success" storage="d:\actions-runner\_work\xpco\xpco\common\gismapshareddata\videoos.gismapshareddata.unittest\bin\debug\videoos.gismapshareddata.unittest.dll" id="7f0c8b03-44ec-d73b-cae3-862acebe79ab">
      <Execution id="6611cc24-a32f-4887-b5d4-5d2c7f7ce262" />
      <TestMethod codeBase="D:\actions-runner\_work\XPCO\XPCO\Common\GisMapSharedData\VideoOS.GisMapSharedData.UnitTest\bin\Debug\VideoOS.GisMapSharedData.UnitTest.dll" adapterTypeName="executor://mstestadapter/v1" className="VideoOS.GisMapSharedData.UnitTest.DataContracts.ParamsRespBaseTest" name="OnSerializingWithUnknownClassPropertyRootLevel_Success" />
    </UnitTest>
    <UnitTest name="TestConstructor_ErrorDescriptionInnerExceptionAndLayerId_Success" storage="d:\actions-runner\_work\xpco\xpco\common\gismapshareddata\videoos.gismapshareddata.unittest\bin\debug\videoos.gismapshareddata.unittest.dll" id="4bd0f159-9896-a4fd-1597-28748cd21d98">
      <TestCategory>
        <TestCategoryItem TestCategory="MapCommandException" />
      </TestCategory>
      <Execution id="2f3dcd7e-f8d1-4b59-af05-4b2ad7cb527a" />
      <TestMethod codeBase="D:\actions-runner\_work\XPCO\XPCO\Common\GisMapSharedData\VideoOS.GisMapSharedData.UnitTest\bin\Debug\VideoOS.GisMapSharedData.UnitTest.dll" adapterTypeName="executor://mstestadapter/v1" className="VideoOS.GisMapSharedData.UnitTest.CommandExceptions.MapCommandLayerAlreadyExistsExceptionTest" name="TestConstructor_ErrorDescriptionInnerExceptionAndLayerId_Success" />
    </UnitTest>
    <UnitTest name="TestConstructor_ErrorDescriptionInnerExceptionAndBuildingId_Success" storage="d:\actions-runner\_work\xpco\xpco\common\gismapshareddata\videoos.gismapshareddata.unittest\bin\debug\videoos.gismapshareddata.unittest.dll" id="5e020671-df3b-8924-3300-17b048ed033b">
      <TestCategory>
        <TestCategoryItem TestCategory="MapCommandException" />
      </TestCategory>
      <Execution id="3f9028ff-27b7-4f58-931d-1519639e6844" />
      <TestMethod codeBase="D:\actions-runner\_work\XPCO\XPCO\Common\GisMapSharedData\VideoOS.GisMapSharedData.UnitTest\bin\Debug\VideoOS.GisMapSharedData.UnitTest.dll" adapterTypeName="executor://mstestadapter/v1" className="VideoOS.GisMapSharedData.UnitTest.CommandExceptions.MapCommandBuildingAlreadyExistsExceptionTest" name="TestConstructor_ErrorDescriptionInnerExceptionAndBuildingId_Success" />
    </UnitTest>
    <UnitTest name="TestConstructor_ErrorDescriptionAndViewPointId_Success" storage="d:\actions-runner\_work\xpco\xpco\common\gismapshareddata\videoos.gismapshareddata.unittest\bin\debug\videoos.gismapshareddata.unittest.dll" id="f866f2e4-459a-2239-c4e5-97d252abda62">
      <TestCategory>
        <TestCategoryItem TestCategory="MapCommandException" />
      </TestCategory>
      <Execution id="cbce68f6-b435-49f1-b356-0f4ed8c2f63c" />
      <TestMethod codeBase="D:\actions-runner\_work\XPCO\XPCO\Common\GisMapSharedData\VideoOS.GisMapSharedData.UnitTest\bin\Debug\VideoOS.GisMapSharedData.UnitTest.dll" adapterTypeName="executor://mstestadapter/v1" className="VideoOS.GisMapSharedData.UnitTest.CommandExceptions.MapCommandViewPointAlreadyExistsExceptionTest" name="TestConstructor_ErrorDescriptionAndViewPointId_Success" />
    </UnitTest>
    <UnitTest name="TestAttributeExists_Success" storage="d:\actions-runner\_work\xpco\xpco\common\gismapshareddata\videoos.gismapshareddata.unittest\bin\debug\videoos.gismapshareddata.unittest.dll" id="9f9a3775-bca6-42e6-d927-061df44ced88">
      <TestCategory>
        <TestCategoryItem TestCategory="MapCommandException" />
      </TestCategory>
      <Execution id="d017fe07-9cc2-418d-bdcf-971b34d6b933" />
      <TestMethod codeBase="D:\actions-runner\_work\XPCO\XPCO\Common\GisMapSharedData\VideoOS.GisMapSharedData.UnitTest\bin\Debug\VideoOS.GisMapSharedData.UnitTest.dll" adapterTypeName="executor://mstestadapter/v1" className="VideoOS.GisMapSharedData.UnitTest.CommandExceptions.MapCommandNonUniqueBuildingIdExceptionTest" name="TestAttributeExists_Success" />
    </UnitTest>
    <UnitTest name="TestConstructor_ErrorDescriptionAndInnerException_Success" storage="d:\actions-runner\_work\xpco\xpco\common\gismapshareddata\videoos.gismapshareddata.unittest\bin\debug\videoos.gismapshareddata.unittest.dll" id="5f66a694-24a9-8fe8-709a-d2e4e28abe92">
      <TestCategory>
        <TestCategoryItem TestCategory="MapCommandException" />
      </TestCategory>
      <Execution id="dd140c73-f1cb-423c-aba9-dc892c0ceb68" />
      <TestMethod codeBase="D:\actions-runner\_work\XPCO\XPCO\Common\GisMapSharedData\VideoOS.GisMapSharedData.UnitTest\bin\Debug\VideoOS.GisMapSharedData.UnitTest.dll" adapterTypeName="executor://mstestadapter/v1" className="VideoOS.GisMapSharedData.UnitTest.CommandExceptions.MapCommandRepositoryAlreadyExistsExceptionTest" name="TestConstructor_ErrorDescriptionAndInnerException_Success" />
    </UnitTest>
    <UnitTest name="TestConstructor_NoParameters_Success" storage="d:\actions-runner\_work\xpco\xpco\common\gismapshareddata\videoos.gismapshareddata.unittest\bin\debug\videoos.gismapshareddata.unittest.dll" id="184a3a51-f871-d2ab-a74c-c3bd6163228d">
      <TestCategory>
        <TestCategoryItem TestCategory="MapCommandException" />
      </TestCategory>
      <Execution id="c4d966e6-66aa-4d74-82a8-674a4528ed42" />
      <TestMethod codeBase="D:\actions-runner\_work\XPCO\XPCO\Common\GisMapSharedData\VideoOS.GisMapSharedData.UnitTest\bin\Debug\VideoOS.GisMapSharedData.UnitTest.dll" adapterTypeName="executor://mstestadapter/v1" className="VideoOS.GisMapSharedData.UnitTest.CommandExceptions.MapCommandLayerAlreadyExistsExceptionTest" name="TestConstructor_NoParameters_Success" />
    </UnitTest>
    <UnitTest name="TestAttributeExists_Success" storage="d:\actions-runner\_work\xpco\xpco\common\gismapshareddata\videoos.gismapshareddata.unittest\bin\debug\videoos.gismapshareddata.unittest.dll" id="83e306ad-0720-17dd-8153-763a9cf1f945">
      <TestCategory>
        <TestCategoryItem TestCategory="MapCommandException" />
      </TestCategory>
      <Execution id="6f68b009-671f-4114-8b92-57001419e4a9" />
      <TestMethod codeBase="D:\actions-runner\_work\XPCO\XPCO\Common\GisMapSharedData\VideoOS.GisMapSharedData.UnitTest\bin\Debug\VideoOS.GisMapSharedData.UnitTest.dll" adapterTypeName="executor://mstestadapter/v1" className="VideoOS.GisMapSharedData.UnitTest.CommandExceptions.MapCommandViewPointNotFoundExceptionTest" name="TestAttributeExists_Success" />
    </UnitTest>
    <UnitTest name="TestConstructor_ErrorDescription_Success" storage="d:\actions-runner\_work\xpco\xpco\common\gismapshareddata\videoos.gismapshareddata.unittest\bin\debug\videoos.gismapshareddata.unittest.dll" id="480811c1-6c02-e540-e71d-bf889c898b59">
      <TestCategory>
        <TestCategoryItem TestCategory="MapCommandException" />
      </TestCategory>
      <Execution id="5729247b-9796-4725-99f7-2a4b1a6a4ff8" />
      <TestMethod codeBase="D:\actions-runner\_work\XPCO\XPCO\Common\GisMapSharedData\VideoOS.GisMapSharedData.UnitTest\bin\Debug\VideoOS.GisMapSharedData.UnitTest.dll" adapterTypeName="executor://mstestadapter/v1" className="VideoOS.GisMapSharedData.UnitTest.CommandExceptions.MapCommandRepositoryAlreadyExistsExceptionTest" name="TestConstructor_ErrorDescription_Success" />
    </UnitTest>
    <UnitTest name="TestConstructor_ErrorDescriptionAndInnerException_Success" storage="d:\actions-runner\_work\xpco\xpco\common\gismapshareddata\videoos.gismapshareddata.unittest\bin\debug\videoos.gismapshareddata.unittest.dll" id="e8e7b6ff-daa9-9553-3f18-d1e9c2a386bb">
      <TestCategory>
        <TestCategoryItem TestCategory="MapCommandException" />
      </TestCategory>
      <Execution id="fc8cac21-58c5-4c50-9bf6-3995a46f6eb2" />
      <TestMethod codeBase="D:\actions-runner\_work\XPCO\XPCO\Common\GisMapSharedData\VideoOS.GisMapSharedData.UnitTest\bin\Debug\VideoOS.GisMapSharedData.UnitTest.dll" adapterTypeName="executor://mstestadapter/v1" className="VideoOS.GisMapSharedData.UnitTest.CommandExceptions.MapCommandOrderDuplicateFoundExceptionTest" name="TestConstructor_ErrorDescriptionAndInnerException_Success" />
    </UnitTest>
    <UnitTest name="TestConstructor_NoParameters_Success" storage="d:\actions-runner\_work\xpco\xpco\common\gismapshareddata\videoos.gismapshareddata.unittest\bin\debug\videoos.gismapshareddata.unittest.dll" id="a4a6df87-1d53-2fee-ac08-7a6fd9d043b0">
      <TestCategory>
        <TestCategoryItem TestCategory="MapCommandException" />
      </TestCategory>
      <Execution id="14376a86-917b-4908-8aaa-38d47b894825" />
      <TestMethod codeBase="D:\actions-runner\_work\XPCO\XPCO\Common\GisMapSharedData\VideoOS.GisMapSharedData.UnitTest\bin\Debug\VideoOS.GisMapSharedData.UnitTest.dll" adapterTypeName="executor://mstestadapter/v1" className="VideoOS.GisMapSharedData.UnitTest.CommandExceptions.MapCommandItemNotFoundExceptionTest" name="TestConstructor_NoParameters_Success" />
    </UnitTest>
    <UnitTest name="TestConstructor_ItemId_Success" storage="d:\actions-runner\_work\xpco\xpco\common\gismapshareddata\videoos.gismapshareddata.unittest\bin\debug\videoos.gismapshareddata.unittest.dll" id="ba4efa3e-0766-d90d-3aef-adbd4439580e">
      <TestCategory>
        <TestCategoryItem TestCategory="MapCommandException" />
      </TestCategory>
      <Execution id="00508b0b-7376-4bf3-a4a6-97488e32629d" />
      <TestMethod codeBase="D:\actions-runner\_work\XPCO\XPCO\Common\GisMapSharedData\VideoOS.GisMapSharedData.UnitTest\bin\Debug\VideoOS.GisMapSharedData.UnitTest.dll" adapterTypeName="executor://mstestadapter/v1" className="VideoOS.GisMapSharedData.UnitTest.CommandExceptions.MapCommandItemAlreadyExistsExceptionTest" name="TestConstructor_ItemId_Success" />
    </UnitTest>
    <UnitTest name="TestConstructor_ErrorDescriptionAndBuildingId_Success" storage="d:\actions-runner\_work\xpco\xpco\common\gismapshareddata\videoos.gismapshareddata.unittest\bin\debug\videoos.gismapshareddata.unittest.dll" id="9dae148e-8f2c-6058-7353-33e92fc4f3e9">
      <TestCategory>
        <TestCategoryItem TestCategory="MapCommandException" />
      </TestCategory>
      <Execution id="89f228fa-306d-4011-828e-3373e6a3eacb" />
      <TestMethod codeBase="D:\actions-runner\_work\XPCO\XPCO\Common\GisMapSharedData\VideoOS.GisMapSharedData.UnitTest\bin\Debug\VideoOS.GisMapSharedData.UnitTest.dll" adapterTypeName="executor://mstestadapter/v1" className="VideoOS.GisMapSharedData.UnitTest.CommandExceptions.MapCommandLevelAlreadyExistsExceptionTest" name="TestConstructor_ErrorDescriptionAndBuildingId_Success" />
    </UnitTest>
    <UnitTest name="OnDeserializedWithNullStringRefrenceTypes_Success" storage="d:\actions-runner\_work\xpco\xpco\common\gismapshareddata\videoos.gismapshareddata.unittest\bin\debug\videoos.gismapshareddata.unittest.dll" id="f0b76e53-cc7c-7748-9728-6daa9ee04def">
      <Execution id="dbffc3ac-b43f-451c-b11c-176376153ea1" />
      <TestMethod codeBase="D:\actions-runner\_work\XPCO\XPCO\Common\GisMapSharedData\VideoOS.GisMapSharedData.UnitTest\bin\Debug\VideoOS.GisMapSharedData.UnitTest.dll" adapterTypeName="executor://mstestadapter/v1" className="VideoOS.GisMapSharedData.UnitTest.DataContracts.ParamsRespBaseTest" name="OnDeserializedWithNullStringRefrenceTypes_Success" />
    </UnitTest>
    <UnitTest name="TestConstructor_ErrorDescription_Success" storage="d:\actions-runner\_work\xpco\xpco\common\gismapshareddata\videoos.gismapshareddata.unittest\bin\debug\videoos.gismapshareddata.unittest.dll" id="097e3290-628c-79f1-298b-e467814955d1">
      <TestCategory>
        <TestCategoryItem TestCategory="MapCommandException" />
      </TestCategory>
      <Execution id="2b212f2a-be2a-4a68-8b2a-628d5c092afb" />
      <TestMethod codeBase="D:\actions-runner\_work\XPCO\XPCO\Common\GisMapSharedData\VideoOS.GisMapSharedData.UnitTest\bin\Debug\VideoOS.GisMapSharedData.UnitTest.dll" adapterTypeName="executor://mstestadapter/v1" className="VideoOS.GisMapSharedData.UnitTest.CommandExceptions.MapCommandMapNotFoundExceptionTest" name="TestConstructor_ErrorDescription_Success" />
    </UnitTest>
    <UnitTest name="TestConstructor_ErrorDescriptionAndBuildingId_Success" storage="d:\actions-runner\_work\xpco\xpco\common\gismapshareddata\videoos.gismapshareddata.unittest\bin\debug\videoos.gismapshareddata.unittest.dll" id="62159787-4524-b94c-85db-4443daf6e58b">
      <TestCategory>
        <TestCategoryItem TestCategory="MapCommandException" />
      </TestCategory>
      <Execution id="76805161-ef90-4d52-b369-2cfd98062047" />
      <TestMethod codeBase="D:\actions-runner\_work\XPCO\XPCO\Common\GisMapSharedData\VideoOS.GisMapSharedData.UnitTest\bin\Debug\VideoOS.GisMapSharedData.UnitTest.dll" adapterTypeName="executor://mstestadapter/v1" className="VideoOS.GisMapSharedData.UnitTest.CommandExceptions.MapCommandBuildingAlreadyExistsExceptionTest" name="TestConstructor_ErrorDescriptionAndBuildingId_Success" />
    </UnitTest>
    <UnitTest name="TestConstructor_NoParameters_Success" storage="d:\actions-runner\_work\xpco\xpco\common\gismapshareddata\videoos.gismapshareddata.unittest\bin\debug\videoos.gismapshareddata.unittest.dll" id="a55ddb66-42e1-5812-aeda-1ccb1a6ac5e6">
      <TestCategory>
        <TestCategoryItem TestCategory="MapCommandException" />
      </TestCategory>
      <Execution id="688f5df1-9251-4b1f-91b8-c131893dddac" />
      <TestMethod codeBase="D:\actions-runner\_work\XPCO\XPCO\Common\GisMapSharedData\VideoOS.GisMapSharedData.UnitTest\bin\Debug\VideoOS.GisMapSharedData.UnitTest.dll" adapterTypeName="executor://mstestadapter/v1" className="VideoOS.GisMapSharedData.UnitTest.CommandExceptions.MapCommandMapAlreadyExistsExceptionTest" name="TestConstructor_NoParameters_Success" />
    </UnitTest>
    <UnitTest name="OnDeserializedWithArrayStringRefrenceTypes_Success" storage="d:\actions-runner\_work\xpco\xpco\common\gismapshareddata\videoos.gismapshareddata.unittest\bin\debug\videoos.gismapshareddata.unittest.dll" id="d8302d20-c4fe-706a-b731-5d3573ae6958">
      <Execution id="eb95cb7f-8446-488a-8d2a-ea5cba81a280" />
      <TestMethod codeBase="D:\actions-runner\_work\XPCO\XPCO\Common\GisMapSharedData\VideoOS.GisMapSharedData.UnitTest\bin\Debug\VideoOS.GisMapSharedData.UnitTest.dll" adapterTypeName="executor://mstestadapter/v1" className="VideoOS.GisMapSharedData.UnitTest.DataContracts.ParamsRespBaseTest" name="OnDeserializedWithArrayStringRefrenceTypes_Success" />
    </UnitTest>
    <UnitTest name="TestConstructor_NoParameters_Success" storage="d:\actions-runner\_work\xpco\xpco\common\gismapshareddata\videoos.gismapshareddata.unittest\bin\debug\videoos.gismapshareddata.unittest.dll" id="4ff28219-9499-01b7-e059-536dcd81e10f">
      <TestCategory>
        <TestCategoryItem TestCategory="MapCommandException" />
      </TestCategory>
      <Execution id="7885cde8-a00a-4726-bdb9-ddbbbe445825" />
      <TestMethod codeBase="D:\actions-runner\_work\XPCO\XPCO\Common\GisMapSharedData\VideoOS.GisMapSharedData.UnitTest\bin\Debug\VideoOS.GisMapSharedData.UnitTest.dll" adapterTypeName="executor://mstestadapter/v1" className="VideoOS.GisMapSharedData.UnitTest.CommandExceptions.MapCommandBuildingNotFoundExceptionTest" name="TestConstructor_NoParameters_Success" />
    </UnitTest>
    <UnitTest name="TestConstructor_LayerId_Success" storage="d:\actions-runner\_work\xpco\xpco\common\gismapshareddata\videoos.gismapshareddata.unittest\bin\debug\videoos.gismapshareddata.unittest.dll" id="e381c0fb-5353-6eeb-9f97-490140e80ec5">
      <TestCategory>
        <TestCategoryItem TestCategory="MapCommandException" />
      </TestCategory>
      <Execution id="866948dc-fd64-4c63-b956-952f9ae01b83" />
      <TestMethod codeBase="D:\actions-runner\_work\XPCO\XPCO\Common\GisMapSharedData\VideoOS.GisMapSharedData.UnitTest\bin\Debug\VideoOS.GisMapSharedData.UnitTest.dll" adapterTypeName="executor://mstestadapter/v1" className="VideoOS.GisMapSharedData.UnitTest.CommandExceptions.MapCommandLayerAlreadyExistsExceptionTest" name="TestConstructor_LayerId_Success" />
    </UnitTest>
    <UnitTest name="TestAttributeExists_Success" storage="d:\actions-runner\_work\xpco\xpco\common\gismapshareddata\videoos.gismapshareddata.unittest\bin\debug\videoos.gismapshareddata.unittest.dll" id="d917af11-a672-fe91-a06a-ba8a57852e9c">
      <TestCategory>
        <TestCategoryItem TestCategory="MapCommandException" />
      </TestCategory>
      <Execution id="863b5c93-9ed9-44a5-a406-99cffbdb4325" />
      <TestMethod codeBase="D:\actions-runner\_work\XPCO\XPCO\Common\GisMapSharedData\VideoOS.GisMapSharedData.UnitTest\bin\Debug\VideoOS.GisMapSharedData.UnitTest.dll" adapterTypeName="executor://mstestadapter/v1" className="VideoOS.GisMapSharedData.UnitTest.CommandExceptions.MapCommandItemNotFoundExceptionTest" name="TestAttributeExists_Success" />
    </UnitTest>
    <UnitTest name="TestConstructor_ErrorDescriptionAndInnerException_Success" storage="d:\actions-runner\_work\xpco\xpco\common\gismapshareddata\videoos.gismapshareddata.unittest\bin\debug\videoos.gismapshareddata.unittest.dll" id="f48319ab-decd-3d5b-168c-0dab4b1ab9bf">
      <TestCategory>
        <TestCategoryItem TestCategory="MapCommandException" />
      </TestCategory>
      <Execution id="f6f33747-00e9-463c-98e5-98a7f44b522f" />
      <TestMethod codeBase="D:\actions-runner\_work\XPCO\XPCO\Common\GisMapSharedData\VideoOS.GisMapSharedData.UnitTest\bin\Debug\VideoOS.GisMapSharedData.UnitTest.dll" adapterTypeName="executor://mstestadapter/v1" className="VideoOS.GisMapSharedData.UnitTest.CommandExceptions.MapCommandViewPointNotFoundExceptionTest" name="TestConstructor_ErrorDescriptionAndInnerException_Success" />
    </UnitTest>
    <UnitTest name="TestCopyMatchingProperties_CopyDeclaredOnlyType2PropertiesToType1_Success" storage="d:\actions-runner\_work\xpco\xpco\common\gismapshareddata\videoos.gismapshareddata.unittest\bin\debug\videoos.gismapshareddata.unittest.dll" id="3d3e5d00-fe6d-eaa1-184f-d87c1b5b6276">
      <TestCategory>
        <TestCategoryItem TestCategory="CopyPropertyTool" />
      </TestCategory>
      <Execution id="517a72e1-5a07-4f4a-9cb7-b7d6fb75e973" />
      <TestMethod codeBase="D:\actions-runner\_work\XPCO\XPCO\Common\GisMapSharedData\VideoOS.GisMapSharedData.UnitTest\bin\Debug\VideoOS.GisMapSharedData.UnitTest.dll" adapterTypeName="executor://mstestadapter/v1" className="VideoOS.GisMapSharedData.UnitTest.Utilities.ClassPropertyHelperTest" name="TestCopyMatchingProperties_CopyDeclaredOnlyType2PropertiesToType1_Success" />
    </UnitTest>
    <UnitTest name="TestConstructor_ErrorDescription_Success" storage="d:\actions-runner\_work\xpco\xpco\common\gismapshareddata\videoos.gismapshareddata.unittest\bin\debug\videoos.gismapshareddata.unittest.dll" id="515905de-2da1-0621-8ddb-e60fb4ec60d5">
      <TestCategory>
        <TestCategoryItem TestCategory="MapCommandException" />
      </TestCategory>
      <Execution id="a6d756f0-a4bd-43b6-8cea-62cf2b90b7fa" />
      <TestMethod codeBase="D:\actions-runner\_work\XPCO\XPCO\Common\GisMapSharedData\VideoOS.GisMapSharedData.UnitTest\bin\Debug\VideoOS.GisMapSharedData.UnitTest.dll" adapterTypeName="executor://mstestadapter/v1" className="VideoOS.GisMapSharedData.UnitTest.CommandExceptions.MapCommandLevelAlreadyExistsExceptionTest" name="TestConstructor_ErrorDescription_Success" />
    </UnitTest>
    <UnitTest name="TestAttributeExists_Success" storage="d:\actions-runner\_work\xpco\xpco\common\gismapshareddata\videoos.gismapshareddata.unittest\bin\debug\videoos.gismapshareddata.unittest.dll" id="f410af74-3fc1-e30d-3d9f-798dac046972">
      <TestCategory>
        <TestCategoryItem TestCategory="MapCommandException" />
      </TestCategory>
      <Execution id="0b238ea7-0021-4134-8041-6a0e3bea94b3" />
      <TestMethod codeBase="D:\actions-runner\_work\XPCO\XPCO\Common\GisMapSharedData\VideoOS.GisMapSharedData.UnitTest\bin\Debug\VideoOS.GisMapSharedData.UnitTest.dll" adapterTypeName="executor://mstestadapter/v1" className="VideoOS.GisMapSharedData.UnitTest.CommandExceptions.MapCommandLayerAlreadyExistsExceptionTest" name="TestAttributeExists_Success" />
    </UnitTest>
    <UnitTest name="OnSerializingWithArrayValueTypes_Success" storage="d:\actions-runner\_work\xpco\xpco\common\gismapshareddata\videoos.gismapshareddata.unittest\bin\debug\videoos.gismapshareddata.unittest.dll" id="c24c28c7-9433-8c3c-0318-acd1909dbbfc">
      <Execution id="5635f45b-eccb-4ab5-9670-dfd05f6e6332" />
      <TestMethod codeBase="D:\actions-runner\_work\XPCO\XPCO\Common\GisMapSharedData\VideoOS.GisMapSharedData.UnitTest\bin\Debug\VideoOS.GisMapSharedData.UnitTest.dll" adapterTypeName="executor://mstestadapter/v1" className="VideoOS.GisMapSharedData.UnitTest.DataContracts.ParamsRespBaseTest" name="OnSerializingWithArrayValueTypes_Success" />
    </UnitTest>
    <UnitTest name="TestConstructor_ErrorDescriptionAndInnerException_Success" storage="d:\actions-runner\_work\xpco\xpco\common\gismapshareddata\videoos.gismapshareddata.unittest\bin\debug\videoos.gismapshareddata.unittest.dll" id="7a13931a-2a57-dd25-3394-5b0fba70fbfc">
      <TestCategory>
        <TestCategoryItem TestCategory="MapCommandException" />
      </TestCategory>
      <Execution id="7407e9ff-b05f-4a0d-b46f-13a79d1a7cb0" />
      <TestMethod codeBase="D:\actions-runner\_work\XPCO\XPCO\Common\GisMapSharedData\VideoOS.GisMapSharedData.UnitTest\bin\Debug\VideoOS.GisMapSharedData.UnitTest.dll" adapterTypeName="executor://mstestadapter/v1" className="VideoOS.GisMapSharedData.UnitTest.CommandExceptions.MapCommandBuildingNotFoundExceptionTest" name="TestConstructor_ErrorDescriptionAndInnerException_Success" />
    </UnitTest>
    <UnitTest name="TestAttributeExists_Success" storage="d:\actions-runner\_work\xpco\xpco\common\gismapshareddata\videoos.gismapshareddata.unittest\bin\debug\videoos.gismapshareddata.unittest.dll" id="dca047c4-a1d1-64c8-21df-94b21d4d1b0a">
      <TestCategory>
        <TestCategoryItem TestCategory="MapCommandException" />
      </TestCategory>
      <Execution id="ade2f1cd-294a-4d8e-a578-0c83b63c7d60" />
      <TestMethod codeBase="D:\actions-runner\_work\XPCO\XPCO\Common\GisMapSharedData\VideoOS.GisMapSharedData.UnitTest\bin\Debug\VideoOS.GisMapSharedData.UnitTest.dll" adapterTypeName="executor://mstestadapter/v1" className="VideoOS.GisMapSharedData.UnitTest.CommandExceptions.MapCommandInvalidAuthorizationExceptionTest" name="TestAttributeExists_Success" />
    </UnitTest>
    <UnitTest name="TestConstructorErrorDescriptionAndInnerException" storage="d:\actions-runner\_work\xpco\xpco\common\gismapshareddata\videoos.gismapshareddata.unittest\bin\debug\videoos.gismapshareddata.unittest.dll" id="309b5967-5591-957f-758c-1c585a3a83f9">
      <TestCategory>
        <TestCategoryItem TestCategory="MapCommandException" />
      </TestCategory>
      <Execution id="09fb2a92-0e7e-43bf-8882-d1e135926858" />
      <TestMethod codeBase="D:\actions-runner\_work\XPCO\XPCO\Common\GisMapSharedData\VideoOS.GisMapSharedData.UnitTest\bin\Debug\VideoOS.GisMapSharedData.UnitTest.dll" adapterTypeName="executor://mstestadapter/v1" className="VideoOS.GisMapSharedData.UnitTest.CommandExceptions.MapCommandInvalidAuthenticationExceptionTest" name="TestConstructorErrorDescriptionAndInnerException" />
    </UnitTest>
    <UnitTest name="TestAttributeExists_Success" storage="d:\actions-runner\_work\xpco\xpco\common\gismapshareddata\videoos.gismapshareddata.unittest\bin\debug\videoos.gismapshareddata.unittest.dll" id="caf00ca8-5a5f-4e7f-c9eb-b30f1f21088a">
      <TestCategory>
        <TestCategoryItem TestCategory="MapCommandException" />
      </TestCategory>
      <Execution id="51f8ef4f-c956-4f47-ad2a-e25a675d15a3" />
      <TestMethod codeBase="D:\actions-runner\_work\XPCO\XPCO\Common\GisMapSharedData\VideoOS.GisMapSharedData.UnitTest\bin\Debug\VideoOS.GisMapSharedData.UnitTest.dll" adapterTypeName="executor://mstestadapter/v1" className="VideoOS.GisMapSharedData.UnitTest.CommandExceptions.MapCommandLayerOrderDuplicateFoundExceptionTest" name="TestAttributeExists_Success" />
    </UnitTest>
    <UnitTest name="TestConstructor_ErrorDescriptionInnerExceptionAndItemId_Success" storage="d:\actions-runner\_work\xpco\xpco\common\gismapshareddata\videoos.gismapshareddata.unittest\bin\debug\videoos.gismapshareddata.unittest.dll" id="8b101637-b7dd-d631-f32d-e18673f192b9">
      <TestCategory>
        <TestCategoryItem TestCategory="MapCommandException" />
      </TestCategory>
      <Execution id="281d1dd1-40d3-48f0-869b-a7abf5ec955b" />
      <TestMethod codeBase="D:\actions-runner\_work\XPCO\XPCO\Common\GisMapSharedData\VideoOS.GisMapSharedData.UnitTest\bin\Debug\VideoOS.GisMapSharedData.UnitTest.dll" adapterTypeName="executor://mstestadapter/v1" className="VideoOS.GisMapSharedData.UnitTest.CommandExceptions.MapCommandItemAlreadyExistsExceptionTest" name="TestConstructor_ErrorDescriptionInnerExceptionAndItemId_Success" />
    </UnitTest>
    <UnitTest name="TestCopyMatchingProperties_CopyDeclaredOnlyType1PropertiesToType2_Success" storage="d:\actions-runner\_work\xpco\xpco\common\gismapshareddata\videoos.gismapshareddata.unittest\bin\debug\videoos.gismapshareddata.unittest.dll" id="f0945819-a243-b646-8f75-0e857c4da7fc">
      <TestCategory>
        <TestCategoryItem TestCategory="CopyPropertyTool" />
      </TestCategory>
      <Execution id="d5e3663c-ec82-4fe8-aa5d-241b5ba06aff" />
      <TestMethod codeBase="D:\actions-runner\_work\XPCO\XPCO\Common\GisMapSharedData\VideoOS.GisMapSharedData.UnitTest\bin\Debug\VideoOS.GisMapSharedData.UnitTest.dll" adapterTypeName="executor://mstestadapter/v1" className="VideoOS.GisMapSharedData.UnitTest.Utilities.ClassPropertyHelperTest" name="TestCopyMatchingProperties_CopyDeclaredOnlyType1PropertiesToType2_Success" />
    </UnitTest>
    <UnitTest name="TestConstructor_NoParameters_Success" storage="d:\actions-runner\_work\xpco\xpco\common\gismapshareddata\videoos.gismapshareddata.unittest\bin\debug\videoos.gismapshareddata.unittest.dll" id="fedb921b-b397-97cc-e1c7-1b725a9aa4dd">
      <TestCategory>
        <TestCategoryItem TestCategory="MapCommandException" />
      </TestCategory>
      <Execution id="9e905d9e-bac3-4037-b39f-4d61697ea1f0" />
      <TestMethod codeBase="D:\actions-runner\_work\XPCO\XPCO\Common\GisMapSharedData\VideoOS.GisMapSharedData.UnitTest\bin\Debug\VideoOS.GisMapSharedData.UnitTest.dll" adapterTypeName="executor://mstestadapter/v1" className="VideoOS.GisMapSharedData.UnitTest.CommandExceptions.MapCommandInvalidAuthorizationExceptionTest" name="TestConstructor_NoParameters_Success" />
    </UnitTest>
    <UnitTest name="TestConstructor_ErrorDescription_Success" storage="d:\actions-runner\_work\xpco\xpco\common\gismapshareddata\videoos.gismapshareddata.unittest\bin\debug\videoos.gismapshareddata.unittest.dll" id="853b350e-fcee-0b8c-6fe2-83301fd0bf0f">
      <TestCategory>
        <TestCategoryItem TestCategory="MapCommandException" />
      </TestCategory>
      <Execution id="876be07e-921b-4535-b8c3-fffc800d27d1" />
      <TestMethod codeBase="D:\actions-runner\_work\XPCO\XPCO\Common\GisMapSharedData\VideoOS.GisMapSharedData.UnitTest\bin\Debug\VideoOS.GisMapSharedData.UnitTest.dll" adapterTypeName="executor://mstestadapter/v1" className="VideoOS.GisMapSharedData.UnitTest.CommandExceptions.MapCommandRepositoryNotFoundExceptionTest" name="TestConstructor_ErrorDescription_Success" />
    </UnitTest>
    <UnitTest name="TestConstructor_ErrorDescriptionInnerExceptionAndMapId_Success" storage="d:\actions-runner\_work\xpco\xpco\common\gismapshareddata\videoos.gismapshareddata.unittest\bin\debug\videoos.gismapshareddata.unittest.dll" id="3b5a222e-8087-b757-38fe-19c65e85ad9b">
      <TestCategory>
        <TestCategoryItem TestCategory="MapCommandException" />
      </TestCategory>
      <Execution id="43533dc9-c6d3-4b75-8905-454768638650" />
      <TestMethod codeBase="D:\actions-runner\_work\XPCO\XPCO\Common\GisMapSharedData\VideoOS.GisMapSharedData.UnitTest\bin\Debug\VideoOS.GisMapSharedData.UnitTest.dll" adapterTypeName="executor://mstestadapter/v1" className="VideoOS.GisMapSharedData.UnitTest.CommandExceptions.MapCommandMapAlreadyExistsExceptionTest" name="TestConstructor_ErrorDescriptionInnerExceptionAndMapId_Success" />
    </UnitTest>
    <UnitTest name="TestConstructor_LevelId_Success" storage="d:\actions-runner\_work\xpco\xpco\common\gismapshareddata\videoos.gismapshareddata.unittest\bin\debug\videoos.gismapshareddata.unittest.dll" id="f1d99d53-05dc-2288-565b-a754435d0819">
      <TestCategory>
        <TestCategoryItem TestCategory="MapCommandException" />
      </TestCategory>
      <Execution id="48509957-c409-4984-8ad2-3b2293a1e69b" />
      <TestMethod codeBase="D:\actions-runner\_work\XPCO\XPCO\Common\GisMapSharedData\VideoOS.GisMapSharedData.UnitTest\bin\Debug\VideoOS.GisMapSharedData.UnitTest.dll" adapterTypeName="executor://mstestadapter/v1" className="VideoOS.GisMapSharedData.UnitTest.CommandExceptions.MapCommandLevelAlreadyExistsExceptionTest" name="TestConstructor_LevelId_Success" />
    </UnitTest>
    <UnitTest name="TestConstructor_ErrorDescriptionAndInnerException_Success" storage="d:\actions-runner\_work\xpco\xpco\common\gismapshareddata\videoos.gismapshareddata.unittest\bin\debug\videoos.gismapshareddata.unittest.dll" id="ea71d23a-1026-ea2c-f1e2-50eac38dac0d">
      <TestCategory>
        <TestCategoryItem TestCategory="MapCommandException" />
      </TestCategory>
      <Execution id="59ca272c-d528-46aa-893b-4717f83e09b7" />
      <TestMethod codeBase="D:\actions-runner\_work\XPCO\XPCO\Common\GisMapSharedData\VideoOS.GisMapSharedData.UnitTest\bin\Debug\VideoOS.GisMapSharedData.UnitTest.dll" adapterTypeName="executor://mstestadapter/v1" className="VideoOS.GisMapSharedData.UnitTest.CommandExceptions.MapCommandItemNotFoundExceptionTest" name="TestConstructor_ErrorDescriptionAndInnerException_Success" />
    </UnitTest>
    <UnitTest name="TestConstructor_ErrorDescriptionAndRepositoryId_Success" storage="d:\actions-runner\_work\xpco\xpco\common\gismapshareddata\videoos.gismapshareddata.unittest\bin\debug\videoos.gismapshareddata.unittest.dll" id="212bfad4-dce4-f8dd-f6fa-eb7895153fa0">
      <TestCategory>
        <TestCategoryItem TestCategory="MapCommandException" />
      </TestCategory>
      <Execution id="c7044a3c-8b48-4013-a2c7-1518d90a4349" />
      <TestMethod codeBase="D:\actions-runner\_work\XPCO\XPCO\Common\GisMapSharedData\VideoOS.GisMapSharedData.UnitTest\bin\Debug\VideoOS.GisMapSharedData.UnitTest.dll" adapterTypeName="executor://mstestadapter/v1" className="VideoOS.GisMapSharedData.UnitTest.CommandExceptions.MapCommandRepositoryAlreadyExistsExceptionTest" name="TestConstructor_ErrorDescriptionAndRepositoryId_Success" />
    </UnitTest>
    <UnitTest name="TestConstructor_ErrorDescriptionInnerExceptionAndRepositoryId_Success" storage="d:\actions-runner\_work\xpco\xpco\common\gismapshareddata\videoos.gismapshareddata.unittest\bin\debug\videoos.gismapshareddata.unittest.dll" id="6fa46d58-19b0-5161-6030-bd719f461f08">
      <TestCategory>
        <TestCategoryItem TestCategory="MapCommandException" />
      </TestCategory>
      <Execution id="0fa9eb54-9475-4864-8077-726a22b5b7a0" />
      <TestMethod codeBase="D:\actions-runner\_work\XPCO\XPCO\Common\GisMapSharedData\VideoOS.GisMapSharedData.UnitTest\bin\Debug\VideoOS.GisMapSharedData.UnitTest.dll" adapterTypeName="executor://mstestadapter/v1" className="VideoOS.GisMapSharedData.UnitTest.CommandExceptions.MapCommandRepositoryAlreadyExistsExceptionTest" name="TestConstructor_ErrorDescriptionInnerExceptionAndRepositoryId_Success" />
    </UnitTest>
    <UnitTest name="TestConstructor_ErrorDescription_Success" storage="d:\actions-runner\_work\xpco\xpco\common\gismapshareddata\videoos.gismapshareddata.unittest\bin\debug\videoos.gismapshareddata.unittest.dll" id="098211ab-360c-6735-e129-129009030b36">
      <TestCategory>
        <TestCategoryItem TestCategory="MapCommandException" />
      </TestCategory>
      <Execution id="d324144c-b73a-4cf9-85bd-e103737a683b" />
      <TestMethod codeBase="D:\actions-runner\_work\XPCO\XPCO\Common\GisMapSharedData\VideoOS.GisMapSharedData.UnitTest\bin\Debug\VideoOS.GisMapSharedData.UnitTest.dll" adapterTypeName="executor://mstestadapter/v1" className="VideoOS.GisMapSharedData.UnitTest.CommandExceptions.MapCommandOrderDuplicateFoundExceptionTest" name="TestConstructor_ErrorDescription_Success" />
    </UnitTest>
    <UnitTest name="OnSerializingWithUnknownValueTypeNotRootLevel_Success" storage="d:\actions-runner\_work\xpco\xpco\common\gismapshareddata\videoos.gismapshareddata.unittest\bin\debug\videoos.gismapshareddata.unittest.dll" id="356ef46b-0e5b-af0f-427e-ba7096785440">
      <Execution id="c2a03876-82b8-4aec-a7d8-f943c75b8249" />
      <TestMethod codeBase="D:\actions-runner\_work\XPCO\XPCO\Common\GisMapSharedData\VideoOS.GisMapSharedData.UnitTest\bin\Debug\VideoOS.GisMapSharedData.UnitTest.dll" adapterTypeName="executor://mstestadapter/v1" className="VideoOS.GisMapSharedData.UnitTest.DataContracts.ParamsRespBaseTest" name="OnSerializingWithUnknownValueTypeNotRootLevel_Success" />
    </UnitTest>
    <UnitTest name="TestConstructor_ErrorDescriptionAndInnerException_Success" storage="d:\actions-runner\_work\xpco\xpco\common\gismapshareddata\videoos.gismapshareddata.unittest\bin\debug\videoos.gismapshareddata.unittest.dll" id="8374ccfe-aa64-5418-f90e-b570eb1f8f8e">
      <TestCategory>
        <TestCategoryItem TestCategory="MapCommandException" />
      </TestCategory>
      <Execution id="a1b0571d-e685-46e5-89c1-040501308696" />
      <TestMethod codeBase="D:\actions-runner\_work\XPCO\XPCO\Common\GisMapSharedData\VideoOS.GisMapSharedData.UnitTest\bin\Debug\VideoOS.GisMapSharedData.UnitTest.dll" adapterTypeName="executor://mstestadapter/v1" className="VideoOS.GisMapSharedData.UnitTest.CommandExceptions.MapCommandDatabaseExtraRowsExceptionTest" name="TestConstructor_ErrorDescriptionAndInnerException_Success" />
    </UnitTest>
    <UnitTest name="TestConstructor_ErrorDescriptionAndMapId_Success" storage="d:\actions-runner\_work\xpco\xpco\common\gismapshareddata\videoos.gismapshareddata.unittest\bin\debug\videoos.gismapshareddata.unittest.dll" id="e3c31892-5554-b114-2cec-c85e1c2bc61c">
      <TestCategory>
        <TestCategoryItem TestCategory="MapCommandException" />
      </TestCategory>
      <Execution id="b8491dc9-a296-4b7b-87c3-57ce6f76d713" />
      <TestMethod codeBase="D:\actions-runner\_work\XPCO\XPCO\Common\GisMapSharedData\VideoOS.GisMapSharedData.UnitTest\bin\Debug\VideoOS.GisMapSharedData.UnitTest.dll" adapterTypeName="executor://mstestadapter/v1" className="VideoOS.GisMapSharedData.UnitTest.CommandExceptions.MapCommandMapAlreadyExistsExceptionTest" name="TestConstructor_ErrorDescriptionAndMapId_Success" />
    </UnitTest>
    <UnitTest name="TestConstructor_ErrorDescriptionAndInnerException_Success" storage="d:\actions-runner\_work\xpco\xpco\common\gismapshareddata\videoos.gismapshareddata.unittest\bin\debug\videoos.gismapshareddata.unittest.dll" id="afb3bdd0-0f99-d747-7bae-de50bf6b9b89">
      <TestCategory>
        <TestCategoryItem TestCategory="MapCommandException" />
      </TestCategory>
      <Execution id="333120b3-355e-49ad-9eb8-1c679f3b19d6" />
      <TestMethod codeBase="D:\actions-runner\_work\XPCO\XPCO\Common\GisMapSharedData\VideoOS.GisMapSharedData.UnitTest\bin\Debug\VideoOS.GisMapSharedData.UnitTest.dll" adapterTypeName="executor://mstestadapter/v1" className="VideoOS.GisMapSharedData.UnitTest.CommandExceptions.MapCommandBuildingAlreadyExistsExceptionTest" name="TestConstructor_ErrorDescriptionAndInnerException_Success" />
    </UnitTest>
    <UnitTest name="TestAttributeExists_Success" storage="d:\actions-runner\_work\xpco\xpco\common\gismapshareddata\videoos.gismapshareddata.unittest\bin\debug\videoos.gismapshareddata.unittest.dll" id="18415cb1-f30b-1a53-2bfa-913f36be6b9f">
      <TestCategory>
        <TestCategoryItem TestCategory="MapCommandException" />
      </TestCategory>
      <Execution id="01132f8a-6de0-42f1-a652-3828a7c3dd96" />
      <TestMethod codeBase="D:\actions-runner\_work\XPCO\XPCO\Common\GisMapSharedData\VideoOS.GisMapSharedData.UnitTest\bin\Debug\VideoOS.GisMapSharedData.UnitTest.dll" adapterTypeName="executor://mstestadapter/v1" className="VideoOS.GisMapSharedData.UnitTest.CommandExceptions.MapCommandObsoleteItemTypeExceptionTest" name="TestAttributeExists_Success" />
    </UnitTest>
    <UnitTest name="TestConstructorErrorDescriptionAndErrorReason" storage="d:\actions-runner\_work\xpco\xpco\common\gismapshareddata\videoos.gismapshareddata.unittest\bin\debug\videoos.gismapshareddata.unittest.dll" id="d02efcb3-fba3-c4d3-499c-8de0f28a4a19">
      <TestCategory>
        <TestCategoryItem TestCategory="MapCommandException" />
      </TestCategory>
      <Execution id="e293bd64-9933-4ac1-be57-cc6af6486ca2" />
      <TestMethod codeBase="D:\actions-runner\_work\XPCO\XPCO\Common\GisMapSharedData\VideoOS.GisMapSharedData.UnitTest\bin\Debug\VideoOS.GisMapSharedData.UnitTest.dll" adapterTypeName="executor://mstestadapter/v1" className="VideoOS.GisMapSharedData.UnitTest.CommandExceptions.MapCommandExceptionTest" name="TestConstructorErrorDescriptionAndErrorReason" />
    </UnitTest>
    <UnitTest name="TestConstructor_ErrorDescription_Success" storage="d:\actions-runner\_work\xpco\xpco\common\gismapshareddata\videoos.gismapshareddata.unittest\bin\debug\videoos.gismapshareddata.unittest.dll" id="3cf18d3d-b31e-20fa-5f1f-1414e6fb166c">
      <TestCategory>
        <TestCategoryItem TestCategory="MapCommandException" />
      </TestCategory>
      <Execution id="c6800d3c-e06c-4faf-948a-0527e59ae6f5" />
      <TestMethod codeBase="D:\actions-runner\_work\XPCO\XPCO\Common\GisMapSharedData\VideoOS.GisMapSharedData.UnitTest\bin\Debug\VideoOS.GisMapSharedData.UnitTest.dll" adapterTypeName="executor://mstestadapter/v1" className="VideoOS.GisMapSharedData.UnitTest.CommandExceptions.MapCommandItemNotFoundExceptionTest" name="TestConstructor_ErrorDescription_Success" />
    </UnitTest>
    <UnitTest name="TestConstructor_NoParameters_Success" storage="d:\actions-runner\_work\xpco\xpco\common\gismapshareddata\videoos.gismapshareddata.unittest\bin\debug\videoos.gismapshareddata.unittest.dll" id="84d248da-6a06-72cc-45f9-01bbeda7f19d">
      <TestCategory>
        <TestCategoryItem TestCategory="MapCommandException" />
      </TestCategory>
      <Execution id="a45f3e08-fa14-4895-a7a4-0c048e43e1f4" />
      <TestMethod codeBase="D:\actions-runner\_work\XPCO\XPCO\Common\GisMapSharedData\VideoOS.GisMapSharedData.UnitTest\bin\Debug\VideoOS.GisMapSharedData.UnitTest.dll" adapterTypeName="executor://mstestadapter/v1" className="VideoOS.GisMapSharedData.UnitTest.CommandExceptions.MapCommandViewPointNotFoundExceptionTest" name="TestConstructor_NoParameters_Success" />
    </UnitTest>
    <UnitTest name="TestConstructor_ErrorDescription_Success" storage="d:\actions-runner\_work\xpco\xpco\common\gismapshareddata\videoos.gismapshareddata.unittest\bin\debug\videoos.gismapshareddata.unittest.dll" id="53a5fcc8-b550-2ee9-ab98-5559f531eb74">
      <TestCategory>
        <TestCategoryItem TestCategory="MapCommandException" />
      </TestCategory>
      <Execution id="aaa90c9c-67cf-46fa-b91a-31334e64e3dd" />
      <TestMethod codeBase="D:\actions-runner\_work\XPCO\XPCO\Common\GisMapSharedData\VideoOS.GisMapSharedData.UnitTest\bin\Debug\VideoOS.GisMapSharedData.UnitTest.dll" adapterTypeName="executor://mstestadapter/v1" className="VideoOS.GisMapSharedData.UnitTest.CommandExceptions.MapCommandSqlDatabaseExceptionTest" name="TestConstructor_ErrorDescription_Success" />
    </UnitTest>
    <UnitTest name="TestConstructor_NoParameters_Success" storage="d:\actions-runner\_work\xpco\xpco\common\gismapshareddata\videoos.gismapshareddata.unittest\bin\debug\videoos.gismapshareddata.unittest.dll" id="bd2fe3ac-2647-e36c-5c07-a95ef84f3351">
      <TestCategory>
        <TestCategoryItem TestCategory="MapCommandException" />
      </TestCategory>
      <Execution id="f3667491-b4a2-4478-b228-a7db449288ff" />
      <TestMethod codeBase="D:\actions-runner\_work\XPCO\XPCO\Common\GisMapSharedData\VideoOS.GisMapSharedData.UnitTest\bin\Debug\VideoOS.GisMapSharedData.UnitTest.dll" adapterTypeName="executor://mstestadapter/v1" className="VideoOS.GisMapSharedData.UnitTest.CommandExceptions.MapCommandViewPointAlreadyExistsExceptionTest" name="TestConstructor_NoParameters_Success" />
    </UnitTest>
    <UnitTest name="TestConstructorNoParameters" storage="d:\actions-runner\_work\xpco\xpco\common\gismapshareddata\videoos.gismapshareddata.unittest\bin\debug\videoos.gismapshareddata.unittest.dll" id="7d6278e6-9b80-4a7f-182f-c03d036ad28d">
      <TestCategory>
        <TestCategoryItem TestCategory="MapCommandException" />
      </TestCategory>
      <Execution id="0cb8cfb3-a85b-4e41-ac0f-14f0e8ab31a8" />
      <TestMethod codeBase="D:\actions-runner\_work\XPCO\XPCO\Common\GisMapSharedData\VideoOS.GisMapSharedData.UnitTest\bin\Debug\VideoOS.GisMapSharedData.UnitTest.dll" adapterTypeName="executor://mstestadapter/v1" className="VideoOS.GisMapSharedData.UnitTest.CommandExceptions.MapCommandInvalidAuthenticationExceptionTest" name="TestConstructorNoParameters" />
    </UnitTest>
    <UnitTest name="TestConstructor_NoParameters_Success" storage="d:\actions-runner\_work\xpco\xpco\common\gismapshareddata\videoos.gismapshareddata.unittest\bin\debug\videoos.gismapshareddata.unittest.dll" id="b6437183-953c-7d59-a42a-4cc2d4a19e24">
      <TestCategory>
        <TestCategoryItem TestCategory="MapCommandException" />
      </TestCategory>
      <Execution id="c79a9c46-7746-4cec-8085-e245ea002727" />
      <TestMethod codeBase="D:\actions-runner\_work\XPCO\XPCO\Common\GisMapSharedData\VideoOS.GisMapSharedData.UnitTest\bin\Debug\VideoOS.GisMapSharedData.UnitTest.dll" adapterTypeName="executor://mstestadapter/v1" className="VideoOS.GisMapSharedData.UnitTest.CommandExceptions.MapCommandOrderDuplicateFoundExceptionTest" name="TestConstructor_NoParameters_Success" />
    </UnitTest>
    <UnitTest name="TestConstructor_NoParameters_Success" storage="d:\actions-runner\_work\xpco\xpco\common\gismapshareddata\videoos.gismapshareddata.unittest\bin\debug\videoos.gismapshareddata.unittest.dll" id="c2a39777-0ad8-fefd-0057-3357ef036012">
      <TestCategory>
        <TestCategoryItem TestCategory="MapCommandException" />
      </TestCategory>
      <Execution id="abd6f0f4-c9d4-4f48-8ff3-c4189702cb60" />
      <TestMethod codeBase="D:\actions-runner\_work\XPCO\XPCO\Common\GisMapSharedData\VideoOS.GisMapSharedData.UnitTest\bin\Debug\VideoOS.GisMapSharedData.UnitTest.dll" adapterTypeName="executor://mstestadapter/v1" className="VideoOS.GisMapSharedData.UnitTest.CommandExceptions.MapCommandArgumentNullExceptionTest" name="TestConstructor_NoParameters_Success" />
    </UnitTest>
    <UnitTest name="TestConstructor_ErrorDescription_Success" storage="d:\actions-runner\_work\xpco\xpco\common\gismapshareddata\videoos.gismapshareddata.unittest\bin\debug\videoos.gismapshareddata.unittest.dll" id="3fed7463-7bb8-980c-edec-58f6e5bf16ed">
      <TestCategory>
        <TestCategoryItem TestCategory="MapCommandException" />
      </TestCategory>
      <Execution id="9b290896-fce6-4e36-8d48-5644e39c49a4" />
      <TestMethod codeBase="D:\actions-runner\_work\XPCO\XPCO\Common\GisMapSharedData\VideoOS.GisMapSharedData.UnitTest\bin\Debug\VideoOS.GisMapSharedData.UnitTest.dll" adapterTypeName="executor://mstestadapter/v1" className="VideoOS.GisMapSharedData.UnitTest.CommandExceptions.MapCommandOperationNotSupportedExceptionTest" name="TestConstructor_ErrorDescription_Success" />
    </UnitTest>
    <UnitTest name="TestAttributeExists_Success" storage="d:\actions-runner\_work\xpco\xpco\common\gismapshareddata\videoos.gismapshareddata.unittest\bin\debug\videoos.gismapshareddata.unittest.dll" id="d7e0d2a6-c9b7-a220-16e3-7348b7831c17">
      <TestCategory>
        <TestCategoryItem TestCategory="MapCommandException" />
      </TestCategory>
      <Execution id="1d1b5f01-c313-4178-97b4-634f18c022bd" />
      <TestMethod codeBase="D:\actions-runner\_work\XPCO\XPCO\Common\GisMapSharedData\VideoOS.GisMapSharedData.UnitTest\bin\Debug\VideoOS.GisMapSharedData.UnitTest.dll" adapterTypeName="executor://mstestadapter/v1" className="VideoOS.GisMapSharedData.UnitTest.CommandExceptions.MapCommandInvalidTypeExceptionTest" name="TestAttributeExists_Success" />
    </UnitTest>
    <UnitTest name="OnDeserializedWithArrayValueTypes_Success" storage="d:\actions-runner\_work\xpco\xpco\common\gismapshareddata\videoos.gismapshareddata.unittest\bin\debug\videoos.gismapshareddata.unittest.dll" id="6e634b16-6e1f-4e04-489c-46e2b5a78bc9">
      <Execution id="ae105a38-f5df-4ee4-9ff4-7b432d870e74" />
      <TestMethod codeBase="D:\actions-runner\_work\XPCO\XPCO\Common\GisMapSharedData\VideoOS.GisMapSharedData.UnitTest\bin\Debug\VideoOS.GisMapSharedData.UnitTest.dll" adapterTypeName="executor://mstestadapter/v1" className="VideoOS.GisMapSharedData.UnitTest.DataContracts.ParamsRespBaseTest" name="OnDeserializedWithArrayValueTypes_Success" />
    </UnitTest>
    <UnitTest name="OnDeserializedWithUnknownClassPropertyNotRootLevel_Success" storage="d:\actions-runner\_work\xpco\xpco\common\gismapshareddata\videoos.gismapshareddata.unittest\bin\debug\videoos.gismapshareddata.unittest.dll" id="528197dd-d3f1-c776-dfa6-b0912a60f0a8">
      <Execution id="19baab86-86d9-4d19-9fc4-9fcd98132a7e" />
      <TestMethod codeBase="D:\actions-runner\_work\XPCO\XPCO\Common\GisMapSharedData\VideoOS.GisMapSharedData.UnitTest\bin\Debug\VideoOS.GisMapSharedData.UnitTest.dll" adapterTypeName="executor://mstestadapter/v1" className="VideoOS.GisMapSharedData.UnitTest.DataContracts.ParamsRespBaseTest" name="OnDeserializedWithUnknownClassPropertyNotRootLevel_Success" />
    </UnitTest>
    <UnitTest name="TestConstructor_ErrorDescriptionAndInnerException_Success" storage="d:\actions-runner\_work\xpco\xpco\common\gismapshareddata\videoos.gismapshareddata.unittest\bin\debug\videoos.gismapshareddata.unittest.dll" id="3b6c1610-deaf-f64a-248d-1d720f04042d">
      <TestCategory>
        <TestCategoryItem TestCategory="MapCommandException" />
      </TestCategory>
      <Execution id="dd738d35-97ec-4ceb-95d3-44ba202c8321" />
      <TestMethod codeBase="D:\actions-runner\_work\XPCO\XPCO\Common\GisMapSharedData\VideoOS.GisMapSharedData.UnitTest\bin\Debug\VideoOS.GisMapSharedData.UnitTest.dll" adapterTypeName="executor://mstestadapter/v1" className="VideoOS.GisMapSharedData.UnitTest.CommandExceptions.MapCommandLayerOrderDuplicateFoundExceptionTest" name="TestConstructor_ErrorDescriptionAndInnerException_Success" />
    </UnitTest>
    <UnitTest name="TestConstructor_NoParameters_Success" storage="d:\actions-runner\_work\xpco\xpco\common\gismapshareddata\videoos.gismapshareddata.unittest\bin\debug\videoos.gismapshareddata.unittest.dll" id="18c95fe0-49ec-7340-ce28-f77f0bc14643">
      <TestCategory>
        <TestCategoryItem TestCategory="MapCommandException" />
      </TestCategory>
      <Execution id="acc7b195-e13f-440c-99ef-b6122ca2fdae" />
      <TestMethod codeBase="D:\actions-runner\_work\XPCO\XPCO\Common\GisMapSharedData\VideoOS.GisMapSharedData.UnitTest\bin\Debug\VideoOS.GisMapSharedData.UnitTest.dll" adapterTypeName="executor://mstestadapter/v1" className="VideoOS.GisMapSharedData.UnitTest.CommandExceptions.MapCommandSqlDatabaseExceptionTest" name="TestConstructor_NoParameters_Success" />
    </UnitTest>
    <UnitTest name="TestConstructorErrorDescriptionAndInnerException" storage="d:\actions-runner\_work\xpco\xpco\common\gismapshareddata\videoos.gismapshareddata.unittest\bin\debug\videoos.gismapshareddata.unittest.dll" id="743ebe21-74d1-294d-ab97-8ad88d88a47a">
      <TestCategory>
        <TestCategoryItem TestCategory="MapCommandException" />
      </TestCategory>
      <Execution id="2b296eb8-3642-43da-971a-71c3a5b3b3ea" />
      <TestMethod codeBase="D:\actions-runner\_work\XPCO\XPCO\Common\GisMapSharedData\VideoOS.GisMapSharedData.UnitTest\bin\Debug\VideoOS.GisMapSharedData.UnitTest.dll" adapterTypeName="executor://mstestadapter/v1" className="VideoOS.GisMapSharedData.UnitTest.CommandExceptions.MapCommandExceptionTest" name="TestConstructorErrorDescriptionAndInnerException" />
    </UnitTest>
    <UnitTest name="TestAttributeExists_Success" storage="d:\actions-runner\_work\xpco\xpco\common\gismapshareddata\videoos.gismapshareddata.unittest\bin\debug\videoos.gismapshareddata.unittest.dll" id="e19062c1-4f6f-d433-b9ca-3855fc1e7bab">
      <TestCategory>
        <TestCategoryItem TestCategory="MapCommandException" />
      </TestCategory>
      <Execution id="c6ba17cb-82e3-4fae-bb58-f294cd46b9fc" />
      <TestMethod codeBase="D:\actions-runner\_work\XPCO\XPCO\Common\GisMapSharedData\VideoOS.GisMapSharedData.UnitTest\bin\Debug\VideoOS.GisMapSharedData.UnitTest.dll" adapterTypeName="executor://mstestadapter/v1" className="VideoOS.GisMapSharedData.UnitTest.CommandExceptions.MapCommandRepositoryAlreadyExistsExceptionTest" name="TestAttributeExists_Success" />
    </UnitTest>
    <UnitTest name="TestAttributeExists_Success" storage="d:\actions-runner\_work\xpco\xpco\common\gismapshareddata\videoos.gismapshareddata.unittest\bin\debug\videoos.gismapshareddata.unittest.dll" id="c46b813b-2864-a54e-27f6-c2d2946ee618">
      <TestCategory>
        <TestCategoryItem TestCategory="MapCommandException" />
      </TestCategory>
      <Execution id="e724f32d-0493-4d33-9669-3dde09875aaf" />
      <TestMethod codeBase="D:\actions-runner\_work\XPCO\XPCO\Common\GisMapSharedData\VideoOS.GisMapSharedData.UnitTest\bin\Debug\VideoOS.GisMapSharedData.UnitTest.dll" adapterTypeName="executor://mstestadapter/v1" className="VideoOS.GisMapSharedData.UnitTest.CommandExceptions.MapCommandOrderDuplicateFoundExceptionTest" name="TestAttributeExists_Success" />
    </UnitTest>
    <UnitTest name="OnSerializingWithValueTypes_Success" storage="d:\actions-runner\_work\xpco\xpco\common\gismapshareddata\videoos.gismapshareddata.unittest\bin\debug\videoos.gismapshareddata.unittest.dll" id="7218a292-f480-07b9-25a0-49fc20e696e0">
      <Execution id="b8a72efd-7da9-44b3-a952-be34c5024b46" />
      <TestMethod codeBase="D:\actions-runner\_work\XPCO\XPCO\Common\GisMapSharedData\VideoOS.GisMapSharedData.UnitTest\bin\Debug\VideoOS.GisMapSharedData.UnitTest.dll" adapterTypeName="executor://mstestadapter/v1" className="VideoOS.GisMapSharedData.UnitTest.DataContracts.ParamsRespBaseTest" name="OnSerializingWithValueTypes_Success" />
    </UnitTest>
    <UnitTest name="LayerModifiersUtil_IsGeographic_Read_Success" storage="d:\actions-runner\_work\xpco\xpco\common\gismapshareddata\videoos.gismapshareddata.unittest\bin\debug\videoos.gismapshareddata.unittest.dll" id="fb6f57a1-5272-f30b-b7e2-9c0ad25cd45b">
      <Execution id="988fa43b-0210-4d19-a3b6-8e87a4f23e38" />
      <TestMethod codeBase="D:\actions-runner\_work\XPCO\XPCO\Common\GisMapSharedData\VideoOS.GisMapSharedData.UnitTest\bin\Debug\VideoOS.GisMapSharedData.UnitTest.dll" adapterTypeName="executor://mstestadapter/v1" className="VideoOS.GisMapSharedData.UnitTest.Utilities.LayerModifiersUtilTests" name="LayerModifiersUtil_IsGeographic_Read_Success" />
    </UnitTest>
    <UnitTest name="TestConstructor_ErrorDescriptionAndInnerException_Success" storage="d:\actions-runner\_work\xpco\xpco\common\gismapshareddata\videoos.gismapshareddata.unittest\bin\debug\videoos.gismapshareddata.unittest.dll" id="7cd06677-8dee-eb99-412a-eda01e5da3a1">
      <TestCategory>
        <TestCategoryItem TestCategory="MapCommandException" />
      </TestCategory>
      <Execution id="75e7adfd-5b72-4da2-92d0-805afc69b037" />
      <TestMethod codeBase="D:\actions-runner\_work\XPCO\XPCO\Common\GisMapSharedData\VideoOS.GisMapSharedData.UnitTest\bin\Debug\VideoOS.GisMapSharedData.UnitTest.dll" adapterTypeName="executor://mstestadapter/v1" className="VideoOS.GisMapSharedData.UnitTest.CommandExceptions.MapCommandInvalidAuthorizationExceptionTest" name="TestConstructor_ErrorDescriptionAndInnerException_Success" />
    </UnitTest>
    <UnitTest name="LayerModifiersUtil_IsGeographic_Unset_Success" storage="d:\actions-runner\_work\xpco\xpco\common\gismapshareddata\videoos.gismapshareddata.unittest\bin\debug\videoos.gismapshareddata.unittest.dll" id="83478276-8795-46e5-a4fa-6d110de12a41">
      <Execution id="a84ff9a6-b3e1-4abb-b820-0aa7c64b2d95" />
      <TestMethod codeBase="D:\actions-runner\_work\XPCO\XPCO\Common\GisMapSharedData\VideoOS.GisMapSharedData.UnitTest\bin\Debug\VideoOS.GisMapSharedData.UnitTest.dll" adapterTypeName="executor://mstestadapter/v1" className="VideoOS.GisMapSharedData.UnitTest.Utilities.LayerModifiersUtilTests" name="LayerModifiersUtil_IsGeographic_Unset_Success" />
    </UnitTest>
    <UnitTest name="TestConstructor_ErrorDescriptionAndInnerException_Success" storage="d:\actions-runner\_work\xpco\xpco\common\gismapshareddata\videoos.gismapshareddata.unittest\bin\debug\videoos.gismapshareddata.unittest.dll" id="4ba8d0a6-7295-4098-c411-171f633d93a1">
      <TestCategory>
        <TestCategoryItem TestCategory="MapCommandException" />
      </TestCategory>
      <Execution id="72d2a7f6-d4d3-49b4-981c-3b3ebfbfd20c" />
      <TestMethod codeBase="D:\actions-runner\_work\XPCO\XPCO\Common\GisMapSharedData\VideoOS.GisMapSharedData.UnitTest\bin\Debug\VideoOS.GisMapSharedData.UnitTest.dll" adapterTypeName="executor://mstestadapter/v1" className="VideoOS.GisMapSharedData.UnitTest.CommandExceptions.MapCommandArgumentNullExceptionTest" name="TestConstructor_ErrorDescriptionAndInnerException_Success" />
    </UnitTest>
    <UnitTest name="OnSerializingWithUnknownValueTypeRootLevel_Success" storage="d:\actions-runner\_work\xpco\xpco\common\gismapshareddata\videoos.gismapshareddata.unittest\bin\debug\videoos.gismapshareddata.unittest.dll" id="0a229a26-16c6-8d4d-d95d-c83efc70ac1c">
      <Execution id="7ecb8c48-395b-43ff-ba52-09582367fb4b" />
      <TestMethod codeBase="D:\actions-runner\_work\XPCO\XPCO\Common\GisMapSharedData\VideoOS.GisMapSharedData.UnitTest\bin\Debug\VideoOS.GisMapSharedData.UnitTest.dll" adapterTypeName="executor://mstestadapter/v1" className="VideoOS.GisMapSharedData.UnitTest.DataContracts.ParamsRespBaseTest" name="OnSerializingWithUnknownValueTypeRootLevel_Success" />
    </UnitTest>
    <UnitTest name="TestAttributeExists_Success" storage="d:\actions-runner\_work\xpco\xpco\common\gismapshareddata\videoos.gismapshareddata.unittest\bin\debug\videoos.gismapshareddata.unittest.dll" id="e57e473b-308f-633f-28db-c08e7fd00576">
      <TestCategory>
        <TestCategoryItem TestCategory="MapCommandException" />
      </TestCategory>
      <Execution id="c3c0d5b8-637d-4da7-9051-ece2074ce2ad" />
      <TestMethod codeBase="D:\actions-runner\_work\XPCO\XPCO\Common\GisMapSharedData\VideoOS.GisMapSharedData.UnitTest\bin\Debug\VideoOS.GisMapSharedData.UnitTest.dll" adapterTypeName="executor://mstestadapter/v1" className="VideoOS.GisMapSharedData.UnitTest.CommandExceptions.MapCommandSqlDatabaseExceptionTest" name="TestAttributeExists_Success" />
    </UnitTest>
    <UnitTest name="OnSerializingWithStringRefrenceTypes_Success" storage="d:\actions-runner\_work\xpco\xpco\common\gismapshareddata\videoos.gismapshareddata.unittest\bin\debug\videoos.gismapshareddata.unittest.dll" id="db84b391-2083-9181-608b-6ae459a74b14">
      <Execution id="39a9942b-488c-4e72-b6bd-6139c913cb3d" />
      <TestMethod codeBase="D:\actions-runner\_work\XPCO\XPCO\Common\GisMapSharedData\VideoOS.GisMapSharedData.UnitTest\bin\Debug\VideoOS.GisMapSharedData.UnitTest.dll" adapterTypeName="executor://mstestadapter/v1" className="VideoOS.GisMapSharedData.UnitTest.DataContracts.ParamsRespBaseTest" name="OnSerializingWithStringRefrenceTypes_Success" />
    </UnitTest>
    <UnitTest name="TestConstructor_MapId_Success" storage="d:\actions-runner\_work\xpco\xpco\common\gismapshareddata\videoos.gismapshareddata.unittest\bin\debug\videoos.gismapshareddata.unittest.dll" id="4d5ffecd-1cb6-cd68-defe-d419264f867e">
      <TestCategory>
        <TestCategoryItem TestCategory="MapCommandException" />
      </TestCategory>
      <Execution id="b7b800cf-0482-411a-bc0c-035cf9b27c4c" />
      <TestMethod codeBase="D:\actions-runner\_work\XPCO\XPCO\Common\GisMapSharedData\VideoOS.GisMapSharedData.UnitTest\bin\Debug\VideoOS.GisMapSharedData.UnitTest.dll" adapterTypeName="executor://mstestadapter/v1" className="VideoOS.GisMapSharedData.UnitTest.CommandExceptions.MapCommandMapAlreadyExistsExceptionTest" name="TestConstructor_MapId_Success" />
    </UnitTest>
    <UnitTest name="TestConstructor_ErrorDescription_Success" storage="d:\actions-runner\_work\xpco\xpco\common\gismapshareddata\videoos.gismapshareddata.unittest\bin\debug\videoos.gismapshareddata.unittest.dll" id="b549e11e-725c-0230-e06a-a9771680cc9f">
      <TestCategory>
        <TestCategoryItem TestCategory="MapCommandException" />
      </TestCategory>
      <Execution id="5ad792c4-364a-4842-9b3b-c0977c504411" />
      <TestMethod codeBase="D:\actions-runner\_work\XPCO\XPCO\Common\GisMapSharedData\VideoOS.GisMapSharedData.UnitTest\bin\Debug\VideoOS.GisMapSharedData.UnitTest.dll" adapterTypeName="executor://mstestadapter/v1" className="VideoOS.GisMapSharedData.UnitTest.CommandExceptions.MapCommandDatabaseExtraRowsExceptionTest" name="TestConstructor_ErrorDescription_Success" />
    </UnitTest>
    <UnitTest name="TestConstructor_ErrorDescriptionInnerExceptionAndBuildingId_Success" storage="d:\actions-runner\_work\xpco\xpco\common\gismapshareddata\videoos.gismapshareddata.unittest\bin\debug\videoos.gismapshareddata.unittest.dll" id="aff77587-7ac4-ac64-887e-62e1feb1af7e">
      <TestCategory>
        <TestCategoryItem TestCategory="MapCommandException" />
      </TestCategory>
      <Execution id="62390d1b-d13d-47bf-921a-e5fa4841ca63" />
      <TestMethod codeBase="D:\actions-runner\_work\XPCO\XPCO\Common\GisMapSharedData\VideoOS.GisMapSharedData.UnitTest\bin\Debug\VideoOS.GisMapSharedData.UnitTest.dll" adapterTypeName="executor://mstestadapter/v1" className="VideoOS.GisMapSharedData.UnitTest.CommandExceptions.MapCommandLevelAlreadyExistsExceptionTest" name="TestConstructor_ErrorDescriptionInnerExceptionAndBuildingId_Success" />
    </UnitTest>
    <UnitTest name="TestConstructor_NoParameters_Success" storage="d:\actions-runner\_work\xpco\xpco\common\gismapshareddata\videoos.gismapshareddata.unittest\bin\debug\videoos.gismapshareddata.unittest.dll" id="ab77c1df-4bd2-a183-5223-0cae854ab859">
      <TestCategory>
        <TestCategoryItem TestCategory="MapCommandException" />
      </TestCategory>
      <Execution id="adb773ae-613c-4060-815d-f821c35b0525" />
      <TestMethod codeBase="D:\actions-runner\_work\XPCO\XPCO\Common\GisMapSharedData\VideoOS.GisMapSharedData.UnitTest\bin\Debug\VideoOS.GisMapSharedData.UnitTest.dll" adapterTypeName="executor://mstestadapter/v1" className="VideoOS.GisMapSharedData.UnitTest.CommandExceptions.MapCommandLevelNotFoundExceptionTest" name="TestConstructor_NoParameters_Success" />
    </UnitTest>
    <UnitTest name="OnSerializingWithArrayStringRefrenceTypes_Success" storage="d:\actions-runner\_work\xpco\xpco\common\gismapshareddata\videoos.gismapshareddata.unittest\bin\debug\videoos.gismapshareddata.unittest.dll" id="33693c06-087a-f3a1-d4b4-928368c2b14b">
      <Execution id="1ee0fd64-862d-482d-a962-a43130c8938c" />
      <TestMethod codeBase="D:\actions-runner\_work\XPCO\XPCO\Common\GisMapSharedData\VideoOS.GisMapSharedData.UnitTest\bin\Debug\VideoOS.GisMapSharedData.UnitTest.dll" adapterTypeName="executor://mstestadapter/v1" className="VideoOS.GisMapSharedData.UnitTest.DataContracts.ParamsRespBaseTest" name="OnSerializingWithArrayStringRefrenceTypes_Success" />
    </UnitTest>
    <UnitTest name="OnDeserializedWithUnknownArrayClassPropertyNotRootLevel_Success" storage="d:\actions-runner\_work\xpco\xpco\common\gismapshareddata\videoos.gismapshareddata.unittest\bin\debug\videoos.gismapshareddata.unittest.dll" id="f01d14db-ae66-1739-f96b-f5d13d5b2653">
      <Execution id="6862cc82-4418-4f11-94e2-c77dabccbe56" />
      <TestMethod codeBase="D:\actions-runner\_work\XPCO\XPCO\Common\GisMapSharedData\VideoOS.GisMapSharedData.UnitTest\bin\Debug\VideoOS.GisMapSharedData.UnitTest.dll" adapterTypeName="executor://mstestadapter/v1" className="VideoOS.GisMapSharedData.UnitTest.DataContracts.ParamsRespBaseTest" name="OnDeserializedWithUnknownArrayClassPropertyNotRootLevel_Success" />
    </UnitTest>
    <UnitTest name="TestAttributeExists_Success" storage="d:\actions-runner\_work\xpco\xpco\common\gismapshareddata\videoos.gismapshareddata.unittest\bin\debug\videoos.gismapshareddata.unittest.dll" id="da74c1fb-d050-254a-d8cd-b13361d66545">
      <TestCategory>
        <TestCategoryItem TestCategory="MapCommandException" />
      </TestCategory>
      <Execution id="add912b6-b176-4e87-bf86-e6bc51ac73ae" />
      <TestMethod codeBase="D:\actions-runner\_work\XPCO\XPCO\Common\GisMapSharedData\VideoOS.GisMapSharedData.UnitTest\bin\Debug\VideoOS.GisMapSharedData.UnitTest.dll" adapterTypeName="executor://mstestadapter/v1" className="VideoOS.GisMapSharedData.UnitTest.CommandExceptions.MapCommandLevelAlreadyExistsExceptionTest" name="TestAttributeExists_Success" />
    </UnitTest>
    <UnitTest name="TestConstructor_ErrorDescription_Success" storage="d:\actions-runner\_work\xpco\xpco\common\gismapshareddata\videoos.gismapshareddata.unittest\bin\debug\videoos.gismapshareddata.unittest.dll" id="7cb257d8-1b1f-9dda-127a-c15c9b8691a4">
      <TestCategory>
        <TestCategoryItem TestCategory="MapCommandException" />
      </TestCategory>
      <Execution id="6c649c82-eeb0-48b5-a156-b5524b4dc2f4" />
      <TestMethod codeBase="D:\actions-runner\_work\XPCO\XPCO\Common\GisMapSharedData\VideoOS.GisMapSharedData.UnitTest\bin\Debug\VideoOS.GisMapSharedData.UnitTest.dll" adapterTypeName="executor://mstestadapter/v1" className="VideoOS.GisMapSharedData.UnitTest.CommandExceptions.MapCommandLevelNotFoundExceptionTest" name="TestConstructor_ErrorDescription_Success" />
    </UnitTest>
    <UnitTest name="TestCopyMatchingProperties_CopyInheritedType1PropertiesToType2_Success" storage="d:\actions-runner\_work\xpco\xpco\common\gismapshareddata\videoos.gismapshareddata.unittest\bin\debug\videoos.gismapshareddata.unittest.dll" id="c9415fb6-cb2e-6ac6-43df-04839a7158f5">
      <TestCategory>
        <TestCategoryItem TestCategory="CopyPropertyTool" />
      </TestCategory>
      <Execution id="ac084cfc-20ce-4a6f-bcdf-5defd8b7e78d" />
      <TestMethod codeBase="D:\actions-runner\_work\XPCO\XPCO\Common\GisMapSharedData\VideoOS.GisMapSharedData.UnitTest\bin\Debug\VideoOS.GisMapSharedData.UnitTest.dll" adapterTypeName="executor://mstestadapter/v1" className="VideoOS.GisMapSharedData.UnitTest.Utilities.ClassPropertyHelperTest" name="TestCopyMatchingProperties_CopyInheritedType1PropertiesToType2_Success" />
    </UnitTest>
    <UnitTest name="TestConstructor_NoParameters_Success" storage="d:\actions-runner\_work\xpco\xpco\common\gismapshareddata\videoos.gismapshareddata.unittest\bin\debug\videoos.gismapshareddata.unittest.dll" id="635105b3-b470-2f08-fc44-9f29c4bfd7f6">
      <TestCategory>
        <TestCategoryItem TestCategory="MapCommandException" />
      </TestCategory>
      <Execution id="3a0addbe-45ed-4a18-b9b8-ba7e35973892" />
      <TestMethod codeBase="D:\actions-runner\_work\XPCO\XPCO\Common\GisMapSharedData\VideoOS.GisMapSharedData.UnitTest\bin\Debug\VideoOS.GisMapSharedData.UnitTest.dll" adapterTypeName="executor://mstestadapter/v1" className="VideoOS.GisMapSharedData.UnitTest.CommandExceptions.MapCommandNonUniqueBuildingIdExceptionTest" name="TestConstructor_NoParameters_Success" />
    </UnitTest>
    <UnitTest name="TestConstructor_NoParameters_Success" storage="d:\actions-runner\_work\xpco\xpco\common\gismapshareddata\videoos.gismapshareddata.unittest\bin\debug\videoos.gismapshareddata.unittest.dll" id="68f86fb5-457e-33c8-a227-fb3fb0b55b27">
      <TestCategory>
        <TestCategoryItem TestCategory="MapCommandException" />
      </TestCategory>
      <Execution id="d27ae9ce-9f72-45a4-a395-17cc43b1f006" />
      <TestMethod codeBase="D:\actions-runner\_work\XPCO\XPCO\Common\GisMapSharedData\VideoOS.GisMapSharedData.UnitTest\bin\Debug\VideoOS.GisMapSharedData.UnitTest.dll" adapterTypeName="executor://mstestadapter/v1" className="VideoOS.GisMapSharedData.UnitTest.CommandExceptions.MapCommandInvalidTypeExceptionTest" name="TestConstructor_NoParameters_Success" />
    </UnitTest>
    <UnitTest name="TestConstructor_ErrorDescription_Success" storage="d:\actions-runner\_work\xpco\xpco\common\gismapshareddata\videoos.gismapshareddata.unittest\bin\debug\videoos.gismapshareddata.unittest.dll" id="bb538686-730a-a900-6e65-e2f15b6e0fe9">
      <TestCategory>
        <TestCategoryItem TestCategory="MapCommandException" />
      </TestCategory>
      <Execution id="ddbeb5b3-d3ca-44cc-8eef-7c318523f9aa" />
      <TestMethod codeBase="D:\actions-runner\_work\XPCO\XPCO\Common\GisMapSharedData\VideoOS.GisMapSharedData.UnitTest\bin\Debug\VideoOS.GisMapSharedData.UnitTest.dll" adapterTypeName="executor://mstestadapter/v1" className="VideoOS.GisMapSharedData.UnitTest.CommandExceptions.MapCommandViewPointAlreadyExistsExceptionTest" name="TestConstructor_ErrorDescription_Success" />
    </UnitTest>
    <UnitTest name="TestConstructor_ErrorDescription_Success" storage="d:\actions-runner\_work\xpco\xpco\common\gismapshareddata\videoos.gismapshareddata.unittest\bin\debug\videoos.gismapshareddata.unittest.dll" id="331ba981-1c07-70b7-d56d-e91f56ab0af1">
      <TestCategory>
        <TestCategoryItem TestCategory="MapCommandException" />
      </TestCategory>
      <Execution id="ffe4c17c-8633-4dc7-8ad1-f4825363d687" />
      <TestMethod codeBase="D:\actions-runner\_work\XPCO\XPCO\Common\GisMapSharedData\VideoOS.GisMapSharedData.UnitTest\bin\Debug\VideoOS.GisMapSharedData.UnitTest.dll" adapterTypeName="executor://mstestadapter/v1" className="VideoOS.GisMapSharedData.UnitTest.CommandExceptions.MapCommandBuildingNotFoundExceptionTest" name="TestConstructor_ErrorDescription_Success" />
    </UnitTest>
    <UnitTest name="TestAttributeExists_Success" storage="d:\actions-runner\_work\xpco\xpco\common\gismapshareddata\videoos.gismapshareddata.unittest\bin\debug\videoos.gismapshareddata.unittest.dll" id="ab0894c0-226b-103c-3a51-a5533d4b718c">
      <TestCategory>
        <TestCategoryItem TestCategory="MapCommandException" />
      </TestCategory>
      <Execution id="944a8cd2-e747-416c-91e1-6c7bca623208" />
      <TestMethod codeBase="D:\actions-runner\_work\XPCO\XPCO\Common\GisMapSharedData\VideoOS.GisMapSharedData.UnitTest\bin\Debug\VideoOS.GisMapSharedData.UnitTest.dll" adapterTypeName="executor://mstestadapter/v1" className="VideoOS.GisMapSharedData.UnitTest.CommandExceptions.MapCommandItemAlreadyExistsExceptionTest" name="TestAttributeExists_Success" />
    </UnitTest>
    <UnitTest name="TestConstructor_ErrorDescriptionAndInnerException_Success" storage="d:\actions-runner\_work\xpco\xpco\common\gismapshareddata\videoos.gismapshareddata.unittest\bin\debug\videoos.gismapshareddata.unittest.dll" id="3cfb6536-349c-526f-f130-8610257d022a">
      <TestCategory>
        <TestCategoryItem TestCategory="MapCommandException" />
      </TestCategory>
      <Execution id="124a95a2-29a3-45b0-8cd1-ac059775f925" />
      <TestMethod codeBase="D:\actions-runner\_work\XPCO\XPCO\Common\GisMapSharedData\VideoOS.GisMapSharedData.UnitTest\bin\Debug\VideoOS.GisMapSharedData.UnitTest.dll" adapterTypeName="executor://mstestadapter/v1" className="VideoOS.GisMapSharedData.UnitTest.CommandExceptions.MapCommandLevelNotFoundExceptionTest" name="TestConstructor_ErrorDescriptionAndInnerException_Success" />
    </UnitTest>
    <UnitTest name="TestConstructor_ErrorDescriptionAndInnerException_Success" storage="d:\actions-runner\_work\xpco\xpco\common\gismapshareddata\videoos.gismapshareddata.unittest\bin\debug\videoos.gismapshareddata.unittest.dll" id="aba1de11-7f09-b69c-fe49-87b17aeb0112">
      <TestCategory>
        <TestCategoryItem TestCategory="MapCommandException" />
      </TestCategory>
      <Execution id="f61233dd-871e-4bd3-8dd5-12106062042e" />
      <TestMethod codeBase="D:\actions-runner\_work\XPCO\XPCO\Common\GisMapSharedData\VideoOS.GisMapSharedData.UnitTest\bin\Debug\VideoOS.GisMapSharedData.UnitTest.dll" adapterTypeName="executor://mstestadapter/v1" className="VideoOS.GisMapSharedData.UnitTest.CommandExceptions.MapCommandLevelAlreadyExistsExceptionTest" name="TestConstructor_ErrorDescriptionAndInnerException_Success" />
    </UnitTest>
    <UnitTest name="TestConstructor_ErrorDescription_Success" storage="d:\actions-runner\_work\xpco\xpco\common\gismapshareddata\videoos.gismapshareddata.unittest\bin\debug\videoos.gismapshareddata.unittest.dll" id="6fa820d4-ce1e-430e-efba-6d1bf8eb0cea">
      <TestCategory>
        <TestCategoryItem TestCategory="MapCommandException" />
      </TestCategory>
      <Execution id="bf61a50e-01e7-48b8-a033-9a09ba42b407" />
      <TestMethod codeBase="D:\actions-runner\_work\XPCO\XPCO\Common\GisMapSharedData\VideoOS.GisMapSharedData.UnitTest\bin\Debug\VideoOS.GisMapSharedData.UnitTest.dll" adapterTypeName="executor://mstestadapter/v1" className="VideoOS.GisMapSharedData.UnitTest.CommandExceptions.MapCommandLayerOrderDuplicateFoundExceptionTest" name="TestConstructor_ErrorDescription_Success" />
    </UnitTest>
    <UnitTest name="OnDeserializedWithValueTypes_Success" storage="d:\actions-runner\_work\xpco\xpco\common\gismapshareddata\videoos.gismapshareddata.unittest\bin\debug\videoos.gismapshareddata.unittest.dll" id="f0ecbe33-7074-ef18-1bfc-d58bdf57b236">
      <Execution id="fb877a32-7d55-4f8d-a2b4-bad6c4987d05" />
      <TestMethod codeBase="D:\actions-runner\_work\XPCO\XPCO\Common\GisMapSharedData\VideoOS.GisMapSharedData.UnitTest\bin\Debug\VideoOS.GisMapSharedData.UnitTest.dll" adapterTypeName="executor://mstestadapter/v1" className="VideoOS.GisMapSharedData.UnitTest.DataContracts.ParamsRespBaseTest" name="OnDeserializedWithValueTypes_Success" />
    </UnitTest>
    <UnitTest name="TestConstructor_ErrorDescriptionAndLayerId_Success" storage="d:\actions-runner\_work\xpco\xpco\common\gismapshareddata\videoos.gismapshareddata.unittest\bin\debug\videoos.gismapshareddata.unittest.dll" id="0c995c67-007b-2af2-d89b-ff45e480678e">
      <TestCategory>
        <TestCategoryItem TestCategory="MapCommandException" />
      </TestCategory>
      <Execution id="ab2ce016-9276-4f15-a309-032e8b88915f" />
      <TestMethod codeBase="D:\actions-runner\_work\XPCO\XPCO\Common\GisMapSharedData\VideoOS.GisMapSharedData.UnitTest\bin\Debug\VideoOS.GisMapSharedData.UnitTest.dll" adapterTypeName="executor://mstestadapter/v1" className="VideoOS.GisMapSharedData.UnitTest.CommandExceptions.MapCommandLayerAlreadyExistsExceptionTest" name="TestConstructor_ErrorDescriptionAndLayerId_Success" />
    </UnitTest>
    <UnitTest name="OnDeserializedWithUnknownValueTypeRootLevel_Success" storage="d:\actions-runner\_work\xpco\xpco\common\gismapshareddata\videoos.gismapshareddata.unittest\bin\debug\videoos.gismapshareddata.unittest.dll" id="876fcdd6-8a71-69b7-f63a-602fda82f658">
      <Execution id="194334fa-8e71-4384-8a3c-96fffff4ddf6" />
      <TestMethod codeBase="D:\actions-runner\_work\XPCO\XPCO\Common\GisMapSharedData\VideoOS.GisMapSharedData.UnitTest\bin\Debug\VideoOS.GisMapSharedData.UnitTest.dll" adapterTypeName="executor://mstestadapter/v1" className="VideoOS.GisMapSharedData.UnitTest.DataContracts.ParamsRespBaseTest" name="OnDeserializedWithUnknownValueTypeRootLevel_Success" />
    </UnitTest>
    <UnitTest name="TestCopyMatchingProperties_Type2NotTargetType_Failure" storage="d:\actions-runner\_work\xpco\xpco\common\gismapshareddata\videoos.gismapshareddata.unittest\bin\debug\videoos.gismapshareddata.unittest.dll" id="c8461022-b9ec-d747-8816-6abe2479ad23">
      <TestCategory>
        <TestCategoryItem TestCategory="CopyPropertyTool" />
      </TestCategory>
      <Execution id="610af4c3-d64d-43c5-a8e2-1dfecd82eef3" />
      <TestMethod codeBase="D:\actions-runner\_work\XPCO\XPCO\Common\GisMapSharedData\VideoOS.GisMapSharedData.UnitTest\bin\Debug\VideoOS.GisMapSharedData.UnitTest.dll" adapterTypeName="executor://mstestadapter/v1" className="VideoOS.GisMapSharedData.UnitTest.Utilities.ClassPropertyHelperTest" name="TestCopyMatchingProperties_Type2NotTargetType_Failure" />
    </UnitTest>
    <UnitTest name="TestAttributeExists_Success" storage="d:\actions-runner\_work\xpco\xpco\common\gismapshareddata\videoos.gismapshareddata.unittest\bin\debug\videoos.gismapshareddata.unittest.dll" id="7f2a4e61-7aea-02bf-432d-46d9066bb1ba">
      <TestCategory>
        <TestCategoryItem TestCategory="MapCommandException" />
      </TestCategory>
      <Execution id="2f4e88aa-f2cb-4b76-ae0c-0d74fd27c6c8" />
      <TestMethod codeBase="D:\actions-runner\_work\XPCO\XPCO\Common\GisMapSharedData\VideoOS.GisMapSharedData.UnitTest\bin\Debug\VideoOS.GisMapSharedData.UnitTest.dll" adapterTypeName="executor://mstestadapter/v1" className="VideoOS.GisMapSharedData.UnitTest.CommandExceptions.MapCommandRepositoryNotFoundExceptionTest" name="TestAttributeExists_Success" />
    </UnitTest>
    <UnitTest name="TestConstructor_ErrorDescription_Success" storage="d:\actions-runner\_work\xpco\xpco\common\gismapshareddata\videoos.gismapshareddata.unittest\bin\debug\videoos.gismapshareddata.unittest.dll" id="f7713007-f1ae-c35f-1114-7e8f84e93ed8">
      <TestCategory>
        <TestCategoryItem TestCategory="MapCommandException" />
      </TestCategory>
      <Execution id="15723470-6c64-4224-9dcb-9bf89e2cbcc8" />
      <TestMethod codeBase="D:\actions-runner\_work\XPCO\XPCO\Common\GisMapSharedData\VideoOS.GisMapSharedData.UnitTest\bin\Debug\VideoOS.GisMapSharedData.UnitTest.dll" adapterTypeName="executor://mstestadapter/v1" className="VideoOS.GisMapSharedData.UnitTest.CommandExceptions.MapCommandLayerOrderGapFoundExceptionTest" name="TestConstructor_ErrorDescription_Success" />
    </UnitTest>
    <UnitTest name="TestConstructor_NoParameters_Success" storage="d:\actions-runner\_work\xpco\xpco\common\gismapshareddata\videoos.gismapshareddata.unittest\bin\debug\videoos.gismapshareddata.unittest.dll" id="30226e45-9c63-3571-b067-16983df31b28">
      <TestCategory>
        <TestCategoryItem TestCategory="MapCommandException" />
      </TestCategory>
      <Execution id="f422dff1-3e8c-49a8-ae7e-49de3ca7cbd6" />
      <TestMethod codeBase="D:\actions-runner\_work\XPCO\XPCO\Common\GisMapSharedData\VideoOS.GisMapSharedData.UnitTest\bin\Debug\VideoOS.GisMapSharedData.UnitTest.dll" adapterTypeName="executor://mstestadapter/v1" className="VideoOS.GisMapSharedData.UnitTest.CommandExceptions.MapCommandLevelAlreadyExistsExceptionTest" name="TestConstructor_NoParameters_Success" />
    </UnitTest>
    <UnitTest name="OnDeserializedClassArrayWithNull_Success" storage="d:\actions-runner\_work\xpco\xpco\common\gismapshareddata\videoos.gismapshareddata.unittest\bin\debug\videoos.gismapshareddata.unittest.dll" id="5375bfa0-1528-17ef-08aa-49a10d63bcca">
      <Execution id="4ada32aa-82c8-451c-ba0a-21b170dc69c4" />
      <TestMethod codeBase="D:\actions-runner\_work\XPCO\XPCO\Common\GisMapSharedData\VideoOS.GisMapSharedData.UnitTest\bin\Debug\VideoOS.GisMapSharedData.UnitTest.dll" adapterTypeName="executor://mstestadapter/v1" className="VideoOS.GisMapSharedData.UnitTest.DataContracts.ParamsRespBaseTest" name="OnDeserializedClassArrayWithNull_Success" />
    </UnitTest>
    <UnitTest name="TestConstructor_NoParameters_Success" storage="d:\actions-runner\_work\xpco\xpco\common\gismapshareddata\videoos.gismapshareddata.unittest\bin\debug\videoos.gismapshareddata.unittest.dll" id="75f1ef40-284a-e0e3-d3c6-0f3aebb56444">
      <TestCategory>
        <TestCategoryItem TestCategory="MapCommandException" />
      </TestCategory>
      <Execution id="592f3cd3-6b23-4563-8673-af9ba97d961d" />
      <TestMethod codeBase="D:\actions-runner\_work\XPCO\XPCO\Common\GisMapSharedData\VideoOS.GisMapSharedData.UnitTest\bin\Debug\VideoOS.GisMapSharedData.UnitTest.dll" adapterTypeName="executor://mstestadapter/v1" className="VideoOS.GisMapSharedData.UnitTest.CommandExceptions.MapCommandDatabaseExtraRowsExceptionTest" name="TestConstructor_NoParameters_Success" />
    </UnitTest>
    <UnitTest name="TestAttributeExists_Success" storage="d:\actions-runner\_work\xpco\xpco\common\gismapshareddata\videoos.gismapshareddata.unittest\bin\debug\videoos.gismapshareddata.unittest.dll" id="fb04c5d9-1ddd-1523-6d2a-09af016fb134">
      <TestCategory>
        <TestCategoryItem TestCategory="MapCommandException" />
      </TestCategory>
      <Execution id="2453ad67-10ab-487f-af99-739d645786e5" />
      <TestMethod codeBase="D:\actions-runner\_work\XPCO\XPCO\Common\GisMapSharedData\VideoOS.GisMapSharedData.UnitTest\bin\Debug\VideoOS.GisMapSharedData.UnitTest.dll" adapterTypeName="executor://mstestadapter/v1" className="VideoOS.GisMapSharedData.UnitTest.CommandExceptions.MapCommandOrderGapFoundExceptionTest" name="TestAttributeExists_Success" />
    </UnitTest>
    <UnitTest name="TestConstructor_NoParameters_Success" storage="d:\actions-runner\_work\xpco\xpco\common\gismapshareddata\videoos.gismapshareddata.unittest\bin\debug\videoos.gismapshareddata.unittest.dll" id="92bd870f-71b7-aaed-1fef-9e9609e1d162">
      <TestCategory>
        <TestCategoryItem TestCategory="MapCommandException" />
      </TestCategory>
      <Execution id="fc01c875-6310-4a8c-ab69-b3d55fc3d6f8" />
      <TestMethod codeBase="D:\actions-runner\_work\XPCO\XPCO\Common\GisMapSharedData\VideoOS.GisMapSharedData.UnitTest\bin\Debug\VideoOS.GisMapSharedData.UnitTest.dll" adapterTypeName="executor://mstestadapter/v1" className="VideoOS.GisMapSharedData.UnitTest.CommandExceptions.MapCommandLayerNotFoundExceptionTest" name="TestConstructor_NoParameters_Success" />
    </UnitTest>
    <UnitTest name="TestConstructor_BuildingId_Success" storage="d:\actions-runner\_work\xpco\xpco\common\gismapshareddata\videoos.gismapshareddata.unittest\bin\debug\videoos.gismapshareddata.unittest.dll" id="cd7c1d30-7ea9-63a7-fa29-5d82a1c54c46">
      <TestCategory>
        <TestCategoryItem TestCategory="MapCommandException" />
      </TestCategory>
      <Execution id="d21e50ff-234d-4be4-8036-cbb408606af7" />
      <TestMethod codeBase="D:\actions-runner\_work\XPCO\XPCO\Common\GisMapSharedData\VideoOS.GisMapSharedData.UnitTest\bin\Debug\VideoOS.GisMapSharedData.UnitTest.dll" adapterTypeName="executor://mstestadapter/v1" className="VideoOS.GisMapSharedData.UnitTest.CommandExceptions.MapCommandBuildingAlreadyExistsExceptionTest" name="TestConstructor_BuildingId_Success" />
    </UnitTest>
    <UnitTest name="TestCopyMatchingProperties_CopyInheritedType2PropertiesToType1_Success" storage="d:\actions-runner\_work\xpco\xpco\common\gismapshareddata\videoos.gismapshareddata.unittest\bin\debug\videoos.gismapshareddata.unittest.dll" id="20dc8e45-031a-2048-62d0-602902b8d973">
      <TestCategory>
        <TestCategoryItem TestCategory="CopyPropertyTool" />
      </TestCategory>
      <Execution id="52d5781d-da23-4987-b19f-7795ca137d90" />
      <TestMethod codeBase="D:\actions-runner\_work\XPCO\XPCO\Common\GisMapSharedData\VideoOS.GisMapSharedData.UnitTest\bin\Debug\VideoOS.GisMapSharedData.UnitTest.dll" adapterTypeName="executor://mstestadapter/v1" className="VideoOS.GisMapSharedData.UnitTest.Utilities.ClassPropertyHelperTest" name="TestCopyMatchingProperties_CopyInheritedType2PropertiesToType1_Success" />
    </UnitTest>
    <UnitTest name="TestConstructor_ErrorDescriptionInnerExceptionAndViewPointId_Success" storage="d:\actions-runner\_work\xpco\xpco\common\gismapshareddata\videoos.gismapshareddata.unittest\bin\debug\videoos.gismapshareddata.unittest.dll" id="34ac2d36-8678-0a6e-f55d-3bb582e5502b">
      <TestCategory>
        <TestCategoryItem TestCategory="MapCommandException" />
      </TestCategory>
      <Execution id="effe5789-5bc9-4a26-8ca9-9a87c4a4db49" />
      <TestMethod codeBase="D:\actions-runner\_work\XPCO\XPCO\Common\GisMapSharedData\VideoOS.GisMapSharedData.UnitTest\bin\Debug\VideoOS.GisMapSharedData.UnitTest.dll" adapterTypeName="executor://mstestadapter/v1" className="VideoOS.GisMapSharedData.UnitTest.CommandExceptions.MapCommandViewPointAlreadyExistsExceptionTest" name="TestConstructor_ErrorDescriptionInnerExceptionAndViewPointId_Success" />
    </UnitTest>
    <UnitTest name="TestConstructor_ErrorDescription_Success" storage="d:\actions-runner\_work\xpco\xpco\common\gismapshareddata\videoos.gismapshareddata.unittest\bin\debug\videoos.gismapshareddata.unittest.dll" id="28c80379-1446-414c-9c0b-7b5f3964d318">
      <TestCategory>
        <TestCategoryItem TestCategory="MapCommandException" />
      </TestCategory>
      <Execution id="fea596e9-de2d-4954-ba4c-8f606203a0b5" />
      <TestMethod codeBase="D:\actions-runner\_work\XPCO\XPCO\Common\GisMapSharedData\VideoOS.GisMapSharedData.UnitTest\bin\Debug\VideoOS.GisMapSharedData.UnitTest.dll" adapterTypeName="executor://mstestadapter/v1" className="VideoOS.GisMapSharedData.UnitTest.CommandExceptions.MapCommandSanityCheckFailedExceptionTest" name="TestConstructor_ErrorDescription_Success" />
    </UnitTest>
    <UnitTest name="TestConstructor_NoParameters_Success" storage="d:\actions-runner\_work\xpco\xpco\common\gismapshareddata\videoos.gismapshareddata.unittest\bin\debug\videoos.gismapshareddata.unittest.dll" id="65839743-eedc-7435-519f-96be683d749b">
      <TestCategory>
        <TestCategoryItem TestCategory="MapCommandException" />
      </TestCategory>
      <Execution id="8da99e76-7e90-4536-ba81-0f7787df9d08" />
      <TestMethod codeBase="D:\actions-runner\_work\XPCO\XPCO\Common\GisMapSharedData\VideoOS.GisMapSharedData.UnitTest\bin\Debug\VideoOS.GisMapSharedData.UnitTest.dll" adapterTypeName="executor://mstestadapter/v1" className="VideoOS.GisMapSharedData.UnitTest.CommandExceptions.MapCommandLayerOrderDuplicateFoundExceptionTest" name="TestConstructor_NoParameters_Success" />
    </UnitTest>
    <UnitTest name="TestConstructor_ErrorDescriptionAndInnerException_Success" storage="d:\actions-runner\_work\xpco\xpco\common\gismapshareddata\videoos.gismapshareddata.unittest\bin\debug\videoos.gismapshareddata.unittest.dll" id="6690a5e5-55ea-006e-2746-8035f4f1552a">
      <TestCategory>
        <TestCategoryItem TestCategory="MapCommandException" />
      </TestCategory>
      <Execution id="6ec0ec1f-1f98-44fd-a9ca-778528e9ece7" />
      <TestMethod codeBase="D:\actions-runner\_work\XPCO\XPCO\Common\GisMapSharedData\VideoOS.GisMapSharedData.UnitTest\bin\Debug\VideoOS.GisMapSharedData.UnitTest.dll" adapterTypeName="executor://mstestadapter/v1" className="VideoOS.GisMapSharedData.UnitTest.CommandExceptions.MapCommandMapNotFoundExceptionTest" name="TestConstructor_ErrorDescriptionAndInnerException_Success" />
    </UnitTest>
    <UnitTest name="TestConstructor_ErrorDescriptionAndInnerException_Success" storage="d:\actions-runner\_work\xpco\xpco\common\gismapshareddata\videoos.gismapshareddata.unittest\bin\debug\videoos.gismapshareddata.unittest.dll" id="fa67df6a-d136-6eec-393d-ec4a305abe26">
      <TestCategory>
        <TestCategoryItem TestCategory="MapCommandException" />
      </TestCategory>
      <Execution id="0204615e-2161-4153-bc4a-b25ede2f6245" />
      <TestMethod codeBase="D:\actions-runner\_work\XPCO\XPCO\Common\GisMapSharedData\VideoOS.GisMapSharedData.UnitTest\bin\Debug\VideoOS.GisMapSharedData.UnitTest.dll" adapterTypeName="executor://mstestadapter/v1" className="VideoOS.GisMapSharedData.UnitTest.CommandExceptions.MapCommandSanityCheckFailedExceptionTest" name="TestConstructor_ErrorDescriptionAndInnerException_Success" />
    </UnitTest>
    <UnitTest name="TestConstructor_NoParameters_Success" storage="d:\actions-runner\_work\xpco\xpco\common\gismapshareddata\videoos.gismapshareddata.unittest\bin\debug\videoos.gismapshareddata.unittest.dll" id="39f3c974-5903-b0c2-d4d5-4e8cf3b0f1fb">
      <TestCategory>
        <TestCategoryItem TestCategory="MapCommandException" />
      </TestCategory>
      <Execution id="ea0bff4b-2951-4de8-86de-98aa959fc0c9" />
      <TestMethod codeBase="D:\actions-runner\_work\XPCO\XPCO\Common\GisMapSharedData\VideoOS.GisMapSharedData.UnitTest\bin\Debug\VideoOS.GisMapSharedData.UnitTest.dll" adapterTypeName="executor://mstestadapter/v1" className="VideoOS.GisMapSharedData.UnitTest.CommandExceptions.MapCommandOperationNotSupportedExceptionTest" name="TestConstructor_NoParameters_Success" />
    </UnitTest>
    <UnitTest name="OnSerializingNullClassProperty_Success" storage="d:\actions-runner\_work\xpco\xpco\common\gismapshareddata\videoos.gismapshareddata.unittest\bin\debug\videoos.gismapshareddata.unittest.dll" id="149ec407-0928-82ee-8619-4ccac6f672b7">
      <Execution id="0e7d0001-02bd-4c12-87f9-402997641932" />
      <TestMethod codeBase="D:\actions-runner\_work\XPCO\XPCO\Common\GisMapSharedData\VideoOS.GisMapSharedData.UnitTest\bin\Debug\VideoOS.GisMapSharedData.UnitTest.dll" adapterTypeName="executor://mstestadapter/v1" className="VideoOS.GisMapSharedData.UnitTest.DataContracts.ParamsRespBaseTest" name="OnSerializingNullClassProperty_Success" />
    </UnitTest>
    <UnitTest name="TestConstructor_NoParameters_Success" storage="d:\actions-runner\_work\xpco\xpco\common\gismapshareddata\videoos.gismapshareddata.unittest\bin\debug\videoos.gismapshareddata.unittest.dll" id="4975163f-e2a2-98dd-c14a-2c4a0100004f">
      <TestCategory>
        <TestCategoryItem TestCategory="MapCommandException" />
      </TestCategory>
      <Execution id="7e0233a0-8512-46fe-a15d-266088b32207" />
      <TestMethod codeBase="D:\actions-runner\_work\XPCO\XPCO\Common\GisMapSharedData\VideoOS.GisMapSharedData.UnitTest\bin\Debug\VideoOS.GisMapSharedData.UnitTest.dll" adapterTypeName="executor://mstestadapter/v1" className="VideoOS.GisMapSharedData.UnitTest.CommandExceptions.MapCommandMapNotFoundExceptionTest" name="TestConstructor_NoParameters_Success" />
    </UnitTest>
    <UnitTest name="TestAttributeExists_Success" storage="d:\actions-runner\_work\xpco\xpco\common\gismapshareddata\videoos.gismapshareddata.unittest\bin\debug\videoos.gismapshareddata.unittest.dll" id="f035aadd-ec2b-1e2b-d012-fe50d483205b">
      <TestCategory>
        <TestCategoryItem TestCategory="MapCommandException" />
      </TestCategory>
      <Execution id="0e44b4e1-9269-48ea-ac83-97c3900f4c38" />
      <TestMethod codeBase="D:\actions-runner\_work\XPCO\XPCO\Common\GisMapSharedData\VideoOS.GisMapSharedData.UnitTest\bin\Debug\VideoOS.GisMapSharedData.UnitTest.dll" adapterTypeName="executor://mstestadapter/v1" className="VideoOS.GisMapSharedData.UnitTest.CommandExceptions.MapCommandInvalidAuthenticationExceptionTest" name="TestAttributeExists_Success" />
    </UnitTest>
    <UnitTest name="TestAttributeExists_Success" storage="d:\actions-runner\_work\xpco\xpco\common\gismapshareddata\videoos.gismapshareddata.unittest\bin\debug\videoos.gismapshareddata.unittest.dll" id="e417ce80-657a-b524-fab0-906a563cfcef">
      <TestCategory>
        <TestCategoryItem TestCategory="MapCommandException" />
      </TestCategory>
      <Execution id="cd5b12b0-1188-491b-8704-07e28a19ba66" />
      <TestMethod codeBase="D:\actions-runner\_work\XPCO\XPCO\Common\GisMapSharedData\VideoOS.GisMapSharedData.UnitTest\bin\Debug\VideoOS.GisMapSharedData.UnitTest.dll" adapterTypeName="executor://mstestadapter/v1" className="VideoOS.GisMapSharedData.UnitTest.CommandExceptions.MapCommandLayerOrderGapFoundExceptionTest" name="TestAttributeExists_Success" />
    </UnitTest>
    <UnitTest name="TestAttributeExists_Success" storage="d:\actions-runner\_work\xpco\xpco\common\gismapshareddata\videoos.gismapshareddata.unittest\bin\debug\videoos.gismapshareddata.unittest.dll" id="bb5aac5c-9e31-e153-955d-dda6c3cd8a29">
      <TestCategory>
        <TestCategoryItem TestCategory="MapCommandException" />
      </TestCategory>
      <Execution id="2b99f613-9736-4d10-9a15-15f407c2f2b1" />
      <TestMethod codeBase="D:\actions-runner\_work\XPCO\XPCO\Common\GisMapSharedData\VideoOS.GisMapSharedData.UnitTest\bin\Debug\VideoOS.GisMapSharedData.UnitTest.dll" adapterTypeName="executor://mstestadapter/v1" className="VideoOS.GisMapSharedData.UnitTest.CommandExceptions.MapCommandSanityCheckFailedExceptionTest" name="TestAttributeExists_Success" />
    </UnitTest>
    <UnitTest name="TestConstructorErrorDescription" storage="d:\actions-runner\_work\xpco\xpco\common\gismapshareddata\videoos.gismapshareddata.unittest\bin\debug\videoos.gismapshareddata.unittest.dll" id="4272dc86-6448-aa9d-a94e-380471543b88">
      <TestCategory>
        <TestCategoryItem TestCategory="MapCommandException" />
      </TestCategory>
      <Execution id="4a007923-246d-4fec-84ca-276e3a246bed" />
      <TestMethod codeBase="D:\actions-runner\_work\XPCO\XPCO\Common\GisMapSharedData\VideoOS.GisMapSharedData.UnitTest\bin\Debug\VideoOS.GisMapSharedData.UnitTest.dll" adapterTypeName="executor://mstestadapter/v1" className="VideoOS.GisMapSharedData.UnitTest.CommandExceptions.MapCommandExceptionTest" name="TestConstructorErrorDescription" />
    </UnitTest>
    <UnitTest name="TestConstructor_ErrorDescriptionAndInnerException_Success" storage="d:\actions-runner\_work\xpco\xpco\common\gismapshareddata\videoos.gismapshareddata.unittest\bin\debug\videoos.gismapshareddata.unittest.dll" id="ed8cddc5-6dad-eb4a-440b-86ac633efe46">
      <TestCategory>
        <TestCategoryItem TestCategory="MapCommandException" />
      </TestCategory>
      <Execution id="ce15cd40-2164-43a7-8ac4-0ab6145fb1a8" />
      <TestMethod codeBase="D:\actions-runner\_work\XPCO\XPCO\Common\GisMapSharedData\VideoOS.GisMapSharedData.UnitTest\bin\Debug\VideoOS.GisMapSharedData.UnitTest.dll" adapterTypeName="executor://mstestadapter/v1" className="VideoOS.GisMapSharedData.UnitTest.CommandExceptions.MapCommandNonUniqueBuildingIdExceptionTest" name="TestConstructor_ErrorDescriptionAndInnerException_Success" />
    </UnitTest>
    <UnitTest name="TestConstructor_ErrorDescription_Success" storage="d:\actions-runner\_work\xpco\xpco\common\gismapshareddata\videoos.gismapshareddata.unittest\bin\debug\videoos.gismapshareddata.unittest.dll" id="7fa5a87a-7b24-fd57-18b1-2703a72bb8b3">
      <TestCategory>
        <TestCategoryItem TestCategory="MapCommandException" />
      </TestCategory>
      <Execution id="22a23f6c-9d12-44e2-9aaa-fcacd53238e1" />
      <TestMethod codeBase="D:\actions-runner\_work\XPCO\XPCO\Common\GisMapSharedData\VideoOS.GisMapSharedData.UnitTest\bin\Debug\VideoOS.GisMapSharedData.UnitTest.dll" adapterTypeName="executor://mstestadapter/v1" className="VideoOS.GisMapSharedData.UnitTest.CommandExceptions.MapCommandArgumentNullExceptionTest" name="TestConstructor_ErrorDescription_Success" />
    </UnitTest>
    <UnitTest name="TestConstructor_ErrorDescription_Success" storage="d:\actions-runner\_work\xpco\xpco\common\gismapshareddata\videoos.gismapshareddata.unittest\bin\debug\videoos.gismapshareddata.unittest.dll" id="d6d917e7-2336-9291-8c8f-e7abd98f970a">
      <TestCategory>
        <TestCategoryItem TestCategory="MapCommandException" />
      </TestCategory>
      <Execution id="52d2a0e4-58f1-4d26-a903-53dda0dd216d" />
      <TestMethod codeBase="D:\actions-runner\_work\XPCO\XPCO\Common\GisMapSharedData\VideoOS.GisMapSharedData.UnitTest\bin\Debug\VideoOS.GisMapSharedData.UnitTest.dll" adapterTypeName="executor://mstestadapter/v1" className="VideoOS.GisMapSharedData.UnitTest.CommandExceptions.MapCommandLayerAlreadyExistsExceptionTest" name="TestConstructor_ErrorDescription_Success" />
    </UnitTest>
    <UnitTest name="OnSerializingClassPropertyFullTree_Success" storage="d:\actions-runner\_work\xpco\xpco\common\gismapshareddata\videoos.gismapshareddata.unittest\bin\debug\videoos.gismapshareddata.unittest.dll" id="d05d989c-c6be-219d-c885-3eb3552876d5">
      <Execution id="4f57819c-cc79-4839-8e1e-91be3c3bd639" />
      <TestMethod codeBase="D:\actions-runner\_work\XPCO\XPCO\Common\GisMapSharedData\VideoOS.GisMapSharedData.UnitTest\bin\Debug\VideoOS.GisMapSharedData.UnitTest.dll" adapterTypeName="executor://mstestadapter/v1" className="VideoOS.GisMapSharedData.UnitTest.DataContracts.ParamsRespBaseTest" name="OnSerializingClassPropertyFullTree_Success" />
    </UnitTest>
    <UnitTest name="OnDeserializedWithStringRefrenceTypes_Success" storage="d:\actions-runner\_work\xpco\xpco\common\gismapshareddata\videoos.gismapshareddata.unittest\bin\debug\videoos.gismapshareddata.unittest.dll" id="acee9974-f93a-f84c-51bf-9aae43ff78e0">
      <Execution id="0bd42144-d604-4c62-9e72-a592b8cbd293" />
      <TestMethod codeBase="D:\actions-runner\_work\XPCO\XPCO\Common\GisMapSharedData\VideoOS.GisMapSharedData.UnitTest\bin\Debug\VideoOS.GisMapSharedData.UnitTest.dll" adapterTypeName="executor://mstestadapter/v1" className="VideoOS.GisMapSharedData.UnitTest.DataContracts.ParamsRespBaseTest" name="OnDeserializedWithStringRefrenceTypes_Success" />
    </UnitTest>
    <UnitTest name="TestConstructor_ErrorDescriptionAndInnerException_Success" storage="d:\actions-runner\_work\xpco\xpco\common\gismapshareddata\videoos.gismapshareddata.unittest\bin\debug\videoos.gismapshareddata.unittest.dll" id="574c04a2-fb84-4909-614e-299c2d1af45e">
      <TestCategory>
        <TestCategoryItem TestCategory="MapCommandException" />
      </TestCategory>
      <Execution id="bbc67f3f-1b33-4a65-8435-e4f3ee980b57" />
      <TestMethod codeBase="D:\actions-runner\_work\XPCO\XPCO\Common\GisMapSharedData\VideoOS.GisMapSharedData.UnitTest\bin\Debug\VideoOS.GisMapSharedData.UnitTest.dll" adapterTypeName="executor://mstestadapter/v1" className="VideoOS.GisMapSharedData.UnitTest.CommandExceptions.MapCommandLayerAlreadyExistsExceptionTest" name="TestConstructor_ErrorDescriptionAndInnerException_Success" />
    </UnitTest>
    <UnitTest name="TestCopyMatchingProperties_Type1NotSourceType_Failure" storage="d:\actions-runner\_work\xpco\xpco\common\gismapshareddata\videoos.gismapshareddata.unittest\bin\debug\videoos.gismapshareddata.unittest.dll" id="9cb65467-c4f2-4545-39c9-b37964cf6c6f">
      <TestCategory>
        <TestCategoryItem TestCategory="CopyPropertyTool" />
      </TestCategory>
      <Execution id="82435ccc-5cad-45a5-a5bf-7c9d5afd662d" />
      <TestMethod codeBase="D:\actions-runner\_work\XPCO\XPCO\Common\GisMapSharedData\VideoOS.GisMapSharedData.UnitTest\bin\Debug\VideoOS.GisMapSharedData.UnitTest.dll" adapterTypeName="executor://mstestadapter/v1" className="VideoOS.GisMapSharedData.UnitTest.Utilities.ClassPropertyHelperTest" name="TestCopyMatchingProperties_Type1NotSourceType_Failure" />
    </UnitTest>
    <UnitTest name="TestConstructor_ErrorDescription_Success" storage="d:\actions-runner\_work\xpco\xpco\common\gismapshareddata\videoos.gismapshareddata.unittest\bin\debug\videoos.gismapshareddata.unittest.dll" id="92697b63-84ef-b7db-203a-f190091e235a">
      <TestCategory>
        <TestCategoryItem TestCategory="MapCommandException" />
      </TestCategory>
      <Execution id="a3b9c888-4810-4428-ba6b-40ea95e84543" />
      <TestMethod codeBase="D:\actions-runner\_work\XPCO\XPCO\Common\GisMapSharedData\VideoOS.GisMapSharedData.UnitTest\bin\Debug\VideoOS.GisMapSharedData.UnitTest.dll" adapterTypeName="executor://mstestadapter/v1" className="VideoOS.GisMapSharedData.UnitTest.CommandExceptions.MapCommandInvalidTypeExceptionTest" name="TestConstructor_ErrorDescription_Success" />
    </UnitTest>
    <UnitTest name="OnSerializingWithClassArrayContainerNull" storage="d:\actions-runner\_work\xpco\xpco\common\gismapshareddata\videoos.gismapshareddata.unittest\bin\debug\videoos.gismapshareddata.unittest.dll" id="48a63da7-c29c-2c58-db40-489bb2805b1d">
      <Execution id="ba157c48-046b-4343-aa04-66f886811a1e" />
      <TestMethod codeBase="D:\actions-runner\_work\XPCO\XPCO\Common\GisMapSharedData\VideoOS.GisMapSharedData.UnitTest\bin\Debug\VideoOS.GisMapSharedData.UnitTest.dll" adapterTypeName="executor://mstestadapter/v1" className="VideoOS.GisMapSharedData.UnitTest.DataContracts.ParamsRespBaseTest" name="OnSerializingWithClassArrayContainerNull" />
    </UnitTest>
    <UnitTest name="TestConstructor_NoParameters_Success" storage="d:\actions-runner\_work\xpco\xpco\common\gismapshareddata\videoos.gismapshareddata.unittest\bin\debug\videoos.gismapshareddata.unittest.dll" id="20cc738a-ac27-cc4a-9255-03102e452047">
      <TestCategory>
        <TestCategoryItem TestCategory="MapCommandException" />
      </TestCategory>
      <Execution id="80c90737-28d3-45f0-b669-bad5a7b428b2" />
      <TestMethod codeBase="D:\actions-runner\_work\XPCO\XPCO\Common\GisMapSharedData\VideoOS.GisMapSharedData.UnitTest\bin\Debug\VideoOS.GisMapSharedData.UnitTest.dll" adapterTypeName="executor://mstestadapter/v1" className="VideoOS.GisMapSharedData.UnitTest.CommandExceptions.MapCommandOrderGapFoundExceptionTest" name="TestConstructor_NoParameters_Success" />
    </UnitTest>
    <UnitTest name="TestConstructor_ErrorDescription_Success" storage="d:\actions-runner\_work\xpco\xpco\common\gismapshareddata\videoos.gismapshareddata.unittest\bin\debug\videoos.gismapshareddata.unittest.dll" id="ff1589c0-3b3d-31e7-bf1b-90ee55b237ec">
      <TestCategory>
        <TestCategoryItem TestCategory="MapCommandException" />
      </TestCategory>
      <Execution id="4e0256fc-dffe-4f88-91ec-0bb04ea0d43e" />
      <TestMethod codeBase="D:\actions-runner\_work\XPCO\XPCO\Common\GisMapSharedData\VideoOS.GisMapSharedData.UnitTest\bin\Debug\VideoOS.GisMapSharedData.UnitTest.dll" adapterTypeName="executor://mstestadapter/v1" className="VideoOS.GisMapSharedData.UnitTest.CommandExceptions.MapCommandObsoleteItemTypeExceptionTest" name="TestConstructor_ErrorDescription_Success" />
    </UnitTest>
    <UnitTest name="TestConstructor_ViewPointId_Success" storage="d:\actions-runner\_work\xpco\xpco\common\gismapshareddata\videoos.gismapshareddata.unittest\bin\debug\videoos.gismapshareddata.unittest.dll" id="009013d5-fea3-af91-9eb7-d87eadc466fd">
      <TestCategory>
        <TestCategoryItem TestCategory="MapCommandException" />
      </TestCategory>
      <Execution id="96c4d61a-997b-4da0-afd9-743aa516788e" />
      <TestMethod codeBase="D:\actions-runner\_work\XPCO\XPCO\Common\GisMapSharedData\VideoOS.GisMapSharedData.UnitTest\bin\Debug\VideoOS.GisMapSharedData.UnitTest.dll" adapterTypeName="executor://mstestadapter/v1" className="VideoOS.GisMapSharedData.UnitTest.CommandExceptions.MapCommandViewPointAlreadyExistsExceptionTest" name="TestConstructor_ViewPointId_Success" />
    </UnitTest>
    <UnitTest name="TestConstructor_ErrorDescriptionAndInnerException_Success" storage="d:\actions-runner\_work\xpco\xpco\common\gismapshareddata\videoos.gismapshareddata.unittest\bin\debug\videoos.gismapshareddata.unittest.dll" id="2e892999-add2-3a86-61f4-f822b68e1788">
      <TestCategory>
        <TestCategoryItem TestCategory="MapCommandException" />
      </TestCategory>
      <Execution id="25c661ac-5cd2-4b41-9da3-d0cc0fb5d432" />
      <TestMethod codeBase="D:\actions-runner\_work\XPCO\XPCO\Common\GisMapSharedData\VideoOS.GisMapSharedData.UnitTest\bin\Debug\VideoOS.GisMapSharedData.UnitTest.dll" adapterTypeName="executor://mstestadapter/v1" className="VideoOS.GisMapSharedData.UnitTest.CommandExceptions.MapCommandNonUniqueMapIdExceptionTest" name="TestConstructor_ErrorDescriptionAndInnerException_Success" />
    </UnitTest>
    <UnitTest name="TestAttributeExists_Success" storage="d:\actions-runner\_work\xpco\xpco\common\gismapshareddata\videoos.gismapshareddata.unittest\bin\debug\videoos.gismapshareddata.unittest.dll" id="26db9ca3-2a8f-4ae7-4a54-9eb6f6f69514">
      <TestCategory>
        <TestCategoryItem TestCategory="MapCommandException" />
      </TestCategory>
      <Execution id="a9616b8b-1c8d-40c1-8ab1-7fcb2938d521" />
      <TestMethod codeBase="D:\actions-runner\_work\XPCO\XPCO\Common\GisMapSharedData\VideoOS.GisMapSharedData.UnitTest\bin\Debug\VideoOS.GisMapSharedData.UnitTest.dll" adapterTypeName="executor://mstestadapter/v1" className="VideoOS.GisMapSharedData.UnitTest.CommandExceptions.MapCommandOperationNotSupportedExceptionTest" name="TestAttributeExists_Success" />
    </UnitTest>
    <UnitTest name="TestAttributeExists_Success" storage="d:\actions-runner\_work\xpco\xpco\common\gismapshareddata\videoos.gismapshareddata.unittest\bin\debug\videoos.gismapshareddata.unittest.dll" id="30ca6209-6922-5367-0168-f91ffe6b8b66">
      <TestCategory>
        <TestCategoryItem TestCategory="MapCommandException" />
      </TestCategory>
      <Execution id="f6d12b59-9b9f-46a9-b374-d2f274e07a87" />
      <TestMethod codeBase="D:\actions-runner\_work\XPCO\XPCO\Common\GisMapSharedData\VideoOS.GisMapSharedData.UnitTest\bin\Debug\VideoOS.GisMapSharedData.UnitTest.dll" adapterTypeName="executor://mstestadapter/v1" className="VideoOS.GisMapSharedData.UnitTest.CommandExceptions.MapCommandArgumentNullExceptionTest" name="TestAttributeExists_Success" />
    </UnitTest>
  </TestDefinitions>
  <TestEntries>
    <TestEntry testId="39b87cb6-8943-8703-e79b-928509672861" executionId="3a1d665e-ff98-4cba-bb98-d63678a9a56c" testListId="8c84fa94-04c1-424b-9868-57a2d4851a1d" />
    <TestEntry testId="282f6cdd-d62d-2b34-55d2-a4eb56661e41" executionId="b1c5404b-7dfd-4185-8da4-b6e77b31e76a" testListId="8c84fa94-04c1-424b-9868-57a2d4851a1d" />
    <TestEntry testId="6fa46d58-19b0-5161-6030-bd719f461f08" executionId="0fa9eb54-9475-4864-8077-726a22b5b7a0" testListId="8c84fa94-04c1-424b-9868-57a2d4851a1d" />
    <TestEntry testId="e57e473b-308f-633f-28db-c08e7fd00576" executionId="c3c0d5b8-637d-4da7-9051-ece2074ce2ad" testListId="8c84fa94-04c1-424b-9868-57a2d4851a1d" />
    <TestEntry testId="90b58c10-d579-c9fe-3398-dc3c361ed0b4" executionId="923e3133-67e3-44a3-b15e-f0e261f7f41e" testListId="8c84fa94-04c1-424b-9868-57a2d4851a1d" />
    <TestEntry testId="4ca54b1a-2f71-bed7-94b6-34df043645bc" executionId="1c7dbf27-0faf-4815-bdf1-4c0fb552b537" testListId="8c84fa94-04c1-424b-9868-57a2d4851a1d" />
    <TestEntry testId="34ac2d36-8678-0a6e-f55d-3bb582e5502b" executionId="effe5789-5bc9-4a26-8ca9-9a87c4a4db49" testListId="8c84fa94-04c1-424b-9868-57a2d4851a1d" />
    <TestEntry testId="fb04c5d9-1ddd-1523-6d2a-09af016fb134" executionId="2453ad67-10ab-487f-af99-739d645786e5" testListId="8c84fa94-04c1-424b-9868-57a2d4851a1d" />
    <TestEntry testId="ab0894c0-226b-103c-3a51-a5533d4b718c" executionId="944a8cd2-e747-416c-91e1-6c7bca623208" testListId="8c84fa94-04c1-424b-9868-57a2d4851a1d" />
    <TestEntry testId="ed8cddc5-6dad-eb4a-440b-86ac633efe46" executionId="ce15cd40-2164-43a7-8ac4-0ab6145fb1a8" testListId="8c84fa94-04c1-424b-9868-57a2d4851a1d" />
    <TestEntry testId="3bd0d3b8-7840-6a04-f2da-406d55f8be8f" executionId="ad025997-5de1-4588-8279-36107f8bacda" testListId="8c84fa94-04c1-424b-9868-57a2d4851a1d" />
    <TestEntry testId="65839743-eedc-7435-519f-96be683d749b" executionId="8da99e76-7e90-4536-ba81-0f7787df9d08" testListId="8c84fa94-04c1-424b-9868-57a2d4851a1d" />
    <TestEntry testId="bd2fe3ac-2647-e36c-5c07-a95ef84f3351" executionId="f3667491-b4a2-4478-b228-a7db449288ff" testListId="8c84fa94-04c1-424b-9868-57a2d4851a1d" />
    <TestEntry testId="0c995c67-007b-2af2-d89b-ff45e480678e" executionId="ab2ce016-9276-4f15-a309-032e8b88915f" testListId="8c84fa94-04c1-424b-9868-57a2d4851a1d" />
    <TestEntry testId="cf2a7e04-e15f-02bb-c084-691a39b49b93" executionId="cc304164-7cf1-4718-b4f1-15f484bb9629" testListId="8c84fa94-04c1-424b-9868-57a2d4851a1d" />
    <TestEntry testId="a579e24a-b3b3-0e74-d0ad-623787297a42" executionId="d9c274e7-bb57-4891-80e8-2530e59f2ba7" testListId="8c84fa94-04c1-424b-9868-57a2d4851a1d" />
    <TestEntry testId="fedb921b-b397-97cc-e1c7-1b725a9aa4dd" executionId="9e905d9e-bac3-4037-b39f-4d61697ea1f0" testListId="8c84fa94-04c1-424b-9868-57a2d4851a1d" />
    <TestEntry testId="aff77587-7ac4-ac64-887e-62e1feb1af7e" executionId="62390d1b-d13d-47bf-921a-e5fa4841ca63" testListId="8c84fa94-04c1-424b-9868-57a2d4851a1d" />
    <TestEntry testId="356ef46b-0e5b-af0f-427e-ba7096785440" executionId="c2a03876-82b8-4aec-a7d8-f943c75b8249" testListId="8c84fa94-04c1-424b-9868-57a2d4851a1d" />
    <TestEntry testId="7f0c8b03-44ec-d73b-cae3-862acebe79ab" executionId="6611cc24-a32f-4887-b5d4-5d2c7f7ce262" testListId="8c84fa94-04c1-424b-9868-57a2d4851a1d" />
    <TestEntry testId="93171284-da1b-6880-cab4-616aaa4da299" executionId="695331d2-105d-42a0-976d-e390a0a71788" testListId="8c84fa94-04c1-424b-9868-57a2d4851a1d" />
    <TestEntry testId="d02efcb3-fba3-c4d3-499c-8de0f28a4a19" executionId="e293bd64-9933-4ac1-be57-cc6af6486ca2" testListId="8c84fa94-04c1-424b-9868-57a2d4851a1d" />
    <TestEntry testId="fdbae078-1446-ebe1-792d-e0a8f563a8a9" executionId="d5c72045-0c74-49d0-9cc1-79f9976c3f34" testListId="8c84fa94-04c1-424b-9868-57a2d4851a1d" />
    <TestEntry testId="7a1fd523-bc4d-f7ca-2a8b-8078c4b0c9de" executionId="b6a82728-8957-4a1a-ac94-a01f69a2e116" testListId="8c84fa94-04c1-424b-9868-57a2d4851a1d" />
    <TestEntry testId="33693c06-087a-f3a1-d4b4-928368c2b14b" executionId="1ee0fd64-862d-482d-a962-a43130c8938c" testListId="8c84fa94-04c1-424b-9868-57a2d4851a1d" />
    <TestEntry testId="d05d989c-c6be-219d-c885-3eb3552876d5" executionId="4f57819c-cc79-4839-8e1e-91be3c3bd639" testListId="8c84fa94-04c1-424b-9868-57a2d4851a1d" />
    <TestEntry testId="0a229a26-16c6-8d4d-d95d-c83efc70ac1c" executionId="7ecb8c48-395b-43ff-ba52-09582367fb4b" testListId="8c84fa94-04c1-424b-9868-57a2d4851a1d" />
    <TestEntry testId="f0b76e53-cc7c-7748-9728-6daa9ee04def" executionId="dbffc3ac-b43f-451c-b11c-176376153ea1" testListId="8c84fa94-04c1-424b-9868-57a2d4851a1d" />
    <TestEntry testId="92697b63-84ef-b7db-203a-f190091e235a" executionId="a3b9c888-4810-4428-ba6b-40ea95e84543" testListId="8c84fa94-04c1-424b-9868-57a2d4851a1d" />
    <TestEntry testId="e802653e-f2ed-f7c6-a5fb-e01e28492882" executionId="af8b628d-918a-4997-b8b5-a409b9a7fe42" testListId="8c84fa94-04c1-424b-9868-57a2d4851a1d" />
    <TestEntry testId="a197526b-8363-3cfa-d897-f9de0fdcf070" executionId="daa87244-fb3e-43ed-88e4-b0d569e03e01" testListId="8c84fa94-04c1-424b-9868-57a2d4851a1d" />
    <TestEntry testId="18c95fe0-49ec-7340-ce28-f77f0bc14643" executionId="acc7b195-e13f-440c-99ef-b6122ca2fdae" testListId="8c84fa94-04c1-424b-9868-57a2d4851a1d" />
    <TestEntry testId="c2a39777-0ad8-fefd-0057-3357ef036012" executionId="abd6f0f4-c9d4-4f48-8ff3-c4189702cb60" testListId="8c84fa94-04c1-424b-9868-57a2d4851a1d" />
    <TestEntry testId="09aac61e-00b9-e150-5c37-a82f1ca0878b" executionId="4a83f9cf-3f3e-40ff-b5c3-67c8d76235c7" testListId="8c84fa94-04c1-424b-9868-57a2d4851a1d" />
    <TestEntry testId="4bd0f159-9896-a4fd-1597-28748cd21d98" executionId="2f3dcd7e-f8d1-4b59-af05-4b2ad7cb527a" testListId="8c84fa94-04c1-424b-9868-57a2d4851a1d" />
    <TestEntry testId="309b5967-5591-957f-758c-1c585a3a83f9" executionId="09fb2a92-0e7e-43bf-8882-d1e135926858" testListId="8c84fa94-04c1-424b-9868-57a2d4851a1d" />
    <TestEntry testId="b6437183-953c-7d59-a42a-4cc2d4a19e24" executionId="c79a9c46-7746-4cec-8085-e245ea002727" testListId="8c84fa94-04c1-424b-9868-57a2d4851a1d" />
    <TestEntry testId="8374ccfe-aa64-5418-f90e-b570eb1f8f8e" executionId="a1b0571d-e685-46e5-89c1-040501308696" testListId="8c84fa94-04c1-424b-9868-57a2d4851a1d" />
    <TestEntry testId="f7713007-f1ae-c35f-1114-7e8f84e93ed8" executionId="15723470-6c64-4224-9dcb-9bf89e2cbcc8" testListId="8c84fa94-04c1-424b-9868-57a2d4851a1d" />
    <TestEntry testId="89db94f9-da05-009a-fdcf-deff6b001e66" executionId="41f8df5c-f1a3-4b9a-812c-3f068b6679e2" testListId="8c84fa94-04c1-424b-9868-57a2d4851a1d" />
    <TestEntry testId="f01d14db-ae66-1739-f96b-f5d13d5b2653" executionId="6862cc82-4418-4f11-94e2-c77dabccbe56" testListId="8c84fa94-04c1-424b-9868-57a2d4851a1d" />
    <TestEntry testId="983cd1f3-5dee-cccf-20ee-82d7f5bee7cf" executionId="446df5f4-8e2e-4371-8a17-0a5bd4d6bcee" testListId="8c84fa94-04c1-424b-9868-57a2d4851a1d" />
    <TestEntry testId="84d248da-6a06-72cc-45f9-01bbeda7f19d" executionId="a45f3e08-fa14-4895-a7a4-0c048e43e1f4" testListId="8c84fa94-04c1-424b-9868-57a2d4851a1d" />
    <TestEntry testId="3b5a222e-8087-b757-38fe-19c65e85ad9b" executionId="43533dc9-c6d3-4b75-8905-454768638650" testListId="8c84fa94-04c1-424b-9868-57a2d4851a1d" />
    <TestEntry testId="480811c1-6c02-e540-e71d-bf889c898b59" executionId="5729247b-9796-4725-99f7-2a4b1a6a4ff8" testListId="8c84fa94-04c1-424b-9868-57a2d4851a1d" />
    <TestEntry testId="ea71d23a-1026-ea2c-f1e2-50eac38dac0d" executionId="59ca272c-d528-46aa-893b-4717f83e09b7" testListId="8c84fa94-04c1-424b-9868-57a2d4851a1d" />
    <TestEntry testId="009013d5-fea3-af91-9eb7-d87eadc466fd" executionId="96c4d61a-997b-4da0-afd9-743aa516788e" testListId="8c84fa94-04c1-424b-9868-57a2d4851a1d" />
    <TestEntry testId="ff1589c0-3b3d-31e7-bf1b-90ee55b237ec" executionId="4e0256fc-dffe-4f88-91ec-0bb04ea0d43e" testListId="8c84fa94-04c1-424b-9868-57a2d4851a1d" />
    <TestEntry testId="5e020671-df3b-8924-3300-17b048ed033b" executionId="3f9028ff-27b7-4f58-931d-1519639e6844" testListId="8c84fa94-04c1-424b-9868-57a2d4851a1d" />
    <TestEntry testId="da74c1fb-d050-254a-d8cd-b13361d66545" executionId="add912b6-b176-4e87-bf86-e6bc51ac73ae" testListId="8c84fa94-04c1-424b-9868-57a2d4851a1d" />
    <TestEntry testId="30ca6209-6922-5367-0168-f91ffe6b8b66" executionId="f6d12b59-9b9f-46a9-b374-d2f274e07a87" testListId="8c84fa94-04c1-424b-9868-57a2d4851a1d" />
    <TestEntry testId="cdb81642-ea0b-a3d0-9125-47311a6a6119" executionId="68e0a187-cbd6-4aaa-9e58-de0888b6beb6" testListId="8c84fa94-04c1-424b-9868-57a2d4851a1d" />
    <TestEntry testId="bb5aac5c-9e31-e153-955d-dda6c3cd8a29" executionId="2b99f613-9736-4d10-9a15-15f407c2f2b1" testListId="8c84fa94-04c1-424b-9868-57a2d4851a1d" />
    <TestEntry testId="6690a5e5-55ea-006e-2746-8035f4f1552a" executionId="6ec0ec1f-1f98-44fd-a9ca-778528e9ece7" testListId="8c84fa94-04c1-424b-9868-57a2d4851a1d" />
    <TestEntry testId="4975163f-e2a2-98dd-c14a-2c4a0100004f" executionId="7e0233a0-8512-46fe-a15d-266088b32207" testListId="8c84fa94-04c1-424b-9868-57a2d4851a1d" />
    <TestEntry testId="28373339-424d-4fa5-b1a9-7715725e7339" executionId="a47d06ac-29f8-4db5-8faa-3a26365ca717" testListId="8c84fa94-04c1-424b-9868-57a2d4851a1d" />
    <TestEntry testId="c24c28c7-9433-8c3c-0318-acd1909dbbfc" executionId="5635f45b-eccb-4ab5-9670-dfd05f6e6332" testListId="8c84fa94-04c1-424b-9868-57a2d4851a1d" />
    <TestEntry testId="f866f2e4-459a-2239-c4e5-97d252abda62" executionId="cbce68f6-b435-49f1-b356-0f4ed8c2f63c" testListId="8c84fa94-04c1-424b-9868-57a2d4851a1d" />
    <TestEntry testId="53a5fcc8-b550-2ee9-ab98-5559f531eb74" executionId="aaa90c9c-67cf-46fa-b91a-31334e64e3dd" testListId="8c84fa94-04c1-424b-9868-57a2d4851a1d" />
    <TestEntry testId="b8f5e07c-999a-e6f5-8468-ed22e1a19fb2" executionId="78aa519e-9435-4350-989a-7c464e6cdd3f" testListId="8c84fa94-04c1-424b-9868-57a2d4851a1d" />
    <TestEntry testId="68f86fb5-457e-33c8-a227-fb3fb0b55b27" executionId="d27ae9ce-9f72-45a4-a395-17cc43b1f006" testListId="8c84fa94-04c1-424b-9868-57a2d4851a1d" />
    <TestEntry testId="635105b3-b470-2f08-fc44-9f29c4bfd7f6" executionId="3a0addbe-45ed-4a18-b9b8-ba7e35973892" testListId="8c84fa94-04c1-424b-9868-57a2d4851a1d" />
    <TestEntry testId="3d3e5d00-fe6d-eaa1-184f-d87c1b5b6276" executionId="517a72e1-5a07-4f4a-9cb7-b7d6fb75e973" testListId="8c84fa94-04c1-424b-9868-57a2d4851a1d" />
    <TestEntry testId="7f2a4e61-7aea-02bf-432d-46d9066bb1ba" executionId="2f4e88aa-f2cb-4b76-ae0c-0d74fd27c6c8" testListId="8c84fa94-04c1-424b-9868-57a2d4851a1d" />
    <TestEntry testId="ab023b5e-edf5-d1ff-95c4-4dae2c305106" executionId="c2e89d2a-7fac-4bd5-80e1-3a317f4ceb15" testListId="8c84fa94-04c1-424b-9868-57a2d4851a1d" />
    <TestEntry testId="afb3bdd0-0f99-d747-7bae-de50bf6b9b89" executionId="333120b3-355e-49ad-9eb8-1c679f3b19d6" testListId="8c84fa94-04c1-424b-9868-57a2d4851a1d" />
    <TestEntry testId="10c01568-98c2-f651-4062-0ab025fe90b9" executionId="cc645865-db5f-415e-90fc-a5741dd2ec51" testListId="8c84fa94-04c1-424b-9868-57a2d4851a1d" />
    <TestEntry testId="552d887d-3c8c-5d22-5fc7-acb212ea98a5" executionId="236e3a29-1710-4b8e-859c-9c524fc11963" testListId="8c84fa94-04c1-424b-9868-57a2d4851a1d" />
    <TestEntry testId="20aebe3e-4510-5727-c483-614a7d667a4e" executionId="959f8a21-4674-4e19-8fe7-e7bf8ab53e98" testListId="8c84fa94-04c1-424b-9868-57a2d4851a1d" />
    <TestEntry testId="097e3290-628c-79f1-298b-e467814955d1" executionId="2b212f2a-be2a-4a68-8b2a-628d5c092afb" testListId="8c84fa94-04c1-424b-9868-57a2d4851a1d" />
    <TestEntry testId="a55ddb66-42e1-5812-aeda-1ccb1a6ac5e6" executionId="688f5df1-9251-4b1f-91b8-c131893dddac" testListId="8c84fa94-04c1-424b-9868-57a2d4851a1d" />
    <TestEntry testId="743ebe21-74d1-294d-ab97-8ad88d88a47a" executionId="2b296eb8-3642-43da-971a-71c3a5b3b3ea" testListId="8c84fa94-04c1-424b-9868-57a2d4851a1d" />
    <TestEntry testId="18415cb1-f30b-1a53-2bfa-913f36be6b9f" executionId="01132f8a-6de0-42f1-a652-3828a7c3dd96" testListId="8c84fa94-04c1-424b-9868-57a2d4851a1d" />
    <TestEntry testId="528197dd-d3f1-c776-dfa6-b0912a60f0a8" executionId="19baab86-86d9-4d19-9fc4-9fcd98132a7e" testListId="8c84fa94-04c1-424b-9868-57a2d4851a1d" />
    <TestEntry testId="8b101637-b7dd-d631-f32d-e18673f192b9" executionId="281d1dd1-40d3-48f0-869b-a7abf5ec955b" testListId="8c84fa94-04c1-424b-9868-57a2d4851a1d" />
    <TestEntry testId="20dc8e45-031a-2048-62d0-602902b8d973" executionId="52d5781d-da23-4987-b19f-7795ca137d90" testListId="8c84fa94-04c1-424b-9868-57a2d4851a1d" />
    <TestEntry testId="8a18b369-b564-de78-237f-e905d4c9f3c9" executionId="f3e2724a-c812-4a54-a8e0-aeaa331399b3" testListId="8c84fa94-04c1-424b-9868-57a2d4851a1d" />
    <TestEntry testId="7cd06677-8dee-eb99-412a-eda01e5da3a1" executionId="75e7adfd-5b72-4da2-92d0-805afc69b037" testListId="8c84fa94-04c1-424b-9868-57a2d4851a1d" />
    <TestEntry testId="9dae148e-8f2c-6058-7353-33e92fc4f3e9" executionId="89f228fa-306d-4011-828e-3373e6a3eacb" testListId="8c84fa94-04c1-424b-9868-57a2d4851a1d" />
    <TestEntry testId="3b6c1610-deaf-f64a-248d-1d720f04042d" executionId="dd738d35-97ec-4ceb-95d3-44ba202c8321" testListId="8c84fa94-04c1-424b-9868-57a2d4851a1d" />
    <TestEntry testId="9cb65467-c4f2-4545-39c9-b37964cf6c6f" executionId="82435ccc-5cad-45a5-a5bf-7c9d5afd662d" testListId="8c84fa94-04c1-424b-9868-57a2d4851a1d" />
    <TestEntry testId="d6d917e7-2336-9291-8c8f-e7abd98f970a" executionId="52d2a0e4-58f1-4d26-a903-53dda0dd216d" testListId="8c84fa94-04c1-424b-9868-57a2d4851a1d" />
    <TestEntry testId="62159787-4524-b94c-85db-4443daf6e58b" executionId="76805161-ef90-4d52-b369-2cfd98062047" testListId="8c84fa94-04c1-424b-9868-57a2d4851a1d" />
    <TestEntry testId="fb6f57a1-5272-f30b-b7e2-9c0ad25cd45b" executionId="988fa43b-0210-4d19-a3b6-8e87a4f23e38" testListId="8c84fa94-04c1-424b-9868-57a2d4851a1d" />
    <TestEntry testId="26db9ca3-2a8f-4ae7-4a54-9eb6f6f69514" executionId="a9616b8b-1c8d-40c1-8ab1-7fcb2938d521" testListId="8c84fa94-04c1-424b-9868-57a2d4851a1d" />
    <TestEntry testId="75f1ef40-284a-e0e3-d3c6-0f3aebb56444" executionId="592f3cd3-6b23-4563-8673-af9ba97d961d" testListId="8c84fa94-04c1-424b-9868-57a2d4851a1d" />
    <TestEntry testId="f0945819-a243-b646-8f75-0e857c4da7fc" executionId="d5e3663c-ec82-4fe8-aa5d-241b5ba06aff" testListId="8c84fa94-04c1-424b-9868-57a2d4851a1d" />
    <TestEntry testId="8ec5d7f7-1b49-9ed3-d00e-af262c17469d" executionId="226bd055-16e2-42ab-9e28-644fda3b95e8" testListId="8c84fa94-04c1-424b-9868-57a2d4851a1d" />
    <TestEntry testId="48a63da7-c29c-2c58-db40-489bb2805b1d" executionId="ba157c48-046b-4343-aa04-66f886811a1e" testListId="8c84fa94-04c1-424b-9868-57a2d4851a1d" />
    <TestEntry testId="7d6278e6-9b80-4a7f-182f-c03d036ad28d" executionId="0cb8cfb3-a85b-4e41-ac0f-14f0e8ab31a8" testListId="8c84fa94-04c1-424b-9868-57a2d4851a1d" />
    <TestEntry testId="3a2b1bad-0152-208e-122a-993b408719f7" executionId="d756d2c5-5a02-4126-a79d-6fd74558612e" testListId="8c84fa94-04c1-424b-9868-57a2d4851a1d" />
    <TestEntry testId="4ff28219-9499-01b7-e059-536dcd81e10f" executionId="7885cde8-a00a-4726-bdb9-ddbbbe445825" testListId="8c84fa94-04c1-424b-9868-57a2d4851a1d" />
    <TestEntry testId="11dc1696-abf2-582d-6c14-3c3ec02b0b90" executionId="e94adfde-ec33-4bbc-b5a5-407fa391a424" testListId="8c84fa94-04c1-424b-9868-57a2d4851a1d" />
    <TestEntry testId="5f66a694-24a9-8fe8-709a-d2e4e28abe92" executionId="dd140c73-f1cb-423c-aba9-dc892c0ceb68" testListId="8c84fa94-04c1-424b-9868-57a2d4851a1d" />
    <TestEntry testId="853b350e-fcee-0b8c-6fe2-83301fd0bf0f" executionId="876be07e-921b-4535-b8c3-fffc800d27d1" testListId="8c84fa94-04c1-424b-9868-57a2d4851a1d" />
    <TestEntry testId="f48319ab-decd-3d5b-168c-0dab4b1ab9bf" executionId="f6f33747-00e9-463c-98e5-98a7f44b522f" testListId="8c84fa94-04c1-424b-9868-57a2d4851a1d" />
    <TestEntry testId="acee9974-f93a-f84c-51bf-9aae43ff78e0" executionId="0bd42144-d604-4c62-9e72-a592b8cbd293" testListId="8c84fa94-04c1-424b-9868-57a2d4851a1d" />
    <TestEntry testId="5124fb47-994c-706e-1ac8-9ad3e825c8f1" executionId="4d742081-6e95-41b4-abca-6118065ab101" testListId="8c84fa94-04c1-424b-9868-57a2d4851a1d" />
    <TestEntry testId="6e634b16-6e1f-4e04-489c-46e2b5a78bc9" executionId="ae105a38-f5df-4ee4-9ff4-7b432d870e74" testListId="8c84fa94-04c1-424b-9868-57a2d4851a1d" />
    <TestEntry testId="184a3a51-f871-d2ab-a74c-c3bd6163228d" executionId="c4d966e6-66aa-4d74-82a8-674a4528ed42" testListId="8c84fa94-04c1-424b-9868-57a2d4851a1d" />
    <TestEntry testId="94e7edba-670f-d7b7-71b5-b01347d8f1f1" executionId="0cfe1c56-7332-494a-9efa-034a46c4bcb7" testListId="8c84fa94-04c1-424b-9868-57a2d4851a1d" />
    <TestEntry testId="f1d99d53-05dc-2288-565b-a754435d0819" executionId="48509957-c409-4984-8ad2-3b2293a1e69b" testListId="8c84fa94-04c1-424b-9868-57a2d4851a1d" />
    <TestEntry testId="bb538686-730a-a900-6e65-e2f15b6e0fe9" executionId="ddbeb5b3-d3ca-44cc-8eef-7c318523f9aa" testListId="8c84fa94-04c1-424b-9868-57a2d4851a1d" />
    <TestEntry testId="1e951778-088f-2cbf-a7ac-7b524963ef42" executionId="eecd7d50-d038-4025-b651-d8a4f276ba0d" testListId="8c84fa94-04c1-424b-9868-57a2d4851a1d" />
    <TestEntry testId="ab77c1df-4bd2-a183-5223-0cae854ab859" executionId="adb773ae-613c-4060-815d-f821c35b0525" testListId="8c84fa94-04c1-424b-9868-57a2d4851a1d" />
    <TestEntry testId="db84b391-2083-9181-608b-6ae459a74b14" executionId="39a9942b-488c-4e72-b6bd-6139c913cb3d" testListId="8c84fa94-04c1-424b-9868-57a2d4851a1d" />
    <TestEntry testId="e70f68ca-ac2d-b0ec-750e-39f788b4a0d7" executionId="581ffce8-d57a-4245-9567-a0e289629607" testListId="8c84fa94-04c1-424b-9868-57a2d4851a1d" />
    <TestEntry testId="876fcdd6-8a71-69b7-f63a-602fda82f658" executionId="194334fa-8e71-4384-8a3c-96fffff4ddf6" testListId="8c84fa94-04c1-424b-9868-57a2d4851a1d" />
    <TestEntry testId="2e892999-add2-3a86-61f4-f822b68e1788" executionId="25c661ac-5cd2-4b41-9da3-d0cc0fb5d432" testListId="8c84fa94-04c1-424b-9868-57a2d4851a1d" />
    <TestEntry testId="f0ecbe33-7074-ef18-1bfc-d58bdf57b236" executionId="fb877a32-7d55-4f8d-a2b4-bad6c4987d05" testListId="8c84fa94-04c1-424b-9868-57a2d4851a1d" />
    <TestEntry testId="dca047c4-a1d1-64c8-21df-94b21d4d1b0a" executionId="ade2f1cd-294a-4d8e-a578-0c83b63c7d60" testListId="8c84fa94-04c1-424b-9868-57a2d4851a1d" />
    <TestEntry testId="56f0a806-4ae7-f3bf-f230-fcbf2a919631" executionId="bdc9e984-5063-470a-9086-d1bd256bbabd" testListId="8c84fa94-04c1-424b-9868-57a2d4851a1d" />
    <TestEntry testId="3e3de984-b158-332c-9e83-071b2fd89bb7" executionId="b47f83a2-9f72-4d78-90e4-a45be970eaa9" testListId="8c84fa94-04c1-424b-9868-57a2d4851a1d" />
    <TestEntry testId="d7e0d2a6-c9b7-a220-16e3-7348b7831c17" executionId="1d1b5f01-c313-4178-97b4-634f18c022bd" testListId="8c84fa94-04c1-424b-9868-57a2d4851a1d" />
    <TestEntry testId="7cb257d8-1b1f-9dda-127a-c15c9b8691a4" executionId="6c649c82-eeb0-48b5-a156-b5524b4dc2f4" testListId="8c84fa94-04c1-424b-9868-57a2d4851a1d" />
    <TestEntry testId="5f38dc30-d0a8-499e-d516-ebda9a426621" executionId="64193771-b429-4679-9f39-50f4cb011b11" testListId="8c84fa94-04c1-424b-9868-57a2d4851a1d" />
    <TestEntry testId="b549e11e-725c-0230-e06a-a9771680cc9f" executionId="5ad792c4-364a-4842-9b3b-c0977c504411" testListId="8c84fa94-04c1-424b-9868-57a2d4851a1d" />
    <TestEntry testId="73f10034-290b-8e1a-12a8-dce66caaebbe" executionId="32ca75c8-e3f0-4c34-bc8d-dbcbe32f0603" testListId="8c84fa94-04c1-424b-9868-57a2d4851a1d" />
    <TestEntry testId="83e306ad-0720-17dd-8153-763a9cf1f945" executionId="6f68b009-671f-4114-8b92-57001419e4a9" testListId="8c84fa94-04c1-424b-9868-57a2d4851a1d" />
    <TestEntry testId="83478276-8795-46e5-a4fa-6d110de12a41" executionId="a84ff9a6-b3e1-4abb-b820-0aa7c64b2d95" testListId="8c84fa94-04c1-424b-9868-57a2d4851a1d" />
    <TestEntry testId="515905de-2da1-0621-8ddb-e60fb4ec60d5" executionId="a6d756f0-a4bd-43b6-8cea-62cf2b90b7fa" testListId="8c84fa94-04c1-424b-9868-57a2d4851a1d" />
    <TestEntry testId="5375bfa0-1528-17ef-08aa-49a10d63bcca" executionId="4ada32aa-82c8-451c-ba0a-21b170dc69c4" testListId="8c84fa94-04c1-424b-9868-57a2d4851a1d" />
    <TestEntry testId="3cf18d3d-b31e-20fa-5f1f-1414e6fb166c" executionId="c6800d3c-e06c-4faf-948a-0527e59ae6f5" testListId="8c84fa94-04c1-424b-9868-57a2d4851a1d" />
    <TestEntry testId="3fed7463-7bb8-980c-edec-58f6e5bf16ed" executionId="9b290896-fce6-4e36-8d48-5644e39c49a4" testListId="8c84fa94-04c1-424b-9868-57a2d4851a1d" />
    <TestEntry testId="a4a6df87-1d53-2fee-ac08-7a6fd9d043b0" executionId="14376a86-917b-4908-8aaa-38d47b894825" testListId="8c84fa94-04c1-424b-9868-57a2d4851a1d" />
    <TestEntry testId="e417ce80-657a-b524-fab0-906a563cfcef" executionId="cd5b12b0-1188-491b-8704-07e28a19ba66" testListId="8c84fa94-04c1-424b-9868-57a2d4851a1d" />
    <TestEntry testId="d917af11-a672-fe91-a06a-ba8a57852e9c" executionId="863b5c93-9ed9-44a5-a406-99cffbdb4325" testListId="8c84fa94-04c1-424b-9868-57a2d4851a1d" />
    <TestEntry testId="92bd870f-71b7-aaed-1fef-9e9609e1d162" executionId="fc01c875-6310-4a8c-ab69-b3d55fc3d6f8" testListId="8c84fa94-04c1-424b-9868-57a2d4851a1d" />
    <TestEntry testId="c46b813b-2864-a54e-27f6-c2d2946ee618" executionId="e724f32d-0493-4d33-9669-3dde09875aaf" testListId="8c84fa94-04c1-424b-9868-57a2d4851a1d" />
    <TestEntry testId="cd7c1d30-7ea9-63a7-fa29-5d82a1c54c46" executionId="d21e50ff-234d-4be4-8036-cbb408606af7" testListId="8c84fa94-04c1-424b-9868-57a2d4851a1d" />
    <TestEntry testId="c8461022-b9ec-d747-8816-6abe2479ad23" executionId="610af4c3-d64d-43c5-a8e2-1dfecd82eef3" testListId="8c84fa94-04c1-424b-9868-57a2d4851a1d" />
    <TestEntry testId="0eac311d-2d52-35b9-ece5-69fa5a600a88" executionId="14b6a76c-61ea-4fff-ab32-ed864298161f" testListId="8c84fa94-04c1-424b-9868-57a2d4851a1d" />
    <TestEntry testId="c34e4386-ca6b-97c5-aead-09efd148f3b6" executionId="619a70c1-72c2-41f5-9295-450a305bee65" testListId="8c84fa94-04c1-424b-9868-57a2d4851a1d" />
    <TestEntry testId="d55efac6-8dbf-3356-751a-54b4424e775e" executionId="909bced2-be3e-4d68-9f02-1b1747e7c8be" testListId="8c84fa94-04c1-424b-9868-57a2d4851a1d" />
    <TestEntry testId="7fdf6317-47f2-9ce1-b041-a711b45d1e1c" executionId="7711c130-88b7-4743-bc22-083d30f3cd9b" testListId="8c84fa94-04c1-424b-9868-57a2d4851a1d" />
    <TestEntry testId="574c04a2-fb84-4909-614e-299c2d1af45e" executionId="bbc67f3f-1b33-4a65-8435-e4f3ee980b57" testListId="8c84fa94-04c1-424b-9868-57a2d4851a1d" />
    <TestEntry testId="e3c31892-5554-b114-2cec-c85e1c2bc61c" executionId="b8491dc9-a296-4b7b-87c3-57ce6f76d713" testListId="8c84fa94-04c1-424b-9868-57a2d4851a1d" />
    <TestEntry testId="39f3c974-5903-b0c2-d4d5-4e8cf3b0f1fb" executionId="ea0bff4b-2951-4de8-86de-98aa959fc0c9" testListId="8c84fa94-04c1-424b-9868-57a2d4851a1d" />
    <TestEntry testId="3cfb6536-349c-526f-f130-8610257d022a" executionId="124a95a2-29a3-45b0-8cd1-ac059775f925" testListId="8c84fa94-04c1-424b-9868-57a2d4851a1d" />
    <TestEntry testId="7a13931a-2a57-dd25-3394-5b0fba70fbfc" executionId="7407e9ff-b05f-4a0d-b46f-13a79d1a7cb0" testListId="8c84fa94-04c1-424b-9868-57a2d4851a1d" />
    <TestEntry testId="4ba8d0a6-7295-4098-c411-171f633d93a1" executionId="72d2a7f6-d4d3-49b4-981c-3b3ebfbfd20c" testListId="8c84fa94-04c1-424b-9868-57a2d4851a1d" />
    <TestEntry testId="4d5ffecd-1cb6-cd68-defe-d419264f867e" executionId="b7b800cf-0482-411a-bc0c-035cf9b27c4c" testListId="8c84fa94-04c1-424b-9868-57a2d4851a1d" />
    <TestEntry testId="e381c0fb-5353-6eeb-9f97-490140e80ec5" executionId="866948dc-fd64-4c63-b956-952f9ae01b83" testListId="8c84fa94-04c1-424b-9868-57a2d4851a1d" />
    <TestEntry testId="b8c1d960-d981-e959-4b75-35666a309479" executionId="5d08d6c3-9584-4473-bc59-63be3b150d50" testListId="8c84fa94-04c1-424b-9868-57a2d4851a1d" />
    <TestEntry testId="149ec407-0928-82ee-8619-4ccac6f672b7" executionId="0e7d0001-02bd-4c12-87f9-402997641932" testListId="8c84fa94-04c1-424b-9868-57a2d4851a1d" />
    <TestEntry testId="c9a2a0f4-5052-9f35-6fa1-d26cec5d9b2e" executionId="9a3f896a-d4d2-4d21-849c-0893206dade7" testListId="8c84fa94-04c1-424b-9868-57a2d4851a1d" />
    <TestEntry testId="e19062c1-4f6f-d433-b9ca-3855fc1e7bab" executionId="c6ba17cb-82e3-4fae-bb58-f294cd46b9fc" testListId="8c84fa94-04c1-424b-9868-57a2d4851a1d" />
    <TestEntry testId="78341228-1f98-b2cc-27df-b48d8c6bbfb9" executionId="b144304b-7ebf-4e45-95c2-dd2fa8be81c1" testListId="8c84fa94-04c1-424b-9868-57a2d4851a1d" />
    <TestEntry testId="d8302d20-c4fe-706a-b731-5d3573ae6958" executionId="eb95cb7f-8446-488a-8d2a-ea5cba81a280" testListId="8c84fa94-04c1-424b-9868-57a2d4851a1d" />
    <TestEntry testId="46a7b3d5-55a4-eee5-42d8-d374ad148f41" executionId="025462d7-4912-40bf-ab0f-cd59baa17766" testListId="8c84fa94-04c1-424b-9868-57a2d4851a1d" />
    <TestEntry testId="20cc738a-ac27-cc4a-9255-03102e452047" executionId="80c90737-28d3-45f0-b669-bad5a7b428b2" testListId="8c84fa94-04c1-424b-9868-57a2d4851a1d" />
    <TestEntry testId="6fa820d4-ce1e-430e-efba-6d1bf8eb0cea" executionId="bf61a50e-01e7-48b8-a033-9a09ba42b407" testListId="8c84fa94-04c1-424b-9868-57a2d4851a1d" />
    <TestEntry testId="28c80379-1446-414c-9c0b-7b5f3964d318" executionId="fea596e9-de2d-4954-ba4c-8f606203a0b5" testListId="8c84fa94-04c1-424b-9868-57a2d4851a1d" />
    <TestEntry testId="098211ab-360c-6735-e129-129009030b36" executionId="d324144c-b73a-4cf9-85bd-e103737a683b" testListId="8c84fa94-04c1-424b-9868-57a2d4851a1d" />
    <TestEntry testId="caf00ca8-5a5f-4e7f-c9eb-b30f1f21088a" executionId="51f8ef4f-c956-4f47-ad2a-e25a675d15a3" testListId="8c84fa94-04c1-424b-9868-57a2d4851a1d" />
    <TestEntry testId="76fc855d-59dc-3b6e-3e6e-e6a15465cefb" executionId="a50af75f-8867-48db-85b5-1ab82e8c77c6" testListId="8c84fa94-04c1-424b-9868-57a2d4851a1d" />
    <TestEntry testId="fa67df6a-d136-6eec-393d-ec4a305abe26" executionId="0204615e-2161-4153-bc4a-b25ede2f6245" testListId="8c84fa94-04c1-424b-9868-57a2d4851a1d" />
    <TestEntry testId="30226e45-9c63-3571-b067-16983df31b28" executionId="f422dff1-3e8c-49a8-ae7e-49de3ca7cbd6" testListId="8c84fa94-04c1-424b-9868-57a2d4851a1d" />
    <TestEntry testId="9f9a3775-bca6-42e6-d927-061df44ced88" executionId="d017fe07-9cc2-418d-bdcf-971b34d6b933" testListId="8c84fa94-04c1-424b-9868-57a2d4851a1d" />
    <TestEntry testId="331ba981-1c07-70b7-d56d-e91f56ab0af1" executionId="ffe4c17c-8633-4dc7-8ad1-f4825363d687" testListId="8c84fa94-04c1-424b-9868-57a2d4851a1d" />
    <TestEntry testId="d25606fa-1c10-0505-7905-5091ccf60f29" executionId="01fc5e99-86b7-4c8d-985b-1f57e9487416" testListId="8c84fa94-04c1-424b-9868-57a2d4851a1d" />
    <TestEntry testId="7fa5a87a-7b24-fd57-18b1-2703a72bb8b3" executionId="22a23f6c-9d12-44e2-9aaa-fcacd53238e1" testListId="8c84fa94-04c1-424b-9868-57a2d4851a1d" />
    <TestEntry testId="3780b401-471f-5e39-74d3-5034ce8d6175" executionId="5604be8d-ef1c-4ae7-b71c-aac3d17b7939" testListId="8c84fa94-04c1-424b-9868-57a2d4851a1d" />
    <TestEntry testId="212bfad4-dce4-f8dd-f6fa-eb7895153fa0" executionId="c7044a3c-8b48-4013-a2c7-1518d90a4349" testListId="8c84fa94-04c1-424b-9868-57a2d4851a1d" />
    <TestEntry testId="341e2993-dd9b-b335-097f-377cdba79b28" executionId="119476f0-8934-4893-bd3d-fe5d9eb0123f" testListId="8c84fa94-04c1-424b-9868-57a2d4851a1d" />
    <TestEntry testId="aba1de11-7f09-b69c-fe49-87b17aeb0112" executionId="f61233dd-871e-4bd3-8dd5-12106062042e" testListId="8c84fa94-04c1-424b-9868-57a2d4851a1d" />
    <TestEntry testId="c9415fb6-cb2e-6ac6-43df-04839a7158f5" executionId="ac084cfc-20ce-4a6f-bcdf-5defd8b7e78d" testListId="8c84fa94-04c1-424b-9868-57a2d4851a1d" />
    <TestEntry testId="51bb8925-8db3-1f91-aa59-d60dd31b89f9" executionId="f62e58a7-7cbd-4ea3-964e-c750e0980b0d" testListId="8c84fa94-04c1-424b-9868-57a2d4851a1d" />
    <TestEntry testId="63f594bb-866c-1740-3625-759d01b0ee2b" executionId="159c3664-9271-4d67-847e-c6dceeceefdc" testListId="8c84fa94-04c1-424b-9868-57a2d4851a1d" />
    <TestEntry testId="ba4efa3e-0766-d90d-3aef-adbd4439580e" executionId="00508b0b-7376-4bf3-a4a6-97488e32629d" testListId="8c84fa94-04c1-424b-9868-57a2d4851a1d" />
    <TestEntry testId="e8e7b6ff-daa9-9553-3f18-d1e9c2a386bb" executionId="fc8cac21-58c5-4c50-9bf6-3995a46f6eb2" testListId="8c84fa94-04c1-424b-9868-57a2d4851a1d" />
    <TestEntry testId="4272dc86-6448-aa9d-a94e-380471543b88" executionId="4a007923-246d-4fec-84ca-276e3a246bed" testListId="8c84fa94-04c1-424b-9868-57a2d4851a1d" />
    <TestEntry testId="7218a292-f480-07b9-25a0-49fc20e696e0" executionId="b8a72efd-7da9-44b3-a952-be34c5024b46" testListId="8c84fa94-04c1-424b-9868-57a2d4851a1d" />
    <TestEntry testId="f035aadd-ec2b-1e2b-d012-fe50d483205b" executionId="0e44b4e1-9269-48ea-ac83-97c3900f4c38" testListId="8c84fa94-04c1-424b-9868-57a2d4851a1d" />
    <TestEntry testId="b74660fc-35dd-abf6-6ed9-4b1145809cd6" executionId="b3ef7c6b-fd52-4286-bb45-44ebd57beb9b" testListId="8c84fa94-04c1-424b-9868-57a2d4851a1d" />
    <TestEntry testId="f410af74-3fc1-e30d-3d9f-798dac046972" executionId="0b238ea7-0021-4134-8041-6a0e3bea94b3" testListId="8c84fa94-04c1-424b-9868-57a2d4851a1d" />
  </TestEntries>
  <TestLists>
    <TestList name="Results Not in a List" id="8c84fa94-04c1-424b-9868-57a2d4851a1d" />
    <TestList name="All Loaded Results" id="19431567-8539-422a-85d7-44ee4e166bda" />
  </TestLists>
  <ResultSummary outcome="Completed">
    <Counters total="176" executed="176" passed="176" failed="0" error="0" timeout="0" aborted="0" inconclusive="0" passedButRunAborted="0" notRunnable="0" notExecuted="0" disconnected="0" warning="0" completed="0" inProgress="0" pending="0" />
  </ResultSummary>
</TestRun>