<?xml version="1.0" encoding="utf-8"?>
<TestRun id="4cf70e00-cb2f-463c-b3e7-bc599cbbcd7c" name="DKSR-EFI-04$@DKSR-EFI-04 2023-12-22 09:33:38" runUser="NT AUTHORITY\NETWORK SERVICE" xmlns="http://microsoft.com/schemas/VisualStudio/TeamTest/2010">
  <Times creation="2023-12-22T09:33:38.4437772+01:00" queuing="2023-12-22T09:33:38.4437772+01:00" start="2023-12-22T09:33:36.6312688+01:00" finish="2023-12-22T09:33:38.5062802+01:00" />
  <TestSettings name="default" id="b5b6cd28-930d-48b9-b4fd-f8888c8842d7">
    <Deployment runDeploymentRoot="DKSR-EFI-04$_DKSR-EFI-04_2023-12-22_09_33_38" />
  </TestSettings>
  <Results>
    <UnitTestResult executionId="c400e9a1-8ea5-4ce0-a651-0f2b6ef30e3d" testId="4701a7ae-c97e-2c06-b10b-ed5a2147049b" testName="TestForAssemblyCoverage" computerName="DKSR-EFI-04" duration="00:00:00.0321084" startTime="2023-12-22T09:33:37.9281496+01:00" endTime="2023-12-22T09:33:38.1000280+01:00" testType="13cdc9d9-ddb5-4fa4-a97d-d965ccfc6d4b" outcome="Passed" testListId="8c84fa94-04c1-424b-9868-57a2d4851a1d" relativeResultsDirectory="c400e9a1-8ea5-4ce0-a651-0f2b6ef30e3d" />
  </Results>
  <TestDefinitions>
    <UnitTest name="TestForAssemblyCoverage" storage="d:\actions-runner\_work\xpco\xpco\corporate\videoos.server.commandapi.webservice.unittests\bin\x64\debug\videoos.server.commandapi.webservice.unittests.dll" id="4701a7ae-c97e-2c06-b10b-ed5a2147049b">
      <Execution id="c400e9a1-8ea5-4ce0-a651-0f2b6ef30e3d" />
      <TestMethod codeBase="D:\actions-runner\_work\XPCO\XPCO\Corporate\VideoOS.Server.CommandAPI.WebService.UnitTests\bin\x64\Debug\VideoOS.Server.CommandAPI.WebService.UnitTests.dll" adapterTypeName="executor://mstestadapter/v2" className="VideoOS.Server.CommandAPI.WebService.UnitTests.UnitTest1" name="TestForAssemblyCoverage" />
    </UnitTest>
  </TestDefinitions>
  <TestEntries>
    <TestEntry testId="4701a7ae-c97e-2c06-b10b-ed5a2147049b" executionId="c400e9a1-8ea5-4ce0-a651-0f2b6ef30e3d" testListId="8c84fa94-04c1-424b-9868-57a2d4851a1d" />
  </TestEntries>
  <TestLists>
    <TestList name="Results Not in a List" id="8c84fa94-04c1-424b-9868-57a2d4851a1d" />
    <TestList name="All Loaded Results" id="19431567-8539-422a-85d7-44ee4e166bda" />
  </TestLists>
  <ResultSummary outcome="Completed">
    <Counters total="1" executed="1" passed="1" failed="0" error="0" timeout="0" aborted="0" inconclusive="0" passedButRunAborted="0" notRunnable="0" notExecuted="0" disconnected="0" warning="0" completed="0" inProgress="0" pending="0" />
  </ResultSummary>
</TestRun>