<?xml version="1.0" encoding="utf-8"?>
<TestRun id="34387c8e-63d2-45c0-a373-79f7ec6913c2" name="DKSR-EFI-04$@DKSR-EFI-04 2023-12-22 09:35:13" runUser="NT AUTHORITY\NETWORK SERVICE" xmlns="http://microsoft.com/schemas/VisualStudio/TeamTest/2010">
  <Times creation="2023-12-22T09:35:13.8661349+01:00" queuing="2023-12-22T09:35:13.8661349+01:00" start="2023-12-22T09:35:00.2566910+01:00" finish="2023-12-22T09:35:22.5224284+01:00" />
  <TestSettings name="default" id="a4639540-e9e6-47ed-a370-dcc2220cd3ee">
    <Deployment runDeploymentRoot="DKSR-EFI-04$_DKSR-EFI-04_2023-12-22_09_35_13" />
  </TestSettings>
  <Results>
    <UnitTestResult executionId="49e5014a-fd66-4fed-94b4-58e952876c0a" testId="e43d938a-7e19-00cd-bf49-975bc74f6666" testName="CreateCsvExportHandler_ShouldCreateAnInstanceOfCsvExportHandler" computerName="DKSR-EFI-04" duration="00:00:00.0008600" startTime="2023-12-22T09:35:17.0692757+01:00" endTime="2023-12-22T09:35:17.0692757+01:00" testType="13cdc9d9-ddb5-4fa4-a97d-d965ccfc6d4b" outcome="Passed" testListId="8c84fa94-04c1-424b-9868-57a2d4851a1d" relativeResultsDirectory="49e5014a-fd66-4fed-94b4-58e952876c0a" />
    <UnitTestResult executionId="b68d800a-368b-4a0d-8bf8-285542a8c48d" testId="69e659af-b277-b8a6-a1d2-ae2dddaefff7" testName="ExportNameErrorMessage_ShouldNotBeNull_IfNameContainsInvalidCharacter (*)" computerName="DKSR-EFI-04" duration="00:00:00.0012869" startTime="2023-12-22T09:35:14.5536389+01:00" endTime="2023-12-22T09:35:14.5536389+01:00" testType="13cdc9d9-ddb5-4fa4-a97d-d965ccfc6d4b" outcome="Passed" testListId="8c84fa94-04c1-424b-9868-57a2d4851a1d" relativeResultsDirectory="b68d800a-368b-4a0d-8bf8-285542a8c48d" />
    <UnitTestResult executionId="82c415be-adae-40d0-a7ed-e1db4a1c237f" testId="54981a59-30e7-b290-ff1f-47c6157d20e2" testName="OpenExportDestinationFolderCommand_ShouldStartTheProcessThatOpensDestinationFolder" computerName="DKSR-EFI-04" duration="00:00:00.0114326" startTime="2023-12-22T09:35:14.6161372+01:00" endTime="2023-12-22T09:35:14.6317620+01:00" testType="13cdc9d9-ddb5-4fa4-a97d-d965ccfc6d4b" outcome="Passed" testListId="8c84fa94-04c1-424b-9868-57a2d4851a1d" relativeResultsDirectory="82c415be-adae-40d0-a7ed-e1db4a1c237f" />
    <UnitTestResult executionId="36c486ae-1a9e-4235-9d48-7ab6e0875676" testId="d341cc20-0b16-3c41-69fc-2f19452eba9d" testName="StartExportAsync_ShouldAuditLogThatExportHasBeenCompleted_IfItRanToCompletion" computerName="DKSR-EFI-04" duration="00:00:00.0128206" startTime="2023-12-22T09:35:16.6630237+01:00" endTime="2023-12-22T09:35:16.6786490+01:00" testType="13cdc9d9-ddb5-4fa4-a97d-d965ccfc6d4b" outcome="Passed" testListId="8c84fa94-04c1-424b-9868-57a2d4851a1d" relativeResultsDirectory="36c486ae-1a9e-4235-9d48-7ab6e0875676" />
    <UnitTestResult executionId="5f4e4ac9-fbc0-4d35-a26c-adb9295432b1" testId="558c1804-1699-b553-0a2a-034e67dff26f" testName="FilterItems_ShouldOnlyDisplayFiltersThatStartsWithSearchText_WhenSearchTextIsNotEmpty" computerName="DKSR-EFI-04" duration="00:00:00.0047976" startTime="2023-12-22T09:35:14.9911417+01:00" endTime="2023-12-22T09:35:14.9911417+01:00" testType="13cdc9d9-ddb5-4fa4-a97d-d965ccfc6d4b" outcome="Passed" testListId="8c84fa94-04c1-424b-9868-57a2d4851a1d" relativeResultsDirectory="5f4e4ac9-fbc0-4d35-a26c-adb9295432b1" />
    <UnitTestResult executionId="bcdda2c2-7994-4142-b768-b30eb50773e1" testId="26b056c3-3ab8-a12a-ebdf-8a8f425f05fb" testName="FetchLoglinesAsync_ShouldNotFetchLoglines_IfPreviousCallIsInProgress" computerName="DKSR-EFI-04" duration="00:00:00.0057155" startTime="2023-12-22T09:35:16.3036485+01:00" endTime="2023-12-22T09:35:16.3192716+01:00" testType="13cdc9d9-ddb5-4fa4-a97d-d965ccfc6d4b" outcome="Passed" testListId="8c84fa94-04c1-424b-9868-57a2d4851a1d" relativeResultsDirectory="bcdda2c2-7994-4142-b768-b30eb50773e1" />
    <UnitTestResult executionId="4443d70a-36a2-4861-8d35-881ab056e82d" testId="45304466-fdf7-335e-8a7b-9b72ad76c4de" testName="ExportNameErrorMessage_ShouldNotBeNull_IfNameContainsInvalidCharacter (?)" computerName="DKSR-EFI-04" duration="00:00:00.0015078" startTime="2023-12-22T09:35:14.5536389+01:00" endTime="2023-12-22T09:35:14.5536389+01:00" testType="13cdc9d9-ddb5-4fa4-a97d-d965ccfc6d4b" outcome="Passed" testListId="8c84fa94-04c1-424b-9868-57a2d4851a1d" relativeResultsDirectory="4443d70a-36a2-4861-8d35-881ab056e82d" />
    <UnitTestResult executionId="9116d424-005b-4b49-8ad4-9b31b767f669" testId="e5881fbb-89a1-1e73-121f-99ea45ea8de6" testName="ExportNameErrorMessage_ShouldNotBeNull_IfNameContainsInvalidCharacter (&gt;)" computerName="DKSR-EFI-04" duration="00:00:00.0013186" startTime="2023-12-22T09:35:14.5692638+01:00" endTime="2023-12-22T09:35:14.5692638+01:00" testType="13cdc9d9-ddb5-4fa4-a97d-d965ccfc6d4b" outcome="Passed" testListId="8c84fa94-04c1-424b-9868-57a2d4851a1d" relativeResultsDirectory="9116d424-005b-4b49-8ad4-9b31b767f669" />
    <UnitTestResult executionId="49192073-1318-433f-8f5e-f24176e72ec8" testId="2229c534-da94-45f7-2125-82548cf95d7b" testName="LogExportStartedToken_ShouldGenerateCorrectParameters (Audit)" computerName="DKSR-EFI-04" duration="00:00:00.0387106" startTime="2023-12-22T09:35:21.4755461+01:00" endTime="2023-12-22T09:35:21.5067978+01:00" testType="13cdc9d9-ddb5-4fa4-a97d-d965ccfc6d4b" outcome="Passed" testListId="8c84fa94-04c1-424b-9868-57a2d4851a1d" relativeResultsDirectory="49192073-1318-433f-8f5e-f24176e72ec8" />
    <UnitTestResult executionId="5118e80b-d39a-4aca-bd37-5c17014f3b88" testId="6ecd42de-834d-c4e7-c131-8f83484b4b73" testName="ExportErrorMessage_ShouldNotBeNull_IfExportHasFailed" computerName="DKSR-EFI-04" duration="00:00:00.0135349" startTime="2023-12-22T09:35:16.6317730+01:00" endTime="2023-12-22T09:35:16.6473978+01:00" testType="13cdc9d9-ddb5-4fa4-a97d-d965ccfc6d4b" outcome="Passed" testListId="8c84fa94-04c1-424b-9868-57a2d4851a1d" relativeResultsDirectory="5118e80b-d39a-4aca-bd37-5c17014f3b88" />
    <UnitTestResult executionId="4b9cb8e5-83a2-4f18-9635-14753fa96ee1" testId="b173cab0-24f0-bb45-ec78-d05cb226f5fa" testName="CancelCommand_ShouldCloseTheWindow" computerName="DKSR-EFI-04" duration="00:00:00.0185223" startTime="2023-12-22T09:35:14.7098889+01:00" endTime="2023-12-22T09:35:14.7255117+01:00" testType="13cdc9d9-ddb5-4fa4-a97d-d965ccfc6d4b" outcome="Passed" testListId="8c84fa94-04c1-424b-9868-57a2d4851a1d" relativeResultsDirectory="4b9cb8e5-83a2-4f18-9635-14753fa96ee1" />
    <UnitTestResult executionId="701b6297-a6f5-4937-88e2-81400c1f7be3" testId="a020e185-3816-632e-9abe-ae7f6274d5c5" testName="LogExportCompleted_ShouldRegisterMessages (System)" computerName="DKSR-EFI-04" duration="00:00:00.1035721" startTime="2023-12-22T09:35:18.5849358+01:00" endTime="2023-12-22T09:35:18.6942848+01:00" testType="13cdc9d9-ddb5-4fa4-a97d-d965ccfc6d4b" outcome="Passed" testListId="8c84fa94-04c1-424b-9868-57a2d4851a1d" relativeResultsDirectory="701b6297-a6f5-4937-88e2-81400c1f7be3" />
    <UnitTestResult executionId="fd081b22-8b67-4182-bca3-f7e82f783cb1" testId="1452bdee-6c6c-48e4-e741-367a46d1f13b" testName="LogExportCompletedToken_ShouldRegisterCategory (Unknown)" computerName="DKSR-EFI-04" duration="00:00:00.0531662" startTime="2023-12-22T09:35:17.4442798+01:00" endTime="2023-12-22T09:35:17.5067798+01:00" testType="13cdc9d9-ddb5-4fa4-a97d-d965ccfc6d4b" outcome="Passed" testListId="8c84fa94-04c1-424b-9868-57a2d4851a1d" relativeResultsDirectory="fd081b22-8b67-4182-bca3-f7e82f783cb1" />
    <UnitTestResult executionId="af3e949b-aa7f-4ae6-9625-2f0a2c915b9f" testId="c8fea2e0-ac92-b2c4-6779-b2f2307a2f99" testName="StartExportAsync_ShouldIncludeFiltersInTheSystemLogExport_IfAnyApplied (Source type)" computerName="DKSR-EFI-04" duration="00:00:00.0028426" startTime="2023-12-22T09:35:16.6942724+01:00" endTime="2023-12-22T09:35:16.6942724+01:00" testType="13cdc9d9-ddb5-4fa4-a97d-d965ccfc6d4b" outcome="Passed" testListId="8c84fa94-04c1-424b-9868-57a2d4851a1d" relativeResultsDirectory="af3e949b-aa7f-4ae6-9625-2f0a2c915b9f" />
    <UnitTestResult executionId="d69959eb-7590-483b-b031-79b1444d1a57" testId="00e2f1dc-895b-03ca-8793-61f415bdd9dc" testName="ApplyFiltersCommand_ShouldSetTotalLoglinesCountValueTo100_WhenStartQuerySessionReturns100" computerName="DKSR-EFI-04" duration="00:00:00.0029633" startTime="2023-12-22T09:35:16.4755228+01:00" endTime="2023-12-22T09:35:16.4755228+01:00" testType="13cdc9d9-ddb5-4fa4-a97d-d965ccfc6d4b" outcome="Passed" testListId="8c84fa94-04c1-424b-9868-57a2d4851a1d" relativeResultsDirectory="d69959eb-7590-483b-b031-79b1444d1a57" />
    <UnitTestResult executionId="292bae30-7845-404f-b2f5-f8a23a269a8d" testId="c3280b96-8c55-d5d4-b282-c98886b215df" testName="Create_ShouldPassThreeTabs_ToTheLogViewerPanelViewModelConstructor" computerName="DKSR-EFI-04" duration="00:00:00.0021564" startTime="2023-12-22T09:35:16.2098962+01:00" endTime="2023-12-22T09:35:16.2098962+01:00" testType="13cdc9d9-ddb5-4fa4-a97d-d965ccfc6d4b" outcome="Passed" testListId="8c84fa94-04c1-424b-9868-57a2d4851a1d" relativeResultsDirectory="292bae30-7845-404f-b2f5-f8a23a269a8d" />
    <UnitTestResult executionId="37df7242-3777-4554-b688-a0d51c375ee3" testId="986e2cab-3617-88d9-614e-38fa80a368cb" testName="FromTime_ShouldBeAdjusted_IfToTimeIsSetToEarlierTime" computerName="DKSR-EFI-04" duration="00:00:00.0040210" startTime="2023-12-22T09:35:16.2723946+01:00" endTime="2023-12-22T09:35:16.2880205+01:00" testType="13cdc9d9-ddb5-4fa4-a97d-d965ccfc6d4b" outcome="Passed" testListId="8c84fa94-04c1-424b-9868-57a2d4851a1d" relativeResultsDirectory="37df7242-3777-4554-b688-a0d51c375ee3" />
    <UnitTestResult executionId="127ae703-37ee-4373-afb3-c18c7b4f6a86" testId="19a2df89-ffce-448e-93da-9f4758dfd40f" testName="LogExportCompleted_ShouldGenerateCorrectParameters (Rule)" computerName="DKSR-EFI-04" duration="00:00:00.0356096" startTime="2023-12-22T09:35:21.0067979+01:00" endTime="2023-12-22T09:35:21.0380501+01:00" testType="13cdc9d9-ddb5-4fa4-a97d-d965ccfc6d4b" outcome="Passed" testListId="8c84fa94-04c1-424b-9868-57a2d4851a1d" relativeResultsDirectory="127ae703-37ee-4373-afb3-c18c7b4f6a86" />
    <UnitTestResult executionId="d258a387-a1d1-4ca9-aa09-0018af3bb872" testId="6424e692-4d3a-827a-decb-3ce5cb79fff5" testName="LogExportCanceledToken_ShouldWriteLogline (Audit)" computerName="DKSR-EFI-04" duration="00:00:00.0363091" startTime="2023-12-22T09:35:20.8036717+01:00" endTime="2023-12-22T09:35:20.8349200+01:00" testType="13cdc9d9-ddb5-4fa4-a97d-d965ccfc6d4b" outcome="Passed" testListId="8c84fa94-04c1-424b-9868-57a2d4851a1d" relativeResultsDirectory="d258a387-a1d1-4ca9-aa09-0018af3bb872" />
    <UnitTestResult executionId="cdc8a089-692c-46af-965b-4fe336f29394" testId="59c4ad07-185c-cdff-7011-256643f401a2" testName="ClearFilter_ShouldDeselectGivenFilter" computerName="DKSR-EFI-04" duration="00:00:00.0111793" startTime="2023-12-22T09:35:15.0536413+01:00" endTime="2023-12-22T09:35:15.0536413+01:00" testType="13cdc9d9-ddb5-4fa4-a97d-d965ccfc6d4b" outcome="Passed" testListId="8c84fa94-04c1-424b-9868-57a2d4851a1d" relativeResultsDirectory="cdc8a089-692c-46af-965b-4fe336f29394" />
    <UnitTestResult executionId="236570f9-c78c-4c63-b4a1-efa42b3ed3e2" testId="b2c8be69-db24-85a1-ff90-ae1867ec1a65" testName="Title_ShouldNotBeNullOrEmpty" computerName="DKSR-EFI-04" duration="00:00:00.0030677" startTime="2023-12-22T09:35:13.9442600+01:00" endTime="2023-12-22T09:35:13.9442600+01:00" testType="13cdc9d9-ddb5-4fa4-a97d-d965ccfc6d4b" outcome="Passed" testListId="8c84fa94-04c1-424b-9868-57a2d4851a1d" relativeResultsDirectory="236570f9-c78c-4c63-b4a1-efa42b3ed3e2" />
    <UnitTestResult executionId="33140f95-5b04-4c47-9ca9-69919a811ebe" testId="bab4d807-132f-2517-9c5e-f33ba422a350" testName="StartExportAsync_ShouldIncludeFiltersInTheSystemLogExport_IfAnyApplied (Source name)" computerName="DKSR-EFI-04" duration="00:00:00.0028912" startTime="2023-12-22T09:35:16.6942724+01:00" endTime="2023-12-22T09:35:16.7098983+01:00" testType="13cdc9d9-ddb5-4fa4-a97d-d965ccfc6d4b" outcome="Passed" testListId="8c84fa94-04c1-424b-9868-57a2d4851a1d" relativeResultsDirectory="33140f95-5b04-4c47-9ca9-69919a811ebe" />
    <UnitTestResult executionId="7f1002b9-100c-4b0d-9d2d-cf1f460e02c3" testId="73b61a45-bc61-074d-1187-832d1c05ee52" testName="StartExportAsync_ShouldExportAllAuditLogsWithinGivenTime_IfNoFiltersApplied" computerName="DKSR-EFI-04" duration="00:00:00.0608793" startTime="2023-12-22T09:35:17.0067740+01:00" endTime="2023-12-22T09:35:17.0692757+01:00" testType="13cdc9d9-ddb5-4fa4-a97d-d965ccfc6d4b" outcome="Passed" testListId="8c84fa94-04c1-424b-9868-57a2d4851a1d" relativeResultsDirectory="7f1002b9-100c-4b0d-9d2d-cf1f460e02c3" />
    <UnitTestResult executionId="2a862e95-1947-4932-92c8-20453326bba1" testId="7d565b20-c1b2-8847-844d-f63c71bcb6a5" testName="Create_ShouldPassSystemLogTab_ToTheLogViewerPanelViewModelConstructor" computerName="DKSR-EFI-04" duration="00:00:00.0026754" startTime="2023-12-22T09:35:16.1942694+01:00" endTime="2023-12-22T09:35:16.2098962+01:00" testType="13cdc9d9-ddb5-4fa4-a97d-d965ccfc6d4b" outcome="Passed" testListId="8c84fa94-04c1-424b-9868-57a2d4851a1d" relativeResultsDirectory="2a862e95-1947-4932-92c8-20453326bba1" />
    <UnitTestResult executionId="28302820-7e8c-45c9-9316-cb8ac203b094" testId="7fba6cdb-b5ba-bacb-784a-8de97259b5d1" testName="OnScrollChanged_ShouldTriggerFetchingMoreLoglines (True,100,50,False)" computerName="DKSR-EFI-04" duration="00:00:00.0052372" startTime="2023-12-22T09:35:13.8505111+01:00" endTime="2023-12-22T09:35:13.8505111+01:00" testType="13cdc9d9-ddb5-4fa4-a97d-d965ccfc6d4b" outcome="Passed" testListId="8c84fa94-04c1-424b-9868-57a2d4851a1d" relativeResultsDirectory="28302820-7e8c-45c9-9316-cb8ac203b094" />
    <UnitTestResult executionId="c20ca7b5-528b-4e38-af81-ef6c3e5c2f3a" testId="c3f6da99-021a-8a45-4133-72be04443522" testName="IsExportStarted_ShouldBeTrue_WhenExportIsStarted" computerName="DKSR-EFI-04" duration="00:00:00.0330687" startTime="2023-12-22T09:35:16.5380213+01:00" endTime="2023-12-22T09:35:16.5692721+01:00" testType="13cdc9d9-ddb5-4fa4-a97d-d965ccfc6d4b" outcome="Passed" testListId="8c84fa94-04c1-424b-9868-57a2d4851a1d" relativeResultsDirectory="c20ca7b5-528b-4e38-af81-ef6c3e5c2f3a" />
    <UnitTestResult executionId="a2b1b028-cbb1-4fba-899e-abe67c103f97" testId="629e55be-22fe-7971-ea5f-3793ed0191ee" testName="Title_ShouldNotBeNullOrEmpty" computerName="DKSR-EFI-04" duration="00:00:00.0024044" startTime="2023-12-22T09:35:16.2567712+01:00" endTime="2023-12-22T09:35:16.2723946+01:00" testType="13cdc9d9-ddb5-4fa4-a97d-d965ccfc6d4b" outcome="Passed" testListId="8c84fa94-04c1-424b-9868-57a2d4851a1d" relativeResultsDirectory="a2b1b028-cbb1-4fba-899e-abe67c103f97" />
    <UnitTestResult executionId="c05854b8-ce1d-4c2b-89ed-48a3ba0bfdd4" testId="4a09a532-8559-9191-76ed-2f4287fed6da" testName="LogExportCompletedToken_ShouldRegisterSourceType (Audit)" computerName="DKSR-EFI-04" duration="00:00:00.0801845" startTime="2023-12-22T09:35:18.2880322+01:00" endTime="2023-12-22T09:35:18.3661560+01:00" testType="13cdc9d9-ddb5-4fa4-a97d-d965ccfc6d4b" outcome="Passed" testListId="8c84fa94-04c1-424b-9868-57a2d4851a1d" relativeResultsDirectory="c05854b8-ce1d-4c2b-89ed-48a3ba0bfdd4" />
    <UnitTestResult executionId="25d9351d-3cec-4e08-8d82-d6adb08d9b99" testId="c7735bc1-caf7-f869-d25f-8256a23ad688" testName="StartExportAsync_ShouldNotIncludeFiltersInTheRuleTriggeredLogExport_IfNoFiltersAreApplied (Source name)" computerName="DKSR-EFI-04" duration="00:00:00.0019808" startTime="2023-12-22T09:35:16.8505245+01:00" endTime="2023-12-22T09:35:16.8505245+01:00" testType="13cdc9d9-ddb5-4fa4-a97d-d965ccfc6d4b" outcome="Passed" testListId="8c84fa94-04c1-424b-9868-57a2d4851a1d" relativeResultsDirectory="25d9351d-3cec-4e08-8d82-d6adb08d9b99" />
    <UnitTestResult executionId="c8fb07d0-3dae-43e5-bf45-07d09b154ead" testId="10a08c80-843c-fb0a-33ef-74b9dc2de881" testName="StartExportAsync_ShouldIncludeFiltersInTheSystemLogExport_IfAnyApplied (Log level)" computerName="DKSR-EFI-04" duration="00:00:00.0090498" startTime="2023-12-22T09:35:16.6786490+01:00" endTime="2023-12-22T09:35:16.6942724+01:00" testType="13cdc9d9-ddb5-4fa4-a97d-d965ccfc6d4b" outcome="Passed" testListId="8c84fa94-04c1-424b-9868-57a2d4851a1d" relativeResultsDirectory="c8fb07d0-3dae-43e5-bf45-07d09b154ead" />
    <UnitTestResult executionId="638bcff5-0344-41fa-a105-9a25950a40a5" testId="0276b01c-82f0-6e6b-db6d-72e6f6b0c4a1" testName="LogExportCompletedToken_ShouldRegisterSourceType (System)" computerName="DKSR-EFI-04" duration="00:00:00.0832798" startTime="2023-12-22T09:35:18.1942832+01:00" endTime="2023-12-22T09:35:18.2880322+01:00" testType="13cdc9d9-ddb5-4fa4-a97d-d965ccfc6d4b" outcome="Passed" testListId="8c84fa94-04c1-424b-9868-57a2d4851a1d" relativeResultsDirectory="638bcff5-0344-41fa-a105-9a25950a40a5" />
    <UnitTestResult executionId="0506ff72-4e33-4a36-9ea4-c1ef72c0768a" testId="c4966307-0798-1fe2-6886-1e3abe07a9be" testName="ApplyFiltersCommand_ShouldDisplayErrorMessage_IfStartQuerySessionAsyncResultsInException" computerName="DKSR-EFI-04" duration="00:00:00.0045064" startTime="2023-12-22T09:35:16.4755228+01:00" endTime="2023-12-22T09:35:16.4755228+01:00" testType="13cdc9d9-ddb5-4fa4-a97d-d965ccfc6d4b" outcome="Passed" testListId="8c84fa94-04c1-424b-9868-57a2d4851a1d" relativeResultsDirectory="0506ff72-4e33-4a36-9ea4-c1ef72c0768a" />
    <UnitTestResult executionId="a88ba502-72ac-4504-95f6-8f0453f3a938" testId="ab0d3408-e47f-7ace-43dd-9707320cd9f9" testName="ResetSelection_ShouldToggleDisplayingOnlyAppliedFiltersToFalse" computerName="DKSR-EFI-04" duration="00:00:00.0041722" startTime="2023-12-22T09:35:15.0223899+01:00" endTime="2023-12-22T09:35:15.0380167+01:00" testType="13cdc9d9-ddb5-4fa4-a97d-d965ccfc6d4b" outcome="Passed" testListId="8c84fa94-04c1-424b-9868-57a2d4851a1d" relativeResultsDirectory="a88ba502-72ac-4504-95f6-8f0453f3a938" />
    <UnitTestResult executionId="fc14992a-af6e-4765-8d09-715ac08025c0" testId="ef8e8214-92de-2292-fe46-0ebf40bdf876" testName="LogExportCompletedToken_ShouldRegisterMessages (Unknown)" computerName="DKSR-EFI-04" duration="00:00:00.1344438" startTime="2023-12-22T09:35:18.9130380+01:00" endTime="2023-12-22T09:35:19.0536610+01:00" testType="13cdc9d9-ddb5-4fa4-a97d-d965ccfc6d4b" outcome="Passed" testListId="8c84fa94-04c1-424b-9868-57a2d4851a1d" relativeResultsDirectory="fc14992a-af6e-4765-8d09-715ac08025c0" />
    <UnitTestResult executionId="ef184789-fe0f-4dbe-8191-5786b66988f9" testId="448cd6ab-3397-fbe2-1096-bb0f78bfaa01" testName="ApplyFiltersCommand_ShouldDisplayErrorMessage_IfStartQuerySessionAsyncResultsInException" computerName="DKSR-EFI-04" duration="00:00:00.0069804" startTime="2023-12-22T09:35:14.1630087+01:00" endTime="2023-12-22T09:35:14.1786349+01:00" testType="13cdc9d9-ddb5-4fa4-a97d-d965ccfc6d4b" outcome="Passed" testListId="8c84fa94-04c1-424b-9868-57a2d4851a1d" relativeResultsDirectory="ef184789-fe0f-4dbe-8191-5786b66988f9" />
    <UnitTestResult executionId="172fc509-46a8-419b-979d-41fc46bd3fb0" testId="ef365e9f-179f-bed4-eb9b-f2e5076c2ba8" testName="LogExportCompletedToken_ShouldWriteLogline (Rule)" computerName="DKSR-EFI-04" duration="00:00:00.0322850" startTime="2023-12-22T09:35:20.2567925+01:00" endTime="2023-12-22T09:35:20.2880423+01:00" testType="13cdc9d9-ddb5-4fa4-a97d-d965ccfc6d4b" outcome="Passed" testListId="8c84fa94-04c1-424b-9868-57a2d4851a1d" relativeResultsDirectory="172fc509-46a8-419b-979d-41fc46bd3fb0" />
    <UnitTestResult executionId="48cb5223-242a-4500-921c-26dcaafbc33e" testId="95398926-2d94-5561-87ed-26fd6015c30f" testName="ExportNameErrorMessage_ShouldNotBeNull_IfNameContainsInvalidCharacter (:)" computerName="DKSR-EFI-04" duration="00:00:00.0013786" startTime="2023-12-22T09:35:14.5380120+01:00" endTime="2023-12-22T09:35:14.5536389+01:00" testType="13cdc9d9-ddb5-4fa4-a97d-d965ccfc6d4b" outcome="Passed" testListId="8c84fa94-04c1-424b-9868-57a2d4851a1d" relativeResultsDirectory="48cb5223-242a-4500-921c-26dcaafbc33e" />
    <UnitTestResult executionId="5b01128c-8eb6-4629-b894-0e81a523e407" testId="59137ad3-dd40-f13c-46d7-387be05a7947" testName="LogExportCompleted_ShouldRegisterSourceType (System)" computerName="DKSR-EFI-04" duration="00:00:00.0914482" startTime="2023-12-22T09:35:17.8192792+01:00" endTime="2023-12-22T09:35:17.9130300+01:00" testType="13cdc9d9-ddb5-4fa4-a97d-d965ccfc6d4b" outcome="Passed" testListId="8c84fa94-04c1-424b-9868-57a2d4851a1d" relativeResultsDirectory="5b01128c-8eb6-4629-b894-0e81a523e407" />
    <UnitTestResult executionId="a07ac022-6436-457f-a857-a3de2674f033" testId="4ab6305e-36f3-8dff-49f2-16d65e121481" testName="StartExportAsync_ShouldNotIncludeFiltersInTheAuditLogExport_IfNoFiltersAreApplied (Source name)" computerName="DKSR-EFI-04" duration="00:00:00.0021430" startTime="2023-12-22T09:35:16.7880221+01:00" endTime="2023-12-22T09:35:16.7880221+01:00" testType="13cdc9d9-ddb5-4fa4-a97d-d965ccfc6d4b" outcome="Passed" testListId="8c84fa94-04c1-424b-9868-57a2d4851a1d" relativeResultsDirectory="a07ac022-6436-457f-a857-a3de2674f033" />
    <UnitTestResult executionId="59906586-88b1-4f5c-933f-c84e02f6f612" testId="4859d64b-764d-8b33-a00c-cc2e453060e3" testName="FetchLoglinesAsync_ShouldFetchLoglines_IfPreviousCallIsComplete" computerName="DKSR-EFI-04" duration="00:00:00.0122742" startTime="2023-12-22T09:35:14.0848854+01:00" endTime="2023-12-22T09:35:14.0848854+01:00" testType="13cdc9d9-ddb5-4fa4-a97d-d965ccfc6d4b" outcome="Passed" testListId="8c84fa94-04c1-424b-9868-57a2d4851a1d" relativeResultsDirectory="59906586-88b1-4f5c-933f-c84e02f6f612" />
    <UnitTestResult executionId="949402d2-d81f-4c61-b9d7-bace039c31e9" testId="284dbb82-affc-3f14-2c39-f9cbe003541b" testName="FetchLoglinesAsync_ShouldFetchLoglines_IfPreviousCallIsComplete" computerName="DKSR-EFI-04" duration="00:00:00.0052815" startTime="2023-12-22T09:35:16.4286473+01:00" endTime="2023-12-22T09:35:16.4442716+01:00" testType="13cdc9d9-ddb5-4fa4-a97d-d965ccfc6d4b" outcome="Passed" testListId="8c84fa94-04c1-424b-9868-57a2d4851a1d" relativeResultsDirectory="949402d2-d81f-4c61-b9d7-bace039c31e9" />
    <UnitTestResult executionId="4b08e1ca-8294-4e66-890f-ab9ccbee495e" testId="fdf28d05-2e10-44e9-62a4-21ade8e0457e" testName="LogExportStartedToken_ShouldWriteLogline (System)" computerName="DKSR-EFI-04" duration="00:00:00.0260217" startTime="2023-12-22T09:35:20.4755415+01:00" endTime="2023-12-22T09:35:20.5067933+01:00" testType="13cdc9d9-ddb5-4fa4-a97d-d965ccfc6d4b" outcome="Passed" testListId="8c84fa94-04c1-424b-9868-57a2d4851a1d" relativeResultsDirectory="4b08e1ca-8294-4e66-890f-ab9ccbee495e" />
    <UnitTestResult executionId="486ea94b-b1a7-409f-a256-c084a7732b64" testId="655a0c13-4b4e-d198-f983-c02395713772" testName="StartExportAsync_ShouldIncludeFiltersInTheRuleTriggeredLogExport_IfAnyApplied (Service name)" computerName="DKSR-EFI-04" duration="00:00:00.0028556" startTime="2023-12-22T09:35:16.8349004+01:00" endTime="2023-12-22T09:35:16.8349004+01:00" testType="13cdc9d9-ddb5-4fa4-a97d-d965ccfc6d4b" outcome="Passed" testListId="8c84fa94-04c1-424b-9868-57a2d4851a1d" relativeResultsDirectory="486ea94b-b1a7-409f-a256-c084a7732b64" />
    <UnitTestResult executionId="85ed8ae8-3c45-490a-bdfe-bd5069a57f41" testId="ff7a8a71-3fe4-d433-98e7-1a41e074107a" testName="ExportNameErrorMessage_ShouldNotBeNull_IfNameContainsInvalidCharacter (|)" computerName="DKSR-EFI-04" duration="00:00:00.0013517" startTime="2023-12-22T09:35:14.5692638+01:00" endTime="2023-12-22T09:35:14.5692638+01:00" testType="13cdc9d9-ddb5-4fa4-a97d-d965ccfc6d4b" outcome="Passed" testListId="8c84fa94-04c1-424b-9868-57a2d4851a1d" relativeResultsDirectory="85ed8ae8-3c45-490a-bdfe-bd5069a57f41" />
    <UnitTestResult executionId="0cfde9e6-9bd4-41d3-ada2-bb68d963a80c" testId="c976be10-2f0e-aa32-010e-a701df3eea52" testName="LogExportStarted_ShouldGenerateCorrectParameters (Unknown)" computerName="DKSR-EFI-04" duration="00:00:00.0470578" startTime="2023-12-22T09:35:21.2099224+01:00" endTime="2023-12-22T09:35:21.2568067+01:00" testType="13cdc9d9-ddb5-4fa4-a97d-d965ccfc6d4b" outcome="Passed" testListId="8c84fa94-04c1-424b-9868-57a2d4851a1d" relativeResultsDirectory="0cfde9e6-9bd4-41d3-ada2-bb68d963a80c" />
    <UnitTestResult executionId="f2e115cf-bb97-4a44-a1dd-5b10330f586c" testId="09c37797-5fae-576b-0133-81c2124d9f6a" testName="InitializeCommand_ShouldDisplayErrorMessage_IfGetFilterValuesAsyncResultsInException" computerName="DKSR-EFI-04" duration="00:00:00.0050247" startTime="2023-12-22T09:35:16.3817723+01:00" endTime="2023-12-22T09:35:16.3817723+01:00" testType="13cdc9d9-ddb5-4fa4-a97d-d965ccfc6d4b" outcome="Passed" testListId="8c84fa94-04c1-424b-9868-57a2d4851a1d" relativeResultsDirectory="f2e115cf-bb97-4a44-a1dd-5b10330f586c" />
    <UnitTestResult executionId="e8e73596-b348-437c-a035-5f9b3f49626f" testId="62db031b-f0f9-415f-93e9-ca22a9456c5a" testName="StartExportAsync_ShouldNotIncludeFiltersInTheAuditLogExport_IfNoFiltersAreApplied (Source type)" computerName="DKSR-EFI-04" duration="00:00:00.0018384" startTime="2023-12-22T09:35:16.7880221+01:00" endTime="2023-12-22T09:35:16.7880221+01:00" testType="13cdc9d9-ddb5-4fa4-a97d-d965ccfc6d4b" outcome="Passed" testListId="8c84fa94-04c1-424b-9868-57a2d4851a1d" relativeResultsDirectory="e8e73596-b348-437c-a035-5f9b3f49626f" />
    <UnitTestResult executionId="cbfd59c0-db9d-452a-9b34-c042b8597414" testId="f783329b-5fe8-b046-f8d7-759496049789" testName="LogExportCanceled_ShouldGenerateCorrectParameters (Unknown)" computerName="DKSR-EFI-04" duration="00:00:00.0417461" startTime="2023-12-22T09:35:21.5536715+01:00" endTime="2023-12-22T09:35:21.6005475+01:00" testType="13cdc9d9-ddb5-4fa4-a97d-d965ccfc6d4b" outcome="Passed" testListId="8c84fa94-04c1-424b-9868-57a2d4851a1d" relativeResultsDirectory="cbfd59c0-db9d-452a-9b34-c042b8597414" />
    <UnitTestResult executionId="6baf8c3e-ed88-4d5b-b98c-608a740c3fe8" testId="1e930fbc-c4a6-80bc-e006-01ba9667acc1" testName="StartExportAsync_ShouldNotIncludeFiltersInTheSystemLogExport_IfNoFiltersAreApplied (Event type)" computerName="DKSR-EFI-04" duration="00:00:00.0017227" startTime="2023-12-22T09:35:16.7411524+01:00" endTime="2023-12-22T09:35:16.7411524+01:00" testType="13cdc9d9-ddb5-4fa4-a97d-d965ccfc6d4b" outcome="Passed" testListId="8c84fa94-04c1-424b-9868-57a2d4851a1d" relativeResultsDirectory="6baf8c3e-ed88-4d5b-b98c-608a740c3fe8" />
    <UnitTestResult executionId="9f1e0c05-154a-4645-9902-407e8f743b17" testId="e2360ce0-e666-123d-5707-dd03e1761710" testName="StartExportAsync_ShouldNotIncludeFiltersInTheRuleTriggeredLogExport_IfNoFiltersAreApplied (Service name)" computerName="DKSR-EFI-04" duration="00:00:00.0016157" startTime="2023-12-22T09:35:16.8817761+01:00" endTime="2023-12-22T09:35:16.8817761+01:00" testType="13cdc9d9-ddb5-4fa4-a97d-d965ccfc6d4b" outcome="Passed" testListId="8c84fa94-04c1-424b-9868-57a2d4851a1d" relativeResultsDirectory="9f1e0c05-154a-4645-9902-407e8f743b17" />
    <UnitTestResult executionId="be46d09d-e67d-4f25-b12b-2592f1fd3a8c" testId="e2b126ed-cabd-3020-7d1e-dc58a2587c29" testName="ExportCommand_ShouldNotStart_IfDirectoryIsIllegal" computerName="DKSR-EFI-04" duration="00:00:00.0053531" startTime="2023-12-22T09:35:14.8817644+01:00" endTime="2023-12-22T09:35:14.8817644+01:00" testType="13cdc9d9-ddb5-4fa4-a97d-d965ccfc6d4b" outcome="Passed" testListId="8c84fa94-04c1-424b-9868-57a2d4851a1d" relativeResultsDirectory="be46d09d-e67d-4f25-b12b-2592f1fd3a8c" />
    <UnitTestResult executionId="bdd8d5d9-5863-430b-be97-d19512394182" testId="0cc63b59-a765-1919-dc40-45f2f88bc1ca" testName="BrowseExportPathCommand_ShouldSetExportPath_WhenDialogResultIsOk" computerName="DKSR-EFI-04" duration="00:00:00.0300523" startTime="2023-12-22T09:35:14.6317620+01:00" endTime="2023-12-22T09:35:14.6630126+01:00" testType="13cdc9d9-ddb5-4fa4-a97d-d965ccfc6d4b" outcome="Passed" testListId="8c84fa94-04c1-424b-9868-57a2d4851a1d" relativeResultsDirectory="bdd8d5d9-5863-430b-be97-d19512394182" />
    <UnitTestResult executionId="57502cae-bc13-416d-928d-711cbdb5686e" testId="11f9f4b2-5437-9cfe-2670-5f5232039722" testName="IsExportCompleted_ShouldBeFalse_ByDefault" computerName="DKSR-EFI-04" duration="00:00:00.0013428" startTime="2023-12-22T09:35:16.5848968+01:00" endTime="2023-12-22T09:35:16.5848968+01:00" testType="13cdc9d9-ddb5-4fa4-a97d-d965ccfc6d4b" outcome="Passed" testListId="8c84fa94-04c1-424b-9868-57a2d4851a1d" relativeResultsDirectory="57502cae-bc13-416d-928d-711cbdb5686e" />
    <UnitTestResult executionId="820b28a3-84be-40a8-89cd-3e8c485ec368" testId="9ef4cb83-58ea-3348-3a4a-1820abc8c147" testName="FromTime_ShouldBeAdjusted_IfToTimeIsSetToEarlierTime" computerName="DKSR-EFI-04" duration="00:00:00.0015968" startTime="2023-12-22T09:35:13.9599234+01:00" endTime="2023-12-22T09:35:13.9599234+01:00" testType="13cdc9d9-ddb5-4fa4-a97d-d965ccfc6d4b" outcome="Passed" testListId="8c84fa94-04c1-424b-9868-57a2d4851a1d" relativeResultsDirectory="820b28a3-84be-40a8-89cd-3e8c485ec368" />
    <UnitTestResult executionId="a103bb85-91e1-4321-b492-b47a0d9e91d6" testId="39d0228d-8323-660a-a8c8-1095e3c87e37" testName="FetchLoglinesAsync_ShouldUpdateLoglines_WithWhatILogReaderProvides" computerName="DKSR-EFI-04" duration="00:00:00.0072857" startTime="2023-12-22T09:35:14.0692609+01:00" endTime="2023-12-22T09:35:14.0692609+01:00" testType="13cdc9d9-ddb5-4fa4-a97d-d965ccfc6d4b" outcome="Passed" testListId="8c84fa94-04c1-424b-9868-57a2d4851a1d" relativeResultsDirectory="a103bb85-91e1-4321-b492-b47a0d9e91d6" />
    <UnitTestResult executionId="a49ed45e-159f-41d0-a1a0-a8db2607836d" testId="49a9aa3d-491b-c384-6063-8e962a49f145" testName="StartExportAsync_ShouldIncludeFiltersInTheRuleTriggeredLogExport_IfAnyApplied (Event type)" computerName="DKSR-EFI-04" duration="00:00:00.0038027" startTime="2023-12-22T09:35:16.8192774+01:00" endTime="2023-12-22T09:35:16.8192774+01:00" testType="13cdc9d9-ddb5-4fa4-a97d-d965ccfc6d4b" outcome="Passed" testListId="8c84fa94-04c1-424b-9868-57a2d4851a1d" relativeResultsDirectory="a49ed45e-159f-41d0-a1a0-a8db2607836d" />
    <UnitTestResult executionId="1555138d-395c-4444-8b49-507032d9a7ea" testId="4df0c307-81ff-e62c-e7a6-51528274ec8b" testName="StartExportAsync_ShouldNotIncludeFiltersInTheSystemLogExport_IfNoFiltersAreApplied (Log level)" computerName="DKSR-EFI-04" duration="00:00:00.0039417" startTime="2023-12-22T09:35:16.7098983+01:00" endTime="2023-12-22T09:35:16.7260853+01:00" testType="13cdc9d9-ddb5-4fa4-a97d-d965ccfc6d4b" outcome="Passed" testListId="8c84fa94-04c1-424b-9868-57a2d4851a1d" relativeResultsDirectory="1555138d-395c-4444-8b49-507032d9a7ea" />
    <UnitTestResult executionId="6c6fc708-47d4-4e96-aaba-df1a04c0e721" testId="8e51e57a-3c02-7b6a-ed8f-50f5d97d3f98" testName="ExportNameErrorMessage_ShouldNotBeNull_IfNameContainsInvalidCharacter (\)" computerName="DKSR-EFI-04" duration="00:00:00.0077692" startTime="2023-12-22T09:35:14.5223894+01:00" endTime="2023-12-22T09:35:14.5380120+01:00" testType="13cdc9d9-ddb5-4fa4-a97d-d965ccfc6d4b" outcome="Passed" testListId="8c84fa94-04c1-424b-9868-57a2d4851a1d" relativeResultsDirectory="6c6fc708-47d4-4e96-aaba-df1a04c0e721" />
    <UnitTestResult executionId="3874ed13-367d-44a8-af82-ca274de3e893" testId="02c6656a-22ee-eb13-3d23-d8a5de623da2" testName="FetchLoglinesAsync_ShouldUpdateLoglines_WithWhatILogReaderProvides" computerName="DKSR-EFI-04" duration="00:00:00.0063213" startTime="2023-12-22T09:35:16.4286473+01:00" endTime="2023-12-22T09:35:16.4286473+01:00" testType="13cdc9d9-ddb5-4fa4-a97d-d965ccfc6d4b" outcome="Passed" testListId="8c84fa94-04c1-424b-9868-57a2d4851a1d" relativeResultsDirectory="3874ed13-367d-44a8-af82-ca274de3e893" />
    <UnitTestResult executionId="f55c6c04-8214-4c19-9eb8-4db84fd2db06" testId="f89cef89-828a-0381-92d5-c4bddcf42705" testName="FetchLoglinesAsync_ShouldFetchLoglines_IfPreviousCallIsComplete" computerName="DKSR-EFI-04" duration="00:00:00.0053463" startTime="2023-12-22T09:35:16.3036485+01:00" endTime="2023-12-22T09:35:16.3036485+01:00" testType="13cdc9d9-ddb5-4fa4-a97d-d965ccfc6d4b" outcome="Passed" testListId="8c84fa94-04c1-424b-9868-57a2d4851a1d" relativeResultsDirectory="f55c6c04-8214-4c19-9eb8-4db84fd2db06" />
    <UnitTestResult executionId="5ea43e45-8e1a-43f0-b75a-cbc22d56a986" testId="8d62ae03-a1c7-b35c-fd3c-655dad65ccd0" testName="ExportNameErrorMessage_ShouldNotBeNull_IfFileAlreadyExists" computerName="DKSR-EFI-04" duration="00:00:00.0336045" startTime="2023-12-22T09:35:14.5848872+01:00" endTime="2023-12-22T09:35:14.6161372+01:00" testType="13cdc9d9-ddb5-4fa4-a97d-d965ccfc6d4b" outcome="Passed" testListId="8c84fa94-04c1-424b-9868-57a2d4851a1d" relativeResultsDirectory="5ea43e45-8e1a-43f0-b75a-cbc22d56a986" />
    <UnitTestResult executionId="09dd4fd2-88da-490e-a4dc-639483747989" testId="48a9a022-a1fe-ffd1-b9ca-fcf937ab6db1" testName="LogExportCompletedToken_ShouldWriteLogline (Audit)" computerName="DKSR-EFI-04" duration="00:00:00.0366444" startTime="2023-12-22T09:35:20.2255424+01:00" endTime="2023-12-22T09:35:20.2567925+01:00" testType="13cdc9d9-ddb5-4fa4-a97d-d965ccfc6d4b" outcome="Passed" testListId="8c84fa94-04c1-424b-9868-57a2d4851a1d" relativeResultsDirectory="09dd4fd2-88da-490e-a4dc-639483747989" />
    <UnitTestResult executionId="661e70ed-efa0-4864-9cf8-544628da2d5d" testId="ee50dc86-324f-5f3c-2a58-159bdcf1873c" testName="LogExportCanceledToken_ShouldWriteLogline (Unknown)" computerName="DKSR-EFI-04" duration="00:00:00.0368457" startTime="2023-12-22T09:35:20.7255460+01:00" endTime="2023-12-22T09:35:20.7567958+01:00" testType="13cdc9d9-ddb5-4fa4-a97d-d965ccfc6d4b" outcome="Passed" testListId="8c84fa94-04c1-424b-9868-57a2d4851a1d" relativeResultsDirectory="661e70ed-efa0-4864-9cf8-544628da2d5d" />
    <UnitTestResult executionId="5b278fcf-681c-43f1-8190-ccf9fc463e39" testId="f2ec40ef-388a-a0d4-8677-c5b7647d1602" testName="Dispose_ShouldCleanupAllTabs" computerName="DKSR-EFI-04" duration="00:00:00.0046589" startTime="2023-12-22T09:35:16.2567712+01:00" endTime="2023-12-22T09:35:16.2567712+01:00" testType="13cdc9d9-ddb5-4fa4-a97d-d965ccfc6d4b" outcome="Passed" testListId="8c84fa94-04c1-424b-9868-57a2d4851a1d" relativeResultsDirectory="5b278fcf-681c-43f1-8190-ccf9fc463e39" />
    <UnitTestResult executionId="9eb00e05-d23a-44ed-8c41-2453bb891a00" testId="58fca637-e9aa-210c-81fc-86e7e6582798" testName="ResetSelection_ShouldSetVisibilityOnAllItemsToVisible" computerName="DKSR-EFI-04" duration="00:00:00.0132827" startTime="2023-12-22T09:35:15.0380167+01:00" endTime="2023-12-22T09:35:15.0536413+01:00" testType="13cdc9d9-ddb5-4fa4-a97d-d965ccfc6d4b" outcome="Passed" testListId="8c84fa94-04c1-424b-9868-57a2d4851a1d" relativeResultsDirectory="9eb00e05-d23a-44ed-8c41-2453bb891a00" />
    <UnitTestResult executionId="b0b8c652-2eaa-410a-8607-abf38bbd71c7" testId="c27c7cea-460f-11d6-7c20-f333765b0a0e" testName="ExportCommand_ShouldNotStart_IfDirectoryPathIsTooLong" computerName="DKSR-EFI-04" duration="00:00:00.0040163" startTime="2023-12-22T09:35:14.8973874+01:00" endTime="2023-12-22T09:35:14.8973874+01:00" testType="13cdc9d9-ddb5-4fa4-a97d-d965ccfc6d4b" outcome="Passed" testListId="8c84fa94-04c1-424b-9868-57a2d4851a1d" relativeResultsDirectory="b0b8c652-2eaa-410a-8607-abf38bbd71c7" />
    <UnitTestResult executionId="135f42fd-c9e2-49ce-b3a8-fdd19d2612eb" testId="41926514-96ea-847e-99b7-b19f62846342" testName="ApplyCommand_ShouldNotAddSelectedItemsToFilters_IfAllAreSelected" computerName="DKSR-EFI-04" duration="00:00:00.0070149" startTime="2023-12-22T09:35:16.1005222+01:00" endTime="2023-12-22T09:35:16.1161455+01:00" testType="13cdc9d9-ddb5-4fa4-a97d-d965ccfc6d4b" outcome="Passed" testListId="8c84fa94-04c1-424b-9868-57a2d4851a1d" relativeResultsDirectory="135f42fd-c9e2-49ce-b3a8-fdd19d2612eb" />
    <UnitTestResult executionId="30550faf-a8b3-4e90-9528-b6eff6ac7c72" testId="3bbb90cb-609e-e79b-9342-439e7c710d4a" testName="LogExportCanceledToken_ShouldGenerateCorrectParameters (Audit)" computerName="DKSR-EFI-04" duration="00:00:00.0351607" startTime="2023-12-22T09:35:21.8192988+01:00" endTime="2023-12-22T09:35:21.8505499+01:00" testType="13cdc9d9-ddb5-4fa4-a97d-d965ccfc6d4b" outcome="Passed" testListId="8c84fa94-04c1-424b-9868-57a2d4851a1d" relativeResultsDirectory="30550faf-a8b3-4e90-9528-b6eff6ac7c72" />
    <UnitTestResult executionId="9478930c-7973-4bb1-9847-ab9d5d02627d" testId="9590e3aa-1421-3abd-52ba-2a781729d553" testName="LogExportCompletedToken_ShouldRegisterMessages (Rule)" computerName="DKSR-EFI-04" duration="00:00:00.1147303" startTime="2023-12-22T09:35:19.3349108+01:00" endTime="2023-12-22T09:35:19.4442878+01:00" testType="13cdc9d9-ddb5-4fa4-a97d-d965ccfc6d4b" outcome="Passed" testListId="8c84fa94-04c1-424b-9868-57a2d4851a1d" relativeResultsDirectory="9478930c-7973-4bb1-9847-ab9d5d02627d" />
    <UnitTestResult executionId="206b8eac-15ab-4d75-8fef-d2b74448e048" testId="c9fa1f47-7947-54be-37d7-f242aade189d" testName="LogExportCompleted_ShouldRegisterSourceType (Rule)" computerName="DKSR-EFI-04" duration="00:00:00.1098166" startTime="2023-12-22T09:35:17.9911552+01:00" endTime="2023-12-22T09:35:18.1005304+01:00" testType="13cdc9d9-ddb5-4fa4-a97d-d965ccfc6d4b" outcome="Passed" testListId="8c84fa94-04c1-424b-9868-57a2d4851a1d" relativeResultsDirectory="206b8eac-15ab-4d75-8fef-d2b74448e048" />
    <UnitTestResult executionId="e01a90ff-dba8-428d-978e-89801b3f869b" testId="0665573d-6704-8548-10c9-d20ded516d75" testName="FetchLoglinesAsync_ShouldDisplayErrorMessage_IfFetchLoglinesAsyncResultsInException" computerName="DKSR-EFI-04" duration="00:00:00.0036815" startTime="2023-12-22T09:35:16.4598977+01:00" endTime="2023-12-22T09:35:16.4755228+01:00" testType="13cdc9d9-ddb5-4fa4-a97d-d965ccfc6d4b" outcome="Passed" testListId="8c84fa94-04c1-424b-9868-57a2d4851a1d" relativeResultsDirectory="e01a90ff-dba8-428d-978e-89801b3f869b" />
    <UnitTestResult executionId="9a641719-112a-4bbc-aafe-ac06da8fef62" testId="e7fe7eb6-f2f0-e45d-3d42-b3275c0b4293" testName="LogExportStartedToken_ShouldGenerateCorrectParameters (Rule)" computerName="DKSR-EFI-04" duration="00:00:00.0379187" startTime="2023-12-22T09:35:21.5067978+01:00" endTime="2023-12-22T09:35:21.5536715+01:00" testType="13cdc9d9-ddb5-4fa4-a97d-d965ccfc6d4b" outcome="Passed" testListId="8c84fa94-04c1-424b-9868-57a2d4851a1d" relativeResultsDirectory="9a641719-112a-4bbc-aafe-ac06da8fef62" />
    <UnitTestResult executionId="260b5014-7d38-4353-bcad-2298c37defe7" testId="19741e49-0b1b-f606-39e4-fc58b6ce6577" testName="Create_ShouldPassAuditLogTab_ToTheLogViewerPanelViewModelConstructor" computerName="DKSR-EFI-04" duration="00:00:00.0524016" startTime="2023-12-22T09:35:16.1473934+01:00" endTime="2023-12-22T09:35:16.1942694+01:00" testType="13cdc9d9-ddb5-4fa4-a97d-d965ccfc6d4b" outcome="Passed" testListId="8c84fa94-04c1-424b-9868-57a2d4851a1d" relativeResultsDirectory="260b5014-7d38-4353-bcad-2298c37defe7" />
    <UnitTestResult executionId="9c975454-a9f7-4914-8204-ae163d4175a4" testId="21c552d7-9287-5750-003a-4828b6abed06" testName="FetchLoglinesAsync_ShouldNotFetchLoglines_IfPreviousCallIsInProgress" computerName="DKSR-EFI-04" duration="00:00:00.0060187" startTime="2023-12-22T09:35:16.4442716+01:00" endTime="2023-12-22T09:35:16.4442716+01:00" testType="13cdc9d9-ddb5-4fa4-a97d-d965ccfc6d4b" outcome="Passed" testListId="8c84fa94-04c1-424b-9868-57a2d4851a1d" relativeResultsDirectory="9c975454-a9f7-4914-8204-ae163d4175a4" />
    <UnitTestResult executionId="6b5bd22d-1ca9-4425-be3f-6ea5eb892af3" testId="8fd91340-7618-c4e0-26f0-3146c56ca46b" testName="StartExportAsync_ShouldNotIncludeFiltersInTheAuditLogExport_IfNoFiltersAreApplied (Category)" computerName="DKSR-EFI-04" duration="00:00:00.0036774" startTime="2023-12-22T09:35:16.7723977+01:00" endTime="2023-12-22T09:35:16.7880221+01:00" testType="13cdc9d9-ddb5-4fa4-a97d-d965ccfc6d4b" outcome="Passed" testListId="8c84fa94-04c1-424b-9868-57a2d4851a1d" relativeResultsDirectory="6b5bd22d-1ca9-4425-be3f-6ea5eb892af3" />
    <UnitTestResult executionId="66fe1322-877d-4d7d-b392-d97e4513407b" testId="79bd1953-4db7-3caa-f0fd-4f4eadc576c2" testName="ApplyFiltersCommand_ShouldQuerySystemLogs_InProvidedLanguage" computerName="DKSR-EFI-04" duration="00:00:00.0042005" startTime="2023-12-22T09:35:16.4911480+01:00" endTime="2023-12-22T09:35:16.4911480+01:00" testType="13cdc9d9-ddb5-4fa4-a97d-d965ccfc6d4b" outcome="Passed" testListId="8c84fa94-04c1-424b-9868-57a2d4851a1d" relativeResultsDirectory="66fe1322-877d-4d7d-b392-d97e4513407b" />
    <UnitTestResult executionId="d8e055e5-14cd-488f-ae22-2466ad6d5f6c" testId="0966f41b-229c-3a1b-4882-4f51d1c194bd" testName="LogExportCompleted_ShouldRegisterMessages (Rule)" computerName="DKSR-EFI-04" duration="00:00:00.1047285" startTime="2023-12-22T09:35:18.8036615+01:00" endTime="2023-12-22T09:35:18.9130380+01:00" testType="13cdc9d9-ddb5-4fa4-a97d-d965ccfc6d4b" outcome="Passed" testListId="8c84fa94-04c1-424b-9868-57a2d4851a1d" relativeResultsDirectory="d8e055e5-14cd-488f-ae22-2466ad6d5f6c" />
    <UnitTestResult executionId="af2d45c2-244a-461f-b7c5-628d576f824e" testId="d921a6e9-3ca7-340e-e5c2-ec845e022eaa" testName="FetchLoglinesAsync_ShouldUpdateLoglines_WithWhatILogReaderProvides" computerName="DKSR-EFI-04" duration="00:00:00.0046043" startTime="2023-12-22T09:35:16.3036485+01:00" endTime="2023-12-22T09:35:16.3036485+01:00" testType="13cdc9d9-ddb5-4fa4-a97d-d965ccfc6d4b" outcome="Passed" testListId="8c84fa94-04c1-424b-9868-57a2d4851a1d" relativeResultsDirectory="af2d45c2-244a-461f-b7c5-628d576f824e" />
    <UnitTestResult executionId="563d8337-14ca-4a24-a59a-30366db2174f" testId="adfe36ba-b92f-2d10-e108-35bcaad5e614" testName="StartExportAsync_ShouldAuditLogThatExportHasBeenStarted" computerName="DKSR-EFI-04" duration="00:00:00.0146925" startTime="2023-12-22T09:35:16.6473978+01:00" endTime="2023-12-22T09:35:16.6630237+01:00" testType="13cdc9d9-ddb5-4fa4-a97d-d965ccfc6d4b" outcome="Passed" testListId="8c84fa94-04c1-424b-9868-57a2d4851a1d" relativeResultsDirectory="563d8337-14ca-4a24-a59a-30366db2174f" />
    <UnitTestResult executionId="ddfa836d-0eac-4afd-ad34-e84db3dd7ec8" testId="7cfba55f-af2e-51ee-1fc6-77349649ca80" testName="BrowseExportPathCommand_ShouldNotSetExportPath_WhenDialogResultIsCancel" computerName="DKSR-EFI-04" duration="00:00:00.0016030" startTime="2023-12-22T09:35:14.6942646+01:00" endTime="2023-12-22T09:35:14.6942646+01:00" testType="13cdc9d9-ddb5-4fa4-a97d-d965ccfc6d4b" outcome="Passed" testListId="8c84fa94-04c1-424b-9868-57a2d4851a1d" relativeResultsDirectory="ddfa836d-0eac-4afd-ad34-e84db3dd7ec8" />
    <UnitTestResult executionId="132a4247-8b03-42bf-9590-c4fc295d7bd8" testId="3372c037-0d85-2c5a-a74a-457d77e738e2" testName="LogExportCanceled_ShouldGenerateCorrectParameters (System)" computerName="DKSR-EFI-04" duration="00:00:00.0437336" startTime="2023-12-22T09:35:21.6005475+01:00" endTime="2023-12-22T09:35:21.6474234+01:00" testType="13cdc9d9-ddb5-4fa4-a97d-d965ccfc6d4b" outcome="Passed" testListId="8c84fa94-04c1-424b-9868-57a2d4851a1d" relativeResultsDirectory="132a4247-8b03-42bf-9590-c4fc295d7bd8" />
    <UnitTestResult executionId="64acd016-718a-498a-ad79-ed087eb207fc" testId="ebade166-19df-752d-6cb1-c41aaa16f79e" testName="StartExportAsync_ShouldIncludeFiltersInTheAuditLogExport_IfAnyApplied (Permission)" computerName="DKSR-EFI-04" duration="00:00:00.0048807" startTime="2023-12-22T09:35:16.7411524+01:00" endTime="2023-12-22T09:35:16.7567742+01:00" testType="13cdc9d9-ddb5-4fa4-a97d-d965ccfc6d4b" outcome="Passed" testListId="8c84fa94-04c1-424b-9868-57a2d4851a1d" relativeResultsDirectory="64acd016-718a-498a-ad79-ed087eb207fc" />
    <UnitTestResult executionId="7c94f05a-95a1-40e6-bf4d-5df9949dae66" testId="86cdf26a-01d3-1454-75eb-7298e4f64e3e" testName="LogExportStartedToken_ShouldGenerateCorrectParameters (System)" computerName="DKSR-EFI-04" duration="00:00:00.0407500" startTime="2023-12-22T09:35:21.4286740+01:00" endTime="2023-12-22T09:35:21.4599238+01:00" testType="13cdc9d9-ddb5-4fa4-a97d-d965ccfc6d4b" outcome="Passed" testListId="8c84fa94-04c1-424b-9868-57a2d4851a1d" relativeResultsDirectory="7c94f05a-95a1-40e6-bf4d-5df9949dae66" />
    <UnitTestResult executionId="c4c2e60f-01da-43a8-a857-76a978d998fb" testId="b756d462-b4ce-8d4e-0345-e12e3743da58" testName="ExportCommand_ShouldNotStart_IfDirectoryIsNotFound" computerName="DKSR-EFI-04" duration="00:00:00.0038042" startTime="2023-12-22T09:35:14.9130162+01:00" endTime="2023-12-22T09:35:14.9130162+01:00" testType="13cdc9d9-ddb5-4fa4-a97d-d965ccfc6d4b" outcome="Passed" testListId="8c84fa94-04c1-424b-9868-57a2d4851a1d" relativeResultsDirectory="c4c2e60f-01da-43a8-a857-76a978d998fb" />
    <UnitTestResult executionId="fedcdd74-f770-44c6-83c7-5dd71e37ad21" testId="15e03f5d-e529-61c2-30c8-5c666df60da4" testName="LogExportCompletedToken_ShouldRegisterMessages (System)" computerName="DKSR-EFI-04" duration="00:00:00.1367651" startTime="2023-12-22T09:35:19.0692854+01:00" endTime="2023-12-22T09:35:19.2099116+01:00" testType="13cdc9d9-ddb5-4fa4-a97d-d965ccfc6d4b" outcome="Passed" testListId="8c84fa94-04c1-424b-9868-57a2d4851a1d" relativeResultsDirectory="fedcdd74-f770-44c6-83c7-5dd71e37ad21" />
    <UnitTestResult executionId="353f9d97-c8ce-4aab-bc2b-c930dd823513" testId="8be88b29-25dc-3616-dac3-34e25f491160" testName="Constructors_ShouldNotAllowInjectionOfNulls" computerName="DKSR-EFI-04" duration="00:00:00.0016939" startTime="2023-12-22T09:35:16.3973977+01:00" endTime="2023-12-22T09:35:16.3973977+01:00" testType="13cdc9d9-ddb5-4fa4-a97d-d965ccfc6d4b" outcome="Passed" testListId="8c84fa94-04c1-424b-9868-57a2d4851a1d" relativeResultsDirectory="353f9d97-c8ce-4aab-bc2b-c930dd823513" />
    <UnitTestResult executionId="d455196a-d3c8-465e-8efc-6cf09a3de20e" testId="62d9d9a5-1b37-a5d0-a7a0-8988967edbcd" testName="FetchLoglinesAsync_ShouldNotFetchLoglines_IfPreviousCallIsInProgress" computerName="DKSR-EFI-04" duration="00:00:00.0134106" startTime="2023-12-22T09:35:14.1005105+01:00" endTime="2023-12-22T09:35:14.1161350+01:00" testType="13cdc9d9-ddb5-4fa4-a97d-d965ccfc6d4b" outcome="Passed" testListId="8c84fa94-04c1-424b-9868-57a2d4851a1d" relativeResultsDirectory="d455196a-d3c8-465e-8efc-6cf09a3de20e" />
    <UnitTestResult executionId="3d3bf9a9-6791-40ec-a078-d9bcce6256e8" testId="dbb9b0e4-8d56-67a1-ad4d-3e9eddd46357" testName="StartExportAsync_ShouldNotIncludeFiltersInTheRuleTriggeredLogExport_IfNoFiltersAreApplied (Rule name)" computerName="DKSR-EFI-04" duration="00:00:00.0019226" startTime="2023-12-22T09:35:16.8817761+01:00" endTime="2023-12-22T09:35:16.8817761+01:00" testType="13cdc9d9-ddb5-4fa4-a97d-d965ccfc6d4b" outcome="Passed" testListId="8c84fa94-04c1-424b-9868-57a2d4851a1d" relativeResultsDirectory="3d3bf9a9-6791-40ec-a078-d9bcce6256e8" />
    <UnitTestResult executionId="8c293f2e-a8f4-4729-9cdd-ab9b031383b7" testId="7d848429-f892-546b-2041-cc3eee96180e" testName="StartExportAsync_ShouldIncludeFiltersInTheAuditLogExport_IfAnyApplied (User location)" computerName="DKSR-EFI-04" duration="00:00:00.0027763" startTime="2023-12-22T09:35:16.7723977+01:00" endTime="2023-12-22T09:35:16.7723977+01:00" testType="13cdc9d9-ddb5-4fa4-a97d-d965ccfc6d4b" outcome="Passed" testListId="8c84fa94-04c1-424b-9868-57a2d4851a1d" relativeResultsDirectory="8c293f2e-a8f4-4729-9cdd-ab9b031383b7" />
    <UnitTestResult executionId="c08edbe0-f052-4cfc-9834-1499dd012f5a" testId="67c17d03-30c7-2e00-462d-ef8b704971b5" testName="IsExportStarted_ShouldBeFalse_ByDefault" computerName="DKSR-EFI-04" duration="00:00:00.0013043" startTime="2023-12-22T09:35:16.5380213+01:00" endTime="2023-12-22T09:35:16.5380213+01:00" testType="13cdc9d9-ddb5-4fa4-a97d-d965ccfc6d4b" outcome="Passed" testListId="8c84fa94-04c1-424b-9868-57a2d4851a1d" relativeResultsDirectory="c08edbe0-f052-4cfc-9834-1499dd012f5a" />
    <UnitTestResult executionId="494d4656-a6e6-4809-8e29-4ef4aa77257f" testId="719ce3f2-ec61-ddfe-fcc3-35300594a748" testName="ApplyFiltersCommand_ShouldDisplayErrorMessage_IfStartQuerySessionAsyncResultsInException" computerName="DKSR-EFI-04" duration="00:00:00.0040462" startTime="2023-12-22T09:35:16.3505213+01:00" endTime="2023-12-22T09:35:16.3505213+01:00" testType="13cdc9d9-ddb5-4fa4-a97d-d965ccfc6d4b" outcome="Passed" testListId="8c84fa94-04c1-424b-9868-57a2d4851a1d" relativeResultsDirectory="494d4656-a6e6-4809-8e29-4ef4aa77257f" />
    <UnitTestResult executionId="df5c9fcf-d05d-4480-b062-758f488e2119" testId="7826c7a3-2e65-4760-2cca-897b0037617a" testName="Constructors_ShouldNotAllowInjectionOfNulls" computerName="DKSR-EFI-04" duration="00:00:00.0150091" startTime="2023-12-22T09:35:14.4755122+01:00" endTime="2023-12-22T09:35:14.4911371+01:00" testType="13cdc9d9-ddb5-4fa4-a97d-d965ccfc6d4b" outcome="Passed" testListId="8c84fa94-04c1-424b-9868-57a2d4851a1d" relativeResultsDirectory="df5c9fcf-d05d-4480-b062-758f488e2119" />
    <UnitTestResult executionId="5ece22ca-aa2d-4dd5-a5c4-c6f16079e078" testId="55f01452-8153-ee7b-1144-0e6585d18bac" testName="FetchLoglinesAsync_ShouldNotFetchMoreLoglines_IfAllLoglinesAreAlreadyFetched" computerName="DKSR-EFI-04" duration="00:00:00.0334691" startTime="2023-12-22T09:35:14.1161350+01:00" endTime="2023-12-22T09:35:14.1473848+01:00" testType="13cdc9d9-ddb5-4fa4-a97d-d965ccfc6d4b" outcome="Passed" testListId="8c84fa94-04c1-424b-9868-57a2d4851a1d" relativeResultsDirectory="5ece22ca-aa2d-4dd5-a5c4-c6f16079e078" />
    <UnitTestResult executionId="b2954f40-f1f8-4464-a133-8fdddc4a5ab5" testId="d5262bba-8c6b-8c49-1f33-565df48bee3a" testName="LogExportCompleted_ShouldWriteLogline (Audit)" computerName="DKSR-EFI-04" duration="00:00:00.0334905" startTime="2023-12-22T09:35:20.0849159+01:00" endTime="2023-12-22T09:35:20.1161671+01:00" testType="13cdc9d9-ddb5-4fa4-a97d-d965ccfc6d4b" outcome="Passed" testListId="8c84fa94-04c1-424b-9868-57a2d4851a1d" relativeResultsDirectory="b2954f40-f1f8-4464-a133-8fdddc4a5ab5" />
    <UnitTestResult executionId="b7fde4a7-34d2-4e21-9549-de5d5be7c96e" testId="66506cad-9568-adef-6358-8d867534e973" testName="ExportCommand_ShouldNotStart_IfDirectoryIsInvalid" computerName="DKSR-EFI-04" duration="00:00:00.0064382" startTime="2023-12-22T09:35:14.8817644+01:00" endTime="2023-12-22T09:35:14.8973874+01:00" testType="13cdc9d9-ddb5-4fa4-a97d-d965ccfc6d4b" outcome="Passed" testListId="8c84fa94-04c1-424b-9868-57a2d4851a1d" relativeResultsDirectory="b7fde4a7-34d2-4e21-9549-de5d5be7c96e" />
    <UnitTestResult executionId="8255dfde-f2be-40c8-8458-6134e356165e" testId="9e225351-7a51-97ff-08f4-9b692d21bbc4" testName="Constructors_ShouldNotAllowInjectionOfNulls" computerName="DKSR-EFI-04" duration="00:00:00.0017972" startTime="2023-12-22T09:35:17.0692757+01:00" endTime="2023-12-22T09:35:17.0692757+01:00" testType="13cdc9d9-ddb5-4fa4-a97d-d965ccfc6d4b" outcome="Passed" testListId="8c84fa94-04c1-424b-9868-57a2d4851a1d" relativeResultsDirectory="8255dfde-f2be-40c8-8458-6134e356165e" />
    <UnitTestResult executionId="fd0c7614-d0e2-4b31-9dc3-dc260ec6beef" testId="7e610db5-1d7d-cfde-d429-a40fd0fc3fce" testName="FromTime_ShouldBeAdjusted_IfToTimeIsSetToEarlierTime" computerName="DKSR-EFI-04" duration="00:00:00.0015720" startTime="2023-12-22T09:35:16.4130213+01:00" endTime="2023-12-22T09:35:16.4130213+01:00" testType="13cdc9d9-ddb5-4fa4-a97d-d965ccfc6d4b" outcome="Passed" testListId="8c84fa94-04c1-424b-9868-57a2d4851a1d" relativeResultsDirectory="fd0c7614-d0e2-4b31-9dc3-dc260ec6beef" />
    <UnitTestResult executionId="48aed184-f2b8-49d9-8660-714521da73f9" testId="3c05a843-1b7a-2af9-f9c1-99144c4969e3" testName="FetchLoglinesAsync_ShouldNotModify_WhatILogReaderProvides" computerName="DKSR-EFI-04" duration="00:00:00.0094346" startTime="2023-12-22T09:35:16.4130213+01:00" endTime="2023-12-22T09:35:16.4286473+01:00" testType="13cdc9d9-ddb5-4fa4-a97d-d965ccfc6d4b" outcome="Passed" testListId="8c84fa94-04c1-424b-9868-57a2d4851a1d" relativeResultsDirectory="48aed184-f2b8-49d9-8660-714521da73f9" />
    <UnitTestResult executionId="fdf70032-1460-487e-9139-18b7b98a042c" testId="3cd90f92-2f08-8ede-8de4-190d94c5a61f" testName="StartExportAsync_ShouldNotIncludeFiltersInTheRuleTriggeredLogExport_IfNoFiltersAreApplied (Event type)" computerName="DKSR-EFI-04" duration="00:00:00.0019542" startTime="2023-12-22T09:35:16.8505245+01:00" endTime="2023-12-22T09:35:16.8505245+01:00" testType="13cdc9d9-ddb5-4fa4-a97d-d965ccfc6d4b" outcome="Passed" testListId="8c84fa94-04c1-424b-9868-57a2d4851a1d" relativeResultsDirectory="fdf70032-1460-487e-9139-18b7b98a042c" />
    <UnitTestResult executionId="a8b130d3-ad6e-47c6-8794-f9287bf527cc" testId="0ad00e78-6b7f-c193-7bcf-0b2d694ff860" testName="LogExportStartedToken_ShouldWriteLogline (Unknown)" computerName="DKSR-EFI-04" duration="00:00:00.0384028" startTime="2023-12-22T09:35:20.4442921+01:00" endTime="2023-12-22T09:35:20.4755415+01:00" testType="13cdc9d9-ddb5-4fa4-a97d-d965ccfc6d4b" outcome="Passed" testListId="8c84fa94-04c1-424b-9868-57a2d4851a1d" relativeResultsDirectory="a8b130d3-ad6e-47c6-8794-f9287bf527cc" />
    <UnitTestResult executionId="fe1b94d2-1070-48b7-a347-13c354cebe5c" testId="38fafa95-785b-5286-4c7e-b54a34c79cdd" testName="LogExportCompleted_ShouldGenerateCorrectParameters (Audit)" computerName="DKSR-EFI-04" duration="00:00:00.0336018" startTime="2023-12-22T09:35:20.9755441+01:00" endTime="2023-12-22T09:35:21.0067979+01:00" testType="13cdc9d9-ddb5-4fa4-a97d-d965ccfc6d4b" outcome="Passed" testListId="8c84fa94-04c1-424b-9868-57a2d4851a1d" relativeResultsDirectory="fe1b94d2-1070-48b7-a347-13c354cebe5c" />
    <UnitTestResult executionId="881a568a-a689-4951-b28b-9f19ab44b38d" testId="86385b6e-3c70-b477-3e5d-632057e2a5dc" testName="ToggleDisplayAppliedFiltersOnlyCommand_ShouldDisplayAllItems_WhenToggledTwice" computerName="DKSR-EFI-04" duration="00:00:00.0032634" startTime="2023-12-22T09:35:16.1317716+01:00" endTime="2023-12-22T09:35:16.1317716+01:00" testType="13cdc9d9-ddb5-4fa4-a97d-d965ccfc6d4b" outcome="Passed" testListId="8c84fa94-04c1-424b-9868-57a2d4851a1d" relativeResultsDirectory="881a568a-a689-4951-b28b-9f19ab44b38d" />
    <UnitTestResult executionId="50e9bf7d-ea9f-4cd9-af32-c0653f9fe2e8" testId="0751a3c8-7e22-a7f8-c6e3-a05dbf8f920f" testName="ApplyFiltersCommand_ShouldQueryRuleLogs_InProvidedLanguage" computerName="DKSR-EFI-04" duration="00:00:00.0044562" startTime="2023-12-22T09:35:16.3505213+01:00" endTime="2023-12-22T09:35:16.3661460+01:00" testType="13cdc9d9-ddb5-4fa4-a97d-d965ccfc6d4b" outcome="Passed" testListId="8c84fa94-04c1-424b-9868-57a2d4851a1d" relativeResultsDirectory="50e9bf7d-ea9f-4cd9-af32-c0653f9fe2e8" />
    <UnitTestResult executionId="0581b02e-7c2e-4359-b88e-5bc8f5964f51" testId="600a9f74-1dd6-0ecd-3743-c445e062d186" testName="LogExportCompletedToken_ShouldGenerateCorrectParameters (Audit)" computerName="DKSR-EFI-04" duration="00:00:00.0365214" startTime="2023-12-22T09:35:21.1317955+01:00" endTime="2023-12-22T09:35:21.1630449+01:00" testType="13cdc9d9-ddb5-4fa4-a97d-d965ccfc6d4b" outcome="Passed" testListId="8c84fa94-04c1-424b-9868-57a2d4851a1d" relativeResultsDirectory="0581b02e-7c2e-4359-b88e-5bc8f5964f51" />
    <UnitTestResult executionId="2cf22297-a36b-406f-8c13-9eb1324ce551" testId="ec730395-c200-9636-2a33-b34bf36a2255" testName="ClearFilter_ShouldRemoveFilterFromFiltersCollection" computerName="DKSR-EFI-04" duration="00:00:01.0175066" startTime="2023-12-22T09:35:15.0692659+01:00" endTime="2023-12-22T09:35:16.0848974+01:00" testType="13cdc9d9-ddb5-4fa4-a97d-d965ccfc6d4b" outcome="Passed" testListId="8c84fa94-04c1-424b-9868-57a2d4851a1d" relativeResultsDirectory="2cf22297-a36b-406f-8c13-9eb1324ce551" />
    <UnitTestResult executionId="7457c349-9381-43fe-a07c-226bbd5a3cdf" testId="d40f95f9-3216-70f9-2e01-e28d1cbaa89b" testName="FetchLoglinesAsync_ShouldDisplayErrorMessage_IfFetchLoglinesAsyncResultsInException" computerName="DKSR-EFI-04" duration="00:00:00.0149305" startTime="2023-12-22T09:35:14.1473848+01:00" endTime="2023-12-22T09:35:14.1630087+01:00" testType="13cdc9d9-ddb5-4fa4-a97d-d965ccfc6d4b" outcome="Passed" testListId="8c84fa94-04c1-424b-9868-57a2d4851a1d" relativeResultsDirectory="7457c349-9381-43fe-a07c-226bbd5a3cdf" />
    <UnitTestResult executionId="034f48bf-c486-4b84-8e6b-dace302a0816" testId="0bfba3ec-fb5c-9307-d3b7-c7e6bc377d16" testName="ExportPathErrorMessage__ShouldNotBeNull_IfPathIsIllegal" computerName="DKSR-EFI-04" duration="00:00:00.0038587" startTime="2023-12-22T09:35:14.8661370+01:00" endTime="2023-12-22T09:35:14.8661370+01:00" testType="13cdc9d9-ddb5-4fa4-a97d-d965ccfc6d4b" outcome="Passed" testListId="8c84fa94-04c1-424b-9868-57a2d4851a1d" relativeResultsDirectory="034f48bf-c486-4b84-8e6b-dace302a0816" />
    <UnitTestResult executionId="1f5bc9ce-0654-4c95-ae01-7d23ca87d44c" testId="3d2d57a3-46fe-fe0a-7126-297641577363" testName="ToggleDisplayAppliedFiltersOnlyCommand_ShouldDisplayOnlyAppliedFilters_WhenToggledForTheFirstTime" computerName="DKSR-EFI-04" duration="00:00:00.0032231" startTime="2023-12-22T09:35:16.1317716+01:00" endTime="2023-12-22T09:35:16.1317716+01:00" testType="13cdc9d9-ddb5-4fa4-a97d-d965ccfc6d4b" outcome="Passed" testListId="8c84fa94-04c1-424b-9868-57a2d4851a1d" relativeResultsDirectory="1f5bc9ce-0654-4c95-ae01-7d23ca87d44c" />
    <UnitTestResult executionId="a202efbf-37c4-411a-8fa8-4b076affadc0" testId="74557625-2b10-bb56-d604-f4d866013a85" testName="IsClearSearchVisible_ShouldBeTrue_IfSearchTextIsNotEmpty" computerName="DKSR-EFI-04" duration="00:00:00.0117497" startTime="2023-12-22T09:35:14.9755151+01:00" endTime="2023-12-22T09:35:14.9911417+01:00" testType="13cdc9d9-ddb5-4fa4-a97d-d965ccfc6d4b" outcome="Passed" testListId="8c84fa94-04c1-424b-9868-57a2d4851a1d" relativeResultsDirectory="a202efbf-37c4-411a-8fa8-4b076affadc0" />
    <UnitTestResult executionId="9564111b-2544-4f66-bed3-f453be024e70" testId="2cc97fb4-c8c3-68bd-98a4-2e1ba1b70114" testName="StartExportAsync_ShouldExportAllSystemLogsWithinGivenTime_IfNoFiltersApplied" computerName="DKSR-EFI-04" duration="00:00:00.0502771" startTime="2023-12-22T09:35:16.9442748+01:00" endTime="2023-12-22T09:35:16.9911494+01:00" testType="13cdc9d9-ddb5-4fa4-a97d-d965ccfc6d4b" outcome="Passed" testListId="8c84fa94-04c1-424b-9868-57a2d4851a1d" relativeResultsDirectory="9564111b-2544-4f66-bed3-f453be024e70" />
    <UnitTestResult executionId="9bee0765-8ff8-49e8-8a80-9fffe77d69c3" testId="e5aefbec-fe62-bbcb-6250-0ce7b8057386" testName="StartExportAsync_ShouldNotIncludeFiltersInTheAuditLogExport_IfNoFiltersAreApplied (User)" computerName="DKSR-EFI-04" duration="00:00:00.0017872" startTime="2023-12-22T09:35:16.8036480+01:00" endTime="2023-12-22T09:35:16.8036480+01:00" testType="13cdc9d9-ddb5-4fa4-a97d-d965ccfc6d4b" outcome="Passed" testListId="8c84fa94-04c1-424b-9868-57a2d4851a1d" relativeResultsDirectory="9bee0765-8ff8-49e8-8a80-9fffe77d69c3" />
    <UnitTestResult executionId="442ac1a9-1066-4b26-ae53-889d019166b2" testId="eb5ce628-8e13-63df-01c5-f204fe1dc426" testName="LogExportStartedToken_ShouldGenerateCorrectParameters (Unknown)" computerName="DKSR-EFI-04" duration="00:00:00.0395700" startTime="2023-12-22T09:35:21.3817986+01:00" endTime="2023-12-22T09:35:21.4286740+01:00" testType="13cdc9d9-ddb5-4fa4-a97d-d965ccfc6d4b" outcome="Passed" testListId="8c84fa94-04c1-424b-9868-57a2d4851a1d" relativeResultsDirectory="442ac1a9-1066-4b26-ae53-889d019166b2" />
    <UnitTestResult executionId="aa57d589-c88b-4945-a7bc-4f0215095bec" testId="2edfe6b5-618c-5934-1802-8d1b271b7a2d" testName="IsDisplayingAppliedFiltersOnly_ShouldBeFalse_ByDefault" computerName="DKSR-EFI-04" duration="00:00:00.0053137" startTime="2023-12-22T09:35:14.9442639+01:00" endTime="2023-12-22T09:35:14.9442639+01:00" testType="13cdc9d9-ddb5-4fa4-a97d-d965ccfc6d4b" outcome="Passed" testListId="8c84fa94-04c1-424b-9868-57a2d4851a1d" relativeResultsDirectory="aa57d589-c88b-4945-a7bc-4f0215095bec" />
    <UnitTestResult executionId="895149df-3dbb-42df-acd4-5260504702dc" testId="db2fe9b8-64ad-a3c4-efe9-40f1d2f9333b" testName="ExportNameErrorMessage_ShouldNotBeNull_IfNameContainsInvalidCharacter (/)" computerName="DKSR-EFI-04" duration="00:00:00.0017719" startTime="2023-12-22T09:35:14.5380120+01:00" endTime="2023-12-22T09:35:14.5380120+01:00" testType="13cdc9d9-ddb5-4fa4-a97d-d965ccfc6d4b" outcome="Passed" testListId="8c84fa94-04c1-424b-9868-57a2d4851a1d" relativeResultsDirectory="895149df-3dbb-42df-acd4-5260504702dc" />
    <UnitTestResult executionId="611fec04-0f9a-445c-a802-46192cdabdf1" testId="9cb11d1e-83aa-2c36-8cb8-f6bf767d1298" testName="Create_ShouldPassRuleLogTab_ToTheLogViewerPanelViewModelConstructor" computerName="DKSR-EFI-04" duration="00:00:00.0022927" startTime="2023-12-22T09:35:16.2098962+01:00" endTime="2023-12-22T09:35:16.2098962+01:00" testType="13cdc9d9-ddb5-4fa4-a97d-d965ccfc6d4b" outcome="Passed" testListId="8c84fa94-04c1-424b-9868-57a2d4851a1d" relativeResultsDirectory="611fec04-0f9a-445c-a802-46192cdabdf1" />
    <UnitTestResult executionId="d0a79f7a-7cb3-4e69-ac80-1971af8e6b41" testId="97e13f2d-1e16-be2e-43e2-6e7d3c174fa4" testName="LogExportCompleted_ShouldWriteLogline (Unknown)" computerName="DKSR-EFI-04" duration="00:00:00.0493896" startTime="2023-12-22T09:35:19.9911656+01:00" endTime="2023-12-22T09:35:20.0380388+01:00" testType="13cdc9d9-ddb5-4fa4-a97d-d965ccfc6d4b" outcome="Passed" testListId="8c84fa94-04c1-424b-9868-57a2d4851a1d" relativeResultsDirectory="d0a79f7a-7cb3-4e69-ac80-1971af8e6b41" />
    <UnitTestResult executionId="a3e53f5a-363c-4555-9ccd-880e98ba7051" testId="e6d90400-8aa0-3ed6-4a85-567cdd039b88" testName="Create_ShouldCreateAnInstanceOfExportWindowViewModel" computerName="DKSR-EFI-04" duration="00:00:00.1648097" startTime="2023-12-22T09:35:14.3036356+01:00" endTime="2023-12-22T09:35:14.4598868+01:00" testType="13cdc9d9-ddb5-4fa4-a97d-d965ccfc6d4b" outcome="Passed" testListId="8c84fa94-04c1-424b-9868-57a2d4851a1d" relativeResultsDirectory="a3e53f5a-363c-4555-9ccd-880e98ba7051" />
    <UnitTestResult executionId="fb76c670-3894-410a-a2dc-ecd9b366013d" testId="5c982bf7-4b35-1b19-22ea-337141469bb1" testName="LogExportStarted_ShouldWriteLogline (Audit)" computerName="DKSR-EFI-04" duration="00:00:00.0335648" startTime="2023-12-22T09:35:20.3661671+01:00" endTime="2023-12-22T09:35:20.3974165+01:00" testType="13cdc9d9-ddb5-4fa4-a97d-d965ccfc6d4b" outcome="Passed" testListId="8c84fa94-04c1-424b-9868-57a2d4851a1d" relativeResultsDirectory="fb76c670-3894-410a-a2dc-ecd9b366013d" />
    <UnitTestResult executionId="cee0bf0b-7b21-4930-a33b-6bc39b33133b" testId="06c9159f-2b66-12d8-2469-a42ec62bc921" testName="ExportCommand_ShouldCreateExportDirectory_IfItDoesNotExist" computerName="DKSR-EFI-04" duration="00:00:00.0132514" startTime="2023-12-22T09:35:14.8348874+01:00" endTime="2023-12-22T09:35:14.8348874+01:00" testType="13cdc9d9-ddb5-4fa4-a97d-d965ccfc6d4b" outcome="Passed" testListId="8c84fa94-04c1-424b-9868-57a2d4851a1d" relativeResultsDirectory="cee0bf0b-7b21-4930-a33b-6bc39b33133b" />
    <UnitTestResult executionId="c8cd57c2-886d-4959-a1e9-871ef3d54c13" testId="288c4c47-f49c-acce-d98c-379b9f7af341" testName="StartExportAsync_ShouldExportAllRuleTriggeredLogsWithinGivenTime_IfNoFiltersApplied" computerName="DKSR-EFI-04" duration="00:00:00.0584315" startTime="2023-12-22T09:35:16.8817761+01:00" endTime="2023-12-22T09:35:16.9442748+01:00" testType="13cdc9d9-ddb5-4fa4-a97d-d965ccfc6d4b" outcome="Passed" testListId="8c84fa94-04c1-424b-9868-57a2d4851a1d" relativeResultsDirectory="c8cd57c2-886d-4959-a1e9-871ef3d54c13" />
    <UnitTestResult executionId="c1560693-4148-4762-bb93-a18ddb8da14f" testId="18e27c0c-0446-ac82-10a9-013debd8222a" testName="LogExportStartedToken_ShouldWriteLogline (Rule)" computerName="DKSR-EFI-04" duration="00:00:00.0322218" startTime="2023-12-22T09:35:20.5536668+01:00" endTime="2023-12-22T09:35:20.5849200+01:00" testType="13cdc9d9-ddb5-4fa4-a97d-d965ccfc6d4b" outcome="Passed" testListId="8c84fa94-04c1-424b-9868-57a2d4851a1d" relativeResultsDirectory="c1560693-4148-4762-bb93-a18ddb8da14f" />
    <UnitTestResult executionId="60d0ee40-d6bf-4c27-8c7d-eb626fe9a794" testId="ad0c55c7-8dbe-ee8e-f69a-9c17bcfe4e97" testName="StartExportAsync_ShouldIncludeFiltersInTheAuditLogExport_IfAnyApplied (User)" computerName="DKSR-EFI-04" duration="00:00:00.0028441" startTime="2023-12-22T09:35:16.7723977+01:00" endTime="2023-12-22T09:35:16.7723977+01:00" testType="13cdc9d9-ddb5-4fa4-a97d-d965ccfc6d4b" outcome="Passed" testListId="8c84fa94-04c1-424b-9868-57a2d4851a1d" relativeResultsDirectory="60d0ee40-d6bf-4c27-8c7d-eb626fe9a794" />
    <UnitTestResult executionId="b93c7975-14f2-4021-a7f9-182045ecad1d" testId="55cc690e-5168-1d8a-8fc7-2fc8ea4f84ec" testName="LogExportCompleted_ShouldRegisterCategory (Audit)" computerName="DKSR-EFI-04" duration="00:00:00.0463286" startTime="2023-12-22T09:35:17.3505261+01:00" endTime="2023-12-22T09:35:17.3974027+01:00" testType="13cdc9d9-ddb5-4fa4-a97d-d965ccfc6d4b" outcome="Passed" testListId="8c84fa94-04c1-424b-9868-57a2d4851a1d" relativeResultsDirectory="b93c7975-14f2-4021-a7f9-182045ecad1d" />
    <UnitTestResult executionId="94d0f3e7-dea5-4f10-ba69-00300e61b460" testId="c82eb6ab-1fb1-d071-5b1d-2c0ec9d6c5f8" testName="LogExportCanceled_ShouldWriteLogline (System)" computerName="DKSR-EFI-04" duration="00:00:00.0313880" startTime="2023-12-22T09:35:20.6161709+01:00" endTime="2023-12-22T09:35:20.6474186+01:00" testType="13cdc9d9-ddb5-4fa4-a97d-d965ccfc6d4b" outcome="Passed" testListId="8c84fa94-04c1-424b-9868-57a2d4851a1d" relativeResultsDirectory="94d0f3e7-dea5-4f10-ba69-00300e61b460" />
    <UnitTestResult executionId="303abd02-3302-4c3a-8983-de61eae33b7d" testId="c5d7cc29-cec2-0906-41b4-e150e07404c5" testName="LogExportCompletedToken_ShouldWriteLogline (Unknown)" computerName="DKSR-EFI-04" duration="00:00:00.0357242" startTime="2023-12-22T09:35:20.1474159+01:00" endTime="2023-12-22T09:35:20.1786669+01:00" testType="13cdc9d9-ddb5-4fa4-a97d-d965ccfc6d4b" outcome="Passed" testListId="8c84fa94-04c1-424b-9868-57a2d4851a1d" relativeResultsDirectory="303abd02-3302-4c3a-8983-de61eae33b7d" />
    <UnitTestResult executionId="9a70a855-e46b-49d7-8307-51b9997db6e8" testId="64d72f06-50c1-cd68-6b37-f115b725bc6d" testName="StartExportAsync_ShouldIncludeFiltersInTheRuleTriggeredLogExport_IfAnyApplied (Source name)" computerName="DKSR-EFI-04" duration="00:00:00.0057104" startTime="2023-12-22T09:35:16.8036480+01:00" endTime="2023-12-22T09:35:16.8036480+01:00" testType="13cdc9d9-ddb5-4fa4-a97d-d965ccfc6d4b" outcome="Passed" testListId="8c84fa94-04c1-424b-9868-57a2d4851a1d" relativeResultsDirectory="9a70a855-e46b-49d7-8307-51b9997db6e8" />
    <UnitTestResult executionId="e1c6f456-2050-4738-9a2e-78888657cad5" testId="aa04c745-9ea2-050c-127a-c583471e5d13" testName="ExportProgress_ShouldBeZero_ByDefault" computerName="DKSR-EFI-04" duration="00:00:00.0011860" startTime="2023-12-22T09:35:16.5848968+01:00" endTime="2023-12-22T09:35:16.5848968+01:00" testType="13cdc9d9-ddb5-4fa4-a97d-d965ccfc6d4b" outcome="Passed" testListId="8c84fa94-04c1-424b-9868-57a2d4851a1d" relativeResultsDirectory="e1c6f456-2050-4738-9a2e-78888657cad5" />
    <UnitTestResult executionId="1c62cd77-e818-4439-94b0-e5e9ad08b0e2" testId="0debcf68-595b-7602-b963-925b6a7ddd7c" testName="ResetSelection_ShouldClearTheSearchText" computerName="DKSR-EFI-04" duration="00:00:00.0037147" startTime="2023-12-22T09:35:15.0067663+01:00" endTime="2023-12-22T09:35:15.0223899+01:00" testType="13cdc9d9-ddb5-4fa4-a97d-d965ccfc6d4b" outcome="Passed" testListId="8c84fa94-04c1-424b-9868-57a2d4851a1d" relativeResultsDirectory="1c62cd77-e818-4439-94b0-e5e9ad08b0e2" />
    <UnitTestResult executionId="dc21e821-b736-4e04-ae76-8623c46f1ff9" testId="2621df85-86ca-04fb-7bf4-e340ac32eb60" testName="LogExportCompletedToken_ShouldGenerateCorrectParameters (Unknown)" computerName="DKSR-EFI-04" duration="00:00:00.0360314" startTime="2023-12-22T09:35:21.0380501+01:00" endTime="2023-12-22T09:35:21.0849188+01:00" testType="13cdc9d9-ddb5-4fa4-a97d-d965ccfc6d4b" outcome="Passed" testListId="8c84fa94-04c1-424b-9868-57a2d4851a1d" relativeResultsDirectory="dc21e821-b736-4e04-ae76-8623c46f1ff9" />
    <UnitTestResult executionId="e370e0c2-f0af-4a3b-bf8b-fd42accdfa8c" testId="7363ec98-688b-abe6-13cc-c183838a699a" testName="ApplyFiltersCommand_ShouldQueryAuditLogs_InProvidedLanguage" computerName="DKSR-EFI-04" duration="00:00:00.0444165" startTime="2023-12-22T09:35:14.1786349+01:00" endTime="2023-12-22T09:35:14.2255117+01:00" testType="13cdc9d9-ddb5-4fa4-a97d-d965ccfc6d4b" outcome="Passed" testListId="8c84fa94-04c1-424b-9868-57a2d4851a1d" relativeResultsDirectory="e370e0c2-f0af-4a3b-bf8b-fd42accdfa8c" />
    <UnitTestResult executionId="58a166b6-a196-49e4-b8a8-fb53d4b92cd2" testId="daf0a00d-6fe6-ef6d-42f8-78b185981687" testName="ClearFiltersCommand_ShouldUnselectAllSelectedItems" computerName="DKSR-EFI-04" duration="00:00:00.0036984" startTime="2023-12-22T09:35:16.1161455+01:00" endTime="2023-12-22T09:35:16.1161455+01:00" testType="13cdc9d9-ddb5-4fa4-a97d-d965ccfc6d4b" outcome="Passed" testListId="8c84fa94-04c1-424b-9868-57a2d4851a1d" relativeResultsDirectory="58a166b6-a196-49e4-b8a8-fb53d4b92cd2" />
    <UnitTestResult executionId="a65116f6-07bd-4222-8f74-fd80f6abc8b9" testId="ab0a135d-08a3-4568-07f3-e125db115dc4" testName="LogExportCompleted_ShouldGenerateCorrectParameters (Unknown)" computerName="DKSR-EFI-04" duration="00:00:00.0473379" startTime="2023-12-22T09:35:20.8817957+01:00" endTime="2023-12-22T09:35:20.9286713+01:00" testType="13cdc9d9-ddb5-4fa4-a97d-d965ccfc6d4b" outcome="Passed" testListId="8c84fa94-04c1-424b-9868-57a2d4851a1d" relativeResultsDirectory="a65116f6-07bd-4222-8f74-fd80f6abc8b9" />
    <UnitTestResult executionId="eed3867e-eb31-4839-9339-b4d0ca7bdf1e" testId="141d276b-8dfa-c928-a06f-164dfdb8946a" testName="Constructors_ShouldNotAllowInjectionOfNulls" computerName="DKSR-EFI-04" duration="00:00:00.0022939" startTime="2023-12-22T09:35:16.2098962+01:00" endTime="2023-12-22T09:35:16.2255198+01:00" testType="13cdc9d9-ddb5-4fa4-a97d-d965ccfc6d4b" outcome="Passed" testListId="8c84fa94-04c1-424b-9868-57a2d4851a1d" relativeResultsDirectory="eed3867e-eb31-4839-9339-b4d0ca7bdf1e" />
    <UnitTestResult executionId="6b7d152d-d7eb-4915-bf1b-764fb3d2322d" testId="dd60bd08-4f2f-6027-6ce8-4ebea86bcba0" testName="StartExportAsync_ShouldIncludeFiltersInTheAuditLogExport_IfAnyApplied (Source name)" computerName="DKSR-EFI-04" duration="00:00:00.0029572" startTime="2023-12-22T09:35:16.7567742+01:00" endTime="2023-12-22T09:35:16.7567742+01:00" testType="13cdc9d9-ddb5-4fa4-a97d-d965ccfc6d4b" outcome="Passed" testListId="8c84fa94-04c1-424b-9868-57a2d4851a1d" relativeResultsDirectory="6b7d152d-d7eb-4915-bf1b-764fb3d2322d" />
    <UnitTestResult executionId="c2f45e4f-fbd8-48d3-85a7-d4e381da2014" testId="5579d6db-d7e5-1505-ede9-9087ed1f4c4f" testName="LogExportStarted_ShouldWriteLogline (System)" computerName="DKSR-EFI-04" duration="00:00:00.0305253" startTime="2023-12-22T09:35:20.3349186+01:00" endTime="2023-12-22T09:35:20.3661671+01:00" testType="13cdc9d9-ddb5-4fa4-a97d-d965ccfc6d4b" outcome="Passed" testListId="8c84fa94-04c1-424b-9868-57a2d4851a1d" relativeResultsDirectory="c2f45e4f-fbd8-48d3-85a7-d4e381da2014" />
    <UnitTestResult executionId="41fb2b59-9894-494f-833f-95fd19815928" testId="90b034e7-f032-9ba4-27dc-bfa47b8a35eb" testName="StartExportAsync_ShouldNotIncludeFiltersInTheAuditLogExport_IfNoFiltersAreApplied (User location)" computerName="DKSR-EFI-04" duration="00:00:00.0016327" startTime="2023-12-22T09:35:16.8036480+01:00" endTime="2023-12-22T09:35:16.8036480+01:00" testType="13cdc9d9-ddb5-4fa4-a97d-d965ccfc6d4b" outcome="Passed" testListId="8c84fa94-04c1-424b-9868-57a2d4851a1d" relativeResultsDirectory="41fb2b59-9894-494f-833f-95fd19815928" />
    <UnitTestResult executionId="feac2549-2e1b-43cf-9d19-c0d6c8e31211" testId="b4e0a762-e757-bae0-5862-b1262dcc1c6f" testName="AutomationId_ShouldNotBeNullOrEmpty" computerName="DKSR-EFI-04" duration="00:00:00.0016285" startTime="2023-12-22T09:35:16.3973977+01:00" endTime="2023-12-22T09:35:16.3973977+01:00" testType="13cdc9d9-ddb5-4fa4-a97d-d965ccfc6d4b" outcome="Passed" testListId="8c84fa94-04c1-424b-9868-57a2d4851a1d" relativeResultsDirectory="feac2549-2e1b-43cf-9d19-c0d6c8e31211" />
    <UnitTestResult executionId="bac7b83b-9e4d-46da-a2b8-a0aceb8d682c" testId="c332d32d-69f4-7eb8-a50f-41fa471a9d91" testName="ToTime_ShouldBeAdjusted_IfFromTimeIsSetToLaterTime" computerName="DKSR-EFI-04" duration="00:00:00.0015189" startTime="2023-12-22T09:35:16.3973977+01:00" endTime="2023-12-22T09:35:16.4130213+01:00" testType="13cdc9d9-ddb5-4fa4-a97d-d965ccfc6d4b" outcome="Passed" testListId="8c84fa94-04c1-424b-9868-57a2d4851a1d" relativeResultsDirectory="bac7b83b-9e4d-46da-a2b8-a0aceb8d682c" />
    <UnitTestResult executionId="b264377c-1f0a-474a-89c9-d2dae9a527fb" testId="ca34cfe8-19ad-129c-d0df-2bac4e6a671f" testName="InitializeCommand_ShouldDisplayErrorMessage_IfGetFilterValuesAsyncResultsInException" computerName="DKSR-EFI-04" duration="00:00:00.0051357" startTime="2023-12-22T09:35:16.5067723+01:00" endTime="2023-12-22T09:35:16.5223977+01:00" testType="13cdc9d9-ddb5-4fa4-a97d-d965ccfc6d4b" outcome="Passed" testListId="8c84fa94-04c1-424b-9868-57a2d4851a1d" relativeResultsDirectory="b264377c-1f0a-474a-89c9-d2dae9a527fb" />
    <UnitTestResult executionId="d4a0bb48-d0ea-448e-8bb4-93b30ab240f7" testId="57ae62f6-95f9-d9c6-ed08-3672f3562bb1" testName="LogExportCompleted_ShouldWriteLogline (Rule)" computerName="DKSR-EFI-04" duration="00:00:00.0281302" startTime="2023-12-22T09:35:20.1161671+01:00" endTime="2023-12-22T09:35:20.1474159+01:00" testType="13cdc9d9-ddb5-4fa4-a97d-d965ccfc6d4b" outcome="Passed" testListId="8c84fa94-04c1-424b-9868-57a2d4851a1d" relativeResultsDirectory="d4a0bb48-d0ea-448e-8bb4-93b30ab240f7" />
    <UnitTestResult executionId="9c8ed17b-8f9b-4a14-8d1b-99abdab7e017" testId="a33aa20a-d1bf-052f-a580-39fd5ed25f44" testName="StartExportAsync_ShouldNotIncludeFiltersInTheRuleTriggeredLogExport_IfNoFiltersAreApplied (Source type)" computerName="DKSR-EFI-04" duration="00:00:00.0018954" startTime="2023-12-22T09:35:16.8505245+01:00" endTime="2023-12-22T09:35:16.8505245+01:00" testType="13cdc9d9-ddb5-4fa4-a97d-d965ccfc6d4b" outcome="Passed" testListId="8c84fa94-04c1-424b-9868-57a2d4851a1d" relativeResultsDirectory="9c8ed17b-8f9b-4a14-8d1b-99abdab7e017" />
    <UnitTestResult executionId="5e4d41a9-456c-4be6-9e82-427f79a82b71" testId="95d8aac3-9120-8d1e-8fd7-948901f91139" testName="LogExportCompletedToken_ShouldRegisterMessages (Audit)" computerName="DKSR-EFI-04" duration="00:00:00.1189424" startTime="2023-12-22T09:35:19.2099116+01:00" endTime="2023-12-22T09:35:19.3192863+01:00" testType="13cdc9d9-ddb5-4fa4-a97d-d965ccfc6d4b" outcome="Passed" testListId="8c84fa94-04c1-424b-9868-57a2d4851a1d" relativeResultsDirectory="5e4d41a9-456c-4be6-9e82-427f79a82b71" />
    <UnitTestResult executionId="821c0d78-435b-4457-8d82-f746e03c9ed6" testId="dde8fcfb-902c-5430-ca76-e13e1d10669c" testName="StartExportAsync_ShouldIncludeFiltersInTheAuditLogExport_IfAnyApplied (Source type)" computerName="DKSR-EFI-04" duration="00:00:00.0026666" startTime="2023-12-22T09:35:16.7567742+01:00" endTime="2023-12-22T09:35:16.7567742+01:00" testType="13cdc9d9-ddb5-4fa4-a97d-d965ccfc6d4b" outcome="Passed" testListId="8c84fa94-04c1-424b-9868-57a2d4851a1d" relativeResultsDirectory="821c0d78-435b-4457-8d82-f746e03c9ed6" />
    <UnitTestResult executionId="80347267-aec3-4165-820a-98492e683b6a" testId="494df25c-ab31-3079-9698-eeb06f71012c" testName="OnScrollChanged_ShouldTriggerFetchingMoreLoglines (False,0,0,False)" computerName="DKSR-EFI-04" duration="00:00:03.1155138" startTime="2023-12-22T09:35:09.8973634+01:00" endTime="2023-12-22T09:35:13.7723834+01:00" testType="13cdc9d9-ddb5-4fa4-a97d-d965ccfc6d4b" outcome="Passed" testListId="8c84fa94-04c1-424b-9868-57a2d4851a1d" relativeResultsDirectory="80347267-aec3-4165-820a-98492e683b6a" />
    <UnitTestResult executionId="b1eaa564-140a-4c16-b3bb-52fdbb25f55d" testId="4b9a16ae-5d37-16ca-5a23-abaf091957f3" testName="LogExportStartedToken_ShouldWriteLogline (Audit)" computerName="DKSR-EFI-04" duration="00:00:00.0260075" startTime="2023-12-22T09:35:20.5224172+01:00" endTime="2023-12-22T09:35:20.5380442+01:00" testType="13cdc9d9-ddb5-4fa4-a97d-d965ccfc6d4b" outcome="Passed" testListId="8c84fa94-04c1-424b-9868-57a2d4851a1d" relativeResultsDirectory="b1eaa564-140a-4c16-b3bb-52fdbb25f55d" />
    <UnitTestResult executionId="92adc17d-fff9-48aa-a715-03e57b5902e3" testId="ba3d77ff-abaa-c9ef-0713-8000d5811174" testName="StartExportAsync_ShouldNotIncludeFiltersInTheAuditLogExport_IfNoFiltersAreApplied (Permission)" computerName="DKSR-EFI-04" duration="00:00:00.0018387" startTime="2023-12-22T09:35:16.7880221+01:00" endTime="2023-12-22T09:35:16.7880221+01:00" testType="13cdc9d9-ddb5-4fa4-a97d-d965ccfc6d4b" outcome="Passed" testListId="8c84fa94-04c1-424b-9868-57a2d4851a1d" relativeResultsDirectory="92adc17d-fff9-48aa-a715-03e57b5902e3" />
    <UnitTestResult executionId="df28c77e-d3fa-4200-9d95-33ca5ba1a0d9" testId="39c3a435-d6af-0a21-0bab-b00c9e2b78d0" testName="ExportCommand_ShouldStartExport" computerName="DKSR-EFI-04" duration="00:00:00.0085966" startTime="2023-12-22T09:35:14.8505163+01:00" endTime="2023-12-22T09:35:14.8505163+01:00" testType="13cdc9d9-ddb5-4fa4-a97d-d965ccfc6d4b" outcome="Passed" testListId="8c84fa94-04c1-424b-9868-57a2d4851a1d" relativeResultsDirectory="df28c77e-d3fa-4200-9d95-33ca5ba1a0d9" />
    <UnitTestResult executionId="7b314038-ac9f-4a83-ad01-2c544839847d" testId="131b6780-72ce-0697-3180-4ff69d75358b" testName="Constructors_ShouldNotAllowInjectionOfNulls" computerName="DKSR-EFI-04" duration="00:00:00.0121903" startTime="2023-12-22T09:35:17.0692757+01:00" endTime="2023-12-22T09:35:17.0849026+01:00" testType="13cdc9d9-ddb5-4fa4-a97d-d965ccfc6d4b" outcome="Passed" testListId="8c84fa94-04c1-424b-9868-57a2d4851a1d" relativeResultsDirectory="7b314038-ac9f-4a83-ad01-2c544839847d" />
    <UnitTestResult executionId="6a1fca00-3d25-4ba8-aea5-8eb6597d1dbf" testId="a938a37d-4ef2-829c-1f99-a5797e83d492" testName="ExportPathErrorMessage_ShouldNotBeNull_IfPathIsInvalid" computerName="DKSR-EFI-04" duration="00:00:00.0037254" startTime="2023-12-22T09:35:14.8661370+01:00" endTime="2023-12-22T09:35:14.8817644+01:00" testType="13cdc9d9-ddb5-4fa4-a97d-d965ccfc6d4b" outcome="Passed" testListId="8c84fa94-04c1-424b-9868-57a2d4851a1d" relativeResultsDirectory="6a1fca00-3d25-4ba8-aea5-8eb6597d1dbf" />
    <UnitTestResult executionId="bc7caba3-1e40-4406-a85b-eedc67a87380" testId="41d63617-722f-2318-e2f3-dbb65350cdba" testName="LogExportCompleted_ShouldRegisterMessages (Unknown)" computerName="DKSR-EFI-04" duration="00:00:00.1293062" startTime="2023-12-22T09:35:18.4599073+01:00" endTime="2023-12-22T09:35:18.5849358+01:00" testType="13cdc9d9-ddb5-4fa4-a97d-d965ccfc6d4b" outcome="Passed" testListId="8c84fa94-04c1-424b-9868-57a2d4851a1d" relativeResultsDirectory="bc7caba3-1e40-4406-a85b-eedc67a87380" />
    <UnitTestResult executionId="ef359b1e-5e94-4c12-83a5-8433ee36afcb" testId="b0531a94-776b-6394-02a1-ffe9fd4ea1d9" testName="StartExportAsync_ShouldNotIncludeFiltersInTheSystemLogExport_IfNoFiltersAreApplied (Source type)" computerName="DKSR-EFI-04" duration="00:00:00.0016039" startTime="2023-12-22T09:35:16.7260853+01:00" endTime="2023-12-22T09:35:16.7260853+01:00" testType="13cdc9d9-ddb5-4fa4-a97d-d965ccfc6d4b" outcome="Passed" testListId="8c84fa94-04c1-424b-9868-57a2d4851a1d" relativeResultsDirectory="ef359b1e-5e94-4c12-83a5-8433ee36afcb" />
    <UnitTestResult executionId="d8ce2ba7-74b6-45a4-a70c-546f52950fe8" testId="8c45dbfe-56ff-d955-7ae7-c04fd74409c5" testName="LogExportCompletedToken_ShouldRegisterSourceType (Unknown)" computerName="DKSR-EFI-04" duration="00:00:00.0899258" startTime="2023-12-22T09:35:18.1161545+01:00" endTime="2023-12-22T09:35:18.1942832+01:00" testType="13cdc9d9-ddb5-4fa4-a97d-d965ccfc6d4b" outcome="Passed" testListId="8c84fa94-04c1-424b-9868-57a2d4851a1d" relativeResultsDirectory="d8ce2ba7-74b6-45a4-a70c-546f52950fe8" />
    <UnitTestResult executionId="f909961d-9cf3-45ea-a434-6bffd47edaf9" testId="abcb749e-e15c-9eb9-6fea-c2bdecada892" testName="NumberOfAppliedFilters_ShouldBeZero_IfNoFiltersApplied" computerName="DKSR-EFI-04" duration="00:00:00.0119648" startTime="2023-12-22T09:35:14.9442639+01:00" endTime="2023-12-22T09:35:14.9598898+01:00" testType="13cdc9d9-ddb5-4fa4-a97d-d965ccfc6d4b" outcome="Passed" testListId="8c84fa94-04c1-424b-9868-57a2d4851a1d" relativeResultsDirectory="f909961d-9cf3-45ea-a434-6bffd47edaf9" />
    <UnitTestResult executionId="a3e75ce6-dd59-416c-8bbc-5e1d11385e98" testId="ce330a3a-d115-ba5c-dc19-43f1531e4548" testName="InitializeCommand_ShouldDisplayErrorMessage_IfGetFilterValuesAsyncResultsInException" computerName="DKSR-EFI-04" duration="00:00:00.0057636" startTime="2023-12-22T09:35:14.2723860+01:00" endTime="2023-12-22T09:35:14.2880114+01:00" testType="13cdc9d9-ddb5-4fa4-a97d-d965ccfc6d4b" outcome="Passed" testListId="8c84fa94-04c1-424b-9868-57a2d4851a1d" relativeResultsDirectory="a3e75ce6-dd59-416c-8bbc-5e1d11385e98" />
    <UnitTestResult executionId="034a39df-6c08-47ef-8391-e9019a17b886" testId="4ebedce6-a5c7-e645-0024-a816dbb8d51d" testName="ToTime_ShouldBeAdjusted_IfFromTimeIsSetToLaterTime" computerName="DKSR-EFI-04" duration="00:00:00.0017328" startTime="2023-12-22T09:35:16.2723946+01:00" endTime="2023-12-22T09:35:16.2723946+01:00" testType="13cdc9d9-ddb5-4fa4-a97d-d965ccfc6d4b" outcome="Passed" testListId="8c84fa94-04c1-424b-9868-57a2d4851a1d" relativeResultsDirectory="034a39df-6c08-47ef-8391-e9019a17b886" />
    <UnitTestResult executionId="f8f36c24-a1a3-4c0b-b123-a34c5ee0e2e2" testId="d00f2619-a28c-b497-01df-50049ceeb2de" testName="ClearFiltersCommand_ShouldToggleDisplayingOfAppliedFiltersToFalse" computerName="DKSR-EFI-04" duration="00:00:00.0031056" startTime="2023-12-22T09:35:16.1161455+01:00" endTime="2023-12-22T09:35:16.1317716+01:00" testType="13cdc9d9-ddb5-4fa4-a97d-d965ccfc6d4b" outcome="Passed" testListId="8c84fa94-04c1-424b-9868-57a2d4851a1d" relativeResultsDirectory="f8f36c24-a1a3-4c0b-b123-a34c5ee0e2e2" />
    <UnitTestResult executionId="c44d7965-331f-446d-b0dd-29a749bc4769" testId="d55f7045-cb14-0f93-4610-ae875d162f50" testName="IsExportCompleted_ShouldBeTrue_IfExportHasFinished" computerName="DKSR-EFI-04" duration="00:00:00.0033032" startTime="2023-12-22T09:35:16.5848968+01:00" endTime="2023-12-22T09:35:16.5848968+01:00" testType="13cdc9d9-ddb5-4fa4-a97d-d965ccfc6d4b" outcome="Passed" testListId="8c84fa94-04c1-424b-9868-57a2d4851a1d" relativeResultsDirectory="c44d7965-331f-446d-b0dd-29a749bc4769" />
    <UnitTestResult executionId="3a3c0220-45a1-46c4-9645-2a31489d5a71" testId="f5fac959-c014-35f1-9d8d-7ec9c73ac445" testName="LogExportCompleted_ShouldRegisterMessageIn2LanguagesIfFound" computerName="DKSR-EFI-04" duration="00:00:00.5419256" startTime="2023-12-22T09:35:19.4442878+01:00" endTime="2023-12-22T09:35:19.9911656+01:00" testType="13cdc9d9-ddb5-4fa4-a97d-d965ccfc6d4b" outcome="Passed" testListId="8c84fa94-04c1-424b-9868-57a2d4851a1d" relativeResultsDirectory="3a3c0220-45a1-46c4-9645-2a31489d5a71" />
    <UnitTestResult executionId="21cda12c-ccd8-4bac-aff0-48be799642d7" testId="24973383-9d5c-27aa-3427-ab5802340e79" testName="ExportNameErrorMessage_ShouldNotBeNull_IfNameContainsInvalidCharacter (&lt;)" computerName="DKSR-EFI-04" duration="00:00:00.0013144" startTime="2023-12-22T09:35:14.5536389+01:00" endTime="2023-12-22T09:35:14.5536389+01:00" testType="13cdc9d9-ddb5-4fa4-a97d-d965ccfc6d4b" outcome="Passed" testListId="8c84fa94-04c1-424b-9868-57a2d4851a1d" relativeResultsDirectory="21cda12c-ccd8-4bac-aff0-48be799642d7" />
    <UnitTestResult executionId="591a0e0c-d225-4c2e-bd88-77ade3b6c40e" testId="f3aff6bd-0f55-e38d-3afe-49f1127fe0bf" testName="LogExportStarted_ShouldGenerateCorrectParameters (Audit)" computerName="DKSR-EFI-04" duration="00:00:00.0353271" startTime="2023-12-22T09:35:21.3036728+01:00" endTime="2023-12-22T09:35:21.3349218+01:00" testType="13cdc9d9-ddb5-4fa4-a97d-d965ccfc6d4b" outcome="Passed" testListId="8c84fa94-04c1-424b-9868-57a2d4851a1d" relativeResultsDirectory="591a0e0c-d225-4c2e-bd88-77ade3b6c40e" />
    <UnitTestResult executionId="49e930e1-cb92-4fde-83ec-f5f9c5f4a0cc" testId="27c9e1cd-91bb-4d47-c4ee-d4769f21248b" testName="LogExportCanceledToken_ShouldWriteLogline (Rule)" computerName="DKSR-EFI-04" duration="00:00:00.0336163" startTime="2023-12-22T09:35:20.8349200+01:00" endTime="2023-12-22T09:35:20.8817957+01:00" testType="13cdc9d9-ddb5-4fa4-a97d-d965ccfc6d4b" outcome="Passed" testListId="8c84fa94-04c1-424b-9868-57a2d4851a1d" relativeResultsDirectory="49e930e1-cb92-4fde-83ec-f5f9c5f4a0cc" />
    <UnitTestResult executionId="e37e9ca8-9e46-4a95-ac62-d97800dc8407" testId="46af012b-c08a-abec-31e4-7119fc4686f3" testName="ApplyFiltersCommand_ShouldSetTotalLoglinesCountValueTo100_WhenStartQuerySessionReturns100" computerName="DKSR-EFI-04" duration="00:00:00.0031149" startTime="2023-12-22T09:35:14.1630087+01:00" endTime="2023-12-22T09:35:14.1630087+01:00" testType="13cdc9d9-ddb5-4fa4-a97d-d965ccfc6d4b" outcome="Passed" testListId="8c84fa94-04c1-424b-9868-57a2d4851a1d" relativeResultsDirectory="e37e9ca8-9e46-4a95-ac62-d97800dc8407" />
    <UnitTestResult executionId="bffb333e-67a6-4a6e-9e4e-232533b72585" testId="91dbdb34-2778-3e62-1726-23e9dbe006bb" testName="StartExportAsync_ShouldIncludeFiltersInTheRuleTriggeredLogExport_IfAnyApplied (Rule name)" computerName="DKSR-EFI-04" duration="00:00:00.0028891" startTime="2023-12-22T09:35:16.8192774+01:00" endTime="2023-12-22T09:35:16.8349004+01:00" testType="13cdc9d9-ddb5-4fa4-a97d-d965ccfc6d4b" outcome="Passed" testListId="8c84fa94-04c1-424b-9868-57a2d4851a1d" relativeResultsDirectory="bffb333e-67a6-4a6e-9e4e-232533b72585" />
    <UnitTestResult executionId="cae15dbd-e3d4-4dd2-93ce-64beb738867d" testId="23b83e59-b71a-c931-5aaa-959a06972edc" testName="CancelCommand_ShouldStopTheExport_IfItsInProgress" computerName="DKSR-EFI-04" duration="00:00:00.1004932" startTime="2023-12-22T09:35:14.7255117+01:00" endTime="2023-12-22T09:35:14.8192653+01:00" testType="13cdc9d9-ddb5-4fa4-a97d-d965ccfc6d4b" outcome="Passed" testListId="8c84fa94-04c1-424b-9868-57a2d4851a1d" relativeResultsDirectory="cae15dbd-e3d4-4dd2-93ce-64beb738867d" />
    <UnitTestResult executionId="d24221c0-b407-455c-baff-a2cd05e4afbd" testId="e35afa8f-18a8-fe75-188d-fb04ec177cd3" testName="LogExportCanceledToken_ShouldGenerateCorrectParameters (System)" computerName="DKSR-EFI-04" duration="00:00:00.0386395" startTime="2023-12-22T09:35:21.7724266+01:00" endTime="2023-12-22T09:35:21.8192988+01:00" testType="13cdc9d9-ddb5-4fa4-a97d-d965ccfc6d4b" outcome="Passed" testListId="8c84fa94-04c1-424b-9868-57a2d4851a1d" relativeResultsDirectory="d24221c0-b407-455c-baff-a2cd05e4afbd" />
    <UnitTestResult executionId="4ec48c49-89ac-4b1d-b44d-eb35756cb59f" testId="a80d2c88-6278-67cf-27d3-cf05ec5e6f40" testName="LogExportCompletedToken_ShouldWriteLogline (System)" computerName="DKSR-EFI-04" duration="00:00:00.0309907" startTime="2023-12-22T09:35:20.1786669+01:00" endTime="2023-12-22T09:35:20.2099153+01:00" testType="13cdc9d9-ddb5-4fa4-a97d-d965ccfc6d4b" outcome="Passed" testListId="8c84fa94-04c1-424b-9868-57a2d4851a1d" relativeResultsDirectory="4ec48c49-89ac-4b1d-b44d-eb35756cb59f" />
    <UnitTestResult executionId="a8b44945-6b07-4225-9531-df775abd9efc" testId="57f407e4-4761-45b2-86e5-d53b85b7a587" testName="Constructors_ShouldNotAllowInjectionOfNulls" computerName="DKSR-EFI-04" duration="00:00:00.0346505" startTime="2023-12-22T09:35:13.8973840+01:00" endTime="2023-12-22T09:35:13.9286336+01:00" testType="13cdc9d9-ddb5-4fa4-a97d-d965ccfc6d4b" outcome="Passed" testListId="8c84fa94-04c1-424b-9868-57a2d4851a1d" relativeResultsDirectory="a8b44945-6b07-4225-9531-df775abd9efc" />
    <UnitTestResult executionId="80abee48-e7f5-4015-b932-a5d58c565f0e" testId="50cb0ca5-4453-9643-3dd1-34e35a5e9542" testName="LogExportCompletedToken_ShouldRegisterSourceType (Rule)" computerName="DKSR-EFI-04" duration="00:00:00.0826979" startTime="2023-12-22T09:35:18.3661560+01:00" endTime="2023-12-22T09:35:18.4599073+01:00" testType="13cdc9d9-ddb5-4fa4-a97d-d965ccfc6d4b" outcome="Passed" testListId="8c84fa94-04c1-424b-9868-57a2d4851a1d" relativeResultsDirectory="80abee48-e7f5-4015-b932-a5d58c565f0e" />
    <UnitTestResult executionId="06da17cb-23d9-4f8a-8a4a-f3de94bd3e3d" testId="59e800ea-24c2-12cd-f0ad-9356d3ab7127" testName="NumberOfAppliedFilters_ShouldBeZero_IfFilterItemsAreNotLoaded" computerName="DKSR-EFI-04" duration="00:00:00.0017399" startTime="2023-12-22T09:35:14.9598898+01:00" endTime="2023-12-22T09:35:14.9598898+01:00" testType="13cdc9d9-ddb5-4fa4-a97d-d965ccfc6d4b" outcome="Passed" testListId="8c84fa94-04c1-424b-9868-57a2d4851a1d" relativeResultsDirectory="06da17cb-23d9-4f8a-8a4a-f3de94bd3e3d" />
    <UnitTestResult executionId="8770d406-0fb9-43a1-bfdb-59b4ae43e06f" testId="f4113b67-f170-fc6d-547f-f26f2c11205f" testName="Dispose_ShouldEndStartedQuerySession" computerName="DKSR-EFI-04" duration="00:00:00.0026400" startTime="2023-12-22T09:35:16.5223977+01:00" endTime="2023-12-22T09:35:16.5223977+01:00" testType="13cdc9d9-ddb5-4fa4-a97d-d965ccfc6d4b" outcome="Passed" testListId="8c84fa94-04c1-424b-9868-57a2d4851a1d" relativeResultsDirectory="8770d406-0fb9-43a1-bfdb-59b4ae43e06f" />
    <UnitTestResult executionId="cd8773e4-717f-49f0-ac8a-cb5ea47d9bbb" testId="58b0c98d-5719-4d52-0db6-3f6cc9feb12b" testName="FilterItems_ShouldDisplayOnlyAppliedFiltersThatStartsWithSearchText_WhenDisplayingOnlyAppliedFiltersIsOnAndSearchTextIsNotEmpty" computerName="DKSR-EFI-04" duration="00:00:00.0104313" startTime="2023-12-22T09:35:15.0067663+01:00" endTime="2023-12-22T09:35:15.0067663+01:00" testType="13cdc9d9-ddb5-4fa4-a97d-d965ccfc6d4b" outcome="Passed" testListId="8c84fa94-04c1-424b-9868-57a2d4851a1d" relativeResultsDirectory="cd8773e4-717f-49f0-ac8a-cb5ea47d9bbb" />
    <UnitTestResult executionId="948d7e35-3e02-4b2f-bb5a-110a9bb02bb8" testId="d4a7e8af-a8a5-68e4-52b9-ebc6a68e378e" testName="LogExportCompleted_ShouldWriteLogline (System)" computerName="DKSR-EFI-04" duration="00:00:00.0329113" startTime="2023-12-22T09:35:20.0380388+01:00" endTime="2023-12-22T09:35:20.0692898+01:00" testType="13cdc9d9-ddb5-4fa4-a97d-d965ccfc6d4b" outcome="Passed" testListId="8c84fa94-04c1-424b-9868-57a2d4851a1d" relativeResultsDirectory="948d7e35-3e02-4b2f-bb5a-110a9bb02bb8" />
    <UnitTestResult executionId="f3ee570c-e648-4949-ac9b-1211324676a4" testId="8ce7b07a-e9c9-4f32-28f5-7986dbb6c536" testName="ExportProgress_ShouldBe100_IfExportHasBeenCompleted" computerName="DKSR-EFI-04" duration="00:00:00.0269116" startTime="2023-12-22T09:35:16.5848968+01:00" endTime="2023-12-22T09:35:16.6161482+01:00" testType="13cdc9d9-ddb5-4fa4-a97d-d965ccfc6d4b" outcome="Passed" testListId="8c84fa94-04c1-424b-9868-57a2d4851a1d" relativeResultsDirectory="f3ee570c-e648-4949-ac9b-1211324676a4" />
    <UnitTestResult executionId="8475272a-b18b-420d-886c-261c315044ed" testId="b3945edc-b4c1-82dc-eb15-4f9f8e26cd8e" testName="LogExportCompletedToken_ShouldGenerateCorrectParameters (Rule)" computerName="DKSR-EFI-04" duration="00:00:00.0400846" startTime="2023-12-22T09:35:21.1630449+01:00" endTime="2023-12-22T09:35:21.2099224+01:00" testType="13cdc9d9-ddb5-4fa4-a97d-d965ccfc6d4b" outcome="Passed" testListId="8c84fa94-04c1-424b-9868-57a2d4851a1d" relativeResultsDirectory="8475272a-b18b-420d-886c-261c315044ed" />
    <UnitTestResult executionId="03ace1af-e537-4df5-b2ff-bf54c66851f7" testId="ca312ef0-14f4-447d-80ca-9a48a81d9535" testName="LogExportCompletedToken_ShouldGenerateCorrectParameters (System)" computerName="DKSR-EFI-04" duration="00:00:00.0392218" startTime="2023-12-22T09:35:21.0849188+01:00" endTime="2023-12-22T09:35:21.1161715+01:00" testType="13cdc9d9-ddb5-4fa4-a97d-d965ccfc6d4b" outcome="Passed" testListId="8c84fa94-04c1-424b-9868-57a2d4851a1d" relativeResultsDirectory="03ace1af-e537-4df5-b2ff-bf54c66851f7" />
    <UnitTestResult executionId="5d8bdf84-1a53-40d1-bd30-178403b3f79f" testId="3450b5ea-8e1a-df85-811e-9f3db8140adf" testName="FetchLoglinesAsync_ShouldNotModify_WhatILogReaderProvides" computerName="DKSR-EFI-04" duration="00:00:00.0103892" startTime="2023-12-22T09:35:16.2880205+01:00" endTime="2023-12-22T09:35:16.2880205+01:00" testType="13cdc9d9-ddb5-4fa4-a97d-d965ccfc6d4b" outcome="Passed" testListId="8c84fa94-04c1-424b-9868-57a2d4851a1d" relativeResultsDirectory="5d8bdf84-1a53-40d1-bd30-178403b3f79f" />
    <UnitTestResult executionId="bb817971-df3f-4af0-bc8c-5fc506943fc2" testId="319a4f04-e6a6-6df1-f2b0-d04ca1ddd696" testName="LogExportCompletedToken_ShouldRegisterCategory (Audit)" computerName="DKSR-EFI-04" duration="00:00:00.0548362" startTime="2023-12-22T09:35:17.6005300+01:00" endTime="2023-12-22T09:35:17.6474041+01:00" testType="13cdc9d9-ddb5-4fa4-a97d-d965ccfc6d4b" outcome="Passed" testListId="8c84fa94-04c1-424b-9868-57a2d4851a1d" relativeResultsDirectory="bb817971-df3f-4af0-bc8c-5fc506943fc2" />
    <UnitTestResult executionId="94a2342d-65b2-4d50-b3a8-e1dcaa01c329" testId="b3899c15-ad06-08b0-1478-2a2eb5c9237c" testName="ClearFilter_ShouldPopulateFiltersCollectionWithAllFilterItemsExceptGivenOne_WhenAllWerePreviouslySelected" computerName="DKSR-EFI-04" duration="00:00:00.0023397" startTime="2023-12-22T09:35:15.0692659+01:00" endTime="2023-12-22T09:35:15.0692659+01:00" testType="13cdc9d9-ddb5-4fa4-a97d-d965ccfc6d4b" outcome="Passed" testListId="8c84fa94-04c1-424b-9868-57a2d4851a1d" relativeResultsDirectory="94a2342d-65b2-4d50-b3a8-e1dcaa01c329" />
    <UnitTestResult executionId="b0b82135-344d-4f60-be6a-5e021584da68" testId="e54ed4ba-d89b-a9d5-364a-a66ae8ee81cc" testName="InitializeCommand_ShouldDoInitialFetchOfLogs" computerName="DKSR-EFI-04" duration="00:00:00.0498340" startTime="2023-12-22T09:35:14.2255117+01:00" endTime="2023-12-22T09:35:14.2723860+01:00" testType="13cdc9d9-ddb5-4fa4-a97d-d965ccfc6d4b" outcome="Passed" testListId="8c84fa94-04c1-424b-9868-57a2d4851a1d" relativeResultsDirectory="b0b82135-344d-4f60-be6a-5e021584da68" />
    <UnitTestResult executionId="c47bf1dc-0d21-4246-a552-0eda9793807c" testId="2cf32896-49e0-12a4-cb75-3843a913b5a3" testName="StartExportAsync_ShouldIncludeFiltersInTheSystemLogExport_IfAnyApplied (Event type)" computerName="DKSR-EFI-04" duration="00:00:00.0030612" startTime="2023-12-22T09:35:16.7098983+01:00" endTime="2023-12-22T09:35:16.7098983+01:00" testType="13cdc9d9-ddb5-4fa4-a97d-d965ccfc6d4b" outcome="Passed" testListId="8c84fa94-04c1-424b-9868-57a2d4851a1d" relativeResultsDirectory="c47bf1dc-0d21-4246-a552-0eda9793807c" />
    <UnitTestResult executionId="e85d86e7-27a9-4a46-8969-319376330d6b" testId="acbca94e-4023-0e4f-af60-f647afe1dc60" testName="LogExportCompleted_ShouldRegisterCategory (Rule)" computerName="DKSR-EFI-04" duration="00:00:00.0500745" startTime="2023-12-22T09:35:17.3974027+01:00" endTime="2023-12-22T09:35:17.4442798+01:00" testType="13cdc9d9-ddb5-4fa4-a97d-d965ccfc6d4b" outcome="Passed" testListId="8c84fa94-04c1-424b-9868-57a2d4851a1d" relativeResultsDirectory="e85d86e7-27a9-4a46-8969-319376330d6b" />
    <UnitTestResult executionId="bab048c9-b81d-4048-bd14-3a4d79b4f78f" testId="e0eb380b-86d2-f5b0-0c5a-b99892d3e326" testName="LogExportCanceled_ShouldGenerateCorrectParameters (Rule)" computerName="DKSR-EFI-04" duration="00:00:00.0410113" startTime="2023-12-22T09:35:21.6786747+01:00" endTime="2023-12-22T09:35:21.7255529+01:00" testType="13cdc9d9-ddb5-4fa4-a97d-d965ccfc6d4b" outcome="Passed" testListId="8c84fa94-04c1-424b-9868-57a2d4851a1d" relativeResultsDirectory="bab048c9-b81d-4048-bd14-3a4d79b4f78f" />
    <UnitTestResult executionId="5e4f43b1-88ea-43f9-8584-3293aac1553e" testId="44926e15-2a81-d33c-d39d-a458d53ad743" testName="OnScrollChanged_ShouldTriggerFetchingMoreLoglines (True,100,100,True)" computerName="DKSR-EFI-04" duration="00:00:00.0289341" startTime="2023-12-22T09:35:13.8661349+01:00" endTime="2023-12-22T09:35:13.8973840+01:00" testType="13cdc9d9-ddb5-4fa4-a97d-d965ccfc6d4b" outcome="Passed" testListId="8c84fa94-04c1-424b-9868-57a2d4851a1d" relativeResultsDirectory="5e4f43b1-88ea-43f9-8584-3293aac1553e" />
    <UnitTestResult executionId="50c07239-11e6-4d30-8df6-8a7275b1a3b5" testId="aab1f6c5-c02d-5ec4-753c-bc7333feb735" testName="StartExportAsync_ShouldNotIncludeFiltersInTheRuleTriggeredLogExport_IfNoFiltersAreApplied (Category)" computerName="DKSR-EFI-04" duration="00:00:00.0038375" startTime="2023-12-22T09:35:16.8349004+01:00" endTime="2023-12-22T09:35:16.8505245+01:00" testType="13cdc9d9-ddb5-4fa4-a97d-d965ccfc6d4b" outcome="Passed" testListId="8c84fa94-04c1-424b-9868-57a2d4851a1d" relativeResultsDirectory="50c07239-11e6-4d30-8df6-8a7275b1a3b5" />
    <UnitTestResult executionId="8399c5c7-a5b1-4156-9c2d-723235d8da84" testId="30ee63b7-20cc-e945-fb91-811222937f3a" testName="LogExportCanceledToken_ShouldGenerateCorrectParameters (Unknown)" computerName="DKSR-EFI-04" duration="00:00:00.0399606" startTime="2023-12-22T09:35:21.7255529+01:00" endTime="2023-12-22T09:35:21.7724266+01:00" testType="13cdc9d9-ddb5-4fa4-a97d-d965ccfc6d4b" outcome="Passed" testListId="8c84fa94-04c1-424b-9868-57a2d4851a1d" relativeResultsDirectory="8399c5c7-a5b1-4156-9c2d-723235d8da84" />
    <UnitTestResult executionId="774c1ec5-3032-428f-9ddc-179b2d343d4b" testId="bb4778d6-27b2-176c-68e5-02c38c73ea88" testName="Constructors_ShouldNotAllowInjectionOfNulls" computerName="DKSR-EFI-04" duration="00:00:00.0225838" startTime="2023-12-22T09:35:14.9130162+01:00" endTime="2023-12-22T09:35:14.9286383+01:00" testType="13cdc9d9-ddb5-4fa4-a97d-d965ccfc6d4b" outcome="Passed" testListId="8c84fa94-04c1-424b-9868-57a2d4851a1d" relativeResultsDirectory="774c1ec5-3032-428f-9ddc-179b2d343d4b" />
    <UnitTestResult executionId="1b332140-e7df-4042-9fb8-7da2f52998fd" testId="dab7dede-4c82-1f90-7cfd-8dee6801a09f" testName="LogExportCompletedToken_ShouldRegisterCategory (Rule)" computerName="DKSR-EFI-04" duration="00:00:00.0454790" startTime="2023-12-22T09:35:17.6630308+01:00" endTime="2023-12-22T09:35:17.7099043+01:00" testType="13cdc9d9-ddb5-4fa4-a97d-d965ccfc6d4b" outcome="Passed" testListId="8c84fa94-04c1-424b-9868-57a2d4851a1d" relativeResultsDirectory="1b332140-e7df-4042-9fb8-7da2f52998fd" />
    <UnitTestResult executionId="fe055538-5e58-4a77-b293-b004d4507267" testId="ccab813f-7695-9245-f20d-f7fc3e92ed1f" testName="FetchLoglinesAsync_ShouldDisplayErrorMessage_IfFetchLoglinesAsyncResultsInException" computerName="DKSR-EFI-04" duration="00:00:00.0039020" startTime="2023-12-22T09:35:16.3348971+01:00" endTime="2023-12-22T09:35:16.3348971+01:00" testType="13cdc9d9-ddb5-4fa4-a97d-d965ccfc6d4b" outcome="Passed" testListId="8c84fa94-04c1-424b-9868-57a2d4851a1d" relativeResultsDirectory="fe055538-5e58-4a77-b293-b004d4507267" />
    <UnitTestResult executionId="eefe658a-e550-470f-9951-3d6f8337834b" testId="8398e35d-199b-4b63-75ce-8cb0a5ae5f6f" testName="LogExportCanceledToken_ShouldWriteLogline (System)" computerName="DKSR-EFI-04" duration="00:00:00.0340326" startTime="2023-12-22T09:35:20.7724186+01:00" endTime="2023-12-22T09:35:20.8036717+01:00" testType="13cdc9d9-ddb5-4fa4-a97d-d965ccfc6d4b" outcome="Passed" testListId="8c84fa94-04c1-424b-9868-57a2d4851a1d" relativeResultsDirectory="eefe658a-e550-470f-9951-3d6f8337834b" />
    <UnitTestResult executionId="08631340-a784-4512-a805-c1d5e55fd3bd" testId="6dd142c2-4fa9-8c8e-8a89-7812d8589c04" testName="Dispose_ShouldEndStartedQuerySession" computerName="DKSR-EFI-04" duration="00:00:00.0094712" startTime="2023-12-22T09:35:14.2880114+01:00" endTime="2023-12-22T09:35:14.3036356+01:00" testType="13cdc9d9-ddb5-4fa4-a97d-d965ccfc6d4b" outcome="Passed" testListId="8c84fa94-04c1-424b-9868-57a2d4851a1d" relativeResultsDirectory="08631340-a784-4512-a805-c1d5e55fd3bd" />
    <UnitTestResult executionId="e6509e7d-945b-428a-b4b1-f8d5df9e677c" testId="2e75c949-3e69-abd0-4244-93d6fd5a6c18" testName="LogExportCanceled_ShouldGenerateCorrectParameters (Audit)" computerName="DKSR-EFI-04" duration="00:00:00.0382090" startTime="2023-12-22T09:35:21.6474234+01:00" endTime="2023-12-22T09:35:21.6786747+01:00" testType="13cdc9d9-ddb5-4fa4-a97d-d965ccfc6d4b" outcome="Passed" testListId="8c84fa94-04c1-424b-9868-57a2d4851a1d" relativeResultsDirectory="e6509e7d-945b-428a-b4b1-f8d5df9e677c" />
    <UnitTestResult executionId="558cf7f9-cb5b-4820-a79c-5265aa82f454" testId="e006e369-cdcf-10d4-bbb4-105fbc142dfd" testName="StartExportAsync_ShouldIncludeFiltersInTheAuditLogExport_IfAnyApplied (Category)" computerName="DKSR-EFI-04" duration="00:00:00.0056778" startTime="2023-12-22T09:35:16.7411524+01:00" endTime="2023-12-22T09:35:16.7411524+01:00" testType="13cdc9d9-ddb5-4fa4-a97d-d965ccfc6d4b" outcome="Passed" testListId="8c84fa94-04c1-424b-9868-57a2d4851a1d" relativeResultsDirectory="558cf7f9-cb5b-4820-a79c-5265aa82f454" />
    <UnitTestResult executionId="d56102cc-e6d7-4820-b553-25e6cd2eef9a" testId="92225fc8-16dd-2374-6ab7-a29bb5f3b8fe" testName="IsClearSearchVisible_ShouldBeFalse_IfSearchTextIsEmpty" computerName="DKSR-EFI-04" duration="00:00:00.0030586" startTime="2023-12-22T09:35:14.9911417+01:00" endTime="2023-12-22T09:35:14.9911417+01:00" testType="13cdc9d9-ddb5-4fa4-a97d-d965ccfc6d4b" outcome="Passed" testListId="8c84fa94-04c1-424b-9868-57a2d4851a1d" relativeResultsDirectory="d56102cc-e6d7-4820-b553-25e6cd2eef9a" />
    <UnitTestResult executionId="652214bd-192d-47ad-a85a-a9fadd94adac" testId="61113905-133a-3e1c-d043-8e101e2fd4ec" testName="ExportPathErrorMessage__ShouldBeNull_IfPathIsValid" computerName="DKSR-EFI-04" duration="00:00:00.0042203" startTime="2023-12-22T09:35:14.8505163+01:00" endTime="2023-12-22T09:35:14.8661370+01:00" testType="13cdc9d9-ddb5-4fa4-a97d-d965ccfc6d4b" outcome="Passed" testListId="8c84fa94-04c1-424b-9868-57a2d4851a1d" relativeResultsDirectory="652214bd-192d-47ad-a85a-a9fadd94adac" />
    <UnitTestResult executionId="3b2f814f-16cd-4e07-b3a1-b253f0b61413" testId="55806f1e-9f22-44c5-8e7c-a2e4d400c793" testName="ClearSearchCommand_ShouldClearSearchTextBox" computerName="DKSR-EFI-04" duration="00:00:00.0031783" startTime="2023-12-22T09:35:16.1317716+01:00" endTime="2023-12-22T09:35:16.1473934+01:00" testType="13cdc9d9-ddb5-4fa4-a97d-d965ccfc6d4b" outcome="Passed" testListId="8c84fa94-04c1-424b-9868-57a2d4851a1d" relativeResultsDirectory="3b2f814f-16cd-4e07-b3a1-b253f0b61413" />
    <UnitTestResult executionId="e14e29a7-18c2-4901-b929-56e15f5cb697" testId="e67b9597-62fd-d5dd-9723-961315f60ecd" testName="Constructors_ShouldNotAllowInjectionOfNulls" computerName="DKSR-EFI-04" duration="00:00:00.0122160" startTime="2023-12-22T09:35:16.5223977+01:00" endTime="2023-12-22T09:35:16.5380213+01:00" testType="13cdc9d9-ddb5-4fa4-a97d-d965ccfc6d4b" outcome="Passed" testListId="8c84fa94-04c1-424b-9868-57a2d4851a1d" relativeResultsDirectory="e14e29a7-18c2-4901-b929-56e15f5cb697" />
    <UnitTestResult executionId="1e1fb6d6-409a-4814-88b4-199a8f83bf1f" testId="ed36d44e-4200-e799-fc12-f629ea491ec5" testName="ApplyCommand_ShouldAddSelectedItemsToFilters" computerName="DKSR-EFI-04" duration="00:00:00.0124862" startTime="2023-12-22T09:35:16.0848974+01:00" endTime="2023-12-22T09:35:16.1005222+01:00" testType="13cdc9d9-ddb5-4fa4-a97d-d965ccfc6d4b" outcome="Passed" testListId="8c84fa94-04c1-424b-9868-57a2d4851a1d" relativeResultsDirectory="1e1fb6d6-409a-4814-88b4-199a8f83bf1f" />
    <UnitTestResult executionId="5544348e-a411-4122-a08f-c6a495ed0891" testId="7af781cd-399d-ab95-7bf8-2c61d76a11b4" testName="Constructors_ShouldNotAllowInjectionOfNulls" computerName="DKSR-EFI-04" duration="00:00:00.0015987" startTime="2023-12-22T09:35:16.2567712+01:00" endTime="2023-12-22T09:35:16.2567712+01:00" testType="13cdc9d9-ddb5-4fa4-a97d-d965ccfc6d4b" outcome="Passed" testListId="8c84fa94-04c1-424b-9868-57a2d4851a1d" relativeResultsDirectory="5544348e-a411-4122-a08f-c6a495ed0891" />
    <UnitTestResult executionId="95b611ad-1f9b-477c-87e1-97195a660b45" testId="2160afc6-ea21-09b1-6055-1f646d8e20af" testName="FetchLoglinesAsync_ShouldNotFetchMoreLoglines_IfAllLoglinesAreAlreadyFetched" computerName="DKSR-EFI-04" duration="00:00:00.0117707" startTime="2023-12-22T09:35:16.3192716+01:00" endTime="2023-12-22T09:35:16.3348971+01:00" testType="13cdc9d9-ddb5-4fa4-a97d-d965ccfc6d4b" outcome="Passed" testListId="8c84fa94-04c1-424b-9868-57a2d4851a1d" relativeResultsDirectory="95b611ad-1f9b-477c-87e1-97195a660b45" />
    <UnitTestResult executionId="e5858b60-8734-4321-a6eb-d4b164e77af1" testId="0078f6a4-8b3a-f044-0781-bb221f605c9c" testName="LogExportCompleted_ShouldRegisterSourceType (Unknown)" computerName="DKSR-EFI-04" duration="00:00:00.0995187" startTime="2023-12-22T09:35:17.7099043+01:00" endTime="2023-12-22T09:35:17.8192792+01:00" testType="13cdc9d9-ddb5-4fa4-a97d-d965ccfc6d4b" outcome="Passed" testListId="8c84fa94-04c1-424b-9868-57a2d4851a1d" relativeResultsDirectory="e5858b60-8734-4321-a6eb-d4b164e77af1" />
    <UnitTestResult executionId="5efd12b4-052e-4acf-bd1e-dbee5b838d7f" testId="a86b19d1-7d54-77e4-cbda-8b991fbdd349" testName="NumberOfAppliedFilters_ShouldBeTwo_IfNumberOfAppliedFiltersIsTwo" computerName="DKSR-EFI-04" duration="00:00:00.0034554" startTime="2023-12-22T09:35:14.9598898+01:00" endTime="2023-12-22T09:35:14.9755151+01:00" testType="13cdc9d9-ddb5-4fa4-a97d-d965ccfc6d4b" outcome="Passed" testListId="8c84fa94-04c1-424b-9868-57a2d4851a1d" relativeResultsDirectory="5efd12b4-052e-4acf-bd1e-dbee5b838d7f" />
    <UnitTestResult executionId="b6cc1dad-bf3d-4e74-8b83-64a57b9d1f5e" testId="c6e2fe10-6374-0330-3a55-32e9451857d1" testName="LogExportCompleted_ShouldRegisterMessages (Audit)" computerName="DKSR-EFI-04" duration="00:00:00.1067610" startTime="2023-12-22T09:35:18.6942848+01:00" endTime="2023-12-22T09:35:18.8036615+01:00" testType="13cdc9d9-ddb5-4fa4-a97d-d965ccfc6d4b" outcome="Passed" testListId="8c84fa94-04c1-424b-9868-57a2d4851a1d" relativeResultsDirectory="b6cc1dad-bf3d-4e74-8b83-64a57b9d1f5e" />
    <UnitTestResult executionId="ec8bf3a2-e038-4270-a9cc-56080b5fa5a2" testId="d154ee83-1a54-69f4-120f-345cee659a58" testName="FetchLoglinesAsync_ShouldNotModify_WhatILogReaderProvides" computerName="DKSR-EFI-04" duration="00:00:00.1013196" startTime="2023-12-22T09:35:13.9599234+01:00" endTime="2023-12-22T09:35:14.0536345+01:00" testType="13cdc9d9-ddb5-4fa4-a97d-d965ccfc6d4b" outcome="Passed" testListId="8c84fa94-04c1-424b-9868-57a2d4851a1d" relativeResultsDirectory="ec8bf3a2-e038-4270-a9cc-56080b5fa5a2" />
    <UnitTestResult executionId="11502020-58f4-42f9-af8a-8fb1a7985f9b" testId="62259e3a-78c6-411f-a57a-5855684cb024" testName="LogExportCanceled_ShouldWriteLogline (Audit)" computerName="DKSR-EFI-04" duration="00:00:00.0308257" startTime="2023-12-22T09:35:20.6474186+01:00" endTime="2023-12-22T09:35:20.6786686+01:00" testType="13cdc9d9-ddb5-4fa4-a97d-d965ccfc6d4b" outcome="Passed" testListId="8c84fa94-04c1-424b-9868-57a2d4851a1d" relativeResultsDirectory="11502020-58f4-42f9-af8a-8fb1a7985f9b" />
    <UnitTestResult executionId="db577db5-a5b6-4ef9-92ff-9a5a85bd20a8" testId="bd94679b-8e13-bf7e-6a51-a631831e8c48" testName="Title_ShouldNotBeNullOrEmpty" computerName="DKSR-EFI-04" duration="00:00:00.0023904" startTime="2023-12-22T09:35:16.3973977+01:00" endTime="2023-12-22T09:35:16.3973977+01:00" testType="13cdc9d9-ddb5-4fa4-a97d-d965ccfc6d4b" outcome="Passed" testListId="8c84fa94-04c1-424b-9868-57a2d4851a1d" relativeResultsDirectory="db577db5-a5b6-4ef9-92ff-9a5a85bd20a8" />
    <UnitTestResult executionId="be63f41f-8246-45df-9b74-63ab5e0761c7" testId="4b16ec46-9a7d-9f93-8d71-60b460a79c41" testName="FetchLoglinesAsync_ShouldNotFetchMoreLoglines_IfAllLoglinesAreAlreadyFetched" computerName="DKSR-EFI-04" duration="00:00:00.0114144" startTime="2023-12-22T09:35:16.4442716+01:00" endTime="2023-12-22T09:35:16.4598977+01:00" testType="13cdc9d9-ddb5-4fa4-a97d-d965ccfc6d4b" outcome="Passed" testListId="8c84fa94-04c1-424b-9868-57a2d4851a1d" relativeResultsDirectory="be63f41f-8246-45df-9b74-63ab5e0761c7" />
    <UnitTestResult executionId="f8c91c45-0110-4704-9dcf-133aebadc921" testId="bc411907-762e-f7d3-616e-09d135af5a37" testName="LogExportCompleted_ShouldRegisterCategory (System)" computerName="DKSR-EFI-04" duration="00:00:00.0532946" startTime="2023-12-22T09:35:17.2880279+01:00" endTime="2023-12-22T09:35:17.3505261+01:00" testType="13cdc9d9-ddb5-4fa4-a97d-d965ccfc6d4b" outcome="Passed" testListId="8c84fa94-04c1-424b-9868-57a2d4851a1d" relativeResultsDirectory="f8c91c45-0110-4704-9dcf-133aebadc921" />
    <UnitTestResult executionId="4050ccd0-e458-4c09-8804-514f1304a161" testId="f9be6f1c-2bec-6ded-b469-e63c38be8302" testName="LogExportStarted_ShouldWriteLogline (Unknown)" computerName="DKSR-EFI-04" duration="00:00:00.0382485" startTime="2023-12-22T09:35:20.2880423+01:00" endTime="2023-12-22T09:35:20.3349186+01:00" testType="13cdc9d9-ddb5-4fa4-a97d-d965ccfc6d4b" outcome="Passed" testListId="8c84fa94-04c1-424b-9868-57a2d4851a1d" relativeResultsDirectory="4050ccd0-e458-4c09-8804-514f1304a161" />
    <UnitTestResult executionId="69b7bb50-96b1-49f4-9ae7-dd3ba1d16463" testId="fc1760ec-6935-b01e-bdee-1df8974d3a4e" testName="LogExportStarted_ShouldGenerateCorrectParameters (Rule)" computerName="DKSR-EFI-04" duration="00:00:00.0417844" startTime="2023-12-22T09:35:21.3349218+01:00" endTime="2023-12-22T09:35:21.3817986+01:00" testType="13cdc9d9-ddb5-4fa4-a97d-d965ccfc6d4b" outcome="Passed" testListId="8c84fa94-04c1-424b-9868-57a2d4851a1d" relativeResultsDirectory="69b7bb50-96b1-49f4-9ae7-dd3ba1d16463" />
    <UnitTestResult executionId="bb941199-7830-488a-ac48-31710247d03a" testId="922e5e25-c746-2e21-b443-91140270536a" testName="Dispose_ShouldEndStartedQuerySession" computerName="DKSR-EFI-04" duration="00:00:00.0028299" startTime="2023-12-22T09:35:16.3817723+01:00" endTime="2023-12-22T09:35:16.3973977+01:00" testType="13cdc9d9-ddb5-4fa4-a97d-d965ccfc6d4b" outcome="Passed" testListId="8c84fa94-04c1-424b-9868-57a2d4851a1d" relativeResultsDirectory="bb941199-7830-488a-ac48-31710247d03a" />
    <UnitTestResult executionId="296515a2-3dc8-423b-b5df-63740949d395" testId="aeaa8129-6ac7-8b61-07e1-c54d2c8ef3e7" testName="StartExportAsync_ShouldNotIncludeFiltersInTheSystemLogExport_IfNoFiltersAreApplied (Source name)" computerName="DKSR-EFI-04" duration="00:00:00.0017660" startTime="2023-12-22T09:35:16.7260853+01:00" endTime="2023-12-22T09:35:16.7260853+01:00" testType="13cdc9d9-ddb5-4fa4-a97d-d965ccfc6d4b" outcome="Passed" testListId="8c84fa94-04c1-424b-9868-57a2d4851a1d" relativeResultsDirectory="296515a2-3dc8-423b-b5df-63740949d395" />
    <UnitTestResult executionId="a75a734c-915f-40e5-8bae-596c2ab1b079" testId="bb09c01b-922c-f2b2-371b-4a326f96cac1" testName="StartExportAsync_ShouldIncludeFiltersInTheSystemLogExport_IfAnyApplied (Category)" computerName="DKSR-EFI-04" duration="00:00:00.0028088" startTime="2023-12-22T09:35:16.6942724+01:00" endTime="2023-12-22T09:35:16.6942724+01:00" testType="13cdc9d9-ddb5-4fa4-a97d-d965ccfc6d4b" outcome="Passed" testListId="8c84fa94-04c1-424b-9868-57a2d4851a1d" relativeResultsDirectory="a75a734c-915f-40e5-8bae-596c2ab1b079" />
    <UnitTestResult executionId="37f1b320-abf1-4bbe-90a8-1d4025d76353" testId="71f7634d-62dc-7fe0-88a1-f72744b379e9" testName="LogExportStarted_ShouldGenerateCorrectParameters (System)" computerName="DKSR-EFI-04" duration="00:00:00.0379324" startTime="2023-12-22T09:35:21.2568067+01:00" endTime="2023-12-22T09:35:21.3036728+01:00" testType="13cdc9d9-ddb5-4fa4-a97d-d965ccfc6d4b" outcome="Passed" testListId="8c84fa94-04c1-424b-9868-57a2d4851a1d" relativeResultsDirectory="37f1b320-abf1-4bbe-90a8-1d4025d76353" />
    <UnitTestResult executionId="662b3a0b-3719-4eaa-8bb2-21d63b989170" testId="5b9d8790-41a8-e324-0f42-b3f3838e922e" testName="LogExportCompleted_ShouldRegisterSourceType (Audit)" computerName="DKSR-EFI-04" duration="00:00:00.0825684" startTime="2023-12-22T09:35:17.9130300+01:00" endTime="2023-12-22T09:35:17.9911552+01:00" testType="13cdc9d9-ddb5-4fa4-a97d-d965ccfc6d4b" outcome="Passed" testListId="8c84fa94-04c1-424b-9868-57a2d4851a1d" relativeResultsDirectory="662b3a0b-3719-4eaa-8bb2-21d63b989170" />
    <UnitTestResult executionId="b87cc332-a463-4c44-836d-8d87bc88699b" testId="69b16011-8d93-77d0-63a4-943955ce1b67" testName="InitializeCommand_ShouldDoInitialFetchOfLogs" computerName="DKSR-EFI-04" duration="00:00:00.0146132" startTime="2023-12-22T09:35:16.3661460+01:00" endTime="2023-12-22T09:35:16.3817723+01:00" testType="13cdc9d9-ddb5-4fa4-a97d-d965ccfc6d4b" outcome="Passed" testListId="8c84fa94-04c1-424b-9868-57a2d4851a1d" relativeResultsDirectory="b87cc332-a463-4c44-836d-8d87bc88699b" />
    <UnitTestResult executionId="c358cf5f-9fe8-4762-b6d8-037f9e745aba" testId="a98b22fe-39ac-3b1a-c806-25955547cf41" testName="LogExportCanceled_ShouldWriteLogline (Rule)" computerName="DKSR-EFI-04" duration="00:00:00.0325270" startTime="2023-12-22T09:35:20.6942942+01:00" endTime="2023-12-22T09:35:20.7255460+01:00" testType="13cdc9d9-ddb5-4fa4-a97d-d965ccfc6d4b" outcome="Passed" testListId="8c84fa94-04c1-424b-9868-57a2d4851a1d" relativeResultsDirectory="c358cf5f-9fe8-4762-b6d8-037f9e745aba" />
    <UnitTestResult executionId="f4251ac5-98a4-4be0-86d9-f98b582e566a" testId="979ea342-03d2-1f90-94fc-0e818b1139b0" testName="LogExportStarted_ShouldWriteLogline (Rule)" computerName="DKSR-EFI-04" duration="00:00:00.0319815" startTime="2023-12-22T09:35:20.3974165+01:00" endTime="2023-12-22T09:35:20.4442921+01:00" testType="13cdc9d9-ddb5-4fa4-a97d-d965ccfc6d4b" outcome="Passed" testListId="8c84fa94-04c1-424b-9868-57a2d4851a1d" relativeResultsDirectory="f4251ac5-98a4-4be0-86d9-f98b582e566a" />
    <UnitTestResult executionId="aac6d0d0-6522-4e26-997b-0bd9c5e73c34" testId="a7ee1c36-5cec-59cd-bbbe-48673dacb8e9" testName="LogExportCanceledToken_ShouldGenerateCorrectParameters (Rule)" computerName="DKSR-EFI-04" duration="00:00:00.0389543" startTime="2023-12-22T09:35:21.8505499+01:00" endTime="2023-12-22T09:35:21.8974307+01:00" testType="13cdc9d9-ddb5-4fa4-a97d-d965ccfc6d4b" outcome="Passed" testListId="8c84fa94-04c1-424b-9868-57a2d4851a1d" relativeResultsDirectory="aac6d0d0-6522-4e26-997b-0bd9c5e73c34" />
    <UnitTestResult executionId="7255958b-aead-4cc1-bd05-269d583087be" testId="bf974658-9d6b-85f4-4dd4-82307286367d" testName="InitializeCommand_ShouldDoInitialFetchOfLogs" computerName="DKSR-EFI-04" duration="00:00:00.0145245" startTime="2023-12-22T09:35:16.4911480+01:00" endTime="2023-12-22T09:35:16.5067723+01:00" testType="13cdc9d9-ddb5-4fa4-a97d-d965ccfc6d4b" outcome="Passed" testListId="8c84fa94-04c1-424b-9868-57a2d4851a1d" relativeResultsDirectory="7255958b-aead-4cc1-bd05-269d583087be" />
    <UnitTestResult executionId="1be8d54e-8ec9-4c10-81d9-25d34d5ebd66" testId="50a08999-0061-8bd9-dcfe-a19025895ad4" testName="LogExportCompletedToken_ShouldRegisterCategory (System)" computerName="DKSR-EFI-04" duration="00:00:00.0541220" startTime="2023-12-22T09:35:17.5380292+01:00" endTime="2023-12-22T09:35:17.5849041+01:00" testType="13cdc9d9-ddb5-4fa4-a97d-d965ccfc6d4b" outcome="Passed" testListId="8c84fa94-04c1-424b-9868-57a2d4851a1d" relativeResultsDirectory="1be8d54e-8ec9-4c10-81d9-25d34d5ebd66" />
    <UnitTestResult executionId="4e80802a-37c2-4bec-89be-5da4003114b7" testId="5a82c354-672f-8cdb-93d1-349ec291b376" testName="ExportPathErrorMessage__ShouldNotBeNull_IfPathIsTooLong" computerName="DKSR-EFI-04" duration="00:00:00.0037834" startTime="2023-12-22T09:35:14.8661370+01:00" endTime="2023-12-22T09:35:14.8661370+01:00" testType="13cdc9d9-ddb5-4fa4-a97d-d965ccfc6d4b" outcome="Passed" testListId="8c84fa94-04c1-424b-9868-57a2d4851a1d" relativeResultsDirectory="4e80802a-37c2-4bec-89be-5da4003114b7" />
    <UnitTestResult executionId="740b88ef-8144-4911-a63f-8f5dedef3803" testId="cd948457-e6eb-c0cb-4b02-a694fa3140f8" testName="ExportNameErrorMessage_ShouldNotBeNull_IfNameFieldIsEmpty" computerName="DKSR-EFI-04" duration="00:00:00.0059425" startTime="2023-12-22T09:35:14.5067646+01:00" endTime="2023-12-22T09:35:14.5067646+01:00" testType="13cdc9d9-ddb5-4fa4-a97d-d965ccfc6d4b" outcome="Passed" testListId="8c84fa94-04c1-424b-9868-57a2d4851a1d" relativeResultsDirectory="740b88ef-8144-4911-a63f-8f5dedef3803" />
    <UnitTestResult executionId="9bc41e91-e326-4034-821a-88ad4ad4fbd2" testId="3cf4443c-2882-4fb3-cf66-d9e85d93fa77" testName="AutomationId_ShouldNotBeNullOrEmpty" computerName="DKSR-EFI-04" duration="00:00:00.0018313" startTime="2023-12-22T09:35:13.9442600+01:00" endTime="2023-12-22T09:35:13.9442600+01:00" testType="13cdc9d9-ddb5-4fa4-a97d-d965ccfc6d4b" outcome="Passed" testListId="8c84fa94-04c1-424b-9868-57a2d4851a1d" relativeResultsDirectory="9bc41e91-e326-4034-821a-88ad4ad4fbd2" />
    <UnitTestResult executionId="0f064633-8df7-42a7-9dce-bd994fad966f" testId="75b5eebc-b3d3-bb16-520a-b3b1d6058d04" testName="ApplyFiltersCommand_ShouldSetTotalLoglinesCountValueTo100_WhenStartQuerySessionReturns100" computerName="DKSR-EFI-04" duration="00:00:00.0031263" startTime="2023-12-22T09:35:16.3348971+01:00" endTime="2023-12-22T09:35:16.3505213+01:00" testType="13cdc9d9-ddb5-4fa4-a97d-d965ccfc6d4b" outcome="Passed" testListId="8c84fa94-04c1-424b-9868-57a2d4851a1d" relativeResultsDirectory="0f064633-8df7-42a7-9dce-bd994fad966f" />
    <UnitTestResult executionId="0f56ad75-964d-44a6-8087-094d7a768b29" testId="6f09096c-86ef-0bb9-d6a8-a68ac27447e2" testName="ExportNameErrorMessage_ShouldBeNull_IfNameIsValid" computerName="DKSR-EFI-04" duration="00:00:00.0188294" startTime="2023-12-22T09:35:14.4911371+01:00" endTime="2023-12-22T09:35:14.5067646+01:00" testType="13cdc9d9-ddb5-4fa4-a97d-d965ccfc6d4b" outcome="Passed" testListId="8c84fa94-04c1-424b-9868-57a2d4851a1d" relativeResultsDirectory="0f56ad75-964d-44a6-8087-094d7a768b29" />
    <UnitTestResult executionId="271a3f40-30ee-4661-a8c5-bd70ffdf1277" testId="f8c551bb-0a3d-688a-3234-2e8b907647f9" testName="ExportNameErrorMessage_ShouldBeNull_IfFileDoesNotExist" computerName="DKSR-EFI-04" duration="00:00:00.0023663" startTime="2023-12-22T09:35:14.6161372+01:00" endTime="2023-12-22T09:35:14.6161372+01:00" testType="13cdc9d9-ddb5-4fa4-a97d-d965ccfc6d4b" outcome="Passed" testListId="8c84fa94-04c1-424b-9868-57a2d4851a1d" relativeResultsDirectory="271a3f40-30ee-4661-a8c5-bd70ffdf1277" />
    <UnitTestResult executionId="f0626a2a-62e3-46b2-b7f5-78f1f3ad89af" testId="f8eacc21-343b-4346-d5d2-e29ae63a7ea1" testName="ToTime_ShouldBeAdjusted_IfFromTimeIsSetToLaterTime" computerName="DKSR-EFI-04" duration="00:00:00.0034052" startTime="2023-12-22T09:35:13.9442600+01:00" endTime="2023-12-22T09:35:13.9442600+01:00" testType="13cdc9d9-ddb5-4fa4-a97d-d965ccfc6d4b" outcome="Passed" testListId="8c84fa94-04c1-424b-9868-57a2d4851a1d" relativeResultsDirectory="f0626a2a-62e3-46b2-b7f5-78f1f3ad89af" />
    <UnitTestResult executionId="6327e174-265b-4319-934f-48e9590f9040" testId="5da7e7b1-8437-9765-8ac5-47f31165560b" testName="AutomationId_ShouldNotBeNullOrEmpty" computerName="DKSR-EFI-04" duration="00:00:00.0014548" startTime="2023-12-22T09:35:16.2723946+01:00" endTime="2023-12-22T09:35:16.2723946+01:00" testType="13cdc9d9-ddb5-4fa4-a97d-d965ccfc6d4b" outcome="Passed" testListId="8c84fa94-04c1-424b-9868-57a2d4851a1d" relativeResultsDirectory="6327e174-265b-4319-934f-48e9590f9040" />
    <UnitTestResult executionId="caad6ffe-f986-4fec-92ad-43bac96d45e1" testId="485c3db4-ddd6-1540-4078-71b717998356" testName="StartExportAsync_ShouldNotIncludeFiltersInTheSystemLogExport_IfNoFiltersAreApplied (Category)" computerName="DKSR-EFI-04" duration="00:00:00.0019009" startTime="2023-12-22T09:35:16.7260853+01:00" endTime="2023-12-22T09:35:16.7260853+01:00" testType="13cdc9d9-ddb5-4fa4-a97d-d965ccfc6d4b" outcome="Passed" testListId="8c84fa94-04c1-424b-9868-57a2d4851a1d" relativeResultsDirectory="caad6ffe-f986-4fec-92ad-43bac96d45e1" />
    <UnitTestResult executionId="9a51716f-b9d8-4008-8cbc-efe68ce19d8c" testId="6f6c9127-9c5e-f5b9-b03c-35b0a590d1e6" testName="LogExportCompleted_ShouldGenerateCorrectParameters (System)" computerName="DKSR-EFI-04" duration="00:00:00.0372884" startTime="2023-12-22T09:35:20.9286713+01:00" endTime="2023-12-22T09:35:20.9599219+01:00" testType="13cdc9d9-ddb5-4fa4-a97d-d965ccfc6d4b" outcome="Passed" testListId="8c84fa94-04c1-424b-9868-57a2d4851a1d" relativeResultsDirectory="9a51716f-b9d8-4008-8cbc-efe68ce19d8c" />
    <UnitTestResult executionId="90c42082-6d1b-4703-9306-4cedaa0367e9" testId="a7013049-7851-4a13-90e6-fa514b19fa5a" testName="ExportErrorMessage_ShouldBeNull_IfExportHasBeenCompletedSuccessfully" computerName="DKSR-EFI-04" duration="00:00:00.0038199" startTime="2023-12-22T09:35:16.6161482+01:00" endTime="2023-12-22T09:35:16.6317730+01:00" testType="13cdc9d9-ddb5-4fa4-a97d-d965ccfc6d4b" outcome="Passed" testListId="8c84fa94-04c1-424b-9868-57a2d4851a1d" relativeResultsDirectory="90c42082-6d1b-4703-9306-4cedaa0367e9" />
    <UnitTestResult executionId="50a0c119-66b7-4c91-bfa9-c28310e74308" testId="e1c225f2-3a2c-e335-2d5f-0365ac0c5a83" testName="LogExportCompleted_ShouldRegisterCategory (Unknown)" computerName="DKSR-EFI-04" duration="00:00:00.1717493" startTime="2023-12-22T09:35:17.0849026+01:00" endTime="2023-12-22T09:35:17.2880279+01:00" testType="13cdc9d9-ddb5-4fa4-a97d-d965ccfc6d4b" outcome="Passed" testListId="8c84fa94-04c1-424b-9868-57a2d4851a1d" relativeResultsDirectory="50a0c119-66b7-4c91-bfa9-c28310e74308" />
    <UnitTestResult executionId="4fdd99d2-a02a-4bce-8145-a69b77a2e192" testId="0d58dd94-b092-de74-3bd5-a53e160cdc25" testName="LogExportCanceled_ShouldWriteLogline (Unknown)" computerName="DKSR-EFI-04" duration="00:00:00.0355250" startTime="2023-12-22T09:35:20.5849200+01:00" endTime="2023-12-22T09:35:20.6161709+01:00" testType="13cdc9d9-ddb5-4fa4-a97d-d965ccfc6d4b" outcome="Passed" testListId="8c84fa94-04c1-424b-9868-57a2d4851a1d" relativeResultsDirectory="4fdd99d2-a02a-4bce-8145-a69b77a2e192" />
  </Results>
  <TestDefinitions>
    <UnitTest name="LogExportCanceledToken_ShouldWriteLogline (Rule)" storage="d:\actions-runner\_work\xpco\xpco\logserver\viewer\videoos.logviewer.tests\bin\debug\videoos.logviewer.tests.dll" id="27c9e1cd-91bb-4d47-c4ee-d4769f21248b">
      <Execution id="49e930e1-cb92-4fde-83ec-f5f9c5f4a0cc" />
      <TestMethod codeBase="D:\actions-runner\_work\XPCO\XPCO\LogServer\Viewer\VideoOS.LogViewer.Tests\bin\Debug\VideoOS.LogViewer.Tests.dll" adapterTypeName="executor://mstestadapter/v2" className="VideoOS.LogViewer.Tests.AuditLog.AuditLoggerTests" name="LogExportCanceledToken_ShouldWriteLogline" />
    </UnitTest>
    <UnitTest name="LogExportStartedToken_ShouldGenerateCorrectParameters (Audit)" storage="d:\actions-runner\_work\xpco\xpco\logserver\viewer\videoos.logviewer.tests\bin\debug\videoos.logviewer.tests.dll" id="2229c534-da94-45f7-2125-82548cf95d7b">
      <Execution id="49192073-1318-433f-8f5e-f24176e72ec8" />
      <TestMethod codeBase="D:\actions-runner\_work\XPCO\XPCO\LogServer\Viewer\VideoOS.LogViewer.Tests\bin\Debug\VideoOS.LogViewer.Tests.dll" adapterTypeName="executor://mstestadapter/v2" className="VideoOS.LogViewer.Tests.AuditLog.AuditLoggerTests" name="LogExportStartedToken_ShouldGenerateCorrectParameters" />
    </UnitTest>
    <UnitTest name="ApplyFiltersCommand_ShouldDisplayErrorMessage_IfStartQuerySessionAsyncResultsInException" storage="d:\actions-runner\_work\xpco\xpco\logserver\viewer\videoos.logviewer.tests\bin\debug\videoos.logviewer.tests.dll" id="719ce3f2-ec61-ddfe-fcc3-35300594a748">
      <Execution id="494d4656-a6e6-4809-8e29-4ef4aa77257f" />
      <TestMethod codeBase="D:\actions-runner\_work\XPCO\XPCO\LogServer\Viewer\VideoOS.LogViewer.Tests\bin\Debug\VideoOS.LogViewer.Tests.dll" adapterTypeName="executor://mstestadapter/v2" className="VideoOS.LogViewer.Tests.UI.ViewModels.RuleLogTabViewModelTests" name="ApplyFiltersCommand_ShouldDisplayErrorMessage_IfStartQuerySessionAsyncResultsInException" />
    </UnitTest>
    <UnitTest name="ExportCommand_ShouldNotStart_IfDirectoryIsIllegal" storage="d:\actions-runner\_work\xpco\xpco\logserver\viewer\videoos.logviewer.tests\bin\debug\videoos.logviewer.tests.dll" id="e2b126ed-cabd-3020-7d1e-dc58a2587c29">
      <Execution id="be46d09d-e67d-4f25-b12b-2592f1fd3a8c" />
      <TestMethod codeBase="D:\actions-runner\_work\XPCO\XPCO\LogServer\Viewer\VideoOS.LogViewer.Tests\bin\Debug\VideoOS.LogViewer.Tests.dll" adapterTypeName="executor://mstestadapter/v2" className="VideoOS.LogViewer.Tests.UI.ViewModels.ExportWindowViewModelTests" name="ExportCommand_ShouldNotStart_IfDirectoryIsIllegal" />
    </UnitTest>
    <UnitTest name="StartExportAsync_ShouldIncludeFiltersInTheRuleTriggeredLogExport_IfAnyApplied (Source name)" storage="d:\actions-runner\_work\xpco\xpco\logserver\viewer\videoos.logviewer.tests\bin\debug\videoos.logviewer.tests.dll" id="64d72f06-50c1-cd68-6b37-f115b725bc6d">
      <Execution id="9a70a855-e46b-49d7-8307-51b9997db6e8" />
      <TestMethod codeBase="D:\actions-runner\_work\XPCO\XPCO\LogServer\Viewer\VideoOS.LogViewer.Tests\bin\Debug\VideoOS.LogViewer.Tests.dll" adapterTypeName="executor://mstestadapter/v2" className="VideoOS.LogViewer.Tests.Export.CSVExportHandlerTests" name="StartExportAsync_ShouldIncludeFiltersInTheRuleTriggeredLogExport_IfAnyApplied" />
    </UnitTest>
    <UnitTest name="ExportNameErrorMessage_ShouldNotBeNull_IfNameContainsInvalidCharacter (:)" storage="d:\actions-runner\_work\xpco\xpco\logserver\viewer\videoos.logviewer.tests\bin\debug\videoos.logviewer.tests.dll" id="95398926-2d94-5561-87ed-26fd6015c30f">
      <Execution id="48cb5223-242a-4500-921c-26dcaafbc33e" />
      <TestMethod codeBase="D:\actions-runner\_work\XPCO\XPCO\LogServer\Viewer\VideoOS.LogViewer.Tests\bin\Debug\VideoOS.LogViewer.Tests.dll" adapterTypeName="executor://mstestadapter/v2" className="VideoOS.LogViewer.Tests.UI.ViewModels.ExportWindowViewModelTests" name="ExportNameErrorMessage_ShouldNotBeNull_IfNameContainsInvalidCharacter" />
    </UnitTest>
    <UnitTest name="StartExportAsync_ShouldIncludeFiltersInTheAuditLogExport_IfAnyApplied (User)" storage="d:\actions-runner\_work\xpco\xpco\logserver\viewer\videoos.logviewer.tests\bin\debug\videoos.logviewer.tests.dll" id="ad0c55c7-8dbe-ee8e-f69a-9c17bcfe4e97">
      <Execution id="60d0ee40-d6bf-4c27-8c7d-eb626fe9a794" />
      <TestMethod codeBase="D:\actions-runner\_work\XPCO\XPCO\LogServer\Viewer\VideoOS.LogViewer.Tests\bin\Debug\VideoOS.LogViewer.Tests.dll" adapterTypeName="executor://mstestadapter/v2" className="VideoOS.LogViewer.Tests.Export.CSVExportHandlerTests" name="StartExportAsync_ShouldIncludeFiltersInTheAuditLogExport_IfAnyApplied" />
    </UnitTest>
    <UnitTest name="LogExportCompleted_ShouldRegisterCategory (Unknown)" storage="d:\actions-runner\_work\xpco\xpco\logserver\viewer\videoos.logviewer.tests\bin\debug\videoos.logviewer.tests.dll" id="e1c225f2-3a2c-e335-2d5f-0365ac0c5a83">
      <Execution id="50a0c119-66b7-4c91-bfa9-c28310e74308" />
      <TestMethod codeBase="D:\actions-runner\_work\XPCO\XPCO\LogServer\Viewer\VideoOS.LogViewer.Tests\bin\Debug\VideoOS.LogViewer.Tests.dll" adapterTypeName="executor://mstestadapter/v2" className="VideoOS.LogViewer.Tests.AuditLog.AuditLoggerTests" name="LogExportCompleted_ShouldRegisterCategory" />
    </UnitTest>
    <UnitTest name="Dispose_ShouldEndStartedQuerySession" storage="d:\actions-runner\_work\xpco\xpco\logserver\viewer\videoos.logviewer.tests\bin\debug\videoos.logviewer.tests.dll" id="922e5e25-c746-2e21-b443-91140270536a">
      <Execution id="bb941199-7830-488a-ac48-31710247d03a" />
      <TestMethod codeBase="D:\actions-runner\_work\XPCO\XPCO\LogServer\Viewer\VideoOS.LogViewer.Tests\bin\Debug\VideoOS.LogViewer.Tests.dll" adapterTypeName="executor://mstestadapter/v2" className="VideoOS.LogViewer.Tests.UI.ViewModels.RuleLogTabViewModelTests" name="Dispose_ShouldEndStartedQuerySession" />
    </UnitTest>
    <UnitTest name="ExportNameErrorMessage_ShouldNotBeNull_IfNameContainsInvalidCharacter (*)" storage="d:\actions-runner\_work\xpco\xpco\logserver\viewer\videoos.logviewer.tests\bin\debug\videoos.logviewer.tests.dll" id="69e659af-b277-b8a6-a1d2-ae2dddaefff7">
      <Execution id="b68d800a-368b-4a0d-8bf8-285542a8c48d" />
      <TestMethod codeBase="D:\actions-runner\_work\XPCO\XPCO\LogServer\Viewer\VideoOS.LogViewer.Tests\bin\Debug\VideoOS.LogViewer.Tests.dll" adapterTypeName="executor://mstestadapter/v2" className="VideoOS.LogViewer.Tests.UI.ViewModels.ExportWindowViewModelTests" name="ExportNameErrorMessage_ShouldNotBeNull_IfNameContainsInvalidCharacter" />
    </UnitTest>
    <UnitTest name="LogExportCanceledToken_ShouldGenerateCorrectParameters (Unknown)" storage="d:\actions-runner\_work\xpco\xpco\logserver\viewer\videoos.logviewer.tests\bin\debug\videoos.logviewer.tests.dll" id="30ee63b7-20cc-e945-fb91-811222937f3a">
      <Execution id="8399c5c7-a5b1-4156-9c2d-723235d8da84" />
      <TestMethod codeBase="D:\actions-runner\_work\XPCO\XPCO\LogServer\Viewer\VideoOS.LogViewer.Tests\bin\Debug\VideoOS.LogViewer.Tests.dll" adapterTypeName="executor://mstestadapter/v2" className="VideoOS.LogViewer.Tests.AuditLog.AuditLoggerTests" name="LogExportCanceledToken_ShouldGenerateCorrectParameters" />
    </UnitTest>
    <UnitTest name="LogExportCompletedToken_ShouldRegisterMessages (System)" storage="d:\actions-runner\_work\xpco\xpco\logserver\viewer\videoos.logviewer.tests\bin\debug\videoos.logviewer.tests.dll" id="15e03f5d-e529-61c2-30c8-5c666df60da4">
      <Execution id="fedcdd74-f770-44c6-83c7-5dd71e37ad21" />
      <TestMethod codeBase="D:\actions-runner\_work\XPCO\XPCO\LogServer\Viewer\VideoOS.LogViewer.Tests\bin\Debug\VideoOS.LogViewer.Tests.dll" adapterTypeName="executor://mstestadapter/v2" className="VideoOS.LogViewer.Tests.AuditLog.AuditLoggerTests" name="LogExportCompletedToken_ShouldRegisterMessages" />
    </UnitTest>
    <UnitTest name="ApplyFiltersCommand_ShouldQuerySystemLogs_InProvidedLanguage" storage="d:\actions-runner\_work\xpco\xpco\logserver\viewer\videoos.logviewer.tests\bin\debug\videoos.logviewer.tests.dll" id="79bd1953-4db7-3caa-f0fd-4f4eadc576c2">
      <Execution id="66fe1322-877d-4d7d-b392-d97e4513407b" />
      <TestMethod codeBase="D:\actions-runner\_work\XPCO\XPCO\LogServer\Viewer\VideoOS.LogViewer.Tests\bin\Debug\VideoOS.LogViewer.Tests.dll" adapterTypeName="executor://mstestadapter/v2" className="VideoOS.LogViewer.Tests.UI.ViewModels.SystemLogTabViewModelTests" name="ApplyFiltersCommand_ShouldQuerySystemLogs_InProvidedLanguage" />
    </UnitTest>
    <UnitTest name="FetchLoglinesAsync_ShouldNotFetchMoreLoglines_IfAllLoglinesAreAlreadyFetched" storage="d:\actions-runner\_work\xpco\xpco\logserver\viewer\videoos.logviewer.tests\bin\debug\videoos.logviewer.tests.dll" id="55f01452-8153-ee7b-1144-0e6585d18bac">
      <Execution id="5ece22ca-aa2d-4dd5-a5c4-c6f16079e078" />
      <TestMethod codeBase="D:\actions-runner\_work\XPCO\XPCO\LogServer\Viewer\VideoOS.LogViewer.Tests\bin\Debug\VideoOS.LogViewer.Tests.dll" adapterTypeName="executor://mstestadapter/v2" className="VideoOS.LogViewer.Tests.UI.ViewModels.AuditLogTabViewModelTests" name="FetchLoglinesAsync_ShouldNotFetchMoreLoglines_IfAllLoglinesAreAlreadyFetched" />
    </UnitTest>
    <UnitTest name="LogExportCompletedToken_ShouldRegisterSourceType (Rule)" storage="d:\actions-runner\_work\xpco\xpco\logserver\viewer\videoos.logviewer.tests\bin\debug\videoos.logviewer.tests.dll" id="50cb0ca5-4453-9643-3dd1-34e35a5e9542">
      <Execution id="80abee48-e7f5-4015-b932-a5d58c565f0e" />
      <TestMethod codeBase="D:\actions-runner\_work\XPCO\XPCO\LogServer\Viewer\VideoOS.LogViewer.Tests\bin\Debug\VideoOS.LogViewer.Tests.dll" adapterTypeName="executor://mstestadapter/v2" className="VideoOS.LogViewer.Tests.AuditLog.AuditLoggerTests" name="LogExportCompletedToken_ShouldRegisterSourceType" />
    </UnitTest>
    <UnitTest name="LogExportCompleted_ShouldRegisterCategory (Audit)" storage="d:\actions-runner\_work\xpco\xpco\logserver\viewer\videoos.logviewer.tests\bin\debug\videoos.logviewer.tests.dll" id="55cc690e-5168-1d8a-8fc7-2fc8ea4f84ec">
      <Execution id="b93c7975-14f2-4021-a7f9-182045ecad1d" />
      <TestMethod codeBase="D:\actions-runner\_work\XPCO\XPCO\LogServer\Viewer\VideoOS.LogViewer.Tests\bin\Debug\VideoOS.LogViewer.Tests.dll" adapterTypeName="executor://mstestadapter/v2" className="VideoOS.LogViewer.Tests.AuditLog.AuditLoggerTests" name="LogExportCompleted_ShouldRegisterCategory" />
    </UnitTest>
    <UnitTest name="ClearFiltersCommand_ShouldToggleDisplayingOfAppliedFiltersToFalse" storage="d:\actions-runner\_work\xpco\xpco\logserver\viewer\videoos.logviewer.tests\bin\debug\videoos.logviewer.tests.dll" id="d00f2619-a28c-b497-01df-50049ceeb2de">
      <Execution id="f8f36c24-a1a3-4c0b-b123-a34c5ee0e2e2" />
      <TestMethod codeBase="D:\actions-runner\_work\XPCO\XPCO\LogServer\Viewer\VideoOS.LogViewer.Tests\bin\Debug\VideoOS.LogViewer.Tests.dll" adapterTypeName="executor://mstestadapter/v2" className="VideoOS.LogViewer.Tests.UI.ViewModels.FilterSelectionControlViewModelTests" name="ClearFiltersCommand_ShouldToggleDisplayingOfAppliedFiltersToFalse" />
    </UnitTest>
    <UnitTest name="Title_ShouldNotBeNullOrEmpty" storage="d:\actions-runner\_work\xpco\xpco\logserver\viewer\videoos.logviewer.tests\bin\debug\videoos.logviewer.tests.dll" id="629e55be-22fe-7971-ea5f-3793ed0191ee">
      <Execution id="a2b1b028-cbb1-4fba-899e-abe67c103f97" />
      <TestMethod codeBase="D:\actions-runner\_work\XPCO\XPCO\LogServer\Viewer\VideoOS.LogViewer.Tests\bin\Debug\VideoOS.LogViewer.Tests.dll" adapterTypeName="executor://mstestadapter/v2" className="VideoOS.LogViewer.Tests.UI.ViewModels.RuleLogTabViewModelTests" name="Title_ShouldNotBeNullOrEmpty" />
    </UnitTest>
    <UnitTest name="Constructors_ShouldNotAllowInjectionOfNulls" storage="d:\actions-runner\_work\xpco\xpco\logserver\viewer\videoos.logviewer.tests\bin\debug\videoos.logviewer.tests.dll" id="57f407e4-4761-45b2-86e5-d53b85b7a587">
      <Execution id="a8b44945-6b07-4225-9531-df775abd9efc" />
      <TestMethod codeBase="D:\actions-runner\_work\XPCO\XPCO\LogServer\Viewer\VideoOS.LogViewer.Tests\bin\Debug\VideoOS.LogViewer.Tests.dll" adapterTypeName="executor://mstestadapter/v2" className="VideoOS.LogViewer.Tests.UI.ViewModels.AuditLogTabViewModelTests" name="Constructors_ShouldNotAllowInjectionOfNulls" />
    </UnitTest>
    <UnitTest name="Title_ShouldNotBeNullOrEmpty" storage="d:\actions-runner\_work\xpco\xpco\logserver\viewer\videoos.logviewer.tests\bin\debug\videoos.logviewer.tests.dll" id="bd94679b-8e13-bf7e-6a51-a631831e8c48">
      <Execution id="db577db5-a5b6-4ef9-92ff-9a5a85bd20a8" />
      <TestMethod codeBase="D:\actions-runner\_work\XPCO\XPCO\LogServer\Viewer\VideoOS.LogViewer.Tests\bin\Debug\VideoOS.LogViewer.Tests.dll" adapterTypeName="executor://mstestadapter/v2" className="VideoOS.LogViewer.Tests.UI.ViewModels.SystemLogTabViewModelTests" name="Title_ShouldNotBeNullOrEmpty" />
    </UnitTest>
    <UnitTest name="StartExportAsync_ShouldAuditLogThatExportHasBeenStarted" storage="d:\actions-runner\_work\xpco\xpco\logserver\viewer\videoos.logviewer.tests\bin\debug\videoos.logviewer.tests.dll" id="adfe36ba-b92f-2d10-e108-35bcaad5e614">
      <Execution id="563d8337-14ca-4a24-a59a-30366db2174f" />
      <TestMethod codeBase="D:\actions-runner\_work\XPCO\XPCO\LogServer\Viewer\VideoOS.LogViewer.Tests\bin\Debug\VideoOS.LogViewer.Tests.dll" adapterTypeName="executor://mstestadapter/v2" className="VideoOS.LogViewer.Tests.Export.CSVExportHandlerTests" name="StartExportAsync_ShouldAuditLogThatExportHasBeenStarted" />
    </UnitTest>
    <UnitTest name="StartExportAsync_ShouldIncludeFiltersInTheSystemLogExport_IfAnyApplied (Event type)" storage="d:\actions-runner\_work\xpco\xpco\logserver\viewer\videoos.logviewer.tests\bin\debug\videoos.logviewer.tests.dll" id="2cf32896-49e0-12a4-cb75-3843a913b5a3">
      <Execution id="c47bf1dc-0d21-4246-a552-0eda9793807c" />
      <TestMethod codeBase="D:\actions-runner\_work\XPCO\XPCO\LogServer\Viewer\VideoOS.LogViewer.Tests\bin\Debug\VideoOS.LogViewer.Tests.dll" adapterTypeName="executor://mstestadapter/v2" className="VideoOS.LogViewer.Tests.Export.CSVExportHandlerTests" name="StartExportAsync_ShouldIncludeFiltersInTheSystemLogExport_IfAnyApplied" />
    </UnitTest>
    <UnitTest name="ExportErrorMessage_ShouldBeNull_IfExportHasBeenCompletedSuccessfully" storage="d:\actions-runner\_work\xpco\xpco\logserver\viewer\videoos.logviewer.tests\bin\debug\videoos.logviewer.tests.dll" id="a7013049-7851-4a13-90e6-fa514b19fa5a">
      <Execution id="90c42082-6d1b-4703-9306-4cedaa0367e9" />
      <TestMethod codeBase="D:\actions-runner\_work\XPCO\XPCO\LogServer\Viewer\VideoOS.LogViewer.Tests\bin\Debug\VideoOS.LogViewer.Tests.dll" adapterTypeName="executor://mstestadapter/v2" className="VideoOS.LogViewer.Tests.Export.CSVExportHandlerTests" name="ExportErrorMessage_ShouldBeNull_IfExportHasBeenCompletedSuccessfully" />
    </UnitTest>
    <UnitTest name="StartExportAsync_ShouldNotIncludeFiltersInTheSystemLogExport_IfNoFiltersAreApplied (Log level)" storage="d:\actions-runner\_work\xpco\xpco\logserver\viewer\videoos.logviewer.tests\bin\debug\videoos.logviewer.tests.dll" id="4df0c307-81ff-e62c-e7a6-51528274ec8b">
      <Execution id="1555138d-395c-4444-8b49-507032d9a7ea" />
      <TestMethod codeBase="D:\actions-runner\_work\XPCO\XPCO\LogServer\Viewer\VideoOS.LogViewer.Tests\bin\Debug\VideoOS.LogViewer.Tests.dll" adapterTypeName="executor://mstestadapter/v2" className="VideoOS.LogViewer.Tests.Export.CSVExportHandlerTests" name="StartExportAsync_ShouldNotIncludeFiltersInTheSystemLogExport_IfNoFiltersAreApplied" />
    </UnitTest>
    <UnitTest name="ExportPathErrorMessage__ShouldBeNull_IfPathIsValid" storage="d:\actions-runner\_work\xpco\xpco\logserver\viewer\videoos.logviewer.tests\bin\debug\videoos.logviewer.tests.dll" id="61113905-133a-3e1c-d043-8e101e2fd4ec">
      <Execution id="652214bd-192d-47ad-a85a-a9fadd94adac" />
      <TestMethod codeBase="D:\actions-runner\_work\XPCO\XPCO\LogServer\Viewer\VideoOS.LogViewer.Tests\bin\Debug\VideoOS.LogViewer.Tests.dll" adapterTypeName="executor://mstestadapter/v2" className="VideoOS.LogViewer.Tests.UI.ViewModels.ExportWindowViewModelTests" name="ExportPathErrorMessage__ShouldBeNull_IfPathIsValid" />
    </UnitTest>
    <UnitTest name="Dispose_ShouldEndStartedQuerySession" storage="d:\actions-runner\_work\xpco\xpco\logserver\viewer\videoos.logviewer.tests\bin\debug\videoos.logviewer.tests.dll" id="f4113b67-f170-fc6d-547f-f26f2c11205f">
      <Execution id="8770d406-0fb9-43a1-bfdb-59b4ae43e06f" />
      <TestMethod codeBase="D:\actions-runner\_work\XPCO\XPCO\LogServer\Viewer\VideoOS.LogViewer.Tests\bin\Debug\VideoOS.LogViewer.Tests.dll" adapterTypeName="executor://mstestadapter/v2" className="VideoOS.LogViewer.Tests.UI.ViewModels.SystemLogTabViewModelTests" name="Dispose_ShouldEndStartedQuerySession" />
    </UnitTest>
    <UnitTest name="LogExportCompletedToken_ShouldRegisterSourceType (Unknown)" storage="d:\actions-runner\_work\xpco\xpco\logserver\viewer\videoos.logviewer.tests\bin\debug\videoos.logviewer.tests.dll" id="8c45dbfe-56ff-d955-7ae7-c04fd74409c5">
      <Execution id="d8ce2ba7-74b6-45a4-a70c-546f52950fe8" />
      <TestMethod codeBase="D:\actions-runner\_work\XPCO\XPCO\LogServer\Viewer\VideoOS.LogViewer.Tests\bin\Debug\VideoOS.LogViewer.Tests.dll" adapterTypeName="executor://mstestadapter/v2" className="VideoOS.LogViewer.Tests.AuditLog.AuditLoggerTests" name="LogExportCompletedToken_ShouldRegisterSourceType" />
    </UnitTest>
    <UnitTest name="StartExportAsync_ShouldNotIncludeFiltersInTheAuditLogExport_IfNoFiltersAreApplied (Source type)" storage="d:\actions-runner\_work\xpco\xpco\logserver\viewer\videoos.logviewer.tests\bin\debug\videoos.logviewer.tests.dll" id="62db031b-f0f9-415f-93e9-ca22a9456c5a">
      <Execution id="e8e73596-b348-437c-a035-5f9b3f49626f" />
      <TestMethod codeBase="D:\actions-runner\_work\XPCO\XPCO\LogServer\Viewer\VideoOS.LogViewer.Tests\bin\Debug\VideoOS.LogViewer.Tests.dll" adapterTypeName="executor://mstestadapter/v2" className="VideoOS.LogViewer.Tests.Export.CSVExportHandlerTests" name="StartExportAsync_ShouldNotIncludeFiltersInTheAuditLogExport_IfNoFiltersAreApplied" />
    </UnitTest>
    <UnitTest name="Dispose_ShouldCleanupAllTabs" storage="d:\actions-runner\_work\xpco\xpco\logserver\viewer\videoos.logviewer.tests\bin\debug\videoos.logviewer.tests.dll" id="f2ec40ef-388a-a0d4-8677-c5b7647d1602">
      <Execution id="5b278fcf-681c-43f1-8190-ccf9fc463e39" />
      <TestMethod codeBase="D:\actions-runner\_work\XPCO\XPCO\LogServer\Viewer\VideoOS.LogViewer.Tests\bin\Debug\VideoOS.LogViewer.Tests.dll" adapterTypeName="executor://mstestadapter/v2" className="VideoOS.LogViewer.Tests.UI.ViewModels.LogViewerPanelViewModelTests" name="Dispose_ShouldCleanupAllTabs" />
    </UnitTest>
    <UnitTest name="ClearFilter_ShouldRemoveFilterFromFiltersCollection" storage="d:\actions-runner\_work\xpco\xpco\logserver\viewer\videoos.logviewer.tests\bin\debug\videoos.logviewer.tests.dll" id="ec730395-c200-9636-2a33-b34bf36a2255">
      <Execution id="2cf22297-a36b-406f-8c13-9eb1324ce551" />
      <TestMethod codeBase="D:\actions-runner\_work\XPCO\XPCO\LogServer\Viewer\VideoOS.LogViewer.Tests\bin\Debug\VideoOS.LogViewer.Tests.dll" adapterTypeName="executor://mstestadapter/v2" className="VideoOS.LogViewer.Tests.UI.ViewModels.FilterSelectionControlViewModelTests" name="ClearFilter_ShouldRemoveFilterFromFiltersCollection" />
    </UnitTest>
    <UnitTest name="ExportCommand_ShouldNotStart_IfDirectoryIsInvalid" storage="d:\actions-runner\_work\xpco\xpco\logserver\viewer\videoos.logviewer.tests\bin\debug\videoos.logviewer.tests.dll" id="66506cad-9568-adef-6358-8d867534e973">
      <Execution id="b7fde4a7-34d2-4e21-9549-de5d5be7c96e" />
      <TestMethod codeBase="D:\actions-runner\_work\XPCO\XPCO\LogServer\Viewer\VideoOS.LogViewer.Tests\bin\Debug\VideoOS.LogViewer.Tests.dll" adapterTypeName="executor://mstestadapter/v2" className="VideoOS.LogViewer.Tests.UI.ViewModels.ExportWindowViewModelTests" name="ExportCommand_ShouldNotStart_IfDirectoryIsInvalid" />
    </UnitTest>
    <UnitTest name="LogExportCompleted_ShouldRegisterMessages (System)" storage="d:\actions-runner\_work\xpco\xpco\logserver\viewer\videoos.logviewer.tests\bin\debug\videoos.logviewer.tests.dll" id="a020e185-3816-632e-9abe-ae7f6274d5c5">
      <Execution id="701b6297-a6f5-4937-88e2-81400c1f7be3" />
      <TestMethod codeBase="D:\actions-runner\_work\XPCO\XPCO\LogServer\Viewer\VideoOS.LogViewer.Tests\bin\Debug\VideoOS.LogViewer.Tests.dll" adapterTypeName="executor://mstestadapter/v2" className="VideoOS.LogViewer.Tests.AuditLog.AuditLoggerTests" name="LogExportCompleted_ShouldRegisterMessages" />
    </UnitTest>
    <UnitTest name="Title_ShouldNotBeNullOrEmpty" storage="d:\actions-runner\_work\xpco\xpco\logserver\viewer\videoos.logviewer.tests\bin\debug\videoos.logviewer.tests.dll" id="b2c8be69-db24-85a1-ff90-ae1867ec1a65">
      <Execution id="236570f9-c78c-4c63-b4a1-efa42b3ed3e2" />
      <TestMethod codeBase="D:\actions-runner\_work\XPCO\XPCO\LogServer\Viewer\VideoOS.LogViewer.Tests\bin\Debug\VideoOS.LogViewer.Tests.dll" adapterTypeName="executor://mstestadapter/v2" className="VideoOS.LogViewer.Tests.UI.ViewModels.AuditLogTabViewModelTests" name="Title_ShouldNotBeNullOrEmpty" />
    </UnitTest>
    <UnitTest name="LogExportCanceledToken_ShouldGenerateCorrectParameters (System)" storage="d:\actions-runner\_work\xpco\xpco\logserver\viewer\videoos.logviewer.tests\bin\debug\videoos.logviewer.tests.dll" id="e35afa8f-18a8-fe75-188d-fb04ec177cd3">
      <Execution id="d24221c0-b407-455c-baff-a2cd05e4afbd" />
      <TestMethod codeBase="D:\actions-runner\_work\XPCO\XPCO\LogServer\Viewer\VideoOS.LogViewer.Tests\bin\Debug\VideoOS.LogViewer.Tests.dll" adapterTypeName="executor://mstestadapter/v2" className="VideoOS.LogViewer.Tests.AuditLog.AuditLoggerTests" name="LogExportCanceledToken_ShouldGenerateCorrectParameters" />
    </UnitTest>
    <UnitTest name="LogExportCompleted_ShouldGenerateCorrectParameters (System)" storage="d:\actions-runner\_work\xpco\xpco\logserver\viewer\videoos.logviewer.tests\bin\debug\videoos.logviewer.tests.dll" id="6f6c9127-9c5e-f5b9-b03c-35b0a590d1e6">
      <Execution id="9a51716f-b9d8-4008-8cbc-efe68ce19d8c" />
      <TestMethod codeBase="D:\actions-runner\_work\XPCO\XPCO\LogServer\Viewer\VideoOS.LogViewer.Tests\bin\Debug\VideoOS.LogViewer.Tests.dll" adapterTypeName="executor://mstestadapter/v2" className="VideoOS.LogViewer.Tests.AuditLog.AuditLoggerTests" name="LogExportCompleted_ShouldGenerateCorrectParameters" />
    </UnitTest>
    <UnitTest name="FilterItems_ShouldDisplayOnlyAppliedFiltersThatStartsWithSearchText_WhenDisplayingOnlyAppliedFiltersIsOnAndSearchTextIsNotEmpty" storage="d:\actions-runner\_work\xpco\xpco\logserver\viewer\videoos.logviewer.tests\bin\debug\videoos.logviewer.tests.dll" id="58b0c98d-5719-4d52-0db6-3f6cc9feb12b">
      <Execution id="cd8773e4-717f-49f0-ac8a-cb5ea47d9bbb" />
      <TestMethod codeBase="D:\actions-runner\_work\XPCO\XPCO\LogServer\Viewer\VideoOS.LogViewer.Tests\bin\Debug\VideoOS.LogViewer.Tests.dll" adapterTypeName="executor://mstestadapter/v2" className="VideoOS.LogViewer.Tests.UI.ViewModels.FilterSelectionControlViewModelTests" name="FilterItems_ShouldDisplayOnlyAppliedFiltersThatStartsWithSearchText_WhenDisplayingOnlyAppliedFiltersIsOnAndSearchTextIsNotEmpty" />
    </UnitTest>
    <UnitTest name="Create_ShouldPassThreeTabs_ToTheLogViewerPanelViewModelConstructor" storage="d:\actions-runner\_work\xpco\xpco\logserver\viewer\videoos.logviewer.tests\bin\debug\videoos.logviewer.tests.dll" id="c3280b96-8c55-d5d4-b282-c98886b215df">
      <Execution id="292bae30-7845-404f-b2f5-f8a23a269a8d" />
      <TestMethod codeBase="D:\actions-runner\_work\XPCO\XPCO\LogServer\Viewer\VideoOS.LogViewer.Tests\bin\Debug\VideoOS.LogViewer.Tests.dll" adapterTypeName="executor://mstestadapter/v2" className="VideoOS.LogViewer.Tests.UI.ViewModels.LogViewerPanelViewModelFactoryTests" name="Create_ShouldPassThreeTabs_ToTheLogViewerPanelViewModelConstructor" />
    </UnitTest>
    <UnitTest name="StartExportAsync_ShouldNotIncludeFiltersInTheAuditLogExport_IfNoFiltersAreApplied (User location)" storage="d:\actions-runner\_work\xpco\xpco\logserver\viewer\videoos.logviewer.tests\bin\debug\videoos.logviewer.tests.dll" id="90b034e7-f032-9ba4-27dc-bfa47b8a35eb">
      <Execution id="41fb2b59-9894-494f-833f-95fd19815928" />
      <TestMethod codeBase="D:\actions-runner\_work\XPCO\XPCO\LogServer\Viewer\VideoOS.LogViewer.Tests\bin\Debug\VideoOS.LogViewer.Tests.dll" adapterTypeName="executor://mstestadapter/v2" className="VideoOS.LogViewer.Tests.Export.CSVExportHandlerTests" name="StartExportAsync_ShouldNotIncludeFiltersInTheAuditLogExport_IfNoFiltersAreApplied" />
    </UnitTest>
    <UnitTest name="LogExportCompleted_ShouldWriteLogline (Audit)" storage="d:\actions-runner\_work\xpco\xpco\logserver\viewer\videoos.logviewer.tests\bin\debug\videoos.logviewer.tests.dll" id="d5262bba-8c6b-8c49-1f33-565df48bee3a">
      <Execution id="b2954f40-f1f8-4464-a133-8fdddc4a5ab5" />
      <TestMethod codeBase="D:\actions-runner\_work\XPCO\XPCO\LogServer\Viewer\VideoOS.LogViewer.Tests\bin\Debug\VideoOS.LogViewer.Tests.dll" adapterTypeName="executor://mstestadapter/v2" className="VideoOS.LogViewer.Tests.AuditLog.AuditLoggerTests" name="LogExportCompleted_ShouldWriteLogline" />
    </UnitTest>
    <UnitTest name="StartExportAsync_ShouldIncludeFiltersInTheSystemLogExport_IfAnyApplied (Source type)" storage="d:\actions-runner\_work\xpco\xpco\logserver\viewer\videoos.logviewer.tests\bin\debug\videoos.logviewer.tests.dll" id="c8fea2e0-ac92-b2c4-6779-b2f2307a2f99">
      <Execution id="af3e949b-aa7f-4ae6-9625-2f0a2c915b9f" />
      <TestMethod codeBase="D:\actions-runner\_work\XPCO\XPCO\LogServer\Viewer\VideoOS.LogViewer.Tests\bin\Debug\VideoOS.LogViewer.Tests.dll" adapterTypeName="executor://mstestadapter/v2" className="VideoOS.LogViewer.Tests.Export.CSVExportHandlerTests" name="StartExportAsync_ShouldIncludeFiltersInTheSystemLogExport_IfAnyApplied" />
    </UnitTest>
    <UnitTest name="CancelCommand_ShouldCloseTheWindow" storage="d:\actions-runner\_work\xpco\xpco\logserver\viewer\videoos.logviewer.tests\bin\debug\videoos.logviewer.tests.dll" id="b173cab0-24f0-bb45-ec78-d05cb226f5fa">
      <Execution id="4b9cb8e5-83a2-4f18-9635-14753fa96ee1" />
      <TestMethod codeBase="D:\actions-runner\_work\XPCO\XPCO\LogServer\Viewer\VideoOS.LogViewer.Tests\bin\Debug\VideoOS.LogViewer.Tests.dll" adapterTypeName="executor://mstestadapter/v2" className="VideoOS.LogViewer.Tests.UI.ViewModels.ExportWindowViewModelTests" name="CancelCommand_ShouldCloseTheWindow" />
    </UnitTest>
    <UnitTest name="FetchLoglinesAsync_ShouldUpdateLoglines_WithWhatILogReaderProvides" storage="d:\actions-runner\_work\xpco\xpco\logserver\viewer\videoos.logviewer.tests\bin\debug\videoos.logviewer.tests.dll" id="39d0228d-8323-660a-a8c8-1095e3c87e37">
      <Execution id="a103bb85-91e1-4321-b492-b47a0d9e91d6" />
      <TestMethod codeBase="D:\actions-runner\_work\XPCO\XPCO\LogServer\Viewer\VideoOS.LogViewer.Tests\bin\Debug\VideoOS.LogViewer.Tests.dll" adapterTypeName="executor://mstestadapter/v2" className="VideoOS.LogViewer.Tests.UI.ViewModels.AuditLogTabViewModelTests" name="FetchLoglinesAsync_ShouldUpdateLoglines_WithWhatILogReaderProvides" />
    </UnitTest>
    <UnitTest name="ExportNameErrorMessage_ShouldNotBeNull_IfNameContainsInvalidCharacter (&lt;)" storage="d:\actions-runner\_work\xpco\xpco\logserver\viewer\videoos.logviewer.tests\bin\debug\videoos.logviewer.tests.dll" id="24973383-9d5c-27aa-3427-ab5802340e79">
      <Execution id="21cda12c-ccd8-4bac-aff0-48be799642d7" />
      <TestMethod codeBase="D:\actions-runner\_work\XPCO\XPCO\LogServer\Viewer\VideoOS.LogViewer.Tests\bin\Debug\VideoOS.LogViewer.Tests.dll" adapterTypeName="executor://mstestadapter/v2" className="VideoOS.LogViewer.Tests.UI.ViewModels.ExportWindowViewModelTests" name="ExportNameErrorMessage_ShouldNotBeNull_IfNameContainsInvalidCharacter" />
    </UnitTest>
    <UnitTest name="LogExportCompleted_ShouldRegisterMessageIn2LanguagesIfFound" storage="d:\actions-runner\_work\xpco\xpco\logserver\viewer\videoos.logviewer.tests\bin\debug\videoos.logviewer.tests.dll" id="f5fac959-c014-35f1-9d8d-7ec9c73ac445">
      <Execution id="3a3c0220-45a1-46c4-9645-2a31489d5a71" />
      <TestMethod codeBase="D:\actions-runner\_work\XPCO\XPCO\LogServer\Viewer\VideoOS.LogViewer.Tests\bin\Debug\VideoOS.LogViewer.Tests.dll" adapterTypeName="executor://mstestadapter/v2" className="VideoOS.LogViewer.Tests.AuditLog.AuditLoggerTests" name="LogExportCompleted_ShouldRegisterMessageIn2LanguagesIfFound" />
    </UnitTest>
    <UnitTest name="Constructors_ShouldNotAllowInjectionOfNulls" storage="d:\actions-runner\_work\xpco\xpco\logserver\viewer\videoos.logviewer.tests\bin\debug\videoos.logviewer.tests.dll" id="e67b9597-62fd-d5dd-9723-961315f60ecd">
      <Execution id="e14e29a7-18c2-4901-b929-56e15f5cb697" />
      <TestMethod codeBase="D:\actions-runner\_work\XPCO\XPCO\LogServer\Viewer\VideoOS.LogViewer.Tests\bin\Debug\VideoOS.LogViewer.Tests.dll" adapterTypeName="executor://mstestadapter/v2" className="VideoOS.LogViewer.Tests.Export.CSVExportHandlerTests" name="Constructors_ShouldNotAllowInjectionOfNulls" />
    </UnitTest>
    <UnitTest name="LogExportCanceledToken_ShouldWriteLogline (Audit)" storage="d:\actions-runner\_work\xpco\xpco\logserver\viewer\videoos.logviewer.tests\bin\debug\videoos.logviewer.tests.dll" id="6424e692-4d3a-827a-decb-3ce5cb79fff5">
      <Execution id="d258a387-a1d1-4ca9-aa09-0018af3bb872" />
      <TestMethod codeBase="D:\actions-runner\_work\XPCO\XPCO\LogServer\Viewer\VideoOS.LogViewer.Tests\bin\Debug\VideoOS.LogViewer.Tests.dll" adapterTypeName="executor://mstestadapter/v2" className="VideoOS.LogViewer.Tests.AuditLog.AuditLoggerTests" name="LogExportCanceledToken_ShouldWriteLogline" />
    </UnitTest>
    <UnitTest name="BrowseExportPathCommand_ShouldNotSetExportPath_WhenDialogResultIsCancel" storage="d:\actions-runner\_work\xpco\xpco\logserver\viewer\videoos.logviewer.tests\bin\debug\videoos.logviewer.tests.dll" id="7cfba55f-af2e-51ee-1fc6-77349649ca80">
      <Execution id="ddfa836d-0eac-4afd-ad34-e84db3dd7ec8" />
      <TestMethod codeBase="D:\actions-runner\_work\XPCO\XPCO\LogServer\Viewer\VideoOS.LogViewer.Tests\bin\Debug\VideoOS.LogViewer.Tests.dll" adapterTypeName="executor://mstestadapter/v2" className="VideoOS.LogViewer.Tests.UI.ViewModels.ExportWindowViewModelTests" name="BrowseExportPathCommand_ShouldNotSetExportPath_WhenDialogResultIsCancel" />
    </UnitTest>
    <UnitTest name="ExportNameErrorMessage_ShouldNotBeNull_IfNameContainsInvalidCharacter (\)" storage="d:\actions-runner\_work\xpco\xpco\logserver\viewer\videoos.logviewer.tests\bin\debug\videoos.logviewer.tests.dll" id="8e51e57a-3c02-7b6a-ed8f-50f5d97d3f98">
      <Execution id="6c6fc708-47d4-4e96-aaba-df1a04c0e721" />
      <TestMethod codeBase="D:\actions-runner\_work\XPCO\XPCO\LogServer\Viewer\VideoOS.LogViewer.Tests\bin\Debug\VideoOS.LogViewer.Tests.dll" adapterTypeName="executor://mstestadapter/v2" className="VideoOS.LogViewer.Tests.UI.ViewModels.ExportWindowViewModelTests" name="ExportNameErrorMessage_ShouldNotBeNull_IfNameContainsInvalidCharacter" />
    </UnitTest>
    <UnitTest name="ExportCommand_ShouldNotStart_IfDirectoryIsNotFound" storage="d:\actions-runner\_work\xpco\xpco\logserver\viewer\videoos.logviewer.tests\bin\debug\videoos.logviewer.tests.dll" id="b756d462-b4ce-8d4e-0345-e12e3743da58">
      <Execution id="c4c2e60f-01da-43a8-a857-76a978d998fb" />
      <TestMethod codeBase="D:\actions-runner\_work\XPCO\XPCO\LogServer\Viewer\VideoOS.LogViewer.Tests\bin\Debug\VideoOS.LogViewer.Tests.dll" adapterTypeName="executor://mstestadapter/v2" className="VideoOS.LogViewer.Tests.UI.ViewModels.ExportWindowViewModelTests" name="ExportCommand_ShouldNotStart_IfDirectoryIsNotFound" />
    </UnitTest>
    <UnitTest name="StartExportAsync_ShouldNotIncludeFiltersInTheRuleTriggeredLogExport_IfNoFiltersAreApplied (Rule name)" storage="d:\actions-runner\_work\xpco\xpco\logserver\viewer\videoos.logviewer.tests\bin\debug\videoos.logviewer.tests.dll" id="dbb9b0e4-8d56-67a1-ad4d-3e9eddd46357">
      <Execution id="3d3bf9a9-6791-40ec-a078-d9bcce6256e8" />
      <TestMethod codeBase="D:\actions-runner\_work\XPCO\XPCO\LogServer\Viewer\VideoOS.LogViewer.Tests\bin\Debug\VideoOS.LogViewer.Tests.dll" adapterTypeName="executor://mstestadapter/v2" className="VideoOS.LogViewer.Tests.Export.CSVExportHandlerTests" name="StartExportAsync_ShouldNotIncludeFiltersInTheRuleTriggeredLogExport_IfNoFiltersAreApplied" />
    </UnitTest>
    <UnitTest name="IsExportCompleted_ShouldBeFalse_ByDefault" storage="d:\actions-runner\_work\xpco\xpco\logserver\viewer\videoos.logviewer.tests\bin\debug\videoos.logviewer.tests.dll" id="11f9f4b2-5437-9cfe-2670-5f5232039722">
      <Execution id="57502cae-bc13-416d-928d-711cbdb5686e" />
      <TestMethod codeBase="D:\actions-runner\_work\XPCO\XPCO\LogServer\Viewer\VideoOS.LogViewer.Tests\bin\Debug\VideoOS.LogViewer.Tests.dll" adapterTypeName="executor://mstestadapter/v2" className="VideoOS.LogViewer.Tests.Export.CSVExportHandlerTests" name="IsExportCompleted_ShouldBeFalse_ByDefault" />
    </UnitTest>
    <UnitTest name="LogExportCompleted_ShouldRegisterSourceType (System)" storage="d:\actions-runner\_work\xpco\xpco\logserver\viewer\videoos.logviewer.tests\bin\debug\videoos.logviewer.tests.dll" id="59137ad3-dd40-f13c-46d7-387be05a7947">
      <Execution id="5b01128c-8eb6-4629-b894-0e81a523e407" />
      <TestMethod codeBase="D:\actions-runner\_work\XPCO\XPCO\LogServer\Viewer\VideoOS.LogViewer.Tests\bin\Debug\VideoOS.LogViewer.Tests.dll" adapterTypeName="executor://mstestadapter/v2" className="VideoOS.LogViewer.Tests.AuditLog.AuditLoggerTests" name="LogExportCompleted_ShouldRegisterSourceType" />
    </UnitTest>
    <UnitTest name="StartExportAsync_ShouldExportAllSystemLogsWithinGivenTime_IfNoFiltersApplied" storage="d:\actions-runner\_work\xpco\xpco\logserver\viewer\videoos.logviewer.tests\bin\debug\videoos.logviewer.tests.dll" id="2cc97fb4-c8c3-68bd-98a4-2e1ba1b70114">
      <Execution id="9564111b-2544-4f66-bed3-f453be024e70" />
      <TestMethod codeBase="D:\actions-runner\_work\XPCO\XPCO\LogServer\Viewer\VideoOS.LogViewer.Tests\bin\Debug\VideoOS.LogViewer.Tests.dll" adapterTypeName="executor://mstestadapter/v2" className="VideoOS.LogViewer.Tests.Export.CSVExportHandlerTests" name="StartExportAsync_ShouldExportAllSystemLogsWithinGivenTime_IfNoFiltersApplied" />
    </UnitTest>
    <UnitTest name="LogExportCompleted_ShouldWriteLogline (System)" storage="d:\actions-runner\_work\xpco\xpco\logserver\viewer\videoos.logviewer.tests\bin\debug\videoos.logviewer.tests.dll" id="d4a7e8af-a8a5-68e4-52b9-ebc6a68e378e">
      <Execution id="948d7e35-3e02-4b2f-bb5a-110a9bb02bb8" />
      <TestMethod codeBase="D:\actions-runner\_work\XPCO\XPCO\LogServer\Viewer\VideoOS.LogViewer.Tests\bin\Debug\VideoOS.LogViewer.Tests.dll" adapterTypeName="executor://mstestadapter/v2" className="VideoOS.LogViewer.Tests.AuditLog.AuditLoggerTests" name="LogExportCompleted_ShouldWriteLogline" />
    </UnitTest>
    <UnitTest name="ExportProgress_ShouldBe100_IfExportHasBeenCompleted" storage="d:\actions-runner\_work\xpco\xpco\logserver\viewer\videoos.logviewer.tests\bin\debug\videoos.logviewer.tests.dll" id="8ce7b07a-e9c9-4f32-28f5-7986dbb6c536">
      <Execution id="f3ee570c-e648-4949-ac9b-1211324676a4" />
      <TestMethod codeBase="D:\actions-runner\_work\XPCO\XPCO\LogServer\Viewer\VideoOS.LogViewer.Tests\bin\Debug\VideoOS.LogViewer.Tests.dll" adapterTypeName="executor://mstestadapter/v2" className="VideoOS.LogViewer.Tests.Export.CSVExportHandlerTests" name="ExportProgress_ShouldBe100_IfExportHasBeenCompleted" />
    </UnitTest>
    <UnitTest name="InitializeCommand_ShouldDisplayErrorMessage_IfGetFilterValuesAsyncResultsInException" storage="d:\actions-runner\_work\xpco\xpco\logserver\viewer\videoos.logviewer.tests\bin\debug\videoos.logviewer.tests.dll" id="ca34cfe8-19ad-129c-d0df-2bac4e6a671f">
      <Execution id="b264377c-1f0a-474a-89c9-d2dae9a527fb" />
      <TestMethod codeBase="D:\actions-runner\_work\XPCO\XPCO\LogServer\Viewer\VideoOS.LogViewer.Tests\bin\Debug\VideoOS.LogViewer.Tests.dll" adapterTypeName="executor://mstestadapter/v2" className="VideoOS.LogViewer.Tests.UI.ViewModels.SystemLogTabViewModelTests" name="InitializeCommand_ShouldDisplayErrorMessage_IfGetFilterValuesAsyncResultsInException" />
    </UnitTest>
    <UnitTest name="LogExportCanceled_ShouldWriteLogline (System)" storage="d:\actions-runner\_work\xpco\xpco\logserver\viewer\videoos.logviewer.tests\bin\debug\videoos.logviewer.tests.dll" id="c82eb6ab-1fb1-d071-5b1d-2c0ec9d6c5f8">
      <Execution id="94d0f3e7-dea5-4f10-ba69-00300e61b460" />
      <TestMethod codeBase="D:\actions-runner\_work\XPCO\XPCO\LogServer\Viewer\VideoOS.LogViewer.Tests\bin\Debug\VideoOS.LogViewer.Tests.dll" adapterTypeName="executor://mstestadapter/v2" className="VideoOS.LogViewer.Tests.AuditLog.AuditLoggerTests" name="LogExportCanceled_ShouldWriteLogline" />
    </UnitTest>
    <UnitTest name="OnScrollChanged_ShouldTriggerFetchingMoreLoglines (True,100,100,True)" storage="d:\actions-runner\_work\xpco\xpco\logserver\viewer\videoos.logviewer.tests\bin\debug\videoos.logviewer.tests.dll" id="44926e15-2a81-d33c-d39d-a458d53ad743">
      <Execution id="5e4f43b1-88ea-43f9-8584-3293aac1553e" />
      <TestMethod codeBase="D:\actions-runner\_work\XPCO\XPCO\LogServer\Viewer\VideoOS.LogViewer.Tests\bin\Debug\VideoOS.LogViewer.Tests.dll" adapterTypeName="executor://mstestadapter/v2" className="VideoOS.LogViewer.Tests.UI.Views.LoglinesDataGridAutoFetchLogsBehaviorTests" name="OnScrollChanged_ShouldTriggerFetchingMoreLoglines" />
    </UnitTest>
    <UnitTest name="LogExportStarted_ShouldGenerateCorrectParameters (System)" storage="d:\actions-runner\_work\xpco\xpco\logserver\viewer\videoos.logviewer.tests\bin\debug\videoos.logviewer.tests.dll" id="71f7634d-62dc-7fe0-88a1-f72744b379e9">
      <Execution id="37f1b320-abf1-4bbe-90a8-1d4025d76353" />
      <TestMethod codeBase="D:\actions-runner\_work\XPCO\XPCO\LogServer\Viewer\VideoOS.LogViewer.Tests\bin\Debug\VideoOS.LogViewer.Tests.dll" adapterTypeName="executor://mstestadapter/v2" className="VideoOS.LogViewer.Tests.AuditLog.AuditLoggerTests" name="LogExportStarted_ShouldGenerateCorrectParameters" />
    </UnitTest>
    <UnitTest name="FetchLoglinesAsync_ShouldDisplayErrorMessage_IfFetchLoglinesAsyncResultsInException" storage="d:\actions-runner\_work\xpco\xpco\logserver\viewer\videoos.logviewer.tests\bin\debug\videoos.logviewer.tests.dll" id="d40f95f9-3216-70f9-2e01-e28d1cbaa89b">
      <Execution id="7457c349-9381-43fe-a07c-226bbd5a3cdf" />
      <TestMethod codeBase="D:\actions-runner\_work\XPCO\XPCO\LogServer\Viewer\VideoOS.LogViewer.Tests\bin\Debug\VideoOS.LogViewer.Tests.dll" adapterTypeName="executor://mstestadapter/v2" className="VideoOS.LogViewer.Tests.UI.ViewModels.AuditLogTabViewModelTests" name="FetchLoglinesAsync_ShouldDisplayErrorMessage_IfFetchLoglinesAsyncResultsInException" />
    </UnitTest>
    <UnitTest name="LogExportCompletedToken_ShouldRegisterSourceType (Audit)" storage="d:\actions-runner\_work\xpco\xpco\logserver\viewer\videoos.logviewer.tests\bin\debug\videoos.logviewer.tests.dll" id="4a09a532-8559-9191-76ed-2f4287fed6da">
      <Execution id="c05854b8-ce1d-4c2b-89ed-48a3ba0bfdd4" />
      <TestMethod codeBase="D:\actions-runner\_work\XPCO\XPCO\LogServer\Viewer\VideoOS.LogViewer.Tests\bin\Debug\VideoOS.LogViewer.Tests.dll" adapterTypeName="executor://mstestadapter/v2" className="VideoOS.LogViewer.Tests.AuditLog.AuditLoggerTests" name="LogExportCompletedToken_ShouldRegisterSourceType" />
    </UnitTest>
    <UnitTest name="LogExportCompletedToken_ShouldRegisterCategory (Audit)" storage="d:\actions-runner\_work\xpco\xpco\logserver\viewer\videoos.logviewer.tests\bin\debug\videoos.logviewer.tests.dll" id="319a4f04-e6a6-6df1-f2b0-d04ca1ddd696">
      <Execution id="bb817971-df3f-4af0-bc8c-5fc506943fc2" />
      <TestMethod codeBase="D:\actions-runner\_work\XPCO\XPCO\LogServer\Viewer\VideoOS.LogViewer.Tests\bin\Debug\VideoOS.LogViewer.Tests.dll" adapterTypeName="executor://mstestadapter/v2" className="VideoOS.LogViewer.Tests.AuditLog.AuditLoggerTests" name="LogExportCompletedToken_ShouldRegisterCategory" />
    </UnitTest>
    <UnitTest name="StartExportAsync_ShouldIncludeFiltersInTheRuleTriggeredLogExport_IfAnyApplied (Event type)" storage="d:\actions-runner\_work\xpco\xpco\logserver\viewer\videoos.logviewer.tests\bin\debug\videoos.logviewer.tests.dll" id="49a9aa3d-491b-c384-6063-8e962a49f145">
      <Execution id="a49ed45e-159f-41d0-a1a0-a8db2607836d" />
      <TestMethod codeBase="D:\actions-runner\_work\XPCO\XPCO\LogServer\Viewer\VideoOS.LogViewer.Tests\bin\Debug\VideoOS.LogViewer.Tests.dll" adapterTypeName="executor://mstestadapter/v2" className="VideoOS.LogViewer.Tests.Export.CSVExportHandlerTests" name="StartExportAsync_ShouldIncludeFiltersInTheRuleTriggeredLogExport_IfAnyApplied" />
    </UnitTest>
    <UnitTest name="LogExportCompleted_ShouldRegisterSourceType (Unknown)" storage="d:\actions-runner\_work\xpco\xpco\logserver\viewer\videoos.logviewer.tests\bin\debug\videoos.logviewer.tests.dll" id="0078f6a4-8b3a-f044-0781-bb221f605c9c">
      <Execution id="e5858b60-8734-4321-a6eb-d4b164e77af1" />
      <TestMethod codeBase="D:\actions-runner\_work\XPCO\XPCO\LogServer\Viewer\VideoOS.LogViewer.Tests\bin\Debug\VideoOS.LogViewer.Tests.dll" adapterTypeName="executor://mstestadapter/v2" className="VideoOS.LogViewer.Tests.AuditLog.AuditLoggerTests" name="LogExportCompleted_ShouldRegisterSourceType" />
    </UnitTest>
    <UnitTest name="StartExportAsync_ShouldNotIncludeFiltersInTheRuleTriggeredLogExport_IfNoFiltersAreApplied (Service name)" storage="d:\actions-runner\_work\xpco\xpco\logserver\viewer\videoos.logviewer.tests\bin\debug\videoos.logviewer.tests.dll" id="e2360ce0-e666-123d-5707-dd03e1761710">
      <Execution id="9f1e0c05-154a-4645-9902-407e8f743b17" />
      <TestMethod codeBase="D:\actions-runner\_work\XPCO\XPCO\LogServer\Viewer\VideoOS.LogViewer.Tests\bin\Debug\VideoOS.LogViewer.Tests.dll" adapterTypeName="executor://mstestadapter/v2" className="VideoOS.LogViewer.Tests.Export.CSVExportHandlerTests" name="StartExportAsync_ShouldNotIncludeFiltersInTheRuleTriggeredLogExport_IfNoFiltersAreApplied" />
    </UnitTest>
    <UnitTest name="FetchLoglinesAsync_ShouldDisplayErrorMessage_IfFetchLoglinesAsyncResultsInException" storage="d:\actions-runner\_work\xpco\xpco\logserver\viewer\videoos.logviewer.tests\bin\debug\videoos.logviewer.tests.dll" id="ccab813f-7695-9245-f20d-f7fc3e92ed1f">
      <Execution id="fe055538-5e58-4a77-b293-b004d4507267" />
      <TestMethod codeBase="D:\actions-runner\_work\XPCO\XPCO\LogServer\Viewer\VideoOS.LogViewer.Tests\bin\Debug\VideoOS.LogViewer.Tests.dll" adapterTypeName="executor://mstestadapter/v2" className="VideoOS.LogViewer.Tests.UI.ViewModels.RuleLogTabViewModelTests" name="FetchLoglinesAsync_ShouldDisplayErrorMessage_IfFetchLoglinesAsyncResultsInException" />
    </UnitTest>
    <UnitTest name="LogExportCanceledToken_ShouldWriteLogline (Unknown)" storage="d:\actions-runner\_work\xpco\xpco\logserver\viewer\videoos.logviewer.tests\bin\debug\videoos.logviewer.tests.dll" id="ee50dc86-324f-5f3c-2a58-159bdcf1873c">
      <Execution id="661e70ed-efa0-4864-9cf8-544628da2d5d" />
      <TestMethod codeBase="D:\actions-runner\_work\XPCO\XPCO\LogServer\Viewer\VideoOS.LogViewer.Tests\bin\Debug\VideoOS.LogViewer.Tests.dll" adapterTypeName="executor://mstestadapter/v2" className="VideoOS.LogViewer.Tests.AuditLog.AuditLoggerTests" name="LogExportCanceledToken_ShouldWriteLogline" />
    </UnitTest>
    <UnitTest name="LogExportCompletedToken_ShouldRegisterMessages (Unknown)" storage="d:\actions-runner\_work\xpco\xpco\logserver\viewer\videoos.logviewer.tests\bin\debug\videoos.logviewer.tests.dll" id="ef8e8214-92de-2292-fe46-0ebf40bdf876">
      <Execution id="fc14992a-af6e-4765-8d09-715ac08025c0" />
      <TestMethod codeBase="D:\actions-runner\_work\XPCO\XPCO\LogServer\Viewer\VideoOS.LogViewer.Tests\bin\Debug\VideoOS.LogViewer.Tests.dll" adapterTypeName="executor://mstestadapter/v2" className="VideoOS.LogViewer.Tests.AuditLog.AuditLoggerTests" name="LogExportCompletedToken_ShouldRegisterMessages" />
    </UnitTest>
    <UnitTest name="FetchLoglinesAsync_ShouldNotFetchMoreLoglines_IfAllLoglinesAreAlreadyFetched" storage="d:\actions-runner\_work\xpco\xpco\logserver\viewer\videoos.logviewer.tests\bin\debug\videoos.logviewer.tests.dll" id="2160afc6-ea21-09b1-6055-1f646d8e20af">
      <Execution id="95b611ad-1f9b-477c-87e1-97195a660b45" />
      <TestMethod codeBase="D:\actions-runner\_work\XPCO\XPCO\LogServer\Viewer\VideoOS.LogViewer.Tests\bin\Debug\VideoOS.LogViewer.Tests.dll" adapterTypeName="executor://mstestadapter/v2" className="VideoOS.LogViewer.Tests.UI.ViewModels.RuleLogTabViewModelTests" name="FetchLoglinesAsync_ShouldNotFetchMoreLoglines_IfAllLoglinesAreAlreadyFetched" />
    </UnitTest>
    <UnitTest name="LogExportStarted_ShouldWriteLogline (System)" storage="d:\actions-runner\_work\xpco\xpco\logserver\viewer\videoos.logviewer.tests\bin\debug\videoos.logviewer.tests.dll" id="5579d6db-d7e5-1505-ede9-9087ed1f4c4f">
      <Execution id="c2f45e4f-fbd8-48d3-85a7-d4e381da2014" />
      <TestMethod codeBase="D:\actions-runner\_work\XPCO\XPCO\LogServer\Viewer\VideoOS.LogViewer.Tests\bin\Debug\VideoOS.LogViewer.Tests.dll" adapterTypeName="executor://mstestadapter/v2" className="VideoOS.LogViewer.Tests.AuditLog.AuditLoggerTests" name="LogExportStarted_ShouldWriteLogline" />
    </UnitTest>
    <UnitTest name="ExportCommand_ShouldStartExport" storage="d:\actions-runner\_work\xpco\xpco\logserver\viewer\videoos.logviewer.tests\bin\debug\videoos.logviewer.tests.dll" id="39c3a435-d6af-0a21-0bab-b00c9e2b78d0">
      <Execution id="df28c77e-d3fa-4200-9d95-33ca5ba1a0d9" />
      <TestMethod codeBase="D:\actions-runner\_work\XPCO\XPCO\LogServer\Viewer\VideoOS.LogViewer.Tests\bin\Debug\VideoOS.LogViewer.Tests.dll" adapterTypeName="executor://mstestadapter/v2" className="VideoOS.LogViewer.Tests.UI.ViewModels.ExportWindowViewModelTests" name="ExportCommand_ShouldStartExport" />
    </UnitTest>
    <UnitTest name="InitializeCommand_ShouldDoInitialFetchOfLogs" storage="d:\actions-runner\_work\xpco\xpco\logserver\viewer\videoos.logviewer.tests\bin\debug\videoos.logviewer.tests.dll" id="bf974658-9d6b-85f4-4dd4-82307286367d">
      <Execution id="7255958b-aead-4cc1-bd05-269d583087be" />
      <TestMethod codeBase="D:\actions-runner\_work\XPCO\XPCO\LogServer\Viewer\VideoOS.LogViewer.Tests\bin\Debug\VideoOS.LogViewer.Tests.dll" adapterTypeName="executor://mstestadapter/v2" className="VideoOS.LogViewer.Tests.UI.ViewModels.SystemLogTabViewModelTests" name="InitializeCommand_ShouldDoInitialFetchOfLogs" />
    </UnitTest>
    <UnitTest name="LogExportCanceled_ShouldGenerateCorrectParameters (Audit)" storage="d:\actions-runner\_work\xpco\xpco\logserver\viewer\videoos.logviewer.tests\bin\debug\videoos.logviewer.tests.dll" id="2e75c949-3e69-abd0-4244-93d6fd5a6c18">
      <Execution id="e6509e7d-945b-428a-b4b1-f8d5df9e677c" />
      <TestMethod codeBase="D:\actions-runner\_work\XPCO\XPCO\LogServer\Viewer\VideoOS.LogViewer.Tests\bin\Debug\VideoOS.LogViewer.Tests.dll" adapterTypeName="executor://mstestadapter/v2" className="VideoOS.LogViewer.Tests.AuditLog.AuditLoggerTests" name="LogExportCanceled_ShouldGenerateCorrectParameters" />
    </UnitTest>
    <UnitTest name="ToggleDisplayAppliedFiltersOnlyCommand_ShouldDisplayOnlyAppliedFilters_WhenToggledForTheFirstTime" storage="d:\actions-runner\_work\xpco\xpco\logserver\viewer\videoos.logviewer.tests\bin\debug\videoos.logviewer.tests.dll" id="3d2d57a3-46fe-fe0a-7126-297641577363">
      <Execution id="1f5bc9ce-0654-4c95-ae01-7d23ca87d44c" />
      <TestMethod codeBase="D:\actions-runner\_work\XPCO\XPCO\LogServer\Viewer\VideoOS.LogViewer.Tests\bin\Debug\VideoOS.LogViewer.Tests.dll" adapterTypeName="executor://mstestadapter/v2" className="VideoOS.LogViewer.Tests.UI.ViewModels.FilterSelectionControlViewModelTests" name="ToggleDisplayAppliedFiltersOnlyCommand_ShouldDisplayOnlyAppliedFilters_WhenToggledForTheFirstTime" />
    </UnitTest>
    <UnitTest name="FetchLoglinesAsync_ShouldFetchLoglines_IfPreviousCallIsComplete" storage="d:\actions-runner\_work\xpco\xpco\logserver\viewer\videoos.logviewer.tests\bin\debug\videoos.logviewer.tests.dll" id="f89cef89-828a-0381-92d5-c4bddcf42705">
      <Execution id="f55c6c04-8214-4c19-9eb8-4db84fd2db06" />
      <TestMethod codeBase="D:\actions-runner\_work\XPCO\XPCO\LogServer\Viewer\VideoOS.LogViewer.Tests\bin\Debug\VideoOS.LogViewer.Tests.dll" adapterTypeName="executor://mstestadapter/v2" className="VideoOS.LogViewer.Tests.UI.ViewModels.RuleLogTabViewModelTests" name="FetchLoglinesAsync_ShouldFetchLoglines_IfPreviousCallIsComplete" />
    </UnitTest>
    <UnitTest name="ExportPathErrorMessage__ShouldNotBeNull_IfPathIsIllegal" storage="d:\actions-runner\_work\xpco\xpco\logserver\viewer\videoos.logviewer.tests\bin\debug\videoos.logviewer.tests.dll" id="0bfba3ec-fb5c-9307-d3b7-c7e6bc377d16">
      <Execution id="034f48bf-c486-4b84-8e6b-dace302a0816" />
      <TestMethod codeBase="D:\actions-runner\_work\XPCO\XPCO\LogServer\Viewer\VideoOS.LogViewer.Tests\bin\Debug\VideoOS.LogViewer.Tests.dll" adapterTypeName="executor://mstestadapter/v2" className="VideoOS.LogViewer.Tests.UI.ViewModels.ExportWindowViewModelTests" name="ExportPathErrorMessage__ShouldNotBeNull_IfPathIsIllegal" />
    </UnitTest>
    <UnitTest name="StartExportAsync_ShouldIncludeFiltersInTheRuleTriggeredLogExport_IfAnyApplied (Service name)" storage="d:\actions-runner\_work\xpco\xpco\logserver\viewer\videoos.logviewer.tests\bin\debug\videoos.logviewer.tests.dll" id="655a0c13-4b4e-d198-f983-c02395713772">
      <Execution id="486ea94b-b1a7-409f-a256-c084a7732b64" />
      <TestMethod codeBase="D:\actions-runner\_work\XPCO\XPCO\LogServer\Viewer\VideoOS.LogViewer.Tests\bin\Debug\VideoOS.LogViewer.Tests.dll" adapterTypeName="executor://mstestadapter/v2" className="VideoOS.LogViewer.Tests.Export.CSVExportHandlerTests" name="StartExportAsync_ShouldIncludeFiltersInTheRuleTriggeredLogExport_IfAnyApplied" />
    </UnitTest>
    <UnitTest name="Constructors_ShouldNotAllowInjectionOfNulls" storage="d:\actions-runner\_work\xpco\xpco\logserver\viewer\videoos.logviewer.tests\bin\debug\videoos.logviewer.tests.dll" id="7af781cd-399d-ab95-7bf8-2c61d76a11b4">
      <Execution id="5544348e-a411-4122-a08f-c6a495ed0891" />
      <TestMethod codeBase="D:\actions-runner\_work\XPCO\XPCO\LogServer\Viewer\VideoOS.LogViewer.Tests\bin\Debug\VideoOS.LogViewer.Tests.dll" adapterTypeName="executor://mstestadapter/v2" className="VideoOS.LogViewer.Tests.UI.ViewModels.RuleLogTabViewModelTests" name="Constructors_ShouldNotAllowInjectionOfNulls" />
    </UnitTest>
    <UnitTest name="FromTime_ShouldBeAdjusted_IfToTimeIsSetToEarlierTime" storage="d:\actions-runner\_work\xpco\xpco\logserver\viewer\videoos.logviewer.tests\bin\debug\videoos.logviewer.tests.dll" id="986e2cab-3617-88d9-614e-38fa80a368cb">
      <Execution id="37df7242-3777-4554-b688-a0d51c375ee3" />
      <TestMethod codeBase="D:\actions-runner\_work\XPCO\XPCO\LogServer\Viewer\VideoOS.LogViewer.Tests\bin\Debug\VideoOS.LogViewer.Tests.dll" adapterTypeName="executor://mstestadapter/v2" className="VideoOS.LogViewer.Tests.UI.ViewModels.RuleLogTabViewModelTests" name="FromTime_ShouldBeAdjusted_IfToTimeIsSetToEarlierTime" />
    </UnitTest>
    <UnitTest name="IsClearSearchVisible_ShouldBeFalse_IfSearchTextIsEmpty" storage="d:\actions-runner\_work\xpco\xpco\logserver\viewer\videoos.logviewer.tests\bin\debug\videoos.logviewer.tests.dll" id="92225fc8-16dd-2374-6ab7-a29bb5f3b8fe">
      <Execution id="d56102cc-e6d7-4820-b553-25e6cd2eef9a" />
      <TestMethod codeBase="D:\actions-runner\_work\XPCO\XPCO\LogServer\Viewer\VideoOS.LogViewer.Tests\bin\Debug\VideoOS.LogViewer.Tests.dll" adapterTypeName="executor://mstestadapter/v2" className="VideoOS.LogViewer.Tests.UI.ViewModels.FilterSelectionControlViewModelTests" name="IsClearSearchVisible_ShouldBeFalse_IfSearchTextIsEmpty" />
    </UnitTest>
    <UnitTest name="LogExportStartedToken_ShouldWriteLogline (Rule)" storage="d:\actions-runner\_work\xpco\xpco\logserver\viewer\videoos.logviewer.tests\bin\debug\videoos.logviewer.tests.dll" id="18e27c0c-0446-ac82-10a9-013debd8222a">
      <Execution id="c1560693-4148-4762-bb93-a18ddb8da14f" />
      <TestMethod codeBase="D:\actions-runner\_work\XPCO\XPCO\LogServer\Viewer\VideoOS.LogViewer.Tests\bin\Debug\VideoOS.LogViewer.Tests.dll" adapterTypeName="executor://mstestadapter/v2" className="VideoOS.LogViewer.Tests.AuditLog.AuditLoggerTests" name="LogExportStartedToken_ShouldWriteLogline" />
    </UnitTest>
    <UnitTest name="Constructors_ShouldNotAllowInjectionOfNulls" storage="d:\actions-runner\_work\xpco\xpco\logserver\viewer\videoos.logviewer.tests\bin\debug\videoos.logviewer.tests.dll" id="141d276b-8dfa-c928-a06f-164dfdb8946a">
      <Execution id="eed3867e-eb31-4839-9339-b4d0ca7bdf1e" />
      <TestMethod codeBase="D:\actions-runner\_work\XPCO\XPCO\LogServer\Viewer\VideoOS.LogViewer.Tests\bin\Debug\VideoOS.LogViewer.Tests.dll" adapterTypeName="executor://mstestadapter/v2" className="VideoOS.LogViewer.Tests.UI.ViewModels.LogViewerPanelViewModelTests" name="Constructors_ShouldNotAllowInjectionOfNulls" />
    </UnitTest>
    <UnitTest name="ExportNameErrorMessage_ShouldBeNull_IfFileDoesNotExist" storage="d:\actions-runner\_work\xpco\xpco\logserver\viewer\videoos.logviewer.tests\bin\debug\videoos.logviewer.tests.dll" id="f8c551bb-0a3d-688a-3234-2e8b907647f9">
      <Execution id="271a3f40-30ee-4661-a8c5-bd70ffdf1277" />
      <TestMethod codeBase="D:\actions-runner\_work\XPCO\XPCO\LogServer\Viewer\VideoOS.LogViewer.Tests\bin\Debug\VideoOS.LogViewer.Tests.dll" adapterTypeName="executor://mstestadapter/v2" className="VideoOS.LogViewer.Tests.UI.ViewModels.ExportWindowViewModelTests" name="ExportNameErrorMessage_ShouldBeNull_IfFileDoesNotExist" />
    </UnitTest>
    <UnitTest name="FetchLoglinesAsync_ShouldNotModify_WhatILogReaderProvides" storage="d:\actions-runner\_work\xpco\xpco\logserver\viewer\videoos.logviewer.tests\bin\debug\videoos.logviewer.tests.dll" id="3450b5ea-8e1a-df85-811e-9f3db8140adf">
      <Execution id="5d8bdf84-1a53-40d1-bd30-178403b3f79f" />
      <TestMethod codeBase="D:\actions-runner\_work\XPCO\XPCO\LogServer\Viewer\VideoOS.LogViewer.Tests\bin\Debug\VideoOS.LogViewer.Tests.dll" adapterTypeName="executor://mstestadapter/v2" className="VideoOS.LogViewer.Tests.UI.ViewModels.RuleLogTabViewModelTests" name="FetchLoglinesAsync_ShouldNotModify_WhatILogReaderProvides" />
    </UnitTest>
    <UnitTest name="ExportNameErrorMessage_ShouldNotBeNull_IfFileAlreadyExists" storage="d:\actions-runner\_work\xpco\xpco\logserver\viewer\videoos.logviewer.tests\bin\debug\videoos.logviewer.tests.dll" id="8d62ae03-a1c7-b35c-fd3c-655dad65ccd0">
      <Execution id="5ea43e45-8e1a-43f0-b75a-cbc22d56a986" />
      <TestMethod codeBase="D:\actions-runner\_work\XPCO\XPCO\LogServer\Viewer\VideoOS.LogViewer.Tests\bin\Debug\VideoOS.LogViewer.Tests.dll" adapterTypeName="executor://mstestadapter/v2" className="VideoOS.LogViewer.Tests.UI.ViewModels.ExportWindowViewModelTests" name="ExportNameErrorMessage_ShouldNotBeNull_IfFileAlreadyExists" />
    </UnitTest>
    <UnitTest name="StartExportAsync_ShouldIncludeFiltersInTheAuditLogExport_IfAnyApplied (Category)" storage="d:\actions-runner\_work\xpco\xpco\logserver\viewer\videoos.logviewer.tests\bin\debug\videoos.logviewer.tests.dll" id="e006e369-cdcf-10d4-bbb4-105fbc142dfd">
      <Execution id="558cf7f9-cb5b-4820-a79c-5265aa82f454" />
      <TestMethod codeBase="D:\actions-runner\_work\XPCO\XPCO\LogServer\Viewer\VideoOS.LogViewer.Tests\bin\Debug\VideoOS.LogViewer.Tests.dll" adapterTypeName="executor://mstestadapter/v2" className="VideoOS.LogViewer.Tests.Export.CSVExportHandlerTests" name="StartExportAsync_ShouldIncludeFiltersInTheAuditLogExport_IfAnyApplied" />
    </UnitTest>
    <UnitTest name="Constructors_ShouldNotAllowInjectionOfNulls" storage="d:\actions-runner\_work\xpco\xpco\logserver\viewer\videoos.logviewer.tests\bin\debug\videoos.logviewer.tests.dll" id="131b6780-72ce-0697-3180-4ff69d75358b">
      <Execution id="7b314038-ac9f-4a83-ad01-2c544839847d" />
      <TestMethod codeBase="D:\actions-runner\_work\XPCO\XPCO\LogServer\Viewer\VideoOS.LogViewer.Tests\bin\Debug\VideoOS.LogViewer.Tests.dll" adapterTypeName="executor://mstestadapter/v2" className="VideoOS.LogViewer.Tests.AuditLog.AuditLoggerTests" name="Constructors_ShouldNotAllowInjectionOfNulls" />
    </UnitTest>
    <UnitTest name="CancelCommand_ShouldStopTheExport_IfItsInProgress" storage="d:\actions-runner\_work\xpco\xpco\logserver\viewer\videoos.logviewer.tests\bin\debug\videoos.logviewer.tests.dll" id="23b83e59-b71a-c931-5aaa-959a06972edc">
      <Execution id="cae15dbd-e3d4-4dd2-93ce-64beb738867d" />
      <TestMethod codeBase="D:\actions-runner\_work\XPCO\XPCO\LogServer\Viewer\VideoOS.LogViewer.Tests\bin\Debug\VideoOS.LogViewer.Tests.dll" adapterTypeName="executor://mstestadapter/v2" className="VideoOS.LogViewer.Tests.UI.ViewModels.ExportWindowViewModelTests" name="CancelCommand_ShouldStopTheExport_IfItsInProgress" />
    </UnitTest>
    <UnitTest name="StartExportAsync_ShouldNotIncludeFiltersInTheRuleTriggeredLogExport_IfNoFiltersAreApplied (Source name)" storage="d:\actions-runner\_work\xpco\xpco\logserver\viewer\videoos.logviewer.tests\bin\debug\videoos.logviewer.tests.dll" id="c7735bc1-caf7-f869-d25f-8256a23ad688">
      <Execution id="25d9351d-3cec-4e08-8d82-d6adb08d9b99" />
      <TestMethod codeBase="D:\actions-runner\_work\XPCO\XPCO\LogServer\Viewer\VideoOS.LogViewer.Tests\bin\Debug\VideoOS.LogViewer.Tests.dll" adapterTypeName="executor://mstestadapter/v2" className="VideoOS.LogViewer.Tests.Export.CSVExportHandlerTests" name="StartExportAsync_ShouldNotIncludeFiltersInTheRuleTriggeredLogExport_IfNoFiltersAreApplied" />
    </UnitTest>
    <UnitTest name="FetchLoglinesAsync_ShouldDisplayErrorMessage_IfFetchLoglinesAsyncResultsInException" storage="d:\actions-runner\_work\xpco\xpco\logserver\viewer\videoos.logviewer.tests\bin\debug\videoos.logviewer.tests.dll" id="0665573d-6704-8548-10c9-d20ded516d75">
      <Execution id="e01a90ff-dba8-428d-978e-89801b3f869b" />
      <TestMethod codeBase="D:\actions-runner\_work\XPCO\XPCO\LogServer\Viewer\VideoOS.LogViewer.Tests\bin\Debug\VideoOS.LogViewer.Tests.dll" adapterTypeName="executor://mstestadapter/v2" className="VideoOS.LogViewer.Tests.UI.ViewModels.SystemLogTabViewModelTests" name="FetchLoglinesAsync_ShouldDisplayErrorMessage_IfFetchLoglinesAsyncResultsInException" />
    </UnitTest>
    <UnitTest name="Create_ShouldPassRuleLogTab_ToTheLogViewerPanelViewModelConstructor" storage="d:\actions-runner\_work\xpco\xpco\logserver\viewer\videoos.logviewer.tests\bin\debug\videoos.logviewer.tests.dll" id="9cb11d1e-83aa-2c36-8cb8-f6bf767d1298">
      <Execution id="611fec04-0f9a-445c-a802-46192cdabdf1" />
      <TestMethod codeBase="D:\actions-runner\_work\XPCO\XPCO\LogServer\Viewer\VideoOS.LogViewer.Tests\bin\Debug\VideoOS.LogViewer.Tests.dll" adapterTypeName="executor://mstestadapter/v2" className="VideoOS.LogViewer.Tests.UI.ViewModels.LogViewerPanelViewModelFactoryTests" name="Create_ShouldPassRuleLogTab_ToTheLogViewerPanelViewModelConstructor" />
    </UnitTest>
    <UnitTest name="LogExportCompletedToken_ShouldWriteLogline (Unknown)" storage="d:\actions-runner\_work\xpco\xpco\logserver\viewer\videoos.logviewer.tests\bin\debug\videoos.logviewer.tests.dll" id="c5d7cc29-cec2-0906-41b4-e150e07404c5">
      <Execution id="303abd02-3302-4c3a-8983-de61eae33b7d" />
      <TestMethod codeBase="D:\actions-runner\_work\XPCO\XPCO\LogServer\Viewer\VideoOS.LogViewer.Tests\bin\Debug\VideoOS.LogViewer.Tests.dll" adapterTypeName="executor://mstestadapter/v2" className="VideoOS.LogViewer.Tests.AuditLog.AuditLoggerTests" name="LogExportCompletedToken_ShouldWriteLogline" />
    </UnitTest>
    <UnitTest name="LogExportCompleted_ShouldRegisterMessages (Unknown)" storage="d:\actions-runner\_work\xpco\xpco\logserver\viewer\videoos.logviewer.tests\bin\debug\videoos.logviewer.tests.dll" id="41d63617-722f-2318-e2f3-dbb65350cdba">
      <Execution id="bc7caba3-1e40-4406-a85b-eedc67a87380" />
      <TestMethod codeBase="D:\actions-runner\_work\XPCO\XPCO\LogServer\Viewer\VideoOS.LogViewer.Tests\bin\Debug\VideoOS.LogViewer.Tests.dll" adapterTypeName="executor://mstestadapter/v2" className="VideoOS.LogViewer.Tests.AuditLog.AuditLoggerTests" name="LogExportCompleted_ShouldRegisterMessages" />
    </UnitTest>
    <UnitTest name="ExportErrorMessage_ShouldNotBeNull_IfExportHasFailed" storage="d:\actions-runner\_work\xpco\xpco\logserver\viewer\videoos.logviewer.tests\bin\debug\videoos.logviewer.tests.dll" id="6ecd42de-834d-c4e7-c131-8f83484b4b73">
      <Execution id="5118e80b-d39a-4aca-bd37-5c17014f3b88" />
      <TestMethod codeBase="D:\actions-runner\_work\XPCO\XPCO\LogServer\Viewer\VideoOS.LogViewer.Tests\bin\Debug\VideoOS.LogViewer.Tests.dll" adapterTypeName="executor://mstestadapter/v2" className="VideoOS.LogViewer.Tests.Export.CSVExportHandlerTests" name="ExportErrorMessage_ShouldNotBeNull_IfExportHasFailed" />
    </UnitTest>
    <UnitTest name="ExportPathErrorMessage__ShouldNotBeNull_IfPathIsTooLong" storage="d:\actions-runner\_work\xpco\xpco\logserver\viewer\videoos.logviewer.tests\bin\debug\videoos.logviewer.tests.dll" id="5a82c354-672f-8cdb-93d1-349ec291b376">
      <Execution id="4e80802a-37c2-4bec-89be-5da4003114b7" />
      <TestMethod codeBase="D:\actions-runner\_work\XPCO\XPCO\LogServer\Viewer\VideoOS.LogViewer.Tests\bin\Debug\VideoOS.LogViewer.Tests.dll" adapterTypeName="executor://mstestadapter/v2" className="VideoOS.LogViewer.Tests.UI.ViewModels.ExportWindowViewModelTests" name="ExportPathErrorMessage__ShouldNotBeNull_IfPathIsTooLong" />
    </UnitTest>
    <UnitTest name="LogExportCompleted_ShouldWriteLogline (Unknown)" storage="d:\actions-runner\_work\xpco\xpco\logserver\viewer\videoos.logviewer.tests\bin\debug\videoos.logviewer.tests.dll" id="97e13f2d-1e16-be2e-43e2-6e7d3c174fa4">
      <Execution id="d0a79f7a-7cb3-4e69-ac80-1971af8e6b41" />
      <TestMethod codeBase="D:\actions-runner\_work\XPCO\XPCO\LogServer\Viewer\VideoOS.LogViewer.Tests\bin\Debug\VideoOS.LogViewer.Tests.dll" adapterTypeName="executor://mstestadapter/v2" className="VideoOS.LogViewer.Tests.AuditLog.AuditLoggerTests" name="LogExportCompleted_ShouldWriteLogline" />
    </UnitTest>
    <UnitTest name="LogExportCompletedToken_ShouldWriteLogline (System)" storage="d:\actions-runner\_work\xpco\xpco\logserver\viewer\videoos.logviewer.tests\bin\debug\videoos.logviewer.tests.dll" id="a80d2c88-6278-67cf-27d3-cf05ec5e6f40">
      <Execution id="4ec48c49-89ac-4b1d-b44d-eb35756cb59f" />
      <TestMethod codeBase="D:\actions-runner\_work\XPCO\XPCO\LogServer\Viewer\VideoOS.LogViewer.Tests\bin\Debug\VideoOS.LogViewer.Tests.dll" adapterTypeName="executor://mstestadapter/v2" className="VideoOS.LogViewer.Tests.AuditLog.AuditLoggerTests" name="LogExportCompletedToken_ShouldWriteLogline" />
    </UnitTest>
    <UnitTest name="ResetSelection_ShouldSetVisibilityOnAllItemsToVisible" storage="d:\actions-runner\_work\xpco\xpco\logserver\viewer\videoos.logviewer.tests\bin\debug\videoos.logviewer.tests.dll" id="58fca637-e9aa-210c-81fc-86e7e6582798">
      <Execution id="9eb00e05-d23a-44ed-8c41-2453bb891a00" />
      <TestMethod codeBase="D:\actions-runner\_work\XPCO\XPCO\LogServer\Viewer\VideoOS.LogViewer.Tests\bin\Debug\VideoOS.LogViewer.Tests.dll" adapterTypeName="executor://mstestadapter/v2" className="VideoOS.LogViewer.Tests.UI.ViewModels.FilterSelectionControlViewModelTests" name="ResetSelection_ShouldSetVisibilityOnAllItemsToVisible" />
    </UnitTest>
    <UnitTest name="LogExportCompletedToken_ShouldWriteLogline (Audit)" storage="d:\actions-runner\_work\xpco\xpco\logserver\viewer\videoos.logviewer.tests\bin\debug\videoos.logviewer.tests.dll" id="48a9a022-a1fe-ffd1-b9ca-fcf937ab6db1">
      <Execution id="09dd4fd2-88da-490e-a4dc-639483747989" />
      <TestMethod codeBase="D:\actions-runner\_work\XPCO\XPCO\LogServer\Viewer\VideoOS.LogViewer.Tests\bin\Debug\VideoOS.LogViewer.Tests.dll" adapterTypeName="executor://mstestadapter/v2" className="VideoOS.LogViewer.Tests.AuditLog.AuditLoggerTests" name="LogExportCompletedToken_ShouldWriteLogline" />
    </UnitTest>
    <UnitTest name="OpenExportDestinationFolderCommand_ShouldStartTheProcessThatOpensDestinationFolder" storage="d:\actions-runner\_work\xpco\xpco\logserver\viewer\videoos.logviewer.tests\bin\debug\videoos.logviewer.tests.dll" id="54981a59-30e7-b290-ff1f-47c6157d20e2">
      <Execution id="82c415be-adae-40d0-a7ed-e1db4a1c237f" />
      <TestMethod codeBase="D:\actions-runner\_work\XPCO\XPCO\LogServer\Viewer\VideoOS.LogViewer.Tests\bin\Debug\VideoOS.LogViewer.Tests.dll" adapterTypeName="executor://mstestadapter/v2" className="VideoOS.LogViewer.Tests.UI.ViewModels.ExportWindowViewModelTests" name="OpenExportDestinationFolderCommand_ShouldStartTheProcessThatOpensDestinationFolder" />
    </UnitTest>
    <UnitTest name="ExportCommand_ShouldNotStart_IfDirectoryPathIsTooLong" storage="d:\actions-runner\_work\xpco\xpco\logserver\viewer\videoos.logviewer.tests\bin\debug\videoos.logviewer.tests.dll" id="c27c7cea-460f-11d6-7c20-f333765b0a0e">
      <Execution id="b0b8c652-2eaa-410a-8607-abf38bbd71c7" />
      <TestMethod codeBase="D:\actions-runner\_work\XPCO\XPCO\LogServer\Viewer\VideoOS.LogViewer.Tests\bin\Debug\VideoOS.LogViewer.Tests.dll" adapterTypeName="executor://mstestadapter/v2" className="VideoOS.LogViewer.Tests.UI.ViewModels.ExportWindowViewModelTests" name="ExportCommand_ShouldNotStart_IfDirectoryPathIsTooLong" />
    </UnitTest>
    <UnitTest name="ApplyFiltersCommand_ShouldQueryRuleLogs_InProvidedLanguage" storage="d:\actions-runner\_work\xpco\xpco\logserver\viewer\videoos.logviewer.tests\bin\debug\videoos.logviewer.tests.dll" id="0751a3c8-7e22-a7f8-c6e3-a05dbf8f920f">
      <Execution id="50e9bf7d-ea9f-4cd9-af32-c0653f9fe2e8" />
      <TestMethod codeBase="D:\actions-runner\_work\XPCO\XPCO\LogServer\Viewer\VideoOS.LogViewer.Tests\bin\Debug\VideoOS.LogViewer.Tests.dll" adapterTypeName="executor://mstestadapter/v2" className="VideoOS.LogViewer.Tests.UI.ViewModels.RuleLogTabViewModelTests" name="ApplyFiltersCommand_ShouldQueryRuleLogs_InProvidedLanguage" />
    </UnitTest>
    <UnitTest name="Create_ShouldCreateAnInstanceOfExportWindowViewModel" storage="d:\actions-runner\_work\xpco\xpco\logserver\viewer\videoos.logviewer.tests\bin\debug\videoos.logviewer.tests.dll" id="e6d90400-8aa0-3ed6-4a85-567cdd039b88">
      <Execution id="a3e53f5a-363c-4555-9ccd-880e98ba7051" />
      <TestMethod codeBase="D:\actions-runner\_work\XPCO\XPCO\LogServer\Viewer\VideoOS.LogViewer.Tests\bin\Debug\VideoOS.LogViewer.Tests.dll" adapterTypeName="executor://mstestadapter/v2" className="VideoOS.LogViewer.Tests.UI.ViewModels.ExportWindowViewModelFactoryTests" name="Create_ShouldCreateAnInstanceOfExportWindowViewModel" />
    </UnitTest>
    <UnitTest name="IsExportCompleted_ShouldBeTrue_IfExportHasFinished" storage="d:\actions-runner\_work\xpco\xpco\logserver\viewer\videoos.logviewer.tests\bin\debug\videoos.logviewer.tests.dll" id="d55f7045-cb14-0f93-4610-ae875d162f50">
      <Execution id="c44d7965-331f-446d-b0dd-29a749bc4769" />
      <TestMethod codeBase="D:\actions-runner\_work\XPCO\XPCO\LogServer\Viewer\VideoOS.LogViewer.Tests\bin\Debug\VideoOS.LogViewer.Tests.dll" adapterTypeName="executor://mstestadapter/v2" className="VideoOS.LogViewer.Tests.Export.CSVExportHandlerTests" name="IsExportCompleted_ShouldBeTrue_IfExportHasFinished" />
    </UnitTest>
    <UnitTest name="InitializeCommand_ShouldDoInitialFetchOfLogs" storage="d:\actions-runner\_work\xpco\xpco\logserver\viewer\videoos.logviewer.tests\bin\debug\videoos.logviewer.tests.dll" id="69b16011-8d93-77d0-63a4-943955ce1b67">
      <Execution id="b87cc332-a463-4c44-836d-8d87bc88699b" />
      <TestMethod codeBase="D:\actions-runner\_work\XPCO\XPCO\LogServer\Viewer\VideoOS.LogViewer.Tests\bin\Debug\VideoOS.LogViewer.Tests.dll" adapterTypeName="executor://mstestadapter/v2" className="VideoOS.LogViewer.Tests.UI.ViewModels.RuleLogTabViewModelTests" name="InitializeCommand_ShouldDoInitialFetchOfLogs" />
    </UnitTest>
    <UnitTest name="ExportNameErrorMessage_ShouldNotBeNull_IfNameContainsInvalidCharacter (?)" storage="d:\actions-runner\_work\xpco\xpco\logserver\viewer\videoos.logviewer.tests\bin\debug\videoos.logviewer.tests.dll" id="45304466-fdf7-335e-8a7b-9b72ad76c4de">
      <Execution id="4443d70a-36a2-4861-8d35-881ab056e82d" />
      <TestMethod codeBase="D:\actions-runner\_work\XPCO\XPCO\LogServer\Viewer\VideoOS.LogViewer.Tests\bin\Debug\VideoOS.LogViewer.Tests.dll" adapterTypeName="executor://mstestadapter/v2" className="VideoOS.LogViewer.Tests.UI.ViewModels.ExportWindowViewModelTests" name="ExportNameErrorMessage_ShouldNotBeNull_IfNameContainsInvalidCharacter" />
    </UnitTest>
    <UnitTest name="InitializeCommand_ShouldDisplayErrorMessage_IfGetFilterValuesAsyncResultsInException" storage="d:\actions-runner\_work\xpco\xpco\logserver\viewer\videoos.logviewer.tests\bin\debug\videoos.logviewer.tests.dll" id="ce330a3a-d115-ba5c-dc19-43f1531e4548">
      <Execution id="a3e75ce6-dd59-416c-8bbc-5e1d11385e98" />
      <TestMethod codeBase="D:\actions-runner\_work\XPCO\XPCO\LogServer\Viewer\VideoOS.LogViewer.Tests\bin\Debug\VideoOS.LogViewer.Tests.dll" adapterTypeName="executor://mstestadapter/v2" className="VideoOS.LogViewer.Tests.UI.ViewModels.AuditLogTabViewModelTests" name="InitializeCommand_ShouldDisplayErrorMessage_IfGetFilterValuesAsyncResultsInException" />
    </UnitTest>
    <UnitTest name="LogExportCompleted_ShouldRegisterCategory (System)" storage="d:\actions-runner\_work\xpco\xpco\logserver\viewer\videoos.logviewer.tests\bin\debug\videoos.logviewer.tests.dll" id="bc411907-762e-f7d3-616e-09d135af5a37">
      <Execution id="f8c91c45-0110-4704-9dcf-133aebadc921" />
      <TestMethod codeBase="D:\actions-runner\_work\XPCO\XPCO\LogServer\Viewer\VideoOS.LogViewer.Tests\bin\Debug\VideoOS.LogViewer.Tests.dll" adapterTypeName="executor://mstestadapter/v2" className="VideoOS.LogViewer.Tests.AuditLog.AuditLoggerTests" name="LogExportCompleted_ShouldRegisterCategory" />
    </UnitTest>
    <UnitTest name="Constructors_ShouldNotAllowInjectionOfNulls" storage="d:\actions-runner\_work\xpco\xpco\logserver\viewer\videoos.logviewer.tests\bin\debug\videoos.logviewer.tests.dll" id="7826c7a3-2e65-4760-2cca-897b0037617a">
      <Execution id="df5c9fcf-d05d-4480-b062-758f488e2119" />
      <TestMethod codeBase="D:\actions-runner\_work\XPCO\XPCO\LogServer\Viewer\VideoOS.LogViewer.Tests\bin\Debug\VideoOS.LogViewer.Tests.dll" adapterTypeName="executor://mstestadapter/v2" className="VideoOS.LogViewer.Tests.UI.ViewModels.ExportWindowViewModelTests" name="Constructors_ShouldNotAllowInjectionOfNulls" />
    </UnitTest>
    <UnitTest name="LogExportStartedToken_ShouldGenerateCorrectParameters (Unknown)" storage="d:\actions-runner\_work\xpco\xpco\logserver\viewer\videoos.logviewer.tests\bin\debug\videoos.logviewer.tests.dll" id="eb5ce628-8e13-63df-01c5-f204fe1dc426">
      <Execution id="442ac1a9-1066-4b26-ae53-889d019166b2" />
      <TestMethod codeBase="D:\actions-runner\_work\XPCO\XPCO\LogServer\Viewer\VideoOS.LogViewer.Tests\bin\Debug\VideoOS.LogViewer.Tests.dll" adapterTypeName="executor://mstestadapter/v2" className="VideoOS.LogViewer.Tests.AuditLog.AuditLoggerTests" name="LogExportStartedToken_ShouldGenerateCorrectParameters" />
    </UnitTest>
    <UnitTest name="IsExportStarted_ShouldBeTrue_WhenExportIsStarted" storage="d:\actions-runner\_work\xpco\xpco\logserver\viewer\videoos.logviewer.tests\bin\debug\videoos.logviewer.tests.dll" id="c3f6da99-021a-8a45-4133-72be04443522">
      <Execution id="c20ca7b5-528b-4e38-af81-ef6c3e5c2f3a" />
      <TestMethod codeBase="D:\actions-runner\_work\XPCO\XPCO\LogServer\Viewer\VideoOS.LogViewer.Tests\bin\Debug\VideoOS.LogViewer.Tests.dll" adapterTypeName="executor://mstestadapter/v2" className="VideoOS.LogViewer.Tests.Export.CSVExportHandlerTests" name="IsExportStarted_ShouldBeTrue_WhenExportIsStarted" />
    </UnitTest>
    <UnitTest name="StartExportAsync_ShouldExportAllAuditLogsWithinGivenTime_IfNoFiltersApplied" storage="d:\actions-runner\_work\xpco\xpco\logserver\viewer\videoos.logviewer.tests\bin\debug\videoos.logviewer.tests.dll" id="73b61a45-bc61-074d-1187-832d1c05ee52">
      <Execution id="7f1002b9-100c-4b0d-9d2d-cf1f460e02c3" />
      <TestMethod codeBase="D:\actions-runner\_work\XPCO\XPCO\LogServer\Viewer\VideoOS.LogViewer.Tests\bin\Debug\VideoOS.LogViewer.Tests.dll" adapterTypeName="executor://mstestadapter/v2" className="VideoOS.LogViewer.Tests.Export.CSVExportHandlerTests" name="StartExportAsync_ShouldExportAllAuditLogsWithinGivenTime_IfNoFiltersApplied" />
    </UnitTest>
    <UnitTest name="LogExportStartedToken_ShouldWriteLogline (Unknown)" storage="d:\actions-runner\_work\xpco\xpco\logserver\viewer\videoos.logviewer.tests\bin\debug\videoos.logviewer.tests.dll" id="0ad00e78-6b7f-c193-7bcf-0b2d694ff860">
      <Execution id="a8b130d3-ad6e-47c6-8794-f9287bf527cc" />
      <TestMethod codeBase="D:\actions-runner\_work\XPCO\XPCO\LogServer\Viewer\VideoOS.LogViewer.Tests\bin\Debug\VideoOS.LogViewer.Tests.dll" adapterTypeName="executor://mstestadapter/v2" className="VideoOS.LogViewer.Tests.AuditLog.AuditLoggerTests" name="LogExportStartedToken_ShouldWriteLogline" />
    </UnitTest>
    <UnitTest name="StartExportAsync_ShouldNotIncludeFiltersInTheSystemLogExport_IfNoFiltersAreApplied (Source type)" storage="d:\actions-runner\_work\xpco\xpco\logserver\viewer\videoos.logviewer.tests\bin\debug\videoos.logviewer.tests.dll" id="b0531a94-776b-6394-02a1-ffe9fd4ea1d9">
      <Execution id="ef359b1e-5e94-4c12-83a5-8433ee36afcb" />
      <TestMethod codeBase="D:\actions-runner\_work\XPCO\XPCO\LogServer\Viewer\VideoOS.LogViewer.Tests\bin\Debug\VideoOS.LogViewer.Tests.dll" adapterTypeName="executor://mstestadapter/v2" className="VideoOS.LogViewer.Tests.Export.CSVExportHandlerTests" name="StartExportAsync_ShouldNotIncludeFiltersInTheSystemLogExport_IfNoFiltersAreApplied" />
    </UnitTest>
    <UnitTest name="LogExportCanceled_ShouldGenerateCorrectParameters (Unknown)" storage="d:\actions-runner\_work\xpco\xpco\logserver\viewer\videoos.logviewer.tests\bin\debug\videoos.logviewer.tests.dll" id="f783329b-5fe8-b046-f8d7-759496049789">
      <Execution id="cbfd59c0-db9d-452a-9b34-c042b8597414" />
      <TestMethod codeBase="D:\actions-runner\_work\XPCO\XPCO\LogServer\Viewer\VideoOS.LogViewer.Tests\bin\Debug\VideoOS.LogViewer.Tests.dll" adapterTypeName="executor://mstestadapter/v2" className="VideoOS.LogViewer.Tests.AuditLog.AuditLoggerTests" name="LogExportCanceled_ShouldGenerateCorrectParameters" />
    </UnitTest>
    <UnitTest name="StartExportAsync_ShouldNotIncludeFiltersInTheAuditLogExport_IfNoFiltersAreApplied (Category)" storage="d:\actions-runner\_work\xpco\xpco\logserver\viewer\videoos.logviewer.tests\bin\debug\videoos.logviewer.tests.dll" id="8fd91340-7618-c4e0-26f0-3146c56ca46b">
      <Execution id="6b5bd22d-1ca9-4425-be3f-6ea5eb892af3" />
      <TestMethod codeBase="D:\actions-runner\_work\XPCO\XPCO\LogServer\Viewer\VideoOS.LogViewer.Tests\bin\Debug\VideoOS.LogViewer.Tests.dll" adapterTypeName="executor://mstestadapter/v2" className="VideoOS.LogViewer.Tests.Export.CSVExportHandlerTests" name="StartExportAsync_ShouldNotIncludeFiltersInTheAuditLogExport_IfNoFiltersAreApplied" />
    </UnitTest>
    <UnitTest name="ClearFiltersCommand_ShouldUnselectAllSelectedItems" storage="d:\actions-runner\_work\xpco\xpco\logserver\viewer\videoos.logviewer.tests\bin\debug\videoos.logviewer.tests.dll" id="daf0a00d-6fe6-ef6d-42f8-78b185981687">
      <Execution id="58a166b6-a196-49e4-b8a8-fb53d4b92cd2" />
      <TestMethod codeBase="D:\actions-runner\_work\XPCO\XPCO\LogServer\Viewer\VideoOS.LogViewer.Tests\bin\Debug\VideoOS.LogViewer.Tests.dll" adapterTypeName="executor://mstestadapter/v2" className="VideoOS.LogViewer.Tests.UI.ViewModels.FilterSelectionControlViewModelTests" name="ClearFiltersCommand_ShouldUnselectAllSelectedItems" />
    </UnitTest>
    <UnitTest name="LogExportCompletedToken_ShouldRegisterCategory (Unknown)" storage="d:\actions-runner\_work\xpco\xpco\logserver\viewer\videoos.logviewer.tests\bin\debug\videoos.logviewer.tests.dll" id="1452bdee-6c6c-48e4-e741-367a46d1f13b">
      <Execution id="fd081b22-8b67-4182-bca3-f7e82f783cb1" />
      <TestMethod codeBase="D:\actions-runner\_work\XPCO\XPCO\LogServer\Viewer\VideoOS.LogViewer.Tests\bin\Debug\VideoOS.LogViewer.Tests.dll" adapterTypeName="executor://mstestadapter/v2" className="VideoOS.LogViewer.Tests.AuditLog.AuditLoggerTests" name="LogExportCompletedToken_ShouldRegisterCategory" />
    </UnitTest>
    <UnitTest name="InitializeCommand_ShouldDoInitialFetchOfLogs" storage="d:\actions-runner\_work\xpco\xpco\logserver\viewer\videoos.logviewer.tests\bin\debug\videoos.logviewer.tests.dll" id="e54ed4ba-d89b-a9d5-364a-a66ae8ee81cc">
      <Execution id="b0b82135-344d-4f60-be6a-5e021584da68" />
      <TestMethod codeBase="D:\actions-runner\_work\XPCO\XPCO\LogServer\Viewer\VideoOS.LogViewer.Tests\bin\Debug\VideoOS.LogViewer.Tests.dll" adapterTypeName="executor://mstestadapter/v2" className="VideoOS.LogViewer.Tests.UI.ViewModels.AuditLogTabViewModelTests" name="InitializeCommand_ShouldDoInitialFetchOfLogs" />
    </UnitTest>
    <UnitTest name="LogExportStarted_ShouldWriteLogline (Audit)" storage="d:\actions-runner\_work\xpco\xpco\logserver\viewer\videoos.logviewer.tests\bin\debug\videoos.logviewer.tests.dll" id="5c982bf7-4b35-1b19-22ea-337141469bb1">
      <Execution id="fb76c670-3894-410a-a2dc-ecd9b366013d" />
      <TestMethod codeBase="D:\actions-runner\_work\XPCO\XPCO\LogServer\Viewer\VideoOS.LogViewer.Tests\bin\Debug\VideoOS.LogViewer.Tests.dll" adapterTypeName="executor://mstestadapter/v2" className="VideoOS.LogViewer.Tests.AuditLog.AuditLoggerTests" name="LogExportStarted_ShouldWriteLogline" />
    </UnitTest>
    <UnitTest name="LogExportCompleted_ShouldRegisterMessages (Audit)" storage="d:\actions-runner\_work\xpco\xpco\logserver\viewer\videoos.logviewer.tests\bin\debug\videoos.logviewer.tests.dll" id="c6e2fe10-6374-0330-3a55-32e9451857d1">
      <Execution id="b6cc1dad-bf3d-4e74-8b83-64a57b9d1f5e" />
      <TestMethod codeBase="D:\actions-runner\_work\XPCO\XPCO\LogServer\Viewer\VideoOS.LogViewer.Tests\bin\Debug\VideoOS.LogViewer.Tests.dll" adapterTypeName="executor://mstestadapter/v2" className="VideoOS.LogViewer.Tests.AuditLog.AuditLoggerTests" name="LogExportCompleted_ShouldRegisterMessages" />
    </UnitTest>
    <UnitTest name="Constructors_ShouldNotAllowInjectionOfNulls" storage="d:\actions-runner\_work\xpco\xpco\logserver\viewer\videoos.logviewer.tests\bin\debug\videoos.logviewer.tests.dll" id="8be88b29-25dc-3616-dac3-34e25f491160">
      <Execution id="353f9d97-c8ce-4aab-bc2b-c930dd823513" />
      <TestMethod codeBase="D:\actions-runner\_work\XPCO\XPCO\LogServer\Viewer\VideoOS.LogViewer.Tests\bin\Debug\VideoOS.LogViewer.Tests.dll" adapterTypeName="executor://mstestadapter/v2" className="VideoOS.LogViewer.Tests.UI.ViewModels.SystemLogTabViewModelTests" name="Constructors_ShouldNotAllowInjectionOfNulls" />
    </UnitTest>
    <UnitTest name="OnScrollChanged_ShouldTriggerFetchingMoreLoglines (False,0,0,False)" storage="d:\actions-runner\_work\xpco\xpco\logserver\viewer\videoos.logviewer.tests\bin\debug\videoos.logviewer.tests.dll" id="494df25c-ab31-3079-9698-eeb06f71012c">
      <Execution id="80347267-aec3-4165-820a-98492e683b6a" />
      <TestMethod codeBase="D:\actions-runner\_work\XPCO\XPCO\LogServer\Viewer\VideoOS.LogViewer.Tests\bin\Debug\VideoOS.LogViewer.Tests.dll" adapterTypeName="executor://mstestadapter/v2" className="VideoOS.LogViewer.Tests.UI.Views.LoglinesDataGridAutoFetchLogsBehaviorTests" name="OnScrollChanged_ShouldTriggerFetchingMoreLoglines" />
    </UnitTest>
    <UnitTest name="LogExportStartedToken_ShouldWriteLogline (Audit)" storage="d:\actions-runner\_work\xpco\xpco\logserver\viewer\videoos.logviewer.tests\bin\debug\videoos.logviewer.tests.dll" id="4b9a16ae-5d37-16ca-5a23-abaf091957f3">
      <Execution id="b1eaa564-140a-4c16-b3bb-52fdbb25f55d" />
      <TestMethod codeBase="D:\actions-runner\_work\XPCO\XPCO\LogServer\Viewer\VideoOS.LogViewer.Tests\bin\Debug\VideoOS.LogViewer.Tests.dll" adapterTypeName="executor://mstestadapter/v2" className="VideoOS.LogViewer.Tests.AuditLog.AuditLoggerTests" name="LogExportStartedToken_ShouldWriteLogline" />
    </UnitTest>
    <UnitTest name="LogExportCompleted_ShouldWriteLogline (Rule)" storage="d:\actions-runner\_work\xpco\xpco\logserver\viewer\videoos.logviewer.tests\bin\debug\videoos.logviewer.tests.dll" id="57ae62f6-95f9-d9c6-ed08-3672f3562bb1">
      <Execution id="d4a0bb48-d0ea-448e-8bb4-93b30ab240f7" />
      <TestMethod codeBase="D:\actions-runner\_work\XPCO\XPCO\LogServer\Viewer\VideoOS.LogViewer.Tests\bin\Debug\VideoOS.LogViewer.Tests.dll" adapterTypeName="executor://mstestadapter/v2" className="VideoOS.LogViewer.Tests.AuditLog.AuditLoggerTests" name="LogExportCompleted_ShouldWriteLogline" />
    </UnitTest>
    <UnitTest name="StartExportAsync_ShouldNotIncludeFiltersInTheAuditLogExport_IfNoFiltersAreApplied (User)" storage="d:\actions-runner\_work\xpco\xpco\logserver\viewer\videoos.logviewer.tests\bin\debug\videoos.logviewer.tests.dll" id="e5aefbec-fe62-bbcb-6250-0ce7b8057386">
      <Execution id="9bee0765-8ff8-49e8-8a80-9fffe77d69c3" />
      <TestMethod codeBase="D:\actions-runner\_work\XPCO\XPCO\LogServer\Viewer\VideoOS.LogViewer.Tests\bin\Debug\VideoOS.LogViewer.Tests.dll" adapterTypeName="executor://mstestadapter/v2" className="VideoOS.LogViewer.Tests.Export.CSVExportHandlerTests" name="StartExportAsync_ShouldNotIncludeFiltersInTheAuditLogExport_IfNoFiltersAreApplied" />
    </UnitTest>
    <UnitTest name="FetchLoglinesAsync_ShouldNotFetchLoglines_IfPreviousCallIsInProgress" storage="d:\actions-runner\_work\xpco\xpco\logserver\viewer\videoos.logviewer.tests\bin\debug\videoos.logviewer.tests.dll" id="26b056c3-3ab8-a12a-ebdf-8a8f425f05fb">
      <Execution id="bcdda2c2-7994-4142-b768-b30eb50773e1" />
      <TestMethod codeBase="D:\actions-runner\_work\XPCO\XPCO\LogServer\Viewer\VideoOS.LogViewer.Tests\bin\Debug\VideoOS.LogViewer.Tests.dll" adapterTypeName="executor://mstestadapter/v2" className="VideoOS.LogViewer.Tests.UI.ViewModels.RuleLogTabViewModelTests" name="FetchLoglinesAsync_ShouldNotFetchLoglines_IfPreviousCallIsInProgress" />
    </UnitTest>
    <UnitTest name="AutomationId_ShouldNotBeNullOrEmpty" storage="d:\actions-runner\_work\xpco\xpco\logserver\viewer\videoos.logviewer.tests\bin\debug\videoos.logviewer.tests.dll" id="b4e0a762-e757-bae0-5862-b1262dcc1c6f">
      <Execution id="feac2549-2e1b-43cf-9d19-c0d6c8e31211" />
      <TestMethod codeBase="D:\actions-runner\_work\XPCO\XPCO\LogServer\Viewer\VideoOS.LogViewer.Tests\bin\Debug\VideoOS.LogViewer.Tests.dll" adapterTypeName="executor://mstestadapter/v2" className="VideoOS.LogViewer.Tests.UI.ViewModels.SystemLogTabViewModelTests" name="AutomationId_ShouldNotBeNullOrEmpty" />
    </UnitTest>
    <UnitTest name="ExportCommand_ShouldCreateExportDirectory_IfItDoesNotExist" storage="d:\actions-runner\_work\xpco\xpco\logserver\viewer\videoos.logviewer.tests\bin\debug\videoos.logviewer.tests.dll" id="06c9159f-2b66-12d8-2469-a42ec62bc921">
      <Execution id="cee0bf0b-7b21-4930-a33b-6bc39b33133b" />
      <TestMethod codeBase="D:\actions-runner\_work\XPCO\XPCO\LogServer\Viewer\VideoOS.LogViewer.Tests\bin\Debug\VideoOS.LogViewer.Tests.dll" adapterTypeName="executor://mstestadapter/v2" className="VideoOS.LogViewer.Tests.UI.ViewModels.ExportWindowViewModelTests" name="ExportCommand_ShouldCreateExportDirectory_IfItDoesNotExist" />
    </UnitTest>
    <UnitTest name="StartExportAsync_ShouldNotIncludeFiltersInTheRuleTriggeredLogExport_IfNoFiltersAreApplied (Category)" storage="d:\actions-runner\_work\xpco\xpco\logserver\viewer\videoos.logviewer.tests\bin\debug\videoos.logviewer.tests.dll" id="aab1f6c5-c02d-5ec4-753c-bc7333feb735">
      <Execution id="50c07239-11e6-4d30-8df6-8a7275b1a3b5" />
      <TestMethod codeBase="D:\actions-runner\_work\XPCO\XPCO\LogServer\Viewer\VideoOS.LogViewer.Tests\bin\Debug\VideoOS.LogViewer.Tests.dll" adapterTypeName="executor://mstestadapter/v2" className="VideoOS.LogViewer.Tests.Export.CSVExportHandlerTests" name="StartExportAsync_ShouldNotIncludeFiltersInTheRuleTriggeredLogExport_IfNoFiltersAreApplied" />
    </UnitTest>
    <UnitTest name="StartExportAsync_ShouldIncludeFiltersInTheAuditLogExport_IfAnyApplied (Source type)" storage="d:\actions-runner\_work\xpco\xpco\logserver\viewer\videoos.logviewer.tests\bin\debug\videoos.logviewer.tests.dll" id="dde8fcfb-902c-5430-ca76-e13e1d10669c">
      <Execution id="821c0d78-435b-4457-8d82-f746e03c9ed6" />
      <TestMethod codeBase="D:\actions-runner\_work\XPCO\XPCO\LogServer\Viewer\VideoOS.LogViewer.Tests\bin\Debug\VideoOS.LogViewer.Tests.dll" adapterTypeName="executor://mstestadapter/v2" className="VideoOS.LogViewer.Tests.Export.CSVExportHandlerTests" name="StartExportAsync_ShouldIncludeFiltersInTheAuditLogExport_IfAnyApplied" />
    </UnitTest>
    <UnitTest name="LogExportCompletedToken_ShouldWriteLogline (Rule)" storage="d:\actions-runner\_work\xpco\xpco\logserver\viewer\videoos.logviewer.tests\bin\debug\videoos.logviewer.tests.dll" id="ef365e9f-179f-bed4-eb9b-f2e5076c2ba8">
      <Execution id="172fc509-46a8-419b-979d-41fc46bd3fb0" />
      <TestMethod codeBase="D:\actions-runner\_work\XPCO\XPCO\LogServer\Viewer\VideoOS.LogViewer.Tests\bin\Debug\VideoOS.LogViewer.Tests.dll" adapterTypeName="executor://mstestadapter/v2" className="VideoOS.LogViewer.Tests.AuditLog.AuditLoggerTests" name="LogExportCompletedToken_ShouldWriteLogline" />
    </UnitTest>
    <UnitTest name="LogExportCompleted_ShouldRegisterCategory (Rule)" storage="d:\actions-runner\_work\xpco\xpco\logserver\viewer\videoos.logviewer.tests\bin\debug\videoos.logviewer.tests.dll" id="acbca94e-4023-0e4f-af60-f647afe1dc60">
      <Execution id="e85d86e7-27a9-4a46-8969-319376330d6b" />
      <TestMethod codeBase="D:\actions-runner\_work\XPCO\XPCO\LogServer\Viewer\VideoOS.LogViewer.Tests\bin\Debug\VideoOS.LogViewer.Tests.dll" adapterTypeName="executor://mstestadapter/v2" className="VideoOS.LogViewer.Tests.AuditLog.AuditLoggerTests" name="LogExportCompleted_ShouldRegisterCategory" />
    </UnitTest>
    <UnitTest name="AutomationId_ShouldNotBeNullOrEmpty" storage="d:\actions-runner\_work\xpco\xpco\logserver\viewer\videoos.logviewer.tests\bin\debug\videoos.logviewer.tests.dll" id="3cf4443c-2882-4fb3-cf66-d9e85d93fa77">
      <Execution id="9bc41e91-e326-4034-821a-88ad4ad4fbd2" />
      <TestMethod codeBase="D:\actions-runner\_work\XPCO\XPCO\LogServer\Viewer\VideoOS.LogViewer.Tests\bin\Debug\VideoOS.LogViewer.Tests.dll" adapterTypeName="executor://mstestadapter/v2" className="VideoOS.LogViewer.Tests.UI.ViewModels.AuditLogTabViewModelTests" name="AutomationId_ShouldNotBeNullOrEmpty" />
    </UnitTest>
    <UnitTest name="IsClearSearchVisible_ShouldBeTrue_IfSearchTextIsNotEmpty" storage="d:\actions-runner\_work\xpco\xpco\logserver\viewer\videoos.logviewer.tests\bin\debug\videoos.logviewer.tests.dll" id="74557625-2b10-bb56-d604-f4d866013a85">
      <Execution id="a202efbf-37c4-411a-8fa8-4b076affadc0" />
      <TestMethod codeBase="D:\actions-runner\_work\XPCO\XPCO\LogServer\Viewer\VideoOS.LogViewer.Tests\bin\Debug\VideoOS.LogViewer.Tests.dll" adapterTypeName="executor://mstestadapter/v2" className="VideoOS.LogViewer.Tests.UI.ViewModels.FilterSelectionControlViewModelTests" name="IsClearSearchVisible_ShouldBeTrue_IfSearchTextIsNotEmpty" />
    </UnitTest>
    <UnitTest name="LogExportStarted_ShouldGenerateCorrectParameters (Rule)" storage="d:\actions-runner\_work\xpco\xpco\logserver\viewer\videoos.logviewer.tests\bin\debug\videoos.logviewer.tests.dll" id="fc1760ec-6935-b01e-bdee-1df8974d3a4e">
      <Execution id="69b7bb50-96b1-49f4-9ae7-dd3ba1d16463" />
      <TestMethod codeBase="D:\actions-runner\_work\XPCO\XPCO\LogServer\Viewer\VideoOS.LogViewer.Tests\bin\Debug\VideoOS.LogViewer.Tests.dll" adapterTypeName="executor://mstestadapter/v2" className="VideoOS.LogViewer.Tests.AuditLog.AuditLoggerTests" name="LogExportStarted_ShouldGenerateCorrectParameters" />
    </UnitTest>
    <UnitTest name="AutomationId_ShouldNotBeNullOrEmpty" storage="d:\actions-runner\_work\xpco\xpco\logserver\viewer\videoos.logviewer.tests\bin\debug\videoos.logviewer.tests.dll" id="5da7e7b1-8437-9765-8ac5-47f31165560b">
      <Execution id="6327e174-265b-4319-934f-48e9590f9040" />
      <TestMethod codeBase="D:\actions-runner\_work\XPCO\XPCO\LogServer\Viewer\VideoOS.LogViewer.Tests\bin\Debug\VideoOS.LogViewer.Tests.dll" adapterTypeName="executor://mstestadapter/v2" className="VideoOS.LogViewer.Tests.UI.ViewModels.RuleLogTabViewModelTests" name="AutomationId_ShouldNotBeNullOrEmpty" />
    </UnitTest>
    <UnitTest name="LogExportCanceled_ShouldGenerateCorrectParameters (System)" storage="d:\actions-runner\_work\xpco\xpco\logserver\viewer\videoos.logviewer.tests\bin\debug\videoos.logviewer.tests.dll" id="3372c037-0d85-2c5a-a74a-457d77e738e2">
      <Execution id="132a4247-8b03-42bf-9590-c4fc295d7bd8" />
      <TestMethod codeBase="D:\actions-runner\_work\XPCO\XPCO\LogServer\Viewer\VideoOS.LogViewer.Tests\bin\Debug\VideoOS.LogViewer.Tests.dll" adapterTypeName="executor://mstestadapter/v2" className="VideoOS.LogViewer.Tests.AuditLog.AuditLoggerTests" name="LogExportCanceled_ShouldGenerateCorrectParameters" />
    </UnitTest>
    <UnitTest name="LogExportCanceledToken_ShouldGenerateCorrectParameters (Audit)" storage="d:\actions-runner\_work\xpco\xpco\logserver\viewer\videoos.logviewer.tests\bin\debug\videoos.logviewer.tests.dll" id="3bbb90cb-609e-e79b-9342-439e7c710d4a">
      <Execution id="30550faf-a8b3-4e90-9528-b6eff6ac7c72" />
      <TestMethod codeBase="D:\actions-runner\_work\XPCO\XPCO\LogServer\Viewer\VideoOS.LogViewer.Tests\bin\Debug\VideoOS.LogViewer.Tests.dll" adapterTypeName="executor://mstestadapter/v2" className="VideoOS.LogViewer.Tests.AuditLog.AuditLoggerTests" name="LogExportCanceledToken_ShouldGenerateCorrectParameters" />
    </UnitTest>
    <UnitTest name="LogExportStartedToken_ShouldGenerateCorrectParameters (Rule)" storage="d:\actions-runner\_work\xpco\xpco\logserver\viewer\videoos.logviewer.tests\bin\debug\videoos.logviewer.tests.dll" id="e7fe7eb6-f2f0-e45d-3d42-b3275c0b4293">
      <Execution id="9a641719-112a-4bbc-aafe-ac06da8fef62" />
      <TestMethod codeBase="D:\actions-runner\_work\XPCO\XPCO\LogServer\Viewer\VideoOS.LogViewer.Tests\bin\Debug\VideoOS.LogViewer.Tests.dll" adapterTypeName="executor://mstestadapter/v2" className="VideoOS.LogViewer.Tests.AuditLog.AuditLoggerTests" name="LogExportStartedToken_ShouldGenerateCorrectParameters" />
    </UnitTest>
    <UnitTest name="LogExportCompleted_ShouldRegisterSourceType (Audit)" storage="d:\actions-runner\_work\xpco\xpco\logserver\viewer\videoos.logviewer.tests\bin\debug\videoos.logviewer.tests.dll" id="5b9d8790-41a8-e324-0f42-b3f3838e922e">
      <Execution id="662b3a0b-3719-4eaa-8bb2-21d63b989170" />
      <TestMethod codeBase="D:\actions-runner\_work\XPCO\XPCO\LogServer\Viewer\VideoOS.LogViewer.Tests\bin\Debug\VideoOS.LogViewer.Tests.dll" adapterTypeName="executor://mstestadapter/v2" className="VideoOS.LogViewer.Tests.AuditLog.AuditLoggerTests" name="LogExportCompleted_ShouldRegisterSourceType" />
    </UnitTest>
    <UnitTest name="Constructors_ShouldNotAllowInjectionOfNulls" storage="d:\actions-runner\_work\xpco\xpco\logserver\viewer\videoos.logviewer.tests\bin\debug\videoos.logviewer.tests.dll" id="9e225351-7a51-97ff-08f4-9b692d21bbc4">
      <Execution id="8255dfde-f2be-40c8-8458-6134e356165e" />
      <TestMethod codeBase="D:\actions-runner\_work\XPCO\XPCO\LogServer\Viewer\VideoOS.LogViewer.Tests\bin\Debug\VideoOS.LogViewer.Tests.dll" adapterTypeName="executor://mstestadapter/v2" className="VideoOS.LogViewer.Tests.Export.ExportHandlerFactoryTests" name="Constructors_ShouldNotAllowInjectionOfNulls" />
    </UnitTest>
    <UnitTest name="ExportNameErrorMessage_ShouldNotBeNull_IfNameContainsInvalidCharacter (/)" storage="d:\actions-runner\_work\xpco\xpco\logserver\viewer\videoos.logviewer.tests\bin\debug\videoos.logviewer.tests.dll" id="db2fe9b8-64ad-a3c4-efe9-40f1d2f9333b">
      <Execution id="895149df-3dbb-42df-acd4-5260504702dc" />
      <TestMethod codeBase="D:\actions-runner\_work\XPCO\XPCO\LogServer\Viewer\VideoOS.LogViewer.Tests\bin\Debug\VideoOS.LogViewer.Tests.dll" adapterTypeName="executor://mstestadapter/v2" className="VideoOS.LogViewer.Tests.UI.ViewModels.ExportWindowViewModelTests" name="ExportNameErrorMessage_ShouldNotBeNull_IfNameContainsInvalidCharacter" />
    </UnitTest>
    <UnitTest name="StartExportAsync_ShouldIncludeFiltersInTheSystemLogExport_IfAnyApplied (Category)" storage="d:\actions-runner\_work\xpco\xpco\logserver\viewer\videoos.logviewer.tests\bin\debug\videoos.logviewer.tests.dll" id="bb09c01b-922c-f2b2-371b-4a326f96cac1">
      <Execution id="a75a734c-915f-40e5-8bae-596c2ab1b079" />
      <TestMethod codeBase="D:\actions-runner\_work\XPCO\XPCO\LogServer\Viewer\VideoOS.LogViewer.Tests\bin\Debug\VideoOS.LogViewer.Tests.dll" adapterTypeName="executor://mstestadapter/v2" className="VideoOS.LogViewer.Tests.Export.CSVExportHandlerTests" name="StartExportAsync_ShouldIncludeFiltersInTheSystemLogExport_IfAnyApplied" />
    </UnitTest>
    <UnitTest name="LogExportCompletedToken_ShouldGenerateCorrectParameters (Unknown)" storage="d:\actions-runner\_work\xpco\xpco\logserver\viewer\videoos.logviewer.tests\bin\debug\videoos.logviewer.tests.dll" id="2621df85-86ca-04fb-7bf4-e340ac32eb60">
      <Execution id="dc21e821-b736-4e04-ae76-8623c46f1ff9" />
      <TestMethod codeBase="D:\actions-runner\_work\XPCO\XPCO\LogServer\Viewer\VideoOS.LogViewer.Tests\bin\Debug\VideoOS.LogViewer.Tests.dll" adapterTypeName="executor://mstestadapter/v2" className="VideoOS.LogViewer.Tests.AuditLog.AuditLoggerTests" name="LogExportCompletedToken_ShouldGenerateCorrectParameters" />
    </UnitTest>
    <UnitTest name="ApplyCommand_ShouldAddSelectedItemsToFilters" storage="d:\actions-runner\_work\xpco\xpco\logserver\viewer\videoos.logviewer.tests\bin\debug\videoos.logviewer.tests.dll" id="ed36d44e-4200-e799-fc12-f629ea491ec5">
      <Execution id="1e1fb6d6-409a-4814-88b4-199a8f83bf1f" />
      <TestMethod codeBase="D:\actions-runner\_work\XPCO\XPCO\LogServer\Viewer\VideoOS.LogViewer.Tests\bin\Debug\VideoOS.LogViewer.Tests.dll" adapterTypeName="executor://mstestadapter/v2" className="VideoOS.LogViewer.Tests.UI.ViewModels.FilterSelectionControlViewModelTests" name="ApplyCommand_ShouldAddSelectedItemsToFilters" />
    </UnitTest>
    <UnitTest name="LogExportCanceled_ShouldGenerateCorrectParameters (Rule)" storage="d:\actions-runner\_work\xpco\xpco\logserver\viewer\videoos.logviewer.tests\bin\debug\videoos.logviewer.tests.dll" id="e0eb380b-86d2-f5b0-0c5a-b99892d3e326">
      <Execution id="bab048c9-b81d-4048-bd14-3a4d79b4f78f" />
      <TestMethod codeBase="D:\actions-runner\_work\XPCO\XPCO\LogServer\Viewer\VideoOS.LogViewer.Tests\bin\Debug\VideoOS.LogViewer.Tests.dll" adapterTypeName="executor://mstestadapter/v2" className="VideoOS.LogViewer.Tests.AuditLog.AuditLoggerTests" name="LogExportCanceled_ShouldGenerateCorrectParameters" />
    </UnitTest>
    <UnitTest name="ExportNameErrorMessage_ShouldNotBeNull_IfNameContainsInvalidCharacter (|)" storage="d:\actions-runner\_work\xpco\xpco\logserver\viewer\videoos.logviewer.tests\bin\debug\videoos.logviewer.tests.dll" id="ff7a8a71-3fe4-d433-98e7-1a41e074107a">
      <Execution id="85ed8ae8-3c45-490a-bdfe-bd5069a57f41" />
      <TestMethod codeBase="D:\actions-runner\_work\XPCO\XPCO\LogServer\Viewer\VideoOS.LogViewer.Tests\bin\Debug\VideoOS.LogViewer.Tests.dll" adapterTypeName="executor://mstestadapter/v2" className="VideoOS.LogViewer.Tests.UI.ViewModels.ExportWindowViewModelTests" name="ExportNameErrorMessage_ShouldNotBeNull_IfNameContainsInvalidCharacter" />
    </UnitTest>
    <UnitTest name="Create_ShouldPassSystemLogTab_ToTheLogViewerPanelViewModelConstructor" storage="d:\actions-runner\_work\xpco\xpco\logserver\viewer\videoos.logviewer.tests\bin\debug\videoos.logviewer.tests.dll" id="7d565b20-c1b2-8847-844d-f63c71bcb6a5">
      <Execution id="2a862e95-1947-4932-92c8-20453326bba1" />
      <TestMethod codeBase="D:\actions-runner\_work\XPCO\XPCO\LogServer\Viewer\VideoOS.LogViewer.Tests\bin\Debug\VideoOS.LogViewer.Tests.dll" adapterTypeName="executor://mstestadapter/v2" className="VideoOS.LogViewer.Tests.UI.ViewModels.LogViewerPanelViewModelFactoryTests" name="Create_ShouldPassSystemLogTab_ToTheLogViewerPanelViewModelConstructor" />
    </UnitTest>
    <UnitTest name="LogExportStartedToken_ShouldGenerateCorrectParameters (System)" storage="d:\actions-runner\_work\xpco\xpco\logserver\viewer\videoos.logviewer.tests\bin\debug\videoos.logviewer.tests.dll" id="86cdf26a-01d3-1454-75eb-7298e4f64e3e">
      <Execution id="7c94f05a-95a1-40e6-bf4d-5df9949dae66" />
      <TestMethod codeBase="D:\actions-runner\_work\XPCO\XPCO\LogServer\Viewer\VideoOS.LogViewer.Tests\bin\Debug\VideoOS.LogViewer.Tests.dll" adapterTypeName="executor://mstestadapter/v2" className="VideoOS.LogViewer.Tests.AuditLog.AuditLoggerTests" name="LogExportStartedToken_ShouldGenerateCorrectParameters" />
    </UnitTest>
    <UnitTest name="LogExportCompleted_ShouldGenerateCorrectParameters (Audit)" storage="d:\actions-runner\_work\xpco\xpco\logserver\viewer\videoos.logviewer.tests\bin\debug\videoos.logviewer.tests.dll" id="38fafa95-785b-5286-4c7e-b54a34c79cdd">
      <Execution id="fe1b94d2-1070-48b7-a347-13c354cebe5c" />
      <TestMethod codeBase="D:\actions-runner\_work\XPCO\XPCO\LogServer\Viewer\VideoOS.LogViewer.Tests\bin\Debug\VideoOS.LogViewer.Tests.dll" adapterTypeName="executor://mstestadapter/v2" className="VideoOS.LogViewer.Tests.AuditLog.AuditLoggerTests" name="LogExportCompleted_ShouldGenerateCorrectParameters" />
    </UnitTest>
    <UnitTest name="FetchLoglinesAsync_ShouldUpdateLoglines_WithWhatILogReaderProvides" storage="d:\actions-runner\_work\xpco\xpco\logserver\viewer\videoos.logviewer.tests\bin\debug\videoos.logviewer.tests.dll" id="d921a6e9-3ca7-340e-e5c2-ec845e022eaa">
      <Execution id="af2d45c2-244a-461f-b7c5-628d576f824e" />
      <TestMethod codeBase="D:\actions-runner\_work\XPCO\XPCO\LogServer\Viewer\VideoOS.LogViewer.Tests\bin\Debug\VideoOS.LogViewer.Tests.dll" adapterTypeName="executor://mstestadapter/v2" className="VideoOS.LogViewer.Tests.UI.ViewModels.RuleLogTabViewModelTests" name="FetchLoglinesAsync_ShouldUpdateLoglines_WithWhatILogReaderProvides" />
    </UnitTest>
    <UnitTest name="StartExportAsync_ShouldIncludeFiltersInTheAuditLogExport_IfAnyApplied (Permission)" storage="d:\actions-runner\_work\xpco\xpco\logserver\viewer\videoos.logviewer.tests\bin\debug\videoos.logviewer.tests.dll" id="ebade166-19df-752d-6cb1-c41aaa16f79e">
      <Execution id="64acd016-718a-498a-ad79-ed087eb207fc" />
      <TestMethod codeBase="D:\actions-runner\_work\XPCO\XPCO\LogServer\Viewer\VideoOS.LogViewer.Tests\bin\Debug\VideoOS.LogViewer.Tests.dll" adapterTypeName="executor://mstestadapter/v2" className="VideoOS.LogViewer.Tests.Export.CSVExportHandlerTests" name="StartExportAsync_ShouldIncludeFiltersInTheAuditLogExport_IfAnyApplied" />
    </UnitTest>
    <UnitTest name="ApplyFiltersCommand_ShouldSetTotalLoglinesCountValueTo100_WhenStartQuerySessionReturns100" storage="d:\actions-runner\_work\xpco\xpco\logserver\viewer\videoos.logviewer.tests\bin\debug\videoos.logviewer.tests.dll" id="46af012b-c08a-abec-31e4-7119fc4686f3">
      <Execution id="e37e9ca8-9e46-4a95-ac62-d97800dc8407" />
      <TestMethod codeBase="D:\actions-runner\_work\XPCO\XPCO\LogServer\Viewer\VideoOS.LogViewer.Tests\bin\Debug\VideoOS.LogViewer.Tests.dll" adapterTypeName="executor://mstestadapter/v2" className="VideoOS.LogViewer.Tests.UI.ViewModels.AuditLogTabViewModelTests" name="ApplyFiltersCommand_ShouldSetTotalLoglinesCountValueTo100_WhenStartQuerySessionReturns100" />
    </UnitTest>
    <UnitTest name="FetchLoglinesAsync_ShouldNotFetchLoglines_IfPreviousCallIsInProgress" storage="d:\actions-runner\_work\xpco\xpco\logserver\viewer\videoos.logviewer.tests\bin\debug\videoos.logviewer.tests.dll" id="62d9d9a5-1b37-a5d0-a7a0-8988967edbcd">
      <Execution id="d455196a-d3c8-465e-8efc-6cf09a3de20e" />
      <TestMethod codeBase="D:\actions-runner\_work\XPCO\XPCO\LogServer\Viewer\VideoOS.LogViewer.Tests\bin\Debug\VideoOS.LogViewer.Tests.dll" adapterTypeName="executor://mstestadapter/v2" className="VideoOS.LogViewer.Tests.UI.ViewModels.AuditLogTabViewModelTests" name="FetchLoglinesAsync_ShouldNotFetchLoglines_IfPreviousCallIsInProgress" />
    </UnitTest>
    <UnitTest name="CreateCsvExportHandler_ShouldCreateAnInstanceOfCsvExportHandler" storage="d:\actions-runner\_work\xpco\xpco\logserver\viewer\videoos.logviewer.tests\bin\debug\videoos.logviewer.tests.dll" id="e43d938a-7e19-00cd-bf49-975bc74f6666">
      <Execution id="49e5014a-fd66-4fed-94b4-58e952876c0a" />
      <TestMethod codeBase="D:\actions-runner\_work\XPCO\XPCO\LogServer\Viewer\VideoOS.LogViewer.Tests\bin\Debug\VideoOS.LogViewer.Tests.dll" adapterTypeName="executor://mstestadapter/v2" className="VideoOS.LogViewer.Tests.Export.ExportHandlerFactoryTests" name="CreateCsvExportHandler_ShouldCreateAnInstanceOfCsvExportHandler" />
    </UnitTest>
    <UnitTest name="IsExportStarted_ShouldBeFalse_ByDefault" storage="d:\actions-runner\_work\xpco\xpco\logserver\viewer\videoos.logviewer.tests\bin\debug\videoos.logviewer.tests.dll" id="67c17d03-30c7-2e00-462d-ef8b704971b5">
      <Execution id="c08edbe0-f052-4cfc-9834-1499dd012f5a" />
      <TestMethod codeBase="D:\actions-runner\_work\XPCO\XPCO\LogServer\Viewer\VideoOS.LogViewer.Tests\bin\Debug\VideoOS.LogViewer.Tests.dll" adapterTypeName="executor://mstestadapter/v2" className="VideoOS.LogViewer.Tests.Export.CSVExportHandlerTests" name="IsExportStarted_ShouldBeFalse_ByDefault" />
    </UnitTest>
    <UnitTest name="ToggleDisplayAppliedFiltersOnlyCommand_ShouldDisplayAllItems_WhenToggledTwice" storage="d:\actions-runner\_work\xpco\xpco\logserver\viewer\videoos.logviewer.tests\bin\debug\videoos.logviewer.tests.dll" id="86385b6e-3c70-b477-3e5d-632057e2a5dc">
      <Execution id="881a568a-a689-4951-b28b-9f19ab44b38d" />
      <TestMethod codeBase="D:\actions-runner\_work\XPCO\XPCO\LogServer\Viewer\VideoOS.LogViewer.Tests\bin\Debug\VideoOS.LogViewer.Tests.dll" adapterTypeName="executor://mstestadapter/v2" className="VideoOS.LogViewer.Tests.UI.ViewModels.FilterSelectionControlViewModelTests" name="ToggleDisplayAppliedFiltersOnlyCommand_ShouldDisplayAllItems_WhenToggledTwice" />
    </UnitTest>
    <UnitTest name="StartExportAsync_ShouldAuditLogThatExportHasBeenCompleted_IfItRanToCompletion" storage="d:\actions-runner\_work\xpco\xpco\logserver\viewer\videoos.logviewer.tests\bin\debug\videoos.logviewer.tests.dll" id="d341cc20-0b16-3c41-69fc-2f19452eba9d">
      <Execution id="36c486ae-1a9e-4235-9d48-7ab6e0875676" />
      <TestMethod codeBase="D:\actions-runner\_work\XPCO\XPCO\LogServer\Viewer\VideoOS.LogViewer.Tests\bin\Debug\VideoOS.LogViewer.Tests.dll" adapterTypeName="executor://mstestadapter/v2" className="VideoOS.LogViewer.Tests.Export.CSVExportHandlerTests" name="StartExportAsync_ShouldAuditLogThatExportHasBeenCompleted_IfItRanToCompletion" />
    </UnitTest>
    <UnitTest name="StartExportAsync_ShouldIncludeFiltersInTheAuditLogExport_IfAnyApplied (Source name)" storage="d:\actions-runner\_work\xpco\xpco\logserver\viewer\videoos.logviewer.tests\bin\debug\videoos.logviewer.tests.dll" id="dd60bd08-4f2f-6027-6ce8-4ebea86bcba0">
      <Execution id="6b7d152d-d7eb-4915-bf1b-764fb3d2322d" />
      <TestMethod codeBase="D:\actions-runner\_work\XPCO\XPCO\LogServer\Viewer\VideoOS.LogViewer.Tests\bin\Debug\VideoOS.LogViewer.Tests.dll" adapterTypeName="executor://mstestadapter/v2" className="VideoOS.LogViewer.Tests.Export.CSVExportHandlerTests" name="StartExportAsync_ShouldIncludeFiltersInTheAuditLogExport_IfAnyApplied" />
    </UnitTest>
    <UnitTest name="Create_ShouldPassAuditLogTab_ToTheLogViewerPanelViewModelConstructor" storage="d:\actions-runner\_work\xpco\xpco\logserver\viewer\videoos.logviewer.tests\bin\debug\videoos.logviewer.tests.dll" id="19741e49-0b1b-f606-39e4-fc58b6ce6577">
      <Execution id="260b5014-7d38-4353-bcad-2298c37defe7" />
      <TestMethod codeBase="D:\actions-runner\_work\XPCO\XPCO\LogServer\Viewer\VideoOS.LogViewer.Tests\bin\Debug\VideoOS.LogViewer.Tests.dll" adapterTypeName="executor://mstestadapter/v2" className="VideoOS.LogViewer.Tests.UI.ViewModels.LogViewerPanelViewModelFactoryTests" name="Create_ShouldPassAuditLogTab_ToTheLogViewerPanelViewModelConstructor" />
    </UnitTest>
    <UnitTest name="ExportNameErrorMessage_ShouldNotBeNull_IfNameContainsInvalidCharacter (&gt;)" storage="d:\actions-runner\_work\xpco\xpco\logserver\viewer\videoos.logviewer.tests\bin\debug\videoos.logviewer.tests.dll" id="e5881fbb-89a1-1e73-121f-99ea45ea8de6">
      <Execution id="9116d424-005b-4b49-8ad4-9b31b767f669" />
      <TestMethod codeBase="D:\actions-runner\_work\XPCO\XPCO\LogServer\Viewer\VideoOS.LogViewer.Tests\bin\Debug\VideoOS.LogViewer.Tests.dll" adapterTypeName="executor://mstestadapter/v2" className="VideoOS.LogViewer.Tests.UI.ViewModels.ExportWindowViewModelTests" name="ExportNameErrorMessage_ShouldNotBeNull_IfNameContainsInvalidCharacter" />
    </UnitTest>
    <UnitTest name="LogExportCanceled_ShouldWriteLogline (Unknown)" storage="d:\actions-runner\_work\xpco\xpco\logserver\viewer\videoos.logviewer.tests\bin\debug\videoos.logviewer.tests.dll" id="0d58dd94-b092-de74-3bd5-a53e160cdc25">
      <Execution id="4fdd99d2-a02a-4bce-8145-a69b77a2e192" />
      <TestMethod codeBase="D:\actions-runner\_work\XPCO\XPCO\LogServer\Viewer\VideoOS.LogViewer.Tests\bin\Debug\VideoOS.LogViewer.Tests.dll" adapterTypeName="executor://mstestadapter/v2" className="VideoOS.LogViewer.Tests.AuditLog.AuditLoggerTests" name="LogExportCanceled_ShouldWriteLogline" />
    </UnitTest>
    <UnitTest name="ResetSelection_ShouldToggleDisplayingOnlyAppliedFiltersToFalse" storage="d:\actions-runner\_work\xpco\xpco\logserver\viewer\videoos.logviewer.tests\bin\debug\videoos.logviewer.tests.dll" id="ab0d3408-e47f-7ace-43dd-9707320cd9f9">
      <Execution id="a88ba502-72ac-4504-95f6-8f0453f3a938" />
      <TestMethod codeBase="D:\actions-runner\_work\XPCO\XPCO\LogServer\Viewer\VideoOS.LogViewer.Tests\bin\Debug\VideoOS.LogViewer.Tests.dll" adapterTypeName="executor://mstestadapter/v2" className="VideoOS.LogViewer.Tests.UI.ViewModels.FilterSelectionControlViewModelTests" name="ResetSelection_ShouldToggleDisplayingOnlyAppliedFiltersToFalse" />
    </UnitTest>
    <UnitTest name="NumberOfAppliedFilters_ShouldBeTwo_IfNumberOfAppliedFiltersIsTwo" storage="d:\actions-runner\_work\xpco\xpco\logserver\viewer\videoos.logviewer.tests\bin\debug\videoos.logviewer.tests.dll" id="a86b19d1-7d54-77e4-cbda-8b991fbdd349">
      <Execution id="5efd12b4-052e-4acf-bd1e-dbee5b838d7f" />
      <TestMethod codeBase="D:\actions-runner\_work\XPCO\XPCO\LogServer\Viewer\VideoOS.LogViewer.Tests\bin\Debug\VideoOS.LogViewer.Tests.dll" adapterTypeName="executor://mstestadapter/v2" className="VideoOS.LogViewer.Tests.UI.ViewModels.FilterSelectionControlViewModelTests" name="NumberOfAppliedFilters_ShouldBeTwo_IfNumberOfAppliedFiltersIsTwo" />
    </UnitTest>
    <UnitTest name="ToTime_ShouldBeAdjusted_IfFromTimeIsSetToLaterTime" storage="d:\actions-runner\_work\xpco\xpco\logserver\viewer\videoos.logviewer.tests\bin\debug\videoos.logviewer.tests.dll" id="f8eacc21-343b-4346-d5d2-e29ae63a7ea1">
      <Execution id="f0626a2a-62e3-46b2-b7f5-78f1f3ad89af" />
      <TestMethod codeBase="D:\actions-runner\_work\XPCO\XPCO\LogServer\Viewer\VideoOS.LogViewer.Tests\bin\Debug\VideoOS.LogViewer.Tests.dll" adapterTypeName="executor://mstestadapter/v2" className="VideoOS.LogViewer.Tests.UI.ViewModels.AuditLogTabViewModelTests" name="ToTime_ShouldBeAdjusted_IfFromTimeIsSetToLaterTime" />
    </UnitTest>
    <UnitTest name="IsDisplayingAppliedFiltersOnly_ShouldBeFalse_ByDefault" storage="d:\actions-runner\_work\xpco\xpco\logserver\viewer\videoos.logviewer.tests\bin\debug\videoos.logviewer.tests.dll" id="2edfe6b5-618c-5934-1802-8d1b271b7a2d">
      <Execution id="aa57d589-c88b-4945-a7bc-4f0215095bec" />
      <TestMethod codeBase="D:\actions-runner\_work\XPCO\XPCO\LogServer\Viewer\VideoOS.LogViewer.Tests\bin\Debug\VideoOS.LogViewer.Tests.dll" adapterTypeName="executor://mstestadapter/v2" className="VideoOS.LogViewer.Tests.UI.ViewModels.FilterSelectionControlViewModelTests" name="IsDisplayingAppliedFiltersOnly_ShouldBeFalse_ByDefault" />
    </UnitTest>
    <UnitTest name="LogExportCompletedToken_ShouldRegisterCategory (System)" storage="d:\actions-runner\_work\xpco\xpco\logserver\viewer\videoos.logviewer.tests\bin\debug\videoos.logviewer.tests.dll" id="50a08999-0061-8bd9-dcfe-a19025895ad4">
      <Execution id="1be8d54e-8ec9-4c10-81d9-25d34d5ebd66" />
      <TestMethod codeBase="D:\actions-runner\_work\XPCO\XPCO\LogServer\Viewer\VideoOS.LogViewer.Tests\bin\Debug\VideoOS.LogViewer.Tests.dll" adapterTypeName="executor://mstestadapter/v2" className="VideoOS.LogViewer.Tests.AuditLog.AuditLoggerTests" name="LogExportCompletedToken_ShouldRegisterCategory" />
    </UnitTest>
    <UnitTest name="ClearFilter_ShouldPopulateFiltersCollectionWithAllFilterItemsExceptGivenOne_WhenAllWerePreviouslySelected" storage="d:\actions-runner\_work\xpco\xpco\logserver\viewer\videoos.logviewer.tests\bin\debug\videoos.logviewer.tests.dll" id="b3899c15-ad06-08b0-1478-2a2eb5c9237c">
      <Execution id="94a2342d-65b2-4d50-b3a8-e1dcaa01c329" />
      <TestMethod codeBase="D:\actions-runner\_work\XPCO\XPCO\LogServer\Viewer\VideoOS.LogViewer.Tests\bin\Debug\VideoOS.LogViewer.Tests.dll" adapterTypeName="executor://mstestadapter/v2" className="VideoOS.LogViewer.Tests.UI.ViewModels.FilterSelectionControlViewModelTests" name="ClearFilter_ShouldPopulateFiltersCollectionWithAllFilterItemsExceptGivenOne_WhenAllWerePreviouslySelected" />
    </UnitTest>
    <UnitTest name="Dispose_ShouldEndStartedQuerySession" storage="d:\actions-runner\_work\xpco\xpco\logserver\viewer\videoos.logviewer.tests\bin\debug\videoos.logviewer.tests.dll" id="6dd142c2-4fa9-8c8e-8a89-7812d8589c04">
      <Execution id="08631340-a784-4512-a805-c1d5e55fd3bd" />
      <TestMethod codeBase="D:\actions-runner\_work\XPCO\XPCO\LogServer\Viewer\VideoOS.LogViewer.Tests\bin\Debug\VideoOS.LogViewer.Tests.dll" adapterTypeName="executor://mstestadapter/v2" className="VideoOS.LogViewer.Tests.UI.ViewModels.AuditLogTabViewModelTests" name="Dispose_ShouldEndStartedQuerySession" />
    </UnitTest>
    <UnitTest name="LogExportStartedToken_ShouldWriteLogline (System)" storage="d:\actions-runner\_work\xpco\xpco\logserver\viewer\videoos.logviewer.tests\bin\debug\videoos.logviewer.tests.dll" id="fdf28d05-2e10-44e9-62a4-21ade8e0457e">
      <Execution id="4b08e1ca-8294-4e66-890f-ab9ccbee495e" />
      <TestMethod codeBase="D:\actions-runner\_work\XPCO\XPCO\LogServer\Viewer\VideoOS.LogViewer.Tests\bin\Debug\VideoOS.LogViewer.Tests.dll" adapterTypeName="executor://mstestadapter/v2" className="VideoOS.LogViewer.Tests.AuditLog.AuditLoggerTests" name="LogExportStartedToken_ShouldWriteLogline" />
    </UnitTest>
    <UnitTest name="FromTime_ShouldBeAdjusted_IfToTimeIsSetToEarlierTime" storage="d:\actions-runner\_work\xpco\xpco\logserver\viewer\videoos.logviewer.tests\bin\debug\videoos.logviewer.tests.dll" id="7e610db5-1d7d-cfde-d429-a40fd0fc3fce">
      <Execution id="fd0c7614-d0e2-4b31-9dc3-dc260ec6beef" />
      <TestMethod codeBase="D:\actions-runner\_work\XPCO\XPCO\LogServer\Viewer\VideoOS.LogViewer.Tests\bin\Debug\VideoOS.LogViewer.Tests.dll" adapterTypeName="executor://mstestadapter/v2" className="VideoOS.LogViewer.Tests.UI.ViewModels.SystemLogTabViewModelTests" name="FromTime_ShouldBeAdjusted_IfToTimeIsSetToEarlierTime" />
    </UnitTest>
    <UnitTest name="FetchLoglinesAsync_ShouldFetchLoglines_IfPreviousCallIsComplete" storage="d:\actions-runner\_work\xpco\xpco\logserver\viewer\videoos.logviewer.tests\bin\debug\videoos.logviewer.tests.dll" id="284dbb82-affc-3f14-2c39-f9cbe003541b">
      <Execution id="949402d2-d81f-4c61-b9d7-bace039c31e9" />
      <TestMethod codeBase="D:\actions-runner\_work\XPCO\XPCO\LogServer\Viewer\VideoOS.LogViewer.Tests\bin\Debug\VideoOS.LogViewer.Tests.dll" adapterTypeName="executor://mstestadapter/v2" className="VideoOS.LogViewer.Tests.UI.ViewModels.SystemLogTabViewModelTests" name="FetchLoglinesAsync_ShouldFetchLoglines_IfPreviousCallIsComplete" />
    </UnitTest>
    <UnitTest name="OnScrollChanged_ShouldTriggerFetchingMoreLoglines (True,100,50,False)" storage="d:\actions-runner\_work\xpco\xpco\logserver\viewer\videoos.logviewer.tests\bin\debug\videoos.logviewer.tests.dll" id="7fba6cdb-b5ba-bacb-784a-8de97259b5d1">
      <Execution id="28302820-7e8c-45c9-9316-cb8ac203b094" />
      <TestMethod codeBase="D:\actions-runner\_work\XPCO\XPCO\LogServer\Viewer\VideoOS.LogViewer.Tests\bin\Debug\VideoOS.LogViewer.Tests.dll" adapterTypeName="executor://mstestadapter/v2" className="VideoOS.LogViewer.Tests.UI.Views.LoglinesDataGridAutoFetchLogsBehaviorTests" name="OnScrollChanged_ShouldTriggerFetchingMoreLoglines" />
    </UnitTest>
    <UnitTest name="StartExportAsync_ShouldNotIncludeFiltersInTheAuditLogExport_IfNoFiltersAreApplied (Source name)" storage="d:\actions-runner\_work\xpco\xpco\logserver\viewer\videoos.logviewer.tests\bin\debug\videoos.logviewer.tests.dll" id="4ab6305e-36f3-8dff-49f2-16d65e121481">
      <Execution id="a07ac022-6436-457f-a857-a3de2674f033" />
      <TestMethod codeBase="D:\actions-runner\_work\XPCO\XPCO\LogServer\Viewer\VideoOS.LogViewer.Tests\bin\Debug\VideoOS.LogViewer.Tests.dll" adapterTypeName="executor://mstestadapter/v2" className="VideoOS.LogViewer.Tests.Export.CSVExportHandlerTests" name="StartExportAsync_ShouldNotIncludeFiltersInTheAuditLogExport_IfNoFiltersAreApplied" />
    </UnitTest>
    <UnitTest name="ClearFilter_ShouldDeselectGivenFilter" storage="d:\actions-runner\_work\xpco\xpco\logserver\viewer\videoos.logviewer.tests\bin\debug\videoos.logviewer.tests.dll" id="59c4ad07-185c-cdff-7011-256643f401a2">
      <Execution id="cdc8a089-692c-46af-965b-4fe336f29394" />
      <TestMethod codeBase="D:\actions-runner\_work\XPCO\XPCO\LogServer\Viewer\VideoOS.LogViewer.Tests\bin\Debug\VideoOS.LogViewer.Tests.dll" adapterTypeName="executor://mstestadapter/v2" className="VideoOS.LogViewer.Tests.UI.ViewModels.FilterSelectionControlViewModelTests" name="ClearFilter_ShouldDeselectGivenFilter" />
    </UnitTest>
    <UnitTest name="FetchLoglinesAsync_ShouldUpdateLoglines_WithWhatILogReaderProvides" storage="d:\actions-runner\_work\xpco\xpco\logserver\viewer\videoos.logviewer.tests\bin\debug\videoos.logviewer.tests.dll" id="02c6656a-22ee-eb13-3d23-d8a5de623da2">
      <Execution id="3874ed13-367d-44a8-af82-ca274de3e893" />
      <TestMethod codeBase="D:\actions-runner\_work\XPCO\XPCO\LogServer\Viewer\VideoOS.LogViewer.Tests\bin\Debug\VideoOS.LogViewer.Tests.dll" adapterTypeName="executor://mstestadapter/v2" className="VideoOS.LogViewer.Tests.UI.ViewModels.SystemLogTabViewModelTests" name="FetchLoglinesAsync_ShouldUpdateLoglines_WithWhatILogReaderProvides" />
    </UnitTest>
    <UnitTest name="FromTime_ShouldBeAdjusted_IfToTimeIsSetToEarlierTime" storage="d:\actions-runner\_work\xpco\xpco\logserver\viewer\videoos.logviewer.tests\bin\debug\videoos.logviewer.tests.dll" id="9ef4cb83-58ea-3348-3a4a-1820abc8c147">
      <Execution id="820b28a3-84be-40a8-89cd-3e8c485ec368" />
      <TestMethod codeBase="D:\actions-runner\_work\XPCO\XPCO\LogServer\Viewer\VideoOS.LogViewer.Tests\bin\Debug\VideoOS.LogViewer.Tests.dll" adapterTypeName="executor://mstestadapter/v2" className="VideoOS.LogViewer.Tests.UI.ViewModels.AuditLogTabViewModelTests" name="FromTime_ShouldBeAdjusted_IfToTimeIsSetToEarlierTime" />
    </UnitTest>
    <UnitTest name="LogExportStarted_ShouldWriteLogline (Unknown)" storage="d:\actions-runner\_work\xpco\xpco\logserver\viewer\videoos.logviewer.tests\bin\debug\videoos.logviewer.tests.dll" id="f9be6f1c-2bec-6ded-b469-e63c38be8302">
      <Execution id="4050ccd0-e458-4c09-8804-514f1304a161" />
      <TestMethod codeBase="D:\actions-runner\_work\XPCO\XPCO\LogServer\Viewer\VideoOS.LogViewer.Tests\bin\Debug\VideoOS.LogViewer.Tests.dll" adapterTypeName="executor://mstestadapter/v2" className="VideoOS.LogViewer.Tests.AuditLog.AuditLoggerTests" name="LogExportStarted_ShouldWriteLogline" />
    </UnitTest>
    <UnitTest name="LogExportCompleted_ShouldRegisterMessages (Rule)" storage="d:\actions-runner\_work\xpco\xpco\logserver\viewer\videoos.logviewer.tests\bin\debug\videoos.logviewer.tests.dll" id="0966f41b-229c-3a1b-4882-4f51d1c194bd">
      <Execution id="d8e055e5-14cd-488f-ae22-2466ad6d5f6c" />
      <TestMethod codeBase="D:\actions-runner\_work\XPCO\XPCO\LogServer\Viewer\VideoOS.LogViewer.Tests\bin\Debug\VideoOS.LogViewer.Tests.dll" adapterTypeName="executor://mstestadapter/v2" className="VideoOS.LogViewer.Tests.AuditLog.AuditLoggerTests" name="LogExportCompleted_ShouldRegisterMessages" />
    </UnitTest>
    <UnitTest name="LogExportCompletedToken_ShouldRegisterMessages (Audit)" storage="d:\actions-runner\_work\xpco\xpco\logserver\viewer\videoos.logviewer.tests\bin\debug\videoos.logviewer.tests.dll" id="95d8aac3-9120-8d1e-8fd7-948901f91139">
      <Execution id="5e4d41a9-456c-4be6-9e82-427f79a82b71" />
      <TestMethod codeBase="D:\actions-runner\_work\XPCO\XPCO\LogServer\Viewer\VideoOS.LogViewer.Tests\bin\Debug\VideoOS.LogViewer.Tests.dll" adapterTypeName="executor://mstestadapter/v2" className="VideoOS.LogViewer.Tests.AuditLog.AuditLoggerTests" name="LogExportCompletedToken_ShouldRegisterMessages" />
    </UnitTest>
    <UnitTest name="ExportNameErrorMessage_ShouldNotBeNull_IfNameFieldIsEmpty" storage="d:\actions-runner\_work\xpco\xpco\logserver\viewer\videoos.logviewer.tests\bin\debug\videoos.logviewer.tests.dll" id="cd948457-e6eb-c0cb-4b02-a694fa3140f8">
      <Execution id="740b88ef-8144-4911-a63f-8f5dedef3803" />
      <TestMethod codeBase="D:\actions-runner\_work\XPCO\XPCO\LogServer\Viewer\VideoOS.LogViewer.Tests\bin\Debug\VideoOS.LogViewer.Tests.dll" adapterTypeName="executor://mstestadapter/v2" className="VideoOS.LogViewer.Tests.UI.ViewModels.ExportWindowViewModelTests" name="ExportNameErrorMessage_ShouldNotBeNull_IfNameFieldIsEmpty" />
    </UnitTest>
    <UnitTest name="ToTime_ShouldBeAdjusted_IfFromTimeIsSetToLaterTime" storage="d:\actions-runner\_work\xpco\xpco\logserver\viewer\videoos.logviewer.tests\bin\debug\videoos.logviewer.tests.dll" id="c332d32d-69f4-7eb8-a50f-41fa471a9d91">
      <Execution id="bac7b83b-9e4d-46da-a2b8-a0aceb8d682c" />
      <TestMethod codeBase="D:\actions-runner\_work\XPCO\XPCO\LogServer\Viewer\VideoOS.LogViewer.Tests\bin\Debug\VideoOS.LogViewer.Tests.dll" adapterTypeName="executor://mstestadapter/v2" className="VideoOS.LogViewer.Tests.UI.ViewModels.SystemLogTabViewModelTests" name="ToTime_ShouldBeAdjusted_IfFromTimeIsSetToLaterTime" />
    </UnitTest>
    <UnitTest name="BrowseExportPathCommand_ShouldSetExportPath_WhenDialogResultIsOk" storage="d:\actions-runner\_work\xpco\xpco\logserver\viewer\videoos.logviewer.tests\bin\debug\videoos.logviewer.tests.dll" id="0cc63b59-a765-1919-dc40-45f2f88bc1ca">
      <Execution id="bdd8d5d9-5863-430b-be97-d19512394182" />
      <TestMethod codeBase="D:\actions-runner\_work\XPCO\XPCO\LogServer\Viewer\VideoOS.LogViewer.Tests\bin\Debug\VideoOS.LogViewer.Tests.dll" adapterTypeName="executor://mstestadapter/v2" className="VideoOS.LogViewer.Tests.UI.ViewModels.ExportWindowViewModelTests" name="BrowseExportPathCommand_ShouldSetExportPath_WhenDialogResultIsOk" />
    </UnitTest>
    <UnitTest name="LogExportStarted_ShouldGenerateCorrectParameters (Unknown)" storage="d:\actions-runner\_work\xpco\xpco\logserver\viewer\videoos.logviewer.tests\bin\debug\videoos.logviewer.tests.dll" id="c976be10-2f0e-aa32-010e-a701df3eea52">
      <Execution id="0cfde9e6-9bd4-41d3-ada2-bb68d963a80c" />
      <TestMethod codeBase="D:\actions-runner\_work\XPCO\XPCO\LogServer\Viewer\VideoOS.LogViewer.Tests\bin\Debug\VideoOS.LogViewer.Tests.dll" adapterTypeName="executor://mstestadapter/v2" className="VideoOS.LogViewer.Tests.AuditLog.AuditLoggerTests" name="LogExportStarted_ShouldGenerateCorrectParameters" />
    </UnitTest>
    <UnitTest name="StartExportAsync_ShouldIncludeFiltersInTheSystemLogExport_IfAnyApplied (Log level)" storage="d:\actions-runner\_work\xpco\xpco\logserver\viewer\videoos.logviewer.tests\bin\debug\videoos.logviewer.tests.dll" id="10a08c80-843c-fb0a-33ef-74b9dc2de881">
      <Execution id="c8fb07d0-3dae-43e5-bf45-07d09b154ead" />
      <TestMethod codeBase="D:\actions-runner\_work\XPCO\XPCO\LogServer\Viewer\VideoOS.LogViewer.Tests\bin\Debug\VideoOS.LogViewer.Tests.dll" adapterTypeName="executor://mstestadapter/v2" className="VideoOS.LogViewer.Tests.Export.CSVExportHandlerTests" name="StartExportAsync_ShouldIncludeFiltersInTheSystemLogExport_IfAnyApplied" />
    </UnitTest>
    <UnitTest name="LogExportCompletedToken_ShouldGenerateCorrectParameters (Audit)" storage="d:\actions-runner\_work\xpco\xpco\logserver\viewer\videoos.logviewer.tests\bin\debug\videoos.logviewer.tests.dll" id="600a9f74-1dd6-0ecd-3743-c445e062d186">
      <Execution id="0581b02e-7c2e-4359-b88e-5bc8f5964f51" />
      <TestMethod codeBase="D:\actions-runner\_work\XPCO\XPCO\LogServer\Viewer\VideoOS.LogViewer.Tests\bin\Debug\VideoOS.LogViewer.Tests.dll" adapterTypeName="executor://mstestadapter/v2" className="VideoOS.LogViewer.Tests.AuditLog.AuditLoggerTests" name="LogExportCompletedToken_ShouldGenerateCorrectParameters" />
    </UnitTest>
    <UnitTest name="FilterItems_ShouldOnlyDisplayFiltersThatStartsWithSearchText_WhenSearchTextIsNotEmpty" storage="d:\actions-runner\_work\xpco\xpco\logserver\viewer\videoos.logviewer.tests\bin\debug\videoos.logviewer.tests.dll" id="558c1804-1699-b553-0a2a-034e67dff26f">
      <Execution id="5f4e4ac9-fbc0-4d35-a26c-adb9295432b1" />
      <TestMethod codeBase="D:\actions-runner\_work\XPCO\XPCO\LogServer\Viewer\VideoOS.LogViewer.Tests\bin\Debug\VideoOS.LogViewer.Tests.dll" adapterTypeName="executor://mstestadapter/v2" className="VideoOS.LogViewer.Tests.UI.ViewModels.FilterSelectionControlViewModelTests" name="FilterItems_ShouldOnlyDisplayFiltersThatStartsWithSearchText_WhenSearchTextIsNotEmpty" />
    </UnitTest>
    <UnitTest name="FetchLoglinesAsync_ShouldNotModify_WhatILogReaderProvides" storage="d:\actions-runner\_work\xpco\xpco\logserver\viewer\videoos.logviewer.tests\bin\debug\videoos.logviewer.tests.dll" id="3c05a843-1b7a-2af9-f9c1-99144c4969e3">
      <Execution id="48aed184-f2b8-49d9-8660-714521da73f9" />
      <TestMethod codeBase="D:\actions-runner\_work\XPCO\XPCO\LogServer\Viewer\VideoOS.LogViewer.Tests\bin\Debug\VideoOS.LogViewer.Tests.dll" adapterTypeName="executor://mstestadapter/v2" className="VideoOS.LogViewer.Tests.UI.ViewModels.SystemLogTabViewModelTests" name="FetchLoglinesAsync_ShouldNotModify_WhatILogReaderProvides" />
    </UnitTest>
    <UnitTest name="LogExportCompleted_ShouldGenerateCorrectParameters (Rule)" storage="d:\actions-runner\_work\xpco\xpco\logserver\viewer\videoos.logviewer.tests\bin\debug\videoos.logviewer.tests.dll" id="19a2df89-ffce-448e-93da-9f4758dfd40f">
      <Execution id="127ae703-37ee-4373-afb3-c18c7b4f6a86" />
      <TestMethod codeBase="D:\actions-runner\_work\XPCO\XPCO\LogServer\Viewer\VideoOS.LogViewer.Tests\bin\Debug\VideoOS.LogViewer.Tests.dll" adapterTypeName="executor://mstestadapter/v2" className="VideoOS.LogViewer.Tests.AuditLog.AuditLoggerTests" name="LogExportCompleted_ShouldGenerateCorrectParameters" />
    </UnitTest>
    <UnitTest name="LogExportCanceledToken_ShouldWriteLogline (System)" storage="d:\actions-runner\_work\xpco\xpco\logserver\viewer\videoos.logviewer.tests\bin\debug\videoos.logviewer.tests.dll" id="8398e35d-199b-4b63-75ce-8cb0a5ae5f6f">
      <Execution id="eefe658a-e550-470f-9951-3d6f8337834b" />
      <TestMethod codeBase="D:\actions-runner\_work\XPCO\XPCO\LogServer\Viewer\VideoOS.LogViewer.Tests\bin\Debug\VideoOS.LogViewer.Tests.dll" adapterTypeName="executor://mstestadapter/v2" className="VideoOS.LogViewer.Tests.AuditLog.AuditLoggerTests" name="LogExportCanceledToken_ShouldWriteLogline" />
    </UnitTest>
    <UnitTest name="LogExportCompletedToken_ShouldGenerateCorrectParameters (System)" storage="d:\actions-runner\_work\xpco\xpco\logserver\viewer\videoos.logviewer.tests\bin\debug\videoos.logviewer.tests.dll" id="ca312ef0-14f4-447d-80ca-9a48a81d9535">
      <Execution id="03ace1af-e537-4df5-b2ff-bf54c66851f7" />
      <TestMethod codeBase="D:\actions-runner\_work\XPCO\XPCO\LogServer\Viewer\VideoOS.LogViewer.Tests\bin\Debug\VideoOS.LogViewer.Tests.dll" adapterTypeName="executor://mstestadapter/v2" className="VideoOS.LogViewer.Tests.AuditLog.AuditLoggerTests" name="LogExportCompletedToken_ShouldGenerateCorrectParameters" />
    </UnitTest>
    <UnitTest name="LogExportCompletedToken_ShouldRegisterCategory (Rule)" storage="d:\actions-runner\_work\xpco\xpco\logserver\viewer\videoos.logviewer.tests\bin\debug\videoos.logviewer.tests.dll" id="dab7dede-4c82-1f90-7cfd-8dee6801a09f">
      <Execution id="1b332140-e7df-4042-9fb8-7da2f52998fd" />
      <TestMethod codeBase="D:\actions-runner\_work\XPCO\XPCO\LogServer\Viewer\VideoOS.LogViewer.Tests\bin\Debug\VideoOS.LogViewer.Tests.dll" adapterTypeName="executor://mstestadapter/v2" className="VideoOS.LogViewer.Tests.AuditLog.AuditLoggerTests" name="LogExportCompletedToken_ShouldRegisterCategory" />
    </UnitTest>
    <UnitTest name="ApplyFiltersCommand_ShouldQueryAuditLogs_InProvidedLanguage" storage="d:\actions-runner\_work\xpco\xpco\logserver\viewer\videoos.logviewer.tests\bin\debug\videoos.logviewer.tests.dll" id="7363ec98-688b-abe6-13cc-c183838a699a">
      <Execution id="e370e0c2-f0af-4a3b-bf8b-fd42accdfa8c" />
      <TestMethod codeBase="D:\actions-runner\_work\XPCO\XPCO\LogServer\Viewer\VideoOS.LogViewer.Tests\bin\Debug\VideoOS.LogViewer.Tests.dll" adapterTypeName="executor://mstestadapter/v2" className="VideoOS.LogViewer.Tests.UI.ViewModels.AuditLogTabViewModelTests" name="ApplyFiltersCommand_ShouldQueryAuditLogs_InProvidedLanguage" />
    </UnitTest>
    <UnitTest name="StartExportAsync_ShouldNotIncludeFiltersInTheSystemLogExport_IfNoFiltersAreApplied (Event type)" storage="d:\actions-runner\_work\xpco\xpco\logserver\viewer\videoos.logviewer.tests\bin\debug\videoos.logviewer.tests.dll" id="1e930fbc-c4a6-80bc-e006-01ba9667acc1">
      <Execution id="6baf8c3e-ed88-4d5b-b98c-608a740c3fe8" />
      <TestMethod codeBase="D:\actions-runner\_work\XPCO\XPCO\LogServer\Viewer\VideoOS.LogViewer.Tests\bin\Debug\VideoOS.LogViewer.Tests.dll" adapterTypeName="executor://mstestadapter/v2" className="VideoOS.LogViewer.Tests.Export.CSVExportHandlerTests" name="StartExportAsync_ShouldNotIncludeFiltersInTheSystemLogExport_IfNoFiltersAreApplied" />
    </UnitTest>
    <UnitTest name="LogExportCompleted_ShouldGenerateCorrectParameters (Unknown)" storage="d:\actions-runner\_work\xpco\xpco\logserver\viewer\videoos.logviewer.tests\bin\debug\videoos.logviewer.tests.dll" id="ab0a135d-08a3-4568-07f3-e125db115dc4">
      <Execution id="a65116f6-07bd-4222-8f74-fd80f6abc8b9" />
      <TestMethod codeBase="D:\actions-runner\_work\XPCO\XPCO\LogServer\Viewer\VideoOS.LogViewer.Tests\bin\Debug\VideoOS.LogViewer.Tests.dll" adapterTypeName="executor://mstestadapter/v2" className="VideoOS.LogViewer.Tests.AuditLog.AuditLoggerTests" name="LogExportCompleted_ShouldGenerateCorrectParameters" />
    </UnitTest>
    <UnitTest name="Constructors_ShouldNotAllowInjectionOfNulls" storage="d:\actions-runner\_work\xpco\xpco\logserver\viewer\videoos.logviewer.tests\bin\debug\videoos.logviewer.tests.dll" id="bb4778d6-27b2-176c-68e5-02c38c73ea88">
      <Execution id="774c1ec5-3032-428f-9ddc-179b2d343d4b" />
      <TestMethod codeBase="D:\actions-runner\_work\XPCO\XPCO\LogServer\Viewer\VideoOS.LogViewer.Tests\bin\Debug\VideoOS.LogViewer.Tests.dll" adapterTypeName="executor://mstestadapter/v2" className="VideoOS.LogViewer.Tests.UI.ViewModels.FilterSelectionControlViewModelTests" name="Constructors_ShouldNotAllowInjectionOfNulls" />
    </UnitTest>
    <UnitTest name="LogExportCanceled_ShouldWriteLogline (Rule)" storage="d:\actions-runner\_work\xpco\xpco\logserver\viewer\videoos.logviewer.tests\bin\debug\videoos.logviewer.tests.dll" id="a98b22fe-39ac-3b1a-c806-25955547cf41">
      <Execution id="c358cf5f-9fe8-4762-b6d8-037f9e745aba" />
      <TestMethod codeBase="D:\actions-runner\_work\XPCO\XPCO\LogServer\Viewer\VideoOS.LogViewer.Tests\bin\Debug\VideoOS.LogViewer.Tests.dll" adapterTypeName="executor://mstestadapter/v2" className="VideoOS.LogViewer.Tests.AuditLog.AuditLoggerTests" name="LogExportCanceled_ShouldWriteLogline" />
    </UnitTest>
    <UnitTest name="StartExportAsync_ShouldIncludeFiltersInTheSystemLogExport_IfAnyApplied (Source name)" storage="d:\actions-runner\_work\xpco\xpco\logserver\viewer\videoos.logviewer.tests\bin\debug\videoos.logviewer.tests.dll" id="bab4d807-132f-2517-9c5e-f33ba422a350">
      <Execution id="33140f95-5b04-4c47-9ca9-69919a811ebe" />
      <TestMethod codeBase="D:\actions-runner\_work\XPCO\XPCO\LogServer\Viewer\VideoOS.LogViewer.Tests\bin\Debug\VideoOS.LogViewer.Tests.dll" adapterTypeName="executor://mstestadapter/v2" className="VideoOS.LogViewer.Tests.Export.CSVExportHandlerTests" name="StartExportAsync_ShouldIncludeFiltersInTheSystemLogExport_IfAnyApplied" />
    </UnitTest>
    <UnitTest name="LogExportStarted_ShouldWriteLogline (Rule)" storage="d:\actions-runner\_work\xpco\xpco\logserver\viewer\videoos.logviewer.tests\bin\debug\videoos.logviewer.tests.dll" id="979ea342-03d2-1f90-94fc-0e818b1139b0">
      <Execution id="f4251ac5-98a4-4be0-86d9-f98b582e566a" />
      <TestMethod codeBase="D:\actions-runner\_work\XPCO\XPCO\LogServer\Viewer\VideoOS.LogViewer.Tests\bin\Debug\VideoOS.LogViewer.Tests.dll" adapterTypeName="executor://mstestadapter/v2" className="VideoOS.LogViewer.Tests.AuditLog.AuditLoggerTests" name="LogExportStarted_ShouldWriteLogline" />
    </UnitTest>
    <UnitTest name="NumberOfAppliedFilters_ShouldBeZero_IfFilterItemsAreNotLoaded" storage="d:\actions-runner\_work\xpco\xpco\logserver\viewer\videoos.logviewer.tests\bin\debug\videoos.logviewer.tests.dll" id="59e800ea-24c2-12cd-f0ad-9356d3ab7127">
      <Execution id="06da17cb-23d9-4f8a-8a4a-f3de94bd3e3d" />
      <TestMethod codeBase="D:\actions-runner\_work\XPCO\XPCO\LogServer\Viewer\VideoOS.LogViewer.Tests\bin\Debug\VideoOS.LogViewer.Tests.dll" adapterTypeName="executor://mstestadapter/v2" className="VideoOS.LogViewer.Tests.UI.ViewModels.FilterSelectionControlViewModelTests" name="NumberOfAppliedFilters_ShouldBeZero_IfFilterItemsAreNotLoaded" />
    </UnitTest>
    <UnitTest name="NumberOfAppliedFilters_ShouldBeZero_IfNoFiltersApplied" storage="d:\actions-runner\_work\xpco\xpco\logserver\viewer\videoos.logviewer.tests\bin\debug\videoos.logviewer.tests.dll" id="abcb749e-e15c-9eb9-6fea-c2bdecada892">
      <Execution id="f909961d-9cf3-45ea-a434-6bffd47edaf9" />
      <TestMethod codeBase="D:\actions-runner\_work\XPCO\XPCO\LogServer\Viewer\VideoOS.LogViewer.Tests\bin\Debug\VideoOS.LogViewer.Tests.dll" adapterTypeName="executor://mstestadapter/v2" className="VideoOS.LogViewer.Tests.UI.ViewModels.FilterSelectionControlViewModelTests" name="NumberOfAppliedFilters_ShouldBeZero_IfNoFiltersApplied" />
    </UnitTest>
    <UnitTest name="StartExportAsync_ShouldExportAllRuleTriggeredLogsWithinGivenTime_IfNoFiltersApplied" storage="d:\actions-runner\_work\xpco\xpco\logserver\viewer\videoos.logviewer.tests\bin\debug\videoos.logviewer.tests.dll" id="288c4c47-f49c-acce-d98c-379b9f7af341">
      <Execution id="c8cd57c2-886d-4959-a1e9-871ef3d54c13" />
      <TestMethod codeBase="D:\actions-runner\_work\XPCO\XPCO\LogServer\Viewer\VideoOS.LogViewer.Tests\bin\Debug\VideoOS.LogViewer.Tests.dll" adapterTypeName="executor://mstestadapter/v2" className="VideoOS.LogViewer.Tests.Export.CSVExportHandlerTests" name="StartExportAsync_ShouldExportAllRuleTriggeredLogsWithinGivenTime_IfNoFiltersApplied" />
    </UnitTest>
    <UnitTest name="ApplyFiltersCommand_ShouldSetTotalLoglinesCountValueTo100_WhenStartQuerySessionReturns100" storage="d:\actions-runner\_work\xpco\xpco\logserver\viewer\videoos.logviewer.tests\bin\debug\videoos.logviewer.tests.dll" id="00e2f1dc-895b-03ca-8793-61f415bdd9dc">
      <Execution id="d69959eb-7590-483b-b031-79b1444d1a57" />
      <TestMethod codeBase="D:\actions-runner\_work\XPCO\XPCO\LogServer\Viewer\VideoOS.LogViewer.Tests\bin\Debug\VideoOS.LogViewer.Tests.dll" adapterTypeName="executor://mstestadapter/v2" className="VideoOS.LogViewer.Tests.UI.ViewModels.SystemLogTabViewModelTests" name="ApplyFiltersCommand_ShouldSetTotalLoglinesCountValueTo100_WhenStartQuerySessionReturns100" />
    </UnitTest>
    <UnitTest name="ClearSearchCommand_ShouldClearSearchTextBox" storage="d:\actions-runner\_work\xpco\xpco\logserver\viewer\videoos.logviewer.tests\bin\debug\videoos.logviewer.tests.dll" id="55806f1e-9f22-44c5-8e7c-a2e4d400c793">
      <Execution id="3b2f814f-16cd-4e07-b3a1-b253f0b61413" />
      <TestMethod codeBase="D:\actions-runner\_work\XPCO\XPCO\LogServer\Viewer\VideoOS.LogViewer.Tests\bin\Debug\VideoOS.LogViewer.Tests.dll" adapterTypeName="executor://mstestadapter/v2" className="VideoOS.LogViewer.Tests.UI.ViewModels.FilterSelectionControlViewModelTests" name="ClearSearchCommand_ShouldClearSearchTextBox" />
    </UnitTest>
    <UnitTest name="FetchLoglinesAsync_ShouldNotFetchLoglines_IfPreviousCallIsInProgress" storage="d:\actions-runner\_work\xpco\xpco\logserver\viewer\videoos.logviewer.tests\bin\debug\videoos.logviewer.tests.dll" id="21c552d7-9287-5750-003a-4828b6abed06">
      <Execution id="9c975454-a9f7-4914-8204-ae163d4175a4" />
      <TestMethod codeBase="D:\actions-runner\_work\XPCO\XPCO\LogServer\Viewer\VideoOS.LogViewer.Tests\bin\Debug\VideoOS.LogViewer.Tests.dll" adapterTypeName="executor://mstestadapter/v2" className="VideoOS.LogViewer.Tests.UI.ViewModels.SystemLogTabViewModelTests" name="FetchLoglinesAsync_ShouldNotFetchLoglines_IfPreviousCallIsInProgress" />
    </UnitTest>
    <UnitTest name="ApplyFiltersCommand_ShouldSetTotalLoglinesCountValueTo100_WhenStartQuerySessionReturns100" storage="d:\actions-runner\_work\xpco\xpco\logserver\viewer\videoos.logviewer.tests\bin\debug\videoos.logviewer.tests.dll" id="75b5eebc-b3d3-bb16-520a-b3b1d6058d04">
      <Execution id="0f064633-8df7-42a7-9dce-bd994fad966f" />
      <TestMethod codeBase="D:\actions-runner\_work\XPCO\XPCO\LogServer\Viewer\VideoOS.LogViewer.Tests\bin\Debug\VideoOS.LogViewer.Tests.dll" adapterTypeName="executor://mstestadapter/v2" className="VideoOS.LogViewer.Tests.UI.ViewModels.RuleLogTabViewModelTests" name="ApplyFiltersCommand_ShouldSetTotalLoglinesCountValueTo100_WhenStartQuerySessionReturns100" />
    </UnitTest>
    <UnitTest name="LogExportCompletedToken_ShouldRegisterSourceType (System)" storage="d:\actions-runner\_work\xpco\xpco\logserver\viewer\videoos.logviewer.tests\bin\debug\videoos.logviewer.tests.dll" id="0276b01c-82f0-6e6b-db6d-72e6f6b0c4a1">
      <Execution id="638bcff5-0344-41fa-a105-9a25950a40a5" />
      <TestMethod codeBase="D:\actions-runner\_work\XPCO\XPCO\LogServer\Viewer\VideoOS.LogViewer.Tests\bin\Debug\VideoOS.LogViewer.Tests.dll" adapterTypeName="executor://mstestadapter/v2" className="VideoOS.LogViewer.Tests.AuditLog.AuditLoggerTests" name="LogExportCompletedToken_ShouldRegisterSourceType" />
    </UnitTest>
    <UnitTest name="LogExportCanceled_ShouldWriteLogline (Audit)" storage="d:\actions-runner\_work\xpco\xpco\logserver\viewer\videoos.logviewer.tests\bin\debug\videoos.logviewer.tests.dll" id="62259e3a-78c6-411f-a57a-5855684cb024">
      <Execution id="11502020-58f4-42f9-af8a-8fb1a7985f9b" />
      <TestMethod codeBase="D:\actions-runner\_work\XPCO\XPCO\LogServer\Viewer\VideoOS.LogViewer.Tests\bin\Debug\VideoOS.LogViewer.Tests.dll" adapterTypeName="executor://mstestadapter/v2" className="VideoOS.LogViewer.Tests.AuditLog.AuditLoggerTests" name="LogExportCanceled_ShouldWriteLogline" />
    </UnitTest>
    <UnitTest name="StartExportAsync_ShouldIncludeFiltersInTheRuleTriggeredLogExport_IfAnyApplied (Rule name)" storage="d:\actions-runner\_work\xpco\xpco\logserver\viewer\videoos.logviewer.tests\bin\debug\videoos.logviewer.tests.dll" id="91dbdb34-2778-3e62-1726-23e9dbe006bb">
      <Execution id="bffb333e-67a6-4a6e-9e4e-232533b72585" />
      <TestMethod codeBase="D:\actions-runner\_work\XPCO\XPCO\LogServer\Viewer\VideoOS.LogViewer.Tests\bin\Debug\VideoOS.LogViewer.Tests.dll" adapterTypeName="executor://mstestadapter/v2" className="VideoOS.LogViewer.Tests.Export.CSVExportHandlerTests" name="StartExportAsync_ShouldIncludeFiltersInTheRuleTriggeredLogExport_IfAnyApplied" />
    </UnitTest>
    <UnitTest name="ToTime_ShouldBeAdjusted_IfFromTimeIsSetToLaterTime" storage="d:\actions-runner\_work\xpco\xpco\logserver\viewer\videoos.logviewer.tests\bin\debug\videoos.logviewer.tests.dll" id="4ebedce6-a5c7-e645-0024-a816dbb8d51d">
      <Execution id="034a39df-6c08-47ef-8391-e9019a17b886" />
      <TestMethod codeBase="D:\actions-runner\_work\XPCO\XPCO\LogServer\Viewer\VideoOS.LogViewer.Tests\bin\Debug\VideoOS.LogViewer.Tests.dll" adapterTypeName="executor://mstestadapter/v2" className="VideoOS.LogViewer.Tests.UI.ViewModels.RuleLogTabViewModelTests" name="ToTime_ShouldBeAdjusted_IfFromTimeIsSetToLaterTime" />
    </UnitTest>
    <UnitTest name="StartExportAsync_ShouldIncludeFiltersInTheAuditLogExport_IfAnyApplied (User location)" storage="d:\actions-runner\_work\xpco\xpco\logserver\viewer\videoos.logviewer.tests\bin\debug\videoos.logviewer.tests.dll" id="7d848429-f892-546b-2041-cc3eee96180e">
      <Execution id="8c293f2e-a8f4-4729-9cdd-ab9b031383b7" />
      <TestMethod codeBase="D:\actions-runner\_work\XPCO\XPCO\LogServer\Viewer\VideoOS.LogViewer.Tests\bin\Debug\VideoOS.LogViewer.Tests.dll" adapterTypeName="executor://mstestadapter/v2" className="VideoOS.LogViewer.Tests.Export.CSVExportHandlerTests" name="StartExportAsync_ShouldIncludeFiltersInTheAuditLogExport_IfAnyApplied" />
    </UnitTest>
    <UnitTest name="ApplyFiltersCommand_ShouldDisplayErrorMessage_IfStartQuerySessionAsyncResultsInException" storage="d:\actions-runner\_work\xpco\xpco\logserver\viewer\videoos.logviewer.tests\bin\debug\videoos.logviewer.tests.dll" id="448cd6ab-3397-fbe2-1096-bb0f78bfaa01">
      <Execution id="ef184789-fe0f-4dbe-8191-5786b66988f9" />
      <TestMethod codeBase="D:\actions-runner\_work\XPCO\XPCO\LogServer\Viewer\VideoOS.LogViewer.Tests\bin\Debug\VideoOS.LogViewer.Tests.dll" adapterTypeName="executor://mstestadapter/v2" className="VideoOS.LogViewer.Tests.UI.ViewModels.AuditLogTabViewModelTests" name="ApplyFiltersCommand_ShouldDisplayErrorMessage_IfStartQuerySessionAsyncResultsInException" />
    </UnitTest>
    <UnitTest name="ExportPathErrorMessage_ShouldNotBeNull_IfPathIsInvalid" storage="d:\actions-runner\_work\xpco\xpco\logserver\viewer\videoos.logviewer.tests\bin\debug\videoos.logviewer.tests.dll" id="a938a37d-4ef2-829c-1f99-a5797e83d492">
      <Execution id="6a1fca00-3d25-4ba8-aea5-8eb6597d1dbf" />
      <TestMethod codeBase="D:\actions-runner\_work\XPCO\XPCO\LogServer\Viewer\VideoOS.LogViewer.Tests\bin\Debug\VideoOS.LogViewer.Tests.dll" adapterTypeName="executor://mstestadapter/v2" className="VideoOS.LogViewer.Tests.UI.ViewModels.ExportWindowViewModelTests" name="ExportPathErrorMessage_ShouldNotBeNull_IfPathIsInvalid" />
    </UnitTest>
    <UnitTest name="FetchLoglinesAsync_ShouldNotModify_WhatILogReaderProvides" storage="d:\actions-runner\_work\xpco\xpco\logserver\viewer\videoos.logviewer.tests\bin\debug\videoos.logviewer.tests.dll" id="d154ee83-1a54-69f4-120f-345cee659a58">
      <Execution id="ec8bf3a2-e038-4270-a9cc-56080b5fa5a2" />
      <TestMethod codeBase="D:\actions-runner\_work\XPCO\XPCO\LogServer\Viewer\VideoOS.LogViewer.Tests\bin\Debug\VideoOS.LogViewer.Tests.dll" adapterTypeName="executor://mstestadapter/v2" className="VideoOS.LogViewer.Tests.UI.ViewModels.AuditLogTabViewModelTests" name="FetchLoglinesAsync_ShouldNotModify_WhatILogReaderProvides" />
    </UnitTest>
    <UnitTest name="LogExportCanceledToken_ShouldGenerateCorrectParameters (Rule)" storage="d:\actions-runner\_work\xpco\xpco\logserver\viewer\videoos.logviewer.tests\bin\debug\videoos.logviewer.tests.dll" id="a7ee1c36-5cec-59cd-bbbe-48673dacb8e9">
      <Execution id="aac6d0d0-6522-4e26-997b-0bd9c5e73c34" />
      <TestMethod codeBase="D:\actions-runner\_work\XPCO\XPCO\LogServer\Viewer\VideoOS.LogViewer.Tests\bin\Debug\VideoOS.LogViewer.Tests.dll" adapterTypeName="executor://mstestadapter/v2" className="VideoOS.LogViewer.Tests.AuditLog.AuditLoggerTests" name="LogExportCanceledToken_ShouldGenerateCorrectParameters" />
    </UnitTest>
    <UnitTest name="StartExportAsync_ShouldNotIncludeFiltersInTheRuleTriggeredLogExport_IfNoFiltersAreApplied (Event type)" storage="d:\actions-runner\_work\xpco\xpco\logserver\viewer\videoos.logviewer.tests\bin\debug\videoos.logviewer.tests.dll" id="3cd90f92-2f08-8ede-8de4-190d94c5a61f">
      <Execution id="fdf70032-1460-487e-9139-18b7b98a042c" />
      <TestMethod codeBase="D:\actions-runner\_work\XPCO\XPCO\LogServer\Viewer\VideoOS.LogViewer.Tests\bin\Debug\VideoOS.LogViewer.Tests.dll" adapterTypeName="executor://mstestadapter/v2" className="VideoOS.LogViewer.Tests.Export.CSVExportHandlerTests" name="StartExportAsync_ShouldNotIncludeFiltersInTheRuleTriggeredLogExport_IfNoFiltersAreApplied" />
    </UnitTest>
    <UnitTest name="ApplyFiltersCommand_ShouldDisplayErrorMessage_IfStartQuerySessionAsyncResultsInException" storage="d:\actions-runner\_work\xpco\xpco\logserver\viewer\videoos.logviewer.tests\bin\debug\videoos.logviewer.tests.dll" id="c4966307-0798-1fe2-6886-1e3abe07a9be">
      <Execution id="0506ff72-4e33-4a36-9ea4-c1ef72c0768a" />
      <TestMethod codeBase="D:\actions-runner\_work\XPCO\XPCO\LogServer\Viewer\VideoOS.LogViewer.Tests\bin\Debug\VideoOS.LogViewer.Tests.dll" adapterTypeName="executor://mstestadapter/v2" className="VideoOS.LogViewer.Tests.UI.ViewModels.SystemLogTabViewModelTests" name="ApplyFiltersCommand_ShouldDisplayErrorMessage_IfStartQuerySessionAsyncResultsInException" />
    </UnitTest>
    <UnitTest name="ResetSelection_ShouldClearTheSearchText" storage="d:\actions-runner\_work\xpco\xpco\logserver\viewer\videoos.logviewer.tests\bin\debug\videoos.logviewer.tests.dll" id="0debcf68-595b-7602-b963-925b6a7ddd7c">
      <Execution id="1c62cd77-e818-4439-94b0-e5e9ad08b0e2" />
      <TestMethod codeBase="D:\actions-runner\_work\XPCO\XPCO\LogServer\Viewer\VideoOS.LogViewer.Tests\bin\Debug\VideoOS.LogViewer.Tests.dll" adapterTypeName="executor://mstestadapter/v2" className="VideoOS.LogViewer.Tests.UI.ViewModels.FilterSelectionControlViewModelTests" name="ResetSelection_ShouldClearTheSearchText" />
    </UnitTest>
    <UnitTest name="StartExportAsync_ShouldNotIncludeFiltersInTheSystemLogExport_IfNoFiltersAreApplied (Category)" storage="d:\actions-runner\_work\xpco\xpco\logserver\viewer\videoos.logviewer.tests\bin\debug\videoos.logviewer.tests.dll" id="485c3db4-ddd6-1540-4078-71b717998356">
      <Execution id="caad6ffe-f986-4fec-92ad-43bac96d45e1" />
      <TestMethod codeBase="D:\actions-runner\_work\XPCO\XPCO\LogServer\Viewer\VideoOS.LogViewer.Tests\bin\Debug\VideoOS.LogViewer.Tests.dll" adapterTypeName="executor://mstestadapter/v2" className="VideoOS.LogViewer.Tests.Export.CSVExportHandlerTests" name="StartExportAsync_ShouldNotIncludeFiltersInTheSystemLogExport_IfNoFiltersAreApplied" />
    </UnitTest>
    <UnitTest name="FetchLoglinesAsync_ShouldNotFetchMoreLoglines_IfAllLoglinesAreAlreadyFetched" storage="d:\actions-runner\_work\xpco\xpco\logserver\viewer\videoos.logviewer.tests\bin\debug\videoos.logviewer.tests.dll" id="4b16ec46-9a7d-9f93-8d71-60b460a79c41">
      <Execution id="be63f41f-8246-45df-9b74-63ab5e0761c7" />
      <TestMethod codeBase="D:\actions-runner\_work\XPCO\XPCO\LogServer\Viewer\VideoOS.LogViewer.Tests\bin\Debug\VideoOS.LogViewer.Tests.dll" adapterTypeName="executor://mstestadapter/v2" className="VideoOS.LogViewer.Tests.UI.ViewModels.SystemLogTabViewModelTests" name="FetchLoglinesAsync_ShouldNotFetchMoreLoglines_IfAllLoglinesAreAlreadyFetched" />
    </UnitTest>
    <UnitTest name="StartExportAsync_ShouldNotIncludeFiltersInTheRuleTriggeredLogExport_IfNoFiltersAreApplied (Source type)" storage="d:\actions-runner\_work\xpco\xpco\logserver\viewer\videoos.logviewer.tests\bin\debug\videoos.logviewer.tests.dll" id="a33aa20a-d1bf-052f-a580-39fd5ed25f44">
      <Execution id="9c8ed17b-8f9b-4a14-8d1b-99abdab7e017" />
      <TestMethod codeBase="D:\actions-runner\_work\XPCO\XPCO\LogServer\Viewer\VideoOS.LogViewer.Tests\bin\Debug\VideoOS.LogViewer.Tests.dll" adapterTypeName="executor://mstestadapter/v2" className="VideoOS.LogViewer.Tests.Export.CSVExportHandlerTests" name="StartExportAsync_ShouldNotIncludeFiltersInTheRuleTriggeredLogExport_IfNoFiltersAreApplied" />
    </UnitTest>
    <UnitTest name="ExportProgress_ShouldBeZero_ByDefault" storage="d:\actions-runner\_work\xpco\xpco\logserver\viewer\videoos.logviewer.tests\bin\debug\videoos.logviewer.tests.dll" id="aa04c745-9ea2-050c-127a-c583471e5d13">
      <Execution id="e1c6f456-2050-4738-9a2e-78888657cad5" />
      <TestMethod codeBase="D:\actions-runner\_work\XPCO\XPCO\LogServer\Viewer\VideoOS.LogViewer.Tests\bin\Debug\VideoOS.LogViewer.Tests.dll" adapterTypeName="executor://mstestadapter/v2" className="VideoOS.LogViewer.Tests.Export.CSVExportHandlerTests" name="ExportProgress_ShouldBeZero_ByDefault" />
    </UnitTest>
    <UnitTest name="ApplyCommand_ShouldNotAddSelectedItemsToFilters_IfAllAreSelected" storage="d:\actions-runner\_work\xpco\xpco\logserver\viewer\videoos.logviewer.tests\bin\debug\videoos.logviewer.tests.dll" id="41926514-96ea-847e-99b7-b19f62846342">
      <Execution id="135f42fd-c9e2-49ce-b3a8-fdd19d2612eb" />
      <TestMethod codeBase="D:\actions-runner\_work\XPCO\XPCO\LogServer\Viewer\VideoOS.LogViewer.Tests\bin\Debug\VideoOS.LogViewer.Tests.dll" adapterTypeName="executor://mstestadapter/v2" className="VideoOS.LogViewer.Tests.UI.ViewModels.FilterSelectionControlViewModelTests" name="ApplyCommand_ShouldNotAddSelectedItemsToFilters_IfAllAreSelected" />
    </UnitTest>
    <UnitTest name="LogExportCompletedToken_ShouldRegisterMessages (Rule)" storage="d:\actions-runner\_work\xpco\xpco\logserver\viewer\videoos.logviewer.tests\bin\debug\videoos.logviewer.tests.dll" id="9590e3aa-1421-3abd-52ba-2a781729d553">
      <Execution id="9478930c-7973-4bb1-9847-ab9d5d02627d" />
      <TestMethod codeBase="D:\actions-runner\_work\XPCO\XPCO\LogServer\Viewer\VideoOS.LogViewer.Tests\bin\Debug\VideoOS.LogViewer.Tests.dll" adapterTypeName="executor://mstestadapter/v2" className="VideoOS.LogViewer.Tests.AuditLog.AuditLoggerTests" name="LogExportCompletedToken_ShouldRegisterMessages" />
    </UnitTest>
    <UnitTest name="InitializeCommand_ShouldDisplayErrorMessage_IfGetFilterValuesAsyncResultsInException" storage="d:\actions-runner\_work\xpco\xpco\logserver\viewer\videoos.logviewer.tests\bin\debug\videoos.logviewer.tests.dll" id="09c37797-5fae-576b-0133-81c2124d9f6a">
      <Execution id="f2e115cf-bb97-4a44-a1dd-5b10330f586c" />
      <TestMethod codeBase="D:\actions-runner\_work\XPCO\XPCO\LogServer\Viewer\VideoOS.LogViewer.Tests\bin\Debug\VideoOS.LogViewer.Tests.dll" adapterTypeName="executor://mstestadapter/v2" className="VideoOS.LogViewer.Tests.UI.ViewModels.RuleLogTabViewModelTests" name="InitializeCommand_ShouldDisplayErrorMessage_IfGetFilterValuesAsyncResultsInException" />
    </UnitTest>
    <UnitTest name="FetchLoglinesAsync_ShouldFetchLoglines_IfPreviousCallIsComplete" storage="d:\actions-runner\_work\xpco\xpco\logserver\viewer\videoos.logviewer.tests\bin\debug\videoos.logviewer.tests.dll" id="4859d64b-764d-8b33-a00c-cc2e453060e3">
      <Execution id="59906586-88b1-4f5c-933f-c84e02f6f612" />
      <TestMethod codeBase="D:\actions-runner\_work\XPCO\XPCO\LogServer\Viewer\VideoOS.LogViewer.Tests\bin\Debug\VideoOS.LogViewer.Tests.dll" adapterTypeName="executor://mstestadapter/v2" className="VideoOS.LogViewer.Tests.UI.ViewModels.AuditLogTabViewModelTests" name="FetchLoglinesAsync_ShouldFetchLoglines_IfPreviousCallIsComplete" />
    </UnitTest>
    <UnitTest name="LogExportCompletedToken_ShouldGenerateCorrectParameters (Rule)" storage="d:\actions-runner\_work\xpco\xpco\logserver\viewer\videoos.logviewer.tests\bin\debug\videoos.logviewer.tests.dll" id="b3945edc-b4c1-82dc-eb15-4f9f8e26cd8e">
      <Execution id="8475272a-b18b-420d-886c-261c315044ed" />
      <TestMethod codeBase="D:\actions-runner\_work\XPCO\XPCO\LogServer\Viewer\VideoOS.LogViewer.Tests\bin\Debug\VideoOS.LogViewer.Tests.dll" adapterTypeName="executor://mstestadapter/v2" className="VideoOS.LogViewer.Tests.AuditLog.AuditLoggerTests" name="LogExportCompletedToken_ShouldGenerateCorrectParameters" />
    </UnitTest>
    <UnitTest name="StartExportAsync_ShouldNotIncludeFiltersInTheSystemLogExport_IfNoFiltersAreApplied (Source name)" storage="d:\actions-runner\_work\xpco\xpco\logserver\viewer\videoos.logviewer.tests\bin\debug\videoos.logviewer.tests.dll" id="aeaa8129-6ac7-8b61-07e1-c54d2c8ef3e7">
      <Execution id="296515a2-3dc8-423b-b5df-63740949d395" />
      <TestMethod codeBase="D:\actions-runner\_work\XPCO\XPCO\LogServer\Viewer\VideoOS.LogViewer.Tests\bin\Debug\VideoOS.LogViewer.Tests.dll" adapterTypeName="executor://mstestadapter/v2" className="VideoOS.LogViewer.Tests.Export.CSVExportHandlerTests" name="StartExportAsync_ShouldNotIncludeFiltersInTheSystemLogExport_IfNoFiltersAreApplied" />
    </UnitTest>
    <UnitTest name="LogExportStarted_ShouldGenerateCorrectParameters (Audit)" storage="d:\actions-runner\_work\xpco\xpco\logserver\viewer\videoos.logviewer.tests\bin\debug\videoos.logviewer.tests.dll" id="f3aff6bd-0f55-e38d-3afe-49f1127fe0bf">
      <Execution id="591a0e0c-d225-4c2e-bd88-77ade3b6c40e" />
      <TestMethod codeBase="D:\actions-runner\_work\XPCO\XPCO\LogServer\Viewer\VideoOS.LogViewer.Tests\bin\Debug\VideoOS.LogViewer.Tests.dll" adapterTypeName="executor://mstestadapter/v2" className="VideoOS.LogViewer.Tests.AuditLog.AuditLoggerTests" name="LogExportStarted_ShouldGenerateCorrectParameters" />
    </UnitTest>
    <UnitTest name="LogExportCompleted_ShouldRegisterSourceType (Rule)" storage="d:\actions-runner\_work\xpco\xpco\logserver\viewer\videoos.logviewer.tests\bin\debug\videoos.logviewer.tests.dll" id="c9fa1f47-7947-54be-37d7-f242aade189d">
      <Execution id="206b8eac-15ab-4d75-8fef-d2b74448e048" />
      <TestMethod codeBase="D:\actions-runner\_work\XPCO\XPCO\LogServer\Viewer\VideoOS.LogViewer.Tests\bin\Debug\VideoOS.LogViewer.Tests.dll" adapterTypeName="executor://mstestadapter/v2" className="VideoOS.LogViewer.Tests.AuditLog.AuditLoggerTests" name="LogExportCompleted_ShouldRegisterSourceType" />
    </UnitTest>
    <UnitTest name="StartExportAsync_ShouldNotIncludeFiltersInTheAuditLogExport_IfNoFiltersAreApplied (Permission)" storage="d:\actions-runner\_work\xpco\xpco\logserver\viewer\videoos.logviewer.tests\bin\debug\videoos.logviewer.tests.dll" id="ba3d77ff-abaa-c9ef-0713-8000d5811174">
      <Execution id="92adc17d-fff9-48aa-a715-03e57b5902e3" />
      <TestMethod codeBase="D:\actions-runner\_work\XPCO\XPCO\LogServer\Viewer\VideoOS.LogViewer.Tests\bin\Debug\VideoOS.LogViewer.Tests.dll" adapterTypeName="executor://mstestadapter/v2" className="VideoOS.LogViewer.Tests.Export.CSVExportHandlerTests" name="StartExportAsync_ShouldNotIncludeFiltersInTheAuditLogExport_IfNoFiltersAreApplied" />
    </UnitTest>
    <UnitTest name="ExportNameErrorMessage_ShouldBeNull_IfNameIsValid" storage="d:\actions-runner\_work\xpco\xpco\logserver\viewer\videoos.logviewer.tests\bin\debug\videoos.logviewer.tests.dll" id="6f09096c-86ef-0bb9-d6a8-a68ac27447e2">
      <Execution id="0f56ad75-964d-44a6-8087-094d7a768b29" />
      <TestMethod codeBase="D:\actions-runner\_work\XPCO\XPCO\LogServer\Viewer\VideoOS.LogViewer.Tests\bin\Debug\VideoOS.LogViewer.Tests.dll" adapterTypeName="executor://mstestadapter/v2" className="VideoOS.LogViewer.Tests.UI.ViewModels.ExportWindowViewModelTests" name="ExportNameErrorMessage_ShouldBeNull_IfNameIsValid" />
    </UnitTest>
  </TestDefinitions>
  <TestEntries>
    <TestEntry testId="e43d938a-7e19-00cd-bf49-975bc74f6666" executionId="49e5014a-fd66-4fed-94b4-58e952876c0a" testListId="8c84fa94-04c1-424b-9868-57a2d4851a1d" />
    <TestEntry testId="69e659af-b277-b8a6-a1d2-ae2dddaefff7" executionId="b68d800a-368b-4a0d-8bf8-285542a8c48d" testListId="8c84fa94-04c1-424b-9868-57a2d4851a1d" />
    <TestEntry testId="54981a59-30e7-b290-ff1f-47c6157d20e2" executionId="82c415be-adae-40d0-a7ed-e1db4a1c237f" testListId="8c84fa94-04c1-424b-9868-57a2d4851a1d" />
    <TestEntry testId="d341cc20-0b16-3c41-69fc-2f19452eba9d" executionId="36c486ae-1a9e-4235-9d48-7ab6e0875676" testListId="8c84fa94-04c1-424b-9868-57a2d4851a1d" />
    <TestEntry testId="558c1804-1699-b553-0a2a-034e67dff26f" executionId="5f4e4ac9-fbc0-4d35-a26c-adb9295432b1" testListId="8c84fa94-04c1-424b-9868-57a2d4851a1d" />
    <TestEntry testId="26b056c3-3ab8-a12a-ebdf-8a8f425f05fb" executionId="bcdda2c2-7994-4142-b768-b30eb50773e1" testListId="8c84fa94-04c1-424b-9868-57a2d4851a1d" />
    <TestEntry testId="45304466-fdf7-335e-8a7b-9b72ad76c4de" executionId="4443d70a-36a2-4861-8d35-881ab056e82d" testListId="8c84fa94-04c1-424b-9868-57a2d4851a1d" />
    <TestEntry testId="e5881fbb-89a1-1e73-121f-99ea45ea8de6" executionId="9116d424-005b-4b49-8ad4-9b31b767f669" testListId="8c84fa94-04c1-424b-9868-57a2d4851a1d" />
    <TestEntry testId="2229c534-da94-45f7-2125-82548cf95d7b" executionId="49192073-1318-433f-8f5e-f24176e72ec8" testListId="8c84fa94-04c1-424b-9868-57a2d4851a1d" />
    <TestEntry testId="6ecd42de-834d-c4e7-c131-8f83484b4b73" executionId="5118e80b-d39a-4aca-bd37-5c17014f3b88" testListId="8c84fa94-04c1-424b-9868-57a2d4851a1d" />
    <TestEntry testId="b173cab0-24f0-bb45-ec78-d05cb226f5fa" executionId="4b9cb8e5-83a2-4f18-9635-14753fa96ee1" testListId="8c84fa94-04c1-424b-9868-57a2d4851a1d" />
    <TestEntry testId="a020e185-3816-632e-9abe-ae7f6274d5c5" executionId="701b6297-a6f5-4937-88e2-81400c1f7be3" testListId="8c84fa94-04c1-424b-9868-57a2d4851a1d" />
    <TestEntry testId="1452bdee-6c6c-48e4-e741-367a46d1f13b" executionId="fd081b22-8b67-4182-bca3-f7e82f783cb1" testListId="8c84fa94-04c1-424b-9868-57a2d4851a1d" />
    <TestEntry testId="c8fea2e0-ac92-b2c4-6779-b2f2307a2f99" executionId="af3e949b-aa7f-4ae6-9625-2f0a2c915b9f" testListId="8c84fa94-04c1-424b-9868-57a2d4851a1d" />
    <TestEntry testId="00e2f1dc-895b-03ca-8793-61f415bdd9dc" executionId="d69959eb-7590-483b-b031-79b1444d1a57" testListId="8c84fa94-04c1-424b-9868-57a2d4851a1d" />
    <TestEntry testId="c3280b96-8c55-d5d4-b282-c98886b215df" executionId="292bae30-7845-404f-b2f5-f8a23a269a8d" testListId="8c84fa94-04c1-424b-9868-57a2d4851a1d" />
    <TestEntry testId="986e2cab-3617-88d9-614e-38fa80a368cb" executionId="37df7242-3777-4554-b688-a0d51c375ee3" testListId="8c84fa94-04c1-424b-9868-57a2d4851a1d" />
    <TestEntry testId="19a2df89-ffce-448e-93da-9f4758dfd40f" executionId="127ae703-37ee-4373-afb3-c18c7b4f6a86" testListId="8c84fa94-04c1-424b-9868-57a2d4851a1d" />
    <TestEntry testId="6424e692-4d3a-827a-decb-3ce5cb79fff5" executionId="d258a387-a1d1-4ca9-aa09-0018af3bb872" testListId="8c84fa94-04c1-424b-9868-57a2d4851a1d" />
    <TestEntry testId="59c4ad07-185c-cdff-7011-256643f401a2" executionId="cdc8a089-692c-46af-965b-4fe336f29394" testListId="8c84fa94-04c1-424b-9868-57a2d4851a1d" />
    <TestEntry testId="b2c8be69-db24-85a1-ff90-ae1867ec1a65" executionId="236570f9-c78c-4c63-b4a1-efa42b3ed3e2" testListId="8c84fa94-04c1-424b-9868-57a2d4851a1d" />
    <TestEntry testId="bab4d807-132f-2517-9c5e-f33ba422a350" executionId="33140f95-5b04-4c47-9ca9-69919a811ebe" testListId="8c84fa94-04c1-424b-9868-57a2d4851a1d" />
    <TestEntry testId="73b61a45-bc61-074d-1187-832d1c05ee52" executionId="7f1002b9-100c-4b0d-9d2d-cf1f460e02c3" testListId="8c84fa94-04c1-424b-9868-57a2d4851a1d" />
    <TestEntry testId="7d565b20-c1b2-8847-844d-f63c71bcb6a5" executionId="2a862e95-1947-4932-92c8-20453326bba1" testListId="8c84fa94-04c1-424b-9868-57a2d4851a1d" />
    <TestEntry testId="7fba6cdb-b5ba-bacb-784a-8de97259b5d1" executionId="28302820-7e8c-45c9-9316-cb8ac203b094" testListId="8c84fa94-04c1-424b-9868-57a2d4851a1d" />
    <TestEntry testId="c3f6da99-021a-8a45-4133-72be04443522" executionId="c20ca7b5-528b-4e38-af81-ef6c3e5c2f3a" testListId="8c84fa94-04c1-424b-9868-57a2d4851a1d" />
    <TestEntry testId="629e55be-22fe-7971-ea5f-3793ed0191ee" executionId="a2b1b028-cbb1-4fba-899e-abe67c103f97" testListId="8c84fa94-04c1-424b-9868-57a2d4851a1d" />
    <TestEntry testId="4a09a532-8559-9191-76ed-2f4287fed6da" executionId="c05854b8-ce1d-4c2b-89ed-48a3ba0bfdd4" testListId="8c84fa94-04c1-424b-9868-57a2d4851a1d" />
    <TestEntry testId="c7735bc1-caf7-f869-d25f-8256a23ad688" executionId="25d9351d-3cec-4e08-8d82-d6adb08d9b99" testListId="8c84fa94-04c1-424b-9868-57a2d4851a1d" />
    <TestEntry testId="10a08c80-843c-fb0a-33ef-74b9dc2de881" executionId="c8fb07d0-3dae-43e5-bf45-07d09b154ead" testListId="8c84fa94-04c1-424b-9868-57a2d4851a1d" />
    <TestEntry testId="0276b01c-82f0-6e6b-db6d-72e6f6b0c4a1" executionId="638bcff5-0344-41fa-a105-9a25950a40a5" testListId="8c84fa94-04c1-424b-9868-57a2d4851a1d" />
    <TestEntry testId="c4966307-0798-1fe2-6886-1e3abe07a9be" executionId="0506ff72-4e33-4a36-9ea4-c1ef72c0768a" testListId="8c84fa94-04c1-424b-9868-57a2d4851a1d" />
    <TestEntry testId="ab0d3408-e47f-7ace-43dd-9707320cd9f9" executionId="a88ba502-72ac-4504-95f6-8f0453f3a938" testListId="8c84fa94-04c1-424b-9868-57a2d4851a1d" />
    <TestEntry testId="ef8e8214-92de-2292-fe46-0ebf40bdf876" executionId="fc14992a-af6e-4765-8d09-715ac08025c0" testListId="8c84fa94-04c1-424b-9868-57a2d4851a1d" />
    <TestEntry testId="448cd6ab-3397-fbe2-1096-bb0f78bfaa01" executionId="ef184789-fe0f-4dbe-8191-5786b66988f9" testListId="8c84fa94-04c1-424b-9868-57a2d4851a1d" />
    <TestEntry testId="ef365e9f-179f-bed4-eb9b-f2e5076c2ba8" executionId="172fc509-46a8-419b-979d-41fc46bd3fb0" testListId="8c84fa94-04c1-424b-9868-57a2d4851a1d" />
    <TestEntry testId="95398926-2d94-5561-87ed-26fd6015c30f" executionId="48cb5223-242a-4500-921c-26dcaafbc33e" testListId="8c84fa94-04c1-424b-9868-57a2d4851a1d" />
    <TestEntry testId="59137ad3-dd40-f13c-46d7-387be05a7947" executionId="5b01128c-8eb6-4629-b894-0e81a523e407" testListId="8c84fa94-04c1-424b-9868-57a2d4851a1d" />
    <TestEntry testId="4ab6305e-36f3-8dff-49f2-16d65e121481" executionId="a07ac022-6436-457f-a857-a3de2674f033" testListId="8c84fa94-04c1-424b-9868-57a2d4851a1d" />
    <TestEntry testId="4859d64b-764d-8b33-a00c-cc2e453060e3" executionId="59906586-88b1-4f5c-933f-c84e02f6f612" testListId="8c84fa94-04c1-424b-9868-57a2d4851a1d" />
    <TestEntry testId="284dbb82-affc-3f14-2c39-f9cbe003541b" executionId="949402d2-d81f-4c61-b9d7-bace039c31e9" testListId="8c84fa94-04c1-424b-9868-57a2d4851a1d" />
    <TestEntry testId="fdf28d05-2e10-44e9-62a4-21ade8e0457e" executionId="4b08e1ca-8294-4e66-890f-ab9ccbee495e" testListId="8c84fa94-04c1-424b-9868-57a2d4851a1d" />
    <TestEntry testId="655a0c13-4b4e-d198-f983-c02395713772" executionId="486ea94b-b1a7-409f-a256-c084a7732b64" testListId="8c84fa94-04c1-424b-9868-57a2d4851a1d" />
    <TestEntry testId="ff7a8a71-3fe4-d433-98e7-1a41e074107a" executionId="85ed8ae8-3c45-490a-bdfe-bd5069a57f41" testListId="8c84fa94-04c1-424b-9868-57a2d4851a1d" />
    <TestEntry testId="c976be10-2f0e-aa32-010e-a701df3eea52" executionId="0cfde9e6-9bd4-41d3-ada2-bb68d963a80c" testListId="8c84fa94-04c1-424b-9868-57a2d4851a1d" />
    <TestEntry testId="09c37797-5fae-576b-0133-81c2124d9f6a" executionId="f2e115cf-bb97-4a44-a1dd-5b10330f586c" testListId="8c84fa94-04c1-424b-9868-57a2d4851a1d" />
    <TestEntry testId="62db031b-f0f9-415f-93e9-ca22a9456c5a" executionId="e8e73596-b348-437c-a035-5f9b3f49626f" testListId="8c84fa94-04c1-424b-9868-57a2d4851a1d" />
    <TestEntry testId="f783329b-5fe8-b046-f8d7-759496049789" executionId="cbfd59c0-db9d-452a-9b34-c042b8597414" testListId="8c84fa94-04c1-424b-9868-57a2d4851a1d" />
    <TestEntry testId="1e930fbc-c4a6-80bc-e006-01ba9667acc1" executionId="6baf8c3e-ed88-4d5b-b98c-608a740c3fe8" testListId="8c84fa94-04c1-424b-9868-57a2d4851a1d" />
    <TestEntry testId="e2360ce0-e666-123d-5707-dd03e1761710" executionId="9f1e0c05-154a-4645-9902-407e8f743b17" testListId="8c84fa94-04c1-424b-9868-57a2d4851a1d" />
    <TestEntry testId="e2b126ed-cabd-3020-7d1e-dc58a2587c29" executionId="be46d09d-e67d-4f25-b12b-2592f1fd3a8c" testListId="8c84fa94-04c1-424b-9868-57a2d4851a1d" />
    <TestEntry testId="0cc63b59-a765-1919-dc40-45f2f88bc1ca" executionId="bdd8d5d9-5863-430b-be97-d19512394182" testListId="8c84fa94-04c1-424b-9868-57a2d4851a1d" />
    <TestEntry testId="11f9f4b2-5437-9cfe-2670-5f5232039722" executionId="57502cae-bc13-416d-928d-711cbdb5686e" testListId="8c84fa94-04c1-424b-9868-57a2d4851a1d" />
    <TestEntry testId="9ef4cb83-58ea-3348-3a4a-1820abc8c147" executionId="820b28a3-84be-40a8-89cd-3e8c485ec368" testListId="8c84fa94-04c1-424b-9868-57a2d4851a1d" />
    <TestEntry testId="39d0228d-8323-660a-a8c8-1095e3c87e37" executionId="a103bb85-91e1-4321-b492-b47a0d9e91d6" testListId="8c84fa94-04c1-424b-9868-57a2d4851a1d" />
    <TestEntry testId="49a9aa3d-491b-c384-6063-8e962a49f145" executionId="a49ed45e-159f-41d0-a1a0-a8db2607836d" testListId="8c84fa94-04c1-424b-9868-57a2d4851a1d" />
    <TestEntry testId="4df0c307-81ff-e62c-e7a6-51528274ec8b" executionId="1555138d-395c-4444-8b49-507032d9a7ea" testListId="8c84fa94-04c1-424b-9868-57a2d4851a1d" />
    <TestEntry testId="8e51e57a-3c02-7b6a-ed8f-50f5d97d3f98" executionId="6c6fc708-47d4-4e96-aaba-df1a04c0e721" testListId="8c84fa94-04c1-424b-9868-57a2d4851a1d" />
    <TestEntry testId="02c6656a-22ee-eb13-3d23-d8a5de623da2" executionId="3874ed13-367d-44a8-af82-ca274de3e893" testListId="8c84fa94-04c1-424b-9868-57a2d4851a1d" />
    <TestEntry testId="f89cef89-828a-0381-92d5-c4bddcf42705" executionId="f55c6c04-8214-4c19-9eb8-4db84fd2db06" testListId="8c84fa94-04c1-424b-9868-57a2d4851a1d" />
    <TestEntry testId="8d62ae03-a1c7-b35c-fd3c-655dad65ccd0" executionId="5ea43e45-8e1a-43f0-b75a-cbc22d56a986" testListId="8c84fa94-04c1-424b-9868-57a2d4851a1d" />
    <TestEntry testId="48a9a022-a1fe-ffd1-b9ca-fcf937ab6db1" executionId="09dd4fd2-88da-490e-a4dc-639483747989" testListId="8c84fa94-04c1-424b-9868-57a2d4851a1d" />
    <TestEntry testId="ee50dc86-324f-5f3c-2a58-159bdcf1873c" executionId="661e70ed-efa0-4864-9cf8-544628da2d5d" testListId="8c84fa94-04c1-424b-9868-57a2d4851a1d" />
    <TestEntry testId="f2ec40ef-388a-a0d4-8677-c5b7647d1602" executionId="5b278fcf-681c-43f1-8190-ccf9fc463e39" testListId="8c84fa94-04c1-424b-9868-57a2d4851a1d" />
    <TestEntry testId="58fca637-e9aa-210c-81fc-86e7e6582798" executionId="9eb00e05-d23a-44ed-8c41-2453bb891a00" testListId="8c84fa94-04c1-424b-9868-57a2d4851a1d" />
    <TestEntry testId="c27c7cea-460f-11d6-7c20-f333765b0a0e" executionId="b0b8c652-2eaa-410a-8607-abf38bbd71c7" testListId="8c84fa94-04c1-424b-9868-57a2d4851a1d" />
    <TestEntry testId="41926514-96ea-847e-99b7-b19f62846342" executionId="135f42fd-c9e2-49ce-b3a8-fdd19d2612eb" testListId="8c84fa94-04c1-424b-9868-57a2d4851a1d" />
    <TestEntry testId="3bbb90cb-609e-e79b-9342-439e7c710d4a" executionId="30550faf-a8b3-4e90-9528-b6eff6ac7c72" testListId="8c84fa94-04c1-424b-9868-57a2d4851a1d" />
    <TestEntry testId="9590e3aa-1421-3abd-52ba-2a781729d553" executionId="9478930c-7973-4bb1-9847-ab9d5d02627d" testListId="8c84fa94-04c1-424b-9868-57a2d4851a1d" />
    <TestEntry testId="c9fa1f47-7947-54be-37d7-f242aade189d" executionId="206b8eac-15ab-4d75-8fef-d2b74448e048" testListId="8c84fa94-04c1-424b-9868-57a2d4851a1d" />
    <TestEntry testId="0665573d-6704-8548-10c9-d20ded516d75" executionId="e01a90ff-dba8-428d-978e-89801b3f869b" testListId="8c84fa94-04c1-424b-9868-57a2d4851a1d" />
    <TestEntry testId="e7fe7eb6-f2f0-e45d-3d42-b3275c0b4293" executionId="9a641719-112a-4bbc-aafe-ac06da8fef62" testListId="8c84fa94-04c1-424b-9868-57a2d4851a1d" />
    <TestEntry testId="19741e49-0b1b-f606-39e4-fc58b6ce6577" executionId="260b5014-7d38-4353-bcad-2298c37defe7" testListId="8c84fa94-04c1-424b-9868-57a2d4851a1d" />
    <TestEntry testId="21c552d7-9287-5750-003a-4828b6abed06" executionId="9c975454-a9f7-4914-8204-ae163d4175a4" testListId="8c84fa94-04c1-424b-9868-57a2d4851a1d" />
    <TestEntry testId="8fd91340-7618-c4e0-26f0-3146c56ca46b" executionId="6b5bd22d-1ca9-4425-be3f-6ea5eb892af3" testListId="8c84fa94-04c1-424b-9868-57a2d4851a1d" />
    <TestEntry testId="79bd1953-4db7-3caa-f0fd-4f4eadc576c2" executionId="66fe1322-877d-4d7d-b392-d97e4513407b" testListId="8c84fa94-04c1-424b-9868-57a2d4851a1d" />
    <TestEntry testId="0966f41b-229c-3a1b-4882-4f51d1c194bd" executionId="d8e055e5-14cd-488f-ae22-2466ad6d5f6c" testListId="8c84fa94-04c1-424b-9868-57a2d4851a1d" />
    <TestEntry testId="d921a6e9-3ca7-340e-e5c2-ec845e022eaa" executionId="af2d45c2-244a-461f-b7c5-628d576f824e" testListId="8c84fa94-04c1-424b-9868-57a2d4851a1d" />
    <TestEntry testId="adfe36ba-b92f-2d10-e108-35bcaad5e614" executionId="563d8337-14ca-4a24-a59a-30366db2174f" testListId="8c84fa94-04c1-424b-9868-57a2d4851a1d" />
    <TestEntry testId="7cfba55f-af2e-51ee-1fc6-77349649ca80" executionId="ddfa836d-0eac-4afd-ad34-e84db3dd7ec8" testListId="8c84fa94-04c1-424b-9868-57a2d4851a1d" />
    <TestEntry testId="3372c037-0d85-2c5a-a74a-457d77e738e2" executionId="132a4247-8b03-42bf-9590-c4fc295d7bd8" testListId="8c84fa94-04c1-424b-9868-57a2d4851a1d" />
    <TestEntry testId="ebade166-19df-752d-6cb1-c41aaa16f79e" executionId="64acd016-718a-498a-ad79-ed087eb207fc" testListId="8c84fa94-04c1-424b-9868-57a2d4851a1d" />
    <TestEntry testId="86cdf26a-01d3-1454-75eb-7298e4f64e3e" executionId="7c94f05a-95a1-40e6-bf4d-5df9949dae66" testListId="8c84fa94-04c1-424b-9868-57a2d4851a1d" />
    <TestEntry testId="b756d462-b4ce-8d4e-0345-e12e3743da58" executionId="c4c2e60f-01da-43a8-a857-76a978d998fb" testListId="8c84fa94-04c1-424b-9868-57a2d4851a1d" />
    <TestEntry testId="15e03f5d-e529-61c2-30c8-5c666df60da4" executionId="fedcdd74-f770-44c6-83c7-5dd71e37ad21" testListId="8c84fa94-04c1-424b-9868-57a2d4851a1d" />
    <TestEntry testId="8be88b29-25dc-3616-dac3-34e25f491160" executionId="353f9d97-c8ce-4aab-bc2b-c930dd823513" testListId="8c84fa94-04c1-424b-9868-57a2d4851a1d" />
    <TestEntry testId="62d9d9a5-1b37-a5d0-a7a0-8988967edbcd" executionId="d455196a-d3c8-465e-8efc-6cf09a3de20e" testListId="8c84fa94-04c1-424b-9868-57a2d4851a1d" />
    <TestEntry testId="dbb9b0e4-8d56-67a1-ad4d-3e9eddd46357" executionId="3d3bf9a9-6791-40ec-a078-d9bcce6256e8" testListId="8c84fa94-04c1-424b-9868-57a2d4851a1d" />
    <TestEntry testId="7d848429-f892-546b-2041-cc3eee96180e" executionId="8c293f2e-a8f4-4729-9cdd-ab9b031383b7" testListId="8c84fa94-04c1-424b-9868-57a2d4851a1d" />
    <TestEntry testId="67c17d03-30c7-2e00-462d-ef8b704971b5" executionId="c08edbe0-f052-4cfc-9834-1499dd012f5a" testListId="8c84fa94-04c1-424b-9868-57a2d4851a1d" />
    <TestEntry testId="719ce3f2-ec61-ddfe-fcc3-35300594a748" executionId="494d4656-a6e6-4809-8e29-4ef4aa77257f" testListId="8c84fa94-04c1-424b-9868-57a2d4851a1d" />
    <TestEntry testId="7826c7a3-2e65-4760-2cca-897b0037617a" executionId="df5c9fcf-d05d-4480-b062-758f488e2119" testListId="8c84fa94-04c1-424b-9868-57a2d4851a1d" />
    <TestEntry testId="55f01452-8153-ee7b-1144-0e6585d18bac" executionId="5ece22ca-aa2d-4dd5-a5c4-c6f16079e078" testListId="8c84fa94-04c1-424b-9868-57a2d4851a1d" />
    <TestEntry testId="d5262bba-8c6b-8c49-1f33-565df48bee3a" executionId="b2954f40-f1f8-4464-a133-8fdddc4a5ab5" testListId="8c84fa94-04c1-424b-9868-57a2d4851a1d" />
    <TestEntry testId="66506cad-9568-adef-6358-8d867534e973" executionId="b7fde4a7-34d2-4e21-9549-de5d5be7c96e" testListId="8c84fa94-04c1-424b-9868-57a2d4851a1d" />
    <TestEntry testId="9e225351-7a51-97ff-08f4-9b692d21bbc4" executionId="8255dfde-f2be-40c8-8458-6134e356165e" testListId="8c84fa94-04c1-424b-9868-57a2d4851a1d" />
    <TestEntry testId="7e610db5-1d7d-cfde-d429-a40fd0fc3fce" executionId="fd0c7614-d0e2-4b31-9dc3-dc260ec6beef" testListId="8c84fa94-04c1-424b-9868-57a2d4851a1d" />
    <TestEntry testId="3c05a843-1b7a-2af9-f9c1-99144c4969e3" executionId="48aed184-f2b8-49d9-8660-714521da73f9" testListId="8c84fa94-04c1-424b-9868-57a2d4851a1d" />
    <TestEntry testId="3cd90f92-2f08-8ede-8de4-190d94c5a61f" executionId="fdf70032-1460-487e-9139-18b7b98a042c" testListId="8c84fa94-04c1-424b-9868-57a2d4851a1d" />
    <TestEntry testId="0ad00e78-6b7f-c193-7bcf-0b2d694ff860" executionId="a8b130d3-ad6e-47c6-8794-f9287bf527cc" testListId="8c84fa94-04c1-424b-9868-57a2d4851a1d" />
    <TestEntry testId="38fafa95-785b-5286-4c7e-b54a34c79cdd" executionId="fe1b94d2-1070-48b7-a347-13c354cebe5c" testListId="8c84fa94-04c1-424b-9868-57a2d4851a1d" />
    <TestEntry testId="86385b6e-3c70-b477-3e5d-632057e2a5dc" executionId="881a568a-a689-4951-b28b-9f19ab44b38d" testListId="8c84fa94-04c1-424b-9868-57a2d4851a1d" />
    <TestEntry testId="0751a3c8-7e22-a7f8-c6e3-a05dbf8f920f" executionId="50e9bf7d-ea9f-4cd9-af32-c0653f9fe2e8" testListId="8c84fa94-04c1-424b-9868-57a2d4851a1d" />
    <TestEntry testId="600a9f74-1dd6-0ecd-3743-c445e062d186" executionId="0581b02e-7c2e-4359-b88e-5bc8f5964f51" testListId="8c84fa94-04c1-424b-9868-57a2d4851a1d" />
    <TestEntry testId="ec730395-c200-9636-2a33-b34bf36a2255" executionId="2cf22297-a36b-406f-8c13-9eb1324ce551" testListId="8c84fa94-04c1-424b-9868-57a2d4851a1d" />
    <TestEntry testId="d40f95f9-3216-70f9-2e01-e28d1cbaa89b" executionId="7457c349-9381-43fe-a07c-226bbd5a3cdf" testListId="8c84fa94-04c1-424b-9868-57a2d4851a1d" />
    <TestEntry testId="0bfba3ec-fb5c-9307-d3b7-c7e6bc377d16" executionId="034f48bf-c486-4b84-8e6b-dace302a0816" testListId="8c84fa94-04c1-424b-9868-57a2d4851a1d" />
    <TestEntry testId="3d2d57a3-46fe-fe0a-7126-297641577363" executionId="1f5bc9ce-0654-4c95-ae01-7d23ca87d44c" testListId="8c84fa94-04c1-424b-9868-57a2d4851a1d" />
    <TestEntry testId="74557625-2b10-bb56-d604-f4d866013a85" executionId="a202efbf-37c4-411a-8fa8-4b076affadc0" testListId="8c84fa94-04c1-424b-9868-57a2d4851a1d" />
    <TestEntry testId="2cc97fb4-c8c3-68bd-98a4-2e1ba1b70114" executionId="9564111b-2544-4f66-bed3-f453be024e70" testListId="8c84fa94-04c1-424b-9868-57a2d4851a1d" />
    <TestEntry testId="e5aefbec-fe62-bbcb-6250-0ce7b8057386" executionId="9bee0765-8ff8-49e8-8a80-9fffe77d69c3" testListId="8c84fa94-04c1-424b-9868-57a2d4851a1d" />
    <TestEntry testId="eb5ce628-8e13-63df-01c5-f204fe1dc426" executionId="442ac1a9-1066-4b26-ae53-889d019166b2" testListId="8c84fa94-04c1-424b-9868-57a2d4851a1d" />
    <TestEntry testId="2edfe6b5-618c-5934-1802-8d1b271b7a2d" executionId="aa57d589-c88b-4945-a7bc-4f0215095bec" testListId="8c84fa94-04c1-424b-9868-57a2d4851a1d" />
    <TestEntry testId="db2fe9b8-64ad-a3c4-efe9-40f1d2f9333b" executionId="895149df-3dbb-42df-acd4-5260504702dc" testListId="8c84fa94-04c1-424b-9868-57a2d4851a1d" />
    <TestEntry testId="9cb11d1e-83aa-2c36-8cb8-f6bf767d1298" executionId="611fec04-0f9a-445c-a802-46192cdabdf1" testListId="8c84fa94-04c1-424b-9868-57a2d4851a1d" />
    <TestEntry testId="97e13f2d-1e16-be2e-43e2-6e7d3c174fa4" executionId="d0a79f7a-7cb3-4e69-ac80-1971af8e6b41" testListId="8c84fa94-04c1-424b-9868-57a2d4851a1d" />
    <TestEntry testId="e6d90400-8aa0-3ed6-4a85-567cdd039b88" executionId="a3e53f5a-363c-4555-9ccd-880e98ba7051" testListId="8c84fa94-04c1-424b-9868-57a2d4851a1d" />
    <TestEntry testId="5c982bf7-4b35-1b19-22ea-337141469bb1" executionId="fb76c670-3894-410a-a2dc-ecd9b366013d" testListId="8c84fa94-04c1-424b-9868-57a2d4851a1d" />
    <TestEntry testId="06c9159f-2b66-12d8-2469-a42ec62bc921" executionId="cee0bf0b-7b21-4930-a33b-6bc39b33133b" testListId="8c84fa94-04c1-424b-9868-57a2d4851a1d" />
    <TestEntry testId="288c4c47-f49c-acce-d98c-379b9f7af341" executionId="c8cd57c2-886d-4959-a1e9-871ef3d54c13" testListId="8c84fa94-04c1-424b-9868-57a2d4851a1d" />
    <TestEntry testId="18e27c0c-0446-ac82-10a9-013debd8222a" executionId="c1560693-4148-4762-bb93-a18ddb8da14f" testListId="8c84fa94-04c1-424b-9868-57a2d4851a1d" />
    <TestEntry testId="ad0c55c7-8dbe-ee8e-f69a-9c17bcfe4e97" executionId="60d0ee40-d6bf-4c27-8c7d-eb626fe9a794" testListId="8c84fa94-04c1-424b-9868-57a2d4851a1d" />
    <TestEntry testId="55cc690e-5168-1d8a-8fc7-2fc8ea4f84ec" executionId="b93c7975-14f2-4021-a7f9-182045ecad1d" testListId="8c84fa94-04c1-424b-9868-57a2d4851a1d" />
    <TestEntry testId="c82eb6ab-1fb1-d071-5b1d-2c0ec9d6c5f8" executionId="94d0f3e7-dea5-4f10-ba69-00300e61b460" testListId="8c84fa94-04c1-424b-9868-57a2d4851a1d" />
    <TestEntry testId="c5d7cc29-cec2-0906-41b4-e150e07404c5" executionId="303abd02-3302-4c3a-8983-de61eae33b7d" testListId="8c84fa94-04c1-424b-9868-57a2d4851a1d" />
    <TestEntry testId="64d72f06-50c1-cd68-6b37-f115b725bc6d" executionId="9a70a855-e46b-49d7-8307-51b9997db6e8" testListId="8c84fa94-04c1-424b-9868-57a2d4851a1d" />
    <TestEntry testId="aa04c745-9ea2-050c-127a-c583471e5d13" executionId="e1c6f456-2050-4738-9a2e-78888657cad5" testListId="8c84fa94-04c1-424b-9868-57a2d4851a1d" />
    <TestEntry testId="0debcf68-595b-7602-b963-925b6a7ddd7c" executionId="1c62cd77-e818-4439-94b0-e5e9ad08b0e2" testListId="8c84fa94-04c1-424b-9868-57a2d4851a1d" />
    <TestEntry testId="2621df85-86ca-04fb-7bf4-e340ac32eb60" executionId="dc21e821-b736-4e04-ae76-8623c46f1ff9" testListId="8c84fa94-04c1-424b-9868-57a2d4851a1d" />
    <TestEntry testId="7363ec98-688b-abe6-13cc-c183838a699a" executionId="e370e0c2-f0af-4a3b-bf8b-fd42accdfa8c" testListId="8c84fa94-04c1-424b-9868-57a2d4851a1d" />
    <TestEntry testId="daf0a00d-6fe6-ef6d-42f8-78b185981687" executionId="58a166b6-a196-49e4-b8a8-fb53d4b92cd2" testListId="8c84fa94-04c1-424b-9868-57a2d4851a1d" />
    <TestEntry testId="ab0a135d-08a3-4568-07f3-e125db115dc4" executionId="a65116f6-07bd-4222-8f74-fd80f6abc8b9" testListId="8c84fa94-04c1-424b-9868-57a2d4851a1d" />
    <TestEntry testId="141d276b-8dfa-c928-a06f-164dfdb8946a" executionId="eed3867e-eb31-4839-9339-b4d0ca7bdf1e" testListId="8c84fa94-04c1-424b-9868-57a2d4851a1d" />
    <TestEntry testId="dd60bd08-4f2f-6027-6ce8-4ebea86bcba0" executionId="6b7d152d-d7eb-4915-bf1b-764fb3d2322d" testListId="8c84fa94-04c1-424b-9868-57a2d4851a1d" />
    <TestEntry testId="5579d6db-d7e5-1505-ede9-9087ed1f4c4f" executionId="c2f45e4f-fbd8-48d3-85a7-d4e381da2014" testListId="8c84fa94-04c1-424b-9868-57a2d4851a1d" />
    <TestEntry testId="90b034e7-f032-9ba4-27dc-bfa47b8a35eb" executionId="41fb2b59-9894-494f-833f-95fd19815928" testListId="8c84fa94-04c1-424b-9868-57a2d4851a1d" />
    <TestEntry testId="b4e0a762-e757-bae0-5862-b1262dcc1c6f" executionId="feac2549-2e1b-43cf-9d19-c0d6c8e31211" testListId="8c84fa94-04c1-424b-9868-57a2d4851a1d" />
    <TestEntry testId="c332d32d-69f4-7eb8-a50f-41fa471a9d91" executionId="bac7b83b-9e4d-46da-a2b8-a0aceb8d682c" testListId="8c84fa94-04c1-424b-9868-57a2d4851a1d" />
    <TestEntry testId="ca34cfe8-19ad-129c-d0df-2bac4e6a671f" executionId="b264377c-1f0a-474a-89c9-d2dae9a527fb" testListId="8c84fa94-04c1-424b-9868-57a2d4851a1d" />
    <TestEntry testId="57ae62f6-95f9-d9c6-ed08-3672f3562bb1" executionId="d4a0bb48-d0ea-448e-8bb4-93b30ab240f7" testListId="8c84fa94-04c1-424b-9868-57a2d4851a1d" />
    <TestEntry testId="a33aa20a-d1bf-052f-a580-39fd5ed25f44" executionId="9c8ed17b-8f9b-4a14-8d1b-99abdab7e017" testListId="8c84fa94-04c1-424b-9868-57a2d4851a1d" />
    <TestEntry testId="95d8aac3-9120-8d1e-8fd7-948901f91139" executionId="5e4d41a9-456c-4be6-9e82-427f79a82b71" testListId="8c84fa94-04c1-424b-9868-57a2d4851a1d" />
    <TestEntry testId="dde8fcfb-902c-5430-ca76-e13e1d10669c" executionId="821c0d78-435b-4457-8d82-f746e03c9ed6" testListId="8c84fa94-04c1-424b-9868-57a2d4851a1d" />
    <TestEntry testId="494df25c-ab31-3079-9698-eeb06f71012c" executionId="80347267-aec3-4165-820a-98492e683b6a" testListId="8c84fa94-04c1-424b-9868-57a2d4851a1d" />
    <TestEntry testId="4b9a16ae-5d37-16ca-5a23-abaf091957f3" executionId="b1eaa564-140a-4c16-b3bb-52fdbb25f55d" testListId="8c84fa94-04c1-424b-9868-57a2d4851a1d" />
    <TestEntry testId="ba3d77ff-abaa-c9ef-0713-8000d5811174" executionId="92adc17d-fff9-48aa-a715-03e57b5902e3" testListId="8c84fa94-04c1-424b-9868-57a2d4851a1d" />
    <TestEntry testId="39c3a435-d6af-0a21-0bab-b00c9e2b78d0" executionId="df28c77e-d3fa-4200-9d95-33ca5ba1a0d9" testListId="8c84fa94-04c1-424b-9868-57a2d4851a1d" />
    <TestEntry testId="131b6780-72ce-0697-3180-4ff69d75358b" executionId="7b314038-ac9f-4a83-ad01-2c544839847d" testListId="8c84fa94-04c1-424b-9868-57a2d4851a1d" />
    <TestEntry testId="a938a37d-4ef2-829c-1f99-a5797e83d492" executionId="6a1fca00-3d25-4ba8-aea5-8eb6597d1dbf" testListId="8c84fa94-04c1-424b-9868-57a2d4851a1d" />
    <TestEntry testId="41d63617-722f-2318-e2f3-dbb65350cdba" executionId="bc7caba3-1e40-4406-a85b-eedc67a87380" testListId="8c84fa94-04c1-424b-9868-57a2d4851a1d" />
    <TestEntry testId="b0531a94-776b-6394-02a1-ffe9fd4ea1d9" executionId="ef359b1e-5e94-4c12-83a5-8433ee36afcb" testListId="8c84fa94-04c1-424b-9868-57a2d4851a1d" />
    <TestEntry testId="8c45dbfe-56ff-d955-7ae7-c04fd74409c5" executionId="d8ce2ba7-74b6-45a4-a70c-546f52950fe8" testListId="8c84fa94-04c1-424b-9868-57a2d4851a1d" />
    <TestEntry testId="abcb749e-e15c-9eb9-6fea-c2bdecada892" executionId="f909961d-9cf3-45ea-a434-6bffd47edaf9" testListId="8c84fa94-04c1-424b-9868-57a2d4851a1d" />
    <TestEntry testId="ce330a3a-d115-ba5c-dc19-43f1531e4548" executionId="a3e75ce6-dd59-416c-8bbc-5e1d11385e98" testListId="8c84fa94-04c1-424b-9868-57a2d4851a1d" />
    <TestEntry testId="4ebedce6-a5c7-e645-0024-a816dbb8d51d" executionId="034a39df-6c08-47ef-8391-e9019a17b886" testListId="8c84fa94-04c1-424b-9868-57a2d4851a1d" />
    <TestEntry testId="d00f2619-a28c-b497-01df-50049ceeb2de" executionId="f8f36c24-a1a3-4c0b-b123-a34c5ee0e2e2" testListId="8c84fa94-04c1-424b-9868-57a2d4851a1d" />
    <TestEntry testId="d55f7045-cb14-0f93-4610-ae875d162f50" executionId="c44d7965-331f-446d-b0dd-29a749bc4769" testListId="8c84fa94-04c1-424b-9868-57a2d4851a1d" />
    <TestEntry testId="f5fac959-c014-35f1-9d8d-7ec9c73ac445" executionId="3a3c0220-45a1-46c4-9645-2a31489d5a71" testListId="8c84fa94-04c1-424b-9868-57a2d4851a1d" />
    <TestEntry testId="24973383-9d5c-27aa-3427-ab5802340e79" executionId="21cda12c-ccd8-4bac-aff0-48be799642d7" testListId="8c84fa94-04c1-424b-9868-57a2d4851a1d" />
    <TestEntry testId="f3aff6bd-0f55-e38d-3afe-49f1127fe0bf" executionId="591a0e0c-d225-4c2e-bd88-77ade3b6c40e" testListId="8c84fa94-04c1-424b-9868-57a2d4851a1d" />
    <TestEntry testId="27c9e1cd-91bb-4d47-c4ee-d4769f21248b" executionId="49e930e1-cb92-4fde-83ec-f5f9c5f4a0cc" testListId="8c84fa94-04c1-424b-9868-57a2d4851a1d" />
    <TestEntry testId="46af012b-c08a-abec-31e4-7119fc4686f3" executionId="e37e9ca8-9e46-4a95-ac62-d97800dc8407" testListId="8c84fa94-04c1-424b-9868-57a2d4851a1d" />
    <TestEntry testId="91dbdb34-2778-3e62-1726-23e9dbe006bb" executionId="bffb333e-67a6-4a6e-9e4e-232533b72585" testListId="8c84fa94-04c1-424b-9868-57a2d4851a1d" />
    <TestEntry testId="23b83e59-b71a-c931-5aaa-959a06972edc" executionId="cae15dbd-e3d4-4dd2-93ce-64beb738867d" testListId="8c84fa94-04c1-424b-9868-57a2d4851a1d" />
    <TestEntry testId="e35afa8f-18a8-fe75-188d-fb04ec177cd3" executionId="d24221c0-b407-455c-baff-a2cd05e4afbd" testListId="8c84fa94-04c1-424b-9868-57a2d4851a1d" />
    <TestEntry testId="a80d2c88-6278-67cf-27d3-cf05ec5e6f40" executionId="4ec48c49-89ac-4b1d-b44d-eb35756cb59f" testListId="8c84fa94-04c1-424b-9868-57a2d4851a1d" />
    <TestEntry testId="57f407e4-4761-45b2-86e5-d53b85b7a587" executionId="a8b44945-6b07-4225-9531-df775abd9efc" testListId="8c84fa94-04c1-424b-9868-57a2d4851a1d" />
    <TestEntry testId="50cb0ca5-4453-9643-3dd1-34e35a5e9542" executionId="80abee48-e7f5-4015-b932-a5d58c565f0e" testListId="8c84fa94-04c1-424b-9868-57a2d4851a1d" />
    <TestEntry testId="59e800ea-24c2-12cd-f0ad-9356d3ab7127" executionId="06da17cb-23d9-4f8a-8a4a-f3de94bd3e3d" testListId="8c84fa94-04c1-424b-9868-57a2d4851a1d" />
    <TestEntry testId="f4113b67-f170-fc6d-547f-f26f2c11205f" executionId="8770d406-0fb9-43a1-bfdb-59b4ae43e06f" testListId="8c84fa94-04c1-424b-9868-57a2d4851a1d" />
    <TestEntry testId="58b0c98d-5719-4d52-0db6-3f6cc9feb12b" executionId="cd8773e4-717f-49f0-ac8a-cb5ea47d9bbb" testListId="8c84fa94-04c1-424b-9868-57a2d4851a1d" />
    <TestEntry testId="d4a7e8af-a8a5-68e4-52b9-ebc6a68e378e" executionId="948d7e35-3e02-4b2f-bb5a-110a9bb02bb8" testListId="8c84fa94-04c1-424b-9868-57a2d4851a1d" />
    <TestEntry testId="8ce7b07a-e9c9-4f32-28f5-7986dbb6c536" executionId="f3ee570c-e648-4949-ac9b-1211324676a4" testListId="8c84fa94-04c1-424b-9868-57a2d4851a1d" />
    <TestEntry testId="b3945edc-b4c1-82dc-eb15-4f9f8e26cd8e" executionId="8475272a-b18b-420d-886c-261c315044ed" testListId="8c84fa94-04c1-424b-9868-57a2d4851a1d" />
    <TestEntry testId="ca312ef0-14f4-447d-80ca-9a48a81d9535" executionId="03ace1af-e537-4df5-b2ff-bf54c66851f7" testListId="8c84fa94-04c1-424b-9868-57a2d4851a1d" />
    <TestEntry testId="3450b5ea-8e1a-df85-811e-9f3db8140adf" executionId="5d8bdf84-1a53-40d1-bd30-178403b3f79f" testListId="8c84fa94-04c1-424b-9868-57a2d4851a1d" />
    <TestEntry testId="319a4f04-e6a6-6df1-f2b0-d04ca1ddd696" executionId="bb817971-df3f-4af0-bc8c-5fc506943fc2" testListId="8c84fa94-04c1-424b-9868-57a2d4851a1d" />
    <TestEntry testId="b3899c15-ad06-08b0-1478-2a2eb5c9237c" executionId="94a2342d-65b2-4d50-b3a8-e1dcaa01c329" testListId="8c84fa94-04c1-424b-9868-57a2d4851a1d" />
    <TestEntry testId="e54ed4ba-d89b-a9d5-364a-a66ae8ee81cc" executionId="b0b82135-344d-4f60-be6a-5e021584da68" testListId="8c84fa94-04c1-424b-9868-57a2d4851a1d" />
    <TestEntry testId="2cf32896-49e0-12a4-cb75-3843a913b5a3" executionId="c47bf1dc-0d21-4246-a552-0eda9793807c" testListId="8c84fa94-04c1-424b-9868-57a2d4851a1d" />
    <TestEntry testId="acbca94e-4023-0e4f-af60-f647afe1dc60" executionId="e85d86e7-27a9-4a46-8969-319376330d6b" testListId="8c84fa94-04c1-424b-9868-57a2d4851a1d" />
    <TestEntry testId="e0eb380b-86d2-f5b0-0c5a-b99892d3e326" executionId="bab048c9-b81d-4048-bd14-3a4d79b4f78f" testListId="8c84fa94-04c1-424b-9868-57a2d4851a1d" />
    <TestEntry testId="44926e15-2a81-d33c-d39d-a458d53ad743" executionId="5e4f43b1-88ea-43f9-8584-3293aac1553e" testListId="8c84fa94-04c1-424b-9868-57a2d4851a1d" />
    <TestEntry testId="aab1f6c5-c02d-5ec4-753c-bc7333feb735" executionId="50c07239-11e6-4d30-8df6-8a7275b1a3b5" testListId="8c84fa94-04c1-424b-9868-57a2d4851a1d" />
    <TestEntry testId="30ee63b7-20cc-e945-fb91-811222937f3a" executionId="8399c5c7-a5b1-4156-9c2d-723235d8da84" testListId="8c84fa94-04c1-424b-9868-57a2d4851a1d" />
    <TestEntry testId="bb4778d6-27b2-176c-68e5-02c38c73ea88" executionId="774c1ec5-3032-428f-9ddc-179b2d343d4b" testListId="8c84fa94-04c1-424b-9868-57a2d4851a1d" />
    <TestEntry testId="dab7dede-4c82-1f90-7cfd-8dee6801a09f" executionId="1b332140-e7df-4042-9fb8-7da2f52998fd" testListId="8c84fa94-04c1-424b-9868-57a2d4851a1d" />
    <TestEntry testId="ccab813f-7695-9245-f20d-f7fc3e92ed1f" executionId="fe055538-5e58-4a77-b293-b004d4507267" testListId="8c84fa94-04c1-424b-9868-57a2d4851a1d" />
    <TestEntry testId="8398e35d-199b-4b63-75ce-8cb0a5ae5f6f" executionId="eefe658a-e550-470f-9951-3d6f8337834b" testListId="8c84fa94-04c1-424b-9868-57a2d4851a1d" />
    <TestEntry testId="6dd142c2-4fa9-8c8e-8a89-7812d8589c04" executionId="08631340-a784-4512-a805-c1d5e55fd3bd" testListId="8c84fa94-04c1-424b-9868-57a2d4851a1d" />
    <TestEntry testId="2e75c949-3e69-abd0-4244-93d6fd5a6c18" executionId="e6509e7d-945b-428a-b4b1-f8d5df9e677c" testListId="8c84fa94-04c1-424b-9868-57a2d4851a1d" />
    <TestEntry testId="e006e369-cdcf-10d4-bbb4-105fbc142dfd" executionId="558cf7f9-cb5b-4820-a79c-5265aa82f454" testListId="8c84fa94-04c1-424b-9868-57a2d4851a1d" />
    <TestEntry testId="92225fc8-16dd-2374-6ab7-a29bb5f3b8fe" executionId="d56102cc-e6d7-4820-b553-25e6cd2eef9a" testListId="8c84fa94-04c1-424b-9868-57a2d4851a1d" />
    <TestEntry testId="61113905-133a-3e1c-d043-8e101e2fd4ec" executionId="652214bd-192d-47ad-a85a-a9fadd94adac" testListId="8c84fa94-04c1-424b-9868-57a2d4851a1d" />
    <TestEntry testId="55806f1e-9f22-44c5-8e7c-a2e4d400c793" executionId="3b2f814f-16cd-4e07-b3a1-b253f0b61413" testListId="8c84fa94-04c1-424b-9868-57a2d4851a1d" />
    <TestEntry testId="e67b9597-62fd-d5dd-9723-961315f60ecd" executionId="e14e29a7-18c2-4901-b929-56e15f5cb697" testListId="8c84fa94-04c1-424b-9868-57a2d4851a1d" />
    <TestEntry testId="ed36d44e-4200-e799-fc12-f629ea491ec5" executionId="1e1fb6d6-409a-4814-88b4-199a8f83bf1f" testListId="8c84fa94-04c1-424b-9868-57a2d4851a1d" />
    <TestEntry testId="7af781cd-399d-ab95-7bf8-2c61d76a11b4" executionId="5544348e-a411-4122-a08f-c6a495ed0891" testListId="8c84fa94-04c1-424b-9868-57a2d4851a1d" />
    <TestEntry testId="2160afc6-ea21-09b1-6055-1f646d8e20af" executionId="95b611ad-1f9b-477c-87e1-97195a660b45" testListId="8c84fa94-04c1-424b-9868-57a2d4851a1d" />
    <TestEntry testId="0078f6a4-8b3a-f044-0781-bb221f605c9c" executionId="e5858b60-8734-4321-a6eb-d4b164e77af1" testListId="8c84fa94-04c1-424b-9868-57a2d4851a1d" />
    <TestEntry testId="a86b19d1-7d54-77e4-cbda-8b991fbdd349" executionId="5efd12b4-052e-4acf-bd1e-dbee5b838d7f" testListId="8c84fa94-04c1-424b-9868-57a2d4851a1d" />
    <TestEntry testId="c6e2fe10-6374-0330-3a55-32e9451857d1" executionId="b6cc1dad-bf3d-4e74-8b83-64a57b9d1f5e" testListId="8c84fa94-04c1-424b-9868-57a2d4851a1d" />
    <TestEntry testId="d154ee83-1a54-69f4-120f-345cee659a58" executionId="ec8bf3a2-e038-4270-a9cc-56080b5fa5a2" testListId="8c84fa94-04c1-424b-9868-57a2d4851a1d" />
    <TestEntry testId="62259e3a-78c6-411f-a57a-5855684cb024" executionId="11502020-58f4-42f9-af8a-8fb1a7985f9b" testListId="8c84fa94-04c1-424b-9868-57a2d4851a1d" />
    <TestEntry testId="bd94679b-8e13-bf7e-6a51-a631831e8c48" executionId="db577db5-a5b6-4ef9-92ff-9a5a85bd20a8" testListId="8c84fa94-04c1-424b-9868-57a2d4851a1d" />
    <TestEntry testId="4b16ec46-9a7d-9f93-8d71-60b460a79c41" executionId="be63f41f-8246-45df-9b74-63ab5e0761c7" testListId="8c84fa94-04c1-424b-9868-57a2d4851a1d" />
    <TestEntry testId="bc411907-762e-f7d3-616e-09d135af5a37" executionId="f8c91c45-0110-4704-9dcf-133aebadc921" testListId="8c84fa94-04c1-424b-9868-57a2d4851a1d" />
    <TestEntry testId="f9be6f1c-2bec-6ded-b469-e63c38be8302" executionId="4050ccd0-e458-4c09-8804-514f1304a161" testListId="8c84fa94-04c1-424b-9868-57a2d4851a1d" />
    <TestEntry testId="fc1760ec-6935-b01e-bdee-1df8974d3a4e" executionId="69b7bb50-96b1-49f4-9ae7-dd3ba1d16463" testListId="8c84fa94-04c1-424b-9868-57a2d4851a1d" />
    <TestEntry testId="922e5e25-c746-2e21-b443-91140270536a" executionId="bb941199-7830-488a-ac48-31710247d03a" testListId="8c84fa94-04c1-424b-9868-57a2d4851a1d" />
    <TestEntry testId="aeaa8129-6ac7-8b61-07e1-c54d2c8ef3e7" executionId="296515a2-3dc8-423b-b5df-63740949d395" testListId="8c84fa94-04c1-424b-9868-57a2d4851a1d" />
    <TestEntry testId="bb09c01b-922c-f2b2-371b-4a326f96cac1" executionId="a75a734c-915f-40e5-8bae-596c2ab1b079" testListId="8c84fa94-04c1-424b-9868-57a2d4851a1d" />
    <TestEntry testId="71f7634d-62dc-7fe0-88a1-f72744b379e9" executionId="37f1b320-abf1-4bbe-90a8-1d4025d76353" testListId="8c84fa94-04c1-424b-9868-57a2d4851a1d" />
    <TestEntry testId="5b9d8790-41a8-e324-0f42-b3f3838e922e" executionId="662b3a0b-3719-4eaa-8bb2-21d63b989170" testListId="8c84fa94-04c1-424b-9868-57a2d4851a1d" />
    <TestEntry testId="69b16011-8d93-77d0-63a4-943955ce1b67" executionId="b87cc332-a463-4c44-836d-8d87bc88699b" testListId="8c84fa94-04c1-424b-9868-57a2d4851a1d" />
    <TestEntry testId="a98b22fe-39ac-3b1a-c806-25955547cf41" executionId="c358cf5f-9fe8-4762-b6d8-037f9e745aba" testListId="8c84fa94-04c1-424b-9868-57a2d4851a1d" />
    <TestEntry testId="979ea342-03d2-1f90-94fc-0e818b1139b0" executionId="f4251ac5-98a4-4be0-86d9-f98b582e566a" testListId="8c84fa94-04c1-424b-9868-57a2d4851a1d" />
    <TestEntry testId="a7ee1c36-5cec-59cd-bbbe-48673dacb8e9" executionId="aac6d0d0-6522-4e26-997b-0bd9c5e73c34" testListId="8c84fa94-04c1-424b-9868-57a2d4851a1d" />
    <TestEntry testId="bf974658-9d6b-85f4-4dd4-82307286367d" executionId="7255958b-aead-4cc1-bd05-269d583087be" testListId="8c84fa94-04c1-424b-9868-57a2d4851a1d" />
    <TestEntry testId="50a08999-0061-8bd9-dcfe-a19025895ad4" executionId="1be8d54e-8ec9-4c10-81d9-25d34d5ebd66" testListId="8c84fa94-04c1-424b-9868-57a2d4851a1d" />
    <TestEntry testId="5a82c354-672f-8cdb-93d1-349ec291b376" executionId="4e80802a-37c2-4bec-89be-5da4003114b7" testListId="8c84fa94-04c1-424b-9868-57a2d4851a1d" />
    <TestEntry testId="cd948457-e6eb-c0cb-4b02-a694fa3140f8" executionId="740b88ef-8144-4911-a63f-8f5dedef3803" testListId="8c84fa94-04c1-424b-9868-57a2d4851a1d" />
    <TestEntry testId="3cf4443c-2882-4fb3-cf66-d9e85d93fa77" executionId="9bc41e91-e326-4034-821a-88ad4ad4fbd2" testListId="8c84fa94-04c1-424b-9868-57a2d4851a1d" />
    <TestEntry testId="75b5eebc-b3d3-bb16-520a-b3b1d6058d04" executionId="0f064633-8df7-42a7-9dce-bd994fad966f" testListId="8c84fa94-04c1-424b-9868-57a2d4851a1d" />
    <TestEntry testId="6f09096c-86ef-0bb9-d6a8-a68ac27447e2" executionId="0f56ad75-964d-44a6-8087-094d7a768b29" testListId="8c84fa94-04c1-424b-9868-57a2d4851a1d" />
    <TestEntry testId="f8c551bb-0a3d-688a-3234-2e8b907647f9" executionId="271a3f40-30ee-4661-a8c5-bd70ffdf1277" testListId="8c84fa94-04c1-424b-9868-57a2d4851a1d" />
    <TestEntry testId="f8eacc21-343b-4346-d5d2-e29ae63a7ea1" executionId="f0626a2a-62e3-46b2-b7f5-78f1f3ad89af" testListId="8c84fa94-04c1-424b-9868-57a2d4851a1d" />
    <TestEntry testId="5da7e7b1-8437-9765-8ac5-47f31165560b" executionId="6327e174-265b-4319-934f-48e9590f9040" testListId="8c84fa94-04c1-424b-9868-57a2d4851a1d" />
    <TestEntry testId="485c3db4-ddd6-1540-4078-71b717998356" executionId="caad6ffe-f986-4fec-92ad-43bac96d45e1" testListId="8c84fa94-04c1-424b-9868-57a2d4851a1d" />
    <TestEntry testId="6f6c9127-9c5e-f5b9-b03c-35b0a590d1e6" executionId="9a51716f-b9d8-4008-8cbc-efe68ce19d8c" testListId="8c84fa94-04c1-424b-9868-57a2d4851a1d" />
    <TestEntry testId="a7013049-7851-4a13-90e6-fa514b19fa5a" executionId="90c42082-6d1b-4703-9306-4cedaa0367e9" testListId="8c84fa94-04c1-424b-9868-57a2d4851a1d" />
    <TestEntry testId="e1c225f2-3a2c-e335-2d5f-0365ac0c5a83" executionId="50a0c119-66b7-4c91-bfa9-c28310e74308" testListId="8c84fa94-04c1-424b-9868-57a2d4851a1d" />
    <TestEntry testId="0d58dd94-b092-de74-3bd5-a53e160cdc25" executionId="4fdd99d2-a02a-4bce-8145-a69b77a2e192" testListId="8c84fa94-04c1-424b-9868-57a2d4851a1d" />
  </TestEntries>
  <TestLists>
    <TestList name="Results Not in a List" id="8c84fa94-04c1-424b-9868-57a2d4851a1d" />
    <TestList name="All Loaded Results" id="19431567-8539-422a-85d7-44ee4e166bda" />
  </TestLists>
  <ResultSummary outcome="Completed">
    <Counters total="233" executed="233" passed="233" failed="0" error="0" timeout="0" aborted="0" inconclusive="0" passedButRunAborted="0" notRunnable="0" notExecuted="0" disconnected="0" warning="0" completed="0" inProgress="0" pending="0" />
  </ResultSummary>
</TestRun>