<?xml version="1.0" encoding="utf-8"?>
<TestRun id="efec32b1-f504-4d0c-903b-1c8e5e0aea30" name="DKSR-EFI-04$@DKSR-EFI-04 2023-12-22 09:33:35" runUser="NT AUTHORITY\NETWORK SERVICE" xmlns="http://microsoft.com/schemas/VisualStudio/TeamTest/2010">
  <Times creation="2023-12-22T09:33:35.0218859+01:00" queuing="2023-12-22T09:33:35.0218859+01:00" start="2023-12-22T09:33:25.6937163+01:00" finish="2023-12-22T09:33:35.0843848+01:00" />
  <TestSettings name="default" id="a2dd0046-f9b8-4609-8b1d-51e3966d0ecf">
    <Deployment runDeploymentRoot="DKSR-EFI-04$_DKSR-EFI-04_2023-12-22_09_33_35" />
  </TestSettings>
  <Results>
    <UnitTestResult executionId="45a223db-6271-45b5-84ea-3d4040743c58" testId="68e197f5-0032-0195-974b-cf6a119ff032" testName="CreateApplicationPool_ManagedRuntimeVersionIsNull_ArgumentException" computerName="DKSR-EFI-04" duration="00:00:00.0138255" startTime="2023-12-22T09:33:34.2095011+01:00" endTime="2023-12-22T09:33:34.2250063+01:00" testType="13cdc9d9-ddb5-4fa4-a97d-d965ccfc6d4b" outcome="Passed" testListId="8c84fa94-04c1-424b-9868-57a2d4851a1d" relativeResultsDirectory="45a223db-6271-45b5-84ea-3d4040743c58" />
    <UnitTestResult executionId="2a29a04d-4916-4a86-a95b-07a7df6b2611" testId="fc03ca8c-b808-9aa7-2f6e-8dda262f7460" testName="CreateAppPoolTest" computerName="DKSR-EFI-04" duration="00:00:00.0650807" startTime="2023-12-22T09:33:33.7093788+01:00" endTime="2023-12-22T09:33:34.1156331+01:00" testType="13cdc9d9-ddb5-4fa4-a97d-d965ccfc6d4b" outcome="Passed" testListId="8c84fa94-04c1-424b-9868-57a2d4851a1d" relativeResultsDirectory="2a29a04d-4916-4a86-a95b-07a7df6b2611" />
    <UnitTestResult executionId="2ddb4e50-07cc-484e-826b-ec94bf412c62" testId="83f0b082-609e-8d44-b1c9-cd4944435590" testName="CreateAppPoolTest3" computerName="DKSR-EFI-04" duration="00:00:00.0006924" startTime="2023-12-22T09:33:34.2095011+01:00" endTime="2023-12-22T09:33:34.2095011+01:00" testType="13cdc9d9-ddb5-4fa4-a97d-d965ccfc6d4b" outcome="Passed" testListId="8c84fa94-04c1-424b-9868-57a2d4851a1d" relativeResultsDirectory="2ddb4e50-07cc-484e-826b-ec94bf412c62" />
    <UnitTestResult executionId="a58c0665-aa08-4294-b10c-b46dca50a027" testId="39a0d6e1-91e9-d260-4560-589f5388311e" testName="TestisDbServerLocal" computerName="DKSR-EFI-04" duration="00:00:00.2477576" startTime="2023-12-22T09:33:34.2406335+01:00" endTime="2023-12-22T09:33:34.4906336+01:00" testType="13cdc9d9-ddb5-4fa4-a97d-d965ccfc6d4b" outcome="Passed" testListId="8c84fa94-04c1-424b-9868-57a2d4851a1d" relativeResultsDirectory="a58c0665-aa08-4294-b10c-b46dca50a027" />
    <UnitTestResult executionId="eebc500d-a589-48c2-a386-ea9252d1bd59" testId="5eb7fc82-e706-b856-f01a-05dfe70643c3" testName="DeleteAppPoolTest" computerName="DKSR-EFI-04" duration="00:00:00.0012452" startTime="2023-12-22T09:33:34.2250063+01:00" endTime="2023-12-22T09:33:34.2406335+01:00" testType="13cdc9d9-ddb5-4fa4-a97d-d965ccfc6d4b" outcome="Passed" testListId="8c84fa94-04c1-424b-9868-57a2d4851a1d" relativeResultsDirectory="eebc500d-a589-48c2-a386-ea9252d1bd59" />
    <UnitTestResult executionId="0e3483e2-92bb-464b-ba1f-f4a7f585d394" testId="49b46371-26db-f01a-914d-6c57473b6850" testName="CreateAppPoolTest2" computerName="DKSR-EFI-04" duration="00:00:00.0297466" startTime="2023-12-22T09:33:34.1781335+01:00" endTime="2023-12-22T09:33:34.1937584+01:00" testType="13cdc9d9-ddb5-4fa4-a97d-d965ccfc6d4b" outcome="Passed" testListId="8c84fa94-04c1-424b-9868-57a2d4851a1d" relativeResultsDirectory="0e3483e2-92bb-464b-ba1f-f4a7f585d394" />
  </Results>
  <TestDefinitions>
    <UnitTest name="CreateApplicationPool_ManagedRuntimeVersionIsNull_ArgumentException" storage="d:\actions-runner\_work\xpco\xpco\corporate\videoos.server.admin.unittests\bin\x64\debug\net472\videoos.server.admin.unittests.dll" id="68e197f5-0032-0195-974b-cf6a119ff032">
      <Execution id="45a223db-6271-45b5-84ea-3d4040743c58" />
      <TestMethod codeBase="D:\actions-runner\_work\XPCO\XPCO\Corporate\VideoOS.Server.Admin.UnitTests\bin\x64\Debug\net472\VideoOS.Server.Admin.UnitTests.dll" adapterTypeName="executor://mstestadapter/v2" className="VideoOS.Server.Admin.UnitTests.AppPoolHelperUnitTests" name="CreateApplicationPool_ManagedRuntimeVersionIsNull_ArgumentException" />
    </UnitTest>
    <UnitTest name="CreateAppPoolTest3" storage="d:\actions-runner\_work\xpco\xpco\corporate\videoos.server.admin.unittests\bin\x64\debug\net472\videoos.server.admin.unittests.dll" id="83f0b082-609e-8d44-b1c9-cd4944435590">
      <Execution id="2ddb4e50-07cc-484e-826b-ec94bf412c62" />
      <TestMethod codeBase="D:\actions-runner\_work\XPCO\XPCO\Corporate\VideoOS.Server.Admin.UnitTests\bin\x64\Debug\net472\VideoOS.Server.Admin.UnitTests.dll" adapterTypeName="executor://mstestadapter/v2" className="VideoOS.Server.Admin.UnitTests.AppPoolHelperUnitTests" name="CreateAppPoolTest3" />
    </UnitTest>
    <UnitTest name="CreateAppPoolTest" storage="d:\actions-runner\_work\xpco\xpco\corporate\videoos.server.admin.unittests\bin\x64\debug\net472\videoos.server.admin.unittests.dll" id="fc03ca8c-b808-9aa7-2f6e-8dda262f7460">
      <Execution id="2a29a04d-4916-4a86-a95b-07a7df6b2611" />
      <TestMethod codeBase="D:\actions-runner\_work\XPCO\XPCO\Corporate\VideoOS.Server.Admin.UnitTests\bin\x64\Debug\net472\VideoOS.Server.Admin.UnitTests.dll" adapterTypeName="executor://mstestadapter/v2" className="VideoOS.Server.Admin.UnitTests.AppPoolHelperUnitTests" name="CreateAppPoolTest" />
    </UnitTest>
    <UnitTest name="CreateAppPoolTest2" storage="d:\actions-runner\_work\xpco\xpco\corporate\videoos.server.admin.unittests\bin\x64\debug\net472\videoos.server.admin.unittests.dll" id="49b46371-26db-f01a-914d-6c57473b6850">
      <Execution id="0e3483e2-92bb-464b-ba1f-f4a7f585d394" />
      <TestMethod codeBase="D:\actions-runner\_work\XPCO\XPCO\Corporate\VideoOS.Server.Admin.UnitTests\bin\x64\Debug\net472\VideoOS.Server.Admin.UnitTests.dll" adapterTypeName="executor://mstestadapter/v2" className="VideoOS.Server.Admin.UnitTests.AppPoolHelperUnitTests" name="CreateAppPoolTest2" />
    </UnitTest>
    <UnitTest name="TestisDbServerLocal" storage="d:\actions-runner\_work\xpco\xpco\corporate\videoos.server.admin.unittests\bin\x64\debug\net472\videoos.server.admin.unittests.dll" id="39a0d6e1-91e9-d260-4560-589f5388311e">
      <Execution id="a58c0665-aa08-4294-b10c-b46dca50a027" />
      <TestMethod codeBase="D:\actions-runner\_work\XPCO\XPCO\Corporate\VideoOS.Server.Admin.UnitTests\bin\x64\Debug\net472\VideoOS.Server.Admin.UnitTests.dll" adapterTypeName="executor://mstestadapter/v2" className="VideoOS.Server.Admin.UnitTests.SqlConnectionHelperUnitTest" name="TestisDbServerLocal" />
    </UnitTest>
    <UnitTest name="DeleteAppPoolTest" storage="d:\actions-runner\_work\xpco\xpco\corporate\videoos.server.admin.unittests\bin\x64\debug\net472\videoos.server.admin.unittests.dll" id="5eb7fc82-e706-b856-f01a-05dfe70643c3">
      <Execution id="eebc500d-a589-48c2-a386-ea9252d1bd59" />
      <TestMethod codeBase="D:\actions-runner\_work\XPCO\XPCO\Corporate\VideoOS.Server.Admin.UnitTests\bin\x64\Debug\net472\VideoOS.Server.Admin.UnitTests.dll" adapterTypeName="executor://mstestadapter/v2" className="VideoOS.Server.Admin.UnitTests.AppPoolHelperUnitTests" name="DeleteAppPoolTest" />
    </UnitTest>
  </TestDefinitions>
  <TestEntries>
    <TestEntry testId="68e197f5-0032-0195-974b-cf6a119ff032" executionId="45a223db-6271-45b5-84ea-3d4040743c58" testListId="8c84fa94-04c1-424b-9868-57a2d4851a1d" />
    <TestEntry testId="fc03ca8c-b808-9aa7-2f6e-8dda262f7460" executionId="2a29a04d-4916-4a86-a95b-07a7df6b2611" testListId="8c84fa94-04c1-424b-9868-57a2d4851a1d" />
    <TestEntry testId="83f0b082-609e-8d44-b1c9-cd4944435590" executionId="2ddb4e50-07cc-484e-826b-ec94bf412c62" testListId="8c84fa94-04c1-424b-9868-57a2d4851a1d" />
    <TestEntry testId="39a0d6e1-91e9-d260-4560-589f5388311e" executionId="a58c0665-aa08-4294-b10c-b46dca50a027" testListId="8c84fa94-04c1-424b-9868-57a2d4851a1d" />
    <TestEntry testId="5eb7fc82-e706-b856-f01a-05dfe70643c3" executionId="eebc500d-a589-48c2-a386-ea9252d1bd59" testListId="8c84fa94-04c1-424b-9868-57a2d4851a1d" />
    <TestEntry testId="49b46371-26db-f01a-914d-6c57473b6850" executionId="0e3483e2-92bb-464b-ba1f-f4a7f585d394" testListId="8c84fa94-04c1-424b-9868-57a2d4851a1d" />
  </TestEntries>
  <TestLists>
    <TestList name="Results Not in a List" id="8c84fa94-04c1-424b-9868-57a2d4851a1d" />
    <TestList name="All Loaded Results" id="19431567-8539-422a-85d7-44ee4e166bda" />
  </TestLists>
  <ResultSummary outcome="Completed">
    <Counters total="6" executed="6" passed="6" failed="0" error="0" timeout="0" aborted="0" inconclusive="0" passedButRunAborted="0" notRunnable="0" notExecuted="0" disconnected="0" warning="0" completed="0" inProgress="0" pending="0" />
  </ResultSummary>
</TestRun>