<?xml version="1.0" encoding="utf-8"?>
<TestRun id="ea35d4dd-2a04-4e0e-8401-3ff1a965b380" name="DKSR-EFI-04$@DKSR-EFI-04 2023-12-22 09:33:40" runUser="NT AUTHORITY\NETWORK SERVICE" xmlns="http://microsoft.com/schemas/VisualStudio/TeamTest/2010">
  <Times creation="2023-12-22T09:33:40.9906651+01:00" queuing="2023-12-22T09:33:40.9906651+01:00" start="2023-12-22T09:33:40.0219110+01:00" finish="2023-12-22T09:33:41.0219166+01:00" />
  <TestSettings name="default" id="a15263c1-a483-41b8-9adf-223159c101b1">
    <Deployment runDeploymentRoot="DKSR-EFI-04$_DKSR-EFI-04_2023-12-22_09_33_40" />
  </TestSettings>
  <Results>
    <UnitTestResult executionId="bb770225-2bde-42a2-92fd-82db92a41c44" testId="466faf04-4dd2-798c-a31b-0180f666fb07" testName="TestForAssemblyCoverage" computerName="DKSR-EFI-04" duration="00:00:00.0204003" startTime="2023-12-22T09:33:40.6312881+01:00" endTime="2023-12-22T09:33:40.7719127+01:00" testType="13cdc9d9-ddb5-4fa4-a97d-d965ccfc6d4b" outcome="Passed" testListId="8c84fa94-04c1-424b-9868-57a2d4851a1d" relativeResultsDirectory="bb770225-2bde-42a2-92fd-82db92a41c44" />
  </Results>
  <TestDefinitions>
    <UnitTest name="TestForAssemblyCoverage" storage="d:\actions-runner\_work\xpco\xpco\corporate\videoos.server.remoteclient.unittests\bin\x64\debug\videoos.server.remoteclient.unittests.dll" id="466faf04-4dd2-798c-a31b-0180f666fb07">
      <Execution id="bb770225-2bde-42a2-92fd-82db92a41c44" />
      <TestMethod codeBase="D:\actions-runner\_work\XPCO\XPCO\Corporate\VideoOS.Server.RemoteClient.UnitTests\bin\x64\Debug\VideoOS.Server.RemoteClient.UnitTests.dll" adapterTypeName="executor://mstestadapter/v2" className="VideoOS.Server.RemoteClient.UnitTests.UnitTest1" name="TestForAssemblyCoverage" />
    </UnitTest>
  </TestDefinitions>
  <TestEntries>
    <TestEntry testId="466faf04-4dd2-798c-a31b-0180f666fb07" executionId="bb770225-2bde-42a2-92fd-82db92a41c44" testListId="8c84fa94-04c1-424b-9868-57a2d4851a1d" />
  </TestEntries>
  <TestLists>
    <TestList name="Results Not in a List" id="8c84fa94-04c1-424b-9868-57a2d4851a1d" />
    <TestList name="All Loaded Results" id="19431567-8539-422a-85d7-44ee4e166bda" />
  </TestLists>
  <ResultSummary outcome="Completed">
    <Counters total="1" executed="1" passed="1" failed="0" error="0" timeout="0" aborted="0" inconclusive="0" passedButRunAborted="0" notRunnable="0" notExecuted="0" disconnected="0" warning="0" completed="0" inProgress="0" pending="0" />
  </ResultSummary>
</TestRun>