<?xml version="1.0" encoding="utf-8"?>
<TestRun id="6583281e-646a-41f7-be49-2727b0a7bed9" name="DKSR-EFI-04$@DKSR-EFI-04 2023-12-22 09:35:13" runUser="NT AUTHORITY\NETWORK SERVICE" xmlns="http://microsoft.com/schemas/VisualStudio/TeamTest/2010">
  <Times creation="2023-12-22T09:35:13.2880113+01:00" queuing="2023-12-22T09:35:13.2880113+01:00" start="2023-12-22T09:35:01.6473228+01:00" finish="2023-12-22T09:35:14.6942646+01:00" />
  <TestSettings name="default" id="3a65cf1d-37af-458c-9960-8318a44f4961">
    <Deployment runDeploymentRoot="DKSR-EFI-04$_DKSR-EFI-04_2023-12-22_09_35_13" />
  </TestSettings>
  <Results>
    <UnitTestResult executionId="a3a02bc8-90c8-44c7-be8f-c581d59301bd" testId="5eda181c-f8be-4325-6eb7-7de39f38760b" testName="Test_UpdateUri_ReturnsUriFromHelper" computerName="DKSR-EFI-04" duration="00:00:00.1198564" startTime="2023-12-22T09:35:13.3973802+01:00" endTime="2023-12-22T09:35:13.5223832+01:00" testType="13cdc9d9-ddb5-4fa4-a97d-d965ccfc6d4b" outcome="Passed" testListId="8c84fa94-04c1-424b-9868-57a2d4851a1d" relativeResultsDirectory="a3a02bc8-90c8-44c7-be8f-c581d59301bd" />
    <UnitTestResult executionId="5ddbccf2-3f90-4396-a3a3-47c0d2970b62" testId="55903c78-1dde-8c9b-84e9-6f76dfd0ea8d" testName="Test_Execute_RegistryKeyNotFound_FailsWithCorrectError" computerName="DKSR-EFI-04" duration="00:00:00.0630177" startTime="2023-12-22T09:35:13.5223832+01:00" endTime="2023-12-22T09:35:13.5848825+01:00" testType="13cdc9d9-ddb5-4fa4-a97d-d965ccfc6d4b" outcome="Passed" testListId="8c84fa94-04c1-424b-9868-57a2d4851a1d" relativeResultsDirectory="5ddbccf2-3f90-4396-a3a3-47c0d2970b62" />
    <UnitTestResult executionId="eb9f9222-0de3-44d4-a277-58cd8c8ec94f" testId="23ae3241-bd5f-b27d-117b-642189d451d7" testName="ModifyConfiguration_EncryptionNotEnabled_DisablesSsl" computerName="DKSR-EFI-04" duration="00:00:00.0390030" startTime="2023-12-22T09:35:13.2880113+01:00" endTime="2023-12-22T09:35:13.3348809+01:00" testType="13cdc9d9-ddb5-4fa4-a97d-d965ccfc6d4b" outcome="Passed" testListId="8c84fa94-04c1-424b-9868-57a2d4851a1d" relativeResultsDirectory="eb9f9222-0de3-44d4-a277-58cd8c8ec94f" />
    <UnitTestResult executionId="f931595c-e266-4ec9-a980-1d8583eeafe4" testId="df702e8c-5618-7242-5f5e-36f9bd27eaad" testName="Test_Execute_GetServicesThrowsException_FailsWithCorrectError" computerName="DKSR-EFI-04" duration="00:00:00.0103399" startTime="2023-12-22T09:35:13.7880088+01:00" endTime="2023-12-22T09:35:13.7880088+01:00" testType="13cdc9d9-ddb5-4fa4-a97d-d965ccfc6d4b" outcome="Passed" testListId="8c84fa94-04c1-424b-9868-57a2d4851a1d" relativeResultsDirectory="f931595c-e266-4ec9-a980-1d8583eeafe4" />
    <UnitTestResult executionId="0b8d8e3b-d4ab-48f3-8bac-f9056887510c" testId="37332124-73f2-eeb3-d129-4c53d5637436" testName="Execute_UpdateFails_ReturnsError" computerName="DKSR-EFI-04" duration="00:00:00.0164472" startTime="2023-12-22T09:35:13.7880088+01:00" endTime="2023-12-22T09:35:13.8036334+01:00" testType="13cdc9d9-ddb5-4fa4-a97d-d965ccfc6d4b" outcome="Passed" testListId="8c84fa94-04c1-424b-9868-57a2d4851a1d" relativeResultsDirectory="0b8d8e3b-d4ab-48f3-8bac-f9056887510c" />
    <UnitTestResult executionId="2c778c3f-ff5a-401b-85a8-b67243fb8db3" testId="342b5128-0e80-12a9-c5a1-3ab47188aab9" testName="Test_Execute_WhenServiceRegistrationDoesNotExist_ServiceRegistrationCreatedAndUpdated" computerName="DKSR-EFI-04" duration="00:00:00.1484718" startTime="2023-12-22T09:35:13.6317559+01:00" endTime="2023-12-22T09:35:13.7723834+01:00" testType="13cdc9d9-ddb5-4fa4-a97d-d965ccfc6d4b" outcome="Passed" testListId="8c84fa94-04c1-424b-9868-57a2d4851a1d" relativeResultsDirectory="2c778c3f-ff5a-401b-85a8-b67243fb8db3" />
    <UnitTestResult executionId="e76bc3c6-2ec6-4d01-be6b-65592239565a" testId="c373a186-eccb-769b-933e-7360bed5f787" testName="Given_Registrar_When_RegisteringClient_Then_RequestaAreSentToPossibleAddressesUntillAPositiveResponseIsReceived" computerName="DKSR-EFI-04" duration="00:00:00.0138363" startTime="2023-12-22T09:35:13.2723823+01:00" endTime="2023-12-22T09:35:13.2880113+01:00" testType="13cdc9d9-ddb5-4fa4-a97d-d965ccfc6d4b" outcome="Passed" testListId="8c84fa94-04c1-424b-9868-57a2d4851a1d" relativeResultsDirectory="e76bc3c6-2ec6-4d01-be6b-65592239565a" />
    <UnitTestResult executionId="695710a4-6fd7-4ca5-9283-c0f28780dc31" testId="366ed949-d9c3-c0b5-c148-cfdbed9eaa7c" testName="Execute_UpdateSucceeds_ReturnsSuccessStatus" computerName="DKSR-EFI-04" duration="00:00:00.0047479" startTime="2023-12-22T09:35:13.8192592+01:00" endTime="2023-12-22T09:35:13.8192592+01:00" testType="13cdc9d9-ddb5-4fa4-a97d-d965ccfc6d4b" outcome="Passed" testListId="8c84fa94-04c1-424b-9868-57a2d4851a1d" relativeResultsDirectory="695710a4-6fd7-4ca5-9283-c0f28780dc31" />
    <UnitTestResult executionId="9695478c-9747-492c-b866-5bd9f0d278e1" testId="92ce6b3f-48f5-788c-aeb6-1e017aefe7fa" testName="ModifyConfiguration_EncryptionEnabled_NoBinding_NotDefaultWebsite_ReturnsError" computerName="DKSR-EFI-04" duration="00:00:00.0075935" startTime="2023-12-22T09:35:13.3817565+01:00" endTime="2023-12-22T09:35:13.3973802+01:00" testType="13cdc9d9-ddb5-4fa4-a97d-d965ccfc6d4b" outcome="Passed" testListId="8c84fa94-04c1-424b-9868-57a2d4851a1d" relativeResultsDirectory="9695478c-9747-492c-b866-5bd9f0d278e1" />
    <UnitTestResult executionId="12b60d56-b1f1-45ef-8d59-e00de34f8ea7" testId="6df47e2a-70cb-af48-2952-a91ea6956118" testName="ModifyConfiguration_EncryptionEnabled_HasBinding_BindsAndEnablesSsl" computerName="DKSR-EFI-04" duration="00:00:00.0198546" startTime="2023-12-22T09:35:13.3505070+01:00" endTime="2023-12-22T09:35:13.3661306+01:00" testType="13cdc9d9-ddb5-4fa4-a97d-d965ccfc6d4b" outcome="Passed" testListId="8c84fa94-04c1-424b-9868-57a2d4851a1d" relativeResultsDirectory="12b60d56-b1f1-45ef-8d59-e00de34f8ea7" />
    <UnitTestResult executionId="22faebcd-293b-4660-b74d-ed6a75e483b2" testId="4b2a63a9-593e-50b8-003e-2f2aefd25d81" testName="ModifyConfiguration_EncryptionEnabled_NoBinding_DefaultWebsite_BindsAndEnablesSsl" computerName="DKSR-EFI-04" duration="00:00:00.0076847" startTime="2023-12-22T09:35:13.3661306+01:00" endTime="2023-12-22T09:35:13.3817565+01:00" testType="13cdc9d9-ddb5-4fa4-a97d-d965ccfc6d4b" outcome="Passed" testListId="8c84fa94-04c1-424b-9868-57a2d4851a1d" relativeResultsDirectory="22faebcd-293b-4660-b74d-ed6a75e483b2" />
    <UnitTestResult executionId="dd56e52c-3dd6-4e2f-b81e-dd33038164b4" testId="34c16d01-dd35-232c-06ea-bb1630ddd3c6" testName="Test_Execute_WhenServiceRegistrationExists_ServiceRegistrationUpdated" computerName="DKSR-EFI-04" duration="00:00:00.0417343" startTime="2023-12-22T09:35:13.5848825+01:00" endTime="2023-12-22T09:35:13.6317559+01:00" testType="13cdc9d9-ddb5-4fa4-a97d-d965ccfc6d4b" outcome="Passed" testListId="8c84fa94-04c1-424b-9868-57a2d4851a1d" relativeResultsDirectory="dd56e52c-3dd6-4e2f-b81e-dd33038164b4" />
    <UnitTestResult executionId="967398d4-a0d5-4156-ba7d-10d8de9525cd" testId="e2993c16-0967-dfe0-1589-21c71c780288" testName="Given_Registrar_When_RegisteringClient_Then_ARequestIsSentToTheServiceToWakeItUp" computerName="DKSR-EFI-04" duration="00:00:01.1190514" startTime="2023-12-22T09:35:11.4754948+01:00" endTime="2023-12-22T09:35:13.1942544+01:00" testType="13cdc9d9-ddb5-4fa4-a97d-d965ccfc6d4b" outcome="Passed" testListId="8c84fa94-04c1-424b-9868-57a2d4851a1d" relativeResultsDirectory="967398d4-a0d5-4156-ba7d-10d8de9525cd" />
  </Results>
  <TestDefinitions>
    <UnitTest name="ModifyConfiguration_EncryptionNotEnabled_DisablesSsl" storage="d:\actions-runner\_work\xpco\xpco\mip\apigateway\gatewayservice\tst\videoos.gatewayservice.registrars.unittests\bin\debug\net472\videoos.gatewayservice.registrars.unittests.dll" id="23ae3241-bd5f-b27d-117b-642189d451d7">
      <Execution id="eb9f9222-0de3-44d4-a277-58cd8c8ec94f" />
      <TestMethod codeBase="D:\actions-runner\_work\XPCO\XPCO\MIP\ApiGateway\GatewayService\tst\VideoOS.GatewayService.Registrars.UnitTests\bin\Debug\net472\VideoOS.GatewayService.Registrars.UnitTests.dll" adapterTypeName="executor://mstestadapter/v2" className="VideoOS.GatewayService.Registrars.UnitTests.GatewayServiceEndpointRegistrarTests" name="ModifyConfiguration_EncryptionNotEnabled_DisablesSsl" />
    </UnitTest>
    <UnitTest name="Test_Execute_WhenServiceRegistrationExists_ServiceRegistrationUpdated" storage="d:\actions-runner\_work\xpco\xpco\mip\apigateway\gatewayservice\tst\videoos.gatewayservice.registrars.unittests\bin\debug\net472\videoos.gatewayservice.registrars.unittests.dll" id="34c16d01-dd35-232c-06ea-bb1630ddd3c6">
      <Execution id="dd56e52c-3dd6-4e2f-b81e-dd33038164b4" />
      <TestMethod codeBase="D:\actions-runner\_work\XPCO\XPCO\MIP\ApiGateway\GatewayService\tst\VideoOS.GatewayService.Registrars.UnitTests\bin\Debug\net472\VideoOS.GatewayService.Registrars.UnitTests.dll" adapterTypeName="executor://mstestadapter/v2" className="VideoOS.GatewayService.Registrars.UnitTests.GatewayServiceRegistrationUpdateRegistrarTest" name="Test_Execute_WhenServiceRegistrationExists_ServiceRegistrationUpdated" />
    </UnitTest>
    <UnitTest name="Test_Execute_WhenServiceRegistrationDoesNotExist_ServiceRegistrationCreatedAndUpdated" storage="d:\actions-runner\_work\xpco\xpco\mip\apigateway\gatewayservice\tst\videoos.gatewayservice.registrars.unittests\bin\debug\net472\videoos.gatewayservice.registrars.unittests.dll" id="342b5128-0e80-12a9-c5a1-3ab47188aab9">
      <Execution id="2c778c3f-ff5a-401b-85a8-b67243fb8db3" />
      <TestMethod codeBase="D:\actions-runner\_work\XPCO\XPCO\MIP\ApiGateway\GatewayService\tst\VideoOS.GatewayService.Registrars.UnitTests\bin\Debug\net472\VideoOS.GatewayService.Registrars.UnitTests.dll" adapterTypeName="executor://mstestadapter/v2" className="VideoOS.GatewayService.Registrars.UnitTests.GatewayServiceRegistrationUpdateRegistrarTest" name="Test_Execute_WhenServiceRegistrationDoesNotExist_ServiceRegistrationCreatedAndUpdated" />
    </UnitTest>
    <UnitTest name="Test_UpdateUri_ReturnsUriFromHelper" storage="d:\actions-runner\_work\xpco\xpco\mip\apigateway\gatewayservice\tst\videoos.gatewayservice.registrars.unittests\bin\debug\net472\videoos.gatewayservice.registrars.unittests.dll" id="5eda181c-f8be-4325-6eb7-7de39f38760b">
      <Execution id="a3a02bc8-90c8-44c7-be8f-c581d59301bd" />
      <TestMethod codeBase="D:\actions-runner\_work\XPCO\XPCO\MIP\ApiGateway\GatewayService\tst\VideoOS.GatewayService.Registrars.UnitTests\bin\Debug\net472\VideoOS.GatewayService.Registrars.UnitTests.dll" adapterTypeName="executor://mstestadapter/v2" className="VideoOS.GatewayService.Registrars.UnitTests.GatewayServiceRegistrationUpdateRegistrarTest" name="Test_UpdateUri_ReturnsUriFromHelper" />
    </UnitTest>
    <UnitTest name="Given_Registrar_When_RegisteringClient_Then_RequestaAreSentToPossibleAddressesUntillAPositiveResponseIsReceived" storage="d:\actions-runner\_work\xpco\xpco\mip\apigateway\gatewayservice\tst\videoos.gatewayservice.registrars.unittests\bin\debug\net472\videoos.gatewayservice.registrars.unittests.dll" id="c373a186-eccb-769b-933e-7360bed5f787">
      <Execution id="e76bc3c6-2ec6-4d01-be6b-65592239565a" />
      <TestMethod codeBase="D:\actions-runner\_work\XPCO\XPCO\MIP\ApiGateway\GatewayService\tst\VideoOS.GatewayService.Registrars.UnitTests\bin\Debug\net472\VideoOS.GatewayService.Registrars.UnitTests.dll" adapterTypeName="executor://mstestadapter/v2" className="VideoOS.GatewayService.Registrars.UnitTests.GatewayServiceClientRegistrarTest" name="Given_Registrar_When_RegisteringClient_Then_RequestaAreSentToPossibleAddressesUntillAPositiveResponseIsReceived" />
    </UnitTest>
    <UnitTest name="Given_Registrar_When_RegisteringClient_Then_ARequestIsSentToTheServiceToWakeItUp" storage="d:\actions-runner\_work\xpco\xpco\mip\apigateway\gatewayservice\tst\videoos.gatewayservice.registrars.unittests\bin\debug\net472\videoos.gatewayservice.registrars.unittests.dll" id="e2993c16-0967-dfe0-1589-21c71c780288">
      <Execution id="967398d4-a0d5-4156-ba7d-10d8de9525cd" />
      <TestMethod codeBase="D:\actions-runner\_work\XPCO\XPCO\MIP\ApiGateway\GatewayService\tst\VideoOS.GatewayService.Registrars.UnitTests\bin\Debug\net472\VideoOS.GatewayService.Registrars.UnitTests.dll" adapterTypeName="executor://mstestadapter/v2" className="VideoOS.GatewayService.Registrars.UnitTests.GatewayServiceClientRegistrarTest" name="Given_Registrar_When_RegisteringClient_Then_ARequestIsSentToTheServiceToWakeItUp" />
    </UnitTest>
    <UnitTest name="ModifyConfiguration_EncryptionEnabled_HasBinding_BindsAndEnablesSsl" storage="d:\actions-runner\_work\xpco\xpco\mip\apigateway\gatewayservice\tst\videoos.gatewayservice.registrars.unittests\bin\debug\net472\videoos.gatewayservice.registrars.unittests.dll" id="6df47e2a-70cb-af48-2952-a91ea6956118">
      <Execution id="12b60d56-b1f1-45ef-8d59-e00de34f8ea7" />
      <TestMethod codeBase="D:\actions-runner\_work\XPCO\XPCO\MIP\ApiGateway\GatewayService\tst\VideoOS.GatewayService.Registrars.UnitTests\bin\Debug\net472\VideoOS.GatewayService.Registrars.UnitTests.dll" adapterTypeName="executor://mstestadapter/v2" className="VideoOS.GatewayService.Registrars.UnitTests.GatewayServiceEndpointRegistrarTests" name="ModifyConfiguration_EncryptionEnabled_HasBinding_BindsAndEnablesSsl" />
    </UnitTest>
    <UnitTest name="Test_Execute_GetServicesThrowsException_FailsWithCorrectError" storage="d:\actions-runner\_work\xpco\xpco\mip\apigateway\gatewayservice\tst\videoos.gatewayservice.registrars.unittests\bin\debug\net472\videoos.gatewayservice.registrars.unittests.dll" id="df702e8c-5618-7242-5f5e-36f9bd27eaad">
      <Execution id="f931595c-e266-4ec9-a980-1d8583eeafe4" />
      <TestMethod codeBase="D:\actions-runner\_work\XPCO\XPCO\MIP\ApiGateway\GatewayService\tst\VideoOS.GatewayService.Registrars.UnitTests\bin\Debug\net472\VideoOS.GatewayService.Registrars.UnitTests.dll" adapterTypeName="executor://mstestadapter/v2" className="VideoOS.GatewayService.Registrars.UnitTests.GatewayServiceRegistrationUpdateRegistrarTest" name="Test_Execute_GetServicesThrowsException_FailsWithCorrectError" />
    </UnitTest>
    <UnitTest name="ModifyConfiguration_EncryptionEnabled_NoBinding_NotDefaultWebsite_ReturnsError" storage="d:\actions-runner\_work\xpco\xpco\mip\apigateway\gatewayservice\tst\videoos.gatewayservice.registrars.unittests\bin\debug\net472\videoos.gatewayservice.registrars.unittests.dll" id="92ce6b3f-48f5-788c-aeb6-1e017aefe7fa">
      <Execution id="9695478c-9747-492c-b866-5bd9f0d278e1" />
      <TestMethod codeBase="D:\actions-runner\_work\XPCO\XPCO\MIP\ApiGateway\GatewayService\tst\VideoOS.GatewayService.Registrars.UnitTests\bin\Debug\net472\VideoOS.GatewayService.Registrars.UnitTests.dll" adapterTypeName="executor://mstestadapter/v2" className="VideoOS.GatewayService.Registrars.UnitTests.GatewayServiceEndpointRegistrarTests" name="ModifyConfiguration_EncryptionEnabled_NoBinding_NotDefaultWebsite_ReturnsError" />
    </UnitTest>
    <UnitTest name="ModifyConfiguration_EncryptionEnabled_NoBinding_DefaultWebsite_BindsAndEnablesSsl" storage="d:\actions-runner\_work\xpco\xpco\mip\apigateway\gatewayservice\tst\videoos.gatewayservice.registrars.unittests\bin\debug\net472\videoos.gatewayservice.registrars.unittests.dll" id="4b2a63a9-593e-50b8-003e-2f2aefd25d81">
      <Execution id="22faebcd-293b-4660-b74d-ed6a75e483b2" />
      <TestMethod codeBase="D:\actions-runner\_work\XPCO\XPCO\MIP\ApiGateway\GatewayService\tst\VideoOS.GatewayService.Registrars.UnitTests\bin\Debug\net472\VideoOS.GatewayService.Registrars.UnitTests.dll" adapterTypeName="executor://mstestadapter/v2" className="VideoOS.GatewayService.Registrars.UnitTests.GatewayServiceEndpointRegistrarTests" name="ModifyConfiguration_EncryptionEnabled_NoBinding_DefaultWebsite_BindsAndEnablesSsl" />
    </UnitTest>
    <UnitTest name="Execute_UpdateFails_ReturnsError" storage="d:\actions-runner\_work\xpco\xpco\mip\apigateway\gatewayservice\tst\videoos.gatewayservice.registrars.unittests\bin\debug\net472\videoos.gatewayservice.registrars.unittests.dll" id="37332124-73f2-eeb3-d129-4c53d5637436">
      <Execution id="0b8d8e3b-d4ab-48f3-8bac-f9056887510c" />
      <TestMethod codeBase="D:\actions-runner\_work\XPCO\XPCO\MIP\ApiGateway\GatewayService\tst\VideoOS.GatewayService.Registrars.UnitTests\bin\Debug\net472\VideoOS.GatewayService.Registrars.UnitTests.dll" adapterTypeName="executor://mstestadapter/v2" className="VideoOS.GatewayService.Registrars.UnitTests.GatewayServiceSetManagementServerRegistrarTest" name="Execute_UpdateFails_ReturnsError" />
    </UnitTest>
    <UnitTest name="Test_Execute_RegistryKeyNotFound_FailsWithCorrectError" storage="d:\actions-runner\_work\xpco\xpco\mip\apigateway\gatewayservice\tst\videoos.gatewayservice.registrars.unittests\bin\debug\net472\videoos.gatewayservice.registrars.unittests.dll" id="55903c78-1dde-8c9b-84e9-6f76dfd0ea8d">
      <Execution id="5ddbccf2-3f90-4396-a3a3-47c0d2970b62" />
      <TestMethod codeBase="D:\actions-runner\_work\XPCO\XPCO\MIP\ApiGateway\GatewayService\tst\VideoOS.GatewayService.Registrars.UnitTests\bin\Debug\net472\VideoOS.GatewayService.Registrars.UnitTests.dll" adapterTypeName="executor://mstestadapter/v2" className="VideoOS.GatewayService.Registrars.UnitTests.GatewayServiceRegistrationUpdateRegistrarTest" name="Test_Execute_RegistryKeyNotFound_FailsWithCorrectError" />
    </UnitTest>
    <UnitTest name="Execute_UpdateSucceeds_ReturnsSuccessStatus" storage="d:\actions-runner\_work\xpco\xpco\mip\apigateway\gatewayservice\tst\videoos.gatewayservice.registrars.unittests\bin\debug\net472\videoos.gatewayservice.registrars.unittests.dll" id="366ed949-d9c3-c0b5-c148-cfdbed9eaa7c">
      <Execution id="695710a4-6fd7-4ca5-9283-c0f28780dc31" />
      <TestMethod codeBase="D:\actions-runner\_work\XPCO\XPCO\MIP\ApiGateway\GatewayService\tst\VideoOS.GatewayService.Registrars.UnitTests\bin\Debug\net472\VideoOS.GatewayService.Registrars.UnitTests.dll" adapterTypeName="executor://mstestadapter/v2" className="VideoOS.GatewayService.Registrars.UnitTests.GatewayServiceSetManagementServerRegistrarTest" name="Execute_UpdateSucceeds_ReturnsSuccessStatus" />
    </UnitTest>
  </TestDefinitions>
  <TestEntries>
    <TestEntry testId="5eda181c-f8be-4325-6eb7-7de39f38760b" executionId="a3a02bc8-90c8-44c7-be8f-c581d59301bd" testListId="8c84fa94-04c1-424b-9868-57a2d4851a1d" />
    <TestEntry testId="55903c78-1dde-8c9b-84e9-6f76dfd0ea8d" executionId="5ddbccf2-3f90-4396-a3a3-47c0d2970b62" testListId="8c84fa94-04c1-424b-9868-57a2d4851a1d" />
    <TestEntry testId="23ae3241-bd5f-b27d-117b-642189d451d7" executionId="eb9f9222-0de3-44d4-a277-58cd8c8ec94f" testListId="8c84fa94-04c1-424b-9868-57a2d4851a1d" />
    <TestEntry testId="df702e8c-5618-7242-5f5e-36f9bd27eaad" executionId="f931595c-e266-4ec9-a980-1d8583eeafe4" testListId="8c84fa94-04c1-424b-9868-57a2d4851a1d" />
    <TestEntry testId="37332124-73f2-eeb3-d129-4c53d5637436" executionId="0b8d8e3b-d4ab-48f3-8bac-f9056887510c" testListId="8c84fa94-04c1-424b-9868-57a2d4851a1d" />
    <TestEntry testId="342b5128-0e80-12a9-c5a1-3ab47188aab9" executionId="2c778c3f-ff5a-401b-85a8-b67243fb8db3" testListId="8c84fa94-04c1-424b-9868-57a2d4851a1d" />
    <TestEntry testId="c373a186-eccb-769b-933e-7360bed5f787" executionId="e76bc3c6-2ec6-4d01-be6b-65592239565a" testListId="8c84fa94-04c1-424b-9868-57a2d4851a1d" />
    <TestEntry testId="366ed949-d9c3-c0b5-c148-cfdbed9eaa7c" executionId="695710a4-6fd7-4ca5-9283-c0f28780dc31" testListId="8c84fa94-04c1-424b-9868-57a2d4851a1d" />
    <TestEntry testId="92ce6b3f-48f5-788c-aeb6-1e017aefe7fa" executionId="9695478c-9747-492c-b866-5bd9f0d278e1" testListId="8c84fa94-04c1-424b-9868-57a2d4851a1d" />
    <TestEntry testId="6df47e2a-70cb-af48-2952-a91ea6956118" executionId="12b60d56-b1f1-45ef-8d59-e00de34f8ea7" testListId="8c84fa94-04c1-424b-9868-57a2d4851a1d" />
    <TestEntry testId="4b2a63a9-593e-50b8-003e-2f2aefd25d81" executionId="22faebcd-293b-4660-b74d-ed6a75e483b2" testListId="8c84fa94-04c1-424b-9868-57a2d4851a1d" />
    <TestEntry testId="34c16d01-dd35-232c-06ea-bb1630ddd3c6" executionId="dd56e52c-3dd6-4e2f-b81e-dd33038164b4" testListId="8c84fa94-04c1-424b-9868-57a2d4851a1d" />
    <TestEntry testId="e2993c16-0967-dfe0-1589-21c71c780288" executionId="967398d4-a0d5-4156-ba7d-10d8de9525cd" testListId="8c84fa94-04c1-424b-9868-57a2d4851a1d" />
  </TestEntries>
  <TestLists>
    <TestList name="Results Not in a List" id="8c84fa94-04c1-424b-9868-57a2d4851a1d" />
    <TestList name="All Loaded Results" id="19431567-8539-422a-85d7-44ee4e166bda" />
  </TestLists>
  <ResultSummary outcome="Completed">
    <Counters total="13" executed="13" passed="13" failed="0" error="0" timeout="0" aborted="0" inconclusive="0" passedButRunAborted="0" notRunnable="0" notExecuted="0" disconnected="0" warning="0" completed="0" inProgress="0" pending="0" />
  </ResultSummary>
</TestRun>