<?xml version="1.0" encoding="utf-8"?>
<TestRun id="f7b5c4f4-5c1f-46e9-b79a-df9f37e33124" name="DKSR-EFI-04$@DKSR-EFI-04 2023-12-22 09:34:05" runUser="NT AUTHORITY\NETWORK SERVICE" xmlns="http://microsoft.com/schemas/VisualStudio/TeamTest/2010">
  <Times creation="2023-12-22T09:34:05.9126630+01:00" queuing="2023-12-22T09:34:05.9126630+01:00" start="2023-12-22T09:33:55.7251145+01:00" finish="2023-12-22T09:34:07.2407953+01:00" />
  <TestSettings name="default" id="eee29897-39a9-49a1-942b-47e14a95a09f">
    <Deployment runDeploymentRoot="DKSR-EFI-04$_DKSR-EFI-04_2023-12-22_09_34_05" />
  </TestSettings>
  <Results>
    <UnitTestResult executionId="ea94e4d2-3943-4227-8e3a-560eec616f75" testId="2ea9f846-b793-8735-fefc-2eca615f80ca" testName="IdSearchFilter_ThrowsArgumentException_WhenResetValueParameterIsNotSelectionFilterValue" computerName="DKSR-EFI-04" duration="00:00:00.0009563" startTime="2023-12-22T09:34:06.4907898+01:00" endTime="2023-12-22T09:34:06.4907898+01:00" testType="13cdc9d9-ddb5-4fa4-a97d-d965ccfc6d4b" outcome="Passed" testListId="8c84fa94-04c1-424b-9868-57a2d4851a1d" relativeResultsDirectory="ea94e4d2-3943-4227-8e3a-560eec616f75" />
    <UnitTestResult executionId="4e0d4a09-d5e0-4032-9e5c-627b9d9c17c2" testId="567257e7-77d4-55bc-587f-9ab8eb276b1f" testName="ServerSearchFilter_ClearsFilterValueParameter_WhenResetValue" computerName="DKSR-EFI-04" duration="00:00:00.0093581" startTime="2023-12-22T09:34:06.5220426+01:00" endTime="2023-12-22T09:34:06.5376681+01:00" testType="13cdc9d9-ddb5-4fa4-a97d-d965ccfc6d4b" outcome="Passed" testListId="8c84fa94-04c1-424b-9868-57a2d4851a1d" relativeResultsDirectory="4e0d4a09-d5e0-4032-9e5c-627b9d9c17c2" />
    <UnitTestResult executionId="bcb6fe9e-b53b-48b7-9e90-a690f66ed9e3" testId="c5fd5dae-a83a-5697-ed36-8fb875098827" testName="AlarmSearchAgentPlugin_HasServerFilterVisibleTrue_WhenThereAreMultipleServers" computerName="DKSR-EFI-04" duration="00:00:00.0028778" startTime="2023-12-22T09:34:06.6001656+01:00" endTime="2023-12-22T09:34:06.6001656+01:00" testType="13cdc9d9-ddb5-4fa4-a97d-d965ccfc6d4b" outcome="Passed" testListId="8c84fa94-04c1-424b-9868-57a2d4851a1d" relativeResultsDirectory="bcb6fe9e-b53b-48b7-9e90-a690f66ed9e3" />
    <UnitTestResult executionId="469a7ee0-ec26-4911-9164-6b701cfb12eb" testId="03d0b22b-5019-8a7f-2c6f-f4f8ea07fe27" testName="AlarmsSearchDefinition_ThrowsArgumentNullException_WhenAlarmProviderIsNull" computerName="DKSR-EFI-04" duration="00:00:00.0125715" startTime="2023-12-22T09:34:05.7407854+01:00" endTime="2023-12-22T09:34:05.7564124+01:00" testType="13cdc9d9-ddb5-4fa4-a97d-d965ccfc6d4b" outcome="Passed" testListId="8c84fa94-04c1-424b-9868-57a2d4851a1d" relativeResultsDirectory="469a7ee0-ec26-4911-9164-6b701cfb12eb" />
    <UnitTestResult executionId="9df1a7de-152f-4e15-a890-c8be43fab4c0" testId="6d690cf8-e750-2ed4-0168-210f37dc5422" testName="SourceSearchFilter_ReturnsTextBoxFilterConfiguration_WhenGetFilterConfiguration" computerName="DKSR-EFI-04" duration="00:00:00.0006186" startTime="2023-12-22T09:34:06.5376681+01:00" endTime="2023-12-22T09:34:06.5376681+01:00" testType="13cdc9d9-ddb5-4fa4-a97d-d965ccfc6d4b" outcome="Passed" testListId="8c84fa94-04c1-424b-9868-57a2d4851a1d" relativeResultsDirectory="9df1a7de-152f-4e15-a890-c8be43fab4c0" />
    <UnitTestResult executionId="57e113e7-7de9-4534-a8c4-a7245a993f42" testId="321f0be5-34d2-550e-dd65-affe7d46dfe7" testName="IDSearchFilter_ClearsFilterValueParameterText_WhenResetValue" computerName="DKSR-EFI-04" duration="00:00:00.0002336" startTime="2023-12-22T09:34:06.6157903+01:00" endTime="2023-12-22T09:34:06.6157903+01:00" testType="13cdc9d9-ddb5-4fa4-a97d-d965ccfc6d4b" outcome="Passed" testListId="8c84fa94-04c1-424b-9868-57a2d4851a1d" relativeResultsDirectory="57e113e7-7de9-4534-a8c4-a7245a993f42" />
    <UnitTestResult executionId="65138041-371b-4451-8976-c7748777604f" testId="edcef4d4-e39f-586e-b08e-1bbc630da956" testName="AlarmSearchAgentPlugin_NotThrowsException_WhenCloseAfterNoInit" computerName="DKSR-EFI-04" duration="00:00:00.0006567" startTime="2023-12-22T09:34:06.5845412+01:00" endTime="2023-12-22T09:34:06.5845412+01:00" testType="13cdc9d9-ddb5-4fa4-a97d-d965ccfc6d4b" outcome="Passed" testListId="8c84fa94-04c1-424b-9868-57a2d4851a1d" relativeResultsDirectory="65138041-371b-4451-8976-c7748777604f" />
    <UnitTestResult executionId="32b4665c-3b92-484d-ade5-aa15698d7d45" testId="360747ea-6cc8-a2c2-a079-d018cde29375" testName="PrioritySearchFilter_ThrowsArgumentException_WhenResetValueParameterIsNotSelectionFilterValue" computerName="DKSR-EFI-04" duration="00:00:00.0003903" startTime="2023-12-22T09:34:06.6470414+01:00" endTime="2023-12-22T09:34:06.6470414+01:00" testType="13cdc9d9-ddb5-4fa4-a97d-d965ccfc6d4b" outcome="Passed" testListId="8c84fa94-04c1-424b-9868-57a2d4851a1d" relativeResultsDirectory="32b4665c-3b92-484d-ade5-aa15698d7d45" />
    <UnitTestResult executionId="cec58be6-4e8c-479b-a7c5-d8c88192f6ef" testId="836c0df6-6555-5657-f8a6-b7df90c0be8c" testName="EventSearchAgentPlugin_ReturnsEventSearchDefinition_WhenCreateTestDefinition" computerName="DKSR-EFI-04" duration="00:00:00.0018172" startTime="2023-12-22T09:34:06.3657898+01:00" endTime="2023-12-22T09:34:06.3657898+01:00" testType="13cdc9d9-ddb5-4fa4-a97d-d965ccfc6d4b" outcome="Passed" testListId="8c84fa94-04c1-424b-9868-57a2d4851a1d" relativeResultsDirectory="cec58be6-4e8c-479b-a7c5-d8c88192f6ef" />
    <UnitTestResult executionId="c6a09f86-602f-4361-bcbe-4bbc0e45d496" testId="fd2efd7b-c50c-5451-8f44-9b01a3c0fb4c" testName="EventSearchAgentPlugin_HasNonNullSearchFilterCategoryIcon_WhenInit" computerName="DKSR-EFI-04" duration="00:00:00.0006470" startTime="2023-12-22T09:34:06.3657898+01:00" endTime="2023-12-22T09:34:06.3657898+01:00" testType="13cdc9d9-ddb5-4fa4-a97d-d965ccfc6d4b" outcome="Passed" testListId="8c84fa94-04c1-424b-9868-57a2d4851a1d" relativeResultsDirectory="c6a09f86-602f-4361-bcbe-4bbc0e45d496" />
    <UnitTestResult executionId="1bd1ffb8-029b-4c42-9a5c-21ce634defc1" testId="60edf5ed-2d85-10f5-c84a-ed1da7fea928" testName="EventFilterFactory_ThrowsInvalidEnumArgumentException_WhenGetFilterConditionForInvalidFilterType" computerName="DKSR-EFI-04" duration="00:00:00.0008436" startTime="2023-12-22T09:34:06.1157905+01:00" endTime="2023-12-22T09:34:06.1157905+01:00" testType="13cdc9d9-ddb5-4fa4-a97d-d965ccfc6d4b" outcome="Passed" testListId="8c84fa94-04c1-424b-9868-57a2d4851a1d" relativeResultsDirectory="1bd1ffb8-029b-4c42-9a5c-21ce634defc1" />
    <UnitTestResult executionId="2161ffbd-192b-42d4-ac94-746c780595df" testId="73bd8105-9c20-58bf-5fa7-c5ac67a7bf1b" testName="SourceSearchFilter_ThrowsArgumentException_WhenResetValueParameterIsNotSelectionFilterValue" computerName="DKSR-EFI-04" duration="00:00:00.0017807" startTime="2023-12-22T09:34:06.5376681+01:00" endTime="2023-12-22T09:34:06.5376681+01:00" testType="13cdc9d9-ddb5-4fa4-a97d-d965ccfc6d4b" outcome="Passed" testListId="8c84fa94-04c1-424b-9868-57a2d4851a1d" relativeResultsDirectory="2161ffbd-192b-42d4-ac94-746c780595df" />
    <UnitTestResult executionId="86af8fda-c830-4a47-8531-729b59798c97" testId="351ef229-86d9-3b38-25fb-d53b2ed0d8e3" testName="EventFilterFactory_ThrowsArgumentNullException_WhenGetFilterConditionForEmptyValue (To)" computerName="DKSR-EFI-04" duration="00:00:00.0004950" startTime="2023-12-22T09:34:06.1314157+01:00" endTime="2023-12-22T09:34:06.1314157+01:00" testType="13cdc9d9-ddb5-4fa4-a97d-d965ccfc6d4b" outcome="Passed" testListId="8c84fa94-04c1-424b-9868-57a2d4851a1d" relativeResultsDirectory="86af8fda-c830-4a47-8531-729b59798c97" />
    <UnitTestResult executionId="f993c194-15d7-4424-bbfa-1599895e7738" testId="490c607d-8980-2611-404f-fadd7a87fa48" testName="AlarmSearchAgentPlugin_HasCorrectId_WhenInit" computerName="DKSR-EFI-04" duration="00:00:00.0008238" startTime="2023-12-22T09:34:06.5689175+01:00" endTime="2023-12-22T09:34:06.5689175+01:00" testType="13cdc9d9-ddb5-4fa4-a97d-d965ccfc6d4b" outcome="Passed" testListId="8c84fa94-04c1-424b-9868-57a2d4851a1d" relativeResultsDirectory="f993c194-15d7-4424-bbfa-1599895e7738" />
    <UnitTestResult executionId="60af03a5-aaed-488f-81a6-179b42dc511b" testId="bb3a2d62-8c16-8854-2590-4f5f74c37673" testName="EventSearchDefinition_FiresSearchEventForSelectedServers_WhenSearchEvents" computerName="DKSR-EFI-04" duration="00:00:00.0303750" startTime="2023-12-22T09:34:06.4439181+01:00" endTime="2023-12-22T09:34:06.4751668+01:00" testType="13cdc9d9-ddb5-4fa4-a97d-d965ccfc6d4b" outcome="Passed" testListId="8c84fa94-04c1-424b-9868-57a2d4851a1d" relativeResultsDirectory="60af03a5-aaed-488f-81a6-179b42dc511b" />
    <UnitTestResult executionId="01fbb051-5af2-4025-9652-2fb1d4d01b1a" testId="0001e470-e273-8380-7355-9c6b3a7feb0b" testName="AlarmSearchAgentPlugin_HasNonNullCategoryName_WhenInit" computerName="DKSR-EFI-04" duration="00:00:00.0006541" startTime="2023-12-22T09:34:06.5845412+01:00" endTime="2023-12-22T09:34:06.5845412+01:00" testType="13cdc9d9-ddb5-4fa4-a97d-d965ccfc6d4b" outcome="Passed" testListId="8c84fa94-04c1-424b-9868-57a2d4851a1d" relativeResultsDirectory="01fbb051-5af2-4025-9652-2fb1d4d01b1a" />
    <UnitTestResult executionId="94610b84-1ce0-4ec0-9e29-aa29e36dccab" testId="033a6bb9-6071-a1b6-f96c-3382da54d52c" testName="AlarmSearchAgentPlugin_HasCorrectAgentName_WhenInit" computerName="DKSR-EFI-04" duration="00:00:00.0207682" startTime="2023-12-22T09:34:06.5532933+01:00" endTime="2023-12-22T09:34:06.5689175+01:00" testType="13cdc9d9-ddb5-4fa4-a97d-d965ccfc6d4b" outcome="Passed" testListId="8c84fa94-04c1-424b-9868-57a2d4851a1d" relativeResultsDirectory="94610b84-1ce0-4ec0-9e29-aa29e36dccab" />
    <UnitTestResult executionId="36921ac6-d505-4b7d-b47a-5cdae4709ee3" testId="5fc907b0-ebdd-7bfc-e4c9-552f0a34ec42" testName="AlarmsSearchDefinition_ThrowsArgumentNullException_WhenSelectedServersProviderIsNull" computerName="DKSR-EFI-04" duration="00:00:00.0030750" startTime="2023-12-22T09:34:05.7564124+01:00" endTime="2023-12-22T09:34:05.7564124+01:00" testType="13cdc9d9-ddb5-4fa4-a97d-d965ccfc6d4b" outcome="Passed" testListId="8c84fa94-04c1-424b-9868-57a2d4851a1d" relativeResultsDirectory="36921ac6-d505-4b7d-b47a-5cdae4709ee3" />
    <UnitTestResult executionId="47cdde22-1c98-4be6-9a5f-47d61f506da8" testId="04fe1d12-6020-1b04-8f8b-ccccd2db27bf" testName="PrioritySearchFilter_ReturnsInitialPriorityGuids_WhenGetFilterConfigurationWithAlarmPrioritiesPassedByParameter" computerName="DKSR-EFI-04" duration="00:00:00.0010524" startTime="2023-12-22T09:34:06.6470414+01:00" endTime="2023-12-22T09:34:06.6470414+01:00" testType="13cdc9d9-ddb5-4fa4-a97d-d965ccfc6d4b" outcome="Passed" testListId="8c84fa94-04c1-424b-9868-57a2d4851a1d" relativeResultsDirectory="47cdde22-1c98-4be6-9a5f-47d61f506da8" />
    <UnitTestResult executionId="ee23bf2f-3e45-4819-a7d7-f700488cf5a3" testId="4656f880-e4c3-5c27-0dab-3161c48b5212" testName="AlarmsSearchDefinition_ThrowsArgumentNullException_WhenSearchResultDataCreatorIsNull" computerName="DKSR-EFI-04" duration="00:00:00.0026397" startTime="2023-12-22T09:34:05.7720359+01:00" endTime="2023-12-22T09:34:05.7720359+01:00" testType="13cdc9d9-ddb5-4fa4-a97d-d965ccfc6d4b" outcome="Passed" testListId="8c84fa94-04c1-424b-9868-57a2d4851a1d" relativeResultsDirectory="ee23bf2f-3e45-4819-a7d7-f700488cf5a3" />
    <UnitTestResult executionId="01acecc7-ef6b-4f7a-be4a-a368e2287c84" testId="c2d66555-fc03-51a5-73ce-d9a9df8bff06" testName="EventFilterFactory_ThrowsArgumentNullException_WhenGetFilterConditionForEmptyValue (Camera)" computerName="DKSR-EFI-04" duration="00:00:00.0004784" startTime="2023-12-22T09:34:06.1157905+01:00" endTime="2023-12-22T09:34:06.1157905+01:00" testType="13cdc9d9-ddb5-4fa4-a97d-d965ccfc6d4b" outcome="Passed" testListId="8c84fa94-04c1-424b-9868-57a2d4851a1d" relativeResultsDirectory="01acecc7-ef6b-4f7a-be4a-a368e2287c84" />
    <UnitTestResult executionId="1b87824d-40c1-411f-b536-cc23bed587ff" testId="49de5733-024e-0e5f-0cd4-1cfbb7c2788d" testName="EventFilterFactory_ReturnsCorrectConditionForFilterType_WhenGetFilterCondition (Id,LocalId)" computerName="DKSR-EFI-04" duration="00:00:00.0048218" startTime="2023-12-22T09:34:05.8970364+01:00" endTime="2023-12-22T09:34:06.1001652+01:00" testType="13cdc9d9-ddb5-4fa4-a97d-d965ccfc6d4b" outcome="Passed" testListId="8c84fa94-04c1-424b-9868-57a2d4851a1d" relativeResultsDirectory="1b87824d-40c1-411f-b536-cc23bed587ff" />
    <UnitTestResult executionId="52dbb321-f05d-4c46-8489-8d364ddafbda" testId="562b1012-fe2e-157b-4467-15a9d7a49324" testName="AlarmSearchAgentPlugin_HasNonNullSearchFilterCategoryIcon_WhenInit" computerName="DKSR-EFI-04" duration="00:00:00.0004635" startTime="2023-12-22T09:34:06.5845412+01:00" endTime="2023-12-22T09:34:06.5845412+01:00" testType="13cdc9d9-ddb5-4fa4-a97d-d965ccfc6d4b" outcome="Passed" testListId="8c84fa94-04c1-424b-9868-57a2d4851a1d" relativeResultsDirectory="52dbb321-f05d-4c46-8489-8d364ddafbda" />
    <UnitTestResult executionId="8e0cb2ca-8e0f-4b1a-a237-ca3ee6163c5a" testId="62f2202e-d6a7-729f-de92-acd6ced670f3" testName="AlarmsSearchDefinition_ThrowsTaskCanceledException_WhenBeforeFetchingData" computerName="DKSR-EFI-04" duration="00:00:00.0111357" startTime="2023-12-22T09:34:05.8189123+01:00" endTime="2023-12-22T09:34:05.8345374+01:00" testType="13cdc9d9-ddb5-4fa4-a97d-d965ccfc6d4b" outcome="Passed" testListId="8c84fa94-04c1-424b-9868-57a2d4851a1d" relativeResultsDirectory="8e0cb2ca-8e0f-4b1a-a237-ca3ee6163c5a" />
    <UnitTestResult executionId="147adfec-2fcf-498b-8298-c7cd4da62f37" testId="13f0b83b-5eb7-de51-650d-6a61cc67d167" testName="EventFilterFactory_ThrowsArgumentNullException_WhenGetFilterConditionForEmptyValue (Id)" computerName="DKSR-EFI-04" duration="00:00:00.0006536" startTime="2023-12-22T09:34:06.1157905+01:00" endTime="2023-12-22T09:34:06.1157905+01:00" testType="13cdc9d9-ddb5-4fa4-a97d-d965ccfc6d4b" outcome="Passed" testListId="8c84fa94-04c1-424b-9868-57a2d4851a1d" relativeResultsDirectory="147adfec-2fcf-498b-8298-c7cd4da62f37" />
    <UnitTestResult executionId="654d72ec-6a02-4886-a63f-00ad15cdb2e2" testId="4528dc8d-0996-9892-8508-6f7d2715c1af" testName="AlarmSearchAgentPlugin_HasNonNullSearchFilterCategory_WhenInit" computerName="DKSR-EFI-04" duration="00:00:00.0005775" startTime="2023-12-22T09:34:06.5845412+01:00" endTime="2023-12-22T09:34:06.5845412+01:00" testType="13cdc9d9-ddb5-4fa4-a97d-d965ccfc6d4b" outcome="Passed" testListId="8c84fa94-04c1-424b-9868-57a2d4851a1d" relativeResultsDirectory="654d72ec-6a02-4886-a63f-00ad15cdb2e2" />
    <UnitTestResult executionId="0928f79f-144d-4c2c-9199-433bc44d9237" testId="5a02515e-5e1f-5419-3165-c75a20ec5489" testName="ServerSearchFilter_ReturnsInitialEventServerGuids_WhenGetFilterConfiguration" computerName="DKSR-EFI-04" duration="00:00:00.0074950" startTime="2023-12-22T09:34:06.5067948+01:00" endTime="2023-12-22T09:34:06.5220426+01:00" testType="13cdc9d9-ddb5-4fa4-a97d-d965ccfc6d4b" outcome="Passed" testListId="8c84fa94-04c1-424b-9868-57a2d4851a1d" relativeResultsDirectory="0928f79f-144d-4c2c-9199-433bc44d9237" />
    <UnitTestResult executionId="2bb66484-8574-4794-aab0-49d87d27a1f1" testId="ebc7785a-c649-e9d7-104d-8f82cf08d47b" testName="ServerSearchFilter_ReturnsListSelectionFilterConfiguration_WhenGetFilterConfiguration" computerName="DKSR-EFI-04" duration="00:00:00.0009157" startTime="2023-12-22T09:34:06.6626689+01:00" endTime="2023-12-22T09:34:06.6626689+01:00" testType="13cdc9d9-ddb5-4fa4-a97d-d965ccfc6d4b" outcome="Passed" testListId="8c84fa94-04c1-424b-9868-57a2d4851a1d" relativeResultsDirectory="2bb66484-8574-4794-aab0-49d87d27a1f1" />
    <UnitTestResult executionId="b1d19c4d-67c8-463a-9ef6-7e840820ff09" testId="62a359c2-8f3e-697d-be79-7cf0858e1e9f" testName="EventSearchAgentPlugin_HasIsServerFilterVisibleEqualToFalse_WhenThereIsOneServer" computerName="DKSR-EFI-04" duration="00:00:00.0003943" startTime="2023-12-22T09:34:06.3814157+01:00" endTime="2023-12-22T09:34:06.3814157+01:00" testType="13cdc9d9-ddb5-4fa4-a97d-d965ccfc6d4b" outcome="Passed" testListId="8c84fa94-04c1-424b-9868-57a2d4851a1d" relativeResultsDirectory="b1d19c4d-67c8-463a-9ef6-7e840820ff09" />
    <UnitTestResult executionId="9944d147-2ca8-4620-868e-b62182c29811" testId="761dd52c-2958-eb2d-847d-854fcee3205e" testName="EventFilterFactory_ReturnsCorrectConditionForFilterType_WhenGetFilterCondition (To,Timestamp)" computerName="DKSR-EFI-04" duration="00:00:00.0002265" startTime="2023-12-22T09:34:06.1001652+01:00" endTime="2023-12-22T09:34:06.1001652+01:00" testType="13cdc9d9-ddb5-4fa4-a97d-d965ccfc6d4b" outcome="Passed" testListId="8c84fa94-04c1-424b-9868-57a2d4851a1d" relativeResultsDirectory="9944d147-2ca8-4620-868e-b62182c29811" />
    <UnitTestResult executionId="2e011e2d-a9cf-452c-b5a6-adb3d8d31b94" testId="456fcdf4-b6c6-53cd-462b-d220bfaad7ca" testName="StateSearchFilter_ThrowsArgumentException_WhenResetValueShouldParameterIsNotSelectionFilterValue" computerName="DKSR-EFI-04" duration="00:00:00.0003580" startTime="2023-12-22T09:34:06.6939166+01:00" endTime="2023-12-22T09:34:06.6939166+01:00" testType="13cdc9d9-ddb5-4fa4-a97d-d965ccfc6d4b" outcome="Passed" testListId="8c84fa94-04c1-424b-9868-57a2d4851a1d" relativeResultsDirectory="2e011e2d-a9cf-452c-b5a6-adb3d8d31b94" />
    <UnitTestResult executionId="a694a5a1-9f3e-4282-aef8-5a5caa8fac0f" testId="6e81c649-1d7f-3f91-824e-8c40ae5dc8d8" testName="SourceSearchFilter_ReturnsTextBoxFilterConfiguration_WhenGetFilterConfiguration" computerName="DKSR-EFI-04" duration="00:00:00.0003411" startTime="2023-12-22T09:34:06.6782903+01:00" endTime="2023-12-22T09:34:06.6782903+01:00" testType="13cdc9d9-ddb5-4fa4-a97d-d965ccfc6d4b" outcome="Passed" testListId="8c84fa94-04c1-424b-9868-57a2d4851a1d" relativeResultsDirectory="a694a5a1-9f3e-4282-aef8-5a5caa8fac0f" />
    <UnitTestResult executionId="065892f9-5910-4137-b9c6-59386fcc3aa3" testId="88388198-618e-aadb-e30b-ce73812e495f" testName="EventSearchAgentPlugin_HasCorrectName_WhenInit" computerName="DKSR-EFI-04" duration="00:00:00.1069662" startTime="2023-12-22T09:34:06.1314157+01:00" endTime="2023-12-22T09:34:06.2407894+01:00" testType="13cdc9d9-ddb5-4fa4-a97d-d965ccfc6d4b" outcome="Passed" testListId="8c84fa94-04c1-424b-9868-57a2d4851a1d" relativeResultsDirectory="065892f9-5910-4137-b9c6-59386fcc3aa3" />
    <UnitTestResult executionId="bbf451a6-84fb-4db3-a88e-bfaa976e39ac" testId="751eb375-bf04-8992-bb80-e8f959b05cb3" testName="EventFilterFactory_ThrowsArgumentNullException_WhenGetFilterConditionForEmptyValue (Source)" computerName="DKSR-EFI-04" duration="00:00:00.0004599" startTime="2023-12-22T09:34:06.1314157+01:00" endTime="2023-12-22T09:34:06.1314157+01:00" testType="13cdc9d9-ddb5-4fa4-a97d-d965ccfc6d4b" outcome="Passed" testListId="8c84fa94-04c1-424b-9868-57a2d4851a1d" relativeResultsDirectory="bbf451a6-84fb-4db3-a88e-bfaa976e39ac" />
    <UnitTestResult executionId="1c2db0cb-239d-4c0a-b4bf-c6b33dba4615" testId="0aa8e330-23a8-a9d4-9b16-07a4212c6ae9" testName="SourceSearchFilter_ClearsFilterValueParameter_WhenResetValue" computerName="DKSR-EFI-04" duration="00:00:00.0002135" startTime="2023-12-22T09:34:06.6782903+01:00" endTime="2023-12-22T09:34:06.6782903+01:00" testType="13cdc9d9-ddb5-4fa4-a97d-d965ccfc6d4b" outcome="Passed" testListId="8c84fa94-04c1-424b-9868-57a2d4851a1d" relativeResultsDirectory="1c2db0cb-239d-4c0a-b4bf-c6b33dba4615" />
    <UnitTestResult executionId="4d86f112-b6e8-4ce5-b66e-6f1922f444a9" testId="c2d0219e-f849-a413-dbd3-63a6181f7209" testName="AlarmsSearchDefinition_ThrowsException_WhenSearchResultDataCreatorThrowsException" computerName="DKSR-EFI-04" duration="00:00:00.0099773" startTime="2023-12-22T09:34:05.8657873+01:00" endTime="2023-12-22T09:34:05.8657873+01:00" testType="13cdc9d9-ddb5-4fa4-a97d-d965ccfc6d4b" outcome="Passed" testListId="8c84fa94-04c1-424b-9868-57a2d4851a1d" relativeResultsDirectory="4d86f112-b6e8-4ce5-b66e-6f1922f444a9" />
    <UnitTestResult executionId="7399b0e5-a6fb-45c0-9273-b5084d27a28a" testId="e8b9ebe3-9da3-af8e-9b66-63503cd9e7fe" testName="AlarmsSearchDefinition_DoesNotThrowFilterError_WhenSearchAlarmsIsCalled" computerName="DKSR-EFI-04" duration="00:00:00.0033834" startTime="2023-12-22T09:34:05.8189123+01:00" endTime="2023-12-22T09:34:05.8189123+01:00" testType="13cdc9d9-ddb5-4fa4-a97d-d965ccfc6d4b" outcome="Passed" testListId="8c84fa94-04c1-424b-9868-57a2d4851a1d" relativeResultsDirectory="7399b0e5-a6fb-45c0-9273-b5084d27a28a" />
    <UnitTestResult executionId="c48dc44d-dc3f-4afe-aac2-b278a8de38a0" testId="8654c5c4-4916-f965-8bb6-110243f55a27" testName="ServerSearchFilter_ReturnsListSelectionFilterConfiguration_WhenGetFilterConfiguration" computerName="DKSR-EFI-04" duration="00:00:00.0102029" startTime="2023-12-22T09:34:06.5067948+01:00" endTime="2023-12-22T09:34:06.5067948+01:00" testType="13cdc9d9-ddb5-4fa4-a97d-d965ccfc6d4b" outcome="Passed" testListId="8c84fa94-04c1-424b-9868-57a2d4851a1d" relativeResultsDirectory="c48dc44d-dc3f-4afe-aac2-b278a8de38a0" />
    <UnitTestResult executionId="e8bebe51-6da4-496c-be6a-df2ff4fb58df" testId="27c53fd3-2c9d-1575-6960-3ca3808ca9f9" testName="EventFilterFactory_ReturnsCorrectConditionForFilterType_WhenGetFilterCondition (Source,SourceName)" computerName="DKSR-EFI-04" duration="00:00:00.0001785" startTime="2023-12-22T09:34:06.1001652+01:00" endTime="2023-12-22T09:34:06.1001652+01:00" testType="13cdc9d9-ddb5-4fa4-a97d-d965ccfc6d4b" outcome="Passed" testListId="8c84fa94-04c1-424b-9868-57a2d4851a1d" relativeResultsDirectory="e8bebe51-6da4-496c-be6a-df2ff4fb58df" />
    <UnitTestResult executionId="91b3023a-0b56-422e-8854-28cd1f88796d" testId="66f7b497-0978-0ea2-1d3c-7ee3ddea1eff" testName="EventSearchAgentPlugin_HasNonNullSearchFilterCategory_WhenInit" computerName="DKSR-EFI-04" duration="00:00:00.0004949" startTime="2023-12-22T09:34:06.3657898+01:00" endTime="2023-12-22T09:34:06.3657898+01:00" testType="13cdc9d9-ddb5-4fa4-a97d-d965ccfc6d4b" outcome="Passed" testListId="8c84fa94-04c1-424b-9868-57a2d4851a1d" relativeResultsDirectory="91b3023a-0b56-422e-8854-28cd1f88796d" />
    <UnitTestResult executionId="78319c5a-caea-4511-82cc-c6d9c2126aeb" testId="4b19f34e-bd7b-681b-b644-a9e0cd33d28e" testName="EventFilterFactory_ReturnsCorrectConditionForFilterType_WhenGetFilterCondition (Camera,ObjectId)" computerName="DKSR-EFI-04" duration="00:00:00.0001968" startTime="2023-12-22T09:34:06.1001652+01:00" endTime="2023-12-22T09:34:06.1001652+01:00" testType="13cdc9d9-ddb5-4fa4-a97d-d965ccfc6d4b" outcome="Passed" testListId="8c84fa94-04c1-424b-9868-57a2d4851a1d" relativeResultsDirectory="78319c5a-caea-4511-82cc-c6d9c2126aeb" />
    <UnitTestResult executionId="927b7726-9c21-4e92-b4d3-8846b1803c81" testId="3bf26497-977c-c696-92fb-b0c844a87da9" testName="OwnerSearchFilter_ReturnsTextBoxFilterConfiguration_WhenGetFilterConfiguration" computerName="DKSR-EFI-04" duration="00:00:00.0002786" startTime="2023-12-22T09:34:06.6314153+01:00" endTime="2023-12-22T09:34:06.6314153+01:00" testType="13cdc9d9-ddb5-4fa4-a97d-d965ccfc6d4b" outcome="Passed" testListId="8c84fa94-04c1-424b-9868-57a2d4851a1d" relativeResultsDirectory="927b7726-9c21-4e92-b4d3-8846b1803c81" />
    <UnitTestResult executionId="739ed5c2-eb97-4e7e-bfb4-cc0950fe47d4" testId="84e0f2e6-a01e-3d83-2111-8edda418f7a0" testName="MessageSearchFilter_ThrowsArgumentException_WhenResetValueWithNotASelectionFilterValue" computerName="DKSR-EFI-04" duration="00:00:00.0003580" startTime="2023-12-22T09:34:06.6314153+01:00" endTime="2023-12-22T09:34:06.6314153+01:00" testType="13cdc9d9-ddb5-4fa4-a97d-d965ccfc6d4b" outcome="Passed" testListId="8c84fa94-04c1-424b-9868-57a2d4851a1d" relativeResultsDirectory="739ed5c2-eb97-4e7e-bfb4-cc0950fe47d4" />
    <UnitTestResult executionId="55ad5912-0a4f-4d21-bca7-9cee6b2d0065" testId="f549b9fe-2f2f-5041-ba25-d7735ee209a5" testName="EventSearchDefinition_ThrowsArgumentNullException_WhenNullSearchScopeInConstructor" computerName="DKSR-EFI-04" duration="00:00:00.0100887" startTime="2023-12-22T09:34:06.4282921+01:00" endTime="2023-12-22T09:34:06.4282921+01:00" testType="13cdc9d9-ddb5-4fa4-a97d-d965ccfc6d4b" outcome="Passed" testListId="8c84fa94-04c1-424b-9868-57a2d4851a1d" relativeResultsDirectory="55ad5912-0a4f-4d21-bca7-9cee6b2d0065" />
    <UnitTestResult executionId="f0461a96-3a4f-4f62-be9f-f681def23937" testId="54d38c8e-b60c-f43f-e134-f56274dcd3fc" testName="PrioritySearchFilter_ReturnsListSelectionFilterConfiguration_WhenGetFilterConfiguration" computerName="DKSR-EFI-04" duration="00:00:00.0011651" startTime="2023-12-22T09:34:06.6470414+01:00" endTime="2023-12-22T09:34:06.6470414+01:00" testType="13cdc9d9-ddb5-4fa4-a97d-d965ccfc6d4b" outcome="Passed" testListId="8c84fa94-04c1-424b-9868-57a2d4851a1d" relativeResultsDirectory="f0461a96-3a4f-4f62-be9f-f681def23937" />
    <UnitTestResult executionId="47d966c4-d730-4553-99b8-275f9aac66b1" testId="9e9d3e20-8bbe-7266-c841-e5dcc466ad9f" testName="EventSearchAgentPlugin_HasNonNullSearchFilterCategoryName_WhenInit" computerName="DKSR-EFI-04" duration="00:00:00.0004516" startTime="2023-12-22T09:34:06.3657898+01:00" endTime="2023-12-22T09:34:06.3657898+01:00" testType="13cdc9d9-ddb5-4fa4-a97d-d965ccfc6d4b" outcome="Passed" testListId="8c84fa94-04c1-424b-9868-57a2d4851a1d" relativeResultsDirectory="47d966c4-d730-4553-99b8-275f9aac66b1" />
    <UnitTestResult executionId="314936f5-747a-4818-91f8-04d532c705cf" testId="44719390-b083-0f55-45b0-79dd87bd3e09" testName="AlarmsSearchDefinition_ThrowsException_WhenSelectedServersProviderThrowsException" computerName="DKSR-EFI-04" duration="00:00:00.0038906" startTime="2023-12-22T09:34:05.8970364+01:00" endTime="2023-12-22T09:34:05.8970364+01:00" testType="13cdc9d9-ddb5-4fa4-a97d-d965ccfc6d4b" outcome="Passed" testListId="8c84fa94-04c1-424b-9868-57a2d4851a1d" relativeResultsDirectory="314936f5-747a-4818-91f8-04d532c705cf" />
    <UnitTestResult executionId="0aa071bc-9e76-4d85-9f11-c47acbfc3519" testId="faf6fe88-e2ab-13fe-5bdb-0dc45bfd095a" testName="SourceSearchFilter_ThrowsArgumentException_WhenResetValueParameterIsNotSelectionFilterValue" computerName="DKSR-EFI-04" duration="00:00:00.0003987" startTime="2023-12-22T09:34:06.6782903+01:00" endTime="2023-12-22T09:34:06.6782903+01:00" testType="13cdc9d9-ddb5-4fa4-a97d-d965ccfc6d4b" outcome="Passed" testListId="8c84fa94-04c1-424b-9868-57a2d4851a1d" relativeResultsDirectory="0aa071bc-9e76-4d85-9f11-c47acbfc3519" />
    <UnitTestResult executionId="05689967-dc72-437e-9e27-4292b2ba5e62" testId="17f42eb2-e86d-9df8-8d70-815d7401b864" testName="SourceSearchFilter_ClearsFilterValueParameter_WhenResetValue" computerName="DKSR-EFI-04" duration="00:00:00.0002631" startTime="2023-12-22T09:34:06.5532933+01:00" endTime="2023-12-22T09:34:06.5532933+01:00" testType="13cdc9d9-ddb5-4fa4-a97d-d965ccfc6d4b" outcome="Passed" testListId="8c84fa94-04c1-424b-9868-57a2d4851a1d" relativeResultsDirectory="05689967-dc72-437e-9e27-4292b2ba5e62" />
    <UnitTestResult executionId="c9b940df-85b6-4491-a76b-90251e333ab2" testId="00f89f07-adec-c656-0e84-13762b2810de" testName="EventSearchAgentPlugin_HasCorrectId_WhenInit" computerName="DKSR-EFI-04" duration="00:00:00.0044375" startTime="2023-12-22T09:34:06.3501675+01:00" endTime="2023-12-22T09:34:06.3501675+01:00" testType="13cdc9d9-ddb5-4fa4-a97d-d965ccfc6d4b" outcome="Passed" testListId="8c84fa94-04c1-424b-9868-57a2d4851a1d" relativeResultsDirectory="c9b940df-85b6-4491-a76b-90251e333ab2" />
    <UnitTestResult executionId="89a02f77-b995-43ab-b3e8-673efac93cf6" testId="2598e6bb-99ed-a7ae-de2f-723d7fed1a1a" testName="EventSearchDefinition_ThrowsArgumentNulLException_WhenDependencyMissingInConstructor" computerName="DKSR-EFI-04" duration="00:00:00.0015041" startTime="2023-12-22T09:34:06.4282921+01:00" endTime="2023-12-22T09:34:06.4439181+01:00" testType="13cdc9d9-ddb5-4fa4-a97d-d965ccfc6d4b" outcome="Passed" testListId="8c84fa94-04c1-424b-9868-57a2d4851a1d" relativeResultsDirectory="89a02f77-b995-43ab-b3e8-673efac93cf6" />
    <UnitTestResult executionId="b94b85ec-1f48-456d-87bc-e607a5073aac" testId="87ad36f6-a362-a112-57de-48572c4fa611" testName="EventSearchAgentPlugin_NotThrowsException_WhenCloseButInitNotCalled" computerName="DKSR-EFI-04" duration="00:00:00.0003304" startTime="2023-12-22T09:34:06.3657898+01:00" endTime="2023-12-22T09:34:06.3814157+01:00" testType="13cdc9d9-ddb5-4fa4-a97d-d965ccfc6d4b" outcome="Passed" testListId="8c84fa94-04c1-424b-9868-57a2d4851a1d" relativeResultsDirectory="b94b85ec-1f48-456d-87bc-e607a5073aac" />
    <UnitTestResult executionId="1009d0f8-899a-40ad-866b-5d452bd45551" testId="95e4dab9-5693-797d-aca3-c94b07049b60" testName="AlarmSearchAgentPlugin_ReturnsAlarmSearchDefinition_WhenCreateSearchDefinition" computerName="DKSR-EFI-04" duration="00:00:00.0012554" startTime="2023-12-22T09:34:06.5845412+01:00" endTime="2023-12-22T09:34:06.5845412+01:00" testType="13cdc9d9-ddb5-4fa4-a97d-d965ccfc6d4b" outcome="Passed" testListId="8c84fa94-04c1-424b-9868-57a2d4851a1d" relativeResultsDirectory="1009d0f8-899a-40ad-866b-5d452bd45551" />
    <UnitTestResult executionId="ee76b28e-375c-4bbd-95f7-75a223570fe5" testId="35065cdc-0b69-4d14-2ef4-5e614ff2a1c6" testName="IDSearchFilter_ThrowsArgumentException_WhenResetValueWithNotASelectionFilterValue" computerName="DKSR-EFI-04" duration="00:00:00.0004167" startTime="2023-12-22T09:34:06.6157903+01:00" endTime="2023-12-22T09:34:06.6157903+01:00" testType="13cdc9d9-ddb5-4fa4-a97d-d965ccfc6d4b" outcome="Passed" testListId="8c84fa94-04c1-424b-9868-57a2d4851a1d" relativeResultsDirectory="ee76b28e-375c-4bbd-95f7-75a223570fe5" />
    <UnitTestResult executionId="67ed959b-f6d2-4a50-8841-3cd9d53fe02f" testId="9ce1ec3b-57fb-537d-f44d-4e7a27080e94" testName="EventFilterFactory_ReturnsCorrectConditionForFilterType_WhenGetFilterCondition (From,Timestamp)" computerName="DKSR-EFI-04" duration="00:00:00.0001927" startTime="2023-12-22T09:34:06.1001652+01:00" endTime="2023-12-22T09:34:06.1001652+01:00" testType="13cdc9d9-ddb5-4fa4-a97d-d965ccfc6d4b" outcome="Passed" testListId="8c84fa94-04c1-424b-9868-57a2d4851a1d" relativeResultsDirectory="67ed959b-f6d2-4a50-8841-3cd9d53fe02f" />
    <UnitTestResult executionId="7482566e-71c1-464b-97ec-2f50c581d4a7" testId="87fcbe60-f8ea-d2bb-1b6d-5c0397f1a457" testName="IdSearchFilter_ClearsFilterValueParameter_WhenResetValue" computerName="DKSR-EFI-04" duration="00:00:00.0007927" startTime="2023-12-22T09:34:06.4907898+01:00" endTime="2023-12-22T09:34:06.4907898+01:00" testType="13cdc9d9-ddb5-4fa4-a97d-d965ccfc6d4b" outcome="Passed" testListId="8c84fa94-04c1-424b-9868-57a2d4851a1d" relativeResultsDirectory="7482566e-71c1-464b-97ec-2f50c581d4a7" />
    <UnitTestResult executionId="a22691b7-18a1-4180-a353-3e68095c796d" testId="7335e8fb-f797-a7c9-f655-9adf5945b80c" testName="EventFilterFactory_ThrowsArgumentNullException_WhenGetFilterConditionForEmptyValue (From)" computerName="DKSR-EFI-04" duration="00:00:00.0005558" startTime="2023-12-22T09:34:06.1314157+01:00" endTime="2023-12-22T09:34:06.1314157+01:00" testType="13cdc9d9-ddb5-4fa4-a97d-d965ccfc6d4b" outcome="Passed" testListId="8c84fa94-04c1-424b-9868-57a2d4851a1d" relativeResultsDirectory="a22691b7-18a1-4180-a353-3e68095c796d" />
    <UnitTestResult executionId="d3fe3afa-96b7-40cd-8a76-9b4f3e92fba7" testId="104046bf-e775-df59-7f88-98caf9f820bf" testName="PrioritySearchFilter_ClearsFilterValueParameter_WhenResetValue" computerName="DKSR-EFI-04" duration="00:00:00.0003682" startTime="2023-12-22T09:34:06.6626689+01:00" endTime="2023-12-22T09:34:06.6626689+01:00" testType="13cdc9d9-ddb5-4fa4-a97d-d965ccfc6d4b" outcome="Passed" testListId="8c84fa94-04c1-424b-9868-57a2d4851a1d" relativeResultsDirectory="d3fe3afa-96b7-40cd-8a76-9b4f3e92fba7" />
    <UnitTestResult executionId="3c975aa3-f3e1-42fe-9395-b49a9439b358" testId="c060355d-f211-9e27-6ed3-e8053492b3b7" testName="IDSearchFilter_ReturnsFilterConfigurationEqualToTextBoxFilterConfiguration_WhenGetFilterConfiguration" computerName="DKSR-EFI-04" duration="00:00:00.0003205" startTime="2023-12-22T09:34:06.6157903+01:00" endTime="2023-12-22T09:34:06.6157903+01:00" testType="13cdc9d9-ddb5-4fa4-a97d-d965ccfc6d4b" outcome="Passed" testListId="8c84fa94-04c1-424b-9868-57a2d4851a1d" relativeResultsDirectory="3c975aa3-f3e1-42fe-9395-b49a9439b358" />
    <UnitTestResult executionId="113fd362-8697-4075-86fd-2fdc391307df" testId="f010b549-ed99-4025-6a1e-54dad7d9ffd4" testName="AlarmsSearchDefinition_ThrowsArgumentNullException_WhenSearchScopeIsNull" computerName="DKSR-EFI-04" duration="00:00:00.6062789" startTime="2023-12-22T09:34:04.4751576+01:00" endTime="2023-12-22T09:34:05.6782859+01:00" testType="13cdc9d9-ddb5-4fa4-a97d-d965ccfc6d4b" outcome="Passed" testListId="8c84fa94-04c1-424b-9868-57a2d4851a1d" relativeResultsDirectory="113fd362-8697-4075-86fd-2fdc391307df" />
    <UnitTestResult executionId="10cacedc-3b53-48a2-a00f-81b13534dfe2" testId="b9102926-3c73-47c6-9767-2bfb393e1682" testName="EventSearchAgentPlugin_HasIsServerFilterVisibleEqualToTrue_WhenThereAreMoreThanOneServer" computerName="DKSR-EFI-04" duration="00:00:00.0005705" startTime="2023-12-22T09:34:06.3814157+01:00" endTime="2023-12-22T09:34:06.3814157+01:00" testType="13cdc9d9-ddb5-4fa4-a97d-d965ccfc6d4b" outcome="Passed" testListId="8c84fa94-04c1-424b-9868-57a2d4851a1d" relativeResultsDirectory="10cacedc-3b53-48a2-a00f-81b13534dfe2" />
    <UnitTestResult executionId="10a8ba19-1890-49c4-a4ea-3321cfea786c" testId="9c1393ec-ca28-1a9a-1b84-0aa1e112e2ee" testName="StateSearchFilter_ReturnsListSelectionFilterConfiguration_WhenGetFilterConfiguration" computerName="DKSR-EFI-04" duration="00:00:00.0011360" startTime="2023-12-22T09:34:06.6782903+01:00" endTime="2023-12-22T09:34:06.6782903+01:00" testType="13cdc9d9-ddb5-4fa4-a97d-d965ccfc6d4b" outcome="Passed" testListId="8c84fa94-04c1-424b-9868-57a2d4851a1d" relativeResultsDirectory="10a8ba19-1890-49c4-a4ea-3321cfea786c" />
    <UnitTestResult executionId="78a6be77-63e2-47f7-acbe-1e9176e3e226" testId="bdeb26c1-ee7f-a180-0f04-59d75bc2812a" testName="EventSearchAgentPlugin_HasSameServersThanInServersSearchFilter_WhenInit" computerName="DKSR-EFI-04" duration="00:00:00.0375840" startTime="2023-12-22T09:34:06.3814157+01:00" endTime="2023-12-22T09:34:06.4126675+01:00" testType="13cdc9d9-ddb5-4fa4-a97d-d965ccfc6d4b" outcome="Passed" testListId="8c84fa94-04c1-424b-9868-57a2d4851a1d" relativeResultsDirectory="78a6be77-63e2-47f7-acbe-1e9176e3e226" />
    <UnitTestResult executionId="f4d0796b-b9ef-4878-ab44-d2b06d48e5ab" testId="65621a70-faa0-fe36-3e29-e0e99631584d" testName="ServerSearchFilter_ReturnsInitialAlarmServersGuids_WhenGetFilterConfigurationWithAlarmServersPassedByParameter" computerName="DKSR-EFI-04" duration="00:00:00.0008821" startTime="2023-12-22T09:34:06.6626689+01:00" endTime="2023-12-22T09:34:06.6626689+01:00" testType="13cdc9d9-ddb5-4fa4-a97d-d965ccfc6d4b" outcome="Passed" testListId="8c84fa94-04c1-424b-9868-57a2d4851a1d" relativeResultsDirectory="f4d0796b-b9ef-4878-ab44-d2b06d48e5ab" />
    <UnitTestResult executionId="42367fcc-09e5-45fd-962b-4983e951b91d" testId="7c296494-85c0-d8ff-2e98-18a58d40cec3" testName="MessageSearchFilter_HasListSelectionFilterConfigurationWithInitialAlarmMessages_WhenGetFilterConfiguration" computerName="DKSR-EFI-04" duration="00:00:00.0008301" startTime="2023-12-22T09:34:06.6314153+01:00" endTime="2023-12-22T09:34:06.6314153+01:00" testType="13cdc9d9-ddb5-4fa4-a97d-d965ccfc6d4b" outcome="Passed" testListId="8c84fa94-04c1-424b-9868-57a2d4851a1d" relativeResultsDirectory="42367fcc-09e5-45fd-962b-4983e951b91d" />
    <UnitTestResult executionId="b8ea766f-b07e-4072-856c-731789360bbf" testId="64e8e84b-69b3-7acc-a956-7555360018e4" testName="EventSearchDefinition_NotFiresSearchResultsReady_WhenCancelsBeforeSearchEvents" computerName="DKSR-EFI-04" duration="00:00:00.0020653" startTime="2023-12-22T09:34:06.4751668+01:00" endTime="2023-12-22T09:34:06.4751668+01:00" testType="13cdc9d9-ddb5-4fa4-a97d-d965ccfc6d4b" outcome="Passed" testListId="8c84fa94-04c1-424b-9868-57a2d4851a1d" relativeResultsDirectory="b8ea766f-b07e-4072-856c-731789360bbf" />
    <UnitTestResult executionId="4dc4392f-cda5-46ad-bec0-9b89ab23c74f" testId="486c4b9f-292f-52f1-eec9-078393b403e5" testName="MessageSearchFilter_ClearsFilterValueParameter_WhenResetValue" computerName="DKSR-EFI-04" duration="00:00:00.0004374" startTime="2023-12-22T09:34:06.6314153+01:00" endTime="2023-12-22T09:34:06.6314153+01:00" testType="13cdc9d9-ddb5-4fa4-a97d-d965ccfc6d4b" outcome="Passed" testListId="8c84fa94-04c1-424b-9868-57a2d4851a1d" relativeResultsDirectory="4dc4392f-cda5-46ad-bec0-9b89ab23c74f" />
    <UnitTestResult executionId="3d03a3c4-7be6-4e0d-ab39-39282802f685" testId="469cffc7-c257-4390-0298-0673d1e2c22b" testName="StateSearchFilter_ReturnsInitialAlarmStatesGuids_WhenGetFilterConfigurationWithAlarmStatesPassedByParameter" computerName="DKSR-EFI-04" duration="00:00:00.0010723" startTime="2023-12-22T09:34:06.6782903+01:00" endTime="2023-12-22T09:34:06.6782903+01:00" testType="13cdc9d9-ddb5-4fa4-a97d-d965ccfc6d4b" outcome="Passed" testListId="8c84fa94-04c1-424b-9868-57a2d4851a1d" relativeResultsDirectory="3d03a3c4-7be6-4e0d-ab39-39282802f685" />
    <UnitTestResult executionId="fc90ffbb-9fa2-421e-840b-d1d89e7720e2" testId="b14d93ff-a746-3aa3-90d0-684924f94666" testName="AlarmSearchAgentPlugin_HasServerFilterVisibleFalse_WhenThereIsOneServer" computerName="DKSR-EFI-04" duration="00:00:00.0026335" startTime="2023-12-22T09:34:06.6001656+01:00" endTime="2023-12-22T09:34:06.6001656+01:00" testType="13cdc9d9-ddb5-4fa4-a97d-d965ccfc6d4b" outcome="Passed" testListId="8c84fa94-04c1-424b-9868-57a2d4851a1d" relativeResultsDirectory="fc90ffbb-9fa2-421e-840b-d1d89e7720e2" />
    <UnitTestResult executionId="93c0c82f-dd09-4f24-be9a-6fe8ba526b7b" testId="d2d94907-0eb5-d1cc-8d22-898b37289664" testName="ServerSearchFilter_ThrowsArgumentException_WhenResetValueParameterIsNotSelectionFilterValue" computerName="DKSR-EFI-04" duration="00:00:00.0027623" startTime="2023-12-22T09:34:06.5220426+01:00" endTime="2023-12-22T09:34:06.5220426+01:00" testType="13cdc9d9-ddb5-4fa4-a97d-d965ccfc6d4b" outcome="Passed" testListId="8c84fa94-04c1-424b-9868-57a2d4851a1d" relativeResultsDirectory="93c0c82f-dd09-4f24-be9a-6fe8ba526b7b" />
    <UnitTestResult executionId="fb0899f7-98b5-43b5-968f-4ab3fea12409" testId="9608c157-d88e-6964-af3b-b5411446b50c" testName="ServerSearchFilter_ClearsFilterValueParameter_WhenResetValue" computerName="DKSR-EFI-04" duration="00:00:00.0003996" startTime="2023-12-22T09:34:06.6626689+01:00" endTime="2023-12-22T09:34:06.6782903+01:00" testType="13cdc9d9-ddb5-4fa4-a97d-d965ccfc6d4b" outcome="Passed" testListId="8c84fa94-04c1-424b-9868-57a2d4851a1d" relativeResultsDirectory="fb0899f7-98b5-43b5-968f-4ab3fea12409" />
    <UnitTestResult executionId="5cf7a9b5-0bc1-4b0c-9256-36e9c8be36aa" testId="bb868594-8f80-20dc-ad04-6fa3cf34e640" testName="StateSearchFilter_ClearsFilterValueParameter_WhenResetValue" computerName="DKSR-EFI-04" duration="00:00:00.0003507" startTime="2023-12-22T09:34:06.6939166+01:00" endTime="2023-12-22T09:34:06.6939166+01:00" testType="13cdc9d9-ddb5-4fa4-a97d-d965ccfc6d4b" outcome="Passed" testListId="8c84fa94-04c1-424b-9868-57a2d4851a1d" relativeResultsDirectory="5cf7a9b5-0bc1-4b0c-9256-36e9c8be36aa" />
    <UnitTestResult executionId="eeece417-2c52-4a61-9a78-76c705a16155" testId="d5afc39e-7194-0fcc-4b16-a238ee658e2c" testName="AlarmSearchAgentPlugin_HasSameServersInSearchFiltersAndConstructor_WhenInit" computerName="DKSR-EFI-04" duration="00:00:00.0011062" startTime="2023-12-22T09:34:06.6157903+01:00" endTime="2023-12-22T09:34:06.6157903+01:00" testType="13cdc9d9-ddb5-4fa4-a97d-d965ccfc6d4b" outcome="Passed" testListId="8c84fa94-04c1-424b-9868-57a2d4851a1d" relativeResultsDirectory="eeece417-2c52-4a61-9a78-76c705a16155" />
    <UnitTestResult executionId="82a7b728-97ce-44bd-840a-f1c8da63361d" testId="0e25b2a5-f86e-0a54-ed6b-cdf5f3ca9da7" testName="AlarmsSearchDefinition_FiresSearchResultsReadyEventForEachServer_WhenSearchAlarmsIsCalled" computerName="DKSR-EFI-04" duration="00:00:00.0445211" startTime="2023-12-22T09:34:05.7720359+01:00" endTime="2023-12-22T09:34:05.8189123+01:00" testType="13cdc9d9-ddb5-4fa4-a97d-d965ccfc6d4b" outcome="Passed" testListId="8c84fa94-04c1-424b-9868-57a2d4851a1d" relativeResultsDirectory="82a7b728-97ce-44bd-840a-f1c8da63361d" />
    <UnitTestResult executionId="39cdc952-b213-4e25-a7e0-28bc82abbe85" testId="30377197-bcc4-32ab-b69c-edd1c9e4d171" testName="AlarmsSearchDefinition_ThrowsException_WhenAlarmProviderThrowsException" computerName="DKSR-EFI-04" duration="00:00:00.0217966" startTime="2023-12-22T09:34:05.8345374+01:00" endTime="2023-12-22T09:34:05.8657873+01:00" testType="13cdc9d9-ddb5-4fa4-a97d-d965ccfc6d4b" outcome="Passed" testListId="8c84fa94-04c1-424b-9868-57a2d4851a1d" relativeResultsDirectory="39cdc952-b213-4e25-a7e0-28bc82abbe85" />
    <UnitTestResult executionId="c409e4b1-9e76-40d2-9327-ff52f0162c57" testId="3bf08db3-2d59-2013-260d-420deb2e3093" testName="ServerSearchFilter_ThrowsArgumentException_WhenResetValueParameterIsNotSelectionFilterValue" computerName="DKSR-EFI-04" duration="00:00:00.0003956" startTime="2023-12-22T09:34:06.6626689+01:00" endTime="2023-12-22T09:34:06.6626689+01:00" testType="13cdc9d9-ddb5-4fa4-a97d-d965ccfc6d4b" outcome="Passed" testListId="8c84fa94-04c1-424b-9868-57a2d4851a1d" relativeResultsDirectory="c409e4b1-9e76-40d2-9327-ff52f0162c57" />
    <UnitTestResult executionId="2370467e-3c0d-4e2f-b2de-9845fd0957c8" testId="e379c7c3-2c5c-5d9f-dab8-91426a1914ed" testName="OwnerSearchFilter_ClearsFilterValueParameter_WhenResetValue" computerName="DKSR-EFI-04" duration="00:00:00.0001898" startTime="2023-12-22T09:34:06.6470414+01:00" endTime="2023-12-22T09:34:06.6470414+01:00" testType="13cdc9d9-ddb5-4fa4-a97d-d965ccfc6d4b" outcome="Passed" testListId="8c84fa94-04c1-424b-9868-57a2d4851a1d" relativeResultsDirectory="2370467e-3c0d-4e2f-b2de-9845fd0957c8" />
    <UnitTestResult executionId="21107744-cf5e-41e2-bbd6-196452c921d1" testId="094945b4-ebaf-f8ab-b0fe-87dc2f042bd7" testName="MessageSearchFilter_ReturnsListSelectionFilterConfiguration_WhenGetFilterConfiguration" computerName="DKSR-EFI-04" duration="00:00:00.0010044" startTime="2023-12-22T09:34:06.6314153+01:00" endTime="2023-12-22T09:34:06.6314153+01:00" testType="13cdc9d9-ddb5-4fa4-a97d-d965ccfc6d4b" outcome="Passed" testListId="8c84fa94-04c1-424b-9868-57a2d4851a1d" relativeResultsDirectory="21107744-cf5e-41e2-bbd6-196452c921d1" />
    <UnitTestResult executionId="dba98436-96d1-4760-9397-10ecbbe2f657" testId="9be30d79-b3cf-1247-b474-0fe612aa1bd6" testName="OwnerSearchFilter_ThrowsException_WhenResetValueParameterIsNotSelectionFilterValue" computerName="DKSR-EFI-04" duration="00:00:00.0003755" startTime="2023-12-22T09:34:06.6470414+01:00" endTime="2023-12-22T09:34:06.6470414+01:00" testType="13cdc9d9-ddb5-4fa4-a97d-d965ccfc6d4b" outcome="Passed" testListId="8c84fa94-04c1-424b-9868-57a2d4851a1d" relativeResultsDirectory="dba98436-96d1-4760-9397-10ecbbe2f657" />
    <UnitTestResult executionId="286482d9-2b88-4eed-bec0-9dc53d3a1df2" testId="b879d925-b069-eca7-9027-877d27818981" testName="IdSearchFilter_ReturnsTextBoxFilterConfiguration_WhenGetFilterConfiguration" computerName="DKSR-EFI-04" duration="00:00:00.0008120" startTime="2023-12-22T09:34:06.4907898+01:00" endTime="2023-12-22T09:34:06.4907898+01:00" testType="13cdc9d9-ddb5-4fa4-a97d-d965ccfc6d4b" outcome="Passed" testListId="8c84fa94-04c1-424b-9868-57a2d4851a1d" relativeResultsDirectory="286482d9-2b88-4eed-bec0-9dc53d3a1df2" />
  </Results>
  <TestDefinitions>
    <UnitTest name="ServerSearchFilter_ReturnsInitialEventServerGuids_WhenGetFilterConfiguration" storage="d:\actions-runner\_work\xpco\xpco\eventserver\alarmplugin\components\central\videoos.searchagents.unittest\bin\debug\videoos.searchagents.unittest.dll" id="5a02515e-5e1f-5419-3165-c75a20ec5489">
      <TestCategory>
        <TestCategoryItem TestCategory="EventsAgent" />
      </TestCategory>
      <Execution id="0928f79f-144d-4c2c-9199-433bc44d9237" />
      <TestMethod codeBase="D:\actions-runner\_work\XPCO\XPCO\EventServer\AlarmPlugin\Components\Central\VideoOS.SearchAgents.UnitTest\bin\Debug\VideoOS.SearchAgents.UnitTest.dll" adapterTypeName="executor://mstestadapter/v2" className="VideoOS.SearchAgents.UnitTest.EventsAgent.SearchFilters.ServerSearchFilterTest" name="ServerSearchFilter_ReturnsInitialEventServerGuids_WhenGetFilterConfiguration" />
    </UnitTest>
    <UnitTest name="EventFilterFactory_ThrowsArgumentNullException_WhenGetFilterConditionForEmptyValue (Id)" storage="d:\actions-runner\_work\xpco\xpco\eventserver\alarmplugin\components\central\videoos.searchagents.unittest\bin\debug\videoos.searchagents.unittest.dll" id="13f0b83b-5eb7-de51-650d-6a61cc67d167">
      <Execution id="147adfec-2fcf-498b-8298-c7cd4da62f37" />
      <TestMethod codeBase="D:\actions-runner\_work\XPCO\XPCO\EventServer\AlarmPlugin\Components\Central\VideoOS.SearchAgents.UnitTest\bin\Debug\VideoOS.SearchAgents.UnitTest.dll" adapterTypeName="executor://mstestadapter/v2" className="VideoOS.SearchAgents.UnitTest.EventsAgent.EventFilterFactoryTest" name="EventFilterFactory_ThrowsArgumentNullException_WhenGetFilterConditionForEmptyValue" />
    </UnitTest>
    <UnitTest name="IdSearchFilter_ClearsFilterValueParameter_WhenResetValue" storage="d:\actions-runner\_work\xpco\xpco\eventserver\alarmplugin\components\central\videoos.searchagents.unittest\bin\debug\videoos.searchagents.unittest.dll" id="87fcbe60-f8ea-d2bb-1b6d-5c0397f1a457">
      <TestCategory>
        <TestCategoryItem TestCategory="EventsAgent" />
      </TestCategory>
      <Execution id="7482566e-71c1-464b-97ec-2f50c581d4a7" />
      <TestMethod codeBase="D:\actions-runner\_work\XPCO\XPCO\EventServer\AlarmPlugin\Components\Central\VideoOS.SearchAgents.UnitTest\bin\Debug\VideoOS.SearchAgents.UnitTest.dll" adapterTypeName="executor://mstestadapter/v2" className="VideoOS.SearchAgents.UnitTest.EventsAgent.SearchFilters.IdSearchFilterTest" name="IdSearchFilter_ClearsFilterValueParameter_WhenResetValue" />
    </UnitTest>
    <UnitTest name="AlarmsSearchDefinition_ThrowsTaskCanceledException_WhenBeforeFetchingData" storage="d:\actions-runner\_work\xpco\xpco\eventserver\alarmplugin\components\central\videoos.searchagents.unittest\bin\debug\videoos.searchagents.unittest.dll" id="62f2202e-d6a7-729f-de92-acd6ced670f3">
      <TestCategory>
        <TestCategoryItem TestCategory="AlarmsAgent" />
      </TestCategory>
      <Execution id="8e0cb2ca-8e0f-4b1a-a237-ca3ee6163c5a" />
      <TestMethod codeBase="D:\actions-runner\_work\XPCO\XPCO\EventServer\AlarmPlugin\Components\Central\VideoOS.SearchAgents.UnitTest\bin\Debug\VideoOS.SearchAgents.UnitTest.dll" adapterTypeName="executor://mstestadapter/v2" className="VideoOS.SearchAgent.UnitTest.AlarmsAgent.AlarmsSearchDefinitionTest" name="AlarmsSearchDefinition_ThrowsTaskCanceledException_WhenBeforeFetchingData" />
    </UnitTest>
    <UnitTest name="EventSearchAgentPlugin_HasIsServerFilterVisibleEqualToTrue_WhenThereAreMoreThanOneServer" storage="d:\actions-runner\_work\xpco\xpco\eventserver\alarmplugin\components\central\videoos.searchagents.unittest\bin\debug\videoos.searchagents.unittest.dll" id="b9102926-3c73-47c6-9767-2bfb393e1682">
      <TestCategory>
        <TestCategoryItem TestCategory="EventsAgent" />
      </TestCategory>
      <Execution id="10cacedc-3b53-48a2-a00f-81b13534dfe2" />
      <TestMethod codeBase="D:\actions-runner\_work\XPCO\XPCO\EventServer\AlarmPlugin\Components\Central\VideoOS.SearchAgents.UnitTest\bin\Debug\VideoOS.SearchAgents.UnitTest.dll" adapterTypeName="executor://mstestadapter/v2" className="VideoOS.SearchAgents.UnitTest.EventsAgent.EventSearchAgentPluginTest" name="EventSearchAgentPlugin_HasIsServerFilterVisibleEqualToTrue_WhenThereAreMoreThanOneServer" />
    </UnitTest>
    <UnitTest name="AlarmSearchAgentPlugin_NotThrowsException_WhenCloseAfterNoInit" storage="d:\actions-runner\_work\xpco\xpco\eventserver\alarmplugin\components\central\videoos.searchagents.unittest\bin\debug\videoos.searchagents.unittest.dll" id="edcef4d4-e39f-586e-b08e-1bbc630da956">
      <TestCategory>
        <TestCategoryItem TestCategory="AlarmsAgent" />
      </TestCategory>
      <Execution id="65138041-371b-4451-8976-c7748777604f" />
      <TestMethod codeBase="D:\actions-runner\_work\XPCO\XPCO\EventServer\AlarmPlugin\Components\Central\VideoOS.SearchAgents.UnitTest\bin\Debug\VideoOS.SearchAgents.UnitTest.dll" adapterTypeName="executor://mstestadapter/v2" className="VideoOS.SearchAgents.UnitTest.AlarmsAgent.AlarmSearchAgentPluginTest" name="AlarmSearchAgentPlugin_NotThrowsException_WhenCloseAfterNoInit" />
    </UnitTest>
    <UnitTest name="IdSearchFilter_ReturnsTextBoxFilterConfiguration_WhenGetFilterConfiguration" storage="d:\actions-runner\_work\xpco\xpco\eventserver\alarmplugin\components\central\videoos.searchagents.unittest\bin\debug\videoos.searchagents.unittest.dll" id="b879d925-b069-eca7-9027-877d27818981">
      <TestCategory>
        <TestCategoryItem TestCategory="EventsAgent" />
      </TestCategory>
      <Execution id="286482d9-2b88-4eed-bec0-9dc53d3a1df2" />
      <TestMethod codeBase="D:\actions-runner\_work\XPCO\XPCO\EventServer\AlarmPlugin\Components\Central\VideoOS.SearchAgents.UnitTest\bin\Debug\VideoOS.SearchAgents.UnitTest.dll" adapterTypeName="executor://mstestadapter/v2" className="VideoOS.SearchAgents.UnitTest.EventsAgent.SearchFilters.IdSearchFilterTest" name="IdSearchFilter_ReturnsTextBoxFilterConfiguration_WhenGetFilterConfiguration" />
    </UnitTest>
    <UnitTest name="EventSearchAgentPlugin_HasIsServerFilterVisibleEqualToFalse_WhenThereIsOneServer" storage="d:\actions-runner\_work\xpco\xpco\eventserver\alarmplugin\components\central\videoos.searchagents.unittest\bin\debug\videoos.searchagents.unittest.dll" id="62a359c2-8f3e-697d-be79-7cf0858e1e9f">
      <TestCategory>
        <TestCategoryItem TestCategory="EventsAgent" />
      </TestCategory>
      <Execution id="b1d19c4d-67c8-463a-9ef6-7e840820ff09" />
      <TestMethod codeBase="D:\actions-runner\_work\XPCO\XPCO\EventServer\AlarmPlugin\Components\Central\VideoOS.SearchAgents.UnitTest\bin\Debug\VideoOS.SearchAgents.UnitTest.dll" adapterTypeName="executor://mstestadapter/v2" className="VideoOS.SearchAgents.UnitTest.EventsAgent.EventSearchAgentPluginTest" name="EventSearchAgentPlugin_HasIsServerFilterVisibleEqualToFalse_WhenThereIsOneServer" />
    </UnitTest>
    <UnitTest name="IdSearchFilter_ThrowsArgumentException_WhenResetValueParameterIsNotSelectionFilterValue" storage="d:\actions-runner\_work\xpco\xpco\eventserver\alarmplugin\components\central\videoos.searchagents.unittest\bin\debug\videoos.searchagents.unittest.dll" id="2ea9f846-b793-8735-fefc-2eca615f80ca">
      <TestCategory>
        <TestCategoryItem TestCategory="EventsAgent" />
      </TestCategory>
      <Execution id="ea94e4d2-3943-4227-8e3a-560eec616f75" />
      <TestMethod codeBase="D:\actions-runner\_work\XPCO\XPCO\EventServer\AlarmPlugin\Components\Central\VideoOS.SearchAgents.UnitTest\bin\Debug\VideoOS.SearchAgents.UnitTest.dll" adapterTypeName="executor://mstestadapter/v2" className="VideoOS.SearchAgents.UnitTest.EventsAgent.SearchFilters.IdSearchFilterTest" name="IdSearchFilter_ThrowsArgumentException_WhenResetValueParameterIsNotSelectionFilterValue" />
    </UnitTest>
    <UnitTest name="EventSearchAgentPlugin_HasCorrectName_WhenInit" storage="d:\actions-runner\_work\xpco\xpco\eventserver\alarmplugin\components\central\videoos.searchagents.unittest\bin\debug\videoos.searchagents.unittest.dll" id="88388198-618e-aadb-e30b-ce73812e495f">
      <TestCategory>
        <TestCategoryItem TestCategory="EventsAgent" />
      </TestCategory>
      <Execution id="065892f9-5910-4137-b9c6-59386fcc3aa3" />
      <TestMethod codeBase="D:\actions-runner\_work\XPCO\XPCO\EventServer\AlarmPlugin\Components\Central\VideoOS.SearchAgents.UnitTest\bin\Debug\VideoOS.SearchAgents.UnitTest.dll" adapterTypeName="executor://mstestadapter/v2" className="VideoOS.SearchAgents.UnitTest.EventsAgent.EventSearchAgentPluginTest" name="EventSearchAgentPlugin_HasCorrectName_WhenInit" />
    </UnitTest>
    <UnitTest name="AlarmSearchAgentPlugin_HasServerFilterVisibleFalse_WhenThereIsOneServer" storage="d:\actions-runner\_work\xpco\xpco\eventserver\alarmplugin\components\central\videoos.searchagents.unittest\bin\debug\videoos.searchagents.unittest.dll" id="b14d93ff-a746-3aa3-90d0-684924f94666">
      <TestCategory>
        <TestCategoryItem TestCategory="AlarmsAgent" />
      </TestCategory>
      <Execution id="fc90ffbb-9fa2-421e-840b-d1d89e7720e2" />
      <TestMethod codeBase="D:\actions-runner\_work\XPCO\XPCO\EventServer\AlarmPlugin\Components\Central\VideoOS.SearchAgents.UnitTest\bin\Debug\VideoOS.SearchAgents.UnitTest.dll" adapterTypeName="executor://mstestadapter/v2" className="VideoOS.SearchAgents.UnitTest.AlarmsAgent.AlarmSearchAgentPluginTest" name="AlarmSearchAgentPlugin_HasServerFilterVisibleFalse_WhenThereIsOneServer" />
    </UnitTest>
    <UnitTest name="SourceSearchFilter_ClearsFilterValueParameter_WhenResetValue" storage="d:\actions-runner\_work\xpco\xpco\eventserver\alarmplugin\components\central\videoos.searchagents.unittest\bin\debug\videoos.searchagents.unittest.dll" id="0aa8e330-23a8-a9d4-9b16-07a4212c6ae9">
      <TestCategory>
        <TestCategoryItem TestCategory="AlarmsAgent" />
      </TestCategory>
      <Execution id="1c2db0cb-239d-4c0a-b4bf-c6b33dba4615" />
      <TestMethod codeBase="D:\actions-runner\_work\XPCO\XPCO\EventServer\AlarmPlugin\Components\Central\VideoOS.SearchAgents.UnitTest\bin\Debug\VideoOS.SearchAgents.UnitTest.dll" adapterTypeName="executor://mstestadapter/v2" className="VideoOS.SearchAgents.UnitTest.AlarmsAgent.SearchFilters.SourceSearchFilterTest" name="SourceSearchFilter_ClearsFilterValueParameter_WhenResetValue" />
    </UnitTest>
    <UnitTest name="EventSearchDefinition_ThrowsArgumentNullException_WhenNullSearchScopeInConstructor" storage="d:\actions-runner\_work\xpco\xpco\eventserver\alarmplugin\components\central\videoos.searchagents.unittest\bin\debug\videoos.searchagents.unittest.dll" id="f549b9fe-2f2f-5041-ba25-d7735ee209a5">
      <TestCategory>
        <TestCategoryItem TestCategory="EventAgent" />
      </TestCategory>
      <Execution id="55ad5912-0a4f-4d21-bca7-9cee6b2d0065" />
      <TestMethod codeBase="D:\actions-runner\_work\XPCO\XPCO\EventServer\AlarmPlugin\Components\Central\VideoOS.SearchAgents.UnitTest\bin\Debug\VideoOS.SearchAgents.UnitTest.dll" adapterTypeName="executor://mstestadapter/v2" className="VideoOS.SearchAgents.UnitTest.EventsAgent.EventSearchDefinitionTest" name="EventSearchDefinition_ThrowsArgumentNullException_WhenNullSearchScopeInConstructor" />
    </UnitTest>
    <UnitTest name="EventSearchAgentPlugin_NotThrowsException_WhenCloseButInitNotCalled" storage="d:\actions-runner\_work\xpco\xpco\eventserver\alarmplugin\components\central\videoos.searchagents.unittest\bin\debug\videoos.searchagents.unittest.dll" id="87ad36f6-a362-a112-57de-48572c4fa611">
      <TestCategory>
        <TestCategoryItem TestCategory="EventsAgent" />
      </TestCategory>
      <Execution id="b94b85ec-1f48-456d-87bc-e607a5073aac" />
      <TestMethod codeBase="D:\actions-runner\_work\XPCO\XPCO\EventServer\AlarmPlugin\Components\Central\VideoOS.SearchAgents.UnitTest\bin\Debug\VideoOS.SearchAgents.UnitTest.dll" adapterTypeName="executor://mstestadapter/v2" className="VideoOS.SearchAgents.UnitTest.EventsAgent.EventSearchAgentPluginTest" name="EventSearchAgentPlugin_NotThrowsException_WhenCloseButInitNotCalled" />
    </UnitTest>
    <UnitTest name="EventSearchAgentPlugin_ReturnsEventSearchDefinition_WhenCreateTestDefinition" storage="d:\actions-runner\_work\xpco\xpco\eventserver\alarmplugin\components\central\videoos.searchagents.unittest\bin\debug\videoos.searchagents.unittest.dll" id="836c0df6-6555-5657-f8a6-b7df90c0be8c">
      <TestCategory>
        <TestCategoryItem TestCategory="EventsAgent" />
      </TestCategory>
      <Execution id="cec58be6-4e8c-479b-a7c5-d8c88192f6ef" />
      <TestMethod codeBase="D:\actions-runner\_work\XPCO\XPCO\EventServer\AlarmPlugin\Components\Central\VideoOS.SearchAgents.UnitTest\bin\Debug\VideoOS.SearchAgents.UnitTest.dll" adapterTypeName="executor://mstestadapter/v2" className="VideoOS.SearchAgents.UnitTest.EventsAgent.EventSearchAgentPluginTest" name="EventSearchAgentPlugin_ReturnsEventSearchDefinition_WhenCreateTestDefinition" />
    </UnitTest>
    <UnitTest name="IDSearchFilter_ReturnsFilterConfigurationEqualToTextBoxFilterConfiguration_WhenGetFilterConfiguration" storage="d:\actions-runner\_work\xpco\xpco\eventserver\alarmplugin\components\central\videoos.searchagents.unittest\bin\debug\videoos.searchagents.unittest.dll" id="c060355d-f211-9e27-6ed3-e8053492b3b7">
      <TestCategory>
        <TestCategoryItem TestCategory="AlarmsAgent" />
      </TestCategory>
      <Execution id="3c975aa3-f3e1-42fe-9395-b49a9439b358" />
      <TestMethod codeBase="D:\actions-runner\_work\XPCO\XPCO\EventServer\AlarmPlugin\Components\Central\VideoOS.SearchAgents.UnitTest\bin\Debug\VideoOS.SearchAgents.UnitTest.dll" adapterTypeName="executor://mstestadapter/v2" className="VideoOS.SearchAgents.UnitTest.AlarmsAgent.SearchFilters.IDSearchFilterTest" name="IDSearchFilter_ReturnsFilterConfigurationEqualToTextBoxFilterConfiguration_WhenGetFilterConfiguration" />
    </UnitTest>
    <UnitTest name="EventSearchAgentPlugin_HasCorrectId_WhenInit" storage="d:\actions-runner\_work\xpco\xpco\eventserver\alarmplugin\components\central\videoos.searchagents.unittest\bin\debug\videoos.searchagents.unittest.dll" id="00f89f07-adec-c656-0e84-13762b2810de">
      <TestCategory>
        <TestCategoryItem TestCategory="EventsAgent" />
      </TestCategory>
      <Execution id="c9b940df-85b6-4491-a76b-90251e333ab2" />
      <TestMethod codeBase="D:\actions-runner\_work\XPCO\XPCO\EventServer\AlarmPlugin\Components\Central\VideoOS.SearchAgents.UnitTest\bin\Debug\VideoOS.SearchAgents.UnitTest.dll" adapterTypeName="executor://mstestadapter/v2" className="VideoOS.SearchAgents.UnitTest.EventsAgent.EventSearchAgentPluginTest" name="EventSearchAgentPlugin_HasCorrectId_WhenInit" />
    </UnitTest>
    <UnitTest name="MessageSearchFilter_ThrowsArgumentException_WhenResetValueWithNotASelectionFilterValue" storage="d:\actions-runner\_work\xpco\xpco\eventserver\alarmplugin\components\central\videoos.searchagents.unittest\bin\debug\videoos.searchagents.unittest.dll" id="84e0f2e6-a01e-3d83-2111-8edda418f7a0">
      <TestCategory>
        <TestCategoryItem TestCategory="AlarmsAgent" />
      </TestCategory>
      <Execution id="739ed5c2-eb97-4e7e-bfb4-cc0950fe47d4" />
      <TestMethod codeBase="D:\actions-runner\_work\XPCO\XPCO\EventServer\AlarmPlugin\Components\Central\VideoOS.SearchAgents.UnitTest\bin\Debug\VideoOS.SearchAgents.UnitTest.dll" adapterTypeName="executor://mstestadapter/v2" className="VideoOS.SearchAgents.UnitTest.AlarmsAgent.SearchFilters.MessageSearchFilterTest" name="MessageSearchFilter_ThrowsArgumentException_WhenResetValueWithNotASelectionFilterValue" />
    </UnitTest>
    <UnitTest name="EventFilterFactory_ThrowsArgumentNullException_WhenGetFilterConditionForEmptyValue (Camera)" storage="d:\actions-runner\_work\xpco\xpco\eventserver\alarmplugin\components\central\videoos.searchagents.unittest\bin\debug\videoos.searchagents.unittest.dll" id="c2d66555-fc03-51a5-73ce-d9a9df8bff06">
      <Execution id="01acecc7-ef6b-4f7a-be4a-a368e2287c84" />
      <TestMethod codeBase="D:\actions-runner\_work\XPCO\XPCO\EventServer\AlarmPlugin\Components\Central\VideoOS.SearchAgents.UnitTest\bin\Debug\VideoOS.SearchAgents.UnitTest.dll" adapterTypeName="executor://mstestadapter/v2" className="VideoOS.SearchAgents.UnitTest.EventsAgent.EventFilterFactoryTest" name="EventFilterFactory_ThrowsArgumentNullException_WhenGetFilterConditionForEmptyValue" />
    </UnitTest>
    <UnitTest name="StateSearchFilter_ReturnsListSelectionFilterConfiguration_WhenGetFilterConfiguration" storage="d:\actions-runner\_work\xpco\xpco\eventserver\alarmplugin\components\central\videoos.searchagents.unittest\bin\debug\videoos.searchagents.unittest.dll" id="9c1393ec-ca28-1a9a-1b84-0aa1e112e2ee">
      <TestCategory>
        <TestCategoryItem TestCategory="AlarmsAgent" />
      </TestCategory>
      <Execution id="10a8ba19-1890-49c4-a4ea-3321cfea786c" />
      <TestMethod codeBase="D:\actions-runner\_work\XPCO\XPCO\EventServer\AlarmPlugin\Components\Central\VideoOS.SearchAgents.UnitTest\bin\Debug\VideoOS.SearchAgents.UnitTest.dll" adapterTypeName="executor://mstestadapter/v2" className="VideoOS.SearchAgents.UnitTest.AlarmsAgent.SearchFilters.StateSearchFilterTest" name="StateSearchFilter_ReturnsListSelectionFilterConfiguration_WhenGetFilterConfiguration" />
    </UnitTest>
    <UnitTest name="SourceSearchFilter_ClearsFilterValueParameter_WhenResetValue" storage="d:\actions-runner\_work\xpco\xpco\eventserver\alarmplugin\components\central\videoos.searchagents.unittest\bin\debug\videoos.searchagents.unittest.dll" id="17f42eb2-e86d-9df8-8d70-815d7401b864">
      <TestCategory>
        <TestCategoryItem TestCategory="EventsAgent" />
      </TestCategory>
      <Execution id="05689967-dc72-437e-9e27-4292b2ba5e62" />
      <TestMethod codeBase="D:\actions-runner\_work\XPCO\XPCO\EventServer\AlarmPlugin\Components\Central\VideoOS.SearchAgents.UnitTest\bin\Debug\VideoOS.SearchAgents.UnitTest.dll" adapterTypeName="executor://mstestadapter/v2" className="VideoOS.SearchAgents.UnitTest.EventsAgent.SearchFilters.SourceSearchFilterTest" name="SourceSearchFilter_ClearsFilterValueParameter_WhenResetValue" />
    </UnitTest>
    <UnitTest name="OwnerSearchFilter_ReturnsTextBoxFilterConfiguration_WhenGetFilterConfiguration" storage="d:\actions-runner\_work\xpco\xpco\eventserver\alarmplugin\components\central\videoos.searchagents.unittest\bin\debug\videoos.searchagents.unittest.dll" id="3bf26497-977c-c696-92fb-b0c844a87da9">
      <TestCategory>
        <TestCategoryItem TestCategory="AlarmsAgent" />
      </TestCategory>
      <Execution id="927b7726-9c21-4e92-b4d3-8846b1803c81" />
      <TestMethod codeBase="D:\actions-runner\_work\XPCO\XPCO\EventServer\AlarmPlugin\Components\Central\VideoOS.SearchAgents.UnitTest\bin\Debug\VideoOS.SearchAgents.UnitTest.dll" adapterTypeName="executor://mstestadapter/v2" className="VideoOS.SearchAgents.UnitTest.AlarmsAgent.SearchFilters.OwnerSearchFilterTest" name="OwnerSearchFilter_ReturnsTextBoxFilterConfiguration_WhenGetFilterConfiguration" />
    </UnitTest>
    <UnitTest name="StateSearchFilter_ClearsFilterValueParameter_WhenResetValue" storage="d:\actions-runner\_work\xpco\xpco\eventserver\alarmplugin\components\central\videoos.searchagents.unittest\bin\debug\videoos.searchagents.unittest.dll" id="bb868594-8f80-20dc-ad04-6fa3cf34e640">
      <TestCategory>
        <TestCategoryItem TestCategory="AlarmsAgent" />
      </TestCategory>
      <Execution id="5cf7a9b5-0bc1-4b0c-9256-36e9c8be36aa" />
      <TestMethod codeBase="D:\actions-runner\_work\XPCO\XPCO\EventServer\AlarmPlugin\Components\Central\VideoOS.SearchAgents.UnitTest\bin\Debug\VideoOS.SearchAgents.UnitTest.dll" adapterTypeName="executor://mstestadapter/v2" className="VideoOS.SearchAgents.UnitTest.AlarmsAgent.SearchFilters.StateSearchFilterTest" name="StateSearchFilter_ClearsFilterValueParameter_WhenResetValue" />
    </UnitTest>
    <UnitTest name="SourceSearchFilter_ReturnsTextBoxFilterConfiguration_WhenGetFilterConfiguration" storage="d:\actions-runner\_work\xpco\xpco\eventserver\alarmplugin\components\central\videoos.searchagents.unittest\bin\debug\videoos.searchagents.unittest.dll" id="6d690cf8-e750-2ed4-0168-210f37dc5422">
      <TestCategory>
        <TestCategoryItem TestCategory="EventsAgent" />
      </TestCategory>
      <Execution id="9df1a7de-152f-4e15-a890-c8be43fab4c0" />
      <TestMethod codeBase="D:\actions-runner\_work\XPCO\XPCO\EventServer\AlarmPlugin\Components\Central\VideoOS.SearchAgents.UnitTest\bin\Debug\VideoOS.SearchAgents.UnitTest.dll" adapterTypeName="executor://mstestadapter/v2" className="VideoOS.SearchAgents.UnitTest.EventsAgent.SearchFilters.SourceSearchFilterTest" name="SourceSearchFilter_ReturnsTextBoxFilterConfiguration_WhenGetFilterConfiguration" />
    </UnitTest>
    <UnitTest name="ServerSearchFilter_ClearsFilterValueParameter_WhenResetValue" storage="d:\actions-runner\_work\xpco\xpco\eventserver\alarmplugin\components\central\videoos.searchagents.unittest\bin\debug\videoos.searchagents.unittest.dll" id="567257e7-77d4-55bc-587f-9ab8eb276b1f">
      <TestCategory>
        <TestCategoryItem TestCategory="EventsAgent" />
      </TestCategory>
      <Execution id="4e0d4a09-d5e0-4032-9e5c-627b9d9c17c2" />
      <TestMethod codeBase="D:\actions-runner\_work\XPCO\XPCO\EventServer\AlarmPlugin\Components\Central\VideoOS.SearchAgents.UnitTest\bin\Debug\VideoOS.SearchAgents.UnitTest.dll" adapterTypeName="executor://mstestadapter/v2" className="VideoOS.SearchAgents.UnitTest.EventsAgent.SearchFilters.ServerSearchFilterTest" name="ServerSearchFilter_ClearsFilterValueParameter_WhenResetValue" />
    </UnitTest>
    <UnitTest name="EventSearchDefinition_NotFiresSearchResultsReady_WhenCancelsBeforeSearchEvents" storage="d:\actions-runner\_work\xpco\xpco\eventserver\alarmplugin\components\central\videoos.searchagents.unittest\bin\debug\videoos.searchagents.unittest.dll" id="64e8e84b-69b3-7acc-a956-7555360018e4">
      <TestCategory>
        <TestCategoryItem TestCategory="EventAgent" />
      </TestCategory>
      <Execution id="b8ea766f-b07e-4072-856c-731789360bbf" />
      <TestMethod codeBase="D:\actions-runner\_work\XPCO\XPCO\EventServer\AlarmPlugin\Components\Central\VideoOS.SearchAgents.UnitTest\bin\Debug\VideoOS.SearchAgents.UnitTest.dll" adapterTypeName="executor://mstestadapter/v2" className="VideoOS.SearchAgents.UnitTest.EventsAgent.EventSearchDefinitionTest" name="EventSearchDefinition_NotFiresSearchResultsReady_WhenCancelsBeforeSearchEvents" />
    </UnitTest>
    <UnitTest name="AlarmsSearchDefinition_ThrowsException_WhenSearchResultDataCreatorThrowsException" storage="d:\actions-runner\_work\xpco\xpco\eventserver\alarmplugin\components\central\videoos.searchagents.unittest\bin\debug\videoos.searchagents.unittest.dll" id="c2d0219e-f849-a413-dbd3-63a6181f7209">
      <TestCategory>
        <TestCategoryItem TestCategory="AlarmsAgent" />
      </TestCategory>
      <Execution id="4d86f112-b6e8-4ce5-b66e-6f1922f444a9" />
      <TestMethod codeBase="D:\actions-runner\_work\XPCO\XPCO\EventServer\AlarmPlugin\Components\Central\VideoOS.SearchAgents.UnitTest\bin\Debug\VideoOS.SearchAgents.UnitTest.dll" adapterTypeName="executor://mstestadapter/v2" className="VideoOS.SearchAgent.UnitTest.AlarmsAgent.AlarmsSearchDefinitionTest" name="AlarmsSearchDefinition_ThrowsException_WhenSearchResultDataCreatorThrowsException" />
    </UnitTest>
    <UnitTest name="AlarmsSearchDefinition_ThrowsException_WhenSelectedServersProviderThrowsException" storage="d:\actions-runner\_work\xpco\xpco\eventserver\alarmplugin\components\central\videoos.searchagents.unittest\bin\debug\videoos.searchagents.unittest.dll" id="44719390-b083-0f55-45b0-79dd87bd3e09">
      <TestCategory>
        <TestCategoryItem TestCategory="AlarmsAgent" />
      </TestCategory>
      <Execution id="314936f5-747a-4818-91f8-04d532c705cf" />
      <TestMethod codeBase="D:\actions-runner\_work\XPCO\XPCO\EventServer\AlarmPlugin\Components\Central\VideoOS.SearchAgents.UnitTest\bin\Debug\VideoOS.SearchAgents.UnitTest.dll" adapterTypeName="executor://mstestadapter/v2" className="VideoOS.SearchAgent.UnitTest.AlarmsAgent.AlarmsSearchDefinitionTest" name="AlarmsSearchDefinition_ThrowsException_WhenSelectedServersProviderThrowsException" />
    </UnitTest>
    <UnitTest name="AlarmSearchAgentPlugin_HasCorrectAgentName_WhenInit" storage="d:\actions-runner\_work\xpco\xpco\eventserver\alarmplugin\components\central\videoos.searchagents.unittest\bin\debug\videoos.searchagents.unittest.dll" id="033a6bb9-6071-a1b6-f96c-3382da54d52c">
      <TestCategory>
        <TestCategoryItem TestCategory="AlarmsAgent" />
      </TestCategory>
      <Execution id="94610b84-1ce0-4ec0-9e29-aa29e36dccab" />
      <TestMethod codeBase="D:\actions-runner\_work\XPCO\XPCO\EventServer\AlarmPlugin\Components\Central\VideoOS.SearchAgents.UnitTest\bin\Debug\VideoOS.SearchAgents.UnitTest.dll" adapterTypeName="executor://mstestadapter/v2" className="VideoOS.SearchAgents.UnitTest.AlarmsAgent.AlarmSearchAgentPluginTest" name="AlarmSearchAgentPlugin_HasCorrectAgentName_WhenInit" />
    </UnitTest>
    <UnitTest name="PrioritySearchFilter_ClearsFilterValueParameter_WhenResetValue" storage="d:\actions-runner\_work\xpco\xpco\eventserver\alarmplugin\components\central\videoos.searchagents.unittest\bin\debug\videoos.searchagents.unittest.dll" id="104046bf-e775-df59-7f88-98caf9f820bf">
      <TestCategory>
        <TestCategoryItem TestCategory="AlarmsAgent" />
      </TestCategory>
      <Execution id="d3fe3afa-96b7-40cd-8a76-9b4f3e92fba7" />
      <TestMethod codeBase="D:\actions-runner\_work\XPCO\XPCO\EventServer\AlarmPlugin\Components\Central\VideoOS.SearchAgents.UnitTest\bin\Debug\VideoOS.SearchAgents.UnitTest.dll" adapterTypeName="executor://mstestadapter/v2" className="VideoOS.SearchAgents.UnitTest.AlarmsAgent.SearchFilters.PrioritySearchFilterTest" name="PrioritySearchFilter_ClearsFilterValueParameter_WhenResetValue" />
    </UnitTest>
    <UnitTest name="EventFilterFactory_ReturnsCorrectConditionForFilterType_WhenGetFilterCondition (Camera,ObjectId)" storage="d:\actions-runner\_work\xpco\xpco\eventserver\alarmplugin\components\central\videoos.searchagents.unittest\bin\debug\videoos.searchagents.unittest.dll" id="4b19f34e-bd7b-681b-b644-a9e0cd33d28e">
      <Execution id="78319c5a-caea-4511-82cc-c6d9c2126aeb" />
      <TestMethod codeBase="D:\actions-runner\_work\XPCO\XPCO\EventServer\AlarmPlugin\Components\Central\VideoOS.SearchAgents.UnitTest\bin\Debug\VideoOS.SearchAgents.UnitTest.dll" adapterTypeName="executor://mstestadapter/v2" className="VideoOS.SearchAgents.UnitTest.EventsAgent.EventFilterFactoryTest" name="EventFilterFactory_ReturnsCorrectConditionForFilterType_WhenGetFilterCondition" />
    </UnitTest>
    <UnitTest name="PrioritySearchFilter_ReturnsInitialPriorityGuids_WhenGetFilterConfigurationWithAlarmPrioritiesPassedByParameter" storage="d:\actions-runner\_work\xpco\xpco\eventserver\alarmplugin\components\central\videoos.searchagents.unittest\bin\debug\videoos.searchagents.unittest.dll" id="04fe1d12-6020-1b04-8f8b-ccccd2db27bf">
      <TestCategory>
        <TestCategoryItem TestCategory="AlarmsAgent" />
      </TestCategory>
      <Execution id="47cdde22-1c98-4be6-9a5f-47d61f506da8" />
      <TestMethod codeBase="D:\actions-runner\_work\XPCO\XPCO\EventServer\AlarmPlugin\Components\Central\VideoOS.SearchAgents.UnitTest\bin\Debug\VideoOS.SearchAgents.UnitTest.dll" adapterTypeName="executor://mstestadapter/v2" className="VideoOS.SearchAgents.UnitTest.AlarmsAgent.SearchFilters.PrioritySearchFilterTest" name="PrioritySearchFilter_ReturnsInitialPriorityGuids_WhenGetFilterConfigurationWithAlarmPrioritiesPassedByParameter" />
    </UnitTest>
    <UnitTest name="ServerSearchFilter_ReturnsInitialAlarmServersGuids_WhenGetFilterConfigurationWithAlarmServersPassedByParameter" storage="d:\actions-runner\_work\xpco\xpco\eventserver\alarmplugin\components\central\videoos.searchagents.unittest\bin\debug\videoos.searchagents.unittest.dll" id="65621a70-faa0-fe36-3e29-e0e99631584d">
      <TestCategory>
        <TestCategoryItem TestCategory="AlarmsAgent" />
      </TestCategory>
      <Execution id="f4d0796b-b9ef-4878-ab44-d2b06d48e5ab" />
      <TestMethod codeBase="D:\actions-runner\_work\XPCO\XPCO\EventServer\AlarmPlugin\Components\Central\VideoOS.SearchAgents.UnitTest\bin\Debug\VideoOS.SearchAgents.UnitTest.dll" adapterTypeName="executor://mstestadapter/v2" className="VideoOS.SearchAgents.UnitTest.AlarmsAgent.SearchFilters.ServerSearchFilterTest" name="ServerSearchFilter_ReturnsInitialAlarmServersGuids_WhenGetFilterConfigurationWithAlarmServersPassedByParameter" />
    </UnitTest>
    <UnitTest name="AlarmSearchAgentPlugin_ReturnsAlarmSearchDefinition_WhenCreateSearchDefinition" storage="d:\actions-runner\_work\xpco\xpco\eventserver\alarmplugin\components\central\videoos.searchagents.unittest\bin\debug\videoos.searchagents.unittest.dll" id="95e4dab9-5693-797d-aca3-c94b07049b60">
      <TestCategory>
        <TestCategoryItem TestCategory="AlarmsAgent" />
      </TestCategory>
      <Execution id="1009d0f8-899a-40ad-866b-5d452bd45551" />
      <TestMethod codeBase="D:\actions-runner\_work\XPCO\XPCO\EventServer\AlarmPlugin\Components\Central\VideoOS.SearchAgents.UnitTest\bin\Debug\VideoOS.SearchAgents.UnitTest.dll" adapterTypeName="executor://mstestadapter/v2" className="VideoOS.SearchAgents.UnitTest.AlarmsAgent.AlarmSearchAgentPluginTest" name="AlarmSearchAgentPlugin_ReturnsAlarmSearchDefinition_WhenCreateSearchDefinition" />
    </UnitTest>
    <UnitTest name="AlarmSearchAgentPlugin_HasServerFilterVisibleTrue_WhenThereAreMultipleServers" storage="d:\actions-runner\_work\xpco\xpco\eventserver\alarmplugin\components\central\videoos.searchagents.unittest\bin\debug\videoos.searchagents.unittest.dll" id="c5fd5dae-a83a-5697-ed36-8fb875098827">
      <TestCategory>
        <TestCategoryItem TestCategory="AlarmsAgent" />
      </TestCategory>
      <Execution id="bcb6fe9e-b53b-48b7-9e90-a690f66ed9e3" />
      <TestMethod codeBase="D:\actions-runner\_work\XPCO\XPCO\EventServer\AlarmPlugin\Components\Central\VideoOS.SearchAgents.UnitTest\bin\Debug\VideoOS.SearchAgents.UnitTest.dll" adapterTypeName="executor://mstestadapter/v2" className="VideoOS.SearchAgents.UnitTest.AlarmsAgent.AlarmSearchAgentPluginTest" name="AlarmSearchAgentPlugin_HasServerFilterVisibleTrue_WhenThereAreMultipleServers" />
    </UnitTest>
    <UnitTest name="AlarmSearchAgentPlugin_HasNonNullSearchFilterCategory_WhenInit" storage="d:\actions-runner\_work\xpco\xpco\eventserver\alarmplugin\components\central\videoos.searchagents.unittest\bin\debug\videoos.searchagents.unittest.dll" id="4528dc8d-0996-9892-8508-6f7d2715c1af">
      <TestCategory>
        <TestCategoryItem TestCategory="AlarmsAgent" />
      </TestCategory>
      <Execution id="654d72ec-6a02-4886-a63f-00ad15cdb2e2" />
      <TestMethod codeBase="D:\actions-runner\_work\XPCO\XPCO\EventServer\AlarmPlugin\Components\Central\VideoOS.SearchAgents.UnitTest\bin\Debug\VideoOS.SearchAgents.UnitTest.dll" adapterTypeName="executor://mstestadapter/v2" className="VideoOS.SearchAgents.UnitTest.AlarmsAgent.AlarmSearchAgentPluginTest" name="AlarmSearchAgentPlugin_HasNonNullSearchFilterCategory_WhenInit" />
    </UnitTest>
    <UnitTest name="EventFilterFactory_ThrowsArgumentNullException_WhenGetFilterConditionForEmptyValue (From)" storage="d:\actions-runner\_work\xpco\xpco\eventserver\alarmplugin\components\central\videoos.searchagents.unittest\bin\debug\videoos.searchagents.unittest.dll" id="7335e8fb-f797-a7c9-f655-9adf5945b80c">
      <Execution id="a22691b7-18a1-4180-a353-3e68095c796d" />
      <TestMethod codeBase="D:\actions-runner\_work\XPCO\XPCO\EventServer\AlarmPlugin\Components\Central\VideoOS.SearchAgents.UnitTest\bin\Debug\VideoOS.SearchAgents.UnitTest.dll" adapterTypeName="executor://mstestadapter/v2" className="VideoOS.SearchAgents.UnitTest.EventsAgent.EventFilterFactoryTest" name="EventFilterFactory_ThrowsArgumentNullException_WhenGetFilterConditionForEmptyValue" />
    </UnitTest>
    <UnitTest name="SourceSearchFilter_ThrowsArgumentException_WhenResetValueParameterIsNotSelectionFilterValue" storage="d:\actions-runner\_work\xpco\xpco\eventserver\alarmplugin\components\central\videoos.searchagents.unittest\bin\debug\videoos.searchagents.unittest.dll" id="faf6fe88-e2ab-13fe-5bdb-0dc45bfd095a">
      <TestCategory>
        <TestCategoryItem TestCategory="AlarmsAgent" />
      </TestCategory>
      <Execution id="0aa071bc-9e76-4d85-9f11-c47acbfc3519" />
      <TestMethod codeBase="D:\actions-runner\_work\XPCO\XPCO\EventServer\AlarmPlugin\Components\Central\VideoOS.SearchAgents.UnitTest\bin\Debug\VideoOS.SearchAgents.UnitTest.dll" adapterTypeName="executor://mstestadapter/v2" className="VideoOS.SearchAgents.UnitTest.AlarmsAgent.SearchFilters.SourceSearchFilterTest" name="SourceSearchFilter_ThrowsArgumentException_WhenResetValueParameterIsNotSelectionFilterValue" />
    </UnitTest>
    <UnitTest name="EventFilterFactory_ThrowsInvalidEnumArgumentException_WhenGetFilterConditionForInvalidFilterType" storage="d:\actions-runner\_work\xpco\xpco\eventserver\alarmplugin\components\central\videoos.searchagents.unittest\bin\debug\videoos.searchagents.unittest.dll" id="60edf5ed-2d85-10f5-c84a-ed1da7fea928">
      <TestCategory>
        <TestCategoryItem TestCategory="EventAgent" />
      </TestCategory>
      <Execution id="1bd1ffb8-029b-4c42-9a5c-21ce634defc1" />
      <TestMethod codeBase="D:\actions-runner\_work\XPCO\XPCO\EventServer\AlarmPlugin\Components\Central\VideoOS.SearchAgents.UnitTest\bin\Debug\VideoOS.SearchAgents.UnitTest.dll" adapterTypeName="executor://mstestadapter/v2" className="VideoOS.SearchAgents.UnitTest.EventsAgent.EventFilterFactoryTest" name="EventFilterFactory_ThrowsInvalidEnumArgumentException_WhenGetFilterConditionForInvalidFilterType" />
    </UnitTest>
    <UnitTest name="AlarmsSearchDefinition_ThrowsArgumentNullException_WhenSearchScopeIsNull" storage="d:\actions-runner\_work\xpco\xpco\eventserver\alarmplugin\components\central\videoos.searchagents.unittest\bin\debug\videoos.searchagents.unittest.dll" id="f010b549-ed99-4025-6a1e-54dad7d9ffd4">
      <TestCategory>
        <TestCategoryItem TestCategory="AlarmsAgent" />
      </TestCategory>
      <Execution id="113fd362-8697-4075-86fd-2fdc391307df" />
      <TestMethod codeBase="D:\actions-runner\_work\XPCO\XPCO\EventServer\AlarmPlugin\Components\Central\VideoOS.SearchAgents.UnitTest\bin\Debug\VideoOS.SearchAgents.UnitTest.dll" adapterTypeName="executor://mstestadapter/v2" className="VideoOS.SearchAgent.UnitTest.AlarmsAgent.AlarmsSearchDefinitionTest" name="AlarmsSearchDefinition_ThrowsArgumentNullException_WhenSearchScopeIsNull" />
    </UnitTest>
    <UnitTest name="AlarmsSearchDefinition_DoesNotThrowFilterError_WhenSearchAlarmsIsCalled" storage="d:\actions-runner\_work\xpco\xpco\eventserver\alarmplugin\components\central\videoos.searchagents.unittest\bin\debug\videoos.searchagents.unittest.dll" id="e8b9ebe3-9da3-af8e-9b66-63503cd9e7fe">
      <TestCategory>
        <TestCategoryItem TestCategory="AlarmsAgent" />
      </TestCategory>
      <Execution id="7399b0e5-a6fb-45c0-9273-b5084d27a28a" />
      <TestMethod codeBase="D:\actions-runner\_work\XPCO\XPCO\EventServer\AlarmPlugin\Components\Central\VideoOS.SearchAgents.UnitTest\bin\Debug\VideoOS.SearchAgents.UnitTest.dll" adapterTypeName="executor://mstestadapter/v2" className="VideoOS.SearchAgent.UnitTest.AlarmsAgent.AlarmsSearchDefinitionTest" name="AlarmsSearchDefinition_DoesNotThrowFilterError_WhenSearchAlarmsIsCalled" />
    </UnitTest>
    <UnitTest name="EventSearchAgentPlugin_HasSameServersThanInServersSearchFilter_WhenInit" storage="d:\actions-runner\_work\xpco\xpco\eventserver\alarmplugin\components\central\videoos.searchagents.unittest\bin\debug\videoos.searchagents.unittest.dll" id="bdeb26c1-ee7f-a180-0f04-59d75bc2812a">
      <TestCategory>
        <TestCategoryItem TestCategory="EventsAgent" />
      </TestCategory>
      <Execution id="78a6be77-63e2-47f7-acbe-1e9176e3e226" />
      <TestMethod codeBase="D:\actions-runner\_work\XPCO\XPCO\EventServer\AlarmPlugin\Components\Central\VideoOS.SearchAgents.UnitTest\bin\Debug\VideoOS.SearchAgents.UnitTest.dll" adapterTypeName="executor://mstestadapter/v2" className="VideoOS.SearchAgents.UnitTest.EventsAgent.EventSearchAgentPluginTest" name="EventSearchAgentPlugin_HasSameServersThanInServersSearchFilter_WhenInit" />
    </UnitTest>
    <UnitTest name="AlarmsSearchDefinition_ThrowsException_WhenAlarmProviderThrowsException" storage="d:\actions-runner\_work\xpco\xpco\eventserver\alarmplugin\components\central\videoos.searchagents.unittest\bin\debug\videoos.searchagents.unittest.dll" id="30377197-bcc4-32ab-b69c-edd1c9e4d171">
      <TestCategory>
        <TestCategoryItem TestCategory="AlarmsAgent" />
      </TestCategory>
      <Execution id="39cdc952-b213-4e25-a7e0-28bc82abbe85" />
      <TestMethod codeBase="D:\actions-runner\_work\XPCO\XPCO\EventServer\AlarmPlugin\Components\Central\VideoOS.SearchAgents.UnitTest\bin\Debug\VideoOS.SearchAgents.UnitTest.dll" adapterTypeName="executor://mstestadapter/v2" className="VideoOS.SearchAgent.UnitTest.AlarmsAgent.AlarmsSearchDefinitionTest" name="AlarmsSearchDefinition_ThrowsException_WhenAlarmProviderThrowsException" />
    </UnitTest>
    <UnitTest name="SourceSearchFilter_ReturnsTextBoxFilterConfiguration_WhenGetFilterConfiguration" storage="d:\actions-runner\_work\xpco\xpco\eventserver\alarmplugin\components\central\videoos.searchagents.unittest\bin\debug\videoos.searchagents.unittest.dll" id="6e81c649-1d7f-3f91-824e-8c40ae5dc8d8">
      <TestCategory>
        <TestCategoryItem TestCategory="AlarmsAgent" />
      </TestCategory>
      <Execution id="a694a5a1-9f3e-4282-aef8-5a5caa8fac0f" />
      <TestMethod codeBase="D:\actions-runner\_work\XPCO\XPCO\EventServer\AlarmPlugin\Components\Central\VideoOS.SearchAgents.UnitTest\bin\Debug\VideoOS.SearchAgents.UnitTest.dll" adapterTypeName="executor://mstestadapter/v2" className="VideoOS.SearchAgents.UnitTest.AlarmsAgent.SearchFilters.SourceSearchFilterTest" name="SourceSearchFilter_ReturnsTextBoxFilterConfiguration_WhenGetFilterConfiguration" />
    </UnitTest>
    <UnitTest name="EventSearchAgentPlugin_HasNonNullSearchFilterCategory_WhenInit" storage="d:\actions-runner\_work\xpco\xpco\eventserver\alarmplugin\components\central\videoos.searchagents.unittest\bin\debug\videoos.searchagents.unittest.dll" id="66f7b497-0978-0ea2-1d3c-7ee3ddea1eff">
      <TestCategory>
        <TestCategoryItem TestCategory="EventsAgent" />
      </TestCategory>
      <Execution id="91b3023a-0b56-422e-8854-28cd1f88796d" />
      <TestMethod codeBase="D:\actions-runner\_work\XPCO\XPCO\EventServer\AlarmPlugin\Components\Central\VideoOS.SearchAgents.UnitTest\bin\Debug\VideoOS.SearchAgents.UnitTest.dll" adapterTypeName="executor://mstestadapter/v2" className="VideoOS.SearchAgents.UnitTest.EventsAgent.EventSearchAgentPluginTest" name="EventSearchAgentPlugin_HasNonNullSearchFilterCategory_WhenInit" />
    </UnitTest>
    <UnitTest name="PrioritySearchFilter_ThrowsArgumentException_WhenResetValueParameterIsNotSelectionFilterValue" storage="d:\actions-runner\_work\xpco\xpco\eventserver\alarmplugin\components\central\videoos.searchagents.unittest\bin\debug\videoos.searchagents.unittest.dll" id="360747ea-6cc8-a2c2-a079-d018cde29375">
      <TestCategory>
        <TestCategoryItem TestCategory="AlarmsAgent" />
      </TestCategory>
      <Execution id="32b4665c-3b92-484d-ade5-aa15698d7d45" />
      <TestMethod codeBase="D:\actions-runner\_work\XPCO\XPCO\EventServer\AlarmPlugin\Components\Central\VideoOS.SearchAgents.UnitTest\bin\Debug\VideoOS.SearchAgents.UnitTest.dll" adapterTypeName="executor://mstestadapter/v2" className="VideoOS.SearchAgents.UnitTest.AlarmsAgent.SearchFilters.PrioritySearchFilterTest" name="PrioritySearchFilter_ThrowsArgumentException_WhenResetValueParameterIsNotSelectionFilterValue" />
    </UnitTest>
    <UnitTest name="EventFilterFactory_ReturnsCorrectConditionForFilterType_WhenGetFilterCondition (Source,SourceName)" storage="d:\actions-runner\_work\xpco\xpco\eventserver\alarmplugin\components\central\videoos.searchagents.unittest\bin\debug\videoos.searchagents.unittest.dll" id="27c53fd3-2c9d-1575-6960-3ca3808ca9f9">
      <Execution id="e8bebe51-6da4-496c-be6a-df2ff4fb58df" />
      <TestMethod codeBase="D:\actions-runner\_work\XPCO\XPCO\EventServer\AlarmPlugin\Components\Central\VideoOS.SearchAgents.UnitTest\bin\Debug\VideoOS.SearchAgents.UnitTest.dll" adapterTypeName="executor://mstestadapter/v2" className="VideoOS.SearchAgents.UnitTest.EventsAgent.EventFilterFactoryTest" name="EventFilterFactory_ReturnsCorrectConditionForFilterType_WhenGetFilterCondition" />
    </UnitTest>
    <UnitTest name="ServerSearchFilter_ReturnsListSelectionFilterConfiguration_WhenGetFilterConfiguration" storage="d:\actions-runner\_work\xpco\xpco\eventserver\alarmplugin\components\central\videoos.searchagents.unittest\bin\debug\videoos.searchagents.unittest.dll" id="ebc7785a-c649-e9d7-104d-8f82cf08d47b">
      <TestCategory>
        <TestCategoryItem TestCategory="AlarmsAgent" />
      </TestCategory>
      <Execution id="2bb66484-8574-4794-aab0-49d87d27a1f1" />
      <TestMethod codeBase="D:\actions-runner\_work\XPCO\XPCO\EventServer\AlarmPlugin\Components\Central\VideoOS.SearchAgents.UnitTest\bin\Debug\VideoOS.SearchAgents.UnitTest.dll" adapterTypeName="executor://mstestadapter/v2" className="VideoOS.SearchAgents.UnitTest.AlarmsAgent.SearchFilters.ServerSearchFilterTest" name="ServerSearchFilter_ReturnsListSelectionFilterConfiguration_WhenGetFilterConfiguration" />
    </UnitTest>
    <UnitTest name="AlarmSearchAgentPlugin_HasCorrectId_WhenInit" storage="d:\actions-runner\_work\xpco\xpco\eventserver\alarmplugin\components\central\videoos.searchagents.unittest\bin\debug\videoos.searchagents.unittest.dll" id="490c607d-8980-2611-404f-fadd7a87fa48">
      <TestCategory>
        <TestCategoryItem TestCategory="AlarmsAgent" />
      </TestCategory>
      <Execution id="f993c194-15d7-4424-bbfa-1599895e7738" />
      <TestMethod codeBase="D:\actions-runner\_work\XPCO\XPCO\EventServer\AlarmPlugin\Components\Central\VideoOS.SearchAgents.UnitTest\bin\Debug\VideoOS.SearchAgents.UnitTest.dll" adapterTypeName="executor://mstestadapter/v2" className="VideoOS.SearchAgents.UnitTest.AlarmsAgent.AlarmSearchAgentPluginTest" name="AlarmSearchAgentPlugin_HasCorrectId_WhenInit" />
    </UnitTest>
    <UnitTest name="EventSearchDefinition_ThrowsArgumentNulLException_WhenDependencyMissingInConstructor" storage="d:\actions-runner\_work\xpco\xpco\eventserver\alarmplugin\components\central\videoos.searchagents.unittest\bin\debug\videoos.searchagents.unittest.dll" id="2598e6bb-99ed-a7ae-de2f-723d7fed1a1a">
      <TestCategory>
        <TestCategoryItem TestCategory="EventAgent" />
      </TestCategory>
      <Execution id="89a02f77-b995-43ab-b3e8-673efac93cf6" />
      <TestMethod codeBase="D:\actions-runner\_work\XPCO\XPCO\EventServer\AlarmPlugin\Components\Central\VideoOS.SearchAgents.UnitTest\bin\Debug\VideoOS.SearchAgents.UnitTest.dll" adapterTypeName="executor://mstestadapter/v2" className="VideoOS.SearchAgents.UnitTest.EventsAgent.EventSearchDefinitionTest" name="EventSearchDefinition_ThrowsArgumentNulLException_WhenDependencyMissingInConstructor" />
    </UnitTest>
    <UnitTest name="ServerSearchFilter_ClearsFilterValueParameter_WhenResetValue" storage="d:\actions-runner\_work\xpco\xpco\eventserver\alarmplugin\components\central\videoos.searchagents.unittest\bin\debug\videoos.searchagents.unittest.dll" id="9608c157-d88e-6964-af3b-b5411446b50c">
      <TestCategory>
        <TestCategoryItem TestCategory="AlarmsAgent" />
      </TestCategory>
      <Execution id="fb0899f7-98b5-43b5-968f-4ab3fea12409" />
      <TestMethod codeBase="D:\actions-runner\_work\XPCO\XPCO\EventServer\AlarmPlugin\Components\Central\VideoOS.SearchAgents.UnitTest\bin\Debug\VideoOS.SearchAgents.UnitTest.dll" adapterTypeName="executor://mstestadapter/v2" className="VideoOS.SearchAgents.UnitTest.AlarmsAgent.SearchFilters.ServerSearchFilterTest" name="ServerSearchFilter_ClearsFilterValueParameter_WhenResetValue" />
    </UnitTest>
    <UnitTest name="ServerSearchFilter_ThrowsArgumentException_WhenResetValueParameterIsNotSelectionFilterValue" storage="d:\actions-runner\_work\xpco\xpco\eventserver\alarmplugin\components\central\videoos.searchagents.unittest\bin\debug\videoos.searchagents.unittest.dll" id="3bf08db3-2d59-2013-260d-420deb2e3093">
      <TestCategory>
        <TestCategoryItem TestCategory="AlarmsAgent" />
      </TestCategory>
      <Execution id="c409e4b1-9e76-40d2-9327-ff52f0162c57" />
      <TestMethod codeBase="D:\actions-runner\_work\XPCO\XPCO\EventServer\AlarmPlugin\Components\Central\VideoOS.SearchAgents.UnitTest\bin\Debug\VideoOS.SearchAgents.UnitTest.dll" adapterTypeName="executor://mstestadapter/v2" className="VideoOS.SearchAgents.UnitTest.AlarmsAgent.SearchFilters.ServerSearchFilterTest" name="ServerSearchFilter_ThrowsArgumentException_WhenResetValueParameterIsNotSelectionFilterValue" />
    </UnitTest>
    <UnitTest name="EventFilterFactory_ReturnsCorrectConditionForFilterType_WhenGetFilterCondition (From,Timestamp)" storage="d:\actions-runner\_work\xpco\xpco\eventserver\alarmplugin\components\central\videoos.searchagents.unittest\bin\debug\videoos.searchagents.unittest.dll" id="9ce1ec3b-57fb-537d-f44d-4e7a27080e94">
      <Execution id="67ed959b-f6d2-4a50-8841-3cd9d53fe02f" />
      <TestMethod codeBase="D:\actions-runner\_work\XPCO\XPCO\EventServer\AlarmPlugin\Components\Central\VideoOS.SearchAgents.UnitTest\bin\Debug\VideoOS.SearchAgents.UnitTest.dll" adapterTypeName="executor://mstestadapter/v2" className="VideoOS.SearchAgents.UnitTest.EventsAgent.EventFilterFactoryTest" name="EventFilterFactory_ReturnsCorrectConditionForFilterType_WhenGetFilterCondition" />
    </UnitTest>
    <UnitTest name="AlarmsSearchDefinition_ThrowsArgumentNullException_WhenSelectedServersProviderIsNull" storage="d:\actions-runner\_work\xpco\xpco\eventserver\alarmplugin\components\central\videoos.searchagents.unittest\bin\debug\videoos.searchagents.unittest.dll" id="5fc907b0-ebdd-7bfc-e4c9-552f0a34ec42">
      <TestCategory>
        <TestCategoryItem TestCategory="AlarmsAgent" />
      </TestCategory>
      <Execution id="36921ac6-d505-4b7d-b47a-5cdae4709ee3" />
      <TestMethod codeBase="D:\actions-runner\_work\XPCO\XPCO\EventServer\AlarmPlugin\Components\Central\VideoOS.SearchAgents.UnitTest\bin\Debug\VideoOS.SearchAgents.UnitTest.dll" adapterTypeName="executor://mstestadapter/v2" className="VideoOS.SearchAgent.UnitTest.AlarmsAgent.AlarmsSearchDefinitionTest" name="AlarmsSearchDefinition_ThrowsArgumentNullException_WhenSelectedServersProviderIsNull" />
    </UnitTest>
    <UnitTest name="StateSearchFilter_ThrowsArgumentException_WhenResetValueShouldParameterIsNotSelectionFilterValue" storage="d:\actions-runner\_work\xpco\xpco\eventserver\alarmplugin\components\central\videoos.searchagents.unittest\bin\debug\videoos.searchagents.unittest.dll" id="456fcdf4-b6c6-53cd-462b-d220bfaad7ca">
      <TestCategory>
        <TestCategoryItem TestCategory="AlarmsAgent" />
      </TestCategory>
      <Execution id="2e011e2d-a9cf-452c-b5a6-adb3d8d31b94" />
      <TestMethod codeBase="D:\actions-runner\_work\XPCO\XPCO\EventServer\AlarmPlugin\Components\Central\VideoOS.SearchAgents.UnitTest\bin\Debug\VideoOS.SearchAgents.UnitTest.dll" adapterTypeName="executor://mstestadapter/v2" className="VideoOS.SearchAgents.UnitTest.AlarmsAgent.SearchFilters.StateSearchFilterTest" name="StateSearchFilter_ThrowsArgumentException_WhenResetValueShouldParameterIsNotSelectionFilterValue" />
    </UnitTest>
    <UnitTest name="AlarmsSearchDefinition_ThrowsArgumentNullException_WhenSearchResultDataCreatorIsNull" storage="d:\actions-runner\_work\xpco\xpco\eventserver\alarmplugin\components\central\videoos.searchagents.unittest\bin\debug\videoos.searchagents.unittest.dll" id="4656f880-e4c3-5c27-0dab-3161c48b5212">
      <TestCategory>
        <TestCategoryItem TestCategory="AlarmsAgent" />
      </TestCategory>
      <Execution id="ee23bf2f-3e45-4819-a7d7-f700488cf5a3" />
      <TestMethod codeBase="D:\actions-runner\_work\XPCO\XPCO\EventServer\AlarmPlugin\Components\Central\VideoOS.SearchAgents.UnitTest\bin\Debug\VideoOS.SearchAgents.UnitTest.dll" adapterTypeName="executor://mstestadapter/v2" className="VideoOS.SearchAgent.UnitTest.AlarmsAgent.AlarmsSearchDefinitionTest" name="AlarmsSearchDefinition_ThrowsArgumentNullException_WhenSearchResultDataCreatorIsNull" />
    </UnitTest>
    <UnitTest name="MessageSearchFilter_HasListSelectionFilterConfigurationWithInitialAlarmMessages_WhenGetFilterConfiguration" storage="d:\actions-runner\_work\xpco\xpco\eventserver\alarmplugin\components\central\videoos.searchagents.unittest\bin\debug\videoos.searchagents.unittest.dll" id="7c296494-85c0-d8ff-2e98-18a58d40cec3">
      <TestCategory>
        <TestCategoryItem TestCategory="AlarmsAgent" />
      </TestCategory>
      <Execution id="42367fcc-09e5-45fd-962b-4983e951b91d" />
      <TestMethod codeBase="D:\actions-runner\_work\XPCO\XPCO\EventServer\AlarmPlugin\Components\Central\VideoOS.SearchAgents.UnitTest\bin\Debug\VideoOS.SearchAgents.UnitTest.dll" adapterTypeName="executor://mstestadapter/v2" className="VideoOS.SearchAgents.UnitTest.AlarmsAgent.SearchFilters.MessageSearchFilterTest" name="MessageSearchFilter_HasListSelectionFilterConfigurationWithInitialAlarmMessages_WhenGetFilterConfiguration" />
    </UnitTest>
    <UnitTest name="AlarmsSearchDefinition_ThrowsArgumentNullException_WhenAlarmProviderIsNull" storage="d:\actions-runner\_work\xpco\xpco\eventserver\alarmplugin\components\central\videoos.searchagents.unittest\bin\debug\videoos.searchagents.unittest.dll" id="03d0b22b-5019-8a7f-2c6f-f4f8ea07fe27">
      <TestCategory>
        <TestCategoryItem TestCategory="AlarmsAgent" />
      </TestCategory>
      <Execution id="469a7ee0-ec26-4911-9164-6b701cfb12eb" />
      <TestMethod codeBase="D:\actions-runner\_work\XPCO\XPCO\EventServer\AlarmPlugin\Components\Central\VideoOS.SearchAgents.UnitTest\bin\Debug\VideoOS.SearchAgents.UnitTest.dll" adapterTypeName="executor://mstestadapter/v2" className="VideoOS.SearchAgent.UnitTest.AlarmsAgent.AlarmsSearchDefinitionTest" name="AlarmsSearchDefinition_ThrowsArgumentNullException_WhenAlarmProviderIsNull" />
    </UnitTest>
    <UnitTest name="ServerSearchFilter_ThrowsArgumentException_WhenResetValueParameterIsNotSelectionFilterValue" storage="d:\actions-runner\_work\xpco\xpco\eventserver\alarmplugin\components\central\videoos.searchagents.unittest\bin\debug\videoos.searchagents.unittest.dll" id="d2d94907-0eb5-d1cc-8d22-898b37289664">
      <TestCategory>
        <TestCategoryItem TestCategory="EventsAgent" />
      </TestCategory>
      <Execution id="93c0c82f-dd09-4f24-be9a-6fe8ba526b7b" />
      <TestMethod codeBase="D:\actions-runner\_work\XPCO\XPCO\EventServer\AlarmPlugin\Components\Central\VideoOS.SearchAgents.UnitTest\bin\Debug\VideoOS.SearchAgents.UnitTest.dll" adapterTypeName="executor://mstestadapter/v2" className="VideoOS.SearchAgents.UnitTest.EventsAgent.SearchFilters.ServerSearchFilterTest" name="ServerSearchFilter_ThrowsArgumentException_WhenResetValueParameterIsNotSelectionFilterValue" />
    </UnitTest>
    <UnitTest name="StateSearchFilter_ReturnsInitialAlarmStatesGuids_WhenGetFilterConfigurationWithAlarmStatesPassedByParameter" storage="d:\actions-runner\_work\xpco\xpco\eventserver\alarmplugin\components\central\videoos.searchagents.unittest\bin\debug\videoos.searchagents.unittest.dll" id="469cffc7-c257-4390-0298-0673d1e2c22b">
      <TestCategory>
        <TestCategoryItem TestCategory="AlarmsAgent" />
      </TestCategory>
      <Execution id="3d03a3c4-7be6-4e0d-ab39-39282802f685" />
      <TestMethod codeBase="D:\actions-runner\_work\XPCO\XPCO\EventServer\AlarmPlugin\Components\Central\VideoOS.SearchAgents.UnitTest\bin\Debug\VideoOS.SearchAgents.UnitTest.dll" adapterTypeName="executor://mstestadapter/v2" className="VideoOS.SearchAgents.UnitTest.AlarmsAgent.SearchFilters.StateSearchFilterTest" name="StateSearchFilter_ReturnsInitialAlarmStatesGuids_WhenGetFilterConfigurationWithAlarmStatesPassedByParameter" />
    </UnitTest>
    <UnitTest name="MessageSearchFilter_ClearsFilterValueParameter_WhenResetValue" storage="d:\actions-runner\_work\xpco\xpco\eventserver\alarmplugin\components\central\videoos.searchagents.unittest\bin\debug\videoos.searchagents.unittest.dll" id="486c4b9f-292f-52f1-eec9-078393b403e5">
      <TestCategory>
        <TestCategoryItem TestCategory="AlarmsAgent" />
      </TestCategory>
      <Execution id="4dc4392f-cda5-46ad-bec0-9b89ab23c74f" />
      <TestMethod codeBase="D:\actions-runner\_work\XPCO\XPCO\EventServer\AlarmPlugin\Components\Central\VideoOS.SearchAgents.UnitTest\bin\Debug\VideoOS.SearchAgents.UnitTest.dll" adapterTypeName="executor://mstestadapter/v2" className="VideoOS.SearchAgents.UnitTest.AlarmsAgent.SearchFilters.MessageSearchFilterTest" name="MessageSearchFilter_ClearsFilterValueParameter_WhenResetValue" />
    </UnitTest>
    <UnitTest name="PrioritySearchFilter_ReturnsListSelectionFilterConfiguration_WhenGetFilterConfiguration" storage="d:\actions-runner\_work\xpco\xpco\eventserver\alarmplugin\components\central\videoos.searchagents.unittest\bin\debug\videoos.searchagents.unittest.dll" id="54d38c8e-b60c-f43f-e134-f56274dcd3fc">
      <TestCategory>
        <TestCategoryItem TestCategory="AlarmsAgent" />
      </TestCategory>
      <Execution id="f0461a96-3a4f-4f62-be9f-f681def23937" />
      <TestMethod codeBase="D:\actions-runner\_work\XPCO\XPCO\EventServer\AlarmPlugin\Components\Central\VideoOS.SearchAgents.UnitTest\bin\Debug\VideoOS.SearchAgents.UnitTest.dll" adapterTypeName="executor://mstestadapter/v2" className="VideoOS.SearchAgents.UnitTest.AlarmsAgent.SearchFilters.PrioritySearchFilterTest" name="PrioritySearchFilter_ReturnsListSelectionFilterConfiguration_WhenGetFilterConfiguration" />
    </UnitTest>
    <UnitTest name="ServerSearchFilter_ReturnsListSelectionFilterConfiguration_WhenGetFilterConfiguration" storage="d:\actions-runner\_work\xpco\xpco\eventserver\alarmplugin\components\central\videoos.searchagents.unittest\bin\debug\videoos.searchagents.unittest.dll" id="8654c5c4-4916-f965-8bb6-110243f55a27">
      <TestCategory>
        <TestCategoryItem TestCategory="EventsAgent" />
      </TestCategory>
      <Execution id="c48dc44d-dc3f-4afe-aac2-b278a8de38a0" />
      <TestMethod codeBase="D:\actions-runner\_work\XPCO\XPCO\EventServer\AlarmPlugin\Components\Central\VideoOS.SearchAgents.UnitTest\bin\Debug\VideoOS.SearchAgents.UnitTest.dll" adapterTypeName="executor://mstestadapter/v2" className="VideoOS.SearchAgents.UnitTest.EventsAgent.SearchFilters.ServerSearchFilterTest" name="ServerSearchFilter_ReturnsListSelectionFilterConfiguration_WhenGetFilterConfiguration" />
    </UnitTest>
    <UnitTest name="IDSearchFilter_ThrowsArgumentException_WhenResetValueWithNotASelectionFilterValue" storage="d:\actions-runner\_work\xpco\xpco\eventserver\alarmplugin\components\central\videoos.searchagents.unittest\bin\debug\videoos.searchagents.unittest.dll" id="35065cdc-0b69-4d14-2ef4-5e614ff2a1c6">
      <TestCategory>
        <TestCategoryItem TestCategory="AlarmsAgent" />
      </TestCategory>
      <Execution id="ee76b28e-375c-4bbd-95f7-75a223570fe5" />
      <TestMethod codeBase="D:\actions-runner\_work\XPCO\XPCO\EventServer\AlarmPlugin\Components\Central\VideoOS.SearchAgents.UnitTest\bin\Debug\VideoOS.SearchAgents.UnitTest.dll" adapterTypeName="executor://mstestadapter/v2" className="VideoOS.SearchAgents.UnitTest.AlarmsAgent.SearchFilters.IDSearchFilterTest" name="IDSearchFilter_ThrowsArgumentException_WhenResetValueWithNotASelectionFilterValue" />
    </UnitTest>
    <UnitTest name="EventFilterFactory_ThrowsArgumentNullException_WhenGetFilterConditionForEmptyValue (To)" storage="d:\actions-runner\_work\xpco\xpco\eventserver\alarmplugin\components\central\videoos.searchagents.unittest\bin\debug\videoos.searchagents.unittest.dll" id="351ef229-86d9-3b38-25fb-d53b2ed0d8e3">
      <Execution id="86af8fda-c830-4a47-8531-729b59798c97" />
      <TestMethod codeBase="D:\actions-runner\_work\XPCO\XPCO\EventServer\AlarmPlugin\Components\Central\VideoOS.SearchAgents.UnitTest\bin\Debug\VideoOS.SearchAgents.UnitTest.dll" adapterTypeName="executor://mstestadapter/v2" className="VideoOS.SearchAgents.UnitTest.EventsAgent.EventFilterFactoryTest" name="EventFilterFactory_ThrowsArgumentNullException_WhenGetFilterConditionForEmptyValue" />
    </UnitTest>
    <UnitTest name="SourceSearchFilter_ThrowsArgumentException_WhenResetValueParameterIsNotSelectionFilterValue" storage="d:\actions-runner\_work\xpco\xpco\eventserver\alarmplugin\components\central\videoos.searchagents.unittest\bin\debug\videoos.searchagents.unittest.dll" id="73bd8105-9c20-58bf-5fa7-c5ac67a7bf1b">
      <TestCategory>
        <TestCategoryItem TestCategory="EventsAgent" />
      </TestCategory>
      <Execution id="2161ffbd-192b-42d4-ac94-746c780595df" />
      <TestMethod codeBase="D:\actions-runner\_work\XPCO\XPCO\EventServer\AlarmPlugin\Components\Central\VideoOS.SearchAgents.UnitTest\bin\Debug\VideoOS.SearchAgents.UnitTest.dll" adapterTypeName="executor://mstestadapter/v2" className="VideoOS.SearchAgents.UnitTest.EventsAgent.SearchFilters.SourceSearchFilterTest" name="SourceSearchFilter_ThrowsArgumentException_WhenResetValueParameterIsNotSelectionFilterValue" />
    </UnitTest>
    <UnitTest name="EventFilterFactory_ReturnsCorrectConditionForFilterType_WhenGetFilterCondition (To,Timestamp)" storage="d:\actions-runner\_work\xpco\xpco\eventserver\alarmplugin\components\central\videoos.searchagents.unittest\bin\debug\videoos.searchagents.unittest.dll" id="761dd52c-2958-eb2d-847d-854fcee3205e">
      <Execution id="9944d147-2ca8-4620-868e-b62182c29811" />
      <TestMethod codeBase="D:\actions-runner\_work\XPCO\XPCO\EventServer\AlarmPlugin\Components\Central\VideoOS.SearchAgents.UnitTest\bin\Debug\VideoOS.SearchAgents.UnitTest.dll" adapterTypeName="executor://mstestadapter/v2" className="VideoOS.SearchAgents.UnitTest.EventsAgent.EventFilterFactoryTest" name="EventFilterFactory_ReturnsCorrectConditionForFilterType_WhenGetFilterCondition" />
    </UnitTest>
    <UnitTest name="EventSearchAgentPlugin_HasNonNullSearchFilterCategoryIcon_WhenInit" storage="d:\actions-runner\_work\xpco\xpco\eventserver\alarmplugin\components\central\videoos.searchagents.unittest\bin\debug\videoos.searchagents.unittest.dll" id="fd2efd7b-c50c-5451-8f44-9b01a3c0fb4c">
      <TestCategory>
        <TestCategoryItem TestCategory="EventsAgent" />
      </TestCategory>
      <Execution id="c6a09f86-602f-4361-bcbe-4bbc0e45d496" />
      <TestMethod codeBase="D:\actions-runner\_work\XPCO\XPCO\EventServer\AlarmPlugin\Components\Central\VideoOS.SearchAgents.UnitTest\bin\Debug\VideoOS.SearchAgents.UnitTest.dll" adapterTypeName="executor://mstestadapter/v2" className="VideoOS.SearchAgents.UnitTest.EventsAgent.EventSearchAgentPluginTest" name="EventSearchAgentPlugin_HasNonNullSearchFilterCategoryIcon_WhenInit" />
    </UnitTest>
    <UnitTest name="EventFilterFactory_ThrowsArgumentNullException_WhenGetFilterConditionForEmptyValue (Source)" storage="d:\actions-runner\_work\xpco\xpco\eventserver\alarmplugin\components\central\videoos.searchagents.unittest\bin\debug\videoos.searchagents.unittest.dll" id="751eb375-bf04-8992-bb80-e8f959b05cb3">
      <Execution id="bbf451a6-84fb-4db3-a88e-bfaa976e39ac" />
      <TestMethod codeBase="D:\actions-runner\_work\XPCO\XPCO\EventServer\AlarmPlugin\Components\Central\VideoOS.SearchAgents.UnitTest\bin\Debug\VideoOS.SearchAgents.UnitTest.dll" adapterTypeName="executor://mstestadapter/v2" className="VideoOS.SearchAgents.UnitTest.EventsAgent.EventFilterFactoryTest" name="EventFilterFactory_ThrowsArgumentNullException_WhenGetFilterConditionForEmptyValue" />
    </UnitTest>
    <UnitTest name="AlarmSearchAgentPlugin_HasNonNullSearchFilterCategoryIcon_WhenInit" storage="d:\actions-runner\_work\xpco\xpco\eventserver\alarmplugin\components\central\videoos.searchagents.unittest\bin\debug\videoos.searchagents.unittest.dll" id="562b1012-fe2e-157b-4467-15a9d7a49324">
      <TestCategory>
        <TestCategoryItem TestCategory="AlarmsAgent" />
      </TestCategory>
      <Execution id="52dbb321-f05d-4c46-8489-8d364ddafbda" />
      <TestMethod codeBase="D:\actions-runner\_work\XPCO\XPCO\EventServer\AlarmPlugin\Components\Central\VideoOS.SearchAgents.UnitTest\bin\Debug\VideoOS.SearchAgents.UnitTest.dll" adapterTypeName="executor://mstestadapter/v2" className="VideoOS.SearchAgents.UnitTest.AlarmsAgent.AlarmSearchAgentPluginTest" name="AlarmSearchAgentPlugin_HasNonNullSearchFilterCategoryIcon_WhenInit" />
    </UnitTest>
    <UnitTest name="AlarmSearchAgentPlugin_HasSameServersInSearchFiltersAndConstructor_WhenInit" storage="d:\actions-runner\_work\xpco\xpco\eventserver\alarmplugin\components\central\videoos.searchagents.unittest\bin\debug\videoos.searchagents.unittest.dll" id="d5afc39e-7194-0fcc-4b16-a238ee658e2c">
      <TestCategory>
        <TestCategoryItem TestCategory="AlarmsAgent" />
      </TestCategory>
      <Execution id="eeece417-2c52-4a61-9a78-76c705a16155" />
      <TestMethod codeBase="D:\actions-runner\_work\XPCO\XPCO\EventServer\AlarmPlugin\Components\Central\VideoOS.SearchAgents.UnitTest\bin\Debug\VideoOS.SearchAgents.UnitTest.dll" adapterTypeName="executor://mstestadapter/v2" className="VideoOS.SearchAgents.UnitTest.AlarmsAgent.AlarmSearchAgentPluginTest" name="AlarmSearchAgentPlugin_HasSameServersInSearchFiltersAndConstructor_WhenInit" />
    </UnitTest>
    <UnitTest name="EventFilterFactory_ReturnsCorrectConditionForFilterType_WhenGetFilterCondition (Id,LocalId)" storage="d:\actions-runner\_work\xpco\xpco\eventserver\alarmplugin\components\central\videoos.searchagents.unittest\bin\debug\videoos.searchagents.unittest.dll" id="49de5733-024e-0e5f-0cd4-1cfbb7c2788d">
      <Execution id="1b87824d-40c1-411f-b536-cc23bed587ff" />
      <TestMethod codeBase="D:\actions-runner\_work\XPCO\XPCO\EventServer\AlarmPlugin\Components\Central\VideoOS.SearchAgents.UnitTest\bin\Debug\VideoOS.SearchAgents.UnitTest.dll" adapterTypeName="executor://mstestadapter/v2" className="VideoOS.SearchAgents.UnitTest.EventsAgent.EventFilterFactoryTest" name="EventFilterFactory_ReturnsCorrectConditionForFilterType_WhenGetFilterCondition" />
    </UnitTest>
    <UnitTest name="OwnerSearchFilter_ClearsFilterValueParameter_WhenResetValue" storage="d:\actions-runner\_work\xpco\xpco\eventserver\alarmplugin\components\central\videoos.searchagents.unittest\bin\debug\videoos.searchagents.unittest.dll" id="e379c7c3-2c5c-5d9f-dab8-91426a1914ed">
      <TestCategory>
        <TestCategoryItem TestCategory="AlarmsAgent" />
      </TestCategory>
      <Execution id="2370467e-3c0d-4e2f-b2de-9845fd0957c8" />
      <TestMethod codeBase="D:\actions-runner\_work\XPCO\XPCO\EventServer\AlarmPlugin\Components\Central\VideoOS.SearchAgents.UnitTest\bin\Debug\VideoOS.SearchAgents.UnitTest.dll" adapterTypeName="executor://mstestadapter/v2" className="VideoOS.SearchAgents.UnitTest.AlarmsAgent.SearchFilters.OwnerSearchFilterTest" name="OwnerSearchFilter_ClearsFilterValueParameter_WhenResetValue" />
    </UnitTest>
    <UnitTest name="MessageSearchFilter_ReturnsListSelectionFilterConfiguration_WhenGetFilterConfiguration" storage="d:\actions-runner\_work\xpco\xpco\eventserver\alarmplugin\components\central\videoos.searchagents.unittest\bin\debug\videoos.searchagents.unittest.dll" id="094945b4-ebaf-f8ab-b0fe-87dc2f042bd7">
      <TestCategory>
        <TestCategoryItem TestCategory="AlarmsAgent" />
      </TestCategory>
      <Execution id="21107744-cf5e-41e2-bbd6-196452c921d1" />
      <TestMethod codeBase="D:\actions-runner\_work\XPCO\XPCO\EventServer\AlarmPlugin\Components\Central\VideoOS.SearchAgents.UnitTest\bin\Debug\VideoOS.SearchAgents.UnitTest.dll" adapterTypeName="executor://mstestadapter/v2" className="VideoOS.SearchAgents.UnitTest.AlarmsAgent.SearchFilters.MessageSearchFilterTest" name="MessageSearchFilter_ReturnsListSelectionFilterConfiguration_WhenGetFilterConfiguration" />
    </UnitTest>
    <UnitTest name="EventSearchDefinition_FiresSearchEventForSelectedServers_WhenSearchEvents" storage="d:\actions-runner\_work\xpco\xpco\eventserver\alarmplugin\components\central\videoos.searchagents.unittest\bin\debug\videoos.searchagents.unittest.dll" id="bb3a2d62-8c16-8854-2590-4f5f74c37673">
      <TestCategory>
        <TestCategoryItem TestCategory="EventAgent" />
      </TestCategory>
      <Execution id="60af03a5-aaed-488f-81a6-179b42dc511b" />
      <TestMethod codeBase="D:\actions-runner\_work\XPCO\XPCO\EventServer\AlarmPlugin\Components\Central\VideoOS.SearchAgents.UnitTest\bin\Debug\VideoOS.SearchAgents.UnitTest.dll" adapterTypeName="executor://mstestadapter/v2" className="VideoOS.SearchAgents.UnitTest.EventsAgent.EventSearchDefinitionTest" name="EventSearchDefinition_FiresSearchEventForSelectedServers_WhenSearchEvents" />
    </UnitTest>
    <UnitTest name="AlarmSearchAgentPlugin_HasNonNullCategoryName_WhenInit" storage="d:\actions-runner\_work\xpco\xpco\eventserver\alarmplugin\components\central\videoos.searchagents.unittest\bin\debug\videoos.searchagents.unittest.dll" id="0001e470-e273-8380-7355-9c6b3a7feb0b">
      <TestCategory>
        <TestCategoryItem TestCategory="AlarmsAgent" />
      </TestCategory>
      <Execution id="01fbb051-5af2-4025-9652-2fb1d4d01b1a" />
      <TestMethod codeBase="D:\actions-runner\_work\XPCO\XPCO\EventServer\AlarmPlugin\Components\Central\VideoOS.SearchAgents.UnitTest\bin\Debug\VideoOS.SearchAgents.UnitTest.dll" adapterTypeName="executor://mstestadapter/v2" className="VideoOS.SearchAgents.UnitTest.AlarmsAgent.AlarmSearchAgentPluginTest" name="AlarmSearchAgentPlugin_HasNonNullCategoryName_WhenInit" />
    </UnitTest>
    <UnitTest name="AlarmsSearchDefinition_FiresSearchResultsReadyEventForEachServer_WhenSearchAlarmsIsCalled" storage="d:\actions-runner\_work\xpco\xpco\eventserver\alarmplugin\components\central\videoos.searchagents.unittest\bin\debug\videoos.searchagents.unittest.dll" id="0e25b2a5-f86e-0a54-ed6b-cdf5f3ca9da7">
      <TestCategory>
        <TestCategoryItem TestCategory="AlarmsAgent" />
      </TestCategory>
      <Execution id="82a7b728-97ce-44bd-840a-f1c8da63361d" />
      <TestMethod codeBase="D:\actions-runner\_work\XPCO\XPCO\EventServer\AlarmPlugin\Components\Central\VideoOS.SearchAgents.UnitTest\bin\Debug\VideoOS.SearchAgents.UnitTest.dll" adapterTypeName="executor://mstestadapter/v2" className="VideoOS.SearchAgent.UnitTest.AlarmsAgent.AlarmsSearchDefinitionTest" name="AlarmsSearchDefinition_FiresSearchResultsReadyEventForEachServer_WhenSearchAlarmsIsCalled" />
    </UnitTest>
    <UnitTest name="IDSearchFilter_ClearsFilterValueParameterText_WhenResetValue" storage="d:\actions-runner\_work\xpco\xpco\eventserver\alarmplugin\components\central\videoos.searchagents.unittest\bin\debug\videoos.searchagents.unittest.dll" id="321f0be5-34d2-550e-dd65-affe7d46dfe7">
      <TestCategory>
        <TestCategoryItem TestCategory="AlarmsAgent" />
      </TestCategory>
      <Execution id="57e113e7-7de9-4534-a8c4-a7245a993f42" />
      <TestMethod codeBase="D:\actions-runner\_work\XPCO\XPCO\EventServer\AlarmPlugin\Components\Central\VideoOS.SearchAgents.UnitTest\bin\Debug\VideoOS.SearchAgents.UnitTest.dll" adapterTypeName="executor://mstestadapter/v2" className="VideoOS.SearchAgents.UnitTest.AlarmsAgent.SearchFilters.IDSearchFilterTest" name="IDSearchFilter_ClearsFilterValueParameterText_WhenResetValue" />
    </UnitTest>
    <UnitTest name="OwnerSearchFilter_ThrowsException_WhenResetValueParameterIsNotSelectionFilterValue" storage="d:\actions-runner\_work\xpco\xpco\eventserver\alarmplugin\components\central\videoos.searchagents.unittest\bin\debug\videoos.searchagents.unittest.dll" id="9be30d79-b3cf-1247-b474-0fe612aa1bd6">
      <TestCategory>
        <TestCategoryItem TestCategory="AlarmsAgent" />
      </TestCategory>
      <Execution id="dba98436-96d1-4760-9397-10ecbbe2f657" />
      <TestMethod codeBase="D:\actions-runner\_work\XPCO\XPCO\EventServer\AlarmPlugin\Components\Central\VideoOS.SearchAgents.UnitTest\bin\Debug\VideoOS.SearchAgents.UnitTest.dll" adapterTypeName="executor://mstestadapter/v2" className="VideoOS.SearchAgents.UnitTest.AlarmsAgent.SearchFilters.OwnerSearchFilterTest" name="OwnerSearchFilter_ThrowsException_WhenResetValueParameterIsNotSelectionFilterValue" />
    </UnitTest>
    <UnitTest name="EventSearchAgentPlugin_HasNonNullSearchFilterCategoryName_WhenInit" storage="d:\actions-runner\_work\xpco\xpco\eventserver\alarmplugin\components\central\videoos.searchagents.unittest\bin\debug\videoos.searchagents.unittest.dll" id="9e9d3e20-8bbe-7266-c841-e5dcc466ad9f">
      <TestCategory>
        <TestCategoryItem TestCategory="EventsAgent" />
      </TestCategory>
      <Execution id="47d966c4-d730-4553-99b8-275f9aac66b1" />
      <TestMethod codeBase="D:\actions-runner\_work\XPCO\XPCO\EventServer\AlarmPlugin\Components\Central\VideoOS.SearchAgents.UnitTest\bin\Debug\VideoOS.SearchAgents.UnitTest.dll" adapterTypeName="executor://mstestadapter/v2" className="VideoOS.SearchAgents.UnitTest.EventsAgent.EventSearchAgentPluginTest" name="EventSearchAgentPlugin_HasNonNullSearchFilterCategoryName_WhenInit" />
    </UnitTest>
  </TestDefinitions>
  <TestEntries>
    <TestEntry testId="2ea9f846-b793-8735-fefc-2eca615f80ca" executionId="ea94e4d2-3943-4227-8e3a-560eec616f75" testListId="8c84fa94-04c1-424b-9868-57a2d4851a1d" />
    <TestEntry testId="567257e7-77d4-55bc-587f-9ab8eb276b1f" executionId="4e0d4a09-d5e0-4032-9e5c-627b9d9c17c2" testListId="8c84fa94-04c1-424b-9868-57a2d4851a1d" />
    <TestEntry testId="c5fd5dae-a83a-5697-ed36-8fb875098827" executionId="bcb6fe9e-b53b-48b7-9e90-a690f66ed9e3" testListId="8c84fa94-04c1-424b-9868-57a2d4851a1d" />
    <TestEntry testId="03d0b22b-5019-8a7f-2c6f-f4f8ea07fe27" executionId="469a7ee0-ec26-4911-9164-6b701cfb12eb" testListId="8c84fa94-04c1-424b-9868-57a2d4851a1d" />
    <TestEntry testId="6d690cf8-e750-2ed4-0168-210f37dc5422" executionId="9df1a7de-152f-4e15-a890-c8be43fab4c0" testListId="8c84fa94-04c1-424b-9868-57a2d4851a1d" />
    <TestEntry testId="321f0be5-34d2-550e-dd65-affe7d46dfe7" executionId="57e113e7-7de9-4534-a8c4-a7245a993f42" testListId="8c84fa94-04c1-424b-9868-57a2d4851a1d" />
    <TestEntry testId="edcef4d4-e39f-586e-b08e-1bbc630da956" executionId="65138041-371b-4451-8976-c7748777604f" testListId="8c84fa94-04c1-424b-9868-57a2d4851a1d" />
    <TestEntry testId="360747ea-6cc8-a2c2-a079-d018cde29375" executionId="32b4665c-3b92-484d-ade5-aa15698d7d45" testListId="8c84fa94-04c1-424b-9868-57a2d4851a1d" />
    <TestEntry testId="836c0df6-6555-5657-f8a6-b7df90c0be8c" executionId="cec58be6-4e8c-479b-a7c5-d8c88192f6ef" testListId="8c84fa94-04c1-424b-9868-57a2d4851a1d" />
    <TestEntry testId="fd2efd7b-c50c-5451-8f44-9b01a3c0fb4c" executionId="c6a09f86-602f-4361-bcbe-4bbc0e45d496" testListId="8c84fa94-04c1-424b-9868-57a2d4851a1d" />
    <TestEntry testId="60edf5ed-2d85-10f5-c84a-ed1da7fea928" executionId="1bd1ffb8-029b-4c42-9a5c-21ce634defc1" testListId="8c84fa94-04c1-424b-9868-57a2d4851a1d" />
    <TestEntry testId="73bd8105-9c20-58bf-5fa7-c5ac67a7bf1b" executionId="2161ffbd-192b-42d4-ac94-746c780595df" testListId="8c84fa94-04c1-424b-9868-57a2d4851a1d" />
    <TestEntry testId="351ef229-86d9-3b38-25fb-d53b2ed0d8e3" executionId="86af8fda-c830-4a47-8531-729b59798c97" testListId="8c84fa94-04c1-424b-9868-57a2d4851a1d" />
    <TestEntry testId="490c607d-8980-2611-404f-fadd7a87fa48" executionId="f993c194-15d7-4424-bbfa-1599895e7738" testListId="8c84fa94-04c1-424b-9868-57a2d4851a1d" />
    <TestEntry testId="bb3a2d62-8c16-8854-2590-4f5f74c37673" executionId="60af03a5-aaed-488f-81a6-179b42dc511b" testListId="8c84fa94-04c1-424b-9868-57a2d4851a1d" />
    <TestEntry testId="0001e470-e273-8380-7355-9c6b3a7feb0b" executionId="01fbb051-5af2-4025-9652-2fb1d4d01b1a" testListId="8c84fa94-04c1-424b-9868-57a2d4851a1d" />
    <TestEntry testId="033a6bb9-6071-a1b6-f96c-3382da54d52c" executionId="94610b84-1ce0-4ec0-9e29-aa29e36dccab" testListId="8c84fa94-04c1-424b-9868-57a2d4851a1d" />
    <TestEntry testId="5fc907b0-ebdd-7bfc-e4c9-552f0a34ec42" executionId="36921ac6-d505-4b7d-b47a-5cdae4709ee3" testListId="8c84fa94-04c1-424b-9868-57a2d4851a1d" />
    <TestEntry testId="04fe1d12-6020-1b04-8f8b-ccccd2db27bf" executionId="47cdde22-1c98-4be6-9a5f-47d61f506da8" testListId="8c84fa94-04c1-424b-9868-57a2d4851a1d" />
    <TestEntry testId="4656f880-e4c3-5c27-0dab-3161c48b5212" executionId="ee23bf2f-3e45-4819-a7d7-f700488cf5a3" testListId="8c84fa94-04c1-424b-9868-57a2d4851a1d" />
    <TestEntry testId="c2d66555-fc03-51a5-73ce-d9a9df8bff06" executionId="01acecc7-ef6b-4f7a-be4a-a368e2287c84" testListId="8c84fa94-04c1-424b-9868-57a2d4851a1d" />
    <TestEntry testId="49de5733-024e-0e5f-0cd4-1cfbb7c2788d" executionId="1b87824d-40c1-411f-b536-cc23bed587ff" testListId="8c84fa94-04c1-424b-9868-57a2d4851a1d" />
    <TestEntry testId="562b1012-fe2e-157b-4467-15a9d7a49324" executionId="52dbb321-f05d-4c46-8489-8d364ddafbda" testListId="8c84fa94-04c1-424b-9868-57a2d4851a1d" />
    <TestEntry testId="62f2202e-d6a7-729f-de92-acd6ced670f3" executionId="8e0cb2ca-8e0f-4b1a-a237-ca3ee6163c5a" testListId="8c84fa94-04c1-424b-9868-57a2d4851a1d" />
    <TestEntry testId="13f0b83b-5eb7-de51-650d-6a61cc67d167" executionId="147adfec-2fcf-498b-8298-c7cd4da62f37" testListId="8c84fa94-04c1-424b-9868-57a2d4851a1d" />
    <TestEntry testId="4528dc8d-0996-9892-8508-6f7d2715c1af" executionId="654d72ec-6a02-4886-a63f-00ad15cdb2e2" testListId="8c84fa94-04c1-424b-9868-57a2d4851a1d" />
    <TestEntry testId="5a02515e-5e1f-5419-3165-c75a20ec5489" executionId="0928f79f-144d-4c2c-9199-433bc44d9237" testListId="8c84fa94-04c1-424b-9868-57a2d4851a1d" />
    <TestEntry testId="ebc7785a-c649-e9d7-104d-8f82cf08d47b" executionId="2bb66484-8574-4794-aab0-49d87d27a1f1" testListId="8c84fa94-04c1-424b-9868-57a2d4851a1d" />
    <TestEntry testId="62a359c2-8f3e-697d-be79-7cf0858e1e9f" executionId="b1d19c4d-67c8-463a-9ef6-7e840820ff09" testListId="8c84fa94-04c1-424b-9868-57a2d4851a1d" />
    <TestEntry testId="761dd52c-2958-eb2d-847d-854fcee3205e" executionId="9944d147-2ca8-4620-868e-b62182c29811" testListId="8c84fa94-04c1-424b-9868-57a2d4851a1d" />
    <TestEntry testId="456fcdf4-b6c6-53cd-462b-d220bfaad7ca" executionId="2e011e2d-a9cf-452c-b5a6-adb3d8d31b94" testListId="8c84fa94-04c1-424b-9868-57a2d4851a1d" />
    <TestEntry testId="6e81c649-1d7f-3f91-824e-8c40ae5dc8d8" executionId="a694a5a1-9f3e-4282-aef8-5a5caa8fac0f" testListId="8c84fa94-04c1-424b-9868-57a2d4851a1d" />
    <TestEntry testId="88388198-618e-aadb-e30b-ce73812e495f" executionId="065892f9-5910-4137-b9c6-59386fcc3aa3" testListId="8c84fa94-04c1-424b-9868-57a2d4851a1d" />
    <TestEntry testId="751eb375-bf04-8992-bb80-e8f959b05cb3" executionId="bbf451a6-84fb-4db3-a88e-bfaa976e39ac" testListId="8c84fa94-04c1-424b-9868-57a2d4851a1d" />
    <TestEntry testId="0aa8e330-23a8-a9d4-9b16-07a4212c6ae9" executionId="1c2db0cb-239d-4c0a-b4bf-c6b33dba4615" testListId="8c84fa94-04c1-424b-9868-57a2d4851a1d" />
    <TestEntry testId="c2d0219e-f849-a413-dbd3-63a6181f7209" executionId="4d86f112-b6e8-4ce5-b66e-6f1922f444a9" testListId="8c84fa94-04c1-424b-9868-57a2d4851a1d" />
    <TestEntry testId="e8b9ebe3-9da3-af8e-9b66-63503cd9e7fe" executionId="7399b0e5-a6fb-45c0-9273-b5084d27a28a" testListId="8c84fa94-04c1-424b-9868-57a2d4851a1d" />
    <TestEntry testId="8654c5c4-4916-f965-8bb6-110243f55a27" executionId="c48dc44d-dc3f-4afe-aac2-b278a8de38a0" testListId="8c84fa94-04c1-424b-9868-57a2d4851a1d" />
    <TestEntry testId="27c53fd3-2c9d-1575-6960-3ca3808ca9f9" executionId="e8bebe51-6da4-496c-be6a-df2ff4fb58df" testListId="8c84fa94-04c1-424b-9868-57a2d4851a1d" />
    <TestEntry testId="66f7b497-0978-0ea2-1d3c-7ee3ddea1eff" executionId="91b3023a-0b56-422e-8854-28cd1f88796d" testListId="8c84fa94-04c1-424b-9868-57a2d4851a1d" />
    <TestEntry testId="4b19f34e-bd7b-681b-b644-a9e0cd33d28e" executionId="78319c5a-caea-4511-82cc-c6d9c2126aeb" testListId="8c84fa94-04c1-424b-9868-57a2d4851a1d" />
    <TestEntry testId="3bf26497-977c-c696-92fb-b0c844a87da9" executionId="927b7726-9c21-4e92-b4d3-8846b1803c81" testListId="8c84fa94-04c1-424b-9868-57a2d4851a1d" />
    <TestEntry testId="84e0f2e6-a01e-3d83-2111-8edda418f7a0" executionId="739ed5c2-eb97-4e7e-bfb4-cc0950fe47d4" testListId="8c84fa94-04c1-424b-9868-57a2d4851a1d" />
    <TestEntry testId="f549b9fe-2f2f-5041-ba25-d7735ee209a5" executionId="55ad5912-0a4f-4d21-bca7-9cee6b2d0065" testListId="8c84fa94-04c1-424b-9868-57a2d4851a1d" />
    <TestEntry testId="54d38c8e-b60c-f43f-e134-f56274dcd3fc" executionId="f0461a96-3a4f-4f62-be9f-f681def23937" testListId="8c84fa94-04c1-424b-9868-57a2d4851a1d" />
    <TestEntry testId="9e9d3e20-8bbe-7266-c841-e5dcc466ad9f" executionId="47d966c4-d730-4553-99b8-275f9aac66b1" testListId="8c84fa94-04c1-424b-9868-57a2d4851a1d" />
    <TestEntry testId="44719390-b083-0f55-45b0-79dd87bd3e09" executionId="314936f5-747a-4818-91f8-04d532c705cf" testListId="8c84fa94-04c1-424b-9868-57a2d4851a1d" />
    <TestEntry testId="faf6fe88-e2ab-13fe-5bdb-0dc45bfd095a" executionId="0aa071bc-9e76-4d85-9f11-c47acbfc3519" testListId="8c84fa94-04c1-424b-9868-57a2d4851a1d" />
    <TestEntry testId="17f42eb2-e86d-9df8-8d70-815d7401b864" executionId="05689967-dc72-437e-9e27-4292b2ba5e62" testListId="8c84fa94-04c1-424b-9868-57a2d4851a1d" />
    <TestEntry testId="00f89f07-adec-c656-0e84-13762b2810de" executionId="c9b940df-85b6-4491-a76b-90251e333ab2" testListId="8c84fa94-04c1-424b-9868-57a2d4851a1d" />
    <TestEntry testId="2598e6bb-99ed-a7ae-de2f-723d7fed1a1a" executionId="89a02f77-b995-43ab-b3e8-673efac93cf6" testListId="8c84fa94-04c1-424b-9868-57a2d4851a1d" />
    <TestEntry testId="87ad36f6-a362-a112-57de-48572c4fa611" executionId="b94b85ec-1f48-456d-87bc-e607a5073aac" testListId="8c84fa94-04c1-424b-9868-57a2d4851a1d" />
    <TestEntry testId="95e4dab9-5693-797d-aca3-c94b07049b60" executionId="1009d0f8-899a-40ad-866b-5d452bd45551" testListId="8c84fa94-04c1-424b-9868-57a2d4851a1d" />
    <TestEntry testId="35065cdc-0b69-4d14-2ef4-5e614ff2a1c6" executionId="ee76b28e-375c-4bbd-95f7-75a223570fe5" testListId="8c84fa94-04c1-424b-9868-57a2d4851a1d" />
    <TestEntry testId="9ce1ec3b-57fb-537d-f44d-4e7a27080e94" executionId="67ed959b-f6d2-4a50-8841-3cd9d53fe02f" testListId="8c84fa94-04c1-424b-9868-57a2d4851a1d" />
    <TestEntry testId="87fcbe60-f8ea-d2bb-1b6d-5c0397f1a457" executionId="7482566e-71c1-464b-97ec-2f50c581d4a7" testListId="8c84fa94-04c1-424b-9868-57a2d4851a1d" />
    <TestEntry testId="7335e8fb-f797-a7c9-f655-9adf5945b80c" executionId="a22691b7-18a1-4180-a353-3e68095c796d" testListId="8c84fa94-04c1-424b-9868-57a2d4851a1d" />
    <TestEntry testId="104046bf-e775-df59-7f88-98caf9f820bf" executionId="d3fe3afa-96b7-40cd-8a76-9b4f3e92fba7" testListId="8c84fa94-04c1-424b-9868-57a2d4851a1d" />
    <TestEntry testId="c060355d-f211-9e27-6ed3-e8053492b3b7" executionId="3c975aa3-f3e1-42fe-9395-b49a9439b358" testListId="8c84fa94-04c1-424b-9868-57a2d4851a1d" />
    <TestEntry testId="f010b549-ed99-4025-6a1e-54dad7d9ffd4" executionId="113fd362-8697-4075-86fd-2fdc391307df" testListId="8c84fa94-04c1-424b-9868-57a2d4851a1d" />
    <TestEntry testId="b9102926-3c73-47c6-9767-2bfb393e1682" executionId="10cacedc-3b53-48a2-a00f-81b13534dfe2" testListId="8c84fa94-04c1-424b-9868-57a2d4851a1d" />
    <TestEntry testId="9c1393ec-ca28-1a9a-1b84-0aa1e112e2ee" executionId="10a8ba19-1890-49c4-a4ea-3321cfea786c" testListId="8c84fa94-04c1-424b-9868-57a2d4851a1d" />
    <TestEntry testId="bdeb26c1-ee7f-a180-0f04-59d75bc2812a" executionId="78a6be77-63e2-47f7-acbe-1e9176e3e226" testListId="8c84fa94-04c1-424b-9868-57a2d4851a1d" />
    <TestEntry testId="65621a70-faa0-fe36-3e29-e0e99631584d" executionId="f4d0796b-b9ef-4878-ab44-d2b06d48e5ab" testListId="8c84fa94-04c1-424b-9868-57a2d4851a1d" />
    <TestEntry testId="7c296494-85c0-d8ff-2e98-18a58d40cec3" executionId="42367fcc-09e5-45fd-962b-4983e951b91d" testListId="8c84fa94-04c1-424b-9868-57a2d4851a1d" />
    <TestEntry testId="64e8e84b-69b3-7acc-a956-7555360018e4" executionId="b8ea766f-b07e-4072-856c-731789360bbf" testListId="8c84fa94-04c1-424b-9868-57a2d4851a1d" />
    <TestEntry testId="486c4b9f-292f-52f1-eec9-078393b403e5" executionId="4dc4392f-cda5-46ad-bec0-9b89ab23c74f" testListId="8c84fa94-04c1-424b-9868-57a2d4851a1d" />
    <TestEntry testId="469cffc7-c257-4390-0298-0673d1e2c22b" executionId="3d03a3c4-7be6-4e0d-ab39-39282802f685" testListId="8c84fa94-04c1-424b-9868-57a2d4851a1d" />
    <TestEntry testId="b14d93ff-a746-3aa3-90d0-684924f94666" executionId="fc90ffbb-9fa2-421e-840b-d1d89e7720e2" testListId="8c84fa94-04c1-424b-9868-57a2d4851a1d" />
    <TestEntry testId="d2d94907-0eb5-d1cc-8d22-898b37289664" executionId="93c0c82f-dd09-4f24-be9a-6fe8ba526b7b" testListId="8c84fa94-04c1-424b-9868-57a2d4851a1d" />
    <TestEntry testId="9608c157-d88e-6964-af3b-b5411446b50c" executionId="fb0899f7-98b5-43b5-968f-4ab3fea12409" testListId="8c84fa94-04c1-424b-9868-57a2d4851a1d" />
    <TestEntry testId="bb868594-8f80-20dc-ad04-6fa3cf34e640" executionId="5cf7a9b5-0bc1-4b0c-9256-36e9c8be36aa" testListId="8c84fa94-04c1-424b-9868-57a2d4851a1d" />
    <TestEntry testId="d5afc39e-7194-0fcc-4b16-a238ee658e2c" executionId="eeece417-2c52-4a61-9a78-76c705a16155" testListId="8c84fa94-04c1-424b-9868-57a2d4851a1d" />
    <TestEntry testId="0e25b2a5-f86e-0a54-ed6b-cdf5f3ca9da7" executionId="82a7b728-97ce-44bd-840a-f1c8da63361d" testListId="8c84fa94-04c1-424b-9868-57a2d4851a1d" />
    <TestEntry testId="30377197-bcc4-32ab-b69c-edd1c9e4d171" executionId="39cdc952-b213-4e25-a7e0-28bc82abbe85" testListId="8c84fa94-04c1-424b-9868-57a2d4851a1d" />
    <TestEntry testId="3bf08db3-2d59-2013-260d-420deb2e3093" executionId="c409e4b1-9e76-40d2-9327-ff52f0162c57" testListId="8c84fa94-04c1-424b-9868-57a2d4851a1d" />
    <TestEntry testId="e379c7c3-2c5c-5d9f-dab8-91426a1914ed" executionId="2370467e-3c0d-4e2f-b2de-9845fd0957c8" testListId="8c84fa94-04c1-424b-9868-57a2d4851a1d" />
    <TestEntry testId="094945b4-ebaf-f8ab-b0fe-87dc2f042bd7" executionId="21107744-cf5e-41e2-bbd6-196452c921d1" testListId="8c84fa94-04c1-424b-9868-57a2d4851a1d" />
    <TestEntry testId="9be30d79-b3cf-1247-b474-0fe612aa1bd6" executionId="dba98436-96d1-4760-9397-10ecbbe2f657" testListId="8c84fa94-04c1-424b-9868-57a2d4851a1d" />
    <TestEntry testId="b879d925-b069-eca7-9027-877d27818981" executionId="286482d9-2b88-4eed-bec0-9dc53d3a1df2" testListId="8c84fa94-04c1-424b-9868-57a2d4851a1d" />
  </TestEntries>
  <TestLists>
    <TestList name="Results Not in a List" id="8c84fa94-04c1-424b-9868-57a2d4851a1d" />
    <TestList name="All Loaded Results" id="19431567-8539-422a-85d7-44ee4e166bda" />
  </TestLists>
  <ResultSummary outcome="Completed">
    <Counters total="80" executed="80" passed="80" failed="0" error="0" timeout="0" aborted="0" inconclusive="0" passedButRunAborted="0" notRunnable="0" notExecuted="0" disconnected="0" warning="0" completed="0" inProgress="0" pending="0" />
  </ResultSummary>
</TestRun>