<?xml version="1.0" encoding="utf-8"?>
<TestRun id="4ee42703-d4bf-4d48-9f65-854015347877" name="DKSR-EFI-04$@DKSR-EFI-04 2023-12-22 09:32:47" runUser="NT AUTHORITY\NETWORK SERVICE" xmlns="http://microsoft.com/schemas/VisualStudio/TeamTest/2010">
  <Times creation="2023-12-22T09:32:47.2404081+01:00" queuing="2023-12-22T09:32:47.2404081+01:00" start="2023-12-22T09:32:38.3653649+01:00" finish="2023-12-22T09:32:48.1154117+01:00" />
  <TestSettings name="default" id="89942ac9-e05a-47e7-93f7-be9aee60253a">
    <Deployment runDeploymentRoot="DKSR-EFI-04$_DKSR-EFI-04_2023-12-22_09_32_47" />
  </TestSettings>
  <Results>
    <UnitTestResult executionId="169d4186-ea7a-4e43-a83f-53c3039d1dfb" testId="5c996a0d-fc09-a416-b6e7-8666282b6fb9" testName="GetAppConfigValueOrDefault_Integer_KnownKeyWithAllowedValues_ReturnsOnlyAllowedValues" computerName="DKSR-EFI-04" duration="00:00:00.0064408" startTime="2023-12-22T09:32:47.2716599+01:00" endTime="2023-12-22T09:32:47.2872843+01:00" testType="13cdc9d9-ddb5-4fa4-a97d-d965ccfc6d4b" outcome="Passed" testListId="8c84fa94-04c1-424b-9868-57a2d4851a1d" relativeResultsDirectory="169d4186-ea7a-4e43-a83f-53c3039d1dfb" />
    <UnitTestResult executionId="1b05da61-8d59-4643-a54f-cbe9b3f4075e" testId="ab4ac729-52d3-ac00-c10c-492f64a8f9ff" testName="GetAppConfigValueOrDefault_Double_KnownKeyWithInvalidValues_ReturnsDefaultValues" computerName="DKSR-EFI-04" duration="00:00:00.0033109" startTime="2023-12-22T09:32:47.3029077+01:00" endTime="2023-12-22T09:32:47.3029077+01:00" testType="13cdc9d9-ddb5-4fa4-a97d-d965ccfc6d4b" outcome="Passed" testListId="8c84fa94-04c1-424b-9868-57a2d4851a1d" relativeResultsDirectory="1b05da61-8d59-4643-a54f-cbe9b3f4075e" />
    <UnitTestResult executionId="48febd7e-8582-4152-96b2-3a400ab1d7c8" testId="6a54e572-0ea3-23f1-4d91-cd55ad0f94c2" testName="GetAppConfigValueOrDefault_Double_KnownKeyWithAllowedValues_ReturnsOnlyAllowedValues" computerName="DKSR-EFI-04" duration="00:00:00.0074821" startTime="2023-12-22T09:32:47.3341579+01:00" endTime="2023-12-22T09:32:47.3497821+01:00" testType="13cdc9d9-ddb5-4fa4-a97d-d965ccfc6d4b" outcome="Passed" testListId="8c84fa94-04c1-424b-9868-57a2d4851a1d" relativeResultsDirectory="48febd7e-8582-4152-96b2-3a400ab1d7c8" />
    <UnitTestResult executionId="492ae625-9d15-4051-bff7-959ea353c0f4" testId="9e887f99-afa7-c0da-24f2-53cc5e15cbd1" testName="GetAppConfigValueOrDefault_Double_KnownKeyAccessedMultipleTimes_ReturnsCachedValue" computerName="DKSR-EFI-04" duration="00:00:00.0023561" startTime="2023-12-22T09:32:47.3185307+01:00" endTime="2023-12-22T09:32:47.3185307+01:00" testType="13cdc9d9-ddb5-4fa4-a97d-d965ccfc6d4b" outcome="Passed" testListId="8c84fa94-04c1-424b-9868-57a2d4851a1d" relativeResultsDirectory="492ae625-9d15-4051-bff7-959ea353c0f4" />
    <UnitTestResult executionId="4c946364-b2c3-4b68-a2ee-2fa41804cee2" testId="ee0be6d8-16f3-3f50-b66a-3f0af0ca967c" testName="GetAppConfigValueOrDefault_TimeSpan_UnknownKey_ReturnsDefaultValue" computerName="DKSR-EFI-04" duration="00:00:00.0071478" startTime="2023-12-22T09:32:47.3497821+01:00" endTime="2023-12-22T09:32:47.3497821+01:00" testType="13cdc9d9-ddb5-4fa4-a97d-d965ccfc6d4b" outcome="Passed" testListId="8c84fa94-04c1-424b-9868-57a2d4851a1d" relativeResultsDirectory="4c946364-b2c3-4b68-a2ee-2fa41804cee2" />
    <UnitTestResult executionId="4f54268a-65ae-4a7b-a838-35b0935e1503" testId="a9b64fd4-9f83-3f94-da29-933fa92245d3" testName="GetAppConfigValueOrDefault_Double_UnknownKey_ReturnsDefaultValue" computerName="DKSR-EFI-04" duration="00:00:00.0072786" startTime="2023-12-22T09:32:47.2872843+01:00" endTime="2023-12-22T09:32:47.3029077+01:00" testType="13cdc9d9-ddb5-4fa4-a97d-d965ccfc6d4b" outcome="Passed" testListId="8c84fa94-04c1-424b-9868-57a2d4851a1d" relativeResultsDirectory="4f54268a-65ae-4a7b-a838-35b0935e1503" />
    <UnitTestResult executionId="34f3bd04-5ce3-4eed-a3c3-3c04e241c67d" testId="a4fa4d09-ed98-c781-c7fa-246e8bf5b32b" testName="GetAppConfigValueOrDefault_String_UnknownKey_ReturnsDefaultValue" computerName="DKSR-EFI-04" duration="00:00:00.0151047" startTime="2023-12-22T09:32:47.1154068+01:00" endTime="2023-12-22T09:32:47.1310340+01:00" testType="13cdc9d9-ddb5-4fa4-a97d-d965ccfc6d4b" outcome="Passed" testListId="8c84fa94-04c1-424b-9868-57a2d4851a1d" relativeResultsDirectory="34f3bd04-5ce3-4eed-a3c3-3c04e241c67d" />
    <UnitTestResult executionId="7209f50f-b0aa-43c4-8490-0f2f12bf7b03" testId="b0441781-c253-e359-951d-574b5fa10696" testName="GetAppConfigValueOrDefault_Boolean_KnownKeyWithAllValidValues_ReturnsCorrectValues" computerName="DKSR-EFI-04" duration="00:00:00.0050155" startTime="2023-12-22T09:32:47.2247837+01:00" endTime="2023-12-22T09:32:47.2247837+01:00" testType="13cdc9d9-ddb5-4fa4-a97d-d965ccfc6d4b" outcome="Passed" testListId="8c84fa94-04c1-424b-9868-57a2d4851a1d" relativeResultsDirectory="7209f50f-b0aa-43c4-8490-0f2f12bf7b03" />
    <UnitTestResult executionId="b6cb8a12-13b5-4ac7-bd39-84c39c0d1c7e" testId="b7d1f5af-c647-b8ee-21be-1a915ae3f9ab" testName="GetAppConfigValueOrDefault_Integer_UnknownKey_ReturnsDefaultValue" computerName="DKSR-EFI-04" duration="00:00:00.0050078" startTime="2023-12-22T09:32:47.2404081+01:00" endTime="2023-12-22T09:32:47.2560308+01:00" testType="13cdc9d9-ddb5-4fa4-a97d-d965ccfc6d4b" outcome="Passed" testListId="8c84fa94-04c1-424b-9868-57a2d4851a1d" relativeResultsDirectory="b6cb8a12-13b5-4ac7-bd39-84c39c0d1c7e" />
    <UnitTestResult executionId="28fe2526-cc10-4e75-8030-3f453918da73" testId="ac230ab8-5c42-3ae1-3c38-3537fec03817" testName="GetAppConfigValueOrDefault_Double_KnownKeyWithMinAndMaxValues_ReturnsOnlyAllowedValues" computerName="DKSR-EFI-04" duration="00:00:00.0020863" startTime="2023-12-22T09:32:47.3341579+01:00" endTime="2023-12-22T09:32:47.3341579+01:00" testType="13cdc9d9-ddb5-4fa4-a97d-d965ccfc6d4b" outcome="Passed" testListId="8c84fa94-04c1-424b-9868-57a2d4851a1d" relativeResultsDirectory="28fe2526-cc10-4e75-8030-3f453918da73" />
    <UnitTestResult executionId="341d8127-3276-40d4-a3f7-83a0fbf21f4d" testId="047fbfb2-fc60-7d34-2bc2-d0c8bfbe7980" testName="GetAppConfigValueOrDefault_Boolean_KnownKey_ReturnsCorrectValue" computerName="DKSR-EFI-04" duration="00:00:00.0012635" startTime="2023-12-22T09:32:47.2247837+01:00" endTime="2023-12-22T09:32:47.2247837+01:00" testType="13cdc9d9-ddb5-4fa4-a97d-d965ccfc6d4b" outcome="Passed" testListId="8c84fa94-04c1-424b-9868-57a2d4851a1d" relativeResultsDirectory="341d8127-3276-40d4-a3f7-83a0fbf21f4d" />
    <UnitTestResult executionId="4a937ab9-d4cb-499d-9558-d589bbe7366c" testId="9c03fbf1-c97a-e002-8455-5d6901c1b5f3" testName="GetAppConfigValueOrDefault_Enum_KnownKeyAccessedMultipleTimes_ReturnsUpdatedValueWhenCacheIsCleared" computerName="DKSR-EFI-04" duration="00:00:00.0014646" startTime="2023-12-22T09:32:47.4279098+01:00" endTime="2023-12-22T09:32:47.4435346+01:00" testType="13cdc9d9-ddb5-4fa4-a97d-d965ccfc6d4b" outcome="Passed" testListId="8c84fa94-04c1-424b-9868-57a2d4851a1d" relativeResultsDirectory="4a937ab9-d4cb-499d-9558-d589bbe7366c" />
    <UnitTestResult executionId="ce99ad0e-87bc-42d0-9e5b-71c44e51374e" testId="9ddcd75b-5e45-f092-870b-96bdc6d9c594" testName="GetAppConfigValueOrDefault_TimeSpan_NullKey_ThrowsArgumentNullException" computerName="DKSR-EFI-04" duration="00:00:00.0022203" startTime="2023-12-22T09:32:47.3497821+01:00" endTime="2023-12-22T09:32:47.3497821+01:00" testType="13cdc9d9-ddb5-4fa4-a97d-d965ccfc6d4b" outcome="Passed" testListId="8c84fa94-04c1-424b-9868-57a2d4851a1d" relativeResultsDirectory="ce99ad0e-87bc-42d0-9e5b-71c44e51374e" />
    <UnitTestResult executionId="3dfd62da-f3d4-4e64-8aa3-fc5a9d831ff3" testId="afc949a2-5ce4-35fb-7dba-159335162b83" testName="GetAppConfigValueOrDefault_Integer_KnownKey_ReturnsCorrectValue" computerName="DKSR-EFI-04" duration="00:00:00.0012942" startTime="2023-12-22T09:32:47.2560308+01:00" endTime="2023-12-22T09:32:47.2560308+01:00" testType="13cdc9d9-ddb5-4fa4-a97d-d965ccfc6d4b" outcome="Passed" testListId="8c84fa94-04c1-424b-9868-57a2d4851a1d" relativeResultsDirectory="3dfd62da-f3d4-4e64-8aa3-fc5a9d831ff3" />
    <UnitTestResult executionId="a53ed1d6-279c-4519-992c-df72a75da981" testId="55d38079-c647-aa67-edc3-81a0a20f56e3" testName="GetAppConfigValueOrDefault_TimeSpan_KnownKeyWithInvalidValues_ReturnsDefaultValues" computerName="DKSR-EFI-04" duration="00:00:00.0095606" startTime="2023-12-22T09:32:47.3654088+01:00" endTime="2023-12-22T09:32:47.3654088+01:00" testType="13cdc9d9-ddb5-4fa4-a97d-d965ccfc6d4b" outcome="Passed" testListId="8c84fa94-04c1-424b-9868-57a2d4851a1d" relativeResultsDirectory="a53ed1d6-279c-4519-992c-df72a75da981" />
    <UnitTestResult executionId="94b181e0-e950-427b-bb30-2b3a4806d46f" testId="7233f679-3512-158a-9d61-b86e97dd7840" testName="GetAppConfigValueOrDefault_String_KnownKeyAccessedMultipleTimes_ReturnsUpdatedValueWhenCacheIsCleared" computerName="DKSR-EFI-04" duration="00:00:00.0035926" startTime="2023-12-22T09:32:47.1622821+01:00" endTime="2023-12-22T09:32:47.1622821+01:00" testType="13cdc9d9-ddb5-4fa4-a97d-d965ccfc6d4b" outcome="Passed" testListId="8c84fa94-04c1-424b-9868-57a2d4851a1d" relativeResultsDirectory="94b181e0-e950-427b-bb30-2b3a4806d46f" />
    <UnitTestResult executionId="5d0cc2b7-e0d2-45af-83ff-b2f5b4e4c94d" testId="c1e495bf-69bb-2e80-a4ef-cd9a4f93c416" testName="GetAppConfigValueOrDefault_Enum_KnownKeyAccessedMultipleTimes_ReturnsCachedValue" computerName="DKSR-EFI-04" duration="00:00:00.0014690" startTime="2023-12-22T09:32:47.4279098+01:00" endTime="2023-12-22T09:32:47.4279098+01:00" testType="13cdc9d9-ddb5-4fa4-a97d-d965ccfc6d4b" outcome="Passed" testListId="8c84fa94-04c1-424b-9868-57a2d4851a1d" relativeResultsDirectory="5d0cc2b7-e0d2-45af-83ff-b2f5b4e4c94d" />
    <UnitTestResult executionId="a6c7e8b7-0a47-49bd-ba95-00d70caeeb7c" testId="0d0b1de0-0a59-96ca-7d2d-bca519274740" testName="GetAppConfigValueOrDefault_Boolean_KnownKeyAccessedMultipleTimes_ReturnsCachedValue" computerName="DKSR-EFI-04" duration="00:00:00.0017501" startTime="2023-12-22T09:32:47.2404081+01:00" endTime="2023-12-22T09:32:47.2404081+01:00" testType="13cdc9d9-ddb5-4fa4-a97d-d965ccfc6d4b" outcome="Passed" testListId="8c84fa94-04c1-424b-9868-57a2d4851a1d" relativeResultsDirectory="a6c7e8b7-0a47-49bd-ba95-00d70caeeb7c" />
    <UnitTestResult executionId="731e1c20-3678-449a-bfb0-982226a286e7" testId="30130d67-3675-8209-cea3-bbf76aecdad5" testName="GetAppConfigValueOrDefault_Boolean_KnownKeyAccessedMultipleTimes_ReturnsUpdatedValueWhenCacheIsCleared" computerName="DKSR-EFI-04" duration="00:00:00.0017426" startTime="2023-12-22T09:32:47.2404081+01:00" endTime="2023-12-22T09:32:47.2404081+01:00" testType="13cdc9d9-ddb5-4fa4-a97d-d965ccfc6d4b" outcome="Passed" testListId="8c84fa94-04c1-424b-9868-57a2d4851a1d" relativeResultsDirectory="731e1c20-3678-449a-bfb0-982226a286e7" />
    <UnitTestResult executionId="3a2307b1-0885-420f-b5ad-50747eb99ee2" testId="d6f121b9-62dd-3b17-cd01-1822add3d9d8" testName="GetAppConfigValueOrDefault_String_NullKey_ThrowsArgumentNullException" computerName="DKSR-EFI-04" duration="00:00:00.0818231" startTime="2023-12-22T09:32:46.4435290+01:00" endTime="2023-12-22T09:32:47.0529088+01:00" testType="13cdc9d9-ddb5-4fa4-a97d-d965ccfc6d4b" outcome="Passed" testListId="8c84fa94-04c1-424b-9868-57a2d4851a1d" relativeResultsDirectory="3a2307b1-0885-420f-b5ad-50747eb99ee2" />
    <UnitTestResult executionId="e45d345f-d7c8-433a-a553-04eb7b0216e3" testId="34de4435-b1db-9488-14f7-387e4f25f332" testName="GetAppConfigValueOrDefault_Double_KnownKeyAccessedMultipleTimes_ReturnsUpdatedValueWhenCacheIsCleared" computerName="DKSR-EFI-04" duration="00:00:00.0015665" startTime="2023-12-22T09:32:47.3185307+01:00" endTime="2023-12-22T09:32:47.3185307+01:00" testType="13cdc9d9-ddb5-4fa4-a97d-d965ccfc6d4b" outcome="Passed" testListId="8c84fa94-04c1-424b-9868-57a2d4851a1d" relativeResultsDirectory="e45d345f-d7c8-433a-a553-04eb7b0216e3" />
    <UnitTestResult executionId="91440005-f030-4048-b331-f16665a8641a" testId="9a296515-bd8f-5327-6ce3-e992e3edb30a" testName="GetAppConfigValueOrDefault_Enum_KnownKeyWithInvalidValues_ReturnsDefaultValues" computerName="DKSR-EFI-04" duration="00:00:00.0015577" startTime="2023-12-22T09:32:47.4279098+01:00" endTime="2023-12-22T09:32:47.4279098+01:00" testType="13cdc9d9-ddb5-4fa4-a97d-d965ccfc6d4b" outcome="Passed" testListId="8c84fa94-04c1-424b-9868-57a2d4851a1d" relativeResultsDirectory="91440005-f030-4048-b331-f16665a8641a" />
    <UnitTestResult executionId="82c81caa-636b-49cb-8252-46d9dd5e3b4f" testId="728cb314-4370-b897-d24b-af7d8d2330ab" testName="GetAppConfigValueOrDefault_TimeSpan_KnownKeyAccessedMultipleTimes_ReturnsCachedValue" computerName="DKSR-EFI-04" duration="00:00:00.0017058" startTime="2023-12-22T09:32:47.3810333+01:00" endTime="2023-12-22T09:32:47.3810333+01:00" testType="13cdc9d9-ddb5-4fa4-a97d-d965ccfc6d4b" outcome="Passed" testListId="8c84fa94-04c1-424b-9868-57a2d4851a1d" relativeResultsDirectory="82c81caa-636b-49cb-8252-46d9dd5e3b4f" />
    <UnitTestResult executionId="1a198bff-523f-4009-85ef-0d974b7ea42b" testId="ecbffb9d-d6c8-713a-829f-718f52e882c8" testName="GetAppConfigValueOrDefault_Boolean_UnknownKey_ReturnsDefaultValue" computerName="DKSR-EFI-04" duration="00:00:00.0071143" startTime="2023-12-22T09:32:47.1935335+01:00" endTime="2023-12-22T09:32:47.1935335+01:00" testType="13cdc9d9-ddb5-4fa4-a97d-d965ccfc6d4b" outcome="Passed" testListId="8c84fa94-04c1-424b-9868-57a2d4851a1d" relativeResultsDirectory="1a198bff-523f-4009-85ef-0d974b7ea42b" />
    <UnitTestResult executionId="27b03664-7a51-45ce-9201-e8ab77cd4aca" testId="a062667e-6aef-720a-f8be-8a70eb73be75" testName="GetAppConfigValueOrDefault_Double_NullKey_ThrowsArgumentNullException" computerName="DKSR-EFI-04" duration="00:00:00.0021381" startTime="2023-12-22T09:32:47.2872843+01:00" endTime="2023-12-22T09:32:47.2872843+01:00" testType="13cdc9d9-ddb5-4fa4-a97d-d965ccfc6d4b" outcome="Passed" testListId="8c84fa94-04c1-424b-9868-57a2d4851a1d" relativeResultsDirectory="27b03664-7a51-45ce-9201-e8ab77cd4aca" />
    <UnitTestResult executionId="41079f7e-1d0c-4716-81c0-36b8012081c6" testId="282a16a4-4222-a608-c460-32e87fe689b1" testName="GetAppConfigValueOrDefault_Double_KnownKeyWithMinValue_ReturnsOnlyAllowedValues" computerName="DKSR-EFI-04" duration="00:00:00.0026711" startTime="2023-12-22T09:32:47.3185307+01:00" endTime="2023-12-22T09:32:47.3341579+01:00" testType="13cdc9d9-ddb5-4fa4-a97d-d965ccfc6d4b" outcome="Passed" testListId="8c84fa94-04c1-424b-9868-57a2d4851a1d" relativeResultsDirectory="41079f7e-1d0c-4716-81c0-36b8012081c6" />
    <UnitTestResult executionId="6fcc5719-9c26-4b9e-8075-609a8c5d2f64" testId="091a1fc3-88ba-3958-1b4e-60556be24e3b" testName="GetAppConfigValueOrDefault_Enum_KnownKey_ReturnsCorrectValue" computerName="DKSR-EFI-04" duration="00:00:00.0012543" startTime="2023-12-22T09:32:47.4279098+01:00" endTime="2023-12-22T09:32:47.4279098+01:00" testType="13cdc9d9-ddb5-4fa4-a97d-d965ccfc6d4b" outcome="Passed" testListId="8c84fa94-04c1-424b-9868-57a2d4851a1d" relativeResultsDirectory="6fcc5719-9c26-4b9e-8075-609a8c5d2f64" />
    <UnitTestResult executionId="cf598200-030f-45d3-8cc1-3c2db08574df" testId="61b8dd52-f93a-8ff9-4689-849ae6f51466" testName="GetAppConfigValueOrDefault_Enum_UnknownKey_ReturnsDefaultValue" computerName="DKSR-EFI-04" duration="00:00:00.0049438" startTime="2023-12-22T09:32:47.4122842+01:00" endTime="2023-12-22T09:32:47.4122842+01:00" testType="13cdc9d9-ddb5-4fa4-a97d-d965ccfc6d4b" outcome="Passed" testListId="8c84fa94-04c1-424b-9868-57a2d4851a1d" relativeResultsDirectory="cf598200-030f-45d3-8cc1-3c2db08574df" />
    <UnitTestResult executionId="4096c154-09ec-40a6-bcb0-611c891f8d00" testId="4b7d67fc-30b8-7ae5-b6f7-f88bada77b1c" testName="GetAppConfigValueOrDefault_Boolean_KnownKeyWithInvalidValues_ReturnsDefaultValues" computerName="DKSR-EFI-04" duration="00:00:00.0025877" startTime="2023-12-22T09:32:47.1935335+01:00" endTime="2023-12-22T09:32:47.1935335+01:00" testType="13cdc9d9-ddb5-4fa4-a97d-d965ccfc6d4b" outcome="Passed" testListId="8c84fa94-04c1-424b-9868-57a2d4851a1d" relativeResultsDirectory="4096c154-09ec-40a6-bcb0-611c891f8d00" />
    <UnitTestResult executionId="e0ccb8cb-9fa6-4905-80d1-86e2c1eb7408" testId="210800d1-ccf8-61aa-bc61-27c7d56b1d8b" testName="GetAppConfigValueOrDefault_Integer_KnownKeyWithInvalidValues_ReturnsDefaultValues" computerName="DKSR-EFI-04" duration="00:00:00.0028274" startTime="2023-12-22T09:32:47.2560308+01:00" endTime="2023-12-22T09:32:47.2560308+01:00" testType="13cdc9d9-ddb5-4fa4-a97d-d965ccfc6d4b" outcome="Passed" testListId="8c84fa94-04c1-424b-9868-57a2d4851a1d" relativeResultsDirectory="e0ccb8cb-9fa6-4905-80d1-86e2c1eb7408" />
    <UnitTestResult executionId="36ea6d21-1959-491a-ab4d-8806b90d6191" testId="843ad744-d903-f73e-9361-d71146fe9024" testName="GetAppConfigValueOrDefault_Integer_KnownKeyWithMinValue_ReturnsOnlyAllowedValues" computerName="DKSR-EFI-04" duration="00:00:00.0022805" startTime="2023-12-22T09:32:47.2716599+01:00" endTime="2023-12-22T09:32:47.2716599+01:00" testType="13cdc9d9-ddb5-4fa4-a97d-d965ccfc6d4b" outcome="Passed" testListId="8c84fa94-04c1-424b-9868-57a2d4851a1d" relativeResultsDirectory="36ea6d21-1959-491a-ab4d-8806b90d6191" />
    <UnitTestResult executionId="d26ad016-5b27-4ddd-a7ca-09f6ce57d6d2" testId="2c6d17cd-ae7f-595b-d5bb-43e03706f304" testName="GetAppConfigValueOrDefault_Integer_KnownKeyWithMinAndMaxValues_ReturnsOnlyAllowedValues" computerName="DKSR-EFI-04" duration="00:00:00.0018482" startTime="2023-12-22T09:32:47.2716599+01:00" endTime="2023-12-22T09:32:47.2716599+01:00" testType="13cdc9d9-ddb5-4fa4-a97d-d965ccfc6d4b" outcome="Passed" testListId="8c84fa94-04c1-424b-9868-57a2d4851a1d" relativeResultsDirectory="d26ad016-5b27-4ddd-a7ca-09f6ce57d6d2" />
    <UnitTestResult executionId="35b36cb3-05f8-4e40-992c-fc6d0a78da7e" testId="f22bbb2b-4d49-937f-3db8-6742e2421430" testName="GetAppConfigValueOrDefault_TimeSpan_KnownKey_ReturnsCorrectValue" computerName="DKSR-EFI-04" duration="00:00:00.0044230" startTime="2023-12-22T09:32:47.3654088+01:00" endTime="2023-12-22T09:32:47.3810333+01:00" testType="13cdc9d9-ddb5-4fa4-a97d-d965ccfc6d4b" outcome="Passed" testListId="8c84fa94-04c1-424b-9868-57a2d4851a1d" relativeResultsDirectory="35b36cb3-05f8-4e40-992c-fc6d0a78da7e" />
    <UnitTestResult executionId="19f1c122-092f-46b6-884c-f0d1bb4bab93" testId="08506604-191e-fff1-e3a2-267bde7280da" testName="GetAppConfigValueOrDefault_TimeSpan_KnownKeyWithMinAndMaxValues_ReturnsOnlyAllowedValues" computerName="DKSR-EFI-04" duration="00:00:00.0025353" startTime="2023-12-22T09:32:47.3966585+01:00" endTime="2023-12-22T09:32:47.3966585+01:00" testType="13cdc9d9-ddb5-4fa4-a97d-d965ccfc6d4b" outcome="Passed" testListId="8c84fa94-04c1-424b-9868-57a2d4851a1d" relativeResultsDirectory="19f1c122-092f-46b6-884c-f0d1bb4bab93" />
    <UnitTestResult executionId="911d238c-4ca8-41de-beaf-9295ce94b899" testId="10da6535-9079-2bfc-3d51-558a5307bc16" testName="GetAppConfigValueOrDefault_TimeSpan_KnownKeyWithAllowedValues_ReturnsOnlyAllowedValues" computerName="DKSR-EFI-04" duration="00:00:00.0079872" startTime="2023-12-22T09:32:47.3966585+01:00" endTime="2023-12-22T09:32:47.4122842+01:00" testType="13cdc9d9-ddb5-4fa4-a97d-d965ccfc6d4b" outcome="Passed" testListId="8c84fa94-04c1-424b-9868-57a2d4851a1d" relativeResultsDirectory="911d238c-4ca8-41de-beaf-9295ce94b899" />
    <UnitTestResult executionId="761cfbde-95f1-42cd-af90-8954398bad6b" testId="601e8247-d9d7-da64-5c04-fa9cc29937f7" testName="GetAppConfigValueOrDefault_String_KnownKey_ReturnsCorrectValue" computerName="DKSR-EFI-04" duration="00:00:00.0307115" startTime="2023-12-22T09:32:47.1310340+01:00" endTime="2023-12-22T09:32:47.1622821+01:00" testType="13cdc9d9-ddb5-4fa4-a97d-d965ccfc6d4b" outcome="Passed" testListId="8c84fa94-04c1-424b-9868-57a2d4851a1d" relativeResultsDirectory="761cfbde-95f1-42cd-af90-8954398bad6b" />
    <UnitTestResult executionId="4da66013-7b24-4bb8-99f9-5855f043c07e" testId="1ca164fc-b465-9318-3a63-691e0f77382a" testName="GetAppConfigValueOrDefault_String_KnownKeyWithAllowedValues_ReturnsOnlyAllowedValues" computerName="DKSR-EFI-04" duration="00:00:00.0033221" startTime="2023-12-22T09:32:47.1779090+01:00" endTime="2023-12-22T09:32:47.1779090+01:00" testType="13cdc9d9-ddb5-4fa4-a97d-d965ccfc6d4b" outcome="Passed" testListId="8c84fa94-04c1-424b-9868-57a2d4851a1d" relativeResultsDirectory="4da66013-7b24-4bb8-99f9-5855f043c07e" />
    <UnitTestResult executionId="7ea457b0-e045-4348-ba45-fb34d913cc88" testId="66313b81-95d3-89a0-d5c6-0970e07e1abc" testName="GetAppConfigValueOrDefault_Enum_NullKey_ThrowsArgumentNullException" computerName="DKSR-EFI-04" duration="00:00:00.0011553" startTime="2023-12-22T09:32:47.4122842+01:00" endTime="2023-12-22T09:32:47.4122842+01:00" testType="13cdc9d9-ddb5-4fa4-a97d-d965ccfc6d4b" outcome="Passed" testListId="8c84fa94-04c1-424b-9868-57a2d4851a1d" relativeResultsDirectory="7ea457b0-e045-4348-ba45-fb34d913cc88" />
    <UnitTestResult executionId="f6ce9def-544e-4f7c-8d64-fbc7358298a1" testId="40a5c975-37e8-bc73-1ac5-8e72790a48bb" testName="GetAppConfigValueOrDefault_Boolean_NullKey_ThrowsArgumentNullException" computerName="DKSR-EFI-04" duration="00:00:00.0022694" startTime="2023-12-22T09:32:47.1779090+01:00" endTime="2023-12-22T09:32:47.1779090+01:00" testType="13cdc9d9-ddb5-4fa4-a97d-d965ccfc6d4b" outcome="Passed" testListId="8c84fa94-04c1-424b-9868-57a2d4851a1d" relativeResultsDirectory="f6ce9def-544e-4f7c-8d64-fbc7358298a1" />
    <UnitTestResult executionId="358cc578-551d-445d-931c-e880cec331e4" testId="363a8458-7d3f-212d-8e54-cac7ad188194" testName="GetAppConfigValueOrDefault_TimeSpan_KnownKeyAccessedMultipleTimes_ReturnsUpdatedValueWhenCacheIsCleared" computerName="DKSR-EFI-04" duration="00:00:00.0017953" startTime="2023-12-22T09:32:47.3810333+01:00" endTime="2023-12-22T09:32:47.3810333+01:00" testType="13cdc9d9-ddb5-4fa4-a97d-d965ccfc6d4b" outcome="Passed" testListId="8c84fa94-04c1-424b-9868-57a2d4851a1d" relativeResultsDirectory="358cc578-551d-445d-931c-e880cec331e4" />
    <UnitTestResult executionId="a04e7b71-663c-4813-b871-037e62f9d97c" testId="42a97528-fca3-7fad-95d3-4bc95198b880" testName="GetAppConfigValueOrDefault_Integer_KnownKeyAccessedMultipleTimes_ReturnsUpdatedValueWhenCacheIsCleared" computerName="DKSR-EFI-04" duration="00:00:00.0015903" startTime="2023-12-22T09:32:47.2716599+01:00" endTime="2023-12-22T09:32:47.2716599+01:00" testType="13cdc9d9-ddb5-4fa4-a97d-d965ccfc6d4b" outcome="Passed" testListId="8c84fa94-04c1-424b-9868-57a2d4851a1d" relativeResultsDirectory="a04e7b71-663c-4813-b871-037e62f9d97c" />
    <UnitTestResult executionId="ff2784a8-dc1c-4770-81bb-13d6e9230ffe" testId="e12fb247-7933-16cf-f508-fe360e927685" testName="GetAppConfigValueOrDefault_Integer_KnownKeyAccessedMultipleTimes_ReturnsCachedValue" computerName="DKSR-EFI-04" duration="00:00:00.0015921" startTime="2023-12-22T09:32:47.2560308+01:00" endTime="2023-12-22T09:32:47.2560308+01:00" testType="13cdc9d9-ddb5-4fa4-a97d-d965ccfc6d4b" outcome="Passed" testListId="8c84fa94-04c1-424b-9868-57a2d4851a1d" relativeResultsDirectory="ff2784a8-dc1c-4770-81bb-13d6e9230ffe" />
    <UnitTestResult executionId="f0db6a96-c9fd-4a94-aab4-cd9617d25db4" testId="e6326402-bfd9-d812-fb57-4e4baf540e37" testName="GetAppConfigValueOrDefault_String_KnownKeyAccessedMultipleTimes_ReturnsCachedValue" computerName="DKSR-EFI-04" duration="00:00:00.0017082" startTime="2023-12-22T09:32:47.1622821+01:00" endTime="2023-12-22T09:32:47.1622821+01:00" testType="13cdc9d9-ddb5-4fa4-a97d-d965ccfc6d4b" outcome="Passed" testListId="8c84fa94-04c1-424b-9868-57a2d4851a1d" relativeResultsDirectory="f0db6a96-c9fd-4a94-aab4-cd9617d25db4" />
    <UnitTestResult executionId="65ba1c2e-ace6-483d-b1e9-a79773933015" testId="78249c29-d3d5-cbcc-3c80-97099010a0ae" testName="GetAppConfigValueOrDefault_Integer_NullKey_ThrowsArgumentNullException" computerName="DKSR-EFI-04" duration="00:00:00.0020810" startTime="2023-12-22T09:32:47.2404081+01:00" endTime="2023-12-22T09:32:47.2404081+01:00" testType="13cdc9d9-ddb5-4fa4-a97d-d965ccfc6d4b" outcome="Passed" testListId="8c84fa94-04c1-424b-9868-57a2d4851a1d" relativeResultsDirectory="65ba1c2e-ace6-483d-b1e9-a79773933015" />
    <UnitTestResult executionId="b5e46815-4ebd-4e3e-8595-e89e52870a99" testId="3c6202cd-07f4-5084-a843-029ab69001f2" testName="GetAppConfigValueOrDefault_TimeSpan_KnownKeyWithMinValue_ReturnsOnlyAllowedValues" computerName="DKSR-EFI-04" duration="00:00:00.0042098" startTime="2023-12-22T09:32:47.3966585+01:00" endTime="2023-12-22T09:32:47.3966585+01:00" testType="13cdc9d9-ddb5-4fa4-a97d-d965ccfc6d4b" outcome="Passed" testListId="8c84fa94-04c1-424b-9868-57a2d4851a1d" relativeResultsDirectory="b5e46815-4ebd-4e3e-8595-e89e52870a99" />
    <UnitTestResult executionId="c676cb5a-5a40-4114-ab09-fedfd37627e8" testId="2ed15d1d-cf99-835a-9f67-0e00f8645c2c" testName="GetAppConfigValueOrDefault_Double_KnownKey_ReturnsCorrectValue" computerName="DKSR-EFI-04" duration="00:00:00.0031014" startTime="2023-12-22T09:32:47.3029077+01:00" endTime="2023-12-22T09:32:47.3185307+01:00" testType="13cdc9d9-ddb5-4fa4-a97d-d965ccfc6d4b" outcome="Passed" testListId="8c84fa94-04c1-424b-9868-57a2d4851a1d" relativeResultsDirectory="c676cb5a-5a40-4114-ab09-fedfd37627e8" />
  </Results>
  <TestDefinitions>
    <UnitTest name="GetAppConfigValueOrDefault_TimeSpan_NullKey_ThrowsArgumentNullException" storage="d:\actions-runner\_work\xpco\xpco\common\videoos.universal\videoos.universal.utilities.unittests\bin\debug\net472\videoos.universal.utilities.unittests.dll" id="9ddcd75b-5e45-f092-870b-96bdc6d9c594">
      <Execution id="ce99ad0e-87bc-42d0-9e5b-71c44e51374e" />
      <TestMethod codeBase="D:\actions-runner\_work\XPCO\XPCO\Common\VideoOS.Universal\VideoOS.Universal.Utilities.UnitTests\bin\Debug\net472\VideoOS.Universal.Utilities.UnitTests.dll" adapterTypeName="executor://mstestadapter/v2" className="VideoOS.Universal.Utilities.UnitTests.Configuration.ApplicationConfiguration.ApplicationConfigurationTests" name="GetAppConfigValueOrDefault_TimeSpan_NullKey_ThrowsArgumentNullException" />
    </UnitTest>
    <UnitTest name="GetAppConfigValueOrDefault_Double_KnownKeyWithInvalidValues_ReturnsDefaultValues" storage="d:\actions-runner\_work\xpco\xpco\common\videoos.universal\videoos.universal.utilities.unittests\bin\debug\net472\videoos.universal.utilities.unittests.dll" id="ab4ac729-52d3-ac00-c10c-492f64a8f9ff">
      <Execution id="1b05da61-8d59-4643-a54f-cbe9b3f4075e" />
      <TestMethod codeBase="D:\actions-runner\_work\XPCO\XPCO\Common\VideoOS.Universal\VideoOS.Universal.Utilities.UnitTests\bin\Debug\net472\VideoOS.Universal.Utilities.UnitTests.dll" adapterTypeName="executor://mstestadapter/v2" className="VideoOS.Universal.Utilities.UnitTests.Configuration.ApplicationConfiguration.ApplicationConfigurationTests" name="GetAppConfigValueOrDefault_Double_KnownKeyWithInvalidValues_ReturnsDefaultValues" />
    </UnitTest>
    <UnitTest name="GetAppConfigValueOrDefault_Integer_KnownKeyWithAllowedValues_ReturnsOnlyAllowedValues" storage="d:\actions-runner\_work\xpco\xpco\common\videoos.universal\videoos.universal.utilities.unittests\bin\debug\net472\videoos.universal.utilities.unittests.dll" id="5c996a0d-fc09-a416-b6e7-8666282b6fb9">
      <Execution id="169d4186-ea7a-4e43-a83f-53c3039d1dfb" />
      <TestMethod codeBase="D:\actions-runner\_work\XPCO\XPCO\Common\VideoOS.Universal\VideoOS.Universal.Utilities.UnitTests\bin\Debug\net472\VideoOS.Universal.Utilities.UnitTests.dll" adapterTypeName="executor://mstestadapter/v2" className="VideoOS.Universal.Utilities.UnitTests.Configuration.ApplicationConfiguration.ApplicationConfigurationTests" name="GetAppConfigValueOrDefault_Integer_KnownKeyWithAllowedValues_ReturnsOnlyAllowedValues" />
    </UnitTest>
    <UnitTest name="GetAppConfigValueOrDefault_Enum_KnownKeyAccessedMultipleTimes_ReturnsUpdatedValueWhenCacheIsCleared" storage="d:\actions-runner\_work\xpco\xpco\common\videoos.universal\videoos.universal.utilities.unittests\bin\debug\net472\videoos.universal.utilities.unittests.dll" id="9c03fbf1-c97a-e002-8455-5d6901c1b5f3">
      <Execution id="4a937ab9-d4cb-499d-9558-d589bbe7366c" />
      <TestMethod codeBase="D:\actions-runner\_work\XPCO\XPCO\Common\VideoOS.Universal\VideoOS.Universal.Utilities.UnitTests\bin\Debug\net472\VideoOS.Universal.Utilities.UnitTests.dll" adapterTypeName="executor://mstestadapter/v2" className="VideoOS.Universal.Utilities.UnitTests.Configuration.ApplicationConfiguration.ApplicationConfigurationTests" name="GetAppConfigValueOrDefault_Enum_KnownKeyAccessedMultipleTimes_ReturnsUpdatedValueWhenCacheIsCleared" />
    </UnitTest>
    <UnitTest name="GetAppConfigValueOrDefault_Boolean_KnownKeyAccessedMultipleTimes_ReturnsUpdatedValueWhenCacheIsCleared" storage="d:\actions-runner\_work\xpco\xpco\common\videoos.universal\videoos.universal.utilities.unittests\bin\debug\net472\videoos.universal.utilities.unittests.dll" id="30130d67-3675-8209-cea3-bbf76aecdad5">
      <Execution id="731e1c20-3678-449a-bfb0-982226a286e7" />
      <TestMethod codeBase="D:\actions-runner\_work\XPCO\XPCO\Common\VideoOS.Universal\VideoOS.Universal.Utilities.UnitTests\bin\Debug\net472\VideoOS.Universal.Utilities.UnitTests.dll" adapterTypeName="executor://mstestadapter/v2" className="VideoOS.Universal.Utilities.UnitTests.Configuration.ApplicationConfiguration.ApplicationConfigurationTests" name="GetAppConfigValueOrDefault_Boolean_KnownKeyAccessedMultipleTimes_ReturnsUpdatedValueWhenCacheIsCleared" />
    </UnitTest>
    <UnitTest name="GetAppConfigValueOrDefault_Boolean_KnownKey_ReturnsCorrectValue" storage="d:\actions-runner\_work\xpco\xpco\common\videoos.universal\videoos.universal.utilities.unittests\bin\debug\net472\videoos.universal.utilities.unittests.dll" id="047fbfb2-fc60-7d34-2bc2-d0c8bfbe7980">
      <Execution id="341d8127-3276-40d4-a3f7-83a0fbf21f4d" />
      <TestMethod codeBase="D:\actions-runner\_work\XPCO\XPCO\Common\VideoOS.Universal\VideoOS.Universal.Utilities.UnitTests\bin\Debug\net472\VideoOS.Universal.Utilities.UnitTests.dll" adapterTypeName="executor://mstestadapter/v2" className="VideoOS.Universal.Utilities.UnitTests.Configuration.ApplicationConfiguration.ApplicationConfigurationTests" name="GetAppConfigValueOrDefault_Boolean_KnownKey_ReturnsCorrectValue" />
    </UnitTest>
    <UnitTest name="GetAppConfigValueOrDefault_TimeSpan_KnownKeyWithInvalidValues_ReturnsDefaultValues" storage="d:\actions-runner\_work\xpco\xpco\common\videoos.universal\videoos.universal.utilities.unittests\bin\debug\net472\videoos.universal.utilities.unittests.dll" id="55d38079-c647-aa67-edc3-81a0a20f56e3">
      <Execution id="a53ed1d6-279c-4519-992c-df72a75da981" />
      <TestMethod codeBase="D:\actions-runner\_work\XPCO\XPCO\Common\VideoOS.Universal\VideoOS.Universal.Utilities.UnitTests\bin\Debug\net472\VideoOS.Universal.Utilities.UnitTests.dll" adapterTypeName="executor://mstestadapter/v2" className="VideoOS.Universal.Utilities.UnitTests.Configuration.ApplicationConfiguration.ApplicationConfigurationTests" name="GetAppConfigValueOrDefault_TimeSpan_KnownKeyWithInvalidValues_ReturnsDefaultValues" />
    </UnitTest>
    <UnitTest name="GetAppConfigValueOrDefault_TimeSpan_KnownKey_ReturnsCorrectValue" storage="d:\actions-runner\_work\xpco\xpco\common\videoos.universal\videoos.universal.utilities.unittests\bin\debug\net472\videoos.universal.utilities.unittests.dll" id="f22bbb2b-4d49-937f-3db8-6742e2421430">
      <Execution id="35b36cb3-05f8-4e40-992c-fc6d0a78da7e" />
      <TestMethod codeBase="D:\actions-runner\_work\XPCO\XPCO\Common\VideoOS.Universal\VideoOS.Universal.Utilities.UnitTests\bin\Debug\net472\VideoOS.Universal.Utilities.UnitTests.dll" adapterTypeName="executor://mstestadapter/v2" className="VideoOS.Universal.Utilities.UnitTests.Configuration.ApplicationConfiguration.ApplicationConfigurationTests" name="GetAppConfigValueOrDefault_TimeSpan_KnownKey_ReturnsCorrectValue" />
    </UnitTest>
    <UnitTest name="GetAppConfigValueOrDefault_String_KnownKey_ReturnsCorrectValue" storage="d:\actions-runner\_work\xpco\xpco\common\videoos.universal\videoos.universal.utilities.unittests\bin\debug\net472\videoos.universal.utilities.unittests.dll" id="601e8247-d9d7-da64-5c04-fa9cc29937f7">
      <Execution id="761cfbde-95f1-42cd-af90-8954398bad6b" />
      <TestMethod codeBase="D:\actions-runner\_work\XPCO\XPCO\Common\VideoOS.Universal\VideoOS.Universal.Utilities.UnitTests\bin\Debug\net472\VideoOS.Universal.Utilities.UnitTests.dll" adapterTypeName="executor://mstestadapter/v2" className="VideoOS.Universal.Utilities.UnitTests.Configuration.ApplicationConfiguration.ApplicationConfigurationTests" name="GetAppConfigValueOrDefault_String_KnownKey_ReturnsCorrectValue" />
    </UnitTest>
    <UnitTest name="GetAppConfigValueOrDefault_TimeSpan_KnownKeyAccessedMultipleTimes_ReturnsUpdatedValueWhenCacheIsCleared" storage="d:\actions-runner\_work\xpco\xpco\common\videoos.universal\videoos.universal.utilities.unittests\bin\debug\net472\videoos.universal.utilities.unittests.dll" id="363a8458-7d3f-212d-8e54-cac7ad188194">
      <Execution id="358cc578-551d-445d-931c-e880cec331e4" />
      <TestMethod codeBase="D:\actions-runner\_work\XPCO\XPCO\Common\VideoOS.Universal\VideoOS.Universal.Utilities.UnitTests\bin\Debug\net472\VideoOS.Universal.Utilities.UnitTests.dll" adapterTypeName="executor://mstestadapter/v2" className="VideoOS.Universal.Utilities.UnitTests.Configuration.ApplicationConfiguration.ApplicationConfigurationTests" name="GetAppConfigValueOrDefault_TimeSpan_KnownKeyAccessedMultipleTimes_ReturnsUpdatedValueWhenCacheIsCleared" />
    </UnitTest>
    <UnitTest name="GetAppConfigValueOrDefault_Boolean_NullKey_ThrowsArgumentNullException" storage="d:\actions-runner\_work\xpco\xpco\common\videoos.universal\videoos.universal.utilities.unittests\bin\debug\net472\videoos.universal.utilities.unittests.dll" id="40a5c975-37e8-bc73-1ac5-8e72790a48bb">
      <Execution id="f6ce9def-544e-4f7c-8d64-fbc7358298a1" />
      <TestMethod codeBase="D:\actions-runner\_work\XPCO\XPCO\Common\VideoOS.Universal\VideoOS.Universal.Utilities.UnitTests\bin\Debug\net472\VideoOS.Universal.Utilities.UnitTests.dll" adapterTypeName="executor://mstestadapter/v2" className="VideoOS.Universal.Utilities.UnitTests.Configuration.ApplicationConfiguration.ApplicationConfigurationTests" name="GetAppConfigValueOrDefault_Boolean_NullKey_ThrowsArgumentNullException" />
    </UnitTest>
    <UnitTest name="GetAppConfigValueOrDefault_String_KnownKeyAccessedMultipleTimes_ReturnsUpdatedValueWhenCacheIsCleared" storage="d:\actions-runner\_work\xpco\xpco\common\videoos.universal\videoos.universal.utilities.unittests\bin\debug\net472\videoos.universal.utilities.unittests.dll" id="7233f679-3512-158a-9d61-b86e97dd7840">
      <Execution id="94b181e0-e950-427b-bb30-2b3a4806d46f" />
      <TestMethod codeBase="D:\actions-runner\_work\XPCO\XPCO\Common\VideoOS.Universal\VideoOS.Universal.Utilities.UnitTests\bin\Debug\net472\VideoOS.Universal.Utilities.UnitTests.dll" adapterTypeName="executor://mstestadapter/v2" className="VideoOS.Universal.Utilities.UnitTests.Configuration.ApplicationConfiguration.ApplicationConfigurationTests" name="GetAppConfigValueOrDefault_String_KnownKeyAccessedMultipleTimes_ReturnsUpdatedValueWhenCacheIsCleared" />
    </UnitTest>
    <UnitTest name="GetAppConfigValueOrDefault_Enum_UnknownKey_ReturnsDefaultValue" storage="d:\actions-runner\_work\xpco\xpco\common\videoos.universal\videoos.universal.utilities.unittests\bin\debug\net472\videoos.universal.utilities.unittests.dll" id="61b8dd52-f93a-8ff9-4689-849ae6f51466">
      <Execution id="cf598200-030f-45d3-8cc1-3c2db08574df" />
      <TestMethod codeBase="D:\actions-runner\_work\XPCO\XPCO\Common\VideoOS.Universal\VideoOS.Universal.Utilities.UnitTests\bin\Debug\net472\VideoOS.Universal.Utilities.UnitTests.dll" adapterTypeName="executor://mstestadapter/v2" className="VideoOS.Universal.Utilities.UnitTests.Configuration.ApplicationConfiguration.ApplicationConfigurationTests" name="GetAppConfigValueOrDefault_Enum_UnknownKey_ReturnsDefaultValue" />
    </UnitTest>
    <UnitTest name="GetAppConfigValueOrDefault_String_KnownKeyAccessedMultipleTimes_ReturnsCachedValue" storage="d:\actions-runner\_work\xpco\xpco\common\videoos.universal\videoos.universal.utilities.unittests\bin\debug\net472\videoos.universal.utilities.unittests.dll" id="e6326402-bfd9-d812-fb57-4e4baf540e37">
      <Execution id="f0db6a96-c9fd-4a94-aab4-cd9617d25db4" />
      <TestMethod codeBase="D:\actions-runner\_work\XPCO\XPCO\Common\VideoOS.Universal\VideoOS.Universal.Utilities.UnitTests\bin\Debug\net472\VideoOS.Universal.Utilities.UnitTests.dll" adapterTypeName="executor://mstestadapter/v2" className="VideoOS.Universal.Utilities.UnitTests.Configuration.ApplicationConfiguration.ApplicationConfigurationTests" name="GetAppConfigValueOrDefault_String_KnownKeyAccessedMultipleTimes_ReturnsCachedValue" />
    </UnitTest>
    <UnitTest name="GetAppConfigValueOrDefault_Double_KnownKeyWithAllowedValues_ReturnsOnlyAllowedValues" storage="d:\actions-runner\_work\xpco\xpco\common\videoos.universal\videoos.universal.utilities.unittests\bin\debug\net472\videoos.universal.utilities.unittests.dll" id="6a54e572-0ea3-23f1-4d91-cd55ad0f94c2">
      <Execution id="48febd7e-8582-4152-96b2-3a400ab1d7c8" />
      <TestMethod codeBase="D:\actions-runner\_work\XPCO\XPCO\Common\VideoOS.Universal\VideoOS.Universal.Utilities.UnitTests\bin\Debug\net472\VideoOS.Universal.Utilities.UnitTests.dll" adapterTypeName="executor://mstestadapter/v2" className="VideoOS.Universal.Utilities.UnitTests.Configuration.ApplicationConfiguration.ApplicationConfigurationTests" name="GetAppConfigValueOrDefault_Double_KnownKeyWithAllowedValues_ReturnsOnlyAllowedValues" />
    </UnitTest>
    <UnitTest name="GetAppConfigValueOrDefault_Double_KnownKeyAccessedMultipleTimes_ReturnsCachedValue" storage="d:\actions-runner\_work\xpco\xpco\common\videoos.universal\videoos.universal.utilities.unittests\bin\debug\net472\videoos.universal.utilities.unittests.dll" id="9e887f99-afa7-c0da-24f2-53cc5e15cbd1">
      <Execution id="492ae625-9d15-4051-bff7-959ea353c0f4" />
      <TestMethod codeBase="D:\actions-runner\_work\XPCO\XPCO\Common\VideoOS.Universal\VideoOS.Universal.Utilities.UnitTests\bin\Debug\net472\VideoOS.Universal.Utilities.UnitTests.dll" adapterTypeName="executor://mstestadapter/v2" className="VideoOS.Universal.Utilities.UnitTests.Configuration.ApplicationConfiguration.ApplicationConfigurationTests" name="GetAppConfigValueOrDefault_Double_KnownKeyAccessedMultipleTimes_ReturnsCachedValue" />
    </UnitTest>
    <UnitTest name="GetAppConfigValueOrDefault_Enum_KnownKey_ReturnsCorrectValue" storage="d:\actions-runner\_work\xpco\xpco\common\videoos.universal\videoos.universal.utilities.unittests\bin\debug\net472\videoos.universal.utilities.unittests.dll" id="091a1fc3-88ba-3958-1b4e-60556be24e3b">
      <Execution id="6fcc5719-9c26-4b9e-8075-609a8c5d2f64" />
      <TestMethod codeBase="D:\actions-runner\_work\XPCO\XPCO\Common\VideoOS.Universal\VideoOS.Universal.Utilities.UnitTests\bin\Debug\net472\VideoOS.Universal.Utilities.UnitTests.dll" adapterTypeName="executor://mstestadapter/v2" className="VideoOS.Universal.Utilities.UnitTests.Configuration.ApplicationConfiguration.ApplicationConfigurationTests" name="GetAppConfigValueOrDefault_Enum_KnownKey_ReturnsCorrectValue" />
    </UnitTest>
    <UnitTest name="GetAppConfigValueOrDefault_TimeSpan_UnknownKey_ReturnsDefaultValue" storage="d:\actions-runner\_work\xpco\xpco\common\videoos.universal\videoos.universal.utilities.unittests\bin\debug\net472\videoos.universal.utilities.unittests.dll" id="ee0be6d8-16f3-3f50-b66a-3f0af0ca967c">
      <Execution id="4c946364-b2c3-4b68-a2ee-2fa41804cee2" />
      <TestMethod codeBase="D:\actions-runner\_work\XPCO\XPCO\Common\VideoOS.Universal\VideoOS.Universal.Utilities.UnitTests\bin\Debug\net472\VideoOS.Universal.Utilities.UnitTests.dll" adapterTypeName="executor://mstestadapter/v2" className="VideoOS.Universal.Utilities.UnitTests.Configuration.ApplicationConfiguration.ApplicationConfigurationTests" name="GetAppConfigValueOrDefault_TimeSpan_UnknownKey_ReturnsDefaultValue" />
    </UnitTest>
    <UnitTest name="GetAppConfigValueOrDefault_Integer_KnownKeyWithMinAndMaxValues_ReturnsOnlyAllowedValues" storage="d:\actions-runner\_work\xpco\xpco\common\videoos.universal\videoos.universal.utilities.unittests\bin\debug\net472\videoos.universal.utilities.unittests.dll" id="2c6d17cd-ae7f-595b-d5bb-43e03706f304">
      <Execution id="d26ad016-5b27-4ddd-a7ca-09f6ce57d6d2" />
      <TestMethod codeBase="D:\actions-runner\_work\XPCO\XPCO\Common\VideoOS.Universal\VideoOS.Universal.Utilities.UnitTests\bin\Debug\net472\VideoOS.Universal.Utilities.UnitTests.dll" adapterTypeName="executor://mstestadapter/v2" className="VideoOS.Universal.Utilities.UnitTests.Configuration.ApplicationConfiguration.ApplicationConfigurationTests" name="GetAppConfigValueOrDefault_Integer_KnownKeyWithMinAndMaxValues_ReturnsOnlyAllowedValues" />
    </UnitTest>
    <UnitTest name="GetAppConfigValueOrDefault_Double_KnownKeyWithMinAndMaxValues_ReturnsOnlyAllowedValues" storage="d:\actions-runner\_work\xpco\xpco\common\videoos.universal\videoos.universal.utilities.unittests\bin\debug\net472\videoos.universal.utilities.unittests.dll" id="ac230ab8-5c42-3ae1-3c38-3537fec03817">
      <Execution id="28fe2526-cc10-4e75-8030-3f453918da73" />
      <TestMethod codeBase="D:\actions-runner\_work\XPCO\XPCO\Common\VideoOS.Universal\VideoOS.Universal.Utilities.UnitTests\bin\Debug\net472\VideoOS.Universal.Utilities.UnitTests.dll" adapterTypeName="executor://mstestadapter/v2" className="VideoOS.Universal.Utilities.UnitTests.Configuration.ApplicationConfiguration.ApplicationConfigurationTests" name="GetAppConfigValueOrDefault_Double_KnownKeyWithMinAndMaxValues_ReturnsOnlyAllowedValues" />
    </UnitTest>
    <UnitTest name="GetAppConfigValueOrDefault_TimeSpan_KnownKeyWithMinAndMaxValues_ReturnsOnlyAllowedValues" storage="d:\actions-runner\_work\xpco\xpco\common\videoos.universal\videoos.universal.utilities.unittests\bin\debug\net472\videoos.universal.utilities.unittests.dll" id="08506604-191e-fff1-e3a2-267bde7280da">
      <Execution id="19f1c122-092f-46b6-884c-f0d1bb4bab93" />
      <TestMethod codeBase="D:\actions-runner\_work\XPCO\XPCO\Common\VideoOS.Universal\VideoOS.Universal.Utilities.UnitTests\bin\Debug\net472\VideoOS.Universal.Utilities.UnitTests.dll" adapterTypeName="executor://mstestadapter/v2" className="VideoOS.Universal.Utilities.UnitTests.Configuration.ApplicationConfiguration.ApplicationConfigurationTests" name="GetAppConfigValueOrDefault_TimeSpan_KnownKeyWithMinAndMaxValues_ReturnsOnlyAllowedValues" />
    </UnitTest>
    <UnitTest name="GetAppConfigValueOrDefault_Double_NullKey_ThrowsArgumentNullException" storage="d:\actions-runner\_work\xpco\xpco\common\videoos.universal\videoos.universal.utilities.unittests\bin\debug\net472\videoos.universal.utilities.unittests.dll" id="a062667e-6aef-720a-f8be-8a70eb73be75">
      <Execution id="27b03664-7a51-45ce-9201-e8ab77cd4aca" />
      <TestMethod codeBase="D:\actions-runner\_work\XPCO\XPCO\Common\VideoOS.Universal\VideoOS.Universal.Utilities.UnitTests\bin\Debug\net472\VideoOS.Universal.Utilities.UnitTests.dll" adapterTypeName="executor://mstestadapter/v2" className="VideoOS.Universal.Utilities.UnitTests.Configuration.ApplicationConfiguration.ApplicationConfigurationTests" name="GetAppConfigValueOrDefault_Double_NullKey_ThrowsArgumentNullException" />
    </UnitTest>
    <UnitTest name="GetAppConfigValueOrDefault_Boolean_UnknownKey_ReturnsDefaultValue" storage="d:\actions-runner\_work\xpco\xpco\common\videoos.universal\videoos.universal.utilities.unittests\bin\debug\net472\videoos.universal.utilities.unittests.dll" id="ecbffb9d-d6c8-713a-829f-718f52e882c8">
      <Execution id="1a198bff-523f-4009-85ef-0d974b7ea42b" />
      <TestMethod codeBase="D:\actions-runner\_work\XPCO\XPCO\Common\VideoOS.Universal\VideoOS.Universal.Utilities.UnitTests\bin\Debug\net472\VideoOS.Universal.Utilities.UnitTests.dll" adapterTypeName="executor://mstestadapter/v2" className="VideoOS.Universal.Utilities.UnitTests.Configuration.ApplicationConfiguration.ApplicationConfigurationTests" name="GetAppConfigValueOrDefault_Boolean_UnknownKey_ReturnsDefaultValue" />
    </UnitTest>
    <UnitTest name="GetAppConfigValueOrDefault_Boolean_KnownKeyWithInvalidValues_ReturnsDefaultValues" storage="d:\actions-runner\_work\xpco\xpco\common\videoos.universal\videoos.universal.utilities.unittests\bin\debug\net472\videoos.universal.utilities.unittests.dll" id="4b7d67fc-30b8-7ae5-b6f7-f88bada77b1c">
      <Execution id="4096c154-09ec-40a6-bcb0-611c891f8d00" />
      <TestMethod codeBase="D:\actions-runner\_work\XPCO\XPCO\Common\VideoOS.Universal\VideoOS.Universal.Utilities.UnitTests\bin\Debug\net472\VideoOS.Universal.Utilities.UnitTests.dll" adapterTypeName="executor://mstestadapter/v2" className="VideoOS.Universal.Utilities.UnitTests.Configuration.ApplicationConfiguration.ApplicationConfigurationTests" name="GetAppConfigValueOrDefault_Boolean_KnownKeyWithInvalidValues_ReturnsDefaultValues" />
    </UnitTest>
    <UnitTest name="GetAppConfigValueOrDefault_Integer_UnknownKey_ReturnsDefaultValue" storage="d:\actions-runner\_work\xpco\xpco\common\videoos.universal\videoos.universal.utilities.unittests\bin\debug\net472\videoos.universal.utilities.unittests.dll" id="b7d1f5af-c647-b8ee-21be-1a915ae3f9ab">
      <Execution id="b6cb8a12-13b5-4ac7-bd39-84c39c0d1c7e" />
      <TestMethod codeBase="D:\actions-runner\_work\XPCO\XPCO\Common\VideoOS.Universal\VideoOS.Universal.Utilities.UnitTests\bin\Debug\net472\VideoOS.Universal.Utilities.UnitTests.dll" adapterTypeName="executor://mstestadapter/v2" className="VideoOS.Universal.Utilities.UnitTests.Configuration.ApplicationConfiguration.ApplicationConfigurationTests" name="GetAppConfigValueOrDefault_Integer_UnknownKey_ReturnsDefaultValue" />
    </UnitTest>
    <UnitTest name="GetAppConfigValueOrDefault_String_NullKey_ThrowsArgumentNullException" storage="d:\actions-runner\_work\xpco\xpco\common\videoos.universal\videoos.universal.utilities.unittests\bin\debug\net472\videoos.universal.utilities.unittests.dll" id="d6f121b9-62dd-3b17-cd01-1822add3d9d8">
      <Execution id="3a2307b1-0885-420f-b5ad-50747eb99ee2" />
      <TestMethod codeBase="D:\actions-runner\_work\XPCO\XPCO\Common\VideoOS.Universal\VideoOS.Universal.Utilities.UnitTests\bin\Debug\net472\VideoOS.Universal.Utilities.UnitTests.dll" adapterTypeName="executor://mstestadapter/v2" className="VideoOS.Universal.Utilities.UnitTests.Configuration.ApplicationConfiguration.ApplicationConfigurationTests" name="GetAppConfigValueOrDefault_String_NullKey_ThrowsArgumentNullException" />
    </UnitTest>
    <UnitTest name="GetAppConfigValueOrDefault_Integer_KnownKeyWithInvalidValues_ReturnsDefaultValues" storage="d:\actions-runner\_work\xpco\xpco\common\videoos.universal\videoos.universal.utilities.unittests\bin\debug\net472\videoos.universal.utilities.unittests.dll" id="210800d1-ccf8-61aa-bc61-27c7d56b1d8b">
      <Execution id="e0ccb8cb-9fa6-4905-80d1-86e2c1eb7408" />
      <TestMethod codeBase="D:\actions-runner\_work\XPCO\XPCO\Common\VideoOS.Universal\VideoOS.Universal.Utilities.UnitTests\bin\Debug\net472\VideoOS.Universal.Utilities.UnitTests.dll" adapterTypeName="executor://mstestadapter/v2" className="VideoOS.Universal.Utilities.UnitTests.Configuration.ApplicationConfiguration.ApplicationConfigurationTests" name="GetAppConfigValueOrDefault_Integer_KnownKeyWithInvalidValues_ReturnsDefaultValues" />
    </UnitTest>
    <UnitTest name="GetAppConfigValueOrDefault_TimeSpan_KnownKeyWithAllowedValues_ReturnsOnlyAllowedValues" storage="d:\actions-runner\_work\xpco\xpco\common\videoos.universal\videoos.universal.utilities.unittests\bin\debug\net472\videoos.universal.utilities.unittests.dll" id="10da6535-9079-2bfc-3d51-558a5307bc16">
      <Execution id="911d238c-4ca8-41de-beaf-9295ce94b899" />
      <TestMethod codeBase="D:\actions-runner\_work\XPCO\XPCO\Common\VideoOS.Universal\VideoOS.Universal.Utilities.UnitTests\bin\Debug\net472\VideoOS.Universal.Utilities.UnitTests.dll" adapterTypeName="executor://mstestadapter/v2" className="VideoOS.Universal.Utilities.UnitTests.Configuration.ApplicationConfiguration.ApplicationConfigurationTests" name="GetAppConfigValueOrDefault_TimeSpan_KnownKeyWithAllowedValues_ReturnsOnlyAllowedValues" />
    </UnitTest>
    <UnitTest name="GetAppConfigValueOrDefault_Enum_KnownKeyWithInvalidValues_ReturnsDefaultValues" storage="d:\actions-runner\_work\xpco\xpco\common\videoos.universal\videoos.universal.utilities.unittests\bin\debug\net472\videoos.universal.utilities.unittests.dll" id="9a296515-bd8f-5327-6ce3-e992e3edb30a">
      <Execution id="91440005-f030-4048-b331-f16665a8641a" />
      <TestMethod codeBase="D:\actions-runner\_work\XPCO\XPCO\Common\VideoOS.Universal\VideoOS.Universal.Utilities.UnitTests\bin\Debug\net472\VideoOS.Universal.Utilities.UnitTests.dll" adapterTypeName="executor://mstestadapter/v2" className="VideoOS.Universal.Utilities.UnitTests.Configuration.ApplicationConfiguration.ApplicationConfigurationTests" name="GetAppConfigValueOrDefault_Enum_KnownKeyWithInvalidValues_ReturnsDefaultValues" />
    </UnitTest>
    <UnitTest name="GetAppConfigValueOrDefault_String_KnownKeyWithAllowedValues_ReturnsOnlyAllowedValues" storage="d:\actions-runner\_work\xpco\xpco\common\videoos.universal\videoos.universal.utilities.unittests\bin\debug\net472\videoos.universal.utilities.unittests.dll" id="1ca164fc-b465-9318-3a63-691e0f77382a">
      <Execution id="4da66013-7b24-4bb8-99f9-5855f043c07e" />
      <TestMethod codeBase="D:\actions-runner\_work\XPCO\XPCO\Common\VideoOS.Universal\VideoOS.Universal.Utilities.UnitTests\bin\Debug\net472\VideoOS.Universal.Utilities.UnitTests.dll" adapterTypeName="executor://mstestadapter/v2" className="VideoOS.Universal.Utilities.UnitTests.Configuration.ApplicationConfiguration.ApplicationConfigurationTests" name="GetAppConfigValueOrDefault_String_KnownKeyWithAllowedValues_ReturnsOnlyAllowedValues" />
    </UnitTest>
    <UnitTest name="GetAppConfigValueOrDefault_Integer_KnownKeyWithMinValue_ReturnsOnlyAllowedValues" storage="d:\actions-runner\_work\xpco\xpco\common\videoos.universal\videoos.universal.utilities.unittests\bin\debug\net472\videoos.universal.utilities.unittests.dll" id="843ad744-d903-f73e-9361-d71146fe9024">
      <Execution id="36ea6d21-1959-491a-ab4d-8806b90d6191" />
      <TestMethod codeBase="D:\actions-runner\_work\XPCO\XPCO\Common\VideoOS.Universal\VideoOS.Universal.Utilities.UnitTests\bin\Debug\net472\VideoOS.Universal.Utilities.UnitTests.dll" adapterTypeName="executor://mstestadapter/v2" className="VideoOS.Universal.Utilities.UnitTests.Configuration.ApplicationConfiguration.ApplicationConfigurationTests" name="GetAppConfigValueOrDefault_Integer_KnownKeyWithMinValue_ReturnsOnlyAllowedValues" />
    </UnitTest>
    <UnitTest name="GetAppConfigValueOrDefault_Double_UnknownKey_ReturnsDefaultValue" storage="d:\actions-runner\_work\xpco\xpco\common\videoos.universal\videoos.universal.utilities.unittests\bin\debug\net472\videoos.universal.utilities.unittests.dll" id="a9b64fd4-9f83-3f94-da29-933fa92245d3">
      <Execution id="4f54268a-65ae-4a7b-a838-35b0935e1503" />
      <TestMethod codeBase="D:\actions-runner\_work\XPCO\XPCO\Common\VideoOS.Universal\VideoOS.Universal.Utilities.UnitTests\bin\Debug\net472\VideoOS.Universal.Utilities.UnitTests.dll" adapterTypeName="executor://mstestadapter/v2" className="VideoOS.Universal.Utilities.UnitTests.Configuration.ApplicationConfiguration.ApplicationConfigurationTests" name="GetAppConfigValueOrDefault_Double_UnknownKey_ReturnsDefaultValue" />
    </UnitTest>
    <UnitTest name="GetAppConfigValueOrDefault_Integer_KnownKey_ReturnsCorrectValue" storage="d:\actions-runner\_work\xpco\xpco\common\videoos.universal\videoos.universal.utilities.unittests\bin\debug\net472\videoos.universal.utilities.unittests.dll" id="afc949a2-5ce4-35fb-7dba-159335162b83">
      <Execution id="3dfd62da-f3d4-4e64-8aa3-fc5a9d831ff3" />
      <TestMethod codeBase="D:\actions-runner\_work\XPCO\XPCO\Common\VideoOS.Universal\VideoOS.Universal.Utilities.UnitTests\bin\Debug\net472\VideoOS.Universal.Utilities.UnitTests.dll" adapterTypeName="executor://mstestadapter/v2" className="VideoOS.Universal.Utilities.UnitTests.Configuration.ApplicationConfiguration.ApplicationConfigurationTests" name="GetAppConfigValueOrDefault_Integer_KnownKey_ReturnsCorrectValue" />
    </UnitTest>
    <UnitTest name="GetAppConfigValueOrDefault_Double_KnownKey_ReturnsCorrectValue" storage="d:\actions-runner\_work\xpco\xpco\common\videoos.universal\videoos.universal.utilities.unittests\bin\debug\net472\videoos.universal.utilities.unittests.dll" id="2ed15d1d-cf99-835a-9f67-0e00f8645c2c">
      <Execution id="c676cb5a-5a40-4114-ab09-fedfd37627e8" />
      <TestMethod codeBase="D:\actions-runner\_work\XPCO\XPCO\Common\VideoOS.Universal\VideoOS.Universal.Utilities.UnitTests\bin\Debug\net472\VideoOS.Universal.Utilities.UnitTests.dll" adapterTypeName="executor://mstestadapter/v2" className="VideoOS.Universal.Utilities.UnitTests.Configuration.ApplicationConfiguration.ApplicationConfigurationTests" name="GetAppConfigValueOrDefault_Double_KnownKey_ReturnsCorrectValue" />
    </UnitTest>
    <UnitTest name="GetAppConfigValueOrDefault_Integer_KnownKeyAccessedMultipleTimes_ReturnsCachedValue" storage="d:\actions-runner\_work\xpco\xpco\common\videoos.universal\videoos.universal.utilities.unittests\bin\debug\net472\videoos.universal.utilities.unittests.dll" id="e12fb247-7933-16cf-f508-fe360e927685">
      <Execution id="ff2784a8-dc1c-4770-81bb-13d6e9230ffe" />
      <TestMethod codeBase="D:\actions-runner\_work\XPCO\XPCO\Common\VideoOS.Universal\VideoOS.Universal.Utilities.UnitTests\bin\Debug\net472\VideoOS.Universal.Utilities.UnitTests.dll" adapterTypeName="executor://mstestadapter/v2" className="VideoOS.Universal.Utilities.UnitTests.Configuration.ApplicationConfiguration.ApplicationConfigurationTests" name="GetAppConfigValueOrDefault_Integer_KnownKeyAccessedMultipleTimes_ReturnsCachedValue" />
    </UnitTest>
    <UnitTest name="GetAppConfigValueOrDefault_TimeSpan_KnownKeyAccessedMultipleTimes_ReturnsCachedValue" storage="d:\actions-runner\_work\xpco\xpco\common\videoos.universal\videoos.universal.utilities.unittests\bin\debug\net472\videoos.universal.utilities.unittests.dll" id="728cb314-4370-b897-d24b-af7d8d2330ab">
      <Execution id="82c81caa-636b-49cb-8252-46d9dd5e3b4f" />
      <TestMethod codeBase="D:\actions-runner\_work\XPCO\XPCO\Common\VideoOS.Universal\VideoOS.Universal.Utilities.UnitTests\bin\Debug\net472\VideoOS.Universal.Utilities.UnitTests.dll" adapterTypeName="executor://mstestadapter/v2" className="VideoOS.Universal.Utilities.UnitTests.Configuration.ApplicationConfiguration.ApplicationConfigurationTests" name="GetAppConfigValueOrDefault_TimeSpan_KnownKeyAccessedMultipleTimes_ReturnsCachedValue" />
    </UnitTest>
    <UnitTest name="GetAppConfigValueOrDefault_Integer_KnownKeyAccessedMultipleTimes_ReturnsUpdatedValueWhenCacheIsCleared" storage="d:\actions-runner\_work\xpco\xpco\common\videoos.universal\videoos.universal.utilities.unittests\bin\debug\net472\videoos.universal.utilities.unittests.dll" id="42a97528-fca3-7fad-95d3-4bc95198b880">
      <Execution id="a04e7b71-663c-4813-b871-037e62f9d97c" />
      <TestMethod codeBase="D:\actions-runner\_work\XPCO\XPCO\Common\VideoOS.Universal\VideoOS.Universal.Utilities.UnitTests\bin\Debug\net472\VideoOS.Universal.Utilities.UnitTests.dll" adapterTypeName="executor://mstestadapter/v2" className="VideoOS.Universal.Utilities.UnitTests.Configuration.ApplicationConfiguration.ApplicationConfigurationTests" name="GetAppConfigValueOrDefault_Integer_KnownKeyAccessedMultipleTimes_ReturnsUpdatedValueWhenCacheIsCleared" />
    </UnitTest>
    <UnitTest name="GetAppConfigValueOrDefault_String_UnknownKey_ReturnsDefaultValue" storage="d:\actions-runner\_work\xpco\xpco\common\videoos.universal\videoos.universal.utilities.unittests\bin\debug\net472\videoos.universal.utilities.unittests.dll" id="a4fa4d09-ed98-c781-c7fa-246e8bf5b32b">
      <Execution id="34f3bd04-5ce3-4eed-a3c3-3c04e241c67d" />
      <TestMethod codeBase="D:\actions-runner\_work\XPCO\XPCO\Common\VideoOS.Universal\VideoOS.Universal.Utilities.UnitTests\bin\Debug\net472\VideoOS.Universal.Utilities.UnitTests.dll" adapterTypeName="executor://mstestadapter/v2" className="VideoOS.Universal.Utilities.UnitTests.Configuration.ApplicationConfiguration.ApplicationConfigurationTests" name="GetAppConfigValueOrDefault_String_UnknownKey_ReturnsDefaultValue" />
    </UnitTest>
    <UnitTest name="GetAppConfigValueOrDefault_Enum_NullKey_ThrowsArgumentNullException" storage="d:\actions-runner\_work\xpco\xpco\common\videoos.universal\videoos.universal.utilities.unittests\bin\debug\net472\videoos.universal.utilities.unittests.dll" id="66313b81-95d3-89a0-d5c6-0970e07e1abc">
      <Execution id="7ea457b0-e045-4348-ba45-fb34d913cc88" />
      <TestMethod codeBase="D:\actions-runner\_work\XPCO\XPCO\Common\VideoOS.Universal\VideoOS.Universal.Utilities.UnitTests\bin\Debug\net472\VideoOS.Universal.Utilities.UnitTests.dll" adapterTypeName="executor://mstestadapter/v2" className="VideoOS.Universal.Utilities.UnitTests.Configuration.ApplicationConfiguration.ApplicationConfigurationTests" name="GetAppConfigValueOrDefault_Enum_NullKey_ThrowsArgumentNullException" />
    </UnitTest>
    <UnitTest name="GetAppConfigValueOrDefault_Double_KnownKeyAccessedMultipleTimes_ReturnsUpdatedValueWhenCacheIsCleared" storage="d:\actions-runner\_work\xpco\xpco\common\videoos.universal\videoos.universal.utilities.unittests\bin\debug\net472\videoos.universal.utilities.unittests.dll" id="34de4435-b1db-9488-14f7-387e4f25f332">
      <Execution id="e45d345f-d7c8-433a-a553-04eb7b0216e3" />
      <TestMethod codeBase="D:\actions-runner\_work\XPCO\XPCO\Common\VideoOS.Universal\VideoOS.Universal.Utilities.UnitTests\bin\Debug\net472\VideoOS.Universal.Utilities.UnitTests.dll" adapterTypeName="executor://mstestadapter/v2" className="VideoOS.Universal.Utilities.UnitTests.Configuration.ApplicationConfiguration.ApplicationConfigurationTests" name="GetAppConfigValueOrDefault_Double_KnownKeyAccessedMultipleTimes_ReturnsUpdatedValueWhenCacheIsCleared" />
    </UnitTest>
    <UnitTest name="GetAppConfigValueOrDefault_Boolean_KnownKeyWithAllValidValues_ReturnsCorrectValues" storage="d:\actions-runner\_work\xpco\xpco\common\videoos.universal\videoos.universal.utilities.unittests\bin\debug\net472\videoos.universal.utilities.unittests.dll" id="b0441781-c253-e359-951d-574b5fa10696">
      <Execution id="7209f50f-b0aa-43c4-8490-0f2f12bf7b03" />
      <TestMethod codeBase="D:\actions-runner\_work\XPCO\XPCO\Common\VideoOS.Universal\VideoOS.Universal.Utilities.UnitTests\bin\Debug\net472\VideoOS.Universal.Utilities.UnitTests.dll" adapterTypeName="executor://mstestadapter/v2" className="VideoOS.Universal.Utilities.UnitTests.Configuration.ApplicationConfiguration.ApplicationConfigurationTests" name="GetAppConfigValueOrDefault_Boolean_KnownKeyWithAllValidValues_ReturnsCorrectValues" />
    </UnitTest>
    <UnitTest name="GetAppConfigValueOrDefault_Boolean_KnownKeyAccessedMultipleTimes_ReturnsCachedValue" storage="d:\actions-runner\_work\xpco\xpco\common\videoos.universal\videoos.universal.utilities.unittests\bin\debug\net472\videoos.universal.utilities.unittests.dll" id="0d0b1de0-0a59-96ca-7d2d-bca519274740">
      <Execution id="a6c7e8b7-0a47-49bd-ba95-00d70caeeb7c" />
      <TestMethod codeBase="D:\actions-runner\_work\XPCO\XPCO\Common\VideoOS.Universal\VideoOS.Universal.Utilities.UnitTests\bin\Debug\net472\VideoOS.Universal.Utilities.UnitTests.dll" adapterTypeName="executor://mstestadapter/v2" className="VideoOS.Universal.Utilities.UnitTests.Configuration.ApplicationConfiguration.ApplicationConfigurationTests" name="GetAppConfigValueOrDefault_Boolean_KnownKeyAccessedMultipleTimes_ReturnsCachedValue" />
    </UnitTest>
    <UnitTest name="GetAppConfigValueOrDefault_TimeSpan_KnownKeyWithMinValue_ReturnsOnlyAllowedValues" storage="d:\actions-runner\_work\xpco\xpco\common\videoos.universal\videoos.universal.utilities.unittests\bin\debug\net472\videoos.universal.utilities.unittests.dll" id="3c6202cd-07f4-5084-a843-029ab69001f2">
      <Execution id="b5e46815-4ebd-4e3e-8595-e89e52870a99" />
      <TestMethod codeBase="D:\actions-runner\_work\XPCO\XPCO\Common\VideoOS.Universal\VideoOS.Universal.Utilities.UnitTests\bin\Debug\net472\VideoOS.Universal.Utilities.UnitTests.dll" adapterTypeName="executor://mstestadapter/v2" className="VideoOS.Universal.Utilities.UnitTests.Configuration.ApplicationConfiguration.ApplicationConfigurationTests" name="GetAppConfigValueOrDefault_TimeSpan_KnownKeyWithMinValue_ReturnsOnlyAllowedValues" />
    </UnitTest>
    <UnitTest name="GetAppConfigValueOrDefault_Enum_KnownKeyAccessedMultipleTimes_ReturnsCachedValue" storage="d:\actions-runner\_work\xpco\xpco\common\videoos.universal\videoos.universal.utilities.unittests\bin\debug\net472\videoos.universal.utilities.unittests.dll" id="c1e495bf-69bb-2e80-a4ef-cd9a4f93c416">
      <Execution id="5d0cc2b7-e0d2-45af-83ff-b2f5b4e4c94d" />
      <TestMethod codeBase="D:\actions-runner\_work\XPCO\XPCO\Common\VideoOS.Universal\VideoOS.Universal.Utilities.UnitTests\bin\Debug\net472\VideoOS.Universal.Utilities.UnitTests.dll" adapterTypeName="executor://mstestadapter/v2" className="VideoOS.Universal.Utilities.UnitTests.Configuration.ApplicationConfiguration.ApplicationConfigurationTests" name="GetAppConfigValueOrDefault_Enum_KnownKeyAccessedMultipleTimes_ReturnsCachedValue" />
    </UnitTest>
    <UnitTest name="GetAppConfigValueOrDefault_Double_KnownKeyWithMinValue_ReturnsOnlyAllowedValues" storage="d:\actions-runner\_work\xpco\xpco\common\videoos.universal\videoos.universal.utilities.unittests\bin\debug\net472\videoos.universal.utilities.unittests.dll" id="282a16a4-4222-a608-c460-32e87fe689b1">
      <Execution id="41079f7e-1d0c-4716-81c0-36b8012081c6" />
      <TestMethod codeBase="D:\actions-runner\_work\XPCO\XPCO\Common\VideoOS.Universal\VideoOS.Universal.Utilities.UnitTests\bin\Debug\net472\VideoOS.Universal.Utilities.UnitTests.dll" adapterTypeName="executor://mstestadapter/v2" className="VideoOS.Universal.Utilities.UnitTests.Configuration.ApplicationConfiguration.ApplicationConfigurationTests" name="GetAppConfigValueOrDefault_Double_KnownKeyWithMinValue_ReturnsOnlyAllowedValues" />
    </UnitTest>
    <UnitTest name="GetAppConfigValueOrDefault_Integer_NullKey_ThrowsArgumentNullException" storage="d:\actions-runner\_work\xpco\xpco\common\videoos.universal\videoos.universal.utilities.unittests\bin\debug\net472\videoos.universal.utilities.unittests.dll" id="78249c29-d3d5-cbcc-3c80-97099010a0ae">
      <Execution id="65ba1c2e-ace6-483d-b1e9-a79773933015" />
      <TestMethod codeBase="D:\actions-runner\_work\XPCO\XPCO\Common\VideoOS.Universal\VideoOS.Universal.Utilities.UnitTests\bin\Debug\net472\VideoOS.Universal.Utilities.UnitTests.dll" adapterTypeName="executor://mstestadapter/v2" className="VideoOS.Universal.Utilities.UnitTests.Configuration.ApplicationConfiguration.ApplicationConfigurationTests" name="GetAppConfigValueOrDefault_Integer_NullKey_ThrowsArgumentNullException" />
    </UnitTest>
  </TestDefinitions>
  <TestEntries>
    <TestEntry testId="5c996a0d-fc09-a416-b6e7-8666282b6fb9" executionId="169d4186-ea7a-4e43-a83f-53c3039d1dfb" testListId="8c84fa94-04c1-424b-9868-57a2d4851a1d" />
    <TestEntry testId="ab4ac729-52d3-ac00-c10c-492f64a8f9ff" executionId="1b05da61-8d59-4643-a54f-cbe9b3f4075e" testListId="8c84fa94-04c1-424b-9868-57a2d4851a1d" />
    <TestEntry testId="6a54e572-0ea3-23f1-4d91-cd55ad0f94c2" executionId="48febd7e-8582-4152-96b2-3a400ab1d7c8" testListId="8c84fa94-04c1-424b-9868-57a2d4851a1d" />
    <TestEntry testId="9e887f99-afa7-c0da-24f2-53cc5e15cbd1" executionId="492ae625-9d15-4051-bff7-959ea353c0f4" testListId="8c84fa94-04c1-424b-9868-57a2d4851a1d" />
    <TestEntry testId="ee0be6d8-16f3-3f50-b66a-3f0af0ca967c" executionId="4c946364-b2c3-4b68-a2ee-2fa41804cee2" testListId="8c84fa94-04c1-424b-9868-57a2d4851a1d" />
    <TestEntry testId="a9b64fd4-9f83-3f94-da29-933fa92245d3" executionId="4f54268a-65ae-4a7b-a838-35b0935e1503" testListId="8c84fa94-04c1-424b-9868-57a2d4851a1d" />
    <TestEntry testId="a4fa4d09-ed98-c781-c7fa-246e8bf5b32b" executionId="34f3bd04-5ce3-4eed-a3c3-3c04e241c67d" testListId="8c84fa94-04c1-424b-9868-57a2d4851a1d" />
    <TestEntry testId="b0441781-c253-e359-951d-574b5fa10696" executionId="7209f50f-b0aa-43c4-8490-0f2f12bf7b03" testListId="8c84fa94-04c1-424b-9868-57a2d4851a1d" />
    <TestEntry testId="b7d1f5af-c647-b8ee-21be-1a915ae3f9ab" executionId="b6cb8a12-13b5-4ac7-bd39-84c39c0d1c7e" testListId="8c84fa94-04c1-424b-9868-57a2d4851a1d" />
    <TestEntry testId="ac230ab8-5c42-3ae1-3c38-3537fec03817" executionId="28fe2526-cc10-4e75-8030-3f453918da73" testListId="8c84fa94-04c1-424b-9868-57a2d4851a1d" />
    <TestEntry testId="047fbfb2-fc60-7d34-2bc2-d0c8bfbe7980" executionId="341d8127-3276-40d4-a3f7-83a0fbf21f4d" testListId="8c84fa94-04c1-424b-9868-57a2d4851a1d" />
    <TestEntry testId="9c03fbf1-c97a-e002-8455-5d6901c1b5f3" executionId="4a937ab9-d4cb-499d-9558-d589bbe7366c" testListId="8c84fa94-04c1-424b-9868-57a2d4851a1d" />
    <TestEntry testId="9ddcd75b-5e45-f092-870b-96bdc6d9c594" executionId="ce99ad0e-87bc-42d0-9e5b-71c44e51374e" testListId="8c84fa94-04c1-424b-9868-57a2d4851a1d" />
    <TestEntry testId="afc949a2-5ce4-35fb-7dba-159335162b83" executionId="3dfd62da-f3d4-4e64-8aa3-fc5a9d831ff3" testListId="8c84fa94-04c1-424b-9868-57a2d4851a1d" />
    <TestEntry testId="55d38079-c647-aa67-edc3-81a0a20f56e3" executionId="a53ed1d6-279c-4519-992c-df72a75da981" testListId="8c84fa94-04c1-424b-9868-57a2d4851a1d" />
    <TestEntry testId="7233f679-3512-158a-9d61-b86e97dd7840" executionId="94b181e0-e950-427b-bb30-2b3a4806d46f" testListId="8c84fa94-04c1-424b-9868-57a2d4851a1d" />
    <TestEntry testId="c1e495bf-69bb-2e80-a4ef-cd9a4f93c416" executionId="5d0cc2b7-e0d2-45af-83ff-b2f5b4e4c94d" testListId="8c84fa94-04c1-424b-9868-57a2d4851a1d" />
    <TestEntry testId="0d0b1de0-0a59-96ca-7d2d-bca519274740" executionId="a6c7e8b7-0a47-49bd-ba95-00d70caeeb7c" testListId="8c84fa94-04c1-424b-9868-57a2d4851a1d" />
    <TestEntry testId="30130d67-3675-8209-cea3-bbf76aecdad5" executionId="731e1c20-3678-449a-bfb0-982226a286e7" testListId="8c84fa94-04c1-424b-9868-57a2d4851a1d" />
    <TestEntry testId="d6f121b9-62dd-3b17-cd01-1822add3d9d8" executionId="3a2307b1-0885-420f-b5ad-50747eb99ee2" testListId="8c84fa94-04c1-424b-9868-57a2d4851a1d" />
    <TestEntry testId="34de4435-b1db-9488-14f7-387e4f25f332" executionId="e45d345f-d7c8-433a-a553-04eb7b0216e3" testListId="8c84fa94-04c1-424b-9868-57a2d4851a1d" />
    <TestEntry testId="9a296515-bd8f-5327-6ce3-e992e3edb30a" executionId="91440005-f030-4048-b331-f16665a8641a" testListId="8c84fa94-04c1-424b-9868-57a2d4851a1d" />
    <TestEntry testId="728cb314-4370-b897-d24b-af7d8d2330ab" executionId="82c81caa-636b-49cb-8252-46d9dd5e3b4f" testListId="8c84fa94-04c1-424b-9868-57a2d4851a1d" />
    <TestEntry testId="ecbffb9d-d6c8-713a-829f-718f52e882c8" executionId="1a198bff-523f-4009-85ef-0d974b7ea42b" testListId="8c84fa94-04c1-424b-9868-57a2d4851a1d" />
    <TestEntry testId="a062667e-6aef-720a-f8be-8a70eb73be75" executionId="27b03664-7a51-45ce-9201-e8ab77cd4aca" testListId="8c84fa94-04c1-424b-9868-57a2d4851a1d" />
    <TestEntry testId="282a16a4-4222-a608-c460-32e87fe689b1" executionId="41079f7e-1d0c-4716-81c0-36b8012081c6" testListId="8c84fa94-04c1-424b-9868-57a2d4851a1d" />
    <TestEntry testId="091a1fc3-88ba-3958-1b4e-60556be24e3b" executionId="6fcc5719-9c26-4b9e-8075-609a8c5d2f64" testListId="8c84fa94-04c1-424b-9868-57a2d4851a1d" />
    <TestEntry testId="61b8dd52-f93a-8ff9-4689-849ae6f51466" executionId="cf598200-030f-45d3-8cc1-3c2db08574df" testListId="8c84fa94-04c1-424b-9868-57a2d4851a1d" />
    <TestEntry testId="4b7d67fc-30b8-7ae5-b6f7-f88bada77b1c" executionId="4096c154-09ec-40a6-bcb0-611c891f8d00" testListId="8c84fa94-04c1-424b-9868-57a2d4851a1d" />
    <TestEntry testId="210800d1-ccf8-61aa-bc61-27c7d56b1d8b" executionId="e0ccb8cb-9fa6-4905-80d1-86e2c1eb7408" testListId="8c84fa94-04c1-424b-9868-57a2d4851a1d" />
    <TestEntry testId="843ad744-d903-f73e-9361-d71146fe9024" executionId="36ea6d21-1959-491a-ab4d-8806b90d6191" testListId="8c84fa94-04c1-424b-9868-57a2d4851a1d" />
    <TestEntry testId="2c6d17cd-ae7f-595b-d5bb-43e03706f304" executionId="d26ad016-5b27-4ddd-a7ca-09f6ce57d6d2" testListId="8c84fa94-04c1-424b-9868-57a2d4851a1d" />
    <TestEntry testId="f22bbb2b-4d49-937f-3db8-6742e2421430" executionId="35b36cb3-05f8-4e40-992c-fc6d0a78da7e" testListId="8c84fa94-04c1-424b-9868-57a2d4851a1d" />
    <TestEntry testId="08506604-191e-fff1-e3a2-267bde7280da" executionId="19f1c122-092f-46b6-884c-f0d1bb4bab93" testListId="8c84fa94-04c1-424b-9868-57a2d4851a1d" />
    <TestEntry testId="10da6535-9079-2bfc-3d51-558a5307bc16" executionId="911d238c-4ca8-41de-beaf-9295ce94b899" testListId="8c84fa94-04c1-424b-9868-57a2d4851a1d" />
    <TestEntry testId="601e8247-d9d7-da64-5c04-fa9cc29937f7" executionId="761cfbde-95f1-42cd-af90-8954398bad6b" testListId="8c84fa94-04c1-424b-9868-57a2d4851a1d" />
    <TestEntry testId="1ca164fc-b465-9318-3a63-691e0f77382a" executionId="4da66013-7b24-4bb8-99f9-5855f043c07e" testListId="8c84fa94-04c1-424b-9868-57a2d4851a1d" />
    <TestEntry testId="66313b81-95d3-89a0-d5c6-0970e07e1abc" executionId="7ea457b0-e045-4348-ba45-fb34d913cc88" testListId="8c84fa94-04c1-424b-9868-57a2d4851a1d" />
    <TestEntry testId="40a5c975-37e8-bc73-1ac5-8e72790a48bb" executionId="f6ce9def-544e-4f7c-8d64-fbc7358298a1" testListId="8c84fa94-04c1-424b-9868-57a2d4851a1d" />
    <TestEntry testId="363a8458-7d3f-212d-8e54-cac7ad188194" executionId="358cc578-551d-445d-931c-e880cec331e4" testListId="8c84fa94-04c1-424b-9868-57a2d4851a1d" />
    <TestEntry testId="42a97528-fca3-7fad-95d3-4bc95198b880" executionId="a04e7b71-663c-4813-b871-037e62f9d97c" testListId="8c84fa94-04c1-424b-9868-57a2d4851a1d" />
    <TestEntry testId="e12fb247-7933-16cf-f508-fe360e927685" executionId="ff2784a8-dc1c-4770-81bb-13d6e9230ffe" testListId="8c84fa94-04c1-424b-9868-57a2d4851a1d" />
    <TestEntry testId="e6326402-bfd9-d812-fb57-4e4baf540e37" executionId="f0db6a96-c9fd-4a94-aab4-cd9617d25db4" testListId="8c84fa94-04c1-424b-9868-57a2d4851a1d" />
    <TestEntry testId="78249c29-d3d5-cbcc-3c80-97099010a0ae" executionId="65ba1c2e-ace6-483d-b1e9-a79773933015" testListId="8c84fa94-04c1-424b-9868-57a2d4851a1d" />
    <TestEntry testId="3c6202cd-07f4-5084-a843-029ab69001f2" executionId="b5e46815-4ebd-4e3e-8595-e89e52870a99" testListId="8c84fa94-04c1-424b-9868-57a2d4851a1d" />
    <TestEntry testId="2ed15d1d-cf99-835a-9f67-0e00f8645c2c" executionId="c676cb5a-5a40-4114-ab09-fedfd37627e8" testListId="8c84fa94-04c1-424b-9868-57a2d4851a1d" />
  </TestEntries>
  <TestLists>
    <TestList name="Results Not in a List" id="8c84fa94-04c1-424b-9868-57a2d4851a1d" />
    <TestList name="All Loaded Results" id="19431567-8539-422a-85d7-44ee4e166bda" />
  </TestLists>
  <ResultSummary outcome="Completed">
    <Counters total="46" executed="46" passed="46" failed="0" error="0" timeout="0" aborted="0" inconclusive="0" passedButRunAborted="0" notRunnable="0" notExecuted="0" disconnected="0" warning="0" completed="0" inProgress="0" pending="0" />
  </ResultSummary>
</TestRun>