<?xml version="1.0" encoding="utf-8"?>
<TestRun id="8a6b4173-97e1-44f9-ba6e-0af051641d45" name="DKSR-EFI-04$@DKSR-EFI-04 2023-12-22 09:32:17" runUser="NT AUTHORITY\NETWORK SERVICE" xmlns="http://microsoft.com/schemas/VisualStudio/TeamTest/2010">
  <Times creation="2023-12-22T09:32:17.6465215+01:00" queuing="2023-12-22T09:32:17.6465215+01:00" start="2023-12-22T09:32:15.2715123+01:00" finish="2023-12-22T09:32:17.6933962+01:00" />
  <TestSettings name="default" id="a3e4e003-db8e-419e-9bec-555b9f7e9249">
    <Deployment runDeploymentRoot="DKSR-EFI-04$_DKSR-EFI-04_2023-12-22_09_32_17" />
  </TestSettings>
  <Results>
    <UnitTestResult executionId="556815bf-1639-4889-8fac-ba7c6f34471a" testId="fc242a4a-5e58-319d-6b04-f8c6f682404f" testName="ServiceShouldStop_WhenTokenIsCancelled" computerName="DKSR-EFI-04" duration="00:00:00.0079959" startTime="2023-12-22T09:32:17.2254413+01:00" endTime="2023-12-22T09:32:17.2336917+01:00" testType="13cdc9d9-ddb5-4fa4-a97d-d965ccfc6d4b" outcome="Passed" testListId="8c84fa94-04c1-424b-9868-57a2d4851a1d" relativeResultsDirectory="556815bf-1639-4889-8fac-ba7c6f34471a" />
    <UnitTestResult executionId="78f778e5-4300-4b30-85dd-6e41755ebf9e" testId="b429b79d-0d7c-c9c3-d820-fd82b9c44d58" testName="ServiceShouldTerminateAndAllTasksShouldBeCanceled_WhenOneTaskThrowsUnexpectedException" computerName="DKSR-EFI-04" duration="00:00:00.3434460" startTime="2023-12-22T09:32:16.8351957+01:00" endTime="2023-12-22T09:32:17.2157611+01:00" testType="13cdc9d9-ddb5-4fa4-a97d-d965ccfc6d4b" outcome="Passed" testListId="8c84fa94-04c1-424b-9868-57a2d4851a1d" relativeResultsDirectory="78f778e5-4300-4b30-85dd-6e41755ebf9e" />
    <UnitTestResult executionId="e62a6cec-bdaf-4aa0-83b9-a2b4d965413b" testId="a5429942-1112-f951-dfeb-9860229281fd" testName="Given_CancellationTokenProviderCreated_When_CancellationTokenIsSet_Then_ItIsHandedOutToAllWaitingRecipients" computerName="DKSR-EFI-04" duration="00:00:00.0854706" startTime="2023-12-22T09:32:17.2337874+01:00" endTime="2023-12-22T09:32:17.3194358+01:00" testType="13cdc9d9-ddb5-4fa4-a97d-d965ccfc6d4b" outcome="Passed" testListId="8c84fa94-04c1-424b-9868-57a2d4851a1d" relativeResultsDirectory="e62a6cec-bdaf-4aa0-83b9-a2b4d965413b" />
    <UnitTestResult executionId="ef288d7f-6f01-4a05-ba16-b205fda8908d" testId="e72a40d1-6789-962b-d54e-100061facfed" testName="Given_CancellationTokenProviderCreatedAndHasGotACancellationToken_When_GetCancellation_Then_ItIsHandedOutImmediately" computerName="DKSR-EFI-04" duration="00:00:00.0044827" startTime="2023-12-22T09:32:17.3195064+01:00" endTime="2023-12-22T09:32:17.3255198+01:00" testType="13cdc9d9-ddb5-4fa4-a97d-d965ccfc6d4b" outcome="Passed" testListId="8c84fa94-04c1-424b-9868-57a2d4851a1d" relativeResultsDirectory="ef288d7f-6f01-4a05-ba16-b205fda8908d" />
  </Results>
  <TestDefinitions>
    <UnitTest name="ServiceShouldTerminateAndAllTasksShouldBeCanceled_WhenOneTaskThrowsUnexpectedException" storage="d:\actions-runner\_work\xpco\xpco\allsolutions\..\cloudconnector\binaries\videoos.cloudconnector.service.unittests\bin\debug\net6.0-windows\videoos.cloudconnector.service.unittests.dll" id="b429b79d-0d7c-c9c3-d820-fd82b9c44d58">
      <Execution id="78f778e5-4300-4b30-85dd-6e41755ebf9e" />
      <TestMethod codeBase="D:\actions-runner\_work\XPCO\XPCO\AllSolutions\..\CloudConnector\Binaries\VideoOS.CloudConnector.Service.UnitTests\bin\Debug\net6.0-windows\VideoOS.CloudConnector.Service.UnitTests.dll" adapterTypeName="executor://mstestadapter/v2" className="VideoOS.CloudConnector.Service.UnitTests.CloudConnectorServiceTest" name="ServiceShouldTerminateAndAllTasksShouldBeCanceled_WhenOneTaskThrowsUnexpectedException" />
    </UnitTest>
    <UnitTest name="Given_CancellationTokenProviderCreated_When_CancellationTokenIsSet_Then_ItIsHandedOutToAllWaitingRecipients" storage="d:\actions-runner\_work\xpco\xpco\allsolutions\..\cloudconnector\binaries\videoos.cloudconnector.service.unittests\bin\debug\net6.0-windows\videoos.cloudconnector.service.unittests.dll" id="a5429942-1112-f951-dfeb-9860229281fd">
      <Execution id="e62a6cec-bdaf-4aa0-83b9-a2b4d965413b" />
      <TestMethod codeBase="D:\actions-runner\_work\XPCO\XPCO\AllSolutions\..\CloudConnector\Binaries\VideoOS.CloudConnector.Service.UnitTests\bin\Debug\net6.0-windows\VideoOS.CloudConnector.Service.UnitTests.dll" adapterTypeName="executor://mstestadapter/v2" className="VideoOS.CloudConnector.Service.UnitTests.CloudConnectorServiceTest" name="Given_CancellationTokenProviderCreated_When_CancellationTokenIsSet_Then_ItIsHandedOutToAllWaitingRecipients" />
    </UnitTest>
    <UnitTest name="ServiceShouldStop_WhenTokenIsCancelled" storage="d:\actions-runner\_work\xpco\xpco\allsolutions\..\cloudconnector\binaries\videoos.cloudconnector.service.unittests\bin\debug\net6.0-windows\videoos.cloudconnector.service.unittests.dll" id="fc242a4a-5e58-319d-6b04-f8c6f682404f">
      <Execution id="556815bf-1639-4889-8fac-ba7c6f34471a" />
      <TestMethod codeBase="D:\actions-runner\_work\XPCO\XPCO\AllSolutions\..\CloudConnector\Binaries\VideoOS.CloudConnector.Service.UnitTests\bin\Debug\net6.0-windows\VideoOS.CloudConnector.Service.UnitTests.dll" adapterTypeName="executor://mstestadapter/v2" className="VideoOS.CloudConnector.Service.UnitTests.CloudConnectorServiceTest" name="ServiceShouldStop_WhenTokenIsCancelled" />
    </UnitTest>
    <UnitTest name="Given_CancellationTokenProviderCreatedAndHasGotACancellationToken_When_GetCancellation_Then_ItIsHandedOutImmediately" storage="d:\actions-runner\_work\xpco\xpco\allsolutions\..\cloudconnector\binaries\videoos.cloudconnector.service.unittests\bin\debug\net6.0-windows\videoos.cloudconnector.service.unittests.dll" id="e72a40d1-6789-962b-d54e-100061facfed">
      <Execution id="ef288d7f-6f01-4a05-ba16-b205fda8908d" />
      <TestMethod codeBase="D:\actions-runner\_work\XPCO\XPCO\AllSolutions\..\CloudConnector\Binaries\VideoOS.CloudConnector.Service.UnitTests\bin\Debug\net6.0-windows\VideoOS.CloudConnector.Service.UnitTests.dll" adapterTypeName="executor://mstestadapter/v2" className="VideoOS.CloudConnector.Service.UnitTests.CloudConnectorServiceTest" name="Given_CancellationTokenProviderCreatedAndHasGotACancellationToken_When_GetCancellation_Then_ItIsHandedOutImmediately" />
    </UnitTest>
  </TestDefinitions>
  <TestEntries>
    <TestEntry testId="fc242a4a-5e58-319d-6b04-f8c6f682404f" executionId="556815bf-1639-4889-8fac-ba7c6f34471a" testListId="8c84fa94-04c1-424b-9868-57a2d4851a1d" />
    <TestEntry testId="b429b79d-0d7c-c9c3-d820-fd82b9c44d58" executionId="78f778e5-4300-4b30-85dd-6e41755ebf9e" testListId="8c84fa94-04c1-424b-9868-57a2d4851a1d" />
    <TestEntry testId="a5429942-1112-f951-dfeb-9860229281fd" executionId="e62a6cec-bdaf-4aa0-83b9-a2b4d965413b" testListId="8c84fa94-04c1-424b-9868-57a2d4851a1d" />
    <TestEntry testId="e72a40d1-6789-962b-d54e-100061facfed" executionId="ef288d7f-6f01-4a05-ba16-b205fda8908d" testListId="8c84fa94-04c1-424b-9868-57a2d4851a1d" />
  </TestEntries>
  <TestLists>
    <TestList name="Results Not in a List" id="8c84fa94-04c1-424b-9868-57a2d4851a1d" />
    <TestList name="All Loaded Results" id="19431567-8539-422a-85d7-44ee4e166bda" />
  </TestLists>
  <ResultSummary outcome="Completed">
    <Counters total="4" executed="4" passed="4" failed="0" error="0" timeout="0" aborted="0" inconclusive="0" passedButRunAborted="0" notRunnable="0" notExecuted="0" disconnected="0" warning="0" completed="0" inProgress="0" pending="0" />
  </ResultSummary>
</TestRun>