<?xml version="1.0" encoding="utf-8"?>
<TestRun id="ebad573e-0c59-48fa-8737-12e395982ad5" name="DKSR-EFI-04$@DKSR-EFI-04 2023-12-22 09:35:35" runUser="NT AUTHORITY\NETWORK SERVICE" xmlns="http://microsoft.com/schemas/VisualStudio/TeamTest/2010">
  <Times creation="2023-12-22T09:35:35.6006224+01:00" queuing="2023-12-22T09:35:35.6006224+01:00" start="2023-12-22T09:35:23.9287059+01:00" finish="2023-12-22T09:36:34.1165575+01:00" />
  <TestSettings name="default" id="8c990f72-d5ca-4f50-af76-3ea7f40fb67b">
    <Deployment runDeploymentRoot="DKSR-EFI-04$_DKSR-EFI-04_2023-12-22_09_35_35" />
  </TestSettings>
  <Results>
    <UnitTestResult executionId="903971c3-1b89-4ccd-b34f-a4f621d93d45" testId="a87d0b30-1b50-ed18-a106-3c32a9d0d116" testName="IsEmpty_ShouldReturnTrue_WhenThereAreNoFramesInTheSpecifiedTimeRange (True)" computerName="DKSR-EFI-04" duration="00:00:00.1153863" startTime="2023-12-22T09:35:43.9912899+01:00" endTime="2023-12-22T09:35:44.1006653+01:00" testType="13cdc9d9-ddb5-4fa4-a97d-d965ccfc6d4b" outcome="Passed" testListId="8c84fa94-04c1-424b-9868-57a2d4851a1d" relativeResultsDirectory="903971c3-1b89-4ccd-b34f-a4f621d93d45" />
    <UnitTestResult executionId="35df010b-8200-48a3-8c89-2fbcaa9ced40" testId="6e7ac689-cb41-501a-56e5-e412d3681949" testName="Constructors_ShouldNotAllowInjectionOfNulls" computerName="DKSR-EFI-04" duration="00:00:00.0006758" startTime="2023-12-22T09:35:48.6631918+01:00" endTime="2023-12-22T09:35:48.6631918+01:00" testType="13cdc9d9-ddb5-4fa4-a97d-d965ccfc6d4b" outcome="Passed" testListId="8c84fa94-04c1-424b-9868-57a2d4851a1d" relativeResultsDirectory="35df010b-8200-48a3-8c89-2fbcaa9ced40" />
    <UnitTestResult executionId="c840970e-2fa6-4b53-b16e-d19a6a015dfb" testId="6ddec006-acc4-d8c3-8434-6d90efa02ea6" testName="SearchingForHumanOrFace_ShouldReturnAllHumansInFrame_WhenSecondClassDetectedOnFirstFrame" computerName="DKSR-EFI-04" duration="00:00:00.0043660" startTime="2023-12-22T09:36:33.4290538+01:00" endTime="2023-12-22T09:36:33.4290538+01:00" testType="13cdc9d9-ddb5-4fa4-a97d-d965ccfc6d4b" outcome="Passed" testListId="8c84fa94-04c1-424b-9868-57a2d4851a1d" relativeResultsDirectory="c840970e-2fa6-4b53-b16e-d19a6a015dfb" />
    <UnitTestResult executionId="f241aec7-cc52-4c5e-8870-8326ef578564" testId="1a7083a0-9599-4acf-a742-89d847f8a235" testName="IsMatch_ShouldReturnTrue_WhenAnyOfTheValuesAreInRange" computerName="DKSR-EFI-04" duration="00:00:00.0015500" startTime="2023-12-22T09:35:39.5537677+01:00" endTime="2023-12-22T09:35:39.5537677+01:00" testType="13cdc9d9-ddb5-4fa4-a97d-d965ccfc6d4b" outcome="Passed" testListId="8c84fa94-04c1-424b-9868-57a2d4851a1d" relativeResultsDirectory="f241aec7-cc52-4c5e-8870-8326ef578564" />
    <UnitTestResult executionId="e486a431-0ab3-4346-82a7-2bfd657e8fd6" testId="ca3ad786-fc2b-5e0b-f471-5c443b2905f9" testName="GetValue_ShouldReturnAValue_WhenCalledWithKnownFilterIds (621feb37-b0a1-4c63-9f0a-e78b1ac1966d)" computerName="DKSR-EFI-04" duration="00:00:00.0000099" startTime="2023-12-22T09:36:33.6321815+01:00" endTime="2023-12-22T09:36:33.6321815+01:00" testType="13cdc9d9-ddb5-4fa4-a97d-d965ccfc6d4b" outcome="Passed" testListId="8c84fa94-04c1-424b-9868-57a2d4851a1d" relativeResultsDirectory="e486a431-0ab3-4346-82a7-2bfd657e8fd6" />
    <UnitTestResult executionId="da595cc4-9e89-4ef1-82e8-e7769a24294b" testId="99836a99-a682-ea7d-351b-10435293e2a3" testName="GetBuiltInPersonFilters_ShouldReturnNone_WhenCategoryIsNotPeople" computerName="DKSR-EFI-04" duration="00:00:00.0031080" startTime="2023-12-22T09:36:33.4915511+01:00" endTime="2023-12-22T09:36:33.4915511+01:00" testType="13cdc9d9-ddb5-4fa4-a97d-d965ccfc6d4b" outcome="Passed" testListId="8c84fa94-04c1-424b-9868-57a2d4851a1d" relativeResultsDirectory="da595cc4-9e89-4ef1-82e8-e7769a24294b" />
    <UnitTestResult executionId="14235522-292d-43aa-927c-6be6acef5001" testId="0f1de36e-d4d0-1d46-2d17-139a941ec6fd" testName="GetCustomFilters_ShouldReturnEmptyCollection_WhenThereAreNoFiltersInTheCategory" computerName="DKSR-EFI-04" duration="00:00:00.0098435" startTime="2023-12-22T09:36:33.5384282+01:00" endTime="2023-12-22T09:36:33.5540507+01:00" testType="13cdc9d9-ddb5-4fa4-a97d-d965ccfc6d4b" outcome="Passed" testListId="8c84fa94-04c1-424b-9868-57a2d4851a1d" relativeResultsDirectory="14235522-292d-43aa-927c-6be6acef5001" />
    <UnitTestResult executionId="7dd5f8e5-8701-445e-9d40-806799c7b02a" testId="db53a8e9-007c-687c-dd4d-36e806275ba8" testName="Constructors_ShouldNotAllowInjectionOfNulls" computerName="DKSR-EFI-04" duration="00:00:00.0024817" startTime="2023-12-22T09:35:39.6787711+01:00" endTime="2023-12-22T09:35:39.6787711+01:00" testType="13cdc9d9-ddb5-4fa4-a97d-d965ccfc6d4b" outcome="Passed" testListId="8c84fa94-04c1-424b-9868-57a2d4851a1d" relativeResultsDirectory="7dd5f8e5-8701-445e-9d40-806799c7b02a" />
    <UnitTestResult executionId="c877ada4-8eb6-4966-bd94-f303a88a3487" testId="1e30a6fe-0ec1-0d5c-110b-fb1627d937fd" testName="TryParseColor_ShouldReturn_CorrectResult (,False)" computerName="DKSR-EFI-04" duration="00:00:00.0000088" startTime="2023-12-22T09:35:39.8350197+01:00" endTime="2023-12-22T09:35:39.8350197+01:00" testType="13cdc9d9-ddb5-4fa4-a97d-d965ccfc6d4b" outcome="Passed" testListId="8c84fa94-04c1-424b-9868-57a2d4851a1d" relativeResultsDirectory="c877ada4-8eb6-4966-bd94-f303a88a3487" />
    <UnitTestResult executionId="e9fe33f3-4cff-4eb0-b1ae-b3f126ec61e2" testId="62422b45-6ca8-e5f2-acdb-9028e1f7779e" testName="ResetValue_ShouldResetValue" computerName="DKSR-EFI-04" duration="00:00:00.0021276" startTime="2023-12-22T09:35:36.4443763+01:00" endTime="2023-12-22T09:35:36.4443763+01:00" testType="13cdc9d9-ddb5-4fa4-a97d-d965ccfc6d4b" outcome="Passed" testListId="8c84fa94-04c1-424b-9868-57a2d4851a1d" relativeResultsDirectory="e9fe33f3-4cff-4eb0-b1ae-b3f126ec61e2" />
    <UnitTestResult executionId="8e310103-7108-401a-bf2d-f3c7982016c9" testId="98151138-966d-edaa-0ea5-0884f806fbe3" testName="GetBoundingPolygon_ShouldReturnPolygonsInSmartClientCoordinateSystem_WhenGivenOnvifCoordinateSystem (System.Double[])" computerName="DKSR-EFI-04" duration="00:00:00.0109707" startTime="2023-12-22T09:35:37.1162571+01:00" endTime="2023-12-22T09:35:37.1318801+01:00" testType="13cdc9d9-ddb5-4fa4-a97d-d965ccfc6d4b" outcome="Passed" testListId="8c84fa94-04c1-424b-9868-57a2d4851a1d" relativeResultsDirectory="8e310103-7108-401a-bf2d-f3c7982016c9" />
    <UnitTestResult executionId="81427bba-797e-4124-8494-bd6c57368be3" testId="fe163e62-ffab-5521-2098-76fd9b17d8bd" testName="IsSet_ShouldBeTrue_WhenValueIsValid" computerName="DKSR-EFI-04" duration="00:00:00.0019988" startTime="2023-12-22T09:35:36.9600063+01:00" endTime="2023-12-22T09:35:36.9600063+01:00" testType="13cdc9d9-ddb5-4fa4-a97d-d965ccfc6d4b" outcome="Passed" testListId="8c84fa94-04c1-424b-9868-57a2d4851a1d" relativeResultsDirectory="81427bba-797e-4124-8494-bd6c57368be3" />
    <UnitTestResult executionId="c155af63-82e8-434d-a424-3dd3a720bb0d" testId="58184755-b208-0d97-c83b-7bc984073520" testName="Constructors_ShouldNotAllowInjectionOfNulls" computerName="DKSR-EFI-04" duration="00:00:00.0018783" startTime="2023-12-22T09:36:33.5696808+01:00" endTime="2023-12-22T09:36:33.5696808+01:00" testType="13cdc9d9-ddb5-4fa4-a97d-d965ccfc6d4b" outcome="Passed" testListId="8c84fa94-04c1-424b-9868-57a2d4851a1d" relativeResultsDirectory="c155af63-82e8-434d-a424-3dd3a720bb0d" />
    <UnitTestResult executionId="01637d5f-f812-4285-9116-891547cd0668" testId="02e911c5-d11b-dead-a23d-a86892fd7e08" testName="Deserialize_ShouldReturnTrue_WhenInputIsValid" computerName="DKSR-EFI-04" duration="00:00:00.0024851" startTime="2023-12-22T09:35:36.5693768+01:00" endTime="2023-12-22T09:35:36.5693768+01:00" testType="13cdc9d9-ddb5-4fa4-a97d-d965ccfc6d4b" outcome="Passed" testListId="8c84fa94-04c1-424b-9868-57a2d4851a1d" relativeResultsDirectory="01637d5f-f812-4285-9116-891547cd0668" />
    <UnitTestResult executionId="d4dc31a4-58d8-40e5-86ca-f7672e6ed13c" testId="a50f5d16-337a-357a-0781-682166a9c3a4" testName="IsMatch_ShouldReturnCorrectMatchingProperties_WhenObjectElementHasPartiallyMatchingPropertyRegardsOfOrderIsSecond" computerName="DKSR-EFI-04" duration="00:00:00.0012722" startTime="2023-12-22T09:35:39.7568926+01:00" endTime="2023-12-22T09:35:39.7568926+01:00" testType="13cdc9d9-ddb5-4fa4-a97d-d965ccfc6d4b" outcome="Passed" testListId="8c84fa94-04c1-424b-9868-57a2d4851a1d" relativeResultsDirectory="d4dc31a4-58d8-40e5-86ca-f7672e6ed13c" />
    <UnitTestResult executionId="59e9bfb3-01ec-4b66-86d0-5415642296b8" testId="d36eae41-8262-e7e1-541f-b2641f83204d" testName="FilterObjects_ShouldReturnSequenceWithCorrectTimeRange_WhenGivenConsecutiveFramesWithObjects" computerName="DKSR-EFI-04" duration="00:00:00.0054871" startTime="2023-12-22T09:35:37.5693816+01:00" endTime="2023-12-22T09:35:37.5693816+01:00" testType="13cdc9d9-ddb5-4fa4-a97d-d965ccfc6d4b" outcome="Passed" testListId="8c84fa94-04c1-424b-9868-57a2d4851a1d" relativeResultsDirectory="59e9bfb3-01ec-4b66-86d0-5415642296b8" />
    <UnitTestResult executionId="f3ce6196-f1e1-4cfb-abbf-fcc4df2edfd7" testId="fbe66c33-cc97-ad02-071b-4f8342a00418" testName="GetValue_ShouldAlwaysReturnAValidString" computerName="DKSR-EFI-04" duration="00:00:00.0008686" startTime="2023-12-22T09:36:33.5853022+01:00" endTime="2023-12-22T09:36:33.5853022+01:00" testType="13cdc9d9-ddb5-4fa4-a97d-d965ccfc6d4b" outcome="Passed" testListId="8c84fa94-04c1-424b-9868-57a2d4851a1d" relativeResultsDirectory="f3ce6196-f1e1-4cfb-abbf-fcc4df2edfd7" />
    <UnitTestResult executionId="81b40d46-5f68-4962-8de6-da2db6fcacf3" testId="e3b5a555-0dc0-d931-7cf8-f77a2a46c06d" testName="IsMatch_ShouldReturnTrue_WhenValueHasDecimalDot" computerName="DKSR-EFI-04" duration="00:00:00.0014765" startTime="2023-12-22T09:35:39.5381436+01:00" endTime="2023-12-22T09:35:39.5381436+01:00" testType="13cdc9d9-ddb5-4fa4-a97d-d965ccfc6d4b" outcome="Passed" testListId="8c84fa94-04c1-424b-9868-57a2d4851a1d" relativeResultsDirectory="81b40d46-5f68-4962-8de6-da2db6fcacf3" />
    <UnitTestResult executionId="5dec6d9c-a9ac-438a-bf1c-8f654298ebcd" testId="834857ff-d25a-9617-9d0f-3d5b42b7024b" testName="GetValue_ShouldReturnAValue_WhenCalledWithKnownFilterIds (c592f9f6-4ce7-4cee-b7c3-fc18b58e8b36)" computerName="DKSR-EFI-04" duration="00:00:00.0000102" startTime="2023-12-22T09:36:33.6165541+01:00" endTime="2023-12-22T09:36:33.6165541+01:00" testType="13cdc9d9-ddb5-4fa4-a97d-d965ccfc6d4b" outcome="Passed" testListId="8c84fa94-04c1-424b-9868-57a2d4851a1d" relativeResultsDirectory="5dec6d9c-a9ac-438a-bf1c-8f654298ebcd" />
    <UnitTestResult executionId="4315e271-8e94-4206-a56c-0eb7956a1c9c" testId="472d74bc-0e25-9967-e04d-e876b91d5046" testName="IsEmpty_ShouldReturnFalse_WhenSearchingWithDefaults (0,10,1,9)" computerName="DKSR-EFI-04" duration="00:00:00.0002709" startTime="2023-12-22T09:35:36.6318760+01:00" endTime="2023-12-22T09:35:36.6318760+01:00" testType="13cdc9d9-ddb5-4fa4-a97d-d965ccfc6d4b" outcome="Passed" testListId="8c84fa94-04c1-424b-9868-57a2d4851a1d" relativeResultsDirectory="4315e271-8e94-4206-a56c-0eb7956a1c9c" />
    <UnitTestResult executionId="824817f0-c8ce-4844-b970-13acc223f46d" testId="a0fecfc4-55af-bb90-a20d-49a14375d376" testName="GetValue_ShouldReturnAValue_WhenCalledWithKnownFilterIds (ecdcb7ff-0a4b-4b4c-9272-a2fd23639070)" computerName="DKSR-EFI-04" duration="00:00:00.0000089" startTime="2023-12-22T09:36:33.6165541+01:00" endTime="2023-12-22T09:36:33.6165541+01:00" testType="13cdc9d9-ddb5-4fa4-a97d-d965ccfc6d4b" outcome="Passed" testListId="8c84fa94-04c1-424b-9868-57a2d4851a1d" relativeResultsDirectory="824817f0-c8ce-4844-b970-13acc223f46d" />
    <UnitTestResult executionId="1a09b780-01d7-4469-b20a-d4cc706884b3" testId="39fef2cd-ac5e-2add-56e7-48f1bbc6f043" testName="IsSet_ShouldBeFalse_WhenValueIsEmptyString" computerName="DKSR-EFI-04" duration="00:00:00.0009831" startTime="2023-12-22T09:35:36.9600063+01:00" endTime="2023-12-22T09:35:36.9600063+01:00" testType="13cdc9d9-ddb5-4fa4-a97d-d965ccfc6d4b" outcome="Passed" testListId="8c84fa94-04c1-424b-9868-57a2d4851a1d" relativeResultsDirectory="1a09b780-01d7-4469-b20a-d4cc706884b3" />
    <UnitTestResult executionId="5752f833-bfb1-4118-bfe2-0ae1cbb12ca7" testId="f552b4f4-8e74-85b1-e3fc-9b9d2ec4af7c" testName="Constructors_ShouldNotAllowInjectionOfNulls" computerName="DKSR-EFI-04" duration="00:00:00.0029847" startTime="2023-12-22T09:35:36.4599998+01:00" endTime="2023-12-22T09:35:36.4599998+01:00" testType="13cdc9d9-ddb5-4fa4-a97d-d965ccfc6d4b" outcome="Passed" testListId="8c84fa94-04c1-424b-9868-57a2d4851a1d" relativeResultsDirectory="5752f833-bfb1-4118-bfe2-0ae1cbb12ca7" />
    <UnitTestResult executionId="39f54b09-befd-440c-b34e-a519f3f5a025" testId="30d61bb6-0190-9ee4-4480-999650ab018e" testName="IsEmpty_ShouldReturnBase_WhenSearchingWithoutDefaults (0,10,1,10,False)" computerName="DKSR-EFI-04" duration="00:00:00.0002469" startTime="2023-12-22T09:35:36.6475011+01:00" endTime="2023-12-22T09:35:36.6475011+01:00" testType="13cdc9d9-ddb5-4fa4-a97d-d965ccfc6d4b" outcome="Passed" testListId="8c84fa94-04c1-424b-9868-57a2d4851a1d" relativeResultsDirectory="39f54b09-befd-440c-b34e-a519f3f5a025" />
    <UnitTestResult executionId="8c1affb5-9b7c-487e-82d3-12ab25f88f13" testId="06458756-5b0f-8871-2aee-d4f934cd1724" testName="IsMatch_ShouldCompareDistanceCorrectly_WhenGivenValidPropertyValues (33.390901,55.211361,-62.737736,-84.959958,44.400888,-73.849034,0.1,False)" computerName="DKSR-EFI-04" duration="00:00:00.0035661" startTime="2023-12-22T09:35:39.6318984+01:00" endTime="2023-12-22T09:35:39.6318984+01:00" testType="13cdc9d9-ddb5-4fa4-a97d-d965ccfc6d4b" outcome="Passed" testListId="8c84fa94-04c1-424b-9868-57a2d4851a1d" relativeResultsDirectory="8c1affb5-9b7c-487e-82d3-12ab25f88f13" />
    <UnitTestResult executionId="65a3bd6a-ea41-4398-bea4-8ec66303cb05" testId="628d6dc9-f203-b82c-a7dd-e7b1ec243513" testName="IsSet_ShouldBeFalse_WhenValueIsNull" computerName="DKSR-EFI-04" duration="00:00:00.0008649" startTime="2023-12-22T09:35:36.8662520+01:00" endTime="2023-12-22T09:35:36.8662520+01:00" testType="13cdc9d9-ddb5-4fa4-a97d-d965ccfc6d4b" outcome="Passed" testListId="8c84fa94-04c1-424b-9868-57a2d4851a1d" relativeResultsDirectory="65a3bd6a-ea41-4398-bea4-8ec66303cb05" />
    <UnitTestResult executionId="c4de142d-7c45-48ee-a341-16c635af7cd0" testId="c7d0d433-8fb4-b311-73f3-25f624bf7e4f" testName="IsMatch_ShouldCompareDistanceCorrectly_WhenGivenValidPropertyValues (44.401012,55.211361,-73.848847,-84.959958,44.400888,-73.849034,0.1,True)" computerName="DKSR-EFI-04" duration="00:00:00.0032645" startTime="2023-12-22T09:35:39.6162686+01:00" endTime="2023-12-22T09:35:39.6162686+01:00" testType="13cdc9d9-ddb5-4fa4-a97d-d965ccfc6d4b" outcome="Passed" testListId="8c84fa94-04c1-424b-9868-57a2d4851a1d" relativeResultsDirectory="c4de142d-7c45-48ee-a341-16c635af7cd0" />
    <UnitTestResult executionId="2a15a419-94af-4b0f-9678-828523df2f58" testId="60e80acb-4b4f-9012-dd83-8197d27088df" testName="IsMatch_ShouldReturnTrue_WhenObjectElementHasFullyMatchingClassWithCaseMissmatchInPropertyValue" computerName="DKSR-EFI-04" duration="00:00:00.0014189" startTime="2023-12-22T09:35:39.7256421+01:00" endTime="2023-12-22T09:35:39.7256421+01:00" testType="13cdc9d9-ddb5-4fa4-a97d-d965ccfc6d4b" outcome="Passed" testListId="8c84fa94-04c1-424b-9868-57a2d4851a1d" relativeResultsDirectory="2a15a419-94af-4b0f-9678-828523df2f58" />
    <UnitTestResult executionId="5e2a5b36-1b43-4111-862c-53242d713918" testId="eea25713-cebe-4a9c-36f2-1d260048678f" testName="Constructors_ShouldNotAllowInjectionOfNulls" computerName="DKSR-EFI-04" duration="00:00:00.0080078" startTime="2023-12-22T09:35:39.9912703+01:00" endTime="2023-12-22T09:35:39.9912703+01:00" testType="13cdc9d9-ddb5-4fa4-a97d-d965ccfc6d4b" outcome="Passed" testListId="8c84fa94-04c1-424b-9868-57a2d4851a1d" relativeResultsDirectory="5e2a5b36-1b43-4111-862c-53242d713918" />
    <UnitTestResult executionId="ee3ae315-02b9-4214-a988-a46a52ca50ed" testId="55f041d7-d67d-7c07-3d7c-8e2b2951c8af" testName="IsMatch_ShouldReturnFalse_WhenAnyOfThePredicatesIsNotMatched" computerName="DKSR-EFI-04" duration="00:00:00.0014125" startTime="2023-12-22T09:35:39.6945660+01:00" endTime="2023-12-22T09:35:39.6945660+01:00" testType="13cdc9d9-ddb5-4fa4-a97d-d965ccfc6d4b" outcome="Passed" testListId="8c84fa94-04c1-424b-9868-57a2d4851a1d" relativeResultsDirectory="ee3ae315-02b9-4214-a988-a46a52ca50ed" />
    <UnitTestResult executionId="b79f0dc2-b735-4fce-87f5-6feb31f5d19c" testId="7387974b-3fe4-d79e-08a1-e261ef11c329" testName="DoSearch_ShouldFindPeople_WhenFacePropertyIsPresent" computerName="DKSR-EFI-04" duration="00:00:02.7279680" startTime="2023-12-22T09:36:10.3195562+01:00" endTime="2023-12-22T09:36:13.0383198+01:00" testType="13cdc9d9-ddb5-4fa4-a97d-d965ccfc6d4b" outcome="Passed" testListId="8c84fa94-04c1-424b-9868-57a2d4851a1d" relativeResultsDirectory="b79f0dc2-b735-4fce-87f5-6feb31f5d19c" />
    <UnitTestResult executionId="d454171f-7155-4897-8d45-e899031b9759" testId="2970a02d-9e23-b896-727a-254279f6780a" testName="GetBuiltInVehicleFilters_ShouldReturnNone_WhenCategoryIsNotVehicle" computerName="DKSR-EFI-04" duration="00:00:00.0026657" startTime="2023-12-22T09:36:33.5228030+01:00" endTime="2023-12-22T09:36:33.5228030+01:00" testType="13cdc9d9-ddb5-4fa4-a97d-d965ccfc6d4b" outcome="Passed" testListId="8c84fa94-04c1-424b-9868-57a2d4851a1d" relativeResultsDirectory="d454171f-7155-4897-8d45-e899031b9759" />
    <UnitTestResult executionId="b21d3ea7-0809-444c-846f-7690f58fa971" testId="fbc80e7a-8473-118b-62b8-644255659168" testName="Constructors_ShouldNotAllowInjectionOfNulls" computerName="DKSR-EFI-04" duration="00:00:00.0086738" startTime="2023-12-22T09:35:36.6006262+01:00" endTime="2023-12-22T09:35:36.6162506+01:00" testType="13cdc9d9-ddb5-4fa4-a97d-d965ccfc6d4b" outcome="Passed" testListId="8c84fa94-04c1-424b-9868-57a2d4851a1d" relativeResultsDirectory="b21d3ea7-0809-444c-846f-7690f58fa971" />
    <UnitTestResult executionId="acf227f2-ecaf-421a-ad2f-f27b6f9c66d3" testId="2ad18b2a-145c-930c-a74b-77d486e1e107" testName="DoSearch_ShouldFindLocation_WhenLatitudeAndLongitudePresent" computerName="DKSR-EFI-04" duration="00:00:02.3043396" startTime="2023-12-22T09:36:28.5227774+01:00" endTime="2023-12-22T09:36:30.8352888+01:00" testType="13cdc9d9-ddb5-4fa4-a97d-d965ccfc6d4b" outcome="Passed" testListId="8c84fa94-04c1-424b-9868-57a2d4851a1d" relativeResultsDirectory="acf227f2-ecaf-421a-ad2f-f27b6f9c66d3" />
    <UnitTestResult executionId="96c18967-7127-40fb-a677-249420fb32bb" testId="2a169332-c89e-b0ad-5290-2cc42d47ba08" testName="IsMatch_ShouldReturnTrue_WhenAnyClassIsPresent" computerName="DKSR-EFI-04" duration="00:00:00.0008004" startTime="2023-12-22T09:35:35.6943715+01:00" endTime="2023-12-22T09:35:35.6943715+01:00" testType="13cdc9d9-ddb5-4fa4-a97d-d965ccfc6d4b" outcome="Passed" testListId="8c84fa94-04c1-424b-9868-57a2d4851a1d" relativeResultsDirectory="96c18967-7127-40fb-a677-249420fb32bb" />
    <UnitTestResult executionId="101098ce-dbd1-4e4f-80b4-708727359593" testId="98cc04cf-3e04-5ceb-eb18-d3c46c9a9b8c" testName="ObjectId_ShouldBeTheIdOfFirstObject" computerName="DKSR-EFI-04" duration="00:00:00.0008147" startTime="2023-12-22T09:35:48.8194416+01:00" endTime="2023-12-22T09:35:48.8194416+01:00" testType="13cdc9d9-ddb5-4fa4-a97d-d965ccfc6d4b" outcome="Passed" testListId="8c84fa94-04c1-424b-9868-57a2d4851a1d" relativeResultsDirectory="101098ce-dbd1-4e4f-80b4-708727359593" />
    <UnitTestResult executionId="dada894a-c8aa-4356-b548-8df1ae65df2f" testId="bb800a38-74b6-a1ae-2290-f5b2e1bb54b0" testName="GetBuiltInVehicleFilters_ShouldIncludeLicensePlateAndColor_WhenBothArePresent" computerName="DKSR-EFI-04" duration="00:00:00.0009397" startTime="2023-12-22T09:36:33.5384282+01:00" endTime="2023-12-22T09:36:33.5384282+01:00" testType="13cdc9d9-ddb5-4fa4-a97d-d965ccfc6d4b" outcome="Passed" testListId="8c84fa94-04c1-424b-9868-57a2d4851a1d" relativeResultsDirectory="dada894a-c8aa-4356-b548-8df1ae65df2f" />
    <UnitTestResult executionId="32745374-0926-4098-8781-6f9217524bfe" testId="46208886-2822-7a4d-9f45-2594097b10ac" testName="GetCustomFilters_ShouldReturnEmptyCollection_WhenThereAreNoCustomFilters" computerName="DKSR-EFI-04" duration="00:00:00.0009905" startTime="2023-12-22T09:36:33.5540507+01:00" endTime="2023-12-22T09:36:33.5540507+01:00" testType="13cdc9d9-ddb5-4fa4-a97d-d965ccfc6d4b" outcome="Passed" testListId="8c84fa94-04c1-424b-9868-57a2d4851a1d" relativeResultsDirectory="32745374-0926-4098-8781-6f9217524bfe" />
    <UnitTestResult executionId="551b0fc6-2f13-4e4d-a71d-158bc598a83a" testId="ff560f06-4b43-636c-19f0-b8b0482a5cbe" testName="Parse_ShouldThrowNamespaceException_WhenUsingUndefinedNamespace (xyz)" computerName="DKSR-EFI-04" duration="00:00:00.0022327" startTime="2023-12-22T09:35:48.7725645+01:00" endTime="2023-12-22T09:35:48.7725645+01:00" testType="13cdc9d9-ddb5-4fa4-a97d-d965ccfc6d4b" outcome="Passed" testListId="8c84fa94-04c1-424b-9868-57a2d4851a1d" relativeResultsDirectory="551b0fc6-2f13-4e4d-a71d-158bc598a83a" />
    <UnitTestResult executionId="26886f3e-eb65-427e-90f6-6d3ec213cdae" testId="1236468a-4c51-72ef-bd09-269985382945" testName="Constructors_ShouldNotAllowInjectionOfNulls" computerName="DKSR-EFI-04" duration="00:00:00.0017875" startTime="2023-12-22T09:36:33.5696808+01:00" endTime="2023-12-22T09:36:33.5696808+01:00" testType="13cdc9d9-ddb5-4fa4-a97d-d965ccfc6d4b" outcome="Passed" testListId="8c84fa94-04c1-424b-9868-57a2d4851a1d" relativeResultsDirectory="26886f3e-eb65-427e-90f6-6d3ec213cdae" />
    <UnitTestResult executionId="8834bf63-a00e-45a8-bb09-e35725d95117" testId="79964680-7b27-ee1a-edaf-5448c3abcf5b" testName="IsSet_ShouldBeTrue_WhenValueIsValid" computerName="DKSR-EFI-04" duration="00:00:00.0483406" startTime="2023-12-22T09:35:36.8662520+01:00" endTime="2023-12-22T09:35:36.9131324+01:00" testType="13cdc9d9-ddb5-4fa4-a97d-d965ccfc6d4b" outcome="Passed" testListId="8c84fa94-04c1-424b-9868-57a2d4851a1d" relativeResultsDirectory="8834bf63-a00e-45a8-bb09-e35725d95117" />
    <UnitTestResult executionId="619f2caf-9cdd-4646-b052-2267574e49d2" testId="25411f35-8f83-3321-ba71-f6de7c006911" testName="DoSearch_ShouldUseCorrectSessionId_WhenReturningSearchResults (0)" computerName="DKSR-EFI-04" duration="00:00:00.0084069" startTime="2023-12-22T09:35:37.4131291+01:00" endTime="2023-12-22T09:35:37.4131291+01:00" testType="13cdc9d9-ddb5-4fa4-a97d-d965ccfc6d4b" outcome="Passed" testListId="8c84fa94-04c1-424b-9868-57a2d4851a1d" relativeResultsDirectory="619f2caf-9cdd-4646-b052-2267574e49d2" />
    <UnitTestResult executionId="3b0c51c2-1388-4737-b816-9b3fc4750f8f" testId="85427ad8-31e0-c3b9-0e23-976f97093aa1" testName="IsMatch_ShouldReturnFalse_WhenGivenFrameObjectWithMissingProperties" computerName="DKSR-EFI-04" duration="00:00:00.0027279" startTime="2023-12-22T09:35:39.4131405+01:00" endTime="2023-12-22T09:35:39.4131405+01:00" testType="13cdc9d9-ddb5-4fa4-a97d-d965ccfc6d4b" outcome="Passed" testListId="8c84fa94-04c1-424b-9868-57a2d4851a1d" relativeResultsDirectory="3b0c51c2-1388-4737-b816-9b3fc4750f8f" />
    <UnitTestResult executionId="e32c34d8-f6a8-4310-9675-6031ae8b162e" testId="05c53389-de63-4c38-3cc1-2c1bee04f6df" testName="GetItemValue_ShouldThrowException_WhenIdIsNotFound" computerName="DKSR-EFI-04" duration="00:00:00.0040968" startTime="2023-12-22T09:35:36.5537525+01:00" endTime="2023-12-22T09:35:36.5537525+01:00" testType="13cdc9d9-ddb5-4fa4-a97d-d965ccfc6d4b" outcome="Passed" testListId="8c84fa94-04c1-424b-9868-57a2d4851a1d" relativeResultsDirectory="e32c34d8-f6a8-4310-9675-6031ae8b162e" />
    <UnitTestResult executionId="16915e80-311a-4889-9b86-b8b23ecb7ee8" testId="1aa1508b-28e5-149e-b5d8-a4a3199d0e66" testName="DoSearch_ShouldFindCorrectPeopleSequenceGrouping_WhenAgePropertyIsPresent" computerName="DKSR-EFI-04" duration="00:00:02.4034936" startTime="2023-12-22T09:35:51.6788298+01:00" endTime="2023-12-22T09:35:54.0850936+01:00" testType="13cdc9d9-ddb5-4fa4-a97d-d965ccfc6d4b" outcome="Passed" testListId="8c84fa94-04c1-424b-9868-57a2d4851a1d" relativeResultsDirectory="16915e80-311a-4889-9b86-b8b23ecb7ee8" />
    <UnitTestResult executionId="edbfc604-b5a1-41dd-9144-75b03a36daeb" testId="16a27c04-08e6-c7c5-778f-2dd89f9d8f2c" testName="DoSearch_ShouldContinueSearching_WhenFrameContainsNonWellFormedXml" computerName="DKSR-EFI-04" duration="00:00:02.8582703" startTime="2023-12-22T09:35:48.8194416+01:00" endTime="2023-12-22T09:35:51.6788298+01:00" testType="13cdc9d9-ddb5-4fa4-a97d-d965ccfc6d4b" outcome="Passed" testListId="8c84fa94-04c1-424b-9868-57a2d4851a1d" relativeResultsDirectory="edbfc604-b5a1-41dd-9144-75b03a36daeb" />
    <UnitTestResult executionId="1ecbd0ff-418d-405a-855f-ea0151fdd3b5" testId="28b01a3a-706b-dde8-a699-edd417a1c862" testName="TryParseColor_ShouldReturn_CorrectResult (SomeNonColor,False)" computerName="DKSR-EFI-04" duration="00:00:00.0012523" startTime="2023-12-22T09:35:39.8193943+01:00" endTime="2023-12-22T09:35:39.8193943+01:00" testType="13cdc9d9-ddb5-4fa4-a97d-d965ccfc6d4b" outcome="Passed" testListId="8c84fa94-04c1-424b-9868-57a2d4851a1d" relativeResultsDirectory="1ecbd0ff-418d-405a-855f-ea0151fdd3b5" />
    <UnitTestResult executionId="972691fb-c849-46cf-8cee-a3e52748035e" testId="2c296588-7371-0f8d-10f8-d4e75c377bcf" testName="IsMatch_ShouldReturnTrue_WhenClassIsMatchAndThereIsNoProperties" computerName="DKSR-EFI-04" duration="00:00:00.0016387" startTime="2023-12-22T09:35:35.6474961+01:00" endTime="2023-12-22T09:35:35.6474961+01:00" testType="13cdc9d9-ddb5-4fa4-a97d-d965ccfc6d4b" outcome="Passed" testListId="8c84fa94-04c1-424b-9868-57a2d4851a1d" relativeResultsDirectory="972691fb-c849-46cf-8cee-a3e52748035e" />
    <UnitTestResult executionId="afbf2ecf-216d-4d32-a7f9-e7cdb626748d" testId="daa10cf4-f353-3c5b-898c-b6f69a98a915" testName="IsMatch_ShouldReturnTrue_WhenAnyPropertyIsPresent" computerName="DKSR-EFI-04" duration="00:00:00.0158110" startTime="2023-12-22T09:35:35.6787507+01:00" endTime="2023-12-22T09:35:35.6943715+01:00" testType="13cdc9d9-ddb5-4fa4-a97d-d965ccfc6d4b" outcome="Passed" testListId="8c84fa94-04c1-424b-9868-57a2d4851a1d" relativeResultsDirectory="afbf2ecf-216d-4d32-a7f9-e7cdb626748d" />
    <UnitTestResult executionId="9285ecc9-ea35-4554-8ec8-a2c3bf4cf366" testId="d70d2c50-35a8-153b-b0fd-6a7b07a52dc4" testName="Parse_ShouldIgnoreElements_WhenElementPathIsNotInDeviceProfile" computerName="DKSR-EFI-04" duration="00:00:00.0007829" startTime="2023-12-22T09:35:48.7569403+01:00" endTime="2023-12-22T09:35:48.7569403+01:00" testType="13cdc9d9-ddb5-4fa4-a97d-d965ccfc6d4b" outcome="Passed" testListId="8c84fa94-04c1-424b-9868-57a2d4851a1d" relativeResultsDirectory="9285ecc9-ea35-4554-8ec8-a2c3bf4cf366" />
    <UnitTestResult executionId="3741d75e-a676-4082-b432-610a206999ef" testId="d4452252-777d-7430-b8a1-f0e1693e31c3" testName="IsMatch_ShouldReturnFalse_WhenGivenFrameObjectWithInvalidProperties" computerName="DKSR-EFI-04" duration="00:00:00.0022028" startTime="2023-12-22T09:35:39.4131405+01:00" endTime="2023-12-22T09:35:39.4131405+01:00" testType="13cdc9d9-ddb5-4fa4-a97d-d965ccfc6d4b" outcome="Passed" testListId="8c84fa94-04c1-424b-9868-57a2d4851a1d" relativeResultsDirectory="3741d75e-a676-4082-b432-610a206999ef" />
    <UnitTestResult executionId="d0130ae6-d84a-43ad-a1db-ba68d0735db8" testId="fcbb423c-ed06-b4d7-14bd-d38414b9f6f4" testName="DoSearch_ShouldFindVehicle_WhenSpeedPropertyIsPresent" computerName="DKSR-EFI-04" duration="00:00:02.4640822" startTime="2023-12-22T09:36:23.3821263+01:00" endTime="2023-12-22T09:36:25.8352620+01:00" testType="13cdc9d9-ddb5-4fa4-a97d-d965ccfc6d4b" outcome="Passed" testListId="8c84fa94-04c1-424b-9868-57a2d4851a1d" relativeResultsDirectory="d0130ae6-d84a-43ad-a1db-ba68d0735db8" />
    <UnitTestResult executionId="9450887d-499d-4ea5-99b2-68f7b11bf5ca" testId="4f67632a-4e3f-54e2-bbbb-b46e8211d145" testName="CreateAgents_ShouldNotReturnPeople_WhenCategoryIsDisabled" computerName="DKSR-EFI-04" duration="00:00:00.0029673" startTime="2023-12-22T09:35:39.9600217+01:00" endTime="2023-12-22T09:35:39.9756486+01:00" testType="13cdc9d9-ddb5-4fa4-a97d-d965ccfc6d4b" outcome="Passed" testListId="8c84fa94-04c1-424b-9868-57a2d4851a1d" relativeResultsDirectory="9450887d-499d-4ea5-99b2-68f7b11bf5ca" />
    <UnitTestResult executionId="a11c3de7-dbef-45ae-8551-db224e2f70f8" testId="f4b46825-b9e2-3b64-1c89-d0861b1de671" testName="IsMatch_ShouldComparecolorCorrectly_WhenGivenValidPropertyValues (red,white,False)" computerName="DKSR-EFI-04" duration="00:00:00.0008518" startTime="2023-12-22T09:35:39.5068929+01:00" endTime="2023-12-22T09:35:39.5225169+01:00" testType="13cdc9d9-ddb5-4fa4-a97d-d965ccfc6d4b" outcome="Passed" testListId="8c84fa94-04c1-424b-9868-57a2d4851a1d" relativeResultsDirectory="a11c3de7-dbef-45ae-8551-db224e2f70f8" />
    <UnitTestResult executionId="9a4a8ae0-bac4-493b-8f9d-cbf6d77a3dde" testId="7f95389e-5d08-9393-a9f4-f26437af2aaf" testName="IsMatch_ShouldReturnTrue_WhenValueEqualsHighValue" computerName="DKSR-EFI-04" duration="00:00:00.0015406" startTime="2023-12-22T09:35:39.5381436+01:00" endTime="2023-12-22T09:35:39.5381436+01:00" testType="13cdc9d9-ddb5-4fa4-a97d-d965ccfc6d4b" outcome="Passed" testListId="8c84fa94-04c1-424b-9868-57a2d4851a1d" relativeResultsDirectory="9a4a8ae0-bac4-493b-8f9d-cbf6d77a3dde" />
    <UnitTestResult executionId="b557ece9-fcdc-4d1f-b1ef-ef66ad99b247" testId="6bce575e-8f07-a06a-d4e9-7baf381097ed" testName="IsMatch_ShouldReturnTrue_WhenAllPredicatesAreMatched" computerName="DKSR-EFI-04" duration="00:00:00.0023097" startTime="2023-12-22T09:35:39.3975162+01:00" endTime="2023-12-22T09:35:39.3975162+01:00" testType="13cdc9d9-ddb5-4fa4-a97d-d965ccfc6d4b" outcome="Passed" testListId="8c84fa94-04c1-424b-9868-57a2d4851a1d" relativeResultsDirectory="b557ece9-fcdc-4d1f-b1ef-ef66ad99b247" />
    <UnitTestResult executionId="d6ccc2b2-d654-454a-9cfd-b65bc477eb42" testId="fa9a6086-20f9-011d-55f0-761280e00db8" testName="DoSearch_ShouldFindVehicle_WhenVehicleTypePropertyIsPresent" computerName="DKSR-EFI-04" duration="00:00:02.6428997" startTime="2023-12-22T09:36:18.2727221+01:00" endTime="2023-12-22T09:36:20.9133621+01:00" testType="13cdc9d9-ddb5-4fa4-a97d-d965ccfc6d4b" outcome="Passed" testListId="8c84fa94-04c1-424b-9868-57a2d4851a1d" relativeResultsDirectory="d6ccc2b2-d654-454a-9cfd-b65bc477eb42" />
    <UnitTestResult executionId="65bfc142-6f6d-4383-80f1-ccd0e8671264" testId="c543770d-cf9b-0ea4-1d34-a2012d05fa48" testName="GetFilterValues_ShouldReturnMinAndMaxValues_WhenValueIsValid" computerName="DKSR-EFI-04" duration="00:00:00.0221945" startTime="2023-12-22T09:35:36.3818744+01:00" endTime="2023-12-22T09:35:36.4131261+01:00" testType="13cdc9d9-ddb5-4fa4-a97d-d965ccfc6d4b" outcome="Passed" testListId="8c84fa94-04c1-424b-9868-57a2d4851a1d" relativeResultsDirectory="65bfc142-6f6d-4383-80f1-ccd0e8671264" />
    <UnitTestResult executionId="b13ddde4-296b-48e7-80b9-f387b0fa42b4" testId="9249a644-df85-6985-2ed1-3f912cd56e59" testName="IsMatch_ShouldReturnFalse_WhenNoneOfThePredicatesIsMatched" computerName="DKSR-EFI-04" duration="00:00:00.0011150" startTime="2023-12-22T09:35:39.6945660+01:00" endTime="2023-12-22T09:35:39.7100206+01:00" testType="13cdc9d9-ddb5-4fa4-a97d-d965ccfc6d4b" outcome="Passed" testListId="8c84fa94-04c1-424b-9868-57a2d4851a1d" relativeResultsDirectory="b13ddde4-296b-48e7-80b9-f387b0fa42b4" />
    <UnitTestResult executionId="6ca07a83-17c0-4ae7-ba79-65f74b8f7e58" testId="048064ce-9700-10d9-1f79-bb81092b89b1" testName="InvalidateLongitude_ShouldTurnInvalidToFalse_WhenCalledOnValidValue" computerName="DKSR-EFI-04" duration="00:00:00.0008410" startTime="2023-12-22T09:35:36.6006262+01:00" endTime="2023-12-22T09:35:36.6006262+01:00" testType="13cdc9d9-ddb5-4fa4-a97d-d965ccfc6d4b" outcome="Passed" testListId="8c84fa94-04c1-424b-9868-57a2d4851a1d" relativeResultsDirectory="6ca07a83-17c0-4ae7-ba79-65f74b8f7e58" />
    <UnitTestResult executionId="5bc12e30-9685-4b51-bde5-1514f3b16ec4" testId="45918056-178b-bae7-e87d-d8a65e50daaf" testName="CreateValue_ShouldUse_ConfigurationValues" computerName="DKSR-EFI-04" duration="00:00:00.0014040" startTime="2023-12-22T09:35:36.6475011+01:00" endTime="2023-12-22T09:35:36.6475011+01:00" testType="13cdc9d9-ddb5-4fa4-a97d-d965ccfc6d4b" outcome="Passed" testListId="8c84fa94-04c1-424b-9868-57a2d4851a1d" relativeResultsDirectory="5bc12e30-9685-4b51-bde5-1514f3b16ec4" />
    <UnitTestResult executionId="bc47de58-155f-4336-9a1c-1f713c096430" testId="86ac4d5c-e64c-3eeb-48f6-3f5e7495ec74" testName="GetValue_ShouldThrowException_WhenCalledWithUnknownId" computerName="DKSR-EFI-04" duration="00:00:00.0014541" startTime="2023-12-22T09:36:33.6009311+01:00" endTime="2023-12-22T09:36:33.6009311+01:00" testType="13cdc9d9-ddb5-4fa4-a97d-d965ccfc6d4b" outcome="Passed" testListId="8c84fa94-04c1-424b-9868-57a2d4851a1d" relativeResultsDirectory="bc47de58-155f-4336-9a1c-1f713c096430" />
    <UnitTestResult executionId="c2789778-1538-4781-aaca-2c4dce8c2719" testId="ee4196a5-3fd9-23c9-5f93-141479c13ec5" testName="IsMatch_ShouldReturnFalse_WhenPropertyIsPartialHit" computerName="DKSR-EFI-04" duration="00:00:00.0027836" startTime="2023-12-22T09:35:35.7412471+01:00" endTime="2023-12-22T09:35:35.7568737+01:00" testType="13cdc9d9-ddb5-4fa4-a97d-d965ccfc6d4b" outcome="Passed" testListId="8c84fa94-04c1-424b-9868-57a2d4851a1d" relativeResultsDirectory="c2789778-1538-4781-aaca-2c4dce8c2719" />
    <UnitTestResult executionId="82eaee03-dd4b-4620-a775-7f3ba4a88aba" testId="ebe2eab7-197f-2527-3878-ceffe8948ed4" testName="GetEnabledFilters_ShouldReturnAllEnabledFilters" computerName="DKSR-EFI-04" duration="00:00:00.0023708" startTime="2023-12-22T09:36:33.4915511+01:00" endTime="2023-12-22T09:36:33.4915511+01:00" testType="13cdc9d9-ddb5-4fa4-a97d-d965ccfc6d4b" outcome="Passed" testListId="8c84fa94-04c1-424b-9868-57a2d4851a1d" relativeResultsDirectory="82eaee03-dd4b-4620-a775-7f3ba4a88aba" />
    <UnitTestResult executionId="0fbf98b5-e7d8-499a-968a-7a28f0b81fbe" testId="4ec0f1dc-5ce3-d774-1746-20005e913961" testName="IsMatch_ShouldReturnFalse_WhenObjectElementPropertyWithDifferentValue" computerName="DKSR-EFI-04" duration="00:00:00.0018712" startTime="2023-12-22T09:35:39.7412667+01:00" endTime="2023-12-22T09:35:39.7412667+01:00" testType="13cdc9d9-ddb5-4fa4-a97d-d965ccfc6d4b" outcome="Passed" testListId="8c84fa94-04c1-424b-9868-57a2d4851a1d" relativeResultsDirectory="0fbf98b5-e7d8-499a-968a-7a28f0b81fbe" />
    <UnitTestResult executionId="aac93e05-5b33-4b2d-8c5f-34aacb84ecec" testId="4eedc99a-8571-7659-b7c0-30be5370ac1a" testName="IsMatch_ShouldReturnFalse_WhenGivenFrameObjectWithMissingProperties" computerName="DKSR-EFI-04" duration="00:00:00.0018235" startTime="2023-12-22T09:35:39.6006418+01:00" endTime="2023-12-22T09:35:39.6006418+01:00" testType="13cdc9d9-ddb5-4fa4-a97d-d965ccfc6d4b" outcome="Passed" testListId="8c84fa94-04c1-424b-9868-57a2d4851a1d" relativeResultsDirectory="aac93e05-5b33-4b2d-8c5f-34aacb84ecec" />
    <UnitTestResult executionId="ed899ed6-a340-4020-971a-bc5f3bb041fd" testId="9635697e-518f-1126-78dd-8f6bc8a13908" testName="GetFilterConfiguration_ShouldReturnItemsWithAllDisplayValues" computerName="DKSR-EFI-04" duration="00:00:00.0282419" startTime="2023-12-22T09:35:36.4599998+01:00" endTime="2023-12-22T09:35:36.4912522+01:00" testType="13cdc9d9-ddb5-4fa4-a97d-d965ccfc6d4b" outcome="Passed" testListId="8c84fa94-04c1-424b-9868-57a2d4851a1d" relativeResultsDirectory="ed899ed6-a340-4020-971a-bc5f3bb041fd" />
    <UnitTestResult executionId="510c1491-3172-4901-a0a8-8ace75e2c1ad" testId="bf0c1894-6f4d-81b2-526e-1928d7391f12" testName="DoSearch_ShouldFireErrorCallback_WhenUnknownExceptionOccurs" computerName="DKSR-EFI-04" duration="00:00:00.0071774" startTime="2023-12-22T09:35:37.3818797+01:00" endTime="2023-12-22T09:35:37.3975068+01:00" testType="13cdc9d9-ddb5-4fa4-a97d-d965ccfc6d4b" outcome="Passed" testListId="8c84fa94-04c1-424b-9868-57a2d4851a1d" relativeResultsDirectory="510c1491-3172-4901-a0a8-8ace75e2c1ad" />
    <UnitTestResult executionId="c339ca1a-ca97-49a0-bae9-34b4e8132f33" testId="acd20d9c-932c-04b3-af3f-0c21e5fe86ad" testName="GetBoundingBox_ShouldReturnNull_WhenGivenFrameObjectWithNoPolygon" computerName="DKSR-EFI-04" duration="00:00:00.0005545" startTime="2023-12-22T09:35:37.1475073+01:00" endTime="2023-12-22T09:35:37.1475073+01:00" testType="13cdc9d9-ddb5-4fa4-a97d-d965ccfc6d4b" outcome="Passed" testListId="8c84fa94-04c1-424b-9868-57a2d4851a1d" relativeResultsDirectory="c339ca1a-ca97-49a0-bae9-34b4e8132f33" />
    <UnitTestResult executionId="548766b3-71c5-4601-8579-20c4af2943cc" testId="4b7aac72-14f7-a940-2faa-21a3faf7d26d" testName="Constructors_ShouldNotAllowInjectionOfNulls" computerName="DKSR-EFI-04" duration="00:00:00.0130569" startTime="2023-12-22T09:35:36.6475011+01:00" endTime="2023-12-22T09:35:36.6631254+01:00" testType="13cdc9d9-ddb5-4fa4-a97d-d965ccfc6d4b" outcome="Passed" testListId="8c84fa94-04c1-424b-9868-57a2d4851a1d" relativeResultsDirectory="548766b3-71c5-4601-8579-20c4af2943cc" />
    <UnitTestResult executionId="c496a86f-2302-49f2-b040-28ef0a5268b4" testId="60320f70-4a9f-70f1-7c28-e93af772c6f1" testName="Constructors_ShouldNotAllowInjectionOfNulls" computerName="DKSR-EFI-04" duration="00:00:00.0025393" startTime="2023-12-22T09:35:39.3818896+01:00" endTime="2023-12-22T09:35:39.3818896+01:00" testType="13cdc9d9-ddb5-4fa4-a97d-d965ccfc6d4b" outcome="Passed" testListId="8c84fa94-04c1-424b-9868-57a2d4851a1d" relativeResultsDirectory="c496a86f-2302-49f2-b040-28ef0a5268b4" />
    <UnitTestResult executionId="7b8d0220-1275-4ed6-961b-a649f84b3fc2" testId="78ff2a97-3337-f054-99af-d529beab7408" testName="CreateGuid_ShouldReturnDifferentGuid_WhenUsingDifferentStartTimeInMilliseconds" computerName="DKSR-EFI-04" duration="00:00:00.0040401" startTime="2023-12-22T09:35:37.5225078+01:00" endTime="2023-12-22T09:35:37.5225078+01:00" testType="13cdc9d9-ddb5-4fa4-a97d-d965ccfc6d4b" outcome="Passed" testListId="8c84fa94-04c1-424b-9868-57a2d4851a1d" relativeResultsDirectory="7b8d0220-1275-4ed6-961b-a649f84b3fc2" />
    <UnitTestResult executionId="b624cef2-a9e2-4105-871b-f64d7b236350" testId="0b71c0e3-a86d-bb75-3905-c8d1b5aeb91a" testName="GetBoundingPolygon_ShouldReturnNull_WhenGivenFrameObjectWithNoPolygon" computerName="DKSR-EFI-04" duration="00:00:00.0010700" startTime="2023-12-22T09:35:37.1475073+01:00" endTime="2023-12-22T09:35:37.1475073+01:00" testType="13cdc9d9-ddb5-4fa4-a97d-d965ccfc6d4b" outcome="Passed" testListId="8c84fa94-04c1-424b-9868-57a2d4851a1d" relativeResultsDirectory="b624cef2-a9e2-4105-871b-f64d7b236350" />
    <UnitTestResult executionId="06cfa25c-9d05-40c8-bd3d-d8cf4a645868" testId="b55d9ab7-b50d-8694-076c-cd1ae02a1830" testName="GetSearchPredicate_ShouldCallFactoryWithAllValuesFromValueProvider" computerName="DKSR-EFI-04" duration="00:00:00.0149813" startTime="2023-12-22T09:35:36.6787541+01:00" endTime="2023-12-22T09:35:36.6943771+01:00" testType="13cdc9d9-ddb5-4fa4-a97d-d965ccfc6d4b" outcome="Passed" testListId="8c84fa94-04c1-424b-9868-57a2d4851a1d" relativeResultsDirectory="06cfa25c-9d05-40c8-bd3d-d8cf4a645868" />
    <UnitTestResult executionId="f3e1ae8e-5cc9-4373-8afc-cb5ad2620b63" testId="dbb96aaf-a96a-17ef-183f-86b91f19180a" testName="GetItemValue_ShouldReturnValueOfItem" computerName="DKSR-EFI-04" duration="00:00:00.0055199" startTime="2023-12-22T09:35:36.5381270+01:00" endTime="2023-12-22T09:35:36.5537525+01:00" testType="13cdc9d9-ddb5-4fa4-a97d-d965ccfc6d4b" outcome="Passed" testListId="8c84fa94-04c1-424b-9868-57a2d4851a1d" relativeResultsDirectory="f3e1ae8e-5cc9-4373-8afc-cb5ad2620b63" />
    <UnitTestResult executionId="b160d12d-a81f-4728-8df1-7094a933c4f2" testId="b4084ff7-36a0-65d4-0c78-ecb397769e59" testName="GetCategorySearchPredicate_ShouldReturnPredicateWithAllRelatedProperties_WhenFilterHasMultipleProperties" computerName="DKSR-EFI-04" duration="00:00:00.0008035" startTime="2023-12-22T09:36:33.4759297+01:00" endTime="2023-12-22T09:36:33.4759297+01:00" testType="13cdc9d9-ddb5-4fa4-a97d-d965ccfc6d4b" outcome="Passed" testListId="8c84fa94-04c1-424b-9868-57a2d4851a1d" relativeResultsDirectory="b160d12d-a81f-4728-8df1-7094a933c4f2" />
    <UnitTestResult executionId="d67f2d5a-ea93-4154-80cb-7c8d13a94077" testId="622ddc1e-1b08-2724-a4a8-117fa310d9d4" testName="SerializeRoundtrip_ShouldReturnSameProperties" computerName="DKSR-EFI-04" duration="00:00:00.0067860" startTime="2023-12-22T09:35:36.5537525+01:00" endTime="2023-12-22T09:35:36.5693768+01:00" testType="13cdc9d9-ddb5-4fa4-a97d-d965ccfc6d4b" outcome="Passed" testListId="8c84fa94-04c1-424b-9868-57a2d4851a1d" relativeResultsDirectory="d67f2d5a-ea93-4154-80cb-7c8d13a94077" />
    <UnitTestResult executionId="6bf2bfa2-ba78-4cdc-8046-0c173704a8a8" testId="85dfb615-5a2b-c9e8-954a-1ca3cda0ed50" testName="CreateGuid_ShouldReturnGuid_WhenDeviceIdIsNull" computerName="DKSR-EFI-04" duration="00:00:00.0171253" startTime="2023-12-22T09:35:37.4600056+01:00" endTime="2023-12-22T09:35:37.4756301+01:00" testType="13cdc9d9-ddb5-4fa4-a97d-d965ccfc6d4b" outcome="Passed" testListId="8c84fa94-04c1-424b-9868-57a2d4851a1d" relativeResultsDirectory="6bf2bfa2-ba78-4cdc-8046-0c173704a8a8" />
    <UnitTestResult executionId="4e069269-8387-4c67-90d5-7d2c8f9c3c4e" testId="5816afd1-0423-3367-459b-a9396f53d5e9" testName="GetFilterValues_ShouldReturnEmptyEnumeration_WhenValueIsEmpty" computerName="DKSR-EFI-04" duration="00:00:00.0026868" startTime="2023-12-22T09:35:36.1631245+01:00" endTime="2023-12-22T09:35:36.1787505+01:00" testType="13cdc9d9-ddb5-4fa4-a97d-d965ccfc6d4b" outcome="Passed" testListId="8c84fa94-04c1-424b-9868-57a2d4851a1d" relativeResultsDirectory="4e069269-8387-4c67-90d5-7d2c8f9c3c4e" />
    <UnitTestResult executionId="163ce362-3fa5-43c2-988d-68d52503768d" testId="293f3170-f5e3-ae68-2fe6-f1a2050d9406" testName="TryParseColor_ShouldReturn_CorrectResult (&lt;?xml version=&quot;1.0&quot;?&gt; &lt;tt:Color xmlns:tt=&quot;http://www.onvif.org/ver10/schema&quot; Z = &quot;169&quot; Y = &quot;400&quot; X = &quot;169&quot; Colorspace = &quot;RGB&quot; /&gt;,False)" computerName="DKSR-EFI-04" duration="00:00:00.0002456" startTime="2023-12-22T09:35:39.8818979+01:00" endTime="2023-12-22T09:35:39.8818979+01:00" testType="13cdc9d9-ddb5-4fa4-a97d-d965ccfc6d4b" outcome="Passed" testListId="8c84fa94-04c1-424b-9868-57a2d4851a1d" relativeResultsDirectory="163ce362-3fa5-43c2-988d-68d52503768d" />
    <UnitTestResult executionId="ad02217c-d1bb-4ad2-bac5-231c0ae87989" testId="127108ad-a23a-01af-0f57-d0e23c2fc6ee" testName="CreateAgents_ShouldNotShowCategory_WhenNotSpecifiedInConfiguration" computerName="DKSR-EFI-04" duration="00:00:00.0021031" startTime="2023-12-22T09:35:39.9912703+01:00" endTime="2023-12-22T09:35:39.9912703+01:00" testType="13cdc9d9-ddb5-4fa4-a97d-d965ccfc6d4b" outcome="Passed" testListId="8c84fa94-04c1-424b-9868-57a2d4851a1d" relativeResultsDirectory="ad02217c-d1bb-4ad2-bac5-231c0ae87989" />
    <UnitTestResult executionId="49d9545d-338c-4308-b033-a92b5175682e" testId="9bdb0662-1da6-dcfb-f42f-a6f76e640bc7" testName="CreateAgents_ShouldNotReturnVehicles_WhenCategoryIsDisabled" computerName="DKSR-EFI-04" duration="00:00:00.0029804" startTime="2023-12-22T09:35:39.9756486+01:00" endTime="2023-12-22T09:35:39.9756486+01:00" testType="13cdc9d9-ddb5-4fa4-a97d-d965ccfc6d4b" outcome="Passed" testListId="8c84fa94-04c1-424b-9868-57a2d4851a1d" relativeResultsDirectory="49d9545d-338c-4308-b033-a92b5175682e" />
    <UnitTestResult executionId="b5fbc1ec-48ec-47f5-a371-6e3710b985c4" testId="c8e69239-6298-e629-41af-f2978db9a1f2" testName="IsEmpty_ShouldReturnBase_WhenSearchingWithoutDefaults (0,10,1,9,False)" computerName="DKSR-EFI-04" duration="00:00:00.0002479" startTime="2023-12-22T09:35:36.6475011+01:00" endTime="2023-12-22T09:35:36.6475011+01:00" testType="13cdc9d9-ddb5-4fa4-a97d-d965ccfc6d4b" outcome="Passed" testListId="8c84fa94-04c1-424b-9868-57a2d4851a1d" relativeResultsDirectory="b5fbc1ec-48ec-47f5-a371-6e3710b985c4" />
    <UnitTestResult executionId="8cc63d48-eb18-41c2-9503-6be6d45be2e6" testId="20ec1541-8979-9379-2a80-d7b4208b9361" testName="Constructors_ShouldNotAllowInjectionOfNulls" computerName="DKSR-EFI-04" duration="00:00:00.0158031" startTime="2023-12-22T09:35:36.1318737+01:00" endTime="2023-12-22T09:35:36.1475004+01:00" testType="13cdc9d9-ddb5-4fa4-a97d-d965ccfc6d4b" outcome="Passed" testListId="8c84fa94-04c1-424b-9868-57a2d4851a1d" relativeResultsDirectory="8cc63d48-eb18-41c2-9503-6be6d45be2e6" />
    <UnitTestResult executionId="3c05f1ed-8556-4399-b705-094426d5b542" testId="75a62d1d-a8c9-5e1b-d60b-36256a029b10" testName="GetFilterValues_ShouldReturnGendersValues_WhenValueIsValid" computerName="DKSR-EFI-04" duration="00:00:00.0143322" startTime="2023-12-22T09:35:36.3662520+01:00" endTime="2023-12-22T09:35:36.3818744+01:00" testType="13cdc9d9-ddb5-4fa4-a97d-d965ccfc6d4b" outcome="Passed" testListId="8c84fa94-04c1-424b-9868-57a2d4851a1d" relativeResultsDirectory="3c05f1ed-8556-4399-b705-094426d5b542" />
    <UnitTestResult executionId="f97e36bc-ccaa-40ec-9ceb-0c0674c3389f" testId="2fa26119-f0d4-f02f-aad4-4159385bd8d6" testName="TryParseColor_ShouldReturn_CorrectResult (&lt;?xml version=&quot;1.0&quot;?&gt; &lt;tt:Color xmlns:tt=&quot;http://www.onvif.org/ver10/schema&quot; Z = &quot;169&quot; Colorspace = &quot;YCbCr&quot; /&gt;,False)" computerName="DKSR-EFI-04" duration="00:00:00.0001513" startTime="2023-12-22T09:35:39.8977231+01:00" endTime="2023-12-22T09:35:39.8977231+01:00" testType="13cdc9d9-ddb5-4fa4-a97d-d965ccfc6d4b" outcome="Passed" testListId="8c84fa94-04c1-424b-9868-57a2d4851a1d" relativeResultsDirectory="f97e36bc-ccaa-40ec-9ceb-0c0674c3389f" />
    <UnitTestResult executionId="b4be9e8e-0bb8-4d8b-b134-4837e2229e57" testId="31a9e5b9-5dae-2169-816a-49e71f1970b4" testName="Constructors_ShouldNotAllowInjectionOfNulls" computerName="DKSR-EFI-04" duration="00:00:00.0058466" startTime="2023-12-22T09:35:35.7568737+01:00" endTime="2023-12-22T09:35:35.7568737+01:00" testType="13cdc9d9-ddb5-4fa4-a97d-d965ccfc6d4b" outcome="Passed" testListId="8c84fa94-04c1-424b-9868-57a2d4851a1d" relativeResultsDirectory="b4be9e8e-0bb8-4d8b-b134-4837e2229e57" />
    <UnitTestResult executionId="28ad336f-968e-4b85-9583-3678ed700c70" testId="d3b09615-1a45-b103-fa28-b14a8987e6d6" testName="GetValue_ShouldReturnAValue_WhenCalledWithKnownVehicleTypeIds (f7dddebb-09f7-4a07-aaa3-53c00fc6c151)" computerName="DKSR-EFI-04" duration="00:00:00.0000100" startTime="2023-12-22T09:36:33.6009311+01:00" endTime="2023-12-22T09:36:33.6009311+01:00" testType="13cdc9d9-ddb5-4fa4-a97d-d965ccfc6d4b" outcome="Passed" testListId="8c84fa94-04c1-424b-9868-57a2d4851a1d" relativeResultsDirectory="28ad336f-968e-4b85-9583-3678ed700c70" />
    <UnitTestResult executionId="71964594-fc2c-4ec3-a63b-cccffe0b9015" testId="293b32bd-fbf2-4184-a225-176afa528e30" testName="IsMatch_ShouldCompareDistanceCorrectly_WhenGivenValidPropertyValues (44.401012,-73.848847,45.549302,-73.632118,0.1,False)" computerName="DKSR-EFI-04" duration="00:00:00.0029818" startTime="2023-12-22T09:35:39.6631428+01:00" endTime="2023-12-22T09:35:39.6787711+01:00" testType="13cdc9d9-ddb5-4fa4-a97d-d965ccfc6d4b" outcome="Passed" testListId="8c84fa94-04c1-424b-9868-57a2d4851a1d" relativeResultsDirectory="71964594-fc2c-4ec3-a63b-cccffe0b9015" />
    <UnitTestResult executionId="15933b5e-a3e8-4956-b25c-e99fdd7b9e6a" testId="78c6ac56-439c-936d-9bc8-d75c96ae27cf" testName="IsMatch_ShouldReturnFalse_WhenObjectElementHasNoMatchingProperty" computerName="DKSR-EFI-04" duration="00:00:00.0029162" startTime="2023-12-22T09:35:39.7100206+01:00" endTime="2023-12-22T09:35:39.7100206+01:00" testType="13cdc9d9-ddb5-4fa4-a97d-d965ccfc6d4b" outcome="Passed" testListId="8c84fa94-04c1-424b-9868-57a2d4851a1d" relativeResultsDirectory="15933b5e-a3e8-4956-b25c-e99fdd7b9e6a" />
    <UnitTestResult executionId="9d30f670-78d3-4bc2-8f77-b301e80ee3e3" testId="c6780686-1c61-1715-7689-c3e60389158d" testName="TryParseColor_ShouldReturn_CorrectResult (&lt;?xml version=&quot;1.0&quot;?&gt; &lt;tt:Color xmlns:tt=&quot;http://www.onvif.org/ver10/schema&quot; Z = &quot;169&quot; Y = &quot;169&quot; X = &quot;400&quot; Colorspace = &quot;YCbCr&quot; /&gt;,False)" computerName="DKSR-EFI-04" duration="00:00:00.0002228" startTime="2023-12-22T09:35:39.8977231+01:00" endTime="2023-12-22T09:35:39.8977231+01:00" testType="13cdc9d9-ddb5-4fa4-a97d-d965ccfc6d4b" outcome="Passed" testListId="8c84fa94-04c1-424b-9868-57a2d4851a1d" relativeResultsDirectory="9d30f670-78d3-4bc2-8f77-b301e80ee3e3" />
    <UnitTestResult executionId="12c35f50-369c-4365-965d-b7efaeb2ef8f" testId="155fd501-48dd-974a-89ed-642a7f2b89c6" testName="GetBuiltInVehicleFilters_ShouldIncludeLicensePlate_WhenLicensePlateFilterIsVisible" computerName="DKSR-EFI-04" duration="00:00:00.0007998" startTime="2023-12-22T09:36:33.5384282+01:00" endTime="2023-12-22T09:36:33.5384282+01:00" testType="13cdc9d9-ddb5-4fa4-a97d-d965ccfc6d4b" outcome="Passed" testListId="8c84fa94-04c1-424b-9868-57a2d4851a1d" relativeResultsDirectory="12c35f50-369c-4365-965d-b7efaeb2ef8f" />
    <UnitTestResult executionId="b67c1604-d19a-45fe-9832-790cebb2a367" testId="1c94ba47-9023-7143-4a8e-fb67768a6f84" testName="IsMatch_ShouldReturnTrue_WhenObjectElementHasFullyMatchingPropertyNameAndValue" computerName="DKSR-EFI-04" duration="00:00:00.0014619" startTime="2023-12-22T09:35:39.7100206+01:00" endTime="2023-12-22T09:35:39.7256421+01:00" testType="13cdc9d9-ddb5-4fa4-a97d-d965ccfc6d4b" outcome="Passed" testListId="8c84fa94-04c1-424b-9868-57a2d4851a1d" relativeResultsDirectory="b67c1604-d19a-45fe-9832-790cebb2a367" />
    <UnitTestResult executionId="cfb1721f-12e2-43b5-b43a-849ae9794865" testId="fa250182-9873-e1c4-5d09-117e7d101da5" testName="GetFilterValues_ShouldReturnEmptyEnumeration_WhenValueIsEmpty" computerName="DKSR-EFI-04" duration="00:00:00.0008137" startTime="2023-12-22T09:35:36.3818744+01:00" endTime="2023-12-22T09:35:36.3818744+01:00" testType="13cdc9d9-ddb5-4fa4-a97d-d965ccfc6d4b" outcome="Passed" testListId="8c84fa94-04c1-424b-9868-57a2d4851a1d" relativeResultsDirectory="cfb1721f-12e2-43b5-b43a-849ae9794865" />
    <UnitTestResult executionId="4bb1af3b-5b2e-47b7-b905-d7020d1ae578" testId="d74bb234-b535-f88e-af7d-f7d8dd2a6a63" testName="DoSearch_ShouldUseCorrectSessionId_WhenReturningSearchResults (1)" computerName="DKSR-EFI-04" duration="00:00:00.0106159" startTime="2023-12-22T09:35:37.4287584+01:00" endTime="2023-12-22T09:35:37.4287584+01:00" testType="13cdc9d9-ddb5-4fa4-a97d-d965ccfc6d4b" outcome="Passed" testListId="8c84fa94-04c1-424b-9868-57a2d4851a1d" relativeResultsDirectory="4bb1af3b-5b2e-47b7-b905-d7020d1ae578" />
    <UnitTestResult executionId="283559e0-568a-4fb3-9b8e-f504d5d5c9b1" testId="319e4aca-e1b2-abee-a664-806325ea8bcf" testName="IsMatch_ShouldReturnTrue_WhenAnyOfTheObjectsMatchThePredicate" computerName="DKSR-EFI-04" duration="00:00:00.0023633" startTime="2023-12-22T09:35:48.7881891+01:00" endTime="2023-12-22T09:35:48.8038161+01:00" testType="13cdc9d9-ddb5-4fa4-a97d-d965ccfc6d4b" outcome="Passed" testListId="8c84fa94-04c1-424b-9868-57a2d4851a1d" relativeResultsDirectory="283559e0-568a-4fb3-9b8e-f504d5d5c9b1" />
    <UnitTestResult executionId="3768946d-38ba-4087-a001-2819fc34e7e3" testId="89af6bd0-6213-2f85-a07a-cb8660be99ac" testName="GetFrames_ShouldContinueReturningFrames_WhenParsingThrowsAnException (False)" computerName="DKSR-EFI-04" duration="00:00:00.1475434" startTime="2023-12-22T09:35:44.3975417+01:00" endTime="2023-12-22T09:35:44.5381672+01:00" testType="13cdc9d9-ddb5-4fa4-a97d-d965ccfc6d4b" outcome="Passed" testListId="8c84fa94-04c1-424b-9868-57a2d4851a1d" relativeResultsDirectory="3768946d-38ba-4087-a001-2819fc34e7e3" />
    <UnitTestResult executionId="f65be81c-ab20-4b0e-8fa4-8d90782037f4" testId="e529d133-0f3d-876f-a8c8-1fb567bd9f45" testName="IsMatch_ShouldCompareDistanceCorrectly_WhenGivenValidPropertyValues (44.401012,-73.848847,44.378859,-73.834729,2.66,False)" computerName="DKSR-EFI-04" duration="00:00:00.0033332" startTime="2023-12-22T09:35:39.6631428+01:00" endTime="2023-12-22T09:35:39.6631428+01:00" testType="13cdc9d9-ddb5-4fa4-a97d-d965ccfc6d4b" outcome="Passed" testListId="8c84fa94-04c1-424b-9868-57a2d4851a1d" relativeResultsDirectory="f65be81c-ab20-4b0e-8fa4-8d90782037f4" />
    <UnitTestResult executionId="162c2e02-0591-4f3d-b3df-7ffa858c48b2" testId="be55f5e0-b7f0-9aff-ed43-349928d3ded4" testName="GetValue_ShouldReturnAValue_WhenCalledWithKnownVehicleTypeIds (20b19e23-6e48-4207-b033-1fdf3b48f167)" computerName="DKSR-EFI-04" duration="00:00:00.0000117" startTime="2023-12-22T09:36:33.6009311+01:00" endTime="2023-12-22T09:36:33.6009311+01:00" testType="13cdc9d9-ddb5-4fa4-a97d-d965ccfc6d4b" outcome="Passed" testListId="8c84fa94-04c1-424b-9868-57a2d4851a1d" relativeResultsDirectory="162c2e02-0591-4f3d-b3df-7ffa858c48b2" />
    <UnitTestResult executionId="30ad2e9a-ef61-4384-b2df-0fc5676dffc3" testId="82d24403-7845-d860-1c38-6d3acb1891b0" testName="ResetValue_ShouldThrowException_WhenValueIsNotSelectionFilterValue" computerName="DKSR-EFI-04" duration="00:00:00.0193590" startTime="2023-12-22T09:35:36.5225018+01:00" endTime="2023-12-22T09:35:36.5381270+01:00" testType="13cdc9d9-ddb5-4fa4-a97d-d965ccfc6d4b" outcome="Passed" testListId="8c84fa94-04c1-424b-9868-57a2d4851a1d" relativeResultsDirectory="30ad2e9a-ef61-4384-b2df-0fc5676dffc3" />
    <UnitTestResult executionId="d73b0d28-4024-4c52-a988-884caf9aa072" testId="12a9b3ec-3da9-8003-0320-e5511579bdf6" testName="Constructors_ShouldNotAllowInjectionOfNulls" computerName="DKSR-EFI-04" duration="00:00:00.0036265" startTime="2023-12-22T09:35:36.8350037+01:00" endTime="2023-12-22T09:35:36.8350037+01:00" testType="13cdc9d9-ddb5-4fa4-a97d-d965ccfc6d4b" outcome="Passed" testListId="8c84fa94-04c1-424b-9868-57a2d4851a1d" relativeResultsDirectory="d73b0d28-4024-4c52-a988-884caf9aa072" />
    <UnitTestResult executionId="93d6581e-b6fd-47f4-8fee-ce4b04f95d23" testId="1114ef88-3a8d-00e8-b05f-9d946af3b862" testName="GetSearchPredicate_ShouldReturnPredicateFromFactory" computerName="DKSR-EFI-04" duration="00:00:00.0028070" startTime="2023-12-22T09:35:36.9287580+01:00" endTime="2023-12-22T09:35:36.9443814+01:00" testType="13cdc9d9-ddb5-4fa4-a97d-d965ccfc6d4b" outcome="Passed" testListId="8c84fa94-04c1-424b-9868-57a2d4851a1d" relativeResultsDirectory="93d6581e-b6fd-47f4-8fee-ce4b04f95d23" />
    <UnitTestResult executionId="ed5093a8-4cd9-4ad0-a090-364654f60a06" testId="8bb1fdac-bd2f-7ceb-1472-b2242404b945" testName="Constructors_ShouldNotAllowInjectionOfNulls" computerName="DKSR-EFI-04" duration="00:00:00.0022688" startTime="2023-12-22T09:35:48.6944382+01:00" endTime="2023-12-22T09:35:48.6944382+01:00" testType="13cdc9d9-ddb5-4fa4-a97d-d965ccfc6d4b" outcome="Passed" testListId="8c84fa94-04c1-424b-9868-57a2d4851a1d" relativeResultsDirectory="ed5093a8-4cd9-4ad0-a090-364654f60a06" />
    <UnitTestResult executionId="c0ab2ab5-7424-41ca-a9a1-db359de1ca36" testId="b8b1ab27-8a4e-efd8-aa9b-16e67226c1d8" testName="SearchingForHumanOrFace_ShouldReturnAllHumansInFrame_WhenSecondClassDetectedOnSecondFrame" computerName="DKSR-EFI-04" duration="00:00:00.0044721" startTime="2023-12-22T09:36:33.4290538+01:00" endTime="2023-12-22T09:36:33.4290538+01:00" testType="13cdc9d9-ddb5-4fa4-a97d-d965ccfc6d4b" outcome="Passed" testListId="8c84fa94-04c1-424b-9868-57a2d4851a1d" relativeResultsDirectory="c0ab2ab5-7424-41ca-a9a1-db359de1ca36" />
    <UnitTestResult executionId="843d2742-819b-4486-b751-670f263cead4" testId="47436b86-681d-e7ad-2168-9b49e9b5df4c" testName="IsMatch_ShouldCompareDistanceCorrectly_WhenGivenValidPropertyValues (44.401012,-73.848847,45.549302,-73.632118,20,False)" computerName="DKSR-EFI-04" duration="00:00:00.0037302" startTime="2023-12-22T09:35:39.6631428+01:00" endTime="2023-12-22T09:35:39.6631428+01:00" testType="13cdc9d9-ddb5-4fa4-a97d-d965ccfc6d4b" outcome="Passed" testListId="8c84fa94-04c1-424b-9868-57a2d4851a1d" relativeResultsDirectory="843d2742-819b-4486-b751-670f263cead4" />
    <UnitTestResult executionId="ca1f3775-cd3a-446a-8ed9-e3b40708adcc" testId="8669e8bd-171b-0309-d338-338ea257b72c" testName="TryParseColor_ShouldReturn_CorrectResult (&lt;?xml version=&quot;1.0&quot;?&gt; &lt;tt:Color xmlns:tt=&quot;http://www.onvif.org/ver10/schema&quot; Z = &quot;400&quot; Y = &quot;169&quot; X = &quot;169&quot; Colorspace = &quot;YCbCr&quot; /&gt;,False)" computerName="DKSR-EFI-04" duration="00:00:00.0002357" startTime="2023-12-22T09:35:39.8818979+01:00" endTime="2023-12-22T09:35:39.8977231+01:00" testType="13cdc9d9-ddb5-4fa4-a97d-d965ccfc6d4b" outcome="Passed" testListId="8c84fa94-04c1-424b-9868-57a2d4851a1d" relativeResultsDirectory="ca1f3775-cd3a-446a-8ed9-e3b40708adcc" />
    <UnitTestResult executionId="44bae296-24af-493e-af04-f44a36f41c5a" testId="a45e84a9-9441-4c6e-5f47-d3e3ab1875f4" testName="IsMatch_ShouldCompareDistanceCorrectly_WhenGivenValidPropertyValues (44.401012,-73.848847,45.549302,-73.632118,130,True)" computerName="DKSR-EFI-04" duration="00:00:00.0033649" startTime="2023-12-22T09:35:39.6787711+01:00" endTime="2023-12-22T09:35:39.6787711+01:00" testType="13cdc9d9-ddb5-4fa4-a97d-d965ccfc6d4b" outcome="Passed" testListId="8c84fa94-04c1-424b-9868-57a2d4851a1d" relativeResultsDirectory="44bae296-24af-493e-af04-f44a36f41c5a" />
    <UnitTestResult executionId="fea1b8fd-16f2-41d0-85d4-88ffd9466a85" testId="9d10d3f2-3073-a06b-e5b7-c3d98c547c35" testName="GetMatchingObjects_ShouldReturnEmptyCollection_IfItContainsNoObjects" computerName="DKSR-EFI-04" duration="00:00:00.0021063" startTime="2023-12-22T09:35:48.6944382+01:00" endTime="2023-12-22T09:35:48.7100662+01:00" testType="13cdc9d9-ddb5-4fa4-a97d-d965ccfc6d4b" outcome="Passed" testListId="8c84fa94-04c1-424b-9868-57a2d4851a1d" relativeResultsDirectory="fea1b8fd-16f2-41d0-85d4-88ffd9466a85" />
    <UnitTestResult executionId="bd5e8349-edff-4939-8c9a-443cb17a600f" testId="9d101f44-0905-1aab-02aa-fb6b719f6e5a" testName="IsEmpty_ShouldReturnFalse_WhenSearchingWithDefaults (0,10,0,10)" computerName="DKSR-EFI-04" duration="00:00:00.0022082" startTime="2023-12-22T09:35:36.6162506+01:00" endTime="2023-12-22T09:35:36.6318760+01:00" testType="13cdc9d9-ddb5-4fa4-a97d-d965ccfc6d4b" outcome="Passed" testListId="8c84fa94-04c1-424b-9868-57a2d4851a1d" relativeResultsDirectory="bd5e8349-edff-4939-8c9a-443cb17a600f" />
    <UnitTestResult executionId="e59694d1-f202-4afa-94ae-32db368ad48c" testId="df00f2a2-8dd6-7f1c-e1c7-cdfd2a7aa321" testName="CreateValue_ShouldReturnNewGeoCoordinatesFilterValue" computerName="DKSR-EFI-04" duration="00:00:00.0158439" startTime="2023-12-22T09:35:36.4287527+01:00" endTime="2023-12-22T09:35:36.4443763+01:00" testType="13cdc9d9-ddb5-4fa4-a97d-d965ccfc6d4b" outcome="Passed" testListId="8c84fa94-04c1-424b-9868-57a2d4851a1d" relativeResultsDirectory="e59694d1-f202-4afa-94ae-32db368ad48c" />
    <UnitTestResult executionId="df5dabd6-a228-4fda-a45a-222791c1f22c" testId="3412d315-2f63-2c73-32e0-66d79e50d939" testName="GetFrames_ShouldNotContinueFetchingFrames_WhenTokenSourceIsCancelled (True)" computerName="DKSR-EFI-04" duration="00:00:00.6546204" startTime="2023-12-22T09:35:47.3975603+01:00" endTime="2023-12-22T09:35:48.0538109+01:00" testType="13cdc9d9-ddb5-4fa4-a97d-d965ccfc6d4b" outcome="Passed" testListId="8c84fa94-04c1-424b-9868-57a2d4851a1d" relativeResultsDirectory="df5dabd6-a228-4fda-a45a-222791c1f22c" />
    <UnitTestResult executionId="f6a8a960-d8d0-48bb-8a1b-f7c66f6db7f7" testId="58e7aa30-50ca-258e-dfcf-c11ea51ee0b7" testName="GetValue_ShouldReturnAValue_WhenCalledWithKnownFilterIds (2d812f0d-ed3e-4553-b3fa-642bdc95d886)" computerName="DKSR-EFI-04" duration="00:00:00.0000083" startTime="2023-12-22T09:36:33.6165541+01:00" endTime="2023-12-22T09:36:33.6165541+01:00" testType="13cdc9d9-ddb5-4fa4-a97d-d965ccfc6d4b" outcome="Passed" testListId="8c84fa94-04c1-424b-9868-57a2d4851a1d" relativeResultsDirectory="f6a8a960-d8d0-48bb-8a1b-f7c66f6db7f7" />
    <UnitTestResult executionId="4c3ce456-3fa7-4ecc-b409-912a66e1e53a" testId="516c01d6-57b7-d676-abbc-5c0620a39685" testName="GetFrames_ShouldNotContinueFetchingFrames_WhenTokenSourceIsCancelled (False)" computerName="DKSR-EFI-04" duration="00:00:00.5975866" startTime="2023-12-22T09:35:48.0694383+01:00" endTime="2023-12-22T09:35:48.6631918+01:00" testType="13cdc9d9-ddb5-4fa4-a97d-d965ccfc6d4b" outcome="Passed" testListId="8c84fa94-04c1-424b-9868-57a2d4851a1d" relativeResultsDirectory="4c3ce456-3fa7-4ecc-b409-912a66e1e53a" />
    <UnitTestResult executionId="c6568a26-3e4c-4288-9503-4f3e12ca1ad5" testId="b8e713b0-e424-b91d-eaad-d7c6c1adfcba" testName="IsMatch_ShouldReturnFalse_WhenClassIsPartialHit" computerName="DKSR-EFI-04" duration="00:00:00.0008841" startTime="2023-12-22T09:35:35.7412471+01:00" endTime="2023-12-22T09:35:35.7412471+01:00" testType="13cdc9d9-ddb5-4fa4-a97d-d965ccfc6d4b" outcome="Passed" testListId="8c84fa94-04c1-424b-9868-57a2d4851a1d" relativeResultsDirectory="c6568a26-3e4c-4288-9503-4f3e12ca1ad5" />
    <UnitTestResult executionId="7b17765a-bf28-434f-bb5f-c860f42081c3" testId="0debfba1-dbbf-07fb-f280-fce96076f293" testName="TryParseColor_ShouldReturn_CorrectResult (#FF00FFFF,False)" computerName="DKSR-EFI-04" duration="00:00:00.0001206" startTime="2023-12-22T09:35:39.9131446+01:00" endTime="2023-12-22T09:35:39.9131446+01:00" testType="13cdc9d9-ddb5-4fa4-a97d-d965ccfc6d4b" outcome="Passed" testListId="8c84fa94-04c1-424b-9868-57a2d4851a1d" relativeResultsDirectory="7b17765a-bf28-434f-bb5f-c860f42081c3" />
    <UnitTestResult executionId="a5a77a6a-d976-4d1a-9532-4006f045e353" testId="3f3f2b4f-7275-5a9d-e8aa-76a35c9894f2" testName="GetMetadataObjectsAsync_ShouldThrowTaskCanceledException_WhenCancelled" computerName="DKSR-EFI-04" duration="00:00:00.0094359" startTime="2023-12-22T09:35:39.3662658+01:00" endTime="2023-12-22T09:35:39.3662658+01:00" testType="13cdc9d9-ddb5-4fa4-a97d-d965ccfc6d4b" outcome="Passed" testListId="8c84fa94-04c1-424b-9868-57a2d4851a1d" relativeResultsDirectory="a5a77a6a-d976-4d1a-9532-4006f045e353" />
    <UnitTestResult executionId="43a24c13-d543-49de-98f3-cd409fd98e19" testId="715f99b4-c869-387c-2b86-3b537d7fcdc6" testName="GetFilterValues_ShouldReturnEmptyEnumeration_WhenValueIsNull" computerName="DKSR-EFI-04" duration="00:00:00.0029614" startTime="2023-12-22T09:35:36.3350016+01:00" endTime="2023-12-22T09:35:36.3350016+01:00" testType="13cdc9d9-ddb5-4fa4-a97d-d965ccfc6d4b" outcome="Passed" testListId="8c84fa94-04c1-424b-9868-57a2d4851a1d" relativeResultsDirectory="43a24c13-d543-49de-98f3-cd409fd98e19" />
    <UnitTestResult executionId="d1d2a58b-c2b7-4dc3-b46d-0aeb6ac1b026" testId="84a6a636-074f-0b50-475c-d1c3182a365f" testName="IsMatch_ShouldReturnTrue_WhenObjectElementHasFullyMatchingProperty" computerName="DKSR-EFI-04" duration="00:00:00.0014703" startTime="2023-12-22T09:35:39.7725180+01:00" endTime="2023-12-22T09:35:39.7725180+01:00" testType="13cdc9d9-ddb5-4fa4-a97d-d965ccfc6d4b" outcome="Passed" testListId="8c84fa94-04c1-424b-9868-57a2d4851a1d" relativeResultsDirectory="d1d2a58b-c2b7-4dc3-b46d-0aeb6ac1b026" />
    <UnitTestResult executionId="9d42b02a-a7d0-458d-a226-8474f6ab4eb5" testId="267d02d9-05c8-4da9-a5bc-ecd135ec8233" testName="IsMatch_ShouldCompareDistanceCorrectly_WhenGivenValidPropertyValues (55.211361,44.401012,-84.959958,-73.848847,44.400888,-73.849034,0.1,True)" computerName="DKSR-EFI-04" duration="00:00:00.0074629" startTime="2023-12-22T09:35:39.6006418+01:00" endTime="2023-12-22T09:35:39.6162686+01:00" testType="13cdc9d9-ddb5-4fa4-a97d-d965ccfc6d4b" outcome="Passed" testListId="8c84fa94-04c1-424b-9868-57a2d4851a1d" relativeResultsDirectory="9d42b02a-a7d0-458d-a226-8474f6ab4eb5" />
    <UnitTestResult executionId="9a105fd4-3ea3-474e-9870-1ff91f6ce15c" testId="2a1acbde-48f0-baca-6a56-3f8f9f063c87" testName="TryParseColor_ShouldReturn_CorrectResult (,False)" computerName="DKSR-EFI-04" duration="00:00:00.0000079" startTime="2023-12-22T09:35:39.8350197+01:00" endTime="2023-12-22T09:35:39.8350197+01:00" testType="13cdc9d9-ddb5-4fa4-a97d-d965ccfc6d4b" outcome="Passed" testListId="8c84fa94-04c1-424b-9868-57a2d4851a1d" relativeResultsDirectory="9a105fd4-3ea3-474e-9870-1ff91f6ce15c" />
    <UnitTestResult executionId="2fa49f2e-66fe-4861-adc3-44d919c3110e" testId="21b24ead-c473-1e4e-ffbc-f0ab0c62907e" testName="IsMatch_ShouldComparecolorCorrectly_WhenGivenValidPropertyValues (white,Red,red,True)" computerName="DKSR-EFI-04" duration="00:00:00.0008668" startTime="2023-12-22T09:35:39.5068929+01:00" endTime="2023-12-22T09:35:39.5068929+01:00" testType="13cdc9d9-ddb5-4fa4-a97d-d965ccfc6d4b" outcome="Passed" testListId="8c84fa94-04c1-424b-9868-57a2d4851a1d" relativeResultsDirectory="2fa49f2e-66fe-4861-adc3-44d919c3110e" />
    <UnitTestResult executionId="777d47b5-fd7c-46fb-b3d9-4432124f8216" testId="8a2012f5-edd4-0ac2-d029-f45f835a7797" testName="CreateGuid_ShouldReturnDifferentGuid_WhenUsingDifferentSearchAgentId_ButSameParams" computerName="DKSR-EFI-04" duration="00:00:00.0007134" startTime="2023-12-22T09:35:37.5225078+01:00" endTime="2023-12-22T09:35:37.5225078+01:00" testType="13cdc9d9-ddb5-4fa4-a97d-d965ccfc6d4b" outcome="Passed" testListId="8c84fa94-04c1-424b-9868-57a2d4851a1d" relativeResultsDirectory="777d47b5-fd7c-46fb-b3d9-4432124f8216" />
    <UnitTestResult executionId="84329958-ffea-452a-a34f-9e39691de02d" testId="5024eb4a-19e1-7911-199c-b491c15e76d4" testName="GetBuiltInPersonFilters_ShouldReturnNone_WhenFiltersAreDisabled" computerName="DKSR-EFI-04" duration="00:00:00.0033403" startTime="2023-12-22T09:36:33.5071779+01:00" endTime="2023-12-22T09:36:33.5071779+01:00" testType="13cdc9d9-ddb5-4fa4-a97d-d965ccfc6d4b" outcome="Passed" testListId="8c84fa94-04c1-424b-9868-57a2d4851a1d" relativeResultsDirectory="84329958-ffea-452a-a34f-9e39691de02d" />
    <UnitTestResult executionId="9a0007e5-b7ab-44d0-b002-fc089dc2869c" testId="7fd059d1-2ac1-bd30-ae00-56941e5683da" testName="IsMatch_ShouldReturnTrue_WhenClassIsMissingButSomePropertiesArePresent" computerName="DKSR-EFI-04" duration="00:00:00.0084819" startTime="2023-12-22T09:35:35.6474961+01:00" endTime="2023-12-22T09:35:35.6631213+01:00" testType="13cdc9d9-ddb5-4fa4-a97d-d965ccfc6d4b" outcome="Passed" testListId="8c84fa94-04c1-424b-9868-57a2d4851a1d" relativeResultsDirectory="9a0007e5-b7ab-44d0-b002-fc089dc2869c" />
    <UnitTestResult executionId="1d094ade-b3f5-4f75-a39e-c012eee12670" testId="46ca0726-a369-f193-6fc9-9d395c0e1a5f" testName="TryParseColor_ShouldReturn_CorrectResult (&lt;?xml version=&quot;1.0&quot;?&gt; &lt;tt:Color xmlns:tt=&quot;http://www.onvif.org/ver10/schema&quot; Z = &quot;169&quot; Y = &quot;169&quot; X = &quot;169&quot; /&gt; ,True)" computerName="DKSR-EFI-04" duration="00:00:00.0001918" startTime="2023-12-22T09:35:39.8818979+01:00" endTime="2023-12-22T09:35:39.8818979+01:00" testType="13cdc9d9-ddb5-4fa4-a97d-d965ccfc6d4b" outcome="Passed" testListId="8c84fa94-04c1-424b-9868-57a2d4851a1d" relativeResultsDirectory="1d094ade-b3f5-4f75-a39e-c012eee12670" />
    <UnitTestResult executionId="76e9498b-7b90-4b07-91e3-fc2e9e225d44" testId="e2c3c3ed-baa6-bf03-a21a-f2de5cbab20b" testName="IsMatch_ShouldReturnFalse_WhenPropertyIsNotPresent" computerName="DKSR-EFI-04" duration="00:00:00.0013793" startTime="2023-12-22T09:35:39.5537677+01:00" endTime="2023-12-22T09:35:39.5537677+01:00" testType="13cdc9d9-ddb5-4fa4-a97d-d965ccfc6d4b" outcome="Passed" testListId="8c84fa94-04c1-424b-9868-57a2d4851a1d" relativeResultsDirectory="76e9498b-7b90-4b07-91e3-fc2e9e225d44" />
    <UnitTestResult executionId="73c15b5a-c638-41df-9cda-a77f1229a152" testId="ad2e6f77-2ae3-4682-28c1-677f96916d9e" testName="SearchingForHumans_ShouldReturnOnlyHumans_WhenThereAreMultipleClassesDetected" computerName="DKSR-EFI-04" duration="00:00:00.0044162" startTime="2023-12-22T09:36:33.4134262+01:00" endTime="2023-12-22T09:36:33.4290538+01:00" testType="13cdc9d9-ddb5-4fa4-a97d-d965ccfc6d4b" outcome="Passed" testListId="8c84fa94-04c1-424b-9868-57a2d4851a1d" relativeResultsDirectory="73c15b5a-c638-41df-9cda-a77f1229a152" />
    <UnitTestResult executionId="4ff1c050-c994-4157-a659-478ab43240cf" testId="f2977152-27e1-99c2-0ed4-b1108eb41ea8" testName="GetFilterValues_ShouldReturnSelectedValues_WhenValueIsValid" computerName="DKSR-EFI-04" duration="00:00:00.0584597" startTime="2023-12-22T09:35:36.1787505+01:00" endTime="2023-12-22T09:35:36.2256269+01:00" testType="13cdc9d9-ddb5-4fa4-a97d-d965ccfc6d4b" outcome="Passed" testListId="8c84fa94-04c1-424b-9868-57a2d4851a1d" relativeResultsDirectory="4ff1c050-c994-4157-a659-478ab43240cf" />
    <UnitTestResult executionId="67fc8009-16a7-4194-9f7c-9c8b4c2108e2" testId="d39aff74-8c42-bf59-caa2-c3772e0bdee4" testName="TryParseColor_ShouldReturn_CorrectResult (blue,True)" computerName="DKSR-EFI-04" duration="00:00:00.0031998" startTime="2023-12-22T09:35:39.8037679+01:00" endTime="2023-12-22T09:35:39.8037679+01:00" testType="13cdc9d9-ddb5-4fa4-a97d-d965ccfc6d4b" outcome="Passed" testListId="8c84fa94-04c1-424b-9868-57a2d4851a1d" relativeResultsDirectory="67fc8009-16a7-4194-9f7c-9c8b4c2108e2" />
    <UnitTestResult executionId="9d930ec8-11f9-45f5-9c08-11f8c11d2cda" testId="2b8047c1-d301-a5ca-65e6-92f6b8de82c4" testName="GetFrames_ShouldReturnFramesInTheSpecifiedTimeRange (True)" computerName="DKSR-EFI-04" duration="00:00:01.8923398" startTime="2023-12-22T09:35:40.0068948+01:00" endTime="2023-12-22T09:35:41.8975309+01:00" testType="13cdc9d9-ddb5-4fa4-a97d-d965ccfc6d4b" outcome="Passed" testListId="8c84fa94-04c1-424b-9868-57a2d4851a1d" relativeResultsDirectory="9d930ec8-11f9-45f5-9c08-11f8c11d2cda" />
    <UnitTestResult executionId="b3d2892e-4bca-46e0-9367-b3358303b749" testId="6d4fd784-147c-7b7e-6b2f-ce54d2eb99eb" testName="IsMatch_ShouldReturnTrue_WhenAnyOfTheValuesAreValidNumber" computerName="DKSR-EFI-04" duration="00:00:00.0013999" startTime="2023-12-22T09:35:39.5537677+01:00" endTime="2023-12-22T09:35:39.5537677+01:00" testType="13cdc9d9-ddb5-4fa4-a97d-d965ccfc6d4b" outcome="Passed" testListId="8c84fa94-04c1-424b-9868-57a2d4851a1d" relativeResultsDirectory="b3d2892e-4bca-46e0-9367-b3358303b749" />
    <UnitTestResult executionId="9de7abd8-7dc5-48a0-8284-66aa73b1c3c0" testId="6ec1a2c8-6831-bb68-1dd4-6d5d9dedc3a6" testName="TryParseColor_ShouldReturn_CorrectResult (Red,True)" computerName="DKSR-EFI-04" duration="00:00:00.0000593" startTime="2023-12-22T09:35:39.8037679+01:00" endTime="2023-12-22T09:35:39.8037679+01:00" testType="13cdc9d9-ddb5-4fa4-a97d-d965ccfc6d4b" outcome="Passed" testListId="8c84fa94-04c1-424b-9868-57a2d4851a1d" relativeResultsDirectory="9de7abd8-7dc5-48a0-8284-66aa73b1c3c0" />
    <UnitTestResult executionId="bf61364b-7104-41c2-b8e9-c991747d46a6" testId="c49530c6-fd33-8c08-4d62-78ab11b3b62d" testName="IsEmpty_ShouldReturnFalse_WhenSearchingWithDefaults (0,10,1,10)" computerName="DKSR-EFI-04" duration="00:00:00.0002605" startTime="2023-12-22T09:35:36.6318760+01:00" endTime="2023-12-22T09:35:36.6318760+01:00" testType="13cdc9d9-ddb5-4fa4-a97d-d965ccfc6d4b" outcome="Passed" testListId="8c84fa94-04c1-424b-9868-57a2d4851a1d" relativeResultsDirectory="bf61364b-7104-41c2-b8e9-c991747d46a6" />
    <UnitTestResult executionId="7ae0d035-0a88-472d-acaf-ecd583cac205" testId="7325018e-56fb-f385-2d1a-ff4306c3d376" testName="InvalidateLatitude_ShouldTurnInvalidToFalse_WhenCalledOnValidValue" computerName="DKSR-EFI-04" duration="00:00:00.0008217" startTime="2023-12-22T09:35:36.5850017+01:00" endTime="2023-12-22T09:35:36.5850017+01:00" testType="13cdc9d9-ddb5-4fa4-a97d-d965ccfc6d4b" outcome="Passed" testListId="8c84fa94-04c1-424b-9868-57a2d4851a1d" relativeResultsDirectory="7ae0d035-0a88-472d-acaf-ecd583cac205" />
    <UnitTestResult executionId="a8e1313f-59ec-414b-81e1-38653f648931" testId="f839b0cd-3a0c-4f3b-f356-c2c389932835" testName="GetValue_ShouldThrowException_WhenCalledWithUnknownId" computerName="DKSR-EFI-04" duration="00:00:00.0009777" startTime="2023-12-22T09:36:33.6321815+01:00" endTime="2023-12-22T09:36:33.6321815+01:00" testType="13cdc9d9-ddb5-4fa4-a97d-d965ccfc6d4b" outcome="Passed" testListId="8c84fa94-04c1-424b-9868-57a2d4851a1d" relativeResultsDirectory="a8e1313f-59ec-414b-81e1-38653f648931" />
    <UnitTestResult executionId="24778397-6a93-4721-99e3-33f2244bc74f" testId="9dffeaf5-3c04-9b65-28b8-eebb297c98d7" testName="GetSearchPredicate_ShouldCallFactoryWithValueFromValueProvider" computerName="DKSR-EFI-04" duration="00:00:00.0232285" startTime="2023-12-22T09:35:36.7725044+01:00" endTime="2023-12-22T09:35:36.8037528+01:00" testType="13cdc9d9-ddb5-4fa4-a97d-d965ccfc6d4b" outcome="Passed" testListId="8c84fa94-04c1-424b-9868-57a2d4851a1d" relativeResultsDirectory="24778397-6a93-4721-99e3-33f2244bc74f" />
    <UnitTestResult executionId="1c298a92-2765-45e9-be3d-02fe69209b96" testId="ba0f9304-7ca7-2370-1639-f2cf0cd868b8" testName="GetBoundingShapesAsync_ShouldUseBoundingBox_WhenGivenFrameObjectWithOnlyBoundingBox" computerName="DKSR-EFI-04" duration="00:00:00.0130569" startTime="2023-12-22T09:35:39.3193908+01:00" endTime="2023-12-22T09:35:39.3350193+01:00" testType="13cdc9d9-ddb5-4fa4-a97d-d965ccfc6d4b" outcome="Passed" testListId="8c84fa94-04c1-424b-9868-57a2d4851a1d" relativeResultsDirectory="1c298a92-2765-45e9-be3d-02fe69209b96" />
    <UnitTestResult executionId="9cdc4cec-fb2c-45c5-bef6-6e8d7891c78c" testId="02f53f5d-cdf9-1de7-3874-5dd51d152c85" testName="GetBoundingShapesAsync_ShouldReturnNull_WhenGivenFrameObjectWithNoBoundingShapes" computerName="DKSR-EFI-04" duration="00:00:00.0033294" startTime="2023-12-22T09:35:39.3350193+01:00" endTime="2023-12-22T09:35:39.3350193+01:00" testType="13cdc9d9-ddb5-4fa4-a97d-d965ccfc6d4b" outcome="Passed" testListId="8c84fa94-04c1-424b-9868-57a2d4851a1d" relativeResultsDirectory="9cdc4cec-fb2c-45c5-bef6-6e8d7891c78c" />
    <UnitTestResult executionId="9fb141f8-31fc-4b11-8b5e-29c33c54324c" testId="666e6c5a-d69b-6714-d634-2a3c90ca8e96" testName="IsMatch_ShouldReturnTrue_WhenAllPredicatesAreMatched" computerName="DKSR-EFI-04" duration="00:00:00.0024888" startTime="2023-12-22T09:35:39.6945660+01:00" endTime="2023-12-22T09:35:39.6945660+01:00" testType="13cdc9d9-ddb5-4fa4-a97d-d965ccfc6d4b" outcome="Passed" testListId="8c84fa94-04c1-424b-9868-57a2d4851a1d" relativeResultsDirectory="9fb141f8-31fc-4b11-8b5e-29c33c54324c" />
    <UnitTestResult executionId="cca487cb-b333-43c3-83c1-da641ce0fcb5" testId="93ea16db-974c-28e1-088c-a5dbcd9e57e6" testName="GetValue_ShouldReturnAValue_WhenCalledWithKnownCategoryIds (7c4765c6-bd67-45a1-9e0b-84313207379c)" computerName="DKSR-EFI-04" duration="00:00:00.0003578" startTime="2023-12-22T09:36:33.6321815+01:00" endTime="2023-12-22T09:36:33.6321815+01:00" testType="13cdc9d9-ddb5-4fa4-a97d-d965ccfc6d4b" outcome="Passed" testListId="8c84fa94-04c1-424b-9868-57a2d4851a1d" relativeResultsDirectory="cca487cb-b333-43c3-83c1-da641ce0fcb5" />
    <UnitTestResult executionId="2d037be4-71fd-4087-a749-b61b78db2d33" testId="789286e0-4787-dac5-b9f7-2ee7d3b6df7f" testName="IsEmpty_ShouldReturnBase_WhenSearchingWithoutDefaults (0,10,0,10,True)" computerName="DKSR-EFI-04" duration="00:00:00.0013432" startTime="2023-12-22T09:35:36.6318760+01:00" endTime="2023-12-22T09:35:36.6318760+01:00" testType="13cdc9d9-ddb5-4fa4-a97d-d965ccfc6d4b" outcome="Passed" testListId="8c84fa94-04c1-424b-9868-57a2d4851a1d" relativeResultsDirectory="2d037be4-71fd-4087-a749-b61b78db2d33" />
    <UnitTestResult executionId="c591b96e-c3be-4b94-940c-3583d0d3a5ea" testId="1b003f1d-3402-4d19-d525-b44547391f1a" testName="GetSearchPredicate_ShouldReturnPredicateFromFactory" computerName="DKSR-EFI-04" duration="00:00:00.0151820" startTime="2023-12-22T09:35:36.7256289+01:00" endTime="2023-12-22T09:35:36.7412512+01:00" testType="13cdc9d9-ddb5-4fa4-a97d-d965ccfc6d4b" outcome="Passed" testListId="8c84fa94-04c1-424b-9868-57a2d4851a1d" relativeResultsDirectory="c591b96e-c3be-4b94-940c-3583d0d3a5ea" />
    <UnitTestResult executionId="ac2de083-967f-4321-8fa8-45b827e8f8e3" testId="f9ad3391-df48-f95d-f3f7-6ee8131f3855" testName="StartTime_ShouldBeTheTimeStampOfFirstObject" computerName="DKSR-EFI-04" duration="00:00:00.0009821" startTime="2023-12-22T09:35:48.8038161+01:00" endTime="2023-12-22T09:35:48.8038161+01:00" testType="13cdc9d9-ddb5-4fa4-a97d-d965ccfc6d4b" outcome="Passed" testListId="8c84fa94-04c1-424b-9868-57a2d4851a1d" relativeResultsDirectory="ac2de083-967f-4321-8fa8-45b827e8f8e3" />
    <UnitTestResult executionId="a9d0d3d6-eaf0-435e-ae9f-73810eb02079" testId="049fecbe-b74a-80f6-43d3-60a266b9c40e" testName="CreateAgents_ShouldReturnAllAgents_WhenAllAreEnabled" computerName="DKSR-EFI-04" duration="00:00:00.0423138" startTime="2023-12-22T09:35:39.9287706+01:00" endTime="2023-12-22T09:35:39.9600217+01:00" testType="13cdc9d9-ddb5-4fa4-a97d-d965ccfc6d4b" outcome="Passed" testListId="8c84fa94-04c1-424b-9868-57a2d4851a1d" relativeResultsDirectory="a9d0d3d6-eaf0-435e-ae9f-73810eb02079" />
    <UnitTestResult executionId="569cc54c-aff4-4d98-b685-9974321d37fc" testId="305d7ad1-754b-b20e-e365-f6184e1cc97e" testName="Constructors_ShouldNotAllowInjectionOfNulls" computerName="DKSR-EFI-04" duration="00:00:00.0033470" startTime="2023-12-22T09:36:33.4603054+01:00" endTime="2023-12-22T09:36:33.4603054+01:00" testType="13cdc9d9-ddb5-4fa4-a97d-d965ccfc6d4b" outcome="Passed" testListId="8c84fa94-04c1-424b-9868-57a2d4851a1d" relativeResultsDirectory="569cc54c-aff4-4d98-b685-9974321d37fc" />
    <UnitTestResult executionId="52d64703-366c-46ec-ba93-bcc0c85e3ec6" testId="39802328-f556-6b54-5599-280cc970a40a" testName="Reset_ShouldTurnAllValuesToZero" computerName="DKSR-EFI-04" duration="00:00:00.0007072" startTime="2023-12-22T09:35:36.6006262+01:00" endTime="2023-12-22T09:35:36.6006262+01:00" testType="13cdc9d9-ddb5-4fa4-a97d-d965ccfc6d4b" outcome="Passed" testListId="8c84fa94-04c1-424b-9868-57a2d4851a1d" relativeResultsDirectory="52d64703-366c-46ec-ba93-bcc0c85e3ec6" />
    <UnitTestResult executionId="5eda3a66-f797-4cab-9017-36724a567d93" testId="d511afe6-6d49-375f-49ca-80d7ddc44f44" testName="IsValid_ShouldBeFalse_WhenCreated" computerName="DKSR-EFI-04" duration="00:00:00.0002551" startTime="2023-12-22T09:35:36.5850017+01:00" endTime="2023-12-22T09:35:36.5850017+01:00" testType="13cdc9d9-ddb5-4fa4-a97d-d965ccfc6d4b" outcome="Passed" testListId="8c84fa94-04c1-424b-9868-57a2d4851a1d" relativeResultsDirectory="5eda3a66-f797-4cab-9017-36724a567d93" />
    <UnitTestResult executionId="1b5a5e60-bcbd-4522-bc9d-266af68d7fab" testId="37587483-e18a-a534-2d93-a854d07444cf" testName="IsEmpty_ShouldReturnBase_WhenSearchingWithoutDefaults (0,10,0,9,False)" computerName="DKSR-EFI-04" duration="00:00:00.0002441" startTime="2023-12-22T09:35:36.6475011+01:00" endTime="2023-12-22T09:35:36.6475011+01:00" testType="13cdc9d9-ddb5-4fa4-a97d-d965ccfc6d4b" outcome="Passed" testListId="8c84fa94-04c1-424b-9868-57a2d4851a1d" relativeResultsDirectory="1b5a5e60-bcbd-4522-bc9d-266af68d7fab" />
    <UnitTestResult executionId="0033782c-49a6-4c19-95ab-6bbeb78c86dd" testId="9d6481ea-4f00-a1b9-12b6-4537a285077c" testName="Constructors_ShouldNotAllowInjectionOfNulls" computerName="DKSR-EFI-04" duration="00:00:00.0072232" startTime="2023-12-22T09:36:33.5853022+01:00" endTime="2023-12-22T09:36:33.5853022+01:00" testType="13cdc9d9-ddb5-4fa4-a97d-d965ccfc6d4b" outcome="Passed" testListId="8c84fa94-04c1-424b-9868-57a2d4851a1d" relativeResultsDirectory="0033782c-49a6-4c19-95ab-6bbeb78c86dd" />
    <UnitTestResult executionId="ad2d02e1-fd67-437f-8137-a85946f42308" testId="7dd1026a-a50b-ddbc-d23f-84539626dc02" testName="IsMatch_ShouldReturnFalse_WhenObjectElementDoNotExists" computerName="DKSR-EFI-04" duration="00:00:00.0013456" startTime="2023-12-22T09:35:39.5850199+01:00" endTime="2023-12-22T09:35:39.5850199+01:00" testType="13cdc9d9-ddb5-4fa4-a97d-d965ccfc6d4b" outcome="Passed" testListId="8c84fa94-04c1-424b-9868-57a2d4851a1d" relativeResultsDirectory="ad2d02e1-fd67-437f-8137-a85946f42308" />
    <UnitTestResult executionId="5660349b-1c8b-46cf-806d-078fa5dc7973" testId="1198cd49-d17f-f7fe-663c-17c2d2fa73bb" testName="FallbackDisplayValue_ShouldReturnStringWithAllTheValues" computerName="DKSR-EFI-04" duration="00:00:00.0046322" startTime="2023-12-22T09:35:36.5693768+01:00" endTime="2023-12-22T09:35:36.5850017+01:00" testType="13cdc9d9-ddb5-4fa4-a97d-d965ccfc6d4b" outcome="Passed" testListId="8c84fa94-04c1-424b-9868-57a2d4851a1d" relativeResultsDirectory="5660349b-1c8b-46cf-806d-078fa5dc7973" />
    <UnitTestResult executionId="3ba045ad-ee4c-4ddb-81e2-5fb484374580" testId="6ee49bb0-e452-61ca-926c-b4a022bb2d2c" testName="SearchingForHumans_ShouldReturnCorrectGroupedSequence" computerName="DKSR-EFI-04" duration="00:00:00.0321153" startTime="2023-12-22T09:36:33.3665539+01:00" endTime="2023-12-22T09:36:33.3978031+01:00" testType="13cdc9d9-ddb5-4fa4-a97d-d965ccfc6d4b" outcome="Passed" testListId="8c84fa94-04c1-424b-9868-57a2d4851a1d" relativeResultsDirectory="3ba045ad-ee4c-4ddb-81e2-5fb484374580" />
    <UnitTestResult executionId="fd787a7b-de7d-4048-af15-3c780f5f69ef" testId="1329d898-9649-815e-5362-7bf6b42f39cd" testName="ObjectCount_ShouldReturnTheNumberOfObjects" computerName="DKSR-EFI-04" duration="00:00:00.0010235" startTime="2023-12-22T09:35:48.8038161+01:00" endTime="2023-12-22T09:35:48.8038161+01:00" testType="13cdc9d9-ddb5-4fa4-a97d-d965ccfc6d4b" outcome="Passed" testListId="8c84fa94-04c1-424b-9868-57a2d4851a1d" relativeResultsDirectory="fd787a7b-de7d-4048-af15-3c780f5f69ef" />
    <UnitTestResult executionId="0d018e2a-a7f2-4b8d-a530-eaa99dd50e40" testId="ad937d21-993c-7f1a-8fa0-80c5eedeab97" testName="IsMatch_ShouldReturnFalse_WhenGivenFrameObjectWithInvalidProperties" computerName="DKSR-EFI-04" duration="00:00:00.0082111" startTime="2023-12-22T09:35:39.6006418+01:00" endTime="2023-12-22T09:35:39.6006418+01:00" testType="13cdc9d9-ddb5-4fa4-a97d-d965ccfc6d4b" outcome="Passed" testListId="8c84fa94-04c1-424b-9868-57a2d4851a1d" relativeResultsDirectory="0d018e2a-a7f2-4b8d-a530-eaa99dd50e40" />
    <UnitTestResult executionId="8954af5f-c0a0-4e73-9c2f-25e314135728" testId="3c71a71a-64e9-0c40-7c68-aae717f8ecc4" testName="Constructors_ShouldNotAllowInjectionOfNulls" computerName="DKSR-EFI-04" duration="00:00:00.0030941" startTime="2023-12-22T09:35:36.9131324+01:00" endTime="2023-12-22T09:35:36.9131324+01:00" testType="13cdc9d9-ddb5-4fa4-a97d-d965ccfc6d4b" outcome="Passed" testListId="8c84fa94-04c1-424b-9868-57a2d4851a1d" relativeResultsDirectory="8954af5f-c0a0-4e73-9c2f-25e314135728" />
    <UnitTestResult executionId="71e29eba-29b2-4bca-85f3-92e868126a1c" testId="50a0983d-6292-84b3-28a0-0abe5c4262ea" testName="CreateGuid_ShouldReturnDifferentGuid_WhenUsingDifferentEndTimeInMilliseconds" computerName="DKSR-EFI-04" duration="00:00:00.0012542" startTime="2023-12-22T09:35:37.5225078+01:00" endTime="2023-12-22T09:35:37.5225078+01:00" testType="13cdc9d9-ddb5-4fa4-a97d-d965ccfc6d4b" outcome="Passed" testListId="8c84fa94-04c1-424b-9868-57a2d4851a1d" relativeResultsDirectory="71e29eba-29b2-4bca-85f3-92e868126a1c" />
    <UnitTestResult executionId="19d2d6f5-7556-407a-9eb9-8da1a6bee94c" testId="fc92dcdb-aa20-edf8-3be9-ce9746fdc4a5" testName="Constructors_ShouldNotAllowInjectionOfNulls" computerName="DKSR-EFI-04" duration="00:00:00.0762042" startTime="2023-12-22T09:35:35.7881303+01:00" endTime="2023-12-22T09:35:35.8662491+01:00" testType="13cdc9d9-ddb5-4fa4-a97d-d965ccfc6d4b" outcome="Passed" testListId="8c84fa94-04c1-424b-9868-57a2d4851a1d" relativeResultsDirectory="19d2d6f5-7556-407a-9eb9-8da1a6bee94c" />
    <UnitTestResult executionId="df208f81-c9ae-4878-9b1a-b7da7358896b" testId="c7bca7c9-5f22-da07-220a-3e48b96be5f4" testName="TryParseColor_ShouldConvertCorrectly_FromYCbCrToRGB (&lt;?xml version=&quot;1.0&quot;?&gt; &lt;tt:Color xmlns:tt=&quot;http://www.onvif.org/ver10/schema&quot; Z = &quot;169&quot; Y = &quot;169&quot; X = &quot;169&quot; Colorspace = &quot;YCbCr&quot; /&gt;,226,125,241)" computerName="DKSR-EFI-04" duration="00:00:00.0017948" startTime="2023-12-22T09:35:39.9131446+01:00" endTime="2023-12-22T09:35:39.9131446+01:00" testType="13cdc9d9-ddb5-4fa4-a97d-d965ccfc6d4b" outcome="Passed" testListId="8c84fa94-04c1-424b-9868-57a2d4851a1d" relativeResultsDirectory="df208f81-c9ae-4878-9b1a-b7da7358896b" />
    <UnitTestResult executionId="69f88b34-3f18-4a42-b1d5-706831aacd71" testId="f4b9b371-0f1d-68d9-e3fb-5bd02fbeac79" testName="EndTime_ShouldBeTheTimeStampOfLastObject" computerName="DKSR-EFI-04" duration="00:00:00.0009288" startTime="2023-12-22T09:35:48.8038161+01:00" endTime="2023-12-22T09:35:48.8038161+01:00" testType="13cdc9d9-ddb5-4fa4-a97d-d965ccfc6d4b" outcome="Passed" testListId="8c84fa94-04c1-424b-9868-57a2d4851a1d" relativeResultsDirectory="69f88b34-3f18-4a42-b1d5-706831aacd71" />
    <UnitTestResult executionId="00a70ffb-5abc-4ab1-bfc0-c2f7bf1b5be1" testId="c68ddbd6-426b-5ffa-ffe4-e499794b6aaa" testName="SearchingForHumans_ShouldReturnNothing_WhenThereAreNoHumans" computerName="DKSR-EFI-04" duration="00:00:00.0056060" startTime="2023-12-22T09:36:33.3978031+01:00" endTime="2023-12-22T09:36:33.4134262+01:00" testType="13cdc9d9-ddb5-4fa4-a97d-d965ccfc6d4b" outcome="Passed" testListId="8c84fa94-04c1-424b-9868-57a2d4851a1d" relativeResultsDirectory="00a70ffb-5abc-4ab1-bfc0-c2f7bf1b5be1" />
    <UnitTestResult executionId="6e3afd3a-1b1e-45c7-9dee-9872e0263a2b" testId="94d54531-3073-4e4a-4bfc-5551f60b5f70" testName="CreateGuid_ShouldReturnDifferentGuid_WhenUsingDifferentDeviceId" computerName="DKSR-EFI-04" duration="00:00:00.0110219" startTime="2023-12-22T09:35:37.4912586+01:00" endTime="2023-12-22T09:35:37.5068805+01:00" testType="13cdc9d9-ddb5-4fa4-a97d-d965ccfc6d4b" outcome="Passed" testListId="8c84fa94-04c1-424b-9868-57a2d4851a1d" relativeResultsDirectory="6e3afd3a-1b1e-45c7-9dee-9872e0263a2b" />
    <UnitTestResult executionId="5173819c-c33c-4572-af7d-f2a7a6a47661" testId="921f7712-02a5-e3f4-e3d7-c54c64e6988d" testName="GetSearchPredicate_ShouldReturnPredicateFromFactory" computerName="DKSR-EFI-04" duration="00:00:00.0051116" startTime="2023-12-22T09:35:36.8193791+01:00" endTime="2023-12-22T09:35:36.8193791+01:00" testType="13cdc9d9-ddb5-4fa4-a97d-d965ccfc6d4b" outcome="Passed" testListId="8c84fa94-04c1-424b-9868-57a2d4851a1d" relativeResultsDirectory="5173819c-c33c-4572-af7d-f2a7a6a47661" />
    <UnitTestResult executionId="d4c3c14f-8f19-41c4-86f5-c53c09eafbcb" testId="a020b393-815a-fe21-c070-1466a8ed63a6" testName="Deserialize_ShouldReturnFalse_WhenInputIsInvalid" computerName="DKSR-EFI-04" duration="00:00:00.0017175" startTime="2023-12-22T09:35:36.5693768+01:00" endTime="2023-12-22T09:35:36.5693768+01:00" testType="13cdc9d9-ddb5-4fa4-a97d-d965ccfc6d4b" outcome="Passed" testListId="8c84fa94-04c1-424b-9868-57a2d4851a1d" relativeResultsDirectory="d4c3c14f-8f19-41c4-86f5-c53c09eafbcb" />
    <UnitTestResult executionId="373942d6-ebfa-492a-9707-7a3b6ca4fc1f" testId="c6db83e7-5e77-1b6b-d1cd-a0dc3dc0562d" testName="IsMatch_ShouldReturnTrue_WhenClassIsMatch" computerName="DKSR-EFI-04" duration="00:00:00.5797969" startTime="2023-12-22T09:35:34.8349916+01:00" endTime="2023-12-22T09:35:35.6318707+01:00" testType="13cdc9d9-ddb5-4fa4-a97d-d965ccfc6d4b" outcome="Passed" testListId="8c84fa94-04c1-424b-9868-57a2d4851a1d" relativeResultsDirectory="373942d6-ebfa-492a-9707-7a3b6ca4fc1f" />
    <UnitTestResult executionId="730fd9a1-0fab-4c30-87cb-d14ab2acde51" testId="bdb7e663-b622-2087-7954-8ebc47f08947" testName="IsEmpty_ShouldReturnTrue_WhenThereAreNoFramesInTheSpecifiedTimeRange (False)" computerName="DKSR-EFI-04" duration="00:00:00.1232300" startTime="2023-12-22T09:35:44.1006653+01:00" endTime="2023-12-22T09:35:44.2256660+01:00" testType="13cdc9d9-ddb5-4fa4-a97d-d965ccfc6d4b" outcome="Passed" testListId="8c84fa94-04c1-424b-9868-57a2d4851a1d" relativeResultsDirectory="730fd9a1-0fab-4c30-87cb-d14ab2acde51" />
    <UnitTestResult executionId="8b6f03dc-98a6-4d24-9766-9dcec6870d4c" testId="5fd39ef6-9234-df81-0f71-277429bc7c32" testName="IsMatch_ShouldReturnFalse_WhenObjectElementHasPartiallyMatchingValue" computerName="DKSR-EFI-04" duration="00:00:00.0017796" startTime="2023-12-22T09:35:39.7412667+01:00" endTime="2023-12-22T09:35:39.7412667+01:00" testType="13cdc9d9-ddb5-4fa4-a97d-d965ccfc6d4b" outcome="Passed" testListId="8c84fa94-04c1-424b-9868-57a2d4851a1d" relativeResultsDirectory="8b6f03dc-98a6-4d24-9766-9dcec6870d4c" />
    <UnitTestResult executionId="423f9ea1-4cae-4492-9afa-38db4d78dfb7" testId="6bf5dd0b-e802-8692-f239-0f93367d3b0f" testName="GetCategorySearchPredicate_ShouldReturnPredicateWithoutRelatedProperties_WhenAllFiltersAreDisabled" computerName="DKSR-EFI-04" duration="00:00:00.0009490" startTime="2023-12-22T09:36:33.4759297+01:00" endTime="2023-12-22T09:36:33.4759297+01:00" testType="13cdc9d9-ddb5-4fa4-a97d-d965ccfc6d4b" outcome="Passed" testListId="8c84fa94-04c1-424b-9868-57a2d4851a1d" relativeResultsDirectory="423f9ea1-4cae-4492-9afa-38db4d78dfb7" />
    <UnitTestResult executionId="0409a50a-0a14-4f4c-a105-f5de05b4d046" testId="c29fcd0e-f083-bd43-f71f-bc203a875a9f" testName="GetFilterValues_ShouldReturnEmptyEnumeration_WhenValueIsEmpty" computerName="DKSR-EFI-04" duration="00:00:00.0008854" startTime="2023-12-22T09:35:36.3506278+01:00" endTime="2023-12-22T09:35:36.3506278+01:00" testType="13cdc9d9-ddb5-4fa4-a97d-d965ccfc6d4b" outcome="Passed" testListId="8c84fa94-04c1-424b-9868-57a2d4851a1d" relativeResultsDirectory="0409a50a-0a14-4f4c-a105-f5de05b4d046" />
    <UnitTestResult executionId="c9f03121-a657-41a9-9c1b-ab849b842d6a" testId="5dd3de1a-edfb-d8fd-bf35-2bfaa455e028" testName="IsMatch_ShouldReturnFalse_WhenObjectElementHasPartiallyMatchingProperty" computerName="DKSR-EFI-04" duration="00:00:00.0014509" startTime="2023-12-22T09:35:39.7725180+01:00" endTime="2023-12-22T09:35:39.7725180+01:00" testType="13cdc9d9-ddb5-4fa4-a97d-d965ccfc6d4b" outcome="Passed" testListId="8c84fa94-04c1-424b-9868-57a2d4851a1d" relativeResultsDirectory="c9f03121-a657-41a9-9c1b-ab849b842d6a" />
    <UnitTestResult executionId="f38f60c1-5ec1-4903-99b2-bb411d1bcd53" testId="ea2e82c5-a347-018b-9a24-a661f3fdcf08" testName="FinalizeRemainingSequences_ShouldReturnAllSequences" computerName="DKSR-EFI-04" duration="00:00:00.0024794" startTime="2023-12-22T09:35:39.3818896+01:00" endTime="2023-12-22T09:35:39.3818896+01:00" testType="13cdc9d9-ddb5-4fa4-a97d-d965ccfc6d4b" outcome="Passed" testListId="8c84fa94-04c1-424b-9868-57a2d4851a1d" relativeResultsDirectory="f38f60c1-5ec1-4903-99b2-bb411d1bcd53" />
    <UnitTestResult executionId="a9019222-cffd-4a41-9167-c1a32e408701" testId="ca147646-4355-af9f-461b-7fc1ef6c9150" testName="DoSearch_ShouldFindPeople_WhenAgePropertyIsPresent" computerName="DKSR-EFI-04" duration="00:00:02.7706853" startTime="2023-12-22T09:36:02.3820126+01:00" endTime="2023-12-22T09:36:05.1476515+01:00" testType="13cdc9d9-ddb5-4fa4-a97d-d965ccfc6d4b" outcome="Passed" testListId="8c84fa94-04c1-424b-9868-57a2d4851a1d" relativeResultsDirectory="a9019222-cffd-4a41-9167-c1a32e408701" />
    <UnitTestResult executionId="d09cb614-6346-4eee-b9bd-eafa4af23260" testId="87cc0ff4-d648-edd4-cbb7-3dc53c271bbb" testName="GetFilterValues_ShouldReturnLowAndHighValuesScaled_WhenScaleIsProvided" computerName="DKSR-EFI-04" duration="00:00:00.0242557" startTime="2023-12-22T09:35:36.1162528+01:00" endTime="2023-12-22T09:35:36.1318737+01:00" testType="13cdc9d9-ddb5-4fa4-a97d-d965ccfc6d4b" outcome="Passed" testListId="8c84fa94-04c1-424b-9868-57a2d4851a1d" relativeResultsDirectory="d09cb614-6346-4eee-b9bd-eafa4af23260" />
    <UnitTestResult executionId="7b36de82-d5be-4a9a-9164-4c0a55287f90" testId="0ab6afe1-8f50-2019-59a3-4ac5c5d9a9e7" testName="TryParseColor_ShouldReturn_CorrectResult (&lt;?xml version=&quot;1.0&quot;?&gt; &lt;tt:Color xmlns:tt=&quot;http://www.onvif.org/ver10/schema&quot; Z = &quot;169&quot; Y = &quot;169&quot; X = &quot;169&quot; Colorspace = &quot;RGB&quot; /&gt;,True)" computerName="DKSR-EFI-04" duration="00:00:00.0299597" startTime="2023-12-22T09:35:39.8350197+01:00" endTime="2023-12-22T09:35:39.8662691+01:00" testType="13cdc9d9-ddb5-4fa4-a97d-d965ccfc6d4b" outcome="Passed" testListId="8c84fa94-04c1-424b-9868-57a2d4851a1d" relativeResultsDirectory="7b36de82-d5be-4a9a-9164-4c0a55287f90" />
    <UnitTestResult executionId="33accc19-1bc7-46df-bc71-859c9f5a50c1" testId="1feeea98-0cc7-d0ba-3efb-f1a2c25d93d9" testName="GetCustomFilters_ShouldReturnEmptyCollection_WhenFiltersAreDisabled" computerName="DKSR-EFI-04" duration="00:00:00.0015953" startTime="2023-12-22T09:36:33.5540507+01:00" endTime="2023-12-22T09:36:33.5540507+01:00" testType="13cdc9d9-ddb5-4fa4-a97d-d965ccfc6d4b" outcome="Passed" testListId="8c84fa94-04c1-424b-9868-57a2d4851a1d" relativeResultsDirectory="33accc19-1bc7-46df-bc71-859c9f5a50c1" />
    <UnitTestResult executionId="06e32943-ce45-444e-8764-a4db2bf8a328" testId="7c8f3ab1-db42-a00e-13a0-5ab0038cf7ca" testName="GetBuiltInPersonFilters_ShouldIncludeGenderAndAge_WhenBothArePresent" computerName="DKSR-EFI-04" duration="00:00:00.0008986" startTime="2023-12-22T09:36:33.5071779+01:00" endTime="2023-12-22T09:36:33.5228030+01:00" testType="13cdc9d9-ddb5-4fa4-a97d-d965ccfc6d4b" outcome="Passed" testListId="8c84fa94-04c1-424b-9868-57a2d4851a1d" relativeResultsDirectory="06e32943-ce45-444e-8764-a4db2bf8a328" />
    <UnitTestResult executionId="075de5a4-89c8-4996-a12d-df956e03b63c" testId="783c61b8-9979-7e4d-dff3-17f24aca21ff" testName="GetSearchPredicate_ShouldCallFactoryWithCorrectPropertyName" computerName="DKSR-EFI-04" duration="00:00:00.0035143" startTime="2023-12-22T09:35:36.9287580+01:00" endTime="2023-12-22T09:35:36.9287580+01:00" testType="13cdc9d9-ddb5-4fa4-a97d-d965ccfc6d4b" outcome="Passed" testListId="8c84fa94-04c1-424b-9868-57a2d4851a1d" relativeResultsDirectory="075de5a4-89c8-4996-a12d-df956e03b63c" />
    <UnitTestResult executionId="16d4c4dc-743f-4dd2-b28b-adaf82d19c5e" testId="64e5d08c-4855-37f0-f6ca-e931b091af78" testName="IsSet_ShouldBeFalse_WhenValueProviderHasNoValues" computerName="DKSR-EFI-04" duration="00:00:00.0025052" startTime="2023-12-22T09:35:36.8193791+01:00" endTime="2023-12-22T09:35:36.8350037+01:00" testType="13cdc9d9-ddb5-4fa4-a97d-d965ccfc6d4b" outcome="Passed" testListId="8c84fa94-04c1-424b-9868-57a2d4851a1d" relativeResultsDirectory="16d4c4dc-743f-4dd2-b28b-adaf82d19c5e" />
    <UnitTestResult executionId="f2ad22b7-1cce-46be-b22e-4a90679e0663" testId="d0dea217-f485-5464-00b4-b2caf40f1cdd" testName="IsSet_ShouldBeTrue_WhenValueIsValid" computerName="DKSR-EFI-04" duration="00:00:00.0027367" startTime="2023-12-22T09:35:36.8350037+01:00" endTime="2023-12-22T09:35:36.8350037+01:00" testType="13cdc9d9-ddb5-4fa4-a97d-d965ccfc6d4b" outcome="Passed" testListId="8c84fa94-04c1-424b-9868-57a2d4851a1d" relativeResultsDirectory="f2ad22b7-1cce-46be-b22e-4a90679e0663" />
    <UnitTestResult executionId="bc429676-88fb-4f83-938d-32711a3f8212" testId="2c8e1508-e46b-f83f-a9ec-af77f3f725ce" testName="IsMatch_ShouldReturnFalse_WhenNoClassNorPropertyIsPresent" computerName="DKSR-EFI-04" duration="00:00:00.0006698" startTime="2023-12-22T09:35:35.7412471+01:00" endTime="2023-12-22T09:35:35.7412471+01:00" testType="13cdc9d9-ddb5-4fa4-a97d-d965ccfc6d4b" outcome="Passed" testListId="8c84fa94-04c1-424b-9868-57a2d4851a1d" relativeResultsDirectory="bc429676-88fb-4f83-938d-32711a3f8212" />
    <UnitTestResult executionId="188e8579-4a9a-480d-b613-c0685793c02c" testId="8b9dd64c-a604-c45d-c8b1-ae6e34fb50fb" testName="ParsingShouldGenerateOnlyOneObject" computerName="DKSR-EFI-04" duration="00:00:00.0012339" startTime="2023-12-22T09:36:33.4603054+01:00" endTime="2023-12-22T09:36:33.4603054+01:00" testType="13cdc9d9-ddb5-4fa4-a97d-d965ccfc6d4b" outcome="Passed" testListId="8c84fa94-04c1-424b-9868-57a2d4851a1d" relativeResultsDirectory="188e8579-4a9a-480d-b613-c0685793c02c" />
    <UnitTestResult executionId="a240fd3b-b145-412d-97c1-13d9818f462c" testId="104b8812-b45f-fec0-59d2-ecf4497b6979" testName="Constructors_ShouldNotAllowInjectionOfNulls" computerName="DKSR-EFI-04" duration="00:00:00.0014062" startTime="2023-12-22T09:35:37.4443824+01:00" endTime="2023-12-22T09:35:37.4600056+01:00" testType="13cdc9d9-ddb5-4fa4-a97d-d965ccfc6d4b" outcome="Passed" testListId="8c84fa94-04c1-424b-9868-57a2d4851a1d" relativeResultsDirectory="a240fd3b-b145-412d-97c1-13d9818f462c" />
    <UnitTestResult executionId="217bee6c-9d55-412f-a610-e3cab8440e7a" testId="80063462-e74f-69b5-ae3f-439fe54d3096" testName="GetSearchPredicate_ShouldCallFactoryWithCorrectPropertyName" computerName="DKSR-EFI-04" duration="00:00:00.0147041" startTime="2023-12-22T09:35:36.8037528+01:00" endTime="2023-12-22T09:35:36.8193791+01:00" testType="13cdc9d9-ddb5-4fa4-a97d-d965ccfc6d4b" outcome="Passed" testListId="8c84fa94-04c1-424b-9868-57a2d4851a1d" relativeResultsDirectory="217bee6c-9d55-412f-a610-e3cab8440e7a" />
    <UnitTestResult executionId="eb847d5d-d962-402a-8ca6-e86ef5930028" testId="e2c22c5f-f9e5-d636-66e8-9b5c5a9cf166" testName="DoSearch_ShouldFindVehicle_WhenColorPropertyIsPresent" computerName="DKSR-EFI-04" duration="00:00:02.4572388" startTime="2023-12-22T09:36:20.9133621+01:00" endTime="2023-12-22T09:36:23.3821263+01:00" testType="13cdc9d9-ddb5-4fa4-a97d-d965ccfc6d4b" outcome="Passed" testListId="8c84fa94-04c1-424b-9868-57a2d4851a1d" relativeResultsDirectory="eb847d5d-d962-402a-8ca6-e86ef5930028" />
    <UnitTestResult executionId="067e25e5-539a-49f5-aeb0-67c467abd2e7" testId="85ac4351-05ae-c462-6fbc-c2a9712dcfbb" testName="IsMatch_ShouldReturnFalse_WhenNoneOfThePredicatesIsMatched" computerName="DKSR-EFI-04" duration="00:00:00.0008181" startTime="2023-12-22T09:35:39.3975162+01:00" endTime="2023-12-22T09:35:39.3975162+01:00" testType="13cdc9d9-ddb5-4fa4-a97d-d965ccfc6d4b" outcome="Passed" testListId="8c84fa94-04c1-424b-9868-57a2d4851a1d" relativeResultsDirectory="067e25e5-539a-49f5-aeb0-67c467abd2e7" />
    <UnitTestResult executionId="37738127-0885-406f-ba12-c9f33f7eb2ad" testId="081f9a08-6053-6399-57df-5083103f0ed1" testName="GetProperty_ShouldReturnValue_WhenPropertyExists (Foo,Bar)" computerName="DKSR-EFI-04" duration="00:00:00.0065924" startTime="2023-12-22T09:35:48.6788149+01:00" endTime="2023-12-22T09:35:48.6944382+01:00" testType="13cdc9d9-ddb5-4fa4-a97d-d965ccfc6d4b" outcome="Passed" testListId="8c84fa94-04c1-424b-9868-57a2d4851a1d" relativeResultsDirectory="37738127-0885-406f-ba12-c9f33f7eb2ad" />
    <UnitTestResult executionId="b3662705-e401-4b37-b0f9-1402a9a5551c" testId="43066919-b5f1-9fa5-bab8-3882b0953a51" testName="Parse_ShouldUseNamespaceDictionaryToLookup_WhenGivenNonEmptyNamespaceCollection (xyz)" computerName="DKSR-EFI-04" duration="00:00:00.0062558" startTime="2023-12-22T09:35:48.7725645+01:00" endTime="2023-12-22T09:35:48.7725645+01:00" testType="13cdc9d9-ddb5-4fa4-a97d-d965ccfc6d4b" outcome="Passed" testListId="8c84fa94-04c1-424b-9868-57a2d4851a1d" relativeResultsDirectory="b3662705-e401-4b37-b0f9-1402a9a5551c" />
    <UnitTestResult executionId="7aea47d0-8ae7-4707-85cf-8973d783fd23" testId="118175ae-7bae-7040-c3f4-c9ec7f8f4e4d" testName="FilterObjects_ShouldReturnGroupedResult_WhenGivenConsecutiveFramesWithObjects" computerName="DKSR-EFI-04" duration="00:00:00.0292903" startTime="2023-12-22T09:35:37.5381322+01:00" endTime="2023-12-22T09:35:37.5693816+01:00" testType="13cdc9d9-ddb5-4fa4-a97d-d965ccfc6d4b" outcome="Passed" testListId="8c84fa94-04c1-424b-9868-57a2d4851a1d" relativeResultsDirectory="7aea47d0-8ae7-4707-85cf-8973d783fd23" />
    <UnitTestResult executionId="da29a86d-7139-4fb3-8b30-4e09204712ef" testId="6e522d0e-7368-12e3-1e06-d55f273f4474" testName="GetFrames_ShouldContinueReturningFrames_WhenParsingThrowsAnException (True)" computerName="DKSR-EFI-04" duration="00:00:00.1522790" startTime="2023-12-22T09:35:44.2412912+01:00" endTime="2023-12-22T09:35:44.3819180+01:00" testType="13cdc9d9-ddb5-4fa4-a97d-d965ccfc6d4b" outcome="Passed" testListId="8c84fa94-04c1-424b-9868-57a2d4851a1d" relativeResultsDirectory="da29a86d-7139-4fb3-8b30-4e09204712ef" />
    <UnitTestResult executionId="2eb005dd-55b6-4bfc-b989-7e4515f7dde3" testId="a9418999-2eed-9cdf-8bb5-11564b28e54f" testName="TryParseColor_ShouldReturn_CorrectResult (&lt;?xml version=&quot;1.0&quot;?&gt; &lt;tt:Color xmlns:tt=&quot;http://www.onvif.org/ver10/schema&quot; Z = &quot;169&quot; Y = &quot;400&quot; X = &quot;169&quot; Colorspace = &quot;YCbCr&quot; /&gt;,False)" computerName="DKSR-EFI-04" duration="00:00:00.0002272" startTime="2023-12-22T09:35:39.8977231+01:00" endTime="2023-12-22T09:35:39.8977231+01:00" testType="13cdc9d9-ddb5-4fa4-a97d-d965ccfc6d4b" outcome="Passed" testListId="8c84fa94-04c1-424b-9868-57a2d4851a1d" relativeResultsDirectory="2eb005dd-55b6-4bfc-b989-7e4515f7dde3" />
    <UnitTestResult executionId="03393589-7200-46d6-bea2-ad813c0f7625" testId="d4442990-a3df-baa3-1e90-cb79c9f1e4b8" testName="IsMatch_ShouldReturnFalse_WhenClassIsNotMatchButPropertiesMatch" computerName="DKSR-EFI-04" duration="00:00:00.0053234" startTime="2023-12-22T09:35:35.7099967+01:00" endTime="2023-12-22T09:35:35.7256219+01:00" testType="13cdc9d9-ddb5-4fa4-a97d-d965ccfc6d4b" outcome="Passed" testListId="8c84fa94-04c1-424b-9868-57a2d4851a1d" relativeResultsDirectory="03393589-7200-46d6-bea2-ad813c0f7625" />
    <UnitTestResult executionId="e05cdafc-42c6-4d70-9b4e-8863e57a4542" testId="6f1935e6-71e3-6bf5-f235-e04c973cfbb6" testName="IsValid_ShouldBeTrue_WhenBothLatitudeAndLongitudeAreSet" computerName="DKSR-EFI-04" duration="00:00:00.0004870" startTime="2023-12-22T09:35:36.5850017+01:00" endTime="2023-12-22T09:35:36.5850017+01:00" testType="13cdc9d9-ddb5-4fa4-a97d-d965ccfc6d4b" outcome="Passed" testListId="8c84fa94-04c1-424b-9868-57a2d4851a1d" relativeResultsDirectory="e05cdafc-42c6-4d70-9b4e-8863e57a4542" />
    <UnitTestResult executionId="f2661c73-910c-4e2c-ab44-3c192b884521" testId="f3a96a40-44b5-892e-469d-980fc130c6ee" testName="GetBuiltInPersonFilters_ShouldIncludeAge_WhenAgeFilterIsVisible" computerName="DKSR-EFI-04" duration="00:00:00.0008525" startTime="2023-12-22T09:36:33.5071779+01:00" endTime="2023-12-22T09:36:33.5071779+01:00" testType="13cdc9d9-ddb5-4fa4-a97d-d965ccfc6d4b" outcome="Passed" testListId="8c84fa94-04c1-424b-9868-57a2d4851a1d" relativeResultsDirectory="f2661c73-910c-4e2c-ab44-3c192b884521" />
    <UnitTestResult executionId="2d5afd9c-f0a2-414b-944f-307595559cf2" testId="9a625620-1442-cae3-01b8-69e7f94fe29f" testName="IsMatch_ShouldReturnFalse_WhenProvidedPredicateSetIsEmpty" computerName="DKSR-EFI-04" duration="00:00:00.0005835" startTime="2023-12-22T09:35:39.3975162+01:00" endTime="2023-12-22T09:35:39.3975162+01:00" testType="13cdc9d9-ddb5-4fa4-a97d-d965ccfc6d4b" outcome="Passed" testListId="8c84fa94-04c1-424b-9868-57a2d4851a1d" relativeResultsDirectory="2d5afd9c-f0a2-414b-944f-307595559cf2" />
    <UnitTestResult executionId="a8a4fb38-7e9b-4b12-9a27-f32e5799a022" testId="fd38c7b1-c83c-db8b-eabd-1021787b943a" testName="ProcessNewFrame_ShouldGroupObjectsAsSequence" computerName="DKSR-EFI-04" duration="00:00:00.0022609" startTime="2023-12-22T09:35:39.3818896+01:00" endTime="2023-12-22T09:35:39.3818896+01:00" testType="13cdc9d9-ddb5-4fa4-a97d-d965ccfc6d4b" outcome="Passed" testListId="8c84fa94-04c1-424b-9868-57a2d4851a1d" relativeResultsDirectory="a8a4fb38-7e9b-4b12-9a27-f32e5799a022" />
    <UnitTestResult executionId="bfa53bb2-1806-4045-8ed4-905d548665fd" testId="49098cf6-4b99-a929-7a99-e90252e62938" testName="IsMatch_ShouldReturnFalse_WhenNoneOfTheObjectsMatchThePredicate" computerName="DKSR-EFI-04" duration="00:00:00.0022460" startTime="2023-12-22T09:35:48.7881891+01:00" endTime="2023-12-22T09:35:48.7881891+01:00" testType="13cdc9d9-ddb5-4fa4-a97d-d965ccfc6d4b" outcome="Passed" testListId="8c84fa94-04c1-424b-9868-57a2d4851a1d" relativeResultsDirectory="bfa53bb2-1806-4045-8ed4-905d548665fd" />
    <UnitTestResult executionId="fe2749da-fe52-43b5-b1de-161dfc31adfa" testId="f394434a-220f-bf7d-5d5b-299ea39adc6a" testName="Constructors_ShouldNotAllowInjectionOfNulls" computerName="DKSR-EFI-04" duration="00:00:00.0017829" startTime="2023-12-22T09:35:48.7725645+01:00" endTime="2023-12-22T09:35:48.7881891+01:00" testType="13cdc9d9-ddb5-4fa4-a97d-d965ccfc6d4b" outcome="Passed" testListId="8c84fa94-04c1-424b-9868-57a2d4851a1d" relativeResultsDirectory="fe2749da-fe52-43b5-b1de-161dfc31adfa" />
    <UnitTestResult executionId="98e1cf5a-e828-4d9c-9cf1-33e66143873b" testId="3b462b8a-5d11-83b0-229a-e2949d34ba78" testName="ResetValue_ShouldSet_ConfigurationValues" computerName="DKSR-EFI-04" duration="00:00:00.0018941" startTime="2023-12-22T09:35:36.6162506+01:00" endTime="2023-12-22T09:35:36.6162506+01:00" testType="13cdc9d9-ddb5-4fa4-a97d-d965ccfc6d4b" outcome="Passed" testListId="8c84fa94-04c1-424b-9868-57a2d4851a1d" relativeResultsDirectory="98e1cf5a-e828-4d9c-9cf1-33e66143873b" />
    <UnitTestResult executionId="a836f8c2-7779-4576-8dbd-21103c245d74" testId="f10901f3-9edb-d90f-86a4-6970680289f4" testName="TryParseColor_ShouldReturn_CorrectResult (&lt;?xml version=&quot;1.0&quot;?&gt; &lt;tt:Color xmlns:tt=&quot;http://www.onvif.org/ver10/schema&quot; Z = &quot;169&quot; Y = &quot;169&quot; X = &quot;400&quot; Colorspace = &quot;RGB&quot; /&gt;,False)" computerName="DKSR-EFI-04" duration="00:00:00.0002406" startTime="2023-12-22T09:35:39.8818979+01:00" endTime="2023-12-22T09:35:39.8818979+01:00" testType="13cdc9d9-ddb5-4fa4-a97d-d965ccfc6d4b" outcome="Passed" testListId="8c84fa94-04c1-424b-9868-57a2d4851a1d" relativeResultsDirectory="a836f8c2-7779-4576-8dbd-21103c245d74" />
    <UnitTestResult executionId="125c63f5-5d23-4fb8-ba39-f04900ca4186" testId="1f38bd57-035e-1e74-9518-5bce9e6a0126" testName="TryParseColor_ShouldReturn_CorrectResult (&lt;?xml version=&quot;1.0&quot;?&gt; &lt;tt:Color xmlns:tt=&quot;http://www.onvif.org/ver10/schema&quot; Z = &quot;169&quot; Y = &quot;169&quot; X = &quot;169&quot; Colorspace = &quot;SomeRandomColorSpace&quot; /&gt;,False)" computerName="DKSR-EFI-04" duration="00:00:00.0001432" startTime="2023-12-22T09:35:39.9131446+01:00" endTime="2023-12-22T09:35:39.9131446+01:00" testType="13cdc9d9-ddb5-4fa4-a97d-d965ccfc6d4b" outcome="Passed" testListId="8c84fa94-04c1-424b-9868-57a2d4851a1d" relativeResultsDirectory="125c63f5-5d23-4fb8-ba39-f04900ca4186" />
    <UnitTestResult executionId="216d3efb-6503-4271-9b18-43a72cd8f0bf" testId="6bd8ce04-325e-7279-fc5b-efad87b87bbc" testName="GetValue_ShouldThrowException_WhenCalledWithUnknownId" computerName="DKSR-EFI-04" duration="00:00:00.0008937" startTime="2023-12-22T09:36:33.6478059+01:00" endTime="2023-12-22T09:36:33.6478059+01:00" testType="13cdc9d9-ddb5-4fa4-a97d-d965ccfc6d4b" outcome="Passed" testListId="8c84fa94-04c1-424b-9868-57a2d4851a1d" relativeResultsDirectory="216d3efb-6503-4271-9b18-43a72cd8f0bf" />
    <UnitTestResult executionId="d884b189-f680-4621-bd61-6982c6260e30" testId="476dbf68-b3f3-1c60-c1c7-02ae7be3f88c" testName="Constructors_ShouldNotAllowInjectionOfNulls" computerName="DKSR-EFI-04" duration="00:00:00.2714209" startTime="2023-12-22T09:35:34.1006152+01:00" endTime="2023-12-22T09:35:34.7724929+01:00" testType="13cdc9d9-ddb5-4fa4-a97d-d965ccfc6d4b" outcome="Passed" testListId="8c84fa94-04c1-424b-9868-57a2d4851a1d" relativeResultsDirectory="d884b189-f680-4621-bd61-6982c6260e30" />
    <UnitTestResult executionId="c8bb6661-0433-4471-a310-6dbb6757b26a" testId="3a791062-b0f7-227a-0df0-e0cbc8866366" testName="DoSearch_ShouldReturnAllSearchResults_WhenGivenItemWithMultipleDataStreams (System.Int32[])" computerName="DKSR-EFI-04" duration="00:00:00.0101310" startTime="2023-12-22T09:35:37.3975068+01:00" endTime="2023-12-22T09:35:37.4131291+01:00" testType="13cdc9d9-ddb5-4fa4-a97d-d965ccfc6d4b" outcome="Passed" testListId="8c84fa94-04c1-424b-9868-57a2d4851a1d" relativeResultsDirectory="c8bb6661-0433-4471-a310-6dbb6757b26a" />
    <UnitTestResult executionId="a12b9b3f-6420-42fc-aaed-f9c6e87120af" testId="6ba255de-dbf0-eb3f-02fb-2c64c42b1682" testName="GetValue_ShouldReturnAValue_WhenCalledWithKnownVehicleTypeIds (ff222f02-f1af-4dcb-b93b-272e36ed4050)" computerName="DKSR-EFI-04" duration="00:00:00.0000110" startTime="2023-12-22T09:36:33.6009311+01:00" endTime="2023-12-22T09:36:33.6009311+01:00" testType="13cdc9d9-ddb5-4fa4-a97d-d965ccfc6d4b" outcome="Passed" testListId="8c84fa94-04c1-424b-9868-57a2d4851a1d" relativeResultsDirectory="a12b9b3f-6420-42fc-aaed-f9c6e87120af" />
    <UnitTestResult executionId="52d01ca3-896d-4b4e-82dc-179f40819845" testId="a8544f70-e74c-4651-b3a5-938eee84946c" testName="Constructors_ShouldNotAllowInjectionOfNulls" computerName="DKSR-EFI-04" duration="00:00:00.0016334" startTime="2023-12-22T09:36:33.5540507+01:00" endTime="2023-12-22T09:36:33.5696808+01:00" testType="13cdc9d9-ddb5-4fa4-a97d-d965ccfc6d4b" outcome="Passed" testListId="8c84fa94-04c1-424b-9868-57a2d4851a1d" relativeResultsDirectory="52d01ca3-896d-4b4e-82dc-179f40819845" />
    <UnitTestResult executionId="0a10ecfc-0d6a-4d6d-843b-bea8761e4fdc" testId="4c871f69-a914-b0d2-8d33-43029baf7204" testName="GetBoundingBox_ShouldClipBoundingShape_WhenGivenCoordinatesThatFallOutsideRange (0.73,0,0.14,0.75)" computerName="DKSR-EFI-04" duration="00:00:00.0011153" startTime="2023-12-22T09:35:37.1162571+01:00" endTime="2023-12-22T09:35:37.1162571+01:00" testType="13cdc9d9-ddb5-4fa4-a97d-d965ccfc6d4b" outcome="Passed" testListId="8c84fa94-04c1-424b-9868-57a2d4851a1d" relativeResultsDirectory="0a10ecfc-0d6a-4d6d-843b-bea8761e4fdc" />
    <UnitTestResult executionId="13182e8d-1870-4830-9177-9bd1e467e430" testId="ff22b8bc-5bd3-865e-7cf1-849b0fbeafa6" testName="FilterObjects_ShouldReturnTwoSequences_WhenObjectIdDisappearsFromFrameAndAppearsAgain" computerName="DKSR-EFI-04" duration="00:00:00.0041374" startTime="2023-12-22T09:35:37.5693816+01:00" endTime="2023-12-22T09:35:37.5850067+01:00" testType="13cdc9d9-ddb5-4fa4-a97d-d965ccfc6d4b" outcome="Passed" testListId="8c84fa94-04c1-424b-9868-57a2d4851a1d" relativeResultsDirectory="13182e8d-1870-4830-9177-9bd1e467e430" />
    <UnitTestResult executionId="9bbe0d67-38cd-49f5-829c-192f00744070" testId="cf4dde5a-6cbd-8ba1-e980-ad5342d492f2" testName="IsMatch_ShouldReturnFalse_WhenNoneOfTheValuesAreValidNumber" computerName="DKSR-EFI-04" duration="00:00:00.0013717" startTime="2023-12-22T09:35:39.5693959+01:00" endTime="2023-12-22T09:35:39.5693959+01:00" testType="13cdc9d9-ddb5-4fa4-a97d-d965ccfc6d4b" outcome="Passed" testListId="8c84fa94-04c1-424b-9868-57a2d4851a1d" relativeResultsDirectory="9bbe0d67-38cd-49f5-829c-192f00744070" />
    <UnitTestResult executionId="176ec5f5-cf31-4117-99a3-dea5f8832639" testId="eac2e640-9ce9-7c4d-f7fa-c93756d8fd21" testName="IsMatch_ShouldReturnFalse_WhenObjectIsNull" computerName="DKSR-EFI-04" duration="00:00:00.0018451" startTime="2023-12-22T09:35:39.5225169+01:00" endTime="2023-12-22T09:35:39.5225169+01:00" testType="13cdc9d9-ddb5-4fa4-a97d-d965ccfc6d4b" outcome="Passed" testListId="8c84fa94-04c1-424b-9868-57a2d4851a1d" relativeResultsDirectory="176ec5f5-cf31-4117-99a3-dea5f8832639" />
    <UnitTestResult executionId="7f0abce5-f573-4280-b3f2-ee979568dc8b" testId="9edf38d2-10df-1285-f1e9-196bcd9988f8" testName="Constructors_ShouldNotAllowInjectionOfNulls" computerName="DKSR-EFI-04" duration="00:00:00.0016510" startTime="2023-12-22T09:35:37.5381322+01:00" endTime="2023-12-22T09:35:37.5381322+01:00" testType="13cdc9d9-ddb5-4fa4-a97d-d965ccfc6d4b" outcome="Passed" testListId="8c84fa94-04c1-424b-9868-57a2d4851a1d" relativeResultsDirectory="7f0abce5-f573-4280-b3f2-ee979568dc8b" />
    <UnitTestResult executionId="cb3000f4-8114-44f4-bc7d-0b95aba2af22" testId="5fdf73d2-a6c3-1d96-993b-9adde6849458" testName="Constructors_ShouldNotAllowInjectionOfNulls" computerName="DKSR-EFI-04" duration="00:00:00.0057820" startTime="2023-12-22T09:35:39.3975162+01:00" endTime="2023-12-22T09:35:39.4131405+01:00" testType="13cdc9d9-ddb5-4fa4-a97d-d965ccfc6d4b" outcome="Passed" testListId="8c84fa94-04c1-424b-9868-57a2d4851a1d" relativeResultsDirectory="cb3000f4-8114-44f4-bc7d-0b95aba2af22" />
    <UnitTestResult executionId="128f12dd-a0d3-4171-baf9-e67b8d041cdf" testId="d003ebe1-0b55-00f6-3259-6dd8c0c81c36" testName="GetValue_ShouldReturnAValue_WhenCalledWithKnownFilterIds (59fe8653-4335-497b-8bf2-490867dd6973)" computerName="DKSR-EFI-04" duration="00:00:00.0002644" startTime="2023-12-22T09:36:33.6165541+01:00" endTime="2023-12-22T09:36:33.6165541+01:00" testType="13cdc9d9-ddb5-4fa4-a97d-d965ccfc6d4b" outcome="Passed" testListId="8c84fa94-04c1-424b-9868-57a2d4851a1d" relativeResultsDirectory="128f12dd-a0d3-4171-baf9-e67b8d041cdf" />
    <UnitTestResult executionId="9a36122f-0f82-4b61-a32b-d3596abb872f" testId="08b1bf9e-be72-ae61-10ac-a223a01bc21f" testName="ProcessNewFrame_ShouldReturnSequences_WhenObjectNotSeenOnLastFrame" computerName="DKSR-EFI-04" duration="00:00:00.0028892" startTime="2023-12-22T09:35:39.3662658+01:00" endTime="2023-12-22T09:35:39.3818896+01:00" testType="13cdc9d9-ddb5-4fa4-a97d-d965ccfc6d4b" outcome="Passed" testListId="8c84fa94-04c1-424b-9868-57a2d4851a1d" relativeResultsDirectory="9a36122f-0f82-4b61-a32b-d3596abb872f" />
    <UnitTestResult executionId="949f68ca-c31d-4b53-8d92-cdc434d8c534" testId="f7aa2147-5554-d3fb-fab3-5dd7cafa21ae" testName="IsMatch_ShouldReturnTrue_WhenProvidedPredicateSetIsEmpty" computerName="DKSR-EFI-04" duration="00:00:00.0005782" startTime="2023-12-22T09:35:39.6787711+01:00" endTime="2023-12-22T09:35:39.6945660+01:00" testType="13cdc9d9-ddb5-4fa4-a97d-d965ccfc6d4b" outcome="Passed" testListId="8c84fa94-04c1-424b-9868-57a2d4851a1d" relativeResultsDirectory="949f68ca-c31d-4b53-8d92-cdc434d8c534" />
    <UnitTestResult executionId="9cfe7a12-bd84-4ffa-bf72-fec15425d6a2" testId="a78aa3f2-532a-6d0f-d478-72348a03be8f" testName="GetCategorySearchPredicate_ShouldReturnPredicateWithoutRelatedProperties_WhenEnabledFilterHasNoRelatedProperties" computerName="DKSR-EFI-04" duration="00:00:00.0009102" startTime="2023-12-22T09:36:33.4759297+01:00" endTime="2023-12-22T09:36:33.4759297+01:00" testType="13cdc9d9-ddb5-4fa4-a97d-d965ccfc6d4b" outcome="Passed" testListId="8c84fa94-04c1-424b-9868-57a2d4851a1d" relativeResultsDirectory="9cfe7a12-bd84-4ffa-bf72-fec15425d6a2" />
    <UnitTestResult executionId="d9912ad2-6a9e-476b-a7bc-99d16e5d1861" testId="72c72434-2456-838e-2559-d67e1d9e9594" testName="IsSet_ShouldBeTrue_WhenValueIsValid" computerName="DKSR-EFI-04" duration="00:00:00.0020884" startTime="2023-12-22T09:35:36.7568759+01:00" endTime="2023-12-22T09:35:36.7568759+01:00" testType="13cdc9d9-ddb5-4fa4-a97d-d965ccfc6d4b" outcome="Passed" testListId="8c84fa94-04c1-424b-9868-57a2d4851a1d" relativeResultsDirectory="d9912ad2-6a9e-476b-a7bc-99d16e5d1861" />
    <UnitTestResult executionId="18d70afc-45b9-4c03-a266-4b3dbe3e9572" testId="1b6fb41b-ddea-df7a-5182-4b37b5fea72f" testName="IsMatch_ShouldReturnTrue_WhenObjectElementHasCorrectValueWithPrefix" computerName="DKSR-EFI-04" duration="00:00:00.0019448" startTime="2023-12-22T09:35:39.7256421+01:00" endTime="2023-12-22T09:35:39.7256421+01:00" testType="13cdc9d9-ddb5-4fa4-a97d-d965ccfc6d4b" outcome="Passed" testListId="8c84fa94-04c1-424b-9868-57a2d4851a1d" relativeResultsDirectory="18d70afc-45b9-4c03-a266-4b3dbe3e9572" />
    <UnitTestResult executionId="01322d33-b9c9-4f63-b528-895bd4d20079" testId="2bd57cff-23ad-c458-936d-f4a1df7f2174" testName="GetBuiltInPersonFilters_ShouldReturnNone_WhenThereAreNoFilters" computerName="DKSR-EFI-04" duration="00:00:00.0006301" startTime="2023-12-22T09:36:33.5071779+01:00" endTime="2023-12-22T09:36:33.5071779+01:00" testType="13cdc9d9-ddb5-4fa4-a97d-d965ccfc6d4b" outcome="Passed" testListId="8c84fa94-04c1-424b-9868-57a2d4851a1d" relativeResultsDirectory="01322d33-b9c9-4f63-b528-895bd4d20079" />
    <UnitTestResult executionId="c4fc141d-3eca-4cbf-a971-32bc0278a10d" testId="b84f0c41-67d3-2b8c-1b37-48680bcaa3f1" testName="LicensePlateShouldBeParsed" computerName="DKSR-EFI-04" duration="00:00:00.0120363" startTime="2023-12-22T09:35:48.7100662+01:00" endTime="2023-12-22T09:35:48.7256910+01:00" testType="13cdc9d9-ddb5-4fa4-a97d-d965ccfc6d4b" outcome="Passed" testListId="8c84fa94-04c1-424b-9868-57a2d4851a1d" relativeResultsDirectory="c4fc141d-3eca-4cbf-a971-32bc0278a10d" />
    <UnitTestResult executionId="2ae1dd49-52d3-4d79-85c4-b893b74330b6" testId="6f37c244-6378-502b-d0e2-1f46ae00798a" testName="IsMatch_ShouldThrowArgumentNullException_WhenGivenNullFrameObject" computerName="DKSR-EFI-04" duration="00:00:00.0031939" startTime="2023-12-22T09:35:39.5850199+01:00" endTime="2023-12-22T09:35:39.5850199+01:00" testType="13cdc9d9-ddb5-4fa4-a97d-d965ccfc6d4b" outcome="Passed" testListId="8c84fa94-04c1-424b-9868-57a2d4851a1d" relativeResultsDirectory="2ae1dd49-52d3-4d79-85c4-b893b74330b6" />
    <UnitTestResult executionId="7800b227-bf17-4138-853b-6c78a46fcae0" testId="26835654-3462-527e-b5f4-c2660674a536" testName="IsMatch_ShouldComparecolorCorrectly_WhenGivenValidPropertyValues (white,white,True)" computerName="DKSR-EFI-04" duration="00:00:00.0011724" startTime="2023-12-22T09:35:39.5068929+01:00" endTime="2023-12-22T09:35:39.5068929+01:00" testType="13cdc9d9-ddb5-4fa4-a97d-d965ccfc6d4b" outcome="Passed" testListId="8c84fa94-04c1-424b-9868-57a2d4851a1d" relativeResultsDirectory="7800b227-bf17-4138-853b-6c78a46fcae0" />
    <UnitTestResult executionId="98514d59-939f-4c81-ae17-af1734fb6ee8" testId="0d1382de-8a3f-49e3-aa2b-30b95d9909dc" testName="GetFilterValues_ShouldReturnEmptyEnumeration_WhenValueIsEmpty" computerName="DKSR-EFI-04" duration="00:00:00.0021500" startTime="2023-12-22T09:35:35.8974984+01:00" endTime="2023-12-22T09:35:35.8974984+01:00" testType="13cdc9d9-ddb5-4fa4-a97d-d965ccfc6d4b" outcome="Passed" testListId="8c84fa94-04c1-424b-9868-57a2d4851a1d" relativeResultsDirectory="98514d59-939f-4c81-ae17-af1734fb6ee8" />
    <UnitTestResult executionId="04d08be7-51f3-45c5-afce-57a182896750" testId="a1b74b0b-009e-e0a3-33bb-93ec2d1ed879" testName="IsMatch_ShouldReturnTrue_WhenObjectElementExists" computerName="DKSR-EFI-04" duration="00:00:00.0020498" startTime="2023-12-22T09:35:39.5693959+01:00" endTime="2023-12-22T09:35:39.5693959+01:00" testType="13cdc9d9-ddb5-4fa4-a97d-d965ccfc6d4b" outcome="Passed" testListId="8c84fa94-04c1-424b-9868-57a2d4851a1d" relativeResultsDirectory="04d08be7-51f3-45c5-afce-57a182896750" />
    <UnitTestResult executionId="d2707031-05e2-4d72-ade8-77e54a477fd5" testId="e3176b8a-be66-d0ad-14ec-c6e732fd4611" testName="GetFilterValues_ShouldReturnEmptyEnumeration_WhenValueIsEmpty" computerName="DKSR-EFI-04" duration="00:00:00.0009604" startTime="2023-12-22T09:35:36.3037518+01:00" endTime="2023-12-22T09:35:36.3193749+01:00" testType="13cdc9d9-ddb5-4fa4-a97d-d965ccfc6d4b" outcome="Passed" testListId="8c84fa94-04c1-424b-9868-57a2d4851a1d" relativeResultsDirectory="d2707031-05e2-4d72-ade8-77e54a477fd5" />
    <UnitTestResult executionId="978bd03d-0a4b-4961-9423-e4767f084464" testId="dd82dfe3-d3c1-ce94-6d6a-ce65289a7e16" testName="GetProperty_ShouldReturnFalse_WhenPropertyDoesNotExist" computerName="DKSR-EFI-04" duration="00:00:00.0018256" startTime="2023-12-22T09:35:48.6788149+01:00" endTime="2023-12-22T09:35:48.6788149+01:00" testType="13cdc9d9-ddb5-4fa4-a97d-d965ccfc6d4b" outcome="Passed" testListId="8c84fa94-04c1-424b-9868-57a2d4851a1d" relativeResultsDirectory="978bd03d-0a4b-4961-9423-e4767f084464" />
    <UnitTestResult executionId="4ba51d17-f176-4897-a3b7-7f942a2c90fc" testId="9c178939-b4e7-f84c-5be2-4463cc337601" testName="IsMatch_ShouldComparecolorCorrectly_WhenGivenValidPropertyValues (white,Red,blue,False)" computerName="DKSR-EFI-04" duration="00:00:00.0703090" startTime="2023-12-22T09:35:39.4287653+01:00" endTime="2023-12-22T09:35:39.4912657+01:00" testType="13cdc9d9-ddb5-4fa4-a97d-d965ccfc6d4b" outcome="Passed" testListId="8c84fa94-04c1-424b-9868-57a2d4851a1d" relativeResultsDirectory="4ba51d17-f176-4897-a3b7-7f942a2c90fc" />
    <UnitTestResult executionId="0d590dd8-ebeb-4e9c-aae0-0973fb5d3d04" testId="a006c8c5-5fc9-d8c0-bf2b-0aa03737e1af" testName="GetValue_ShouldReturnAValue_WhenCalledWithKnownFilterIds (489a1205-5119-40b7-b1ba-c9a3f6dc2e92)" computerName="DKSR-EFI-04" duration="00:00:00.0000072" startTime="2023-12-22T09:36:33.6165541+01:00" endTime="2023-12-22T09:36:33.6165541+01:00" testType="13cdc9d9-ddb5-4fa4-a97d-d965ccfc6d4b" outcome="Passed" testListId="8c84fa94-04c1-424b-9868-57a2d4851a1d" relativeResultsDirectory="0d590dd8-ebeb-4e9c-aae0-0973fb5d3d04" />
    <UnitTestResult executionId="db30335d-ef30-40ba-903e-1fe4f2d43cc0" testId="02e92061-ff27-3ac2-c64c-a7dea7592a97" testName="IsMatch_ShouldComparecolorCorrectly_WhenGivenValidPropertyValues (white,Red,white,True)" computerName="DKSR-EFI-04" duration="00:00:00.0008577" startTime="2023-12-22T09:35:39.4912657+01:00" endTime="2023-12-22T09:35:39.4912657+01:00" testType="13cdc9d9-ddb5-4fa4-a97d-d965ccfc6d4b" outcome="Passed" testListId="8c84fa94-04c1-424b-9868-57a2d4851a1d" relativeResultsDirectory="db30335d-ef30-40ba-903e-1fe4f2d43cc0" />
    <UnitTestResult executionId="44e55f48-5550-4b1a-b308-f80d7df4f9e1" testId="7fb14702-51a2-930f-968e-cf2878154e79" testName="GetClosestBucket_ShouldReturnClosestBucket" computerName="DKSR-EFI-04" duration="00:00:00.0042763" startTime="2023-12-22T09:35:39.7881420+01:00" endTime="2023-12-22T09:35:39.8037679+01:00" testType="13cdc9d9-ddb5-4fa4-a97d-d965ccfc6d4b" outcome="Passed" testListId="8c84fa94-04c1-424b-9868-57a2d4851a1d" relativeResultsDirectory="44e55f48-5550-4b1a-b308-f80d7df4f9e1" />
    <UnitTestResult executionId="7e806f3d-8590-4d02-abd7-1f44add106f1" testId="6465bbca-6052-91bc-2374-2a90ed08534d" testName="Constructors_ShouldNotAllowInjectionOfNulls" computerName="DKSR-EFI-04" duration="00:00:00.0100961" startTime="2023-12-22T09:35:36.7568759+01:00" endTime="2023-12-22T09:35:36.7725044+01:00" testType="13cdc9d9-ddb5-4fa4-a97d-d965ccfc6d4b" outcome="Passed" testListId="8c84fa94-04c1-424b-9868-57a2d4851a1d" relativeResultsDirectory="7e806f3d-8590-4d02-abd7-1f44add106f1" />
    <UnitTestResult executionId="d83e28ab-1107-4bf4-845b-7b8963baabb6" testId="f6772c2d-e583-5311-5f0b-5c7150760516" testName="IsMatch_ShouldReturnFalse_WhenObjectElementHasPropertyLargerThanTheSearch" computerName="DKSR-EFI-04" duration="00:00:00.0014120" startTime="2023-12-22T09:35:39.7725180+01:00" endTime="2023-12-22T09:35:39.7881420+01:00" testType="13cdc9d9-ddb5-4fa4-a97d-d965ccfc6d4b" outcome="Passed" testListId="8c84fa94-04c1-424b-9868-57a2d4851a1d" relativeResultsDirectory="d83e28ab-1107-4bf4-845b-7b8963baabb6" />
    <UnitTestResult executionId="68b447e4-4075-4278-b159-fc2bcc3ab770" testId="f919a662-c6a0-0a13-fdf0-e25b22fd7d03" testName="TryParseColor_ShouldReturn_CorrectResult (#FF00FF,True)" computerName="DKSR-EFI-04" duration="00:00:00.0010529" startTime="2023-12-22T09:35:39.8037679+01:00" endTime="2023-12-22T09:35:39.8037679+01:00" testType="13cdc9d9-ddb5-4fa4-a97d-d965ccfc6d4b" outcome="Passed" testListId="8c84fa94-04c1-424b-9868-57a2d4851a1d" relativeResultsDirectory="68b447e4-4075-4278-b159-fc2bcc3ab770" />
    <UnitTestResult executionId="a4aeaba4-9530-4a4d-8e0a-fb4f07e3453a" testId="c570b34b-e51d-8b89-43e6-8631970d32ae" testName="Parse_ShouldNotFindMetadataFrameObjectProperties_WhenGivenConfigWithInvalidObjectRoot" computerName="DKSR-EFI-04" duration="00:00:00.0013894" startTime="2023-12-22T09:35:48.7569403+01:00" endTime="2023-12-22T09:35:48.7569403+01:00" testType="13cdc9d9-ddb5-4fa4-a97d-d965ccfc6d4b" outcome="Passed" testListId="8c84fa94-04c1-424b-9868-57a2d4851a1d" relativeResultsDirectory="a4aeaba4-9530-4a4d-8e0a-fb4f07e3453a" />
    <UnitTestResult executionId="5a2a8647-9408-4e19-b3b8-844cc49b0990" testId="9adca215-6bcc-d33f-cff0-1fcf7e438639" testName="WrongTopicShouldBeIgnored" computerName="DKSR-EFI-04" duration="00:00:00.0021239" startTime="2023-12-22T09:35:48.7256910+01:00" endTime="2023-12-22T09:35:48.7413166+01:00" testType="13cdc9d9-ddb5-4fa4-a97d-d965ccfc6d4b" outcome="Passed" testListId="8c84fa94-04c1-424b-9868-57a2d4851a1d" relativeResultsDirectory="5a2a8647-9408-4e19-b3b8-844cc49b0990" />
    <UnitTestResult executionId="0c40f137-85b2-46fe-b657-e29e01add8a9" testId="45834d49-53e1-d4c2-01f8-62e2b8637be2" testName="GetFrames_ShouldReturnReturnEmptyCollection_WhenThereAreNoFramesInTheSpecifiedTimeRange (True)" computerName="DKSR-EFI-04" duration="00:00:00.1187402" startTime="2023-12-22T09:35:43.7412876+01:00" endTime="2023-12-22T09:35:43.8662886+01:00" testType="13cdc9d9-ddb5-4fa4-a97d-d965ccfc6d4b" outcome="Passed" testListId="8c84fa94-04c1-424b-9868-57a2d4851a1d" relativeResultsDirectory="0c40f137-85b2-46fe-b657-e29e01add8a9" />
    <UnitTestResult executionId="3c4489c2-f3c5-49b2-a2ff-9423bda261f8" testId="1464a866-1467-976e-29bd-6b7a26b0e079" testName="GetCategorySearchPredicate_ShouldReturnPredicateWithClassCandidates_WhenClassCandidatesAreProvided" computerName="DKSR-EFI-04" duration="00:00:00.0007407" startTime="2023-12-22T09:36:33.4759297+01:00" endTime="2023-12-22T09:36:33.4759297+01:00" testType="13cdc9d9-ddb5-4fa4-a97d-d965ccfc6d4b" outcome="Passed" testListId="8c84fa94-04c1-424b-9868-57a2d4851a1d" relativeResultsDirectory="3c4489c2-f3c5-49b2-a2ff-9423bda261f8" />
    <UnitTestResult executionId="e7709f36-ddd4-4a3f-8550-6ebe90553b2d" testId="15df3a5f-787a-e106-63fa-d3d5eddfdf0c" testName="Constructors_ShouldNotAllowInjectionOfNulls_ForProperties" computerName="DKSR-EFI-04" duration="00:00:00.0013383" startTime="2023-12-22T09:35:48.6631918+01:00" endTime="2023-12-22T09:35:48.6631918+01:00" testType="13cdc9d9-ddb5-4fa4-a97d-d965ccfc6d4b" outcome="Passed" testListId="8c84fa94-04c1-424b-9868-57a2d4851a1d" relativeResultsDirectory="e7709f36-ddd4-4a3f-8550-6ebe90553b2d" />
    <UnitTestResult executionId="cef0680a-4618-4324-932a-88aedd1aba20" testId="45faaf94-8fe8-d7c5-c835-ecc201e7d932" testName="IsMatch_ShouldReturnTrue_WhenNestedPredicateReturnsFalse" computerName="DKSR-EFI-04" duration="00:00:00.0158315" startTime="2023-12-22T09:35:35.7724975+01:00" endTime="2023-12-22T09:35:35.7881303+01:00" testType="13cdc9d9-ddb5-4fa4-a97d-d965ccfc6d4b" outcome="Passed" testListId="8c84fa94-04c1-424b-9868-57a2d4851a1d" relativeResultsDirectory="cef0680a-4618-4324-932a-88aedd1aba20" />
    <UnitTestResult executionId="4a6215fd-d75b-4cdd-bb74-b8363d8da67a" testId="718bfcb4-43b7-ecd7-3287-19035bc44f45" testName="IsMatch_ShouldCompareDistanceCorrectly_WhenGivenValidPropertyValues (44.401012,-73.848847,44.400888,-73.849034,0,False)" computerName="DKSR-EFI-04" duration="00:00:00.0035804" startTime="2023-12-22T09:35:39.6475190+01:00" endTime="2023-12-22T09:35:39.6475190+01:00" testType="13cdc9d9-ddb5-4fa4-a97d-d965ccfc6d4b" outcome="Passed" testListId="8c84fa94-04c1-424b-9868-57a2d4851a1d" relativeResultsDirectory="4a6215fd-d75b-4cdd-bb74-b8363d8da67a" />
    <UnitTestResult executionId="6299e57f-78fd-4f64-a415-b02b9e00bcfc" testId="05af5647-014b-c33b-f3b5-de49c30b7af3" testName="IsEmpty_ShouldReturnFalse_WhenSearchingWithDefaults (0,10,0,9)" computerName="DKSR-EFI-04" duration="00:00:00.0002393" startTime="2023-12-22T09:35:36.6318760+01:00" endTime="2023-12-22T09:35:36.6318760+01:00" testType="13cdc9d9-ddb5-4fa4-a97d-d965ccfc6d4b" outcome="Passed" testListId="8c84fa94-04c1-424b-9868-57a2d4851a1d" relativeResultsDirectory="6299e57f-78fd-4f64-a415-b02b9e00bcfc" />
    <UnitTestResult executionId="e33cd386-0bd4-47d9-9897-fc2c9a986395" testId="fd262f28-513a-06d4-2128-ee1905d76942" testName="FilterObjects_ShouldReturnSeparatelyGroupedResults_WhenGivenConsecutiveFramesWithDifferentObjects" computerName="DKSR-EFI-04" duration="00:00:00.0058567" startTime="2023-12-22T09:35:37.5850067+01:00" endTime="2023-12-22T09:35:37.5850067+01:00" testType="13cdc9d9-ddb5-4fa4-a97d-d965ccfc6d4b" outcome="Passed" testListId="8c84fa94-04c1-424b-9868-57a2d4851a1d" relativeResultsDirectory="e33cd386-0bd4-47d9-9897-fc2c9a986395" />
    <UnitTestResult executionId="77866d98-975a-4f87-b4ce-cd7f880575be" testId="f2e5dcae-4196-f969-0006-b52c9b394114" testName="TryParseColor_ShouldReturn_CorrectResult (#ff220011,True)" computerName="DKSR-EFI-04" duration="00:00:00.0095121" startTime="2023-12-22T09:35:39.8193943+01:00" endTime="2023-12-22T09:35:39.8193943+01:00" testType="13cdc9d9-ddb5-4fa4-a97d-d965ccfc6d4b" outcome="Passed" testListId="8c84fa94-04c1-424b-9868-57a2d4851a1d" relativeResultsDirectory="77866d98-975a-4f87-b4ce-cd7f880575be" />
    <UnitTestResult executionId="ccd59317-e3b6-4af7-a02c-8dc6833bc21f" testId="ded8f92d-102b-0358-7b5e-2828b919f24e" testName="CreateGuid_ShouldReturnDifferentGuid_WhenUsingDifferentObjectId" computerName="DKSR-EFI-04" duration="00:00:00.0013308" startTime="2023-12-22T09:35:37.5068805+01:00" endTime="2023-12-22T09:35:37.5068805+01:00" testType="13cdc9d9-ddb5-4fa4-a97d-d965ccfc6d4b" outcome="Passed" testListId="8c84fa94-04c1-424b-9868-57a2d4851a1d" relativeResultsDirectory="ccd59317-e3b6-4af7-a02c-8dc6833bc21f" />
    <UnitTestResult executionId="e74cd9b9-e8c9-4672-b47a-1ba04247fa50" testId="5e2b3fca-2ca1-d90c-02a1-154ec6ad9626" testName="IsMatch_ShouldReturnTrue_WhenAnyOfThePredicatesIsMatched" computerName="DKSR-EFI-04" duration="00:00:00.0008552" startTime="2023-12-22T09:35:39.3975162+01:00" endTime="2023-12-22T09:35:39.3975162+01:00" testType="13cdc9d9-ddb5-4fa4-a97d-d965ccfc6d4b" outcome="Passed" testListId="8c84fa94-04c1-424b-9868-57a2d4851a1d" relativeResultsDirectory="e74cd9b9-e8c9-4672-b47a-1ba04247fa50" />
    <UnitTestResult executionId="ef4082ca-ae12-40ef-8a17-a38ca896bf3d" testId="27c656ed-af7a-6dcb-a54c-8684fabb981f" testName="GetFilterValues_ShouldReturnEmptyEnumeration_WhenValueIsNull" computerName="DKSR-EFI-04" duration="00:00:00.0030499" startTime="2023-12-22T09:35:36.3818744+01:00" endTime="2023-12-22T09:35:36.3818744+01:00" testType="13cdc9d9-ddb5-4fa4-a97d-d965ccfc6d4b" outcome="Passed" testListId="8c84fa94-04c1-424b-9868-57a2d4851a1d" relativeResultsDirectory="ef4082ca-ae12-40ef-8a17-a38ca896bf3d" />
    <UnitTestResult executionId="d75f750f-41a2-4e67-823c-7cdcc26c5a41" testId="88d00cd5-71b0-b9c3-46be-f4b881b44514" testName="GetCustomFilters_ShouldReturnAllEnabledFilters" computerName="DKSR-EFI-04" duration="00:00:00.0028827" startTime="2023-12-22T09:36:33.5540507+01:00" endTime="2023-12-22T09:36:33.5540507+01:00" testType="13cdc9d9-ddb5-4fa4-a97d-d965ccfc6d4b" outcome="Passed" testListId="8c84fa94-04c1-424b-9868-57a2d4851a1d" relativeResultsDirectory="d75f750f-41a2-4e67-823c-7cdcc26c5a41" />
    <UnitTestResult executionId="0a6c8115-398f-489b-a6d0-6953c29bfc4b" testId="4ad0f67f-332b-bbe3-a5c7-2a02d9b7e9fc" testName="GetFilterValues_ShouldReturnLowAndHighValues_WhenValueIsValid" computerName="DKSR-EFI-04" duration="00:00:00.2036135" startTime="2023-12-22T09:35:35.9131231+01:00" endTime="2023-12-22T09:35:36.1162528+01:00" testType="13cdc9d9-ddb5-4fa4-a97d-d965ccfc6d4b" outcome="Passed" testListId="8c84fa94-04c1-424b-9868-57a2d4851a1d" relativeResultsDirectory="0a6c8115-398f-489b-a6d0-6953c29bfc4b" />
    <UnitTestResult executionId="d53330fc-fc23-4850-bfd2-94fa51c63073" testId="4c6ad706-e0e9-b0ae-79be-604b6cfef79e" testName="GetValue_ShouldReturnAValue_WhenCalledWithKnownFilterIds (97b0bd8a-719d-4235-959a-76b7cb8ffae2)" computerName="DKSR-EFI-04" duration="00:00:00.0000087" startTime="2023-12-22T09:36:33.6321815+01:00" endTime="2023-12-22T09:36:33.6321815+01:00" testType="13cdc9d9-ddb5-4fa4-a97d-d965ccfc6d4b" outcome="Passed" testListId="8c84fa94-04c1-424b-9868-57a2d4851a1d" relativeResultsDirectory="d53330fc-fc23-4850-bfd2-94fa51c63073" />
    <UnitTestResult executionId="4c35d4ec-b53e-43b0-aa94-bb3c2e943057" testId="4717940b-70e7-af53-87ae-1477ce157ab3" testName="IsMatch_ShouldReturnFalse_WhenObjectElementHasNoProperty" computerName="DKSR-EFI-04" duration="00:00:00.0033829" startTime="2023-12-22T09:35:39.7568926+01:00" endTime="2023-12-22T09:35:39.7568926+01:00" testType="13cdc9d9-ddb5-4fa4-a97d-d965ccfc6d4b" outcome="Passed" testListId="8c84fa94-04c1-424b-9868-57a2d4851a1d" relativeResultsDirectory="4c35d4ec-b53e-43b0-aa94-bb3c2e943057" />
    <UnitTestResult executionId="68621a23-7302-4233-b873-762007950ebd" testId="d5d88cf7-59d6-0627-e03d-5fa28db84154" testName="GetValue_ShouldReturnAValue_WhenCalledWithKnownFilterIds (e07ef69f-f064-48fa-b2ea-2c0c6f1f19fc)" computerName="DKSR-EFI-04" duration="00:00:00.0000102" startTime="2023-12-22T09:36:33.6165541+01:00" endTime="2023-12-22T09:36:33.6165541+01:00" testType="13cdc9d9-ddb5-4fa4-a97d-d965ccfc6d4b" outcome="Passed" testListId="8c84fa94-04c1-424b-9868-57a2d4851a1d" relativeResultsDirectory="68621a23-7302-4233-b873-762007950ebd" />
    <UnitTestResult executionId="f7d088be-68dd-4f02-b47f-be741ab936b7" testId="7d722e1e-4b06-2bcd-088b-bc5b5722c0b1" testName="SearchingForHumans_ShouldReturnHumans_WhenThereAreMultipleClassesCandidatesFound" computerName="DKSR-EFI-04" duration="00:00:00.0061656" startTime="2023-12-22T09:36:33.4446773+01:00" endTime="2023-12-22T09:36:33.4603054+01:00" testType="13cdc9d9-ddb5-4fa4-a97d-d965ccfc6d4b" outcome="Passed" testListId="8c84fa94-04c1-424b-9868-57a2d4851a1d" relativeResultsDirectory="f7d088be-68dd-4f02-b47f-be741ab936b7" />
    <UnitTestResult executionId="4260a903-408f-4eaa-adfb-98b4250c0007" testId="ba0ae2f6-3f07-8af4-bb67-ddd2feeb73bd" testName="With no results" computerName="DKSR-EFI-04" duration="00:00:00.1944367" startTime="2023-12-22T09:35:37.1475073+01:00" endTime="2023-12-22T09:35:37.3506308+01:00" testType="13cdc9d9-ddb5-4fa4-a97d-d965ccfc6d4b" outcome="Passed" testListId="8c84fa94-04c1-424b-9868-57a2d4851a1d" relativeResultsDirectory="4260a903-408f-4eaa-adfb-98b4250c0007" />
    <UnitTestResult executionId="80d6f594-b7e5-45b7-bfe3-7ecf046721c8" testId="efd3ecff-7860-677d-ee0a-05f7d0dd6e15" testName="Parse_ShouldReturnMetadataFrame_WhenGivenValidConfigAndXml" computerName="DKSR-EFI-04" duration="00:00:00.0023811" startTime="2023-12-22T09:35:48.7569403+01:00" endTime="2023-12-22T09:35:48.7569403+01:00" testType="13cdc9d9-ddb5-4fa4-a97d-d965ccfc6d4b" outcome="Passed" testListId="8c84fa94-04c1-424b-9868-57a2d4851a1d" relativeResultsDirectory="80d6f594-b7e5-45b7-bfe3-7ecf046721c8" />
    <UnitTestResult executionId="69dd4fe2-7468-4ba4-9d1a-45db5c543f4d" testId="35e5231a-f380-9de4-2b13-d1fef7d2d8b2" testName="GetProperty_ShouldReturnNull_WhenNoPropertiesExist" computerName="DKSR-EFI-04" duration="00:00:00.0074643" startTime="2023-12-22T09:35:48.6788149+01:00" endTime="2023-12-22T09:35:48.6788149+01:00" testType="13cdc9d9-ddb5-4fa4-a97d-d965ccfc6d4b" outcome="Passed" testListId="8c84fa94-04c1-424b-9868-57a2d4851a1d" relativeResultsDirectory="69dd4fe2-7468-4ba4-9d1a-45db5c543f4d" />
    <UnitTestResult executionId="3a5360ae-6267-49ce-8452-00948d4adcc8" testId="07889f0a-a2d0-659d-2063-b520e6f36367" testName="GetSearchPredicate_ShouldThrowException_WhenValueIsInvalid" computerName="DKSR-EFI-04" duration="00:00:00.0032074" startTime="2023-12-22T09:35:36.8506297+01:00" endTime="2023-12-22T09:35:36.8506297+01:00" testType="13cdc9d9-ddb5-4fa4-a97d-d965ccfc6d4b" outcome="Passed" testListId="8c84fa94-04c1-424b-9868-57a2d4851a1d" relativeResultsDirectory="3a5360ae-6267-49ce-8452-00948d4adcc8" />
    <UnitTestResult executionId="4e93dda3-c909-4711-83b9-a39f467fb0b0" testId="886227de-8ea1-2ab6-c107-f15ffa23f1e2" testName="Reset_ShouldMakeIsResetTrue" computerName="DKSR-EFI-04" duration="00:00:00.0002641" startTime="2023-12-22T09:35:36.6006262+01:00" endTime="2023-12-22T09:35:36.6006262+01:00" testType="13cdc9d9-ddb5-4fa4-a97d-d965ccfc6d4b" outcome="Passed" testListId="8c84fa94-04c1-424b-9868-57a2d4851a1d" relativeResultsDirectory="4e93dda3-c909-4711-83b9-a39f467fb0b0" />
    <UnitTestResult executionId="30d05cdc-d9ca-4b45-9386-0c9e83140d56" testId="31f6c340-8f74-bf05-8d87-89447c5395e8" testName="BoundingShape_ShouldReturnNull_WhenObjectIdIncludedInXml" computerName="DKSR-EFI-04" duration="00:00:00.0005300" startTime="2023-12-22T09:35:37.1475073+01:00" endTime="2023-12-22T09:35:37.1475073+01:00" testType="13cdc9d9-ddb5-4fa4-a97d-d965ccfc6d4b" outcome="Passed" testListId="8c84fa94-04c1-424b-9868-57a2d4851a1d" relativeResultsDirectory="30d05cdc-d9ca-4b45-9386-0c9e83140d56" />
    <UnitTestResult executionId="bfc86363-ea28-4586-b7ba-503f7c7bc146" testId="fd7a8bbd-54c4-4946-4b33-4404ccf9c270" testName="Constructors_ShouldNotAllowInjectionOfNulls" computerName="DKSR-EFI-04" duration="00:00:00.0067545" startTime="2023-12-22T09:35:48.7413166+01:00" endTime="2023-12-22T09:35:48.7413166+01:00" testType="13cdc9d9-ddb5-4fa4-a97d-d965ccfc6d4b" outcome="Passed" testListId="8c84fa94-04c1-424b-9868-57a2d4851a1d" relativeResultsDirectory="bfc86363-ea28-4586-b7ba-503f7c7bc146" />
    <UnitTestResult executionId="bd956610-4852-4642-9482-b7290bc3c008" testId="30715c07-4fcc-996e-e86c-8332d5c7179e" testName="CreateGuid_ShouldReturnGuid_WhenObjectIdIsNull" computerName="DKSR-EFI-04" duration="00:00:00.0008378" startTime="2023-12-22T09:35:37.4756301+01:00" endTime="2023-12-22T09:35:37.4756301+01:00" testType="13cdc9d9-ddb5-4fa4-a97d-d965ccfc6d4b" outcome="Passed" testListId="8c84fa94-04c1-424b-9868-57a2d4851a1d" relativeResultsDirectory="bd956610-4852-4642-9482-b7290bc3c008" />
    <UnitTestResult executionId="4f3f6f67-0285-4822-8f11-2889e495a929" testId="9060ef63-7e3c-7dab-8fd8-e26076a59f0b" testName="SearchingForHumanOrFace_ShouldReturnAllHumansInFrame_WhenSecondClassDetectedOnThierdFrame" computerName="DKSR-EFI-04" duration="00:00:00.0058805" startTime="2023-12-22T09:36:33.4446773+01:00" endTime="2023-12-22T09:36:33.4446773+01:00" testType="13cdc9d9-ddb5-4fa4-a97d-d965ccfc6d4b" outcome="Passed" testListId="8c84fa94-04c1-424b-9868-57a2d4851a1d" relativeResultsDirectory="4f3f6f67-0285-4822-8f11-2889e495a929" />
    <UnitTestResult executionId="395c7308-fd6f-4c4b-91ae-73c2b436f9db" testId="46c75eb8-fd65-ecab-1ed7-a7d0d0575fbb" testName="With results" computerName="DKSR-EFI-04" duration="00:00:00.0343535" startTime="2023-12-22T09:35:37.3506308+01:00" endTime="2023-12-22T09:35:37.3818797+01:00" testType="13cdc9d9-ddb5-4fa4-a97d-d965ccfc6d4b" outcome="Passed" testListId="8c84fa94-04c1-424b-9868-57a2d4851a1d" relativeResultsDirectory="395c7308-fd6f-4c4b-91ae-73c2b436f9db" />
    <UnitTestResult executionId="9a4b8dc2-0688-4846-a5a0-98bdadf85bdc" testId="52b3e7e8-c4a5-3878-cfaf-52c526b4299d" testName="DoSearch_ShouldFindVehicle_WhenClassIsVehical" computerName="DKSR-EFI-04" duration="00:00:02.5887084" startTime="2023-12-22T09:36:15.6789582+01:00" endTime="2023-12-22T09:36:18.2727221+01:00" testType="13cdc9d9-ddb5-4fa4-a97d-d965ccfc6d4b" outcome="Passed" testListId="8c84fa94-04c1-424b-9868-57a2d4851a1d" relativeResultsDirectory="9a4b8dc2-0688-4846-a5a0-98bdadf85bdc" />
    <UnitTestResult executionId="990be015-308c-440a-a3ca-3e7843b97c35" testId="cf0a79cb-e6b1-ecdf-0b83-90c17c08f100" testName="GetFilterValues_ShouldReturnEmptyEnumeration_WhenValueIsEmpty" computerName="DKSR-EFI-04" duration="00:00:00.0008371" startTime="2023-12-22T09:35:36.3506278+01:00" endTime="2023-12-22T09:35:36.3506278+01:00" testType="13cdc9d9-ddb5-4fa4-a97d-d965ccfc6d4b" outcome="Passed" testListId="8c84fa94-04c1-424b-9868-57a2d4851a1d" relativeResultsDirectory="990be015-308c-440a-a3ca-3e7843b97c35" />
    <UnitTestResult executionId="8a2735bb-d797-4c05-be2d-9cfe8191f3a0" testId="d55b7815-d829-5919-09b3-d89ab9a5012f" testName="TryParseColor_ShouldReturn_CorrectResult (&lt;?xml version=&quot;1.0&quot;?&gt; &lt;tt:Color xmlns:tt=&quot;http://www.onvif.org/ver10/schema&quot; Z = &quot;400&quot; Y = &quot;169&quot; X = &quot;169&quot; Colorspace = &quot;RGB&quot; /&gt;,False)" computerName="DKSR-EFI-04" duration="00:00:00.0025549" startTime="2023-12-22T09:35:39.8818979+01:00" endTime="2023-12-22T09:35:39.8818979+01:00" testType="13cdc9d9-ddb5-4fa4-a97d-d965ccfc6d4b" outcome="Passed" testListId="8c84fa94-04c1-424b-9868-57a2d4851a1d" relativeResultsDirectory="8a2735bb-d797-4c05-be2d-9cfe8191f3a0" />
    <UnitTestResult executionId="00b6e29b-c680-49a8-ad25-81349d65309b" testId="4fc46eab-328b-438f-06cc-fd33a8131bbf" testName="GetValue_ShouldReturnAValue_WhenCalledWithKnownCategoryIds (4e22b171-b878-4751-8184-dd87b2dd65f1)" computerName="DKSR-EFI-04" duration="00:00:00.0000087" startTime="2023-12-22T09:36:33.6321815+01:00" endTime="2023-12-22T09:36:33.6321815+01:00" testType="13cdc9d9-ddb5-4fa4-a97d-d965ccfc6d4b" outcome="Passed" testListId="8c84fa94-04c1-424b-9868-57a2d4851a1d" relativeResultsDirectory="00b6e29b-c680-49a8-ad25-81349d65309b" />
    <UnitTestResult executionId="070d9b71-0e43-4e69-9859-bbd21c42c145" testId="d8c2e320-6190-1b72-f66d-bb30497b2432" testName="IsMatch_ShouldReturnTrue_WhenAnyClassIsPresent" computerName="DKSR-EFI-04" duration="00:00:00.0008924" startTime="2023-12-22T09:35:35.6943715+01:00" endTime="2023-12-22T09:35:35.6943715+01:00" testType="13cdc9d9-ddb5-4fa4-a97d-d965ccfc6d4b" outcome="Passed" testListId="8c84fa94-04c1-424b-9868-57a2d4851a1d" relativeResultsDirectory="070d9b71-0e43-4e69-9859-bbd21c42c145" />
    <UnitTestResult executionId="68221973-8b21-44bd-bb64-c1851840ae0f" testId="b929885d-21cf-5047-5a72-9591e713803c" testName="IsMatch_ShouldReturnTrue_WhenObjectElementHasFullyMatchingPropertyRegardsOfOrderIsSecond" computerName="DKSR-EFI-04" duration="00:00:00.0018366" startTime="2023-12-22T09:35:39.7881420+01:00" endTime="2023-12-22T09:35:39.7881420+01:00" testType="13cdc9d9-ddb5-4fa4-a97d-d965ccfc6d4b" outcome="Passed" testListId="8c84fa94-04c1-424b-9868-57a2d4851a1d" relativeResultsDirectory="68221973-8b21-44bd-bb64-c1851840ae0f" />
    <UnitTestResult executionId="f9f9d1ef-1bcf-441d-9bc3-5c2e2d86ef14" testId="e41f9d28-d915-2bd2-26d6-870d7a6aa89e" testName="Parse_ShouldHandleXml_WithoutProperties" computerName="DKSR-EFI-04" duration="00:00:00.0023511" startTime="2023-12-22T09:35:48.7413166+01:00" endTime="2023-12-22T09:35:48.7413166+01:00" testType="13cdc9d9-ddb5-4fa4-a97d-d965ccfc6d4b" outcome="Passed" testListId="8c84fa94-04c1-424b-9868-57a2d4851a1d" relativeResultsDirectory="f9f9d1ef-1bcf-441d-9bc3-5c2e2d86ef14" />
    <UnitTestResult executionId="45780073-60a5-4da5-a207-33e04286764e" testId="59ae0831-de2b-eb5f-53e6-48eefe23d498" testName="GetFilterValues_ShouldReturnLicensePlateValues_WhenValueIsValid" computerName="DKSR-EFI-04" duration="00:00:00.0020225" startTime="2023-12-22T09:35:36.3506278+01:00" endTime="2023-12-22T09:35:36.3506278+01:00" testType="13cdc9d9-ddb5-4fa4-a97d-d965ccfc6d4b" outcome="Passed" testListId="8c84fa94-04c1-424b-9868-57a2d4851a1d" relativeResultsDirectory="45780073-60a5-4da5-a207-33e04286764e" />
    <UnitTestResult executionId="719c5030-551a-4f62-9874-7a190ccd0830" testId="a2d0f19c-1f20-39e9-8df1-851eaee0c877" testName="GetMatchingObjects_ShouldReturnMatchingObject_IfItContainsAny" computerName="DKSR-EFI-04" duration="00:00:00.0019417" startTime="2023-12-22T09:35:48.7100662+01:00" endTime="2023-12-22T09:35:48.7100662+01:00" testType="13cdc9d9-ddb5-4fa4-a97d-d965ccfc6d4b" outcome="Passed" testListId="8c84fa94-04c1-424b-9868-57a2d4851a1d" relativeResultsDirectory="719c5030-551a-4f62-9874-7a190ccd0830" />
    <UnitTestResult executionId="20258b60-78f5-4148-8e62-0de4fd2bd8c6" testId="d8059ece-3501-e7a1-9762-33f51ac89fd9" testName="DoSearch_ShouldUseCorrectSessionId_WhenReturningSearchResults (10)" computerName="DKSR-EFI-04" duration="00:00:00.0118729" startTime="2023-12-22T09:35:37.4287584+01:00" endTime="2023-12-22T09:35:37.4443824+01:00" testType="13cdc9d9-ddb5-4fa4-a97d-d965ccfc6d4b" outcome="Passed" testListId="8c84fa94-04c1-424b-9868-57a2d4851a1d" relativeResultsDirectory="20258b60-78f5-4148-8e62-0de4fd2bd8c6" />
    <UnitTestResult executionId="223678c0-e520-47d0-a1f3-b6d31b5b6b5b" testId="18aa6cde-18fc-4518-3423-4b806131fd5b" testName="Constructors_ShouldNotAllowInjectionOfNulls" computerName="DKSR-EFI-04" duration="00:00:00.0016115" startTime="2023-12-22T09:35:39.7568926+01:00" endTime="2023-12-22T09:35:39.7568926+01:00" testType="13cdc9d9-ddb5-4fa4-a97d-d965ccfc6d4b" outcome="Passed" testListId="8c84fa94-04c1-424b-9868-57a2d4851a1d" relativeResultsDirectory="223678c0-e520-47d0-a1f3-b6d31b5b6b5b" />
    <UnitTestResult executionId="201b3b62-4b99-4ef7-ba3c-e6d00788eac3" testId="6cea7a68-2d4a-ad1a-d57a-b963a4194056" testName="IsSet_ShouldBeFalse_WhenValueProviderHasNoValues" computerName="DKSR-EFI-04" duration="00:00:00.0024423" startTime="2023-12-22T09:35:36.9443814+01:00" endTime="2023-12-22T09:35:36.9443814+01:00" testType="13cdc9d9-ddb5-4fa4-a97d-d965ccfc6d4b" outcome="Passed" testListId="8c84fa94-04c1-424b-9868-57a2d4851a1d" relativeResultsDirectory="201b3b62-4b99-4ef7-ba3c-e6d00788eac3" />
    <UnitTestResult executionId="cc392da3-fa4c-484e-86ae-b673940457cb" testId="36f65028-a17e-012e-79af-b69bd9d0ea50" testName="GetBoundingShapesAsync_ShouldUsePolygons_WhenGivenFrameObjectWithBothPolygonAndBoundingBox" computerName="DKSR-EFI-04" duration="00:00:01.7285344" startTime="2023-12-22T09:35:37.5850067+01:00" endTime="2023-12-22T09:35:39.3193908+01:00" testType="13cdc9d9-ddb5-4fa4-a97d-d965ccfc6d4b" outcome="Passed" testListId="8c84fa94-04c1-424b-9868-57a2d4851a1d" relativeResultsDirectory="cc392da3-fa4c-484e-86ae-b673940457cb" />
    <UnitTestResult executionId="f995cd66-4af4-4048-8d34-3be5c73e24ff" testId="6b102470-5fe0-736b-da07-26881a2f19de" testName="DoSearch_ShouldFindPeople_WhenClassIsHuman" computerName="DKSR-EFI-04" duration="00:00:02.7220626" startTime="2023-12-22T09:35:54.0850936+01:00" endTime="2023-12-22T09:35:56.8194827+01:00" testType="13cdc9d9-ddb5-4fa4-a97d-d965ccfc6d4b" outcome="Passed" testListId="8c84fa94-04c1-424b-9868-57a2d4851a1d" relativeResultsDirectory="f995cd66-4af4-4048-8d34-3be5c73e24ff" />
    <UnitTestResult executionId="c726e795-09ee-4ed4-82b8-05b7f2b40979" testId="a96913c2-5c94-25aa-aa92-a4b494985e51" testName="TryParseColor_ShouldSucceed_WhenColorspaceComesFromProperties" computerName="DKSR-EFI-04" duration="00:00:00.0030752" startTime="2023-12-22T09:35:39.9131446+01:00" endTime="2023-12-22T09:35:39.9131446+01:00" testType="13cdc9d9-ddb5-4fa4-a97d-d965ccfc6d4b" outcome="Passed" testListId="8c84fa94-04c1-424b-9868-57a2d4851a1d" relativeResultsDirectory="c726e795-09ee-4ed4-82b8-05b7f2b40979" />
    <UnitTestResult executionId="25b51ef2-3fd0-4a2c-ba26-eb8edd4f2926" testId="46056992-99e2-330a-1f60-3d45cd3bc2e6" testName="GetFilterValues_ShouldReturnEmptyEnumeration_WhenValueIsNull" computerName="DKSR-EFI-04" duration="00:00:00.0039772" startTime="2023-12-22T09:35:36.3506278+01:00" endTime="2023-12-22T09:35:36.3506278+01:00" testType="13cdc9d9-ddb5-4fa4-a97d-d965ccfc6d4b" outcome="Passed" testListId="8c84fa94-04c1-424b-9868-57a2d4851a1d" relativeResultsDirectory="25b51ef2-3fd0-4a2c-ba26-eb8edd4f2926" />
    <UnitTestResult executionId="f38bc6f1-3c1b-4a03-aa0e-86e51ea3f8a5" testId="9ff14ff7-ddbc-8331-9543-ba15085b4176" testName="IsSet_ShouldBeFalse_WhenValueProviderHasNoValues" computerName="DKSR-EFI-04" duration="00:00:00.0025638" startTime="2023-12-22T09:35:36.7568759+01:00" endTime="2023-12-22T09:35:36.7568759+01:00" testType="13cdc9d9-ddb5-4fa4-a97d-d965ccfc6d4b" outcome="Passed" testListId="8c84fa94-04c1-424b-9868-57a2d4851a1d" relativeResultsDirectory="f38bc6f1-3c1b-4a03-aa0e-86e51ea3f8a5" />
    <UnitTestResult executionId="7ccd7326-827a-458b-86e6-8f43cf6fb19d" testId="14abc2b8-998a-7ca5-f1be-36d249e1c57b" testName="TryParseColor_ShouldReturn_CorrectResult (&lt;?xml version=&quot;1.0&quot;?&gt; &lt;tt:Color xmlns:tt=&quot;http://www.onvif.org/ver10/schema&quot; X = &quot;400&quot; Colorspace = &quot;RGB&quot; /&gt;,False)" computerName="DKSR-EFI-04" duration="00:00:00.0001297" startTime="2023-12-22T09:35:39.8977231+01:00" endTime="2023-12-22T09:35:39.8977231+01:00" testType="13cdc9d9-ddb5-4fa4-a97d-d965ccfc6d4b" outcome="Passed" testListId="8c84fa94-04c1-424b-9868-57a2d4851a1d" relativeResultsDirectory="7ccd7326-827a-458b-86e6-8f43cf6fb19d" />
    <UnitTestResult executionId="42dbfd8d-fc19-4873-bd5e-77d8026b3182" testId="0a5e01e2-9d0f-c7b5-ebf8-fbb00b3697b9" testName="GetValue_ShouldReturnAValue_WhenCalledWithKnownCategoryIds (de799eaa-7564-4882-8e86-b0fa85919559)" computerName="DKSR-EFI-04" duration="00:00:00.0000101" startTime="2023-12-22T09:36:33.6321815+01:00" endTime="2023-12-22T09:36:33.6321815+01:00" testType="13cdc9d9-ddb5-4fa4-a97d-d965ccfc6d4b" outcome="Passed" testListId="8c84fa94-04c1-424b-9868-57a2d4851a1d" relativeResultsDirectory="42dbfd8d-fc19-4873-bd5e-77d8026b3182" />
    <UnitTestResult executionId="39af2939-f403-4fdf-9dfc-91b1306aa096" testId="ac0bc991-7dad-3bbf-19c9-5fb30129fe8b" testName="ResetValue_ShouldSetSelectedIdsToEmptySet" computerName="DKSR-EFI-04" duration="00:00:00.0127495" startTime="2023-12-22T09:35:36.5068753+01:00" endTime="2023-12-22T09:35:36.5225018+01:00" testType="13cdc9d9-ddb5-4fa4-a97d-d965ccfc6d4b" outcome="Passed" testListId="8c84fa94-04c1-424b-9868-57a2d4851a1d" relativeResultsDirectory="39af2939-f403-4fdf-9dfc-91b1306aa096" />
    <UnitTestResult executionId="f62f7c28-8abb-45a6-bf97-9dcb2a99b8d1" testId="385e9e4e-5151-54c2-b1cc-cc27d181a957" testName="IsMatch_ShouldReturnFalse_WhenNonOfTheValuesAreInRange" computerName="DKSR-EFI-04" duration="00:00:00.0013963" startTime="2023-12-22T09:35:39.5693959+01:00" endTime="2023-12-22T09:35:39.5693959+01:00" testType="13cdc9d9-ddb5-4fa4-a97d-d965ccfc6d4b" outcome="Passed" testListId="8c84fa94-04c1-424b-9868-57a2d4851a1d" relativeResultsDirectory="f62f7c28-8abb-45a6-bf97-9dcb2a99b8d1" />
    <UnitTestResult executionId="cc3990b6-c4c6-4823-99b0-82188c348d31" testId="806115df-70cd-0935-7c36-279bceac0ca7" testName="GetFrames_ShouldContinueReturningFrames_WhenThereIsNoMIPContent (False)" computerName="DKSR-EFI-04" duration="00:00:01.4641947" startTime="2023-12-22T09:35:45.9444278+01:00" endTime="2023-12-22T09:35:47.3975603+01:00" testType="13cdc9d9-ddb5-4fa4-a97d-d965ccfc6d4b" outcome="Passed" testListId="8c84fa94-04c1-424b-9868-57a2d4851a1d" relativeResultsDirectory="cc3990b6-c4c6-4823-99b0-82188c348d31" />
    <UnitTestResult executionId="fc255de3-ab2c-405a-9474-0d7b232e86fa" testId="a3f171ab-0da7-1470-4237-86f0955fbc3d" testName="CreateValue_ShouldReturnEmptySelectionFilterValue" computerName="DKSR-EFI-04" duration="00:00:00.0114380" startTime="2023-12-22T09:35:36.4912522+01:00" endTime="2023-12-22T09:35:36.5068753+01:00" testType="13cdc9d9-ddb5-4fa4-a97d-d965ccfc6d4b" outcome="Passed" testListId="8c84fa94-04c1-424b-9868-57a2d4851a1d" relativeResultsDirectory="fc255de3-ab2c-405a-9474-0d7b232e86fa" />
    <UnitTestResult executionId="dcfd9df0-041c-45b6-931a-898fd83a0a87" testId="3529e793-10fd-a9f5-8d1f-80b8415525e0" testName="Reset_ShouldMakeTheValueInvalid" computerName="DKSR-EFI-04" duration="00:00:00.0005294" startTime="2023-12-22T09:35:36.6006262+01:00" endTime="2023-12-22T09:35:36.6006262+01:00" testType="13cdc9d9-ddb5-4fa4-a97d-d965ccfc6d4b" outcome="Passed" testListId="8c84fa94-04c1-424b-9868-57a2d4851a1d" relativeResultsDirectory="dcfd9df0-041c-45b6-931a-898fd83a0a87" />
    <UnitTestResult executionId="350c0692-d482-4895-83c6-b725e9191d67" testId="005446dd-de59-fb40-05c8-15ff101ff62b" testName="GetSearchPredicate_ShouldCallFactoryWithCorrectPropertyName" computerName="DKSR-EFI-04" duration="00:00:00.0399808" startTime="2023-12-22T09:35:36.6943771+01:00" endTime="2023-12-22T09:35:36.7256289+01:00" testType="13cdc9d9-ddb5-4fa4-a97d-d965ccfc6d4b" outcome="Passed" testListId="8c84fa94-04c1-424b-9868-57a2d4851a1d" relativeResultsDirectory="350c0692-d482-4895-83c6-b725e9191d67" />
    <UnitTestResult executionId="1ce5a2ba-fe07-432d-8f4c-8239dcaa99e1" testId="7a8a5ded-cb87-18f8-4f57-cf67880a1526" testName="TryParseColor_ShouldReturn_CorrectResult (&lt;?xml version=&quot;1.0&quot;?&gt; &lt;tt:Color xmlns:tt=&quot;http://www.onvif.org/ver10/schema&quot; Z = &quot;169&quot; Y = &quot;169&quot; X = &quot;169&quot; Colorspace = &quot;YCbCr&quot; /&gt;,True)" computerName="DKSR-EFI-04" duration="00:00:00.0008239" startTime="2023-12-22T09:35:39.8662691+01:00" endTime="2023-12-22T09:35:39.8662691+01:00" testType="13cdc9d9-ddb5-4fa4-a97d-d965ccfc6d4b" outcome="Passed" testListId="8c84fa94-04c1-424b-9868-57a2d4851a1d" relativeResultsDirectory="1ce5a2ba-fe07-432d-8f4c-8239dcaa99e1" />
    <UnitTestResult executionId="8c9a0ff9-70bc-4c4b-82a8-4c2620532c47" testId="f9f3012a-eb0a-d94a-26f7-f14f0af44576" testName="Constructors_ShouldNotAllowInjectionOfNulls" computerName="DKSR-EFI-04" duration="00:00:00.0015701" startTime="2023-12-22T09:35:39.5850199+01:00" endTime="2023-12-22T09:35:39.5850199+01:00" testType="13cdc9d9-ddb5-4fa4-a97d-d965ccfc6d4b" outcome="Passed" testListId="8c84fa94-04c1-424b-9868-57a2d4851a1d" relativeResultsDirectory="8c9a0ff9-70bc-4c4b-82a8-4c2620532c47" />
    <UnitTestResult executionId="94db8941-2ac8-46f3-bf09-7b9cf9abcc4b" testId="59dac37e-2ea8-9db7-5b85-e17ebf1e786c" testName="IsSet_ShouldBeFalse_WhenValueProviderHasNoValues" computerName="DKSR-EFI-04" duration="00:00:00.0015681" startTime="2023-12-22T09:35:36.8506297+01:00" endTime="2023-12-22T09:35:36.8662520+01:00" testType="13cdc9d9-ddb5-4fa4-a97d-d965ccfc6d4b" outcome="Passed" testListId="8c84fa94-04c1-424b-9868-57a2d4851a1d" relativeResultsDirectory="94db8941-2ac8-46f3-bf09-7b9cf9abcc4b" />
    <UnitTestResult executionId="935e0912-869a-4b40-b4e9-55b4c87954cc" testId="3d846fdd-cac0-f6b0-bd5c-acbce67091e3" testName="IsMatch_ShouldCompareDistanceCorrectly_WhenGivenValidPropertyValues (44.401012,-73.848847,44.378859,-73.834729,2.72,True)" computerName="DKSR-EFI-04" duration="00:00:00.0036599" startTime="2023-12-22T09:35:39.6475190+01:00" endTime="2023-12-22T09:35:39.6475190+01:00" testType="13cdc9d9-ddb5-4fa4-a97d-d965ccfc6d4b" outcome="Passed" testListId="8c84fa94-04c1-424b-9868-57a2d4851a1d" relativeResultsDirectory="935e0912-869a-4b40-b4e9-55b4c87954cc" />
    <UnitTestResult executionId="bd9d7c46-fe54-444e-82f4-b4accf93e7c4" testId="693f356a-9e20-f5a7-48b2-6e45b1e254de" testName="GetCategorySearchPredicate_ShouldReturnEmptyPredicate_WhenThereAreNoFiltersNorClassCandidates" computerName="DKSR-EFI-04" duration="00:00:00.0013414" startTime="2023-12-22T09:36:33.4603054+01:00" endTime="2023-12-22T09:36:33.4603054+01:00" testType="13cdc9d9-ddb5-4fa4-a97d-d965ccfc6d4b" outcome="Passed" testListId="8c84fa94-04c1-424b-9868-57a2d4851a1d" relativeResultsDirectory="bd9d7c46-fe54-444e-82f4-b4accf93e7c4" />
    <UnitTestResult executionId="93de65a6-a2b0-4ff6-a03f-8f4d8eca4790" testId="bc770a97-6739-784f-a860-7cf7562b7ec2" testName="GetSearchPredicate_ShouldCreatePredicateWithCorrectValues" computerName="DKSR-EFI-04" duration="00:00:00.0069735" startTime="2023-12-22T09:35:36.8350037+01:00" endTime="2023-12-22T09:35:36.8506297+01:00" testType="13cdc9d9-ddb5-4fa4-a97d-d965ccfc6d4b" outcome="Passed" testListId="8c84fa94-04c1-424b-9868-57a2d4851a1d" relativeResultsDirectory="93de65a6-a2b0-4ff6-a03f-8f4d8eca4790" />
    <UnitTestResult executionId="265440a9-a086-4dc2-a61a-712c627fab7b" testId="bc20fac5-e535-e107-1517-42154988b39f" testName="CreateGuid_ShouldReturnGuid_WhenDeviceIdIsEmptyString" computerName="DKSR-EFI-04" duration="00:00:00.0008204" startTime="2023-12-22T09:35:37.4756301+01:00" endTime="2023-12-22T09:35:37.4912586+01:00" testType="13cdc9d9-ddb5-4fa4-a97d-d965ccfc6d4b" outcome="Passed" testListId="8c84fa94-04c1-424b-9868-57a2d4851a1d" relativeResultsDirectory="265440a9-a086-4dc2-a61a-712c627fab7b" />
    <UnitTestResult executionId="2ff5edc0-3b59-45ed-b538-89667b06eb3f" testId="b871a1c3-a33f-a67a-5049-b2b99c52d2bb" testName="Constructors_ShouldNotAllowInjectionOfNulls" computerName="DKSR-EFI-04" duration="00:00:00.0073342" startTime="2023-12-22T09:35:36.4131261+01:00" endTime="2023-12-22T09:35:36.4131261+01:00" testType="13cdc9d9-ddb5-4fa4-a97d-d965ccfc6d4b" outcome="Passed" testListId="8c84fa94-04c1-424b-9868-57a2d4851a1d" relativeResultsDirectory="2ff5edc0-3b59-45ed-b538-89667b06eb3f" />
    <UnitTestResult executionId="329bc671-e6a3-465c-a0b4-00f40c0e2de5" testId="bf1c7396-458f-abe1-7cd5-70f800f62e68" testName="GetBuiltInVehicleFilters_ShouldReturnNone_WhenFiltersAreDisabled" computerName="DKSR-EFI-04" duration="00:00:00.0009008" startTime="2023-12-22T09:36:33.5228030+01:00" endTime="2023-12-22T09:36:33.5228030+01:00" testType="13cdc9d9-ddb5-4fa4-a97d-d965ccfc6d4b" outcome="Passed" testListId="8c84fa94-04c1-424b-9868-57a2d4851a1d" relativeResultsDirectory="329bc671-e6a3-465c-a0b4-00f40c0e2de5" />
    <UnitTestResult executionId="e2794ade-17e4-48db-b977-351055cb3c18" testId="059c606f-3d60-53df-72c9-24d2e6e21c99" testName="Dispose_ShouldClosePlaybackSource" computerName="DKSR-EFI-04" duration="00:00:00.0027690" startTime="2023-12-22T09:35:44.2256660+01:00" endTime="2023-12-22T09:35:44.2256660+01:00" testType="13cdc9d9-ddb5-4fa4-a97d-d965ccfc6d4b" outcome="Passed" testListId="8c84fa94-04c1-424b-9868-57a2d4851a1d" relativeResultsDirectory="e2794ade-17e4-48db-b977-351055cb3c18" />
    <UnitTestResult executionId="ee216dd0-354d-47e7-83a1-8e9cf7968151" testId="7726250d-1a84-61d9-048c-e6c55a2403b1" testName="GetBuiltInPersonFilters_ShouldIncludeGender_WhenGenderFilterIsVisible" computerName="DKSR-EFI-04" duration="00:00:00.0007750" startTime="2023-12-22T09:36:33.5071779+01:00" endTime="2023-12-22T09:36:33.5071779+01:00" testType="13cdc9d9-ddb5-4fa4-a97d-d965ccfc6d4b" outcome="Passed" testListId="8c84fa94-04c1-424b-9868-57a2d4851a1d" relativeResultsDirectory="ee216dd0-354d-47e7-83a1-8e9cf7968151" />
    <UnitTestResult executionId="159c15fc-8f9b-40bb-8be5-7da43848c00c" testId="ec31edd8-efda-9e8e-45c9-3573e057a69c" testName="GetValue_ShouldReturnAValue_WhenCalledWithKnownFilterIds (4c6aeecb-d705-44bf-8bea-2d866fbd3ba8)" computerName="DKSR-EFI-04" duration="00:00:00.0000083" startTime="2023-12-22T09:36:33.6165541+01:00" endTime="2023-12-22T09:36:33.6165541+01:00" testType="13cdc9d9-ddb5-4fa4-a97d-d965ccfc6d4b" outcome="Passed" testListId="8c84fa94-04c1-424b-9868-57a2d4851a1d" relativeResultsDirectory="159c15fc-8f9b-40bb-8be5-7da43848c00c" />
    <UnitTestResult executionId="985f1f32-a8a5-4721-9872-3b35cdc8e71d" testId="c4674444-4d27-381d-2d13-af16095b495c" testName="TryParseColor_ShouldReturn_CorrectResult (&lt;?xml version=&quot;1.0&quot;?&gt; &lt;tt:Color xmlns:tt=&quot;http://www.onvif.org/ver10/schema&quot; Y = &quot;169&quot; X = &quot;169&quot; Colorspace = &quot;RGB&quot; /&gt;,False)" computerName="DKSR-EFI-04" duration="00:00:00.0001383" startTime="2023-12-22T09:35:39.8977231+01:00" endTime="2023-12-22T09:35:39.8977231+01:00" testType="13cdc9d9-ddb5-4fa4-a97d-d965ccfc6d4b" outcome="Passed" testListId="8c84fa94-04c1-424b-9868-57a2d4851a1d" relativeResultsDirectory="985f1f32-a8a5-4721-9872-3b35cdc8e71d" />
    <UnitTestResult executionId="ea178acf-7bdb-421a-b86b-a631b71adb5c" testId="81b93e8e-482e-e408-eee4-d9aa0556e6f0" testName="IsMatch_ShouldReturnTrue_WhenObjectElementHasFullyMatchingPropertyWithCaseMissmatch" computerName="DKSR-EFI-04" duration="00:00:00.0015126" startTime="2023-12-22T09:35:39.7725180+01:00" endTime="2023-12-22T09:35:39.7725180+01:00" testType="13cdc9d9-ddb5-4fa4-a97d-d965ccfc6d4b" outcome="Passed" testListId="8c84fa94-04c1-424b-9868-57a2d4851a1d" relativeResultsDirectory="ea178acf-7bdb-421a-b86b-a631b71adb5c" />
    <UnitTestResult executionId="9cc46697-06fc-4843-97b7-c7218294d8d8" testId="96748469-9f77-293e-9024-c4beadff4ef6" testName="GetFrames_ShouldReturnFramesInTheSpecifiedTimeRange (False)" computerName="DKSR-EFI-04" duration="00:00:01.8336906" startTime="2023-12-22T09:35:41.9131547+01:00" endTime="2023-12-22T09:35:43.7412876+01:00" testType="13cdc9d9-ddb5-4fa4-a97d-d965ccfc6d4b" outcome="Passed" testListId="8c84fa94-04c1-424b-9868-57a2d4851a1d" relativeResultsDirectory="9cc46697-06fc-4843-97b7-c7218294d8d8" />
    <UnitTestResult executionId="2f63b3a2-b91a-4983-ab33-3ac9bbcfbce5" testId="a2a230c0-8213-023a-c64e-825786530df6" testName="IsMatch_ShouldReturnFalse_WhenNestedPredicateReturnsTrue" computerName="DKSR-EFI-04" duration="00:00:00.0008104" startTime="2023-12-22T09:35:35.7881303+01:00" endTime="2023-12-22T09:35:35.7881303+01:00" testType="13cdc9d9-ddb5-4fa4-a97d-d965ccfc6d4b" outcome="Passed" testListId="8c84fa94-04c1-424b-9868-57a2d4851a1d" relativeResultsDirectory="2f63b3a2-b91a-4983-ab33-3ac9bbcfbce5" />
    <UnitTestResult executionId="36b64f95-3fba-4ac0-a0f7-7048333ec810" testId="7f6a0ab9-500f-44ab-cca2-a1538b8ddd70" testName="GetFilterValues_ShouldReturnColorValues_WhenValueIsValid" computerName="DKSR-EFI-04" duration="00:00:00.0157284" startTime="2023-12-22T09:35:36.3193749+01:00" endTime="2023-12-22T09:35:36.3350016+01:00" testType="13cdc9d9-ddb5-4fa4-a97d-d965ccfc6d4b" outcome="Passed" testListId="8c84fa94-04c1-424b-9868-57a2d4851a1d" relativeResultsDirectory="36b64f95-3fba-4ac0-a0f7-7048333ec810" />
    <UnitTestResult executionId="7f154f73-dfb7-4acd-8dfd-4d7f402acdaa" testId="9d12b1c9-082e-453c-ce1a-ef9a889a54e6" testName="IsMatch_ShouldReturnFalse_WhenClassIsMissingAndPropertiesAreMissing" computerName="DKSR-EFI-04" duration="00:00:00.0045495" startTime="2023-12-22T09:35:35.7256219+01:00" endTime="2023-12-22T09:35:35.7412471+01:00" testType="13cdc9d9-ddb5-4fa4-a97d-d965ccfc6d4b" outcome="Passed" testListId="8c84fa94-04c1-424b-9868-57a2d4851a1d" relativeResultsDirectory="7f154f73-dfb7-4acd-8dfd-4d7f402acdaa" />
    <UnitTestResult executionId="ae201f55-461a-450e-b7e1-5616878daded" testId="9f6ddcdf-929b-cb02-8911-903094987d1a" testName="IsReset_ShouldBeFalse_WhenValueIsSet" computerName="DKSR-EFI-04" duration="00:00:00.0003544" startTime="2023-12-22T09:35:36.6006262+01:00" endTime="2023-12-22T09:35:36.6006262+01:00" testType="13cdc9d9-ddb5-4fa4-a97d-d965ccfc6d4b" outcome="Passed" testListId="8c84fa94-04c1-424b-9868-57a2d4851a1d" relativeResultsDirectory="ae201f55-461a-450e-b7e1-5616878daded" />
    <UnitTestResult executionId="a9215685-1778-44b8-8bc9-c12a5ddc2371" testId="2e3bd7fd-edea-fa2f-1e47-cb4acde20649" testName="GetMatchingObjects_ShouldReturnEmptyCollection_IfItContainsNoMatchingObjects" computerName="DKSR-EFI-04" duration="00:00:00.0022208" startTime="2023-12-22T09:35:48.7100662+01:00" endTime="2023-12-22T09:35:48.7100662+01:00" testType="13cdc9d9-ddb5-4fa4-a97d-d965ccfc6d4b" outcome="Passed" testListId="8c84fa94-04c1-424b-9868-57a2d4851a1d" relativeResultsDirectory="a9215685-1778-44b8-8bc9-c12a5ddc2371" />
    <UnitTestResult executionId="4a33ef7c-db95-40fa-857c-96224f01e2cd" testId="00af2491-392a-89dc-55bf-452540374856" testName="Parse_ShouldHandleXml_WithProperties" computerName="DKSR-EFI-04" duration="00:00:00.0012219" startTime="2023-12-22T09:35:48.7569403+01:00" endTime="2023-12-22T09:35:48.7569403+01:00" testType="13cdc9d9-ddb5-4fa4-a97d-d965ccfc6d4b" outcome="Passed" testListId="8c84fa94-04c1-424b-9868-57a2d4851a1d" relativeResultsDirectory="4a33ef7c-db95-40fa-857c-96224f01e2cd" />
    <UnitTestResult executionId="4c35183a-4a92-484e-b4c5-fa4e0cdfe8c4" testId="86772793-9b9c-cd53-07e7-ef942f102493" testName="GetBuiltInVehicleFilters_ShouldReturnNone_WhenThereAreNoFilters" computerName="DKSR-EFI-04" duration="00:00:00.0005677" startTime="2023-12-22T09:36:33.5228030+01:00" endTime="2023-12-22T09:36:33.5228030+01:00" testType="13cdc9d9-ddb5-4fa4-a97d-d965ccfc6d4b" outcome="Passed" testListId="8c84fa94-04c1-424b-9868-57a2d4851a1d" relativeResultsDirectory="4c35183a-4a92-484e-b4c5-fa4e0cdfe8c4" />
    <UnitTestResult executionId="6603acbe-a9d5-4486-87a8-b098b1f8eb4b" testId="4159a119-791f-95a8-3b26-2311b7b6e23a" testName="IsMatch_ShouldReturnFalse_WhenClassIsNotMatch" computerName="DKSR-EFI-04" duration="00:00:00.0082714" startTime="2023-12-22T09:35:35.6943715+01:00" endTime="2023-12-22T09:35:35.7099967+01:00" testType="13cdc9d9-ddb5-4fa4-a97d-d965ccfc6d4b" outcome="Passed" testListId="8c84fa94-04c1-424b-9868-57a2d4851a1d" relativeResultsDirectory="6603acbe-a9d5-4486-87a8-b098b1f8eb4b" />
    <UnitTestResult executionId="40f150e5-42de-422f-9fd4-69d47bad658f" testId="cb07d75a-8724-b8aa-941b-2cf713e8859e" testName="Constructors_ShouldNotAllowInjectionOfNulls" computerName="DKSR-EFI-04" duration="00:00:00.0016122" startTime="2023-12-22T09:36:33.5696808+01:00" endTime="2023-12-22T09:36:33.5696808+01:00" testType="13cdc9d9-ddb5-4fa4-a97d-d965ccfc6d4b" outcome="Passed" testListId="8c84fa94-04c1-424b-9868-57a2d4851a1d" relativeResultsDirectory="40f150e5-42de-422f-9fd4-69d47bad658f" />
    <UnitTestResult executionId="c25c8123-dfc0-4226-b559-fd95b8701567" testId="423c6999-647a-cca0-d470-31ebbf4aa8bb" testName="GetCategorySearchPredicate_ShouldReturnPredicateWithAllRelatedProperties_WhenSomeFiltersAreEnabled" computerName="DKSR-EFI-04" duration="00:00:00.0011728" startTime="2023-12-22T09:36:33.4759297+01:00" endTime="2023-12-22T09:36:33.4759297+01:00" testType="13cdc9d9-ddb5-4fa4-a97d-d965ccfc6d4b" outcome="Passed" testListId="8c84fa94-04c1-424b-9868-57a2d4851a1d" relativeResultsDirectory="c25c8123-dfc0-4226-b559-fd95b8701567" />
    <UnitTestResult executionId="289228b7-c001-4324-9322-a5c4b2ef5e48" testId="d008ea7c-7946-fcc4-ce52-21d8e24e6514" testName="GetEnabledFilters_ShouldReturnEmptyCollection_WhenAllFiltersAreDisabled" computerName="DKSR-EFI-04" duration="00:00:00.0015061" startTime="2023-12-22T09:36:33.4915511+01:00" endTime="2023-12-22T09:36:33.4915511+01:00" testType="13cdc9d9-ddb5-4fa4-a97d-d965ccfc6d4b" outcome="Passed" testListId="8c84fa94-04c1-424b-9868-57a2d4851a1d" relativeResultsDirectory="289228b7-c001-4324-9322-a5c4b2ef5e48" />
    <UnitTestResult executionId="932a4307-9bd8-4ff1-bf33-6010f084493c" testId="9bf617e2-5acb-b3f1-22d6-cb663ae2d525" testName="GetValue_ShouldReturnAValue_WhenCalledWithKnownVehicleTypeIds (4d4fe47d-7a6a-47ac-9653-4316d92000f6)" computerName="DKSR-EFI-04" duration="00:00:00.0003727" startTime="2023-12-22T09:36:33.5853022+01:00" endTime="2023-12-22T09:36:33.6009311+01:00" testType="13cdc9d9-ddb5-4fa4-a97d-d965ccfc6d4b" outcome="Passed" testListId="8c84fa94-04c1-424b-9868-57a2d4851a1d" relativeResultsDirectory="932a4307-9bd8-4ff1-bf33-6010f084493c" />
    <UnitTestResult executionId="e1f879a1-eccb-40ad-ab6f-748d59f67f0d" testId="a70f7772-2e5d-d839-25f4-6b6201671e24" testName="Deserialize_ShouldReturnFalse_WhenInputContainsTooManyParameters" computerName="DKSR-EFI-04" duration="00:00:00.0003895" startTime="2023-12-22T09:35:36.5693768+01:00" endTime="2023-12-22T09:35:36.5693768+01:00" testType="13cdc9d9-ddb5-4fa4-a97d-d965ccfc6d4b" outcome="Passed" testListId="8c84fa94-04c1-424b-9868-57a2d4851a1d" relativeResultsDirectory="e1f879a1-eccb-40ad-ab6f-748d59f67f0d" />
    <UnitTestResult executionId="c72cc405-6c82-40a5-a850-7767860a0fa7" testId="aae80a07-bba1-9961-65be-939c18637c0f" testName="IsMatch_ShouldComparecolorCorrectly_WhenGivenValidPropertyValues (red,red,True)" computerName="DKSR-EFI-04" duration="00:00:00.0007519" startTime="2023-12-22T09:35:39.5225169+01:00" endTime="2023-12-22T09:35:39.5225169+01:00" testType="13cdc9d9-ddb5-4fa4-a97d-d965ccfc6d4b" outcome="Passed" testListId="8c84fa94-04c1-424b-9868-57a2d4851a1d" relativeResultsDirectory="c72cc405-6c82-40a5-a850-7767860a0fa7" />
    <UnitTestResult executionId="771ade87-d5b1-45b4-b1b8-d81d10bf1c69" testId="80b7e897-b10d-fad4-023d-830b189c8e11" testName="Constructors_ShouldNotAllowInjectionOfNulls" computerName="DKSR-EFI-04" duration="00:00:00.0023617" startTime="2023-12-22T09:35:39.5225169+01:00" endTime="2023-12-22T09:35:39.5225169+01:00" testType="13cdc9d9-ddb5-4fa4-a97d-d965ccfc6d4b" outcome="Passed" testListId="8c84fa94-04c1-424b-9868-57a2d4851a1d" relativeResultsDirectory="771ade87-d5b1-45b4-b1b8-d81d10bf1c69" />
    <UnitTestResult executionId="524de76e-3060-4336-8a50-ddc5c2965408" testId="5a5e812e-c4e9-175f-6bcb-96456d94eb2a" testName="DoSearch_ShouldFindLocation_WhenCategoryPresent" computerName="DKSR-EFI-04" duration="00:00:02.5066676" startTime="2023-12-22T09:36:30.8352888+01:00" endTime="2023-12-22T09:36:33.3353026+01:00" testType="13cdc9d9-ddb5-4fa4-a97d-d965ccfc6d4b" outcome="Passed" testListId="8c84fa94-04c1-424b-9868-57a2d4851a1d" relativeResultsDirectory="524de76e-3060-4336-8a50-ddc5c2965408" />
    <UnitTestResult executionId="98f91130-bbef-4ea8-9363-65e4249c19e1" testId="d04aa2de-baae-d86e-f0a1-20911f2062f5" testName="Constructors_ShouldNotAllowInjectionOfNulls" computerName="DKSR-EFI-04" duration="00:00:00.0018419" startTime="2023-12-22T09:35:39.7100206+01:00" endTime="2023-12-22T09:35:39.7100206+01:00" testType="13cdc9d9-ddb5-4fa4-a97d-d965ccfc6d4b" outcome="Passed" testListId="8c84fa94-04c1-424b-9868-57a2d4851a1d" relativeResultsDirectory="98f91130-bbef-4ea8-9363-65e4249c19e1" />
    <UnitTestResult executionId="c31420b1-1584-4f74-bebd-d51bbc3f4baa" testId="759c07ed-5743-04f3-61c1-8ed09d840e87" testName="GetMetadataObjectsAsync_ShouldReturnMetadataObject_WithCorrectId" computerName="DKSR-EFI-04" duration="00:00:00.0131669" startTime="2023-12-22T09:35:39.3506400+01:00" endTime="2023-12-22T09:35:39.3506400+01:00" testType="13cdc9d9-ddb5-4fa4-a97d-d965ccfc6d4b" outcome="Passed" testListId="8c84fa94-04c1-424b-9868-57a2d4851a1d" relativeResultsDirectory="c31420b1-1584-4f74-bebd-d51bbc3f4baa" />
    <UnitTestResult executionId="03be1c29-b7e5-4534-bc76-8947032fdba1" testId="17ed2963-dfb1-7714-e286-6e03123b6d08" testName="MultipleClassesShouldBeParsed" computerName="DKSR-EFI-04" duration="00:00:00.0012634" startTime="2023-12-22T09:35:48.8194416+01:00" endTime="2023-12-22T09:35:48.8194416+01:00" testType="13cdc9d9-ddb5-4fa4-a97d-d965ccfc6d4b" outcome="Passed" testListId="8c84fa94-04c1-424b-9868-57a2d4851a1d" relativeResultsDirectory="03be1c29-b7e5-4534-bc76-8947032fdba1" />
    <UnitTestResult executionId="6fab8eb5-8097-4eef-8ed9-9e2bb638d8f1" testId="e1ffa54c-eb80-0f12-fd51-b14ee6e33404" testName="IsMatch_ShouldReturnTrue_WhenValueEqualsLowValue" computerName="DKSR-EFI-04" duration="00:00:00.0014659" startTime="2023-12-22T09:35:39.5381436+01:00" endTime="2023-12-22T09:35:39.5537677+01:00" testType="13cdc9d9-ddb5-4fa4-a97d-d965ccfc6d4b" outcome="Passed" testListId="8c84fa94-04c1-424b-9868-57a2d4851a1d" relativeResultsDirectory="6fab8eb5-8097-4eef-8ed9-9e2bb638d8f1" />
    <UnitTestResult executionId="a33572d2-9a24-4009-be12-cf793ca4c155" testId="44ac5fce-cdcc-eed0-5459-65516580a0bf" testName="GetSearchPredicate_ShouldCallFactoryWithValueFromValueProvider" computerName="DKSR-EFI-04" duration="00:00:00.0045543" startTime="2023-12-22T09:35:36.9287580+01:00" endTime="2023-12-22T09:35:36.9287580+01:00" testType="13cdc9d9-ddb5-4fa4-a97d-d965ccfc6d4b" outcome="Passed" testListId="8c84fa94-04c1-424b-9868-57a2d4851a1d" relativeResultsDirectory="a33572d2-9a24-4009-be12-cf793ca4c155" />
    <UnitTestResult executionId="0bca870b-f3a0-400c-8a88-295d83d52878" testId="6284c07a-1926-8d31-c1a2-15de191e68d7" testName="GetEnabledFilters_ShouldReturnEmptyCollection_WhenCategoryHasNoFilters" computerName="DKSR-EFI-04" duration="00:00:00.0008898" startTime="2023-12-22T09:36:33.4759297+01:00" endTime="2023-12-22T09:36:33.4915511+01:00" testType="13cdc9d9-ddb5-4fa4-a97d-d965ccfc6d4b" outcome="Passed" testListId="8c84fa94-04c1-424b-9868-57a2d4851a1d" relativeResultsDirectory="0bca870b-f3a0-400c-8a88-295d83d52878" />
    <UnitTestResult executionId="edd4af38-692d-43ba-848d-2c712d98abc9" testId="ec446803-cb19-fae8-612f-032138cfb6cb" testName="DoSearch_ShouldFindPeople_WhenHeightPropertyIsPresent" computerName="DKSR-EFI-04" duration="00:00:02.5201843" startTime="2023-12-22T09:36:05.1476515+01:00" endTime="2023-12-22T09:36:07.6789158+01:00" testType="13cdc9d9-ddb5-4fa4-a97d-d965ccfc6d4b" outcome="Passed" testListId="8c84fa94-04c1-424b-9868-57a2d4851a1d" relativeResultsDirectory="edd4af38-692d-43ba-848d-2c712d98abc9" />
    <UnitTestResult executionId="6a71bb56-8cbc-4013-b8b1-6adef60cd60f" testId="cf18dd52-6916-12e2-2fed-58d3cb34a544" testName="IsMatch_ShouldReturnTrue_WhenObjectElementHasCorrectValueWithSuffix" computerName="DKSR-EFI-04" duration="00:00:00.0017075" startTime="2023-12-22T09:35:39.7256421+01:00" endTime="2023-12-22T09:35:39.7256421+01:00" testType="13cdc9d9-ddb5-4fa4-a97d-d965ccfc6d4b" outcome="Passed" testListId="8c84fa94-04c1-424b-9868-57a2d4851a1d" relativeResultsDirectory="6a71bb56-8cbc-4013-b8b1-6adef60cd60f" />
    <UnitTestResult executionId="d3af3c51-6d70-44f7-912c-17011762fb5a" testId="6a961c02-718c-8949-3956-b0d5d43fedad" testName="CreateGuid_ShouldReturnDifferentGuid_WhenUsingDifferentEndTime" computerName="DKSR-EFI-04" duration="00:00:00.0012644" startTime="2023-12-22T09:35:37.5225078+01:00" endTime="2023-12-22T09:35:37.5225078+01:00" testType="13cdc9d9-ddb5-4fa4-a97d-d965ccfc6d4b" outcome="Passed" testListId="8c84fa94-04c1-424b-9868-57a2d4851a1d" relativeResultsDirectory="d3af3c51-6d70-44f7-912c-17011762fb5a" />
    <UnitTestResult executionId="82cf9bb2-768d-4f6c-8a94-fe7aa3f60856" testId="793c7d39-7106-ac74-be73-1143bc1bfdf9" testName="CreateGuid_ShouldReturnGuid_WhenObjectIdEmptyString" computerName="DKSR-EFI-04" duration="00:00:00.0007815" startTime="2023-12-22T09:35:37.4912586+01:00" endTime="2023-12-22T09:35:37.4912586+01:00" testType="13cdc9d9-ddb5-4fa4-a97d-d965ccfc6d4b" outcome="Passed" testListId="8c84fa94-04c1-424b-9868-57a2d4851a1d" relativeResultsDirectory="82cf9bb2-768d-4f6c-8a94-fe7aa3f60856" />
    <UnitTestResult executionId="b5b705c7-9eea-4aa4-a827-7345b4bd35c0" testId="db6b037b-68db-78d4-ca62-6240f561f66d" testName="IsMatch_ShouldReturnTrue_WhenAnyPropertyIsPresent" computerName="DKSR-EFI-04" duration="00:00:00.0083178" startTime="2023-12-22T09:35:35.6631213+01:00" endTime="2023-12-22T09:35:35.6631213+01:00" testType="13cdc9d9-ddb5-4fa4-a97d-d965ccfc6d4b" outcome="Passed" testListId="8c84fa94-04c1-424b-9868-57a2d4851a1d" relativeResultsDirectory="b5b705c7-9eea-4aa4-a827-7345b4bd35c0" />
    <UnitTestResult executionId="a130f4ad-3a02-483c-a38d-01f13a3bb12c" testId="a88a4f36-9fe9-3a9d-de99-ff643074a031" testName="DoSearch_ShouldFindPeople_WhenClassIsPerson" computerName="DKSR-EFI-04" duration="00:00:02.8207570" startTime="2023-12-22T09:35:59.5538749+01:00" endTime="2023-12-22T09:36:02.3820126+01:00" testType="13cdc9d9-ddb5-4fa4-a97d-d965ccfc6d4b" outcome="Passed" testListId="8c84fa94-04c1-424b-9868-57a2d4851a1d" relativeResultsDirectory="a130f4ad-3a02-483c-a38d-01f13a3bb12c" />
    <UnitTestResult executionId="311b2949-b940-45d3-b553-b7e8802e9fc4" testId="1c6c1ac8-e79d-2b72-ded6-e5c6615f559e" testName="DoSearch_ShouldFindPeople_WhenClassIsPeople" computerName="DKSR-EFI-04" duration="00:00:02.7348613" startTime="2023-12-22T09:35:56.8194827+01:00" endTime="2023-12-22T09:35:59.5538749+01:00" testType="13cdc9d9-ddb5-4fa4-a97d-d965ccfc6d4b" outcome="Passed" testListId="8c84fa94-04c1-424b-9868-57a2d4851a1d" relativeResultsDirectory="311b2949-b940-45d3-b553-b7e8802e9fc4" />
    <UnitTestResult executionId="56cb445a-b4eb-4283-9398-4fa7d233eb81" testId="c7ef4322-b543-7b5e-59f2-cad8df662276" testName="GetFilterValues_ShouldReturnEmptyEnumeration_WhenValueIsNull" computerName="DKSR-EFI-04" duration="00:00:00.0732250" startTime="2023-12-22T09:35:36.2412512+01:00" endTime="2023-12-22T09:35:36.3037518+01:00" testType="13cdc9d9-ddb5-4fa4-a97d-d965ccfc6d4b" outcome="Passed" testListId="8c84fa94-04c1-424b-9868-57a2d4851a1d" relativeResultsDirectory="56cb445a-b4eb-4283-9398-4fa7d233eb81" />
    <UnitTestResult executionId="c78b314e-d2a6-4185-aec5-f14b7b85c07c" testId="8cabdb07-673a-5d18-1dcc-cca760c80f50" testName="GetBoundingBox_ShouldReturnBoundingShapeInSmartClientCoordinateSystem_WhenGivenOnvifCoordinateSystem (0.73,0.245,0.14,0.505)" computerName="DKSR-EFI-04" duration="00:00:00.1418851" startTime="2023-12-22T09:35:36.9600063+01:00" endTime="2023-12-22T09:35:37.1006315+01:00" testType="13cdc9d9-ddb5-4fa4-a97d-d965ccfc6d4b" outcome="Passed" testListId="8c84fa94-04c1-424b-9868-57a2d4851a1d" relativeResultsDirectory="c78b314e-d2a6-4185-aec5-f14b7b85c07c" />
    <UnitTestResult executionId="8a797ef5-f4f5-48f2-9442-0cb427483bfc" testId="6568c19e-8bf2-d34d-5eef-b1a22db6673c" testName="Constructors_ShouldNotAllowInjectionOfNulls" computerName="DKSR-EFI-04" duration="00:00:00.0010016" startTime="2023-12-22T09:35:39.5693959+01:00" endTime="2023-12-22T09:35:39.5693959+01:00" testType="13cdc9d9-ddb5-4fa4-a97d-d965ccfc6d4b" outcome="Passed" testListId="8c84fa94-04c1-424b-9868-57a2d4851a1d" relativeResultsDirectory="8a797ef5-f4f5-48f2-9442-0cb427483bfc" />
    <UnitTestResult executionId="9d34fc66-6429-477e-bd83-2792cb3ea326" testId="05b207a0-127a-402c-e97d-064a61ed8417" testName="GetFilterValues_ShouldReturnEmptyEnumeration_WhenValueIsNull" computerName="DKSR-EFI-04" duration="00:00:00.0286181" startTime="2023-12-22T09:35:35.8662491+01:00" endTime="2023-12-22T09:35:35.8974984+01:00" testType="13cdc9d9-ddb5-4fa4-a97d-d965ccfc6d4b" outcome="Passed" testListId="8c84fa94-04c1-424b-9868-57a2d4851a1d" relativeResultsDirectory="9d34fc66-6429-477e-bd83-2792cb3ea326" />
    <UnitTestResult executionId="4304b1cb-bcce-4d85-bf98-e020b20ac146" testId="914093fc-0ae9-8737-896a-2c2db34dfcfc" testName="SearchingForHumans_ShouldReturnAllHumansInFrame_WhenThereAreMultiple" computerName="DKSR-EFI-04" duration="00:00:00.0060672" startTime="2023-12-22T09:36:33.4134262+01:00" endTime="2023-12-22T09:36:33.4134262+01:00" testType="13cdc9d9-ddb5-4fa4-a97d-d965ccfc6d4b" outcome="Passed" testListId="8c84fa94-04c1-424b-9868-57a2d4851a1d" relativeResultsDirectory="4304b1cb-bcce-4d85-bf98-e020b20ac146" />
    <UnitTestResult executionId="00afacf1-dbe6-4604-a13b-65bb7450c723" testId="7c79ce62-edca-d66d-7a06-5b9a9eacd5c6" testName="Constructors_ShouldNotAllowInjectionOfEmptyObjectCollection" computerName="DKSR-EFI-04" duration="00:00:00.0014542" startTime="2023-12-22T09:35:48.7881891+01:00" endTime="2023-12-22T09:35:48.7881891+01:00" testType="13cdc9d9-ddb5-4fa4-a97d-d965ccfc6d4b" outcome="Passed" testListId="8c84fa94-04c1-424b-9868-57a2d4851a1d" relativeResultsDirectory="00afacf1-dbe6-4604-a13b-65bb7450c723" />
    <UnitTestResult executionId="d323eaff-2377-42bb-ae7a-7a25168c68f0" testId="dd40257d-2bab-f5c0-7a32-ca7122b04e5d" testName="GetBoundingPolygon_ShouldClipPolygons_WhenGivenCoordinatesThatFallOutsideRange (System.Double[])" computerName="DKSR-EFI-04" duration="00:00:00.0012429" startTime="2023-12-22T09:35:37.1318801+01:00" endTime="2023-12-22T09:35:37.1318801+01:00" testType="13cdc9d9-ddb5-4fa4-a97d-d965ccfc6d4b" outcome="Passed" testListId="8c84fa94-04c1-424b-9868-57a2d4851a1d" relativeResultsDirectory="d323eaff-2377-42bb-ae7a-7a25168c68f0" />
    <UnitTestResult executionId="e110a891-bdc1-4b73-99a4-f57271a95a53" testId="8c94c5b6-fb6c-7a45-ee15-4616938c4c84" testName="GetBuiltInVehicleFilters_ShouldIncludeColor_WhenColorFilterIsVisible" computerName="DKSR-EFI-04" duration="00:00:00.0007951" startTime="2023-12-22T09:36:33.5228030+01:00" endTime="2023-12-22T09:36:33.5228030+01:00" testType="13cdc9d9-ddb5-4fa4-a97d-d965ccfc6d4b" outcome="Passed" testListId="8c84fa94-04c1-424b-9868-57a2d4851a1d" relativeResultsDirectory="e110a891-bdc1-4b73-99a4-f57271a95a53" />
    <UnitTestResult executionId="64d70091-8544-498b-8335-89885bfea840" testId="05a0b56b-824a-235d-7575-9dc9bb5e2ed7" testName="IsMatch_ShouldReturnCorrectMatchingProperties_WhenObjectElementHasPartiallyMatchingPropertyRegardsOfOrderIsFirst" computerName="DKSR-EFI-04" duration="00:00:00.0020820" startTime="2023-12-22T09:35:39.7412667+01:00" endTime="2023-12-22T09:35:39.7568926+01:00" testType="13cdc9d9-ddb5-4fa4-a97d-d965ccfc6d4b" outcome="Passed" testListId="8c84fa94-04c1-424b-9868-57a2d4851a1d" relativeResultsDirectory="64d70091-8544-498b-8335-89885bfea840" />
    <UnitTestResult executionId="c131dd30-49db-4440-bee8-c9d06d398672" testId="7a083692-b64b-4188-e6f5-07c2948d71a3" testName="CreateGuid_ShouldReturnDifferentGuid_WhenUsingDifferentStartTime" computerName="DKSR-EFI-04" duration="00:00:00.0031477" startTime="2023-12-22T09:35:37.5068805+01:00" endTime="2023-12-22T09:35:37.5068805+01:00" testType="13cdc9d9-ddb5-4fa4-a97d-d965ccfc6d4b" outcome="Passed" testListId="8c84fa94-04c1-424b-9868-57a2d4851a1d" relativeResultsDirectory="c131dd30-49db-4440-bee8-c9d06d398672" />
    <UnitTestResult executionId="6040b46f-50a0-4eca-827a-cd1ca73c0501" testId="74ddc7c3-02ad-d786-3e81-678bef6c5666" testName="IsMatch_ShouldReturnTrue_WhenValueIsWhitinRange" computerName="DKSR-EFI-04" duration="00:00:00.0024779" startTime="2023-12-22T09:35:39.5225169+01:00" endTime="2023-12-22T09:35:39.5381436+01:00" testType="13cdc9d9-ddb5-4fa4-a97d-d965ccfc6d4b" outcome="Passed" testListId="8c84fa94-04c1-424b-9868-57a2d4851a1d" relativeResultsDirectory="6040b46f-50a0-4eca-827a-cd1ca73c0501" />
    <UnitTestResult executionId="a651e303-888b-4b63-a8d7-6e99a93532bd" testId="ff7a89d5-2ad1-f7d4-61e5-9da8eeef957d" testName="GetFilterValues_ShouldReturnEmptyEnumeration_WhenValueIsNull" computerName="DKSR-EFI-04" duration="00:00:00.0085187" startTime="2023-12-22T09:35:36.1631245+01:00" endTime="2023-12-22T09:35:36.1631245+01:00" testType="13cdc9d9-ddb5-4fa4-a97d-d965ccfc6d4b" outcome="Passed" testListId="8c84fa94-04c1-424b-9868-57a2d4851a1d" relativeResultsDirectory="a651e303-888b-4b63-a8d7-6e99a93532bd" />
    <UnitTestResult executionId="f995366e-7cd1-43ed-82e1-ac2678d708ba" testId="0f0e6972-06c8-db8d-1b86-f2ea4c948042" testName="DoSearch_ShouldFindVehicle_WhenLicensePlatePropertyIsPresent" computerName="DKSR-EFI-04" duration="00:00:02.6776213" startTime="2023-12-22T09:36:25.8508870+01:00" endTime="2023-12-22T09:36:28.5227774+01:00" testType="13cdc9d9-ddb5-4fa4-a97d-d965ccfc6d4b" outcome="Passed" testListId="8c84fa94-04c1-424b-9868-57a2d4851a1d" relativeResultsDirectory="f995366e-7cd1-43ed-82e1-ac2678d708ba" />
    <UnitTestResult executionId="7bfa3ceb-9a16-43a4-916f-36f7a83bc002" testId="37f7b479-437b-e4ed-4de3-0b10106b72a3" testName="DoSearch_ShouldFindVehicle_WhenClassIsVehicle" computerName="DKSR-EFI-04" duration="00:00:02.6265091" startTime="2023-12-22T09:36:13.0539436+01:00" endTime="2023-12-22T09:36:15.6789582+01:00" testType="13cdc9d9-ddb5-4fa4-a97d-d965ccfc6d4b" outcome="Passed" testListId="8c84fa94-04c1-424b-9868-57a2d4851a1d" relativeResultsDirectory="7bfa3ceb-9a16-43a4-916f-36f7a83bc002" />
    <UnitTestResult executionId="48dc6da5-a413-4307-8cdd-de2924ff46a3" testId="817b77eb-bf56-7bdc-eb38-c60ea94fbfb5" testName="GetValue_ShouldReturnAValue_WhenCalledWithKnownVehicleTypeIds (e3e361ea-8750-4b83-b503-d78ddacd1fe0)" computerName="DKSR-EFI-04" duration="00:00:00.0000091" startTime="2023-12-22T09:36:33.6009311+01:00" endTime="2023-12-22T09:36:33.6009311+01:00" testType="13cdc9d9-ddb5-4fa4-a97d-d965ccfc6d4b" outcome="Passed" testListId="8c84fa94-04c1-424b-9868-57a2d4851a1d" relativeResultsDirectory="48dc6da5-a413-4307-8cdd-de2924ff46a3" />
    <UnitTestResult executionId="247e468d-ec5e-4b6e-b764-685cde0d70b2" testId="df54c472-f704-3a98-5845-930939f7342f" testName="IsMatch_ShouldCompareDistanceCorrectly_WhenGivenValidPropertyValues (44.401012,-73.848847,44.400888,-73.849034,0.1,True)" computerName="DKSR-EFI-04" duration="00:00:00.0034197" startTime="2023-12-22T09:35:39.6318984+01:00" endTime="2023-12-22T09:35:39.6318984+01:00" testType="13cdc9d9-ddb5-4fa4-a97d-d965ccfc6d4b" outcome="Passed" testListId="8c84fa94-04c1-424b-9868-57a2d4851a1d" relativeResultsDirectory="247e468d-ec5e-4b6e-b764-685cde0d70b2" />
    <UnitTestResult executionId="3e79a7be-da51-4a48-bd67-1c1c26673263" testId="a002aa07-fe8b-e44c-e8cc-f84260c4048a" testName="IsSet_ShouldBeFalse_WhenValueIsNull" computerName="DKSR-EFI-04" duration="00:00:00.0020046" startTime="2023-12-22T09:35:36.9443814+01:00" endTime="2023-12-22T09:35:36.9443814+01:00" testType="13cdc9d9-ddb5-4fa4-a97d-d965ccfc6d4b" outcome="Passed" testListId="8c84fa94-04c1-424b-9868-57a2d4851a1d" relativeResultsDirectory="3e79a7be-da51-4a48-bd67-1c1c26673263" />
    <UnitTestResult executionId="49d080fc-5b86-44b3-b112-bea9ef31bea7" testId="59cd6aa8-5529-82a6-681d-5b634e1a1c2b" testName="DoSearch_ShouldFindPeople_WhenGenderPropertyIsPresent" computerName="DKSR-EFI-04" duration="00:00:02.6357095" startTime="2023-12-22T09:36:07.6789158+01:00" endTime="2023-12-22T09:36:10.3195562+01:00" testType="13cdc9d9-ddb5-4fa4-a97d-d965ccfc6d4b" outcome="Passed" testListId="8c84fa94-04c1-424b-9868-57a2d4851a1d" relativeResultsDirectory="49d080fc-5b86-44b3-b112-bea9ef31bea7" />
    <UnitTestResult executionId="43bc034d-7b9a-4d81-8624-f4e7885028e9" testId="ec8c7afb-c9ce-679d-154d-23c5e4f31ed0" testName="GetFrames_ShouldReturnReturnEmptyCollection_WhenThereAreNoFramesInTheSpecifiedTimeRange (False)" computerName="DKSR-EFI-04" duration="00:00:00.1164104" startTime="2023-12-22T09:35:43.8662886+01:00" endTime="2023-12-22T09:35:43.9912899+01:00" testType="13cdc9d9-ddb5-4fa4-a97d-d965ccfc6d4b" outcome="Passed" testListId="8c84fa94-04c1-424b-9868-57a2d4851a1d" relativeResultsDirectory="43bc034d-7b9a-4d81-8624-f4e7885028e9" />
    <UnitTestResult executionId="2dbd4984-46cd-4ba0-b841-7bde64650e5d" testId="8e47cb19-d8fb-e1bd-4851-85aa2bb18d82" testName="IsMatch_ShouldComparecolorCorrectly_WhenGivenValidPropertyValues (white,red,False)" computerName="DKSR-EFI-04" duration="00:00:00.0008406" startTime="2023-12-22T09:35:39.5068929+01:00" endTime="2023-12-22T09:35:39.5068929+01:00" testType="13cdc9d9-ddb5-4fa4-a97d-d965ccfc6d4b" outcome="Passed" testListId="8c84fa94-04c1-424b-9868-57a2d4851a1d" relativeResultsDirectory="2dbd4984-46cd-4ba0-b841-7bde64650e5d" />
    <UnitTestResult executionId="9c6be651-9834-45fd-aaf6-3d452add1b6b" testId="43632830-56b5-2c25-4520-e4973c4ca2ed" testName="BoundingShape_ShouldBeTheBoundingShapeOfFirstObject" computerName="DKSR-EFI-04" duration="00:00:00.0018452" startTime="2023-12-22T09:35:48.8038161+01:00" endTime="2023-12-22T09:35:48.8194416+01:00" testType="13cdc9d9-ddb5-4fa4-a97d-d965ccfc6d4b" outcome="Passed" testListId="8c84fa94-04c1-424b-9868-57a2d4851a1d" relativeResultsDirectory="9c6be651-9834-45fd-aaf6-3d452add1b6b" />
    <UnitTestResult executionId="e7618cef-0ba6-4149-9cb2-9ec7665c279c" testId="81599604-d3ee-c1a6-f35a-965ea15cee27" testName="GetFrames_ShouldContinueReturningFrames_WhenThereIsNoMIPContent (True)" computerName="DKSR-EFI-04" duration="00:00:01.3917553" startTime="2023-12-22T09:35:44.5381672+01:00" endTime="2023-12-22T09:35:45.9287980+01:00" testType="13cdc9d9-ddb5-4fa4-a97d-d965ccfc6d4b" outcome="Passed" testListId="8c84fa94-04c1-424b-9868-57a2d4851a1d" relativeResultsDirectory="e7618cef-0ba6-4149-9cb2-9ec7665c279c" />
    <UnitTestResult executionId="3d68e713-c3a1-4a25-b268-82e79650d598" testId="10bc45ca-5f3a-22e8-73e5-0f5118bba111" testName="IsMatch_ShouldReturnTrue_WhenObjectElementHasFullyMatchingPropertyRegardsOfOrderIsFirst" computerName="DKSR-EFI-04" duration="00:00:00.0013078" startTime="2023-12-22T09:35:39.7881420+01:00" endTime="2023-12-22T09:35:39.7881420+01:00" testType="13cdc9d9-ddb5-4fa4-a97d-d965ccfc6d4b" outcome="Passed" testListId="8c84fa94-04c1-424b-9868-57a2d4851a1d" relativeResultsDirectory="3d68e713-c3a1-4a25-b268-82e79650d598" />
  </Results>
  <TestDefinitions>
    <UnitTest name="SearchingForHumans_ShouldReturnAllHumansInFrame_WhenThereAreMultiple" storage="d:\actions-runner\_work\xpco\xpco\metadatasearch\plugin.tests\bin\debug\plugin.tests.dll" id="914093fc-0ae9-8737-896a-2c2db34dfcfc">
      <Execution id="4304b1cb-bcce-4d85-bf98-e020b20ac146" />
      <TestMethod codeBase="D:\actions-runner\_work\XPCO\XPCO\MetadataSearch\Plugin.Tests\bin\Debug\Plugin.Tests.dll" adapterTypeName="executor://mstestadapter/v2" className="VideoOS.MetadataSearch.Plugin.Tests.FunctionalTests.SearchTests" name="SearchingForHumans_ShouldReturnAllHumansInFrame_WhenThereAreMultiple" />
    </UnitTest>
    <UnitTest name="TryParseColor_ShouldReturn_CorrectResult (Red,True)" storage="d:\actions-runner\_work\xpco\xpco\metadatasearch\plugin.tests\bin\debug\plugin.tests.dll" id="6ec1a2c8-6831-bb68-1dd4-6d5d9dedc3a6">
      <Execution id="9de7abd8-7dc5-48a0-8284-66aa73b1c3c0" />
      <TestMethod codeBase="D:\actions-runner\_work\XPCO\XPCO\MetadataSearch\Plugin.Tests\bin\Debug\Plugin.Tests.dll" adapterTypeName="executor://mstestadapter/v2" className="VideoOS.MetadataSearch.Plugin.Tests.Search.ColorHandling.MilestoneColorParserTests" name="TryParseColor_ShouldReturn_CorrectResult" />
    </UnitTest>
    <UnitTest name="FilterObjects_ShouldReturnSequenceWithCorrectTimeRange_WhenGivenConsecutiveFramesWithObjects" storage="d:\actions-runner\_work\xpco\xpco\metadatasearch\plugin.tests\bin\debug\plugin.tests.dll" id="d36eae41-8262-e7e1-541f-b2641f83204d">
      <Execution id="59e9bfb3-01ec-4b66-86d0-5415642296b8" />
      <TestMethod codeBase="D:\actions-runner\_work\XPCO\XPCO\MetadataSearch\Plugin.Tests\bin\Debug\Plugin.Tests.dll" adapterTypeName="executor://mstestadapter/v2" className="VideoOS.MetadataSearch.Plugin.Tests.MetadataSearchEngineTests" name="FilterObjects_ShouldReturnSequenceWithCorrectTimeRange_WhenGivenConsecutiveFramesWithObjects" />
    </UnitTest>
    <UnitTest name="SearchingForHumans_ShouldReturnHumans_WhenThereAreMultipleClassesCandidatesFound" storage="d:\actions-runner\_work\xpco\xpco\metadatasearch\plugin.tests\bin\debug\plugin.tests.dll" id="7d722e1e-4b06-2bcd-088b-bc5b5722c0b1">
      <Execution id="f7d088be-68dd-4f02-b47f-be741ab936b7" />
      <TestMethod codeBase="D:\actions-runner\_work\XPCO\XPCO\MetadataSearch\Plugin.Tests\bin\Debug\Plugin.Tests.dll" adapterTypeName="executor://mstestadapter/v2" className="VideoOS.MetadataSearch.Plugin.Tests.FunctionalTests.SearchTests" name="SearchingForHumans_ShouldReturnHumans_WhenThereAreMultipleClassesCandidatesFound" />
    </UnitTest>
    <UnitTest name="IsMatch_ShouldReturnTrue_WhenValueIsWhitinRange" storage="d:\actions-runner\_work\xpco\xpco\metadatasearch\plugin.tests\bin\debug\plugin.tests.dll" id="74ddc7c3-02ad-d786-3e81-678bef6c5666">
      <Execution id="6040b46f-50a0-4eca-827a-cd1ca73c0501" />
      <TestMethod codeBase="D:\actions-runner\_work\XPCO\XPCO\MetadataSearch\Plugin.Tests\bin\Debug\Plugin.Tests.dll" adapterTypeName="executor://mstestadapter/v2" className="VideoOS.MetadataSearch.Plugin.Tests.Search.Predicates.RangeSearchPredicateTests" name="IsMatch_ShouldWorkJustFine" />
    </UnitTest>
    <UnitTest name="IsEmpty_ShouldReturnTrue_WhenThereAreNoFramesInTheSpecifiedTimeRange (False)" storage="d:\actions-runner\_work\xpco\xpco\metadatasearch\plugin.tests\bin\debug\plugin.tests.dll" id="bdb7e663-b622-2087-7954-8ebc47f08947">
      <Execution id="730fd9a1-0fab-4c30-87cb-d14ab2acde51" />
      <TestMethod codeBase="D:\actions-runner\_work\XPCO\XPCO\MetadataSearch\Plugin.Tests\bin\Debug\Plugin.Tests.dll" adapterTypeName="executor://mstestadapter/v2" className="VideoOS.MetadataSearch.Plugin.Tests.SearchAgent.MIPMetadataObjectSourceTests" name="IsEmpty_ShouldReturnTrue_WhenThereAreNoFramesInTheSpecifiedTimeRange" />
    </UnitTest>
    <UnitTest name="Constructors_ShouldNotAllowInjectionOfNulls" storage="d:\actions-runner\_work\xpco\xpco\metadatasearch\plugin.tests\bin\debug\plugin.tests.dll" id="58184755-b208-0d97-c83b-7bc984073520">
      <Execution id="c155af63-82e8-434d-a424-3dd3a720bb0d" />
      <TestMethod codeBase="D:\actions-runner\_work\XPCO\XPCO\MetadataSearch\Plugin.Tests\bin\Debug\Plugin.Tests.dll" adapterTypeName="executor://mstestadapter/v2" className="VideoOS.MetadataSearch.Plugin.Configuration.Tests.MetadataObjectDefinitionTests" name="Constructors_ShouldNotAllowInjectionOfNulls" />
    </UnitTest>
    <UnitTest name="IsEmpty_ShouldReturnBase_WhenSearchingWithoutDefaults (0,10,0,9,False)" storage="d:\actions-runner\_work\xpco\xpco\metadatasearch\plugin.tests\bin\debug\plugin.tests.dll" id="37587483-e18a-a534-2d93-a854d07444cf">
      <Execution id="1b5a5e60-bcbd-4522-bc9d-266af68d7fab" />
      <TestMethod codeBase="D:\actions-runner\_work\XPCO\XPCO\MetadataSearch\Plugin.Tests\bin\Debug\Plugin.Tests.dll" adapterTypeName="executor://mstestadapter/v2" className="VideoOS.MetadataSearch.Plugin.Search.Filters.Tests.RangeSearchFilterTests" name="IsEmpty_ShouldReturnBase_WhenSearchingWithoutDefaults" />
    </UnitTest>
    <UnitTest name="GetFilterValues_ShouldReturnGendersValues_WhenValueIsValid" storage="d:\actions-runner\_work\xpco\xpco\metadatasearch\plugin.tests\bin\debug\plugin.tests.dll" id="75a62d1d-a8c9-5e1b-d60b-36256a029b10">
      <Execution id="3c05f1ed-8556-4399-b705-094426d5b542" />
      <TestMethod codeBase="D:\actions-runner\_work\XPCO\XPCO\MetadataSearch\Plugin.Tests\bin\Debug\Plugin.Tests.dll" adapterTypeName="executor://mstestadapter/v2" className="VideoOS.MetadataSearch.Plugin.Search.FilterValueProviders.Tests.GenderValueProviderTests" name="GetFilterValues_ShouldReturnGendersValues_WhenValueIsValid" />
    </UnitTest>
    <UnitTest name="IsMatch_ShouldReturnFalse_WhenPropertyIsPartialHit" storage="d:\actions-runner\_work\xpco\xpco\metadatasearch\plugin.tests\bin\debug\plugin.tests.dll" id="ee4196a5-3fd9-23c9-5f93-141479c13ec5">
      <Execution id="c2789778-1538-4781-aaca-2c4dce8c2719" />
      <TestMethod codeBase="D:\actions-runner\_work\XPCO\XPCO\MetadataSearch\Plugin.Tests\bin\Debug\Plugin.Tests.dll" adapterTypeName="executor://mstestadapter/v2" className="VideoOS.MetadataSearch.Plugin.Search.Tests.Predicates.CategorySearchPredicateTests" name="IsMatch_ShouldReturnCorrectResult" />
    </UnitTest>
    <UnitTest name="Constructors_ShouldNotAllowInjectionOfNulls" storage="d:\actions-runner\_work\xpco\xpco\metadatasearch\plugin.tests\bin\debug\plugin.tests.dll" id="a8544f70-e74c-4651-b3a5-938eee84946c">
      <Execution id="52d01ca3-896d-4b4e-82dc-179f40819845" />
      <TestMethod codeBase="D:\actions-runner\_work\XPCO\XPCO\MetadataSearch\Plugin.Tests\bin\Debug\Plugin.Tests.dll" adapterTypeName="executor://mstestadapter/v2" className="VideoOS.MetadataSearch.Plugin.Configuration.Tests.MetadataSearchNamespaceTests" name="Constructors_ShouldNotAllowInjectionOfNulls" />
    </UnitTest>
    <UnitTest name="ResetValue_ShouldResetValue" storage="d:\actions-runner\_work\xpco\xpco\metadatasearch\plugin.tests\bin\debug\plugin.tests.dll" id="62422b45-6ca8-e5f2-acdb-9028e1f7779e">
      <Execution id="e9fe33f3-4cff-4eb0-b1ae-b3f126ec61e2" />
      <TestMethod codeBase="D:\actions-runner\_work\XPCO\XPCO\MetadataSearch\Plugin.Tests\bin\Debug\Plugin.Tests.dll" adapterTypeName="executor://mstestadapter/v2" className="VideoOS.MetadataSearch.Plugin.Search.Filters.Tests.GeoCoordinatesSearchFilterTests" name="ResetValue_ShouldResetValue" />
    </UnitTest>
    <UnitTest name="SerializeRoundtrip_ShouldReturnSameProperties" storage="d:\actions-runner\_work\xpco\xpco\metadatasearch\plugin.tests\bin\debug\plugin.tests.dll" id="622ddc1e-1b08-2724-a4a8-117fa310d9d4">
      <Execution id="d67f2d5a-ea93-4154-80cb-7c8d13a94077" />
      <TestMethod codeBase="D:\actions-runner\_work\XPCO\XPCO\MetadataSearch\Plugin.Tests\bin\Debug\Plugin.Tests.dll" adapterTypeName="executor://mstestadapter/v2" className="VideoOS.MetadataSearch.Plugin.Search.Filters.Tests.GeoCoordinatesFilterValueTests" name="SerializeRoundtrip_ShouldReturnSameProperties" />
    </UnitTest>
    <UnitTest name="CreateGuid_ShouldReturnDifferentGuid_WhenUsingDifferentEndTime" storage="d:\actions-runner\_work\xpco\xpco\metadatasearch\plugin.tests\bin\debug\plugin.tests.dll" id="6a961c02-718c-8949-3956-b0d5d43fedad">
      <Execution id="d3af3c51-6d70-44f7-912c-17011762fb5a" />
      <TestMethod codeBase="D:\actions-runner\_work\XPCO\XPCO\MetadataSearch\Plugin.Tests\bin\Debug\Plugin.Tests.dll" adapterTypeName="executor://mstestadapter/v2" className="VideoOS.MetadataSearch.Plugin.Tests.IdGeneratorTests" name="CreateGuid_ShouldReturnDifferentGuid_WhenUsingDifferentEndTime" />
    </UnitTest>
    <UnitTest name="FilterObjects_ShouldReturnSeparatelyGroupedResults_WhenGivenConsecutiveFramesWithDifferentObjects" storage="d:\actions-runner\_work\xpco\xpco\metadatasearch\plugin.tests\bin\debug\plugin.tests.dll" id="fd262f28-513a-06d4-2128-ee1905d76942">
      <Execution id="e33cd386-0bd4-47d9-9897-fc2c9a986395" />
      <TestMethod codeBase="D:\actions-runner\_work\XPCO\XPCO\MetadataSearch\Plugin.Tests\bin\Debug\Plugin.Tests.dll" adapterTypeName="executor://mstestadapter/v2" className="VideoOS.MetadataSearch.Plugin.Tests.MetadataSearchEngineTests" name="FilterObjects_ShouldReturnSeparatelyGroupedResults_WhenGivenConsecutiveFramesWithDifferentObjects" />
    </UnitTest>
    <UnitTest name="IsMatch_ShouldReturnTrue_WhenObjectElementHasFullyMatchingProperty" storage="d:\actions-runner\_work\xpco\xpco\metadatasearch\plugin.tests\bin\debug\plugin.tests.dll" id="84a6a636-074f-0b50-475c-d1c3182a365f">
      <Execution id="d1d2a58b-c2b7-4dc3-b46d-0aeb6ac1b026" />
      <TestMethod codeBase="D:\actions-runner\_work\XPCO\XPCO\MetadataSearch\Plugin.Tests\bin\Debug\Plugin.Tests.dll" adapterTypeName="executor://mstestadapter/v2" className="VideoOS.MetadataSearch.Plugin.Tests.Search.Predicates.FullMatchSearchPredicateTests" name="IsMatch_ShouldWorkJustFine" />
    </UnitTest>
    <UnitTest name="GetBuiltInVehicleFilters_ShouldIncludeLicensePlateAndColor_WhenBothArePresent" storage="d:\actions-runner\_work\xpco\xpco\metadatasearch\plugin.tests\bin\debug\plugin.tests.dll" id="bb800a38-74b6-a1ae-2290-f5b2e1bb54b0">
      <Execution id="dada894a-c8aa-4356-b548-8df1ae65df2f" />
      <TestMethod codeBase="D:\actions-runner\_work\XPCO\XPCO\MetadataSearch\Plugin.Tests\bin\Debug\Plugin.Tests.dll" adapterTypeName="executor://mstestadapter/v2" className="VideoOS.MetadataSearch.Plugin.Configuration.Tests.MetadataCategoryTests" name="GetBuiltInVehicleFilters_ShouldIncludeLicensePlateAndColor_WhenBothArePresent" />
    </UnitTest>
    <UnitTest name="Constructors_ShouldNotAllowInjectionOfNulls" storage="d:\actions-runner\_work\xpco\xpco\metadatasearch\plugin.tests\bin\debug\plugin.tests.dll" id="5fdf73d2-a6c3-1d96-993b-9adde6849458">
      <Execution id="cb3000f4-8114-44f4-bc7d-0b95aba2af22" />
      <TestMethod codeBase="D:\actions-runner\_work\XPCO\XPCO\MetadataSearch\Plugin.Tests\bin\Debug\Plugin.Tests.dll" adapterTypeName="executor://mstestadapter/v2" className="VideoOS.MetadataSearch.Plugin.Tests.Search.Predicates.ColorPredicateTests" name="Constructors_ShouldNotAllowInjectionOfNulls" />
    </UnitTest>
    <UnitTest name="IsMatch_ShouldReturnFalse_WhenClassIsNotMatch" storage="d:\actions-runner\_work\xpco\xpco\metadatasearch\plugin.tests\bin\debug\plugin.tests.dll" id="4159a119-791f-95a8-3b26-2311b7b6e23a">
      <Execution id="6603acbe-a9d5-4486-87a8-b098b1f8eb4b" />
      <TestMethod codeBase="D:\actions-runner\_work\XPCO\XPCO\MetadataSearch\Plugin.Tests\bin\Debug\Plugin.Tests.dll" adapterTypeName="executor://mstestadapter/v2" className="VideoOS.MetadataSearch.Plugin.Search.Tests.Predicates.CategorySearchPredicateTests" name="IsMatch_ShouldReturnCorrectResult" />
    </UnitTest>
    <UnitTest name="GetFilterValues_ShouldReturnLowAndHighValues_WhenValueIsValid" storage="d:\actions-runner\_work\xpco\xpco\metadatasearch\plugin.tests\bin\debug\plugin.tests.dll" id="4ad0f67f-332b-bbe3-a5c7-2a02d9b7e9fc">
      <Execution id="0a6c8115-398f-489b-a6d0-6953c29bfc4b" />
      <TestMethod codeBase="D:\actions-runner\_work\XPCO\XPCO\MetadataSearch\Plugin.Tests\bin\Debug\Plugin.Tests.dll" adapterTypeName="executor://mstestadapter/v2" className="VideoOS.MetadataSearch.Plugin.Search.FilterValueProviders.Tests.RangeFilterValueProviderTests" name="GetFilterValues_ShouldReturnLowAndHighValues_WhenValueIsValid" />
    </UnitTest>
    <UnitTest name="GetCustomFilters_ShouldReturnEmptyCollection_WhenThereAreNoFiltersInTheCategory" storage="d:\actions-runner\_work\xpco\xpco\metadatasearch\plugin.tests\bin\debug\plugin.tests.dll" id="0f1de36e-d4d0-1d46-2d17-139a941ec6fd">
      <Execution id="14235522-292d-43aa-927c-6be6acef5001" />
      <TestMethod codeBase="D:\actions-runner\_work\XPCO\XPCO\MetadataSearch\Plugin.Tests\bin\Debug\Plugin.Tests.dll" adapterTypeName="executor://mstestadapter/v2" className="VideoOS.MetadataSearch.Plugin.Configuration.Tests.MetadataCategoryTests" name="GetCustomFilters_ShouldReturnEmptyCollection_WhenThereAreNoFiltersInTheCategory" />
    </UnitTest>
    <UnitTest name="IsMatch_ShouldReturnFalse_WhenGivenFrameObjectWithMissingProperties" storage="d:\actions-runner\_work\xpco\xpco\metadatasearch\plugin.tests\bin\debug\plugin.tests.dll" id="4eedc99a-8571-7659-b7c0-30be5370ac1a">
      <Execution id="aac93e05-5b33-4b2d-8c5f-34aacb84ecec" />
      <TestMethod codeBase="D:\actions-runner\_work\XPCO\XPCO\MetadataSearch\Plugin.Tests\bin\Debug\Plugin.Tests.dll" adapterTypeName="executor://mstestadapter/v2" className="VideoOS.MetadataSearch.Plugin.Tests.Search.Predicates.GeoCoordinatesPredicateTests" name="IsMatch_ShouldReturnFalse_WhenGivenFrameObjectWithMissingProperties" />
    </UnitTest>
    <UnitTest name="GetCategorySearchPredicate_ShouldReturnEmptyPredicate_WhenThereAreNoFiltersNorClassCandidates" storage="d:\actions-runner\_work\xpco\xpco\metadatasearch\plugin.tests\bin\debug\plugin.tests.dll" id="693f356a-9e20-f5a7-48b2-6e45b1e254de">
      <Execution id="bd9d7c46-fe54-444e-82f4-b4accf93e7c4" />
      <TestMethod codeBase="D:\actions-runner\_work\XPCO\XPCO\MetadataSearch\Plugin.Tests\bin\Debug\Plugin.Tests.dll" adapterTypeName="executor://mstestadapter/v2" className="VideoOS.MetadataSearch.Plugin.Configuration.Tests.MetadataCategoryTests" name="GetCategorySearchPredicate_ShouldReturnEmptyPredicate_WhenThereAreNoFiltersNorClassCandidates" />
    </UnitTest>
    <UnitTest name="Constructors_ShouldNotAllowInjectionOfNulls" storage="d:\actions-runner\_work\xpco\xpco\metadatasearch\plugin.tests\bin\debug\plugin.tests.dll" id="fd7a8bbd-54c4-4946-4b33-4404ccf9c270">
      <Execution id="bfc86363-ea28-4586-b7ba-503f7c7bc146" />
      <TestMethod codeBase="D:\actions-runner\_work\XPCO\XPCO\MetadataSearch\Plugin.Tests\bin\Debug\Plugin.Tests.dll" adapterTypeName="executor://mstestadapter/v2" className="VideoOS.MetadataSearch.Plugin.Tests.Data.DeviceProfileTests" name="Constructors_ShouldNotAllowInjectionOfNulls" />
    </UnitTest>
    <UnitTest name="GetMetadataObjectsAsync_ShouldThrowTaskCanceledException_WhenCancelled" storage="d:\actions-runner\_work\xpco\xpco\metadatasearch\plugin.tests\bin\debug\plugin.tests.dll" id="3f3f2b4f-7275-5a9d-e8aa-76a35c9894f2">
      <Execution id="a5a77a6a-d976-4d1a-9532-4006f045e353" />
      <TestMethod codeBase="D:\actions-runner\_work\XPCO\XPCO\MetadataSearch\Plugin.Tests\bin\Debug\Plugin.Tests.dll" adapterTypeName="executor://mstestadapter/v2" className="VideoOS.MetadataSearch.Plugin.Tests.MetadataSearchResultDataTests" name="GetMetadataObjectsAsync_ShouldThrowTaskCanceledException_WhenCancelled" />
    </UnitTest>
    <UnitTest name="GetBoundingBox_ShouldReturnNull_WhenGivenFrameObjectWithNoPolygon" storage="d:\actions-runner\_work\xpco\xpco\metadatasearch\plugin.tests\bin\debug\plugin.tests.dll" id="acd20d9c-932c-04b3-af3f-0c21e5fe86ad">
      <Execution id="c339ca1a-ca97-49a0-bae9-34b4e8132f33" />
      <TestMethod codeBase="D:\actions-runner\_work\XPCO\XPCO\MetadataSearch\Plugin.Tests\bin\Debug\Plugin.Tests.dll" adapterTypeName="executor://mstestadapter/v2" className="VideoOS.MetadataSearch.Plugin.Tests.MetadataBoundingShapeTests" name="GetBoundingBox_ShouldReturnNull_WhenGivenFrameObjectWithNoPolygon" />
    </UnitTest>
    <UnitTest name="DoSearch_ShouldContinueSearching_WhenFrameContainsNonWellFormedXml" storage="d:\actions-runner\_work\xpco\xpco\metadatasearch\plugin.tests\bin\debug\plugin.tests.dll" id="16a27c04-08e6-c7c5-778f-2dd89f9d8f2c">
      <Execution id="edbfc604-b5a1-41dd-9144-75b03a36daeb" />
      <TestMethod codeBase="D:\actions-runner\_work\XPCO\XPCO\MetadataSearch\Plugin.Tests\bin\Debug\Plugin.Tests.dll" adapterTypeName="executor://mstestadapter/v2" className="VideoOS.MetadataSearch.Plugin.Tests.FunctionalTests.FullPluginTests" name="DoSearch_ShouldContinueSearching_WhenFrameContainsNonWellFormedXml" />
    </UnitTest>
    <UnitTest name="IsMatch_ShouldReturnTrue_WhenObjectElementHasCorrectValueWithSuffix" storage="d:\actions-runner\_work\xpco\xpco\metadatasearch\plugin.tests\bin\debug\plugin.tests.dll" id="cf18dd52-6916-12e2-2fed-58d3cb34a544">
      <Execution id="6a71bb56-8cbc-4013-b8b1-6adef60cd60f" />
      <TestMethod codeBase="D:\actions-runner\_work\XPCO\XPCO\MetadataSearch\Plugin.Tests\bin\Debug\Plugin.Tests.dll" adapterTypeName="executor://mstestadapter/v2" className="VideoOS.MetadataSearch.Plugin.Tests.Search.Predicates.PartialMatchSearchPredicateTests" name="IsMatch_ShouldWorkCorrectly" />
    </UnitTest>
    <UnitTest name="SearchingForHumanOrFace_ShouldReturnAllHumansInFrame_WhenSecondClassDetectedOnThierdFrame" storage="d:\actions-runner\_work\xpco\xpco\metadatasearch\plugin.tests\bin\debug\plugin.tests.dll" id="9060ef63-7e3c-7dab-8fd8-e26076a59f0b">
      <Execution id="4f3f6f67-0285-4822-8f11-2889e495a929" />
      <TestMethod codeBase="D:\actions-runner\_work\XPCO\XPCO\MetadataSearch\Plugin.Tests\bin\Debug\Plugin.Tests.dll" adapterTypeName="executor://mstestadapter/v2" className="VideoOS.MetadataSearch.Plugin.Tests.FunctionalTests.SearchTests" name="SearchingForHumanOrFace_ShouldReturnAllHumansInFrame_WhenSecondClassDetectedOnThierdFrame" />
    </UnitTest>
    <UnitTest name="Parse_ShouldHandleXml_WithoutProperties" storage="d:\actions-runner\_work\xpco\xpco\metadatasearch\plugin.tests\bin\debug\plugin.tests.dll" id="e41f9d28-d915-2bd2-26d6-870d7a6aa89e">
      <Execution id="f9f9d1ef-1bcf-441d-9bc3-5c2e2d86ef14" />
      <TestMethod codeBase="D:\actions-runner\_work\XPCO\XPCO\MetadataSearch\Plugin.Tests\bin\Debug\Plugin.Tests.dll" adapterTypeName="executor://mstestadapter/v2" className="VideoOS.MetadataSearch.Plugin.Tests.Data.DeviceProfileTests" name="Parse_ShouldHandleXml_WithoutProperties" />
    </UnitTest>
    <UnitTest name="IsMatch_ShouldReturnFalse_WhenNoneOfThePredicatesIsMatched" storage="d:\actions-runner\_work\xpco\xpco\metadatasearch\plugin.tests\bin\debug\plugin.tests.dll" id="85ac4351-05ae-c462-6fbc-c2a9712dcfbb">
      <Execution id="067e25e5-539a-49f5-aeb0-67c467abd2e7" />
      <TestMethod codeBase="D:\actions-runner\_work\XPCO\XPCO\MetadataSearch\Plugin.Tests\bin\Debug\Plugin.Tests.dll" adapterTypeName="executor://mstestadapter/v2" className="VideoOS.MetadataSearch.Plugin.Tests.Search.Predicates.CompositeUnionSearchPredicateTests" name="IsMatch_ShouldWorkCorrectly" />
    </UnitTest>
    <UnitTest name="GetCategorySearchPredicate_ShouldReturnPredicateWithoutRelatedProperties_WhenEnabledFilterHasNoRelatedProperties" storage="d:\actions-runner\_work\xpco\xpco\metadatasearch\plugin.tests\bin\debug\plugin.tests.dll" id="a78aa3f2-532a-6d0f-d478-72348a03be8f">
      <Execution id="9cfe7a12-bd84-4ffa-bf72-fec15425d6a2" />
      <TestMethod codeBase="D:\actions-runner\_work\XPCO\XPCO\MetadataSearch\Plugin.Tests\bin\Debug\Plugin.Tests.dll" adapterTypeName="executor://mstestadapter/v2" className="VideoOS.MetadataSearch.Plugin.Configuration.Tests.MetadataCategoryTests" name="GetCategorySearchPredicate_ShouldReturnPredicateWithoutRelatedProperties_WhenEnabledFilterHasNoRelatedProperties" />
    </UnitTest>
    <UnitTest name="IsMatch_ShouldReturnFalse_WhenNoneOfTheValuesAreValidNumber" storage="d:\actions-runner\_work\xpco\xpco\metadatasearch\plugin.tests\bin\debug\plugin.tests.dll" id="cf4dde5a-6cbd-8ba1-e980-ad5342d492f2">
      <Execution id="9bbe0d67-38cd-49f5-829c-192f00744070" />
      <TestMethod codeBase="D:\actions-runner\_work\XPCO\XPCO\MetadataSearch\Plugin.Tests\bin\Debug\Plugin.Tests.dll" adapterTypeName="executor://mstestadapter/v2" className="VideoOS.MetadataSearch.Plugin.Tests.Search.Predicates.RangeSearchPredicateTests" name="IsMatch_ShouldWorkJustFine" />
    </UnitTest>
    <UnitTest name="GetFrames_ShouldReturnReturnEmptyCollection_WhenThereAreNoFramesInTheSpecifiedTimeRange (True)" storage="d:\actions-runner\_work\xpco\xpco\metadatasearch\plugin.tests\bin\debug\plugin.tests.dll" id="45834d49-53e1-d4c2-01f8-62e2b8637be2">
      <Execution id="0c40f137-85b2-46fe-b657-e29e01add8a9" />
      <TestMethod codeBase="D:\actions-runner\_work\XPCO\XPCO\MetadataSearch\Plugin.Tests\bin\Debug\Plugin.Tests.dll" adapterTypeName="executor://mstestadapter/v2" className="VideoOS.MetadataSearch.Plugin.Tests.SearchAgent.MIPMetadataObjectSourceTests" name="GetFrames_ShouldReturnReturnEmptyCollection_WhenThereAreNoFramesInTheSpecifiedTimeRange" />
    </UnitTest>
    <UnitTest name="IsEmpty_ShouldReturnFalse_WhenSearchingWithDefaults (0,10,0,10)" storage="d:\actions-runner\_work\xpco\xpco\metadatasearch\plugin.tests\bin\debug\plugin.tests.dll" id="9d101f44-0905-1aab-02aa-fb6b719f6e5a">
      <Execution id="bd5e8349-edff-4939-8c9a-443cb17a600f" />
      <TestMethod codeBase="D:\actions-runner\_work\XPCO\XPCO\MetadataSearch\Plugin.Tests\bin\Debug\Plugin.Tests.dll" adapterTypeName="executor://mstestadapter/v2" className="VideoOS.MetadataSearch.Plugin.Search.Filters.Tests.RangeSearchFilterTests" name="IsEmpty_ShouldReturnFalse_WhenSearchingWithDefaults" />
    </UnitTest>
    <UnitTest name="Constructors_ShouldNotAllowInjectionOfNulls" storage="d:\actions-runner\_work\xpco\xpco\metadatasearch\plugin.tests\bin\debug\plugin.tests.dll" id="305d7ad1-754b-b20e-e365-f6184e1cc97e">
      <Execution id="569cc54c-aff4-4d98-b685-9974321d37fc" />
      <TestMethod codeBase="D:\actions-runner\_work\XPCO\XPCO\MetadataSearch\Plugin.Tests\bin\Debug\Plugin.Tests.dll" adapterTypeName="executor://mstestadapter/v2" className="VideoOS.MetadataSearch.Plugin.Configuration.Tests.MetadataCategoryTests" name="Constructors_ShouldNotAllowInjectionOfNulls" />
    </UnitTest>
    <UnitTest name="IsMatch_ShouldReturnFalse_WhenObjectElementHasNoMatchingProperty" storage="d:\actions-runner\_work\xpco\xpco\metadatasearch\plugin.tests\bin\debug\plugin.tests.dll" id="78c6ac56-439c-936d-9bc8-d75c96ae27cf">
      <Execution id="15933b5e-a3e8-4956-b25c-e99fdd7b9e6a" />
      <TestMethod codeBase="D:\actions-runner\_work\XPCO\XPCO\MetadataSearch\Plugin.Tests\bin\Debug\Plugin.Tests.dll" adapterTypeName="executor://mstestadapter/v2" className="VideoOS.MetadataSearch.Plugin.Tests.Search.Predicates.PartialMatchSearchPredicateTests" name="IsMatch_ShouldWorkCorrectly" />
    </UnitTest>
    <UnitTest name="CreateGuid_ShouldReturnDifferentGuid_WhenUsingDifferentStartTime" storage="d:\actions-runner\_work\xpco\xpco\metadatasearch\plugin.tests\bin\debug\plugin.tests.dll" id="7a083692-b64b-4188-e6f5-07c2948d71a3">
      <Execution id="c131dd30-49db-4440-bee8-c9d06d398672" />
      <TestMethod codeBase="D:\actions-runner\_work\XPCO\XPCO\MetadataSearch\Plugin.Tests\bin\Debug\Plugin.Tests.dll" adapterTypeName="executor://mstestadapter/v2" className="VideoOS.MetadataSearch.Plugin.Tests.IdGeneratorTests" name="CreateGuid_ShouldReturnDifferentGuid_WhenUsingDifferentStartTime" />
    </UnitTest>
    <UnitTest name="DoSearch_ShouldFindLocation_WhenLatitudeAndLongitudePresent" storage="d:\actions-runner\_work\xpco\xpco\metadatasearch\plugin.tests\bin\debug\plugin.tests.dll" id="2ad18b2a-145c-930c-a74b-77d486e1e107">
      <Execution id="acf227f2-ecaf-421a-ad2f-f27b6f9c66d3" />
      <TestMethod codeBase="D:\actions-runner\_work\XPCO\XPCO\MetadataSearch\Plugin.Tests\bin\Debug\Plugin.Tests.dll" adapterTypeName="executor://mstestadapter/v2" className="VideoOS.MetadataSearch.Plugin.Tests.FunctionalTests.FullPluginTests" name="DoSearch_ShouldFindLocationCategory" />
    </UnitTest>
    <UnitTest name="CreateGuid_ShouldReturnDifferentGuid_WhenUsingDifferentStartTimeInMilliseconds" storage="d:\actions-runner\_work\xpco\xpco\metadatasearch\plugin.tests\bin\debug\plugin.tests.dll" id="78ff2a97-3337-f054-99af-d529beab7408">
      <Execution id="7b8d0220-1275-4ed6-961b-a649f84b3fc2" />
      <TestMethod codeBase="D:\actions-runner\_work\XPCO\XPCO\MetadataSearch\Plugin.Tests\bin\Debug\Plugin.Tests.dll" adapterTypeName="executor://mstestadapter/v2" className="VideoOS.MetadataSearch.Plugin.Tests.IdGeneratorTests" name="CreateGuid_ShouldReturnDifferentGuid_WhenUsingDifferentStartTimeInMilliseconds" />
    </UnitTest>
    <UnitTest name="GetFilterValues_ShouldReturnEmptyEnumeration_WhenValueIsEmpty" storage="d:\actions-runner\_work\xpco\xpco\metadatasearch\plugin.tests\bin\debug\plugin.tests.dll" id="c29fcd0e-f083-bd43-f71f-bc203a875a9f">
      <Execution id="0409a50a-0a14-4f4c-a105-f5de05b4d046" />
      <TestMethod codeBase="D:\actions-runner\_work\XPCO\XPCO\MetadataSearch\Plugin.Tests\bin\Debug\Plugin.Tests.dll" adapterTypeName="executor://mstestadapter/v2" className="VideoOS.MetadataSearch.Plugin.Search.FilterValueProviders.Tests.LicensePlateValueProviderTests" name="GetFilterValues_ShouldReturnEmptyEnumeration_WhenValueIsEmpty" />
    </UnitTest>
    <UnitTest name="GetFilterValues_ShouldReturnEmptyEnumeration_WhenValueIsNull" storage="d:\actions-runner\_work\xpco\xpco\metadatasearch\plugin.tests\bin\debug\plugin.tests.dll" id="c7ef4322-b543-7b5e-59f2-cad8df662276">
      <Execution id="56cb445a-b4eb-4283-9398-4fa7d233eb81" />
      <TestMethod codeBase="D:\actions-runner\_work\XPCO\XPCO\MetadataSearch\Plugin.Tests\bin\Debug\Plugin.Tests.dll" adapterTypeName="executor://mstestadapter/v2" className="VideoOS.MetadataSearch.Plugin.Search.FilterValueProviders.Tests.VehicleColorValueProviderTests" name="GetFilterValues_ShouldReturnEmptyEnumeration_WhenValueIsNull" />
    </UnitTest>
    <UnitTest name="Parse_ShouldIgnoreElements_WhenElementPathIsNotInDeviceProfile" storage="d:\actions-runner\_work\xpco\xpco\metadatasearch\plugin.tests\bin\debug\plugin.tests.dll" id="d70d2c50-35a8-153b-b0fd-6a7b07a52dc4">
      <Execution id="9285ecc9-ea35-4554-8ec8-a2c3bf4cf366" />
      <TestMethod codeBase="D:\actions-runner\_work\XPCO\XPCO\MetadataSearch\Plugin.Tests\bin\Debug\Plugin.Tests.dll" adapterTypeName="executor://mstestadapter/v2" className="VideoOS.MetadataSearch.Plugin.Tests.Data.DeviceProfileTests" name="Parse_ShouldIgnoreElements_WhenElementPathIsNotInDeviceProfile" />
    </UnitTest>
    <UnitTest name="GetBuiltInVehicleFilters_ShouldReturnNone_WhenFiltersAreDisabled" storage="d:\actions-runner\_work\xpco\xpco\metadatasearch\plugin.tests\bin\debug\plugin.tests.dll" id="bf1c7396-458f-abe1-7cd5-70f800f62e68">
      <Execution id="329bc671-e6a3-465c-a0b4-00f40c0e2de5" />
      <TestMethod codeBase="D:\actions-runner\_work\XPCO\XPCO\MetadataSearch\Plugin.Tests\bin\Debug\Plugin.Tests.dll" adapterTypeName="executor://mstestadapter/v2" className="VideoOS.MetadataSearch.Plugin.Configuration.Tests.MetadataCategoryTests" name="GetBuiltInVehicleFilters_ShouldReturnNone_WhenFiltersAreDisabled" />
    </UnitTest>
    <UnitTest name="IsMatch_ShouldCompareDistanceCorrectly_WhenGivenValidPropertyValues (33.390901,55.211361,-62.737736,-84.959958,44.400888,-73.849034,0.1,False)" storage="d:\actions-runner\_work\xpco\xpco\metadatasearch\plugin.tests\bin\debug\plugin.tests.dll" id="06458756-5b0f-8871-2aee-d4f934cd1724">
      <Execution id="8c1affb5-9b7c-487e-82d3-12ab25f88f13" />
      <TestMethod codeBase="D:\actions-runner\_work\XPCO\XPCO\MetadataSearch\Plugin.Tests\bin\Debug\Plugin.Tests.dll" adapterTypeName="executor://mstestadapter/v2" className="VideoOS.MetadataSearch.Plugin.Tests.Search.Predicates.GeoCoordinatesPredicateTests" name="IsMatch_ShouldCompareDistanceCorrectly_WhenGivenValidPropertyValues" />
    </UnitTest>
    <UnitTest name="DoSearch_ShouldUseCorrectSessionId_WhenReturningSearchResults (0)" storage="d:\actions-runner\_work\xpco\xpco\metadatasearch\plugin.tests\bin\debug\plugin.tests.dll" id="25411f35-8f83-3321-ba71-f6de7c006911">
      <Execution id="619f2caf-9cdd-4646-b052-2267574e49d2" />
      <TestMethod codeBase="D:\actions-runner\_work\XPCO\XPCO\MetadataSearch\Plugin.Tests\bin\Debug\Plugin.Tests.dll" adapterTypeName="executor://mstestadapter/v2" className="VideoOS.MetadataSearch.Plugin.Tests.MetadataSearchDefinitionTests" name="DoSearch_ShouldUseCorrectSessionId_WhenReturningSearchResults" />
    </UnitTest>
    <UnitTest name="IsMatch_ShouldComparecolorCorrectly_WhenGivenValidPropertyValues (white,white,True)" storage="d:\actions-runner\_work\xpco\xpco\metadatasearch\plugin.tests\bin\debug\plugin.tests.dll" id="26835654-3462-527e-b5f4-c2660674a536">
      <Execution id="7800b227-bf17-4138-853b-6c78a46fcae0" />
      <TestMethod codeBase="D:\actions-runner\_work\XPCO\XPCO\MetadataSearch\Plugin.Tests\bin\Debug\Plugin.Tests.dll" adapterTypeName="executor://mstestadapter/v2" className="VideoOS.MetadataSearch.Plugin.Tests.Search.Predicates.ColorPredicateTests" name="IsMatch_ShouldComparecolorCorrectly_WhenGivenValidPropertyValues" />
    </UnitTest>
    <UnitTest name="IsMatch_ShouldReturnTrue_WhenAnyOfThePredicatesIsMatched" storage="d:\actions-runner\_work\xpco\xpco\metadatasearch\plugin.tests\bin\debug\plugin.tests.dll" id="5e2b3fca-2ca1-d90c-02a1-154ec6ad9626">
      <Execution id="e74cd9b9-e8c9-4672-b47a-1ba04247fa50" />
      <TestMethod codeBase="D:\actions-runner\_work\XPCO\XPCO\MetadataSearch\Plugin.Tests\bin\Debug\Plugin.Tests.dll" adapterTypeName="executor://mstestadapter/v2" className="VideoOS.MetadataSearch.Plugin.Tests.Search.Predicates.CompositeUnionSearchPredicateTests" name="IsMatch_ShouldWorkCorrectly" />
    </UnitTest>
    <UnitTest name="Constructors_ShouldNotAllowInjectionOfNulls" storage="d:\actions-runner\_work\xpco\xpco\metadatasearch\plugin.tests\bin\debug\plugin.tests.dll" id="f552b4f4-8e74-85b1-e3fc-9b9d2ec4af7c">
      <Execution id="5752f833-bfb1-4118-bfe2-0ae1cbb12ca7" />
      <TestMethod codeBase="D:\actions-runner\_work\XPCO\XPCO\MetadataSearch\Plugin.Tests\bin\Debug\Plugin.Tests.dll" adapterTypeName="executor://mstestadapter/v2" className="VideoOS.MetadataSearch.Plugin.Search.Filters.Tests.ListSelectionSearchFilterTests" name="Constructors_ShouldNotAllowInjectionOfNulls" />
    </UnitTest>
    <UnitTest name="DoSearch_ShouldUseCorrectSessionId_WhenReturningSearchResults (10)" storage="d:\actions-runner\_work\xpco\xpco\metadatasearch\plugin.tests\bin\debug\plugin.tests.dll" id="d8059ece-3501-e7a1-9762-33f51ac89fd9">
      <Execution id="20258b60-78f5-4148-8e62-0de4fd2bd8c6" />
      <TestMethod codeBase="D:\actions-runner\_work\XPCO\XPCO\MetadataSearch\Plugin.Tests\bin\Debug\Plugin.Tests.dll" adapterTypeName="executor://mstestadapter/v2" className="VideoOS.MetadataSearch.Plugin.Tests.MetadataSearchDefinitionTests" name="DoSearch_ShouldUseCorrectSessionId_WhenReturningSearchResults" />
    </UnitTest>
    <UnitTest name="SearchingForHumans_ShouldReturnNothing_WhenThereAreNoHumans" storage="d:\actions-runner\_work\xpco\xpco\metadatasearch\plugin.tests\bin\debug\plugin.tests.dll" id="c68ddbd6-426b-5ffa-ffe4-e499794b6aaa">
      <Execution id="00a70ffb-5abc-4ab1-bfc0-c2f7bf1b5be1" />
      <TestMethod codeBase="D:\actions-runner\_work\XPCO\XPCO\MetadataSearch\Plugin.Tests\bin\Debug\Plugin.Tests.dll" adapterTypeName="executor://mstestadapter/v2" className="VideoOS.MetadataSearch.Plugin.Tests.FunctionalTests.SearchTests" name="SearchingForHumans_ShouldReturnNothing_WhenThereAreNoHumans" />
    </UnitTest>
    <UnitTest name="GetValue_ShouldReturnAValue_WhenCalledWithKnownFilterIds (621feb37-b0a1-4c63-9f0a-e78b1ac1966d)" storage="d:\actions-runner\_work\xpco\xpco\metadatasearch\plugin.tests\bin\debug\plugin.tests.dll" id="ca3ad786-fc2b-5e0b-f471-5c443b2905f9">
      <Execution id="e486a431-0ab3-4346-82a7-2bfd657e8fd6" />
      <TestMethod codeBase="D:\actions-runner\_work\XPCO\XPCO\MetadataSearch\Plugin.Tests\bin\Debug\Plugin.Tests.dll" adapterTypeName="executor://mstestadapter/v2" className="VideoOS.MetadataSearch.Common.Tests.FiltersTests" name="GetValue_ShouldReturnAValue_WhenCalledWithKnownFilterIds" />
    </UnitTest>
    <UnitTest name="DoSearch_ShouldReturnAllSearchResults_WhenGivenItemWithMultipleDataStreams (System.Int32[])" storage="d:\actions-runner\_work\xpco\xpco\metadatasearch\plugin.tests\bin\debug\plugin.tests.dll" id="3a791062-b0f7-227a-0df0-e0cbc8866366">
      <Execution id="c8bb6661-0433-4471-a310-6dbb6757b26a" />
      <TestMethod codeBase="D:\actions-runner\_work\XPCO\XPCO\MetadataSearch\Plugin.Tests\bin\Debug\Plugin.Tests.dll" adapterTypeName="executor://mstestadapter/v2" className="VideoOS.MetadataSearch.Plugin.Tests.MetadataSearchDefinitionTests" name="DoSearch_ShouldReturnAllSearchResults_WhenGivenItemWithMultipleDataStreams" />
    </UnitTest>
    <UnitTest name="IsMatch_ShouldComparecolorCorrectly_WhenGivenValidPropertyValues (white,Red,blue,False)" storage="d:\actions-runner\_work\xpco\xpco\metadatasearch\plugin.tests\bin\debug\plugin.tests.dll" id="9c178939-b4e7-f84c-5be2-4463cc337601">
      <Execution id="4ba51d17-f176-4897-a3b7-7f942a2c90fc" />
      <TestMethod codeBase="D:\actions-runner\_work\XPCO\XPCO\MetadataSearch\Plugin.Tests\bin\Debug\Plugin.Tests.dll" adapterTypeName="executor://mstestadapter/v2" className="VideoOS.MetadataSearch.Plugin.Tests.Search.Predicates.ColorPredicateTests" name="IsMatch_ShouldComparecolorCorrectly_WhenGivenValidPropertyValues" />
    </UnitTest>
    <UnitTest name="SearchingForHumanOrFace_ShouldReturnAllHumansInFrame_WhenSecondClassDetectedOnFirstFrame" storage="d:\actions-runner\_work\xpco\xpco\metadatasearch\plugin.tests\bin\debug\plugin.tests.dll" id="6ddec006-acc4-d8c3-8434-6d90efa02ea6">
      <Execution id="c840970e-2fa6-4b53-b16e-d19a6a015dfb" />
      <TestMethod codeBase="D:\actions-runner\_work\XPCO\XPCO\MetadataSearch\Plugin.Tests\bin\Debug\Plugin.Tests.dll" adapterTypeName="executor://mstestadapter/v2" className="VideoOS.MetadataSearch.Plugin.Tests.FunctionalTests.SearchTests" name="SearchingForHumanOrFace_ShouldReturnAllHumansInFrame_WhenSecondClassDetectedOnFirstFrame" />
    </UnitTest>
    <UnitTest name="GetFilterValues_ShouldReturnEmptyEnumeration_WhenValueIsEmpty" storage="d:\actions-runner\_work\xpco\xpco\metadatasearch\plugin.tests\bin\debug\plugin.tests.dll" id="0d1382de-8a3f-49e3-aa2b-30b95d9909dc">
      <Execution id="98514d59-939f-4c81-ae17-af1734fb6ee8" />
      <TestMethod codeBase="D:\actions-runner\_work\XPCO\XPCO\MetadataSearch\Plugin.Tests\bin\Debug\Plugin.Tests.dll" adapterTypeName="executor://mstestadapter/v2" className="VideoOS.MetadataSearch.Plugin.Search.FilterValueProviders.Tests.RangeFilterValueProviderTests" name="GetFilterValues_ShouldReturnEmptyEnumeration_WhenValueIsEmpty" />
    </UnitTest>
    <UnitTest name="IsEmpty_ShouldReturnFalse_WhenSearchingWithDefaults (0,10,1,9)" storage="d:\actions-runner\_work\xpco\xpco\metadatasearch\plugin.tests\bin\debug\plugin.tests.dll" id="472d74bc-0e25-9967-e04d-e876b91d5046">
      <Execution id="4315e271-8e94-4206-a56c-0eb7956a1c9c" />
      <TestMethod codeBase="D:\actions-runner\_work\XPCO\XPCO\MetadataSearch\Plugin.Tests\bin\Debug\Plugin.Tests.dll" adapterTypeName="executor://mstestadapter/v2" className="VideoOS.MetadataSearch.Plugin.Search.Filters.Tests.RangeSearchFilterTests" name="IsEmpty_ShouldReturnFalse_WhenSearchingWithDefaults" />
    </UnitTest>
    <UnitTest name="GetBuiltInPersonFilters_ShouldReturnNone_WhenThereAreNoFilters" storage="d:\actions-runner\_work\xpco\xpco\metadatasearch\plugin.tests\bin\debug\plugin.tests.dll" id="2bd57cff-23ad-c458-936d-f4a1df7f2174">
      <Execution id="01322d33-b9c9-4f63-b528-895bd4d20079" />
      <TestMethod codeBase="D:\actions-runner\_work\XPCO\XPCO\MetadataSearch\Plugin.Tests\bin\Debug\Plugin.Tests.dll" adapterTypeName="executor://mstestadapter/v2" className="VideoOS.MetadataSearch.Plugin.Configuration.Tests.MetadataCategoryTests" name="GetBuiltInPersonFilters_ShouldReturnNone_WhenThereAreNoFilters" />
    </UnitTest>
    <UnitTest name="GetCustomFilters_ShouldReturnEmptyCollection_WhenFiltersAreDisabled" storage="d:\actions-runner\_work\xpco\xpco\metadatasearch\plugin.tests\bin\debug\plugin.tests.dll" id="1feeea98-0cc7-d0ba-3efb-f1a2c25d93d9">
      <Execution id="33accc19-1bc7-46df-bc71-859c9f5a50c1" />
      <TestMethod codeBase="D:\actions-runner\_work\XPCO\XPCO\MetadataSearch\Plugin.Tests\bin\Debug\Plugin.Tests.dll" adapterTypeName="executor://mstestadapter/v2" className="VideoOS.MetadataSearch.Plugin.Configuration.Tests.MetadataCategoryTests" name="GetCustomFilters_ShouldReturnEmptyCollection_WhenFiltersAreDisabled" />
    </UnitTest>
    <UnitTest name="GetBuiltInPersonFilters_ShouldIncludeGenderAndAge_WhenBothArePresent" storage="d:\actions-runner\_work\xpco\xpco\metadatasearch\plugin.tests\bin\debug\plugin.tests.dll" id="7c8f3ab1-db42-a00e-13a0-5ab0038cf7ca">
      <Execution id="06e32943-ce45-444e-8764-a4db2bf8a328" />
      <TestMethod codeBase="D:\actions-runner\_work\XPCO\XPCO\MetadataSearch\Plugin.Tests\bin\Debug\Plugin.Tests.dll" adapterTypeName="executor://mstestadapter/v2" className="VideoOS.MetadataSearch.Plugin.Configuration.Tests.MetadataCategoryTests" name="GetBuiltInPersonFilters_ShouldIncludeGenderAndAge_WhenBothArePresent" />
    </UnitTest>
    <UnitTest name="IsSet_ShouldBeFalse_WhenValueIsNull" storage="d:\actions-runner\_work\xpco\xpco\metadatasearch\plugin.tests\bin\debug\plugin.tests.dll" id="628d6dc9-f203-b82c-a7dd-e7b1ec243513">
      <Execution id="65a3bd6a-ea41-4398-bea4-8ec66303cb05" />
      <TestMethod codeBase="D:\actions-runner\_work\XPCO\XPCO\MetadataSearch\Plugin.Tests\bin\Debug\Plugin.Tests.dll" adapterTypeName="executor://mstestadapter/v2" className="VideoOS.MetadataSearch.Plugin.Search.FilterDefinitions.Tests.GeoCoordinatesFilterDefinitionTests" name="IsSet_ShouldBeFalse_WhenValueIsNull" />
    </UnitTest>
    <UnitTest name="IsMatch_ShouldCompareDistanceCorrectly_WhenGivenValidPropertyValues (44.401012,-73.848847,44.378859,-73.834729,2.66,False)" storage="d:\actions-runner\_work\xpco\xpco\metadatasearch\plugin.tests\bin\debug\plugin.tests.dll" id="e529d133-0f3d-876f-a8c8-1fb567bd9f45">
      <Execution id="f65be81c-ab20-4b0e-8fa4-8d90782037f4" />
      <TestMethod codeBase="D:\actions-runner\_work\XPCO\XPCO\MetadataSearch\Plugin.Tests\bin\Debug\Plugin.Tests.dll" adapterTypeName="executor://mstestadapter/v2" className="VideoOS.MetadataSearch.Plugin.Tests.Search.Predicates.GeoCoordinatesPredicateTests" name="IsMatch_ShouldCompareDistanceCorrectly_WhenGivenValidPropertyValues" />
    </UnitTest>
    <UnitTest name="Constructors_ShouldNotAllowInjectionOfNulls_ForProperties" storage="d:\actions-runner\_work\xpco\xpco\metadatasearch\plugin.tests\bin\debug\plugin.tests.dll" id="15df3a5f-787a-e106-63fa-d3d5eddfdf0c">
      <Execution id="e7709f36-ddd4-4a3f-8550-6ebe90553b2d" />
      <TestMethod codeBase="D:\actions-runner\_work\XPCO\XPCO\MetadataSearch\Plugin.Tests\bin\Debug\Plugin.Tests.dll" adapterTypeName="executor://mstestadapter/v2" className="VideoOS.MetadataSearch.Plugin.Tests.Data.MetadataFrameObjectTests" name="Constructors_ShouldNotAllowInjectionOfNulls_ForProperties" />
    </UnitTest>
    <UnitTest name="GetValue_ShouldReturnAValue_WhenCalledWithKnownFilterIds (97b0bd8a-719d-4235-959a-76b7cb8ffae2)" storage="d:\actions-runner\_work\xpco\xpco\metadatasearch\plugin.tests\bin\debug\plugin.tests.dll" id="4c6ad706-e0e9-b0ae-79be-604b6cfef79e">
      <Execution id="d53330fc-fc23-4850-bfd2-94fa51c63073" />
      <TestMethod codeBase="D:\actions-runner\_work\XPCO\XPCO\MetadataSearch\Plugin.Tests\bin\Debug\Plugin.Tests.dll" adapterTypeName="executor://mstestadapter/v2" className="VideoOS.MetadataSearch.Common.Tests.FiltersTests" name="GetValue_ShouldReturnAValue_WhenCalledWithKnownFilterIds" />
    </UnitTest>
    <UnitTest name="TryParseColor_ShouldReturn_CorrectResult (&lt;?xml version=&quot;1.0&quot;?&gt; &lt;tt:Color xmlns:tt=&quot;http://www.onvif.org/ver10/schema&quot; Y = &quot;169&quot; X = &quot;169&quot; Colorspace = &quot;RGB&quot; /&gt;,False)" storage="d:\actions-runner\_work\xpco\xpco\metadatasearch\plugin.tests\bin\debug\plugin.tests.dll" id="c4674444-4d27-381d-2d13-af16095b495c">
      <Execution id="985f1f32-a8a5-4721-9872-3b35cdc8e71d" />
      <TestMethod codeBase="D:\actions-runner\_work\XPCO\XPCO\MetadataSearch\Plugin.Tests\bin\Debug\Plugin.Tests.dll" adapterTypeName="executor://mstestadapter/v2" className="VideoOS.MetadataSearch.Plugin.Tests.Search.ColorHandling.OnvifColorParserTests" name="TryParseColor_ShouldReturn_CorrectResult" />
    </UnitTest>
    <UnitTest name="GetSearchPredicate_ShouldCallFactoryWithValueFromValueProvider" storage="d:\actions-runner\_work\xpco\xpco\metadatasearch\plugin.tests\bin\debug\plugin.tests.dll" id="44ac5fce-cdcc-eed0-5459-65516580a0bf">
      <Execution id="a33572d2-9a24-4009-be12-cf793ca4c155" />
      <TestMethod codeBase="D:\actions-runner\_work\XPCO\XPCO\MetadataSearch\Plugin.Tests\bin\Debug\Plugin.Tests.dll" adapterTypeName="executor://mstestadapter/v2" className="VideoOS.MetadataSearch.Plugin.Search.FilterDefinitions.Tests.TextFilterDefinitionTests" name="GetSearchPredicate_ShouldCallFactoryWithValueFromValueProvider" />
    </UnitTest>
    <UnitTest name="Parse_ShouldReturnMetadataFrame_WhenGivenValidConfigAndXml" storage="d:\actions-runner\_work\xpco\xpco\metadatasearch\plugin.tests\bin\debug\plugin.tests.dll" id="efd3ecff-7860-677d-ee0a-05f7d0dd6e15">
      <Execution id="80d6f594-b7e5-45b7-bfe3-7ecf046721c8" />
      <TestMethod codeBase="D:\actions-runner\_work\XPCO\XPCO\MetadataSearch\Plugin.Tests\bin\Debug\Plugin.Tests.dll" adapterTypeName="executor://mstestadapter/v2" className="VideoOS.MetadataSearch.Plugin.Tests.Data.DeviceProfileTests" name="Parse_ShouldReturnMetadataFrame_WhenGivenValidConfigAndXml" />
    </UnitTest>
    <UnitTest name="LicensePlateShouldBeParsed" storage="d:\actions-runner\_work\xpco\xpco\metadatasearch\plugin.tests\bin\debug\plugin.tests.dll" id="b84f0c41-67d3-2b8c-1b37-48680bcaa3f1">
      <Execution id="c4fc141d-3eca-4cbf-a971-32bc0278a10d" />
      <TestMethod codeBase="D:\actions-runner\_work\XPCO\XPCO\MetadataSearch\Plugin.Tests\bin\Debug\Plugin.Tests.dll" adapterTypeName="executor://mstestadapter/v2" className="VideoOS.MetadataSearch.Plugin.Tests.Data.DeviceProfileLicensePlateParsingTests" name="LicensePlateShouldBeParsed" />
    </UnitTest>
    <UnitTest name="CreateGuid_ShouldReturnDifferentGuid_WhenUsingDifferentObjectId" storage="d:\actions-runner\_work\xpco\xpco\metadatasearch\plugin.tests\bin\debug\plugin.tests.dll" id="ded8f92d-102b-0358-7b5e-2828b919f24e">
      <Execution id="ccd59317-e3b6-4af7-a02c-8dc6833bc21f" />
      <TestMethod codeBase="D:\actions-runner\_work\XPCO\XPCO\MetadataSearch\Plugin.Tests\bin\Debug\Plugin.Tests.dll" adapterTypeName="executor://mstestadapter/v2" className="VideoOS.MetadataSearch.Plugin.Tests.IdGeneratorTests" name="CreateGuid_ShouldReturnDifferentGuid_WhenUsingDifferentObjectId" />
    </UnitTest>
    <UnitTest name="TryParseColor_ShouldReturn_CorrectResult (&lt;?xml version=&quot;1.0&quot;?&gt; &lt;tt:Color xmlns:tt=&quot;http://www.onvif.org/ver10/schema&quot; Z = &quot;169&quot; Y = &quot;400&quot; X = &quot;169&quot; Colorspace = &quot;RGB&quot; /&gt;,False)" storage="d:\actions-runner\_work\xpco\xpco\metadatasearch\plugin.tests\bin\debug\plugin.tests.dll" id="293f3170-f5e3-ae68-2fe6-f1a2050d9406">
      <Execution id="163ce362-3fa5-43c2-988d-68d52503768d" />
      <TestMethod codeBase="D:\actions-runner\_work\XPCO\XPCO\MetadataSearch\Plugin.Tests\bin\Debug\Plugin.Tests.dll" adapterTypeName="executor://mstestadapter/v2" className="VideoOS.MetadataSearch.Plugin.Tests.Search.ColorHandling.OnvifColorParserTests" name="TryParseColor_ShouldReturn_CorrectResult" />
    </UnitTest>
    <UnitTest name="GetSearchPredicate_ShouldCreatePredicateWithCorrectValues" storage="d:\actions-runner\_work\xpco\xpco\metadatasearch\plugin.tests\bin\debug\plugin.tests.dll" id="bc770a97-6739-784f-a860-7cf7562b7ec2">
      <Execution id="93de65a6-a2b0-4ff6-a03f-8f4d8eca4790" />
      <TestMethod codeBase="D:\actions-runner\_work\XPCO\XPCO\MetadataSearch\Plugin.Tests\bin\Debug\Plugin.Tests.dll" adapterTypeName="executor://mstestadapter/v2" className="VideoOS.MetadataSearch.Plugin.Search.FilterDefinitions.Tests.GeoCoordinatesFilterDefinitionTests" name="GetSearchPredicate_ShouldCreatePredicateWithCorrectValues" />
    </UnitTest>
    <UnitTest name="Reset_ShouldTurnAllValuesToZero" storage="d:\actions-runner\_work\xpco\xpco\metadatasearch\plugin.tests\bin\debug\plugin.tests.dll" id="39802328-f556-6b54-5599-280cc970a40a">
      <Execution id="52d64703-366c-46ec-ba93-bcc0c85e3ec6" />
      <TestMethod codeBase="D:\actions-runner\_work\XPCO\XPCO\MetadataSearch\Plugin.Tests\bin\Debug\Plugin.Tests.dll" adapterTypeName="executor://mstestadapter/v2" className="VideoOS.MetadataSearch.Plugin.Search.Filters.Tests.GeoCoordinatesFilterValueTests" name="Reset_ShouldTurnAllValuesToZero" />
    </UnitTest>
    <UnitTest name="IsSet_ShouldBeTrue_WhenValueIsValid" storage="d:\actions-runner\_work\xpco\xpco\metadatasearch\plugin.tests\bin\debug\plugin.tests.dll" id="d0dea217-f485-5464-00b4-b2caf40f1cdd">
      <Execution id="f2ad22b7-1cce-46be-b22e-4a90679e0663" />
      <TestMethod codeBase="D:\actions-runner\_work\XPCO\XPCO\MetadataSearch\Plugin.Tests\bin\Debug\Plugin.Tests.dll" adapterTypeName="executor://mstestadapter/v2" className="VideoOS.MetadataSearch.Plugin.Search.FilterDefinitions.Tests.RangeFilterDefinitionTests" name="IsSet_ShouldBeTrue_WhenValueIsValid" />
    </UnitTest>
    <UnitTest name="Constructors_ShouldNotAllowInjectionOfNulls" storage="d:\actions-runner\_work\xpco\xpco\metadatasearch\plugin.tests\bin\debug\plugin.tests.dll" id="6568c19e-8bf2-d34d-5eef-b1a22db6673c">
      <Execution id="8a797ef5-f4f5-48f2-9442-0cb427483bfc" />
      <TestMethod codeBase="D:\actions-runner\_work\XPCO\XPCO\MetadataSearch\Plugin.Tests\bin\Debug\Plugin.Tests.dll" adapterTypeName="executor://mstestadapter/v2" className="VideoOS.MetadataSearch.Plugin.Tests.Search.Predicates.PropertyExistsPredicateTests" name="Constructors_ShouldNotAllowInjectionOfNulls" />
    </UnitTest>
    <UnitTest name="StartTime_ShouldBeTheTimeStampOfFirstObject" storage="d:\actions-runner\_work\xpco\xpco\metadatasearch\plugin.tests\bin\debug\plugin.tests.dll" id="f9ad3391-df48-f95d-f3f7-6ee8131f3855">
      <Execution id="ac2de083-967f-4321-8fa8-45b827e8f8e3" />
      <TestMethod codeBase="D:\actions-runner\_work\XPCO\XPCO\MetadataSearch\Plugin.Tests\bin\Debug\Plugin.Tests.dll" adapterTypeName="executor://mstestadapter/v2" className="VideoOS.MetadataSearch.Plugin.Tests.FunctionalTests.ObjectSequenceTests" name="StartTime_ShouldBeTheTimeStampOfFirstObject" />
    </UnitTest>
    <UnitTest name="GetValue_ShouldReturnAValue_WhenCalledWithKnownCategoryIds (7c4765c6-bd67-45a1-9e0b-84313207379c)" storage="d:\actions-runner\_work\xpco\xpco\metadatasearch\plugin.tests\bin\debug\plugin.tests.dll" id="93ea16db-974c-28e1-088c-a5dbcd9e57e6">
      <Execution id="cca487cb-b333-43c3-83c1-da641ce0fcb5" />
      <TestMethod codeBase="D:\actions-runner\_work\XPCO\XPCO\MetadataSearch\Plugin.Tests\bin\Debug\Plugin.Tests.dll" adapterTypeName="executor://mstestadapter/v2" className="VideoOS.MetadataSearch.Common.Tests.CategoriesTests" name="GetValue_ShouldReturnAValue_WhenCalledWithKnownCategoryIds" />
    </UnitTest>
    <UnitTest name="Constructors_ShouldNotAllowInjectionOfNulls" storage="d:\actions-runner\_work\xpco\xpco\metadatasearch\plugin.tests\bin\debug\plugin.tests.dll" id="fc92dcdb-aa20-edf8-3be9-ce9746fdc4a5">
      <Execution id="19d2d6f5-7556-407a-9eb9-8da1a6bee94c" />
      <TestMethod codeBase="D:\actions-runner\_work\XPCO\XPCO\MetadataSearch\Plugin.Tests\bin\Debug\Plugin.Tests.dll" adapterTypeName="executor://mstestadapter/v2" className="VideoOS.MetadataSearch.Plugin.Search.FilterValueProviders.Tests.RangeFilterValueProviderTests" name="Constructors_ShouldNotAllowInjectionOfNulls" />
    </UnitTest>
    <UnitTest name="GetValue_ShouldThrowException_WhenCalledWithUnknownId" storage="d:\actions-runner\_work\xpco\xpco\metadatasearch\plugin.tests\bin\debug\plugin.tests.dll" id="f839b0cd-3a0c-4f3b-f356-c2c389932835">
      <Execution id="a8e1313f-59ec-414b-81e1-38653f648931" />
      <TestMethod codeBase="D:\actions-runner\_work\XPCO\XPCO\MetadataSearch\Plugin.Tests\bin\Debug\Plugin.Tests.dll" adapterTypeName="executor://mstestadapter/v2" className="VideoOS.MetadataSearch.Common.Tests.FiltersTests" name="GetValue_ShouldThrowException_WhenCalledWithUnknownId" />
    </UnitTest>
    <UnitTest name="IsMatch_ShouldReturnFalse_WhenObjectElementHasPropertyLargerThanTheSearch" storage="d:\actions-runner\_work\xpco\xpco\metadatasearch\plugin.tests\bin\debug\plugin.tests.dll" id="f6772c2d-e583-5311-5f0b-5c7150760516">
      <Execution id="d83e28ab-1107-4bf4-845b-7b8963baabb6" />
      <TestMethod codeBase="D:\actions-runner\_work\XPCO\XPCO\MetadataSearch\Plugin.Tests\bin\Debug\Plugin.Tests.dll" adapterTypeName="executor://mstestadapter/v2" className="VideoOS.MetadataSearch.Plugin.Tests.Search.Predicates.FullMatchSearchPredicateTests" name="IsMatch_ShouldWorkJustFine" />
    </UnitTest>
    <UnitTest name="Parse_ShouldHandleXml_WithProperties" storage="d:\actions-runner\_work\xpco\xpco\metadatasearch\plugin.tests\bin\debug\plugin.tests.dll" id="00af2491-392a-89dc-55bf-452540374856">
      <Execution id="4a33ef7c-db95-40fa-857c-96224f01e2cd" />
      <TestMethod codeBase="D:\actions-runner\_work\XPCO\XPCO\MetadataSearch\Plugin.Tests\bin\Debug\Plugin.Tests.dll" adapterTypeName="executor://mstestadapter/v2" className="VideoOS.MetadataSearch.Plugin.Tests.Data.DeviceProfileTests" name="Parse_ShouldHandleXml_WithProperties" />
    </UnitTest>
    <UnitTest name="IsMatch_ShouldReturnTrue_WhenValueHasDecimalDot" storage="d:\actions-runner\_work\xpco\xpco\metadatasearch\plugin.tests\bin\debug\plugin.tests.dll" id="e3b5a555-0dc0-d931-7cf8-f77a2a46c06d">
      <Execution id="81b40d46-5f68-4962-8de6-da2db6fcacf3" />
      <TestMethod codeBase="D:\actions-runner\_work\XPCO\XPCO\MetadataSearch\Plugin.Tests\bin\Debug\Plugin.Tests.dll" adapterTypeName="executor://mstestadapter/v2" className="VideoOS.MetadataSearch.Plugin.Tests.Search.Predicates.RangeSearchPredicateTests" name="IsMatch_ShouldWorkJustFine" />
    </UnitTest>
    <UnitTest name="Constructors_ShouldNotAllowInjectionOfNulls" storage="d:\actions-runner\_work\xpco\xpco\metadatasearch\plugin.tests\bin\debug\plugin.tests.dll" id="8bb1fdac-bd2f-7ceb-1472-b2242404b945">
      <Execution id="ed5093a8-4cd9-4ad0-a090-364654f60a06" />
      <TestMethod codeBase="D:\actions-runner\_work\XPCO\XPCO\MetadataSearch\Plugin.Tests\bin\Debug\Plugin.Tests.dll" adapterTypeName="executor://mstestadapter/v2" className="VideoOS.MetadataSearch.Plugin.Tests.Data.MetadataFrameTests" name="Constructors_ShouldNotAllowInjectionOfNulls" />
    </UnitTest>
    <UnitTest name="MultipleClassesShouldBeParsed" storage="d:\actions-runner\_work\xpco\xpco\metadatasearch\plugin.tests\bin\debug\plugin.tests.dll" id="17ed2963-dfb1-7714-e286-6e03123b6d08">
      <Execution id="03be1c29-b7e5-4534-bc76-8947032fdba1" />
      <TestMethod codeBase="D:\actions-runner\_work\XPCO\XPCO\MetadataSearch\Plugin.Tests\bin\Debug\Plugin.Tests.dll" adapterTypeName="executor://mstestadapter/v2" className="VideoOS.MetadataSearch.Plugin.Tests.FunctionalTests.DeviceProfileMultipleClassesPartingTests" name="MultipleClassesShouldBeParsed" />
    </UnitTest>
    <UnitTest name="GetBuiltInVehicleFilters_ShouldIncludeLicensePlate_WhenLicensePlateFilterIsVisible" storage="d:\actions-runner\_work\xpco\xpco\metadatasearch\plugin.tests\bin\debug\plugin.tests.dll" id="155fd501-48dd-974a-89ed-642a7f2b89c6">
      <Execution id="12c35f50-369c-4365-965d-b7efaeb2ef8f" />
      <TestMethod codeBase="D:\actions-runner\_work\XPCO\XPCO\MetadataSearch\Plugin.Tests\bin\Debug\Plugin.Tests.dll" adapterTypeName="executor://mstestadapter/v2" className="VideoOS.MetadataSearch.Plugin.Configuration.Tests.MetadataCategoryTests" name="GetBuiltInVehicleFilters_ShouldIncludeLicensePlate_WhenLicensePlateFilterIsVisible" />
    </UnitTest>
    <UnitTest name="IsMatch_ShouldReturnFalse_WhenObjectIsNull" storage="d:\actions-runner\_work\xpco\xpco\metadatasearch\plugin.tests\bin\debug\plugin.tests.dll" id="eac2e640-9ce9-7c4d-f7fa-c93756d8fd21">
      <Execution id="176ec5f5-cf31-4117-99a3-dea5f8832639" />
      <TestMethod codeBase="D:\actions-runner\_work\XPCO\XPCO\MetadataSearch\Plugin.Tests\bin\Debug\Plugin.Tests.dll" adapterTypeName="executor://mstestadapter/v2" className="VideoOS.MetadataSearch.Plugin.Tests.Search.Predicates.RangeSearchPredicateTests" name="IsMatch_ShouldReturnFalse_WhenObjectIsNull" />
    </UnitTest>
    <UnitTest name="IsMatch_ShouldCompareDistanceCorrectly_WhenGivenValidPropertyValues (44.401012,-73.848847,44.400888,-73.849034,0,False)" storage="d:\actions-runner\_work\xpco\xpco\metadatasearch\plugin.tests\bin\debug\plugin.tests.dll" id="718bfcb4-43b7-ecd7-3287-19035bc44f45">
      <Execution id="4a6215fd-d75b-4cdd-bb74-b8363d8da67a" />
      <TestMethod codeBase="D:\actions-runner\_work\XPCO\XPCO\MetadataSearch\Plugin.Tests\bin\Debug\Plugin.Tests.dll" adapterTypeName="executor://mstestadapter/v2" className="VideoOS.MetadataSearch.Plugin.Tests.Search.Predicates.GeoCoordinatesPredicateTests" name="IsMatch_ShouldCompareDistanceCorrectly_WhenGivenValidPropertyValues" />
    </UnitTest>
    <UnitTest name="TryParseColor_ShouldReturn_CorrectResult (,False)" storage="d:\actions-runner\_work\xpco\xpco\metadatasearch\plugin.tests\bin\debug\plugin.tests.dll" id="1e30a6fe-0ec1-0d5c-110b-fb1627d937fd">
      <Execution id="c877ada4-8eb6-4966-bd94-f303a88a3487" />
      <TestMethod codeBase="D:\actions-runner\_work\XPCO\XPCO\MetadataSearch\Plugin.Tests\bin\Debug\Plugin.Tests.dll" adapterTypeName="executor://mstestadapter/v2" className="VideoOS.MetadataSearch.Plugin.Tests.Search.ColorHandling.MilestoneColorParserTests" name="TryParseColor_ShouldReturn_CorrectResult" />
    </UnitTest>
    <UnitTest name="IsMatch_ShouldReturnTrue_WhenAnyPropertyIsPresent" storage="d:\actions-runner\_work\xpco\xpco\metadatasearch\plugin.tests\bin\debug\plugin.tests.dll" id="daa10cf4-f353-3c5b-898c-b6f69a98a915">
      <Execution id="afbf2ecf-216d-4d32-a7f9-e7cdb626748d" />
      <TestMethod codeBase="D:\actions-runner\_work\XPCO\XPCO\MetadataSearch\Plugin.Tests\bin\Debug\Plugin.Tests.dll" adapterTypeName="executor://mstestadapter/v2" className="VideoOS.MetadataSearch.Plugin.Search.Tests.Predicates.CategorySearchPredicateTests" name="IsMatch_ShouldReturnCorrectResult" />
    </UnitTest>
    <UnitTest name="TryParseColor_ShouldReturn_CorrectResult (#ff220011,True)" storage="d:\actions-runner\_work\xpco\xpco\metadatasearch\plugin.tests\bin\debug\plugin.tests.dll" id="f2e5dcae-4196-f969-0006-b52c9b394114">
      <Execution id="77866d98-975a-4f87-b4ce-cd7f880575be" />
      <TestMethod codeBase="D:\actions-runner\_work\XPCO\XPCO\MetadataSearch\Plugin.Tests\bin\Debug\Plugin.Tests.dll" adapterTypeName="executor://mstestadapter/v2" className="VideoOS.MetadataSearch.Plugin.Tests.Search.ColorHandling.MilestoneColorParserTests" name="TryParseColor_ShouldReturn_CorrectResult" />
    </UnitTest>
    <UnitTest name="GetFilterValues_ShouldReturnColorValues_WhenValueIsValid" storage="d:\actions-runner\_work\xpco\xpco\metadatasearch\plugin.tests\bin\debug\plugin.tests.dll" id="7f6a0ab9-500f-44ab-cca2-a1538b8ddd70">
      <Execution id="36b64f95-3fba-4ac0-a0f7-7048333ec810" />
      <TestMethod codeBase="D:\actions-runner\_work\XPCO\XPCO\MetadataSearch\Plugin.Tests\bin\Debug\Plugin.Tests.dll" adapterTypeName="executor://mstestadapter/v2" className="VideoOS.MetadataSearch.Plugin.Search.FilterValueProviders.Tests.VehicleColorValueProviderTests" name="GetFilterValues_ShouldReturnColorValues_WhenValueIsValid" />
    </UnitTest>
    <UnitTest name="GetBuiltInPersonFilters_ShouldIncludeGender_WhenGenderFilterIsVisible" storage="d:\actions-runner\_work\xpco\xpco\metadatasearch\plugin.tests\bin\debug\plugin.tests.dll" id="7726250d-1a84-61d9-048c-e6c55a2403b1">
      <Execution id="ee216dd0-354d-47e7-83a1-8e9cf7968151" />
      <TestMethod codeBase="D:\actions-runner\_work\XPCO\XPCO\MetadataSearch\Plugin.Tests\bin\Debug\Plugin.Tests.dll" adapterTypeName="executor://mstestadapter/v2" className="VideoOS.MetadataSearch.Plugin.Configuration.Tests.MetadataCategoryTests" name="GetBuiltInPersonFilters_ShouldIncludeGender_WhenGenderFilterIsVisible" />
    </UnitTest>
    <UnitTest name="IsMatch_ShouldReturnFalse_WhenClassIsNotMatchButPropertiesMatch" storage="d:\actions-runner\_work\xpco\xpco\metadatasearch\plugin.tests\bin\debug\plugin.tests.dll" id="d4442990-a3df-baa3-1e90-cb79c9f1e4b8">
      <Execution id="03393589-7200-46d6-bea2-ad813c0f7625" />
      <TestMethod codeBase="D:\actions-runner\_work\XPCO\XPCO\MetadataSearch\Plugin.Tests\bin\Debug\Plugin.Tests.dll" adapterTypeName="executor://mstestadapter/v2" className="VideoOS.MetadataSearch.Plugin.Search.Tests.Predicates.CategorySearchPredicateTests" name="IsMatch_ShouldReturnCorrectResult" />
    </UnitTest>
    <UnitTest name="CreateGuid_ShouldReturnGuid_WhenObjectIdEmptyString" storage="d:\actions-runner\_work\xpco\xpco\metadatasearch\plugin.tests\bin\debug\plugin.tests.dll" id="793c7d39-7106-ac74-be73-1143bc1bfdf9">
      <Execution id="82cf9bb2-768d-4f6c-8a94-fe7aa3f60856" />
      <TestMethod codeBase="D:\actions-runner\_work\XPCO\XPCO\MetadataSearch\Plugin.Tests\bin\Debug\Plugin.Tests.dll" adapterTypeName="executor://mstestadapter/v2" className="VideoOS.MetadataSearch.Plugin.Tests.IdGeneratorTests" name="CreateGuid_ShouldReturnGuid_WhenObjectIdEmptyString" />
    </UnitTest>
    <UnitTest name="Constructors_ShouldNotAllowInjectionOfNulls" storage="d:\actions-runner\_work\xpco\xpco\metadatasearch\plugin.tests\bin\debug\plugin.tests.dll" id="9edf38d2-10df-1285-f1e9-196bcd9988f8">
      <Execution id="7f0abce5-f573-4280-b3f2-ee979568dc8b" />
      <TestMethod codeBase="D:\actions-runner\_work\XPCO\XPCO\MetadataSearch\Plugin.Tests\bin\Debug\Plugin.Tests.dll" adapterTypeName="executor://mstestadapter/v2" className="VideoOS.MetadataSearch.Plugin.Tests.MetadataSearchEngineTests" name="Constructors_ShouldNotAllowInjectionOfNulls" />
    </UnitTest>
    <UnitTest name="Reset_ShouldMakeTheValueInvalid" storage="d:\actions-runner\_work\xpco\xpco\metadatasearch\plugin.tests\bin\debug\plugin.tests.dll" id="3529e793-10fd-a9f5-8d1f-80b8415525e0">
      <Execution id="dcfd9df0-041c-45b6-931a-898fd83a0a87" />
      <TestMethod codeBase="D:\actions-runner\_work\XPCO\XPCO\MetadataSearch\Plugin.Tests\bin\Debug\Plugin.Tests.dll" adapterTypeName="executor://mstestadapter/v2" className="VideoOS.MetadataSearch.Plugin.Search.Filters.Tests.GeoCoordinatesFilterValueTests" name="Reset_ShouldMakeTheValueInvalid" />
    </UnitTest>
    <UnitTest name="GetBoundingPolygon_ShouldReturnNull_WhenGivenFrameObjectWithNoPolygon" storage="d:\actions-runner\_work\xpco\xpco\metadatasearch\plugin.tests\bin\debug\plugin.tests.dll" id="0b71c0e3-a86d-bb75-3905-c8d1b5aeb91a">
      <Execution id="b624cef2-a9e2-4105-871b-f64d7b236350" />
      <TestMethod codeBase="D:\actions-runner\_work\XPCO\XPCO\MetadataSearch\Plugin.Tests\bin\Debug\Plugin.Tests.dll" adapterTypeName="executor://mstestadapter/v2" className="VideoOS.MetadataSearch.Plugin.Tests.MetadataBoundingShapeTests" name="GetBoundingPolygon_ShouldReturnNull_WhenGivenFrameObjectWithNoPolygon" />
    </UnitTest>
    <UnitTest name="GetValue_ShouldThrowException_WhenCalledWithUnknownId" storage="d:\actions-runner\_work\xpco\xpco\metadatasearch\plugin.tests\bin\debug\plugin.tests.dll" id="6bd8ce04-325e-7279-fc5b-efad87b87bbc">
      <Execution id="216d3efb-6503-4271-9b18-43a72cd8f0bf" />
      <TestMethod codeBase="D:\actions-runner\_work\XPCO\XPCO\MetadataSearch\Plugin.Tests\bin\Debug\Plugin.Tests.dll" adapterTypeName="executor://mstestadapter/v2" className="VideoOS.MetadataSearch.Common.Tests.CategoriesTests" name="GetValue_ShouldThrowException_WhenCalledWithUnknownId" />
    </UnitTest>
    <UnitTest name="InvalidateLongitude_ShouldTurnInvalidToFalse_WhenCalledOnValidValue" storage="d:\actions-runner\_work\xpco\xpco\metadatasearch\plugin.tests\bin\debug\plugin.tests.dll" id="048064ce-9700-10d9-1f79-bb81092b89b1">
      <Execution id="6ca07a83-17c0-4ae7-ba79-65f74b8f7e58" />
      <TestMethod codeBase="D:\actions-runner\_work\XPCO\XPCO\MetadataSearch\Plugin.Tests\bin\Debug\Plugin.Tests.dll" adapterTypeName="executor://mstestadapter/v2" className="VideoOS.MetadataSearch.Plugin.Search.Filters.Tests.GeoCoordinatesFilterValueTests" name="InvalidateLongitude_ShouldTurnInvalidToFalse_WhenCalledOnValidValue" />
    </UnitTest>
    <UnitTest name="IsEmpty_ShouldReturnBase_WhenSearchingWithoutDefaults (0,10,1,10,False)" storage="d:\actions-runner\_work\xpco\xpco\metadatasearch\plugin.tests\bin\debug\plugin.tests.dll" id="30d61bb6-0190-9ee4-4480-999650ab018e">
      <Execution id="39f54b09-befd-440c-b34e-a519f3f5a025" />
      <TestMethod codeBase="D:\actions-runner\_work\XPCO\XPCO\MetadataSearch\Plugin.Tests\bin\Debug\Plugin.Tests.dll" adapterTypeName="executor://mstestadapter/v2" className="VideoOS.MetadataSearch.Plugin.Search.Filters.Tests.RangeSearchFilterTests" name="IsEmpty_ShouldReturnBase_WhenSearchingWithoutDefaults" />
    </UnitTest>
    <UnitTest name="IsMatch_ShouldReturnFalse_WhenGivenFrameObjectWithInvalidProperties" storage="d:\actions-runner\_work\xpco\xpco\metadatasearch\plugin.tests\bin\debug\plugin.tests.dll" id="d4452252-777d-7430-b8a1-f0e1693e31c3">
      <Execution id="3741d75e-a676-4082-b432-610a206999ef" />
      <TestMethod codeBase="D:\actions-runner\_work\XPCO\XPCO\MetadataSearch\Plugin.Tests\bin\Debug\Plugin.Tests.dll" adapterTypeName="executor://mstestadapter/v2" className="VideoOS.MetadataSearch.Plugin.Tests.Search.Predicates.ColorPredicateTests" name="IsMatch_ShouldReturnFalse_WhenGivenFrameObjectWithInvalidProperties" />
    </UnitTest>
    <UnitTest name="TryParseColor_ShouldReturn_CorrectResult (&lt;?xml version=&quot;1.0&quot;?&gt; &lt;tt:Color xmlns:tt=&quot;http://www.onvif.org/ver10/schema&quot; X = &quot;400&quot; Colorspace = &quot;RGB&quot; /&gt;,False)" storage="d:\actions-runner\_work\xpco\xpco\metadatasearch\plugin.tests\bin\debug\plugin.tests.dll" id="14abc2b8-998a-7ca5-f1be-36d249e1c57b">
      <Execution id="7ccd7326-827a-458b-86e6-8f43cf6fb19d" />
      <TestMethod codeBase="D:\actions-runner\_work\XPCO\XPCO\MetadataSearch\Plugin.Tests\bin\Debug\Plugin.Tests.dll" adapterTypeName="executor://mstestadapter/v2" className="VideoOS.MetadataSearch.Plugin.Tests.Search.ColorHandling.OnvifColorParserTests" name="TryParseColor_ShouldReturn_CorrectResult" />
    </UnitTest>
    <UnitTest name="GetFilterValues_ShouldReturnEmptyEnumeration_WhenValueIsNull" storage="d:\actions-runner\_work\xpco\xpco\metadatasearch\plugin.tests\bin\debug\plugin.tests.dll" id="27c656ed-af7a-6dcb-a54c-8684fabb981f">
      <Execution id="ef4082ca-ae12-40ef-8a17-a38ca896bf3d" />
      <TestMethod codeBase="D:\actions-runner\_work\XPCO\XPCO\MetadataSearch\Plugin.Tests\bin\Debug\Plugin.Tests.dll" adapterTypeName="executor://mstestadapter/v2" className="VideoOS.MetadataSearch.Plugin.Search.FilterValueProviders.Tests.AgeValueProviderTests" name="GetFilterValues_ShouldReturnEmptyEnumeration_WhenValueIsNull" />
    </UnitTest>
    <UnitTest name="IsMatch_ShouldReturnTrue_WhenClassIsMatch" storage="d:\actions-runner\_work\xpco\xpco\metadatasearch\plugin.tests\bin\debug\plugin.tests.dll" id="c6db83e7-5e77-1b6b-d1cd-a0dc3dc0562d">
      <Execution id="373942d6-ebfa-492a-9707-7a3b6ca4fc1f" />
      <TestMethod codeBase="D:\actions-runner\_work\XPCO\XPCO\MetadataSearch\Plugin.Tests\bin\Debug\Plugin.Tests.dll" adapterTypeName="executor://mstestadapter/v2" className="VideoOS.MetadataSearch.Plugin.Search.Tests.Predicates.CategorySearchPredicateTests" name="IsMatch_ShouldReturnCorrectResult" />
    </UnitTest>
    <UnitTest name="DoSearch_ShouldFindVehicle_WhenLicensePlatePropertyIsPresent" storage="d:\actions-runner\_work\xpco\xpco\metadatasearch\plugin.tests\bin\debug\plugin.tests.dll" id="0f0e6972-06c8-db8d-1b86-f2ea4c948042">
      <Execution id="f995366e-7cd1-43ed-82e1-ac2678d708ba" />
      <TestMethod codeBase="D:\actions-runner\_work\XPCO\XPCO\MetadataSearch\Plugin.Tests\bin\Debug\Plugin.Tests.dll" adapterTypeName="executor://mstestadapter/v2" className="VideoOS.MetadataSearch.Plugin.Tests.FunctionalTests.FullPluginTests" name="DoSearch_ShouldFindVehicleCategory" />
    </UnitTest>
    <UnitTest name="GetEnabledFilters_ShouldReturnAllEnabledFilters" storage="d:\actions-runner\_work\xpco\xpco\metadatasearch\plugin.tests\bin\debug\plugin.tests.dll" id="ebe2eab7-197f-2527-3878-ceffe8948ed4">
      <Execution id="82eaee03-dd4b-4620-a775-7f3ba4a88aba" />
      <TestMethod codeBase="D:\actions-runner\_work\XPCO\XPCO\MetadataSearch\Plugin.Tests\bin\Debug\Plugin.Tests.dll" adapterTypeName="executor://mstestadapter/v2" className="VideoOS.MetadataSearch.Plugin.Configuration.Tests.MetadataCategoryTests" name="GetEnabledFilters_ShouldReturnAllEnabledFilters" />
    </UnitTest>
    <UnitTest name="GetFrames_ShouldReturnFramesInTheSpecifiedTimeRange (False)" storage="d:\actions-runner\_work\xpco\xpco\metadatasearch\plugin.tests\bin\debug\plugin.tests.dll" id="96748469-9f77-293e-9024-c4beadff4ef6">
      <Execution id="9cc46697-06fc-4843-97b7-c7218294d8d8" />
      <TestMethod codeBase="D:\actions-runner\_work\XPCO\XPCO\MetadataSearch\Plugin.Tests\bin\Debug\Plugin.Tests.dll" adapterTypeName="executor://mstestadapter/v2" className="VideoOS.MetadataSearch.Plugin.Tests.SearchAgent.MIPMetadataObjectSourceTests" name="GetFrames_ShouldReturnFramesInTheSpecifiedTimeRange" />
    </UnitTest>
    <UnitTest name="DoSearch_ShouldFindPeople_WhenFacePropertyIsPresent" storage="d:\actions-runner\_work\xpco\xpco\metadatasearch\plugin.tests\bin\debug\plugin.tests.dll" id="7387974b-3fe4-d79e-08a1-e261ef11c329">
      <Execution id="b79f0dc2-b735-4fce-87f5-6feb31f5d19c" />
      <TestMethod codeBase="D:\actions-runner\_work\XPCO\XPCO\MetadataSearch\Plugin.Tests\bin\Debug\Plugin.Tests.dll" adapterTypeName="executor://mstestadapter/v2" className="VideoOS.MetadataSearch.Plugin.Tests.FunctionalTests.FullPluginTests" name="DoSearch_ShouldFindPeopleCategory" />
    </UnitTest>
    <UnitTest name="DoSearch_ShouldFindPeople_WhenClassIsHuman" storage="d:\actions-runner\_work\xpco\xpco\metadatasearch\plugin.tests\bin\debug\plugin.tests.dll" id="6b102470-5fe0-736b-da07-26881a2f19de">
      <Execution id="f995cd66-4af4-4048-8d34-3be5c73e24ff" />
      <TestMethod codeBase="D:\actions-runner\_work\XPCO\XPCO\MetadataSearch\Plugin.Tests\bin\Debug\Plugin.Tests.dll" adapterTypeName="executor://mstestadapter/v2" className="VideoOS.MetadataSearch.Plugin.Tests.FunctionalTests.FullPluginTests" name="DoSearch_ShouldFindPeopleCategory" />
    </UnitTest>
    <UnitTest name="FinalizeRemainingSequences_ShouldReturnAllSequences" storage="d:\actions-runner\_work\xpco\xpco\metadatasearch\plugin.tests\bin\debug\plugin.tests.dll" id="ea2e82c5-a347-018b-9a24-a661f3fdcf08">
      <Execution id="f38f60c1-5ec1-4903-99b2-bb411d1bcd53" />
      <TestMethod codeBase="D:\actions-runner\_work\XPCO\XPCO\MetadataSearch\Plugin.Tests\bin\Debug\Plugin.Tests.dll" adapterTypeName="executor://mstestadapter/v2" className="VideoOS.MetadataSearch.Plugin.Tests.Search.SequenceBuilderTests" name="FinalizeRemainingSequences_ShouldReturnAllSequences" />
    </UnitTest>
    <UnitTest name="BoundingShape_ShouldBeTheBoundingShapeOfFirstObject" storage="d:\actions-runner\_work\xpco\xpco\metadatasearch\plugin.tests\bin\debug\plugin.tests.dll" id="43632830-56b5-2c25-4520-e4973c4ca2ed">
      <Execution id="9c6be651-9834-45fd-aaf6-3d452add1b6b" />
      <TestMethod codeBase="D:\actions-runner\_work\XPCO\XPCO\MetadataSearch\Plugin.Tests\bin\Debug\Plugin.Tests.dll" adapterTypeName="executor://mstestadapter/v2" className="VideoOS.MetadataSearch.Plugin.Tests.FunctionalTests.ObjectSequenceTests" name="BoundingShape_ShouldBeTheBoundingShapeOfFirstObject" />
    </UnitTest>
    <UnitTest name="DoSearch_ShouldFindVehicle_WhenClassIsVehicle" storage="d:\actions-runner\_work\xpco\xpco\metadatasearch\plugin.tests\bin\debug\plugin.tests.dll" id="37f7b479-437b-e4ed-4de3-0b10106b72a3">
      <Execution id="7bfa3ceb-9a16-43a4-916f-36f7a83bc002" />
      <TestMethod codeBase="D:\actions-runner\_work\XPCO\XPCO\MetadataSearch\Plugin.Tests\bin\Debug\Plugin.Tests.dll" adapterTypeName="executor://mstestadapter/v2" className="VideoOS.MetadataSearch.Plugin.Tests.FunctionalTests.FullPluginTests" name="DoSearch_ShouldFindVehicleCategory" />
    </UnitTest>
    <UnitTest name="IsSet_ShouldBeFalse_WhenValueProviderHasNoValues" storage="d:\actions-runner\_work\xpco\xpco\metadatasearch\plugin.tests\bin\debug\plugin.tests.dll" id="9ff14ff7-ddbc-8331-9543-ba15085b4176">
      <Execution id="f38bc6f1-3c1b-4a03-aa0e-86e51ea3f8a5" />
      <TestMethod codeBase="D:\actions-runner\_work\XPCO\XPCO\MetadataSearch\Plugin.Tests\bin\Debug\Plugin.Tests.dll" adapterTypeName="executor://mstestadapter/v2" className="VideoOS.MetadataSearch.Plugin.Search.FilterDefinitions.Tests.ListSelectionFilterDefinitionTests" name="IsSet_ShouldBeFalse_WhenValueProviderHasNoValues" />
    </UnitTest>
    <UnitTest name="GetValue_ShouldReturnAValue_WhenCalledWithKnownVehicleTypeIds (f7dddebb-09f7-4a07-aaa3-53c00fc6c151)" storage="d:\actions-runner\_work\xpco\xpco\metadatasearch\plugin.tests\bin\debug\plugin.tests.dll" id="d3b09615-1a45-b103-fa28-b14a8987e6d6">
      <Execution id="28ad336f-968e-4b85-9583-3678ed700c70" />
      <TestMethod codeBase="D:\actions-runner\_work\XPCO\XPCO\MetadataSearch\Plugin.Tests\bin\Debug\Plugin.Tests.dll" adapterTypeName="executor://mstestadapter/v2" className="VideoOS.MetadataSearch.Common.Tests.VehicleTypesTests" name="GetValue_ShouldReturnAValue_WhenCalledWithKnownVehicleTypeIds" />
    </UnitTest>
    <UnitTest name="GetBoundingShapesAsync_ShouldUsePolygons_WhenGivenFrameObjectWithBothPolygonAndBoundingBox" storage="d:\actions-runner\_work\xpco\xpco\metadatasearch\plugin.tests\bin\debug\plugin.tests.dll" id="36f65028-a17e-012e-79af-b69bd9d0ea50">
      <Execution id="cc392da3-fa4c-484e-86ae-b673940457cb" />
      <TestMethod codeBase="D:\actions-runner\_work\XPCO\XPCO\MetadataSearch\Plugin.Tests\bin\Debug\Plugin.Tests.dll" adapterTypeName="executor://mstestadapter/v2" className="VideoOS.MetadataSearch.Plugin.Tests.MetadataSearchResultDataTests" name="GetBoundingShapesAsync_ShouldUsePolygons_WhenGivenFrameObjectWithBothPolygonAndBoundingBox" />
    </UnitTest>
    <UnitTest name="IsMatch_ShouldReturnFalse_WhenObjectElementHasPartiallyMatchingValue" storage="d:\actions-runner\_work\xpco\xpco\metadatasearch\plugin.tests\bin\debug\plugin.tests.dll" id="5fd39ef6-9234-df81-0f71-277429bc7c32">
      <Execution id="8b6f03dc-98a6-4d24-9766-9dcec6870d4c" />
      <TestMethod codeBase="D:\actions-runner\_work\XPCO\XPCO\MetadataSearch\Plugin.Tests\bin\Debug\Plugin.Tests.dll" adapterTypeName="executor://mstestadapter/v2" className="VideoOS.MetadataSearch.Plugin.Tests.Search.Predicates.PartialMatchSearchPredicateTests" name="IsMatch_ShouldWorkCorrectly" />
    </UnitTest>
    <UnitTest name="IsMatch_ShouldReturnTrue_WhenObjectElementHasFullyMatchingPropertyNameAndValue" storage="d:\actions-runner\_work\xpco\xpco\metadatasearch\plugin.tests\bin\debug\plugin.tests.dll" id="1c94ba47-9023-7143-4a8e-fb67768a6f84">
      <Execution id="b67c1604-d19a-45fe-9832-790cebb2a367" />
      <TestMethod codeBase="D:\actions-runner\_work\XPCO\XPCO\MetadataSearch\Plugin.Tests\bin\Debug\Plugin.Tests.dll" adapterTypeName="executor://mstestadapter/v2" className="VideoOS.MetadataSearch.Plugin.Tests.Search.Predicates.PartialMatchSearchPredicateTests" name="IsMatch_ShouldWorkCorrectly" />
    </UnitTest>
    <UnitTest name="TryParseColor_ShouldSucceed_WhenColorspaceComesFromProperties" storage="d:\actions-runner\_work\xpco\xpco\metadatasearch\plugin.tests\bin\debug\plugin.tests.dll" id="a96913c2-5c94-25aa-aa92-a4b494985e51">
      <Execution id="c726e795-09ee-4ed4-82b8-05b7f2b40979" />
      <TestMethod codeBase="D:\actions-runner\_work\XPCO\XPCO\MetadataSearch\Plugin.Tests\bin\Debug\Plugin.Tests.dll" adapterTypeName="executor://mstestadapter/v2" className="VideoOS.MetadataSearch.Plugin.Tests.Search.ColorHandling.OnvifColorParserTests" name="TryParseColor_ShouldSucceed_WhenColorspaceComesFromProperties" />
    </UnitTest>
    <UnitTest name="GetFrames_ShouldContinueReturningFrames_WhenThereIsNoMIPContent (False)" storage="d:\actions-runner\_work\xpco\xpco\metadatasearch\plugin.tests\bin\debug\plugin.tests.dll" id="806115df-70cd-0935-7c36-279bceac0ca7">
      <Execution id="cc3990b6-c4c6-4823-99b0-82188c348d31" />
      <TestMethod codeBase="D:\actions-runner\_work\XPCO\XPCO\MetadataSearch\Plugin.Tests\bin\Debug\Plugin.Tests.dll" adapterTypeName="executor://mstestadapter/v2" className="VideoOS.MetadataSearch.Plugin.Tests.SearchAgent.MIPMetadataObjectSourceTests" name="GetFrames_ShouldContinueReturningFrames_WhenThereIsNoMIPContent" />
    </UnitTest>
    <UnitTest name="IsEmpty_ShouldReturnTrue_WhenThereAreNoFramesInTheSpecifiedTimeRange (True)" storage="d:\actions-runner\_work\xpco\xpco\metadatasearch\plugin.tests\bin\debug\plugin.tests.dll" id="a87d0b30-1b50-ed18-a106-3c32a9d0d116">
      <Execution id="903971c3-1b89-4ccd-b34f-a4f621d93d45" />
      <TestMethod codeBase="D:\actions-runner\_work\XPCO\XPCO\MetadataSearch\Plugin.Tests\bin\Debug\Plugin.Tests.dll" adapterTypeName="executor://mstestadapter/v2" className="VideoOS.MetadataSearch.Plugin.Tests.SearchAgent.MIPMetadataObjectSourceTests" name="IsEmpty_ShouldReturnTrue_WhenThereAreNoFramesInTheSpecifiedTimeRange" />
    </UnitTest>
    <UnitTest name="IsMatch_ShouldReturnTrue_WhenAllPredicatesAreMatched" storage="d:\actions-runner\_work\xpco\xpco\metadatasearch\plugin.tests\bin\debug\plugin.tests.dll" id="6bce575e-8f07-a06a-d4e9-7baf381097ed">
      <Execution id="b557ece9-fcdc-4d1f-b1ef-ef66ad99b247" />
      <TestMethod codeBase="D:\actions-runner\_work\XPCO\XPCO\MetadataSearch\Plugin.Tests\bin\Debug\Plugin.Tests.dll" adapterTypeName="executor://mstestadapter/v2" className="VideoOS.MetadataSearch.Plugin.Tests.Search.Predicates.CompositeUnionSearchPredicateTests" name="IsMatch_ShouldWorkCorrectly" />
    </UnitTest>
    <UnitTest name="IsMatch_ShouldReturnFalse_WhenAnyOfThePredicatesIsNotMatched" storage="d:\actions-runner\_work\xpco\xpco\metadatasearch\plugin.tests\bin\debug\plugin.tests.dll" id="55f041d7-d67d-7c07-3d7c-8e2b2951c8af">
      <Execution id="ee3ae315-02b9-4214-a988-a46a52ca50ed" />
      <TestMethod codeBase="D:\actions-runner\_work\XPCO\XPCO\MetadataSearch\Plugin.Tests\bin\Debug\Plugin.Tests.dll" adapterTypeName="executor://mstestadapter/v2" className="VideoOS.MetadataSearch.Plugin.Tests.Search.Predicates.CompositeIntersectSearchPredicateTests" name="IsMatch_ShouldWorkCorrectly" />
    </UnitTest>
    <UnitTest name="GetCategorySearchPredicate_ShouldReturnPredicateWithAllRelatedProperties_WhenFilterHasMultipleProperties" storage="d:\actions-runner\_work\xpco\xpco\metadatasearch\plugin.tests\bin\debug\plugin.tests.dll" id="b4084ff7-36a0-65d4-0c78-ecb397769e59">
      <Execution id="b160d12d-a81f-4728-8df1-7094a933c4f2" />
      <TestMethod codeBase="D:\actions-runner\_work\XPCO\XPCO\MetadataSearch\Plugin.Tests\bin\Debug\Plugin.Tests.dll" adapterTypeName="executor://mstestadapter/v2" className="VideoOS.MetadataSearch.Plugin.Configuration.Tests.MetadataCategoryTests" name="GetCategorySearchPredicate_ShouldReturnPredicateWithAllRelatedProperties_WhenFilterHasMultipleProperties" />
    </UnitTest>
    <UnitTest name="IsMatch_ShouldComparecolorCorrectly_WhenGivenValidPropertyValues (white,Red,white,True)" storage="d:\actions-runner\_work\xpco\xpco\metadatasearch\plugin.tests\bin\debug\plugin.tests.dll" id="02e92061-ff27-3ac2-c64c-a7dea7592a97">
      <Execution id="db30335d-ef30-40ba-903e-1fe4f2d43cc0" />
      <TestMethod codeBase="D:\actions-runner\_work\XPCO\XPCO\MetadataSearch\Plugin.Tests\bin\Debug\Plugin.Tests.dll" adapterTypeName="executor://mstestadapter/v2" className="VideoOS.MetadataSearch.Plugin.Tests.Search.Predicates.ColorPredicateTests" name="IsMatch_ShouldComparecolorCorrectly_WhenGivenValidPropertyValues" />
    </UnitTest>
    <UnitTest name="GetValue_ShouldReturnAValue_WhenCalledWithKnownFilterIds (4c6aeecb-d705-44bf-8bea-2d866fbd3ba8)" storage="d:\actions-runner\_work\xpco\xpco\metadatasearch\plugin.tests\bin\debug\plugin.tests.dll" id="ec31edd8-efda-9e8e-45c9-3573e057a69c">
      <Execution id="159c15fc-8f9b-40bb-8be5-7da43848c00c" />
      <TestMethod codeBase="D:\actions-runner\_work\XPCO\XPCO\MetadataSearch\Plugin.Tests\bin\Debug\Plugin.Tests.dll" adapterTypeName="executor://mstestadapter/v2" className="VideoOS.MetadataSearch.Common.Tests.FiltersTests" name="GetValue_ShouldReturnAValue_WhenCalledWithKnownFilterIds" />
    </UnitTest>
    <UnitTest name="IsMatch_ShouldReturnTrue_WhenAllPredicatesAreMatched" storage="d:\actions-runner\_work\xpco\xpco\metadatasearch\plugin.tests\bin\debug\plugin.tests.dll" id="666e6c5a-d69b-6714-d634-2a3c90ca8e96">
      <Execution id="9fb141f8-31fc-4b11-8b5e-29c33c54324c" />
      <TestMethod codeBase="D:\actions-runner\_work\XPCO\XPCO\MetadataSearch\Plugin.Tests\bin\Debug\Plugin.Tests.dll" adapterTypeName="executor://mstestadapter/v2" className="VideoOS.MetadataSearch.Plugin.Tests.Search.Predicates.CompositeIntersectSearchPredicateTests" name="IsMatch_ShouldWorkCorrectly" />
    </UnitTest>
    <UnitTest name="TryParseColor_ShouldReturn_CorrectResult (&lt;?xml version=&quot;1.0&quot;?&gt; &lt;tt:Color xmlns:tt=&quot;http://www.onvif.org/ver10/schema&quot; Z = &quot;169&quot; Colorspace = &quot;YCbCr&quot; /&gt;,False)" storage="d:\actions-runner\_work\xpco\xpco\metadatasearch\plugin.tests\bin\debug\plugin.tests.dll" id="2fa26119-f0d4-f02f-aad4-4159385bd8d6">
      <Execution id="f97e36bc-ccaa-40ec-9ceb-0c0674c3389f" />
      <TestMethod codeBase="D:\actions-runner\_work\XPCO\XPCO\MetadataSearch\Plugin.Tests\bin\Debug\Plugin.Tests.dll" adapterTypeName="executor://mstestadapter/v2" className="VideoOS.MetadataSearch.Plugin.Tests.Search.ColorHandling.OnvifColorParserTests" name="TryParseColor_ShouldReturn_CorrectResult" />
    </UnitTest>
    <UnitTest name="IsMatch_ShouldReturnTrue_WhenClassIsMatchAndThereIsNoProperties" storage="d:\actions-runner\_work\xpco\xpco\metadatasearch\plugin.tests\bin\debug\plugin.tests.dll" id="2c296588-7371-0f8d-10f8-d4e75c377bcf">
      <Execution id="972691fb-c849-46cf-8cee-a3e52748035e" />
      <TestMethod codeBase="D:\actions-runner\_work\XPCO\XPCO\MetadataSearch\Plugin.Tests\bin\Debug\Plugin.Tests.dll" adapterTypeName="executor://mstestadapter/v2" className="VideoOS.MetadataSearch.Plugin.Search.Tests.Predicates.CategorySearchPredicateTests" name="IsMatch_ShouldReturnCorrectResult" />
    </UnitTest>
    <UnitTest name="IsMatch_ShouldReturnFalse_WhenGivenFrameObjectWithInvalidProperties" storage="d:\actions-runner\_work\xpco\xpco\metadatasearch\plugin.tests\bin\debug\plugin.tests.dll" id="ad937d21-993c-7f1a-8fa0-80c5eedeab97">
      <Execution id="0d018e2a-a7f2-4b8d-a530-eaa99dd50e40" />
      <TestMethod codeBase="D:\actions-runner\_work\XPCO\XPCO\MetadataSearch\Plugin.Tests\bin\Debug\Plugin.Tests.dll" adapterTypeName="executor://mstestadapter/v2" className="VideoOS.MetadataSearch.Plugin.Tests.Search.Predicates.GeoCoordinatesPredicateTests" name="IsMatch_ShouldReturnFalse_WhenGivenFrameObjectWithInvalidProperties" />
    </UnitTest>
    <UnitTest name="GetValue_ShouldReturnAValue_WhenCalledWithKnownFilterIds (ecdcb7ff-0a4b-4b4c-9272-a2fd23639070)" storage="d:\actions-runner\_work\xpco\xpco\metadatasearch\plugin.tests\bin\debug\plugin.tests.dll" id="a0fecfc4-55af-bb90-a20d-49a14375d376">
      <Execution id="824817f0-c8ce-4844-b970-13acc223f46d" />
      <TestMethod codeBase="D:\actions-runner\_work\XPCO\XPCO\MetadataSearch\Plugin.Tests\bin\Debug\Plugin.Tests.dll" adapterTypeName="executor://mstestadapter/v2" className="VideoOS.MetadataSearch.Common.Tests.FiltersTests" name="GetValue_ShouldReturnAValue_WhenCalledWithKnownFilterIds" />
    </UnitTest>
    <UnitTest name="DoSearch_ShouldFindVehicle_WhenClassIsVehical" storage="d:\actions-runner\_work\xpco\xpco\metadatasearch\plugin.tests\bin\debug\plugin.tests.dll" id="52b3e7e8-c4a5-3878-cfaf-52c526b4299d">
      <Execution id="9a4b8dc2-0688-4846-a5a0-98bdadf85bdc" />
      <TestMethod codeBase="D:\actions-runner\_work\XPCO\XPCO\MetadataSearch\Plugin.Tests\bin\Debug\Plugin.Tests.dll" adapterTypeName="executor://mstestadapter/v2" className="VideoOS.MetadataSearch.Plugin.Tests.FunctionalTests.FullPluginTests" name="DoSearch_ShouldFindVehicleCategory" />
    </UnitTest>
    <UnitTest name="GetSearchPredicate_ShouldCallFactoryWithCorrectPropertyName" storage="d:\actions-runner\_work\xpco\xpco\metadatasearch\plugin.tests\bin\debug\plugin.tests.dll" id="783c61b8-9979-7e4d-dff3-17f24aca21ff">
      <Execution id="075de5a4-89c8-4996-a12d-df956e03b63c" />
      <TestMethod codeBase="D:\actions-runner\_work\XPCO\XPCO\MetadataSearch\Plugin.Tests\bin\Debug\Plugin.Tests.dll" adapterTypeName="executor://mstestadapter/v2" className="VideoOS.MetadataSearch.Plugin.Search.FilterDefinitions.Tests.TextFilterDefinitionTests" name="GetSearchPredicate_ShouldCallFactoryWithCorrectPropertyName" />
    </UnitTest>
    <UnitTest name="GetEnabledFilters_ShouldReturnEmptyCollection_WhenCategoryHasNoFilters" storage="d:\actions-runner\_work\xpco\xpco\metadatasearch\plugin.tests\bin\debug\plugin.tests.dll" id="6284c07a-1926-8d31-c1a2-15de191e68d7">
      <Execution id="0bca870b-f3a0-400c-8a88-295d83d52878" />
      <TestMethod codeBase="D:\actions-runner\_work\XPCO\XPCO\MetadataSearch\Plugin.Tests\bin\Debug\Plugin.Tests.dll" adapterTypeName="executor://mstestadapter/v2" className="VideoOS.MetadataSearch.Plugin.Configuration.Tests.MetadataCategoryTests" name="GetEnabledFilters_ShouldReturnEmptyCollection_WhenCategoryHasNoFilters" />
    </UnitTest>
    <UnitTest name="GetFilterValues_ShouldReturnSelectedValues_WhenValueIsValid" storage="d:\actions-runner\_work\xpco\xpco\metadatasearch\plugin.tests\bin\debug\plugin.tests.dll" id="f2977152-27e1-99c2-0ed4-b1108eb41ea8">
      <Execution id="4ff1c050-c994-4157-a659-478ab43240cf" />
      <TestMethod codeBase="D:\actions-runner\_work\XPCO\XPCO\MetadataSearch\Plugin.Tests\bin\Debug\Plugin.Tests.dll" adapterTypeName="executor://mstestadapter/v2" className="VideoOS.MetadataSearch.Plugin.Search.FilterValueProviders.Tests.ListSelectionValueProviderTests" name="GetFilterValues_ShouldReturnSelectedValues_WhenValueIsValid" />
    </UnitTest>
    <UnitTest name="IsMatch_ShouldReturnTrue_WhenObjectElementExists" storage="d:\actions-runner\_work\xpco\xpco\metadatasearch\plugin.tests\bin\debug\plugin.tests.dll" id="a1b74b0b-009e-e0a3-33bb-93ec2d1ed879">
      <Execution id="04d08be7-51f3-45c5-afce-57a182896750" />
      <TestMethod codeBase="D:\actions-runner\_work\XPCO\XPCO\MetadataSearch\Plugin.Tests\bin\Debug\Plugin.Tests.dll" adapterTypeName="executor://mstestadapter/v2" className="VideoOS.MetadataSearch.Plugin.Tests.Search.Predicates.PropertyExistsPredicateTests" name="IsMatch_ShouldWorkJustFine" />
    </UnitTest>
    <UnitTest name="Deserialize_ShouldReturnTrue_WhenInputIsValid" storage="d:\actions-runner\_work\xpco\xpco\metadatasearch\plugin.tests\bin\debug\plugin.tests.dll" id="02e911c5-d11b-dead-a23d-a86892fd7e08">
      <Execution id="01637d5f-f812-4285-9116-891547cd0668" />
      <TestMethod codeBase="D:\actions-runner\_work\XPCO\XPCO\MetadataSearch\Plugin.Tests\bin\Debug\Plugin.Tests.dll" adapterTypeName="executor://mstestadapter/v2" className="VideoOS.MetadataSearch.Plugin.Search.Filters.Tests.GeoCoordinatesFilterValueTests" name="Deserialize_ShouldReturnTrue_WhenInputIsValid" />
    </UnitTest>
    <UnitTest name="GetFrames_ShouldNotContinueFetchingFrames_WhenTokenSourceIsCancelled (False)" storage="d:\actions-runner\_work\xpco\xpco\metadatasearch\plugin.tests\bin\debug\plugin.tests.dll" id="516c01d6-57b7-d676-abbc-5c0620a39685">
      <Execution id="4c3ce456-3fa7-4ecc-b409-912a66e1e53a" />
      <TestMethod codeBase="D:\actions-runner\_work\XPCO\XPCO\MetadataSearch\Plugin.Tests\bin\Debug\Plugin.Tests.dll" adapterTypeName="executor://mstestadapter/v2" className="VideoOS.MetadataSearch.Plugin.Tests.SearchAgent.MIPMetadataObjectSourceTests" name="GetFrames_ShouldNotContinueFetchingFrames_WhenTokenSourceIsCancelled" />
    </UnitTest>
    <UnitTest name="CreateGuid_ShouldReturnDifferentGuid_WhenUsingDifferentSearchAgentId_ButSameParams" storage="d:\actions-runner\_work\xpco\xpco\metadatasearch\plugin.tests\bin\debug\plugin.tests.dll" id="8a2012f5-edd4-0ac2-d029-f45f835a7797">
      <Execution id="777d47b5-fd7c-46fb-b3d9-4432124f8216" />
      <TestMethod codeBase="D:\actions-runner\_work\XPCO\XPCO\MetadataSearch\Plugin.Tests\bin\Debug\Plugin.Tests.dll" adapterTypeName="executor://mstestadapter/v2" className="VideoOS.MetadataSearch.Plugin.Tests.IdGeneratorTests" name="CreateGuid_ShouldReturnDifferentGuid_WhenUsingDifferentSearchAgentId_ButSameParams" />
    </UnitTest>
    <UnitTest name="IsEmpty_ShouldReturnFalse_WhenSearchingWithDefaults (0,10,0,9)" storage="d:\actions-runner\_work\xpco\xpco\metadatasearch\plugin.tests\bin\debug\plugin.tests.dll" id="05af5647-014b-c33b-f3b5-de49c30b7af3">
      <Execution id="6299e57f-78fd-4f64-a415-b02b9e00bcfc" />
      <TestMethod codeBase="D:\actions-runner\_work\XPCO\XPCO\MetadataSearch\Plugin.Tests\bin\Debug\Plugin.Tests.dll" adapterTypeName="executor://mstestadapter/v2" className="VideoOS.MetadataSearch.Plugin.Search.Filters.Tests.RangeSearchFilterTests" name="IsEmpty_ShouldReturnFalse_WhenSearchingWithDefaults" />
    </UnitTest>
    <UnitTest name="CreateGuid_ShouldReturnGuid_WhenDeviceIdIsEmptyString" storage="d:\actions-runner\_work\xpco\xpco\metadatasearch\plugin.tests\bin\debug\plugin.tests.dll" id="bc20fac5-e535-e107-1517-42154988b39f">
      <Execution id="265440a9-a086-4dc2-a61a-712c627fab7b" />
      <TestMethod codeBase="D:\actions-runner\_work\XPCO\XPCO\MetadataSearch\Plugin.Tests\bin\Debug\Plugin.Tests.dll" adapterTypeName="executor://mstestadapter/v2" className="VideoOS.MetadataSearch.Plugin.Tests.IdGeneratorTests" name="CreateGuid_ShouldReturnGuid_WhenDeviceIdIsEmptyString" />
    </UnitTest>
    <UnitTest name="IsEmpty_ShouldReturnBase_WhenSearchingWithoutDefaults (0,10,0,10,True)" storage="d:\actions-runner\_work\xpco\xpco\metadatasearch\plugin.tests\bin\debug\plugin.tests.dll" id="789286e0-4787-dac5-b9f7-2ee7d3b6df7f">
      <Execution id="2d037be4-71fd-4087-a749-b61b78db2d33" />
      <TestMethod codeBase="D:\actions-runner\_work\XPCO\XPCO\MetadataSearch\Plugin.Tests\bin\Debug\Plugin.Tests.dll" adapterTypeName="executor://mstestadapter/v2" className="VideoOS.MetadataSearch.Plugin.Search.Filters.Tests.RangeSearchFilterTests" name="IsEmpty_ShouldReturnBase_WhenSearchingWithoutDefaults" />
    </UnitTest>
    <UnitTest name="GetCategorySearchPredicate_ShouldReturnPredicateWithAllRelatedProperties_WhenSomeFiltersAreEnabled" storage="d:\actions-runner\_work\xpco\xpco\metadatasearch\plugin.tests\bin\debug\plugin.tests.dll" id="423c6999-647a-cca0-d470-31ebbf4aa8bb">
      <Execution id="c25c8123-dfc0-4226-b559-fd95b8701567" />
      <TestMethod codeBase="D:\actions-runner\_work\XPCO\XPCO\MetadataSearch\Plugin.Tests\bin\Debug\Plugin.Tests.dll" adapterTypeName="executor://mstestadapter/v2" className="VideoOS.MetadataSearch.Plugin.Configuration.Tests.MetadataCategoryTests" name="GetCategorySearchPredicate_ShouldReturnPredicateWithAllRelatedProperties_WhenSomeFiltersAreEnabled" />
    </UnitTest>
    <UnitTest name="Constructors_ShouldNotAllowInjectionOfNulls" storage="d:\actions-runner\_work\xpco\xpco\metadatasearch\plugin.tests\bin\debug\plugin.tests.dll" id="cb07d75a-8724-b8aa-941b-2cf713e8859e">
      <Execution id="40f150e5-42de-422f-9fd4-69d47bad658f" />
      <TestMethod codeBase="D:\actions-runner\_work\XPCO\XPCO\MetadataSearch\Plugin.Tests\bin\Debug\Plugin.Tests.dll" adapterTypeName="executor://mstestadapter/v2" className="VideoOS.MetadataSearch.Plugin.Configuration.Tests.MetadataPropertyDefinitionTests" name="Constructors_ShouldNotAllowInjectionOfNulls" />
    </UnitTest>
    <UnitTest name="GetFrames_ShouldContinueReturningFrames_WhenThereIsNoMIPContent (True)" storage="d:\actions-runner\_work\xpco\xpco\metadatasearch\plugin.tests\bin\debug\plugin.tests.dll" id="81599604-d3ee-c1a6-f35a-965ea15cee27">
      <Execution id="e7618cef-0ba6-4149-9cb2-9ec7665c279c" />
      <TestMethod codeBase="D:\actions-runner\_work\XPCO\XPCO\MetadataSearch\Plugin.Tests\bin\Debug\Plugin.Tests.dll" adapterTypeName="executor://mstestadapter/v2" className="VideoOS.MetadataSearch.Plugin.Tests.SearchAgent.MIPMetadataObjectSourceTests" name="GetFrames_ShouldContinueReturningFrames_WhenThereIsNoMIPContent" />
    </UnitTest>
    <UnitTest name="Deserialize_ShouldReturnFalse_WhenInputContainsTooManyParameters" storage="d:\actions-runner\_work\xpco\xpco\metadatasearch\plugin.tests\bin\debug\plugin.tests.dll" id="a70f7772-2e5d-d839-25f4-6b6201671e24">
      <Execution id="e1f879a1-eccb-40ad-ab6f-748d59f67f0d" />
      <TestMethod codeBase="D:\actions-runner\_work\XPCO\XPCO\MetadataSearch\Plugin.Tests\bin\Debug\Plugin.Tests.dll" adapterTypeName="executor://mstestadapter/v2" className="VideoOS.MetadataSearch.Plugin.Search.Filters.Tests.GeoCoordinatesFilterValueTests" name="Deserialize_ShouldReturnFalse_WhenInputContainsTooManyParameters" />
    </UnitTest>
    <UnitTest name="GetValue_ShouldThrowException_WhenCalledWithUnknownId" storage="d:\actions-runner\_work\xpco\xpco\metadatasearch\plugin.tests\bin\debug\plugin.tests.dll" id="86ac4d5c-e64c-3eeb-48f6-3f5e7495ec74">
      <Execution id="bc47de58-155f-4336-9a1c-1f713c096430" />
      <TestMethod codeBase="D:\actions-runner\_work\XPCO\XPCO\MetadataSearch\Plugin.Tests\bin\Debug\Plugin.Tests.dll" adapterTypeName="executor://mstestadapter/v2" className="VideoOS.MetadataSearch.Common.Tests.VehicleTypesTests" name="GetValue_ShouldThrowException_WhenCalledWithUnknownId" />
    </UnitTest>
    <UnitTest name="IsMatch_ShouldReturnTrue_WhenClassIsMissingButSomePropertiesArePresent" storage="d:\actions-runner\_work\xpco\xpco\metadatasearch\plugin.tests\bin\debug\plugin.tests.dll" id="7fd059d1-2ac1-bd30-ae00-56941e5683da">
      <Execution id="9a0007e5-b7ab-44d0-b002-fc089dc2869c" />
      <TestMethod codeBase="D:\actions-runner\_work\XPCO\XPCO\MetadataSearch\Plugin.Tests\bin\Debug\Plugin.Tests.dll" adapterTypeName="executor://mstestadapter/v2" className="VideoOS.MetadataSearch.Plugin.Search.Tests.Predicates.CategorySearchPredicateTests" name="IsMatch_ShouldReturnCorrectResult" />
    </UnitTest>
    <UnitTest name="GetBuiltInVehicleFilters_ShouldReturnNone_WhenCategoryIsNotVehicle" storage="d:\actions-runner\_work\xpco\xpco\metadatasearch\plugin.tests\bin\debug\plugin.tests.dll" id="2970a02d-9e23-b896-727a-254279f6780a">
      <Execution id="d454171f-7155-4897-8d45-e899031b9759" />
      <TestMethod codeBase="D:\actions-runner\_work\XPCO\XPCO\MetadataSearch\Plugin.Tests\bin\Debug\Plugin.Tests.dll" adapterTypeName="executor://mstestadapter/v2" className="VideoOS.MetadataSearch.Plugin.Configuration.Tests.MetadataCategoryTests" name="GetBuiltInVehicleFilters_ShouldReturnNone_WhenCategoryIsNotVehicle" />
    </UnitTest>
    <UnitTest name="GetSearchPredicate_ShouldCallFactoryWithCorrectPropertyName" storage="d:\actions-runner\_work\xpco\xpco\metadatasearch\plugin.tests\bin\debug\plugin.tests.dll" id="80063462-e74f-69b5-ae3f-439fe54d3096">
      <Execution id="217bee6c-9d55-412f-a610-e3cab8440e7a" />
      <TestMethod codeBase="D:\actions-runner\_work\XPCO\XPCO\MetadataSearch\Plugin.Tests\bin\Debug\Plugin.Tests.dll" adapterTypeName="executor://mstestadapter/v2" className="VideoOS.MetadataSearch.Plugin.Search.FilterDefinitions.Tests.RangeFilterDefinitionTests" name="GetSearchPredicate_ShouldCallFactoryWithCorrectPropertyName" />
    </UnitTest>
    <UnitTest name="GetFilterValues_ShouldReturnEmptyEnumeration_WhenValueIsEmpty" storage="d:\actions-runner\_work\xpco\xpco\metadatasearch\plugin.tests\bin\debug\plugin.tests.dll" id="cf0a79cb-e6b1-ecdf-0b83-90c17c08f100">
      <Execution id="990be015-308c-440a-a3ca-3e7843b97c35" />
      <TestMethod codeBase="D:\actions-runner\_work\XPCO\XPCO\MetadataSearch\Plugin.Tests\bin\Debug\Plugin.Tests.dll" adapterTypeName="executor://mstestadapter/v2" className="VideoOS.MetadataSearch.Plugin.Search.FilterValueProviders.Tests.GenderValueProviderTests" name="GetFilterValues_ShouldReturnEmptyEnumeration_WhenValueIsEmpty" />
    </UnitTest>
    <UnitTest name="DoSearch_ShouldFindPeople_WhenAgePropertyIsPresent" storage="d:\actions-runner\_work\xpco\xpco\metadatasearch\plugin.tests\bin\debug\plugin.tests.dll" id="ca147646-4355-af9f-461b-7fc1ef6c9150">
      <Execution id="a9019222-cffd-4a41-9167-c1a32e408701" />
      <TestMethod codeBase="D:\actions-runner\_work\XPCO\XPCO\MetadataSearch\Plugin.Tests\bin\Debug\Plugin.Tests.dll" adapterTypeName="executor://mstestadapter/v2" className="VideoOS.MetadataSearch.Plugin.Tests.FunctionalTests.FullPluginTests" name="DoSearch_ShouldFindPeopleCategory" />
    </UnitTest>
    <UnitTest name="IsReset_ShouldBeFalse_WhenValueIsSet" storage="d:\actions-runner\_work\xpco\xpco\metadatasearch\plugin.tests\bin\debug\plugin.tests.dll" id="9f6ddcdf-929b-cb02-8911-903094987d1a">
      <Execution id="ae201f55-461a-450e-b7e1-5616878daded" />
      <TestMethod codeBase="D:\actions-runner\_work\XPCO\XPCO\MetadataSearch\Plugin.Tests\bin\Debug\Plugin.Tests.dll" adapterTypeName="executor://mstestadapter/v2" className="VideoOS.MetadataSearch.Plugin.Search.Filters.Tests.GeoCoordinatesFilterValueTests" name="IsReset_ShouldBeFalse_WhenValueIsSet" />
    </UnitTest>
    <UnitTest name="TryParseColor_ShouldReturn_CorrectResult (#FF00FF,True)" storage="d:\actions-runner\_work\xpco\xpco\metadatasearch\plugin.tests\bin\debug\plugin.tests.dll" id="f919a662-c6a0-0a13-fdf0-e25b22fd7d03">
      <Execution id="68b447e4-4075-4278-b159-fc2bcc3ab770" />
      <TestMethod codeBase="D:\actions-runner\_work\XPCO\XPCO\MetadataSearch\Plugin.Tests\bin\Debug\Plugin.Tests.dll" adapterTypeName="executor://mstestadapter/v2" className="VideoOS.MetadataSearch.Plugin.Tests.Search.ColorHandling.MilestoneColorParserTests" name="TryParseColor_ShouldReturn_CorrectResult" />
    </UnitTest>
    <UnitTest name="IsSet_ShouldBeFalse_WhenValueProviderHasNoValues" storage="d:\actions-runner\_work\xpco\xpco\metadatasearch\plugin.tests\bin\debug\plugin.tests.dll" id="6cea7a68-2d4a-ad1a-d57a-b963a4194056">
      <Execution id="201b3b62-4b99-4ef7-ba3c-e6d00788eac3" />
      <TestMethod codeBase="D:\actions-runner\_work\XPCO\XPCO\MetadataSearch\Plugin.Tests\bin\Debug\Plugin.Tests.dll" adapterTypeName="executor://mstestadapter/v2" className="VideoOS.MetadataSearch.Plugin.Search.FilterDefinitions.Tests.TextFilterDefinitionTests" name="IsSet_ShouldBeFalse_WhenValueProviderHasNoValues" />
    </UnitTest>
    <UnitTest name="IsMatch_ShouldReturnFalse_WhenObjectElementHasPartiallyMatchingProperty" storage="d:\actions-runner\_work\xpco\xpco\metadatasearch\plugin.tests\bin\debug\plugin.tests.dll" id="5dd3de1a-edfb-d8fd-bf35-2bfaa455e028">
      <Execution id="c9f03121-a657-41a9-9c1b-ab849b842d6a" />
      <TestMethod codeBase="D:\actions-runner\_work\XPCO\XPCO\MetadataSearch\Plugin.Tests\bin\Debug\Plugin.Tests.dll" adapterTypeName="executor://mstestadapter/v2" className="VideoOS.MetadataSearch.Plugin.Tests.Search.Predicates.FullMatchSearchPredicateTests" name="IsMatch_ShouldWorkJustFine" />
    </UnitTest>
    <UnitTest name="DoSearch_ShouldUseCorrectSessionId_WhenReturningSearchResults (1)" storage="d:\actions-runner\_work\xpco\xpco\metadatasearch\plugin.tests\bin\debug\plugin.tests.dll" id="d74bb234-b535-f88e-af7d-f7d8dd2a6a63">
      <Execution id="4bb1af3b-5b2e-47b7-b905-d7020d1ae578" />
      <TestMethod codeBase="D:\actions-runner\_work\XPCO\XPCO\MetadataSearch\Plugin.Tests\bin\Debug\Plugin.Tests.dll" adapterTypeName="executor://mstestadapter/v2" className="VideoOS.MetadataSearch.Plugin.Tests.MetadataSearchDefinitionTests" name="DoSearch_ShouldUseCorrectSessionId_WhenReturningSearchResults" />
    </UnitTest>
    <UnitTest name="CreateAgents_ShouldNotReturnVehicles_WhenCategoryIsDisabled" storage="d:\actions-runner\_work\xpco\xpco\metadatasearch\plugin.tests\bin\debug\plugin.tests.dll" id="9bdb0662-1da6-dcfb-f42f-a6f76e640bc7">
      <Execution id="49d9545d-338c-4308-b033-a92b5175682e" />
      <TestMethod codeBase="D:\actions-runner\_work\XPCO\XPCO\MetadataSearch\Plugin.Tests\bin\Debug\Plugin.Tests.dll" adapterTypeName="executor://mstestadapter/v2" className="VideoOS.MetadataSearch.Plugin.Tests.SearchAgent.SearchAgentFactoryTests" name="CreateAgents_ShouldNotReturnVehicles_WhenCategoryIsDisabled" />
    </UnitTest>
    <UnitTest name="Constructors_ShouldNotAllowInjectionOfNulls" storage="d:\actions-runner\_work\xpco\xpco\metadatasearch\plugin.tests\bin\debug\plugin.tests.dll" id="b871a1c3-a33f-a67a-5049-b2b99c52d2bb">
      <Execution id="2ff5edc0-3b59-45ed-b538-89667b06eb3f" />
      <TestMethod codeBase="D:\actions-runner\_work\XPCO\XPCO\MetadataSearch\Plugin.Tests\bin\Debug\Plugin.Tests.dll" adapterTypeName="executor://mstestadapter/v2" className="VideoOS.MetadataSearch.Plugin.Search.Filters.Tests.GeoCoordinatesSearchFilterTests" name="Constructors_ShouldNotAllowInjectionOfNulls" />
    </UnitTest>
    <UnitTest name="DoSearch_ShouldFindPeople_WhenClassIsPerson" storage="d:\actions-runner\_work\xpco\xpco\metadatasearch\plugin.tests\bin\debug\plugin.tests.dll" id="a88a4f36-9fe9-3a9d-de99-ff643074a031">
      <Execution id="a130f4ad-3a02-483c-a38d-01f13a3bb12c" />
      <TestMethod codeBase="D:\actions-runner\_work\XPCO\XPCO\MetadataSearch\Plugin.Tests\bin\Debug\Plugin.Tests.dll" adapterTypeName="executor://mstestadapter/v2" className="VideoOS.MetadataSearch.Plugin.Tests.FunctionalTests.FullPluginTests" name="DoSearch_ShouldFindPeopleCategory" />
    </UnitTest>
    <UnitTest name="GetFilterValues_ShouldReturnEmptyEnumeration_WhenValueIsEmpty" storage="d:\actions-runner\_work\xpco\xpco\metadatasearch\plugin.tests\bin\debug\plugin.tests.dll" id="5816afd1-0423-3367-459b-a9396f53d5e9">
      <Execution id="4e069269-8387-4c67-90d5-7d2c8f9c3c4e" />
      <TestMethod codeBase="D:\actions-runner\_work\XPCO\XPCO\MetadataSearch\Plugin.Tests\bin\Debug\Plugin.Tests.dll" adapterTypeName="executor://mstestadapter/v2" className="VideoOS.MetadataSearch.Plugin.Search.FilterValueProviders.Tests.ListSelectionValueProviderTests" name="GetFilterValues_ShouldReturnEmptyEnumeration_WhenValueIsEmpty" />
    </UnitTest>
    <UnitTest name="IsMatch_ShouldReturnTrue_WhenAnyOfTheObjectsMatchThePredicate" storage="d:\actions-runner\_work\xpco\xpco\metadatasearch\plugin.tests\bin\debug\plugin.tests.dll" id="319e4aca-e1b2-abee-a664-806325ea8bcf">
      <Execution id="283559e0-568a-4fb3-9b8e-f504d5d5c9b1" />
      <TestMethod codeBase="D:\actions-runner\_work\XPCO\XPCO\MetadataSearch\Plugin.Tests\bin\Debug\Plugin.Tests.dll" adapterTypeName="executor://mstestadapter/v2" className="VideoOS.MetadataSearch.Plugin.Tests.FunctionalTests.ObjectSequenceTests" name="IsMatch_ShouldReturnTrue_WhenAnyOfTheObjectsMatchThePredicate" />
    </UnitTest>
    <UnitTest name="IsSet_ShouldBeTrue_WhenValueIsValid" storage="d:\actions-runner\_work\xpco\xpco\metadatasearch\plugin.tests\bin\debug\plugin.tests.dll" id="fe163e62-ffab-5521-2098-76fd9b17d8bd">
      <Execution id="81427bba-797e-4124-8494-bd6c57368be3" />
      <TestMethod codeBase="D:\actions-runner\_work\XPCO\XPCO\MetadataSearch\Plugin.Tests\bin\Debug\Plugin.Tests.dll" adapterTypeName="executor://mstestadapter/v2" className="VideoOS.MetadataSearch.Plugin.Search.FilterDefinitions.Tests.TextFilterDefinitionTests" name="IsSet_ShouldBeTrue_WhenValueIsValid" />
    </UnitTest>
    <UnitTest name="DoSearch_ShouldFindLocation_WhenCategoryPresent" storage="d:\actions-runner\_work\xpco\xpco\metadatasearch\plugin.tests\bin\debug\plugin.tests.dll" id="5a5e812e-c4e9-175f-6bcb-96456d94eb2a">
      <Execution id="524de76e-3060-4336-8a50-ddc5c2965408" />
      <TestMethod codeBase="D:\actions-runner\_work\XPCO\XPCO\MetadataSearch\Plugin.Tests\bin\Debug\Plugin.Tests.dll" adapterTypeName="executor://mstestadapter/v2" className="VideoOS.MetadataSearch.Plugin.Tests.FunctionalTests.FullPluginTests" name="DoSearch_ShouldFindLocationCategory" />
    </UnitTest>
    <UnitTest name="CreateGuid_ShouldReturnDifferentGuid_WhenUsingDifferentDeviceId" storage="d:\actions-runner\_work\xpco\xpco\metadatasearch\plugin.tests\bin\debug\plugin.tests.dll" id="94d54531-3073-4e4a-4bfc-5551f60b5f70">
      <Execution id="6e3afd3a-1b1e-45c7-9dee-9872e0263a2b" />
      <TestMethod codeBase="D:\actions-runner\_work\XPCO\XPCO\MetadataSearch\Plugin.Tests\bin\Debug\Plugin.Tests.dll" adapterTypeName="executor://mstestadapter/v2" className="VideoOS.MetadataSearch.Plugin.Tests.IdGeneratorTests" name="CreateGuid_ShouldReturnDifferentGuid_WhenUsingDifferentDeviceId" />
    </UnitTest>
    <UnitTest name="WrongTopicShouldBeIgnored" storage="d:\actions-runner\_work\xpco\xpco\metadatasearch\plugin.tests\bin\debug\plugin.tests.dll" id="9adca215-6bcc-d33f-cff0-1fcf7e438639">
      <Execution id="5a2a8647-9408-4e19-b3b8-844cc49b0990" />
      <TestMethod codeBase="D:\actions-runner\_work\XPCO\XPCO\MetadataSearch\Plugin.Tests\bin\Debug\Plugin.Tests.dll" adapterTypeName="executor://mstestadapter/v2" className="VideoOS.MetadataSearch.Plugin.Tests.Data.DeviceProfileLicensePlateParsingTests" name="WrongTopicShouldBeIgnored" />
    </UnitTest>
    <UnitTest name="IsMatch_ShouldReturnTrue_WhenObjectElementHasCorrectValueWithPrefix" storage="d:\actions-runner\_work\xpco\xpco\metadatasearch\plugin.tests\bin\debug\plugin.tests.dll" id="1b6fb41b-ddea-df7a-5182-4b37b5fea72f">
      <Execution id="18d70afc-45b9-4c03-a266-4b3dbe3e9572" />
      <TestMethod codeBase="D:\actions-runner\_work\XPCO\XPCO\MetadataSearch\Plugin.Tests\bin\Debug\Plugin.Tests.dll" adapterTypeName="executor://mstestadapter/v2" className="VideoOS.MetadataSearch.Plugin.Tests.Search.Predicates.PartialMatchSearchPredicateTests" name="IsMatch_ShouldWorkCorrectly" />
    </UnitTest>
    <UnitTest name="GetItemValue_ShouldThrowException_WhenIdIsNotFound" storage="d:\actions-runner\_work\xpco\xpco\metadatasearch\plugin.tests\bin\debug\plugin.tests.dll" id="05c53389-de63-4c38-3cc1-2c1bee04f6df">
      <Execution id="e32c34d8-f6a8-4310-9675-6031ae8b162e" />
      <TestMethod codeBase="D:\actions-runner\_work\XPCO\XPCO\MetadataSearch\Plugin.Tests\bin\Debug\Plugin.Tests.dll" adapterTypeName="executor://mstestadapter/v2" className="VideoOS.MetadataSearch.Plugin.Search.Filters.Tests.ListSelectionSearchFilterTests" name="GetItemValue_ShouldThrowException_WhenIdIsNotFound" />
    </UnitTest>
    <UnitTest name="IsMatch_ShouldReturnFalse_WhenNonOfTheValuesAreInRange" storage="d:\actions-runner\_work\xpco\xpco\metadatasearch\plugin.tests\bin\debug\plugin.tests.dll" id="385e9e4e-5151-54c2-b1cc-cc27d181a957">
      <Execution id="f62f7c28-8abb-45a6-bf97-9dcb2a99b8d1" />
      <TestMethod codeBase="D:\actions-runner\_work\XPCO\XPCO\MetadataSearch\Plugin.Tests\bin\Debug\Plugin.Tests.dll" adapterTypeName="executor://mstestadapter/v2" className="VideoOS.MetadataSearch.Plugin.Tests.Search.Predicates.RangeSearchPredicateTests" name="IsMatch_ShouldWorkJustFine" />
    </UnitTest>
    <UnitTest name="IsMatch_ShouldReturnTrue_WhenNestedPredicateReturnsFalse" storage="d:\actions-runner\_work\xpco\xpco\metadatasearch\plugin.tests\bin\debug\plugin.tests.dll" id="45faaf94-8fe8-d7c5-c835-ecc201e7d932">
      <Execution id="cef0680a-4618-4324-932a-88aedd1aba20" />
      <TestMethod codeBase="D:\actions-runner\_work\XPCO\XPCO\MetadataSearch\Plugin.Tests\bin\Debug\Plugin.Tests.dll" adapterTypeName="executor://mstestadapter/v2" className="VideoOS.MetadataSearch.Plugin.Search.Tests.Predicates.NegatingPredicateTests" name="IsMatch_ShouldWorkJustFine" />
    </UnitTest>
    <UnitTest name="GetFrames_ShouldReturnReturnEmptyCollection_WhenThereAreNoFramesInTheSpecifiedTimeRange (False)" storage="d:\actions-runner\_work\xpco\xpco\metadatasearch\plugin.tests\bin\debug\plugin.tests.dll" id="ec8c7afb-c9ce-679d-154d-23c5e4f31ed0">
      <Execution id="43bc034d-7b9a-4d81-8624-f4e7885028e9" />
      <TestMethod codeBase="D:\actions-runner\_work\XPCO\XPCO\MetadataSearch\Plugin.Tests\bin\Debug\Plugin.Tests.dll" adapterTypeName="executor://mstestadapter/v2" className="VideoOS.MetadataSearch.Plugin.Tests.SearchAgent.MIPMetadataObjectSourceTests" name="GetFrames_ShouldReturnReturnEmptyCollection_WhenThereAreNoFramesInTheSpecifiedTimeRange" />
    </UnitTest>
    <UnitTest name="IsMatch_ShouldReturnFalse_WhenGivenFrameObjectWithMissingProperties" storage="d:\actions-runner\_work\xpco\xpco\metadatasearch\plugin.tests\bin\debug\plugin.tests.dll" id="85427ad8-31e0-c3b9-0e23-976f97093aa1">
      <Execution id="3b0c51c2-1388-4737-b816-9b3fc4750f8f" />
      <TestMethod codeBase="D:\actions-runner\_work\XPCO\XPCO\MetadataSearch\Plugin.Tests\bin\Debug\Plugin.Tests.dll" adapterTypeName="executor://mstestadapter/v2" className="VideoOS.MetadataSearch.Plugin.Tests.Search.Predicates.ColorPredicateTests" name="IsMatch_ShouldReturnFalse_WhenGivenFrameObjectWithMissingProperties" />
    </UnitTest>
    <UnitTest name="IsSet_ShouldBeFalse_WhenValueProviderHasNoValues" storage="d:\actions-runner\_work\xpco\xpco\metadatasearch\plugin.tests\bin\debug\plugin.tests.dll" id="64e5d08c-4855-37f0-f6ca-e931b091af78">
      <Execution id="16d4c4dc-743f-4dd2-b28b-adaf82d19c5e" />
      <TestMethod codeBase="D:\actions-runner\_work\XPCO\XPCO\MetadataSearch\Plugin.Tests\bin\Debug\Plugin.Tests.dll" adapterTypeName="executor://mstestadapter/v2" className="VideoOS.MetadataSearch.Plugin.Search.FilterDefinitions.Tests.RangeFilterDefinitionTests" name="IsSet_ShouldBeFalse_WhenValueProviderHasNoValues" />
    </UnitTest>
    <UnitTest name="IsMatch_ShouldReturnFalse_WhenObjectElementDoNotExists" storage="d:\actions-runner\_work\xpco\xpco\metadatasearch\plugin.tests\bin\debug\plugin.tests.dll" id="7dd1026a-a50b-ddbc-d23f-84539626dc02">
      <Execution id="ad2d02e1-fd67-437f-8137-a85946f42308" />
      <TestMethod codeBase="D:\actions-runner\_work\XPCO\XPCO\MetadataSearch\Plugin.Tests\bin\Debug\Plugin.Tests.dll" adapterTypeName="executor://mstestadapter/v2" className="VideoOS.MetadataSearch.Plugin.Tests.Search.Predicates.PropertyExistsPredicateTests" name="IsMatch_ShouldWorkJustFine" />
    </UnitTest>
    <UnitTest name="TryParseColor_ShouldReturn_CorrectResult (&lt;?xml version=&quot;1.0&quot;?&gt; &lt;tt:Color xmlns:tt=&quot;http://www.onvif.org/ver10/schema&quot; Z = &quot;169&quot; Y = &quot;169&quot; X = &quot;169&quot; Colorspace = &quot;RGB&quot; /&gt;,True)" storage="d:\actions-runner\_work\xpco\xpco\metadatasearch\plugin.tests\bin\debug\plugin.tests.dll" id="0ab6afe1-8f50-2019-59a3-4ac5c5d9a9e7">
      <Execution id="7b36de82-d5be-4a9a-9164-4c0a55287f90" />
      <TestMethod codeBase="D:\actions-runner\_work\XPCO\XPCO\MetadataSearch\Plugin.Tests\bin\Debug\Plugin.Tests.dll" adapterTypeName="executor://mstestadapter/v2" className="VideoOS.MetadataSearch.Plugin.Tests.Search.ColorHandling.OnvifColorParserTests" name="TryParseColor_ShouldReturn_CorrectResult" />
    </UnitTest>
    <UnitTest name="Constructors_ShouldNotAllowInjectionOfNulls" storage="d:\actions-runner\_work\xpco\xpco\metadatasearch\plugin.tests\bin\debug\plugin.tests.dll" id="476dbf68-b3f3-1c60-c1c7-02ae7be3f88c">
      <Execution id="d884b189-f680-4621-bd61-6982c6260e30" />
      <TestMethod codeBase="D:\actions-runner\_work\XPCO\XPCO\MetadataSearch\Plugin.Tests\bin\Debug\Plugin.Tests.dll" adapterTypeName="executor://mstestadapter/v2" className="VideoOS.MetadataSearch.Plugin.Search.Tests.Predicates.CategorySearchPredicateTests" name="Constructors_ShouldNotAllowInjectionOfNulls" />
    </UnitTest>
    <UnitTest name="GetSearchPredicate_ShouldReturnPredicateFromFactory" storage="d:\actions-runner\_work\xpco\xpco\metadatasearch\plugin.tests\bin\debug\plugin.tests.dll" id="921f7712-02a5-e3f4-e3d7-c54c64e6988d">
      <Execution id="5173819c-c33c-4572-af7d-f2a7a6a47661" />
      <TestMethod codeBase="D:\actions-runner\_work\XPCO\XPCO\MetadataSearch\Plugin.Tests\bin\Debug\Plugin.Tests.dll" adapterTypeName="executor://mstestadapter/v2" className="VideoOS.MetadataSearch.Plugin.Search.FilterDefinitions.Tests.RangeFilterDefinitionTests" name="GetSearchPredicate_ShouldReturnPredicateFromFactory" />
    </UnitTest>
    <UnitTest name="GetFilterConfiguration_ShouldReturnItemsWithAllDisplayValues" storage="d:\actions-runner\_work\xpco\xpco\metadatasearch\plugin.tests\bin\debug\plugin.tests.dll" id="9635697e-518f-1126-78dd-8f6bc8a13908">
      <Execution id="ed899ed6-a340-4020-971a-bc5f3bb041fd" />
      <TestMethod codeBase="D:\actions-runner\_work\XPCO\XPCO\MetadataSearch\Plugin.Tests\bin\Debug\Plugin.Tests.dll" adapterTypeName="executor://mstestadapter/v2" className="VideoOS.MetadataSearch.Plugin.Search.Filters.Tests.ListSelectionSearchFilterTests" name="GetFilterConfiguration_ShouldReturnItemsWithAllDisplayValues" />
    </UnitTest>
    <UnitTest name="GetValue_ShouldReturnAValue_WhenCalledWithKnownFilterIds (c592f9f6-4ce7-4cee-b7c3-fc18b58e8b36)" storage="d:\actions-runner\_work\xpco\xpco\metadatasearch\plugin.tests\bin\debug\plugin.tests.dll" id="834857ff-d25a-9617-9d0f-3d5b42b7024b">
      <Execution id="5dec6d9c-a9ac-438a-bf1c-8f654298ebcd" />
      <TestMethod codeBase="D:\actions-runner\_work\XPCO\XPCO\MetadataSearch\Plugin.Tests\bin\Debug\Plugin.Tests.dll" adapterTypeName="executor://mstestadapter/v2" className="VideoOS.MetadataSearch.Common.Tests.FiltersTests" name="GetValue_ShouldReturnAValue_WhenCalledWithKnownFilterIds" />
    </UnitTest>
    <UnitTest name="SearchingForHumans_ShouldReturnOnlyHumans_WhenThereAreMultipleClassesDetected" storage="d:\actions-runner\_work\xpco\xpco\metadatasearch\plugin.tests\bin\debug\plugin.tests.dll" id="ad2e6f77-2ae3-4682-28c1-677f96916d9e">
      <Execution id="73c15b5a-c638-41df-9cda-a77f1229a152" />
      <TestMethod codeBase="D:\actions-runner\_work\XPCO\XPCO\MetadataSearch\Plugin.Tests\bin\Debug\Plugin.Tests.dll" adapterTypeName="executor://mstestadapter/v2" className="VideoOS.MetadataSearch.Plugin.Tests.FunctionalTests.SearchTests" name="SearchingForHumans_ShouldReturnOnlyHumans_WhenThereAreMultipleClassesDetected" />
    </UnitTest>
    <UnitTest name="GetValue_ShouldReturnAValue_WhenCalledWithKnownVehicleTypeIds (4d4fe47d-7a6a-47ac-9653-4316d92000f6)" storage="d:\actions-runner\_work\xpco\xpco\metadatasearch\plugin.tests\bin\debug\plugin.tests.dll" id="9bf617e2-5acb-b3f1-22d6-cb663ae2d525">
      <Execution id="932a4307-9bd8-4ff1-bf33-6010f084493c" />
      <TestMethod codeBase="D:\actions-runner\_work\XPCO\XPCO\MetadataSearch\Plugin.Tests\bin\Debug\Plugin.Tests.dll" adapterTypeName="executor://mstestadapter/v2" className="VideoOS.MetadataSearch.Common.Tests.VehicleTypesTests" name="GetValue_ShouldReturnAValue_WhenCalledWithKnownVehicleTypeIds" />
    </UnitTest>
    <UnitTest name="GetFrames_ShouldContinueReturningFrames_WhenParsingThrowsAnException (False)" storage="d:\actions-runner\_work\xpco\xpco\metadatasearch\plugin.tests\bin\debug\plugin.tests.dll" id="89af6bd0-6213-2f85-a07a-cb8660be99ac">
      <Execution id="3768946d-38ba-4087-a001-2819fc34e7e3" />
      <TestMethod codeBase="D:\actions-runner\_work\XPCO\XPCO\MetadataSearch\Plugin.Tests\bin\Debug\Plugin.Tests.dll" adapterTypeName="executor://mstestadapter/v2" className="VideoOS.MetadataSearch.Plugin.Tests.SearchAgent.MIPMetadataObjectSourceTests" name="GetFrames_ShouldContinueReturningFrames_WhenParsingThrowsAnException" />
    </UnitTest>
    <UnitTest name="GetValue_ShouldReturnAValue_WhenCalledWithKnownCategoryIds (4e22b171-b878-4751-8184-dd87b2dd65f1)" storage="d:\actions-runner\_work\xpco\xpco\metadatasearch\plugin.tests\bin\debug\plugin.tests.dll" id="4fc46eab-328b-438f-06cc-fd33a8131bbf">
      <Execution id="00b6e29b-c680-49a8-ad25-81349d65309b" />
      <TestMethod codeBase="D:\actions-runner\_work\XPCO\XPCO\MetadataSearch\Plugin.Tests\bin\Debug\Plugin.Tests.dll" adapterTypeName="executor://mstestadapter/v2" className="VideoOS.MetadataSearch.Common.Tests.CategoriesTests" name="GetValue_ShouldReturnAValue_WhenCalledWithKnownCategoryIds" />
    </UnitTest>
    <UnitTest name="DoSearch_ShouldFindVehicle_WhenColorPropertyIsPresent" storage="d:\actions-runner\_work\xpco\xpco\metadatasearch\plugin.tests\bin\debug\plugin.tests.dll" id="e2c22c5f-f9e5-d636-66e8-9b5c5a9cf166">
      <Execution id="eb847d5d-d962-402a-8ca6-e86ef5930028" />
      <TestMethod codeBase="D:\actions-runner\_work\XPCO\XPCO\MetadataSearch\Plugin.Tests\bin\Debug\Plugin.Tests.dll" adapterTypeName="executor://mstestadapter/v2" className="VideoOS.MetadataSearch.Plugin.Tests.FunctionalTests.FullPluginTests" name="DoSearch_ShouldFindVehicleCategory" />
    </UnitTest>
    <UnitTest name="IsMatch_ShouldReturnFalse_WhenNoneOfTheObjectsMatchThePredicate" storage="d:\actions-runner\_work\xpco\xpco\metadatasearch\plugin.tests\bin\debug\plugin.tests.dll" id="49098cf6-4b99-a929-7a99-e90252e62938">
      <Execution id="bfa53bb2-1806-4045-8ed4-905d548665fd" />
      <TestMethod codeBase="D:\actions-runner\_work\XPCO\XPCO\MetadataSearch\Plugin.Tests\bin\Debug\Plugin.Tests.dll" adapterTypeName="executor://mstestadapter/v2" className="VideoOS.MetadataSearch.Plugin.Tests.FunctionalTests.ObjectSequenceTests" name="IsMatch_ShouldReturnFalse_WhenNoneOfTheObjectsMatchThePredicate" />
    </UnitTest>
    <UnitTest name="Constructors_ShouldNotAllowInjectionOfNulls" storage="d:\actions-runner\_work\xpco\xpco\metadatasearch\plugin.tests\bin\debug\plugin.tests.dll" id="12a9b3ec-3da9-8003-0320-e5511579bdf6">
      <Execution id="d73b0d28-4024-4c52-a988-884caf9aa072" />
      <TestMethod codeBase="D:\actions-runner\_work\XPCO\XPCO\MetadataSearch\Plugin.Tests\bin\Debug\Plugin.Tests.dll" adapterTypeName="executor://mstestadapter/v2" className="VideoOS.MetadataSearch.Plugin.Search.FilterDefinitions.Tests.GeoCoordinatesFilterDefinitionTests" name="Constructors_ShouldNotAllowInjectionOfNulls" />
    </UnitTest>
    <UnitTest name="GetSearchPredicate_ShouldReturnPredicateFromFactory" storage="d:\actions-runner\_work\xpco\xpco\metadatasearch\plugin.tests\bin\debug\plugin.tests.dll" id="1b003f1d-3402-4d19-d525-b44547391f1a">
      <Execution id="c591b96e-c3be-4b94-940c-3583d0d3a5ea" />
      <TestMethod codeBase="D:\actions-runner\_work\XPCO\XPCO\MetadataSearch\Plugin.Tests\bin\Debug\Plugin.Tests.dll" adapterTypeName="executor://mstestadapter/v2" className="VideoOS.MetadataSearch.Plugin.Search.FilterDefinitions.Tests.ListSelectionFilterDefinitionTests" name="GetSearchPredicate_ShouldReturnPredicateFromFactory" />
    </UnitTest>
    <UnitTest name="GetCustomFilters_ShouldReturnAllEnabledFilters" storage="d:\actions-runner\_work\xpco\xpco\metadatasearch\plugin.tests\bin\debug\plugin.tests.dll" id="88d00cd5-71b0-b9c3-46be-f4b881b44514">
      <Execution id="d75f750f-41a2-4e67-823c-7cdcc26c5a41" />
      <TestMethod codeBase="D:\actions-runner\_work\XPCO\XPCO\MetadataSearch\Plugin.Tests\bin\Debug\Plugin.Tests.dll" adapterTypeName="executor://mstestadapter/v2" className="VideoOS.MetadataSearch.Plugin.Configuration.Tests.MetadataCategoryTests" name="GetCustomFilters_ShouldReturnAllEnabledFilters" />
    </UnitTest>
    <UnitTest name="Constructors_ShouldNotAllowInjectionOfNulls" storage="d:\actions-runner\_work\xpco\xpco\metadatasearch\plugin.tests\bin\debug\plugin.tests.dll" id="6465bbca-6052-91bc-2374-2a90ed08534d">
      <Execution id="7e806f3d-8590-4d02-abd7-1f44add106f1" />
      <TestMethod codeBase="D:\actions-runner\_work\XPCO\XPCO\MetadataSearch\Plugin.Tests\bin\Debug\Plugin.Tests.dll" adapterTypeName="executor://mstestadapter/v2" className="VideoOS.MetadataSearch.Plugin.Search.FilterDefinitions.Tests.RangeFilterDefinitionTests" name="Constructors_ShouldNotAllowInjectionOfNulls" />
    </UnitTest>
    <UnitTest name="GetCategorySearchPredicate_ShouldReturnPredicateWithoutRelatedProperties_WhenAllFiltersAreDisabled" storage="d:\actions-runner\_work\xpco\xpco\metadatasearch\plugin.tests\bin\debug\plugin.tests.dll" id="6bf5dd0b-e802-8692-f239-0f93367d3b0f">
      <Execution id="423f9ea1-4cae-4492-9afa-38db4d78dfb7" />
      <TestMethod codeBase="D:\actions-runner\_work\XPCO\XPCO\MetadataSearch\Plugin.Tests\bin\Debug\Plugin.Tests.dll" adapterTypeName="executor://mstestadapter/v2" className="VideoOS.MetadataSearch.Plugin.Configuration.Tests.MetadataCategoryTests" name="GetCategorySearchPredicate_ShouldReturnPredicateWithoutRelatedProperties_WhenAllFiltersAreDisabled" />
    </UnitTest>
    <UnitTest name="CreateGuid_ShouldReturnGuid_WhenObjectIdIsNull" storage="d:\actions-runner\_work\xpco\xpco\metadatasearch\plugin.tests\bin\debug\plugin.tests.dll" id="30715c07-4fcc-996e-e86c-8332d5c7179e">
      <Execution id="bd956610-4852-4642-9482-b7290bc3c008" />
      <TestMethod codeBase="D:\actions-runner\_work\XPCO\XPCO\MetadataSearch\Plugin.Tests\bin\Debug\Plugin.Tests.dll" adapterTypeName="executor://mstestadapter/v2" className="VideoOS.MetadataSearch.Plugin.Tests.IdGeneratorTests" name="CreateGuid_ShouldReturnGuid_WhenObjectIdIsNull" />
    </UnitTest>
    <UnitTest name="GetItemValue_ShouldReturnValueOfItem" storage="d:\actions-runner\_work\xpco\xpco\metadatasearch\plugin.tests\bin\debug\plugin.tests.dll" id="dbb96aaf-a96a-17ef-183f-86b91f19180a">
      <Execution id="f3e1ae8e-5cc9-4373-8afc-cb5ad2620b63" />
      <TestMethod codeBase="D:\actions-runner\_work\XPCO\XPCO\MetadataSearch\Plugin.Tests\bin\Debug\Plugin.Tests.dll" adapterTypeName="executor://mstestadapter/v2" className="VideoOS.MetadataSearch.Plugin.Search.Filters.Tests.ListSelectionSearchFilterTests" name="GetItemValue_ShouldReturnValueOfItem" />
    </UnitTest>
    <UnitTest name="GetSearchPredicate_ShouldReturnPredicateFromFactory" storage="d:\actions-runner\_work\xpco\xpco\metadatasearch\plugin.tests\bin\debug\plugin.tests.dll" id="1114ef88-3a8d-00e8-b05f-9d946af3b862">
      <Execution id="93d6581e-b6fd-47f4-8fee-ce4b04f95d23" />
      <TestMethod codeBase="D:\actions-runner\_work\XPCO\XPCO\MetadataSearch\Plugin.Tests\bin\Debug\Plugin.Tests.dll" adapterTypeName="executor://mstestadapter/v2" className="VideoOS.MetadataSearch.Plugin.Search.FilterDefinitions.Tests.TextFilterDefinitionTests" name="GetSearchPredicate_ShouldReturnPredicateFromFactory" />
    </UnitTest>
    <UnitTest name="Constructors_ShouldNotAllowInjectionOfNulls" storage="d:\actions-runner\_work\xpco\xpco\metadatasearch\plugin.tests\bin\debug\plugin.tests.dll" id="db53a8e9-007c-687c-dd4d-36e806275ba8">
      <Execution id="7dd5f8e5-8701-445e-9d40-806799c7b02a" />
      <TestMethod codeBase="D:\actions-runner\_work\XPCO\XPCO\MetadataSearch\Plugin.Tests\bin\Debug\Plugin.Tests.dll" adapterTypeName="executor://mstestadapter/v2" className="VideoOS.MetadataSearch.Plugin.Tests.Search.Predicates.CompositeIntersectSearchPredicateTests" name="Constructors_ShouldNotAllowInjectionOfNulls" />
    </UnitTest>
    <UnitTest name="ResetValue_ShouldSetSelectedIdsToEmptySet" storage="d:\actions-runner\_work\xpco\xpco\metadatasearch\plugin.tests\bin\debug\plugin.tests.dll" id="ac0bc991-7dad-3bbf-19c9-5fb30129fe8b">
      <Execution id="39af2939-f403-4fdf-9dfc-91b1306aa096" />
      <TestMethod codeBase="D:\actions-runner\_work\XPCO\XPCO\MetadataSearch\Plugin.Tests\bin\Debug\Plugin.Tests.dll" adapterTypeName="executor://mstestadapter/v2" className="VideoOS.MetadataSearch.Plugin.Search.Filters.Tests.ListSelectionSearchFilterTests" name="ResetValue_ShouldSetSelectedIdsToEmptySet" />
    </UnitTest>
    <UnitTest name="GetFilterValues_ShouldReturnEmptyEnumeration_WhenValueIsEmpty" storage="d:\actions-runner\_work\xpco\xpco\metadatasearch\plugin.tests\bin\debug\plugin.tests.dll" id="fa250182-9873-e1c4-5d09-117e7d101da5">
      <Execution id="cfb1721f-12e2-43b5-b43a-849ae9794865" />
      <TestMethod codeBase="D:\actions-runner\_work\XPCO\XPCO\MetadataSearch\Plugin.Tests\bin\Debug\Plugin.Tests.dll" adapterTypeName="executor://mstestadapter/v2" className="VideoOS.MetadataSearch.Plugin.Search.FilterValueProviders.Tests.AgeValueProviderTests" name="GetFilterValues_ShouldReturnEmptyEnumeration_WhenValueIsEmpty" />
    </UnitTest>
    <UnitTest name="IsMatch_ShouldReturnTrue_WhenObjectElementHasFullyMatchingPropertyRegardsOfOrderIsFirst" storage="d:\actions-runner\_work\xpco\xpco\metadatasearch\plugin.tests\bin\debug\plugin.tests.dll" id="10bc45ca-5f3a-22e8-73e5-0f5118bba111">
      <Execution id="3d68e713-c3a1-4a25-b268-82e79650d598" />
      <TestMethod codeBase="D:\actions-runner\_work\XPCO\XPCO\MetadataSearch\Plugin.Tests\bin\Debug\Plugin.Tests.dll" adapterTypeName="executor://mstestadapter/v2" className="VideoOS.MetadataSearch.Plugin.Tests.Search.Predicates.FullMatchSearchPredicateTests" name="IsMatch_ShouldWorkJustFine" />
    </UnitTest>
    <UnitTest name="IsMatch_ShouldCompareDistanceCorrectly_WhenGivenValidPropertyValues (44.401012,-73.848847,45.549302,-73.632118,20,False)" storage="d:\actions-runner\_work\xpco\xpco\metadatasearch\plugin.tests\bin\debug\plugin.tests.dll" id="47436b86-681d-e7ad-2168-9b49e9b5df4c">
      <Execution id="843d2742-819b-4486-b751-670f263cead4" />
      <TestMethod codeBase="D:\actions-runner\_work\XPCO\XPCO\MetadataSearch\Plugin.Tests\bin\Debug\Plugin.Tests.dll" adapterTypeName="executor://mstestadapter/v2" className="VideoOS.MetadataSearch.Plugin.Tests.Search.Predicates.GeoCoordinatesPredicateTests" name="IsMatch_ShouldCompareDistanceCorrectly_WhenGivenValidPropertyValues" />
    </UnitTest>
    <UnitTest name="GetFilterValues_ShouldReturnMinAndMaxValues_WhenValueIsValid" storage="d:\actions-runner\_work\xpco\xpco\metadatasearch\plugin.tests\bin\debug\plugin.tests.dll" id="c543770d-cf9b-0ea4-1d34-a2012d05fa48">
      <Execution id="65bfc142-6f6d-4383-80f1-ccd0e8671264" />
      <TestMethod codeBase="D:\actions-runner\_work\XPCO\XPCO\MetadataSearch\Plugin.Tests\bin\Debug\Plugin.Tests.dll" adapterTypeName="executor://mstestadapter/v2" className="VideoOS.MetadataSearch.Plugin.Search.FilterValueProviders.Tests.AgeValueProviderTests" name="GetFilterValues_ShouldReturnMinAndMaxValues_WhenValueIsValid" />
    </UnitTest>
    <UnitTest name="GetFrames_ShouldNotContinueFetchingFrames_WhenTokenSourceIsCancelled (True)" storage="d:\actions-runner\_work\xpco\xpco\metadatasearch\plugin.tests\bin\debug\plugin.tests.dll" id="3412d315-2f63-2c73-32e0-66d79e50d939">
      <Execution id="df5dabd6-a228-4fda-a45a-222791c1f22c" />
      <TestMethod codeBase="D:\actions-runner\_work\XPCO\XPCO\MetadataSearch\Plugin.Tests\bin\Debug\Plugin.Tests.dll" adapterTypeName="executor://mstestadapter/v2" className="VideoOS.MetadataSearch.Plugin.Tests.SearchAgent.MIPMetadataObjectSourceTests" name="GetFrames_ShouldNotContinueFetchingFrames_WhenTokenSourceIsCancelled" />
    </UnitTest>
    <UnitTest name="IsMatch_ShouldReturnTrue_WhenObjectElementHasFullyMatchingPropertyRegardsOfOrderIsSecond" storage="d:\actions-runner\_work\xpco\xpco\metadatasearch\plugin.tests\bin\debug\plugin.tests.dll" id="b929885d-21cf-5047-5a72-9591e713803c">
      <Execution id="68221973-8b21-44bd-bb64-c1851840ae0f" />
      <TestMethod codeBase="D:\actions-runner\_work\XPCO\XPCO\MetadataSearch\Plugin.Tests\bin\Debug\Plugin.Tests.dll" adapterTypeName="executor://mstestadapter/v2" className="VideoOS.MetadataSearch.Plugin.Tests.Search.Predicates.FullMatchSearchPredicateTests" name="IsMatch_ShouldWorkJustFine" />
    </UnitTest>
    <UnitTest name="GetFrames_ShouldContinueReturningFrames_WhenParsingThrowsAnException (True)" storage="d:\actions-runner\_work\xpco\xpco\metadatasearch\plugin.tests\bin\debug\plugin.tests.dll" id="6e522d0e-7368-12e3-1e06-d55f273f4474">
      <Execution id="da29a86d-7139-4fb3-8b30-4e09204712ef" />
      <TestMethod codeBase="D:\actions-runner\_work\XPCO\XPCO\MetadataSearch\Plugin.Tests\bin\Debug\Plugin.Tests.dll" adapterTypeName="executor://mstestadapter/v2" className="VideoOS.MetadataSearch.Plugin.Tests.SearchAgent.MIPMetadataObjectSourceTests" name="GetFrames_ShouldContinueReturningFrames_WhenParsingThrowsAnException" />
    </UnitTest>
    <UnitTest name="ResetValue_ShouldSet_ConfigurationValues" storage="d:\actions-runner\_work\xpco\xpco\metadatasearch\plugin.tests\bin\debug\plugin.tests.dll" id="3b462b8a-5d11-83b0-229a-e2949d34ba78">
      <Execution id="98e1cf5a-e828-4d9c-9cf1-33e66143873b" />
      <TestMethod codeBase="D:\actions-runner\_work\XPCO\XPCO\MetadataSearch\Plugin.Tests\bin\Debug\Plugin.Tests.dll" adapterTypeName="executor://mstestadapter/v2" className="VideoOS.MetadataSearch.Plugin.Search.Filters.Tests.RangeSearchFilterTests" name="ResetValue_ShouldSet_ConfigurationValues" />
    </UnitTest>
    <UnitTest name="IsEmpty_ShouldReturnFalse_WhenSearchingWithDefaults (0,10,1,10)" storage="d:\actions-runner\_work\xpco\xpco\metadatasearch\plugin.tests\bin\debug\plugin.tests.dll" id="c49530c6-fd33-8c08-4d62-78ab11b3b62d">
      <Execution id="bf61364b-7104-41c2-b8e9-c991747d46a6" />
      <TestMethod codeBase="D:\actions-runner\_work\XPCO\XPCO\MetadataSearch\Plugin.Tests\bin\Debug\Plugin.Tests.dll" adapterTypeName="executor://mstestadapter/v2" className="VideoOS.MetadataSearch.Plugin.Search.Filters.Tests.RangeSearchFilterTests" name="IsEmpty_ShouldReturnFalse_WhenSearchingWithDefaults" />
    </UnitTest>
    <UnitTest name="FilterObjects_ShouldReturnTwoSequences_WhenObjectIdDisappearsFromFrameAndAppearsAgain" storage="d:\actions-runner\_work\xpco\xpco\metadatasearch\plugin.tests\bin\debug\plugin.tests.dll" id="ff22b8bc-5bd3-865e-7cf1-849b0fbeafa6">
      <Execution id="13182e8d-1870-4830-9177-9bd1e467e430" />
      <TestMethod codeBase="D:\actions-runner\_work\XPCO\XPCO\MetadataSearch\Plugin.Tests\bin\Debug\Plugin.Tests.dll" adapterTypeName="executor://mstestadapter/v2" className="VideoOS.MetadataSearch.Plugin.Tests.MetadataSearchEngineTests" name="FilterObjects_ShouldReturnTwoSequences_WhenObjectIdDisappearsFromFrameAndAppearsAgain" />
    </UnitTest>
    <UnitTest name="Constructors_ShouldNotAllowInjectionOfNulls" storage="d:\actions-runner\_work\xpco\xpco\metadatasearch\plugin.tests\bin\debug\plugin.tests.dll" id="80b7e897-b10d-fad4-023d-830b189c8e11">
      <Execution id="771ade87-d5b1-45b4-b1b8-d81d10bf1c69" />
      <TestMethod codeBase="D:\actions-runner\_work\XPCO\XPCO\MetadataSearch\Plugin.Tests\bin\Debug\Plugin.Tests.dll" adapterTypeName="executor://mstestadapter/v2" className="VideoOS.MetadataSearch.Plugin.Tests.Search.Predicates.RangeSearchPredicateTests" name="Constructors_ShouldNotAllowInjectionOfNulls" />
    </UnitTest>
    <UnitTest name="IsMatch_ShouldReturnFalse_WhenNestedPredicateReturnsTrue" storage="d:\actions-runner\_work\xpco\xpco\metadatasearch\plugin.tests\bin\debug\plugin.tests.dll" id="a2a230c0-8213-023a-c64e-825786530df6">
      <Execution id="2f63b3a2-b91a-4983-ab33-3ac9bbcfbce5" />
      <TestMethod codeBase="D:\actions-runner\_work\XPCO\XPCO\MetadataSearch\Plugin.Tests\bin\Debug\Plugin.Tests.dll" adapterTypeName="executor://mstestadapter/v2" className="VideoOS.MetadataSearch.Plugin.Search.Tests.Predicates.NegatingPredicateTests" name="IsMatch_ShouldWorkJustFine" />
    </UnitTest>
    <UnitTest name="IsMatch_ShouldReturnTrue_WhenAnyPropertyIsPresent" storage="d:\actions-runner\_work\xpco\xpco\metadatasearch\plugin.tests\bin\debug\plugin.tests.dll" id="db6b037b-68db-78d4-ca62-6240f561f66d">
      <Execution id="b5b705c7-9eea-4aa4-a827-7345b4bd35c0" />
      <TestMethod codeBase="D:\actions-runner\_work\XPCO\XPCO\MetadataSearch\Plugin.Tests\bin\Debug\Plugin.Tests.dll" adapterTypeName="executor://mstestadapter/v2" className="VideoOS.MetadataSearch.Plugin.Search.Tests.Predicates.CategorySearchPredicateTests" name="IsMatch_ShouldReturnCorrectResult" />
    </UnitTest>
    <UnitTest name="GetBoundingShapesAsync_ShouldUseBoundingBox_WhenGivenFrameObjectWithOnlyBoundingBox" storage="d:\actions-runner\_work\xpco\xpco\metadatasearch\plugin.tests\bin\debug\plugin.tests.dll" id="ba0f9304-7ca7-2370-1639-f2cf0cd868b8">
      <Execution id="1c298a92-2765-45e9-be3d-02fe69209b96" />
      <TestMethod codeBase="D:\actions-runner\_work\XPCO\XPCO\MetadataSearch\Plugin.Tests\bin\Debug\Plugin.Tests.dll" adapterTypeName="executor://mstestadapter/v2" className="VideoOS.MetadataSearch.Plugin.Tests.MetadataSearchResultDataTests" name="GetBoundingShapesAsync_ShouldUseBoundingBox_WhenGivenFrameObjectWithOnlyBoundingBox" />
    </UnitTest>
    <UnitTest name="IsMatch_ShouldCompareDistanceCorrectly_WhenGivenValidPropertyValues (44.401012,-73.848847,44.400888,-73.849034,0.1,True)" storage="d:\actions-runner\_work\xpco\xpco\metadatasearch\plugin.tests\bin\debug\plugin.tests.dll" id="df54c472-f704-3a98-5845-930939f7342f">
      <Execution id="247e468d-ec5e-4b6e-b764-685cde0d70b2" />
      <TestMethod codeBase="D:\actions-runner\_work\XPCO\XPCO\MetadataSearch\Plugin.Tests\bin\Debug\Plugin.Tests.dll" adapterTypeName="executor://mstestadapter/v2" className="VideoOS.MetadataSearch.Plugin.Tests.Search.Predicates.GeoCoordinatesPredicateTests" name="IsMatch_ShouldCompareDistanceCorrectly_WhenGivenValidPropertyValues" />
    </UnitTest>
    <UnitTest name="IsValid_ShouldBeTrue_WhenBothLatitudeAndLongitudeAreSet" storage="d:\actions-runner\_work\xpco\xpco\metadatasearch\plugin.tests\bin\debug\plugin.tests.dll" id="6f1935e6-71e3-6bf5-f235-e04c973cfbb6">
      <Execution id="e05cdafc-42c6-4d70-9b4e-8863e57a4542" />
      <TestMethod codeBase="D:\actions-runner\_work\XPCO\XPCO\MetadataSearch\Plugin.Tests\bin\Debug\Plugin.Tests.dll" adapterTypeName="executor://mstestadapter/v2" className="VideoOS.MetadataSearch.Plugin.Search.Filters.Tests.GeoCoordinatesFilterValueTests" name="IsValid_ShouldBeTrue_WhenBothLatitudeAndLongitudeAreSet" />
    </UnitTest>
    <UnitTest name="TryParseColor_ShouldConvertCorrectly_FromYCbCrToRGB (&lt;?xml version=&quot;1.0&quot;?&gt; &lt;tt:Color xmlns:tt=&quot;http://www.onvif.org/ver10/schema&quot; Z = &quot;169&quot; Y = &quot;169&quot; X = &quot;169&quot; Colorspace = &quot;YCbCr&quot; /&gt;,226,125,241)" storage="d:\actions-runner\_work\xpco\xpco\metadatasearch\plugin.tests\bin\debug\plugin.tests.dll" id="c7bca7c9-5f22-da07-220a-3e48b96be5f4">
      <Execution id="df208f81-c9ae-4878-9b1a-b7da7358896b" />
      <TestMethod codeBase="D:\actions-runner\_work\XPCO\XPCO\MetadataSearch\Plugin.Tests\bin\Debug\Plugin.Tests.dll" adapterTypeName="executor://mstestadapter/v2" className="VideoOS.MetadataSearch.Plugin.Tests.Search.ColorHandling.OnvifColorParserTests" name="TryParseColor_ShouldConvertCorrectly_FromYCbCrToRGB" />
    </UnitTest>
    <UnitTest name="GetCustomFilters_ShouldReturnEmptyCollection_WhenThereAreNoCustomFilters" storage="d:\actions-runner\_work\xpco\xpco\metadatasearch\plugin.tests\bin\debug\plugin.tests.dll" id="46208886-2822-7a4d-9f45-2594097b10ac">
      <Execution id="32745374-0926-4098-8781-6f9217524bfe" />
      <TestMethod codeBase="D:\actions-runner\_work\XPCO\XPCO\MetadataSearch\Plugin.Tests\bin\Debug\Plugin.Tests.dll" adapterTypeName="executor://mstestadapter/v2" className="VideoOS.MetadataSearch.Plugin.Configuration.Tests.MetadataCategoryTests" name="GetCustomFilters_ShouldReturnEmptyCollection_WhenThereAreNoCustomFilters" />
    </UnitTest>
    <UnitTest name="IsMatch_ShouldReturnTrue_WhenAnyOfTheValuesAreValidNumber" storage="d:\actions-runner\_work\xpco\xpco\metadatasearch\plugin.tests\bin\debug\plugin.tests.dll" id="6d4fd784-147c-7b7e-6b2f-ce54d2eb99eb">
      <Execution id="b3d2892e-4bca-46e0-9367-b3358303b749" />
      <TestMethod codeBase="D:\actions-runner\_work\XPCO\XPCO\MetadataSearch\Plugin.Tests\bin\Debug\Plugin.Tests.dll" adapterTypeName="executor://mstestadapter/v2" className="VideoOS.MetadataSearch.Plugin.Tests.Search.Predicates.RangeSearchPredicateTests" name="IsMatch_ShouldWorkJustFine" />
    </UnitTest>
    <UnitTest name="GetFilterValues_ShouldReturnLowAndHighValuesScaled_WhenScaleIsProvided" storage="d:\actions-runner\_work\xpco\xpco\metadatasearch\plugin.tests\bin\debug\plugin.tests.dll" id="87cc0ff4-d648-edd4-cbb7-3dc53c271bbb">
      <Execution id="d09cb614-6346-4eee-b9bd-eafa4af23260" />
      <TestMethod codeBase="D:\actions-runner\_work\XPCO\XPCO\MetadataSearch\Plugin.Tests\bin\Debug\Plugin.Tests.dll" adapterTypeName="executor://mstestadapter/v2" className="VideoOS.MetadataSearch.Plugin.Search.FilterValueProviders.Tests.RangeFilterValueProviderTests" name="GetFilterValues_ShouldReturnLowAndHighValuesScaled_WhenScaleIsProvided" />
    </UnitTest>
    <UnitTest name="IsMatch_ShouldComparecolorCorrectly_WhenGivenValidPropertyValues (red,red,True)" storage="d:\actions-runner\_work\xpco\xpco\metadatasearch\plugin.tests\bin\debug\plugin.tests.dll" id="aae80a07-bba1-9961-65be-939c18637c0f">
      <Execution id="c72cc405-6c82-40a5-a850-7767860a0fa7" />
      <TestMethod codeBase="D:\actions-runner\_work\XPCO\XPCO\MetadataSearch\Plugin.Tests\bin\Debug\Plugin.Tests.dll" adapterTypeName="executor://mstestadapter/v2" className="VideoOS.MetadataSearch.Plugin.Tests.Search.Predicates.ColorPredicateTests" name="IsMatch_ShouldComparecolorCorrectly_WhenGivenValidPropertyValues" />
    </UnitTest>
    <UnitTest name="GetValue_ShouldReturnAValue_WhenCalledWithKnownVehicleTypeIds (ff222f02-f1af-4dcb-b93b-272e36ed4050)" storage="d:\actions-runner\_work\xpco\xpco\metadatasearch\plugin.tests\bin\debug\plugin.tests.dll" id="6ba255de-dbf0-eb3f-02fb-2c64c42b1682">
      <Execution id="a12b9b3f-6420-42fc-aaed-f9c6e87120af" />
      <TestMethod codeBase="D:\actions-runner\_work\XPCO\XPCO\MetadataSearch\Plugin.Tests\bin\Debug\Plugin.Tests.dll" adapterTypeName="executor://mstestadapter/v2" className="VideoOS.MetadataSearch.Common.Tests.VehicleTypesTests" name="GetValue_ShouldReturnAValue_WhenCalledWithKnownVehicleTypeIds" />
    </UnitTest>
    <UnitTest name="IsMatch_ShouldReturnCorrectMatchingProperties_WhenObjectElementHasPartiallyMatchingPropertyRegardsOfOrderIsSecond" storage="d:\actions-runner\_work\xpco\xpco\metadatasearch\plugin.tests\bin\debug\plugin.tests.dll" id="a50f5d16-337a-357a-0781-682166a9c3a4">
      <Execution id="d4dc31a4-58d8-40e5-86ca-f7672e6ed13c" />
      <TestMethod codeBase="D:\actions-runner\_work\XPCO\XPCO\MetadataSearch\Plugin.Tests\bin\Debug\Plugin.Tests.dll" adapterTypeName="executor://mstestadapter/v2" className="VideoOS.MetadataSearch.Plugin.Tests.Search.Predicates.PartialMatchSearchPredicateTests" name="IsMatch_ShouldWorkCorrectly" />
    </UnitTest>
    <UnitTest name="IsMatch_ShouldComparecolorCorrectly_WhenGivenValidPropertyValues (red,white,False)" storage="d:\actions-runner\_work\xpco\xpco\metadatasearch\plugin.tests\bin\debug\plugin.tests.dll" id="f4b46825-b9e2-3b64-1c89-d0861b1de671">
      <Execution id="a11c3de7-dbef-45ae-8551-db224e2f70f8" />
      <TestMethod codeBase="D:\actions-runner\_work\XPCO\XPCO\MetadataSearch\Plugin.Tests\bin\Debug\Plugin.Tests.dll" adapterTypeName="executor://mstestadapter/v2" className="VideoOS.MetadataSearch.Plugin.Tests.Search.Predicates.ColorPredicateTests" name="IsMatch_ShouldComparecolorCorrectly_WhenGivenValidPropertyValues" />
    </UnitTest>
    <UnitTest name="Constructors_ShouldNotAllowInjectionOfNulls" storage="d:\actions-runner\_work\xpco\xpco\metadatasearch\plugin.tests\bin\debug\plugin.tests.dll" id="f394434a-220f-bf7d-5d5b-299ea39adc6a">
      <Execution id="fe2749da-fe52-43b5-b1de-161dfc31adfa" />
      <TestMethod codeBase="D:\actions-runner\_work\XPCO\XPCO\MetadataSearch\Plugin.Tests\bin\Debug\Plugin.Tests.dll" adapterTypeName="executor://mstestadapter/v2" className="VideoOS.MetadataSearch.Plugin.Tests.FunctionalTests.ObjectSequenceTests" name="Constructors_ShouldNotAllowInjectionOfNulls" />
    </UnitTest>
    <UnitTest name="TryParseColor_ShouldReturn_CorrectResult (&lt;?xml version=&quot;1.0&quot;?&gt; &lt;tt:Color xmlns:tt=&quot;http://www.onvif.org/ver10/schema&quot; Z = &quot;169&quot; Y = &quot;169&quot; X = &quot;169&quot; Colorspace = &quot;YCbCr&quot; /&gt;,True)" storage="d:\actions-runner\_work\xpco\xpco\metadatasearch\plugin.tests\bin\debug\plugin.tests.dll" id="7a8a5ded-cb87-18f8-4f57-cf67880a1526">
      <Execution id="1ce5a2ba-fe07-432d-8f4c-8239dcaa99e1" />
      <TestMethod codeBase="D:\actions-runner\_work\XPCO\XPCO\MetadataSearch\Plugin.Tests\bin\Debug\Plugin.Tests.dll" adapterTypeName="executor://mstestadapter/v2" className="VideoOS.MetadataSearch.Plugin.Tests.Search.ColorHandling.OnvifColorParserTests" name="TryParseColor_ShouldReturn_CorrectResult" />
    </UnitTest>
    <UnitTest name="IsMatch_ShouldThrowArgumentNullException_WhenGivenNullFrameObject" storage="d:\actions-runner\_work\xpco\xpco\metadatasearch\plugin.tests\bin\debug\plugin.tests.dll" id="6f37c244-6378-502b-d0e2-1f46ae00798a">
      <Execution id="2ae1dd49-52d3-4d79-85c4-b893b74330b6" />
      <TestMethod codeBase="D:\actions-runner\_work\XPCO\XPCO\MetadataSearch\Plugin.Tests\bin\Debug\Plugin.Tests.dll" adapterTypeName="executor://mstestadapter/v2" className="VideoOS.MetadataSearch.Plugin.Tests.Search.Predicates.GeoCoordinatesPredicateTests" name="IsMatch_ShouldThrowArgumentNullException_WhenGivenNullFrameObject" />
    </UnitTest>
    <UnitTest name="GetSearchPredicate_ShouldCallFactoryWithAllValuesFromValueProvider" storage="d:\actions-runner\_work\xpco\xpco\metadatasearch\plugin.tests\bin\debug\plugin.tests.dll" id="b55d9ab7-b50d-8694-076c-cd1ae02a1830">
      <Execution id="06cfa25c-9d05-40c8-bd3d-d8cf4a645868" />
      <TestMethod codeBase="D:\actions-runner\_work\XPCO\XPCO\MetadataSearch\Plugin.Tests\bin\Debug\Plugin.Tests.dll" adapterTypeName="executor://mstestadapter/v2" className="VideoOS.MetadataSearch.Plugin.Search.FilterDefinitions.Tests.ListSelectionFilterDefinitionTests" name="GetSearchPredicate_ShouldCallFactoryWithAllValuesFromValueProvider" />
    </UnitTest>
    <UnitTest name="Constructors_ShouldNotAllowInjectionOfNulls" storage="d:\actions-runner\_work\xpco\xpco\metadatasearch\plugin.tests\bin\debug\plugin.tests.dll" id="31a9e5b9-5dae-2169-816a-49e71f1970b4">
      <Execution id="b4be9e8e-0bb8-4d8b-b134-4837e2229e57" />
      <TestMethod codeBase="D:\actions-runner\_work\XPCO\XPCO\MetadataSearch\Plugin.Tests\bin\Debug\Plugin.Tests.dll" adapterTypeName="executor://mstestadapter/v2" className="VideoOS.MetadataSearch.Plugin.Search.Tests.Predicates.NegatingPredicateTests" name="Constructors_ShouldNotAllowInjectionOfNulls" />
    </UnitTest>
    <UnitTest name="With results" storage="d:\actions-runner\_work\xpco\xpco\metadatasearch\plugin.tests\bin\debug\plugin.tests.dll" id="46c75eb8-fd65-ecab-1ed7-a7d0d0575fbb">
      <Execution id="395c7308-fd6f-4c4b-91ae-73c2b436f9db" />
      <TestMethod codeBase="D:\actions-runner\_work\XPCO\XPCO\MetadataSearch\Plugin.Tests\bin\Debug\Plugin.Tests.dll" adapterTypeName="executor://mstestadapter/v2" className="VideoOS.MetadataSearch.Plugin.Tests.MetadataSearchDefinitionTests" name="DoSearch_ShouldFireEvents_WhenFindingCorrectSearchResults" />
    </UnitTest>
    <UnitTest name="CreateAgents_ShouldReturnAllAgents_WhenAllAreEnabled" storage="d:\actions-runner\_work\xpco\xpco\metadatasearch\plugin.tests\bin\debug\plugin.tests.dll" id="049fecbe-b74a-80f6-43d3-60a266b9c40e">
      <Execution id="a9d0d3d6-eaf0-435e-ae9f-73810eb02079" />
      <TestMethod codeBase="D:\actions-runner\_work\XPCO\XPCO\MetadataSearch\Plugin.Tests\bin\Debug\Plugin.Tests.dll" adapterTypeName="executor://mstestadapter/v2" className="VideoOS.MetadataSearch.Plugin.Tests.SearchAgent.SearchAgentFactoryTests" name="CreateAgents_ShouldReturnAllAgents_WhenAllAreEnabled" />
    </UnitTest>
    <UnitTest name="ObjectId_ShouldBeTheIdOfFirstObject" storage="d:\actions-runner\_work\xpco\xpco\metadatasearch\plugin.tests\bin\debug\plugin.tests.dll" id="98cc04cf-3e04-5ceb-eb18-d3c46c9a9b8c">
      <Execution id="101098ce-dbd1-4e4f-80b4-708727359593" />
      <TestMethod codeBase="D:\actions-runner\_work\XPCO\XPCO\MetadataSearch\Plugin.Tests\bin\Debug\Plugin.Tests.dll" adapterTypeName="executor://mstestadapter/v2" className="VideoOS.MetadataSearch.Plugin.Tests.FunctionalTests.ObjectSequenceTests" name="ObjectId_ShouldBeTheIdOfFirstObject" />
    </UnitTest>
    <UnitTest name="IsEmpty_ShouldReturnBase_WhenSearchingWithoutDefaults (0,10,1,9,False)" storage="d:\actions-runner\_work\xpco\xpco\metadatasearch\plugin.tests\bin\debug\plugin.tests.dll" id="c8e69239-6298-e629-41af-f2978db9a1f2">
      <Execution id="b5fbc1ec-48ec-47f5-a371-6e3710b985c4" />
      <TestMethod codeBase="D:\actions-runner\_work\XPCO\XPCO\MetadataSearch\Plugin.Tests\bin\Debug\Plugin.Tests.dll" adapterTypeName="executor://mstestadapter/v2" className="VideoOS.MetadataSearch.Plugin.Search.Filters.Tests.RangeSearchFilterTests" name="IsEmpty_ShouldReturnBase_WhenSearchingWithoutDefaults" />
    </UnitTest>
    <UnitTest name="Constructors_ShouldNotAllowInjectionOfNulls" storage="d:\actions-runner\_work\xpco\xpco\metadatasearch\plugin.tests\bin\debug\plugin.tests.dll" id="104b8812-b45f-fec0-59d2-ecf4497b6979">
      <Execution id="a240fd3b-b145-412d-97c1-13d9818f462c" />
      <TestMethod codeBase="D:\actions-runner\_work\XPCO\XPCO\MetadataSearch\Plugin.Tests\bin\Debug\Plugin.Tests.dll" adapterTypeName="executor://mstestadapter/v2" className="VideoOS.MetadataSearch.Plugin.Tests.IdGeneratorTests" name="Constructors_ShouldNotAllowInjectionOfNulls" />
    </UnitTest>
    <UnitTest name="DoSearch_ShouldFindPeople_WhenGenderPropertyIsPresent" storage="d:\actions-runner\_work\xpco\xpco\metadatasearch\plugin.tests\bin\debug\plugin.tests.dll" id="59cd6aa8-5529-82a6-681d-5b634e1a1c2b">
      <Execution id="49d080fc-5b86-44b3-b112-bea9ef31bea7" />
      <TestMethod codeBase="D:\actions-runner\_work\XPCO\XPCO\MetadataSearch\Plugin.Tests\bin\Debug\Plugin.Tests.dll" adapterTypeName="executor://mstestadapter/v2" className="VideoOS.MetadataSearch.Plugin.Tests.FunctionalTests.FullPluginTests" name="DoSearch_ShouldFindPeopleCategory" />
    </UnitTest>
    <UnitTest name="GetValue_ShouldReturnAValue_WhenCalledWithKnownVehicleTypeIds (20b19e23-6e48-4207-b033-1fdf3b48f167)" storage="d:\actions-runner\_work\xpco\xpco\metadatasearch\plugin.tests\bin\debug\plugin.tests.dll" id="be55f5e0-b7f0-9aff-ed43-349928d3ded4">
      <Execution id="162c2e02-0591-4f3d-b3df-7ffa858c48b2" />
      <TestMethod codeBase="D:\actions-runner\_work\XPCO\XPCO\MetadataSearch\Plugin.Tests\bin\Debug\Plugin.Tests.dll" adapterTypeName="executor://mstestadapter/v2" className="VideoOS.MetadataSearch.Common.Tests.VehicleTypesTests" name="GetValue_ShouldReturnAValue_WhenCalledWithKnownVehicleTypeIds" />
    </UnitTest>
    <UnitTest name="GetValue_ShouldReturnAValue_WhenCalledWithKnownFilterIds (59fe8653-4335-497b-8bf2-490867dd6973)" storage="d:\actions-runner\_work\xpco\xpco\metadatasearch\plugin.tests\bin\debug\plugin.tests.dll" id="d003ebe1-0b55-00f6-3259-6dd8c0c81c36">
      <Execution id="128f12dd-a0d3-4171-baf9-e67b8d041cdf" />
      <TestMethod codeBase="D:\actions-runner\_work\XPCO\XPCO\MetadataSearch\Plugin.Tests\bin\Debug\Plugin.Tests.dll" adapterTypeName="executor://mstestadapter/v2" className="VideoOS.MetadataSearch.Common.Tests.FiltersTests" name="GetValue_ShouldReturnAValue_WhenCalledWithKnownFilterIds" />
    </UnitTest>
    <UnitTest name="InvalidateLatitude_ShouldTurnInvalidToFalse_WhenCalledOnValidValue" storage="d:\actions-runner\_work\xpco\xpco\metadatasearch\plugin.tests\bin\debug\plugin.tests.dll" id="7325018e-56fb-f385-2d1a-ff4306c3d376">
      <Execution id="7ae0d035-0a88-472d-acaf-ecd583cac205" />
      <TestMethod codeBase="D:\actions-runner\_work\XPCO\XPCO\MetadataSearch\Plugin.Tests\bin\Debug\Plugin.Tests.dll" adapterTypeName="executor://mstestadapter/v2" className="VideoOS.MetadataSearch.Plugin.Search.Filters.Tests.GeoCoordinatesFilterValueTests" name="InvalidateLatitude_ShouldTurnInvalidToFalse_WhenCalledOnValidValue" />
    </UnitTest>
    <UnitTest name="DoSearch_ShouldFireErrorCallback_WhenUnknownExceptionOccurs" storage="d:\actions-runner\_work\xpco\xpco\metadatasearch\plugin.tests\bin\debug\plugin.tests.dll" id="bf0c1894-6f4d-81b2-526e-1928d7391f12">
      <Execution id="510c1491-3172-4901-a0a8-8ace75e2c1ad" />
      <TestMethod codeBase="D:\actions-runner\_work\XPCO\XPCO\MetadataSearch\Plugin.Tests\bin\Debug\Plugin.Tests.dll" adapterTypeName="executor://mstestadapter/v2" className="VideoOS.MetadataSearch.Plugin.Tests.MetadataSearchDefinitionTests" name="DoSearch_ShouldFireErrorCallback_WhenUnknownExceptionOccurs" />
    </UnitTest>
    <UnitTest name="Constructors_ShouldNotAllowInjectionOfEmptyObjectCollection" storage="d:\actions-runner\_work\xpco\xpco\metadatasearch\plugin.tests\bin\debug\plugin.tests.dll" id="7c79ce62-edca-d66d-7a06-5b9a9eacd5c6">
      <Execution id="00afacf1-dbe6-4604-a13b-65bb7450c723" />
      <TestMethod codeBase="D:\actions-runner\_work\XPCO\XPCO\MetadataSearch\Plugin.Tests\bin\Debug\Plugin.Tests.dll" adapterTypeName="executor://mstestadapter/v2" className="VideoOS.MetadataSearch.Plugin.Tests.FunctionalTests.ObjectSequenceTests" name="Constructors_ShouldNotAllowInjectionOfEmptyObjectCollection" />
    </UnitTest>
    <UnitTest name="CreateGuid_ShouldReturnGuid_WhenDeviceIdIsNull" storage="d:\actions-runner\_work\xpco\xpco\metadatasearch\plugin.tests\bin\debug\plugin.tests.dll" id="85dfb615-5a2b-c9e8-954a-1ca3cda0ed50">
      <Execution id="6bf2bfa2-ba78-4cdc-8046-0c173704a8a8" />
      <TestMethod codeBase="D:\actions-runner\_work\XPCO\XPCO\MetadataSearch\Plugin.Tests\bin\Debug\Plugin.Tests.dll" adapterTypeName="executor://mstestadapter/v2" className="VideoOS.MetadataSearch.Plugin.Tests.IdGeneratorTests" name="CreateGuid_ShouldReturnGuid_WhenDeviceIdIsNull" />
    </UnitTest>
    <UnitTest name="CreateValue_ShouldReturnEmptySelectionFilterValue" storage="d:\actions-runner\_work\xpco\xpco\metadatasearch\plugin.tests\bin\debug\plugin.tests.dll" id="a3f171ab-0da7-1470-4237-86f0955fbc3d">
      <Execution id="fc255de3-ab2c-405a-9474-0d7b232e86fa" />
      <TestMethod codeBase="D:\actions-runner\_work\XPCO\XPCO\MetadataSearch\Plugin.Tests\bin\Debug\Plugin.Tests.dll" adapterTypeName="executor://mstestadapter/v2" className="VideoOS.MetadataSearch.Plugin.Search.Filters.Tests.ListSelectionSearchFilterTests" name="CreateValue_ShouldReturnEmptySelectionFilterValue" />
    </UnitTest>
    <UnitTest name="IsMatch_ShouldCompareDistanceCorrectly_WhenGivenValidPropertyValues (44.401012,-73.848847,45.549302,-73.632118,0.1,False)" storage="d:\actions-runner\_work\xpco\xpco\metadatasearch\plugin.tests\bin\debug\plugin.tests.dll" id="293b32bd-fbf2-4184-a225-176afa528e30">
      <Execution id="71964594-fc2c-4ec3-a63b-cccffe0b9015" />
      <TestMethod codeBase="D:\actions-runner\_work\XPCO\XPCO\MetadataSearch\Plugin.Tests\bin\Debug\Plugin.Tests.dll" adapterTypeName="executor://mstestadapter/v2" className="VideoOS.MetadataSearch.Plugin.Tests.Search.Predicates.GeoCoordinatesPredicateTests" name="IsMatch_ShouldCompareDistanceCorrectly_WhenGivenValidPropertyValues" />
    </UnitTest>
    <UnitTest name="CreateValue_ShouldUse_ConfigurationValues" storage="d:\actions-runner\_work\xpco\xpco\metadatasearch\plugin.tests\bin\debug\plugin.tests.dll" id="45918056-178b-bae7-e87d-d8a65e50daaf">
      <Execution id="5bc12e30-9685-4b51-bde5-1514f3b16ec4" />
      <TestMethod codeBase="D:\actions-runner\_work\XPCO\XPCO\MetadataSearch\Plugin.Tests\bin\Debug\Plugin.Tests.dll" adapterTypeName="executor://mstestadapter/v2" className="VideoOS.MetadataSearch.Plugin.Search.Filters.Tests.RangeSearchFilterTests" name="CreateValue_ShouldUse_ConfigurationValues" />
    </UnitTest>
    <UnitTest name="GetMetadataObjectsAsync_ShouldReturnMetadataObject_WithCorrectId" storage="d:\actions-runner\_work\xpco\xpco\metadatasearch\plugin.tests\bin\debug\plugin.tests.dll" id="759c07ed-5743-04f3-61c1-8ed09d840e87">
      <Execution id="c31420b1-1584-4f74-bebd-d51bbc3f4baa" />
      <TestMethod codeBase="D:\actions-runner\_work\XPCO\XPCO\MetadataSearch\Plugin.Tests\bin\Debug\Plugin.Tests.dll" adapterTypeName="executor://mstestadapter/v2" className="VideoOS.MetadataSearch.Plugin.Tests.MetadataSearchResultDataTests" name="GetMetadataObjectsAsync_ShouldReturnMetadataObject_WithCorrectId" />
    </UnitTest>
    <UnitTest name="TryParseColor_ShouldReturn_CorrectResult (#FF00FFFF,False)" storage="d:\actions-runner\_work\xpco\xpco\metadatasearch\plugin.tests\bin\debug\plugin.tests.dll" id="0debfba1-dbbf-07fb-f280-fce96076f293">
      <Execution id="7b17765a-bf28-434f-bb5f-c860f42081c3" />
      <TestMethod codeBase="D:\actions-runner\_work\XPCO\XPCO\MetadataSearch\Plugin.Tests\bin\Debug\Plugin.Tests.dll" adapterTypeName="executor://mstestadapter/v2" className="VideoOS.MetadataSearch.Plugin.Tests.Search.ColorHandling.OnvifColorParserTests" name="TryParseColor_ShouldReturn_CorrectResult" />
    </UnitTest>
    <UnitTest name="IsSet_ShouldBeTrue_WhenValueIsValid" storage="d:\actions-runner\_work\xpco\xpco\metadatasearch\plugin.tests\bin\debug\plugin.tests.dll" id="72c72434-2456-838e-2559-d67e1d9e9594">
      <Execution id="d9912ad2-6a9e-476b-a7bc-99d16e5d1861" />
      <TestMethod codeBase="D:\actions-runner\_work\XPCO\XPCO\MetadataSearch\Plugin.Tests\bin\Debug\Plugin.Tests.dll" adapterTypeName="executor://mstestadapter/v2" className="VideoOS.MetadataSearch.Plugin.Search.FilterDefinitions.Tests.ListSelectionFilterDefinitionTests" name="IsSet_ShouldBeTrue_WhenValueIsValid" />
    </UnitTest>
    <UnitTest name="Constructors_ShouldNotAllowInjectionOfNulls" storage="d:\actions-runner\_work\xpco\xpco\metadatasearch\plugin.tests\bin\debug\plugin.tests.dll" id="eea25713-cebe-4a9c-36f2-1d260048678f">
      <Execution id="5e2a5b36-1b43-4111-862c-53242d713918" />
      <TestMethod codeBase="D:\actions-runner\_work\XPCO\XPCO\MetadataSearch\Plugin.Tests\bin\Debug\Plugin.Tests.dll" adapterTypeName="executor://mstestadapter/v2" className="VideoOS.MetadataSearch.Plugin.Tests.SearchAgent.MIPMetadataObjectSourceTests" name="Constructors_ShouldNotAllowInjectionOfNulls" />
    </UnitTest>
    <UnitTest name="GetCategorySearchPredicate_ShouldReturnPredicateWithClassCandidates_WhenClassCandidatesAreProvided" storage="d:\actions-runner\_work\xpco\xpco\metadatasearch\plugin.tests\bin\debug\plugin.tests.dll" id="1464a866-1467-976e-29bd-6b7a26b0e079">
      <Execution id="3c4489c2-f3c5-49b2-a2ff-9423bda261f8" />
      <TestMethod codeBase="D:\actions-runner\_work\XPCO\XPCO\MetadataSearch\Plugin.Tests\bin\Debug\Plugin.Tests.dll" adapterTypeName="executor://mstestadapter/v2" className="VideoOS.MetadataSearch.Plugin.Configuration.Tests.MetadataCategoryTests" name="GetCategorySearchPredicate_ShouldReturnPredicateWithClassCandidates_WhenClassCandidatesAreProvided" />
    </UnitTest>
    <UnitTest name="IsMatch_ShouldComparecolorCorrectly_WhenGivenValidPropertyValues (white,red,False)" storage="d:\actions-runner\_work\xpco\xpco\metadatasearch\plugin.tests\bin\debug\plugin.tests.dll" id="8e47cb19-d8fb-e1bd-4851-85aa2bb18d82">
      <Execution id="2dbd4984-46cd-4ba0-b841-7bde64650e5d" />
      <TestMethod codeBase="D:\actions-runner\_work\XPCO\XPCO\MetadataSearch\Plugin.Tests\bin\Debug\Plugin.Tests.dll" adapterTypeName="executor://mstestadapter/v2" className="VideoOS.MetadataSearch.Plugin.Tests.Search.Predicates.ColorPredicateTests" name="IsMatch_ShouldComparecolorCorrectly_WhenGivenValidPropertyValues" />
    </UnitTest>
    <UnitTest name="IsMatch_ShouldReturnTrue_WhenObjectElementHasFullyMatchingPropertyWithCaseMissmatch" storage="d:\actions-runner\_work\xpco\xpco\metadatasearch\plugin.tests\bin\debug\plugin.tests.dll" id="81b93e8e-482e-e408-eee4-d9aa0556e6f0">
      <Execution id="ea178acf-7bdb-421a-b86b-a631b71adb5c" />
      <TestMethod codeBase="D:\actions-runner\_work\XPCO\XPCO\MetadataSearch\Plugin.Tests\bin\Debug\Plugin.Tests.dll" adapterTypeName="executor://mstestadapter/v2" className="VideoOS.MetadataSearch.Plugin.Tests.Search.Predicates.FullMatchSearchPredicateTests" name="IsMatch_ShouldWorkJustFine" />
    </UnitTest>
    <UnitTest name="GetClosestBucket_ShouldReturnClosestBucket" storage="d:\actions-runner\_work\xpco\xpco\metadatasearch\plugin.tests\bin\debug\plugin.tests.dll" id="7fb14702-51a2-930f-968e-cf2878154e79">
      <Execution id="44e55f48-5550-4b1a-b308-f80d7df4f9e1" />
      <TestMethod codeBase="D:\actions-runner\_work\XPCO\XPCO\MetadataSearch\Plugin.Tests\bin\Debug\Plugin.Tests.dll" adapterTypeName="executor://mstestadapter/v2" className="VideoOS.MetadataSearch.Plugin.Tests.Search.ColorHandling.ColorBucketsTests" name="GetClosestBucket_ShouldReturnClosestBucket" />
    </UnitTest>
    <UnitTest name="GetEnabledFilters_ShouldReturnEmptyCollection_WhenAllFiltersAreDisabled" storage="d:\actions-runner\_work\xpco\xpco\metadatasearch\plugin.tests\bin\debug\plugin.tests.dll" id="d008ea7c-7946-fcc4-ce52-21d8e24e6514">
      <Execution id="289228b7-c001-4324-9322-a5c4b2ef5e48" />
      <TestMethod codeBase="D:\actions-runner\_work\XPCO\XPCO\MetadataSearch\Plugin.Tests\bin\Debug\Plugin.Tests.dll" adapterTypeName="executor://mstestadapter/v2" className="VideoOS.MetadataSearch.Plugin.Configuration.Tests.MetadataCategoryTests" name="GetEnabledFilters_ShouldReturnEmptyCollection_WhenAllFiltersAreDisabled" />
    </UnitTest>
    <UnitTest name="IsMatch_ShouldReturnFalse_WhenClassIsMissingAndPropertiesAreMissing" storage="d:\actions-runner\_work\xpco\xpco\metadatasearch\plugin.tests\bin\debug\plugin.tests.dll" id="9d12b1c9-082e-453c-ce1a-ef9a889a54e6">
      <Execution id="7f154f73-dfb7-4acd-8dfd-4d7f402acdaa" />
      <TestMethod codeBase="D:\actions-runner\_work\XPCO\XPCO\MetadataSearch\Plugin.Tests\bin\Debug\Plugin.Tests.dll" adapterTypeName="executor://mstestadapter/v2" className="VideoOS.MetadataSearch.Plugin.Search.Tests.Predicates.CategorySearchPredicateTests" name="IsMatch_ShouldReturnCorrectResult" />
    </UnitTest>
    <UnitTest name="IsSet_ShouldBeFalse_WhenValueIsEmptyString" storage="d:\actions-runner\_work\xpco\xpco\metadatasearch\plugin.tests\bin\debug\plugin.tests.dll" id="39fef2cd-ac5e-2add-56e7-48f1bbc6f043">
      <Execution id="1a09b780-01d7-4469-b20a-d4cc706884b3" />
      <TestMethod codeBase="D:\actions-runner\_work\XPCO\XPCO\MetadataSearch\Plugin.Tests\bin\Debug\Plugin.Tests.dll" adapterTypeName="executor://mstestadapter/v2" className="VideoOS.MetadataSearch.Plugin.Search.FilterDefinitions.Tests.TextFilterDefinitionTests" name="IsSet_ShouldBeFalse_WhenValueIsInvalid" />
    </UnitTest>
    <UnitTest name="IsMatch_ShouldReturnFalse_WhenClassIsPartialHit" storage="d:\actions-runner\_work\xpco\xpco\metadatasearch\plugin.tests\bin\debug\plugin.tests.dll" id="b8e713b0-e424-b91d-eaad-d7c6c1adfcba">
      <Execution id="c6568a26-3e4c-4288-9503-4f3e12ca1ad5" />
      <TestMethod codeBase="D:\actions-runner\_work\XPCO\XPCO\MetadataSearch\Plugin.Tests\bin\Debug\Plugin.Tests.dll" adapterTypeName="executor://mstestadapter/v2" className="VideoOS.MetadataSearch.Plugin.Search.Tests.Predicates.CategorySearchPredicateTests" name="IsMatch_ShouldReturnCorrectResult" />
    </UnitTest>
    <UnitTest name="SearchingForHumans_ShouldReturnCorrectGroupedSequence" storage="d:\actions-runner\_work\xpco\xpco\metadatasearch\plugin.tests\bin\debug\plugin.tests.dll" id="6ee49bb0-e452-61ca-926c-b4a022bb2d2c">
      <Execution id="3ba045ad-ee4c-4ddb-81e2-5fb484374580" />
      <TestMethod codeBase="D:\actions-runner\_work\XPCO\XPCO\MetadataSearch\Plugin.Tests\bin\Debug\Plugin.Tests.dll" adapterTypeName="executor://mstestadapter/v2" className="VideoOS.MetadataSearch.Plugin.Tests.FunctionalTests.SearchTests" name="SearchingForHumans_ShouldReturnCorrectGroupedSequence" />
    </UnitTest>
    <UnitTest name="Deserialize_ShouldReturnFalse_WhenInputIsInvalid" storage="d:\actions-runner\_work\xpco\xpco\metadatasearch\plugin.tests\bin\debug\plugin.tests.dll" id="a020b393-815a-fe21-c070-1466a8ed63a6">
      <Execution id="d4c3c14f-8f19-41c4-86f5-c53c09eafbcb" />
      <TestMethod codeBase="D:\actions-runner\_work\XPCO\XPCO\MetadataSearch\Plugin.Tests\bin\Debug\Plugin.Tests.dll" adapterTypeName="executor://mstestadapter/v2" className="VideoOS.MetadataSearch.Plugin.Search.Filters.Tests.GeoCoordinatesFilterValueTests" name="Deserialize_ShouldReturnFalse_WhenInputIsInvalid" />
    </UnitTest>
    <UnitTest name="TryParseColor_ShouldReturn_CorrectResult (&lt;?xml version=&quot;1.0&quot;?&gt; &lt;tt:Color xmlns:tt=&quot;http://www.onvif.org/ver10/schema&quot; Z = &quot;400&quot; Y = &quot;169&quot; X = &quot;169&quot; Colorspace = &quot;RGB&quot; /&gt;,False)" storage="d:\actions-runner\_work\xpco\xpco\metadatasearch\plugin.tests\bin\debug\plugin.tests.dll" id="d55b7815-d829-5919-09b3-d89ab9a5012f">
      <Execution id="8a2735bb-d797-4c05-be2d-9cfe8191f3a0" />
      <TestMethod codeBase="D:\actions-runner\_work\XPCO\XPCO\MetadataSearch\Plugin.Tests\bin\Debug\Plugin.Tests.dll" adapterTypeName="executor://mstestadapter/v2" className="VideoOS.MetadataSearch.Plugin.Tests.Search.ColorHandling.OnvifColorParserTests" name="TryParseColor_ShouldReturn_CorrectResult" />
    </UnitTest>
    <UnitTest name="CreateValue_ShouldReturnNewGeoCoordinatesFilterValue" storage="d:\actions-runner\_work\xpco\xpco\metadatasearch\plugin.tests\bin\debug\plugin.tests.dll" id="df00f2a2-8dd6-7f1c-e1c7-cdfd2a7aa321">
      <Execution id="e59694d1-f202-4afa-94ae-32db368ad48c" />
      <TestMethod codeBase="D:\actions-runner\_work\XPCO\XPCO\MetadataSearch\Plugin.Tests\bin\Debug\Plugin.Tests.dll" adapterTypeName="executor://mstestadapter/v2" className="VideoOS.MetadataSearch.Plugin.Search.Filters.Tests.GeoCoordinatesSearchFilterTests" name="CreateValue_ShouldReturnNewGeoCoordinatesFilterValue" />
    </UnitTest>
    <UnitTest name="IsMatch_ShouldCompareDistanceCorrectly_WhenGivenValidPropertyValues (44.401012,-73.848847,45.549302,-73.632118,130,True)" storage="d:\actions-runner\_work\xpco\xpco\metadatasearch\plugin.tests\bin\debug\plugin.tests.dll" id="a45e84a9-9441-4c6e-5f47-d3e3ab1875f4">
      <Execution id="44bae296-24af-493e-af04-f44a36f41c5a" />
      <TestMethod codeBase="D:\actions-runner\_work\XPCO\XPCO\MetadataSearch\Plugin.Tests\bin\Debug\Plugin.Tests.dll" adapterTypeName="executor://mstestadapter/v2" className="VideoOS.MetadataSearch.Plugin.Tests.Search.Predicates.GeoCoordinatesPredicateTests" name="IsMatch_ShouldCompareDistanceCorrectly_WhenGivenValidPropertyValues" />
    </UnitTest>
    <UnitTest name="Parse_ShouldThrowNamespaceException_WhenUsingUndefinedNamespace (xyz)" storage="d:\actions-runner\_work\xpco\xpco\metadatasearch\plugin.tests\bin\debug\plugin.tests.dll" id="ff560f06-4b43-636c-19f0-b8b0482a5cbe">
      <Execution id="551b0fc6-2f13-4e4d-a71d-158bc598a83a" />
      <TestMethod codeBase="D:\actions-runner\_work\XPCO\XPCO\MetadataSearch\Plugin.Tests\bin\Debug\Plugin.Tests.dll" adapterTypeName="executor://mstestadapter/v2" className="VideoOS.MetadataSearch.Plugin.Tests.Data.DeviceProfileTests" name="Parse_ShouldThrowNamespaceException_WhenUsingUndefinedNamespace" />
    </UnitTest>
    <UnitTest name="TryParseColor_ShouldReturn_CorrectResult (&lt;?xml version=&quot;1.0&quot;?&gt; &lt;tt:Color xmlns:tt=&quot;http://www.onvif.org/ver10/schema&quot; Z = &quot;169&quot; Y = &quot;169&quot; X = &quot;169&quot; /&gt; ,True)" storage="d:\actions-runner\_work\xpco\xpco\metadatasearch\plugin.tests\bin\debug\plugin.tests.dll" id="46ca0726-a369-f193-6fc9-9d395c0e1a5f">
      <Execution id="1d094ade-b3f5-4f75-a39e-c012eee12670" />
      <TestMethod codeBase="D:\actions-runner\_work\XPCO\XPCO\MetadataSearch\Plugin.Tests\bin\Debug\Plugin.Tests.dll" adapterTypeName="executor://mstestadapter/v2" className="VideoOS.MetadataSearch.Plugin.Tests.Search.ColorHandling.OnvifColorParserTests" name="TryParseColor_ShouldReturn_CorrectResult" />
    </UnitTest>
    <UnitTest name="GetBuiltInPersonFilters_ShouldIncludeAge_WhenAgeFilterIsVisible" storage="d:\actions-runner\_work\xpco\xpco\metadatasearch\plugin.tests\bin\debug\plugin.tests.dll" id="f3a96a40-44b5-892e-469d-980fc130c6ee">
      <Execution id="f2661c73-910c-4e2c-ab44-3c192b884521" />
      <TestMethod codeBase="D:\actions-runner\_work\XPCO\XPCO\MetadataSearch\Plugin.Tests\bin\Debug\Plugin.Tests.dll" adapterTypeName="executor://mstestadapter/v2" className="VideoOS.MetadataSearch.Plugin.Configuration.Tests.MetadataCategoryTests" name="GetBuiltInPersonFilters_ShouldIncludeAge_WhenAgeFilterIsVisible" />
    </UnitTest>
    <UnitTest name="Constructors_ShouldNotAllowInjectionOfNulls" storage="d:\actions-runner\_work\xpco\xpco\metadatasearch\plugin.tests\bin\debug\plugin.tests.dll" id="f9f3012a-eb0a-d94a-26f7-f14f0af44576">
      <Execution id="8c9a0ff9-70bc-4c4b-82a8-4c2620532c47" />
      <TestMethod codeBase="D:\actions-runner\_work\XPCO\XPCO\MetadataSearch\Plugin.Tests\bin\Debug\Plugin.Tests.dll" adapterTypeName="executor://mstestadapter/v2" className="VideoOS.MetadataSearch.Plugin.Tests.Search.Predicates.GeoCoordinatesPredicateTests" name="Constructors_ShouldNotAllowInjectionOfNulls" />
    </UnitTest>
    <UnitTest name="GetSearchPredicate_ShouldCallFactoryWithValueFromValueProvider" storage="d:\actions-runner\_work\xpco\xpco\metadatasearch\plugin.tests\bin\debug\plugin.tests.dll" id="9dffeaf5-3c04-9b65-28b8-eebb297c98d7">
      <Execution id="24778397-6a93-4721-99e3-33f2244bc74f" />
      <TestMethod codeBase="D:\actions-runner\_work\XPCO\XPCO\MetadataSearch\Plugin.Tests\bin\Debug\Plugin.Tests.dll" adapterTypeName="executor://mstestadapter/v2" className="VideoOS.MetadataSearch.Plugin.Search.FilterDefinitions.Tests.RangeFilterDefinitionTests" name="GetSearchPredicate_ShouldCallFactoryWithValueFromValueProvider" />
    </UnitTest>
    <UnitTest name="ParsingShouldGenerateOnlyOneObject" storage="d:\actions-runner\_work\xpco\xpco\metadatasearch\plugin.tests\bin\debug\plugin.tests.dll" id="8b9dd64c-a604-c45d-c8b1-ae6e34fb50fb">
      <Execution id="188e8579-4a9a-480d-b613-c0685793c02c" />
      <TestMethod codeBase="D:\actions-runner\_work\XPCO\XPCO\MetadataSearch\Plugin.Tests\bin\Debug\Plugin.Tests.dll" adapterTypeName="executor://mstestadapter/v2" className="VideoOS.MetadataSearch.Plugin.Tests.FunctionalTests.XmlParsingTests" name="ParsingShouldGenerateOnlyOneObject" />
    </UnitTest>
    <UnitTest name="IsMatch_ShouldComparecolorCorrectly_WhenGivenValidPropertyValues (white,Red,red,True)" storage="d:\actions-runner\_work\xpco\xpco\metadatasearch\plugin.tests\bin\debug\plugin.tests.dll" id="21b24ead-c473-1e4e-ffbc-f0ab0c62907e">
      <Execution id="2fa49f2e-66fe-4861-adc3-44d919c3110e" />
      <TestMethod codeBase="D:\actions-runner\_work\XPCO\XPCO\MetadataSearch\Plugin.Tests\bin\Debug\Plugin.Tests.dll" adapterTypeName="executor://mstestadapter/v2" className="VideoOS.MetadataSearch.Plugin.Tests.Search.Predicates.ColorPredicateTests" name="IsMatch_ShouldComparecolorCorrectly_WhenGivenValidPropertyValues" />
    </UnitTest>
    <UnitTest name="Constructors_ShouldNotAllowInjectionOfNulls" storage="d:\actions-runner\_work\xpco\xpco\metadatasearch\plugin.tests\bin\debug\plugin.tests.dll" id="3c71a71a-64e9-0c40-7c68-aae717f8ecc4">
      <Execution id="8954af5f-c0a0-4e73-9c2f-25e314135728" />
      <TestMethod codeBase="D:\actions-runner\_work\XPCO\XPCO\MetadataSearch\Plugin.Tests\bin\Debug\Plugin.Tests.dll" adapterTypeName="executor://mstestadapter/v2" className="VideoOS.MetadataSearch.Plugin.Search.FilterDefinitions.Tests.TextFilterDefinitionTests" name="Constructors_ShouldNotAllowInjectionOfNulls" />
    </UnitTest>
    <UnitTest name="IsMatch_ShouldCompareDistanceCorrectly_WhenGivenValidPropertyValues (44.401012,55.211361,-73.848847,-84.959958,44.400888,-73.849034,0.1,True)" storage="d:\actions-runner\_work\xpco\xpco\metadatasearch\plugin.tests\bin\debug\plugin.tests.dll" id="c7d0d433-8fb4-b311-73f3-25f624bf7e4f">
      <Execution id="c4de142d-7c45-48ee-a341-16c635af7cd0" />
      <TestMethod codeBase="D:\actions-runner\_work\XPCO\XPCO\MetadataSearch\Plugin.Tests\bin\Debug\Plugin.Tests.dll" adapterTypeName="executor://mstestadapter/v2" className="VideoOS.MetadataSearch.Plugin.Tests.Search.Predicates.GeoCoordinatesPredicateTests" name="IsMatch_ShouldCompareDistanceCorrectly_WhenGivenValidPropertyValues" />
    </UnitTest>
    <UnitTest name="IsMatch_ShouldCompareDistanceCorrectly_WhenGivenValidPropertyValues (44.401012,-73.848847,44.378859,-73.834729,2.72,True)" storage="d:\actions-runner\_work\xpco\xpco\metadatasearch\plugin.tests\bin\debug\plugin.tests.dll" id="3d846fdd-cac0-f6b0-bd5c-acbce67091e3">
      <Execution id="935e0912-869a-4b40-b4e9-55b4c87954cc" />
      <TestMethod codeBase="D:\actions-runner\_work\XPCO\XPCO\MetadataSearch\Plugin.Tests\bin\Debug\Plugin.Tests.dll" adapterTypeName="executor://mstestadapter/v2" className="VideoOS.MetadataSearch.Plugin.Tests.Search.Predicates.GeoCoordinatesPredicateTests" name="IsMatch_ShouldCompareDistanceCorrectly_WhenGivenValidPropertyValues" />
    </UnitTest>
    <UnitTest name="FallbackDisplayValue_ShouldReturnStringWithAllTheValues" storage="d:\actions-runner\_work\xpco\xpco\metadatasearch\plugin.tests\bin\debug\plugin.tests.dll" id="1198cd49-d17f-f7fe-663c-17c2d2fa73bb">
      <Execution id="5660349b-1c8b-46cf-806d-078fa5dc7973" />
      <TestMethod codeBase="D:\actions-runner\_work\XPCO\XPCO\MetadataSearch\Plugin.Tests\bin\Debug\Plugin.Tests.dll" adapterTypeName="executor://mstestadapter/v2" className="VideoOS.MetadataSearch.Plugin.Search.Filters.Tests.GeoCoordinatesFilterValueTests" name="FallbackDisplayValue_ShouldReturnStringWithAllTheValues" />
    </UnitTest>
    <UnitTest name="DoSearch_ShouldFindPeople_WhenClassIsPeople" storage="d:\actions-runner\_work\xpco\xpco\metadatasearch\plugin.tests\bin\debug\plugin.tests.dll" id="1c6c1ac8-e79d-2b72-ded6-e5c6615f559e">
      <Execution id="311b2949-b940-45d3-b553-b7e8802e9fc4" />
      <TestMethod codeBase="D:\actions-runner\_work\XPCO\XPCO\MetadataSearch\Plugin.Tests\bin\Debug\Plugin.Tests.dll" adapterTypeName="executor://mstestadapter/v2" className="VideoOS.MetadataSearch.Plugin.Tests.FunctionalTests.FullPluginTests" name="DoSearch_ShouldFindPeopleCategory" />
    </UnitTest>
    <UnitTest name="BoundingShape_ShouldReturnNull_WhenObjectIdIncludedInXml" storage="d:\actions-runner\_work\xpco\xpco\metadatasearch\plugin.tests\bin\debug\plugin.tests.dll" id="31f6c340-8f74-bf05-8d87-89447c5395e8">
      <Execution id="30d05cdc-d9ca-4b45-9386-0c9e83140d56" />
      <TestMethod codeBase="D:\actions-runner\_work\XPCO\XPCO\MetadataSearch\Plugin.Tests\bin\Debug\Plugin.Tests.dll" adapterTypeName="executor://mstestadapter/v2" className="VideoOS.MetadataSearch.Plugin.Tests.MetadataBoundingShapeTests" name="BoundingShape_ShouldReturnNull_WhenObjectIdIncludedInXml" />
    </UnitTest>
    <UnitTest name="IsMatch_ShouldReturnTrue_WhenAnyClassIsPresent" storage="d:\actions-runner\_work\xpco\xpco\metadatasearch\plugin.tests\bin\debug\plugin.tests.dll" id="d8c2e320-6190-1b72-f66d-bb30497b2432">
      <Execution id="070d9b71-0e43-4e69-9859-bbd21c42c145" />
      <TestMethod codeBase="D:\actions-runner\_work\XPCO\XPCO\MetadataSearch\Plugin.Tests\bin\Debug\Plugin.Tests.dll" adapterTypeName="executor://mstestadapter/v2" className="VideoOS.MetadataSearch.Plugin.Search.Tests.Predicates.CategorySearchPredicateTests" name="IsMatch_ShouldReturnCorrectResult" />
    </UnitTest>
    <UnitTest name="GetValue_ShouldReturnAValue_WhenCalledWithKnownVehicleTypeIds (e3e361ea-8750-4b83-b503-d78ddacd1fe0)" storage="d:\actions-runner\_work\xpco\xpco\metadatasearch\plugin.tests\bin\debug\plugin.tests.dll" id="817b77eb-bf56-7bdc-eb38-c60ea94fbfb5">
      <Execution id="48dc6da5-a413-4307-8cdd-de2924ff46a3" />
      <TestMethod codeBase="D:\actions-runner\_work\XPCO\XPCO\MetadataSearch\Plugin.Tests\bin\Debug\Plugin.Tests.dll" adapterTypeName="executor://mstestadapter/v2" className="VideoOS.MetadataSearch.Common.Tests.VehicleTypesTests" name="GetValue_ShouldReturnAValue_WhenCalledWithKnownVehicleTypeIds" />
    </UnitTest>
    <UnitTest name="GetBoundingBox_ShouldClipBoundingShape_WhenGivenCoordinatesThatFallOutsideRange (0.73,0,0.14,0.75)" storage="d:\actions-runner\_work\xpco\xpco\metadatasearch\plugin.tests\bin\debug\plugin.tests.dll" id="4c871f69-a914-b0d2-8d33-43029baf7204">
      <Execution id="0a10ecfc-0d6a-4d6d-843b-bea8761e4fdc" />
      <TestMethod codeBase="D:\actions-runner\_work\XPCO\XPCO\MetadataSearch\Plugin.Tests\bin\Debug\Plugin.Tests.dll" adapterTypeName="executor://mstestadapter/v2" className="VideoOS.MetadataSearch.Plugin.Tests.MetadataBoundingShapeTests" name="GetBoundingBox_ShouldClipBoundingShape_WhenGivenCoordinatesThatFallOutsideRange" />
    </UnitTest>
    <UnitTest name="GetBoundingPolygon_ShouldReturnPolygonsInSmartClientCoordinateSystem_WhenGivenOnvifCoordinateSystem (System.Double[])" storage="d:\actions-runner\_work\xpco\xpco\metadatasearch\plugin.tests\bin\debug\plugin.tests.dll" id="98151138-966d-edaa-0ea5-0884f806fbe3">
      <Execution id="8e310103-7108-401a-bf2d-f3c7982016c9" />
      <TestMethod codeBase="D:\actions-runner\_work\XPCO\XPCO\MetadataSearch\Plugin.Tests\bin\Debug\Plugin.Tests.dll" adapterTypeName="executor://mstestadapter/v2" className="VideoOS.MetadataSearch.Plugin.Tests.MetadataBoundingShapeTests" name="GetBoundingPolygon_ShouldReturnPolygonsInSmartClientCoordinateSystem_WhenGivenOnvifCoordinateSystem" />
    </UnitTest>
    <UnitTest name="TryParseColor_ShouldReturn_CorrectResult (&lt;?xml version=&quot;1.0&quot;?&gt; &lt;tt:Color xmlns:tt=&quot;http://www.onvif.org/ver10/schema&quot; Z = &quot;400&quot; Y = &quot;169&quot; X = &quot;169&quot; Colorspace = &quot;YCbCr&quot; /&gt;,False)" storage="d:\actions-runner\_work\xpco\xpco\metadatasearch\plugin.tests\bin\debug\plugin.tests.dll" id="8669e8bd-171b-0309-d338-338ea257b72c">
      <Execution id="ca1f3775-cd3a-446a-8ed9-e3b40708adcc" />
      <TestMethod codeBase="D:\actions-runner\_work\XPCO\XPCO\MetadataSearch\Plugin.Tests\bin\Debug\Plugin.Tests.dll" adapterTypeName="executor://mstestadapter/v2" className="VideoOS.MetadataSearch.Plugin.Tests.Search.ColorHandling.OnvifColorParserTests" name="TryParseColor_ShouldReturn_CorrectResult" />
    </UnitTest>
    <UnitTest name="IsMatch_ShouldReturnTrue_WhenValueEqualsLowValue" storage="d:\actions-runner\_work\xpco\xpco\metadatasearch\plugin.tests\bin\debug\plugin.tests.dll" id="e1ffa54c-eb80-0f12-fd51-b14ee6e33404">
      <Execution id="6fab8eb5-8097-4eef-8ed9-9e2bb638d8f1" />
      <TestMethod codeBase="D:\actions-runner\_work\XPCO\XPCO\MetadataSearch\Plugin.Tests\bin\Debug\Plugin.Tests.dll" adapterTypeName="executor://mstestadapter/v2" className="VideoOS.MetadataSearch.Plugin.Tests.Search.Predicates.RangeSearchPredicateTests" name="IsMatch_ShouldWorkJustFine" />
    </UnitTest>
    <UnitTest name="GetMatchingObjects_ShouldReturnMatchingObject_IfItContainsAny" storage="d:\actions-runner\_work\xpco\xpco\metadatasearch\plugin.tests\bin\debug\plugin.tests.dll" id="a2d0f19c-1f20-39e9-8df1-851eaee0c877">
      <Execution id="719c5030-551a-4f62-9874-7a190ccd0830" />
      <TestMethod codeBase="D:\actions-runner\_work\XPCO\XPCO\MetadataSearch\Plugin.Tests\bin\Debug\Plugin.Tests.dll" adapterTypeName="executor://mstestadapter/v2" className="VideoOS.MetadataSearch.Plugin.Tests.Data.MetadataFrameTests" name="GetMatchingObjects_ShouldReturnMatchingObject_IfItContainsAny" />
    </UnitTest>
    <UnitTest name="IsMatch_ShouldReturnTrue_WhenObjectElementHasFullyMatchingClassWithCaseMissmatchInPropertyValue" storage="d:\actions-runner\_work\xpco\xpco\metadatasearch\plugin.tests\bin\debug\plugin.tests.dll" id="60e80acb-4b4f-9012-dd83-8197d27088df">
      <Execution id="2a15a419-94af-4b0f-9678-828523df2f58" />
      <TestMethod codeBase="D:\actions-runner\_work\XPCO\XPCO\MetadataSearch\Plugin.Tests\bin\Debug\Plugin.Tests.dll" adapterTypeName="executor://mstestadapter/v2" className="VideoOS.MetadataSearch.Plugin.Tests.Search.Predicates.PartialMatchSearchPredicateTests" name="IsMatch_ShouldWorkCorrectly" />
    </UnitTest>
    <UnitTest name="TryParseColor_ShouldReturn_CorrectResult (blue,True)" storage="d:\actions-runner\_work\xpco\xpco\metadatasearch\plugin.tests\bin\debug\plugin.tests.dll" id="d39aff74-8c42-bf59-caa2-c3772e0bdee4">
      <Execution id="67fc8009-16a7-4194-9f7c-9c8b4c2108e2" />
      <TestMethod codeBase="D:\actions-runner\_work\XPCO\XPCO\MetadataSearch\Plugin.Tests\bin\Debug\Plugin.Tests.dll" adapterTypeName="executor://mstestadapter/v2" className="VideoOS.MetadataSearch.Plugin.Tests.Search.ColorHandling.MilestoneColorParserTests" name="TryParseColor_ShouldReturn_CorrectResult" />
    </UnitTest>
    <UnitTest name="GetMatchingObjects_ShouldReturnEmptyCollection_IfItContainsNoObjects" storage="d:\actions-runner\_work\xpco\xpco\metadatasearch\plugin.tests\bin\debug\plugin.tests.dll" id="9d10d3f2-3073-a06b-e5b7-c3d98c547c35">
      <Execution id="fea1b8fd-16f2-41d0-85d4-88ffd9466a85" />
      <TestMethod codeBase="D:\actions-runner\_work\XPCO\XPCO\MetadataSearch\Plugin.Tests\bin\Debug\Plugin.Tests.dll" adapterTypeName="executor://mstestadapter/v2" className="VideoOS.MetadataSearch.Plugin.Tests.Data.MetadataFrameTests" name="GetMatchingObjects_ShouldReturnEmptyCollection_IfItContainsNoObjects" />
    </UnitTest>
    <UnitTest name="ResetValue_ShouldThrowException_WhenValueIsNotSelectionFilterValue" storage="d:\actions-runner\_work\xpco\xpco\metadatasearch\plugin.tests\bin\debug\plugin.tests.dll" id="82d24403-7845-d860-1c38-6d3acb1891b0">
      <Execution id="30ad2e9a-ef61-4384-b2df-0fc5676dffc3" />
      <TestMethod codeBase="D:\actions-runner\_work\XPCO\XPCO\MetadataSearch\Plugin.Tests\bin\Debug\Plugin.Tests.dll" adapterTypeName="executor://mstestadapter/v2" className="VideoOS.MetadataSearch.Plugin.Search.Filters.Tests.ListSelectionSearchFilterTests" name="ResetValue_ShouldThrowException_WhenValueIsNotSelectionFilterValue" />
    </UnitTest>
    <UnitTest name="GetFilterValues_ShouldReturnLicensePlateValues_WhenValueIsValid" storage="d:\actions-runner\_work\xpco\xpco\metadatasearch\plugin.tests\bin\debug\plugin.tests.dll" id="59ae0831-de2b-eb5f-53e6-48eefe23d498">
      <Execution id="45780073-60a5-4da5-a207-33e04286764e" />
      <TestMethod codeBase="D:\actions-runner\_work\XPCO\XPCO\MetadataSearch\Plugin.Tests\bin\Debug\Plugin.Tests.dll" adapterTypeName="executor://mstestadapter/v2" className="VideoOS.MetadataSearch.Plugin.Search.FilterValueProviders.Tests.LicensePlateValueProviderTests" name="GetFilterValues_ShouldReturnLicensePlateValues_WhenValueIsValid" />
    </UnitTest>
    <UnitTest name="IsMatch_ShouldReturnFalse_WhenPropertyIsNotPresent" storage="d:\actions-runner\_work\xpco\xpco\metadatasearch\plugin.tests\bin\debug\plugin.tests.dll" id="e2c3c3ed-baa6-bf03-a21a-f2de5cbab20b">
      <Execution id="76e9498b-7b90-4b07-91e3-fc2e9e225d44" />
      <TestMethod codeBase="D:\actions-runner\_work\XPCO\XPCO\MetadataSearch\Plugin.Tests\bin\Debug\Plugin.Tests.dll" adapterTypeName="executor://mstestadapter/v2" className="VideoOS.MetadataSearch.Plugin.Tests.Search.Predicates.RangeSearchPredicateTests" name="IsMatch_ShouldWorkJustFine" />
    </UnitTest>
    <UnitTest name="Parse_ShouldUseNamespaceDictionaryToLookup_WhenGivenNonEmptyNamespaceCollection (xyz)" storage="d:\actions-runner\_work\xpco\xpco\metadatasearch\plugin.tests\bin\debug\plugin.tests.dll" id="43066919-b5f1-9fa5-bab8-3882b0953a51">
      <Execution id="b3662705-e401-4b37-b0f9-1402a9a5551c" />
      <TestMethod codeBase="D:\actions-runner\_work\XPCO\XPCO\MetadataSearch\Plugin.Tests\bin\Debug\Plugin.Tests.dll" adapterTypeName="executor://mstestadapter/v2" className="VideoOS.MetadataSearch.Plugin.Tests.Data.DeviceProfileTests" name="Parse_ShouldUseNamespaceDictionaryToLookup_WhenGivenNonEmptyNamespaceCollection" />
    </UnitTest>
    <UnitTest name="GetFilterValues_ShouldReturnEmptyEnumeration_WhenValueIsEmpty" storage="d:\actions-runner\_work\xpco\xpco\metadatasearch\plugin.tests\bin\debug\plugin.tests.dll" id="e3176b8a-be66-d0ad-14ec-c6e732fd4611">
      <Execution id="d2707031-05e2-4d72-ade8-77e54a477fd5" />
      <TestMethod codeBase="D:\actions-runner\_work\XPCO\XPCO\MetadataSearch\Plugin.Tests\bin\Debug\Plugin.Tests.dll" adapterTypeName="executor://mstestadapter/v2" className="VideoOS.MetadataSearch.Plugin.Search.FilterValueProviders.Tests.VehicleColorValueProviderTests" name="GetFilterValues_ShouldReturnEmptyEnumeration_WhenValueIsEmpty" />
    </UnitTest>
    <UnitTest name="Constructors_ShouldNotAllowInjectionOfNulls" storage="d:\actions-runner\_work\xpco\xpco\metadatasearch\plugin.tests\bin\debug\plugin.tests.dll" id="1236468a-4c51-72ef-bd09-269985382945">
      <Execution id="26886f3e-eb65-427e-90f6-6d3ec213cdae" />
      <TestMethod codeBase="D:\actions-runner\_work\XPCO\XPCO\MetadataSearch\Plugin.Tests\bin\Debug\Plugin.Tests.dll" adapterTypeName="executor://mstestadapter/v2" className="VideoOS.MetadataSearch.Plugin.Configuration.Tests.MetadataFilterTests" name="Constructors_ShouldNotAllowInjectionOfNulls" />
    </UnitTest>
    <UnitTest name="IsSet_ShouldBeFalse_WhenValueProviderHasNoValues" storage="d:\actions-runner\_work\xpco\xpco\metadatasearch\plugin.tests\bin\debug\plugin.tests.dll" id="59dac37e-2ea8-9db7-5b85-e17ebf1e786c">
      <Execution id="94db8941-2ac8-46f3-bf09-7b9cf9abcc4b" />
      <TestMethod codeBase="D:\actions-runner\_work\XPCO\XPCO\MetadataSearch\Plugin.Tests\bin\Debug\Plugin.Tests.dll" adapterTypeName="executor://mstestadapter/v2" className="VideoOS.MetadataSearch.Plugin.Search.FilterDefinitions.Tests.GeoCoordinatesFilterDefinitionTests" name="IsSet_ShouldBeFalse_WhenValueProviderHasNoValues" />
    </UnitTest>
    <UnitTest name="Constructors_ShouldNotAllowInjectionOfNulls" storage="d:\actions-runner\_work\xpco\xpco\metadatasearch\plugin.tests\bin\debug\plugin.tests.dll" id="fbc80e7a-8473-118b-62b8-644255659168">
      <Execution id="b21d3ea7-0809-444c-846f-7690f58fa971" />
      <TestMethod codeBase="D:\actions-runner\_work\XPCO\XPCO\MetadataSearch\Plugin.Tests\bin\Debug\Plugin.Tests.dll" adapterTypeName="executor://mstestadapter/v2" className="VideoOS.MetadataSearch.Plugin.Search.Filters.Tests.RangeSearchFilterTests" name="Constructors_ShouldNotAllowInjectionOfNulls" />
    </UnitTest>
    <UnitTest name="ProcessNewFrame_ShouldReturnSequences_WhenObjectNotSeenOnLastFrame" storage="d:\actions-runner\_work\xpco\xpco\metadatasearch\plugin.tests\bin\debug\plugin.tests.dll" id="08b1bf9e-be72-ae61-10ac-a223a01bc21f">
      <Execution id="9a36122f-0f82-4b61-a32b-d3596abb872f" />
      <TestMethod codeBase="D:\actions-runner\_work\XPCO\XPCO\MetadataSearch\Plugin.Tests\bin\Debug\Plugin.Tests.dll" adapterTypeName="executor://mstestadapter/v2" className="VideoOS.MetadataSearch.Plugin.Tests.Search.SequenceBuilderTests" name="ProcessNewFrame_ShouldReturnSequences_WhenObjectNotSeenOnLastFrame" />
    </UnitTest>
    <UnitTest name="IsMatch_ShouldReturnCorrectMatchingProperties_WhenObjectElementHasPartiallyMatchingPropertyRegardsOfOrderIsFirst" storage="d:\actions-runner\_work\xpco\xpco\metadatasearch\plugin.tests\bin\debug\plugin.tests.dll" id="05a0b56b-824a-235d-7575-9dc9bb5e2ed7">
      <Execution id="64d70091-8544-498b-8335-89885bfea840" />
      <TestMethod codeBase="D:\actions-runner\_work\XPCO\XPCO\MetadataSearch\Plugin.Tests\bin\Debug\Plugin.Tests.dll" adapterTypeName="executor://mstestadapter/v2" className="VideoOS.MetadataSearch.Plugin.Tests.Search.Predicates.PartialMatchSearchPredicateTests" name="IsMatch_ShouldWorkCorrectly" />
    </UnitTest>
    <UnitTest name="GetBoundingBox_ShouldReturnBoundingShapeInSmartClientCoordinateSystem_WhenGivenOnvifCoordinateSystem (0.73,0.245,0.14,0.505)" storage="d:\actions-runner\_work\xpco\xpco\metadatasearch\plugin.tests\bin\debug\plugin.tests.dll" id="8cabdb07-673a-5d18-1dcc-cca760c80f50">
      <Execution id="c78b314e-d2a6-4185-aec5-f14b7b85c07c" />
      <TestMethod codeBase="D:\actions-runner\_work\XPCO\XPCO\MetadataSearch\Plugin.Tests\bin\Debug\Plugin.Tests.dll" adapterTypeName="executor://mstestadapter/v2" className="VideoOS.MetadataSearch.Plugin.Tests.MetadataBoundingShapeTests" name="GetBoundingBox_ShouldReturnBoundingShapeInSmartClientCoordinateSystem_WhenGivenOnvifCoordinateSystem" />
    </UnitTest>
    <UnitTest name="GetFilterValues_ShouldReturnEmptyEnumeration_WhenValueIsNull" storage="d:\actions-runner\_work\xpco\xpco\metadatasearch\plugin.tests\bin\debug\plugin.tests.dll" id="ff7a89d5-2ad1-f7d4-61e5-9da8eeef957d">
      <Execution id="a651e303-888b-4b63-a8d7-6e99a93532bd" />
      <TestMethod codeBase="D:\actions-runner\_work\XPCO\XPCO\MetadataSearch\Plugin.Tests\bin\Debug\Plugin.Tests.dll" adapterTypeName="executor://mstestadapter/v2" className="VideoOS.MetadataSearch.Plugin.Search.FilterValueProviders.Tests.ListSelectionValueProviderTests" name="GetFilterValues_ShouldReturnEmptyEnumeration_WhenValueIsNull" />
    </UnitTest>
    <UnitTest name="GetFilterValues_ShouldReturnEmptyEnumeration_WhenValueIsNull" storage="d:\actions-runner\_work\xpco\xpco\metadatasearch\plugin.tests\bin\debug\plugin.tests.dll" id="05b207a0-127a-402c-e97d-064a61ed8417">
      <Execution id="9d34fc66-6429-477e-bd83-2792cb3ea326" />
      <TestMethod codeBase="D:\actions-runner\_work\XPCO\XPCO\MetadataSearch\Plugin.Tests\bin\Debug\Plugin.Tests.dll" adapterTypeName="executor://mstestadapter/v2" className="VideoOS.MetadataSearch.Plugin.Search.FilterValueProviders.Tests.RangeFilterValueProviderTests" name="GetFilterValues_ShouldReturnEmptyEnumeration_WhenValueIsNull" />
    </UnitTest>
    <UnitTest name="IsMatch_ShouldReturnTrue_WhenAnyClassIsPresent" storage="d:\actions-runner\_work\xpco\xpco\metadatasearch\plugin.tests\bin\debug\plugin.tests.dll" id="2a169332-c89e-b0ad-5290-2cc42d47ba08">
      <Execution id="96c18967-7127-40fb-a677-249420fb32bb" />
      <TestMethod codeBase="D:\actions-runner\_work\XPCO\XPCO\MetadataSearch\Plugin.Tests\bin\Debug\Plugin.Tests.dll" adapterTypeName="executor://mstestadapter/v2" className="VideoOS.MetadataSearch.Plugin.Search.Tests.Predicates.CategorySearchPredicateTests" name="IsMatch_ShouldReturnCorrectResult" />
    </UnitTest>
    <UnitTest name="IsSet_ShouldBeFalse_WhenValueIsNull" storage="d:\actions-runner\_work\xpco\xpco\metadatasearch\plugin.tests\bin\debug\plugin.tests.dll" id="a002aa07-fe8b-e44c-e8cc-f84260c4048a">
      <Execution id="3e79a7be-da51-4a48-bd67-1c1c26673263" />
      <TestMethod codeBase="D:\actions-runner\_work\XPCO\XPCO\MetadataSearch\Plugin.Tests\bin\Debug\Plugin.Tests.dll" adapterTypeName="executor://mstestadapter/v2" className="VideoOS.MetadataSearch.Plugin.Search.FilterDefinitions.Tests.TextFilterDefinitionTests" name="IsSet_ShouldBeFalse_WhenValueIsInvalid" />
    </UnitTest>
    <UnitTest name="GetValue_ShouldReturnAValue_WhenCalledWithKnownFilterIds (489a1205-5119-40b7-b1ba-c9a3f6dc2e92)" storage="d:\actions-runner\_work\xpco\xpco\metadatasearch\plugin.tests\bin\debug\plugin.tests.dll" id="a006c8c5-5fc9-d8c0-bf2b-0aa03737e1af">
      <Execution id="0d590dd8-ebeb-4e9c-aae0-0973fb5d3d04" />
      <TestMethod codeBase="D:\actions-runner\_work\XPCO\XPCO\MetadataSearch\Plugin.Tests\bin\Debug\Plugin.Tests.dll" adapterTypeName="executor://mstestadapter/v2" className="VideoOS.MetadataSearch.Common.Tests.FiltersTests" name="GetValue_ShouldReturnAValue_WhenCalledWithKnownFilterIds" />
    </UnitTest>
    <UnitTest name="Dispose_ShouldClosePlaybackSource" storage="d:\actions-runner\_work\xpco\xpco\metadatasearch\plugin.tests\bin\debug\plugin.tests.dll" id="059c606f-3d60-53df-72c9-24d2e6e21c99">
      <Execution id="e2794ade-17e4-48db-b977-351055cb3c18" />
      <TestMethod codeBase="D:\actions-runner\_work\XPCO\XPCO\MetadataSearch\Plugin.Tests\bin\Debug\Plugin.Tests.dll" adapterTypeName="executor://mstestadapter/v2" className="VideoOS.MetadataSearch.Plugin.Tests.SearchAgent.MIPMetadataObjectSourceTests" name="Dispose_ShouldClosePlaybackSource" />
    </UnitTest>
    <UnitTest name="GetValue_ShouldAlwaysReturnAValidString" storage="d:\actions-runner\_work\xpco\xpco\metadatasearch\plugin.tests\bin\debug\plugin.tests.dll" id="fbe66c33-cc97-ad02-071b-4f8342a00418">
      <Execution id="f3ce6196-f1e1-4cfb-abbf-fcc4df2edfd7" />
      <TestMethod codeBase="D:\actions-runner\_work\XPCO\XPCO\MetadataSearch\Plugin.Tests\bin\Debug\Plugin.Tests.dll" adapterTypeName="executor://mstestadapter/v2" className="VideoOS.MetadataSearch.Common.Tests.FaceTests" name="GetValue_ShouldAlwaysReturnAValidString" />
    </UnitTest>
    <UnitTest name="GetSearchPredicate_ShouldThrowException_WhenValueIsInvalid" storage="d:\actions-runner\_work\xpco\xpco\metadatasearch\plugin.tests\bin\debug\plugin.tests.dll" id="07889f0a-a2d0-659d-2063-b520e6f36367">
      <Execution id="3a5360ae-6267-49ce-8452-00948d4adcc8" />
      <TestMethod codeBase="D:\actions-runner\_work\XPCO\XPCO\MetadataSearch\Plugin.Tests\bin\Debug\Plugin.Tests.dll" adapterTypeName="executor://mstestadapter/v2" className="VideoOS.MetadataSearch.Plugin.Search.FilterDefinitions.Tests.GeoCoordinatesFilterDefinitionTests" name="GetSearchPredicate_ShouldThrowException_WhenValueIsInvalid" />
    </UnitTest>
    <UnitTest name="TryParseColor_ShouldReturn_CorrectResult (,False)" storage="d:\actions-runner\_work\xpco\xpco\metadatasearch\plugin.tests\bin\debug\plugin.tests.dll" id="2a1acbde-48f0-baca-6a56-3f8f9f063c87">
      <Execution id="9a105fd4-3ea3-474e-9870-1ff91f6ce15c" />
      <TestMethod codeBase="D:\actions-runner\_work\XPCO\XPCO\MetadataSearch\Plugin.Tests\bin\Debug\Plugin.Tests.dll" adapterTypeName="executor://mstestadapter/v2" className="VideoOS.MetadataSearch.Plugin.Tests.Search.ColorHandling.MilestoneColorParserTests" name="TryParseColor_ShouldReturn_CorrectResult" />
    </UnitTest>
    <UnitTest name="Reset_ShouldMakeIsResetTrue" storage="d:\actions-runner\_work\xpco\xpco\metadatasearch\plugin.tests\bin\debug\plugin.tests.dll" id="886227de-8ea1-2ab6-c107-f15ffa23f1e2">
      <Execution id="4e93dda3-c909-4711-83b9-a39f467fb0b0" />
      <TestMethod codeBase="D:\actions-runner\_work\XPCO\XPCO\MetadataSearch\Plugin.Tests\bin\Debug\Plugin.Tests.dll" adapterTypeName="executor://mstestadapter/v2" className="VideoOS.MetadataSearch.Plugin.Search.Filters.Tests.GeoCoordinatesFilterValueTests" name="Reset_ShouldMakeIsResetTrue" />
    </UnitTest>
    <UnitTest name="GetFrames_ShouldReturnFramesInTheSpecifiedTimeRange (True)" storage="d:\actions-runner\_work\xpco\xpco\metadatasearch\plugin.tests\bin\debug\plugin.tests.dll" id="2b8047c1-d301-a5ca-65e6-92f6b8de82c4">
      <Execution id="9d930ec8-11f9-45f5-9c08-11f8c11d2cda" />
      <TestMethod codeBase="D:\actions-runner\_work\XPCO\XPCO\MetadataSearch\Plugin.Tests\bin\Debug\Plugin.Tests.dll" adapterTypeName="executor://mstestadapter/v2" className="VideoOS.MetadataSearch.Plugin.Tests.SearchAgent.MIPMetadataObjectSourceTests" name="GetFrames_ShouldReturnFramesInTheSpecifiedTimeRange" />
    </UnitTest>
    <UnitTest name="GetBuiltInVehicleFilters_ShouldReturnNone_WhenThereAreNoFilters" storage="d:\actions-runner\_work\xpco\xpco\metadatasearch\plugin.tests\bin\debug\plugin.tests.dll" id="86772793-9b9c-cd53-07e7-ef942f102493">
      <Execution id="4c35183a-4a92-484e-b4c5-fa4e0cdfe8c4" />
      <TestMethod codeBase="D:\actions-runner\_work\XPCO\XPCO\MetadataSearch\Plugin.Tests\bin\Debug\Plugin.Tests.dll" adapterTypeName="executor://mstestadapter/v2" className="VideoOS.MetadataSearch.Plugin.Configuration.Tests.MetadataCategoryTests" name="GetBuiltInVehicleFilters_ShouldReturnNone_WhenThereAreNoFilters" />
    </UnitTest>
    <UnitTest name="IsMatch_ShouldReturnFalse_WhenObjectElementPropertyWithDifferentValue" storage="d:\actions-runner\_work\xpco\xpco\metadatasearch\plugin.tests\bin\debug\plugin.tests.dll" id="4ec0f1dc-5ce3-d774-1746-20005e913961">
      <Execution id="0fbf98b5-e7d8-499a-968a-7a28f0b81fbe" />
      <TestMethod codeBase="D:\actions-runner\_work\XPCO\XPCO\MetadataSearch\Plugin.Tests\bin\Debug\Plugin.Tests.dll" adapterTypeName="executor://mstestadapter/v2" className="VideoOS.MetadataSearch.Plugin.Tests.Search.Predicates.PartialMatchSearchPredicateTests" name="IsMatch_ShouldWorkCorrectly" />
    </UnitTest>
    <UnitTest name="SearchingForHumanOrFace_ShouldReturnAllHumansInFrame_WhenSecondClassDetectedOnSecondFrame" storage="d:\actions-runner\_work\xpco\xpco\metadatasearch\plugin.tests\bin\debug\plugin.tests.dll" id="b8b1ab27-8a4e-efd8-aa9b-16e67226c1d8">
      <Execution id="c0ab2ab5-7424-41ca-a9a1-db359de1ca36" />
      <TestMethod codeBase="D:\actions-runner\_work\XPCO\XPCO\MetadataSearch\Plugin.Tests\bin\Debug\Plugin.Tests.dll" adapterTypeName="executor://mstestadapter/v2" className="VideoOS.MetadataSearch.Plugin.Tests.FunctionalTests.SearchTests" name="SearchingForHumanOrFace_ShouldReturnAllHumansInFrame_WhenSecondClassDetectedOnSecondFrame" />
    </UnitTest>
    <UnitTest name="Constructors_ShouldNotAllowInjectionOfNulls" storage="d:\actions-runner\_work\xpco\xpco\metadatasearch\plugin.tests\bin\debug\plugin.tests.dll" id="20ec1541-8979-9379-2a80-d7b4208b9361">
      <Execution id="8cc63d48-eb18-41c2-9503-6be6d45be2e6" />
      <TestMethod codeBase="D:\actions-runner\_work\XPCO\XPCO\MetadataSearch\Plugin.Tests\bin\Debug\Plugin.Tests.dll" adapterTypeName="executor://mstestadapter/v2" className="VideoOS.MetadataSearch.Plugin.Search.FilterValueProviders.Tests.ListSelectionValueProviderTests" name="Constructors_ShouldNotAllowInjectionOfNulls" />
    </UnitTest>
    <UnitTest name="TryParseColor_ShouldReturn_CorrectResult (&lt;?xml version=&quot;1.0&quot;?&gt; &lt;tt:Color xmlns:tt=&quot;http://www.onvif.org/ver10/schema&quot; Z = &quot;169&quot; Y = &quot;169&quot; X = &quot;400&quot; Colorspace = &quot;RGB&quot; /&gt;,False)" storage="d:\actions-runner\_work\xpco\xpco\metadatasearch\plugin.tests\bin\debug\plugin.tests.dll" id="f10901f3-9edb-d90f-86a4-6970680289f4">
      <Execution id="a836f8c2-7779-4576-8dbd-21103c245d74" />
      <TestMethod codeBase="D:\actions-runner\_work\XPCO\XPCO\MetadataSearch\Plugin.Tests\bin\Debug\Plugin.Tests.dll" adapterTypeName="executor://mstestadapter/v2" className="VideoOS.MetadataSearch.Plugin.Tests.Search.ColorHandling.OnvifColorParserTests" name="TryParseColor_ShouldReturn_CorrectResult" />
    </UnitTest>
    <UnitTest name="DoSearch_ShouldFindVehicle_WhenVehicleTypePropertyIsPresent" storage="d:\actions-runner\_work\xpco\xpco\metadatasearch\plugin.tests\bin\debug\plugin.tests.dll" id="fa9a6086-20f9-011d-55f0-761280e00db8">
      <Execution id="d6ccc2b2-d654-454a-9cfd-b65bc477eb42" />
      <TestMethod codeBase="D:\actions-runner\_work\XPCO\XPCO\MetadataSearch\Plugin.Tests\bin\Debug\Plugin.Tests.dll" adapterTypeName="executor://mstestadapter/v2" className="VideoOS.MetadataSearch.Plugin.Tests.FunctionalTests.FullPluginTests" name="DoSearch_ShouldFindVehicleCategory" />
    </UnitTest>
    <UnitTest name="GetBuiltInPersonFilters_ShouldReturnNone_WhenCategoryIsNotPeople" storage="d:\actions-runner\_work\xpco\xpco\metadatasearch\plugin.tests\bin\debug\plugin.tests.dll" id="99836a99-a682-ea7d-351b-10435293e2a3">
      <Execution id="da595cc4-9e89-4ef1-82e8-e7769a24294b" />
      <TestMethod codeBase="D:\actions-runner\_work\XPCO\XPCO\MetadataSearch\Plugin.Tests\bin\Debug\Plugin.Tests.dll" adapterTypeName="executor://mstestadapter/v2" className="VideoOS.MetadataSearch.Plugin.Configuration.Tests.MetadataCategoryTests" name="GetBuiltInPersonFilters_ShouldReturnNone_WhenCategoryIsNotPeople" />
    </UnitTest>
    <UnitTest name="CreateGuid_ShouldReturnDifferentGuid_WhenUsingDifferentEndTimeInMilliseconds" storage="d:\actions-runner\_work\xpco\xpco\metadatasearch\plugin.tests\bin\debug\plugin.tests.dll" id="50a0983d-6292-84b3-28a0-0abe5c4262ea">
      <Execution id="71e29eba-29b2-4bca-85f3-92e868126a1c" />
      <TestMethod codeBase="D:\actions-runner\_work\XPCO\XPCO\MetadataSearch\Plugin.Tests\bin\Debug\Plugin.Tests.dll" adapterTypeName="executor://mstestadapter/v2" className="VideoOS.MetadataSearch.Plugin.Tests.IdGeneratorTests" name="CreateGuid_ShouldReturnDifferentGuid_WhenUsingDifferentEndTimeInMilliseconds" />
    </UnitTest>
    <UnitTest name="GetProperty_ShouldReturnFalse_WhenPropertyDoesNotExist" storage="d:\actions-runner\_work\xpco\xpco\metadatasearch\plugin.tests\bin\debug\plugin.tests.dll" id="dd82dfe3-d3c1-ce94-6d6a-ce65289a7e16">
      <Execution id="978bd03d-0a4b-4961-9423-e4767f084464" />
      <TestMethod codeBase="D:\actions-runner\_work\XPCO\XPCO\MetadataSearch\Plugin.Tests\bin\Debug\Plugin.Tests.dll" adapterTypeName="executor://mstestadapter/v2" className="VideoOS.MetadataSearch.Plugin.Tests.Data.MetadataFrameObjectTests" name="GetProperty_ShouldReturnFalse_WhenPropertyDoesNotExist" />
    </UnitTest>
    <UnitTest name="IsMatch_ShouldReturnFalse_WhenNoClassNorPropertyIsPresent" storage="d:\actions-runner\_work\xpco\xpco\metadatasearch\plugin.tests\bin\debug\plugin.tests.dll" id="2c8e1508-e46b-f83f-a9ec-af77f3f725ce">
      <Execution id="bc429676-88fb-4f83-938d-32711a3f8212" />
      <TestMethod codeBase="D:\actions-runner\_work\XPCO\XPCO\MetadataSearch\Plugin.Tests\bin\Debug\Plugin.Tests.dll" adapterTypeName="executor://mstestadapter/v2" className="VideoOS.MetadataSearch.Plugin.Search.Tests.Predicates.CategorySearchPredicateTests" name="IsMatch_ShouldReturnCorrectResult" />
    </UnitTest>
    <UnitTest name="TryParseColor_ShouldReturn_CorrectResult (&lt;?xml version=&quot;1.0&quot;?&gt; &lt;tt:Color xmlns:tt=&quot;http://www.onvif.org/ver10/schema&quot; Z = &quot;169&quot; Y = &quot;400&quot; X = &quot;169&quot; Colorspace = &quot;YCbCr&quot; /&gt;,False)" storage="d:\actions-runner\_work\xpco\xpco\metadatasearch\plugin.tests\bin\debug\plugin.tests.dll" id="a9418999-2eed-9cdf-8bb5-11564b28e54f">
      <Execution id="2eb005dd-55b6-4bfc-b989-7e4515f7dde3" />
      <TestMethod codeBase="D:\actions-runner\_work\XPCO\XPCO\MetadataSearch\Plugin.Tests\bin\Debug\Plugin.Tests.dll" adapterTypeName="executor://mstestadapter/v2" className="VideoOS.MetadataSearch.Plugin.Tests.Search.ColorHandling.OnvifColorParserTests" name="TryParseColor_ShouldReturn_CorrectResult" />
    </UnitTest>
    <UnitTest name="IsMatch_ShouldReturnTrue_WhenValueEqualsHighValue" storage="d:\actions-runner\_work\xpco\xpco\metadatasearch\plugin.tests\bin\debug\plugin.tests.dll" id="7f95389e-5d08-9393-a9f4-f26437af2aaf">
      <Execution id="9a4a8ae0-bac4-493b-8f9d-cbf6d77a3dde" />
      <TestMethod codeBase="D:\actions-runner\_work\XPCO\XPCO\MetadataSearch\Plugin.Tests\bin\Debug\Plugin.Tests.dll" adapterTypeName="executor://mstestadapter/v2" className="VideoOS.MetadataSearch.Plugin.Tests.Search.Predicates.RangeSearchPredicateTests" name="IsMatch_ShouldWorkJustFine" />
    </UnitTest>
    <UnitTest name="GetProperty_ShouldReturnNull_WhenNoPropertiesExist" storage="d:\actions-runner\_work\xpco\xpco\metadatasearch\plugin.tests\bin\debug\plugin.tests.dll" id="35e5231a-f380-9de4-2b13-d1fef7d2d8b2">
      <Execution id="69dd4fe2-7468-4ba4-9d1a-45db5c543f4d" />
      <TestMethod codeBase="D:\actions-runner\_work\XPCO\XPCO\MetadataSearch\Plugin.Tests\bin\Debug\Plugin.Tests.dll" adapterTypeName="executor://mstestadapter/v2" className="VideoOS.MetadataSearch.Plugin.Tests.Data.MetadataFrameObjectTests" name="GetProperty_ShouldReturnNull_WhenNoPropertiesExist" />
    </UnitTest>
    <UnitTest name="ObjectCount_ShouldReturnTheNumberOfObjects" storage="d:\actions-runner\_work\xpco\xpco\metadatasearch\plugin.tests\bin\debug\plugin.tests.dll" id="1329d898-9649-815e-5362-7bf6b42f39cd">
      <Execution id="fd787a7b-de7d-4048-af15-3c780f5f69ef" />
      <TestMethod codeBase="D:\actions-runner\_work\XPCO\XPCO\MetadataSearch\Plugin.Tests\bin\Debug\Plugin.Tests.dll" adapterTypeName="executor://mstestadapter/v2" className="VideoOS.MetadataSearch.Plugin.Tests.FunctionalTests.ObjectSequenceTests" name="ObjectCount_ShouldReturnTheNumberOfObjects" />
    </UnitTest>
    <UnitTest name="GetSearchPredicate_ShouldCallFactoryWithCorrectPropertyName" storage="d:\actions-runner\_work\xpco\xpco\metadatasearch\plugin.tests\bin\debug\plugin.tests.dll" id="005446dd-de59-fb40-05c8-15ff101ff62b">
      <Execution id="350c0692-d482-4895-83c6-b725e9191d67" />
      <TestMethod codeBase="D:\actions-runner\_work\XPCO\XPCO\MetadataSearch\Plugin.Tests\bin\Debug\Plugin.Tests.dll" adapterTypeName="executor://mstestadapter/v2" className="VideoOS.MetadataSearch.Plugin.Search.FilterDefinitions.Tests.ListSelectionFilterDefinitionTests" name="GetSearchPredicate_ShouldCallFactoryWithCorrectPropertyName" />
    </UnitTest>
    <UnitTest name="IsMatch_ShouldReturnFalse_WhenProvidedPredicateSetIsEmpty" storage="d:\actions-runner\_work\xpco\xpco\metadatasearch\plugin.tests\bin\debug\plugin.tests.dll" id="9a625620-1442-cae3-01b8-69e7f94fe29f">
      <Execution id="2d5afd9c-f0a2-414b-944f-307595559cf2" />
      <TestMethod codeBase="D:\actions-runner\_work\XPCO\XPCO\MetadataSearch\Plugin.Tests\bin\Debug\Plugin.Tests.dll" adapterTypeName="executor://mstestadapter/v2" className="VideoOS.MetadataSearch.Plugin.Tests.Search.Predicates.CompositeUnionSearchPredicateTests" name="IsMatch_ShouldReturnFalse_WhenProvidedPredicateSetIsEmpty" />
    </UnitTest>
    <UnitTest name="GetValue_ShouldReturnAValue_WhenCalledWithKnownFilterIds (2d812f0d-ed3e-4553-b3fa-642bdc95d886)" storage="d:\actions-runner\_work\xpco\xpco\metadatasearch\plugin.tests\bin\debug\plugin.tests.dll" id="58e7aa30-50ca-258e-dfcf-c11ea51ee0b7">
      <Execution id="f6a8a960-d8d0-48bb-8a1b-f7c66f6db7f7" />
      <TestMethod codeBase="D:\actions-runner\_work\XPCO\XPCO\MetadataSearch\Plugin.Tests\bin\Debug\Plugin.Tests.dll" adapterTypeName="executor://mstestadapter/v2" className="VideoOS.MetadataSearch.Common.Tests.FiltersTests" name="GetValue_ShouldReturnAValue_WhenCalledWithKnownFilterIds" />
    </UnitTest>
    <UnitTest name="GetMatchingObjects_ShouldReturnEmptyCollection_IfItContainsNoMatchingObjects" storage="d:\actions-runner\_work\xpco\xpco\metadatasearch\plugin.tests\bin\debug\plugin.tests.dll" id="2e3bd7fd-edea-fa2f-1e47-cb4acde20649">
      <Execution id="a9215685-1778-44b8-8bc9-c12a5ddc2371" />
      <TestMethod codeBase="D:\actions-runner\_work\XPCO\XPCO\MetadataSearch\Plugin.Tests\bin\Debug\Plugin.Tests.dll" adapterTypeName="executor://mstestadapter/v2" className="VideoOS.MetadataSearch.Plugin.Tests.Data.MetadataFrameTests" name="GetMatchingObjects_ShouldReturnEmptyCollection_IfItContainsNoMatchingObjects" />
    </UnitTest>
    <UnitTest name="IsMatch_ShouldReturnFalse_WhenNoneOfThePredicatesIsMatched" storage="d:\actions-runner\_work\xpco\xpco\metadatasearch\plugin.tests\bin\debug\plugin.tests.dll" id="9249a644-df85-6985-2ed1-3f912cd56e59">
      <Execution id="b13ddde4-296b-48e7-80b9-f387b0fa42b4" />
      <TestMethod codeBase="D:\actions-runner\_work\XPCO\XPCO\MetadataSearch\Plugin.Tests\bin\Debug\Plugin.Tests.dll" adapterTypeName="executor://mstestadapter/v2" className="VideoOS.MetadataSearch.Plugin.Tests.Search.Predicates.CompositeIntersectSearchPredicateTests" name="IsMatch_ShouldWorkCorrectly" />
    </UnitTest>
    <UnitTest name="Constructors_ShouldNotAllowInjectionOfNulls" storage="d:\actions-runner\_work\xpco\xpco\metadatasearch\plugin.tests\bin\debug\plugin.tests.dll" id="d04aa2de-baae-d86e-f0a1-20911f2062f5">
      <Execution id="98f91130-bbef-4ea8-9363-65e4249c19e1" />
      <TestMethod codeBase="D:\actions-runner\_work\XPCO\XPCO\MetadataSearch\Plugin.Tests\bin\Debug\Plugin.Tests.dll" adapterTypeName="executor://mstestadapter/v2" className="VideoOS.MetadataSearch.Plugin.Tests.Search.Predicates.PartialMatchSearchPredicateTests" name="Constructors_ShouldNotAllowInjectionOfNulls" />
    </UnitTest>
    <UnitTest name="Parse_ShouldNotFindMetadataFrameObjectProperties_WhenGivenConfigWithInvalidObjectRoot" storage="d:\actions-runner\_work\xpco\xpco\metadatasearch\plugin.tests\bin\debug\plugin.tests.dll" id="c570b34b-e51d-8b89-43e6-8631970d32ae">
      <Execution id="a4aeaba4-9530-4a4d-8e0a-fb4f07e3453a" />
      <TestMethod codeBase="D:\actions-runner\_work\XPCO\XPCO\MetadataSearch\Plugin.Tests\bin\Debug\Plugin.Tests.dll" adapterTypeName="executor://mstestadapter/v2" className="VideoOS.MetadataSearch.Plugin.Tests.Data.DeviceProfileTests" name="Parse_ShouldNotFindMetadataFrameObjectProperties_WhenGivenConfigWithInvalidObjectRoot" />
    </UnitTest>
    <UnitTest name="DoSearch_ShouldFindCorrectPeopleSequenceGrouping_WhenAgePropertyIsPresent" storage="d:\actions-runner\_work\xpco\xpco\metadatasearch\plugin.tests\bin\debug\plugin.tests.dll" id="1aa1508b-28e5-149e-b5d8-a4a3199d0e66">
      <Execution id="16915e80-311a-4889-9b86-b8b23ecb7ee8" />
      <TestMethod codeBase="D:\actions-runner\_work\XPCO\XPCO\MetadataSearch\Plugin.Tests\bin\Debug\Plugin.Tests.dll" adapterTypeName="executor://mstestadapter/v2" className="VideoOS.MetadataSearch.Plugin.Tests.FunctionalTests.FullPluginTests" name="DoSearch_ShouldFindCorrectPeopleInSpecificAgeSequence" />
    </UnitTest>
    <UnitTest name="GetBoundingShapesAsync_ShouldReturnNull_WhenGivenFrameObjectWithNoBoundingShapes" storage="d:\actions-runner\_work\xpco\xpco\metadatasearch\plugin.tests\bin\debug\plugin.tests.dll" id="02f53f5d-cdf9-1de7-3874-5dd51d152c85">
      <Execution id="9cdc4cec-fb2c-45c5-bef6-6e8d7891c78c" />
      <TestMethod codeBase="D:\actions-runner\_work\XPCO\XPCO\MetadataSearch\Plugin.Tests\bin\Debug\Plugin.Tests.dll" adapterTypeName="executor://mstestadapter/v2" className="VideoOS.MetadataSearch.Plugin.Tests.MetadataSearchResultDataTests" name="GetBoundingShapesAsync_ShouldReturnNull_WhenGivenFrameObjectWithNoBoundingShapes" />
    </UnitTest>
    <UnitTest name="Constructors_ShouldNotAllowInjectionOfNulls" storage="d:\actions-runner\_work\xpco\xpco\metadatasearch\plugin.tests\bin\debug\plugin.tests.dll" id="4b7aac72-14f7-a940-2faa-21a3faf7d26d">
      <Execution id="548766b3-71c5-4601-8579-20c4af2943cc" />
      <TestMethod codeBase="D:\actions-runner\_work\XPCO\XPCO\MetadataSearch\Plugin.Tests\bin\Debug\Plugin.Tests.dll" adapterTypeName="executor://mstestadapter/v2" className="VideoOS.MetadataSearch.Plugin.Search.FilterDefinitions.Tests.ListSelectionFilterDefinitionTests" name="Constructors_ShouldNotAllowInjectionOfNulls" />
    </UnitTest>
    <UnitTest name="IsMatch_ShouldReturnTrue_WhenProvidedPredicateSetIsEmpty" storage="d:\actions-runner\_work\xpco\xpco\metadatasearch\plugin.tests\bin\debug\plugin.tests.dll" id="f7aa2147-5554-d3fb-fab3-5dd7cafa21ae">
      <Execution id="949f68ca-c31d-4b53-8d92-cdc434d8c534" />
      <TestMethod codeBase="D:\actions-runner\_work\XPCO\XPCO\MetadataSearch\Plugin.Tests\bin\Debug\Plugin.Tests.dll" adapterTypeName="executor://mstestadapter/v2" className="VideoOS.MetadataSearch.Plugin.Tests.Search.Predicates.CompositeIntersectSearchPredicateTests" name="IsMatch_ShouldReturnTrue_WhenProvidedPredicateSetIsEmpty" />
    </UnitTest>
    <UnitTest name="IsMatch_ShouldReturnTrue_WhenAnyOfTheValuesAreInRange" storage="d:\actions-runner\_work\xpco\xpco\metadatasearch\plugin.tests\bin\debug\plugin.tests.dll" id="1a7083a0-9599-4acf-a742-89d847f8a235">
      <Execution id="f241aec7-cc52-4c5e-8870-8326ef578564" />
      <TestMethod codeBase="D:\actions-runner\_work\XPCO\XPCO\MetadataSearch\Plugin.Tests\bin\Debug\Plugin.Tests.dll" adapterTypeName="executor://mstestadapter/v2" className="VideoOS.MetadataSearch.Plugin.Tests.Search.Predicates.RangeSearchPredicateTests" name="IsMatch_ShouldWorkJustFine" />
    </UnitTest>
    <UnitTest name="IsMatch_ShouldCompareDistanceCorrectly_WhenGivenValidPropertyValues (55.211361,44.401012,-84.959958,-73.848847,44.400888,-73.849034,0.1,True)" storage="d:\actions-runner\_work\xpco\xpco\metadatasearch\plugin.tests\bin\debug\plugin.tests.dll" id="267d02d9-05c8-4da9-a5bc-ecd135ec8233">
      <Execution id="9d42b02a-a7d0-458d-a226-8474f6ab4eb5" />
      <TestMethod codeBase="D:\actions-runner\_work\XPCO\XPCO\MetadataSearch\Plugin.Tests\bin\Debug\Plugin.Tests.dll" adapterTypeName="executor://mstestadapter/v2" className="VideoOS.MetadataSearch.Plugin.Tests.Search.Predicates.GeoCoordinatesPredicateTests" name="IsMatch_ShouldCompareDistanceCorrectly_WhenGivenValidPropertyValues" />
    </UnitTest>
    <UnitTest name="TryParseColor_ShouldReturn_CorrectResult (SomeNonColor,False)" storage="d:\actions-runner\_work\xpco\xpco\metadatasearch\plugin.tests\bin\debug\plugin.tests.dll" id="28b01a3a-706b-dde8-a699-edd417a1c862">
      <Execution id="1ecbd0ff-418d-405a-855f-ea0151fdd3b5" />
      <TestMethod codeBase="D:\actions-runner\_work\XPCO\XPCO\MetadataSearch\Plugin.Tests\bin\Debug\Plugin.Tests.dll" adapterTypeName="executor://mstestadapter/v2" className="VideoOS.MetadataSearch.Plugin.Tests.Search.ColorHandling.MilestoneColorParserTests" name="TryParseColor_ShouldReturn_CorrectResult" />
    </UnitTest>
    <UnitTest name="Constructors_ShouldNotAllowInjectionOfNulls" storage="d:\actions-runner\_work\xpco\xpco\metadatasearch\plugin.tests\bin\debug\plugin.tests.dll" id="60320f70-4a9f-70f1-7c28-e93af772c6f1">
      <Execution id="c496a86f-2302-49f2-b040-28ef0a5268b4" />
      <TestMethod codeBase="D:\actions-runner\_work\XPCO\XPCO\MetadataSearch\Plugin.Tests\bin\Debug\Plugin.Tests.dll" adapterTypeName="executor://mstestadapter/v2" className="VideoOS.MetadataSearch.Plugin.Tests.Search.Predicates.CompositeUnionSearchPredicateTests" name="Constructors_ShouldNotAllowInjectionOfNulls" />
    </UnitTest>
    <UnitTest name="GetValue_ShouldReturnAValue_WhenCalledWithKnownFilterIds (e07ef69f-f064-48fa-b2ea-2c0c6f1f19fc)" storage="d:\actions-runner\_work\xpco\xpco\metadatasearch\plugin.tests\bin\debug\plugin.tests.dll" id="d5d88cf7-59d6-0627-e03d-5fa28db84154">
      <Execution id="68621a23-7302-4233-b873-762007950ebd" />
      <TestMethod codeBase="D:\actions-runner\_work\XPCO\XPCO\MetadataSearch\Plugin.Tests\bin\Debug\Plugin.Tests.dll" adapterTypeName="executor://mstestadapter/v2" className="VideoOS.MetadataSearch.Common.Tests.FiltersTests" name="GetValue_ShouldReturnAValue_WhenCalledWithKnownFilterIds" />
    </UnitTest>
    <UnitTest name="IsValid_ShouldBeFalse_WhenCreated" storage="d:\actions-runner\_work\xpco\xpco\metadatasearch\plugin.tests\bin\debug\plugin.tests.dll" id="d511afe6-6d49-375f-49ca-80d7ddc44f44">
      <Execution id="5eda3a66-f797-4cab-9017-36724a567d93" />
      <TestMethod codeBase="D:\actions-runner\_work\XPCO\XPCO\MetadataSearch\Plugin.Tests\bin\Debug\Plugin.Tests.dll" adapterTypeName="executor://mstestadapter/v2" className="VideoOS.MetadataSearch.Plugin.Search.Filters.Tests.GeoCoordinatesFilterValueTests" name="IsValid_ShouldBeFalse_WhenCreated" />
    </UnitTest>
    <UnitTest name="TryParseColor_ShouldReturn_CorrectResult (&lt;?xml version=&quot;1.0&quot;?&gt; &lt;tt:Color xmlns:tt=&quot;http://www.onvif.org/ver10/schema&quot; Z = &quot;169&quot; Y = &quot;169&quot; X = &quot;400&quot; Colorspace = &quot;YCbCr&quot; /&gt;,False)" storage="d:\actions-runner\_work\xpco\xpco\metadatasearch\plugin.tests\bin\debug\plugin.tests.dll" id="c6780686-1c61-1715-7689-c3e60389158d">
      <Execution id="9d30f670-78d3-4bc2-8f77-b301e80ee3e3" />
      <TestMethod codeBase="D:\actions-runner\_work\XPCO\XPCO\MetadataSearch\Plugin.Tests\bin\Debug\Plugin.Tests.dll" adapterTypeName="executor://mstestadapter/v2" className="VideoOS.MetadataSearch.Plugin.Tests.Search.ColorHandling.OnvifColorParserTests" name="TryParseColor_ShouldReturn_CorrectResult" />
    </UnitTest>
    <UnitTest name="CreateAgents_ShouldNotReturnPeople_WhenCategoryIsDisabled" storage="d:\actions-runner\_work\xpco\xpco\metadatasearch\plugin.tests\bin\debug\plugin.tests.dll" id="4f67632a-4e3f-54e2-bbbb-b46e8211d145">
      <Execution id="9450887d-499d-4ea5-99b2-68f7b11bf5ca" />
      <TestMethod codeBase="D:\actions-runner\_work\XPCO\XPCO\MetadataSearch\Plugin.Tests\bin\Debug\Plugin.Tests.dll" adapterTypeName="executor://mstestadapter/v2" className="VideoOS.MetadataSearch.Plugin.Tests.SearchAgent.SearchAgentFactoryTests" name="CreateAgents_ShouldNotReturnPeople_WhenCategoryIsDisabled" />
    </UnitTest>
    <UnitTest name="DoSearch_ShouldFindPeople_WhenHeightPropertyIsPresent" storage="d:\actions-runner\_work\xpco\xpco\metadatasearch\plugin.tests\bin\debug\plugin.tests.dll" id="ec446803-cb19-fae8-612f-032138cfb6cb">
      <Execution id="edd4af38-692d-43ba-848d-2c712d98abc9" />
      <TestMethod codeBase="D:\actions-runner\_work\XPCO\XPCO\MetadataSearch\Plugin.Tests\bin\Debug\Plugin.Tests.dll" adapterTypeName="executor://mstestadapter/v2" className="VideoOS.MetadataSearch.Plugin.Tests.FunctionalTests.FullPluginTests" name="DoSearch_ShouldFindPeopleCategory" />
    </UnitTest>
    <UnitTest name="GetProperty_ShouldReturnValue_WhenPropertyExists (Foo,Bar)" storage="d:\actions-runner\_work\xpco\xpco\metadatasearch\plugin.tests\bin\debug\plugin.tests.dll" id="081f9a08-6053-6399-57df-5083103f0ed1">
      <Execution id="37738127-0885-406f-ba12-c9f33f7eb2ad" />
      <TestMethod codeBase="D:\actions-runner\_work\XPCO\XPCO\MetadataSearch\Plugin.Tests\bin\Debug\Plugin.Tests.dll" adapterTypeName="executor://mstestadapter/v2" className="VideoOS.MetadataSearch.Plugin.Tests.Data.MetadataFrameObjectTests" name="GetProperty_ShouldReturnValue_WhenPropertyExists" />
    </UnitTest>
    <UnitTest name="EndTime_ShouldBeTheTimeStampOfLastObject" storage="d:\actions-runner\_work\xpco\xpco\metadatasearch\plugin.tests\bin\debug\plugin.tests.dll" id="f4b9b371-0f1d-68d9-e3fb-5bd02fbeac79">
      <Execution id="69f88b34-3f18-4a42-b1d5-706831aacd71" />
      <TestMethod codeBase="D:\actions-runner\_work\XPCO\XPCO\MetadataSearch\Plugin.Tests\bin\Debug\Plugin.Tests.dll" adapterTypeName="executor://mstestadapter/v2" className="VideoOS.MetadataSearch.Plugin.Tests.FunctionalTests.ObjectSequenceTests" name="EndTime_ShouldBeTheTimeStampOfLastObject" />
    </UnitTest>
    <UnitTest name="GetFilterValues_ShouldReturnEmptyEnumeration_WhenValueIsNull" storage="d:\actions-runner\_work\xpco\xpco\metadatasearch\plugin.tests\bin\debug\plugin.tests.dll" id="715f99b4-c869-387c-2b86-3b537d7fcdc6">
      <Execution id="43a24c13-d543-49de-98f3-cd409fd98e19" />
      <TestMethod codeBase="D:\actions-runner\_work\XPCO\XPCO\MetadataSearch\Plugin.Tests\bin\Debug\Plugin.Tests.dll" adapterTypeName="executor://mstestadapter/v2" className="VideoOS.MetadataSearch.Plugin.Search.FilterValueProviders.Tests.LicensePlateValueProviderTests" name="GetFilterValues_ShouldReturnEmptyEnumeration_WhenValueIsNull" />
    </UnitTest>
    <UnitTest name="Constructors_ShouldNotAllowInjectionOfNulls" storage="d:\actions-runner\_work\xpco\xpco\metadatasearch\plugin.tests\bin\debug\plugin.tests.dll" id="18aa6cde-18fc-4518-3423-4b806131fd5b">
      <Execution id="223678c0-e520-47d0-a1f3-b6d31b5b6b5b" />
      <TestMethod codeBase="D:\actions-runner\_work\XPCO\XPCO\MetadataSearch\Plugin.Tests\bin\Debug\Plugin.Tests.dll" adapterTypeName="executor://mstestadapter/v2" className="VideoOS.MetadataSearch.Plugin.Tests.Search.Predicates.FullMatchSearchPredicateTests" name="Constructors_ShouldNotAllowInjectionOfNulls" />
    </UnitTest>
    <UnitTest name="GetBuiltInVehicleFilters_ShouldIncludeColor_WhenColorFilterIsVisible" storage="d:\actions-runner\_work\xpco\xpco\metadatasearch\plugin.tests\bin\debug\plugin.tests.dll" id="8c94c5b6-fb6c-7a45-ee15-4616938c4c84">
      <Execution id="e110a891-bdc1-4b73-99a4-f57271a95a53" />
      <TestMethod codeBase="D:\actions-runner\_work\XPCO\XPCO\MetadataSearch\Plugin.Tests\bin\Debug\Plugin.Tests.dll" adapterTypeName="executor://mstestadapter/v2" className="VideoOS.MetadataSearch.Plugin.Configuration.Tests.MetadataCategoryTests" name="GetBuiltInVehicleFilters_ShouldIncludeColor_WhenColorFilterIsVisible" />
    </UnitTest>
    <UnitTest name="GetFilterValues_ShouldReturnEmptyEnumeration_WhenValueIsNull" storage="d:\actions-runner\_work\xpco\xpco\metadatasearch\plugin.tests\bin\debug\plugin.tests.dll" id="46056992-99e2-330a-1f60-3d45cd3bc2e6">
      <Execution id="25b51ef2-3fd0-4a2c-ba26-eb8edd4f2926" />
      <TestMethod codeBase="D:\actions-runner\_work\XPCO\XPCO\MetadataSearch\Plugin.Tests\bin\Debug\Plugin.Tests.dll" adapterTypeName="executor://mstestadapter/v2" className="VideoOS.MetadataSearch.Plugin.Search.FilterValueProviders.Tests.GenderValueProviderTests" name="GetFilterValues_ShouldReturnEmptyEnumeration_WhenValueIsNull" />
    </UnitTest>
    <UnitTest name="FilterObjects_ShouldReturnGroupedResult_WhenGivenConsecutiveFramesWithObjects" storage="d:\actions-runner\_work\xpco\xpco\metadatasearch\plugin.tests\bin\debug\plugin.tests.dll" id="118175ae-7bae-7040-c3f4-c9ec7f8f4e4d">
      <Execution id="7aea47d0-8ae7-4707-85cf-8973d783fd23" />
      <TestMethod codeBase="D:\actions-runner\_work\XPCO\XPCO\MetadataSearch\Plugin.Tests\bin\Debug\Plugin.Tests.dll" adapterTypeName="executor://mstestadapter/v2" className="VideoOS.MetadataSearch.Plugin.Tests.MetadataSearchEngineTests" name="FilterObjects_ShouldReturnGroupedResult_WhenGivenConsecutiveFramesWithObjects" />
    </UnitTest>
    <UnitTest name="With no results" storage="d:\actions-runner\_work\xpco\xpco\metadatasearch\plugin.tests\bin\debug\plugin.tests.dll" id="ba0ae2f6-3f07-8af4-bb67-ddd2feeb73bd">
      <Execution id="4260a903-408f-4eaa-adfb-98b4250c0007" />
      <TestMethod codeBase="D:\actions-runner\_work\XPCO\XPCO\MetadataSearch\Plugin.Tests\bin\Debug\Plugin.Tests.dll" adapterTypeName="executor://mstestadapter/v2" className="VideoOS.MetadataSearch.Plugin.Tests.MetadataSearchDefinitionTests" name="DoSearch_ShouldFireEvents_WhenFindingCorrectSearchResults" />
    </UnitTest>
    <UnitTest name="Constructors_ShouldNotAllowInjectionOfNulls" storage="d:\actions-runner\_work\xpco\xpco\metadatasearch\plugin.tests\bin\debug\plugin.tests.dll" id="9d6481ea-4f00-a1b9-12b6-4537a285077c">
      <Execution id="0033782c-49a6-4c19-95ab-6bbeb78c86dd" />
      <TestMethod codeBase="D:\actions-runner\_work\XPCO\XPCO\MetadataSearch\Plugin.Tests\bin\Debug\Plugin.Tests.dll" adapterTypeName="executor://mstestadapter/v2" className="VideoOS.MetadataSearch.Plugin.Configuration.Tests.MetadataSearchConfigurationTests" name="Constructors_ShouldNotAllowInjectionOfNulls" />
    </UnitTest>
    <UnitTest name="TryParseColor_ShouldReturn_CorrectResult (&lt;?xml version=&quot;1.0&quot;?&gt; &lt;tt:Color xmlns:tt=&quot;http://www.onvif.org/ver10/schema&quot; Z = &quot;169&quot; Y = &quot;169&quot; X = &quot;169&quot; Colorspace = &quot;SomeRandomColorSpace&quot; /&gt;,False)" storage="d:\actions-runner\_work\xpco\xpco\metadatasearch\plugin.tests\bin\debug\plugin.tests.dll" id="1f38bd57-035e-1e74-9518-5bce9e6a0126">
      <Execution id="125c63f5-5d23-4fb8-ba39-f04900ca4186" />
      <TestMethod codeBase="D:\actions-runner\_work\XPCO\XPCO\MetadataSearch\Plugin.Tests\bin\Debug\Plugin.Tests.dll" adapterTypeName="executor://mstestadapter/v2" className="VideoOS.MetadataSearch.Plugin.Tests.Search.ColorHandling.OnvifColorParserTests" name="TryParseColor_ShouldReturn_CorrectResult" />
    </UnitTest>
    <UnitTest name="Constructors_ShouldNotAllowInjectionOfNulls" storage="d:\actions-runner\_work\xpco\xpco\metadatasearch\plugin.tests\bin\debug\plugin.tests.dll" id="6e7ac689-cb41-501a-56e5-e412d3681949">
      <Execution id="35df010b-8200-48a3-8c89-2fbcaa9ced40" />
      <TestMethod codeBase="D:\actions-runner\_work\XPCO\XPCO\MetadataSearch\Plugin.Tests\bin\Debug\Plugin.Tests.dll" adapterTypeName="executor://mstestadapter/v2" className="VideoOS.MetadataSearch.Plugin.Tests.LoginPlugin.ConfigurationManagerTests" name="Constructors_ShouldNotAllowInjectionOfNulls" />
    </UnitTest>
    <UnitTest name="IsSet_ShouldBeTrue_WhenValueIsValid" storage="d:\actions-runner\_work\xpco\xpco\metadatasearch\plugin.tests\bin\debug\plugin.tests.dll" id="79964680-7b27-ee1a-edaf-5448c3abcf5b">
      <Execution id="8834bf63-a00e-45a8-bb09-e35725d95117" />
      <TestMethod codeBase="D:\actions-runner\_work\XPCO\XPCO\MetadataSearch\Plugin.Tests\bin\Debug\Plugin.Tests.dll" adapterTypeName="executor://mstestadapter/v2" className="VideoOS.MetadataSearch.Plugin.Search.FilterDefinitions.Tests.GeoCoordinatesFilterDefinitionTests" name="IsSet_ShouldBeTrue_WhenValueIsValid" />
    </UnitTest>
    <UnitTest name="CreateAgents_ShouldNotShowCategory_WhenNotSpecifiedInConfiguration" storage="d:\actions-runner\_work\xpco\xpco\metadatasearch\plugin.tests\bin\debug\plugin.tests.dll" id="127108ad-a23a-01af-0f57-d0e23c2fc6ee">
      <Execution id="ad02217c-d1bb-4ad2-bac5-231c0ae87989" />
      <TestMethod codeBase="D:\actions-runner\_work\XPCO\XPCO\MetadataSearch\Plugin.Tests\bin\Debug\Plugin.Tests.dll" adapterTypeName="executor://mstestadapter/v2" className="VideoOS.MetadataSearch.Plugin.Tests.SearchAgent.SearchAgentFactoryTests" name="CreateAgents_ShouldNotShowCategory_WhenNotSpecifiedInConfiguration" />
    </UnitTest>
    <UnitTest name="DoSearch_ShouldFindVehicle_WhenSpeedPropertyIsPresent" storage="d:\actions-runner\_work\xpco\xpco\metadatasearch\plugin.tests\bin\debug\plugin.tests.dll" id="fcbb423c-ed06-b4d7-14bd-d38414b9f6f4">
      <Execution id="d0130ae6-d84a-43ad-a1db-ba68d0735db8" />
      <TestMethod codeBase="D:\actions-runner\_work\XPCO\XPCO\MetadataSearch\Plugin.Tests\bin\Debug\Plugin.Tests.dll" adapterTypeName="executor://mstestadapter/v2" className="VideoOS.MetadataSearch.Plugin.Tests.FunctionalTests.FullPluginTests" name="DoSearch_ShouldFindVehicleCategory" />
    </UnitTest>
    <UnitTest name="GetBuiltInPersonFilters_ShouldReturnNone_WhenFiltersAreDisabled" storage="d:\actions-runner\_work\xpco\xpco\metadatasearch\plugin.tests\bin\debug\plugin.tests.dll" id="5024eb4a-19e1-7911-199c-b491c15e76d4">
      <Execution id="84329958-ffea-452a-a34f-9e39691de02d" />
      <TestMethod codeBase="D:\actions-runner\_work\XPCO\XPCO\MetadataSearch\Plugin.Tests\bin\Debug\Plugin.Tests.dll" adapterTypeName="executor://mstestadapter/v2" className="VideoOS.MetadataSearch.Plugin.Configuration.Tests.MetadataCategoryTests" name="GetBuiltInPersonFilters_ShouldReturnNone_WhenFiltersAreDisabled" />
    </UnitTest>
    <UnitTest name="GetValue_ShouldReturnAValue_WhenCalledWithKnownCategoryIds (de799eaa-7564-4882-8e86-b0fa85919559)" storage="d:\actions-runner\_work\xpco\xpco\metadatasearch\plugin.tests\bin\debug\plugin.tests.dll" id="0a5e01e2-9d0f-c7b5-ebf8-fbb00b3697b9">
      <Execution id="42dbfd8d-fc19-4873-bd5e-77d8026b3182" />
      <TestMethod codeBase="D:\actions-runner\_work\XPCO\XPCO\MetadataSearch\Plugin.Tests\bin\Debug\Plugin.Tests.dll" adapterTypeName="executor://mstestadapter/v2" className="VideoOS.MetadataSearch.Common.Tests.CategoriesTests" name="GetValue_ShouldReturnAValue_WhenCalledWithKnownCategoryIds" />
    </UnitTest>
    <UnitTest name="IsMatch_ShouldReturnFalse_WhenObjectElementHasNoProperty" storage="d:\actions-runner\_work\xpco\xpco\metadatasearch\plugin.tests\bin\debug\plugin.tests.dll" id="4717940b-70e7-af53-87ae-1477ce157ab3">
      <Execution id="4c35d4ec-b53e-43b0-aa94-bb3c2e943057" />
      <TestMethod codeBase="D:\actions-runner\_work\XPCO\XPCO\MetadataSearch\Plugin.Tests\bin\Debug\Plugin.Tests.dll" adapterTypeName="executor://mstestadapter/v2" className="VideoOS.MetadataSearch.Plugin.Tests.Search.Predicates.FullMatchSearchPredicateTests" name="IsMatch_ShouldWorkJustFine" />
    </UnitTest>
    <UnitTest name="ProcessNewFrame_ShouldGroupObjectsAsSequence" storage="d:\actions-runner\_work\xpco\xpco\metadatasearch\plugin.tests\bin\debug\plugin.tests.dll" id="fd38c7b1-c83c-db8b-eabd-1021787b943a">
      <Execution id="a8a4fb38-7e9b-4b12-9a27-f32e5799a022" />
      <TestMethod codeBase="D:\actions-runner\_work\XPCO\XPCO\MetadataSearch\Plugin.Tests\bin\Debug\Plugin.Tests.dll" adapterTypeName="executor://mstestadapter/v2" className="VideoOS.MetadataSearch.Plugin.Tests.Search.SequenceBuilderTests" name="ProcessNewFrame_ShouldGroupObjectsAsSequence" />
    </UnitTest>
    <UnitTest name="GetBoundingPolygon_ShouldClipPolygons_WhenGivenCoordinatesThatFallOutsideRange (System.Double[])" storage="d:\actions-runner\_work\xpco\xpco\metadatasearch\plugin.tests\bin\debug\plugin.tests.dll" id="dd40257d-2bab-f5c0-7a32-ca7122b04e5d">
      <Execution id="d323eaff-2377-42bb-ae7a-7a25168c68f0" />
      <TestMethod codeBase="D:\actions-runner\_work\XPCO\XPCO\MetadataSearch\Plugin.Tests\bin\Debug\Plugin.Tests.dll" adapterTypeName="executor://mstestadapter/v2" className="VideoOS.MetadataSearch.Plugin.Tests.MetadataBoundingShapeTests" name="GetBoundingPolygon_ShouldClipPolygons_WhenGivenCoordinatesThatFallOutsideRange" />
    </UnitTest>
  </TestDefinitions>
  <TestEntries>
    <TestEntry testId="a87d0b30-1b50-ed18-a106-3c32a9d0d116" executionId="903971c3-1b89-4ccd-b34f-a4f621d93d45" testListId="8c84fa94-04c1-424b-9868-57a2d4851a1d" />
    <TestEntry testId="6e7ac689-cb41-501a-56e5-e412d3681949" executionId="35df010b-8200-48a3-8c89-2fbcaa9ced40" testListId="8c84fa94-04c1-424b-9868-57a2d4851a1d" />
    <TestEntry testId="6ddec006-acc4-d8c3-8434-6d90efa02ea6" executionId="c840970e-2fa6-4b53-b16e-d19a6a015dfb" testListId="8c84fa94-04c1-424b-9868-57a2d4851a1d" />
    <TestEntry testId="1a7083a0-9599-4acf-a742-89d847f8a235" executionId="f241aec7-cc52-4c5e-8870-8326ef578564" testListId="8c84fa94-04c1-424b-9868-57a2d4851a1d" />
    <TestEntry testId="ca3ad786-fc2b-5e0b-f471-5c443b2905f9" executionId="e486a431-0ab3-4346-82a7-2bfd657e8fd6" testListId="8c84fa94-04c1-424b-9868-57a2d4851a1d" />
    <TestEntry testId="99836a99-a682-ea7d-351b-10435293e2a3" executionId="da595cc4-9e89-4ef1-82e8-e7769a24294b" testListId="8c84fa94-04c1-424b-9868-57a2d4851a1d" />
    <TestEntry testId="0f1de36e-d4d0-1d46-2d17-139a941ec6fd" executionId="14235522-292d-43aa-927c-6be6acef5001" testListId="8c84fa94-04c1-424b-9868-57a2d4851a1d" />
    <TestEntry testId="db53a8e9-007c-687c-dd4d-36e806275ba8" executionId="7dd5f8e5-8701-445e-9d40-806799c7b02a" testListId="8c84fa94-04c1-424b-9868-57a2d4851a1d" />
    <TestEntry testId="1e30a6fe-0ec1-0d5c-110b-fb1627d937fd" executionId="c877ada4-8eb6-4966-bd94-f303a88a3487" testListId="8c84fa94-04c1-424b-9868-57a2d4851a1d" />
    <TestEntry testId="62422b45-6ca8-e5f2-acdb-9028e1f7779e" executionId="e9fe33f3-4cff-4eb0-b1ae-b3f126ec61e2" testListId="8c84fa94-04c1-424b-9868-57a2d4851a1d" />
    <TestEntry testId="98151138-966d-edaa-0ea5-0884f806fbe3" executionId="8e310103-7108-401a-bf2d-f3c7982016c9" testListId="8c84fa94-04c1-424b-9868-57a2d4851a1d" />
    <TestEntry testId="fe163e62-ffab-5521-2098-76fd9b17d8bd" executionId="81427bba-797e-4124-8494-bd6c57368be3" testListId="8c84fa94-04c1-424b-9868-57a2d4851a1d" />
    <TestEntry testId="58184755-b208-0d97-c83b-7bc984073520" executionId="c155af63-82e8-434d-a424-3dd3a720bb0d" testListId="8c84fa94-04c1-424b-9868-57a2d4851a1d" />
    <TestEntry testId="02e911c5-d11b-dead-a23d-a86892fd7e08" executionId="01637d5f-f812-4285-9116-891547cd0668" testListId="8c84fa94-04c1-424b-9868-57a2d4851a1d" />
    <TestEntry testId="a50f5d16-337a-357a-0781-682166a9c3a4" executionId="d4dc31a4-58d8-40e5-86ca-f7672e6ed13c" testListId="8c84fa94-04c1-424b-9868-57a2d4851a1d" />
    <TestEntry testId="d36eae41-8262-e7e1-541f-b2641f83204d" executionId="59e9bfb3-01ec-4b66-86d0-5415642296b8" testListId="8c84fa94-04c1-424b-9868-57a2d4851a1d" />
    <TestEntry testId="fbe66c33-cc97-ad02-071b-4f8342a00418" executionId="f3ce6196-f1e1-4cfb-abbf-fcc4df2edfd7" testListId="8c84fa94-04c1-424b-9868-57a2d4851a1d" />
    <TestEntry testId="e3b5a555-0dc0-d931-7cf8-f77a2a46c06d" executionId="81b40d46-5f68-4962-8de6-da2db6fcacf3" testListId="8c84fa94-04c1-424b-9868-57a2d4851a1d" />
    <TestEntry testId="834857ff-d25a-9617-9d0f-3d5b42b7024b" executionId="5dec6d9c-a9ac-438a-bf1c-8f654298ebcd" testListId="8c84fa94-04c1-424b-9868-57a2d4851a1d" />
    <TestEntry testId="472d74bc-0e25-9967-e04d-e876b91d5046" executionId="4315e271-8e94-4206-a56c-0eb7956a1c9c" testListId="8c84fa94-04c1-424b-9868-57a2d4851a1d" />
    <TestEntry testId="a0fecfc4-55af-bb90-a20d-49a14375d376" executionId="824817f0-c8ce-4844-b970-13acc223f46d" testListId="8c84fa94-04c1-424b-9868-57a2d4851a1d" />
    <TestEntry testId="39fef2cd-ac5e-2add-56e7-48f1bbc6f043" executionId="1a09b780-01d7-4469-b20a-d4cc706884b3" testListId="8c84fa94-04c1-424b-9868-57a2d4851a1d" />
    <TestEntry testId="f552b4f4-8e74-85b1-e3fc-9b9d2ec4af7c" executionId="5752f833-bfb1-4118-bfe2-0ae1cbb12ca7" testListId="8c84fa94-04c1-424b-9868-57a2d4851a1d" />
    <TestEntry testId="30d61bb6-0190-9ee4-4480-999650ab018e" executionId="39f54b09-befd-440c-b34e-a519f3f5a025" testListId="8c84fa94-04c1-424b-9868-57a2d4851a1d" />
    <TestEntry testId="06458756-5b0f-8871-2aee-d4f934cd1724" executionId="8c1affb5-9b7c-487e-82d3-12ab25f88f13" testListId="8c84fa94-04c1-424b-9868-57a2d4851a1d" />
    <TestEntry testId="628d6dc9-f203-b82c-a7dd-e7b1ec243513" executionId="65a3bd6a-ea41-4398-bea4-8ec66303cb05" testListId="8c84fa94-04c1-424b-9868-57a2d4851a1d" />
    <TestEntry testId="c7d0d433-8fb4-b311-73f3-25f624bf7e4f" executionId="c4de142d-7c45-48ee-a341-16c635af7cd0" testListId="8c84fa94-04c1-424b-9868-57a2d4851a1d" />
    <TestEntry testId="60e80acb-4b4f-9012-dd83-8197d27088df" executionId="2a15a419-94af-4b0f-9678-828523df2f58" testListId="8c84fa94-04c1-424b-9868-57a2d4851a1d" />
    <TestEntry testId="eea25713-cebe-4a9c-36f2-1d260048678f" executionId="5e2a5b36-1b43-4111-862c-53242d713918" testListId="8c84fa94-04c1-424b-9868-57a2d4851a1d" />
    <TestEntry testId="55f041d7-d67d-7c07-3d7c-8e2b2951c8af" executionId="ee3ae315-02b9-4214-a988-a46a52ca50ed" testListId="8c84fa94-04c1-424b-9868-57a2d4851a1d" />
    <TestEntry testId="7387974b-3fe4-d79e-08a1-e261ef11c329" executionId="b79f0dc2-b735-4fce-87f5-6feb31f5d19c" testListId="8c84fa94-04c1-424b-9868-57a2d4851a1d" />
    <TestEntry testId="2970a02d-9e23-b896-727a-254279f6780a" executionId="d454171f-7155-4897-8d45-e899031b9759" testListId="8c84fa94-04c1-424b-9868-57a2d4851a1d" />
    <TestEntry testId="fbc80e7a-8473-118b-62b8-644255659168" executionId="b21d3ea7-0809-444c-846f-7690f58fa971" testListId="8c84fa94-04c1-424b-9868-57a2d4851a1d" />
    <TestEntry testId="2ad18b2a-145c-930c-a74b-77d486e1e107" executionId="acf227f2-ecaf-421a-ad2f-f27b6f9c66d3" testListId="8c84fa94-04c1-424b-9868-57a2d4851a1d" />
    <TestEntry testId="2a169332-c89e-b0ad-5290-2cc42d47ba08" executionId="96c18967-7127-40fb-a677-249420fb32bb" testListId="8c84fa94-04c1-424b-9868-57a2d4851a1d" />
    <TestEntry testId="98cc04cf-3e04-5ceb-eb18-d3c46c9a9b8c" executionId="101098ce-dbd1-4e4f-80b4-708727359593" testListId="8c84fa94-04c1-424b-9868-57a2d4851a1d" />
    <TestEntry testId="bb800a38-74b6-a1ae-2290-f5b2e1bb54b0" executionId="dada894a-c8aa-4356-b548-8df1ae65df2f" testListId="8c84fa94-04c1-424b-9868-57a2d4851a1d" />
    <TestEntry testId="46208886-2822-7a4d-9f45-2594097b10ac" executionId="32745374-0926-4098-8781-6f9217524bfe" testListId="8c84fa94-04c1-424b-9868-57a2d4851a1d" />
    <TestEntry testId="ff560f06-4b43-636c-19f0-b8b0482a5cbe" executionId="551b0fc6-2f13-4e4d-a71d-158bc598a83a" testListId="8c84fa94-04c1-424b-9868-57a2d4851a1d" />
    <TestEntry testId="1236468a-4c51-72ef-bd09-269985382945" executionId="26886f3e-eb65-427e-90f6-6d3ec213cdae" testListId="8c84fa94-04c1-424b-9868-57a2d4851a1d" />
    <TestEntry testId="79964680-7b27-ee1a-edaf-5448c3abcf5b" executionId="8834bf63-a00e-45a8-bb09-e35725d95117" testListId="8c84fa94-04c1-424b-9868-57a2d4851a1d" />
    <TestEntry testId="25411f35-8f83-3321-ba71-f6de7c006911" executionId="619f2caf-9cdd-4646-b052-2267574e49d2" testListId="8c84fa94-04c1-424b-9868-57a2d4851a1d" />
    <TestEntry testId="85427ad8-31e0-c3b9-0e23-976f97093aa1" executionId="3b0c51c2-1388-4737-b816-9b3fc4750f8f" testListId="8c84fa94-04c1-424b-9868-57a2d4851a1d" />
    <TestEntry testId="05c53389-de63-4c38-3cc1-2c1bee04f6df" executionId="e32c34d8-f6a8-4310-9675-6031ae8b162e" testListId="8c84fa94-04c1-424b-9868-57a2d4851a1d" />
    <TestEntry testId="1aa1508b-28e5-149e-b5d8-a4a3199d0e66" executionId="16915e80-311a-4889-9b86-b8b23ecb7ee8" testListId="8c84fa94-04c1-424b-9868-57a2d4851a1d" />
    <TestEntry testId="16a27c04-08e6-c7c5-778f-2dd89f9d8f2c" executionId="edbfc604-b5a1-41dd-9144-75b03a36daeb" testListId="8c84fa94-04c1-424b-9868-57a2d4851a1d" />
    <TestEntry testId="28b01a3a-706b-dde8-a699-edd417a1c862" executionId="1ecbd0ff-418d-405a-855f-ea0151fdd3b5" testListId="8c84fa94-04c1-424b-9868-57a2d4851a1d" />
    <TestEntry testId="2c296588-7371-0f8d-10f8-d4e75c377bcf" executionId="972691fb-c849-46cf-8cee-a3e52748035e" testListId="8c84fa94-04c1-424b-9868-57a2d4851a1d" />
    <TestEntry testId="daa10cf4-f353-3c5b-898c-b6f69a98a915" executionId="afbf2ecf-216d-4d32-a7f9-e7cdb626748d" testListId="8c84fa94-04c1-424b-9868-57a2d4851a1d" />
    <TestEntry testId="d70d2c50-35a8-153b-b0fd-6a7b07a52dc4" executionId="9285ecc9-ea35-4554-8ec8-a2c3bf4cf366" testListId="8c84fa94-04c1-424b-9868-57a2d4851a1d" />
    <TestEntry testId="d4452252-777d-7430-b8a1-f0e1693e31c3" executionId="3741d75e-a676-4082-b432-610a206999ef" testListId="8c84fa94-04c1-424b-9868-57a2d4851a1d" />
    <TestEntry testId="fcbb423c-ed06-b4d7-14bd-d38414b9f6f4" executionId="d0130ae6-d84a-43ad-a1db-ba68d0735db8" testListId="8c84fa94-04c1-424b-9868-57a2d4851a1d" />
    <TestEntry testId="4f67632a-4e3f-54e2-bbbb-b46e8211d145" executionId="9450887d-499d-4ea5-99b2-68f7b11bf5ca" testListId="8c84fa94-04c1-424b-9868-57a2d4851a1d" />
    <TestEntry testId="f4b46825-b9e2-3b64-1c89-d0861b1de671" executionId="a11c3de7-dbef-45ae-8551-db224e2f70f8" testListId="8c84fa94-04c1-424b-9868-57a2d4851a1d" />
    <TestEntry testId="7f95389e-5d08-9393-a9f4-f26437af2aaf" executionId="9a4a8ae0-bac4-493b-8f9d-cbf6d77a3dde" testListId="8c84fa94-04c1-424b-9868-57a2d4851a1d" />
    <TestEntry testId="6bce575e-8f07-a06a-d4e9-7baf381097ed" executionId="b557ece9-fcdc-4d1f-b1ef-ef66ad99b247" testListId="8c84fa94-04c1-424b-9868-57a2d4851a1d" />
    <TestEntry testId="fa9a6086-20f9-011d-55f0-761280e00db8" executionId="d6ccc2b2-d654-454a-9cfd-b65bc477eb42" testListId="8c84fa94-04c1-424b-9868-57a2d4851a1d" />
    <TestEntry testId="c543770d-cf9b-0ea4-1d34-a2012d05fa48" executionId="65bfc142-6f6d-4383-80f1-ccd0e8671264" testListId="8c84fa94-04c1-424b-9868-57a2d4851a1d" />
    <TestEntry testId="9249a644-df85-6985-2ed1-3f912cd56e59" executionId="b13ddde4-296b-48e7-80b9-f387b0fa42b4" testListId="8c84fa94-04c1-424b-9868-57a2d4851a1d" />
    <TestEntry testId="048064ce-9700-10d9-1f79-bb81092b89b1" executionId="6ca07a83-17c0-4ae7-ba79-65f74b8f7e58" testListId="8c84fa94-04c1-424b-9868-57a2d4851a1d" />
    <TestEntry testId="45918056-178b-bae7-e87d-d8a65e50daaf" executionId="5bc12e30-9685-4b51-bde5-1514f3b16ec4" testListId="8c84fa94-04c1-424b-9868-57a2d4851a1d" />
    <TestEntry testId="86ac4d5c-e64c-3eeb-48f6-3f5e7495ec74" executionId="bc47de58-155f-4336-9a1c-1f713c096430" testListId="8c84fa94-04c1-424b-9868-57a2d4851a1d" />
    <TestEntry testId="ee4196a5-3fd9-23c9-5f93-141479c13ec5" executionId="c2789778-1538-4781-aaca-2c4dce8c2719" testListId="8c84fa94-04c1-424b-9868-57a2d4851a1d" />
    <TestEntry testId="ebe2eab7-197f-2527-3878-ceffe8948ed4" executionId="82eaee03-dd4b-4620-a775-7f3ba4a88aba" testListId="8c84fa94-04c1-424b-9868-57a2d4851a1d" />
    <TestEntry testId="4ec0f1dc-5ce3-d774-1746-20005e913961" executionId="0fbf98b5-e7d8-499a-968a-7a28f0b81fbe" testListId="8c84fa94-04c1-424b-9868-57a2d4851a1d" />
    <TestEntry testId="4eedc99a-8571-7659-b7c0-30be5370ac1a" executionId="aac93e05-5b33-4b2d-8c5f-34aacb84ecec" testListId="8c84fa94-04c1-424b-9868-57a2d4851a1d" />
    <TestEntry testId="9635697e-518f-1126-78dd-8f6bc8a13908" executionId="ed899ed6-a340-4020-971a-bc5f3bb041fd" testListId="8c84fa94-04c1-424b-9868-57a2d4851a1d" />
    <TestEntry testId="bf0c1894-6f4d-81b2-526e-1928d7391f12" executionId="510c1491-3172-4901-a0a8-8ace75e2c1ad" testListId="8c84fa94-04c1-424b-9868-57a2d4851a1d" />
    <TestEntry testId="acd20d9c-932c-04b3-af3f-0c21e5fe86ad" executionId="c339ca1a-ca97-49a0-bae9-34b4e8132f33" testListId="8c84fa94-04c1-424b-9868-57a2d4851a1d" />
    <TestEntry testId="4b7aac72-14f7-a940-2faa-21a3faf7d26d" executionId="548766b3-71c5-4601-8579-20c4af2943cc" testListId="8c84fa94-04c1-424b-9868-57a2d4851a1d" />
    <TestEntry testId="60320f70-4a9f-70f1-7c28-e93af772c6f1" executionId="c496a86f-2302-49f2-b040-28ef0a5268b4" testListId="8c84fa94-04c1-424b-9868-57a2d4851a1d" />
    <TestEntry testId="78ff2a97-3337-f054-99af-d529beab7408" executionId="7b8d0220-1275-4ed6-961b-a649f84b3fc2" testListId="8c84fa94-04c1-424b-9868-57a2d4851a1d" />
    <TestEntry testId="0b71c0e3-a86d-bb75-3905-c8d1b5aeb91a" executionId="b624cef2-a9e2-4105-871b-f64d7b236350" testListId="8c84fa94-04c1-424b-9868-57a2d4851a1d" />
    <TestEntry testId="b55d9ab7-b50d-8694-076c-cd1ae02a1830" executionId="06cfa25c-9d05-40c8-bd3d-d8cf4a645868" testListId="8c84fa94-04c1-424b-9868-57a2d4851a1d" />
    <TestEntry testId="dbb96aaf-a96a-17ef-183f-86b91f19180a" executionId="f3e1ae8e-5cc9-4373-8afc-cb5ad2620b63" testListId="8c84fa94-04c1-424b-9868-57a2d4851a1d" />
    <TestEntry testId="b4084ff7-36a0-65d4-0c78-ecb397769e59" executionId="b160d12d-a81f-4728-8df1-7094a933c4f2" testListId="8c84fa94-04c1-424b-9868-57a2d4851a1d" />
    <TestEntry testId="622ddc1e-1b08-2724-a4a8-117fa310d9d4" executionId="d67f2d5a-ea93-4154-80cb-7c8d13a94077" testListId="8c84fa94-04c1-424b-9868-57a2d4851a1d" />
    <TestEntry testId="85dfb615-5a2b-c9e8-954a-1ca3cda0ed50" executionId="6bf2bfa2-ba78-4cdc-8046-0c173704a8a8" testListId="8c84fa94-04c1-424b-9868-57a2d4851a1d" />
    <TestEntry testId="5816afd1-0423-3367-459b-a9396f53d5e9" executionId="4e069269-8387-4c67-90d5-7d2c8f9c3c4e" testListId="8c84fa94-04c1-424b-9868-57a2d4851a1d" />
    <TestEntry testId="293f3170-f5e3-ae68-2fe6-f1a2050d9406" executionId="163ce362-3fa5-43c2-988d-68d52503768d" testListId="8c84fa94-04c1-424b-9868-57a2d4851a1d" />
    <TestEntry testId="127108ad-a23a-01af-0f57-d0e23c2fc6ee" executionId="ad02217c-d1bb-4ad2-bac5-231c0ae87989" testListId="8c84fa94-04c1-424b-9868-57a2d4851a1d" />
    <TestEntry testId="9bdb0662-1da6-dcfb-f42f-a6f76e640bc7" executionId="49d9545d-338c-4308-b033-a92b5175682e" testListId="8c84fa94-04c1-424b-9868-57a2d4851a1d" />
    <TestEntry testId="c8e69239-6298-e629-41af-f2978db9a1f2" executionId="b5fbc1ec-48ec-47f5-a371-6e3710b985c4" testListId="8c84fa94-04c1-424b-9868-57a2d4851a1d" />
    <TestEntry testId="20ec1541-8979-9379-2a80-d7b4208b9361" executionId="8cc63d48-eb18-41c2-9503-6be6d45be2e6" testListId="8c84fa94-04c1-424b-9868-57a2d4851a1d" />
    <TestEntry testId="75a62d1d-a8c9-5e1b-d60b-36256a029b10" executionId="3c05f1ed-8556-4399-b705-094426d5b542" testListId="8c84fa94-04c1-424b-9868-57a2d4851a1d" />
    <TestEntry testId="2fa26119-f0d4-f02f-aad4-4159385bd8d6" executionId="f97e36bc-ccaa-40ec-9ceb-0c0674c3389f" testListId="8c84fa94-04c1-424b-9868-57a2d4851a1d" />
    <TestEntry testId="31a9e5b9-5dae-2169-816a-49e71f1970b4" executionId="b4be9e8e-0bb8-4d8b-b134-4837e2229e57" testListId="8c84fa94-04c1-424b-9868-57a2d4851a1d" />
    <TestEntry testId="d3b09615-1a45-b103-fa28-b14a8987e6d6" executionId="28ad336f-968e-4b85-9583-3678ed700c70" testListId="8c84fa94-04c1-424b-9868-57a2d4851a1d" />
    <TestEntry testId="293b32bd-fbf2-4184-a225-176afa528e30" executionId="71964594-fc2c-4ec3-a63b-cccffe0b9015" testListId="8c84fa94-04c1-424b-9868-57a2d4851a1d" />
    <TestEntry testId="78c6ac56-439c-936d-9bc8-d75c96ae27cf" executionId="15933b5e-a3e8-4956-b25c-e99fdd7b9e6a" testListId="8c84fa94-04c1-424b-9868-57a2d4851a1d" />
    <TestEntry testId="c6780686-1c61-1715-7689-c3e60389158d" executionId="9d30f670-78d3-4bc2-8f77-b301e80ee3e3" testListId="8c84fa94-04c1-424b-9868-57a2d4851a1d" />
    <TestEntry testId="155fd501-48dd-974a-89ed-642a7f2b89c6" executionId="12c35f50-369c-4365-965d-b7efaeb2ef8f" testListId="8c84fa94-04c1-424b-9868-57a2d4851a1d" />
    <TestEntry testId="1c94ba47-9023-7143-4a8e-fb67768a6f84" executionId="b67c1604-d19a-45fe-9832-790cebb2a367" testListId="8c84fa94-04c1-424b-9868-57a2d4851a1d" />
    <TestEntry testId="fa250182-9873-e1c4-5d09-117e7d101da5" executionId="cfb1721f-12e2-43b5-b43a-849ae9794865" testListId="8c84fa94-04c1-424b-9868-57a2d4851a1d" />
    <TestEntry testId="d74bb234-b535-f88e-af7d-f7d8dd2a6a63" executionId="4bb1af3b-5b2e-47b7-b905-d7020d1ae578" testListId="8c84fa94-04c1-424b-9868-57a2d4851a1d" />
    <TestEntry testId="319e4aca-e1b2-abee-a664-806325ea8bcf" executionId="283559e0-568a-4fb3-9b8e-f504d5d5c9b1" testListId="8c84fa94-04c1-424b-9868-57a2d4851a1d" />
    <TestEntry testId="89af6bd0-6213-2f85-a07a-cb8660be99ac" executionId="3768946d-38ba-4087-a001-2819fc34e7e3" testListId="8c84fa94-04c1-424b-9868-57a2d4851a1d" />
    <TestEntry testId="e529d133-0f3d-876f-a8c8-1fb567bd9f45" executionId="f65be81c-ab20-4b0e-8fa4-8d90782037f4" testListId="8c84fa94-04c1-424b-9868-57a2d4851a1d" />
    <TestEntry testId="be55f5e0-b7f0-9aff-ed43-349928d3ded4" executionId="162c2e02-0591-4f3d-b3df-7ffa858c48b2" testListId="8c84fa94-04c1-424b-9868-57a2d4851a1d" />
    <TestEntry testId="82d24403-7845-d860-1c38-6d3acb1891b0" executionId="30ad2e9a-ef61-4384-b2df-0fc5676dffc3" testListId="8c84fa94-04c1-424b-9868-57a2d4851a1d" />
    <TestEntry testId="12a9b3ec-3da9-8003-0320-e5511579bdf6" executionId="d73b0d28-4024-4c52-a988-884caf9aa072" testListId="8c84fa94-04c1-424b-9868-57a2d4851a1d" />
    <TestEntry testId="1114ef88-3a8d-00e8-b05f-9d946af3b862" executionId="93d6581e-b6fd-47f4-8fee-ce4b04f95d23" testListId="8c84fa94-04c1-424b-9868-57a2d4851a1d" />
    <TestEntry testId="8bb1fdac-bd2f-7ceb-1472-b2242404b945" executionId="ed5093a8-4cd9-4ad0-a090-364654f60a06" testListId="8c84fa94-04c1-424b-9868-57a2d4851a1d" />
    <TestEntry testId="b8b1ab27-8a4e-efd8-aa9b-16e67226c1d8" executionId="c0ab2ab5-7424-41ca-a9a1-db359de1ca36" testListId="8c84fa94-04c1-424b-9868-57a2d4851a1d" />
    <TestEntry testId="47436b86-681d-e7ad-2168-9b49e9b5df4c" executionId="843d2742-819b-4486-b751-670f263cead4" testListId="8c84fa94-04c1-424b-9868-57a2d4851a1d" />
    <TestEntry testId="8669e8bd-171b-0309-d338-338ea257b72c" executionId="ca1f3775-cd3a-446a-8ed9-e3b40708adcc" testListId="8c84fa94-04c1-424b-9868-57a2d4851a1d" />
    <TestEntry testId="a45e84a9-9441-4c6e-5f47-d3e3ab1875f4" executionId="44bae296-24af-493e-af04-f44a36f41c5a" testListId="8c84fa94-04c1-424b-9868-57a2d4851a1d" />
    <TestEntry testId="9d10d3f2-3073-a06b-e5b7-c3d98c547c35" executionId="fea1b8fd-16f2-41d0-85d4-88ffd9466a85" testListId="8c84fa94-04c1-424b-9868-57a2d4851a1d" />
    <TestEntry testId="9d101f44-0905-1aab-02aa-fb6b719f6e5a" executionId="bd5e8349-edff-4939-8c9a-443cb17a600f" testListId="8c84fa94-04c1-424b-9868-57a2d4851a1d" />
    <TestEntry testId="df00f2a2-8dd6-7f1c-e1c7-cdfd2a7aa321" executionId="e59694d1-f202-4afa-94ae-32db368ad48c" testListId="8c84fa94-04c1-424b-9868-57a2d4851a1d" />
    <TestEntry testId="3412d315-2f63-2c73-32e0-66d79e50d939" executionId="df5dabd6-a228-4fda-a45a-222791c1f22c" testListId="8c84fa94-04c1-424b-9868-57a2d4851a1d" />
    <TestEntry testId="58e7aa30-50ca-258e-dfcf-c11ea51ee0b7" executionId="f6a8a960-d8d0-48bb-8a1b-f7c66f6db7f7" testListId="8c84fa94-04c1-424b-9868-57a2d4851a1d" />
    <TestEntry testId="516c01d6-57b7-d676-abbc-5c0620a39685" executionId="4c3ce456-3fa7-4ecc-b409-912a66e1e53a" testListId="8c84fa94-04c1-424b-9868-57a2d4851a1d" />
    <TestEntry testId="b8e713b0-e424-b91d-eaad-d7c6c1adfcba" executionId="c6568a26-3e4c-4288-9503-4f3e12ca1ad5" testListId="8c84fa94-04c1-424b-9868-57a2d4851a1d" />
    <TestEntry testId="0debfba1-dbbf-07fb-f280-fce96076f293" executionId="7b17765a-bf28-434f-bb5f-c860f42081c3" testListId="8c84fa94-04c1-424b-9868-57a2d4851a1d" />
    <TestEntry testId="3f3f2b4f-7275-5a9d-e8aa-76a35c9894f2" executionId="a5a77a6a-d976-4d1a-9532-4006f045e353" testListId="8c84fa94-04c1-424b-9868-57a2d4851a1d" />
    <TestEntry testId="715f99b4-c869-387c-2b86-3b537d7fcdc6" executionId="43a24c13-d543-49de-98f3-cd409fd98e19" testListId="8c84fa94-04c1-424b-9868-57a2d4851a1d" />
    <TestEntry testId="84a6a636-074f-0b50-475c-d1c3182a365f" executionId="d1d2a58b-c2b7-4dc3-b46d-0aeb6ac1b026" testListId="8c84fa94-04c1-424b-9868-57a2d4851a1d" />
    <TestEntry testId="267d02d9-05c8-4da9-a5bc-ecd135ec8233" executionId="9d42b02a-a7d0-458d-a226-8474f6ab4eb5" testListId="8c84fa94-04c1-424b-9868-57a2d4851a1d" />
    <TestEntry testId="2a1acbde-48f0-baca-6a56-3f8f9f063c87" executionId="9a105fd4-3ea3-474e-9870-1ff91f6ce15c" testListId="8c84fa94-04c1-424b-9868-57a2d4851a1d" />
    <TestEntry testId="21b24ead-c473-1e4e-ffbc-f0ab0c62907e" executionId="2fa49f2e-66fe-4861-adc3-44d919c3110e" testListId="8c84fa94-04c1-424b-9868-57a2d4851a1d" />
    <TestEntry testId="8a2012f5-edd4-0ac2-d029-f45f835a7797" executionId="777d47b5-fd7c-46fb-b3d9-4432124f8216" testListId="8c84fa94-04c1-424b-9868-57a2d4851a1d" />
    <TestEntry testId="5024eb4a-19e1-7911-199c-b491c15e76d4" executionId="84329958-ffea-452a-a34f-9e39691de02d" testListId="8c84fa94-04c1-424b-9868-57a2d4851a1d" />
    <TestEntry testId="7fd059d1-2ac1-bd30-ae00-56941e5683da" executionId="9a0007e5-b7ab-44d0-b002-fc089dc2869c" testListId="8c84fa94-04c1-424b-9868-57a2d4851a1d" />
    <TestEntry testId="46ca0726-a369-f193-6fc9-9d395c0e1a5f" executionId="1d094ade-b3f5-4f75-a39e-c012eee12670" testListId="8c84fa94-04c1-424b-9868-57a2d4851a1d" />
    <TestEntry testId="e2c3c3ed-baa6-bf03-a21a-f2de5cbab20b" executionId="76e9498b-7b90-4b07-91e3-fc2e9e225d44" testListId="8c84fa94-04c1-424b-9868-57a2d4851a1d" />
    <TestEntry testId="ad2e6f77-2ae3-4682-28c1-677f96916d9e" executionId="73c15b5a-c638-41df-9cda-a77f1229a152" testListId="8c84fa94-04c1-424b-9868-57a2d4851a1d" />
    <TestEntry testId="f2977152-27e1-99c2-0ed4-b1108eb41ea8" executionId="4ff1c050-c994-4157-a659-478ab43240cf" testListId="8c84fa94-04c1-424b-9868-57a2d4851a1d" />
    <TestEntry testId="d39aff74-8c42-bf59-caa2-c3772e0bdee4" executionId="67fc8009-16a7-4194-9f7c-9c8b4c2108e2" testListId="8c84fa94-04c1-424b-9868-57a2d4851a1d" />
    <TestEntry testId="2b8047c1-d301-a5ca-65e6-92f6b8de82c4" executionId="9d930ec8-11f9-45f5-9c08-11f8c11d2cda" testListId="8c84fa94-04c1-424b-9868-57a2d4851a1d" />
    <TestEntry testId="6d4fd784-147c-7b7e-6b2f-ce54d2eb99eb" executionId="b3d2892e-4bca-46e0-9367-b3358303b749" testListId="8c84fa94-04c1-424b-9868-57a2d4851a1d" />
    <TestEntry testId="6ec1a2c8-6831-bb68-1dd4-6d5d9dedc3a6" executionId="9de7abd8-7dc5-48a0-8284-66aa73b1c3c0" testListId="8c84fa94-04c1-424b-9868-57a2d4851a1d" />
    <TestEntry testId="c49530c6-fd33-8c08-4d62-78ab11b3b62d" executionId="bf61364b-7104-41c2-b8e9-c991747d46a6" testListId="8c84fa94-04c1-424b-9868-57a2d4851a1d" />
    <TestEntry testId="7325018e-56fb-f385-2d1a-ff4306c3d376" executionId="7ae0d035-0a88-472d-acaf-ecd583cac205" testListId="8c84fa94-04c1-424b-9868-57a2d4851a1d" />
    <TestEntry testId="f839b0cd-3a0c-4f3b-f356-c2c389932835" executionId="a8e1313f-59ec-414b-81e1-38653f648931" testListId="8c84fa94-04c1-424b-9868-57a2d4851a1d" />
    <TestEntry testId="9dffeaf5-3c04-9b65-28b8-eebb297c98d7" executionId="24778397-6a93-4721-99e3-33f2244bc74f" testListId="8c84fa94-04c1-424b-9868-57a2d4851a1d" />
    <TestEntry testId="ba0f9304-7ca7-2370-1639-f2cf0cd868b8" executionId="1c298a92-2765-45e9-be3d-02fe69209b96" testListId="8c84fa94-04c1-424b-9868-57a2d4851a1d" />
    <TestEntry testId="02f53f5d-cdf9-1de7-3874-5dd51d152c85" executionId="9cdc4cec-fb2c-45c5-bef6-6e8d7891c78c" testListId="8c84fa94-04c1-424b-9868-57a2d4851a1d" />
    <TestEntry testId="666e6c5a-d69b-6714-d634-2a3c90ca8e96" executionId="9fb141f8-31fc-4b11-8b5e-29c33c54324c" testListId="8c84fa94-04c1-424b-9868-57a2d4851a1d" />
    <TestEntry testId="93ea16db-974c-28e1-088c-a5dbcd9e57e6" executionId="cca487cb-b333-43c3-83c1-da641ce0fcb5" testListId="8c84fa94-04c1-424b-9868-57a2d4851a1d" />
    <TestEntry testId="789286e0-4787-dac5-b9f7-2ee7d3b6df7f" executionId="2d037be4-71fd-4087-a749-b61b78db2d33" testListId="8c84fa94-04c1-424b-9868-57a2d4851a1d" />
    <TestEntry testId="1b003f1d-3402-4d19-d525-b44547391f1a" executionId="c591b96e-c3be-4b94-940c-3583d0d3a5ea" testListId="8c84fa94-04c1-424b-9868-57a2d4851a1d" />
    <TestEntry testId="f9ad3391-df48-f95d-f3f7-6ee8131f3855" executionId="ac2de083-967f-4321-8fa8-45b827e8f8e3" testListId="8c84fa94-04c1-424b-9868-57a2d4851a1d" />
    <TestEntry testId="049fecbe-b74a-80f6-43d3-60a266b9c40e" executionId="a9d0d3d6-eaf0-435e-ae9f-73810eb02079" testListId="8c84fa94-04c1-424b-9868-57a2d4851a1d" />
    <TestEntry testId="305d7ad1-754b-b20e-e365-f6184e1cc97e" executionId="569cc54c-aff4-4d98-b685-9974321d37fc" testListId="8c84fa94-04c1-424b-9868-57a2d4851a1d" />
    <TestEntry testId="39802328-f556-6b54-5599-280cc970a40a" executionId="52d64703-366c-46ec-ba93-bcc0c85e3ec6" testListId="8c84fa94-04c1-424b-9868-57a2d4851a1d" />
    <TestEntry testId="d511afe6-6d49-375f-49ca-80d7ddc44f44" executionId="5eda3a66-f797-4cab-9017-36724a567d93" testListId="8c84fa94-04c1-424b-9868-57a2d4851a1d" />
    <TestEntry testId="37587483-e18a-a534-2d93-a854d07444cf" executionId="1b5a5e60-bcbd-4522-bc9d-266af68d7fab" testListId="8c84fa94-04c1-424b-9868-57a2d4851a1d" />
    <TestEntry testId="9d6481ea-4f00-a1b9-12b6-4537a285077c" executionId="0033782c-49a6-4c19-95ab-6bbeb78c86dd" testListId="8c84fa94-04c1-424b-9868-57a2d4851a1d" />
    <TestEntry testId="7dd1026a-a50b-ddbc-d23f-84539626dc02" executionId="ad2d02e1-fd67-437f-8137-a85946f42308" testListId="8c84fa94-04c1-424b-9868-57a2d4851a1d" />
    <TestEntry testId="1198cd49-d17f-f7fe-663c-17c2d2fa73bb" executionId="5660349b-1c8b-46cf-806d-078fa5dc7973" testListId="8c84fa94-04c1-424b-9868-57a2d4851a1d" />
    <TestEntry testId="6ee49bb0-e452-61ca-926c-b4a022bb2d2c" executionId="3ba045ad-ee4c-4ddb-81e2-5fb484374580" testListId="8c84fa94-04c1-424b-9868-57a2d4851a1d" />
    <TestEntry testId="1329d898-9649-815e-5362-7bf6b42f39cd" executionId="fd787a7b-de7d-4048-af15-3c780f5f69ef" testListId="8c84fa94-04c1-424b-9868-57a2d4851a1d" />
    <TestEntry testId="ad937d21-993c-7f1a-8fa0-80c5eedeab97" executionId="0d018e2a-a7f2-4b8d-a530-eaa99dd50e40" testListId="8c84fa94-04c1-424b-9868-57a2d4851a1d" />
    <TestEntry testId="3c71a71a-64e9-0c40-7c68-aae717f8ecc4" executionId="8954af5f-c0a0-4e73-9c2f-25e314135728" testListId="8c84fa94-04c1-424b-9868-57a2d4851a1d" />
    <TestEntry testId="50a0983d-6292-84b3-28a0-0abe5c4262ea" executionId="71e29eba-29b2-4bca-85f3-92e868126a1c" testListId="8c84fa94-04c1-424b-9868-57a2d4851a1d" />
    <TestEntry testId="fc92dcdb-aa20-edf8-3be9-ce9746fdc4a5" executionId="19d2d6f5-7556-407a-9eb9-8da1a6bee94c" testListId="8c84fa94-04c1-424b-9868-57a2d4851a1d" />
    <TestEntry testId="c7bca7c9-5f22-da07-220a-3e48b96be5f4" executionId="df208f81-c9ae-4878-9b1a-b7da7358896b" testListId="8c84fa94-04c1-424b-9868-57a2d4851a1d" />
    <TestEntry testId="f4b9b371-0f1d-68d9-e3fb-5bd02fbeac79" executionId="69f88b34-3f18-4a42-b1d5-706831aacd71" testListId="8c84fa94-04c1-424b-9868-57a2d4851a1d" />
    <TestEntry testId="c68ddbd6-426b-5ffa-ffe4-e499794b6aaa" executionId="00a70ffb-5abc-4ab1-bfc0-c2f7bf1b5be1" testListId="8c84fa94-04c1-424b-9868-57a2d4851a1d" />
    <TestEntry testId="94d54531-3073-4e4a-4bfc-5551f60b5f70" executionId="6e3afd3a-1b1e-45c7-9dee-9872e0263a2b" testListId="8c84fa94-04c1-424b-9868-57a2d4851a1d" />
    <TestEntry testId="921f7712-02a5-e3f4-e3d7-c54c64e6988d" executionId="5173819c-c33c-4572-af7d-f2a7a6a47661" testListId="8c84fa94-04c1-424b-9868-57a2d4851a1d" />
    <TestEntry testId="a020b393-815a-fe21-c070-1466a8ed63a6" executionId="d4c3c14f-8f19-41c4-86f5-c53c09eafbcb" testListId="8c84fa94-04c1-424b-9868-57a2d4851a1d" />
    <TestEntry testId="c6db83e7-5e77-1b6b-d1cd-a0dc3dc0562d" executionId="373942d6-ebfa-492a-9707-7a3b6ca4fc1f" testListId="8c84fa94-04c1-424b-9868-57a2d4851a1d" />
    <TestEntry testId="bdb7e663-b622-2087-7954-8ebc47f08947" executionId="730fd9a1-0fab-4c30-87cb-d14ab2acde51" testListId="8c84fa94-04c1-424b-9868-57a2d4851a1d" />
    <TestEntry testId="5fd39ef6-9234-df81-0f71-277429bc7c32" executionId="8b6f03dc-98a6-4d24-9766-9dcec6870d4c" testListId="8c84fa94-04c1-424b-9868-57a2d4851a1d" />
    <TestEntry testId="6bf5dd0b-e802-8692-f239-0f93367d3b0f" executionId="423f9ea1-4cae-4492-9afa-38db4d78dfb7" testListId="8c84fa94-04c1-424b-9868-57a2d4851a1d" />
    <TestEntry testId="c29fcd0e-f083-bd43-f71f-bc203a875a9f" executionId="0409a50a-0a14-4f4c-a105-f5de05b4d046" testListId="8c84fa94-04c1-424b-9868-57a2d4851a1d" />
    <TestEntry testId="5dd3de1a-edfb-d8fd-bf35-2bfaa455e028" executionId="c9f03121-a657-41a9-9c1b-ab849b842d6a" testListId="8c84fa94-04c1-424b-9868-57a2d4851a1d" />
    <TestEntry testId="ea2e82c5-a347-018b-9a24-a661f3fdcf08" executionId="f38f60c1-5ec1-4903-99b2-bb411d1bcd53" testListId="8c84fa94-04c1-424b-9868-57a2d4851a1d" />
    <TestEntry testId="ca147646-4355-af9f-461b-7fc1ef6c9150" executionId="a9019222-cffd-4a41-9167-c1a32e408701" testListId="8c84fa94-04c1-424b-9868-57a2d4851a1d" />
    <TestEntry testId="87cc0ff4-d648-edd4-cbb7-3dc53c271bbb" executionId="d09cb614-6346-4eee-b9bd-eafa4af23260" testListId="8c84fa94-04c1-424b-9868-57a2d4851a1d" />
    <TestEntry testId="0ab6afe1-8f50-2019-59a3-4ac5c5d9a9e7" executionId="7b36de82-d5be-4a9a-9164-4c0a55287f90" testListId="8c84fa94-04c1-424b-9868-57a2d4851a1d" />
    <TestEntry testId="1feeea98-0cc7-d0ba-3efb-f1a2c25d93d9" executionId="33accc19-1bc7-46df-bc71-859c9f5a50c1" testListId="8c84fa94-04c1-424b-9868-57a2d4851a1d" />
    <TestEntry testId="7c8f3ab1-db42-a00e-13a0-5ab0038cf7ca" executionId="06e32943-ce45-444e-8764-a4db2bf8a328" testListId="8c84fa94-04c1-424b-9868-57a2d4851a1d" />
    <TestEntry testId="783c61b8-9979-7e4d-dff3-17f24aca21ff" executionId="075de5a4-89c8-4996-a12d-df956e03b63c" testListId="8c84fa94-04c1-424b-9868-57a2d4851a1d" />
    <TestEntry testId="64e5d08c-4855-37f0-f6ca-e931b091af78" executionId="16d4c4dc-743f-4dd2-b28b-adaf82d19c5e" testListId="8c84fa94-04c1-424b-9868-57a2d4851a1d" />
    <TestEntry testId="d0dea217-f485-5464-00b4-b2caf40f1cdd" executionId="f2ad22b7-1cce-46be-b22e-4a90679e0663" testListId="8c84fa94-04c1-424b-9868-57a2d4851a1d" />
    <TestEntry testId="2c8e1508-e46b-f83f-a9ec-af77f3f725ce" executionId="bc429676-88fb-4f83-938d-32711a3f8212" testListId="8c84fa94-04c1-424b-9868-57a2d4851a1d" />
    <TestEntry testId="8b9dd64c-a604-c45d-c8b1-ae6e34fb50fb" executionId="188e8579-4a9a-480d-b613-c0685793c02c" testListId="8c84fa94-04c1-424b-9868-57a2d4851a1d" />
    <TestEntry testId="104b8812-b45f-fec0-59d2-ecf4497b6979" executionId="a240fd3b-b145-412d-97c1-13d9818f462c" testListId="8c84fa94-04c1-424b-9868-57a2d4851a1d" />
    <TestEntry testId="80063462-e74f-69b5-ae3f-439fe54d3096" executionId="217bee6c-9d55-412f-a610-e3cab8440e7a" testListId="8c84fa94-04c1-424b-9868-57a2d4851a1d" />
    <TestEntry testId="e2c22c5f-f9e5-d636-66e8-9b5c5a9cf166" executionId="eb847d5d-d962-402a-8ca6-e86ef5930028" testListId="8c84fa94-04c1-424b-9868-57a2d4851a1d" />
    <TestEntry testId="85ac4351-05ae-c462-6fbc-c2a9712dcfbb" executionId="067e25e5-539a-49f5-aeb0-67c467abd2e7" testListId="8c84fa94-04c1-424b-9868-57a2d4851a1d" />
    <TestEntry testId="081f9a08-6053-6399-57df-5083103f0ed1" executionId="37738127-0885-406f-ba12-c9f33f7eb2ad" testListId="8c84fa94-04c1-424b-9868-57a2d4851a1d" />
    <TestEntry testId="43066919-b5f1-9fa5-bab8-3882b0953a51" executionId="b3662705-e401-4b37-b0f9-1402a9a5551c" testListId="8c84fa94-04c1-424b-9868-57a2d4851a1d" />
    <TestEntry testId="118175ae-7bae-7040-c3f4-c9ec7f8f4e4d" executionId="7aea47d0-8ae7-4707-85cf-8973d783fd23" testListId="8c84fa94-04c1-424b-9868-57a2d4851a1d" />
    <TestEntry testId="6e522d0e-7368-12e3-1e06-d55f273f4474" executionId="da29a86d-7139-4fb3-8b30-4e09204712ef" testListId="8c84fa94-04c1-424b-9868-57a2d4851a1d" />
    <TestEntry testId="a9418999-2eed-9cdf-8bb5-11564b28e54f" executionId="2eb005dd-55b6-4bfc-b989-7e4515f7dde3" testListId="8c84fa94-04c1-424b-9868-57a2d4851a1d" />
    <TestEntry testId="d4442990-a3df-baa3-1e90-cb79c9f1e4b8" executionId="03393589-7200-46d6-bea2-ad813c0f7625" testListId="8c84fa94-04c1-424b-9868-57a2d4851a1d" />
    <TestEntry testId="6f1935e6-71e3-6bf5-f235-e04c973cfbb6" executionId="e05cdafc-42c6-4d70-9b4e-8863e57a4542" testListId="8c84fa94-04c1-424b-9868-57a2d4851a1d" />
    <TestEntry testId="f3a96a40-44b5-892e-469d-980fc130c6ee" executionId="f2661c73-910c-4e2c-ab44-3c192b884521" testListId="8c84fa94-04c1-424b-9868-57a2d4851a1d" />
    <TestEntry testId="9a625620-1442-cae3-01b8-69e7f94fe29f" executionId="2d5afd9c-f0a2-414b-944f-307595559cf2" testListId="8c84fa94-04c1-424b-9868-57a2d4851a1d" />
    <TestEntry testId="fd38c7b1-c83c-db8b-eabd-1021787b943a" executionId="a8a4fb38-7e9b-4b12-9a27-f32e5799a022" testListId="8c84fa94-04c1-424b-9868-57a2d4851a1d" />
    <TestEntry testId="49098cf6-4b99-a929-7a99-e90252e62938" executionId="bfa53bb2-1806-4045-8ed4-905d548665fd" testListId="8c84fa94-04c1-424b-9868-57a2d4851a1d" />
    <TestEntry testId="f394434a-220f-bf7d-5d5b-299ea39adc6a" executionId="fe2749da-fe52-43b5-b1de-161dfc31adfa" testListId="8c84fa94-04c1-424b-9868-57a2d4851a1d" />
    <TestEntry testId="3b462b8a-5d11-83b0-229a-e2949d34ba78" executionId="98e1cf5a-e828-4d9c-9cf1-33e66143873b" testListId="8c84fa94-04c1-424b-9868-57a2d4851a1d" />
    <TestEntry testId="f10901f3-9edb-d90f-86a4-6970680289f4" executionId="a836f8c2-7779-4576-8dbd-21103c245d74" testListId="8c84fa94-04c1-424b-9868-57a2d4851a1d" />
    <TestEntry testId="1f38bd57-035e-1e74-9518-5bce9e6a0126" executionId="125c63f5-5d23-4fb8-ba39-f04900ca4186" testListId="8c84fa94-04c1-424b-9868-57a2d4851a1d" />
    <TestEntry testId="6bd8ce04-325e-7279-fc5b-efad87b87bbc" executionId="216d3efb-6503-4271-9b18-43a72cd8f0bf" testListId="8c84fa94-04c1-424b-9868-57a2d4851a1d" />
    <TestEntry testId="476dbf68-b3f3-1c60-c1c7-02ae7be3f88c" executionId="d884b189-f680-4621-bd61-6982c6260e30" testListId="8c84fa94-04c1-424b-9868-57a2d4851a1d" />
    <TestEntry testId="3a791062-b0f7-227a-0df0-e0cbc8866366" executionId="c8bb6661-0433-4471-a310-6dbb6757b26a" testListId="8c84fa94-04c1-424b-9868-57a2d4851a1d" />
    <TestEntry testId="6ba255de-dbf0-eb3f-02fb-2c64c42b1682" executionId="a12b9b3f-6420-42fc-aaed-f9c6e87120af" testListId="8c84fa94-04c1-424b-9868-57a2d4851a1d" />
    <TestEntry testId="a8544f70-e74c-4651-b3a5-938eee84946c" executionId="52d01ca3-896d-4b4e-82dc-179f40819845" testListId="8c84fa94-04c1-424b-9868-57a2d4851a1d" />
    <TestEntry testId="4c871f69-a914-b0d2-8d33-43029baf7204" executionId="0a10ecfc-0d6a-4d6d-843b-bea8761e4fdc" testListId="8c84fa94-04c1-424b-9868-57a2d4851a1d" />
    <TestEntry testId="ff22b8bc-5bd3-865e-7cf1-849b0fbeafa6" executionId="13182e8d-1870-4830-9177-9bd1e467e430" testListId="8c84fa94-04c1-424b-9868-57a2d4851a1d" />
    <TestEntry testId="cf4dde5a-6cbd-8ba1-e980-ad5342d492f2" executionId="9bbe0d67-38cd-49f5-829c-192f00744070" testListId="8c84fa94-04c1-424b-9868-57a2d4851a1d" />
    <TestEntry testId="eac2e640-9ce9-7c4d-f7fa-c93756d8fd21" executionId="176ec5f5-cf31-4117-99a3-dea5f8832639" testListId="8c84fa94-04c1-424b-9868-57a2d4851a1d" />
    <TestEntry testId="9edf38d2-10df-1285-f1e9-196bcd9988f8" executionId="7f0abce5-f573-4280-b3f2-ee979568dc8b" testListId="8c84fa94-04c1-424b-9868-57a2d4851a1d" />
    <TestEntry testId="5fdf73d2-a6c3-1d96-993b-9adde6849458" executionId="cb3000f4-8114-44f4-bc7d-0b95aba2af22" testListId="8c84fa94-04c1-424b-9868-57a2d4851a1d" />
    <TestEntry testId="d003ebe1-0b55-00f6-3259-6dd8c0c81c36" executionId="128f12dd-a0d3-4171-baf9-e67b8d041cdf" testListId="8c84fa94-04c1-424b-9868-57a2d4851a1d" />
    <TestEntry testId="08b1bf9e-be72-ae61-10ac-a223a01bc21f" executionId="9a36122f-0f82-4b61-a32b-d3596abb872f" testListId="8c84fa94-04c1-424b-9868-57a2d4851a1d" />
    <TestEntry testId="f7aa2147-5554-d3fb-fab3-5dd7cafa21ae" executionId="949f68ca-c31d-4b53-8d92-cdc434d8c534" testListId="8c84fa94-04c1-424b-9868-57a2d4851a1d" />
    <TestEntry testId="a78aa3f2-532a-6d0f-d478-72348a03be8f" executionId="9cfe7a12-bd84-4ffa-bf72-fec15425d6a2" testListId="8c84fa94-04c1-424b-9868-57a2d4851a1d" />
    <TestEntry testId="72c72434-2456-838e-2559-d67e1d9e9594" executionId="d9912ad2-6a9e-476b-a7bc-99d16e5d1861" testListId="8c84fa94-04c1-424b-9868-57a2d4851a1d" />
    <TestEntry testId="1b6fb41b-ddea-df7a-5182-4b37b5fea72f" executionId="18d70afc-45b9-4c03-a266-4b3dbe3e9572" testListId="8c84fa94-04c1-424b-9868-57a2d4851a1d" />
    <TestEntry testId="2bd57cff-23ad-c458-936d-f4a1df7f2174" executionId="01322d33-b9c9-4f63-b528-895bd4d20079" testListId="8c84fa94-04c1-424b-9868-57a2d4851a1d" />
    <TestEntry testId="b84f0c41-67d3-2b8c-1b37-48680bcaa3f1" executionId="c4fc141d-3eca-4cbf-a971-32bc0278a10d" testListId="8c84fa94-04c1-424b-9868-57a2d4851a1d" />
    <TestEntry testId="6f37c244-6378-502b-d0e2-1f46ae00798a" executionId="2ae1dd49-52d3-4d79-85c4-b893b74330b6" testListId="8c84fa94-04c1-424b-9868-57a2d4851a1d" />
    <TestEntry testId="26835654-3462-527e-b5f4-c2660674a536" executionId="7800b227-bf17-4138-853b-6c78a46fcae0" testListId="8c84fa94-04c1-424b-9868-57a2d4851a1d" />
    <TestEntry testId="0d1382de-8a3f-49e3-aa2b-30b95d9909dc" executionId="98514d59-939f-4c81-ae17-af1734fb6ee8" testListId="8c84fa94-04c1-424b-9868-57a2d4851a1d" />
    <TestEntry testId="a1b74b0b-009e-e0a3-33bb-93ec2d1ed879" executionId="04d08be7-51f3-45c5-afce-57a182896750" testListId="8c84fa94-04c1-424b-9868-57a2d4851a1d" />
    <TestEntry testId="e3176b8a-be66-d0ad-14ec-c6e732fd4611" executionId="d2707031-05e2-4d72-ade8-77e54a477fd5" testListId="8c84fa94-04c1-424b-9868-57a2d4851a1d" />
    <TestEntry testId="dd82dfe3-d3c1-ce94-6d6a-ce65289a7e16" executionId="978bd03d-0a4b-4961-9423-e4767f084464" testListId="8c84fa94-04c1-424b-9868-57a2d4851a1d" />
    <TestEntry testId="9c178939-b4e7-f84c-5be2-4463cc337601" executionId="4ba51d17-f176-4897-a3b7-7f942a2c90fc" testListId="8c84fa94-04c1-424b-9868-57a2d4851a1d" />
    <TestEntry testId="a006c8c5-5fc9-d8c0-bf2b-0aa03737e1af" executionId="0d590dd8-ebeb-4e9c-aae0-0973fb5d3d04" testListId="8c84fa94-04c1-424b-9868-57a2d4851a1d" />
    <TestEntry testId="02e92061-ff27-3ac2-c64c-a7dea7592a97" executionId="db30335d-ef30-40ba-903e-1fe4f2d43cc0" testListId="8c84fa94-04c1-424b-9868-57a2d4851a1d" />
    <TestEntry testId="7fb14702-51a2-930f-968e-cf2878154e79" executionId="44e55f48-5550-4b1a-b308-f80d7df4f9e1" testListId="8c84fa94-04c1-424b-9868-57a2d4851a1d" />
    <TestEntry testId="6465bbca-6052-91bc-2374-2a90ed08534d" executionId="7e806f3d-8590-4d02-abd7-1f44add106f1" testListId="8c84fa94-04c1-424b-9868-57a2d4851a1d" />
    <TestEntry testId="f6772c2d-e583-5311-5f0b-5c7150760516" executionId="d83e28ab-1107-4bf4-845b-7b8963baabb6" testListId="8c84fa94-04c1-424b-9868-57a2d4851a1d" />
    <TestEntry testId="f919a662-c6a0-0a13-fdf0-e25b22fd7d03" executionId="68b447e4-4075-4278-b159-fc2bcc3ab770" testListId="8c84fa94-04c1-424b-9868-57a2d4851a1d" />
    <TestEntry testId="c570b34b-e51d-8b89-43e6-8631970d32ae" executionId="a4aeaba4-9530-4a4d-8e0a-fb4f07e3453a" testListId="8c84fa94-04c1-424b-9868-57a2d4851a1d" />
    <TestEntry testId="9adca215-6bcc-d33f-cff0-1fcf7e438639" executionId="5a2a8647-9408-4e19-b3b8-844cc49b0990" testListId="8c84fa94-04c1-424b-9868-57a2d4851a1d" />
    <TestEntry testId="45834d49-53e1-d4c2-01f8-62e2b8637be2" executionId="0c40f137-85b2-46fe-b657-e29e01add8a9" testListId="8c84fa94-04c1-424b-9868-57a2d4851a1d" />
    <TestEntry testId="1464a866-1467-976e-29bd-6b7a26b0e079" executionId="3c4489c2-f3c5-49b2-a2ff-9423bda261f8" testListId="8c84fa94-04c1-424b-9868-57a2d4851a1d" />
    <TestEntry testId="15df3a5f-787a-e106-63fa-d3d5eddfdf0c" executionId="e7709f36-ddd4-4a3f-8550-6ebe90553b2d" testListId="8c84fa94-04c1-424b-9868-57a2d4851a1d" />
    <TestEntry testId="45faaf94-8fe8-d7c5-c835-ecc201e7d932" executionId="cef0680a-4618-4324-932a-88aedd1aba20" testListId="8c84fa94-04c1-424b-9868-57a2d4851a1d" />
    <TestEntry testId="718bfcb4-43b7-ecd7-3287-19035bc44f45" executionId="4a6215fd-d75b-4cdd-bb74-b8363d8da67a" testListId="8c84fa94-04c1-424b-9868-57a2d4851a1d" />
    <TestEntry testId="05af5647-014b-c33b-f3b5-de49c30b7af3" executionId="6299e57f-78fd-4f64-a415-b02b9e00bcfc" testListId="8c84fa94-04c1-424b-9868-57a2d4851a1d" />
    <TestEntry testId="fd262f28-513a-06d4-2128-ee1905d76942" executionId="e33cd386-0bd4-47d9-9897-fc2c9a986395" testListId="8c84fa94-04c1-424b-9868-57a2d4851a1d" />
    <TestEntry testId="f2e5dcae-4196-f969-0006-b52c9b394114" executionId="77866d98-975a-4f87-b4ce-cd7f880575be" testListId="8c84fa94-04c1-424b-9868-57a2d4851a1d" />
    <TestEntry testId="ded8f92d-102b-0358-7b5e-2828b919f24e" executionId="ccd59317-e3b6-4af7-a02c-8dc6833bc21f" testListId="8c84fa94-04c1-424b-9868-57a2d4851a1d" />
    <TestEntry testId="5e2b3fca-2ca1-d90c-02a1-154ec6ad9626" executionId="e74cd9b9-e8c9-4672-b47a-1ba04247fa50" testListId="8c84fa94-04c1-424b-9868-57a2d4851a1d" />
    <TestEntry testId="27c656ed-af7a-6dcb-a54c-8684fabb981f" executionId="ef4082ca-ae12-40ef-8a17-a38ca896bf3d" testListId="8c84fa94-04c1-424b-9868-57a2d4851a1d" />
    <TestEntry testId="88d00cd5-71b0-b9c3-46be-f4b881b44514" executionId="d75f750f-41a2-4e67-823c-7cdcc26c5a41" testListId="8c84fa94-04c1-424b-9868-57a2d4851a1d" />
    <TestEntry testId="4ad0f67f-332b-bbe3-a5c7-2a02d9b7e9fc" executionId="0a6c8115-398f-489b-a6d0-6953c29bfc4b" testListId="8c84fa94-04c1-424b-9868-57a2d4851a1d" />
    <TestEntry testId="4c6ad706-e0e9-b0ae-79be-604b6cfef79e" executionId="d53330fc-fc23-4850-bfd2-94fa51c63073" testListId="8c84fa94-04c1-424b-9868-57a2d4851a1d" />
    <TestEntry testId="4717940b-70e7-af53-87ae-1477ce157ab3" executionId="4c35d4ec-b53e-43b0-aa94-bb3c2e943057" testListId="8c84fa94-04c1-424b-9868-57a2d4851a1d" />
    <TestEntry testId="d5d88cf7-59d6-0627-e03d-5fa28db84154" executionId="68621a23-7302-4233-b873-762007950ebd" testListId="8c84fa94-04c1-424b-9868-57a2d4851a1d" />
    <TestEntry testId="7d722e1e-4b06-2bcd-088b-bc5b5722c0b1" executionId="f7d088be-68dd-4f02-b47f-be741ab936b7" testListId="8c84fa94-04c1-424b-9868-57a2d4851a1d" />
    <TestEntry testId="ba0ae2f6-3f07-8af4-bb67-ddd2feeb73bd" executionId="4260a903-408f-4eaa-adfb-98b4250c0007" testListId="8c84fa94-04c1-424b-9868-57a2d4851a1d" />
    <TestEntry testId="efd3ecff-7860-677d-ee0a-05f7d0dd6e15" executionId="80d6f594-b7e5-45b7-bfe3-7ecf046721c8" testListId="8c84fa94-04c1-424b-9868-57a2d4851a1d" />
    <TestEntry testId="35e5231a-f380-9de4-2b13-d1fef7d2d8b2" executionId="69dd4fe2-7468-4ba4-9d1a-45db5c543f4d" testListId="8c84fa94-04c1-424b-9868-57a2d4851a1d" />
    <TestEntry testId="07889f0a-a2d0-659d-2063-b520e6f36367" executionId="3a5360ae-6267-49ce-8452-00948d4adcc8" testListId="8c84fa94-04c1-424b-9868-57a2d4851a1d" />
    <TestEntry testId="886227de-8ea1-2ab6-c107-f15ffa23f1e2" executionId="4e93dda3-c909-4711-83b9-a39f467fb0b0" testListId="8c84fa94-04c1-424b-9868-57a2d4851a1d" />
    <TestEntry testId="31f6c340-8f74-bf05-8d87-89447c5395e8" executionId="30d05cdc-d9ca-4b45-9386-0c9e83140d56" testListId="8c84fa94-04c1-424b-9868-57a2d4851a1d" />
    <TestEntry testId="fd7a8bbd-54c4-4946-4b33-4404ccf9c270" executionId="bfc86363-ea28-4586-b7ba-503f7c7bc146" testListId="8c84fa94-04c1-424b-9868-57a2d4851a1d" />
    <TestEntry testId="30715c07-4fcc-996e-e86c-8332d5c7179e" executionId="bd956610-4852-4642-9482-b7290bc3c008" testListId="8c84fa94-04c1-424b-9868-57a2d4851a1d" />
    <TestEntry testId="9060ef63-7e3c-7dab-8fd8-e26076a59f0b" executionId="4f3f6f67-0285-4822-8f11-2889e495a929" testListId="8c84fa94-04c1-424b-9868-57a2d4851a1d" />
    <TestEntry testId="46c75eb8-fd65-ecab-1ed7-a7d0d0575fbb" executionId="395c7308-fd6f-4c4b-91ae-73c2b436f9db" testListId="8c84fa94-04c1-424b-9868-57a2d4851a1d" />
    <TestEntry testId="52b3e7e8-c4a5-3878-cfaf-52c526b4299d" executionId="9a4b8dc2-0688-4846-a5a0-98bdadf85bdc" testListId="8c84fa94-04c1-424b-9868-57a2d4851a1d" />
    <TestEntry testId="cf0a79cb-e6b1-ecdf-0b83-90c17c08f100" executionId="990be015-308c-440a-a3ca-3e7843b97c35" testListId="8c84fa94-04c1-424b-9868-57a2d4851a1d" />
    <TestEntry testId="d55b7815-d829-5919-09b3-d89ab9a5012f" executionId="8a2735bb-d797-4c05-be2d-9cfe8191f3a0" testListId="8c84fa94-04c1-424b-9868-57a2d4851a1d" />
    <TestEntry testId="4fc46eab-328b-438f-06cc-fd33a8131bbf" executionId="00b6e29b-c680-49a8-ad25-81349d65309b" testListId="8c84fa94-04c1-424b-9868-57a2d4851a1d" />
    <TestEntry testId="d8c2e320-6190-1b72-f66d-bb30497b2432" executionId="070d9b71-0e43-4e69-9859-bbd21c42c145" testListId="8c84fa94-04c1-424b-9868-57a2d4851a1d" />
    <TestEntry testId="b929885d-21cf-5047-5a72-9591e713803c" executionId="68221973-8b21-44bd-bb64-c1851840ae0f" testListId="8c84fa94-04c1-424b-9868-57a2d4851a1d" />
    <TestEntry testId="e41f9d28-d915-2bd2-26d6-870d7a6aa89e" executionId="f9f9d1ef-1bcf-441d-9bc3-5c2e2d86ef14" testListId="8c84fa94-04c1-424b-9868-57a2d4851a1d" />
    <TestEntry testId="59ae0831-de2b-eb5f-53e6-48eefe23d498" executionId="45780073-60a5-4da5-a207-33e04286764e" testListId="8c84fa94-04c1-424b-9868-57a2d4851a1d" />
    <TestEntry testId="a2d0f19c-1f20-39e9-8df1-851eaee0c877" executionId="719c5030-551a-4f62-9874-7a190ccd0830" testListId="8c84fa94-04c1-424b-9868-57a2d4851a1d" />
    <TestEntry testId="d8059ece-3501-e7a1-9762-33f51ac89fd9" executionId="20258b60-78f5-4148-8e62-0de4fd2bd8c6" testListId="8c84fa94-04c1-424b-9868-57a2d4851a1d" />
    <TestEntry testId="18aa6cde-18fc-4518-3423-4b806131fd5b" executionId="223678c0-e520-47d0-a1f3-b6d31b5b6b5b" testListId="8c84fa94-04c1-424b-9868-57a2d4851a1d" />
    <TestEntry testId="6cea7a68-2d4a-ad1a-d57a-b963a4194056" executionId="201b3b62-4b99-4ef7-ba3c-e6d00788eac3" testListId="8c84fa94-04c1-424b-9868-57a2d4851a1d" />
    <TestEntry testId="36f65028-a17e-012e-79af-b69bd9d0ea50" executionId="cc392da3-fa4c-484e-86ae-b673940457cb" testListId="8c84fa94-04c1-424b-9868-57a2d4851a1d" />
    <TestEntry testId="6b102470-5fe0-736b-da07-26881a2f19de" executionId="f995cd66-4af4-4048-8d34-3be5c73e24ff" testListId="8c84fa94-04c1-424b-9868-57a2d4851a1d" />
    <TestEntry testId="a96913c2-5c94-25aa-aa92-a4b494985e51" executionId="c726e795-09ee-4ed4-82b8-05b7f2b40979" testListId="8c84fa94-04c1-424b-9868-57a2d4851a1d" />
    <TestEntry testId="46056992-99e2-330a-1f60-3d45cd3bc2e6" executionId="25b51ef2-3fd0-4a2c-ba26-eb8edd4f2926" testListId="8c84fa94-04c1-424b-9868-57a2d4851a1d" />
    <TestEntry testId="9ff14ff7-ddbc-8331-9543-ba15085b4176" executionId="f38bc6f1-3c1b-4a03-aa0e-86e51ea3f8a5" testListId="8c84fa94-04c1-424b-9868-57a2d4851a1d" />
    <TestEntry testId="14abc2b8-998a-7ca5-f1be-36d249e1c57b" executionId="7ccd7326-827a-458b-86e6-8f43cf6fb19d" testListId="8c84fa94-04c1-424b-9868-57a2d4851a1d" />
    <TestEntry testId="0a5e01e2-9d0f-c7b5-ebf8-fbb00b3697b9" executionId="42dbfd8d-fc19-4873-bd5e-77d8026b3182" testListId="8c84fa94-04c1-424b-9868-57a2d4851a1d" />
    <TestEntry testId="ac0bc991-7dad-3bbf-19c9-5fb30129fe8b" executionId="39af2939-f403-4fdf-9dfc-91b1306aa096" testListId="8c84fa94-04c1-424b-9868-57a2d4851a1d" />
    <TestEntry testId="385e9e4e-5151-54c2-b1cc-cc27d181a957" executionId="f62f7c28-8abb-45a6-bf97-9dcb2a99b8d1" testListId="8c84fa94-04c1-424b-9868-57a2d4851a1d" />
    <TestEntry testId="806115df-70cd-0935-7c36-279bceac0ca7" executionId="cc3990b6-c4c6-4823-99b0-82188c348d31" testListId="8c84fa94-04c1-424b-9868-57a2d4851a1d" />
    <TestEntry testId="a3f171ab-0da7-1470-4237-86f0955fbc3d" executionId="fc255de3-ab2c-405a-9474-0d7b232e86fa" testListId="8c84fa94-04c1-424b-9868-57a2d4851a1d" />
    <TestEntry testId="3529e793-10fd-a9f5-8d1f-80b8415525e0" executionId="dcfd9df0-041c-45b6-931a-898fd83a0a87" testListId="8c84fa94-04c1-424b-9868-57a2d4851a1d" />
    <TestEntry testId="005446dd-de59-fb40-05c8-15ff101ff62b" executionId="350c0692-d482-4895-83c6-b725e9191d67" testListId="8c84fa94-04c1-424b-9868-57a2d4851a1d" />
    <TestEntry testId="7a8a5ded-cb87-18f8-4f57-cf67880a1526" executionId="1ce5a2ba-fe07-432d-8f4c-8239dcaa99e1" testListId="8c84fa94-04c1-424b-9868-57a2d4851a1d" />
    <TestEntry testId="f9f3012a-eb0a-d94a-26f7-f14f0af44576" executionId="8c9a0ff9-70bc-4c4b-82a8-4c2620532c47" testListId="8c84fa94-04c1-424b-9868-57a2d4851a1d" />
    <TestEntry testId="59dac37e-2ea8-9db7-5b85-e17ebf1e786c" executionId="94db8941-2ac8-46f3-bf09-7b9cf9abcc4b" testListId="8c84fa94-04c1-424b-9868-57a2d4851a1d" />
    <TestEntry testId="3d846fdd-cac0-f6b0-bd5c-acbce67091e3" executionId="935e0912-869a-4b40-b4e9-55b4c87954cc" testListId="8c84fa94-04c1-424b-9868-57a2d4851a1d" />
    <TestEntry testId="693f356a-9e20-f5a7-48b2-6e45b1e254de" executionId="bd9d7c46-fe54-444e-82f4-b4accf93e7c4" testListId="8c84fa94-04c1-424b-9868-57a2d4851a1d" />
    <TestEntry testId="bc770a97-6739-784f-a860-7cf7562b7ec2" executionId="93de65a6-a2b0-4ff6-a03f-8f4d8eca4790" testListId="8c84fa94-04c1-424b-9868-57a2d4851a1d" />
    <TestEntry testId="bc20fac5-e535-e107-1517-42154988b39f" executionId="265440a9-a086-4dc2-a61a-712c627fab7b" testListId="8c84fa94-04c1-424b-9868-57a2d4851a1d" />
    <TestEntry testId="b871a1c3-a33f-a67a-5049-b2b99c52d2bb" executionId="2ff5edc0-3b59-45ed-b538-89667b06eb3f" testListId="8c84fa94-04c1-424b-9868-57a2d4851a1d" />
    <TestEntry testId="bf1c7396-458f-abe1-7cd5-70f800f62e68" executionId="329bc671-e6a3-465c-a0b4-00f40c0e2de5" testListId="8c84fa94-04c1-424b-9868-57a2d4851a1d" />
    <TestEntry testId="059c606f-3d60-53df-72c9-24d2e6e21c99" executionId="e2794ade-17e4-48db-b977-351055cb3c18" testListId="8c84fa94-04c1-424b-9868-57a2d4851a1d" />
    <TestEntry testId="7726250d-1a84-61d9-048c-e6c55a2403b1" executionId="ee216dd0-354d-47e7-83a1-8e9cf7968151" testListId="8c84fa94-04c1-424b-9868-57a2d4851a1d" />
    <TestEntry testId="ec31edd8-efda-9e8e-45c9-3573e057a69c" executionId="159c15fc-8f9b-40bb-8be5-7da43848c00c" testListId="8c84fa94-04c1-424b-9868-57a2d4851a1d" />
    <TestEntry testId="c4674444-4d27-381d-2d13-af16095b495c" executionId="985f1f32-a8a5-4721-9872-3b35cdc8e71d" testListId="8c84fa94-04c1-424b-9868-57a2d4851a1d" />
    <TestEntry testId="81b93e8e-482e-e408-eee4-d9aa0556e6f0" executionId="ea178acf-7bdb-421a-b86b-a631b71adb5c" testListId="8c84fa94-04c1-424b-9868-57a2d4851a1d" />
    <TestEntry testId="96748469-9f77-293e-9024-c4beadff4ef6" executionId="9cc46697-06fc-4843-97b7-c7218294d8d8" testListId="8c84fa94-04c1-424b-9868-57a2d4851a1d" />
    <TestEntry testId="a2a230c0-8213-023a-c64e-825786530df6" executionId="2f63b3a2-b91a-4983-ab33-3ac9bbcfbce5" testListId="8c84fa94-04c1-424b-9868-57a2d4851a1d" />
    <TestEntry testId="7f6a0ab9-500f-44ab-cca2-a1538b8ddd70" executionId="36b64f95-3fba-4ac0-a0f7-7048333ec810" testListId="8c84fa94-04c1-424b-9868-57a2d4851a1d" />
    <TestEntry testId="9d12b1c9-082e-453c-ce1a-ef9a889a54e6" executionId="7f154f73-dfb7-4acd-8dfd-4d7f402acdaa" testListId="8c84fa94-04c1-424b-9868-57a2d4851a1d" />
    <TestEntry testId="9f6ddcdf-929b-cb02-8911-903094987d1a" executionId="ae201f55-461a-450e-b7e1-5616878daded" testListId="8c84fa94-04c1-424b-9868-57a2d4851a1d" />
    <TestEntry testId="2e3bd7fd-edea-fa2f-1e47-cb4acde20649" executionId="a9215685-1778-44b8-8bc9-c12a5ddc2371" testListId="8c84fa94-04c1-424b-9868-57a2d4851a1d" />
    <TestEntry testId="00af2491-392a-89dc-55bf-452540374856" executionId="4a33ef7c-db95-40fa-857c-96224f01e2cd" testListId="8c84fa94-04c1-424b-9868-57a2d4851a1d" />
    <TestEntry testId="86772793-9b9c-cd53-07e7-ef942f102493" executionId="4c35183a-4a92-484e-b4c5-fa4e0cdfe8c4" testListId="8c84fa94-04c1-424b-9868-57a2d4851a1d" />
    <TestEntry testId="4159a119-791f-95a8-3b26-2311b7b6e23a" executionId="6603acbe-a9d5-4486-87a8-b098b1f8eb4b" testListId="8c84fa94-04c1-424b-9868-57a2d4851a1d" />
    <TestEntry testId="cb07d75a-8724-b8aa-941b-2cf713e8859e" executionId="40f150e5-42de-422f-9fd4-69d47bad658f" testListId="8c84fa94-04c1-424b-9868-57a2d4851a1d" />
    <TestEntry testId="423c6999-647a-cca0-d470-31ebbf4aa8bb" executionId="c25c8123-dfc0-4226-b559-fd95b8701567" testListId="8c84fa94-04c1-424b-9868-57a2d4851a1d" />
    <TestEntry testId="d008ea7c-7946-fcc4-ce52-21d8e24e6514" executionId="289228b7-c001-4324-9322-a5c4b2ef5e48" testListId="8c84fa94-04c1-424b-9868-57a2d4851a1d" />
    <TestEntry testId="9bf617e2-5acb-b3f1-22d6-cb663ae2d525" executionId="932a4307-9bd8-4ff1-bf33-6010f084493c" testListId="8c84fa94-04c1-424b-9868-57a2d4851a1d" />
    <TestEntry testId="a70f7772-2e5d-d839-25f4-6b6201671e24" executionId="e1f879a1-eccb-40ad-ab6f-748d59f67f0d" testListId="8c84fa94-04c1-424b-9868-57a2d4851a1d" />
    <TestEntry testId="aae80a07-bba1-9961-65be-939c18637c0f" executionId="c72cc405-6c82-40a5-a850-7767860a0fa7" testListId="8c84fa94-04c1-424b-9868-57a2d4851a1d" />
    <TestEntry testId="80b7e897-b10d-fad4-023d-830b189c8e11" executionId="771ade87-d5b1-45b4-b1b8-d81d10bf1c69" testListId="8c84fa94-04c1-424b-9868-57a2d4851a1d" />
    <TestEntry testId="5a5e812e-c4e9-175f-6bcb-96456d94eb2a" executionId="524de76e-3060-4336-8a50-ddc5c2965408" testListId="8c84fa94-04c1-424b-9868-57a2d4851a1d" />
    <TestEntry testId="d04aa2de-baae-d86e-f0a1-20911f2062f5" executionId="98f91130-bbef-4ea8-9363-65e4249c19e1" testListId="8c84fa94-04c1-424b-9868-57a2d4851a1d" />
    <TestEntry testId="759c07ed-5743-04f3-61c1-8ed09d840e87" executionId="c31420b1-1584-4f74-bebd-d51bbc3f4baa" testListId="8c84fa94-04c1-424b-9868-57a2d4851a1d" />
    <TestEntry testId="17ed2963-dfb1-7714-e286-6e03123b6d08" executionId="03be1c29-b7e5-4534-bc76-8947032fdba1" testListId="8c84fa94-04c1-424b-9868-57a2d4851a1d" />
    <TestEntry testId="e1ffa54c-eb80-0f12-fd51-b14ee6e33404" executionId="6fab8eb5-8097-4eef-8ed9-9e2bb638d8f1" testListId="8c84fa94-04c1-424b-9868-57a2d4851a1d" />
    <TestEntry testId="44ac5fce-cdcc-eed0-5459-65516580a0bf" executionId="a33572d2-9a24-4009-be12-cf793ca4c155" testListId="8c84fa94-04c1-424b-9868-57a2d4851a1d" />
    <TestEntry testId="6284c07a-1926-8d31-c1a2-15de191e68d7" executionId="0bca870b-f3a0-400c-8a88-295d83d52878" testListId="8c84fa94-04c1-424b-9868-57a2d4851a1d" />
    <TestEntry testId="ec446803-cb19-fae8-612f-032138cfb6cb" executionId="edd4af38-692d-43ba-848d-2c712d98abc9" testListId="8c84fa94-04c1-424b-9868-57a2d4851a1d" />
    <TestEntry testId="cf18dd52-6916-12e2-2fed-58d3cb34a544" executionId="6a71bb56-8cbc-4013-b8b1-6adef60cd60f" testListId="8c84fa94-04c1-424b-9868-57a2d4851a1d" />
    <TestEntry testId="6a961c02-718c-8949-3956-b0d5d43fedad" executionId="d3af3c51-6d70-44f7-912c-17011762fb5a" testListId="8c84fa94-04c1-424b-9868-57a2d4851a1d" />
    <TestEntry testId="793c7d39-7106-ac74-be73-1143bc1bfdf9" executionId="82cf9bb2-768d-4f6c-8a94-fe7aa3f60856" testListId="8c84fa94-04c1-424b-9868-57a2d4851a1d" />
    <TestEntry testId="db6b037b-68db-78d4-ca62-6240f561f66d" executionId="b5b705c7-9eea-4aa4-a827-7345b4bd35c0" testListId="8c84fa94-04c1-424b-9868-57a2d4851a1d" />
    <TestEntry testId="a88a4f36-9fe9-3a9d-de99-ff643074a031" executionId="a130f4ad-3a02-483c-a38d-01f13a3bb12c" testListId="8c84fa94-04c1-424b-9868-57a2d4851a1d" />
    <TestEntry testId="1c6c1ac8-e79d-2b72-ded6-e5c6615f559e" executionId="311b2949-b940-45d3-b553-b7e8802e9fc4" testListId="8c84fa94-04c1-424b-9868-57a2d4851a1d" />
    <TestEntry testId="c7ef4322-b543-7b5e-59f2-cad8df662276" executionId="56cb445a-b4eb-4283-9398-4fa7d233eb81" testListId="8c84fa94-04c1-424b-9868-57a2d4851a1d" />
    <TestEntry testId="8cabdb07-673a-5d18-1dcc-cca760c80f50" executionId="c78b314e-d2a6-4185-aec5-f14b7b85c07c" testListId="8c84fa94-04c1-424b-9868-57a2d4851a1d" />
    <TestEntry testId="6568c19e-8bf2-d34d-5eef-b1a22db6673c" executionId="8a797ef5-f4f5-48f2-9442-0cb427483bfc" testListId="8c84fa94-04c1-424b-9868-57a2d4851a1d" />
    <TestEntry testId="05b207a0-127a-402c-e97d-064a61ed8417" executionId="9d34fc66-6429-477e-bd83-2792cb3ea326" testListId="8c84fa94-04c1-424b-9868-57a2d4851a1d" />
    <TestEntry testId="914093fc-0ae9-8737-896a-2c2db34dfcfc" executionId="4304b1cb-bcce-4d85-bf98-e020b20ac146" testListId="8c84fa94-04c1-424b-9868-57a2d4851a1d" />
    <TestEntry testId="7c79ce62-edca-d66d-7a06-5b9a9eacd5c6" executionId="00afacf1-dbe6-4604-a13b-65bb7450c723" testListId="8c84fa94-04c1-424b-9868-57a2d4851a1d" />
    <TestEntry testId="dd40257d-2bab-f5c0-7a32-ca7122b04e5d" executionId="d323eaff-2377-42bb-ae7a-7a25168c68f0" testListId="8c84fa94-04c1-424b-9868-57a2d4851a1d" />
    <TestEntry testId="8c94c5b6-fb6c-7a45-ee15-4616938c4c84" executionId="e110a891-bdc1-4b73-99a4-f57271a95a53" testListId="8c84fa94-04c1-424b-9868-57a2d4851a1d" />
    <TestEntry testId="05a0b56b-824a-235d-7575-9dc9bb5e2ed7" executionId="64d70091-8544-498b-8335-89885bfea840" testListId="8c84fa94-04c1-424b-9868-57a2d4851a1d" />
    <TestEntry testId="7a083692-b64b-4188-e6f5-07c2948d71a3" executionId="c131dd30-49db-4440-bee8-c9d06d398672" testListId="8c84fa94-04c1-424b-9868-57a2d4851a1d" />
    <TestEntry testId="74ddc7c3-02ad-d786-3e81-678bef6c5666" executionId="6040b46f-50a0-4eca-827a-cd1ca73c0501" testListId="8c84fa94-04c1-424b-9868-57a2d4851a1d" />
    <TestEntry testId="ff7a89d5-2ad1-f7d4-61e5-9da8eeef957d" executionId="a651e303-888b-4b63-a8d7-6e99a93532bd" testListId="8c84fa94-04c1-424b-9868-57a2d4851a1d" />
    <TestEntry testId="0f0e6972-06c8-db8d-1b86-f2ea4c948042" executionId="f995366e-7cd1-43ed-82e1-ac2678d708ba" testListId="8c84fa94-04c1-424b-9868-57a2d4851a1d" />
    <TestEntry testId="37f7b479-437b-e4ed-4de3-0b10106b72a3" executionId="7bfa3ceb-9a16-43a4-916f-36f7a83bc002" testListId="8c84fa94-04c1-424b-9868-57a2d4851a1d" />
    <TestEntry testId="817b77eb-bf56-7bdc-eb38-c60ea94fbfb5" executionId="48dc6da5-a413-4307-8cdd-de2924ff46a3" testListId="8c84fa94-04c1-424b-9868-57a2d4851a1d" />
    <TestEntry testId="df54c472-f704-3a98-5845-930939f7342f" executionId="247e468d-ec5e-4b6e-b764-685cde0d70b2" testListId="8c84fa94-04c1-424b-9868-57a2d4851a1d" />
    <TestEntry testId="a002aa07-fe8b-e44c-e8cc-f84260c4048a" executionId="3e79a7be-da51-4a48-bd67-1c1c26673263" testListId="8c84fa94-04c1-424b-9868-57a2d4851a1d" />
    <TestEntry testId="59cd6aa8-5529-82a6-681d-5b634e1a1c2b" executionId="49d080fc-5b86-44b3-b112-bea9ef31bea7" testListId="8c84fa94-04c1-424b-9868-57a2d4851a1d" />
    <TestEntry testId="ec8c7afb-c9ce-679d-154d-23c5e4f31ed0" executionId="43bc034d-7b9a-4d81-8624-f4e7885028e9" testListId="8c84fa94-04c1-424b-9868-57a2d4851a1d" />
    <TestEntry testId="8e47cb19-d8fb-e1bd-4851-85aa2bb18d82" executionId="2dbd4984-46cd-4ba0-b841-7bde64650e5d" testListId="8c84fa94-04c1-424b-9868-57a2d4851a1d" />
    <TestEntry testId="43632830-56b5-2c25-4520-e4973c4ca2ed" executionId="9c6be651-9834-45fd-aaf6-3d452add1b6b" testListId="8c84fa94-04c1-424b-9868-57a2d4851a1d" />
    <TestEntry testId="81599604-d3ee-c1a6-f35a-965ea15cee27" executionId="e7618cef-0ba6-4149-9cb2-9ec7665c279c" testListId="8c84fa94-04c1-424b-9868-57a2d4851a1d" />
    <TestEntry testId="10bc45ca-5f3a-22e8-73e5-0f5118bba111" executionId="3d68e713-c3a1-4a25-b268-82e79650d598" testListId="8c84fa94-04c1-424b-9868-57a2d4851a1d" />
  </TestEntries>
  <TestLists>
    <TestList name="Results Not in a List" id="8c84fa94-04c1-424b-9868-57a2d4851a1d" />
    <TestList name="All Loaded Results" id="19431567-8539-422a-85d7-44ee4e166bda" />
  </TestLists>
  <ResultSummary outcome="Completed">
    <Counters total="352" executed="352" passed="352" failed="0" error="0" timeout="0" aborted="0" inconclusive="0" passedButRunAborted="0" notRunnable="0" notExecuted="0" disconnected="0" warning="0" completed="0" inProgress="0" pending="0" />
  </ResultSummary>
</TestRun>