<?xml version="1.0" encoding="utf-8"?>
<TestRun id="ec426d8a-9fa0-4317-ba70-39e3dd313b75" name="DKSR-EFI-04$@DKSR-EFI-04 2023-12-22 09:35:01" runUser="NT AUTHORITY\NETWORK SERVICE" xmlns="http://microsoft.com/schemas/VisualStudio/TeamTest/2010">
  <Times creation="2023-12-22T09:35:01.9598242+01:00" queuing="2023-12-22T09:35:01.9598242+01:00" start="2023-12-22T09:34:50.6628867+01:00" finish="2023-12-22T09:35:03.5379556+01:00" />
  <TestSettings name="default" id="86a731e4-74c1-4ca8-88aa-3670e4987342">
    <Deployment runDeploymentRoot="DKSR-EFI-04$_DKSR-EFI-04_2023-12-22_09_35_01" />
  </TestSettings>
  <Results>
    <UnitTestResult executionId="7298c2a2-ff70-4f79-b8eb-0b60f4496383" testId="7b1a977c-98b6-412c-ef29-d653ebef0076" testName="Given_DataModelWithEncryptionDisabledCertificateSubscriptionContentExistsWithEncryptionEnabled_When_CreatingAndActivatingTheWizardPageCertificate_ThenTheViewModelCorrespondsTheSubscriptionContent" computerName="DKSR-EFI-04" duration="00:00:00.1089670" startTime="2023-12-22T09:35:02.1785731+01:00" endTime="2023-12-22T09:35:02.2879476+01:00" testType="13cdc9d9-ddb5-4fa4-a97d-d965ccfc6d4b" outcome="Passed" testListId="8c84fa94-04c1-424b-9868-57a2d4851a1d" relativeResultsDirectory="7298c2a2-ff70-4f79-b8eb-0b60f4496383" />
    <UnitTestResult executionId="3bf5ac61-e6c0-421f-8392-8f36633d1680" testId="20d2f069-4fbb-fa9d-e2c4-535e190fa9ca" testName="Given_CertificateSubscriptionContentExists_WithDuplicateClientEndpointIds_ThenAnExceptionIsThrown" computerName="DKSR-EFI-04" duration="00:00:00.0376569" startTime="2023-12-22T09:35:02.2879476+01:00" endTime="2023-12-22T09:35:02.3191967+01:00" testType="13cdc9d9-ddb5-4fa4-a97d-d965ccfc6d4b" outcome="Passed" testListId="8c84fa94-04c1-424b-9868-57a2d4851a1d" relativeResultsDirectory="3bf5ac61-e6c0-421f-8392-8f36633d1680" />
    <UnitTestResult executionId="5a5be7ad-750a-40f5-95a4-1486aa74fc6a" testId="ca789d96-cf25-ffb0-ea88-8f85a53237ea" testName="Check_SQL_Server_Version_Unit_Test" computerName="DKSR-EFI-04" duration="00:00:00.0054797" startTime="2023-12-22T09:35:02.4598257+01:00" endTime="2023-12-22T09:35:02.4598257+01:00" testType="13cdc9d9-ddb5-4fa4-a97d-d965ccfc6d4b" outcome="Passed" testListId="8c84fa94-04c1-424b-9868-57a2d4851a1d" relativeResultsDirectory="5a5be7ad-750a-40f5-95a4-1486aa74fc6a" />
    <UnitTestResult executionId="88a76229-890b-475b-9a04-86555116b951" testId="1342fa46-0420-eb30-d35e-f4a7e99c9b9b" testName="Given_CertificateSubscriptionContentExists_WithDuplicateServerEndpointIds_ThenAnExceptionIsThrown" computerName="DKSR-EFI-04" duration="00:00:00.0810299" startTime="2023-12-22T09:35:02.3348242+01:00" endTime="2023-12-22T09:35:02.4129528+01:00" testType="13cdc9d9-ddb5-4fa4-a97d-d965ccfc6d4b" outcome="Passed" testListId="8c84fa94-04c1-424b-9868-57a2d4851a1d" relativeResultsDirectory="88a76229-890b-475b-9a04-86555116b951" />
    <UnitTestResult executionId="4bce0377-fbea-40a5-bdab-0481792e3d68" testId="b118a297-5e80-0dea-1a7f-48b11709a8af" testName="Check_SQL_Server_Version_Exception_Unit_Test" computerName="DKSR-EFI-04" duration="00:00:00.0014952" startTime="2023-12-22T09:35:02.4754490+01:00" endTime="2023-12-22T09:35:02.4754490+01:00" testType="13cdc9d9-ddb5-4fa4-a97d-d965ccfc6d4b" outcome="Passed" testListId="8c84fa94-04c1-424b-9868-57a2d4851a1d" relativeResultsDirectory="4bce0377-fbea-40a5-bdab-0481792e3d68" />
    <UnitTestResult executionId="3dd85bb6-b7bc-490a-8abe-ac9352eec96e" testId="da60857c-1cf8-950d-c640-3318f79bbbdd" testName="Given_CertificateSubscriptionContentExists_WithUnknownServerGroupId_ThenAnExceptionIsThrown" computerName="DKSR-EFI-04" duration="00:00:00.0406393" startTime="2023-12-22T09:35:02.4129528+01:00" endTime="2023-12-22T09:35:02.4598257+01:00" testType="13cdc9d9-ddb5-4fa4-a97d-d965ccfc6d4b" outcome="Passed" testListId="8c84fa94-04c1-424b-9868-57a2d4851a1d" relativeResultsDirectory="3dd85bb6-b7bc-490a-8abe-ac9352eec96e" />
    <UnitTestResult executionId="0c471c4d-ec79-4678-b135-e4c66e6d95d3" testId="a28448cb-bec6-ba4c-bb25-337d2bfbd921" testName="Given_EmptyDataModelCertificateSubscriptionContentExistsWithNoEncryptionValue_When_CreatingAndActivatingTheWizardPageCertificate_ThenTheViewModelCorrespondsTheSubscriptionContent" computerName="DKSR-EFI-04" duration="00:00:00.0704141" startTime="2023-12-22T09:35:01.9285731+01:00" endTime="2023-12-22T09:35:02.0066990+01:00" testType="13cdc9d9-ddb5-4fa4-a97d-d965ccfc6d4b" outcome="Passed" testListId="8c84fa94-04c1-424b-9868-57a2d4851a1d" relativeResultsDirectory="0c471c4d-ec79-4678-b135-e4c66e6d95d3" />
    <UnitTestResult executionId="81bf8017-b6e5-422f-b17d-2a34c637d5ef" testId="41889ec6-2eb1-1379-dc1a-5b9f735c4f8f" testName="Check_SQL_Server_Version_NotSupported_Unit_Test" computerName="DKSR-EFI-04" duration="00:00:00.0001981" startTime="2023-12-22T09:35:02.4754490+01:00" endTime="2023-12-22T09:35:02.4754490+01:00" testType="13cdc9d9-ddb5-4fa4-a97d-d965ccfc6d4b" outcome="Passed" testListId="8c84fa94-04c1-424b-9868-57a2d4851a1d" relativeResultsDirectory="81bf8017-b6e5-422f-b17d-2a34c637d5ef" />
    <UnitTestResult executionId="247c547a-b020-4342-ad45-bd675bef88eb" testId="33554aa3-53e2-0ea7-6257-f15b1c8cbf39" testName="Given_CertificateSubscriptionContentExistsWithSelectedCertificate_When_CreatingAndActivatingTheWizardPageCertificate_Then_TheViewModelCorrespondsTheSubscriptionContent" computerName="DKSR-EFI-04" duration="00:00:03.9357957" startTime="2023-12-22T09:34:57.8191746+01:00" endTime="2023-12-22T09:35:01.8660726+01:00" testType="13cdc9d9-ddb5-4fa4-a97d-d965ccfc6d4b" outcome="Passed" testListId="8c84fa94-04c1-424b-9868-57a2d4851a1d" relativeResultsDirectory="247c547a-b020-4342-ad45-bd675bef88eb" />
    <UnitTestResult executionId="e3f57ca9-38f0-414c-a588-85f5e6593d26" testId="29614757-d3e7-f41a-1c5c-f103f292139f" testName="Given_DataModelWithEncryptionDisabledCertificateSubscriptionContentExistsWithNoEncryptionValue_When_CreatingAndActivatingTheWizardPageCertificate_ThenTheViewModelCorrespondsTheSubscriptionContent" computerName="DKSR-EFI-04" duration="00:00:00.1646876" startTime="2023-12-22T09:35:02.0066990+01:00" endTime="2023-12-22T09:35:02.1785731+01:00" testType="13cdc9d9-ddb5-4fa4-a97d-d965ccfc6d4b" outcome="Passed" testListId="8c84fa94-04c1-424b-9868-57a2d4851a1d" relativeResultsDirectory="e3f57ca9-38f0-414c-a588-85f5e6593d26" />
    <UnitTestResult executionId="c6770064-bacd-47e2-9797-085890b26754" testId="bd0d8fe9-2c02-1971-bb13-87105d8a0a1d" testName="Check_SQL_Server_Version_Supported_Unit_Test" computerName="DKSR-EFI-04" duration="00:00:00.0012055" startTime="2023-12-22T09:35:02.4598257+01:00" endTime="2023-12-22T09:35:02.4754490+01:00" testType="13cdc9d9-ddb5-4fa4-a97d-d965ccfc6d4b" outcome="Passed" testListId="8c84fa94-04c1-424b-9868-57a2d4851a1d" relativeResultsDirectory="c6770064-bacd-47e2-9797-085890b26754" />
  </Results>
  <TestDefinitions>
    <UnitTest name="Check_SQL_Server_Version_Unit_Test" storage="d:\actions-runner\_work\xpco\xpco\installerframework\videoos.installer.ui.framework.unittests\bin\debug\videoos.installer.ui.framework.unittests.dll" id="ca789d96-cf25-ffb0-ea88-8f85a53237ea">
      <Execution id="5a5be7ad-750a-40f5-95a4-1486aa74fc6a" />
      <TestMethod codeBase="D:\actions-runner\_work\XPCO\XPCO\InstallerFramework\VideoOS.Installer.UI.Framework.UnitTests\bin\Debug\VideoOS.Installer.UI.Framework.UnitTests.dll" adapterTypeName="executor://mstestadapter/v1" className="VideoOS.Installer.UI.Framework.UnitTests.InstallerFrameworksUnitTests" name="Check_SQL_Server_Version_Unit_Test" />
    </UnitTest>
    <UnitTest name="Given_CertificateSubscriptionContentExistsWithSelectedCertificate_When_CreatingAndActivatingTheWizardPageCertificate_Then_TheViewModelCorrespondsTheSubscriptionContent" storage="d:\actions-runner\_work\xpco\xpco\installerframework\videoos.installer.ui.framework.unittests\bin\debug\videoos.installer.ui.framework.unittests.dll" id="33554aa3-53e2-0ea7-6257-f15b1c8cbf39">
      <Execution id="247c547a-b020-4342-ad45-bd675bef88eb" />
      <TestMethod codeBase="D:\actions-runner\_work\XPCO\XPCO\InstallerFramework\VideoOS.Installer.UI.Framework.UnitTests\bin\Debug\VideoOS.Installer.UI.Framework.UnitTests.dll" adapterTypeName="executor://mstestadapter/v1" className="VideoOS.Installer.UI.Framework.UnitTests.WizardPageCertificateUnitTest" name="Given_CertificateSubscriptionContentExistsWithSelectedCertificate_When_CreatingAndActivatingTheWizardPageCertificate_Then_TheViewModelCorrespondsTheSubscriptionContent" />
    </UnitTest>
    <UnitTest name="Given_DataModelWithEncryptionDisabledCertificateSubscriptionContentExistsWithNoEncryptionValue_When_CreatingAndActivatingTheWizardPageCertificate_ThenTheViewModelCorrespondsTheSubscriptionContent" storage="d:\actions-runner\_work\xpco\xpco\installerframework\videoos.installer.ui.framework.unittests\bin\debug\videoos.installer.ui.framework.unittests.dll" id="29614757-d3e7-f41a-1c5c-f103f292139f">
      <Execution id="e3f57ca9-38f0-414c-a588-85f5e6593d26" />
      <TestMethod codeBase="D:\actions-runner\_work\XPCO\XPCO\InstallerFramework\VideoOS.Installer.UI.Framework.UnitTests\bin\Debug\VideoOS.Installer.UI.Framework.UnitTests.dll" adapterTypeName="executor://mstestadapter/v1" className="VideoOS.Installer.UI.Framework.UnitTests.WizardPageCertificateUnitTest" name="Given_DataModelWithEncryptionDisabledCertificateSubscriptionContentExistsWithNoEncryptionValue_When_CreatingAndActivatingTheWizardPageCertificate_ThenTheViewModelCorrespondsTheSubscriptionContent" />
    </UnitTest>
    <UnitTest name="Check_SQL_Server_Version_Supported_Unit_Test" storage="d:\actions-runner\_work\xpco\xpco\installerframework\videoos.installer.ui.framework.unittests\bin\debug\videoos.installer.ui.framework.unittests.dll" id="bd0d8fe9-2c02-1971-bb13-87105d8a0a1d">
      <Execution id="c6770064-bacd-47e2-9797-085890b26754" />
      <TestMethod codeBase="D:\actions-runner\_work\XPCO\XPCO\InstallerFramework\VideoOS.Installer.UI.Framework.UnitTests\bin\Debug\VideoOS.Installer.UI.Framework.UnitTests.dll" adapterTypeName="executor://mstestadapter/v1" className="VideoOS.Installer.UI.Framework.UnitTests.InstallerFrameworksUnitTests" name="Check_SQL_Server_Version_Supported_Unit_Test" />
    </UnitTest>
    <UnitTest name="Given_CertificateSubscriptionContentExists_WithDuplicateClientEndpointIds_ThenAnExceptionIsThrown" storage="d:\actions-runner\_work\xpco\xpco\installerframework\videoos.installer.ui.framework.unittests\bin\debug\videoos.installer.ui.framework.unittests.dll" id="20d2f069-4fbb-fa9d-e2c4-535e190fa9ca">
      <Execution id="3bf5ac61-e6c0-421f-8392-8f36633d1680" />
      <TestMethod codeBase="D:\actions-runner\_work\XPCO\XPCO\InstallerFramework\VideoOS.Installer.UI.Framework.UnitTests\bin\Debug\VideoOS.Installer.UI.Framework.UnitTests.dll" adapterTypeName="executor://mstestadapter/v1" className="VideoOS.Installer.UI.Framework.UnitTests.WizardPageCertificateUnitTest" name="Given_CertificateSubscriptionContentExists_WithDuplicateClientEndpointIds_ThenAnExceptionIsThrown" />
    </UnitTest>
    <UnitTest name="Given_EmptyDataModelCertificateSubscriptionContentExistsWithNoEncryptionValue_When_CreatingAndActivatingTheWizardPageCertificate_ThenTheViewModelCorrespondsTheSubscriptionContent" storage="d:\actions-runner\_work\xpco\xpco\installerframework\videoos.installer.ui.framework.unittests\bin\debug\videoos.installer.ui.framework.unittests.dll" id="a28448cb-bec6-ba4c-bb25-337d2bfbd921">
      <Execution id="0c471c4d-ec79-4678-b135-e4c66e6d95d3" />
      <TestMethod codeBase="D:\actions-runner\_work\XPCO\XPCO\InstallerFramework\VideoOS.Installer.UI.Framework.UnitTests\bin\Debug\VideoOS.Installer.UI.Framework.UnitTests.dll" adapterTypeName="executor://mstestadapter/v1" className="VideoOS.Installer.UI.Framework.UnitTests.WizardPageCertificateUnitTest" name="Given_EmptyDataModelCertificateSubscriptionContentExistsWithNoEncryptionValue_When_CreatingAndActivatingTheWizardPageCertificate_ThenTheViewModelCorrespondsTheSubscriptionContent" />
    </UnitTest>
    <UnitTest name="Check_SQL_Server_Version_NotSupported_Unit_Test" storage="d:\actions-runner\_work\xpco\xpco\installerframework\videoos.installer.ui.framework.unittests\bin\debug\videoos.installer.ui.framework.unittests.dll" id="41889ec6-2eb1-1379-dc1a-5b9f735c4f8f">
      <Execution id="81bf8017-b6e5-422f-b17d-2a34c637d5ef" />
      <TestMethod codeBase="D:\actions-runner\_work\XPCO\XPCO\InstallerFramework\VideoOS.Installer.UI.Framework.UnitTests\bin\Debug\VideoOS.Installer.UI.Framework.UnitTests.dll" adapterTypeName="executor://mstestadapter/v1" className="VideoOS.Installer.UI.Framework.UnitTests.InstallerFrameworksUnitTests" name="Check_SQL_Server_Version_NotSupported_Unit_Test" />
    </UnitTest>
    <UnitTest name="Given_CertificateSubscriptionContentExists_WithDuplicateServerEndpointIds_ThenAnExceptionIsThrown" storage="d:\actions-runner\_work\xpco\xpco\installerframework\videoos.installer.ui.framework.unittests\bin\debug\videoos.installer.ui.framework.unittests.dll" id="1342fa46-0420-eb30-d35e-f4a7e99c9b9b">
      <Execution id="88a76229-890b-475b-9a04-86555116b951" />
      <TestMethod codeBase="D:\actions-runner\_work\XPCO\XPCO\InstallerFramework\VideoOS.Installer.UI.Framework.UnitTests\bin\Debug\VideoOS.Installer.UI.Framework.UnitTests.dll" adapterTypeName="executor://mstestadapter/v1" className="VideoOS.Installer.UI.Framework.UnitTests.WizardPageCertificateUnitTest" name="Given_CertificateSubscriptionContentExists_WithDuplicateServerEndpointIds_ThenAnExceptionIsThrown" />
    </UnitTest>
    <UnitTest name="Check_SQL_Server_Version_Exception_Unit_Test" storage="d:\actions-runner\_work\xpco\xpco\installerframework\videoos.installer.ui.framework.unittests\bin\debug\videoos.installer.ui.framework.unittests.dll" id="b118a297-5e80-0dea-1a7f-48b11709a8af">
      <Execution id="4bce0377-fbea-40a5-bdab-0481792e3d68" />
      <TestMethod codeBase="D:\actions-runner\_work\XPCO\XPCO\InstallerFramework\VideoOS.Installer.UI.Framework.UnitTests\bin\Debug\VideoOS.Installer.UI.Framework.UnitTests.dll" adapterTypeName="executor://mstestadapter/v1" className="VideoOS.Installer.UI.Framework.UnitTests.InstallerFrameworksUnitTests" name="Check_SQL_Server_Version_Exception_Unit_Test" />
    </UnitTest>
    <UnitTest name="Given_CertificateSubscriptionContentExists_WithUnknownServerGroupId_ThenAnExceptionIsThrown" storage="d:\actions-runner\_work\xpco\xpco\installerframework\videoos.installer.ui.framework.unittests\bin\debug\videoos.installer.ui.framework.unittests.dll" id="da60857c-1cf8-950d-c640-3318f79bbbdd">
      <Execution id="3dd85bb6-b7bc-490a-8abe-ac9352eec96e" />
      <TestMethod codeBase="D:\actions-runner\_work\XPCO\XPCO\InstallerFramework\VideoOS.Installer.UI.Framework.UnitTests\bin\Debug\VideoOS.Installer.UI.Framework.UnitTests.dll" adapterTypeName="executor://mstestadapter/v1" className="VideoOS.Installer.UI.Framework.UnitTests.WizardPageCertificateUnitTest" name="Given_CertificateSubscriptionContentExists_WithUnknownServerGroupId_ThenAnExceptionIsThrown" />
    </UnitTest>
    <UnitTest name="Given_DataModelWithEncryptionDisabledCertificateSubscriptionContentExistsWithEncryptionEnabled_When_CreatingAndActivatingTheWizardPageCertificate_ThenTheViewModelCorrespondsTheSubscriptionContent" storage="d:\actions-runner\_work\xpco\xpco\installerframework\videoos.installer.ui.framework.unittests\bin\debug\videoos.installer.ui.framework.unittests.dll" id="7b1a977c-98b6-412c-ef29-d653ebef0076">
      <Execution id="7298c2a2-ff70-4f79-b8eb-0b60f4496383" />
      <TestMethod codeBase="D:\actions-runner\_work\XPCO\XPCO\InstallerFramework\VideoOS.Installer.UI.Framework.UnitTests\bin\Debug\VideoOS.Installer.UI.Framework.UnitTests.dll" adapterTypeName="executor://mstestadapter/v1" className="VideoOS.Installer.UI.Framework.UnitTests.WizardPageCertificateUnitTest" name="Given_DataModelWithEncryptionDisabledCertificateSubscriptionContentExistsWithEncryptionEnabled_When_CreatingAndActivatingTheWizardPageCertificate_ThenTheViewModelCorrespondsTheSubscriptionContent" />
    </UnitTest>
  </TestDefinitions>
  <TestEntries>
    <TestEntry testId="7b1a977c-98b6-412c-ef29-d653ebef0076" executionId="7298c2a2-ff70-4f79-b8eb-0b60f4496383" testListId="8c84fa94-04c1-424b-9868-57a2d4851a1d" />
    <TestEntry testId="20d2f069-4fbb-fa9d-e2c4-535e190fa9ca" executionId="3bf5ac61-e6c0-421f-8392-8f36633d1680" testListId="8c84fa94-04c1-424b-9868-57a2d4851a1d" />
    <TestEntry testId="ca789d96-cf25-ffb0-ea88-8f85a53237ea" executionId="5a5be7ad-750a-40f5-95a4-1486aa74fc6a" testListId="8c84fa94-04c1-424b-9868-57a2d4851a1d" />
    <TestEntry testId="1342fa46-0420-eb30-d35e-f4a7e99c9b9b" executionId="88a76229-890b-475b-9a04-86555116b951" testListId="8c84fa94-04c1-424b-9868-57a2d4851a1d" />
    <TestEntry testId="b118a297-5e80-0dea-1a7f-48b11709a8af" executionId="4bce0377-fbea-40a5-bdab-0481792e3d68" testListId="8c84fa94-04c1-424b-9868-57a2d4851a1d" />
    <TestEntry testId="da60857c-1cf8-950d-c640-3318f79bbbdd" executionId="3dd85bb6-b7bc-490a-8abe-ac9352eec96e" testListId="8c84fa94-04c1-424b-9868-57a2d4851a1d" />
    <TestEntry testId="a28448cb-bec6-ba4c-bb25-337d2bfbd921" executionId="0c471c4d-ec79-4678-b135-e4c66e6d95d3" testListId="8c84fa94-04c1-424b-9868-57a2d4851a1d" />
    <TestEntry testId="41889ec6-2eb1-1379-dc1a-5b9f735c4f8f" executionId="81bf8017-b6e5-422f-b17d-2a34c637d5ef" testListId="8c84fa94-04c1-424b-9868-57a2d4851a1d" />
    <TestEntry testId="33554aa3-53e2-0ea7-6257-f15b1c8cbf39" executionId="247c547a-b020-4342-ad45-bd675bef88eb" testListId="8c84fa94-04c1-424b-9868-57a2d4851a1d" />
    <TestEntry testId="29614757-d3e7-f41a-1c5c-f103f292139f" executionId="e3f57ca9-38f0-414c-a588-85f5e6593d26" testListId="8c84fa94-04c1-424b-9868-57a2d4851a1d" />
    <TestEntry testId="bd0d8fe9-2c02-1971-bb13-87105d8a0a1d" executionId="c6770064-bacd-47e2-9797-085890b26754" testListId="8c84fa94-04c1-424b-9868-57a2d4851a1d" />
  </TestEntries>
  <TestLists>
    <TestList name="Results Not in a List" id="8c84fa94-04c1-424b-9868-57a2d4851a1d" />
    <TestList name="All Loaded Results" id="19431567-8539-422a-85d7-44ee4e166bda" />
  </TestLists>
  <ResultSummary outcome="Completed">
    <Counters total="11" executed="11" passed="11" failed="0" error="0" timeout="0" aborted="0" inconclusive="0" passedButRunAborted="0" notRunnable="0" notExecuted="0" disconnected="0" warning="0" completed="0" inProgress="0" pending="0" />
  </ResultSummary>
</TestRun>