<?xml version="1.0" encoding="utf-8"?>
<TestRun id="6402171c-b8ea-486c-83bb-a88745b325f7" name="DKSR-EFI-04$@DKSR-EFI-04 2023-12-22 09:34:25" runUser="NT AUTHORITY\NETWORK SERVICE" xmlns="http://microsoft.com/schemas/VisualStudio/TeamTest/2010">
  <Times creation="2023-12-22T09:34:25.6471375+01:00" queuing="2023-12-22T09:34:25.6471375+01:00" start="2023-12-22T09:34:22.1471204+01:00" finish="2023-12-22T09:34:26.6002705+01:00" />
  <TestSettings name="default" id="27d8dc79-7933-47ec-8717-d13e42f6c9ee">
    <Deployment runDeploymentRoot="DKSR-EFI-04$_DKSR-EFI-04_2023-12-22_09_34_25" />
  </TestSettings>
  <Results>
    <UnitTestResult executionId="9904e5eb-0f54-4b4a-9e54-75400601d133" testId="0a408c5f-8937-d70b-94e5-4e21161f0971" testName="PostAsync_CreatesEventWithData_WhenSentInBody" computerName="DKSR-EFI-04" duration="00:00:00.1261858" startTime="2023-12-22T09:34:25.8815141+01:00" endTime="2023-12-22T09:34:26.0065143+01:00" testType="13cdc9d9-ddb5-4fa4-a97d-d965ccfc6d4b" outcome="Passed" testListId="8c84fa94-04c1-424b-9868-57a2d4851a1d" relativeResultsDirectory="9904e5eb-0f54-4b4a-9e54-75400601d133" />
    <UnitTestResult executionId="ce231787-4234-4c99-bea7-4b12eb209c91" testId="6551d7d1-be05-4376-ef23-7f37d0c9cbc5" testName="GetByIdAsync_ThrowsAlarmServiceFaultExceptionInvalidAuthentication_WhenNotAuthorizedUserRequests" computerName="DKSR-EFI-04" duration="00:00:00.0026684" startTime="2023-12-22T09:34:26.2721410+01:00" endTime="2023-12-22T09:34:26.2721410+01:00" testType="13cdc9d9-ddb5-4fa4-a97d-d965ccfc6d4b" outcome="Passed" testListId="8c84fa94-04c1-424b-9868-57a2d4851a1d" relativeResultsDirectory="ce231787-4234-4c99-bea7-4b12eb209c91" />
    <UnitTestResult executionId="b59b9305-b724-4c1a-8242-e489ef8c6173" testId="d36adc97-eccd-9bab-bbfb-ed302103e02f" testName="GetByIdAsync_ReturnsForbidden_WhenUserHasNoRoles" computerName="DKSR-EFI-04" duration="00:00:00.0102320" startTime="2023-12-22T09:34:25.6002625+01:00" endTime="2023-12-22T09:34:25.6158873+01:00" testType="13cdc9d9-ddb5-4fa4-a97d-d965ccfc6d4b" outcome="Passed" testListId="8c84fa94-04c1-424b-9868-57a2d4851a1d" relativeResultsDirectory="b59b9305-b724-4c1a-8242-e489ef8c6173" />
    <UnitTestResult executionId="9f9b0a6c-60fe-48f4-b4da-96181f6c6677" testId="6632b11b-0184-5c14-c2b8-78ce234c5363" testName="PostBulkAsync_UsesXpcoRuleSupport_WhenQueryParameter (True)" computerName="DKSR-EFI-04" duration="00:00:00.0188899" startTime="2023-12-22T09:34:26.0846401+01:00" endTime="2023-12-22T09:34:26.1158906+01:00" testType="13cdc9d9-ddb5-4fa4-a97d-d965ccfc6d4b" outcome="Passed" testListId="8c84fa94-04c1-424b-9868-57a2d4851a1d" relativeResultsDirectory="9f9b0a6c-60fe-48f4-b4da-96181f6c6677" />
    <UnitTestResult executionId="951d63f1-095c-47e0-8b9d-f3169eb473ab" testId="3a52143a-a1ff-6795-3084-2134c4062d8b" testName="BodyString_SerializedToAProperObjectType_DependingOnDiscriminatorValue (none,VideoOS.EventServer.Events.RestApi.Dto.WellKnown.PostNoDataEventBody)" computerName="DKSR-EFI-04" duration="00:00:00.4622624" startTime="2023-12-22T09:34:24.1315031+01:00" endTime="2023-12-22T09:34:24.8190085+01:00" testType="13cdc9d9-ddb5-4fa4-a97d-d965ccfc6d4b" outcome="Passed" testListId="8c84fa94-04c1-424b-9868-57a2d4851a1d" relativeResultsDirectory="951d63f1-095c-47e0-8b9d-f3169eb473ab" />
    <UnitTestResult executionId="6ecfb167-6daf-4bc4-846d-364f59d15903" testId="82857a56-c193-a48e-37f3-31865ef4a457" testName="GetByIdAsync_ReturnsNotAuthorized_WhenNotAuthorizedUserRequests" computerName="DKSR-EFI-04" duration="00:00:00.0404775" startTime="2023-12-22T09:34:25.6158873+01:00" endTime="2023-12-22T09:34:25.6627619+01:00" testType="13cdc9d9-ddb5-4fa4-a97d-d965ccfc6d4b" outcome="Passed" testListId="8c84fa94-04c1-424b-9868-57a2d4851a1d" relativeResultsDirectory="6ecfb167-6daf-4bc4-846d-364f59d15903" />
    <UnitTestResult executionId="c55ae1a8-f134-4837-92de-ac1279c1aa1e" testId="77027700-ddfa-bf87-84b5-3d479b7360a7" testName="GetByIdAsync_ThrowsUserValidationException_WhenNotAuthorizedUserRequests" computerName="DKSR-EFI-04" duration="00:00:00.0038662" startTime="2023-12-22T09:34:26.2721410+01:00" endTime="2023-12-22T09:34:26.2721410+01:00" testType="13cdc9d9-ddb5-4fa4-a97d-d965ccfc6d4b" outcome="Passed" testListId="8c84fa94-04c1-424b-9868-57a2d4851a1d" relativeResultsDirectory="c55ae1a8-f134-4837-92de-ac1279c1aa1e" />
    <UnitTestResult executionId="358dbe6f-289b-4a2c-a39b-01d40f96e95c" testId="ae9660a6-e277-9bee-a27e-a8d023d41c08" testName="GetAsync_ReturnsNotAuthorized_WhenNotAuthorizedUserRequests (data,False)" computerName="DKSR-EFI-04" duration="00:00:00.0200697" startTime="2023-12-22T09:34:25.8658892+01:00" endTime="2023-12-22T09:34:25.8815141+01:00" testType="13cdc9d9-ddb5-4fa4-a97d-d965ccfc6d4b" outcome="Passed" testListId="8c84fa94-04c1-424b-9868-57a2d4851a1d" relativeResultsDirectory="358dbe6f-289b-4a2c-a39b-01d40f96e95c" />
    <UnitTestResult executionId="41b8a17d-46c4-4205-a3f8-62aff3a26f56" testId="ecbe3146-1636-022f-501c-ecdcd12cbc6f" testName="PostBulkAsync_ReturnsMixedResponse_WhenSentInBody" computerName="DKSR-EFI-04" duration="00:00:00.0907605" startTime="2023-12-22T09:34:26.1158906+01:00" endTime="2023-12-22T09:34:26.2096388+01:00" testType="13cdc9d9-ddb5-4fa4-a97d-d965ccfc6d4b" outcome="Passed" testListId="8c84fa94-04c1-424b-9868-57a2d4851a1d" relativeResultsDirectory="41b8a17d-46c4-4205-a3f8-62aff3a26f56" />
    <UnitTestResult executionId="7e9d6ea7-fe06-424e-b174-90109dc35836" testId="934a06c1-3cf8-f511-422e-e84a6396ffd7" testName="PostAsync_SendsEventToEngine_WhenAuthorized" computerName="DKSR-EFI-04" duration="00:00:00.0131874" startTime="2023-12-22T09:34:26.0533888+01:00" endTime="2023-12-22T09:34:26.0690141+01:00" testType="13cdc9d9-ddb5-4fa4-a97d-d965ccfc6d4b" outcome="Passed" testListId="8c84fa94-04c1-424b-9868-57a2d4851a1d" relativeResultsDirectory="7e9d6ea7-fe06-424e-b174-90109dc35836" />
    <UnitTestResult executionId="c2bde5d1-18b6-4ab9-aa14-a400b98416e5" testId="ed987f32-7c2a-7205-2fc3-e0e36ac89f07" testName="GetByIdAsync_ReturnsNotFound_WhenNotExistingEventRequested" computerName="DKSR-EFI-04" duration="00:00:00.7167804" startTime="2023-12-22T09:34:24.8815090+01:00" endTime="2023-12-22T09:34:25.6002625+01:00" testType="13cdc9d9-ddb5-4fa4-a97d-d965ccfc6d4b" outcome="Passed" testListId="8c84fa94-04c1-424b-9868-57a2d4851a1d" relativeResultsDirectory="c2bde5d1-18b6-4ab9-aa14-a400b98416e5" />
    <UnitTestResult executionId="da95ee2a-b9a6-40ba-8426-299eed16e07a" testId="eefcf94c-f46d-7ce8-85c0-5c17cfe31e60" testName="PostAsync_ThrowsAlarmServiceFaultExceptionInvalidAuthentication_WhenNotAuthorizedUserRequests" computerName="DKSR-EFI-04" duration="00:00:00.0018710" startTime="2023-12-22T09:34:26.2565151+01:00" endTime="2023-12-22T09:34:26.2565151+01:00" testType="13cdc9d9-ddb5-4fa4-a97d-d965ccfc6d4b" outcome="Passed" testListId="8c84fa94-04c1-424b-9868-57a2d4851a1d" relativeResultsDirectory="da95ee2a-b9a6-40ba-8426-299eed16e07a" />
    <UnitTestResult executionId="ed5bdca9-d466-4c79-bc28-ad3f6a805c12" testId="1ee99710-e165-38d9-a230-ef0e9076e6a7" testName="DeleteByIdAsync_ThrowsAlarmServiceFaultExceptionInvalidAuthentication_WhenNotAuthorizedUserRequests" computerName="DKSR-EFI-04" duration="00:00:00.0024088" startTime="2023-12-22T09:34:26.3033933+01:00" endTime="2023-12-22T09:34:26.3033933+01:00" testType="13cdc9d9-ddb5-4fa4-a97d-d965ccfc6d4b" outcome="Passed" testListId="8c84fa94-04c1-424b-9868-57a2d4851a1d" relativeResultsDirectory="ed5bdca9-d466-4c79-bc28-ad3f6a805c12" />
    <UnitTestResult executionId="d63ed51c-3f50-485d-a302-555acef98745" testId="249dc055-da1b-1e40-f211-d6a4e358ab4b" testName="PostAsync_ReturnsUnauthorized_WhenUnauthorized" computerName="DKSR-EFI-04" duration="00:00:00.0082838" startTime="2023-12-22T09:34:26.0377658+01:00" endTime="2023-12-22T09:34:26.0533888+01:00" testType="13cdc9d9-ddb5-4fa4-a97d-d965ccfc6d4b" outcome="Passed" testListId="8c84fa94-04c1-424b-9868-57a2d4851a1d" relativeResultsDirectory="d63ed51c-3f50-485d-a302-555acef98745" />
    <UnitTestResult executionId="c311b8a3-2112-4cc1-ab8b-59b2cb14cee0" testId="802520b1-0d5a-613e-0ee2-ad8c68d508f0" testName="GetAsync_ReturnsPaginatedEvents_WhenExist (data,Descending,False,1)" computerName="DKSR-EFI-04" duration="00:00:00.0026952" startTime="2023-12-22T09:34:25.8033878+01:00" endTime="2023-12-22T09:34:25.8190114+01:00" testType="13cdc9d9-ddb5-4fa4-a97d-d965ccfc6d4b" outcome="Passed" testListId="8c84fa94-04c1-424b-9868-57a2d4851a1d" relativeResultsDirectory="c311b8a3-2112-4cc1-ab8b-59b2cb14cee0" />
    <UnitTestResult executionId="00b6578f-f111-4725-95c5-30a7097b127d" testId="67ce18f1-7688-06bf-5d81-6cda154fb2e1" testName="BodyString_SerializedToPostNoDataEventBody_WhenDiscrimatorIsMissingOrNull ()" computerName="DKSR-EFI-04" duration="00:00:00.0001059" startTime="2023-12-22T09:34:24.8815090+01:00" endTime="2023-12-22T09:34:24.8815090+01:00" testType="13cdc9d9-ddb5-4fa4-a97d-d965ccfc6d4b" outcome="Passed" testListId="8c84fa94-04c1-424b-9868-57a2d4851a1d" relativeResultsDirectory="00b6578f-f111-4725-95c5-30a7097b127d" />
    <UnitTestResult executionId="3945b2ed-8045-49bf-88d2-b310885f3142" testId="90114774-1cb2-f272-52b5-29215d30d3b5" testName="PostAsync_ThrowsAlarmServiceFaultExceptionUnknownSession_WhenNotExistingSessionRequested" computerName="DKSR-EFI-04" duration="00:00:00.0452282" startTime="2023-12-22T09:34:26.2096388+01:00" endTime="2023-12-22T09:34:26.2565151+01:00" testType="13cdc9d9-ddb5-4fa4-a97d-d965ccfc6d4b" outcome="Passed" testListId="8c84fa94-04c1-424b-9868-57a2d4851a1d" relativeResultsDirectory="3945b2ed-8045-49bf-88d2-b310885f3142" />
    <UnitTestResult executionId="3f7ecfa7-cb54-4f14-9e95-9acea77f78fe" testId="3a52143a-a1ff-6795-3084-2134c4062d8b" testName="BodyString_SerializedToAProperObjectType_DependingOnDiscriminatorValue (free-form,VideoOS.EventServer.Events.RestApi.Dto.WellKnown.PostFreeFormEventBody)" computerName="DKSR-EFI-04" duration="00:00:00.0017308" startTime="2023-12-22T09:34:24.1315031+01:00" endTime="2023-12-22T09:34:24.8190085+01:00" testType="13cdc9d9-ddb5-4fa4-a97d-d965ccfc6d4b" outcome="Passed" testListId="8c84fa94-04c1-424b-9868-57a2d4851a1d" relativeResultsDirectory="3f7ecfa7-cb54-4f14-9e95-9acea77f78fe" />
    <UnitTestResult executionId="bca63b39-3e38-42db-980c-5dbaceba8f89" testId="b2d3debe-b5be-879b-611f-9be36484dc6c" testName="GetByIdAsync_ReturnsEventFound_WhenExistingEventRequested (data,False)" computerName="DKSR-EFI-04" duration="00:00:00.0024725" startTime="2023-12-22T09:34:25.6783879+01:00" endTime="2023-12-22T09:34:25.6783879+01:00" testType="13cdc9d9-ddb5-4fa4-a97d-d965ccfc6d4b" outcome="Passed" testListId="8c84fa94-04c1-424b-9868-57a2d4851a1d" relativeResultsDirectory="bca63b39-3e38-42db-980c-5dbaceba8f89" />
    <UnitTestResult executionId="46cb93d9-6381-4ade-8a4b-f548bebacf56" testId="484c0f1b-54bf-832d-ba36-a19d92695499" testName="GetAsync_ReturnsPaginatedEvents_WhenExist (,Ascending,True,0)" computerName="DKSR-EFI-04" duration="00:00:00.1126295" startTime="2023-12-22T09:34:25.6783879+01:00" endTime="2023-12-22T09:34:25.8033878+01:00" testType="13cdc9d9-ddb5-4fa4-a97d-d965ccfc6d4b" outcome="Passed" testListId="8c84fa94-04c1-424b-9868-57a2d4851a1d" relativeResultsDirectory="46cb93d9-6381-4ade-8a4b-f548bebacf56" />
    <UnitTestResult executionId="94f61b0b-8e0c-4db2-af56-b19fa73600b4" testId="c0b4efa9-b9b6-ca2f-e87a-01a3f677ec3a" testName="PostAsync_ThrowsUserValidationException_WhenInvalidUserRequests" computerName="DKSR-EFI-04" duration="00:00:00.0013471" startTime="2023-12-22T09:34:26.2565151+01:00" endTime="2023-12-22T09:34:26.2565151+01:00" testType="13cdc9d9-ddb5-4fa4-a97d-d965ccfc6d4b" outcome="Passed" testListId="8c84fa94-04c1-424b-9868-57a2d4851a1d" relativeResultsDirectory="94f61b0b-8e0c-4db2-af56-b19fa73600b4" />
    <UnitTestResult executionId="71a2ecec-6037-4f38-ae23-470ae551159b" testId="58714301-2b97-6f4c-d083-9a7fae5b2364" testName="PostBulkAsync_UsesXpcoRuleSupport_WhenQueryParameter (False)" computerName="DKSR-EFI-04" duration="00:00:00.0033107" startTime="2023-12-22T09:34:26.1158906+01:00" endTime="2023-12-22T09:34:26.1158906+01:00" testType="13cdc9d9-ddb5-4fa4-a97d-d965ccfc6d4b" outcome="Passed" testListId="8c84fa94-04c1-424b-9868-57a2d4851a1d" relativeResultsDirectory="71a2ecec-6037-4f38-ae23-470ae551159b" />
    <UnitTestResult executionId="51c6564e-8e0f-43d6-9bde-42bbf84402d0" testId="5dab7833-75b2-6c05-36ee-5b63d8182711" testName="DeleteByIdAsync_ThrowsAlarmServiceFaultExceptionUnknownSession_WhenNotExistingSessionRequested" computerName="DKSR-EFI-04" duration="00:00:00.0056326" startTime="2023-12-22T09:34:26.2877658+01:00" endTime="2023-12-22T09:34:26.3033933+01:00" testType="13cdc9d9-ddb5-4fa4-a97d-d965ccfc6d4b" outcome="Passed" testListId="8c84fa94-04c1-424b-9868-57a2d4851a1d" relativeResultsDirectory="51c6564e-8e0f-43d6-9bde-42bbf84402d0" />
    <UnitTestResult executionId="a86f250e-f1a5-4972-b035-204e5d280cf9" testId="948b4174-0712-6c23-3728-d442d1aa17ab" testName="PostAsync_NotSendsEventToEngine_WhenUnableToMap" computerName="DKSR-EFI-04" duration="00:00:00.0023865" startTime="2023-12-22T09:34:26.0690141+01:00" endTime="2023-12-22T09:34:26.0690141+01:00" testType="13cdc9d9-ddb5-4fa4-a97d-d965ccfc6d4b" outcome="Passed" testListId="8c84fa94-04c1-424b-9868-57a2d4851a1d" relativeResultsDirectory="a86f250e-f1a5-4972-b035-204e5d280cf9" />
    <UnitTestResult executionId="a08603c0-d8a5-44f6-a429-3c81b187b64d" testId="62ad8f0a-91f0-1ab1-fb1e-ed95d18a0809" testName="GetByIdAsync_ThrowsAlarmServiceFaultExceptionUnknownSession_WhenNotExistingSessionRequested" computerName="DKSR-EFI-04" duration="00:00:00.0091407" startTime="2023-12-22T09:34:26.2565151+01:00" endTime="2023-12-22T09:34:26.2721410+01:00" testType="13cdc9d9-ddb5-4fa4-a97d-d965ccfc6d4b" outcome="Passed" testListId="8c84fa94-04c1-424b-9868-57a2d4851a1d" relativeResultsDirectory="a08603c0-d8a5-44f6-a429-3c81b187b64d" />
    <UnitTestResult executionId="2097e57d-49dc-4b5b-9b6b-c0ea374820eb" testId="b74476d9-c255-588f-5a5d-d691ed20deb7" testName="GetByIdAsync_ReturnsEventFound_WhenExistingEventRequested (,True)" computerName="DKSR-EFI-04" duration="00:00:00.0180428" startTime="2023-12-22T09:34:25.6627619+01:00" endTime="2023-12-22T09:34:25.6783879+01:00" testType="13cdc9d9-ddb5-4fa4-a97d-d965ccfc6d4b" outcome="Passed" testListId="8c84fa94-04c1-424b-9868-57a2d4851a1d" relativeResultsDirectory="2097e57d-49dc-4b5b-9b6b-c0ea374820eb" />
    <UnitTestResult executionId="26cfa41a-37fa-4157-8288-2563f0febed8" testId="3a52143a-a1ff-6795-3084-2134c4062d8b" testName="BodyString_SerializedToAProperObjectType_DependingOnDiscriminatorValue (analytics,VideoOS.EventServer.Events.RestApi.Dto.WellKnown.PostAnalyticsEventBody)" computerName="DKSR-EFI-04" duration="00:00:00.0337529" startTime="2023-12-22T09:34:24.1315031+01:00" endTime="2023-12-22T09:34:24.8190085+01:00" testType="13cdc9d9-ddb5-4fa4-a97d-d965ccfc6d4b" outcome="Passed" testListId="8c84fa94-04c1-424b-9868-57a2d4851a1d" relativeResultsDirectory="26cfa41a-37fa-4157-8288-2563f0febed8" />
    <UnitTestResult executionId="3a97f345-bdb3-4035-85d0-da9a4d4ee27a" testId="3f21b7df-b0bb-b34d-9018-ab8f441e265b" testName="PostAsync_Succeeds_WhenValidUserAndExistingSession" computerName="DKSR-EFI-04" duration="00:00:00.0057726" startTime="2023-12-22T09:34:26.2565151+01:00" endTime="2023-12-22T09:34:26.2565151+01:00" testType="13cdc9d9-ddb5-4fa4-a97d-d965ccfc6d4b" outcome="Passed" testListId="8c84fa94-04c1-424b-9868-57a2d4851a1d" relativeResultsDirectory="3a97f345-bdb3-4035-85d0-da9a4d4ee27a" />
    <UnitTestResult executionId="395fe71a-7e7b-4e1e-838e-0192037d12e1" testId="42b86eb0-56cd-8311-70b3-0936ece24236" testName="DeleteByIdAsync_ThrowsUserValidationException_WhenInvalidUserRequests" computerName="DKSR-EFI-04" duration="00:00:00.0012845" startTime="2023-12-22T09:34:26.3033933+01:00" endTime="2023-12-22T09:34:26.3033933+01:00" testType="13cdc9d9-ddb5-4fa4-a97d-d965ccfc6d4b" outcome="Passed" testListId="8c84fa94-04c1-424b-9868-57a2d4851a1d" relativeResultsDirectory="395fe71a-7e7b-4e1e-838e-0192037d12e1" />
    <UnitTestResult executionId="4cb5b7f4-d1eb-49fb-866c-28450ca2d50e" testId="94161e01-ac0c-0327-e143-9fd2acae0a15" testName="PostAsync_ReturnsBadRequest_WhenUnknownEventType" computerName="DKSR-EFI-04" duration="00:00:00.0285603" startTime="2023-12-22T09:34:26.0065143+01:00" endTime="2023-12-22T09:34:26.0377658+01:00" testType="13cdc9d9-ddb5-4fa4-a97d-d965ccfc6d4b" outcome="Passed" testListId="8c84fa94-04c1-424b-9868-57a2d4851a1d" relativeResultsDirectory="4cb5b7f4-d1eb-49fb-866c-28450ca2d50e" />
    <UnitTestResult executionId="e4962342-a7e9-48a8-941a-c6d9879786c6" testId="bb57cf2f-8e06-087f-c983-33aa9bf210e7" testName="PostAsync_NotSendsUserDefinedEventsBackToManagementServer_WhenNotTriggerRules" computerName="DKSR-EFI-04" duration="00:00:00.0044339" startTime="2023-12-22T09:34:26.0846401+01:00" endTime="2023-12-22T09:34:26.0846401+01:00" testType="13cdc9d9-ddb5-4fa4-a97d-d965ccfc6d4b" outcome="Passed" testListId="8c84fa94-04c1-424b-9868-57a2d4851a1d" relativeResultsDirectory="e4962342-a7e9-48a8-941a-c6d9879786c6" />
    <UnitTestResult executionId="5b0ba7a9-b407-4a97-b6e8-35989846f5cd" testId="fef32650-af22-1620-75dd-8c73b174850e" testName="GetAsync_ReturnsNotAuthorized_WhenNotAuthorizedUserRequests (,True)" computerName="DKSR-EFI-04" duration="00:00:00.0521659" startTime="2023-12-22T09:34:25.8190114+01:00" endTime="2023-12-22T09:34:25.8658892+01:00" testType="13cdc9d9-ddb5-4fa4-a97d-d965ccfc6d4b" outcome="Passed" testListId="8c84fa94-04c1-424b-9868-57a2d4851a1d" relativeResultsDirectory="5b0ba7a9-b407-4a97-b6e8-35989846f5cd" />
    <UnitTestResult executionId="c5a87986-16fe-4454-ae15-8a573b928ed8" testId="adc1ccc2-73bb-6e84-2f62-42eab83714b2" testName="GetAsync_ReturnsForbidden_WhenUserHasNoRoles" computerName="DKSR-EFI-04" duration="00:00:00.0058174" startTime="2023-12-22T09:34:25.6158873+01:00" endTime="2023-12-22T09:34:25.6158873+01:00" testType="13cdc9d9-ddb5-4fa4-a97d-d965ccfc6d4b" outcome="Passed" testListId="8c84fa94-04c1-424b-9868-57a2d4851a1d" relativeResultsDirectory="c5a87986-16fe-4454-ae15-8a573b928ed8" />
    <UnitTestResult executionId="84d28ad3-43e0-4c7c-aa2e-8703823ae7ad" testId="49016611-9031-c9da-ed05-958f413c1c80" testName="PostAsync_UsesXpcoRuleSupport_WhenQueryParameter (False)" computerName="DKSR-EFI-04" duration="00:00:00.0024563" startTime="2023-12-22T09:34:26.0690141+01:00" endTime="2023-12-22T09:34:26.0846401+01:00" testType="13cdc9d9-ddb5-4fa4-a97d-d965ccfc6d4b" outcome="Passed" testListId="8c84fa94-04c1-424b-9868-57a2d4851a1d" relativeResultsDirectory="84d28ad3-43e0-4c7c-aa2e-8703823ae7ad" />
    <UnitTestResult executionId="6cc3b202-f1bd-4094-9bfa-ae7532d5f5cb" testId="bd409c61-daf2-6c56-ebbb-a3338b82eeae" testName="PostAsync_UsesXpcoRuleSupport_WhenQueryParameter (True)" computerName="DKSR-EFI-04" duration="00:00:00.0053911" startTime="2023-12-22T09:34:26.0690141+01:00" endTime="2023-12-22T09:34:26.0690141+01:00" testType="13cdc9d9-ddb5-4fa4-a97d-d965ccfc6d4b" outcome="Passed" testListId="8c84fa94-04c1-424b-9868-57a2d4851a1d" relativeResultsDirectory="6cc3b202-f1bd-4094-9bfa-ae7532d5f5cb" />
    <UnitTestResult executionId="325ac2b3-6e98-490b-b2cc-d044b1d26625" testId="6257587a-e1d0-e9d3-b1d3-0f45d209a654" testName="GetByIdAsync_Succeeds_WhenValidUserAndExistingSession" computerName="DKSR-EFI-04" duration="00:00:00.0156599" startTime="2023-12-22T09:34:26.2721410+01:00" endTime="2023-12-22T09:34:26.2877658+01:00" testType="13cdc9d9-ddb5-4fa4-a97d-d965ccfc6d4b" outcome="Passed" testListId="8c84fa94-04c1-424b-9868-57a2d4851a1d" relativeResultsDirectory="325ac2b3-6e98-490b-b2cc-d044b1d26625" />
    <UnitTestResult executionId="c473f56d-5232-4cb3-89d9-815ed42a8308" testId="9a1ae1ec-a492-b85d-6e3b-3fc1e189de5f" testName="PostAsync_SendsUserDefinedEventsToManagementServer_WhenTriggerRules" computerName="DKSR-EFI-04" duration="00:00:00.0058830" startTime="2023-12-22T09:34:26.0846401+01:00" endTime="2023-12-22T09:34:26.0846401+01:00" testType="13cdc9d9-ddb5-4fa4-a97d-d965ccfc6d4b" outcome="Passed" testListId="8c84fa94-04c1-424b-9868-57a2d4851a1d" relativeResultsDirectory="c473f56d-5232-4cb3-89d9-815ed42a8308" />
    <UnitTestResult executionId="f64bb6cd-93b0-4aa9-8dc6-343858e7ce22" testId="cc2a2519-fc27-3fd8-811b-4aea487c11a5" testName="BodyString_SerializedToPostNoDataEventBody_WhenDiscrimatorIsMissingOrNull (, 'datatype': null)" computerName="DKSR-EFI-04" duration="00:00:00.0027501" startTime="2023-12-22T09:34:24.8190085+01:00" endTime="2023-12-22T09:34:24.8815090+01:00" testType="13cdc9d9-ddb5-4fa4-a97d-d965ccfc6d4b" outcome="Passed" testListId="8c84fa94-04c1-424b-9868-57a2d4851a1d" relativeResultsDirectory="f64bb6cd-93b0-4aa9-8dc6-343858e7ce22" />
    <UnitTestResult executionId="6ea36a4d-abe2-4a10-b3b9-2e9d20cadb6c" testId="cdf2ba28-ce3b-75fb-0ba0-65bf3b3d1949" testName="DeleteByIdAsync_Succeeds_WhenValidUserAndExistingSession" computerName="DKSR-EFI-04" duration="00:00:00.0009376" startTime="2023-12-22T09:34:26.3033933+01:00" endTime="2023-12-22T09:34:26.3033933+01:00" testType="13cdc9d9-ddb5-4fa4-a97d-d965ccfc6d4b" outcome="Passed" testListId="8c84fa94-04c1-424b-9868-57a2d4851a1d" relativeResultsDirectory="6ea36a4d-abe2-4a10-b3b9-2e9d20cadb6c" />
  </Results>
  <TestDefinitions>
    <UnitTest name="GetByIdAsync_ReturnsNotAuthorized_WhenNotAuthorizedUserRequests" storage="d:\actions-runner\_work\xpco\xpco\eventserver\server\components\central\videoos.eventserver.events.restapi.unittest\bin\debug\net472\videoos.eventserver.events.restapi.unittest.dll" id="82857a56-c193-a48e-37f3-31865ef4a457">
      <Execution id="6ecfb167-6daf-4bc4-846d-364f59d15903" />
      <TestMethod codeBase="D:\actions-runner\_work\XPCO\XPCO\EventServer\Server\Components\Central\VideoOS.EventServer.Events.RestApi.UnitTest\bin\Debug\net472\VideoOS.EventServer.Events.RestApi.UnitTest.dll" adapterTypeName="executor://mstestadapter/v2" className="VideoOS.EventServer.Events.RestApi.UnitTest.Controllers.EventsControllerTest" name="GetByIdAsync_ReturnsNotAuthorized_WhenNotAuthorizedUserRequests" />
    </UnitTest>
    <UnitTest name="PostAsync_ThrowsAlarmServiceFaultExceptionInvalidAuthentication_WhenNotAuthorizedUserRequests" storage="d:\actions-runner\_work\xpco\xpco\eventserver\server\components\central\videoos.eventserver.events.restapi.unittest\bin\debug\net472\videoos.eventserver.events.restapi.unittest.dll" id="eefcf94c-f46d-7ce8-85c0-5c17cfe31e60">
      <Execution id="da95ee2a-b9a6-40ba-8426-299eed16e07a" />
      <TestMethod codeBase="D:\actions-runner\_work\XPCO\XPCO\EventServer\Server\Components\Central\VideoOS.EventServer.Events.RestApi.UnitTest\bin\Debug\net472\VideoOS.EventServer.Events.RestApi.UnitTest.dll" adapterTypeName="executor://mstestadapter/v2" className="VideoOS.EventServer.Events.RestApi.UnitTest.Controllers.SessionsControllerTest" name="PostAsync_ThrowsAlarmServiceFaultExceptionInvalidAuthentication_WhenNotAuthorizedUserRequests" />
    </UnitTest>
    <UnitTest name="GetByIdAsync_Succeeds_WhenValidUserAndExistingSession" storage="d:\actions-runner\_work\xpco\xpco\eventserver\server\components\central\videoos.eventserver.events.restapi.unittest\bin\debug\net472\videoos.eventserver.events.restapi.unittest.dll" id="6257587a-e1d0-e9d3-b1d3-0f45d209a654">
      <Execution id="325ac2b3-6e98-490b-b2cc-d044b1d26625" />
      <TestMethod codeBase="D:\actions-runner\_work\XPCO\XPCO\EventServer\Server\Components\Central\VideoOS.EventServer.Events.RestApi.UnitTest\bin\Debug\net472\VideoOS.EventServer.Events.RestApi.UnitTest.dll" adapterTypeName="executor://mstestadapter/v2" className="VideoOS.EventServer.Events.RestApi.UnitTest.Controllers.SessionsControllerTest" name="GetByIdAsync_Succeeds_WhenValidUserAndExistingSession" />
    </UnitTest>
    <UnitTest name="GetByIdAsync_ReturnsForbidden_WhenUserHasNoRoles" storage="d:\actions-runner\_work\xpco\xpco\eventserver\server\components\central\videoos.eventserver.events.restapi.unittest\bin\debug\net472\videoos.eventserver.events.restapi.unittest.dll" id="d36adc97-eccd-9bab-bbfb-ed302103e02f">
      <Execution id="b59b9305-b724-4c1a-8242-e489ef8c6173" />
      <TestMethod codeBase="D:\actions-runner\_work\XPCO\XPCO\EventServer\Server\Components\Central\VideoOS.EventServer.Events.RestApi.UnitTest\bin\Debug\net472\VideoOS.EventServer.Events.RestApi.UnitTest.dll" adapterTypeName="executor://mstestadapter/v2" className="VideoOS.EventServer.Events.RestApi.UnitTest.Controllers.EventsControllerTest" name="GetByIdAsync_ReturnsForbidden_WhenUserHasNoRoles" />
    </UnitTest>
    <UnitTest name="GetAsync_ReturnsForbidden_WhenUserHasNoRoles" storage="d:\actions-runner\_work\xpco\xpco\eventserver\server\components\central\videoos.eventserver.events.restapi.unittest\bin\debug\net472\videoos.eventserver.events.restapi.unittest.dll" id="adc1ccc2-73bb-6e84-2f62-42eab83714b2">
      <Execution id="c5a87986-16fe-4454-ae15-8a573b928ed8" />
      <TestMethod codeBase="D:\actions-runner\_work\XPCO\XPCO\EventServer\Server\Components\Central\VideoOS.EventServer.Events.RestApi.UnitTest\bin\Debug\net472\VideoOS.EventServer.Events.RestApi.UnitTest.dll" adapterTypeName="executor://mstestadapter/v2" className="VideoOS.EventServer.Events.RestApi.UnitTest.Controllers.EventsControllerTest" name="GetAsync_ReturnsForbidden_WhenUserHasNoRoles" />
    </UnitTest>
    <UnitTest name="PostAsync_SendsUserDefinedEventsToManagementServer_WhenTriggerRules" storage="d:\actions-runner\_work\xpco\xpco\eventserver\server\components\central\videoos.eventserver.events.restapi.unittest\bin\debug\net472\videoos.eventserver.events.restapi.unittest.dll" id="9a1ae1ec-a492-b85d-6e3b-3fc1e189de5f">
      <Execution id="c473f56d-5232-4cb3-89d9-815ed42a8308" />
      <TestMethod codeBase="D:\actions-runner\_work\XPCO\XPCO\EventServer\Server\Components\Central\VideoOS.EventServer.Events.RestApi.UnitTest\bin\Debug\net472\VideoOS.EventServer.Events.RestApi.UnitTest.dll" adapterTypeName="executor://mstestadapter/v2" className="VideoOS.EventServer.Events.RestApi.UnitTest.Controllers.EventsControllerTest" name="PostAsync_SendsUserDefinedEventsToManagementServer_WhenTriggerRules" />
    </UnitTest>
    <UnitTest name="DeleteByIdAsync_ThrowsUserValidationException_WhenInvalidUserRequests" storage="d:\actions-runner\_work\xpco\xpco\eventserver\server\components\central\videoos.eventserver.events.restapi.unittest\bin\debug\net472\videoos.eventserver.events.restapi.unittest.dll" id="42b86eb0-56cd-8311-70b3-0936ece24236">
      <Execution id="395fe71a-7e7b-4e1e-838e-0192037d12e1" />
      <TestMethod codeBase="D:\actions-runner\_work\XPCO\XPCO\EventServer\Server\Components\Central\VideoOS.EventServer.Events.RestApi.UnitTest\bin\Debug\net472\VideoOS.EventServer.Events.RestApi.UnitTest.dll" adapterTypeName="executor://mstestadapter/v2" className="VideoOS.EventServer.Events.RestApi.UnitTest.Controllers.SessionsControllerTest" name="DeleteByIdAsync_ThrowsUserValidationException_WhenInvalidUserRequests" />
    </UnitTest>
    <UnitTest name="DeleteByIdAsync_Succeeds_WhenValidUserAndExistingSession" storage="d:\actions-runner\_work\xpco\xpco\eventserver\server\components\central\videoos.eventserver.events.restapi.unittest\bin\debug\net472\videoos.eventserver.events.restapi.unittest.dll" id="cdf2ba28-ce3b-75fb-0ba0-65bf3b3d1949">
      <Execution id="6ea36a4d-abe2-4a10-b3b9-2e9d20cadb6c" />
      <TestMethod codeBase="D:\actions-runner\_work\XPCO\XPCO\EventServer\Server\Components\Central\VideoOS.EventServer.Events.RestApi.UnitTest\bin\Debug\net472\VideoOS.EventServer.Events.RestApi.UnitTest.dll" adapterTypeName="executor://mstestadapter/v2" className="VideoOS.EventServer.Events.RestApi.UnitTest.Controllers.SessionsControllerTest" name="DeleteByIdAsync_Succeeds_WhenValidUserAndExistingSession" />
    </UnitTest>
    <UnitTest name="BodyString_SerializedToAProperObjectType_DependingOnDiscriminatorValue" storage="d:\actions-runner\_work\xpco\xpco\eventserver\server\components\central\videoos.eventserver.events.restapi.unittest\bin\debug\net472\videoos.eventserver.events.restapi.unittest.dll" id="3a52143a-a1ff-6795-3084-2134c4062d8b">
      <Execution id="951d63f1-095c-47e0-8b9d-f3169eb473ab" />
      <TestMethod codeBase="D:\actions-runner\_work\XPCO\XPCO\EventServer\Server\Components\Central\VideoOS.EventServer.Events.RestApi.UnitTest\bin\Debug\net472\VideoOS.EventServer.Events.RestApi.UnitTest.dll" adapterTypeName="executor://mstestadapter/v2" className="VideoOS.EventServer.Events.RestApi.UnitTest.Dto.PostEventBodyTest" name="BodyString_SerializedToAProperObjectType_DependingOnDiscriminatorValue" />
    </UnitTest>
    <UnitTest name="GetByIdAsync_ReturnsNotFound_WhenNotExistingEventRequested" storage="d:\actions-runner\_work\xpco\xpco\eventserver\server\components\central\videoos.eventserver.events.restapi.unittest\bin\debug\net472\videoos.eventserver.events.restapi.unittest.dll" id="ed987f32-7c2a-7205-2fc3-e0e36ac89f07">
      <Execution id="c2bde5d1-18b6-4ab9-aa14-a400b98416e5" />
      <TestMethod codeBase="D:\actions-runner\_work\XPCO\XPCO\EventServer\Server\Components\Central\VideoOS.EventServer.Events.RestApi.UnitTest\bin\Debug\net472\VideoOS.EventServer.Events.RestApi.UnitTest.dll" adapterTypeName="executor://mstestadapter/v2" className="VideoOS.EventServer.Events.RestApi.UnitTest.Controllers.EventsControllerTest" name="GetByIdAsync_ReturnsNotFound_WhenNotExistingEventRequested" />
    </UnitTest>
    <UnitTest name="DeleteByIdAsync_ThrowsAlarmServiceFaultExceptionUnknownSession_WhenNotExistingSessionRequested" storage="d:\actions-runner\_work\xpco\xpco\eventserver\server\components\central\videoos.eventserver.events.restapi.unittest\bin\debug\net472\videoos.eventserver.events.restapi.unittest.dll" id="5dab7833-75b2-6c05-36ee-5b63d8182711">
      <Execution id="51c6564e-8e0f-43d6-9bde-42bbf84402d0" />
      <TestMethod codeBase="D:\actions-runner\_work\XPCO\XPCO\EventServer\Server\Components\Central\VideoOS.EventServer.Events.RestApi.UnitTest\bin\Debug\net472\VideoOS.EventServer.Events.RestApi.UnitTest.dll" adapterTypeName="executor://mstestadapter/v2" className="VideoOS.EventServer.Events.RestApi.UnitTest.Controllers.SessionsControllerTest" name="DeleteByIdAsync_ThrowsAlarmServiceFaultExceptionUnknownSession_WhenNotExistingSessionRequested" />
    </UnitTest>
    <UnitTest name="PostAsync_NotSendsUserDefinedEventsBackToManagementServer_WhenNotTriggerRules" storage="d:\actions-runner\_work\xpco\xpco\eventserver\server\components\central\videoos.eventserver.events.restapi.unittest\bin\debug\net472\videoos.eventserver.events.restapi.unittest.dll" id="bb57cf2f-8e06-087f-c983-33aa9bf210e7">
      <Execution id="e4962342-a7e9-48a8-941a-c6d9879786c6" />
      <TestMethod codeBase="D:\actions-runner\_work\XPCO\XPCO\EventServer\Server\Components\Central\VideoOS.EventServer.Events.RestApi.UnitTest\bin\Debug\net472\VideoOS.EventServer.Events.RestApi.UnitTest.dll" adapterTypeName="executor://mstestadapter/v2" className="VideoOS.EventServer.Events.RestApi.UnitTest.Controllers.EventsControllerTest" name="PostAsync_NotSendsUserDefinedEventsBackToManagementServer_WhenNotTriggerRules" />
    </UnitTest>
    <UnitTest name="PostAsync_NotSendsEventToEngine_WhenUnableToMap" storage="d:\actions-runner\_work\xpco\xpco\eventserver\server\components\central\videoos.eventserver.events.restapi.unittest\bin\debug\net472\videoos.eventserver.events.restapi.unittest.dll" id="948b4174-0712-6c23-3728-d442d1aa17ab">
      <Execution id="a86f250e-f1a5-4972-b035-204e5d280cf9" />
      <TestMethod codeBase="D:\actions-runner\_work\XPCO\XPCO\EventServer\Server\Components\Central\VideoOS.EventServer.Events.RestApi.UnitTest\bin\Debug\net472\VideoOS.EventServer.Events.RestApi.UnitTest.dll" adapterTypeName="executor://mstestadapter/v2" className="VideoOS.EventServer.Events.RestApi.UnitTest.Controllers.EventsControllerTest" name="PostAsync_NotSendsEventToEngine_WhenUnableToMap" />
    </UnitTest>
    <UnitTest name="GetByIdAsync_ThrowsUserValidationException_WhenNotAuthorizedUserRequests" storage="d:\actions-runner\_work\xpco\xpco\eventserver\server\components\central\videoos.eventserver.events.restapi.unittest\bin\debug\net472\videoos.eventserver.events.restapi.unittest.dll" id="77027700-ddfa-bf87-84b5-3d479b7360a7">
      <Execution id="c55ae1a8-f134-4837-92de-ac1279c1aa1e" />
      <TestMethod codeBase="D:\actions-runner\_work\XPCO\XPCO\EventServer\Server\Components\Central\VideoOS.EventServer.Events.RestApi.UnitTest\bin\Debug\net472\VideoOS.EventServer.Events.RestApi.UnitTest.dll" adapterTypeName="executor://mstestadapter/v2" className="VideoOS.EventServer.Events.RestApi.UnitTest.Controllers.SessionsControllerTest" name="GetByIdAsync_ThrowsUserValidationException_WhenNotAuthorizedUserRequests" />
    </UnitTest>
    <UnitTest name="PostBulkAsync_UsesXpcoRuleSupport_WhenQueryParameter (True)" storage="d:\actions-runner\_work\xpco\xpco\eventserver\server\components\central\videoos.eventserver.events.restapi.unittest\bin\debug\net472\videoos.eventserver.events.restapi.unittest.dll" id="6632b11b-0184-5c14-c2b8-78ce234c5363">
      <Execution id="9f9b0a6c-60fe-48f4-b4da-96181f6c6677" />
      <TestMethod codeBase="D:\actions-runner\_work\XPCO\XPCO\EventServer\Server\Components\Central\VideoOS.EventServer.Events.RestApi.UnitTest\bin\Debug\net472\VideoOS.EventServer.Events.RestApi.UnitTest.dll" adapterTypeName="executor://mstestadapter/v2" className="VideoOS.EventServer.Events.RestApi.UnitTest.Controllers.EventsControllerTest" name="PostBulkAsync_UsesXpcoRuleSupport_WhenQueryParameter" />
    </UnitTest>
    <UnitTest name="GetByIdAsync_ThrowsAlarmServiceFaultExceptionInvalidAuthentication_WhenNotAuthorizedUserRequests" storage="d:\actions-runner\_work\xpco\xpco\eventserver\server\components\central\videoos.eventserver.events.restapi.unittest\bin\debug\net472\videoos.eventserver.events.restapi.unittest.dll" id="6551d7d1-be05-4376-ef23-7f37d0c9cbc5">
      <Execution id="ce231787-4234-4c99-bea7-4b12eb209c91" />
      <TestMethod codeBase="D:\actions-runner\_work\XPCO\XPCO\EventServer\Server\Components\Central\VideoOS.EventServer.Events.RestApi.UnitTest\bin\Debug\net472\VideoOS.EventServer.Events.RestApi.UnitTest.dll" adapterTypeName="executor://mstestadapter/v2" className="VideoOS.EventServer.Events.RestApi.UnitTest.Controllers.SessionsControllerTest" name="GetByIdAsync_ThrowsAlarmServiceFaultExceptionInvalidAuthentication_WhenNotAuthorizedUserRequests" />
    </UnitTest>
    <UnitTest name="PostBulkAsync_ReturnsMixedResponse_WhenSentInBody" storage="d:\actions-runner\_work\xpco\xpco\eventserver\server\components\central\videoos.eventserver.events.restapi.unittest\bin\debug\net472\videoos.eventserver.events.restapi.unittest.dll" id="ecbe3146-1636-022f-501c-ecdcd12cbc6f">
      <Execution id="41b8a17d-46c4-4205-a3f8-62aff3a26f56" />
      <TestMethod codeBase="D:\actions-runner\_work\XPCO\XPCO\EventServer\Server\Components\Central\VideoOS.EventServer.Events.RestApi.UnitTest\bin\Debug\net472\VideoOS.EventServer.Events.RestApi.UnitTest.dll" adapterTypeName="executor://mstestadapter/v2" className="VideoOS.EventServer.Events.RestApi.UnitTest.Controllers.EventsControllerTest" name="PostBulkAsync_ReturnsMixedResponse_WhenSentInBody" />
    </UnitTest>
    <UnitTest name="GetAsync_ReturnsPaginatedEvents_WhenExist (data,Descending,False,1)" storage="d:\actions-runner\_work\xpco\xpco\eventserver\server\components\central\videoos.eventserver.events.restapi.unittest\bin\debug\net472\videoos.eventserver.events.restapi.unittest.dll" id="802520b1-0d5a-613e-0ee2-ad8c68d508f0">
      <Execution id="c311b8a3-2112-4cc1-ab8b-59b2cb14cee0" />
      <TestMethod codeBase="D:\actions-runner\_work\XPCO\XPCO\EventServer\Server\Components\Central\VideoOS.EventServer.Events.RestApi.UnitTest\bin\Debug\net472\VideoOS.EventServer.Events.RestApi.UnitTest.dll" adapterTypeName="executor://mstestadapter/v2" className="VideoOS.EventServer.Events.RestApi.UnitTest.Controllers.EventsControllerTest" name="GetAsync_ReturnsPaginatedEvents_WhenExist" />
    </UnitTest>
    <UnitTest name="GetByIdAsync_ThrowsAlarmServiceFaultExceptionUnknownSession_WhenNotExistingSessionRequested" storage="d:\actions-runner\_work\xpco\xpco\eventserver\server\components\central\videoos.eventserver.events.restapi.unittest\bin\debug\net472\videoos.eventserver.events.restapi.unittest.dll" id="62ad8f0a-91f0-1ab1-fb1e-ed95d18a0809">
      <Execution id="a08603c0-d8a5-44f6-a429-3c81b187b64d" />
      <TestMethod codeBase="D:\actions-runner\_work\XPCO\XPCO\EventServer\Server\Components\Central\VideoOS.EventServer.Events.RestApi.UnitTest\bin\Debug\net472\VideoOS.EventServer.Events.RestApi.UnitTest.dll" adapterTypeName="executor://mstestadapter/v2" className="VideoOS.EventServer.Events.RestApi.UnitTest.Controllers.SessionsControllerTest" name="GetByIdAsync_ThrowsAlarmServiceFaultExceptionUnknownSession_WhenNotExistingSessionRequested" />
    </UnitTest>
    <UnitTest name="BodyString_SerializedToPostNoDataEventBody_WhenDiscrimatorIsMissingOrNull (, 'datatype': null)" storage="d:\actions-runner\_work\xpco\xpco\eventserver\server\components\central\videoos.eventserver.events.restapi.unittest\bin\debug\net472\videoos.eventserver.events.restapi.unittest.dll" id="cc2a2519-fc27-3fd8-811b-4aea487c11a5">
      <Execution id="f64bb6cd-93b0-4aa9-8dc6-343858e7ce22" />
      <TestMethod codeBase="D:\actions-runner\_work\XPCO\XPCO\EventServer\Server\Components\Central\VideoOS.EventServer.Events.RestApi.UnitTest\bin\Debug\net472\VideoOS.EventServer.Events.RestApi.UnitTest.dll" adapterTypeName="executor://mstestadapter/v2" className="VideoOS.EventServer.Events.RestApi.UnitTest.Dto.PostEventBodyTest" name="BodyString_SerializedToPostNoDataEventBody_WhenDiscrimatorIsMissingOrNull" />
    </UnitTest>
    <UnitTest name="PostAsync_Succeeds_WhenValidUserAndExistingSession" storage="d:\actions-runner\_work\xpco\xpco\eventserver\server\components\central\videoos.eventserver.events.restapi.unittest\bin\debug\net472\videoos.eventserver.events.restapi.unittest.dll" id="3f21b7df-b0bb-b34d-9018-ab8f441e265b">
      <Execution id="3a97f345-bdb3-4035-85d0-da9a4d4ee27a" />
      <TestMethod codeBase="D:\actions-runner\_work\XPCO\XPCO\EventServer\Server\Components\Central\VideoOS.EventServer.Events.RestApi.UnitTest\bin\Debug\net472\VideoOS.EventServer.Events.RestApi.UnitTest.dll" adapterTypeName="executor://mstestadapter/v2" className="VideoOS.EventServer.Events.RestApi.UnitTest.Controllers.SessionsControllerTest" name="PostAsync_Succeeds_WhenValidUserAndExistingSession" />
    </UnitTest>
    <UnitTest name="PostAsync_ReturnsUnauthorized_WhenUnauthorized" storage="d:\actions-runner\_work\xpco\xpco\eventserver\server\components\central\videoos.eventserver.events.restapi.unittest\bin\debug\net472\videoos.eventserver.events.restapi.unittest.dll" id="249dc055-da1b-1e40-f211-d6a4e358ab4b">
      <Execution id="d63ed51c-3f50-485d-a302-555acef98745" />
      <TestMethod codeBase="D:\actions-runner\_work\XPCO\XPCO\EventServer\Server\Components\Central\VideoOS.EventServer.Events.RestApi.UnitTest\bin\Debug\net472\VideoOS.EventServer.Events.RestApi.UnitTest.dll" adapterTypeName="executor://mstestadapter/v2" className="VideoOS.EventServer.Events.RestApi.UnitTest.Controllers.EventsControllerTest" name="PostAsync_ReturnsUnauthorized_WhenUnauthorized" />
    </UnitTest>
    <UnitTest name="PostAsync_SendsEventToEngine_WhenAuthorized" storage="d:\actions-runner\_work\xpco\xpco\eventserver\server\components\central\videoos.eventserver.events.restapi.unittest\bin\debug\net472\videoos.eventserver.events.restapi.unittest.dll" id="934a06c1-3cf8-f511-422e-e84a6396ffd7">
      <Execution id="7e9d6ea7-fe06-424e-b174-90109dc35836" />
      <TestMethod codeBase="D:\actions-runner\_work\XPCO\XPCO\EventServer\Server\Components\Central\VideoOS.EventServer.Events.RestApi.UnitTest\bin\Debug\net472\VideoOS.EventServer.Events.RestApi.UnitTest.dll" adapterTypeName="executor://mstestadapter/v2" className="VideoOS.EventServer.Events.RestApi.UnitTest.Controllers.EventsControllerTest" name="PostAsync_SendsEventToEngine_WhenAuthorized" />
    </UnitTest>
    <UnitTest name="GetAsync_ReturnsNotAuthorized_WhenNotAuthorizedUserRequests (data,False)" storage="d:\actions-runner\_work\xpco\xpco\eventserver\server\components\central\videoos.eventserver.events.restapi.unittest\bin\debug\net472\videoos.eventserver.events.restapi.unittest.dll" id="ae9660a6-e277-9bee-a27e-a8d023d41c08">
      <Execution id="358dbe6f-289b-4a2c-a39b-01d40f96e95c" />
      <TestMethod codeBase="D:\actions-runner\_work\XPCO\XPCO\EventServer\Server\Components\Central\VideoOS.EventServer.Events.RestApi.UnitTest\bin\Debug\net472\VideoOS.EventServer.Events.RestApi.UnitTest.dll" adapterTypeName="executor://mstestadapter/v2" className="VideoOS.EventServer.Events.RestApi.UnitTest.Controllers.EventsControllerTest" name="GetAsync_ReturnsNotAuthorized_WhenNotAuthorizedUserRequests" />
    </UnitTest>
    <UnitTest name="GetByIdAsync_ReturnsEventFound_WhenExistingEventRequested (data,False)" storage="d:\actions-runner\_work\xpco\xpco\eventserver\server\components\central\videoos.eventserver.events.restapi.unittest\bin\debug\net472\videoos.eventserver.events.restapi.unittest.dll" id="b2d3debe-b5be-879b-611f-9be36484dc6c">
      <Execution id="bca63b39-3e38-42db-980c-5dbaceba8f89" />
      <TestMethod codeBase="D:\actions-runner\_work\XPCO\XPCO\EventServer\Server\Components\Central\VideoOS.EventServer.Events.RestApi.UnitTest\bin\Debug\net472\VideoOS.EventServer.Events.RestApi.UnitTest.dll" adapterTypeName="executor://mstestadapter/v2" className="VideoOS.EventServer.Events.RestApi.UnitTest.Controllers.EventsControllerTest" name="GetByIdAsync_ReturnsEventFound_WhenExistingEventRequested" />
    </UnitTest>
    <UnitTest name="PostBulkAsync_UsesXpcoRuleSupport_WhenQueryParameter (False)" storage="d:\actions-runner\_work\xpco\xpco\eventserver\server\components\central\videoos.eventserver.events.restapi.unittest\bin\debug\net472\videoos.eventserver.events.restapi.unittest.dll" id="58714301-2b97-6f4c-d083-9a7fae5b2364">
      <Execution id="71a2ecec-6037-4f38-ae23-470ae551159b" />
      <TestMethod codeBase="D:\actions-runner\_work\XPCO\XPCO\EventServer\Server\Components\Central\VideoOS.EventServer.Events.RestApi.UnitTest\bin\Debug\net472\VideoOS.EventServer.Events.RestApi.UnitTest.dll" adapterTypeName="executor://mstestadapter/v2" className="VideoOS.EventServer.Events.RestApi.UnitTest.Controllers.EventsControllerTest" name="PostBulkAsync_UsesXpcoRuleSupport_WhenQueryParameter" />
    </UnitTest>
    <UnitTest name="BodyString_SerializedToPostNoDataEventBody_WhenDiscrimatorIsMissingOrNull ()" storage="d:\actions-runner\_work\xpco\xpco\eventserver\server\components\central\videoos.eventserver.events.restapi.unittest\bin\debug\net472\videoos.eventserver.events.restapi.unittest.dll" id="67ce18f1-7688-06bf-5d81-6cda154fb2e1">
      <Execution id="00b6578f-f111-4725-95c5-30a7097b127d" />
      <TestMethod codeBase="D:\actions-runner\_work\XPCO\XPCO\EventServer\Server\Components\Central\VideoOS.EventServer.Events.RestApi.UnitTest\bin\Debug\net472\VideoOS.EventServer.Events.RestApi.UnitTest.dll" adapterTypeName="executor://mstestadapter/v2" className="VideoOS.EventServer.Events.RestApi.UnitTest.Dto.PostEventBodyTest" name="BodyString_SerializedToPostNoDataEventBody_WhenDiscrimatorIsMissingOrNull" />
    </UnitTest>
    <UnitTest name="DeleteByIdAsync_ThrowsAlarmServiceFaultExceptionInvalidAuthentication_WhenNotAuthorizedUserRequests" storage="d:\actions-runner\_work\xpco\xpco\eventserver\server\components\central\videoos.eventserver.events.restapi.unittest\bin\debug\net472\videoos.eventserver.events.restapi.unittest.dll" id="1ee99710-e165-38d9-a230-ef0e9076e6a7">
      <Execution id="ed5bdca9-d466-4c79-bc28-ad3f6a805c12" />
      <TestMethod codeBase="D:\actions-runner\_work\XPCO\XPCO\EventServer\Server\Components\Central\VideoOS.EventServer.Events.RestApi.UnitTest\bin\Debug\net472\VideoOS.EventServer.Events.RestApi.UnitTest.dll" adapterTypeName="executor://mstestadapter/v2" className="VideoOS.EventServer.Events.RestApi.UnitTest.Controllers.SessionsControllerTest" name="DeleteByIdAsync_ThrowsAlarmServiceFaultExceptionInvalidAuthentication_WhenNotAuthorizedUserRequests" />
    </UnitTest>
    <UnitTest name="PostAsync_UsesXpcoRuleSupport_WhenQueryParameter (False)" storage="d:\actions-runner\_work\xpco\xpco\eventserver\server\components\central\videoos.eventserver.events.restapi.unittest\bin\debug\net472\videoos.eventserver.events.restapi.unittest.dll" id="49016611-9031-c9da-ed05-958f413c1c80">
      <Execution id="84d28ad3-43e0-4c7c-aa2e-8703823ae7ad" />
      <TestMethod codeBase="D:\actions-runner\_work\XPCO\XPCO\EventServer\Server\Components\Central\VideoOS.EventServer.Events.RestApi.UnitTest\bin\Debug\net472\VideoOS.EventServer.Events.RestApi.UnitTest.dll" adapterTypeName="executor://mstestadapter/v2" className="VideoOS.EventServer.Events.RestApi.UnitTest.Controllers.EventsControllerTest" name="PostAsync_UsesXpcoRuleSupport_WhenQueryParameter" />
    </UnitTest>
    <UnitTest name="PostAsync_UsesXpcoRuleSupport_WhenQueryParameter (True)" storage="d:\actions-runner\_work\xpco\xpco\eventserver\server\components\central\videoos.eventserver.events.restapi.unittest\bin\debug\net472\videoos.eventserver.events.restapi.unittest.dll" id="bd409c61-daf2-6c56-ebbb-a3338b82eeae">
      <Execution id="6cc3b202-f1bd-4094-9bfa-ae7532d5f5cb" />
      <TestMethod codeBase="D:\actions-runner\_work\XPCO\XPCO\EventServer\Server\Components\Central\VideoOS.EventServer.Events.RestApi.UnitTest\bin\Debug\net472\VideoOS.EventServer.Events.RestApi.UnitTest.dll" adapterTypeName="executor://mstestadapter/v2" className="VideoOS.EventServer.Events.RestApi.UnitTest.Controllers.EventsControllerTest" name="PostAsync_UsesXpcoRuleSupport_WhenQueryParameter" />
    </UnitTest>
    <UnitTest name="GetAsync_ReturnsPaginatedEvents_WhenExist (,Ascending,True,0)" storage="d:\actions-runner\_work\xpco\xpco\eventserver\server\components\central\videoos.eventserver.events.restapi.unittest\bin\debug\net472\videoos.eventserver.events.restapi.unittest.dll" id="484c0f1b-54bf-832d-ba36-a19d92695499">
      <Execution id="46cb93d9-6381-4ade-8a4b-f548bebacf56" />
      <TestMethod codeBase="D:\actions-runner\_work\XPCO\XPCO\EventServer\Server\Components\Central\VideoOS.EventServer.Events.RestApi.UnitTest\bin\Debug\net472\VideoOS.EventServer.Events.RestApi.UnitTest.dll" adapterTypeName="executor://mstestadapter/v2" className="VideoOS.EventServer.Events.RestApi.UnitTest.Controllers.EventsControllerTest" name="GetAsync_ReturnsPaginatedEvents_WhenExist" />
    </UnitTest>
    <UnitTest name="PostAsync_ReturnsBadRequest_WhenUnknownEventType" storage="d:\actions-runner\_work\xpco\xpco\eventserver\server\components\central\videoos.eventserver.events.restapi.unittest\bin\debug\net472\videoos.eventserver.events.restapi.unittest.dll" id="94161e01-ac0c-0327-e143-9fd2acae0a15">
      <Execution id="4cb5b7f4-d1eb-49fb-866c-28450ca2d50e" />
      <TestMethod codeBase="D:\actions-runner\_work\XPCO\XPCO\EventServer\Server\Components\Central\VideoOS.EventServer.Events.RestApi.UnitTest\bin\Debug\net472\VideoOS.EventServer.Events.RestApi.UnitTest.dll" adapterTypeName="executor://mstestadapter/v2" className="VideoOS.EventServer.Events.RestApi.UnitTest.Controllers.EventsControllerTest" name="PostAsync_ReturnsBadRequest_WhenUnknownEventType" />
    </UnitTest>
    <UnitTest name="GetByIdAsync_ReturnsEventFound_WhenExistingEventRequested (,True)" storage="d:\actions-runner\_work\xpco\xpco\eventserver\server\components\central\videoos.eventserver.events.restapi.unittest\bin\debug\net472\videoos.eventserver.events.restapi.unittest.dll" id="b74476d9-c255-588f-5a5d-d691ed20deb7">
      <Execution id="2097e57d-49dc-4b5b-9b6b-c0ea374820eb" />
      <TestMethod codeBase="D:\actions-runner\_work\XPCO\XPCO\EventServer\Server\Components\Central\VideoOS.EventServer.Events.RestApi.UnitTest\bin\Debug\net472\VideoOS.EventServer.Events.RestApi.UnitTest.dll" adapterTypeName="executor://mstestadapter/v2" className="VideoOS.EventServer.Events.RestApi.UnitTest.Controllers.EventsControllerTest" name="GetByIdAsync_ReturnsEventFound_WhenExistingEventRequested" />
    </UnitTest>
    <UnitTest name="PostAsync_CreatesEventWithData_WhenSentInBody" storage="d:\actions-runner\_work\xpco\xpco\eventserver\server\components\central\videoos.eventserver.events.restapi.unittest\bin\debug\net472\videoos.eventserver.events.restapi.unittest.dll" id="0a408c5f-8937-d70b-94e5-4e21161f0971">
      <Execution id="9904e5eb-0f54-4b4a-9e54-75400601d133" />
      <TestMethod codeBase="D:\actions-runner\_work\XPCO\XPCO\EventServer\Server\Components\Central\VideoOS.EventServer.Events.RestApi.UnitTest\bin\Debug\net472\VideoOS.EventServer.Events.RestApi.UnitTest.dll" adapterTypeName="executor://mstestadapter/v2" className="VideoOS.EventServer.Events.RestApi.UnitTest.Controllers.EventsControllerTest" name="PostAsync_CreatesEventWithData_WhenSentInBody" />
    </UnitTest>
    <UnitTest name="PostAsync_ThrowsUserValidationException_WhenInvalidUserRequests" storage="d:\actions-runner\_work\xpco\xpco\eventserver\server\components\central\videoos.eventserver.events.restapi.unittest\bin\debug\net472\videoos.eventserver.events.restapi.unittest.dll" id="c0b4efa9-b9b6-ca2f-e87a-01a3f677ec3a">
      <Execution id="94f61b0b-8e0c-4db2-af56-b19fa73600b4" />
      <TestMethod codeBase="D:\actions-runner\_work\XPCO\XPCO\EventServer\Server\Components\Central\VideoOS.EventServer.Events.RestApi.UnitTest\bin\Debug\net472\VideoOS.EventServer.Events.RestApi.UnitTest.dll" adapterTypeName="executor://mstestadapter/v2" className="VideoOS.EventServer.Events.RestApi.UnitTest.Controllers.SessionsControllerTest" name="PostAsync_ThrowsUserValidationException_WhenInvalidUserRequests" />
    </UnitTest>
    <UnitTest name="GetAsync_ReturnsNotAuthorized_WhenNotAuthorizedUserRequests (,True)" storage="d:\actions-runner\_work\xpco\xpco\eventserver\server\components\central\videoos.eventserver.events.restapi.unittest\bin\debug\net472\videoos.eventserver.events.restapi.unittest.dll" id="fef32650-af22-1620-75dd-8c73b174850e">
      <Execution id="5b0ba7a9-b407-4a97-b6e8-35989846f5cd" />
      <TestMethod codeBase="D:\actions-runner\_work\XPCO\XPCO\EventServer\Server\Components\Central\VideoOS.EventServer.Events.RestApi.UnitTest\bin\Debug\net472\VideoOS.EventServer.Events.RestApi.UnitTest.dll" adapterTypeName="executor://mstestadapter/v2" className="VideoOS.EventServer.Events.RestApi.UnitTest.Controllers.EventsControllerTest" name="GetAsync_ReturnsNotAuthorized_WhenNotAuthorizedUserRequests" />
    </UnitTest>
    <UnitTest name="PostAsync_ThrowsAlarmServiceFaultExceptionUnknownSession_WhenNotExistingSessionRequested" storage="d:\actions-runner\_work\xpco\xpco\eventserver\server\components\central\videoos.eventserver.events.restapi.unittest\bin\debug\net472\videoos.eventserver.events.restapi.unittest.dll" id="90114774-1cb2-f272-52b5-29215d30d3b5">
      <Execution id="3945b2ed-8045-49bf-88d2-b310885f3142" />
      <TestMethod codeBase="D:\actions-runner\_work\XPCO\XPCO\EventServer\Server\Components\Central\VideoOS.EventServer.Events.RestApi.UnitTest\bin\Debug\net472\VideoOS.EventServer.Events.RestApi.UnitTest.dll" adapterTypeName="executor://mstestadapter/v2" className="VideoOS.EventServer.Events.RestApi.UnitTest.Controllers.SessionsControllerTest" name="PostAsync_ThrowsAlarmServiceFaultExceptionUnknownSession_WhenNotExistingSessionRequested" />
    </UnitTest>
  </TestDefinitions>
  <TestEntries>
    <TestEntry testId="0a408c5f-8937-d70b-94e5-4e21161f0971" executionId="9904e5eb-0f54-4b4a-9e54-75400601d133" testListId="8c84fa94-04c1-424b-9868-57a2d4851a1d" />
    <TestEntry testId="6551d7d1-be05-4376-ef23-7f37d0c9cbc5" executionId="ce231787-4234-4c99-bea7-4b12eb209c91" testListId="8c84fa94-04c1-424b-9868-57a2d4851a1d" />
    <TestEntry testId="d36adc97-eccd-9bab-bbfb-ed302103e02f" executionId="b59b9305-b724-4c1a-8242-e489ef8c6173" testListId="8c84fa94-04c1-424b-9868-57a2d4851a1d" />
    <TestEntry testId="6632b11b-0184-5c14-c2b8-78ce234c5363" executionId="9f9b0a6c-60fe-48f4-b4da-96181f6c6677" testListId="8c84fa94-04c1-424b-9868-57a2d4851a1d" />
    <TestEntry testId="3a52143a-a1ff-6795-3084-2134c4062d8b" executionId="951d63f1-095c-47e0-8b9d-f3169eb473ab" testListId="8c84fa94-04c1-424b-9868-57a2d4851a1d" />
    <TestEntry testId="82857a56-c193-a48e-37f3-31865ef4a457" executionId="6ecfb167-6daf-4bc4-846d-364f59d15903" testListId="8c84fa94-04c1-424b-9868-57a2d4851a1d" />
    <TestEntry testId="77027700-ddfa-bf87-84b5-3d479b7360a7" executionId="c55ae1a8-f134-4837-92de-ac1279c1aa1e" testListId="8c84fa94-04c1-424b-9868-57a2d4851a1d" />
    <TestEntry testId="ae9660a6-e277-9bee-a27e-a8d023d41c08" executionId="358dbe6f-289b-4a2c-a39b-01d40f96e95c" testListId="8c84fa94-04c1-424b-9868-57a2d4851a1d" />
    <TestEntry testId="ecbe3146-1636-022f-501c-ecdcd12cbc6f" executionId="41b8a17d-46c4-4205-a3f8-62aff3a26f56" testListId="8c84fa94-04c1-424b-9868-57a2d4851a1d" />
    <TestEntry testId="934a06c1-3cf8-f511-422e-e84a6396ffd7" executionId="7e9d6ea7-fe06-424e-b174-90109dc35836" testListId="8c84fa94-04c1-424b-9868-57a2d4851a1d" />
    <TestEntry testId="ed987f32-7c2a-7205-2fc3-e0e36ac89f07" executionId="c2bde5d1-18b6-4ab9-aa14-a400b98416e5" testListId="8c84fa94-04c1-424b-9868-57a2d4851a1d" />
    <TestEntry testId="eefcf94c-f46d-7ce8-85c0-5c17cfe31e60" executionId="da95ee2a-b9a6-40ba-8426-299eed16e07a" testListId="8c84fa94-04c1-424b-9868-57a2d4851a1d" />
    <TestEntry testId="1ee99710-e165-38d9-a230-ef0e9076e6a7" executionId="ed5bdca9-d466-4c79-bc28-ad3f6a805c12" testListId="8c84fa94-04c1-424b-9868-57a2d4851a1d" />
    <TestEntry testId="249dc055-da1b-1e40-f211-d6a4e358ab4b" executionId="d63ed51c-3f50-485d-a302-555acef98745" testListId="8c84fa94-04c1-424b-9868-57a2d4851a1d" />
    <TestEntry testId="802520b1-0d5a-613e-0ee2-ad8c68d508f0" executionId="c311b8a3-2112-4cc1-ab8b-59b2cb14cee0" testListId="8c84fa94-04c1-424b-9868-57a2d4851a1d" />
    <TestEntry testId="67ce18f1-7688-06bf-5d81-6cda154fb2e1" executionId="00b6578f-f111-4725-95c5-30a7097b127d" testListId="8c84fa94-04c1-424b-9868-57a2d4851a1d" />
    <TestEntry testId="90114774-1cb2-f272-52b5-29215d30d3b5" executionId="3945b2ed-8045-49bf-88d2-b310885f3142" testListId="8c84fa94-04c1-424b-9868-57a2d4851a1d" />
    <TestEntry testId="3a52143a-a1ff-6795-3084-2134c4062d8b" executionId="3f7ecfa7-cb54-4f14-9e95-9acea77f78fe" testListId="8c84fa94-04c1-424b-9868-57a2d4851a1d" />
    <TestEntry testId="b2d3debe-b5be-879b-611f-9be36484dc6c" executionId="bca63b39-3e38-42db-980c-5dbaceba8f89" testListId="8c84fa94-04c1-424b-9868-57a2d4851a1d" />
    <TestEntry testId="484c0f1b-54bf-832d-ba36-a19d92695499" executionId="46cb93d9-6381-4ade-8a4b-f548bebacf56" testListId="8c84fa94-04c1-424b-9868-57a2d4851a1d" />
    <TestEntry testId="c0b4efa9-b9b6-ca2f-e87a-01a3f677ec3a" executionId="94f61b0b-8e0c-4db2-af56-b19fa73600b4" testListId="8c84fa94-04c1-424b-9868-57a2d4851a1d" />
    <TestEntry testId="58714301-2b97-6f4c-d083-9a7fae5b2364" executionId="71a2ecec-6037-4f38-ae23-470ae551159b" testListId="8c84fa94-04c1-424b-9868-57a2d4851a1d" />
    <TestEntry testId="5dab7833-75b2-6c05-36ee-5b63d8182711" executionId="51c6564e-8e0f-43d6-9bde-42bbf84402d0" testListId="8c84fa94-04c1-424b-9868-57a2d4851a1d" />
    <TestEntry testId="948b4174-0712-6c23-3728-d442d1aa17ab" executionId="a86f250e-f1a5-4972-b035-204e5d280cf9" testListId="8c84fa94-04c1-424b-9868-57a2d4851a1d" />
    <TestEntry testId="62ad8f0a-91f0-1ab1-fb1e-ed95d18a0809" executionId="a08603c0-d8a5-44f6-a429-3c81b187b64d" testListId="8c84fa94-04c1-424b-9868-57a2d4851a1d" />
    <TestEntry testId="b74476d9-c255-588f-5a5d-d691ed20deb7" executionId="2097e57d-49dc-4b5b-9b6b-c0ea374820eb" testListId="8c84fa94-04c1-424b-9868-57a2d4851a1d" />
    <TestEntry testId="3a52143a-a1ff-6795-3084-2134c4062d8b" executionId="26cfa41a-37fa-4157-8288-2563f0febed8" testListId="8c84fa94-04c1-424b-9868-57a2d4851a1d" />
    <TestEntry testId="3f21b7df-b0bb-b34d-9018-ab8f441e265b" executionId="3a97f345-bdb3-4035-85d0-da9a4d4ee27a" testListId="8c84fa94-04c1-424b-9868-57a2d4851a1d" />
    <TestEntry testId="42b86eb0-56cd-8311-70b3-0936ece24236" executionId="395fe71a-7e7b-4e1e-838e-0192037d12e1" testListId="8c84fa94-04c1-424b-9868-57a2d4851a1d" />
    <TestEntry testId="94161e01-ac0c-0327-e143-9fd2acae0a15" executionId="4cb5b7f4-d1eb-49fb-866c-28450ca2d50e" testListId="8c84fa94-04c1-424b-9868-57a2d4851a1d" />
    <TestEntry testId="bb57cf2f-8e06-087f-c983-33aa9bf210e7" executionId="e4962342-a7e9-48a8-941a-c6d9879786c6" testListId="8c84fa94-04c1-424b-9868-57a2d4851a1d" />
    <TestEntry testId="fef32650-af22-1620-75dd-8c73b174850e" executionId="5b0ba7a9-b407-4a97-b6e8-35989846f5cd" testListId="8c84fa94-04c1-424b-9868-57a2d4851a1d" />
    <TestEntry testId="adc1ccc2-73bb-6e84-2f62-42eab83714b2" executionId="c5a87986-16fe-4454-ae15-8a573b928ed8" testListId="8c84fa94-04c1-424b-9868-57a2d4851a1d" />
    <TestEntry testId="49016611-9031-c9da-ed05-958f413c1c80" executionId="84d28ad3-43e0-4c7c-aa2e-8703823ae7ad" testListId="8c84fa94-04c1-424b-9868-57a2d4851a1d" />
    <TestEntry testId="bd409c61-daf2-6c56-ebbb-a3338b82eeae" executionId="6cc3b202-f1bd-4094-9bfa-ae7532d5f5cb" testListId="8c84fa94-04c1-424b-9868-57a2d4851a1d" />
    <TestEntry testId="6257587a-e1d0-e9d3-b1d3-0f45d209a654" executionId="325ac2b3-6e98-490b-b2cc-d044b1d26625" testListId="8c84fa94-04c1-424b-9868-57a2d4851a1d" />
    <TestEntry testId="9a1ae1ec-a492-b85d-6e3b-3fc1e189de5f" executionId="c473f56d-5232-4cb3-89d9-815ed42a8308" testListId="8c84fa94-04c1-424b-9868-57a2d4851a1d" />
    <TestEntry testId="cc2a2519-fc27-3fd8-811b-4aea487c11a5" executionId="f64bb6cd-93b0-4aa9-8dc6-343858e7ce22" testListId="8c84fa94-04c1-424b-9868-57a2d4851a1d" />
    <TestEntry testId="cdf2ba28-ce3b-75fb-0ba0-65bf3b3d1949" executionId="6ea36a4d-abe2-4a10-b3b9-2e9d20cadb6c" testListId="8c84fa94-04c1-424b-9868-57a2d4851a1d" />
  </TestEntries>
  <TestLists>
    <TestList name="Results Not in a List" id="8c84fa94-04c1-424b-9868-57a2d4851a1d" />
    <TestList name="All Loaded Results" id="19431567-8539-422a-85d7-44ee4e166bda" />
  </TestLists>
  <ResultSummary outcome="Completed">
    <Counters total="39" executed="39" passed="39" failed="0" error="0" timeout="0" aborted="0" inconclusive="0" passedButRunAborted="0" notRunnable="0" notExecuted="0" disconnected="0" warning="0" completed="0" inProgress="0" pending="0" />
  </ResultSummary>
</TestRun>