<?xml version="1.0" encoding="utf-8"?>
<TestRun id="08cf5309-cf9e-4b9f-a55b-cbd01be2676d" name="DKSR-EFI-04$@DKSR-EFI-04 2023-12-22 09:33:20" runUser="NT AUTHORITY\NETWORK SERVICE" xmlns="http://microsoft.com/schemas/VisualStudio/TeamTest/2010">
  <Times creation="2023-12-22T09:33:20.1780634+01:00" queuing="2023-12-22T09:33:20.1780634+01:00" start="2023-12-22T09:33:06.7405004+01:00" finish="2023-12-22T09:33:53.9282286+01:00" />
  <TestSettings name="default" id="4aed47da-0dca-4a76-812b-29e325472d1c">
    <Deployment runDeploymentRoot="DKSR-EFI-04$_DKSR-EFI-04_2023-12-22_09_33_20" />
  </TestSettings>
  <Results>
    <UnitTestResult executionId="811e18ab-2155-44ee-838c-7edcb6ce52d7" testId="824e6051-0efc-959f-4d50-858a92b364d4" testName="DatabaseTaskCommandHandler_EmptyDevice_Cancelled" computerName="DKSR-EFI-04" duration="00:00:00.0271094" startTime="2023-12-22T09:33:45.6938133+01:00" endTime="2023-12-22T09:33:45.7250636+01:00" testType="13cdc9d9-ddb5-4fa4-a97d-d965ccfc6d4b" outcome="Passed" testListId="8c84fa94-04c1-424b-9868-57a2d4851a1d" relativeResultsDirectory="811e18ab-2155-44ee-838c-7edcb6ce52d7" />
    <UnitTestResult executionId="4702b68a-6272-49a5-8f87-753461ccd340" testId="4b2b5ea4-f0d4-e93c-7b72-d16a0f939b24" testName="TriggerCustomEventBulkCommand_IsNull_BadRequestResult" computerName="DKSR-EFI-04" duration="00:00:00.0017014" startTime="2023-12-22T09:33:24.4905853+01:00" endTime="2023-12-22T09:33:24.4905853+01:00" testType="13cdc9d9-ddb5-4fa4-a97d-d965ccfc6d4b" outcome="Passed" testListId="8c84fa94-04c1-424b-9868-57a2d4851a1d" relativeResultsDirectory="4702b68a-6272-49a5-8f87-753461ccd340" />
    <UnitTestResult executionId="520eecc3-71ab-4302-b4c7-90e691040438" testId="5f17e460-af62-4be6-17fe-2e3a1ea478c3" testName="PtzStopSession_ModelIsValid_CommandExecuted" computerName="DKSR-EFI-04" duration="00:00:00.0014400" startTime="2023-12-22T09:33:24.5843353+01:00" endTime="2023-12-22T09:33:24.5843353+01:00" testType="13cdc9d9-ddb5-4fa4-a97d-d965ccfc6d4b" outcome="Passed" testListId="8c84fa94-04c1-424b-9868-57a2d4851a1d" relativeResultsDirectory="520eecc3-71ab-4302-b4c7-90e691040438" />
    <UnitTestResult executionId="c9365609-166e-4548-bcd0-676cab7bd079" testId="ee728857-3832-bde0-8ee8-4e507d69fcac" testName="SOAPCommandRequestHandler_ExecuteFunction_HandleStartManualRecording_Success" computerName="DKSR-EFI-04" duration="00:00:00.0804976" startTime="2023-12-22T09:33:30.3343629+01:00" endTime="2023-12-22T09:33:30.4124899+01:00" testType="13cdc9d9-ddb5-4fa4-a97d-d965ccfc6d4b" outcome="Passed" testListId="8c84fa94-04c1-424b-9868-57a2d4851a1d" relativeResultsDirectory="c9365609-166e-4548-bcd0-676cab7bd079" />
    <UnitTestResult executionId="e1566f97-970a-4a11-ab55-2c26560fa5ee" testId="7085e5c5-fdc2-03ca-043d-69353b624742" testName="EvidenceLockOnOldRecorderCommandHandler_UpdateEvidenceLock" computerName="DKSR-EFI-04" duration="00:00:00.0093159" startTime="2023-12-22T09:33:46.0219430+01:00" endTime="2023-12-22T09:33:46.0375653+01:00" testType="13cdc9d9-ddb5-4fa4-a97d-d965ccfc6d4b" outcome="Passed" testListId="8c84fa94-04c1-424b-9868-57a2d4851a1d" relativeResultsDirectory="e1566f97-970a-4a11-ab55-2c26560fa5ee" />
    <UnitTestResult executionId="2703b723-f74c-4f29-8ad8-bb3b3b974ffb" testId="08b7391b-997e-9b4d-ebe6-f9918957b946" testName="SOAPCommandRequestHandler_ExecuteFunction_HandleSmartSearchStart_InvalidSearchMask" computerName="DKSR-EFI-04" duration="00:00:00.0013210" startTime="2023-12-22T09:33:30.0531128+01:00" endTime="2023-12-22T09:33:30.0531128+01:00" testType="13cdc9d9-ddb5-4fa4-a97d-d965ccfc6d4b" outcome="Passed" testListId="8c84fa94-04c1-424b-9868-57a2d4851a1d" relativeResultsDirectory="2703b723-f74c-4f29-8ad8-bb3b3b974ffb" />
    <UnitTestResult executionId="40035f64-198b-43ee-9ac2-98f1eddb6d4b" testId="26166077-e048-bd2a-c8e7-83d8bc7db926" testName="ChangeHardwarePasswordCommandHandler_Execute_ChangePassword_ThrowsUserLevelAnonymousNotAllowed_Errors" computerName="DKSR-EFI-04" duration="00:00:00.0008939" startTime="2023-12-22T09:33:45.1781882+01:00" endTime="2023-12-22T09:33:45.1781882+01:00" testType="13cdc9d9-ddb5-4fa4-a97d-d965ccfc6d4b" outcome="Passed" testListId="8c84fa94-04c1-424b-9868-57a2d4851a1d" relativeResultsDirectory="40035f64-198b-43ee-9ac2-98f1eddb6d4b" />
    <UnitTestResult executionId="7c695c4c-f8b4-45f8-901b-d2f64e38df43" testId="af46bdb0-8caa-ed0c-7389-7e03d1085886" testName="SOAPCommandRequestHandler_ExecuteFunction_HandleInputGetState_NoDeviceId" computerName="DKSR-EFI-04" duration="00:00:00.0013549" startTime="2023-12-22T09:33:30.4437377+01:00" endTime="2023-12-22T09:33:30.4437377+01:00" testType="13cdc9d9-ddb5-4fa4-a97d-d965ccfc6d4b" outcome="Passed" testListId="8c84fa94-04c1-424b-9868-57a2d4851a1d" relativeResultsDirectory="7c695c4c-f8b4-45f8-901b-d2f64e38df43" />
    <UnitTestResult executionId="a5f6abdc-73df-49f1-9e2d-4a5b367a33e4" testId="23c99a93-5a9e-a3d8-1fc7-484a81c0d432" testName="Start_WebErrorOnFirstTry_StartTimer" computerName="DKSR-EFI-04" duration="00:00:00.0078552" startTime="2023-12-22T09:33:23.9749582+01:00" endTime="2023-12-22T09:33:23.9905811+01:00" testType="13cdc9d9-ddb5-4fa4-a97d-d965ccfc6d4b" outcome="Passed" testListId="8c84fa94-04c1-424b-9868-57a2d4851a1d" relativeResultsDirectory="a5f6abdc-73df-49f1-9e2d-4a5b367a33e4" />
    <UnitTestResult executionId="f36d5952-d1c7-420a-b1e9-0d1d4561ef30" testId="51069a4b-333d-4a1a-ed56-b47914a38599" testName="DeleteHardwareUserCommandHandler_Execute_Success" computerName="DKSR-EFI-04" duration="00:00:00.0009372" startTime="2023-12-22T09:33:45.9438142+01:00" endTime="2023-12-22T09:33:45.9438142+01:00" testType="13cdc9d9-ddb5-4fa4-a97d-d965ccfc6d4b" outcome="Passed" testListId="8c84fa94-04c1-424b-9868-57a2d4851a1d" relativeResultsDirectory="f36d5952-d1c7-420a-b1e9-0d1d4561ef30" />
    <UnitTestResult executionId="ca229158-a075-494d-bd41-e6b234166698" testId="4759d55f-49a3-0ea7-167a-01f5ecbcbaf8" testName="PtzManualSession_OnBeforeExecuteRequest_NotRunning" computerName="DKSR-EFI-04" duration="00:00:00.0005654" startTime="2023-12-22T09:33:52.2563464+01:00" endTime="2023-12-22T09:33:52.2563464+01:00" testType="13cdc9d9-ddb5-4fa4-a97d-d965ccfc6d4b" outcome="Passed" testListId="8c84fa94-04c1-424b-9868-57a2d4851a1d" relativeResultsDirectory="ca229158-a075-494d-bd41-e6b234166698" />
    <UnitTestResult executionId="bf0b1a1f-ad33-4d3b-97a2-11fd52f21e16" testId="3498ef96-c386-48ab-92a0-21ade1a0f55a" testName="EvidenceLockOnOldRecorderCommandHandler_Constructor_RecorderEnvironmentNull_ArgumentNullException" computerName="DKSR-EFI-04" duration="00:00:00.0013364" startTime="2023-12-22T09:33:45.9594395+01:00" endTime="2023-12-22T09:33:45.9594395+01:00" testType="13cdc9d9-ddb5-4fa4-a97d-d965ccfc6d4b" outcome="Passed" testListId="8c84fa94-04c1-424b-9868-57a2d4851a1d" relativeResultsDirectory="bf0b1a1f-ad33-4d3b-97a2-11fd52f21e16" />
    <UnitTestResult executionId="52ae5e5f-0a9a-43d6-a90c-5d45393de015" testId="7b9aa6b6-e583-d3a0-95ca-64d6ee50fec3" testName="DriverProxyInstanceManager_AddSameHardwareTwice_RemoveOnce_HardwareStillThere" computerName="DKSR-EFI-04" duration="00:00:00.0016389" startTime="2023-12-22T09:33:22.1468226+01:00" endTime="2023-12-22T09:33:22.1468226+01:00" testType="13cdc9d9-ddb5-4fa4-a97d-d965ccfc6d4b" outcome="Passed" testListId="8c84fa94-04c1-424b-9868-57a2d4851a1d" relativeResultsDirectory="52ae5e5f-0a9a-43d6-a90c-5d45393de015" />
    <UnitTestResult executionId="83301728-eabe-4651-b466-56c8c6c0d1e9" testId="75856244-3f12-79b4-5d1e-98e476567652" testName="SOAPCommandRequestHandler_ExecuteFunction_HandleInputGetState_Activated_Success" computerName="DKSR-EFI-04" duration="00:00:00.0019055" startTime="2023-12-22T09:33:30.4593659+01:00" endTime="2023-12-22T09:33:30.4593659+01:00" testType="13cdc9d9-ddb5-4fa4-a97d-d965ccfc6d4b" outcome="Passed" testListId="8c84fa94-04c1-424b-9868-57a2d4851a1d" relativeResultsDirectory="83301728-eabe-4651-b466-56c8c6c0d1e9" />
    <UnitTestResult executionId="f189920f-51fe-4727-9714-5fa7ceb412f4" testId="f25d7491-ccd4-a205-5a6c-7c01a0e574bc" testName="RequestArchiveInformation_StorageIDMapping_GUIDs_Single" computerName="DKSR-EFI-04" duration="00:00:00.0013820" startTime="2023-12-22T09:33:32.7250002+01:00" endTime="2023-12-22T09:33:32.7406258+01:00" testType="13cdc9d9-ddb5-4fa4-a97d-d965ccfc6d4b" outcome="Passed" testListId="8c84fa94-04c1-424b-9868-57a2d4851a1d" relativeResultsDirectory="f189920f-51fe-4727-9714-5fa7ceb412f4" />
    <UnitTestResult executionId="cc68e23c-a94a-4146-b41c-2c956c3ec39f" testId="b5d4a09a-8d55-dd83-ee22-44db42c592da" testName="ReadMessageHeaders_ImageServer_RequestTooLarge" computerName="DKSR-EFI-04" duration="00:00:00.0010597" startTime="2023-12-22T09:33:31.2249936+01:00" endTime="2023-12-22T09:33:31.2249936+01:00" testType="13cdc9d9-ddb5-4fa4-a97d-d965ccfc6d4b" outcome="Passed" testListId="8c84fa94-04c1-424b-9868-57a2d4851a1d" relativeResultsDirectory="cc68e23c-a94a-4146-b41c-2c956c3ec39f" />
    <UnitTestResult executionId="0a0b8275-519d-4034-8d6c-01dc18ad272d" testId="dea3580e-3a09-292c-5496-d4afcd443f8b" testName="SOAPCommandRequestHandler_ExecuteFunction_HandleSmartSearchGetStatus_Success" computerName="DKSR-EFI-04" duration="00:00:00.0025468" startTime="2023-12-22T09:33:29.9749883+01:00" endTime="2023-12-22T09:33:29.9749883+01:00" testType="13cdc9d9-ddb5-4fa4-a97d-d965ccfc6d4b" outcome="Passed" testListId="8c84fa94-04c1-424b-9868-57a2d4851a1d" relativeResultsDirectory="0a0b8275-519d-4034-8d6c-01dc18ad272d" />
    <UnitTestResult executionId="fe13e6d6-10ed-4fba-bb54-f643d25678e4" testId="39f8b12a-040d-3c65-8a53-4fb31ea1ab10" testName="MediaDbCache_SetListFileSystemDiskUsage_Set_Twice_Caches_First" computerName="DKSR-EFI-04" duration="00:00:00.0031111" startTime="2023-12-22T09:33:44.7094338+01:00" endTime="2023-12-22T09:33:44.7250587+01:00" testType="13cdc9d9-ddb5-4fa4-a97d-d965ccfc6d4b" outcome="Passed" testListId="8c84fa94-04c1-424b-9868-57a2d4851a1d" relativeResultsDirectory="fe13e6d6-10ed-4fba-bb54-f643d25678e4" />
    <UnitTestResult executionId="c1d93160-626e-4645-95dc-69013113bca3" testId="c14b9dfb-90db-75bb-6d49-a17a5def646b" testName="SOAPCommandRequestHandler_ExecuteFunction_HandlePTZCenter_No_Security" computerName="DKSR-EFI-04" duration="00:00:00.0070500" startTime="2023-12-22T09:33:30.6312385+01:00" endTime="2023-12-22T09:33:30.6468662+01:00" testType="13cdc9d9-ddb5-4fa4-a97d-d965ccfc6d4b" outcome="Passed" testListId="8c84fa94-04c1-424b-9868-57a2d4851a1d" relativeResultsDirectory="c1d93160-626e-4645-95dc-69013113bca3" />
    <UnitTestResult executionId="cdc22b82-c386-46fb-b816-011b59f7b53b" testId="cc746dc1-4f20-1e26-2252-3f9062ded2cd" testName="ManualPtzPatrollingSession_Constructor_ArgumentNullException" computerName="DKSR-EFI-04" duration="00:00:00.0060229" startTime="2023-12-22T09:33:52.2719712+01:00" endTime="2023-12-22T09:33:52.2719712+01:00" testType="13cdc9d9-ddb5-4fa4-a97d-d965ccfc6d4b" outcome="Passed" testListId="8c84fa94-04c1-424b-9868-57a2d4851a1d" relativeResultsDirectory="cdc22b82-c386-46fb-b816-011b59f7b53b">
      <Output>
        <StdOut>Debug Trace:&#xD;
Fail: Argument 'ptzController' cannot be null&#xD;
Fail: Argument 'identity' cannot be null</StdOut>
      </Output>
    </UnitTestResult>
    <UnitTestResult executionId="8dfdea25-1fdc-4da0-9634-1dd9efdaa13e" testId="d1ac2f4b-25eb-55ad-4adb-bd953cf33e6c" testName="ExecuteRuleActions_PostCommandIsValid_NoContent" computerName="DKSR-EFI-04" duration="00:00:00.0139955" startTime="2023-12-22T09:33:24.6155847+01:00" endTime="2023-12-22T09:33:24.6332390+01:00" testType="13cdc9d9-ddb5-4fa4-a97d-d965ccfc6d4b" outcome="Passed" testListId="8c84fa94-04c1-424b-9868-57a2d4851a1d" relativeResultsDirectory="8dfdea25-1fdc-4da0-9634-1dd9efdaa13e" />
    <UnitTestResult executionId="8bf66722-24f5-48cb-88c1-654bf367e611" testId="9cefd0a9-8c92-97bd-2892-256a438574dd" testName="FilterTrackIdsToThoseThatShouldNotHaveMediaOnRecorder_InternalStateStopped_DoesNotThrowThrowsCommunicationStoppedException" computerName="DKSR-EFI-04" duration="00:00:00.0010979" startTime="2023-12-22T09:33:24.1155844+01:00" endTime="2023-12-22T09:33:24.1155844+01:00" testType="13cdc9d9-ddb5-4fa4-a97d-d965ccfc6d4b" outcome="Passed" testListId="8c84fa94-04c1-424b-9868-57a2d4851a1d" relativeResultsDirectory="8bf66722-24f5-48cb-88c1-654bf367e611" />
    <UnitTestResult executionId="2fdfd484-1c4b-4e6a-9300-497a03207172" testId="e4f8f0bc-c9b6-343d-b37d-7ae5f9d6fe40" testName="ReadMessageHeaders_ReadRequestLine_SoapCommandWsdl_Success" computerName="DKSR-EFI-04" duration="00:00:00.0001277" startTime="2023-12-22T09:33:31.2093673+01:00" endTime="2023-12-22T09:33:31.2093673+01:00" testType="13cdc9d9-ddb5-4fa4-a97d-d965ccfc6d4b" outcome="Passed" testListId="8c84fa94-04c1-424b-9868-57a2d4851a1d" relativeResultsDirectory="2fdfd484-1c4b-4e6a-9300-497a03207172" />
    <UnitTestResult executionId="dd6eefdf-5981-4b06-9be7-6b1126297c4a" testId="0d5a3f22-065f-64f9-dc7f-c36ec84732fa" testName="CheckDeleteDeviceMediaCommandHandler_LocalConfigG1_MediaDbG1G2G3G4_ExistedTracksG1G4_CreateLocalArchiveG4FirstTime" computerName="DKSR-EFI-04" duration="00:00:00.0010342" startTime="2023-12-22T09:33:45.2563108+01:00" endTime="2023-12-22T09:33:45.2563108+01:00" testType="13cdc9d9-ddb5-4fa4-a97d-d965ccfc6d4b" outcome="Passed" testListId="8c84fa94-04c1-424b-9868-57a2d4851a1d" relativeResultsDirectory="dd6eefdf-5981-4b06-9be7-6b1126297c4a" />
    <UnitTestResult executionId="7e297dfc-928f-4fa2-aab4-55bf598639fb" testId="9e09cc8b-ebaa-2be8-dbdc-d6f399818446" testName="SOAPCommandRequestHandler_ExecuteFunction_HandleSequencesGet_No_Microphone_Security" computerName="DKSR-EFI-04" duration="00:00:00.0543835" startTime="2023-12-22T09:33:29.7249838+01:00" endTime="2023-12-22T09:33:29.7874858+01:00" testType="13cdc9d9-ddb5-4fa4-a97d-d965ccfc6d4b" outcome="Passed" testListId="8c84fa94-04c1-424b-9868-57a2d4851a1d" relativeResultsDirectory="7e297dfc-928f-4fa2-aab4-55bf598639fb" />
    <UnitTestResult executionId="f4301477-911c-48f0-b1b7-2309beec8ba1" testId="591f340c-7e26-489e-4ed4-c51b91e628f8" testName="SOAPCommandRequestHandler_ExecuteFunction_HandlePTZCenter_NoWidth" computerName="DKSR-EFI-04" duration="00:00:00.0006589" startTime="2023-12-22T09:33:30.5999883+01:00" endTime="2023-12-22T09:33:30.5999883+01:00" testType="13cdc9d9-ddb5-4fa4-a97d-d965ccfc6d4b" outcome="Passed" testListId="8c84fa94-04c1-424b-9868-57a2d4851a1d" relativeResultsDirectory="f4301477-911c-48f0-b1b7-2309beec8ba1" />
    <UnitTestResult executionId="755c4873-afaf-4295-a46e-8be508ae4ce5" testId="4ea280c9-b893-6a9a-489c-6c6af0fd440a" testName="ConnectSuccess_End_Denied" computerName="DKSR-EFI-04" duration="00:00:00.0029725" startTime="2023-12-22T09:33:27.7562269+01:00" endTime="2023-12-22T09:33:27.7562269+01:00" testType="13cdc9d9-ddb5-4fa4-a97d-d965ccfc6d4b" outcome="Passed" testListId="8c84fa94-04c1-424b-9868-57a2d4851a1d" relativeResultsDirectory="755c4873-afaf-4295-a46e-8be508ae4ce5" />
    <UnitTestResult executionId="8c421b20-2d09-4d06-a18e-3916b676cadf" testId="f916698f-dd5d-8796-5425-1978a515b4f7" testName="SOAPCommandRequestHandler_ExecuteFunction_HandleInputGetState_NotAvailable_Success" computerName="DKSR-EFI-04" duration="00:00:00.0012082" startTime="2023-12-22T09:33:30.4593659+01:00" endTime="2023-12-22T09:33:30.4593659+01:00" testType="13cdc9d9-ddb5-4fa4-a97d-d965ccfc6d4b" outcome="Passed" testListId="8c84fa94-04c1-424b-9868-57a2d4851a1d" relativeResultsDirectory="8c421b20-2d09-4d06-a18e-3916b676cadf" />
    <UnitTestResult executionId="d3528e33-76c6-4b25-8fe3-2fa5d48b86a4" testId="af04bac6-2ce8-74dc-6659-d012719b6bdc" testName="GetChangesAndSendUpdateHardwareDriverCommandAsync_Success" computerName="DKSR-EFI-04" duration="00:00:00.0936909" startTime="2023-12-22T09:33:22.1936992+01:00" endTime="2023-12-22T09:33:22.2874489+01:00" testType="13cdc9d9-ddb5-4fa4-a97d-d965ccfc6d4b" outcome="Passed" testListId="8c84fa94-04c1-424b-9868-57a2d4851a1d" relativeResultsDirectory="d3528e33-76c6-4b25-8fe3-2fa5d48b86a4" />
    <UnitTestResult executionId="d05f1d45-e66a-4c1d-bced-caa3e3fd2b19" testId="af960baf-0abc-1a8f-9a7c-3cac35e6212e" testName="SOAPCommandRequestHandler_ExecuteFunction_HandleSequencesGetAroundWithSpan_NoMaxCountBefore" computerName="DKSR-EFI-04" duration="00:00:00.0012625" startTime="2023-12-22T09:33:29.8812379+01:00" endTime="2023-12-22T09:33:29.8812379+01:00" testType="13cdc9d9-ddb5-4fa4-a97d-d965ccfc6d4b" outcome="Passed" testListId="8c84fa94-04c1-424b-9868-57a2d4851a1d" relativeResultsDirectory="d05f1d45-e66a-4c1d-bced-caa3e3fd2b19" />
    <UnitTestResult executionId="1724b7ef-3fd4-458e-9b82-551f806e624d" testId="bb90bd9a-cf89-39ae-1cb2-a7c97b306676" testName="HardwareSetupInformationCommandHandler_Execute_DuplicateMac_NotAllowed_HardwareAlreadyAddedResponse" computerName="DKSR-EFI-04" duration="00:00:00.0318991" startTime="2023-12-22T09:33:48.2250768+01:00" endTime="2023-12-22T09:33:48.2563258+01:00" testType="13cdc9d9-ddb5-4fa4-a97d-d965ccfc6d4b" outcome="Passed" testListId="8c84fa94-04c1-424b-9868-57a2d4851a1d" relativeResultsDirectory="1724b7ef-3fd4-458e-9b82-551f806e624d" />
    <UnitTestResult executionId="2e2aee17-30a8-4f6f-bf6d-55a9016e5aa7" testId="cc256b6e-e64d-2ded-8470-461578180b1a" testName="GetNetworkConfigurationCommandHandler_Constructor_NullArg_Throws" computerName="DKSR-EFI-04" duration="00:00:00.0028018" startTime="2023-12-22T09:33:47.8500739+01:00" endTime="2023-12-22T09:33:47.8656999+01:00" testType="13cdc9d9-ddb5-4fa4-a97d-d965ccfc6d4b" outcome="Passed" testListId="8c84fa94-04c1-424b-9868-57a2d4851a1d" relativeResultsDirectory="2e2aee17-30a8-4f6f-bf6d-55a9016e5aa7" />
    <UnitTestResult executionId="8b51c6c1-b8b6-48e8-8af2-4d795a4666c1" testId="cc66c58e-978b-8f4a-43d7-df39eecf1692" testName="SOAPCommandRequestHandler_ExecuteFunction_HandlePresetMoveTo_Success" computerName="DKSR-EFI-04" duration="00:00:00.0038797" startTime="2023-12-22T09:33:30.8499893+01:00" endTime="2023-12-22T09:33:30.8499893+01:00" testType="13cdc9d9-ddb5-4fa4-a97d-d965ccfc6d4b" outcome="Passed" testListId="8c84fa94-04c1-424b-9868-57a2d4851a1d" relativeResultsDirectory="8b51c6c1-b8b6-48e8-8af2-4d795a4666c1" />
    <UnitTestResult executionId="e6d03bf7-d1ba-4185-9ecf-386688502907" testId="8b88a5a8-a08f-05c4-0c85-be7e4e86f442" testName="SetNetworkConfigurationCommandHandler_Execute_HardwareNotStarted_Errors" computerName="DKSR-EFI-04" duration="00:00:00.0007590" startTime="2023-12-22T09:33:50.8969631+01:00" endTime="2023-12-22T09:33:50.8969631+01:00" testType="13cdc9d9-ddb5-4fa4-a97d-d965ccfc6d4b" outcome="Passed" testListId="8c84fa94-04c1-424b-9868-57a2d4851a1d" relativeResultsDirectory="e6d03bf7-d1ba-4185-9ecf-386688502907" />
    <UnitTestResult executionId="799160c8-6d20-43d2-b2c8-afae79cc8088" testId="ebc309bb-ac27-8eab-a1fd-4932f7f1d3dd" testName="SmartSearchHandlerForwardTestDataWithoutMotion" computerName="DKSR-EFI-04" duration="00:00:00.0014898" startTime="2023-12-22T09:33:32.1156223+01:00" endTime="2023-12-22T09:33:32.1156223+01:00" testType="13cdc9d9-ddb5-4fa4-a97d-d965ccfc6d4b" outcome="Passed" testListId="8c84fa94-04c1-424b-9868-57a2d4851a1d" relativeResultsDirectory="799160c8-6d20-43d2-b2c8-afae79cc8088" />
    <UnitTestResult executionId="7bfbe562-614a-4e10-a573-c5d303ec447d" testId="c53abf88-1d6c-5205-d2fa-49c2d1d2fa27" testName="SOAPCommandRequestHandler_ExecuteFunction_HandleGetRetentionTimeLimit_NoDeviceId" computerName="DKSR-EFI-04" duration="00:00:00.0014454" startTime="2023-12-22T09:33:30.4281161+01:00" endTime="2023-12-22T09:33:30.4281161+01:00" testType="13cdc9d9-ddb5-4fa4-a97d-d965ccfc6d4b" outcome="Passed" testListId="8c84fa94-04c1-424b-9868-57a2d4851a1d" relativeResultsDirectory="7bfbe562-614a-4e10-a573-c5d303ec447d" />
    <UnitTestResult executionId="3bee3a9b-b64c-47f2-be10-d0e7a82bd797" testId="23d822b9-5805-a7e4-84d0-61bec1cc15fa" testName="RepairInfo_ParseRepairInfoXml_InValidXML_Throws" computerName="DKSR-EFI-04" duration="00:00:00.0038297" startTime="2023-12-22T09:33:44.9594369+01:00" endTime="2023-12-22T09:33:44.9594369+01:00" testType="13cdc9d9-ddb5-4fa4-a97d-d965ccfc6d4b" outcome="Passed" testListId="8c84fa94-04c1-424b-9868-57a2d4851a1d" relativeResultsDirectory="3bee3a9b-b64c-47f2-be10-d0e7a82bd797" />
    <UnitTestResult executionId="bb2ca510-e96b-43fe-9409-2ed6f5548ec2" testId="a2bce702-365d-6ddb-20f6-5f22a941b354" testName="EvidenceLockOnOldRecorderCommandHandler_AddEvidenceLock_RowExists" computerName="DKSR-EFI-04" duration="00:00:00.0007215" startTime="2023-12-22T09:33:46.0219430+01:00" endTime="2023-12-22T09:33:46.0219430+01:00" testType="13cdc9d9-ddb5-4fa4-a97d-d965ccfc6d4b" outcome="Passed" testListId="8c84fa94-04c1-424b-9868-57a2d4851a1d" relativeResultsDirectory="bb2ca510-e96b-43fe-9409-2ed6f5548ec2" />
    <UnitTestResult executionId="67e10bb1-cefe-4df2-b64f-cfa80241af0b" testId="4bbb7166-5d12-9430-8733-29a7dd021927" testName="FirmwareUpgradeCommandHandler_Constructor_NullArg_Throws" computerName="DKSR-EFI-04" duration="00:00:00.0034177" startTime="2023-12-22T09:33:46.1000642+01:00" endTime="2023-12-22T09:33:46.1000642+01:00" testType="13cdc9d9-ddb5-4fa4-a97d-d965ccfc6d4b" outcome="Passed" testListId="8c84fa94-04c1-424b-9868-57a2d4851a1d" relativeResultsDirectory="67e10bb1-cefe-4df2-b64f-cfa80241af0b" />
    <UnitTestResult executionId="a74b52d9-8d77-45ff-a34f-8821dfc5e43e" testId="ea96d8c2-b012-7a15-be1c-52de1fa69f3c" testName="AddHardwareUserCommandHandler_Execute_HardwareNotFound_Fails" computerName="DKSR-EFI-04" duration="00:00:00.0006342" startTime="2023-12-22T09:33:45.0375597+01:00" endTime="2023-12-22T09:33:45.0375597+01:00" testType="13cdc9d9-ddb5-4fa4-a97d-d965ccfc6d4b" outcome="Passed" testListId="8c84fa94-04c1-424b-9868-57a2d4851a1d" relativeResultsDirectory="a74b52d9-8d77-45ff-a34f-8821dfc5e43e" />
    <UnitTestResult executionId="2b9e2e1d-8445-4109-9ce8-925e8b94e784" testId="38ff139f-5fa6-f79e-14c3-433d6df82f85" testName="ReapplyHardwareSettingsManager_UpdateConfigurationFromDiffGram_TimeNowAfterTriger_Success" computerName="DKSR-EFI-04" duration="00:00:00.0036684" startTime="2023-12-22T09:33:23.3655782+01:00" endTime="2023-12-22T09:33:23.3655782+01:00" testType="13cdc9d9-ddb5-4fa4-a97d-d965ccfc6d4b" outcome="Passed" testListId="8c84fa94-04c1-424b-9868-57a2d4851a1d" relativeResultsDirectory="2b9e2e1d-8445-4109-9ce8-925e8b94e784" />
    <UnitTestResult executionId="3cac4071-b791-469b-9c55-b30dbe0dd6ba" testId="6c44ac14-3993-67eb-0f37-7fe6d2032bb1" testName="ConnectSuccess_PrevWithTime" computerName="DKSR-EFI-04" duration="00:00:00.0043724" startTime="2023-12-22T09:33:27.7093502+01:00" endTime="2023-12-22T09:33:27.7093502+01:00" testType="13cdc9d9-ddb5-4fa4-a97d-d965ccfc6d4b" outcome="Passed" testListId="8c84fa94-04c1-424b-9868-57a2d4851a1d" relativeResultsDirectory="3cac4071-b791-469b-9c55-b30dbe0dd6ba" />
    <UnitTestResult executionId="9dd21672-236d-48f6-bf94-9b8ad4da3165" testId="608047e5-df85-8405-ad65-35084ce865e2" testName="SmartSearchHandlerBackwardTestDataWithoutMotion" computerName="DKSR-EFI-04" duration="00:00:00.0020996" startTime="2023-12-22T09:33:32.1312475+01:00" endTime="2023-12-22T09:33:32.1312475+01:00" testType="13cdc9d9-ddb5-4fa4-a97d-d965ccfc6d4b" outcome="Passed" testListId="8c84fa94-04c1-424b-9868-57a2d4851a1d" relativeResultsDirectory="9dd21672-236d-48f6-bf94-9b8ad4da3165" />
    <UnitTestResult executionId="dce10e2d-9dc0-4eda-9006-652a49ffd705" testId="4b466b45-b55d-057d-5ed1-51385987fb8e" testName="SOAPCommandRequestHandler_ExecuteFunction_HandlePTZReserveSession_NoDeviceId" computerName="DKSR-EFI-04" duration="00:00:00.0013425" startTime="2023-12-22T09:33:30.8499893+01:00" endTime="2023-12-22T09:33:30.8499893+01:00" testType="13cdc9d9-ddb5-4fa4-a97d-d965ccfc6d4b" outcome="Passed" testListId="8c84fa94-04c1-424b-9868-57a2d4851a1d" relativeResultsDirectory="dce10e2d-9dc0-4eda-9006-652a49ffd705" />
    <UnitTestResult executionId="53853319-154e-4b5f-834f-fcaaae6bb366" testId="d68d1a12-69e1-c96a-03ca-000fe085b43c" testName="ConnectionShutdown_MediaFeedHandlerTimeout" computerName="DKSR-EFI-04" duration="00:00:00.0170735" startTime="2023-12-22T09:33:27.5062251+01:00" endTime="2023-12-22T09:33:27.5218503+01:00" testType="13cdc9d9-ddb5-4fa4-a97d-d965ccfc6d4b" outcome="Passed" testListId="8c84fa94-04c1-424b-9868-57a2d4851a1d" relativeResultsDirectory="53853319-154e-4b5f-834f-fcaaae6bb366" />
    <UnitTestResult executionId="be82f795-c660-4d2f-b64a-de5371661dc8" testId="5336cade-c3b9-8ee6-22d0-aec741cfd9c1" testName="CheckDeleteDeviceMediaCommandHandler_LocalConfigEmpty_MediaDbG1_NoExistedTracks_DeviceNotStopped_NoDelete" computerName="DKSR-EFI-04" duration="00:00:00.0003100" startTime="2023-12-22T09:33:45.2563108+01:00" endTime="2023-12-22T09:33:45.2563108+01:00" testType="13cdc9d9-ddb5-4fa4-a97d-d965ccfc6d4b" outcome="Passed" testListId="8c84fa94-04c1-424b-9868-57a2d4851a1d" relativeResultsDirectory="be82f795-c660-4d2f-b64a-de5371661dc8" />
    <UnitTestResult executionId="433b39d5-3871-4502-8226-7060feb2a011" testId="6fcf6796-bbd1-5878-d43c-f3a5449b7297" testName="DatabaseoperationCommandhandler_VerifyStorageAndArchiveOnline_Archive_Online" computerName="DKSR-EFI-04" duration="00:00:00.0011373" startTime="2023-12-22T09:33:45.6313142+01:00" endTime="2023-12-22T09:33:45.6313142+01:00" testType="13cdc9d9-ddb5-4fa4-a97d-d965ccfc6d4b" outcome="Passed" testListId="8c84fa94-04c1-424b-9868-57a2d4851a1d" relativeResultsDirectory="433b39d5-3871-4502-8226-7060feb2a011" />
    <UnitTestResult executionId="a6354507-7f6b-4db8-b2f4-df1994bc763d" testId="149fae0e-4b3b-37ce-c523-a738629c5e3d" testName="ConfigurationController_UpdateUserSecurityTokens_IsValid_NoContent" computerName="DKSR-EFI-04" duration="00:00:00.0233463" startTime="2023-12-22T09:33:24.4124606+01:00" endTime="2023-12-22T09:33:24.4280843+01:00" testType="13cdc9d9-ddb5-4fa4-a97d-d965ccfc6d4b" outcome="Passed" testListId="8c84fa94-04c1-424b-9868-57a2d4851a1d" relativeResultsDirectory="a6354507-7f6b-4db8-b2f4-df1994bc763d">
      <Output>
        <StdOut>Debug Trace:&#xD;
Fail: Only use this constructor for unavailable tokens</StdOut>
      </Output>
    </UnitTestResult>
    <UnitTestResult executionId="6f61caef-315e-4458-a23a-187cfee58d1a" testId="27704cf3-1635-3d3d-6ba9-ece08612e6ed" testName="ConnectFailed_NoPrivacyMaskSupport" computerName="DKSR-EFI-04" duration="00:00:00.0015682" startTime="2023-12-22T09:33:27.5062251+01:00" endTime="2023-12-22T09:33:27.5062251+01:00" testType="13cdc9d9-ddb5-4fa4-a97d-d965ccfc6d4b" outcome="Passed" testListId="8c84fa94-04c1-424b-9868-57a2d4851a1d" relativeResultsDirectory="6f61caef-315e-4458-a23a-187cfee58d1a" />
    <UnitTestResult executionId="d34ba914-a06e-4637-b17c-cb47cb6deb57" testId="ce3fd1d7-d608-094f-073f-52226a53a166" testName="PtzReserveSessionCommandHandler_Execute_NotSupportedException" computerName="DKSR-EFI-04" duration="00:00:00.0023190" startTime="2023-12-22T09:33:50.4125873+01:00" endTime="2023-12-22T09:33:50.4125873+01:00" testType="13cdc9d9-ddb5-4fa4-a97d-d965ccfc6d4b" outcome="Passed" testListId="8c84fa94-04c1-424b-9868-57a2d4851a1d" relativeResultsDirectory="d34ba914-a06e-4637-b17c-cb47cb6deb57" />
    <UnitTestResult executionId="d30e7d35-4616-480e-9bf6-9e69253c65b8" testId="bd07fc63-b1a9-794c-a08b-5365e5040798" testName="RequestRecordKeyframesOnly_SetsRecordAllFramesToFalse_OnFirstRequest" computerName="DKSR-EFI-04" duration="00:00:00.0076066" startTime="2023-12-22T09:33:31.9906209+01:00" endTime="2023-12-22T09:33:32.0062460+01:00" testType="13cdc9d9-ddb5-4fa4-a97d-d965ccfc6d4b" outcome="Passed" testListId="8c84fa94-04c1-424b-9868-57a2d4851a1d" relativeResultsDirectory="d30e7d35-4616-480e-9bf6-9e69253c65b8" />
    <UnitTestResult executionId="643d29e4-4a3c-40f0-8935-ca419cc35f6f" testId="b61cc474-cc1d-c977-712d-e01d48b4cf8a" testName="DatabaseoperationCommandhandler_VerifyPath_DatabaseException_ReturnErrorResponse" computerName="DKSR-EFI-04" duration="00:00:00.0008816" startTime="2023-12-22T09:33:45.6000622+01:00" endTime="2023-12-22T09:33:45.6000622+01:00" testType="13cdc9d9-ddb5-4fa4-a97d-d965ccfc6d4b" outcome="Passed" testListId="8c84fa94-04c1-424b-9868-57a2d4851a1d" relativeResultsDirectory="643d29e4-4a3c-40f0-8935-ca419cc35f6f" />
    <UnitTestResult executionId="3fb5cc05-84b1-429d-81d2-2dc223f34f4c" testId="fd058c02-c1b1-34e1-3ffa-3551ce08eb07" testName="TimeRangeConversionRangesOverlapsStartAndEndTime" computerName="DKSR-EFI-04" duration="00:00:00.0008383" startTime="2023-12-22T09:33:44.3656806+01:00" endTime="2023-12-22T09:33:44.3656806+01:00" testType="13cdc9d9-ddb5-4fa4-a97d-d965ccfc6d4b" outcome="Passed" testListId="8c84fa94-04c1-424b-9868-57a2d4851a1d" relativeResultsDirectory="3fb5cc05-84b1-429d-81d2-2dc223f34f4c" />
    <UnitTestResult executionId="fb86aa8e-eec2-4e7e-8785-545ffea8e004" testId="408fd36a-2a0e-6ae4-0cc5-a2a3c333329e" testName="SOAPCommandRequestHandler_ExecuteFunction_HandleSequencesGet_NoMinTime" computerName="DKSR-EFI-04" duration="00:00:00.0009948" startTime="2023-12-22T09:33:30.9906183+01:00" endTime="2023-12-22T09:33:30.9906183+01:00" testType="13cdc9d9-ddb5-4fa4-a97d-d965ccfc6d4b" outcome="Passed" testListId="8c84fa94-04c1-424b-9868-57a2d4851a1d" relativeResultsDirectory="fb86aa8e-eec2-4e7e-8785-545ffea8e004" />
    <UnitTestResult executionId="6e30a70e-ec4b-4204-8084-bec3b1a2dd2f" testId="267b1a2b-95b2-68a5-fcda-0a26d2cd3423" testName="RecStorage_Startup_AllowStart_NotKeepFailing_Ok" computerName="DKSR-EFI-04" duration="00:00:00.0016076" startTime="2023-12-22T09:33:32.6468763+01:00" endTime="2023-12-22T09:33:32.6468763+01:00" testType="13cdc9d9-ddb5-4fa4-a97d-d965ccfc6d4b" outcome="Passed" testListId="8c84fa94-04c1-424b-9868-57a2d4851a1d" relativeResultsDirectory="6e30a70e-ec4b-4204-8084-bec3b1a2dd2f" />
    <UnitTestResult executionId="debfdf1f-1b0e-4aac-996c-ac8ac54d8d71" testId="3eb744f7-1144-5fa3-699e-8a12095498f6" testName="YieldsTheSameResult" computerName="DKSR-EFI-04" duration="00:00:00.0356887" startTime="2023-12-22T09:33:31.2249936+01:00" endTime="2023-12-22T09:33:31.2718686+01:00" testType="13cdc9d9-ddb5-4fa4-a97d-d965ccfc6d4b" outcome="Passed" testListId="8c84fa94-04c1-424b-9868-57a2d4851a1d" relativeResultsDirectory="debfdf1f-1b0e-4aac-996c-ac8ac54d8d71" />
    <UnitTestResult executionId="f3b4e2b8-f336-4103-a8ce-bf18e1a8d278" testId="87c40e4a-7a60-c338-93a7-08f14b9747cd" testName="PrepareMoveHardwareCommandHandler_Constructor_LoggerNull_ArgumentNullException" computerName="DKSR-EFI-04" duration="00:00:00.0023832" startTime="2023-12-22T09:33:48.9594551+01:00" endTime="2023-12-22T09:33:48.9594551+01:00" testType="13cdc9d9-ddb5-4fa4-a97d-d965ccfc6d4b" outcome="Passed" testListId="8c84fa94-04c1-424b-9868-57a2d4851a1d" relativeResultsDirectory="f3b4e2b8-f336-4103-a8ce-bf18e1a8d278">
      <Output>
        <StdOut>Debug Trace:&#xD;
Fail: Argument null</StdOut>
      </Output>
    </UnitTestResult>
    <UnitTestResult executionId="003e2f4c-3e11-4706-969a-f90bf967f276" testId="1c390b69-528a-eb14-787e-865cd81aa589" testName="SOAPCommandRequestHandler_ExecuteFunction_HandlePresetMoveTo_NoDeviceId" computerName="DKSR-EFI-04" duration="00:00:00.0015190" startTime="2023-12-22T09:33:30.8343652+01:00" endTime="2023-12-22T09:33:30.8343652+01:00" testType="13cdc9d9-ddb5-4fa4-a97d-d965ccfc6d4b" outcome="Passed" testListId="8c84fa94-04c1-424b-9868-57a2d4851a1d" relativeResultsDirectory="003e2f4c-3e11-4706-969a-f90bf967f276" />
    <UnitTestResult executionId="52f7a601-ba9f-43d9-8df3-c82cf75461cd" testId="37f7dc44-733a-9d3c-28de-fbd465ea6cac" testName="SetupInitialHardwareUserCommandHandler_Execute_SetupUser_ThrowsUserHandlingPasswordTooWeakError_Errors" computerName="DKSR-EFI-04" duration="00:00:00.0011729" startTime="2023-12-22T09:33:51.0063391+01:00" endTime="2023-12-22T09:33:51.0063391+01:00" testType="13cdc9d9-ddb5-4fa4-a97d-d965ccfc6d4b" outcome="Passed" testListId="8c84fa94-04c1-424b-9868-57a2d4851a1d" relativeResultsDirectory="52f7a601-ba9f-43d9-8df3-c82cf75461cd" />
    <UnitTestResult executionId="fc6568ae-639b-4fb8-ba9e-14c91bca2c2c" testId="af9c515c-990a-46b7-7894-bf5804e02abd" testName="EnsureDeployment" computerName="DKSR-EFI-04" duration="00:00:00.0100222" startTime="2023-12-22T09:33:18.7093074+01:00" endTime="2023-12-22T09:33:19.2561828+01:00" testType="13cdc9d9-ddb5-4fa4-a97d-d965ccfc6d4b" outcome="Passed" testListId="8c84fa94-04c1-424b-9868-57a2d4851a1d" relativeResultsDirectory="fc6568ae-639b-4fb8-ba9e-14c91bca2c2c" />
    <UnitTestResult executionId="47b3e092-125d-4913-accd-541b7d67930b" testId="52ce1766-1812-c263-8325-86677dbc5093" testName="GetSettingAsBool_Success" computerName="DKSR-EFI-04" duration="00:00:00.0002725" startTime="2023-12-22T09:33:33.8031305+01:00" endTime="2023-12-22T09:33:33.8031305+01:00" testType="13cdc9d9-ddb5-4fa4-a97d-d965ccfc6d4b" outcome="Passed" testListId="8c84fa94-04c1-424b-9868-57a2d4851a1d" relativeResultsDirectory="47b3e092-125d-4913-accd-541b7d67930b" />
    <UnitTestResult executionId="75896994-171f-4fe7-8fd3-8a2e199dc989" testId="6b3e8315-25aa-da2f-c82e-34e79cabc5bc" testName="ResolveIdAndMessage_NonMapped" computerName="DKSR-EFI-04" duration="00:00:00.0002144" startTime="2023-12-22T09:33:32.5687481+01:00" endTime="2023-12-22T09:33:32.5687481+01:00" testType="13cdc9d9-ddb5-4fa4-a97d-d965ccfc6d4b" outcome="Passed" testListId="8c84fa94-04c1-424b-9868-57a2d4851a1d" relativeResultsDirectory="75896994-171f-4fe7-8fd3-8a2e199dc989" />
    <UnitTestResult executionId="d061877d-d2b9-4fd6-a687-bd9e70416d38" testId="e90d824f-6012-1f24-1454-19b6ed28214d" testName="AddStatus_SendsFailoverStatus_OnRecorderStartedAsFailover" computerName="DKSR-EFI-04" duration="00:00:00.0006232" startTime="2023-12-22T09:33:23.4280805+01:00" endTime="2023-12-22T09:33:23.4280805+01:00" testType="13cdc9d9-ddb5-4fa4-a97d-d965ccfc6d4b" outcome="Passed" testListId="8c84fa94-04c1-424b-9868-57a2d4851a1d" relativeResultsDirectory="d061877d-d2b9-4fd6-a687-bd9e70416d38" />
    <UnitTestResult executionId="ebe269d3-85b3-49c7-bd10-c02d6bbf2e7c" testId="1576b950-f80c-8d73-f397-fd5016206cf2" testName="PtzPatrollingSessionBase_ControllerDoReachedEndPositionTask_Success" computerName="DKSR-EFI-04" duration="00:00:00.0013736" startTime="2023-12-22T09:33:52.3500981+01:00" endTime="2023-12-22T09:33:52.3500981+01:00" testType="13cdc9d9-ddb5-4fa4-a97d-d965ccfc6d4b" outcome="Passed" testListId="8c84fa94-04c1-424b-9868-57a2d4851a1d" relativeResultsDirectory="ebe269d3-85b3-49c7-bd10-c02d6bbf2e7c">
      <Output>
        <StdOut>Debug Trace:&#xD;
VideoOS.Recorder.PtzPatrollingSession session started</StdOut>
      </Output>
    </UnitTestResult>
    <UnitTestResult executionId="e32b9bf4-a795-469a-952e-8462f49bb372" testId="ef27459c-76de-489d-e30f-0b4115e73784" testName="RecorderAccessTokenHandler_PopulateAuthorizationHeaderAsync_ArgumentNullException" computerName="DKSR-EFI-04" duration="00:00:00.0067796" startTime="2023-12-22T09:33:32.3499978+01:00" endTime="2023-12-22T09:33:32.3499978+01:00" testType="13cdc9d9-ddb5-4fa4-a97d-d965ccfc6d4b" outcome="Passed" testListId="8c84fa94-04c1-424b-9868-57a2d4851a1d" relativeResultsDirectory="e32b9bf4-a795-469a-952e-8462f49bb372" />
    <UnitTestResult executionId="7472be01-994d-4c34-a438-cc7485e96675" testId="bab03081-5222-5822-1e64-cc780d6de6a9" testName="SOAPCommandRequestHandler_ExecuteFunction_HandleTimeLineInformationGet_NoTimeLineInformationIntervalMicroseconds" computerName="DKSR-EFI-04" duration="00:00:00.0009659" startTime="2023-12-22T09:33:30.1312368+01:00" endTime="2023-12-22T09:33:30.1312368+01:00" testType="13cdc9d9-ddb5-4fa4-a97d-d965ccfc6d4b" outcome="Passed" testListId="8c84fa94-04c1-424b-9868-57a2d4851a1d" relativeResultsDirectory="7472be01-994d-4c34-a438-cc7485e96675" />
    <UnitTestResult executionId="7e54beb6-3c30-492a-9a11-ef304a7d3eeb" testId="84ba90f3-9865-b8fa-8adf-9b1a3d12d7fa" testName="SOAPCommandRequestHandler_ExecuteFunction_HandlePTZMoveStop_No_Priority" computerName="DKSR-EFI-04" duration="00:00:00.0011880" startTime="2023-12-22T09:33:30.7562382+01:00" endTime="2023-12-22T09:33:30.7562382+01:00" testType="13cdc9d9-ddb5-4fa4-a97d-d965ccfc6d4b" outcome="Passed" testListId="8c84fa94-04c1-424b-9868-57a2d4851a1d" relativeResultsDirectory="7e54beb6-3c30-492a-9a11-ef304a7d3eeb" />
    <UnitTestResult executionId="67027dc6-f400-4fb4-98a5-8690e0dda914" testId="a5ed42a3-3fc9-e346-cc3c-ebc90271ee9f" testName="StartTimer_StartsInternalTimer_WithPropperValues" computerName="DKSR-EFI-04" duration="00:00:00.0045442" startTime="2023-12-22T09:33:23.4437049+01:00" endTime="2023-12-22T09:33:23.4437049+01:00" testType="13cdc9d9-ddb5-4fa4-a97d-d965ccfc6d4b" outcome="Passed" testListId="8c84fa94-04c1-424b-9868-57a2d4851a1d" relativeResultsDirectory="67027dc6-f400-4fb4-98a5-8690e0dda914" />
    <UnitTestResult executionId="e1a265be-f8f9-4afc-aba5-1a3ba835b35d" testId="5fdbc1fd-a841-1dde-9f6d-f82cd22344bc" testName="Transform_EmptyMask_Success" computerName="DKSR-EFI-04" duration="00:00:00.2160621" startTime="2023-12-22T09:33:29.4124834+01:00" endTime="2023-12-22T09:33:29.6312337+01:00" testType="13cdc9d9-ddb5-4fa4-a97d-d965ccfc6d4b" outcome="Passed" testListId="8c84fa94-04c1-424b-9868-57a2d4851a1d" relativeResultsDirectory="e1a265be-f8f9-4afc-aba5-1a3ba835b35d" />
    <UnitTestResult executionId="9cdfac13-5a26-43f9-8af5-b11514b027ae" testId="ff65b58d-13f8-81a9-7714-0fc6c1e404e1" testName="DatabaseoperationCommandhandler_FilterTrackIdsToThoseWithoutMediaOnRecorder_Success" computerName="DKSR-EFI-04" duration="00:00:00.0064038" startTime="2023-12-22T09:33:45.5219362+01:00" endTime="2023-12-22T09:33:45.5219362+01:00" testType="13cdc9d9-ddb5-4fa4-a97d-d965ccfc6d4b" outcome="Passed" testListId="8c84fa94-04c1-424b-9868-57a2d4851a1d" relativeResultsDirectory="9cdfac13-5a26-43f9-8af5-b11514b027ae" />
    <UnitTestResult executionId="3222fad2-cfeb-4c9f-a394-4aa44e866dd2" testId="5255c104-c7be-f6e9-5f6f-6abcea6a5ba2" testName="ResponseController_NullCommManager_ArgumentNullException" computerName="DKSR-EFI-04" duration="00:00:00.0006914" startTime="2023-12-22T09:33:24.6468355+01:00" endTime="2023-12-22T09:33:24.6468355+01:00" testType="13cdc9d9-ddb5-4fa4-a97d-d965ccfc6d4b" outcome="Passed" testListId="8c84fa94-04c1-424b-9868-57a2d4851a1d" relativeResultsDirectory="3222fad2-cfeb-4c9f-a394-4aa44e866dd2" />
    <UnitTestResult executionId="16d7eb32-3ac8-4fa9-8a97-115f3c99f655" testId="e11f5d05-8169-5ff7-5ee7-033c8b181a6d" testName="DiffGramToApplyToOrigionalDataSetToMakeItIdenticalWithNewDataSet_HandleAddedRows" computerName="DKSR-EFI-04" duration="00:00:00.0301751" startTime="2023-12-22T09:33:22.0218227+01:00" endTime="2023-12-22T09:33:22.0530748+01:00" testType="13cdc9d9-ddb5-4fa4-a97d-d965ccfc6d4b" outcome="Passed" testListId="8c84fa94-04c1-424b-9868-57a2d4851a1d" relativeResultsDirectory="16d7eb32-3ac8-4fa9-8a97-115f3c99f655" />
    <UnitTestResult executionId="62723b25-ae45-4fbf-8b8a-fbb7682262a0" testId="db6af28e-50a4-6d1a-7c8e-2fc1b8d39003" testName="PtzPatrollingSessionBase_Pause_NotRunning" computerName="DKSR-EFI-04" duration="00:00:00.0006931" startTime="2023-12-22T09:33:52.3188456+01:00" endTime="2023-12-22T09:33:52.3188456+01:00" testType="13cdc9d9-ddb5-4fa4-a97d-d965ccfc6d4b" outcome="Passed" testListId="8c84fa94-04c1-424b-9868-57a2d4851a1d" relativeResultsDirectory="62723b25-ae45-4fbf-8b8a-fbb7682262a0" />
    <UnitTestResult executionId="c8f3a2cf-b9e7-41b5-a4bf-727233276ac4" testId="665b1f0f-1d1c-7042-b714-c16e80b625c9" testName="GetStatistics_Framerate_ZeroFrames" computerName="DKSR-EFI-04" duration="00:00:00.0004939" startTime="2023-12-22T09:33:33.5218776+01:00" endTime="2023-12-22T09:33:33.5218776+01:00" testType="13cdc9d9-ddb5-4fa4-a97d-d965ccfc6d4b" outcome="Passed" testListId="8c84fa94-04c1-424b-9868-57a2d4851a1d" relativeResultsDirectory="c8f3a2cf-b9e7-41b5-a4bf-727233276ac4" />
    <UnitTestResult executionId="34cdb03d-b2ac-4e10-a22d-35e282adf535" testId="261e9349-c966-f457-4f8c-b98500a37378" testName="CheckHardwareDefinitionCommandHandler_Execute_AddressNotChanged_Success" computerName="DKSR-EFI-04" duration="00:00:00.0013904" startTime="2023-12-22T09:33:45.4125630+01:00" endTime="2023-12-22T09:33:45.4125630+01:00" testType="13cdc9d9-ddb5-4fa4-a97d-d965ccfc6d4b" outcome="Passed" testListId="8c84fa94-04c1-424b-9868-57a2d4851a1d" relativeResultsDirectory="34cdb03d-b2ac-4e10-a22d-35e282adf535" />
    <UnitTestResult executionId="d903f939-b899-4542-b473-c943bd289894" testId="a9e1dd14-fe51-f317-1164-bb8a44f4e9b4" testName="AddStatus_DoesNotSendTheSameStatus_OnMultipleStatusCalls" computerName="DKSR-EFI-04" duration="00:00:00.0006020" startTime="2023-12-22T09:33:23.4280805+01:00" endTime="2023-12-22T09:33:23.4280805+01:00" testType="13cdc9d9-ddb5-4fa4-a97d-d965ccfc6d4b" outcome="Passed" testListId="8c84fa94-04c1-424b-9868-57a2d4851a1d" relativeResultsDirectory="d903f939-b899-4542-b473-c943bd289894" />
    <UnitTestResult executionId="448dc811-2cd1-484d-affa-95d54943d888" testId="2614e9c9-d868-e53f-d1f7-c14b411ec857" testName="SOAPCommandRequestHandler_ExecuteFunction_HandleMulticastStart_Client_Cant_Handle_PrivacyMask" computerName="DKSR-EFI-04" duration="00:00:00.0025909" startTime="2023-12-22T09:33:30.2406142+01:00" endTime="2023-12-22T09:33:30.2406142+01:00" testType="13cdc9d9-ddb5-4fa4-a97d-d965ccfc6d4b" outcome="Passed" testListId="8c84fa94-04c1-424b-9868-57a2d4851a1d" relativeResultsDirectory="448dc811-2cd1-484d-affa-95d54943d888" />
    <UnitTestResult executionId="2785cffe-4dc3-4fdf-b5bc-790a0437393d" testId="52d9a274-dcc7-2ec7-8f82-d51baba9422b" testName="ChangeHardwarePasswordCommandHandler_Execute_ChangePassword_ThrowsUsernameNotRecognized_Errors" computerName="DKSR-EFI-04" duration="00:00:00.0013825" startTime="2023-12-22T09:33:45.1781882+01:00" endTime="2023-12-22T09:33:45.1781882+01:00" testType="13cdc9d9-ddb5-4fa4-a97d-d965ccfc6d4b" outcome="Passed" testListId="8c84fa94-04c1-424b-9868-57a2d4851a1d" relativeResultsDirectory="2785cffe-4dc3-4fdf-b5bc-790a0437393d" />
    <UnitTestResult executionId="3fbf69ec-4d76-4ef6-8a7f-9b1d44ff489e" testId="e43a90f4-de92-83c8-763d-039a5712ec18" testName="ChangeHardwarePasswordCommandHandler_Execute_NullArgs_Throws" computerName="DKSR-EFI-04" duration="00:00:00.0136112" startTime="2023-12-22T09:33:45.1000612+01:00" endTime="2023-12-22T09:33:45.1156867+01:00" testType="13cdc9d9-ddb5-4fa4-a97d-d965ccfc6d4b" outcome="Passed" testListId="8c84fa94-04c1-424b-9868-57a2d4851a1d" relativeResultsDirectory="3fbf69ec-4d76-4ef6-8a7f-9b1d44ff489e">
      <Output>
        <StdOut>Debug Trace:&#xD;
Fail: Command/Command handler type mismatch&#xD;
Fail: Argument null.</StdOut>
      </Output>
    </UnitTestResult>
    <UnitTestResult executionId="1a5a790d-f662-4614-80fb-35beb5f83810" testId="34d6c2ba-7066-1f87-cafb-c22794b8fcae" testName="IsInRange_ShouldReturnFalse_WhenEndHasIncorrectFormat" computerName="DKSR-EFI-04" duration="00:00:00.0002192" startTime="2023-12-22T09:33:44.3188082+01:00" endTime="2023-12-22T09:33:44.3188082+01:00" testType="13cdc9d9-ddb5-4fa4-a97d-d965ccfc6d4b" outcome="Passed" testListId="8c84fa94-04c1-424b-9868-57a2d4851a1d" relativeResultsDirectory="1a5a790d-f662-4614-80fb-35beb5f83810" />
    <UnitTestResult executionId="f2a10804-87a9-4a14-9983-afda01dc43cd" testId="23b815c5-4d23-70cb-0402-9d0899ee10d1" testName="SetNetworkConfigurationCommandHandler_Execute_SetNetworkConfiguration_ThrowsNoHardwareAccess_Errors" computerName="DKSR-EFI-04" duration="00:00:00.0008628" startTime="2023-12-22T09:33:50.9594643+01:00" endTime="2023-12-22T09:33:50.9594643+01:00" testType="13cdc9d9-ddb5-4fa4-a97d-d965ccfc6d4b" outcome="Passed" testListId="8c84fa94-04c1-424b-9868-57a2d4851a1d" relativeResultsDirectory="f2a10804-87a9-4a14-9983-afda01dc43cd" />
    <UnitTestResult executionId="8d1f9bcc-0e72-480a-8d53-2ab12668980e" testId="b477e2bc-bbce-3f9c-371f-276b31c16fbb" testName="SOAPCommandRequestHandler_ExecuteFunction_HandlePTZActivatePatrollingSchema_Not_Licensed" computerName="DKSR-EFI-04" duration="00:00:00.0013188" startTime="2023-12-22T09:33:30.9281140+01:00" endTime="2023-12-22T09:33:30.9281140+01:00" testType="13cdc9d9-ddb5-4fa4-a97d-d965ccfc6d4b" outcome="Passed" testListId="8c84fa94-04c1-424b-9868-57a2d4851a1d" relativeResultsDirectory="8d1f9bcc-0e72-480a-8d53-2ab12668980e" />
    <UnitTestResult executionId="84eeed93-48e4-45a6-b3c5-24838826ee13" testId="b9031ac0-784a-5c25-8247-fb78392eb86f" testName="FirmwareUpgradeCommandHandler_Execute_WarningNotChanged" computerName="DKSR-EFI-04" duration="00:00:00.0011530" startTime="2023-12-22T09:33:47.6156967+01:00" endTime="2023-12-22T09:33:47.6156967+01:00" testType="13cdc9d9-ddb5-4fa4-a97d-d965ccfc6d4b" outcome="Passed" testListId="8c84fa94-04c1-424b-9868-57a2d4851a1d" relativeResultsDirectory="84eeed93-48e4-45a6-b3c5-24838826ee13" />
    <UnitTestResult executionId="a90262f5-b0c6-41d6-ac2d-d08ba8fdba14" testId="3b4b49ba-aa71-f021-7369-dc1c44f272a2" testName="AudioPlayerOnSpeaker_PlayUsingCurrentThread_NoSpeakerHandler" computerName="DKSR-EFI-04" duration="00:00:00.0006249" startTime="2023-12-22T09:33:52.5532226+01:00" endTime="2023-12-22T09:33:52.5532226+01:00" testType="13cdc9d9-ddb5-4fa4-a97d-d965ccfc6d4b" outcome="Passed" testListId="8c84fa94-04c1-424b-9868-57a2d4851a1d" relativeResultsDirectory="a90262f5-b0c6-41d6-ac2d-d08ba8fdba14" />
    <UnitTestResult executionId="d1d396f8-aaff-4bea-a21f-09a4bc391bb5" testId="2a8b5025-8035-6703-b6b8-efe30b305967" testName="PtzManager_ResumePatrolling_Success" computerName="DKSR-EFI-04" duration="00:00:00.0018907" startTime="2023-12-22T09:33:51.9907197+01:00" endTime="2023-12-22T09:33:52.0063456+01:00" testType="13cdc9d9-ddb5-4fa4-a97d-d965ccfc6d4b" outcome="Passed" testListId="8c84fa94-04c1-424b-9868-57a2d4851a1d" relativeResultsDirectory="d1d396f8-aaff-4bea-a21f-09a4bc391bb5" />
    <UnitTestResult executionId="89684b15-2676-4dcd-b7d5-7459d3963b88" testId="12e18fcd-ae5e-f636-7ffa-e065547949cf" testName="PtzPatrollingSessionBase_ExternalResume_Success" computerName="DKSR-EFI-04" duration="00:00:00.0007257" startTime="2023-12-22T09:33:52.3344749+01:00" endTime="2023-12-22T09:33:52.3344749+01:00" testType="13cdc9d9-ddb5-4fa4-a97d-d965ccfc6d4b" outcome="Passed" testListId="8c84fa94-04c1-424b-9868-57a2d4851a1d" relativeResultsDirectory="89684b15-2676-4dcd-b7d5-7459d3963b88">
      <Output>
        <StdOut>Debug Trace:&#xD;
VideoOS.Recorder.PtzPatrollingSession session started</StdOut>
      </Output>
    </UnitTestResult>
    <UnitTestResult executionId="95da61c5-6c64-4e34-bcb6-37209101874c" testId="955020a2-7253-6e7c-7cc3-bbb3a972e209" testName="SOAPCommandRequestHandler_ExecuteFunction_HandleSequencesGet_Success" computerName="DKSR-EFI-04" duration="00:00:00.0063397" startTime="2023-12-22T09:33:29.8031125+01:00" endTime="2023-12-22T09:33:29.8031125+01:00" testType="13cdc9d9-ddb5-4fa4-a97d-d965ccfc6d4b" outcome="Passed" testListId="8c84fa94-04c1-424b-9868-57a2d4851a1d" relativeResultsDirectory="95da61c5-6c64-4e34-bcb6-37209101874c" />
    <UnitTestResult executionId="c008e936-0493-4c70-b264-243788fc4174" testId="c0fd9609-2aff-305c-143c-f0e4c7c329ee" testName="GetRecorderTasks_InternalStateStopped_ReturnsNull" computerName="DKSR-EFI-04" duration="00:00:00.0013917" startTime="2023-12-22T09:33:24.0530848+01:00" endTime="2023-12-22T09:33:24.0530848+01:00" testType="13cdc9d9-ddb5-4fa4-a97d-d965ccfc6d4b" outcome="Passed" testListId="8c84fa94-04c1-424b-9868-57a2d4851a1d" relativeResultsDirectory="c008e936-0493-4c70-b264-243788fc4174" />
    <UnitTestResult executionId="339f5a4b-e9a6-404e-944e-68f367883737" testId="7c657bb1-d656-8572-52e9-8a42e2518cbb" testName="TimeRangeConversionMinRangeAndTimeResolution" computerName="DKSR-EFI-04" duration="00:00:00.0005738" startTime="2023-12-22T09:33:44.3813087+01:00" endTime="2023-12-22T09:33:44.3813087+01:00" testType="13cdc9d9-ddb5-4fa4-a97d-d965ccfc6d4b" outcome="Passed" testListId="8c84fa94-04c1-424b-9868-57a2d4851a1d" relativeResultsDirectory="339f5a4b-e9a6-404e-944e-68f367883737" />
    <UnitTestResult executionId="51707689-8eb7-4b9c-968e-a378f9a92009" testId="9da080b9-513b-368f-a550-e3016b79c97e" testName="SOAPCommandRequestHandler_ExecuteFunction_HandlePtzGetAbsolutePosition_NoDeviceId" computerName="DKSR-EFI-04" duration="00:00:00.0011268" startTime="2023-12-22T09:33:30.6624887+01:00" endTime="2023-12-22T09:33:30.6624887+01:00" testType="13cdc9d9-ddb5-4fa4-a97d-d965ccfc6d4b" outcome="Passed" testListId="8c84fa94-04c1-424b-9868-57a2d4851a1d" relativeResultsDirectory="51707689-8eb7-4b9c-968e-a378f9a92009" />
    <UnitTestResult executionId="eb7ce321-1627-419e-939e-76fd0588cc45" testId="ed1dec9a-9e12-a2c3-334f-e6edb45dcb6a" testName="SOAPCommandRequestHandler_ExecuteFunction_HandleSequencesGetAround_NoCenterTime" computerName="DKSR-EFI-04" duration="00:00:00.0009730" startTime="2023-12-22T09:33:29.8187361+01:00" endTime="2023-12-22T09:33:29.8187361+01:00" testType="13cdc9d9-ddb5-4fa4-a97d-d965ccfc6d4b" outcome="Passed" testListId="8c84fa94-04c1-424b-9868-57a2d4851a1d" relativeResultsDirectory="eb7ce321-1627-419e-939e-76fd0588cc45" />
    <UnitTestResult executionId="2ab7f21d-a6e5-401c-8f07-8a75a1e08716" testId="cfae43cc-8a12-c2f5-05c8-4f9184442cde" testName="SOAPCommandRequestHandler_ExecuteFunction_HandleMulticastStart_User_Has_Permission" computerName="DKSR-EFI-04" duration="00:00:00.0119442" startTime="2023-12-22T09:33:30.2093628+01:00" endTime="2023-12-22T09:33:30.2093628+01:00" testType="13cdc9d9-ddb5-4fa4-a97d-d965ccfc6d4b" outcome="Passed" testListId="8c84fa94-04c1-424b-9868-57a2d4851a1d" relativeResultsDirectory="2ab7f21d-a6e5-401c-8f07-8a75a1e08716" />
    <UnitTestResult executionId="c5e5df78-552d-4d9e-befb-8a187b9a6674" testId="3c02d772-2802-bcff-15bd-8b68f6e0cc7c" testName="DatabaseoperationCommandhandler_VerifyPath_NoPath_ReturnErrorResponse" computerName="DKSR-EFI-04" duration="00:00:00.0005259" startTime="2023-12-22T09:33:45.6000622+01:00" endTime="2023-12-22T09:33:45.6000622+01:00" testType="13cdc9d9-ddb5-4fa4-a97d-d965ccfc6d4b" outcome="Passed" testListId="8c84fa94-04c1-424b-9868-57a2d4851a1d" relativeResultsDirectory="c5e5df78-552d-4d9e-befb-8a187b9a6674" />
    <UnitTestResult executionId="f58dcc34-c758-485f-a77a-bfd7ae0f8ed4" testId="83de497b-d4c4-8177-19ae-00a5df08a991" testName="FirmwareUpgradeCommandHandler_Execute_HardwareBlocked_Errors" computerName="DKSR-EFI-04" duration="00:00:00.0010753" startTime="2023-12-22T09:33:46.1313146+01:00" endTime="2023-12-22T09:33:46.1313146+01:00" testType="13cdc9d9-ddb5-4fa4-a97d-d965ccfc6d4b" outcome="Passed" testListId="8c84fa94-04c1-424b-9868-57a2d4851a1d" relativeResultsDirectory="f58dcc34-c758-485f-a77a-bfd7ae0f8ed4" />
    <UnitTestResult executionId="67d5bda8-8d79-49eb-b778-774e11091fd7" testId="1a9dd7fc-481b-b0bd-b784-100180cbed88" testName="PtzManager_UpdateConfigurationFromDiffGram_Modify_Success" computerName="DKSR-EFI-04" duration="00:00:00.0050121" startTime="2023-12-22T09:33:51.9438422+01:00" endTime="2023-12-22T09:33:51.9438422+01:00" testType="13cdc9d9-ddb5-4fa4-a97d-d965ccfc6d4b" outcome="Passed" testListId="8c84fa94-04c1-424b-9868-57a2d4851a1d" relativeResultsDirectory="67d5bda8-8d79-49eb-b778-774e11091fd7" />
    <UnitTestResult executionId="df2bb17b-52da-4df6-9369-a7a1905829d6" testId="a8dba998-c070-d486-4557-5b506a41a400" testName="CheckExternalRecorderRegistrationCommandHandler_Execute_HardwareNotStarted_ErrorResponse" computerName="DKSR-EFI-04" duration="00:00:00.0007308" startTime="2023-12-22T09:33:45.3500629+01:00" endTime="2023-12-22T09:33:45.3500629+01:00" testType="13cdc9d9-ddb5-4fa4-a97d-d965ccfc6d4b" outcome="Passed" testListId="8c84fa94-04c1-424b-9868-57a2d4851a1d" relativeResultsDirectory="df2bb17b-52da-4df6-9369-a7a1905829d6" />
    <UnitTestResult executionId="d5458c99-f4fa-4370-b48b-f9267f132db7" testId="248633a8-419e-cde7-d246-f6ef50f7ef4a" testName="ChangeHardwarePasswordCommandHandler_Execute_HardwareNotStarted_Errors" computerName="DKSR-EFI-04" duration="00:00:00.0006612" startTime="2023-12-22T09:33:45.1469365+01:00" endTime="2023-12-22T09:33:45.1469365+01:00" testType="13cdc9d9-ddb5-4fa4-a97d-d965ccfc6d4b" outcome="Passed" testListId="8c84fa94-04c1-424b-9868-57a2d4851a1d" relativeResultsDirectory="d5458c99-f4fa-4370-b48b-f9267f132db7" />
    <UnitTestResult executionId="b27b6e2f-9890-4e0d-9ef7-1811e656fd94" testId="8f59d508-0fba-540c-0155-3889b43a2525" testName="PtzManagerDataHolder_Constructor_ArgumentNullException" computerName="DKSR-EFI-04" duration="00:00:00.0015966" startTime="2023-12-22T09:33:51.1000906+01:00" endTime="2023-12-22T09:33:51.1000906+01:00" testType="13cdc9d9-ddb5-4fa4-a97d-d965ccfc6d4b" outcome="Passed" testListId="8c84fa94-04c1-424b-9868-57a2d4851a1d" relativeResultsDirectory="b27b6e2f-9890-4e0d-9ef7-1811e656fd94" />
    <UnitTestResult executionId="c89e1130-d513-46d5-87e2-30c6b4514a81" testId="18d3b442-3af9-9ced-b5f4-c2bf6c6b45b3" testName="SmartSearchHandlerResultNotReadyException" computerName="DKSR-EFI-04" duration="00:00:00.0012733" startTime="2023-12-22T09:33:32.1937477+01:00" endTime="2023-12-22T09:33:32.1937477+01:00" testType="13cdc9d9-ddb5-4fa4-a97d-d965ccfc6d4b" outcome="Passed" testListId="8c84fa94-04c1-424b-9868-57a2d4851a1d" relativeResultsDirectory="c89e1130-d513-46d5-87e2-30c6b4514a81" />
    <UnitTestResult executionId="76f1e051-55ee-4e21-b0c1-fb4da1ad4baf" testId="223235e7-2eef-701c-ac06-00f200ec176d" testName="ReadMessageHeaders_ReadRequestLine_SoapCommand_Success" computerName="DKSR-EFI-04" duration="00:00:00.0001280" startTime="2023-12-22T09:33:31.2093673+01:00" endTime="2023-12-22T09:33:31.2093673+01:00" testType="13cdc9d9-ddb5-4fa4-a97d-d965ccfc6d4b" outcome="Passed" testListId="8c84fa94-04c1-424b-9868-57a2d4851a1d" relativeResultsDirectory="76f1e051-55ee-4e21-b0c1-fb4da1ad4baf" />
    <UnitTestResult executionId="58b17022-93b4-4b9e-b594-84af05179f16" testId="b2a1b712-46a5-733f-1612-f15200d0057b" testName="CollectMediaStatusCommandHandler_No_Device_Object" computerName="DKSR-EFI-04" duration="00:00:00.0006517" startTime="2023-12-22T09:33:45.4438129+01:00" endTime="2023-12-22T09:33:45.4438129+01:00" testType="13cdc9d9-ddb5-4fa4-a97d-d965ccfc6d4b" outcome="Passed" testListId="8c84fa94-04c1-424b-9868-57a2d4851a1d" relativeResultsDirectory="58b17022-93b4-4b9e-b594-84af05179f16" />
    <UnitTestResult executionId="20c026f2-0dbb-46ae-9d57-785298f010b1" testId="bf0f8068-e690-c5d9-efec-8bb2e4acd092" testName="RecordingStorageDeviceLinkEntries_QueryByRecordingStorageId_Success" computerName="DKSR-EFI-04" duration="00:00:00.0009356" startTime="2023-12-22T09:33:23.5530838+01:00" endTime="2023-12-22T09:33:23.5530838+01:00" testType="13cdc9d9-ddb5-4fa4-a97d-d965ccfc6d4b" outcome="Passed" testListId="8c84fa94-04c1-424b-9868-57a2d4851a1d" relativeResultsDirectory="20c026f2-0dbb-46ae-9d57-785298f010b1" />
    <UnitTestResult executionId="41446dbc-3c4e-4d94-80cf-39a39d8e4fc2" testId="733bcc97-b59b-f665-d8e7-2335be33aaba" testName="SOAPCommandRequestHandler_ExecuteFunction_HandleSmartSearchStart_NoSearchMaskMask" computerName="DKSR-EFI-04" duration="00:00:00.0025944" startTime="2023-12-22T09:33:30.0531128+01:00" endTime="2023-12-22T09:33:30.0531128+01:00" testType="13cdc9d9-ddb5-4fa4-a97d-d965ccfc6d4b" outcome="Passed" testListId="8c84fa94-04c1-424b-9868-57a2d4851a1d" relativeResultsDirectory="41446dbc-3c4e-4d94-80cf-39a39d8e4fc2" />
    <UnitTestResult executionId="438f6c0c-e6c4-44d4-b518-b03620d4bd9e" testId="226d6fda-46cf-f08f-cf67-d3a9d71d5298" testName="DatabaseoperationCommandhandler_VerifyNewArchivePath_Failover_ReturnErrorResponse" computerName="DKSR-EFI-04" duration="00:00:00.0007091" startTime="2023-12-22T09:33:45.6156889+01:00" endTime="2023-12-22T09:33:45.6156889+01:00" testType="13cdc9d9-ddb5-4fa4-a97d-d965ccfc6d4b" outcome="Passed" testListId="8c84fa94-04c1-424b-9868-57a2d4851a1d" relativeResultsDirectory="438f6c0c-e6c4-44d4-b518-b03620d4bd9e" />
    <UnitTestResult executionId="c66dd023-660d-42a3-9999-7d4a3256fa3d" testId="38dd23bb-df0f-1286-a693-57b7d136c190" testName="ServerAccessTokenHandler_Constructor_ThrowArgumentNullExceptionIServerTokenCache" computerName="DKSR-EFI-04" duration="00:00:00.0005175" startTime="2023-12-22T09:33:32.3499978+01:00" endTime="2023-12-22T09:33:32.3499978+01:00" testType="13cdc9d9-ddb5-4fa4-a97d-d965ccfc6d4b" outcome="Passed" testListId="8c84fa94-04c1-424b-9868-57a2d4851a1d" relativeResultsDirectory="c66dd023-660d-42a3-9999-7d4a3256fa3d" />
    <UnitTestResult executionId="23727629-ac73-49cf-a3e6-cba76570149a" testId="2e1beb03-23a6-d8e3-309a-84859d36c4b5" testName="PtzManagerDataHolder_GetPtzDevice_Success" computerName="DKSR-EFI-04" duration="00:00:00.0008265" startTime="2023-12-22T09:33:51.1000906+01:00" endTime="2023-12-22T09:33:51.1157151+01:00" testType="13cdc9d9-ddb5-4fa4-a97d-d965ccfc6d4b" outcome="Passed" testListId="8c84fa94-04c1-424b-9868-57a2d4851a1d" relativeResultsDirectory="23727629-ac73-49cf-a3e6-cba76570149a" />
    <UnitTestResult executionId="1b6d75b4-8672-4980-b026-1f668a396709" testId="8c60bb5b-86a2-ad96-a5fa-dcd40db2418b" testName="Ctor_Null_Throws_ArgumentNullException" computerName="DKSR-EFI-04" duration="00:00:00.0016704" startTime="2023-12-22T09:33:22.1936992+01:00" endTime="2023-12-22T09:33:22.1936992+01:00" testType="13cdc9d9-ddb5-4fa4-a97d-d965ccfc6d4b" outcome="Passed" testListId="8c84fa94-04c1-424b-9868-57a2d4851a1d" relativeResultsDirectory="1b6d75b4-8672-4980-b026-1f668a396709" />
    <UnitTestResult executionId="70cc923f-6821-4276-b87f-845cd31b4dcd" testId="e6cfa372-a5ab-53e9-c8e7-bb8eadfb2e48" testName="MediaDbConfigurationWriter_WriteDatabaseConfiguration" computerName="DKSR-EFI-04" duration="00:00:00.0363607" startTime="2023-12-22T09:33:44.8031840+01:00" endTime="2023-12-22T09:33:44.8344336+01:00" testType="13cdc9d9-ddb5-4fa4-a97d-d965ccfc6d4b" outcome="Passed" testListId="8c84fa94-04c1-424b-9868-57a2d4851a1d" relativeResultsDirectory="70cc923f-6821-4276-b87f-845cd31b4dcd" />
    <UnitTestResult executionId="ad3fd06c-c181-425a-8feb-d07ba8e3716c" testId="5357c825-e1ff-1bda-e30c-2434dff3dea0" testName="GetHardwareUsersCommandHandler_Execute_HardwareBlocked_Errors" computerName="DKSR-EFI-04" duration="00:00:00.0010167" startTime="2023-12-22T09:33:47.8188663+01:00" endTime="2023-12-22T09:33:47.8188663+01:00" testType="13cdc9d9-ddb5-4fa4-a97d-d965ccfc6d4b" outcome="Passed" testListId="8c84fa94-04c1-424b-9868-57a2d4851a1d" relativeResultsDirectory="ad3fd06c-c181-425a-8feb-d07ba8e3716c" />
    <UnitTestResult executionId="342f943a-6bfe-47df-87bf-84684cef5c57" testId="59d4ac00-0459-3cec-bbc5-180061a2de03" testName="ConnectSuccess_PrevSeq_Denied" computerName="DKSR-EFI-04" duration="00:00:00.0032185" startTime="2023-12-22T09:33:27.8343522+01:00" endTime="2023-12-22T09:33:27.8343522+01:00" testType="13cdc9d9-ddb5-4fa4-a97d-d965ccfc6d4b" outcome="Passed" testListId="8c84fa94-04c1-424b-9868-57a2d4851a1d" relativeResultsDirectory="342f943a-6bfe-47df-87bf-84684cef5c57" />
    <UnitTestResult executionId="50836f3b-e494-49f7-9224-782c62f268be" testId="3297e64a-96d1-e7c5-1500-1d70047b24a0" testName="EdgeStorageLimitsParallel" computerName="DKSR-EFI-04" duration="00:00:00.0004912" startTime="2023-12-22T09:33:33.9593818+01:00" endTime="2023-12-22T09:33:33.9593818+01:00" testType="13cdc9d9-ddb5-4fa4-a97d-d965ccfc6d4b" outcome="Passed" testListId="8c84fa94-04c1-424b-9868-57a2d4851a1d" relativeResultsDirectory="50836f3b-e494-49f7-9224-782c62f268be" />
    <UnitTestResult executionId="b9c21995-8fd2-499b-b4f7-4fe639533c7f" testId="d3de26a3-44d9-d03e-dc04-99987ed37276" testName="DiffGramToApplyToOrigionalDataSetToMakeItIdenticalWithNewDataSet_HandleDeletedRows" computerName="DKSR-EFI-04" duration="00:00:00.0117401" startTime="2023-12-22T09:33:22.0999478+01:00" endTime="2023-12-22T09:33:22.1156079+01:00" testType="13cdc9d9-ddb5-4fa4-a97d-d965ccfc6d4b" outcome="Passed" testListId="8c84fa94-04c1-424b-9868-57a2d4851a1d" relativeResultsDirectory="b9c21995-8fd2-499b-b4f7-4fe639533c7f" />
    <UnitTestResult executionId="84a6188c-0b47-45f7-a10e-c83ef70438a5" testId="1b8b8000-c58c-406e-26b1-9852da5eb563" testName="SOAPCommandRequestHandler_GetClientCapabilities_No_ClientCapabilities_Section" computerName="DKSR-EFI-04" duration="00:00:00.0012871" startTime="2023-12-22T09:33:30.1781150+01:00" endTime="2023-12-22T09:33:30.1781150+01:00" testType="13cdc9d9-ddb5-4fa4-a97d-d965ccfc6d4b" outcome="Passed" testListId="8c84fa94-04c1-424b-9868-57a2d4851a1d" relativeResultsDirectory="84a6188c-0b47-45f7-a10e-c83ef70438a5" />
    <UnitTestResult executionId="93a0c1ea-7e80-4d80-8bab-410a0fdb5e42" testId="6b8f630c-afdd-dd9f-a40a-fa7a6cdec1ef" testName="Constructor_TimerIsNull_ArgumentNullException" computerName="DKSR-EFI-04" duration="00:00:00.0024872" startTime="2023-12-22T09:33:24.2718345+01:00" endTime="2023-12-22T09:33:24.2718345+01:00" testType="13cdc9d9-ddb5-4fa4-a97d-d965ccfc6d4b" outcome="Passed" testListId="8c84fa94-04c1-424b-9868-57a2d4851a1d" relativeResultsDirectory="93a0c1ea-7e80-4d80-8bab-410a0fdb5e42" />
    <UnitTestResult executionId="c65d3dce-070f-4162-8036-2fa5f4c44716" testId="260e5a70-a7b4-7e90-7ec0-9c5a4b346b5e" testName="PtzManager_Start_Success" computerName="DKSR-EFI-04" duration="00:00:00.0008533" startTime="2023-12-22T09:33:51.8813436+01:00" endTime="2023-12-22T09:33:51.8813436+01:00" testType="13cdc9d9-ddb5-4fa4-a97d-d965ccfc6d4b" outcome="Passed" testListId="8c84fa94-04c1-424b-9868-57a2d4851a1d" relativeResultsDirectory="c65d3dce-070f-4162-8036-2fa5f4c44716" />
    <UnitTestResult executionId="14716827-172d-498f-a326-f3021714e397" testId="0cc146fb-7b5e-0f5b-f703-d063678bf0c1" testName="SetNetworkConfigurationCommandHandler_Execute_HardwareReadOnly_Errors" computerName="DKSR-EFI-04" duration="00:00:00.0006878" startTime="2023-12-22T09:33:50.8969631+01:00" endTime="2023-12-22T09:33:50.8969631+01:00" testType="13cdc9d9-ddb5-4fa4-a97d-d965ccfc6d4b" outcome="Passed" testListId="8c84fa94-04c1-424b-9868-57a2d4851a1d" relativeResultsDirectory="14716827-172d-498f-a326-f3021714e397" />
    <UnitTestResult executionId="d95ff636-f5f9-4749-ae92-84a64526a29f" testId="ff0e50d2-cbea-a62d-2ef5-bef80ba5a011" testName="MediaDbCache_SetDiskUsageInformationBank_Path_Null_ArgumentNullException" computerName="DKSR-EFI-04" duration="00:00:00.0103939" startTime="2023-12-22T09:33:44.5531828+01:00" endTime="2023-12-22T09:33:44.5688080+01:00" testType="13cdc9d9-ddb5-4fa4-a97d-d965ccfc6d4b" outcome="Passed" testListId="8c84fa94-04c1-424b-9868-57a2d4851a1d" relativeResultsDirectory="d95ff636-f5f9-4749-ae92-84a64526a29f">
      <Output>
        <StdOut>Debug Trace:&#xD;
Fail: Argument null.</StdOut>
      </Output>
    </UnitTestResult>
    <UnitTestResult executionId="19241022-a693-472d-a300-e7a3e20abe13" testId="e51ab982-32f9-c264-3c0a-f7a725b05c11" testName="SOAPCommandRequestHandler_ExecuteFunction_HandleSequencesGetAroundWithSpan_NoMaxCountAfter" computerName="DKSR-EFI-04" duration="00:00:00.0010586" startTime="2023-12-22T09:33:29.8968629+01:00" endTime="2023-12-22T09:33:29.8968629+01:00" testType="13cdc9d9-ddb5-4fa4-a97d-d965ccfc6d4b" outcome="Passed" testListId="8c84fa94-04c1-424b-9868-57a2d4851a1d" relativeResultsDirectory="19241022-a693-472d-a300-e7a3e20abe13" />
    <UnitTestResult executionId="c824b7bd-8f86-4a53-9ce4-fe414ce5b513" testId="96f297f7-010e-ccbe-b014-3da76d4969c3" testName="GetAbsolutePtzPositionCommandHandler_Execute_Argument_Exception" computerName="DKSR-EFI-04" duration="00:00:00.0042754" startTime="2023-12-22T09:33:47.6781986+01:00" endTime="2023-12-22T09:33:47.6938228+01:00" testType="13cdc9d9-ddb5-4fa4-a97d-d965ccfc6d4b" outcome="Passed" testListId="8c84fa94-04c1-424b-9868-57a2d4851a1d" relativeResultsDirectory="c824b7bd-8f86-4a53-9ce4-fe414ce5b513">
      <Output>
        <StdOut>Debug Trace:&#xD;
Fail: Command/Command handler type mismatch&#xD;
Fail: responseSink can not be null</StdOut>
      </Output>
    </UnitTestResult>
    <UnitTestResult executionId="42f4b2f6-b825-401b-9852-6a6cfe132919" testId="ff34db91-3566-fc69-4d08-3018efce0372" testName="DatabaseoperationCommandhandler_DiskUsageInformationTablesPerStorage_StorageOffline_AllSuccess" computerName="DKSR-EFI-04" duration="00:00:00.0014098" startTime="2023-12-22T09:33:45.5844373+01:00" endTime="2023-12-22T09:33:45.5844373+01:00" testType="13cdc9d9-ddb5-4fa4-a97d-d965ccfc6d4b" outcome="Passed" testListId="8c84fa94-04c1-424b-9868-57a2d4851a1d" relativeResultsDirectory="42f4b2f6-b825-401b-9852-6a6cfe132919" />
    <UnitTestResult executionId="73a300cd-166d-4ee8-bade-c3e129503450" testId="a29f3c96-61ec-8d2e-3d4e-4d7c87633011" testName="ConstructAndCallMethodsForNotConfiguredNotCamera" computerName="DKSR-EFI-04" duration="00:00:00.0003885" startTime="2023-12-22T09:33:33.3656278+01:00" endTime="2023-12-22T09:33:33.3656278+01:00" testType="13cdc9d9-ddb5-4fa4-a97d-d965ccfc6d4b" outcome="Passed" testListId="8c84fa94-04c1-424b-9868-57a2d4851a1d" relativeResultsDirectory="73a300cd-166d-4ee8-bade-c3e129503450" />
    <UnitTestResult executionId="c63ea216-f74f-46d5-a155-241752011aa3" testId="67789090-e72a-5ffd-a348-a0b093e37aa4" testName="DeleteHardwareUserCommandHandler_Execute_HardwareBlocked_Errors" computerName="DKSR-EFI-04" duration="00:00:00.0043521" startTime="2023-12-22T09:33:45.9125648+01:00" endTime="2023-12-22T09:33:45.9281952+01:00" testType="13cdc9d9-ddb5-4fa4-a97d-d965ccfc6d4b" outcome="Passed" testListId="8c84fa94-04c1-424b-9868-57a2d4851a1d" relativeResultsDirectory="c63ea216-f74f-46d5-a155-241752011aa3" />
    <UnitTestResult executionId="dcd2b3bd-b1ea-48d1-aecf-cc19fc89ed46" testId="9980dec0-82bb-5e66-a266-90f6e092092e" testName="IsInRange_ShouldReturnTrue_WhenAddressEqualsStart" computerName="DKSR-EFI-04" duration="00:00:00.0001393" startTime="2023-12-22T09:33:44.2875585+01:00" endTime="2023-12-22T09:33:44.2875585+01:00" testType="13cdc9d9-ddb5-4fa4-a97d-d965ccfc6d4b" outcome="Passed" testListId="8c84fa94-04c1-424b-9868-57a2d4851a1d" relativeResultsDirectory="dcd2b3bd-b1ea-48d1-aecf-cc19fc89ed46" />
    <UnitTestResult executionId="9268c223-25fe-49b7-b690-53e63923edda" testId="95735401-57f2-29c2-af3c-690c72a34c67" testName="ResponseController_FailureResponseNullInput_BadRequestResult" computerName="DKSR-EFI-04" duration="00:00:00.0003780" startTime="2023-12-22T09:33:24.6468355+01:00" endTime="2023-12-22T09:33:24.6624605+01:00" testType="13cdc9d9-ddb5-4fa4-a97d-d965ccfc6d4b" outcome="Passed" testListId="8c84fa94-04c1-424b-9868-57a2d4851a1d" relativeResultsDirectory="9268c223-25fe-49b7-b690-53e63923edda" />
    <UnitTestResult executionId="0be13be5-5769-4be9-8ac2-408b64cb1f2c" testId="2886a1e5-b545-f681-6d8e-ded7da6dd0c9" testName="SOAPCommandRequestHandler_ExecuteFunction_HandleSequencesGetAroundWithSpan_NoMaxTimeBefore" computerName="DKSR-EFI-04" duration="00:00:00.0010504" startTime="2023-12-22T09:33:29.8812379+01:00" endTime="2023-12-22T09:33:29.8812379+01:00" testType="13cdc9d9-ddb5-4fa4-a97d-d965ccfc6d4b" outcome="Passed" testListId="8c84fa94-04c1-424b-9868-57a2d4851a1d" relativeResultsDirectory="0be13be5-5769-4be9-8ac2-408b64cb1f2c" />
    <UnitTestResult executionId="9cef31e9-d35a-4832-8e95-56ad82896268" testId="6ad67f90-4e09-b699-2caa-16df9b28a0e0" testName="SOAPCommandRequestHandler_ExecuteFunction_HandlePTZActivatePatrollingSchema_No_Security" computerName="DKSR-EFI-04" duration="00:00:00.0014609" startTime="2023-12-22T09:33:30.9437398+01:00" endTime="2023-12-22T09:33:30.9437398+01:00" testType="13cdc9d9-ddb5-4fa4-a97d-d965ccfc6d4b" outcome="Passed" testListId="8c84fa94-04c1-424b-9868-57a2d4851a1d" relativeResultsDirectory="9cef31e9-d35a-4832-8e95-56ad82896268" />
    <UnitTestResult executionId="e59610e9-7590-49e5-864d-8f073b5b13cc" testId="115bd2f0-1853-8480-252f-37ca6d40c3a6" testName="PtzManagerDataHolder_GetOrAddPtzController_Success" computerName="DKSR-EFI-04" duration="00:00:00.0195079" startTime="2023-12-22T09:33:51.3032154+01:00" endTime="2023-12-22T09:33:51.3188415+01:00" testType="13cdc9d9-ddb5-4fa4-a97d-d965ccfc6d4b" outcome="Passed" testListId="8c84fa94-04c1-424b-9868-57a2d4851a1d" relativeResultsDirectory="e59610e9-7590-49e5-864d-8f073b5b13cc">
      <Output>
        <StdOut>Debug Trace:&#xD;
VideoOS.Recorder.PtzDefaultSession session started&#xD;
VideoOS.Recorder.PtzDefaultSession session, OnBeforeExecuteRequest&#xD;
VideoOS.Recorder.PtzDefaultSession session stopped</StdOut>
      </Output>
    </UnitTestResult>
    <UnitTestResult executionId="df9a720c-f79b-4fd6-a7c8-0098555d50b3" testId="e31bfc8b-2529-b88a-3b33-8f8ac1f6d188" testName="SOAPCommandRequestHandler_ExecuteFunction_HandleTimeLineInformationGet_TimeLineInformationCount_NoTimeLineInformationTypes" computerName="DKSR-EFI-04" duration="00:00:00.0009343" startTime="2023-12-22T09:33:30.1468630+01:00" endTime="2023-12-22T09:33:30.1468630+01:00" testType="13cdc9d9-ddb5-4fa4-a97d-d965ccfc6d4b" outcome="Passed" testListId="8c84fa94-04c1-424b-9868-57a2d4851a1d" relativeResultsDirectory="df9a720c-f79b-4fd6-a7c8-0098555d50b3" />
    <UnitTestResult executionId="44538d65-162f-4f2c-b8ed-8c8d43ed0519" testId="8115ede1-3fe0-6ea9-9c40-67ab11fe3336" testName="AudioMessageManager_PlayAudioMessage_Stopped" computerName="DKSR-EFI-04" duration="00:00:00.0010913" startTime="2023-12-22T09:33:52.3969708+01:00" endTime="2023-12-22T09:33:52.3969708+01:00" testType="13cdc9d9-ddb5-4fa4-a97d-d965ccfc6d4b" outcome="Passed" testListId="8c84fa94-04c1-424b-9868-57a2d4851a1d" relativeResultsDirectory="44538d65-162f-4f2c-b8ed-8c8d43ed0519" />
    <UnitTestResult executionId="0f5e1a0f-d00f-43bf-a7ad-61c1ef0a4d3c" testId="e50a8e35-8c31-959a-8809-8fff71c8e4bd" testName="DeleteHardwareUserCommandHandler_Execute_FixedUser_Error" computerName="DKSR-EFI-04" duration="00:00:00.0008081" startTime="2023-12-22T09:33:45.9594395+01:00" endTime="2023-12-22T09:33:45.9594395+01:00" testType="13cdc9d9-ddb5-4fa4-a97d-d965ccfc6d4b" outcome="Passed" testListId="8c84fa94-04c1-424b-9868-57a2d4851a1d" relativeResultsDirectory="0f5e1a0f-d00f-43bf-a7ad-61c1ef0a4d3c" />
    <UnitTestResult executionId="6bbeebde-7cdb-4793-8258-dcb678e72367" testId="92207852-7a2a-2c81-f989-bbdf5da00a26" testName="SOAPCommandRequestHandler_ExecuteFunction_HandleTimeLineInformationGet_NoTimeLineInformationBeginTime" computerName="DKSR-EFI-04" duration="00:00:00.0008795" startTime="2023-12-22T09:33:30.1312368+01:00" endTime="2023-12-22T09:33:30.1312368+01:00" testType="13cdc9d9-ddb5-4fa4-a97d-d965ccfc6d4b" outcome="Passed" testListId="8c84fa94-04c1-424b-9868-57a2d4851a1d" relativeResultsDirectory="6bbeebde-7cdb-4793-8258-dcb678e72367" />
    <UnitTestResult executionId="0170f437-db58-4f5f-b1bf-d8fd942da504" testId="e91cd25b-0914-e151-3d5f-581e9a917879" testName="RecStorage_Startup_AllowStart_KeepFailing_Failure_KeepOffline" computerName="DKSR-EFI-04" duration="00:00:00.0043929" startTime="2023-12-22T09:33:32.6468763+01:00" endTime="2023-12-22T09:33:32.6468763+01:00" testType="13cdc9d9-ddb5-4fa4-a97d-d965ccfc6d4b" outcome="Passed" testListId="8c84fa94-04c1-424b-9868-57a2d4851a1d" relativeResultsDirectory="0170f437-db58-4f5f-b1bf-d8fd942da504" />
    <UnitTestResult executionId="9e3d9af8-1f45-4843-9650-4ef379785480" testId="cebb697d-37f9-b96a-26b4-873974b66667" testName="MediaDbUtil_MultitrackNavigation_Scenario05" computerName="DKSR-EFI-04" duration="00:00:00.0221701" startTime="2023-12-22T09:33:28.6312316+01:00" endTime="2023-12-22T09:33:28.6624799+01:00" testType="13cdc9d9-ddb5-4fa4-a97d-d965ccfc6d4b" outcome="Passed" testListId="8c84fa94-04c1-424b-9868-57a2d4851a1d" relativeResultsDirectory="9e3d9af8-1f45-4843-9650-4ef379785480">
      <Output>
        <StdOut>TestContext Messages:&#xD;
Before&#xD;
Navigation:  "     V                                  "&#xD;
Source    :  "             1-----1-----1----1----     "&#xD;
Unable to move&#xD;
&#xD;
AtOrBefore&#xD;
Navigation:  "     V                                  "&#xD;
Source    :  "             1-----1-----1----1----     "&#xD;
Unable to move&#xD;
&#xD;
AtOrAfter&#xD;
Navigation:  "     V                                  "&#xD;
Source    :  "             1-----1-----1----1----     "&#xD;
Expected  :  "             1-----N                    "&#xD;
Actual    :  "             1-----N                    "&#xD;
&#xD;
After&#xD;
Navigation:  "     V                                  "&#xD;
Source    :  "             1-----1-----1----1----     "&#xD;
Expected  :  "             1-----N                    "&#xD;
Actual    :  "             1-----N                    "&#xD;
&#xD;
Before&#xD;
Navigation:  "      V                                 "&#xD;
Source    :  "             1-----1-----1----1----     "&#xD;
Unable to move&#xD;
&#xD;
AtOrBefore&#xD;
Navigation:  "      V                                 "&#xD;
Source    :  "             1-----1-----1----1----     "&#xD;
Unable to move&#xD;
&#xD;
AtOrAfter&#xD;
Navigation:  "      V                                 "&#xD;
Source    :  "             1-----1-----1----1----     "&#xD;
Expected  :  "             1-----N                    "&#xD;
Actual    :  "             1-----N                    "&#xD;
&#xD;
After&#xD;
Navigation:  "      V                                 "&#xD;
Source    :  "             1-----1-----1----1----     "&#xD;
Expected  :  "             1-----N                    "&#xD;
Actual    :  "             1-----N                    "&#xD;
&#xD;
Before&#xD;
Navigation:  "       V                                "&#xD;
Source    :  "             1-----1-----1----1----     "&#xD;
Unable to move&#xD;
&#xD;
AtOrBefore&#xD;
Navigation:  "       V                                "&#xD;
Source    :  "             1-----1-----1----1----     "&#xD;
Unable to move&#xD;
&#xD;
AtOrAfter&#xD;
Navigation:  "       V                                "&#xD;
Source    :  "             1-----1-----1----1----     "&#xD;
Expected  :  "             1-----N                    "&#xD;
Actual    :  "             1-----N                    "&#xD;
&#xD;
After&#xD;
Navigation:  "       V                                "&#xD;
Source    :  "             1-----1-----1----1----     "&#xD;
Expected  :  "             1-----N                    "&#xD;
Actual    :  "             1-----N                    "&#xD;
&#xD;
Before&#xD;
Navigation:  "                V                       "&#xD;
Source    :  "             1-----1-----1----1----     "&#xD;
Unable to move&#xD;
&#xD;
AtOrBefore&#xD;
Navigation:  "                V                       "&#xD;
Source    :  "             1-----1-----1----1----     "&#xD;
Expected  :  "             1-----N                    "&#xD;
Actual    :  "             1-----N                    "&#xD;
&#xD;
AtOrAfter&#xD;
Navigation:  "                V                       "&#xD;
Source    :  "             1-----1-----1----1----     "&#xD;
Expected  :  "             1-----N                    "&#xD;
Actual    :  "             1-----N                    "&#xD;
&#xD;
After&#xD;
Navigation:  "                V                       "&#xD;
Source    :  "             1-----1-----1----1----     "&#xD;
Expected  :  "             P     1-----N              "&#xD;
Actual    :  "             P     1-----N              "&#xD;
&#xD;
Before&#xD;
Navigation:  "                   V                    "&#xD;
Source    :  "             1-----1-----1----1----     "&#xD;
Expected  :  "             1-----N                    "&#xD;
Actual    :  "             1-----N                    "&#xD;
&#xD;
AtOrBefore&#xD;
Navigation:  "                   V                    "&#xD;
Source    :  "             1-----1-----1----1----     "&#xD;
Expected  :  "             P     1-----N              "&#xD;
Actual    :  "             P     1-----N              "&#xD;
&#xD;
AtOrAfter&#xD;
Navigation:  "                   V                    "&#xD;
Source    :  "             1-----1-----1----1----     "&#xD;
Expected  :  "             P     1-----N              "&#xD;
Actual    :  "             P     1-----N              "&#xD;
&#xD;
After&#xD;
Navigation:  "                   V                    "&#xD;
Source    :  "             1-----1-----1----1----     "&#xD;
Expected  :  "                   P     1----N         "&#xD;
Actual    :  "                   P     1----N         "&#xD;
&#xD;
Before&#xD;
Navigation:  "                               V        "&#xD;
Source    :  "             1-----1-----1----1----     "&#xD;
Expected  :  "                   P     1----N         "&#xD;
Actual    :  "                   P     1----N         "&#xD;
&#xD;
AtOrBefore&#xD;
Navigation:  "                               V        "&#xD;
Source    :  "             1-----1-----1----1----     "&#xD;
Expected  :  "                         P    1----     "&#xD;
Actual    :  "                         P    1----     "&#xD;
&#xD;
AtOrAfter&#xD;
Navigation:  "                               V        "&#xD;
Source    :  "             1-----1-----1----1----     "&#xD;
Expected  :  "                         P    1----     "&#xD;
Actual    :  "                         P    1----     "&#xD;
&#xD;
After&#xD;
Navigation:  "                               V        "&#xD;
Source    :  "             1-----1-----1----1----     "&#xD;
Unable to move&#xD;
&#xD;
Before&#xD;
Navigation:  "                                      V "&#xD;
Source    :  "             1-----1-----1----1----     "&#xD;
Expected  :  "                         P    1----     "&#xD;
Actual    :  "                         P    1----     "&#xD;
&#xD;
AtOrBefore&#xD;
Navigation:  "                                      V "&#xD;
Source    :  "             1-----1-----1----1----     "&#xD;
Expected  :  "                         P    1----     "&#xD;
Actual    :  "                         P    1----     "&#xD;
&#xD;
AtOrAfter&#xD;
Navigation:  "                                      V "&#xD;
Source    :  "             1-----1-----1----1----     "&#xD;
Unable to move&#xD;
&#xD;
After&#xD;
Navigation:  "                                      V "&#xD;
Source    :  "             1-----1-----1----1----     "&#xD;
Unable to move&#xD;
&#xD;
Before&#xD;
Navigation:  "     V                                  "&#xD;
Source    :  "                  2-----2-----          "&#xD;
Unable to move&#xD;
&#xD;
AtOrBefore&#xD;
Navigation:  "     V                                  "&#xD;
Source    :  "                  2-----2-----          "&#xD;
Unable to move&#xD;
&#xD;
AtOrAfter&#xD;
Navigation:  "     V                                  "&#xD;
Source    :  "                  2-----2-----          "&#xD;
Expected  :  "                  2-----N               "&#xD;
Actual    :  "                  2-----N               "&#xD;
&#xD;
After&#xD;
Navigation:  "     V                                  "&#xD;
Source    :  "                  2-----2-----          "&#xD;
Expected  :  "                  2-----N               "&#xD;
Actual    :  "                  2-----N               "&#xD;
&#xD;
Before&#xD;
Navigation:  "      V                                 "&#xD;
Source    :  "                  2-----2-----          "&#xD;
Unable to move&#xD;
&#xD;
AtOrBefore&#xD;
Navigation:  "      V                                 "&#xD;
Source    :  "                  2-----2-----          "&#xD;
Unable to move&#xD;
&#xD;
AtOrAfter&#xD;
Navigation:  "      V                                 "&#xD;
Source    :  "                  2-----2-----          "&#xD;
Expected  :  "                  2-----N               "&#xD;
Actual    :  "                  2-----N               "&#xD;
&#xD;
After&#xD;
Navigation:  "      V                                 "&#xD;
Source    :  "                  2-----2-----          "&#xD;
Expected  :  "                  2-----N               "&#xD;
Actual    :  "                  2-----N               "&#xD;
&#xD;
Before&#xD;
Navigation:  "       V                                "&#xD;
Source    :  "                  2-----2-----          "&#xD;
Unable to move&#xD;
&#xD;
AtOrBefore&#xD;
Navigation:  "       V                                "&#xD;
Source    :  "                  2-----2-----          "&#xD;
Unable to move&#xD;
&#xD;
AtOrAfter&#xD;
Navigation:  "       V                                "&#xD;
Source    :  "                  2-----2-----          "&#xD;
Expected  :  "                  2-----N               "&#xD;
Actual    :  "                  2-----N               "&#xD;
&#xD;
After&#xD;
Navigation:  "       V                                "&#xD;
Source    :  "                  2-----2-----          "&#xD;
Expected  :  "                  2-----N               "&#xD;
Actual    :  "                  2-----N               "&#xD;
&#xD;
Before&#xD;
Navigation:  "                V                       "&#xD;
Source    :  "                  2-----2-----          "&#xD;
Unable to move&#xD;
&#xD;
AtOrBefore&#xD;
Navigation:  "                V                       "&#xD;
Source    :  "                  2-----2-----          "&#xD;
Unable to move&#xD;
&#xD;
AtOrAfter&#xD;
Navigation:  "                V                       "&#xD;
Source    :  "                  2-----2-----          "&#xD;
Expected  :  "                  2-----N               "&#xD;
Actual    :  "                  2-----N               "&#xD;
&#xD;
After&#xD;
Navigation:  "                V                       "&#xD;
Source    :  "                  2-----2-----          "&#xD;
Expected  :  "                  2-----N               "&#xD;
Actual    :  "                  2-----N               "&#xD;
&#xD;
Before&#xD;
Navigation:  "                   V                    "&#xD;
Source    :  "                  2-----2-----          "&#xD;
Unable to move&#xD;
&#xD;
AtOrBefore&#xD;
Navigation:  "                   V                    "&#xD;
Source    :  "                  2-----2-----          "&#xD;
Expected  :  "                  2-----N               "&#xD;
Actual    :  "                  2-----N               "&#xD;
&#xD;
AtOrAfter&#xD;
Navigation:  "                   V                    "&#xD;
Source    :  "                  2-----2-----          "&#xD;
Expected  :  "                  2-----N               "&#xD;
Actual    :  "                  2-----N               "&#xD;
&#xD;
After&#xD;
Navigation:  "                   V                    "&#xD;
Source    :  "                  2-----2-----          "&#xD;
Expected  :  "                  P     2-----          "&#xD;
Actual    :  "                  P     2-----          "&#xD;
&#xD;
Before&#xD;
Navigation:  "                               V        "&#xD;
Source    :  "                  2-----2-----          "&#xD;
Expected  :  "                  P     2-----          "&#xD;
Actual    :  "                  P     2-----          "&#xD;
&#xD;
AtOrBefore&#xD;
Navigation:  "                               V        "&#xD;
Source    :  "                  2-----2-----          "&#xD;
Expected  :  "                  P     2-----          "&#xD;
Actual    :  "                  P     2-----          "&#xD;
&#xD;
AtOrAfter&#xD;
Navigation:  "                               V        "&#xD;
Source    :  "                  2-----2-----          "&#xD;
Unable to move&#xD;
&#xD;
After&#xD;
Navigation:  "                               V        "&#xD;
Source    :  "                  2-----2-----          "&#xD;
Unable to move&#xD;
&#xD;
Before&#xD;
Navigation:  "                                      V "&#xD;
Source    :  "                  2-----2-----          "&#xD;
Expected  :  "                  P     2-----          "&#xD;
Actual    :  "                  P     2-----          "&#xD;
&#xD;
AtOrBefore&#xD;
Navigation:  "                                      V "&#xD;
Source    :  "                  2-----2-----          "&#xD;
Expected  :  "                  P     2-----          "&#xD;
Actual    :  "                  P     2-----          "&#xD;
&#xD;
AtOrAfter&#xD;
Navigation:  "                                      V "&#xD;
Source    :  "                  2-----2-----          "&#xD;
Unable to move&#xD;
&#xD;
After&#xD;
Navigation:  "                                      V "&#xD;
Source    :  "                  2-----2-----          "&#xD;
Unable to move</StdOut>
      </Output>
    </UnitTestResult>
    <UnitTestResult executionId="2b97438d-7b4f-44ec-9609-b5d7ebfaf125" testId="2b1babeb-d0ba-35da-97f7-2b8e130d8e6f" testName="PutAndGetSameFrame" computerName="DKSR-EFI-04" duration="00:00:00.0158898" startTime="2023-12-22T09:33:33.4437517+01:00" endTime="2023-12-22T09:33:33.4593782+01:00" testType="13cdc9d9-ddb5-4fa4-a97d-d965ccfc6d4b" outcome="Passed" testListId="8c84fa94-04c1-424b-9868-57a2d4851a1d" relativeResultsDirectory="2b97438d-7b4f-44ec-9609-b5d7ebfaf125" />
    <UnitTestResult executionId="b56663cd-ae2b-4629-808b-5f905e3cf1a9" testId="6655f2de-68dc-155c-85bd-e9907fa4887a" testName="TestLiveTableStatusCreatedWithoutTableExists" computerName="DKSR-EFI-04" duration="00:00:00.0014805" startTime="2023-12-22T09:33:44.9125597+01:00" endTime="2023-12-22T09:33:44.9125597+01:00" testType="13cdc9d9-ddb5-4fa4-a97d-d965ccfc6d4b" outcome="Passed" testListId="8c84fa94-04c1-424b-9868-57a2d4851a1d" relativeResultsDirectory="b56663cd-ae2b-4629-808b-5f905e3cf1a9" />
    <UnitTestResult executionId="606e1cb4-0820-4ee3-b483-f10599fd4224" testId="9337bcc5-81b9-8228-a77c-c5ba3389419b" testName="SetRecordingOnOffCameraOneLink" computerName="DKSR-EFI-04" duration="00:00:00.0014523" startTime="2023-12-22T09:33:33.3343780+01:00" endTime="2023-12-22T09:33:33.3343780+01:00" testType="13cdc9d9-ddb5-4fa4-a97d-d965ccfc6d4b" outcome="Passed" testListId="8c84fa94-04c1-424b-9868-57a2d4851a1d" relativeResultsDirectory="606e1cb4-0820-4ee3-b483-f10599fd4224" />
    <UnitTestResult executionId="fab19ae3-ff70-4bab-af3d-4c891476e272" testId="2b908fb7-b08c-080d-c013-0cb6e5bee8c3" testName="SOAPCommandRequestHandler_ExecuteFunction_HandleSequencesGetAroundWithSpan_NoMaxTimeAfter" computerName="DKSR-EFI-04" duration="00:00:00.0010539" startTime="2023-12-22T09:33:29.8812379+01:00" endTime="2023-12-22T09:33:29.8968629+01:00" testType="13cdc9d9-ddb5-4fa4-a97d-d965ccfc6d4b" outcome="Passed" testListId="8c84fa94-04c1-424b-9868-57a2d4851a1d" relativeResultsDirectory="fab19ae3-ff70-4bab-af3d-4c891476e272" />
    <UnitTestResult executionId="c5c6e132-90e1-4ac6-851f-16b96265725e" testId="b9edf963-1cf1-79d2-973d-db2d8d794ac6" testName="SetNetworkConfigurationCommandHandler_Execute_SetNetworkConfiguration_ThrowsGenericException_Errors" computerName="DKSR-EFI-04" duration="00:00:00.0008277" startTime="2023-12-22T09:33:50.9438388+01:00" endTime="2023-12-22T09:33:50.9438388+01:00" testType="13cdc9d9-ddb5-4fa4-a97d-d965ccfc6d4b" outcome="Passed" testListId="8c84fa94-04c1-424b-9868-57a2d4851a1d" relativeResultsDirectory="c5c6e132-90e1-4ac6-851f-16b96265725e" />
    <UnitTestResult executionId="db5ec17c-29b0-4119-84f2-51a174baa93c" testId="f52e5508-483e-5f8a-fe5f-07b51e6bb60a" testName="ReapplySettings_Success" computerName="DKSR-EFI-04" duration="00:00:00.1112397" startTime="2023-12-22T09:33:50.6469619+01:00" endTime="2023-12-22T09:33:50.7719632+01:00" testType="13cdc9d9-ddb5-4fa4-a97d-d965ccfc6d4b" outcome="Passed" testListId="8c84fa94-04c1-424b-9868-57a2d4851a1d" relativeResultsDirectory="db5ec17c-29b0-4119-84f2-51a174baa93c" />
    <UnitTestResult executionId="db7e40a8-2a75-42ba-b6e3-9b7e6794aef5" testId="ee4f26e4-b7e4-d508-1725-fbc0cc0efecc" testName="SetNetworkConfigurationCommandHandler_Execute_SetNetworkConfiguration_ThrowsMemoryException_Throws" computerName="DKSR-EFI-04" duration="00:00:00.0007270" startTime="2023-12-22T09:33:50.9594643+01:00" endTime="2023-12-22T09:33:50.9594643+01:00" testType="13cdc9d9-ddb5-4fa4-a97d-d965ccfc6d4b" outcome="Passed" testListId="8c84fa94-04c1-424b-9868-57a2d4851a1d" relativeResultsDirectory="db7e40a8-2a75-42ba-b6e3-9b7e6794aef5" />
    <UnitTestResult executionId="ba133506-1dd5-429e-9663-5f773f629f69" testId="9169d3e7-b886-6388-0d83-4a1c15f3a9a8" testName="GetDatabaseInfo_RecordingStorageNotFound_ArchiveHintFalse" computerName="DKSR-EFI-04" duration="00:00:00.0002337" startTime="2023-12-22T09:33:23.1468295+01:00" endTime="2023-12-22T09:33:23.1468295+01:00" testType="13cdc9d9-ddb5-4fa4-a97d-d965ccfc6d4b" outcome="Passed" testListId="8c84fa94-04c1-424b-9868-57a2d4851a1d" relativeResultsDirectory="ba133506-1dd5-429e-9663-5f773f629f69" />
    <UnitTestResult executionId="bd92ae69-bbad-4d01-86b5-13d01dd5804c" testId="bf27bba2-fbea-d5db-5395-e269e69533ee" testName="ReadMessageHeaders_ReadRequestLine_SoapStatus2Wsdl_Success" computerName="DKSR-EFI-04" duration="00:00:00.0001422" startTime="2023-12-22T09:33:31.1937419+01:00" endTime="2023-12-22T09:33:31.1937419+01:00" testType="13cdc9d9-ddb5-4fa4-a97d-d965ccfc6d4b" outcome="Passed" testListId="8c84fa94-04c1-424b-9868-57a2d4851a1d" relativeResultsDirectory="bd92ae69-bbad-4d01-86b5-13d01dd5804c" />
    <UnitTestResult executionId="efb3aa55-43cd-4643-8b29-d8c800f43871" testId="30fc45cc-0da1-c007-7266-d00e65848522" testName="GetDatabaseInfo_ArchiveStorageFound_ArchiveHintFalse" computerName="DKSR-EFI-04" duration="00:00:00.0019517" startTime="2023-12-22T09:33:23.1312033+01:00" endTime="2023-12-22T09:33:23.1468295+01:00" testType="13cdc9d9-ddb5-4fa4-a97d-d965ccfc6d4b" outcome="Passed" testListId="8c84fa94-04c1-424b-9868-57a2d4851a1d" relativeResultsDirectory="efb3aa55-43cd-4643-8b29-d8c800f43871" />
    <UnitTestResult executionId="ac441277-0af9-4596-973a-13dd8c1f3fbd" testId="88cfe221-1dfd-9aab-dd1e-f67f1b757601" testName="SOAPCommandRequestHandler_ExecuteFunction_HandleSendDriverCommandWithResponse_NoCommand" computerName="DKSR-EFI-04" duration="00:00:00.0009127" startTime="2023-12-22T09:33:30.3031141+01:00" endTime="2023-12-22T09:33:30.3031141+01:00" testType="13cdc9d9-ddb5-4fa4-a97d-d965ccfc6d4b" outcome="Passed" testListId="8c84fa94-04c1-424b-9868-57a2d4851a1d" relativeResultsDirectory="ac441277-0af9-4596-973a-13dd8c1f3fbd" />
    <UnitTestResult executionId="f40b63e7-fc1f-4d12-a9b2-37181df517cb" testId="ae1af9b6-ace7-0c50-c6e0-cfbbdbc611dc" testName="GetHardwareUsersCommandHandler_Execute_GetUserList_HardwareNotStarted_Reschedules" computerName="DKSR-EFI-04" duration="00:00:00.0007643" startTime="2023-12-22T09:33:47.8500739+01:00" endTime="2023-12-22T09:33:47.8500739+01:00" testType="13cdc9d9-ddb5-4fa4-a97d-d965ccfc6d4b" outcome="Passed" testListId="8c84fa94-04c1-424b-9868-57a2d4851a1d" relativeResultsDirectory="f40b63e7-fc1f-4d12-a9b2-37181df517cb" />
    <UnitTestResult executionId="e2d2a31c-2334-4bef-b443-e0299033e97e" testId="884b6599-11eb-5f0f-c83b-e4b1cf43552e" testName="ConnectSuccess_Goto_Before_Time" computerName="DKSR-EFI-04" duration="00:00:00.0026276" startTime="2023-12-22T09:33:27.5999781+01:00" endTime="2023-12-22T09:33:27.5999781+01:00" testType="13cdc9d9-ddb5-4fa4-a97d-d965ccfc6d4b" outcome="Passed" testListId="8c84fa94-04c1-424b-9868-57a2d4851a1d" relativeResultsDirectory="e2d2a31c-2334-4bef-b443-e0299033e97e" />
    <UnitTestResult executionId="014d2725-78ac-4d4b-8241-d072313946c3" testId="6ab40576-1d35-36ab-4ca3-0526ee9c6e83" testName="CheckForLiveAndOrphanTables_TableRegistredButNoInConfig" computerName="DKSR-EFI-04" duration="00:00:00.0018692" startTime="2023-12-22T09:33:32.7718741+01:00" endTime="2023-12-22T09:33:32.7718741+01:00" testType="13cdc9d9-ddb5-4fa4-a97d-d965ccfc6d4b" outcome="Passed" testListId="8c84fa94-04c1-424b-9868-57a2d4851a1d" relativeResultsDirectory="014d2725-78ac-4d4b-8241-d072313946c3" />
    <UnitTestResult executionId="1eb9de36-9b47-44f3-a33a-00792c72005a" testId="c60350cf-513a-8d98-bb79-3d9ad37f1131" testName="MediaDbCache_SetDiskUsageInformationBank_Success" computerName="DKSR-EFI-04" duration="00:00:00.0194118" startTime="2023-12-22T09:33:44.5688080+01:00" endTime="2023-12-22T09:33:44.5844320+01:00" testType="13cdc9d9-ddb5-4fa4-a97d-d965ccfc6d4b" outcome="Passed" testListId="8c84fa94-04c1-424b-9868-57a2d4851a1d" relativeResultsDirectory="1eb9de36-9b47-44f3-a33a-00792c72005a" />
    <UnitTestResult executionId="68d4eddb-464b-451f-bf76-72e2b5339f8b" testId="68a556ca-48c1-0850-8a0e-3d75153beff8" testName="DatabaseoperationCommandhandler_FilterTrackIdsToThoseWithoutMediaOnRecorder_AreAllBanksOnline_Second_time_Returns_false_Causes_DataExists" computerName="DKSR-EFI-04" duration="00:00:00.0013560" startTime="2023-12-22T09:33:45.5375633+01:00" endTime="2023-12-22T09:33:45.5531886+01:00" testType="13cdc9d9-ddb5-4fa4-a97d-d965ccfc6d4b" outcome="Passed" testListId="8c84fa94-04c1-424b-9868-57a2d4851a1d" relativeResultsDirectory="68d4eddb-464b-451f-bf76-72e2b5339f8b" />
    <UnitTestResult executionId="15880025-4b57-43fb-afde-71cadaf67fc1" testId="9b4b2588-e858-0004-8c68-110473ffe7d6" testName="OnTimer_TimerHasNotBeenStopped_TimerIsRestarted" computerName="DKSR-EFI-04" duration="00:00:00.0118264" startTime="2023-12-22T09:33:24.3187096+01:00" endTime="2023-12-22T09:33:24.3343358+01:00" testType="13cdc9d9-ddb5-4fa4-a97d-d965ccfc6d4b" outcome="Passed" testListId="8c84fa94-04c1-424b-9868-57a2d4851a1d" relativeResultsDirectory="15880025-4b57-43fb-afde-71cadaf67fc1" />
    <UnitTestResult executionId="beb4abe0-cd0d-48a9-8ce8-261fca0f820e" testId="c215f384-d759-0462-3f93-fb7f98ba008e" testName="ConnectSuccessSimple_Microphone" computerName="DKSR-EFI-04" duration="00:00:00.0016655" startTime="2023-12-22T09:33:27.4281001+01:00" endTime="2023-12-22T09:33:27.4281001+01:00" testType="13cdc9d9-ddb5-4fa4-a97d-d965ccfc6d4b" outcome="Passed" testListId="8c84fa94-04c1-424b-9868-57a2d4851a1d" relativeResultsDirectory="beb4abe0-cd0d-48a9-8ce8-261fca0f820e" />
    <UnitTestResult executionId="0075c0c5-b934-4cc6-af0b-62dd696d3ef1" testId="e41ab18c-946b-f40d-841d-591d38d952a0" testName="ReadMessageHeaders_ReadRequestLine_SoapStatus2_Success" computerName="DKSR-EFI-04" duration="00:00:00.0001685" startTime="2023-12-22T09:33:31.1937419+01:00" endTime="2023-12-22T09:33:31.1937419+01:00" testType="13cdc9d9-ddb5-4fa4-a97d-d965ccfc6d4b" outcome="Passed" testListId="8c84fa94-04c1-424b-9868-57a2d4851a1d" relativeResultsDirectory="0075c0c5-b934-4cc6-af0b-62dd696d3ef1" />
    <UnitTestResult executionId="c5eaab5d-4e83-40b0-8227-192b5ce2fbba" testId="a48f8768-77bc-14d8-48f6-6816a92c4c0a" testName="SOAPCommandRequestHandler_ExecuteFunction_HandleSendDriverCommand_NoCommand" computerName="DKSR-EFI-04" duration="00:00:00.0008674" startTime="2023-12-22T09:33:30.2718637+01:00" endTime="2023-12-22T09:33:30.2874874+01:00" testType="13cdc9d9-ddb5-4fa4-a97d-d965ccfc6d4b" outcome="Passed" testListId="8c84fa94-04c1-424b-9868-57a2d4851a1d" relativeResultsDirectory="c5eaab5d-4e83-40b0-8227-192b5ce2fbba" />
    <UnitTestResult executionId="47b56ccc-bb81-4ec1-bf43-f261c1ea83b1" testId="2f68f5f2-1b20-f1d7-25cc-825b8162878b" testName="SetupInitialHardwareUserCommandHandler_Constructor_NullArg_Throws" computerName="DKSR-EFI-04" duration="00:00:00.0009560" startTime="2023-12-22T09:33:50.9594643+01:00" endTime="2023-12-22T09:33:50.9594643+01:00" testType="13cdc9d9-ddb5-4fa4-a97d-d965ccfc6d4b" outcome="Passed" testListId="8c84fa94-04c1-424b-9868-57a2d4851a1d" relativeResultsDirectory="47b56ccc-bb81-4ec1-bf43-f261c1ea83b1" />
    <UnitTestResult executionId="6612e91a-f26b-495c-bca8-2bd1fc2cf03d" testId="1bcf4c58-79ba-fb44-0a8b-d2a1c4db358c" testName="ResponseController_WarningResponseNullInput_BadRequestResult" computerName="DKSR-EFI-04" duration="00:00:00.0009973" startTime="2023-12-22T09:33:24.6780873+01:00" endTime="2023-12-22T09:33:24.6780873+01:00" testType="13cdc9d9-ddb5-4fa4-a97d-d965ccfc6d4b" outcome="Passed" testListId="8c84fa94-04c1-424b-9868-57a2d4851a1d" relativeResultsDirectory="6612e91a-f26b-495c-bca8-2bd1fc2cf03d" />
    <UnitTestResult executionId="fee6e829-f9c7-45a3-9c2a-c7b8e9a22626" testId="bf05de6b-3ba4-d636-d021-e8b47b9983fe" testName="SOAPCommandRequestHandler_ExecuteFunction_HandleSendDriverCommand_Success" computerName="DKSR-EFI-04" duration="00:00:00.0018438" startTime="2023-12-22T09:33:30.2874874+01:00" endTime="2023-12-22T09:33:30.2874874+01:00" testType="13cdc9d9-ddb5-4fa4-a97d-d965ccfc6d4b" outcome="Passed" testListId="8c84fa94-04c1-424b-9868-57a2d4851a1d" relativeResultsDirectory="fee6e829-f9c7-45a3-9c2a-c7b8e9a22626" />
    <UnitTestResult executionId="9b2b97e7-c783-49ec-9ad0-e534bb11506e" testId="5953e489-8e93-9250-74c3-3b872693bf55" testName="SOAPCommandRequestHandler_ExecuteFunction_HandleSequencesGet_NoMaxTime" computerName="DKSR-EFI-04" duration="00:00:00.0010595" startTime="2023-12-22T09:33:30.9906183+01:00" endTime="2023-12-22T09:33:30.9906183+01:00" testType="13cdc9d9-ddb5-4fa4-a97d-d965ccfc6d4b" outcome="Passed" testListId="8c84fa94-04c1-424b-9868-57a2d4851a1d" relativeResultsDirectory="9b2b97e7-c783-49ec-9ad0-e534bb11506e" />
    <UnitTestResult executionId="c0527be8-1664-45dd-939b-dae92b86590b" testId="837feaec-71be-373c-0f5a-e0b05c8ea6db" testName="EdgeStorageLimitsCheckBandwidthWithLimitElapsedTimeBig" computerName="DKSR-EFI-04" duration="00:00:00.0006427" startTime="2023-12-22T09:33:34.0687582+01:00" endTime="2023-12-22T09:33:34.0687582+01:00" testType="13cdc9d9-ddb5-4fa4-a97d-d965ccfc6d4b" outcome="Passed" testListId="8c84fa94-04c1-424b-9868-57a2d4851a1d" relativeResultsDirectory="c0527be8-1664-45dd-939b-dae92b86590b" />
    <UnitTestResult executionId="4afbe166-c8e3-4c9d-9291-d5de901cd34a" testId="1cf1c1a9-610a-8d03-c381-e7426c0f5ad8" testName="FirmwareUpgradeCommandHandler_Execute_FirmwareUpgradeStatus_ThrowsFirmwareRejected_Errors" computerName="DKSR-EFI-04" duration="00:00:00.0013183" startTime="2023-12-22T09:33:47.6469480+01:00" endTime="2023-12-22T09:33:47.6469480+01:00" testType="13cdc9d9-ddb5-4fa4-a97d-d965ccfc6d4b" outcome="Passed" testListId="8c84fa94-04c1-424b-9868-57a2d4851a1d" relativeResultsDirectory="4afbe166-c8e3-4c9d-9291-d5de901cd34a" />
    <UnitTestResult executionId="e834fadb-5e99-4370-b76f-f859c79ab077" testId="1663fb4e-f4a1-b0af-75a8-102de5d8b1c6" testName="ResolveIdAndMessage_DriverHardware_Generator" computerName="DKSR-EFI-04" duration="00:00:00.0002221" startTime="2023-12-22T09:33:32.5843740+01:00" endTime="2023-12-22T09:33:32.5843740+01:00" testType="13cdc9d9-ddb5-4fa4-a97d-d965ccfc6d4b" outcome="Passed" testListId="8c84fa94-04c1-424b-9868-57a2d4851a1d" relativeResultsDirectory="e834fadb-5e99-4370-b76f-f859c79ab077" />
    <UnitTestResult executionId="47016092-57a7-410c-a49f-b44e29454a87" testId="bb734639-fb16-43f6-3b52-e96d7d28067c" testName="EvidenceLockOnOldRecorderCommandHandler_AddEvidenceLock" computerName="DKSR-EFI-04" duration="00:00:00.0115524" startTime="2023-12-22T09:33:46.0063138+01:00" endTime="2023-12-22T09:33:46.0219430+01:00" testType="13cdc9d9-ddb5-4fa4-a97d-d965ccfc6d4b" outcome="Passed" testListId="8c84fa94-04c1-424b-9868-57a2d4851a1d" relativeResultsDirectory="47016092-57a7-410c-a49f-b44e29454a87" />
    <UnitTestResult executionId="e63188e2-86b2-4b8f-8ccc-d09f607f226e" testId="c1df03bc-3ebe-9ec4-9761-68311864ed1a" testName="UpdateHardwareStateTrue_vStartHardware_HardwareNotFound_ErrorResponse" computerName="DKSR-EFI-04" duration="00:00:00.0019194" startTime="2023-12-22T09:33:51.0844624+01:00" endTime="2023-12-22T09:33:51.0844624+01:00" testType="13cdc9d9-ddb5-4fa4-a97d-d965ccfc6d4b" outcome="Passed" testListId="8c84fa94-04c1-424b-9868-57a2d4851a1d" relativeResultsDirectory="e63188e2-86b2-4b8f-8ccc-d09f607f226e" />
    <UnitTestResult executionId="3295da6e-76a9-4613-a657-3c43ae0003aa" testId="67e568f4-2635-df03-0597-688e62982d3d" testName="ReapplySettings_StateIsNull_Failure" computerName="DKSR-EFI-04" duration="00:00:00.0234972" startTime="2023-12-22T09:33:50.5844620+01:00" endTime="2023-12-22T09:33:50.6157113+01:00" testType="13cdc9d9-ddb5-4fa4-a97d-d965ccfc6d4b" outcome="Passed" testListId="8c84fa94-04c1-424b-9868-57a2d4851a1d" relativeResultsDirectory="3295da6e-76a9-4613-a657-3c43ae0003aa">
      <Output>
        <StdOut>Debug Trace:&#xD;
Fail: The command handler expect an object that implements ICallContextInfo in the state parameter</StdOut>
      </Output>
    </UnitTestResult>
    <UnitTestResult executionId="ca2a7bdc-72d3-4764-b9c4-80f6134237a9" testId="decb7e26-1fd3-404d-051e-48cdc5f92655" testName="IsInRange_ShouldReturnFalse_WhenStartHasIncorrectFormat" computerName="DKSR-EFI-04" duration="00:00:00.0001922" startTime="2023-12-22T09:33:44.3188082+01:00" endTime="2023-12-22T09:33:44.3188082+01:00" testType="13cdc9d9-ddb5-4fa4-a97d-d965ccfc6d4b" outcome="Passed" testListId="8c84fa94-04c1-424b-9868-57a2d4851a1d" relativeResultsDirectory="ca2a7bdc-72d3-4764-b9c4-80f6134237a9" />
    <UnitTestResult executionId="24021689-a13b-4cee-9ef9-3fb37b63864e" testId="2c0f875f-81f2-c750-710b-389c25472ce4" testName="ReapplySettings_CommandIsNull_Failure" computerName="DKSR-EFI-04" duration="00:00:00.0340778" startTime="2023-12-22T09:33:50.5532122+01:00" endTime="2023-12-22T09:33:50.5844620+01:00" testType="13cdc9d9-ddb5-4fa4-a97d-d965ccfc6d4b" outcome="Passed" testListId="8c84fa94-04c1-424b-9868-57a2d4851a1d" relativeResultsDirectory="24021689-a13b-4cee-9ef9-3fb37b63864e">
      <Output>
        <StdOut>Debug Trace:&#xD;
Fail: Command/Command handler type mismatch</StdOut>
      </Output>
    </UnitTestResult>
    <UnitTestResult executionId="4ca9d09a-3a8c-44bf-b643-f68634790383" testId="5317f920-779e-2705-3fa5-3d4aba4bd056" testName="IsInRange_ShouldReturnTrue_WhenAddressStartEndAllSame" computerName="DKSR-EFI-04" duration="00:00:00.0001453" startTime="2023-12-22T09:33:44.3031837+01:00" endTime="2023-12-22T09:33:44.3031837+01:00" testType="13cdc9d9-ddb5-4fa4-a97d-d965ccfc6d4b" outcome="Passed" testListId="8c84fa94-04c1-424b-9868-57a2d4851a1d" relativeResultsDirectory="4ca9d09a-3a8c-44bf-b643-f68634790383" />
    <UnitTestResult executionId="ef9860a5-2e47-4518-ac66-ed896e90c3b3" testId="134adb3c-1f37-9cb6-82d3-e8d72404da23" testName="EnhanceSettings_DisabledPlugin" computerName="DKSR-EFI-04" duration="00:00:00.0003938" startTime="2023-12-22T09:33:33.5531279+01:00" endTime="2023-12-22T09:33:33.5531279+01:00" testType="13cdc9d9-ddb5-4fa4-a97d-d965ccfc6d4b" outcome="Passed" testListId="8c84fa94-04c1-424b-9868-57a2d4851a1d" relativeResultsDirectory="ef9860a5-2e47-4518-ac66-ed896e90c3b3" />
    <UnitTestResult executionId="9795a3fd-fd5a-458d-818f-2ee9b7749e45" testId="96b28535-e625-df35-df33-078293bf1a00" testName="PtzReleaseSessionCommandHandler_Execute_No_Security_Token" computerName="DKSR-EFI-04" duration="00:00:00.0010652" startTime="2023-12-22T09:33:50.2875851+01:00" endTime="2023-12-22T09:33:50.2875851+01:00" testType="13cdc9d9-ddb5-4fa4-a97d-d965ccfc6d4b" outcome="Passed" testListId="8c84fa94-04c1-424b-9868-57a2d4851a1d" relativeResultsDirectory="9795a3fd-fd5a-458d-818f-2ee9b7749e45" />
    <UnitTestResult executionId="d3f03c26-9a53-484f-8685-37ac0784a3ac" testId="84b988bf-d44b-4698-fb27-4782957d3dee" testName="SOAPCommandRequestHandler_ExecuteFunction_HandleSmartSearchStart_Success_SearchIntervalMoreThan1000" computerName="DKSR-EFI-04" duration="00:00:00.0026691" startTime="2023-12-22T09:33:30.1156107+01:00" endTime="2023-12-22T09:33:30.1156107+01:00" testType="13cdc9d9-ddb5-4fa4-a97d-d965ccfc6d4b" outcome="Passed" testListId="8c84fa94-04c1-424b-9868-57a2d4851a1d" relativeResultsDirectory="d3f03c26-9a53-484f-8685-37ac0784a3ac" />
    <UnitTestResult executionId="c679f2f4-a5b1-40e0-82f2-266f1ed39099" testId="3c4da093-1855-311d-b3ee-af116f280686" testName="FirmwareUpgradeCommandHandler_Execute_HardwareNotStarted_Errors" computerName="DKSR-EFI-04" duration="00:00:00.0008427" startTime="2023-12-22T09:33:46.1313146+01:00" endTime="2023-12-22T09:33:46.1313146+01:00" testType="13cdc9d9-ddb5-4fa4-a97d-d965ccfc6d4b" outcome="Passed" testListId="8c84fa94-04c1-424b-9868-57a2d4851a1d" relativeResultsDirectory="c679f2f4-a5b1-40e0-82f2-266f1ed39099" />
    <UnitTestResult executionId="24096030-dd50-45f4-9e05-4b654c9c20d3" testId="7fc1d6ff-a589-5e3a-ff9b-53cb635876e0" testName="FirmwareUpgradeCommandHandler_Execute_HardwareIsReadOnly_Errors" computerName="DKSR-EFI-04" duration="00:00:00.0007901" startTime="2023-12-22T09:33:46.1313146+01:00" endTime="2023-12-22T09:33:46.1313146+01:00" testType="13cdc9d9-ddb5-4fa4-a97d-d965ccfc6d4b" outcome="Passed" testListId="8c84fa94-04c1-424b-9868-57a2d4851a1d" relativeResultsDirectory="24096030-dd50-45f4-9e05-4b654c9c20d3" />
    <UnitTestResult executionId="6757221f-4f4f-4c5a-a810-3c89fd36b3e3" testId="84a694b2-8354-cd3a-ff22-a2de6b0b581e" testName="RecorderAccessTokenHandler_PopulateAuthorizationHeaderAsync_IdentityServerTokenException" computerName="DKSR-EFI-04" duration="00:00:00.0008307" startTime="2023-12-22T09:33:32.3812496+01:00" endTime="2023-12-22T09:33:32.3812496+01:00" testType="13cdc9d9-ddb5-4fa4-a97d-d965ccfc6d4b" outcome="Passed" testListId="8c84fa94-04c1-424b-9868-57a2d4851a1d" relativeResultsDirectory="6757221f-4f4f-4c5a-a810-3c89fd36b3e3" />
    <UnitTestResult executionId="98de930f-beba-4e56-828e-6bbc2c5a8538" testId="54cdea7b-0376-4ef7-ebb0-2116290314a6" testName="RemoveSource_SetsRecordAllFramesToFalse_OnOneSource" computerName="DKSR-EFI-04" duration="00:00:00.0025965" startTime="2023-12-22T09:33:32.0218711+01:00" endTime="2023-12-22T09:33:32.0218711+01:00" testType="13cdc9d9-ddb5-4fa4-a97d-d965ccfc6d4b" outcome="Passed" testListId="8c84fa94-04c1-424b-9868-57a2d4851a1d" relativeResultsDirectory="98de930f-beba-4e56-828e-6bbc2c5a8538" />
    <UnitTestResult executionId="731b6e32-8912-4090-a9aa-a8b79f0f8da9" testId="940748a7-bb76-f111-5184-b99a90027494" testName="PtzManager_ForceReleasePtzSession_Success" computerName="DKSR-EFI-04" duration="00:00:00.0018168" startTime="2023-12-22T09:33:52.1625958+01:00" endTime="2023-12-22T09:33:52.1625958+01:00" testType="13cdc9d9-ddb5-4fa4-a97d-d965ccfc6d4b" outcome="Passed" testListId="8c84fa94-04c1-424b-9868-57a2d4851a1d" relativeResultsDirectory="731b6e32-8912-4090-a9aa-a8b79f0f8da9" />
    <UnitTestResult executionId="f590ce50-c9ef-4f96-9fdb-37f03f1bbdf9" testId="6f9df5bd-83d2-bc83-476e-7ed0bf679440" testName="EnhanceSettings_SetsNvidiaValue" computerName="DKSR-EFI-04" duration="00:00:00.0008075" startTime="2023-12-22T09:33:33.5843788+01:00" endTime="2023-12-22T09:33:33.5843788+01:00" testType="13cdc9d9-ddb5-4fa4-a97d-d965ccfc6d4b" outcome="Passed" testListId="8c84fa94-04c1-424b-9868-57a2d4851a1d" relativeResultsDirectory="f590ce50-c9ef-4f96-9fdb-37f03f1bbdf9" />
    <UnitTestResult executionId="2ebfa83a-4733-43e3-87ae-9081e3f53910" testId="2a8aeb1e-6329-52b4-6ee4-2478001a0609" testName="LicenseManager_IsFeatureLicensedDoNotValidateLicense_DoesNotValidateExpiryDate_OnLicenseWithExpiry" computerName="DKSR-EFI-04" duration="00:00:00.0039251" startTime="2023-12-22T09:33:33.9281314+01:00" endTime="2023-12-22T09:33:33.9281314+01:00" testType="13cdc9d9-ddb5-4fa4-a97d-d965ccfc6d4b" outcome="Passed" testListId="8c84fa94-04c1-424b-9868-57a2d4851a1d" relativeResultsDirectory="2ebfa83a-4733-43e3-87ae-9081e3f53910" />
    <UnitTestResult executionId="25e2d75b-39b3-4641-8b9e-10ebdb702ea0" testId="9da27cfb-b19a-5b7b-65c1-99971e317fc3" testName="TimeRangeConversionRangesNull" computerName="DKSR-EFI-04" duration="00:00:00.0240081" startTime="2023-12-22T09:33:44.3969329+01:00" endTime="2023-12-22T09:33:44.4125582+01:00" testType="13cdc9d9-ddb5-4fa4-a97d-d965ccfc6d4b" outcome="Passed" testListId="8c84fa94-04c1-424b-9868-57a2d4851a1d" relativeResultsDirectory="25e2d75b-39b3-4641-8b9e-10ebdb702ea0">
      <Output>
        <StdOut>Debug Trace:&#xD;
Fail: Argument null</StdOut>
      </Output>
    </UnitTestResult>
    <UnitTestResult executionId="97555aba-af72-4524-9899-e5e7b16a9776" testId="2ab34957-c977-2c1e-704f-3d8f1269fb08" testName="ConfigFromDatasetStartRecordingCamera" computerName="DKSR-EFI-04" duration="00:00:00.0091331" startTime="2023-12-22T09:33:33.3812565+01:00" endTime="2023-12-22T09:33:33.3968788+01:00" testType="13cdc9d9-ddb5-4fa4-a97d-d965ccfc6d4b" outcome="Passed" testListId="8c84fa94-04c1-424b-9868-57a2d4851a1d" relativeResultsDirectory="97555aba-af72-4524-9899-e5e7b16a9776" />
    <UnitTestResult executionId="98cafe7c-0431-4ed0-9483-e3a1af7f37f9" testId="68e12081-5f64-d897-b1b7-3bcfc154834b" testName="ResponseController_ValidBoolResponse_BoolResponseWithTokenAndCorrectBoolCalledOnCommManager" computerName="DKSR-EFI-04" duration="00:00:00.0010134" startTime="2023-12-22T09:33:24.6624605+01:00" endTime="2023-12-22T09:33:24.6624605+01:00" testType="13cdc9d9-ddb5-4fa4-a97d-d965ccfc6d4b" outcome="Passed" testListId="8c84fa94-04c1-424b-9868-57a2d4851a1d" relativeResultsDirectory="98cafe7c-0431-4ed0-9483-e3a1af7f37f9" />
    <UnitTestResult executionId="4843b43b-0982-45fb-b796-867c0bdb773e" testId="88642b24-ad3e-03e6-0d82-49102fce9375" testName="MediaDbUtil_MultitrackNavigation_Scenario15" computerName="DKSR-EFI-04" duration="00:00:00.1943690" startTime="2023-12-22T09:33:29.1468603+01:00" endTime="2023-12-22T09:33:29.3499834+01:00" testType="13cdc9d9-ddb5-4fa4-a97d-d965ccfc6d4b" outcome="Passed" testListId="8c84fa94-04c1-424b-9868-57a2d4851a1d" relativeResultsDirectory="4843b43b-0982-45fb-b796-867c0bdb773e">
      <Output>
        <StdOut>TestContext Messages:&#xD;
Before&#xD;
Navigation:  " V                                            "&#xD;
Source    :  " 111111111111111111111111111111111111111111111"&#xD;
Unable to move&#xD;
&#xD;
AtOrBefore&#xD;
Navigation:  " V                                            "&#xD;
Source    :  " 111111111111111111111111111111111111111111111"&#xD;
Expected  :  " 1N                                           "&#xD;
Actual    :  " 1N                                           "&#xD;
&#xD;
AtOrAfter&#xD;
Navigation:  " V                                            "&#xD;
Source    :  " 111111111111111111111111111111111111111111111"&#xD;
Expected  :  " 1N                                           "&#xD;
Actual    :  " 1N                                           "&#xD;
&#xD;
After&#xD;
Navigation:  " V                                            "&#xD;
Source    :  " 111111111111111111111111111111111111111111111"&#xD;
Expected  :  " P1N                                          "&#xD;
Actual    :  " P1N                                          "&#xD;
&#xD;
Before&#xD;
Navigation:  "       V                                      "&#xD;
Source    :  " 111111111111111111111111111111111111111111111"&#xD;
Expected  :  "     P1N                                      "&#xD;
Actual    :  "     P1N                                      "&#xD;
&#xD;
AtOrBefore&#xD;
Navigation:  "       V                                      "&#xD;
Source    :  " 111111111111111111111111111111111111111111111"&#xD;
Expected  :  "      P1N                                     "&#xD;
Actual    :  "      P1N                                     "&#xD;
&#xD;
AtOrAfter&#xD;
Navigation:  "       V                                      "&#xD;
Source    :  " 111111111111111111111111111111111111111111111"&#xD;
Expected  :  "      P1N                                     "&#xD;
Actual    :  "      P1N                                     "&#xD;
&#xD;
After&#xD;
Navigation:  "       V                                      "&#xD;
Source    :  " 111111111111111111111111111111111111111111111"&#xD;
Expected  :  "       P1N                                    "&#xD;
Actual    :  "       P1N                                    "&#xD;
&#xD;
Before&#xD;
Navigation:  "           V                                  "&#xD;
Source    :  " 111111111111111111111111111111111111111111111"&#xD;
Expected  :  "         P1N                                  "&#xD;
Actual    :  "         P1N                                  "&#xD;
&#xD;
AtOrBefore&#xD;
Navigation:  "           V                                  "&#xD;
Source    :  " 111111111111111111111111111111111111111111111"&#xD;
Expected  :  "          P1N                                 "&#xD;
Actual    :  "          P1N                                 "&#xD;
&#xD;
AtOrAfter&#xD;
Navigation:  "           V                                  "&#xD;
Source    :  " 111111111111111111111111111111111111111111111"&#xD;
Expected  :  "          P1N                                 "&#xD;
Actual    :  "          P1N                                 "&#xD;
&#xD;
After&#xD;
Navigation:  "           V                                  "&#xD;
Source    :  " 111111111111111111111111111111111111111111111"&#xD;
Expected  :  "           P1N                                "&#xD;
Actual    :  "           P1N                                "&#xD;
&#xD;
Before&#xD;
Navigation:  "              V                               "&#xD;
Source    :  " 111111111111111111111111111111111111111111111"&#xD;
Expected  :  "            P1N                               "&#xD;
Actual    :  "            P1N                               "&#xD;
&#xD;
AtOrBefore&#xD;
Navigation:  "              V                               "&#xD;
Source    :  " 111111111111111111111111111111111111111111111"&#xD;
Expected  :  "             P1N                              "&#xD;
Actual    :  "             P1N                              "&#xD;
&#xD;
AtOrAfter&#xD;
Navigation:  "              V                               "&#xD;
Source    :  " 111111111111111111111111111111111111111111111"&#xD;
Expected  :  "             P1N                              "&#xD;
Actual    :  "             P1N                              "&#xD;
&#xD;
After&#xD;
Navigation:  "              V                               "&#xD;
Source    :  " 111111111111111111111111111111111111111111111"&#xD;
Expected  :  "              P1N                             "&#xD;
Actual    :  "              P1N                             "&#xD;
&#xD;
Before&#xD;
Navigation:  "                  V                           "&#xD;
Source    :  " 111111111111111111111111111111111111111111111"&#xD;
Expected  :  "                P1N                           "&#xD;
Actual    :  "                P1N                           "&#xD;
&#xD;
AtOrBefore&#xD;
Navigation:  "                  V                           "&#xD;
Source    :  " 111111111111111111111111111111111111111111111"&#xD;
Expected  :  "                 P1N                          "&#xD;
Actual    :  "                 P1N                          "&#xD;
&#xD;
AtOrAfter&#xD;
Navigation:  "                  V                           "&#xD;
Source    :  " 111111111111111111111111111111111111111111111"&#xD;
Expected  :  "                 P1N                          "&#xD;
Actual    :  "                 P1N                          "&#xD;
&#xD;
After&#xD;
Navigation:  "                  V                           "&#xD;
Source    :  " 111111111111111111111111111111111111111111111"&#xD;
Expected  :  "                  P1N                         "&#xD;
Actual    :  "                  P1N                         "&#xD;
&#xD;
Before&#xD;
Navigation:  "                   V                          "&#xD;
Source    :  " 111111111111111111111111111111111111111111111"&#xD;
Expected  :  "                 P1N                          "&#xD;
Actual    :  "                 P1N                          "&#xD;
&#xD;
AtOrBefore&#xD;
Navigation:  "                   V                          "&#xD;
Source    :  " 111111111111111111111111111111111111111111111"&#xD;
Expected  :  "                  P1N                         "&#xD;
Actual    :  "                  P1N                         "&#xD;
&#xD;
AtOrAfter&#xD;
Navigation:  "                   V                          "&#xD;
Source    :  " 111111111111111111111111111111111111111111111"&#xD;
Expected  :  "                  P1N                         "&#xD;
Actual    :  "                  P1N                         "&#xD;
&#xD;
After&#xD;
Navigation:  "                   V                          "&#xD;
Source    :  " 111111111111111111111111111111111111111111111"&#xD;
Expected  :  "                   P1N                        "&#xD;
Actual    :  "                   P1N                        "&#xD;
&#xD;
Before&#xD;
Navigation:  "                    V                         "&#xD;
Source    :  " 111111111111111111111111111111111111111111111"&#xD;
Expected  :  "                  P1N                         "&#xD;
Actual    :  "                  P1N                         "&#xD;
&#xD;
AtOrBefore&#xD;
Navigation:  "                    V                         "&#xD;
Source    :  " 111111111111111111111111111111111111111111111"&#xD;
Expected  :  "                   P1N                        "&#xD;
Actual    :  "                   P1N                        "&#xD;
&#xD;
AtOrAfter&#xD;
Navigation:  "                    V                         "&#xD;
Source    :  " 111111111111111111111111111111111111111111111"&#xD;
Expected  :  "                   P1N                        "&#xD;
Actual    :  "                   P1N                        "&#xD;
&#xD;
After&#xD;
Navigation:  "                    V                         "&#xD;
Source    :  " 111111111111111111111111111111111111111111111"&#xD;
Expected  :  "                    P1N                       "&#xD;
Actual    :  "                    P1N                       "&#xD;
&#xD;
Before&#xD;
Navigation:  "                     V                        "&#xD;
Source    :  " 111111111111111111111111111111111111111111111"&#xD;
Expected  :  "                   P1N                        "&#xD;
Actual    :  "                   P1N                        "&#xD;
&#xD;
AtOrBefore&#xD;
Navigation:  "                     V                        "&#xD;
Source    :  " 111111111111111111111111111111111111111111111"&#xD;
Expected  :  "                    P1N                       "&#xD;
Actual    :  "                    P1N                       "&#xD;
&#xD;
AtOrAfter&#xD;
Navigation:  "                     V                        "&#xD;
Source    :  " 111111111111111111111111111111111111111111111"&#xD;
Expected  :  "                    P1N                       "&#xD;
Actual    :  "                    P1N                       "&#xD;
&#xD;
After&#xD;
Navigation:  "                     V                        "&#xD;
Source    :  " 111111111111111111111111111111111111111111111"&#xD;
Expected  :  "                     P1N                      "&#xD;
Actual    :  "                     P1N                      "&#xD;
&#xD;
Before&#xD;
Navigation:  "                          V                   "&#xD;
Source    :  " 111111111111111111111111111111111111111111111"&#xD;
Expected  :  "                        P1N                   "&#xD;
Actual    :  "                        P1N                   "&#xD;
&#xD;
AtOrBefore&#xD;
Navigation:  "                          V                   "&#xD;
Source    :  " 111111111111111111111111111111111111111111111"&#xD;
Expected  :  "                         P1N                  "&#xD;
Actual    :  "                         P1N                  "&#xD;
&#xD;
AtOrAfter&#xD;
Navigation:  "                          V                   "&#xD;
Source    :  " 111111111111111111111111111111111111111111111"&#xD;
Expected  :  "                         P1N                  "&#xD;
Actual    :  "                         P1N                  "&#xD;
&#xD;
After&#xD;
Navigation:  "                          V                   "&#xD;
Source    :  " 111111111111111111111111111111111111111111111"&#xD;
Expected  :  "                          P1N                 "&#xD;
Actual    :  "                          P1N                 "&#xD;
&#xD;
Before&#xD;
Navigation:  "                               V              "&#xD;
Source    :  " 111111111111111111111111111111111111111111111"&#xD;
Expected  :  "                             P1N              "&#xD;
Actual    :  "                             P1N              "&#xD;
&#xD;
AtOrBefore&#xD;
Navigation:  "                               V              "&#xD;
Source    :  " 111111111111111111111111111111111111111111111"&#xD;
Expected  :  "                              P1N             "&#xD;
Actual    :  "                              P1N             "&#xD;
&#xD;
AtOrAfter&#xD;
Navigation:  "                               V              "&#xD;
Source    :  " 111111111111111111111111111111111111111111111"&#xD;
Expected  :  "                              P1N             "&#xD;
Actual    :  "                              P1N             "&#xD;
&#xD;
After&#xD;
Navigation:  "                               V              "&#xD;
Source    :  " 111111111111111111111111111111111111111111111"&#xD;
Expected  :  "                               P1N            "&#xD;
Actual    :  "                               P1N            "&#xD;
&#xD;
Before&#xD;
Navigation:  "                                      V       "&#xD;
Source    :  " 111111111111111111111111111111111111111111111"&#xD;
Expected  :  "                                    P1N       "&#xD;
Actual    :  "                                    P1N       "&#xD;
&#xD;
AtOrBefore&#xD;
Navigation:  "                                      V       "&#xD;
Source    :  " 111111111111111111111111111111111111111111111"&#xD;
Expected  :  "                                     P1N      "&#xD;
Actual    :  "                                     P1N      "&#xD;
&#xD;
AtOrAfter&#xD;
Navigation:  "                                      V       "&#xD;
Source    :  " 111111111111111111111111111111111111111111111"&#xD;
Expected  :  "                                     P1N      "&#xD;
Actual    :  "                                     P1N      "&#xD;
&#xD;
After&#xD;
Navigation:  "                                      V       "&#xD;
Source    :  " 111111111111111111111111111111111111111111111"&#xD;
Expected  :  "                                      P1N     "&#xD;
Actual    :  "                                      P1N     "&#xD;
&#xD;
Before&#xD;
Navigation:  "                                            V "&#xD;
Source    :  " 111111111111111111111111111111111111111111111"&#xD;
Expected  :  "                                          P1N "&#xD;
Actual    :  "                                          P1N "&#xD;
&#xD;
AtOrBefore&#xD;
Navigation:  "                                            V "&#xD;
Source    :  " 111111111111111111111111111111111111111111111"&#xD;
Expected  :  "                                           P1N"&#xD;
Actual    :  "                                           P1N"&#xD;
&#xD;
AtOrAfter&#xD;
Navigation:  "                                            V "&#xD;
Source    :  " 111111111111111111111111111111111111111111111"&#xD;
Expected  :  "                                           P1N"&#xD;
Actual    :  "                                           P1N"&#xD;
&#xD;
After&#xD;
Navigation:  "                                            V "&#xD;
Source    :  " 111111111111111111111111111111111111111111111"&#xD;
Expected  :  "                                            P1"&#xD;
Actual    :  "                                            P1"&#xD;
&#xD;
Before&#xD;
Navigation:  " V                                            "&#xD;
Source    :  " 111111111111111111122222222222222222222222222"&#xD;
Unable to move&#xD;
&#xD;
AtOrBefore&#xD;
Navigation:  " V                                            "&#xD;
Source    :  " 111111111111111111122222222222222222222222222"&#xD;
Expected  :  " 1N                                           "&#xD;
Actual    :  " 1N                                           "&#xD;
&#xD;
AtOrAfter&#xD;
Navigation:  " V                                            "&#xD;
Source    :  " 111111111111111111122222222222222222222222222"&#xD;
Expected  :  " 1N                                           "&#xD;
Actual    :  " 1N                                           "&#xD;
&#xD;
After&#xD;
Navigation:  " V                                            "&#xD;
Source    :  " 111111111111111111122222222222222222222222222"&#xD;
Expected  :  " P1N                                          "&#xD;
Actual    :  " P1N                                          "&#xD;
&#xD;
Before&#xD;
Navigation:  "       V                                      "&#xD;
Source    :  " 111111111111111111122222222222222222222222222"&#xD;
Expected  :  "     P1N                                      "&#xD;
Actual    :  "     P1N                                      "&#xD;
&#xD;
AtOrBefore&#xD;
Navigation:  "       V                                      "&#xD;
Source    :  " 111111111111111111122222222222222222222222222"&#xD;
Expected  :  "      P1N                                     "&#xD;
Actual    :  "      P1N                                     "&#xD;
&#xD;
AtOrAfter&#xD;
Navigation:  "       V                                      "&#xD;
Source    :  " 111111111111111111122222222222222222222222222"&#xD;
Expected  :  "      P1N                                     "&#xD;
Actual    :  "      P1N                                     "&#xD;
&#xD;
After&#xD;
Navigation:  "       V                                      "&#xD;
Source    :  " 111111111111111111122222222222222222222222222"&#xD;
Expected  :  "       P1N                                    "&#xD;
Actual    :  "       P1N                                    "&#xD;
&#xD;
Before&#xD;
Navigation:  "           V                                  "&#xD;
Source    :  " 111111111111111111122222222222222222222222222"&#xD;
Expected  :  "         P1N                                  "&#xD;
Actual    :  "         P1N                                  "&#xD;
&#xD;
AtOrBefore&#xD;
Navigation:  "           V                                  "&#xD;
Source    :  " 111111111111111111122222222222222222222222222"&#xD;
Expected  :  "          P1N                                 "&#xD;
Actual    :  "          P1N                                 "&#xD;
&#xD;
AtOrAfter&#xD;
Navigation:  "           V                                  "&#xD;
Source    :  " 111111111111111111122222222222222222222222222"&#xD;
Expected  :  "          P1N                                 "&#xD;
Actual    :  "          P1N                                 "&#xD;
&#xD;
After&#xD;
Navigation:  "           V                                  "&#xD;
Source    :  " 111111111111111111122222222222222222222222222"&#xD;
Expected  :  "           P1N                                "&#xD;
Actual    :  "           P1N                                "&#xD;
&#xD;
Before&#xD;
Navigation:  "              V                               "&#xD;
Source    :  " 111111111111111111122222222222222222222222222"&#xD;
Expected  :  "            P1N                               "&#xD;
Actual    :  "            P1N                               "&#xD;
&#xD;
AtOrBefore&#xD;
Navigation:  "              V                               "&#xD;
Source    :  " 111111111111111111122222222222222222222222222"&#xD;
Expected  :  "             P1N                              "&#xD;
Actual    :  "             P1N                              "&#xD;
&#xD;
AtOrAfter&#xD;
Navigation:  "              V                               "&#xD;
Source    :  " 111111111111111111122222222222222222222222222"&#xD;
Expected  :  "             P1N                              "&#xD;
Actual    :  "             P1N                              "&#xD;
&#xD;
After&#xD;
Navigation:  "              V                               "&#xD;
Source    :  " 111111111111111111122222222222222222222222222"&#xD;
Expected  :  "              P1N                             "&#xD;
Actual    :  "              P1N                             "&#xD;
&#xD;
Before&#xD;
Navigation:  "                  V                           "&#xD;
Source    :  " 111111111111111111122222222222222222222222222"&#xD;
Expected  :  "                P1N                           "&#xD;
Actual    :  "                P1N                           "&#xD;
&#xD;
AtOrBefore&#xD;
Navigation:  "                  V                           "&#xD;
Source    :  " 111111111111111111122222222222222222222222222"&#xD;
Expected  :  "                 P1N                          "&#xD;
Actual    :  "                 P1N                          "&#xD;
&#xD;
AtOrAfter&#xD;
Navigation:  "                  V                           "&#xD;
Source    :  " 111111111111111111122222222222222222222222222"&#xD;
Expected  :  "                 P1N                          "&#xD;
Actual    :  "                 P1N                          "&#xD;
&#xD;
After&#xD;
Navigation:  "                  V                           "&#xD;
Source    :  " 111111111111111111122222222222222222222222222"&#xD;
Expected  :  "                  P1N                         "&#xD;
Actual    :  "                  P1N                         "&#xD;
&#xD;
Before&#xD;
Navigation:  "                   V                          "&#xD;
Source    :  " 111111111111111111122222222222222222222222222"&#xD;
Expected  :  "                 P1N                          "&#xD;
Actual    :  "                 P1N                          "&#xD;
&#xD;
AtOrBefore&#xD;
Navigation:  "                   V                          "&#xD;
Source    :  " 111111111111111111122222222222222222222222222"&#xD;
Expected  :  "                  P1N                         "&#xD;
Actual    :  "                  P1N                         "&#xD;
&#xD;
AtOrAfter&#xD;
Navigation:  "                   V                          "&#xD;
Source    :  " 111111111111111111122222222222222222222222222"&#xD;
Expected  :  "                  P1N                         "&#xD;
Actual    :  "                  P1N                         "&#xD;
&#xD;
After&#xD;
Navigation:  "                   V                          "&#xD;
Source    :  " 111111111111111111122222222222222222222222222"&#xD;
Expected  :  "                   P2N                        "&#xD;
Actual    :  "                   P2N                        "&#xD;
&#xD;
Before&#xD;
Navigation:  "                    V                         "&#xD;
Source    :  " 111111111111111111122222222222222222222222222"&#xD;
Expected  :  "                  P1N                         "&#xD;
Actual    :  "                  P1N                         "&#xD;
&#xD;
AtOrBefore&#xD;
Navigation:  "                    V                         "&#xD;
Source    :  " 111111111111111111122222222222222222222222222"&#xD;
Expected  :  "                   P2N                        "&#xD;
Actual    :  "                   P2N                        "&#xD;
&#xD;
AtOrAfter&#xD;
Navigation:  "                    V                         "&#xD;
Source    :  " 111111111111111111122222222222222222222222222"&#xD;
Expected  :  "                   P2N                        "&#xD;
Actual    :  "                   P2N                        "&#xD;
&#xD;
After&#xD;
Navigation:  "                    V                         "&#xD;
Source    :  " 111111111111111111122222222222222222222222222"&#xD;
Expected  :  "                    P2N                       "&#xD;
Actual    :  "                    P2N                       "&#xD;
&#xD;
Before&#xD;
Navigation:  "                     V                        "&#xD;
Source    :  " 111111111111111111122222222222222222222222222"&#xD;
Expected  :  "                   P2N                        "&#xD;
Actual    :  "                   P2N                        "&#xD;
&#xD;
AtOrBefore&#xD;
Navigation:  "                     V                        "&#xD;
Source    :  " 111111111111111111122222222222222222222222222"&#xD;
Expected  :  "                    P2N                       "&#xD;
Actual    :  "                    P2N                       "&#xD;
&#xD;
AtOrAfter&#xD;
Navigation:  "                     V                        "&#xD;
Source    :  " 111111111111111111122222222222222222222222222"&#xD;
Expected  :  "                    P2N                       "&#xD;
Actual    :  "                    P2N                       "&#xD;
&#xD;
After&#xD;
Navigation:  "                     V                        "&#xD;
Source    :  " 111111111111111111122222222222222222222222222"&#xD;
Expected  :  "                     P2N                      "&#xD;
Actual    :  "                     P2N                      "&#xD;
&#xD;
Before&#xD;
Navigation:  "                          V                   "&#xD;
Source    :  " 111111111111111111122222222222222222222222222"&#xD;
Expected  :  "                        P2N                   "&#xD;
Actual    :  "                        P2N                   "&#xD;
&#xD;
AtOrBefore&#xD;
Navigation:  "                          V                   "&#xD;
Source    :  " 111111111111111111122222222222222222222222222"&#xD;
Expected  :  "                         P2N                  "&#xD;
Actual    :  "                         P2N                  "&#xD;
&#xD;
AtOrAfter&#xD;
Navigation:  "                          V                   "&#xD;
Source    :  " 111111111111111111122222222222222222222222222"&#xD;
Expected  :  "                         P2N                  "&#xD;
Actual    :  "                         P2N                  "&#xD;
&#xD;
After&#xD;
Navigation:  "                          V                   "&#xD;
Source    :  " 111111111111111111122222222222222222222222222"&#xD;
Expected  :  "                          P2N                 "&#xD;
Actual    :  "                          P2N                 "&#xD;
&#xD;
Before&#xD;
Navigation:  "                               V              "&#xD;
Source    :  " 111111111111111111122222222222222222222222222"&#xD;
Expected  :  "                             P2N              "&#xD;
Actual    :  "                             P2N              "&#xD;
&#xD;
AtOrBefore&#xD;
Navigation:  "                               V              "&#xD;
Source    :  " 111111111111111111122222222222222222222222222"&#xD;
Expected  :  "                              P2N             "&#xD;
Actual    :  "                              P2N             "&#xD;
&#xD;
AtOrAfter&#xD;
Navigation:  "                               V              "&#xD;
Source    :  " 111111111111111111122222222222222222222222222"&#xD;
Expected  :  "                              P2N             "&#xD;
Actual    :  "                              P2N             "&#xD;
&#xD;
After&#xD;
Navigation:  "                               V              "&#xD;
Source    :  " 111111111111111111122222222222222222222222222"&#xD;
Expected  :  "                               P2N            "&#xD;
Actual    :  "                               P2N            "&#xD;
&#xD;
Before&#xD;
Navigation:  "                                      V       "&#xD;
Source    :  " 111111111111111111122222222222222222222222222"&#xD;
Expected  :  "                                    P2N       "&#xD;
Actual    :  "                                    P2N       "&#xD;
&#xD;
AtOrBefore&#xD;
Navigation:  "                                      V       "&#xD;
Source    :  " 111111111111111111122222222222222222222222222"&#xD;
Expected  :  "                                     P2N      "&#xD;
Actual    :  "                                     P2N      "&#xD;
&#xD;
AtOrAfter&#xD;
Navigation:  "                                      V       "&#xD;
Source    :  " 111111111111111111122222222222222222222222222"&#xD;
Expected  :  "                                     P2N      "&#xD;
Actual    :  "                                     P2N      "&#xD;
&#xD;
After&#xD;
Navigation:  "                                      V       "&#xD;
Source    :  " 111111111111111111122222222222222222222222222"&#xD;
Expected  :  "                                      P2N     "&#xD;
Actual    :  "                                      P2N     "&#xD;
&#xD;
Before&#xD;
Navigation:  "                                            V "&#xD;
Source    :  " 111111111111111111122222222222222222222222222"&#xD;
Expected  :  "                                          P2N "&#xD;
Actual    :  "                                          P2N "&#xD;
&#xD;
AtOrBefore&#xD;
Navigation:  "                                            V "&#xD;
Source    :  " 111111111111111111122222222222222222222222222"&#xD;
Expected  :  "                                           P2N"&#xD;
Actual    :  "                                           P2N"&#xD;
&#xD;
AtOrAfter&#xD;
Navigation:  "                                            V "&#xD;
Source    :  " 111111111111111111122222222222222222222222222"&#xD;
Expected  :  "                                           P2N"&#xD;
Actual    :  "                                           P2N"&#xD;
&#xD;
After&#xD;
Navigation:  "                                            V "&#xD;
Source    :  " 111111111111111111122222222222222222222222222"&#xD;
Expected  :  "                                            P2"&#xD;
Actual    :  "                                            P2"</StdOut>
      </Output>
    </UnitTestResult>
    <UnitTestResult executionId="b0bbf7c3-3d0c-4c01-9925-d68239e81036" testId="6051dcd5-d20d-d79e-91ad-06dd23111221" testName="GetHardwareUsersCommandHandler_Execute_HardwareNotStarted_Errors" computerName="DKSR-EFI-04" duration="00:00:00.0007851" startTime="2023-12-22T09:33:47.8188663+01:00" endTime="2023-12-22T09:33:47.8188663+01:00" testType="13cdc9d9-ddb5-4fa4-a97d-d965ccfc6d4b" outcome="Passed" testListId="8c84fa94-04c1-424b-9868-57a2d4851a1d" relativeResultsDirectory="b0bbf7c3-3d0c-4c01-9925-d68239e81036" />
    <UnitTestResult executionId="a44a8b63-6d47-4919-bfbb-7130ee890c5f" testId="075fcecb-44cd-df6e-55bf-ba09e624e1d1" testName="FilterTrackIdsToThoseThatShouldNotHaveMediaOnRecorder_InternalStateStartedNoTasks_ReturnsEmptyArray" computerName="DKSR-EFI-04" duration="00:00:00.0018739" startTime="2023-12-22T09:33:24.1375157+01:00" endTime="2023-12-22T09:33:24.1375157+01:00" testType="13cdc9d9-ddb5-4fa4-a97d-d965ccfc6d4b" outcome="Passed" testListId="8c84fa94-04c1-424b-9868-57a2d4851a1d" relativeResultsDirectory="a44a8b63-6d47-4919-bfbb-7130ee890c5f" />
    <UnitTestResult executionId="f83523ac-e9bc-4ace-bf61-dc396abd1edc" testId="c41a5798-1609-bef5-af4f-bd161fe6c1a0" testName="GetRecorderTasksWithPendingStop_InternalStateStartedNoTasks_ReturnsEmptyArray" computerName="DKSR-EFI-04" duration="00:00:00.0020085" startTime="2023-12-22T09:33:24.0999597+01:00" endTime="2023-12-22T09:33:24.0999597+01:00" testType="13cdc9d9-ddb5-4fa4-a97d-d965ccfc6d4b" outcome="Passed" testListId="8c84fa94-04c1-424b-9868-57a2d4851a1d" relativeResultsDirectory="f83523ac-e9bc-4ace-bf61-dc396abd1edc" />
    <UnitTestResult executionId="2a74953a-a82c-4777-84a6-0c62c20dfc76" testId="ad933fd9-f61c-1d81-84a4-edef05ca4731" testName="SOAPCommandRequestHandler_ExecuteFunction_HandleOutputGetState_Success_Activated" computerName="DKSR-EFI-04" duration="00:00:00.0020054" startTime="2023-12-22T09:33:30.5531147+01:00" endTime="2023-12-22T09:33:30.5531147+01:00" testType="13cdc9d9-ddb5-4fa4-a97d-d965ccfc6d4b" outcome="Passed" testListId="8c84fa94-04c1-424b-9868-57a2d4851a1d" relativeResultsDirectory="2a74953a-a82c-4777-84a6-0c62c20dfc76" />
    <UnitTestResult executionId="3f88dc60-c028-4f80-81fe-df5b6cb7eb98" testId="8def1cfb-11a5-379b-896a-6d9d7e7b27b1" testName="SynchronizeDevicePresetsCommandHandler_Execute_CanLoadPresetsFromDevice_Is_False" computerName="DKSR-EFI-04" duration="00:00:00.0010356" startTime="2023-12-22T09:33:51.0688393+01:00" endTime="2023-12-22T09:33:51.0688393+01:00" testType="13cdc9d9-ddb5-4fa4-a97d-d965ccfc6d4b" outcome="Passed" testListId="8c84fa94-04c1-424b-9868-57a2d4851a1d" relativeResultsDirectory="3f88dc60-c028-4f80-81fe-df5b6cb7eb98" />
    <UnitTestResult executionId="c356011d-8a07-4da7-bf69-7d7d5b30bc7c" testId="58e31f6e-171c-0b1e-1a59-a28ee9ceb558" testName="SOAPCommandRequestHandler_ExecuteFunction_HandleSmartSearchStart_NoDeviceId" computerName="DKSR-EFI-04" duration="00:00:00.0036410" startTime="2023-12-22T09:33:29.9749883+01:00" endTime="2023-12-22T09:33:29.9906129+01:00" testType="13cdc9d9-ddb5-4fa4-a97d-d965ccfc6d4b" outcome="Passed" testListId="8c84fa94-04c1-424b-9868-57a2d4851a1d" relativeResultsDirectory="c356011d-8a07-4da7-bf69-7d7d5b30bc7c" />
    <UnitTestResult executionId="6b70afa6-972c-49e8-80b0-ed129e546b94" testId="7b3db81a-9c37-e4d9-9333-4ed3ccb0e1ad" testName="SOAPCommandRequestHandler_ExecuteFunction_HandlePTZReserveSession_No_Priority" computerName="DKSR-EFI-04" duration="00:00:00.0015541" startTime="2023-12-22T09:33:30.8656150+01:00" endTime="2023-12-22T09:33:30.8656150+01:00" testType="13cdc9d9-ddb5-4fa4-a97d-d965ccfc6d4b" outcome="Passed" testListId="8c84fa94-04c1-424b-9868-57a2d4851a1d" relativeResultsDirectory="6b70afa6-972c-49e8-80b0-ed129e546b94" />
    <UnitTestResult executionId="b6039bc6-38cd-4879-aeee-46cc5d036043" testId="b04dd62a-a28e-d69a-9c42-2711a6e089f5" testName="ResetConfigRecordRelatedWhileRecordingCamera" computerName="DKSR-EFI-04" duration="00:00:00.0007716" startTime="2023-12-22T09:33:33.3656278+01:00" endTime="2023-12-22T09:33:33.3656278+01:00" testType="13cdc9d9-ddb5-4fa4-a97d-d965ccfc6d4b" outcome="Passed" testListId="8c84fa94-04c1-424b-9868-57a2d4851a1d" relativeResultsDirectory="b6039bc6-38cd-4879-aeee-46cc5d036043" />
    <UnitTestResult executionId="e760fe09-f079-4250-8a96-4abfe516f900" testId="650b2554-02d7-52d8-edb9-78b1fa4e805c" testName="CheckForLiveAndOrphanTables_CreateMissingTable_MoveHw" computerName="DKSR-EFI-04" duration="00:00:00.0032701" startTime="2023-12-22T09:33:32.7562505+01:00" endTime="2023-12-22T09:33:32.7562505+01:00" testType="13cdc9d9-ddb5-4fa4-a97d-d965ccfc6d4b" outcome="Passed" testListId="8c84fa94-04c1-424b-9868-57a2d4851a1d" relativeResultsDirectory="e760fe09-f079-4250-8a96-4abfe516f900" />
    <UnitTestResult executionId="aa66ac85-e6cd-4886-bdc9-2652f3f9dc69" testId="dc3b414d-3101-de67-81a3-912339301d06" testName="SetConfiguration_Enable_Success" computerName="DKSR-EFI-04" duration="00:00:00.0170375" startTime="2023-12-22T09:33:33.6625053+01:00" endTime="2023-12-22T09:33:33.6781296+01:00" testType="13cdc9d9-ddb5-4fa4-a97d-d965ccfc6d4b" outcome="Passed" testListId="8c84fa94-04c1-424b-9868-57a2d4851a1d" relativeResultsDirectory="aa66ac85-e6cd-4886-bdc9-2652f3f9dc69" />
    <UnitTestResult executionId="ba228704-6ea7-46db-bb03-2007b5820e0e" testId="a1662c3e-6c90-6132-3f2b-3faf17a3029f" testName="SOAPCommandRequestHandler_ExecuteFunction_HandlePTZMoveStart_No_Security" computerName="DKSR-EFI-04" duration="00:00:00.0012150" startTime="2023-12-22T09:33:30.7406140+01:00" endTime="2023-12-22T09:33:30.7406140+01:00" testType="13cdc9d9-ddb5-4fa4-a97d-d965ccfc6d4b" outcome="Passed" testListId="8c84fa94-04c1-424b-9868-57a2d4851a1d" relativeResultsDirectory="ba228704-6ea7-46db-bb03-2007b5820e0e" />
    <UnitTestResult executionId="caab9445-6890-4720-8286-c64680b9a2c2" testId="0a69dcc2-b7d4-5a30-ea72-8ac56c049039" testName="SOAPCommandRequestHandler_ExecuteFunction_HandlePTZReleaseSession_Success" computerName="DKSR-EFI-04" duration="00:00:00.0019885" startTime="2023-12-22T09:33:30.8812451+01:00" endTime="2023-12-22T09:33:30.8812451+01:00" testType="13cdc9d9-ddb5-4fa4-a97d-d965ccfc6d4b" outcome="Passed" testListId="8c84fa94-04c1-424b-9868-57a2d4851a1d" relativeResultsDirectory="caab9445-6890-4720-8286-c64680b9a2c2" />
    <UnitTestResult executionId="25aea7e1-4f11-4a02-a443-596b1a44ba35" testId="30be1ba8-8dec-ac74-dacd-a90af2ca4ce7" testName="SOAPCommandRequestHandler_ExecuteFunction_HandleOutputActivate_NoDeviceId" computerName="DKSR-EFI-04" duration="00:00:00.0007947" startTime="2023-12-22T09:33:30.5374880+01:00" endTime="2023-12-22T09:33:30.5374880+01:00" testType="13cdc9d9-ddb5-4fa4-a97d-d965ccfc6d4b" outcome="Passed" testListId="8c84fa94-04c1-424b-9868-57a2d4851a1d" relativeResultsDirectory="25aea7e1-4f11-4a02-a443-596b1a44ba35" />
    <UnitTestResult executionId="b959bf4f-3b08-42fe-8921-0c26c8e7803e" testId="fd03b6cc-d5fd-17ab-5f8a-fdc3bbc35099" testName="MediaDbUtil_MultitrackNavigation_Scenario13" computerName="DKSR-EFI-04" duration="00:00:00.0839913" startTime="2023-12-22T09:33:28.9749804+01:00" endTime="2023-12-22T09:33:29.0687330+01:00" testType="13cdc9d9-ddb5-4fa4-a97d-d965ccfc6d4b" outcome="Passed" testListId="8c84fa94-04c1-424b-9868-57a2d4851a1d" relativeResultsDirectory="b959bf4f-3b08-42fe-8921-0c26c8e7803e">
      <Output>
        <StdOut>TestContext Messages:&#xD;
Before&#xD;
Navigation:  " V                                            "&#xD;
Source    :  " 1 1 1 1 1 1 1 1 1 1 1 1 1 1 1 1 1 1 1 1 1 1 1"&#xD;
Unable to move&#xD;
&#xD;
AtOrBefore&#xD;
Navigation:  " V                                            "&#xD;
Source    :  " 1 1 1 1 1 1 1 1 1 1 1 1 1 1 1 1 1 1 1 1 1 1 1"&#xD;
Expected  :  " 1 N                                          "&#xD;
Actual    :  " 1 N                                          "&#xD;
&#xD;
AtOrAfter&#xD;
Navigation:  " V                                            "&#xD;
Source    :  " 1 1 1 1 1 1 1 1 1 1 1 1 1 1 1 1 1 1 1 1 1 1 1"&#xD;
Expected  :  " 1 N                                          "&#xD;
Actual    :  " 1 N                                          "&#xD;
&#xD;
After&#xD;
Navigation:  " V                                            "&#xD;
Source    :  " 1 1 1 1 1 1 1 1 1 1 1 1 1 1 1 1 1 1 1 1 1 1 1"&#xD;
Expected  :  " P 1 N                                        "&#xD;
Actual    :  " P 1 N                                        "&#xD;
&#xD;
Before&#xD;
Navigation:  "           V                                  "&#xD;
Source    :  " 1 1 1 1 1 1 1 1 1 1 1 1 1 1 1 1 1 1 1 1 1 1 1"&#xD;
Expected  :  "       P 1 N                                  "&#xD;
Actual    :  "       P 1 N                                  "&#xD;
&#xD;
AtOrBefore&#xD;
Navigation:  "           V                                  "&#xD;
Source    :  " 1 1 1 1 1 1 1 1 1 1 1 1 1 1 1 1 1 1 1 1 1 1 1"&#xD;
Expected  :  "         P 1 N                                "&#xD;
Actual    :  "         P 1 N                                "&#xD;
&#xD;
AtOrAfter&#xD;
Navigation:  "           V                                  "&#xD;
Source    :  " 1 1 1 1 1 1 1 1 1 1 1 1 1 1 1 1 1 1 1 1 1 1 1"&#xD;
Expected  :  "         P 1 N                                "&#xD;
Actual    :  "         P 1 N                                "&#xD;
&#xD;
After&#xD;
Navigation:  "           V                                  "&#xD;
Source    :  " 1 1 1 1 1 1 1 1 1 1 1 1 1 1 1 1 1 1 1 1 1 1 1"&#xD;
Expected  :  "           P 1 N                              "&#xD;
Actual    :  "           P 1 N                              "&#xD;
&#xD;
Before&#xD;
Navigation:  "              V                               "&#xD;
Source    :  " 1 1 1 1 1 1 1 1 1 1 1 1 1 1 1 1 1 1 1 1 1 1 1"&#xD;
Expected  :  "           P 1 N                              "&#xD;
Actual    :  "           P 1 N                              "&#xD;
&#xD;
AtOrBefore&#xD;
Navigation:  "              V                               "&#xD;
Source    :  " 1 1 1 1 1 1 1 1 1 1 1 1 1 1 1 1 1 1 1 1 1 1 1"&#xD;
Expected  :  "           P 1 N                              "&#xD;
Actual    :  "           P 1 N                              "&#xD;
&#xD;
AtOrAfter&#xD;
Navigation:  "              V                               "&#xD;
Source    :  " 1 1 1 1 1 1 1 1 1 1 1 1 1 1 1 1 1 1 1 1 1 1 1"&#xD;
Expected  :  "             P 1 N                            "&#xD;
Actual    :  "             P 1 N                            "&#xD;
&#xD;
After&#xD;
Navigation:  "              V                               "&#xD;
Source    :  " 1 1 1 1 1 1 1 1 1 1 1 1 1 1 1 1 1 1 1 1 1 1 1"&#xD;
Expected  :  "             P 1 N                            "&#xD;
Actual    :  "             P 1 N                            "&#xD;
&#xD;
Before&#xD;
Navigation:  "                 V                            "&#xD;
Source    :  " 1 1 1 1 1 1 1 1 1 1 1 1 1 1 1 1 1 1 1 1 1 1 1"&#xD;
Expected  :  "             P 1 N                            "&#xD;
Actual    :  "             P 1 N                            "&#xD;
&#xD;
AtOrBefore&#xD;
Navigation:  "                 V                            "&#xD;
Source    :  " 1 1 1 1 1 1 1 1 1 1 1 1 1 1 1 1 1 1 1 1 1 1 1"&#xD;
Expected  :  "               P 1 N                          "&#xD;
Actual    :  "               P 1 N                          "&#xD;
&#xD;
AtOrAfter&#xD;
Navigation:  "                 V                            "&#xD;
Source    :  " 1 1 1 1 1 1 1 1 1 1 1 1 1 1 1 1 1 1 1 1 1 1 1"&#xD;
Expected  :  "               P 1 N                          "&#xD;
Actual    :  "               P 1 N                          "&#xD;
&#xD;
After&#xD;
Navigation:  "                 V                            "&#xD;
Source    :  " 1 1 1 1 1 1 1 1 1 1 1 1 1 1 1 1 1 1 1 1 1 1 1"&#xD;
Expected  :  "                 P 1 N                        "&#xD;
Actual    :  "                 P 1 N                        "&#xD;
&#xD;
Before&#xD;
Navigation:  "                  V                           "&#xD;
Source    :  " 1 1 1 1 1 1 1 1 1 1 1 1 1 1 1 1 1 1 1 1 1 1 1"&#xD;
Expected  :  "               P 1 N                          "&#xD;
Actual    :  "               P 1 N                          "&#xD;
&#xD;
AtOrBefore&#xD;
Navigation:  "                  V                           "&#xD;
Source    :  " 1 1 1 1 1 1 1 1 1 1 1 1 1 1 1 1 1 1 1 1 1 1 1"&#xD;
Expected  :  "               P 1 N                          "&#xD;
Actual    :  "               P 1 N                          "&#xD;
&#xD;
AtOrAfter&#xD;
Navigation:  "                  V                           "&#xD;
Source    :  " 1 1 1 1 1 1 1 1 1 1 1 1 1 1 1 1 1 1 1 1 1 1 1"&#xD;
Expected  :  "                 P 1 N                        "&#xD;
Actual    :  "                 P 1 N                        "&#xD;
&#xD;
After&#xD;
Navigation:  "                  V                           "&#xD;
Source    :  " 1 1 1 1 1 1 1 1 1 1 1 1 1 1 1 1 1 1 1 1 1 1 1"&#xD;
Expected  :  "                 P 1 N                        "&#xD;
Actual    :  "                 P 1 N                        "&#xD;
&#xD;
Before&#xD;
Navigation:  "                   V                          "&#xD;
Source    :  " 1 1 1 1 1 1 1 1 1 1 1 1 1 1 1 1 1 1 1 1 1 1 1"&#xD;
Expected  :  "               P 1 N                          "&#xD;
Actual    :  "               P 1 N                          "&#xD;
&#xD;
AtOrBefore&#xD;
Navigation:  "                   V                          "&#xD;
Source    :  " 1 1 1 1 1 1 1 1 1 1 1 1 1 1 1 1 1 1 1 1 1 1 1"&#xD;
Expected  :  "                 P 1 N                        "&#xD;
Actual    :  "                 P 1 N                        "&#xD;
&#xD;
AtOrAfter&#xD;
Navigation:  "                   V                          "&#xD;
Source    :  " 1 1 1 1 1 1 1 1 1 1 1 1 1 1 1 1 1 1 1 1 1 1 1"&#xD;
Expected  :  "                 P 1 N                        "&#xD;
Actual    :  "                 P 1 N                        "&#xD;
&#xD;
After&#xD;
Navigation:  "                   V                          "&#xD;
Source    :  " 1 1 1 1 1 1 1 1 1 1 1 1 1 1 1 1 1 1 1 1 1 1 1"&#xD;
Expected  :  "                   P 1 N                      "&#xD;
Actual    :  "                   P 1 N                      "&#xD;
&#xD;
Before&#xD;
Navigation:  "                    V                         "&#xD;
Source    :  " 1 1 1 1 1 1 1 1 1 1 1 1 1 1 1 1 1 1 1 1 1 1 1"&#xD;
Expected  :  "                 P 1 N                        "&#xD;
Actual    :  "                 P 1 N                        "&#xD;
&#xD;
AtOrBefore&#xD;
Navigation:  "                    V                         "&#xD;
Source    :  " 1 1 1 1 1 1 1 1 1 1 1 1 1 1 1 1 1 1 1 1 1 1 1"&#xD;
Expected  :  "                 P 1 N                        "&#xD;
Actual    :  "                 P 1 N                        "&#xD;
&#xD;
AtOrAfter&#xD;
Navigation:  "                    V                         "&#xD;
Source    :  " 1 1 1 1 1 1 1 1 1 1 1 1 1 1 1 1 1 1 1 1 1 1 1"&#xD;
Expected  :  "                   P 1 N                      "&#xD;
Actual    :  "                   P 1 N                      "&#xD;
&#xD;
After&#xD;
Navigation:  "                    V                         "&#xD;
Source    :  " 1 1 1 1 1 1 1 1 1 1 1 1 1 1 1 1 1 1 1 1 1 1 1"&#xD;
Expected  :  "                   P 1 N                      "&#xD;
Actual    :  "                   P 1 N                      "&#xD;
&#xD;
Before&#xD;
Navigation:  "                          V                   "&#xD;
Source    :  " 1 1 1 1 1 1 1 1 1 1 1 1 1 1 1 1 1 1 1 1 1 1 1"&#xD;
Expected  :  "                       P 1 N                  "&#xD;
Actual    :  "                       P 1 N                  "&#xD;
&#xD;
AtOrBefore&#xD;
Navigation:  "                          V                   "&#xD;
Source    :  " 1 1 1 1 1 1 1 1 1 1 1 1 1 1 1 1 1 1 1 1 1 1 1"&#xD;
Expected  :  "                       P 1 N                  "&#xD;
Actual    :  "                       P 1 N                  "&#xD;
&#xD;
AtOrAfter&#xD;
Navigation:  "                          V                   "&#xD;
Source    :  " 1 1 1 1 1 1 1 1 1 1 1 1 1 1 1 1 1 1 1 1 1 1 1"&#xD;
Expected  :  "                         P 1 N                "&#xD;
Actual    :  "                         P 1 N                "&#xD;
&#xD;
After&#xD;
Navigation:  "                          V                   "&#xD;
Source    :  " 1 1 1 1 1 1 1 1 1 1 1 1 1 1 1 1 1 1 1 1 1 1 1"&#xD;
Expected  :  "                         P 1 N                "&#xD;
Actual    :  "                         P 1 N                "&#xD;
&#xD;
Before&#xD;
Navigation:  "                               V              "&#xD;
Source    :  " 1 1 1 1 1 1 1 1 1 1 1 1 1 1 1 1 1 1 1 1 1 1 1"&#xD;
Expected  :  "                           P 1 N              "&#xD;
Actual    :  "                           P 1 N              "&#xD;
&#xD;
AtOrBefore&#xD;
Navigation:  "                               V              "&#xD;
Source    :  " 1 1 1 1 1 1 1 1 1 1 1 1 1 1 1 1 1 1 1 1 1 1 1"&#xD;
Expected  :  "                             P 1 N            "&#xD;
Actual    :  "                             P 1 N            "&#xD;
&#xD;
AtOrAfter&#xD;
Navigation:  "                               V              "&#xD;
Source    :  " 1 1 1 1 1 1 1 1 1 1 1 1 1 1 1 1 1 1 1 1 1 1 1"&#xD;
Expected  :  "                             P 1 N            "&#xD;
Actual    :  "                             P 1 N            "&#xD;
&#xD;
After&#xD;
Navigation:  "                               V              "&#xD;
Source    :  " 1 1 1 1 1 1 1 1 1 1 1 1 1 1 1 1 1 1 1 1 1 1 1"&#xD;
Expected  :  "                               P 1 N          "&#xD;
Actual    :  "                               P 1 N          "&#xD;
&#xD;
Before&#xD;
Navigation:  "                                      V       "&#xD;
Source    :  " 1 1 1 1 1 1 1 1 1 1 1 1 1 1 1 1 1 1 1 1 1 1 1"&#xD;
Expected  :  "                                   P 1 N      "&#xD;
Actual    :  "                                   P 1 N      "&#xD;
&#xD;
AtOrBefore&#xD;
Navigation:  "                                      V       "&#xD;
Source    :  " 1 1 1 1 1 1 1 1 1 1 1 1 1 1 1 1 1 1 1 1 1 1 1"&#xD;
Expected  :  "                                   P 1 N      "&#xD;
Actual    :  "                                   P 1 N      "&#xD;
&#xD;
AtOrAfter&#xD;
Navigation:  "                                      V       "&#xD;
Source    :  " 1 1 1 1 1 1 1 1 1 1 1 1 1 1 1 1 1 1 1 1 1 1 1"&#xD;
Expected  :  "                                     P 1 N    "&#xD;
Actual    :  "                                     P 1 N    "&#xD;
&#xD;
After&#xD;
Navigation:  "                                      V       "&#xD;
Source    :  " 1 1 1 1 1 1 1 1 1 1 1 1 1 1 1 1 1 1 1 1 1 1 1"&#xD;
Expected  :  "                                     P 1 N    "&#xD;
Actual    :  "                                     P 1 N    "&#xD;
&#xD;
Before&#xD;
Navigation:  "                                            V "&#xD;
Source    :  " 1 1 1 1 1 1 1 1 1 1 1 1 1 1 1 1 1 1 1 1 1 1 1"&#xD;
Expected  :  "                                         P 1 N"&#xD;
Actual    :  "                                         P 1 N"&#xD;
&#xD;
AtOrBefore&#xD;
Navigation:  "                                            V "&#xD;
Source    :  " 1 1 1 1 1 1 1 1 1 1 1 1 1 1 1 1 1 1 1 1 1 1 1"&#xD;
Expected  :  "                                         P 1 N"&#xD;
Actual    :  "                                         P 1 N"&#xD;
&#xD;
AtOrAfter&#xD;
Navigation:  "                                            V "&#xD;
Source    :  " 1 1 1 1 1 1 1 1 1 1 1 1 1 1 1 1 1 1 1 1 1 1 1"&#xD;
Expected  :  "                                           P 1"&#xD;
Actual    :  "                                           P 1"&#xD;
&#xD;
After&#xD;
Navigation:  "                                            V "&#xD;
Source    :  " 1 1 1 1 1 1 1 1 1 1 1 1 1 1 1 1 1 1 1 1 1 1 1"&#xD;
Expected  :  "                                           P 1"&#xD;
Actual    :  "                                           P 1"&#xD;
&#xD;
Before&#xD;
Navigation:  " V                                            "&#xD;
Source    :  " 1 1 1 1 1 1 1 1 1 2 2 2 2 2 2 2 2 2 2 2 2 2 2"&#xD;
Unable to move&#xD;
&#xD;
AtOrBefore&#xD;
Navigation:  " V                                            "&#xD;
Source    :  " 1 1 1 1 1 1 1 1 1 2 2 2 2 2 2 2 2 2 2 2 2 2 2"&#xD;
Expected  :  " 1 N                                          "&#xD;
Actual    :  " 1 N                                          "&#xD;
&#xD;
AtOrAfter&#xD;
Navigation:  " V                                            "&#xD;
Source    :  " 1 1 1 1 1 1 1 1 1 2 2 2 2 2 2 2 2 2 2 2 2 2 2"&#xD;
Expected  :  " 1 N                                          "&#xD;
Actual    :  " 1 N                                          "&#xD;
&#xD;
After&#xD;
Navigation:  " V                                            "&#xD;
Source    :  " 1 1 1 1 1 1 1 1 1 2 2 2 2 2 2 2 2 2 2 2 2 2 2"&#xD;
Expected  :  " P 1 N                                        "&#xD;
Actual    :  " P 1 N                                        "&#xD;
&#xD;
Before&#xD;
Navigation:  "           V                                  "&#xD;
Source    :  " 1 1 1 1 1 1 1 1 1 2 2 2 2 2 2 2 2 2 2 2 2 2 2"&#xD;
Expected  :  "       P 1 N                                  "&#xD;
Actual    :  "       P 1 N                                  "&#xD;
&#xD;
AtOrBefore&#xD;
Navigation:  "           V                                  "&#xD;
Source    :  " 1 1 1 1 1 1 1 1 1 2 2 2 2 2 2 2 2 2 2 2 2 2 2"&#xD;
Expected  :  "         P 1 N                                "&#xD;
Actual    :  "         P 1 N                                "&#xD;
&#xD;
AtOrAfter&#xD;
Navigation:  "           V                                  "&#xD;
Source    :  " 1 1 1 1 1 1 1 1 1 2 2 2 2 2 2 2 2 2 2 2 2 2 2"&#xD;
Expected  :  "         P 1 N                                "&#xD;
Actual    :  "         P 1 N                                "&#xD;
&#xD;
After&#xD;
Navigation:  "           V                                  "&#xD;
Source    :  " 1 1 1 1 1 1 1 1 1 2 2 2 2 2 2 2 2 2 2 2 2 2 2"&#xD;
Expected  :  "           P 1 N                              "&#xD;
Actual    :  "           P 1 N                              "&#xD;
&#xD;
Before&#xD;
Navigation:  "              V                               "&#xD;
Source    :  " 1 1 1 1 1 1 1 1 1 2 2 2 2 2 2 2 2 2 2 2 2 2 2"&#xD;
Expected  :  "           P 1 N                              "&#xD;
Actual    :  "           P 1 N                              "&#xD;
&#xD;
AtOrBefore&#xD;
Navigation:  "              V                               "&#xD;
Source    :  " 1 1 1 1 1 1 1 1 1 2 2 2 2 2 2 2 2 2 2 2 2 2 2"&#xD;
Expected  :  "           P 1 N                              "&#xD;
Actual    :  "           P 1 N                              "&#xD;
&#xD;
AtOrAfter&#xD;
Navigation:  "              V                               "&#xD;
Source    :  " 1 1 1 1 1 1 1 1 1 2 2 2 2 2 2 2 2 2 2 2 2 2 2"&#xD;
Expected  :  "             P 1 N                            "&#xD;
Actual    :  "             P 1 N                            "&#xD;
&#xD;
After&#xD;
Navigation:  "              V                               "&#xD;
Source    :  " 1 1 1 1 1 1 1 1 1 2 2 2 2 2 2 2 2 2 2 2 2 2 2"&#xD;
Expected  :  "             P 1 N                            "&#xD;
Actual    :  "             P 1 N                            "&#xD;
&#xD;
Before&#xD;
Navigation:  "                 V                            "&#xD;
Source    :  " 1 1 1 1 1 1 1 1 1 2 2 2 2 2 2 2 2 2 2 2 2 2 2"&#xD;
Expected  :  "             P 1 N                            "&#xD;
Actual    :  "             P 1 N                            "&#xD;
&#xD;
AtOrBefore&#xD;
Navigation:  "                 V                            "&#xD;
Source    :  " 1 1 1 1 1 1 1 1 1 2 2 2 2 2 2 2 2 2 2 2 2 2 2"&#xD;
Expected  :  "               P 1 N                          "&#xD;
Actual    :  "               P 1 N                          "&#xD;
&#xD;
AtOrAfter&#xD;
Navigation:  "                 V                            "&#xD;
Source    :  " 1 1 1 1 1 1 1 1 1 2 2 2 2 2 2 2 2 2 2 2 2 2 2"&#xD;
Expected  :  "               P 1 N                          "&#xD;
Actual    :  "               P 1 N                          "&#xD;
&#xD;
After&#xD;
Navigation:  "                 V                            "&#xD;
Source    :  " 1 1 1 1 1 1 1 1 1 2 2 2 2 2 2 2 2 2 2 2 2 2 2"&#xD;
Expected  :  "                 P 2 N                        "&#xD;
Actual    :  "                 P 2 N                        "&#xD;
&#xD;
Before&#xD;
Navigation:  "                  V                           "&#xD;
Source    :  " 1 1 1 1 1 1 1 1 1 2 2 2 2 2 2 2 2 2 2 2 2 2 2"&#xD;
Expected  :  "               P 1 N                          "&#xD;
Actual    :  "               P 1 N                          "&#xD;
&#xD;
AtOrBefore&#xD;
Navigation:  "                  V                           "&#xD;
Source    :  " 1 1 1 1 1 1 1 1 1 2 2 2 2 2 2 2 2 2 2 2 2 2 2"&#xD;
Expected  :  "               P 1 N                          "&#xD;
Actual    :  "               P 1 N                          "&#xD;
&#xD;
AtOrAfter&#xD;
Navigation:  "                  V                           "&#xD;
Source    :  " 1 1 1 1 1 1 1 1 1 2 2 2 2 2 2 2 2 2 2 2 2 2 2"&#xD;
Expected  :  "                 P 2 N                        "&#xD;
Actual    :  "                 P 2 N                        "&#xD;
&#xD;
After&#xD;
Navigation:  "                  V                           "&#xD;
Source    :  " 1 1 1 1 1 1 1 1 1 2 2 2 2 2 2 2 2 2 2 2 2 2 2"&#xD;
Expected  :  "                 P 2 N                        "&#xD;
Actual    :  "                 P 2 N                        "&#xD;
&#xD;
Before&#xD;
Navigation:  "                   V                          "&#xD;
Source    :  " 1 1 1 1 1 1 1 1 1 2 2 2 2 2 2 2 2 2 2 2 2 2 2"&#xD;
Expected  :  "               P 1 N                          "&#xD;
Actual    :  "               P 1 N                          "&#xD;
&#xD;
AtOrBefore&#xD;
Navigation:  "                   V                          "&#xD;
Source    :  " 1 1 1 1 1 1 1 1 1 2 2 2 2 2 2 2 2 2 2 2 2 2 2"&#xD;
Expected  :  "                 P 2 N                        "&#xD;
Actual    :  "                 P 2 N                        "&#xD;
&#xD;
AtOrAfter&#xD;
Navigation:  "                   V                          "&#xD;
Source    :  " 1 1 1 1 1 1 1 1 1 2 2 2 2 2 2 2 2 2 2 2 2 2 2"&#xD;
Expected  :  "                 P 2 N                        "&#xD;
Actual    :  "                 P 2 N                        "&#xD;
&#xD;
After&#xD;
Navigation:  "                   V                          "&#xD;
Source    :  " 1 1 1 1 1 1 1 1 1 2 2 2 2 2 2 2 2 2 2 2 2 2 2"&#xD;
Expected  :  "                   P 2 N                      "&#xD;
Actual    :  "                   P 2 N                      "&#xD;
&#xD;
Before&#xD;
Navigation:  "                    V                         "&#xD;
Source    :  " 1 1 1 1 1 1 1 1 1 2 2 2 2 2 2 2 2 2 2 2 2 2 2"&#xD;
Expected  :  "                 P 2 N                        "&#xD;
Actual    :  "                 P 2 N                        "&#xD;
&#xD;
AtOrBefore&#xD;
Navigation:  "                    V                         "&#xD;
Source    :  " 1 1 1 1 1 1 1 1 1 2 2 2 2 2 2 2 2 2 2 2 2 2 2"&#xD;
Expected  :  "                 P 2 N                        "&#xD;
Actual    :  "                 P 2 N                        "&#xD;
&#xD;
AtOrAfter&#xD;
Navigation:  "                    V                         "&#xD;
Source    :  " 1 1 1 1 1 1 1 1 1 2 2 2 2 2 2 2 2 2 2 2 2 2 2"&#xD;
Expected  :  "                   P 2 N                      "&#xD;
Actual    :  "                   P 2 N                      "&#xD;
&#xD;
After&#xD;
Navigation:  "                    V                         "&#xD;
Source    :  " 1 1 1 1 1 1 1 1 1 2 2 2 2 2 2 2 2 2 2 2 2 2 2"&#xD;
Expected  :  "                   P 2 N                      "&#xD;
Actual    :  "                   P 2 N                      "&#xD;
&#xD;
Before&#xD;
Navigation:  "                          V                   "&#xD;
Source    :  " 1 1 1 1 1 1 1 1 1 2 2 2 2 2 2 2 2 2 2 2 2 2 2"&#xD;
Expected  :  "                       P 2 N                  "&#xD;
Actual    :  "                       P 2 N                  "&#xD;
&#xD;
AtOrBefore&#xD;
Navigation:  "                          V                   "&#xD;
Source    :  " 1 1 1 1 1 1 1 1 1 2 2 2 2 2 2 2 2 2 2 2 2 2 2"&#xD;
Expected  :  "                       P 2 N                  "&#xD;
Actual    :  "                       P 2 N                  "&#xD;
&#xD;
AtOrAfter&#xD;
Navigation:  "                          V                   "&#xD;
Source    :  " 1 1 1 1 1 1 1 1 1 2 2 2 2 2 2 2 2 2 2 2 2 2 2"&#xD;
Expected  :  "                         P 2 N                "&#xD;
Actual    :  "                         P 2 N                "&#xD;
&#xD;
After&#xD;
Navigation:  "                          V                   "&#xD;
Source    :  " 1 1 1 1 1 1 1 1 1 2 2 2 2 2 2 2 2 2 2 2 2 2 2"&#xD;
Expected  :  "                         P 2 N                "&#xD;
Actual    :  "                         P 2 N                "&#xD;
&#xD;
Before&#xD;
Navigation:  "                               V              "&#xD;
Source    :  " 1 1 1 1 1 1 1 1 1 2 2 2 2 2 2 2 2 2 2 2 2 2 2"&#xD;
Expected  :  "                           P 2 N              "&#xD;
Actual    :  "                           P 2 N              "&#xD;
&#xD;
AtOrBefore&#xD;
Navigation:  "                               V              "&#xD;
Source    :  " 1 1 1 1 1 1 1 1 1 2 2 2 2 2 2 2 2 2 2 2 2 2 2"&#xD;
Expected  :  "                             P 2 N            "&#xD;
Actual    :  "                             P 2 N            "&#xD;
&#xD;
AtOrAfter&#xD;
Navigation:  "                               V              "&#xD;
Source    :  " 1 1 1 1 1 1 1 1 1 2 2 2 2 2 2 2 2 2 2 2 2 2 2"&#xD;
Expected  :  "                             P 2 N            "&#xD;
Actual    :  "                             P 2 N            "&#xD;
&#xD;
After&#xD;
Navigation:  "                               V              "&#xD;
Source    :  " 1 1 1 1 1 1 1 1 1 2 2 2 2 2 2 2 2 2 2 2 2 2 2"&#xD;
Expected  :  "                               P 2 N          "&#xD;
Actual    :  "                               P 2 N          "&#xD;
&#xD;
Before&#xD;
Navigation:  "                                      V       "&#xD;
Source    :  " 1 1 1 1 1 1 1 1 1 2 2 2 2 2 2 2 2 2 2 2 2 2 2"&#xD;
Expected  :  "                                   P 2 N      "&#xD;
Actual    :  "                                   P 2 N      "&#xD;
&#xD;
AtOrBefore&#xD;
Navigation:  "                                      V       "&#xD;
Source    :  " 1 1 1 1 1 1 1 1 1 2 2 2 2 2 2 2 2 2 2 2 2 2 2"&#xD;
Expected  :  "                                   P 2 N      "&#xD;
Actual    :  "                                   P 2 N      "&#xD;
&#xD;
AtOrAfter&#xD;
Navigation:  "                                      V       "&#xD;
Source    :  " 1 1 1 1 1 1 1 1 1 2 2 2 2 2 2 2 2 2 2 2 2 2 2"&#xD;
Expected  :  "                                     P 2 N    "&#xD;
Actual    :  "                                     P 2 N    "&#xD;
&#xD;
After&#xD;
Navigation:  "                                      V       "&#xD;
Source    :  " 1 1 1 1 1 1 1 1 1 2 2 2 2 2 2 2 2 2 2 2 2 2 2"&#xD;
Expected  :  "                                     P 2 N    "&#xD;
Actual    :  "                                     P 2 N    "&#xD;
&#xD;
Before&#xD;
Navigation:  "                                            V "&#xD;
Source    :  " 1 1 1 1 1 1 1 1 1 2 2 2 2 2 2 2 2 2 2 2 2 2 2"&#xD;
Expected  :  "                                         P 2 N"&#xD;
Actual    :  "                                         P 2 N"&#xD;
&#xD;
AtOrBefore&#xD;
Navigation:  "                                            V "&#xD;
Source    :  " 1 1 1 1 1 1 1 1 1 2 2 2 2 2 2 2 2 2 2 2 2 2 2"&#xD;
Expected  :  "                                         P 2 N"&#xD;
Actual    :  "                                         P 2 N"&#xD;
&#xD;
AtOrAfter&#xD;
Navigation:  "                                            V "&#xD;
Source    :  " 1 1 1 1 1 1 1 1 1 2 2 2 2 2 2 2 2 2 2 2 2 2 2"&#xD;
Expected  :  "                                           P 2"&#xD;
Actual    :  "                                           P 2"&#xD;
&#xD;
After&#xD;
Navigation:  "                                            V "&#xD;
Source    :  " 1 1 1 1 1 1 1 1 1 2 2 2 2 2 2 2 2 2 2 2 2 2 2"&#xD;
Expected  :  "                                           P 2"&#xD;
Actual    :  "                                           P 2"</StdOut>
      </Output>
    </UnitTestResult>
    <UnitTestResult executionId="3e91b059-6a7d-4a22-93c3-6d19162b14da" testId="8cf37d7b-ab2b-9d8b-5903-16a8f3409c01" testName="DriverProxyInstanceManager_AddMultipleHardware_AddedToProxyInstances" computerName="DKSR-EFI-04" duration="00:00:00.0004887" startTime="2023-12-22T09:33:22.1624488+01:00" endTime="2023-12-22T09:33:22.1624488+01:00" testType="13cdc9d9-ddb5-4fa4-a97d-d965ccfc6d4b" outcome="Passed" testListId="8c84fa94-04c1-424b-9868-57a2d4851a1d" relativeResultsDirectory="3e91b059-6a7d-4a22-93c3-6d19162b14da" />
    <UnitTestResult executionId="be71fcbd-1042-4d88-a070-8cae91670acc" testId="0ae84c38-6c56-0abb-ca21-13767ec0403a" testName="ResponseHandler_HandleResponse_FailoverServer_UpdatesRecorder_LocalOnly" computerName="DKSR-EFI-04" duration="00:00:00.0323502" startTime="2023-12-22T09:33:22.5687007+01:00" endTime="2023-12-22T09:33:22.5999535+01:00" testType="13cdc9d9-ddb5-4fa4-a97d-d965ccfc6d4b" outcome="Passed" testListId="8c84fa94-04c1-424b-9868-57a2d4851a1d" relativeResultsDirectory="be71fcbd-1042-4d88-a070-8cae91670acc" />
    <UnitTestResult executionId="22836bfc-ed00-4dce-8674-3d6b1b8a9a96" testId="5bf2d8f9-261a-68f8-0490-6149538c958f" testName="DiffGramToApplyToOrigionalDataSetToMakeItIdenticalWithNewDataSet_FailoverInfo_Modified_Success" computerName="DKSR-EFI-04" duration="00:00:00.0123909" startTime="2023-12-22T09:33:22.0218227+01:00" endTime="2023-12-22T09:33:22.0218227+01:00" testType="13cdc9d9-ddb5-4fa4-a97d-d965ccfc6d4b" outcome="Passed" testListId="8c84fa94-04c1-424b-9868-57a2d4851a1d" relativeResultsDirectory="22836bfc-ed00-4dce-8674-3d6b1b8a9a96" />
    <UnitTestResult executionId="a86b320e-9350-4bbf-8497-1c7198f1b423" testId="8aff4b0c-a4da-b9ed-82cf-c96567a6ad3f" testName="ReapplyHardwareSettingsManager_SetConfiguration_TimeNowAfterTriger_Success" computerName="DKSR-EFI-04" duration="00:00:00.0034939" startTime="2023-12-22T09:33:23.3343295+01:00" endTime="2023-12-22T09:33:23.3499555+01:00" testType="13cdc9d9-ddb5-4fa4-a97d-d965ccfc6d4b" outcome="Passed" testListId="8c84fa94-04c1-424b-9868-57a2d4851a1d" relativeResultsDirectory="a86b320e-9350-4bbf-8497-1c7198f1b423" />
    <UnitTestResult executionId="2af3f284-534f-4522-91b9-34864f034c02" testId="04194e19-3cb7-e946-ac3d-392497c8bd6f" testName="RecorderTaskStopped_InternalStateStopped_ThrowsCommunicationStoppedException" computerName="DKSR-EFI-04" duration="00:00:00.0021640" startTime="2023-12-22T09:33:24.1624595+01:00" endTime="2023-12-22T09:33:24.1624595+01:00" testType="13cdc9d9-ddb5-4fa4-a97d-d965ccfc6d4b" outcome="Passed" testListId="8c84fa94-04c1-424b-9868-57a2d4851a1d" relativeResultsDirectory="2af3f284-534f-4522-91b9-34864f034c02" />
    <UnitTestResult executionId="de449dff-5cd5-4329-84fb-b4c695fc71db" testId="1c852dfa-9b00-fe57-d01d-bc9f5949ae94" testName="SOAPCommandRequestHandler_ExecuteFunction_HandlePTZCenter_NoCenterY" computerName="DKSR-EFI-04" duration="00:00:00.0004719" startTime="2023-12-22T09:33:30.6156140+01:00" endTime="2023-12-22T09:33:30.6312385+01:00" testType="13cdc9d9-ddb5-4fa4-a97d-d965ccfc6d4b" outcome="Passed" testListId="8c84fa94-04c1-424b-9868-57a2d4851a1d" relativeResultsDirectory="de449dff-5cd5-4329-84fb-b4c695fc71db" />
    <UnitTestResult executionId="f694ee3e-022d-4265-bf37-461ccce1d138" testId="98f2e5ed-1941-76bc-7c6c-47f3b873fdb1" testName="SetTransactionId_Works" computerName="DKSR-EFI-04" duration="00:00:00.0003225" startTime="2023-12-22T09:33:32.0062460+01:00" endTime="2023-12-22T09:33:32.0062460+01:00" testType="13cdc9d9-ddb5-4fa4-a97d-d965ccfc6d4b" outcome="Passed" testListId="8c84fa94-04c1-424b-9868-57a2d4851a1d" relativeResultsDirectory="f694ee3e-022d-4265-bf37-461ccce1d138" />
    <UnitTestResult executionId="33f547ca-ff27-423b-a507-9e458812f301" testId="ddf5cc0d-87e0-f6c1-f045-d76e35cb892b" testName="PreferredAddressTable_IsAddressRegistered_Success" computerName="DKSR-EFI-04" duration="00:00:00.0003925" startTime="2023-12-22T09:33:33.8656308+01:00" endTime="2023-12-22T09:33:33.8656308+01:00" testType="13cdc9d9-ddb5-4fa4-a97d-d965ccfc6d4b" outcome="Passed" testListId="8c84fa94-04c1-424b-9868-57a2d4851a1d" relativeResultsDirectory="33f547ca-ff27-423b-a507-9e458812f301" />
    <UnitTestResult executionId="6a9c93b3-ae33-4fcd-a7cd-c67e04d5b579" testId="d48b09cc-b7fc-08ec-0ebf-0631fd2160f8" testName="GetHardwareUsersCommandHandler_Execute_HardwareNotFound_Fails" computerName="DKSR-EFI-04" duration="00:00:00.0006499" startTime="2023-12-22T09:33:47.8031982+01:00" endTime="2023-12-22T09:33:47.8031982+01:00" testType="13cdc9d9-ddb5-4fa4-a97d-d965ccfc6d4b" outcome="Passed" testListId="8c84fa94-04c1-424b-9868-57a2d4851a1d" relativeResultsDirectory="6a9c93b3-ae33-4fcd-a7cd-c67e04d5b579" />
    <UnitTestResult executionId="70fd25d6-409f-4bde-bea3-0e49eb729162" testId="696b05c3-3a26-73f0-0bf8-aa5802818586" testName="FirmwareUpgradeCommandHandler_Execute_FirmwareUpgradeStatus_ThrowsUnsupported_Errors" computerName="DKSR-EFI-04" duration="00:00:00.0014066" startTime="2023-12-22T09:33:47.6469480+01:00" endTime="2023-12-22T09:33:47.6625725+01:00" testType="13cdc9d9-ddb5-4fa4-a97d-d965ccfc6d4b" outcome="Passed" testListId="8c84fa94-04c1-424b-9868-57a2d4851a1d" relativeResultsDirectory="70fd25d6-409f-4bde-bea3-0e49eb729162" />
    <UnitTestResult executionId="5e921809-3d1d-48a0-9cb9-bc5a3898982d" testId="ef1934d2-b3b6-2151-a38b-d7501c51a7d4" testName="RemoveNotExistingRegistrationAllowed" computerName="DKSR-EFI-04" duration="00:00:00.0003085" startTime="2023-12-22T09:33:44.9438114+01:00" endTime="2023-12-22T09:33:44.9438114+01:00" testType="13cdc9d9-ddb5-4fa4-a97d-d965ccfc6d4b" outcome="Passed" testListId="8c84fa94-04c1-424b-9868-57a2d4851a1d" relativeResultsDirectory="5e921809-3d1d-48a0-9cb9-bc5a3898982d" />
    <UnitTestResult executionId="fd7fc3f3-9137-4539-b31f-c28d27b72749" testId="839827ff-4a27-06ff-ccdf-958e7d26c314" testName="FullStatusAlgorithm_EvaluateFullStatusRequired_KeepAlive_Success" computerName="DKSR-EFI-04" duration="00:00:00.0004388" startTime="2023-12-22T09:33:33.6156294+01:00" endTime="2023-12-22T09:33:33.6156294+01:00" testType="13cdc9d9-ddb5-4fa4-a97d-d965ccfc6d4b" outcome="Passed" testListId="8c84fa94-04c1-424b-9868-57a2d4851a1d" relativeResultsDirectory="fd7fc3f3-9137-4539-b31f-c28d27b72749" />
    <UnitTestResult executionId="176cf02e-f31f-4fff-b7bd-f4932fc4c141" testId="141af022-ae5a-b351-b538-6c8ea661e39b" testName="SOAPCommandRequestHandler_ExecuteFunction_HandleMulticastStart_Device_Is_Null" computerName="DKSR-EFI-04" duration="00:00:00.0021388" startTime="2023-12-22T09:33:30.2249885+01:00" endTime="2023-12-22T09:33:30.2249885+01:00" testType="13cdc9d9-ddb5-4fa4-a97d-d965ccfc6d4b" outcome="Passed" testListId="8c84fa94-04c1-424b-9868-57a2d4851a1d" relativeResultsDirectory="176cf02e-f31f-4fff-b7bd-f4932fc4c141" />
    <UnitTestResult executionId="0bc91f60-a16e-44a3-b5e2-bc5a0bbcdbf8" testId="dbd32b7f-641a-46d1-2792-648d5f9fff53" testName="AddHardwareUserCommandHandler_Execute_Success" computerName="DKSR-EFI-04" duration="00:00:00.0110182" startTime="2023-12-22T09:33:45.0219361+01:00" endTime="2023-12-22T09:33:45.0375597+01:00" testType="13cdc9d9-ddb5-4fa4-a97d-d965ccfc6d4b" outcome="Passed" testListId="8c84fa94-04c1-424b-9868-57a2d4851a1d" relativeResultsDirectory="0bc91f60-a16e-44a3-b5e2-bc5a0bbcdbf8" />
    <UnitTestResult executionId="af52a353-b90c-4773-8925-77d2a49fa02b" testId="3bf74b72-629d-bf18-571c-389e0db388bc" testName="EdgeStorageLimitsCheckBandwidthWaitNoLimit" computerName="DKSR-EFI-04" duration="00:00:00.0007344" startTime="2023-12-22T09:33:34.0687582+01:00" endTime="2023-12-22T09:33:34.0687582+01:00" testType="13cdc9d9-ddb5-4fa4-a97d-d965ccfc6d4b" outcome="Passed" testListId="8c84fa94-04c1-424b-9868-57a2d4851a1d" relativeResultsDirectory="af52a353-b90c-4773-8925-77d2a49fa02b" />
    <UnitTestResult executionId="410cc5c6-7c90-4726-8ac4-468160f00fda" testId="a5923c92-92b0-3589-1ffd-8d5625e8f7c8" testName="AddHardwareUserCommandHandler_Execute_HardwareNotEnabled_Errors" computerName="DKSR-EFI-04" duration="00:00:00.0008466" startTime="2023-12-22T09:33:45.0531859+01:00" endTime="2023-12-22T09:33:45.0531859+01:00" testType="13cdc9d9-ddb5-4fa4-a97d-d965ccfc6d4b" outcome="Passed" testListId="8c84fa94-04c1-424b-9868-57a2d4851a1d" relativeResultsDirectory="410cc5c6-7c90-4726-8ac4-468160f00fda" />
    <UnitTestResult executionId="2eb04cc6-2120-4c11-950a-434e6ed668b3" testId="e8a22484-1286-3ab5-eef9-78584f3584c9" testName="PerformFileSystemOperation_ModelIsValid_CommandExecuted" computerName="DKSR-EFI-04" duration="00:00:00.0029988" startTime="2023-12-22T09:33:24.5999634+01:00" endTime="2023-12-22T09:33:24.5999634+01:00" testType="13cdc9d9-ddb5-4fa4-a97d-d965ccfc6d4b" outcome="Passed" testListId="8c84fa94-04c1-424b-9868-57a2d4851a1d" relativeResultsDirectory="2eb04cc6-2120-4c11-950a-434e6ed668b3" />
    <UnitTestResult executionId="256aa157-c7ee-4b4c-9580-12ebdd798dc1" testId="fee89795-4175-c6d2-9287-8735bfb09744" testName="MediaDbCache_SetDiskUsageInformationBank_Set_Twice_Caches_First" computerName="DKSR-EFI-04" duration="00:00:00.0075741" startTime="2023-12-22T09:33:44.5844320+01:00" endTime="2023-12-22T09:33:44.6000572+01:00" testType="13cdc9d9-ddb5-4fa4-a97d-d965ccfc6d4b" outcome="Passed" testListId="8c84fa94-04c1-424b-9868-57a2d4851a1d" relativeResultsDirectory="256aa157-c7ee-4b4c-9580-12ebdd798dc1" />
    <UnitTestResult executionId="3a5dff2e-eed3-4a52-a1f3-f231cd24ab95" testId="9f12dcf4-c1e9-36ea-2ed3-335e9dc2808c" testName="DatabaseoperationCommandhandler_FilterTrackIdsToThoseWithoutMediaOnRecorder_AreAllBanksOnline_Second_time_throws_Exception_Causes_DataExists" computerName="DKSR-EFI-04" duration="00:00:00.0013768" startTime="2023-12-22T09:33:45.5531886+01:00" endTime="2023-12-22T09:33:45.5531886+01:00" testType="13cdc9d9-ddb5-4fa4-a97d-d965ccfc6d4b" outcome="Passed" testListId="8c84fa94-04c1-424b-9868-57a2d4851a1d" relativeResultsDirectory="3a5dff2e-eed3-4a52-a1f3-f231cd24ab95" />
    <UnitTestResult executionId="e8e4a183-3468-486e-a5fc-69e23098f6ff" testId="9fe1fe9c-cbb3-4f36-d0e4-20d8d6fee849" testName="SOAPCommandRequestHandler_ExecuteFunction_HandleMulticastStart_No_Multicast_Address_Available" computerName="DKSR-EFI-04" duration="00:00:00.0030002" startTime="2023-12-22T09:33:30.2249885+01:00" endTime="2023-12-22T09:33:30.2249885+01:00" testType="13cdc9d9-ddb5-4fa4-a97d-d965ccfc6d4b" outcome="Passed" testListId="8c84fa94-04c1-424b-9868-57a2d4851a1d" relativeResultsDirectory="e8e4a183-3468-486e-a5fc-69e23098f6ff" />
    <UnitTestResult executionId="bd0a4abc-c093-42c3-9974-a84353f2ea47" testId="4c34c56c-4207-71fd-96b5-d81d44773773" testName="SOAPCommandRequestHandler_ExecuteFunction_HandlePTZMoveRelative_No_Security" computerName="DKSR-EFI-04" duration="00:00:00.0011373" startTime="2023-12-22T09:33:30.7093647+01:00" endTime="2023-12-22T09:33:30.7093647+01:00" testType="13cdc9d9-ddb5-4fa4-a97d-d965ccfc6d4b" outcome="Passed" testListId="8c84fa94-04c1-424b-9868-57a2d4851a1d" relativeResultsDirectory="bd0a4abc-c093-42c3-9974-a84353f2ea47" />
    <UnitTestResult executionId="5b18ed1d-9203-4b44-9723-14adb559ef33" testId="c48f31d1-d49c-d915-c6b4-205ee053558b" testName="ChangeHardwarePasswordCommandHandler_Execute_ChangePassword_ThrowsUnknownException_Errors" computerName="DKSR-EFI-04" duration="00:00:00.0021166" startTime="2023-12-22T09:33:45.2094350+01:00" endTime="2023-12-22T09:33:45.2094350+01:00" testType="13cdc9d9-ddb5-4fa4-a97d-d965ccfc6d4b" outcome="Passed" testListId="8c84fa94-04c1-424b-9868-57a2d4851a1d" relativeResultsDirectory="5b18ed1d-9203-4b44-9723-14adb559ef33" />
    <UnitTestResult executionId="f4f362be-8197-48a8-97f5-a5f8fd603f76" testId="f9fa6136-beb5-497d-731c-1e5e5d405870" testName="DeleteHardwareUserCommandHandler_Execute_UserHandlingUnsupported_Error" computerName="DKSR-EFI-04" duration="00:00:00.0008333" startTime="2023-12-22T09:33:45.9594395+01:00" endTime="2023-12-22T09:33:45.9594395+01:00" testType="13cdc9d9-ddb5-4fa4-a97d-d965ccfc6d4b" outcome="Passed" testListId="8c84fa94-04c1-424b-9868-57a2d4851a1d" relativeResultsDirectory="f4f362be-8197-48a8-97f5-a5f8fd603f76" />
    <UnitTestResult executionId="ca494a1a-d812-4369-8985-f01d6ac8b20e" testId="ef59d40b-5543-ffd1-2a2d-387acc978edf" testName="SOAPCommandRequestHandler_ExecuteFunction_HandleSequencesGetAround_NoMaxCountAfter" computerName="DKSR-EFI-04" duration="00:00:00.0010539" startTime="2023-12-22T09:33:29.8343605+01:00" endTime="2023-12-22T09:33:29.8343605+01:00" testType="13cdc9d9-ddb5-4fa4-a97d-d965ccfc6d4b" outcome="Passed" testListId="8c84fa94-04c1-424b-9868-57a2d4851a1d" relativeResultsDirectory="ca494a1a-d812-4369-8985-f01d6ac8b20e" />
    <UnitTestResult executionId="55b8a3f9-7d23-40f2-982b-e41ef96b588c" testId="62c62504-172a-2557-6de5-15de32bcc5e8" testName="CollectMediaStatusCommandHandler_Clone" computerName="DKSR-EFI-04" duration="00:00:00.0054894" startTime="2023-12-22T09:33:45.4125630+01:00" endTime="2023-12-22T09:33:45.4125630+01:00" testType="13cdc9d9-ddb5-4fa4-a97d-d965ccfc6d4b" outcome="Passed" testListId="8c84fa94-04c1-424b-9868-57a2d4851a1d" relativeResultsDirectory="55b8a3f9-7d23-40f2-982b-e41ef96b588c" />
    <UnitTestResult executionId="c3d746e2-f298-4091-85bf-7b6f3427ebe3" testId="0dc12bef-9407-d7cf-2d0b-a4bbf0903c96" testName="RecorderAttach_ModelIsValid_CommandExecuted" computerName="DKSR-EFI-04" duration="00:00:00.0008353" startTime="2023-12-22T09:33:24.6155847+01:00" endTime="2023-12-22T09:33:24.6155847+01:00" testType="13cdc9d9-ddb5-4fa4-a97d-d965ccfc6d4b" outcome="Passed" testListId="8c84fa94-04c1-424b-9868-57a2d4851a1d" relativeResultsDirectory="c3d746e2-f298-4091-85bf-7b6f3427ebe3" />
    <UnitTestResult executionId="b1d49048-55af-4618-84e3-1a400082991e" testId="25d02e8c-16f7-e9f4-478b-305fb020ef3e" testName="FirmwareUpgradeCommandHandler_Execute_FirmwareUpgradeStatus_ThrowsAlreadyRunning_Errors" computerName="DKSR-EFI-04" duration="00:00:00.0012577" startTime="2023-12-22T09:33:47.6469480+01:00" endTime="2023-12-22T09:33:47.6469480+01:00" testType="13cdc9d9-ddb5-4fa4-a97d-d965ccfc6d4b" outcome="Passed" testListId="8c84fa94-04c1-424b-9868-57a2d4851a1d" relativeResultsDirectory="b1d49048-55af-4618-84e3-1a400082991e" />
    <UnitTestResult executionId="12a5ffc4-30bb-4873-bb0e-c057b14ff7dd" testId="29d604d1-f3c0-49b5-03f5-cf1ef5077225" testName="SetupInitialHardwareUserCommandHandler_Execute_SetupUser_ThrowsUserHandlingUserNameTooLongtrError_Errors" computerName="DKSR-EFI-04" duration="00:00:00.0008323" startTime="2023-12-22T09:33:51.0219633+01:00" endTime="2023-12-22T09:33:51.0219633+01:00" testType="13cdc9d9-ddb5-4fa4-a97d-d965ccfc6d4b" outcome="Passed" testListId="8c84fa94-04c1-424b-9868-57a2d4851a1d" relativeResultsDirectory="12a5ffc4-30bb-4873-bb0e-c057b14ff7dd" />
    <UnitTestResult executionId="8ff8df10-0426-4e12-9c02-8e8ffe0bfa9d" testId="7bdeb1e0-7261-55ac-818f-aa363b294229" testName="SmartSearchHandlerSimpleBackwardTestAllHits" computerName="DKSR-EFI-04" duration="00:00:00.0044372" startTime="2023-12-22T09:33:32.0843714+01:00" endTime="2023-12-22T09:33:32.0999963+01:00" testType="13cdc9d9-ddb5-4fa4-a97d-d965ccfc6d4b" outcome="Passed" testListId="8c84fa94-04c1-424b-9868-57a2d4851a1d" relativeResultsDirectory="8ff8df10-0426-4e12-9c02-8e8ffe0bfa9d" />
    <UnitTestResult executionId="0cb62a30-8c5d-430f-866f-fb2fefc3034f" testId="761013b5-b9e0-c937-44c7-284fa21bfd8b" testName="ReapplySettings_ApplyAllHardwareAndDeviceSettings_Failed" computerName="DKSR-EFI-04" duration="00:00:00.0801617" startTime="2023-12-22T09:33:50.7719632+01:00" endTime="2023-12-22T09:33:50.8500884+01:00" testType="13cdc9d9-ddb5-4fa4-a97d-d965ccfc6d4b" outcome="Passed" testListId="8c84fa94-04c1-424b-9868-57a2d4851a1d" relativeResultsDirectory="0cb62a30-8c5d-430f-866f-fb2fefc3034f" />
    <UnitTestResult executionId="32943901-3833-4f4b-9f0c-1aa4ef99e5c2" testId="08c2d5c1-c372-09e8-b62e-a390bc297e98" testName="FailoverMediaMover_MoveMediaDataHere_Storage_Offline_2nd_Time_Tables_Not_Touched" computerName="DKSR-EFI-04" duration="00:00:00.0071158" startTime="2023-12-22T09:33:22.9280792+01:00" endTime="2023-12-22T09:33:22.9437007+01:00" testType="13cdc9d9-ddb5-4fa4-a97d-d965ccfc6d4b" outcome="Passed" testListId="8c84fa94-04c1-424b-9868-57a2d4851a1d" relativeResultsDirectory="32943901-3833-4f4b-9f0c-1aa4ef99e5c2" />
    <UnitTestResult executionId="f2d8a064-e217-4d1c-b502-c6ee7b0b8bf2" testId="19a93024-d0c9-211c-e796-9e20e5ddea46" testName="ConnectSuccess_PrevSeq_Exception" computerName="DKSR-EFI-04" duration="00:00:00.0028310" startTime="2023-12-22T09:33:27.8499763+01:00" endTime="2023-12-22T09:33:27.8499763+01:00" testType="13cdc9d9-ddb5-4fa4-a97d-d965ccfc6d4b" outcome="Passed" testListId="8c84fa94-04c1-424b-9868-57a2d4851a1d" relativeResultsDirectory="f2d8a064-e217-4d1c-b502-c6ee7b0b8bf2" />
    <UnitTestResult executionId="80751e4e-7de3-43c6-8ed3-504843c1f7e7" testId="1e4f0be7-69b3-a33c-575a-f290addba671" testName="SmartSearchHandlerForwardTestDataWithMotionOnlyIgnoreFirstHit" computerName="DKSR-EFI-04" duration="00:00:00.0016110" startTime="2023-12-22T09:33:32.1468735+01:00" endTime="2023-12-22T09:33:32.1468735+01:00" testType="13cdc9d9-ddb5-4fa4-a97d-d965ccfc6d4b" outcome="Passed" testListId="8c84fa94-04c1-424b-9868-57a2d4851a1d" relativeResultsDirectory="80751e4e-7de3-43c6-8ed3-504843c1f7e7" />
    <UnitTestResult executionId="cac5c468-bf9b-4689-98d2-acd33f42d4a0" testId="6df90a90-c0c6-6730-558b-7cd6b1287bdd" testName="PtzManager_SetConfiguration_OutOfMemoryException" computerName="DKSR-EFI-04" duration="00:00:00.0026096" startTime="2023-12-22T09:33:51.9125937+01:00" endTime="2023-12-22T09:33:51.9282183+01:00" testType="13cdc9d9-ddb5-4fa4-a97d-d965ccfc6d4b" outcome="Passed" testListId="8c84fa94-04c1-424b-9868-57a2d4851a1d" relativeResultsDirectory="cac5c468-bf9b-4689-98d2-acd33f42d4a0" />
    <UnitTestResult executionId="d936c4e7-e950-4b47-a2a6-8d380c15a624" testId="d65ad4a0-099c-7bd2-65ed-8047fa6d2e1d" testName="EnhanceSettings_NullPrivacyMask" computerName="DKSR-EFI-04" duration="00:00:00.0004652" startTime="2023-12-22T09:33:33.5687554+01:00" endTime="2023-12-22T09:33:33.5687554+01:00" testType="13cdc9d9-ddb5-4fa4-a97d-d965ccfc6d4b" outcome="Passed" testListId="8c84fa94-04c1-424b-9868-57a2d4851a1d" relativeResultsDirectory="d936c4e7-e950-4b47-a2a6-8d380c15a624" />
    <UnitTestResult executionId="b8bff0b4-6be9-42ec-a4e0-c0b7e55e4df4" testId="72147b58-f3eb-9e80-e62d-f3b068b322be" testName="PtzManager_ForceReleaseLockedSessionFromExtension_Controller_Not_Found" computerName="DKSR-EFI-04" duration="00:00:00.0009586" startTime="2023-12-22T09:33:52.1157211+01:00" endTime="2023-12-22T09:33:52.1157211+01:00" testType="13cdc9d9-ddb5-4fa4-a97d-d965ccfc6d4b" outcome="Passed" testListId="8c84fa94-04c1-424b-9868-57a2d4851a1d" relativeResultsDirectory="b8bff0b4-6be9-42ec-a4e0-c0b7e55e4df4" />
    <UnitTestResult executionId="49925550-8a12-429b-b0c6-99c9c453bdd0" testId="9daadc09-6923-50c6-5775-ef427c942571" testName="SOAPCommandRequestHandler_ExecuteFunction_HandleStopManualRecording_NoDeviceIds" computerName="DKSR-EFI-04" duration="00:00:00.0021437" startTime="2023-12-22T09:33:30.4124899+01:00" endTime="2023-12-22T09:33:30.4124899+01:00" testType="13cdc9d9-ddb5-4fa4-a97d-d965ccfc6d4b" outcome="Passed" testListId="8c84fa94-04c1-424b-9868-57a2d4851a1d" relativeResultsDirectory="49925550-8a12-429b-b0c6-99c9c453bdd0" />
    <UnitTestResult executionId="93f38aee-5157-446b-a494-4966dfc9a21e" testId="160fbaa3-0021-df4a-0cff-75f52c7e6902" testName="SOAPCommandRequestHandler_ExecuteFunction_HandlePTZRectangle_Top_Not_Double" computerName="DKSR-EFI-04" duration="00:00:00.0008532" startTime="2023-12-22T09:33:30.7874897+01:00" endTime="2023-12-22T09:33:30.7874897+01:00" testType="13cdc9d9-ddb5-4fa4-a97d-d965ccfc6d4b" outcome="Passed" testListId="8c84fa94-04c1-424b-9868-57a2d4851a1d" relativeResultsDirectory="93f38aee-5157-446b-a494-4966dfc9a21e" />
    <UnitTestResult executionId="746bde6f-c9fd-4736-8638-36c02ec47148" testId="99715795-fe07-63f7-96e6-b7d70cc585d2" testName="CheckExternalRecorderRegistrationCommandHandler_Execute_HardwareId_Empty_Throws" computerName="DKSR-EFI-04" duration="00:00:00.0010465" startTime="2023-12-22T09:33:45.2875609+01:00" endTime="2023-12-22T09:33:45.3031863+01:00" testType="13cdc9d9-ddb5-4fa4-a97d-d965ccfc6d4b" outcome="Passed" testListId="8c84fa94-04c1-424b-9868-57a2d4851a1d" relativeResultsDirectory="746bde6f-c9fd-4736-8638-36c02ec47148">
      <Output>
        <StdOut>Debug Trace:&#xD;
Fail: Hardware ID cannot be empty.</StdOut>
      </Output>
    </UnitTestResult>
    <UnitTestResult executionId="da1b9169-d3b4-4dac-9079-15ff92f7a4eb" testId="9c45b0c8-12b8-8fcf-083e-1340d17c7f0f" testName="PtzReleaseSessionCommandHandler_Execute_PtzException_DeviceNotFound" computerName="DKSR-EFI-04" duration="00:00:00.0004484" startTime="2023-12-22T09:33:50.3032110+01:00" endTime="2023-12-22T09:33:50.3032110+01:00" testType="13cdc9d9-ddb5-4fa4-a97d-d965ccfc6d4b" outcome="Passed" testListId="8c84fa94-04c1-424b-9868-57a2d4851a1d" relativeResultsDirectory="da1b9169-d3b4-4dac-9079-15ff92f7a4eb" />
    <UnitTestResult executionId="a16865b0-90cc-42ad-807a-574e8db5059f" testId="f9889f33-f105-1ec7-62b6-5f021e7834d3" testName="UpdateHardwareCommandHandler_SetXmlCache_Success" computerName="DKSR-EFI-04" duration="00:00:00.0038200" startTime="2023-12-22T09:33:51.0688393+01:00" endTime="2023-12-22T09:33:51.0844624+01:00" testType="13cdc9d9-ddb5-4fa4-a97d-d965ccfc6d4b" outcome="Passed" testListId="8c84fa94-04c1-424b-9868-57a2d4851a1d" relativeResultsDirectory="a16865b0-90cc-42ad-807a-574e8db5059f" />
    <UnitTestResult executionId="cfa75288-16ab-439c-a9c6-54662d486b9a" testId="6c6a5b51-c931-7315-893f-b5965b12afd9" testName="SOAPCommandRequestHandler_ExecuteFunction_HandleSmartSearchStart_NoIgnoreInitialMotion" computerName="DKSR-EFI-04" duration="00:00:00.0032951" startTime="2023-12-22T09:33:30.0843605+01:00" endTime="2023-12-22T09:33:30.0843605+01:00" testType="13cdc9d9-ddb5-4fa4-a97d-d965ccfc6d4b" outcome="Passed" testListId="8c84fa94-04c1-424b-9868-57a2d4851a1d" relativeResultsDirectory="cfa75288-16ab-439c-a9c6-54662d486b9a" />
    <UnitTestResult executionId="9f853a07-59ff-4441-9c7b-a9938e501da8" testId="a009b559-c217-c582-8843-2e82f17d8aa6" testName="PtzDefaultSession_Constructor_Success" computerName="DKSR-EFI-04" duration="00:00:00.0003619" startTime="2023-12-22T09:33:52.2094706+01:00" endTime="2023-12-22T09:33:52.2094706+01:00" testType="13cdc9d9-ddb5-4fa4-a97d-d965ccfc6d4b" outcome="Passed" testListId="8c84fa94-04c1-424b-9868-57a2d4851a1d" relativeResultsDirectory="9f853a07-59ff-4441-9c7b-a9938e501da8" />
    <UnitTestResult executionId="8eaf27aa-0b7e-4472-9c6c-2849b1f505a8" testId="a58d2151-c40f-b31b-6cf5-e8280bd8e1c5" testName="ResponseController_SuccessResponseNullInput_BadRequestResult" computerName="DKSR-EFI-04" duration="00:00:00.0020691" startTime="2023-12-22T09:33:24.6468355+01:00" endTime="2023-12-22T09:33:24.6468355+01:00" testType="13cdc9d9-ddb5-4fa4-a97d-d965ccfc6d4b" outcome="Passed" testListId="8c84fa94-04c1-424b-9868-57a2d4851a1d" relativeResultsDirectory="8eaf27aa-0b7e-4472-9c6c-2849b1f505a8" />
    <UnitTestResult executionId="4438d6f5-15e1-49bf-8734-193937606598" testId="e30df008-a37e-40fd-4f90-7feecab7bc63" testName="AudioMessageManager_PlayAudioMessage_ArgumentNullException" computerName="DKSR-EFI-04" duration="00:00:00.0008711" startTime="2023-12-22T09:33:52.3813452+01:00" endTime="2023-12-22T09:33:52.3813452+01:00" testType="13cdc9d9-ddb5-4fa4-a97d-d965ccfc6d4b" outcome="Passed" testListId="8c84fa94-04c1-424b-9868-57a2d4851a1d" relativeResultsDirectory="4438d6f5-15e1-49bf-8734-193937606598" />
    <UnitTestResult executionId="48381a6f-20e7-4474-a7b8-69726d4afe54" testId="8ef7a167-17f3-011f-c576-97727b4fc446" testName="SOAPCommandRequestHandler_ExecuteFunction_HandlePTZRectangle_NoTop" computerName="DKSR-EFI-04" duration="00:00:00.0008972" startTime="2023-12-22T09:33:30.7874897+01:00" endTime="2023-12-22T09:33:30.7874897+01:00" testType="13cdc9d9-ddb5-4fa4-a97d-d965ccfc6d4b" outcome="Passed" testListId="8c84fa94-04c1-424b-9868-57a2d4851a1d" relativeResultsDirectory="48381a6f-20e7-4474-a7b8-69726d4afe54" />
    <UnitTestResult executionId="def1bdb5-364d-426c-b4a7-a9c619b41f7d" testId="f3b1809e-1619-85f3-0ae7-a527d75ebf27" testName="ConnectSuccess_PrevException" computerName="DKSR-EFI-04" duration="00:00:00.0029238" startTime="2023-12-22T09:33:27.7249757+01:00" endTime="2023-12-22T09:33:27.7249757+01:00" testType="13cdc9d9-ddb5-4fa4-a97d-d965ccfc6d4b" outcome="Passed" testListId="8c84fa94-04c1-424b-9868-57a2d4851a1d" relativeResultsDirectory="def1bdb5-364d-426c-b4a7-a9c619b41f7d" />
    <UnitTestResult executionId="df68cd2f-6bfa-4ff3-9922-1a6db6753b0f" testId="e20f75e9-b94a-a7b7-b4a5-b01aab2ffc9e" testName="AddHardwareUserCommandHandler_Execute_HardwareNotStarted_Errors" computerName="DKSR-EFI-04" duration="00:00:00.0007216" startTime="2023-12-22T09:33:45.0375597+01:00" endTime="2023-12-22T09:33:45.0375597+01:00" testType="13cdc9d9-ddb5-4fa4-a97d-d965ccfc6d4b" outcome="Passed" testListId="8c84fa94-04c1-424b-9868-57a2d4851a1d" relativeResultsDirectory="df68cd2f-6bfa-4ff3-9922-1a6db6753b0f" />
    <UnitTestResult executionId="890bcda5-fcc8-41f5-acff-d9a22c2fc191" testId="3ebdfff6-57b7-959a-951a-ffe007e8e4ae" testName="SOAPCommandRequestHandler_ExecuteFunction_HandleStartManualRecording_NoDeviceIds" computerName="DKSR-EFI-04" duration="00:00:00.0022151" startTime="2023-12-22T09:33:30.3187415+01:00" endTime="2023-12-22T09:33:30.3187415+01:00" testType="13cdc9d9-ddb5-4fa4-a97d-d965ccfc6d4b" outcome="Passed" testListId="8c84fa94-04c1-424b-9868-57a2d4851a1d" relativeResultsDirectory="890bcda5-fcc8-41f5-acff-d9a22c2fc191" />
    <UnitTestResult executionId="ebd3ad25-4542-40d0-99d5-1a4be0811982" testId="3f274ba1-8989-dbb9-a238-0d6fba10e7e2" testName="TimeRangeConversionRangesMatchStartAndEndTimeInside" computerName="DKSR-EFI-04" duration="00:00:00.0006717" startTime="2023-12-22T09:33:44.3656806+01:00" endTime="2023-12-22T09:33:44.3656806+01:00" testType="13cdc9d9-ddb5-4fa4-a97d-d965ccfc6d4b" outcome="Passed" testListId="8c84fa94-04c1-424b-9868-57a2d4851a1d" relativeResultsDirectory="ebd3ad25-4542-40d0-99d5-1a4be0811982" />
    <UnitTestResult executionId="6fadfd8f-2b49-46af-a99e-f247ff245dce" testId="8ea84488-3c73-0539-a689-69c3ff91d40d" testName="MediaDbCache_GetListFileSystemDiskUsage_Nothing_Cached" computerName="DKSR-EFI-04" duration="00:00:00.0014301" startTime="2023-12-22T09:33:44.7250587+01:00" endTime="2023-12-22T09:33:44.7250587+01:00" testType="13cdc9d9-ddb5-4fa4-a97d-d965ccfc6d4b" outcome="Passed" testListId="8c84fa94-04c1-424b-9868-57a2d4851a1d" relativeResultsDirectory="6fadfd8f-2b49-46af-a99e-f247ff245dce" />
    <UnitTestResult executionId="197b18a1-5b96-4b03-8cc4-5d9c4ee092a6" testId="9935b203-8fd7-957a-4f23-5f36f1e97bed" testName="ResponseController_ValidExceptionResponse_ValidExceptionResponseCalledOnCommManager" computerName="DKSR-EFI-04" duration="00:00:00.0015289" startTime="2023-12-22T09:33:24.6780873+01:00" endTime="2023-12-22T09:33:24.6937114+01:00" testType="13cdc9d9-ddb5-4fa4-a97d-d965ccfc6d4b" outcome="Passed" testListId="8c84fa94-04c1-424b-9868-57a2d4851a1d" relativeResultsDirectory="197b18a1-5b96-4b03-8cc4-5d9c4ee092a6" />
    <UnitTestResult executionId="c20c68d0-e4d6-425d-84b9-95d7e799288b" testId="5452fb0d-baa3-2633-b1f5-73b1c7fb2b59" testName="UpdateHardwareStateTrue_StartHardware_EngineNotStarted_HardwareNotStarting" computerName="DKSR-EFI-04" duration="00:00:00.0055940" startTime="2023-12-22T09:33:51.0844624+01:00" endTime="2023-12-22T09:33:51.0844624+01:00" testType="13cdc9d9-ddb5-4fa4-a97d-d965ccfc6d4b" outcome="Passed" testListId="8c84fa94-04c1-424b-9868-57a2d4851a1d" relativeResultsDirectory="c20c68d0-e4d6-425d-84b9-95d7e799288b" />
    <UnitTestResult executionId="ddc34fd5-3a15-4b3f-b43f-3659aea300a0" testId="9e946e1a-69e1-5173-befa-827104fe6bea" testName="PtzManager_SetConfiguration_Unknown_Exception" computerName="DKSR-EFI-04" duration="00:00:00.0074424" startTime="2023-12-22T09:33:51.9125937+01:00" endTime="2023-12-22T09:33:51.9125937+01:00" testType="13cdc9d9-ddb5-4fa4-a97d-d965ccfc6d4b" outcome="Passed" testListId="8c84fa94-04c1-424b-9868-57a2d4851a1d" relativeResultsDirectory="ddc34fd5-3a15-4b3f-b43f-3659aea300a0" />
    <UnitTestResult executionId="2dbbd85b-94b4-44c2-9052-b204069dfdf4" testId="b5e3cbe5-5134-927e-0d1c-d540129332b5" testName="EnhanceSettings_SunnyDay_MergeSettingsWithMask" computerName="DKSR-EFI-04" duration="00:00:00.0046685" startTime="2023-12-22T09:33:33.5687554+01:00" endTime="2023-12-22T09:33:33.5843788+01:00" testType="13cdc9d9-ddb5-4fa4-a97d-d965ccfc6d4b" outcome="Passed" testListId="8c84fa94-04c1-424b-9868-57a2d4851a1d" relativeResultsDirectory="2dbbd85b-94b4-44c2-9052-b204069dfdf4" />
    <UnitTestResult executionId="d8533bcc-ac35-413b-8e3e-67b24cf16f4b" testId="f9197a69-e84f-037c-2da4-4124797622dc" testName="GetNetworkConfigurationCommandHandler_Execute_Success" computerName="DKSR-EFI-04" duration="00:00:00.0295228" startTime="2023-12-22T09:33:47.8813253+01:00" endTime="2023-12-22T09:33:47.9125734+01:00" testType="13cdc9d9-ddb5-4fa4-a97d-d965ccfc6d4b" outcome="Passed" testListId="8c84fa94-04c1-424b-9868-57a2d4851a1d" relativeResultsDirectory="d8533bcc-ac35-413b-8e3e-67b24cf16f4b" />
    <UnitTestResult executionId="69b55910-9a74-425a-9b56-ae8981b98e34" testId="49a33775-4c3e-518a-bc50-c8a56189692b" testName="MediaDbCache_SetListFileSystemDiskUsage_Path_Null_ArgumentNullException" computerName="DKSR-EFI-04" duration="00:00:00.0165780" startTime="2023-12-22T09:33:44.6938088+01:00" endTime="2023-12-22T09:33:44.7094338+01:00" testType="13cdc9d9-ddb5-4fa4-a97d-d965ccfc6d4b" outcome="Passed" testListId="8c84fa94-04c1-424b-9868-57a2d4851a1d" relativeResultsDirectory="69b55910-9a74-425a-9b56-ae8981b98e34">
      <Output>
        <StdOut>Debug Trace:&#xD;
Fail: Argument null.</StdOut>
      </Output>
    </UnitTestResult>
    <UnitTestResult executionId="33d6b0d7-d576-490b-9f75-8398fc5fa9ee" testId="26a4e123-0319-8283-49fd-7d8a635693ce" testName="TimeRangeConversionRangeBeforeStartTime" computerName="DKSR-EFI-04" duration="00:00:00.0011142" startTime="2023-12-22T09:33:44.4281837+01:00" endTime="2023-12-22T09:33:44.4281837+01:00" testType="13cdc9d9-ddb5-4fa4-a97d-d965ccfc6d4b" outcome="Passed" testListId="8c84fa94-04c1-424b-9868-57a2d4851a1d" relativeResultsDirectory="33d6b0d7-d576-490b-9f75-8398fc5fa9ee">
      <Output>
        <StdOut>Debug Trace:&#xD;
Fail: Ranges contains invalid elements</StdOut>
      </Output>
    </UnitTestResult>
    <UnitTestResult executionId="3350ef0c-b730-435f-94bf-ec8cc0eaa657" testId="863ca22f-d50c-fc54-fb74-a5af393f6244" testName="PtzManager_StartPatrolling_Success" computerName="DKSR-EFI-04" duration="00:00:00.0025196" startTime="2023-12-22T09:33:51.9907197+01:00" endTime="2023-12-22T09:33:51.9907197+01:00" testType="13cdc9d9-ddb5-4fa4-a97d-d965ccfc6d4b" outcome="Passed" testListId="8c84fa94-04c1-424b-9868-57a2d4851a1d" relativeResultsDirectory="3350ef0c-b730-435f-94bf-ec8cc0eaa657" />
    <UnitTestResult executionId="8937380a-f3b6-4204-b25e-f397c142aed8" testId="b210d3c8-e939-8b37-3853-3d2090da2b35" testName="CheckExternalRecorderRegistrationCommandHandler_Execute_ExternalRecorder_NotRegistered_FalseResponse" computerName="DKSR-EFI-04" duration="00:00:00.0007354" startTime="2023-12-22T09:33:45.3031863+01:00" endTime="2023-12-22T09:33:45.3031863+01:00" testType="13cdc9d9-ddb5-4fa4-a97d-d965ccfc6d4b" outcome="Passed" testListId="8c84fa94-04c1-424b-9868-57a2d4851a1d" relativeResultsDirectory="8937380a-f3b6-4204-b25e-f397c142aed8" />
    <UnitTestResult executionId="74abda14-2d9f-40c1-a4bd-6b2d085b37d3" testId="58c0e627-0e7a-25f9-e33a-982a27d9ab27" testName="HandleRequest_Json_WrongPath_404NotFound" computerName="DKSR-EFI-04" duration="00:00:00.2058692" startTime="2023-12-22T09:33:24.7562137+01:00" endTime="2023-12-22T09:33:24.9593368+01:00" testType="13cdc9d9-ddb5-4fa4-a97d-d965ccfc6d4b" outcome="Passed" testListId="8c84fa94-04c1-424b-9868-57a2d4851a1d" relativeResultsDirectory="74abda14-2d9f-40c1-a4bd-6b2d085b37d3" />
    <UnitTestResult executionId="f91efab2-f4a1-433d-8c5e-6d4244db419f" testId="a829883c-6278-e6e6-96ba-9208e8a0e9f5" testName="GetRecorderTasks_InternalStateStopped_ThrowsCommunicationStoppedException" computerName="DKSR-EFI-04" duration="00:00:00.0039853" startTime="2023-12-22T09:33:24.0530848+01:00" endTime="2023-12-22T09:33:24.0530848+01:00" testType="13cdc9d9-ddb5-4fa4-a97d-d965ccfc6d4b" outcome="Passed" testListId="8c84fa94-04c1-424b-9868-57a2d4851a1d" relativeResultsDirectory="f91efab2-f4a1-433d-8c5e-6d4244db419f" />
    <UnitTestResult executionId="88ef42d3-99dd-4caf-9c0d-c74b7bf131f8" testId="9b14ca91-25cd-257b-17f2-e1b151f28db5" testName="SOAPCommandRequestHandler_ExecuteFunction_HandleMulticastContinue_Success" computerName="DKSR-EFI-04" duration="00:00:00.0033843" startTime="2023-12-22T09:33:30.2562366+01:00" endTime="2023-12-22T09:33:30.2562366+01:00" testType="13cdc9d9-ddb5-4fa4-a97d-d965ccfc6d4b" outcome="Passed" testListId="8c84fa94-04c1-424b-9868-57a2d4851a1d" relativeResultsDirectory="88ef42d3-99dd-4caf-9c0d-c74b7bf131f8" />
    <UnitTestResult executionId="63aa2829-5e66-4aa7-b5a5-d6bf556b6ad8" testId="eb493014-02a6-da2e-58d7-31f2c81c0ad3" testName="DatabaseoperationCommandhandler_VerifyStorageAndArchiveOnline_DeviceStorage_Offline" computerName="DKSR-EFI-04" duration="00:00:00.0006974" startTime="2023-12-22T09:33:45.6313142+01:00" endTime="2023-12-22T09:33:45.6313142+01:00" testType="13cdc9d9-ddb5-4fa4-a97d-d965ccfc6d4b" outcome="Passed" testListId="8c84fa94-04c1-424b-9868-57a2d4851a1d" relativeResultsDirectory="63aa2829-5e66-4aa7-b5a5-d6bf556b6ad8" />
    <UnitTestResult executionId="f58d31fd-5a58-4d9e-87e9-896e64b6220e" testId="b81c78f1-2943-52ae-bba0-e97adee8bcf0" testName="GetSettingAsInt16_Success" computerName="DKSR-EFI-04" duration="00:00:00.0034151" startTime="2023-12-22T09:33:33.8343824+01:00" endTime="2023-12-22T09:33:33.8500058+01:00" testType="13cdc9d9-ddb5-4fa4-a97d-d965ccfc6d4b" outcome="Passed" testListId="8c84fa94-04c1-424b-9868-57a2d4851a1d" relativeResultsDirectory="f58d31fd-5a58-4d9e-87e9-896e64b6220e" />
    <UnitTestResult executionId="780444ca-4bd4-4d84-8f59-315f60e3069f" testId="2b2fb9ee-0ea5-1a6a-c95a-afe700fc4870" testName="IsInRange_ShouldReturnFalse_WhenAddressHasIncorrectFormat" computerName="DKSR-EFI-04" duration="00:00:00.0002127" startTime="2023-12-22T09:33:44.3031837+01:00" endTime="2023-12-22T09:33:44.3031837+01:00" testType="13cdc9d9-ddb5-4fa4-a97d-d965ccfc6d4b" outcome="Passed" testListId="8c84fa94-04c1-424b-9868-57a2d4851a1d" relativeResultsDirectory="780444ca-4bd4-4d84-8f59-315f60e3069f" />
    <UnitTestResult executionId="61251018-690b-482b-86f1-c3e32ece8677" testId="a82568a0-3ce6-77da-6610-0e44151e4804" testName="AddHardwareUserCommandHandler_Execute_HardwareIsReadOnly_Errors" computerName="DKSR-EFI-04" duration="00:00:00.0006606" startTime="2023-12-22T09:33:45.0531859+01:00" endTime="2023-12-22T09:33:45.0531859+01:00" testType="13cdc9d9-ddb5-4fa4-a97d-d965ccfc6d4b" outcome="Passed" testListId="8c84fa94-04c1-424b-9868-57a2d4851a1d" relativeResultsDirectory="61251018-690b-482b-86f1-c3e32ece8677" />
    <UnitTestResult executionId="3ea29d34-8e2d-4df1-8042-916da8ec27be" testId="1c8c8ddd-1d9c-4a38-ce08-4a41bdee36e6" testName="CheckMediaDbEventMapping" computerName="DKSR-EFI-04" duration="00:00:00.0023767" startTime="2023-12-22T09:33:32.7406258+01:00" endTime="2023-12-22T09:33:32.7406258+01:00" testType="13cdc9d9-ddb5-4fa4-a97d-d965ccfc6d4b" outcome="Passed" testListId="8c84fa94-04c1-424b-9868-57a2d4851a1d" relativeResultsDirectory="3ea29d34-8e2d-4df1-8042-916da8ec27be" />
    <UnitTestResult executionId="ce67ddd0-a604-4259-942f-10ed9e1b0f7c" testId="77c4e593-b921-67b8-0a79-6e7081aa7cbc" testName="RepairInfo_ParseRepairInfoXml_ValidXml_NotRepairing" computerName="DKSR-EFI-04" duration="00:00:00.0012800" startTime="2023-12-22T09:33:44.9750612+01:00" endTime="2023-12-22T09:33:44.9750612+01:00" testType="13cdc9d9-ddb5-4fa4-a97d-d965ccfc6d4b" outcome="Passed" testListId="8c84fa94-04c1-424b-9868-57a2d4851a1d" relativeResultsDirectory="ce67ddd0-a604-4259-942f-10ed9e1b0f7c" />
    <UnitTestResult executionId="8f618781-1bda-4853-8757-f7cbb4c5ca43" testId="54f0df91-4845-dc31-dc51-d2598c0a4e4a" testName="AddStatus_SendsCombinedStatus_OnMultipleStatusCallsBeforeRecorderConnected" computerName="DKSR-EFI-04" duration="00:00:00.0006405" startTime="2023-12-22T09:33:23.3968306+01:00" endTime="2023-12-22T09:33:23.4124593+01:00" testType="13cdc9d9-ddb5-4fa4-a97d-d965ccfc6d4b" outcome="Passed" testListId="8c84fa94-04c1-424b-9868-57a2d4851a1d" relativeResultsDirectory="8f618781-1bda-4853-8757-f7cbb4c5ca43" />
    <UnitTestResult executionId="96525dc5-8c1b-409f-b183-0f98acb65efa" testId="4ba37807-b858-01d5-a78a-d58c5dee0792" testName="ChangeConfigLinksRemovedWhileRecordingCamera" computerName="DKSR-EFI-04" duration="00:00:00.0008993" startTime="2023-12-22T09:33:33.3500068+01:00" endTime="2023-12-22T09:33:33.3500068+01:00" testType="13cdc9d9-ddb5-4fa4-a97d-d965ccfc6d4b" outcome="Passed" testListId="8c84fa94-04c1-424b-9868-57a2d4851a1d" relativeResultsDirectory="96525dc5-8c1b-409f-b183-0f98acb65efa" />
    <UnitTestResult executionId="8c3c5972-eb9a-4465-8fa3-9b8054f6cc67" testId="004f8d00-7021-c1c4-369e-225487d1b121" testName="TimeRangeConversionMinRangeAndTimeResolutionEdges" computerName="DKSR-EFI-04" duration="00:00:00.0005798" startTime="2023-12-22T09:33:44.3813087+01:00" endTime="2023-12-22T09:33:44.3969329+01:00" testType="13cdc9d9-ddb5-4fa4-a97d-d965ccfc6d4b" outcome="Passed" testListId="8c84fa94-04c1-424b-9868-57a2d4851a1d" relativeResultsDirectory="8c3c5972-eb9a-4465-8fa3-9b8054f6cc67" />
    <UnitTestResult executionId="195153f7-ebb5-4469-9257-e4ed11d8f8b8" testId="e1a3cc24-4bf1-6614-480f-00cc6a19451b" testName="SOAPCommandRequestHandler_ExecuteFunction_HandleSequencesGetAroundWithSpan_NoDeviceId" computerName="DKSR-EFI-04" duration="00:00:00.0025054" startTime="2023-12-22T09:33:29.8656112+01:00" endTime="2023-12-22T09:33:29.8656112+01:00" testType="13cdc9d9-ddb5-4fa4-a97d-d965ccfc6d4b" outcome="Passed" testListId="8c84fa94-04c1-424b-9868-57a2d4851a1d" relativeResultsDirectory="195153f7-ebb5-4469-9257-e4ed11d8f8b8" />
    <UnitTestResult executionId="463ce26c-131f-40d7-8688-6f6c85c1cc85" testId="f8b14395-e052-0428-5944-d990b243089b" testName="SOAPCommandRequestHandler_ExecuteFunction_HandleMulticastStop_NoMulticastSessionIds" computerName="DKSR-EFI-04" duration="00:00:00.0014667" startTime="2023-12-22T09:33:30.2718637+01:00" endTime="2023-12-22T09:33:30.2718637+01:00" testType="13cdc9d9-ddb5-4fa4-a97d-d965ccfc6d4b" outcome="Passed" testListId="8c84fa94-04c1-424b-9868-57a2d4851a1d" relativeResultsDirectory="463ce26c-131f-40d7-8688-6f6c85c1cc85" />
    <UnitTestResult executionId="276f39f7-9174-4b9c-a2f6-374afaa3ff3b" testId="205161d4-07bf-cbb2-5347-aad5382f0e04" testName="PtzStopSessionCommandHandler_Execute_DriverPtzException" computerName="DKSR-EFI-04" duration="00:00:00.0004600" startTime="2023-12-22T09:33:50.4750904+01:00" endTime="2023-12-22T09:33:50.4750904+01:00" testType="13cdc9d9-ddb5-4fa4-a97d-d965ccfc6d4b" outcome="Passed" testListId="8c84fa94-04c1-424b-9868-57a2d4851a1d" relativeResultsDirectory="276f39f7-9174-4b9c-a2f6-374afaa3ff3b" />
    <UnitTestResult executionId="8ed402d2-d3f6-4a48-b95c-4b9d50cd3e75" testId="d9660f72-4df1-d187-5c48-111d1ab2a818" testName="PtzManager_GetAbsolutePosition_Success" computerName="DKSR-EFI-04" duration="00:00:00.0009751" startTime="2023-12-22T09:33:52.0844716+01:00" endTime="2023-12-22T09:33:52.0844716+01:00" testType="13cdc9d9-ddb5-4fa4-a97d-d965ccfc6d4b" outcome="Passed" testListId="8c84fa94-04c1-424b-9868-57a2d4851a1d" relativeResultsDirectory="8ed402d2-d3f6-4a48-b95c-4b9d50cd3e75" />
    <UnitTestResult executionId="c00435bc-5643-4f3a-982b-201eeeb8d8cf" testId="cca44cb6-50da-728d-1825-2c1bdde4cc60" testName="SOAPCommandRequestHandler_ExecuteFunction_HandleSendDriverCommandWithResponse_NoDeviceId" computerName="DKSR-EFI-04" duration="00:00:00.0015713" startTime="2023-12-22T09:33:30.2874874+01:00" endTime="2023-12-22T09:33:30.2874874+01:00" testType="13cdc9d9-ddb5-4fa4-a97d-d965ccfc6d4b" outcome="Passed" testListId="8c84fa94-04c1-424b-9868-57a2d4851a1d" relativeResultsDirectory="c00435bc-5643-4f3a-982b-201eeeb8d8cf" />
    <UnitTestResult executionId="57d3e50c-8453-4dc8-a2fb-6ea98aaae250" testId="268a44c4-5503-ae8c-9a86-ce9a204f913e" testName="ConfigParamNullCheck" computerName="DKSR-EFI-04" duration="00:00:00.0014391" startTime="2023-12-22T09:33:33.3812565+01:00" endTime="2023-12-22T09:33:33.3812565+01:00" testType="13cdc9d9-ddb5-4fa4-a97d-d965ccfc6d4b" outcome="Passed" testListId="8c84fa94-04c1-424b-9868-57a2d4851a1d" relativeResultsDirectory="57d3e50c-8453-4dc8-a2fb-6ea98aaae250" />
    <UnitTestResult executionId="5e9dcaad-57f6-4722-a039-760e5c76eeda" testId="3d7df30c-aa5b-0b5c-927c-2e931a86e2b4" testName="MediaDbCache_GetDiskUsageInformationBank_Has_Cache_Value" computerName="DKSR-EFI-04" duration="00:00:00.0018722" startTime="2023-12-22T09:33:44.6156834+01:00" endTime="2023-12-22T09:33:44.6156834+01:00" testType="13cdc9d9-ddb5-4fa4-a97d-d965ccfc6d4b" outcome="Passed" testListId="8c84fa94-04c1-424b-9868-57a2d4851a1d" relativeResultsDirectory="5e9dcaad-57f6-4722-a039-760e5c76eeda" />
    <UnitTestResult executionId="4cae168f-5c87-4ae9-a3ea-4964f13e6f9e" testId="73a1826e-5ec3-5747-b3b5-b6cf510ee279" testName="PingStart_TimeSpanZero_ArgumentOutOfRangeException" computerName="DKSR-EFI-04" duration="00:00:00.0013369" startTime="2023-12-22T09:33:24.2718345+01:00" endTime="2023-12-22T09:33:24.2874584+01:00" testType="13cdc9d9-ddb5-4fa4-a97d-d965ccfc6d4b" outcome="Passed" testListId="8c84fa94-04c1-424b-9868-57a2d4851a1d" relativeResultsDirectory="4cae168f-5c87-4ae9-a3ea-4964f13e6f9e" />
    <UnitTestResult executionId="e8589626-cfb4-4078-96a1-7f7bb7e09703" testId="02018c7c-3b54-9dc7-57c8-a9e8a6325e8e" testName="GetDatabaseInfo_ArchiveStorageNotFound_ArchiveHintTrue" computerName="DKSR-EFI-04" duration="00:00:00.0001728" startTime="2023-12-22T09:33:23.1468295+01:00" endTime="2023-12-22T09:33:23.1468295+01:00" testType="13cdc9d9-ddb5-4fa4-a97d-d965ccfc6d4b" outcome="Passed" testListId="8c84fa94-04c1-424b-9868-57a2d4851a1d" relativeResultsDirectory="e8589626-cfb4-4078-96a1-7f7bb7e09703" />
    <UnitTestResult executionId="f8a0dfba-d02d-4f96-a5dd-00da5669041d" testId="6a1a4314-6432-c172-3585-376ac0ad2335" testName="ResponseController_ValidFailureResponse_FailureResponseWithTokenCalledOnCommManager" computerName="DKSR-EFI-04" duration="00:00:00.0005655" startTime="2023-12-22T09:33:24.6624605+01:00" endTime="2023-12-22T09:33:24.6624605+01:00" testType="13cdc9d9-ddb5-4fa4-a97d-d965ccfc6d4b" outcome="Passed" testListId="8c84fa94-04c1-424b-9868-57a2d4851a1d" relativeResultsDirectory="f8a0dfba-d02d-4f96-a5dd-00da5669041d" />
    <UnitTestResult executionId="b0ad38b9-56e7-402d-9428-215b4e8c9ac2" testId="fcb30f78-9e7b-20ac-7955-48420245bce6" testName="SOAPCommandRequestHandler_ExecuteFunction_HandleMulticastContinue_NoMulticastSessionIds" computerName="DKSR-EFI-04" duration="00:00:00.0021971" startTime="2023-12-22T09:33:30.2562366+01:00" endTime="2023-12-22T09:33:30.2562366+01:00" testType="13cdc9d9-ddb5-4fa4-a97d-d965ccfc6d4b" outcome="Passed" testListId="8c84fa94-04c1-424b-9868-57a2d4851a1d" relativeResultsDirectory="b0ad38b9-56e7-402d-9428-215b4e8c9ac2" />
    <UnitTestResult executionId="dd94de30-3143-4da4-9fbb-0e8b632e23fb" testId="2237c7c1-3704-cc84-2e1f-9ea6af15525c" testName="ConnectSuccess_End_Exception" computerName="DKSR-EFI-04" duration="00:00:00.0027516" startTime="2023-12-22T09:33:27.7562269+01:00" endTime="2023-12-22T09:33:27.7718519+01:00" testType="13cdc9d9-ddb5-4fa4-a97d-d965ccfc6d4b" outcome="Passed" testListId="8c84fa94-04c1-424b-9868-57a2d4851a1d" relativeResultsDirectory="dd94de30-3143-4da4-9fbb-0e8b632e23fb" />
    <UnitTestResult executionId="ef7031bf-1419-477b-a271-0cc51c28d1d9" testId="59bab25e-f58e-5bec-50ff-1b14d176b0f7" testName="RecorderStatus_SendsUpdates_OnTimer" computerName="DKSR-EFI-04" duration="00:00:00.0012915" startTime="2023-12-22T09:33:23.4437049+01:00" endTime="2023-12-22T09:33:23.4437049+01:00" testType="13cdc9d9-ddb5-4fa4-a97d-d965ccfc6d4b" outcome="Passed" testListId="8c84fa94-04c1-424b-9868-57a2d4851a1d" relativeResultsDirectory="ef7031bf-1419-477b-a271-0cc51c28d1d9" />
    <UnitTestResult executionId="7e27ae1d-dc37-4180-8ba6-1567a5e97af4" testId="3fe64d8e-e699-3d99-4cb6-893ec473e572" testName="ReapplyHardwareSettingsManager_SetConfiguration_Disabled_Success" computerName="DKSR-EFI-04" duration="00:00:00.0034747" startTime="2023-12-22T09:33:23.3499555+01:00" endTime="2023-12-22T09:33:23.3499555+01:00" testType="13cdc9d9-ddb5-4fa4-a97d-d965ccfc6d4b" outcome="Passed" testListId="8c84fa94-04c1-424b-9868-57a2d4851a1d" relativeResultsDirectory="7e27ae1d-dc37-4180-8ba6-1567a5e97af4" />
    <UnitTestResult executionId="a2b9bd5e-f22b-49be-a5d5-bf535c426981" testId="5c5159dd-578e-af78-a5f6-84a63999832d" testName="PtzManager_ForceReleasePtzSession_Controller_Not_Found" computerName="DKSR-EFI-04" duration="00:00:00.0013071" startTime="2023-12-22T09:33:52.1469704+01:00" endTime="2023-12-22T09:33:52.1469704+01:00" testType="13cdc9d9-ddb5-4fa4-a97d-d965ccfc6d4b" outcome="Passed" testListId="8c84fa94-04c1-424b-9868-57a2d4851a1d" relativeResultsDirectory="a2b9bd5e-f22b-49be-a5d5-bf535c426981" />
    <UnitTestResult executionId="0a9c16cd-0b06-4691-8af9-8215325fa8a8" testId="f39722f7-838b-9be7-8502-72099013d494" testName="SOAPCommandRequestHandler_ExecuteFunction_HandleOutputDeactivate_Success" computerName="DKSR-EFI-04" duration="00:00:00.0016102" startTime="2023-12-22T09:33:30.5531147+01:00" endTime="2023-12-22T09:33:30.5531147+01:00" testType="13cdc9d9-ddb5-4fa4-a97d-d965ccfc6d4b" outcome="Passed" testListId="8c84fa94-04c1-424b-9868-57a2d4851a1d" relativeResultsDirectory="0a9c16cd-0b06-4691-8af9-8215325fa8a8" />
    <UnitTestResult executionId="88f6f9a5-51e1-4227-9ea3-49f3073d4075" testId="558dc88a-89c3-f7cb-9610-a11d8b1d3365" testName="ConnectSuccess_TimeRestricted" computerName="DKSR-EFI-04" duration="00:00:00.0170748" startTime="2023-12-22T09:33:27.4593529+01:00" endTime="2023-12-22T09:33:27.4749749+01:00" testType="13cdc9d9-ddb5-4fa4-a97d-d965ccfc6d4b" outcome="Passed" testListId="8c84fa94-04c1-424b-9868-57a2d4851a1d" relativeResultsDirectory="88f6f9a5-51e1-4227-9ea3-49f3073d4075" />
    <UnitTestResult executionId="d9b175f4-e5b0-47a4-b7bd-e5eea84b665c" testId="3f21ea24-4402-03c2-2a65-7503728827fe" testName="AdaptiveStreamingTypeMaxResolution" computerName="DKSR-EFI-04" duration="00:00:00.0007569" startTime="2023-12-22T09:33:24.7249602+01:00" endTime="2023-12-22T09:33:24.7249602+01:00" testType="13cdc9d9-ddb5-4fa4-a97d-d965ccfc6d4b" outcome="Passed" testListId="8c84fa94-04c1-424b-9868-57a2d4851a1d" relativeResultsDirectory="d9b175f4-e5b0-47a4-b7bd-e5eea84b665c" />
    <UnitTestResult executionId="37b4e133-7d19-4196-bc99-f077b3ea0072" testId="16d1a953-024b-f167-eeaa-f4ebe0619069" testName="GetHardwareUsersCommandHandler_Execute_GetUserList_ThrowsUserManagementUnsupported_Errors" computerName="DKSR-EFI-04" duration="00:00:00.0009150" startTime="2023-12-22T09:33:47.8188663+01:00" endTime="2023-12-22T09:33:47.8188663+01:00" testType="13cdc9d9-ddb5-4fa4-a97d-d965ccfc6d4b" outcome="Passed" testListId="8c84fa94-04c1-424b-9868-57a2d4851a1d" relativeResultsDirectory="37b4e133-7d19-4196-bc99-f077b3ea0072" />
    <UnitTestResult executionId="5f1aca72-f821-47d7-827d-12aae8d6cad8" testId="810ce809-2edf-8dfc-efd5-adced29593c9" testName="SOAPCommandRequestHandler_ExecuteFunction_HandlePTZExtendedManualSession_NoDeviceId" computerName="DKSR-EFI-04" duration="00:00:00.0011084" startTime="2023-12-22T09:33:30.8812451+01:00" endTime="2023-12-22T09:33:30.8812451+01:00" testType="13cdc9d9-ddb5-4fa4-a97d-d965ccfc6d4b" outcome="Passed" testListId="8c84fa94-04c1-424b-9868-57a2d4851a1d" relativeResultsDirectory="5f1aca72-f821-47d7-827d-12aae8d6cad8" />
    <UnitTestResult executionId="bd9b0d71-d307-40ee-8588-a2463b611dc7" testId="b8a67863-87af-ba6a-7a67-08a873270caf" testName="AddHardwareUserCommandHandler_Constructor_NullArg_Throws" computerName="DKSR-EFI-04" duration="00:00:00.0010156" startTime="2023-12-22T09:33:44.9906846+01:00" endTime="2023-12-22T09:33:44.9906846+01:00" testType="13cdc9d9-ddb5-4fa4-a97d-d965ccfc6d4b" outcome="Passed" testListId="8c84fa94-04c1-424b-9868-57a2d4851a1d" relativeResultsDirectory="bd9b0d71-d307-40ee-8588-a2463b611dc7" />
    <UnitTestResult executionId="23488159-1de3-4b67-a11a-d74686ba2a19" testId="4c0a7728-07c5-1587-3917-977dc230f1dd" testName="GetNetworkConfigurationCommandHandler_Execute_GetNetworkConfiguration_ThrowsGenericException_Errors" computerName="DKSR-EFI-04" duration="00:00:00.0007916" startTime="2023-12-22T09:33:47.9438272+01:00" endTime="2023-12-22T09:33:47.9438272+01:00" testType="13cdc9d9-ddb5-4fa4-a97d-d965ccfc6d4b" outcome="Passed" testListId="8c84fa94-04c1-424b-9868-57a2d4851a1d" relativeResultsDirectory="23488159-1de3-4b67-a11a-d74686ba2a19" />
    <UnitTestResult executionId="e312e6ed-6593-4e76-8661-a2dc3f510f90" testId="dde92228-ea2f-17cc-b452-172658441c35" testName="DatabaseTaskCommandHandler_EmptyDevice_HadData_Success" computerName="DKSR-EFI-04" duration="00:00:00.0264598" startTime="2023-12-22T09:33:45.6625626+01:00" endTime="2023-12-22T09:33:45.6781878+01:00" testType="13cdc9d9-ddb5-4fa4-a97d-d965ccfc6d4b" outcome="Passed" testListId="8c84fa94-04c1-424b-9868-57a2d4851a1d" relativeResultsDirectory="e312e6ed-6593-4e76-8661-a2dc3f510f90" />
    <UnitTestResult executionId="c28c6816-b755-4750-ac8f-7203b9fa3ed2" testId="e1fa1536-4979-0f56-a61e-4c8bdc511740" testName="SOAPCommandRequestHandler_ExecuteFunction_HandleTimeLineInformationGet_No_Speaker_Security" computerName="DKSR-EFI-04" duration="00:00:00.0020655" startTime="2023-12-22T09:33:30.1624883+01:00" endTime="2023-12-22T09:33:30.1624883+01:00" testType="13cdc9d9-ddb5-4fa4-a97d-d965ccfc6d4b" outcome="Passed" testListId="8c84fa94-04c1-424b-9868-57a2d4851a1d" relativeResultsDirectory="c28c6816-b755-4750-ac8f-7203b9fa3ed2" />
    <UnitTestResult executionId="dfdaf9fb-bcc4-4b86-b31d-e10bbce5ebd6" testId="5c065fe3-fbf4-d20e-aa53-d906cedfcedb" testName="SearchingForwardOverlaps" computerName="DKSR-EFI-04" duration="00:00:00.0018241" startTime="2023-12-22T09:33:33.4281278+01:00" endTime="2023-12-22T09:33:33.4281278+01:00" testType="13cdc9d9-ddb5-4fa4-a97d-d965ccfc6d4b" outcome="Passed" testListId="8c84fa94-04c1-424b-9868-57a2d4851a1d" relativeResultsDirectory="dfdaf9fb-bcc4-4b86-b31d-e10bbce5ebd6" />
    <UnitTestResult executionId="e13caa6f-11e7-4ccf-8466-61e26356385d" testId="b37b862f-58d4-a3f8-2e05-54a6ae3e3990" testName="SOAPCommandRequestHandler_ExecuteFunction_HandlePTZRectangle_Height_Not_Double" computerName="DKSR-EFI-04" duration="00:00:00.0008444" startTime="2023-12-22T09:33:30.7718657+01:00" endTime="2023-12-22T09:33:30.7718657+01:00" testType="13cdc9d9-ddb5-4fa4-a97d-d965ccfc6d4b" outcome="Passed" testListId="8c84fa94-04c1-424b-9868-57a2d4851a1d" relativeResultsDirectory="e13caa6f-11e7-4ccf-8466-61e26356385d" />
    <UnitTestResult executionId="466c2388-9d2f-4465-b090-2792334bd9bc" testId="b6352ce6-c814-0027-c2b4-6820f91e65e3" testName="EvidenceLockOnOldRecorderCommandHandler_RecorderIsClosingNoAction" computerName="DKSR-EFI-04" duration="00:00:00.0032085" startTime="2023-12-22T09:33:45.9594395+01:00" endTime="2023-12-22T09:33:45.9750641+01:00" testType="13cdc9d9-ddb5-4fa4-a97d-d965ccfc6d4b" outcome="Passed" testListId="8c84fa94-04c1-424b-9868-57a2d4851a1d" relativeResultsDirectory="466c2388-9d2f-4465-b090-2792334bd9bc" />
    <UnitTestResult executionId="d8768549-cb4b-4c9a-b8fb-22f156fa9abf" testId="80012219-af01-d909-783d-b6bc63dca720" testName="DatabaseoperationCommandhandler_Execute_ArgumentException" computerName="DKSR-EFI-04" duration="00:00:00.0048480" startTime="2023-12-22T09:33:45.5063141+01:00" endTime="2023-12-22T09:33:45.5063141+01:00" testType="13cdc9d9-ddb5-4fa4-a97d-d965ccfc6d4b" outcome="Passed" testListId="8c84fa94-04c1-424b-9868-57a2d4851a1d" relativeResultsDirectory="d8768549-cb4b-4c9a-b8fb-22f156fa9abf">
      <Output>
        <StdOut>Debug Trace:&#xD;
Fail: Command/Command handler type mismatch&#xD;
Fail: Argument null.</StdOut>
      </Output>
    </UnitTestResult>
    <UnitTestResult executionId="c2abedcd-5be6-4860-bbe9-2a333ff0a5cf" testId="58a4dcc3-1748-b691-5721-762019d15680" testName="GetStatistics_Framerate_MPEG_100_Percent" computerName="DKSR-EFI-04" duration="00:00:00.0006786" startTime="2023-12-22T09:33:33.5062558+01:00" endTime="2023-12-22T09:33:33.5062558+01:00" testType="13cdc9d9-ddb5-4fa4-a97d-d965ccfc6d4b" outcome="Passed" testListId="8c84fa94-04c1-424b-9868-57a2d4851a1d" relativeResultsDirectory="c2abedcd-5be6-4860-bbe9-2a333ff0a5cf" />
    <UnitTestResult executionId="8fd88f0e-531f-4b2b-9b80-95900f2a60f4" testId="1d8885de-4a7c-76c0-90a9-db5aab3e3fe8" testName="ConnectSuccessSimple_CameraWithStream" computerName="DKSR-EFI-04" duration="00:00:00.0021135" startTime="2023-12-22T09:33:27.4124743+01:00" endTime="2023-12-22T09:33:27.4124743+01:00" testType="13cdc9d9-ddb5-4fa4-a97d-d965ccfc6d4b" outcome="Passed" testListId="8c84fa94-04c1-424b-9868-57a2d4851a1d" relativeResultsDirectory="8fd88f0e-531f-4b2b-9b80-95900f2a60f4" />
    <UnitTestResult executionId="9d52bc79-cf2e-4cef-8d78-396a5279fa9a" testId="d39ffd11-f37b-9674-d0d6-e10d28803318" testName="PtzReleaseSession_ModelIsNull_BadRequestResult" computerName="DKSR-EFI-04" duration="00:00:00.0014264" startTime="2023-12-22T09:33:24.5687110+01:00" endTime="2023-12-22T09:33:24.5687110+01:00" testType="13cdc9d9-ddb5-4fa4-a97d-d965ccfc6d4b" outcome="Passed" testListId="8c84fa94-04c1-424b-9868-57a2d4851a1d" relativeResultsDirectory="9d52bc79-cf2e-4cef-8d78-396a5279fa9a" />
    <UnitTestResult executionId="fd35ba88-0241-4f98-a8f2-84bc5608d5d7" testId="b19773b3-44c8-ad46-8900-f90a855e9c94" testName="Stop_Connected_ShouldDisconnect" computerName="DKSR-EFI-04" duration="00:00:00.0056421" startTime="2023-12-22T09:33:24.0374606+01:00" endTime="2023-12-22T09:33:24.0374606+01:00" testType="13cdc9d9-ddb5-4fa4-a97d-d965ccfc6d4b" outcome="Passed" testListId="8c84fa94-04c1-424b-9868-57a2d4851a1d" relativeResultsDirectory="fd35ba88-0241-4f98-a8f2-84bc5608d5d7" />
    <UnitTestResult executionId="c0c087cd-7296-401b-a06b-9d34cfd2615a" testId="c9ae505c-954a-a3d7-0ea8-010490b7d8f7" testName="RecordingStorageDeviceLinkEntries_QueryByDeviceId_Success" computerName="DKSR-EFI-04" duration="00:00:00.0017451" startTime="2023-12-22T09:33:23.5687076+01:00" endTime="2023-12-22T09:33:23.5687076+01:00" testType="13cdc9d9-ddb5-4fa4-a97d-d965ccfc6d4b" outcome="Passed" testListId="8c84fa94-04c1-424b-9868-57a2d4851a1d" relativeResultsDirectory="c0c087cd-7296-401b-a06b-9d34cfd2615a" />
    <UnitTestResult executionId="9913ff38-51a1-4c14-a4ae-f83fc15e094e" testId="12eba2f8-40c7-c6a3-279f-510ff103cd38" testName="SynchronizeDevicePresetsCommandHandler_Execute_QueryPresetsFromDevice_Throws_DeviceCommunicationException" computerName="DKSR-EFI-04" duration="00:00:00.0011139" startTime="2023-12-22T09:33:51.0688393+01:00" endTime="2023-12-22T09:33:51.0688393+01:00" testType="13cdc9d9-ddb5-4fa4-a97d-d965ccfc6d4b" outcome="Passed" testListId="8c84fa94-04c1-424b-9868-57a2d4851a1d" relativeResultsDirectory="9913ff38-51a1-4c14-a4ae-f83fc15e094e" />
    <UnitTestResult executionId="7fb1dcaf-39b4-4b29-87d3-22e74e1ea406" testId="cd242aaa-22da-d717-dda8-cda3a410d13b" testName="PtzManagerDataHolder_UpdateSchema_Not_Exists_Add" computerName="DKSR-EFI-04" duration="00:00:00.0005724" startTime="2023-12-22T09:33:51.1157151+01:00" endTime="2023-12-22T09:33:51.1157151+01:00" testType="13cdc9d9-ddb5-4fa4-a97d-d965ccfc6d4b" outcome="Passed" testListId="8c84fa94-04c1-424b-9868-57a2d4851a1d" relativeResultsDirectory="7fb1dcaf-39b4-4b29-87d3-22e74e1ea406" />
    <UnitTestResult executionId="a28d41d5-6a3a-4200-b6ad-043b1a97b95f" testId="5caa74f8-6033-dbf5-6c66-1ba6f3dd9d2c" testName="ManualPtzPatrollingSession_Constructor_IPatrollingController_Success" computerName="DKSR-EFI-04" duration="00:00:00.0014061" startTime="2023-12-22T09:33:52.2875956+01:00" endTime="2023-12-22T09:33:52.2875956+01:00" testType="13cdc9d9-ddb5-4fa4-a97d-d965ccfc6d4b" outcome="Passed" testListId="8c84fa94-04c1-424b-9868-57a2d4851a1d" relativeResultsDirectory="a28d41d5-6a3a-4200-b6ad-043b1a97b95f" />
    <UnitTestResult executionId="7aa0fa56-e1ce-4d8f-a69b-e748a106bfdd" testId="1e13a826-b983-6ec8-22b8-0434a982455a" testName="SOAPCommandRequestHandler_ExecuteFunction_HandleSendDriverCommandWithResponse_Success" computerName="DKSR-EFI-04" duration="00:00:00.0026171" startTime="2023-12-22T09:33:30.3031141+01:00" endTime="2023-12-22T09:33:30.3031141+01:00" testType="13cdc9d9-ddb5-4fa4-a97d-d965ccfc6d4b" outcome="Passed" testListId="8c84fa94-04c1-424b-9868-57a2d4851a1d" relativeResultsDirectory="7aa0fa56-e1ce-4d8f-a69b-e748a106bfdd" />
    <UnitTestResult executionId="26acecc7-f7ec-4ae6-882f-2988cec1c8b4" testId="dc6289e1-55df-6902-9dc5-70892f2b6f9a" testName="RepairInfo_ParseRepairInfoXml_Null_NotRepairing" computerName="DKSR-EFI-04" duration="00:00:00.0008008" startTime="2023-12-22T09:33:44.9594369+01:00" endTime="2023-12-22T09:33:44.9594369+01:00" testType="13cdc9d9-ddb5-4fa4-a97d-d965ccfc6d4b" outcome="Passed" testListId="8c84fa94-04c1-424b-9868-57a2d4851a1d" relativeResultsDirectory="26acecc7-f7ec-4ae6-882f-2988cec1c8b4" />
    <UnitTestResult executionId="108419fb-2300-48f9-9b14-2ef2f9ffb2c3" testId="b2d1aeaa-91be-0e1b-799c-a198487e8821" testName="CheckExternalRecorderRegistrationCommandHandler_Execute_HardwareNotEnabled_ErrorResponse" computerName="DKSR-EFI-04" duration="00:00:00.0006736" startTime="2023-12-22T09:33:45.3344384+01:00" endTime="2023-12-22T09:33:45.3500629+01:00" testType="13cdc9d9-ddb5-4fa4-a97d-d965ccfc6d4b" outcome="Passed" testListId="8c84fa94-04c1-424b-9868-57a2d4851a1d" relativeResultsDirectory="108419fb-2300-48f9-9b14-2ef2f9ffb2c3" />
    <UnitTestResult executionId="0d9adcb0-3ee1-468f-a644-e3a1bebc6925" testId="b26fd199-5751-1edb-3441-9e034fa75fc4" testName="DriverProxyInstanceManager_Constructor_NullCheck" computerName="DKSR-EFI-04" duration="00:00:00.0022851" startTime="2023-12-22T09:33:22.1311990+01:00" endTime="2023-12-22T09:33:22.1311990+01:00" testType="13cdc9d9-ddb5-4fa4-a97d-d965ccfc6d4b" outcome="Passed" testListId="8c84fa94-04c1-424b-9868-57a2d4851a1d" relativeResultsDirectory="0d9adcb0-3ee1-468f-a644-e3a1bebc6925" />
    <UnitTestResult executionId="2ca3f462-1829-4517-892d-b429dd65064f" testId="d2b5b0b2-6c1b-0370-653a-db8af7f26b62" testName="GoIntoOverflowOnBytes" computerName="DKSR-EFI-04" duration="00:00:00.0039730" startTime="2023-12-22T09:33:33.4593782+01:00" endTime="2023-12-22T09:33:33.4593782+01:00" testType="13cdc9d9-ddb5-4fa4-a97d-d965ccfc6d4b" outcome="Passed" testListId="8c84fa94-04c1-424b-9868-57a2d4851a1d" relativeResultsDirectory="2ca3f462-1829-4517-892d-b429dd65064f" />
    <UnitTestResult executionId="8508150f-8d63-45fc-b492-e3dc1c1334cb" testId="af2d9538-16b8-319e-83bc-b6238cfb1564" testName="GetMulticastConnectData_Success" computerName="DKSR-EFI-04" duration="00:00:00.0216463" startTime="2023-12-22T09:33:33.7875063+01:00" endTime="2023-12-22T09:33:33.8031305+01:00" testType="13cdc9d9-ddb5-4fa4-a97d-d965ccfc6d4b" outcome="Passed" testListId="8c84fa94-04c1-424b-9868-57a2d4851a1d" relativeResultsDirectory="8508150f-8d63-45fc-b492-e3dc1c1334cb" />
    <UnitTestResult executionId="032da826-91ee-41d7-9d62-9aea5099f745" testId="0d57a34c-837c-d126-8ff0-b27247b414be" testName="SOAPCommandRequestHandler_ExecuteFunction_HandleSmartSearchStart_NoResultMotionMaskSize" computerName="DKSR-EFI-04" duration="00:00:00.0011951" startTime="2023-12-22T09:33:30.0843605+01:00" endTime="2023-12-22T09:33:30.0843605+01:00" testType="13cdc9d9-ddb5-4fa4-a97d-d965ccfc6d4b" outcome="Passed" testListId="8c84fa94-04c1-424b-9868-57a2d4851a1d" relativeResultsDirectory="032da826-91ee-41d7-9d62-9aea5099f745" />
    <UnitTestResult executionId="f386b061-a2dc-4a66-b9ea-e4d25dcaab8f" testId="e5ec1b44-2ff0-dc1a-6ce7-de52cb9f8435" testName="SOAPCommandRequestHandler_ExecuteFunction_HandlePTZRectangle_NoBottom" computerName="DKSR-EFI-04" duration="00:00:00.0008458" startTime="2023-12-22T09:33:30.7874897+01:00" endTime="2023-12-22T09:33:30.7874897+01:00" testType="13cdc9d9-ddb5-4fa4-a97d-d965ccfc6d4b" outcome="Passed" testListId="8c84fa94-04c1-424b-9868-57a2d4851a1d" relativeResultsDirectory="f386b061-a2dc-4a66-b9ea-e4d25dcaab8f" />
    <UnitTestResult executionId="17540aae-e3c5-4c69-a2da-39494ac69a04" testId="e5d4bf48-cc51-e809-7812-46596c597626" testName="SOAPCommandRequestHandler_ExecuteFunction_HandleOutputTrigger_NoDuration" computerName="DKSR-EFI-04" duration="00:00:00.0004252" startTime="2023-12-22T09:33:30.5687390+01:00" endTime="2023-12-22T09:33:30.5687390+01:00" testType="13cdc9d9-ddb5-4fa4-a97d-d965ccfc6d4b" outcome="Passed" testListId="8c84fa94-04c1-424b-9868-57a2d4851a1d" relativeResultsDirectory="17540aae-e3c5-4c69-a2da-39494ac69a04" />
    <UnitTestResult executionId="6476e0e6-ba26-42bd-9c1e-c2bcdf449fe5" testId="ee49ee4f-0aea-f745-5775-adf4f114597b" testName="SOAPCommandRequestHandler_ExecuteFunction_HandleJPEGGetAt_NoSecurity" computerName="DKSR-EFI-04" duration="00:00:00.0010670" startTime="2023-12-22T09:33:30.4749887+01:00" endTime="2023-12-22T09:33:30.4749887+01:00" testType="13cdc9d9-ddb5-4fa4-a97d-d965ccfc6d4b" outcome="Passed" testListId="8c84fa94-04c1-424b-9868-57a2d4851a1d" relativeResultsDirectory="6476e0e6-ba26-42bd-9c1e-c2bcdf449fe5" />
    <UnitTestResult executionId="9f869ad5-3948-4231-b47b-a9909dfb3b64" testId="56a9da53-748d-8045-6ef2-fedcd94d62ae" testName="SOAPCommandRequestHandler_ExecuteFunction_HandlePTZCenter_CenterX_Not_Double" computerName="DKSR-EFI-04" duration="00:00:00.0004925" startTime="2023-12-22T09:33:30.6156140+01:00" endTime="2023-12-22T09:33:30.6156140+01:00" testType="13cdc9d9-ddb5-4fa4-a97d-d965ccfc6d4b" outcome="Passed" testListId="8c84fa94-04c1-424b-9868-57a2d4851a1d" relativeResultsDirectory="9f869ad5-3948-4231-b47b-a9909dfb3b64" />
    <UnitTestResult executionId="c9e1def1-73e0-4e35-880e-2c7050925d0b" testId="b1db2107-fad5-9e1c-f59b-69adf0367aec" testName="ConnectFailed_DeviceUnknown" computerName="DKSR-EFI-04" duration="00:00:00.0017299" startTime="2023-12-22T09:33:27.4906005+01:00" endTime="2023-12-22T09:33:27.4906005+01:00" testType="13cdc9d9-ddb5-4fa4-a97d-d965ccfc6d4b" outcome="Passed" testListId="8c84fa94-04c1-424b-9868-57a2d4851a1d" relativeResultsDirectory="c9e1def1-73e0-4e35-880e-2c7050925d0b" />
    <UnitTestResult executionId="89448201-b65c-4067-8759-fb6c9434565b" testId="9b3aca54-a7a6-01ba-a59e-c7ffccc5373c" testName="ConnectSuccess_NextWithTime_AfterMedia" computerName="DKSR-EFI-04" duration="00:00:00.0035942" startTime="2023-12-22T09:33:27.6780990+01:00" endTime="2023-12-22T09:33:27.6780990+01:00" testType="13cdc9d9-ddb5-4fa4-a97d-d965ccfc6d4b" outcome="Passed" testListId="8c84fa94-04c1-424b-9868-57a2d4851a1d" relativeResultsDirectory="89448201-b65c-4067-8759-fb6c9434565b" />
    <UnitTestResult executionId="4d75aeea-38ed-466d-bfbe-5a8dac2ad305" testId="8e6016e5-c20d-de8c-09cf-d31cd025b2ca" testName="DatabaseBankInfo_Sum_ArgumentExceptions" computerName="DKSR-EFI-04" duration="00:00:00.0039077" startTime="2023-12-22T09:33:44.4594327+01:00" endTime="2023-12-22T09:33:44.4594327+01:00" testType="13cdc9d9-ddb5-4fa4-a97d-d965ccfc6d4b" outcome="Passed" testListId="8c84fa94-04c1-424b-9868-57a2d4851a1d" relativeResultsDirectory="4d75aeea-38ed-466d-bfbe-5a8dac2ad305" />
    <UnitTestResult executionId="7579a5d5-d42e-4e63-8e82-648b95b6fe3b" testId="f55b20e5-de96-17a5-c0d6-d15f58186a36" testName="CreateSettingsForInitializeHardwareAndDeviceSettings_Missing_Device_Throws_InconsistentConfigurationException" computerName="DKSR-EFI-04" duration="00:00:00.6508334" startTime="2023-12-22T09:33:21.1936952+01:00" endTime="2023-12-22T09:33:21.8343207+01:00" testType="13cdc9d9-ddb5-4fa4-a97d-d965ccfc6d4b" outcome="Passed" testListId="8c84fa94-04c1-424b-9868-57a2d4851a1d" relativeResultsDirectory="7579a5d5-d42e-4e63-8e82-648b95b6fe3b">
      <Output>
        <StdOut>Debug Trace:&#xD;
Fail: No device settings found for device in hardware definition.</StdOut>
      </Output>
    </UnitTestResult>
    <UnitTestResult executionId="ad0237f2-ebb5-4fcd-bcc0-1dc4a1f02037" testId="fc5d833f-4890-756d-c3f3-69557f01bf61" testName="SOAPCommandRequestHandler_ExecuteFunction_HandlePTZMoveRelative_No_Priority" computerName="DKSR-EFI-04" duration="00:00:00.0020115" startTime="2023-12-22T09:33:30.7249916+01:00" endTime="2023-12-22T09:33:30.7249916+01:00" testType="13cdc9d9-ddb5-4fa4-a97d-d965ccfc6d4b" outcome="Passed" testListId="8c84fa94-04c1-424b-9868-57a2d4851a1d" relativeResultsDirectory="ad0237f2-ebb5-4fcd-bcc0-1dc4a1f02037" />
    <UnitTestResult executionId="3905a506-4aa4-48f2-83ba-a377f8334ea6" testId="1c8f06c1-d531-699b-6c87-a9ec84e3b218" testName="SOAPCommandRequestHandler_ExecuteFunction_HandlePresetGetList_NoDeviceId" computerName="DKSR-EFI-04" duration="00:00:00.0012757" startTime="2023-12-22T09:33:30.8187414+01:00" endTime="2023-12-22T09:33:30.8187414+01:00" testType="13cdc9d9-ddb5-4fa4-a97d-d965ccfc6d4b" outcome="Passed" testListId="8c84fa94-04c1-424b-9868-57a2d4851a1d" relativeResultsDirectory="3905a506-4aa4-48f2-83ba-a377f8334ea6" />
    <UnitTestResult executionId="6fc6ad6c-4945-4915-b90e-d3e9d0a82f58" testId="c8f6e89b-79d5-8532-b2cb-68fd0bda94cc" testName="PtzReleaseSessionCommandHandler_Execute_Preset_Not_Supported" computerName="DKSR-EFI-04" duration="00:00:00.0008442" startTime="2023-12-22T09:33:50.2875851+01:00" endTime="2023-12-22T09:33:50.2875851+01:00" testType="13cdc9d9-ddb5-4fa4-a97d-d965ccfc6d4b" outcome="Passed" testListId="8c84fa94-04c1-424b-9868-57a2d4851a1d" relativeResultsDirectory="6fc6ad6c-4945-4915-b90e-d3e9d0a82f58" />
    <UnitTestResult executionId="2aa58954-65d9-40a4-aa11-c9a2e40dfe1e" testId="39e8a3bf-f5ea-1942-fcd6-4f40fff621b0" testName="PtzManager_ExecutePtzRequest_Success" computerName="DKSR-EFI-04" duration="00:00:00.0025538" startTime="2023-12-22T09:33:51.9750944+01:00" endTime="2023-12-22T09:33:51.9750944+01:00" testType="13cdc9d9-ddb5-4fa4-a97d-d965ccfc6d4b" outcome="Passed" testListId="8c84fa94-04c1-424b-9868-57a2d4851a1d" relativeResultsDirectory="2aa58954-65d9-40a4-aa11-c9a2e40dfe1e" />
    <UnitTestResult executionId="5cadd193-ccd6-417a-8309-e08a246b6f4d" testId="5fcba691-5934-5239-5d8d-0dca3db97c9d" testName="FailoverMediaMover_MoveMediaDataHere_NonExisting_Devices_Deleted" computerName="DKSR-EFI-04" duration="00:00:00.0063150" startTime="2023-12-22T09:33:22.9437007+01:00" endTime="2023-12-22T09:33:22.9437007+01:00" testType="13cdc9d9-ddb5-4fa4-a97d-d965ccfc6d4b" outcome="Passed" testListId="8c84fa94-04c1-424b-9868-57a2d4851a1d" relativeResultsDirectory="5cadd193-ccd6-417a-8309-e08a246b6f4d" />
    <UnitTestResult executionId="f3cee7b7-a641-47b8-9498-6459015232e6" testId="0d406c31-ec0a-f56c-17c7-10a4cee434f7" testName="PtzManagerDataHolder_RemoveSchema_Success" computerName="DKSR-EFI-04" duration="00:00:00.0003256" startTime="2023-12-22T09:33:51.1313414+01:00" endTime="2023-12-22T09:33:51.1313414+01:00" testType="13cdc9d9-ddb5-4fa4-a97d-d965ccfc6d4b" outcome="Passed" testListId="8c84fa94-04c1-424b-9868-57a2d4851a1d" relativeResultsDirectory="f3cee7b7-a641-47b8-9498-6459015232e6" />
    <UnitTestResult executionId="a01347bc-4d52-4695-b704-e9036a5adc31" testId="9804864c-2133-6799-bf78-c69624b33171" testName="AddHardwareUserCommandHandler_Execute_AddUser_ThrowsUserHandlingUnknownResult_Errors" computerName="DKSR-EFI-04" duration="00:00:00.0008204" startTime="2023-12-22T09:33:45.0844342+01:00" endTime="2023-12-22T09:33:45.0844342+01:00" testType="13cdc9d9-ddb5-4fa4-a97d-d965ccfc6d4b" outcome="Passed" testListId="8c84fa94-04c1-424b-9868-57a2d4851a1d" relativeResultsDirectory="a01347bc-4d52-4695-b704-e9036a5adc31" />
    <UnitTestResult executionId="e30c7123-ab45-4d79-a856-2ed28fe67a59" testId="770e90b7-a1f5-dcae-3e11-3f5f01dbab34" testName="AddHardwareUserCommandHandler_Execute_AddUser_ThrowsUserHandlingUserAlreadyExists_Errors" computerName="DKSR-EFI-04" duration="00:00:00.0008282" startTime="2023-12-22T09:33:45.0688113+01:00" endTime="2023-12-22T09:33:45.0844342+01:00" testType="13cdc9d9-ddb5-4fa4-a97d-d965ccfc6d4b" outcome="Passed" testListId="8c84fa94-04c1-424b-9868-57a2d4851a1d" relativeResultsDirectory="e30c7123-ab45-4d79-a856-2ed28fe67a59" />
    <UnitTestResult executionId="52a13471-9eaf-4f4a-9392-135dde5e0cbb" testId="b860f2de-4f50-bac4-73d1-0f027c6969b9" testName="SOAPCommandRequestHandler_ExecuteFunction_HandlePresetGetList_No_Security" computerName="DKSR-EFI-04" duration="00:00:00.0011543" startTime="2023-12-22T09:33:30.8187414+01:00" endTime="2023-12-22T09:33:30.8187414+01:00" testType="13cdc9d9-ddb5-4fa4-a97d-d965ccfc6d4b" outcome="Passed" testListId="8c84fa94-04c1-424b-9868-57a2d4851a1d" relativeResultsDirectory="52a13471-9eaf-4f4a-9392-135dde5e0cbb" />
    <UnitTestResult executionId="a39cfacf-eece-4d08-80fe-3380a3c8d337" testId="63251417-cab3-d7f1-951d-ff52e5bf847e" testName="RequestRecordAllFrames_SetsRecordAllFramesToTrue_OnFirstRequest" computerName="DKSR-EFI-04" duration="00:00:00.0128979" startTime="2023-12-22T09:33:31.9749972+01:00" endTime="2023-12-22T09:33:31.9906209+01:00" testType="13cdc9d9-ddb5-4fa4-a97d-d965ccfc6d4b" outcome="Passed" testListId="8c84fa94-04c1-424b-9868-57a2d4851a1d" relativeResultsDirectory="a39cfacf-eece-4d08-80fe-3380a3c8d337" />
    <UnitTestResult executionId="85b595ce-3f6f-4ceb-991f-f7112fbc66cb" testId="eb91648c-5df5-c842-8817-ad45d8ac6975" testName="CheckDeleteDeviceMediaCommandHandler_RecorderIsClosingNoAction" computerName="DKSR-EFI-04" duration="00:00:00.0017750" startTime="2023-12-22T09:33:45.2250612+01:00" endTime="2023-12-22T09:33:45.2250612+01:00" testType="13cdc9d9-ddb5-4fa4-a97d-d965ccfc6d4b" outcome="Passed" testListId="8c84fa94-04c1-424b-9868-57a2d4851a1d" relativeResultsDirectory="85b595ce-3f6f-4ceb-991f-f7112fbc66cb" />
    <UnitTestResult executionId="f6207453-0298-4b2e-82f1-6ceaccce1622" testId="9affb97e-1e02-ae41-4d90-3807ddd1dde2" testName="GetRecorderTasksWithPendingStop_InternalStateStopped_ThrowsCommunicationStoppedException" computerName="DKSR-EFI-04" duration="00:00:00.0009918" startTime="2023-12-22T09:33:24.0843330+01:00" endTime="2023-12-22T09:33:24.0843330+01:00" testType="13cdc9d9-ddb5-4fa4-a97d-d965ccfc6d4b" outcome="Passed" testListId="8c84fa94-04c1-424b-9868-57a2d4851a1d" relativeResultsDirectory="f6207453-0298-4b2e-82f1-6ceaccce1622" />
    <UnitTestResult executionId="717860fc-5471-420b-b81f-c767ae1da743" testId="ac9e79f1-9655-cf06-2054-7e5adaf9e305" testName="SOAPCommandRequestHandler_ExecuteFunction_HandleIsManualRecording_Success" computerName="DKSR-EFI-04" duration="00:00:00.0025730" startTime="2023-12-22T09:33:30.3187415+01:00" endTime="2023-12-22T09:33:30.3187415+01:00" testType="13cdc9d9-ddb5-4fa4-a97d-d965ccfc6d4b" outcome="Passed" testListId="8c84fa94-04c1-424b-9868-57a2d4851a1d" relativeResultsDirectory="717860fc-5471-420b-b81f-c767ae1da743" />
    <UnitTestResult executionId="627a1df1-c915-4d7e-8679-019a73535fe2" testId="7226124f-dd09-d43a-b76d-b1f3200e03b8" testName="PtzPatrollingSessionBase_Start_Camera_Not_Started" computerName="DKSR-EFI-04" duration="00:00:00.0007205" startTime="2023-12-22T09:33:52.3032217+01:00" endTime="2023-12-22T09:33:52.3032217+01:00" testType="13cdc9d9-ddb5-4fa4-a97d-d965ccfc6d4b" outcome="Passed" testListId="8c84fa94-04c1-424b-9868-57a2d4851a1d" relativeResultsDirectory="627a1df1-c915-4d7e-8679-019a73535fe2">
      <Output>
        <StdOut>Debug Trace:&#xD;
VideoOS.Recorder.PtzPatrollingSession session started</StdOut>
      </Output>
    </UnitTestResult>
    <UnitTestResult executionId="45f8c55a-1be8-443b-b92f-980b3041ef72" testId="af873b35-5308-6a10-7a0f-62e9eb150c88" testName="SOAPCommandRequestHandler_ExecuteFunction_HandlePTZReserveSession_Not_Licensed" computerName="DKSR-EFI-04" duration="00:00:00.0011567" startTime="2023-12-22T09:33:30.8499893+01:00" endTime="2023-12-22T09:33:30.8499893+01:00" testType="13cdc9d9-ddb5-4fa4-a97d-d965ccfc6d4b" outcome="Passed" testListId="8c84fa94-04c1-424b-9868-57a2d4851a1d" relativeResultsDirectory="45f8c55a-1be8-443b-b92f-980b3041ef72" />
    <UnitTestResult executionId="0efd7e64-225b-421e-b5b9-72712b66150e" testId="c83832b7-8819-2499-1d34-aa973e75957d" testName="SOAPCommandRequestHandler_ExecuteFunction_HandlePTZRectangle_Bottom_Not_Double" computerName="DKSR-EFI-04" duration="00:00:00.0009716" startTime="2023-12-22T09:33:30.8031154+01:00" endTime="2023-12-22T09:33:30.8031154+01:00" testType="13cdc9d9-ddb5-4fa4-a97d-d965ccfc6d4b" outcome="Passed" testListId="8c84fa94-04c1-424b-9868-57a2d4851a1d" relativeResultsDirectory="0efd7e64-225b-421e-b5b9-72712b66150e" />
    <UnitTestResult executionId="db8a9897-1616-4047-bd99-9520fc480f42" testId="f110d9a1-abdf-4b7f-90db-314822533b9b" testName="ReapplyHardwareSettingsManager_UpdateConfigurationFromDiffGram_TimeNowBeforTriger_Success" computerName="DKSR-EFI-04" duration="00:00:00.0107611" startTime="2023-12-22T09:33:23.3499555+01:00" endTime="2023-12-22T09:33:23.3655782+01:00" testType="13cdc9d9-ddb5-4fa4-a97d-d965ccfc6d4b" outcome="Passed" testListId="8c84fa94-04c1-424b-9868-57a2d4851a1d" relativeResultsDirectory="db8a9897-1616-4047-bd99-9520fc480f42" />
    <UnitTestResult executionId="e5ba40e5-287f-40e7-951f-24456fa92b23" testId="33a36fe7-9f25-55b9-78cd-b144538b4d56" testName="SOAPCommandRequestHandler_ExecuteFunction_HandleSmartSearchStart_NoSearchEndTime" computerName="DKSR-EFI-04" duration="00:00:00.0010053" startTime="2023-12-22T09:33:30.0062383+01:00" endTime="2023-12-22T09:33:30.0062383+01:00" testType="13cdc9d9-ddb5-4fa4-a97d-d965ccfc6d4b" outcome="Passed" testListId="8c84fa94-04c1-424b-9868-57a2d4851a1d" relativeResultsDirectory="e5ba40e5-287f-40e7-951f-24456fa92b23" />
    <UnitTestResult executionId="3a14bc8d-1cca-49e5-b8f5-887c9c96fac4" testId="40773c57-76a9-fcb9-c3a8-2afda8f6f15f" testName="FullStatusAlgorithm_Constructor" computerName="DKSR-EFI-04" duration="00:00:00.0040666" startTime="2023-12-22T09:33:33.6000047+01:00" endTime="2023-12-22T09:33:33.6000047+01:00" testType="13cdc9d9-ddb5-4fa4-a97d-d965ccfc6d4b" outcome="Passed" testListId="8c84fa94-04c1-424b-9868-57a2d4851a1d" relativeResultsDirectory="3a14bc8d-1cca-49e5-b8f5-887c9c96fac4" />
    <UnitTestResult executionId="0fae74dc-f5c4-4d68-a3a6-e73ac87cdb73" testId="4b3e7906-566a-6456-5ef7-39b2883edaa1" testName="SOAPCommandRequestHandler_ExecuteFunction_HandleSmartSearchStart_NoSearchMask" computerName="DKSR-EFI-04" duration="00:00:00.0012216" startTime="2023-12-22T09:33:30.0218632+01:00" endTime="2023-12-22T09:33:30.0218632+01:00" testType="13cdc9d9-ddb5-4fa4-a97d-d965ccfc6d4b" outcome="Passed" testListId="8c84fa94-04c1-424b-9868-57a2d4851a1d" relativeResultsDirectory="0fae74dc-f5c4-4d68-a3a6-e73ac87cdb73" />
    <UnitTestResult executionId="66a6a82e-5be1-41c6-9a13-9dc6cae22d06" testId="af5bece0-7abf-0392-4004-17392a11a619" testName="ResponseController_ValidWarningResponse_ValidWarningResponseCalledOnCommManager" computerName="DKSR-EFI-04" duration="00:00:00.0010924" startTime="2023-12-22T09:33:24.6780873+01:00" endTime="2023-12-22T09:33:24.6780873+01:00" testType="13cdc9d9-ddb5-4fa4-a97d-d965ccfc6d4b" outcome="Passed" testListId="8c84fa94-04c1-424b-9868-57a2d4851a1d" relativeResultsDirectory="66a6a82e-5be1-41c6-9a13-9dc6cae22d06" />
    <UnitTestResult executionId="6c65cebc-cb82-4614-ab74-06925b49400f" testId="e82afa6a-c6be-b3c6-120d-be63c58dbd69" testName="SOAPCommandRequestHandler_ExecuteFunction_HandlePTZRectangle_NoWidth" computerName="DKSR-EFI-04" duration="00:00:00.0008222" startTime="2023-12-22T09:33:30.7718657+01:00" endTime="2023-12-22T09:33:30.7718657+01:00" testType="13cdc9d9-ddb5-4fa4-a97d-d965ccfc6d4b" outcome="Passed" testListId="8c84fa94-04c1-424b-9868-57a2d4851a1d" relativeResultsDirectory="6c65cebc-cb82-4614-ab74-06925b49400f" />
    <UnitTestResult executionId="ec3faf36-4f34-41b7-bc38-77579ee8d529" testId="f9554bb2-d464-b5d5-c8ba-1d8fdb1d5484" testName="SOAPCommandRequestHandler_ExecuteFunction_HandleSmartSearchStart_SearchMaskNotSquared" computerName="DKSR-EFI-04" duration="00:00:00.0013097" startTime="2023-12-22T09:33:30.0687371+01:00" endTime="2023-12-22T09:33:30.0687371+01:00" testType="13cdc9d9-ddb5-4fa4-a97d-d965ccfc6d4b" outcome="Passed" testListId="8c84fa94-04c1-424b-9868-57a2d4851a1d" relativeResultsDirectory="ec3faf36-4f34-41b7-bc38-77579ee8d529" />
    <UnitTestResult executionId="afce6675-ebcc-49b1-8758-e013d68d2305" testId="c7df2786-1bf9-b767-0796-f1e6a90b1ad9" testName="PtzManager_CenterAndZoomToRectangle_NoMediaFeedHandler" computerName="DKSR-EFI-04" duration="00:00:00.0022872" startTime="2023-12-22T09:33:52.0532189+01:00" endTime="2023-12-22T09:33:52.0532189+01:00" testType="13cdc9d9-ddb5-4fa4-a97d-d965ccfc6d4b" outcome="Passed" testListId="8c84fa94-04c1-424b-9868-57a2d4851a1d" relativeResultsDirectory="afce6675-ebcc-49b1-8758-e013d68d2305" />
    <UnitTestResult executionId="056d5360-b291-4cd5-8668-2ef7d5d240c0" testId="58a864d4-17e9-c73e-2e49-ff48f71f41da" testName="PtzStopSessionCommandHandler_Execute_NotSupportedException" computerName="DKSR-EFI-04" duration="00:00:00.0020388" startTime="2023-12-22T09:33:50.4750904+01:00" endTime="2023-12-22T09:33:50.4750904+01:00" testType="13cdc9d9-ddb5-4fa4-a97d-d965ccfc6d4b" outcome="Passed" testListId="8c84fa94-04c1-424b-9868-57a2d4851a1d" relativeResultsDirectory="056d5360-b291-4cd5-8668-2ef7d5d240c0" />
    <UnitTestResult executionId="9d6bf3f5-ba06-410a-9c96-1275972f7039" testId="347a112e-b363-c8aa-5844-d5fab15e1792" testName="EvidenceLockOnOldRecorderCommandHandler_UpdateEvidenceLock_RowMissing" computerName="DKSR-EFI-04" duration="00:00:00.0005601" startTime="2023-12-22T09:33:46.0375653+01:00" endTime="2023-12-22T09:33:46.0375653+01:00" testType="13cdc9d9-ddb5-4fa4-a97d-d965ccfc6d4b" outcome="Passed" testListId="8c84fa94-04c1-424b-9868-57a2d4851a1d" relativeResultsDirectory="9d6bf3f5-ba06-410a-9c96-1275972f7039" />
    <UnitTestResult executionId="68e24844-9d2e-4c2d-afc0-99ce38aedcad" testId="5b299f56-e5a1-23e2-60c8-4de7b98b9179" testName="RegisterLiveTablesInStorage" computerName="DKSR-EFI-04" duration="00:00:00.0068069" startTime="2023-12-22T09:33:44.9281845+01:00" endTime="2023-12-22T09:33:44.9281845+01:00" testType="13cdc9d9-ddb5-4fa4-a97d-d965ccfc6d4b" outcome="Passed" testListId="8c84fa94-04c1-424b-9868-57a2d4851a1d" relativeResultsDirectory="68e24844-9d2e-4c2d-afc0-99ce38aedcad" />
    <UnitTestResult executionId="bc8ebec6-52ef-433f-9cc1-f225ea655cc8" testId="ef52bfca-9823-3644-4dd9-22de8b059e3a" testName="HandleRequest_PUT_Fails" computerName="DKSR-EFI-04" duration="00:00:00.0025750" startTime="2023-12-22T09:33:24.7562137+01:00" endTime="2023-12-22T09:33:24.7562137+01:00" testType="13cdc9d9-ddb5-4fa4-a97d-d965ccfc6d4b" outcome="Passed" testListId="8c84fa94-04c1-424b-9868-57a2d4851a1d" relativeResultsDirectory="bc8ebec6-52ef-433f-9cc1-f225ea655cc8" />
    <UnitTestResult executionId="3253583a-dbbf-4b6f-be40-c7953deb1cde" testId="36978323-ae7d-4782-91e4-504e37d2ff35" testName="GetHardwareUsersCommandHandler_Execute_GetUserList_ThrowsNoHardwareAccess_Reschedules" computerName="DKSR-EFI-04" duration="00:00:00.0024455" startTime="2023-12-22T09:33:47.8500739+01:00" endTime="2023-12-22T09:33:47.8500739+01:00" testType="13cdc9d9-ddb5-4fa4-a97d-d965ccfc6d4b" outcome="Passed" testListId="8c84fa94-04c1-424b-9868-57a2d4851a1d" relativeResultsDirectory="3253583a-dbbf-4b6f-be40-c7953deb1cde" />
    <UnitTestResult executionId="18f426f7-1397-44c9-9087-8a9ca1d60190" testId="ebf78a33-6f43-3b37-ec87-c7c1b6380f9c" testName="EdgeStorageLimitsTimeLimitNotOkBefore" computerName="DKSR-EFI-04" duration="00:00:00.0006386" startTime="2023-12-22T09:33:33.9593818+01:00" endTime="2023-12-22T09:33:33.9593818+01:00" testType="13cdc9d9-ddb5-4fa4-a97d-d965ccfc6d4b" outcome="Passed" testListId="8c84fa94-04c1-424b-9868-57a2d4851a1d" relativeResultsDirectory="18f426f7-1397-44c9-9087-8a9ca1d60190" />
    <UnitTestResult executionId="3d101298-9abb-4e96-8734-0d30ebba62d3" testId="5a4bbf6d-6575-fc29-4105-c0aa9f01f9b3" testName="EdgeStorageLimitsNoTimeLimit" computerName="DKSR-EFI-04" duration="00:00:00.0012619" startTime="2023-12-22T09:33:33.9593818+01:00" endTime="2023-12-22T09:33:33.9593818+01:00" testType="13cdc9d9-ddb5-4fa4-a97d-d965ccfc6d4b" outcome="Passed" testListId="8c84fa94-04c1-424b-9868-57a2d4851a1d" relativeResultsDirectory="3d101298-9abb-4e96-8734-0d30ebba62d3" />
    <UnitTestResult executionId="9f02ec1b-724e-44b2-8670-b7b9393c9799" testId="9b77f50a-195c-babb-8067-e33089016f46" testName="EdgeStorageLimitsReverseTimeLimitNotOk" computerName="DKSR-EFI-04" duration="00:00:00.0006328" startTime="2023-12-22T09:33:33.9750083+01:00" endTime="2023-12-22T09:33:33.9750083+01:00" testType="13cdc9d9-ddb5-4fa4-a97d-d965ccfc6d4b" outcome="Passed" testListId="8c84fa94-04c1-424b-9868-57a2d4851a1d" relativeResultsDirectory="9f02ec1b-724e-44b2-8670-b7b9393c9799" />
    <UnitTestResult executionId="3af29326-efd4-46db-b7f4-c57cf77b1e1b" testId="ccb34df4-86e3-130c-4b84-9d98dd328c0f" testName="PtzReserveSessionCommandHandler_Execute_PtzException_DeviceNotFound" computerName="DKSR-EFI-04" duration="00:00:00.0004765" startTime="2023-12-22T09:33:50.4125873+01:00" endTime="2023-12-22T09:33:50.4125873+01:00" testType="13cdc9d9-ddb5-4fa4-a97d-d965ccfc6d4b" outcome="Passed" testListId="8c84fa94-04c1-424b-9868-57a2d4851a1d" relativeResultsDirectory="3af29326-efd4-46db-b7f4-c57cf77b1e1b" />
    <UnitTestResult executionId="7ec2b827-1248-4ef7-ae19-a23496d8972e" testId="1e407488-9201-420d-35b5-15b3a1904cc0" testName="PtzPatrollingSessionBase_ExternalStopAndMoveToEndPosition_DeviceNotStarted" computerName="DKSR-EFI-04" duration="00:00:00.0012004" startTime="2023-12-22T09:33:52.3188456+01:00" endTime="2023-12-22T09:33:52.3188456+01:00" testType="13cdc9d9-ddb5-4fa4-a97d-d965ccfc6d4b" outcome="Passed" testListId="8c84fa94-04c1-424b-9868-57a2d4851a1d" relativeResultsDirectory="7ec2b827-1248-4ef7-ae19-a23496d8972e">
      <Output>
        <StdOut>Debug Trace:&#xD;
VideoOS.Recorder.PtzPatrollingSession session started</StdOut>
      </Output>
    </UnitTestResult>
    <UnitTestResult executionId="a402129d-5be9-415d-87a6-ca0fceae2319" testId="85b7c4ed-df7d-3214-f235-e36b4a4b80d6" testName="SOAPCommandRequestHandler_ExecuteFunction_HandlePTZMoveStop_NoDeviceId" computerName="DKSR-EFI-04" duration="00:00:00.0010761" startTime="2023-12-22T09:33:30.7406140+01:00" endTime="2023-12-22T09:33:30.7406140+01:00" testType="13cdc9d9-ddb5-4fa4-a97d-d965ccfc6d4b" outcome="Passed" testListId="8c84fa94-04c1-424b-9868-57a2d4851a1d" relativeResultsDirectory="a402129d-5be9-415d-87a6-ca0fceae2319" />
    <UnitTestResult executionId="3bfdba9f-962b-4875-9b3a-660ed5f90f50" testId="326dab35-ccc5-0830-1e1b-99ba7d03ea84" testName="PtzManagerDataHolder_RemoveController_Success" computerName="DKSR-EFI-04" duration="00:00:00.2507003" startTime="2023-12-22T09:33:51.3188415+01:00" endTime="2023-12-22T09:33:51.5688429+01:00" testType="13cdc9d9-ddb5-4fa4-a97d-d965ccfc6d4b" outcome="Passed" testListId="8c84fa94-04c1-424b-9868-57a2d4851a1d" relativeResultsDirectory="3bfdba9f-962b-4875-9b3a-660ed5f90f50">
      <Output>
        <StdOut>Debug Trace:&#xD;
VideoOS.Recorder.PtzDefaultSession session started&#xD;
VideoOS.Recorder.PtzDefaultSession session, OnBeforeExecuteRequest&#xD;
VideoOS.Recorder.PtzDefaultSession session stopped</StdOut>
      </Output>
    </UnitTestResult>
    <UnitTestResult executionId="ce7076f9-17dd-45dd-8541-330b736d1b21" testId="0de3df14-d764-433d-787a-88d2b74272fa" testName="CollectMediaStatusCommandHandler_MediaStorageReaderException" computerName="DKSR-EFI-04" duration="00:00:00.0007769" startTime="2023-12-22T09:33:45.4594376+01:00" endTime="2023-12-22T09:33:45.4594376+01:00" testType="13cdc9d9-ddb5-4fa4-a97d-d965ccfc6d4b" outcome="Passed" testListId="8c84fa94-04c1-424b-9868-57a2d4851a1d" relativeResultsDirectory="ce7076f9-17dd-45dd-8541-330b736d1b21" />
    <UnitTestResult executionId="151bef65-fd2f-44ad-b5a4-eb82bf0853bd" testId="1ba1561c-f0fa-3c62-50fc-6a8fbfa90a60" testName="ConnectSuccess_FrameBrowseLayer_NoMedia" computerName="DKSR-EFI-04" duration="00:00:00.0032726" startTime="2023-12-22T09:33:27.9124749+01:00" endTime="2023-12-22T09:33:27.9124749+01:00" testType="13cdc9d9-ddb5-4fa4-a97d-d965ccfc6d4b" outcome="Passed" testListId="8c84fa94-04c1-424b-9868-57a2d4851a1d" relativeResultsDirectory="151bef65-fd2f-44ad-b5a4-eb82bf0853bd" />
    <UnitTestResult executionId="be06bcf4-569b-4de0-a2f9-0e49e8849bd9" testId="39ab63ce-4d80-5eef-f7c5-602634b33d26" testName="HardwareScanSession_TestProgress" computerName="DKSR-EFI-04" duration="00:00:02.4222274" startTime="2023-12-22T09:33:41.7719194+01:00" endTime="2023-12-22T09:33:44.1938072+01:00" testType="13cdc9d9-ddb5-4fa4-a97d-d965ccfc6d4b" outcome="Passed" testListId="8c84fa94-04c1-424b-9868-57a2d4851a1d" relativeResultsDirectory="be06bcf4-569b-4de0-a2f9-0e49e8849bd9" />
    <UnitTestResult executionId="7390c872-1f76-4afc-9cb3-118904564e5d" testId="37195dfb-de58-20de-ec3b-ddd0fb7f8eae" testName="SOAPCommandRequestHandler_ExecuteFunction_HandlePTZMoveStop_Success" computerName="DKSR-EFI-04" duration="00:00:00.0024155" startTime="2023-12-22T09:33:30.7562382+01:00" endTime="2023-12-22T09:33:30.7562382+01:00" testType="13cdc9d9-ddb5-4fa4-a97d-d965ccfc6d4b" outcome="Passed" testListId="8c84fa94-04c1-424b-9868-57a2d4851a1d" relativeResultsDirectory="7390c872-1f76-4afc-9cb3-118904564e5d" />
    <UnitTestResult executionId="4544b246-35f2-45aa-b09a-b90679b16c78" testId="89e9840a-f8d1-8b03-eada-327dd314aa58" testName="SOAPCommandRequestHandler_ExecuteFunction_HandleGetRetentionTimeLimit_Success_DeviceNotStarted" computerName="DKSR-EFI-04" duration="00:00:00.0012809" startTime="2023-12-22T09:33:30.4281161+01:00" endTime="2023-12-22T09:33:30.4281161+01:00" testType="13cdc9d9-ddb5-4fa4-a97d-d965ccfc6d4b" outcome="Passed" testListId="8c84fa94-04c1-424b-9868-57a2d4851a1d" relativeResultsDirectory="4544b246-35f2-45aa-b09a-b90679b16c78" />
    <UnitTestResult executionId="cb94f3a3-ca2c-4676-b3b4-a3615be9842f" testId="9c635f9f-e840-1299-44fc-4dafb07bd703" testName="PrepareMoveHardwareCommandHandler_Execute_Command_Null_ArgumentException" computerName="DKSR-EFI-04" duration="00:00:00.0040576" startTime="2023-12-22T09:33:48.9750786+01:00" endTime="2023-12-22T09:33:48.9750786+01:00" testType="13cdc9d9-ddb5-4fa4-a97d-d965ccfc6d4b" outcome="Passed" testListId="8c84fa94-04c1-424b-9868-57a2d4851a1d" relativeResultsDirectory="cb94f3a3-ca2c-4676-b3b4-a3615be9842f">
      <Output>
        <StdOut>Debug Trace:&#xD;
Fail: Command/Command handler type mismatch</StdOut>
      </Output>
    </UnitTestResult>
    <UnitTestResult executionId="435acce3-7960-4a70-aca1-e1f7a98b74ee" testId="da5205b9-0f99-3af5-fac3-d0934e4115a7" testName="EvidenceLockOnOldRecorderCommandHandler_DeleteEvidenceLock" computerName="DKSR-EFI-04" duration="00:00:00.0110861" startTime="2023-12-22T09:33:46.0375653+01:00" endTime="2023-12-22T09:33:46.0531892+01:00" testType="13cdc9d9-ddb5-4fa4-a97d-d965ccfc6d4b" outcome="Passed" testListId="8c84fa94-04c1-424b-9868-57a2d4851a1d" relativeResultsDirectory="435acce3-7960-4a70-aca1-e1f7a98b74ee" />
    <UnitTestResult executionId="7eaef5e5-baa7-4972-993a-543382817a93" testId="d8494be8-eca0-1496-06ad-a94cbb3fdc12" testName="DeleteHardwareUserCommandHandler_Execute_HardwareNotFound_Fails" computerName="DKSR-EFI-04" duration="00:00:00.0061535" startTime="2023-12-22T09:33:45.9125648+01:00" endTime="2023-12-22T09:33:45.9125648+01:00" testType="13cdc9d9-ddb5-4fa4-a97d-d965ccfc6d4b" outcome="Passed" testListId="8c84fa94-04c1-424b-9868-57a2d4851a1d" relativeResultsDirectory="7eaef5e5-baa7-4972-993a-543382817a93" />
    <UnitTestResult executionId="ae34bd02-abf2-48a3-91a6-d261169b22b6" testId="1785dede-d658-d73b-9752-40a45c6936de" testName="PtzPatrollingSessionBase_SignalUpdateSchema_Success" computerName="DKSR-EFI-04" duration="00:00:00.0024385" startTime="2023-12-22T09:33:52.3344749+01:00" endTime="2023-12-22T09:33:52.3500981+01:00" testType="13cdc9d9-ddb5-4fa4-a97d-d965ccfc6d4b" outcome="Passed" testListId="8c84fa94-04c1-424b-9868-57a2d4851a1d" relativeResultsDirectory="ae34bd02-abf2-48a3-91a6-d261169b22b6">
      <Output>
        <StdOut>Debug Trace:&#xD;
VideoOS.Recorder.PtzPatrollingSession session started</StdOut>
      </Output>
    </UnitTestResult>
    <UnitTestResult executionId="83419829-3c28-4bc2-8f8d-e5ed2274fc31" testId="84ba4574-72a6-41c2-c017-b92e39738ed7" testName="ConfigurationDatasetHolder_ApplyTableDistribution_NoDistributions_LiveTableExists_Failover_Success" computerName="DKSR-EFI-04" duration="00:00:00.0056112" startTime="2023-12-22T09:33:20.8186929+01:00" endTime="2023-12-22T09:33:20.8343173+01:00" testType="13cdc9d9-ddb5-4fa4-a97d-d965ccfc6d4b" outcome="Passed" testListId="8c84fa94-04c1-424b-9868-57a2d4851a1d" relativeResultsDirectory="83419829-3c28-4bc2-8f8d-e5ed2274fc31" />
    <UnitTestResult executionId="64ff34d9-f0a9-4277-a63c-fa40d54cfcce" testId="0f9a2ddb-a9cb-d21e-eae3-4e8bb305fc77" testName="GetDatabaseInfo_BankID_NotGuid" computerName="DKSR-EFI-04" duration="00:00:00.0023643" startTime="2023-12-22T09:33:23.1468295+01:00" endTime="2023-12-22T09:33:23.1624541+01:00" testType="13cdc9d9-ddb5-4fa4-a97d-d965ccfc6d4b" outcome="Passed" testListId="8c84fa94-04c1-424b-9868-57a2d4851a1d" relativeResultsDirectory="64ff34d9-f0a9-4277-a63c-fa40d54cfcce" />
    <UnitTestResult executionId="9eb0e5b3-0ae8-4b08-946e-efce35b99326" testId="7df383ca-baa8-b798-2990-6141bf44ad19" testName="GetDatabaseInfo_RecordingStorageNotFound_ArchiveHintTrue" computerName="DKSR-EFI-04" duration="00:00:00.0001739" startTime="2023-12-22T09:33:23.1468295+01:00" endTime="2023-12-22T09:33:23.1468295+01:00" testType="13cdc9d9-ddb5-4fa4-a97d-d965ccfc6d4b" outcome="Passed" testListId="8c84fa94-04c1-424b-9868-57a2d4851a1d" relativeResultsDirectory="9eb0e5b3-0ae8-4b08-946e-efce35b99326" />
    <UnitTestResult executionId="a7969413-af33-4f17-aea9-21a11a504aeb" testId="2471960c-fbc1-1789-b84e-c826b7cea066" testName="ChangeHardwarePasswordCommandHandler_Execute_ChangePassword_ThrowsPasswordTooLong_Errors" computerName="DKSR-EFI-04" duration="00:00:00.0008228" startTime="2023-12-22T09:33:45.1469365+01:00" endTime="2023-12-22T09:33:45.1469365+01:00" testType="13cdc9d9-ddb5-4fa4-a97d-d965ccfc6d4b" outcome="Passed" testListId="8c84fa94-04c1-424b-9868-57a2d4851a1d" relativeResultsDirectory="a7969413-af33-4f17-aea9-21a11a504aeb" />
    <UnitTestResult executionId="0ce478bd-eeb2-4d58-bf5f-09558de997d1" testId="1c38f8ae-6947-ab02-542f-48a93c189571" testName="SOAPCommandRequestHandler_ExecuteFunction_HandleSequencesGetAround_No_Speaker_Security" computerName="DKSR-EFI-04" duration="00:00:00.0018605" startTime="2023-12-22T09:33:29.8499863+01:00" endTime="2023-12-22T09:33:29.8499863+01:00" testType="13cdc9d9-ddb5-4fa4-a97d-d965ccfc6d4b" outcome="Passed" testListId="8c84fa94-04c1-424b-9868-57a2d4851a1d" relativeResultsDirectory="0ce478bd-eeb2-4d58-bf5f-09558de997d1" />
    <UnitTestResult executionId="f95aa5fb-66f3-49d3-aa1e-1da6e9401ac7" testId="cb8df580-11f9-6d50-3771-5ee5d8a3d9c5" testName="ChangeConfigLinksAddedAndRemovedWhileRecordingCamera" computerName="DKSR-EFI-04" duration="00:00:00.0008673" startTime="2023-12-22T09:33:33.3500068+01:00" endTime="2023-12-22T09:33:33.3500068+01:00" testType="13cdc9d9-ddb5-4fa4-a97d-d965ccfc6d4b" outcome="Passed" testListId="8c84fa94-04c1-424b-9868-57a2d4851a1d" relativeResultsDirectory="f95aa5fb-66f3-49d3-aa1e-1da6e9401ac7" />
    <UnitTestResult executionId="64b70125-c9fa-43f1-abdb-c64439a3d090" testId="8dd9db66-980f-8c56-a4d5-214f14280db1" testName="TimeRangeConversionRangeSpansStartAndEndTime" computerName="DKSR-EFI-04" duration="00:00:00.0022596" startTime="2023-12-22T09:33:44.3500585+01:00" endTime="2023-12-22T09:33:44.3500585+01:00" testType="13cdc9d9-ddb5-4fa4-a97d-d965ccfc6d4b" outcome="Passed" testListId="8c84fa94-04c1-424b-9868-57a2d4851a1d" relativeResultsDirectory="64b70125-c9fa-43f1-abdb-c64439a3d090" />
    <UnitTestResult executionId="edba8368-8e97-4326-ab15-81dbef0f37a2" testId="7862ec96-08d4-7672-b75b-2c9eb8ac1d53" testName="SOAPCommandRequestHandler_ExecuteFunction_HandleSmartSearchGetResult_NoSmartSearchId" computerName="DKSR-EFI-04" duration="00:00:00.0026279" startTime="2023-12-22T09:33:29.9441400+01:00" endTime="2023-12-22T09:33:29.9441400+01:00" testType="13cdc9d9-ddb5-4fa4-a97d-d965ccfc6d4b" outcome="Passed" testListId="8c84fa94-04c1-424b-9868-57a2d4851a1d" relativeResultsDirectory="edba8368-8e97-4326-ab15-81dbef0f37a2" />
    <UnitTestResult executionId="6b86beea-596f-4ccf-8f65-5288ab03785d" testId="8311232f-5b73-96eb-cc67-856a20cb6bd4" testName="SearchingForward" computerName="DKSR-EFI-04" duration="00:00:00.0006451" startTime="2023-12-22T09:33:32.9281272+01:00" endTime="2023-12-22T09:33:32.9281272+01:00" testType="13cdc9d9-ddb5-4fa4-a97d-d965ccfc6d4b" outcome="Passed" testListId="8c84fa94-04c1-424b-9868-57a2d4851a1d" relativeResultsDirectory="6b86beea-596f-4ccf-8f65-5288ab03785d" />
    <UnitTestResult executionId="3bfec5c3-f613-49f9-9991-8446e6c56add" testId="0a84de12-6fcf-8161-bb90-5dcf0b5aae74" testName="FindMaskAtTime" computerName="DKSR-EFI-04" duration="00:00:00.0021019" startTime="2023-12-22T09:33:32.9281272+01:00" endTime="2023-12-22T09:33:32.9281272+01:00" testType="13cdc9d9-ddb5-4fa4-a97d-d965ccfc6d4b" outcome="Passed" testListId="8c84fa94-04c1-424b-9868-57a2d4851a1d" relativeResultsDirectory="3bfec5c3-f613-49f9-9991-8446e6c56add" />
    <UnitTestResult executionId="af46b170-d634-4daa-a4b2-be2a491f3c9c" testId="22164d49-f315-e621-a15d-7ac798216806" testName="GetHardwareUsersCommandHandler_Execute_ExpectedUsersReturned" computerName="DKSR-EFI-04" duration="00:00:00.0060994" startTime="2023-12-22T09:33:47.7875747+01:00" endTime="2023-12-22T09:33:47.7875747+01:00" testType="13cdc9d9-ddb5-4fa4-a97d-d965ccfc6d4b" outcome="Passed" testListId="8c84fa94-04c1-424b-9868-57a2d4851a1d" relativeResultsDirectory="af46b170-d634-4daa-a4b2-be2a491f3c9c" />
    <UnitTestResult executionId="c4ce1e9d-ce11-4163-a19c-7a7822837e55" testId="814b8c0a-160f-1311-d907-98ac754563aa" testName="ChangeHardwarePasswordCommandHandler_Execute_Success" computerName="DKSR-EFI-04" duration="00:00:00.0105311" startTime="2023-12-22T09:33:45.1313106+01:00" endTime="2023-12-22T09:33:45.1313106+01:00" testType="13cdc9d9-ddb5-4fa4-a97d-d965ccfc6d4b" outcome="Passed" testListId="8c84fa94-04c1-424b-9868-57a2d4851a1d" relativeResultsDirectory="c4ce1e9d-ce11-4163-a19c-7a7822837e55" />
    <UnitTestResult executionId="3bc613c0-f5a1-4e06-8d05-820700d0bef5" testId="e389a3e1-5f0a-6683-3c50-a2a34e042147" testName="ConfigurationController_UpdateUserSecurityTokens_IsNull_BadRequestResult" computerName="DKSR-EFI-04" duration="00:00:00.0016767" startTime="2023-12-22T09:33:24.3968364+01:00" endTime="2023-12-22T09:33:24.3968364+01:00" testType="13cdc9d9-ddb5-4fa4-a97d-d965ccfc6d4b" outcome="Passed" testListId="8c84fa94-04c1-424b-9868-57a2d4851a1d" relativeResultsDirectory="3bc613c0-f5a1-4e06-8d05-820700d0bef5" />
    <UnitTestResult executionId="e7ebd191-a36b-4476-b8c3-c43f6491c40a" testId="fbf768f5-bda1-d532-9518-dfdf120eb87b" testName="FirmwareUpgradeCommandHandler_Execute_NullOrIncorrectArgs_Throw" computerName="DKSR-EFI-04" duration="00:00:00.0126395" startTime="2023-12-22T09:33:46.1000642+01:00" endTime="2023-12-22T09:33:46.1156906+01:00" testType="13cdc9d9-ddb5-4fa4-a97d-d965ccfc6d4b" outcome="Passed" testListId="8c84fa94-04c1-424b-9868-57a2d4851a1d" relativeResultsDirectory="e7ebd191-a36b-4476-b8c3-c43f6491c40a">
      <Output>
        <StdOut>Debug Trace:&#xD;
Fail: Command/Command handler type mismatch&#xD;
Fail: Command/Command handler type mismatch&#xD;
Fail: Argument null.</StdOut>
      </Output>
    </UnitTestResult>
    <UnitTestResult executionId="664363f2-f95a-4cad-b9ff-0d4d5decf468" testId="7ae16e9a-51a3-b632-f70e-7bae9358417b" testName="EdgeStorageLimitsManagerGetLimitsCheckConfigUpdatesParallelLimitSame" computerName="DKSR-EFI-04" duration="00:00:00.0013912" startTime="2023-12-22T09:33:34.0843807+01:00" endTime="2023-12-22T09:33:34.0843807+01:00" testType="13cdc9d9-ddb5-4fa4-a97d-d965ccfc6d4b" outcome="Passed" testListId="8c84fa94-04c1-424b-9868-57a2d4851a1d" relativeResultsDirectory="664363f2-f95a-4cad-b9ff-0d4d5decf468" />
    <UnitTestResult executionId="5f76052f-7a32-47ae-a26e-442e503acd95" testId="65799c34-732d-1a33-c654-588279eeaf65" testName="PerformFileSystemOperation_ModelIsNull_BadRequestResult" computerName="DKSR-EFI-04" duration="00:00:00.0018842" startTime="2023-12-22T09:33:24.5999634+01:00" endTime="2023-12-22T09:33:24.5999634+01:00" testType="13cdc9d9-ddb5-4fa4-a97d-d965ccfc6d4b" outcome="Passed" testListId="8c84fa94-04c1-424b-9868-57a2d4851a1d" relativeResultsDirectory="5f76052f-7a32-47ae-a26e-442e503acd95" />
    <UnitTestResult executionId="89990197-e860-4451-9774-9f39cfd311c7" testId="3684dd9a-88f0-8211-0281-3e878fb28168" testName="SOAPCommandRequestHandler_Constructor_Success" computerName="DKSR-EFI-04" duration="00:00:00.0004896" startTime="2023-12-22T09:33:30.4437377+01:00" endTime="2023-12-22T09:33:30.4437377+01:00" testType="13cdc9d9-ddb5-4fa4-a97d-d965ccfc6d4b" outcome="Passed" testListId="8c84fa94-04c1-424b-9868-57a2d4851a1d" relativeResultsDirectory="89990197-e860-4451-9774-9f39cfd311c7" />
    <UnitTestResult executionId="d0f1ab28-5c78-4f7c-95e6-3de4581838cc" testId="f8373e9a-e7fb-8ad5-7e76-6dd87f57c880" testName="SOAPCommandRequestHandler_ExecuteFunction_HandlePtzGetAbsolutePosition_Success" computerName="DKSR-EFI-04" duration="00:00:00.0021653" startTime="2023-12-22T09:33:30.6624887+01:00" endTime="2023-12-22T09:33:30.6624887+01:00" testType="13cdc9d9-ddb5-4fa4-a97d-d965ccfc6d4b" outcome="Passed" testListId="8c84fa94-04c1-424b-9868-57a2d4851a1d" relativeResultsDirectory="d0f1ab28-5c78-4f7c-95e6-3de4581838cc" />
    <UnitTestResult executionId="f8b1d9c6-f1de-489b-84b5-53014bc1ca40" testId="6821bff6-623b-fea9-3166-e7205d5004e2" testName="SOAPCommandRequestHandler_ExecuteFunction_HandleSendDriverCommand_NoDeviceId" computerName="DKSR-EFI-04" duration="00:00:00.0013227" startTime="2023-12-22T09:33:30.2718637+01:00" endTime="2023-12-22T09:33:30.2718637+01:00" testType="13cdc9d9-ddb5-4fa4-a97d-d965ccfc6d4b" outcome="Passed" testListId="8c84fa94-04c1-424b-9868-57a2d4851a1d" relativeResultsDirectory="f8b1d9c6-f1de-489b-84b5-53014bc1ca40" />
    <UnitTestResult executionId="de0f5b75-1607-46ce-8df1-6f5ace8d22ae" testId="aba52ee4-f6f5-ae12-1c3c-1f0f18673b2e" testName="HardwareScanSession_TestStopWithoutStart" computerName="DKSR-EFI-04" duration="00:00:00.0792950" startTime="2023-12-22T09:33:34.1000078+01:00" endTime="2023-12-22T09:33:34.1781335+01:00" testType="13cdc9d9-ddb5-4fa4-a97d-d965ccfc6d4b" outcome="Passed" testListId="8c84fa94-04c1-424b-9868-57a2d4851a1d" relativeResultsDirectory="de0f5b75-1607-46ce-8df1-6f5ace8d22ae" />
    <UnitTestResult executionId="2663b62e-441c-45e3-b7e1-7f8953adb063" testId="0b702db0-cebd-ea37-ccd5-e544717e9820" testName="ConnectSuccess_FrameBrowseLayer_Begin_End_PrevSeq_NextSeq" computerName="DKSR-EFI-04" duration="00:00:00.0042549" startTime="2023-12-22T09:33:27.9124749+01:00" endTime="2023-12-22T09:33:27.9124749+01:00" testType="13cdc9d9-ddb5-4fa4-a97d-d965ccfc6d4b" outcome="Passed" testListId="8c84fa94-04c1-424b-9868-57a2d4851a1d" relativeResultsDirectory="2663b62e-441c-45e3-b7e1-7f8953adb063" />
    <UnitTestResult executionId="267eebdb-3e02-424b-bcbc-19e133a6d34e" testId="48a0174a-969e-aeff-81b3-935201a07798" testName="FilterTrackIdsToThoseThatShouldNotHaveMediaOnRecorder_InternalStateStartedWithIncompatibleServer_ReturnsEmptyArray" computerName="DKSR-EFI-04" duration="00:00:00.0012794" startTime="2023-12-22T09:33:24.1375157+01:00" endTime="2023-12-22T09:33:24.1375157+01:00" testType="13cdc9d9-ddb5-4fa4-a97d-d965ccfc6d4b" outcome="Passed" testListId="8c84fa94-04c1-424b-9868-57a2d4851a1d" relativeResultsDirectory="267eebdb-3e02-424b-bcbc-19e133a6d34e" />
    <UnitTestResult executionId="a9be5cbb-f19d-4a27-8b90-dcf703fb519d" testId="7c47d70e-66c8-388b-e626-5761c693397f" testName="DatabaseTaskCommandHandler_TableNameGenerator_GetDestinationNameForMovedTable_Success" computerName="DKSR-EFI-04" duration="00:00:00.0008650" startTime="2023-12-22T09:33:45.6469386+01:00" endTime="2023-12-22T09:33:45.6469386+01:00" testType="13cdc9d9-ddb5-4fa4-a97d-d965ccfc6d4b" outcome="Passed" testListId="8c84fa94-04c1-424b-9868-57a2d4851a1d" relativeResultsDirectory="a9be5cbb-f19d-4a27-8b90-dcf703fb519d" />
    <UnitTestResult executionId="a76961a4-fbd6-4b08-8b40-9eca344c60ad" testId="c6d95831-9453-6384-26f9-4e0968c83fbf" testName="PtzReserveSession_ModelIsValid_CommandExecuted" computerName="DKSR-EFI-04" duration="00:00:00.0015539" startTime="2023-12-22T09:33:24.5530861+01:00" endTime="2023-12-22T09:33:24.5530861+01:00" testType="13cdc9d9-ddb5-4fa4-a97d-d965ccfc6d4b" outcome="Passed" testListId="8c84fa94-04c1-424b-9868-57a2d4851a1d" relativeResultsDirectory="a76961a4-fbd6-4b08-8b40-9eca344c60ad" />
    <UnitTestResult executionId="f5bf806d-8032-4dae-a6e1-ae383b3fcbd9" testId="36219f46-19c5-2d92-654e-c7df2649854b" testName="SendUpdateHardwareDriverCommandAsync_ConnectedAndCompatible_ShouldNotThrowAnException" computerName="DKSR-EFI-04" duration="00:00:00.0010120" startTime="2023-12-22T09:33:24.2405849+01:00" endTime="2023-12-22T09:33:24.2405849+01:00" testType="13cdc9d9-ddb5-4fa4-a97d-d965ccfc6d4b" outcome="Passed" testListId="8c84fa94-04c1-424b-9868-57a2d4851a1d" relativeResultsDirectory="f5bf806d-8032-4dae-a6e1-ae383b3fcbd9" />
    <UnitTestResult executionId="0fbc47ff-9ab4-494a-96ce-1a6889e4e52d" testId="0c6360a7-d9d2-1748-1162-a67f8efb11e8" testName="SOAPCommandRequestHandler_ExecuteFunction_HandleJPEGGetAt_NotAllowed" computerName="DKSR-EFI-04" duration="00:00:00.0021434" startTime="2023-12-22T09:33:30.4749887+01:00" endTime="2023-12-22T09:33:30.4749887+01:00" testType="13cdc9d9-ddb5-4fa4-a97d-d965ccfc6d4b" outcome="Passed" testListId="8c84fa94-04c1-424b-9868-57a2d4851a1d" relativeResultsDirectory="0fbc47ff-9ab4-494a-96ce-1a6889e4e52d" />
    <UnitTestResult executionId="f2f23c0a-7f3c-45d5-bc38-1191efede4f3" testId="92d55bf1-3cde-20d6-09db-88d6935f1eec" testName="IsInRange_ShouldReturnFalse_WhenAddressLessThanStart" computerName="DKSR-EFI-04" duration="00:00:00.0001407" startTime="2023-12-22T09:33:44.3031837+01:00" endTime="2023-12-22T09:33:44.3031837+01:00" testType="13cdc9d9-ddb5-4fa4-a97d-d965ccfc6d4b" outcome="Passed" testListId="8c84fa94-04c1-424b-9868-57a2d4851a1d" relativeResultsDirectory="f2f23c0a-7f3c-45d5-bc38-1191efede4f3" />
    <UnitTestResult executionId="9ec90015-8894-4bbd-95ac-a54eb245bf23" testId="b3878c29-14ab-db60-6faa-179c0a00f93e" testName="PipelineEventSource_InitializationTest" computerName="DKSR-EFI-04" duration="00:00:00.0803908" startTime="2023-12-22T09:33:31.8656186+01:00" endTime="2023-12-22T09:33:31.9593706+01:00" testType="13cdc9d9-ddb5-4fa4-a97d-d965ccfc6d4b" outcome="Passed" testListId="8c84fa94-04c1-424b-9868-57a2d4851a1d" relativeResultsDirectory="9ec90015-8894-4bbd-95ac-a54eb245bf23" />
    <UnitTestResult executionId="738a40bc-5081-40fa-a51d-4596952fe8b9" testId="0e175f94-dc91-8e36-fedf-5c1583d8241e" testName="PtzManager_Constructor_Success" computerName="DKSR-EFI-04" duration="00:00:00.0011377" startTime="2023-12-22T09:33:51.8657196+01:00" endTime="2023-12-22T09:33:51.8813436+01:00" testType="13cdc9d9-ddb5-4fa4-a97d-d965ccfc6d4b" outcome="Passed" testListId="8c84fa94-04c1-424b-9868-57a2d4851a1d" relativeResultsDirectory="738a40bc-5081-40fa-a51d-4596952fe8b9" />
    <UnitTestResult executionId="cc26357c-6d6c-4475-9d5c-dd8376f9d7f6" testId="42c118ae-5758-15ae-f9df-f825390f2162" testName="PtzReleaseSessionCommandHandler_Execute_Success" computerName="DKSR-EFI-04" duration="00:00:00.0019624" startTime="2023-12-22T09:33:50.3344595+01:00" endTime="2023-12-22T09:33:50.3344595+01:00" testType="13cdc9d9-ddb5-4fa4-a97d-d965ccfc6d4b" outcome="Passed" testListId="8c84fa94-04c1-424b-9868-57a2d4851a1d" relativeResultsDirectory="cc26357c-6d6c-4475-9d5c-dd8376f9d7f6" />
    <UnitTestResult executionId="ea36c865-6d16-4b5d-ad2f-63c290518710" testId="940f6623-57ba-741d-40a2-9054e86fc6ab" testName="SOAPCommandRequestHandler_ExecuteFunction_HandleJPEGGetAt_Success" computerName="DKSR-EFI-04" duration="00:00:00.0055441" startTime="2023-12-22T09:33:30.4906148+01:00" endTime="2023-12-22T09:33:30.4906148+01:00" testType="13cdc9d9-ddb5-4fa4-a97d-d965ccfc6d4b" outcome="Passed" testListId="8c84fa94-04c1-424b-9868-57a2d4851a1d" relativeResultsDirectory="ea36c865-6d16-4b5d-ad2f-63c290518710" />
    <UnitTestResult executionId="6732100a-e89c-4102-99bf-09fe437b6cd6" testId="eea4a727-ddb2-888f-62e7-07ea18cdcc69" testName="SOAPCommandRequestHandler_ExecuteFunction_HandleMulticastStart_User_Doesnt_Have_Permission" computerName="DKSR-EFI-04" duration="00:00:00.0054113" startTime="2023-12-22T09:33:30.2249885+01:00" endTime="2023-12-22T09:33:30.2406142+01:00" testType="13cdc9d9-ddb5-4fa4-a97d-d965ccfc6d4b" outcome="Passed" testListId="8c84fa94-04c1-424b-9868-57a2d4851a1d" relativeResultsDirectory="6732100a-e89c-4102-99bf-09fe437b6cd6" />
    <UnitTestResult executionId="d6f2f541-31ac-4355-871f-30df0c67ef7c" testId="7542de4e-8d44-a2f9-c6b6-030dc0d2df7a" testName="SOAPCommandRequestHandler_ExecuteFunction_HandlePTZCenter_NoDeviceId" computerName="DKSR-EFI-04" duration="00:00:00.0016648" startTime="2023-12-22T09:33:30.5999883+01:00" endTime="2023-12-22T09:33:30.5999883+01:00" testType="13cdc9d9-ddb5-4fa4-a97d-d965ccfc6d4b" outcome="Passed" testListId="8c84fa94-04c1-424b-9868-57a2d4851a1d" relativeResultsDirectory="d6f2f541-31ac-4355-871f-30df0c67ef7c" />
    <UnitTestResult executionId="554dc3d9-5154-449e-b7da-718672265393" testId="699aa23a-a690-202e-34c8-678043f318df" testName="CheckDeleteDeviceMediaCommandHandler_ConstructAndClone" computerName="DKSR-EFI-04" duration="00:00:00.0045484" startTime="2023-12-22T09:33:45.2094350+01:00" endTime="2023-12-22T09:33:45.2250612+01:00" testType="13cdc9d9-ddb5-4fa4-a97d-d965ccfc6d4b" outcome="Passed" testListId="8c84fa94-04c1-424b-9868-57a2d4851a1d" relativeResultsDirectory="554dc3d9-5154-449e-b7da-718672265393" />
    <UnitTestResult executionId="ca26d0f3-bb48-448b-bbb7-cbc41ea19ab8" testId="3733e2ee-3994-7baf-10b1-90fe617c0a63" testName="ActivateArchiving_PostCommandIsValid_NoContent" computerName="DKSR-EFI-04" duration="00:00:00.0009852" startTime="2023-12-22T09:33:24.4749606+01:00" endTime="2023-12-22T09:33:24.4749606+01:00" testType="13cdc9d9-ddb5-4fa4-a97d-d965ccfc6d4b" outcome="Passed" testListId="8c84fa94-04c1-424b-9868-57a2d4851a1d" relativeResultsDirectory="ca26d0f3-bb48-448b-bbb7-cbc41ea19ab8" />
    <UnitTestResult executionId="5a96743d-4b3c-4f43-ad69-6f1c2801cb35" testId="5cbc6753-3a26-d303-47a8-eb09e08f39cf" testName="SynchronizeDevicePresetsCommandHandler_Execute_DeviceNotFound" computerName="DKSR-EFI-04" duration="00:00:00.0009853" startTime="2023-12-22T09:33:51.0532151+01:00" endTime="2023-12-22T09:33:51.0532151+01:00" testType="13cdc9d9-ddb5-4fa4-a97d-d965ccfc6d4b" outcome="Passed" testListId="8c84fa94-04c1-424b-9868-57a2d4851a1d" relativeResultsDirectory="5a96743d-4b3c-4f43-ad69-6f1c2801cb35" />
    <UnitTestResult executionId="e6882bee-c5cb-4041-8726-c7f4c0f5cd14" testId="8c02a264-004f-1e21-3fee-9edeaf2e53df" testName="ConnectUpdate_Failed_TokenInvalid" computerName="DKSR-EFI-04" duration="00:00:00.0011818" startTime="2023-12-22T09:33:27.5531010+01:00" endTime="2023-12-22T09:33:27.5531010+01:00" testType="13cdc9d9-ddb5-4fa4-a97d-d965ccfc6d4b" outcome="Passed" testListId="8c84fa94-04c1-424b-9868-57a2d4851a1d" relativeResultsDirectory="e6882bee-c5cb-4041-8726-c7f4c0f5cd14" />
    <UnitTestResult executionId="fc9e54bc-51b1-4d87-9e83-90985ad47b51" testId="7a2b4445-6550-2bc9-9a63-77baee7c363a" testName="ConfigurationDatasetHolder_ApplyTableDistribution_NoDistributions_LiveTableExists_Success" computerName="DKSR-EFI-04" duration="00:00:00.0081784" startTime="2023-12-22T09:33:20.7718170+01:00" endTime="2023-12-22T09:33:20.7874434+01:00" testType="13cdc9d9-ddb5-4fa4-a97d-d965ccfc6d4b" outcome="Passed" testListId="8c84fa94-04c1-424b-9868-57a2d4851a1d" relativeResultsDirectory="fc9e54bc-51b1-4d87-9e83-90985ad47b51" />
    <UnitTestResult executionId="c5861ffd-6584-4302-9ba5-11e0e94feee3" testId="ee0be459-ac9f-d6d9-f9b3-c3e18f59a4c0" testName="ConnectSuccess_PrevSeqTime" computerName="DKSR-EFI-04" duration="00:00:00.0050183" startTime="2023-12-22T09:33:27.8031010+01:00" endTime="2023-12-22T09:33:27.8031010+01:00" testType="13cdc9d9-ddb5-4fa4-a97d-d965ccfc6d4b" outcome="Passed" testListId="8c84fa94-04c1-424b-9868-57a2d4851a1d" relativeResultsDirectory="c5861ffd-6584-4302-9ba5-11e0e94feee3" />
    <UnitTestResult executionId="47b7a4d3-e51a-41c0-8d97-70af0648a76d" testId="a8a1423c-661c-8591-3ce7-ddc28b153a5c" testName="DriverProxyInstanceManager_AddSameHardwareTwice_WithDifferentStreamCount_WarningLogged" computerName="DKSR-EFI-04" duration="00:00:00.0004679" startTime="2023-12-22T09:33:22.1780761+01:00" endTime="2023-12-22T09:33:22.1780761+01:00" testType="13cdc9d9-ddb5-4fa4-a97d-d965ccfc6d4b" outcome="Passed" testListId="8c84fa94-04c1-424b-9868-57a2d4851a1d" relativeResultsDirectory="47b7a4d3-e51a-41c0-8d97-70af0648a76d" />
    <UnitTestResult executionId="02000c07-c703-4483-991a-3c66417f719c" testId="5ac6fcfc-6af8-3974-71bf-61bafe388d40" testName="GetNetworkConfigurationCommandHandler_Execute_GetNetworkConfiguration_ThrowsNetworkSettingsManagementUnsupported_Errors" computerName="DKSR-EFI-04" duration="00:00:00.0008661" startTime="2023-12-22T09:33:47.9438272+01:00" endTime="2023-12-22T09:33:47.9438272+01:00" testType="13cdc9d9-ddb5-4fa4-a97d-d965ccfc6d4b" outcome="Passed" testListId="8c84fa94-04c1-424b-9868-57a2d4851a1d" relativeResultsDirectory="02000c07-c703-4483-991a-3c66417f719c" />
    <UnitTestResult executionId="2e67d330-ff60-4d90-afc2-34084474c989" testId="288762e4-5c4d-5910-ed4b-3054184b8d0a" testName="OnTimer_TimerCallback_PingActionCalled" computerName="DKSR-EFI-04" duration="00:00:00.0012962" startTime="2023-12-22T09:33:24.2718345+01:00" endTime="2023-12-22T09:33:24.2718345+01:00" testType="13cdc9d9-ddb5-4fa4-a97d-d965ccfc6d4b" outcome="Passed" testListId="8c84fa94-04c1-424b-9868-57a2d4851a1d" relativeResultsDirectory="2e67d330-ff60-4d90-afc2-34084474c989" />
    <UnitTestResult executionId="f81c202b-bc5e-4cb8-aedf-e5939a3995c3" testId="5685a992-14fa-0621-d053-65caa7f970ee" testName="EdgeStorageLimitsTimeLimitOkUpperBoundry" computerName="DKSR-EFI-04" duration="00:00:00.0006493" startTime="2023-12-22T09:33:33.9750083+01:00" endTime="2023-12-22T09:33:33.9750083+01:00" testType="13cdc9d9-ddb5-4fa4-a97d-d965ccfc6d4b" outcome="Passed" testListId="8c84fa94-04c1-424b-9868-57a2d4851a1d" relativeResultsDirectory="f81c202b-bc5e-4cb8-aedf-e5939a3995c3" />
    <UnitTestResult executionId="94fc6a9f-9348-46d5-b476-a40c705f8cb0" testId="f1d46e24-e6d0-3755-9b56-ec6d1cabd787" testName="FirmwareUpgradeCommandHandler_Execute_FirmwareUpgradeStatus_ThrowsNetworkException_Errors" computerName="DKSR-EFI-04" duration="00:00:00.0013773" startTime="2023-12-22T09:33:47.6313241+01:00" endTime="2023-12-22T09:33:47.6313241+01:00" testType="13cdc9d9-ddb5-4fa4-a97d-d965ccfc6d4b" outcome="Passed" testListId="8c84fa94-04c1-424b-9868-57a2d4851a1d" relativeResultsDirectory="94fc6a9f-9348-46d5-b476-a40c705f8cb0" />
    <UnitTestResult executionId="cc0c0ba1-cc5f-4367-a4ae-6df0b51b88a4" testId="addea57a-8814-a686-b1d6-170ad8b0558e" testName="RecordingStorageDeviceLinkEntries_Remove_Success" computerName="DKSR-EFI-04" duration="00:00:00.0097363" startTime="2023-12-22T09:33:23.5374568+01:00" endTime="2023-12-22T09:33:23.5374568+01:00" testType="13cdc9d9-ddb5-4fa4-a97d-d965ccfc6d4b" outcome="Passed" testListId="8c84fa94-04c1-424b-9868-57a2d4851a1d" relativeResultsDirectory="cc0c0ba1-cc5f-4367-a4ae-6df0b51b88a4" />
    <UnitTestResult executionId="2766175e-6632-4885-ae80-4b4c9754d395" testId="b4c8b4fe-75e0-393f-0de0-b15d564184ce" testName="SearchingMixedWithEmptyMask" computerName="DKSR-EFI-04" duration="00:00:00.0007823" startTime="2023-12-22T09:33:32.9593769+01:00" endTime="2023-12-22T09:33:32.9593769+01:00" testType="13cdc9d9-ddb5-4fa4-a97d-d965ccfc6d4b" outcome="Passed" testListId="8c84fa94-04c1-424b-9868-57a2d4851a1d" relativeResultsDirectory="2766175e-6632-4885-ae80-4b4c9754d395" />
    <UnitTestResult executionId="149b6089-47f2-4952-b36d-c68c4f14e96f" testId="47f76e92-fc6c-f7c0-c870-9743a5a037d3" testName="SOAPCommandRequestHandler_ExecuteFunction_HandleSmartSearchStart_Success_SearchIntervalLessThan1000" computerName="DKSR-EFI-04" duration="00:00:00.0052573" startTime="2023-12-22T09:33:30.1156107+01:00" endTime="2023-12-22T09:33:30.1156107+01:00" testType="13cdc9d9-ddb5-4fa4-a97d-d965ccfc6d4b" outcome="Passed" testListId="8c84fa94-04c1-424b-9868-57a2d4851a1d" relativeResultsDirectory="149b6089-47f2-4952-b36d-c68c4f14e96f" />
    <UnitTestResult executionId="45b7f531-d142-40d8-b4ee-68db4b3136be" testId="de48f299-960b-c324-97e4-bb53e6a08c4c" testName="FailoverMediaMover_Dispose_MultipleDisposeDoesNotThrow" computerName="DKSR-EFI-04" duration="00:00:00.0084090" startTime="2023-12-22T09:33:22.8188173+01:00" endTime="2023-12-22T09:33:22.8188173+01:00" testType="13cdc9d9-ddb5-4fa4-a97d-d965ccfc6d4b" outcome="Passed" testListId="8c84fa94-04c1-424b-9868-57a2d4851a1d" relativeResultsDirectory="45b7f531-d142-40d8-b4ee-68db4b3136be" />
    <UnitTestResult executionId="8553c6d1-e114-4843-b7c3-b3e6c05dae86" testId="c03c30cf-efaf-7d2d-1984-866170871d25" testName="MediaDbUtil_MultitrackNavigation_Scenario08" computerName="DKSR-EFI-04" duration="00:00:00.0265779" startTime="2023-12-22T09:33:28.6781066+01:00" endTime="2023-12-22T09:33:28.7093566+01:00" testType="13cdc9d9-ddb5-4fa4-a97d-d965ccfc6d4b" outcome="Passed" testListId="8c84fa94-04c1-424b-9868-57a2d4851a1d" relativeResultsDirectory="8553c6d1-e114-4843-b7c3-b3e6c05dae86">
      <Output>
        <StdOut>TestContext Messages:&#xD;
Before&#xD;
Navigation:  "  V                                     "&#xD;
Source    :  "1----1----1----1----1----1----1----1----"&#xD;
Unable to move&#xD;
&#xD;
AtOrBefore&#xD;
Navigation:  "  V                                     "&#xD;
Source    :  "1----1----1----1----1----1----1----1----"&#xD;
Expected  :  "1----N                                  "&#xD;
Actual    :  "1----N                                  "&#xD;
&#xD;
AtOrAfter&#xD;
Navigation:  "  V                                     "&#xD;
Source    :  "1----1----1----1----1----1----1----1----"&#xD;
Expected  :  "1----N                                  "&#xD;
Actual    :  "1----N                                  "&#xD;
&#xD;
After&#xD;
Navigation:  "  V                                     "&#xD;
Source    :  "1----1----1----1----1----1----1----1----"&#xD;
Expected  :  "P    1----N                             "&#xD;
Actual    :  "P    1----N                             "&#xD;
&#xD;
Before&#xD;
Navigation:  "                V                       "&#xD;
Source    :  "1----1----1----1----1----1----1----1----"&#xD;
Expected  :  "     P    1----N                        "&#xD;
Actual    :  "     P    1----N                        "&#xD;
&#xD;
AtOrBefore&#xD;
Navigation:  "                V                       "&#xD;
Source    :  "1----1----1----1----1----1----1----1----"&#xD;
Expected  :  "          P    1----N                   "&#xD;
Actual    :  "          P    1----N                   "&#xD;
&#xD;
AtOrAfter&#xD;
Navigation:  "                V                       "&#xD;
Source    :  "1----1----1----1----1----1----1----1----"&#xD;
Expected  :  "          P    1----N                   "&#xD;
Actual    :  "          P    1----N                   "&#xD;
&#xD;
After&#xD;
Navigation:  "                V                       "&#xD;
Source    :  "1----1----1----1----1----1----1----1----"&#xD;
Expected  :  "               P    1----N              "&#xD;
Actual    :  "               P    1----N              "&#xD;
&#xD;
Before&#xD;
Navigation:  "                 V                      "&#xD;
Source    :  "1----1----1----1----1----1----1----1----"&#xD;
Expected  :  "     P    1----N                        "&#xD;
Actual    :  "     P    1----N                        "&#xD;
&#xD;
AtOrBefore&#xD;
Navigation:  "                 V                      "&#xD;
Source    :  "1----1----1----1----1----1----1----1----"&#xD;
Expected  :  "          P    1----N                   "&#xD;
Actual    :  "          P    1----N                   "&#xD;
&#xD;
AtOrAfter&#xD;
Navigation:  "                 V                      "&#xD;
Source    :  "1----1----1----1----1----1----1----1----"&#xD;
Expected  :  "          P    1----N                   "&#xD;
Actual    :  "          P    1----N                   "&#xD;
&#xD;
After&#xD;
Navigation:  "                 V                      "&#xD;
Source    :  "1----1----1----1----1----1----1----1----"&#xD;
Expected  :  "               P    1----N              "&#xD;
Actual    :  "               P    1----N              "&#xD;
&#xD;
Before&#xD;
Navigation:  "                  V                     "&#xD;
Source    :  "1----1----1----1----1----1----1----1----"&#xD;
Expected  :  "     P    1----N                        "&#xD;
Actual    :  "     P    1----N                        "&#xD;
&#xD;
AtOrBefore&#xD;
Navigation:  "                  V                     "&#xD;
Source    :  "1----1----1----1----1----1----1----1----"&#xD;
Expected  :  "          P    1----N                   "&#xD;
Actual    :  "          P    1----N                   "&#xD;
&#xD;
AtOrAfter&#xD;
Navigation:  "                  V                     "&#xD;
Source    :  "1----1----1----1----1----1----1----1----"&#xD;
Expected  :  "          P    1----N                   "&#xD;
Actual    :  "          P    1----N                   "&#xD;
&#xD;
After&#xD;
Navigation:  "                  V                     "&#xD;
Source    :  "1----1----1----1----1----1----1----1----"&#xD;
Expected  :  "               P    1----N              "&#xD;
Actual    :  "               P    1----N              "&#xD;
&#xD;
Before&#xD;
Navigation:  "                                      V "&#xD;
Source    :  "1----1----1----1----1----1----1----1----"&#xD;
Expected  :  "                         P    1----N    "&#xD;
Actual    :  "                         P    1----N    "&#xD;
&#xD;
AtOrBefore&#xD;
Navigation:  "                                      V "&#xD;
Source    :  "1----1----1----1----1----1----1----1----"&#xD;
Expected  :  "                              P    1----"&#xD;
Actual    :  "                              P    1----"&#xD;
&#xD;
AtOrAfter&#xD;
Navigation:  "                                      V "&#xD;
Source    :  "1----1----1----1----1----1----1----1----"&#xD;
Expected  :  "                              P    1----"&#xD;
Actual    :  "                              P    1----"&#xD;
&#xD;
After&#xD;
Navigation:  "                                      V "&#xD;
Source    :  "1----1----1----1----1----1----1----1----"&#xD;
Unable to move&#xD;
&#xD;
Before&#xD;
Navigation:  "  V                                     "&#xD;
Source    :  "1----1----1----1--                      "&#xD;
Unable to move&#xD;
&#xD;
AtOrBefore&#xD;
Navigation:  "  V                                     "&#xD;
Source    :  "1----1----1----1--                      "&#xD;
Expected  :  "1----N                                  "&#xD;
Actual    :  "1----N                                  "&#xD;
&#xD;
AtOrAfter&#xD;
Navigation:  "  V                                     "&#xD;
Source    :  "1----1----1----1--                      "&#xD;
Expected  :  "1----N                                  "&#xD;
Actual    :  "1----N                                  "&#xD;
&#xD;
After&#xD;
Navigation:  "  V                                     "&#xD;
Source    :  "1----1----1----1--                      "&#xD;
Expected  :  "P    1----N                             "&#xD;
Actual    :  "P    1----N                             "&#xD;
&#xD;
Before&#xD;
Navigation:  "                V                       "&#xD;
Source    :  "1----1----1----1--                      "&#xD;
Expected  :  "     P    1----N                        "&#xD;
Actual    :  "     P    1----N                        "&#xD;
&#xD;
AtOrBefore&#xD;
Navigation:  "                V                       "&#xD;
Source    :  "1----1----1----1--                      "&#xD;
Expected  :  "          P    1--                      "&#xD;
Actual    :  "          P    1--                      "&#xD;
&#xD;
AtOrAfter&#xD;
Navigation:  "                V                       "&#xD;
Source    :  "1----1----1----1--                      "&#xD;
Expected  :  "          P    1--                      "&#xD;
Actual    :  "          P    1--                      "&#xD;
&#xD;
After&#xD;
Navigation:  "                V                       "&#xD;
Source    :  "1----1----1----1--                      "&#xD;
Unable to move&#xD;
&#xD;
Before&#xD;
Navigation:  "                 V                      "&#xD;
Source    :  "1----1----1----1--                      "&#xD;
Expected  :  "     P    1----N                        "&#xD;
Actual    :  "     P    1----N                        "&#xD;
&#xD;
AtOrBefore&#xD;
Navigation:  "                 V                      "&#xD;
Source    :  "1----1----1----1--                      "&#xD;
Expected  :  "          P    1--                      "&#xD;
Actual    :  "          P    1--                      "&#xD;
&#xD;
AtOrAfter&#xD;
Navigation:  "                 V                      "&#xD;
Source    :  "1----1----1----1--                      "&#xD;
Expected  :  "          P    1--                      "&#xD;
Actual    :  "          P    1--                      "&#xD;
&#xD;
After&#xD;
Navigation:  "                 V                      "&#xD;
Source    :  "1----1----1----1--                      "&#xD;
Unable to move&#xD;
&#xD;
Before&#xD;
Navigation:  "                  V                     "&#xD;
Source    :  "1----1----1----1--                      "&#xD;
Expected  :  "          P    1--                      "&#xD;
Actual    :  "          P    1--                      "&#xD;
&#xD;
AtOrBefore&#xD;
Navigation:  "                  V                     "&#xD;
Source    :  "1----1----1----1--                      "&#xD;
Expected  :  "          P    1--                      "&#xD;
Actual    :  "          P    1--                      "&#xD;
&#xD;
AtOrAfter&#xD;
Navigation:  "                  V                     "&#xD;
Source    :  "1----1----1----1--                      "&#xD;
Unable to move&#xD;
&#xD;
After&#xD;
Navigation:  "                  V                     "&#xD;
Source    :  "1----1----1----1--                      "&#xD;
Unable to move&#xD;
&#xD;
Before&#xD;
Navigation:  "                                      V "&#xD;
Source    :  "1----1----1----1--                      "&#xD;
Expected  :  "          P    1--                      "&#xD;
Actual    :  "          P    1--                      "&#xD;
&#xD;
AtOrBefore&#xD;
Navigation:  "                                      V "&#xD;
Source    :  "1----1----1----1--                      "&#xD;
Expected  :  "          P    1--                      "&#xD;
Actual    :  "          P    1--                      "&#xD;
&#xD;
AtOrAfter&#xD;
Navigation:  "                                      V "&#xD;
Source    :  "1----1----1----1--                      "&#xD;
Unable to move&#xD;
&#xD;
After&#xD;
Navigation:  "                                      V "&#xD;
Source    :  "1----1----1----1--                      "&#xD;
Unable to move</StdOut>
      </Output>
    </UnitTestResult>
    <UnitTestResult executionId="aad9475a-9d72-4d26-ade8-6cb49c43d421" testId="160fa9b6-e0e0-b68c-5f8a-83668432548f" testName="RequestArchiveInformation_StorageIDMapping_GUIDs_Multi" computerName="DKSR-EFI-04" duration="00:00:00.0027149" startTime="2023-12-22T09:33:32.7406258+01:00" endTime="2023-12-22T09:33:32.7406258+01:00" testType="13cdc9d9-ddb5-4fa4-a97d-d965ccfc6d4b" outcome="Passed" testListId="8c84fa94-04c1-424b-9868-57a2d4851a1d" relativeResultsDirectory="aad9475a-9d72-4d26-ade8-6cb49c43d421" />
    <UnitTestResult executionId="49b6b73c-3885-4b8a-a112-20873e259bc7" testId="1fbc5687-6ba4-87b6-c908-876ee89b7e65" testName="SOAPCommandRequestHandler_ExecuteFunction_HandlePresetSet_NotSupported" computerName="DKSR-EFI-04" duration="00:00:00.0010216" startTime="2023-12-22T09:33:30.9749916+01:00" endTime="2023-12-22T09:33:30.9749916+01:00" testType="13cdc9d9-ddb5-4fa4-a97d-d965ccfc6d4b" outcome="Passed" testListId="8c84fa94-04c1-424b-9868-57a2d4851a1d" relativeResultsDirectory="49b6b73c-3885-4b8a-a112-20873e259bc7" />
    <UnitTestResult executionId="683ea2ec-e3da-47d8-a5f5-4dceb4392802" testId="9a7164c5-b199-2157-f84d-e96958f10889" testName="RecordingStorageDeviceLinkEntries_Remove_Null_Throws_ArgumentNullException" computerName="DKSR-EFI-04" duration="00:00:00.0010232" startTime="2023-12-22T09:33:23.5530838+01:00" endTime="2023-12-22T09:33:23.5530838+01:00" testType="13cdc9d9-ddb5-4fa4-a97d-d965ccfc6d4b" outcome="Passed" testListId="8c84fa94-04c1-424b-9868-57a2d4851a1d" relativeResultsDirectory="683ea2ec-e3da-47d8-a5f5-4dceb4392802">
      <Output>
        <StdOut>Debug Trace:&#xD;
Fail: Argument null</StdOut>
      </Output>
    </UnitTestResult>
    <UnitTestResult executionId="659347d8-faa1-43db-882b-80ee6d66ee95" testId="7cdcc5fd-a07f-12d2-c570-bbe60c7b1f25" testName="SetupInitialHardwareUserCommandHandler_Execute_SetupUser_ThrowsUserHandlingOperationUnsupportedError_Errors" computerName="DKSR-EFI-04" duration="00:00:00.0008902" startTime="2023-12-22T09:33:50.9907143+01:00" endTime="2023-12-22T09:33:50.9907143+01:00" testType="13cdc9d9-ddb5-4fa4-a97d-d965ccfc6d4b" outcome="Passed" testListId="8c84fa94-04c1-424b-9868-57a2d4851a1d" relativeResultsDirectory="659347d8-faa1-43db-882b-80ee6d66ee95" />
    <UnitTestResult executionId="2045dd51-b3db-4ae7-a331-03faabdd1604" testId="2bd15d14-647f-e616-2c0a-2b924f0f4906" testName="AudioPlayerOnSpeaker_PlayUsingCurrentThread_Stopped" computerName="DKSR-EFI-04" duration="00:00:00.0009289" startTime="2023-12-22T09:33:52.4907225+01:00" endTime="2023-12-22T09:33:52.4907225+01:00" testType="13cdc9d9-ddb5-4fa4-a97d-d965ccfc6d4b" outcome="Passed" testListId="8c84fa94-04c1-424b-9868-57a2d4851a1d" relativeResultsDirectory="2045dd51-b3db-4ae7-a331-03faabdd1604" />
    <UnitTestResult executionId="3e6656f2-0024-4b66-8952-90bca439350a" testId="a8699a4b-e765-863a-8e71-377c6c94430b" testName="ConnectSuccess_NextSeqTime_AfterMedia" computerName="DKSR-EFI-04" duration="00:00:00.0025171" startTime="2023-12-22T09:33:27.7874749+01:00" endTime="2023-12-22T09:33:27.8031010+01:00" testType="13cdc9d9-ddb5-4fa4-a97d-d965ccfc6d4b" outcome="Passed" testListId="8c84fa94-04c1-424b-9868-57a2d4851a1d" relativeResultsDirectory="3e6656f2-0024-4b66-8952-90bca439350a" />
    <UnitTestResult executionId="8903c8a0-41a7-4c74-b285-a7bd0cd2b917" testId="d3d196c7-5027-eb74-42ce-f8cbef50513d" testName="SOAPCommandRequestHandler_ExecuteFunction_HandleJPEGGetLive_NoSecurity" computerName="DKSR-EFI-04" duration="00:00:00.0008852" startTime="2023-12-22T09:33:30.5218665+01:00" endTime="2023-12-22T09:33:30.5218665+01:00" testType="13cdc9d9-ddb5-4fa4-a97d-d965ccfc6d4b" outcome="Passed" testListId="8c84fa94-04c1-424b-9868-57a2d4851a1d" relativeResultsDirectory="8903c8a0-41a7-4c74-b285-a7bd0cd2b917" />
    <UnitTestResult executionId="51cbb57c-1c80-4144-804c-0222e139587e" testId="bfa3d061-b315-c94a-94a5-f42fe237084c" testName="Start_WithEmptyAddressesList_ShouldCompleteImmediately" computerName="DKSR-EFI-04" duration="00:00:00.0302741" startTime="2023-12-22T09:33:44.2094311+01:00" endTime="2023-12-22T09:33:44.2406814+01:00" testType="13cdc9d9-ddb5-4fa4-a97d-d965ccfc6d4b" outcome="Passed" testListId="8c84fa94-04c1-424b-9868-57a2d4851a1d" relativeResultsDirectory="51cbb57c-1c80-4144-804c-0222e139587e" />
    <UnitTestResult executionId="0ef0b88b-3f4e-424d-a3c3-893330d827de" testId="b321bf5a-fd2d-4b0b-5379-83f479a73f05" testName="DatabaseoperationCommandhandler_VerifyPath_Failover_ReturnErrorResponse" computerName="DKSR-EFI-04" duration="00:00:00.0006635" startTime="2023-12-22T09:33:45.6000622+01:00" endTime="2023-12-22T09:33:45.6000622+01:00" testType="13cdc9d9-ddb5-4fa4-a97d-d965ccfc6d4b" outcome="Passed" testListId="8c84fa94-04c1-424b-9868-57a2d4851a1d" relativeResultsDirectory="0ef0b88b-3f4e-424d-a3c3-893330d827de" />
    <UnitTestResult executionId="09f985de-07ed-4635-b743-278a355fd564" testId="5ae442bb-f5c7-72e4-8da6-14434c62f47b" testName="SetupInitialHardwareUserCommandHandler_Execute_WithSecurePort_Success" computerName="DKSR-EFI-04" duration="00:00:00.0009228" startTime="2023-12-22T09:33:50.9907143+01:00" endTime="2023-12-22T09:33:50.9907143+01:00" testType="13cdc9d9-ddb5-4fa4-a97d-d965ccfc6d4b" outcome="Passed" testListId="8c84fa94-04c1-424b-9868-57a2d4851a1d" relativeResultsDirectory="09f985de-07ed-4635-b743-278a355fd564" />
    <UnitTestResult executionId="28c9bf5b-2a6a-484b-8e22-87d110a9e667" testId="a7694aa5-8391-34f7-f555-d2d27c05360f" testName="PtzManager_ReleaseLockedSessionFromExtension_Controller_Not_Found" computerName="DKSR-EFI-04" duration="00:00:00.0010306" startTime="2023-12-22T09:33:52.1157211+01:00" endTime="2023-12-22T09:33:52.1157211+01:00" testType="13cdc9d9-ddb5-4fa4-a97d-d965ccfc6d4b" outcome="Passed" testListId="8c84fa94-04c1-424b-9868-57a2d4851a1d" relativeResultsDirectory="28c9bf5b-2a6a-484b-8e22-87d110a9e667" />
    <UnitTestResult executionId="3c479379-a4bc-4f76-b899-ad83325fd9f7" testId="a59c7650-9c8e-5a66-cf4d-86415c1d057c" testName="ResponseController_TimeoutResponseNullInput_BadRequestResult" computerName="DKSR-EFI-04" duration="00:00:00.0004611" startTime="2023-12-22T09:33:24.6937114+01:00" endTime="2023-12-22T09:33:24.6937114+01:00" testType="13cdc9d9-ddb5-4fa4-a97d-d965ccfc6d4b" outcome="Passed" testListId="8c84fa94-04c1-424b-9868-57a2d4851a1d" relativeResultsDirectory="3c479379-a4bc-4f76-b899-ad83325fd9f7" />
    <UnitTestResult executionId="dd2caa1f-3b81-4447-a68a-ec1eb61b52e8" testId="1ff4b6e7-c1ea-732c-e527-fce8c23b962e" testName="SearchingBackwardsEmpty" computerName="DKSR-EFI-04" duration="00:00:00.0003299" startTime="2023-12-22T09:33:33.4125039+01:00" endTime="2023-12-22T09:33:33.4281278+01:00" testType="13cdc9d9-ddb5-4fa4-a97d-d965ccfc6d4b" outcome="Passed" testListId="8c84fa94-04c1-424b-9868-57a2d4851a1d" relativeResultsDirectory="dd2caa1f-3b81-4447-a68a-ec1eb61b52e8" />
    <UnitTestResult executionId="7156b994-4b6e-45ff-8a2b-7a88cfa517b6" testId="776e0dd6-b1b2-f697-5012-1b5260370892" testName="HardwareSetupInformationCommand_PostCommandIsNull_BadRequestResult" computerName="DKSR-EFI-04" duration="00:00:00.0017427" startTime="2023-12-22T09:33:24.5374618+01:00" endTime="2023-12-22T09:33:24.5374618+01:00" testType="13cdc9d9-ddb5-4fa4-a97d-d965ccfc6d4b" outcome="Passed" testListId="8c84fa94-04c1-424b-9868-57a2d4851a1d" relativeResultsDirectory="7156b994-4b6e-45ff-8a2b-7a88cfa517b6" />
    <UnitTestResult executionId="b09910b7-50a0-4614-ba56-162bd5dc05c7" testId="94344bec-3695-9181-be78-21102b8584df" testName="PtzStopSessionCommandHandler_Execute_PtzException_OtherUserSessionAttemptedReleased" computerName="DKSR-EFI-04" duration="00:00:00.0006702" startTime="2023-12-22T09:33:50.5063372+01:00" endTime="2023-12-22T09:33:50.5063372+01:00" testType="13cdc9d9-ddb5-4fa4-a97d-d965ccfc6d4b" outcome="Passed" testListId="8c84fa94-04c1-424b-9868-57a2d4851a1d" relativeResultsDirectory="b09910b7-50a0-4614-ba56-162bd5dc05c7" />
    <UnitTestResult executionId="82e76f86-582f-4bde-b63f-e00d0eab2416" testId="86f22bb5-31da-5485-1f85-12995044f993" testName="PtzReserveSessionCommandHandler_Execute_DriverPtzException" computerName="DKSR-EFI-04" duration="00:00:00.0004684" startTime="2023-12-22T09:33:50.4125873+01:00" endTime="2023-12-22T09:33:50.4125873+01:00" testType="13cdc9d9-ddb5-4fa4-a97d-d965ccfc6d4b" outcome="Passed" testListId="8c84fa94-04c1-424b-9868-57a2d4851a1d" relativeResultsDirectory="82e76f86-582f-4bde-b63f-e00d0eab2416" />
    <UnitTestResult executionId="83090ccf-aa3e-493e-ab4f-8254c4547312" testId="676da098-943f-606b-3ca8-01773813a201" testName="UpdateConfigurationFromDiffGram_Enable_Success" computerName="DKSR-EFI-04" duration="00:00:00.0200001" startTime="2023-12-22T09:33:33.7093788+01:00" endTime="2023-12-22T09:33:33.7406316+01:00" testType="13cdc9d9-ddb5-4fa4-a97d-d965ccfc6d4b" outcome="Passed" testListId="8c84fa94-04c1-424b-9868-57a2d4851a1d" relativeResultsDirectory="83090ccf-aa3e-493e-ab4f-8254c4547312" />
    <UnitTestResult executionId="ecbe64c9-849a-4913-a149-9bdf78c97003" testId="bb1009d9-6496-40d7-ec75-c653a7bd2252" testName="EdgeStorageLimitsManagerGetLimitsCleanupDifferentInstances" computerName="DKSR-EFI-04" duration="00:00:00.0013015" startTime="2023-12-22T09:33:34.0843807+01:00" endTime="2023-12-22T09:33:34.0843807+01:00" testType="13cdc9d9-ddb5-4fa4-a97d-d965ccfc6d4b" outcome="Passed" testListId="8c84fa94-04c1-424b-9868-57a2d4851a1d" relativeResultsDirectory="ecbe64c9-849a-4913-a149-9bdf78c97003" />
    <UnitTestResult executionId="3ee45968-ca6c-43e8-b545-d5015f6fd33f" testId="69c4179d-03e4-0f15-38a7-eafb887b7992" testName="SetupInitialHardwareUserCommandHandler_Execute_SetupUser_ThrowsUserHandlingInvalidCharacterError_Errors" computerName="DKSR-EFI-04" duration="00:00:00.0007994" startTime="2023-12-22T09:33:51.0063391+01:00" endTime="2023-12-22T09:33:51.0063391+01:00" testType="13cdc9d9-ddb5-4fa4-a97d-d965ccfc6d4b" outcome="Passed" testListId="8c84fa94-04c1-424b-9868-57a2d4851a1d" relativeResultsDirectory="3ee45968-ca6c-43e8-b545-d5015f6fd33f" />
    <UnitTestResult executionId="a5a26aaf-a4b6-44bc-ab5e-51d6099bdbb3" testId="09b9ba02-0efe-7368-101b-c3520546f0b5" testName="UpdateHardwareReadOnlySettingsAsync_ConnectedAndCompatible_ShouldNotThrowAnException" computerName="DKSR-EFI-04" duration="00:00:00.0015634" startTime="2023-12-22T09:33:24.2405849+01:00" endTime="2023-12-22T09:33:24.2405849+01:00" testType="13cdc9d9-ddb5-4fa4-a97d-d965ccfc6d4b" outcome="Passed" testListId="8c84fa94-04c1-424b-9868-57a2d4851a1d" relativeResultsDirectory="a5a26aaf-a4b6-44bc-ab5e-51d6099bdbb3" />
    <UnitTestResult executionId="93f53e7b-1499-4ce7-9dfa-1bceb330a881" testId="b4decefc-2fa8-3f4f-28b3-7c450bcc4c90" testName="OnTimer_TimerHasBeenStopped_TimerIsNotRestarted" computerName="DKSR-EFI-04" duration="00:00:00.0200287" startTime="2023-12-22T09:33:24.2874584+01:00" endTime="2023-12-22T09:33:24.3187096+01:00" testType="13cdc9d9-ddb5-4fa4-a97d-d965ccfc6d4b" outcome="Passed" testListId="8c84fa94-04c1-424b-9868-57a2d4851a1d" relativeResultsDirectory="93f53e7b-1499-4ce7-9dfa-1bceb330a881" />
    <UnitTestResult executionId="7a1c04a1-5445-45ad-b661-1f6bfb7104bd" testId="dc72d8ed-219f-3c19-7d99-f2f2f2b8832a" testName="AddStatus_SendsStatus_OnSingleStatus" computerName="DKSR-EFI-04" duration="00:00:00.0102279" startTime="2023-12-22T09:33:23.3812064+01:00" endTime="2023-12-22T09:33:23.3812064+01:00" testType="13cdc9d9-ddb5-4fa4-a97d-d965ccfc6d4b" outcome="Passed" testListId="8c84fa94-04c1-424b-9868-57a2d4851a1d" relativeResultsDirectory="7a1c04a1-5445-45ad-b661-1f6bfb7104bd" />
    <UnitTestResult executionId="262bc95f-5db9-43e9-afd0-5054c4e037d1" testId="85347f42-97eb-f529-781c-a286ab1257cd" testName="GetHardwareUsersCommandHandler_Execute_ExpectedHardwareIdReturned" computerName="DKSR-EFI-04" duration="00:00:00.0005839" startTime="2023-12-22T09:33:47.7719496+01:00" endTime="2023-12-22T09:33:47.7719496+01:00" testType="13cdc9d9-ddb5-4fa4-a97d-d965ccfc6d4b" outcome="Passed" testListId="8c84fa94-04c1-424b-9868-57a2d4851a1d" relativeResultsDirectory="262bc95f-5db9-43e9-afd0-5054c4e037d1" />
    <UnitTestResult executionId="bdc6f2ff-cca3-45ab-86d6-bb20ef3719ee" testId="d3136d91-086c-86af-9861-25ad773594f3" testName="SOAPCommandRequestHandler_ExecuteFunction_HandleSequencesGetAroundWithSpan_No_Speaker_Security" computerName="DKSR-EFI-04" duration="00:00:00.0019991" startTime="2023-12-22T09:33:29.8968629+01:00" endTime="2023-12-22T09:33:29.9124884+01:00" testType="13cdc9d9-ddb5-4fa4-a97d-d965ccfc6d4b" outcome="Passed" testListId="8c84fa94-04c1-424b-9868-57a2d4851a1d" relativeResultsDirectory="bdc6f2ff-cca3-45ab-86d6-bb20ef3719ee" />
    <UnitTestResult executionId="11a486b2-05cf-41b1-b716-faadbbb95fcb" testId="796e2f6b-66bf-4aad-61d4-a374ddd5afae" testName="PtzManager_StopPtzSession_Success" computerName="DKSR-EFI-04" duration="00:00:00.0017253" startTime="2023-12-22T09:33:52.0844716+01:00" endTime="2023-12-22T09:33:52.0844716+01:00" testType="13cdc9d9-ddb5-4fa4-a97d-d965ccfc6d4b" outcome="Passed" testListId="8c84fa94-04c1-424b-9868-57a2d4851a1d" relativeResultsDirectory="11a486b2-05cf-41b1-b716-faadbbb95fcb" />
    <UnitTestResult executionId="b5b19472-7bc4-42c9-9751-c1a5ebe1bd44" testId="217d569d-af62-0cf1-0a45-23e4a3d75fd9" testName="SOAPCommandRequestHandler_ExecuteFunction_HandleSmartSearchGetResult_NoContinueSearch" computerName="DKSR-EFI-04" duration="00:00:00.0011177" startTime="2023-12-22T09:33:29.9593622+01:00" endTime="2023-12-22T09:33:29.9593622+01:00" testType="13cdc9d9-ddb5-4fa4-a97d-d965ccfc6d4b" outcome="Passed" testListId="8c84fa94-04c1-424b-9868-57a2d4851a1d" relativeResultsDirectory="b5b19472-7bc4-42c9-9751-c1a5ebe1bd44" />
    <UnitTestResult executionId="2329644c-6c7b-4db4-8288-56cd0f8ec206" testId="254144ee-130b-94a1-4f9c-a6d6962c065d" testName="CheckDeleteDeviceMediaCommandHandler_LocalConfigEmpty_MediaDbFails_ExistedTracksG1_DeviceNotStopped_NoDelete" computerName="DKSR-EFI-04" duration="00:00:00.0003377" startTime="2023-12-22T09:33:45.2563108+01:00" endTime="2023-12-22T09:33:45.2563108+01:00" testType="13cdc9d9-ddb5-4fa4-a97d-d965ccfc6d4b" outcome="Passed" testListId="8c84fa94-04c1-424b-9868-57a2d4851a1d" relativeResultsDirectory="2329644c-6c7b-4db4-8288-56cd0f8ec206" />
    <UnitTestResult executionId="9b2679e8-31fc-4a5d-825f-01f4341cbd02" testId="d15edaa2-5758-09ec-fa2b-300c5af8928b" testName="PtzManualSession_OnBeforeExecuteRequest_Success" computerName="DKSR-EFI-04" duration="00:00:00.0018016" startTime="2023-12-22T09:33:52.2407203+01:00" endTime="2023-12-22T09:33:52.2563464+01:00" testType="13cdc9d9-ddb5-4fa4-a97d-d965ccfc6d4b" outcome="Passed" testListId="8c84fa94-04c1-424b-9868-57a2d4851a1d" relativeResultsDirectory="9b2679e8-31fc-4a5d-825f-01f4341cbd02">
      <Output>
        <StdOut>Debug Trace:&#xD;
VideoOS.Recorder.PtzManualSession session started&#xD;
PTZ ManualSession START(), priority = 2147483647, Identity = \&#xD;
VideoOS.Recorder.PtzManualSession session, OnBeforeExecuteRequest&#xD;
VideoOS.Recorder.PtzManualSession session, OnBeforeExecuteRequest</StdOut>
      </Output>
    </UnitTestResult>
    <UnitTestResult executionId="f030c8d0-147e-4457-bc2d-8d8df113b076" testId="a6094747-bd2e-c88f-ef68-c7f43648c75c" testName="SOAPCommandRequestHandler_ExecuteFunction_HandleSequencesGetAround_NoDeviceId" computerName="DKSR-EFI-04" duration="00:00:00.0022698" startTime="2023-12-22T09:33:29.8031125+01:00" endTime="2023-12-22T09:33:29.8031125+01:00" testType="13cdc9d9-ddb5-4fa4-a97d-d965ccfc6d4b" outcome="Passed" testListId="8c84fa94-04c1-424b-9868-57a2d4851a1d" relativeResultsDirectory="f030c8d0-147e-4457-bc2d-8d8df113b076" />
    <UnitTestResult executionId="66d463b0-8ce2-4b3b-923a-ecc19a9ce832" testId="6988a5e0-e3c4-d15b-8e6e-ee49205b2a61" testName="PtzManager_GotoPreset_Success" computerName="DKSR-EFI-04" duration="00:00:00.0009929" startTime="2023-12-22T09:33:52.0688456+01:00" endTime="2023-12-22T09:33:52.0688456+01:00" testType="13cdc9d9-ddb5-4fa4-a97d-d965ccfc6d4b" outcome="Passed" testListId="8c84fa94-04c1-424b-9868-57a2d4851a1d" relativeResultsDirectory="66d463b0-8ce2-4b3b-923a-ecc19a9ce832" />
    <UnitTestResult executionId="5ca4288c-2af4-4808-b913-05c6667b3b78" testId="d0389a67-3bd2-daf8-7276-c5237526e530" testName="LicenseManager_FeatureExists_AxisOneClock_Fail" computerName="DKSR-EFI-04" duration="00:00:00.0010700" startTime="2023-12-22T09:33:33.9281314+01:00" endTime="2023-12-22T09:33:33.9281314+01:00" testType="13cdc9d9-ddb5-4fa4-a97d-d965ccfc6d4b" outcome="Passed" testListId="8c84fa94-04c1-424b-9868-57a2d4851a1d" relativeResultsDirectory="5ca4288c-2af4-4808-b913-05c6667b3b78" />
    <UnitTestResult executionId="f8dd9846-3403-4194-84e0-2151d8229159" testId="e00fb1a5-3abb-9fd8-8ee5-a8416a687063" testName="ConnectSuccess_Begin_Exception" computerName="DKSR-EFI-04" duration="00:00:00.0025403" startTime="2023-12-22T09:33:27.7406011+01:00" endTime="2023-12-22T09:33:27.7562269+01:00" testType="13cdc9d9-ddb5-4fa4-a97d-d965ccfc6d4b" outcome="Passed" testListId="8c84fa94-04c1-424b-9868-57a2d4851a1d" relativeResultsDirectory="f8dd9846-3403-4194-84e0-2151d8229159" />
    <UnitTestResult executionId="01f494a3-0c72-4776-b82f-54de12f38ba3" testId="f3084d89-cda3-b9fc-16df-3d5ffa9d73be" testName="SOAPCommandRequestHandler_ExecuteFunction_HandleSequencesGetAround_Success" computerName="DKSR-EFI-04" duration="00:00:00.0043028" startTime="2023-12-22T09:33:29.8499863+01:00" endTime="2023-12-22T09:33:29.8499863+01:00" testType="13cdc9d9-ddb5-4fa4-a97d-d965ccfc6d4b" outcome="Passed" testListId="8c84fa94-04c1-424b-9868-57a2d4851a1d" relativeResultsDirectory="01f494a3-0c72-4776-b82f-54de12f38ba3" />
    <UnitTestResult executionId="e35dc075-3417-4e7b-9b4f-f626f86e4803" testId="227a9887-6644-92d2-9aa6-ba62239af7d9" testName="AddStatus_SendsCombinedStatus_OnMultipleStatusCalls" computerName="DKSR-EFI-04" duration="00:00:00.0006898" startTime="2023-12-22T09:33:23.3968306+01:00" endTime="2023-12-22T09:33:23.3968306+01:00" testType="13cdc9d9-ddb5-4fa4-a97d-d965ccfc6d4b" outcome="Passed" testListId="8c84fa94-04c1-424b-9868-57a2d4851a1d" relativeResultsDirectory="e35dc075-3417-4e7b-9b4f-f626f86e4803" />
    <UnitTestResult executionId="e0b5ac43-db26-4ccb-a6b3-04d892633c9b" testId="5d983749-5de8-7973-76e4-387bec254355" testName="PtzReserveSessionCommandHandler_Execute_Argument_Exception" computerName="DKSR-EFI-04" duration="00:00:00.0211316" startTime="2023-12-22T09:33:50.3657092+01:00" endTime="2023-12-22T09:33:50.3969612+01:00" testType="13cdc9d9-ddb5-4fa4-a97d-d965ccfc6d4b" outcome="Passed" testListId="8c84fa94-04c1-424b-9868-57a2d4851a1d" relativeResultsDirectory="e0b5ac43-db26-4ccb-a6b3-04d892633c9b">
      <Output>
        <StdOut>Debug Trace:&#xD;
Fail: Command/Command handler type mismatch&#xD;
Fail: The command handler expect an object that implements ICallContextInfo in the state parameter&#xD;
Fail: responseSink can not be null</StdOut>
      </Output>
    </UnitTestResult>
    <UnitTestResult executionId="6e3d299f-a6f7-4c44-9412-3d36a8dbfc09" testId="6a47e138-e897-5787-700a-4a389ec1ca1e" testName="MediaDbUtil_MultitrackNavigation_Scenario16" computerName="DKSR-EFI-04" duration="00:00:00.0248211" startTime="2023-12-22T09:33:29.3656084+01:00" endTime="2023-12-22T09:33:29.3812330+01:00" testType="13cdc9d9-ddb5-4fa4-a97d-d965ccfc6d4b" outcome="Passed" testListId="8c84fa94-04c1-424b-9868-57a2d4851a1d" relativeResultsDirectory="6e3d299f-a6f7-4c44-9412-3d36a8dbfc09">
      <Output>
        <StdOut>Debug Trace:&#xD;
Fail: &#xD;
Fail: &#xD;
&#xD;
&#xD;
&#xD;
TestContext Messages:&#xD;
Before&#xD;
Navigation:  " V                                            "&#xD;
Source    :  "        1-- 1--                               "&#xD;
Unable to move&#xD;
&#xD;
AtOrBefore&#xD;
Navigation:  " V                                            "&#xD;
Source    :  "        1-- 1--                               "&#xD;
Unable to move&#xD;
&#xD;
AtOrAfter&#xD;
Navigation:  " V                                            "&#xD;
Source    :  "        1-- 1--                               "&#xD;
Expected  :  "        1-- N                                 "&#xD;
Actual    :  "        1-- N                                 "&#xD;
&#xD;
After&#xD;
Navigation:  " V                                            "&#xD;
Source    :  "        1-- 1--                               "&#xD;
Expected  :  "        1-- N                                 "&#xD;
Actual    :  "        1-- N                                 "&#xD;
&#xD;
Before&#xD;
Navigation:  "           V                                  "&#xD;
Source    :  "        1-- 1--                               "&#xD;
Expected  :  "        1-- N                                 "&#xD;
Actual    :  "        1-- N                                 "&#xD;
&#xD;
AtOrBefore&#xD;
Navigation:  "           V                                  "&#xD;
Source    :  "        1-- 1--                               "&#xD;
Expected  :  "        1-- N                                 "&#xD;
Actual    :  "        1-- N                                 "&#xD;
&#xD;
AtOrAfter&#xD;
Navigation:  "           V                                  "&#xD;
Source    :  "        1-- 1--                               "&#xD;
Expected  :  "        P   1--                               "&#xD;
Actual    :  "        P   1--                               "&#xD;
&#xD;
After&#xD;
Navigation:  "           V                                  "&#xD;
Source    :  "        1-- 1--                               "&#xD;
Expected  :  "        P   1--                               "&#xD;
Actual    :  "        P   1--                               "&#xD;
&#xD;
Before&#xD;
Navigation:  "              V                               "&#xD;
Source    :  "        1-- 1--                               "&#xD;
Expected  :  "        1-- N                                 "&#xD;
Actual    :  "        1-- N                                 "&#xD;
&#xD;
AtOrBefore&#xD;
Navigation:  "              V                               "&#xD;
Source    :  "        1-- 1--                               "&#xD;
Expected  :  "        P   1--                               "&#xD;
Actual    :  "        P   1--                               "&#xD;
&#xD;
AtOrAfter&#xD;
Navigation:  "              V                               "&#xD;
Source    :  "        1-- 1--                               "&#xD;
Expected  :  "        P   1--                               "&#xD;
Actual    :  "        P   1--                               "&#xD;
&#xD;
After&#xD;
Navigation:  "              V                               "&#xD;
Source    :  "        1-- 1--                               "&#xD;
Unable to move&#xD;
&#xD;
Before&#xD;
Navigation:  "                          V                   "&#xD;
Source    :  "        1-- 1--                               "&#xD;
Expected  :  "        P   1--                               "&#xD;
Actual    :  "        P   1--                               "&#xD;
&#xD;
AtOrBefore&#xD;
Navigation:  "                          V                   "&#xD;
Source    :  "        1-- 1--                               "&#xD;
Expected  :  "        P   1--                               "&#xD;
Actual    :  "        P   1--                               "&#xD;
&#xD;
AtOrAfter&#xD;
Navigation:  "                          V                   "&#xD;
Source    :  "        1-- 1--                               "&#xD;
Unable to move&#xD;
&#xD;
After&#xD;
Navigation:  "                          V                   "&#xD;
Source    :  "        1-- 1--                               "&#xD;
Unable to move&#xD;
&#xD;
Before&#xD;
Navigation:  "                               V              "&#xD;
Source    :  "        1-- 1--                               "&#xD;
Expected  :  "        P   1--                               "&#xD;
Actual    :  "        P   1--                               "&#xD;
&#xD;
AtOrBefore&#xD;
Navigation:  "                               V              "&#xD;
Source    :  "        1-- 1--                               "&#xD;
Expected  :  "        P   1--                               "&#xD;
Actual    :  "        P   1--                               "&#xD;
&#xD;
AtOrAfter&#xD;
Navigation:  "                               V              "&#xD;
Source    :  "        1-- 1--                               "&#xD;
Unable to move&#xD;
&#xD;
After&#xD;
Navigation:  "                               V              "&#xD;
Source    :  "        1-- 1--                               "&#xD;
Unable to move&#xD;
&#xD;
Before&#xD;
Navigation:  "                                      V       "&#xD;
Source    :  "        1-- 1--                               "&#xD;
Expected  :  "        P   1--                               "&#xD;
Actual    :  "        P   1--                               "&#xD;
&#xD;
AtOrBefore&#xD;
Navigation:  "                                      V       "&#xD;
Source    :  "        1-- 1--                               "&#xD;
Expected  :  "        P   1--                               "&#xD;
Actual    :  "        P   1--                               "&#xD;
&#xD;
AtOrAfter&#xD;
Navigation:  "                                      V       "&#xD;
Source    :  "        1-- 1--                               "&#xD;
Unable to move&#xD;
&#xD;
After&#xD;
Navigation:  "                                      V       "&#xD;
Source    :  "        1-- 1--                               "&#xD;
Unable to move&#xD;
&#xD;
Before&#xD;
Navigation:  "                                            V "&#xD;
Source    :  "        1-- 1--                               "&#xD;
Expected  :  "        P   1--                               "&#xD;
Actual    :  "        P   1--                               "&#xD;
&#xD;
AtOrBefore&#xD;
Navigation:  "                                            V "&#xD;
Source    :  "        1-- 1--                               "&#xD;
Expected  :  "        P   1--                               "&#xD;
Actual    :  "        P   1--                               "&#xD;
&#xD;
AtOrAfter&#xD;
Navigation:  "                                            V "&#xD;
Source    :  "        1-- 1--                               "&#xD;
Unable to move&#xD;
&#xD;
After&#xD;
Navigation:  "                                            V "&#xD;
Source    :  "        1-- 1--                               "&#xD;
Unable to move&#xD;
&#xD;
Before&#xD;
Navigation:  " V                                            "&#xD;
Source    :  "        1-- 1--      2-- 2-        2-- 2---   "&#xD;
Unable to move&#xD;
&#xD;
AtOrBefore&#xD;
Navigation:  " V                                            "&#xD;
Source    :  "        1-- 1--      2-- 2-        2-- 2---   "&#xD;
Unable to move&#xD;
&#xD;
AtOrAfter&#xD;
Navigation:  " V                                            "&#xD;
Source    :  "        1-- 1--      2-- 2-        2-- 2---   "&#xD;
Expected  :  "        1-- N                                 "&#xD;
Actual    :  "        1-- N                                 "&#xD;
&#xD;
After&#xD;
Navigation:  " V                                            "&#xD;
Source    :  "        1-- 1--      2-- 2-        2-- 2---   "&#xD;
Expected  :  "        1-- N                                 "&#xD;
Actual    :  "        1-- N                                 "&#xD;
&#xD;
Before&#xD;
Navigation:  "           V                                  "&#xD;
Source    :  "        1-- 1--      2-- 2-        2-- 2---   "&#xD;
Expected  :  "        1-- N                                 "&#xD;
Actual    :  "        1-- N                                 "&#xD;
&#xD;
AtOrBefore&#xD;
Navigation:  "           V                                  "&#xD;
Source    :  "        1-- 1--      2-- 2-        2-- 2---   "&#xD;
Expected  :  "        1-- N                                 "&#xD;
Actual    :  "        1-- N                                 "&#xD;
&#xD;
AtOrAfter&#xD;
Navigation:  "           V                                  "&#xD;
Source    :  "        1-- 1--      2-- 2-        2-- 2---   "&#xD;
Expected  :  "        P   1--      N                        "&#xD;
Actual    :  "        P   1--      N                        "&#xD;
&#xD;
After&#xD;
Navigation:  "           V                                  "&#xD;
Source    :  "        1-- 1--      2-- 2-        2-- 2---   "&#xD;
Expected  :  "        P   1--      N                        "&#xD;
Actual    :  "        P   1--      N                        "&#xD;
&#xD;
Before&#xD;
Navigation:  "              V                               "&#xD;
Source    :  "        1-- 1--      2-- 2-        2-- 2---   "&#xD;
Expected  :  "        1-- N                                 "&#xD;
Actual    :  "        1-- N                                 "&#xD;
&#xD;
AtOrBefore&#xD;
Navigation:  "              V                               "&#xD;
Source    :  "        1-- 1--      2-- 2-        2-- 2---   "&#xD;
Expected  :  "        P   1--      N                        "&#xD;
Actual    :  "        P   1--      N                        "&#xD;
&#xD;
AtOrAfter&#xD;
Navigation:  "              V                               "&#xD;
Source    :  "        1-- 1--      2-- 2-        2-- 2---   "&#xD;
Expected  :  "        P   1--      N                        "&#xD;
Actual    :  "        P   1--      N                        "&#xD;
&#xD;
After&#xD;
Navigation:  "              V                               "&#xD;
Source    :  "        1-- 1--      2-- 2-        2-- 2---   "&#xD;
Expected  :  "            P        2-- N                    "&#xD;
Actual    :  "            P        2-- N                    "&#xD;
&#xD;
Before&#xD;
Navigation:  "                          V                   "&#xD;
Source    :  "        1-- 1--      2-- 2-        2-- 2---   "&#xD;
Expected  :  "            P        2-- N                    "&#xD;
Actual    :  "            P        2-- N                    "&#xD;
&#xD;
AtOrBefore&#xD;
Navigation:  "                          V                   "&#xD;
Source    :  "        1-- 1--      2-- 2-        2-- 2---   "&#xD;
Expected  :  "                     P   2-        N          "&#xD;
Actual    :  "                     P   2-        N          "&#xD;
&#xD;
AtOrAfter&#xD;
Navigation:  "                          V                   "&#xD;
Source    :  "        1-- 1--      2-- 2-        2-- 2---   "&#xD;
Expected  :  "                     P   2-        N          "&#xD;
Actual    :  "                     P   2-        N          "&#xD;
&#xD;
After&#xD;
Navigation:  "                          V                   "&#xD;
Source    :  "        1-- 1--      2-- 2-        2-- 2---   "&#xD;
Expected  :  "                         P         2-- N      "&#xD;
Actual    :  "                         P         2-- N      "&#xD;
&#xD;
Before&#xD;
Navigation:  "                               V              "&#xD;
Source    :  "        1-- 1--      2-- 2-        2-- 2---   "&#xD;
Expected  :  "                     P   2-        N          "&#xD;
Actual    :  "                     P   2-        N          "&#xD;
&#xD;
AtOrBefore&#xD;
Navigation:  "                               V              "&#xD;
Source    :  "        1-- 1--      2-- 2-        2-- 2---   "&#xD;
Expected  :  "                     P   2-        N          "&#xD;
Actual    :  "                     P   2-        N          "&#xD;
&#xD;
AtOrAfter&#xD;
Navigation:  "                               V              "&#xD;
Source    :  "        1-- 1--      2-- 2-        2-- 2---   "&#xD;
Expected  :  "                         P         2-- N      "&#xD;
Actual    :  "                         P         2-- N      "&#xD;
&#xD;
After&#xD;
Navigation:  "                               V              "&#xD;
Source    :  "        1-- 1--      2-- 2-        2-- 2---   "&#xD;
Expected  :  "                         P         2-- N      "&#xD;
Actual    :  "                         P         2-- N      "&#xD;
&#xD;
Before&#xD;
Navigation:  "                                      V       "&#xD;
Source    :  "        1-- 1--      2-- 2-        2-- 2---   "&#xD;
Expected  :  "                         P         2-- N      "&#xD;
Actual    :  "                         P         2-- N      "&#xD;
&#xD;
AtOrBefore&#xD;
Navigation:  "                                      V       "&#xD;
Source    :  "        1-- 1--      2-- 2-        2-- 2---   "&#xD;
Expected  :  "                         P         2-- N      "&#xD;
Actual    :  "                         P         2-- N      "&#xD;
&#xD;
AtOrAfter&#xD;
Navigation:  "                                      V       "&#xD;
Source    :  "        1-- 1--      2-- 2-        2-- 2---   "&#xD;
Expected  :  "                                   P   2---   "&#xD;
Actual    :  "                                   P   2---   "&#xD;
&#xD;
After&#xD;
Navigation:  "                                      V       "&#xD;
Source    :  "        1-- 1--      2-- 2-        2-- 2---   "&#xD;
Expected  :  "                                   P   2---   "&#xD;
Actual    :  "                                   P   2---   "&#xD;
&#xD;
Before&#xD;
Navigation:  "                                            V "&#xD;
Source    :  "        1-- 1--      2-- 2-        2-- 2---   "&#xD;
Expected  :  "                                   P   2---   "&#xD;
Actual    :  "                                   P   2---   "&#xD;
&#xD;
AtOrBefore&#xD;
Navigation:  "                                            V "&#xD;
Source    :  "        1-- 1--      2-- 2-        2-- 2---   "&#xD;
Expected  :  "                                   P   2---   "&#xD;
Actual    :  "                                   P   2---   "&#xD;
&#xD;
AtOrAfter&#xD;
Navigation:  "                                            V "&#xD;
Source    :  "        1-- 1--      2-- 2-        2-- 2---   "&#xD;
Unable to move&#xD;
&#xD;
After&#xD;
Navigation:  "                                            V "&#xD;
Source    :  "        1-- 1--      2-- 2-        2-- 2---   "&#xD;
Unable to move</StdOut>
      </Output>
    </UnitTestResult>
    <UnitTestResult executionId="254cc876-0abe-4b19-a335-4b09b06fa66e" testId="9a3fbbbb-f996-7a27-25e0-852ec5b46dd8" testName="GetSettingAsIPAddress_NonExistingSetting_Throws_InvalidMulticastSettingsException" computerName="DKSR-EFI-04" duration="00:00:00.0004433" startTime="2023-12-22T09:33:33.8343824+01:00" endTime="2023-12-22T09:33:33.8343824+01:00" testType="13cdc9d9-ddb5-4fa4-a97d-d965ccfc6d4b" outcome="Passed" testListId="8c84fa94-04c1-424b-9868-57a2d4851a1d" relativeResultsDirectory="254cc876-0abe-4b19-a335-4b09b06fa66e" />
    <UnitTestResult executionId="35ab4ef2-55c1-4d00-9ce2-ce1b091d6caa" testId="719ad947-0634-5430-3db6-f322b8f69113" testName="ConnectSuccessSimple_Camera" computerName="DKSR-EFI-04" duration="00:00:02.4340301" startTime="2023-12-22T09:33:24.9749622+01:00" endTime="2023-12-22T09:33:27.4124743+01:00" testType="13cdc9d9-ddb5-4fa4-a97d-d965ccfc6d4b" outcome="Passed" testListId="8c84fa94-04c1-424b-9868-57a2d4851a1d" relativeResultsDirectory="35ab4ef2-55c1-4d00-9ce2-ce1b091d6caa" />
    <UnitTestResult executionId="de36fe3b-1bd2-4dc0-b77a-b93196b99990" testId="b097ba6d-853b-78ea-de8a-ac3f06f44756" testName="AudioMessageManager_SetConfiguration_ArgumentNullException" computerName="DKSR-EFI-04" duration="00:00:00.0014712" startTime="2023-12-22T09:33:52.3500981+01:00" endTime="2023-12-22T09:33:52.3500981+01:00" testType="13cdc9d9-ddb5-4fa4-a97d-d965ccfc6d4b" outcome="Passed" testListId="8c84fa94-04c1-424b-9868-57a2d4851a1d" relativeResultsDirectory="de36fe3b-1bd2-4dc0-b77a-b93196b99990" />
    <UnitTestResult executionId="ec66ecaf-264d-433d-b350-329805ca2b4a" testId="693448aa-adc5-611c-2b53-0a8695f4d97d" testName="QueryDeviceEvidenceLockSizesCommandHandler_QueryDeviceEvidenceLockSizesResponse_InstalledAsAFailOver_NegativeSize" computerName="DKSR-EFI-04" duration="00:00:00.0008045" startTime="2023-12-22T09:33:50.5532122+01:00" endTime="2023-12-22T09:33:50.5532122+01:00" testType="13cdc9d9-ddb5-4fa4-a97d-d965ccfc6d4b" outcome="Passed" testListId="8c84fa94-04c1-424b-9868-57a2d4851a1d" relativeResultsDirectory="ec66ecaf-264d-433d-b350-329805ca2b4a" />
    <UnitTestResult executionId="f66398a4-3021-4f5e-a2a4-70ff8b57a73d" testId="e1b022cb-efe2-86f1-2f32-09da53e0f560" testName="ChangeHardwarePasswordCommandHandler_Execute_ChangePassword_PasswordChangeNoHardwareAccess_Errors" computerName="DKSR-EFI-04" duration="00:00:00.0008765" startTime="2023-12-22T09:33:45.2094350+01:00" endTime="2023-12-22T09:33:45.2094350+01:00" testType="13cdc9d9-ddb5-4fa4-a97d-d965ccfc6d4b" outcome="Passed" testListId="8c84fa94-04c1-424b-9868-57a2d4851a1d" relativeResultsDirectory="f66398a4-3021-4f5e-a2a4-70ff8b57a73d" />
    <UnitTestResult executionId="ba4c7ace-e6bb-43ae-aa58-fecbf0e92445" testId="202800c0-a2a0-3d8f-dbc4-2ccb0ac1db31" testName="SOAPCommandRequestHandler_ExecuteFunction_HandleSmartSearchStart_NoResultMotionMaskSizeWidth" computerName="DKSR-EFI-04" duration="00:00:00.0012486" startTime="2023-12-22T09:33:30.0999863+01:00" endTime="2023-12-22T09:33:30.0999863+01:00" testType="13cdc9d9-ddb5-4fa4-a97d-d965ccfc6d4b" outcome="Passed" testListId="8c84fa94-04c1-424b-9868-57a2d4851a1d" relativeResultsDirectory="ba4c7ace-e6bb-43ae-aa58-fecbf0e92445" />
    <UnitTestResult executionId="0c1ab36e-df94-4ee0-a3be-7809300d2cc2" testId="02e75450-ec29-44c6-12a5-8d90a0d4833b" testName="SOAPCommandRequestHandler_ExecuteFunction_HandlePresetMoveTo_NoPresetName" computerName="DKSR-EFI-04" duration="00:00:00.0008629" startTime="2023-12-22T09:33:30.8343652+01:00" endTime="2023-12-22T09:33:30.8343652+01:00" testType="13cdc9d9-ddb5-4fa4-a97d-d965ccfc6d4b" outcome="Passed" testListId="8c84fa94-04c1-424b-9868-57a2d4851a1d" relativeResultsDirectory="0c1ab36e-df94-4ee0-a3be-7809300d2cc2" />
    <UnitTestResult executionId="859fa757-3380-4a28-90ef-17286bc438fd" testId="1a58dd32-5905-3235-1c9c-08f6e3791ac8" testName="SOAPCommandRequestHandler_ExecuteFunction_HandleInputGetState_Deactivated_Success" computerName="DKSR-EFI-04" duration="00:00:00.0012757" startTime="2023-12-22T09:33:30.4593659+01:00" endTime="2023-12-22T09:33:30.4593659+01:00" testType="13cdc9d9-ddb5-4fa4-a97d-d965ccfc6d4b" outcome="Passed" testListId="8c84fa94-04c1-424b-9868-57a2d4851a1d" relativeResultsDirectory="859fa757-3380-4a28-90ef-17286bc438fd" />
    <UnitTestResult executionId="a8c8fad4-e703-48dc-9e0b-9452fa19bc7f" testId="fe062b2b-a302-73f7-82cc-a49a779de2cf" testName="HandleRequest_WithContent_Success" computerName="DKSR-EFI-04" duration="00:00:00.0020035" startTime="2023-12-22T09:33:24.9749622+01:00" endTime="2023-12-22T09:33:24.9749622+01:00" testType="13cdc9d9-ddb5-4fa4-a97d-d965ccfc6d4b" outcome="Passed" testListId="8c84fa94-04c1-424b-9868-57a2d4851a1d" relativeResultsDirectory="a8c8fad4-e703-48dc-9e0b-9452fa19bc7f" />
    <UnitTestResult executionId="44f7a685-f2a7-49b2-8051-0cfbf5e54b88" testId="1da1ae08-79af-3038-8ed9-c572830558d6" testName="CollectMediaStatusCommandHandler_MediaDbBanksOffline" computerName="DKSR-EFI-04" duration="00:00:00.0002895" startTime="2023-12-22T09:33:45.4438129+01:00" endTime="2023-12-22T09:33:45.4438129+01:00" testType="13cdc9d9-ddb5-4fa4-a97d-d965ccfc6d4b" outcome="Passed" testListId="8c84fa94-04c1-424b-9868-57a2d4851a1d" relativeResultsDirectory="44f7a685-f2a7-49b2-8051-0cfbf5e54b88" />
    <UnitTestResult executionId="374b2fa7-1e53-4442-8954-fe9b6f383d02" testId="78749a40-6b98-b6dc-54de-2728268826cc" testName="SOAPCommandRequestHandler_ExecuteFunction_HandlePTZDeactivatePatrollingSchema_No_Security" computerName="DKSR-EFI-04" duration="00:00:00.0014642" startTime="2023-12-22T09:33:30.9593681+01:00" endTime="2023-12-22T09:33:30.9593681+01:00" testType="13cdc9d9-ddb5-4fa4-a97d-d965ccfc6d4b" outcome="Passed" testListId="8c84fa94-04c1-424b-9868-57a2d4851a1d" relativeResultsDirectory="374b2fa7-1e53-4442-8954-fe9b6f383d02" />
    <UnitTestResult executionId="ae907ff0-faf5-4819-a561-0de767f7e681" testId="b06c0ff2-b96a-82d5-47d2-6ada600c6ac4" testName="PtzReleaseSessionCommandHandler_Constructor_Argument_Exception" computerName="DKSR-EFI-04" duration="00:00:00.0051900" startTime="2023-12-22T09:33:50.2719611+01:00" endTime="2023-12-22T09:33:50.2719611+01:00" testType="13cdc9d9-ddb5-4fa4-a97d-d965ccfc6d4b" outcome="Passed" testListId="8c84fa94-04c1-424b-9868-57a2d4851a1d" relativeResultsDirectory="ae907ff0-faf5-4819-a561-0de767f7e681">
      <Output>
        <StdOut>Debug Trace:&#xD;
Fail: Argument null</StdOut>
      </Output>
    </UnitTestResult>
    <UnitTestResult executionId="7c995c5f-186b-4d8e-a4bb-71f4cad8edd4" testId="6dc2cc82-22ef-e34c-aa29-7d91273110ff" testName="SOAPCommandRequestHandler_ExecuteFunction_HandleSequencesGetAroundWithSpan_No_Metadata_Security" computerName="DKSR-EFI-04" duration="00:00:00.0023769" startTime="2023-12-22T09:33:29.9124884+01:00" endTime="2023-12-22T09:33:29.9124884+01:00" testType="13cdc9d9-ddb5-4fa4-a97d-d965ccfc6d4b" outcome="Passed" testListId="8c84fa94-04c1-424b-9868-57a2d4851a1d" relativeResultsDirectory="7c995c5f-186b-4d8e-a4bb-71f4cad8edd4" />
    <UnitTestResult executionId="158a7bc6-491b-4996-93f2-8cfa85e20ff7" testId="bef0bbff-f002-152e-ce19-e6f05bc7e7a2" testName="ChangeHardwarePasswordCommandHandler_Execute_ChangePassword_ThrowsGenericPasswordChangeException_Errors" computerName="DKSR-EFI-04" duration="00:00:00.0008603" startTime="2023-12-22T09:33:45.2094350+01:00" endTime="2023-12-22T09:33:45.2094350+01:00" testType="13cdc9d9-ddb5-4fa4-a97d-d965ccfc6d4b" outcome="Passed" testListId="8c84fa94-04c1-424b-9868-57a2d4851a1d" relativeResultsDirectory="158a7bc6-491b-4996-93f2-8cfa85e20ff7" />
    <UnitTestResult executionId="ac44db91-3b59-41d8-8aaa-c2a3ec92a521" testId="4fe2e139-68fb-bfd9-5717-72ea3bda9da0" testName="GetHardwareUsersCommandHandler_Execute_GetUserList_ThrowsUnknownResult_Errors" computerName="DKSR-EFI-04" duration="00:00:00.0008128" startTime="2023-12-22T09:33:47.8188663+01:00" endTime="2023-12-22T09:33:47.8344491+01:00" testType="13cdc9d9-ddb5-4fa4-a97d-d965ccfc6d4b" outcome="Passed" testListId="8c84fa94-04c1-424b-9868-57a2d4851a1d" relativeResultsDirectory="ac44db91-3b59-41d8-8aaa-c2a3ec92a521" />
    <UnitTestResult executionId="41b003e5-3b6a-4f8f-ad95-3e8c36d474f7" testId="7b72f010-1578-dd3e-0e81-7b0f265569ad" testName="SOAPCommandRequestHandler_ExecuteFunction_HandleTimeLineInformationGet_No_Microphone_Security" computerName="DKSR-EFI-04" duration="00:00:00.0022970" startTime="2023-12-22T09:33:30.1624883+01:00" endTime="2023-12-22T09:33:30.1624883+01:00" testType="13cdc9d9-ddb5-4fa4-a97d-d965ccfc6d4b" outcome="Passed" testListId="8c84fa94-04c1-424b-9868-57a2d4851a1d" relativeResultsDirectory="41b003e5-3b6a-4f8f-ad95-3e8c36d474f7" />
    <UnitTestResult executionId="75f645cd-5437-406f-a7c5-2355a2e619fc" testId="f1428993-d37a-f2e1-e1f9-4944c954f241" testName="SOAPCommandRequestHandler_ExecuteFunction_HandleSequencesGet_No_Metadata_Security" computerName="DKSR-EFI-04" duration="00:00:00.0024547" startTime="2023-12-22T09:33:29.7874858+01:00" endTime="2023-12-22T09:33:29.7874858+01:00" testType="13cdc9d9-ddb5-4fa4-a97d-d965ccfc6d4b" outcome="Passed" testListId="8c84fa94-04c1-424b-9868-57a2d4851a1d" relativeResultsDirectory="75f645cd-5437-406f-a7c5-2355a2e619fc" />
    <UnitTestResult executionId="4f8f722b-c68c-4adc-a525-18cd32f73943" testId="10b67a36-70fa-8cad-b212-d0bd7737ddcd" testName="ReadMessageHeaders_ReadRequestLine_SoapStatusWsdl_Success" computerName="DKSR-EFI-04" duration="00:00:00.0001334" startTime="2023-12-22T09:33:31.1937419+01:00" endTime="2023-12-22T09:33:31.1937419+01:00" testType="13cdc9d9-ddb5-4fa4-a97d-d965ccfc6d4b" outcome="Passed" testListId="8c84fa94-04c1-424b-9868-57a2d4851a1d" relativeResultsDirectory="4f8f722b-c68c-4adc-a525-18cd32f73943" />
    <UnitTestResult executionId="18f0f6ac-0ea9-4460-b956-c7375f4b5703" testId="d4f4e92a-dc76-e58b-8cc9-8f2b907c3c26" testName="CheckForLiveAndOrphanTables_ExtraTableOnDisk" computerName="DKSR-EFI-04" duration="00:00:00.0015269" startTime="2023-12-22T09:33:32.7718741+01:00" endTime="2023-12-22T09:33:32.7718741+01:00" testType="13cdc9d9-ddb5-4fa4-a97d-d965ccfc6d4b" outcome="Passed" testListId="8c84fa94-04c1-424b-9868-57a2d4851a1d" relativeResultsDirectory="18f0f6ac-0ea9-4460-b956-c7375f4b5703" />
    <UnitTestResult executionId="5ff59854-25c1-4b38-9c06-1b23163d196d" testId="1ee3a09e-ee9b-66de-1c8a-275aac3087b1" testName="PtzReleaseSessionCommandHandler_Execute_PtzException_DeviceNotReady" computerName="DKSR-EFI-04" duration="00:00:00.0004982" startTime="2023-12-22T09:33:50.3188376+01:00" endTime="2023-12-22T09:33:50.3188376+01:00" testType="13cdc9d9-ddb5-4fa4-a97d-d965ccfc6d4b" outcome="Passed" testListId="8c84fa94-04c1-424b-9868-57a2d4851a1d" relativeResultsDirectory="5ff59854-25c1-4b38-9c06-1b23163d196d" />
    <UnitTestResult executionId="526b0891-3de7-4dea-8fa1-000474cafc49" testId="85f43ac9-4a3d-9d19-561c-361db0298aa5" testName="ArcStorage_PwFailure_KeepOffline" computerName="DKSR-EFI-04" duration="00:00:00.0035017" startTime="2023-12-22T09:33:32.7093761+01:00" endTime="2023-12-22T09:33:32.7093761+01:00" testType="13cdc9d9-ddb5-4fa4-a97d-d965ccfc6d4b" outcome="Passed" testListId="8c84fa94-04c1-424b-9868-57a2d4851a1d" relativeResultsDirectory="526b0891-3de7-4dea-8fa1-000474cafc49" />
    <UnitTestResult executionId="47d8ca6a-fbb4-4e3b-8db4-01bd7dcdd23a" testId="05902154-19c0-820e-ac4d-8b29c50acb9c" testName="CallStartMethodForNotCamera" computerName="DKSR-EFI-04" duration="00:00:00.0022485" startTime="2023-12-22T09:33:33.3812565+01:00" endTime="2023-12-22T09:33:33.3812565+01:00" testType="13cdc9d9-ddb5-4fa4-a97d-d965ccfc6d4b" outcome="Passed" testListId="8c84fa94-04c1-424b-9868-57a2d4851a1d" relativeResultsDirectory="47d8ca6a-fbb4-4e3b-8db4-01bd7dcdd23a" />
    <UnitTestResult executionId="7e873195-eecb-415a-a361-18ff87bca039" testId="4867370e-db0d-6f64-473d-9ff916e6a3ba" testName="PtzPatrollingSessionBase_OnEndPositionReached_Success" computerName="DKSR-EFI-04" duration="00:00:00.0009762" startTime="2023-12-22T09:33:52.3344749+01:00" endTime="2023-12-22T09:33:52.3344749+01:00" testType="13cdc9d9-ddb5-4fa4-a97d-d965ccfc6d4b" outcome="Passed" testListId="8c84fa94-04c1-424b-9868-57a2d4851a1d" relativeResultsDirectory="7e873195-eecb-415a-a361-18ff87bca039">
      <Output>
        <StdOut>Debug Trace:&#xD;
VideoOS.Recorder.PtzPatrollingSession session started</StdOut>
      </Output>
    </UnitTestResult>
    <UnitTestResult executionId="dae317a1-ed85-48fc-abcb-3ed8017c037d" testId="73596530-4c15-78e9-a3fd-2b938839fe9d" testName="SOAPCommandRequestHandler_ExecuteFunction_HandlePTZExtendedManualSession_No_Priority" computerName="DKSR-EFI-04" duration="00:00:00.0011137" startTime="2023-12-22T09:33:30.8812451+01:00" endTime="2023-12-22T09:33:30.8812451+01:00" testType="13cdc9d9-ddb5-4fa4-a97d-d965ccfc6d4b" outcome="Passed" testListId="8c84fa94-04c1-424b-9868-57a2d4851a1d" relativeResultsDirectory="dae317a1-ed85-48fc-abcb-3ed8017c037d" />
    <UnitTestResult executionId="fe11c4f4-48d7-487a-aeab-1ed5ac14c3ca" testId="6e0f935c-61c9-80c2-e2bf-e72234ee7c74" testName="LicenseManager_IsFeaturePresent_AxisOneClick_Success" computerName="DKSR-EFI-04" duration="00:00:00.0008543" startTime="2023-12-22T09:33:33.9125059+01:00" endTime="2023-12-22T09:33:33.9125059+01:00" testType="13cdc9d9-ddb5-4fa4-a97d-d965ccfc6d4b" outcome="Passed" testListId="8c84fa94-04c1-424b-9868-57a2d4851a1d" relativeResultsDirectory="fe11c4f4-48d7-487a-aeab-1ed5ac14c3ca" />
    <UnitTestResult executionId="52e35431-ff52-4d89-934a-02754dbec429" testId="42edbc63-86ce-51a6-8a5b-3eb9563dc7b1" testName="AddHardwareUserCommandHandler_Execute_AddUser_ThrowsUserHandlingUserNotCreated_Errors" computerName="DKSR-EFI-04" duration="00:00:00.0008691" startTime="2023-12-22T09:33:45.0844342+01:00" endTime="2023-12-22T09:33:45.0844342+01:00" testType="13cdc9d9-ddb5-4fa4-a97d-d965ccfc6d4b" outcome="Passed" testListId="8c84fa94-04c1-424b-9868-57a2d4851a1d" relativeResultsDirectory="52e35431-ff52-4d89-934a-02754dbec429" />
    <UnitTestResult executionId="de0af22d-9bbe-4563-b022-e4706a6d230b" testId="ca85e6f6-48d2-8dbb-0d56-cf8347a796be" testName="HardwareScanSession_TestProgressManual" computerName="DKSR-EFI-04" duration="00:00:03.0308676" startTime="2023-12-22T09:33:38.7406532+01:00" endTime="2023-12-22T09:33:41.7719194+01:00" testType="13cdc9d9-ddb5-4fa4-a97d-d965ccfc6d4b" outcome="Passed" testListId="8c84fa94-04c1-424b-9868-57a2d4851a1d" relativeResultsDirectory="de0af22d-9bbe-4563-b022-e4706a6d230b" />
    <UnitTestResult executionId="5914a4b7-4f9b-4788-8235-d1a578b2636b" testId="2a3a8992-5eb9-d85e-8436-c4f7401cf226" testName="PtzManagerDataHolder_GetOrAddPtzController_Device_Not_Exists" computerName="DKSR-EFI-04" duration="00:00:00.0757167" startTime="2023-12-22T09:33:51.1469655+01:00" endTime="2023-12-22T09:33:51.2250885+01:00" testType="13cdc9d9-ddb5-4fa4-a97d-d965ccfc6d4b" outcome="Passed" testListId="8c84fa94-04c1-424b-9868-57a2d4851a1d" relativeResultsDirectory="5914a4b7-4f9b-4788-8235-d1a578b2636b">
      <Output>
        <StdOut>Debug Trace:&#xD;
VideoOS.Recorder.PtzDefaultSession session started&#xD;
VideoOS.Recorder.PtzDefaultSession session, OnBeforeExecuteRequest</StdOut>
      </Output>
    </UnitTestResult>
    <UnitTestResult executionId="dc788c14-37a4-45f7-9e58-150a27af3a2c" testId="cc536d6d-01cd-6fef-5aac-e8cd3f410d15" testName="PtzManager_UpdateConfigurationFromDiffGram_Delete_Success" computerName="DKSR-EFI-04" duration="00:00:00.0054405" startTime="2023-12-22T09:33:51.9438422+01:00" endTime="2023-12-22T09:33:51.9594694+01:00" testType="13cdc9d9-ddb5-4fa4-a97d-d965ccfc6d4b" outcome="Passed" testListId="8c84fa94-04c1-424b-9868-57a2d4851a1d" relativeResultsDirectory="dc788c14-37a4-45f7-9e58-150a27af3a2c" />
    <UnitTestResult executionId="8e9a5326-3723-47b1-a356-7e2ad55a175d" testId="83b75c3f-ef01-704d-26e3-7e90e6adc563" testName="ChangeHardwarePasswordCommandHandler_Constructor_NullArg_Throws" computerName="DKSR-EFI-04" duration="00:00:00.0032882" startTime="2023-12-22T09:33:45.1000612+01:00" endTime="2023-12-22T09:33:45.1000612+01:00" testType="13cdc9d9-ddb5-4fa4-a97d-d965ccfc6d4b" outcome="Passed" testListId="8c84fa94-04c1-424b-9868-57a2d4851a1d" relativeResultsDirectory="8e9a5326-3723-47b1-a356-7e2ad55a175d" />
    <UnitTestResult executionId="876defeb-f78b-4f03-b99c-59bcfb34119b" testId="e870f836-5567-9b5e-b5b7-1c1f20642a06" testName="PtzStopSessionCommandHandler_Execute_Preset_Not_Supported" computerName="DKSR-EFI-04" duration="00:00:00.0007371" startTime="2023-12-22T09:33:50.4594618+01:00" endTime="2023-12-22T09:33:50.4594618+01:00" testType="13cdc9d9-ddb5-4fa4-a97d-d965ccfc6d4b" outcome="Passed" testListId="8c84fa94-04c1-424b-9868-57a2d4851a1d" relativeResultsDirectory="876defeb-f78b-4f03-b99c-59bcfb34119b" />
    <UnitTestResult executionId="c61bd060-b66e-4872-b678-b2a73f46b16e" testId="b0899d9d-f2b3-9580-eca3-39c3aef26cc9" testName="GetNetworkConfigurationCommandHandler_Execute_NoMatchingIP_Errors" computerName="DKSR-EFI-04" duration="00:00:00.0008940" startTime="2023-12-22T09:33:47.9282011+01:00" endTime="2023-12-22T09:33:47.9282011+01:00" testType="13cdc9d9-ddb5-4fa4-a97d-d965ccfc6d4b" outcome="Passed" testListId="8c84fa94-04c1-424b-9868-57a2d4851a1d" relativeResultsDirectory="c61bd060-b66e-4872-b678-b2a73f46b16e" />
    <UnitTestResult executionId="f2172589-8cbe-4d50-a091-02cecbcd6dc9" testId="c9e45c00-b261-7f78-a530-72f6c6f7c22c" testName="SmartSearchHandlerBackwardTestDataWithMotionOnly" computerName="DKSR-EFI-04" duration="00:00:00.0020929" startTime="2023-12-22T09:33:32.1312475+01:00" endTime="2023-12-22T09:33:32.1312475+01:00" testType="13cdc9d9-ddb5-4fa4-a97d-d965ccfc6d4b" outcome="Passed" testListId="8c84fa94-04c1-424b-9868-57a2d4851a1d" relativeResultsDirectory="f2172589-8cbe-4d50-a091-02cecbcd6dc9" />
    <UnitTestResult executionId="5c66b308-59f0-4614-ad33-ebebb688b30e" testId="fef1b3c8-b705-02f6-d7e4-83524813e7b5" testName="SOAPCommandRequestHandler_GetClientCapabilities_PrivacyMask_Child_Of_ClientCapabilities_Section_Is_One" computerName="DKSR-EFI-04" duration="00:00:00.0003506" startTime="2023-12-22T09:33:30.1937377+01:00" endTime="2023-12-22T09:33:30.1937377+01:00" testType="13cdc9d9-ddb5-4fa4-a97d-d965ccfc6d4b" outcome="Passed" testListId="8c84fa94-04c1-424b-9868-57a2d4851a1d" relativeResultsDirectory="5c66b308-59f0-4614-ad33-ebebb688b30e" />
    <UnitTestResult executionId="d3ffe7e1-1e68-412b-90fc-561694f8ab21" testId="cea13dec-3b36-ea5b-7908-459731bcb8c9" testName="SOAPCommandRequestHandler_ExecuteFunction_HandlePTZMoveAbsolute_Success" computerName="DKSR-EFI-04" duration="00:00:00.0030185" startTime="2023-12-22T09:33:30.6937412+01:00" endTime="2023-12-22T09:33:30.6937412+01:00" testType="13cdc9d9-ddb5-4fa4-a97d-d965ccfc6d4b" outcome="Passed" testListId="8c84fa94-04c1-424b-9868-57a2d4851a1d" relativeResultsDirectory="d3ffe7e1-1e68-412b-90fc-561694f8ab21" />
    <UnitTestResult executionId="524a0a09-09eb-43b8-88e8-5aad7eaa04a0" testId="23cfcab5-cc01-cacd-cb19-101ff4e9a64e" testName="GetHardwareUsersCommandHandler_Execute_GetUserList_ThrowsGenericException_Errors" computerName="DKSR-EFI-04" duration="00:00:00.0008290" startTime="2023-12-22T09:33:47.8344491+01:00" endTime="2023-12-22T09:33:47.8344491+01:00" testType="13cdc9d9-ddb5-4fa4-a97d-d965ccfc6d4b" outcome="Passed" testListId="8c84fa94-04c1-424b-9868-57a2d4851a1d" relativeResultsDirectory="524a0a09-09eb-43b8-88e8-5aad7eaa04a0" />
    <UnitTestResult executionId="da1c9e12-fb96-4142-8c6f-8fe3b9c9de91" testId="36574876-c75c-9c2c-f63f-a33b2e08bafe" testName="SOAPCommandRequestHandler_ExecuteFunction_HandlePTZCenter_Width_Not_Double" computerName="DKSR-EFI-04" duration="00:00:00.0013572" startTime="2023-12-22T09:33:30.5999883+01:00" endTime="2023-12-22T09:33:30.6156140+01:00" testType="13cdc9d9-ddb5-4fa4-a97d-d965ccfc6d4b" outcome="Passed" testListId="8c84fa94-04c1-424b-9868-57a2d4851a1d" relativeResultsDirectory="da1c9e12-fb96-4142-8c6f-8fe3b9c9de91" />
    <UnitTestResult executionId="d4a2c5bd-4bfd-4136-9590-eb98d1a8db27" testId="f168c7b5-70cd-8d86-0477-39fce3d87509" testName="GetAbsolutePtzPositionCommandHandler_Execute_Device_Not_Found" computerName="DKSR-EFI-04" duration="00:00:00.0007503" startTime="2023-12-22T09:33:47.6938228+01:00" endTime="2023-12-22T09:33:47.6938228+01:00" testType="13cdc9d9-ddb5-4fa4-a97d-d965ccfc6d4b" outcome="Passed" testListId="8c84fa94-04c1-424b-9868-57a2d4851a1d" relativeResultsDirectory="d4a2c5bd-4bfd-4136-9590-eb98d1a8db27" />
    <UnitTestResult executionId="de8cd875-8c74-428f-aa45-b49e46162543" testId="6d888fa8-f384-f779-02a9-7a19a58d6faa" testName="LicenseManager_IsFeaturePresent_AxisOneClock_Fail" computerName="DKSR-EFI-04" duration="00:00:00.0011312" startTime="2023-12-22T09:33:33.9125059+01:00" endTime="2023-12-22T09:33:33.9281314+01:00" testType="13cdc9d9-ddb5-4fa4-a97d-d965ccfc6d4b" outcome="Passed" testListId="8c84fa94-04c1-424b-9868-57a2d4851a1d" relativeResultsDirectory="de8cd875-8c74-428f-aa45-b49e46162543" />
    <UnitTestResult executionId="e0736dbf-b4e5-4318-8d7f-d3fcbe72982a" testId="b2b1a9f1-1afb-4029-19a7-703636a3a0b1" testName="PtzStopSessionCommandHandler_Execute_PtzException_InsufficientPermission" computerName="DKSR-EFI-04" duration="00:00:00.0004572" startTime="2023-12-22T09:33:50.4907114+01:00" endTime="2023-12-22T09:33:50.4907114+01:00" testType="13cdc9d9-ddb5-4fa4-a97d-d965ccfc6d4b" outcome="Passed" testListId="8c84fa94-04c1-424b-9868-57a2d4851a1d" relativeResultsDirectory="e0736dbf-b4e5-4318-8d7f-d3fcbe72982a" />
    <UnitTestResult executionId="c7ca5e16-1653-4947-bc39-debcea2553ea" testId="fe3d5e92-bf5b-5981-1f4a-9ee48255a44e" testName="UpdateRecorderTaskProgressAsync_NotConnectedAndBetween1And99_ShouldNotQueueCommand" computerName="DKSR-EFI-04" duration="00:00:00.0008925" startTime="2023-12-22T09:33:24.2405849+01:00" endTime="2023-12-22T09:33:24.2405849+01:00" testType="13cdc9d9-ddb5-4fa4-a97d-d965ccfc6d4b" outcome="Passed" testListId="8c84fa94-04c1-424b-9868-57a2d4851a1d" relativeResultsDirectory="c7ca5e16-1653-4947-bc39-debcea2553ea" />
    <UnitTestResult executionId="82d00af1-7118-4956-aa94-0bab908d0137" testId="4821e241-63ac-6b84-73a3-ef60d233c640" testName="PrepareMoveHardwareCommand_IsValid_NoContent" computerName="DKSR-EFI-04" duration="00:00:00.0014895" startTime="2023-12-22T09:33:24.5218360+01:00" endTime="2023-12-22T09:33:24.5218360+01:00" testType="13cdc9d9-ddb5-4fa4-a97d-d965ccfc6d4b" outcome="Passed" testListId="8c84fa94-04c1-424b-9868-57a2d4851a1d" relativeResultsDirectory="82d00af1-7118-4956-aa94-0bab908d0137" />
    <UnitTestResult executionId="c7a5a6e8-9f81-4d4c-91eb-776d76c34542" testId="6b86ceca-2f85-c94e-44dd-a3b163e0561d" testName="SetRecordingCameraOneLink" computerName="DKSR-EFI-04" duration="00:00:00.0021779" startTime="2023-12-22T09:33:33.3343780+01:00" endTime="2023-12-22T09:33:33.3343780+01:00" testType="13cdc9d9-ddb5-4fa4-a97d-d965ccfc6d4b" outcome="Passed" testListId="8c84fa94-04c1-424b-9868-57a2d4851a1d" relativeResultsDirectory="c7a5a6e8-9f81-4d4c-91eb-776d76c34542" />
    <UnitTestResult executionId="8f6ccc11-9cfe-4f21-8d36-f4b835d02ed1" testId="58dde6db-21b2-00a7-5cdd-3956243b7ad3" testName="FilterTrackIdsToThoseThatShouldNotHaveMediaOnRecorder_InternalStateStopped_ReturnsEmptyArray" computerName="DKSR-EFI-04" duration="00:00:00.0011424" startTime="2023-12-22T09:33:24.1155844+01:00" endTime="2023-12-22T09:33:24.1155844+01:00" testType="13cdc9d9-ddb5-4fa4-a97d-d965ccfc6d4b" outcome="Passed" testListId="8c84fa94-04c1-424b-9868-57a2d4851a1d" relativeResultsDirectory="8f6ccc11-9cfe-4f21-8d36-f4b835d02ed1" />
    <UnitTestResult executionId="aa87a8d0-6a18-45da-8b98-569fc79b3b3f" testId="fa3fe36c-080a-b091-19a4-4b8bc14cc531" testName="RecStorage_Startup_AllowStart_NotKeepFailing_Failure_KeepOffline" computerName="DKSR-EFI-04" duration="00:00:00.0012849" startTime="2023-12-22T09:33:32.6625006+01:00" endTime="2023-12-22T09:33:32.6625006+01:00" testType="13cdc9d9-ddb5-4fa4-a97d-d965ccfc6d4b" outcome="Passed" testListId="8c84fa94-04c1-424b-9868-57a2d4851a1d" relativeResultsDirectory="aa87a8d0-6a18-45da-8b98-569fc79b3b3f" />
    <UnitTestResult executionId="7d79dd81-1390-4e4a-9b04-45038c57bf95" testId="6fc5d7e9-ca55-bfa4-0de5-0e45bd477a88" testName="EdgeStorageConfigurationProperties" computerName="DKSR-EFI-04" duration="00:00:00.0028250" startTime="2023-12-22T09:33:33.9437566+01:00" endTime="2023-12-22T09:33:33.9437566+01:00" testType="13cdc9d9-ddb5-4fa4-a97d-d965ccfc6d4b" outcome="Passed" testListId="8c84fa94-04c1-424b-9868-57a2d4851a1d" relativeResultsDirectory="7d79dd81-1390-4e4a-9b04-45038c57bf95" />
    <UnitTestResult executionId="661ab178-6cf7-414a-bef2-5b98751b87e8" testId="b2f6349f-dde3-f4f7-009a-2bbccc4f6607" testName="SmartSearchHandlerHasMotionThrowsInvalidOperationException" computerName="DKSR-EFI-04" duration="00:00:00.0074939" startTime="2023-12-22T09:33:32.2093713+01:00" endTime="2023-12-22T09:33:32.2093713+01:00" testType="13cdc9d9-ddb5-4fa4-a97d-d965ccfc6d4b" outcome="Passed" testListId="8c84fa94-04c1-424b-9868-57a2d4851a1d" relativeResultsDirectory="661ab178-6cf7-414a-bef2-5b98751b87e8" />
    <UnitTestResult executionId="3fd55abc-401e-4c66-8d9a-16fd8a2f353a" testId="f22bf055-64a6-a89a-97b0-a09304021d53" testName="SOAPCommandRequestHandler_ExecuteFunction_HandleSmartSearchStart_NoSearchBeginTime" computerName="DKSR-EFI-04" duration="00:00:00.0010980" startTime="2023-12-22T09:33:30.0062383+01:00" endTime="2023-12-22T09:33:30.0062383+01:00" testType="13cdc9d9-ddb5-4fa4-a97d-d965ccfc6d4b" outcome="Passed" testListId="8c84fa94-04c1-424b-9868-57a2d4851a1d" relativeResultsDirectory="3fd55abc-401e-4c66-8d9a-16fd8a2f353a" />
    <UnitTestResult executionId="4521eae5-f607-4e88-959d-61cb657e7548" testId="8deb7282-17c1-72d8-38be-d12bb07014eb" testName="SOAPCommandRequestHandler_ExecuteFunction_HandleOutputTrigger_NoSecurity" computerName="DKSR-EFI-04" duration="00:00:00.0007246" startTime="2023-12-22T09:33:30.5843650+01:00" endTime="2023-12-22T09:33:30.5843650+01:00" testType="13cdc9d9-ddb5-4fa4-a97d-d965ccfc6d4b" outcome="Passed" testListId="8c84fa94-04c1-424b-9868-57a2d4851a1d" relativeResultsDirectory="4521eae5-f607-4e88-959d-61cb657e7548" />
    <UnitTestResult executionId="7392ee9c-bfda-4ef5-9702-b57c11cf014d" testId="315e97d1-1330-f212-eec9-b5651f1f7e0f" testName="GetScanResult_AfterStopCalled_ShouldReturnCompleted" computerName="DKSR-EFI-04" duration="00:00:00.0288820" startTime="2023-12-22T09:33:44.2406814+01:00" endTime="2023-12-22T09:33:44.2719308+01:00" testType="13cdc9d9-ddb5-4fa4-a97d-d965ccfc6d4b" outcome="Passed" testListId="8c84fa94-04c1-424b-9868-57a2d4851a1d" relativeResultsDirectory="7392ee9c-bfda-4ef5-9702-b57c11cf014d" />
    <UnitTestResult executionId="c514eff1-4973-4009-9d6e-bf1dd94d9f99" testId="c7e028a4-6536-4768-2d6b-f6d16bc552e3" testName="SOAPCommandRequestHandler_ExecuteFunction_HandleTimeLineInformationGet_NoTimeLineInformationInterval" computerName="DKSR-EFI-04" duration="00:00:00.0010015" startTime="2023-12-22T09:33:30.1312368+01:00" endTime="2023-12-22T09:33:30.1312368+01:00" testType="13cdc9d9-ddb5-4fa4-a97d-d965ccfc6d4b" outcome="Passed" testListId="8c84fa94-04c1-424b-9868-57a2d4851a1d" relativeResultsDirectory="c514eff1-4973-4009-9d6e-bf1dd94d9f99" />
    <UnitTestResult executionId="da0dc530-511b-49b8-b465-dac076b509d3" testId="e358a3c2-d48a-21f5-ddbb-de9b4994f1b9" testName="EvidenceLockOnOldRecorderCommandHandler_ServerAndRecorderSameVersion" computerName="DKSR-EFI-04" duration="00:00:00.0011855" startTime="2023-12-22T09:33:45.9906907+01:00" endTime="2023-12-22T09:33:45.9906907+01:00" testType="13cdc9d9-ddb5-4fa4-a97d-d965ccfc6d4b" outcome="Passed" testListId="8c84fa94-04c1-424b-9868-57a2d4851a1d" relativeResultsDirectory="da0dc530-511b-49b8-b465-dac076b509d3" />
    <UnitTestResult executionId="e0305d3b-5924-455b-aa11-fc96d0427e26" testId="336db44f-2faa-de01-daf7-e9ab5b7313dd" testName="SynchronizeDevicePresetsCommandHandler_Execute_IsPresetDevice_Is_False" computerName="DKSR-EFI-04" duration="00:00:00.0039404" startTime="2023-12-22T09:33:51.0532151+01:00" endTime="2023-12-22T09:33:51.0532151+01:00" testType="13cdc9d9-ddb5-4fa4-a97d-d965ccfc6d4b" outcome="Passed" testListId="8c84fa94-04c1-424b-9868-57a2d4851a1d" relativeResultsDirectory="e0305d3b-5924-455b-aa11-fc96d0427e26" />
    <UnitTestResult executionId="253d02c2-2b48-4a0e-96cc-f25231cde006" testId="778e7623-3faa-ca5e-3032-a05bd9ea4334" testName="EdgeStorageLimitsTimeLimitOkLowerBoundry" computerName="DKSR-EFI-04" duration="00:00:00.0006467" startTime="2023-12-22T09:33:33.9750083+01:00" endTime="2023-12-22T09:33:33.9750083+01:00" testType="13cdc9d9-ddb5-4fa4-a97d-d965ccfc6d4b" outcome="Passed" testListId="8c84fa94-04c1-424b-9868-57a2d4851a1d" relativeResultsDirectory="253d02c2-2b48-4a0e-96cc-f25231cde006" />
    <UnitTestResult executionId="68240e16-9cf2-4c5e-9ac0-f454fd5f9d6e" testId="7e416566-5089-1927-3b1f-9f790f915601" testName="SetupInitialHardwareUserCommandHandler_Execute_SetupUser_ThrowsUserHandlingPasswordTooLongError_Errors" computerName="DKSR-EFI-04" duration="00:00:00.0008299" startTime="2023-12-22T09:33:51.0063391+01:00" endTime="2023-12-22T09:33:51.0063391+01:00" testType="13cdc9d9-ddb5-4fa4-a97d-d965ccfc6d4b" outcome="Passed" testListId="8c84fa94-04c1-424b-9868-57a2d4851a1d" relativeResultsDirectory="68240e16-9cf2-4c5e-9ac0-f454fd5f9d6e" />
    <UnitTestResult executionId="ff164ce9-fda8-4874-828c-9e76ca4392ac" testId="950083e0-5b85-a336-781d-51aea309931a" testName="RecStorage_Startup_AllowStart_KeepFailing_Ok" computerName="DKSR-EFI-04" duration="00:00:00.0478646" startTime="2023-12-22T09:33:32.5843740+01:00" endTime="2023-12-22T09:33:32.6312488+01:00" testType="13cdc9d9-ddb5-4fa4-a97d-d965ccfc6d4b" outcome="Passed" testListId="8c84fa94-04c1-424b-9868-57a2d4851a1d" relativeResultsDirectory="ff164ce9-fda8-4874-828c-9e76ca4392ac" />
    <UnitTestResult executionId="d9c7cdeb-6e34-498c-ad18-4d7c9cb921e3" testId="df44b949-8854-12d3-3412-44f4d128eff3" testName="EdgeStorageLimitsManagerGetLimitsCleanupAndSameInstance" computerName="DKSR-EFI-04" duration="00:00:00.0021912" startTime="2023-12-22T09:33:34.0687582+01:00" endTime="2023-12-22T09:33:34.0843807+01:00" testType="13cdc9d9-ddb5-4fa4-a97d-d965ccfc6d4b" outcome="Passed" testListId="8c84fa94-04c1-424b-9868-57a2d4851a1d" relativeResultsDirectory="d9c7cdeb-6e34-498c-ad18-4d7c9cb921e3" />
    <UnitTestResult executionId="52e04d73-e76b-46ac-b56c-c3cfe2547c46" testId="14810dc1-3e47-4c5b-f703-d7718498368d" testName="SynchronizeDevicePresetsCommandHandler_Execute_DeviceNotStarted" computerName="DKSR-EFI-04" duration="00:00:00.0007315" startTime="2023-12-22T09:33:51.0532151+01:00" endTime="2023-12-22T09:33:51.0688393+01:00" testType="13cdc9d9-ddb5-4fa4-a97d-d965ccfc6d4b" outcome="Passed" testListId="8c84fa94-04c1-424b-9868-57a2d4851a1d" relativeResultsDirectory="52e04d73-e76b-46ac-b56c-c3cfe2547c46" />
    <UnitTestResult executionId="d405f0ae-b68b-4b3a-bef2-acaf8afbde81" testId="c7b42c0e-2784-6c41-15dc-ee979b1d4d3f" testName="AudioMessageManager_UpdateConfiguration" computerName="DKSR-EFI-04" duration="00:00:00.0138844" startTime="2023-12-22T09:33:52.3657222+01:00" endTime="2023-12-22T09:33:52.3813452+01:00" testType="13cdc9d9-ddb5-4fa4-a97d-d965ccfc6d4b" outcome="Passed" testListId="8c84fa94-04c1-424b-9868-57a2d4851a1d" relativeResultsDirectory="d405f0ae-b68b-4b3a-bef2-acaf8afbde81" />
    <UnitTestResult executionId="725236fb-f63f-4f53-bd25-86428ba5c172" testId="90bc60af-056c-e4da-8f6a-4e7a54d8edcb" testName="PtzStopSession_ModelIsNull_BadRequestResult" computerName="DKSR-EFI-04" duration="00:00:00.0014917" startTime="2023-12-22T09:33:24.5843353+01:00" endTime="2023-12-22T09:33:24.5843353+01:00" testType="13cdc9d9-ddb5-4fa4-a97d-d965ccfc6d4b" outcome="Passed" testListId="8c84fa94-04c1-424b-9868-57a2d4851a1d" relativeResultsDirectory="725236fb-f63f-4f53-bd25-86428ba5c172" />
    <UnitTestResult executionId="7379b4ca-abd1-44e4-be31-712b24f3c9d3" testId="ece90ebb-0fb7-8dce-2054-59d3bab2ee05" testName="CheckDeleteDeviceMediaCommandHandler_LocalConfigG1_MediaDbG1G2G3G4_ExistedTracksG1_CreateLocalArchiveThrows" computerName="DKSR-EFI-04" duration="00:00:00.0023769" startTime="2023-12-22T09:33:45.2719366+01:00" endTime="2023-12-22T09:33:45.2719366+01:00" testType="13cdc9d9-ddb5-4fa4-a97d-d965ccfc6d4b" outcome="Passed" testListId="8c84fa94-04c1-424b-9868-57a2d4851a1d" relativeResultsDirectory="7379b4ca-abd1-44e4-be31-712b24f3c9d3" />
    <UnitTestResult executionId="76fa589a-1d2e-434f-a49b-235277497bef" testId="c00497f9-ea5d-2f59-337b-ecad5edfefda" testName="Start_ServerConfigWithZeroPort_ShouldThrowException" computerName="DKSR-EFI-04" duration="00:00:00.0925467" startTime="2023-12-22T09:33:23.5687076+01:00" endTime="2023-12-22T09:33:23.6624566+01:00" testType="13cdc9d9-ddb5-4fa4-a97d-d965ccfc6d4b" outcome="Passed" testListId="8c84fa94-04c1-424b-9868-57a2d4851a1d" relativeResultsDirectory="76fa589a-1d2e-434f-a49b-235277497bef" />
    <UnitTestResult executionId="84544220-5ca0-4508-a5af-73901c5aa466" testId="900c9cd5-08a4-4d6a-4132-97a4eb93252f" testName="SOAPCommandRequestHandler_ExecuteFunction_HandlePTZRectangle_Success" computerName="DKSR-EFI-04" duration="00:00:00.0025552" startTime="2023-12-22T09:33:30.8187414+01:00" endTime="2023-12-22T09:33:30.8187414+01:00" testType="13cdc9d9-ddb5-4fa4-a97d-d965ccfc6d4b" outcome="Passed" testListId="8c84fa94-04c1-424b-9868-57a2d4851a1d" relativeResultsDirectory="84544220-5ca0-4508-a5af-73901c5aa466" />
    <UnitTestResult executionId="ccffec79-790e-47d6-9dda-a2ddf2e3ad28" testId="e727795f-0ad7-4c41-8cca-726339c9a3f1" testName="MediaDbUtil_MultitrackNavigation_Scenario06" computerName="DKSR-EFI-04" duration="00:00:00.0134196" startTime="2023-12-22T09:33:28.6624799+01:00" endTime="2023-12-22T09:33:28.6781066+01:00" testType="13cdc9d9-ddb5-4fa4-a97d-d965ccfc6d4b" outcome="Passed" testListId="8c84fa94-04c1-424b-9868-57a2d4851a1d" relativeResultsDirectory="ccffec79-790e-47d6-9dda-a2ddf2e3ad28">
      <Output>
        <StdOut>TestContext Messages:&#xD;
Before&#xD;
Navigation:  "  V                                     "&#xD;
Source    :  "        1-----1-----1----1----          "&#xD;
Unable to move&#xD;
&#xD;
AtOrBefore&#xD;
Navigation:  "  V                                     "&#xD;
Source    :  "        1-----1-----1----1----          "&#xD;
Unable to move&#xD;
&#xD;
AtOrAfter&#xD;
Navigation:  "  V                                     "&#xD;
Source    :  "        1-----1-----1----1----          "&#xD;
Expected  :  "        1-----N                         "&#xD;
Actual    :  "        1-----N                         "&#xD;
&#xD;
After&#xD;
Navigation:  "  V                                     "&#xD;
Source    :  "        1-----1-----1----1----          "&#xD;
Expected  :  "        1-----N                         "&#xD;
Actual    :  "        1-----N                         "&#xD;
&#xD;
Before&#xD;
Navigation:  "    V                                   "&#xD;
Source    :  "        1-----1-----1----1----          "&#xD;
Unable to move&#xD;
&#xD;
AtOrBefore&#xD;
Navigation:  "    V                                   "&#xD;
Source    :  "        1-----1-----1----1----          "&#xD;
Unable to move&#xD;
&#xD;
AtOrAfter&#xD;
Navigation:  "    V                                   "&#xD;
Source    :  "        1-----1-----1----1----          "&#xD;
Expected  :  "        1-----N                         "&#xD;
Actual    :  "        1-----N                         "&#xD;
&#xD;
After&#xD;
Navigation:  "    V                                   "&#xD;
Source    :  "        1-----1-----1----1----          "&#xD;
Expected  :  "        1-----N                         "&#xD;
Actual    :  "        1-----N                         "&#xD;
&#xD;
Before&#xD;
Navigation:  "     V                                  "&#xD;
Source    :  "        1-----1-----1----1----          "&#xD;
Unable to move&#xD;
&#xD;
AtOrBefore&#xD;
Navigation:  "     V                                  "&#xD;
Source    :  "        1-----1-----1----1----          "&#xD;
Unable to move&#xD;
&#xD;
AtOrAfter&#xD;
Navigation:  "     V                                  "&#xD;
Source    :  "        1-----1-----1----1----          "&#xD;
Expected  :  "        1-----N                         "&#xD;
Actual    :  "        1-----N                         "&#xD;
&#xD;
After&#xD;
Navigation:  "     V                                  "&#xD;
Source    :  "        1-----1-----1----1----          "&#xD;
Expected  :  "        1-----N                         "&#xD;
Actual    :  "        1-----N                         "&#xD;
&#xD;
Before&#xD;
Navigation:  "      V                                 "&#xD;
Source    :  "        1-----1-----1----1----          "&#xD;
Unable to move&#xD;
&#xD;
AtOrBefore&#xD;
Navigation:  "      V                                 "&#xD;
Source    :  "        1-----1-----1----1----          "&#xD;
Unable to move&#xD;
&#xD;
AtOrAfter&#xD;
Navigation:  "      V                                 "&#xD;
Source    :  "        1-----1-----1----1----          "&#xD;
Expected  :  "        1-----N                         "&#xD;
Actual    :  "        1-----N                         "&#xD;
&#xD;
After&#xD;
Navigation:  "      V                                 "&#xD;
Source    :  "        1-----1-----1----1----          "&#xD;
Expected  :  "        1-----N                         "&#xD;
Actual    :  "        1-----N                         "&#xD;
&#xD;
Before&#xD;
Navigation:  "                  V                     "&#xD;
Source    :  "        1-----1-----1----1----          "&#xD;
Expected  :  "        1-----N                         "&#xD;
Actual    :  "        1-----N                         "&#xD;
&#xD;
AtOrBefore&#xD;
Navigation:  "                  V                     "&#xD;
Source    :  "        1-----1-----1----1----          "&#xD;
Expected  :  "        P     1-----N                   "&#xD;
Actual    :  "        P     1-----N                   "&#xD;
&#xD;
AtOrAfter&#xD;
Navigation:  "                  V                     "&#xD;
Source    :  "        1-----1-----1----1----          "&#xD;
Expected  :  "        P     1-----N                   "&#xD;
Actual    :  "        P     1-----N                   "&#xD;
&#xD;
After&#xD;
Navigation:  "                  V                     "&#xD;
Source    :  "        1-----1-----1----1----          "&#xD;
Expected  :  "              P     1----N              "&#xD;
Actual    :  "              P     1----N              "&#xD;
&#xD;
Before&#xD;
Navigation:  "                                      V "&#xD;
Source    :  "        1-----1-----1----1----          "&#xD;
Expected  :  "                    P    1----          "&#xD;
Actual    :  "                    P    1----          "&#xD;
&#xD;
AtOrBefore&#xD;
Navigation:  "                                      V "&#xD;
Source    :  "        1-----1-----1----1----          "&#xD;
Expected  :  "                    P    1----          "&#xD;
Actual    :  "                    P    1----          "&#xD;
&#xD;
AtOrAfter&#xD;
Navigation:  "                                      V "&#xD;
Source    :  "        1-----1-----1----1----          "&#xD;
Unable to move&#xD;
&#xD;
After&#xD;
Navigation:  "                                      V "&#xD;
Source    :  "        1-----1-----1----1----          "&#xD;
Unable to move&#xD;
&#xD;
Before&#xD;
Navigation:  "  V                                     "&#xD;
Source    :  "                                        "&#xD;
Unable to move&#xD;
&#xD;
AtOrBefore&#xD;
Navigation:  "  V                                     "&#xD;
Source    :  "                                        "&#xD;
Unable to move&#xD;
&#xD;
AtOrAfter&#xD;
Navigation:  "  V                                     "&#xD;
Source    :  "                                        "&#xD;
Unable to move&#xD;
&#xD;
After&#xD;
Navigation:  "  V                                     "&#xD;
Source    :  "                                        "&#xD;
Unable to move&#xD;
&#xD;
Before&#xD;
Navigation:  "    V                                   "&#xD;
Source    :  "                                        "&#xD;
Unable to move&#xD;
&#xD;
AtOrBefore&#xD;
Navigation:  "    V                                   "&#xD;
Source    :  "                                        "&#xD;
Unable to move&#xD;
&#xD;
AtOrAfter&#xD;
Navigation:  "    V                                   "&#xD;
Source    :  "                                        "&#xD;
Unable to move&#xD;
&#xD;
After&#xD;
Navigation:  "    V                                   "&#xD;
Source    :  "                                        "&#xD;
Unable to move&#xD;
&#xD;
Before&#xD;
Navigation:  "     V                                  "&#xD;
Source    :  "                                        "&#xD;
Unable to move&#xD;
&#xD;
AtOrBefore&#xD;
Navigation:  "     V                                  "&#xD;
Source    :  "                                        "&#xD;
Unable to move&#xD;
&#xD;
AtOrAfter&#xD;
Navigation:  "     V                                  "&#xD;
Source    :  "                                        "&#xD;
Unable to move&#xD;
&#xD;
After&#xD;
Navigation:  "     V                                  "&#xD;
Source    :  "                                        "&#xD;
Unable to move&#xD;
&#xD;
Before&#xD;
Navigation:  "      V                                 "&#xD;
Source    :  "                                        "&#xD;
Unable to move&#xD;
&#xD;
AtOrBefore&#xD;
Navigation:  "      V                                 "&#xD;
Source    :  "                                        "&#xD;
Unable to move&#xD;
&#xD;
AtOrAfter&#xD;
Navigation:  "      V                                 "&#xD;
Source    :  "                                        "&#xD;
Unable to move&#xD;
&#xD;
After&#xD;
Navigation:  "      V                                 "&#xD;
Source    :  "                                        "&#xD;
Unable to move&#xD;
&#xD;
Before&#xD;
Navigation:  "                  V                     "&#xD;
Source    :  "                                        "&#xD;
Unable to move&#xD;
&#xD;
AtOrBefore&#xD;
Navigation:  "                  V                     "&#xD;
Source    :  "                                        "&#xD;
Unable to move&#xD;
&#xD;
AtOrAfter&#xD;
Navigation:  "                  V                     "&#xD;
Source    :  "                                        "&#xD;
Unable to move&#xD;
&#xD;
After&#xD;
Navigation:  "                  V                     "&#xD;
Source    :  "                                        "&#xD;
Unable to move&#xD;
&#xD;
Before&#xD;
Navigation:  "                                      V "&#xD;
Source    :  "                                        "&#xD;
Unable to move&#xD;
&#xD;
AtOrBefore&#xD;
Navigation:  "                                      V "&#xD;
Source    :  "                                        "&#xD;
Unable to move&#xD;
&#xD;
AtOrAfter&#xD;
Navigation:  "                                      V "&#xD;
Source    :  "                                        "&#xD;
Unable to move&#xD;
&#xD;
After&#xD;
Navigation:  "                                      V "&#xD;
Source    :  "                                        "&#xD;
Unable to move</StdOut>
      </Output>
    </UnitTestResult>
    <UnitTestResult executionId="0e5e9925-0998-45ac-8340-a5c48508bbdb" testId="d5fc2921-49e9-457b-e57f-91fa957c113c" testName="Start_CalledTwice_ShouldFail" computerName="DKSR-EFI-04" duration="00:00:00.0003581" startTime="2023-12-22T09:33:44.2406814+01:00" endTime="2023-12-22T09:33:44.2406814+01:00" testType="13cdc9d9-ddb5-4fa4-a97d-d965ccfc6d4b" outcome="Passed" testListId="8c84fa94-04c1-424b-9868-57a2d4851a1d" relativeResultsDirectory="0e5e9925-0998-45ac-8340-a5c48508bbdb" />
    <UnitTestResult executionId="e3444687-30cc-4b7b-8771-9777f8da2682" testId="5284f928-c894-29df-925e-e816e940f07a" testName="SmartSearchHandlerSimpleForwardTestAllHits" computerName="DKSR-EFI-04" duration="00:00:00.0042377" startTime="2023-12-22T09:33:32.0843714+01:00" endTime="2023-12-22T09:33:32.0843714+01:00" testType="13cdc9d9-ddb5-4fa4-a97d-d965ccfc6d4b" outcome="Passed" testListId="8c84fa94-04c1-424b-9868-57a2d4851a1d" relativeResultsDirectory="e3444687-30cc-4b7b-8771-9777f8da2682" />
    <UnitTestResult executionId="5324b714-e4c8-476c-8668-eba635ede1c5" testId="5d79b4e4-9737-73a4-0296-d3511031e487" testName="SOAPCommandRequestHandler_ExecuteFunction_HandlePTZMoveStart_Success" computerName="DKSR-EFI-04" duration="00:00:00.0021854" startTime="2023-12-22T09:33:30.7406140+01:00" endTime="2023-12-22T09:33:30.7406140+01:00" testType="13cdc9d9-ddb5-4fa4-a97d-d965ccfc6d4b" outcome="Passed" testListId="8c84fa94-04c1-424b-9868-57a2d4851a1d" relativeResultsDirectory="5324b714-e4c8-476c-8668-eba635ede1c5" />
    <UnitTestResult executionId="7efd806a-608e-433b-9c49-5a7949d2382e" testId="3f40df78-1203-c025-a1d9-9cc48d7e016b" testName="SetupInitialHardwareUserCommandHandler_Execute_SetupUser_ThrowsUserHandlingHardwareError_Errors" computerName="DKSR-EFI-04" duration="00:00:00.0012771" startTime="2023-12-22T09:33:50.9907143+01:00" endTime="2023-12-22T09:33:50.9907143+01:00" testType="13cdc9d9-ddb5-4fa4-a97d-d965ccfc6d4b" outcome="Passed" testListId="8c84fa94-04c1-424b-9868-57a2d4851a1d" relativeResultsDirectory="7efd806a-608e-433b-9c49-5a7949d2382e" />
    <UnitTestResult executionId="97df9234-f525-4736-a2c5-3693d9ac5db4" testId="7f480d80-2bbd-e72a-a137-7779a6b33a62" testName="SOAPCommandRequestHandler_ExecuteFunction_HandlePTZRectangle_NoHeight" computerName="DKSR-EFI-04" duration="00:00:00.0008603" startTime="2023-12-22T09:33:30.7718657+01:00" endTime="2023-12-22T09:33:30.7718657+01:00" testType="13cdc9d9-ddb5-4fa4-a97d-d965ccfc6d4b" outcome="Passed" testListId="8c84fa94-04c1-424b-9868-57a2d4851a1d" relativeResultsDirectory="97df9234-f525-4736-a2c5-3693d9ac5db4" />
    <UnitTestResult executionId="cd3715dc-5101-4bb4-b3fe-bbbcdf855af6" testId="d274c0ed-73ed-0597-b56a-427bb74ea1fa" testName="SetNetworkConfigurationCommandHandler_Execute_SetNetworkConfiguration_ThrowsUnknownResult_Errors" computerName="DKSR-EFI-04" duration="00:00:00.0009588" startTime="2023-12-22T09:33:50.9438388+01:00" endTime="2023-12-22T09:33:50.9438388+01:00" testType="13cdc9d9-ddb5-4fa4-a97d-d965ccfc6d4b" outcome="Passed" testListId="8c84fa94-04c1-424b-9868-57a2d4851a1d" relativeResultsDirectory="cd3715dc-5101-4bb4-b3fe-bbbcdf855af6" />
    <UnitTestResult executionId="49be81d1-5ce5-467e-96a3-00135a5a5f15" testId="cec5cf82-f62f-e4a4-7c19-50128bad1472" testName="DatabaseoperationCommandhandler_VerifyStorageAndArchiveOnline_Failover_ReturnErrorResponse" computerName="DKSR-EFI-04" duration="00:00:00.0007050" startTime="2023-12-22T09:33:45.6469386+01:00" endTime="2023-12-22T09:33:45.6469386+01:00" testType="13cdc9d9-ddb5-4fa4-a97d-d965ccfc6d4b" outcome="Passed" testListId="8c84fa94-04c1-424b-9868-57a2d4851a1d" relativeResultsDirectory="49be81d1-5ce5-467e-96a3-00135a5a5f15" />
    <UnitTestResult executionId="1cbdd3a7-4253-4ca5-8687-6edd601894d5" testId="99d05a64-eea6-24d1-334b-953a675eddcb" testName="PtzManagerDataHolder_GetPtzDevice_No_Device" computerName="DKSR-EFI-04" duration="00:00:00.0010398" startTime="2023-12-22T09:33:51.1000906+01:00" endTime="2023-12-22T09:33:51.1000906+01:00" testType="13cdc9d9-ddb5-4fa4-a97d-d965ccfc6d4b" outcome="Passed" testListId="8c84fa94-04c1-424b-9868-57a2d4851a1d" relativeResultsDirectory="1cbdd3a7-4253-4ca5-8687-6edd601894d5" />
    <UnitTestResult executionId="bc956757-9836-413e-8ed3-9d2d6feb1ce7" testId="c4e3c8c0-1ebe-3cd1-d917-4f93b953f5b8" testName="RepairSessionStarted_Success" computerName="DKSR-EFI-04" duration="00:00:00.0001760" startTime="2023-12-22T09:33:23.1155790+01:00" endTime="2023-12-22T09:33:23.1155790+01:00" testType="13cdc9d9-ddb5-4fa4-a97d-d965ccfc6d4b" outcome="Passed" testListId="8c84fa94-04c1-424b-9868-57a2d4851a1d" relativeResultsDirectory="bc956757-9836-413e-8ed3-9d2d6feb1ce7" />
    <UnitTestResult executionId="7ba824d0-fed2-42f1-9e2a-01b45fbe7530" testId="f4d271b7-a9e1-cd6e-d146-55db27b2787f" testName="MediaDbConfigurationWriter_WriteDeviceTableConfiguration_NotCam" computerName="DKSR-EFI-04" duration="00:00:00.0004248" startTime="2023-12-22T09:33:44.8969344+01:00" endTime="2023-12-22T09:33:44.8969344+01:00" testType="13cdc9d9-ddb5-4fa4-a97d-d965ccfc6d4b" outcome="Passed" testListId="8c84fa94-04c1-424b-9868-57a2d4851a1d" relativeResultsDirectory="7ba824d0-fed2-42f1-9e2a-01b45fbe7530" />
    <UnitTestResult executionId="45cf36e0-bf6d-46c3-a35b-c0359686b06c" testId="3e5d9dcf-e6be-23b7-42e8-4c48fa66792a" testName="SetNetworkConfigurationCommandHandler_Execute_SunnyDay_IPv6" computerName="DKSR-EFI-04" duration="00:00:00.0025610" startTime="2023-12-22T09:33:50.8813373+01:00" endTime="2023-12-22T09:33:50.8813373+01:00" testType="13cdc9d9-ddb5-4fa4-a97d-d965ccfc6d4b" outcome="Passed" testListId="8c84fa94-04c1-424b-9868-57a2d4851a1d" relativeResultsDirectory="45cf36e0-bf6d-46c3-a35b-c0359686b06c" />
    <UnitTestResult executionId="bf9a0d88-5044-4586-b36e-cf7747e17e50" testId="5164a939-4212-4209-7f73-68f301761e1c" testName="SOAPCommandRequestHandler_ExecuteFunction_HandlePTZRectangle_Width_Not_Double" computerName="DKSR-EFI-04" duration="00:00:00.0008092" startTime="2023-12-22T09:33:30.7718657+01:00" endTime="2023-12-22T09:33:30.7718657+01:00" testType="13cdc9d9-ddb5-4fa4-a97d-d965ccfc6d4b" outcome="Passed" testListId="8c84fa94-04c1-424b-9868-57a2d4851a1d" relativeResultsDirectory="bf9a0d88-5044-4586-b36e-cf7747e17e50" />
    <UnitTestResult executionId="909c847e-a540-4915-b7b8-f90e607b5fb6" testId="2ae0a91b-6259-6398-9a29-15a94e48c068" testName="ConnectSuccess_Goto_NextSeqWithoutTime" computerName="DKSR-EFI-04" duration="00:00:00.0028037" startTime="2023-12-22T09:33:27.7718519+01:00" endTime="2023-12-22T09:33:27.7874749+01:00" testType="13cdc9d9-ddb5-4fa4-a97d-d965ccfc6d4b" outcome="Passed" testListId="8c84fa94-04c1-424b-9868-57a2d4851a1d" relativeResultsDirectory="909c847e-a540-4915-b7b8-f90e607b5fb6" />
    <UnitTestResult executionId="f0b57055-b018-4917-ad52-c4cd89ce4832" testId="fdcce838-d7d2-f8af-e608-91b54f5cd1aa" testName="CallLinkedDeviceStartedMethodCameraNotRecording" computerName="DKSR-EFI-04" duration="00:00:00.0004253" startTime="2023-12-22T09:33:33.3656278+01:00" endTime="2023-12-22T09:33:33.3656278+01:00" testType="13cdc9d9-ddb5-4fa4-a97d-d965ccfc6d4b" outcome="Passed" testListId="8c84fa94-04c1-424b-9868-57a2d4851a1d" relativeResultsDirectory="f0b57055-b018-4917-ad52-c4cd89ce4832" />
    <UnitTestResult executionId="0a1a52fc-eccc-481b-9ed3-7bf24cc93f75" testId="99eea56b-a501-2d1f-5337-803af4247826" testName="ResponseController_ValidSuccessResponse_SuccessResponseWithTokenCalledOnCommManager" computerName="DKSR-EFI-04" duration="00:00:00.0016115" startTime="2023-12-22T09:33:24.6468355+01:00" endTime="2023-12-22T09:33:24.6468355+01:00" testType="13cdc9d9-ddb5-4fa4-a97d-d965ccfc6d4b" outcome="Passed" testListId="8c84fa94-04c1-424b-9868-57a2d4851a1d" relativeResultsDirectory="0a1a52fc-eccc-481b-9ed3-7bf24cc93f75" />
    <UnitTestResult executionId="d727c448-4170-4181-9621-d304ee209078" testId="3714ded7-c269-e338-b793-f93faddd2b7c" testName="ConfigurationDatasetHolder_ApplyTableDistribution_WithDistributions_Success" computerName="DKSR-EFI-04" duration="00:00:00.0311690" startTime="2023-12-22T09:33:20.7874434+01:00" endTime="2023-12-22T09:33:20.8186929+01:00" testType="13cdc9d9-ddb5-4fa4-a97d-d965ccfc6d4b" outcome="Passed" testListId="8c84fa94-04c1-424b-9868-57a2d4851a1d" relativeResultsDirectory="d727c448-4170-4181-9621-d304ee209078" />
    <UnitTestResult executionId="7fb0c75e-b37a-4f29-ba20-8a30f7f741fa" testId="7e937a36-b746-25c4-87ec-e39c5d8db1ae" testName="MessageManagerCallback_HandleTimeout_RetriesUpdate" computerName="DKSR-EFI-04" duration="00:00:00.1664211" startTime="2023-12-22T09:33:22.3968273+01:00" endTime="2023-12-22T09:33:22.5687007+01:00" testType="13cdc9d9-ddb5-4fa4-a97d-d965ccfc6d4b" outcome="Passed" testListId="8c84fa94-04c1-424b-9868-57a2d4851a1d" relativeResultsDirectory="7fb0c75e-b37a-4f29-ba20-8a30f7f741fa" />
    <UnitTestResult executionId="1ed6f3e3-5acb-4d82-a82a-2bacc0d6154c" testId="5f071467-0ec7-cb4a-de4c-e26d70e1135c" testName="SOAPCommandRequestHandler_ExecuteFunction_HandlePTZActivatePatrollingSchema_NoDeviceId" computerName="DKSR-EFI-04" duration="00:00:00.0024277" startTime="2023-12-22T09:33:30.9124904+01:00" endTime="2023-12-22T09:33:30.9124904+01:00" testType="13cdc9d9-ddb5-4fa4-a97d-d965ccfc6d4b" outcome="Passed" testListId="8c84fa94-04c1-424b-9868-57a2d4851a1d" relativeResultsDirectory="1ed6f3e3-5acb-4d82-a82a-2bacc0d6154c" />
    <UnitTestResult executionId="dc8df569-da46-48b8-8f6b-9c534b1cb8f0" testId="e6914896-0f9e-8248-b539-765a2c244839" testName="PtzStopSessionCommandHandler_Execute_Device_Not_Found" computerName="DKSR-EFI-04" duration="00:00:00.0007515" startTime="2023-12-22T09:33:50.4594618+01:00" endTime="2023-12-22T09:33:50.4594618+01:00" testType="13cdc9d9-ddb5-4fa4-a97d-d965ccfc6d4b" outcome="Passed" testListId="8c84fa94-04c1-424b-9868-57a2d4851a1d" relativeResultsDirectory="dc8df569-da46-48b8-8f6b-9c534b1cb8f0" />
    <UnitTestResult executionId="524aa569-e6a8-40c3-b582-2e6cb19f1e1e" testId="1f366cd7-3615-ea15-93e8-effdffa9e430" testName="SendCurrentStatus_SendsCurrentStatus_OnRecorderConnected" computerName="DKSR-EFI-04" duration="00:00:00.0007383" startTime="2023-12-22T09:33:23.4124593+01:00" endTime="2023-12-22T09:33:23.4124593+01:00" testType="13cdc9d9-ddb5-4fa4-a97d-d965ccfc6d4b" outcome="Passed" testListId="8c84fa94-04c1-424b-9868-57a2d4851a1d" relativeResultsDirectory="524aa569-e6a8-40c3-b582-2e6cb19f1e1e" />
    <UnitTestResult executionId="3b117587-6763-4c11-bf16-6cae01cfde70" testId="23ee9bf1-ca25-8ff0-b7d2-b8ee61230f2e" testName="AddStatus_SendsStatus_OnSameStatusTwice" computerName="DKSR-EFI-04" duration="00:00:00.0006525" startTime="2023-12-22T09:33:23.3968306+01:00" endTime="2023-12-22T09:33:23.3968306+01:00" testType="13cdc9d9-ddb5-4fa4-a97d-d965ccfc6d4b" outcome="Passed" testListId="8c84fa94-04c1-424b-9868-57a2d4851a1d" relativeResultsDirectory="3b117587-6763-4c11-bf16-6cae01cfde70" />
    <UnitTestResult executionId="da859354-d28c-4e25-abac-7eb0e12e4bcf" testId="efc688f6-51c5-f699-8cb7-1c5461d32a67" testName="ServerAccessTokenHandler_Constructor_Success" computerName="DKSR-EFI-04" duration="00:00:00.0891282" startTime="2023-12-22T09:33:32.2249980+01:00" endTime="2023-12-22T09:33:32.3031229+01:00" testType="13cdc9d9-ddb5-4fa4-a97d-d965ccfc6d4b" outcome="Passed" testListId="8c84fa94-04c1-424b-9868-57a2d4851a1d" relativeResultsDirectory="da859354-d28c-4e25-abac-7eb0e12e4bcf" />
    <UnitTestResult executionId="6634ba3a-9cae-463f-9b23-001a27c9a731" testId="85d18cf4-f8f7-0149-cadc-811b02ee02d9" testName="UpdateConfigurationFromDiffGram_ServerAddress_Success" computerName="DKSR-EFI-04" duration="00:00:00.0200845" startTime="2023-12-22T09:33:33.7406316+01:00" endTime="2023-12-22T09:33:33.7562566+01:00" testType="13cdc9d9-ddb5-4fa4-a97d-d965ccfc6d4b" outcome="Passed" testListId="8c84fa94-04c1-424b-9868-57a2d4851a1d" relativeResultsDirectory="6634ba3a-9cae-463f-9b23-001a27c9a731" />
    <UnitTestResult executionId="6e62ca9b-1035-47d3-98d4-547fdcf7ba34" testId="57f1805f-f406-3f66-3c68-98f225709ba5" testName="Transform_To_Version_2_Success" computerName="DKSR-EFI-04" duration="00:00:00.0120201" startTime="2023-12-22T09:33:29.7093595+01:00" endTime="2023-12-22T09:33:29.7093595+01:00" testType="13cdc9d9-ddb5-4fa4-a97d-d965ccfc6d4b" outcome="Passed" testListId="8c84fa94-04c1-424b-9868-57a2d4851a1d" relativeResultsDirectory="6e62ca9b-1035-47d3-98d4-547fdcf7ba34" />
    <UnitTestResult executionId="9243410c-8b24-4302-9cf4-7b23aad67e96" testId="50b4242f-6299-48ea-c80c-41075ec2e8bf" testName="GetStatistics_Framerate_JPEG_50_Percent" computerName="DKSR-EFI-04" duration="00:00:00.0006435" startTime="2023-12-22T09:33:33.4906283+01:00" endTime="2023-12-22T09:33:33.4906283+01:00" testType="13cdc9d9-ddb5-4fa4-a97d-d965ccfc6d4b" outcome="Passed" testListId="8c84fa94-04c1-424b-9868-57a2d4851a1d" relativeResultsDirectory="9243410c-8b24-4302-9cf4-7b23aad67e96" />
    <UnitTestResult executionId="7486eaf8-5203-4e56-a269-003ac5f1216f" testId="34f2c998-801b-3b6c-34cf-595811976bdc" testName="SOAPCommandRequestHandler_ExecuteFunction_HandlePTZRectangle_No_Priority" computerName="DKSR-EFI-04" duration="00:00:00.0012147" startTime="2023-12-22T09:33:30.8031154+01:00" endTime="2023-12-22T09:33:30.8031154+01:00" testType="13cdc9d9-ddb5-4fa4-a97d-d965ccfc6d4b" outcome="Passed" testListId="8c84fa94-04c1-424b-9868-57a2d4851a1d" relativeResultsDirectory="7486eaf8-5203-4e56-a269-003ac5f1216f" />
    <UnitTestResult executionId="727b065c-74a4-4c27-9d7d-ac0480513acc" testId="57a5b186-9c7e-8ac1-b36f-7da3eebca679" testName="MediaDbConfigurationWriter_WriteDeviceTableConfigurationNoPrebuffer_Cam" computerName="DKSR-EFI-04" duration="00:00:00.0005498" startTime="2023-12-22T09:33:44.8813101+01:00" endTime="2023-12-22T09:33:44.8813101+01:00" testType="13cdc9d9-ddb5-4fa4-a97d-d965ccfc6d4b" outcome="Passed" testListId="8c84fa94-04c1-424b-9868-57a2d4851a1d" relativeResultsDirectory="727b065c-74a4-4c27-9d7d-ac0480513acc" />
    <UnitTestResult executionId="3f70bb23-f954-423c-a104-2b10a722f240" testId="51d1c213-681f-7d0e-399c-633ebef10cbe" testName="GetHardwareUsersCommandHandler_Execute_InvalidUser_NoUserName_ExpectedUsersReturned" computerName="DKSR-EFI-04" duration="00:00:00.0031763" startTime="2023-12-22T09:33:47.7875747+01:00" endTime="2023-12-22T09:33:47.8031982+01:00" testType="13cdc9d9-ddb5-4fa4-a97d-d965ccfc6d4b" outcome="Passed" testListId="8c84fa94-04c1-424b-9868-57a2d4851a1d" relativeResultsDirectory="3f70bb23-f954-423c-a104-2b10a722f240" />
    <UnitTestResult executionId="eb082c81-0369-455a-ac2c-7cb8ebe327ae" testId="95504db4-614a-748b-50bb-8b0f96d3ff0f" testName="GetAbsolutePtzPositionCommandHandler_Execute_Absolute_Position_Not_Supported" computerName="DKSR-EFI-04" duration="00:00:00.0016729" startTime="2023-12-22T09:33:47.6938228+01:00" endTime="2023-12-22T09:33:47.6938228+01:00" testType="13cdc9d9-ddb5-4fa4-a97d-d965ccfc6d4b" outcome="Passed" testListId="8c84fa94-04c1-424b-9868-57a2d4851a1d" relativeResultsDirectory="eb082c81-0369-455a-ac2c-7cb8ebe327ae" />
    <UnitTestResult executionId="c2473ae9-0957-4a59-967d-e1f618695f8e" testId="87d34b34-bc3d-f774-26c8-418c7975eb86" testName="ConnectUpdate_Shutdown_TokenUnavailable" computerName="DKSR-EFI-04" duration="00:00:00.0014614" startTime="2023-12-22T09:33:27.5531010+01:00" endTime="2023-12-22T09:33:27.5687256+01:00" testType="13cdc9d9-ddb5-4fa4-a97d-d965ccfc6d4b" outcome="Passed" testListId="8c84fa94-04c1-424b-9868-57a2d4851a1d" relativeResultsDirectory="c2473ae9-0957-4a59-967d-e1f618695f8e" />
    <UnitTestResult executionId="a878efee-47c1-4666-8718-0814eebeb3ec" testId="bf461841-b8d6-9762-b8da-19f13168312f" testName="QueryDeviceEvidenceLockSizesCommandHandler_QueryDeviceEvidenceLockSizesResponse_NotZeroAndPositiveSize" computerName="DKSR-EFI-04" duration="00:00:00.0026672" startTime="2023-12-22T09:33:50.5375870+01:00" endTime="2023-12-22T09:33:50.5375870+01:00" testType="13cdc9d9-ddb5-4fa4-a97d-d965ccfc6d4b" outcome="Passed" testListId="8c84fa94-04c1-424b-9868-57a2d4851a1d" relativeResultsDirectory="a878efee-47c1-4666-8718-0814eebeb3ec" />
    <UnitTestResult executionId="860e0581-c55e-4fce-8c5c-c6af4a06db60" testId="a319cef0-3e15-f923-0e74-77ec35379415" testName="ConnectSuccess_Begin_Denied" computerName="DKSR-EFI-04" duration="00:00:00.0021518" startTime="2023-12-22T09:33:27.7406011+01:00" endTime="2023-12-22T09:33:27.7406011+01:00" testType="13cdc9d9-ddb5-4fa4-a97d-d965ccfc6d4b" outcome="Passed" testListId="8c84fa94-04c1-424b-9868-57a2d4851a1d" relativeResultsDirectory="860e0581-c55e-4fce-8c5c-c6af4a06db60" />
    <UnitTestResult executionId="b2a57ca8-ce93-4e35-8878-b2a5c9a34941" testId="c93a2b4c-45af-2a1f-886b-18baadc149d2" testName="MediaDbCache_GetDiskUsageInformationBank_Zero_Seconds_Timeout_Nothing_Cached" computerName="DKSR-EFI-04" duration="00:00:00.0017106" startTime="2023-12-22T09:33:44.6781843+01:00" endTime="2023-12-22T09:33:44.6781843+01:00" testType="13cdc9d9-ddb5-4fa4-a97d-d965ccfc6d4b" outcome="Passed" testListId="8c84fa94-04c1-424b-9868-57a2d4851a1d" relativeResultsDirectory="b2a57ca8-ce93-4e35-8878-b2a5c9a34941" />
    <UnitTestResult executionId="fc9e958c-8ee0-4b97-8256-0b232798e496" testId="94814152-72a2-cd6c-3d16-d7d4f6da9295" testName="FillableGridAreaFromPrivacyMask" computerName="DKSR-EFI-04" duration="00:00:00.0092253" startTime="2023-12-22T09:33:32.0218711+01:00" endTime="2023-12-22T09:33:32.0374965+01:00" testType="13cdc9d9-ddb5-4fa4-a97d-d965ccfc6d4b" outcome="Passed" testListId="8c84fa94-04c1-424b-9868-57a2d4851a1d" relativeResultsDirectory="fc9e958c-8ee0-4b97-8256-0b232798e496" />
    <UnitTestResult executionId="d9c35cc5-28a3-4566-90a0-6fd78720d2bc" testId="12297819-a531-e9d2-9b5c-ff454020f994" testName="PrepareMoveHardwareCommandHandler_Execute_Hardware_Blocked_SuccessResponse" computerName="DKSR-EFI-04" duration="00:00:00.0015910" startTime="2023-12-22T09:33:48.9907048+01:00" endTime="2023-12-22T09:33:48.9907048+01:00" testType="13cdc9d9-ddb5-4fa4-a97d-d965ccfc6d4b" outcome="Passed" testListId="8c84fa94-04c1-424b-9868-57a2d4851a1d" relativeResultsDirectory="d9c35cc5-28a3-4566-90a0-6fd78720d2bc" />
    <UnitTestResult executionId="4f983a14-1d32-47e0-bf86-801bf20084be" testId="934d43ab-8402-3739-3f4b-05a17737217f" testName="GetNetworkConfigurationCommandHandler_Execute_GetNetworkConfiguration_ThrowsNoHardwareAccess_Reschedules_NoResponse" computerName="DKSR-EFI-04" duration="00:00:00.0010053" startTime="2023-12-22T09:33:47.9750752+01:00" endTime="2023-12-22T09:33:47.9750752+01:00" testType="13cdc9d9-ddb5-4fa4-a97d-d965ccfc6d4b" outcome="Passed" testListId="8c84fa94-04c1-424b-9868-57a2d4851a1d" relativeResultsDirectory="4f983a14-1d32-47e0-bf86-801bf20084be" />
    <UnitTestResult executionId="9734be00-d2ca-47b8-a1cd-f1885e5fb6fe" testId="b77755e7-42cd-f184-7b35-a6128de820e4" testName="PrepareMoveHardwareCommandHandler_Execute_ResponseSink_Null_ArgumentException" computerName="DKSR-EFI-04" duration="00:00:00.0014920" startTime="2023-12-22T09:33:48.9750786+01:00" endTime="2023-12-22T09:33:48.9750786+01:00" testType="13cdc9d9-ddb5-4fa4-a97d-d965ccfc6d4b" outcome="Passed" testListId="8c84fa94-04c1-424b-9868-57a2d4851a1d" relativeResultsDirectory="9734be00-d2ca-47b8-a1cd-f1885e5fb6fe">
      <Output>
        <StdOut>Debug Trace:&#xD;
Fail: Argument null.</StdOut>
      </Output>
    </UnitTestResult>
    <UnitTestResult executionId="579e5a2e-28b3-48a8-8fc5-7463099325d5" testId="bdefc2e1-11fd-8c75-0f03-9861d638578f" testName="SearchingForwardEmpty" computerName="DKSR-EFI-04" duration="00:00:00.0003405" startTime="2023-12-22T09:33:33.4125039+01:00" endTime="2023-12-22T09:33:33.4125039+01:00" testType="13cdc9d9-ddb5-4fa4-a97d-d965ccfc6d4b" outcome="Passed" testListId="8c84fa94-04c1-424b-9868-57a2d4851a1d" relativeResultsDirectory="579e5a2e-28b3-48a8-8fc5-7463099325d5" />
    <UnitTestResult executionId="dd46e30a-8081-4258-9d91-a92c780c5be9" testId="d68ae15e-13f2-260b-c617-df59a3f061c5" testName="CollectMediaStatusCommandHandler_FindTrackStaus_No_Media_After" computerName="DKSR-EFI-04" duration="00:00:00.0013057" startTime="2023-12-22T09:33:45.4750629+01:00" endTime="2023-12-22T09:33:45.4906882+01:00" testType="13cdc9d9-ddb5-4fa4-a97d-d965ccfc6d4b" outcome="Passed" testListId="8c84fa94-04c1-424b-9868-57a2d4851a1d" relativeResultsDirectory="dd46e30a-8081-4258-9d91-a92c780c5be9" />
    <UnitTestResult executionId="1a1d8215-fbff-4c91-aa67-abc8c159e205" testId="3d5da664-ac77-4b79-c3a1-878b742a2e28" testName="DatabaseoperationCommandhandler_VerifyStorageAndArchiveOnline_Archive_Offline" computerName="DKSR-EFI-04" duration="00:00:00.0006622" startTime="2023-12-22T09:33:45.6313142+01:00" endTime="2023-12-22T09:33:45.6469386+01:00" testType="13cdc9d9-ddb5-4fa4-a97d-d965ccfc6d4b" outcome="Passed" testListId="8c84fa94-04c1-424b-9868-57a2d4851a1d" relativeResultsDirectory="1a1d8215-fbff-4c91-aa67-abc8c159e205" />
    <UnitTestResult executionId="c5f8d412-ca4f-489d-bc6c-a3b2cfd7c650" testId="15a41eed-e791-397c-fd04-5f8c4a27a22e" testName="ConnectSuccessAdvancedVideoParams_ReplaceYesWithTrue_CameraWithTrack" computerName="DKSR-EFI-04" duration="00:00:00.0017166" startTime="2023-12-22T09:33:27.4281001+01:00" endTime="2023-12-22T09:33:27.4281001+01:00" testType="13cdc9d9-ddb5-4fa4-a97d-d965ccfc6d4b" outcome="Passed" testListId="8c84fa94-04c1-424b-9868-57a2d4851a1d" relativeResultsDirectory="c5f8d412-ca4f-489d-bc6c-a3b2cfd7c650" />
    <UnitTestResult executionId="bcf5ca2f-d9cf-4e6d-8ee8-a1e8c50224a7" testId="2a156436-35d1-3599-981c-313b8e0207be" testName="PingStart_Called_TimerIsStarted" computerName="DKSR-EFI-04" duration="00:00:00.0004818" startTime="2023-12-22T09:33:24.2874584+01:00" endTime="2023-12-22T09:33:24.2874584+01:00" testType="13cdc9d9-ddb5-4fa4-a97d-d965ccfc6d4b" outcome="Passed" testListId="8c84fa94-04c1-424b-9868-57a2d4851a1d" relativeResultsDirectory="bcf5ca2f-d9cf-4e6d-8ee8-a1e8c50224a7" />
    <UnitTestResult executionId="a7b16c54-39b7-407a-af17-b3d5a6d5bb56" testId="54ef468a-8378-e46d-f375-82eeb64c7378" testName="SetNetworkConfigurationCommandHandler_Execute_SetNetworkConfigurationn_ThrowsUnknownException_Errors" computerName="DKSR-EFI-04" duration="00:00:00.0044591" startTime="2023-12-22T09:33:50.9438388+01:00" endTime="2023-12-22T09:33:50.9438388+01:00" testType="13cdc9d9-ddb5-4fa4-a97d-d965ccfc6d4b" outcome="Passed" testListId="8c84fa94-04c1-424b-9868-57a2d4851a1d" relativeResultsDirectory="a7b16c54-39b7-407a-af17-b3d5a6d5bb56" />
    <UnitTestResult executionId="0b28efe8-04bd-4ce5-be26-0f10bc5cc91f" testId="0b0987af-9592-d82b-5279-72361c02ffcd" testName="SOAPCommandRequestHandler_ExecuteFunction_HandleSmartSearchStart_NoSearchMaskSize" computerName="DKSR-EFI-04" duration="00:00:00.0010972" startTime="2023-12-22T09:33:30.0374877+01:00" endTime="2023-12-22T09:33:30.0374877+01:00" testType="13cdc9d9-ddb5-4fa4-a97d-d965ccfc6d4b" outcome="Passed" testListId="8c84fa94-04c1-424b-9868-57a2d4851a1d" relativeResultsDirectory="0b28efe8-04bd-4ce5-be26-0f10bc5cc91f" />
    <UnitTestResult executionId="3403fe3a-74c7-4796-89cc-f862403200ee" testId="243d17f3-b3aa-1f7f-fe45-b270f1b10aac" testName="PtzStopSessionCommandHandler_Execute_PtzException_DeviceNotReady" computerName="DKSR-EFI-04" duration="00:00:00.0004324" startTime="2023-12-22T09:33:50.4907114+01:00" endTime="2023-12-22T09:33:50.4907114+01:00" testType="13cdc9d9-ddb5-4fa4-a97d-d965ccfc6d4b" outcome="Passed" testListId="8c84fa94-04c1-424b-9868-57a2d4851a1d" relativeResultsDirectory="3403fe3a-74c7-4796-89cc-f862403200ee" />
    <UnitTestResult executionId="359dfca3-0fc9-4fcb-b7ca-61cd37a6611d" testId="784278f8-76d7-4e45-f1a2-2e6a30fea534" testName="SetupInitialHardwareUserCommandHandler_Execute_SetupUser_ThrowsUserHandlingUnknownError_Errors" computerName="DKSR-EFI-04" duration="00:00:00.0008630" startTime="2023-12-22T09:33:51.0063391+01:00" endTime="2023-12-22T09:33:51.0063391+01:00" testType="13cdc9d9-ddb5-4fa4-a97d-d965ccfc6d4b" outcome="Passed" testListId="8c84fa94-04c1-424b-9868-57a2d4851a1d" relativeResultsDirectory="359dfca3-0fc9-4fcb-b7ca-61cd37a6611d" />
    <UnitTestResult executionId="9dd35b02-b424-49de-98fb-53437027d063" testId="6e3732cf-5956-413f-542b-a6e096db976f" testName="GetIntervalsToScan_ShouldReturnNoInterval_WithDifferentDnsHostSpecified" computerName="DKSR-EFI-04" duration="00:00:00.0004951" startTime="2023-12-22T09:33:44.2719308+01:00" endTime="2023-12-22T09:33:44.2875585+01:00" testType="13cdc9d9-ddb5-4fa4-a97d-d965ccfc6d4b" outcome="Passed" testListId="8c84fa94-04c1-424b-9868-57a2d4851a1d" relativeResultsDirectory="9dd35b02-b424-49de-98fb-53437027d063" />
    <UnitTestResult executionId="15277734-b015-416d-b63e-add6d198648e" testId="747d4eb4-0e1e-7882-20c3-6bddaa2d9376" testName="TestLiveTableStatusCreatedWithTableExists" computerName="DKSR-EFI-04" duration="00:00:00.0005134" startTime="2023-12-22T09:33:44.9281845+01:00" endTime="2023-12-22T09:33:44.9281845+01:00" testType="13cdc9d9-ddb5-4fa4-a97d-d965ccfc6d4b" outcome="Passed" testListId="8c84fa94-04c1-424b-9868-57a2d4851a1d" relativeResultsDirectory="15277734-b015-416d-b63e-add6d198648e" />
    <UnitTestResult executionId="a4fa46e9-3649-4061-a7ab-5649f7d8cad6" testId="ff6df7b0-23d8-0454-b1e5-5d8debd02a40" testName="PtzReserveSessionCommandHandler_Execute_Preset_Not_Supported" computerName="DKSR-EFI-04" duration="00:00:00.0010718" startTime="2023-12-22T09:33:50.3969612+01:00" endTime="2023-12-22T09:33:50.3969612+01:00" testType="13cdc9d9-ddb5-4fa4-a97d-d965ccfc6d4b" outcome="Passed" testListId="8c84fa94-04c1-424b-9868-57a2d4851a1d" relativeResultsDirectory="a4fa46e9-3649-4061-a7ab-5649f7d8cad6" />
    <UnitTestResult executionId="9d91bfdb-a99c-4b6b-92f4-5941d855149c" testId="d4463260-252b-27d4-35a7-818d974df9f7" testName="PtzManager_MoveJoystick_Success" computerName="DKSR-EFI-04" duration="00:00:00.0012249" startTime="2023-12-22T09:33:52.0219724+01:00" endTime="2023-12-22T09:33:52.0375966+01:00" testType="13cdc9d9-ddb5-4fa4-a97d-d965ccfc6d4b" outcome="Passed" testListId="8c84fa94-04c1-424b-9868-57a2d4851a1d" relativeResultsDirectory="9d91bfdb-a99c-4b6b-92f4-5941d855149c" />
    <UnitTestResult executionId="fbc8f402-d5ae-419b-931e-4db07ecf0002" testId="49d9275a-1dac-ab87-a958-e857a6764bfa" testName="ChangeHardwarePasswordCommandHandler_Execute_ChangePassword_ThrowsPasswordChangeUnsupported_Errors" computerName="DKSR-EFI-04" duration="00:00:00.0007907" startTime="2023-12-22T09:33:45.1625600+01:00" endTime="2023-12-22T09:33:45.1625600+01:00" testType="13cdc9d9-ddb5-4fa4-a97d-d965ccfc6d4b" outcome="Passed" testListId="8c84fa94-04c1-424b-9868-57a2d4851a1d" relativeResultsDirectory="fbc8f402-d5ae-419b-931e-4db07ecf0002" />
    <UnitTestResult executionId="e1a2f1c2-6dbe-45de-b05d-8ff1ad424f35" testId="2bcd7df0-1c87-38fa-55ef-8d863dabdad3" testName="GetDatabaseInfo_ArchiveStorageNotFound_ArchiveHintFalse" computerName="DKSR-EFI-04" duration="00:00:00.0001929" startTime="2023-12-22T09:33:23.1468295+01:00" endTime="2023-12-22T09:33:23.1468295+01:00" testType="13cdc9d9-ddb5-4fa4-a97d-d965ccfc6d4b" outcome="Passed" testListId="8c84fa94-04c1-424b-9868-57a2d4851a1d" relativeResultsDirectory="e1a2f1c2-6dbe-45de-b05d-8ff1ad424f35" />
    <UnitTestResult executionId="a347862f-d9c1-42b2-9246-45734632b58d" testId="33417da9-8ad8-c514-6a49-2878692f6493" testName="SOAPCommandRequestHandler_ExecuteFunction_HandlePTZExtendedManualSession_Success" computerName="DKSR-EFI-04" duration="00:00:00.0022585" startTime="2023-12-22T09:33:30.8968672+01:00" endTime="2023-12-22T09:33:30.8968672+01:00" testType="13cdc9d9-ddb5-4fa4-a97d-d965ccfc6d4b" outcome="Passed" testListId="8c84fa94-04c1-424b-9868-57a2d4851a1d" relativeResultsDirectory="a347862f-d9c1-42b2-9246-45734632b58d" />
    <UnitTestResult executionId="1620e7af-2fba-41ea-a4a7-20272d42d6b2" testId="4a09613f-8407-92a0-3366-7fd92d6f1deb" testName="ManualPtzPatrollingSessionBase_InternalStopAndMoveToEndPosition_DeviceNotStarted" computerName="DKSR-EFI-04" duration="00:00:00.0011182" startTime="2023-12-22T09:33:52.3344749+01:00" endTime="2023-12-22T09:33:52.3344749+01:00" testType="13cdc9d9-ddb5-4fa4-a97d-d965ccfc6d4b" outcome="Passed" testListId="8c84fa94-04c1-424b-9868-57a2d4851a1d" relativeResultsDirectory="1620e7af-2fba-41ea-a4a7-20272d42d6b2">
      <Output>
        <StdOut>Debug Trace:&#xD;
VideoOS.Recorder.PtzManualPatrollingSession session started</StdOut>
      </Output>
    </UnitTestResult>
    <UnitTestResult executionId="bb118d8b-5fb5-4321-9105-630370738a92" testId="5cbb5e7b-fb40-95bb-f27d-f1404bb2aeac" testName="UpdateRecorderTaskProgressAsync_NotConnectedAndAt100PercentComplete_ShouldQueueCommand" computerName="DKSR-EFI-04" duration="00:00:00.0023243" startTime="2023-12-22T09:33:24.2562095+01:00" endTime="2023-12-22T09:33:24.2562095+01:00" testType="13cdc9d9-ddb5-4fa4-a97d-d965ccfc6d4b" outcome="Passed" testListId="8c84fa94-04c1-424b-9868-57a2d4851a1d" relativeResultsDirectory="bb118d8b-5fb5-4321-9105-630370738a92" />
    <UnitTestResult executionId="17704f11-6160-4266-a091-a0faa33ecf88" testId="ae55d193-0e62-6ffd-aeff-f24e87e78031" testName="GetHardwareUsersCommandHandler_Execute_GetUserList_ThrowsNoHardwareAccess_Errors" computerName="DKSR-EFI-04" duration="00:00:00.0008256" startTime="2023-12-22T09:33:47.8344491+01:00" endTime="2023-12-22T09:33:47.8500739+01:00" testType="13cdc9d9-ddb5-4fa4-a97d-d965ccfc6d4b" outcome="Passed" testListId="8c84fa94-04c1-424b-9868-57a2d4851a1d" relativeResultsDirectory="17704f11-6160-4266-a091-a0faa33ecf88" />
    <UnitTestResult executionId="decbb90d-39b4-40a2-b4c3-a7248b5e8cc0" testId="7ee1de79-7f7a-f703-68ea-2c3b2fd3b722" testName="ConfigurationController_ReplaceHardware_IsNull_BadRequestResult" computerName="DKSR-EFI-04" duration="00:00:00.0055605" startTime="2023-12-22T09:33:24.3343358+01:00" endTime="2023-12-22T09:33:24.3499605+01:00" testType="13cdc9d9-ddb5-4fa4-a97d-d965ccfc6d4b" outcome="Passed" testListId="8c84fa94-04c1-424b-9868-57a2d4851a1d" relativeResultsDirectory="decbb90d-39b4-40a2-b4c3-a7248b5e8cc0" />
    <UnitTestResult executionId="1aea58ff-6ebb-45e2-b6a2-3adc7be425ad" testId="d145e104-c896-8096-9b86-5654a16871b5" testName="AudioMessageManager_PlayAudioMessageThread" computerName="DKSR-EFI-04" duration="00:00:00.0039273" startTime="2023-12-22T09:33:52.3969708+01:00" endTime="2023-12-22T09:33:52.3969708+01:00" testType="13cdc9d9-ddb5-4fa4-a97d-d965ccfc6d4b" outcome="Passed" testListId="8c84fa94-04c1-424b-9868-57a2d4851a1d" relativeResultsDirectory="1aea58ff-6ebb-45e2-b6a2-3adc7be425ad" />
    <UnitTestResult executionId="ef020124-e26d-43b1-9406-49dd86b01bb9" testId="02b60c0f-fc89-23e4-e4da-208fe359b5d9" testName="SOAPCommandRequestHandler_ExecuteFunction_HandlePTZCenter_Success" computerName="DKSR-EFI-04" duration="00:00:00.0058379" startTime="2023-12-22T09:33:30.6468662+01:00" endTime="2023-12-22T09:33:30.6624887+01:00" testType="13cdc9d9-ddb5-4fa4-a97d-d965ccfc6d4b" outcome="Passed" testListId="8c84fa94-04c1-424b-9868-57a2d4851a1d" relativeResultsDirectory="ef020124-e26d-43b1-9406-49dd86b01bb9" />
    <UnitTestResult executionId="c10f5033-cbf5-4217-a23d-6f9116b9e28f" testId="0bdbc067-abaa-25d9-5c3e-c9afc1940448" testName="CheckExternalRecorderRegistrationCommandHandler_Execute_HardwareBlocked_ErrorResponse" computerName="DKSR-EFI-04" duration="00:00:00.0007522" startTime="2023-12-22T09:33:45.3344384+01:00" endTime="2023-12-22T09:33:45.3344384+01:00" testType="13cdc9d9-ddb5-4fa4-a97d-d965ccfc6d4b" outcome="Passed" testListId="8c84fa94-04c1-424b-9868-57a2d4851a1d" relativeResultsDirectory="c10f5033-cbf5-4217-a23d-6f9116b9e28f" />
    <UnitTestResult executionId="9b1f5241-aa2f-4ddb-a08e-e41305e67ee3" testId="a499118d-35ef-b266-7ef2-2ca0b387f1f0" testName="PtzManager_Constructor_ArgumentNullException" computerName="DKSR-EFI-04" duration="00:00:00.0499987" startTime="2023-12-22T09:33:51.8188442+01:00" endTime="2023-12-22T09:33:51.8657196+01:00" testType="13cdc9d9-ddb5-4fa4-a97d-d965ccfc6d4b" outcome="Passed" testListId="8c84fa94-04c1-424b-9868-57a2d4851a1d" relativeResultsDirectory="9b1f5241-aa2f-4ddb-a08e-e41305e67ee3">
      <Output>
        <StdOut>Debug Trace:&#xD;
Fail: Argument null&#xD;
Fail: Argument null&#xD;
Fail: Argument null</StdOut>
      </Output>
    </UnitTestResult>
    <UnitTestResult executionId="29203a61-8035-4b42-aae9-93c3e30ee467" testId="8af5dfa4-e1b3-e2c1-2223-e9c384460b66" testName="GetAbsolutePtzPosition_ModelIsNull_BadRequestResult" computerName="DKSR-EFI-04" duration="00:00:00.0013242" startTime="2023-12-22T09:33:24.5843353+01:00" endTime="2023-12-22T09:33:24.5999634+01:00" testType="13cdc9d9-ddb5-4fa4-a97d-d965ccfc6d4b" outcome="Passed" testListId="8c84fa94-04c1-424b-9868-57a2d4851a1d" relativeResultsDirectory="29203a61-8035-4b42-aae9-93c3e30ee467" />
    <UnitTestResult executionId="fd18e23f-8fd0-49db-bf30-b02c3931c753" testId="d912c71e-c0da-011d-4acc-894e7ac626a1" testName="SOAPCommandRequestHandler_ExecuteFunction_HandleTimeLineInformationGet_No_Camera_Security" computerName="DKSR-EFI-04" duration="00:00:00.0021227" startTime="2023-12-22T09:33:30.1468630+01:00" endTime="2023-12-22T09:33:30.1468630+01:00" testType="13cdc9d9-ddb5-4fa4-a97d-d965ccfc6d4b" outcome="Passed" testListId="8c84fa94-04c1-424b-9868-57a2d4851a1d" relativeResultsDirectory="fd18e23f-8fd0-49db-bf30-b02c3931c753" />
    <UnitTestResult executionId="a50058f8-ced1-46f1-bdb0-5c1b53fdd25c" testId="cfb45ea1-0455-f35b-459c-d61aa55af545" testName="ResolveIdAndMessage_DriverDevice_Generator" computerName="DKSR-EFI-04" duration="00:00:00.0002796" startTime="2023-12-22T09:33:32.5843740+01:00" endTime="2023-12-22T09:33:32.5843740+01:00" testType="13cdc9d9-ddb5-4fa4-a97d-d965ccfc6d4b" outcome="Passed" testListId="8c84fa94-04c1-424b-9868-57a2d4851a1d" relativeResultsDirectory="a50058f8-ced1-46f1-bdb0-5c1b53fdd25c" />
    <UnitTestResult executionId="5916e47e-a954-457a-aa3e-75ba63d7a50c" testId="9b299d22-ca60-cce0-4e1f-29a17d2b8ee7" testName="RecorderAccessTokenHandler_PopulateAuthorizationHeaderAsync_AccessTokenException" computerName="DKSR-EFI-04" duration="00:00:00.0110396" startTime="2023-12-22T09:33:32.3656245+01:00" endTime="2023-12-22T09:33:32.3656245+01:00" testType="13cdc9d9-ddb5-4fa4-a97d-d965ccfc6d4b" outcome="Passed" testListId="8c84fa94-04c1-424b-9868-57a2d4851a1d" relativeResultsDirectory="5916e47e-a954-457a-aa3e-75ba63d7a50c" />
    <UnitTestResult executionId="ab535a57-cd4f-4747-b6df-73380b0ae590" testId="b6ada097-7460-8090-7f47-b66e5f775b3c" testName="CheckDeleteDeviceMediaCommandHandler_LocalConfigEmpty_MediaDbEmpty_NoDoesTrackExistCall_NoDelete" computerName="DKSR-EFI-04" duration="00:00:00.0007964" startTime="2023-12-22T09:33:45.2406854+01:00" endTime="2023-12-22T09:33:45.2406854+01:00" testType="13cdc9d9-ddb5-4fa4-a97d-d965ccfc6d4b" outcome="Passed" testListId="8c84fa94-04c1-424b-9868-57a2d4851a1d" relativeResultsDirectory="ab535a57-cd4f-4747-b6df-73380b0ae590" />
    <UnitTestResult executionId="0e43b1de-f168-4281-aeee-3823797532cf" testId="ba8a1963-a8aa-87ab-8cf5-8039aaa8b1ec" testName="MediaDbUtil_MultitrackNavigation_Scenario11" computerName="DKSR-EFI-04" duration="00:00:00.0880098" startTime="2023-12-22T09:33:28.8031044+01:00" endTime="2023-12-22T09:33:28.8968565+01:00" testType="13cdc9d9-ddb5-4fa4-a97d-d965ccfc6d4b" outcome="Passed" testListId="8c84fa94-04c1-424b-9868-57a2d4851a1d" relativeResultsDirectory="0e43b1de-f168-4281-aeee-3823797532cf">
      <Output>
        <StdOut>Debug Trace:&#xD;
Fail: &#xD;
Fail: &#xD;
Fail: &#xD;
Fail: &#xD;
&#xD;
&#xD;
&#xD;
TestContext Messages:&#xD;
Before&#xD;
Navigation:  " V                                            "&#xD;
Source    :  " 1-     1-- 1----    1-- 1--      1-- 1---    "&#xD;
Unable to move&#xD;
&#xD;
AtOrBefore&#xD;
Navigation:  " V                                            "&#xD;
Source    :  " 1-     1-- 1----    1-- 1--      1-- 1---    "&#xD;
Expected  :  " 1-     N                                     "&#xD;
Actual    :  " 1-     N                                     "&#xD;
&#xD;
AtOrAfter&#xD;
Navigation:  " V                                            "&#xD;
Source    :  " 1-     1-- 1----    1-- 1--      1-- 1---    "&#xD;
Expected  :  " 1-     N                                     "&#xD;
Actual    :  " 1-     N                                     "&#xD;
&#xD;
After&#xD;
Navigation:  " V                                            "&#xD;
Source    :  " 1-     1-- 1----    1-- 1--      1-- 1---    "&#xD;
Expected  :  " P      1-- N                                 "&#xD;
Actual    :  " P      1-- N                                 "&#xD;
&#xD;
Before&#xD;
Navigation:  "           V                                  "&#xD;
Source    :  " 1-     1-- 1----    1-- 1--      1-- 1---    "&#xD;
Expected  :  " P      1-- N                                 "&#xD;
Actual    :  " P      1-- N                                 "&#xD;
&#xD;
AtOrBefore&#xD;
Navigation:  "           V                                  "&#xD;
Source    :  " 1-     1-- 1----    1-- 1--      1-- 1---    "&#xD;
Expected  :  " P      1-- N                                 "&#xD;
Actual    :  " P      1-- N                                 "&#xD;
&#xD;
AtOrAfter&#xD;
Navigation:  "           V                                  "&#xD;
Source    :  " 1-     1-- 1----    1-- 1--      1-- 1---    "&#xD;
Expected  :  "        P   1----    N                        "&#xD;
Actual    :  "        P   1----    N                        "&#xD;
&#xD;
After&#xD;
Navigation:  "           V                                  "&#xD;
Source    :  " 1-     1-- 1----    1-- 1--      1-- 1---    "&#xD;
Expected  :  "        P   1----    N                        "&#xD;
Actual    :  "        P   1----    N                        "&#xD;
&#xD;
Before&#xD;
Navigation:  "              V                               "&#xD;
Source    :  " 1-     1-- 1----    1-- 1--      1-- 1---    "&#xD;
Expected  :  " P      1-- N                                 "&#xD;
Actual    :  " P      1-- N                                 "&#xD;
&#xD;
AtOrBefore&#xD;
Navigation:  "              V                               "&#xD;
Source    :  " 1-     1-- 1----    1-- 1--      1-- 1---    "&#xD;
Expected  :  "        P   1----    N                        "&#xD;
Actual    :  "        P   1----    N                        "&#xD;
&#xD;
AtOrAfter&#xD;
Navigation:  "              V                               "&#xD;
Source    :  " 1-     1-- 1----    1-- 1--      1-- 1---    "&#xD;
Expected  :  "        P   1----    N                        "&#xD;
Actual    :  "        P   1----    N                        "&#xD;
&#xD;
After&#xD;
Navigation:  "              V                               "&#xD;
Source    :  " 1-     1-- 1----    1-- 1--      1-- 1---    "&#xD;
Expected  :  "            P        1-- N                    "&#xD;
Actual    :  "            P        1-- N                    "&#xD;
&#xD;
Before&#xD;
Navigation:  "                  V                           "&#xD;
Source    :  " 1-     1-- 1----    1-- 1--      1-- 1---    "&#xD;
Expected  :  "        P   1----    N                        "&#xD;
Actual    :  "        P   1----    N                        "&#xD;
&#xD;
AtOrBefore&#xD;
Navigation:  "                  V                           "&#xD;
Source    :  " 1-     1-- 1----    1-- 1--      1-- 1---    "&#xD;
Expected  :  "        P   1----    N                        "&#xD;
Actual    :  "        P   1----    N                        "&#xD;
&#xD;
AtOrAfter&#xD;
Navigation:  "                  V                           "&#xD;
Source    :  " 1-     1-- 1----    1-- 1--      1-- 1---    "&#xD;
Expected  :  "            P        1-- N                    "&#xD;
Actual    :  "            P        1-- N                    "&#xD;
&#xD;
After&#xD;
Navigation:  "                  V                           "&#xD;
Source    :  " 1-     1-- 1----    1-- 1--      1-- 1---    "&#xD;
Expected  :  "            P        1-- N                    "&#xD;
Actual    :  "            P        1-- N                    "&#xD;
&#xD;
Before&#xD;
Navigation:  "                          V                   "&#xD;
Source    :  " 1-     1-- 1----    1-- 1--      1-- 1---    "&#xD;
Expected  :  "            P        1-- N                    "&#xD;
Actual    :  "            P        1-- N                    "&#xD;
&#xD;
AtOrBefore&#xD;
Navigation:  "                          V                   "&#xD;
Source    :  " 1-     1-- 1----    1-- 1--      1-- 1---    "&#xD;
Expected  :  "                     P   1--      N           "&#xD;
Actual    :  "                     P   1--      N           "&#xD;
&#xD;
AtOrAfter&#xD;
Navigation:  "                          V                   "&#xD;
Source    :  " 1-     1-- 1----    1-- 1--      1-- 1---    "&#xD;
Expected  :  "                     P   1--      N           "&#xD;
Actual    :  "                     P   1--      N           "&#xD;
&#xD;
After&#xD;
Navigation:  "                          V                   "&#xD;
Source    :  " 1-     1-- 1----    1-- 1--      1-- 1---    "&#xD;
Expected  :  "                         P        1-- N       "&#xD;
Actual    :  "                         P        1-- N       "&#xD;
&#xD;
Before&#xD;
Navigation:  "                               V              "&#xD;
Source    :  " 1-     1-- 1----    1-- 1--      1-- 1---    "&#xD;
Expected  :  "                     P   1--      N           "&#xD;
Actual    :  "                     P   1--      N           "&#xD;
&#xD;
AtOrBefore&#xD;
Navigation:  "                               V              "&#xD;
Source    :  " 1-     1-- 1----    1-- 1--      1-- 1---    "&#xD;
Expected  :  "                     P   1--      N           "&#xD;
Actual    :  "                     P   1--      N           "&#xD;
&#xD;
AtOrAfter&#xD;
Navigation:  "                               V              "&#xD;
Source    :  " 1-     1-- 1----    1-- 1--      1-- 1---    "&#xD;
Expected  :  "                         P        1-- N       "&#xD;
Actual    :  "                         P        1-- N       "&#xD;
&#xD;
After&#xD;
Navigation:  "                               V              "&#xD;
Source    :  " 1-     1-- 1----    1-- 1--      1-- 1---    "&#xD;
Expected  :  "                         P        1-- N       "&#xD;
Actual    :  "                         P        1-- N       "&#xD;
&#xD;
Before&#xD;
Navigation:  "                                      V       "&#xD;
Source    :  " 1-     1-- 1----    1-- 1--      1-- 1---    "&#xD;
Expected  :  "                         P        1-- N       "&#xD;
Actual    :  "                         P        1-- N       "&#xD;
&#xD;
AtOrBefore&#xD;
Navigation:  "                                      V       "&#xD;
Source    :  " 1-     1-- 1----    1-- 1--      1-- 1---    "&#xD;
Expected  :  "                                  P   1---    "&#xD;
Actual    :  "                                  P   1---    "&#xD;
&#xD;
AtOrAfter&#xD;
Navigation:  "                                      V       "&#xD;
Source    :  " 1-     1-- 1----    1-- 1--      1-- 1---    "&#xD;
Expected  :  "                                  P   1---    "&#xD;
Actual    :  "                                  P   1---    "&#xD;
&#xD;
After&#xD;
Navigation:  "                                      V       "&#xD;
Source    :  " 1-     1-- 1----    1-- 1--      1-- 1---    "&#xD;
Unable to move&#xD;
&#xD;
Before&#xD;
Navigation:  "                                            V "&#xD;
Source    :  " 1-     1-- 1----    1-- 1--      1-- 1---    "&#xD;
Expected  :  "                                  P   1---    "&#xD;
Actual    :  "                                  P   1---    "&#xD;
&#xD;
AtOrBefore&#xD;
Navigation:  "                                            V "&#xD;
Source    :  " 1-     1-- 1----    1-- 1--      1-- 1---    "&#xD;
Expected  :  "                                  P   1---    "&#xD;
Actual    :  "                                  P   1---    "&#xD;
&#xD;
AtOrAfter&#xD;
Navigation:  "                                            V "&#xD;
Source    :  " 1-     1-- 1----    1-- 1--      1-- 1---    "&#xD;
Unable to move&#xD;
&#xD;
After&#xD;
Navigation:  "                                            V "&#xD;
Source    :  " 1-     1-- 1----    1-- 1--      1-- 1---    "&#xD;
Unable to move&#xD;
&#xD;
Before&#xD;
Navigation:  " V                                            "&#xD;
Source    :  " 1-     1-- 1----    2-- 2-        2-- 2---   "&#xD;
Unable to move&#xD;
&#xD;
AtOrBefore&#xD;
Navigation:  " V                                            "&#xD;
Source    :  " 1-     1-- 1----    2-- 2-        2-- 2---   "&#xD;
Expected  :  " 1-     N                                     "&#xD;
Actual    :  " 1-     N                                     "&#xD;
&#xD;
AtOrAfter&#xD;
Navigation:  " V                                            "&#xD;
Source    :  " 1-     1-- 1----    2-- 2-        2-- 2---   "&#xD;
Expected  :  " 1-     N                                     "&#xD;
Actual    :  " 1-     N                                     "&#xD;
&#xD;
After&#xD;
Navigation:  " V                                            "&#xD;
Source    :  " 1-     1-- 1----    2-- 2-        2-- 2---   "&#xD;
Expected  :  " P      1-- N                                 "&#xD;
Actual    :  " P      1-- N                                 "&#xD;
&#xD;
Before&#xD;
Navigation:  "           V                                  "&#xD;
Source    :  " 1-     1-- 1----    2-- 2-        2-- 2---   "&#xD;
Expected  :  " P      1-- N                                 "&#xD;
Actual    :  " P      1-- N                                 "&#xD;
&#xD;
AtOrBefore&#xD;
Navigation:  "           V                                  "&#xD;
Source    :  " 1-     1-- 1----    2-- 2-        2-- 2---   "&#xD;
Expected  :  " P      1-- N                                 "&#xD;
Actual    :  " P      1-- N                                 "&#xD;
&#xD;
AtOrAfter&#xD;
Navigation:  "           V                                  "&#xD;
Source    :  " 1-     1-- 1----    2-- 2-        2-- 2---   "&#xD;
Expected  :  "        P   1----    N                        "&#xD;
Actual    :  "        P   1----    N                        "&#xD;
&#xD;
After&#xD;
Navigation:  "           V                                  "&#xD;
Source    :  " 1-     1-- 1----    2-- 2-        2-- 2---   "&#xD;
Expected  :  "        P   1----    N                        "&#xD;
Actual    :  "        P   1----    N                        "&#xD;
&#xD;
Before&#xD;
Navigation:  "              V                               "&#xD;
Source    :  " 1-     1-- 1----    2-- 2-        2-- 2---   "&#xD;
Expected  :  " P      1-- N                                 "&#xD;
Actual    :  " P      1-- N                                 "&#xD;
&#xD;
AtOrBefore&#xD;
Navigation:  "              V                               "&#xD;
Source    :  " 1-     1-- 1----    2-- 2-        2-- 2---   "&#xD;
Expected  :  "        P   1----    N                        "&#xD;
Actual    :  "        P   1----    N                        "&#xD;
&#xD;
AtOrAfter&#xD;
Navigation:  "              V                               "&#xD;
Source    :  " 1-     1-- 1----    2-- 2-        2-- 2---   "&#xD;
Expected  :  "        P   1----    N                        "&#xD;
Actual    :  "        P   1----    N                        "&#xD;
&#xD;
After&#xD;
Navigation:  "              V                               "&#xD;
Source    :  " 1-     1-- 1----    2-- 2-        2-- 2---   "&#xD;
Expected  :  "            P        2-- N                    "&#xD;
Actual    :  "            P        2-- N                    "&#xD;
&#xD;
Before&#xD;
Navigation:  "                  V                           "&#xD;
Source    :  " 1-     1-- 1----    2-- 2-        2-- 2---   "&#xD;
Expected  :  "        P   1----    N                        "&#xD;
Actual    :  "        P   1----    N                        "&#xD;
&#xD;
AtOrBefore&#xD;
Navigation:  "                  V                           "&#xD;
Source    :  " 1-     1-- 1----    2-- 2-        2-- 2---   "&#xD;
Expected  :  "        P   1----    N                        "&#xD;
Actual    :  "        P   1----    N                        "&#xD;
&#xD;
AtOrAfter&#xD;
Navigation:  "                  V                           "&#xD;
Source    :  " 1-     1-- 1----    2-- 2-        2-- 2---   "&#xD;
Expected  :  "            P        2-- N                    "&#xD;
Actual    :  "            P        2-- N                    "&#xD;
&#xD;
After&#xD;
Navigation:  "                  V                           "&#xD;
Source    :  " 1-     1-- 1----    2-- 2-        2-- 2---   "&#xD;
Expected  :  "            P        2-- N                    "&#xD;
Actual    :  "            P        2-- N                    "&#xD;
&#xD;
Before&#xD;
Navigation:  "                          V                   "&#xD;
Source    :  " 1-     1-- 1----    2-- 2-        2-- 2---   "&#xD;
Expected  :  "            P        2-- N                    "&#xD;
Actual    :  "            P        2-- N                    "&#xD;
&#xD;
AtOrBefore&#xD;
Navigation:  "                          V                   "&#xD;
Source    :  " 1-     1-- 1----    2-- 2-        2-- 2---   "&#xD;
Expected  :  "                     P   2-        N          "&#xD;
Actual    :  "                     P   2-        N          "&#xD;
&#xD;
AtOrAfter&#xD;
Navigation:  "                          V                   "&#xD;
Source    :  " 1-     1-- 1----    2-- 2-        2-- 2---   "&#xD;
Expected  :  "                     P   2-        N          "&#xD;
Actual    :  "                     P   2-        N          "&#xD;
&#xD;
After&#xD;
Navigation:  "                          V                   "&#xD;
Source    :  " 1-     1-- 1----    2-- 2-        2-- 2---   "&#xD;
Expected  :  "                         P         2-- N      "&#xD;
Actual    :  "                         P         2-- N      "&#xD;
&#xD;
Before&#xD;
Navigation:  "                               V              "&#xD;
Source    :  " 1-     1-- 1----    2-- 2-        2-- 2---   "&#xD;
Expected  :  "                     P   2-        N          "&#xD;
Actual    :  "                     P   2-        N          "&#xD;
&#xD;
AtOrBefore&#xD;
Navigation:  "                               V              "&#xD;
Source    :  " 1-     1-- 1----    2-- 2-        2-- 2---   "&#xD;
Expected  :  "                     P   2-        N          "&#xD;
Actual    :  "                     P   2-        N          "&#xD;
&#xD;
AtOrAfter&#xD;
Navigation:  "                               V              "&#xD;
Source    :  " 1-     1-- 1----    2-- 2-        2-- 2---   "&#xD;
Expected  :  "                         P         2-- N      "&#xD;
Actual    :  "                         P         2-- N      "&#xD;
&#xD;
After&#xD;
Navigation:  "                               V              "&#xD;
Source    :  " 1-     1-- 1----    2-- 2-        2-- 2---   "&#xD;
Expected  :  "                         P         2-- N      "&#xD;
Actual    :  "                         P         2-- N      "&#xD;
&#xD;
Before&#xD;
Navigation:  "                                      V       "&#xD;
Source    :  " 1-     1-- 1----    2-- 2-        2-- 2---   "&#xD;
Expected  :  "                         P         2-- N      "&#xD;
Actual    :  "                         P         2-- N      "&#xD;
&#xD;
AtOrBefore&#xD;
Navigation:  "                                      V       "&#xD;
Source    :  " 1-     1-- 1----    2-- 2-        2-- 2---   "&#xD;
Expected  :  "                         P         2-- N      "&#xD;
Actual    :  "                         P         2-- N      "&#xD;
&#xD;
AtOrAfter&#xD;
Navigation:  "                                      V       "&#xD;
Source    :  " 1-     1-- 1----    2-- 2-        2-- 2---   "&#xD;
Expected  :  "                                   P   2---   "&#xD;
Actual    :  "                                   P   2---   "&#xD;
&#xD;
After&#xD;
Navigation:  "                                      V       "&#xD;
Source    :  " 1-     1-- 1----    2-- 2-        2-- 2---   "&#xD;
Expected  :  "                                   P   2---   "&#xD;
Actual    :  "                                   P   2---   "&#xD;
&#xD;
Before&#xD;
Navigation:  "                                            V "&#xD;
Source    :  " 1-     1-- 1----    2-- 2-        2-- 2---   "&#xD;
Expected  :  "                                   P   2---   "&#xD;
Actual    :  "                                   P   2---   "&#xD;
&#xD;
AtOrBefore&#xD;
Navigation:  "                                            V "&#xD;
Source    :  " 1-     1-- 1----    2-- 2-        2-- 2---   "&#xD;
Expected  :  "                                   P   2---   "&#xD;
Actual    :  "                                   P   2---   "&#xD;
&#xD;
AtOrAfter&#xD;
Navigation:  "                                            V "&#xD;
Source    :  " 1-     1-- 1----    2-- 2-        2-- 2---   "&#xD;
Unable to move&#xD;
&#xD;
After&#xD;
Navigation:  "                                            V "&#xD;
Source    :  " 1-     1-- 1----    2-- 2-        2-- 2---   "&#xD;
Unable to move</StdOut>
      </Output>
    </UnitTestResult>
    <UnitTestResult executionId="b015a332-f991-4961-91ec-d9d7d181a2fb" testId="923a054c-7a41-a6c0-9550-1aabab7edebe" testName="PrepareMoveHardwareCommandHandler_Execute_Started_And_Blocked_Changing_SuccessResponse" computerName="DKSR-EFI-04" duration="00:00:00.2208197" startTime="2023-12-22T09:33:48.9907048+01:00" endTime="2023-12-22T09:33:49.2250804+01:00" testType="13cdc9d9-ddb5-4fa4-a97d-d965ccfc6d4b" outcome="Passed" testListId="8c84fa94-04c1-424b-9868-57a2d4851a1d" relativeResultsDirectory="b015a332-f991-4961-91ec-d9d7d181a2fb" />
    <UnitTestResult executionId="97371cb1-1133-45bc-93da-966645bf61ba" testId="3893f2d5-e205-741a-87c5-ab8b5960c341" testName="DatabaseoperationCommandhandler_VerifyStorageAndArchiveOnline_NotAllStoragesOnline_ErrorResponse" computerName="DKSR-EFI-04" duration="00:00:00.0014767" startTime="2023-12-22T09:33:45.6156889+01:00" endTime="2023-12-22T09:33:45.6156889+01:00" testType="13cdc9d9-ddb5-4fa4-a97d-d965ccfc6d4b" outcome="Passed" testListId="8c84fa94-04c1-424b-9868-57a2d4851a1d" relativeResultsDirectory="97371cb1-1133-45bc-93da-966645bf61ba" />
    <UnitTestResult executionId="cf1e23b2-2f1f-4527-ba0e-9da8ed5fcb13" testId="14909b23-ea85-673c-9740-06a78103c898" testName="CreateSettingsForInitializeHardwareAndDeviceSettings_NoInitAttributes_Return_NoSettings" computerName="DKSR-EFI-04" duration="00:00:00.0290686" startTime="2023-12-22T09:33:21.8499484+01:00" endTime="2023-12-22T09:33:21.8655709+01:00" testType="13cdc9d9-ddb5-4fa4-a97d-d965ccfc6d4b" outcome="Passed" testListId="8c84fa94-04c1-424b-9868-57a2d4851a1d" relativeResultsDirectory="cf1e23b2-2f1f-4527-ba0e-9da8ed5fcb13" />
    <UnitTestResult executionId="08694bd9-5e8f-4786-8493-fe6e52179347" testId="89052bd8-840c-206d-9e34-5dfd0fe6eff1" testName="GetAbsolutePtzPositionCommandHandler_Execute_Driver_Exception" computerName="DKSR-EFI-04" duration="00:00:00.0008510" startTime="2023-12-22T09:33:47.6938228+01:00" endTime="2023-12-22T09:33:47.7094475+01:00" testType="13cdc9d9-ddb5-4fa4-a97d-d965ccfc6d4b" outcome="Passed" testListId="8c84fa94-04c1-424b-9868-57a2d4851a1d" relativeResultsDirectory="08694bd9-5e8f-4786-8493-fe6e52179347" />
    <UnitTestResult executionId="2ca18d65-3989-4d9f-9c3f-3d2824424ded" testId="4accbf98-8be0-6a8c-54ca-e3b30a805ce7" testName="RecStorage_Startup_AllowStart_KeepFailing_PwFailure_KeepOffline" computerName="DKSR-EFI-04" duration="00:00:00.0018675" startTime="2023-12-22T09:33:32.6468763+01:00" endTime="2023-12-22T09:33:32.6468763+01:00" testType="13cdc9d9-ddb5-4fa4-a97d-d965ccfc6d4b" outcome="Passed" testListId="8c84fa94-04c1-424b-9868-57a2d4851a1d" relativeResultsDirectory="2ca18d65-3989-4d9f-9c3f-3d2824424ded" />
    <UnitTestResult executionId="82961da8-9ce2-48b1-94c2-5f3107d21b59" testId="9cbfbcb0-332e-6532-6b5f-4a3268f1cc19" testName="HardwareSetupInformationCommandHandler_Ctor_Null_ThrowArgumentNullException" computerName="DKSR-EFI-04" duration="00:00:00.0008399" startTime="2023-12-22T09:33:47.9750752+01:00" endTime="2023-12-22T09:33:47.9750752+01:00" testType="13cdc9d9-ddb5-4fa4-a97d-d965ccfc6d4b" outcome="Passed" testListId="8c84fa94-04c1-424b-9868-57a2d4851a1d" relativeResultsDirectory="82961da8-9ce2-48b1-94c2-5f3107d21b59" />
    <UnitTestResult executionId="eb88d4c6-e91e-444c-8724-19ed542c9f2d" testId="2788e7fe-8518-3dce-4bab-c40969b86930" testName="RegisterLiveTableExists" computerName="DKSR-EFI-04" duration="00:00:00.0024333" startTime="2023-12-22T09:33:44.8969344+01:00" endTime="2023-12-22T09:33:44.8969344+01:00" testType="13cdc9d9-ddb5-4fa4-a97d-d965ccfc6d4b" outcome="Passed" testListId="8c84fa94-04c1-424b-9868-57a2d4851a1d" relativeResultsDirectory="eb88d4c6-e91e-444c-8724-19ed542c9f2d" />
    <UnitTestResult executionId="f9f37690-f680-48bc-b421-02cfebed7426" testId="f931501c-4807-9aff-d0ed-8cd7305596fe" testName="SmartSearchHandlerForwardTestStartWithMotionButOutsideRecordingSequence" computerName="DKSR-EFI-04" duration="00:00:00.0008731" startTime="2023-12-22T09:33:32.1624986+01:00" endTime="2023-12-22T09:33:32.1624986+01:00" testType="13cdc9d9-ddb5-4fa4-a97d-d965ccfc6d4b" outcome="Passed" testListId="8c84fa94-04c1-424b-9868-57a2d4851a1d" relativeResultsDirectory="f9f37690-f680-48bc-b421-02cfebed7426" />
    <UnitTestResult executionId="c7b01ff4-a428-44b3-aa7b-2f7f253d17cf" testId="3aedff16-e8c8-2c6b-b464-8bea77ab2e19" testName="PtzReleaseSessionCommandHandler_Execute_PtzException_Other" computerName="DKSR-EFI-04" duration="00:00:00.0004230" startTime="2023-12-22T09:33:50.3344595+01:00" endTime="2023-12-22T09:33:50.3344595+01:00" testType="13cdc9d9-ddb5-4fa4-a97d-d965ccfc6d4b" outcome="Passed" testListId="8c84fa94-04c1-424b-9868-57a2d4851a1d" relativeResultsDirectory="c7b01ff4-a428-44b3-aa7b-2f7f253d17cf" />
    <UnitTestResult executionId="02a1f8b4-b993-4bb4-bfbe-8cbd27b7c632" testId="0feec42a-f2c1-03f6-0be3-6c48c01af5ba" testName="DeleteHardwareUserCommandHandler_Execute_NullArgs_Throws" computerName="DKSR-EFI-04" duration="00:00:00.0090770" startTime="2023-12-22T09:33:45.8969378+01:00" endTime="2023-12-22T09:33:45.9125648+01:00" testType="13cdc9d9-ddb5-4fa4-a97d-d965ccfc6d4b" outcome="Passed" testListId="8c84fa94-04c1-424b-9868-57a2d4851a1d" relativeResultsDirectory="02a1f8b4-b993-4bb4-bfbe-8cbd27b7c632">
      <Output>
        <StdOut>Debug Trace:&#xD;
Fail: Command/Command handler type mismatch&#xD;
Fail: Argument null.</StdOut>
      </Output>
    </UnitTestResult>
    <UnitTestResult executionId="e4e4433d-5a80-4e64-9c68-0300ffc7dd99" testId="c3596006-724a-70dc-555a-d680a0ad8142" testName="SmartSearchHandlerBackwardTestEndtimeBeforeFirstMotion" computerName="DKSR-EFI-04" duration="00:00:00.0010472" startTime="2023-12-22T09:33:32.0999963+01:00" endTime="2023-12-22T09:33:32.0999963+01:00" testType="13cdc9d9-ddb5-4fa4-a97d-d965ccfc6d4b" outcome="Passed" testListId="8c84fa94-04c1-424b-9868-57a2d4851a1d" relativeResultsDirectory="e4e4433d-5a80-4e64-9c68-0300ffc7dd99" />
    <UnitTestResult executionId="12897d97-41a5-4620-9d7c-72b99a1fa7c2" testId="6d362d99-5767-d5fe-b451-043dbe90ec01" testName="GetNetworkConfigurationCommandHandler_Execute_NoMatchingMac_Errors" computerName="DKSR-EFI-04" duration="00:00:00.0014552" startTime="2023-12-22T09:33:47.9282011+01:00" endTime="2023-12-22T09:33:47.9282011+01:00" testType="13cdc9d9-ddb5-4fa4-a97d-d965ccfc6d4b" outcome="Passed" testListId="8c84fa94-04c1-424b-9868-57a2d4851a1d" relativeResultsDirectory="12897d97-41a5-4620-9d7c-72b99a1fa7c2" />
    <UnitTestResult executionId="406e5bf7-2c7e-451e-9572-8efe1d4634a4" testId="b033031b-d2ed-6e6b-9559-ae584836ec79" testName="RecStorage_Startup_AllowStart_NotKeepFailing_PwFailure_KeepOffline" computerName="DKSR-EFI-04" duration="00:00:00.0010932" startTime="2023-12-22T09:33:32.6625006+01:00" endTime="2023-12-22T09:33:32.6625006+01:00" testType="13cdc9d9-ddb5-4fa4-a97d-d965ccfc6d4b" outcome="Passed" testListId="8c84fa94-04c1-424b-9868-57a2d4851a1d" relativeResultsDirectory="406e5bf7-2c7e-451e-9572-8efe1d4634a4" />
    <UnitTestResult executionId="745a3a4e-2363-4cd7-a8c1-c1b6f102deda" testId="b998ae54-7708-cc6c-f061-d7ae11f670af" testName="PtzManager_CreateManualSessionWithLockFromExtension_Success" computerName="DKSR-EFI-04" duration="00:00:00.0016246" startTime="2023-12-22T09:33:52.1157211+01:00" endTime="2023-12-22T09:33:52.1157211+01:00" testType="13cdc9d9-ddb5-4fa4-a97d-d965ccfc6d4b" outcome="Passed" testListId="8c84fa94-04c1-424b-9868-57a2d4851a1d" relativeResultsDirectory="745a3a4e-2363-4cd7-a8c1-c1b6f102deda" />
    <UnitTestResult executionId="53851476-c3a6-4995-9482-f5cf3e917fa0" testId="60cdcb6c-1ef0-d407-72f5-02310833db16" testName="SOAPCommandRequestHandler_ExecuteFunction_HandleSequencesGet_NoMaxCount" computerName="DKSR-EFI-04" duration="00:00:00.0011598" startTime="2023-12-22T09:33:30.9906183+01:00" endTime="2023-12-22T09:33:30.9906183+01:00" testType="13cdc9d9-ddb5-4fa4-a97d-d965ccfc6d4b" outcome="Passed" testListId="8c84fa94-04c1-424b-9868-57a2d4851a1d" relativeResultsDirectory="53851476-c3a6-4995-9482-f5cf3e917fa0" />
    <UnitTestResult executionId="e59853c1-533d-48a3-b82c-163cd2e6f7c4" testId="afe30091-8913-e04e-6aa4-a530d1b1b039" testName="PtzPatrollingSessionBase_SignalDeleteSchema_Success" computerName="DKSR-EFI-04" duration="00:00:00.0013532" startTime="2023-12-22T09:33:52.3500981+01:00" endTime="2023-12-22T09:33:52.3500981+01:00" testType="13cdc9d9-ddb5-4fa4-a97d-d965ccfc6d4b" outcome="Passed" testListId="8c84fa94-04c1-424b-9868-57a2d4851a1d" relativeResultsDirectory="e59853c1-533d-48a3-b82c-163cd2e6f7c4">
      <Output>
        <StdOut>Debug Trace:&#xD;
VideoOS.Recorder.PtzPatrollingSession session started</StdOut>
      </Output>
    </UnitTestResult>
    <UnitTestResult executionId="7dacaef3-aff8-4baa-9533-454050fb7473" testId="1339fa88-0b32-721b-237e-2d3d86ed2056" testName="GetSettingAsInt16_NonExistingSetting_Throws_InvalidMulticastSettingsException" computerName="DKSR-EFI-04" duration="00:00:00.0004005" startTime="2023-12-22T09:33:33.8500058+01:00" endTime="2023-12-22T09:33:33.8500058+01:00" testType="13cdc9d9-ddb5-4fa4-a97d-d965ccfc6d4b" outcome="Passed" testListId="8c84fa94-04c1-424b-9868-57a2d4851a1d" relativeResultsDirectory="7dacaef3-aff8-4baa-9533-454050fb7473" />
    <UnitTestResult executionId="d5879b46-2010-4b00-a11a-a6c2c89b470c" testId="f73c12d7-3a66-6817-32b0-9a03bad1db4e" testName="PtzReserveSessionCommandHandler_Execute_PtzException_PatrollingSessionHasHigherPriority" computerName="DKSR-EFI-04" duration="00:00:00.0008245" startTime="2023-12-22T09:33:50.4282122+01:00" endTime="2023-12-22T09:33:50.4282122+01:00" testType="13cdc9d9-ddb5-4fa4-a97d-d965ccfc6d4b" outcome="Passed" testListId="8c84fa94-04c1-424b-9868-57a2d4851a1d" relativeResultsDirectory="d5879b46-2010-4b00-a11a-a6c2c89b470c" />
    <UnitTestResult executionId="5c6a679e-c970-4b2c-ab2b-670c8a3b6149" testId="b50d08d6-71f6-7129-9121-e1241e00d3da" testName="ReapplyHardwareSettingsManager_UpdateConfigurationFromDiffGram_Disabled_Success" computerName="DKSR-EFI-04" duration="00:00:00.0031241" startTime="2023-12-22T09:33:23.3655782+01:00" endTime="2023-12-22T09:33:23.3812064+01:00" testType="13cdc9d9-ddb5-4fa4-a97d-d965ccfc6d4b" outcome="Passed" testListId="8c84fa94-04c1-424b-9868-57a2d4851a1d" relativeResultsDirectory="5c6a679e-c970-4b2c-ab2b-670c8a3b6149" />
    <UnitTestResult executionId="7e56b17b-f916-46f9-b42a-6ec003669591" testId="e0a5dc7d-f0b5-018a-b800-812e99ab8728" testName="GetStatistics_Framerate_JPEG_01_Success" computerName="DKSR-EFI-04" duration="00:00:00.0073372" startTime="2023-12-22T09:33:33.4906283+01:00" endTime="2023-12-22T09:33:33.4906283+01:00" testType="13cdc9d9-ddb5-4fa4-a97d-d965ccfc6d4b" outcome="Passed" testListId="8c84fa94-04c1-424b-9868-57a2d4851a1d" relativeResultsDirectory="7e56b17b-f916-46f9-b42a-6ec003669591" />
    <UnitTestResult executionId="f562729d-940c-4c46-8cff-ea073cf79403" testId="f2e0dab7-8720-c077-45c9-a980b4d25ec1" testName="RecordingStorageDeviceLinkEntries_QueryByDeviceId_NotFound_ReturnNull" computerName="DKSR-EFI-04" duration="00:00:00.0006919" startTime="2023-12-22T09:33:23.5687076+01:00" endTime="2023-12-22T09:33:23.5687076+01:00" testType="13cdc9d9-ddb5-4fa4-a97d-d965ccfc6d4b" outcome="Passed" testListId="8c84fa94-04c1-424b-9868-57a2d4851a1d" relativeResultsDirectory="f562729d-940c-4c46-8cff-ea073cf79403" />
    <UnitTestResult executionId="18e3c0af-3eca-42b6-a96b-85a715efd4a9" testId="96e09641-e6ee-6ecd-d67d-7729bd2f4057" testName="GetIntervalsToScan_ShouldReturnCorrectInterval_WithAddressInsideIntervalSpecified" computerName="DKSR-EFI-04" duration="00:00:00.0007926" startTime="2023-12-22T09:33:44.2875585+01:00" endTime="2023-12-22T09:33:44.2875585+01:00" testType="13cdc9d9-ddb5-4fa4-a97d-d965ccfc6d4b" outcome="Passed" testListId="8c84fa94-04c1-424b-9868-57a2d4851a1d" relativeResultsDirectory="18e3c0af-3eca-42b6-a96b-85a715efd4a9" />
    <UnitTestResult executionId="1eaa4bc7-63d3-4d54-99a1-7ffdbb15c950" testId="5e445673-c136-e2e8-73ef-d1a78293d9cf" testName="PrepareMoveHardwareCommandHandler_Clone_Returns_Same_Reference" computerName="DKSR-EFI-04" duration="00:00:00.0005402" startTime="2023-12-22T09:33:48.9750786+01:00" endTime="2023-12-22T09:33:48.9750786+01:00" testType="13cdc9d9-ddb5-4fa4-a97d-d965ccfc6d4b" outcome="Passed" testListId="8c84fa94-04c1-424b-9868-57a2d4851a1d" relativeResultsDirectory="1eaa4bc7-63d3-4d54-99a1-7ffdbb15c950" />
    <UnitTestResult executionId="a7c02d5b-9945-4b2e-9b92-e755490f05f2" testId="42f98bb0-87b1-6dda-dbd7-4e2183c6e1fc" testName="SetConfiguration_Null_Throws_ArgumentNullException" computerName="DKSR-EFI-04" duration="00:00:00.0274613" startTime="2023-12-22T09:33:33.6312545+01:00" endTime="2023-12-22T09:33:33.6625053+01:00" testType="13cdc9d9-ddb5-4fa4-a97d-d965ccfc6d4b" outcome="Passed" testListId="8c84fa94-04c1-424b-9868-57a2d4851a1d" relativeResultsDirectory="a7c02d5b-9945-4b2e-9b92-e755490f05f2">
      <Output>
        <StdOut>Debug Trace:&#xD;
Fail: Argument null</StdOut>
      </Output>
    </UnitTestResult>
    <UnitTestResult executionId="e3bf69b6-1cca-4efb-96cb-f98ad602b612" testId="7db2cd71-ae38-529c-5001-03a47304d2fc" testName="SearchingForwardNoOverlapsThorrow" computerName="DKSR-EFI-04" duration="00:00:00.0020121" startTime="2023-12-22T09:33:33.4281278+01:00" endTime="2023-12-22T09:33:33.4281278+01:00" testType="13cdc9d9-ddb5-4fa4-a97d-d965ccfc6d4b" outcome="Passed" testListId="8c84fa94-04c1-424b-9868-57a2d4851a1d" relativeResultsDirectory="e3bf69b6-1cca-4efb-96cb-f98ad602b612" />
    <UnitTestResult executionId="9d4c363b-7b7e-437d-a4a4-7ac08998c373" testId="de1ec09d-41b0-176f-d8c5-04aac229e635" testName="QueryDeviceEvidenceLockSizesCommandHandler_MediaDbRepairInProgress_ErrorResponse" computerName="DKSR-EFI-04" duration="00:00:00.0008071" startTime="2023-12-22T09:33:50.5219629+01:00" endTime="2023-12-22T09:33:50.5219629+01:00" testType="13cdc9d9-ddb5-4fa4-a97d-d965ccfc6d4b" outcome="Passed" testListId="8c84fa94-04c1-424b-9868-57a2d4851a1d" relativeResultsDirectory="9d4c363b-7b7e-437d-a4a4-7ac08998c373" />
    <UnitTestResult executionId="2dc3c2c7-0d86-4c4f-b4ad-597d5972746a" testId="605c7227-cd09-8947-873a-f25cb5e2e230" testName="RecorderTaskStopped_InternalStateStartedCompatibleAndConnected_CallsCommunicator" computerName="DKSR-EFI-04" duration="00:00:00.0020600" startTime="2023-12-22T09:33:24.1780823+01:00" endTime="2023-12-22T09:33:24.1937096+01:00" testType="13cdc9d9-ddb5-4fa4-a97d-d965ccfc6d4b" outcome="Passed" testListId="8c84fa94-04c1-424b-9868-57a2d4851a1d" relativeResultsDirectory="2dc3c2c7-0d86-4c4f-b4ad-597d5972746a" />
    <UnitTestResult executionId="401dc662-d157-48c1-8059-d1fa3f423b9b" testId="f7002b4f-d864-47aa-bd8d-bbb9b326c53b" testName="FirmwareUpgradeCommandHandler_Execute_FirmwareUpgradeStatus_ThrowsCannotOpenFile_Errors" computerName="DKSR-EFI-04" duration="00:00:00.0014289" startTime="2023-12-22T09:33:47.6313241+01:00" endTime="2023-12-22T09:33:47.6313241+01:00" testType="13cdc9d9-ddb5-4fa4-a97d-d965ccfc6d4b" outcome="Passed" testListId="8c84fa94-04c1-424b-9868-57a2d4851a1d" relativeResultsDirectory="401dc662-d157-48c1-8059-d1fa3f423b9b" />
    <UnitTestResult executionId="6a4ac8de-a167-49f3-902f-20375ca68af0" testId="525a0ceb-2643-c82c-ce34-27d7b53036ae" testName="ResponseController_Construction_Success" computerName="DKSR-EFI-04" duration="00:00:00.0004638" startTime="2023-12-22T09:33:24.6332390+01:00" endTime="2023-12-22T09:33:24.6332390+01:00" testType="13cdc9d9-ddb5-4fa4-a97d-d965ccfc6d4b" outcome="Passed" testListId="8c84fa94-04c1-424b-9868-57a2d4851a1d" relativeResultsDirectory="6a4ac8de-a167-49f3-902f-20375ca68af0" />
    <UnitTestResult executionId="c7897387-2895-4cd1-a7bc-ef8b8cb8f314" testId="474ab277-6c31-1153-3cae-5919c48855fc" testName="GetRecorderTasks_InternalStateStartedNoTasks_ReturnsEmptyArray" computerName="DKSR-EFI-04" duration="00:00:00.0032277" startTime="2023-12-22T09:33:24.0687084+01:00" endTime="2023-12-22T09:33:24.0687084+01:00" testType="13cdc9d9-ddb5-4fa4-a97d-d965ccfc6d4b" outcome="Passed" testListId="8c84fa94-04c1-424b-9868-57a2d4851a1d" relativeResultsDirectory="c7897387-2895-4cd1-a7bc-ef8b8cb8f314" />
    <UnitTestResult executionId="5f470b6b-befd-436d-8c7c-f38a5fba9b28" testId="c5119167-542a-1fa8-3eab-4faee8345c63" testName="QueryDeviceEvidenceLockSizesCommandHandler_RecorderIsClosingNoAction" computerName="DKSR-EFI-04" duration="00:00:00.0032599" startTime="2023-12-22T09:33:50.5219629+01:00" endTime="2023-12-22T09:33:50.5219629+01:00" testType="13cdc9d9-ddb5-4fa4-a97d-d965ccfc6d4b" outcome="Passed" testListId="8c84fa94-04c1-424b-9868-57a2d4851a1d" relativeResultsDirectory="5f470b6b-befd-436d-8c7c-f38a5fba9b28" />
    <UnitTestResult executionId="00cc874d-f30d-49f3-b862-461fd6386160" testId="70547f77-458a-63de-9062-b70bfff6226b" testName="Test_WriteEnabledResolved_Not_In_Failover" computerName="DKSR-EFI-04" duration="00:00:00.0003032" startTime="2023-12-22T09:33:44.9906846+01:00" endTime="2023-12-22T09:33:44.9906846+01:00" testType="13cdc9d9-ddb5-4fa4-a97d-d965ccfc6d4b" outcome="Passed" testListId="8c84fa94-04c1-424b-9868-57a2d4851a1d" relativeResultsDirectory="00cc874d-f30d-49f3-b862-461fd6386160" />
    <UnitTestResult executionId="9d9bcc61-07f1-4d2b-a034-cc2174528a6c" testId="084a1959-8047-5a3c-1797-f2f918e6b829" testName="DeleteHardwareUserCommandHandler_Execute_HardwareIsReadOnly_Errors" computerName="DKSR-EFI-04" duration="00:00:00.0007999" startTime="2023-12-22T09:33:45.9281952+01:00" endTime="2023-12-22T09:33:45.9281952+01:00" testType="13cdc9d9-ddb5-4fa4-a97d-d965ccfc6d4b" outcome="Passed" testListId="8c84fa94-04c1-424b-9868-57a2d4851a1d" relativeResultsDirectory="9d9bcc61-07f1-4d2b-a034-cc2174528a6c" />
    <UnitTestResult executionId="9cd0258e-f314-4df7-9e6f-4628afffef90" testId="74b8f0dd-7923-258a-ffad-061810c2392a" testName="ConfigurationDatasetHolder_ApplyTableDistribution_NoDistributions_NoLiveTables_Failover_Success" computerName="DKSR-EFI-04" duration="00:00:00.0052183" startTime="2023-12-22T09:33:20.8186929+01:00" endTime="2023-12-22T09:33:20.8186929+01:00" testType="13cdc9d9-ddb5-4fa4-a97d-d965ccfc6d4b" outcome="Passed" testListId="8c84fa94-04c1-424b-9868-57a2d4851a1d" relativeResultsDirectory="9cd0258e-f314-4df7-9e6f-4628afffef90" />
    <UnitTestResult executionId="2a8694f3-7e36-4aef-b810-2a82cc2beee1" testId="53b21db6-e224-f7d6-d608-aba39e74b1f9" testName="CollectRecorderInfoCommandXmlConverter_ArchiveProgress_Multiple_WithProgress" computerName="DKSR-EFI-04" duration="00:00:00.0009621" startTime="2023-12-22T09:33:45.4906882+01:00" endTime="2023-12-22T09:33:45.4906882+01:00" testType="13cdc9d9-ddb5-4fa4-a97d-d965ccfc6d4b" outcome="Passed" testListId="8c84fa94-04c1-424b-9868-57a2d4851a1d" relativeResultsDirectory="2a8694f3-7e36-4aef-b810-2a82cc2beee1" />
    <UnitTestResult executionId="4363445f-b984-4b0a-bf28-8e6eca6f570b" testId="cd0565df-9cf9-96e1-f8c8-5094c3637335" testName="CheckHardwareDefinitionCommandHandler_Constructor_DeviceProviderNull_ArgumentNullException" computerName="DKSR-EFI-04" duration="00:00:00.0043495" startTime="2023-12-22T09:33:45.3656882+01:00" endTime="2023-12-22T09:33:45.3656882+01:00" testType="13cdc9d9-ddb5-4fa4-a97d-d965ccfc6d4b" outcome="Passed" testListId="8c84fa94-04c1-424b-9868-57a2d4851a1d" relativeResultsDirectory="4363445f-b984-4b0a-bf28-8e6eca6f570b">
      <Output>
        <StdOut>Debug Trace:&#xD;
Fail: Argument null</StdOut>
      </Output>
    </UnitTestResult>
    <UnitTestResult executionId="e7d098ef-5eaa-4e50-9633-52813d002714" testId="792bb89b-96d1-8463-29e5-370047183190" testName="DatabaseTaskCommandHandler_EmptyDevice_TableExistsException_Failure" computerName="DKSR-EFI-04" duration="00:00:00.0026071" startTime="2023-12-22T09:33:45.7250636+01:00" endTime="2023-12-22T09:33:45.7250636+01:00" testType="13cdc9d9-ddb5-4fa4-a97d-d965ccfc6d4b" outcome="Passed" testListId="8c84fa94-04c1-424b-9868-57a2d4851a1d" relativeResultsDirectory="e7d098ef-5eaa-4e50-9633-52813d002714" />
    <UnitTestResult executionId="0794d73c-96c2-42b7-a0a0-a5ebe7e6c836" testId="02585d25-8458-a2d5-1a37-f8fdbb03b7f5" testName="FirmwareUpgradeCommandHandler_Execute_FirmwareUpgradeStatus_ThrowsReconnectingException_Errors" computerName="DKSR-EFI-04" duration="00:00:00.0013553" startTime="2023-12-22T09:33:47.6313241+01:00" endTime="2023-12-22T09:33:47.6469480+01:00" testType="13cdc9d9-ddb5-4fa4-a97d-d965ccfc6d4b" outcome="Passed" testListId="8c84fa94-04c1-424b-9868-57a2d4851a1d" relativeResultsDirectory="0794d73c-96c2-42b7-a0a0-a5ebe7e6c836" />
    <UnitTestResult executionId="a2b82308-10a1-4705-819b-f9c68be6a6be" testId="23023931-38f4-b11a-6912-c7fb16e03400" testName="GetRecorderTasks_InternalStateStartedOneTasks_ReturnsArrayWithOneElement" computerName="DKSR-EFI-04" duration="00:00:00.0030883" startTime="2023-12-22T09:33:24.0687084+01:00" endTime="2023-12-22T09:33:24.0843330+01:00" testType="13cdc9d9-ddb5-4fa4-a97d-d965ccfc6d4b" outcome="Passed" testListId="8c84fa94-04c1-424b-9868-57a2d4851a1d" relativeResultsDirectory="a2b82308-10a1-4705-819b-f9c68be6a6be" />
    <UnitTestResult executionId="d6b8a205-1dad-4dd8-b8f2-08a0375a3742" testId="5101038b-8cb6-f6fb-5eaf-1a6d1899d07c" testName="PtzManager_CreateManualSessionWithLockFromExtension_Device_Not_Found" computerName="DKSR-EFI-04" duration="00:00:00.0011402" startTime="2023-12-22T09:33:52.1000945+01:00" endTime="2023-12-22T09:33:52.1000945+01:00" testType="13cdc9d9-ddb5-4fa4-a97d-d965ccfc6d4b" outcome="Passed" testListId="8c84fa94-04c1-424b-9868-57a2d4851a1d" relativeResultsDirectory="d6b8a205-1dad-4dd8-b8f2-08a0375a3742" />
    <UnitTestResult executionId="4bb2c824-f226-4a16-8277-cc2964265718" testId="233d0fdf-b96e-c746-7787-2e5bd7a693cf" testName="PopulateAuthorizationHeaderAsync_ContentIsNotJson_WebApiException" computerName="DKSR-EFI-04" duration="00:00:00.0032113" startTime="2023-12-22T09:33:32.3656245+01:00" endTime="2023-12-22T09:33:32.3812496+01:00" testType="13cdc9d9-ddb5-4fa4-a97d-d965ccfc6d4b" outcome="Passed" testListId="8c84fa94-04c1-424b-9868-57a2d4851a1d" relativeResultsDirectory="4bb2c824-f226-4a16-8277-cc2964265718" />
    <UnitTestResult executionId="c7fcd504-7392-4ffd-866f-8816b1d84c2d" testId="47852fed-83ae-1d24-4e2e-3671e83b43ea" testName="ConnectSuccess_Goto_PrevSeqWithoutTime" computerName="DKSR-EFI-04" duration="00:00:00.0027280" startTime="2023-12-22T09:33:27.8187252+01:00" endTime="2023-12-22T09:33:27.8187252+01:00" testType="13cdc9d9-ddb5-4fa4-a97d-d965ccfc6d4b" outcome="Passed" testListId="8c84fa94-04c1-424b-9868-57a2d4851a1d" relativeResultsDirectory="c7fcd504-7392-4ffd-866f-8816b1d84c2d" />
    <UnitTestResult executionId="8267587c-4d71-4785-a593-c4ad232366a4" testId="caf07dda-c82a-a2ab-15ae-7948fd8f2eac" testName="SOAPCommandRequestHandler_ExecuteFunction_HandleSmartSearchStart_NoSearchMaskSizeHeight" computerName="DKSR-EFI-04" duration="00:00:00.0011091" startTime="2023-12-22T09:33:30.0374877+01:00" endTime="2023-12-22T09:33:30.0531128+01:00" testType="13cdc9d9-ddb5-4fa4-a97d-d965ccfc6d4b" outcome="Passed" testListId="8c84fa94-04c1-424b-9868-57a2d4851a1d" relativeResultsDirectory="8267587c-4d71-4785-a593-c4ad232366a4" />
    <UnitTestResult executionId="d7d5f509-5840-4c49-8229-6a8e796fdc5f" testId="725b1a44-1c80-b986-7899-a1c8412519ba" testName="GetDefaultOrFirstAudioEncodingFromDefinition_GetFirstSettingTest" computerName="DKSR-EFI-04" duration="00:00:00.0467513" startTime="2023-12-22T09:33:31.8187437+01:00" endTime="2023-12-22T09:33:31.8656186+01:00" testType="13cdc9d9-ddb5-4fa4-a97d-d965ccfc6d4b" outcome="Passed" testListId="8c84fa94-04c1-424b-9868-57a2d4851a1d" relativeResultsDirectory="d7d5f509-5840-4c49-8229-6a8e796fdc5f" />
    <UnitTestResult executionId="421eb1fe-6a4d-4aec-80ec-5ceee966a93c" testId="b430ccc2-f0c5-c511-ce30-e28beedbc8f3" testName="PtzManager_MoveRelative_Success" computerName="DKSR-EFI-04" duration="00:00:00.0049235" startTime="2023-12-22T09:33:52.0063456+01:00" endTime="2023-12-22T09:33:52.0063456+01:00" testType="13cdc9d9-ddb5-4fa4-a97d-d965ccfc6d4b" outcome="Passed" testListId="8c84fa94-04c1-424b-9868-57a2d4851a1d" relativeResultsDirectory="421eb1fe-6a4d-4aec-80ec-5ceee966a93c" />
    <UnitTestResult executionId="1e68d213-8925-4309-9970-619f5e0bb0e9" testId="625d3001-dabd-c167-d3b1-1fc17d819842" testName="SOAPCommandRequestHandler_ExecuteFunction_HandlePTZRectangle_No_Security" computerName="DKSR-EFI-04" duration="00:00:00.0011535" startTime="2023-12-22T09:33:30.8031154+01:00" endTime="2023-12-22T09:33:30.8031154+01:00" testType="13cdc9d9-ddb5-4fa4-a97d-d965ccfc6d4b" outcome="Passed" testListId="8c84fa94-04c1-424b-9868-57a2d4851a1d" relativeResultsDirectory="1e68d213-8925-4309-9970-619f5e0bb0e9" />
    <UnitTestResult executionId="a67c0028-c485-406d-b0bf-df182e77c2ef" testId="2c393128-1d31-941d-fd39-4346e6775750" testName="SOAPCommandRequestHandler_ExecuteFunction_HandleJPEGGetAtOrBefore_Success" computerName="DKSR-EFI-04" duration="00:00:00.0020419" startTime="2023-12-22T09:33:30.4906148+01:00" endTime="2023-12-22T09:33:30.4906148+01:00" testType="13cdc9d9-ddb5-4fa4-a97d-d965ccfc6d4b" outcome="Passed" testListId="8c84fa94-04c1-424b-9868-57a2d4851a1d" relativeResultsDirectory="a67c0028-c485-406d-b0bf-df182e77c2ef" />
    <UnitTestResult executionId="1ea674b8-56da-49fa-937d-0ced3eca86f5" testId="0c1131d6-ea34-9cb2-b6c6-1fc76226faa0" testName="ChangeHardwarePasswordCommandHandler_Execute_ChangePassword_ThrowsPasswordTooShort_Errors" computerName="DKSR-EFI-04" duration="00:00:00.0008199" startTime="2023-12-22T09:33:45.1625600+01:00" endTime="2023-12-22T09:33:45.1625600+01:00" testType="13cdc9d9-ddb5-4fa4-a97d-d965ccfc6d4b" outcome="Passed" testListId="8c84fa94-04c1-424b-9868-57a2d4851a1d" relativeResultsDirectory="1ea674b8-56da-49fa-937d-0ced3eca86f5" />
    <UnitTestResult executionId="2f610c07-999c-400b-a528-85c5ac786faf" testId="717d97e0-0717-e53f-b90c-82a677769740" testName="HandleRequest_Success" computerName="DKSR-EFI-04" duration="00:00:00.0166499" startTime="2023-12-22T09:33:24.7249602+01:00" endTime="2023-12-22T09:33:24.7406573+01:00" testType="13cdc9d9-ddb5-4fa4-a97d-d965ccfc6d4b" outcome="Passed" testListId="8c84fa94-04c1-424b-9868-57a2d4851a1d" relativeResultsDirectory="2f610c07-999c-400b-a528-85c5ac786faf" />
    <UnitTestResult executionId="039ec6cc-89ce-4e6c-9264-26470b3cb693" testId="2997dccb-198f-1bc8-7ae5-b9bd3bac6ede" testName="ResponseController_BoolResponseNullInput_BadRequestResult" computerName="DKSR-EFI-04" duration="00:00:00.0009713" startTime="2023-12-22T09:33:24.6624605+01:00" endTime="2023-12-22T09:33:24.6624605+01:00" testType="13cdc9d9-ddb5-4fa4-a97d-d965ccfc6d4b" outcome="Passed" testListId="8c84fa94-04c1-424b-9868-57a2d4851a1d" relativeResultsDirectory="039ec6cc-89ce-4e6c-9264-26470b3cb693" />
    <UnitTestResult executionId="f23e611d-05ee-4831-ba60-a6b6b03e27d9" testId="cd765419-3042-e952-affd-c5b3ad771e2f" testName="GetHardwareUsersCommandHandler_Execute_InvalidUser_NoUserLevelString_ExpectedUsersReturned" computerName="DKSR-EFI-04" duration="00:00:00.0007034" startTime="2023-12-22T09:33:47.8031982+01:00" endTime="2023-12-22T09:33:47.8031982+01:00" testType="13cdc9d9-ddb5-4fa4-a97d-d965ccfc6d4b" outcome="Passed" testListId="8c84fa94-04c1-424b-9868-57a2d4851a1d" relativeResultsDirectory="f23e611d-05ee-4831-ba60-a6b6b03e27d9" />
    <UnitTestResult executionId="2bcfc077-6a5e-4280-abe5-3142a0474f20" testId="602dad3a-74b2-00a2-c766-bf018691774e" testName="SearchingBackwards" computerName="DKSR-EFI-04" duration="00:00:00.0005387" startTime="2023-12-22T09:33:32.9437518+01:00" endTime="2023-12-22T09:33:32.9437518+01:00" testType="13cdc9d9-ddb5-4fa4-a97d-d965ccfc6d4b" outcome="Passed" testListId="8c84fa94-04c1-424b-9868-57a2d4851a1d" relativeResultsDirectory="2bcfc077-6a5e-4280-abe5-3142a0474f20" />
    <UnitTestResult executionId="90970259-31c2-4bb6-a2b3-4e36fc268f79" testId="85472a76-c230-1b30-15bd-9370937ca35c" testName="DeleteHardwareUserCommandHandler_Constructor_NullArg_Throws" computerName="DKSR-EFI-04" duration="00:00:00.0029816" startTime="2023-12-22T09:33:45.8969378+01:00" endTime="2023-12-22T09:33:45.8969378+01:00" testType="13cdc9d9-ddb5-4fa4-a97d-d965ccfc6d4b" outcome="Passed" testListId="8c84fa94-04c1-424b-9868-57a2d4851a1d" relativeResultsDirectory="90970259-31c2-4bb6-a2b3-4e36fc268f79" />
    <UnitTestResult executionId="ccb24e5a-f5e7-4846-9f9c-25a63580758b" testId="4653b7c6-3ebe-3e0e-638f-06af9c964104" testName="PtzReserveSessionCommandHandler_Execute_PtzException_PtzNotSupported" computerName="DKSR-EFI-04" duration="00:00:00.0004536" startTime="2023-12-22T09:33:50.4125873+01:00" endTime="2023-12-22T09:33:50.4125873+01:00" testType="13cdc9d9-ddb5-4fa4-a97d-d965ccfc6d4b" outcome="Passed" testListId="8c84fa94-04c1-424b-9868-57a2d4851a1d" relativeResultsDirectory="ccb24e5a-f5e7-4846-9f9c-25a63580758b" />
    <UnitTestResult executionId="792f6687-51e0-4919-b9b4-65479846f852" testId="ad222203-2d97-008d-8192-c303782b71d9" testName="SOAPCommandRequestHandler_ExecuteFunction_HandleOutputGetState_NoDeviceId" computerName="DKSR-EFI-04" duration="00:00:00.0007931" startTime="2023-12-22T09:33:30.5531147+01:00" endTime="2023-12-22T09:33:30.5531147+01:00" testType="13cdc9d9-ddb5-4fa4-a97d-d965ccfc6d4b" outcome="Passed" testListId="8c84fa94-04c1-424b-9868-57a2d4851a1d" relativeResultsDirectory="792f6687-51e0-4919-b9b4-65479846f852" />
    <UnitTestResult executionId="993218a1-5e4a-44d4-9416-a91802a0b5f1" testId="d352b845-0562-d484-a9c2-e1d9ec7a0e8d" testName="DatabaseoperationCommandhandler_VerifyNewArchivePath_Success" computerName="DKSR-EFI-04" duration="00:00:00.0008853" startTime="2023-12-22T09:33:45.6156889+01:00" endTime="2023-12-22T09:33:45.6156889+01:00" testType="13cdc9d9-ddb5-4fa4-a97d-d965ccfc6d4b" outcome="Passed" testListId="8c84fa94-04c1-424b-9868-57a2d4851a1d" relativeResultsDirectory="993218a1-5e4a-44d4-9416-a91802a0b5f1" />
    <UnitTestResult executionId="f211766d-a2e3-41f4-ab66-d2362247c9ea" testId="d1aaafe4-c45e-e813-7997-4050f51e88b0" testName="Constructor_PingActionIsNull_ArgumentNullException" computerName="DKSR-EFI-04" duration="00:00:00.0006951" startTime="2023-12-22T09:33:24.2718345+01:00" endTime="2023-12-22T09:33:24.2718345+01:00" testType="13cdc9d9-ddb5-4fa4-a97d-d965ccfc6d4b" outcome="Passed" testListId="8c84fa94-04c1-424b-9868-57a2d4851a1d" relativeResultsDirectory="f211766d-a2e3-41f4-ab66-d2362247c9ea" />
    <UnitTestResult executionId="52d0277a-4cd8-4408-a20a-6df6a3078355" testId="ed284060-a35c-6f19-4262-5d0872a2c20a" testName="SOAPCommandRequestHandler_ExecuteFunction_HandlePTZActivatePatrollingSchema_No_Priority" computerName="DKSR-EFI-04" duration="00:00:00.0015480" startTime="2023-12-22T09:33:30.9437398+01:00" endTime="2023-12-22T09:33:30.9437398+01:00" testType="13cdc9d9-ddb5-4fa4-a97d-d965ccfc6d4b" outcome="Passed" testListId="8c84fa94-04c1-424b-9868-57a2d4851a1d" relativeResultsDirectory="52d0277a-4cd8-4408-a20a-6df6a3078355" />
    <UnitTestResult executionId="7320511f-c678-41f0-81f5-17b539dbcff1" testId="337e6e67-5e25-24a0-2f7a-5be02097febb" testName="AddHardwareUserCommandHandler_Execute_AddUser_ThrowsUserHandlingPasswordTooShort_Errors" computerName="DKSR-EFI-04" duration="00:00:00.0015024" startTime="2023-12-22T09:33:45.0531859+01:00" endTime="2023-12-22T09:33:45.0531859+01:00" testType="13cdc9d9-ddb5-4fa4-a97d-d965ccfc6d4b" outcome="Passed" testListId="8c84fa94-04c1-424b-9868-57a2d4851a1d" relativeResultsDirectory="7320511f-c678-41f0-81f5-17b539dbcff1" />
    <UnitTestResult executionId="a6fccbbf-e7ec-456f-8a0f-129b967268db" testId="19142c5a-2ebe-abda-bc7d-b185f6756200" testName="SmartSearchHandlerBackwardTestDataWithMotionRecordingSequenceChanging" computerName="DKSR-EFI-04" duration="00:00:00.0010793" startTime="2023-12-22T09:33:32.1624986+01:00" endTime="2023-12-22T09:33:32.1624986+01:00" testType="13cdc9d9-ddb5-4fa4-a97d-d965ccfc6d4b" outcome="Passed" testListId="8c84fa94-04c1-424b-9868-57a2d4851a1d" relativeResultsDirectory="a6fccbbf-e7ec-456f-8a0f-129b967268db" />
    <UnitTestResult executionId="e0f7b0cf-af0c-4193-ab74-d464ed771fb3" testId="4eb11ecf-1ec2-e871-0d3d-b6edf15574a8" testName="MediaDbRepairStatus_DefaultValues" computerName="DKSR-EFI-04" duration="00:00:00.0019313" startTime="2023-12-22T09:33:44.3188082+01:00" endTime="2023-12-22T09:33:44.3188082+01:00" testType="13cdc9d9-ddb5-4fa4-a97d-d965ccfc6d4b" outcome="Passed" testListId="8c84fa94-04c1-424b-9868-57a2d4851a1d" relativeResultsDirectory="e0f7b0cf-af0c-4193-ab74-d464ed771fb3" />
    <UnitTestResult executionId="cce7b76d-ab71-4c06-9777-e8a90d95d1ab" testId="91e99c22-18c5-1f77-6ea4-73a281b24478" testName="DatabaseTaskCommandHandler_EmptyDevice_EmptyTableException_Failure" computerName="DKSR-EFI-04" duration="00:00:00.0016484" startTime="2023-12-22T09:33:45.7250636+01:00" endTime="2023-12-22T09:33:45.7250636+01:00" testType="13cdc9d9-ddb5-4fa4-a97d-d965ccfc6d4b" outcome="Passed" testListId="8c84fa94-04c1-424b-9868-57a2d4851a1d" relativeResultsDirectory="cce7b76d-ab71-4c06-9777-e8a90d95d1ab" />
    <UnitTestResult executionId="7c8d8111-1b1f-41e5-b2e0-bfd097ef0447" testId="4cb7af30-0ec6-dbea-04bc-6d71d17c03ed" testName="SOAPCommandRequestHandler_ExecuteFunction_HandleOutputGetState_Success_NotAvailable" computerName="DKSR-EFI-04" duration="00:00:00.0013668" startTime="2023-12-22T09:33:30.5687390+01:00" endTime="2023-12-22T09:33:30.5687390+01:00" testType="13cdc9d9-ddb5-4fa4-a97d-d965ccfc6d4b" outcome="Passed" testListId="8c84fa94-04c1-424b-9868-57a2d4851a1d" relativeResultsDirectory="7c8d8111-1b1f-41e5-b2e0-bfd097ef0447" />
    <UnitTestResult executionId="f77acc56-5eee-4e23-a965-f2d7c957abdb" testId="6b8858ed-d5a4-a587-1075-9d783af2956e" testName="MediaDbUtil_MultitrackNavigation_Scenario01" computerName="DKSR-EFI-04" duration="00:00:00.5791616" startTime="2023-12-22T09:33:27.9124749+01:00" endTime="2023-12-22T09:33:28.5062305+01:00" testType="13cdc9d9-ddb5-4fa4-a97d-d965ccfc6d4b" outcome="Passed" testListId="8c84fa94-04c1-424b-9868-57a2d4851a1d" relativeResultsDirectory="f77acc56-5eee-4e23-a965-f2d7c957abdb">
      <Output>
        <StdOut>TestContext Messages:&#xD;
Before&#xD;
Navigation:  " V                                            "&#xD;
Source    :  "        1-- 1----                 1-- 1---    "&#xD;
Unable to move&#xD;
&#xD;
AtOrBefore&#xD;
Navigation:  " V                                            "&#xD;
Source    :  "        1-- 1----                 1-- 1---    "&#xD;
Unable to move&#xD;
&#xD;
AtOrAfter&#xD;
Navigation:  " V                                            "&#xD;
Source    :  "        1-- 1----                 1-- 1---    "&#xD;
Expected  :  "        1-- N                                 "&#xD;
Actual    :  "        1-- N                                 "&#xD;
&#xD;
After&#xD;
Navigation:  " V                                            "&#xD;
Source    :  "        1-- 1----                 1-- 1---    "&#xD;
Expected  :  "        1-- N                                 "&#xD;
Actual    :  "        1-- N                                 "&#xD;
&#xD;
Before&#xD;
Navigation:  "           V                                  "&#xD;
Source    :  "        1-- 1----                 1-- 1---    "&#xD;
Expected  :  "        1-- N                                 "&#xD;
Actual    :  "        1-- N                                 "&#xD;
&#xD;
AtOrBefore&#xD;
Navigation:  "           V                                  "&#xD;
Source    :  "        1-- 1----                 1-- 1---    "&#xD;
Expected  :  "        1-- N                                 "&#xD;
Actual    :  "        1-- N                                 "&#xD;
&#xD;
AtOrAfter&#xD;
Navigation:  "           V                                  "&#xD;
Source    :  "        1-- 1----                 1-- 1---    "&#xD;
Expected  :  "        P   1----                 N           "&#xD;
Actual    :  "        P   1----                 N           "&#xD;
&#xD;
After&#xD;
Navigation:  "           V                                  "&#xD;
Source    :  "        1-- 1----                 1-- 1---    "&#xD;
Expected  :  "        P   1----                 N           "&#xD;
Actual    :  "        P   1----                 N           "&#xD;
&#xD;
Before&#xD;
Navigation:  "              V                               "&#xD;
Source    :  "        1-- 1----                 1-- 1---    "&#xD;
Expected  :  "        1-- N                                 "&#xD;
Actual    :  "        1-- N                                 "&#xD;
&#xD;
AtOrBefore&#xD;
Navigation:  "              V                               "&#xD;
Source    :  "        1-- 1----                 1-- 1---    "&#xD;
Expected  :  "        P   1----                 N           "&#xD;
Actual    :  "        P   1----                 N           "&#xD;
&#xD;
AtOrAfter&#xD;
Navigation:  "              V                               "&#xD;
Source    :  "        1-- 1----                 1-- 1---    "&#xD;
Expected  :  "        P   1----                 N           "&#xD;
Actual    :  "        P   1----                 N           "&#xD;
&#xD;
After&#xD;
Navigation:  "              V                               "&#xD;
Source    :  "        1-- 1----                 1-- 1---    "&#xD;
Expected  :  "            P                     1-- N       "&#xD;
Actual    :  "            P                     1-- N       "&#xD;
&#xD;
Before&#xD;
Navigation:  "                          V                   "&#xD;
Source    :  "        1-- 1----                 1-- 1---    "&#xD;
Expected  :  "        P   1----                 N           "&#xD;
Actual    :  "        P   1----                 N           "&#xD;
&#xD;
AtOrBefore&#xD;
Navigation:  "                          V                   "&#xD;
Source    :  "        1-- 1----                 1-- 1---    "&#xD;
Expected  :  "        P   1----                 N           "&#xD;
Actual    :  "        P   1----                 N           "&#xD;
&#xD;
AtOrAfter&#xD;
Navigation:  "                          V                   "&#xD;
Source    :  "        1-- 1----                 1-- 1---    "&#xD;
Expected  :  "            P                     1-- N       "&#xD;
Actual    :  "            P                     1-- N       "&#xD;
&#xD;
After&#xD;
Navigation:  "                          V                   "&#xD;
Source    :  "        1-- 1----                 1-- 1---    "&#xD;
Expected  :  "            P                     1-- N       "&#xD;
Actual    :  "            P                     1-- N       "&#xD;
&#xD;
Before&#xD;
Navigation:  "                               V              "&#xD;
Source    :  "        1-- 1----                 1-- 1---    "&#xD;
Expected  :  "        P   1----                 N           "&#xD;
Actual    :  "        P   1----                 N           "&#xD;
&#xD;
AtOrBefore&#xD;
Navigation:  "                               V              "&#xD;
Source    :  "        1-- 1----                 1-- 1---    "&#xD;
Expected  :  "        P   1----                 N           "&#xD;
Actual    :  "        P   1----                 N           "&#xD;
&#xD;
AtOrAfter&#xD;
Navigation:  "                               V              "&#xD;
Source    :  "        1-- 1----                 1-- 1---    "&#xD;
Expected  :  "            P                     1-- N       "&#xD;
Actual    :  "            P                     1-- N       "&#xD;
&#xD;
After&#xD;
Navigation:  "                               V              "&#xD;
Source    :  "        1-- 1----                 1-- 1---    "&#xD;
Expected  :  "            P                     1-- N       "&#xD;
Actual    :  "            P                     1-- N       "&#xD;
&#xD;
Before&#xD;
Navigation:  "                                      V       "&#xD;
Source    :  "        1-- 1----                 1-- 1---    "&#xD;
Expected  :  "            P                     1-- N       "&#xD;
Actual    :  "            P                     1-- N       "&#xD;
&#xD;
AtOrBefore&#xD;
Navigation:  "                                      V       "&#xD;
Source    :  "        1-- 1----                 1-- 1---    "&#xD;
Expected  :  "                                  P   1---    "&#xD;
Actual    :  "                                  P   1---    "&#xD;
&#xD;
AtOrAfter&#xD;
Navigation:  "                                      V       "&#xD;
Source    :  "        1-- 1----                 1-- 1---    "&#xD;
Expected  :  "                                  P   1---    "&#xD;
Actual    :  "                                  P   1---    "&#xD;
&#xD;
After&#xD;
Navigation:  "                                      V       "&#xD;
Source    :  "        1-- 1----                 1-- 1---    "&#xD;
Unable to move&#xD;
&#xD;
Before&#xD;
Navigation:  "                                            V "&#xD;
Source    :  "        1-- 1----                 1-- 1---    "&#xD;
Expected  :  "                                  P   1---    "&#xD;
Actual    :  "                                  P   1---    "&#xD;
&#xD;
AtOrBefore&#xD;
Navigation:  "                                            V "&#xD;
Source    :  "        1-- 1----                 1-- 1---    "&#xD;
Expected  :  "                                  P   1---    "&#xD;
Actual    :  "                                  P   1---    "&#xD;
&#xD;
AtOrAfter&#xD;
Navigation:  "                                            V "&#xD;
Source    :  "        1-- 1----                 1-- 1---    "&#xD;
Unable to move&#xD;
&#xD;
After&#xD;
Navigation:  "                                            V "&#xD;
Source    :  "        1-- 1----                 1-- 1---    "&#xD;
Unable to move&#xD;
&#xD;
Before&#xD;
Navigation:  " V                                            "&#xD;
Source    :  "        1-- 1--      2-- 2-        2-- 2---   "&#xD;
Unable to move&#xD;
&#xD;
AtOrBefore&#xD;
Navigation:  " V                                            "&#xD;
Source    :  "        1-- 1--      2-- 2-        2-- 2---   "&#xD;
Unable to move&#xD;
&#xD;
AtOrAfter&#xD;
Navigation:  " V                                            "&#xD;
Source    :  "        1-- 1--      2-- 2-        2-- 2---   "&#xD;
Expected  :  "        1-- N                                 "&#xD;
Actual    :  "        1-- N                                 "&#xD;
&#xD;
After&#xD;
Navigation:  " V                                            "&#xD;
Source    :  "        1-- 1--      2-- 2-        2-- 2---   "&#xD;
Expected  :  "        1-- N                                 "&#xD;
Actual    :  "        1-- N                                 "&#xD;
&#xD;
Before&#xD;
Navigation:  "           V                                  "&#xD;
Source    :  "        1-- 1--      2-- 2-        2-- 2---   "&#xD;
Expected  :  "        1-- N                                 "&#xD;
Actual    :  "        1-- N                                 "&#xD;
&#xD;
AtOrBefore&#xD;
Navigation:  "           V                                  "&#xD;
Source    :  "        1-- 1--      2-- 2-        2-- 2---   "&#xD;
Expected  :  "        1-- N                                 "&#xD;
Actual    :  "        1-- N                                 "&#xD;
&#xD;
AtOrAfter&#xD;
Navigation:  "           V                                  "&#xD;
Source    :  "        1-- 1--      2-- 2-        2-- 2---   "&#xD;
Expected  :  "        P   1--      N                        "&#xD;
Actual    :  "        P   1--      N                        "&#xD;
&#xD;
After&#xD;
Navigation:  "           V                                  "&#xD;
Source    :  "        1-- 1--      2-- 2-        2-- 2---   "&#xD;
Expected  :  "        P   1--      N                        "&#xD;
Actual    :  "        P   1--      N                        "&#xD;
&#xD;
Before&#xD;
Navigation:  "              V                               "&#xD;
Source    :  "        1-- 1--      2-- 2-        2-- 2---   "&#xD;
Expected  :  "        1-- N                                 "&#xD;
Actual    :  "        1-- N                                 "&#xD;
&#xD;
AtOrBefore&#xD;
Navigation:  "              V                               "&#xD;
Source    :  "        1-- 1--      2-- 2-        2-- 2---   "&#xD;
Expected  :  "        P   1--      N                        "&#xD;
Actual    :  "        P   1--      N                        "&#xD;
&#xD;
AtOrAfter&#xD;
Navigation:  "              V                               "&#xD;
Source    :  "        1-- 1--      2-- 2-        2-- 2---   "&#xD;
Expected  :  "        P   1--      N                        "&#xD;
Actual    :  "        P   1--      N                        "&#xD;
&#xD;
After&#xD;
Navigation:  "              V                               "&#xD;
Source    :  "        1-- 1--      2-- 2-        2-- 2---   "&#xD;
Expected  :  "            P        2-- N                    "&#xD;
Actual    :  "            P        2-- N                    "&#xD;
&#xD;
Before&#xD;
Navigation:  "                          V                   "&#xD;
Source    :  "        1-- 1--      2-- 2-        2-- 2---   "&#xD;
Expected  :  "            P        2-- N                    "&#xD;
Actual    :  "            P        2-- N                    "&#xD;
&#xD;
AtOrBefore&#xD;
Navigation:  "                          V                   "&#xD;
Source    :  "        1-- 1--      2-- 2-        2-- 2---   "&#xD;
Expected  :  "                     P   2-        N          "&#xD;
Actual    :  "                     P   2-        N          "&#xD;
&#xD;
AtOrAfter&#xD;
Navigation:  "                          V                   "&#xD;
Source    :  "        1-- 1--      2-- 2-        2-- 2---   "&#xD;
Expected  :  "                     P   2-        N          "&#xD;
Actual    :  "                     P   2-        N          "&#xD;
&#xD;
After&#xD;
Navigation:  "                          V                   "&#xD;
Source    :  "        1-- 1--      2-- 2-        2-- 2---   "&#xD;
Expected  :  "                         P         2-- N      "&#xD;
Actual    :  "                         P         2-- N      "&#xD;
&#xD;
Before&#xD;
Navigation:  "                               V              "&#xD;
Source    :  "        1-- 1--      2-- 2-        2-- 2---   "&#xD;
Expected  :  "                     P   2-        N          "&#xD;
Actual    :  "                     P   2-        N          "&#xD;
&#xD;
AtOrBefore&#xD;
Navigation:  "                               V              "&#xD;
Source    :  "        1-- 1--      2-- 2-        2-- 2---   "&#xD;
Expected  :  "                     P   2-        N          "&#xD;
Actual    :  "                     P   2-        N          "&#xD;
&#xD;
AtOrAfter&#xD;
Navigation:  "                               V              "&#xD;
Source    :  "        1-- 1--      2-- 2-        2-- 2---   "&#xD;
Expected  :  "                         P         2-- N      "&#xD;
Actual    :  "                         P         2-- N      "&#xD;
&#xD;
After&#xD;
Navigation:  "                               V              "&#xD;
Source    :  "        1-- 1--      2-- 2-        2-- 2---   "&#xD;
Expected  :  "                         P         2-- N      "&#xD;
Actual    :  "                         P         2-- N      "&#xD;
&#xD;
Before&#xD;
Navigation:  "                                      V       "&#xD;
Source    :  "        1-- 1--      2-- 2-        2-- 2---   "&#xD;
Expected  :  "                         P         2-- N      "&#xD;
Actual    :  "                         P         2-- N      "&#xD;
&#xD;
AtOrBefore&#xD;
Navigation:  "                                      V       "&#xD;
Source    :  "        1-- 1--      2-- 2-        2-- 2---   "&#xD;
Expected  :  "                         P         2-- N      "&#xD;
Actual    :  "                         P         2-- N      "&#xD;
&#xD;
AtOrAfter&#xD;
Navigation:  "                                      V       "&#xD;
Source    :  "        1-- 1--      2-- 2-        2-- 2---   "&#xD;
Expected  :  "                                   P   2---   "&#xD;
Actual    :  "                                   P   2---   "&#xD;
&#xD;
After&#xD;
Navigation:  "                                      V       "&#xD;
Source    :  "        1-- 1--      2-- 2-        2-- 2---   "&#xD;
Expected  :  "                                   P   2---   "&#xD;
Actual    :  "                                   P   2---   "&#xD;
&#xD;
Before&#xD;
Navigation:  "                                            V "&#xD;
Source    :  "        1-- 1--      2-- 2-        2-- 2---   "&#xD;
Expected  :  "                                   P   2---   "&#xD;
Actual    :  "                                   P   2---   "&#xD;
&#xD;
AtOrBefore&#xD;
Navigation:  "                                            V "&#xD;
Source    :  "        1-- 1--      2-- 2-        2-- 2---   "&#xD;
Expected  :  "                                   P   2---   "&#xD;
Actual    :  "                                   P   2---   "&#xD;
&#xD;
AtOrAfter&#xD;
Navigation:  "                                            V "&#xD;
Source    :  "        1-- 1--      2-- 2-        2-- 2---   "&#xD;
Unable to move&#xD;
&#xD;
After&#xD;
Navigation:  "                                            V "&#xD;
Source    :  "        1-- 1--      2-- 2-        2-- 2---   "&#xD;
Unable to move</StdOut>
      </Output>
    </UnitTestResult>
    <UnitTestResult executionId="6c4e6ef4-6424-4a5d-a8be-396823a3a0cd" testId="675ad30a-8fb4-d768-7635-64655b88916d" testName="RepairInfo_ParseRepairInfoXml_EmptyXml_NotRepairing" computerName="DKSR-EFI-04" duration="00:00:00.0002917" startTime="2023-12-22T09:33:44.9594369+01:00" endTime="2023-12-22T09:33:44.9594369+01:00" testType="13cdc9d9-ddb5-4fa4-a97d-d965ccfc6d4b" outcome="Passed" testListId="8c84fa94-04c1-424b-9868-57a2d4851a1d" relativeResultsDirectory="6c4e6ef4-6424-4a5d-a8be-396823a3a0cd" />
    <UnitTestResult executionId="b4311da9-5f06-4af2-9f7b-28a0f43ae7f8" testId="8a0cab33-6b5e-391e-95f0-395755847c75" testName="DatabaseoperationCommandhandler_Constructor_ArgumentNullException" computerName="DKSR-EFI-04" duration="00:00:00.0069524" startTime="2023-12-22T09:33:45.4906882+01:00" endTime="2023-12-22T09:33:45.5063141+01:00" testType="13cdc9d9-ddb5-4fa4-a97d-d965ccfc6d4b" outcome="Passed" testListId="8c84fa94-04c1-424b-9868-57a2d4851a1d" relativeResultsDirectory="b4311da9-5f06-4af2-9f7b-28a0f43ae7f8">
      <Output>
        <StdOut>Debug Trace:&#xD;
Fail: Argument null</StdOut>
      </Output>
    </UnitTestResult>
    <UnitTestResult executionId="7f38696f-d219-475d-adc0-bdbd233d1fae" testId="01207061-8f43-c08b-6323-fb99c1287977" testName="ConnectSuccess_NextSeq_Denied" computerName="DKSR-EFI-04" duration="00:00:00.0022761" startTime="2023-12-22T09:33:27.7874749+01:00" endTime="2023-12-22T09:33:27.7874749+01:00" testType="13cdc9d9-ddb5-4fa4-a97d-d965ccfc6d4b" outcome="Passed" testListId="8c84fa94-04c1-424b-9868-57a2d4851a1d" relativeResultsDirectory="7f38696f-d219-475d-adc0-bdbd233d1fae" />
    <UnitTestResult executionId="eb169bd4-97a9-47fa-9477-dde05d45ce77" testId="847a0fa3-5d84-62ca-d516-b826e9ef6eea" testName="DeleteHardwareUserCommandHandler_Execute_AccessDenied_Error" computerName="DKSR-EFI-04" duration="00:00:00.0008726" startTime="2023-12-22T09:33:45.9438142+01:00" endTime="2023-12-22T09:33:45.9438142+01:00" testType="13cdc9d9-ddb5-4fa4-a97d-d965ccfc6d4b" outcome="Passed" testListId="8c84fa94-04c1-424b-9868-57a2d4851a1d" relativeResultsDirectory="eb169bd4-97a9-47fa-9477-dde05d45ce77" />
    <UnitTestResult executionId="c4c24732-42f9-4d17-a2e7-8542a4fce132" testId="bae4bf30-d54e-365b-115e-dae023a4a64c" testName="PrepareMoveHardwareCommand_IsNull_BadRequestResult" computerName="DKSR-EFI-04" duration="00:00:00.0016864" startTime="2023-12-22T09:33:24.5218360+01:00" endTime="2023-12-22T09:33:24.5218360+01:00" testType="13cdc9d9-ddb5-4fa4-a97d-d965ccfc6d4b" outcome="Passed" testListId="8c84fa94-04c1-424b-9868-57a2d4851a1d" relativeResultsDirectory="c4c24732-42f9-4d17-a2e7-8542a4fce132" />
    <UnitTestResult executionId="6ff246f7-0938-45bb-92af-cf6816e45007" testId="ba9cbe70-78a2-d0cf-a0ca-839ed4c4f6b6" testName="ManualPtzPatrollingSessionBase_InternalStopAndMoveToEndPosition_Success" computerName="DKSR-EFI-04" duration="00:00:00.0009603" startTime="2023-12-22T09:33:52.3188456+01:00" endTime="2023-12-22T09:33:52.3344749+01:00" testType="13cdc9d9-ddb5-4fa4-a97d-d965ccfc6d4b" outcome="Passed" testListId="8c84fa94-04c1-424b-9868-57a2d4851a1d" relativeResultsDirectory="6ff246f7-0938-45bb-92af-cf6816e45007">
      <Output>
        <StdOut>Debug Trace:&#xD;
VideoOS.Recorder.PtzManualPatrollingSession session started</StdOut>
      </Output>
    </UnitTestResult>
    <UnitTestResult executionId="ed87d1cf-e8d8-4552-a642-cfdbe9732840" testId="33161afd-3ba3-7050-b47f-26743b6b39b2" testName="SessionExpiredTask_Constructor_ArgumentNullException" computerName="DKSR-EFI-04" duration="00:00:00.0045444" startTime="2023-12-22T09:33:52.1782206+01:00" endTime="2023-12-22T09:33:52.1782206+01:00" testType="13cdc9d9-ddb5-4fa4-a97d-d965ccfc6d4b" outcome="Passed" testListId="8c84fa94-04c1-424b-9868-57a2d4851a1d" relativeResultsDirectory="ed87d1cf-e8d8-4552-a642-cfdbe9732840">
      <Output>
        <StdOut>Debug Trace:&#xD;
Fail: Argument 'session' cannot be null</StdOut>
      </Output>
    </UnitTestResult>
    <UnitTestResult executionId="0a797f48-cec1-424d-a76e-e451e54e841c" testId="ba3709cd-bff8-1868-8ed0-d189a988c77a" testName="TestGopInfo" computerName="DKSR-EFI-04" duration="00:00:00.0055186" startTime="2023-12-22T09:33:33.5218776+01:00" endTime="2023-12-22T09:33:33.5218776+01:00" testType="13cdc9d9-ddb5-4fa4-a97d-d965ccfc6d4b" outcome="Passed" testListId="8c84fa94-04c1-424b-9868-57a2d4851a1d" relativeResultsDirectory="0a797f48-cec1-424d-a76e-e451e54e841c" />
    <UnitTestResult executionId="532aa044-16d3-4da8-a4d5-7edc3c5418c5" testId="73af6511-ffa7-e421-18c8-fb52dd1ac962" testName="PreferredAddressTable_Register_Only_One_Preferred_Address_Per_Device_Success" computerName="DKSR-EFI-04" duration="00:00:00.0009990" startTime="2023-12-22T09:33:33.8656308+01:00" endTime="2023-12-22T09:33:33.8656308+01:00" testType="13cdc9d9-ddb5-4fa4-a97d-d965ccfc6d4b" outcome="Passed" testListId="8c84fa94-04c1-424b-9868-57a2d4851a1d" relativeResultsDirectory="532aa044-16d3-4da8-a4d5-7edc3c5418c5" />
    <UnitTestResult executionId="7214b829-ba66-44b5-9dfa-90c671de465a" testId="9b349d1e-59f1-1793-88c8-8b103663b95b" testName="SOAPCommandRequestHandler_ExecuteFunction_HandleOutputTrigger_Success" computerName="DKSR-EFI-04" duration="00:00:00.0018989" startTime="2023-12-22T09:33:30.5843650+01:00" endTime="2023-12-22T09:33:30.5843650+01:00" testType="13cdc9d9-ddb5-4fa4-a97d-d965ccfc6d4b" outcome="Passed" testListId="8c84fa94-04c1-424b-9868-57a2d4851a1d" relativeResultsDirectory="7214b829-ba66-44b5-9dfa-90c671de465a" />
    <UnitTestResult executionId="3f964dde-7755-4e3d-a958-0cbc55b9e13f" testId="18f2e0ff-08b6-90e9-c532-279cd8938e8a" testName="PtzManager_ReleaseLockedSessionFromExtension_Success" computerName="DKSR-EFI-04" duration="00:00:00.0011921" startTime="2023-12-22T09:33:52.1157211+01:00" endTime="2023-12-22T09:33:52.1157211+01:00" testType="13cdc9d9-ddb5-4fa4-a97d-d965ccfc6d4b" outcome="Passed" testListId="8c84fa94-04c1-424b-9868-57a2d4851a1d" relativeResultsDirectory="3f964dde-7755-4e3d-a958-0cbc55b9e13f" />
    <UnitTestResult executionId="57e7f2f3-240b-4e59-b002-b467fb277bdf" testId="76475f82-6057-6afc-d296-0cfcc3f30681" testName="PrepareMoveHardwareCommandHandler_Execute_Timeout_TimeoutResponse" computerName="DKSR-EFI-04" duration="00:00:01.0396930" startTime="2023-12-22T09:33:49.2250804+01:00" endTime="2023-12-22T09:33:50.2563353+01:00" testType="13cdc9d9-ddb5-4fa4-a97d-d965ccfc6d4b" outcome="Passed" testListId="8c84fa94-04c1-424b-9868-57a2d4851a1d" relativeResultsDirectory="57e7f2f3-240b-4e59-b002-b467fb277bdf" />
    <UnitTestResult executionId="24875eb9-b308-4c7b-8edc-a5503b273e83" testId="742b2523-e5f6-be7c-a475-4a45a0ba3c3d" testName="SOAPCommandRequestHandler_ExecuteFunction_HandleSmartSearchGetStatus_NoSmartSearchId" computerName="DKSR-EFI-04" duration="00:00:00.0014434" startTime="2023-12-22T09:33:29.9749883+01:00" endTime="2023-12-22T09:33:29.9749883+01:00" testType="13cdc9d9-ddb5-4fa4-a97d-d965ccfc6d4b" outcome="Passed" testListId="8c84fa94-04c1-424b-9868-57a2d4851a1d" relativeResultsDirectory="24875eb9-b308-4c7b-8edc-a5503b273e83" />
    <UnitTestResult executionId="4ab88c76-abe1-4c87-93dc-b8a87f592ec9" testId="1c05d64a-8908-e7fc-26cc-a3403a01b18a" testName="HardwareScanSession_TestStartAnd1Stop" computerName="DKSR-EFI-04" duration="00:00:00.8355754" startTime="2023-12-22T09:33:34.1781335+01:00" endTime="2023-12-22T09:33:35.0218859+01:00" testType="13cdc9d9-ddb5-4fa4-a97d-d965ccfc6d4b" outcome="Passed" testListId="8c84fa94-04c1-424b-9868-57a2d4851a1d" relativeResultsDirectory="4ab88c76-abe1-4c87-93dc-b8a87f592ec9" />
    <UnitTestResult executionId="10bfe521-ec64-4b29-8fb8-4d91bc669d18" testId="e216f40a-3ef3-72ab-2a84-255bbe39f29c" testName="PtzManager_MoveStop_Success" computerName="DKSR-EFI-04" duration="00:00:00.0024999" startTime="2023-12-22T09:33:52.0219724+01:00" endTime="2023-12-22T09:33:52.0219724+01:00" testType="13cdc9d9-ddb5-4fa4-a97d-d965ccfc6d4b" outcome="Passed" testListId="8c84fa94-04c1-424b-9868-57a2d4851a1d" relativeResultsDirectory="10bfe521-ec64-4b29-8fb8-4d91bc669d18" />
    <UnitTestResult executionId="75b74a54-db9e-43fe-9073-840cab9a440a" testId="93976be4-fb9f-5da8-5ace-0c4cfb0b5d69" testName="ConfigurationController_UpdateSecurityConfiguration_IsValid_NoContent" computerName="DKSR-EFI-04" duration="00:00:00.0123683" startTime="2023-12-22T09:33:24.3812085+01:00" endTime="2023-12-22T09:33:24.3968364+01:00" testType="13cdc9d9-ddb5-4fa4-a97d-d965ccfc6d4b" outcome="Passed" testListId="8c84fa94-04c1-424b-9868-57a2d4851a1d" relativeResultsDirectory="75b74a54-db9e-43fe-9073-840cab9a440a" />
    <UnitTestResult executionId="46329cdf-bee4-46c3-a61d-0f4a93130b40" testId="b3d637c9-653b-29f4-ad27-bed26a092caa" testName="EdgeStorageLimitsManagerGetLimits" computerName="DKSR-EFI-04" duration="00:00:00.0012725" startTime="2023-12-22T09:33:34.0687582+01:00" endTime="2023-12-22T09:33:34.0687582+01:00" testType="13cdc9d9-ddb5-4fa4-a97d-d965ccfc6d4b" outcome="Passed" testListId="8c84fa94-04c1-424b-9868-57a2d4851a1d" relativeResultsDirectory="46329cdf-bee4-46c3-a61d-0f4a93130b40" />
    <UnitTestResult executionId="59a620f2-1003-4df2-b8ab-61963062d223" testId="37efe3a0-8dfb-2c87-4cda-e6528220711e" testName="FillableGridAreaFromExcludeRegion" computerName="DKSR-EFI-04" duration="00:00:00.0007919" startTime="2023-12-22T09:33:32.0374965+01:00" endTime="2023-12-22T09:33:32.0374965+01:00" testType="13cdc9d9-ddb5-4fa4-a97d-d965ccfc6d4b" outcome="Passed" testListId="8c84fa94-04c1-424b-9868-57a2d4851a1d" relativeResultsDirectory="59a620f2-1003-4df2-b8ab-61963062d223" />
    <UnitTestResult executionId="39a97bbe-f121-4a2a-bcdd-98d1df5c2485" testId="7f4a48c1-c1cd-a9cc-4967-4f5efa43ecff" testName="PtzPatrollingSession_Constructor_Success" computerName="DKSR-EFI-04" duration="00:00:00.0024999" startTime="2023-12-22T09:33:52.2719712+01:00" endTime="2023-12-22T09:33:52.2719712+01:00" testType="13cdc9d9-ddb5-4fa4-a97d-d965ccfc6d4b" outcome="Passed" testListId="8c84fa94-04c1-424b-9868-57a2d4851a1d" relativeResultsDirectory="39a97bbe-f121-4a2a-bcdd-98d1df5c2485" />
    <UnitTestResult executionId="9a07dd77-812c-4a37-afd6-e5ccb258eda6" testId="7ff7f968-b0ad-f135-b857-9bd7a80a7784" testName="AudioMessageManager_PlayAudioMessageThread_Stopped" computerName="DKSR-EFI-04" duration="00:00:00.0010260" startTime="2023-12-22T09:33:52.3969708+01:00" endTime="2023-12-22T09:33:52.3969708+01:00" testType="13cdc9d9-ddb5-4fa4-a97d-d965ccfc6d4b" outcome="Passed" testListId="8c84fa94-04c1-424b-9868-57a2d4851a1d" relativeResultsDirectory="9a07dd77-812c-4a37-afd6-e5ccb258eda6" />
    <UnitTestResult executionId="6b06ab1f-f7d3-46e6-a7e8-1bb4ff104261" testId="3cee368f-183c-fbf3-e826-ddde295875d1" testName="PtzManualSession_Constructor_ArgumentNullException" computerName="DKSR-EFI-04" duration="00:00:00.0044432" startTime="2023-12-22T09:33:52.2094706+01:00" endTime="2023-12-22T09:33:52.2250967+01:00" testType="13cdc9d9-ddb5-4fa4-a97d-d965ccfc6d4b" outcome="Passed" testListId="8c84fa94-04c1-424b-9868-57a2d4851a1d" relativeResultsDirectory="6b06ab1f-f7d3-46e6-a7e8-1bb4ff104261">
      <Output>
        <StdOut>Debug Trace:&#xD;
Fail: Argument 'ptzController' cannot be null</StdOut>
      </Output>
    </UnitTestResult>
    <UnitTestResult executionId="8469f0cc-70d7-403a-a76c-0f3672547e18" testId="b45094a2-1a27-9c40-2145-2594e3d53bf7" testName="CheckForLiveAndOrphanTables_CreateMissingTable" computerName="DKSR-EFI-04" duration="00:00:00.0052714" startTime="2023-12-22T09:33:32.7562505+01:00" endTime="2023-12-22T09:33:32.7562505+01:00" testType="13cdc9d9-ddb5-4fa4-a97d-d965ccfc6d4b" outcome="Passed" testListId="8c84fa94-04c1-424b-9868-57a2d4851a1d" relativeResultsDirectory="8469f0cc-70d7-403a-a76c-0f3672547e18" />
    <UnitTestResult executionId="dfa44907-1229-4ecd-a643-2c77ab68aa8e" testId="8aee07f8-0ffc-3a99-ff2a-0d2135720078" testName="EvidenceLockOnOldRecorder2_PostCommandIsValid_NoContent" computerName="DKSR-EFI-04" duration="00:00:00.0071781" startTime="2023-12-22T09:33:24.4905853+01:00" endTime="2023-12-22T09:33:24.4905853+01:00" testType="13cdc9d9-ddb5-4fa4-a97d-d965ccfc6d4b" outcome="Passed" testListId="8c84fa94-04c1-424b-9868-57a2d4851a1d" relativeResultsDirectory="dfa44907-1229-4ecd-a643-2c77ab68aa8e" />
    <UnitTestResult executionId="f1b64b65-447c-4196-b376-0ea0a4ba5de7" testId="6988510d-a911-d638-19bd-184f4d9fb6ed" testName="TimeRangeConversionMinRangeVsTimeResolution" computerName="DKSR-EFI-04" duration="00:00:00.0010537" startTime="2023-12-22T09:33:44.4438087+01:00" endTime="2023-12-22T09:33:44.4438087+01:00" testType="13cdc9d9-ddb5-4fa4-a97d-d965ccfc6d4b" outcome="Passed" testListId="8c84fa94-04c1-424b-9868-57a2d4851a1d" relativeResultsDirectory="f1b64b65-447c-4196-b376-0ea0a4ba5de7">
      <Output>
        <StdOut>Debug Trace:&#xD;
Fail: minimum time range &lt; 3x time resolution</StdOut>
      </Output>
    </UnitTestResult>
    <UnitTestResult executionId="ba13974c-9a89-4aab-ba8b-1a6d504f27ff" testId="87c335b7-4df9-087f-f6af-fdf355539dd5" testName="ResponseController_ValidErrorResponse_ValidErrorResponseCalledOnCommManager" computerName="DKSR-EFI-04" duration="00:00:00.0013322" startTime="2023-12-22T09:33:24.6624605+01:00" endTime="2023-12-22T09:33:24.6780873+01:00" testType="13cdc9d9-ddb5-4fa4-a97d-d965ccfc6d4b" outcome="Passed" testListId="8c84fa94-04c1-424b-9868-57a2d4851a1d" relativeResultsDirectory="ba13974c-9a89-4aab-ba8b-1a6d504f27ff" />
    <UnitTestResult executionId="5118d7ab-f567-45b3-843b-4561a3ef0900" testId="83766445-a8c7-e226-abda-1f8cd622b1fb" testName="SOAPCommandRequestHandler_ExecuteFunction_HandleSequencesGetAroundWithSpan_NoCenterTime" computerName="DKSR-EFI-04" duration="00:00:00.0009181" startTime="2023-12-22T09:33:29.8656112+01:00" endTime="2023-12-22T09:33:29.8656112+01:00" testType="13cdc9d9-ddb5-4fa4-a97d-d965ccfc6d4b" outcome="Passed" testListId="8c84fa94-04c1-424b-9868-57a2d4851a1d" relativeResultsDirectory="5118d7ab-f567-45b3-843b-4561a3ef0900" />
    <UnitTestResult executionId="994cacc6-b347-467d-9314-4bb18a9db8c8" testId="290c1c4d-f869-be83-3d83-57c43f3d21d3" testName="ConnectSuccess_PrevWithTime_BeforeMedia" computerName="DKSR-EFI-04" duration="00:00:00.0022379" startTime="2023-12-22T09:33:27.7093502+01:00" endTime="2023-12-22T09:33:27.7093502+01:00" testType="13cdc9d9-ddb5-4fa4-a97d-d965ccfc6d4b" outcome="Passed" testListId="8c84fa94-04c1-424b-9868-57a2d4851a1d" relativeResultsDirectory="994cacc6-b347-467d-9314-4bb18a9db8c8" />
    <UnitTestResult executionId="15ccd5fd-b664-45c1-a5a8-98db7955d0dc" testId="12ba242a-cb08-e6d9-42ab-57ccd344bd09" testName="QueryDeviceEvidenceLockSizesCommandHandler_Constructor_RecorderEnvironmentNull_ArgumentNullException" computerName="DKSR-EFI-04" duration="00:00:00.0105950" startTime="2023-12-22T09:33:50.5063372+01:00" endTime="2023-12-22T09:33:50.5219629+01:00" testType="13cdc9d9-ddb5-4fa4-a97d-d965ccfc6d4b" outcome="Passed" testListId="8c84fa94-04c1-424b-9868-57a2d4851a1d" relativeResultsDirectory="15ccd5fd-b664-45c1-a5a8-98db7955d0dc">
      <Output>
        <StdOut>Debug Trace:&#xD;
Fail: Argument null</StdOut>
      </Output>
    </UnitTestResult>
    <UnitTestResult executionId="73a423b0-70e8-4de0-a2dd-a61331766389" testId="0ca2bb88-f51e-6212-60c1-db4f837b05e7" testName="PingStart_TimeSpanMax_ArgumentOutOfRangeException" computerName="DKSR-EFI-04" duration="00:00:00.0005300" startTime="2023-12-22T09:33:24.2874584+01:00" endTime="2023-12-22T09:33:24.2874584+01:00" testType="13cdc9d9-ddb5-4fa4-a97d-d965ccfc6d4b" outcome="Passed" testListId="8c84fa94-04c1-424b-9868-57a2d4851a1d" relativeResultsDirectory="73a423b0-70e8-4de0-a2dd-a61331766389" />
    <UnitTestResult executionId="d2453ab5-106e-4880-ae07-8aae28cc8ace" testId="c842dd6f-3642-d5da-f0c5-0b178afcc5f4" testName="PtzManualSession_Constructor_Reserved_Success" computerName="DKSR-EFI-04" duration="00:00:00.0004316" startTime="2023-12-22T09:33:52.2250967+01:00" endTime="2023-12-22T09:33:52.2250967+01:00" testType="13cdc9d9-ddb5-4fa4-a97d-d965ccfc6d4b" outcome="Passed" testListId="8c84fa94-04c1-424b-9868-57a2d4851a1d" relativeResultsDirectory="d2453ab5-106e-4880-ae07-8aae28cc8ace" />
    <UnitTestResult executionId="c16268f3-d32b-4671-a030-4a06c91901bf" testId="da5ac089-d6b1-ac16-b168-df80354fb9b1" testName="EvidenceLockOnOldRecorderCommandHandler_AddEvidenceLock_DeviceTrackDoesNotExists" computerName="DKSR-EFI-04" duration="00:00:00.0005282" startTime="2023-12-22T09:33:46.0531892+01:00" endTime="2023-12-22T09:33:46.0531892+01:00" testType="13cdc9d9-ddb5-4fa4-a97d-d965ccfc6d4b" outcome="Passed" testListId="8c84fa94-04c1-424b-9868-57a2d4851a1d" relativeResultsDirectory="c16268f3-d32b-4671-a030-4a06c91901bf" />
    <UnitTestResult executionId="696203c4-06e2-4d58-816d-a5d02e78bb85" testId="78b8ac37-5b0d-e46e-1979-1f2241bc11e3" testName="AddHardwareUserCommandHandler_Execute_AddUser_ThrowsUserHandlingPasswordLong_Errors" computerName="DKSR-EFI-04" duration="00:00:00.0009066" startTime="2023-12-22T09:33:45.0531859+01:00" endTime="2023-12-22T09:33:45.0531859+01:00" testType="13cdc9d9-ddb5-4fa4-a97d-d965ccfc6d4b" outcome="Passed" testListId="8c84fa94-04c1-424b-9868-57a2d4851a1d" relativeResultsDirectory="696203c4-06e2-4d58-816d-a5d02e78bb85" />
    <UnitTestResult executionId="77894b90-6a84-4aa2-a92a-85240f229411" testId="6383d062-2257-001d-5c0b-9ab1d5dea930" testName="PerformDatabaseOperation_IsValid_NoContent" computerName="DKSR-EFI-04" duration="00:00:00.0205449" startTime="2023-12-22T09:33:24.4437102+01:00" endTime="2023-12-22T09:33:24.4593361+01:00" testType="13cdc9d9-ddb5-4fa4-a97d-d965ccfc6d4b" outcome="Passed" testListId="8c84fa94-04c1-424b-9868-57a2d4851a1d" relativeResultsDirectory="77894b90-6a84-4aa2-a92a-85240f229411" />
    <UnitTestResult executionId="bf414645-c62a-462f-bdb9-cbbff9ba05d3" testId="43b03a7c-1563-d2e5-a3aa-3d3446fc2f53" testName="AddHardwareUserCommandHandler_Execute_AddUser_ThrowsUnrecognisedExceptionsAsUnknownError_Errors" computerName="DKSR-EFI-04" duration="00:00:00.0026370" startTime="2023-12-22T09:33:45.0844342+01:00" endTime="2023-12-22T09:33:45.1000612+01:00" testType="13cdc9d9-ddb5-4fa4-a97d-d965ccfc6d4b" outcome="Passed" testListId="8c84fa94-04c1-424b-9868-57a2d4851a1d" relativeResultsDirectory="bf414645-c62a-462f-bdb9-cbbff9ba05d3" />
    <UnitTestResult executionId="9ae65b81-e800-44f0-b7eb-839be4c89c84" testId="03fbd361-21dd-8b35-c21d-93999af074c1" testName="Transform_To_Non_Existing_Version" computerName="DKSR-EFI-04" duration="00:00:00.0032456" startTime="2023-12-22T09:33:29.7249838+01:00" endTime="2023-12-22T09:33:29.7249838+01:00" testType="13cdc9d9-ddb5-4fa4-a97d-d965ccfc6d4b" outcome="Passed" testListId="8c84fa94-04c1-424b-9868-57a2d4851a1d" relativeResultsDirectory="9ae65b81-e800-44f0-b7eb-839be4c89c84">
      <Output>
        <StdOut>Debug Trace:&#xD;
Fail: Argument out of range&#xD;
Fail: Argument out of range</StdOut>
      </Output>
    </UnitTestResult>
    <UnitTestResult executionId="8a3d1a3a-e60d-447b-bc21-4270d31f5639" testId="8dd4c6be-6672-6382-3a15-cdd3ce637c69" testName="DatabaseTaskCommandHandler_DatabaseArchiveOperationMonitor_SinglePass_Found" computerName="DKSR-EFI-04" duration="00:00:00.0164896" startTime="2023-12-22T09:33:45.7563141+01:00" endTime="2023-12-22T09:33:45.7875664+01:00" testType="13cdc9d9-ddb5-4fa4-a97d-d965ccfc6d4b" outcome="Passed" testListId="8c84fa94-04c1-424b-9868-57a2d4851a1d" relativeResultsDirectory="8a3d1a3a-e60d-447b-bc21-4270d31f5639" />
    <UnitTestResult executionId="a4cc4892-e73f-4d95-adb2-83e8f840ca1b" testId="fc7c706d-5fa1-656a-c15a-a66e34e1aeda" testName="DatabaseoperationCommandhandler_FilterTrackIdsToThoseWithoutMediaOnRecorder_AreAllBanksOnline_throws_Exception_Causes_DataExists" computerName="DKSR-EFI-04" duration="00:00:00.0012997" startTime="2023-12-22T09:33:45.5375633+01:00" endTime="2023-12-22T09:33:45.5375633+01:00" testType="13cdc9d9-ddb5-4fa4-a97d-d965ccfc6d4b" outcome="Passed" testListId="8c84fa94-04c1-424b-9868-57a2d4851a1d" relativeResultsDirectory="a4cc4892-e73f-4d95-adb2-83e8f840ca1b" />
    <UnitTestResult executionId="b7de91d1-1a28-4d41-859d-47be0876fd95" testId="58114127-3d07-75a5-3479-5709c3808709" testName="SOAPCommandRequestHandler_ExecuteFunction_HandlePTZRectangle_NoLeft" computerName="DKSR-EFI-04" duration="00:00:00.0008499" startTime="2023-12-22T09:33:30.7718657+01:00" endTime="2023-12-22T09:33:30.7874897+01:00" testType="13cdc9d9-ddb5-4fa4-a97d-d965ccfc6d4b" outcome="Passed" testListId="8c84fa94-04c1-424b-9868-57a2d4851a1d" relativeResultsDirectory="b7de91d1-1a28-4d41-859d-47be0876fd95" />
    <UnitTestResult executionId="b6f41e9f-1abc-4207-a7a7-af133f133422" testId="a66ac296-b042-4c15-5b42-8c32ecdc27df" testName="RepairInfo_ParseRepairInfoXml_ValidXml_ParsesProgressAndTime" computerName="DKSR-EFI-04" duration="00:00:00.0029617" startTime="2023-12-22T09:33:44.9750612+01:00" endTime="2023-12-22T09:33:44.9750612+01:00" testType="13cdc9d9-ddb5-4fa4-a97d-d965ccfc6d4b" outcome="Passed" testListId="8c84fa94-04c1-424b-9868-57a2d4851a1d" relativeResultsDirectory="b6f41e9f-1abc-4207-a7a7-af133f133422" />
    <UnitTestResult executionId="52cc0f21-f39e-4f15-99ba-c31970021c2d" testId="8f2d0c8a-421c-a1aa-d68f-9f276a99c0be" testName="SOAPCommandRequestHandler_ExecuteFunction_HandlePTZDeactivatePatrollingSchema_Not_Licensed" computerName="DKSR-EFI-04" duration="00:00:00.0012240" startTime="2023-12-22T09:33:30.9593681+01:00" endTime="2023-12-22T09:33:30.9593681+01:00" testType="13cdc9d9-ddb5-4fa4-a97d-d965ccfc6d4b" outcome="Passed" testListId="8c84fa94-04c1-424b-9868-57a2d4851a1d" relativeResultsDirectory="52cc0f21-f39e-4f15-99ba-c31970021c2d" />
    <UnitTestResult executionId="a87ef432-07db-4510-9832-9ba04b7717c1" testId="574bdbf5-993a-f8a9-1f26-6120b176cc3a" testName="QueryDeviceEvidenceLockSizesCommandHandler_EvidenceLockNotFound_ErrorResponse" computerName="DKSR-EFI-04" duration="00:00:00.0026186" startTime="2023-12-22T09:33:50.5375870+01:00" endTime="2023-12-22T09:33:50.5375870+01:00" testType="13cdc9d9-ddb5-4fa4-a97d-d965ccfc6d4b" outcome="Passed" testListId="8c84fa94-04c1-424b-9868-57a2d4851a1d" relativeResultsDirectory="a87ef432-07db-4510-9832-9ba04b7717c1" />
    <UnitTestResult executionId="77e5d7ed-48a7-426a-a9ac-82e01c6e952e" testId="a5d60cd1-f71a-58c1-12cf-0fb8e7f4031f" testName="GetDatabaseInfo_RecordingStorageFound_ArchiveHintTrue" computerName="DKSR-EFI-04" duration="00:00:00.0007441" startTime="2023-12-22T09:33:23.1312033+01:00" endTime="2023-12-22T09:33:23.1312033+01:00" testType="13cdc9d9-ddb5-4fa4-a97d-d965ccfc6d4b" outcome="Passed" testListId="8c84fa94-04c1-424b-9868-57a2d4851a1d" relativeResultsDirectory="77e5d7ed-48a7-426a-a9ac-82e01c6e952e" />
    <UnitTestResult executionId="92996642-a0ed-4dc4-9c24-327183b5f8fa" testId="beaefab0-f0d9-309a-799d-baac55390a2c" testName="SOAPCommandRequestHandler_ExecuteFunction_HandleJPEGGetLive_NoMaxWidth" computerName="DKSR-EFI-04" duration="00:00:00.0004503" startTime="2023-12-22T09:33:30.5062390+01:00" endTime="2023-12-22T09:33:30.5062390+01:00" testType="13cdc9d9-ddb5-4fa4-a97d-d965ccfc6d4b" outcome="Passed" testListId="8c84fa94-04c1-424b-9868-57a2d4851a1d" relativeResultsDirectory="92996642-a0ed-4dc4-9c24-327183b5f8fa" />
    <UnitTestResult executionId="8a012e30-bf22-4bc8-a3d5-e8a6206fdac4" testId="ad601ddf-dc98-e045-4ff8-ebd544618780" testName="PrepareMoveHardwareCommandHandler_Constructor_RecorderEnvironmentNull_ArgumentNullException" computerName="DKSR-EFI-04" duration="00:00:00.0059266" startTime="2023-12-22T09:33:48.9594551+01:00" endTime="2023-12-22T09:33:48.9594551+01:00" testType="13cdc9d9-ddb5-4fa4-a97d-d965ccfc6d4b" outcome="Passed" testListId="8c84fa94-04c1-424b-9868-57a2d4851a1d" relativeResultsDirectory="8a012e30-bf22-4bc8-a3d5-e8a6206fdac4">
      <Output>
        <StdOut>Debug Trace:&#xD;
Fail: Argument null</StdOut>
      </Output>
    </UnitTestResult>
    <UnitTestResult executionId="f8e9024a-a946-4757-be9c-d37b8d50ff90" testId="7808dfd1-81fa-af9f-a555-e25cdb73eaf5" testName="SOAPCommandRequestHandler_ExecuteFunction_HandleSmartSearchStart_NoSearchIntervalMicroSeconds" computerName="DKSR-EFI-04" duration="00:00:00.0011253" startTime="2023-12-22T09:33:30.0218632+01:00" endTime="2023-12-22T09:33:30.0218632+01:00" testType="13cdc9d9-ddb5-4fa4-a97d-d965ccfc6d4b" outcome="Passed" testListId="8c84fa94-04c1-424b-9868-57a2d4851a1d" relativeResultsDirectory="f8e9024a-a946-4757-be9c-d37b8d50ff90" />
    <UnitTestResult executionId="09931f6d-497a-485c-bcc6-8bd16d7729fb" testId="4821854b-98d2-c5d1-adfd-f798142d808d" testName="PtzReserveSessionCommandHandler_Execute_PtzException_DeviceNotReady" computerName="DKSR-EFI-04" duration="00:00:00.0004688" startTime="2023-12-22T09:33:50.4282122+01:00" endTime="2023-12-22T09:33:50.4282122+01:00" testType="13cdc9d9-ddb5-4fa4-a97d-d965ccfc6d4b" outcome="Passed" testListId="8c84fa94-04c1-424b-9868-57a2d4851a1d" relativeResultsDirectory="09931f6d-497a-485c-bcc6-8bd16d7729fb" />
    <UnitTestResult executionId="170a136d-d06d-4a53-b4da-01b01238f695" testId="42b950d9-5524-6cbf-d2c0-fc098b9ef0e3" testName="RecordingStorageDeviceLinkEntries_QueryByRecordingStorageId_NotFound_ReturnNoItems" computerName="DKSR-EFI-04" duration="00:00:00.0008225" startTime="2023-12-22T09:33:23.5687076+01:00" endTime="2023-12-22T09:33:23.5687076+01:00" testType="13cdc9d9-ddb5-4fa4-a97d-d965ccfc6d4b" outcome="Passed" testListId="8c84fa94-04c1-424b-9868-57a2d4851a1d" relativeResultsDirectory="170a136d-d06d-4a53-b4da-01b01238f695" />
    <UnitTestResult executionId="87cb7c92-342c-47f9-af89-c9c7472d3041" testId="1255307f-f6e6-fe6a-996c-4e1d632a87c8" testName="CollectRecorderInfoCommandXmlConverter_ArchiveProgress_Single_WithProgress" computerName="DKSR-EFI-04" duration="00:00:00.0026075" startTime="2023-12-22T09:33:45.4906882+01:00" endTime="2023-12-22T09:33:45.4906882+01:00" testType="13cdc9d9-ddb5-4fa4-a97d-d965ccfc6d4b" outcome="Passed" testListId="8c84fa94-04c1-424b-9868-57a2d4851a1d" relativeResultsDirectory="87cb7c92-342c-47f9-af89-c9c7472d3041" />
    <UnitTestResult executionId="070c39c0-4b40-481f-b33b-6b351bdb5f6c" testId="2c0d4ab1-bc2f-a019-ec90-ef73784c0318" testName="SmartSearchHandlerForwardTestDataWithMotionOnlyOutsideRecordingSequence" computerName="DKSR-EFI-04" duration="00:00:00.0008595" startTime="2023-12-22T09:33:32.1468735+01:00" endTime="2023-12-22T09:33:32.1468735+01:00" testType="13cdc9d9-ddb5-4fa4-a97d-d965ccfc6d4b" outcome="Passed" testListId="8c84fa94-04c1-424b-9868-57a2d4851a1d" relativeResultsDirectory="070c39c0-4b40-481f-b33b-6b351bdb5f6c" />
    <UnitTestResult executionId="4a099dfc-3de5-4db2-895d-70a0e272fc30" testId="cd24bc8c-7af7-4156-ccfb-d0768a96a6e9" testName="MediaDbCache_Dispose_Success" computerName="DKSR-EFI-04" duration="00:00:00.0807391" startTime="2023-12-22T09:33:44.4594327+01:00" endTime="2023-12-22T09:33:44.5531828+01:00" testType="13cdc9d9-ddb5-4fa4-a97d-d965ccfc6d4b" outcome="Passed" testListId="8c84fa94-04c1-424b-9868-57a2d4851a1d" relativeResultsDirectory="4a099dfc-3de5-4db2-895d-70a0e272fc30" />
    <UnitTestResult executionId="5c58419e-b505-40d5-8721-4f9318a2ce06" testId="0b9bee77-8a71-bfe6-f6b0-2ea6fac8fdab" testName="Configuration_RecorderConfigParameterIsNull_ThrowsArgumentNullException" computerName="DKSR-EFI-04" startTime="2023-12-22T09:33:24.6937114+01:00" endTime="2023-12-22T09:33:24.6937114+01:00" testType="13cdc9d9-ddb5-4fa4-a97d-d965ccfc6d4b" outcome="NotExecuted" testListId="8c84fa94-04c1-424b-9868-57a2d4851a1d" relativeResultsDirectory="5c58419e-b505-40d5-8721-4f9318a2ce06">
      <Output></Output>
    </UnitTestResult>
    <UnitTestResult executionId="fc0c74e6-6a5a-492e-a42d-627d997446d0" testId="eb7c6e32-ac7c-6c90-89b5-7243ed2764b5" testName="MediaDbUtil_MultitrackNavigation_Scenario10" computerName="DKSR-EFI-04" duration="00:00:00.0325236" startTime="2023-12-22T09:33:28.7718574+01:00" endTime="2023-12-22T09:33:28.8031044+01:00" testType="13cdc9d9-ddb5-4fa4-a97d-d965ccfc6d4b" outcome="Passed" testListId="8c84fa94-04c1-424b-9868-57a2d4851a1d" relativeResultsDirectory="fc0c74e6-6a5a-492e-a42d-627d997446d0">
      <Output>
        <StdOut>TestContext Messages:&#xD;
Before&#xD;
Navigation:  " V                                            "&#xD;
Source    :  "        1-- 1----                 1-- 1---    "&#xD;
Unable to move&#xD;
&#xD;
AtOrBefore&#xD;
Navigation:  " V                                            "&#xD;
Source    :  "        1-- 1----                 1-- 1---    "&#xD;
Unable to move&#xD;
&#xD;
AtOrAfter&#xD;
Navigation:  " V                                            "&#xD;
Source    :  "        1-- 1----                 1-- 1---    "&#xD;
Expected  :  "        1-- N                                 "&#xD;
Actual    :  "        1-- N                                 "&#xD;
&#xD;
After&#xD;
Navigation:  " V                                            "&#xD;
Source    :  "        1-- 1----                 1-- 1---    "&#xD;
Expected  :  "        1-- N                                 "&#xD;
Actual    :  "        1-- N                                 "&#xD;
&#xD;
Before&#xD;
Navigation:  "           V                                  "&#xD;
Source    :  "        1-- 1----                 1-- 1---    "&#xD;
Expected  :  "        1-- N                                 "&#xD;
Actual    :  "        1-- N                                 "&#xD;
&#xD;
AtOrBefore&#xD;
Navigation:  "           V                                  "&#xD;
Source    :  "        1-- 1----                 1-- 1---    "&#xD;
Expected  :  "        1-- N                                 "&#xD;
Actual    :  "        1-- N                                 "&#xD;
&#xD;
AtOrAfter&#xD;
Navigation:  "           V                                  "&#xD;
Source    :  "        1-- 1----                 1-- 1---    "&#xD;
Expected  :  "        P   1----                 N           "&#xD;
Actual    :  "        P   1----                 N           "&#xD;
&#xD;
After&#xD;
Navigation:  "           V                                  "&#xD;
Source    :  "        1-- 1----                 1-- 1---    "&#xD;
Expected  :  "        P   1----                 N           "&#xD;
Actual    :  "        P   1----                 N           "&#xD;
&#xD;
Before&#xD;
Navigation:  "              V                               "&#xD;
Source    :  "        1-- 1----                 1-- 1---    "&#xD;
Expected  :  "        1-- N                                 "&#xD;
Actual    :  "        1-- N                                 "&#xD;
&#xD;
AtOrBefore&#xD;
Navigation:  "              V                               "&#xD;
Source    :  "        1-- 1----                 1-- 1---    "&#xD;
Expected  :  "        P   1----                 N           "&#xD;
Actual    :  "        P   1----                 N           "&#xD;
&#xD;
AtOrAfter&#xD;
Navigation:  "              V                               "&#xD;
Source    :  "        1-- 1----                 1-- 1---    "&#xD;
Expected  :  "        P   1----                 N           "&#xD;
Actual    :  "        P   1----                 N           "&#xD;
&#xD;
After&#xD;
Navigation:  "              V                               "&#xD;
Source    :  "        1-- 1----                 1-- 1---    "&#xD;
Expected  :  "            P                     1-- N       "&#xD;
Actual    :  "            P                     1-- N       "&#xD;
&#xD;
Before&#xD;
Navigation:  "               V                              "&#xD;
Source    :  "        1-- 1----                 1-- 1---    "&#xD;
Expected  :  "        1-- N                                 "&#xD;
Actual    :  "        1-- N                                 "&#xD;
&#xD;
AtOrBefore&#xD;
Navigation:  "               V                              "&#xD;
Source    :  "        1-- 1----                 1-- 1---    "&#xD;
Expected  :  "        P   1----                 N           "&#xD;
Actual    :  "        P   1----                 N           "&#xD;
&#xD;
AtOrAfter&#xD;
Navigation:  "               V                              "&#xD;
Source    :  "        1-- 1----                 1-- 1---    "&#xD;
Expected  :  "        P   1----                 N           "&#xD;
Actual    :  "        P   1----                 N           "&#xD;
&#xD;
After&#xD;
Navigation:  "               V                              "&#xD;
Source    :  "        1-- 1----                 1-- 1---    "&#xD;
Expected  :  "            P                     1-- N       "&#xD;
Actual    :  "            P                     1-- N       "&#xD;
&#xD;
Before&#xD;
Navigation:  "                          V                   "&#xD;
Source    :  "        1-- 1----                 1-- 1---    "&#xD;
Expected  :  "        P   1----                 N           "&#xD;
Actual    :  "        P   1----                 N           "&#xD;
&#xD;
AtOrBefore&#xD;
Navigation:  "                          V                   "&#xD;
Source    :  "        1-- 1----                 1-- 1---    "&#xD;
Expected  :  "        P   1----                 N           "&#xD;
Actual    :  "        P   1----                 N           "&#xD;
&#xD;
AtOrAfter&#xD;
Navigation:  "                          V                   "&#xD;
Source    :  "        1-- 1----                 1-- 1---    "&#xD;
Expected  :  "            P                     1-- N       "&#xD;
Actual    :  "            P                     1-- N       "&#xD;
&#xD;
After&#xD;
Navigation:  "                          V                   "&#xD;
Source    :  "        1-- 1----                 1-- 1---    "&#xD;
Expected  :  "            P                     1-- N       "&#xD;
Actual    :  "            P                     1-- N       "&#xD;
&#xD;
Before&#xD;
Navigation:  "                               V              "&#xD;
Source    :  "        1-- 1----                 1-- 1---    "&#xD;
Expected  :  "        P   1----                 N           "&#xD;
Actual    :  "        P   1----                 N           "&#xD;
&#xD;
AtOrBefore&#xD;
Navigation:  "                               V              "&#xD;
Source    :  "        1-- 1----                 1-- 1---    "&#xD;
Expected  :  "        P   1----                 N           "&#xD;
Actual    :  "        P   1----                 N           "&#xD;
&#xD;
AtOrAfter&#xD;
Navigation:  "                               V              "&#xD;
Source    :  "        1-- 1----                 1-- 1---    "&#xD;
Expected  :  "            P                     1-- N       "&#xD;
Actual    :  "            P                     1-- N       "&#xD;
&#xD;
After&#xD;
Navigation:  "                               V              "&#xD;
Source    :  "        1-- 1----                 1-- 1---    "&#xD;
Expected  :  "            P                     1-- N       "&#xD;
Actual    :  "            P                     1-- N       "&#xD;
&#xD;
Before&#xD;
Navigation:  "                                      V       "&#xD;
Source    :  "        1-- 1----                 1-- 1---    "&#xD;
Expected  :  "            P                     1-- N       "&#xD;
Actual    :  "            P                     1-- N       "&#xD;
&#xD;
AtOrBefore&#xD;
Navigation:  "                                      V       "&#xD;
Source    :  "        1-- 1----                 1-- 1---    "&#xD;
Expected  :  "                                  P   1---    "&#xD;
Actual    :  "                                  P   1---    "&#xD;
&#xD;
AtOrAfter&#xD;
Navigation:  "                                      V       "&#xD;
Source    :  "        1-- 1----                 1-- 1---    "&#xD;
Expected  :  "                                  P   1---    "&#xD;
Actual    :  "                                  P   1---    "&#xD;
&#xD;
After&#xD;
Navigation:  "                                      V       "&#xD;
Source    :  "        1-- 1----                 1-- 1---    "&#xD;
Unable to move&#xD;
&#xD;
Before&#xD;
Navigation:  "                                            V "&#xD;
Source    :  "        1-- 1----                 1-- 1---    "&#xD;
Expected  :  "                                  P   1---    "&#xD;
Actual    :  "                                  P   1---    "&#xD;
&#xD;
AtOrBefore&#xD;
Navigation:  "                                            V "&#xD;
Source    :  "        1-- 1----                 1-- 1---    "&#xD;
Expected  :  "                                  P   1---    "&#xD;
Actual    :  "                                  P   1---    "&#xD;
&#xD;
AtOrAfter&#xD;
Navigation:  "                                            V "&#xD;
Source    :  "        1-- 1----                 1-- 1---    "&#xD;
Unable to move&#xD;
&#xD;
After&#xD;
Navigation:  "                                            V "&#xD;
Source    :  "        1-- 1----                 1-- 1---    "&#xD;
Unable to move&#xD;
&#xD;
Before&#xD;
Navigation:  " V                                            "&#xD;
Source    :  "        1-- 1--      2-- 2-        2-- 2---   "&#xD;
Unable to move&#xD;
&#xD;
AtOrBefore&#xD;
Navigation:  " V                                            "&#xD;
Source    :  "        1-- 1--      2-- 2-        2-- 2---   "&#xD;
Unable to move&#xD;
&#xD;
AtOrAfter&#xD;
Navigation:  " V                                            "&#xD;
Source    :  "        1-- 1--      2-- 2-        2-- 2---   "&#xD;
Expected  :  "        1-- N                                 "&#xD;
Actual    :  "        1-- N                                 "&#xD;
&#xD;
After&#xD;
Navigation:  " V                                            "&#xD;
Source    :  "        1-- 1--      2-- 2-        2-- 2---   "&#xD;
Expected  :  "        1-- N                                 "&#xD;
Actual    :  "        1-- N                                 "&#xD;
&#xD;
Before&#xD;
Navigation:  "           V                                  "&#xD;
Source    :  "        1-- 1--      2-- 2-        2-- 2---   "&#xD;
Expected  :  "        1-- N                                 "&#xD;
Actual    :  "        1-- N                                 "&#xD;
&#xD;
AtOrBefore&#xD;
Navigation:  "           V                                  "&#xD;
Source    :  "        1-- 1--      2-- 2-        2-- 2---   "&#xD;
Expected  :  "        1-- N                                 "&#xD;
Actual    :  "        1-- N                                 "&#xD;
&#xD;
AtOrAfter&#xD;
Navigation:  "           V                                  "&#xD;
Source    :  "        1-- 1--      2-- 2-        2-- 2---   "&#xD;
Expected  :  "        P   1--      N                        "&#xD;
Actual    :  "        P   1--      N                        "&#xD;
&#xD;
After&#xD;
Navigation:  "           V                                  "&#xD;
Source    :  "        1-- 1--      2-- 2-        2-- 2---   "&#xD;
Expected  :  "        P   1--      N                        "&#xD;
Actual    :  "        P   1--      N                        "&#xD;
&#xD;
Before&#xD;
Navigation:  "              V                               "&#xD;
Source    :  "        1-- 1--      2-- 2-        2-- 2---   "&#xD;
Expected  :  "        1-- N                                 "&#xD;
Actual    :  "        1-- N                                 "&#xD;
&#xD;
AtOrBefore&#xD;
Navigation:  "              V                               "&#xD;
Source    :  "        1-- 1--      2-- 2-        2-- 2---   "&#xD;
Expected  :  "        P   1--      N                        "&#xD;
Actual    :  "        P   1--      N                        "&#xD;
&#xD;
AtOrAfter&#xD;
Navigation:  "              V                               "&#xD;
Source    :  "        1-- 1--      2-- 2-        2-- 2---   "&#xD;
Expected  :  "        P   1--      N                        "&#xD;
Actual    :  "        P   1--      N                        "&#xD;
&#xD;
After&#xD;
Navigation:  "              V                               "&#xD;
Source    :  "        1-- 1--      2-- 2-        2-- 2---   "&#xD;
Expected  :  "            P        2-- N                    "&#xD;
Actual    :  "            P        2-- N                    "&#xD;
&#xD;
Before&#xD;
Navigation:  "               V                              "&#xD;
Source    :  "        1-- 1--      2-- 2-        2-- 2---   "&#xD;
Expected  :  "        P   1--      N                        "&#xD;
Actual    :  "        P   1--      N                        "&#xD;
&#xD;
AtOrBefore&#xD;
Navigation:  "               V                              "&#xD;
Source    :  "        1-- 1--      2-- 2-        2-- 2---   "&#xD;
Expected  :  "        P   1--      N                        "&#xD;
Actual    :  "        P   1--      N                        "&#xD;
&#xD;
AtOrAfter&#xD;
Navigation:  "               V                              "&#xD;
Source    :  "        1-- 1--      2-- 2-        2-- 2---   "&#xD;
Expected  :  "            P        2-- N                    "&#xD;
Actual    :  "            P        2-- N                    "&#xD;
&#xD;
After&#xD;
Navigation:  "               V                              "&#xD;
Source    :  "        1-- 1--      2-- 2-        2-- 2---   "&#xD;
Expected  :  "            P        2-- N                    "&#xD;
Actual    :  "            P        2-- N                    "&#xD;
&#xD;
Before&#xD;
Navigation:  "                          V                   "&#xD;
Source    :  "        1-- 1--      2-- 2-        2-- 2---   "&#xD;
Expected  :  "            P        2-- N                    "&#xD;
Actual    :  "            P        2-- N                    "&#xD;
&#xD;
AtOrBefore&#xD;
Navigation:  "                          V                   "&#xD;
Source    :  "        1-- 1--      2-- 2-        2-- 2---   "&#xD;
Expected  :  "                     P   2-        N          "&#xD;
Actual    :  "                     P   2-        N          "&#xD;
&#xD;
AtOrAfter&#xD;
Navigation:  "                          V                   "&#xD;
Source    :  "        1-- 1--      2-- 2-        2-- 2---   "&#xD;
Expected  :  "                     P   2-        N          "&#xD;
Actual    :  "                     P   2-        N          "&#xD;
&#xD;
After&#xD;
Navigation:  "                          V                   "&#xD;
Source    :  "        1-- 1--      2-- 2-        2-- 2---   "&#xD;
Expected  :  "                         P         2-- N      "&#xD;
Actual    :  "                         P         2-- N      "&#xD;
&#xD;
Before&#xD;
Navigation:  "                               V              "&#xD;
Source    :  "        1-- 1--      2-- 2-        2-- 2---   "&#xD;
Expected  :  "                     P   2-        N          "&#xD;
Actual    :  "                     P   2-        N          "&#xD;
&#xD;
AtOrBefore&#xD;
Navigation:  "                               V              "&#xD;
Source    :  "        1-- 1--      2-- 2-        2-- 2---   "&#xD;
Expected  :  "                     P   2-        N          "&#xD;
Actual    :  "                     P   2-        N          "&#xD;
&#xD;
AtOrAfter&#xD;
Navigation:  "                               V              "&#xD;
Source    :  "        1-- 1--      2-- 2-        2-- 2---   "&#xD;
Expected  :  "                         P         2-- N      "&#xD;
Actual    :  "                         P         2-- N      "&#xD;
&#xD;
After&#xD;
Navigation:  "                               V              "&#xD;
Source    :  "        1-- 1--      2-- 2-        2-- 2---   "&#xD;
Expected  :  "                         P         2-- N      "&#xD;
Actual    :  "                         P         2-- N      "&#xD;
&#xD;
Before&#xD;
Navigation:  "                                      V       "&#xD;
Source    :  "        1-- 1--      2-- 2-        2-- 2---   "&#xD;
Expected  :  "                         P         2-- N      "&#xD;
Actual    :  "                         P         2-- N      "&#xD;
&#xD;
AtOrBefore&#xD;
Navigation:  "                                      V       "&#xD;
Source    :  "        1-- 1--      2-- 2-        2-- 2---   "&#xD;
Expected  :  "                         P         2-- N      "&#xD;
Actual    :  "                         P         2-- N      "&#xD;
&#xD;
AtOrAfter&#xD;
Navigation:  "                                      V       "&#xD;
Source    :  "        1-- 1--      2-- 2-        2-- 2---   "&#xD;
Expected  :  "                                   P   2---   "&#xD;
Actual    :  "                                   P   2---   "&#xD;
&#xD;
After&#xD;
Navigation:  "                                      V       "&#xD;
Source    :  "        1-- 1--      2-- 2-        2-- 2---   "&#xD;
Expected  :  "                                   P   2---   "&#xD;
Actual    :  "                                   P   2---   "&#xD;
&#xD;
Before&#xD;
Navigation:  "                                            V "&#xD;
Source    :  "        1-- 1--      2-- 2-        2-- 2---   "&#xD;
Expected  :  "                                   P   2---   "&#xD;
Actual    :  "                                   P   2---   "&#xD;
&#xD;
AtOrBefore&#xD;
Navigation:  "                                            V "&#xD;
Source    :  "        1-- 1--      2-- 2-        2-- 2---   "&#xD;
Expected  :  "                                   P   2---   "&#xD;
Actual    :  "                                   P   2---   "&#xD;
&#xD;
AtOrAfter&#xD;
Navigation:  "                                            V "&#xD;
Source    :  "        1-- 1--      2-- 2-        2-- 2---   "&#xD;
Unable to move&#xD;
&#xD;
After&#xD;
Navigation:  "                                            V "&#xD;
Source    :  "        1-- 1--      2-- 2-        2-- 2---   "&#xD;
Unable to move</StdOut>
      </Output>
    </UnitTestResult>
    <UnitTestResult executionId="a356b452-5d75-477a-9725-e35692299470" testId="946220f3-0b91-ce52-0cf4-1abc839b9c49" testName="MediaDbConfigurationWriter_WriteRecordingStorageAndArchivesConfiguration" computerName="DKSR-EFI-04" duration="00:00:00.0145545" startTime="2023-12-22T09:33:44.8500597+01:00" endTime="2023-12-22T09:33:44.8500597+01:00" testType="13cdc9d9-ddb5-4fa4-a97d-d965ccfc6d4b" outcome="Passed" testListId="8c84fa94-04c1-424b-9868-57a2d4851a1d" relativeResultsDirectory="a356b452-5d75-477a-9725-e35692299470" />
    <UnitTestResult executionId="9060eccd-a8f6-4a91-92eb-c1b3f7095727" testId="2882027e-041e-a679-2d37-4dcacb6db3a2" testName="RecStorage_Startup_NotAllowStart_NotKeepFailing_Ok" computerName="DKSR-EFI-04" duration="00:00:00.0013746" startTime="2023-12-22T09:33:32.6781265+01:00" endTime="2023-12-22T09:33:32.6781265+01:00" testType="13cdc9d9-ddb5-4fa4-a97d-d965ccfc6d4b" outcome="Passed" testListId="8c84fa94-04c1-424b-9868-57a2d4851a1d" relativeResultsDirectory="9060eccd-a8f6-4a91-92eb-c1b3f7095727" />
    <UnitTestResult executionId="da400b1f-c1b3-428e-872d-910716b8f0a2" testId="3a682f18-26a1-d56a-236e-9d390c192554" testName="Start_WebErrorOnFirstTryButStoppingBeforeRetryTimer_ShouldNotTryReconnect" computerName="DKSR-EFI-04" duration="00:00:00.0050385" startTime="2023-12-22T09:33:24.0218324+01:00" endTime="2023-12-22T09:33:24.0218324+01:00" testType="13cdc9d9-ddb5-4fa4-a97d-d965ccfc6d4b" outcome="Passed" testListId="8c84fa94-04c1-424b-9868-57a2d4851a1d" relativeResultsDirectory="da400b1f-c1b3-428e-872d-910716b8f0a2" />
    <UnitTestResult executionId="a75613ee-0ed3-4376-8e58-3a6054477acd" testId="003c62e7-b18c-96f0-42e4-4ea746a77e7a" testName="DriverProxyInstanceManager_AddHardware_AddedToProxyInstance" computerName="DKSR-EFI-04" duration="00:00:00.0095737" startTime="2023-12-22T09:33:22.1311990+01:00" endTime="2023-12-22T09:33:22.1468226+01:00" testType="13cdc9d9-ddb5-4fa4-a97d-d965ccfc6d4b" outcome="Passed" testListId="8c84fa94-04c1-424b-9868-57a2d4851a1d" relativeResultsDirectory="a75613ee-0ed3-4376-8e58-3a6054477acd" />
    <UnitTestResult executionId="03245dd2-6599-4b3f-a006-f406881fdbde" testId="5298f2b0-a76e-0047-fca1-2bb894514586" testName="MediaDbUtil_MultitrackNavigation_Scenario02" computerName="DKSR-EFI-04" duration="00:00:00.0238673" startTime="2023-12-22T09:33:28.5062305+01:00" endTime="2023-12-22T09:33:28.5218546+01:00" testType="13cdc9d9-ddb5-4fa4-a97d-d965ccfc6d4b" outcome="Passed" testListId="8c84fa94-04c1-424b-9868-57a2d4851a1d" relativeResultsDirectory="03245dd2-6599-4b3f-a006-f406881fdbde">
      <Output>
        <StdOut>TestContext Messages:&#xD;
Before&#xD;
Navigation:  " V                                      "&#xD;
Source    :  "        1-- 1----1-----                 "&#xD;
Unable to move&#xD;
&#xD;
AtOrBefore&#xD;
Navigation:  " V                                      "&#xD;
Source    :  "        1-- 1----1-----                 "&#xD;
Unable to move&#xD;
&#xD;
AtOrAfter&#xD;
Navigation:  " V                                      "&#xD;
Source    :  "        1-- 1----1-----                 "&#xD;
Expected  :  "        1-- N                           "&#xD;
Actual    :  "        1-- N                           "&#xD;
&#xD;
After&#xD;
Navigation:  " V                                      "&#xD;
Source    :  "        1-- 1----1-----                 "&#xD;
Expected  :  "        1-- N                           "&#xD;
Actual    :  "        1-- N                           "&#xD;
&#xD;
Before&#xD;
Navigation:  "           V                            "&#xD;
Source    :  "        1-- 1----1-----                 "&#xD;
Expected  :  "        1-- N                           "&#xD;
Actual    :  "        1-- N                           "&#xD;
&#xD;
AtOrBefore&#xD;
Navigation:  "           V                            "&#xD;
Source    :  "        1-- 1----1-----                 "&#xD;
Expected  :  "        1-- N                           "&#xD;
Actual    :  "        1-- N                           "&#xD;
&#xD;
AtOrAfter&#xD;
Navigation:  "           V                            "&#xD;
Source    :  "        1-- 1----1-----                 "&#xD;
Expected  :  "        P   1----N                      "&#xD;
Actual    :  "        P   1----N                      "&#xD;
&#xD;
After&#xD;
Navigation:  "           V                            "&#xD;
Source    :  "        1-- 1----1-----                 "&#xD;
Expected  :  "        P   1----N                      "&#xD;
Actual    :  "        P   1----N                      "&#xD;
&#xD;
Before&#xD;
Navigation:  "              V                         "&#xD;
Source    :  "        1-- 1----1-----                 "&#xD;
Expected  :  "        1-- N                           "&#xD;
Actual    :  "        1-- N                           "&#xD;
&#xD;
AtOrBefore&#xD;
Navigation:  "              V                         "&#xD;
Source    :  "        1-- 1----1-----                 "&#xD;
Expected  :  "        P   1----N                      "&#xD;
Actual    :  "        P   1----N                      "&#xD;
&#xD;
AtOrAfter&#xD;
Navigation:  "              V                         "&#xD;
Source    :  "        1-- 1----1-----                 "&#xD;
Expected  :  "        P   1----N                      "&#xD;
Actual    :  "        P   1----N                      "&#xD;
&#xD;
After&#xD;
Navigation:  "              V                         "&#xD;
Source    :  "        1-- 1----1-----                 "&#xD;
Expected  :  "            P    1-----                 "&#xD;
Actual    :  "            P    1-----                 "&#xD;
&#xD;
Before&#xD;
Navigation:  "                          V             "&#xD;
Source    :  "        1-- 1----1-----                 "&#xD;
Expected  :  "            P    1-----                 "&#xD;
Actual    :  "            P    1-----                 "&#xD;
&#xD;
AtOrBefore&#xD;
Navigation:  "                          V             "&#xD;
Source    :  "        1-- 1----1-----                 "&#xD;
Expected  :  "            P    1-----                 "&#xD;
Actual    :  "            P    1-----                 "&#xD;
&#xD;
AtOrAfter&#xD;
Navigation:  "                          V             "&#xD;
Source    :  "        1-- 1----1-----                 "&#xD;
Unable to move&#xD;
&#xD;
After&#xD;
Navigation:  "                          V             "&#xD;
Source    :  "        1-- 1----1-----                 "&#xD;
Unable to move&#xD;
&#xD;
Before&#xD;
Navigation:  "                                      V "&#xD;
Source    :  "        1-- 1----1-----                 "&#xD;
Expected  :  "            P    1-----                 "&#xD;
Actual    :  "            P    1-----                 "&#xD;
&#xD;
AtOrBefore&#xD;
Navigation:  "                                      V "&#xD;
Source    :  "        1-- 1----1-----                 "&#xD;
Expected  :  "            P    1-----                 "&#xD;
Actual    :  "            P    1-----                 "&#xD;
&#xD;
AtOrAfter&#xD;
Navigation:  "                                      V "&#xD;
Source    :  "        1-- 1----1-----                 "&#xD;
Unable to move&#xD;
&#xD;
After&#xD;
Navigation:  "                                      V "&#xD;
Source    :  "        1-- 1----1-----                 "&#xD;
Unable to move&#xD;
&#xD;
Before&#xD;
Navigation:  " V                                      "&#xD;
Source    :  "        1-- 1--    2-- 2---             "&#xD;
Unable to move&#xD;
&#xD;
AtOrBefore&#xD;
Navigation:  " V                                      "&#xD;
Source    :  "        1-- 1--    2-- 2---             "&#xD;
Unable to move&#xD;
&#xD;
AtOrAfter&#xD;
Navigation:  " V                                      "&#xD;
Source    :  "        1-- 1--    2-- 2---             "&#xD;
Expected  :  "        1-- N                           "&#xD;
Actual    :  "        1-- N                           "&#xD;
&#xD;
After&#xD;
Navigation:  " V                                      "&#xD;
Source    :  "        1-- 1--    2-- 2---             "&#xD;
Expected  :  "        1-- N                           "&#xD;
Actual    :  "        1-- N                           "&#xD;
&#xD;
Before&#xD;
Navigation:  "           V                            "&#xD;
Source    :  "        1-- 1--    2-- 2---             "&#xD;
Expected  :  "        1-- N                           "&#xD;
Actual    :  "        1-- N                           "&#xD;
&#xD;
AtOrBefore&#xD;
Navigation:  "           V                            "&#xD;
Source    :  "        1-- 1--    2-- 2---             "&#xD;
Expected  :  "        1-- N                           "&#xD;
Actual    :  "        1-- N                           "&#xD;
&#xD;
AtOrAfter&#xD;
Navigation:  "           V                            "&#xD;
Source    :  "        1-- 1--    2-- 2---             "&#xD;
Expected  :  "        P   1--    N                    "&#xD;
Actual    :  "        P   1--    N                    "&#xD;
&#xD;
After&#xD;
Navigation:  "           V                            "&#xD;
Source    :  "        1-- 1--    2-- 2---             "&#xD;
Expected  :  "        P   1--    N                    "&#xD;
Actual    :  "        P   1--    N                    "&#xD;
&#xD;
Before&#xD;
Navigation:  "              V                         "&#xD;
Source    :  "        1-- 1--    2-- 2---             "&#xD;
Expected  :  "        1-- N                           "&#xD;
Actual    :  "        1-- N                           "&#xD;
&#xD;
AtOrBefore&#xD;
Navigation:  "              V                         "&#xD;
Source    :  "        1-- 1--    2-- 2---             "&#xD;
Expected  :  "        P   1--    N                    "&#xD;
Actual    :  "        P   1--    N                    "&#xD;
&#xD;
AtOrAfter&#xD;
Navigation:  "              V                         "&#xD;
Source    :  "        1-- 1--    2-- 2---             "&#xD;
Expected  :  "        P   1--    N                    "&#xD;
Actual    :  "        P   1--    N                    "&#xD;
&#xD;
After&#xD;
Navigation:  "              V                         "&#xD;
Source    :  "        1-- 1--    2-- 2---             "&#xD;
Expected  :  "            P      2-- N                "&#xD;
Actual    :  "            P      2-- N                "&#xD;
&#xD;
Before&#xD;
Navigation:  "                          V             "&#xD;
Source    :  "        1-- 1--    2-- 2---             "&#xD;
Expected  :  "            P      2-- N                "&#xD;
Actual    :  "            P      2-- N                "&#xD;
&#xD;
AtOrBefore&#xD;
Navigation:  "                          V             "&#xD;
Source    :  "        1-- 1--    2-- 2---             "&#xD;
Expected  :  "                   P   2---             "&#xD;
Actual    :  "                   P   2---             "&#xD;
&#xD;
AtOrAfter&#xD;
Navigation:  "                          V             "&#xD;
Source    :  "        1-- 1--    2-- 2---             "&#xD;
Expected  :  "                   P   2---             "&#xD;
Actual    :  "                   P   2---             "&#xD;
&#xD;
After&#xD;
Navigation:  "                          V             "&#xD;
Source    :  "        1-- 1--    2-- 2---             "&#xD;
Unable to move&#xD;
&#xD;
Before&#xD;
Navigation:  "                                      V "&#xD;
Source    :  "        1-- 1--    2-- 2---             "&#xD;
Expected  :  "                   P   2---             "&#xD;
Actual    :  "                   P   2---             "&#xD;
&#xD;
AtOrBefore&#xD;
Navigation:  "                                      V "&#xD;
Source    :  "        1-- 1--    2-- 2---             "&#xD;
Expected  :  "                   P   2---             "&#xD;
Actual    :  "                   P   2---             "&#xD;
&#xD;
AtOrAfter&#xD;
Navigation:  "                                      V "&#xD;
Source    :  "        1-- 1--    2-- 2---             "&#xD;
Unable to move&#xD;
&#xD;
After&#xD;
Navigation:  "                                      V "&#xD;
Source    :  "        1-- 1--    2-- 2---             "&#xD;
Unable to move</StdOut>
      </Output>
    </UnitTestResult>
    <UnitTestResult executionId="646c7b76-14b4-46ac-9c2e-eff8db5bb27c" testId="0fa0b296-825d-51eb-b99d-20cf04cf2923" testName="RepairInfo_ParseRepairInfoXml_NotRepairXML_NotRepairing" computerName="DKSR-EFI-04" duration="00:00:00.0003505" startTime="2023-12-22T09:33:44.9750612+01:00" endTime="2023-12-22T09:33:44.9750612+01:00" testType="13cdc9d9-ddb5-4fa4-a97d-d965ccfc6d4b" outcome="Passed" testListId="8c84fa94-04c1-424b-9868-57a2d4851a1d" relativeResultsDirectory="646c7b76-14b4-46ac-9c2e-eff8db5bb27c" />
    <UnitTestResult executionId="4333e33d-76fe-42c8-9a75-807ed5c07bae" testId="925bd70a-d73a-acfc-ef5a-67d128bee0e3" testName="SOAPCommandRequestHandler_ExecuteFunction_HandleOutputGetState_Success_Deactivated" computerName="DKSR-EFI-04" duration="00:00:00.0014042" startTime="2023-12-22T09:33:30.5687390+01:00" endTime="2023-12-22T09:33:30.5687390+01:00" testType="13cdc9d9-ddb5-4fa4-a97d-d965ccfc6d4b" outcome="Passed" testListId="8c84fa94-04c1-424b-9868-57a2d4851a1d" relativeResultsDirectory="4333e33d-76fe-42c8-9a75-807ed5c07bae" />
    <UnitTestResult executionId="bcedcd72-ef59-498e-9267-df688bf827c8" testId="64d1fcf6-1816-7581-4aa9-1d502df8a159" testName="DeleteHardwareUserCommandHandler_Execute_HardwareNotEnabled_Errors" computerName="DKSR-EFI-04" duration="00:00:00.0007836" startTime="2023-12-22T09:33:45.9281952+01:00" endTime="2023-12-22T09:33:45.9281952+01:00" testType="13cdc9d9-ddb5-4fa4-a97d-d965ccfc6d4b" outcome="Passed" testListId="8c84fa94-04c1-424b-9868-57a2d4851a1d" relativeResultsDirectory="bcedcd72-ef59-498e-9267-df688bf827c8" />
    <UnitTestResult executionId="b27f07ee-3f28-400b-9139-a23f54de8248" testId="e20374bf-d2a7-0e47-aed0-8de3d57cd71b" testName="PingDeviceCommandHandler_Execute_NullArgs_Throws" computerName="DKSR-EFI-04" duration="00:00:00.0068947" startTime="2023-12-22T09:33:48.2563258+01:00" endTime="2023-12-22T09:33:48.2719521+01:00" testType="13cdc9d9-ddb5-4fa4-a97d-d965ccfc6d4b" outcome="Passed" testListId="8c84fa94-04c1-424b-9868-57a2d4851a1d" relativeResultsDirectory="b27f07ee-3f28-400b-9139-a23f54de8248">
      <Output>
        <StdOut>Debug Trace:&#xD;
Fail: Command/Command handler type mismatch&#xD;
Fail: Argument null.</StdOut>
      </Output>
    </UnitTestResult>
    <UnitTestResult executionId="1d5c6844-916b-4f62-9c4c-be4a9ac92954" testId="cee26123-49aa-6fac-4ae3-2815b6fb9ae4" testName="ConnectSuccess_Goto_NextWithoutTime" computerName="DKSR-EFI-04" duration="00:00:00.0029313" startTime="2023-12-22T09:33:27.6780990+01:00" endTime="2023-12-22T09:33:27.6780990+01:00" testType="13cdc9d9-ddb5-4fa4-a97d-d965ccfc6d4b" outcome="Passed" testListId="8c84fa94-04c1-424b-9868-57a2d4851a1d" relativeResultsDirectory="1d5c6844-916b-4f62-9c4c-be4a9ac92954" />
    <UnitTestResult executionId="8f0e5248-d0f2-490a-b479-53b9737ddbb0" testId="be0eb634-b279-9225-c95c-0378f64000ea" testName="PtzManager_OnManualSessionStart_Success" computerName="DKSR-EFI-04" duration="00:00:00.0016959" startTime="2023-12-22T09:33:51.8813436+01:00" endTime="2023-12-22T09:33:51.8813436+01:00" testType="13cdc9d9-ddb5-4fa4-a97d-d965ccfc6d4b" outcome="Passed" testListId="8c84fa94-04c1-424b-9868-57a2d4851a1d" relativeResultsDirectory="8f0e5248-d0f2-490a-b479-53b9737ddbb0" />
    <UnitTestResult executionId="d8d2ee25-8598-4e08-b4f2-2672976086f9" testId="c2bc2338-ba6c-6ec3-0f79-f9d4777b7cff" testName="Check_Supported_Versions" computerName="DKSR-EFI-04" duration="00:00:00.0001320" startTime="2023-12-22T09:33:29.7249838+01:00" endTime="2023-12-22T09:33:29.7249838+01:00" testType="13cdc9d9-ddb5-4fa4-a97d-d965ccfc6d4b" outcome="Passed" testListId="8c84fa94-04c1-424b-9868-57a2d4851a1d" relativeResultsDirectory="d8d2ee25-8598-4e08-b4f2-2672976086f9" />
    <UnitTestResult executionId="6e82afd7-3ced-4c5f-899a-28485be15eed" testId="0deed21f-fe9d-aba5-7fa5-ad0d36156ef0" testName="EvidenceLockOnOldRecorderCommandHandler_RecorderNotFullyStarted_FailResponse" computerName="DKSR-EFI-04" duration="00:00:00.0004551" startTime="2023-12-22T09:33:45.9750641+01:00" endTime="2023-12-22T09:33:45.9750641+01:00" testType="13cdc9d9-ddb5-4fa4-a97d-d965ccfc6d4b" outcome="Passed" testListId="8c84fa94-04c1-424b-9868-57a2d4851a1d" relativeResultsDirectory="6e82afd7-3ced-4c5f-899a-28485be15eed" />
    <UnitTestResult executionId="582224b9-9e15-43f0-88fd-3a38ab38d60b" testId="fcf15a82-da49-9157-48f3-b2714a89a09a" testName="PtzReleaseSessionCommandHandler_Execute_PtzException_InsufficientPermission" computerName="DKSR-EFI-04" duration="00:00:00.0004039" startTime="2023-12-22T09:33:50.3188376+01:00" endTime="2023-12-22T09:33:50.3188376+01:00" testType="13cdc9d9-ddb5-4fa4-a97d-d965ccfc6d4b" outcome="Passed" testListId="8c84fa94-04c1-424b-9868-57a2d4851a1d" relativeResultsDirectory="582224b9-9e15-43f0-88fd-3a38ab38d60b" />
    <UnitTestResult executionId="965c2002-d230-4234-80c7-32236446191f" testId="69b0a1eb-cc0a-0925-ce77-fdd05c6f8307" testName="DatabaseTaskCommandHandler_DatabaseArchiveOperationMonitor_SinglePass_NotFound" computerName="DKSR-EFI-04" duration="00:00:00.0197305" startTime="2023-12-22T09:33:45.7875664+01:00" endTime="2023-12-22T09:33:45.8031897+01:00" testType="13cdc9d9-ddb5-4fa4-a97d-d965ccfc6d4b" outcome="Passed" testListId="8c84fa94-04c1-424b-9868-57a2d4851a1d" relativeResultsDirectory="965c2002-d230-4234-80c7-32236446191f" />
    <UnitTestResult executionId="5c5ba10b-7ff6-45ea-845f-30d28dc0736a" testId="0e1ecbc3-3cb2-c334-5b60-0347f5b8c7b9" testName="MediaDbUtil_MultitrackNavigation_Scenario12" computerName="DKSR-EFI-04" duration="00:00:00.0793328" startTime="2023-12-22T09:33:28.8968565+01:00" endTime="2023-12-22T09:33:28.9749804+01:00" testType="13cdc9d9-ddb5-4fa4-a97d-d965ccfc6d4b" outcome="Passed" testListId="8c84fa94-04c1-424b-9868-57a2d4851a1d" relativeResultsDirectory="5c5ba10b-7ff6-45ea-845f-30d28dc0736a">
      <Output>
        <StdOut>TestContext Messages:&#xD;
Before&#xD;
Navigation:  " V                                            "&#xD;
Source    :  " 1 1 1 1 1 1 1 1 1 1 1 1 1 1 1 1 1 1 1 1 1 1 1"&#xD;
Unable to move&#xD;
&#xD;
AtOrBefore&#xD;
Navigation:  " V                                            "&#xD;
Source    :  " 1 1 1 1 1 1 1 1 1 1 1 1 1 1 1 1 1 1 1 1 1 1 1"&#xD;
Expected  :  " 1 N                                          "&#xD;
Actual    :  " 1 N                                          "&#xD;
&#xD;
AtOrAfter&#xD;
Navigation:  " V                                            "&#xD;
Source    :  " 1 1 1 1 1 1 1 1 1 1 1 1 1 1 1 1 1 1 1 1 1 1 1"&#xD;
Expected  :  " 1 N                                          "&#xD;
Actual    :  " 1 N                                          "&#xD;
&#xD;
After&#xD;
Navigation:  " V                                            "&#xD;
Source    :  " 1 1 1 1 1 1 1 1 1 1 1 1 1 1 1 1 1 1 1 1 1 1 1"&#xD;
Expected  :  " P 1 N                                        "&#xD;
Actual    :  " P 1 N                                        "&#xD;
&#xD;
Before&#xD;
Navigation:  "           V                                  "&#xD;
Source    :  " 1 1 1 1 1 1 1 1 1 1 1 1 1 1 1 1 1 1 1 1 1 1 1"&#xD;
Expected  :  "       P 1 N                                  "&#xD;
Actual    :  "       P 1 N                                  "&#xD;
&#xD;
AtOrBefore&#xD;
Navigation:  "           V                                  "&#xD;
Source    :  " 1 1 1 1 1 1 1 1 1 1 1 1 1 1 1 1 1 1 1 1 1 1 1"&#xD;
Expected  :  "         P 1 N                                "&#xD;
Actual    :  "         P 1 N                                "&#xD;
&#xD;
AtOrAfter&#xD;
Navigation:  "           V                                  "&#xD;
Source    :  " 1 1 1 1 1 1 1 1 1 1 1 1 1 1 1 1 1 1 1 1 1 1 1"&#xD;
Expected  :  "         P 1 N                                "&#xD;
Actual    :  "         P 1 N                                "&#xD;
&#xD;
After&#xD;
Navigation:  "           V                                  "&#xD;
Source    :  " 1 1 1 1 1 1 1 1 1 1 1 1 1 1 1 1 1 1 1 1 1 1 1"&#xD;
Expected  :  "           P 1 N                              "&#xD;
Actual    :  "           P 1 N                              "&#xD;
&#xD;
Before&#xD;
Navigation:  "              V                               "&#xD;
Source    :  " 1 1 1 1 1 1 1 1 1 1 1 1 1 1 1 1 1 1 1 1 1 1 1"&#xD;
Expected  :  "           P 1 N                              "&#xD;
Actual    :  "           P 1 N                              "&#xD;
&#xD;
AtOrBefore&#xD;
Navigation:  "              V                               "&#xD;
Source    :  " 1 1 1 1 1 1 1 1 1 1 1 1 1 1 1 1 1 1 1 1 1 1 1"&#xD;
Expected  :  "           P 1 N                              "&#xD;
Actual    :  "           P 1 N                              "&#xD;
&#xD;
AtOrAfter&#xD;
Navigation:  "              V                               "&#xD;
Source    :  " 1 1 1 1 1 1 1 1 1 1 1 1 1 1 1 1 1 1 1 1 1 1 1"&#xD;
Expected  :  "             P 1 N                            "&#xD;
Actual    :  "             P 1 N                            "&#xD;
&#xD;
After&#xD;
Navigation:  "              V                               "&#xD;
Source    :  " 1 1 1 1 1 1 1 1 1 1 1 1 1 1 1 1 1 1 1 1 1 1 1"&#xD;
Expected  :  "             P 1 N                            "&#xD;
Actual    :  "             P 1 N                            "&#xD;
&#xD;
Before&#xD;
Navigation:  "                 V                            "&#xD;
Source    :  " 1 1 1 1 1 1 1 1 1 1 1 1 1 1 1 1 1 1 1 1 1 1 1"&#xD;
Expected  :  "             P 1 N                            "&#xD;
Actual    :  "             P 1 N                            "&#xD;
&#xD;
AtOrBefore&#xD;
Navigation:  "                 V                            "&#xD;
Source    :  " 1 1 1 1 1 1 1 1 1 1 1 1 1 1 1 1 1 1 1 1 1 1 1"&#xD;
Expected  :  "               P 1 N                          "&#xD;
Actual    :  "               P 1 N                          "&#xD;
&#xD;
AtOrAfter&#xD;
Navigation:  "                 V                            "&#xD;
Source    :  " 1 1 1 1 1 1 1 1 1 1 1 1 1 1 1 1 1 1 1 1 1 1 1"&#xD;
Expected  :  "               P 1 N                          "&#xD;
Actual    :  "               P 1 N                          "&#xD;
&#xD;
After&#xD;
Navigation:  "                 V                            "&#xD;
Source    :  " 1 1 1 1 1 1 1 1 1 1 1 1 1 1 1 1 1 1 1 1 1 1 1"&#xD;
Expected  :  "                 P 1 N                        "&#xD;
Actual    :  "                 P 1 N                        "&#xD;
&#xD;
Before&#xD;
Navigation:  "                  V                           "&#xD;
Source    :  " 1 1 1 1 1 1 1 1 1 1 1 1 1 1 1 1 1 1 1 1 1 1 1"&#xD;
Expected  :  "               P 1 N                          "&#xD;
Actual    :  "               P 1 N                          "&#xD;
&#xD;
AtOrBefore&#xD;
Navigation:  "                  V                           "&#xD;
Source    :  " 1 1 1 1 1 1 1 1 1 1 1 1 1 1 1 1 1 1 1 1 1 1 1"&#xD;
Expected  :  "               P 1 N                          "&#xD;
Actual    :  "               P 1 N                          "&#xD;
&#xD;
AtOrAfter&#xD;
Navigation:  "                  V                           "&#xD;
Source    :  " 1 1 1 1 1 1 1 1 1 1 1 1 1 1 1 1 1 1 1 1 1 1 1"&#xD;
Expected  :  "                 P 1 N                        "&#xD;
Actual    :  "                 P 1 N                        "&#xD;
&#xD;
After&#xD;
Navigation:  "                  V                           "&#xD;
Source    :  " 1 1 1 1 1 1 1 1 1 1 1 1 1 1 1 1 1 1 1 1 1 1 1"&#xD;
Expected  :  "                 P 1 N                        "&#xD;
Actual    :  "                 P 1 N                        "&#xD;
&#xD;
Before&#xD;
Navigation:  "                   V                          "&#xD;
Source    :  " 1 1 1 1 1 1 1 1 1 1 1 1 1 1 1 1 1 1 1 1 1 1 1"&#xD;
Expected  :  "               P 1 N                          "&#xD;
Actual    :  "               P 1 N                          "&#xD;
&#xD;
AtOrBefore&#xD;
Navigation:  "                   V                          "&#xD;
Source    :  " 1 1 1 1 1 1 1 1 1 1 1 1 1 1 1 1 1 1 1 1 1 1 1"&#xD;
Expected  :  "                 P 1 N                        "&#xD;
Actual    :  "                 P 1 N                        "&#xD;
&#xD;
AtOrAfter&#xD;
Navigation:  "                   V                          "&#xD;
Source    :  " 1 1 1 1 1 1 1 1 1 1 1 1 1 1 1 1 1 1 1 1 1 1 1"&#xD;
Expected  :  "                 P 1 N                        "&#xD;
Actual    :  "                 P 1 N                        "&#xD;
&#xD;
After&#xD;
Navigation:  "                   V                          "&#xD;
Source    :  " 1 1 1 1 1 1 1 1 1 1 1 1 1 1 1 1 1 1 1 1 1 1 1"&#xD;
Expected  :  "                   P 1 N                      "&#xD;
Actual    :  "                   P 1 N                      "&#xD;
&#xD;
Before&#xD;
Navigation:  "                          V                   "&#xD;
Source    :  " 1 1 1 1 1 1 1 1 1 1 1 1 1 1 1 1 1 1 1 1 1 1 1"&#xD;
Expected  :  "                       P 1 N                  "&#xD;
Actual    :  "                       P 1 N                  "&#xD;
&#xD;
AtOrBefore&#xD;
Navigation:  "                          V                   "&#xD;
Source    :  " 1 1 1 1 1 1 1 1 1 1 1 1 1 1 1 1 1 1 1 1 1 1 1"&#xD;
Expected  :  "                       P 1 N                  "&#xD;
Actual    :  "                       P 1 N                  "&#xD;
&#xD;
AtOrAfter&#xD;
Navigation:  "                          V                   "&#xD;
Source    :  " 1 1 1 1 1 1 1 1 1 1 1 1 1 1 1 1 1 1 1 1 1 1 1"&#xD;
Expected  :  "                         P 1 N                "&#xD;
Actual    :  "                         P 1 N                "&#xD;
&#xD;
After&#xD;
Navigation:  "                          V                   "&#xD;
Source    :  " 1 1 1 1 1 1 1 1 1 1 1 1 1 1 1 1 1 1 1 1 1 1 1"&#xD;
Expected  :  "                         P 1 N                "&#xD;
Actual    :  "                         P 1 N                "&#xD;
&#xD;
Before&#xD;
Navigation:  "                               V              "&#xD;
Source    :  " 1 1 1 1 1 1 1 1 1 1 1 1 1 1 1 1 1 1 1 1 1 1 1"&#xD;
Expected  :  "                           P 1 N              "&#xD;
Actual    :  "                           P 1 N              "&#xD;
&#xD;
AtOrBefore&#xD;
Navigation:  "                               V              "&#xD;
Source    :  " 1 1 1 1 1 1 1 1 1 1 1 1 1 1 1 1 1 1 1 1 1 1 1"&#xD;
Expected  :  "                             P 1 N            "&#xD;
Actual    :  "                             P 1 N            "&#xD;
&#xD;
AtOrAfter&#xD;
Navigation:  "                               V              "&#xD;
Source    :  " 1 1 1 1 1 1 1 1 1 1 1 1 1 1 1 1 1 1 1 1 1 1 1"&#xD;
Expected  :  "                             P 1 N            "&#xD;
Actual    :  "                             P 1 N            "&#xD;
&#xD;
After&#xD;
Navigation:  "                               V              "&#xD;
Source    :  " 1 1 1 1 1 1 1 1 1 1 1 1 1 1 1 1 1 1 1 1 1 1 1"&#xD;
Expected  :  "                               P 1 N          "&#xD;
Actual    :  "                               P 1 N          "&#xD;
&#xD;
Before&#xD;
Navigation:  "                                      V       "&#xD;
Source    :  " 1 1 1 1 1 1 1 1 1 1 1 1 1 1 1 1 1 1 1 1 1 1 1"&#xD;
Expected  :  "                                   P 1 N      "&#xD;
Actual    :  "                                   P 1 N      "&#xD;
&#xD;
AtOrBefore&#xD;
Navigation:  "                                      V       "&#xD;
Source    :  " 1 1 1 1 1 1 1 1 1 1 1 1 1 1 1 1 1 1 1 1 1 1 1"&#xD;
Expected  :  "                                   P 1 N      "&#xD;
Actual    :  "                                   P 1 N      "&#xD;
&#xD;
AtOrAfter&#xD;
Navigation:  "                                      V       "&#xD;
Source    :  " 1 1 1 1 1 1 1 1 1 1 1 1 1 1 1 1 1 1 1 1 1 1 1"&#xD;
Expected  :  "                                     P 1 N    "&#xD;
Actual    :  "                                     P 1 N    "&#xD;
&#xD;
After&#xD;
Navigation:  "                                      V       "&#xD;
Source    :  " 1 1 1 1 1 1 1 1 1 1 1 1 1 1 1 1 1 1 1 1 1 1 1"&#xD;
Expected  :  "                                     P 1 N    "&#xD;
Actual    :  "                                     P 1 N    "&#xD;
&#xD;
Before&#xD;
Navigation:  "                                            V "&#xD;
Source    :  " 1 1 1 1 1 1 1 1 1 1 1 1 1 1 1 1 1 1 1 1 1 1 1"&#xD;
Expected  :  "                                         P 1 N"&#xD;
Actual    :  "                                         P 1 N"&#xD;
&#xD;
AtOrBefore&#xD;
Navigation:  "                                            V "&#xD;
Source    :  " 1 1 1 1 1 1 1 1 1 1 1 1 1 1 1 1 1 1 1 1 1 1 1"&#xD;
Expected  :  "                                         P 1 N"&#xD;
Actual    :  "                                         P 1 N"&#xD;
&#xD;
AtOrAfter&#xD;
Navigation:  "                                            V "&#xD;
Source    :  " 1 1 1 1 1 1 1 1 1 1 1 1 1 1 1 1 1 1 1 1 1 1 1"&#xD;
Expected  :  "                                           P 1"&#xD;
Actual    :  "                                           P 1"&#xD;
&#xD;
After&#xD;
Navigation:  "                                            V "&#xD;
Source    :  " 1 1 1 1 1 1 1 1 1 1 1 1 1 1 1 1 1 1 1 1 1 1 1"&#xD;
Expected  :  "                                           P 1"&#xD;
Actual    :  "                                           P 1"&#xD;
&#xD;
Before&#xD;
Navigation:  " V                                            "&#xD;
Source    :  " 1 1 1 1 1 1 1 1 1 2 2 2 2 2 2 2 2 2 2 2 2 2 2"&#xD;
Unable to move&#xD;
&#xD;
AtOrBefore&#xD;
Navigation:  " V                                            "&#xD;
Source    :  " 1 1 1 1 1 1 1 1 1 2 2 2 2 2 2 2 2 2 2 2 2 2 2"&#xD;
Expected  :  " 1 N                                          "&#xD;
Actual    :  " 1 N                                          "&#xD;
&#xD;
AtOrAfter&#xD;
Navigation:  " V                                            "&#xD;
Source    :  " 1 1 1 1 1 1 1 1 1 2 2 2 2 2 2 2 2 2 2 2 2 2 2"&#xD;
Expected  :  " 1 N                                          "&#xD;
Actual    :  " 1 N                                          "&#xD;
&#xD;
After&#xD;
Navigation:  " V                                            "&#xD;
Source    :  " 1 1 1 1 1 1 1 1 1 2 2 2 2 2 2 2 2 2 2 2 2 2 2"&#xD;
Expected  :  " P 1 N                                        "&#xD;
Actual    :  " P 1 N                                        "&#xD;
&#xD;
Before&#xD;
Navigation:  "           V                                  "&#xD;
Source    :  " 1 1 1 1 1 1 1 1 1 2 2 2 2 2 2 2 2 2 2 2 2 2 2"&#xD;
Expected  :  "       P 1 N                                  "&#xD;
Actual    :  "       P 1 N                                  "&#xD;
&#xD;
AtOrBefore&#xD;
Navigation:  "           V                                  "&#xD;
Source    :  " 1 1 1 1 1 1 1 1 1 2 2 2 2 2 2 2 2 2 2 2 2 2 2"&#xD;
Expected  :  "         P 1 N                                "&#xD;
Actual    :  "         P 1 N                                "&#xD;
&#xD;
AtOrAfter&#xD;
Navigation:  "           V                                  "&#xD;
Source    :  " 1 1 1 1 1 1 1 1 1 2 2 2 2 2 2 2 2 2 2 2 2 2 2"&#xD;
Expected  :  "         P 1 N                                "&#xD;
Actual    :  "         P 1 N                                "&#xD;
&#xD;
After&#xD;
Navigation:  "           V                                  "&#xD;
Source    :  " 1 1 1 1 1 1 1 1 1 2 2 2 2 2 2 2 2 2 2 2 2 2 2"&#xD;
Expected  :  "           P 1 N                              "&#xD;
Actual    :  "           P 1 N                              "&#xD;
&#xD;
Before&#xD;
Navigation:  "              V                               "&#xD;
Source    :  " 1 1 1 1 1 1 1 1 1 2 2 2 2 2 2 2 2 2 2 2 2 2 2"&#xD;
Expected  :  "           P 1 N                              "&#xD;
Actual    :  "           P 1 N                              "&#xD;
&#xD;
AtOrBefore&#xD;
Navigation:  "              V                               "&#xD;
Source    :  " 1 1 1 1 1 1 1 1 1 2 2 2 2 2 2 2 2 2 2 2 2 2 2"&#xD;
Expected  :  "           P 1 N                              "&#xD;
Actual    :  "           P 1 N                              "&#xD;
&#xD;
AtOrAfter&#xD;
Navigation:  "              V                               "&#xD;
Source    :  " 1 1 1 1 1 1 1 1 1 2 2 2 2 2 2 2 2 2 2 2 2 2 2"&#xD;
Expected  :  "             P 1 N                            "&#xD;
Actual    :  "             P 1 N                            "&#xD;
&#xD;
After&#xD;
Navigation:  "              V                               "&#xD;
Source    :  " 1 1 1 1 1 1 1 1 1 2 2 2 2 2 2 2 2 2 2 2 2 2 2"&#xD;
Expected  :  "             P 1 N                            "&#xD;
Actual    :  "             P 1 N                            "&#xD;
&#xD;
Before&#xD;
Navigation:  "                 V                            "&#xD;
Source    :  " 1 1 1 1 1 1 1 1 1 2 2 2 2 2 2 2 2 2 2 2 2 2 2"&#xD;
Expected  :  "             P 1 N                            "&#xD;
Actual    :  "             P 1 N                            "&#xD;
&#xD;
AtOrBefore&#xD;
Navigation:  "                 V                            "&#xD;
Source    :  " 1 1 1 1 1 1 1 1 1 2 2 2 2 2 2 2 2 2 2 2 2 2 2"&#xD;
Expected  :  "               P 1 N                          "&#xD;
Actual    :  "               P 1 N                          "&#xD;
&#xD;
AtOrAfter&#xD;
Navigation:  "                 V                            "&#xD;
Source    :  " 1 1 1 1 1 1 1 1 1 2 2 2 2 2 2 2 2 2 2 2 2 2 2"&#xD;
Expected  :  "               P 1 N                          "&#xD;
Actual    :  "               P 1 N                          "&#xD;
&#xD;
After&#xD;
Navigation:  "                 V                            "&#xD;
Source    :  " 1 1 1 1 1 1 1 1 1 2 2 2 2 2 2 2 2 2 2 2 2 2 2"&#xD;
Expected  :  "                 P 2 N                        "&#xD;
Actual    :  "                 P 2 N                        "&#xD;
&#xD;
Before&#xD;
Navigation:  "                  V                           "&#xD;
Source    :  " 1 1 1 1 1 1 1 1 1 2 2 2 2 2 2 2 2 2 2 2 2 2 2"&#xD;
Expected  :  "               P 1 N                          "&#xD;
Actual    :  "               P 1 N                          "&#xD;
&#xD;
AtOrBefore&#xD;
Navigation:  "                  V                           "&#xD;
Source    :  " 1 1 1 1 1 1 1 1 1 2 2 2 2 2 2 2 2 2 2 2 2 2 2"&#xD;
Expected  :  "               P 1 N                          "&#xD;
Actual    :  "               P 1 N                          "&#xD;
&#xD;
AtOrAfter&#xD;
Navigation:  "                  V                           "&#xD;
Source    :  " 1 1 1 1 1 1 1 1 1 2 2 2 2 2 2 2 2 2 2 2 2 2 2"&#xD;
Expected  :  "                 P 2 N                        "&#xD;
Actual    :  "                 P 2 N                        "&#xD;
&#xD;
After&#xD;
Navigation:  "                  V                           "&#xD;
Source    :  " 1 1 1 1 1 1 1 1 1 2 2 2 2 2 2 2 2 2 2 2 2 2 2"&#xD;
Expected  :  "                 P 2 N                        "&#xD;
Actual    :  "                 P 2 N                        "&#xD;
&#xD;
Before&#xD;
Navigation:  "                   V                          "&#xD;
Source    :  " 1 1 1 1 1 1 1 1 1 2 2 2 2 2 2 2 2 2 2 2 2 2 2"&#xD;
Expected  :  "               P 1 N                          "&#xD;
Actual    :  "               P 1 N                          "&#xD;
&#xD;
AtOrBefore&#xD;
Navigation:  "                   V                          "&#xD;
Source    :  " 1 1 1 1 1 1 1 1 1 2 2 2 2 2 2 2 2 2 2 2 2 2 2"&#xD;
Expected  :  "                 P 2 N                        "&#xD;
Actual    :  "                 P 2 N                        "&#xD;
&#xD;
AtOrAfter&#xD;
Navigation:  "                   V                          "&#xD;
Source    :  " 1 1 1 1 1 1 1 1 1 2 2 2 2 2 2 2 2 2 2 2 2 2 2"&#xD;
Expected  :  "                 P 2 N                        "&#xD;
Actual    :  "                 P 2 N                        "&#xD;
&#xD;
After&#xD;
Navigation:  "                   V                          "&#xD;
Source    :  " 1 1 1 1 1 1 1 1 1 2 2 2 2 2 2 2 2 2 2 2 2 2 2"&#xD;
Expected  :  "                   P 2 N                      "&#xD;
Actual    :  "                   P 2 N                      "&#xD;
&#xD;
Before&#xD;
Navigation:  "                          V                   "&#xD;
Source    :  " 1 1 1 1 1 1 1 1 1 2 2 2 2 2 2 2 2 2 2 2 2 2 2"&#xD;
Expected  :  "                       P 2 N                  "&#xD;
Actual    :  "                       P 2 N                  "&#xD;
&#xD;
AtOrBefore&#xD;
Navigation:  "                          V                   "&#xD;
Source    :  " 1 1 1 1 1 1 1 1 1 2 2 2 2 2 2 2 2 2 2 2 2 2 2"&#xD;
Expected  :  "                       P 2 N                  "&#xD;
Actual    :  "                       P 2 N                  "&#xD;
&#xD;
AtOrAfter&#xD;
Navigation:  "                          V                   "&#xD;
Source    :  " 1 1 1 1 1 1 1 1 1 2 2 2 2 2 2 2 2 2 2 2 2 2 2"&#xD;
Expected  :  "                         P 2 N                "&#xD;
Actual    :  "                         P 2 N                "&#xD;
&#xD;
After&#xD;
Navigation:  "                          V                   "&#xD;
Source    :  " 1 1 1 1 1 1 1 1 1 2 2 2 2 2 2 2 2 2 2 2 2 2 2"&#xD;
Expected  :  "                         P 2 N                "&#xD;
Actual    :  "                         P 2 N                "&#xD;
&#xD;
Before&#xD;
Navigation:  "                               V              "&#xD;
Source    :  " 1 1 1 1 1 1 1 1 1 2 2 2 2 2 2 2 2 2 2 2 2 2 2"&#xD;
Expected  :  "                           P 2 N              "&#xD;
Actual    :  "                           P 2 N              "&#xD;
&#xD;
AtOrBefore&#xD;
Navigation:  "                               V              "&#xD;
Source    :  " 1 1 1 1 1 1 1 1 1 2 2 2 2 2 2 2 2 2 2 2 2 2 2"&#xD;
Expected  :  "                             P 2 N            "&#xD;
Actual    :  "                             P 2 N            "&#xD;
&#xD;
AtOrAfter&#xD;
Navigation:  "                               V              "&#xD;
Source    :  " 1 1 1 1 1 1 1 1 1 2 2 2 2 2 2 2 2 2 2 2 2 2 2"&#xD;
Expected  :  "                             P 2 N            "&#xD;
Actual    :  "                             P 2 N            "&#xD;
&#xD;
After&#xD;
Navigation:  "                               V              "&#xD;
Source    :  " 1 1 1 1 1 1 1 1 1 2 2 2 2 2 2 2 2 2 2 2 2 2 2"&#xD;
Expected  :  "                               P 2 N          "&#xD;
Actual    :  "                               P 2 N          "&#xD;
&#xD;
Before&#xD;
Navigation:  "                                      V       "&#xD;
Source    :  " 1 1 1 1 1 1 1 1 1 2 2 2 2 2 2 2 2 2 2 2 2 2 2"&#xD;
Expected  :  "                                   P 2 N      "&#xD;
Actual    :  "                                   P 2 N      "&#xD;
&#xD;
AtOrBefore&#xD;
Navigation:  "                                      V       "&#xD;
Source    :  " 1 1 1 1 1 1 1 1 1 2 2 2 2 2 2 2 2 2 2 2 2 2 2"&#xD;
Expected  :  "                                   P 2 N      "&#xD;
Actual    :  "                                   P 2 N      "&#xD;
&#xD;
AtOrAfter&#xD;
Navigation:  "                                      V       "&#xD;
Source    :  " 1 1 1 1 1 1 1 1 1 2 2 2 2 2 2 2 2 2 2 2 2 2 2"&#xD;
Expected  :  "                                     P 2 N    "&#xD;
Actual    :  "                                     P 2 N    "&#xD;
&#xD;
After&#xD;
Navigation:  "                                      V       "&#xD;
Source    :  " 1 1 1 1 1 1 1 1 1 2 2 2 2 2 2 2 2 2 2 2 2 2 2"&#xD;
Expected  :  "                                     P 2 N    "&#xD;
Actual    :  "                                     P 2 N    "&#xD;
&#xD;
Before&#xD;
Navigation:  "                                            V "&#xD;
Source    :  " 1 1 1 1 1 1 1 1 1 2 2 2 2 2 2 2 2 2 2 2 2 2 2"&#xD;
Expected  :  "                                         P 2 N"&#xD;
Actual    :  "                                         P 2 N"&#xD;
&#xD;
AtOrBefore&#xD;
Navigation:  "                                            V "&#xD;
Source    :  " 1 1 1 1 1 1 1 1 1 2 2 2 2 2 2 2 2 2 2 2 2 2 2"&#xD;
Expected  :  "                                         P 2 N"&#xD;
Actual    :  "                                         P 2 N"&#xD;
&#xD;
AtOrAfter&#xD;
Navigation:  "                                            V "&#xD;
Source    :  " 1 1 1 1 1 1 1 1 1 2 2 2 2 2 2 2 2 2 2 2 2 2 2"&#xD;
Expected  :  "                                           P 2"&#xD;
Actual    :  "                                           P 2"&#xD;
&#xD;
After&#xD;
Navigation:  "                                            V "&#xD;
Source    :  " 1 1 1 1 1 1 1 1 1 2 2 2 2 2 2 2 2 2 2 2 2 2 2"&#xD;
Expected  :  "                                           P 2"&#xD;
Actual    :  "                                           P 2"</StdOut>
      </Output>
    </UnitTestResult>
    <UnitTestResult executionId="7dbedbfe-8e0b-429e-a7e5-d70d773dfd4c" testId="e081e107-ad63-5f08-6c9c-789101f1b674" testName="FileUploadCommandHandler_Execute_NullOrIncorrectArgs_Throw" computerName="DKSR-EFI-04" duration="00:00:00.0083817" startTime="2023-12-22T09:33:46.0688152+01:00" endTime="2023-12-22T09:33:46.0688152+01:00" testType="13cdc9d9-ddb5-4fa4-a97d-d965ccfc6d4b" outcome="Passed" testListId="8c84fa94-04c1-424b-9868-57a2d4851a1d" relativeResultsDirectory="7dbedbfe-8e0b-429e-a7e5-d70d773dfd4c">
      <Output>
        <StdOut>Debug Trace:&#xD;
Fail: Command/Command handler type mismatch&#xD;
Fail: Command/Command handler type mismatch&#xD;
Fail: Argument null.</StdOut>
      </Output>
    </UnitTestResult>
    <UnitTestResult executionId="9c3ae0a7-5cb1-4dec-aac7-b1853496f0a3" testId="e0fb9a6b-01f1-3864-c35f-18601f8da5ad" testName="Start_WithIncompatibleServer_LogsTheMessage" computerName="DKSR-EFI-04" duration="00:00:00.2866727" startTime="2023-12-22T09:33:23.6780817+01:00" endTime="2023-12-22T09:33:23.9593322+01:00" testType="13cdc9d9-ddb5-4fa4-a97d-d965ccfc6d4b" outcome="Passed" testListId="8c84fa94-04c1-424b-9868-57a2d4851a1d" relativeResultsDirectory="9c3ae0a7-5cb1-4dec-aac7-b1853496f0a3" />
    <UnitTestResult executionId="9dc87cea-161e-40de-99c5-864a853c7216" testId="2c3b6d43-914d-89f9-d968-9dc41500934d" testName="SOAPCommandRequestHandler_ExecuteFunction_HandleMulticastStop_Success" computerName="DKSR-EFI-04" duration="00:00:00.0027171" startTime="2023-12-22T09:33:30.2718637+01:00" endTime="2023-12-22T09:33:30.2718637+01:00" testType="13cdc9d9-ddb5-4fa4-a97d-d965ccfc6d4b" outcome="Passed" testListId="8c84fa94-04c1-424b-9868-57a2d4851a1d" relativeResultsDirectory="9dc87cea-161e-40de-99c5-864a853c7216" />
    <UnitTestResult executionId="cdb6d405-6b6f-4ccd-8fe3-4df1c38162c1" testId="40deb7ff-fb1f-6dc1-4bf4-d75d301bc388" testName="SOAPCommandRequestHandler_ExecuteFunction_HandlePTZGetSessionInfo_Success" computerName="DKSR-EFI-04" duration="00:00:00.0090857" startTime="2023-12-22T09:33:30.8968672+01:00" endTime="2023-12-22T09:33:30.9124904+01:00" testType="13cdc9d9-ddb5-4fa4-a97d-d965ccfc6d4b" outcome="Passed" testListId="8c84fa94-04c1-424b-9868-57a2d4851a1d" relativeResultsDirectory="cdb6d405-6b6f-4ccd-8fe3-4df1c38162c1" />
    <UnitTestResult executionId="042343cd-d480-431f-a024-9f2c3fcc8c55" testId="0425d33d-d313-8cac-6e0d-c9f04bddf17e" testName="Transform_To_Version_1_Success" computerName="DKSR-EFI-04" duration="00:00:00.0406431" startTime="2023-12-22T09:33:29.6624852+01:00" endTime="2023-12-22T09:33:29.6937344+01:00" testType="13cdc9d9-ddb5-4fa4-a97d-d965ccfc6d4b" outcome="Passed" testListId="8c84fa94-04c1-424b-9868-57a2d4851a1d" relativeResultsDirectory="042343cd-d480-431f-a024-9f2c3fcc8c55" />
    <UnitTestResult executionId="9b8629d6-8259-4977-98b8-e30fca483dfd" testId="cbbcca8f-5271-ca8f-3c1b-e04f325bdc3a" testName="SOAPCommandRequestHandler_ExecuteFunction_HandleOutputActivate_Success" computerName="DKSR-EFI-04" duration="00:00:00.0050296" startTime="2023-12-22T09:33:30.5374880+01:00" endTime="2023-12-22T09:33:30.5531147+01:00" testType="13cdc9d9-ddb5-4fa4-a97d-d965ccfc6d4b" outcome="Passed" testListId="8c84fa94-04c1-424b-9868-57a2d4851a1d" relativeResultsDirectory="9b8629d6-8259-4977-98b8-e30fca483dfd" />
    <UnitTestResult executionId="b6799263-941f-4795-91ec-e75b81b5a979" testId="ed6a8ebe-05df-d8e5-8165-942c8c8d649e" testName="TestStatistics5Sec" computerName="DKSR-EFI-04" duration="00:00:00.0015844" startTime="2023-12-22T09:33:33.5375029+01:00" endTime="2023-12-22T09:33:33.5375029+01:00" testType="13cdc9d9-ddb5-4fa4-a97d-d965ccfc6d4b" outcome="Passed" testListId="8c84fa94-04c1-424b-9868-57a2d4851a1d" relativeResultsDirectory="b6799263-941f-4795-91ec-e75b81b5a979" />
    <UnitTestResult executionId="2ac019b3-7a50-4506-9b3e-9ae636924de8" testId="ff8394a5-3fa7-aa82-b857-5a2b03a436fa" testName="GetSettingAsInt32_Success" computerName="DKSR-EFI-04" duration="00:00:00.0002075" startTime="2023-12-22T09:33:33.8500058+01:00" endTime="2023-12-22T09:33:33.8500058+01:00" testType="13cdc9d9-ddb5-4fa4-a97d-d965ccfc6d4b" outcome="Passed" testListId="8c84fa94-04c1-424b-9868-57a2d4851a1d" relativeResultsDirectory="2ac019b3-7a50-4506-9b3e-9ae636924de8" />
    <UnitTestResult executionId="466a640e-ac15-4ae0-b9cd-12086634f9d7" testId="53bbb306-80cf-c04b-03aa-34af40311de5" testName="ConnectSuccess_FrameBrowseLayer_Prev" computerName="DKSR-EFI-04" duration="00:00:00.0080470" startTime="2023-12-22T09:33:27.8968513+01:00" endTime="2023-12-22T09:33:27.8968513+01:00" testType="13cdc9d9-ddb5-4fa4-a97d-d965ccfc6d4b" outcome="Passed" testListId="8c84fa94-04c1-424b-9868-57a2d4851a1d" relativeResultsDirectory="466a640e-ac15-4ae0-b9cd-12086634f9d7" />
    <UnitTestResult executionId="9a6126d5-5ce1-40e3-b178-1a8df0ea3c90" testId="8a388acf-f7fd-de6d-2f58-08233d5e329e" testName="IsInRange_ShouldReturnTrue_WhenAddressIsBetweenStartAndEndMaxRange" computerName="DKSR-EFI-04" duration="00:00:00.0001489" startTime="2023-12-22T09:33:44.3031837+01:00" endTime="2023-12-22T09:33:44.3031837+01:00" testType="13cdc9d9-ddb5-4fa4-a97d-d965ccfc6d4b" outcome="Passed" testListId="8c84fa94-04c1-424b-9868-57a2d4851a1d" relativeResultsDirectory="9a6126d5-5ce1-40e3-b178-1a8df0ea3c90" />
    <UnitTestResult executionId="ca59776c-fcb5-4543-bf96-02926f8fe565" testId="2f005d6d-6581-5add-cbe5-a21932b65de9" testName="PtzManager_CenterAndZoomToRectangle_Success" computerName="DKSR-EFI-04" duration="00:00:00.0010715" startTime="2023-12-22T09:33:52.0688456+01:00" endTime="2023-12-22T09:33:52.0688456+01:00" testType="13cdc9d9-ddb5-4fa4-a97d-d965ccfc6d4b" outcome="Passed" testListId="8c84fa94-04c1-424b-9868-57a2d4851a1d" relativeResultsDirectory="ca59776c-fcb5-4543-bf96-02926f8fe565" />
    <UnitTestResult executionId="afd3c84a-0c7a-473f-8cd9-4a02f5c51b49" testId="9f055cc4-e575-fd12-de79-f6a729207849" testName="PtzReserveSessionCommandHandler_No_SecurityToken" computerName="DKSR-EFI-04" duration="00:00:00.0007947" startTime="2023-12-22T09:33:50.3969612+01:00" endTime="2023-12-22T09:33:50.3969612+01:00" testType="13cdc9d9-ddb5-4fa4-a97d-d965ccfc6d4b" outcome="Passed" testListId="8c84fa94-04c1-424b-9868-57a2d4851a1d" relativeResultsDirectory="afd3c84a-0c7a-473f-8cd9-4a02f5c51b49" />
    <UnitTestResult executionId="218cff2b-c619-45e4-bc97-f7bccf9b3152" testId="b8fe7c92-8c17-e5ef-3b8a-907bb082536b" testName="PtzManager_CenterOnPositionInView_NoResolution" computerName="DKSR-EFI-04" duration="00:00:00.0017006" startTime="2023-12-22T09:33:52.0375966+01:00" endTime="2023-12-22T09:33:52.0375966+01:00" testType="13cdc9d9-ddb5-4fa4-a97d-d965ccfc6d4b" outcome="Passed" testListId="8c84fa94-04c1-424b-9868-57a2d4851a1d" relativeResultsDirectory="218cff2b-c619-45e4-bc97-f7bccf9b3152" />
    <UnitTestResult executionId="165bf703-18a3-4975-a485-440fb1cf88f9" testId="ac2f0cd3-1613-01c4-f809-9254f5ae3457" testName="PtzManager_OnDeviceStarted_Success" computerName="DKSR-EFI-04" duration="00:00:00.0027156" startTime="2023-12-22T09:33:51.9594694+01:00" endTime="2023-12-22T09:33:51.9594694+01:00" testType="13cdc9d9-ddb5-4fa4-a97d-d965ccfc6d4b" outcome="Passed" testListId="8c84fa94-04c1-424b-9868-57a2d4851a1d" relativeResultsDirectory="165bf703-18a3-4975-a485-440fb1cf88f9" />
    <UnitTestResult executionId="814171d5-c77e-4639-9470-157dac74cd44" testId="61bd2a93-8cfd-2596-ac4e-6755cde8791e" testName="RecStorage_Startup_NotAllowStart_KeepFailing_Failure_Retry" computerName="DKSR-EFI-04" duration="00:00:00.0017802" startTime="2023-12-22T09:33:32.6625006+01:00" endTime="2023-12-22T09:33:32.6625006+01:00" testType="13cdc9d9-ddb5-4fa4-a97d-d965ccfc6d4b" outcome="Passed" testListId="8c84fa94-04c1-424b-9868-57a2d4851a1d" relativeResultsDirectory="814171d5-c77e-4639-9470-157dac74cd44" />
    <UnitTestResult executionId="cb66b2ac-29ca-4bc6-96fd-cc7f0c6cb7de" testId="a10dfdfa-1693-7f2d-5dcd-e1b851bdafbf" testName="MediaDbCache_GetDiskUsageInformationBank_Timeout" computerName="DKSR-EFI-04" duration="00:00:00.0630247" startTime="2023-12-22T09:33:44.6156834+01:00" endTime="2023-12-22T09:33:44.6781843+01:00" testType="13cdc9d9-ddb5-4fa4-a97d-d965ccfc6d4b" outcome="Passed" testListId="8c84fa94-04c1-424b-9868-57a2d4851a1d" relativeResultsDirectory="cb66b2ac-29ca-4bc6-96fd-cc7f0c6cb7de" />
    <UnitTestResult executionId="6630ce5f-dd89-46b5-8314-17e5cf43ce06" testId="0310679b-97d1-3985-df48-7100e36612f8" testName="PtzManager_CenterOnPositionInView_Success" computerName="DKSR-EFI-04" duration="00:00:00.0009847" startTime="2023-12-22T09:33:52.0375966+01:00" endTime="2023-12-22T09:33:52.0375966+01:00" testType="13cdc9d9-ddb5-4fa4-a97d-d965ccfc6d4b" outcome="Passed" testListId="8c84fa94-04c1-424b-9868-57a2d4851a1d" relativeResultsDirectory="6630ce5f-dd89-46b5-8314-17e5cf43ce06" />
    <UnitTestResult executionId="4e547704-32a2-4db1-bedc-6480bc0e2b62" testId="68ec20e4-a52b-416a-af79-b921d11ca318" testName="PtzManager_PtzReserveSession_NoController" computerName="DKSR-EFI-04" duration="00:00:00.0014901" startTime="2023-12-22T09:33:52.1000945+01:00" endTime="2023-12-22T09:33:52.1000945+01:00" testType="13cdc9d9-ddb5-4fa4-a97d-d965ccfc6d4b" outcome="Passed" testListId="8c84fa94-04c1-424b-9868-57a2d4851a1d" relativeResultsDirectory="4e547704-32a2-4db1-bedc-6480bc0e2b62" />
    <UnitTestResult executionId="b662547b-27b7-48b8-a730-f260b5ada327" testId="0996da3d-5125-1586-6301-d0ce39bfc9f0" testName="EdgeStorageLimitsCheckBandwidthWithLimitExceededMaxWait" computerName="DKSR-EFI-04" duration="00:00:00.0006891" startTime="2023-12-22T09:33:34.0531290+01:00" endTime="2023-12-22T09:33:34.0531290+01:00" testType="13cdc9d9-ddb5-4fa4-a97d-d965ccfc6d4b" outcome="Passed" testListId="8c84fa94-04c1-424b-9868-57a2d4851a1d" relativeResultsDirectory="b662547b-27b7-48b8-a730-f260b5ada327" />
    <UnitTestResult executionId="fd3272e6-8699-4e30-aa15-06a53addd59c" testId="9867f707-d2cd-5e0b-65b7-7abbd2d8a3f8" testName="CreateSettingsForInitializeHardwareAndDeviceSettings_WithInitAttributes_Return_Settings" computerName="DKSR-EFI-04" duration="00:00:00.0375490" startTime="2023-12-22T09:33:21.8811980+01:00" endTime="2023-12-22T09:33:21.9124477+01:00" testType="13cdc9d9-ddb5-4fa4-a97d-d965ccfc6d4b" outcome="Passed" testListId="8c84fa94-04c1-424b-9868-57a2d4851a1d" relativeResultsDirectory="fd3272e6-8699-4e30-aa15-06a53addd59c" />
    <UnitTestResult executionId="1df20bf9-4a7e-47e4-86b0-55755c4e2c36" testId="6e95ef38-6c10-c578-d203-7b7ac687fd95" testName="CheckForLiveAndOrphanTables_TablesMatches" computerName="DKSR-EFI-04" duration="00:00:00.0034254" startTime="2023-12-22T09:33:32.7718741+01:00" endTime="2023-12-22T09:33:32.7718741+01:00" testType="13cdc9d9-ddb5-4fa4-a97d-d965ccfc6d4b" outcome="Passed" testListId="8c84fa94-04c1-424b-9868-57a2d4851a1d" relativeResultsDirectory="1df20bf9-4a7e-47e4-86b0-55755c4e2c36" />
    <UnitTestResult executionId="2dee1e3d-582e-43ba-8a54-50ac23cbf8b2" testId="aad384e0-fb1c-a4db-5b18-8de78999ea17" testName="TimeRangeConversionOverlappingRanges" computerName="DKSR-EFI-04" duration="00:00:00.0007250" startTime="2023-12-22T09:33:44.3813087+01:00" endTime="2023-12-22T09:33:44.3813087+01:00" testType="13cdc9d9-ddb5-4fa4-a97d-d965ccfc6d4b" outcome="Passed" testListId="8c84fa94-04c1-424b-9868-57a2d4851a1d" relativeResultsDirectory="2dee1e3d-582e-43ba-8a54-50ac23cbf8b2" />
    <UnitTestResult executionId="77d21ef6-a8b2-4e84-ad19-06e22548126b" testId="cc562d4c-f488-fdcb-813b-048d832aad4a" testName="YieldsTheSameResultSlow" computerName="DKSR-EFI-04" duration="00:00:00.2733931" startTime="2023-12-22T09:33:31.2718686+01:00" endTime="2023-12-22T09:33:31.5374953+01:00" testType="13cdc9d9-ddb5-4fa4-a97d-d965ccfc6d4b" outcome="Passed" testListId="8c84fa94-04c1-424b-9868-57a2d4851a1d" relativeResultsDirectory="77d21ef6-a8b2-4e84-ad19-06e22548126b" />
    <UnitTestResult executionId="4ec7ec35-03ca-4f97-9892-e270e1155019" testId="344bc6e5-9c19-c772-75f8-eddf1b52a4c1" testName="PingDeviceCommandHandler_Execute_Timeout" computerName="DKSR-EFI-04" duration="00:00:00.6265057" startTime="2023-12-22T09:33:48.3032006+01:00" endTime="2023-12-22T09:33:48.9282050+01:00" testType="13cdc9d9-ddb5-4fa4-a97d-d965ccfc6d4b" outcome="Passed" testListId="8c84fa94-04c1-424b-9868-57a2d4851a1d" relativeResultsDirectory="4ec7ec35-03ca-4f97-9892-e270e1155019" />
    <UnitTestResult executionId="93c98524-c9d2-4b24-a244-dc2655697255" testId="1ae0ac54-8e7d-1642-efab-7c10333bbd4b" testName="SOAPCommandRequestHandler_ExecuteFunction_HandleTimeLineInformationGet_TimeLineInformationCount_LessEqual0" computerName="DKSR-EFI-04" duration="00:00:00.0009329" startTime="2023-12-22T09:33:30.1468630+01:00" endTime="2023-12-22T09:33:30.1468630+01:00" testType="13cdc9d9-ddb5-4fa4-a97d-d965ccfc6d4b" outcome="Passed" testListId="8c84fa94-04c1-424b-9868-57a2d4851a1d" relativeResultsDirectory="93c98524-c9d2-4b24-a244-dc2655697255" />
    <UnitTestResult executionId="70ba7fdc-d1d3-4920-9246-3ad92cf01eab" testId="e821b0ad-fab3-7a95-fead-f5d4e3ae6201" testName="PtzStopSessionCommandHandler_Execute_No_Security_Token" computerName="DKSR-EFI-04" duration="00:00:00.0009998" startTime="2023-12-22T09:33:50.4750904+01:00" endTime="2023-12-22T09:33:50.4750904+01:00" testType="13cdc9d9-ddb5-4fa4-a97d-d965ccfc6d4b" outcome="Passed" testListId="8c84fa94-04c1-424b-9868-57a2d4851a1d" relativeResultsDirectory="70ba7fdc-d1d3-4920-9246-3ad92cf01eab" />
    <UnitTestResult executionId="c2c93b5e-a914-41a2-aaec-a317f025a8c4" testId="432d8e11-fcbb-90fc-2203-e7463fa01fff" testName="SOAPCommandRequestHandler_ExecuteFunction_HandleSmartSearchStart_SearchMaskWidthLargerThan64" computerName="DKSR-EFI-04" duration="00:00:00.0012516" startTime="2023-12-22T09:33:30.0687371+01:00" endTime="2023-12-22T09:33:30.0687371+01:00" testType="13cdc9d9-ddb5-4fa4-a97d-d965ccfc6d4b" outcome="Passed" testListId="8c84fa94-04c1-424b-9868-57a2d4851a1d" relativeResultsDirectory="c2c93b5e-a914-41a2-aaec-a317f025a8c4" />
    <UnitTestResult executionId="7799126e-c3df-486e-b742-6dfa1354d89b" testId="98d60fd5-f979-b04f-813a-5b4f58bff6a4" testName="SOAPCommandRequestHandler_ExecuteFunction_HandleSmartSearchCancel_Success" computerName="DKSR-EFI-04" duration="00:00:00.0023494" startTime="2023-12-22T09:33:29.9441400+01:00" endTime="2023-12-22T09:33:29.9441400+01:00" testType="13cdc9d9-ddb5-4fa4-a97d-d965ccfc6d4b" outcome="Passed" testListId="8c84fa94-04c1-424b-9868-57a2d4851a1d" relativeResultsDirectory="7799126e-c3df-486e-b742-6dfa1354d89b" />
    <UnitTestResult executionId="b0635441-93a9-41f5-9c24-0165d9e11ad5" testId="8c3be9b6-c14d-d356-a4eb-3109d2249f51" testName="SOAPCommandRequestHandler_ExecuteFunction_HandlePTZRectangle_Right_Not_Double" computerName="DKSR-EFI-04" duration="00:00:00.0008585" startTime="2023-12-22T09:33:30.8031154+01:00" endTime="2023-12-22T09:33:30.8031154+01:00" testType="13cdc9d9-ddb5-4fa4-a97d-d965ccfc6d4b" outcome="Passed" testListId="8c84fa94-04c1-424b-9868-57a2d4851a1d" relativeResultsDirectory="b0635441-93a9-41f5-9c24-0165d9e11ad5" />
    <UnitTestResult executionId="a0c7d0d0-36e7-4a95-8bd0-26dc0a6ab56d" testId="a390271f-9fc7-9f66-ea21-97ddf81114c3" testName="SOAPCommandRequestHandler_ExecuteFunction_HandleMulticastContinue_InvalidSessionId" computerName="DKSR-EFI-04" duration="00:00:00.0022673" startTime="2023-12-22T09:33:30.2562366+01:00" endTime="2023-12-22T09:33:30.2562366+01:00" testType="13cdc9d9-ddb5-4fa4-a97d-d965ccfc6d4b" outcome="Passed" testListId="8c84fa94-04c1-424b-9868-57a2d4851a1d" relativeResultsDirectory="a0c7d0d0-36e7-4a95-8bd0-26dc0a6ab56d" />
    <UnitTestResult executionId="da9a8bda-7836-4408-8627-2c6980cb2fe8" testId="e4995e1a-9d2e-9c42-addf-addf83d7781e" testName="SOAPCommandRequestHandler_GetClientCapabilities_PrivacyMask_Child_Of_ClientCapabilities_Section_Is_Not_Parsable" computerName="DKSR-EFI-04" duration="00:00:00.0007537" startTime="2023-12-22T09:33:30.1937377+01:00" endTime="2023-12-22T09:33:30.1937377+01:00" testType="13cdc9d9-ddb5-4fa4-a97d-d965ccfc6d4b" outcome="Passed" testListId="8c84fa94-04c1-424b-9868-57a2d4851a1d" relativeResultsDirectory="da9a8bda-7836-4408-8627-2c6980cb2fe8" />
    <UnitTestResult executionId="dfa89d71-86e3-48c1-8636-167fc8f3b253" testId="7e1b0d30-c3a4-f2dd-4592-e2d561a942fc" testName="HardwareSetupInformationCommandHandler_Execute_NoDuplicate_WithoutAAC_Success" computerName="DKSR-EFI-04" duration="00:00:00.0568269" startTime="2023-12-22T09:33:48.1156997+01:00" endTime="2023-12-22T09:33:48.1625795+01:00" testType="13cdc9d9-ddb5-4fa4-a97d-d965ccfc6d4b" outcome="Passed" testListId="8c84fa94-04c1-424b-9868-57a2d4851a1d" relativeResultsDirectory="dfa89d71-86e3-48c1-8636-167fc8f3b253" />
    <UnitTestResult executionId="318588cf-3210-4d12-acd4-31e3236100e3" testId="c4df3de5-f8fd-2494-5f7d-fc0b843fc0ca" testName="PtzPatrollingSessionBase_Stop_Success" computerName="DKSR-EFI-04" duration="00:00:00.0012572" startTime="2023-12-22T09:33:52.3032217+01:00" endTime="2023-12-22T09:33:52.3032217+01:00" testType="13cdc9d9-ddb5-4fa4-a97d-d965ccfc6d4b" outcome="Passed" testListId="8c84fa94-04c1-424b-9868-57a2d4851a1d" relativeResultsDirectory="318588cf-3210-4d12-acd4-31e3236100e3">
      <Output>
        <StdOut>Debug Trace:&#xD;
VideoOS.Recorder.PtzPatrollingSession session started&#xD;
VideoOS.Recorder.PtzPatrollingSession session stopped</StdOut>
      </Output>
    </UnitTestResult>
    <UnitTestResult executionId="caa5be8f-d0b9-44dd-acec-64c01909853c" testId="cb6aabb9-fda3-6c9d-398a-3678f99ee609" testName="ConnectSuccess_Goto_PrevWithoutTime" computerName="DKSR-EFI-04" duration="00:00:00.0030877" startTime="2023-12-22T09:33:27.7093502+01:00" endTime="2023-12-22T09:33:27.7249757+01:00" testType="13cdc9d9-ddb5-4fa4-a97d-d965ccfc6d4b" outcome="Passed" testListId="8c84fa94-04c1-424b-9868-57a2d4851a1d" relativeResultsDirectory="caa5be8f-d0b9-44dd-acec-64c01909853c" />
    <UnitTestResult executionId="e3d7f9a5-2b76-439a-bc82-d0286dd7d834" testId="e26a4203-5001-22a5-7812-e9bd56c9227f" testName="MediaDbCache_GetListFileSystemDiskUsage_Zero_Seconds_Timeout_Nothing_Cached" computerName="DKSR-EFI-04" duration="00:00:00.0016873" startTime="2023-12-22T09:33:44.8031840+01:00" endTime="2023-12-22T09:33:44.8031840+01:00" testType="13cdc9d9-ddb5-4fa4-a97d-d965ccfc6d4b" outcome="Passed" testListId="8c84fa94-04c1-424b-9868-57a2d4851a1d" relativeResultsDirectory="e3d7f9a5-2b76-439a-bc82-d0286dd7d834" />
    <UnitTestResult executionId="1c2a34e6-fdd4-49af-b761-98fd3d188929" testId="f00a593d-e744-223c-d3b7-b9b8532b294d" testName="HardwareSetupInformationCommandHandler_Execute_NoDuplicate_WithAAC_Success" computerName="DKSR-EFI-04" duration="00:00:00.1246228" startTime="2023-12-22T09:33:47.9907005+01:00" endTime="2023-12-22T09:33:48.1156997+01:00" testType="13cdc9d9-ddb5-4fa4-a97d-d965ccfc6d4b" outcome="Passed" testListId="8c84fa94-04c1-424b-9868-57a2d4851a1d" relativeResultsDirectory="1c2a34e6-fdd4-49af-b761-98fd3d188929" />
    <UnitTestResult executionId="34565e01-f4fc-4377-915f-9d1465898676" testId="c9721db4-263a-a42c-b864-143ef056e3dc" testName="GetDatabaseInfo_ArchiveStorageFound_ArchiveHintTrue" computerName="DKSR-EFI-04" duration="00:00:00.0001838" startTime="2023-12-22T09:33:23.1468295+01:00" endTime="2023-12-22T09:33:23.1468295+01:00" testType="13cdc9d9-ddb5-4fa4-a97d-d965ccfc6d4b" outcome="Passed" testListId="8c84fa94-04c1-424b-9868-57a2d4851a1d" relativeResultsDirectory="34565e01-f4fc-4377-915f-9d1465898676" />
    <UnitTestResult executionId="0d1ba378-5897-43c4-bf2f-31df464c5f1d" testId="995ee61d-cf31-f76d-10a8-999e574d493d" testName="SOAPCommandRequestHandler_ExecuteFunction_HandlePTZMoveAbsolute_No_Security" computerName="DKSR-EFI-04" duration="00:00:00.0032814" startTime="2023-12-22T09:33:30.6781169+01:00" endTime="2023-12-22T09:33:30.6781169+01:00" testType="13cdc9d9-ddb5-4fa4-a97d-d965ccfc6d4b" outcome="Passed" testListId="8c84fa94-04c1-424b-9868-57a2d4851a1d" relativeResultsDirectory="0d1ba378-5897-43c4-bf2f-31df464c5f1d" />
    <UnitTestResult executionId="c0aec942-53ba-4810-9ff0-d009f8a87ba9" testId="57cc1aeb-9d58-94a8-7948-9932f23c8c13" testName="PtzReleaseSessionCommandHandler_Execute_Device_Not_Found" computerName="DKSR-EFI-04" duration="00:00:00.0008659" startTime="2023-12-22T09:33:50.2875851+01:00" endTime="2023-12-22T09:33:50.2875851+01:00" testType="13cdc9d9-ddb5-4fa4-a97d-d965ccfc6d4b" outcome="Passed" testListId="8c84fa94-04c1-424b-9868-57a2d4851a1d" relativeResultsDirectory="c0aec942-53ba-4810-9ff0-d009f8a87ba9" />
    <UnitTestResult executionId="e2a3dbbf-f61f-46db-b8b4-4ffbf9858fd5" testId="46c2585f-49fc-0c24-0d9d-89eb0961236e" testName="GetStatistics_Framerate_JPEG_100_Percent" computerName="DKSR-EFI-04" duration="00:00:00.0008179" startTime="2023-12-22T09:33:33.5062558+01:00" endTime="2023-12-22T09:33:33.5062558+01:00" testType="13cdc9d9-ddb5-4fa4-a97d-d965ccfc6d4b" outcome="Passed" testListId="8c84fa94-04c1-424b-9868-57a2d4851a1d" relativeResultsDirectory="e2a3dbbf-f61f-46db-b8b4-4ffbf9858fd5" />
    <UnitTestResult executionId="2f0be526-082f-4f93-b5c8-918da15d8494" testId="b83e952d-9f82-33ae-92bb-4cfc0c2f69f0" testName="ConnectSuccess_OldPrivacyMaskFormat" computerName="DKSR-EFI-04" duration="00:00:00.0042631" startTime="2023-12-22T09:33:27.4437247+01:00" endTime="2023-12-22T09:33:27.4437247+01:00" testType="13cdc9d9-ddb5-4fa4-a97d-d965ccfc6d4b" outcome="Passed" testListId="8c84fa94-04c1-424b-9868-57a2d4851a1d" relativeResultsDirectory="2f0be526-082f-4f93-b5c8-918da15d8494" />
    <UnitTestResult executionId="a0cc3176-d0cf-4977-bf82-0f64e512a206" testId="927f5256-3f6f-80ab-f573-926e12bc02e4" testName="LicenseManager_FeatureExists_AxisOneClick_Success" computerName="DKSR-EFI-04" duration="00:00:00.0010602" startTime="2023-12-22T09:33:33.9281314+01:00" endTime="2023-12-22T09:33:33.9281314+01:00" testType="13cdc9d9-ddb5-4fa4-a97d-d965ccfc6d4b" outcome="Passed" testListId="8c84fa94-04c1-424b-9868-57a2d4851a1d" relativeResultsDirectory="a0cc3176-d0cf-4977-bf82-0f64e512a206" />
    <UnitTestResult executionId="4b2831b4-9e35-43a1-b925-94861451e947" testId="41f8fd8b-1fd0-8f0c-2ac2-c1c1c693194e" testName="ConnectSuccess_Goto_Denied" computerName="DKSR-EFI-04" duration="00:00:00.0049945" startTime="2023-12-22T09:33:27.5999781+01:00" endTime="2023-12-22T09:33:27.6156005+01:00" testType="13cdc9d9-ddb5-4fa4-a97d-d965ccfc6d4b" outcome="Passed" testListId="8c84fa94-04c1-424b-9868-57a2d4851a1d" relativeResultsDirectory="4b2831b4-9e35-43a1-b925-94861451e947" />
    <UnitTestResult executionId="1550eded-fd42-4e02-9ef2-bad9397efa4f" testId="996aca1a-e8f5-5f14-2be0-84e55ef4e3cd" testName="ExecuteRuleActions_PostCommandIsNull_BadRequestResult" computerName="DKSR-EFI-04" duration="00:00:00.0017075" startTime="2023-12-22T09:33:24.6155847+01:00" endTime="2023-12-22T09:33:24.6155847+01:00" testType="13cdc9d9-ddb5-4fa4-a97d-d965ccfc6d4b" outcome="Passed" testListId="8c84fa94-04c1-424b-9868-57a2d4851a1d" relativeResultsDirectory="1550eded-fd42-4e02-9ef2-bad9397efa4f" />
    <UnitTestResult executionId="6990d0f7-f2e7-484c-a4d9-ad9c5b8bc24a" testId="a58da31c-d6ed-4b36-a7ea-f71bea4cb061" testName="CollectMediaStatusCommandHandler_OutOfMemoryException" computerName="DKSR-EFI-04" duration="00:00:00.0009262" startTime="2023-12-22T09:33:45.4750629+01:00" endTime="2023-12-22T09:33:45.4750629+01:00" testType="13cdc9d9-ddb5-4fa4-a97d-d965ccfc6d4b" outcome="Passed" testListId="8c84fa94-04c1-424b-9868-57a2d4851a1d" relativeResultsDirectory="6990d0f7-f2e7-484c-a4d9-ad9c5b8bc24a" />
    <UnitTestResult executionId="3a72b56a-7356-421e-83a0-d2986f1e6da1" testId="37723956-86e6-61c6-7a9b-c8c4a514efc9" testName="GoIntoOverflowOnFrames" computerName="DKSR-EFI-04" duration="00:00:00.0010463" startTime="2023-12-22T09:33:33.4750032+01:00" endTime="2023-12-22T09:33:33.4750032+01:00" testType="13cdc9d9-ddb5-4fa4-a97d-d965ccfc6d4b" outcome="Passed" testListId="8c84fa94-04c1-424b-9868-57a2d4851a1d" relativeResultsDirectory="3a72b56a-7356-421e-83a0-d2986f1e6da1" />
    <UnitTestResult executionId="f989e67d-2e0b-4656-9555-6bbc5c6f33b9" testId="2f1c412f-01ed-a9b4-385c-f0b57f911a2c" testName="ConnectSuccess_FrameBrowseLayer_Next" computerName="DKSR-EFI-04" duration="00:00:00.0083152" startTime="2023-12-22T09:33:27.8812263+01:00" endTime="2023-12-22T09:33:27.8968513+01:00" testType="13cdc9d9-ddb5-4fa4-a97d-d965ccfc6d4b" outcome="Passed" testListId="8c84fa94-04c1-424b-9868-57a2d4851a1d" relativeResultsDirectory="f989e67d-2e0b-4656-9555-6bbc5c6f33b9" />
    <UnitTestResult executionId="e173d20e-a18e-4c0f-b212-af77c01caa55" testId="f5856662-c343-fb5f-dbb4-28b8dff69aff" testName="PtzManualSession_Start_AlreadyRunning" computerName="DKSR-EFI-04" duration="00:00:00.0006615" startTime="2023-12-22T09:33:52.2407203+01:00" endTime="2023-12-22T09:33:52.2407203+01:00" testType="13cdc9d9-ddb5-4fa4-a97d-d965ccfc6d4b" outcome="Passed" testListId="8c84fa94-04c1-424b-9868-57a2d4851a1d" relativeResultsDirectory="e173d20e-a18e-4c0f-b212-af77c01caa55">
      <Output>
        <StdOut>Debug Trace:&#xD;
VideoOS.Recorder.PtzManualSession session started&#xD;
PTZ ManualSession START(), priority = 2147483647, Identity = \</StdOut>
      </Output>
    </UnitTestResult>
    <UnitTestResult executionId="482c863c-ed93-4300-abd2-db613e73950b" testId="2186a4a8-dd5a-64b1-6125-6bc3f0007449" testName="DeleteHardwareUserCommandHandler_Execute_HardwareNotStarted_Errors" computerName="DKSR-EFI-04" duration="00:00:00.0008898" startTime="2023-12-22T09:33:45.9281952+01:00" endTime="2023-12-22T09:33:45.9281952+01:00" testType="13cdc9d9-ddb5-4fa4-a97d-d965ccfc6d4b" outcome="Passed" testListId="8c84fa94-04c1-424b-9868-57a2d4851a1d" relativeResultsDirectory="482c863c-ed93-4300-abd2-db613e73950b" />
    <UnitTestResult executionId="5f4b9442-2b06-4cb6-a223-d91b18bba992" testId="cc88493d-338f-1106-ac48-ab181894dc27" testName="Start_EstablishesConnection_ReturnsAttachStateAttached" computerName="DKSR-EFI-04" duration="00:00:00.0012997" startTime="2023-12-22T09:33:24.0062079+01:00" endTime="2023-12-22T09:33:24.0218324+01:00" testType="13cdc9d9-ddb5-4fa4-a97d-d965ccfc6d4b" outcome="Passed" testListId="8c84fa94-04c1-424b-9868-57a2d4851a1d" relativeResultsDirectory="5f4b9442-2b06-4cb6-a223-d91b18bba992" />
    <UnitTestResult executionId="4cf91d85-68ea-488c-a2d5-d1ca6ac4ad99" testId="5c61ff5c-238c-d02c-d5b3-5af0c28df32d" testName="PtzStopSessionCommandHandler_Execute_PtzException_Other" computerName="DKSR-EFI-04" duration="00:00:00.0004762" startTime="2023-12-22T09:33:50.5063372+01:00" endTime="2023-12-22T09:33:50.5063372+01:00" testType="13cdc9d9-ddb5-4fa4-a97d-d965ccfc6d4b" outcome="Passed" testListId="8c84fa94-04c1-424b-9868-57a2d4851a1d" relativeResultsDirectory="4cf91d85-68ea-488c-a2d5-d1ca6ac4ad99" />
    <UnitTestResult executionId="05326bf3-3758-45ce-90c2-6d4a82ab1af0" testId="962ad370-2719-b2eb-b557-7133a1071704" testName="SOAPCommandRequestHandler_ExecuteFunction_HandleSmartSearchStart_NoSensitivity" computerName="DKSR-EFI-04" duration="00:00:00.0010693" startTime="2023-12-22T09:33:30.0062383+01:00" endTime="2023-12-22T09:33:30.0062383+01:00" testType="13cdc9d9-ddb5-4fa4-a97d-d965ccfc6d4b" outcome="Passed" testListId="8c84fa94-04c1-424b-9868-57a2d4851a1d" relativeResultsDirectory="05326bf3-3758-45ce-90c2-6d4a82ab1af0" />
    <UnitTestResult executionId="6f982dba-fd2e-43cf-a868-34d34d43cc16" testId="6be252e4-ef90-c13b-c5f7-680d11ef5b73" testName="ConnectSuccessSimple_Metadata" computerName="DKSR-EFI-04" duration="00:00:00.0018005" startTime="2023-12-22T09:33:27.4437247+01:00" endTime="2023-12-22T09:33:27.4437247+01:00" testType="13cdc9d9-ddb5-4fa4-a97d-d965ccfc6d4b" outcome="Passed" testListId="8c84fa94-04c1-424b-9868-57a2d4851a1d" relativeResultsDirectory="6f982dba-fd2e-43cf-a868-34d34d43cc16" />
    <UnitTestResult executionId="fc6c1ae8-e24b-4fff-bcc8-97ad1689496d" testId="7ba891e1-f5eb-63d5-7af3-2ab067b2d9d6" testName="SetupInitialHardwareUserCommandHandler_Execute_NullOrIncorrectArgs_Throw" computerName="DKSR-EFI-04" duration="00:00:00.0076025" startTime="2023-12-22T09:33:50.9594643+01:00" endTime="2023-12-22T09:33:50.9750876+01:00" testType="13cdc9d9-ddb5-4fa4-a97d-d965ccfc6d4b" outcome="Passed" testListId="8c84fa94-04c1-424b-9868-57a2d4851a1d" relativeResultsDirectory="fc6c1ae8-e24b-4fff-bcc8-97ad1689496d">
      <Output>
        <StdOut>Debug Trace:&#xD;
Fail: Command/Command handler type mismatch&#xD;
Fail: Command/Command handler type mismatch&#xD;
Fail: Argument null.</StdOut>
      </Output>
    </UnitTestResult>
    <UnitTestResult executionId="31c7a727-4bfa-43f5-a853-e39194bcd7aa" testId="d02a24a4-8095-9c45-f2f5-2950f96b0de8" testName="SearchingForwardNoOverlapsLiveThorrow" computerName="DKSR-EFI-04" duration="00:00:00.0019095" startTime="2023-12-22T09:33:33.4281278+01:00" endTime="2023-12-22T09:33:33.4281278+01:00" testType="13cdc9d9-ddb5-4fa4-a97d-d965ccfc6d4b" outcome="Passed" testListId="8c84fa94-04c1-424b-9868-57a2d4851a1d" relativeResultsDirectory="31c7a727-4bfa-43f5-a853-e39194bcd7aa" />
    <UnitTestResult executionId="2283da56-fd3a-4a9a-812d-b943ca316f02" testId="b044120d-41b9-7ebe-4823-a30189c35ed3" testName="AudioPlayerOnSpeaker_PlayUsingCurrentThread_3_Devices_All_Failing" computerName="DKSR-EFI-04" duration="00:00:00.0008232" startTime="2023-12-22T09:33:52.5532226+01:00" endTime="2023-12-22T09:33:52.5532226+01:00" testType="13cdc9d9-ddb5-4fa4-a97d-d965ccfc6d4b" outcome="Passed" testListId="8c84fa94-04c1-424b-9868-57a2d4851a1d" relativeResultsDirectory="2283da56-fd3a-4a9a-812d-b943ca316f02" />
    <UnitTestResult executionId="ff11a281-0478-4fce-a0d7-40b3528dc519" testId="a9041abb-6544-b2ae-80ca-adbdbda94a5e" testName="FailoverMediaMover_MoveMediaDataHere_Existing_Devices_Moved" computerName="DKSR-EFI-04" duration="00:00:00.0947477" startTime="2023-12-22T09:33:22.8188173+01:00" endTime="2023-12-22T09:33:22.9280792+01:00" testType="13cdc9d9-ddb5-4fa4-a97d-d965ccfc6d4b" outcome="Passed" testListId="8c84fa94-04c1-424b-9868-57a2d4851a1d" relativeResultsDirectory="ff11a281-0478-4fce-a0d7-40b3528dc519" />
    <UnitTestResult executionId="a2eb5d54-176b-449f-8c3a-c5f736d698c7" testId="18eb9110-9414-c4d5-5992-2f524497773e" testName="CheckExternalRecorderRegistrationCommandHandler_Execute_Address_Empty_Throws" computerName="DKSR-EFI-04" duration="00:00:00.0021079" startTime="2023-12-22T09:33:45.2875609+01:00" endTime="2023-12-22T09:33:45.2875609+01:00" testType="13cdc9d9-ddb5-4fa4-a97d-d965ccfc6d4b" outcome="Passed" testListId="8c84fa94-04c1-424b-9868-57a2d4851a1d" relativeResultsDirectory="a2eb5d54-176b-449f-8c3a-c5f736d698c7">
      <Output>
        <StdOut>Debug Trace:&#xD;
Fail: External recorder address cannot be empty.</StdOut>
      </Output>
    </UnitTestResult>
    <UnitTestResult executionId="89f59d3c-88df-4763-8785-36792626bc08" testId="882daa66-33c5-8dc3-1eb4-65400498dc59" testName="GetRecorderTasks_InternalStateStartedWithIncompatibleServer_ReturnsEmptyArray" computerName="DKSR-EFI-04" duration="00:00:00.0021014" startTime="2023-12-22T09:33:24.0687084+01:00" endTime="2023-12-22T09:33:24.0687084+01:00" testType="13cdc9d9-ddb5-4fa4-a97d-d965ccfc6d4b" outcome="Passed" testListId="8c84fa94-04c1-424b-9868-57a2d4851a1d" relativeResultsDirectory="89f59d3c-88df-4763-8785-36792626bc08" />
    <UnitTestResult executionId="a2e16aee-6613-47ba-b387-0cc9548c89c9" testId="17ec7308-7d04-3094-3253-22c15f28cc54" testName="Dispose_HandlesExceptionsFromTask_OnExceptionThrown" computerName="DKSR-EFI-04" duration="00:00:00.0573879" startTime="2023-12-22T09:33:33.2562542+01:00" endTime="2023-12-22T09:33:33.3031294+01:00" testType="13cdc9d9-ddb5-4fa4-a97d-d965ccfc6d4b" outcome="Passed" testListId="8c84fa94-04c1-424b-9868-57a2d4851a1d" relativeResultsDirectory="a2e16aee-6613-47ba-b387-0cc9548c89c9" />
    <UnitTestResult executionId="7e1ede31-cd96-4e9c-8f1c-9468d2c35ed9" testId="76cad13e-0f94-4302-bc65-6fe3c2606f4a" testName="PtzReleaseSessionCommandHandler_Execute_DriverPtzException" computerName="DKSR-EFI-04" duration="00:00:00.0005750" startTime="2023-12-22T09:33:50.3032110+01:00" endTime="2023-12-22T09:33:50.3032110+01:00" testType="13cdc9d9-ddb5-4fa4-a97d-d965ccfc6d4b" outcome="Passed" testListId="8c84fa94-04c1-424b-9868-57a2d4851a1d" relativeResultsDirectory="7e1ede31-cd96-4e9c-8f1c-9468d2c35ed9" />
    <UnitTestResult executionId="d562baf1-684c-4465-b7d3-7b345825726f" testId="b17917a2-3100-fce1-c2c8-8639b1483d4b" testName="AddHardwareUserCommandHandler_Execute_AddUser_ThrowsUserHandlingTooManyUsers_Errors" computerName="DKSR-EFI-04" duration="00:00:00.0008661" startTime="2023-12-22T09:33:45.0688113+01:00" endTime="2023-12-22T09:33:45.0688113+01:00" testType="13cdc9d9-ddb5-4fa4-a97d-d965ccfc6d4b" outcome="Passed" testListId="8c84fa94-04c1-424b-9868-57a2d4851a1d" relativeResultsDirectory="d562baf1-684c-4465-b7d3-7b345825726f" />
    <UnitTestResult executionId="2d0c698d-dbe3-41a0-92fb-c9153049e8c0" testId="2c35873b-704c-0451-50eb-601e0fe103d9" testName="CollectMediaStatusCommandHandler_Recorder_IsStopping2" computerName="DKSR-EFI-04" duration="00:00:00.0049327" startTime="2023-12-22T09:33:45.4281876+01:00" endTime="2023-12-22T09:33:45.4281876+01:00" testType="13cdc9d9-ddb5-4fa4-a97d-d965ccfc6d4b" outcome="Passed" testListId="8c84fa94-04c1-424b-9868-57a2d4851a1d" relativeResultsDirectory="2d0c698d-dbe3-41a0-92fb-c9153049e8c0" />
    <UnitTestResult executionId="b3009633-7f4d-4759-bd8f-0364af85de16" testId="593f7deb-3803-9943-f8c6-baa1f4f08056" testName="CheckUsingStorageTask_Run_Only_Once" computerName="DKSR-EFI-04" duration="00:00:00.0943333" startTime="2023-12-22T09:33:33.1625059+01:00" endTime="2023-12-22T09:33:33.2562542+01:00" testType="13cdc9d9-ddb5-4fa4-a97d-d965ccfc6d4b" outcome="Passed" testListId="8c84fa94-04c1-424b-9868-57a2d4851a1d" relativeResultsDirectory="b3009633-7f4d-4759-bd8f-0364af85de16" />
    <UnitTestResult executionId="a22c324f-4b64-44e3-96d0-18ff744cdde2" testId="529c0386-24fa-6701-c090-b25dccc11b86" testName="TestResetNoStatistics" computerName="DKSR-EFI-04" duration="00:00:00.0016020" startTime="2023-12-22T09:33:33.5375029+01:00" endTime="2023-12-22T09:33:33.5375029+01:00" testType="13cdc9d9-ddb5-4fa4-a97d-d965ccfc6d4b" outcome="Passed" testListId="8c84fa94-04c1-424b-9868-57a2d4851a1d" relativeResultsDirectory="a22c324f-4b64-44e3-96d0-18ff744cdde2" />
    <UnitTestResult executionId="611b3aa2-d4c7-45a7-a8ce-c4dcb11d1a6f" testId="3bf15e8d-35d3-7d9f-9606-427db31eb643" testName="GetSettingAsInt32_NonIntValue_Throws_InvalidMulticastSettingsException" computerName="DKSR-EFI-04" duration="00:00:00.0003857" startTime="2023-12-22T09:33:33.8500058+01:00" endTime="2023-12-22T09:33:33.8500058+01:00" testType="13cdc9d9-ddb5-4fa4-a97d-d965ccfc6d4b" outcome="Passed" testListId="8c84fa94-04c1-424b-9868-57a2d4851a1d" relativeResultsDirectory="611b3aa2-d4c7-45a7-a8ce-c4dcb11d1a6f" />
    <UnitTestResult executionId="7266bb8c-7449-4766-a20e-9e641a287c9f" testId="64a850ad-5e29-6e93-1ddc-00d75c2aad72" testName="SynchronizeDevicePresets_ModelIsValid_CommandExecuted" computerName="DKSR-EFI-04" duration="00:00:00.0013510" startTime="2023-12-22T09:33:24.5843353+01:00" endTime="2023-12-22T09:33:24.5843353+01:00" testType="13cdc9d9-ddb5-4fa4-a97d-d965ccfc6d4b" outcome="Passed" testListId="8c84fa94-04c1-424b-9868-57a2d4851a1d" relativeResultsDirectory="7266bb8c-7449-4766-a20e-9e641a287c9f" />
    <UnitTestResult executionId="ac47b837-3ccd-4dd8-85b9-798c0c7896d3" testId="3a2cb439-a124-af6e-0a42-2a8f94271fda" testName="ConnectSuccess_NextSeqTime_BeforeMedia" computerName="DKSR-EFI-04" duration="00:00:00.0022633" startTime="2023-12-22T09:33:27.7874749+01:00" endTime="2023-12-22T09:33:27.7874749+01:00" testType="13cdc9d9-ddb5-4fa4-a97d-d965ccfc6d4b" outcome="Passed" testListId="8c84fa94-04c1-424b-9868-57a2d4851a1d" relativeResultsDirectory="ac47b837-3ccd-4dd8-85b9-798c0c7896d3" />
    <UnitTestResult executionId="c7042751-e96c-4636-aceb-258227b8af56" testId="a82c204b-c77a-34fe-b8bf-38afc46073f1" testName="CheckHardwareDefinitionCommandHandler_Constructor_RegisterActionNull_ArgumentNullException" computerName="DKSR-EFI-04" duration="00:00:00.0010187" startTime="2023-12-22T09:33:45.3969393+01:00" endTime="2023-12-22T09:33:45.3969393+01:00" testType="13cdc9d9-ddb5-4fa4-a97d-d965ccfc6d4b" outcome="Passed" testListId="8c84fa94-04c1-424b-9868-57a2d4851a1d" relativeResultsDirectory="c7042751-e96c-4636-aceb-258227b8af56">
      <Output>
        <StdOut>Debug Trace:&#xD;
Fail: Argument null</StdOut>
      </Output>
    </UnitTestResult>
    <UnitTestResult executionId="5a532b85-f9b8-4a66-94ba-972a312d30d8" testId="4c322c27-d081-6da2-3965-9699e29b5817" testName="PtzManager_GetPtzSessionState_Success" computerName="DKSR-EFI-04" duration="00:00:00.0015571" startTime="2023-12-22T09:33:52.1625958+01:00" endTime="2023-12-22T09:33:52.1625958+01:00" testType="13cdc9d9-ddb5-4fa4-a97d-d965ccfc6d4b" outcome="Passed" testListId="8c84fa94-04c1-424b-9868-57a2d4851a1d" relativeResultsDirectory="5a532b85-f9b8-4a66-94ba-972a312d30d8" />
    <UnitTestResult executionId="97c8a9c1-673d-45a3-b24b-b64851f5c295" testId="d3a3c4d8-fbcb-7ee8-0479-ab7df60c22c2" testName="DatabaseoperationCommandhandler_VerifyStorageAndArchiveOnline_Storage_Online" computerName="DKSR-EFI-04" duration="00:00:00.0006768" startTime="2023-12-22T09:33:45.6313142+01:00" endTime="2023-12-22T09:33:45.6313142+01:00" testType="13cdc9d9-ddb5-4fa4-a97d-d965ccfc6d4b" outcome="Passed" testListId="8c84fa94-04c1-424b-9868-57a2d4851a1d" relativeResultsDirectory="97c8a9c1-673d-45a3-b24b-b64851f5c295" />
    <UnitTestResult executionId="a090cf99-5846-48e9-bf86-dc3e17a4d90a" testId="6c34793f-a6f3-8058-34fc-6442ebc08e47" testName="ChangeHardwarePasswordCommandHandler_Execute_HardwareBlocked_Errors" computerName="DKSR-EFI-04" duration="00:00:00.0007044" startTime="2023-12-22T09:33:45.1469365+01:00" endTime="2023-12-22T09:33:45.1469365+01:00" testType="13cdc9d9-ddb5-4fa4-a97d-d965ccfc6d4b" outcome="Passed" testListId="8c84fa94-04c1-424b-9868-57a2d4851a1d" relativeResultsDirectory="a090cf99-5846-48e9-bf86-dc3e17a4d90a" />
    <UnitTestResult executionId="cbb79a21-7094-4aab-9d69-ea3d13487c72" testId="e248031a-947f-3c71-ea22-491cef2d0c78" testName="PingDeviceCommandHandler_Constructor_NullArg_Throws" computerName="DKSR-EFI-04" duration="00:00:00.0033836" startTime="2023-12-22T09:33:48.2563258+01:00" endTime="2023-12-22T09:33:48.2563258+01:00" testType="13cdc9d9-ddb5-4fa4-a97d-d965ccfc6d4b" outcome="Passed" testListId="8c84fa94-04c1-424b-9868-57a2d4851a1d" relativeResultsDirectory="cbb79a21-7094-4aab-9d69-ea3d13487c72" />
    <UnitTestResult executionId="71579dec-e0af-402f-9c7d-57febdf569c9" testId="deed243a-40fa-2590-126d-6eb4ce652c0d" testName="SmartSearchHandlerBackwardTestLargeSearchInterval" computerName="DKSR-EFI-04" duration="00:00:00.0018587" startTime="2023-12-22T09:33:32.0999963+01:00" endTime="2023-12-22T09:33:32.1156223+01:00" testType="13cdc9d9-ddb5-4fa4-a97d-d965ccfc6d4b" outcome="Passed" testListId="8c84fa94-04c1-424b-9868-57a2d4851a1d" relativeResultsDirectory="71579dec-e0af-402f-9c7d-57febdf569c9" />
    <UnitTestResult executionId="168f92c0-7e3b-4943-9886-b271c69ac664" testId="dacd281d-fa32-6a36-196f-63f03beed3cf" testName="PtzReserveSessionCommandHandler_Execute_PtzException_PtzRequestPriorityTooLow" computerName="DKSR-EFI-04" duration="00:00:00.0016034" startTime="2023-12-22T09:33:50.4282122+01:00" endTime="2023-12-22T09:33:50.4282122+01:00" testType="13cdc9d9-ddb5-4fa4-a97d-d965ccfc6d4b" outcome="Passed" testListId="8c84fa94-04c1-424b-9868-57a2d4851a1d" relativeResultsDirectory="168f92c0-7e3b-4943-9886-b271c69ac664" />
    <UnitTestResult executionId="eab4d356-e433-451b-9625-8cc1a443197a" testId="768837d1-698a-c042-b263-bf6dd8525485" testName="HardwareSetupInformationCommandHandler_Execute_DuplicateMac_Allowed_Success" computerName="DKSR-EFI-04" duration="00:00:00.0431716" startTime="2023-12-22T09:33:48.1782014+01:00" endTime="2023-12-22T09:33:48.2250768+01:00" testType="13cdc9d9-ddb5-4fa4-a97d-d965ccfc6d4b" outcome="Passed" testListId="8c84fa94-04c1-424b-9868-57a2d4851a1d" relativeResultsDirectory="eab4d356-e433-451b-9625-8cc1a443197a" />
    <UnitTestResult executionId="d04c5e3e-6280-4f65-801a-9b826ecbaa93" testId="bc96c959-61a5-af4e-34a3-499043550e69" testName="GetSettingAsInt16_NonShortValue_Throws_InvalidMulticastSettingsException" computerName="DKSR-EFI-04" duration="00:00:00.0004015" startTime="2023-12-22T09:33:33.8500058+01:00" endTime="2023-12-22T09:33:33.8500058+01:00" testType="13cdc9d9-ddb5-4fa4-a97d-d965ccfc6d4b" outcome="Passed" testListId="8c84fa94-04c1-424b-9868-57a2d4851a1d" relativeResultsDirectory="d04c5e3e-6280-4f65-801a-9b826ecbaa93" />
    <UnitTestResult executionId="f496747e-f476-4f84-bd67-6616e2a1f77a" testId="0188b3fc-f058-fec7-9c8d-16bf56ba7004" testName="SOAPCommandRequestHandler_ExecuteFunction_HandleJPEGGetLive_NoDeviceId" computerName="DKSR-EFI-04" duration="00:00:00.0013479" startTime="2023-12-22T09:33:30.5062390+01:00" endTime="2023-12-22T09:33:30.5062390+01:00" testType="13cdc9d9-ddb5-4fa4-a97d-d965ccfc6d4b" outcome="Passed" testListId="8c84fa94-04c1-424b-9868-57a2d4851a1d" relativeResultsDirectory="f496747e-f476-4f84-bd67-6616e2a1f77a" />
    <UnitTestResult executionId="b0574c89-fa9c-418b-9dc2-b3fa7ec03644" testId="62d24c9f-a275-965e-ba77-fc1bd09bd84c" testName="EvidenceLockOnOldRecorderCommandHandler_DeleteEvidenceLock_RowMissing" computerName="DKSR-EFI-04" duration="00:00:00.0005271" startTime="2023-12-22T09:33:46.0531892+01:00" endTime="2023-12-22T09:33:46.0531892+01:00" testType="13cdc9d9-ddb5-4fa4-a97d-d965ccfc6d4b" outcome="Passed" testListId="8c84fa94-04c1-424b-9868-57a2d4851a1d" relativeResultsDirectory="b0574c89-fa9c-418b-9dc2-b3fa7ec03644" />
    <UnitTestResult executionId="fe6c846b-fc43-49da-b965-0027b47eff61" testId="d84aa1df-acf6-f179-addd-385a8ef854fb" testName="RequestArchiveInformation_StorageIDMapping_NotGUIDS" computerName="DKSR-EFI-04" duration="00:00:00.0053739" startTime="2023-12-22T09:33:32.7250002+01:00" endTime="2023-12-22T09:33:32.7250002+01:00" testType="13cdc9d9-ddb5-4fa4-a97d-d965ccfc6d4b" outcome="Passed" testListId="8c84fa94-04c1-424b-9868-57a2d4851a1d" relativeResultsDirectory="fe6c846b-fc43-49da-b965-0027b47eff61" />
    <UnitTestResult executionId="29dee508-8392-4719-91c3-892d7bb72322" testId="12d39289-b5d8-655f-ac60-910ceb6f32de" testName="SmartSearchHandlerBackwardTestNoData" computerName="DKSR-EFI-04" duration="00:00:00.0005908" startTime="2023-12-22T09:33:32.1937477+01:00" endTime="2023-12-22T09:33:32.1937477+01:00" testType="13cdc9d9-ddb5-4fa4-a97d-d965ccfc6d4b" outcome="Passed" testListId="8c84fa94-04c1-424b-9868-57a2d4851a1d" relativeResultsDirectory="29dee508-8392-4719-91c3-892d7bb72322" />
    <UnitTestResult executionId="5adb4ccb-a417-4032-a93e-84f34e66f9c3" testId="1e192e21-2c30-3923-bddb-f666d4114352" testName="PtzManager_GetAbsolutePosition_Driver_Unavailable" computerName="DKSR-EFI-04" duration="00:00:00.0031735" startTime="2023-12-22T09:33:52.0688456+01:00" endTime="2023-12-22T09:33:52.0688456+01:00" testType="13cdc9d9-ddb5-4fa4-a97d-d965ccfc6d4b" outcome="Passed" testListId="8c84fa94-04c1-424b-9868-57a2d4851a1d" relativeResultsDirectory="5adb4ccb-a417-4032-a93e-84f34e66f9c3" />
    <UnitTestResult executionId="2f7c5eb3-9e6b-4141-b041-0866250d3ccd" testId="d85b6722-8565-a29c-5490-16e3a10a250c" testName="TimeRangeConversionRangeBothBeforeAndAfterSatrAndEndTime" computerName="DKSR-EFI-04" duration="00:00:00.0011877" startTime="2023-12-22T09:33:44.4281837+01:00" endTime="2023-12-22T09:33:44.4281837+01:00" testType="13cdc9d9-ddb5-4fa4-a97d-d965ccfc6d4b" outcome="Passed" testListId="8c84fa94-04c1-424b-9868-57a2d4851a1d" relativeResultsDirectory="2f7c5eb3-9e6b-4141-b041-0866250d3ccd">
      <Output>
        <StdOut>Debug Trace:&#xD;
Fail: Ranges contains invalid elements</StdOut>
      </Output>
    </UnitTestResult>
    <UnitTestResult executionId="ebdbe413-ff75-4082-ae5e-0c4ddfac6491" testId="e3444112-3c99-9f58-f5de-2f6baaf569cb" testName="Transform_To_Version_0_Success" computerName="DKSR-EFI-04" duration="00:00:00.0046333" startTime="2023-12-22T09:33:29.6468605+01:00" endTime="2023-12-22T09:33:29.6624852+01:00" testType="13cdc9d9-ddb5-4fa4-a97d-d965ccfc6d4b" outcome="Passed" testListId="8c84fa94-04c1-424b-9868-57a2d4851a1d" relativeResultsDirectory="ebdbe413-ff75-4082-ae5e-0c4ddfac6491" />
    <UnitTestResult executionId="3ffdf151-c1b4-4037-b0fa-eb1001084176" testId="e14319d9-d917-ec15-9844-7917e387086a" testName="SmartSearchHandlerForwardTestDataWithMotionOnly" computerName="DKSR-EFI-04" duration="00:00:00.0007618" startTime="2023-12-22T09:33:32.1312475+01:00" endTime="2023-12-22T09:33:32.1312475+01:00" testType="13cdc9d9-ddb5-4fa4-a97d-d965ccfc6d4b" outcome="Passed" testListId="8c84fa94-04c1-424b-9868-57a2d4851a1d" relativeResultsDirectory="3ffdf151-c1b4-4037-b0fa-eb1001084176" />
    <UnitTestResult executionId="5c499422-e394-4508-92fe-e447831ca3b1" testId="bdf3cf43-6f55-eb73-fb64-affef7c878a9" testName="SOAPCommandRequestHandler_ExecuteFunction_HandleMulticastStart_NoDeviceId" computerName="DKSR-EFI-04" duration="00:00:00.0033071" startTime="2023-12-22T09:33:30.1937377+01:00" endTime="2023-12-22T09:33:30.2093628+01:00" testType="13cdc9d9-ddb5-4fa4-a97d-d965ccfc6d4b" outcome="Passed" testListId="8c84fa94-04c1-424b-9868-57a2d4851a1d" relativeResultsDirectory="5c499422-e394-4508-92fe-e447831ca3b1" />
    <UnitTestResult executionId="53206688-30e9-45dd-ae7d-5dfa35a558e4" testId="b851e41c-dd58-304e-e982-0c01ea9a4642" testName="ReadMessageHeaders_ReadRequestLine_SoapStatus_Success" computerName="DKSR-EFI-04" duration="00:00:00.0006647" startTime="2023-12-22T09:33:31.1937419+01:00" endTime="2023-12-22T09:33:31.1937419+01:00" testType="13cdc9d9-ddb5-4fa4-a97d-d965ccfc6d4b" outcome="Passed" testListId="8c84fa94-04c1-424b-9868-57a2d4851a1d" relativeResultsDirectory="53206688-30e9-45dd-ae7d-5dfa35a558e4" />
    <UnitTestResult executionId="d613fe5f-0876-4c15-9882-b405bbdf38b4" testId="e99f45ea-08bf-c5d2-cb75-357169094869" testName="PipelineEventSource_GuidTest" computerName="DKSR-EFI-04" duration="00:00:00.0002714" startTime="2023-12-22T09:33:31.9593706+01:00" endTime="2023-12-22T09:33:31.9593706+01:00" testType="13cdc9d9-ddb5-4fa4-a97d-d965ccfc6d4b" outcome="Passed" testListId="8c84fa94-04c1-424b-9868-57a2d4851a1d" relativeResultsDirectory="d613fe5f-0876-4c15-9882-b405bbdf38b4" />
    <UnitTestResult executionId="e40f412a-c886-4b76-b3ad-b58505a7324e" testId="1184c378-3743-c521-3a27-56e3206d4afd" testName="TimeRangeConversionRangesMatchStartAndEndTimeOutside" computerName="DKSR-EFI-04" duration="00:00:00.0007001" startTime="2023-12-22T09:33:44.3813087+01:00" endTime="2023-12-22T09:33:44.3813087+01:00" testType="13cdc9d9-ddb5-4fa4-a97d-d965ccfc6d4b" outcome="Passed" testListId="8c84fa94-04c1-424b-9868-57a2d4851a1d" relativeResultsDirectory="e40f412a-c886-4b76-b3ad-b58505a7324e" />
    <UnitTestResult executionId="c736cfff-32ca-4025-b626-34c5f85d5270" testId="ac9e9097-86ee-f6e7-4b59-9ca177ce9c0e" testName="ActivateArchiving_PostCommandIsNull_BadRequestResult" computerName="DKSR-EFI-04" duration="00:00:00.0014408" startTime="2023-12-22T09:33:24.4593361+01:00" endTime="2023-12-22T09:33:24.4749606+01:00" testType="13cdc9d9-ddb5-4fa4-a97d-d965ccfc6d4b" outcome="Passed" testListId="8c84fa94-04c1-424b-9868-57a2d4851a1d" relativeResultsDirectory="c736cfff-32ca-4025-b626-34c5f85d5270" />
    <UnitTestResult executionId="abb8d640-fc68-4cbe-966a-6c00eb6ec249" testId="28a5e745-2e74-06b3-7adf-49f1f58e769e" testName="AddHardwareUserCommandHandler_Execute_AddUser_ThrowsUserHandlingUnsupported_Errors" computerName="DKSR-EFI-04" duration="00:00:00.0008188" startTime="2023-12-22T09:33:45.0688113+01:00" endTime="2023-12-22T09:33:45.0688113+01:00" testType="13cdc9d9-ddb5-4fa4-a97d-d965ccfc6d4b" outcome="Passed" testListId="8c84fa94-04c1-424b-9868-57a2d4851a1d" relativeResultsDirectory="abb8d640-fc68-4cbe-966a-6c00eb6ec249" />
    <UnitTestResult executionId="c7f3721e-082f-477e-b515-694e0af51593" testId="17e46016-0156-52e9-7a21-12f204ff71a8" testName="GetSettingAsBool_NonBooleanValue_Throws_InvalidMulticastSettingsException" computerName="DKSR-EFI-04" duration="00:00:00.0006274" startTime="2023-12-22T09:33:33.8187548+01:00" endTime="2023-12-22T09:33:33.8187548+01:00" testType="13cdc9d9-ddb5-4fa4-a97d-d965ccfc6d4b" outcome="Passed" testListId="8c84fa94-04c1-424b-9868-57a2d4851a1d" relativeResultsDirectory="c7f3721e-082f-477e-b515-694e0af51593" />
    <UnitTestResult executionId="0ffb83c3-900b-4f35-9be3-0886e55582d0" testId="1ceefeff-052b-0e95-f3a6-b5182af0c49a" testName="PtzManager_CenterOnPositionInView_NoMediaFeedHandler" computerName="DKSR-EFI-04" duration="00:00:00.0032801" startTime="2023-12-22T09:33:52.0375966+01:00" endTime="2023-12-22T09:33:52.0375966+01:00" testType="13cdc9d9-ddb5-4fa4-a97d-d965ccfc6d4b" outcome="Passed" testListId="8c84fa94-04c1-424b-9868-57a2d4851a1d" relativeResultsDirectory="0ffb83c3-900b-4f35-9be3-0886e55582d0" />
    <UnitTestResult executionId="f8942e4c-9fe8-46b8-a57f-8e939b394367" testId="4bf9f557-e5aa-6820-3243-25edb82152cd" testName="Start_EstablishesConnection_ConnectionStateIsConnectedAndAttachedStateIsAttached" computerName="DKSR-EFI-04" duration="00:00:00.0053910" startTime="2023-12-22T09:33:24.0062079+01:00" endTime="2023-12-22T09:33:24.0062079+01:00" testType="13cdc9d9-ddb5-4fa4-a97d-d965ccfc6d4b" outcome="Passed" testListId="8c84fa94-04c1-424b-9868-57a2d4851a1d" relativeResultsDirectory="f8942e4c-9fe8-46b8-a57f-8e939b394367" />
    <UnitTestResult executionId="5a82568d-a300-43af-84c1-45b586d4ee6a" testId="e5acffa5-6e81-ead9-c8fe-656902a2823b" testName="SOAPCommandRequestHandler_ExecuteFunction_HandleOutputActivate_NoSecurity" computerName="DKSR-EFI-04" duration="00:00:00.0007265" startTime="2023-12-22T09:33:30.5374880+01:00" endTime="2023-12-22T09:33:30.5374880+01:00" testType="13cdc9d9-ddb5-4fa4-a97d-d965ccfc6d4b" outcome="Passed" testListId="8c84fa94-04c1-424b-9868-57a2d4851a1d" relativeResultsDirectory="5a82568d-a300-43af-84c1-45b586d4ee6a" />
    <UnitTestResult executionId="873b42f8-0a0e-45d3-b824-24bc6c66f64e" testId="98ec49c7-d50b-0e61-1c94-93b28b0ab4f7" testName="DatabaseoperationCommandhandler_VerifyStorageAndArchiveOnline_DeviceStorage_Online" computerName="DKSR-EFI-04" duration="00:00:00.0007391" startTime="2023-12-22T09:33:45.6156889+01:00" endTime="2023-12-22T09:33:45.6313142+01:00" testType="13cdc9d9-ddb5-4fa4-a97d-d965ccfc6d4b" outcome="Passed" testListId="8c84fa94-04c1-424b-9868-57a2d4851a1d" relativeResultsDirectory="873b42f8-0a0e-45d3-b824-24bc6c66f64e" />
    <UnitTestResult executionId="2f016b76-be60-489d-94a0-95d33e3728db" testId="f55f56e8-4ed9-047c-5b59-43baeffc38f2" testName="SOAPCommandRequestHandler_ExecuteFunction_HandleStopManualRecording_Success" computerName="DKSR-EFI-04" duration="00:00:00.0077729" startTime="2023-12-22T09:33:30.4124899+01:00" endTime="2023-12-22T09:33:30.4281161+01:00" testType="13cdc9d9-ddb5-4fa4-a97d-d965ccfc6d4b" outcome="Passed" testListId="8c84fa94-04c1-424b-9868-57a2d4851a1d" relativeResultsDirectory="2f016b76-be60-489d-94a0-95d33e3728db" />
    <UnitTestResult executionId="7005837a-2ef7-486a-b819-d36adc4db06e" testId="d0184c79-09ca-438e-e6fe-64ddf8949d4b" testName="SetupInitialHardwareUserCommandHandler_Execute_SetupUser_ThrowsUserHandlingUserNameTooShortrError_Errors" computerName="DKSR-EFI-04" duration="00:00:00.0008194" startTime="2023-12-22T09:33:51.0063391+01:00" endTime="2023-12-22T09:33:51.0063391+01:00" testType="13cdc9d9-ddb5-4fa4-a97d-d965ccfc6d4b" outcome="Passed" testListId="8c84fa94-04c1-424b-9868-57a2d4851a1d" relativeResultsDirectory="7005837a-2ef7-486a-b819-d36adc4db06e" />
    <UnitTestResult executionId="9dfcba7d-7032-4b83-adc5-7bc50201b395" testId="e3a9f397-1160-5f7c-0483-55beba4711e5" testName="CreateSettingsForInitializeHardwareAndDeviceSettings_Null_Throws_ArgumentNullException" computerName="DKSR-EFI-04" duration="00:00:00.3099035" startTime="2023-12-22T09:33:20.8655679+01:00" endTime="2023-12-22T09:33:21.1780713+01:00" testType="13cdc9d9-ddb5-4fa4-a97d-d965ccfc6d4b" outcome="Passed" testListId="8c84fa94-04c1-424b-9868-57a2d4851a1d" relativeResultsDirectory="9dfcba7d-7032-4b83-adc5-7bc50201b395">
      <Output>
        <StdOut>Debug Trace:&#xD;
Fail: Argument null</StdOut>
      </Output>
    </UnitTestResult>
    <UnitTestResult executionId="e8ce1828-1557-4e79-afb2-fdb6a5ba86ee" testId="ab75869c-3ec1-34f0-fa1b-a30b4357f2e7" testName="MoveNextExecutesInParallel" computerName="DKSR-EFI-04" duration="00:00:00.2167062" startTime="2023-12-22T09:33:31.5374953+01:00" endTime="2023-12-22T09:33:31.7562436+01:00" testType="13cdc9d9-ddb5-4fa4-a97d-d965ccfc6d4b" outcome="Passed" testListId="8c84fa94-04c1-424b-9868-57a2d4851a1d" relativeResultsDirectory="e8ce1828-1557-4e79-afb2-fdb6a5ba86ee" />
    <UnitTestResult executionId="f306eced-7ec5-46a6-aaa7-692c95846bb6" testId="8f4d98c4-c4c3-3370-b9b4-f84d99ebe3e0" testName="MediaDbCache_SetListFileSystemDiskUsage_Success" computerName="DKSR-EFI-04" duration="00:00:00.0016762" startTime="2023-12-22T09:33:44.7094338+01:00" endTime="2023-12-22T09:33:44.7094338+01:00" testType="13cdc9d9-ddb5-4fa4-a97d-d965ccfc6d4b" outcome="Passed" testListId="8c84fa94-04c1-424b-9868-57a2d4851a1d" relativeResultsDirectory="f306eced-7ec5-46a6-aaa7-692c95846bb6" />
    <UnitTestResult executionId="c94df71b-4fc4-42a3-8f81-42f03f4b2381" testId="06f1153d-4313-902a-26b0-c66230e076df" testName="AddHardwareUserCommandHandler_Execute_AddUser_ThrowsUserHandlingUserNameTooLong_Errors" computerName="DKSR-EFI-04" duration="00:00:00.0008419" startTime="2023-12-22T09:33:45.0688113+01:00" endTime="2023-12-22T09:33:45.0688113+01:00" testType="13cdc9d9-ddb5-4fa4-a97d-d965ccfc6d4b" outcome="Passed" testListId="8c84fa94-04c1-424b-9868-57a2d4851a1d" relativeResultsDirectory="c94df71b-4fc4-42a3-8f81-42f03f4b2381" />
    <UnitTestResult executionId="0c582ae9-4ed8-4eff-8d65-36b9fae0f6f0" testId="c44abdd5-f222-3297-c803-b1ba133feffe" testName="SetNetworkConfigurationCommandHandler_Execute_InvalidIP_Fails" computerName="DKSR-EFI-04" duration="00:00:00.0004613" startTime="2023-12-22T09:33:50.8813373+01:00" endTime="2023-12-22T09:33:50.8813373+01:00" testType="13cdc9d9-ddb5-4fa4-a97d-d965ccfc6d4b" outcome="Passed" testListId="8c84fa94-04c1-424b-9868-57a2d4851a1d" relativeResultsDirectory="0c582ae9-4ed8-4eff-8d65-36b9fae0f6f0" />
    <UnitTestResult executionId="f83ff8c4-ff07-4eaf-9f59-f702aa83fc30" testId="31fcff4b-e5c4-4bf7-da58-296ef4939e33" testName="DatabaseoperationCommandhandler_VerifyPath_Success" computerName="DKSR-EFI-04" duration="00:00:00.0017414" startTime="2023-12-22T09:33:45.5844373+01:00" endTime="2023-12-22T09:33:45.6000622+01:00" testType="13cdc9d9-ddb5-4fa4-a97d-d965ccfc6d4b" outcome="Passed" testListId="8c84fa94-04c1-424b-9868-57a2d4851a1d" relativeResultsDirectory="f83ff8c4-ff07-4eaf-9f59-f702aa83fc30" />
    <UnitTestResult executionId="bfdd14b0-1ea8-4dee-921a-a821e25f01e9" testId="35742c37-1efd-f75e-f896-f0b8fc5d7bd8" testName="SOAPCommandRequestHandler_ExecuteFunction_HandleIsManualRecording_NoDeviceIds" computerName="DKSR-EFI-04" duration="00:00:00.0013622" startTime="2023-12-22T09:33:30.3187415+01:00" endTime="2023-12-22T09:33:30.3187415+01:00" testType="13cdc9d9-ddb5-4fa4-a97d-d965ccfc6d4b" outcome="Passed" testListId="8c84fa94-04c1-424b-9868-57a2d4851a1d" relativeResultsDirectory="bfdd14b0-1ea8-4dee-921a-a821e25f01e9" />
    <UnitTestResult executionId="5921fe5e-1e50-4c2c-a6c7-f95e794bf9a5" testId="7206b9bd-2060-65ab-1157-fa40cde7e92d" testName="MediaDbRepairStatus_RepairCount_UpDown" computerName="DKSR-EFI-04" duration="00:00:00.0015631" startTime="2023-12-22T09:33:44.3344331+01:00" endTime="2023-12-22T09:33:44.3344331+01:00" testType="13cdc9d9-ddb5-4fa4-a97d-d965ccfc6d4b" outcome="Passed" testListId="8c84fa94-04c1-424b-9868-57a2d4851a1d" relativeResultsDirectory="5921fe5e-1e50-4c2c-a6c7-f95e794bf9a5" />
    <UnitTestResult executionId="75aa9046-8cc5-4a2e-b697-800d6ed1fec5" testId="d5ff4925-5123-a441-1696-13d4f434dff2" testName="EdgeStorageLimitsConfigurationUpdate" computerName="DKSR-EFI-04" duration="00:00:00.0017860" startTime="2023-12-22T09:33:33.9437566+01:00" endTime="2023-12-22T09:33:33.9593818+01:00" testType="13cdc9d9-ddb5-4fa4-a97d-d965ccfc6d4b" outcome="Passed" testListId="8c84fa94-04c1-424b-9868-57a2d4851a1d" relativeResultsDirectory="75aa9046-8cc5-4a2e-b697-800d6ed1fec5" />
    <UnitTestResult executionId="1fac6608-5cc6-4288-b3e1-f577e34286fa" testId="840bbbf3-3f27-34a0-63ad-36f507931947" testName="DatabaseoperationCommandhandler_FilterTrackIdsToThoseWithoutMediaOnRecorder_Exception_Causes_DataExists" computerName="DKSR-EFI-04" duration="00:00:00.0014001" startTime="2023-12-22T09:33:45.5219362+01:00" endTime="2023-12-22T09:33:45.5375633+01:00" testType="13cdc9d9-ddb5-4fa4-a97d-d965ccfc6d4b" outcome="Passed" testListId="8c84fa94-04c1-424b-9868-57a2d4851a1d" relativeResultsDirectory="1fac6608-5cc6-4288-b3e1-f577e34286fa" />
    <UnitTestResult executionId="1876f1c1-bdce-43cd-9cda-22fc17227584" testId="c850ca74-d223-3a0b-bdea-afc6f7a88389" testName="RegisterLiveTablesForTwoStorages" computerName="DKSR-EFI-04" duration="00:00:00.0025936" startTime="2023-12-22T09:33:44.9438114+01:00" endTime="2023-12-22T09:33:44.9594369+01:00" testType="13cdc9d9-ddb5-4fa4-a97d-d965ccfc6d4b" outcome="Passed" testListId="8c84fa94-04c1-424b-9868-57a2d4851a1d" relativeResultsDirectory="1876f1c1-bdce-43cd-9cda-22fc17227584" />
    <UnitTestResult executionId="ee54a0aa-3180-4d12-a141-06cce1a33812" testId="f10d6169-81f0-a081-100b-8621495f21ea" testName="IsPlaybackRestrictedOnHandler" computerName="DKSR-EFI-04" duration="00:00:00.0112972" startTime="2023-12-22T09:33:33.3968788+01:00" endTime="2023-12-22T09:33:33.4125039+01:00" testType="13cdc9d9-ddb5-4fa4-a97d-d965ccfc6d4b" outcome="Passed" testListId="8c84fa94-04c1-424b-9868-57a2d4851a1d" relativeResultsDirectory="ee54a0aa-3180-4d12-a141-06cce1a33812" />
    <UnitTestResult executionId="6287f00a-681d-44d3-99f9-65a3ffe398df" testId="68d8c51d-b0f5-4bb8-a0ab-928597a90e21" testName="UpdateConfigurationFromDiffGram_NoChanges_Success" computerName="DKSR-EFI-04" duration="00:00:00.0203865" startTime="2023-12-22T09:33:33.7562566+01:00" endTime="2023-12-22T09:33:33.7875063+01:00" testType="13cdc9d9-ddb5-4fa4-a97d-d965ccfc6d4b" outcome="Passed" testListId="8c84fa94-04c1-424b-9868-57a2d4851a1d" relativeResultsDirectory="6287f00a-681d-44d3-99f9-65a3ffe398df" />
    <UnitTestResult executionId="883094a7-bd5c-485a-9f4f-18363fe8ff33" testId="ba53bfb2-0308-6453-7936-176b215ab994" testName="ConfigurationDatasetHolder_ApplyTableDistribution_WithDistributions_Failover_Success" computerName="DKSR-EFI-04" duration="00:00:00.0228094" startTime="2023-12-22T09:33:20.8343173+01:00" endTime="2023-12-22T09:33:20.8655679+01:00" testType="13cdc9d9-ddb5-4fa4-a97d-d965ccfc6d4b" outcome="Passed" testListId="8c84fa94-04c1-424b-9868-57a2d4851a1d" relativeResultsDirectory="883094a7-bd5c-485a-9f4f-18363fe8ff33" />
    <UnitTestResult executionId="5c8eae4f-2a52-4aaa-a939-4f6250e672fe" testId="9c4407fe-179e-266d-a653-867b9bfb8713" testName="DiffGramToApplyToOrigionalDataSetToMakeItIdenticalWithNewDataSet_HandleModifiedRows" computerName="DKSR-EFI-04" duration="00:00:00.0240063" startTime="2023-12-22T09:33:22.0687012+01:00" endTime="2023-12-22T09:33:22.0843250+01:00" testType="13cdc9d9-ddb5-4fa4-a97d-d965ccfc6d4b" outcome="Passed" testListId="8c84fa94-04c1-424b-9868-57a2d4851a1d" relativeResultsDirectory="5c8eae4f-2a52-4aaa-a939-4f6250e672fe" />
    <UnitTestResult executionId="7dc6ab08-405c-4a39-b4f3-cd4c5a20932d" testId="f15c3e47-e288-3ddf-3e20-435df2549e7e" testName="PtzStopSessionCommandHandler_Execute_PtzException_PtzNotSupported" computerName="DKSR-EFI-04" duration="00:00:00.0004610" startTime="2023-12-22T09:33:50.4750904+01:00" endTime="2023-12-22T09:33:50.4750904+01:00" testType="13cdc9d9-ddb5-4fa4-a97d-d965ccfc6d4b" outcome="Passed" testListId="8c84fa94-04c1-424b-9868-57a2d4851a1d" relativeResultsDirectory="7dc6ab08-405c-4a39-b4f3-cd4c5a20932d" />
    <UnitTestResult executionId="54455fa0-968a-4e73-ae3c-0dbe0ace380d" testId="aea74159-7358-5879-bf8e-a1314c768404" testName="DriverProxyInstanceManager_AddHardware_MoreStreamsThanMax_WarningLogged" computerName="DKSR-EFI-04" duration="00:00:00.0009583" startTime="2023-12-22T09:33:22.1624488+01:00" endTime="2023-12-22T09:33:22.1624488+01:00" testType="13cdc9d9-ddb5-4fa4-a97d-d965ccfc6d4b" outcome="Passed" testListId="8c84fa94-04c1-424b-9868-57a2d4851a1d" relativeResultsDirectory="54455fa0-968a-4e73-ae3c-0dbe0ace380d" />
    <UnitTestResult executionId="a17f71a2-d5a4-437d-852e-5cf749990da2" testId="4d35923a-0ff1-6989-6f70-f96054d7fe14" testName="PtzManager_SetConfiguration_Success" computerName="DKSR-EFI-04" duration="00:00:00.0032985" startTime="2023-12-22T09:33:51.9282183+01:00" endTime="2023-12-22T09:33:51.9282183+01:00" testType="13cdc9d9-ddb5-4fa4-a97d-d965ccfc6d4b" outcome="Passed" testListId="8c84fa94-04c1-424b-9868-57a2d4851a1d" relativeResultsDirectory="a17f71a2-d5a4-437d-852e-5cf749990da2" />
    <UnitTestResult executionId="2fce7a7c-d8cb-4451-b886-a778115b2a36" testId="4faa607d-3aad-d127-7190-31639410f00a" testName="PtzManagerDataHolder_GetSchema_Success" computerName="DKSR-EFI-04" duration="00:00:00.0004845" startTime="2023-12-22T09:33:51.1157151+01:00" endTime="2023-12-22T09:33:51.1157151+01:00" testType="13cdc9d9-ddb5-4fa4-a97d-d965ccfc6d4b" outcome="Passed" testListId="8c84fa94-04c1-424b-9868-57a2d4851a1d" relativeResultsDirectory="2fce7a7c-d8cb-4451-b886-a778115b2a36" />
    <UnitTestResult executionId="4ce70ca9-9979-4308-859d-10d08be8b6ca" testId="7cf9a21e-1b42-088a-97b0-d7d43d1e0a16" testName="ConnectFailed_UnknownTrack" computerName="DKSR-EFI-04" duration="00:00:00.0013153" startTime="2023-12-22T09:33:27.5062251+01:00" endTime="2023-12-22T09:33:27.5062251+01:00" testType="13cdc9d9-ddb5-4fa4-a97d-d965ccfc6d4b" outcome="Passed" testListId="8c84fa94-04c1-424b-9868-57a2d4851a1d" relativeResultsDirectory="4ce70ca9-9979-4308-859d-10d08be8b6ca" />
    <UnitTestResult executionId="9be53e4e-70e2-401f-b03c-6577ee1621f1" testId="455710f6-f563-1c30-ad7e-e5f3a8df4a4e" testName="IsAvailable_DoesNotCallCheckOrphanTablesMethod" computerName="DKSR-EFI-04" duration="00:00:00.0004339" startTime="2023-12-22T09:33:33.1468787+01:00" endTime="2023-12-22T09:33:33.1468787+01:00" testType="13cdc9d9-ddb5-4fa4-a97d-d965ccfc6d4b" outcome="Passed" testListId="8c84fa94-04c1-424b-9868-57a2d4851a1d" relativeResultsDirectory="9be53e4e-70e2-401f-b03c-6577ee1621f1" />
    <UnitTestResult executionId="3df79eab-b7d3-46e1-8342-7820964eaf5d" testId="1c7b6330-6152-d71c-47ca-924e0fc45bef" testName="ChangeHardwarePasswordCommandHandler_Execute_HardwareNotFound_Fails" computerName="DKSR-EFI-04" duration="00:00:00.0006529" startTime="2023-12-22T09:33:45.1313106+01:00" endTime="2023-12-22T09:33:45.1469365+01:00" testType="13cdc9d9-ddb5-4fa4-a97d-d965ccfc6d4b" outcome="Passed" testListId="8c84fa94-04c1-424b-9868-57a2d4851a1d" relativeResultsDirectory="3df79eab-b7d3-46e1-8342-7820964eaf5d" />
    <UnitTestResult executionId="860986bc-d5d3-441d-8bfc-b7425302f794" testId="cb8cc9f7-73db-ceae-9aee-0022baadc1fa" testName="PtzManager_CenterAndZoomToRectangle_NoResolution" computerName="DKSR-EFI-04" duration="00:00:00.0011506" startTime="2023-12-22T09:33:52.0532189+01:00" endTime="2023-12-22T09:33:52.0532189+01:00" testType="13cdc9d9-ddb5-4fa4-a97d-d965ccfc6d4b" outcome="Passed" testListId="8c84fa94-04c1-424b-9868-57a2d4851a1d" relativeResultsDirectory="860986bc-d5d3-441d-8bfc-b7425302f794" />
    <UnitTestResult executionId="51f39f8d-fd8e-43d9-a6a1-693af06243df" testId="1ba2ccec-c45f-8687-a151-4bdd1def69bc" testName="PtzManualSession_OnBeforeSessionExpired_Success" computerName="DKSR-EFI-04" duration="00:00:00.0010935" startTime="2023-12-22T09:33:52.2563464+01:00" endTime="2023-12-22T09:33:52.2563464+01:00" testType="13cdc9d9-ddb5-4fa4-a97d-d965ccfc6d4b" outcome="Passed" testListId="8c84fa94-04c1-424b-9868-57a2d4851a1d" relativeResultsDirectory="51f39f8d-fd8e-43d9-a6a1-693af06243df">
      <Output>
        <StdOut>Debug Trace:&#xD;
VideoOS.Recorder.PtzManualSession session started&#xD;
PTZ ManualSession START(), priority = 2147483647, Identity = \&#xD;
VideoOS.Recorder.PtzManualSession session, OnBeforeSessionExpired&#xD;
VideoOS.Recorder.PtzManualSession session, OnBeforeSessionExpired</StdOut>
      </Output>
    </UnitTestResult>
    <UnitTestResult executionId="4b3a925f-85f8-4482-93dd-43cd3b9e962b" testId="366d01ea-ff7d-934f-3cb7-1f565e8f2ea5" testName="GetIntervalsToScan_ShouldReturnCorrectInterval_WithDnsHostSpecified" computerName="DKSR-EFI-04" duration="00:00:00.0010222" startTime="2023-12-22T09:33:44.2719308+01:00" endTime="2023-12-22T09:33:44.2719308+01:00" testType="13cdc9d9-ddb5-4fa4-a97d-d965ccfc6d4b" outcome="Passed" testListId="8c84fa94-04c1-424b-9868-57a2d4851a1d" relativeResultsDirectory="4b3a925f-85f8-4482-93dd-43cd3b9e962b" />
    <UnitTestResult executionId="9fedf719-25cf-4eca-86b0-35b6646772ca" testId="8c77f022-4da3-920c-0121-4d89ae316e6f" testName="SOAPCommandRequestHandler_ExecuteFunction_HandlePTZDeactivatePatrollingSchema_NoPatrollingSchemaId" computerName="DKSR-EFI-04" duration="00:00:00.0008130" startTime="2023-12-22T09:33:30.9593681+01:00" endTime="2023-12-22T09:33:30.9593681+01:00" testType="13cdc9d9-ddb5-4fa4-a97d-d965ccfc6d4b" outcome="Passed" testListId="8c84fa94-04c1-424b-9868-57a2d4851a1d" relativeResultsDirectory="9fedf719-25cf-4eca-86b0-35b6646772ca" />
    <UnitTestResult executionId="ca82170d-5d9d-4595-821e-63a0f74ec9db" testId="2dbd46d0-8c54-2724-aaff-586ac0b36aea" testName="ChangeConfigLinksWhileRecordingCamera" computerName="DKSR-EFI-04" duration="00:00:00.0036950" startTime="2023-12-22T09:33:33.3500068+01:00" endTime="2023-12-22T09:33:33.3500068+01:00" testType="13cdc9d9-ddb5-4fa4-a97d-d965ccfc6d4b" outcome="Passed" testListId="8c84fa94-04c1-424b-9868-57a2d4851a1d" relativeResultsDirectory="ca82170d-5d9d-4595-821e-63a0f74ec9db" />
    <UnitTestResult executionId="79dcc3d9-f29b-4195-9a82-09268de5feff" testId="12e5945d-1647-aedf-8580-e8913105986c" testName="PtzStopSessionCommandHandler_Execute_Argument_Exception" computerName="DKSR-EFI-04" duration="00:00:00.0057465" startTime="2023-12-22T09:33:50.4594618+01:00" endTime="2023-12-22T09:33:50.4594618+01:00" testType="13cdc9d9-ddb5-4fa4-a97d-d965ccfc6d4b" outcome="Passed" testListId="8c84fa94-04c1-424b-9868-57a2d4851a1d" relativeResultsDirectory="79dcc3d9-f29b-4195-9a82-09268de5feff">
      <Output>
        <StdOut>Debug Trace:&#xD;
Fail: Command/Command handler type mismatch&#xD;
Fail: The command handler expect an object that implements ICallContextInfo in the state parameter&#xD;
Fail: responseSink can not be null</StdOut>
      </Output>
    </UnitTestResult>
    <UnitTestResult executionId="6b1c0737-5658-4302-8781-cf60f7a3b2fc" testId="1195d5ba-2d52-6e07-6287-d306c966009c" testName="PtzManager_OnDeviceRemoved_Success" computerName="DKSR-EFI-04" duration="00:00:00.0023880" startTime="2023-12-22T09:33:51.9750944+01:00" endTime="2023-12-22T09:33:51.9750944+01:00" testType="13cdc9d9-ddb5-4fa4-a97d-d965ccfc6d4b" outcome="Passed" testListId="8c84fa94-04c1-424b-9868-57a2d4851a1d" relativeResultsDirectory="6b1c0737-5658-4302-8781-cf60f7a3b2fc" />
    <UnitTestResult executionId="353bd247-c2af-48af-91ee-26537888ed5c" testId="34ac2ba5-1b6f-85eb-c238-d653edd43abb" testName="SynchronizeDevicePresetsCommandHandler_Execute_QueryPresetsFromDevice_Throws_NotSupportedException" computerName="DKSR-EFI-04" duration="00:00:00.0010138" startTime="2023-12-22T09:33:51.0688393+01:00" endTime="2023-12-22T09:33:51.0688393+01:00" testType="13cdc9d9-ddb5-4fa4-a97d-d965ccfc6d4b" outcome="Passed" testListId="8c84fa94-04c1-424b-9868-57a2d4851a1d" relativeResultsDirectory="353bd247-c2af-48af-91ee-26537888ed5c" />
    <UnitTestResult executionId="285f27e2-5bf5-4546-9e86-dd3dd9834622" testId="685bc8ee-252a-0624-eee7-fce25eb39cdd" testName="PtzReserveSession_ModelIsNull_BadRequestResult" computerName="DKSR-EFI-04" duration="00:00:00.0043582" startTime="2023-12-22T09:33:24.5374618+01:00" endTime="2023-12-22T09:33:24.5530861+01:00" testType="13cdc9d9-ddb5-4fa4-a97d-d965ccfc6d4b" outcome="Passed" testListId="8c84fa94-04c1-424b-9868-57a2d4851a1d" relativeResultsDirectory="285f27e2-5bf5-4546-9e86-dd3dd9834622" />
    <UnitTestResult executionId="6b055747-fdb4-44a3-8f4c-31974492b028" testId="287aa87e-246b-cdae-b0da-8a12e15196b8" testName="SOAPCommandRequestHandler_ExecuteFunction_HandlePTZGetSessionInfo_NoDeviceId" computerName="DKSR-EFI-04" duration="00:00:00.0019235" startTime="2023-12-22T09:33:30.8968672+01:00" endTime="2023-12-22T09:33:30.8968672+01:00" testType="13cdc9d9-ddb5-4fa4-a97d-d965ccfc6d4b" outcome="Passed" testListId="8c84fa94-04c1-424b-9868-57a2d4851a1d" relativeResultsDirectory="6b055747-fdb4-44a3-8f4c-31974492b028" />
    <UnitTestResult executionId="d1e3d647-4a01-400f-b403-b145e9a95658" testId="48b4ba01-4353-a8ab-80b5-1fac51b080f4" testName="TriggerEventAsGlobalCommand_IsNull_BadRequestResult" computerName="DKSR-EFI-04" duration="00:00:00.0015758" startTime="2023-12-22T09:33:24.5218360+01:00" endTime="2023-12-22T09:33:24.5218360+01:00" testType="13cdc9d9-ddb5-4fa4-a97d-d965ccfc6d4b" outcome="Passed" testListId="8c84fa94-04c1-424b-9868-57a2d4851a1d" relativeResultsDirectory="d1e3d647-4a01-400f-b403-b145e9a95658" />
    <UnitTestResult executionId="8f8614a4-cb16-4055-b0d9-72f91bf70f45" testId="42f63e76-dc14-8542-530c-0174d7a756d0" testName="SOAPCommandRequestHandler_ExecuteFunction_HandleMulticastStart_With_Privacy_Mask" computerName="DKSR-EFI-04" duration="00:00:00.0028442" startTime="2023-12-22T09:33:30.2406142+01:00" endTime="2023-12-22T09:33:30.2406142+01:00" testType="13cdc9d9-ddb5-4fa4-a97d-d965ccfc6d4b" outcome="Passed" testListId="8c84fa94-04c1-424b-9868-57a2d4851a1d" relativeResultsDirectory="8f8614a4-cb16-4055-b0d9-72f91bf70f45" />
    <UnitTestResult executionId="608c52d6-bbf9-4e56-a0de-b08a5a1443e3" testId="2222c258-547d-11cd-1386-8c48696d41ad" testName="SOAPCommandRequestHandler_ExecuteFunction_HandleSmartSearchStart_NoSearchMaskSizeWidth" computerName="DKSR-EFI-04" duration="00:00:00.0010724" startTime="2023-12-22T09:33:30.0374877+01:00" endTime="2023-12-22T09:33:30.0374877+01:00" testType="13cdc9d9-ddb5-4fa4-a97d-d965ccfc6d4b" outcome="Passed" testListId="8c84fa94-04c1-424b-9868-57a2d4851a1d" relativeResultsDirectory="608c52d6-bbf9-4e56-a0de-b08a5a1443e3" />
    <UnitTestResult executionId="b1ad8cb7-70e9-46c6-90ce-ed6f8ae86dab" testId="143ac55a-8a0b-59cd-311c-9a7726fa1cfa" testName="RecStorage_Startup_NotAllowStart_NotKeepFailing_PwFailure_KeepOffline" computerName="DKSR-EFI-04" duration="00:00:00.0010520" startTime="2023-12-22T09:33:32.6781265+01:00" endTime="2023-12-22T09:33:32.6781265+01:00" testType="13cdc9d9-ddb5-4fa4-a97d-d965ccfc6d4b" outcome="Passed" testListId="8c84fa94-04c1-424b-9868-57a2d4851a1d" relativeResultsDirectory="b1ad8cb7-70e9-46c6-90ce-ed6f8ae86dab" />
    <UnitTestResult executionId="3a13283e-1f98-4e63-a6c4-4dae3f5ec008" testId="3c8a9a60-93f1-eaa0-ce5d-01d33a5469b1" testName="PtzManager_OnManualSessionStopping_Success" computerName="DKSR-EFI-04" duration="00:00:00.0027053" startTime="2023-12-22T09:33:51.8813436+01:00" endTime="2023-12-22T09:33:51.8813436+01:00" testType="13cdc9d9-ddb5-4fa4-a97d-d965ccfc6d4b" outcome="Passed" testListId="8c84fa94-04c1-424b-9868-57a2d4851a1d" relativeResultsDirectory="3a13283e-1f98-4e63-a6c4-4dae3f5ec008" />
    <UnitTestResult executionId="03e96c8e-a831-4c9e-9d71-da2a06ed41e4" testId="da6386de-84e3-c7b0-b319-5c8d85da9e75" testName="MediaDbCache_GetListFileSystemDiskUsage_Has_Cache_Value" computerName="DKSR-EFI-04" duration="00:00:00.0020067" startTime="2023-12-22T09:33:44.7250587+01:00" endTime="2023-12-22T09:33:44.7250587+01:00" testType="13cdc9d9-ddb5-4fa4-a97d-d965ccfc6d4b" outcome="Passed" testListId="8c84fa94-04c1-424b-9868-57a2d4851a1d" relativeResultsDirectory="03e96c8e-a831-4c9e-9d71-da2a06ed41e4" />
    <UnitTestResult executionId="166987df-8a3e-4295-99b5-f987988abbb3" testId="9531a0aa-31df-c49d-bde8-6a892fd4f616" testName="DatabaseoperationCommandhandler_VerifyStorageAndArchiveOnline_Storage_Offline" computerName="DKSR-EFI-04" duration="00:00:00.0006970" startTime="2023-12-22T09:33:45.6313142+01:00" endTime="2023-12-22T09:33:45.6313142+01:00" testType="13cdc9d9-ddb5-4fa4-a97d-d965ccfc6d4b" outcome="Passed" testListId="8c84fa94-04c1-424b-9868-57a2d4851a1d" relativeResultsDirectory="166987df-8a3e-4295-99b5-f987988abbb3" />
    <UnitTestResult executionId="91331cf3-d751-4a9e-9344-15689011c34a" testId="906e773e-aa31-137e-96c8-c0ec32561d84" testName="DatabaseoperationCommandhandler_FilterTrackIdsToThoseWithoutMediaOnRecorder_AreAllBanksOnline_Returns_false_Causes_DataExists" computerName="DKSR-EFI-04" duration="00:00:00.0013622" startTime="2023-12-22T09:33:45.5375633+01:00" endTime="2023-12-22T09:33:45.5375633+01:00" testType="13cdc9d9-ddb5-4fa4-a97d-d965ccfc6d4b" outcome="Passed" testListId="8c84fa94-04c1-424b-9868-57a2d4851a1d" relativeResultsDirectory="91331cf3-d751-4a9e-9344-15689011c34a" />
    <UnitTestResult executionId="be67849b-d641-4d0c-94d6-b89775c189b3" testId="aa419dcb-a9fd-f0b4-5f67-88a35f0e741f" testName="GetHardwareUsersCommandHandler_Execute_GetUserList_ThrowsUnknownException_Errors" computerName="DKSR-EFI-04" duration="00:00:00.0013141" startTime="2023-12-22T09:33:47.8344491+01:00" endTime="2023-12-22T09:33:47.8344491+01:00" testType="13cdc9d9-ddb5-4fa4-a97d-d965ccfc6d4b" outcome="Passed" testListId="8c84fa94-04c1-424b-9868-57a2d4851a1d" relativeResultsDirectory="be67849b-d641-4d0c-94d6-b89775c189b3" />
    <UnitTestResult executionId="469c0dd6-0047-4fe6-8b10-2eea652b450a" testId="773854c0-2e6e-556c-a55b-cb5082f671c3" testName="SearchingEmptyMask" computerName="DKSR-EFI-04" duration="00:00:00.0006318" startTime="2023-12-22T09:33:32.9437518+01:00" endTime="2023-12-22T09:33:32.9593769+01:00" testType="13cdc9d9-ddb5-4fa4-a97d-d965ccfc6d4b" outcome="Passed" testListId="8c84fa94-04c1-424b-9868-57a2d4851a1d" relativeResultsDirectory="469c0dd6-0047-4fe6-8b10-2eea652b450a" />
    <UnitTestResult executionId="8566a743-1ab8-499a-a049-a8891846c3af" testId="43a21d96-9c44-c5fd-79f4-8367daf9cc9a" testName="ConnectionShutdown_TokenUnavailable" computerName="DKSR-EFI-04" duration="00:00:00.0046120" startTime="2023-12-22T09:33:27.5374777+01:00" endTime="2023-12-22T09:33:27.5531010+01:00" testType="13cdc9d9-ddb5-4fa4-a97d-d965ccfc6d4b" outcome="Passed" testListId="8c84fa94-04c1-424b-9868-57a2d4851a1d" relativeResultsDirectory="8566a743-1ab8-499a-a049-a8891846c3af" />
    <UnitTestResult executionId="d49be146-4b6d-4628-b4f4-8539212f3881" testId="777af48f-4e34-2080-7086-ee2ddd3d27b9" testName="RegisterLiveTableExistsThenRemove" computerName="DKSR-EFI-04" duration="00:00:00.0008139" startTime="2023-12-22T09:33:44.9125597+01:00" endTime="2023-12-22T09:33:44.9125597+01:00" testType="13cdc9d9-ddb5-4fa4-a97d-d965ccfc6d4b" outcome="Passed" testListId="8c84fa94-04c1-424b-9868-57a2d4851a1d" relativeResultsDirectory="d49be146-4b6d-4628-b4f4-8539212f3881" />
    <UnitTestResult executionId="f1b4fc2b-315a-43c5-9e81-6acbe37432c9" testId="23f3f387-9cd3-0911-911a-896083eb4325" testName="HardwareScanSession_TestStartAndStopOnCompleteScan" computerName="DKSR-EFI-04" duration="00:00:01.2909182" startTime="2023-12-22T09:33:37.4437738+01:00" endTime="2023-12-22T09:33:38.7406532+01:00" testType="13cdc9d9-ddb5-4fa4-a97d-d965ccfc6d4b" outcome="Passed" testListId="8c84fa94-04c1-424b-9868-57a2d4851a1d" relativeResultsDirectory="f1b4fc2b-315a-43c5-9e81-6acbe37432c9" />
    <UnitTestResult executionId="68d0b37b-662a-4807-8c3d-05db49861691" testId="fe82c807-4832-5e8f-08c7-a4a9914235b0" testName="GetHardwareUsersCommandHandler_Execute_GetUserList_ThrowsMemoryException_Throws" computerName="DKSR-EFI-04" duration="00:00:00.0007529" startTime="2023-12-22T09:33:47.8344491+01:00" endTime="2023-12-22T09:33:47.8344491+01:00" testType="13cdc9d9-ddb5-4fa4-a97d-d965ccfc6d4b" outcome="Passed" testListId="8c84fa94-04c1-424b-9868-57a2d4851a1d" relativeResultsDirectory="68d0b37b-662a-4807-8c3d-05db49861691" />
    <UnitTestResult executionId="59bc4c10-1299-4798-9674-e2685fe0eb3b" testId="eff3c6d5-40b9-e2ff-1d79-e411426c2b2a" testName="ResponseController_ErrorResponseNullInput_BadRequestResult" computerName="DKSR-EFI-04" duration="00:00:00.0009752" startTime="2023-12-22T09:33:24.6624605+01:00" endTime="2023-12-22T09:33:24.6624605+01:00" testType="13cdc9d9-ddb5-4fa4-a97d-d965ccfc6d4b" outcome="Passed" testListId="8c84fa94-04c1-424b-9868-57a2d4851a1d" relativeResultsDirectory="59bc4c10-1299-4798-9674-e2685fe0eb3b" />
    <UnitTestResult executionId="b1050666-8ec7-4a3d-8c8f-c88919a74082" testId="e49981d3-2ce5-6303-6dfc-5344392bd815" testName="SOAPCommandRequestHandler_ExecuteFunction_HandlePTZMoveRelative_NoDeviceId" computerName="DKSR-EFI-04" duration="00:00:00.0012070" startTime="2023-12-22T09:33:30.7093647+01:00" endTime="2023-12-22T09:33:30.7093647+01:00" testType="13cdc9d9-ddb5-4fa4-a97d-d965ccfc6d4b" outcome="Passed" testListId="8c84fa94-04c1-424b-9868-57a2d4851a1d" relativeResultsDirectory="b1050666-8ec7-4a3d-8c8f-c88919a74082" />
    <UnitTestResult executionId="b5f65fca-05e3-4082-9fb9-7f6aa28dff62" testId="f4af31f6-c7b2-16eb-b8ce-9c0b9901bde3" testName="UpdateRecorderTaskProgressAsync_NotConnectedAndAt0PercentComplete_ShouldQueueCommand" computerName="DKSR-EFI-04" duration="00:00:00.0016485" startTime="2023-12-22T09:33:24.2562095+01:00" endTime="2023-12-22T09:33:24.2562095+01:00" testType="13cdc9d9-ddb5-4fa4-a97d-d965ccfc6d4b" outcome="Passed" testListId="8c84fa94-04c1-424b-9868-57a2d4851a1d" relativeResultsDirectory="b5f65fca-05e3-4082-9fb9-7f6aa28dff62" />
    <UnitTestResult executionId="03dd1f7c-8dae-46d0-8b42-4e3b70b7e416" testId="140eefae-bb91-4e67-5b7a-70bac908e4d6" testName="PtzStopSessionCommandHandler_Execute_PtzException_PatrollingSessionAttemptedReleased" computerName="DKSR-EFI-04" duration="00:00:00.0004467" startTime="2023-12-22T09:33:50.4907114+01:00" endTime="2023-12-22T09:33:50.4907114+01:00" testType="13cdc9d9-ddb5-4fa4-a97d-d965ccfc6d4b" outcome="Passed" testListId="8c84fa94-04c1-424b-9868-57a2d4851a1d" relativeResultsDirectory="03dd1f7c-8dae-46d0-8b42-4e3b70b7e416" />
    <UnitTestResult executionId="cb6113f8-2233-4fcf-a6ab-bcb56a55ad9a" testId="4aa1f8d1-4091-90cf-7b24-3ca2bebcf71b" testName="FileUploadCommandHandler_Constructor_NullArg_Throws" computerName="DKSR-EFI-04" duration="00:00:00.0008233" startTime="2023-12-22T09:33:46.0531892+01:00" endTime="2023-12-22T09:33:46.0531892+01:00" testType="13cdc9d9-ddb5-4fa4-a97d-d965ccfc6d4b" outcome="Passed" testListId="8c84fa94-04c1-424b-9868-57a2d4851a1d" relativeResultsDirectory="cb6113f8-2233-4fcf-a6ab-bcb56a55ad9a" />
    <UnitTestResult executionId="de1a5b12-4e65-47ac-b4a4-17666be431dd" testId="9e5396d8-26d1-a6bb-5232-0450d9f14ab1" testName="LicenseManager_IsFeatureLicensed_AxisOneClock_Fail" computerName="DKSR-EFI-04" duration="00:00:00.0010527" startTime="2023-12-22T09:33:33.9125059+01:00" endTime="2023-12-22T09:33:33.9125059+01:00" testType="13cdc9d9-ddb5-4fa4-a97d-d965ccfc6d4b" outcome="Passed" testListId="8c84fa94-04c1-424b-9868-57a2d4851a1d" relativeResultsDirectory="de1a5b12-4e65-47ac-b4a4-17666be431dd" />
    <UnitTestResult executionId="7225fcdc-c1f5-45cc-8bdf-4acccb80bd82" testId="fe3c3c93-891e-af05-d4d9-8e72bf2f8f73" testName="EnhanceSettings_SunnyDay_DisabledUserExcludeRegionsAndPrivacyMask" computerName="DKSR-EFI-04" duration="00:00:00.0010511" startTime="2023-12-22T09:33:33.5843788+01:00" endTime="2023-12-22T09:33:33.5843788+01:00" testType="13cdc9d9-ddb5-4fa4-a97d-d965ccfc6d4b" outcome="Passed" testListId="8c84fa94-04c1-424b-9868-57a2d4851a1d" relativeResultsDirectory="7225fcdc-c1f5-45cc-8bdf-4acccb80bd82" />
    <UnitTestResult executionId="be424ded-550b-456e-b016-d12f0a18fd01" testId="2179afc7-5504-0b02-24e4-fcc21a48aef2" testName="ReapplyHardwareSettingsManager_SetConfiguration_TimeNowBeforTriger_Success" computerName="DKSR-EFI-04" duration="00:00:00.1381447" startTime="2023-12-22T09:33:23.1624541+01:00" endTime="2023-12-22T09:33:23.3030808+01:00" testType="13cdc9d9-ddb5-4fa4-a97d-d965ccfc6d4b" outcome="Passed" testListId="8c84fa94-04c1-424b-9868-57a2d4851a1d" relativeResultsDirectory="be424ded-550b-456e-b016-d12f0a18fd01" />
    <UnitTestResult executionId="15ecf7b8-ec75-4c0c-8b35-faf2f45ea836" testId="52ee971d-7a47-9988-eb76-4c3b72649c24" testName="ConnectSuccess_Begin" computerName="DKSR-EFI-04" duration="00:00:00.0032205" startTime="2023-12-22T09:33:27.7406011+01:00" endTime="2023-12-22T09:33:27.7406011+01:00" testType="13cdc9d9-ddb5-4fa4-a97d-d965ccfc6d4b" outcome="Passed" testListId="8c84fa94-04c1-424b-9868-57a2d4851a1d" relativeResultsDirectory="15ecf7b8-ec75-4c0c-8b35-faf2f45ea836" />
    <UnitTestResult executionId="97f70a33-4824-4c6f-8c37-96fe176f96c8" testId="5f36fb77-a0ea-2cc3-265d-6c998397aeaf" testName="ResponseHandler_HandleResponse_Success_SendsMessageManagerCommand" computerName="DKSR-EFI-04" duration="00:00:00.0730462" startTime="2023-12-22T09:33:22.3030726+01:00" endTime="2023-12-22T09:33:22.3812015+01:00" testType="13cdc9d9-ddb5-4fa4-a97d-d965ccfc6d4b" outcome="Passed" testListId="8c84fa94-04c1-424b-9868-57a2d4851a1d" relativeResultsDirectory="97f70a33-4824-4c6f-8c37-96fe176f96c8" />
    <UnitTestResult executionId="5a0f2547-e5c4-41a4-815a-f56e40d690e7" testId="0585a77c-bebe-bdc3-608b-58b28ca46b8f" testName="SOAPCommandRequestHandler_ExecuteFunction_HandleSmartSearchGetResult_Success" computerName="DKSR-EFI-04" duration="00:00:00.0052217" startTime="2023-12-22T09:33:29.9593622+01:00" endTime="2023-12-22T09:33:29.9593622+01:00" testType="13cdc9d9-ddb5-4fa4-a97d-d965ccfc6d4b" outcome="Passed" testListId="8c84fa94-04c1-424b-9868-57a2d4851a1d" relativeResultsDirectory="5a0f2547-e5c4-41a4-815a-f56e40d690e7" />
    <UnitTestResult executionId="7e1d7d92-026d-4db0-b4dd-5e324675bf65" testId="5ad04535-1818-d080-de1a-2504c7ed3619" testName="SOAPCommandRequestHandler_ExecuteFunction_HandlePTZMoveAbsolute_No_Priority" computerName="DKSR-EFI-04" duration="00:00:00.0013448" startTime="2023-12-22T09:33:30.6781169+01:00" endTime="2023-12-22T09:33:30.6781169+01:00" testType="13cdc9d9-ddb5-4fa4-a97d-d965ccfc6d4b" outcome="Passed" testListId="8c84fa94-04c1-424b-9868-57a2d4851a1d" relativeResultsDirectory="7e1d7d92-026d-4db0-b4dd-5e324675bf65" />
    <UnitTestResult executionId="369da4fa-b48d-4310-b208-4e91abf3625b" testId="bad2289f-a6e1-a4e9-831a-da13c452c51c" testName="PtzManager_ForceReleaseLockedSessionFromExtension_Success" computerName="DKSR-EFI-04" duration="00:00:00.0012204" startTime="2023-12-22T09:33:52.1313458+01:00" endTime="2023-12-22T09:33:52.1313458+01:00" testType="13cdc9d9-ddb5-4fa4-a97d-d965ccfc6d4b" outcome="Passed" testListId="8c84fa94-04c1-424b-9868-57a2d4851a1d" relativeResultsDirectory="369da4fa-b48d-4310-b208-4e91abf3625b" />
    <UnitTestResult executionId="e1bb847c-b2e2-43ef-b097-a31fe20014d1" testId="35681243-c5d4-5cde-895e-fcaef21a02af" testName="PtzPatrollingSessionBase_ExternalStopAndMoveToEndPosition_Success" computerName="DKSR-EFI-04" duration="00:00:00.0013749" startTime="2023-12-22T09:33:52.3188456+01:00" endTime="2023-12-22T09:33:52.3188456+01:00" testType="13cdc9d9-ddb5-4fa4-a97d-d965ccfc6d4b" outcome="Passed" testListId="8c84fa94-04c1-424b-9868-57a2d4851a1d" relativeResultsDirectory="e1bb847c-b2e2-43ef-b097-a31fe20014d1">
      <Output>
        <StdOut>Debug Trace:&#xD;
VideoOS.Recorder.PtzPatrollingSession session started</StdOut>
      </Output>
    </UnitTestResult>
    <UnitTestResult executionId="e020f302-3a8c-4bc8-906b-31f33a12afd6" testId="f3b9e633-7b76-928d-0e2d-53d7f4cd2d22" testName="ConnectUpdate_Success" computerName="DKSR-EFI-04" duration="00:00:00.0017328" startTime="2023-12-22T09:33:27.5531010+01:00" endTime="2023-12-22T09:33:27.5531010+01:00" testType="13cdc9d9-ddb5-4fa4-a97d-d965ccfc6d4b" outcome="Passed" testListId="8c84fa94-04c1-424b-9868-57a2d4851a1d" relativeResultsDirectory="e020f302-3a8c-4bc8-906b-31f33a12afd6" />
    <UnitTestResult executionId="5b4e81be-a83a-48fe-98d4-1b73c7298fb8" testId="e108cf7f-d788-6c89-2b03-5046c8983bf3" testName="DriverProxyInstanceManager_RemoveHardware_ProxySlotsFreed" computerName="DKSR-EFI-04" duration="00:00:00.0003495" startTime="2023-12-22T09:33:22.1624488+01:00" endTime="2023-12-22T09:33:22.1624488+01:00" testType="13cdc9d9-ddb5-4fa4-a97d-d965ccfc6d4b" outcome="Passed" testListId="8c84fa94-04c1-424b-9868-57a2d4851a1d" relativeResultsDirectory="5b4e81be-a83a-48fe-98d4-1b73c7298fb8" />
    <UnitTestResult executionId="27f43861-2e38-432e-ad5c-771b1f31fc1f" testId="def81f4b-a2c5-2562-14db-1ed0468c4fe5" testName="TimeRangeConversionOneRangeInsideStartAndEndTime" computerName="DKSR-EFI-04" duration="00:00:00.0005833" startTime="2023-12-22T09:33:44.3656806+01:00" endTime="2023-12-22T09:33:44.3656806+01:00" testType="13cdc9d9-ddb5-4fa4-a97d-d965ccfc6d4b" outcome="Passed" testListId="8c84fa94-04c1-424b-9868-57a2d4851a1d" relativeResultsDirectory="27f43861-2e38-432e-ad5c-771b1f31fc1f" />
    <UnitTestResult executionId="d8cba4a8-a489-46a0-b7a8-a700889674fb" testId="54d4647f-2aaa-172d-abd6-1a48951c3396" testName="ArchiveSessionEnded_Success" computerName="DKSR-EFI-04" duration="00:00:00.0002339" startTime="2023-12-22T09:33:23.1155790+01:00" endTime="2023-12-22T09:33:23.1155790+01:00" testType="13cdc9d9-ddb5-4fa4-a97d-d965ccfc6d4b" outcome="Passed" testListId="8c84fa94-04c1-424b-9868-57a2d4851a1d" relativeResultsDirectory="d8cba4a8-a489-46a0-b7a8-a700889674fb" />
    <UnitTestResult executionId="08e858b7-bbd8-4dc6-b9fa-23126915cea1" testId="8ac31007-4ac9-2a0c-5bc0-00c2f3cc68cc" testName="ConnectFailed_UnknownStream" computerName="DKSR-EFI-04" duration="00:00:00.0015998" startTime="2023-12-22T09:33:27.4906005+01:00" endTime="2023-12-22T09:33:27.4906005+01:00" testType="13cdc9d9-ddb5-4fa4-a97d-d965ccfc6d4b" outcome="Passed" testListId="8c84fa94-04c1-424b-9868-57a2d4851a1d" relativeResultsDirectory="08e858b7-bbd8-4dc6-b9fa-23126915cea1" />
    <UnitTestResult executionId="e7c7fd29-638a-4e89-9808-205c33f577cf" testId="df8f8c56-107c-7a2c-97af-edbe14d41d29" testName="RegisterLiveTablesInStorageThenRemove" computerName="DKSR-EFI-04" duration="00:00:00.0007060" startTime="2023-12-22T09:33:44.9438114+01:00" endTime="2023-12-22T09:33:44.9438114+01:00" testType="13cdc9d9-ddb5-4fa4-a97d-d965ccfc6d4b" outcome="Passed" testListId="8c84fa94-04c1-424b-9868-57a2d4851a1d" relativeResultsDirectory="e7c7fd29-638a-4e89-9808-205c33f577cf" />
    <UnitTestResult executionId="c314e41b-8a3a-41c3-92b2-3689526dfe24" testId="f06abdbb-dcaa-48de-364a-8417d0d0f6e0" testName="SetRecordingCameraWithoutLinks" computerName="DKSR-EFI-04" duration="00:00:00.0015164" startTime="2023-12-22T09:33:33.3343780+01:00" endTime="2023-12-22T09:33:33.3343780+01:00" testType="13cdc9d9-ddb5-4fa4-a97d-d965ccfc6d4b" outcome="Passed" testListId="8c84fa94-04c1-424b-9868-57a2d4851a1d" relativeResultsDirectory="c314e41b-8a3a-41c3-92b2-3689526dfe24" />
    <UnitTestResult executionId="e77d12e2-6373-446f-812b-355f92b70066" testId="20edcd36-e17d-797f-d510-2fb355004c32" testName="SmartSearchHandlerBackwardDirectHitSingleSequence" computerName="DKSR-EFI-04" duration="00:00:00.0008703" startTime="2023-12-22T09:33:32.1156223+01:00" endTime="2023-12-22T09:33:32.1156223+01:00" testType="13cdc9d9-ddb5-4fa4-a97d-d965ccfc6d4b" outcome="Passed" testListId="8c84fa94-04c1-424b-9868-57a2d4851a1d" relativeResultsDirectory="e77d12e2-6373-446f-812b-355f92b70066" />
    <UnitTestResult executionId="94d2f9fe-f753-4d25-bbef-79dbe43a9deb" testId="9a0bb723-0bdb-ba03-fb13-485ed2050142" testName="ProcessRequest_Json_Success" computerName="DKSR-EFI-04" duration="00:00:00.0730480" startTime="2023-12-22T09:33:31.0687410+01:00" endTime="2023-12-22T09:33:31.1468670+01:00" testType="13cdc9d9-ddb5-4fa4-a97d-d965ccfc6d4b" outcome="Passed" testListId="8c84fa94-04c1-424b-9868-57a2d4851a1d" relativeResultsDirectory="94d2f9fe-f753-4d25-bbef-79dbe43a9deb" />
    <UnitTestResult executionId="694fbe92-e4e1-420e-befb-5e76aded2cda" testId="611c2b42-3a78-9da0-b609-822778d9c99c" testName="PtzManager_PtzReserveSession_Success" computerName="DKSR-EFI-04" duration="00:00:00.0011995" startTime="2023-12-22T09:33:52.1000945+01:00" endTime="2023-12-22T09:33:52.1000945+01:00" testType="13cdc9d9-ddb5-4fa4-a97d-d965ccfc6d4b" outcome="Passed" testListId="8c84fa94-04c1-424b-9868-57a2d4851a1d" relativeResultsDirectory="694fbe92-e4e1-420e-befb-5e76aded2cda" />
    <UnitTestResult executionId="2e76e89d-c46c-4e39-939b-16edfb8bd111" testId="ddaab170-434d-109b-1b52-ca2b27bc9b50" testName="ConnectSuccessSimple_AdaptiveStreamingServerCapability" computerName="DKSR-EFI-04" duration="00:00:00.0018571" startTime="2023-12-22T09:33:27.4124743+01:00" endTime="2023-12-22T09:33:27.4124743+01:00" testType="13cdc9d9-ddb5-4fa4-a97d-d965ccfc6d4b" outcome="Passed" testListId="8c84fa94-04c1-424b-9868-57a2d4851a1d" relativeResultsDirectory="2e76e89d-c46c-4e39-939b-16edfb8bd111" />
    <UnitTestResult executionId="25d1324b-8f33-465a-9084-592c5cb32cbe" testId="af7b587d-382d-cbbb-93ce-cf85a20fd517" testName="EnhanceSettings_DisabledUserExcludeRegionsAndPrivacyMaskWithoutRegionsExcludedFromMotion" computerName="DKSR-EFI-04" duration="00:00:00.0007428" startTime="2023-12-22T09:33:33.5843788+01:00" endTime="2023-12-22T09:33:33.5843788+01:00" testType="13cdc9d9-ddb5-4fa4-a97d-d965ccfc6d4b" outcome="Passed" testListId="8c84fa94-04c1-424b-9868-57a2d4851a1d" relativeResultsDirectory="25d1324b-8f33-465a-9084-592c5cb32cbe" />
    <UnitTestResult executionId="d2b432a1-1aee-4120-ac42-85dc608153cc" testId="77432722-5cee-d8a5-8112-a3e739445bce" testName="RecorderAttach_ModelIsNull_BadRequestResult" computerName="DKSR-EFI-04" duration="00:00:00.0014526" startTime="2023-12-22T09:33:24.6155847+01:00" endTime="2023-12-22T09:33:24.6155847+01:00" testType="13cdc9d9-ddb5-4fa4-a97d-d965ccfc6d4b" outcome="Passed" testListId="8c84fa94-04c1-424b-9868-57a2d4851a1d" relativeResultsDirectory="d2b432a1-1aee-4120-ac42-85dc608153cc" />
    <UnitTestResult executionId="2f6f9b56-31c9-4c70-a681-ddcdebc3a07c" testId="1afe9bf5-3a38-ce7c-f33b-53f438e354e1" testName="UpdateHardwareReadOnlySettingsAsync_ConnectedAndIncompatible_ShouldThrowAnException" computerName="DKSR-EFI-04" duration="00:00:00.0021764" startTime="2023-12-22T09:33:24.2249582+01:00" endTime="2023-12-22T09:33:24.2405849+01:00" testType="13cdc9d9-ddb5-4fa4-a97d-d965ccfc6d4b" outcome="Passed" testListId="8c84fa94-04c1-424b-9868-57a2d4851a1d" relativeResultsDirectory="2f6f9b56-31c9-4c70-a681-ddcdebc3a07c" />
    <UnitTestResult executionId="11d6f319-9b3b-48de-a7d8-2644d95fa679" testId="f527609f-d208-74cd-3add-1f102381d1e3" testName="ResponseController_ValidHeartbeatResponse_ValidHeartbeatResponseCalledOnCommManager" computerName="DKSR-EFI-04" duration="00:00:00.0006870" startTime="2023-12-22T09:33:24.6937114+01:00" endTime="2023-12-22T09:33:24.6937114+01:00" testType="13cdc9d9-ddb5-4fa4-a97d-d965ccfc6d4b" outcome="Passed" testListId="8c84fa94-04c1-424b-9868-57a2d4851a1d" relativeResultsDirectory="11d6f319-9b3b-48de-a7d8-2644d95fa679" />
    <UnitTestResult executionId="f262ec2c-8974-438b-92bd-1521e8568fe7" testId="4f83e79f-0282-c3b1-d51a-da064ad6edb6" testName="LicenseManager_QueryVisibleFeature_InvalidOperation" computerName="DKSR-EFI-04" duration="00:00:00.0024368" startTime="2023-12-22T09:33:33.8968813+01:00" endTime="2023-12-22T09:33:33.8968813+01:00" testType="13cdc9d9-ddb5-4fa4-a97d-d965ccfc6d4b" outcome="Passed" testListId="8c84fa94-04c1-424b-9868-57a2d4851a1d" relativeResultsDirectory="f262ec2c-8974-438b-92bd-1521e8568fe7" />
    <UnitTestResult executionId="23c5e4b2-2251-49e8-9219-25d889268b81" testId="90b8e0ac-3836-668f-d12a-5a7be5c8e5aa" testName="SearchingBackwardsNoOverlapsSimple" computerName="DKSR-EFI-04" duration="00:00:00.0012063" startTime="2023-12-22T09:33:33.4281278+01:00" endTime="2023-12-22T09:33:33.4281278+01:00" testType="13cdc9d9-ddb5-4fa4-a97d-d965ccfc6d4b" outcome="Passed" testListId="8c84fa94-04c1-424b-9868-57a2d4851a1d" relativeResultsDirectory="23c5e4b2-2251-49e8-9219-25d889268b81" />
    <UnitTestResult executionId="94aca92b-31ff-4576-958f-511623b8639a" testId="db377e53-1a39-0696-a7d9-ae0a159833b8" testName="ConfigurationDatasetHolder_ApplyTableDistribution_NoDistributions_NoLiveTables_Success" computerName="DKSR-EFI-04" duration="00:00:01.4460364" startTime="2023-12-22T09:33:19.3186836+01:00" endTime="2023-12-22T09:33:20.7718170+01:00" testType="13cdc9d9-ddb5-4fa4-a97d-d965ccfc6d4b" outcome="Passed" testListId="8c84fa94-04c1-424b-9868-57a2d4851a1d" relativeResultsDirectory="94aca92b-31ff-4576-958f-511623b8639a" />
    <UnitTestResult executionId="41f2f2c0-8754-4b0c-aa40-01d6da578c0d" testId="26e2aa31-b19a-1845-8c06-b89b0c1afe34" testName="PreferredAddressTable_Register_Two_Devices_Can_Have_Same_Preferred_Address" computerName="DKSR-EFI-04" duration="00:00:00.0005232" startTime="2023-12-22T09:33:33.8656308+01:00" endTime="2023-12-22T09:33:33.8656308+01:00" testType="13cdc9d9-ddb5-4fa4-a97d-d965ccfc6d4b" outcome="Passed" testListId="8c84fa94-04c1-424b-9868-57a2d4851a1d" relativeResultsDirectory="41f2f2c0-8754-4b0c-aa40-01d6da578c0d" />
    <UnitTestResult executionId="1950538f-1eb8-418d-af80-e5f71801fa5b" testId="d71aa290-e625-3826-d729-64a4bfe69f41" testName="LicenseManager_CheckHardwareLicensed_unlicensed_unlicensedAfterExpiryDateNoReplacementToken" computerName="DKSR-EFI-04" duration="00:00:00.0017678" startTime="2023-12-22T09:33:33.8968813+01:00" endTime="2023-12-22T09:33:33.8968813+01:00" testType="13cdc9d9-ddb5-4fa4-a97d-d965ccfc6d4b" outcome="Passed" testListId="8c84fa94-04c1-424b-9868-57a2d4851a1d" relativeResultsDirectory="1950538f-1eb8-418d-af80-e5f71801fa5b" />
    <UnitTestResult executionId="2f950609-54d7-48c1-aff8-e8a8632b1b5e" testId="2a53e5e6-634c-2e15-6881-64128adc81df" testName="DatabaseTaskCommandHandler_DatabaseArchiveOperationMonitor_MultiplePasses_Found" computerName="DKSR-EFI-04" duration="00:00:00.0815794" startTime="2023-12-22T09:33:45.8031897+01:00" endTime="2023-12-22T09:33:45.8813134+01:00" testType="13cdc9d9-ddb5-4fa4-a97d-d965ccfc6d4b" outcome="Passed" testListId="8c84fa94-04c1-424b-9868-57a2d4851a1d" relativeResultsDirectory="2f950609-54d7-48c1-aff8-e8a8632b1b5e" />
    <UnitTestResult executionId="61c18323-cb3f-4684-b4cf-4c71797ce769" testId="39689140-f88a-3c0a-3a46-e970f9fbef4b" testName="SOAPCommandRequestHandler_ExecuteFunction_HandlePTZCenter_NoHeight" computerName="DKSR-EFI-04" duration="00:00:00.0004809" startTime="2023-12-22T09:33:30.6156140+01:00" endTime="2023-12-22T09:33:30.6156140+01:00" testType="13cdc9d9-ddb5-4fa4-a97d-d965ccfc6d4b" outcome="Passed" testListId="8c84fa94-04c1-424b-9868-57a2d4851a1d" relativeResultsDirectory="61c18323-cb3f-4684-b4cf-4c71797ce769" />
    <UnitTestResult executionId="196fff20-e6ea-404d-bb30-c24604235e7a" testId="52c2a54e-6f69-1de0-071f-9a3eb76d2bd6" testName="IsInRange_ShouldReturnTrue_WhenAddressIsBetweenStartAndEnd" computerName="DKSR-EFI-04" duration="00:00:00.0001272" startTime="2023-12-22T09:33:44.2875585+01:00" endTime="2023-12-22T09:33:44.2875585+01:00" testType="13cdc9d9-ddb5-4fa4-a97d-d965ccfc6d4b" outcome="Passed" testListId="8c84fa94-04c1-424b-9868-57a2d4851a1d" relativeResultsDirectory="196fff20-e6ea-404d-bb30-c24604235e7a" />
    <UnitTestResult executionId="9ddcdcbf-b78d-4a68-aa78-4156b82b982e" testId="a010cdd1-6038-b1b4-098c-7ecb384094c5" testName="EvidenceLockOnOldRecorder2_PostCommandIsNull_BadRequestResult" computerName="DKSR-EFI-04" duration="00:00:00.0015669" startTime="2023-12-22T09:33:24.4749606+01:00" endTime="2023-12-22T09:33:24.4749606+01:00" testType="13cdc9d9-ddb5-4fa4-a97d-d965ccfc6d4b" outcome="Passed" testListId="8c84fa94-04c1-424b-9868-57a2d4851a1d" relativeResultsDirectory="9ddcdcbf-b78d-4a68-aa78-4156b82b982e" />
    <UnitTestResult executionId="3facca59-2519-441c-a7ff-21171e43cc04" testId="35ce816e-bf40-9fe0-7322-993123e1696a" testName="EdgeStorageLimitsManagerGetLimitsCheckConfigUpdatesParallelLimitDifferent" computerName="DKSR-EFI-04" duration="00:00:00.0014106" startTime="2023-12-22T09:33:34.0843807+01:00" endTime="2023-12-22T09:33:34.1000078+01:00" testType="13cdc9d9-ddb5-4fa4-a97d-d965ccfc6d4b" outcome="Passed" testListId="8c84fa94-04c1-424b-9868-57a2d4851a1d" relativeResultsDirectory="3facca59-2519-441c-a7ff-21171e43cc04" />
    <UnitTestResult executionId="4008cbcc-d4c0-48c1-b6f7-7d718c205267" testId="46f9f921-8409-905b-fd67-c10fd741d586" testName="RecorderTaskStopped_InternalStateNotStarted_ShouldRun" computerName="DKSR-EFI-04" duration="00:00:00.0011812" startTime="2023-12-22T09:33:24.1624595+01:00" endTime="2023-12-22T09:33:24.1780823+01:00" testType="13cdc9d9-ddb5-4fa4-a97d-d965ccfc6d4b" outcome="Passed" testListId="8c84fa94-04c1-424b-9868-57a2d4851a1d" relativeResultsDirectory="4008cbcc-d4c0-48c1-b6f7-7d718c205267" />
    <UnitTestResult executionId="3f2d05bd-0586-466c-946f-9fc22fa35ff8" testId="1fbd2580-d20c-54ad-ccea-04c9b179dee0" testName="QueryDeviceEvidenceLockSizesCommandHandler_QueryDeviceEvidenceLockSizesResponse_StorageOffline_NegativeSize" computerName="DKSR-EFI-04" duration="00:00:00.0010397" startTime="2023-12-22T09:33:50.5532122+01:00" endTime="2023-12-22T09:33:50.5532122+01:00" testType="13cdc9d9-ddb5-4fa4-a97d-d965ccfc6d4b" outcome="Passed" testListId="8c84fa94-04c1-424b-9868-57a2d4851a1d" relativeResultsDirectory="3f2d05bd-0586-466c-946f-9fc22fa35ff8" />
    <UnitTestResult executionId="2bdc802f-256b-4468-8f0f-60df729364fb" testId="224b8295-b978-2161-ab00-7a8a1c4ac760" testName="PtzReserveSessionCommandHandler_Execute_PtzException_Other" computerName="DKSR-EFI-04" duration="00:00:00.0004730" startTime="2023-12-22T09:33:50.4282122+01:00" endTime="2023-12-22T09:33:50.4282122+01:00" testType="13cdc9d9-ddb5-4fa4-a97d-d965ccfc6d4b" outcome="Passed" testListId="8c84fa94-04c1-424b-9868-57a2d4851a1d" relativeResultsDirectory="2bdc802f-256b-4468-8f0f-60df729364fb" />
    <UnitTestResult executionId="5e09f989-2ece-4452-b20a-8fe1d06ad0ac" testId="3e3ab9c7-2e19-0a76-df3b-2f8cef7a74d7" testName="GetDatabaseInfo_RecordingStorageFound_ArchiveHintFalse" computerName="DKSR-EFI-04" duration="00:00:00.0099027" startTime="2023-12-22T09:33:23.1155790+01:00" endTime="2023-12-22T09:33:23.1312033+01:00" testType="13cdc9d9-ddb5-4fa4-a97d-d965ccfc6d4b" outcome="Passed" testListId="8c84fa94-04c1-424b-9868-57a2d4851a1d" relativeResultsDirectory="5e09f989-2ece-4452-b20a-8fe1d06ad0ac" />
    <UnitTestResult executionId="cb84a143-7914-453a-9dc2-978a6ee27ebf" testId="ade80c07-6eec-3878-3c46-2f009575cf55" testName="DatabaseTaskCommandHandler_TableNameGenerator_GetDestinationNameForMovedTable_Success2" computerName="DKSR-EFI-04" duration="00:00:00.0001797" startTime="2023-12-22T09:33:45.6469386+01:00" endTime="2023-12-22T09:33:45.6469386+01:00" testType="13cdc9d9-ddb5-4fa4-a97d-d965ccfc6d4b" outcome="Passed" testListId="8c84fa94-04c1-424b-9868-57a2d4851a1d" relativeResultsDirectory="cb84a143-7914-453a-9dc2-978a6ee27ebf" />
    <UnitTestResult executionId="47311b1a-ac5e-44ce-87f3-1585c1c8baf4" testId="c5d54e22-fee6-b97e-41b8-d52827f7965f" testName="RecorderAccessTokenHandler_PopulateAuthorizationHeaderAsync_Success" computerName="DKSR-EFI-04" duration="00:00:00.1567015" startTime="2023-12-22T09:33:32.3812496+01:00" endTime="2023-12-22T09:33:32.5374991+01:00" testType="13cdc9d9-ddb5-4fa4-a97d-d965ccfc6d4b" outcome="Passed" testListId="8c84fa94-04c1-424b-9868-57a2d4851a1d" relativeResultsDirectory="47311b1a-ac5e-44ce-87f3-1585c1c8baf4" />
    <UnitTestResult executionId="dace298a-897f-45d7-8edb-1b1611d44760" testId="ac8a91aa-9faa-ece5-7fad-4f7d4a4bda15" testName="DatabaseoperationCommandhandler_DiskUsageInformationTablesPerStorage_AllFailed" computerName="DKSR-EFI-04" duration="00:00:00.0073574" startTime="2023-12-22T09:33:45.5531886+01:00" endTime="2023-12-22T09:33:45.5531886+01:00" testType="13cdc9d9-ddb5-4fa4-a97d-d965ccfc6d4b" outcome="Passed" testListId="8c84fa94-04c1-424b-9868-57a2d4851a1d" relativeResultsDirectory="dace298a-897f-45d7-8edb-1b1611d44760" />
    <UnitTestResult executionId="dc82edac-f464-4157-afe5-7df68b86c5ce" testId="d76eddb3-6543-d3be-6dea-de4c71be1644" testName="PtzManager_Move_Success" computerName="DKSR-EFI-04" duration="00:00:00.0016229" startTime="2023-12-22T09:33:52.0063456+01:00" endTime="2023-12-22T09:33:52.0063456+01:00" testType="13cdc9d9-ddb5-4fa4-a97d-d965ccfc6d4b" outcome="Passed" testListId="8c84fa94-04c1-424b-9868-57a2d4851a1d" relativeResultsDirectory="dc82edac-f464-4157-afe5-7df68b86c5ce" />
    <UnitTestResult executionId="35e1dded-7981-4014-9e9e-0f236d78db57" testId="f2811ab3-964a-259d-dcb5-a2baba57df35" testName="FailoverMediaMover_MoveMediaDataHere_Delete_RemoteTable_Fails" computerName="DKSR-EFI-04" duration="00:00:00.0059182" startTime="2023-12-22T09:33:22.9905770+01:00" endTime="2023-12-22T09:33:22.9905770+01:00" testType="13cdc9d9-ddb5-4fa4-a97d-d965ccfc6d4b" outcome="Passed" testListId="8c84fa94-04c1-424b-9868-57a2d4851a1d" relativeResultsDirectory="35e1dded-7981-4014-9e9e-0f236d78db57" />
    <UnitTestResult executionId="6488c90d-616b-4f56-93b4-28d894d658ba" testId="fee07be3-891e-3721-28cf-6d8aeebec76b" testName="GetNetworkConfigurationCommandHandler_Execute_HardwareNotStarted_Errors" computerName="DKSR-EFI-04" duration="00:00:00.0006805" startTime="2023-12-22T09:33:47.9438272+01:00" endTime="2023-12-22T09:33:47.9438272+01:00" testType="13cdc9d9-ddb5-4fa4-a97d-d965ccfc6d4b" outcome="Passed" testListId="8c84fa94-04c1-424b-9868-57a2d4851a1d" relativeResultsDirectory="6488c90d-616b-4f56-93b4-28d894d658ba" />
    <UnitTestResult executionId="9edf9efd-4aa3-4af9-9b79-2a09601f4764" testId="6a05ec9c-a31e-6a31-a748-70c9bbc050f4" testName="GetNetworkConfigurationCommandHandler_Execute_GetNetworkConfiguration_ThrowsMemoryException_Throws" computerName="DKSR-EFI-04" duration="00:00:00.0008754" startTime="2023-12-22T09:33:47.9594503+01:00" endTime="2023-12-22T09:33:47.9594503+01:00" testType="13cdc9d9-ddb5-4fa4-a97d-d965ccfc6d4b" outcome="Passed" testListId="8c84fa94-04c1-424b-9868-57a2d4851a1d" relativeResultsDirectory="9edf9efd-4aa3-4af9-9b79-2a09601f4764" />
    <UnitTestResult executionId="c03154fd-6fca-44fb-9595-a9161f90a811" testId="6a9298a7-5660-7e18-7315-5b9cdc4d96b2" testName="SetNetworkConfigurationCommandHandler_Execute_NullArgs_Throws" computerName="DKSR-EFI-04" duration="00:00:00.0079918" startTime="2023-12-22T09:33:50.8500884+01:00" endTime="2023-12-22T09:33:50.8657128+01:00" testType="13cdc9d9-ddb5-4fa4-a97d-d965ccfc6d4b" outcome="Passed" testListId="8c84fa94-04c1-424b-9868-57a2d4851a1d" relativeResultsDirectory="c03154fd-6fca-44fb-9595-a9161f90a811">
      <Output>
        <StdOut>Debug Trace:&#xD;
Fail: Command/Command handler type mismatch&#xD;
Fail: Argument null.</StdOut>
      </Output>
    </UnitTestResult>
    <UnitTestResult executionId="654b6d39-9ce7-47cf-a699-2fc78aef521b" testId="ddea05b6-294c-0745-bd8f-cb8c657bcad0" testName="RemoveNotExistingRegistrationAllowed" computerName="DKSR-EFI-04" duration="00:00:00.0003289" startTime="2023-12-22T09:33:44.9125597+01:00" endTime="2023-12-22T09:33:44.9125597+01:00" testType="13cdc9d9-ddb5-4fa4-a97d-d965ccfc6d4b" outcome="Passed" testListId="8c84fa94-04c1-424b-9868-57a2d4851a1d" relativeResultsDirectory="654b6d39-9ce7-47cf-a699-2fc78aef521b" />
    <UnitTestResult executionId="4427931e-5b7f-451a-b1b7-6657c6f5b037" testId="4bb8a0e4-4b9c-7f78-8d93-a8d66232eae9" testName="SOAPCommandRequestHandler_ExecuteFunction_HandleSequencesGet_NoDeviceId" computerName="DKSR-EFI-04" duration="00:00:00.0008494" startTime="2023-12-22T09:33:30.9749916+01:00" endTime="2023-12-22T09:33:30.9749916+01:00" testType="13cdc9d9-ddb5-4fa4-a97d-d965ccfc6d4b" outcome="Passed" testListId="8c84fa94-04c1-424b-9868-57a2d4851a1d" relativeResultsDirectory="4427931e-5b7f-451a-b1b7-6657c6f5b037" />
    <UnitTestResult executionId="3426b769-0dca-47a3-b4ff-2406ed18284b" testId="632f602b-f5d0-4e0f-a45c-a5f52b172761" testName="FailoverMediaMover_MoveMediaDataHere_Unusable_Table" computerName="DKSR-EFI-04" duration="00:00:00.0059783" startTime="2023-12-22T09:33:22.9749533+01:00" endTime="2023-12-22T09:33:22.9749533+01:00" testType="13cdc9d9-ddb5-4fa4-a97d-d965ccfc6d4b" outcome="Passed" testListId="8c84fa94-04c1-424b-9868-57a2d4851a1d" relativeResultsDirectory="3426b769-0dca-47a3-b4ff-2406ed18284b" />
    <UnitTestResult executionId="2227ae5f-6263-402c-953d-868a9f0e6721" testId="e3fa8041-f9f7-df48-f05f-064b1b9f976b" testName="HardwareSetupInformationCommand_PostCommandIsValid_NoContent" computerName="DKSR-EFI-04" duration="00:00:00.0039515" startTime="2023-12-22T09:33:24.5374618+01:00" endTime="2023-12-22T09:33:24.5374618+01:00" testType="13cdc9d9-ddb5-4fa4-a97d-d965ccfc6d4b" outcome="Passed" testListId="8c84fa94-04c1-424b-9868-57a2d4851a1d" relativeResultsDirectory="2227ae5f-6263-402c-953d-868a9f0e6721" />
    <UnitTestResult executionId="3b445d0a-0fc7-4f83-8a6f-34ed8a551033" testId="5ac31739-6e7f-cf7e-2625-b7a5bd2288af" testName="CheckForLiveAndOrphanTables_TableConfiguredInDifferentStorage" computerName="DKSR-EFI-04" duration="00:00:00.0015282" startTime="2023-12-22T09:33:32.7874990+01:00" endTime="2023-12-22T09:33:32.7874990+01:00" testType="13cdc9d9-ddb5-4fa4-a97d-d965ccfc6d4b" outcome="Passed" testListId="8c84fa94-04c1-424b-9868-57a2d4851a1d" relativeResultsDirectory="3b445d0a-0fc7-4f83-8a6f-34ed8a551033" />
    <UnitTestResult executionId="93d0ce1b-824a-400c-9ea6-3a621d45f6c8" testId="d7d1d95e-637f-4df3-7404-cac2d45fd7fa" testName="PtzManager_PausePatrolling_Success" computerName="DKSR-EFI-04" duration="00:00:00.0018646" startTime="2023-12-22T09:33:51.9907197+01:00" endTime="2023-12-22T09:33:51.9907197+01:00" testType="13cdc9d9-ddb5-4fa4-a97d-d965ccfc6d4b" outcome="Passed" testListId="8c84fa94-04c1-424b-9868-57a2d4851a1d" relativeResultsDirectory="93d0ce1b-824a-400c-9ea6-3a621d45f6c8" />
    <UnitTestResult executionId="02426949-f003-484c-8547-7118077958d7" testId="e3108ec8-5e25-f657-02ca-e68077e5c65b" testName="SOAPCommandRequestHandler_ExecuteFunction_HandlePTZDeactivatePatrollingSchema_Success" computerName="DKSR-EFI-04" duration="00:00:00.0024718" startTime="2023-12-22T09:33:30.9749916+01:00" endTime="2023-12-22T09:33:30.9749916+01:00" testType="13cdc9d9-ddb5-4fa4-a97d-d965ccfc6d4b" outcome="Passed" testListId="8c84fa94-04c1-424b-9868-57a2d4851a1d" relativeResultsDirectory="02426949-f003-484c-8547-7118077958d7" />
    <UnitTestResult executionId="c2c2cce0-9e82-4db9-b790-2b458798149f" testId="1125aafd-8d66-e0c2-4d2f-689b0526b93f" testName="SOAPCommandRequestHandler_ExecuteFunction_HandlePTZMoveRelative_NoPtzArgs" computerName="DKSR-EFI-04" duration="00:00:00.0008177" startTime="2023-12-22T09:33:30.7093647+01:00" endTime="2023-12-22T09:33:30.7093647+01:00" testType="13cdc9d9-ddb5-4fa4-a97d-d965ccfc6d4b" outcome="Passed" testListId="8c84fa94-04c1-424b-9868-57a2d4851a1d" relativeResultsDirectory="c2c2cce0-9e82-4db9-b790-2b458798149f" />
    <UnitTestResult executionId="47a00753-8422-4065-93d1-7035d8906a8e" testId="79903201-33ba-93b6-3e20-a3403f40778d" testName="AudioMessageManager_SetConfiguration" computerName="DKSR-EFI-04" duration="00:00:00.0049077" startTime="2023-12-22T09:33:52.3657222+01:00" endTime="2023-12-22T09:33:52.3657222+01:00" testType="13cdc9d9-ddb5-4fa4-a97d-d965ccfc6d4b" outcome="Passed" testListId="8c84fa94-04c1-424b-9868-57a2d4851a1d" relativeResultsDirectory="47a00753-8422-4065-93d1-7035d8906a8e" />
    <UnitTestResult executionId="915ee31b-4333-47a4-9d57-0b41b1a36f2d" testId="4630f054-24b7-f798-f6aa-0f2c71e021d2" testName="MediaDbConfigurationWriter_WriteFailoverStorageConfiguration" computerName="DKSR-EFI-04" duration="00:00:00.0107836" startTime="2023-12-22T09:33:44.8656847+01:00" endTime="2023-12-22T09:33:44.8813101+01:00" testType="13cdc9d9-ddb5-4fa4-a97d-d965ccfc6d4b" outcome="Passed" testListId="8c84fa94-04c1-424b-9868-57a2d4851a1d" relativeResultsDirectory="915ee31b-4333-47a4-9d57-0b41b1a36f2d" />
    <UnitTestResult executionId="e0869236-081f-4be7-b4d6-3c703092e742" testId="220a0741-c671-c6c1-6e3c-14099329fb32" testName="SOAPCommandRequestHandler_ExecuteFunction_HandlePTZCenter_No_Priority" computerName="DKSR-EFI-04" duration="00:00:00.0023907" startTime="2023-12-22T09:33:30.6468662+01:00" endTime="2023-12-22T09:33:30.6468662+01:00" testType="13cdc9d9-ddb5-4fa4-a97d-d965ccfc6d4b" outcome="Passed" testListId="8c84fa94-04c1-424b-9868-57a2d4851a1d" relativeResultsDirectory="e0869236-081f-4be7-b4d6-3c703092e742" />
    <UnitTestResult executionId="dc0542e4-3fa1-43d7-be9d-2abf23db9d54" testId="c25a9952-d580-af92-0886-610e90e83ab5" testName="PtzManagerDataHolder_GetOrAddPtzController_Not_Exists_No_Create" computerName="DKSR-EFI-04" duration="00:00:00.0079879" startTime="2023-12-22T09:33:51.1313414+01:00" endTime="2023-12-22T09:33:51.1469655+01:00" testType="13cdc9d9-ddb5-4fa4-a97d-d965ccfc6d4b" outcome="Passed" testListId="8c84fa94-04c1-424b-9868-57a2d4851a1d" relativeResultsDirectory="dc0542e4-3fa1-43d7-be9d-2abf23db9d54" />
    <UnitTestResult executionId="53e67e3d-1b82-462f-8a37-43ec8b32a704" testId="41585dcc-8c99-3c82-1806-42dfea182e7a" testName="GetStatistics_Framerate_JPEG_Not_Enough_Data_Gives_Zero_Percent" computerName="DKSR-EFI-04" duration="00:00:00.0057018" startTime="2023-12-22T09:33:33.4750032+01:00" endTime="2023-12-22T09:33:33.4906283+01:00" testType="13cdc9d9-ddb5-4fa4-a97d-d965ccfc6d4b" outcome="Passed" testListId="8c84fa94-04c1-424b-9868-57a2d4851a1d" relativeResultsDirectory="53e67e3d-1b82-462f-8a37-43ec8b32a704" />
    <UnitTestResult executionId="e6df29b1-0ca2-4660-8c54-e75e9db77420" testId="19f6cec6-dca0-1fa4-b0b6-8a53a7db5db8" testName="Configuration_LogParameterIsNull_ThrowsArgumentNullException" computerName="DKSR-EFI-04" startTime="2023-12-22T09:33:24.6937114+01:00" endTime="2023-12-22T09:33:24.7093362+01:00" testType="13cdc9d9-ddb5-4fa4-a97d-d965ccfc6d4b" outcome="NotExecuted" testListId="8c84fa94-04c1-424b-9868-57a2d4851a1d" relativeResultsDirectory="e6df29b1-0ca2-4660-8c54-e75e9db77420">
      <Output></Output>
    </UnitTestResult>
    <UnitTestResult executionId="e5ae3d69-7599-4b35-9d98-2dc473216954" testId="c61280df-d89a-c848-5702-a599254c9c7f" testName="QueryDeviceEvidenceLockSizesCommandHandler_SetEvidenceLocksNotCalled_ErrorResponse" computerName="DKSR-EFI-04" duration="00:00:00.0005384" startTime="2023-12-22T09:33:50.5375870+01:00" endTime="2023-12-22T09:33:50.5375870+01:00" testType="13cdc9d9-ddb5-4fa4-a97d-d965ccfc6d4b" outcome="Passed" testListId="8c84fa94-04c1-424b-9868-57a2d4851a1d" relativeResultsDirectory="e5ae3d69-7599-4b35-9d98-2dc473216954" />
    <UnitTestResult executionId="94390f55-33fd-4862-8db0-e8f69a4777dd" testId="bfb0ef35-4354-9b55-fc8d-a9ae1e504422" testName="CheckExternalRecorderRegistrationCommandHandler_Execute_HardwareNotFound_FailResponse" computerName="DKSR-EFI-04" duration="00:00:00.0004629" startTime="2023-12-22T09:33:45.3656882+01:00" endTime="2023-12-22T09:33:45.3656882+01:00" testType="13cdc9d9-ddb5-4fa4-a97d-d965ccfc6d4b" outcome="Passed" testListId="8c84fa94-04c1-424b-9868-57a2d4851a1d" relativeResultsDirectory="94390f55-33fd-4862-8db0-e8f69a4777dd" />
    <UnitTestResult executionId="4734c93c-1da6-468e-a8a0-cc857c0278ac" testId="eb1c41cd-9a93-cbc5-e6b6-6422a22e8228" testName="ConnectSuccess_Browse_NoMedia" computerName="DKSR-EFI-04" duration="00:00:00.0028998" startTime="2023-12-22T09:33:27.8499763+01:00" endTime="2023-12-22T09:33:27.8656033+01:00" testType="13cdc9d9-ddb5-4fa4-a97d-d965ccfc6d4b" outcome="Passed" testListId="8c84fa94-04c1-424b-9868-57a2d4851a1d" relativeResultsDirectory="4734c93c-1da6-468e-a8a0-cc857c0278ac" />
    <UnitTestResult executionId="b7b9c019-a9cb-4471-b112-7a24c9651854" testId="ab6149ce-419d-6770-605d-0aacf6146f80" testName="FirmwareUpgradeCommandHandler_Execute_FirmwareUpgrade_ThrowsFirmwareUpgradeSessionNotFound_Errors" computerName="DKSR-EFI-04" duration="00:00:00.0011350" startTime="2023-12-22T09:33:47.6156967+01:00" endTime="2023-12-22T09:33:47.6313241+01:00" testType="13cdc9d9-ddb5-4fa4-a97d-d965ccfc6d4b" outcome="Passed" testListId="8c84fa94-04c1-424b-9868-57a2d4851a1d" relativeResultsDirectory="b7b9c019-a9cb-4471-b112-7a24c9651854" />
    <UnitTestResult executionId="a8f37a7c-f592-4c26-8782-56f18bfeeefd" testId="f06192a7-4276-8849-c001-acb1fdd01067" testName="SOAPCommandRequestHandler_ExecuteFunction_HandleSequencesGetAround_No_Camera_Security" computerName="DKSR-EFI-04" duration="00:00:00.0017172" startTime="2023-12-22T09:33:29.8343605+01:00" endTime="2023-12-22T09:33:29.8343605+01:00" testType="13cdc9d9-ddb5-4fa4-a97d-d965ccfc6d4b" outcome="Passed" testListId="8c84fa94-04c1-424b-9868-57a2d4851a1d" relativeResultsDirectory="a8f37a7c-f592-4c26-8782-56f18bfeeefd" />
    <UnitTestResult executionId="cc4d4c44-a4ea-4804-8af9-3fb3bf9cb962" testId="727d3ba8-cdbd-539c-f6d6-debf67adbd75" testName="MediaDbUtil_MultitrackNavigation_Scenario03" computerName="DKSR-EFI-04" duration="00:00:00.0417103" startTime="2023-12-22T09:33:28.5218546+01:00" endTime="2023-12-22T09:33:28.5687287+01:00" testType="13cdc9d9-ddb5-4fa4-a97d-d965ccfc6d4b" outcome="Passed" testListId="8c84fa94-04c1-424b-9868-57a2d4851a1d" relativeResultsDirectory="cc4d4c44-a4ea-4804-8af9-3fb3bf9cb962">
      <Output>
        <StdOut>TestContext Messages:&#xD;
Before&#xD;
Navigation:  "  V                                     "&#xD;
Source    :  "1----1-----1-----1----1-----            "&#xD;
Unable to move&#xD;
&#xD;
AtOrBefore&#xD;
Navigation:  "  V                                     "&#xD;
Source    :  "1----1-----1-----1----1-----            "&#xD;
Expected  :  "1----N                                  "&#xD;
Actual    :  "1----N                                  "&#xD;
&#xD;
AtOrAfter&#xD;
Navigation:  "  V                                     "&#xD;
Source    :  "1----1-----1-----1----1-----            "&#xD;
Expected  :  "1----N                                  "&#xD;
Actual    :  "1----N                                  "&#xD;
&#xD;
After&#xD;
Navigation:  "  V                                     "&#xD;
Source    :  "1----1-----1-----1----1-----            "&#xD;
Expected  :  "P    1-----N                            "&#xD;
Actual    :  "P    1-----N                            "&#xD;
&#xD;
Before&#xD;
Navigation:  "       V                                "&#xD;
Source    :  "1----1-----1-----1----1-----            "&#xD;
Expected  :  "1----N                                  "&#xD;
Actual    :  "1----N                                  "&#xD;
&#xD;
AtOrBefore&#xD;
Navigation:  "       V                                "&#xD;
Source    :  "1----1-----1-----1----1-----            "&#xD;
Expected  :  "P    1-----N                            "&#xD;
Actual    :  "P    1-----N                            "&#xD;
&#xD;
AtOrAfter&#xD;
Navigation:  "       V                                "&#xD;
Source    :  "1----1-----1-----1----1-----            "&#xD;
Expected  :  "P    1-----N                            "&#xD;
Actual    :  "P    1-----N                            "&#xD;
&#xD;
After&#xD;
Navigation:  "       V                                "&#xD;
Source    :  "1----1-----1-----1----1-----            "&#xD;
Expected  :  "     P     1-----N                      "&#xD;
Actual    :  "     P     1-----N                      "&#xD;
&#xD;
Before&#xD;
Navigation:  "            V                           "&#xD;
Source    :  "1----1-----1-----1----1-----            "&#xD;
Expected  :  "P    1-----N                            "&#xD;
Actual    :  "P    1-----N                            "&#xD;
&#xD;
AtOrBefore&#xD;
Navigation:  "            V                           "&#xD;
Source    :  "1----1-----1-----1----1-----            "&#xD;
Expected  :  "     P     1-----N                      "&#xD;
Actual    :  "     P     1-----N                      "&#xD;
&#xD;
AtOrAfter&#xD;
Navigation:  "            V                           "&#xD;
Source    :  "1----1-----1-----1----1-----            "&#xD;
Expected  :  "     P     1-----N                      "&#xD;
Actual    :  "     P     1-----N                      "&#xD;
&#xD;
After&#xD;
Navigation:  "            V                           "&#xD;
Source    :  "1----1-----1-----1----1-----            "&#xD;
Expected  :  "           P     1----N                 "&#xD;
Actual    :  "           P     1----N                 "&#xD;
&#xD;
Before&#xD;
Navigation:  "              V                         "&#xD;
Source    :  "1----1-----1-----1----1-----            "&#xD;
Expected  :  "P    1-----N                            "&#xD;
Actual    :  "P    1-----N                            "&#xD;
&#xD;
AtOrBefore&#xD;
Navigation:  "              V                         "&#xD;
Source    :  "1----1-----1-----1----1-----            "&#xD;
Expected  :  "     P     1-----N                      "&#xD;
Actual    :  "     P     1-----N                      "&#xD;
&#xD;
AtOrAfter&#xD;
Navigation:  "              V                         "&#xD;
Source    :  "1----1-----1-----1----1-----            "&#xD;
Expected  :  "     P     1-----N                      "&#xD;
Actual    :  "     P     1-----N                      "&#xD;
&#xD;
After&#xD;
Navigation:  "              V                         "&#xD;
Source    :  "1----1-----1-----1----1-----            "&#xD;
Expected  :  "           P     1----N                 "&#xD;
Actual    :  "           P     1----N                 "&#xD;
&#xD;
Before&#xD;
Navigation:  "                V                       "&#xD;
Source    :  "1----1-----1-----1----1-----            "&#xD;
Expected  :  "P    1-----N                            "&#xD;
Actual    :  "P    1-----N                            "&#xD;
&#xD;
AtOrBefore&#xD;
Navigation:  "                V                       "&#xD;
Source    :  "1----1-----1-----1----1-----            "&#xD;
Expected  :  "     P     1-----N                      "&#xD;
Actual    :  "     P     1-----N                      "&#xD;
&#xD;
AtOrAfter&#xD;
Navigation:  "                V                       "&#xD;
Source    :  "1----1-----1-----1----1-----            "&#xD;
Expected  :  "     P     1-----N                      "&#xD;
Actual    :  "     P     1-----N                      "&#xD;
&#xD;
After&#xD;
Navigation:  "                V                       "&#xD;
Source    :  "1----1-----1-----1----1-----            "&#xD;
Expected  :  "           P     1----N                 "&#xD;
Actual    :  "           P     1----N                 "&#xD;
&#xD;
Before&#xD;
Navigation:  "                   V                    "&#xD;
Source    :  "1----1-----1-----1----1-----            "&#xD;
Expected  :  "     P     1-----N                      "&#xD;
Actual    :  "     P     1-----N                      "&#xD;
&#xD;
AtOrBefore&#xD;
Navigation:  "                   V                    "&#xD;
Source    :  "1----1-----1-----1----1-----            "&#xD;
Expected  :  "           P     1----N                 "&#xD;
Actual    :  "           P     1----N                 "&#xD;
&#xD;
AtOrAfter&#xD;
Navigation:  "                   V                    "&#xD;
Source    :  "1----1-----1-----1----1-----            "&#xD;
Expected  :  "           P     1----N                 "&#xD;
Actual    :  "           P     1----N                 "&#xD;
&#xD;
After&#xD;
Navigation:  "                   V                    "&#xD;
Source    :  "1----1-----1-----1----1-----            "&#xD;
Expected  :  "                 P    1-----            "&#xD;
Actual    :  "                 P    1-----            "&#xD;
&#xD;
Before&#xD;
Navigation:  "                       V                "&#xD;
Source    :  "1----1-----1-----1----1-----            "&#xD;
Expected  :  "           P     1----N                 "&#xD;
Actual    :  "           P     1----N                 "&#xD;
&#xD;
AtOrBefore&#xD;
Navigation:  "                       V                "&#xD;
Source    :  "1----1-----1-----1----1-----            "&#xD;
Expected  :  "                 P    1-----            "&#xD;
Actual    :  "                 P    1-----            "&#xD;
&#xD;
AtOrAfter&#xD;
Navigation:  "                       V                "&#xD;
Source    :  "1----1-----1-----1----1-----            "&#xD;
Expected  :  "                 P    1-----            "&#xD;
Actual    :  "                 P    1-----            "&#xD;
&#xD;
After&#xD;
Navigation:  "                       V                "&#xD;
Source    :  "1----1-----1-----1----1-----            "&#xD;
Unable to move&#xD;
&#xD;
Before&#xD;
Navigation:  "                                      V "&#xD;
Source    :  "1----1-----1-----1----1-----            "&#xD;
Expected  :  "                 P    1-----            "&#xD;
Actual    :  "                 P    1-----            "&#xD;
&#xD;
AtOrBefore&#xD;
Navigation:  "                                      V "&#xD;
Source    :  "1----1-----1-----1----1-----            "&#xD;
Expected  :  "                 P    1-----            "&#xD;
Actual    :  "                 P    1-----            "&#xD;
&#xD;
AtOrAfter&#xD;
Navigation:  "                                      V "&#xD;
Source    :  "1----1-----1-----1----1-----            "&#xD;
Unable to move&#xD;
&#xD;
After&#xD;
Navigation:  "                                      V "&#xD;
Source    :  "1----1-----1-----1----1-----            "&#xD;
Unable to move&#xD;
&#xD;
Before&#xD;
Navigation:  "  V                                     "&#xD;
Source    :  "1----1-----1---    2-----2-----         "&#xD;
Unable to move&#xD;
&#xD;
AtOrBefore&#xD;
Navigation:  "  V                                     "&#xD;
Source    :  "1----1-----1---    2-----2-----         "&#xD;
Expected  :  "1----N                                  "&#xD;
Actual    :  "1----N                                  "&#xD;
&#xD;
AtOrAfter&#xD;
Navigation:  "  V                                     "&#xD;
Source    :  "1----1-----1---    2-----2-----         "&#xD;
Expected  :  "1----N                                  "&#xD;
Actual    :  "1----N                                  "&#xD;
&#xD;
After&#xD;
Navigation:  "  V                                     "&#xD;
Source    :  "1----1-----1---    2-----2-----         "&#xD;
Expected  :  "P    1-----N                            "&#xD;
Actual    :  "P    1-----N                            "&#xD;
&#xD;
Before&#xD;
Navigation:  "       V                                "&#xD;
Source    :  "1----1-----1---    2-----2-----         "&#xD;
Expected  :  "1----N                                  "&#xD;
Actual    :  "1----N                                  "&#xD;
&#xD;
AtOrBefore&#xD;
Navigation:  "       V                                "&#xD;
Source    :  "1----1-----1---    2-----2-----         "&#xD;
Expected  :  "P    1-----N                            "&#xD;
Actual    :  "P    1-----N                            "&#xD;
&#xD;
AtOrAfter&#xD;
Navigation:  "       V                                "&#xD;
Source    :  "1----1-----1---    2-----2-----         "&#xD;
Expected  :  "P    1-----N                            "&#xD;
Actual    :  "P    1-----N                            "&#xD;
&#xD;
After&#xD;
Navigation:  "       V                                "&#xD;
Source    :  "1----1-----1---    2-----2-----         "&#xD;
Expected  :  "     P     1---    N                    "&#xD;
Actual    :  "     P     1---    N                    "&#xD;
&#xD;
Before&#xD;
Navigation:  "            V                           "&#xD;
Source    :  "1----1-----1---    2-----2-----         "&#xD;
Expected  :  "P    1-----N                            "&#xD;
Actual    :  "P    1-----N                            "&#xD;
&#xD;
AtOrBefore&#xD;
Navigation:  "            V                           "&#xD;
Source    :  "1----1-----1---    2-----2-----         "&#xD;
Expected  :  "     P     1---    N                    "&#xD;
Actual    :  "     P     1---    N                    "&#xD;
&#xD;
AtOrAfter&#xD;
Navigation:  "            V                           "&#xD;
Source    :  "1----1-----1---    2-----2-----         "&#xD;
Expected  :  "     P     1---    N                    "&#xD;
Actual    :  "     P     1---    N                    "&#xD;
&#xD;
After&#xD;
Navigation:  "            V                           "&#xD;
Source    :  "1----1-----1---    2-----2-----         "&#xD;
Expected  :  "           P       2-----N              "&#xD;
Actual    :  "           P       2-----N              "&#xD;
&#xD;
Before&#xD;
Navigation:  "              V                         "&#xD;
Source    :  "1----1-----1---    2-----2-----         "&#xD;
Expected  :  "P    1-----N                            "&#xD;
Actual    :  "P    1-----N                            "&#xD;
&#xD;
AtOrBefore&#xD;
Navigation:  "              V                         "&#xD;
Source    :  "1----1-----1---    2-----2-----         "&#xD;
Expected  :  "     P     1---    N                    "&#xD;
Actual    :  "     P     1---    N                    "&#xD;
&#xD;
AtOrAfter&#xD;
Navigation:  "              V                         "&#xD;
Source    :  "1----1-----1---    2-----2-----         "&#xD;
Expected  :  "     P     1---    N                    "&#xD;
Actual    :  "     P     1---    N                    "&#xD;
&#xD;
After&#xD;
Navigation:  "              V                         "&#xD;
Source    :  "1----1-----1---    2-----2-----         "&#xD;
Expected  :  "           P       2-----N              "&#xD;
Actual    :  "           P       2-----N              "&#xD;
&#xD;
Before&#xD;
Navigation:  "                V                       "&#xD;
Source    :  "1----1-----1---    2-----2-----         "&#xD;
Expected  :  "     P     1---    N                    "&#xD;
Actual    :  "     P     1---    N                    "&#xD;
&#xD;
AtOrBefore&#xD;
Navigation:  "                V                       "&#xD;
Source    :  "1----1-----1---    2-----2-----         "&#xD;
Expected  :  "     P     1---    N                    "&#xD;
Actual    :  "     P     1---    N                    "&#xD;
&#xD;
AtOrAfter&#xD;
Navigation:  "                V                       "&#xD;
Source    :  "1----1-----1---    2-----2-----         "&#xD;
Expected  :  "           P       2-----N              "&#xD;
Actual    :  "           P       2-----N              "&#xD;
&#xD;
After&#xD;
Navigation:  "                V                       "&#xD;
Source    :  "1----1-----1---    2-----2-----         "&#xD;
Expected  :  "           P       2-----N              "&#xD;
Actual    :  "           P       2-----N              "&#xD;
&#xD;
Before&#xD;
Navigation:  "                   V                    "&#xD;
Source    :  "1----1-----1---    2-----2-----         "&#xD;
Expected  :  "     P     1---    N                    "&#xD;
Actual    :  "     P     1---    N                    "&#xD;
&#xD;
AtOrBefore&#xD;
Navigation:  "                   V                    "&#xD;
Source    :  "1----1-----1---    2-----2-----         "&#xD;
Expected  :  "           P       2-----N              "&#xD;
Actual    :  "           P       2-----N              "&#xD;
&#xD;
AtOrAfter&#xD;
Navigation:  "                   V                    "&#xD;
Source    :  "1----1-----1---    2-----2-----         "&#xD;
Expected  :  "           P       2-----N              "&#xD;
Actual    :  "           P       2-----N              "&#xD;
&#xD;
After&#xD;
Navigation:  "                   V                    "&#xD;
Source    :  "1----1-----1---    2-----2-----         "&#xD;
Expected  :  "                   P     2-----         "&#xD;
Actual    :  "                   P     2-----         "&#xD;
&#xD;
Before&#xD;
Navigation:  "                       V                "&#xD;
Source    :  "1----1-----1---    2-----2-----         "&#xD;
Expected  :  "     P     1---    N                    "&#xD;
Actual    :  "     P     1---    N                    "&#xD;
&#xD;
AtOrBefore&#xD;
Navigation:  "                       V                "&#xD;
Source    :  "1----1-----1---    2-----2-----         "&#xD;
Expected  :  "           P       2-----N              "&#xD;
Actual    :  "           P       2-----N              "&#xD;
&#xD;
AtOrAfter&#xD;
Navigation:  "                       V                "&#xD;
Source    :  "1----1-----1---    2-----2-----         "&#xD;
Expected  :  "           P       2-----N              "&#xD;
Actual    :  "           P       2-----N              "&#xD;
&#xD;
After&#xD;
Navigation:  "                       V                "&#xD;
Source    :  "1----1-----1---    2-----2-----         "&#xD;
Expected  :  "                   P     2-----         "&#xD;
Actual    :  "                   P     2-----         "&#xD;
&#xD;
Before&#xD;
Navigation:  "                                      V "&#xD;
Source    :  "1----1-----1---    2-----2-----         "&#xD;
Expected  :  "                   P     2-----         "&#xD;
Actual    :  "                   P     2-----         "&#xD;
&#xD;
AtOrBefore&#xD;
Navigation:  "                                      V "&#xD;
Source    :  "1----1-----1---    2-----2-----         "&#xD;
Expected  :  "                   P     2-----         "&#xD;
Actual    :  "                   P     2-----         "&#xD;
&#xD;
AtOrAfter&#xD;
Navigation:  "                                      V "&#xD;
Source    :  "1----1-----1---    2-----2-----         "&#xD;
Unable to move&#xD;
&#xD;
After&#xD;
Navigation:  "                                      V "&#xD;
Source    :  "1----1-----1---    2-----2-----         "&#xD;
Unable to move</StdOut>
      </Output>
    </UnitTestResult>
    <UnitTestResult executionId="74030136-0698-4a04-ad99-ce5ae92619d0" testId="aba99fc6-3d31-95d1-311f-ba8853e03d7e" testName="PtzManagerDataHolder_GetOrAddPtzController_Device_Ptz_Not_Preset" computerName="DKSR-EFI-04" duration="00:00:00.0581194" startTime="2023-12-22T09:33:51.2407142+01:00" endTime="2023-12-22T09:33:51.2875883+01:00" testType="13cdc9d9-ddb5-4fa4-a97d-d965ccfc6d4b" outcome="Passed" testListId="8c84fa94-04c1-424b-9868-57a2d4851a1d" relativeResultsDirectory="74030136-0698-4a04-ad99-ce5ae92619d0">
      <Output>
        <StdOut>Debug Trace:&#xD;
VideoOS.Recorder.PtzDefaultSession session started&#xD;
VideoOS.Recorder.PtzDefaultSession session, OnBeforeExecuteRequest&#xD;
VideoOS.Recorder.PtzDefaultSession session stopped</StdOut>
      </Output>
    </UnitTestResult>
    <UnitTestResult executionId="f93d7655-ec98-4ada-9b6f-3a4433bd501b" testId="c56ceeab-d742-8985-e475-23e0921ae7e8" testName="GetNetworkConfigurationCommandHandler_Execute_InterfaceDisabled_Errors" computerName="DKSR-EFI-04" duration="00:00:00.0008933" startTime="2023-12-22T09:33:47.9282011+01:00" endTime="2023-12-22T09:33:47.9282011+01:00" testType="13cdc9d9-ddb5-4fa4-a97d-d965ccfc6d4b" outcome="Passed" testListId="8c84fa94-04c1-424b-9868-57a2d4851a1d" relativeResultsDirectory="f93d7655-ec98-4ada-9b6f-3a4433bd501b" />
    <UnitTestResult executionId="8dbc6597-a52d-48dc-8371-4af360363d92" testId="8b0936f0-4e55-fe7e-b036-f0392c76237f" testName="MediaDbConfigurationWriter_WriteBankDescriptionConfiguration" computerName="DKSR-EFI-04" duration="00:00:00.0008176" startTime="2023-12-22T09:33:44.8656847+01:00" endTime="2023-12-22T09:33:44.8656847+01:00" testType="13cdc9d9-ddb5-4fa4-a97d-d965ccfc6d4b" outcome="Passed" testListId="8c84fa94-04c1-424b-9868-57a2d4851a1d" relativeResultsDirectory="8dbc6597-a52d-48dc-8371-4af360363d92" />
    <UnitTestResult executionId="61e5edc8-47c1-4880-bc25-02ed8f3435fe" testId="796dbe30-d40d-ffcf-7b21-9ff6e74b6a15" testName="PtzPatrollingSessionBase_Start_Success" computerName="DKSR-EFI-04" duration="00:00:00.0008427" startTime="2023-12-22T09:33:52.2875956+01:00" endTime="2023-12-22T09:33:52.3032217+01:00" testType="13cdc9d9-ddb5-4fa4-a97d-d965ccfc6d4b" outcome="Passed" testListId="8c84fa94-04c1-424b-9868-57a2d4851a1d" relativeResultsDirectory="61e5edc8-47c1-4880-bc25-02ed8f3435fe">
      <Output>
        <StdOut>Debug Trace:&#xD;
VideoOS.Recorder.PtzPatrollingSession session started</StdOut>
      </Output>
    </UnitTestResult>
    <UnitTestResult executionId="b5e2c2d5-0a3f-4eac-8e96-0cd5feb8f932" testId="3b65d8c8-c8dc-c975-b1e1-ec6988dabef6" testName="FirmwareUpgradeCommandHandler_Execute_HardwareNotFound_Fails" computerName="DKSR-EFI-04" duration="00:00:00.0094592" startTime="2023-12-22T09:33:46.1156906+01:00" endTime="2023-12-22T09:33:46.1313146+01:00" testType="13cdc9d9-ddb5-4fa4-a97d-d965ccfc6d4b" outcome="Passed" testListId="8c84fa94-04c1-424b-9868-57a2d4851a1d" relativeResultsDirectory="b5e2c2d5-0a3f-4eac-8e96-0cd5feb8f932" />
    <UnitTestResult executionId="485b3565-502f-4d7b-97e6-880819759245" testId="48fa1b99-e905-5cf3-f29e-0622eff8efa2" testName="AudioMessageManager_PlayAudioMessageThread_Stop_During_Play" computerName="DKSR-EFI-04" duration="00:00:00.0015077" startTime="2023-12-22T09:33:52.4126000+01:00" endTime="2023-12-22T09:33:52.4126000+01:00" testType="13cdc9d9-ddb5-4fa4-a97d-d965ccfc6d4b" outcome="Passed" testListId="8c84fa94-04c1-424b-9868-57a2d4851a1d" relativeResultsDirectory="485b3565-502f-4d7b-97e6-880819759245" />
    <UnitTestResult executionId="e7776304-d1e4-4529-a305-32a355adf13a" testId="89878e7d-5fe9-ed93-ec6d-b98c812aaceb" testName="GetStatistics_Framerate_MPEG_Long_GoP_75_Percent" computerName="DKSR-EFI-04" duration="00:00:00.0003924" startTime="2023-12-22T09:33:33.5062558+01:00" endTime="2023-12-22T09:33:33.5062558+01:00" testType="13cdc9d9-ddb5-4fa4-a97d-d965ccfc6d4b" outcome="Passed" testListId="8c84fa94-04c1-424b-9868-57a2d4851a1d" relativeResultsDirectory="e7776304-d1e4-4529-a305-32a355adf13a" />
    <UnitTestResult executionId="ee0edfe7-969c-40de-b560-866c0e4077b2" testId="ac23d499-5db5-40ba-bc6d-e74471358df3" testName="SOAPCommandRequestHandler_ExecuteFunction_HandleSendDriverCommandWithResponse_NoSecurity" computerName="DKSR-EFI-04" duration="00:00:00.0014935" startTime="2023-12-22T09:33:30.3031141+01:00" endTime="2023-12-22T09:33:30.3031141+01:00" testType="13cdc9d9-ddb5-4fa4-a97d-d965ccfc6d4b" outcome="Passed" testListId="8c84fa94-04c1-424b-9868-57a2d4851a1d" relativeResultsDirectory="ee0edfe7-969c-40de-b560-866c0e4077b2" />
    <UnitTestResult executionId="e73eade4-8b8c-4d09-ad5a-e67a434dcf46" testId="2c94bf9d-4b8a-41a8-a139-1614d07c1390" testName="SetNetworkConfigurationCommandHandler_Execute_HardwareBlocked_Errors" computerName="DKSR-EFI-04" duration="00:00:00.0011382" startTime="2023-12-22T09:33:50.8969631+01:00" endTime="2023-12-22T09:33:50.8969631+01:00" testType="13cdc9d9-ddb5-4fa4-a97d-d965ccfc6d4b" outcome="Passed" testListId="8c84fa94-04c1-424b-9868-57a2d4851a1d" relativeResultsDirectory="e73eade4-8b8c-4d09-ad5a-e67a434dcf46" />
    <UnitTestResult executionId="1331eb2d-f674-400b-8a43-e72ccd04899d" testId="25bfeecd-33e8-dc9c-0884-9674ccccb38b" testName="DeleteHardwareUserCommandHandler_Execute_UsernameNotRecognized_Error" computerName="DKSR-EFI-04" duration="00:00:00.0008942" startTime="2023-12-22T09:33:45.9438142+01:00" endTime="2023-12-22T09:33:45.9438142+01:00" testType="13cdc9d9-ddb5-4fa4-a97d-d965ccfc6d4b" outcome="Passed" testListId="8c84fa94-04c1-424b-9868-57a2d4851a1d" relativeResultsDirectory="1331eb2d-f674-400b-8a43-e72ccd04899d" />
    <UnitTestResult executionId="b8408a3c-b086-4005-96aa-9feb2483a359" testId="f5ab79e3-803b-bf2c-0bf1-3e840dcef81b" testName="GetAbsolutePtzPositionCommandHandler_Constructor_Argument_Exception" computerName="DKSR-EFI-04" duration="00:00:00.0159818" startTime="2023-12-22T09:33:47.6625725+01:00" endTime="2023-12-22T09:33:47.6781986+01:00" testType="13cdc9d9-ddb5-4fa4-a97d-d965ccfc6d4b" outcome="Passed" testListId="8c84fa94-04c1-424b-9868-57a2d4851a1d" relativeResultsDirectory="b8408a3c-b086-4005-96aa-9feb2483a359">
      <Output>
        <StdOut>Debug Trace:&#xD;
Fail: Argument null</StdOut>
      </Output>
    </UnitTestResult>
    <UnitTestResult executionId="d29a230a-8e1e-4c9c-bf22-cf277dead567" testId="5486909e-82f0-43bd-9354-a32cb8d28664" testName="CheckDeleteDeviceMediaCommandHandler_MediaDbRepairInProgressNoAction" computerName="DKSR-EFI-04" duration="00:00:00.0008046" startTime="2023-12-22T09:33:45.2250612+01:00" endTime="2023-12-22T09:33:45.2250612+01:00" testType="13cdc9d9-ddb5-4fa4-a97d-d965ccfc6d4b" outcome="Passed" testListId="8c84fa94-04c1-424b-9868-57a2d4851a1d" relativeResultsDirectory="d29a230a-8e1e-4c9c-bf22-cf277dead567" />
    <UnitTestResult executionId="5a421bf1-1d95-4983-a61b-50f3cfbee3e2" testId="b4898590-9558-754a-1593-f9bac79dc377" testName="MediaDbCache_GetListFileSystemDiskUsage_Timeout" computerName="DKSR-EFI-04" duration="00:00:00.0663790" startTime="2023-12-22T09:33:44.7250587+01:00" endTime="2023-12-22T09:33:44.8031840+01:00" testType="13cdc9d9-ddb5-4fa4-a97d-d965ccfc6d4b" outcome="Passed" testListId="8c84fa94-04c1-424b-9868-57a2d4851a1d" relativeResultsDirectory="5a421bf1-1d95-4983-a61b-50f3cfbee3e2" />
    <UnitTestResult executionId="78e639ea-8a10-461c-b8ba-96e5069a1932" testId="426f4262-ea97-4220-480b-e6f36c13c52d" testName="TimeRangeConversionRangeEndTimeBeforeRangeStartTime" computerName="DKSR-EFI-04" duration="00:00:00.0022692" startTime="2023-12-22T09:33:44.4438087+01:00" endTime="2023-12-22T09:33:44.4438087+01:00" testType="13cdc9d9-ddb5-4fa4-a97d-d965ccfc6d4b" outcome="Passed" testListId="8c84fa94-04c1-424b-9868-57a2d4851a1d" relativeResultsDirectory="78e639ea-8a10-461c-b8ba-96e5069a1932">
      <Output>
        <StdOut>Debug Trace:&#xD;
Fail: Ranges contains invalid elements</StdOut>
      </Output>
    </UnitTestResult>
    <UnitTestResult executionId="5051f5a2-a51c-45bd-aa06-e14c794d946d" testId="a10a27d9-4abb-eaad-b70e-d6b782a46c9e" testName="GetNetworkConfigurationCommandHandler_Execute_GetNetworkConfiguration_ThrowsNoHardwareAccess_Errors" computerName="DKSR-EFI-04" duration="00:00:00.0008605" startTime="2023-12-22T09:33:47.9594503+01:00" endTime="2023-12-22T09:33:47.9594503+01:00" testType="13cdc9d9-ddb5-4fa4-a97d-d965ccfc6d4b" outcome="Passed" testListId="8c84fa94-04c1-424b-9868-57a2d4851a1d" relativeResultsDirectory="5051f5a2-a51c-45bd-aa06-e14c794d946d" />
    <UnitTestResult executionId="11777fbf-8d4c-4236-9ac7-9a073c262ce4" testId="6538f49f-5d7b-7bbc-9eb9-20372d121d3a" testName="EdgeStorageLimitsCheckBandwidthWithLimitNewSecond" computerName="DKSR-EFI-04" duration="00:00:00.0011774" startTime="2023-12-22T09:33:34.0531290+01:00" endTime="2023-12-22T09:33:34.0531290+01:00" testType="13cdc9d9-ddb5-4fa4-a97d-d965ccfc6d4b" outcome="Passed" testListId="8c84fa94-04c1-424b-9868-57a2d4851a1d" relativeResultsDirectory="11777fbf-8d4c-4236-9ac7-9a073c262ce4" />
    <UnitTestResult executionId="e8a66fcd-0ba5-41d6-92ea-a345d821c9ec" testId="fccc0809-24fd-4457-0396-3bd06e83443b" testName="ConnectSuccess_PrevSeqTime_BeforeMedia" computerName="DKSR-EFI-04" duration="00:00:00.0022454" startTime="2023-12-22T09:33:27.8343522+01:00" endTime="2023-12-22T09:33:27.8343522+01:00" testType="13cdc9d9-ddb5-4fa4-a97d-d965ccfc6d4b" outcome="Passed" testListId="8c84fa94-04c1-424b-9868-57a2d4851a1d" relativeResultsDirectory="e8a66fcd-0ba5-41d6-92ea-a345d821c9ec" />
    <UnitTestResult executionId="8e459e64-2ea7-4be0-9c4e-e5ff446ff014" testId="5db4760d-91fc-1552-e689-5c77a3e83f55" testName="PtzManager_GetPtzSessionState_Controller_Not_Found" computerName="DKSR-EFI-04" duration="00:00:00.0017563" startTime="2023-12-22T09:33:52.1625958+01:00" endTime="2023-12-22T09:33:52.1625958+01:00" testType="13cdc9d9-ddb5-4fa4-a97d-d965ccfc6d4b" outcome="Passed" testListId="8c84fa94-04c1-424b-9868-57a2d4851a1d" relativeResultsDirectory="8e459e64-2ea7-4be0-9c4e-e5ff446ff014" />
    <UnitTestResult executionId="cc9456bd-4c87-4708-bd26-19faede4f835" testId="3d9c4446-91d0-9255-e7cf-4fef9d3eb85b" testName="FillableGridAreaAsBoolFromPrivacyMaskAndExcludeRegion" computerName="DKSR-EFI-04" duration="00:00:00.0012266" startTime="2023-12-22T09:33:32.0531223+01:00" endTime="2023-12-22T09:33:32.0531223+01:00" testType="13cdc9d9-ddb5-4fa4-a97d-d965ccfc6d4b" outcome="Passed" testListId="8c84fa94-04c1-424b-9868-57a2d4851a1d" relativeResultsDirectory="cc9456bd-4c87-4708-bd26-19faede4f835" />
    <UnitTestResult executionId="abc3952f-d956-4aaf-9acd-cf20f0fd9da4" testId="64f54c8f-c43e-bd43-0882-5dd872acabae" testName="IsInRange_ShouldReturnFalse_WhenAddressOutsideRangeBigRange" computerName="DKSR-EFI-04" duration="00:00:00.0001304" startTime="2023-12-22T09:33:44.3031837+01:00" endTime="2023-12-22T09:33:44.3031837+01:00" testType="13cdc9d9-ddb5-4fa4-a97d-d965ccfc6d4b" outcome="Passed" testListId="8c84fa94-04c1-424b-9868-57a2d4851a1d" relativeResultsDirectory="abc3952f-d956-4aaf-9acd-cf20f0fd9da4" />
    <UnitTestResult executionId="198fec46-dcd9-44e8-824c-778873159d20" testId="337224f0-3955-4c64-79db-ba1aa0230c85" testName="SOAPCommandRequestHandler_ExecuteFunction_HandleInputGetState_NoSecurity" computerName="DKSR-EFI-04" duration="00:00:00.0007672" startTime="2023-12-22T09:33:30.4593659+01:00" endTime="2023-12-22T09:33:30.4593659+01:00" testType="13cdc9d9-ddb5-4fa4-a97d-d965ccfc6d4b" outcome="Passed" testListId="8c84fa94-04c1-424b-9868-57a2d4851a1d" relativeResultsDirectory="198fec46-dcd9-44e8-824c-778873159d20" />
    <UnitTestResult executionId="12aa1f3f-7df1-496b-b3b9-4adaffac3cfe" testId="0c252cc1-772e-53db-c61b-e410485fc71c" testName="MediaDbUtil_MultitrackNavigation_Scenario09" computerName="DKSR-EFI-04" duration="00:00:00.0537612" startTime="2023-12-22T09:33:28.7093566+01:00" endTime="2023-12-22T09:33:28.7718574+01:00" testType="13cdc9d9-ddb5-4fa4-a97d-d965ccfc6d4b" outcome="Passed" testListId="8c84fa94-04c1-424b-9868-57a2d4851a1d" relativeResultsDirectory="12aa1f3f-7df1-496b-b3b9-4adaffac3cfe">
      <Output>
        <StdOut>TestContext Messages:&#xD;
Before&#xD;
Navigation:  "     V                                  "&#xD;
Source    :  "1----1----1----1----1----1----1----1----"&#xD;
Expected  :  "1----N                                  "&#xD;
Actual    :  "1----N                                  "&#xD;
&#xD;
AtOrBefore&#xD;
Navigation:  "     V                                  "&#xD;
Source    :  "1----1----1----1----1----1----1----1----"&#xD;
Expected  :  "P    1----N                             "&#xD;
Actual    :  "P    1----N                             "&#xD;
&#xD;
AtOrAfter&#xD;
Navigation:  "     V                                  "&#xD;
Source    :  "1----1----1----1----1----1----1----1----"&#xD;
Expected  :  "P    1----N                             "&#xD;
Actual    :  "P    1----N                             "&#xD;
&#xD;
After&#xD;
Navigation:  "     V                                  "&#xD;
Source    :  "1----1----1----1----1----1----1----1----"&#xD;
Expected  :  "     P    1----N                        "&#xD;
Actual    :  "     P    1----N                        "&#xD;
&#xD;
Before&#xD;
Navigation:  "      V                                 "&#xD;
Source    :  "1----1----1----1----1----1----1----1----"&#xD;
Expected  :  "1----N                                  "&#xD;
Actual    :  "1----N                                  "&#xD;
&#xD;
AtOrBefore&#xD;
Navigation:  "      V                                 "&#xD;
Source    :  "1----1----1----1----1----1----1----1----"&#xD;
Expected  :  "P    1----N                             "&#xD;
Actual    :  "P    1----N                             "&#xD;
&#xD;
AtOrAfter&#xD;
Navigation:  "      V                                 "&#xD;
Source    :  "1----1----1----1----1----1----1----1----"&#xD;
Expected  :  "P    1----N                             "&#xD;
Actual    :  "P    1----N                             "&#xD;
&#xD;
After&#xD;
Navigation:  "      V                                 "&#xD;
Source    :  "1----1----1----1----1----1----1----1----"&#xD;
Expected  :  "     P    1----N                        "&#xD;
Actual    :  "     P    1----N                        "&#xD;
&#xD;
Before&#xD;
Navigation:  "       V                                "&#xD;
Source    :  "1----1----1----1----1----1----1----1----"&#xD;
Expected  :  "1----N                                  "&#xD;
Actual    :  "1----N                                  "&#xD;
&#xD;
AtOrBefore&#xD;
Navigation:  "       V                                "&#xD;
Source    :  "1----1----1----1----1----1----1----1----"&#xD;
Expected  :  "P    1----N                             "&#xD;
Actual    :  "P    1----N                             "&#xD;
&#xD;
AtOrAfter&#xD;
Navigation:  "       V                                "&#xD;
Source    :  "1----1----1----1----1----1----1----1----"&#xD;
Expected  :  "P    1----N                             "&#xD;
Actual    :  "P    1----N                             "&#xD;
&#xD;
After&#xD;
Navigation:  "       V                                "&#xD;
Source    :  "1----1----1----1----1----1----1----1----"&#xD;
Expected  :  "     P    1----N                        "&#xD;
Actual    :  "     P    1----N                        "&#xD;
&#xD;
Before&#xD;
Navigation:  "                V                       "&#xD;
Source    :  "1----1----1----1----1----1----1----1----"&#xD;
Expected  :  "     P    1----N                        "&#xD;
Actual    :  "     P    1----N                        "&#xD;
&#xD;
AtOrBefore&#xD;
Navigation:  "                V                       "&#xD;
Source    :  "1----1----1----1----1----1----1----1----"&#xD;
Expected  :  "          P    1----N                   "&#xD;
Actual    :  "          P    1----N                   "&#xD;
&#xD;
AtOrAfter&#xD;
Navigation:  "                V                       "&#xD;
Source    :  "1----1----1----1----1----1----1----1----"&#xD;
Expected  :  "          P    1----N                   "&#xD;
Actual    :  "          P    1----N                   "&#xD;
&#xD;
After&#xD;
Navigation:  "                V                       "&#xD;
Source    :  "1----1----1----1----1----1----1----1----"&#xD;
Expected  :  "               P    1----N              "&#xD;
Actual    :  "               P    1----N              "&#xD;
&#xD;
Before&#xD;
Navigation:  "                 V                      "&#xD;
Source    :  "1----1----1----1----1----1----1----1----"&#xD;
Expected  :  "     P    1----N                        "&#xD;
Actual    :  "     P    1----N                        "&#xD;
&#xD;
AtOrBefore&#xD;
Navigation:  "                 V                      "&#xD;
Source    :  "1----1----1----1----1----1----1----1----"&#xD;
Expected  :  "          P    1----N                   "&#xD;
Actual    :  "          P    1----N                   "&#xD;
&#xD;
AtOrAfter&#xD;
Navigation:  "                 V                      "&#xD;
Source    :  "1----1----1----1----1----1----1----1----"&#xD;
Expected  :  "          P    1----N                   "&#xD;
Actual    :  "          P    1----N                   "&#xD;
&#xD;
After&#xD;
Navigation:  "                 V                      "&#xD;
Source    :  "1----1----1----1----1----1----1----1----"&#xD;
Expected  :  "               P    1----N              "&#xD;
Actual    :  "               P    1----N              "&#xD;
&#xD;
Before&#xD;
Navigation:  "                  V                     "&#xD;
Source    :  "1----1----1----1----1----1----1----1----"&#xD;
Expected  :  "     P    1----N                        "&#xD;
Actual    :  "     P    1----N                        "&#xD;
&#xD;
AtOrBefore&#xD;
Navigation:  "                  V                     "&#xD;
Source    :  "1----1----1----1----1----1----1----1----"&#xD;
Expected  :  "          P    1----N                   "&#xD;
Actual    :  "          P    1----N                   "&#xD;
&#xD;
AtOrAfter&#xD;
Navigation:  "                  V                     "&#xD;
Source    :  "1----1----1----1----1----1----1----1----"&#xD;
Expected  :  "          P    1----N                   "&#xD;
Actual    :  "          P    1----N                   "&#xD;
&#xD;
After&#xD;
Navigation:  "                  V                     "&#xD;
Source    :  "1----1----1----1----1----1----1----1----"&#xD;
Expected  :  "               P    1----N              "&#xD;
Actual    :  "               P    1----N              "&#xD;
&#xD;
Before&#xD;
Navigation:  "                   V                    "&#xD;
Source    :  "1----1----1----1----1----1----1----1----"&#xD;
Expected  :  "     P    1----N                        "&#xD;
Actual    :  "     P    1----N                        "&#xD;
&#xD;
AtOrBefore&#xD;
Navigation:  "                   V                    "&#xD;
Source    :  "1----1----1----1----1----1----1----1----"&#xD;
Expected  :  "          P    1----N                   "&#xD;
Actual    :  "          P    1----N                   "&#xD;
&#xD;
AtOrAfter&#xD;
Navigation:  "                   V                    "&#xD;
Source    :  "1----1----1----1----1----1----1----1----"&#xD;
Expected  :  "          P    1----N                   "&#xD;
Actual    :  "          P    1----N                   "&#xD;
&#xD;
After&#xD;
Navigation:  "                   V                    "&#xD;
Source    :  "1----1----1----1----1----1----1----1----"&#xD;
Expected  :  "               P    1----N              "&#xD;
Actual    :  "               P    1----N              "&#xD;
&#xD;
Before&#xD;
Navigation:  "                    V                   "&#xD;
Source    :  "1----1----1----1----1----1----1----1----"&#xD;
Expected  :  "          P    1----N                   "&#xD;
Actual    :  "          P    1----N                   "&#xD;
&#xD;
AtOrBefore&#xD;
Navigation:  "                    V                   "&#xD;
Source    :  "1----1----1----1----1----1----1----1----"&#xD;
Expected  :  "               P    1----N              "&#xD;
Actual    :  "               P    1----N              "&#xD;
&#xD;
AtOrAfter&#xD;
Navigation:  "                    V                   "&#xD;
Source    :  "1----1----1----1----1----1----1----1----"&#xD;
Expected  :  "               P    1----N              "&#xD;
Actual    :  "               P    1----N              "&#xD;
&#xD;
After&#xD;
Navigation:  "                    V                   "&#xD;
Source    :  "1----1----1----1----1----1----1----1----"&#xD;
Expected  :  "                    P    1----N         "&#xD;
Actual    :  "                    P    1----N         "&#xD;
&#xD;
Before&#xD;
Navigation:  "                               V        "&#xD;
Source    :  "1----1----1----1----1----1----1----1----"&#xD;
Expected  :  "                    P    1----N         "&#xD;
Actual    :  "                    P    1----N         "&#xD;
&#xD;
AtOrBefore&#xD;
Navigation:  "                               V        "&#xD;
Source    :  "1----1----1----1----1----1----1----1----"&#xD;
Expected  :  "                         P    1----N    "&#xD;
Actual    :  "                         P    1----N    "&#xD;
&#xD;
AtOrAfter&#xD;
Navigation:  "                               V        "&#xD;
Source    :  "1----1----1----1----1----1----1----1----"&#xD;
Expected  :  "                         P    1----N    "&#xD;
Actual    :  "                         P    1----N    "&#xD;
&#xD;
After&#xD;
Navigation:  "                               V        "&#xD;
Source    :  "1----1----1----1----1----1----1----1----"&#xD;
Expected  :  "                              P    1----"&#xD;
Actual    :  "                              P    1----"&#xD;
&#xD;
Before&#xD;
Navigation:  "                                      V "&#xD;
Source    :  "1----1----1----1----1----1----1----1----"&#xD;
Expected  :  "                         P    1----N    "&#xD;
Actual    :  "                         P    1----N    "&#xD;
&#xD;
AtOrBefore&#xD;
Navigation:  "                                      V "&#xD;
Source    :  "1----1----1----1----1----1----1----1----"&#xD;
Expected  :  "                              P    1----"&#xD;
Actual    :  "                              P    1----"&#xD;
&#xD;
AtOrAfter&#xD;
Navigation:  "                                      V "&#xD;
Source    :  "1----1----1----1----1----1----1----1----"&#xD;
Expected  :  "                              P    1----"&#xD;
Actual    :  "                              P    1----"&#xD;
&#xD;
After&#xD;
Navigation:  "                                      V "&#xD;
Source    :  "1----1----1----1----1----1----1----1----"&#xD;
Unable to move&#xD;
&#xD;
Before&#xD;
Navigation:  "     V                                  "&#xD;
Source    :  "1----1----1----1--2-----2-----2-----2---"&#xD;
Expected  :  "1----N                                  "&#xD;
Actual    :  "1----N                                  "&#xD;
&#xD;
AtOrBefore&#xD;
Navigation:  "     V                                  "&#xD;
Source    :  "1----1----1----1--2-----2-----2-----2---"&#xD;
Expected  :  "P    1----N                             "&#xD;
Actual    :  "P    1----N                             "&#xD;
&#xD;
AtOrAfter&#xD;
Navigation:  "     V                                  "&#xD;
Source    :  "1----1----1----1--2-----2-----2-----2---"&#xD;
Expected  :  "P    1----N                             "&#xD;
Actual    :  "P    1----N                             "&#xD;
&#xD;
After&#xD;
Navigation:  "     V                                  "&#xD;
Source    :  "1----1----1----1--2-----2-----2-----2---"&#xD;
Expected  :  "     P    1----N                        "&#xD;
Actual    :  "     P    1----N                        "&#xD;
&#xD;
Before&#xD;
Navigation:  "      V                                 "&#xD;
Source    :  "1----1----1----1--2-----2-----2-----2---"&#xD;
Expected  :  "1----N                                  "&#xD;
Actual    :  "1----N                                  "&#xD;
&#xD;
AtOrBefore&#xD;
Navigation:  "      V                                 "&#xD;
Source    :  "1----1----1----1--2-----2-----2-----2---"&#xD;
Expected  :  "P    1----N                             "&#xD;
Actual    :  "P    1----N                             "&#xD;
&#xD;
AtOrAfter&#xD;
Navigation:  "      V                                 "&#xD;
Source    :  "1----1----1----1--2-----2-----2-----2---"&#xD;
Expected  :  "P    1----N                             "&#xD;
Actual    :  "P    1----N                             "&#xD;
&#xD;
After&#xD;
Navigation:  "      V                                 "&#xD;
Source    :  "1----1----1----1--2-----2-----2-----2---"&#xD;
Expected  :  "     P    1----N                        "&#xD;
Actual    :  "     P    1----N                        "&#xD;
&#xD;
Before&#xD;
Navigation:  "       V                                "&#xD;
Source    :  "1----1----1----1--2-----2-----2-----2---"&#xD;
Expected  :  "1----N                                  "&#xD;
Actual    :  "1----N                                  "&#xD;
&#xD;
AtOrBefore&#xD;
Navigation:  "       V                                "&#xD;
Source    :  "1----1----1----1--2-----2-----2-----2---"&#xD;
Expected  :  "P    1----N                             "&#xD;
Actual    :  "P    1----N                             "&#xD;
&#xD;
AtOrAfter&#xD;
Navigation:  "       V                                "&#xD;
Source    :  "1----1----1----1--2-----2-----2-----2---"&#xD;
Expected  :  "P    1----N                             "&#xD;
Actual    :  "P    1----N                             "&#xD;
&#xD;
After&#xD;
Navigation:  "       V                                "&#xD;
Source    :  "1----1----1----1--2-----2-----2-----2---"&#xD;
Expected  :  "     P    1----N                        "&#xD;
Actual    :  "     P    1----N                        "&#xD;
&#xD;
Before&#xD;
Navigation:  "                V                       "&#xD;
Source    :  "1----1----1----1--2-----2-----2-----2---"&#xD;
Expected  :  "     P    1----N                        "&#xD;
Actual    :  "     P    1----N                        "&#xD;
&#xD;
AtOrBefore&#xD;
Navigation:  "                V                       "&#xD;
Source    :  "1----1----1----1--2-----2-----2-----2---"&#xD;
Expected  :  "          P    1--N                     "&#xD;
Actual    :  "          P    1--N                     "&#xD;
&#xD;
AtOrAfter&#xD;
Navigation:  "                V                       "&#xD;
Source    :  "1----1----1----1--2-----2-----2-----2---"&#xD;
Expected  :  "          P    1--N                     "&#xD;
Actual    :  "          P    1--N                     "&#xD;
&#xD;
After&#xD;
Navigation:  "                V                       "&#xD;
Source    :  "1----1----1----1--2-----2-----2-----2---"&#xD;
Expected  :  "               P  2-----N               "&#xD;
Actual    :  "               P  2-----N               "&#xD;
&#xD;
Before&#xD;
Navigation:  "                 V                      "&#xD;
Source    :  "1----1----1----1--2-----2-----2-----2---"&#xD;
Expected  :  "     P    1----N                        "&#xD;
Actual    :  "     P    1----N                        "&#xD;
&#xD;
AtOrBefore&#xD;
Navigation:  "                 V                      "&#xD;
Source    :  "1----1----1----1--2-----2-----2-----2---"&#xD;
Expected  :  "          P    1--N                     "&#xD;
Actual    :  "          P    1--N                     "&#xD;
&#xD;
AtOrAfter&#xD;
Navigation:  "                 V                      "&#xD;
Source    :  "1----1----1----1--2-----2-----2-----2---"&#xD;
Expected  :  "          P    1--N                     "&#xD;
Actual    :  "          P    1--N                     "&#xD;
&#xD;
After&#xD;
Navigation:  "                 V                      "&#xD;
Source    :  "1----1----1----1--2-----2-----2-----2---"&#xD;
Expected  :  "               P  2-----N               "&#xD;
Actual    :  "               P  2-----N               "&#xD;
&#xD;
Before&#xD;
Navigation:  "                  V                     "&#xD;
Source    :  "1----1----1----1--2-----2-----2-----2---"&#xD;
Expected  :  "          P    1--N                     "&#xD;
Actual    :  "          P    1--N                     "&#xD;
&#xD;
AtOrBefore&#xD;
Navigation:  "                  V                     "&#xD;
Source    :  "1----1----1----1--2-----2-----2-----2---"&#xD;
Expected  :  "               P  2-----N               "&#xD;
Actual    :  "               P  2-----N               "&#xD;
&#xD;
AtOrAfter&#xD;
Navigation:  "                  V                     "&#xD;
Source    :  "1----1----1----1--2-----2-----2-----2---"&#xD;
Expected  :  "               P  2-----N               "&#xD;
Actual    :  "               P  2-----N               "&#xD;
&#xD;
After&#xD;
Navigation:  "                  V                     "&#xD;
Source    :  "1----1----1----1--2-----2-----2-----2---"&#xD;
Expected  :  "                  P     2-----N         "&#xD;
Actual    :  "                  P     2-----N         "&#xD;
&#xD;
Before&#xD;
Navigation:  "                   V                    "&#xD;
Source    :  "1----1----1----1--2-----2-----2-----2---"&#xD;
Expected  :  "          P    1--N                     "&#xD;
Actual    :  "          P    1--N                     "&#xD;
&#xD;
AtOrBefore&#xD;
Navigation:  "                   V                    "&#xD;
Source    :  "1----1----1----1--2-----2-----2-----2---"&#xD;
Expected  :  "               P  2-----N               "&#xD;
Actual    :  "               P  2-----N               "&#xD;
&#xD;
AtOrAfter&#xD;
Navigation:  "                   V                    "&#xD;
Source    :  "1----1----1----1--2-----2-----2-----2---"&#xD;
Expected  :  "               P  2-----N               "&#xD;
Actual    :  "               P  2-----N               "&#xD;
&#xD;
After&#xD;
Navigation:  "                   V                    "&#xD;
Source    :  "1----1----1----1--2-----2-----2-----2---"&#xD;
Expected  :  "                  P     2-----N         "&#xD;
Actual    :  "                  P     2-----N         "&#xD;
&#xD;
Before&#xD;
Navigation:  "                    V                   "&#xD;
Source    :  "1----1----1----1--2-----2-----2-----2---"&#xD;
Expected  :  "          P    1--N                     "&#xD;
Actual    :  "          P    1--N                     "&#xD;
&#xD;
AtOrBefore&#xD;
Navigation:  "                    V                   "&#xD;
Source    :  "1----1----1----1--2-----2-----2-----2---"&#xD;
Expected  :  "               P  2-----N               "&#xD;
Actual    :  "               P  2-----N               "&#xD;
&#xD;
AtOrAfter&#xD;
Navigation:  "                    V                   "&#xD;
Source    :  "1----1----1----1--2-----2-----2-----2---"&#xD;
Expected  :  "               P  2-----N               "&#xD;
Actual    :  "               P  2-----N               "&#xD;
&#xD;
After&#xD;
Navigation:  "                    V                   "&#xD;
Source    :  "1----1----1----1--2-----2-----2-----2---"&#xD;
Expected  :  "                  P     2-----N         "&#xD;
Actual    :  "                  P     2-----N         "&#xD;
&#xD;
Before&#xD;
Navigation:  "                               V        "&#xD;
Source    :  "1----1----1----1--2-----2-----2-----2---"&#xD;
Expected  :  "                  P     2-----N         "&#xD;
Actual    :  "                  P     2-----N         "&#xD;
&#xD;
AtOrBefore&#xD;
Navigation:  "                               V        "&#xD;
Source    :  "1----1----1----1--2-----2-----2-----2---"&#xD;
Expected  :  "                        P     2-----N   "&#xD;
Actual    :  "                        P     2-----N   "&#xD;
&#xD;
AtOrAfter&#xD;
Navigation:  "                               V        "&#xD;
Source    :  "1----1----1----1--2-----2-----2-----2---"&#xD;
Expected  :  "                        P     2-----N   "&#xD;
Actual    :  "                        P     2-----N   "&#xD;
&#xD;
After&#xD;
Navigation:  "                               V        "&#xD;
Source    :  "1----1----1----1--2-----2-----2-----2---"&#xD;
Expected  :  "                              P     2---"&#xD;
Actual    :  "                              P     2---"&#xD;
&#xD;
Before&#xD;
Navigation:  "                                      V "&#xD;
Source    :  "1----1----1----1--2-----2-----2-----2---"&#xD;
Expected  :  "                        P     2-----N   "&#xD;
Actual    :  "                        P     2-----N   "&#xD;
&#xD;
AtOrBefore&#xD;
Navigation:  "                                      V "&#xD;
Source    :  "1----1----1----1--2-----2-----2-----2---"&#xD;
Expected  :  "                              P     2---"&#xD;
Actual    :  "                              P     2---"&#xD;
&#xD;
AtOrAfter&#xD;
Navigation:  "                                      V "&#xD;
Source    :  "1----1----1----1--2-----2-----2-----2---"&#xD;
Expected  :  "                              P     2---"&#xD;
Actual    :  "                              P     2---"&#xD;
&#xD;
After&#xD;
Navigation:  "                                      V "&#xD;
Source    :  "1----1----1----1--2-----2-----2-----2---"&#xD;
Unable to move</StdOut>
      </Output>
    </UnitTestResult>
    <UnitTestResult executionId="52c57405-26f5-419f-82b6-c02b2ac53ecd" testId="38c227eb-6fb4-f936-01c4-e003e3db2a3b" testName="MessageManagerCallback_HandleResponse_Fail_Disposed_NoRetry" computerName="DKSR-EFI-04" duration="00:00:00.1148874" startTime="2023-12-22T09:33:22.6937005+01:00" endTime="2023-12-22T09:33:22.8188173+01:00" testType="13cdc9d9-ddb5-4fa4-a97d-d965ccfc6d4b" outcome="Passed" testListId="8c84fa94-04c1-424b-9868-57a2d4851a1d" relativeResultsDirectory="52c57405-26f5-419f-82b6-c02b2ac53ecd" />
    <UnitTestResult executionId="547987e4-b59f-44e9-b1eb-b855a53f4ca7" testId="ec57e6ad-4a2a-9fd6-a34b-472a41a941f2" testName="GetSettingAsIPAddress_NonIPValue_Throws_InvalidMulticastSettingsException" computerName="DKSR-EFI-04" duration="00:00:00.0004282" startTime="2023-12-22T09:33:33.8343824+01:00" endTime="2023-12-22T09:33:33.8343824+01:00" testType="13cdc9d9-ddb5-4fa4-a97d-d965ccfc6d4b" outcome="Passed" testListId="8c84fa94-04c1-424b-9868-57a2d4851a1d" relativeResultsDirectory="547987e4-b59f-44e9-b1eb-b855a53f4ca7" />
    <UnitTestResult executionId="dee87594-1c71-43a9-82c7-454ed7ce543e" testId="dfada2d0-c1be-49a9-ed5a-cf52170e45ff" testName="SOAPCommandRequestHandler_ExecuteFunction_HandleSmartSearchStart_NoSearchInterval" computerName="DKSR-EFI-04" duration="00:00:00.0010544" startTime="2023-12-22T09:33:30.0062383+01:00" endTime="2023-12-22T09:33:30.0062383+01:00" testType="13cdc9d9-ddb5-4fa4-a97d-d965ccfc6d4b" outcome="Passed" testListId="8c84fa94-04c1-424b-9868-57a2d4851a1d" relativeResultsDirectory="dee87594-1c71-43a9-82c7-454ed7ce543e" />
    <UnitTestResult executionId="dbe19164-1d03-434f-9f1a-b850052111d6" testId="a24521ed-430f-a4e4-99ec-425a3168caea" testName="SOAPCommandRequestHandler_ExecuteFunction_HandlePTZCenter_NoZoom" computerName="DKSR-EFI-04" duration="00:00:00.0004683" startTime="2023-12-22T09:33:30.6312385+01:00" endTime="2023-12-22T09:33:30.6312385+01:00" testType="13cdc9d9-ddb5-4fa4-a97d-d965ccfc6d4b" outcome="Passed" testListId="8c84fa94-04c1-424b-9868-57a2d4851a1d" relativeResultsDirectory="dbe19164-1d03-434f-9f1a-b850052111d6" />
    <UnitTestResult executionId="46da784f-99d8-43cf-b8db-ebee06a32c3e" testId="4937a82f-e444-8273-914e-c5305909eaff" testName="PrepareMoveHardwareCommandHandler_Execute_Hardware_Not_Found_SuccessResponse" computerName="DKSR-EFI-04" duration="00:00:00.0025039" startTime="2023-12-22T09:33:48.9750786+01:00" endTime="2023-12-22T09:33:48.9907048+01:00" testType="13cdc9d9-ddb5-4fa4-a97d-d965ccfc6d4b" outcome="Passed" testListId="8c84fa94-04c1-424b-9868-57a2d4851a1d" relativeResultsDirectory="46da784f-99d8-43cf-b8db-ebee06a32c3e" />
    <UnitTestResult executionId="c4d5d8df-5721-4b87-8ad1-f1122b0423ce" testId="dbe3aacb-c355-1c1b-31b2-6cbfe9c2ce45" testName="SOAPCommandRequestHandler_ExecuteFunction_HandleSmartSearchStart_NoSecurity" computerName="DKSR-EFI-04" duration="00:00:00.0017943" startTime="2023-12-22T09:33:30.0999863+01:00" endTime="2023-12-22T09:33:30.1156107+01:00" testType="13cdc9d9-ddb5-4fa4-a97d-d965ccfc6d4b" outcome="Passed" testListId="8c84fa94-04c1-424b-9868-57a2d4851a1d" relativeResultsDirectory="c4d5d8df-5721-4b87-8ad1-f1122b0423ce" />
    <UnitTestResult executionId="5b3f8424-736f-4645-85e3-69ef1642b506" testId="a9e58e7f-7a7f-5425-834a-d183b2ff7faf" testName="CollectMediaStatusCommandHandler_Recorder_IsStopping" computerName="DKSR-EFI-04" duration="00:00:00.0022979" startTime="2023-12-22T09:33:45.4125630+01:00" endTime="2023-12-22T09:33:45.4281876+01:00" testType="13cdc9d9-ddb5-4fa4-a97d-d965ccfc6d4b" outcome="Passed" testListId="8c84fa94-04c1-424b-9868-57a2d4851a1d" relativeResultsDirectory="5b3f8424-736f-4645-85e3-69ef1642b506" />
    <UnitTestResult executionId="a5238b05-8740-46ca-ab76-69fec9ad4b4f" testId="408c97e1-eb94-3e13-4f85-d55ace841e06" testName="AdaptiveStreamingTypeResolution" computerName="DKSR-EFI-04" duration="00:00:00.0125274" startTime="2023-12-22T09:33:24.7093362+01:00" endTime="2023-12-22T09:33:24.7249602+01:00" testType="13cdc9d9-ddb5-4fa4-a97d-d965ccfc6d4b" outcome="Passed" testListId="8c84fa94-04c1-424b-9868-57a2d4851a1d" relativeResultsDirectory="a5238b05-8740-46ca-ab76-69fec9ad4b4f" />
    <UnitTestResult executionId="55664ab5-6d80-4da3-a563-c8e5df5b2ed9" testId="52ea9e02-ac65-5d36-73b4-e150a0471321" testName="PtzManager_MakeReservedPtzSession_Success" computerName="DKSR-EFI-04" duration="00:00:00.0040703" startTime="2023-12-22T09:33:52.0844716+01:00" endTime="2023-12-22T09:33:52.0844716+01:00" testType="13cdc9d9-ddb5-4fa4-a97d-d965ccfc6d4b" outcome="Passed" testListId="8c84fa94-04c1-424b-9868-57a2d4851a1d" relativeResultsDirectory="55664ab5-6d80-4da3-a563-c8e5df5b2ed9" />
    <UnitTestResult executionId="30566ef5-0fdd-4562-b9ad-5da7097f2bd5" testId="d8e46ffd-6776-a2cc-a5b4-d675b58a111e" testName="AudioPlayerOnSpeaker_PlayUsingCurrentThread" computerName="DKSR-EFI-04" duration="00:00:00.0693040" startTime="2023-12-22T09:33:52.4126000+01:00" endTime="2023-12-22T09:33:52.4907225+01:00" testType="13cdc9d9-ddb5-4fa4-a97d-d965ccfc6d4b" outcome="Passed" testListId="8c84fa94-04c1-424b-9868-57a2d4851a1d" relativeResultsDirectory="30566ef5-0fdd-4562-b9ad-5da7097f2bd5" />
    <UnitTestResult executionId="27a92795-cfd9-4b25-842f-a6500e420b97" testId="273bf021-17de-518c-95d7-ff32463af8ea" testName="DeleteHardwareUserCommandHandler_Execute_CurrentUserCannotBeDeleted_Error" computerName="DKSR-EFI-04" duration="00:00:00.0010205" startTime="2023-12-22T09:33:45.9438142+01:00" endTime="2023-12-22T09:33:45.9438142+01:00" testType="13cdc9d9-ddb5-4fa4-a97d-d965ccfc6d4b" outcome="Passed" testListId="8c84fa94-04c1-424b-9868-57a2d4851a1d" relativeResultsDirectory="27a92795-cfd9-4b25-842f-a6500e420b97" />
    <UnitTestResult executionId="86c3eac1-3570-4f9d-a47c-088b1b0847d4" testId="7d8b82c0-97d4-dd5c-c8d5-703ac9de5dcd" testName="RequestRecordKeyframesOnly_DoesntChangeRecordKeyframesOnly_OnWrongTransactionId" computerName="DKSR-EFI-04" duration="00:00:00.0008925" startTime="2023-12-22T09:33:32.0062460+01:00" endTime="2023-12-22T09:33:32.0062460+01:00" testType="13cdc9d9-ddb5-4fa4-a97d-d965ccfc6d4b" outcome="Passed" testListId="8c84fa94-04c1-424b-9868-57a2d4851a1d" relativeResultsDirectory="86c3eac1-3570-4f9d-a47c-088b1b0847d4" />
    <UnitTestResult executionId="044d2d81-a05a-4332-807f-fd2de0032d50" testId="b6a46206-9dfb-de2e-5f29-2a48a9163927" testName="CheckHardwareDefinitionCommandHandler_Execute_AddressChanged_Success" computerName="DKSR-EFI-04" duration="00:00:00.0063030" startTime="2023-12-22T09:33:45.3969393+01:00" endTime="2023-12-22T09:33:45.3969393+01:00" testType="13cdc9d9-ddb5-4fa4-a97d-d965ccfc6d4b" outcome="Passed" testListId="8c84fa94-04c1-424b-9868-57a2d4851a1d" relativeResultsDirectory="044d2d81-a05a-4332-807f-fd2de0032d50" />
    <UnitTestResult executionId="e8b6eb8b-0bb8-427b-9e88-e6aaf81526b4" testId="3a327f35-a81d-1c08-7c0d-d8137be6130d" testName="PtzReleaseSessionCommandHandler_Execute_Argument_Exception" computerName="DKSR-EFI-04" duration="00:00:00.0059994" startTime="2023-12-22T09:33:50.2719611+01:00" endTime="2023-12-22T09:33:50.2875851+01:00" testType="13cdc9d9-ddb5-4fa4-a97d-d965ccfc6d4b" outcome="Passed" testListId="8c84fa94-04c1-424b-9868-57a2d4851a1d" relativeResultsDirectory="e8b6eb8b-0bb8-427b-9e88-e6aaf81526b4">
      <Output>
        <StdOut>Debug Trace:&#xD;
Fail: Command/Command handler type mismatch&#xD;
Fail: The command handler expect an object that implements ICallContextInfo in the state parameter&#xD;
Fail: responseSink can not be null</StdOut>
      </Output>
    </UnitTestResult>
    <UnitTestResult executionId="ebbef45b-9d7a-41f1-9a2b-fc6a2a0149d2" testId="3cd38ec4-8926-975f-c679-2575a62c6fcd" testName="SOAPCommandRequestHandler_ExecuteFunction_HandlePTZRectangle_Left_Not_Double" computerName="DKSR-EFI-04" duration="00:00:00.0008415" startTime="2023-12-22T09:33:30.7874897+01:00" endTime="2023-12-22T09:33:30.7874897+01:00" testType="13cdc9d9-ddb5-4fa4-a97d-d965ccfc6d4b" outcome="Passed" testListId="8c84fa94-04c1-424b-9868-57a2d4851a1d" relativeResultsDirectory="ebbef45b-9d7a-41f1-9a2b-fc6a2a0149d2" />
    <UnitTestResult executionId="55a1479b-d76d-4261-b6f4-4e1f2a02bfa5" testId="a1776dc1-f5b3-b5d1-57c5-7db2cdbddfaf" testName="PtzManagerDataHolder_RemoveSchema_Not_Exists" computerName="DKSR-EFI-04" duration="00:00:00.0004412" startTime="2023-12-22T09:33:51.1313414+01:00" endTime="2023-12-22T09:33:51.1313414+01:00" testType="13cdc9d9-ddb5-4fa4-a97d-d965ccfc6d4b" outcome="Passed" testListId="8c84fa94-04c1-424b-9868-57a2d4851a1d" relativeResultsDirectory="55a1479b-d76d-4261-b6f4-4e1f2a02bfa5" />
    <UnitTestResult executionId="22250de1-43eb-4dda-9c47-031bef5d20e7" testId="61ea485e-fcaa-fb16-c702-bad4dc7759e4" testName="EnhanceSettings_SetsNvidiaValue_OnNoOtherChangesToSettings" computerName="DKSR-EFI-04" duration="00:00:00.0005011" startTime="2023-12-22T09:33:33.6000047+01:00" endTime="2023-12-22T09:33:33.6000047+01:00" testType="13cdc9d9-ddb5-4fa4-a97d-d965ccfc6d4b" outcome="Passed" testListId="8c84fa94-04c1-424b-9868-57a2d4851a1d" relativeResultsDirectory="22250de1-43eb-4dda-9c47-031bef5d20e7" />
    <UnitTestResult executionId="41bf18ce-2883-41a7-ae4d-b836c9d51b1a" testId="c14c2d25-fc01-f754-a2fc-cdde0404f48d" testName="SOAPCommandRequestHandler_ExecuteFunction_HandlePTZMoveHome_Success" computerName="DKSR-EFI-04" duration="00:00:00.0021297" startTime="2023-12-22T09:33:30.7093647+01:00" endTime="2023-12-22T09:33:30.7093647+01:00" testType="13cdc9d9-ddb5-4fa4-a97d-d965ccfc6d4b" outcome="Passed" testListId="8c84fa94-04c1-424b-9868-57a2d4851a1d" relativeResultsDirectory="41bf18ce-2883-41a7-ae4d-b836c9d51b1a" />
    <UnitTestResult executionId="7fca808e-fde9-4fa6-a0d0-601e366f1fb3" testId="2126a3d7-efef-0ba3-c990-5cc004ed5ed9" testName="PtzManager_SetConfiguration_Argument_Exception" computerName="DKSR-EFI-04" duration="00:00:00.0128268" startTime="2023-12-22T09:33:51.8969687+01:00" endTime="2023-12-22T09:33:51.9125937+01:00" testType="13cdc9d9-ddb5-4fa4-a97d-d965ccfc6d4b" outcome="Passed" testListId="8c84fa94-04c1-424b-9868-57a2d4851a1d" relativeResultsDirectory="7fca808e-fde9-4fa6-a0d0-601e366f1fb3">
      <Output>
        <StdOut>Debug Trace:&#xD;
Fail: Argument null</StdOut>
      </Output>
    </UnitTestResult>
    <UnitTestResult executionId="178ddf1a-162c-453f-8c3e-7599d26b442a" testId="a10ebb89-791f-0b8d-7def-f32378661e60" testName="PtzReserveSessionCommandHandler_Execute_PtzException_AlreadyReserved" computerName="DKSR-EFI-04" duration="00:00:00.0004450" startTime="2023-12-22T09:33:50.4282122+01:00" endTime="2023-12-22T09:33:50.4282122+01:00" testType="13cdc9d9-ddb5-4fa4-a97d-d965ccfc6d4b" outcome="Passed" testListId="8c84fa94-04c1-424b-9868-57a2d4851a1d" relativeResultsDirectory="178ddf1a-162c-453f-8c3e-7599d26b442a" />
    <UnitTestResult executionId="934af8a6-dd77-4203-8772-b542a8432675" testId="2a7c81c8-cf8d-2fb1-924b-7b552bbf7d2d" testName="TimeRangeConversionNoRanges" computerName="DKSR-EFI-04" duration="00:00:00.0044225" startTime="2023-12-22T09:33:44.3500585+01:00" endTime="2023-12-22T09:33:44.3500585+01:00" testType="13cdc9d9-ddb5-4fa4-a97d-d965ccfc6d4b" outcome="Passed" testListId="8c84fa94-04c1-424b-9868-57a2d4851a1d" relativeResultsDirectory="934af8a6-dd77-4203-8772-b542a8432675" />
    <UnitTestResult executionId="9f0eb757-20eb-4908-a415-63636feba88d" testId="b6b3d141-f8a0-c55c-b1a6-650c04389773" testName="RequestRecordKeyframesOnlyIgnoreSecondaryIdentifiers_SetsRecordAllFramesToFalse_OnOneSource" computerName="DKSR-EFI-04" duration="00:00:00.0004652" startTime="2023-12-22T09:33:32.0218711+01:00" endTime="2023-12-22T09:33:32.0218711+01:00" testType="13cdc9d9-ddb5-4fa4-a97d-d965ccfc6d4b" outcome="Passed" testListId="8c84fa94-04c1-424b-9868-57a2d4851a1d" relativeResultsDirectory="9f0eb757-20eb-4908-a415-63636feba88d" />
    <UnitTestResult executionId="a2a7c0d1-063f-410e-bdf3-b28d45c65af1" testId="99e9a28f-2c77-eaac-eaae-2f23b8c10bdb" testName="EdgeStorageLimitsTimeLimitOk" computerName="DKSR-EFI-04" duration="00:00:00.0006378" startTime="2023-12-22T09:33:33.9750083+01:00" endTime="2023-12-22T09:33:33.9750083+01:00" testType="13cdc9d9-ddb5-4fa4-a97d-d965ccfc6d4b" outcome="Passed" testListId="8c84fa94-04c1-424b-9868-57a2d4851a1d" relativeResultsDirectory="a2a7c0d1-063f-410e-bdf3-b28d45c65af1" />
    <UnitTestResult executionId="44063b77-c999-42df-b360-1b509e281da8" testId="9a7f531b-ea36-d689-2c39-a36875a895bb" testName="SOAPCommandRequestHandler_ExecuteFunction_HandlePTZActivatePatrollingSchema_Success" computerName="DKSR-EFI-04" duration="00:00:00.0024799" startTime="2023-12-22T09:33:30.9437398+01:00" endTime="2023-12-22T09:33:30.9437398+01:00" testType="13cdc9d9-ddb5-4fa4-a97d-d965ccfc6d4b" outcome="Passed" testListId="8c84fa94-04c1-424b-9868-57a2d4851a1d" relativeResultsDirectory="44063b77-c999-42df-b360-1b509e281da8" />
    <UnitTestResult executionId="7533e6e1-4517-47db-bad6-cc513a695205" testId="07da3716-addc-8859-8463-643cff34c532" testName="ChangeHardwarePasswordCommandHandler_Execute_ChangePassword_ThrowsPasswordOrUserLevelMayNotBeChanged_Errors" computerName="DKSR-EFI-04" duration="00:00:00.0008642" startTime="2023-12-22T09:33:45.1938114+01:00" endTime="2023-12-22T09:33:45.1938114+01:00" testType="13cdc9d9-ddb5-4fa4-a97d-d965ccfc6d4b" outcome="Passed" testListId="8c84fa94-04c1-424b-9868-57a2d4851a1d" relativeResultsDirectory="7533e6e1-4517-47db-bad6-cc513a695205" />
    <UnitTestResult executionId="8e5cdb11-3f98-4115-998b-9b3f12369f5e" testId="fce86640-7e77-7a11-65ba-3862fe3a10da" testName="MessageManagerCallback_HandleResponse_Success_UpdatesRecorder" computerName="DKSR-EFI-04" duration="00:00:00.0258781" startTime="2023-12-22T09:33:22.6155808+01:00" endTime="2023-12-22T09:33:22.6312026+01:00" testType="13cdc9d9-ddb5-4fa4-a97d-d965ccfc6d4b" outcome="Passed" testListId="8c84fa94-04c1-424b-9868-57a2d4851a1d" relativeResultsDirectory="8e5cdb11-3f98-4115-998b-9b3f12369f5e" />
    <UnitTestResult executionId="4d60bcf3-f913-4460-bd8f-31ff8e2c831f" testId="a2cfe856-cbff-ef4a-7692-55dbde1ccd57" testName="GetAbsolutePtzPosition_ModelIsValid_CommandExecuted" computerName="DKSR-EFI-04" duration="00:00:00.0011812" startTime="2023-12-22T09:33:24.5999634+01:00" endTime="2023-12-22T09:33:24.5999634+01:00" testType="13cdc9d9-ddb5-4fa4-a97d-d965ccfc6d4b" outcome="Passed" testListId="8c84fa94-04c1-424b-9868-57a2d4851a1d" relativeResultsDirectory="4d60bcf3-f913-4460-bd8f-31ff8e2c831f" />
    <UnitTestResult executionId="0a491245-4400-4bb1-ba85-d48183b5e759" testId="991cfc23-cd42-d572-2745-364bc3e13cbc" testName="EnhanceSettings_SunnyDay_EmptyExcludeRegionsUseRegionsSetToTrueAndPrivacyMask" computerName="DKSR-EFI-04" duration="00:00:00.0009986" startTime="2023-12-22T09:33:33.5843788+01:00" endTime="2023-12-22T09:33:33.5843788+01:00" testType="13cdc9d9-ddb5-4fa4-a97d-d965ccfc6d4b" outcome="Passed" testListId="8c84fa94-04c1-424b-9868-57a2d4851a1d" relativeResultsDirectory="0a491245-4400-4bb1-ba85-d48183b5e759" />
    <UnitTestResult executionId="d39c9371-1924-42bb-ae89-fd0a199c2c42" testId="a3c91bfb-189e-5f5a-6a4c-af9db8a17008" testName="ChangeHardwarePasswordCommandHandler_Execute_ChangePassword_HardwarePasswordUserAccessDenied_Errors" computerName="DKSR-EFI-04" duration="00:00:00.0009238" startTime="2023-12-22T09:33:45.1938114+01:00" endTime="2023-12-22T09:33:45.1938114+01:00" testType="13cdc9d9-ddb5-4fa4-a97d-d965ccfc6d4b" outcome="Passed" testListId="8c84fa94-04c1-424b-9868-57a2d4851a1d" relativeResultsDirectory="d39c9371-1924-42bb-ae89-fd0a199c2c42" />
    <UnitTestResult executionId="b3a279d7-139b-431a-a24c-3a89f519a5ba" testId="ffff5eee-6bd2-e1c0-d4a9-065ab23fd5df" testName="SOAPCommandRequestHandler_ExecuteFunction_HandleSendDriverCommand_NoSecurity" computerName="DKSR-EFI-04" duration="00:00:00.0011460" startTime="2023-12-22T09:33:30.2874874+01:00" endTime="2023-12-22T09:33:30.2874874+01:00" testType="13cdc9d9-ddb5-4fa4-a97d-d965ccfc6d4b" outcome="Passed" testListId="8c84fa94-04c1-424b-9868-57a2d4851a1d" relativeResultsDirectory="b3a279d7-139b-431a-a24c-3a89f519a5ba" />
    <UnitTestResult executionId="4f25f650-6e81-422d-9ca4-529ca2f35ae7" testId="f33e04b6-aea3-7165-10c9-0390aed46af6" testName="ReadMessageHeaders_Http_ISO_8859_1_Encoded_SpecialChars_ReadSuccess" computerName="DKSR-EFI-04" duration="00:00:00.0007927" startTime="2023-12-22T09:33:31.2093673+01:00" endTime="2023-12-22T09:33:31.2093673+01:00" testType="13cdc9d9-ddb5-4fa4-a97d-d965ccfc6d4b" outcome="Passed" testListId="8c84fa94-04c1-424b-9868-57a2d4851a1d" relativeResultsDirectory="4f25f650-6e81-422d-9ca4-529ca2f35ae7" />
    <UnitTestResult executionId="42f7dac2-6a03-4ca7-8c94-27d74e6d7f88" testId="ebe473c0-4546-ef14-e351-e74aa8e18fb6" testName="SmartSearchHandlerFirstHitTestStatusAndResult" computerName="DKSR-EFI-04" duration="00:00:00.0052994" startTime="2023-12-22T09:33:32.0687467+01:00" endTime="2023-12-22T09:33:32.0843714+01:00" testType="13cdc9d9-ddb5-4fa4-a97d-d965ccfc6d4b" outcome="Passed" testListId="8c84fa94-04c1-424b-9868-57a2d4851a1d" relativeResultsDirectory="42f7dac2-6a03-4ca7-8c94-27d74e6d7f88" />
    <UnitTestResult executionId="cadf0e31-2600-4177-87be-3b16e4351b71" testId="224d503b-b9e4-dbf2-1ef6-b28e2657c9e9" testName="GetRecorderTasksWithPendingStop_InternalStateStartedWithIncompatibleServer_ReturnsEmptyArray" computerName="DKSR-EFI-04" duration="00:00:00.0013555" startTime="2023-12-22T09:33:24.1155844+01:00" endTime="2023-12-22T09:33:24.1155844+01:00" testType="13cdc9d9-ddb5-4fa4-a97d-d965ccfc6d4b" outcome="Passed" testListId="8c84fa94-04c1-424b-9868-57a2d4851a1d" relativeResultsDirectory="cadf0e31-2600-4177-87be-3b16e4351b71" />
    <UnitTestResult executionId="64319487-8592-4acc-83ef-8270691ca7bf" testId="d8cc969b-8c37-2fc3-817c-e2862bba2c1b" testName="SetNetworkConfigurationCommandHandler_Execute_GetNetworkConfiguration_ThrowsNetworkSettingsManagementUnsupported_Errors" computerName="DKSR-EFI-04" duration="00:00:00.0008675" startTime="2023-12-22T09:33:50.8969631+01:00" endTime="2023-12-22T09:33:50.8969631+01:00" testType="13cdc9d9-ddb5-4fa4-a97d-d965ccfc6d4b" outcome="Passed" testListId="8c84fa94-04c1-424b-9868-57a2d4851a1d" relativeResultsDirectory="64319487-8592-4acc-83ef-8270691ca7bf" />
    <UnitTestResult executionId="fa92c476-f8fd-4dbd-ba75-36b3f3e1e8be" testId="69670f9b-4769-6673-823a-fd5812fe92fb" testName="PtzReleaseSession_ModelIsValid_CommandExecuted" computerName="DKSR-EFI-04" duration="00:00:00.0015658" startTime="2023-12-22T09:33:24.5687110+01:00" endTime="2023-12-22T09:33:24.5687110+01:00" testType="13cdc9d9-ddb5-4fa4-a97d-d965ccfc6d4b" outcome="Passed" testListId="8c84fa94-04c1-424b-9868-57a2d4851a1d" relativeResultsDirectory="fa92c476-f8fd-4dbd-ba75-36b3f3e1e8be" />
    <UnitTestResult executionId="114832b8-8177-48a7-9479-d8e66f2018f7" testId="a0714c12-3e58-85c8-097c-620c64485b34" testName="RegisterLiveTableExistsTwiche" computerName="DKSR-EFI-04" duration="00:00:00.0005510" startTime="2023-12-22T09:33:44.8969344+01:00" endTime="2023-12-22T09:33:44.9125597+01:00" testType="13cdc9d9-ddb5-4fa4-a97d-d965ccfc6d4b" outcome="Passed" testListId="8c84fa94-04c1-424b-9868-57a2d4851a1d" relativeResultsDirectory="114832b8-8177-48a7-9479-d8e66f2018f7" />
    <UnitTestResult executionId="c9387785-72c6-4d39-9e7e-b889b2cfcbe4" testId="f83f814d-ba50-5844-a3eb-659e9f3f1ce0" testName="QueryDeviceEvidenceLockSizes_PostCommandIsNull_BadRequestResult" computerName="DKSR-EFI-04" duration="00:00:00.0014141" startTime="2023-12-22T09:33:24.4749606+01:00" endTime="2023-12-22T09:33:24.4749606+01:00" testType="13cdc9d9-ddb5-4fa4-a97d-d965ccfc6d4b" outcome="Passed" testListId="8c84fa94-04c1-424b-9868-57a2d4851a1d" relativeResultsDirectory="c9387785-72c6-4d39-9e7e-b889b2cfcbe4" />
    <UnitTestResult executionId="0f3f209b-9202-4b7e-98a4-b863003abcb4" testId="d0f53a30-d3a3-ea4f-ad42-7fa051a559d2" testName="ReadMessageHeaders_SimpleHttpHeaders_Success" computerName="DKSR-EFI-04" duration="00:00:00.0048190" startTime="2023-12-22T09:33:31.2093673+01:00" endTime="2023-12-22T09:33:31.2093673+01:00" testType="13cdc9d9-ddb5-4fa4-a97d-d965ccfc6d4b" outcome="Passed" testListId="8c84fa94-04c1-424b-9868-57a2d4851a1d" relativeResultsDirectory="0f3f209b-9202-4b7e-98a4-b863003abcb4" />
    <UnitTestResult executionId="311ba2d1-32f5-4ddd-8372-c3607838b0a5" testId="ee6101ba-ad61-7adb-201f-a422cd06f889" testName="HardwareSetupInformationCommandHandler_Execute_Command_Null_ThrowArgumentNullException" computerName="DKSR-EFI-04" duration="00:00:00.0051803" startTime="2023-12-22T09:33:47.9750752+01:00" endTime="2023-12-22T09:33:47.9907005+01:00" testType="13cdc9d9-ddb5-4fa4-a97d-d965ccfc6d4b" outcome="Passed" testListId="8c84fa94-04c1-424b-9868-57a2d4851a1d" relativeResultsDirectory="311ba2d1-32f5-4ddd-8372-c3607838b0a5" />
    <UnitTestResult executionId="ebd1ebb0-af1b-4443-aff5-a84545609151" testId="fd5b3172-50cd-6146-6ac8-2bec6a9bb2e0" testName="FilterTrackIdsToThoseThatShouldNotHaveMediaOnRecorder_InternalStateStartedOneGuid_ReturnsArrayWithOneElement" computerName="DKSR-EFI-04" duration="00:00:00.0015735" startTime="2023-12-22T09:33:24.1624595+01:00" endTime="2023-12-22T09:33:24.1624595+01:00" testType="13cdc9d9-ddb5-4fa4-a97d-d965ccfc6d4b" outcome="Passed" testListId="8c84fa94-04c1-424b-9868-57a2d4851a1d" relativeResultsDirectory="ebd1ebb0-af1b-4443-aff5-a84545609151" />
    <UnitTestResult executionId="a78b7cb8-171a-4356-8cb7-c5eb84ffcfa9" testId="ab37c4a5-7ddd-4f3a-807a-9824addc756d" testName="AddHardwareUserCommandHandler_Execute_AddUser_ThrowsUserHandlingUserNameTooShort_Errors" computerName="DKSR-EFI-04" duration="00:00:00.0010412" startTime="2023-12-22T09:33:45.0688113+01:00" endTime="2023-12-22T09:33:45.0688113+01:00" testType="13cdc9d9-ddb5-4fa4-a97d-d965ccfc6d4b" outcome="Passed" testListId="8c84fa94-04c1-424b-9868-57a2d4851a1d" relativeResultsDirectory="a78b7cb8-171a-4356-8cb7-c5eb84ffcfa9" />
    <UnitTestResult executionId="9f63e68d-0f12-4479-9f6c-5ab547b013fb" testId="6dd13415-80a1-3dc0-3ef0-c5a6924ca8cb" testName="ConnectSuccess_PrevSeqTime_AfterMedia" computerName="DKSR-EFI-04" duration="00:00:00.0023026" startTime="2023-12-22T09:33:27.8499763+01:00" endTime="2023-12-22T09:33:27.8499763+01:00" testType="13cdc9d9-ddb5-4fa4-a97d-d965ccfc6d4b" outcome="Passed" testListId="8c84fa94-04c1-424b-9868-57a2d4851a1d" relativeResultsDirectory="9f63e68d-0f12-4479-9f6c-5ab547b013fb" />
    <UnitTestResult executionId="0abcdee0-0208-4865-a88c-0b3a8954f189" testId="06e3e5ee-40d8-e10b-eebf-758ff961a15a" testName="PtzPatrollingSessionBase_Pause_Success" computerName="DKSR-EFI-04" duration="00:00:00.0014214" startTime="2023-12-22T09:33:52.3032217+01:00" endTime="2023-12-22T09:33:52.3032217+01:00" testType="13cdc9d9-ddb5-4fa4-a97d-d965ccfc6d4b" outcome="Passed" testListId="8c84fa94-04c1-424b-9868-57a2d4851a1d" relativeResultsDirectory="0abcdee0-0208-4865-a88c-0b3a8954f189">
      <Output>
        <StdOut>Debug Trace:&#xD;
VideoOS.Recorder.PtzPatrollingSession session started&#xD;
VideoOS.Recorder.PtzPatrollingSession session paused</StdOut>
      </Output>
    </UnitTestResult>
    <UnitTestResult executionId="8f425222-ecc4-4660-99cc-ce8c83688b5b" testId="f37382f8-c573-8898-56df-bcf6c3fbc9be" testName="SOAPCommandRequestHandler_ExecuteFunction_HandleSequencesGetAroundWithSpan_Success" computerName="DKSR-EFI-04" duration="00:00:00.0044835" startTime="2023-12-22T09:33:29.9281113+01:00" endTime="2023-12-22T09:33:29.9281113+01:00" testType="13cdc9d9-ddb5-4fa4-a97d-d965ccfc6d4b" outcome="Passed" testListId="8c84fa94-04c1-424b-9868-57a2d4851a1d" relativeResultsDirectory="8f425222-ecc4-4660-99cc-ce8c83688b5b" />
    <UnitTestResult executionId="e81d070f-1905-4464-9aac-e8c2fd03ad54" testId="abcc32d8-7b98-7d33-898b-4db189321e78" testName="MediaDbConfigurationWriter_WriteDeviceTableConfiguration_Cam_NoPrebuffer" computerName="DKSR-EFI-04" duration="00:00:00.0004249" startTime="2023-12-22T09:33:44.8969344+01:00" endTime="2023-12-22T09:33:44.8969344+01:00" testType="13cdc9d9-ddb5-4fa4-a97d-d965ccfc6d4b" outcome="Passed" testListId="8c84fa94-04c1-424b-9868-57a2d4851a1d" relativeResultsDirectory="e81d070f-1905-4464-9aac-e8c2fd03ad54" />
    <UnitTestResult executionId="b448c11b-a8ca-441c-bf99-67b3321ae6d1" testId="98691723-0a20-4b2c-26d3-0c7626ffb7d8" testName="SOAPCommandRequestHandler_ExecuteFunction_HandleJPEGGetLive_NotAllowed" computerName="DKSR-EFI-04" duration="00:00:00.0007989" startTime="2023-12-22T09:33:30.5218665+01:00" endTime="2023-12-22T09:33:30.5218665+01:00" testType="13cdc9d9-ddb5-4fa4-a97d-d965ccfc6d4b" outcome="Passed" testListId="8c84fa94-04c1-424b-9868-57a2d4851a1d" relativeResultsDirectory="b448c11b-a8ca-441c-bf99-67b3321ae6d1" />
    <UnitTestResult executionId="b42791ec-4e7e-464b-866e-37e1a3dfaacd" testId="3149481f-7dc8-faae-4c4e-8462de35554d" testName="SendUpdateHardwareDriverCommandAsync_ConnectedAndIncompatible_ShouldThrowAnException" computerName="DKSR-EFI-04" duration="00:00:00.0016442" startTime="2023-12-22T09:33:24.2405849+01:00" endTime="2023-12-22T09:33:24.2405849+01:00" testType="13cdc9d9-ddb5-4fa4-a97d-d965ccfc6d4b" outcome="Passed" testListId="8c84fa94-04c1-424b-9868-57a2d4851a1d" relativeResultsDirectory="b42791ec-4e7e-464b-866e-37e1a3dfaacd" />
    <UnitTestResult executionId="19001487-368b-4e62-b30a-1271d79d227d" testId="d27e619c-c523-6639-7596-4ce8aee611b8" testName="PtzStopSessionCommandHandler_Execute_Success" computerName="DKSR-EFI-04" duration="00:00:00.0003200" startTime="2023-12-22T09:33:50.5063372+01:00" endTime="2023-12-22T09:33:50.5063372+01:00" testType="13cdc9d9-ddb5-4fa4-a97d-d965ccfc6d4b" outcome="Passed" testListId="8c84fa94-04c1-424b-9868-57a2d4851a1d" relativeResultsDirectory="19001487-368b-4e62-b30a-1271d79d227d" />
    <UnitTestResult executionId="b8455a03-0f1b-4b78-8741-8f9b23d59d8f" testId="5aa20bdb-510a-5a49-ef69-9a4f88c0b4d3" testName="CollectMediaStatusCommandHandler_FindTrackStaus_Media_Present" computerName="DKSR-EFI-04" duration="00:00:00.0024023" startTime="2023-12-22T09:33:45.4750629+01:00" endTime="2023-12-22T09:33:45.4750629+01:00" testType="13cdc9d9-ddb5-4fa4-a97d-d965ccfc6d4b" outcome="Passed" testListId="8c84fa94-04c1-424b-9868-57a2d4851a1d" relativeResultsDirectory="b8455a03-0f1b-4b78-8741-8f9b23d59d8f" />
    <UnitTestResult executionId="e53bd817-afe1-454d-ae8e-795c5e3f7c74" testId="06336d49-f25d-bd1d-075a-c53b66885f84" testName="GetSettingAsBool_NonExistingSetting_Throws_InvalidMulticastSettingsException" computerName="DKSR-EFI-04" duration="00:00:00.0003590" startTime="2023-12-22T09:33:33.8187548+01:00" endTime="2023-12-22T09:33:33.8187548+01:00" testType="13cdc9d9-ddb5-4fa4-a97d-d965ccfc6d4b" outcome="Passed" testListId="8c84fa94-04c1-424b-9868-57a2d4851a1d" relativeResultsDirectory="e53bd817-afe1-454d-ae8e-795c5e3f7c74" />
    <UnitTestResult executionId="7ac97544-5b68-4773-a0cd-661675a9e18b" testId="006047cf-5e82-e489-50ec-7332965c93af" testName="PerformDatabaseOperation_IsNull_BadRequestResult" computerName="DKSR-EFI-04" duration="00:00:00.0022624" startTime="2023-12-22T09:33:24.4280843+01:00" endTime="2023-12-22T09:33:24.4437102+01:00" testType="13cdc9d9-ddb5-4fa4-a97d-d965ccfc6d4b" outcome="Passed" testListId="8c84fa94-04c1-424b-9868-57a2d4851a1d" relativeResultsDirectory="7ac97544-5b68-4773-a0cd-661675a9e18b" />
    <UnitTestResult executionId="de3cb429-719d-4c59-a9ed-c34c17eee9ce" testId="e3b7fc32-a560-5bdd-6655-6824470449c4" testName="SOAPCommandRequestHandler_ExecuteFunction_HandlePTZMoveStart_NoDeviceId" computerName="DKSR-EFI-04" duration="00:00:00.0012277" startTime="2023-12-22T09:33:30.7249916+01:00" endTime="2023-12-22T09:33:30.7249916+01:00" testType="13cdc9d9-ddb5-4fa4-a97d-d965ccfc6d4b" outcome="Passed" testListId="8c84fa94-04c1-424b-9868-57a2d4851a1d" relativeResultsDirectory="de3cb429-719d-4c59-a9ed-c34c17eee9ce" />
    <UnitTestResult executionId="ffad9813-6da7-42de-adf0-87c9eb8cd684" testId="e958b283-ee01-b682-79fb-ca1ddfb45fc8" testName="ExecuteFunction_GetArchiveStorageStatus_Success" computerName="DKSR-EFI-04" duration="00:00:00.0050965" startTime="2023-12-22T09:33:31.0531168+01:00" endTime="2023-12-22T09:33:31.0687410+01:00" testType="13cdc9d9-ddb5-4fa4-a97d-d965ccfc6d4b" outcome="Passed" testListId="8c84fa94-04c1-424b-9868-57a2d4851a1d" relativeResultsDirectory="ffad9813-6da7-42de-adf0-87c9eb8cd684" />
    <UnitTestResult executionId="ee7db781-f929-41e4-93bc-3ab384038a7a" testId="dbc4df8b-6198-2392-24f1-7438812891e6" testName="ChangeHardwarePasswordCommandHandler_Execute_HardwareIsReadOnly_Errors" computerName="DKSR-EFI-04" duration="00:00:00.0006784" startTime="2023-12-22T09:33:45.1469365+01:00" endTime="2023-12-22T09:33:45.1469365+01:00" testType="13cdc9d9-ddb5-4fa4-a97d-d965ccfc6d4b" outcome="Passed" testListId="8c84fa94-04c1-424b-9868-57a2d4851a1d" relativeResultsDirectory="ee7db781-f929-41e4-93bc-3ab384038a7a" />
    <UnitTestResult executionId="af2d2ad9-8531-480b-97c3-a0320c7f490e" testId="869a4a53-5865-9437-9c02-9b1317a774b2" testName="RecordingStorageDeviceLinkEntries_Add_SameDeviceTwice_Throw_ArgumentException" computerName="DKSR-EFI-04" duration="00:00:00.0103560" startTime="2023-12-22T09:33:23.4437049+01:00" endTime="2023-12-22T09:33:23.4593308+01:00" testType="13cdc9d9-ddb5-4fa4-a97d-d965ccfc6d4b" outcome="Passed" testListId="8c84fa94-04c1-424b-9868-57a2d4851a1d" relativeResultsDirectory="af2d2ad9-8531-480b-97c3-a0320c7f490e" />
    <UnitTestResult executionId="67f281a9-6331-4ba9-9dc7-64d13f8f26f2" testId="ba5d9fe4-26ed-b4f6-b3fd-cbabc026143c" testName="UpdateHardwareStateTrue_StartHardware_HardwareReadOnly_SuccessResponse" computerName="DKSR-EFI-04" duration="00:00:00.0011297" startTime="2023-12-22T09:33:51.1000906+01:00" endTime="2023-12-22T09:33:51.1000906+01:00" testType="13cdc9d9-ddb5-4fa4-a97d-d965ccfc6d4b" outcome="Passed" testListId="8c84fa94-04c1-424b-9868-57a2d4851a1d" relativeResultsDirectory="67f281a9-6331-4ba9-9dc7-64d13f8f26f2" />
    <UnitTestResult executionId="8571d50b-863d-472b-83e5-3ebff47dd7ce" testId="e3eb7c25-f64d-fff5-8d1c-3fdfe590b3c9" testName="LicenseManager_CheckHardwareLicensed_unlicensed_licensedAfterExpiryDateWithReplacementToken" computerName="DKSR-EFI-04" duration="00:00:00.0010327" startTime="2023-12-22T09:33:33.8968813+01:00" endTime="2023-12-22T09:33:33.8968813+01:00" testType="13cdc9d9-ddb5-4fa4-a97d-d965ccfc6d4b" outcome="Passed" testListId="8c84fa94-04c1-424b-9868-57a2d4851a1d" relativeResultsDirectory="8571d50b-863d-472b-83e5-3ebff47dd7ce" />
    <UnitTestResult executionId="42a4278e-7d17-4612-a4c2-76b8e81546cd" testId="a657cb3a-38c0-fb29-81f5-1f9df5b01316" testName="SOAPCommandRequestHandler_ExecuteFunction_HandlePTZCenter_Zoom_Not_Double" computerName="DKSR-EFI-04" duration="00:00:00.0004545" startTime="2023-12-22T09:33:30.6312385+01:00" endTime="2023-12-22T09:33:30.6312385+01:00" testType="13cdc9d9-ddb5-4fa4-a97d-d965ccfc6d4b" outcome="Passed" testListId="8c84fa94-04c1-424b-9868-57a2d4851a1d" relativeResultsDirectory="42a4278e-7d17-4612-a4c2-76b8e81546cd" />
    <UnitTestResult executionId="9bdb7918-a733-4851-9e8f-62eee0003dda" testId="daac7a8a-7926-eba0-bb67-56c7d76c0421" testName="CollectRecorderInfoCommandXmlConverter_ArchiveProgress_Single_NoProgress" computerName="DKSR-EFI-04" duration="00:00:00.0021033" startTime="2023-12-22T09:33:45.4906882+01:00" endTime="2023-12-22T09:33:45.4906882+01:00" testType="13cdc9d9-ddb5-4fa4-a97d-d965ccfc6d4b" outcome="Passed" testListId="8c84fa94-04c1-424b-9868-57a2d4851a1d" relativeResultsDirectory="9bdb7918-a733-4851-9e8f-62eee0003dda" />
    <UnitTestResult executionId="30f95101-4385-4cea-8f76-5b985de02de2" testId="bb586174-9b05-807d-80c0-f849bdb676e7" testName="DriverProxyInstanceManager_RemoveNonaddedHardware_WarningLogged" computerName="DKSR-EFI-04" duration="00:00:00.0005112" startTime="2023-12-22T09:33:22.1780761+01:00" endTime="2023-12-22T09:33:22.1780761+01:00" testType="13cdc9d9-ddb5-4fa4-a97d-d965ccfc6d4b" outcome="Passed" testListId="8c84fa94-04c1-424b-9868-57a2d4851a1d" relativeResultsDirectory="30f95101-4385-4cea-8f76-5b985de02de2" />
    <UnitTestResult executionId="4d880702-94f7-4b47-9f49-69e31469d376" testId="dccd4db1-9957-7cd8-dfb6-b18a4ebc4ad0" testName="GoInAndOutOfOverflowOnKeyFrames" computerName="DKSR-EFI-04" duration="00:00:00.0012853" startTime="2023-12-22T09:33:33.4750032+01:00" endTime="2023-12-22T09:33:33.4750032+01:00" testType="13cdc9d9-ddb5-4fa4-a97d-d965ccfc6d4b" outcome="Passed" testListId="8c84fa94-04c1-424b-9868-57a2d4851a1d" relativeResultsDirectory="4d880702-94f7-4b47-9f49-69e31469d376" />
    <UnitTestResult executionId="a838caaa-24fb-404a-9807-2550f337df89" testId="6a24a456-2305-60dd-4ae6-7ffea3a9462d" testName="SOAPCommandRequestHandler_ExecuteFunction_HandleJPEGGetAtOrAfter_Success" computerName="DKSR-EFI-04" duration="00:00:00.0020429" startTime="2023-12-22T09:33:30.5062390+01:00" endTime="2023-12-22T09:33:30.5062390+01:00" testType="13cdc9d9-ddb5-4fa4-a97d-d965ccfc6d4b" outcome="Passed" testListId="8c84fa94-04c1-424b-9868-57a2d4851a1d" relativeResultsDirectory="a838caaa-24fb-404a-9807-2550f337df89" />
    <UnitTestResult executionId="2e7de61d-3ea0-441f-8d56-1122792ff309" testId="147225c2-52c5-173e-279e-3603e68e2410" testName="SOAPCommandRequestHandler_ExecuteFunction_HandlePTZReserveSession_Success" computerName="DKSR-EFI-04" duration="00:00:00.0021410" startTime="2023-12-22T09:33:30.8656150+01:00" endTime="2023-12-22T09:33:30.8656150+01:00" testType="13cdc9d9-ddb5-4fa4-a97d-d965ccfc6d4b" outcome="Passed" testListId="8c84fa94-04c1-424b-9868-57a2d4851a1d" relativeResultsDirectory="2e7de61d-3ea0-441f-8d56-1122792ff309" />
    <UnitTestResult executionId="61c66d2b-affc-4c43-a3f7-10d352be6a14" testId="cc0d485b-9743-159f-4b3e-d21ea11c4547" testName="SOAPCommandRequestHandler_ExecuteFunction_HandlePTZCenter_Height_Not_Double" computerName="DKSR-EFI-04" duration="00:00:00.0004534" startTime="2023-12-22T09:33:30.6156140+01:00" endTime="2023-12-22T09:33:30.6156140+01:00" testType="13cdc9d9-ddb5-4fa4-a97d-d965ccfc6d4b" outcome="Passed" testListId="8c84fa94-04c1-424b-9868-57a2d4851a1d" relativeResultsDirectory="61c66d2b-affc-4c43-a3f7-10d352be6a14" />
    <UnitTestResult executionId="97c8b520-bf69-458b-9016-77a7e9a0f9ec" testId="347818dd-a036-264a-54ab-209d7e8f95de" testName="GetHardwareUsersCommandHandler_Execute_InvalidUser_NoUserLevel_ExpectedUsersReturned" computerName="DKSR-EFI-04" duration="00:00:00.0007432" startTime="2023-12-22T09:33:47.8031982+01:00" endTime="2023-12-22T09:33:47.8031982+01:00" testType="13cdc9d9-ddb5-4fa4-a97d-d965ccfc6d4b" outcome="Passed" testListId="8c84fa94-04c1-424b-9868-57a2d4851a1d" relativeResultsDirectory="97c8b520-bf69-458b-9016-77a7e9a0f9ec" />
    <UnitTestResult executionId="81005216-a603-4cae-bd08-dcdd398167df" testId="4a60897f-da96-0d94-f5d3-d97e96726bff" testName="ManualPtzPatrollingSession_Start_Success" computerName="DKSR-EFI-04" duration="00:00:00.0028412" startTime="2023-12-22T09:33:52.2875956+01:00" endTime="2023-12-22T09:33:52.2875956+01:00" testType="13cdc9d9-ddb5-4fa4-a97d-d965ccfc6d4b" outcome="Passed" testListId="8c84fa94-04c1-424b-9868-57a2d4851a1d" relativeResultsDirectory="81005216-a603-4cae-bd08-dcdd398167df">
      <Output>
        <StdOut>Debug Trace:&#xD;
VideoOS.Recorder.PtzManualPatrollingSession session started</StdOut>
      </Output>
    </UnitTestResult>
    <UnitTestResult executionId="0a6e4fec-6adc-40bf-b58b-639dd1f5a565" testId="c609b5b6-1363-019f-e4a4-055655c23b0f" testName="RecStorage_Startup_NotAllowStart_KeepFailing_Ok" computerName="DKSR-EFI-04" duration="00:00:00.0013797" startTime="2023-12-22T09:33:32.6625006+01:00" endTime="2023-12-22T09:33:32.6625006+01:00" testType="13cdc9d9-ddb5-4fa4-a97d-d965ccfc6d4b" outcome="Passed" testListId="8c84fa94-04c1-424b-9868-57a2d4851a1d" relativeResultsDirectory="0a6e4fec-6adc-40bf-b58b-639dd1f5a565" />
    <UnitTestResult executionId="0e5ab661-f287-467e-8494-9f348355f449" testId="fd372183-0b9d-c0c8-bb63-2e4775580926" testName="FillableGridAreaFromPrivacyMaskAndExcludeRegion" computerName="DKSR-EFI-04" duration="00:00:00.0030719" startTime="2023-12-22T09:33:32.0531223+01:00" endTime="2023-12-22T09:33:32.0531223+01:00" testType="13cdc9d9-ddb5-4fa4-a97d-d965ccfc6d4b" outcome="Passed" testListId="8c84fa94-04c1-424b-9868-57a2d4851a1d" relativeResultsDirectory="0e5ab661-f287-467e-8494-9f348355f449" />
    <UnitTestResult executionId="8a53ea33-7d70-4e72-a8b7-9866314c3411" testId="3185fb68-e0b6-bae2-e639-e744f750e0da" testName="SOAPCommandRequestHandler_ExecuteFunction_HandleSequencesGetAround_NoMaxCountBefore" computerName="DKSR-EFI-04" duration="00:00:00.0010326" startTime="2023-12-22T09:33:29.8187361+01:00" endTime="2023-12-22T09:33:29.8187361+01:00" testType="13cdc9d9-ddb5-4fa4-a97d-d965ccfc6d4b" outcome="Passed" testListId="8c84fa94-04c1-424b-9868-57a2d4851a1d" relativeResultsDirectory="8a53ea33-7d70-4e72-a8b7-9866314c3411" />
    <UnitTestResult executionId="b4c1538f-bbed-4079-830a-f31978dc760f" testId="588bf695-5c81-90d2-eac0-94b20bf1d8df" testName="SOAPCommandRequestHandler_ExecuteFunction_HandlePTZCenter_CenterY_Not_Double" computerName="DKSR-EFI-04" duration="00:00:00.0004731" startTime="2023-12-22T09:33:30.6312385+01:00" endTime="2023-12-22T09:33:30.6312385+01:00" testType="13cdc9d9-ddb5-4fa4-a97d-d965ccfc6d4b" outcome="Passed" testListId="8c84fa94-04c1-424b-9868-57a2d4851a1d" relativeResultsDirectory="b4c1538f-bbed-4079-830a-f31978dc760f" />
    <UnitTestResult executionId="9d1a69c4-c8d8-4a69-960a-2461dd765c63" testId="8b5df9dc-04e3-1960-ed88-39b06a30661c" testName="GetStatistics_Framerate_Old_Expired_Frames" computerName="DKSR-EFI-04" duration="00:00:00.0005081" startTime="2023-12-22T09:33:33.5062558+01:00" endTime="2023-12-22T09:33:33.5062558+01:00" testType="13cdc9d9-ddb5-4fa4-a97d-d965ccfc6d4b" outcome="Passed" testListId="8c84fa94-04c1-424b-9868-57a2d4851a1d" relativeResultsDirectory="9d1a69c4-c8d8-4a69-960a-2461dd765c63" />
    <UnitTestResult executionId="15681dd7-705b-47ac-b5fd-3027537cfc96" testId="90b402e5-869a-fa3b-54b9-c773a3203aaf" testName="SOAPCommandRequestHandler_Constructor_ArgumentNullException" computerName="DKSR-EFI-04" duration="00:00:00.0009910" startTime="2023-12-22T09:33:30.4437377+01:00" endTime="2023-12-22T09:33:30.4437377+01:00" testType="13cdc9d9-ddb5-4fa4-a97d-d965ccfc6d4b" outcome="Passed" testListId="8c84fa94-04c1-424b-9868-57a2d4851a1d" relativeResultsDirectory="15681dd7-705b-47ac-b5fd-3027537cfc96" />
    <UnitTestResult executionId="1473a444-3fd3-4f0b-aebe-f8fce6550b36" testId="e4a88615-e2e1-b749-456a-476e94ae800f" testName="FirmwareUpgradeCommandHandler_Execute_FirmwareUpgradeStatus_ThrowsStatusUnknown_Errors" computerName="DKSR-EFI-04" duration="00:00:00.0013662" startTime="2023-12-22T09:33:47.6625725+01:00" endTime="2023-12-22T09:33:47.6625725+01:00" testType="13cdc9d9-ddb5-4fa4-a97d-d965ccfc6d4b" outcome="Passed" testListId="8c84fa94-04c1-424b-9868-57a2d4851a1d" relativeResultsDirectory="1473a444-3fd3-4f0b-aebe-f8fce6550b36" />
    <UnitTestResult executionId="c07bcb25-5083-4cdf-931a-6395981ddcd6" testId="c596aa43-a71d-3944-184c-9b6172ad05ff" testName="ResponseController_ExceptionResponseNullInput_BadRequestResult" computerName="DKSR-EFI-04" duration="00:00:00.0009941" startTime="2023-12-22T09:33:24.6780873+01:00" endTime="2023-12-22T09:33:24.6780873+01:00" testType="13cdc9d9-ddb5-4fa4-a97d-d965ccfc6d4b" outcome="Passed" testListId="8c84fa94-04c1-424b-9868-57a2d4851a1d" relativeResultsDirectory="c07bcb25-5083-4cdf-931a-6395981ddcd6" />
    <UnitTestResult executionId="40223fb6-adcb-407d-9944-1e4f6c94e30b" testId="a8285c5a-ff5d-0ef5-7bbd-59de8473e545" testName="SOAPCommandRequestHandler_ExecuteFunction_HandleSmartSearchStart_NoResultMotionMaskSizeHeight" computerName="DKSR-EFI-04" duration="00:00:00.0012248" startTime="2023-12-22T09:33:30.0999863+01:00" endTime="2023-12-22T09:33:30.0999863+01:00" testType="13cdc9d9-ddb5-4fa4-a97d-d965ccfc6d4b" outcome="Passed" testListId="8c84fa94-04c1-424b-9868-57a2d4851a1d" relativeResultsDirectory="40223fb6-adcb-407d-9944-1e4f6c94e30b" />
    <UnitTestResult executionId="7f280d68-c3b4-4462-aac9-606f14d35486" testId="baff1e4c-b682-9019-04f4-ee7c6241c8fb" testName="SOAPCommandRequestHandler_ExecuteFunction_HandlePTZDeactivatePatrollingSchema_NoDeviceId" computerName="DKSR-EFI-04" duration="00:00:00.0016961" startTime="2023-12-22T09:33:30.9437398+01:00" endTime="2023-12-22T09:33:30.9593681+01:00" testType="13cdc9d9-ddb5-4fa4-a97d-d965ccfc6d4b" outcome="Passed" testListId="8c84fa94-04c1-424b-9868-57a2d4851a1d" relativeResultsDirectory="7f280d68-c3b4-4462-aac9-606f14d35486" />
    <UnitTestResult executionId="b3bd6f40-07e8-4090-8326-d1124fb43e57" testId="ec8fa001-e49f-551c-872e-1478e0b020bc" testName="ActiveMask" computerName="DKSR-EFI-04" duration="00:00:00.0062138" startTime="2023-12-22T09:33:32.9125033+01:00" endTime="2023-12-22T09:33:32.9281272+01:00" testType="13cdc9d9-ddb5-4fa4-a97d-d965ccfc6d4b" outcome="Passed" testListId="8c84fa94-04c1-424b-9868-57a2d4851a1d" relativeResultsDirectory="b3bd6f40-07e8-4090-8326-d1124fb43e57" />
    <UnitTestResult executionId="29578e32-27e0-4445-b482-c4023cbe2ba5" testId="b08eb6b8-a2d9-d153-1bc4-a456044bf6bb" testName="GetAbsolutePtzPositionCommandHandler_Execute_Success" computerName="DKSR-EFI-04" duration="00:00:00.0019920" startTime="2023-12-22T09:33:47.7094475+01:00" endTime="2023-12-22T09:33:47.7094475+01:00" testType="13cdc9d9-ddb5-4fa4-a97d-d965ccfc6d4b" outcome="Passed" testListId="8c84fa94-04c1-424b-9868-57a2d4851a1d" relativeResultsDirectory="29578e32-27e0-4445-b482-c4023cbe2ba5" />
    <UnitTestResult executionId="167485ae-1a36-42e4-8e2d-5394c8a86e64" testId="aa2a2537-acc7-fac0-bb1e-d193ab189c0c" testName="SOAPCommandRequestHandler_ExecuteFunction_HandlePTZMoveHome_No_Priority" computerName="DKSR-EFI-04" duration="00:00:00.0012247" startTime="2023-12-22T09:33:30.6937412+01:00" endTime="2023-12-22T09:33:30.6937412+01:00" testType="13cdc9d9-ddb5-4fa4-a97d-d965ccfc6d4b" outcome="Passed" testListId="8c84fa94-04c1-424b-9868-57a2d4851a1d" relativeResultsDirectory="167485ae-1a36-42e4-8e2d-5394c8a86e64" />
    <UnitTestResult executionId="8404e606-856f-4479-a6e8-4d75bacde56e" testId="817a49b7-8c86-6256-a5bf-b08a90c08794" testName="PtzReleaseSessionCommandHandler_Execute_PtzException_PtzRequestPriorityTooLow" computerName="DKSR-EFI-04" duration="00:00:00.0005005" startTime="2023-12-22T09:33:50.3188376+01:00" endTime="2023-12-22T09:33:50.3188376+01:00" testType="13cdc9d9-ddb5-4fa4-a97d-d965ccfc6d4b" outcome="Passed" testListId="8c84fa94-04c1-424b-9868-57a2d4851a1d" relativeResultsDirectory="8404e606-856f-4479-a6e8-4d75bacde56e" />
    <UnitTestResult executionId="1a41ba2d-2757-4a4a-9172-612be37a7612" testId="8478dbe5-82ae-a5cf-14ed-dca0323d32ee" testName="ConfigureNotRecordingCamera" computerName="DKSR-EFI-04" duration="00:00:00.0020136" startTime="2023-12-22T09:33:33.3187530+01:00" endTime="2023-12-22T09:33:33.3343780+01:00" testType="13cdc9d9-ddb5-4fa4-a97d-d965ccfc6d4b" outcome="Passed" testListId="8c84fa94-04c1-424b-9868-57a2d4851a1d" relativeResultsDirectory="1a41ba2d-2757-4a4a-9172-612be37a7612" />
    <UnitTestResult executionId="7c80805c-2573-4c27-a2c8-3ad35b391ec9" testId="beabd535-a81b-7854-466b-bc77ec14ae26" testName="Start_WithoutInitializing_ShouldThrowException" computerName="DKSR-EFI-04" duration="00:00:00.0022726" startTime="2023-12-22T09:33:23.6780817+01:00" endTime="2023-12-22T09:33:23.6780817+01:00" testType="13cdc9d9-ddb5-4fa4-a97d-d965ccfc6d4b" outcome="Passed" testListId="8c84fa94-04c1-424b-9868-57a2d4851a1d" relativeResultsDirectory="7c80805c-2573-4c27-a2c8-3ad35b391ec9" />
    <UnitTestResult executionId="83fea49a-5b5d-4f58-868a-8733500ac652" testId="7901392d-3577-bf93-641d-bc76d8a8a033" testName="FirmwareUpgradeCommandHandler_Execute_FirmwareUpgrade_ThrowsFirmwareUpgradeSessionAlreadyExists_Errors" computerName="DKSR-EFI-04" duration="00:00:00.0011674" startTime="2023-12-22T09:33:47.6156967+01:00" endTime="2023-12-22T09:33:47.6156967+01:00" testType="13cdc9d9-ddb5-4fa4-a97d-d965ccfc6d4b" outcome="Passed" testListId="8c84fa94-04c1-424b-9868-57a2d4851a1d" relativeResultsDirectory="83fea49a-5b5d-4f58-868a-8733500ac652" />
    <UnitTestResult executionId="788bf61a-8693-43ef-8f16-1691b1857c43" testId="a934c57a-74dc-4b22-6ffd-7def539549a2" testName="SOAPCommandRequestHandler_ExecuteFunction_HandlePTZMoveStart_NoPtzArgs" computerName="DKSR-EFI-04" duration="00:00:00.0008669" startTime="2023-12-22T09:33:30.7249916+01:00" endTime="2023-12-22T09:33:30.7249916+01:00" testType="13cdc9d9-ddb5-4fa4-a97d-d965ccfc6d4b" outcome="Passed" testListId="8c84fa94-04c1-424b-9868-57a2d4851a1d" relativeResultsDirectory="788bf61a-8693-43ef-8f16-1691b1857c43" />
    <UnitTestResult executionId="d6c75966-adb4-49ed-9ada-2d709204a9bb" testId="b7d79b70-654f-cdc7-c931-6bf701fefb44" testName="ChangeHardwarePasswordCommandHandler_Execute_ChangePassword_ThrowsNetworkError_Errors" computerName="DKSR-EFI-04" duration="00:00:00.0008762" startTime="2023-12-22T09:33:45.1625600+01:00" endTime="2023-12-22T09:33:45.1625600+01:00" testType="13cdc9d9-ddb5-4fa4-a97d-d965ccfc6d4b" outcome="Passed" testListId="8c84fa94-04c1-424b-9868-57a2d4851a1d" relativeResultsDirectory="d6c75966-adb4-49ed-9ada-2d709204a9bb" />
    <UnitTestResult executionId="2e927585-cb84-44cf-a524-533f759023bb" testId="eb07658b-da2c-b708-db7a-933461be8e63" testName="PtzReleaseSessionCommandHandler_Execute_NotSupportedException" computerName="DKSR-EFI-04" duration="00:00:00.0020330" startTime="2023-12-22T09:33:50.3032110+01:00" endTime="2023-12-22T09:33:50.3032110+01:00" testType="13cdc9d9-ddb5-4fa4-a97d-d965ccfc6d4b" outcome="Passed" testListId="8c84fa94-04c1-424b-9868-57a2d4851a1d" relativeResultsDirectory="2e927585-cb84-44cf-a524-533f759023bb" />
    <UnitTestResult executionId="f68a8b88-2dbf-455b-b20e-62239d11ec99" testId="72e9872f-e146-2fb9-0c1d-bfc150eba3ba" testName="ReadMessageHeaders_ImageServer_Connect_ReadSuccess" computerName="DKSR-EFI-04" duration="00:00:00.0006371" startTime="2023-12-22T09:33:31.2249936+01:00" endTime="2023-12-22T09:33:31.2249936+01:00" testType="13cdc9d9-ddb5-4fa4-a97d-d965ccfc6d4b" outcome="Passed" testListId="8c84fa94-04c1-424b-9868-57a2d4851a1d" relativeResultsDirectory="f68a8b88-2dbf-455b-b20e-62239d11ec99" />
    <UnitTestResult executionId="4cfd2e1b-3d20-4162-be18-c141d45d7133" testId="ba75125b-a219-892f-41c3-4bebe36d3c3d" testName="Transform_PrivactyMask_Null_ThrowsArgumentNullException" computerName="DKSR-EFI-04" duration="00:00:00.0101536" startTime="2023-12-22T09:33:29.6312337+01:00" endTime="2023-12-22T09:33:29.6468605+01:00" testType="13cdc9d9-ddb5-4fa4-a97d-d965ccfc6d4b" outcome="Passed" testListId="8c84fa94-04c1-424b-9868-57a2d4851a1d" relativeResultsDirectory="4cfd2e1b-3d20-4162-be18-c141d45d7133">
      <Output>
        <StdOut>Debug Trace:&#xD;
Fail: Argument null&#xD;
Fail: Argument null</StdOut>
      </Output>
    </UnitTestResult>
    <UnitTestResult executionId="df9d0904-4aef-4786-bc34-e9eec92622a0" testId="5c75a430-77bf-290c-c3d3-c3f927b487ee" testName="GetHardwareUsersCommandHandler_Constructor_NullArg_Throws" computerName="DKSR-EFI-04" duration="00:00:00.0019671" startTime="2023-12-22T09:33:47.7094475+01:00" endTime="2023-12-22T09:33:47.7094475+01:00" testType="13cdc9d9-ddb5-4fa4-a97d-d965ccfc6d4b" outcome="Passed" testListId="8c84fa94-04c1-424b-9868-57a2d4851a1d" relativeResultsDirectory="df9d0904-4aef-4786-bc34-e9eec92622a0" />
    <UnitTestResult executionId="6972c0d9-070c-43ef-9b79-b0e43a0bb748" testId="b9ee8f06-b1e0-e65c-8d48-797b8570245b" testName="SetNetworkConfigurationCommandHandler_Execute_SunnyDay_IPv4" computerName="DKSR-EFI-04" duration="00:00:00.0069744" startTime="2023-12-22T09:33:50.8657128+01:00" endTime="2023-12-22T09:33:50.8657128+01:00" testType="13cdc9d9-ddb5-4fa4-a97d-d965ccfc6d4b" outcome="Passed" testListId="8c84fa94-04c1-424b-9868-57a2d4851a1d" relativeResultsDirectory="6972c0d9-070c-43ef-9b79-b0e43a0bb748" />
    <UnitTestResult executionId="eaa4f1ac-7232-43c9-8f05-7d8006b20594" testId="29d684b0-2e25-416c-2170-4e35876ac66b" testName="SOAPCommandRequestHandler_ExecuteFunction_HandleSequencesGetAround_NoSequenceType" computerName="DKSR-EFI-04" duration="00:00:00.0008934" startTime="2023-12-22T09:33:29.8187361+01:00" endTime="2023-12-22T09:33:29.8187361+01:00" testType="13cdc9d9-ddb5-4fa4-a97d-d965ccfc6d4b" outcome="Passed" testListId="8c84fa94-04c1-424b-9868-57a2d4851a1d" relativeResultsDirectory="eaa4f1ac-7232-43c9-8f05-7d8006b20594" />
    <UnitTestResult executionId="142e00e5-795f-42e9-9ac0-15601b46d777" testId="388c476d-d34c-7f6e-8d71-ebbe746479a4" testName="SOAPCommandRequestHandler_ExecuteFunction_HandlePTZCenter_NoCenterX" computerName="DKSR-EFI-04" duration="00:00:00.0013998" startTime="2023-12-22T09:33:30.6156140+01:00" endTime="2023-12-22T09:33:30.6156140+01:00" testType="13cdc9d9-ddb5-4fa4-a97d-d965ccfc6d4b" outcome="Passed" testListId="8c84fa94-04c1-424b-9868-57a2d4851a1d" relativeResultsDirectory="142e00e5-795f-42e9-9ac0-15601b46d777" />
    <UnitTestResult executionId="2310da25-03da-42a4-8410-41d034b9a234" testId="a3b54414-fea2-96c6-9461-4e6c114da7c6" testName="GetNetworkConfigurationCommandHandler_Execute_NullArgs_Throws" computerName="DKSR-EFI-04" duration="00:00:00.0188497" startTime="2023-12-22T09:33:47.8656999+01:00" endTime="2023-12-22T09:33:47.8813253+01:00" testType="13cdc9d9-ddb5-4fa4-a97d-d965ccfc6d4b" outcome="Passed" testListId="8c84fa94-04c1-424b-9868-57a2d4851a1d" relativeResultsDirectory="2310da25-03da-42a4-8410-41d034b9a234">
      <Output>
        <StdOut>Debug Trace:&#xD;
Fail: Command/Command handler type mismatch&#xD;
Fail: Argument null.</StdOut>
      </Output>
    </UnitTestResult>
    <UnitTestResult executionId="79f93079-ab33-471d-9fa8-e936f749b3e0" testId="02c8f3cc-8046-8730-f8ed-14529577afcb" testName="SOAPCommandRequestHandler_GetClientCapabilities_No_Child_Of_ClientCapabilities_Section" computerName="DKSR-EFI-04" duration="00:00:00.0008666" startTime="2023-12-22T09:33:30.1781150+01:00" endTime="2023-12-22T09:33:30.1781150+01:00" testType="13cdc9d9-ddb5-4fa4-a97d-d965ccfc6d4b" outcome="Passed" testListId="8c84fa94-04c1-424b-9868-57a2d4851a1d" relativeResultsDirectory="79f93079-ab33-471d-9fa8-e936f749b3e0" />
    <UnitTestResult executionId="25ab76e5-3d4d-45f7-b733-f729bd028a22" testId="a963e446-af2d-a002-68c5-1d1aef7d51e8" testName="SOAPCommandRequestHandler_ExecuteFunction_HandleGetRetentionTimeLimit_Success" computerName="DKSR-EFI-04" duration="00:00:00.0047225" startTime="2023-12-22T09:33:30.4281161+01:00" endTime="2023-12-22T09:33:30.4437377+01:00" testType="13cdc9d9-ddb5-4fa4-a97d-d965ccfc6d4b" outcome="Passed" testListId="8c84fa94-04c1-424b-9868-57a2d4851a1d" relativeResultsDirectory="25ab76e5-3d4d-45f7-b733-f729bd028a22" />
    <UnitTestResult executionId="a01c43ac-17fd-4312-8033-32bcf7a51826" testId="d0ebb5dd-39e2-2382-c6fa-adb8fc580505" testName="MediaDbUtil_MultitrackNavigation_Scenario14" computerName="DKSR-EFI-04" duration="00:00:00.0792625" startTime="2023-12-22T09:33:29.0687330+01:00" endTime="2023-12-22T09:33:29.1468603+01:00" testType="13cdc9d9-ddb5-4fa4-a97d-d965ccfc6d4b" outcome="Passed" testListId="8c84fa94-04c1-424b-9868-57a2d4851a1d" relativeResultsDirectory="a01c43ac-17fd-4312-8033-32bcf7a51826">
      <Output>
        <StdOut>TestContext Messages:&#xD;
Before&#xD;
Navigation:  " V                                            "&#xD;
Source    :  " 1 1 1 1 1 1 1 1 1 1 1 1 1 1 1 1 1 1 1 1 1 1 1"&#xD;
Unable to move&#xD;
&#xD;
AtOrBefore&#xD;
Navigation:  " V                                            "&#xD;
Source    :  " 1 1 1 1 1 1 1 1 1 1 1 1 1 1 1 1 1 1 1 1 1 1 1"&#xD;
Expected  :  " 1 N                                          "&#xD;
Actual    :  " 1 N                                          "&#xD;
&#xD;
AtOrAfter&#xD;
Navigation:  " V                                            "&#xD;
Source    :  " 1 1 1 1 1 1 1 1 1 1 1 1 1 1 1 1 1 1 1 1 1 1 1"&#xD;
Expected  :  " 1 N                                          "&#xD;
Actual    :  " 1 N                                          "&#xD;
&#xD;
After&#xD;
Navigation:  " V                                            "&#xD;
Source    :  " 1 1 1 1 1 1 1 1 1 1 1 1 1 1 1 1 1 1 1 1 1 1 1"&#xD;
Expected  :  " P 1 N                                        "&#xD;
Actual    :  " P 1 N                                        "&#xD;
&#xD;
Before&#xD;
Navigation:  "           V                                  "&#xD;
Source    :  " 1 1 1 1 1 1 1 1 1 1 1 1 1 1 1 1 1 1 1 1 1 1 1"&#xD;
Expected  :  "       P 1 N                                  "&#xD;
Actual    :  "       P 1 N                                  "&#xD;
&#xD;
AtOrBefore&#xD;
Navigation:  "           V                                  "&#xD;
Source    :  " 1 1 1 1 1 1 1 1 1 1 1 1 1 1 1 1 1 1 1 1 1 1 1"&#xD;
Expected  :  "         P 1 N                                "&#xD;
Actual    :  "         P 1 N                                "&#xD;
&#xD;
AtOrAfter&#xD;
Navigation:  "           V                                  "&#xD;
Source    :  " 1 1 1 1 1 1 1 1 1 1 1 1 1 1 1 1 1 1 1 1 1 1 1"&#xD;
Expected  :  "         P 1 N                                "&#xD;
Actual    :  "         P 1 N                                "&#xD;
&#xD;
After&#xD;
Navigation:  "           V                                  "&#xD;
Source    :  " 1 1 1 1 1 1 1 1 1 1 1 1 1 1 1 1 1 1 1 1 1 1 1"&#xD;
Expected  :  "           P 1 N                              "&#xD;
Actual    :  "           P 1 N                              "&#xD;
&#xD;
Before&#xD;
Navigation:  "              V                               "&#xD;
Source    :  " 1 1 1 1 1 1 1 1 1 1 1 1 1 1 1 1 1 1 1 1 1 1 1"&#xD;
Expected  :  "           P 1 N                              "&#xD;
Actual    :  "           P 1 N                              "&#xD;
&#xD;
AtOrBefore&#xD;
Navigation:  "              V                               "&#xD;
Source    :  " 1 1 1 1 1 1 1 1 1 1 1 1 1 1 1 1 1 1 1 1 1 1 1"&#xD;
Expected  :  "           P 1 N                              "&#xD;
Actual    :  "           P 1 N                              "&#xD;
&#xD;
AtOrAfter&#xD;
Navigation:  "              V                               "&#xD;
Source    :  " 1 1 1 1 1 1 1 1 1 1 1 1 1 1 1 1 1 1 1 1 1 1 1"&#xD;
Expected  :  "             P 1 N                            "&#xD;
Actual    :  "             P 1 N                            "&#xD;
&#xD;
After&#xD;
Navigation:  "              V                               "&#xD;
Source    :  " 1 1 1 1 1 1 1 1 1 1 1 1 1 1 1 1 1 1 1 1 1 1 1"&#xD;
Expected  :  "             P 1 N                            "&#xD;
Actual    :  "             P 1 N                            "&#xD;
&#xD;
Before&#xD;
Navigation:  "                 V                            "&#xD;
Source    :  " 1 1 1 1 1 1 1 1 1 1 1 1 1 1 1 1 1 1 1 1 1 1 1"&#xD;
Expected  :  "             P 1 N                            "&#xD;
Actual    :  "             P 1 N                            "&#xD;
&#xD;
AtOrBefore&#xD;
Navigation:  "                 V                            "&#xD;
Source    :  " 1 1 1 1 1 1 1 1 1 1 1 1 1 1 1 1 1 1 1 1 1 1 1"&#xD;
Expected  :  "               P 1 N                          "&#xD;
Actual    :  "               P 1 N                          "&#xD;
&#xD;
AtOrAfter&#xD;
Navigation:  "                 V                            "&#xD;
Source    :  " 1 1 1 1 1 1 1 1 1 1 1 1 1 1 1 1 1 1 1 1 1 1 1"&#xD;
Expected  :  "               P 1 N                          "&#xD;
Actual    :  "               P 1 N                          "&#xD;
&#xD;
After&#xD;
Navigation:  "                 V                            "&#xD;
Source    :  " 1 1 1 1 1 1 1 1 1 1 1 1 1 1 1 1 1 1 1 1 1 1 1"&#xD;
Expected  :  "                 P 1 N                        "&#xD;
Actual    :  "                 P 1 N                        "&#xD;
&#xD;
Before&#xD;
Navigation:  "                  V                           "&#xD;
Source    :  " 1 1 1 1 1 1 1 1 1 1 1 1 1 1 1 1 1 1 1 1 1 1 1"&#xD;
Expected  :  "               P 1 N                          "&#xD;
Actual    :  "               P 1 N                          "&#xD;
&#xD;
AtOrBefore&#xD;
Navigation:  "                  V                           "&#xD;
Source    :  " 1 1 1 1 1 1 1 1 1 1 1 1 1 1 1 1 1 1 1 1 1 1 1"&#xD;
Expected  :  "               P 1 N                          "&#xD;
Actual    :  "               P 1 N                          "&#xD;
&#xD;
AtOrAfter&#xD;
Navigation:  "                  V                           "&#xD;
Source    :  " 1 1 1 1 1 1 1 1 1 1 1 1 1 1 1 1 1 1 1 1 1 1 1"&#xD;
Expected  :  "                 P 1 N                        "&#xD;
Actual    :  "                 P 1 N                        "&#xD;
&#xD;
After&#xD;
Navigation:  "                  V                           "&#xD;
Source    :  " 1 1 1 1 1 1 1 1 1 1 1 1 1 1 1 1 1 1 1 1 1 1 1"&#xD;
Expected  :  "                 P 1 N                        "&#xD;
Actual    :  "                 P 1 N                        "&#xD;
&#xD;
Before&#xD;
Navigation:  "                   V                          "&#xD;
Source    :  " 1 1 1 1 1 1 1 1 1 1 1 1 1 1 1 1 1 1 1 1 1 1 1"&#xD;
Expected  :  "               P 1 N                          "&#xD;
Actual    :  "               P 1 N                          "&#xD;
&#xD;
AtOrBefore&#xD;
Navigation:  "                   V                          "&#xD;
Source    :  " 1 1 1 1 1 1 1 1 1 1 1 1 1 1 1 1 1 1 1 1 1 1 1"&#xD;
Expected  :  "                 P 1 N                        "&#xD;
Actual    :  "                 P 1 N                        "&#xD;
&#xD;
AtOrAfter&#xD;
Navigation:  "                   V                          "&#xD;
Source    :  " 1 1 1 1 1 1 1 1 1 1 1 1 1 1 1 1 1 1 1 1 1 1 1"&#xD;
Expected  :  "                 P 1 N                        "&#xD;
Actual    :  "                 P 1 N                        "&#xD;
&#xD;
After&#xD;
Navigation:  "                   V                          "&#xD;
Source    :  " 1 1 1 1 1 1 1 1 1 1 1 1 1 1 1 1 1 1 1 1 1 1 1"&#xD;
Expected  :  "                   P 1 N                      "&#xD;
Actual    :  "                   P 1 N                      "&#xD;
&#xD;
Before&#xD;
Navigation:  "                          V                   "&#xD;
Source    :  " 1 1 1 1 1 1 1 1 1 1 1 1 1 1 1 1 1 1 1 1 1 1 1"&#xD;
Expected  :  "                       P 1 N                  "&#xD;
Actual    :  "                       P 1 N                  "&#xD;
&#xD;
AtOrBefore&#xD;
Navigation:  "                          V                   "&#xD;
Source    :  " 1 1 1 1 1 1 1 1 1 1 1 1 1 1 1 1 1 1 1 1 1 1 1"&#xD;
Expected  :  "                       P 1 N                  "&#xD;
Actual    :  "                       P 1 N                  "&#xD;
&#xD;
AtOrAfter&#xD;
Navigation:  "                          V                   "&#xD;
Source    :  " 1 1 1 1 1 1 1 1 1 1 1 1 1 1 1 1 1 1 1 1 1 1 1"&#xD;
Expected  :  "                         P 1 N                "&#xD;
Actual    :  "                         P 1 N                "&#xD;
&#xD;
After&#xD;
Navigation:  "                          V                   "&#xD;
Source    :  " 1 1 1 1 1 1 1 1 1 1 1 1 1 1 1 1 1 1 1 1 1 1 1"&#xD;
Expected  :  "                         P 1 N                "&#xD;
Actual    :  "                         P 1 N                "&#xD;
&#xD;
Before&#xD;
Navigation:  "                               V              "&#xD;
Source    :  " 1 1 1 1 1 1 1 1 1 1 1 1 1 1 1 1 1 1 1 1 1 1 1"&#xD;
Expected  :  "                           P 1 N              "&#xD;
Actual    :  "                           P 1 N              "&#xD;
&#xD;
AtOrBefore&#xD;
Navigation:  "                               V              "&#xD;
Source    :  " 1 1 1 1 1 1 1 1 1 1 1 1 1 1 1 1 1 1 1 1 1 1 1"&#xD;
Expected  :  "                             P 1 N            "&#xD;
Actual    :  "                             P 1 N            "&#xD;
&#xD;
AtOrAfter&#xD;
Navigation:  "                               V              "&#xD;
Source    :  " 1 1 1 1 1 1 1 1 1 1 1 1 1 1 1 1 1 1 1 1 1 1 1"&#xD;
Expected  :  "                             P 1 N            "&#xD;
Actual    :  "                             P 1 N            "&#xD;
&#xD;
After&#xD;
Navigation:  "                               V              "&#xD;
Source    :  " 1 1 1 1 1 1 1 1 1 1 1 1 1 1 1 1 1 1 1 1 1 1 1"&#xD;
Expected  :  "                               P 1 N          "&#xD;
Actual    :  "                               P 1 N          "&#xD;
&#xD;
Before&#xD;
Navigation:  "                                      V       "&#xD;
Source    :  " 1 1 1 1 1 1 1 1 1 1 1 1 1 1 1 1 1 1 1 1 1 1 1"&#xD;
Expected  :  "                                   P 1 N      "&#xD;
Actual    :  "                                   P 1 N      "&#xD;
&#xD;
AtOrBefore&#xD;
Navigation:  "                                      V       "&#xD;
Source    :  " 1 1 1 1 1 1 1 1 1 1 1 1 1 1 1 1 1 1 1 1 1 1 1"&#xD;
Expected  :  "                                   P 1 N      "&#xD;
Actual    :  "                                   P 1 N      "&#xD;
&#xD;
AtOrAfter&#xD;
Navigation:  "                                      V       "&#xD;
Source    :  " 1 1 1 1 1 1 1 1 1 1 1 1 1 1 1 1 1 1 1 1 1 1 1"&#xD;
Expected  :  "                                     P 1 N    "&#xD;
Actual    :  "                                     P 1 N    "&#xD;
&#xD;
After&#xD;
Navigation:  "                                      V       "&#xD;
Source    :  " 1 1 1 1 1 1 1 1 1 1 1 1 1 1 1 1 1 1 1 1 1 1 1"&#xD;
Expected  :  "                                     P 1 N    "&#xD;
Actual    :  "                                     P 1 N    "&#xD;
&#xD;
Before&#xD;
Navigation:  "                                            V "&#xD;
Source    :  " 1 1 1 1 1 1 1 1 1 1 1 1 1 1 1 1 1 1 1 1 1 1 1"&#xD;
Expected  :  "                                         P 1 N"&#xD;
Actual    :  "                                         P 1 N"&#xD;
&#xD;
AtOrBefore&#xD;
Navigation:  "                                            V "&#xD;
Source    :  " 1 1 1 1 1 1 1 1 1 1 1 1 1 1 1 1 1 1 1 1 1 1 1"&#xD;
Expected  :  "                                         P 1 N"&#xD;
Actual    :  "                                         P 1 N"&#xD;
&#xD;
AtOrAfter&#xD;
Navigation:  "                                            V "&#xD;
Source    :  " 1 1 1 1 1 1 1 1 1 1 1 1 1 1 1 1 1 1 1 1 1 1 1"&#xD;
Expected  :  "                                           P 1"&#xD;
Actual    :  "                                           P 1"&#xD;
&#xD;
After&#xD;
Navigation:  "                                            V "&#xD;
Source    :  " 1 1 1 1 1 1 1 1 1 1 1 1 1 1 1 1 1 1 1 1 1 1 1"&#xD;
Expected  :  "                                           P 1"&#xD;
Actual    :  "                                           P 1"&#xD;
&#xD;
Before&#xD;
Navigation:  " V                                            "&#xD;
Source    :  " 1 1 1 1 1 1 1 1 1  2 2 2 2 2 2 2 2 2 2 2 2 2 "&#xD;
Unable to move&#xD;
&#xD;
AtOrBefore&#xD;
Navigation:  " V                                            "&#xD;
Source    :  " 1 1 1 1 1 1 1 1 1  2 2 2 2 2 2 2 2 2 2 2 2 2 "&#xD;
Expected  :  " 1 N                                          "&#xD;
Actual    :  " 1 N                                          "&#xD;
&#xD;
AtOrAfter&#xD;
Navigation:  " V                                            "&#xD;
Source    :  " 1 1 1 1 1 1 1 1 1  2 2 2 2 2 2 2 2 2 2 2 2 2 "&#xD;
Expected  :  " 1 N                                          "&#xD;
Actual    :  " 1 N                                          "&#xD;
&#xD;
After&#xD;
Navigation:  " V                                            "&#xD;
Source    :  " 1 1 1 1 1 1 1 1 1  2 2 2 2 2 2 2 2 2 2 2 2 2 "&#xD;
Expected  :  " P 1 N                                        "&#xD;
Actual    :  " P 1 N                                        "&#xD;
&#xD;
Before&#xD;
Navigation:  "           V                                  "&#xD;
Source    :  " 1 1 1 1 1 1 1 1 1  2 2 2 2 2 2 2 2 2 2 2 2 2 "&#xD;
Expected  :  "       P 1 N                                  "&#xD;
Actual    :  "       P 1 N                                  "&#xD;
&#xD;
AtOrBefore&#xD;
Navigation:  "           V                                  "&#xD;
Source    :  " 1 1 1 1 1 1 1 1 1  2 2 2 2 2 2 2 2 2 2 2 2 2 "&#xD;
Expected  :  "         P 1 N                                "&#xD;
Actual    :  "         P 1 N                                "&#xD;
&#xD;
AtOrAfter&#xD;
Navigation:  "           V                                  "&#xD;
Source    :  " 1 1 1 1 1 1 1 1 1  2 2 2 2 2 2 2 2 2 2 2 2 2 "&#xD;
Expected  :  "         P 1 N                                "&#xD;
Actual    :  "         P 1 N                                "&#xD;
&#xD;
After&#xD;
Navigation:  "           V                                  "&#xD;
Source    :  " 1 1 1 1 1 1 1 1 1  2 2 2 2 2 2 2 2 2 2 2 2 2 "&#xD;
Expected  :  "           P 1 N                              "&#xD;
Actual    :  "           P 1 N                              "&#xD;
&#xD;
Before&#xD;
Navigation:  "              V                               "&#xD;
Source    :  " 1 1 1 1 1 1 1 1 1  2 2 2 2 2 2 2 2 2 2 2 2 2 "&#xD;
Expected  :  "           P 1 N                              "&#xD;
Actual    :  "           P 1 N                              "&#xD;
&#xD;
AtOrBefore&#xD;
Navigation:  "              V                               "&#xD;
Source    :  " 1 1 1 1 1 1 1 1 1  2 2 2 2 2 2 2 2 2 2 2 2 2 "&#xD;
Expected  :  "           P 1 N                              "&#xD;
Actual    :  "           P 1 N                              "&#xD;
&#xD;
AtOrAfter&#xD;
Navigation:  "              V                               "&#xD;
Source    :  " 1 1 1 1 1 1 1 1 1  2 2 2 2 2 2 2 2 2 2 2 2 2 "&#xD;
Expected  :  "             P 1 N                            "&#xD;
Actual    :  "             P 1 N                            "&#xD;
&#xD;
After&#xD;
Navigation:  "              V                               "&#xD;
Source    :  " 1 1 1 1 1 1 1 1 1  2 2 2 2 2 2 2 2 2 2 2 2 2 "&#xD;
Expected  :  "             P 1 N                            "&#xD;
Actual    :  "             P 1 N                            "&#xD;
&#xD;
Before&#xD;
Navigation:  "                 V                            "&#xD;
Source    :  " 1 1 1 1 1 1 1 1 1  2 2 2 2 2 2 2 2 2 2 2 2 2 "&#xD;
Expected  :  "             P 1 N                            "&#xD;
Actual    :  "             P 1 N                            "&#xD;
&#xD;
AtOrBefore&#xD;
Navigation:  "                 V                            "&#xD;
Source    :  " 1 1 1 1 1 1 1 1 1  2 2 2 2 2 2 2 2 2 2 2 2 2 "&#xD;
Expected  :  "               P 1  N                         "&#xD;
Actual    :  "               P 1  N                         "&#xD;
&#xD;
AtOrAfter&#xD;
Navigation:  "                 V                            "&#xD;
Source    :  " 1 1 1 1 1 1 1 1 1  2 2 2 2 2 2 2 2 2 2 2 2 2 "&#xD;
Expected  :  "               P 1  N                         "&#xD;
Actual    :  "               P 1  N                         "&#xD;
&#xD;
After&#xD;
Navigation:  "                 V                            "&#xD;
Source    :  " 1 1 1 1 1 1 1 1 1  2 2 2 2 2 2 2 2 2 2 2 2 2 "&#xD;
Expected  :  "                 P  2 N                       "&#xD;
Actual    :  "                 P  2 N                       "&#xD;
&#xD;
Before&#xD;
Navigation:  "                  V                           "&#xD;
Source    :  " 1 1 1 1 1 1 1 1 1  2 2 2 2 2 2 2 2 2 2 2 2 2 "&#xD;
Expected  :  "               P 1  N                         "&#xD;
Actual    :  "               P 1  N                         "&#xD;
&#xD;
AtOrBefore&#xD;
Navigation:  "                  V                           "&#xD;
Source    :  " 1 1 1 1 1 1 1 1 1  2 2 2 2 2 2 2 2 2 2 2 2 2 "&#xD;
Expected  :  "               P 1  N                         "&#xD;
Actual    :  "               P 1  N                         "&#xD;
&#xD;
AtOrAfter&#xD;
Navigation:  "                  V                           "&#xD;
Source    :  " 1 1 1 1 1 1 1 1 1  2 2 2 2 2 2 2 2 2 2 2 2 2 "&#xD;
Expected  :  "                 P  2 N                       "&#xD;
Actual    :  "                 P  2 N                       "&#xD;
&#xD;
After&#xD;
Navigation:  "                  V                           "&#xD;
Source    :  " 1 1 1 1 1 1 1 1 1  2 2 2 2 2 2 2 2 2 2 2 2 2 "&#xD;
Expected  :  "                 P  2 N                       "&#xD;
Actual    :  "                 P  2 N                       "&#xD;
&#xD;
Before&#xD;
Navigation:  "                   V                          "&#xD;
Source    :  " 1 1 1 1 1 1 1 1 1  2 2 2 2 2 2 2 2 2 2 2 2 2 "&#xD;
Expected  :  "               P 1  N                         "&#xD;
Actual    :  "               P 1  N                         "&#xD;
&#xD;
AtOrBefore&#xD;
Navigation:  "                   V                          "&#xD;
Source    :  " 1 1 1 1 1 1 1 1 1  2 2 2 2 2 2 2 2 2 2 2 2 2 "&#xD;
Expected  :  "               P 1  N                         "&#xD;
Actual    :  "               P 1  N                         "&#xD;
&#xD;
AtOrAfter&#xD;
Navigation:  "                   V                          "&#xD;
Source    :  " 1 1 1 1 1 1 1 1 1  2 2 2 2 2 2 2 2 2 2 2 2 2 "&#xD;
Expected  :  "                 P  2 N                       "&#xD;
Actual    :  "                 P  2 N                       "&#xD;
&#xD;
After&#xD;
Navigation:  "                   V                          "&#xD;
Source    :  " 1 1 1 1 1 1 1 1 1  2 2 2 2 2 2 2 2 2 2 2 2 2 "&#xD;
Expected  :  "                 P  2 N                       "&#xD;
Actual    :  "                 P  2 N                       "&#xD;
&#xD;
Before&#xD;
Navigation:  "                          V                   "&#xD;
Source    :  " 1 1 1 1 1 1 1 1 1  2 2 2 2 2 2 2 2 2 2 2 2 2 "&#xD;
Expected  :  "                      P 2 N                   "&#xD;
Actual    :  "                      P 2 N                   "&#xD;
&#xD;
AtOrBefore&#xD;
Navigation:  "                          V                   "&#xD;
Source    :  " 1 1 1 1 1 1 1 1 1  2 2 2 2 2 2 2 2 2 2 2 2 2 "&#xD;
Expected  :  "                        P 2 N                 "&#xD;
Actual    :  "                        P 2 N                 "&#xD;
&#xD;
AtOrAfter&#xD;
Navigation:  "                          V                   "&#xD;
Source    :  " 1 1 1 1 1 1 1 1 1  2 2 2 2 2 2 2 2 2 2 2 2 2 "&#xD;
Expected  :  "                        P 2 N                 "&#xD;
Actual    :  "                        P 2 N                 "&#xD;
&#xD;
After&#xD;
Navigation:  "                          V                   "&#xD;
Source    :  " 1 1 1 1 1 1 1 1 1  2 2 2 2 2 2 2 2 2 2 2 2 2 "&#xD;
Expected  :  "                          P 2 N               "&#xD;
Actual    :  "                          P 2 N               "&#xD;
&#xD;
Before&#xD;
Navigation:  "                               V              "&#xD;
Source    :  " 1 1 1 1 1 1 1 1 1  2 2 2 2 2 2 2 2 2 2 2 2 2 "&#xD;
Expected  :  "                            P 2 N             "&#xD;
Actual    :  "                            P 2 N             "&#xD;
&#xD;
AtOrBefore&#xD;
Navigation:  "                               V              "&#xD;
Source    :  " 1 1 1 1 1 1 1 1 1  2 2 2 2 2 2 2 2 2 2 2 2 2 "&#xD;
Expected  :  "                            P 2 N             "&#xD;
Actual    :  "                            P 2 N             "&#xD;
&#xD;
AtOrAfter&#xD;
Navigation:  "                               V              "&#xD;
Source    :  " 1 1 1 1 1 1 1 1 1  2 2 2 2 2 2 2 2 2 2 2 2 2 "&#xD;
Expected  :  "                              P 2 N           "&#xD;
Actual    :  "                              P 2 N           "&#xD;
&#xD;
After&#xD;
Navigation:  "                               V              "&#xD;
Source    :  " 1 1 1 1 1 1 1 1 1  2 2 2 2 2 2 2 2 2 2 2 2 2 "&#xD;
Expected  :  "                              P 2 N           "&#xD;
Actual    :  "                              P 2 N           "&#xD;
&#xD;
Before&#xD;
Navigation:  "                                      V       "&#xD;
Source    :  " 1 1 1 1 1 1 1 1 1  2 2 2 2 2 2 2 2 2 2 2 2 2 "&#xD;
Expected  :  "                                  P 2 N       "&#xD;
Actual    :  "                                  P 2 N       "&#xD;
&#xD;
AtOrBefore&#xD;
Navigation:  "                                      V       "&#xD;
Source    :  " 1 1 1 1 1 1 1 1 1  2 2 2 2 2 2 2 2 2 2 2 2 2 "&#xD;
Expected  :  "                                    P 2 N     "&#xD;
Actual    :  "                                    P 2 N     "&#xD;
&#xD;
AtOrAfter&#xD;
Navigation:  "                                      V       "&#xD;
Source    :  " 1 1 1 1 1 1 1 1 1  2 2 2 2 2 2 2 2 2 2 2 2 2 "&#xD;
Expected  :  "                                    P 2 N     "&#xD;
Actual    :  "                                    P 2 N     "&#xD;
&#xD;
After&#xD;
Navigation:  "                                      V       "&#xD;
Source    :  " 1 1 1 1 1 1 1 1 1  2 2 2 2 2 2 2 2 2 2 2 2 2 "&#xD;
Expected  :  "                                      P 2 N   "&#xD;
Actual    :  "                                      P 2 N   "&#xD;
&#xD;
Before&#xD;
Navigation:  "                                            V "&#xD;
Source    :  " 1 1 1 1 1 1 1 1 1  2 2 2 2 2 2 2 2 2 2 2 2 2 "&#xD;
Expected  :  "                                        P 2 N "&#xD;
Actual    :  "                                        P 2 N "&#xD;
&#xD;
AtOrBefore&#xD;
Navigation:  "                                            V "&#xD;
Source    :  " 1 1 1 1 1 1 1 1 1  2 2 2 2 2 2 2 2 2 2 2 2 2 "&#xD;
Expected  :  "                                          P 2 "&#xD;
Actual    :  "                                          P 2 "&#xD;
&#xD;
AtOrAfter&#xD;
Navigation:  "                                            V "&#xD;
Source    :  " 1 1 1 1 1 1 1 1 1  2 2 2 2 2 2 2 2 2 2 2 2 2 "&#xD;
Expected  :  "                                          P 2 "&#xD;
Actual    :  "                                          P 2 "&#xD;
&#xD;
After&#xD;
Navigation:  "                                            V "&#xD;
Source    :  " 1 1 1 1 1 1 1 1 1  2 2 2 2 2 2 2 2 2 2 2 2 2 "&#xD;
Unable to move</StdOut>
      </Output>
    </UnitTestResult>
    <UnitTestResult executionId="245c7400-1064-4e24-8b81-3033ea97f753" testId="4e38640c-9de2-9cb2-ec66-cfa7f6c7a35b" testName="CheckHardwareDefinitionCommandHandler_Constructor_UpdateHardwareDefinitionHelperNull_ArgumentNullException" computerName="DKSR-EFI-04" duration="00:00:00.0011461" startTime="2023-12-22T09:33:45.3813131+01:00" endTime="2023-12-22T09:33:45.3813131+01:00" testType="13cdc9d9-ddb5-4fa4-a97d-d965ccfc6d4b" outcome="Passed" testListId="8c84fa94-04c1-424b-9868-57a2d4851a1d" relativeResultsDirectory="245c7400-1064-4e24-8b81-3033ea97f753">
      <Output>
        <StdOut>Debug Trace:&#xD;
Fail: Argument null</StdOut>
      </Output>
    </UnitTestResult>
    <UnitTestResult executionId="f9f7a8df-6ded-4359-b205-03114213819a" testId="c57a4b4d-48de-d9b0-c7ad-7ee9d6182b38" testName="PtzReleaseSessionCommandHandler_Execute_PtzException_PatrollingSessionAttemptedReleased" computerName="DKSR-EFI-04" duration="00:00:00.0004416" startTime="2023-12-22T09:33:50.3188376+01:00" endTime="2023-12-22T09:33:50.3188376+01:00" testType="13cdc9d9-ddb5-4fa4-a97d-d965ccfc6d4b" outcome="Passed" testListId="8c84fa94-04c1-424b-9868-57a2d4851a1d" relativeResultsDirectory="f9f7a8df-6ded-4359-b205-03114213819a" />
    <UnitTestResult executionId="b56c43dd-20d5-4aab-bdb1-6e78103ada8c" testId="5c0633e7-a50e-f64e-f5c3-18989739ed4a" testName="RecorderTaskStopped_InternalStateStartedWithIncompatibleServer_ReturnsEmptyArray" computerName="DKSR-EFI-04" duration="00:00:00.0016313" startTime="2023-12-22T09:33:24.1937096+01:00" endTime="2023-12-22T09:33:24.1937096+01:00" testType="13cdc9d9-ddb5-4fa4-a97d-d965ccfc6d4b" outcome="Passed" testListId="8c84fa94-04c1-424b-9868-57a2d4851a1d" relativeResultsDirectory="b56c43dd-20d5-4aab-bdb1-6e78103ada8c" />
    <UnitTestResult executionId="65bfcb34-e36e-4f09-927d-cd139ae2398b" testId="3c69bfc4-4b32-405f-5164-8ab616062af8" testName="ConfigurationController_UpdateSystemConfiguration_IsNull_BadRequestResult" computerName="DKSR-EFI-04" duration="00:00:00.0007304" startTime="2023-12-22T09:33:24.3655846+01:00" endTime="2023-12-22T09:33:24.3655846+01:00" testType="13cdc9d9-ddb5-4fa4-a97d-d965ccfc6d4b" outcome="Passed" testListId="8c84fa94-04c1-424b-9868-57a2d4851a1d" relativeResultsDirectory="65bfcb34-e36e-4f09-927d-cd139ae2398b" />
    <UnitTestResult executionId="2790c842-2dfb-4fbf-99f1-66e53e03a8f3" testId="2cc58668-9dc7-b18f-f113-82958087b168" testName="WebServerEventSource_InitializationTest" computerName="DKSR-EFI-04" duration="00:00:00.0019729" startTime="2023-12-22T09:33:31.9593706+01:00" endTime="2023-12-22T09:33:31.9749972+01:00" testType="13cdc9d9-ddb5-4fa4-a97d-d965ccfc6d4b" outcome="Passed" testListId="8c84fa94-04c1-424b-9868-57a2d4851a1d" relativeResultsDirectory="2790c842-2dfb-4fbf-99f1-66e53e03a8f3" />
    <UnitTestResult executionId="dc45ba3c-53b2-4a05-9822-45adcb9b30af" testId="64f9aa5e-069c-1055-cd19-778854105070" testName="MediaDbUtil_MultitrackNavigation_Scenario07" computerName="DKSR-EFI-04" duration="00:00:00.0058918" startTime="2023-12-22T09:33:28.6781066+01:00" endTime="2023-12-22T09:33:28.6781066+01:00" testType="13cdc9d9-ddb5-4fa4-a97d-d965ccfc6d4b" outcome="Passed" testListId="8c84fa94-04c1-424b-9868-57a2d4851a1d" relativeResultsDirectory="dc45ba3c-53b2-4a05-9822-45adcb9b30af">
      <Output>
        <StdOut>TestContext Messages:&#xD;
Before&#xD;
Navigation:  "  V                                     "&#xD;
Source    :  "                                        "&#xD;
Unable to move&#xD;
&#xD;
AtOrBefore&#xD;
Navigation:  "  V                                     "&#xD;
Source    :  "                                        "&#xD;
Unable to move&#xD;
&#xD;
AtOrAfter&#xD;
Navigation:  "  V                                     "&#xD;
Source    :  "                                        "&#xD;
Unable to move&#xD;
&#xD;
After&#xD;
Navigation:  "  V                                     "&#xD;
Source    :  "                                        "&#xD;
Unable to move&#xD;
&#xD;
Before&#xD;
Navigation:  "                V                       "&#xD;
Source    :  "                                        "&#xD;
Unable to move&#xD;
&#xD;
AtOrBefore&#xD;
Navigation:  "                V                       "&#xD;
Source    :  "                                        "&#xD;
Unable to move&#xD;
&#xD;
AtOrAfter&#xD;
Navigation:  "                V                       "&#xD;
Source    :  "                                        "&#xD;
Unable to move&#xD;
&#xD;
After&#xD;
Navigation:  "                V                       "&#xD;
Source    :  "                                        "&#xD;
Unable to move&#xD;
&#xD;
Before&#xD;
Navigation:  "                 V                      "&#xD;
Source    :  "                                        "&#xD;
Unable to move&#xD;
&#xD;
AtOrBefore&#xD;
Navigation:  "                 V                      "&#xD;
Source    :  "                                        "&#xD;
Unable to move&#xD;
&#xD;
AtOrAfter&#xD;
Navigation:  "                 V                      "&#xD;
Source    :  "                                        "&#xD;
Unable to move&#xD;
&#xD;
After&#xD;
Navigation:  "                 V                      "&#xD;
Source    :  "                                        "&#xD;
Unable to move&#xD;
&#xD;
Before&#xD;
Navigation:  "                  V                     "&#xD;
Source    :  "                                        "&#xD;
Unable to move&#xD;
&#xD;
AtOrBefore&#xD;
Navigation:  "                  V                     "&#xD;
Source    :  "                                        "&#xD;
Unable to move&#xD;
&#xD;
AtOrAfter&#xD;
Navigation:  "                  V                     "&#xD;
Source    :  "                                        "&#xD;
Unable to move&#xD;
&#xD;
After&#xD;
Navigation:  "                  V                     "&#xD;
Source    :  "                                        "&#xD;
Unable to move&#xD;
&#xD;
Before&#xD;
Navigation:  "                                      V "&#xD;
Source    :  "                                        "&#xD;
Unable to move&#xD;
&#xD;
AtOrBefore&#xD;
Navigation:  "                                      V "&#xD;
Source    :  "                                        "&#xD;
Unable to move&#xD;
&#xD;
AtOrAfter&#xD;
Navigation:  "                                      V "&#xD;
Source    :  "                                        "&#xD;
Unable to move&#xD;
&#xD;
After&#xD;
Navigation:  "                                      V "&#xD;
Source    :  "                                        "&#xD;
Unable to move&#xD;
&#xD;
Before&#xD;
Navigation:  "  V                                     "&#xD;
Source    :  "                                        "&#xD;
Unable to move&#xD;
&#xD;
AtOrBefore&#xD;
Navigation:  "  V                                     "&#xD;
Source    :  "                                        "&#xD;
Unable to move&#xD;
&#xD;
AtOrAfter&#xD;
Navigation:  "  V                                     "&#xD;
Source    :  "                                        "&#xD;
Unable to move&#xD;
&#xD;
After&#xD;
Navigation:  "  V                                     "&#xD;
Source    :  "                                        "&#xD;
Unable to move&#xD;
&#xD;
Before&#xD;
Navigation:  "                V                       "&#xD;
Source    :  "                                        "&#xD;
Unable to move&#xD;
&#xD;
AtOrBefore&#xD;
Navigation:  "                V                       "&#xD;
Source    :  "                                        "&#xD;
Unable to move&#xD;
&#xD;
AtOrAfter&#xD;
Navigation:  "                V                       "&#xD;
Source    :  "                                        "&#xD;
Unable to move&#xD;
&#xD;
After&#xD;
Navigation:  "                V                       "&#xD;
Source    :  "                                        "&#xD;
Unable to move&#xD;
&#xD;
Before&#xD;
Navigation:  "                 V                      "&#xD;
Source    :  "                                        "&#xD;
Unable to move&#xD;
&#xD;
AtOrBefore&#xD;
Navigation:  "                 V                      "&#xD;
Source    :  "                                        "&#xD;
Unable to move&#xD;
&#xD;
AtOrAfter&#xD;
Navigation:  "                 V                      "&#xD;
Source    :  "                                        "&#xD;
Unable to move&#xD;
&#xD;
After&#xD;
Navigation:  "                 V                      "&#xD;
Source    :  "                                        "&#xD;
Unable to move&#xD;
&#xD;
Before&#xD;
Navigation:  "                  V                     "&#xD;
Source    :  "                                        "&#xD;
Unable to move&#xD;
&#xD;
AtOrBefore&#xD;
Navigation:  "                  V                     "&#xD;
Source    :  "                                        "&#xD;
Unable to move&#xD;
&#xD;
AtOrAfter&#xD;
Navigation:  "                  V                     "&#xD;
Source    :  "                                        "&#xD;
Unable to move&#xD;
&#xD;
After&#xD;
Navigation:  "                  V                     "&#xD;
Source    :  "                                        "&#xD;
Unable to move&#xD;
&#xD;
Before&#xD;
Navigation:  "                                      V "&#xD;
Source    :  "                                        "&#xD;
Unable to move&#xD;
&#xD;
AtOrBefore&#xD;
Navigation:  "                                      V "&#xD;
Source    :  "                                        "&#xD;
Unable to move&#xD;
&#xD;
AtOrAfter&#xD;
Navigation:  "                                      V "&#xD;
Source    :  "                                        "&#xD;
Unable to move&#xD;
&#xD;
After&#xD;
Navigation:  "                                      V "&#xD;
Source    :  "                                        "&#xD;
Unable to move</StdOut>
      </Output>
    </UnitTestResult>
    <UnitTestResult executionId="13deea23-77bc-4998-a971-34a9ae8c808c" testId="26f6843d-5eca-53a4-0713-7ad0280511d8" testName="ConfigurationController_ReplaceHardware_IsValid_NoContent" computerName="DKSR-EFI-04" duration="00:00:00.0091118" startTime="2023-12-22T09:33:24.3499605+01:00" endTime="2023-12-22T09:33:24.3655846+01:00" testType="13cdc9d9-ddb5-4fa4-a97d-d965ccfc6d4b" outcome="Passed" testListId="8c84fa94-04c1-424b-9868-57a2d4851a1d" relativeResultsDirectory="13deea23-77bc-4998-a971-34a9ae8c808c" />
    <UnitTestResult executionId="f843f333-66de-427e-8c28-5dd10969c8b0" testId="56e05ba7-632d-f502-5502-a567718423da" testName="PtzStopSessionCommandHandler_Constructor_Argument_Exception" computerName="DKSR-EFI-04" duration="00:00:00.0083048" startTime="2023-12-22T09:33:50.4438373+01:00" endTime="2023-12-22T09:33:50.4438373+01:00" testType="13cdc9d9-ddb5-4fa4-a97d-d965ccfc6d4b" outcome="Passed" testListId="8c84fa94-04c1-424b-9868-57a2d4851a1d" relativeResultsDirectory="f843f333-66de-427e-8c28-5dd10969c8b0">
      <Output>
        <StdOut>Debug Trace:&#xD;
Fail: Argument null</StdOut>
      </Output>
    </UnitTestResult>
    <UnitTestResult executionId="e6919640-a398-480b-889e-f5469bd5e00b" testId="e834fa8f-c7d5-14b8-347d-2a4019de90d0" testName="QueueCommands_ConnectedAndIncompatible_ShouldNotThrowAnException" computerName="DKSR-EFI-04" duration="00:00:00.0274034" startTime="2023-12-22T09:33:24.1937096+01:00" endTime="2023-12-22T09:33:24.2249582+01:00" testType="13cdc9d9-ddb5-4fa4-a97d-d965ccfc6d4b" outcome="Passed" testListId="8c84fa94-04c1-424b-9868-57a2d4851a1d" relativeResultsDirectory="e6919640-a398-480b-889e-f5469bd5e00b" />
    <UnitTestResult executionId="1233f410-e875-475c-8e40-c7bd2df09f20" testId="69bb0600-5e66-cbf0-6f83-c1811a371d15" testName="FailoverMediaMover_MoveMediaDataHere_Remote_ListTables_Fails" computerName="DKSR-EFI-04" duration="00:00:00.0058155" startTime="2023-12-22T09:33:23.0062022+01:00" endTime="2023-12-22T09:33:23.0062022+01:00" testType="13cdc9d9-ddb5-4fa4-a97d-d965ccfc6d4b" outcome="Passed" testListId="8c84fa94-04c1-424b-9868-57a2d4851a1d" relativeResultsDirectory="1233f410-e875-475c-8e40-c7bd2df09f20" />
    <UnitTestResult executionId="c4e6086a-094f-4e99-9d40-fb61bbe3e69f" testId="b032112f-1b13-3d03-bb25-b6835e6a65aa" testName="Test_WriteEnabledResolved_In_Failover" computerName="DKSR-EFI-04" duration="00:00:00.0022372" startTime="2023-12-22T09:33:44.9750612+01:00" endTime="2023-12-22T09:33:44.9750612+01:00" testType="13cdc9d9-ddb5-4fa4-a97d-d965ccfc6d4b" outcome="Passed" testListId="8c84fa94-04c1-424b-9868-57a2d4851a1d" relativeResultsDirectory="c4e6086a-094f-4e99-9d40-fb61bbe3e69f" />
    <UnitTestResult executionId="abfbdc82-4b30-472d-87b3-503d99e78ca7" testId="5e96541d-bf62-26ff-d471-40017efbfeae" testName="MessageManagerCallback_HandleResponse_Fail_RetriesUpdate" computerName="DKSR-EFI-04" duration="00:00:00.0512840" startTime="2023-12-22T09:33:22.6468250+01:00" endTime="2023-12-22T09:33:22.6937005+01:00" testType="13cdc9d9-ddb5-4fa4-a97d-d965ccfc6d4b" outcome="Passed" testListId="8c84fa94-04c1-424b-9868-57a2d4851a1d" relativeResultsDirectory="abfbdc82-4b30-472d-87b3-503d99e78ca7" />
    <UnitTestResult executionId="da717f1b-67d9-4f83-b044-d831cd946783" testId="2973bfcc-7b2a-984f-e2ef-99a39decd1c1" testName="ConstructAndCallMethodsForNotConfiguredCamera" computerName="DKSR-EFI-04" duration="00:00:00.0064527" startTime="2023-12-22T09:33:33.3187530+01:00" endTime="2023-12-22T09:33:33.3187530+01:00" testType="13cdc9d9-ddb5-4fa4-a97d-d965ccfc6d4b" outcome="Passed" testListId="8c84fa94-04c1-424b-9868-57a2d4851a1d" relativeResultsDirectory="da717f1b-67d9-4f83-b044-d831cd946783" />
    <UnitTestResult executionId="9a7a5ae1-7d16-4fbb-b425-75912bc55e05" testId="dfb29709-d52f-ce00-9c19-520757533373" testName="GetAbsolutePtzPositionCommandHandler_Execute_Preset_Not_Supported" computerName="DKSR-EFI-04" duration="00:00:00.0012155" startTime="2023-12-22T09:33:47.6938228+01:00" endTime="2023-12-22T09:33:47.6938228+01:00" testType="13cdc9d9-ddb5-4fa4-a97d-d965ccfc6d4b" outcome="Passed" testListId="8c84fa94-04c1-424b-9868-57a2d4851a1d" relativeResultsDirectory="9a7a5ae1-7d16-4fbb-b425-75912bc55e05" />
    <UnitTestResult executionId="6689d696-f978-4857-bdc1-29b300edf24a" testId="4c381978-12d5-0e6f-00d2-6b440f9dc78e" testName="TimeRangeConversion3RangesInsideUnsorted" computerName="DKSR-EFI-04" duration="00:00:00.0008742" startTime="2023-12-22T09:33:44.3813087+01:00" endTime="2023-12-22T09:33:44.3813087+01:00" testType="13cdc9d9-ddb5-4fa4-a97d-d965ccfc6d4b" outcome="Passed" testListId="8c84fa94-04c1-424b-9868-57a2d4851a1d" relativeResultsDirectory="6689d696-f978-4857-bdc1-29b300edf24a" />
    <UnitTestResult executionId="2f36059d-6138-4158-a69a-ad3187cebbad" testId="f4902e8a-7e72-0028-6876-325b511cba9f" testName="TestGenericByteDataCreation" computerName="DKSR-EFI-04" duration="00:00:00.0002421" startTime="2023-12-22T09:33:52.5688491+01:00" endTime="2023-12-22T09:33:52.5688491+01:00" testType="13cdc9d9-ddb5-4fa4-a97d-d965ccfc6d4b" outcome="Passed" testListId="8c84fa94-04c1-424b-9868-57a2d4851a1d" relativeResultsDirectory="2f36059d-6138-4158-a69a-ad3187cebbad" />
    <UnitTestResult executionId="8f3df5d2-8d46-4801-8539-f52ff78a9f06" testId="357aa88b-f145-46f3-b618-28ff4d234211" testName="SOAPCommandRequestHandler_ExecuteFunction_HandleOutputTrigger_MicroSeconds_NotInt" computerName="DKSR-EFI-04" duration="00:00:00.0009436" startTime="2023-12-22T09:33:30.5843650+01:00" endTime="2023-12-22T09:33:30.5843650+01:00" testType="13cdc9d9-ddb5-4fa4-a97d-d965ccfc6d4b" outcome="Passed" testListId="8c84fa94-04c1-424b-9868-57a2d4851a1d" relativeResultsDirectory="8f3df5d2-8d46-4801-8539-f52ff78a9f06" />
    <UnitTestResult executionId="c3a3d9dd-365c-4ad1-9faa-550b8ebd37d5" testId="74a7161d-5c30-962d-e325-efebe9b72001" testName="RemoveStatus_SendsOriginalStatus_OnAddedStatus" computerName="DKSR-EFI-04" duration="00:00:00.0007997" startTime="2023-12-22T09:33:23.4124593+01:00" endTime="2023-12-22T09:33:23.4124593+01:00" testType="13cdc9d9-ddb5-4fa4-a97d-d965ccfc6d4b" outcome="Passed" testListId="8c84fa94-04c1-424b-9868-57a2d4851a1d" relativeResultsDirectory="c3a3d9dd-365c-4ad1-9faa-550b8ebd37d5" />
    <UnitTestResult executionId="93c887fc-f768-4a33-b898-34e958cf017b" testId="4036f975-aabb-537e-f8ee-99a9334a5210" testName="PtzStopSessionCommandHandler_Execute_PtzException_DeviceNotFound" computerName="DKSR-EFI-04" duration="00:00:00.0004413" startTime="2023-12-22T09:33:50.4750904+01:00" endTime="2023-12-22T09:33:50.4907114+01:00" testType="13cdc9d9-ddb5-4fa4-a97d-d965ccfc6d4b" outcome="Passed" testListId="8c84fa94-04c1-424b-9868-57a2d4851a1d" relativeResultsDirectory="93c887fc-f768-4a33-b898-34e958cf017b" />
    <UnitTestResult executionId="86e6255a-a126-4691-b656-66c67004f54e" testId="ffd636a6-1e4e-93bc-caff-d1d1bbf30378" testName="PtzManualSession_Stop_Success" computerName="DKSR-EFI-04" duration="00:00:00.0026495" startTime="2023-12-22T09:33:52.2407203+01:00" endTime="2023-12-22T09:33:52.2407203+01:00" testType="13cdc9d9-ddb5-4fa4-a97d-d965ccfc6d4b" outcome="Passed" testListId="8c84fa94-04c1-424b-9868-57a2d4851a1d" relativeResultsDirectory="86e6255a-a126-4691-b656-66c67004f54e">
      <Output>
        <StdOut>Debug Trace:&#xD;
VideoOS.Recorder.PtzManualSession session started&#xD;
PTZ ManualSession START(), priority = 2147483647, Identity = \&#xD;
VideoOS.Recorder.PtzManualSession session stopped&#xD;
PTZ ManualSession STOP(), priority = 2147483647, Identity = \</StdOut>
      </Output>
    </UnitTestResult>
    <UnitTestResult executionId="ccea1732-40d7-4f85-aff3-e96dd55a7627" testId="04ba0286-6be6-f348-ef7a-5a5aebc3ee34" testName="SynchronizeDevicePresets_ModelIsNull_BadRequestResult" computerName="DKSR-EFI-04" duration="00:00:00.0014047" startTime="2023-12-22T09:33:24.5843353+01:00" endTime="2023-12-22T09:33:24.5843353+01:00" testType="13cdc9d9-ddb5-4fa4-a97d-d965ccfc6d4b" outcome="Passed" testListId="8c84fa94-04c1-424b-9868-57a2d4851a1d" relativeResultsDirectory="ccea1732-40d7-4f85-aff3-e96dd55a7627" />
    <UnitTestResult executionId="d225e1af-ebfb-4ae5-902d-3ad48edc38d7" testId="802628e8-6fb5-26fa-d1b8-23fa66f773bb" testName="SOAPCommandRequestHandler_ExecuteFunction_HandleOutputTrigger_NoDeviceId" computerName="DKSR-EFI-04" duration="00:00:00.0011646" startTime="2023-12-22T09:33:30.5687390+01:00" endTime="2023-12-22T09:33:30.5687390+01:00" testType="13cdc9d9-ddb5-4fa4-a97d-d965ccfc6d4b" outcome="Passed" testListId="8c84fa94-04c1-424b-9868-57a2d4851a1d" relativeResultsDirectory="d225e1af-ebfb-4ae5-902d-3ad48edc38d7" />
    <UnitTestResult executionId="8569d72c-c6cc-4273-9b0f-6c06e8852cf8" testId="bb43b1e4-ae50-26df-7d07-45d3d47ce979" testName="EnhanceSettings_EmptyStringPrivacyMask" computerName="DKSR-EFI-04" duration="00:00:00.0005049" startTime="2023-12-22T09:33:33.5687554+01:00" endTime="2023-12-22T09:33:33.5687554+01:00" testType="13cdc9d9-ddb5-4fa4-a97d-d965ccfc6d4b" outcome="Passed" testListId="8c84fa94-04c1-424b-9868-57a2d4851a1d" relativeResultsDirectory="8569d72c-c6cc-4273-9b0f-6c06e8852cf8" />
    <UnitTestResult executionId="a8d06f37-7966-466d-bfea-8e408aa81639" testId="5aae2866-0e63-5303-c86b-20200a10452d" testName="TimeRangeConversionRangeNull" computerName="DKSR-EFI-04" duration="00:00:00.0011564" startTime="2023-12-22T09:33:44.4281837+01:00" endTime="2023-12-22T09:33:44.4438087+01:00" testType="13cdc9d9-ddb5-4fa4-a97d-d965ccfc6d4b" outcome="Passed" testListId="8c84fa94-04c1-424b-9868-57a2d4851a1d" relativeResultsDirectory="a8d06f37-7966-466d-bfea-8e408aa81639">
      <Output>
        <StdOut>Debug Trace:&#xD;
Fail: Ranges contains invalid elements</StdOut>
      </Output>
    </UnitTestResult>
    <UnitTestResult executionId="7aa51373-f7bd-4c77-8cfb-17ae8e63df99" testId="39ab428f-3f0b-9401-d49a-b020021c99dc" testName="RecStorage_Startup_NotAllowStart_NotKeepFailing_Failure_Retry" computerName="DKSR-EFI-04" duration="00:00:00.0017887" startTime="2023-12-22T09:33:32.6781265+01:00" endTime="2023-12-22T09:33:32.6781265+01:00" testType="13cdc9d9-ddb5-4fa4-a97d-d965ccfc6d4b" outcome="Passed" testListId="8c84fa94-04c1-424b-9868-57a2d4851a1d" relativeResultsDirectory="7aa51373-f7bd-4c77-8cfb-17ae8e63df99" />
    <UnitTestResult executionId="2f514fc3-16f0-4c65-b13e-46b7c80f096c" testId="58b8d886-43f4-ab82-423a-507a2231294b" testName="LicenseManager_IsFeatureLicensed_AxisOneClick_Success" computerName="DKSR-EFI-04" duration="00:00:00.0015148" startTime="2023-12-22T09:33:33.9125059+01:00" endTime="2023-12-22T09:33:33.9125059+01:00" testType="13cdc9d9-ddb5-4fa4-a97d-d965ccfc6d4b" outcome="Passed" testListId="8c84fa94-04c1-424b-9868-57a2d4851a1d" relativeResultsDirectory="2f514fc3-16f0-4c65-b13e-46b7c80f096c" />
    <UnitTestResult executionId="3b0a7239-7fc7-47c8-9ac2-35a21a180177" testId="f169f7f2-5376-4022-cc02-e7e57970d2db" testName="SOAPCommandRequestHandler_ExecuteFunction_HandlePTZMoveStart_No_Priority" computerName="DKSR-EFI-04" duration="00:00:00.0012991" startTime="2023-12-22T09:33:30.7406140+01:00" endTime="2023-12-22T09:33:30.7406140+01:00" testType="13cdc9d9-ddb5-4fa4-a97d-d965ccfc6d4b" outcome="Passed" testListId="8c84fa94-04c1-424b-9868-57a2d4851a1d" relativeResultsDirectory="3b0a7239-7fc7-47c8-9ac2-35a21a180177" />
    <UnitTestResult executionId="a756ebd8-642d-4554-a202-1bce6c156968" testId="33c3da15-4339-4eb0-c449-c5584b41ca07" testName="ExecuteFunction_GetRecordingStorageStatus_Success" computerName="DKSR-EFI-04" duration="00:00:00.0576545" startTime="2023-12-22T09:33:31.0062413+01:00" endTime="2023-12-22T09:33:31.0531168+01:00" testType="13cdc9d9-ddb5-4fa4-a97d-d965ccfc6d4b" outcome="Passed" testListId="8c84fa94-04c1-424b-9868-57a2d4851a1d" relativeResultsDirectory="a756ebd8-642d-4554-a202-1bce6c156968" />
    <UnitTestResult executionId="17c0a37c-3d85-4878-b4e4-3719afd687a4" testId="0a517831-35b5-973d-94ef-361826655cfd" testName="GetSettingAsIPAddress_Success" computerName="DKSR-EFI-04" duration="00:00:00.0002598" startTime="2023-12-22T09:33:33.8343824+01:00" endTime="2023-12-22T09:33:33.8343824+01:00" testType="13cdc9d9-ddb5-4fa4-a97d-d965ccfc6d4b" outcome="Passed" testListId="8c84fa94-04c1-424b-9868-57a2d4851a1d" relativeResultsDirectory="17c0a37c-3d85-4878-b4e4-3719afd687a4" />
    <UnitTestResult executionId="a8422e08-921b-4184-96ce-54521d553820" testId="b1e99fad-9712-752b-8a64-8111d141c044" testName="MediaDbConfigurationWriter_WriteDeviceTableConfiguration_Cam" computerName="DKSR-EFI-04" duration="00:00:00.0012610" startTime="2023-12-22T09:33:44.8813101+01:00" endTime="2023-12-22T09:33:44.8813101+01:00" testType="13cdc9d9-ddb5-4fa4-a97d-d965ccfc6d4b" outcome="Passed" testListId="8c84fa94-04c1-424b-9868-57a2d4851a1d" relativeResultsDirectory="a8422e08-921b-4184-96ce-54521d553820" />
    <UnitTestResult executionId="6d885b04-05b8-410d-a306-88eb69d43a1d" testId="7ac6d2bb-2ae4-662d-70bb-323f78a4d416" testName="ConnectSuccess_NextSeqTime" computerName="DKSR-EFI-04" duration="00:00:00.0068840" startTime="2023-12-22T09:33:27.7718519+01:00" endTime="2023-12-22T09:33:27.7718519+01:00" testType="13cdc9d9-ddb5-4fa4-a97d-d965ccfc6d4b" outcome="Passed" testListId="8c84fa94-04c1-424b-9868-57a2d4851a1d" relativeResultsDirectory="6d885b04-05b8-410d-a306-88eb69d43a1d" />
    <UnitTestResult executionId="cdc35f23-d000-42ad-b76a-b1872114cdfb" testId="e7081bd1-8a6f-b420-ad43-e27839b1b2a1" testName="ReapplySettings_ResponseSinkIsNull_Failure" computerName="DKSR-EFI-04" duration="00:00:00.0346982" startTime="2023-12-22T09:33:50.6157113+01:00" endTime="2023-12-22T09:33:50.6469619+01:00" testType="13cdc9d9-ddb5-4fa4-a97d-d965ccfc6d4b" outcome="Passed" testListId="8c84fa94-04c1-424b-9868-57a2d4851a1d" relativeResultsDirectory="cdc35f23-d000-42ad-b76a-b1872114cdfb">
      <Output>
        <StdOut>Debug Trace:&#xD;
Fail: Argument null.</StdOut>
      </Output>
    </UnitTestResult>
    <UnitTestResult executionId="e8ea9e5f-20b4-48bf-a61d-efebc972465d" testId="853dc122-c8bc-62c4-644e-6c66fe778993" testName="CollectMediaStatusCommandHandler_No_Media" computerName="DKSR-EFI-04" duration="00:00:00.0011990" startTime="2023-12-22T09:33:45.4594376+01:00" endTime="2023-12-22T09:33:45.4594376+01:00" testType="13cdc9d9-ddb5-4fa4-a97d-d965ccfc6d4b" outcome="Passed" testListId="8c84fa94-04c1-424b-9868-57a2d4851a1d" relativeResultsDirectory="e8ea9e5f-20b4-48bf-a61d-efebc972465d" />
    <UnitTestResult executionId="54ee1ae4-e39e-433d-a1dc-5a09dfccf877" testId="039b2053-9696-e2fc-b7cf-94be9b051e58" testName="MediaDbUtil_MultitrackNavigation_Scenario04" computerName="DKSR-EFI-04" duration="00:00:00.0354636" startTime="2023-12-22T09:33:28.5843576+01:00" endTime="2023-12-22T09:33:28.6312316+01:00" testType="13cdc9d9-ddb5-4fa4-a97d-d965ccfc6d4b" outcome="Passed" testListId="8c84fa94-04c1-424b-9868-57a2d4851a1d" relativeResultsDirectory="54ee1ae4-e39e-433d-a1dc-5a09dfccf877">
      <Output>
        <StdOut>TestContext Messages:&#xD;
Before&#xD;
Navigation:  "  V                                     "&#xD;
Source    :  "1----1-----1-----1----1-----            "&#xD;
Unable to move&#xD;
&#xD;
AtOrBefore&#xD;
Navigation:  "  V                                     "&#xD;
Source    :  "1----1-----1-----1----1-----            "&#xD;
Expected  :  "1----N                                  "&#xD;
Actual    :  "1----N                                  "&#xD;
&#xD;
AtOrAfter&#xD;
Navigation:  "  V                                     "&#xD;
Source    :  "1----1-----1-----1----1-----            "&#xD;
Expected  :  "1----N                                  "&#xD;
Actual    :  "1----N                                  "&#xD;
&#xD;
After&#xD;
Navigation:  "  V                                     "&#xD;
Source    :  "1----1-----1-----1----1-----            "&#xD;
Expected  :  "P    1-----N                            "&#xD;
Actual    :  "P    1-----N                            "&#xD;
&#xD;
Before&#xD;
Navigation:  "       V                                "&#xD;
Source    :  "1----1-----1-----1----1-----            "&#xD;
Expected  :  "1----N                                  "&#xD;
Actual    :  "1----N                                  "&#xD;
&#xD;
AtOrBefore&#xD;
Navigation:  "       V                                "&#xD;
Source    :  "1----1-----1-----1----1-----            "&#xD;
Expected  :  "P    1-----N                            "&#xD;
Actual    :  "P    1-----N                            "&#xD;
&#xD;
AtOrAfter&#xD;
Navigation:  "       V                                "&#xD;
Source    :  "1----1-----1-----1----1-----            "&#xD;
Expected  :  "P    1-----N                            "&#xD;
Actual    :  "P    1-----N                            "&#xD;
&#xD;
After&#xD;
Navigation:  "       V                                "&#xD;
Source    :  "1----1-----1-----1----1-----            "&#xD;
Expected  :  "     P     1-----N                      "&#xD;
Actual    :  "     P     1-----N                      "&#xD;
&#xD;
Before&#xD;
Navigation:  "            V                           "&#xD;
Source    :  "1----1-----1-----1----1-----            "&#xD;
Expected  :  "P    1-----N                            "&#xD;
Actual    :  "P    1-----N                            "&#xD;
&#xD;
AtOrBefore&#xD;
Navigation:  "            V                           "&#xD;
Source    :  "1----1-----1-----1----1-----            "&#xD;
Expected  :  "     P     1-----N                      "&#xD;
Actual    :  "     P     1-----N                      "&#xD;
&#xD;
AtOrAfter&#xD;
Navigation:  "            V                           "&#xD;
Source    :  "1----1-----1-----1----1-----            "&#xD;
Expected  :  "     P     1-----N                      "&#xD;
Actual    :  "     P     1-----N                      "&#xD;
&#xD;
After&#xD;
Navigation:  "            V                           "&#xD;
Source    :  "1----1-----1-----1----1-----            "&#xD;
Expected  :  "           P     1----N                 "&#xD;
Actual    :  "           P     1----N                 "&#xD;
&#xD;
Before&#xD;
Navigation:  "              V                         "&#xD;
Source    :  "1----1-----1-----1----1-----            "&#xD;
Expected  :  "P    1-----N                            "&#xD;
Actual    :  "P    1-----N                            "&#xD;
&#xD;
AtOrBefore&#xD;
Navigation:  "              V                         "&#xD;
Source    :  "1----1-----1-----1----1-----            "&#xD;
Expected  :  "     P     1-----N                      "&#xD;
Actual    :  "     P     1-----N                      "&#xD;
&#xD;
AtOrAfter&#xD;
Navigation:  "              V                         "&#xD;
Source    :  "1----1-----1-----1----1-----            "&#xD;
Expected  :  "     P     1-----N                      "&#xD;
Actual    :  "     P     1-----N                      "&#xD;
&#xD;
After&#xD;
Navigation:  "              V                         "&#xD;
Source    :  "1----1-----1-----1----1-----            "&#xD;
Expected  :  "           P     1----N                 "&#xD;
Actual    :  "           P     1----N                 "&#xD;
&#xD;
Before&#xD;
Navigation:  "                V                       "&#xD;
Source    :  "1----1-----1-----1----1-----            "&#xD;
Expected  :  "P    1-----N                            "&#xD;
Actual    :  "P    1-----N                            "&#xD;
&#xD;
AtOrBefore&#xD;
Navigation:  "                V                       "&#xD;
Source    :  "1----1-----1-----1----1-----            "&#xD;
Expected  :  "     P     1-----N                      "&#xD;
Actual    :  "     P     1-----N                      "&#xD;
&#xD;
AtOrAfter&#xD;
Navigation:  "                V                       "&#xD;
Source    :  "1----1-----1-----1----1-----            "&#xD;
Expected  :  "     P     1-----N                      "&#xD;
Actual    :  "     P     1-----N                      "&#xD;
&#xD;
After&#xD;
Navigation:  "                V                       "&#xD;
Source    :  "1----1-----1-----1----1-----            "&#xD;
Expected  :  "           P     1----N                 "&#xD;
Actual    :  "           P     1----N                 "&#xD;
&#xD;
Before&#xD;
Navigation:  "                   V                    "&#xD;
Source    :  "1----1-----1-----1----1-----            "&#xD;
Expected  :  "     P     1-----N                      "&#xD;
Actual    :  "     P     1-----N                      "&#xD;
&#xD;
AtOrBefore&#xD;
Navigation:  "                   V                    "&#xD;
Source    :  "1----1-----1-----1----1-----            "&#xD;
Expected  :  "           P     1----N                 "&#xD;
Actual    :  "           P     1----N                 "&#xD;
&#xD;
AtOrAfter&#xD;
Navigation:  "                   V                    "&#xD;
Source    :  "1----1-----1-----1----1-----            "&#xD;
Expected  :  "           P     1----N                 "&#xD;
Actual    :  "           P     1----N                 "&#xD;
&#xD;
After&#xD;
Navigation:  "                   V                    "&#xD;
Source    :  "1----1-----1-----1----1-----            "&#xD;
Expected  :  "                 P    1-----            "&#xD;
Actual    :  "                 P    1-----            "&#xD;
&#xD;
Before&#xD;
Navigation:  "                       V                "&#xD;
Source    :  "1----1-----1-----1----1-----            "&#xD;
Expected  :  "           P     1----N                 "&#xD;
Actual    :  "           P     1----N                 "&#xD;
&#xD;
AtOrBefore&#xD;
Navigation:  "                       V                "&#xD;
Source    :  "1----1-----1-----1----1-----            "&#xD;
Expected  :  "                 P    1-----            "&#xD;
Actual    :  "                 P    1-----            "&#xD;
&#xD;
AtOrAfter&#xD;
Navigation:  "                       V                "&#xD;
Source    :  "1----1-----1-----1----1-----            "&#xD;
Expected  :  "                 P    1-----            "&#xD;
Actual    :  "                 P    1-----            "&#xD;
&#xD;
After&#xD;
Navigation:  "                       V                "&#xD;
Source    :  "1----1-----1-----1----1-----            "&#xD;
Unable to move&#xD;
&#xD;
Before&#xD;
Navigation:  "                                      V "&#xD;
Source    :  "1----1-----1-----1----1-----            "&#xD;
Expected  :  "                 P    1-----            "&#xD;
Actual    :  "                 P    1-----            "&#xD;
&#xD;
AtOrBefore&#xD;
Navigation:  "                                      V "&#xD;
Source    :  "1----1-----1-----1----1-----            "&#xD;
Expected  :  "                 P    1-----            "&#xD;
Actual    :  "                 P    1-----            "&#xD;
&#xD;
AtOrAfter&#xD;
Navigation:  "                                      V "&#xD;
Source    :  "1----1-----1-----1----1-----            "&#xD;
Unable to move&#xD;
&#xD;
After&#xD;
Navigation:  "                                      V "&#xD;
Source    :  "1----1-----1-----1----1-----            "&#xD;
Unable to move&#xD;
&#xD;
Before&#xD;
Navigation:  "  V                                     "&#xD;
Source    :  "1----1-----1---                         "&#xD;
Unable to move&#xD;
&#xD;
AtOrBefore&#xD;
Navigation:  "  V                                     "&#xD;
Source    :  "1----1-----1---                         "&#xD;
Expected  :  "1----N                                  "&#xD;
Actual    :  "1----N                                  "&#xD;
&#xD;
AtOrAfter&#xD;
Navigation:  "  V                                     "&#xD;
Source    :  "1----1-----1---                         "&#xD;
Expected  :  "1----N                                  "&#xD;
Actual    :  "1----N                                  "&#xD;
&#xD;
After&#xD;
Navigation:  "  V                                     "&#xD;
Source    :  "1----1-----1---                         "&#xD;
Expected  :  "P    1-----N                            "&#xD;
Actual    :  "P    1-----N                            "&#xD;
&#xD;
Before&#xD;
Navigation:  "       V                                "&#xD;
Source    :  "1----1-----1---                         "&#xD;
Expected  :  "1----N                                  "&#xD;
Actual    :  "1----N                                  "&#xD;
&#xD;
AtOrBefore&#xD;
Navigation:  "       V                                "&#xD;
Source    :  "1----1-----1---                         "&#xD;
Expected  :  "P    1-----N                            "&#xD;
Actual    :  "P    1-----N                            "&#xD;
&#xD;
AtOrAfter&#xD;
Navigation:  "       V                                "&#xD;
Source    :  "1----1-----1---                         "&#xD;
Expected  :  "P    1-----N                            "&#xD;
Actual    :  "P    1-----N                            "&#xD;
&#xD;
After&#xD;
Navigation:  "       V                                "&#xD;
Source    :  "1----1-----1---                         "&#xD;
Expected  :  "     P     1---                         "&#xD;
Actual    :  "     P     1---                         "&#xD;
&#xD;
Before&#xD;
Navigation:  "            V                           "&#xD;
Source    :  "1----1-----1---                         "&#xD;
Expected  :  "P    1-----N                            "&#xD;
Actual    :  "P    1-----N                            "&#xD;
&#xD;
AtOrBefore&#xD;
Navigation:  "            V                           "&#xD;
Source    :  "1----1-----1---                         "&#xD;
Expected  :  "     P     1---                         "&#xD;
Actual    :  "     P     1---                         "&#xD;
&#xD;
AtOrAfter&#xD;
Navigation:  "            V                           "&#xD;
Source    :  "1----1-----1---                         "&#xD;
Expected  :  "     P     1---                         "&#xD;
Actual    :  "     P     1---                         "&#xD;
&#xD;
After&#xD;
Navigation:  "            V                           "&#xD;
Source    :  "1----1-----1---                         "&#xD;
Unable to move&#xD;
&#xD;
Before&#xD;
Navigation:  "              V                         "&#xD;
Source    :  "1----1-----1---                         "&#xD;
Expected  :  "P    1-----N                            "&#xD;
Actual    :  "P    1-----N                            "&#xD;
&#xD;
AtOrBefore&#xD;
Navigation:  "              V                         "&#xD;
Source    :  "1----1-----1---                         "&#xD;
Expected  :  "     P     1---                         "&#xD;
Actual    :  "     P     1---                         "&#xD;
&#xD;
AtOrAfter&#xD;
Navigation:  "              V                         "&#xD;
Source    :  "1----1-----1---                         "&#xD;
Expected  :  "     P     1---                         "&#xD;
Actual    :  "     P     1---                         "&#xD;
&#xD;
After&#xD;
Navigation:  "              V                         "&#xD;
Source    :  "1----1-----1---                         "&#xD;
Unable to move&#xD;
&#xD;
Before&#xD;
Navigation:  "                V                       "&#xD;
Source    :  "1----1-----1---                         "&#xD;
Expected  :  "     P     1---                         "&#xD;
Actual    :  "     P     1---                         "&#xD;
&#xD;
AtOrBefore&#xD;
Navigation:  "                V                       "&#xD;
Source    :  "1----1-----1---                         "&#xD;
Expected  :  "     P     1---                         "&#xD;
Actual    :  "     P     1---                         "&#xD;
&#xD;
AtOrAfter&#xD;
Navigation:  "                V                       "&#xD;
Source    :  "1----1-----1---                         "&#xD;
Unable to move&#xD;
&#xD;
After&#xD;
Navigation:  "                V                       "&#xD;
Source    :  "1----1-----1---                         "&#xD;
Unable to move&#xD;
&#xD;
Before&#xD;
Navigation:  "                   V                    "&#xD;
Source    :  "1----1-----1---                         "&#xD;
Expected  :  "     P     1---                         "&#xD;
Actual    :  "     P     1---                         "&#xD;
&#xD;
AtOrBefore&#xD;
Navigation:  "                   V                    "&#xD;
Source    :  "1----1-----1---                         "&#xD;
Expected  :  "     P     1---                         "&#xD;
Actual    :  "     P     1---                         "&#xD;
&#xD;
AtOrAfter&#xD;
Navigation:  "                   V                    "&#xD;
Source    :  "1----1-----1---                         "&#xD;
Unable to move&#xD;
&#xD;
After&#xD;
Navigation:  "                   V                    "&#xD;
Source    :  "1----1-----1---                         "&#xD;
Unable to move&#xD;
&#xD;
Before&#xD;
Navigation:  "                       V                "&#xD;
Source    :  "1----1-----1---                         "&#xD;
Expected  :  "     P     1---                         "&#xD;
Actual    :  "     P     1---                         "&#xD;
&#xD;
AtOrBefore&#xD;
Navigation:  "                       V                "&#xD;
Source    :  "1----1-----1---                         "&#xD;
Expected  :  "     P     1---                         "&#xD;
Actual    :  "     P     1---                         "&#xD;
&#xD;
AtOrAfter&#xD;
Navigation:  "                       V                "&#xD;
Source    :  "1----1-----1---                         "&#xD;
Unable to move&#xD;
&#xD;
After&#xD;
Navigation:  "                       V                "&#xD;
Source    :  "1----1-----1---                         "&#xD;
Unable to move&#xD;
&#xD;
Before&#xD;
Navigation:  "                                      V "&#xD;
Source    :  "1----1-----1---                         "&#xD;
Expected  :  "     P     1---                         "&#xD;
Actual    :  "     P     1---                         "&#xD;
&#xD;
AtOrBefore&#xD;
Navigation:  "                                      V "&#xD;
Source    :  "1----1-----1---                         "&#xD;
Expected  :  "     P     1---                         "&#xD;
Actual    :  "     P     1---                         "&#xD;
&#xD;
AtOrAfter&#xD;
Navigation:  "                                      V "&#xD;
Source    :  "1----1-----1---                         "&#xD;
Unable to move&#xD;
&#xD;
After&#xD;
Navigation:  "                                      V "&#xD;
Source    :  "1----1-----1---                         "&#xD;
Unable to move</StdOut>
      </Output>
    </UnitTestResult>
    <UnitTestResult executionId="f38a98bc-4a9b-4e1c-8780-43701d36bedf" testId="9fea31a5-ecc4-0a3d-77da-7233f75a438f" testName="SOAPCommandRequestHandler_ExecuteFunction_HandleJPEGGetLive_Success" computerName="DKSR-EFI-04" duration="00:00:00.0018213" startTime="2023-12-22T09:33:30.5374880+01:00" endTime="2023-12-22T09:33:30.5374880+01:00" testType="13cdc9d9-ddb5-4fa4-a97d-d965ccfc6d4b" outcome="Passed" testListId="8c84fa94-04c1-424b-9868-57a2d4851a1d" relativeResultsDirectory="f38a98bc-4a9b-4e1c-8780-43701d36bedf" />
    <UnitTestResult executionId="9a81523a-fef3-48a5-b7ea-a5c6fefc02b7" testId="d6b4a7c3-36a7-e061-0c18-16ee1399dcc9" testName="AddHardwareUserCommandHandler_Execute_AddUser_ThrowsUserHandlingUnknownError_Errors" computerName="DKSR-EFI-04" duration="00:00:00.0008220" startTime="2023-12-22T09:33:45.0844342+01:00" endTime="2023-12-22T09:33:45.0844342+01:00" testType="13cdc9d9-ddb5-4fa4-a97d-d965ccfc6d4b" outcome="Passed" testListId="8c84fa94-04c1-424b-9868-57a2d4851a1d" relativeResultsDirectory="9a81523a-fef3-48a5-b7ea-a5c6fefc02b7" />
    <UnitTestResult executionId="fc6547a8-22af-4fb7-994d-209bde5b2e59" testId="62f127d9-a0a3-5706-49a7-fb63760b5c05" testName="PtzManager_MoveAbsolute_Success" computerName="DKSR-EFI-04" duration="00:00:00.0015689" startTime="2023-12-22T09:33:52.0219724+01:00" endTime="2023-12-22T09:33:52.0219724+01:00" testType="13cdc9d9-ddb5-4fa4-a97d-d965ccfc6d4b" outcome="Passed" testListId="8c84fa94-04c1-424b-9868-57a2d4851a1d" relativeResultsDirectory="fc6547a8-22af-4fb7-994d-209bde5b2e59" />
    <UnitTestResult executionId="95edd14e-b5dd-4458-b4b1-0c348fc8be3e" testId="874107af-69b6-d02c-bb7a-57da33f7f268" testName="CheckDeleteDeviceMediaCommandHandler_LocalConfigEmpty_MediaDbG1_NoExistedTracks_DeleteG1" computerName="DKSR-EFI-04" duration="00:00:00.0019716" startTime="2023-12-22T09:33:45.2406854+01:00" endTime="2023-12-22T09:33:45.2563108+01:00" testType="13cdc9d9-ddb5-4fa4-a97d-d965ccfc6d4b" outcome="Passed" testListId="8c84fa94-04c1-424b-9868-57a2d4851a1d" relativeResultsDirectory="95edd14e-b5dd-4458-b4b1-0c348fc8be3e" />
    <UnitTestResult executionId="de2d02b5-119c-4285-be9d-ca4bff511af6" testId="21806500-e743-4262-83d1-0b2b1558ea13" testName="ChangeHardwarePasswordCommandHandler_Execute_ChangePassword_ThrowsSubsequentAuthenticationFailed_Errors" computerName="DKSR-EFI-04" duration="00:00:00.0009118" startTime="2023-12-22T09:33:45.1781882+01:00" endTime="2023-12-22T09:33:45.1781882+01:00" testType="13cdc9d9-ddb5-4fa4-a97d-d965ccfc6d4b" outcome="Passed" testListId="8c84fa94-04c1-424b-9868-57a2d4851a1d" relativeResultsDirectory="de2d02b5-119c-4285-be9d-ca4bff511af6" />
    <UnitTestResult executionId="9a94cf62-27d0-4666-97cd-1da45e0f6f45" testId="7361635d-0471-b883-2a3e-9e11ada3a373" testName="AddHardwareUserCommandHandler_Execute_NullOrIncorrectArgs_Throw" computerName="DKSR-EFI-04" duration="00:00:00.0188949" startTime="2023-12-22T09:33:45.0063119+01:00" endTime="2023-12-22T09:33:45.0219361+01:00" testType="13cdc9d9-ddb5-4fa4-a97d-d965ccfc6d4b" outcome="Passed" testListId="8c84fa94-04c1-424b-9868-57a2d4851a1d" relativeResultsDirectory="9a94cf62-27d0-4666-97cd-1da45e0f6f45">
      <Output>
        <StdOut>Debug Trace:&#xD;
Fail: Command/Command handler type mismatch&#xD;
Fail: Command/Command handler type mismatch&#xD;
Fail: Argument null.</StdOut>
      </Output>
    </UnitTestResult>
    <UnitTestResult executionId="a773ed32-f030-4416-9b75-e75630e48ee2" testId="ef5c9134-9612-2b86-7a01-cd472bba9065" testName="ConnectFailed_DeviceDisabled" computerName="DKSR-EFI-04" duration="00:00:00.0021744" startTime="2023-12-22T09:33:27.4749749+01:00" endTime="2023-12-22T09:33:27.4906005+01:00" testType="13cdc9d9-ddb5-4fa4-a97d-d965ccfc6d4b" outcome="Passed" testListId="8c84fa94-04c1-424b-9868-57a2d4851a1d" relativeResultsDirectory="a773ed32-f030-4416-9b75-e75630e48ee2" />
    <UnitTestResult executionId="c712b25f-07c9-4412-9fb0-89146bacf907" testId="34f2fcd0-692e-d784-b7f8-838f5156b834" testName="CheckExternalRecorderRegistrationCommandHandler_Execute_HardwareReadOnly_ErrorResponse" computerName="DKSR-EFI-04" duration="00:00:00.0006844" startTime="2023-12-22T09:33:45.3344384+01:00" endTime="2023-12-22T09:33:45.3344384+01:00" testType="13cdc9d9-ddb5-4fa4-a97d-d965ccfc6d4b" outcome="Passed" testListId="8c84fa94-04c1-424b-9868-57a2d4851a1d" relativeResultsDirectory="c712b25f-07c9-4412-9fb0-89146bacf907" />
    <UnitTestResult executionId="b3e97f96-0272-41ac-99dc-8f2fa56887c2" testId="794108d2-0f91-37dc-89eb-9552b0474c91" testName="EnhanceSettings_EmptyPrivacyMask" computerName="DKSR-EFI-04" duration="00:00:00.0047304" startTime="2023-12-22T09:33:33.5531279+01:00" endTime="2023-12-22T09:33:33.5687554+01:00" testType="13cdc9d9-ddb5-4fa4-a97d-d965ccfc6d4b" outcome="Passed" testListId="8c84fa94-04c1-424b-9868-57a2d4851a1d" relativeResultsDirectory="b3e97f96-0272-41ac-99dc-8f2fa56887c2" />
    <UnitTestResult executionId="20589d65-a4c0-4faa-91d7-56ed41a6cd58" testId="94da58dc-f615-cfce-cd34-57628676c325" testName="CollectMediaStatusCommandHandler_Retention_Two_Devices" computerName="DKSR-EFI-04" duration="00:00:00.0067769" startTime="2023-12-22T09:33:45.4438129+01:00" endTime="2023-12-22T09:33:45.4594376+01:00" testType="13cdc9d9-ddb5-4fa4-a97d-d965ccfc6d4b" outcome="Passed" testListId="8c84fa94-04c1-424b-9868-57a2d4851a1d" relativeResultsDirectory="20589d65-a4c0-4faa-91d7-56ed41a6cd58" />
    <UnitTestResult executionId="0e76bde2-696b-4b07-bcde-01d55684cebb" testId="aeb82383-8a39-2cc9-fc7d-52bd6f0ee698" testName="DriverProxyInstanceManager_AddHardware_ToTwoProxies_SeparateInstancesCreated" computerName="DKSR-EFI-04" duration="00:00:00.0002942" startTime="2023-12-22T09:33:22.1780761+01:00" endTime="2023-12-22T09:33:22.1780761+01:00" testType="13cdc9d9-ddb5-4fa4-a97d-d965ccfc6d4b" outcome="Passed" testListId="8c84fa94-04c1-424b-9868-57a2d4851a1d" relativeResultsDirectory="0e76bde2-696b-4b07-bcde-01d55684cebb" />
    <UnitTestResult executionId="3e068276-790d-4044-b00f-43521a939a1c" testId="259a0ba7-bf70-4f5e-7ff2-4c769107ca3a" testName="ChangeHardwarePasswordCommandHandler_Execute_ChangePassword_ThrowsUnknownResult_Errors" computerName="DKSR-EFI-04" duration="00:00:00.0007818" startTime="2023-12-22T09:33:45.1625600+01:00" endTime="2023-12-22T09:33:45.1625600+01:00" testType="13cdc9d9-ddb5-4fa4-a97d-d965ccfc6d4b" outcome="Passed" testListId="8c84fa94-04c1-424b-9868-57a2d4851a1d" relativeResultsDirectory="3e068276-790d-4044-b00f-43521a939a1c" />
    <UnitTestResult executionId="cbc91eb2-b073-4f95-91ed-0c49dc171d58" testId="2af9ef9c-9649-cbbf-8f5c-39f4b3056be4" testName="ResolveIdAndMessage_MediaDatabaseEvents_WithBankMetaData" computerName="DKSR-EFI-04" duration="00:00:00.0187407" startTime="2023-12-22T09:33:32.5531224+01:00" endTime="2023-12-22T09:33:32.5687481+01:00" testType="13cdc9d9-ddb5-4fa4-a97d-d965ccfc6d4b" outcome="Passed" testListId="8c84fa94-04c1-424b-9868-57a2d4851a1d" relativeResultsDirectory="cbc91eb2-b073-4f95-91ed-0c49dc171d58" />
    <UnitTestResult executionId="61a7b807-c111-4976-bd48-d8ef515e9f5c" testId="d2358cb3-85bc-fda3-2eed-0a2a478d6789" testName="SOAPCommandRequestHandler_ExecuteFunction_HandlePTZMoveHome_No_Security" computerName="DKSR-EFI-04" duration="00:00:00.0010777" startTime="2023-12-22T09:33:30.6937412+01:00" endTime="2023-12-22T09:33:30.6937412+01:00" testType="13cdc9d9-ddb5-4fa4-a97d-d965ccfc6d4b" outcome="Passed" testListId="8c84fa94-04c1-424b-9868-57a2d4851a1d" relativeResultsDirectory="61a7b807-c111-4976-bd48-d8ef515e9f5c" />
    <UnitTestResult executionId="3c50f2a4-1b16-4712-a72a-f5b64cea240e" testId="61203c2b-fac1-ee3b-a5a4-736d5154f26c" testName="ResponseController_HeartbeatResponseNullInput_BadRequestResult" computerName="DKSR-EFI-04" duration="00:00:00.0004227" startTime="2023-12-22T09:33:24.6937114+01:00" endTime="2023-12-22T09:33:24.6937114+01:00" testType="13cdc9d9-ddb5-4fa4-a97d-d965ccfc6d4b" outcome="Passed" testListId="8c84fa94-04c1-424b-9868-57a2d4851a1d" relativeResultsDirectory="3c50f2a4-1b16-4712-a72a-f5b64cea240e" />
    <UnitTestResult executionId="7c36666f-e908-455c-a84c-59848bc05882" testId="cd25b06b-0fa5-8e76-d488-b4b3e1f3fe07" testName="SOAPCommandRequestHandler_ExecuteFunction_HandleSequencesGetAroundWithSpan_NoSequenceType" computerName="DKSR-EFI-04" duration="00:00:00.0008692" startTime="2023-12-22T09:33:29.8656112+01:00" endTime="2023-12-22T09:33:29.8656112+01:00" testType="13cdc9d9-ddb5-4fa4-a97d-d965ccfc6d4b" outcome="Passed" testListId="8c84fa94-04c1-424b-9868-57a2d4851a1d" relativeResultsDirectory="7c36666f-e908-455c-a84c-59848bc05882" />
    <UnitTestResult executionId="cbd1edb7-c2db-4bf8-bd87-07c3131c280b" testId="29b5836d-082b-f72d-cb89-131afc3a7659" testName="QueryDeviceEvidenceLockSizes_PostCommandIsValid_NoContent" computerName="DKSR-EFI-04" duration="00:00:00.0013027" startTime="2023-12-22T09:33:24.4749606+01:00" endTime="2023-12-22T09:33:24.4749606+01:00" testType="13cdc9d9-ddb5-4fa4-a97d-d965ccfc6d4b" outcome="Passed" testListId="8c84fa94-04c1-424b-9868-57a2d4851a1d" relativeResultsDirectory="cbd1edb7-c2db-4bf8-bd87-07c3131c280b" />
    <UnitTestResult executionId="700281fd-8944-418a-b4c6-829fd0e279cd" testId="9068db29-17b2-595d-773e-3b64e5b1b90a" testName="TimeRangeConversionRangeSpansStartAndEndTimeExactly" computerName="DKSR-EFI-04" duration="00:00:00.0003245" startTime="2023-12-22T09:33:44.3656806+01:00" endTime="2023-12-22T09:33:44.3656806+01:00" testType="13cdc9d9-ddb5-4fa4-a97d-d965ccfc6d4b" outcome="Passed" testListId="8c84fa94-04c1-424b-9868-57a2d4851a1d" relativeResultsDirectory="700281fd-8944-418a-b4c6-829fd0e279cd" />
    <UnitTestResult executionId="a645f6cf-c596-4bd5-8ef2-bb194aaf1189" testId="44226950-31ad-5f0b-4d90-f6d2f68da17a" testName="AudioMessageManager_UpdateConfiguration_ArgumentNullException" computerName="DKSR-EFI-04" duration="00:00:00.0009981" startTime="2023-12-22T09:33:52.3657222+01:00" endTime="2023-12-22T09:33:52.3657222+01:00" testType="13cdc9d9-ddb5-4fa4-a97d-d965ccfc6d4b" outcome="Passed" testListId="8c84fa94-04c1-424b-9868-57a2d4851a1d" relativeResultsDirectory="a645f6cf-c596-4bd5-8ef2-bb194aaf1189" />
    <UnitTestResult executionId="dab95ad5-5c42-4531-abc1-4d3e11e8535e" testId="74520b87-908e-9792-3c7b-51d3c5f50b9f" testName="PtzReserveSessionCommandHandler_Execute_Success" computerName="DKSR-EFI-04" duration="00:00:00.0008711" startTime="2023-12-22T09:33:50.4438373+01:00" endTime="2023-12-22T09:33:50.4438373+01:00" testType="13cdc9d9-ddb5-4fa4-a97d-d965ccfc6d4b" outcome="Passed" testListId="8c84fa94-04c1-424b-9868-57a2d4851a1d" relativeResultsDirectory="dab95ad5-5c42-4531-abc1-4d3e11e8535e" />
    <UnitTestResult executionId="b6c2d47d-c0a8-4fb2-8223-0fb1624aa8a0" testId="9d85024a-ea9e-440c-34f9-b41b5a2ebe56" testName="ConnectSuccess_NextWithTime" computerName="DKSR-EFI-04" duration="00:00:00.0043648" startTime="2023-12-22T09:33:27.6624790+01:00" endTime="2023-12-22T09:33:27.6780990+01:00" testType="13cdc9d9-ddb5-4fa4-a97d-d965ccfc6d4b" outcome="Passed" testListId="8c84fa94-04c1-424b-9868-57a2d4851a1d" relativeResultsDirectory="b6c2d47d-c0a8-4fb2-8223-0fb1624aa8a0" />
    <UnitTestResult executionId="75f249aa-7703-4bdf-96b1-0ba79de168aa" testId="02b2d151-667f-bb4d-f1d9-e5515851b4c2" testName="SOAPCommandRequestHandler_ExecuteFunction_HandleSequencesGetAround_No_Microphone_Security" computerName="DKSR-EFI-04" duration="00:00:00.0018198" startTime="2023-12-22T09:33:29.8343605+01:00" endTime="2023-12-22T09:33:29.8499863+01:00" testType="13cdc9d9-ddb5-4fa4-a97d-d965ccfc6d4b" outcome="Passed" testListId="8c84fa94-04c1-424b-9868-57a2d4851a1d" relativeResultsDirectory="75f249aa-7703-4bdf-96b1-0ba79de168aa" />
    <UnitTestResult executionId="7504b14a-e93c-401b-8dc8-01b7ff46407b" testId="3b282e31-e662-2209-1675-06885da7712c" testName="SOAPCommandRequestHandler_ExecuteFunction_HandlePTZMoveAbsolute_NoDeviceId" computerName="DKSR-EFI-04" duration="00:00:00.0012190" startTime="2023-12-22T09:33:30.6624887+01:00" endTime="2023-12-22T09:33:30.6781169+01:00" testType="13cdc9d9-ddb5-4fa4-a97d-d965ccfc6d4b" outcome="Passed" testListId="8c84fa94-04c1-424b-9868-57a2d4851a1d" relativeResultsDirectory="7504b14a-e93c-401b-8dc8-01b7ff46407b" />
    <UnitTestResult executionId="c2ee4580-6aea-42a9-8fe6-15ab81ab3b54" testId="4abb4581-af66-78a4-046c-15d0397a9455" testName="ConnectSuccess_NextSeq_Exception" computerName="DKSR-EFI-04" duration="00:00:00.0028768" startTime="2023-12-22T09:33:27.8031010+01:00" endTime="2023-12-22T09:33:27.8031010+01:00" testType="13cdc9d9-ddb5-4fa4-a97d-d965ccfc6d4b" outcome="Passed" testListId="8c84fa94-04c1-424b-9868-57a2d4851a1d" relativeResultsDirectory="c2ee4580-6aea-42a9-8fe6-15ab81ab3b54" />
    <UnitTestResult executionId="b4f222d3-13a9-4dcb-a0d2-17e6d1854cfd" testId="6570d90c-63b9-00da-8be6-a5600bf30066" testName="ResolveIdAndMessage_External_Generator" computerName="DKSR-EFI-04" duration="00:00:00.0003883" startTime="2023-12-22T09:33:32.5687481+01:00" endTime="2023-12-22T09:33:32.5687481+01:00" testType="13cdc9d9-ddb5-4fa4-a97d-d965ccfc6d4b" outcome="Passed" testListId="8c84fa94-04c1-424b-9868-57a2d4851a1d" relativeResultsDirectory="b4f222d3-13a9-4dcb-a0d2-17e6d1854cfd" />
    <UnitTestResult executionId="51fd974d-57de-4a8e-a82d-421c0024dc62" testId="7fbbb8ec-7eda-3e82-92dc-46be9d4347d0" testName="SmartSearchHandlerConstructAndDispose" computerName="DKSR-EFI-04" duration="00:00:00.0088248" startTime="2023-12-22T09:33:32.0531223+01:00" endTime="2023-12-22T09:33:32.0687467+01:00" testType="13cdc9d9-ddb5-4fa4-a97d-d965ccfc6d4b" outcome="Passed" testListId="8c84fa94-04c1-424b-9868-57a2d4851a1d" relativeResultsDirectory="51fd974d-57de-4a8e-a82d-421c0024dc62" />
    <UnitTestResult executionId="0752ebf4-4c63-45e3-9821-d2171f1fa20a" testId="5a7b28aa-274c-83de-849a-46605f2be5a8" testName="PtzManualSession_Constructor_Success" computerName="DKSR-EFI-04" duration="00:00:00.0012941" startTime="2023-12-22T09:33:52.2250967+01:00" endTime="2023-12-22T09:33:52.2250967+01:00" testType="13cdc9d9-ddb5-4fa4-a97d-d965ccfc6d4b" outcome="Passed" testListId="8c84fa94-04c1-424b-9868-57a2d4851a1d" relativeResultsDirectory="0752ebf4-4c63-45e3-9821-d2171f1fa20a" />
    <UnitTestResult executionId="edc06f05-18af-4634-903f-4649003b8a78" testId="ac280fea-aebb-b911-3019-ace37fbbdbc4" testName="SOAPCommandRequestHandler_ExecuteFunction_HandlePresetGetList_Success" computerName="DKSR-EFI-04" duration="00:00:00.0023335" startTime="2023-12-22T09:33:30.8187414+01:00" endTime="2023-12-22T09:33:30.8343652+01:00" testType="13cdc9d9-ddb5-4fa4-a97d-d965ccfc6d4b" outcome="Passed" testListId="8c84fa94-04c1-424b-9868-57a2d4851a1d" relativeResultsDirectory="edc06f05-18af-4634-903f-4649003b8a78" />
    <UnitTestResult executionId="f4a75765-b61d-4ed5-a92c-0fdf95658816" testId="c25e0d20-e5da-2683-4906-64928b354137" testName="TimeRangeConversionRangeAfterEndTime" computerName="DKSR-EFI-04" duration="00:00:00.0015316" startTime="2023-12-22T09:33:44.4281837+01:00" endTime="2023-12-22T09:33:44.4281837+01:00" testType="13cdc9d9-ddb5-4fa4-a97d-d965ccfc6d4b" outcome="Passed" testListId="8c84fa94-04c1-424b-9868-57a2d4851a1d" relativeResultsDirectory="f4a75765-b61d-4ed5-a92c-0fdf95658816">
      <Output>
        <StdOut>Debug Trace:&#xD;
Fail: Ranges contains invalid elements</StdOut>
      </Output>
    </UnitTestResult>
    <UnitTestResult executionId="605d3163-eec6-4598-ab75-c24d0de1bc2c" testId="523ccd07-2fea-b077-ce34-edfc798b2c89" testName="ConfigurationController_UpdateSecurityConfiguration_IsNull_BadRequestResult" computerName="DKSR-EFI-04" duration="00:00:00.0018282" startTime="2023-12-22T09:33:24.3655846+01:00" endTime="2023-12-22T09:33:24.3655846+01:00" testType="13cdc9d9-ddb5-4fa4-a97d-d965ccfc6d4b" outcome="Passed" testListId="8c84fa94-04c1-424b-9868-57a2d4851a1d" relativeResultsDirectory="605d3163-eec6-4598-ab75-c24d0de1bc2c" />
    <UnitTestResult executionId="d620022c-9234-4d9a-86ae-a634d18e00d2" testId="fba79d8b-e84a-e36b-1d55-e7660c252582" testName="RepairSessionEnded_Success" computerName="DKSR-EFI-04" duration="00:00:00.0001753" startTime="2023-12-22T09:33:23.1155790+01:00" endTime="2023-12-22T09:33:23.1155790+01:00" testType="13cdc9d9-ddb5-4fa4-a97d-d965ccfc6d4b" outcome="Passed" testListId="8c84fa94-04c1-424b-9868-57a2d4851a1d" relativeResultsDirectory="d620022c-9234-4d9a-86ae-a634d18e00d2" />
    <UnitTestResult executionId="9a430170-1a66-4145-975b-86a32a0bc81b" testId="83a7a30c-ff50-77e3-edea-21262e7fcc06" testName="SOAPCommandRequestHandler_GetClientCapabilities_PrivacyMask_Child_Of_ClientCapabilities_Section_Is_True" computerName="DKSR-EFI-04" duration="00:00:00.0003316" startTime="2023-12-22T09:33:30.1937377+01:00" endTime="2023-12-22T09:33:30.1937377+01:00" testType="13cdc9d9-ddb5-4fa4-a97d-d965ccfc6d4b" outcome="Passed" testListId="8c84fa94-04c1-424b-9868-57a2d4851a1d" relativeResultsDirectory="9a430170-1a66-4145-975b-86a32a0bc81b" />
    <UnitTestResult executionId="c0c13e3d-3bdb-44bf-be5c-24b3524e7ca3" testId="8fa4b3e3-03f0-b4e5-5ef6-2270848dbaea" testName="PtzManagerDataHolder_GetSchema_Not_Found" computerName="DKSR-EFI-04" duration="00:00:00.0006903" startTime="2023-12-22T09:33:51.1157151+01:00" endTime="2023-12-22T09:33:51.1157151+01:00" testType="13cdc9d9-ddb5-4fa4-a97d-d965ccfc6d4b" outcome="Passed" testListId="8c84fa94-04c1-424b-9868-57a2d4851a1d" relativeResultsDirectory="c0c13e3d-3bdb-44bf-be5c-24b3524e7ca3" />
    <UnitTestResult executionId="02e099b4-2410-41af-96e3-256ed16eaa0b" testId="76dc2cc6-5426-5f99-0da4-08390eec12d2" testName="ReadMessageHeaders_Soap_HeadersTooLarge" computerName="DKSR-EFI-04" duration="00:00:00.0008164" startTime="2023-12-22T09:33:31.2249936+01:00" endTime="2023-12-22T09:33:31.2249936+01:00" testType="13cdc9d9-ddb5-4fa4-a97d-d965ccfc6d4b" outcome="Passed" testListId="8c84fa94-04c1-424b-9868-57a2d4851a1d" relativeResultsDirectory="02e099b4-2410-41af-96e3-256ed16eaa0b" />
    <UnitTestResult executionId="00538240-bcd6-4b9b-89d7-bd038b81869c" testId="a03d31e5-b519-df48-9108-2eaf143ef1ab" testName="GetNetworkConfigurationCommandHandler_Execute_GetNetworkConfiguration_ThrowsUnknownResult_Errors" computerName="DKSR-EFI-04" duration="00:00:00.0008128" startTime="2023-12-22T09:33:47.9438272+01:00" endTime="2023-12-22T09:33:47.9438272+01:00" testType="13cdc9d9-ddb5-4fa4-a97d-d965ccfc6d4b" outcome="Passed" testListId="8c84fa94-04c1-424b-9868-57a2d4851a1d" relativeResultsDirectory="00538240-bcd6-4b9b-89d7-bd038b81869c" />
    <UnitTestResult executionId="08dc2f1a-5ea8-45c4-8239-b69b5f2b6e0d" testId="dd42b662-6b53-5de3-e720-4776d7c28112" testName="DriverProxyInstanceManager_RemoveHardware_FromNonregisteredProxy_WarningLogged" computerName="DKSR-EFI-04" duration="00:00:00.0005228" startTime="2023-12-22T09:33:22.1780761+01:00" endTime="2023-12-22T09:33:22.1780761+01:00" testType="13cdc9d9-ddb5-4fa4-a97d-d965ccfc6d4b" outcome="Passed" testListId="8c84fa94-04c1-424b-9868-57a2d4851a1d" relativeResultsDirectory="08dc2f1a-5ea8-45c4-8239-b69b5f2b6e0d" />
    <UnitTestResult executionId="8ac601ab-97e6-450e-813b-d2cead6a0977" testId="1305c141-a0e3-24aa-3477-4be19c2cf492" testName="SOAPCommandRequestHandler_ExecuteFunction_HandleJPEGGetAt_NoTime" computerName="DKSR-EFI-04" duration="00:00:00.0004829" startTime="2023-12-22T09:33:30.4749887+01:00" endTime="2023-12-22T09:33:30.4749887+01:00" testType="13cdc9d9-ddb5-4fa4-a97d-d965ccfc6d4b" outcome="Passed" testListId="8c84fa94-04c1-424b-9868-57a2d4851a1d" relativeResultsDirectory="8ac601ab-97e6-450e-813b-d2cead6a0977" />
    <UnitTestResult executionId="d5795bf6-9a2b-4044-9cb3-a577d97f2a21" testId="1de5d0cb-bc35-73c6-f8cc-f155ab3b1d36" testName="CollectMediaStatusCommandHandler_Disconnected_Does_Nothing" computerName="DKSR-EFI-04" duration="00:00:00.0004506" startTime="2023-12-22T09:33:45.4750629+01:00" endTime="2023-12-22T09:33:45.4750629+01:00" testType="13cdc9d9-ddb5-4fa4-a97d-d965ccfc6d4b" outcome="Passed" testListId="8c84fa94-04c1-424b-9868-57a2d4851a1d" relativeResultsDirectory="d5795bf6-9a2b-4044-9cb3-a577d97f2a21" />
    <UnitTestResult executionId="7ca045e4-d3a7-4c01-a0e2-d7ffe7ec04cd" testId="b3d817b8-e7e6-eb65-f92d-7523f232fbca" testName="UpdateRecorderTaskProgressAsync_ConnectedAndBetween1And99_ShouldQueueCommand" computerName="DKSR-EFI-04" duration="00:00:00.0015754" startTime="2023-12-22T09:33:24.2562095+01:00" endTime="2023-12-22T09:33:24.2562095+01:00" testType="13cdc9d9-ddb5-4fa4-a97d-d965ccfc6d4b" outcome="Passed" testListId="8c84fa94-04c1-424b-9868-57a2d4851a1d" relativeResultsDirectory="7ca045e4-d3a7-4c01-a0e2-d7ffe7ec04cd" />
    <UnitTestResult executionId="d90772bd-8b7b-4535-981f-fc6f67000a4f" testId="01e4eee8-390a-a03d-6f7a-91218197b87f" testName="GetRecorderTasksWithPendingStop_InternalStateStopped_ReturnsNull" computerName="DKSR-EFI-04" duration="00:00:00.0008890" startTime="2023-12-22T09:33:24.0843330+01:00" endTime="2023-12-22T09:33:24.0843330+01:00" testType="13cdc9d9-ddb5-4fa4-a97d-d965ccfc6d4b" outcome="Passed" testListId="8c84fa94-04c1-424b-9868-57a2d4851a1d" relativeResultsDirectory="d90772bd-8b7b-4535-981f-fc6f67000a4f" />
    <UnitTestResult executionId="e5bf74ea-5cd9-4259-b394-6d9d527c617b" testId="279ef243-f59c-b7ed-7e28-7e46d8077385" testName="ArcStorage_Ok" computerName="DKSR-EFI-04" duration="00:00:00.0081711" startTime="2023-12-22T09:33:32.6937511+01:00" endTime="2023-12-22T09:33:32.6937511+01:00" testType="13cdc9d9-ddb5-4fa4-a97d-d965ccfc6d4b" outcome="Passed" testListId="8c84fa94-04c1-424b-9868-57a2d4851a1d" relativeResultsDirectory="e5bf74ea-5cd9-4259-b394-6d9d527c617b" />
    <UnitTestResult executionId="e3776e91-247c-47e1-ad6e-c69ef89188ac" testId="b94b5189-3b8b-329c-6c26-668c5bb5da4e" testName="EdgeStorageLimitsReverseTimeLimitOk" computerName="DKSR-EFI-04" duration="00:00:00.0006462" startTime="2023-12-22T09:33:33.9750083+01:00" endTime="2023-12-22T09:33:33.9750083+01:00" testType="13cdc9d9-ddb5-4fa4-a97d-d965ccfc6d4b" outcome="Passed" testListId="8c84fa94-04c1-424b-9868-57a2d4851a1d" relativeResultsDirectory="e3776e91-247c-47e1-ad6e-c69ef89188ac" />
    <UnitTestResult executionId="50c5dfb4-2670-4fc3-9a97-6c89e034c2b4" testId="66870d86-2e1d-f691-641d-031536916a0f" testName="HardwareScanSession_TestStartAnd2Stops" computerName="DKSR-EFI-04" duration="00:00:02.4257532" startTime="2023-12-22T09:33:35.0218859+01:00" endTime="2023-12-22T09:33:37.4437738+01:00" testType="13cdc9d9-ddb5-4fa4-a97d-d965ccfc6d4b" outcome="Passed" testListId="8c84fa94-04c1-424b-9868-57a2d4851a1d" relativeResultsDirectory="50c5dfb4-2670-4fc3-9a97-6c89e034c2b4" />
    <UnitTestResult executionId="9500229b-785a-4e13-a419-3eb0e7f7fa34" testId="c4f78332-ee10-3e76-8589-3ced1b5be738" testName="DriverProxyInstanceManager_AddSameHardwareTwice_RemoveTwice_HardwareRemoved" computerName="DKSR-EFI-04" duration="00:00:00.0007335" startTime="2023-12-22T09:33:22.1468226+01:00" endTime="2023-12-22T09:33:22.1468226+01:00" testType="13cdc9d9-ddb5-4fa4-a97d-d965ccfc6d4b" outcome="Passed" testListId="8c84fa94-04c1-424b-9868-57a2d4851a1d" relativeResultsDirectory="9500229b-785a-4e13-a419-3eb0e7f7fa34" />
    <UnitTestResult executionId="f7767276-86a5-4215-a8d0-32beef101c48" testId="b761596d-0bb6-e439-c952-5fd1de6486a8" testName="PtzReserveSessionCommandHandler_Execute_Device_Not_Found" computerName="DKSR-EFI-04" duration="00:00:00.0010453" startTime="2023-12-22T09:33:50.3969612+01:00" endTime="2023-12-22T09:33:50.3969612+01:00" testType="13cdc9d9-ddb5-4fa4-a97d-d965ccfc6d4b" outcome="Passed" testListId="8c84fa94-04c1-424b-9868-57a2d4851a1d" relativeResultsDirectory="f7767276-86a5-4215-a8d0-32beef101c48" />
    <UnitTestResult executionId="67e94f40-fecf-4d9b-a587-69fe85621cef" testId="806abd20-3c06-737b-da82-40fdab6a592c" testName="GetRecorderTasksWithPendingStop_InternalStateStartedOneTasks_ReturnsArrayWithOneElement" computerName="DKSR-EFI-04" duration="00:00:00.0014414" startTime="2023-12-22T09:33:24.1155844+01:00" endTime="2023-12-22T09:33:24.1155844+01:00" testType="13cdc9d9-ddb5-4fa4-a97d-d965ccfc6d4b" outcome="Passed" testListId="8c84fa94-04c1-424b-9868-57a2d4851a1d" relativeResultsDirectory="67e94f40-fecf-4d9b-a587-69fe85621cef" />
    <UnitTestResult executionId="7a76240d-d933-474b-a276-05729f3323cd" testId="9783da64-6fb6-c3b5-b3ac-c11796365d5b" testName="IsLiveRestrictedOnHandler" computerName="DKSR-EFI-04" duration="00:00:00.0007281" startTime="2023-12-22T09:33:33.4125039+01:00" endTime="2023-12-22T09:33:33.4125039+01:00" testType="13cdc9d9-ddb5-4fa4-a97d-d965ccfc6d4b" outcome="Passed" testListId="8c84fa94-04c1-424b-9868-57a2d4851a1d" relativeResultsDirectory="7a76240d-d933-474b-a276-05729f3323cd" />
    <UnitTestResult executionId="c14939bc-277d-4e69-b1d7-22c08db63854" testId="8bdbd0c1-a790-4970-e092-0b55412b8dc4" testName="FirmwareUpgradeCommandHandler_Execute_FirmwareUpgrade_ThrowsFirmwareUpgradeUnknownError_Errors" computerName="DKSR-EFI-04" duration="00:00:00.0026860" startTime="2023-12-22T09:33:47.6156967+01:00" endTime="2023-12-22T09:33:47.6156967+01:00" testType="13cdc9d9-ddb5-4fa4-a97d-d965ccfc6d4b" outcome="Passed" testListId="8c84fa94-04c1-424b-9868-57a2d4851a1d" relativeResultsDirectory="c14939bc-277d-4e69-b1d7-22c08db63854" />
    <UnitTestResult executionId="841b738f-91d4-4730-8551-ef28e9762f2f" testId="8f9a3242-57e5-a277-304e-59d280184022" testName="EdgeStorageLimitsCheckBandwidthWithLimitExceeded" computerName="DKSR-EFI-04" duration="00:00:00.0006230" startTime="2023-12-22T09:33:34.0375059+01:00" endTime="2023-12-22T09:33:34.0531290+01:00" testType="13cdc9d9-ddb5-4fa4-a97d-d965ccfc6d4b" outcome="Passed" testListId="8c84fa94-04c1-424b-9868-57a2d4851a1d" relativeResultsDirectory="841b738f-91d4-4730-8551-ef28e9762f2f" />
    <UnitTestResult executionId="8d47a359-7026-4a91-b2c5-0891f81447a4" testId="ca797047-54de-e06f-659a-e063a9db7c34" testName="ChangeHardwarePasswordCommandHandler_Execute_ChangePassword_ThrowsPasswordContainsInvalidCharacters_Errors" computerName="DKSR-EFI-04" duration="00:00:00.0008722" startTime="2023-12-22T09:33:45.1625600+01:00" endTime="2023-12-22T09:33:45.1625600+01:00" testType="13cdc9d9-ddb5-4fa4-a97d-d965ccfc6d4b" outcome="Passed" testListId="8c84fa94-04c1-424b-9868-57a2d4851a1d" relativeResultsDirectory="8d47a359-7026-4a91-b2c5-0891f81447a4" />
    <UnitTestResult executionId="a6f44176-4e99-4b95-9683-2e011a28036b" testId="9a16ed3b-15b3-1007-93f3-42a0751d2bc3" testName="CheckExternalRecorderRegistrationCommandHandler_Execute_ExternalRecorder_Registered_TrueResponse" computerName="DKSR-EFI-04" duration="00:00:00.0043189" startTime="2023-12-22T09:33:45.3031863+01:00" endTime="2023-12-22T09:33:45.3031863+01:00" testType="13cdc9d9-ddb5-4fa4-a97d-d965ccfc6d4b" outcome="Passed" testListId="8c84fa94-04c1-424b-9868-57a2d4851a1d" relativeResultsDirectory="a6f44176-4e99-4b95-9683-2e011a28036b" />
    <UnitTestResult executionId="781c5e71-5f4b-48c4-b9f2-51929284a455" testId="02863a6f-42b8-83c4-3b50-aaaf31ebb295" testName="PtzManagerDataHolder_AddSchema_Success" computerName="DKSR-EFI-04" duration="00:00:00.0027521" startTime="2023-12-22T09:33:51.1157151+01:00" endTime="2023-12-22T09:33:51.1157151+01:00" testType="13cdc9d9-ddb5-4fa4-a97d-d965ccfc6d4b" outcome="Passed" testListId="8c84fa94-04c1-424b-9868-57a2d4851a1d" relativeResultsDirectory="781c5e71-5f4b-48c4-b9f2-51929284a455" />
    <UnitTestResult executionId="d7a2c6f5-9286-4944-8e4b-a549e7429583" testId="49e5e949-0b9c-2183-02c5-2dbb07d4851a" testName="ResolveIdAndMessage_KnownRecorderEvents" computerName="DKSR-EFI-04" duration="00:00:00.0002276" startTime="2023-12-22T09:33:32.5843740+01:00" endTime="2023-12-22T09:33:32.5843740+01:00" testType="13cdc9d9-ddb5-4fa4-a97d-d965ccfc6d4b" outcome="Passed" testListId="8c84fa94-04c1-424b-9868-57a2d4851a1d" relativeResultsDirectory="d7a2c6f5-9286-4944-8e4b-a549e7429583" />
    <UnitTestResult executionId="7faf7e4e-917c-40c4-8d2c-d4e61def990b" testId="a6d890d9-ba20-2a4c-cb99-488fc7063ee6" testName="TriggerEventAsGlobal_IsValid_NoContent" computerName="DKSR-EFI-04" duration="00:00:00.0012316" startTime="2023-12-22T09:33:24.5218360+01:00" endTime="2023-12-22T09:33:24.5218360+01:00" testType="13cdc9d9-ddb5-4fa4-a97d-d965ccfc6d4b" outcome="Passed" testListId="8c84fa94-04c1-424b-9868-57a2d4851a1d" relativeResultsDirectory="7faf7e4e-917c-40c4-8d2c-d4e61def990b" />
    <UnitTestResult executionId="4c980720-1946-46cd-911e-967e774ec38b" testId="f79592c8-9574-1171-5614-c7144aa8d62a" testName="SOAPCommandRequestHandler_ExecuteFunction_HandleTimeLineInformationGet_Success" computerName="DKSR-EFI-04" duration="00:00:00.0062025" startTime="2023-12-22T09:33:30.1624883+01:00" endTime="2023-12-22T09:33:30.1781150+01:00" testType="13cdc9d9-ddb5-4fa4-a97d-d965ccfc6d4b" outcome="Passed" testListId="8c84fa94-04c1-424b-9868-57a2d4851a1d" relativeResultsDirectory="4c980720-1946-46cd-911e-967e774ec38b" />
    <UnitTestResult executionId="5254b097-6b68-4286-9cc6-bd8e67deb22a" testId="330aa390-d7ca-b0e8-0a09-1cff13b32d9c" testName="LicenseManager_IsFeatureLicensed_ThrowsLicenseException_OnLicenseWithExpiry" computerName="DKSR-EFI-04" duration="00:00:00.0036151" startTime="2023-12-22T09:33:33.9437566+01:00" endTime="2023-12-22T09:33:33.9437566+01:00" testType="13cdc9d9-ddb5-4fa4-a97d-d965ccfc6d4b" outcome="Passed" testListId="8c84fa94-04c1-424b-9868-57a2d4851a1d" relativeResultsDirectory="5254b097-6b68-4286-9cc6-bd8e67deb22a" />
    <UnitTestResult executionId="77b0f395-a5e4-4807-81af-fc9c5dadbb28" testId="1cedb6d8-0f35-fa43-836b-425cffa2cc0a" testName="SmartSearchHandlerForwardTestNoData" computerName="DKSR-EFI-04" duration="00:00:00.0007293" startTime="2023-12-22T09:33:32.1781233+01:00" endTime="2023-12-22T09:33:32.1781233+01:00" testType="13cdc9d9-ddb5-4fa4-a97d-d965ccfc6d4b" outcome="Passed" testListId="8c84fa94-04c1-424b-9868-57a2d4851a1d" relativeResultsDirectory="77b0f395-a5e4-4807-81af-fc9c5dadbb28" />
    <UnitTestResult executionId="6d228bdb-67de-413c-8f65-c9976b33d356" testId="28c90e04-ea6b-65dc-f25c-1fb60858805f" testName="ArcStorage_Failure_Retry" computerName="DKSR-EFI-04" duration="00:00:00.0047720" startTime="2023-12-22T09:33:32.6937511+01:00" endTime="2023-12-22T09:33:32.7093761+01:00" testType="13cdc9d9-ddb5-4fa4-a97d-d965ccfc6d4b" outcome="Passed" testListId="8c84fa94-04c1-424b-9868-57a2d4851a1d" relativeResultsDirectory="6d228bdb-67de-413c-8f65-c9976b33d356" />
    <UnitTestResult executionId="925a03cb-4bfe-4ddc-90e6-5d4ec89c3206" testId="a58b4cc1-e0f6-d3f3-8e80-87f0c088df02" testName="PingStop_Called_TimerIsStopped" computerName="DKSR-EFI-04" duration="00:00:00.0006625" startTime="2023-12-22T09:33:24.2874584+01:00" endTime="2023-12-22T09:33:24.2874584+01:00" testType="13cdc9d9-ddb5-4fa4-a97d-d965ccfc6d4b" outcome="Passed" testListId="8c84fa94-04c1-424b-9868-57a2d4851a1d" relativeResultsDirectory="925a03cb-4bfe-4ddc-90e6-5d4ec89c3206" />
    <UnitTestResult executionId="810cbccf-9cba-4097-a371-39d44877574e" testId="00111211-f0e6-971a-6c8f-c0770ce6204f" testName="SetNetworkConfigurationCommandHandler_Constructor_NullArg_Throws" computerName="DKSR-EFI-04" duration="00:00:00.0009171" startTime="2023-12-22T09:33:50.8500884+01:00" endTime="2023-12-22T09:33:50.8500884+01:00" testType="13cdc9d9-ddb5-4fa4-a97d-d965ccfc6d4b" outcome="Passed" testListId="8c84fa94-04c1-424b-9868-57a2d4851a1d" relativeResultsDirectory="810cbccf-9cba-4097-a371-39d44877574e" />
    <UnitTestResult executionId="e3679844-f368-45e1-86ac-fe887aa6cb2e" testId="3e6cf1be-b217-81c9-3037-1ebd5891d541" testName="AudioPlayerOnSpeaker_PlayUsingCurrentThread_ReservationRejected" computerName="DKSR-EFI-04" duration="00:00:00.0007858" startTime="2023-12-22T09:33:52.5532226+01:00" endTime="2023-12-22T09:33:52.5532226+01:00" testType="13cdc9d9-ddb5-4fa4-a97d-d965ccfc6d4b" outcome="Passed" testListId="8c84fa94-04c1-424b-9868-57a2d4851a1d" relativeResultsDirectory="e3679844-f368-45e1-86ac-fe887aa6cb2e" />
    <UnitTestResult executionId="a0f21a39-2c40-4c9d-b01b-fe386f54c1aa" testId="51aa2f6d-3623-80f3-279f-c704073a9df9" testName="Start_WebErrorOnFirstTry_WillReconnectOnSecondTry" computerName="DKSR-EFI-04" duration="00:00:00.0068841" startTime="2023-12-22T09:33:23.9905811+01:00" endTime="2023-12-22T09:33:24.0062079+01:00" testType="13cdc9d9-ddb5-4fa4-a97d-d965ccfc6d4b" outcome="Passed" testListId="8c84fa94-04c1-424b-9868-57a2d4851a1d" relativeResultsDirectory="a0f21a39-2c40-4c9d-b01b-fe386f54c1aa" />
    <UnitTestResult executionId="c7952786-71a4-43fe-9d2f-95f62e859703" testId="5f69b9c8-39a0-f558-d8b2-db730d17b04b" testName="FailoverMediaMover_MoveMediaDataHere_Storage_Offline_Tables_Not_Touched" computerName="DKSR-EFI-04" duration="00:00:00.0065008" startTime="2023-12-22T09:33:22.9280792+01:00" endTime="2023-12-22T09:33:22.9280792+01:00" testType="13cdc9d9-ddb5-4fa4-a97d-d965ccfc6d4b" outcome="Passed" testListId="8c84fa94-04c1-424b-9868-57a2d4851a1d" relativeResultsDirectory="c7952786-71a4-43fe-9d2f-95f62e859703" />
    <UnitTestResult executionId="f711e549-c4d1-4bc6-9535-d8779425578b" testId="061fc792-1586-13e9-170d-fb893a208d7e" testName="PrepareMoveHardwareCommandHandler_Execute_Hardware_Blocked_LiveTableCheck" computerName="DKSR-EFI-04" duration="00:00:00.0050652" startTime="2023-12-22T09:33:48.9907048+01:00" endTime="2023-12-22T09:33:48.9907048+01:00" testType="13cdc9d9-ddb5-4fa4-a97d-d965ccfc6d4b" outcome="Passed" testListId="8c84fa94-04c1-424b-9868-57a2d4851a1d" relativeResultsDirectory="f711e549-c4d1-4bc6-9535-d8779425578b" />
    <UnitTestResult executionId="a8eb1cb4-9f8c-4f0a-920e-38396af7e6b2" testId="61f6fd19-bbe5-4704-f515-a237e9dab43f" testName="PtzReserveSessionCommandHandler_No_Priority_Security_Attribute" computerName="DKSR-EFI-04" duration="00:00:00.0009056" startTime="2023-12-22T09:33:50.3969612+01:00" endTime="2023-12-22T09:33:50.3969612+01:00" testType="13cdc9d9-ddb5-4fa4-a97d-d965ccfc6d4b" outcome="Passed" testListId="8c84fa94-04c1-424b-9868-57a2d4851a1d" relativeResultsDirectory="a8eb1cb4-9f8c-4f0a-920e-38396af7e6b2" />
    <UnitTestResult executionId="faca16da-fe86-441d-860f-a890e97867ed" testId="f74c6c10-2aac-5c53-327d-f45ea200ba89" testName="ResponseController_ValidTimeoutResponse_ValidTimeoutResponseCalledOnCommManager" computerName="DKSR-EFI-04" duration="00:00:00.0006580" startTime="2023-12-22T09:33:24.6937114+01:00" endTime="2023-12-22T09:33:24.6937114+01:00" testType="13cdc9d9-ddb5-4fa4-a97d-d965ccfc6d4b" outcome="Passed" testListId="8c84fa94-04c1-424b-9868-57a2d4851a1d" relativeResultsDirectory="faca16da-fe86-441d-860f-a890e97867ed" />
    <UnitTestResult executionId="21c8b651-9a9f-4859-bbc9-704af02abc44" testId="f8e7e248-acdc-916a-4a20-0506ab973b75" testName="SOAPCommandRequestHandler_ExecuteFunction_HandleSequencesGet_No_Camera_Security" computerName="DKSR-EFI-04" duration="00:00:00.0019026" startTime="2023-12-22T09:33:30.9906183+01:00" endTime="2023-12-22T09:33:30.9906183+01:00" testType="13cdc9d9-ddb5-4fa4-a97d-d965ccfc6d4b" outcome="Passed" testListId="8c84fa94-04c1-424b-9868-57a2d4851a1d" relativeResultsDirectory="21c8b651-9a9f-4859-bbc9-704af02abc44" />
    <UnitTestResult executionId="8c1a40e9-3b68-4533-af65-65af8cc4ad2a" testId="a3851c78-9194-9a9d-aa83-c312677fda8f" testName="DatabaseTaskCommandHandler_DatabaseArchiveOperationMonitor_Null" computerName="DKSR-EFI-04" duration="00:00:00.0311463" startTime="2023-12-22T09:33:45.7250636+01:00" endTime="2023-12-22T09:33:45.7563141+01:00" testType="13cdc9d9-ddb5-4fa4-a97d-d965ccfc6d4b" outcome="Passed" testListId="8c84fa94-04c1-424b-9868-57a2d4851a1d" relativeResultsDirectory="8c1a40e9-3b68-4533-af65-65af8cc4ad2a" />
    <UnitTestResult executionId="276ffd18-bc94-4e01-8963-7f70f88cb947" testId="0d20a752-7960-da74-be07-a279dff8804b" testName="GetStatistics_Not_Updated_Returns_100_Pct_Fps" computerName="DKSR-EFI-04" duration="00:00:00.0016606" startTime="2023-12-22T09:33:33.4750032+01:00" endTime="2023-12-22T09:33:33.4750032+01:00" testType="13cdc9d9-ddb5-4fa4-a97d-d965ccfc6d4b" outcome="Passed" testListId="8c84fa94-04c1-424b-9868-57a2d4851a1d" relativeResultsDirectory="276ffd18-bc94-4e01-8963-7f70f88cb947" />
    <UnitTestResult executionId="4c6e5d09-00d2-4258-942d-5fe1869e4d36" testId="fc7e9908-3587-b14b-442e-5b6a1e61adc9" testName="DatabaseBankInfo_Sum_Online" computerName="DKSR-EFI-04" duration="00:00:00.0006152" startTime="2023-12-22T09:33:44.4594327+01:00" endTime="2023-12-22T09:33:44.4594327+01:00" testType="13cdc9d9-ddb5-4fa4-a97d-d965ccfc6d4b" outcome="Passed" testListId="8c84fa94-04c1-424b-9868-57a2d4851a1d" relativeResultsDirectory="4c6e5d09-00d2-4258-942d-5fe1869e4d36" />
    <UnitTestResult executionId="f4f9fcb3-1f76-45d8-b73f-c3fe5b6966b2" testId="20ec6c48-efc2-8fc3-1b63-838530f83f37" testName="WebApiConfig_UpdatePublicPort_ChangePublicUri" computerName="DKSR-EFI-04" duration="00:00:00.0036936" startTime="2023-12-22T09:33:24.3343358+01:00" endTime="2023-12-22T09:33:24.3343358+01:00" testType="13cdc9d9-ddb5-4fa4-a97d-d965ccfc6d4b" outcome="Passed" testListId="8c84fa94-04c1-424b-9868-57a2d4851a1d" relativeResultsDirectory="f4f9fcb3-1f76-45d8-b73f-c3fe5b6966b2" />
    <UnitTestResult executionId="33dab8e8-b475-4aad-b324-fe8b159413f6" testId="ffd89711-583f-15d7-b7d8-54f047144f9b" testName="TriggerCustomEventBulkCommand_IsValid_NoContent" computerName="DKSR-EFI-04" duration="00:00:00.0117256" startTime="2023-12-22T09:33:24.5062108+01:00" endTime="2023-12-22T09:33:24.5062108+01:00" testType="13cdc9d9-ddb5-4fa4-a97d-d965ccfc6d4b" outcome="Passed" testListId="8c84fa94-04c1-424b-9868-57a2d4851a1d" relativeResultsDirectory="33dab8e8-b475-4aad-b324-fe8b159413f6" />
    <UnitTestResult executionId="9bdc2753-722c-4af1-bc7f-c0ce164f6a79" testId="c2e218d2-8bd8-8ca2-67b2-1912b12ff924" testName="SmartSearchHandlerHasMotionThrowsOutOfMemoryException" computerName="DKSR-EFI-04" duration="00:00:00.0021769" startTime="2023-12-22T09:33:32.1937477+01:00" endTime="2023-12-22T09:33:32.2093713+01:00" testType="13cdc9d9-ddb5-4fa4-a97d-d965ccfc6d4b" outcome="Passed" testListId="8c84fa94-04c1-424b-9868-57a2d4851a1d" relativeResultsDirectory="9bdc2753-722c-4af1-bc7f-c0ce164f6a79" />
    <UnitTestResult executionId="860c55d3-11f2-4b90-ad8d-3f5beaf6c7b1" testId="cdb445e5-ab59-b045-c3a9-f1d286cd8378" testName="FullStatusAlgorithm_EvaluateFullStatusRequired_NoKeepAlive_Success" computerName="DKSR-EFI-04" duration="00:00:00.0013784" startTime="2023-12-22T09:33:33.6000047+01:00" endTime="2023-12-22T09:33:33.6000047+01:00" testType="13cdc9d9-ddb5-4fa4-a97d-d965ccfc6d4b" outcome="Passed" testListId="8c84fa94-04c1-424b-9868-57a2d4851a1d" relativeResultsDirectory="860c55d3-11f2-4b90-ad8d-3f5beaf6c7b1" />
    <UnitTestResult executionId="acff79ba-8ca3-44fc-afa6-13d81659dff6" testId="992a84e9-d69e-6a2a-f3dc-f6ad5de98e90" testName="SetupInitialHardwareUserCommandHandler_Execute_SetupUser_ThrowsUserHandlingOperationalOtherError_Errors" computerName="DKSR-EFI-04" duration="00:00:00.0008282" startTime="2023-12-22T09:33:51.0219633+01:00" endTime="2023-12-22T09:33:51.0219633+01:00" testType="13cdc9d9-ddb5-4fa4-a97d-d965ccfc6d4b" outcome="Passed" testListId="8c84fa94-04c1-424b-9868-57a2d4851a1d" relativeResultsDirectory="acff79ba-8ca3-44fc-afa6-13d81659dff6" />
    <UnitTestResult executionId="15480534-6119-4526-8a01-e04afa103563" testId="3ca7b289-91b8-9444-c025-ecebe5f8f48f" testName="UpdateConfigurationFromDiffGram_Null_Throws_ArgumentNullException" computerName="DKSR-EFI-04" duration="00:00:00.0254748" startTime="2023-12-22T09:33:33.6781296+01:00" endTime="2023-12-22T09:33:33.7093788+01:00" testType="13cdc9d9-ddb5-4fa4-a97d-d965ccfc6d4b" outcome="Passed" testListId="8c84fa94-04c1-424b-9868-57a2d4851a1d" relativeResultsDirectory="15480534-6119-4526-8a01-e04afa103563">
      <Output>
        <StdOut>Debug Trace:&#xD;
Fail: Argument null.</StdOut>
      </Output>
    </UnitTestResult>
    <UnitTestResult executionId="b4910a1f-580f-43ee-a7d0-fc9a6c631014" testId="2020d6d4-4545-f94b-580e-bfb3de1efadc" testName="EdgeStorageLimitsTimeLimitNotOkAfter" computerName="DKSR-EFI-04" duration="00:00:00.0006288" startTime="2023-12-22T09:33:33.9593818+01:00" endTime="2023-12-22T09:33:33.9593818+01:00" testType="13cdc9d9-ddb5-4fa4-a97d-d965ccfc6d4b" outcome="Passed" testListId="8c84fa94-04c1-424b-9868-57a2d4851a1d" relativeResultsDirectory="b4910a1f-580f-43ee-a7d0-fc9a6c631014" />
    <UnitTestResult executionId="4e1d8e03-091c-4c65-a1cc-42e4637a2330" testId="289210e1-d714-1a06-270d-470232301a4e" testName="CheckDeleteDeviceMediaCommandHandler_Validate_Need_To_Call_CreateLocalArchive" computerName="DKSR-EFI-04" duration="00:00:00.0009520" startTime="2023-12-22T09:33:45.2719366+01:00" endTime="2023-12-22T09:33:45.2719366+01:00" testType="13cdc9d9-ddb5-4fa4-a97d-d965ccfc6d4b" outcome="Passed" testListId="8c84fa94-04c1-424b-9868-57a2d4851a1d" relativeResultsDirectory="4e1d8e03-091c-4c65-a1cc-42e4637a2330" />
    <UnitTestResult executionId="a35d67d1-ed4c-494f-8f04-2a4bbc56cadf" testId="5644bee5-96be-722c-547e-3b18bbd3aeb3" testName="SOAPCommandRequestHandler_ExecuteFunction_HandleSequencesGet_NoSequenceType" computerName="DKSR-EFI-04" duration="00:00:00.0008582" startTime="2023-12-22T09:33:30.9749916+01:00" endTime="2023-12-22T09:33:30.9906183+01:00" testType="13cdc9d9-ddb5-4fa4-a97d-d965ccfc6d4b" outcome="Passed" testListId="8c84fa94-04c1-424b-9868-57a2d4851a1d" relativeResultsDirectory="a35d67d1-ed4c-494f-8f04-2a4bbc56cadf" />
    <UnitTestResult executionId="8b202cc7-75e1-4bfa-9310-923f8c45bc7d" testId="bbd4503c-8460-7be2-44cb-c192c30ff36f" testName="CallStartMethodForCamera" computerName="DKSR-EFI-04" duration="00:00:00.0006308" startTime="2023-12-22T09:33:33.3656278+01:00" endTime="2023-12-22T09:33:33.3656278+01:00" testType="13cdc9d9-ddb5-4fa4-a97d-d965ccfc6d4b" outcome="Passed" testListId="8c84fa94-04c1-424b-9868-57a2d4851a1d" relativeResultsDirectory="8b202cc7-75e1-4bfa-9310-923f8c45bc7d" />
    <UnitTestResult executionId="21aa043b-ad3f-4b00-8598-eab14b44da75" testId="dcc07bd7-5092-b9e5-77e0-970294cc60f2" testName="ConnectSuccess_Next_Exception" computerName="DKSR-EFI-04" duration="00:00:00.0100617" startTime="2023-12-22T09:33:27.6937278+01:00" endTime="2023-12-22T09:33:27.6937278+01:00" testType="13cdc9d9-ddb5-4fa4-a97d-d965ccfc6d4b" outcome="Passed" testListId="8c84fa94-04c1-424b-9868-57a2d4851a1d" relativeResultsDirectory="21aa043b-ad3f-4b00-8598-eab14b44da75" />
    <UnitTestResult executionId="43b88d01-974b-44bc-ad15-7f8a0560d225" testId="7ffdf863-547e-af5e-1006-f11cf1deb01d" testName="PtzStopSessionCommandHandler_Execute_PtzException_PtzSessionNotRunning" computerName="DKSR-EFI-04" duration="00:00:00.0004526" startTime="2023-12-22T09:33:50.4907114+01:00" endTime="2023-12-22T09:33:50.4907114+01:00" testType="13cdc9d9-ddb5-4fa4-a97d-d965ccfc6d4b" outcome="Passed" testListId="8c84fa94-04c1-424b-9868-57a2d4851a1d" relativeResultsDirectory="43b88d01-974b-44bc-ad15-7f8a0560d225" />
    <UnitTestResult executionId="109f1e57-3591-44d2-b0fe-c908138598fc" testId="5df674b6-0845-b2cd-8afd-d2e488b0d0c7" testName="TestNoStatistics" computerName="DKSR-EFI-04" duration="00:00:00.0021809" startTime="2023-12-22T09:33:33.5218776+01:00" endTime="2023-12-22T09:33:33.5218776+01:00" testType="13cdc9d9-ddb5-4fa4-a97d-d965ccfc6d4b" outcome="Passed" testListId="8c84fa94-04c1-424b-9868-57a2d4851a1d" relativeResultsDirectory="109f1e57-3591-44d2-b0fe-c908138598fc" />
    <UnitTestResult executionId="acfe9b7e-25bf-40b2-9796-4d91cbdd600d" testId="771d1dd1-6b02-2a08-cf1a-562e47dfe88d" testName="AudioSource_Construct" computerName="DKSR-EFI-04" duration="00:00:00.0010281" startTime="2023-12-22T09:33:52.4126000+01:00" endTime="2023-12-22T09:33:52.4126000+01:00" testType="13cdc9d9-ddb5-4fa4-a97d-d965ccfc6d4b" outcome="Passed" testListId="8c84fa94-04c1-424b-9868-57a2d4851a1d" relativeResultsDirectory="acfe9b7e-25bf-40b2-9796-4d91cbdd600d" />
    <UnitTestResult executionId="f3368f87-43df-461a-ade1-2227ece744ab" testId="cff33996-f5fe-838d-b07f-97f03a99c82e" testName="CallLinkedDeviceStartedMethodForRecordingCamera" computerName="DKSR-EFI-04" duration="00:00:00.0005507" startTime="2023-12-22T09:33:33.3656278+01:00" endTime="2023-12-22T09:33:33.3656278+01:00" testType="13cdc9d9-ddb5-4fa4-a97d-d965ccfc6d4b" outcome="Passed" testListId="8c84fa94-04c1-424b-9868-57a2d4851a1d" relativeResultsDirectory="f3368f87-43df-461a-ade1-2227ece744ab" />
    <UnitTestResult executionId="e3ea6d10-40ea-4ffb-ba77-5262e3dabe36" testId="55d7e8fb-4a68-ae5c-6f1d-f88ae14fe776" testName="PtzReleaseSessionCommandHandler_Execute_PtzException_PtzNotSupported" computerName="DKSR-EFI-04" duration="00:00:00.0004563" startTime="2023-12-22T09:33:50.3032110+01:00" endTime="2023-12-22T09:33:50.3032110+01:00" testType="13cdc9d9-ddb5-4fa4-a97d-d965ccfc6d4b" outcome="Passed" testListId="8c84fa94-04c1-424b-9868-57a2d4851a1d" relativeResultsDirectory="e3ea6d10-40ea-4ffb-ba77-5262e3dabe36" />
    <UnitTestResult executionId="b319c4a7-61b5-4381-8fd5-e23569c35d60" testId="edeb0151-49f5-2be5-1026-0c32117b919b" testName="GetHardwareUsersCommandHandler_Execute_GetHardwareUsersResponseReturned" computerName="DKSR-EFI-04" duration="00:00:00.0119500" startTime="2023-12-22T09:33:47.7563237+01:00" endTime="2023-12-22T09:33:47.7719496+01:00" testType="13cdc9d9-ddb5-4fa4-a97d-d965ccfc6d4b" outcome="Passed" testListId="8c84fa94-04c1-424b-9868-57a2d4851a1d" relativeResultsDirectory="b319c4a7-61b5-4381-8fd5-e23569c35d60" />
    <UnitTestResult executionId="65e726bf-01ce-4204-ba84-a61c91ee60f4" testId="f7279989-4bc5-0c33-00fc-cfa3ed7ee7c2" testName="PtzReleaseSessionCommandHandler_Execute_PtzException_PtzSessionNotRunning" computerName="DKSR-EFI-04" duration="00:00:00.0004614" startTime="2023-12-22T09:33:50.3188376+01:00" endTime="2023-12-22T09:33:50.3188376+01:00" testType="13cdc9d9-ddb5-4fa4-a97d-d965ccfc6d4b" outcome="Passed" testListId="8c84fa94-04c1-424b-9868-57a2d4851a1d" relativeResultsDirectory="65e726bf-01ce-4204-ba84-a61c91ee60f4" />
    <UnitTestResult executionId="da76ba80-7bf6-4f8f-9f84-4079177d36e1" testId="9702da6a-068b-594c-2b32-0ae0af356556" testName="ConnectSuccess_Goto_On_Time" computerName="DKSR-EFI-04" duration="00:00:00.0350410" startTime="2023-12-22T09:33:27.5687256+01:00" endTime="2023-12-22T09:33:27.5999781+01:00" testType="13cdc9d9-ddb5-4fa4-a97d-d965ccfc6d4b" outcome="Passed" testListId="8c84fa94-04c1-424b-9868-57a2d4851a1d" relativeResultsDirectory="da76ba80-7bf6-4f8f-9f84-4079177d36e1" />
    <UnitTestResult executionId="5dc9daaf-6660-4714-8c6d-3c7720379b69" testId="84bd1229-2444-ec40-4670-54c1d3f0f408" testName="EdgeStorageLimitsCheckBandwidthWithLimitOk" computerName="DKSR-EFI-04" duration="00:00:00.0010593" startTime="2023-12-22T09:33:34.0375059+01:00" endTime="2023-12-22T09:33:34.0375059+01:00" testType="13cdc9d9-ddb5-4fa4-a97d-d965ccfc6d4b" outcome="Passed" testListId="8c84fa94-04c1-424b-9868-57a2d4851a1d" relativeResultsDirectory="5dc9daaf-6660-4714-8c6d-3c7720379b69" />
    <UnitTestResult executionId="9cfad3cb-36f7-484b-a842-1552934987d8" testId="5ddebc41-c5fe-0924-cc3f-0fe55dddcf87" testName="ConnectSuccessSimple_SpeakerNoMultipart" computerName="DKSR-EFI-04" duration="00:00:00.0019525" startTime="2023-12-22T09:33:27.4281001+01:00" endTime="2023-12-22T09:33:27.4437247+01:00" testType="13cdc9d9-ddb5-4fa4-a97d-d965ccfc6d4b" outcome="Passed" testListId="8c84fa94-04c1-424b-9868-57a2d4851a1d" relativeResultsDirectory="9cfad3cb-36f7-484b-a842-1552934987d8" />
    <UnitTestResult executionId="38b10451-456a-4ba8-815c-81ec6eb903c4" testId="8b1f404f-6707-cd4e-37fd-e5f00af23e47" testName="DiffGramToApplyToOrigionalDataSetToMakeItIdenticalWithNewDataSet_RecorderInfo_Modified_Success" computerName="DKSR-EFI-04" duration="00:00:00.0917624" startTime="2023-12-22T09:33:21.9124477+01:00" endTime="2023-12-22T09:33:22.0061978+01:00" testType="13cdc9d9-ddb5-4fa4-a97d-d965ccfc6d4b" outcome="Passed" testListId="8c84fa94-04c1-424b-9868-57a2d4851a1d" relativeResultsDirectory="38b10451-456a-4ba8-815c-81ec6eb903c4" />
    <UnitTestResult executionId="01197622-d050-4164-a65e-b07d14c424ce" testId="83d52e5a-0e5b-0d3b-6b66-ed39b4ae6d97" testName="MediaDbUtil_MultitrackNavigation_Scenario17" computerName="DKSR-EFI-04" duration="00:00:00.0244622" startTime="2023-12-22T09:33:29.3968588+01:00" endTime="2023-12-22T09:33:29.4124834+01:00" testType="13cdc9d9-ddb5-4fa4-a97d-d965ccfc6d4b" outcome="Passed" testListId="8c84fa94-04c1-424b-9868-57a2d4851a1d" relativeResultsDirectory="01197622-d050-4164-a65e-b07d14c424ce">
      <Output>
        <StdOut>TestContext Messages:&#xD;
Before&#xD;
Navigation:  " V                                            "&#xD;
Source    :  "        1-- 1----                             "&#xD;
Unable to move&#xD;
&#xD;
AtOrBefore&#xD;
Navigation:  " V                                            "&#xD;
Source    :  "        1-- 1----                             "&#xD;
Unable to move&#xD;
&#xD;
AtOrAfter&#xD;
Navigation:  " V                                            "&#xD;
Source    :  "        1-- 1----                             "&#xD;
Expected  :  "        1-- N                                 "&#xD;
Actual    :  "        1-- N                                 "&#xD;
&#xD;
After&#xD;
Navigation:  " V                                            "&#xD;
Source    :  "        1-- 1----                             "&#xD;
Expected  :  "        1-- N                                 "&#xD;
Actual    :  "        1-- N                                 "&#xD;
&#xD;
Before&#xD;
Navigation:  "           V                                  "&#xD;
Source    :  "        1-- 1----                             "&#xD;
Expected  :  "        1-- N                                 "&#xD;
Actual    :  "        1-- N                                 "&#xD;
&#xD;
AtOrBefore&#xD;
Navigation:  "           V                                  "&#xD;
Source    :  "        1-- 1----                             "&#xD;
Expected  :  "        1-- N                                 "&#xD;
Actual    :  "        1-- N                                 "&#xD;
&#xD;
AtOrAfter&#xD;
Navigation:  "           V                                  "&#xD;
Source    :  "        1-- 1----                             "&#xD;
Expected  :  "        P   1----                             "&#xD;
Actual    :  "        P   1----                             "&#xD;
&#xD;
After&#xD;
Navigation:  "           V                                  "&#xD;
Source    :  "        1-- 1----                             "&#xD;
Expected  :  "        P   1----                             "&#xD;
Actual    :  "        P   1----                             "&#xD;
&#xD;
Before&#xD;
Navigation:  "              V                               "&#xD;
Source    :  "        1-- 1----                             "&#xD;
Expected  :  "        1-- N                                 "&#xD;
Actual    :  "        1-- N                                 "&#xD;
&#xD;
AtOrBefore&#xD;
Navigation:  "              V                               "&#xD;
Source    :  "        1-- 1----                             "&#xD;
Expected  :  "        P   1----                             "&#xD;
Actual    :  "        P   1----                             "&#xD;
&#xD;
AtOrAfter&#xD;
Navigation:  "              V                               "&#xD;
Source    :  "        1-- 1----                             "&#xD;
Expected  :  "        P   1----                             "&#xD;
Actual    :  "        P   1----                             "&#xD;
&#xD;
After&#xD;
Navigation:  "              V                               "&#xD;
Source    :  "        1-- 1----                             "&#xD;
Unable to move&#xD;
&#xD;
Before&#xD;
Navigation:  "                          V                   "&#xD;
Source    :  "        1-- 1----                             "&#xD;
Expected  :  "        P   1----                             "&#xD;
Actual    :  "        P   1----                             "&#xD;
&#xD;
AtOrBefore&#xD;
Navigation:  "                          V                   "&#xD;
Source    :  "        1-- 1----                             "&#xD;
Expected  :  "        P   1----                             "&#xD;
Actual    :  "        P   1----                             "&#xD;
&#xD;
AtOrAfter&#xD;
Navigation:  "                          V                   "&#xD;
Source    :  "        1-- 1----                             "&#xD;
Unable to move&#xD;
&#xD;
After&#xD;
Navigation:  "                          V                   "&#xD;
Source    :  "        1-- 1----                             "&#xD;
Unable to move&#xD;
&#xD;
Before&#xD;
Navigation:  "                               V              "&#xD;
Source    :  "        1-- 1----                             "&#xD;
Expected  :  "        P   1----                             "&#xD;
Actual    :  "        P   1----                             "&#xD;
&#xD;
AtOrBefore&#xD;
Navigation:  "                               V              "&#xD;
Source    :  "        1-- 1----                             "&#xD;
Expected  :  "        P   1----                             "&#xD;
Actual    :  "        P   1----                             "&#xD;
&#xD;
AtOrAfter&#xD;
Navigation:  "                               V              "&#xD;
Source    :  "        1-- 1----                             "&#xD;
Unable to move&#xD;
&#xD;
After&#xD;
Navigation:  "                               V              "&#xD;
Source    :  "        1-- 1----                             "&#xD;
Unable to move&#xD;
&#xD;
Before&#xD;
Navigation:  "                                      V       "&#xD;
Source    :  "        1-- 1----                             "&#xD;
Expected  :  "        P   1----                             "&#xD;
Actual    :  "        P   1----                             "&#xD;
&#xD;
AtOrBefore&#xD;
Navigation:  "                                      V       "&#xD;
Source    :  "        1-- 1----                             "&#xD;
Expected  :  "        P   1----                             "&#xD;
Actual    :  "        P   1----                             "&#xD;
&#xD;
AtOrAfter&#xD;
Navigation:  "                                      V       "&#xD;
Source    :  "        1-- 1----                             "&#xD;
Unable to move&#xD;
&#xD;
After&#xD;
Navigation:  "                                      V       "&#xD;
Source    :  "        1-- 1----                             "&#xD;
Unable to move&#xD;
&#xD;
Before&#xD;
Navigation:  "                                            V "&#xD;
Source    :  "        1-- 1----                             "&#xD;
Expected  :  "        P   1----                             "&#xD;
Actual    :  "        P   1----                             "&#xD;
&#xD;
AtOrBefore&#xD;
Navigation:  "                                            V "&#xD;
Source    :  "        1-- 1----                             "&#xD;
Expected  :  "        P   1----                             "&#xD;
Actual    :  "        P   1----                             "&#xD;
&#xD;
AtOrAfter&#xD;
Navigation:  "                                            V "&#xD;
Source    :  "        1-- 1----                             "&#xD;
Unable to move&#xD;
&#xD;
After&#xD;
Navigation:  "                                            V "&#xD;
Source    :  "        1-- 1----                             "&#xD;
Unable to move&#xD;
&#xD;
Before&#xD;
Navigation:  " V                                            "&#xD;
Source    :  "        1-- 1--      2-- 2-        2-- 2---   "&#xD;
Unable to move&#xD;
&#xD;
AtOrBefore&#xD;
Navigation:  " V                                            "&#xD;
Source    :  "        1-- 1--      2-- 2-        2-- 2---   "&#xD;
Unable to move&#xD;
&#xD;
AtOrAfter&#xD;
Navigation:  " V                                            "&#xD;
Source    :  "        1-- 1--      2-- 2-        2-- 2---   "&#xD;
Expected  :  "        1-- N                                 "&#xD;
Actual    :  "        1-- N                                 "&#xD;
&#xD;
After&#xD;
Navigation:  " V                                            "&#xD;
Source    :  "        1-- 1--      2-- 2-        2-- 2---   "&#xD;
Expected  :  "        1-- N                                 "&#xD;
Actual    :  "        1-- N                                 "&#xD;
&#xD;
Before&#xD;
Navigation:  "           V                                  "&#xD;
Source    :  "        1-- 1--      2-- 2-        2-- 2---   "&#xD;
Expected  :  "        1-- N                                 "&#xD;
Actual    :  "        1-- N                                 "&#xD;
&#xD;
AtOrBefore&#xD;
Navigation:  "           V                                  "&#xD;
Source    :  "        1-- 1--      2-- 2-        2-- 2---   "&#xD;
Expected  :  "        1-- N                                 "&#xD;
Actual    :  "        1-- N                                 "&#xD;
&#xD;
AtOrAfter&#xD;
Navigation:  "           V                                  "&#xD;
Source    :  "        1-- 1--      2-- 2-        2-- 2---   "&#xD;
Expected  :  "        P   1--      N                        "&#xD;
Actual    :  "        P   1--      N                        "&#xD;
&#xD;
After&#xD;
Navigation:  "           V                                  "&#xD;
Source    :  "        1-- 1--      2-- 2-        2-- 2---   "&#xD;
Expected  :  "        P   1--      N                        "&#xD;
Actual    :  "        P   1--      N                        "&#xD;
&#xD;
Before&#xD;
Navigation:  "              V                               "&#xD;
Source    :  "        1-- 1--      2-- 2-        2-- 2---   "&#xD;
Expected  :  "        1-- N                                 "&#xD;
Actual    :  "        1-- N                                 "&#xD;
&#xD;
AtOrBefore&#xD;
Navigation:  "              V                               "&#xD;
Source    :  "        1-- 1--      2-- 2-        2-- 2---   "&#xD;
Expected  :  "        P   1--      N                        "&#xD;
Actual    :  "        P   1--      N                        "&#xD;
&#xD;
AtOrAfter&#xD;
Navigation:  "              V                               "&#xD;
Source    :  "        1-- 1--      2-- 2-        2-- 2---   "&#xD;
Expected  :  "        P   1--      N                        "&#xD;
Actual    :  "        P   1--      N                        "&#xD;
&#xD;
After&#xD;
Navigation:  "              V                               "&#xD;
Source    :  "        1-- 1--      2-- 2-        2-- 2---   "&#xD;
Expected  :  "            P        2-- N                    "&#xD;
Actual    :  "            P        2-- N                    "&#xD;
&#xD;
Before&#xD;
Navigation:  "                          V                   "&#xD;
Source    :  "        1-- 1--      2-- 2-        2-- 2---   "&#xD;
Expected  :  "            P        2-- N                    "&#xD;
Actual    :  "            P        2-- N                    "&#xD;
&#xD;
AtOrBefore&#xD;
Navigation:  "                          V                   "&#xD;
Source    :  "        1-- 1--      2-- 2-        2-- 2---   "&#xD;
Expected  :  "                     P   2-        N          "&#xD;
Actual    :  "                     P   2-        N          "&#xD;
&#xD;
AtOrAfter&#xD;
Navigation:  "                          V                   "&#xD;
Source    :  "        1-- 1--      2-- 2-        2-- 2---   "&#xD;
Expected  :  "                     P   2-        N          "&#xD;
Actual    :  "                     P   2-        N          "&#xD;
&#xD;
After&#xD;
Navigation:  "                          V                   "&#xD;
Source    :  "        1-- 1--      2-- 2-        2-- 2---   "&#xD;
Expected  :  "                         P         2-- N      "&#xD;
Actual    :  "                         P         2-- N      "&#xD;
&#xD;
Before&#xD;
Navigation:  "                               V              "&#xD;
Source    :  "        1-- 1--      2-- 2-        2-- 2---   "&#xD;
Expected  :  "                     P   2-        N          "&#xD;
Actual    :  "                     P   2-        N          "&#xD;
&#xD;
AtOrBefore&#xD;
Navigation:  "                               V              "&#xD;
Source    :  "        1-- 1--      2-- 2-        2-- 2---   "&#xD;
Expected  :  "                     P   2-        N          "&#xD;
Actual    :  "                     P   2-        N          "&#xD;
&#xD;
AtOrAfter&#xD;
Navigation:  "                               V              "&#xD;
Source    :  "        1-- 1--      2-- 2-        2-- 2---   "&#xD;
Expected  :  "                         P         2-- N      "&#xD;
Actual    :  "                         P         2-- N      "&#xD;
&#xD;
After&#xD;
Navigation:  "                               V              "&#xD;
Source    :  "        1-- 1--      2-- 2-        2-- 2---   "&#xD;
Expected  :  "                         P         2-- N      "&#xD;
Actual    :  "                         P         2-- N      "&#xD;
&#xD;
Before&#xD;
Navigation:  "                                      V       "&#xD;
Source    :  "        1-- 1--      2-- 2-        2-- 2---   "&#xD;
Expected  :  "                         P         2-- N      "&#xD;
Actual    :  "                         P         2-- N      "&#xD;
&#xD;
AtOrBefore&#xD;
Navigation:  "                                      V       "&#xD;
Source    :  "        1-- 1--      2-- 2-        2-- 2---   "&#xD;
Expected  :  "                         P         2-- N      "&#xD;
Actual    :  "                         P         2-- N      "&#xD;
&#xD;
AtOrAfter&#xD;
Navigation:  "                                      V       "&#xD;
Source    :  "        1-- 1--      2-- 2-        2-- 2---   "&#xD;
Expected  :  "                                   P   2---   "&#xD;
Actual    :  "                                   P   2---   "&#xD;
&#xD;
After&#xD;
Navigation:  "                                      V       "&#xD;
Source    :  "        1-- 1--      2-- 2-        2-- 2---   "&#xD;
Expected  :  "                                   P   2---   "&#xD;
Actual    :  "                                   P   2---   "&#xD;
&#xD;
Before&#xD;
Navigation:  "                                            V "&#xD;
Source    :  "        1-- 1--      2-- 2-        2-- 2---   "&#xD;
Expected  :  "                                   P   2---   "&#xD;
Actual    :  "                                   P   2---   "&#xD;
&#xD;
AtOrBefore&#xD;
Navigation:  "                                            V "&#xD;
Source    :  "        1-- 1--      2-- 2-        2-- 2---   "&#xD;
Expected  :  "                                   P   2---   "&#xD;
Actual    :  "                                   P   2---   "&#xD;
&#xD;
AtOrAfter&#xD;
Navigation:  "                                            V "&#xD;
Source    :  "        1-- 1--      2-- 2-        2-- 2---   "&#xD;
Unable to move&#xD;
&#xD;
After&#xD;
Navigation:  "                                            V "&#xD;
Source    :  "        1-- 1--      2-- 2-        2-- 2---   "&#xD;
Unable to move</StdOut>
      </Output>
    </UnitTestResult>
    <UnitTestResult executionId="445737f9-f106-426f-bd1d-89eb38b86f6d" testId="5d479354-ef9f-b001-437f-360ccd002827" testName="FileUploadCommandHandler_Execute_CommandReturnsFileUploadResponseOnSuccess" computerName="DKSR-EFI-04" duration="00:00:00.0118589" startTime="2023-12-22T09:33:46.0844417+01:00" endTime="2023-12-22T09:33:46.1000642+01:00" testType="13cdc9d9-ddb5-4fa4-a97d-d965ccfc6d4b" outcome="Passed" testListId="8c84fa94-04c1-424b-9868-57a2d4851a1d" relativeResultsDirectory="445737f9-f106-426f-bd1d-89eb38b86f6d" />
    <UnitTestResult executionId="199c6b14-10e4-4b3e-ad10-ca66af2054d8" testId="4dc871c5-4392-184b-a75d-cf44a9ce66d9" testName="Dispose_Called_TimerDisposed" computerName="DKSR-EFI-04" duration="00:00:00.0010739" startTime="2023-12-22T09:33:24.3343358+01:00" endTime="2023-12-22T09:33:24.3343358+01:00" testType="13cdc9d9-ddb5-4fa4-a97d-d965ccfc6d4b" outcome="Passed" testListId="8c84fa94-04c1-424b-9868-57a2d4851a1d" relativeResultsDirectory="199c6b14-10e4-4b3e-ad10-ca66af2054d8" />
    <UnitTestResult executionId="5865a106-cef1-4f36-b644-44e03f84dbfc" testId="f782db4c-e79b-1174-f78b-56472f825a51" testName="PtzPatrollingSessionBase_ExternalPause_Success" computerName="DKSR-EFI-04" duration="00:00:00.0007304" startTime="2023-12-22T09:33:52.3344749+01:00" endTime="2023-12-22T09:33:52.3344749+01:00" testType="13cdc9d9-ddb5-4fa4-a97d-d965ccfc6d4b" outcome="Passed" testListId="8c84fa94-04c1-424b-9868-57a2d4851a1d" relativeResultsDirectory="5865a106-cef1-4f36-b644-44e03f84dbfc">
      <Output>
        <StdOut>Debug Trace:&#xD;
VideoOS.Recorder.PtzPatrollingSession session started</StdOut>
      </Output>
    </UnitTestResult>
    <UnitTestResult executionId="ff8c3442-5eb0-4395-84c4-f3d8e5ce81ae" testId="24a93b79-982d-1508-0614-05488f32b376" testName="GetNetworkConfigurationCommandHandler_Execute_HardwareBlocked_Errors" computerName="DKSR-EFI-04" duration="00:00:00.0006829" startTime="2023-12-22T09:33:47.9282011+01:00" endTime="2023-12-22T09:33:47.9438272+01:00" testType="13cdc9d9-ddb5-4fa4-a97d-d965ccfc6d4b" outcome="Passed" testListId="8c84fa94-04c1-424b-9868-57a2d4851a1d" relativeResultsDirectory="ff8c3442-5eb0-4395-84c4-f3d8e5ce81ae" />
    <UnitTestResult executionId="3acc2075-a344-4a12-b833-c5fc8555bb2b" testId="ad5a5be8-a30a-a4cb-20d4-8a1ff6c5dffb" testName="SOAPCommandRequestHandler_ExecuteFunction_HandleSendDriverCommandWithResponse_NoParameter" computerName="DKSR-EFI-04" duration="00:00:00.0009645" startTime="2023-12-22T09:33:30.3031141+01:00" endTime="2023-12-22T09:33:30.3031141+01:00" testType="13cdc9d9-ddb5-4fa4-a97d-d965ccfc6d4b" outcome="Passed" testListId="8c84fa94-04c1-424b-9868-57a2d4851a1d" relativeResultsDirectory="3acc2075-a344-4a12-b833-c5fc8555bb2b" />
    <UnitTestResult executionId="dad525f7-898d-483b-8389-e682a76c9cf5" testId="9fe0ac2f-ab66-4b54-8a8c-84f88632f43c" testName="TimeRangeConversionTimeResolution" computerName="DKSR-EFI-04" duration="00:00:00.0008903" startTime="2023-12-22T09:33:44.3969329+01:00" endTime="2023-12-22T09:33:44.3969329+01:00" testType="13cdc9d9-ddb5-4fa4-a97d-d965ccfc6d4b" outcome="Passed" testListId="8c84fa94-04c1-424b-9868-57a2d4851a1d" relativeResultsDirectory="dad525f7-898d-483b-8389-e682a76c9cf5" />
    <UnitTestResult executionId="47fd9db4-b8ce-4f1c-ac5b-412ca50cd86e" testId="71fbd216-6c35-f7fe-fc31-6ab9288b50f9" testName="PtzDefaultSession_Constructor_ArgumentNullException" computerName="DKSR-EFI-04" duration="00:00:00.0171366" startTime="2023-12-22T09:33:52.1938455+01:00" endTime="2023-12-22T09:33:52.2094706+01:00" testType="13cdc9d9-ddb5-4fa4-a97d-d965ccfc6d4b" outcome="Passed" testListId="8c84fa94-04c1-424b-9868-57a2d4851a1d" relativeResultsDirectory="47fd9db4-b8ce-4f1c-ac5b-412ca50cd86e">
      <Output>
        <StdOut>Debug Trace:&#xD;
Fail: Argument 'ptzController' cannot be null</StdOut>
      </Output>
    </UnitTestResult>
    <UnitTestResult executionId="65be2c0c-9437-4751-beb7-c6ccefac885c" testId="539ad0e3-4821-f0db-7979-436499efaef0" testName="PtzManagerDataHolder_GetOrAddPtzController_Device_Not_Ptz" computerName="DKSR-EFI-04" duration="00:00:00.0101873" startTime="2023-12-22T09:33:51.2250885+01:00" endTime="2023-12-22T09:33:51.2250885+01:00" testType="13cdc9d9-ddb5-4fa4-a97d-d965ccfc6d4b" outcome="Passed" testListId="8c84fa94-04c1-424b-9868-57a2d4851a1d" relativeResultsDirectory="65be2c0c-9437-4751-beb7-c6ccefac885c">
      <Output>
        <StdOut>Debug Trace:&#xD;
VideoOS.Recorder.PtzDefaultSession session started&#xD;
VideoOS.Recorder.PtzDefaultSession session, OnBeforeExecuteRequest</StdOut>
      </Output>
    </UnitTestResult>
    <UnitTestResult executionId="d3f193f4-a83b-46e6-a34f-2963d8d0bd0b" testId="a423304b-e3d2-899f-2405-1ad025659a1b" testName="MoveLiveTableRegistrationToNewStorage" computerName="DKSR-EFI-04" duration="00:00:00.0007533" startTime="2023-12-22T09:33:44.9438114+01:00" endTime="2023-12-22T09:33:44.9438114+01:00" testType="13cdc9d9-ddb5-4fa4-a97d-d965ccfc6d4b" outcome="Passed" testListId="8c84fa94-04c1-424b-9868-57a2d4851a1d" relativeResultsDirectory="d3f193f4-a83b-46e6-a34f-2963d8d0bd0b" />
    <UnitTestResult executionId="385d858b-a51c-4afc-9e1c-1028d3cfacb2" testId="78e2fc07-3385-1fe5-87fc-6c04b14d7e26" testName="SOAPCommandRequestHandler_ExecuteFunction_HandleSequencesGetAroundWithSpan_No_Camera_Security" computerName="DKSR-EFI-04" duration="00:00:00.0016742" startTime="2023-12-22T09:33:29.8968629+01:00" endTime="2023-12-22T09:33:29.8968629+01:00" testType="13cdc9d9-ddb5-4fa4-a97d-d965ccfc6d4b" outcome="Passed" testListId="8c84fa94-04c1-424b-9868-57a2d4851a1d" relativeResultsDirectory="385d858b-a51c-4afc-9e1c-1028d3cfacb2" />
    <UnitTestResult executionId="8d71e1d4-7ab0-4d43-a797-3324e5a43212" testId="2e74faf9-d82a-af5b-1893-6f43170bdde5" testName="SOAPCommandRequestHandler_ExecuteFunction_HandlePresetMoveTo_No_Security" computerName="DKSR-EFI-04" duration="00:00:00.0039255" startTime="2023-12-22T09:33:30.8343652+01:00" endTime="2023-12-22T09:33:30.8499893+01:00" testType="13cdc9d9-ddb5-4fa4-a97d-d965ccfc6d4b" outcome="Passed" testListId="8c84fa94-04c1-424b-9868-57a2d4851a1d" relativeResultsDirectory="8d71e1d4-7ab0-4d43-a797-3324e5a43212" />
    <UnitTestResult executionId="69476212-50ca-4986-b254-311c02299be6" testId="1136f19d-597b-e33e-2d0b-816a915a7044" testName="RecStorage_Startup_NotAllowStart_KeepFailing_PwFailure_KeepOffline" computerName="DKSR-EFI-04" duration="00:00:00.0011530" startTime="2023-12-22T09:33:32.6781265+01:00" endTime="2023-12-22T09:33:32.6781265+01:00" testType="13cdc9d9-ddb5-4fa4-a97d-d965ccfc6d4b" outcome="Passed" testListId="8c84fa94-04c1-424b-9868-57a2d4851a1d" relativeResultsDirectory="69476212-50ca-4986-b254-311c02299be6" />
    <UnitTestResult executionId="d1ffb676-fa2d-408f-801c-791bbc0ab1b4" testId="9e7cf0e2-05cc-9bbf-4cfa-e061d3b4f063" testName="PtzManagerDataHolder_UpdateSchema_Success" computerName="DKSR-EFI-04" duration="00:00:00.0005899" startTime="2023-12-22T09:33:51.1313414+01:00" endTime="2023-12-22T09:33:51.1313414+01:00" testType="13cdc9d9-ddb5-4fa4-a97d-d965ccfc6d4b" outcome="Passed" testListId="8c84fa94-04c1-424b-9868-57a2d4851a1d" relativeResultsDirectory="d1ffb676-fa2d-408f-801c-791bbc0ab1b4" />
    <UnitTestResult executionId="4fdb0e35-f692-4665-bbeb-427d14ece3bd" testId="70bb42e0-bf26-6c57-0a75-355d85662aea" testName="MediaStorageEventSource_InitializationTest" computerName="DKSR-EFI-04" duration="00:00:00.0018852" startTime="2023-12-22T09:33:31.9749972+01:00" endTime="2023-12-22T09:33:31.9749972+01:00" testType="13cdc9d9-ddb5-4fa4-a97d-d965ccfc6d4b" outcome="Passed" testListId="8c84fa94-04c1-424b-9868-57a2d4851a1d" relativeResultsDirectory="4fdb0e35-f692-4665-bbeb-427d14ece3bd" />
    <UnitTestResult executionId="98a7c913-2851-4e2a-afe8-b54fb4c2c70b" testId="c79bcd43-4941-57ea-1a79-3475c0674753" testName="SOAPCommandRequestHandler_ExecuteFunction_HandleSmartSearchStart_SearchMaskWidthLessThan64" computerName="DKSR-EFI-04" duration="00:00:00.0012837" startTime="2023-12-22T09:33:30.0687371+01:00" endTime="2023-12-22T09:33:30.0843605+01:00" testType="13cdc9d9-ddb5-4fa4-a97d-d965ccfc6d4b" outcome="Passed" testListId="8c84fa94-04c1-424b-9868-57a2d4851a1d" relativeResultsDirectory="98a7c913-2851-4e2a-afe8-b54fb4c2c70b" />
    <UnitTestResult executionId="3465a8ae-52da-4d47-bff6-3849445c0444" testId="f7d720fb-6680-8f75-f55b-8e297214e998" testName="DeleteHardwareUserCommandHandler_Execute_NoAccess_Error" computerName="DKSR-EFI-04" duration="00:00:00.0007993" startTime="2023-12-22T09:33:45.9594395+01:00" endTime="2023-12-22T09:33:45.9594395+01:00" testType="13cdc9d9-ddb5-4fa4-a97d-d965ccfc6d4b" outcome="Passed" testListId="8c84fa94-04c1-424b-9868-57a2d4851a1d" relativeResultsDirectory="3465a8ae-52da-4d47-bff6-3849445c0444" />
    <UnitTestResult executionId="e76eba12-b744-495b-8a2e-4852173c0003" testId="0299594f-73e4-1cba-c600-48844cd82350" testName="AddStatus_SendsFailoverStatusCombined_OnRecorderStartedAsFailoverAndStatusSent" computerName="DKSR-EFI-04" duration="00:00:00.0005921" startTime="2023-12-22T09:33:23.4280805+01:00" endTime="2023-12-22T09:33:23.4280805+01:00" testType="13cdc9d9-ddb5-4fa4-a97d-d965ccfc6d4b" outcome="Passed" testListId="8c84fa94-04c1-424b-9868-57a2d4851a1d" relativeResultsDirectory="e76eba12-b744-495b-8a2e-4852173c0003" />
    <UnitTestResult executionId="337e3936-ff26-4ba9-b867-5471bea3c81f" testId="f3e4fa1d-85a8-98e6-f624-c5f6f260ae11" testName="DiffGramToApplyToOrigionalDataSetToMakeItIdenticalWithNewDataSet_HandleExistingUnmodifiedRows" computerName="DKSR-EFI-04" duration="00:00:00.0147219" startTime="2023-12-22T09:33:22.0843250+01:00" endTime="2023-12-22T09:33:22.0999478+01:00" testType="13cdc9d9-ddb5-4fa4-a97d-d965ccfc6d4b" outcome="Passed" testListId="8c84fa94-04c1-424b-9868-57a2d4851a1d" relativeResultsDirectory="337e3936-ff26-4ba9-b867-5471bea3c81f" />
    <UnitTestResult executionId="f1b4e79e-21e9-4c35-addf-4ede85cda335" testId="40c747f8-f393-79cf-9d54-1747fa8224b9" testName="PtzManager_UpdateConfigurationFromDiffGram_Add_Success" computerName="DKSR-EFI-04" duration="00:00:00.0102182" startTime="2023-12-22T09:33:51.9282183+01:00" endTime="2023-12-22T09:33:51.9438422+01:00" testType="13cdc9d9-ddb5-4fa4-a97d-d965ccfc6d4b" outcome="Passed" testListId="8c84fa94-04c1-424b-9868-57a2d4851a1d" relativeResultsDirectory="f1b4e79e-21e9-4c35-addf-4ede85cda335" />
    <UnitTestResult executionId="1bf2fbec-a77b-41d7-95bc-2cbeba5bdd5f" testId="35ad68a0-6068-2419-2ce2-20b8f09b6b5f" testName="FirmwareUpgradeCommandHandler_Execute_Success" computerName="DKSR-EFI-04" duration="00:00:00.0072677" startTime="2023-12-22T09:33:46.1469418+01:00" endTime="2023-12-22T09:33:46.1469418+01:00" testType="13cdc9d9-ddb5-4fa4-a97d-d965ccfc6d4b" outcome="Passed" testListId="8c84fa94-04c1-424b-9868-57a2d4851a1d" relativeResultsDirectory="1bf2fbec-a77b-41d7-95bc-2cbeba5bdd5f" />
    <UnitTestResult executionId="89473d57-b5e9-4726-9f73-d97081fd71bc" testId="398b03d6-8db0-a876-f4f2-221b13127931" testName="FailoverMediaMover_MoveMediaDataHere_Stop_Signalled_2nd_Time" computerName="DKSR-EFI-04" duration="00:00:00.0087634" startTime="2023-12-22T09:33:22.9593303+01:00" endTime="2023-12-22T09:33:22.9749533+01:00" testType="13cdc9d9-ddb5-4fa4-a97d-d965ccfc6d4b" outcome="Passed" testListId="8c84fa94-04c1-424b-9868-57a2d4851a1d" relativeResultsDirectory="89473d57-b5e9-4726-9f73-d97081fd71bc" />
    <UnitTestResult executionId="149c60ee-0476-4f5d-a83c-f5db4737da24" testId="33c3a840-bd9b-6bc8-3eb8-4843fe9ece6f" testName="DatabaseoperationCommandhandler_DiskUsageInformationTablesPerStorage_DevicesMovingStorage_AllSuccess" computerName="DKSR-EFI-04" duration="00:00:00.0014674" startTime="2023-12-22T09:33:45.5688117+01:00" endTime="2023-12-22T09:33:45.5688117+01:00" testType="13cdc9d9-ddb5-4fa4-a97d-d965ccfc6d4b" outcome="Passed" testListId="8c84fa94-04c1-424b-9868-57a2d4851a1d" relativeResultsDirectory="149c60ee-0476-4f5d-a83c-f5db4737da24" />
    <UnitTestResult executionId="30452cfc-3342-454c-a3ec-8255f7cc72b9" testId="ee4cd58e-8c19-0252-2f35-6808dd995c79" testName="CheckDeleteDeviceMediaCommandHandler_AlreadyRunningNoActionRunRequestsIncremented" computerName="DKSR-EFI-04" duration="00:00:00.0002350" startTime="2023-12-22T09:33:45.2406854+01:00" endTime="2023-12-22T09:33:45.2406854+01:00" testType="13cdc9d9-ddb5-4fa4-a97d-d965ccfc6d4b" outcome="Passed" testListId="8c84fa94-04c1-424b-9868-57a2d4851a1d" relativeResultsDirectory="30452cfc-3342-454c-a3ec-8255f7cc72b9" />
    <UnitTestResult executionId="43cbe62d-3102-40fa-8957-3c2cd8888711" testId="ebc835dd-627e-352c-492e-584b9a5879f9" testName="EdgeStorageLimitsCheckBandwidthNoLimit" computerName="DKSR-EFI-04" duration="00:00:00.0552966" startTime="2023-12-22T09:33:33.9750083+01:00" endTime="2023-12-22T09:33:34.0375059+01:00" testType="13cdc9d9-ddb5-4fa4-a97d-d965ccfc6d4b" outcome="Passed" testListId="8c84fa94-04c1-424b-9868-57a2d4851a1d" relativeResultsDirectory="43cbe62d-3102-40fa-8957-3c2cd8888711" />
    <UnitTestResult executionId="5de259df-99f7-4293-b31b-ca576a32771c" testId="2ca91596-8201-71d7-e88c-b8ed47ea102c" testName="CheckHardwareDefinitionCommandHandler_Constructor_LoggerNull_ArgumentNullException" computerName="DKSR-EFI-04" duration="00:00:00.0010441" startTime="2023-12-22T09:33:45.3813131+01:00" endTime="2023-12-22T09:33:45.3813131+01:00" testType="13cdc9d9-ddb5-4fa4-a97d-d965ccfc6d4b" outcome="Passed" testListId="8c84fa94-04c1-424b-9868-57a2d4851a1d" relativeResultsDirectory="5de259df-99f7-4293-b31b-ca576a32771c">
      <Output>
        <StdOut>Debug Trace:&#xD;
Fail: Argument null</StdOut>
      </Output>
    </UnitTestResult>
    <UnitTestResult executionId="618d7d31-e571-4f24-a230-81392cadf6fe" testId="40fd06fb-7b5a-53ff-fccf-240959616eb7" testName="ManualPtzPatrollingSession_Constructor_Success" computerName="DKSR-EFI-04" duration="00:00:00.0012607" startTime="2023-12-22T09:33:52.2875956+01:00" endTime="2023-12-22T09:33:52.2875956+01:00" testType="13cdc9d9-ddb5-4fa4-a97d-d965ccfc6d4b" outcome="Passed" testListId="8c84fa94-04c1-424b-9868-57a2d4851a1d" relativeResultsDirectory="618d7d31-e571-4f24-a230-81392cadf6fe" />
    <UnitTestResult executionId="4629ab32-1762-4c45-ac75-1508e2c93972" testId="753586d4-f076-28db-e6f6-02c52a229d0e" testName="EdgeStorageLimitsManagerGetLimitsSameInstance" computerName="DKSR-EFI-04" duration="00:00:00.0009488" startTime="2023-12-22T09:33:34.0687582+01:00" endTime="2023-12-22T09:33:34.0687582+01:00" testType="13cdc9d9-ddb5-4fa4-a97d-d965ccfc6d4b" outcome="Passed" testListId="8c84fa94-04c1-424b-9868-57a2d4851a1d" relativeResultsDirectory="4629ab32-1762-4c45-ac75-1508e2c93972" />
    <UnitTestResult executionId="1bcb5d84-45ce-4b15-a2fd-c5c1b7a9d1a2" testId="d8099ce0-3d7b-3f16-2d50-6618d96e18aa" testName="RecordingStorageDeviceLinkEntries_Add_Null_Throws_ArgumentNullException" computerName="DKSR-EFI-04" duration="00:00:00.0642946" startTime="2023-12-22T09:33:23.4593308+01:00" endTime="2023-12-22T09:33:23.5218366+01:00" testType="13cdc9d9-ddb5-4fa4-a97d-d965ccfc6d4b" outcome="Passed" testListId="8c84fa94-04c1-424b-9868-57a2d4851a1d" relativeResultsDirectory="1bcb5d84-45ce-4b15-a2fd-c5c1b7a9d1a2">
      <Output>
        <StdOut>Debug Trace:&#xD;
Fail: Argument null</StdOut>
      </Output>
    </UnitTestResult>
    <UnitTestResult executionId="bbcca48d-1b9e-455a-b187-8c381cb4a81a" testId="88fe4a5c-f3fc-7b4e-de6f-6aa9a569bea4" testName="SearchingForwardOverlapsLive" computerName="DKSR-EFI-04" duration="00:00:00.0010045" startTime="2023-12-22T09:33:33.4437517+01:00" endTime="2023-12-22T09:33:33.4437517+01:00" testType="13cdc9d9-ddb5-4fa4-a97d-d965ccfc6d4b" outcome="Passed" testListId="8c84fa94-04c1-424b-9868-57a2d4851a1d" relativeResultsDirectory="bbcca48d-1b9e-455a-b187-8c381cb4a81a" />
    <UnitTestResult executionId="50b2a143-840f-4fd7-a5ac-9977a6d4e0aa" testId="ba5848f1-2b40-6b05-486c-f8baa54e4f00" testName="CheckExternalRecorderRegistrationCommandHandler_Execute_NullArgs_Throws" computerName="DKSR-EFI-04" duration="00:00:00.0098634" startTime="2023-12-22T09:33:45.2719366+01:00" endTime="2023-12-22T09:33:45.2875609+01:00" testType="13cdc9d9-ddb5-4fa4-a97d-d965ccfc6d4b" outcome="Passed" testListId="8c84fa94-04c1-424b-9868-57a2d4851a1d" relativeResultsDirectory="50b2a143-840f-4fd7-a5ac-9977a6d4e0aa">
      <Output>
        <StdOut>Debug Trace:&#xD;
Fail: Command/Command handler type mismatch&#xD;
Fail: The command handler expect an object that implements IResponseSink in the responseSink parameter</StdOut>
      </Output>
    </UnitTestResult>
    <UnitTestResult executionId="8842af8d-2411-4bc6-972d-30ec026b100d" testId="b271a3a8-d635-e265-93cc-3f6010f44312" testName="ConnectSuccessAdvancedVideoParams_CameraWithTrack" computerName="DKSR-EFI-04" duration="00:00:00.0032681" startTime="2023-12-22T09:33:27.4281001+01:00" endTime="2023-12-22T09:33:27.4281001+01:00" testType="13cdc9d9-ddb5-4fa4-a97d-d965ccfc6d4b" outcome="Passed" testListId="8c84fa94-04c1-424b-9868-57a2d4851a1d" relativeResultsDirectory="8842af8d-2411-4bc6-972d-30ec026b100d" />
    <UnitTestResult executionId="e175d353-a99b-4473-ba14-de31f542ef1f" testId="cf2e6996-22f0-5db8-5400-8b9456fb3bd1" testName="SOAPCommandRequestHandler_ExecuteFunction_HandleTimeLineInformationGet_NoDeviceId" computerName="DKSR-EFI-04" duration="00:00:00.0026637" startTime="2023-12-22T09:33:30.1312368+01:00" endTime="2023-12-22T09:33:30.1312368+01:00" testType="13cdc9d9-ddb5-4fa4-a97d-d965ccfc6d4b" outcome="Passed" testListId="8c84fa94-04c1-424b-9868-57a2d4851a1d" relativeResultsDirectory="e175d353-a99b-4473-ba14-de31f542ef1f" />
    <UnitTestResult executionId="f7fb2c71-9281-4789-a2ed-67c2e31f6803" testId="5ece6615-6204-c2c7-d5ce-5fbcb4d47e21" testName="SessionExpiredTask_Constructor_ProcessTask" computerName="DKSR-EFI-04" duration="00:00:00.0049024" startTime="2023-12-22T09:33:52.1938455+01:00" endTime="2023-12-22T09:33:52.1938455+01:00" testType="13cdc9d9-ddb5-4fa4-a97d-d965ccfc6d4b" outcome="Passed" testListId="8c84fa94-04c1-424b-9868-57a2d4851a1d" relativeResultsDirectory="f7fb2c71-9281-4789-a2ed-67c2e31f6803" />
    <UnitTestResult executionId="2241c57d-37a5-40de-a3f6-8b06dc9ede1a" testId="8ceafbe3-d7d0-98c3-025e-4971760dfaa1" testName="ReadMessageHeaders_ReadRequestLine_ImageServer_Success" computerName="DKSR-EFI-04" duration="00:00:00.0146753" startTime="2023-12-22T09:33:31.1781185+01:00" endTime="2023-12-22T09:33:31.1937419+01:00" testType="13cdc9d9-ddb5-4fa4-a97d-d965ccfc6d4b" outcome="Passed" testListId="8c84fa94-04c1-424b-9868-57a2d4851a1d" relativeResultsDirectory="2241c57d-37a5-40de-a3f6-8b06dc9ede1a" />
    <UnitTestResult executionId="f21efba6-3737-4d58-b2b1-f2a5a10b378b" testId="1abda0e4-5bc1-3609-bf4f-c627801e59f8" testName="FirmwareUpgradeCommandHandler_Execute_ManyCommands" computerName="DKSR-EFI-04" duration="00:00:01.4557232" startTime="2023-12-22T09:33:46.1469418+01:00" endTime="2023-12-22T09:33:47.6156967+01:00" testType="13cdc9d9-ddb5-4fa4-a97d-d965ccfc6d4b" outcome="Passed" testListId="8c84fa94-04c1-424b-9868-57a2d4851a1d" relativeResultsDirectory="f21efba6-3737-4d58-b2b1-f2a5a10b378b" />
    <UnitTestResult executionId="95223582-7e85-4b7f-9ec8-f89da8ee2929" testId="949725dd-6b3f-d5d7-b7d9-9c14ac78c384" testName="IsInRange_ShouldReturnTrue_WhenAddressEqualsEnd" computerName="DKSR-EFI-04" duration="00:00:00.0001286" startTime="2023-12-22T09:33:44.2875585+01:00" endTime="2023-12-22T09:33:44.2875585+01:00" testType="13cdc9d9-ddb5-4fa4-a97d-d965ccfc6d4b" outcome="Passed" testListId="8c84fa94-04c1-424b-9868-57a2d4851a1d" relativeResultsDirectory="95223582-7e85-4b7f-9ec8-f89da8ee2929" />
    <UnitTestResult executionId="9eac1513-ded7-46d2-82c8-73d53a836263" testId="7d003dee-7248-76af-b4ef-f456139d750f" testName="DatabaseoperationCommandhandler_DiskUsageInformationTablesPerStorage_AllSuccess" computerName="DKSR-EFI-04" duration="00:00:00.0081503" startTime="2023-12-22T09:33:45.5688117+01:00" endTime="2023-12-22T09:33:45.5688117+01:00" testType="13cdc9d9-ddb5-4fa4-a97d-d965ccfc6d4b" outcome="Passed" testListId="8c84fa94-04c1-424b-9868-57a2d4851a1d" relativeResultsDirectory="9eac1513-ded7-46d2-82c8-73d53a836263" />
    <UnitTestResult executionId="42b2f105-8474-460d-a2cc-08dc77c7d40f" testId="aedfea85-8ba6-03d1-82b1-2f7825267932" testName="IsInRange_ShouldReturnFalse_WhenAddressBiggerThanEnd" computerName="DKSR-EFI-04" duration="00:00:00.0001314" startTime="2023-12-22T09:33:44.3031837+01:00" endTime="2023-12-22T09:33:44.3031837+01:00" testType="13cdc9d9-ddb5-4fa4-a97d-d965ccfc6d4b" outcome="Passed" testListId="8c84fa94-04c1-424b-9868-57a2d4851a1d" relativeResultsDirectory="42b2f105-8474-460d-a2cc-08dc77c7d40f" />
    <UnitTestResult executionId="6ae9e947-7096-4cf9-95ce-d9d5725553f7" testId="a2a4d979-bf79-d5c5-c522-a313408e9fa1" testName="PtzManagerDataHolder_GetPtzDevice_Preset_Not_Supported" computerName="DKSR-EFI-04" duration="00:00:00.0011787" startTime="2023-12-22T09:33:51.1000906+01:00" endTime="2023-12-22T09:33:51.1000906+01:00" testType="13cdc9d9-ddb5-4fa4-a97d-d965ccfc6d4b" outcome="Passed" testListId="8c84fa94-04c1-424b-9868-57a2d4851a1d" relativeResultsDirectory="6ae9e947-7096-4cf9-95ce-d9d5725553f7" />
    <UnitTestResult executionId="935e86b5-403e-4826-9085-eedd9014268b" testId="45d8fc59-1a97-3295-4aa4-9068d7523d50" testName="SetNetworkConfigurationCommandHandler_Execute_HardwareNotFound_Fails" computerName="DKSR-EFI-04" duration="00:00:00.0006961" startTime="2023-12-22T09:33:50.8813373+01:00" endTime="2023-12-22T09:33:50.8813373+01:00" testType="13cdc9d9-ddb5-4fa4-a97d-d965ccfc6d4b" outcome="Passed" testListId="8c84fa94-04c1-424b-9868-57a2d4851a1d" relativeResultsDirectory="935e86b5-403e-4826-9085-eedd9014268b" />
    <UnitTestResult executionId="ee3fac6d-5228-4cc2-9ac2-15fca97b2846" testId="e60c4eb7-333a-92ae-4d3d-7b552a715c3e" testName="PtzManager_Stop_Success" computerName="DKSR-EFI-04" duration="00:00:00.0013016" startTime="2023-12-22T09:33:51.8813436+01:00" endTime="2023-12-22T09:33:51.8969687+01:00" testType="13cdc9d9-ddb5-4fa4-a97d-d965ccfc6d4b" outcome="Passed" testListId="8c84fa94-04c1-424b-9868-57a2d4851a1d" relativeResultsDirectory="ee3fac6d-5228-4cc2-9ac2-15fca97b2846" />
    <UnitTestResult executionId="7c5ac6bc-bb8c-4623-848d-e6bbcc75eb93" testId="27fac88f-2866-dc2b-9ed4-6f81b7ebfa70" testName="RecorderAccessTokenHandler_PopulateAuthorizationHeaderAsync_WebApiException" computerName="DKSR-EFI-04" duration="00:00:00.0011488" startTime="2023-12-22T09:33:32.3812496+01:00" endTime="2023-12-22T09:33:32.3812496+01:00" testType="13cdc9d9-ddb5-4fa4-a97d-d965ccfc6d4b" outcome="Passed" testListId="8c84fa94-04c1-424b-9868-57a2d4851a1d" relativeResultsDirectory="7c5ac6bc-bb8c-4623-848d-e6bbcc75eb93" />
    <UnitTestResult executionId="b3c6c843-cfa5-4ea5-84a0-489997514882" testId="ad85d1fc-d46a-97dc-33eb-7573f1d1232b" testName="SOAPCommandRequestHandler_ExecuteFunction_HandleJPEGGetAt_NoDeviceId" computerName="DKSR-EFI-04" duration="00:00:00.0013045" startTime="2023-12-22T09:33:30.4749887+01:00" endTime="2023-12-22T09:33:30.4749887+01:00" testType="13cdc9d9-ddb5-4fa4-a97d-d965ccfc6d4b" outcome="Passed" testListId="8c84fa94-04c1-424b-9868-57a2d4851a1d" relativeResultsDirectory="b3c6c843-cfa5-4ea5-84a0-489997514882" />
    <UnitTestResult executionId="dd3571a7-af2e-4aab-bb9f-801fdfacbb03" testId="8847c611-e637-f135-d4ee-97217fce4955" testName="FailoverMediaMover_MoveMediaDataHere_Stop_Signalled" computerName="DKSR-EFI-04" duration="00:00:00.0056326" startTime="2023-12-22T09:33:22.9593303+01:00" endTime="2023-12-22T09:33:22.9593303+01:00" testType="13cdc9d9-ddb5-4fa4-a97d-d965ccfc6d4b" outcome="Passed" testListId="8c84fa94-04c1-424b-9868-57a2d4851a1d" relativeResultsDirectory="dd3571a7-af2e-4aab-bb9f-801fdfacbb03" />
    <UnitTestResult executionId="399b7fac-ffe6-4d64-8b25-995c3615f0ef" testId="6254daef-258b-86ba-499b-8e0b9550e559" testName="ConnectSuccess_FrameBrowseLayer_Goto" computerName="DKSR-EFI-04" duration="00:00:00.0162317" startTime="2023-12-22T09:33:27.8656033+01:00" endTime="2023-12-22T09:33:27.8812263+01:00" testType="13cdc9d9-ddb5-4fa4-a97d-d965ccfc6d4b" outcome="Passed" testListId="8c84fa94-04c1-424b-9868-57a2d4851a1d" relativeResultsDirectory="399b7fac-ffe6-4d64-8b25-995c3615f0ef" />
    <UnitTestResult executionId="f1b12ce4-34eb-432c-9221-ade135dc152b" testId="8d51adab-5025-828a-3a74-d9ee3955e84d" testName="SOAPCommandRequestHandler_GetClientCapabilities_PrivacyMaskVersion_Child_Of_ClientCapabilities_Section_Is_Not_Parsable" computerName="DKSR-EFI-04" duration="00:00:00.0005427" startTime="2023-12-22T09:33:30.1937377+01:00" endTime="2023-12-22T09:33:30.1937377+01:00" testType="13cdc9d9-ddb5-4fa4-a97d-d965ccfc6d4b" outcome="Passed" testListId="8c84fa94-04c1-424b-9868-57a2d4851a1d" relativeResultsDirectory="f1b12ce4-34eb-432c-9221-ade135dc152b" />
    <UnitTestResult executionId="ea47b624-de1d-49e1-9ace-36922d370c60" testId="0f6b41fe-2883-b304-9a30-c41f3a9508b9" testName="ConfigurationController_UpdateSystemConfiguration_IsValid_NoContent" computerName="DKSR-EFI-04" duration="00:00:00.0039197" startTime="2023-12-22T09:33:24.3655846+01:00" endTime="2023-12-22T09:33:24.3655846+01:00" testType="13cdc9d9-ddb5-4fa4-a97d-d965ccfc6d4b" outcome="Passed" testListId="8c84fa94-04c1-424b-9868-57a2d4851a1d" relativeResultsDirectory="ea47b624-de1d-49e1-9ace-36922d370c60" />
    <UnitTestResult executionId="3de31487-54b0-4784-82fe-76f0f8d0beec" testId="69f3cd4f-f34a-e938-afb9-2edbcadadfd6" testName="ResponseHandler_HandleResponse_Configuration_Not_Compatible_Fails" computerName="DKSR-EFI-04" duration="00:00:00.0163235" startTime="2023-12-22T09:33:22.3812015+01:00" endTime="2023-12-22T09:33:22.3968273+01:00" testType="13cdc9d9-ddb5-4fa4-a97d-d965ccfc6d4b" outcome="Passed" testListId="8c84fa94-04c1-424b-9868-57a2d4851a1d" relativeResultsDirectory="3de31487-54b0-4784-82fe-76f0f8d0beec" />
    <UnitTestResult executionId="52b845ca-7208-4476-93ee-15264b359e57" testId="f8798a06-bec2-cdf1-c5c3-040b6bbc7bd3" testName="GetNetworkConfigurationCommandHandler_Execute_GetNetworkConfiguration_ThrowsUnknownException_Errors" computerName="DKSR-EFI-04" duration="00:00:00.0028685" startTime="2023-12-22T09:33:47.9594503+01:00" endTime="2023-12-22T09:33:47.9594503+01:00" testType="13cdc9d9-ddb5-4fa4-a97d-d965ccfc6d4b" outcome="Passed" testListId="8c84fa94-04c1-424b-9868-57a2d4851a1d" relativeResultsDirectory="52b845ca-7208-4476-93ee-15264b359e57" />
    <UnitTestResult executionId="70021871-83c2-433d-81c9-a906765f270a" testId="522171e3-c016-9bea-7785-95a29e3d413b" testName="SOAPCommandRequestHandler_ExecuteFunction_HandleTimeLineInformationGet_No_Metadata_Security" computerName="DKSR-EFI-04" duration="00:00:00.0021342" startTime="2023-12-22T09:33:30.1624883+01:00" endTime="2023-12-22T09:33:30.1624883+01:00" testType="13cdc9d9-ddb5-4fa4-a97d-d965ccfc6d4b" outcome="Passed" testListId="8c84fa94-04c1-424b-9868-57a2d4851a1d" relativeResultsDirectory="70021871-83c2-433d-81c9-a906765f270a" />
    <UnitTestResult executionId="2e2e9f05-8c6a-4674-a5f6-65f2ee8fe013" testId="a2238e00-5e9d-7fb8-9fcc-b42a473add09" testName="PtzManagerDataHolder_GetControllersClone_Success" computerName="DKSR-EFI-04" duration="00:00:00.2395346" startTime="2023-12-22T09:33:51.5844656+01:00" endTime="2023-12-22T09:33:51.8188442+01:00" testType="13cdc9d9-ddb5-4fa4-a97d-d965ccfc6d4b" outcome="Passed" testListId="8c84fa94-04c1-424b-9868-57a2d4851a1d" relativeResultsDirectory="2e2e9f05-8c6a-4674-a5f6-65f2ee8fe013">
      <Output>
        <StdOut>Debug Trace:&#xD;
VideoOS.Recorder.PtzDefaultSession session started&#xD;
VideoOS.Recorder.PtzDefaultSession session, OnBeforeExecuteRequest&#xD;
VideoOS.Recorder.PtzDefaultSession session started&#xD;
VideoOS.Recorder.PtzDefaultSession session, OnBeforeExecuteRequest&#xD;
VideoOS.Recorder.PtzDefaultSession session stopped&#xD;
VideoOS.Recorder.PtzDefaultSession session stopped</StdOut>
      </Output>
    </UnitTestResult>
    <UnitTestResult executionId="dfba0ef4-1cf8-4f26-8e2d-8de69ce3dfa6" testId="3f59cc63-7687-09cd-745a-34c2cf7c2459" testName="SmartSearchHandlerForwardTestLargeSearchInterval" computerName="DKSR-EFI-04" duration="00:00:00.0006427" startTime="2023-12-22T09:33:32.0999963+01:00" endTime="2023-12-22T09:33:32.0999963+01:00" testType="13cdc9d9-ddb5-4fa4-a97d-d965ccfc6d4b" outcome="Passed" testListId="8c84fa94-04c1-424b-9868-57a2d4851a1d" relativeResultsDirectory="dfba0ef4-1cf8-4f26-8e2d-8de69ce3dfa6" />
    <UnitTestResult executionId="897e2283-0278-4456-9f11-20f03e20b617" testId="2b1f3b6a-aaf2-ed1b-ef4f-eaf8a5cb9923" testName="CollectMediaStatusCommandHandler_MediaDbRepair" computerName="DKSR-EFI-04" duration="00:00:00.0003100" startTime="2023-12-22T09:33:45.4281876+01:00" endTime="2023-12-22T09:33:45.4281876+01:00" testType="13cdc9d9-ddb5-4fa4-a97d-d965ccfc6d4b" outcome="Passed" testListId="8c84fa94-04c1-424b-9868-57a2d4851a1d" relativeResultsDirectory="897e2283-0278-4456-9f11-20f03e20b617" />
    <UnitTestResult executionId="08529334-5da2-4214-b285-b93fda381832" testId="6325daee-cf8a-a37b-1083-aec848ba8eaa" testName="SOAPCommandRequestHandler_ExecuteFunction_HandlePTZReleaseSession_NoDeviceId" computerName="DKSR-EFI-04" duration="00:00:00.0010999" startTime="2023-12-22T09:33:30.8812451+01:00" endTime="2023-12-22T09:33:30.8812451+01:00" testType="13cdc9d9-ddb5-4fa4-a97d-d965ccfc6d4b" outcome="Passed" testListId="8c84fa94-04c1-424b-9868-57a2d4851a1d" relativeResultsDirectory="08529334-5da2-4214-b285-b93fda381832" />
    <UnitTestResult executionId="eb497703-fa34-46f2-ba31-c97dd4c55d4b" testId="cd066c35-818e-33d4-9d89-a4aa8374f78a" testName="PingDeviceCommandHandler_Execute_Success" computerName="DKSR-EFI-04" duration="00:00:00.0333467" startTime="2023-12-22T09:33:48.2719521+01:00" endTime="2023-12-22T09:33:48.3032006+01:00" testType="13cdc9d9-ddb5-4fa4-a97d-d965ccfc6d4b" outcome="Passed" testListId="8c84fa94-04c1-424b-9868-57a2d4851a1d" relativeResultsDirectory="eb497703-fa34-46f2-ba31-c97dd4c55d4b" />
    <UnitTestResult executionId="ef87d72f-9fa6-4fd9-bffd-8b80c743541c" testId="509e665c-cf4b-2c7c-238c-43016d6b516e" testName="SOAPCommandRequestHandler_ExecuteFunction_HandlePTZRectangle_NoDeviceId" computerName="DKSR-EFI-04" duration="00:00:00.0021311" startTime="2023-12-22T09:33:30.7562382+01:00" endTime="2023-12-22T09:33:30.7718657+01:00" testType="13cdc9d9-ddb5-4fa4-a97d-d965ccfc6d4b" outcome="Passed" testListId="8c84fa94-04c1-424b-9868-57a2d4851a1d" relativeResultsDirectory="ef87d72f-9fa6-4fd9-bffd-8b80c743541c" />
    <UnitTestResult executionId="bc257481-ebed-4220-bdbc-aced2c79cf45" testId="3f45c582-7055-c0c3-8a6c-b27ce510730c" testName="PtzPatrollingSession_Constructor_ArgumentNullException" computerName="DKSR-EFI-04" duration="00:00:00.0060767" startTime="2023-12-22T09:33:52.2563464+01:00" endTime="2023-12-22T09:33:52.2719712+01:00" testType="13cdc9d9-ddb5-4fa4-a97d-d965ccfc6d4b" outcome="Passed" testListId="8c84fa94-04c1-424b-9868-57a2d4851a1d" relativeResultsDirectory="bc257481-ebed-4220-bdbc-aced2c79cf45">
      <Output>
        <StdOut>Debug Trace:&#xD;
Fail: Argument 'ptzController' cannot be null</StdOut>
      </Output>
    </UnitTestResult>
    <UnitTestResult executionId="3287e612-a5f0-45a2-b1ea-0ee9f0ce2659" testId="08d5354d-699d-8725-8bb7-e562f20aaa25" testName="CheckDeleteDeviceMediaCommandHandler_LocalConfigEmpty_MediaDbG1_ExistedTrackG1_NoDelete" computerName="DKSR-EFI-04" duration="00:00:00.0014566" startTime="2023-12-22T09:33:45.2406854+01:00" endTime="2023-12-22T09:33:45.2406854+01:00" testType="13cdc9d9-ddb5-4fa4-a97d-d965ccfc6d4b" outcome="Passed" testListId="8c84fa94-04c1-424b-9868-57a2d4851a1d" relativeResultsDirectory="3287e612-a5f0-45a2-b1ea-0ee9f0ce2659" />
    <UnitTestResult executionId="e898eced-ea74-4168-8429-3238eb8d064e" testId="644a4da9-2c44-507c-8737-52c2ef8b7566" testName="DatabaseoperationCommandhandler_DiskUsageInformationTablesPerStorage_SomeFails" computerName="DKSR-EFI-04" duration="00:00:00.0043372" startTime="2023-12-22T09:33:45.5844373+01:00" endTime="2023-12-22T09:33:45.5844373+01:00" testType="13cdc9d9-ddb5-4fa4-a97d-d965ccfc6d4b" outcome="Passed" testListId="8c84fa94-04c1-424b-9868-57a2d4851a1d" relativeResultsDirectory="e898eced-ea74-4168-8429-3238eb8d064e" />
    <UnitTestResult executionId="cf73bae8-80d7-4f77-9a85-039eaba533e6" testId="d1cc441b-d295-0bb6-ca4a-0a7911e4ddab" testName="SOAPCommandRequestHandler_ExecuteFunction_HandlePTZRectangle_NoRight" computerName="DKSR-EFI-04" duration="00:00:00.0008682" startTime="2023-12-22T09:33:30.8031154+01:00" endTime="2023-12-22T09:33:30.8031154+01:00" testType="13cdc9d9-ddb5-4fa4-a97d-d965ccfc6d4b" outcome="Passed" testListId="8c84fa94-04c1-424b-9868-57a2d4851a1d" relativeResultsDirectory="cf73bae8-80d7-4f77-9a85-039eaba533e6" />
    <UnitTestResult executionId="424fe96a-4697-4e44-952a-9f5f230466d7" testId="1c4b43c9-57dd-a9ef-528f-7a1fc2c0b1aa" testName="DatabaseTaskCommandHandler_EmptyDevice_TableDoesNotExist_DeleteAllRecordingsButKeepLockedData_Called" computerName="DKSR-EFI-04" duration="00:00:00.0017742" startTime="2023-12-22T09:33:45.6781878+01:00" endTime="2023-12-22T09:33:45.6938133+01:00" testType="13cdc9d9-ddb5-4fa4-a97d-d965ccfc6d4b" outcome="Passed" testListId="8c84fa94-04c1-424b-9868-57a2d4851a1d" relativeResultsDirectory="424fe96a-4697-4e44-952a-9f5f230466d7" />
    <UnitTestResult executionId="a231b7ea-1534-4236-8302-9258cd9e2326" testId="9b801494-2dab-ded5-4f6a-e5e56b62cd34" testName="TimeRangeTestAllInOne" computerName="DKSR-EFI-04" duration="00:00:00.0007630" startTime="2023-12-22T09:33:44.4594327+01:00" endTime="2023-12-22T09:33:44.4594327+01:00" testType="13cdc9d9-ddb5-4fa4-a97d-d965ccfc6d4b" outcome="Passed" testListId="8c84fa94-04c1-424b-9868-57a2d4851a1d" relativeResultsDirectory="a231b7ea-1534-4236-8302-9258cd9e2326" />
    <UnitTestResult executionId="978037b6-6a55-4c17-8ca2-d2be36ca319a" testId="30379ff7-9935-685d-f9d8-a61187b11262" testName="SynchronizeDevicePresetsCommandHandler_Execute_NullArgs_Throws" computerName="DKSR-EFI-04" duration="00:00:00.0077346" startTime="2023-12-22T09:33:51.0219633+01:00" endTime="2023-12-22T09:33:51.0375904+01:00" testType="13cdc9d9-ddb5-4fa4-a97d-d965ccfc6d4b" outcome="Passed" testListId="8c84fa94-04c1-424b-9868-57a2d4851a1d" relativeResultsDirectory="978037b6-6a55-4c17-8ca2-d2be36ca319a">
      <Output>
        <StdOut>Debug Trace:&#xD;
Fail: Command/Command handler type mismatch&#xD;
Fail: Argument null.</StdOut>
      </Output>
    </UnitTestResult>
    <UnitTestResult executionId="186c1238-ba3e-43df-8fd7-ebe8bbc42996" testId="5952ca8e-70e4-edb2-48cb-00ef9fcb94d4" testName="SOAPCommandRequestHandler_ExecuteFunction_HandleSequencesGetAround_No_Metadata_Security" computerName="DKSR-EFI-04" duration="00:00:00.0019493" startTime="2023-12-22T09:33:29.8499863+01:00" endTime="2023-12-22T09:33:29.8499863+01:00" testType="13cdc9d9-ddb5-4fa4-a97d-d965ccfc6d4b" outcome="Passed" testListId="8c84fa94-04c1-424b-9868-57a2d4851a1d" relativeResultsDirectory="186c1238-ba3e-43df-8fd7-ebe8bbc42996" />
    <UnitTestResult executionId="69308742-5485-4f7b-896f-74d98ce1ab58" testId="4c726782-66eb-044c-67dc-aabe5eb5c1ac" testName="MediaDbCache_GetDiskUsageInformationBank_Nothing_Cached" computerName="DKSR-EFI-04" duration="00:00:00.0014964" startTime="2023-12-22T09:33:44.6000572+01:00" endTime="2023-12-22T09:33:44.6000572+01:00" testType="13cdc9d9-ddb5-4fa4-a97d-d965ccfc6d4b" outcome="Passed" testListId="8c84fa94-04c1-424b-9868-57a2d4851a1d" relativeResultsDirectory="69308742-5485-4f7b-896f-74d98ce1ab58" />
    <UnitTestResult executionId="65478467-c968-45b9-af53-5422ed2e9303" testId="73433b47-eaba-3e3a-a433-dcdfa7c5634e" testName="ConnectFailed_TokenInvalid" computerName="DKSR-EFI-04" duration="00:00:00.0013024" startTime="2023-12-22T09:33:27.4906005+01:00" endTime="2023-12-22T09:33:27.4906005+01:00" testType="13cdc9d9-ddb5-4fa4-a97d-d965ccfc6d4b" outcome="Passed" testListId="8c84fa94-04c1-424b-9868-57a2d4851a1d" relativeResultsDirectory="65478467-c968-45b9-af53-5422ed2e9303" />
    <UnitTestResult executionId="c678030f-3707-4591-9e77-89a75cff94a4" testId="b610443d-1838-4432-bf23-99e0321c9778" testName="SOAPCommandRequestHandler_ExecuteFunction_HandlePTZDeactivatePatrollingSchema_No_Priority" computerName="DKSR-EFI-04" duration="00:00:00.0014380" startTime="2023-12-22T09:33:30.9593681+01:00" endTime="2023-12-22T09:33:30.9749916+01:00" testType="13cdc9d9-ddb5-4fa4-a97d-d965ccfc6d4b" outcome="Passed" testListId="8c84fa94-04c1-424b-9868-57a2d4851a1d" relativeResultsDirectory="c678030f-3707-4591-9e77-89a75cff94a4" />
    <UnitTestResult executionId="1de96165-ef44-4c3d-9db2-a2d33a5b362f" testId="929307c6-ad1f-d51e-3cc9-c962ec17947c" testName="PtzReserveSessionCommandHandler_Constructor_Argument_Exception" computerName="DKSR-EFI-04" duration="00:00:00.0302011" startTime="2023-12-22T09:33:50.3344595+01:00" endTime="2023-12-22T09:33:50.3657092+01:00" testType="13cdc9d9-ddb5-4fa4-a97d-d965ccfc6d4b" outcome="Passed" testListId="8c84fa94-04c1-424b-9868-57a2d4851a1d" relativeResultsDirectory="1de96165-ef44-4c3d-9db2-a2d33a5b362f">
      <Output>
        <StdOut>Debug Trace:&#xD;
Fail: Argument null</StdOut>
      </Output>
    </UnitTestResult>
    <UnitTestResult executionId="279a1db5-3167-4ef5-b2ef-d082865ebd1f" testId="5dbee3c2-264b-5c9b-4900-e958b9291cf6" testName="GetNetworkConfigurationCommandHandler_Execute_HardwareNotStarted_Reschedules_NoResponse" computerName="DKSR-EFI-04" duration="00:00:00.0007729" startTime="2023-12-22T09:33:47.9750752+01:00" endTime="2023-12-22T09:33:47.9750752+01:00" testType="13cdc9d9-ddb5-4fa4-a97d-d965ccfc6d4b" outcome="Passed" testListId="8c84fa94-04c1-424b-9868-57a2d4851a1d" relativeResultsDirectory="279a1db5-3167-4ef5-b2ef-d082865ebd1f" />
    <UnitTestResult executionId="2cb9ba21-8ec6-4d45-a587-d8015b7653af" testId="f74556d0-5411-c6c3-6583-91ccf0b8d5b8" testName="SetConfigRecordRelatedWhileRecordingCamera" computerName="DKSR-EFI-04" duration="00:00:00.0007846" startTime="2023-12-22T09:33:33.3500068+01:00" endTime="2023-12-22T09:33:33.3500068+01:00" testType="13cdc9d9-ddb5-4fa4-a97d-d965ccfc6d4b" outcome="Passed" testListId="8c84fa94-04c1-424b-9868-57a2d4851a1d" relativeResultsDirectory="2cb9ba21-8ec6-4d45-a587-d8015b7653af" />
    <UnitTestResult executionId="fb62c991-cc05-400c-afbf-6676ea807b15" testId="21e9ac61-4873-b24d-8bf7-3140e9df549f" testName="AudioPlayerOnSpeaker_PlayUsingCurrentThread_NoDevice" computerName="DKSR-EFI-04" duration="00:00:00.0010577" startTime="2023-12-22T09:33:52.5532226+01:00" endTime="2023-12-22T09:33:52.5532226+01:00" testType="13cdc9d9-ddb5-4fa4-a97d-d965ccfc6d4b" outcome="Passed" testListId="8c84fa94-04c1-424b-9868-57a2d4851a1d" relativeResultsDirectory="fb62c991-cc05-400c-afbf-6676ea807b15" />
    <UnitTestResult executionId="820ebce7-5ccf-486c-9f0b-32aede596ad9" testId="d340d675-637b-e4f2-8693-174aad068536" testName="TestStatistics20SecLast10SecUsed" computerName="DKSR-EFI-04" duration="00:00:00.0009394" startTime="2023-12-22T09:33:33.5375029+01:00" endTime="2023-12-22T09:33:33.5375029+01:00" testType="13cdc9d9-ddb5-4fa4-a97d-d965ccfc6d4b" outcome="Passed" testListId="8c84fa94-04c1-424b-9868-57a2d4851a1d" relativeResultsDirectory="820ebce7-5ccf-486c-9f0b-32aede596ad9" />
    <UnitTestResult executionId="97ae8d99-686e-4261-ba9f-72a77cf4c58f" testId="2bb58e09-afc2-3268-4182-a4b38189b9bd" testName="ConnectSuccess_Prev_Denied" computerName="DKSR-EFI-04" duration="00:00:00.0024296" startTime="2023-12-22T09:33:27.7249757+01:00" endTime="2023-12-22T09:33:27.7249757+01:00" testType="13cdc9d9-ddb5-4fa4-a97d-d965ccfc6d4b" outcome="Passed" testListId="8c84fa94-04c1-424b-9868-57a2d4851a1d" relativeResultsDirectory="97ae8d99-686e-4261-ba9f-72a77cf4c58f" />
    <UnitTestResult executionId="a3b6393c-c668-4c8a-b81b-2a5fa3a7fa4d" testId="b0d093d0-270e-e21c-eccf-9a8b90e8a5d8" testName="GetHardwareUsersCommandHandler_Execute_NullArgs_Throws" computerName="DKSR-EFI-04" duration="00:00:00.0420064" startTime="2023-12-22T09:33:47.7094475+01:00" endTime="2023-12-22T09:33:47.7563237+01:00" testType="13cdc9d9-ddb5-4fa4-a97d-d965ccfc6d4b" outcome="Passed" testListId="8c84fa94-04c1-424b-9868-57a2d4851a1d" relativeResultsDirectory="a3b6393c-c668-4c8a-b81b-2a5fa3a7fa4d">
      <Output>
        <StdOut>Debug Trace:&#xD;
Fail: Command/Command handler type mismatch&#xD;
Fail: Argument null.</StdOut>
      </Output>
    </UnitTestResult>
    <UnitTestResult executionId="6315eacf-31e6-4214-96f0-ca7737038d75" testId="0d91b5df-4a31-6b2c-a0a6-5b0e5c1c1937" testName="DeviceRecordKeyframesOnlyStateEvaluator_DoesNotThrowExceptions_OnNullAsDevice" computerName="DKSR-EFI-04" duration="00:00:00.0006254" startTime="2023-12-22T09:33:32.0218711+01:00" endTime="2023-12-22T09:33:32.0218711+01:00" testType="13cdc9d9-ddb5-4fa4-a97d-d965ccfc6d4b" outcome="Passed" testListId="8c84fa94-04c1-424b-9868-57a2d4851a1d" relativeResultsDirectory="6315eacf-31e6-4214-96f0-ca7737038d75" />
    <UnitTestResult executionId="4d909ac5-cf1f-4ec3-81e4-1694dbd4cdff" testId="6d3bccb0-e3a7-0eac-f802-f89ebb3ce36d" testName="EnhanceSettings_UnsupportedPluginIds" computerName="DKSR-EFI-04" duration="00:00:00.0083853" startTime="2023-12-22T09:33:33.5375029+01:00" endTime="2023-12-22T09:33:33.5531279+01:00" testType="13cdc9d9-ddb5-4fa4-a97d-d965ccfc6d4b" outcome="Passed" testListId="8c84fa94-04c1-424b-9868-57a2d4851a1d" relativeResultsDirectory="4d909ac5-cf1f-4ec3-81e4-1694dbd4cdff" />
    <UnitTestResult executionId="e02693b5-85ee-4c88-b41b-71d86d04248e" testId="dc92e9c3-3b8b-e7f2-94a2-b88a8b54c638" testName="CheckForLiveAndOrphanTables_OrphanTable" computerName="DKSR-EFI-04" duration="00:00:00.1272608" startTime="2023-12-22T09:33:32.7874990+01:00" endTime="2023-12-22T09:33:32.9125033+01:00" testType="13cdc9d9-ddb5-4fa4-a97d-d965ccfc6d4b" outcome="Passed" testListId="8c84fa94-04c1-424b-9868-57a2d4851a1d" relativeResultsDirectory="e02693b5-85ee-4c88-b41b-71d86d04248e" />
    <UnitTestResult executionId="208f134f-14f8-4d88-8c49-ad91c593aad9" testId="1885e134-c75a-1386-d7ef-08d31fd2e486" testName="PtzManager_StopPatrolling_Success" computerName="DKSR-EFI-04" duration="00:00:00.0017473" startTime="2023-12-22T09:33:51.9907197+01:00" endTime="2023-12-22T09:33:51.9907197+01:00" testType="13cdc9d9-ddb5-4fa4-a97d-d965ccfc6d4b" outcome="Passed" testListId="8c84fa94-04c1-424b-9868-57a2d4851a1d" relativeResultsDirectory="208f134f-14f8-4d88-8c49-ad91c593aad9" />
    <UnitTestResult executionId="99f861ab-ca24-433f-a9cd-af0b0e471dd4" testId="02c8a26b-7bde-5aa8-6975-eeebe21df113" testName="PtzManager_OnDeviceStopped_Success" computerName="DKSR-EFI-04" duration="00:00:00.0016720" startTime="2023-12-22T09:33:51.9594694+01:00" endTime="2023-12-22T09:33:51.9594694+01:00" testType="13cdc9d9-ddb5-4fa4-a97d-d965ccfc6d4b" outcome="Passed" testListId="8c84fa94-04c1-424b-9868-57a2d4851a1d" relativeResultsDirectory="99f861ab-ca24-433f-a9cd-af0b0e471dd4" />
    <UnitTestResult executionId="c8e06b02-f9b4-475d-969c-1b5c56f71240" testId="3596cb57-c28e-3188-c489-7182abdaa943" testName="ConnectSuccess_NewerPrivacyMaskFormat" computerName="DKSR-EFI-04" duration="00:00:00.0017309" startTime="2023-12-22T09:33:27.4593529+01:00" endTime="2023-12-22T09:33:27.4593529+01:00" testType="13cdc9d9-ddb5-4fa4-a97d-d965ccfc6d4b" outcome="Passed" testListId="8c84fa94-04c1-424b-9868-57a2d4851a1d" relativeResultsDirectory="c8e06b02-f9b4-475d-969c-1b5c56f71240" />
    <UnitTestResult executionId="310d7cb3-957f-4154-ae82-2f13ebd172b2" testId="1b6ae4ac-8418-f533-e65d-d36c3e94f90f" testName="SOAPCommandRequestHandler_ExecuteFunction_HandlePTZMoveHome_NoDeviceId" computerName="DKSR-EFI-04" duration="00:00:00.0012481" startTime="2023-12-22T09:33:30.6937412+01:00" endTime="2023-12-22T09:33:30.6937412+01:00" testType="13cdc9d9-ddb5-4fa4-a97d-d965ccfc6d4b" outcome="Passed" testListId="8c84fa94-04c1-424b-9868-57a2d4851a1d" relativeResultsDirectory="310d7cb3-957f-4154-ae82-2f13ebd172b2" />
    <UnitTestResult executionId="3800d5d2-636c-49ff-847e-4866a4fddc56" testId="a0976502-e751-41de-5d03-12010e86cc0f" testName="SOAPCommandRequestHandler_ExecuteFunction_HandlePTZReserveSession_No_Security" computerName="DKSR-EFI-04" duration="00:00:00.0013562" startTime="2023-12-22T09:33:30.8656150+01:00" endTime="2023-12-22T09:33:30.8656150+01:00" testType="13cdc9d9-ddb5-4fa4-a97d-d965ccfc6d4b" outcome="Passed" testListId="8c84fa94-04c1-424b-9868-57a2d4851a1d" relativeResultsDirectory="3800d5d2-636c-49ff-847e-4866a4fddc56" />
    <UnitTestResult executionId="4cf54c71-5084-4a35-91c3-1d24bcc081f6" testId="0ce7b2f9-17a8-8c71-dfb5-c31b00442430" testName="PtzManager_MoveHome_Success" computerName="DKSR-EFI-04" duration="00:00:00.0012211" startTime="2023-12-22T09:33:52.0219724+01:00" endTime="2023-12-22T09:33:52.0219724+01:00" testType="13cdc9d9-ddb5-4fa4-a97d-d965ccfc6d4b" outcome="Passed" testListId="8c84fa94-04c1-424b-9868-57a2d4851a1d" relativeResultsDirectory="4cf54c71-5084-4a35-91c3-1d24bcc081f6" />
    <UnitTestResult executionId="031fc0a7-c762-480e-bfde-f48508826722" testId="bc47c777-b840-2a5f-66e4-98b5b2140e2c" testName="SOAPCommandRequestHandler_ExecuteFunction_HandleSmartSearchCancel_NoSmartSearchId" computerName="DKSR-EFI-04" duration="00:00:00.0022023" startTime="2023-12-22T09:33:29.9281113+01:00" endTime="2023-12-22T09:33:29.9441400+01:00" testType="13cdc9d9-ddb5-4fa4-a97d-d965ccfc6d4b" outcome="Passed" testListId="8c84fa94-04c1-424b-9868-57a2d4851a1d" relativeResultsDirectory="031fc0a7-c762-480e-bfde-f48508826722" />
    <UnitTestResult executionId="6404b926-a9b1-46cc-8059-e7fcef566db3" testId="4868c342-5afd-96c3-b8ae-756d5892ed87" testName="LicenseManager_CheckHardwareLicensed_unlicensed_licensedBeforeExpiryDateNoReplacementToken" computerName="DKSR-EFI-04" duration="00:00:00.0147792" startTime="2023-12-22T09:33:33.8656308+01:00" endTime="2023-12-22T09:33:33.8812563+01:00" testType="13cdc9d9-ddb5-4fa4-a97d-d965ccfc6d4b" outcome="Passed" testListId="8c84fa94-04c1-424b-9868-57a2d4851a1d" relativeResultsDirectory="6404b926-a9b1-46cc-8059-e7fcef566db3" />
    <UnitTestResult executionId="dd3709bd-9a99-4373-aca5-8a14bd7867e9" testId="de85ce79-72ac-04bb-172f-715bd684d060" testName="ConnectionShutdown_DeviceOnlyInConfig" computerName="DKSR-EFI-04" duration="00:00:00.0020013" startTime="2023-12-22T09:33:27.5218503+01:00" endTime="2023-12-22T09:33:27.5218503+01:00" testType="13cdc9d9-ddb5-4fa4-a97d-d965ccfc6d4b" outcome="Passed" testListId="8c84fa94-04c1-424b-9868-57a2d4851a1d" relativeResultsDirectory="dd3709bd-9a99-4373-aca5-8a14bd7867e9" />
    <UnitTestResult executionId="9f5e5c7b-6ca6-4660-b88c-9273347896aa" testId="10af1bbd-2222-8ba2-39db-7e12e812860a" testName="CollectMediaStatusCommandHandler_Device_Disabled" computerName="DKSR-EFI-04" duration="00:00:00.0006778" startTime="2023-12-22T09:33:45.4438129+01:00" endTime="2023-12-22T09:33:45.4438129+01:00" testType="13cdc9d9-ddb5-4fa4-a97d-d965ccfc6d4b" outcome="Passed" testListId="8c84fa94-04c1-424b-9868-57a2d4851a1d" relativeResultsDirectory="9f5e5c7b-6ca6-4660-b88c-9273347896aa" />
    <UnitTestResult executionId="f05f505b-9911-40a2-b4d6-426c6562c7b0" testId="feb9425f-17e6-a400-b43c-667dfb8a797b" testName="GetSettingAsInt32_NonExistingSetting_Throws_InvalidMulticastSettingsException" computerName="DKSR-EFI-04" duration="00:00:00.0004015" startTime="2023-12-22T09:33:33.8656308+01:00" endTime="2023-12-22T09:33:33.8656308+01:00" testType="13cdc9d9-ddb5-4fa4-a97d-d965ccfc6d4b" outcome="Passed" testListId="8c84fa94-04c1-424b-9868-57a2d4851a1d" relativeResultsDirectory="f05f505b-9911-40a2-b4d6-426c6562c7b0" />
    <UnitTestResult executionId="5ebebeb1-2bdd-43c2-83c3-7f34d582ebb3" testId="3dffb522-9ea9-2761-a867-9254d83c0b38" testName="CallStartMethodForNotCameraLinkedCameraNotStarted" computerName="DKSR-EFI-04" duration="00:00:00.0006326" startTime="2023-12-22T09:33:33.3812565+01:00" endTime="2023-12-22T09:33:33.3812565+01:00" testType="13cdc9d9-ddb5-4fa4-a97d-d965ccfc6d4b" outcome="Passed" testListId="8c84fa94-04c1-424b-9868-57a2d4851a1d" relativeResultsDirectory="5ebebeb1-2bdd-43c2-83c3-7f34d582ebb3" />
    <UnitTestResult executionId="c6958ad3-36cf-4395-9b15-f700ba6469de" testId="7186eb48-8593-669a-2e90-533ebdbf42c5" testName="EvidenceLockOnOldRecorderCommandHandler_SetEvidenceLocksNotCalled_FailResponse" computerName="DKSR-EFI-04" duration="00:00:00.0009729" startTime="2023-12-22T09:33:45.9750641+01:00" endTime="2023-12-22T09:33:45.9750641+01:00" testType="13cdc9d9-ddb5-4fa4-a97d-d965ccfc6d4b" outcome="Passed" testListId="8c84fa94-04c1-424b-9868-57a2d4851a1d" relativeResultsDirectory="c6958ad3-36cf-4395-9b15-f700ba6469de" />
    <UnitTestResult executionId="e7949b29-d0e1-4af9-8a59-8053ee827fdb" testId="24ce6395-f9b5-f8e7-8703-df162f702b2c" testName="AddHardwareUserCommandHandler_Execute_HardwareBlocked_Errors" computerName="DKSR-EFI-04" duration="00:00:00.0025769" startTime="2023-12-22T09:33:45.0375597+01:00" endTime="2023-12-22T09:33:45.0375597+01:00" testType="13cdc9d9-ddb5-4fa4-a97d-d965ccfc6d4b" outcome="Passed" testListId="8c84fa94-04c1-424b-9868-57a2d4851a1d" relativeResultsDirectory="e7949b29-d0e1-4af9-8a59-8053ee827fdb" />
    <UnitTestResult executionId="87a31f73-95b2-4634-be16-9597f845b5f3" testId="a483ecec-dce9-bbc0-17e3-9f4777953165" testName="SOAPCommandRequestHandler_ExecuteFunction_HandleSequencesGetTypes_Success" computerName="DKSR-EFI-04" duration="00:00:00.0018670" startTime="2023-12-22T09:33:29.9281113+01:00" endTime="2023-12-22T09:33:29.9281113+01:00" testType="13cdc9d9-ddb5-4fa4-a97d-d965ccfc6d4b" outcome="Passed" testListId="8c84fa94-04c1-424b-9868-57a2d4851a1d" relativeResultsDirectory="87a31f73-95b2-4634-be16-9597f845b5f3" />
    <UnitTestResult executionId="c22c6ad4-3351-4a01-a0c1-888b25894030" testId="d87362df-7855-31ed-66c3-5d3da7f894c8" testName="AddStatus_SendsRecorderGuid_OnAnyStatus" computerName="DKSR-EFI-04" duration="00:00:00.0007405" startTime="2023-12-22T09:33:23.4280805+01:00" endTime="2023-12-22T09:33:23.4280805+01:00" testType="13cdc9d9-ddb5-4fa4-a97d-d965ccfc6d4b" outcome="Passed" testListId="8c84fa94-04c1-424b-9868-57a2d4851a1d" relativeResultsDirectory="c22c6ad4-3351-4a01-a0c1-888b25894030" />
    <UnitTestResult executionId="79388d7a-9231-4b17-bf7c-56aa528cadf4" testId="04960c62-f4db-d957-09de-6bdc827777ef" testName="SOAPCommandRequestHandler_ExecuteFunction_HandlePTZMoveStop_No_Security" computerName="DKSR-EFI-04" duration="00:00:00.0016230" startTime="2023-12-22T09:33:30.7562382+01:00" endTime="2023-12-22T09:33:30.7562382+01:00" testType="13cdc9d9-ddb5-4fa4-a97d-d965ccfc6d4b" outcome="Passed" testListId="8c84fa94-04c1-424b-9868-57a2d4851a1d" relativeResultsDirectory="79388d7a-9231-4b17-bf7c-56aa528cadf4" />
    <UnitTestResult executionId="95cdef36-bf80-4f3e-9a53-6766d7affa5d" testId="364ed2ff-1752-6dc3-9a45-656d3267a6f4" testName="SOAPCommandRequestHandler_ExecuteFunction_HandlePTZActivatePatrollingSchema_NoPatrollingSchemaId" computerName="DKSR-EFI-04" duration="00:00:00.0009332" startTime="2023-12-22T09:33:30.9281140+01:00" endTime="2023-12-22T09:33:30.9281140+01:00" testType="13cdc9d9-ddb5-4fa4-a97d-d965ccfc6d4b" outcome="Passed" testListId="8c84fa94-04c1-424b-9868-57a2d4851a1d" relativeResultsDirectory="95cdef36-bf80-4f3e-9a53-6766d7affa5d" />
    <UnitTestResult executionId="f50d95b4-8b40-4d16-a5cd-0951599cc0c1" testId="428ca194-877b-58c2-1d15-059150b3e8bd" testName="TimeRangeConversionStartTimeAfterEndTime" computerName="DKSR-EFI-04" duration="00:00:00.0010768" startTime="2023-12-22T09:33:44.4438087+01:00" endTime="2023-12-22T09:33:44.4438087+01:00" testType="13cdc9d9-ddb5-4fa4-a97d-d965ccfc6d4b" outcome="Passed" testListId="8c84fa94-04c1-424b-9868-57a2d4851a1d" relativeResultsDirectory="f50d95b4-8b40-4d16-a5cd-0951599cc0c1">
      <Output>
        <StdOut>Debug Trace:&#xD;
Fail: Start time must be before end time</StdOut>
      </Output>
    </UnitTestResult>
    <UnitTestResult executionId="f3474299-5cfe-4b88-a7cd-39380c50745f" testId="47852ba4-9f7c-aef7-23bb-716ae480a7a9" testName="CheckUsingStorageTask_Run_Once" computerName="DKSR-EFI-04" duration="00:00:00.1894124" startTime="2023-12-22T09:33:32.9593769+01:00" endTime="2023-12-22T09:33:33.1468787+01:00" testType="13cdc9d9-ddb5-4fa4-a97d-d965ccfc6d4b" outcome="Passed" testListId="8c84fa94-04c1-424b-9868-57a2d4851a1d" relativeResultsDirectory="f3474299-5cfe-4b88-a7cd-39380c50745f" />
    <UnitTestResult executionId="ef872fa8-7f6e-433e-9207-ab02b12a6f3e" testId="5eeb65dd-4202-caed-7710-cc5b91710303" testName="SOAPCommandRequestHandler_GetClientCapabilities_No_PrivacyMask_Child_Of_ClientCapabilities_Section" computerName="DKSR-EFI-04" duration="00:00:00.0003526" startTime="2023-12-22T09:33:30.1937377+01:00" endTime="2023-12-22T09:33:30.1937377+01:00" testType="13cdc9d9-ddb5-4fa4-a97d-d965ccfc6d4b" outcome="Passed" testListId="8c84fa94-04c1-424b-9868-57a2d4851a1d" relativeResultsDirectory="ef872fa8-7f6e-433e-9207-ab02b12a6f3e" />
    <UnitTestResult executionId="97111c29-8845-4816-a5f3-310c0be2a293" testId="88b1808f-dd69-577c-bdee-e6d80a766a3d" testName="ConnectSuccess_Next_Denied" computerName="DKSR-EFI-04" duration="00:00:00.0025278" startTime="2023-12-22T09:33:27.6780990+01:00" endTime="2023-12-22T09:33:27.6937278+01:00" testType="13cdc9d9-ddb5-4fa4-a97d-d965ccfc6d4b" outcome="Passed" testListId="8c84fa94-04c1-424b-9868-57a2d4851a1d" relativeResultsDirectory="97111c29-8845-4816-a5f3-310c0be2a293" />
    <UnitTestResult executionId="266ba7b5-bbca-48b9-894a-d28cfd555fa5" testId="4636b9dc-c357-c362-b966-78bb4d5fdfce" testName="PrepareMoveHardwareCommandHandler_Execute_StorageOffline_ErrorResponse" computerName="DKSR-EFI-04" duration="00:00:00.0020587" startTime="2023-12-22T09:33:50.2563353+01:00" endTime="2023-12-22T09:33:50.2719611+01:00" testType="13cdc9d9-ddb5-4fa4-a97d-d965ccfc6d4b" outcome="Passed" testListId="8c84fa94-04c1-424b-9868-57a2d4851a1d" relativeResultsDirectory="266ba7b5-bbca-48b9-894a-d28cfd555fa5" />
    <UnitTestResult executionId="53973008-a363-4237-bc65-bde9e77987e4" testId="993ed0e9-7960-88a9-4252-c750dfd2eafd" testName="ArchiveSessionStarted_Success" computerName="DKSR-EFI-04" duration="00:00:00.0974272" startTime="2023-12-22T09:33:23.0062022+01:00" endTime="2023-12-22T09:33:23.1155790+01:00" testType="13cdc9d9-ddb5-4fa4-a97d-d965ccfc6d4b" outcome="Passed" testListId="8c84fa94-04c1-424b-9868-57a2d4851a1d" relativeResultsDirectory="53973008-a363-4237-bc65-bde9e77987e4" />
    <UnitTestResult executionId="f3b535ad-0a81-4366-8886-7e602475a612" testId="74b0d590-8d90-8ea9-7ba5-29e79b97b007" testName="PtzStopSessionCommandHandler_Execute_PtzException_PtzRequestPriorityTooLow" computerName="DKSR-EFI-04" duration="00:00:00.0004356" startTime="2023-12-22T09:33:50.4907114+01:00" endTime="2023-12-22T09:33:50.4907114+01:00" testType="13cdc9d9-ddb5-4fa4-a97d-d965ccfc6d4b" outcome="Passed" testListId="8c84fa94-04c1-424b-9868-57a2d4851a1d" relativeResultsDirectory="f3b535ad-0a81-4366-8886-7e602475a612" />
    <UnitTestResult executionId="72d99370-0824-47e2-af32-f92bd89b386d" testId="8d119962-db6d-cb0a-c605-9a3de5c65537" testName="SOAPCommandRequestHandler_ExecuteFunction_HandleSequencesGetAroundWithSpan_No_Microphone_Security" computerName="DKSR-EFI-04" duration="00:00:00.0019112" startTime="2023-12-22T09:33:29.8968629+01:00" endTime="2023-12-22T09:33:29.8968629+01:00" testType="13cdc9d9-ddb5-4fa4-a97d-d965ccfc6d4b" outcome="Passed" testListId="8c84fa94-04c1-424b-9868-57a2d4851a1d" relativeResultsDirectory="72d99370-0824-47e2-af32-f92bd89b386d" />
    <UnitTestResult executionId="18d06481-bd1d-44cd-ace2-2fc5efa31136" testId="d56e476a-51a4-e2c1-ac36-f4b139422e78" testName="LicenseManager_TryGetFeatureExpiryDate_InvalidOperation" computerName="DKSR-EFI-04" duration="00:00:00.0016170" startTime="2023-12-22T09:33:33.9125059+01:00" endTime="2023-12-22T09:33:33.9125059+01:00" testType="13cdc9d9-ddb5-4fa4-a97d-d965ccfc6d4b" outcome="Passed" testListId="8c84fa94-04c1-424b-9868-57a2d4851a1d" relativeResultsDirectory="18d06481-bd1d-44cd-ace2-2fc5efa31136" />
    <UnitTestResult executionId="000f54b7-4daa-4f92-a574-8a47b81ba12d" testId="39580f40-0bef-81f8-7235-89ab12e8c444" testName="MediaDbCache_GetDiskUsageInformationBank_Path_Null_ArgumentNullException" computerName="DKSR-EFI-04" duration="00:00:00.0045777" startTime="2023-12-22T09:33:44.6000572+01:00" endTime="2023-12-22T09:33:44.6000572+01:00" testType="13cdc9d9-ddb5-4fa4-a97d-d965ccfc6d4b" outcome="Passed" testListId="8c84fa94-04c1-424b-9868-57a2d4851a1d" relativeResultsDirectory="000f54b7-4daa-4f92-a574-8a47b81ba12d">
      <Output>
        <StdOut>Debug Trace:&#xD;
Fail: Argument null.</StdOut>
      </Output>
    </UnitTestResult>
    <UnitTestResult executionId="661aa843-8d43-43b8-bd79-2d1f854a9819" testId="47ed7273-aafd-26ed-80e9-e9334a3bb694" testName="GetNetworkConfigurationCommandHandler_Execute_HardwareNotFound_Fails" computerName="DKSR-EFI-04" duration="00:00:00.0006165" startTime="2023-12-22T09:33:47.9282011+01:00" endTime="2023-12-22T09:33:47.9282011+01:00" testType="13cdc9d9-ddb5-4fa4-a97d-d965ccfc6d4b" outcome="Passed" testListId="8c84fa94-04c1-424b-9868-57a2d4851a1d" relativeResultsDirectory="661aa843-8d43-43b8-bd79-2d1f854a9819" />
    <UnitTestResult executionId="43d38a7a-5d8b-4530-ab87-ce34f933feb8" testId="dcb17907-55f0-9c46-d5f2-f7a076037302" testName="DatabaseoperationCommandhandler_FilterTrackIdsToThoseWithoutMediaOnRecorder_AreAllStoragesAndArchivesOnline_Returns_false_Causes_DataExists" computerName="DKSR-EFI-04" duration="00:00:00.0010473" startTime="2023-12-22T09:33:45.5375633+01:00" endTime="2023-12-22T09:33:45.5375633+01:00" testType="13cdc9d9-ddb5-4fa4-a97d-d965ccfc6d4b" outcome="Passed" testListId="8c84fa94-04c1-424b-9868-57a2d4851a1d" relativeResultsDirectory="43d38a7a-5d8b-4530-ab87-ce34f933feb8" />
    <UnitTestResult executionId="6a8fb9ea-5599-42f4-811b-43b96dc6a965" testId="e5907a3c-ce81-2eb8-ce3e-a51d809d87ad" testName="FileUploadCommandHandler_Execute_CommandWithErrorMessageReturnsErrorResponse" computerName="DKSR-EFI-04" duration="00:00:00.0008699" startTime="2023-12-22T09:33:46.0688152+01:00" endTime="2023-12-22T09:33:46.0844417+01:00" testType="13cdc9d9-ddb5-4fa4-a97d-d965ccfc6d4b" outcome="Passed" testListId="8c84fa94-04c1-424b-9868-57a2d4851a1d" relativeResultsDirectory="6a8fb9ea-5599-42f4-811b-43b96dc6a965" />
    <UnitTestResult executionId="aa6c679c-9d54-465b-8704-004ecca65eb7" testId="5f6760f9-7657-3111-5554-42ed5a72d76c" testName="HandleRequest_WrongPath_404NotFound" computerName="DKSR-EFI-04" duration="00:00:00.0006218" startTime="2023-12-22T09:33:24.7562137+01:00" endTime="2023-12-22T09:33:24.7562137+01:00" testType="13cdc9d9-ddb5-4fa4-a97d-d965ccfc6d4b" outcome="Passed" testListId="8c84fa94-04c1-424b-9868-57a2d4851a1d" relativeResultsDirectory="aa6c679c-9d54-465b-8704-004ecca65eb7" />
    <UnitTestResult executionId="0374fe95-efbb-4e9d-92f3-7b05c1ad1f43" testId="3619a619-c06c-ef53-b6fd-e5a15fab7b29" testName="SessionExpiredTask_Constructor_Success" computerName="DKSR-EFI-04" duration="00:00:00.0017797" startTime="2023-12-22T09:33:52.1782206+01:00" endTime="2023-12-22T09:33:52.1782206+01:00" testType="13cdc9d9-ddb5-4fa4-a97d-d965ccfc6d4b" outcome="Passed" testListId="8c84fa94-04c1-424b-9868-57a2d4851a1d" relativeResultsDirectory="0374fe95-efbb-4e9d-92f3-7b05c1ad1f43" />
    <UnitTestResult executionId="f587f7e8-14fb-4c53-9914-091d03cfaa5c" testId="ded54c5d-6865-8904-17e6-b13eabf08e52" testName="IsInRange_ShouldReturnTrue_WhenAddressIsBetweenStartAndEndBigRange" computerName="DKSR-EFI-04" duration="00:00:00.0001456" startTime="2023-12-22T09:33:44.2875585+01:00" endTime="2023-12-22T09:33:44.3031837+01:00" testType="13cdc9d9-ddb5-4fa4-a97d-d965ccfc6d4b" outcome="Passed" testListId="8c84fa94-04c1-424b-9868-57a2d4851a1d" relativeResultsDirectory="f587f7e8-14fb-4c53-9914-091d03cfaa5c" />
    <UnitTestResult executionId="f72f2af6-ebe8-4bfc-a06c-f833b496d34d" testId="2084f781-d987-cb17-5bce-57e18517931f" testName="RequestRecordKeyframesOnly_DoesntChangeRecordAllFrames_OnMoreThanOneRequestToRecordAllFrames" computerName="DKSR-EFI-04" duration="00:00:00.0003135" startTime="2023-12-22T09:33:32.0062460+01:00" endTime="2023-12-22T09:33:32.0062460+01:00" testType="13cdc9d9-ddb5-4fa4-a97d-d965ccfc6d4b" outcome="Passed" testListId="8c84fa94-04c1-424b-9868-57a2d4851a1d" relativeResultsDirectory="f72f2af6-ebe8-4bfc-a06c-f833b496d34d" />
    <UnitTestResult executionId="795c79a3-306f-4525-9fc8-e84d09111a84" testId="c4a10832-9a58-deb5-3a21-94cad219c233" testName="DriverProxyInstanceManager_AddSameHardwareTwice_AddedToProxyInstanceOnlyOnce" computerName="DKSR-EFI-04" duration="00:00:00.0003111" startTime="2023-12-22T09:33:22.1468226+01:00" endTime="2023-12-22T09:33:22.1468226+01:00" testType="13cdc9d9-ddb5-4fa4-a97d-d965ccfc6d4b" outcome="Passed" testListId="8c84fa94-04c1-424b-9868-57a2d4851a1d" relativeResultsDirectory="795c79a3-306f-4525-9fc8-e84d09111a84" />
    <UnitTestResult executionId="40d12667-a96c-4e5c-86e5-5960db93d3ae" testId="ba6364de-61ad-cb1b-3aa7-78b11d2b9520" testName="HardwareScanSession_TestProgressRounding" computerName="DKSR-EFI-04" duration="00:00:00.0007255" startTime="2023-12-22T09:33:44.1938072+01:00" endTime="2023-12-22T09:33:44.1938072+01:00" testType="13cdc9d9-ddb5-4fa4-a97d-d965ccfc6d4b" outcome="Passed" testListId="8c84fa94-04c1-424b-9868-57a2d4851a1d" relativeResultsDirectory="40d12667-a96c-4e5c-86e5-5960db93d3ae" />
    <UnitTestResult executionId="265834b1-a795-4418-b3a4-2470f83f4ec1" testId="e9d00f7c-f554-d861-613e-abcdc5284ee5" testName="SOAPCommandRequestHandler_ExecuteFunction_HandleTimeLineInformationGet_NoTimeLineInformationCount" computerName="DKSR-EFI-04" duration="00:00:00.0009429" startTime="2023-12-22T09:33:30.1468630+01:00" endTime="2023-12-22T09:33:30.1468630+01:00" testType="13cdc9d9-ddb5-4fa4-a97d-d965ccfc6d4b" outcome="Passed" testListId="8c84fa94-04c1-424b-9868-57a2d4851a1d" relativeResultsDirectory="265834b1-a795-4418-b3a4-2470f83f4ec1" />
    <UnitTestResult executionId="c8e6eb3d-c05b-4b29-8fe1-736ce72786e4" testId="eb1b6153-5e3a-f9e2-53fa-b64e9e62d863" testName="ChangeHardwarePasswordCommandHandler_Execute_ChangePassword_ThrowsMemoryException_Throws" computerName="DKSR-EFI-04" duration="00:00:00.0010539" startTime="2023-12-22T09:33:45.2094350+01:00" endTime="2023-12-22T09:33:45.2094350+01:00" testType="13cdc9d9-ddb5-4fa4-a97d-d965ccfc6d4b" outcome="Passed" testListId="8c84fa94-04c1-424b-9868-57a2d4851a1d" relativeResultsDirectory="c8e6eb3d-c05b-4b29-8fe1-736ce72786e4" />
    <UnitTestResult executionId="8141d191-8bfc-44e4-8fc7-6f029f0cc26f" testId="7d3f2f7a-9a5c-53ed-13fc-aa95e828dc4c" testName="RegisterLiveTablesInStorageTwiche" computerName="DKSR-EFI-04" duration="00:00:00.0006764" startTime="2023-12-22T09:33:44.9438114+01:00" endTime="2023-12-22T09:33:44.9438114+01:00" testType="13cdc9d9-ddb5-4fa4-a97d-d965ccfc6d4b" outcome="Passed" testListId="8c84fa94-04c1-424b-9868-57a2d4851a1d" relativeResultsDirectory="8141d191-8bfc-44e4-8fc7-6f029f0cc26f" />
    <UnitTestResult executionId="c4e5785f-ca6d-4f7b-ade6-b52410ca7c10" testId="0e3f8aa2-b5f9-2f67-934c-8261cc017f11" testName="RemoveStorages_Ok" computerName="DKSR-EFI-04" duration="00:00:00.0048153" startTime="2023-12-22T09:33:32.7093761+01:00" endTime="2023-12-22T09:33:32.7250002+01:00" testType="13cdc9d9-ddb5-4fa4-a97d-d965ccfc6d4b" outcome="Passed" testListId="8c84fa94-04c1-424b-9868-57a2d4851a1d" relativeResultsDirectory="c4e5785f-ca6d-4f7b-ade6-b52410ca7c10" />
    <UnitTestResult executionId="0807096e-31f3-4060-a037-4f0e09c968be" testId="8e756632-0f2f-0bd3-91e9-9a495f840b99" testName="SOAPCommandRequestHandler_ExecuteFunction_HandleJPEGGetLive_NoDevice" computerName="DKSR-EFI-04" duration="00:00:00.0018314" startTime="2023-12-22T09:33:30.5218665+01:00" endTime="2023-12-22T09:33:30.5218665+01:00" testType="13cdc9d9-ddb5-4fa4-a97d-d965ccfc6d4b" outcome="Passed" testListId="8c84fa94-04c1-424b-9868-57a2d4851a1d" relativeResultsDirectory="0807096e-31f3-4060-a037-4f0e09c968be" />
    <UnitTestResult executionId="e4b5597c-ccfe-4a36-b68f-5575ad11d898" testId="1c0fdb89-04ca-c360-83b3-439b0cf7f31e" testName="AddStatus_DoesNotSendStatus_OnRecorderNotConnected" computerName="DKSR-EFI-04" duration="00:00:00.0006122" startTime="2023-12-22T09:33:23.4124593+01:00" endTime="2023-12-22T09:33:23.4124593+01:00" testType="13cdc9d9-ddb5-4fa4-a97d-d965ccfc6d4b" outcome="Passed" testListId="8c84fa94-04c1-424b-9868-57a2d4851a1d" relativeResultsDirectory="e4b5597c-ccfe-4a36-b68f-5575ad11d898" />
    <UnitTestResult executionId="8269b797-7cd0-467e-927c-6d0ececfe63f" testId="cae8c1d1-a0d0-db92-4110-9d76790ccba1" testName="Dispose_DoesNotThrowException_OnNullAsTask" computerName="DKSR-EFI-04" duration="00:00:00.0003507" startTime="2023-12-22T09:33:33.3187530+01:00" endTime="2023-12-22T09:33:33.3187530+01:00" testType="13cdc9d9-ddb5-4fa4-a97d-d965ccfc6d4b" outcome="Passed" testListId="8c84fa94-04c1-424b-9868-57a2d4851a1d" relativeResultsDirectory="8269b797-7cd0-467e-927c-6d0ececfe63f" />
    <UnitTestResult executionId="19e1dce9-09ad-4181-a570-605d4a4da5e8" testId="690896ac-bb37-5cf7-d792-7478f7fc943d" testName="MediaDbRepairStatus_StillWithinRepairTime" computerName="DKSR-EFI-04" duration="00:00:00.0006468" startTime="2023-12-22T09:33:44.3344331+01:00" endTime="2023-12-22T09:33:44.3344331+01:00" testType="13cdc9d9-ddb5-4fa4-a97d-d965ccfc6d4b" outcome="Passed" testListId="8c84fa94-04c1-424b-9868-57a2d4851a1d" relativeResultsDirectory="19e1dce9-09ad-4181-a570-605d4a4da5e8" />
    <UnitTestResult executionId="cc193acf-3959-4f09-8587-a846756d3abb" testId="8da886ae-fb0e-f597-f3c0-ea01d391cbf1" testName="SmartSearchHandlerForwardDirectHitSingleSequence" computerName="DKSR-EFI-04" duration="00:00:00.0007028" startTime="2023-12-22T09:33:32.1156223+01:00" endTime="2023-12-22T09:33:32.1156223+01:00" testType="13cdc9d9-ddb5-4fa4-a97d-d965ccfc6d4b" outcome="Passed" testListId="8c84fa94-04c1-424b-9868-57a2d4851a1d" relativeResultsDirectory="cc193acf-3959-4f09-8587-a846756d3abb" />
    <UnitTestResult executionId="606d0d6f-24cf-47b7-b10c-f31d8563b2a6" testId="164928c8-2be5-ec25-909d-bc85b0d98fe1" testName="SOAPCommandRequestHandler_ExecuteFunction_HandlePTZMoveAbsolute_NoPtzArgs" computerName="DKSR-EFI-04" duration="00:00:00.0008492" startTime="2023-12-22T09:33:30.6781169+01:00" endTime="2023-12-22T09:33:30.6781169+01:00" testType="13cdc9d9-ddb5-4fa4-a97d-d965ccfc6d4b" outcome="Passed" testListId="8c84fa94-04c1-424b-9868-57a2d4851a1d" relativeResultsDirectory="606d0d6f-24cf-47b7-b10c-f31d8563b2a6" />
    <UnitTestResult executionId="93663ece-fbf4-4797-b82d-b69c358256df" testId="8614e3a5-5860-28dc-3880-8360eeb52686" testName="SOAPCommandRequestHandler_ExecuteFunction_HandleOutputTrigger_NoMicroSeconds" computerName="DKSR-EFI-04" duration="00:00:00.0003940" startTime="2023-12-22T09:33:30.5843650+01:00" endTime="2023-12-22T09:33:30.5843650+01:00" testType="13cdc9d9-ddb5-4fa4-a97d-d965ccfc6d4b" outcome="Passed" testListId="8c84fa94-04c1-424b-9868-57a2d4851a1d" relativeResultsDirectory="93663ece-fbf4-4797-b82d-b69c358256df" />
    <UnitTestResult executionId="9cf1a580-f3b6-4362-95eb-9f24c7ec153e" testId="45a4f1a6-2ce2-e56e-6836-f273a0af1ca2" testName="CheckDeleteDeviceMediaCommandHandler_LocalConfigG1_MediaDbG1G2G3G4_ExistedTracksG1G4_DeleteG2G3" computerName="DKSR-EFI-04" duration="00:00:00.0008239" startTime="2023-12-22T09:33:45.2563108+01:00" endTime="2023-12-22T09:33:45.2563108+01:00" testType="13cdc9d9-ddb5-4fa4-a97d-d965ccfc6d4b" outcome="Passed" testListId="8c84fa94-04c1-424b-9868-57a2d4851a1d" relativeResultsDirectory="9cf1a580-f3b6-4362-95eb-9f24c7ec153e" />
    <UnitTestResult executionId="ca3a6a82-dd2c-4566-af14-f17443c6b26f" testId="642c7910-1275-0f78-7481-523ab64b3cc6" testName="TestLiveTableStatusUpdatedOneStatus" computerName="DKSR-EFI-04" duration="00:00:00.0004451" startTime="2023-12-22T09:33:44.9281845+01:00" endTime="2023-12-22T09:33:44.9281845+01:00" testType="13cdc9d9-ddb5-4fa4-a97d-d965ccfc6d4b" outcome="Passed" testListId="8c84fa94-04c1-424b-9868-57a2d4851a1d" relativeResultsDirectory="ca3a6a82-dd2c-4566-af14-f17443c6b26f" />
    <UnitTestResult executionId="79b55b26-cc5f-453d-a5d4-44495e53713b" testId="fa371e32-3613-5a96-34d6-955f4e6352f7" testName="PtzPatrollingSessionBase_Start_AlreadyRunning" computerName="DKSR-EFI-04" duration="00:00:00.0008611" startTime="2023-12-22T09:33:52.3032217+01:00" endTime="2023-12-22T09:33:52.3032217+01:00" testType="13cdc9d9-ddb5-4fa4-a97d-d965ccfc6d4b" outcome="Passed" testListId="8c84fa94-04c1-424b-9868-57a2d4851a1d" relativeResultsDirectory="79b55b26-cc5f-453d-a5d4-44495e53713b">
      <Output>
        <StdOut>Debug Trace:&#xD;
VideoOS.Recorder.PtzPatrollingSession session started</StdOut>
      </Output>
    </UnitTestResult>
    <UnitTestResult executionId="1b08ac91-ff5b-423d-aff6-cd7ee9f1a6e2" testId="8d25649c-bb68-f10a-3f91-adbbcc1f62e2" testName="RequestArchiveInformation_StorageIDMapping_Null" computerName="DKSR-EFI-04" duration="00:00:00.0018262" startTime="2023-12-22T09:33:32.7250002+01:00" endTime="2023-12-22T09:33:32.7250002+01:00" testType="13cdc9d9-ddb5-4fa4-a97d-d965ccfc6d4b" outcome="Passed" testListId="8c84fa94-04c1-424b-9868-57a2d4851a1d" relativeResultsDirectory="1b08ac91-ff5b-423d-aff6-cd7ee9f1a6e2" />
    <UnitTestResult executionId="2072bfad-bd33-471e-97a0-6f66bdb14993" testId="05ff1802-02e0-caac-c581-abbda79bfe56" testName="Ctor_Null_Throws_ArgumentNullException" computerName="DKSR-EFI-04" duration="00:00:00.0199608" startTime="2023-12-22T09:33:33.6156294+01:00" endTime="2023-12-22T09:33:33.6312545+01:00" testType="13cdc9d9-ddb5-4fa4-a97d-d965ccfc6d4b" outcome="Passed" testListId="8c84fa94-04c1-424b-9868-57a2d4851a1d" relativeResultsDirectory="2072bfad-bd33-471e-97a0-6f66bdb14993">
      <Output>
        <StdOut>Debug Trace:&#xD;
Fail: Argument null</StdOut>
      </Output>
    </UnitTestResult>
    <UnitTestResult executionId="27438e48-3661-4f0a-b37a-9b03c7cc8669" testId="0ec4ae82-8a56-942f-cc7c-8f18c8a50514" testName="SOAPCommandRequestHandler_ExecuteFunction_HandleJPEGGetLive_NoMaxHeight" computerName="DKSR-EFI-04" duration="00:00:00.0004466" startTime="2023-12-22T09:33:30.5062390+01:00" endTime="2023-12-22T09:33:30.5062390+01:00" testType="13cdc9d9-ddb5-4fa4-a97d-d965ccfc6d4b" outcome="Passed" testListId="8c84fa94-04c1-424b-9868-57a2d4851a1d" relativeResultsDirectory="27438e48-3661-4f0a-b37a-9b03c7cc8669" />
    <UnitTestResult executionId="b24ac5dd-e2b0-4e50-a86e-51da64d30ee9" testId="c20e4440-ba71-8139-0f29-5a510275838b" testName="ProcessRequest_Html_Success" computerName="DKSR-EFI-04" duration="00:00:00.0264595" startTime="2023-12-22T09:33:31.1468670+01:00" endTime="2023-12-22T09:33:31.1781185+01:00" testType="13cdc9d9-ddb5-4fa4-a97d-d965ccfc6d4b" outcome="Passed" testListId="8c84fa94-04c1-424b-9868-57a2d4851a1d" relativeResultsDirectory="b24ac5dd-e2b0-4e50-a86e-51da64d30ee9" />
    <UnitTestResult executionId="1f98f14d-9ce8-4bb5-ad14-5d62ec58b696" testId="5fc1a897-2bad-bfc8-e907-547b72df22df" testName="ConnectSuccess_Goto_Exception" computerName="DKSR-EFI-04" duration="00:00:00.0406215" startTime="2023-12-22T09:33:27.6156005+01:00" endTime="2023-12-22T09:33:27.6624790+01:00" testType="13cdc9d9-ddb5-4fa4-a97d-d965ccfc6d4b" outcome="Passed" testListId="8c84fa94-04c1-424b-9868-57a2d4851a1d" relativeResultsDirectory="1f98f14d-9ce8-4bb5-ad14-5d62ec58b696" />
    <UnitTestResult executionId="d791e900-fe88-40f1-a90d-78ab424fbe32" testId="0ca5341d-8f9b-cf5b-83c1-85662533be56" testName="PtzPatrollingSessionBase_OnDeviceStarted_Success" computerName="DKSR-EFI-04" duration="00:00:00.0009873" startTime="2023-12-22T09:33:52.3188456+01:00" endTime="2023-12-22T09:33:52.3188456+01:00" testType="13cdc9d9-ddb5-4fa4-a97d-d965ccfc6d4b" outcome="Passed" testListId="8c84fa94-04c1-424b-9868-57a2d4851a1d" relativeResultsDirectory="d791e900-fe88-40f1-a90d-78ab424fbe32">
      <Output>
        <StdOut>Debug Trace:&#xD;
VideoOS.Recorder.PtzPatrollingSession session started</StdOut>
      </Output>
    </UnitTestResult>
    <UnitTestResult executionId="1c55bed7-0bf7-4ccd-9d71-773438f5e2e7" testId="c951f1dc-19a4-4b55-2907-a54f697020e2" testName="PtzManualSession_Start_Success" computerName="DKSR-EFI-04" duration="00:00:00.0069724" startTime="2023-12-22T09:33:52.2250967+01:00" endTime="2023-12-22T09:33:52.2407203+01:00" testType="13cdc9d9-ddb5-4fa4-a97d-d965ccfc6d4b" outcome="Passed" testListId="8c84fa94-04c1-424b-9868-57a2d4851a1d" relativeResultsDirectory="1c55bed7-0bf7-4ccd-9d71-773438f5e2e7">
      <Output>
        <StdOut>Debug Trace:&#xD;
VideoOS.Recorder.PtzManualSession session started&#xD;
PTZ ManualSession START(), priority = 2147483647, Identity = \</StdOut>
      </Output>
    </UnitTestResult>
    <UnitTestResult executionId="7e59d09d-4728-4a1c-9c89-4fbafc25fd52" testId="9c340af1-0e33-101d-b2bd-9ae449fb5a93" testName="HandleRequest_Json_Success" computerName="DKSR-EFI-04" duration="00:00:00.0004687" startTime="2023-12-22T09:33:24.9593368+01:00" endTime="2023-12-22T09:33:24.9593368+01:00" testType="13cdc9d9-ddb5-4fa4-a97d-d965ccfc6d4b" outcome="Passed" testListId="8c84fa94-04c1-424b-9868-57a2d4851a1d" relativeResultsDirectory="7e59d09d-4728-4a1c-9c89-4fbafc25fd52" />
    <UnitTestResult executionId="408f6b24-02c1-4d2c-8566-451037479ff7" testId="4ab85330-3715-6760-6b66-c97c2904e0fb" testName="PtzManager_ActivatePatrollingSchema_Success" computerName="DKSR-EFI-04" duration="00:00:00.0032339" startTime="2023-12-22T09:33:51.9750944+01:00" endTime="2023-12-22T09:33:51.9750944+01:00" testType="13cdc9d9-ddb5-4fa4-a97d-d965ccfc6d4b" outcome="Passed" testListId="8c84fa94-04c1-424b-9868-57a2d4851a1d" relativeResultsDirectory="408f6b24-02c1-4d2c-8566-451037479ff7" />
    <UnitTestResult executionId="25229df3-12da-4754-9183-43adbb793f5d" testId="f935d6b7-2df1-476a-37a6-b512c480aa3c" testName="AudioPlayerOnSpeaker_PlayUsingCurrentThread_4_Devices_3_Failing" computerName="DKSR-EFI-04" duration="00:00:00.0557288" startTime="2023-12-22T09:33:52.4907225+01:00" endTime="2023-12-22T09:33:52.5532226+01:00" testType="13cdc9d9-ddb5-4fa4-a97d-d965ccfc6d4b" outcome="Passed" testListId="8c84fa94-04c1-424b-9868-57a2d4851a1d" relativeResultsDirectory="25229df3-12da-4754-9183-43adbb793f5d" />
    <UnitTestResult executionId="5bb952e3-4c75-4bcf-9762-c68d47658b03" testId="a6fc6e0f-6045-60b0-924f-e1bbf6047dee" testName="SOAPCommandRequestHandler_ExecuteFunction_HandlePTZMoveRelative_Success" computerName="DKSR-EFI-04" duration="00:00:00.0021870" startTime="2023-12-22T09:33:30.7249916+01:00" endTime="2023-12-22T09:33:30.7249916+01:00" testType="13cdc9d9-ddb5-4fa4-a97d-d965ccfc6d4b" outcome="Passed" testListId="8c84fa94-04c1-424b-9868-57a2d4851a1d" relativeResultsDirectory="5bb952e3-4c75-4bcf-9762-c68d47658b03" />
    <UnitTestResult executionId="f8a13e40-eb1a-4dfd-9bec-c6e1f6a365de" testId="c2e7304e-f9b2-ac44-a7c6-7e9021b5fa4c" testName="SynchronizeDevicePresetsCommandHandler_Execute_Success" computerName="DKSR-EFI-04" duration="00:00:00.0127247" startTime="2023-12-22T09:33:51.0375904+01:00" endTime="2023-12-22T09:33:51.0532151+01:00" testType="13cdc9d9-ddb5-4fa4-a97d-d965ccfc6d4b" outcome="Passed" testListId="8c84fa94-04c1-424b-9868-57a2d4851a1d" relativeResultsDirectory="f8a13e40-eb1a-4dfd-9bec-c6e1f6a365de" />
    <UnitTestResult executionId="c1026bdb-cf20-4b56-aa0e-d359f3051d52" testId="3969288b-4860-269d-a130-cda973aaacba" testName="LicenseManager_CheckHardwareLicensed_unlicensed_licensedBeforeExpiryDateWithReplacementToken" computerName="DKSR-EFI-04" duration="00:00:00.0010623" startTime="2023-12-22T09:33:33.8968813+01:00" endTime="2023-12-22T09:33:33.8968813+01:00" testType="13cdc9d9-ddb5-4fa4-a97d-d965ccfc6d4b" outcome="Passed" testListId="8c84fa94-04c1-424b-9868-57a2d4851a1d" relativeResultsDirectory="c1026bdb-cf20-4b56-aa0e-d359f3051d52" />
    <UnitTestResult executionId="a03cb052-949e-4fc0-9005-c93d5bd0a2ec" testId="0fb08c75-3a29-0406-124b-29414bdda200" testName="PingDeviceCommandHandler_Execute_InvalidAddress" computerName="DKSR-EFI-04" duration="00:00:00.0122350" startTime="2023-12-22T09:33:48.9438302+01:00" endTime="2023-12-22T09:33:48.9438302+01:00" testType="13cdc9d9-ddb5-4fa4-a97d-d965ccfc6d4b" outcome="Passed" testListId="8c84fa94-04c1-424b-9868-57a2d4851a1d" relativeResultsDirectory="a03cb052-949e-4fc0-9005-c93d5bd0a2ec" />
    <UnitTestResult executionId="6bfdbc1f-7cc0-4538-aaf0-87b7c8c923bb" testId="2c704326-2083-e4db-b705-8d6a363a6828" testName="Configuration_SettingsAreSet_CorrectSettingsAreApplied" computerName="DKSR-EFI-04" startTime="2023-12-22T09:33:24.7093362+01:00" endTime="2023-12-22T09:33:24.7093362+01:00" testType="13cdc9d9-ddb5-4fa4-a97d-d965ccfc6d4b" outcome="NotExecuted" testListId="8c84fa94-04c1-424b-9868-57a2d4851a1d" relativeResultsDirectory="6bfdbc1f-7cc0-4538-aaf0-87b7c8c923bb">
      <Output></Output>
    </UnitTestResult>
    <UnitTestResult executionId="c529f48b-e339-49c4-8aee-ef891fa869fa" testId="703be512-91ea-7b47-d7fb-c0bd8c9f46c1" testName="ConnectSuccess_End" computerName="DKSR-EFI-04" duration="00:00:00.0028050" startTime="2023-12-22T09:33:27.7562269+01:00" endTime="2023-12-22T09:33:27.7562269+01:00" testType="13cdc9d9-ddb5-4fa4-a97d-d965ccfc6d4b" outcome="Passed" testListId="8c84fa94-04c1-424b-9868-57a2d4851a1d" relativeResultsDirectory="c529f48b-e339-49c4-8aee-ef891fa869fa" />
    <UnitTestResult executionId="f6d21f5e-1bed-4a5b-a6ab-07b4a1ed7e00" testId="ae02b7b8-73a6-db4e-d23a-5f1b21336a35" testName="SetupInitialHardwareUserCommandHandler_Execute_Success" computerName="DKSR-EFI-04" duration="00:00:00.0065423" startTime="2023-12-22T09:33:50.9750876+01:00" endTime="2023-12-22T09:33:50.9907143+01:00" testType="13cdc9d9-ddb5-4fa4-a97d-d965ccfc6d4b" outcome="Passed" testListId="8c84fa94-04c1-424b-9868-57a2d4851a1d" relativeResultsDirectory="f6d21f5e-1bed-4a5b-a6ab-07b4a1ed7e00" />
    <UnitTestResult executionId="b040b2f5-7075-4f68-89a8-a77a3f6eb643" testId="068809ea-9aa8-35d4-7bb8-e61f3cca836c" testName="SOAPCommandRequestHandler_ExecuteFunction_HandleSequencesGet_No_Speaker_Security" computerName="DKSR-EFI-04" duration="00:00:00.0023202" startTime="2023-12-22T09:33:29.7874858+01:00" endTime="2023-12-22T09:33:29.7874858+01:00" testType="13cdc9d9-ddb5-4fa4-a97d-d965ccfc6d4b" outcome="Passed" testListId="8c84fa94-04c1-424b-9868-57a2d4851a1d" relativeResultsDirectory="b040b2f5-7075-4f68-89a8-a77a3f6eb643" />
    <UnitTestResult executionId="6f0ea156-eecb-4f1d-a84b-981b8a1a9ad9" testId="f3ab9900-68d0-1d8c-c5b2-d58eb25d9d14" testName="GetDefaultOrFirstAudioEncodingFromDefinition_GetDefaultSettingTest" computerName="DKSR-EFI-04" duration="00:00:00.0549964" startTime="2023-12-22T09:33:31.7562436+01:00" endTime="2023-12-22T09:33:31.8187437+01:00" testType="13cdc9d9-ddb5-4fa4-a97d-d965ccfc6d4b" outcome="Passed" testListId="8c84fa94-04c1-424b-9868-57a2d4851a1d" relativeResultsDirectory="6f0ea156-eecb-4f1d-a84b-981b8a1a9ad9" />
    <UnitTestResult executionId="1f1a67f0-2774-4763-9979-97da133abd17" testId="28fa0d16-0772-95da-08e6-fa4cc9274598" testName="FailoverMediaMover_MoveMediaDataHere_Remote_Connect_Fails" computerName="DKSR-EFI-04" duration="00:00:00.0077762" startTime="2023-12-22T09:33:22.9905770+01:00" endTime="2023-12-22T09:33:23.0062022+01:00" testType="13cdc9d9-ddb5-4fa4-a97d-d965ccfc6d4b" outcome="Passed" testListId="8c84fa94-04c1-424b-9868-57a2d4851a1d" relativeResultsDirectory="1f1a67f0-2774-4763-9979-97da133abd17" />
    <UnitTestResult executionId="4d4192d3-837a-4e74-af1e-595b4fa56eb8" testId="26aaedf7-f3c3-e3c7-363a-4eef9f264b06" testName="SmartSearchHandlerBackwardTestDataWithMotionOnlyIgnoreFirstHit" computerName="DKSR-EFI-04" duration="00:00:00.0020765" startTime="2023-12-22T09:33:32.1624986+01:00" endTime="2023-12-22T09:33:32.1781233+01:00" testType="13cdc9d9-ddb5-4fa4-a97d-d965ccfc6d4b" outcome="Passed" testListId="8c84fa94-04c1-424b-9868-57a2d4851a1d" relativeResultsDirectory="4d4192d3-837a-4e74-af1e-595b4fa56eb8" />
  </Results>
  <TestDefinitions>
    <UnitTest name="DatabaseoperationCommandhandler_Constructor_ArgumentNullException" storage="d:\actions-runner\_work\xpco\xpco\corporate\recordingserver\recorderservice\tst\videoos.recorder.unittests\bin\x64\debug\net472\videoos.recorder.unittests.dll" id="8a0cab33-6b5e-391e-95f0-395755847c75">
      <Execution id="b4311da9-5f06-4af2-9f7b-28a0f43ae7f8" />
      <TestMethod codeBase="D:\actions-runner\_work\XPCO\XPCO\Corporate\RecordingServer\RecorderService\tst\VideoOS.Recorder.UnitTests\bin\x64\Debug\net472\VideoOS.Recorder.UnitTests.dll" adapterTypeName="executor://mstestadapter/v2" className="VideoOS.Recorder.UnitTests.Command.DatabaseOperationCommandHandlerUnitTests" name="DatabaseoperationCommandhandler_Constructor_ArgumentNullException" />
    </UnitTest>
    <UnitTest name="GetIntervalsToScan_ShouldReturnCorrectInterval_WithDnsHostSpecified" storage="d:\actions-runner\_work\xpco\xpco\corporate\recordingserver\recorderservice\tst\videoos.recorder.unittests\bin\x64\debug\net472\videoos.recorder.unittests.dll" id="366d01ea-ff7d-934f-3cb7-1f565e8f2ea5">
      <Execution id="4b3a925f-85f8-4482-93dd-43cd3b9e962b" />
      <TestMethod codeBase="D:\actions-runner\_work\XPCO\XPCO\Corporate\RecordingServer\RecorderService\tst\VideoOS.Recorder.UnitTests\bin\x64\Debug\net472\VideoOS.Recorder.UnitTests.dll" adapterTypeName="executor://mstestadapter/v2" className="VideoOS.Recorder.UnitTests.DeviceDiscovery.MipDriversDiscoveryTaskTests" name="GetIntervalsToScan_ShouldReturnCorrectInterval_WithDnsHostSpecified" />
    </UnitTest>
    <UnitTest name="SOAPCommandRequestHandler_ExecuteFunction_HandleSendDriverCommand_NoCommand" storage="d:\actions-runner\_work\xpco\xpco\corporate\recordingserver\recorderservice\tst\videoos.recorder.unittests\bin\x64\debug\net472\videoos.recorder.unittests.dll" id="a48f8768-77bc-14d8-48f6-6816a92c4c0a">
      <Execution id="c5eaab5d-4e83-40b0-8227-192b5ce2fbba" />
      <TestMethod codeBase="D:\actions-runner\_work\XPCO\XPCO\Corporate\RecordingServer\RecorderService\tst\VideoOS.Recorder.UnitTests\bin\x64\Debug\net472\VideoOS.Recorder.UnitTests.dll" adapterTypeName="executor://mstestadapter/v2" className="VideoOS.Recorder.UnitTests.WebServer.SOAPCommandRequestHandlerTests" name="SOAPCommandRequestHandler_ExecuteFunction_HandleSendDriverCommand_NoCommand" />
    </UnitTest>
    <UnitTest name="SmartSearchHandlerForwardTestLargeSearchInterval" storage="d:\actions-runner\_work\xpco\xpco\corporate\recordingserver\recorderservice\tst\videoos.recorder.unittests\bin\x64\debug\net472\videoos.recorder.unittests.dll" id="3f59cc63-7687-09cd-745a-34c2cf7c2459">
      <TestCategory>
        <TestCategoryItem TestCategory="SmartSearch" />
      </TestCategory>
      <Execution id="dfba0ef4-1cf8-4f26-8e2d-8de69ce3dfa6" />
      <TestMethod codeBase="D:\actions-runner\_work\XPCO\XPCO\Corporate\RecordingServer\RecorderService\tst\VideoOS.Recorder.UnitTests\bin\x64\Debug\net472\VideoOS.Recorder.UnitTests.dll" adapterTypeName="executor://mstestadapter/v2" className="VideoOS.Recorder.UnitTests.SmartSearch.SmartSearchHandlerTest" name="SmartSearchHandlerForwardTestLargeSearchInterval" />
    </UnitTest>
    <UnitTest name="CollectMediaStatusCommandHandler_MediaDbBanksOffline" storage="d:\actions-runner\_work\xpco\xpco\corporate\recordingserver\recorderservice\tst\videoos.recorder.unittests\bin\x64\debug\net472\videoos.recorder.unittests.dll" id="1da1ae08-79af-3038-8ed9-c572830558d6">
      <Execution id="44f7a685-f2a7-49b2-8051-0cfbf5e54b88" />
      <TestMethod codeBase="D:\actions-runner\_work\XPCO\XPCO\Corporate\RecordingServer\RecorderService\tst\VideoOS.Recorder.UnitTests\bin\x64\Debug\net472\VideoOS.Recorder.UnitTests.dll" adapterTypeName="executor://mstestadapter/v2" className="VideoOS.Recorder.UnitTests.Command.CollectMediaStatusCommandHandlerTests" name="CollectMediaStatusCommandHandler_MediaDbBanksOffline" />
    </UnitTest>
    <UnitTest name="LicenseManager_CheckHardwareLicensed_unlicensed_licensedBeforeExpiryDateWithReplacementToken" storage="d:\actions-runner\_work\xpco\xpco\corporate\recordingserver\recorderservice\tst\videoos.recorder.unittests\bin\x64\debug\net472\videoos.recorder.unittests.dll" id="3969288b-4860-269d-a130-cda973aaacba">
      <TestCategory>
        <TestCategoryItem TestCategory="Licensing" />
      </TestCategory>
      <Execution id="c1026bdb-cf20-4b56-aa0e-d359f3051d52" />
      <TestMethod codeBase="D:\actions-runner\_work\XPCO\XPCO\Corporate\RecordingServer\RecorderService\tst\VideoOS.Recorder.UnitTests\bin\x64\Debug\net472\VideoOS.Recorder.UnitTests.dll" adapterTypeName="executor://mstestadapter/v2" className="VideoOS.Recorder.UnitTests.Licensing.LicenseManagerUnitTests" name="LicenseManager_CheckHardwareLicensed_unlicensed_licensedBeforeExpiryDateWithReplacementToken" />
    </UnitTest>
    <UnitTest name="PtzManager_OnDeviceStarted_Success" storage="d:\actions-runner\_work\xpco\xpco\corporate\recordingserver\recorderservice\tst\videoos.recorder.unittests\bin\x64\debug\net472\videoos.recorder.unittests.dll" id="ac2f0cd3-1613-01c4-f809-9254f5ae3457">
      <Execution id="165bf703-18a3-4975-a485-440fb1cf88f9" />
      <TestMethod codeBase="D:\actions-runner\_work\XPCO\XPCO\Corporate\RecordingServer\RecorderService\tst\VideoOS.Recorder.UnitTests\bin\x64\Debug\net472\VideoOS.Recorder.UnitTests.dll" adapterTypeName="executor://mstestadapter/v2" className="VideoOS.Recorder.UnitTests.Command.PtzManagerTests" name="PtzManager_OnDeviceStarted_Success" />
    </UnitTest>
    <UnitTest name="UpdateHardwareReadOnlySettingsAsync_ConnectedAndIncompatible_ShouldThrowAnException" storage="d:\actions-runner\_work\xpco\xpco\corporate\recordingserver\recorderservice\tst\videoos.recorder.unittests\bin\x64\debug\net472\videoos.recorder.unittests.dll" id="1afe9bf5-3a38-ce7c-f33b-53f438e354e1">
      <Execution id="2f6f9b56-31c9-4c70-a681-ddcdebc3a07c" />
      <TestMethod codeBase="D:\actions-runner\_work\XPCO\XPCO\Corporate\RecordingServer\RecorderService\tst\VideoOS.Recorder.UnitTests\bin\x64\Debug\net472\VideoOS.Recorder.UnitTests.dll" adapterTypeName="executor://mstestadapter/v2" className="VideoOS.Recorder.UnitTests.CommManagerWebApiTests" name="UpdateHardwareReadOnlySettingsAsync_ConnectedAndIncompatible_ShouldThrowAnException" />
    </UnitTest>
    <UnitTest name="PtzReserveSessionCommandHandler_Execute_PtzException_Other" storage="d:\actions-runner\_work\xpco\xpco\corporate\recordingserver\recorderservice\tst\videoos.recorder.unittests\bin\x64\debug\net472\videoos.recorder.unittests.dll" id="224b8295-b978-2161-ab00-7a8a1c4ac760">
      <Execution id="2bdc802f-256b-4468-8f0f-60df729364fb" />
      <TestMethod codeBase="D:\actions-runner\_work\XPCO\XPCO\Corporate\RecordingServer\RecorderService\tst\VideoOS.Recorder.UnitTests\bin\x64\Debug\net472\VideoOS.Recorder.UnitTests.dll" adapterTypeName="executor://mstestadapter/v2" className="VideoOS.Recorder.UnitTests.Command.PtzReserveSessionCommandHandlerTest" name="PtzReserveSessionCommandHandler_Execute_PtzException_Other" />
    </UnitTest>
    <UnitTest name="CollectMediaStatusCommandHandler_Disconnected_Does_Nothing" storage="d:\actions-runner\_work\xpco\xpco\corporate\recordingserver\recorderservice\tst\videoos.recorder.unittests\bin\x64\debug\net472\videoos.recorder.unittests.dll" id="1de5d0cb-bc35-73c6-f8cc-f155ab3b1d36">
      <Execution id="d5795bf6-9a2b-4044-9cb3-a577d97f2a21" />
      <TestMethod codeBase="D:\actions-runner\_work\XPCO\XPCO\Corporate\RecordingServer\RecorderService\tst\VideoOS.Recorder.UnitTests\bin\x64\Debug\net472\VideoOS.Recorder.UnitTests.dll" adapterTypeName="executor://mstestadapter/v2" className="VideoOS.Recorder.UnitTests.Command.CollectMediaStatusCommandHandlerTests" name="CollectMediaStatusCommandHandler_Disconnected_Does_Nothing" />
    </UnitTest>
    <UnitTest name="SOAPCommandRequestHandler_ExecuteFunction_HandleSmartSearchGetResult_NoSmartSearchId" storage="d:\actions-runner\_work\xpco\xpco\corporate\recordingserver\recorderservice\tst\videoos.recorder.unittests\bin\x64\debug\net472\videoos.recorder.unittests.dll" id="7862ec96-08d4-7672-b75b-2c9eb8ac1d53">
      <Execution id="edba8368-8e97-4326-ab15-81dbef0f37a2" />
      <TestMethod codeBase="D:\actions-runner\_work\XPCO\XPCO\Corporate\RecordingServer\RecorderService\tst\VideoOS.Recorder.UnitTests\bin\x64\Debug\net472\VideoOS.Recorder.UnitTests.dll" adapterTypeName="executor://mstestadapter/v2" className="VideoOS.Recorder.UnitTests.WebServer.SOAPCommandRequestHandlerTests" name="SOAPCommandRequestHandler_ExecuteFunction_HandleSmartSearchGetResult_NoSmartSearchId" />
    </UnitTest>
    <UnitTest name="CallLinkedDeviceStartedMethodForRecordingCamera" storage="d:\actions-runner\_work\xpco\xpco\corporate\recordingserver\recorderservice\tst\videoos.recorder.unittests\bin\x64\debug\net472\videoos.recorder.unittests.dll" id="cff33996-f5fe-838d-b07f-97f03a99c82e">
      <TestCategory>
        <TestCategoryItem TestCategory="ObjectModel.Device.RelatedDeviceHandler" />
      </TestCategory>
      <Execution id="f3368f87-43df-461a-ade1-2227ece744ab" />
      <TestMethod codeBase="D:\actions-runner\_work\XPCO\XPCO\Corporate\RecordingServer\RecorderService\tst\VideoOS.Recorder.UnitTests\bin\x64\Debug\net472\VideoOS.Recorder.UnitTests.dll" adapterTypeName="executor://mstestadapter/v2" className="VideoOS.Recorder.UnitTests.ObjectModel.RelatedDeviceHandlerTest" name="CallLinkedDeviceStartedMethodForRecordingCamera" />
    </UnitTest>
    <UnitTest name="SOAPCommandRequestHandler_ExecuteFunction_HandleGetRetentionTimeLimit_Success_DeviceNotStarted" storage="d:\actions-runner\_work\xpco\xpco\corporate\recordingserver\recorderservice\tst\videoos.recorder.unittests\bin\x64\debug\net472\videoos.recorder.unittests.dll" id="89e9840a-f8d1-8b03-eada-327dd314aa58">
      <Execution id="4544b246-35f2-45aa-b09a-b90679b16c78" />
      <TestMethod codeBase="D:\actions-runner\_work\XPCO\XPCO\Corporate\RecordingServer\RecorderService\tst\VideoOS.Recorder.UnitTests\bin\x64\Debug\net472\VideoOS.Recorder.UnitTests.dll" adapterTypeName="executor://mstestadapter/v2" className="VideoOS.Recorder.UnitTests.WebServer.SOAPCommandRequestHandlerTests" name="SOAPCommandRequestHandler_ExecuteFunction_HandleGetRetentionTimeLimit_Success_DeviceNotStarted" />
    </UnitTest>
    <UnitTest name="EvidenceLockOnOldRecorderCommandHandler_ServerAndRecorderSameVersion" storage="d:\actions-runner\_work\xpco\xpco\corporate\recordingserver\recorderservice\tst\videoos.recorder.unittests\bin\x64\debug\net472\videoos.recorder.unittests.dll" id="e358a3c2-d48a-21f5-ddbb-de9b4994f1b9">
      <Execution id="da0dc530-511b-49b8-b465-dac076b509d3" />
      <TestMethod codeBase="D:\actions-runner\_work\XPCO\XPCO\Corporate\RecordingServer\RecorderService\tst\VideoOS.Recorder.UnitTests\bin\x64\Debug\net472\VideoOS.Recorder.UnitTests.dll" adapterTypeName="executor://mstestadapter/v2" className="VideoOS.Recorder.UnitTests.Command.EvidenceLockOnOldRecorderCommandHandlerTests" name="EvidenceLockOnOldRecorderCommandHandler_ServerAndRecorderSameVersion" />
    </UnitTest>
    <UnitTest name="CheckForLiveAndOrphanTables_OrphanTable" storage="d:\actions-runner\_work\xpco\xpco\corporate\recordingserver\recorderservice\tst\videoos.recorder.unittests\bin\x64\debug\net472\videoos.recorder.unittests.dll" id="dc92e9c3-3b8b-e7f2-94a2-b88a8b54c638">
      <Execution id="e02693b5-85ee-4c88-b41b-71d86d04248e" />
      <TestMethod codeBase="D:\actions-runner\_work\XPCO\XPCO\Corporate\RecordingServer\RecorderService\tst\VideoOS.Recorder.UnitTests\bin\x64\Debug\net472\VideoOS.Recorder.UnitTests.dll" adapterTypeName="executor://mstestadapter/v2" className="VideoOS.Recorder.UnitTests.ObjectModel.MediaDbManagerUnitTests" name="CheckForLiveAndOrphanTables_OrphanTable" />
    </UnitTest>
    <UnitTest name="GetStatistics_Framerate_Old_Expired_Frames" storage="d:\actions-runner\_work\xpco\xpco\corporate\recordingserver\recorderservice\tst\videoos.recorder.unittests\bin\x64\debug\net472\videoos.recorder.unittests.dll" id="8b5df9dc-04e3-1960-ed88-39b06a30661c">
      <TestCategory>
        <TestCategoryItem TestCategory="PipelineRecordingStatistics" />
      </TestCategory>
      <Execution id="9d1a69c4-c8d8-4a69-960a-2461dd765c63" />
      <TestMethod codeBase="D:\actions-runner\_work\XPCO\XPCO\Corporate\RecordingServer\RecorderService\tst\VideoOS.Recorder.UnitTests\bin\x64\Debug\net472\VideoOS.Recorder.UnitTests.dll" adapterTypeName="executor://mstestadapter/v2" className="VideoOS.Recorder.UnitTests.ObjectModel.Processors.PipelineRecordingStatisticsTests" name="GetStatistics_Framerate_Old_Expired_Frames" />
    </UnitTest>
    <UnitTest name="PtzManager_OnDeviceStopped_Success" storage="d:\actions-runner\_work\xpco\xpco\corporate\recordingserver\recorderservice\tst\videoos.recorder.unittests\bin\x64\debug\net472\videoos.recorder.unittests.dll" id="02c8a26b-7bde-5aa8-6975-eeebe21df113">
      <Execution id="99f861ab-ca24-433f-a9cd-af0b0e471dd4" />
      <TestMethod codeBase="D:\actions-runner\_work\XPCO\XPCO\Corporate\RecordingServer\RecorderService\tst\VideoOS.Recorder.UnitTests\bin\x64\Debug\net472\VideoOS.Recorder.UnitTests.dll" adapterTypeName="executor://mstestadapter/v2" className="VideoOS.Recorder.UnitTests.Command.PtzManagerTests" name="PtzManager_OnDeviceStopped_Success" />
    </UnitTest>
    <UnitTest name="SOAPCommandRequestHandler_ExecuteFunction_HandlePresetSet_NotSupported" storage="d:\actions-runner\_work\xpco\xpco\corporate\recordingserver\recorderservice\tst\videoos.recorder.unittests\bin\x64\debug\net472\videoos.recorder.unittests.dll" id="1fbc5687-6ba4-87b6-c908-876ee89b7e65">
      <Execution id="49b6b73c-3885-4b8a-a112-20873e259bc7" />
      <TestMethod codeBase="D:\actions-runner\_work\XPCO\XPCO\Corporate\RecordingServer\RecorderService\tst\VideoOS.Recorder.UnitTests\bin\x64\Debug\net472\VideoOS.Recorder.UnitTests.dll" adapterTypeName="executor://mstestadapter/v2" className="VideoOS.Recorder.UnitTests.WebServer.SOAPCommandRequestHandlerTests" name="SOAPCommandRequestHandler_ExecuteFunction_HandlePresetSet_NotSupported" />
    </UnitTest>
    <UnitTest name="Dispose_Called_TimerDisposed" storage="d:\actions-runner\_work\xpco\xpco\corporate\recordingserver\recorderservice\tst\videoos.recorder.unittests\bin\x64\debug\net472\videoos.recorder.unittests.dll" id="4dc871c5-4392-184b-a75d-cf44a9ce66d9">
      <Execution id="199c6b14-10e4-4b3e-ad10-ca66af2054d8" />
      <TestMethod codeBase="D:\actions-runner\_work\XPCO\XPCO\Corporate\RecordingServer\RecorderService\tst\VideoOS.Recorder.UnitTests\bin\x64\Debug\net472\VideoOS.Recorder.UnitTests.dll" adapterTypeName="executor://mstestadapter/v2" className="VideoOS.Recorder.UnitTests.PingManagerTests" name="Dispose_Called_TimerDisposed" />
    </UnitTest>
    <UnitTest name="RecordingStorageDeviceLinkEntries_Remove_Null_Throws_ArgumentNullException" storage="d:\actions-runner\_work\xpco\xpco\corporate\recordingserver\recorderservice\tst\videoos.recorder.unittests\bin\x64\debug\net472\videoos.recorder.unittests.dll" id="9a7164c5-b199-2157-f84d-e96958f10889">
      <Execution id="683ea2ec-e3da-47d8-a5f5-4dceb4392802" />
      <TestMethod codeBase="D:\actions-runner\_work\XPCO\XPCO\Corporate\RecordingServer\RecorderService\tst\VideoOS.Recorder.UnitTests\bin\x64\Debug\net472\VideoOS.Recorder.UnitTests.dll" adapterTypeName="executor://mstestadapter/v2" className="VideoOS.Recorder.UnitTests.RecordingStorageDeviceLinkEntriesTests" name="RecordingStorageDeviceLinkEntries_Remove_Null_Throws_ArgumentNullException" />
    </UnitTest>
    <UnitTest name="GetAbsolutePtzPosition_ModelIsNull_BadRequestResult" storage="d:\actions-runner\_work\xpco\xpco\corporate\recordingserver\recorderservice\tst\videoos.recorder.unittests\bin\x64\debug\net472\videoos.recorder.unittests.dll" id="8af5dfa4-e1b3-e2c1-2223-e9c384460b66">
      <Execution id="29203a61-8035-4b42-aae9-93c3e30ee467" />
      <TestMethod codeBase="D:\actions-runner\_work\XPCO\XPCO\Corporate\RecordingServer\RecorderService\tst\VideoOS.Recorder.UnitTests\bin\x64\Debug\net472\VideoOS.Recorder.UnitTests.dll" adapterTypeName="executor://mstestadapter/v2" className="VideoOS.Recorder.UnitTests.PtzControllerTests" name="GetAbsolutePtzPosition_ModelIsNull_BadRequestResult" />
    </UnitTest>
    <UnitTest name="RecStorage_Startup_AllowStart_NotKeepFailing_Ok" storage="d:\actions-runner\_work\xpco\xpco\corporate\recordingserver\recorderservice\tst\videoos.recorder.unittests\bin\x64\debug\net472\videoos.recorder.unittests.dll" id="267b1a2b-95b2-68a5-fcda-0a26d2cd3423">
      <Execution id="6e30a70e-ec4b-4204-8084-bec3b1a2dd2f" />
      <TestMethod codeBase="D:\actions-runner\_work\XPCO\XPCO\Corporate\RecordingServer\RecorderService\tst\VideoOS.Recorder.UnitTests\bin\x64\Debug\net472\VideoOS.Recorder.UnitTests.dll" adapterTypeName="executor://mstestadapter/v2" className="VideoOS.Recorder.UnitTests.ObjectModel.MediaDbManagerUnitTests" name="RecStorage_Startup_AllowStart_NotKeepFailing_Ok" />
    </UnitTest>
    <UnitTest name="PtzManagerDataHolder_Constructor_ArgumentNullException" storage="d:\actions-runner\_work\xpco\xpco\corporate\recordingserver\recorderservice\tst\videoos.recorder.unittests\bin\x64\debug\net472\videoos.recorder.unittests.dll" id="8f59d508-0fba-540c-0155-3889b43a2525">
      <Execution id="b27b6e2f-9890-4e0d-9ef7-1811e656fd94" />
      <TestMethod codeBase="D:\actions-runner\_work\XPCO\XPCO\Corporate\RecordingServer\RecorderService\tst\VideoOS.Recorder.UnitTests\bin\x64\Debug\net472\VideoOS.Recorder.UnitTests.dll" adapterTypeName="executor://mstestadapter/v2" className="VideoOS.Recorder.UnitTests.Command.PtzManagerDataHolderTest" name="PtzManagerDataHolder_Constructor_ArgumentNullException" />
    </UnitTest>
    <UnitTest name="RecordingStorageDeviceLinkEntries_QueryByRecordingStorageId_NotFound_ReturnNoItems" storage="d:\actions-runner\_work\xpco\xpco\corporate\recordingserver\recorderservice\tst\videoos.recorder.unittests\bin\x64\debug\net472\videoos.recorder.unittests.dll" id="42b950d9-5524-6cbf-d2c0-fc098b9ef0e3">
      <Execution id="170a136d-d06d-4a53-b4da-01b01238f695" />
      <TestMethod codeBase="D:\actions-runner\_work\XPCO\XPCO\Corporate\RecordingServer\RecorderService\tst\VideoOS.Recorder.UnitTests\bin\x64\Debug\net472\VideoOS.Recorder.UnitTests.dll" adapterTypeName="executor://mstestadapter/v2" className="VideoOS.Recorder.UnitTests.RecordingStorageDeviceLinkEntriesTests" name="RecordingStorageDeviceLinkEntries_QueryByRecordingStorageId_NotFound_ReturnNoItems" />
    </UnitTest>
    <UnitTest name="SynchronizeDevicePresets_ModelIsNull_BadRequestResult" storage="d:\actions-runner\_work\xpco\xpco\corporate\recordingserver\recorderservice\tst\videoos.recorder.unittests\bin\x64\debug\net472\videoos.recorder.unittests.dll" id="04ba0286-6be6-f348-ef7a-5a5aebc3ee34">
      <Execution id="ccea1732-40d7-4f85-aff3-e96dd55a7627" />
      <TestMethod codeBase="D:\actions-runner\_work\XPCO\XPCO\Corporate\RecordingServer\RecorderService\tst\VideoOS.Recorder.UnitTests\bin\x64\Debug\net472\VideoOS.Recorder.UnitTests.dll" adapterTypeName="executor://mstestadapter/v2" className="VideoOS.Recorder.UnitTests.PtzControllerTests" name="SynchronizeDevicePresets_ModelIsNull_BadRequestResult" />
    </UnitTest>
    <UnitTest name="Start_ServerConfigWithZeroPort_ShouldThrowException" storage="d:\actions-runner\_work\xpco\xpco\corporate\recordingserver\recorderservice\tst\videoos.recorder.unittests\bin\x64\debug\net472\videoos.recorder.unittests.dll" id="c00497f9-ea5d-2f59-337b-ecad5edfefda">
      <Execution id="76fa589a-1d2e-434f-a49b-235277497bef" />
      <TestMethod codeBase="D:\actions-runner\_work\XPCO\XPCO\Corporate\RecordingServer\RecorderService\tst\VideoOS.Recorder.UnitTests\bin\x64\Debug\net472\VideoOS.Recorder.UnitTests.dll" adapterTypeName="executor://mstestadapter/v2" className="VideoOS.Recorder.UnitTests.CommManagerWebApiTests" name="Start_ServerConfigWithZeroPort_ShouldThrowException" />
    </UnitTest>
    <UnitTest name="PtzManager_MoveRelative_Success" storage="d:\actions-runner\_work\xpco\xpco\corporate\recordingserver\recorderservice\tst\videoos.recorder.unittests\bin\x64\debug\net472\videoos.recorder.unittests.dll" id="b430ccc2-f0c5-c511-ce30-e28beedbc8f3">
      <Execution id="421eb1fe-6a4d-4aec-80ec-5ceee966a93c" />
      <TestMethod codeBase="D:\actions-runner\_work\XPCO\XPCO\Corporate\RecordingServer\RecorderService\tst\VideoOS.Recorder.UnitTests\bin\x64\Debug\net472\VideoOS.Recorder.UnitTests.dll" adapterTypeName="executor://mstestadapter/v2" className="VideoOS.Recorder.UnitTests.Command.PtzManagerTests" name="PtzManager_MoveRelative_Success" />
    </UnitTest>
    <UnitTest name="GetDatabaseInfo_ArchiveStorageNotFound_ArchiveHintTrue" storage="d:\actions-runner\_work\xpco\xpco\corporate\recordingserver\recorderservice\tst\videoos.recorder.unittests\bin\x64\debug\net472\videoos.recorder.unittests.dll" id="02018c7c-3b54-9dc7-57c8-a9e8a6325e8e">
      <Execution id="e8589626-cfb4-4078-96a1-7f7bb7e09703" />
      <TestMethod codeBase="D:\actions-runner\_work\XPCO\XPCO\Corporate\RecordingServer\RecorderService\tst\VideoOS.Recorder.UnitTests\bin\x64\Debug\net472\VideoOS.Recorder.UnitTests.dll" adapterTypeName="executor://mstestadapter/v2" className="VideoOS.Recorder.UnitTests.MediaDbEventProcessorTests" name="GetDatabaseInfo_ArchiveStorageNotFound_ArchiveHintTrue" />
    </UnitTest>
    <UnitTest name="AddStatus_SendsRecorderGuid_OnAnyStatus" storage="d:\actions-runner\_work\xpco\xpco\corporate\recordingserver\recorderservice\tst\videoos.recorder.unittests\bin\x64\debug\net472\videoos.recorder.unittests.dll" id="d87362df-7855-31ed-66c3-5d3da7f894c8">
      <TestCategory>
        <TestCategoryItem TestCategory="RecorderStatus" />
      </TestCategory>
      <Execution id="c22c6ad4-3351-4a01-a0c1-888b25894030" />
      <TestMethod codeBase="D:\actions-runner\_work\XPCO\XPCO\Corporate\RecordingServer\RecorderService\tst\VideoOS.Recorder.UnitTests\bin\x64\Debug\net472\VideoOS.Recorder.UnitTests.dll" adapterTypeName="executor://mstestadapter/v2" className="VideoOS.Recorder.UnitTests.RecorderStatusTests" name="AddStatus_SendsRecorderGuid_OnAnyStatus" />
    </UnitTest>
    <UnitTest name="SOAPCommandRequestHandler_ExecuteFunction_HandlePTZCenter_NoWidth" storage="d:\actions-runner\_work\xpco\xpco\corporate\recordingserver\recorderservice\tst\videoos.recorder.unittests\bin\x64\debug\net472\videoos.recorder.unittests.dll" id="591f340c-7e26-489e-4ed4-c51b91e628f8">
      <Execution id="f4301477-911c-48f0-b1b7-2309beec8ba1" />
      <TestMethod codeBase="D:\actions-runner\_work\XPCO\XPCO\Corporate\RecordingServer\RecorderService\tst\VideoOS.Recorder.UnitTests\bin\x64\Debug\net472\VideoOS.Recorder.UnitTests.dll" adapterTypeName="executor://mstestadapter/v2" className="VideoOS.Recorder.UnitTests.WebServer.SOAPCommandRequestHandlerTests" name="SOAPCommandRequestHandler_ExecuteFunction_HandlePTZCenter_NoWidth" />
    </UnitTest>
    <UnitTest name="HandleRequest_PUT_Fails" storage="d:\actions-runner\_work\xpco\xpco\corporate\recordingserver\recorderservice\tst\videoos.recorder.unittests\bin\x64\debug\net472\videoos.recorder.unittests.dll" id="ef52bfca-9823-3644-4dd9-22de8b059e3a">
      <Execution id="bc8ebec6-52ef-433f-9cc1-f225ea655cc8" />
      <TestMethod codeBase="D:\actions-runner\_work\XPCO\XPCO\Corporate\RecordingServer\RecorderService\tst\VideoOS.Recorder.UnitTests\bin\x64\Debug\net472\VideoOS.Recorder.UnitTests.dll" adapterTypeName="executor://mstestadapter/v2" className="VideoOS.Recorder.UnitTests.WebServer.DiagnosticsHttpRequestHandlerUnitTests" name="HandleRequest_PUT_Fails" />
    </UnitTest>
    <UnitTest name="SOAPCommandRequestHandler_ExecuteFunction_HandleMulticastStart_NoDeviceId" storage="d:\actions-runner\_work\xpco\xpco\corporate\recordingserver\recorderservice\tst\videoos.recorder.unittests\bin\x64\debug\net472\videoos.recorder.unittests.dll" id="bdf3cf43-6f55-eb73-fb64-affef7c878a9">
      <Execution id="5c499422-e394-4508-92fe-e447831ca3b1" />
      <TestMethod codeBase="D:\actions-runner\_work\XPCO\XPCO\Corporate\RecordingServer\RecorderService\tst\VideoOS.Recorder.UnitTests\bin\x64\Debug\net472\VideoOS.Recorder.UnitTests.dll" adapterTypeName="executor://mstestadapter/v2" className="VideoOS.Recorder.UnitTests.WebServer.SOAPCommandRequestHandlerTests" name="SOAPCommandRequestHandler_ExecuteFunction_HandleMulticastStart_NoDeviceId" />
    </UnitTest>
    <UnitTest name="SmartSearchHandlerBackwardTestNoData" storage="d:\actions-runner\_work\xpco\xpco\corporate\recordingserver\recorderservice\tst\videoos.recorder.unittests\bin\x64\debug\net472\videoos.recorder.unittests.dll" id="12d39289-b5d8-655f-ac60-910ceb6f32de">
      <TestCategory>
        <TestCategoryItem TestCategory="SmartSearch" />
      </TestCategory>
      <Execution id="29dee508-8392-4719-91c3-892d7bb72322" />
      <TestMethod codeBase="D:\actions-runner\_work\XPCO\XPCO\Corporate\RecordingServer\RecorderService\tst\VideoOS.Recorder.UnitTests\bin\x64\Debug\net472\VideoOS.Recorder.UnitTests.dll" adapterTypeName="executor://mstestadapter/v2" className="VideoOS.Recorder.UnitTests.SmartSearch.SmartSearchHandlerTest" name="SmartSearchHandlerBackwardTestNoData" />
    </UnitTest>
    <UnitTest name="SOAPCommandRequestHandler_ExecuteFunction_HandlePTZCenter_CenterY_Not_Double" storage="d:\actions-runner\_work\xpco\xpco\corporate\recordingserver\recorderservice\tst\videoos.recorder.unittests\bin\x64\debug\net472\videoos.recorder.unittests.dll" id="588bf695-5c81-90d2-eac0-94b20bf1d8df">
      <Execution id="b4c1538f-bbed-4079-830a-f31978dc760f" />
      <TestMethod codeBase="D:\actions-runner\_work\XPCO\XPCO\Corporate\RecordingServer\RecorderService\tst\VideoOS.Recorder.UnitTests\bin\x64\Debug\net472\VideoOS.Recorder.UnitTests.dll" adapterTypeName="executor://mstestadapter/v2" className="VideoOS.Recorder.UnitTests.WebServer.SOAPCommandRequestHandlerTests" name="SOAPCommandRequestHandler_ExecuteFunction_HandlePTZCenter_CenterY_Not_Double" />
    </UnitTest>
    <UnitTest name="PtzManager_StartPatrolling_Success" storage="d:\actions-runner\_work\xpco\xpco\corporate\recordingserver\recorderservice\tst\videoos.recorder.unittests\bin\x64\debug\net472\videoos.recorder.unittests.dll" id="863ca22f-d50c-fc54-fb74-a5af393f6244">
      <Execution id="3350ef0c-b730-435f-94bf-ec8cc0eaa657" />
      <TestMethod codeBase="D:\actions-runner\_work\XPCO\XPCO\Corporate\RecordingServer\RecorderService\tst\VideoOS.Recorder.UnitTests\bin\x64\Debug\net472\VideoOS.Recorder.UnitTests.dll" adapterTypeName="executor://mstestadapter/v2" className="VideoOS.Recorder.UnitTests.Command.PtzManagerTests" name="PtzManager_StartPatrolling_Success" />
    </UnitTest>
    <UnitTest name="PtzReleaseSessionCommandHandler_Execute_Argument_Exception" storage="d:\actions-runner\_work\xpco\xpco\corporate\recordingserver\recorderservice\tst\videoos.recorder.unittests\bin\x64\debug\net472\videoos.recorder.unittests.dll" id="3a327f35-a81d-1c08-7c0d-d8137be6130d">
      <Execution id="e8b6eb8b-0bb8-427b-9e88-e6aaf81526b4" />
      <TestMethod codeBase="D:\actions-runner\_work\XPCO\XPCO\Corporate\RecordingServer\RecorderService\tst\VideoOS.Recorder.UnitTests\bin\x64\Debug\net472\VideoOS.Recorder.UnitTests.dll" adapterTypeName="executor://mstestadapter/v2" className="VideoOS.Recorder.UnitTests.Command.PtzReleaseSessionCommandHandlerTest" name="PtzReleaseSessionCommandHandler_Execute_Argument_Exception" />
    </UnitTest>
    <UnitTest name="PtzPatrollingSessionBase_SignalUpdateSchema_Success" storage="d:\actions-runner\_work\xpco\xpco\corporate\recordingserver\recorderservice\tst\videoos.recorder.unittests\bin\x64\debug\net472\videoos.recorder.unittests.dll" id="1785dede-d658-d73b-9752-40a45c6936de">
      <Execution id="ae34bd02-abf2-48a3-91a6-d261169b22b6" />
      <TestMethod codeBase="D:\actions-runner\_work\XPCO\XPCO\Corporate\RecordingServer\RecorderService\tst\VideoOS.Recorder.UnitTests\bin\x64\Debug\net472\VideoOS.Recorder.UnitTests.dll" adapterTypeName="executor://mstestadapter/v2" className="VideoOS.Recorder.UnitTests.Command.PtzSessionsTests" name="PtzPatrollingSessionBase_SignalUpdateSchema_Success" />
    </UnitTest>
    <UnitTest name="RemoveStorages_Ok" storage="d:\actions-runner\_work\xpco\xpco\corporate\recordingserver\recorderservice\tst\videoos.recorder.unittests\bin\x64\debug\net472\videoos.recorder.unittests.dll" id="0e3f8aa2-b5f9-2f67-934c-8261cc017f11">
      <Execution id="c4e5785f-ca6d-4f7b-ade6-b52410ca7c10" />
      <TestMethod codeBase="D:\actions-runner\_work\XPCO\XPCO\Corporate\RecordingServer\RecorderService\tst\VideoOS.Recorder.UnitTests\bin\x64\Debug\net472\VideoOS.Recorder.UnitTests.dll" adapterTypeName="executor://mstestadapter/v2" className="VideoOS.Recorder.UnitTests.ObjectModel.MediaDbManagerUnitTests" name="RemoveStorages_Ok" />
    </UnitTest>
    <UnitTest name="CollectMediaStatusCommandHandler_FindTrackStaus_No_Media_After" storage="d:\actions-runner\_work\xpco\xpco\corporate\recordingserver\recorderservice\tst\videoos.recorder.unittests\bin\x64\debug\net472\videoos.recorder.unittests.dll" id="d68ae15e-13f2-260b-c617-df59a3f061c5">
      <Execution id="dd46e30a-8081-4258-9d91-a92c780c5be9" />
      <TestMethod codeBase="D:\actions-runner\_work\XPCO\XPCO\Corporate\RecordingServer\RecorderService\tst\VideoOS.Recorder.UnitTests\bin\x64\Debug\net472\VideoOS.Recorder.UnitTests.dll" adapterTypeName="executor://mstestadapter/v2" className="VideoOS.Recorder.UnitTests.Command.CollectMediaStatusCommandHandlerTests" name="CollectMediaStatusCommandHandler_FindTrackStaus_No_Media_After" />
    </UnitTest>
    <UnitTest name="PrepareMoveHardwareCommandHandler_Constructor_LoggerNull_ArgumentNullException" storage="d:\actions-runner\_work\xpco\xpco\corporate\recordingserver\recorderservice\tst\videoos.recorder.unittests\bin\x64\debug\net472\videoos.recorder.unittests.dll" id="87c40e4a-7a60-c338-93a7-08f14b9747cd">
      <Execution id="f3b4e2b8-f336-4103-a8ce-bf18e1a8d278" />
      <TestMethod codeBase="D:\actions-runner\_work\XPCO\XPCO\Corporate\RecordingServer\RecorderService\tst\VideoOS.Recorder.UnitTests\bin\x64\Debug\net472\VideoOS.Recorder.UnitTests.dll" adapterTypeName="executor://mstestadapter/v2" className="VideoOS.Recorder.UnitTests.Command.PrepareMoveHardwareCommandHandlerTests" name="PrepareMoveHardwareCommandHandler_Constructor_LoggerNull_ArgumentNullException" />
    </UnitTest>
    <UnitTest name="SOAPCommandRequestHandler_ExecuteFunction_HandleSendDriverCommand_Success" storage="d:\actions-runner\_work\xpco\xpco\corporate\recordingserver\recorderservice\tst\videoos.recorder.unittests\bin\x64\debug\net472\videoos.recorder.unittests.dll" id="bf05de6b-3ba4-d636-d021-e8b47b9983fe">
      <Execution id="fee6e829-f9c7-45a3-9c2a-c7b8e9a22626" />
      <TestMethod codeBase="D:\actions-runner\_work\XPCO\XPCO\Corporate\RecordingServer\RecorderService\tst\VideoOS.Recorder.UnitTests\bin\x64\Debug\net472\VideoOS.Recorder.UnitTests.dll" adapterTypeName="executor://mstestadapter/v2" className="VideoOS.Recorder.UnitTests.WebServer.SOAPCommandRequestHandlerTests" name="SOAPCommandRequestHandler_ExecuteFunction_HandleSendDriverCommand_Success" />
    </UnitTest>
    <UnitTest name="DatabaseTaskCommandHandler_EmptyDevice_HadData_Success" storage="d:\actions-runner\_work\xpco\xpco\corporate\recordingserver\recorderservice\tst\videoos.recorder.unittests\bin\x64\debug\net472\videoos.recorder.unittests.dll" id="dde92228-ea2f-17cc-b452-172658441c35">
      <Execution id="e312e6ed-6593-4e76-8661-a2dc3f510f90" />
      <TestMethod codeBase="D:\actions-runner\_work\XPCO\XPCO\Corporate\RecordingServer\RecorderService\tst\VideoOS.Recorder.UnitTests\bin\x64\Debug\net472\VideoOS.Recorder.UnitTests.dll" adapterTypeName="executor://mstestadapter/v2" className="VideoOS.Recorder.UnitTests.Command.DatabaseTaskCommandHandlerTest" name="DatabaseTaskCommandHandler_EmptyDevice_HadData_Success" />
    </UnitTest>
    <UnitTest name="MediaDbUtil_MultitrackNavigation_Scenario07" storage="d:\actions-runner\_work\xpco\xpco\corporate\recordingserver\recorderservice\tst\videoos.recorder.unittests\bin\x64\debug\net472\videoos.recorder.unittests.dll" id="64f9aa5e-069c-1055-cd19-778854105070">
      <Execution id="dc45ba3c-53b2-4a05-9822-45adcb9b30af" />
      <TestMethod codeBase="D:\actions-runner\_work\XPCO\XPCO\Corporate\RecordingServer\RecorderService\tst\VideoOS.Recorder.UnitTests\bin\x64\Debug\net472\VideoOS.Recorder.UnitTests.dll" adapterTypeName="executor://mstestadapter/v2" className="VideoOS.Recorder.UnitTests.WebServer.MediaDbUtilUnitTests" name="MediaDbUtil_MultitrackNavigation_Scenario07" />
    </UnitTest>
    <UnitTest name="RecordingStorageDeviceLinkEntries_QueryByDeviceId_NotFound_ReturnNull" storage="d:\actions-runner\_work\xpco\xpco\corporate\recordingserver\recorderservice\tst\videoos.recorder.unittests\bin\x64\debug\net472\videoos.recorder.unittests.dll" id="f2e0dab7-8720-c077-45c9-a980b4d25ec1">
      <Execution id="f562729d-940c-4c46-8cff-ea073cf79403" />
      <TestMethod codeBase="D:\actions-runner\_work\XPCO\XPCO\Corporate\RecordingServer\RecorderService\tst\VideoOS.Recorder.UnitTests\bin\x64\Debug\net472\VideoOS.Recorder.UnitTests.dll" adapterTypeName="executor://mstestadapter/v2" className="VideoOS.Recorder.UnitTests.RecordingStorageDeviceLinkEntriesTests" name="RecordingStorageDeviceLinkEntries_QueryByDeviceId_NotFound_ReturnNull" />
    </UnitTest>
    <UnitTest name="MediaDbUtil_MultitrackNavigation_Scenario12" storage="d:\actions-runner\_work\xpco\xpco\corporate\recordingserver\recorderservice\tst\videoos.recorder.unittests\bin\x64\debug\net472\videoos.recorder.unittests.dll" id="0e1ecbc3-3cb2-c334-5b60-0347f5b8c7b9">
      <Execution id="5c5ba10b-7ff6-45ea-845f-30d28dc0736a" />
      <TestMethod codeBase="D:\actions-runner\_work\XPCO\XPCO\Corporate\RecordingServer\RecorderService\tst\VideoOS.Recorder.UnitTests\bin\x64\Debug\net472\VideoOS.Recorder.UnitTests.dll" adapterTypeName="executor://mstestadapter/v2" className="VideoOS.Recorder.UnitTests.WebServer.MediaDbUtilUnitTests" name="MediaDbUtil_MultitrackNavigation_Scenario12" />
    </UnitTest>
    <UnitTest name="SOAPCommandRequestHandler_ExecuteFunction_HandlePTZDeactivatePatrollingSchema_NoPatrollingSchemaId" storage="d:\actions-runner\_work\xpco\xpco\corporate\recordingserver\recorderservice\tst\videoos.recorder.unittests\bin\x64\debug\net472\videoos.recorder.unittests.dll" id="8c77f022-4da3-920c-0121-4d89ae316e6f">
      <Execution id="9fedf719-25cf-4eca-86b0-35b6646772ca" />
      <TestMethod codeBase="D:\actions-runner\_work\XPCO\XPCO\Corporate\RecordingServer\RecorderService\tst\VideoOS.Recorder.UnitTests\bin\x64\Debug\net472\VideoOS.Recorder.UnitTests.dll" adapterTypeName="executor://mstestadapter/v2" className="VideoOS.Recorder.UnitTests.WebServer.SOAPCommandRequestHandlerTests" name="SOAPCommandRequestHandler_ExecuteFunction_HandlePTZDeactivatePatrollingSchema_NoPatrollingSchemaId" />
    </UnitTest>
    <UnitTest name="CallStartMethodForNotCameraLinkedCameraNotStarted" storage="d:\actions-runner\_work\xpco\xpco\corporate\recordingserver\recorderservice\tst\videoos.recorder.unittests\bin\x64\debug\net472\videoos.recorder.unittests.dll" id="3dffb522-9ea9-2761-a867-9254d83c0b38">
      <TestCategory>
        <TestCategoryItem TestCategory="ObjectModel.Device.RelatedDeviceHandler" />
      </TestCategory>
      <Execution id="5ebebeb1-2bdd-43c2-83c3-7f34d582ebb3" />
      <TestMethod codeBase="D:\actions-runner\_work\XPCO\XPCO\Corporate\RecordingServer\RecorderService\tst\VideoOS.Recorder.UnitTests\bin\x64\Debug\net472\VideoOS.Recorder.UnitTests.dll" adapterTypeName="executor://mstestadapter/v2" className="VideoOS.Recorder.UnitTests.ObjectModel.RelatedDeviceHandlerTest" name="CallStartMethodForNotCameraLinkedCameraNotStarted" />
    </UnitTest>
    <UnitTest name="DatabaseoperationCommandhandler_VerifyPath_Success" storage="d:\actions-runner\_work\xpco\xpco\corporate\recordingserver\recorderservice\tst\videoos.recorder.unittests\bin\x64\debug\net472\videoos.recorder.unittests.dll" id="31fcff4b-e5c4-4bf7-da58-296ef4939e33">
      <Execution id="f83ff8c4-ff07-4eaf-9f59-f702aa83fc30" />
      <TestMethod codeBase="D:\actions-runner\_work\XPCO\XPCO\Corporate\RecordingServer\RecorderService\tst\VideoOS.Recorder.UnitTests\bin\x64\Debug\net472\VideoOS.Recorder.UnitTests.dll" adapterTypeName="executor://mstestadapter/v2" className="VideoOS.Recorder.UnitTests.Command.DatabaseOperationCommandHandlerUnitTests" name="DatabaseoperationCommandhandler_VerifyPath_Success" />
    </UnitTest>
    <UnitTest name="DatabaseoperationCommandhandler_DiskUsageInformationTablesPerStorage_DevicesMovingStorage_AllSuccess" storage="d:\actions-runner\_work\xpco\xpco\corporate\recordingserver\recorderservice\tst\videoos.recorder.unittests\bin\x64\debug\net472\videoos.recorder.unittests.dll" id="33c3a840-bd9b-6bc8-3eb8-4843fe9ece6f">
      <Execution id="149c60ee-0476-4f5d-a83c-f5db4737da24" />
      <TestMethod codeBase="D:\actions-runner\_work\XPCO\XPCO\Corporate\RecordingServer\RecorderService\tst\VideoOS.Recorder.UnitTests\bin\x64\Debug\net472\VideoOS.Recorder.UnitTests.dll" adapterTypeName="executor://mstestadapter/v2" className="VideoOS.Recorder.UnitTests.Command.DatabaseOperationCommandHandlerUnitTests" name="DatabaseoperationCommandhandler_DiskUsageInformationTablesPerStorage_DevicesMovingStorage_AllSuccess" />
    </UnitTest>
    <UnitTest name="GetHardwareUsersCommandHandler_Execute_GetUserList_ThrowsUserManagementUnsupported_Errors" storage="d:\actions-runner\_work\xpco\xpco\corporate\recordingserver\recorderservice\tst\videoos.recorder.unittests\bin\x64\debug\net472\videoos.recorder.unittests.dll" id="16d1a953-024b-f167-eeaa-f4ebe0619069">
      <Execution id="37b4e133-7d19-4196-bc99-f077b3ea0072" />
      <TestMethod codeBase="D:\actions-runner\_work\XPCO\XPCO\Corporate\RecordingServer\RecorderService\tst\VideoOS.Recorder.UnitTests\bin\x64\Debug\net472\VideoOS.Recorder.UnitTests.dll" adapterTypeName="executor://mstestadapter/v2" className="VideoOS.Recorder.UnitTests.Command.GetHardwareUsersCommandHandlerUnitTests" name="GetHardwareUsersCommandHandler_Execute_GetUserList_ThrowsUserManagementUnsupported_Errors" />
    </UnitTest>
    <UnitTest name="FindMaskAtTime" storage="d:\actions-runner\_work\xpco\xpco\corporate\recordingserver\recorderservice\tst\videoos.recorder.unittests\bin\x64\debug\net472\videoos.recorder.unittests.dll" id="0a84de12-6fcf-8161-bb90-5dcf0b5aae74">
      <Execution id="3bfec5c3-f613-49f9-9991-8446e6c56add" />
      <TestMethod codeBase="D:\actions-runner\_work\XPCO\XPCO\Corporate\RecordingServer\RecorderService\tst\VideoOS.Recorder.UnitTests\bin\x64\Debug\net472\VideoOS.Recorder.UnitTests.dll" adapterTypeName="executor://mstestadapter/v2" className="VideoOS.Recorder.UnitTests.ObjectModel.PrivacyMaskHandlerTest" name="FindMaskAtTime" />
    </UnitTest>
    <UnitTest name="FailoverMediaMover_MoveMediaDataHere_Storage_Offline_2nd_Time_Tables_Not_Touched" storage="d:\actions-runner\_work\xpco\xpco\corporate\recordingserver\recorderservice\tst\videoos.recorder.unittests\bin\x64\debug\net472\videoos.recorder.unittests.dll" id="08c2d5c1-c372-09e8-b62e-a390bc297e98">
      <Execution id="32943901-3833-4f4b-9f0c-1aa4ef99e5c2" />
      <TestMethod codeBase="D:\actions-runner\_work\XPCO\XPCO\Corporate\RecordingServer\RecorderService\tst\VideoOS.Recorder.UnitTests\bin\x64\Debug\net472\VideoOS.Recorder.UnitTests.dll" adapterTypeName="executor://mstestadapter/v2" className="VideoOS.Recorder.UnitTests.FailoverMediaMoverUnitTests" name="FailoverMediaMover_MoveMediaDataHere_Storage_Offline_2nd_Time_Tables_Not_Touched" />
    </UnitTest>
    <UnitTest name="Start_WebErrorOnFirstTryButStoppingBeforeRetryTimer_ShouldNotTryReconnect" storage="d:\actions-runner\_work\xpco\xpco\corporate\recordingserver\recorderservice\tst\videoos.recorder.unittests\bin\x64\debug\net472\videoos.recorder.unittests.dll" id="3a682f18-26a1-d56a-236e-9d390c192554">
      <Execution id="da400b1f-c1b3-428e-872d-910716b8f0a2" />
      <TestMethod codeBase="D:\actions-runner\_work\XPCO\XPCO\Corporate\RecordingServer\RecorderService\tst\VideoOS.Recorder.UnitTests\bin\x64\Debug\net472\VideoOS.Recorder.UnitTests.dll" adapterTypeName="executor://mstestadapter/v2" className="VideoOS.Recorder.UnitTests.CommManagerWebApiTests" name="Start_WebErrorOnFirstTryButStoppingBeforeRetryTimer_ShouldNotTryReconnect" />
    </UnitTest>
    <UnitTest name="FailoverMediaMover_MoveMediaDataHere_Unusable_Table" storage="d:\actions-runner\_work\xpco\xpco\corporate\recordingserver\recorderservice\tst\videoos.recorder.unittests\bin\x64\debug\net472\videoos.recorder.unittests.dll" id="632f602b-f5d0-4e0f-a45c-a5f52b172761">
      <Execution id="3426b769-0dca-47a3-b4ff-2406ed18284b" />
      <TestMethod codeBase="D:\actions-runner\_work\XPCO\XPCO\Corporate\RecordingServer\RecorderService\tst\VideoOS.Recorder.UnitTests\bin\x64\Debug\net472\VideoOS.Recorder.UnitTests.dll" adapterTypeName="executor://mstestadapter/v2" className="VideoOS.Recorder.UnitTests.FailoverMediaMoverUnitTests" name="FailoverMediaMover_MoveMediaDataHere_Unusable_Table" />
    </UnitTest>
    <UnitTest name="SOAPCommandRequestHandler_ExecuteFunction_HandlePTZReserveSession_No_Priority" storage="d:\actions-runner\_work\xpco\xpco\corporate\recordingserver\recorderservice\tst\videoos.recorder.unittests\bin\x64\debug\net472\videoos.recorder.unittests.dll" id="7b3db81a-9c37-e4d9-9333-4ed3ccb0e1ad">
      <Execution id="6b70afa6-972c-49e8-80b0-ed129e546b94" />
      <TestMethod codeBase="D:\actions-runner\_work\XPCO\XPCO\Corporate\RecordingServer\RecorderService\tst\VideoOS.Recorder.UnitTests\bin\x64\Debug\net472\VideoOS.Recorder.UnitTests.dll" adapterTypeName="executor://mstestadapter/v2" className="VideoOS.Recorder.UnitTests.WebServer.SOAPCommandRequestHandlerTests" name="SOAPCommandRequestHandler_ExecuteFunction_HandlePTZReserveSession_No_Priority" />
    </UnitTest>
    <UnitTest name="DeleteHardwareUserCommandHandler_Execute_Success" storage="d:\actions-runner\_work\xpco\xpco\corporate\recordingserver\recorderservice\tst\videoos.recorder.unittests\bin\x64\debug\net472\videoos.recorder.unittests.dll" id="51069a4b-333d-4a1a-ed56-b47914a38599">
      <Execution id="f36d5952-d1c7-420a-b1e9-0d1d4561ef30" />
      <TestMethod codeBase="D:\actions-runner\_work\XPCO\XPCO\Corporate\RecordingServer\RecorderService\tst\VideoOS.Recorder.UnitTests\bin\x64\Debug\net472\VideoOS.Recorder.UnitTests.dll" adapterTypeName="executor://mstestadapter/v2" className="VideoOS.Recorder.UnitTests.Command.DeleteHardwareUserCommandHandlerTest" name="DeleteHardwareUserCommandHandler_Execute_Success" />
    </UnitTest>
    <UnitTest name="SOAPCommandRequestHandler_ExecuteFunction_HandleSmartSearchGetResult_NoContinueSearch" storage="d:\actions-runner\_work\xpco\xpco\corporate\recordingserver\recorderservice\tst\videoos.recorder.unittests\bin\x64\debug\net472\videoos.recorder.unittests.dll" id="217d569d-af62-0cf1-0a45-23e4a3d75fd9">
      <Execution id="b5b19472-7bc4-42c9-9751-c1a5ebe1bd44" />
      <TestMethod codeBase="D:\actions-runner\_work\XPCO\XPCO\Corporate\RecordingServer\RecorderService\tst\VideoOS.Recorder.UnitTests\bin\x64\Debug\net472\VideoOS.Recorder.UnitTests.dll" adapterTypeName="executor://mstestadapter/v2" className="VideoOS.Recorder.UnitTests.WebServer.SOAPCommandRequestHandlerTests" name="SOAPCommandRequestHandler_ExecuteFunction_HandleSmartSearchGetResult_NoContinueSearch" />
    </UnitTest>
    <UnitTest name="PtzManagerDataHolder_GetPtzDevice_Preset_Not_Supported" storage="d:\actions-runner\_work\xpco\xpco\corporate\recordingserver\recorderservice\tst\videoos.recorder.unittests\bin\x64\debug\net472\videoos.recorder.unittests.dll" id="a2a4d979-bf79-d5c5-c522-a313408e9fa1">
      <Execution id="6ae9e947-7096-4cf9-95ce-d9d5725553f7" />
      <TestMethod codeBase="D:\actions-runner\_work\XPCO\XPCO\Corporate\RecordingServer\RecorderService\tst\VideoOS.Recorder.UnitTests\bin\x64\Debug\net472\VideoOS.Recorder.UnitTests.dll" adapterTypeName="executor://mstestadapter/v2" className="VideoOS.Recorder.UnitTests.Command.PtzManagerDataHolderTest" name="PtzManagerDataHolder_GetPtzDevice_Preset_Not_Supported" />
    </UnitTest>
    <UnitTest name="PtzManager_ForceReleasePtzSession_Success" storage="d:\actions-runner\_work\xpco\xpco\corporate\recordingserver\recorderservice\tst\videoos.recorder.unittests\bin\x64\debug\net472\videoos.recorder.unittests.dll" id="940748a7-bb76-f111-5184-b99a90027494">
      <Execution id="731b6e32-8912-4090-a9aa-a8b79f0f8da9" />
      <TestMethod codeBase="D:\actions-runner\_work\XPCO\XPCO\Corporate\RecordingServer\RecorderService\tst\VideoOS.Recorder.UnitTests\bin\x64\Debug\net472\VideoOS.Recorder.UnitTests.dll" adapterTypeName="executor://mstestadapter/v2" className="VideoOS.Recorder.UnitTests.Command.PtzManagerTests" name="PtzManager_ForceReleasePtzSession_Success" />
    </UnitTest>
    <UnitTest name="Start_WebErrorOnFirstTry_WillReconnectOnSecondTry" storage="d:\actions-runner\_work\xpco\xpco\corporate\recordingserver\recorderservice\tst\videoos.recorder.unittests\bin\x64\debug\net472\videoos.recorder.unittests.dll" id="51aa2f6d-3623-80f3-279f-c704073a9df9">
      <Execution id="a0f21a39-2c40-4c9d-b01b-fe386f54c1aa" />
      <TestMethod codeBase="D:\actions-runner\_work\XPCO\XPCO\Corporate\RecordingServer\RecorderService\tst\VideoOS.Recorder.UnitTests\bin\x64\Debug\net472\VideoOS.Recorder.UnitTests.dll" adapterTypeName="executor://mstestadapter/v2" className="VideoOS.Recorder.UnitTests.CommManagerWebApiTests" name="Start_WebErrorOnFirstTry_WillReconnectOnSecondTry" />
    </UnitTest>
    <UnitTest name="PtzManualSession_Constructor_Reserved_Success" storage="d:\actions-runner\_work\xpco\xpco\corporate\recordingserver\recorderservice\tst\videoos.recorder.unittests\bin\x64\debug\net472\videoos.recorder.unittests.dll" id="c842dd6f-3642-d5da-f0c5-0b178afcc5f4">
      <Execution id="d2453ab5-106e-4880-ae07-8aae28cc8ace" />
      <TestMethod codeBase="D:\actions-runner\_work\XPCO\XPCO\Corporate\RecordingServer\RecorderService\tst\VideoOS.Recorder.UnitTests\bin\x64\Debug\net472\VideoOS.Recorder.UnitTests.dll" adapterTypeName="executor://mstestadapter/v2" className="VideoOS.Recorder.UnitTests.Command.PtzSessionsTests" name="PtzManualSession_Constructor_Reserved_Success" />
    </UnitTest>
    <UnitTest name="PtzDefaultSession_Constructor_ArgumentNullException" storage="d:\actions-runner\_work\xpco\xpco\corporate\recordingserver\recorderservice\tst\videoos.recorder.unittests\bin\x64\debug\net472\videoos.recorder.unittests.dll" id="71fbd216-6c35-f7fe-fc31-6ab9288b50f9">
      <Execution id="47fd9db4-b8ce-4f1c-ac5b-412ca50cd86e" />
      <TestMethod codeBase="D:\actions-runner\_work\XPCO\XPCO\Corporate\RecordingServer\RecorderService\tst\VideoOS.Recorder.UnitTests\bin\x64\Debug\net472\VideoOS.Recorder.UnitTests.dll" adapterTypeName="executor://mstestadapter/v2" className="VideoOS.Recorder.UnitTests.Command.PtzSessionsTests" name="PtzDefaultSession_Constructor_ArgumentNullException" />
    </UnitTest>
    <UnitTest name="TestStatistics5Sec" storage="d:\actions-runner\_work\xpco\xpco\corporate\recordingserver\recorderservice\tst\videoos.recorder.unittests\bin\x64\debug\net472\videoos.recorder.unittests.dll" id="ed6a8ebe-05df-d8e5-8165-942c8c8d649e">
      <TestCategory>
        <TestCategoryItem TestCategory="ObjectModel.PipelineStatistics" />
      </TestCategory>
      <Execution id="b6799263-941f-4795-91ec-e75b81b5a979" />
      <TestMethod codeBase="D:\actions-runner\_work\XPCO\XPCO\Corporate\RecordingServer\RecorderService\tst\VideoOS.Recorder.UnitTests\bin\x64\Debug\net472\VideoOS.Recorder.UnitTests.dll" adapterTypeName="executor://mstestadapter/v2" className="VideoOS.Recorder.UnitTests.ObjectModel.Processors.PipelineStatisticsTest" name="TestStatistics5Sec" />
    </UnitTest>
    <UnitTest name="GetNetworkConfigurationCommandHandler_Execute_HardwareBlocked_Errors" storage="d:\actions-runner\_work\xpco\xpco\corporate\recordingserver\recorderservice\tst\videoos.recorder.unittests\bin\x64\debug\net472\videoos.recorder.unittests.dll" id="24a93b79-982d-1508-0614-05488f32b376">
      <Execution id="ff8c3442-5eb0-4395-84c4-f3d8e5ce81ae" />
      <TestMethod codeBase="D:\actions-runner\_work\XPCO\XPCO\Corporate\RecordingServer\RecorderService\tst\VideoOS.Recorder.UnitTests\bin\x64\Debug\net472\VideoOS.Recorder.UnitTests.dll" adapterTypeName="executor://mstestadapter/v2" className="VideoOS.Recorder.UnitTests.Command.GetNetworkConfigurationCommandHandlerUnitTests" name="GetNetworkConfigurationCommandHandler_Execute_HardwareBlocked_Errors" />
    </UnitTest>
    <UnitTest name="PtzManagerDataHolder_UpdateSchema_Not_Exists_Add" storage="d:\actions-runner\_work\xpco\xpco\corporate\recordingserver\recorderservice\tst\videoos.recorder.unittests\bin\x64\debug\net472\videoos.recorder.unittests.dll" id="cd242aaa-22da-d717-dda8-cda3a410d13b">
      <Execution id="7fb1dcaf-39b4-4b29-87d3-22e74e1ea406" />
      <TestMethod codeBase="D:\actions-runner\_work\XPCO\XPCO\Corporate\RecordingServer\RecorderService\tst\VideoOS.Recorder.UnitTests\bin\x64\Debug\net472\VideoOS.Recorder.UnitTests.dll" adapterTypeName="executor://mstestadapter/v2" className="VideoOS.Recorder.UnitTests.Command.PtzManagerDataHolderTest" name="PtzManagerDataHolder_UpdateSchema_Not_Exists_Add" />
    </UnitTest>
    <UnitTest name="TimeRangeConversionRangeSpansStartAndEndTimeExactly" storage="d:\actions-runner\_work\xpco\xpco\corporate\recordingserver\recorderservice\tst\videoos.recorder.unittests\bin\x64\debug\net472\videoos.recorder.unittests.dll" id="9068db29-17b2-595d-773e-3b64e5b1b90a">
      <TestCategory>
        <TestCategoryItem TestCategory="TimeRangeConversion" />
      </TestCategory>
      <Execution id="700281fd-8944-418a-b4c6-829fd0e279cd" />
      <TestMethod codeBase="D:\actions-runner\_work\XPCO\XPCO\Corporate\RecordingServer\RecorderService\tst\VideoOS.Recorder.UnitTests\bin\x64\Debug\net472\VideoOS.Recorder.UnitTests.dll" adapterTypeName="executor://mstestadapter/v2" className="VideoOS.Recorder.UnitTests.TimeRangeConversionTests.TimeRangeConversionTests" name="TimeRangeConversionRangeSpansStartAndEndTimeExactly" />
    </UnitTest>
    <UnitTest name="ConnectSuccess_NextSeq_Exception" storage="d:\actions-runner\_work\xpco\xpco\corporate\recordingserver\recorderservice\tst\videoos.recorder.unittests\bin\x64\debug\net472\videoos.recorder.unittests.dll" id="4abb4581-af66-78a4-046c-15d0397a9455">
      <Execution id="c2ee4580-6aea-42a9-8fe6-15ab81ab3b54" />
      <TestMethod codeBase="D:\actions-runner\_work\XPCO\XPCO\Corporate\RecordingServer\RecorderService\tst\VideoOS.Recorder.UnitTests\bin\x64\Debug\net472\VideoOS.Recorder.UnitTests.dll" adapterTypeName="executor://mstestadapter/v2" className="VideoOS.Recorder.UnitTests.WebServer.ImageServerRequestHandlerTests" name="ConnectSuccess_NextSeq_Exception" />
    </UnitTest>
    <UnitTest name="EdgeStorageLimitsTimeLimitOk" storage="d:\actions-runner\_work\xpco\xpco\corporate\recordingserver\recorderservice\tst\videoos.recorder.unittests\bin\x64\debug\net472\videoos.recorder.unittests.dll" id="99e9a28f-2c77-eaac-eaae-2f23b8c10bdb">
      <TestCategory>
        <TestCategoryItem TestCategory="EdgeStorageLimits" />
      </TestCategory>
      <Execution id="a2a7c0d1-063f-410e-bdf3-b28d45c65af1" />
      <TestMethod codeBase="D:\actions-runner\_work\XPCO\XPCO\Corporate\RecordingServer\RecorderService\tst\VideoOS.Recorder.UnitTests\bin\x64\Debug\net472\VideoOS.Recorder.UnitTests.dll" adapterTypeName="executor://mstestadapter/v2" className="VideoOS.Recorder.UnitTests.EdgeStorage.EdgeStorageLimitTests" name="EdgeStorageLimitsTimeLimitOk" />
    </UnitTest>
    <UnitTest name="SOAPCommandRequestHandler_ExecuteFunction_HandlePTZCenter_No_Priority" storage="d:\actions-runner\_work\xpco\xpco\corporate\recordingserver\recorderservice\tst\videoos.recorder.unittests\bin\x64\debug\net472\videoos.recorder.unittests.dll" id="220a0741-c671-c6c1-6e3c-14099329fb32">
      <Execution id="e0869236-081f-4be7-b4d6-3c703092e742" />
      <TestMethod codeBase="D:\actions-runner\_work\XPCO\XPCO\Corporate\RecordingServer\RecorderService\tst\VideoOS.Recorder.UnitTests\bin\x64\Debug\net472\VideoOS.Recorder.UnitTests.dll" adapterTypeName="executor://mstestadapter/v2" className="VideoOS.Recorder.UnitTests.WebServer.SOAPCommandRequestHandlerTests" name="SOAPCommandRequestHandler_ExecuteFunction_HandlePTZCenter_No_Priority" />
    </UnitTest>
    <UnitTest name="SOAPCommandRequestHandler_ExecuteFunction_HandlePTZMoveAbsolute_Success" storage="d:\actions-runner\_work\xpco\xpco\corporate\recordingserver\recorderservice\tst\videoos.recorder.unittests\bin\x64\debug\net472\videoos.recorder.unittests.dll" id="cea13dec-3b36-ea5b-7908-459731bcb8c9">
      <Execution id="d3ffe7e1-1e68-412b-90fc-561694f8ab21" />
      <TestMethod codeBase="D:\actions-runner\_work\XPCO\XPCO\Corporate\RecordingServer\RecorderService\tst\VideoOS.Recorder.UnitTests\bin\x64\Debug\net472\VideoOS.Recorder.UnitTests.dll" adapterTypeName="executor://mstestadapter/v2" className="VideoOS.Recorder.UnitTests.WebServer.SOAPCommandRequestHandlerTests" name="SOAPCommandRequestHandler_ExecuteFunction_HandlePTZMoveAbsolute_Success" />
    </UnitTest>
    <UnitTest name="MediaDbCache_SetListFileSystemDiskUsage_Success" storage="d:\actions-runner\_work\xpco\xpco\corporate\recordingserver\recorderservice\tst\videoos.recorder.unittests\bin\x64\debug\net472\videoos.recorder.unittests.dll" id="8f4d98c4-c4c3-3370-b9b4-f84d99ebe3e0">
      <Execution id="f306eced-7ec5-46a6-aaa7-692c95846bb6" />
      <TestMethod codeBase="D:\actions-runner\_work\XPCO\XPCO\Corporate\RecordingServer\RecorderService\tst\VideoOS.Recorder.UnitTests\bin\x64\Debug\net472\VideoOS.Recorder.UnitTests.dll" adapterTypeName="executor://mstestadapter/v2" className="VideoOS.Recorder.UnitTests.Database.MediaDbCacheUnitTests" name="MediaDbCache_SetListFileSystemDiskUsage_Success" />
    </UnitTest>
    <UnitTest name="SOAPCommandRequestHandler_ExecuteFunction_HandleSmartSearchStart_Success_SearchIntervalMoreThan1000" storage="d:\actions-runner\_work\xpco\xpco\corporate\recordingserver\recorderservice\tst\videoos.recorder.unittests\bin\x64\debug\net472\videoos.recorder.unittests.dll" id="84b988bf-d44b-4698-fb27-4782957d3dee">
      <Execution id="d3f03c26-9a53-484f-8685-37ac0784a3ac" />
      <TestMethod codeBase="D:\actions-runner\_work\XPCO\XPCO\Corporate\RecordingServer\RecorderService\tst\VideoOS.Recorder.UnitTests\bin\x64\Debug\net472\VideoOS.Recorder.UnitTests.dll" adapterTypeName="executor://mstestadapter/v2" className="VideoOS.Recorder.UnitTests.WebServer.SOAPCommandRequestHandlerTests" name="SOAPCommandRequestHandler_ExecuteFunction_HandleSmartSearchStart_Success_SearchIntervalMoreThan1000" />
    </UnitTest>
    <UnitTest name="SearchingMixedWithEmptyMask" storage="d:\actions-runner\_work\xpco\xpco\corporate\recordingserver\recorderservice\tst\videoos.recorder.unittests\bin\x64\debug\net472\videoos.recorder.unittests.dll" id="b4c8b4fe-75e0-393f-0de0-b15d564184ce">
      <Execution id="2766175e-6632-4885-ae80-4b4c9754d395" />
      <TestMethod codeBase="D:\actions-runner\_work\XPCO\XPCO\Corporate\RecordingServer\RecorderService\tst\VideoOS.Recorder.UnitTests\bin\x64\Debug\net472\VideoOS.Recorder.UnitTests.dll" adapterTypeName="executor://mstestadapter/v2" className="VideoOS.Recorder.UnitTests.ObjectModel.PrivacyMaskHandlerTest" name="SearchingMixedWithEmptyMask" />
    </UnitTest>
    <UnitTest name="Start_WithoutInitializing_ShouldThrowException" storage="d:\actions-runner\_work\xpco\xpco\corporate\recordingserver\recorderservice\tst\videoos.recorder.unittests\bin\x64\debug\net472\videoos.recorder.unittests.dll" id="beabd535-a81b-7854-466b-bc77ec14ae26">
      <Execution id="7c80805c-2573-4c27-a2c8-3ad35b391ec9" />
      <TestMethod codeBase="D:\actions-runner\_work\XPCO\XPCO\Corporate\RecordingServer\RecorderService\tst\VideoOS.Recorder.UnitTests\bin\x64\Debug\net472\VideoOS.Recorder.UnitTests.dll" adapterTypeName="executor://mstestadapter/v2" className="VideoOS.Recorder.UnitTests.CommManagerWebApiTests" name="Start_WithoutInitializing_ShouldThrowException" />
    </UnitTest>
    <UnitTest name="RecorderTaskStopped_InternalStateStopped_ThrowsCommunicationStoppedException" storage="d:\actions-runner\_work\xpco\xpco\corporate\recordingserver\recorderservice\tst\videoos.recorder.unittests\bin\x64\debug\net472\videoos.recorder.unittests.dll" id="04194e19-3cb7-e946-ac3d-392497c8bd6f">
      <Execution id="2af3f284-534f-4522-91b9-34864f034c02" />
      <TestMethod codeBase="D:\actions-runner\_work\XPCO\XPCO\Corporate\RecordingServer\RecorderService\tst\VideoOS.Recorder.UnitTests\bin\x64\Debug\net472\VideoOS.Recorder.UnitTests.dll" adapterTypeName="executor://mstestadapter/v2" className="VideoOS.Recorder.UnitTests.CommManagerWebApiTests" name="RecorderTaskStopped_InternalStateStopped_ThrowsCommunicationStoppedException" />
    </UnitTest>
    <UnitTest name="GetNetworkConfigurationCommandHandler_Execute_InterfaceDisabled_Errors" storage="d:\actions-runner\_work\xpco\xpco\corporate\recordingserver\recorderservice\tst\videoos.recorder.unittests\bin\x64\debug\net472\videoos.recorder.unittests.dll" id="c56ceeab-d742-8985-e475-23e0921ae7e8">
      <Execution id="f93d7655-ec98-4ada-9b6f-3a4433bd501b" />
      <TestMethod codeBase="D:\actions-runner\_work\XPCO\XPCO\Corporate\RecordingServer\RecorderService\tst\VideoOS.Recorder.UnitTests\bin\x64\Debug\net472\VideoOS.Recorder.UnitTests.dll" adapterTypeName="executor://mstestadapter/v2" className="VideoOS.Recorder.UnitTests.Command.GetNetworkConfigurationCommandHandlerUnitTests" name="GetNetworkConfigurationCommandHandler_Execute_InterfaceDisabled_Errors" />
    </UnitTest>
    <UnitTest name="SOAPCommandRequestHandler_ExecuteFunction_HandleStartManualRecording_Success" storage="d:\actions-runner\_work\xpco\xpco\corporate\recordingserver\recorderservice\tst\videoos.recorder.unittests\bin\x64\debug\net472\videoos.recorder.unittests.dll" id="ee728857-3832-bde0-8ee8-4e507d69fcac">
      <Execution id="c9365609-166e-4548-bcd0-676cab7bd079" />
      <TestMethod codeBase="D:\actions-runner\_work\XPCO\XPCO\Corporate\RecordingServer\RecorderService\tst\VideoOS.Recorder.UnitTests\bin\x64\Debug\net472\VideoOS.Recorder.UnitTests.dll" adapterTypeName="executor://mstestadapter/v2" className="VideoOS.Recorder.UnitTests.WebServer.SOAPCommandRequestHandlerTests" name="SOAPCommandRequestHandler_ExecuteFunction_HandleStartManualRecording_Success" />
    </UnitTest>
    <UnitTest name="PtzReserveSessionCommandHandler_Execute_Device_Not_Found" storage="d:\actions-runner\_work\xpco\xpco\corporate\recordingserver\recorderservice\tst\videoos.recorder.unittests\bin\x64\debug\net472\videoos.recorder.unittests.dll" id="b761596d-0bb6-e439-c952-5fd1de6486a8">
      <Execution id="f7767276-86a5-4215-a8d0-32beef101c48" />
      <TestMethod codeBase="D:\actions-runner\_work\XPCO\XPCO\Corporate\RecordingServer\RecorderService\tst\VideoOS.Recorder.UnitTests\bin\x64\Debug\net472\VideoOS.Recorder.UnitTests.dll" adapterTypeName="executor://mstestadapter/v2" className="VideoOS.Recorder.UnitTests.Command.PtzReserveSessionCommandHandlerTest" name="PtzReserveSessionCommandHandler_Execute_Device_Not_Found" />
    </UnitTest>
    <UnitTest name="DiffGramToApplyToOrigionalDataSetToMakeItIdenticalWithNewDataSet_FailoverInfo_Modified_Success" storage="d:\actions-runner\_work\xpco\xpco\corporate\recordingserver\recorderservice\tst\videoos.recorder.unittests\bin\x64\debug\net472\videoos.recorder.unittests.dll" id="5bf2d8f9-261a-68f8-0490-6149538c958f">
      <Execution id="22836bfc-ed00-4dce-8674-3d6b1b8a9a96" />
      <TestMethod codeBase="D:\actions-runner\_work\XPCO\XPCO\Corporate\RecordingServer\RecorderService\tst\VideoOS.Recorder.UnitTests\bin\x64\Debug\net472\VideoOS.Recorder.UnitTests.dll" adapterTypeName="executor://mstestadapter/v2" className="VideoOS.Recorder.UnitTests.DataSetUtilityUnitTests" name="DiffGramToApplyToOrigionalDataSetToMakeItIdenticalWithNewDataSet_FailoverInfo_Modified_Success" />
    </UnitTest>
    <UnitTest name="WebServerEventSource_InitializationTest" storage="d:\actions-runner\_work\xpco\xpco\corporate\recordingserver\recorderservice\tst\videoos.recorder.unittests\bin\x64\debug\net472\videoos.recorder.unittests.dll" id="2cc58668-9dc7-b18f-f113-82958087b168">
      <Execution id="2790c842-2dfb-4fbf-99f1-66e53e03a8f3" />
      <TestMethod codeBase="D:\actions-runner\_work\XPCO\XPCO\Corporate\RecordingServer\RecorderService\tst\VideoOS.Recorder.UnitTests\bin\x64\Debug\net472\VideoOS.Recorder.UnitTests.dll" adapterTypeName="executor://mstestadapter/v2" className="VideoOS.Recorder.UnitTests.Tracing.GeneralTracingTests" name="WebServerEventSource_InitializationTest" />
    </UnitTest>
    <UnitTest name="AddStatus_SendsStatus_OnSameStatusTwice" storage="d:\actions-runner\_work\xpco\xpco\corporate\recordingserver\recorderservice\tst\videoos.recorder.unittests\bin\x64\debug\net472\videoos.recorder.unittests.dll" id="23ee9bf1-ca25-8ff0-b7d2-b8ee61230f2e">
      <TestCategory>
        <TestCategoryItem TestCategory="RecorderStatus" />
      </TestCategory>
      <Execution id="3b117587-6763-4c11-bf16-6cae01cfde70" />
      <TestMethod codeBase="D:\actions-runner\_work\XPCO\XPCO\Corporate\RecordingServer\RecorderService\tst\VideoOS.Recorder.UnitTests\bin\x64\Debug\net472\VideoOS.Recorder.UnitTests.dll" adapterTypeName="executor://mstestadapter/v2" className="VideoOS.Recorder.UnitTests.RecorderStatusTests" name="AddStatus_SendsStatus_OnSameStatusTwice" />
    </UnitTest>
    <UnitTest name="EdgeStorageLimitsManagerGetLimitsCleanupAndSameInstance" storage="d:\actions-runner\_work\xpco\xpco\corporate\recordingserver\recorderservice\tst\videoos.recorder.unittests\bin\x64\debug\net472\videoos.recorder.unittests.dll" id="df44b949-8854-12d3-3412-44f4d128eff3">
      <TestCategory>
        <TestCategoryItem TestCategory="EdgeStorageLimits" />
      </TestCategory>
      <Execution id="d9c7cdeb-6e34-498c-ad18-4d7c9cb921e3" />
      <TestMethod codeBase="D:\actions-runner\_work\XPCO\XPCO\Corporate\RecordingServer\RecorderService\tst\VideoOS.Recorder.UnitTests\bin\x64\Debug\net472\VideoOS.Recorder.UnitTests.dll" adapterTypeName="executor://mstestadapter/v2" className="VideoOS.Recorder.UnitTests.EdgeStorage.EdgeStorageLimitTests" name="EdgeStorageLimitsManagerGetLimitsCleanupAndSameInstance" />
    </UnitTest>
    <UnitTest name="TimeRangeConversionRangeNull" storage="d:\actions-runner\_work\xpco\xpco\corporate\recordingserver\recorderservice\tst\videoos.recorder.unittests\bin\x64\debug\net472\videoos.recorder.unittests.dll" id="5aae2866-0e63-5303-c86b-20200a10452d">
      <TestCategory>
        <TestCategoryItem TestCategory="TimeRangeConversion" />
      </TestCategory>
      <Execution id="a8d06f37-7966-466d-bfea-8e408aa81639" />
      <TestMethod codeBase="D:\actions-runner\_work\XPCO\XPCO\Corporate\RecordingServer\RecorderService\tst\VideoOS.Recorder.UnitTests\bin\x64\Debug\net472\VideoOS.Recorder.UnitTests.dll" adapterTypeName="executor://mstestadapter/v2" className="VideoOS.Recorder.UnitTests.TimeRangeConversionTests.TimeRangeConversionTests" name="TimeRangeConversionRangeNull" />
    </UnitTest>
    <UnitTest name="GetNetworkConfigurationCommandHandler_Execute_GetNetworkConfiguration_ThrowsMemoryException_Throws" storage="d:\actions-runner\_work\xpco\xpco\corporate\recordingserver\recorderservice\tst\videoos.recorder.unittests\bin\x64\debug\net472\videoos.recorder.unittests.dll" id="6a05ec9c-a31e-6a31-a748-70c9bbc050f4">
      <Execution id="9edf9efd-4aa3-4af9-9b79-2a09601f4764" />
      <TestMethod codeBase="D:\actions-runner\_work\XPCO\XPCO\Corporate\RecordingServer\RecorderService\tst\VideoOS.Recorder.UnitTests\bin\x64\Debug\net472\VideoOS.Recorder.UnitTests.dll" adapterTypeName="executor://mstestadapter/v2" className="VideoOS.Recorder.UnitTests.Command.GetNetworkConfigurationCommandHandlerUnitTests" name="GetNetworkConfigurationCommandHandler_Execute_GetNetworkConfiguration_ThrowsMemoryException_Throws" />
    </UnitTest>
    <UnitTest name="PtzManager_StopPatrolling_Success" storage="d:\actions-runner\_work\xpco\xpco\corporate\recordingserver\recorderservice\tst\videoos.recorder.unittests\bin\x64\debug\net472\videoos.recorder.unittests.dll" id="1885e134-c75a-1386-d7ef-08d31fd2e486">
      <Execution id="208f134f-14f8-4d88-8c49-ad91c593aad9" />
      <TestMethod codeBase="D:\actions-runner\_work\XPCO\XPCO\Corporate\RecordingServer\RecorderService\tst\VideoOS.Recorder.UnitTests\bin\x64\Debug\net472\VideoOS.Recorder.UnitTests.dll" adapterTypeName="executor://mstestadapter/v2" className="VideoOS.Recorder.UnitTests.Command.PtzManagerTests" name="PtzManager_StopPatrolling_Success" />
    </UnitTest>
    <UnitTest name="SOAPCommandRequestHandler_ExecuteFunction_HandleSequencesGetAroundWithSpan_No_Microphone_Security" storage="d:\actions-runner\_work\xpco\xpco\corporate\recordingserver\recorderservice\tst\videoos.recorder.unittests\bin\x64\debug\net472\videoos.recorder.unittests.dll" id="8d119962-db6d-cb0a-c605-9a3de5c65537">
      <Execution id="72d99370-0824-47e2-af32-f92bd89b386d" />
      <TestMethod codeBase="D:\actions-runner\_work\XPCO\XPCO\Corporate\RecordingServer\RecorderService\tst\VideoOS.Recorder.UnitTests\bin\x64\Debug\net472\VideoOS.Recorder.UnitTests.dll" adapterTypeName="executor://mstestadapter/v2" className="VideoOS.Recorder.UnitTests.WebServer.SOAPCommandRequestHandlerTests" name="SOAPCommandRequestHandler_ExecuteFunction_HandleSequencesGetAroundWithSpan_No_Microphone_Security" />
    </UnitTest>
    <UnitTest name="MediaDbConfigurationWriter_WriteDeviceTableConfigurationNoPrebuffer_Cam" storage="d:\actions-runner\_work\xpco\xpco\corporate\recordingserver\recorderservice\tst\videoos.recorder.unittests\bin\x64\debug\net472\videoos.recorder.unittests.dll" id="57a5b186-9c7e-8ac1-b36f-7da3eebca679">
      <Execution id="727b065c-74a4-4c27-9d7d-ac0480513acc" />
      <TestMethod codeBase="D:\actions-runner\_work\XPCO\XPCO\Corporate\RecordingServer\RecorderService\tst\VideoOS.Recorder.UnitTests\bin\x64\Debug\net472\VideoOS.Recorder.UnitTests.dll" adapterTypeName="executor://mstestadapter/v2" className="VideoOS.Recorder.UnitTests.Database.MediaDbConfigurationWriterUnitTests" name="MediaDbConfigurationWriter_WriteDeviceTableConfigurationNoPrebuffer_Cam" />
    </UnitTest>
    <UnitTest name="GetAbsolutePtzPositionCommandHandler_Constructor_Argument_Exception" storage="d:\actions-runner\_work\xpco\xpco\corporate\recordingserver\recorderservice\tst\videoos.recorder.unittests\bin\x64\debug\net472\videoos.recorder.unittests.dll" id="f5ab79e3-803b-bf2c-0bf1-3e840dcef81b">
      <Execution id="b8408a3c-b086-4005-96aa-9feb2483a359" />
      <TestMethod codeBase="D:\actions-runner\_work\XPCO\XPCO\Corporate\RecordingServer\RecorderService\tst\VideoOS.Recorder.UnitTests\bin\x64\Debug\net472\VideoOS.Recorder.UnitTests.dll" adapterTypeName="executor://mstestadapter/v2" className="VideoOS.Recorder.UnitTests.Command.GetAbsolutePtzPositionCommandHandlerTest" name="GetAbsolutePtzPositionCommandHandler_Constructor_Argument_Exception" />
    </UnitTest>
    <UnitTest name="QueryDeviceEvidenceLockSizesCommandHandler_EvidenceLockNotFound_ErrorResponse" storage="d:\actions-runner\_work\xpco\xpco\corporate\recordingserver\recorderservice\tst\videoos.recorder.unittests\bin\x64\debug\net472\videoos.recorder.unittests.dll" id="574bdbf5-993a-f8a9-1f26-6120b176cc3a">
      <Execution id="a87ef432-07db-4510-9832-9ba04b7717c1" />
      <TestMethod codeBase="D:\actions-runner\_work\XPCO\XPCO\Corporate\RecordingServer\RecorderService\tst\VideoOS.Recorder.UnitTests\bin\x64\Debug\net472\VideoOS.Recorder.UnitTests.dll" adapterTypeName="executor://mstestadapter/v2" className="VideoOS.Recorder.UnitTests.Command.QueryDeviceEvidenceLockSizesCommandHandlerTests" name="QueryDeviceEvidenceLockSizesCommandHandler_EvidenceLockNotFound_ErrorResponse" />
    </UnitTest>
    <UnitTest name="ChangeHardwarePasswordCommandHandler_Execute_ChangePassword_ThrowsMemoryException_Throws" storage="d:\actions-runner\_work\xpco\xpco\corporate\recordingserver\recorderservice\tst\videoos.recorder.unittests\bin\x64\debug\net472\videoos.recorder.unittests.dll" id="eb1b6153-5e3a-f9e2-53fa-b64e9e62d863">
      <Execution id="c8e6eb3d-c05b-4b29-8fe1-736ce72786e4" />
      <TestMethod codeBase="D:\actions-runner\_work\XPCO\XPCO\Corporate\RecordingServer\RecorderService\tst\VideoOS.Recorder.UnitTests\bin\x64\Debug\net472\VideoOS.Recorder.UnitTests.dll" adapterTypeName="executor://mstestadapter/v2" className="VideoOS.Recorder.UnitTests.Command.ChangeHardwarePasswordCommandHandlerUnitTests" name="ChangeHardwarePasswordCommandHandler_Execute_ChangePassword_ThrowsMemoryException_Throws" />
    </UnitTest>
    <UnitTest name="ActivateArchiving_PostCommandIsValid_NoContent" storage="d:\actions-runner\_work\xpco\xpco\corporate\recordingserver\recorderservice\tst\videoos.recorder.unittests\bin\x64\debug\net472\videoos.recorder.unittests.dll" id="3733e2ee-3994-7baf-10b1-90fe617c0a63">
      <Execution id="ca26d0f3-bb48-448b-bbb7-cbc41ea19ab8" />
      <TestMethod codeBase="D:\actions-runner\_work\XPCO\XPCO\Corporate\RecordingServer\RecorderService\tst\VideoOS.Recorder.UnitTests\bin\x64\Debug\net472\VideoOS.Recorder.UnitTests.dll" adapterTypeName="executor://mstestadapter/v2" className="VideoOS.Recorder.UnitTests.DatabaseControllerTests" name="ActivateArchiving_PostCommandIsValid_NoContent" />
    </UnitTest>
    <UnitTest name="ResponseController_ErrorResponseNullInput_BadRequestResult" storage="d:\actions-runner\_work\xpco\xpco\corporate\recordingserver\recorderservice\tst\videoos.recorder.unittests\bin\x64\debug\net472\videoos.recorder.unittests.dll" id="eff3c6d5-40b9-e2ff-1d79-e411426c2b2a">
      <Execution id="59bc4c10-1299-4798-9674-e2685fe0eb3b" />
      <TestMethod codeBase="D:\actions-runner\_work\XPCO\XPCO\Corporate\RecordingServer\RecorderService\tst\VideoOS.Recorder.UnitTests\bin\x64\Debug\net472\VideoOS.Recorder.UnitTests.dll" adapterTypeName="executor://mstestadapter/v2" className="VideoOS.Recorder.UnitTests.ResponseControllerTests" name="ResponseController_ErrorResponseNullInput_BadRequestResult" />
    </UnitTest>
    <UnitTest name="AddHardwareUserCommandHandler_Execute_AddUser_ThrowsUserHandlingUserAlreadyExists_Errors" storage="d:\actions-runner\_work\xpco\xpco\corporate\recordingserver\recorderservice\tst\videoos.recorder.unittests\bin\x64\debug\net472\videoos.recorder.unittests.dll" id="770e90b7-a1f5-dcae-3e11-3f5f01dbab34">
      <Execution id="e30c7123-ab45-4d79-a856-2ed28fe67a59" />
      <TestMethod codeBase="D:\actions-runner\_work\XPCO\XPCO\Corporate\RecordingServer\RecorderService\tst\VideoOS.Recorder.UnitTests\bin\x64\Debug\net472\VideoOS.Recorder.UnitTests.dll" adapterTypeName="executor://mstestadapter/v2" className="VideoOS.Recorder.UnitTests.Command.AddHardwareUserCommandHandlerRecorderUnitTests" name="AddHardwareUserCommandHandler_Execute_AddUser_ThrowsUserHandlingUserAlreadyExists_Errors" />
    </UnitTest>
    <UnitTest name="CallLinkedDeviceStartedMethodCameraNotRecording" storage="d:\actions-runner\_work\xpco\xpco\corporate\recordingserver\recorderservice\tst\videoos.recorder.unittests\bin\x64\debug\net472\videoos.recorder.unittests.dll" id="fdcce838-d7d2-f8af-e608-91b54f5cd1aa">
      <TestCategory>
        <TestCategoryItem TestCategory="ObjectModel.Device.RelatedDeviceHandler" />
      </TestCategory>
      <Execution id="f0b57055-b018-4917-ad52-c4cd89ce4832" />
      <TestMethod codeBase="D:\actions-runner\_work\XPCO\XPCO\Corporate\RecordingServer\RecorderService\tst\VideoOS.Recorder.UnitTests\bin\x64\Debug\net472\VideoOS.Recorder.UnitTests.dll" adapterTypeName="executor://mstestadapter/v2" className="VideoOS.Recorder.UnitTests.ObjectModel.RelatedDeviceHandlerTest" name="CallLinkedDeviceStartedMethodCameraNotRecording" />
    </UnitTest>
    <UnitTest name="SetConfigRecordRelatedWhileRecordingCamera" storage="d:\actions-runner\_work\xpco\xpco\corporate\recordingserver\recorderservice\tst\videoos.recorder.unittests\bin\x64\debug\net472\videoos.recorder.unittests.dll" id="f74556d0-5411-c6c3-6583-91ccf0b8d5b8">
      <TestCategory>
        <TestCategoryItem TestCategory="ObjectModel.Device.RelatedDeviceHandler" />
      </TestCategory>
      <Execution id="2cb9ba21-8ec6-4d45-a587-d8015b7653af" />
      <TestMethod codeBase="D:\actions-runner\_work\XPCO\XPCO\Corporate\RecordingServer\RecorderService\tst\VideoOS.Recorder.UnitTests\bin\x64\Debug\net472\VideoOS.Recorder.UnitTests.dll" adapterTypeName="executor://mstestadapter/v2" className="VideoOS.Recorder.UnitTests.ObjectModel.RelatedDeviceHandlerTest" name="SetConfigRecordRelatedWhileRecordingCamera" />
    </UnitTest>
    <UnitTest name="YieldsTheSameResultSlow" storage="d:\actions-runner\_work\xpco\xpco\corporate\recordingserver\recorderservice\tst\videoos.recorder.unittests\bin\x64\debug\net472\videoos.recorder.unittests.dll" id="cc562d4c-f488-fdcb-813b-048d832aad4a">
      <Execution id="77d21ef6-a8b2-4e84-ad19-06e22548126b" />
      <TestMethod codeBase="D:\actions-runner\_work\XPCO\XPCO\Corporate\RecordingServer\RecorderService\tst\VideoOS.Recorder.UnitTests\bin\x64\Debug\net472\VideoOS.Recorder.UnitTests.dll" adapterTypeName="executor://mstestadapter/v2" className="VideoOS.Recorder.UnitTests.Utility.DeferredEnumerableTests" name="YieldsTheSameResultSlow" />
    </UnitTest>
    <UnitTest name="PtzPatrollingSessionBase_Start_Camera_Not_Started" storage="d:\actions-runner\_work\xpco\xpco\corporate\recordingserver\recorderservice\tst\videoos.recorder.unittests\bin\x64\debug\net472\videoos.recorder.unittests.dll" id="7226124f-dd09-d43a-b76d-b1f3200e03b8">
      <Execution id="627a1df1-c915-4d7e-8679-019a73535fe2" />
      <TestMethod codeBase="D:\actions-runner\_work\XPCO\XPCO\Corporate\RecordingServer\RecorderService\tst\VideoOS.Recorder.UnitTests\bin\x64\Debug\net472\VideoOS.Recorder.UnitTests.dll" adapterTypeName="executor://mstestadapter/v2" className="VideoOS.Recorder.UnitTests.Command.PtzSessionsTests" name="PtzPatrollingSessionBase_Start_Camera_Not_Started" />
    </UnitTest>
    <UnitTest name="GetSettingAsIPAddress_Success" storage="d:\actions-runner\_work\xpco\xpco\corporate\recordingserver\recorderservice\tst\videoos.recorder.unittests\bin\x64\debug\net472\videoos.recorder.unittests.dll" id="0a517831-35b5-973d-94ef-361826655cfd">
      <Execution id="17c0a37c-3d85-4878-b4e4-3719afd687a4" />
      <TestMethod codeBase="D:\actions-runner\_work\XPCO\XPCO\Corporate\RecordingServer\RecorderService\tst\VideoOS.Recorder.UnitTests\bin\x64\Debug\net472\VideoOS.Recorder.UnitTests.dll" adapterTypeName="executor://mstestadapter/v2" className="VideoOS.Recorder.UnitTests.Multicast.MulticastSettingsExtensionsUnitTests" name="GetSettingAsIPAddress_Success" />
    </UnitTest>
    <UnitTest name="ReadMessageHeaders_ImageServer_RequestTooLarge" storage="d:\actions-runner\_work\xpco\xpco\corporate\recordingserver\recorderservice\tst\videoos.recorder.unittests\bin\x64\debug\net472\videoos.recorder.unittests.dll" id="b5d4a09a-8d55-dd83-ee22-44db42c592da">
      <Execution id="cc68e23c-a94a-4146-b41c-2c956c3ec39f" />
      <TestMethod codeBase="D:\actions-runner\_work\XPCO\XPCO\Corporate\RecordingServer\RecorderService\tst\VideoOS.Recorder.UnitTests\bin\x64\Debug\net472\VideoOS.Recorder.UnitTests.dll" adapterTypeName="executor://mstestadapter/v2" className="VideoOS.Recorder.UnitTests.WebServer.WebRequestReaderUnitTests" name="ReadMessageHeaders_ImageServer_RequestTooLarge" />
    </UnitTest>
    <UnitTest name="ConnectSuccess_Browse_NoMedia" storage="d:\actions-runner\_work\xpco\xpco\corporate\recordingserver\recorderservice\tst\videoos.recorder.unittests\bin\x64\debug\net472\videoos.recorder.unittests.dll" id="eb1c41cd-9a93-cbc5-e6b6-6422a22e8228">
      <Execution id="4734c93c-1da6-468e-a8a0-cc857c0278ac" />
      <TestMethod codeBase="D:\actions-runner\_work\XPCO\XPCO\Corporate\RecordingServer\RecorderService\tst\VideoOS.Recorder.UnitTests\bin\x64\Debug\net472\VideoOS.Recorder.UnitTests.dll" adapterTypeName="executor://mstestadapter/v2" className="VideoOS.Recorder.UnitTests.WebServer.ImageServerRequestHandlerTests" name="ConnectSuccess_Browse_NoMedia" />
    </UnitTest>
    <UnitTest name="SOAPCommandRequestHandler_ExecuteFunction_HandleSmartSearchStart_NoSearchMaskSizeHeight" storage="d:\actions-runner\_work\xpco\xpco\corporate\recordingserver\recorderservice\tst\videoos.recorder.unittests\bin\x64\debug\net472\videoos.recorder.unittests.dll" id="caf07dda-c82a-a2ab-15ae-7948fd8f2eac">
      <Execution id="8267587c-4d71-4785-a593-c4ad232366a4" />
      <TestMethod codeBase="D:\actions-runner\_work\XPCO\XPCO\Corporate\RecordingServer\RecorderService\tst\VideoOS.Recorder.UnitTests\bin\x64\Debug\net472\VideoOS.Recorder.UnitTests.dll" adapterTypeName="executor://mstestadapter/v2" className="VideoOS.Recorder.UnitTests.WebServer.SOAPCommandRequestHandlerTests" name="SOAPCommandRequestHandler_ExecuteFunction_HandleSmartSearchStart_NoSearchMaskSizeHeight" />
    </UnitTest>
    <UnitTest name="SOAPCommandRequestHandler_ExecuteFunction_HandlePTZCenter_NoDeviceId" storage="d:\actions-runner\_work\xpco\xpco\corporate\recordingserver\recorderservice\tst\videoos.recorder.unittests\bin\x64\debug\net472\videoos.recorder.unittests.dll" id="7542de4e-8d44-a2f9-c6b6-030dc0d2df7a">
      <Execution id="d6f2f541-31ac-4355-871f-30df0c67ef7c" />
      <TestMethod codeBase="D:\actions-runner\_work\XPCO\XPCO\Corporate\RecordingServer\RecorderService\tst\VideoOS.Recorder.UnitTests\bin\x64\Debug\net472\VideoOS.Recorder.UnitTests.dll" adapterTypeName="executor://mstestadapter/v2" className="VideoOS.Recorder.UnitTests.WebServer.SOAPCommandRequestHandlerTests" name="SOAPCommandRequestHandler_ExecuteFunction_HandlePTZCenter_NoDeviceId" />
    </UnitTest>
    <UnitTest name="SetRecordingOnOffCameraOneLink" storage="d:\actions-runner\_work\xpco\xpco\corporate\recordingserver\recorderservice\tst\videoos.recorder.unittests\bin\x64\debug\net472\videoos.recorder.unittests.dll" id="9337bcc5-81b9-8228-a77c-c5ba3389419b">
      <TestCategory>
        <TestCategoryItem TestCategory="ObjectModel.Device.RelatedDeviceHandler" />
      </TestCategory>
      <Execution id="606e1cb4-0820-4ee3-b483-f10599fd4224" />
      <TestMethod codeBase="D:\actions-runner\_work\XPCO\XPCO\Corporate\RecordingServer\RecorderService\tst\VideoOS.Recorder.UnitTests\bin\x64\Debug\net472\VideoOS.Recorder.UnitTests.dll" adapterTypeName="executor://mstestadapter/v2" className="VideoOS.Recorder.UnitTests.ObjectModel.RelatedDeviceHandlerTest" name="SetRecordingOnOffCameraOneLink" />
    </UnitTest>
    <UnitTest name="SynchronizeDevicePresetsCommandHandler_Execute_DeviceNotStarted" storage="d:\actions-runner\_work\xpco\xpco\corporate\recordingserver\recorderservice\tst\videoos.recorder.unittests\bin\x64\debug\net472\videoos.recorder.unittests.dll" id="14810dc1-3e47-4c5b-f703-d7718498368d">
      <Execution id="52e04d73-e76b-46ac-b56c-c3cfe2547c46" />
      <TestMethod codeBase="D:\actions-runner\_work\XPCO\XPCO\Corporate\RecordingServer\RecorderService\tst\VideoOS.Recorder.UnitTests\bin\x64\Debug\net472\VideoOS.Recorder.UnitTests.dll" adapterTypeName="executor://mstestadapter/v2" className="VideoOS.Recorder.UnitTests.Command.SynchronizeDevicePresetsCommandHandlerUnitTests" name="SynchronizeDevicePresetsCommandHandler_Execute_DeviceNotStarted" />
    </UnitTest>
    <UnitTest name="PtzManagerDataHolder_GetPtzDevice_No_Device" storage="d:\actions-runner\_work\xpco\xpco\corporate\recordingserver\recorderservice\tst\videoos.recorder.unittests\bin\x64\debug\net472\videoos.recorder.unittests.dll" id="99d05a64-eea6-24d1-334b-953a675eddcb">
      <Execution id="1cbdd3a7-4253-4ca5-8687-6edd601894d5" />
      <TestMethod codeBase="D:\actions-runner\_work\XPCO\XPCO\Corporate\RecordingServer\RecorderService\tst\VideoOS.Recorder.UnitTests\bin\x64\Debug\net472\VideoOS.Recorder.UnitTests.dll" adapterTypeName="executor://mstestadapter/v2" className="VideoOS.Recorder.UnitTests.Command.PtzManagerDataHolderTest" name="PtzManagerDataHolder_GetPtzDevice_No_Device" />
    </UnitTest>
    <UnitTest name="Transform_To_Non_Existing_Version" storage="d:\actions-runner\_work\xpco\xpco\corporate\recordingserver\recorderservice\tst\videoos.recorder.unittests\bin\x64\debug\net472\videoos.recorder.unittests.dll" id="03fbd361-21dd-8b35-c21d-93999af074c1">
      <Execution id="9ae65b81-e800-44f0-b7eb-839be4c89c84" />
      <TestMethod codeBase="D:\actions-runner\_work\XPCO\XPCO\Corporate\RecordingServer\RecorderService\tst\VideoOS.Recorder.UnitTests\bin\x64\Debug\net472\VideoOS.Recorder.UnitTests.dll" adapterTypeName="executor://mstestadapter/v2" className="VideoOS.Recorder.UnitTests.WebServer.PrivacyMaskTransportConverterUnitTests" name="Transform_To_Non_Existing_Version" />
    </UnitTest>
    <UnitTest name="PtzManagerDataHolder_AddSchema_Success" storage="d:\actions-runner\_work\xpco\xpco\corporate\recordingserver\recorderservice\tst\videoos.recorder.unittests\bin\x64\debug\net472\videoos.recorder.unittests.dll" id="02863a6f-42b8-83c4-3b50-aaaf31ebb295">
      <Execution id="781c5e71-5f4b-48c4-b9f2-51929284a455" />
      <TestMethod codeBase="D:\actions-runner\_work\XPCO\XPCO\Corporate\RecordingServer\RecorderService\tst\VideoOS.Recorder.UnitTests\bin\x64\Debug\net472\VideoOS.Recorder.UnitTests.dll" adapterTypeName="executor://mstestadapter/v2" className="VideoOS.Recorder.UnitTests.Command.PtzManagerDataHolderTest" name="PtzManagerDataHolder_AddSchema_Success" />
    </UnitTest>
    <UnitTest name="TimeRangeConversionStartTimeAfterEndTime" storage="d:\actions-runner\_work\xpco\xpco\corporate\recordingserver\recorderservice\tst\videoos.recorder.unittests\bin\x64\debug\net472\videoos.recorder.unittests.dll" id="428ca194-877b-58c2-1d15-059150b3e8bd">
      <TestCategory>
        <TestCategoryItem TestCategory="TimeRangeConversion" />
      </TestCategory>
      <Execution id="f50d95b4-8b40-4d16-a5cd-0951599cc0c1" />
      <TestMethod codeBase="D:\actions-runner\_work\XPCO\XPCO\Corporate\RecordingServer\RecorderService\tst\VideoOS.Recorder.UnitTests\bin\x64\Debug\net472\VideoOS.Recorder.UnitTests.dll" adapterTypeName="executor://mstestadapter/v2" className="VideoOS.Recorder.UnitTests.TimeRangeConversionTests.TimeRangeConversionTests" name="TimeRangeConversionStartTimeAfterEndTime" />
    </UnitTest>
    <UnitTest name="TestStatistics20SecLast10SecUsed" storage="d:\actions-runner\_work\xpco\xpco\corporate\recordingserver\recorderservice\tst\videoos.recorder.unittests\bin\x64\debug\net472\videoos.recorder.unittests.dll" id="d340d675-637b-e4f2-8693-174aad068536">
      <TestCategory>
        <TestCategoryItem TestCategory="ObjectModel.PipelineStatistics" />
      </TestCategory>
      <Execution id="820ebce7-5ccf-486c-9f0b-32aede596ad9" />
      <TestMethod codeBase="D:\actions-runner\_work\XPCO\XPCO\Corporate\RecordingServer\RecorderService\tst\VideoOS.Recorder.UnitTests\bin\x64\Debug\net472\VideoOS.Recorder.UnitTests.dll" adapterTypeName="executor://mstestadapter/v2" className="VideoOS.Recorder.UnitTests.ObjectModel.Processors.PipelineStatisticsTest" name="TestStatistics20SecLast10SecUsed" />
    </UnitTest>
    <UnitTest name="RecorderAccessTokenHandler_PopulateAuthorizationHeaderAsync_AccessTokenException" storage="d:\actions-runner\_work\xpco\xpco\corporate\recordingserver\recorderservice\tst\videoos.recorder.unittests\bin\x64\debug\net472\videoos.recorder.unittests.dll" id="9b299d22-ca60-cce0-4e1f-29a17d2b8ee7">
      <Execution id="5916e47e-a954-457a-aa3e-75ba63d7a50c" />
      <TestMethod codeBase="D:\actions-runner\_work\XPCO\XPCO\Corporate\RecordingServer\RecorderService\tst\VideoOS.Recorder.UnitTests\bin\x64\Debug\net472\VideoOS.Recorder.UnitTests.dll" adapterTypeName="executor://mstestadapter/v2" className="VideoOS.Recorder.UnitTests.ServerCommunication.RecorderAccessTokenHandlerTests" name="RecorderAccessTokenHandler_PopulateAuthorizationHeaderAsync_AccessTokenException" />
    </UnitTest>
    <UnitTest name="SearchingForwardNoOverlapsThorrow" storage="d:\actions-runner\_work\xpco\xpco\corporate\recordingserver\recorderservice\tst\videoos.recorder.unittests\bin\x64\debug\net472\videoos.recorder.unittests.dll" id="7db2cd71-ae38-529c-5001-03a47304d2fc">
      <Execution id="e3bf69b6-1cca-4efb-96cb-f98ad602b612" />
      <TestMethod codeBase="D:\actions-runner\_work\XPCO\XPCO\Corporate\RecordingServer\RecorderService\tst\VideoOS.Recorder.UnitTests\bin\x64\Debug\net472\VideoOS.Recorder.UnitTests.dll" adapterTypeName="executor://mstestadapter/v2" className="VideoOS.Recorder.UnitTests.ObjectModel.RestrictedMediaHandlerTest" name="SearchingForwardNoOverlapsThorrow" />
    </UnitTest>
    <UnitTest name="SOAPCommandRequestHandler_ExecuteFunction_HandlePTZActivatePatrollingSchema_No_Security" storage="d:\actions-runner\_work\xpco\xpco\corporate\recordingserver\recorderservice\tst\videoos.recorder.unittests\bin\x64\debug\net472\videoos.recorder.unittests.dll" id="6ad67f90-4e09-b699-2caa-16df9b28a0e0">
      <Execution id="9cef31e9-d35a-4832-8e95-56ad82896268" />
      <TestMethod codeBase="D:\actions-runner\_work\XPCO\XPCO\Corporate\RecordingServer\RecorderService\tst\VideoOS.Recorder.UnitTests\bin\x64\Debug\net472\VideoOS.Recorder.UnitTests.dll" adapterTypeName="executor://mstestadapter/v2" className="VideoOS.Recorder.UnitTests.WebServer.SOAPCommandRequestHandlerTests" name="SOAPCommandRequestHandler_ExecuteFunction_HandlePTZActivatePatrollingSchema_No_Security" />
    </UnitTest>
    <UnitTest name="SOAPCommandRequestHandler_ExecuteFunction_HandleSequencesGetAround_NoDeviceId" storage="d:\actions-runner\_work\xpco\xpco\corporate\recordingserver\recorderservice\tst\videoos.recorder.unittests\bin\x64\debug\net472\videoos.recorder.unittests.dll" id="a6094747-bd2e-c88f-ef68-c7f43648c75c">
      <Execution id="f030c8d0-147e-4457-bc2d-8d8df113b076" />
      <TestMethod codeBase="D:\actions-runner\_work\XPCO\XPCO\Corporate\RecordingServer\RecorderService\tst\VideoOS.Recorder.UnitTests\bin\x64\Debug\net472\VideoOS.Recorder.UnitTests.dll" adapterTypeName="executor://mstestadapter/v2" className="VideoOS.Recorder.UnitTests.WebServer.SOAPCommandRequestHandlerTests" name="SOAPCommandRequestHandler_ExecuteFunction_HandleSequencesGetAround_NoDeviceId" />
    </UnitTest>
    <UnitTest name="PtzManualSession_Constructor_ArgumentNullException" storage="d:\actions-runner\_work\xpco\xpco\corporate\recordingserver\recorderservice\tst\videoos.recorder.unittests\bin\x64\debug\net472\videoos.recorder.unittests.dll" id="3cee368f-183c-fbf3-e826-ddde295875d1">
      <Execution id="6b06ab1f-f7d3-46e6-a7e8-1bb4ff104261" />
      <TestMethod codeBase="D:\actions-runner\_work\XPCO\XPCO\Corporate\RecordingServer\RecorderService\tst\VideoOS.Recorder.UnitTests\bin\x64\Debug\net472\VideoOS.Recorder.UnitTests.dll" adapterTypeName="executor://mstestadapter/v2" className="VideoOS.Recorder.UnitTests.Command.PtzSessionsTests" name="PtzManualSession_Constructor_ArgumentNullException" />
    </UnitTest>
    <UnitTest name="CheckForLiveAndOrphanTables_CreateMissingTable" storage="d:\actions-runner\_work\xpco\xpco\corporate\recordingserver\recorderservice\tst\videoos.recorder.unittests\bin\x64\debug\net472\videoos.recorder.unittests.dll" id="b45094a2-1a27-9c40-2145-2594e3d53bf7">
      <Execution id="8469f0cc-70d7-403a-a76c-0f3672547e18" />
      <TestMethod codeBase="D:\actions-runner\_work\XPCO\XPCO\Corporate\RecordingServer\RecorderService\tst\VideoOS.Recorder.UnitTests\bin\x64\Debug\net472\VideoOS.Recorder.UnitTests.dll" adapterTypeName="executor://mstestadapter/v2" className="VideoOS.Recorder.UnitTests.ObjectModel.MediaDbManagerUnitTests" name="CheckForLiveAndOrphanTables_CreateMissingTable" />
    </UnitTest>
    <UnitTest name="SendUpdateHardwareDriverCommandAsync_ConnectedAndIncompatible_ShouldThrowAnException" storage="d:\actions-runner\_work\xpco\xpco\corporate\recordingserver\recorderservice\tst\videoos.recorder.unittests\bin\x64\debug\net472\videoos.recorder.unittests.dll" id="3149481f-7dc8-faae-4c4e-8462de35554d">
      <Execution id="b42791ec-4e7e-464b-866e-37e1a3dfaacd" />
      <TestMethod codeBase="D:\actions-runner\_work\XPCO\XPCO\Corporate\RecordingServer\RecorderService\tst\VideoOS.Recorder.UnitTests\bin\x64\Debug\net472\VideoOS.Recorder.UnitTests.dll" adapterTypeName="executor://mstestadapter/v2" className="VideoOS.Recorder.UnitTests.CommManagerWebApiTests" name="SendUpdateHardwareDriverCommandAsync_ConnectedAndIncompatible_ShouldThrowAnException" />
    </UnitTest>
    <UnitTest name="LicenseManager_CheckHardwareLicensed_unlicensed_unlicensedAfterExpiryDateNoReplacementToken" storage="d:\actions-runner\_work\xpco\xpco\corporate\recordingserver\recorderservice\tst\videoos.recorder.unittests\bin\x64\debug\net472\videoos.recorder.unittests.dll" id="d71aa290-e625-3826-d729-64a4bfe69f41">
      <TestCategory>
        <TestCategoryItem TestCategory="Licensing" />
      </TestCategory>
      <Execution id="1950538f-1eb8-418d-af80-e5f71801fa5b" />
      <TestMethod codeBase="D:\actions-runner\_work\XPCO\XPCO\Corporate\RecordingServer\RecorderService\tst\VideoOS.Recorder.UnitTests\bin\x64\Debug\net472\VideoOS.Recorder.UnitTests.dll" adapterTypeName="executor://mstestadapter/v2" className="VideoOS.Recorder.UnitTests.Licensing.LicenseManagerUnitTests" name="LicenseManager_CheckHardwareLicensed_unlicensed_unlicensedAfterExpiryDateNoReplacementToken" />
    </UnitTest>
    <UnitTest name="SetupInitialHardwareUserCommandHandler_Execute_WithSecurePort_Success" storage="d:\actions-runner\_work\xpco\xpco\corporate\recordingserver\recorderservice\tst\videoos.recorder.unittests\bin\x64\debug\net472\videoos.recorder.unittests.dll" id="5ae442bb-f5c7-72e4-8da6-14434c62f47b">
      <Execution id="09f985de-07ed-4635-b743-278a355fd564" />
      <TestMethod codeBase="D:\actions-runner\_work\XPCO\XPCO\Corporate\RecordingServer\RecorderService\tst\VideoOS.Recorder.UnitTests\bin\x64\Debug\net472\VideoOS.Recorder.UnitTests.dll" adapterTypeName="executor://mstestadapter/v2" className="VideoOS.Recorder.UnitTests.Command.SetupInitialHardwareUserCommandHandlerUnitTests" name="SetupInitialHardwareUserCommandHandler_Execute_WithSecurePort_Success" />
    </UnitTest>
    <UnitTest name="StartTimer_StartsInternalTimer_WithPropperValues" storage="d:\actions-runner\_work\xpco\xpco\corporate\recordingserver\recorderservice\tst\videoos.recorder.unittests\bin\x64\debug\net472\videoos.recorder.unittests.dll" id="a5ed42a3-3fc9-e346-cc3c-ebc90271ee9f">
      <TestCategory>
        <TestCategoryItem TestCategory="RecorderStatus" />
      </TestCategory>
      <Execution id="67027dc6-f400-4fb4-98a5-8690e0dda914" />
      <TestMethod codeBase="D:\actions-runner\_work\XPCO\XPCO\Corporate\RecordingServer\RecorderService\tst\VideoOS.Recorder.UnitTests\bin\x64\Debug\net472\VideoOS.Recorder.UnitTests.dll" adapterTypeName="executor://mstestadapter/v2" className="VideoOS.Recorder.UnitTests.RecorderStatusTests" name="StartTimer_StartsInternalTimer_WithPropperValues" />
    </UnitTest>
    <UnitTest name="CollectMediaStatusCommandHandler_FindTrackStaus_Media_Present" storage="d:\actions-runner\_work\xpco\xpco\corporate\recordingserver\recorderservice\tst\videoos.recorder.unittests\bin\x64\debug\net472\videoos.recorder.unittests.dll" id="5aa20bdb-510a-5a49-ef69-9a4f88c0b4d3">
      <Execution id="b8455a03-0f1b-4b78-8741-8f9b23d59d8f" />
      <TestMethod codeBase="D:\actions-runner\_work\XPCO\XPCO\Corporate\RecordingServer\RecorderService\tst\VideoOS.Recorder.UnitTests\bin\x64\Debug\net472\VideoOS.Recorder.UnitTests.dll" adapterTypeName="executor://mstestadapter/v2" className="VideoOS.Recorder.UnitTests.Command.CollectMediaStatusCommandHandlerTests" name="CollectMediaStatusCommandHandler_FindTrackStaus_Media_Present" />
    </UnitTest>
    <UnitTest name="ConnectSuccess_Begin" storage="d:\actions-runner\_work\xpco\xpco\corporate\recordingserver\recorderservice\tst\videoos.recorder.unittests\bin\x64\debug\net472\videoos.recorder.unittests.dll" id="52ee971d-7a47-9988-eb76-4c3b72649c24">
      <Execution id="15ecf7b8-ec75-4c0c-8b35-faf2f45ea836" />
      <TestMethod codeBase="D:\actions-runner\_work\XPCO\XPCO\Corporate\RecordingServer\RecorderService\tst\VideoOS.Recorder.UnitTests\bin\x64\Debug\net472\VideoOS.Recorder.UnitTests.dll" adapterTypeName="executor://mstestadapter/v2" className="VideoOS.Recorder.UnitTests.WebServer.ImageServerRequestHandlerTests" name="ConnectSuccess_Begin" />
    </UnitTest>
    <UnitTest name="MediaDbUtil_MultitrackNavigation_Scenario11" storage="d:\actions-runner\_work\xpco\xpco\corporate\recordingserver\recorderservice\tst\videoos.recorder.unittests\bin\x64\debug\net472\videoos.recorder.unittests.dll" id="ba8a1963-a8aa-87ab-8cf5-8039aaa8b1ec">
      <Execution id="0e43b1de-f168-4281-aeee-3823797532cf" />
      <TestMethod codeBase="D:\actions-runner\_work\XPCO\XPCO\Corporate\RecordingServer\RecorderService\tst\VideoOS.Recorder.UnitTests\bin\x64\Debug\net472\VideoOS.Recorder.UnitTests.dll" adapterTypeName="executor://mstestadapter/v2" className="VideoOS.Recorder.UnitTests.WebServer.MediaDbUtilUnitTests" name="MediaDbUtil_MultitrackNavigation_Scenario11" />
    </UnitTest>
    <UnitTest name="FullStatusAlgorithm_EvaluateFullStatusRequired_NoKeepAlive_Success" storage="d:\actions-runner\_work\xpco\xpco\corporate\recordingserver\recorderservice\tst\videoos.recorder.unittests\bin\x64\debug\net472\videoos.recorder.unittests.dll" id="cdb445e5-ab59-b045-c3a9-f1d286cd8378">
      <Execution id="860c55d3-11f2-4b90-ad8d-3f5beaf6c7b1" />
      <TestMethod codeBase="D:\actions-runner\_work\XPCO\XPCO\Corporate\RecordingServer\RecorderService\tst\VideoOS.Recorder.UnitTests\bin\x64\Debug\net472\VideoOS.Recorder.UnitTests.dll" adapterTypeName="executor://mstestadapter/v2" className="VideoOS.Recorder.UnitTests.Multicast.FullStatusAlgorithmUnitTests" name="FullStatusAlgorithm_EvaluateFullStatusRequired_NoKeepAlive_Success" />
    </UnitTest>
    <UnitTest name="CheckDeleteDeviceMediaCommandHandler_LocalConfigG1_MediaDbG1G2G3G4_ExistedTracksG1_CreateLocalArchiveThrows" storage="d:\actions-runner\_work\xpco\xpco\corporate\recordingserver\recorderservice\tst\videoos.recorder.unittests\bin\x64\debug\net472\videoos.recorder.unittests.dll" id="ece90ebb-0fb7-8dce-2054-59d3bab2ee05">
      <Execution id="7379b4ca-abd1-44e4-be31-712b24f3c9d3" />
      <TestMethod codeBase="D:\actions-runner\_work\XPCO\XPCO\Corporate\RecordingServer\RecorderService\tst\VideoOS.Recorder.UnitTests\bin\x64\Debug\net472\VideoOS.Recorder.UnitTests.dll" adapterTypeName="executor://mstestadapter/v2" className="VideoOS.Recorder.UnitTests.Command.CheckDeleteDeviceMediaCommandHandlerTests" name="CheckDeleteDeviceMediaCommandHandler_LocalConfigG1_MediaDbG1G2G3G4_ExistedTracksG1_CreateLocalArchiveThrows" />
    </UnitTest>
    <UnitTest name="Start_EstablishesConnection_ReturnsAttachStateAttached" storage="d:\actions-runner\_work\xpco\xpco\corporate\recordingserver\recorderservice\tst\videoos.recorder.unittests\bin\x64\debug\net472\videoos.recorder.unittests.dll" id="cc88493d-338f-1106-ac48-ab181894dc27">
      <Execution id="5f4b9442-2b06-4cb6-a223-d91b18bba992" />
      <TestMethod codeBase="D:\actions-runner\_work\XPCO\XPCO\Corporate\RecordingServer\RecorderService\tst\VideoOS.Recorder.UnitTests\bin\x64\Debug\net472\VideoOS.Recorder.UnitTests.dll" adapterTypeName="executor://mstestadapter/v2" className="VideoOS.Recorder.UnitTests.CommManagerWebApiTests" name="Start_EstablishesConnection_ReturnsAttachStateAttached" />
    </UnitTest>
    <UnitTest name="SynchronizeDevicePresetsCommandHandler_Execute_QueryPresetsFromDevice_Throws_DeviceCommunicationException" storage="d:\actions-runner\_work\xpco\xpco\corporate\recordingserver\recorderservice\tst\videoos.recorder.unittests\bin\x64\debug\net472\videoos.recorder.unittests.dll" id="12eba2f8-40c7-c6a3-279f-510ff103cd38">
      <Execution id="9913ff38-51a1-4c14-a4ae-f83fc15e094e" />
      <TestMethod codeBase="D:\actions-runner\_work\XPCO\XPCO\Corporate\RecordingServer\RecorderService\tst\VideoOS.Recorder.UnitTests\bin\x64\Debug\net472\VideoOS.Recorder.UnitTests.dll" adapterTypeName="executor://mstestadapter/v2" className="VideoOS.Recorder.UnitTests.Command.SynchronizeDevicePresetsCommandHandlerUnitTests" name="SynchronizeDevicePresetsCommandHandler_Execute_QueryPresetsFromDevice_Throws_DeviceCommunicationException" />
    </UnitTest>
    <UnitTest name="SOAPCommandRequestHandler_ExecuteFunction_HandleStopManualRecording_Success" storage="d:\actions-runner\_work\xpco\xpco\corporate\recordingserver\recorderservice\tst\videoos.recorder.unittests\bin\x64\debug\net472\videoos.recorder.unittests.dll" id="f55f56e8-4ed9-047c-5b59-43baeffc38f2">
      <Execution id="2f016b76-be60-489d-94a0-95d33e3728db" />
      <TestMethod codeBase="D:\actions-runner\_work\XPCO\XPCO\Corporate\RecordingServer\RecorderService\tst\VideoOS.Recorder.UnitTests\bin\x64\Debug\net472\VideoOS.Recorder.UnitTests.dll" adapterTypeName="executor://mstestadapter/v2" className="VideoOS.Recorder.UnitTests.WebServer.SOAPCommandRequestHandlerTests" name="SOAPCommandRequestHandler_ExecuteFunction_HandleStopManualRecording_Success" />
    </UnitTest>
    <UnitTest name="TimeRangeConversion3RangesInsideUnsorted" storage="d:\actions-runner\_work\xpco\xpco\corporate\recordingserver\recorderservice\tst\videoos.recorder.unittests\bin\x64\debug\net472\videoos.recorder.unittests.dll" id="4c381978-12d5-0e6f-00d2-6b440f9dc78e">
      <TestCategory>
        <TestCategoryItem TestCategory="TimeRangeConversion" />
      </TestCategory>
      <Execution id="6689d696-f978-4857-bdc1-29b300edf24a" />
      <TestMethod codeBase="D:\actions-runner\_work\XPCO\XPCO\Corporate\RecordingServer\RecorderService\tst\VideoOS.Recorder.UnitTests\bin\x64\Debug\net472\VideoOS.Recorder.UnitTests.dll" adapterTypeName="executor://mstestadapter/v2" className="VideoOS.Recorder.UnitTests.TimeRangeConversionTests.TimeRangeConversionTests" name="TimeRangeConversion3RangesInsideUnsorted" />
    </UnitTest>
    <UnitTest name="DatabaseoperationCommandhandler_FilterTrackIdsToThoseWithoutMediaOnRecorder_AreAllBanksOnline_Returns_false_Causes_DataExists" storage="d:\actions-runner\_work\xpco\xpco\corporate\recordingserver\recorderservice\tst\videoos.recorder.unittests\bin\x64\debug\net472\videoos.recorder.unittests.dll" id="906e773e-aa31-137e-96c8-c0ec32561d84">
      <Execution id="91331cf3-d751-4a9e-9344-15689011c34a" />
      <TestMethod codeBase="D:\actions-runner\_work\XPCO\XPCO\Corporate\RecordingServer\RecorderService\tst\VideoOS.Recorder.UnitTests\bin\x64\Debug\net472\VideoOS.Recorder.UnitTests.dll" adapterTypeName="executor://mstestadapter/v2" className="VideoOS.Recorder.UnitTests.Command.DatabaseOperationCommandHandlerUnitTests" name="DatabaseoperationCommandhandler_FilterTrackIdsToThoseWithoutMediaOnRecorder_AreAllBanksOnline_Returns_false_Causes_DataExists" />
    </UnitTest>
    <UnitTest name="RecStorage_Startup_NotAllowStart_NotKeepFailing_Ok" storage="d:\actions-runner\_work\xpco\xpco\corporate\recordingserver\recorderservice\tst\videoos.recorder.unittests\bin\x64\debug\net472\videoos.recorder.unittests.dll" id="2882027e-041e-a679-2d37-4dcacb6db3a2">
      <Execution id="9060eccd-a8f6-4a91-92eb-c1b3f7095727" />
      <TestMethod codeBase="D:\actions-runner\_work\XPCO\XPCO\Corporate\RecordingServer\RecorderService\tst\VideoOS.Recorder.UnitTests\bin\x64\Debug\net472\VideoOS.Recorder.UnitTests.dll" adapterTypeName="executor://mstestadapter/v2" className="VideoOS.Recorder.UnitTests.ObjectModel.MediaDbManagerUnitTests" name="RecStorage_Startup_NotAllowStart_NotKeepFailing_Ok" />
    </UnitTest>
    <UnitTest name="SOAPCommandRequestHandler_ExecuteFunction_HandleSequencesGet_No_Microphone_Security" storage="d:\actions-runner\_work\xpco\xpco\corporate\recordingserver\recorderservice\tst\videoos.recorder.unittests\bin\x64\debug\net472\videoos.recorder.unittests.dll" id="9e09cc8b-ebaa-2be8-dbdc-d6f399818446">
      <Execution id="7e297dfc-928f-4fa2-aab4-55bf598639fb" />
      <TestMethod codeBase="D:\actions-runner\_work\XPCO\XPCO\Corporate\RecordingServer\RecorderService\tst\VideoOS.Recorder.UnitTests\bin\x64\Debug\net472\VideoOS.Recorder.UnitTests.dll" adapterTypeName="executor://mstestadapter/v2" className="VideoOS.Recorder.UnitTests.WebServer.SOAPCommandRequestHandlerTests" name="SOAPCommandRequestHandler_ExecuteFunction_HandleSequencesGet_No_Microphone_Security" />
    </UnitTest>
    <UnitTest name="GetStatistics_Framerate_JPEG_01_Success" storage="d:\actions-runner\_work\xpco\xpco\corporate\recordingserver\recorderservice\tst\videoos.recorder.unittests\bin\x64\debug\net472\videoos.recorder.unittests.dll" id="e0a5dc7d-f0b5-018a-b800-812e99ab8728">
      <TestCategory>
        <TestCategoryItem TestCategory="PipelineRecordingStatistics" />
      </TestCategory>
      <Execution id="7e56b17b-f916-46f9-b42a-6ec003669591" />
      <TestMethod codeBase="D:\actions-runner\_work\XPCO\XPCO\Corporate\RecordingServer\RecorderService\tst\VideoOS.Recorder.UnitTests\bin\x64\Debug\net472\VideoOS.Recorder.UnitTests.dll" adapterTypeName="executor://mstestadapter/v2" className="VideoOS.Recorder.UnitTests.ObjectModel.Processors.PipelineRecordingStatisticsTests" name="GetStatistics_Framerate_JPEG_01_Success" />
    </UnitTest>
    <UnitTest name="SessionExpiredTask_Constructor_ArgumentNullException" storage="d:\actions-runner\_work\xpco\xpco\corporate\recordingserver\recorderservice\tst\videoos.recorder.unittests\bin\x64\debug\net472\videoos.recorder.unittests.dll" id="33161afd-3ba3-7050-b47f-26743b6b39b2">
      <Execution id="ed87d1cf-e8d8-4552-a642-cfdbe9732840" />
      <TestMethod codeBase="D:\actions-runner\_work\XPCO\XPCO\Corporate\RecordingServer\RecorderService\tst\VideoOS.Recorder.UnitTests\bin\x64\Debug\net472\VideoOS.Recorder.UnitTests.dll" adapterTypeName="executor://mstestadapter/v2" className="VideoOS.Recorder.UnitTests.Command.PtzSessionsTests" name="SessionExpiredTask_Constructor_ArgumentNullException" />
    </UnitTest>
    <UnitTest name="TimeRangeConversionTimeResolution" storage="d:\actions-runner\_work\xpco\xpco\corporate\recordingserver\recorderservice\tst\videoos.recorder.unittests\bin\x64\debug\net472\videoos.recorder.unittests.dll" id="9fe0ac2f-ab66-4b54-8a8c-84f88632f43c">
      <TestCategory>
        <TestCategoryItem TestCategory="TimeRangeConversion" />
      </TestCategory>
      <Execution id="dad525f7-898d-483b-8389-e682a76c9cf5" />
      <TestMethod codeBase="D:\actions-runner\_work\XPCO\XPCO\Corporate\RecordingServer\RecorderService\tst\VideoOS.Recorder.UnitTests\bin\x64\Debug\net472\VideoOS.Recorder.UnitTests.dll" adapterTypeName="executor://mstestadapter/v2" className="VideoOS.Recorder.UnitTests.TimeRangeConversionTests.TimeRangeConversionTests" name="TimeRangeConversionTimeResolution" />
    </UnitTest>
    <UnitTest name="SOAPCommandRequestHandler_ExecuteFunction_HandleSequencesGet_NoMaxTime" storage="d:\actions-runner\_work\xpco\xpco\corporate\recordingserver\recorderservice\tst\videoos.recorder.unittests\bin\x64\debug\net472\videoos.recorder.unittests.dll" id="5953e489-8e93-9250-74c3-3b872693bf55">
      <Execution id="9b2b97e7-c783-49ec-9ad0-e534bb11506e" />
      <TestMethod codeBase="D:\actions-runner\_work\XPCO\XPCO\Corporate\RecordingServer\RecorderService\tst\VideoOS.Recorder.UnitTests\bin\x64\Debug\net472\VideoOS.Recorder.UnitTests.dll" adapterTypeName="executor://mstestadapter/v2" className="VideoOS.Recorder.UnitTests.WebServer.SOAPCommandRequestHandlerTests" name="SOAPCommandRequestHandler_ExecuteFunction_HandleSequencesGet_NoMaxTime" />
    </UnitTest>
    <UnitTest name="ConnectSuccess_Goto_NextSeqWithoutTime" storage="d:\actions-runner\_work\xpco\xpco\corporate\recordingserver\recorderservice\tst\videoos.recorder.unittests\bin\x64\debug\net472\videoos.recorder.unittests.dll" id="2ae0a91b-6259-6398-9a29-15a94e48c068">
      <Execution id="909c847e-a540-4915-b7b8-f90e607b5fb6" />
      <TestMethod codeBase="D:\actions-runner\_work\XPCO\XPCO\Corporate\RecordingServer\RecorderService\tst\VideoOS.Recorder.UnitTests\bin\x64\Debug\net472\VideoOS.Recorder.UnitTests.dll" adapterTypeName="executor://mstestadapter/v2" className="VideoOS.Recorder.UnitTests.WebServer.ImageServerRequestHandlerTests" name="ConnectSuccess_Goto_NextSeqWithoutTime" />
    </UnitTest>
    <UnitTest name="SOAPCommandRequestHandler_ExecuteFunction_HandleSmartSearchGetResult_Success" storage="d:\actions-runner\_work\xpco\xpco\corporate\recordingserver\recorderservice\tst\videoos.recorder.unittests\bin\x64\debug\net472\videoos.recorder.unittests.dll" id="0585a77c-bebe-bdc3-608b-58b28ca46b8f">
      <Execution id="5a0f2547-e5c4-41a4-815a-f56e40d690e7" />
      <TestMethod codeBase="D:\actions-runner\_work\XPCO\XPCO\Corporate\RecordingServer\RecorderService\tst\VideoOS.Recorder.UnitTests\bin\x64\Debug\net472\VideoOS.Recorder.UnitTests.dll" adapterTypeName="executor://mstestadapter/v2" className="VideoOS.Recorder.UnitTests.WebServer.SOAPCommandRequestHandlerTests" name="SOAPCommandRequestHandler_ExecuteFunction_HandleSmartSearchGetResult_Success" />
    </UnitTest>
    <UnitTest name="EdgeStorageLimitsManagerGetLimits" storage="d:\actions-runner\_work\xpco\xpco\corporate\recordingserver\recorderservice\tst\videoos.recorder.unittests\bin\x64\debug\net472\videoos.recorder.unittests.dll" id="b3d637c9-653b-29f4-ad27-bed26a092caa">
      <TestCategory>
        <TestCategoryItem TestCategory="EdgeStorageLimits" />
      </TestCategory>
      <Execution id="46329cdf-bee4-46c3-a61d-0f4a93130b40" />
      <TestMethod codeBase="D:\actions-runner\_work\XPCO\XPCO\Corporate\RecordingServer\RecorderService\tst\VideoOS.Recorder.UnitTests\bin\x64\Debug\net472\VideoOS.Recorder.UnitTests.dll" adapterTypeName="executor://mstestadapter/v2" className="VideoOS.Recorder.UnitTests.EdgeStorage.EdgeStorageLimitTests" name="EdgeStorageLimitsManagerGetLimits" />
    </UnitTest>
    <UnitTest name="SOAPCommandRequestHandler_GetClientCapabilities_No_ClientCapabilities_Section" storage="d:\actions-runner\_work\xpco\xpco\corporate\recordingserver\recorderservice\tst\videoos.recorder.unittests\bin\x64\debug\net472\videoos.recorder.unittests.dll" id="1b8b8000-c58c-406e-26b1-9852da5eb563">
      <Execution id="84a6188c-0b47-45f7-a10e-c83ef70438a5" />
      <TestMethod codeBase="D:\actions-runner\_work\XPCO\XPCO\Corporate\RecordingServer\RecorderService\tst\VideoOS.Recorder.UnitTests\bin\x64\Debug\net472\VideoOS.Recorder.UnitTests.dll" adapterTypeName="executor://mstestadapter/v2" className="VideoOS.Recorder.UnitTests.WebServer.SOAPCommandRequestHandlerTests" name="SOAPCommandRequestHandler_GetClientCapabilities_No_ClientCapabilities_Section" />
    </UnitTest>
    <UnitTest name="SetupInitialHardwareUserCommandHandler_Constructor_NullArg_Throws" storage="d:\actions-runner\_work\xpco\xpco\corporate\recordingserver\recorderservice\tst\videoos.recorder.unittests\bin\x64\debug\net472\videoos.recorder.unittests.dll" id="2f68f5f2-1b20-f1d7-25cc-825b8162878b">
      <Execution id="47b56ccc-bb81-4ec1-bf43-f261c1ea83b1" />
      <TestMethod codeBase="D:\actions-runner\_work\XPCO\XPCO\Corporate\RecordingServer\RecorderService\tst\VideoOS.Recorder.UnitTests\bin\x64\Debug\net472\VideoOS.Recorder.UnitTests.dll" adapterTypeName="executor://mstestadapter/v2" className="VideoOS.Recorder.UnitTests.Command.SetupInitialHardwareUserCommandHandlerUnitTests" name="SetupInitialHardwareUserCommandHandler_Constructor_NullArg_Throws" />
    </UnitTest>
    <UnitTest name="EnhanceSettings_SunnyDay_MergeSettingsWithMask" storage="d:\actions-runner\_work\xpco\xpco\corporate\recordingserver\recorderservice\tst\videoos.recorder.unittests\bin\x64\debug\net472\videoos.recorder.unittests.dll" id="b5e3cbe5-5134-927e-0d1c-d540129332b5">
      <Owners>
        <Owner name="FT06" />
      </Owners>
      <Execution id="2dbbd85b-94b4-44c2-9052-b204069dfdf4" />
      <TestMethod codeBase="D:\actions-runner\_work\XPCO\XPCO\Corporate\RecordingServer\RecorderService\tst\VideoOS.Recorder.UnitTests\bin\x64\Debug\net472\VideoOS.Recorder.UnitTests.dll" adapterTypeName="executor://mstestadapter/v2" className="VideoOS.Recorder.UnitTests.ObjectModel.Processors.PluginSettingsEnhancerTest" name="EnhanceSettings_SunnyDay_MergeSettingsWithMask" />
    </UnitTest>
    <UnitTest name="Start_CalledTwice_ShouldFail" storage="d:\actions-runner\_work\xpco\xpco\corporate\recordingserver\recorderservice\tst\videoos.recorder.unittests\bin\x64\debug\net472\videoos.recorder.unittests.dll" id="d5fc2921-49e9-457b-e57f-91fa957c113c">
      <Execution id="0e5e9925-0998-45ac-8340-a5c48508bbdb" />
      <TestMethod codeBase="D:\actions-runner\_work\XPCO\XPCO\Corporate\RecordingServer\RecorderService\tst\VideoOS.Recorder.UnitTests\bin\x64\Debug\net472\VideoOS.Recorder.UnitTests.dll" adapterTypeName="executor://mstestadapter/v2" className="VideoOS.Recorder.UnitTests.DeviceDiscovery.MipDriversDiscoveryTaskTests" name="Start_CalledTwice_ShouldFail" />
    </UnitTest>
    <UnitTest name="RequestRecordKeyframesOnly_DoesntChangeRecordKeyframesOnly_OnWrongTransactionId" storage="d:\actions-runner\_work\xpco\xpco\corporate\recordingserver\recorderservice\tst\videoos.recorder.unittests\bin\x64\debug\net472\videoos.recorder.unittests.dll" id="7d8b82c0-97d4-dd5c-c8d5-703ac9de5dcd">
      <TestCategory>
        <TestCategoryItem TestCategory="KeyframeRecording" />
      </TestCategory>
      <Execution id="86c3eac1-3570-4f9d-a47c-088b1b0847d4" />
      <TestMethod codeBase="D:\actions-runner\_work\XPCO\XPCO\Corporate\RecordingServer\RecorderService\tst\VideoOS.Recorder.UnitTests\bin\x64\Debug\net472\VideoOS.Recorder.UnitTests.dll" adapterTypeName="executor://mstestadapter/v2" className="VideoOS.Recorder.UnitTests.StateEvaluation.DeviceRecordKeyframesStateEvaluatorTests" name="RequestRecordKeyframesOnly_DoesntChangeRecordKeyframesOnly_OnWrongTransactionId" />
    </UnitTest>
    <UnitTest name="SOAPCommandRequestHandler_ExecuteFunction_HandlePTZCenter_NoHeight" storage="d:\actions-runner\_work\xpco\xpco\corporate\recordingserver\recorderservice\tst\videoos.recorder.unittests\bin\x64\debug\net472\videoos.recorder.unittests.dll" id="39689140-f88a-3c0a-3a46-e970f9fbef4b">
      <Execution id="61c18323-cb3f-4684-b4cf-4c71797ce769" />
      <TestMethod codeBase="D:\actions-runner\_work\XPCO\XPCO\Corporate\RecordingServer\RecorderService\tst\VideoOS.Recorder.UnitTests\bin\x64\Debug\net472\VideoOS.Recorder.UnitTests.dll" adapterTypeName="executor://mstestadapter/v2" className="VideoOS.Recorder.UnitTests.WebServer.SOAPCommandRequestHandlerTests" name="SOAPCommandRequestHandler_ExecuteFunction_HandlePTZCenter_NoHeight" />
    </UnitTest>
    <UnitTest name="PtzReleaseSession_ModelIsValid_CommandExecuted" storage="d:\actions-runner\_work\xpco\xpco\corporate\recordingserver\recorderservice\tst\videoos.recorder.unittests\bin\x64\debug\net472\videoos.recorder.unittests.dll" id="69670f9b-4769-6673-823a-fd5812fe92fb">
      <Execution id="fa92c476-f8fd-4dbd-ba75-36b3f3e1e8be" />
      <TestMethod codeBase="D:\actions-runner\_work\XPCO\XPCO\Corporate\RecordingServer\RecorderService\tst\VideoOS.Recorder.UnitTests\bin\x64\Debug\net472\VideoOS.Recorder.UnitTests.dll" adapterTypeName="executor://mstestadapter/v2" className="VideoOS.Recorder.UnitTests.PtzControllerTests" name="PtzReleaseSession_ModelIsValid_CommandExecuted" />
    </UnitTest>
    <UnitTest name="EvidenceLockOnOldRecorderCommandHandler_UpdateEvidenceLock_RowMissing" storage="d:\actions-runner\_work\xpco\xpco\corporate\recordingserver\recorderservice\tst\videoos.recorder.unittests\bin\x64\debug\net472\videoos.recorder.unittests.dll" id="347a112e-b363-c8aa-5844-d5fab15e1792">
      <Execution id="9d6bf3f5-ba06-410a-9c96-1275972f7039" />
      <TestMethod codeBase="D:\actions-runner\_work\XPCO\XPCO\Corporate\RecordingServer\RecorderService\tst\VideoOS.Recorder.UnitTests\bin\x64\Debug\net472\VideoOS.Recorder.UnitTests.dll" adapterTypeName="executor://mstestadapter/v2" className="VideoOS.Recorder.UnitTests.Command.EvidenceLockOnOldRecorderCommandHandlerTests" name="EvidenceLockOnOldRecorderCommandHandler_UpdateEvidenceLock_RowMissing" />
    </UnitTest>
    <UnitTest name="SOAPCommandRequestHandler_ExecuteFunction_HandleSendDriverCommandWithResponse_Success" storage="d:\actions-runner\_work\xpco\xpco\corporate\recordingserver\recorderservice\tst\videoos.recorder.unittests\bin\x64\debug\net472\videoos.recorder.unittests.dll" id="1e13a826-b983-6ec8-22b8-0434a982455a">
      <Execution id="7aa0fa56-e1ce-4d8f-a69b-e748a106bfdd" />
      <TestMethod codeBase="D:\actions-runner\_work\XPCO\XPCO\Corporate\RecordingServer\RecorderService\tst\VideoOS.Recorder.UnitTests\bin\x64\Debug\net472\VideoOS.Recorder.UnitTests.dll" adapterTypeName="executor://mstestadapter/v2" className="VideoOS.Recorder.UnitTests.WebServer.SOAPCommandRequestHandlerTests" name="SOAPCommandRequestHandler_ExecuteFunction_HandleSendDriverCommandWithResponse_Success" />
    </UnitTest>
    <UnitTest name="ReapplySettings_CommandIsNull_Failure" storage="d:\actions-runner\_work\xpco\xpco\corporate\recordingserver\recorderservice\tst\videoos.recorder.unittests\bin\x64\debug\net472\videoos.recorder.unittests.dll" id="2c0f875f-81f2-c750-710b-389c25472ce4">
      <Execution id="24021689-a13b-4cee-9ef9-3fb37b63864e" />
      <TestMethod codeBase="D:\actions-runner\_work\XPCO\XPCO\Corporate\RecordingServer\RecorderService\tst\VideoOS.Recorder.UnitTests\bin\x64\Debug\net472\VideoOS.Recorder.UnitTests.dll" adapterTypeName="executor://mstestadapter/v2" className="VideoOS.Recorder.UnitTests.Command.ReapplySettingsCommandHandlerTest" name="ReapplySettings_CommandIsNull_Failure" />
    </UnitTest>
    <UnitTest name="GetStatistics_Framerate_JPEG_Not_Enough_Data_Gives_Zero_Percent" storage="d:\actions-runner\_work\xpco\xpco\corporate\recordingserver\recorderservice\tst\videoos.recorder.unittests\bin\x64\debug\net472\videoos.recorder.unittests.dll" id="41585dcc-8c99-3c82-1806-42dfea182e7a">
      <TestCategory>
        <TestCategoryItem TestCategory="PipelineRecordingStatistics" />
      </TestCategory>
      <Execution id="53e67e3d-1b82-462f-8a37-43ec8b32a704" />
      <TestMethod codeBase="D:\actions-runner\_work\XPCO\XPCO\Corporate\RecordingServer\RecorderService\tst\VideoOS.Recorder.UnitTests\bin\x64\Debug\net472\VideoOS.Recorder.UnitTests.dll" adapterTypeName="executor://mstestadapter/v2" className="VideoOS.Recorder.UnitTests.ObjectModel.Processors.PipelineRecordingStatisticsTests" name="GetStatistics_Framerate_JPEG_Not_Enough_Data_Gives_Zero_Percent" />
    </UnitTest>
    <UnitTest name="MediaDbCache_GetListFileSystemDiskUsage_Nothing_Cached" storage="d:\actions-runner\_work\xpco\xpco\corporate\recordingserver\recorderservice\tst\videoos.recorder.unittests\bin\x64\debug\net472\videoos.recorder.unittests.dll" id="8ea84488-3c73-0539-a689-69c3ff91d40d">
      <Execution id="6fadfd8f-2b49-46af-a99e-f247ff245dce" />
      <TestMethod codeBase="D:\actions-runner\_work\XPCO\XPCO\Corporate\RecordingServer\RecorderService\tst\VideoOS.Recorder.UnitTests\bin\x64\Debug\net472\VideoOS.Recorder.UnitTests.dll" adapterTypeName="executor://mstestadapter/v2" className="VideoOS.Recorder.UnitTests.Database.MediaDbCacheUnitTests" name="MediaDbCache_GetListFileSystemDiskUsage_Nothing_Cached" />
    </UnitTest>
    <UnitTest name="SOAPCommandRequestHandler_ExecuteFunction_HandleOutputTrigger_NoMicroSeconds" storage="d:\actions-runner\_work\xpco\xpco\corporate\recordingserver\recorderservice\tst\videoos.recorder.unittests\bin\x64\debug\net472\videoos.recorder.unittests.dll" id="8614e3a5-5860-28dc-3880-8360eeb52686">
      <Execution id="93663ece-fbf4-4797-b82d-b69c358256df" />
      <TestMethod codeBase="D:\actions-runner\_work\XPCO\XPCO\Corporate\RecordingServer\RecorderService\tst\VideoOS.Recorder.UnitTests\bin\x64\Debug\net472\VideoOS.Recorder.UnitTests.dll" adapterTypeName="executor://mstestadapter/v2" className="VideoOS.Recorder.UnitTests.WebServer.SOAPCommandRequestHandlerTests" name="SOAPCommandRequestHandler_ExecuteFunction_HandleOutputTrigger_NoMicroSeconds" />
    </UnitTest>
    <UnitTest name="EdgeStorageLimitsCheckBandwidthWithLimitNewSecond" storage="d:\actions-runner\_work\xpco\xpco\corporate\recordingserver\recorderservice\tst\videoos.recorder.unittests\bin\x64\debug\net472\videoos.recorder.unittests.dll" id="6538f49f-5d7b-7bbc-9eb9-20372d121d3a">
      <TestCategory>
        <TestCategoryItem TestCategory="EdgeStorageLimits" />
      </TestCategory>
      <Execution id="11777fbf-8d4c-4236-9ac7-9a073c262ce4" />
      <TestMethod codeBase="D:\actions-runner\_work\XPCO\XPCO\Corporate\RecordingServer\RecorderService\tst\VideoOS.Recorder.UnitTests\bin\x64\Debug\net472\VideoOS.Recorder.UnitTests.dll" adapterTypeName="executor://mstestadapter/v2" className="VideoOS.Recorder.UnitTests.EdgeStorage.EdgeStorageLimitTests" name="EdgeStorageLimitsCheckBandwidthWithLimitNewSecond" />
    </UnitTest>
    <UnitTest name="EdgeStorageLimitsReverseTimeLimitNotOk" storage="d:\actions-runner\_work\xpco\xpco\corporate\recordingserver\recorderservice\tst\videoos.recorder.unittests\bin\x64\debug\net472\videoos.recorder.unittests.dll" id="9b77f50a-195c-babb-8067-e33089016f46">
      <TestCategory>
        <TestCategoryItem TestCategory="EdgeStorageLimits" />
      </TestCategory>
      <Execution id="9f02ec1b-724e-44b2-8670-b7b9393c9799" />
      <TestMethod codeBase="D:\actions-runner\_work\XPCO\XPCO\Corporate\RecordingServer\RecorderService\tst\VideoOS.Recorder.UnitTests\bin\x64\Debug\net472\VideoOS.Recorder.UnitTests.dll" adapterTypeName="executor://mstestadapter/v2" className="VideoOS.Recorder.UnitTests.EdgeStorage.EdgeStorageLimitTests" name="EdgeStorageLimitsReverseTimeLimitNotOk" />
    </UnitTest>
    <UnitTest name="ActiveMask" storage="d:\actions-runner\_work\xpco\xpco\corporate\recordingserver\recorderservice\tst\videoos.recorder.unittests\bin\x64\debug\net472\videoos.recorder.unittests.dll" id="ec8fa001-e49f-551c-872e-1478e0b020bc">
      <Execution id="b3bd6f40-07e8-4090-8326-d1124fb43e57" />
      <TestMethod codeBase="D:\actions-runner\_work\XPCO\XPCO\Corporate\RecordingServer\RecorderService\tst\VideoOS.Recorder.UnitTests\bin\x64\Debug\net472\VideoOS.Recorder.UnitTests.dll" adapterTypeName="executor://mstestadapter/v2" className="VideoOS.Recorder.UnitTests.ObjectModel.PrivacyMaskHandlerTest" name="ActiveMask" />
    </UnitTest>
    <UnitTest name="SOAPCommandRequestHandler_ExecuteFunction_HandleSmartSearchStart_NoDeviceId" storage="d:\actions-runner\_work\xpco\xpco\corporate\recordingserver\recorderservice\tst\videoos.recorder.unittests\bin\x64\debug\net472\videoos.recorder.unittests.dll" id="58e31f6e-171c-0b1e-1a59-a28ee9ceb558">
      <Execution id="c356011d-8a07-4da7-bf69-7d7d5b30bc7c" />
      <TestMethod codeBase="D:\actions-runner\_work\XPCO\XPCO\Corporate\RecordingServer\RecorderService\tst\VideoOS.Recorder.UnitTests\bin\x64\Debug\net472\VideoOS.Recorder.UnitTests.dll" adapterTypeName="executor://mstestadapter/v2" className="VideoOS.Recorder.UnitTests.WebServer.SOAPCommandRequestHandlerTests" name="SOAPCommandRequestHandler_ExecuteFunction_HandleSmartSearchStart_NoDeviceId" />
    </UnitTest>
    <UnitTest name="PtzManager_Start_Success" storage="d:\actions-runner\_work\xpco\xpco\corporate\recordingserver\recorderservice\tst\videoos.recorder.unittests\bin\x64\debug\net472\videoos.recorder.unittests.dll" id="260e5a70-a7b4-7e90-7ec0-9c5a4b346b5e">
      <Execution id="c65d3dce-070f-4162-8036-2fa5f4c44716" />
      <TestMethod codeBase="D:\actions-runner\_work\XPCO\XPCO\Corporate\RecordingServer\RecorderService\tst\VideoOS.Recorder.UnitTests\bin\x64\Debug\net472\VideoOS.Recorder.UnitTests.dll" adapterTypeName="executor://mstestadapter/v2" className="VideoOS.Recorder.UnitTests.Command.PtzManagerTests" name="PtzManager_Start_Success" />
    </UnitTest>
    <UnitTest name="ChangeHardwarePasswordCommandHandler_Execute_ChangePassword_ThrowsPasswordChangeUnsupported_Errors" storage="d:\actions-runner\_work\xpco\xpco\corporate\recordingserver\recorderservice\tst\videoos.recorder.unittests\bin\x64\debug\net472\videoos.recorder.unittests.dll" id="49d9275a-1dac-ab87-a958-e857a6764bfa">
      <Execution id="fbc8f402-d5ae-419b-931e-4db07ecf0002" />
      <TestMethod codeBase="D:\actions-runner\_work\XPCO\XPCO\Corporate\RecordingServer\RecorderService\tst\VideoOS.Recorder.UnitTests\bin\x64\Debug\net472\VideoOS.Recorder.UnitTests.dll" adapterTypeName="executor://mstestadapter/v2" className="VideoOS.Recorder.UnitTests.Command.ChangeHardwarePasswordCommandHandlerUnitTests" name="ChangeHardwarePasswordCommandHandler_Execute_ChangePassword_ThrowsPasswordChangeUnsupported_Errors" />
    </UnitTest>
    <UnitTest name="AddHardwareUserCommandHandler_Execute_AddUser_ThrowsUserHandlingPasswordLong_Errors" storage="d:\actions-runner\_work\xpco\xpco\corporate\recordingserver\recorderservice\tst\videoos.recorder.unittests\bin\x64\debug\net472\videoos.recorder.unittests.dll" id="78b8ac37-5b0d-e46e-1979-1f2241bc11e3">
      <Execution id="696203c4-06e2-4d58-816d-a5d02e78bb85" />
      <TestMethod codeBase="D:\actions-runner\_work\XPCO\XPCO\Corporate\RecordingServer\RecorderService\tst\VideoOS.Recorder.UnitTests\bin\x64\Debug\net472\VideoOS.Recorder.UnitTests.dll" adapterTypeName="executor://mstestadapter/v2" className="VideoOS.Recorder.UnitTests.Command.AddHardwareUserCommandHandlerRecorderUnitTests" name="AddHardwareUserCommandHandler_Execute_AddUser_ThrowsUserHandlingPasswordLong_Errors" />
    </UnitTest>
    <UnitTest name="GetHardwareUsersCommandHandler_Execute_GetUserList_ThrowsNoHardwareAccess_Reschedules" storage="d:\actions-runner\_work\xpco\xpco\corporate\recordingserver\recorderservice\tst\videoos.recorder.unittests\bin\x64\debug\net472\videoos.recorder.unittests.dll" id="36978323-ae7d-4782-91e4-504e37d2ff35">
      <Execution id="3253583a-dbbf-4b6f-be40-c7953deb1cde" />
      <TestMethod codeBase="D:\actions-runner\_work\XPCO\XPCO\Corporate\RecordingServer\RecorderService\tst\VideoOS.Recorder.UnitTests\bin\x64\Debug\net472\VideoOS.Recorder.UnitTests.dll" adapterTypeName="executor://mstestadapter/v2" className="VideoOS.Recorder.UnitTests.Command.GetHardwareUsersCommandHandlerUnitTests" name="GetHardwareUsersCommandHandler_Execute_GetUserList_ThrowsNoHardwareAccess_Reschedules" />
    </UnitTest>
    <UnitTest name="GetHardwareUsersCommandHandler_Constructor_NullArg_Throws" storage="d:\actions-runner\_work\xpco\xpco\corporate\recordingserver\recorderservice\tst\videoos.recorder.unittests\bin\x64\debug\net472\videoos.recorder.unittests.dll" id="5c75a430-77bf-290c-c3d3-c3f927b487ee">
      <Execution id="df9d0904-4aef-4786-bc34-e9eec92622a0" />
      <TestMethod codeBase="D:\actions-runner\_work\XPCO\XPCO\Corporate\RecordingServer\RecorderService\tst\VideoOS.Recorder.UnitTests\bin\x64\Debug\net472\VideoOS.Recorder.UnitTests.dll" adapterTypeName="executor://mstestadapter/v2" className="VideoOS.Recorder.UnitTests.Command.GetHardwareUsersCommandHandlerUnitTests" name="GetHardwareUsersCommandHandler_Constructor_NullArg_Throws" />
    </UnitTest>
    <UnitTest name="PtzManualSession_Start_AlreadyRunning" storage="d:\actions-runner\_work\xpco\xpco\corporate\recordingserver\recorderservice\tst\videoos.recorder.unittests\bin\x64\debug\net472\videoos.recorder.unittests.dll" id="f5856662-c343-fb5f-dbb4-28b8dff69aff">
      <Execution id="e173d20e-a18e-4c0f-b212-af77c01caa55" />
      <TestMethod codeBase="D:\actions-runner\_work\XPCO\XPCO\Corporate\RecordingServer\RecorderService\tst\VideoOS.Recorder.UnitTests\bin\x64\Debug\net472\VideoOS.Recorder.UnitTests.dll" adapterTypeName="executor://mstestadapter/v2" className="VideoOS.Recorder.UnitTests.Command.PtzSessionsTests" name="PtzManualSession_Start_AlreadyRunning" />
    </UnitTest>
    <UnitTest name="SOAPCommandRequestHandler_ExecuteFunction_HandleSequencesGet_No_Metadata_Security" storage="d:\actions-runner\_work\xpco\xpco\corporate\recordingserver\recorderservice\tst\videoos.recorder.unittests\bin\x64\debug\net472\videoos.recorder.unittests.dll" id="f1428993-d37a-f2e1-e1f9-4944c954f241">
      <Execution id="75f645cd-5437-406f-a7c5-2355a2e619fc" />
      <TestMethod codeBase="D:\actions-runner\_work\XPCO\XPCO\Corporate\RecordingServer\RecorderService\tst\VideoOS.Recorder.UnitTests\bin\x64\Debug\net472\VideoOS.Recorder.UnitTests.dll" adapterTypeName="executor://mstestadapter/v2" className="VideoOS.Recorder.UnitTests.WebServer.SOAPCommandRequestHandlerTests" name="SOAPCommandRequestHandler_ExecuteFunction_HandleSequencesGet_No_Metadata_Security" />
    </UnitTest>
    <UnitTest name="ConfigurationDatasetHolder_ApplyTableDistribution_WithDistributions_Failover_Success" storage="d:\actions-runner\_work\xpco\xpco\corporate\recordingserver\recorderservice\tst\videoos.recorder.unittests\bin\x64\debug\net472\videoos.recorder.unittests.dll" id="ba53bfb2-0308-6453-7936-176b215ab994">
      <Execution id="883094a7-bd5c-485a-9f4f-18363fe8ff33" />
      <TestMethod codeBase="D:\actions-runner\_work\XPCO\XPCO\Corporate\RecordingServer\RecorderService\tst\VideoOS.Recorder.UnitTests\bin\x64\Debug\net472\VideoOS.Recorder.UnitTests.dll" adapterTypeName="executor://mstestadapter/v2" className="VideoOS.Recorder.UnitTests.ConfigurationDatasetHolderUnitTests" name="ConfigurationDatasetHolder_ApplyTableDistribution_WithDistributions_Failover_Success" />
    </UnitTest>
    <UnitTest name="ReapplySettings_ResponseSinkIsNull_Failure" storage="d:\actions-runner\_work\xpco\xpco\corporate\recordingserver\recorderservice\tst\videoos.recorder.unittests\bin\x64\debug\net472\videoos.recorder.unittests.dll" id="e7081bd1-8a6f-b420-ad43-e27839b1b2a1">
      <Execution id="cdc35f23-d000-42ad-b76a-b1872114cdfb" />
      <TestMethod codeBase="D:\actions-runner\_work\XPCO\XPCO\Corporate\RecordingServer\RecorderService\tst\VideoOS.Recorder.UnitTests\bin\x64\Debug\net472\VideoOS.Recorder.UnitTests.dll" adapterTypeName="executor://mstestadapter/v2" className="VideoOS.Recorder.UnitTests.Command.ReapplySettingsCommandHandlerTest" name="ReapplySettings_ResponseSinkIsNull_Failure" />
    </UnitTest>
    <UnitTest name="GetIntervalsToScan_ShouldReturnCorrectInterval_WithAddressInsideIntervalSpecified" storage="d:\actions-runner\_work\xpco\xpco\corporate\recordingserver\recorderservice\tst\videoos.recorder.unittests\bin\x64\debug\net472\videoos.recorder.unittests.dll" id="96e09641-e6ee-6ecd-d67d-7729bd2f4057">
      <Execution id="18e3c0af-3eca-42b6-a96b-85a715efd4a9" />
      <TestMethod codeBase="D:\actions-runner\_work\XPCO\XPCO\Corporate\RecordingServer\RecorderService\tst\VideoOS.Recorder.UnitTests\bin\x64\Debug\net472\VideoOS.Recorder.UnitTests.dll" adapterTypeName="executor://mstestadapter/v2" className="VideoOS.Recorder.UnitTests.DeviceDiscovery.MipDriversDiscoveryTaskTests" name="GetIntervalsToScan_ShouldReturnCorrectInterval_WithAddressInsideIntervalSpecified" />
    </UnitTest>
    <UnitTest name="SOAPCommandRequestHandler_ExecuteFunction_HandlePTZMoveHome_Success" storage="d:\actions-runner\_work\xpco\xpco\corporate\recordingserver\recorderservice\tst\videoos.recorder.unittests\bin\x64\debug\net472\videoos.recorder.unittests.dll" id="c14c2d25-fc01-f754-a2fc-cdde0404f48d">
      <Execution id="41bf18ce-2883-41a7-ae4d-b836c9d51b1a" />
      <TestMethod codeBase="D:\actions-runner\_work\XPCO\XPCO\Corporate\RecordingServer\RecorderService\tst\VideoOS.Recorder.UnitTests\bin\x64\Debug\net472\VideoOS.Recorder.UnitTests.dll" adapterTypeName="executor://mstestadapter/v2" className="VideoOS.Recorder.UnitTests.WebServer.SOAPCommandRequestHandlerTests" name="SOAPCommandRequestHandler_ExecuteFunction_HandlePTZMoveHome_Success" />
    </UnitTest>
    <UnitTest name="PtzManager_MoveStop_Success" storage="d:\actions-runner\_work\xpco\xpco\corporate\recordingserver\recorderservice\tst\videoos.recorder.unittests\bin\x64\debug\net472\videoos.recorder.unittests.dll" id="e216f40a-3ef3-72ab-2a84-255bbe39f29c">
      <Execution id="10bfe521-ec64-4b29-8fb8-4d91bc669d18" />
      <TestMethod codeBase="D:\actions-runner\_work\XPCO\XPCO\Corporate\RecordingServer\RecorderService\tst\VideoOS.Recorder.UnitTests\bin\x64\Debug\net472\VideoOS.Recorder.UnitTests.dll" adapterTypeName="executor://mstestadapter/v2" className="VideoOS.Recorder.UnitTests.Command.PtzManagerTests" name="PtzManager_MoveStop_Success" />
    </UnitTest>
    <UnitTest name="ConnectSuccess_NextSeqTime_AfterMedia" storage="d:\actions-runner\_work\xpco\xpco\corporate\recordingserver\recorderservice\tst\videoos.recorder.unittests\bin\x64\debug\net472\videoos.recorder.unittests.dll" id="a8699a4b-e765-863a-8e71-377c6c94430b">
      <Execution id="3e6656f2-0024-4b66-8952-90bca439350a" />
      <TestMethod codeBase="D:\actions-runner\_work\XPCO\XPCO\Corporate\RecordingServer\RecorderService\tst\VideoOS.Recorder.UnitTests\bin\x64\Debug\net472\VideoOS.Recorder.UnitTests.dll" adapterTypeName="executor://mstestadapter/v2" className="VideoOS.Recorder.UnitTests.WebServer.ImageServerRequestHandlerTests" name="ConnectSuccess_NextSeqTime_AfterMedia" />
    </UnitTest>
    <UnitTest name="ReapplyHardwareSettingsManager_UpdateConfigurationFromDiffGram_TimeNowAfterTriger_Success" storage="d:\actions-runner\_work\xpco\xpco\corporate\recordingserver\recorderservice\tst\videoos.recorder.unittests\bin\x64\debug\net472\videoos.recorder.unittests.dll" id="38ff139f-5fa6-f79e-14c3-433d6df82f85">
      <Execution id="2b9e2e1d-8445-4109-9ce8-925e8b94e784" />
      <TestMethod codeBase="D:\actions-runner\_work\XPCO\XPCO\Corporate\RecordingServer\RecorderService\tst\VideoOS.Recorder.UnitTests\bin\x64\Debug\net472\VideoOS.Recorder.UnitTests.dll" adapterTypeName="executor://mstestadapter/v2" className="VideoOS.Recorder.UnitTests.ReapplyHardwareSettingsManagerTests" name="ReapplyHardwareSettingsManager_UpdateConfigurationFromDiffGram_TimeNowAfterTriger_Success" />
    </UnitTest>
    <UnitTest name="SOAPCommandRequestHandler_ExecuteFunction_HandleOutputGetState_Success_Activated" storage="d:\actions-runner\_work\xpco\xpco\corporate\recordingserver\recorderservice\tst\videoos.recorder.unittests\bin\x64\debug\net472\videoos.recorder.unittests.dll" id="ad933fd9-f61c-1d81-84a4-edef05ca4731">
      <Execution id="2a74953a-a82c-4777-84a6-0c62c20dfc76" />
      <TestMethod codeBase="D:\actions-runner\_work\XPCO\XPCO\Corporate\RecordingServer\RecorderService\tst\VideoOS.Recorder.UnitTests\bin\x64\Debug\net472\VideoOS.Recorder.UnitTests.dll" adapterTypeName="executor://mstestadapter/v2" className="VideoOS.Recorder.UnitTests.WebServer.SOAPCommandRequestHandlerTests" name="SOAPCommandRequestHandler_ExecuteFunction_HandleOutputGetState_Success_Activated" />
    </UnitTest>
    <UnitTest name="PrepareMoveHardwareCommandHandler_Clone_Returns_Same_Reference" storage="d:\actions-runner\_work\xpco\xpco\corporate\recordingserver\recorderservice\tst\videoos.recorder.unittests\bin\x64\debug\net472\videoos.recorder.unittests.dll" id="5e445673-c136-e2e8-73ef-d1a78293d9cf">
      <Execution id="1eaa4bc7-63d3-4d54-99a1-7ffdbb15c950" />
      <TestMethod codeBase="D:\actions-runner\_work\XPCO\XPCO\Corporate\RecordingServer\RecorderService\tst\VideoOS.Recorder.UnitTests\bin\x64\Debug\net472\VideoOS.Recorder.UnitTests.dll" adapterTypeName="executor://mstestadapter/v2" className="VideoOS.Recorder.UnitTests.Command.PrepareMoveHardwareCommandHandlerTests" name="PrepareMoveHardwareCommandHandler_Clone_Returns_Same_Reference" />
    </UnitTest>
    <UnitTest name="DriverProxyInstanceManager_AddSameHardwareTwice_WithDifferentStreamCount_WarningLogged" storage="d:\actions-runner\_work\xpco\xpco\corporate\recordingserver\recorderservice\tst\videoos.recorder.unittests\bin\x64\debug\net472\videoos.recorder.unittests.dll" id="a8a1423c-661c-8591-3ce7-ddc28b153a5c">
      <Execution id="47b7a4d3-e51a-41c0-8d97-70af0648a76d" />
      <TestMethod codeBase="D:\actions-runner\_work\XPCO\XPCO\Corporate\RecordingServer\RecorderService\tst\VideoOS.Recorder.UnitTests\bin\x64\Debug\net472\VideoOS.Recorder.UnitTests.dll" adapterTypeName="executor://mstestadapter/v2" className="VideoOS.Recorder.UnitTests.DriverProxyInstanceManagerTests" name="DriverProxyInstanceManager_AddSameHardwareTwice_WithDifferentStreamCount_WarningLogged" />
    </UnitTest>
    <UnitTest name="EdgeStorageConfigurationProperties" storage="d:\actions-runner\_work\xpco\xpco\corporate\recordingserver\recorderservice\tst\videoos.recorder.unittests\bin\x64\debug\net472\videoos.recorder.unittests.dll" id="6fc5d7e9-ca55-bfa4-0de5-0e45bd477a88">
      <TestCategory>
        <TestCategoryItem TestCategory="EdgeStorageLimits" />
      </TestCategory>
      <Execution id="7d79dd81-1390-4e4a-9b04-45038c57bf95" />
      <TestMethod codeBase="D:\actions-runner\_work\XPCO\XPCO\Corporate\RecordingServer\RecorderService\tst\VideoOS.Recorder.UnitTests\bin\x64\Debug\net472\VideoOS.Recorder.UnitTests.dll" adapterTypeName="executor://mstestadapter/v2" className="VideoOS.Recorder.UnitTests.EdgeStorage.EdgeStorageLimitTests" name="EdgeStorageConfigurationProperties" />
    </UnitTest>
    <UnitTest name="DatabaseoperationCommandhandler_DiskUsageInformationTablesPerStorage_AllFailed" storage="d:\actions-runner\_work\xpco\xpco\corporate\recordingserver\recorderservice\tst\videoos.recorder.unittests\bin\x64\debug\net472\videoos.recorder.unittests.dll" id="ac8a91aa-9faa-ece5-7fad-4f7d4a4bda15">
      <Execution id="dace298a-897f-45d7-8edb-1b1611d44760" />
      <TestMethod codeBase="D:\actions-runner\_work\XPCO\XPCO\Corporate\RecordingServer\RecorderService\tst\VideoOS.Recorder.UnitTests\bin\x64\Debug\net472\VideoOS.Recorder.UnitTests.dll" adapterTypeName="executor://mstestadapter/v2" className="VideoOS.Recorder.UnitTests.Command.DatabaseOperationCommandHandlerUnitTests" name="DatabaseoperationCommandhandler_DiskUsageInformationTablesPerStorage_AllFailed" />
    </UnitTest>
    <UnitTest name="DatabaseoperationCommandhandler_VerifyNewArchivePath_Success" storage="d:\actions-runner\_work\xpco\xpco\corporate\recordingserver\recorderservice\tst\videoos.recorder.unittests\bin\x64\debug\net472\videoos.recorder.unittests.dll" id="d352b845-0562-d484-a9c2-e1d9ec7a0e8d">
      <Execution id="993218a1-5e4a-44d4-9416-a91802a0b5f1" />
      <TestMethod codeBase="D:\actions-runner\_work\XPCO\XPCO\Corporate\RecordingServer\RecorderService\tst\VideoOS.Recorder.UnitTests\bin\x64\Debug\net472\VideoOS.Recorder.UnitTests.dll" adapterTypeName="executor://mstestadapter/v2" className="VideoOS.Recorder.UnitTests.Command.DatabaseOperationCommandHandlerUnitTests" name="DatabaseoperationCommandhandler_VerifyNewArchivePath_Success" />
    </UnitTest>
    <UnitTest name="ResponseController_ValidFailureResponse_FailureResponseWithTokenCalledOnCommManager" storage="d:\actions-runner\_work\xpco\xpco\corporate\recordingserver\recorderservice\tst\videoos.recorder.unittests\bin\x64\debug\net472\videoos.recorder.unittests.dll" id="6a1a4314-6432-c172-3585-376ac0ad2335">
      <Execution id="f8a0dfba-d02d-4f96-a5dd-00da5669041d" />
      <TestMethod codeBase="D:\actions-runner\_work\XPCO\XPCO\Corporate\RecordingServer\RecorderService\tst\VideoOS.Recorder.UnitTests\bin\x64\Debug\net472\VideoOS.Recorder.UnitTests.dll" adapterTypeName="executor://mstestadapter/v2" className="VideoOS.Recorder.UnitTests.ResponseControllerTests" name="ResponseController_ValidFailureResponse_FailureResponseWithTokenCalledOnCommManager" />
    </UnitTest>
    <UnitTest name="RequestArchiveInformation_StorageIDMapping_Null" storage="d:\actions-runner\_work\xpco\xpco\corporate\recordingserver\recorderservice\tst\videoos.recorder.unittests\bin\x64\debug\net472\videoos.recorder.unittests.dll" id="8d25649c-bb68-f10a-3f91-adbbcc1f62e2">
      <Execution id="1b08ac91-ff5b-423d-aff6-cd7ee9f1a6e2" />
      <TestMethod codeBase="D:\actions-runner\_work\XPCO\XPCO\Corporate\RecordingServer\RecorderService\tst\VideoOS.Recorder.UnitTests\bin\x64\Debug\net472\VideoOS.Recorder.UnitTests.dll" adapterTypeName="executor://mstestadapter/v2" className="VideoOS.Recorder.UnitTests.ObjectModel.MediaDbManagerUnitTests" name="RequestArchiveInformation_StorageIDMapping_Null" />
    </UnitTest>
    <UnitTest name="PrepareMoveHardwareCommandHandler_Execute_Hardware_Blocked_SuccessResponse" storage="d:\actions-runner\_work\xpco\xpco\corporate\recordingserver\recorderservice\tst\videoos.recorder.unittests\bin\x64\debug\net472\videoos.recorder.unittests.dll" id="12297819-a531-e9d2-9b5c-ff454020f994">
      <Execution id="d9c35cc5-28a3-4566-90a0-6fd78720d2bc" />
      <TestMethod codeBase="D:\actions-runner\_work\XPCO\XPCO\Corporate\RecordingServer\RecorderService\tst\VideoOS.Recorder.UnitTests\bin\x64\Debug\net472\VideoOS.Recorder.UnitTests.dll" adapterTypeName="executor://mstestadapter/v2" className="VideoOS.Recorder.UnitTests.Command.PrepareMoveHardwareCommandHandlerTests" name="PrepareMoveHardwareCommandHandler_Execute_Hardware_Blocked_SuccessResponse" />
    </UnitTest>
    <UnitTest name="SOAPCommandRequestHandler_ExecuteFunction_HandlePTZRectangle_Top_Not_Double" storage="d:\actions-runner\_work\xpco\xpco\corporate\recordingserver\recorderservice\tst\videoos.recorder.unittests\bin\x64\debug\net472\videoos.recorder.unittests.dll" id="160fbaa3-0021-df4a-0cff-75f52c7e6902">
      <Execution id="93f38aee-5157-446b-a494-4966dfc9a21e" />
      <TestMethod codeBase="D:\actions-runner\_work\XPCO\XPCO\Corporate\RecordingServer\RecorderService\tst\VideoOS.Recorder.UnitTests\bin\x64\Debug\net472\VideoOS.Recorder.UnitTests.dll" adapterTypeName="executor://mstestadapter/v2" className="VideoOS.Recorder.UnitTests.WebServer.SOAPCommandRequestHandlerTests" name="SOAPCommandRequestHandler_ExecuteFunction_HandlePTZRectangle_Top_Not_Double" />
    </UnitTest>
    <UnitTest name="AudioPlayerOnSpeaker_PlayUsingCurrentThread_Stopped" storage="d:\actions-runner\_work\xpco\xpco\corporate\recordingserver\recorderservice\tst\videoos.recorder.unittests\bin\x64\debug\net472\videoos.recorder.unittests.dll" id="2bd15d14-647f-e616-2c0a-2b924f0f4906">
      <Execution id="2045dd51-b3db-4ae7-a331-03faabdd1604" />
      <TestMethod codeBase="D:\actions-runner\_work\XPCO\XPCO\Corporate\RecordingServer\RecorderService\tst\VideoOS.Recorder.UnitTests\bin\x64\Debug\net472\VideoOS.Recorder.UnitTests.dll" adapterTypeName="executor://mstestadapter/v2" className="VideoOS.Recorder.UnitTests.AudioMessageHandling.AudioPlayerOnSpeakerTests" name="AudioPlayerOnSpeaker_PlayUsingCurrentThread_Stopped" />
    </UnitTest>
    <UnitTest name="DriverProxyInstanceManager_AddHardware_AddedToProxyInstance" storage="d:\actions-runner\_work\xpco\xpco\corporate\recordingserver\recorderservice\tst\videoos.recorder.unittests\bin\x64\debug\net472\videoos.recorder.unittests.dll" id="003c62e7-b18c-96f0-42e4-4ea746a77e7a">
      <Execution id="a75613ee-0ed3-4376-8e58-3a6054477acd" />
      <TestMethod codeBase="D:\actions-runner\_work\XPCO\XPCO\Corporate\RecordingServer\RecorderService\tst\VideoOS.Recorder.UnitTests\bin\x64\Debug\net472\VideoOS.Recorder.UnitTests.dll" adapterTypeName="executor://mstestadapter/v2" className="VideoOS.Recorder.UnitTests.DriverProxyInstanceManagerTests" name="DriverProxyInstanceManager_AddHardware_AddedToProxyInstance" />
    </UnitTest>
    <UnitTest name="GoIntoOverflowOnBytes" storage="d:\actions-runner\_work\xpco\xpco\corporate\recordingserver\recorderservice\tst\videoos.recorder.unittests\bin\x64\debug\net472\videoos.recorder.unittests.dll" id="d2b5b0b2-6c1b-0370-653a-db8af7f26b62">
      <TestCategory>
        <TestCategoryItem TestCategory="ObjectModel.Processors.PipelineQueue" />
      </TestCategory>
      <Execution id="2ca3f462-1829-4517-892d-b429dd65064f" />
      <TestMethod codeBase="D:\actions-runner\_work\XPCO\XPCO\Corporate\RecordingServer\RecorderService\tst\VideoOS.Recorder.UnitTests\bin\x64\Debug\net472\VideoOS.Recorder.UnitTests.dll" adapterTypeName="executor://mstestadapter/v2" className="VideoOS.Recorder.UnitTests.ObjectModel.Processors.PipelineQueueTest" name="GoIntoOverflowOnBytes" />
    </UnitTest>
    <UnitTest name="ReadMessageHeaders_ReadRequestLine_SoapCommand_Success" storage="d:\actions-runner\_work\xpco\xpco\corporate\recordingserver\recorderservice\tst\videoos.recorder.unittests\bin\x64\debug\net472\videoos.recorder.unittests.dll" id="223235e7-2eef-701c-ac06-00f200ec176d">
      <Execution id="76f1e051-55ee-4e21-b0c1-fb4da1ad4baf" />
      <TestMethod codeBase="D:\actions-runner\_work\XPCO\XPCO\Corporate\RecordingServer\RecorderService\tst\VideoOS.Recorder.UnitTests\bin\x64\Debug\net472\VideoOS.Recorder.UnitTests.dll" adapterTypeName="executor://mstestadapter/v2" className="VideoOS.Recorder.UnitTests.WebServer.WebRequestReaderUnitTests" name="ReadMessageHeaders_ReadRequestLine_SoapCommand_Success" />
    </UnitTest>
    <UnitTest name="Configuration_SettingsAreSet_CorrectSettingsAreApplied" storage="d:\actions-runner\_work\xpco\xpco\corporate\recordingserver\recorderservice\tst\videoos.recorder.unittests\bin\x64\debug\net472\videoos.recorder.unittests.dll" id="2c704326-2083-e4db-b705-8d6a363a6828">
      <Execution id="6bfdbc1f-7cc0-4538-aaf0-87b7c8c923bb" />
      <TestMethod codeBase="D:\actions-runner\_work\XPCO\XPCO\Corporate\RecordingServer\RecorderService\tst\VideoOS.Recorder.UnitTests\bin\x64\Debug\net472\VideoOS.Recorder.UnitTests.dll" adapterTypeName="executor://mstestadapter/v2" className="VideoOS.Recorder.UnitTests.StartupTests" name="Configuration_SettingsAreSet_CorrectSettingsAreApplied" />
    </UnitTest>
    <UnitTest name="SynchronizeDevicePresetsCommandHandler_Execute_DeviceNotFound" storage="d:\actions-runner\_work\xpco\xpco\corporate\recordingserver\recorderservice\tst\videoos.recorder.unittests\bin\x64\debug\net472\videoos.recorder.unittests.dll" id="5cbc6753-3a26-d303-47a8-eb09e08f39cf">
      <Execution id="5a96743d-4b3c-4f43-ad69-6f1c2801cb35" />
      <TestMethod codeBase="D:\actions-runner\_work\XPCO\XPCO\Corporate\RecordingServer\RecorderService\tst\VideoOS.Recorder.UnitTests\bin\x64\Debug\net472\VideoOS.Recorder.UnitTests.dll" adapterTypeName="executor://mstestadapter/v2" className="VideoOS.Recorder.UnitTests.Command.SynchronizeDevicePresetsCommandHandlerUnitTests" name="SynchronizeDevicePresetsCommandHandler_Execute_DeviceNotFound" />
    </UnitTest>
    <UnitTest name="TimeRangeConversionRangeAfterEndTime" storage="d:\actions-runner\_work\xpco\xpco\corporate\recordingserver\recorderservice\tst\videoos.recorder.unittests\bin\x64\debug\net472\videoos.recorder.unittests.dll" id="c25e0d20-e5da-2683-4906-64928b354137">
      <TestCategory>
        <TestCategoryItem TestCategory="TimeRangeConversion" />
      </TestCategory>
      <Execution id="f4a75765-b61d-4ed5-a92c-0fdf95658816" />
      <TestMethod codeBase="D:\actions-runner\_work\XPCO\XPCO\Corporate\RecordingServer\RecorderService\tst\VideoOS.Recorder.UnitTests\bin\x64\Debug\net472\VideoOS.Recorder.UnitTests.dll" adapterTypeName="executor://mstestadapter/v2" className="VideoOS.Recorder.UnitTests.TimeRangeConversionTests.TimeRangeConversionTests" name="TimeRangeConversionRangeAfterEndTime" />
    </UnitTest>
    <UnitTest name="SOAPCommandRequestHandler_ExecuteFunction_HandlePTZRectangle_NoRight" storage="d:\actions-runner\_work\xpco\xpco\corporate\recordingserver\recorderservice\tst\videoos.recorder.unittests\bin\x64\debug\net472\videoos.recorder.unittests.dll" id="d1cc441b-d295-0bb6-ca4a-0a7911e4ddab">
      <Execution id="cf73bae8-80d7-4f77-9a85-039eaba533e6" />
      <TestMethod codeBase="D:\actions-runner\_work\XPCO\XPCO\Corporate\RecordingServer\RecorderService\tst\VideoOS.Recorder.UnitTests\bin\x64\Debug\net472\VideoOS.Recorder.UnitTests.dll" adapterTypeName="executor://mstestadapter/v2" className="VideoOS.Recorder.UnitTests.WebServer.SOAPCommandRequestHandlerTests" name="SOAPCommandRequestHandler_ExecuteFunction_HandlePTZRectangle_NoRight" />
    </UnitTest>
    <UnitTest name="ConnectSuccess_PrevSeq_Exception" storage="d:\actions-runner\_work\xpco\xpco\corporate\recordingserver\recorderservice\tst\videoos.recorder.unittests\bin\x64\debug\net472\videoos.recorder.unittests.dll" id="19a93024-d0c9-211c-e796-9e20e5ddea46">
      <Execution id="f2d8a064-e217-4d1c-b502-c6ee7b0b8bf2" />
      <TestMethod codeBase="D:\actions-runner\_work\XPCO\XPCO\Corporate\RecordingServer\RecorderService\tst\VideoOS.Recorder.UnitTests\bin\x64\Debug\net472\VideoOS.Recorder.UnitTests.dll" adapterTypeName="executor://mstestadapter/v2" className="VideoOS.Recorder.UnitTests.WebServer.ImageServerRequestHandlerTests" name="ConnectSuccess_PrevSeq_Exception" />
    </UnitTest>
    <UnitTest name="SOAPCommandRequestHandler_ExecuteFunction_HandleSmartSearchStart_NoSearchEndTime" storage="d:\actions-runner\_work\xpco\xpco\corporate\recordingserver\recorderservice\tst\videoos.recorder.unittests\bin\x64\debug\net472\videoos.recorder.unittests.dll" id="33a36fe7-9f25-55b9-78cd-b144538b4d56">
      <Execution id="e5ba40e5-287f-40e7-951f-24456fa92b23" />
      <TestMethod codeBase="D:\actions-runner\_work\XPCO\XPCO\Corporate\RecordingServer\RecorderService\tst\VideoOS.Recorder.UnitTests\bin\x64\Debug\net472\VideoOS.Recorder.UnitTests.dll" adapterTypeName="executor://mstestadapter/v2" className="VideoOS.Recorder.UnitTests.WebServer.SOAPCommandRequestHandlerTests" name="SOAPCommandRequestHandler_ExecuteFunction_HandleSmartSearchStart_NoSearchEndTime" />
    </UnitTest>
    <UnitTest name="FillableGridAreaFromPrivacyMask" storage="d:\actions-runner\_work\xpco\xpco\corporate\recordingserver\recorderservice\tst\videoos.recorder.unittests\bin\x64\debug\net472\videoos.recorder.unittests.dll" id="94814152-72a2-cd6c-3d16-d7d4f6da9295">
      <TestCategory>
        <TestCategoryItem TestCategory="SmartSearch" />
      </TestCategory>
      <Execution id="fc9e958c-8ee0-4b97-8256-0b232798e496" />
      <TestMethod codeBase="D:\actions-runner\_work\XPCO\XPCO\Corporate\RecordingServer\RecorderService\tst\VideoOS.Recorder.UnitTests\bin\x64\Debug\net472\VideoOS.Recorder.UnitTests.dll" adapterTypeName="executor://mstestadapter/v2" className="VideoOS.Recorder.UnitTests.SmartSearch.SmartSearchHandlerTest" name="FillableGridAreaFromPrivacyMask" />
    </UnitTest>
    <UnitTest name="SOAPCommandRequestHandler_ExecuteFunction_HandleOutputActivate_Success" storage="d:\actions-runner\_work\xpco\xpco\corporate\recordingserver\recorderservice\tst\videoos.recorder.unittests\bin\x64\debug\net472\videoos.recorder.unittests.dll" id="cbbcca8f-5271-ca8f-3c1b-e04f325bdc3a">
      <Execution id="9b8629d6-8259-4977-98b8-e30fca483dfd" />
      <TestMethod codeBase="D:\actions-runner\_work\XPCO\XPCO\Corporate\RecordingServer\RecorderService\tst\VideoOS.Recorder.UnitTests\bin\x64\Debug\net472\VideoOS.Recorder.UnitTests.dll" adapterTypeName="executor://mstestadapter/v2" className="VideoOS.Recorder.UnitTests.WebServer.SOAPCommandRequestHandlerTests" name="SOAPCommandRequestHandler_ExecuteFunction_HandleOutputActivate_Success" />
    </UnitTest>
    <UnitTest name="ReapplyHardwareSettingsManager_SetConfiguration_TimeNowAfterTriger_Success" storage="d:\actions-runner\_work\xpco\xpco\corporate\recordingserver\recorderservice\tst\videoos.recorder.unittests\bin\x64\debug\net472\videoos.recorder.unittests.dll" id="8aff4b0c-a4da-b9ed-82cf-c96567a6ad3f">
      <Execution id="a86b320e-9350-4bbf-8497-1c7198f1b423" />
      <TestMethod codeBase="D:\actions-runner\_work\XPCO\XPCO\Corporate\RecordingServer\RecorderService\tst\VideoOS.Recorder.UnitTests\bin\x64\Debug\net472\VideoOS.Recorder.UnitTests.dll" adapterTypeName="executor://mstestadapter/v2" className="VideoOS.Recorder.UnitTests.ReapplyHardwareSettingsManagerTests" name="ReapplyHardwareSettingsManager_SetConfiguration_TimeNowAfterTriger_Success" />
    </UnitTest>
    <UnitTest name="SOAPCommandRequestHandler_ExecuteFunction_HandlePTZCenter_CenterX_Not_Double" storage="d:\actions-runner\_work\xpco\xpco\corporate\recordingserver\recorderservice\tst\videoos.recorder.unittests\bin\x64\debug\net472\videoos.recorder.unittests.dll" id="56a9da53-748d-8045-6ef2-fedcd94d62ae">
      <Execution id="9f869ad5-3948-4231-b47b-a9909dfb3b64" />
      <TestMethod codeBase="D:\actions-runner\_work\XPCO\XPCO\Corporate\RecordingServer\RecorderService\tst\VideoOS.Recorder.UnitTests\bin\x64\Debug\net472\VideoOS.Recorder.UnitTests.dll" adapterTypeName="executor://mstestadapter/v2" className="VideoOS.Recorder.UnitTests.WebServer.SOAPCommandRequestHandlerTests" name="SOAPCommandRequestHandler_ExecuteFunction_HandlePTZCenter_CenterX_Not_Double" />
    </UnitTest>
    <UnitTest name="IsInRange_ShouldReturnTrue_WhenAddressIsBetweenStartAndEndMaxRange" storage="d:\actions-runner\_work\xpco\xpco\corporate\recordingserver\recorderservice\tst\videoos.recorder.unittests\bin\x64\debug\net472\videoos.recorder.unittests.dll" id="8a388acf-f7fd-de6d-2f58-08233d5e329e">
      <Execution id="9a6126d5-5ce1-40e3-b178-1a8df0ea3c90" />
      <TestMethod codeBase="D:\actions-runner\_work\XPCO\XPCO\Corporate\RecordingServer\RecorderService\tst\VideoOS.Recorder.UnitTests\bin\x64\Debug\net472\VideoOS.Recorder.UnitTests.dll" adapterTypeName="executor://mstestadapter/v2" className="VideoOS.Recorder.UnitTests.DeviceDiscovery.MipDriversDiscoveryTaskTests" name="IsInRange_ShouldReturnTrue_WhenAddressIsBetweenStartAndEndMaxRange" />
    </UnitTest>
    <UnitTest name="SOAPCommandRequestHandler_ExecuteFunction_HandleMulticastStart_With_Privacy_Mask" storage="d:\actions-runner\_work\xpco\xpco\corporate\recordingserver\recorderservice\tst\videoos.recorder.unittests\bin\x64\debug\net472\videoos.recorder.unittests.dll" id="42f63e76-dc14-8542-530c-0174d7a756d0">
      <Execution id="8f8614a4-cb16-4055-b0d9-72f91bf70f45" />
      <TestMethod codeBase="D:\actions-runner\_work\XPCO\XPCO\Corporate\RecordingServer\RecorderService\tst\VideoOS.Recorder.UnitTests\bin\x64\Debug\net472\VideoOS.Recorder.UnitTests.dll" adapterTypeName="executor://mstestadapter/v2" className="VideoOS.Recorder.UnitTests.WebServer.SOAPCommandRequestHandlerTests" name="SOAPCommandRequestHandler_ExecuteFunction_HandleMulticastStart_With_Privacy_Mask" />
    </UnitTest>
    <UnitTest name="GetDefaultOrFirstAudioEncodingFromDefinition_GetDefaultSettingTest" storage="d:\actions-runner\_work\xpco\xpco\corporate\recordingserver\recorderservice\tst\videoos.recorder.unittests\bin\x64\debug\net472\videoos.recorder.unittests.dll" id="f3ab9900-68d0-1d8c-c5b2-d58eb25d9d14">
      <Execution id="6f0ea156-eecb-4f1d-a84b-981b8a1a9ad9" />
      <TestMethod codeBase="D:\actions-runner\_work\XPCO\XPCO\Corporate\RecordingServer\RecorderService\tst\VideoOS.Recorder.UnitTests\bin\x64\Debug\net472\VideoOS.Recorder.UnitTests.dll" adapterTypeName="executor://mstestadapter/v2" className="VideoOS.Recorder.UnitTests.Utility.DefinitionUtilityTest" name="GetDefaultOrFirstAudioEncodingFromDefinition_GetDefaultSettingTest" />
    </UnitTest>
    <UnitTest name="PtzManager_ReleaseLockedSessionFromExtension_Success" storage="d:\actions-runner\_work\xpco\xpco\corporate\recordingserver\recorderservice\tst\videoos.recorder.unittests\bin\x64\debug\net472\videoos.recorder.unittests.dll" id="18f2e0ff-08b6-90e9-c532-279cd8938e8a">
      <Execution id="3f964dde-7755-4e3d-a958-0cbc55b9e13f" />
      <TestMethod codeBase="D:\actions-runner\_work\XPCO\XPCO\Corporate\RecordingServer\RecorderService\tst\VideoOS.Recorder.UnitTests\bin\x64\Debug\net472\VideoOS.Recorder.UnitTests.dll" adapterTypeName="executor://mstestadapter/v2" className="VideoOS.Recorder.UnitTests.Command.PtzManagerTests" name="PtzManager_ReleaseLockedSessionFromExtension_Success" />
    </UnitTest>
    <UnitTest name="SOAPCommandRequestHandler_ExecuteFunction_HandleJPEGGetLive_NoDevice" storage="d:\actions-runner\_work\xpco\xpco\corporate\recordingserver\recorderservice\tst\videoos.recorder.unittests\bin\x64\debug\net472\videoos.recorder.unittests.dll" id="8e756632-0f2f-0bd3-91e9-9a495f840b99">
      <Execution id="0807096e-31f3-4060-a037-4f0e09c968be" />
      <TestMethod codeBase="D:\actions-runner\_work\XPCO\XPCO\Corporate\RecordingServer\RecorderService\tst\VideoOS.Recorder.UnitTests\bin\x64\Debug\net472\VideoOS.Recorder.UnitTests.dll" adapterTypeName="executor://mstestadapter/v2" className="VideoOS.Recorder.UnitTests.WebServer.SOAPCommandRequestHandlerTests" name="SOAPCommandRequestHandler_ExecuteFunction_HandleJPEGGetLive_NoDevice" />
    </UnitTest>
    <UnitTest name="SOAPCommandRequestHandler_ExecuteFunction_HandlePTZMoveRelative_NoPtzArgs" storage="d:\actions-runner\_work\xpco\xpco\corporate\recordingserver\recorderservice\tst\videoos.recorder.unittests\bin\x64\debug\net472\videoos.recorder.unittests.dll" id="1125aafd-8d66-e0c2-4d2f-689b0526b93f">
      <Execution id="c2c2cce0-9e82-4db9-b790-2b458798149f" />
      <TestMethod codeBase="D:\actions-runner\_work\XPCO\XPCO\Corporate\RecordingServer\RecorderService\tst\VideoOS.Recorder.UnitTests\bin\x64\Debug\net472\VideoOS.Recorder.UnitTests.dll" adapterTypeName="executor://mstestadapter/v2" className="VideoOS.Recorder.UnitTests.WebServer.SOAPCommandRequestHandlerTests" name="SOAPCommandRequestHandler_ExecuteFunction_HandlePTZMoveRelative_NoPtzArgs" />
    </UnitTest>
    <UnitTest name="CheckDeleteDeviceMediaCommandHandler_RecorderIsClosingNoAction" storage="d:\actions-runner\_work\xpco\xpco\corporate\recordingserver\recorderservice\tst\videoos.recorder.unittests\bin\x64\debug\net472\videoos.recorder.unittests.dll" id="eb91648c-5df5-c842-8817-ad45d8ac6975">
      <Execution id="85b595ce-3f6f-4ceb-991f-f7112fbc66cb" />
      <TestMethod codeBase="D:\actions-runner\_work\XPCO\XPCO\Corporate\RecordingServer\RecorderService\tst\VideoOS.Recorder.UnitTests\bin\x64\Debug\net472\VideoOS.Recorder.UnitTests.dll" adapterTypeName="executor://mstestadapter/v2" className="VideoOS.Recorder.UnitTests.Command.CheckDeleteDeviceMediaCommandHandlerTests" name="CheckDeleteDeviceMediaCommandHandler_RecorderIsClosingNoAction" />
    </UnitTest>
    <UnitTest name="MediaDbUtil_MultitrackNavigation_Scenario14" storage="d:\actions-runner\_work\xpco\xpco\corporate\recordingserver\recorderservice\tst\videoos.recorder.unittests\bin\x64\debug\net472\videoos.recorder.unittests.dll" id="d0ebb5dd-39e2-2382-c6fa-adb8fc580505">
      <Execution id="a01c43ac-17fd-4312-8033-32bcf7a51826" />
      <TestMethod codeBase="D:\actions-runner\_work\XPCO\XPCO\Corporate\RecordingServer\RecorderService\tst\VideoOS.Recorder.UnitTests\bin\x64\Debug\net472\VideoOS.Recorder.UnitTests.dll" adapterTypeName="executor://mstestadapter/v2" className="VideoOS.Recorder.UnitTests.WebServer.MediaDbUtilUnitTests" name="MediaDbUtil_MultitrackNavigation_Scenario14" />
    </UnitTest>
    <UnitTest name="PrepareMoveHardwareCommandHandler_Execute_Started_And_Blocked_Changing_SuccessResponse" storage="d:\actions-runner\_work\xpco\xpco\corporate\recordingserver\recorderservice\tst\videoos.recorder.unittests\bin\x64\debug\net472\videoos.recorder.unittests.dll" id="923a054c-7a41-a6c0-9550-1aabab7edebe">
      <Execution id="b015a332-f991-4961-91ec-d9d7d181a2fb" />
      <TestMethod codeBase="D:\actions-runner\_work\XPCO\XPCO\Corporate\RecordingServer\RecorderService\tst\VideoOS.Recorder.UnitTests\bin\x64\Debug\net472\VideoOS.Recorder.UnitTests.dll" adapterTypeName="executor://mstestadapter/v2" className="VideoOS.Recorder.UnitTests.Command.PrepareMoveHardwareCommandHandlerTests" name="PrepareMoveHardwareCommandHandler_Execute_Started_And_Blocked_Changing_SuccessResponse" />
    </UnitTest>
    <UnitTest name="GetSettingAsIPAddress_NonExistingSetting_Throws_InvalidMulticastSettingsException" storage="d:\actions-runner\_work\xpco\xpco\corporate\recordingserver\recorderservice\tst\videoos.recorder.unittests\bin\x64\debug\net472\videoos.recorder.unittests.dll" id="9a3fbbbb-f996-7a27-25e0-852ec5b46dd8">
      <Execution id="254cc876-0abe-4b19-a335-4b09b06fa66e" />
      <TestMethod codeBase="D:\actions-runner\_work\XPCO\XPCO\Corporate\RecordingServer\RecorderService\tst\VideoOS.Recorder.UnitTests\bin\x64\Debug\net472\VideoOS.Recorder.UnitTests.dll" adapterTypeName="executor://mstestadapter/v2" className="VideoOS.Recorder.UnitTests.Multicast.MulticastSettingsExtensionsUnitTests" name="GetSettingAsIPAddress_NonExistingSetting_Throws_InvalidMulticastSettingsException" />
    </UnitTest>
    <UnitTest name="PtzManager_CreateManualSessionWithLockFromExtension_Success" storage="d:\actions-runner\_work\xpco\xpco\corporate\recordingserver\recorderservice\tst\videoos.recorder.unittests\bin\x64\debug\net472\videoos.recorder.unittests.dll" id="b998ae54-7708-cc6c-f061-d7ae11f670af">
      <Execution id="745a3a4e-2363-4cd7-a8c1-c1b6f102deda" />
      <TestMethod codeBase="D:\actions-runner\_work\XPCO\XPCO\Corporate\RecordingServer\RecorderService\tst\VideoOS.Recorder.UnitTests\bin\x64\Debug\net472\VideoOS.Recorder.UnitTests.dll" adapterTypeName="executor://mstestadapter/v2" className="VideoOS.Recorder.UnitTests.Command.PtzManagerTests" name="PtzManager_CreateManualSessionWithLockFromExtension_Success" />
    </UnitTest>
    <UnitTest name="RecStorage_Startup_AllowStart_NotKeepFailing_PwFailure_KeepOffline" storage="d:\actions-runner\_work\xpco\xpco\corporate\recordingserver\recorderservice\tst\videoos.recorder.unittests\bin\x64\debug\net472\videoos.recorder.unittests.dll" id="b033031b-d2ed-6e6b-9559-ae584836ec79">
      <Execution id="406e5bf7-2c7e-451e-9572-8efe1d4634a4" />
      <TestMethod codeBase="D:\actions-runner\_work\XPCO\XPCO\Corporate\RecordingServer\RecorderService\tst\VideoOS.Recorder.UnitTests\bin\x64\Debug\net472\VideoOS.Recorder.UnitTests.dll" adapterTypeName="executor://mstestadapter/v2" className="VideoOS.Recorder.UnitTests.ObjectModel.MediaDbManagerUnitTests" name="RecStorage_Startup_AllowStart_NotKeepFailing_PwFailure_KeepOffline" />
    </UnitTest>
    <UnitTest name="ChangeHardwarePasswordCommandHandler_Execute_ChangePassword_ThrowsNetworkError_Errors" storage="d:\actions-runner\_work\xpco\xpco\corporate\recordingserver\recorderservice\tst\videoos.recorder.unittests\bin\x64\debug\net472\videoos.recorder.unittests.dll" id="b7d79b70-654f-cdc7-c931-6bf701fefb44">
      <Execution id="d6c75966-adb4-49ed-9ada-2d709204a9bb" />
      <TestMethod codeBase="D:\actions-runner\_work\XPCO\XPCO\Corporate\RecordingServer\RecorderService\tst\VideoOS.Recorder.UnitTests\bin\x64\Debug\net472\VideoOS.Recorder.UnitTests.dll" adapterTypeName="executor://mstestadapter/v2" className="VideoOS.Recorder.UnitTests.Command.ChangeHardwarePasswordCommandHandlerUnitTests" name="ChangeHardwarePasswordCommandHandler_Execute_ChangePassword_ThrowsNetworkError_Errors" />
    </UnitTest>
    <UnitTest name="GetHardwareUsersCommandHandler_Execute_GetUserList_HardwareNotStarted_Reschedules" storage="d:\actions-runner\_work\xpco\xpco\corporate\recordingserver\recorderservice\tst\videoos.recorder.unittests\bin\x64\debug\net472\videoos.recorder.unittests.dll" id="ae1af9b6-ace7-0c50-c6e0-cfbbdbc611dc">
      <Execution id="f40b63e7-fc1f-4d12-a9b2-37181df517cb" />
      <TestMethod codeBase="D:\actions-runner\_work\XPCO\XPCO\Corporate\RecordingServer\RecorderService\tst\VideoOS.Recorder.UnitTests\bin\x64\Debug\net472\VideoOS.Recorder.UnitTests.dll" adapterTypeName="executor://mstestadapter/v2" className="VideoOS.Recorder.UnitTests.Command.GetHardwareUsersCommandHandlerUnitTests" name="GetHardwareUsersCommandHandler_Execute_GetUserList_HardwareNotStarted_Reschedules" />
    </UnitTest>
    <UnitTest name="ResponseController_ValidTimeoutResponse_ValidTimeoutResponseCalledOnCommManager" storage="d:\actions-runner\_work\xpco\xpco\corporate\recordingserver\recorderservice\tst\videoos.recorder.unittests\bin\x64\debug\net472\videoos.recorder.unittests.dll" id="f74c6c10-2aac-5c53-327d-f45ea200ba89">
      <Execution id="faca16da-fe86-441d-860f-a890e97867ed" />
      <TestMethod codeBase="D:\actions-runner\_work\XPCO\XPCO\Corporate\RecordingServer\RecorderService\tst\VideoOS.Recorder.UnitTests\bin\x64\Debug\net472\VideoOS.Recorder.UnitTests.dll" adapterTypeName="executor://mstestadapter/v2" className="VideoOS.Recorder.UnitTests.ResponseControllerTests" name="ResponseController_ValidTimeoutResponse_ValidTimeoutResponseCalledOnCommManager" />
    </UnitTest>
    <UnitTest name="SOAPCommandRequestHandler_ExecuteFunction_HandleSmartSearchStart_NoSearchMaskSize" storage="d:\actions-runner\_work\xpco\xpco\corporate\recordingserver\recorderservice\tst\videoos.recorder.unittests\bin\x64\debug\net472\videoos.recorder.unittests.dll" id="0b0987af-9592-d82b-5279-72361c02ffcd">
      <Execution id="0b28efe8-04bd-4ce5-be26-0f10bc5cc91f" />
      <TestMethod codeBase="D:\actions-runner\_work\XPCO\XPCO\Corporate\RecordingServer\RecorderService\tst\VideoOS.Recorder.UnitTests\bin\x64\Debug\net472\VideoOS.Recorder.UnitTests.dll" adapterTypeName="executor://mstestadapter/v2" className="VideoOS.Recorder.UnitTests.WebServer.SOAPCommandRequestHandlerTests" name="SOAPCommandRequestHandler_ExecuteFunction_HandleSmartSearchStart_NoSearchMaskSize" />
    </UnitTest>
    <UnitTest name="PtzReserveSessionCommandHandler_Execute_PtzException_AlreadyReserved" storage="d:\actions-runner\_work\xpco\xpco\corporate\recordingserver\recorderservice\tst\videoos.recorder.unittests\bin\x64\debug\net472\videoos.recorder.unittests.dll" id="a10ebb89-791f-0b8d-7def-f32378661e60">
      <Execution id="178ddf1a-162c-453f-8c3e-7599d26b442a" />
      <TestMethod codeBase="D:\actions-runner\_work\XPCO\XPCO\Corporate\RecordingServer\RecorderService\tst\VideoOS.Recorder.UnitTests\bin\x64\Debug\net472\VideoOS.Recorder.UnitTests.dll" adapterTypeName="executor://mstestadapter/v2" className="VideoOS.Recorder.UnitTests.Command.PtzReserveSessionCommandHandlerTest" name="PtzReserveSessionCommandHandler_Execute_PtzException_AlreadyReserved" />
    </UnitTest>
    <UnitTest name="ArcStorage_PwFailure_KeepOffline" storage="d:\actions-runner\_work\xpco\xpco\corporate\recordingserver\recorderservice\tst\videoos.recorder.unittests\bin\x64\debug\net472\videoos.recorder.unittests.dll" id="85f43ac9-4a3d-9d19-561c-361db0298aa5">
      <Execution id="526b0891-3de7-4dea-8fa1-000474cafc49" />
      <TestMethod codeBase="D:\actions-runner\_work\XPCO\XPCO\Corporate\RecordingServer\RecorderService\tst\VideoOS.Recorder.UnitTests\bin\x64\Debug\net472\VideoOS.Recorder.UnitTests.dll" adapterTypeName="executor://mstestadapter/v2" className="VideoOS.Recorder.UnitTests.ObjectModel.MediaDbManagerUnitTests" name="ArcStorage_PwFailure_KeepOffline" />
    </UnitTest>
    <UnitTest name="SOAPCommandRequestHandler_ExecuteFunction_HandleGetRetentionTimeLimit_Success" storage="d:\actions-runner\_work\xpco\xpco\corporate\recordingserver\recorderservice\tst\videoos.recorder.unittests\bin\x64\debug\net472\videoos.recorder.unittests.dll" id="a963e446-af2d-a002-68c5-1d1aef7d51e8">
      <Execution id="25ab76e5-3d4d-45f7-b733-f729bd028a22" />
      <TestMethod codeBase="D:\actions-runner\_work\XPCO\XPCO\Corporate\RecordingServer\RecorderService\tst\VideoOS.Recorder.UnitTests\bin\x64\Debug\net472\VideoOS.Recorder.UnitTests.dll" adapterTypeName="executor://mstestadapter/v2" className="VideoOS.Recorder.UnitTests.WebServer.SOAPCommandRequestHandlerTests" name="SOAPCommandRequestHandler_ExecuteFunction_HandleGetRetentionTimeLimit_Success" />
    </UnitTest>
    <UnitTest name="AddHardwareUserCommandHandler_Execute_Success" storage="d:\actions-runner\_work\xpco\xpco\corporate\recordingserver\recorderservice\tst\videoos.recorder.unittests\bin\x64\debug\net472\videoos.recorder.unittests.dll" id="dbd32b7f-641a-46d1-2792-648d5f9fff53">
      <Execution id="0bc91f60-a16e-44a3-b5e2-bc5a0bbcdbf8" />
      <TestMethod codeBase="D:\actions-runner\_work\XPCO\XPCO\Corporate\RecordingServer\RecorderService\tst\VideoOS.Recorder.UnitTests\bin\x64\Debug\net472\VideoOS.Recorder.UnitTests.dll" adapterTypeName="executor://mstestadapter/v2" className="VideoOS.Recorder.UnitTests.Command.AddHardwareUserCommandHandlerRecorderUnitTests" name="AddHardwareUserCommandHandler_Execute_Success" />
    </UnitTest>
    <UnitTest name="GetSettingAsInt32_NonExistingSetting_Throws_InvalidMulticastSettingsException" storage="d:\actions-runner\_work\xpco\xpco\corporate\recordingserver\recorderservice\tst\videoos.recorder.unittests\bin\x64\debug\net472\videoos.recorder.unittests.dll" id="feb9425f-17e6-a400-b43c-667dfb8a797b">
      <Execution id="f05f505b-9911-40a2-b4d6-426c6562c7b0" />
      <TestMethod codeBase="D:\actions-runner\_work\XPCO\XPCO\Corporate\RecordingServer\RecorderService\tst\VideoOS.Recorder.UnitTests\bin\x64\Debug\net472\VideoOS.Recorder.UnitTests.dll" adapterTypeName="executor://mstestadapter/v2" className="VideoOS.Recorder.UnitTests.Multicast.MulticastSettingsExtensionsUnitTests" name="GetSettingAsInt32_NonExistingSetting_Throws_InvalidMulticastSettingsException" />
    </UnitTest>
    <UnitTest name="EvidenceLockOnOldRecorderCommandHandler_Constructor_RecorderEnvironmentNull_ArgumentNullException" storage="d:\actions-runner\_work\xpco\xpco\corporate\recordingserver\recorderservice\tst\videoos.recorder.unittests\bin\x64\debug\net472\videoos.recorder.unittests.dll" id="3498ef96-c386-48ab-92a0-21ade1a0f55a">
      <Execution id="bf0b1a1f-ad33-4d3b-97a2-11fd52f21e16" />
      <TestMethod codeBase="D:\actions-runner\_work\XPCO\XPCO\Corporate\RecordingServer\RecorderService\tst\VideoOS.Recorder.UnitTests\bin\x64\Debug\net472\VideoOS.Recorder.UnitTests.dll" adapterTypeName="executor://mstestadapter/v2" className="VideoOS.Recorder.UnitTests.Command.EvidenceLockOnOldRecorderCommandHandlerTests" name="EvidenceLockOnOldRecorderCommandHandler_Constructor_RecorderEnvironmentNull_ArgumentNullException" />
    </UnitTest>
    <UnitTest name="PtzStopSessionCommandHandler_Execute_NotSupportedException" storage="d:\actions-runner\_work\xpco\xpco\corporate\recordingserver\recorderservice\tst\videoos.recorder.unittests\bin\x64\debug\net472\videoos.recorder.unittests.dll" id="58a864d4-17e9-c73e-2e49-ff48f71f41da">
      <Execution id="056d5360-b291-4cd5-8668-2ef7d5d240c0" />
      <TestMethod codeBase="D:\actions-runner\_work\XPCO\XPCO\Corporate\RecordingServer\RecorderService\tst\VideoOS.Recorder.UnitTests\bin\x64\Debug\net472\VideoOS.Recorder.UnitTests.dll" adapterTypeName="executor://mstestadapter/v2" className="VideoOS.Recorder.UnitTests.Command.PtzStopSessionCommandHandlerTest" name="PtzStopSessionCommandHandler_Execute_NotSupportedException" />
    </UnitTest>
    <UnitTest name="ConnectionShutdown_DeviceOnlyInConfig" storage="d:\actions-runner\_work\xpco\xpco\corporate\recordingserver\recorderservice\tst\videoos.recorder.unittests\bin\x64\debug\net472\videoos.recorder.unittests.dll" id="de85ce79-72ac-04bb-172f-715bd684d060">
      <Execution id="dd3709bd-9a99-4373-aca5-8a14bd7867e9" />
      <TestMethod codeBase="D:\actions-runner\_work\XPCO\XPCO\Corporate\RecordingServer\RecorderService\tst\VideoOS.Recorder.UnitTests\bin\x64\Debug\net472\VideoOS.Recorder.UnitTests.dll" adapterTypeName="executor://mstestadapter/v2" className="VideoOS.Recorder.UnitTests.WebServer.ImageServerRequestHandlerTests" name="ConnectionShutdown_DeviceOnlyInConfig" />
    </UnitTest>
    <UnitTest name="RecStorage_Startup_NotAllowStart_KeepFailing_PwFailure_KeepOffline" storage="d:\actions-runner\_work\xpco\xpco\corporate\recordingserver\recorderservice\tst\videoos.recorder.unittests\bin\x64\debug\net472\videoos.recorder.unittests.dll" id="1136f19d-597b-e33e-2d0b-816a915a7044">
      <Execution id="69476212-50ca-4986-b254-311c02299be6" />
      <TestMethod codeBase="D:\actions-runner\_work\XPCO\XPCO\Corporate\RecordingServer\RecorderService\tst\VideoOS.Recorder.UnitTests\bin\x64\Debug\net472\VideoOS.Recorder.UnitTests.dll" adapterTypeName="executor://mstestadapter/v2" className="VideoOS.Recorder.UnitTests.ObjectModel.MediaDbManagerUnitTests" name="RecStorage_Startup_NotAllowStart_KeepFailing_PwFailure_KeepOffline" />
    </UnitTest>
    <UnitTest name="SOAPCommandRequestHandler_ExecuteFunction_HandleJPEGGetLive_Success" storage="d:\actions-runner\_work\xpco\xpco\corporate\recordingserver\recorderservice\tst\videoos.recorder.unittests\bin\x64\debug\net472\videoos.recorder.unittests.dll" id="9fea31a5-ecc4-0a3d-77da-7233f75a438f">
      <Execution id="f38a98bc-4a9b-4e1c-8780-43701d36bedf" />
      <TestMethod codeBase="D:\actions-runner\_work\XPCO\XPCO\Corporate\RecordingServer\RecorderService\tst\VideoOS.Recorder.UnitTests\bin\x64\Debug\net472\VideoOS.Recorder.UnitTests.dll" adapterTypeName="executor://mstestadapter/v2" className="VideoOS.Recorder.UnitTests.WebServer.SOAPCommandRequestHandlerTests" name="SOAPCommandRequestHandler_ExecuteFunction_HandleJPEGGetLive_Success" />
    </UnitTest>
    <UnitTest name="FilterTrackIdsToThoseThatShouldNotHaveMediaOnRecorder_InternalStateStopped_ReturnsEmptyArray" storage="d:\actions-runner\_work\xpco\xpco\corporate\recordingserver\recorderservice\tst\videoos.recorder.unittests\bin\x64\debug\net472\videoos.recorder.unittests.dll" id="58dde6db-21b2-00a7-5cdd-3956243b7ad3">
      <Execution id="8f6ccc11-9cfe-4f21-8d36-f4b835d02ed1" />
      <TestMethod codeBase="D:\actions-runner\_work\XPCO\XPCO\Corporate\RecordingServer\RecorderService\tst\VideoOS.Recorder.UnitTests\bin\x64\Debug\net472\VideoOS.Recorder.UnitTests.dll" adapterTypeName="executor://mstestadapter/v2" className="VideoOS.Recorder.UnitTests.CommManagerWebApiTests" name="FilterTrackIdsToThoseThatShouldNotHaveMediaOnRecorder_InternalStateStopped_ReturnsEmptyArray" />
    </UnitTest>
    <UnitTest name="SOAPCommandRequestHandler_ExecuteFunction_HandleMulticastContinue_NoMulticastSessionIds" storage="d:\actions-runner\_work\xpco\xpco\corporate\recordingserver\recorderservice\tst\videoos.recorder.unittests\bin\x64\debug\net472\videoos.recorder.unittests.dll" id="fcb30f78-9e7b-20ac-7955-48420245bce6">
      <Execution id="b0ad38b9-56e7-402d-9428-215b4e8c9ac2" />
      <TestMethod codeBase="D:\actions-runner\_work\XPCO\XPCO\Corporate\RecordingServer\RecorderService\tst\VideoOS.Recorder.UnitTests\bin\x64\Debug\net472\VideoOS.Recorder.UnitTests.dll" adapterTypeName="executor://mstestadapter/v2" className="VideoOS.Recorder.UnitTests.WebServer.SOAPCommandRequestHandlerTests" name="SOAPCommandRequestHandler_ExecuteFunction_HandleMulticastContinue_NoMulticastSessionIds" />
    </UnitTest>
    <UnitTest name="SOAPCommandRequestHandler_ExecuteFunction_HandleSequencesGetAround_NoMaxCountBefore" storage="d:\actions-runner\_work\xpco\xpco\corporate\recordingserver\recorderservice\tst\videoos.recorder.unittests\bin\x64\debug\net472\videoos.recorder.unittests.dll" id="3185fb68-e0b6-bae2-e639-e744f750e0da">
      <Execution id="8a53ea33-7d70-4e72-a8b7-9866314c3411" />
      <TestMethod codeBase="D:\actions-runner\_work\XPCO\XPCO\Corporate\RecordingServer\RecorderService\tst\VideoOS.Recorder.UnitTests\bin\x64\Debug\net472\VideoOS.Recorder.UnitTests.dll" adapterTypeName="executor://mstestadapter/v2" className="VideoOS.Recorder.UnitTests.WebServer.SOAPCommandRequestHandlerTests" name="SOAPCommandRequestHandler_ExecuteFunction_HandleSequencesGetAround_NoMaxCountBefore" />
    </UnitTest>
    <UnitTest name="ConnectSuccessAdvancedVideoParams_ReplaceYesWithTrue_CameraWithTrack" storage="d:\actions-runner\_work\xpco\xpco\corporate\recordingserver\recorderservice\tst\videoos.recorder.unittests\bin\x64\debug\net472\videoos.recorder.unittests.dll" id="15a41eed-e791-397c-fd04-5f8c4a27a22e">
      <Execution id="c5f8d412-ca4f-489d-bc6c-a3b2cfd7c650" />
      <TestMethod codeBase="D:\actions-runner\_work\XPCO\XPCO\Corporate\RecordingServer\RecorderService\tst\VideoOS.Recorder.UnitTests\bin\x64\Debug\net472\VideoOS.Recorder.UnitTests.dll" adapterTypeName="executor://mstestadapter/v2" className="VideoOS.Recorder.UnitTests.WebServer.ImageServerRequestHandlerTests" name="ConnectSuccessAdvancedVideoParams_ReplaceYesWithTrue_CameraWithTrack" />
    </UnitTest>
    <UnitTest name="EvidenceLockOnOldRecorderCommandHandler_AddEvidenceLock" storage="d:\actions-runner\_work\xpco\xpco\corporate\recordingserver\recorderservice\tst\videoos.recorder.unittests\bin\x64\debug\net472\videoos.recorder.unittests.dll" id="bb734639-fb16-43f6-3b52-e96d7d28067c">
      <Execution id="47016092-57a7-410c-a49f-b44e29454a87" />
      <TestMethod codeBase="D:\actions-runner\_work\XPCO\XPCO\Corporate\RecordingServer\RecorderService\tst\VideoOS.Recorder.UnitTests\bin\x64\Debug\net472\VideoOS.Recorder.UnitTests.dll" adapterTypeName="executor://mstestadapter/v2" className="VideoOS.Recorder.UnitTests.Command.EvidenceLockOnOldRecorderCommandHandlerTests" name="EvidenceLockOnOldRecorderCommandHandler_AddEvidenceLock" />
    </UnitTest>
    <UnitTest name="CheckDeleteDeviceMediaCommandHandler_LocalConfigEmpty_MediaDbG1_NoExistedTracks_DeleteG1" storage="d:\actions-runner\_work\xpco\xpco\corporate\recordingserver\recorderservice\tst\videoos.recorder.unittests\bin\x64\debug\net472\videoos.recorder.unittests.dll" id="874107af-69b6-d02c-bb7a-57da33f7f268">
      <Execution id="95edd14e-b5dd-4458-b4b1-0c348fc8be3e" />
      <TestMethod codeBase="D:\actions-runner\_work\XPCO\XPCO\Corporate\RecordingServer\RecorderService\tst\VideoOS.Recorder.UnitTests\bin\x64\Debug\net472\VideoOS.Recorder.UnitTests.dll" adapterTypeName="executor://mstestadapter/v2" className="VideoOS.Recorder.UnitTests.Command.CheckDeleteDeviceMediaCommandHandlerTests" name="CheckDeleteDeviceMediaCommandHandler_LocalConfigEmpty_MediaDbG1_NoExistedTracks_DeleteG1" />
    </UnitTest>
    <UnitTest name="FirmwareUpgradeCommandHandler_Execute_FirmwareUpgrade_ThrowsFirmwareUpgradeUnknownError_Errors" storage="d:\actions-runner\_work\xpco\xpco\corporate\recordingserver\recorderservice\tst\videoos.recorder.unittests\bin\x64\debug\net472\videoos.recorder.unittests.dll" id="8bdbd0c1-a790-4970-e092-0b55412b8dc4">
      <Execution id="c14939bc-277d-4e69-b1d7-22c08db63854" />
      <TestMethod codeBase="D:\actions-runner\_work\XPCO\XPCO\Corporate\RecordingServer\RecorderService\tst\VideoOS.Recorder.UnitTests\bin\x64\Debug\net472\VideoOS.Recorder.UnitTests.dll" adapterTypeName="executor://mstestadapter/v2" className="VideoOS.Recorder.UnitTests.Command.FirmwareUpgradeCommandHandlerUnitTests" name="FirmwareUpgradeCommandHandler_Execute_FirmwareUpgrade_ThrowsFirmwareUpgradeUnknownError_Errors" />
    </UnitTest>
    <UnitTest name="EvidenceLockOnOldRecorderCommandHandler_RecorderNotFullyStarted_FailResponse" storage="d:\actions-runner\_work\xpco\xpco\corporate\recordingserver\recorderservice\tst\videoos.recorder.unittests\bin\x64\debug\net472\videoos.recorder.unittests.dll" id="0deed21f-fe9d-aba5-7fa5-ad0d36156ef0">
      <Execution id="6e82afd7-3ced-4c5f-899a-28485be15eed" />
      <TestMethod codeBase="D:\actions-runner\_work\XPCO\XPCO\Corporate\RecordingServer\RecorderService\tst\VideoOS.Recorder.UnitTests\bin\x64\Debug\net472\VideoOS.Recorder.UnitTests.dll" adapterTypeName="executor://mstestadapter/v2" className="VideoOS.Recorder.UnitTests.Command.EvidenceLockOnOldRecorderCommandHandlerTests" name="EvidenceLockOnOldRecorderCommandHandler_RecorderNotFullyStarted_FailResponse" />
    </UnitTest>
    <UnitTest name="SOAPCommandRequestHandler_ExecuteFunction_HandleMulticastStart_Device_Is_Null" storage="d:\actions-runner\_work\xpco\xpco\corporate\recordingserver\recorderservice\tst\videoos.recorder.unittests\bin\x64\debug\net472\videoos.recorder.unittests.dll" id="141af022-ae5a-b351-b538-6c8ea661e39b">
      <Execution id="176cf02e-f31f-4fff-b7bd-f4932fc4c141" />
      <TestMethod codeBase="D:\actions-runner\_work\XPCO\XPCO\Corporate\RecordingServer\RecorderService\tst\VideoOS.Recorder.UnitTests\bin\x64\Debug\net472\VideoOS.Recorder.UnitTests.dll" adapterTypeName="executor://mstestadapter/v2" className="VideoOS.Recorder.UnitTests.WebServer.SOAPCommandRequestHandlerTests" name="SOAPCommandRequestHandler_ExecuteFunction_HandleMulticastStart_Device_Is_Null" />
    </UnitTest>
    <UnitTest name="AddHardwareUserCommandHandler_Constructor_NullArg_Throws" storage="d:\actions-runner\_work\xpco\xpco\corporate\recordingserver\recorderservice\tst\videoos.recorder.unittests\bin\x64\debug\net472\videoos.recorder.unittests.dll" id="b8a67863-87af-ba6a-7a67-08a873270caf">
      <Execution id="bd9b0d71-d307-40ee-8588-a2463b611dc7" />
      <TestMethod codeBase="D:\actions-runner\_work\XPCO\XPCO\Corporate\RecordingServer\RecorderService\tst\VideoOS.Recorder.UnitTests\bin\x64\Debug\net472\VideoOS.Recorder.UnitTests.dll" adapterTypeName="executor://mstestadapter/v2" className="VideoOS.Recorder.UnitTests.Command.AddHardwareUserCommandHandlerRecorderUnitTests" name="AddHardwareUserCommandHandler_Constructor_NullArg_Throws" />
    </UnitTest>
    <UnitTest name="CallStartMethodForNotCamera" storage="d:\actions-runner\_work\xpco\xpco\corporate\recordingserver\recorderservice\tst\videoos.recorder.unittests\bin\x64\debug\net472\videoos.recorder.unittests.dll" id="05902154-19c0-820e-ac4d-8b29c50acb9c">
      <TestCategory>
        <TestCategoryItem TestCategory="ObjectModel.Device.RelatedDeviceHandler" />
      </TestCategory>
      <Execution id="47d8ca6a-fbb4-4e3b-8db4-01bd7dcdd23a" />
      <TestMethod codeBase="D:\actions-runner\_work\XPCO\XPCO\Corporate\RecordingServer\RecorderService\tst\VideoOS.Recorder.UnitTests\bin\x64\Debug\net472\VideoOS.Recorder.UnitTests.dll" adapterTypeName="executor://mstestadapter/v2" className="VideoOS.Recorder.UnitTests.ObjectModel.RelatedDeviceHandlerTest" name="CallStartMethodForNotCamera" />
    </UnitTest>
    <UnitTest name="PtzManager_CenterOnPositionInView_NoMediaFeedHandler" storage="d:\actions-runner\_work\xpco\xpco\corporate\recordingserver\recorderservice\tst\videoos.recorder.unittests\bin\x64\debug\net472\videoos.recorder.unittests.dll" id="1ceefeff-052b-0e95-f3a6-b5182af0c49a">
      <Execution id="0ffb83c3-900b-4f35-9be3-0886e55582d0" />
      <TestMethod codeBase="D:\actions-runner\_work\XPCO\XPCO\Corporate\RecordingServer\RecorderService\tst\VideoOS.Recorder.UnitTests\bin\x64\Debug\net472\VideoOS.Recorder.UnitTests.dll" adapterTypeName="executor://mstestadapter/v2" className="VideoOS.Recorder.UnitTests.Command.PtzManagerTests" name="PtzManager_CenterOnPositionInView_NoMediaFeedHandler" />
    </UnitTest>
    <UnitTest name="MediaDbConfigurationWriter_WriteDeviceTableConfiguration_Cam" storage="d:\actions-runner\_work\xpco\xpco\corporate\recordingserver\recorderservice\tst\videoos.recorder.unittests\bin\x64\debug\net472\videoos.recorder.unittests.dll" id="b1e99fad-9712-752b-8a64-8111d141c044">
      <Execution id="a8422e08-921b-4184-96ce-54521d553820" />
      <TestMethod codeBase="D:\actions-runner\_work\XPCO\XPCO\Corporate\RecordingServer\RecorderService\tst\VideoOS.Recorder.UnitTests\bin\x64\Debug\net472\VideoOS.Recorder.UnitTests.dll" adapterTypeName="executor://mstestadapter/v2" className="VideoOS.Recorder.UnitTests.Database.MediaDbConfigurationWriterUnitTests" name="MediaDbConfigurationWriter_WriteDeviceTableConfiguration_Cam" />
    </UnitTest>
    <UnitTest name="SOAPCommandRequestHandler_ExecuteFunction_HandlePTZMoveStop_NoDeviceId" storage="d:\actions-runner\_work\xpco\xpco\corporate\recordingserver\recorderservice\tst\videoos.recorder.unittests\bin\x64\debug\net472\videoos.recorder.unittests.dll" id="85b7c4ed-df7d-3214-f235-e36b4a4b80d6">
      <Execution id="a402129d-5be9-415d-87a6-ca0fceae2319" />
      <TestMethod codeBase="D:\actions-runner\_work\XPCO\XPCO\Corporate\RecordingServer\RecorderService\tst\VideoOS.Recorder.UnitTests\bin\x64\Debug\net472\VideoOS.Recorder.UnitTests.dll" adapterTypeName="executor://mstestadapter/v2" className="VideoOS.Recorder.UnitTests.WebServer.SOAPCommandRequestHandlerTests" name="SOAPCommandRequestHandler_ExecuteFunction_HandlePTZMoveStop_NoDeviceId" />
    </UnitTest>
    <UnitTest name="ResponseController_SuccessResponseNullInput_BadRequestResult" storage="d:\actions-runner\_work\xpco\xpco\corporate\recordingserver\recorderservice\tst\videoos.recorder.unittests\bin\x64\debug\net472\videoos.recorder.unittests.dll" id="a58d2151-c40f-b31b-6cf5-e8280bd8e1c5">
      <Execution id="8eaf27aa-0b7e-4472-9c6c-2849b1f505a8" />
      <TestMethod codeBase="D:\actions-runner\_work\XPCO\XPCO\Corporate\RecordingServer\RecorderService\tst\VideoOS.Recorder.UnitTests\bin\x64\Debug\net472\VideoOS.Recorder.UnitTests.dll" adapterTypeName="executor://mstestadapter/v2" className="VideoOS.Recorder.UnitTests.ResponseControllerTests" name="ResponseController_SuccessResponseNullInput_BadRequestResult" />
    </UnitTest>
    <UnitTest name="GetNetworkConfigurationCommandHandler_Execute_NoMatchingMac_Errors" storage="d:\actions-runner\_work\xpco\xpco\corporate\recordingserver\recorderservice\tst\videoos.recorder.unittests\bin\x64\debug\net472\videoos.recorder.unittests.dll" id="6d362d99-5767-d5fe-b451-043dbe90ec01">
      <Execution id="12897d97-41a5-4620-9d7c-72b99a1fa7c2" />
      <TestMethod codeBase="D:\actions-runner\_work\XPCO\XPCO\Corporate\RecordingServer\RecorderService\tst\VideoOS.Recorder.UnitTests\bin\x64\Debug\net472\VideoOS.Recorder.UnitTests.dll" adapterTypeName="executor://mstestadapter/v2" className="VideoOS.Recorder.UnitTests.Command.GetNetworkConfigurationCommandHandlerUnitTests" name="GetNetworkConfigurationCommandHandler_Execute_NoMatchingMac_Errors" />
    </UnitTest>
    <UnitTest name="GetDatabaseInfo_RecordingStorageNotFound_ArchiveHintTrue" storage="d:\actions-runner\_work\xpco\xpco\corporate\recordingserver\recorderservice\tst\videoos.recorder.unittests\bin\x64\debug\net472\videoos.recorder.unittests.dll" id="7df383ca-baa8-b798-2990-6141bf44ad19">
      <Execution id="9eb0e5b3-0ae8-4b08-946e-efce35b99326" />
      <TestMethod codeBase="D:\actions-runner\_work\XPCO\XPCO\Corporate\RecordingServer\RecorderService\tst\VideoOS.Recorder.UnitTests\bin\x64\Debug\net472\VideoOS.Recorder.UnitTests.dll" adapterTypeName="executor://mstestadapter/v2" className="VideoOS.Recorder.UnitTests.MediaDbEventProcessorTests" name="GetDatabaseInfo_RecordingStorageNotFound_ArchiveHintTrue" />
    </UnitTest>
    <UnitTest name="PtzStopSessionCommandHandler_Execute_DriverPtzException" storage="d:\actions-runner\_work\xpco\xpco\corporate\recordingserver\recorderservice\tst\videoos.recorder.unittests\bin\x64\debug\net472\videoos.recorder.unittests.dll" id="205161d4-07bf-cbb2-5347-aad5382f0e04">
      <Execution id="276f39f7-9174-4b9c-a2f6-374afaa3ff3b" />
      <TestMethod codeBase="D:\actions-runner\_work\XPCO\XPCO\Corporate\RecordingServer\RecorderService\tst\VideoOS.Recorder.UnitTests\bin\x64\Debug\net472\VideoOS.Recorder.UnitTests.dll" adapterTypeName="executor://mstestadapter/v2" className="VideoOS.Recorder.UnitTests.Command.PtzStopSessionCommandHandlerTest" name="PtzStopSessionCommandHandler_Execute_DriverPtzException" />
    </UnitTest>
    <UnitTest name="DeleteHardwareUserCommandHandler_Execute_HardwareNotStarted_Errors" storage="d:\actions-runner\_work\xpco\xpco\corporate\recordingserver\recorderservice\tst\videoos.recorder.unittests\bin\x64\debug\net472\videoos.recorder.unittests.dll" id="2186a4a8-dd5a-64b1-6125-6bc3f0007449">
      <Execution id="482c863c-ed93-4300-abd2-db613e73950b" />
      <TestMethod codeBase="D:\actions-runner\_work\XPCO\XPCO\Corporate\RecordingServer\RecorderService\tst\VideoOS.Recorder.UnitTests\bin\x64\Debug\net472\VideoOS.Recorder.UnitTests.dll" adapterTypeName="executor://mstestadapter/v2" className="VideoOS.Recorder.UnitTests.Command.DeleteHardwareUserCommandHandlerTest" name="DeleteHardwareUserCommandHandler_Execute_HardwareNotStarted_Errors" />
    </UnitTest>
    <UnitTest name="SOAPCommandRequestHandler_ExecuteFunction_HandleInputGetState_NoSecurity" storage="d:\actions-runner\_work\xpco\xpco\corporate\recordingserver\recorderservice\tst\videoos.recorder.unittests\bin\x64\debug\net472\videoos.recorder.unittests.dll" id="337224f0-3955-4c64-79db-ba1aa0230c85">
      <Execution id="198fec46-dcd9-44e8-824c-778873159d20" />
      <TestMethod codeBase="D:\actions-runner\_work\XPCO\XPCO\Corporate\RecordingServer\RecorderService\tst\VideoOS.Recorder.UnitTests\bin\x64\Debug\net472\VideoOS.Recorder.UnitTests.dll" adapterTypeName="executor://mstestadapter/v2" className="VideoOS.Recorder.UnitTests.WebServer.SOAPCommandRequestHandlerTests" name="SOAPCommandRequestHandler_ExecuteFunction_HandleInputGetState_NoSecurity" />
    </UnitTest>
    <UnitTest name="CollectRecorderInfoCommandXmlConverter_ArchiveProgress_Multiple_WithProgress" storage="d:\actions-runner\_work\xpco\xpco\corporate\recordingserver\recorderservice\tst\videoos.recorder.unittests\bin\x64\debug\net472\videoos.recorder.unittests.dll" id="53b21db6-e224-f7d6-d608-aba39e74b1f9">
      <Execution id="2a8694f3-7e36-4aef-b810-2a82cc2beee1" />
      <TestMethod codeBase="D:\actions-runner\_work\XPCO\XPCO\Corporate\RecordingServer\RecorderService\tst\VideoOS.Recorder.UnitTests\bin\x64\Debug\net472\VideoOS.Recorder.UnitTests.dll" adapterTypeName="executor://mstestadapter/v2" className="VideoOS.Recorder.UnitTests.Command.CollectRecorderInfoCommandXmlConverterTest" name="CollectRecorderInfoCommandXmlConverter_ArchiveProgress_Multiple_WithProgress" />
    </UnitTest>
    <UnitTest name="GetNetworkConfigurationCommandHandler_Constructor_NullArg_Throws" storage="d:\actions-runner\_work\xpco\xpco\corporate\recordingserver\recorderservice\tst\videoos.recorder.unittests\bin\x64\debug\net472\videoos.recorder.unittests.dll" id="cc256b6e-e64d-2ded-8470-461578180b1a">
      <Execution id="2e2aee17-30a8-4f6f-bf6d-55a9016e5aa7" />
      <TestMethod codeBase="D:\actions-runner\_work\XPCO\XPCO\Corporate\RecordingServer\RecorderService\tst\VideoOS.Recorder.UnitTests\bin\x64\Debug\net472\VideoOS.Recorder.UnitTests.dll" adapterTypeName="executor://mstestadapter/v2" className="VideoOS.Recorder.UnitTests.Command.GetNetworkConfigurationCommandHandlerUnitTests" name="GetNetworkConfigurationCommandHandler_Constructor_NullArg_Throws" />
    </UnitTest>
    <UnitTest name="ResponseController_ValidBoolResponse_BoolResponseWithTokenAndCorrectBoolCalledOnCommManager" storage="d:\actions-runner\_work\xpco\xpco\corporate\recordingserver\recorderservice\tst\videoos.recorder.unittests\bin\x64\debug\net472\videoos.recorder.unittests.dll" id="68e12081-5f64-d897-b1b7-3bcfc154834b">
      <Execution id="98cafe7c-0431-4ed0-9483-e3a1af7f37f9" />
      <TestMethod codeBase="D:\actions-runner\_work\XPCO\XPCO\Corporate\RecordingServer\RecorderService\tst\VideoOS.Recorder.UnitTests\bin\x64\Debug\net472\VideoOS.Recorder.UnitTests.dll" adapterTypeName="executor://mstestadapter/v2" className="VideoOS.Recorder.UnitTests.ResponseControllerTests" name="ResponseController_ValidBoolResponse_BoolResponseWithTokenAndCorrectBoolCalledOnCommManager" />
    </UnitTest>
    <UnitTest name="PtzPatrollingSessionBase_ExternalStopAndMoveToEndPosition_DeviceNotStarted" storage="d:\actions-runner\_work\xpco\xpco\corporate\recordingserver\recorderservice\tst\videoos.recorder.unittests\bin\x64\debug\net472\videoos.recorder.unittests.dll" id="1e407488-9201-420d-35b5-15b3a1904cc0">
      <Execution id="7ec2b827-1248-4ef7-ae19-a23496d8972e" />
      <TestMethod codeBase="D:\actions-runner\_work\XPCO\XPCO\Corporate\RecordingServer\RecorderService\tst\VideoOS.Recorder.UnitTests\bin\x64\Debug\net472\VideoOS.Recorder.UnitTests.dll" adapterTypeName="executor://mstestadapter/v2" className="VideoOS.Recorder.UnitTests.Command.PtzSessionsTests" name="PtzPatrollingSessionBase_ExternalStopAndMoveToEndPosition_DeviceNotStarted" />
    </UnitTest>
    <UnitTest name="DatabaseoperationCommandhandler_FilterTrackIdsToThoseWithoutMediaOnRecorder_Success" storage="d:\actions-runner\_work\xpco\xpco\corporate\recordingserver\recorderservice\tst\videoos.recorder.unittests\bin\x64\debug\net472\videoos.recorder.unittests.dll" id="ff65b58d-13f8-81a9-7714-0fc6c1e404e1">
      <Execution id="9cdfac13-5a26-43f9-8af5-b11514b027ae" />
      <TestMethod codeBase="D:\actions-runner\_work\XPCO\XPCO\Corporate\RecordingServer\RecorderService\tst\VideoOS.Recorder.UnitTests\bin\x64\Debug\net472\VideoOS.Recorder.UnitTests.dll" adapterTypeName="executor://mstestadapter/v2" className="VideoOS.Recorder.UnitTests.Command.DatabaseOperationCommandHandlerUnitTests" name="DatabaseoperationCommandhandler_FilterTrackIdsToThoseWithoutMediaOnRecorder_Success" />
    </UnitTest>
    <UnitTest name="DatabaseBankInfo_Sum_ArgumentExceptions" storage="d:\actions-runner\_work\xpco\xpco\corporate\recordingserver\recorderservice\tst\videoos.recorder.unittests\bin\x64\debug\net472\videoos.recorder.unittests.dll" id="8e6016e5-c20d-de8c-09cf-d31cd025b2ca">
      <Execution id="4d75aeea-38ed-466d-bfbe-5a8dac2ad305" />
      <TestMethod codeBase="D:\actions-runner\_work\XPCO\XPCO\Corporate\RecordingServer\RecorderService\tst\VideoOS.Recorder.UnitTests\bin\x64\Debug\net472\VideoOS.Recorder.UnitTests.dll" adapterTypeName="executor://mstestadapter/v2" className="VideoOS.Recorder.UnitTests.Database.DatabaseBankInfoTests" name="DatabaseBankInfo_Sum_ArgumentExceptions" />
    </UnitTest>
    <UnitTest name="SOAPCommandRequestHandler_ExecuteFunction_HandlePTZReserveSession_Success" storage="d:\actions-runner\_work\xpco\xpco\corporate\recordingserver\recorderservice\tst\videoos.recorder.unittests\bin\x64\debug\net472\videoos.recorder.unittests.dll" id="147225c2-52c5-173e-279e-3603e68e2410">
      <Execution id="2e7de61d-3ea0-441f-8d56-1122792ff309" />
      <TestMethod codeBase="D:\actions-runner\_work\XPCO\XPCO\Corporate\RecordingServer\RecorderService\tst\VideoOS.Recorder.UnitTests\bin\x64\Debug\net472\VideoOS.Recorder.UnitTests.dll" adapterTypeName="executor://mstestadapter/v2" className="VideoOS.Recorder.UnitTests.WebServer.SOAPCommandRequestHandlerTests" name="SOAPCommandRequestHandler_ExecuteFunction_HandlePTZReserveSession_Success" />
    </UnitTest>
    <UnitTest name="CheckHardwareDefinitionCommandHandler_Constructor_DeviceProviderNull_ArgumentNullException" storage="d:\actions-runner\_work\xpco\xpco\corporate\recordingserver\recorderservice\tst\videoos.recorder.unittests\bin\x64\debug\net472\videoos.recorder.unittests.dll" id="cd0565df-9cf9-96e1-f8c8-5094c3637335">
      <Execution id="4363445f-b984-4b0a-bf28-8e6eca6f570b" />
      <TestMethod codeBase="D:\actions-runner\_work\XPCO\XPCO\Corporate\RecordingServer\RecorderService\tst\VideoOS.Recorder.UnitTests\bin\x64\Debug\net472\VideoOS.Recorder.UnitTests.dll" adapterTypeName="executor://mstestadapter/v2" className="VideoOS.Recorder.UnitTests.Command.CheckHardwareDefinitionCommandHandlerTests" name="CheckHardwareDefinitionCommandHandler_Constructor_DeviceProviderNull_ArgumentNullException" />
    </UnitTest>
    <UnitTest name="FirmwareUpgradeCommandHandler_Execute_FirmwareUpgrade_ThrowsFirmwareUpgradeSessionNotFound_Errors" storage="d:\actions-runner\_work\xpco\xpco\corporate\recordingserver\recorderservice\tst\videoos.recorder.unittests\bin\x64\debug\net472\videoos.recorder.unittests.dll" id="ab6149ce-419d-6770-605d-0aacf6146f80">
      <Execution id="b7b9c019-a9cb-4471-b112-7a24c9651854" />
      <TestMethod codeBase="D:\actions-runner\_work\XPCO\XPCO\Corporate\RecordingServer\RecorderService\tst\VideoOS.Recorder.UnitTests\bin\x64\Debug\net472\VideoOS.Recorder.UnitTests.dll" adapterTypeName="executor://mstestadapter/v2" className="VideoOS.Recorder.UnitTests.Command.FirmwareUpgradeCommandHandlerUnitTests" name="FirmwareUpgradeCommandHandler_Execute_FirmwareUpgrade_ThrowsFirmwareUpgradeSessionNotFound_Errors" />
    </UnitTest>
    <UnitTest name="SOAPCommandRequestHandler_ExecuteFunction_HandleJPEGGetAtOrAfter_Success" storage="d:\actions-runner\_work\xpco\xpco\corporate\recordingserver\recorderservice\tst\videoos.recorder.unittests\bin\x64\debug\net472\videoos.recorder.unittests.dll" id="6a24a456-2305-60dd-4ae6-7ffea3a9462d">
      <Execution id="a838caaa-24fb-404a-9807-2550f337df89" />
      <TestMethod codeBase="D:\actions-runner\_work\XPCO\XPCO\Corporate\RecordingServer\RecorderService\tst\VideoOS.Recorder.UnitTests\bin\x64\Debug\net472\VideoOS.Recorder.UnitTests.dll" adapterTypeName="executor://mstestadapter/v2" className="VideoOS.Recorder.UnitTests.WebServer.SOAPCommandRequestHandlerTests" name="SOAPCommandRequestHandler_ExecuteFunction_HandleJPEGGetAtOrAfter_Success" />
    </UnitTest>
    <UnitTest name="GetRecorderTasks_InternalStateStartedNoTasks_ReturnsEmptyArray" storage="d:\actions-runner\_work\xpco\xpco\corporate\recordingserver\recorderservice\tst\videoos.recorder.unittests\bin\x64\debug\net472\videoos.recorder.unittests.dll" id="474ab277-6c31-1153-3cae-5919c48855fc">
      <Execution id="c7897387-2895-4cd1-a7bc-ef8b8cb8f314" />
      <TestMethod codeBase="D:\actions-runner\_work\XPCO\XPCO\Corporate\RecordingServer\RecorderService\tst\VideoOS.Recorder.UnitTests\bin\x64\Debug\net472\VideoOS.Recorder.UnitTests.dll" adapterTypeName="executor://mstestadapter/v2" className="VideoOS.Recorder.UnitTests.CommManagerWebApiTests" name="GetRecorderTasks_InternalStateStartedNoTasks_ReturnsEmptyArray" />
    </UnitTest>
    <UnitTest name="SOAPCommandRequestHandler_ExecuteFunction_HandlePTZGetSessionInfo_NoDeviceId" storage="d:\actions-runner\_work\xpco\xpco\corporate\recordingserver\recorderservice\tst\videoos.recorder.unittests\bin\x64\debug\net472\videoos.recorder.unittests.dll" id="287aa87e-246b-cdae-b0da-8a12e15196b8">
      <Execution id="6b055747-fdb4-44a3-8f4c-31974492b028" />
      <TestMethod codeBase="D:\actions-runner\_work\XPCO\XPCO\Corporate\RecordingServer\RecorderService\tst\VideoOS.Recorder.UnitTests\bin\x64\Debug\net472\VideoOS.Recorder.UnitTests.dll" adapterTypeName="executor://mstestadapter/v2" className="VideoOS.Recorder.UnitTests.WebServer.SOAPCommandRequestHandlerTests" name="SOAPCommandRequestHandler_ExecuteFunction_HandlePTZGetSessionInfo_NoDeviceId" />
    </UnitTest>
    <UnitTest name="AddHardwareUserCommandHandler_Execute_AddUser_ThrowsUserHandlingUserNameTooLong_Errors" storage="d:\actions-runner\_work\xpco\xpco\corporate\recordingserver\recorderservice\tst\videoos.recorder.unittests\bin\x64\debug\net472\videoos.recorder.unittests.dll" id="06f1153d-4313-902a-26b0-c66230e076df">
      <Execution id="c94df71b-4fc4-42a3-8f81-42f03f4b2381" />
      <TestMethod codeBase="D:\actions-runner\_work\XPCO\XPCO\Corporate\RecordingServer\RecorderService\tst\VideoOS.Recorder.UnitTests\bin\x64\Debug\net472\VideoOS.Recorder.UnitTests.dll" adapterTypeName="executor://mstestadapter/v2" className="VideoOS.Recorder.UnitTests.Command.AddHardwareUserCommandHandlerRecorderUnitTests" name="AddHardwareUserCommandHandler_Execute_AddUser_ThrowsUserHandlingUserNameTooLong_Errors" />
    </UnitTest>
    <UnitTest name="ConnectSuccess_NewerPrivacyMaskFormat" storage="d:\actions-runner\_work\xpco\xpco\corporate\recordingserver\recorderservice\tst\videoos.recorder.unittests\bin\x64\debug\net472\videoos.recorder.unittests.dll" id="3596cb57-c28e-3188-c489-7182abdaa943">
      <Execution id="c8e06b02-f9b4-475d-969c-1b5c56f71240" />
      <TestMethod codeBase="D:\actions-runner\_work\XPCO\XPCO\Corporate\RecordingServer\RecorderService\tst\VideoOS.Recorder.UnitTests\bin\x64\Debug\net472\VideoOS.Recorder.UnitTests.dll" adapterTypeName="executor://mstestadapter/v2" className="VideoOS.Recorder.UnitTests.WebServer.ImageServerRequestHandlerTests" name="ConnectSuccess_NewerPrivacyMaskFormat" />
    </UnitTest>
    <UnitTest name="SOAPCommandRequestHandler_ExecuteFunction_HandleSmartSearchStart_SearchMaskNotSquared" storage="d:\actions-runner\_work\xpco\xpco\corporate\recordingserver\recorderservice\tst\videoos.recorder.unittests\bin\x64\debug\net472\videoos.recorder.unittests.dll" id="f9554bb2-d464-b5d5-c8ba-1d8fdb1d5484">
      <Execution id="ec3faf36-4f34-41b7-bc38-77579ee8d529" />
      <TestMethod codeBase="D:\actions-runner\_work\XPCO\XPCO\Corporate\RecordingServer\RecorderService\tst\VideoOS.Recorder.UnitTests\bin\x64\Debug\net472\VideoOS.Recorder.UnitTests.dll" adapterTypeName="executor://mstestadapter/v2" className="VideoOS.Recorder.UnitTests.WebServer.SOAPCommandRequestHandlerTests" name="SOAPCommandRequestHandler_ExecuteFunction_HandleSmartSearchStart_SearchMaskNotSquared" />
    </UnitTest>
    <UnitTest name="PtzPatrollingSessionBase_ExternalPause_Success" storage="d:\actions-runner\_work\xpco\xpco\corporate\recordingserver\recorderservice\tst\videoos.recorder.unittests\bin\x64\debug\net472\videoos.recorder.unittests.dll" id="f782db4c-e79b-1174-f78b-56472f825a51">
      <Execution id="5865a106-cef1-4f36-b644-44e03f84dbfc" />
      <TestMethod codeBase="D:\actions-runner\_work\XPCO\XPCO\Corporate\RecordingServer\RecorderService\tst\VideoOS.Recorder.UnitTests\bin\x64\Debug\net472\VideoOS.Recorder.UnitTests.dll" adapterTypeName="executor://mstestadapter/v2" className="VideoOS.Recorder.UnitTests.Command.PtzSessionsTests" name="PtzPatrollingSessionBase_ExternalPause_Success" />
    </UnitTest>
    <UnitTest name="SOAPCommandRequestHandler_ExecuteFunction_HandleSmartSearchStart_NoIgnoreInitialMotion" storage="d:\actions-runner\_work\xpco\xpco\corporate\recordingserver\recorderservice\tst\videoos.recorder.unittests\bin\x64\debug\net472\videoos.recorder.unittests.dll" id="6c6a5b51-c931-7315-893f-b5965b12afd9">
      <Execution id="cfa75288-16ab-439c-a9c6-54662d486b9a" />
      <TestMethod codeBase="D:\actions-runner\_work\XPCO\XPCO\Corporate\RecordingServer\RecorderService\tst\VideoOS.Recorder.UnitTests\bin\x64\Debug\net472\VideoOS.Recorder.UnitTests.dll" adapterTypeName="executor://mstestadapter/v2" className="VideoOS.Recorder.UnitTests.WebServer.SOAPCommandRequestHandlerTests" name="SOAPCommandRequestHandler_ExecuteFunction_HandleSmartSearchStart_NoIgnoreInitialMotion" />
    </UnitTest>
    <UnitTest name="OnTimer_TimerCallback_PingActionCalled" storage="d:\actions-runner\_work\xpco\xpco\corporate\recordingserver\recorderservice\tst\videoos.recorder.unittests\bin\x64\debug\net472\videoos.recorder.unittests.dll" id="288762e4-5c4d-5910-ed4b-3054184b8d0a">
      <Execution id="2e67d330-ff60-4d90-afc2-34084474c989" />
      <TestMethod codeBase="D:\actions-runner\_work\XPCO\XPCO\Corporate\RecordingServer\RecorderService\tst\VideoOS.Recorder.UnitTests\bin\x64\Debug\net472\VideoOS.Recorder.UnitTests.dll" adapterTypeName="executor://mstestadapter/v2" className="VideoOS.Recorder.UnitTests.PingManagerTests" name="OnTimer_TimerCallback_PingActionCalled" />
    </UnitTest>
    <UnitTest name="TimeRangeTestAllInOne" storage="d:\actions-runner\_work\xpco\xpco\corporate\recordingserver\recorderservice\tst\videoos.recorder.unittests\bin\x64\debug\net472\videoos.recorder.unittests.dll" id="9b801494-2dab-ded5-4f6a-e5e56b62cd34">
      <TestCategory>
        <TestCategoryItem TestCategory="TimeRangeConversion" />
      </TestCategory>
      <Execution id="a231b7ea-1534-4236-8302-9258cd9e2326" />
      <TestMethod codeBase="D:\actions-runner\_work\XPCO\XPCO\Corporate\RecordingServer\RecorderService\tst\VideoOS.Recorder.UnitTests\bin\x64\Debug\net472\VideoOS.Recorder.UnitTests.dll" adapterTypeName="executor://mstestadapter/v2" className="VideoOS.Recorder.UnitTests.TimeRangeConversionTests.TimeRangeConversionTests" name="TimeRangeTestAllInOne" />
    </UnitTest>
    <UnitTest name="CollectMediaStatusCommandHandler_Recorder_IsStopping2" storage="d:\actions-runner\_work\xpco\xpco\corporate\recordingserver\recorderservice\tst\videoos.recorder.unittests\bin\x64\debug\net472\videoos.recorder.unittests.dll" id="2c35873b-704c-0451-50eb-601e0fe103d9">
      <Execution id="2d0c698d-dbe3-41a0-92fb-c9153049e8c0" />
      <TestMethod codeBase="D:\actions-runner\_work\XPCO\XPCO\Corporate\RecordingServer\RecorderService\tst\VideoOS.Recorder.UnitTests\bin\x64\Debug\net472\VideoOS.Recorder.UnitTests.dll" adapterTypeName="executor://mstestadapter/v2" className="VideoOS.Recorder.UnitTests.Command.CollectMediaStatusCommandHandlerTests" name="CollectMediaStatusCommandHandler_Recorder_IsStopping2" />
    </UnitTest>
    <UnitTest name="PingStart_TimeSpanZero_ArgumentOutOfRangeException" storage="d:\actions-runner\_work\xpco\xpco\corporate\recordingserver\recorderservice\tst\videoos.recorder.unittests\bin\x64\debug\net472\videoos.recorder.unittests.dll" id="73a1826e-5ec3-5747-b3b5-b6cf510ee279">
      <Execution id="4cae168f-5c87-4ae9-a3ea-4964f13e6f9e" />
      <TestMethod codeBase="D:\actions-runner\_work\XPCO\XPCO\Corporate\RecordingServer\RecorderService\tst\VideoOS.Recorder.UnitTests\bin\x64\Debug\net472\VideoOS.Recorder.UnitTests.dll" adapterTypeName="executor://mstestadapter/v2" className="VideoOS.Recorder.UnitTests.PingManagerTests" name="PingStart_TimeSpanZero_ArgumentOutOfRangeException" />
    </UnitTest>
    <UnitTest name="RecordingStorageDeviceLinkEntries_QueryByRecordingStorageId_Success" storage="d:\actions-runner\_work\xpco\xpco\corporate\recordingserver\recorderservice\tst\videoos.recorder.unittests\bin\x64\debug\net472\videoos.recorder.unittests.dll" id="bf0f8068-e690-c5d9-efec-8bb2e4acd092">
      <Execution id="20c026f2-0dbb-46ae-9d57-785298f010b1" />
      <TestMethod codeBase="D:\actions-runner\_work\XPCO\XPCO\Corporate\RecordingServer\RecorderService\tst\VideoOS.Recorder.UnitTests\bin\x64\Debug\net472\VideoOS.Recorder.UnitTests.dll" adapterTypeName="executor://mstestadapter/v2" className="VideoOS.Recorder.UnitTests.RecordingStorageDeviceLinkEntriesTests" name="RecordingStorageDeviceLinkEntries_QueryByRecordingStorageId_Success" />
    </UnitTest>
    <UnitTest name="PtzManager_ExecutePtzRequest_Success" storage="d:\actions-runner\_work\xpco\xpco\corporate\recordingserver\recorderservice\tst\videoos.recorder.unittests\bin\x64\debug\net472\videoos.recorder.unittests.dll" id="39e8a3bf-f5ea-1942-fcd6-4f40fff621b0">
      <Execution id="2aa58954-65d9-40a4-aa11-c9a2e40dfe1e" />
      <TestMethod codeBase="D:\actions-runner\_work\XPCO\XPCO\Corporate\RecordingServer\RecorderService\tst\VideoOS.Recorder.UnitTests\bin\x64\Debug\net472\VideoOS.Recorder.UnitTests.dll" adapterTypeName="executor://mstestadapter/v2" className="VideoOS.Recorder.UnitTests.Command.PtzManagerTests" name="PtzManager_ExecutePtzRequest_Success" />
    </UnitTest>
    <UnitTest name="PtzReleaseSessionCommandHandler_Execute_PtzException_PtzRequestPriorityTooLow" storage="d:\actions-runner\_work\xpco\xpco\corporate\recordingserver\recorderservice\tst\videoos.recorder.unittests\bin\x64\debug\net472\videoos.recorder.unittests.dll" id="817a49b7-8c86-6256-a5bf-b08a90c08794">
      <Execution id="8404e606-856f-4479-a6e8-4d75bacde56e" />
      <TestMethod codeBase="D:\actions-runner\_work\XPCO\XPCO\Corporate\RecordingServer\RecorderService\tst\VideoOS.Recorder.UnitTests\bin\x64\Debug\net472\VideoOS.Recorder.UnitTests.dll" adapterTypeName="executor://mstestadapter/v2" className="VideoOS.Recorder.UnitTests.Command.PtzReleaseSessionCommandHandlerTest" name="PtzReleaseSessionCommandHandler_Execute_PtzException_PtzRequestPriorityTooLow" />
    </UnitTest>
    <UnitTest name="IsInRange_ShouldReturnFalse_WhenAddressLessThanStart" storage="d:\actions-runner\_work\xpco\xpco\corporate\recordingserver\recorderservice\tst\videoos.recorder.unittests\bin\x64\debug\net472\videoos.recorder.unittests.dll" id="92d55bf1-3cde-20d6-09db-88d6935f1eec">
      <Execution id="f2f23c0a-7f3c-45d5-bc38-1191efede4f3" />
      <TestMethod codeBase="D:\actions-runner\_work\XPCO\XPCO\Corporate\RecordingServer\RecorderService\tst\VideoOS.Recorder.UnitTests\bin\x64\Debug\net472\VideoOS.Recorder.UnitTests.dll" adapterTypeName="executor://mstestadapter/v2" className="VideoOS.Recorder.UnitTests.DeviceDiscovery.MipDriversDiscoveryTaskTests" name="IsInRange_ShouldReturnFalse_WhenAddressLessThanStart" />
    </UnitTest>
    <UnitTest name="DriverProxyInstanceManager_RemoveHardware_FromNonregisteredProxy_WarningLogged" storage="d:\actions-runner\_work\xpco\xpco\corporate\recordingserver\recorderservice\tst\videoos.recorder.unittests\bin\x64\debug\net472\videoos.recorder.unittests.dll" id="dd42b662-6b53-5de3-e720-4776d7c28112">
      <Execution id="08dc2f1a-5ea8-45c4-8239-b69b5f2b6e0d" />
      <TestMethod codeBase="D:\actions-runner\_work\XPCO\XPCO\Corporate\RecordingServer\RecorderService\tst\VideoOS.Recorder.UnitTests\bin\x64\Debug\net472\VideoOS.Recorder.UnitTests.dll" adapterTypeName="executor://mstestadapter/v2" className="VideoOS.Recorder.UnitTests.DriverProxyInstanceManagerTests" name="DriverProxyInstanceManager_RemoveHardware_FromNonregisteredProxy_WarningLogged" />
    </UnitTest>
    <UnitTest name="LicenseManager_IsFeatureLicensed_AxisOneClock_Fail" storage="d:\actions-runner\_work\xpco\xpco\corporate\recordingserver\recorderservice\tst\videoos.recorder.unittests\bin\x64\debug\net472\videoos.recorder.unittests.dll" id="9e5396d8-26d1-a6bb-5232-0450d9f14ab1">
      <TestCategory>
        <TestCategoryItem TestCategory="Licensing" />
      </TestCategory>
      <Execution id="de1a5b12-4e65-47ac-b4a4-17666be431dd" />
      <TestMethod codeBase="D:\actions-runner\_work\XPCO\XPCO\Corporate\RecordingServer\RecorderService\tst\VideoOS.Recorder.UnitTests\bin\x64\Debug\net472\VideoOS.Recorder.UnitTests.dll" adapterTypeName="executor://mstestadapter/v2" className="VideoOS.Recorder.UnitTests.Licensing.LicenseManagerUnitTests" name="LicenseManager_IsFeatureLicensed_AxisOneClock_Fail" />
    </UnitTest>
    <UnitTest name="GetSettingAsBool_NonBooleanValue_Throws_InvalidMulticastSettingsException" storage="d:\actions-runner\_work\xpco\xpco\corporate\recordingserver\recorderservice\tst\videoos.recorder.unittests\bin\x64\debug\net472\videoos.recorder.unittests.dll" id="17e46016-0156-52e9-7a21-12f204ff71a8">
      <Execution id="c7f3721e-082f-477e-b515-694e0af51593" />
      <TestMethod codeBase="D:\actions-runner\_work\XPCO\XPCO\Corporate\RecordingServer\RecorderService\tst\VideoOS.Recorder.UnitTests\bin\x64\Debug\net472\VideoOS.Recorder.UnitTests.dll" adapterTypeName="executor://mstestadapter/v2" className="VideoOS.Recorder.UnitTests.Multicast.MulticastSettingsExtensionsUnitTests" name="GetSettingAsBool_NonBooleanValue_Throws_InvalidMulticastSettingsException" />
    </UnitTest>
    <UnitTest name="AudioMessageManager_PlayAudioMessage_ArgumentNullException" storage="d:\actions-runner\_work\xpco\xpco\corporate\recordingserver\recorderservice\tst\videoos.recorder.unittests\bin\x64\debug\net472\videoos.recorder.unittests.dll" id="e30df008-a37e-40fd-4f90-7feecab7bc63">
      <Execution id="4438d6f5-15e1-49bf-8734-193937606598" />
      <TestMethod codeBase="D:\actions-runner\_work\XPCO\XPCO\Corporate\RecordingServer\RecorderService\tst\VideoOS.Recorder.UnitTests\bin\x64\Debug\net472\VideoOS.Recorder.UnitTests.dll" adapterTypeName="executor://mstestadapter/v2" className="VideoOS.Recorder.UnitTests.AudioMessageHandling.AudioMessageManagerTests" name="AudioMessageManager_PlayAudioMessage_ArgumentNullException" />
    </UnitTest>
    <UnitTest name="SOAPCommandRequestHandler_ExecuteFunction_HandlePTZRectangle_NoDeviceId" storage="d:\actions-runner\_work\xpco\xpco\corporate\recordingserver\recorderservice\tst\videoos.recorder.unittests\bin\x64\debug\net472\videoos.recorder.unittests.dll" id="509e665c-cf4b-2c7c-238c-43016d6b516e">
      <Execution id="ef87d72f-9fa6-4fd9-bffd-8b80c743541c" />
      <TestMethod codeBase="D:\actions-runner\_work\XPCO\XPCO\Corporate\RecordingServer\RecorderService\tst\VideoOS.Recorder.UnitTests\bin\x64\Debug\net472\VideoOS.Recorder.UnitTests.dll" adapterTypeName="executor://mstestadapter/v2" className="VideoOS.Recorder.UnitTests.WebServer.SOAPCommandRequestHandlerTests" name="SOAPCommandRequestHandler_ExecuteFunction_HandlePTZRectangle_NoDeviceId" />
    </UnitTest>
    <UnitTest name="ResponseController_ValidWarningResponse_ValidWarningResponseCalledOnCommManager" storage="d:\actions-runner\_work\xpco\xpco\corporate\recordingserver\recorderservice\tst\videoos.recorder.unittests\bin\x64\debug\net472\videoos.recorder.unittests.dll" id="af5bece0-7abf-0392-4004-17392a11a619">
      <Execution id="66a6a82e-5be1-41c6-9a13-9dc6cae22d06" />
      <TestMethod codeBase="D:\actions-runner\_work\XPCO\XPCO\Corporate\RecordingServer\RecorderService\tst\VideoOS.Recorder.UnitTests\bin\x64\Debug\net472\VideoOS.Recorder.UnitTests.dll" adapterTypeName="executor://mstestadapter/v2" className="VideoOS.Recorder.UnitTests.ResponseControllerTests" name="ResponseController_ValidWarningResponse_ValidWarningResponseCalledOnCommManager" />
    </UnitTest>
    <UnitTest name="TriggerCustomEventBulkCommand_IsNull_BadRequestResult" storage="d:\actions-runner\_work\xpco\xpco\corporate\recordingserver\recorderservice\tst\videoos.recorder.unittests\bin\x64\debug\net472\videoos.recorder.unittests.dll" id="4b2b5ea4-f0d4-e93c-7b72-d16a0f939b24">
      <Execution id="4702b68a-6272-49a5-8f87-753461ccd340" />
      <TestMethod codeBase="D:\actions-runner\_work\XPCO\XPCO\Corporate\RecordingServer\RecorderService\tst\VideoOS.Recorder.UnitTests\bin\x64\Debug\net472\VideoOS.Recorder.UnitTests.dll" adapterTypeName="executor://mstestadapter/v2" className="VideoOS.Recorder.UnitTests.EventsControllerTests" name="TriggerCustomEventBulkCommand_IsNull_BadRequestResult" />
    </UnitTest>
    <UnitTest name="PtzManager_ForceReleaseLockedSessionFromExtension_Controller_Not_Found" storage="d:\actions-runner\_work\xpco\xpco\corporate\recordingserver\recorderservice\tst\videoos.recorder.unittests\bin\x64\debug\net472\videoos.recorder.unittests.dll" id="72147b58-f3eb-9e80-e62d-f3b068b322be">
      <Execution id="b8bff0b4-6be9-42ec-a4e0-c0b7e55e4df4" />
      <TestMethod codeBase="D:\actions-runner\_work\XPCO\XPCO\Corporate\RecordingServer\RecorderService\tst\VideoOS.Recorder.UnitTests\bin\x64\Debug\net472\VideoOS.Recorder.UnitTests.dll" adapterTypeName="executor://mstestadapter/v2" className="VideoOS.Recorder.UnitTests.Command.PtzManagerTests" name="PtzManager_ForceReleaseLockedSessionFromExtension_Controller_Not_Found" />
    </UnitTest>
    <UnitTest name="GetNetworkConfigurationCommandHandler_Execute_GetNetworkConfiguration_ThrowsNetworkSettingsManagementUnsupported_Errors" storage="d:\actions-runner\_work\xpco\xpco\corporate\recordingserver\recorderservice\tst\videoos.recorder.unittests\bin\x64\debug\net472\videoos.recorder.unittests.dll" id="5ac6fcfc-6af8-3974-71bf-61bafe388d40">
      <Execution id="02000c07-c703-4483-991a-3c66417f719c" />
      <TestMethod codeBase="D:\actions-runner\_work\XPCO\XPCO\Corporate\RecordingServer\RecorderService\tst\VideoOS.Recorder.UnitTests\bin\x64\Debug\net472\VideoOS.Recorder.UnitTests.dll" adapterTypeName="executor://mstestadapter/v2" className="VideoOS.Recorder.UnitTests.Command.GetNetworkConfigurationCommandHandlerUnitTests" name="GetNetworkConfigurationCommandHandler_Execute_GetNetworkConfiguration_ThrowsNetworkSettingsManagementUnsupported_Errors" />
    </UnitTest>
    <UnitTest name="ManualPtzPatrollingSession_Constructor_IPatrollingController_Success" storage="d:\actions-runner\_work\xpco\xpco\corporate\recordingserver\recorderservice\tst\videoos.recorder.unittests\bin\x64\debug\net472\videoos.recorder.unittests.dll" id="5caa74f8-6033-dbf5-6c66-1ba6f3dd9d2c">
      <Execution id="a28d41d5-6a3a-4200-b6ad-043b1a97b95f" />
      <TestMethod codeBase="D:\actions-runner\_work\XPCO\XPCO\Corporate\RecordingServer\RecorderService\tst\VideoOS.Recorder.UnitTests\bin\x64\Debug\net472\VideoOS.Recorder.UnitTests.dll" adapterTypeName="executor://mstestadapter/v2" className="VideoOS.Recorder.UnitTests.Command.PtzSessionsTests" name="ManualPtzPatrollingSession_Constructor_IPatrollingController_Success" />
    </UnitTest>
    <UnitTest name="FirmwareUpgradeCommandHandler_Execute_WarningNotChanged" storage="d:\actions-runner\_work\xpco\xpco\corporate\recordingserver\recorderservice\tst\videoos.recorder.unittests\bin\x64\debug\net472\videoos.recorder.unittests.dll" id="b9031ac0-784a-5c25-8247-fb78392eb86f">
      <Execution id="84eeed93-48e4-45a6-b3c5-24838826ee13" />
      <TestMethod codeBase="D:\actions-runner\_work\XPCO\XPCO\Corporate\RecordingServer\RecorderService\tst\VideoOS.Recorder.UnitTests\bin\x64\Debug\net472\VideoOS.Recorder.UnitTests.dll" adapterTypeName="executor://mstestadapter/v2" className="VideoOS.Recorder.UnitTests.Command.FirmwareUpgradeCommandHandlerUnitTests" name="FirmwareUpgradeCommandHandler_Execute_WarningNotChanged" />
    </UnitTest>
    <UnitTest name="Test_WriteEnabledResolved_Not_In_Failover" storage="d:\actions-runner\_work\xpco\xpco\corporate\recordingserver\recorderservice\tst\videoos.recorder.unittests\bin\x64\debug\net472\videoos.recorder.unittests.dll" id="70547f77-458a-63de-9062-b70bfff6226b">
      <Execution id="00cc874d-f30d-49f3-b862-461fd6386160" />
      <TestMethod codeBase="D:\actions-runner\_work\XPCO\XPCO\Corporate\RecordingServer\RecorderService\tst\VideoOS.Recorder.UnitTests\bin\x64\Debug\net472\VideoOS.Recorder.UnitTests.dll" adapterTypeName="executor://mstestadapter/v2" className="VideoOS.Recorder.UnitTests.Consumers.TableInfoTests" name="Test_WriteEnabledResolved_Not_In_Failover" />
    </UnitTest>
    <UnitTest name="GetDatabaseInfo_ArchiveStorageFound_ArchiveHintFalse" storage="d:\actions-runner\_work\xpco\xpco\corporate\recordingserver\recorderservice\tst\videoos.recorder.unittests\bin\x64\debug\net472\videoos.recorder.unittests.dll" id="30fc45cc-0da1-c007-7266-d00e65848522">
      <Execution id="efb3aa55-43cd-4643-8b29-d8c800f43871" />
      <TestMethod codeBase="D:\actions-runner\_work\XPCO\XPCO\Corporate\RecordingServer\RecorderService\tst\VideoOS.Recorder.UnitTests\bin\x64\Debug\net472\VideoOS.Recorder.UnitTests.dll" adapterTypeName="executor://mstestadapter/v2" className="VideoOS.Recorder.UnitTests.MediaDbEventProcessorTests" name="GetDatabaseInfo_ArchiveStorageFound_ArchiveHintFalse" />
    </UnitTest>
    <UnitTest name="SmartSearchHandlerForwardTestDataWithMotionOnly" storage="d:\actions-runner\_work\xpco\xpco\corporate\recordingserver\recorderservice\tst\videoos.recorder.unittests\bin\x64\debug\net472\videoos.recorder.unittests.dll" id="e14319d9-d917-ec15-9844-7917e387086a">
      <TestCategory>
        <TestCategoryItem TestCategory="SmartSearch" />
      </TestCategory>
      <Execution id="3ffdf151-c1b4-4037-b0fa-eb1001084176" />
      <TestMethod codeBase="D:\actions-runner\_work\XPCO\XPCO\Corporate\RecordingServer\RecorderService\tst\VideoOS.Recorder.UnitTests\bin\x64\Debug\net472\VideoOS.Recorder.UnitTests.dll" adapterTypeName="executor://mstestadapter/v2" className="VideoOS.Recorder.UnitTests.SmartSearch.SmartSearchHandlerTest" name="SmartSearchHandlerForwardTestDataWithMotionOnly" />
    </UnitTest>
    <UnitTest name="AddHardwareUserCommandHandler_Execute_AddUser_ThrowsUserHandlingUnknownError_Errors" storage="d:\actions-runner\_work\xpco\xpco\corporate\recordingserver\recorderservice\tst\videoos.recorder.unittests\bin\x64\debug\net472\videoos.recorder.unittests.dll" id="d6b4a7c3-36a7-e061-0c18-16ee1399dcc9">
      <Execution id="9a81523a-fef3-48a5-b7ea-a5c6fefc02b7" />
      <TestMethod codeBase="D:\actions-runner\_work\XPCO\XPCO\Corporate\RecordingServer\RecorderService\tst\VideoOS.Recorder.UnitTests\bin\x64\Debug\net472\VideoOS.Recorder.UnitTests.dll" adapterTypeName="executor://mstestadapter/v2" className="VideoOS.Recorder.UnitTests.Command.AddHardwareUserCommandHandlerRecorderUnitTests" name="AddHardwareUserCommandHandler_Execute_AddUser_ThrowsUserHandlingUnknownError_Errors" />
    </UnitTest>
    <UnitTest name="DiffGramToApplyToOrigionalDataSetToMakeItIdenticalWithNewDataSet_RecorderInfo_Modified_Success" storage="d:\actions-runner\_work\xpco\xpco\corporate\recordingserver\recorderservice\tst\videoos.recorder.unittests\bin\x64\debug\net472\videoos.recorder.unittests.dll" id="8b1f404f-6707-cd4e-37fd-e5f00af23e47">
      <Execution id="38b10451-456a-4ba8-815c-81ec6eb903c4" />
      <TestMethod codeBase="D:\actions-runner\_work\XPCO\XPCO\Corporate\RecordingServer\RecorderService\tst\VideoOS.Recorder.UnitTests\bin\x64\Debug\net472\VideoOS.Recorder.UnitTests.dll" adapterTypeName="executor://mstestadapter/v2" className="VideoOS.Recorder.UnitTests.DataSetUtilityUnitTests" name="DiffGramToApplyToOrigionalDataSetToMakeItIdenticalWithNewDataSet_RecorderInfo_Modified_Success" />
    </UnitTest>
    <UnitTest name="FirmwareUpgradeCommandHandler_Execute_FirmwareUpgradeStatus_ThrowsUnsupported_Errors" storage="d:\actions-runner\_work\xpco\xpco\corporate\recordingserver\recorderservice\tst\videoos.recorder.unittests\bin\x64\debug\net472\videoos.recorder.unittests.dll" id="696b05c3-3a26-73f0-0bf8-aa5802818586">
      <Execution id="70fd25d6-409f-4bde-bea3-0e49eb729162" />
      <TestMethod codeBase="D:\actions-runner\_work\XPCO\XPCO\Corporate\RecordingServer\RecorderService\tst\VideoOS.Recorder.UnitTests\bin\x64\Debug\net472\VideoOS.Recorder.UnitTests.dll" adapterTypeName="executor://mstestadapter/v2" className="VideoOS.Recorder.UnitTests.Command.FirmwareUpgradeCommandHandlerUnitTests" name="FirmwareUpgradeCommandHandler_Execute_FirmwareUpgradeStatus_ThrowsUnsupported_Errors" />
    </UnitTest>
    <UnitTest name="GetRecorderTasksWithPendingStop_InternalStateStartedWithIncompatibleServer_ReturnsEmptyArray" storage="d:\actions-runner\_work\xpco\xpco\corporate\recordingserver\recorderservice\tst\videoos.recorder.unittests\bin\x64\debug\net472\videoos.recorder.unittests.dll" id="224d503b-b9e4-dbf2-1ef6-b28e2657c9e9">
      <Execution id="cadf0e31-2600-4177-87be-3b16e4351b71" />
      <TestMethod codeBase="D:\actions-runner\_work\XPCO\XPCO\Corporate\RecordingServer\RecorderService\tst\VideoOS.Recorder.UnitTests\bin\x64\Debug\net472\VideoOS.Recorder.UnitTests.dll" adapterTypeName="executor://mstestadapter/v2" className="VideoOS.Recorder.UnitTests.CommManagerWebApiTests" name="GetRecorderTasksWithPendingStop_InternalStateStartedWithIncompatibleServer_ReturnsEmptyArray" />
    </UnitTest>
    <UnitTest name="CheckExternalRecorderRegistrationCommandHandler_Execute_HardwareNotFound_FailResponse" storage="d:\actions-runner\_work\xpco\xpco\corporate\recordingserver\recorderservice\tst\videoos.recorder.unittests\bin\x64\debug\net472\videoos.recorder.unittests.dll" id="bfb0ef35-4354-9b55-fc8d-a9ae1e504422">
      <Execution id="94390f55-33fd-4862-8db0-e8f69a4777dd" />
      <TestMethod codeBase="D:\actions-runner\_work\XPCO\XPCO\Corporate\RecordingServer\RecorderService\tst\VideoOS.Recorder.UnitTests\bin\x64\Debug\net472\VideoOS.Recorder.UnitTests.dll" adapterTypeName="executor://mstestadapter/v2" className="VideoOS.Recorder.UnitTests.Command.CheckExternalRecorderRegistrationCommandHandlerUnitTests" name="CheckExternalRecorderRegistrationCommandHandler_Execute_HardwareNotFound_FailResponse" />
    </UnitTest>
    <UnitTest name="ConnectionShutdown_TokenUnavailable" storage="d:\actions-runner\_work\xpco\xpco\corporate\recordingserver\recorderservice\tst\videoos.recorder.unittests\bin\x64\debug\net472\videoos.recorder.unittests.dll" id="43a21d96-9c44-c5fd-79f4-8367daf9cc9a">
      <Execution id="8566a743-1ab8-499a-a049-a8891846c3af" />
      <TestMethod codeBase="D:\actions-runner\_work\XPCO\XPCO\Corporate\RecordingServer\RecorderService\tst\VideoOS.Recorder.UnitTests\bin\x64\Debug\net472\VideoOS.Recorder.UnitTests.dll" adapterTypeName="executor://mstestadapter/v2" className="VideoOS.Recorder.UnitTests.WebServer.ImageServerRequestHandlerTests" name="ConnectionShutdown_TokenUnavailable" />
    </UnitTest>
    <UnitTest name="RepairInfo_ParseRepairInfoXml_ValidXml_NotRepairing" storage="d:\actions-runner\_work\xpco\xpco\corporate\recordingserver\recorderservice\tst\videoos.recorder.unittests\bin\x64\debug\net472\videoos.recorder.unittests.dll" id="77c4e593-b921-67b8-0a79-6e7081aa7cbc">
      <Execution id="ce67ddd0-a604-4259-942f-10ed9e1b0f7c" />
      <TestMethod codeBase="D:\actions-runner\_work\XPCO\XPCO\Corporate\RecordingServer\RecorderService\tst\VideoOS.Recorder.UnitTests\bin\x64\Debug\net472\VideoOS.Recorder.UnitTests.dll" adapterTypeName="executor://mstestadapter/v2" className="VideoOS.Recorder.UnitTests.Database.RepairInfoUnitTests" name="RepairInfo_ParseRepairInfoXml_ValidXml_NotRepairing" />
    </UnitTest>
    <UnitTest name="GetRecorderTasks_InternalStateStartedWithIncompatibleServer_ReturnsEmptyArray" storage="d:\actions-runner\_work\xpco\xpco\corporate\recordingserver\recorderservice\tst\videoos.recorder.unittests\bin\x64\debug\net472\videoos.recorder.unittests.dll" id="882daa66-33c5-8dc3-1eb4-65400498dc59">
      <Execution id="89f59d3c-88df-4763-8785-36792626bc08" />
      <TestMethod codeBase="D:\actions-runner\_work\XPCO\XPCO\Corporate\RecordingServer\RecorderService\tst\VideoOS.Recorder.UnitTests\bin\x64\Debug\net472\VideoOS.Recorder.UnitTests.dll" adapterTypeName="executor://mstestadapter/v2" className="VideoOS.Recorder.UnitTests.CommManagerWebApiTests" name="GetRecorderTasks_InternalStateStartedWithIncompatibleServer_ReturnsEmptyArray" />
    </UnitTest>
    <UnitTest name="SOAPCommandRequestHandler_ExecuteFunction_HandleJPEGGetLive_NoMaxHeight" storage="d:\actions-runner\_work\xpco\xpco\corporate\recordingserver\recorderservice\tst\videoos.recorder.unittests\bin\x64\debug\net472\videoos.recorder.unittests.dll" id="0ec4ae82-8a56-942f-cc7c-8f18c8a50514">
      <Execution id="27438e48-3661-4f0a-b37a-9b03c7cc8669" />
      <TestMethod codeBase="D:\actions-runner\_work\XPCO\XPCO\Corporate\RecordingServer\RecorderService\tst\VideoOS.Recorder.UnitTests\bin\x64\Debug\net472\VideoOS.Recorder.UnitTests.dll" adapterTypeName="executor://mstestadapter/v2" className="VideoOS.Recorder.UnitTests.WebServer.SOAPCommandRequestHandlerTests" name="SOAPCommandRequestHandler_ExecuteFunction_HandleJPEGGetLive_NoMaxHeight" />
    </UnitTest>
    <UnitTest name="SetNetworkConfigurationCommandHandler_Execute_HardwareReadOnly_Errors" storage="d:\actions-runner\_work\xpco\xpco\corporate\recordingserver\recorderservice\tst\videoos.recorder.unittests\bin\x64\debug\net472\videoos.recorder.unittests.dll" id="0cc146fb-7b5e-0f5b-f703-d063678bf0c1">
      <Execution id="14716827-172d-498f-a326-f3021714e397" />
      <TestMethod codeBase="D:\actions-runner\_work\XPCO\XPCO\Corporate\RecordingServer\RecorderService\tst\VideoOS.Recorder.UnitTests\bin\x64\Debug\net472\VideoOS.Recorder.UnitTests.dll" adapterTypeName="executor://mstestadapter/v2" className="VideoOS.Recorder.UnitTests.Command.SetNetworkConfigurationCommandHandlerUnitTests" name="SetNetworkConfigurationCommandHandler_Execute_HardwareReadOnly_Errors" />
    </UnitTest>
    <UnitTest name="SmartSearchHandlerHasMotionThrowsInvalidOperationException" storage="d:\actions-runner\_work\xpco\xpco\corporate\recordingserver\recorderservice\tst\videoos.recorder.unittests\bin\x64\debug\net472\videoos.recorder.unittests.dll" id="b2f6349f-dde3-f4f7-009a-2bbccc4f6607">
      <TestCategory>
        <TestCategoryItem TestCategory="SmartSearch" />
      </TestCategory>
      <Execution id="661ab178-6cf7-414a-bef2-5b98751b87e8" />
      <TestMethod codeBase="D:\actions-runner\_work\XPCO\XPCO\Corporate\RecordingServer\RecorderService\tst\VideoOS.Recorder.UnitTests\bin\x64\Debug\net472\VideoOS.Recorder.UnitTests.dll" adapterTypeName="executor://mstestadapter/v2" className="VideoOS.Recorder.UnitTests.SmartSearch.SmartSearchHandlerTest" name="SmartSearchHandlerHasMotionThrowsInvalidOperationException" />
    </UnitTest>
    <UnitTest name="MessageManagerCallback_HandleTimeout_RetriesUpdate" storage="d:\actions-runner\_work\xpco\xpco\corporate\recordingserver\recorderservice\tst\videoos.recorder.unittests\bin\x64\debug\net472\videoos.recorder.unittests.dll" id="7e937a36-b746-25c4-87ec-e39c5d8db1ae">
      <Execution id="7fb0c75e-b37a-4f29-ba20-8a30f7f741fa" />
      <TestMethod codeBase="D:\actions-runner\_work\XPCO\XPCO\Corporate\RecordingServer\RecorderService\tst\VideoOS.Recorder.UnitTests\bin\x64\Debug\net472\VideoOS.Recorder.UnitTests.dll" adapterTypeName="executor://mstestadapter/v2" className="VideoOS.Recorder.UnitTests.DriverUpdateHelperUnitTests" name="MessageManagerCallback_HandleTimeout_RetriesUpdate" />
    </UnitTest>
    <UnitTest name="FirmwareUpgradeCommandHandler_Execute_HardwareNotFound_Fails" storage="d:\actions-runner\_work\xpco\xpco\corporate\recordingserver\recorderservice\tst\videoos.recorder.unittests\bin\x64\debug\net472\videoos.recorder.unittests.dll" id="3b65d8c8-c8dc-c975-b1e1-ec6988dabef6">
      <Execution id="b5e2c2d5-0a3f-4eac-8e96-0cd5feb8f932" />
      <TestMethod codeBase="D:\actions-runner\_work\XPCO\XPCO\Corporate\RecordingServer\RecorderService\tst\VideoOS.Recorder.UnitTests\bin\x64\Debug\net472\VideoOS.Recorder.UnitTests.dll" adapterTypeName="executor://mstestadapter/v2" className="VideoOS.Recorder.UnitTests.Command.FirmwareUpgradeCommandHandlerUnitTests" name="FirmwareUpgradeCommandHandler_Execute_HardwareNotFound_Fails" />
    </UnitTest>
    <UnitTest name="SOAPCommandRequestHandler_ExecuteFunction_HandlePTZDeactivatePatrollingSchema_No_Security" storage="d:\actions-runner\_work\xpco\xpco\corporate\recordingserver\recorderservice\tst\videoos.recorder.unittests\bin\x64\debug\net472\videoos.recorder.unittests.dll" id="78749a40-6b98-b6dc-54de-2728268826cc">
      <Execution id="374b2fa7-1e53-4442-8954-fe9b6f383d02" />
      <TestMethod codeBase="D:\actions-runner\_work\XPCO\XPCO\Corporate\RecordingServer\RecorderService\tst\VideoOS.Recorder.UnitTests\bin\x64\Debug\net472\VideoOS.Recorder.UnitTests.dll" adapterTypeName="executor://mstestadapter/v2" className="VideoOS.Recorder.UnitTests.WebServer.SOAPCommandRequestHandlerTests" name="SOAPCommandRequestHandler_ExecuteFunction_HandlePTZDeactivatePatrollingSchema_No_Security" />
    </UnitTest>
    <UnitTest name="AddHardwareUserCommandHandler_Execute_AddUser_ThrowsUserHandlingTooManyUsers_Errors" storage="d:\actions-runner\_work\xpco\xpco\corporate\recordingserver\recorderservice\tst\videoos.recorder.unittests\bin\x64\debug\net472\videoos.recorder.unittests.dll" id="b17917a2-3100-fce1-c2c8-8639b1483d4b">
      <Execution id="d562baf1-684c-4465-b7d3-7b345825726f" />
      <TestMethod codeBase="D:\actions-runner\_work\XPCO\XPCO\Corporate\RecordingServer\RecorderService\tst\VideoOS.Recorder.UnitTests\bin\x64\Debug\net472\VideoOS.Recorder.UnitTests.dll" adapterTypeName="executor://mstestadapter/v2" className="VideoOS.Recorder.UnitTests.Command.AddHardwareUserCommandHandlerRecorderUnitTests" name="AddHardwareUserCommandHandler_Execute_AddUser_ThrowsUserHandlingTooManyUsers_Errors" />
    </UnitTest>
    <UnitTest name="SOAPCommandRequestHandler_ExecuteFunction_HandlePTZRectangle_Right_Not_Double" storage="d:\actions-runner\_work\xpco\xpco\corporate\recordingserver\recorderservice\tst\videoos.recorder.unittests\bin\x64\debug\net472\videoos.recorder.unittests.dll" id="8c3be9b6-c14d-d356-a4eb-3109d2249f51">
      <Execution id="b0635441-93a9-41f5-9c24-0165d9e11ad5" />
      <TestMethod codeBase="D:\actions-runner\_work\XPCO\XPCO\Corporate\RecordingServer\RecorderService\tst\VideoOS.Recorder.UnitTests\bin\x64\Debug\net472\VideoOS.Recorder.UnitTests.dll" adapterTypeName="executor://mstestadapter/v2" className="VideoOS.Recorder.UnitTests.WebServer.SOAPCommandRequestHandlerTests" name="SOAPCommandRequestHandler_ExecuteFunction_HandlePTZRectangle_Right_Not_Double" />
    </UnitTest>
    <UnitTest name="SOAPCommandRequestHandler_ExecuteFunction_HandleSmartSearchCancel_Success" storage="d:\actions-runner\_work\xpco\xpco\corporate\recordingserver\recorderservice\tst\videoos.recorder.unittests\bin\x64\debug\net472\videoos.recorder.unittests.dll" id="98d60fd5-f979-b04f-813a-5b4f58bff6a4">
      <Execution id="7799126e-c3df-486e-b742-6dfa1354d89b" />
      <TestMethod codeBase="D:\actions-runner\_work\XPCO\XPCO\Corporate\RecordingServer\RecorderService\tst\VideoOS.Recorder.UnitTests\bin\x64\Debug\net472\VideoOS.Recorder.UnitTests.dll" adapterTypeName="executor://mstestadapter/v2" className="VideoOS.Recorder.UnitTests.WebServer.SOAPCommandRequestHandlerTests" name="SOAPCommandRequestHandler_ExecuteFunction_HandleSmartSearchCancel_Success" />
    </UnitTest>
    <UnitTest name="ResponseHandler_HandleResponse_Configuration_Not_Compatible_Fails" storage="d:\actions-runner\_work\xpco\xpco\corporate\recordingserver\recorderservice\tst\videoos.recorder.unittests\bin\x64\debug\net472\videoos.recorder.unittests.dll" id="69f3cd4f-f34a-e938-afb9-2edbcadadfd6">
      <Execution id="3de31487-54b0-4784-82fe-76f0f8d0beec" />
      <TestMethod codeBase="D:\actions-runner\_work\XPCO\XPCO\Corporate\RecordingServer\RecorderService\tst\VideoOS.Recorder.UnitTests\bin\x64\Debug\net472\VideoOS.Recorder.UnitTests.dll" adapterTypeName="executor://mstestadapter/v2" className="VideoOS.Recorder.UnitTests.DriverUpdateHelperUnitTests" name="ResponseHandler_HandleResponse_Configuration_Not_Compatible_Fails" />
    </UnitTest>
    <UnitTest name="UpdateConfigurationFromDiffGram_NoChanges_Success" storage="d:\actions-runner\_work\xpco\xpco\corporate\recordingserver\recorderservice\tst\videoos.recorder.unittests\bin\x64\debug\net472\videoos.recorder.unittests.dll" id="68d8c51d-b0f5-4bb8-a0ab-928597a90e21">
      <Execution id="6287f00a-681d-44d3-99f9-65a3ffe398df" />
      <TestMethod codeBase="D:\actions-runner\_work\XPCO\XPCO\Corporate\RecordingServer\RecorderService\tst\VideoOS.Recorder.UnitTests\bin\x64\Debug\net472\VideoOS.Recorder.UnitTests.dll" adapterTypeName="executor://mstestadapter/v2" className="VideoOS.Recorder.UnitTests.Multicast.LiveMulticastProcessorUnitTests" name="UpdateConfigurationFromDiffGram_NoChanges_Success" />
    </UnitTest>
    <UnitTest name="AddHardwareUserCommandHandler_Execute_AddUser_ThrowsUserHandlingPasswordTooShort_Errors" storage="d:\actions-runner\_work\xpco\xpco\corporate\recordingserver\recorderservice\tst\videoos.recorder.unittests\bin\x64\debug\net472\videoos.recorder.unittests.dll" id="337e6e67-5e25-24a0-2f7a-5be02097febb">
      <Execution id="7320511f-c678-41f0-81f5-17b539dbcff1" />
      <TestMethod codeBase="D:\actions-runner\_work\XPCO\XPCO\Corporate\RecordingServer\RecorderService\tst\VideoOS.Recorder.UnitTests\bin\x64\Debug\net472\VideoOS.Recorder.UnitTests.dll" adapterTypeName="executor://mstestadapter/v2" className="VideoOS.Recorder.UnitTests.Command.AddHardwareUserCommandHandlerRecorderUnitTests" name="AddHardwareUserCommandHandler_Execute_AddUser_ThrowsUserHandlingPasswordTooShort_Errors" />
    </UnitTest>
    <UnitTest name="SmartSearchHandlerBackwardTestLargeSearchInterval" storage="d:\actions-runner\_work\xpco\xpco\corporate\recordingserver\recorderservice\tst\videoos.recorder.unittests\bin\x64\debug\net472\videoos.recorder.unittests.dll" id="deed243a-40fa-2590-126d-6eb4ce652c0d">
      <TestCategory>
        <TestCategoryItem TestCategory="SmartSearch" />
      </TestCategory>
      <Execution id="71579dec-e0af-402f-9c7d-57febdf569c9" />
      <TestMethod codeBase="D:\actions-runner\_work\XPCO\XPCO\Corporate\RecordingServer\RecorderService\tst\VideoOS.Recorder.UnitTests\bin\x64\Debug\net472\VideoOS.Recorder.UnitTests.dll" adapterTypeName="executor://mstestadapter/v2" className="VideoOS.Recorder.UnitTests.SmartSearch.SmartSearchHandlerTest" name="SmartSearchHandlerBackwardTestLargeSearchInterval" />
    </UnitTest>
    <UnitTest name="ConnectSuccess_Goto_Denied" storage="d:\actions-runner\_work\xpco\xpco\corporate\recordingserver\recorderservice\tst\videoos.recorder.unittests\bin\x64\debug\net472\videoos.recorder.unittests.dll" id="41f8fd8b-1fd0-8f0c-2ac2-c1c1c693194e">
      <Execution id="4b2831b4-9e35-43a1-b925-94861451e947" />
      <TestMethod codeBase="D:\actions-runner\_work\XPCO\XPCO\Corporate\RecordingServer\RecorderService\tst\VideoOS.Recorder.UnitTests\bin\x64\Debug\net472\VideoOS.Recorder.UnitTests.dll" adapterTypeName="executor://mstestadapter/v2" className="VideoOS.Recorder.UnitTests.WebServer.ImageServerRequestHandlerTests" name="ConnectSuccess_Goto_Denied" />
    </UnitTest>
    <UnitTest name="SOAPCommandRequestHandler_ExecuteFunction_HandlePTZRectangle_NoLeft" storage="d:\actions-runner\_work\xpco\xpco\corporate\recordingserver\recorderservice\tst\videoos.recorder.unittests\bin\x64\debug\net472\videoos.recorder.unittests.dll" id="58114127-3d07-75a5-3479-5709c3808709">
      <Execution id="b7de91d1-1a28-4d41-859d-47be0876fd95" />
      <TestMethod codeBase="D:\actions-runner\_work\XPCO\XPCO\Corporate\RecordingServer\RecorderService\tst\VideoOS.Recorder.UnitTests\bin\x64\Debug\net472\VideoOS.Recorder.UnitTests.dll" adapterTypeName="executor://mstestadapter/v2" className="VideoOS.Recorder.UnitTests.WebServer.SOAPCommandRequestHandlerTests" name="SOAPCommandRequestHandler_ExecuteFunction_HandlePTZRectangle_NoLeft" />
    </UnitTest>
    <UnitTest name="IsInRange_ShouldReturnTrue_WhenAddressIsBetweenStartAndEnd" storage="d:\actions-runner\_work\xpco\xpco\corporate\recordingserver\recorderservice\tst\videoos.recorder.unittests\bin\x64\debug\net472\videoos.recorder.unittests.dll" id="52c2a54e-6f69-1de0-071f-9a3eb76d2bd6">
      <Execution id="196fff20-e6ea-404d-bb30-c24604235e7a" />
      <TestMethod codeBase="D:\actions-runner\_work\XPCO\XPCO\Corporate\RecordingServer\RecorderService\tst\VideoOS.Recorder.UnitTests\bin\x64\Debug\net472\VideoOS.Recorder.UnitTests.dll" adapterTypeName="executor://mstestadapter/v2" className="VideoOS.Recorder.UnitTests.DeviceDiscovery.MipDriversDiscoveryTaskTests" name="IsInRange_ShouldReturnTrue_WhenAddressIsBetweenStartAndEnd" />
    </UnitTest>
    <UnitTest name="PtzReleaseSession_ModelIsNull_BadRequestResult" storage="d:\actions-runner\_work\xpco\xpco\corporate\recordingserver\recorderservice\tst\videoos.recorder.unittests\bin\x64\debug\net472\videoos.recorder.unittests.dll" id="d39ffd11-f37b-9674-d0d6-e10d28803318">
      <Execution id="9d52bc79-cf2e-4cef-8d78-396a5279fa9a" />
      <TestMethod codeBase="D:\actions-runner\_work\XPCO\XPCO\Corporate\RecordingServer\RecorderService\tst\VideoOS.Recorder.UnitTests\bin\x64\Debug\net472\VideoOS.Recorder.UnitTests.dll" adapterTypeName="executor://mstestadapter/v2" className="VideoOS.Recorder.UnitTests.PtzControllerTests" name="PtzReleaseSession_ModelIsNull_BadRequestResult" />
    </UnitTest>
    <UnitTest name="ChangeHardwarePasswordCommandHandler_Execute_ChangePassword_ThrowsPasswordContainsInvalidCharacters_Errors" storage="d:\actions-runner\_work\xpco\xpco\corporate\recordingserver\recorderservice\tst\videoos.recorder.unittests\bin\x64\debug\net472\videoos.recorder.unittests.dll" id="ca797047-54de-e06f-659a-e063a9db7c34">
      <Execution id="8d47a359-7026-4a91-b2c5-0891f81447a4" />
      <TestMethod codeBase="D:\actions-runner\_work\XPCO\XPCO\Corporate\RecordingServer\RecorderService\tst\VideoOS.Recorder.UnitTests\bin\x64\Debug\net472\VideoOS.Recorder.UnitTests.dll" adapterTypeName="executor://mstestadapter/v2" className="VideoOS.Recorder.UnitTests.Command.ChangeHardwarePasswordCommandHandlerUnitTests" name="ChangeHardwarePasswordCommandHandler_Execute_ChangePassword_ThrowsPasswordContainsInvalidCharacters_Errors" />
    </UnitTest>
    <UnitTest name="ServerAccessTokenHandler_Constructor_ThrowArgumentNullExceptionIServerTokenCache" storage="d:\actions-runner\_work\xpco\xpco\corporate\recordingserver\recorderservice\tst\videoos.recorder.unittests\bin\x64\debug\net472\videoos.recorder.unittests.dll" id="38dd23bb-df0f-1286-a693-57b7d136c190">
      <Execution id="c66dd023-660d-42a3-9999-7d4a3256fa3d" />
      <TestMethod codeBase="D:\actions-runner\_work\XPCO\XPCO\Corporate\RecordingServer\RecorderService\tst\VideoOS.Recorder.UnitTests\bin\x64\Debug\net472\VideoOS.Recorder.UnitTests.dll" adapterTypeName="executor://mstestadapter/v2" className="VideoOS.Recorder.UnitTests.ServerCommunication.RecorderAccessTokenHandlerTests" name="ServerAccessTokenHandler_Constructor_ThrowArgumentNullExceptionIServerTokenCache" />
    </UnitTest>
    <UnitTest name="CheckExternalRecorderRegistrationCommandHandler_Execute_HardwareId_Empty_Throws" storage="d:\actions-runner\_work\xpco\xpco\corporate\recordingserver\recorderservice\tst\videoos.recorder.unittests\bin\x64\debug\net472\videoos.recorder.unittests.dll" id="99715795-fe07-63f7-96e6-b7d70cc585d2">
      <Execution id="746bde6f-c9fd-4736-8638-36c02ec47148" />
      <TestMethod codeBase="D:\actions-runner\_work\XPCO\XPCO\Corporate\RecordingServer\RecorderService\tst\VideoOS.Recorder.UnitTests\bin\x64\Debug\net472\VideoOS.Recorder.UnitTests.dll" adapterTypeName="executor://mstestadapter/v2" className="VideoOS.Recorder.UnitTests.Command.CheckExternalRecorderRegistrationCommandHandlerUnitTests" name="CheckExternalRecorderRegistrationCommandHandler_Execute_HardwareId_Empty_Throws" />
    </UnitTest>
    <UnitTest name="PtzPatrollingSessionBase_Start_Success" storage="d:\actions-runner\_work\xpco\xpco\corporate\recordingserver\recorderservice\tst\videoos.recorder.unittests\bin\x64\debug\net472\videoos.recorder.unittests.dll" id="796dbe30-d40d-ffcf-7b21-9ff6e74b6a15">
      <Execution id="61e5edc8-47c1-4880-bc25-02ed8f3435fe" />
      <TestMethod codeBase="D:\actions-runner\_work\XPCO\XPCO\Corporate\RecordingServer\RecorderService\tst\VideoOS.Recorder.UnitTests\bin\x64\Debug\net472\VideoOS.Recorder.UnitTests.dll" adapterTypeName="executor://mstestadapter/v2" className="VideoOS.Recorder.UnitTests.Command.PtzSessionsTests" name="PtzPatrollingSessionBase_Start_Success" />
    </UnitTest>
    <UnitTest name="PtzManagerDataHolder_RemoveController_Success" storage="d:\actions-runner\_work\xpco\xpco\corporate\recordingserver\recorderservice\tst\videoos.recorder.unittests\bin\x64\debug\net472\videoos.recorder.unittests.dll" id="326dab35-ccc5-0830-1e1b-99ba7d03ea84">
      <Execution id="3bfdba9f-962b-4875-9b3a-660ed5f90f50" />
      <TestMethod codeBase="D:\actions-runner\_work\XPCO\XPCO\Corporate\RecordingServer\RecorderService\tst\VideoOS.Recorder.UnitTests\bin\x64\Debug\net472\VideoOS.Recorder.UnitTests.dll" adapterTypeName="executor://mstestadapter/v2" className="VideoOS.Recorder.UnitTests.Command.PtzManagerDataHolderTest" name="PtzManagerDataHolder_RemoveController_Success" />
    </UnitTest>
    <UnitTest name="ActivateArchiving_PostCommandIsNull_BadRequestResult" storage="d:\actions-runner\_work\xpco\xpco\corporate\recordingserver\recorderservice\tst\videoos.recorder.unittests\bin\x64\debug\net472\videoos.recorder.unittests.dll" id="ac9e9097-86ee-f6e7-4b59-9ca177ce9c0e">
      <Execution id="c736cfff-32ca-4025-b626-34c5f85d5270" />
      <TestMethod codeBase="D:\actions-runner\_work\XPCO\XPCO\Corporate\RecordingServer\RecorderService\tst\VideoOS.Recorder.UnitTests\bin\x64\Debug\net472\VideoOS.Recorder.UnitTests.dll" adapterTypeName="executor://mstestadapter/v2" className="VideoOS.Recorder.UnitTests.DatabaseControllerTests" name="ActivateArchiving_PostCommandIsNull_BadRequestResult" />
    </UnitTest>
    <UnitTest name="SOAPCommandRequestHandler_ExecuteFunction_HandlePresetMoveTo_Success" storage="d:\actions-runner\_work\xpco\xpco\corporate\recordingserver\recorderservice\tst\videoos.recorder.unittests\bin\x64\debug\net472\videoos.recorder.unittests.dll" id="cc66c58e-978b-8f4a-43d7-df39eecf1692">
      <Execution id="8b51c6c1-b8b6-48e8-8af2-4d795a4666c1" />
      <TestMethod codeBase="D:\actions-runner\_work\XPCO\XPCO\Corporate\RecordingServer\RecorderService\tst\VideoOS.Recorder.UnitTests\bin\x64\Debug\net472\VideoOS.Recorder.UnitTests.dll" adapterTypeName="executor://mstestadapter/v2" className="VideoOS.Recorder.UnitTests.WebServer.SOAPCommandRequestHandlerTests" name="SOAPCommandRequestHandler_ExecuteFunction_HandlePresetMoveTo_Success" />
    </UnitTest>
    <UnitTest name="AudioPlayerOnSpeaker_PlayUsingCurrentThread_NoSpeakerHandler" storage="d:\actions-runner\_work\xpco\xpco\corporate\recordingserver\recorderservice\tst\videoos.recorder.unittests\bin\x64\debug\net472\videoos.recorder.unittests.dll" id="3b4b49ba-aa71-f021-7369-dc1c44f272a2">
      <Execution id="a90262f5-b0c6-41d6-ac2d-d08ba8fdba14" />
      <TestMethod codeBase="D:\actions-runner\_work\XPCO\XPCO\Corporate\RecordingServer\RecorderService\tst\VideoOS.Recorder.UnitTests\bin\x64\Debug\net472\VideoOS.Recorder.UnitTests.dll" adapterTypeName="executor://mstestadapter/v2" className="VideoOS.Recorder.UnitTests.AudioMessageHandling.AudioPlayerOnSpeakerTests" name="AudioPlayerOnSpeaker_PlayUsingCurrentThread_NoSpeakerHandler" />
    </UnitTest>
    <UnitTest name="PtzManager_ForceReleaseLockedSessionFromExtension_Success" storage="d:\actions-runner\_work\xpco\xpco\corporate\recordingserver\recorderservice\tst\videoos.recorder.unittests\bin\x64\debug\net472\videoos.recorder.unittests.dll" id="bad2289f-a6e1-a4e9-831a-da13c452c51c">
      <Execution id="369da4fa-b48d-4310-b208-4e91abf3625b" />
      <TestMethod codeBase="D:\actions-runner\_work\XPCO\XPCO\Corporate\RecordingServer\RecorderService\tst\VideoOS.Recorder.UnitTests\bin\x64\Debug\net472\VideoOS.Recorder.UnitTests.dll" adapterTypeName="executor://mstestadapter/v2" className="VideoOS.Recorder.UnitTests.Command.PtzManagerTests" name="PtzManager_ForceReleaseLockedSessionFromExtension_Success" />
    </UnitTest>
    <UnitTest name="SmartSearchHandlerForwardTestDataWithoutMotion" storage="d:\actions-runner\_work\xpco\xpco\corporate\recordingserver\recorderservice\tst\videoos.recorder.unittests\bin\x64\debug\net472\videoos.recorder.unittests.dll" id="ebc309bb-ac27-8eab-a1fd-4932f7f1d3dd">
      <TestCategory>
        <TestCategoryItem TestCategory="SmartSearch" />
      </TestCategory>
      <Execution id="799160c8-6d20-43d2-b2c8-afae79cc8088" />
      <TestMethod codeBase="D:\actions-runner\_work\XPCO\XPCO\Corporate\RecordingServer\RecorderService\tst\VideoOS.Recorder.UnitTests\bin\x64\Debug\net472\VideoOS.Recorder.UnitTests.dll" adapterTypeName="executor://mstestadapter/v2" className="VideoOS.Recorder.UnitTests.SmartSearch.SmartSearchHandlerTest" name="SmartSearchHandlerForwardTestDataWithoutMotion" />
    </UnitTest>
    <UnitTest name="CollectMediaStatusCommandHandler_Retention_Two_Devices" storage="d:\actions-runner\_work\xpco\xpco\corporate\recordingserver\recorderservice\tst\videoos.recorder.unittests\bin\x64\debug\net472\videoos.recorder.unittests.dll" id="94da58dc-f615-cfce-cd34-57628676c325">
      <Execution id="20589d65-a4c0-4faa-91d7-56ed41a6cd58" />
      <TestMethod codeBase="D:\actions-runner\_work\XPCO\XPCO\Corporate\RecordingServer\RecorderService\tst\VideoOS.Recorder.UnitTests\bin\x64\Debug\net472\VideoOS.Recorder.UnitTests.dll" adapterTypeName="executor://mstestadapter/v2" className="VideoOS.Recorder.UnitTests.Command.CollectMediaStatusCommandHandlerTests" name="CollectMediaStatusCommandHandler_Retention_Two_Devices" />
    </UnitTest>
    <UnitTest name="ChangeHardwarePasswordCommandHandler_Execute_HardwareIsReadOnly_Errors" storage="d:\actions-runner\_work\xpco\xpco\corporate\recordingserver\recorderservice\tst\videoos.recorder.unittests\bin\x64\debug\net472\videoos.recorder.unittests.dll" id="dbc4df8b-6198-2392-24f1-7438812891e6">
      <Execution id="ee7db781-f929-41e4-93bc-3ab384038a7a" />
      <TestMethod codeBase="D:\actions-runner\_work\XPCO\XPCO\Corporate\RecordingServer\RecorderService\tst\VideoOS.Recorder.UnitTests\bin\x64\Debug\net472\VideoOS.Recorder.UnitTests.dll" adapterTypeName="executor://mstestadapter/v2" className="VideoOS.Recorder.UnitTests.Command.ChangeHardwarePasswordCommandHandlerUnitTests" name="ChangeHardwarePasswordCommandHandler_Execute_HardwareIsReadOnly_Errors" />
    </UnitTest>
    <UnitTest name="PingStart_Called_TimerIsStarted" storage="d:\actions-runner\_work\xpco\xpco\corporate\recordingserver\recorderservice\tst\videoos.recorder.unittests\bin\x64\debug\net472\videoos.recorder.unittests.dll" id="2a156436-35d1-3599-981c-313b8e0207be">
      <Execution id="bcf5ca2f-d9cf-4e6d-8ee8-a1e8c50224a7" />
      <TestMethod codeBase="D:\actions-runner\_work\XPCO\XPCO\Corporate\RecordingServer\RecorderService\tst\VideoOS.Recorder.UnitTests\bin\x64\Debug\net472\VideoOS.Recorder.UnitTests.dll" adapterTypeName="executor://mstestadapter/v2" className="VideoOS.Recorder.UnitTests.PingManagerTests" name="PingStart_Called_TimerIsStarted" />
    </UnitTest>
    <UnitTest name="HardwareSetupInformationCommand_PostCommandIsNull_BadRequestResult" storage="d:\actions-runner\_work\xpco\xpco\corporate\recordingserver\recorderservice\tst\videoos.recorder.unittests\bin\x64\debug\net472\videoos.recorder.unittests.dll" id="776e0dd6-b1b2-f697-5012-1b5260370892">
      <Execution id="7156b994-4b6e-45ff-8a2b-7a88cfa517b6" />
      <TestMethod codeBase="D:\actions-runner\_work\XPCO\XPCO\Corporate\RecordingServer\RecorderService\tst\VideoOS.Recorder.UnitTests\bin\x64\Debug\net472\VideoOS.Recorder.UnitTests.dll" adapterTypeName="executor://mstestadapter/v2" className="VideoOS.Recorder.UnitTests.HardwareControllerTests" name="HardwareSetupInformationCommand_PostCommandIsNull_BadRequestResult" />
    </UnitTest>
    <UnitTest name="RepairInfo_ParseRepairInfoXml_EmptyXml_NotRepairing" storage="d:\actions-runner\_work\xpco\xpco\corporate\recordingserver\recorderservice\tst\videoos.recorder.unittests\bin\x64\debug\net472\videoos.recorder.unittests.dll" id="675ad30a-8fb4-d768-7635-64655b88916d">
      <Execution id="6c4e6ef4-6424-4a5d-a8be-396823a3a0cd" />
      <TestMethod codeBase="D:\actions-runner\_work\XPCO\XPCO\Corporate\RecordingServer\RecorderService\tst\VideoOS.Recorder.UnitTests\bin\x64\Debug\net472\VideoOS.Recorder.UnitTests.dll" adapterTypeName="executor://mstestadapter/v2" className="VideoOS.Recorder.UnitTests.Database.RepairInfoUnitTests" name="RepairInfo_ParseRepairInfoXml_EmptyXml_NotRepairing" />
    </UnitTest>
    <UnitTest name="AddHardwareUserCommandHandler_Execute_HardwareBlocked_Errors" storage="d:\actions-runner\_work\xpco\xpco\corporate\recordingserver\recorderservice\tst\videoos.recorder.unittests\bin\x64\debug\net472\videoos.recorder.unittests.dll" id="24ce6395-f9b5-f8e7-8703-df162f702b2c">
      <Execution id="e7949b29-d0e1-4af9-8a59-8053ee827fdb" />
      <TestMethod codeBase="D:\actions-runner\_work\XPCO\XPCO\Corporate\RecordingServer\RecorderService\tst\VideoOS.Recorder.UnitTests\bin\x64\Debug\net472\VideoOS.Recorder.UnitTests.dll" adapterTypeName="executor://mstestadapter/v2" className="VideoOS.Recorder.UnitTests.Command.AddHardwareUserCommandHandlerRecorderUnitTests" name="AddHardwareUserCommandHandler_Execute_HardwareBlocked_Errors" />
    </UnitTest>
    <UnitTest name="DriverProxyInstanceManager_RemoveHardware_ProxySlotsFreed" storage="d:\actions-runner\_work\xpco\xpco\corporate\recordingserver\recorderservice\tst\videoos.recorder.unittests\bin\x64\debug\net472\videoos.recorder.unittests.dll" id="e108cf7f-d788-6c89-2b03-5046c8983bf3">
      <Execution id="5b4e81be-a83a-48fe-98d4-1b73c7298fb8" />
      <TestMethod codeBase="D:\actions-runner\_work\XPCO\XPCO\Corporate\RecordingServer\RecorderService\tst\VideoOS.Recorder.UnitTests\bin\x64\Debug\net472\VideoOS.Recorder.UnitTests.dll" adapterTypeName="executor://mstestadapter/v2" className="VideoOS.Recorder.UnitTests.DriverProxyInstanceManagerTests" name="DriverProxyInstanceManager_RemoveHardware_ProxySlotsFreed" />
    </UnitTest>
    <UnitTest name="DriverProxyInstanceManager_AddHardware_ToTwoProxies_SeparateInstancesCreated" storage="d:\actions-runner\_work\xpco\xpco\corporate\recordingserver\recorderservice\tst\videoos.recorder.unittests\bin\x64\debug\net472\videoos.recorder.unittests.dll" id="aeb82383-8a39-2cc9-fc7d-52bd6f0ee698">
      <Execution id="0e76bde2-696b-4b07-bcde-01d55684cebb" />
      <TestMethod codeBase="D:\actions-runner\_work\XPCO\XPCO\Corporate\RecordingServer\RecorderService\tst\VideoOS.Recorder.UnitTests\bin\x64\Debug\net472\VideoOS.Recorder.UnitTests.dll" adapterTypeName="executor://mstestadapter/v2" className="VideoOS.Recorder.UnitTests.DriverProxyInstanceManagerTests" name="DriverProxyInstanceManager_AddHardware_ToTwoProxies_SeparateInstancesCreated" />
    </UnitTest>
    <UnitTest name="PtzManager_MoveJoystick_Success" storage="d:\actions-runner\_work\xpco\xpco\corporate\recordingserver\recorderservice\tst\videoos.recorder.unittests\bin\x64\debug\net472\videoos.recorder.unittests.dll" id="d4463260-252b-27d4-35a7-818d974df9f7">
      <Execution id="9d91bfdb-a99c-4b6b-92f4-5941d855149c" />
      <TestMethod codeBase="D:\actions-runner\_work\XPCO\XPCO\Corporate\RecordingServer\RecorderService\tst\VideoOS.Recorder.UnitTests\bin\x64\Debug\net472\VideoOS.Recorder.UnitTests.dll" adapterTypeName="executor://mstestadapter/v2" className="VideoOS.Recorder.UnitTests.Command.PtzManagerTests" name="PtzManager_MoveJoystick_Success" />
    </UnitTest>
    <UnitTest name="PtzManager_GetPtzSessionState_Success" storage="d:\actions-runner\_work\xpco\xpco\corporate\recordingserver\recorderservice\tst\videoos.recorder.unittests\bin\x64\debug\net472\videoos.recorder.unittests.dll" id="4c322c27-d081-6da2-3965-9699e29b5817">
      <Execution id="5a532b85-f9b8-4a66-94ba-972a312d30d8" />
      <TestMethod codeBase="D:\actions-runner\_work\XPCO\XPCO\Corporate\RecordingServer\RecorderService\tst\VideoOS.Recorder.UnitTests\bin\x64\Debug\net472\VideoOS.Recorder.UnitTests.dll" adapterTypeName="executor://mstestadapter/v2" className="VideoOS.Recorder.UnitTests.Command.PtzManagerTests" name="PtzManager_GetPtzSessionState_Success" />
    </UnitTest>
    <UnitTest name="RepairSessionStarted_Success" storage="d:\actions-runner\_work\xpco\xpco\corporate\recordingserver\recorderservice\tst\videoos.recorder.unittests\bin\x64\debug\net472\videoos.recorder.unittests.dll" id="c4e3c8c0-1ebe-3cd1-d917-4f93b953f5b8">
      <Execution id="bc956757-9836-413e-8ed3-9d2d6feb1ce7" />
      <TestMethod codeBase="D:\actions-runner\_work\XPCO\XPCO\Corporate\RecordingServer\RecorderService\tst\VideoOS.Recorder.UnitTests\bin\x64\Debug\net472\VideoOS.Recorder.UnitTests.dll" adapterTypeName="executor://mstestadapter/v2" className="VideoOS.Recorder.UnitTests.MediaDbEventProcessorTests" name="RepairSessionStarted_Success" />
    </UnitTest>
    <UnitTest name="SOAPCommandRequestHandler_ExecuteFunction_HandlePTZRectangle_Bottom_Not_Double" storage="d:\actions-runner\_work\xpco\xpco\corporate\recordingserver\recorderservice\tst\videoos.recorder.unittests\bin\x64\debug\net472\videoos.recorder.unittests.dll" id="c83832b7-8819-2499-1d34-aa973e75957d">
      <Execution id="0efd7e64-225b-421e-b5b9-72712b66150e" />
      <TestMethod codeBase="D:\actions-runner\_work\XPCO\XPCO\Corporate\RecordingServer\RecorderService\tst\VideoOS.Recorder.UnitTests\bin\x64\Debug\net472\VideoOS.Recorder.UnitTests.dll" adapterTypeName="executor://mstestadapter/v2" className="VideoOS.Recorder.UnitTests.WebServer.SOAPCommandRequestHandlerTests" name="SOAPCommandRequestHandler_ExecuteFunction_HandlePTZRectangle_Bottom_Not_Double" />
    </UnitTest>
    <UnitTest name="SOAPCommandRequestHandler_ExecuteFunction_HandleSmartSearchStart_NoSensitivity" storage="d:\actions-runner\_work\xpco\xpco\corporate\recordingserver\recorderservice\tst\videoos.recorder.unittests\bin\x64\debug\net472\videoos.recorder.unittests.dll" id="962ad370-2719-b2eb-b557-7133a1071704">
      <Execution id="05326bf3-3758-45ce-90c2-6d4a82ab1af0" />
      <TestMethod codeBase="D:\actions-runner\_work\XPCO\XPCO\Corporate\RecordingServer\RecorderService\tst\VideoOS.Recorder.UnitTests\bin\x64\Debug\net472\VideoOS.Recorder.UnitTests.dll" adapterTypeName="executor://mstestadapter/v2" className="VideoOS.Recorder.UnitTests.WebServer.SOAPCommandRequestHandlerTests" name="SOAPCommandRequestHandler_ExecuteFunction_HandleSmartSearchStart_NoSensitivity" />
    </UnitTest>
    <UnitTest name="DatabaseoperationCommandhandler_VerifyPath_Failover_ReturnErrorResponse" storage="d:\actions-runner\_work\xpco\xpco\corporate\recordingserver\recorderservice\tst\videoos.recorder.unittests\bin\x64\debug\net472\videoos.recorder.unittests.dll" id="b321bf5a-fd2d-4b0b-5379-83f479a73f05">
      <Execution id="0ef0b88b-3f4e-424d-a3c3-893330d827de" />
      <TestMethod codeBase="D:\actions-runner\_work\XPCO\XPCO\Corporate\RecordingServer\RecorderService\tst\VideoOS.Recorder.UnitTests\bin\x64\Debug\net472\VideoOS.Recorder.UnitTests.dll" adapterTypeName="executor://mstestadapter/v2" className="VideoOS.Recorder.UnitTests.Command.DatabaseOperationCommandHandlerUnitTests" name="DatabaseoperationCommandhandler_VerifyPath_Failover_ReturnErrorResponse" />
    </UnitTest>
    <UnitTest name="ProcessRequest_Json_Success" storage="d:\actions-runner\_work\xpco\xpco\corporate\recordingserver\recorderservice\tst\videoos.recorder.unittests\bin\x64\debug\net472\videoos.recorder.unittests.dll" id="9a0bb723-0bdb-ba03-fb13-485ed2050142">
      <Execution id="94d2f9fe-f753-4d25-bbef-79dbe43a9deb" />
      <TestMethod codeBase="D:\actions-runner\_work\XPCO\XPCO\Corporate\RecordingServer\RecorderService\tst\VideoOS.Recorder.UnitTests\bin\x64\Debug\net472\VideoOS.Recorder.UnitTests.dll" adapterTypeName="executor://mstestadapter/v2" className="VideoOS.Recorder.UnitTests.WebServer.TransferBufferHtmlPageUnitTests" name="ProcessRequest_Json_Success" />
    </UnitTest>
    <UnitTest name="AudioMessageManager_UpdateConfiguration" storage="d:\actions-runner\_work\xpco\xpco\corporate\recordingserver\recorderservice\tst\videoos.recorder.unittests\bin\x64\debug\net472\videoos.recorder.unittests.dll" id="c7b42c0e-2784-6c41-15dc-ee979b1d4d3f">
      <Execution id="d405f0ae-b68b-4b3a-bef2-acaf8afbde81" />
      <TestMethod codeBase="D:\actions-runner\_work\XPCO\XPCO\Corporate\RecordingServer\RecorderService\tst\VideoOS.Recorder.UnitTests\bin\x64\Debug\net472\VideoOS.Recorder.UnitTests.dll" adapterTypeName="executor://mstestadapter/v2" className="VideoOS.Recorder.UnitTests.AudioMessageHandling.AudioMessageManagerTests" name="AudioMessageManager_UpdateConfiguration" />
    </UnitTest>
    <UnitTest name="SOAPCommandRequestHandler_GetClientCapabilities_PrivacyMask_Child_Of_ClientCapabilities_Section_Is_True" storage="d:\actions-runner\_work\xpco\xpco\corporate\recordingserver\recorderservice\tst\videoos.recorder.unittests\bin\x64\debug\net472\videoos.recorder.unittests.dll" id="83a7a30c-ff50-77e3-edea-21262e7fcc06">
      <Execution id="9a430170-1a66-4145-975b-86a32a0bc81b" />
      <TestMethod codeBase="D:\actions-runner\_work\XPCO\XPCO\Corporate\RecordingServer\RecorderService\tst\VideoOS.Recorder.UnitTests\bin\x64\Debug\net472\VideoOS.Recorder.UnitTests.dll" adapterTypeName="executor://mstestadapter/v2" className="VideoOS.Recorder.UnitTests.WebServer.SOAPCommandRequestHandlerTests" name="SOAPCommandRequestHandler_GetClientCapabilities_PrivacyMask_Child_Of_ClientCapabilities_Section_Is_True" />
    </UnitTest>
    <UnitTest name="UpdateHardwareCommandHandler_SetXmlCache_Success" storage="d:\actions-runner\_work\xpco\xpco\corporate\recordingserver\recorderservice\tst\videoos.recorder.unittests\bin\x64\debug\net472\videoos.recorder.unittests.dll" id="f9889f33-f105-1ec7-62b6-5f021e7834d3">
      <Execution id="a16865b0-90cc-42ad-807a-574e8db5059f" />
      <TestMethod codeBase="D:\actions-runner\_work\XPCO\XPCO\Corporate\RecordingServer\RecorderService\tst\VideoOS.Recorder.UnitTests\bin\x64\Debug\net472\VideoOS.Recorder.UnitTests.dll" adapterTypeName="executor://mstestadapter/v2" className="VideoOS.Recorder.UnitTests.Command.UpdateHardwareCommandTest" name="UpdateHardwareCommandHandler_SetXmlCache_Success" />
    </UnitTest>
    <UnitTest name="PtzManager_GetAbsolutePosition_Success" storage="d:\actions-runner\_work\xpco\xpco\corporate\recordingserver\recorderservice\tst\videoos.recorder.unittests\bin\x64\debug\net472\videoos.recorder.unittests.dll" id="d9660f72-4df1-d187-5c48-111d1ab2a818">
      <Execution id="8ed402d2-d3f6-4a48-b95c-4b9d50cd3e75" />
      <TestMethod codeBase="D:\actions-runner\_work\XPCO\XPCO\Corporate\RecordingServer\RecorderService\tst\VideoOS.Recorder.UnitTests\bin\x64\Debug\net472\VideoOS.Recorder.UnitTests.dll" adapterTypeName="executor://mstestadapter/v2" className="VideoOS.Recorder.UnitTests.Command.PtzManagerTests" name="PtzManager_GetAbsolutePosition_Success" />
    </UnitTest>
    <UnitTest name="Transform_To_Version_0_Success" storage="d:\actions-runner\_work\xpco\xpco\corporate\recordingserver\recorderservice\tst\videoos.recorder.unittests\bin\x64\debug\net472\videoos.recorder.unittests.dll" id="e3444112-3c99-9f58-f5de-2f6baaf569cb">
      <Execution id="ebdbe413-ff75-4082-ae5e-0c4ddfac6491" />
      <TestMethod codeBase="D:\actions-runner\_work\XPCO\XPCO\Corporate\RecordingServer\RecorderService\tst\VideoOS.Recorder.UnitTests\bin\x64\Debug\net472\VideoOS.Recorder.UnitTests.dll" adapterTypeName="executor://mstestadapter/v2" className="VideoOS.Recorder.UnitTests.WebServer.PrivacyMaskTransportConverterUnitTests" name="Transform_To_Version_0_Success" />
    </UnitTest>
    <UnitTest name="EnhanceSettings_SetsNvidiaValue" storage="d:\actions-runner\_work\xpco\xpco\corporate\recordingserver\recorderservice\tst\videoos.recorder.unittests\bin\x64\debug\net472\videoos.recorder.unittests.dll" id="6f9df5bd-83d2-bc83-476e-7ed0bf679440">
      <Owners>
        <Owner name="FT06" />
      </Owners>
      <Execution id="f590ce50-c9ef-4f96-9fdb-37f03f1bbdf9" />
      <TestMethod codeBase="D:\actions-runner\_work\XPCO\XPCO\Corporate\RecordingServer\RecorderService\tst\VideoOS.Recorder.UnitTests\bin\x64\Debug\net472\VideoOS.Recorder.UnitTests.dll" adapterTypeName="executor://mstestadapter/v2" className="VideoOS.Recorder.UnitTests.ObjectModel.Processors.PluginSettingsEnhancerTest" name="EnhanceSettings_SetsNvidiaValue" />
    </UnitTest>
    <UnitTest name="RegisterLiveTableExistsTwiche" storage="d:\actions-runner\_work\xpco\xpco\corporate\recordingserver\recorderservice\tst\videoos.recorder.unittests\bin\x64\debug\net472\videoos.recorder.unittests.dll" id="a0714c12-3e58-85c8-097c-620c64485b34">
      <Execution id="114832b8-8177-48a7-9479-d8e66f2018f7" />
      <TestMethod codeBase="D:\actions-runner\_work\XPCO\XPCO\Corporate\RecordingServer\RecorderService\tst\VideoOS.Recorder.UnitTests\bin\x64\Debug\net472\VideoOS.Recorder.UnitTests.dll" adapterTypeName="executor://mstestadapter/v2" className="VideoOS.Recorder.UnitTests.Database.MediaDbLiveTableRegistrationTests" name="RegisterLiveTableExistsTwiche" />
    </UnitTest>
    <UnitTest name="CollectMediaStatusCommandHandler_OutOfMemoryException" storage="d:\actions-runner\_work\xpco\xpco\corporate\recordingserver\recorderservice\tst\videoos.recorder.unittests\bin\x64\debug\net472\videoos.recorder.unittests.dll" id="a58da31c-d6ed-4b36-a7ea-f71bea4cb061">
      <Execution id="6990d0f7-f2e7-484c-a4d9-ad9c5b8bc24a" />
      <TestMethod codeBase="D:\actions-runner\_work\XPCO\XPCO\Corporate\RecordingServer\RecorderService\tst\VideoOS.Recorder.UnitTests\bin\x64\Debug\net472\VideoOS.Recorder.UnitTests.dll" adapterTypeName="executor://mstestadapter/v2" className="VideoOS.Recorder.UnitTests.Command.CollectMediaStatusCommandHandlerTests" name="CollectMediaStatusCommandHandler_OutOfMemoryException" />
    </UnitTest>
    <UnitTest name="CheckHardwareDefinitionCommandHandler_Constructor_UpdateHardwareDefinitionHelperNull_ArgumentNullException" storage="d:\actions-runner\_work\xpco\xpco\corporate\recordingserver\recorderservice\tst\videoos.recorder.unittests\bin\x64\debug\net472\videoos.recorder.unittests.dll" id="4e38640c-9de2-9cb2-ec66-cfa7f6c7a35b">
      <Execution id="245c7400-1064-4e24-8b81-3033ea97f753" />
      <TestMethod codeBase="D:\actions-runner\_work\XPCO\XPCO\Corporate\RecordingServer\RecorderService\tst\VideoOS.Recorder.UnitTests\bin\x64\Debug\net472\VideoOS.Recorder.UnitTests.dll" adapterTypeName="executor://mstestadapter/v2" className="VideoOS.Recorder.UnitTests.Command.CheckHardwareDefinitionCommandHandlerTests" name="CheckHardwareDefinitionCommandHandler_Constructor_UpdateHardwareDefinitionHelperNull_ArgumentNullException" />
    </UnitTest>
    <UnitTest name="SOAPCommandRequestHandler_ExecuteFunction_HandleSequencesGetAroundWithSpan_NoSequenceType" storage="d:\actions-runner\_work\xpco\xpco\corporate\recordingserver\recorderservice\tst\videoos.recorder.unittests\bin\x64\debug\net472\videoos.recorder.unittests.dll" id="cd25b06b-0fa5-8e76-d488-b4b3e1f3fe07">
      <Execution id="7c36666f-e908-455c-a84c-59848bc05882" />
      <TestMethod codeBase="D:\actions-runner\_work\XPCO\XPCO\Corporate\RecordingServer\RecorderService\tst\VideoOS.Recorder.UnitTests\bin\x64\Debug\net472\VideoOS.Recorder.UnitTests.dll" adapterTypeName="executor://mstestadapter/v2" className="VideoOS.Recorder.UnitTests.WebServer.SOAPCommandRequestHandlerTests" name="SOAPCommandRequestHandler_ExecuteFunction_HandleSequencesGetAroundWithSpan_NoSequenceType" />
    </UnitTest>
    <UnitTest name="PtzManualSession_OnBeforeSessionExpired_Success" storage="d:\actions-runner\_work\xpco\xpco\corporate\recordingserver\recorderservice\tst\videoos.recorder.unittests\bin\x64\debug\net472\videoos.recorder.unittests.dll" id="1ba2ccec-c45f-8687-a151-4bdd1def69bc">
      <Execution id="51f39f8d-fd8e-43d9-a6a1-693af06243df" />
      <TestMethod codeBase="D:\actions-runner\_work\XPCO\XPCO\Corporate\RecordingServer\RecorderService\tst\VideoOS.Recorder.UnitTests\bin\x64\Debug\net472\VideoOS.Recorder.UnitTests.dll" adapterTypeName="executor://mstestadapter/v2" className="VideoOS.Recorder.UnitTests.Command.PtzSessionsTests" name="PtzManualSession_OnBeforeSessionExpired_Success" />
    </UnitTest>
    <UnitTest name="LicenseManager_CheckHardwareLicensed_unlicensed_licensedAfterExpiryDateWithReplacementToken" storage="d:\actions-runner\_work\xpco\xpco\corporate\recordingserver\recorderservice\tst\videoos.recorder.unittests\bin\x64\debug\net472\videoos.recorder.unittests.dll" id="e3eb7c25-f64d-fff5-8d1c-3fdfe590b3c9">
      <TestCategory>
        <TestCategoryItem TestCategory="Licensing" />
      </TestCategory>
      <Execution id="8571d50b-863d-472b-83e5-3ebff47dd7ce" />
      <TestMethod codeBase="D:\actions-runner\_work\XPCO\XPCO\Corporate\RecordingServer\RecorderService\tst\VideoOS.Recorder.UnitTests\bin\x64\Debug\net472\VideoOS.Recorder.UnitTests.dll" adapterTypeName="executor://mstestadapter/v2" className="VideoOS.Recorder.UnitTests.Licensing.LicenseManagerUnitTests" name="LicenseManager_CheckHardwareLicensed_unlicensed_licensedAfterExpiryDateWithReplacementToken" />
    </UnitTest>
    <UnitTest name="ExecuteRuleActions_PostCommandIsValid_NoContent" storage="d:\actions-runner\_work\xpco\xpco\corporate\recordingserver\recorderservice\tst\videoos.recorder.unittests\bin\x64\debug\net472\videoos.recorder.unittests.dll" id="d1ac2f4b-25eb-55ad-4adb-bd953cf33e6c">
      <Execution id="8dfdea25-1fdc-4da0-9634-1dd9efdaa13e" />
      <TestMethod codeBase="D:\actions-runner\_work\XPCO\XPCO\Corporate\RecordingServer\RecorderService\tst\VideoOS.Recorder.UnitTests\bin\x64\Debug\net472\VideoOS.Recorder.UnitTests.dll" adapterTypeName="executor://mstestadapter/v2" className="VideoOS.Recorder.UnitTests.RecorderControllerTests" name="ExecuteRuleActions_PostCommandIsValid_NoContent" />
    </UnitTest>
    <UnitTest name="AddHardwareUserCommandHandler_Execute_NullOrIncorrectArgs_Throw" storage="d:\actions-runner\_work\xpco\xpco\corporate\recordingserver\recorderservice\tst\videoos.recorder.unittests\bin\x64\debug\net472\videoos.recorder.unittests.dll" id="7361635d-0471-b883-2a3e-9e11ada3a373">
      <Execution id="9a94cf62-27d0-4666-97cd-1da45e0f6f45" />
      <TestMethod codeBase="D:\actions-runner\_work\XPCO\XPCO\Corporate\RecordingServer\RecorderService\tst\VideoOS.Recorder.UnitTests\bin\x64\Debug\net472\VideoOS.Recorder.UnitTests.dll" adapterTypeName="executor://mstestadapter/v2" className="VideoOS.Recorder.UnitTests.Command.AddHardwareUserCommandHandlerRecorderUnitTests" name="AddHardwareUserCommandHandler_Execute_NullOrIncorrectArgs_Throw" />
    </UnitTest>
    <UnitTest name="EnhanceSettings_DisabledPlugin" storage="d:\actions-runner\_work\xpco\xpco\corporate\recordingserver\recorderservice\tst\videoos.recorder.unittests\bin\x64\debug\net472\videoos.recorder.unittests.dll" id="134adb3c-1f37-9cb6-82d3-e8d72404da23">
      <Owners>
        <Owner name="FT06" />
      </Owners>
      <Execution id="ef9860a5-2e47-4518-ac66-ed896e90c3b3" />
      <TestMethod codeBase="D:\actions-runner\_work\XPCO\XPCO\Corporate\RecordingServer\RecorderService\tst\VideoOS.Recorder.UnitTests\bin\x64\Debug\net472\VideoOS.Recorder.UnitTests.dll" adapterTypeName="executor://mstestadapter/v2" className="VideoOS.Recorder.UnitTests.ObjectModel.Processors.PluginSettingsEnhancerTest" name="EnhanceSettings_DisabledPlugin" />
    </UnitTest>
    <UnitTest name="ChangeConfigLinksRemovedWhileRecordingCamera" storage="d:\actions-runner\_work\xpco\xpco\corporate\recordingserver\recorderservice\tst\videoos.recorder.unittests\bin\x64\debug\net472\videoos.recorder.unittests.dll" id="4ba37807-b858-01d5-a78a-d58c5dee0792">
      <TestCategory>
        <TestCategoryItem TestCategory="ObjectModel.Device.RelatedDeviceHandler" />
      </TestCategory>
      <Execution id="96525dc5-8c1b-409f-b183-0f98acb65efa" />
      <TestMethod codeBase="D:\actions-runner\_work\XPCO\XPCO\Corporate\RecordingServer\RecorderService\tst\VideoOS.Recorder.UnitTests\bin\x64\Debug\net472\VideoOS.Recorder.UnitTests.dll" adapterTypeName="executor://mstestadapter/v2" className="VideoOS.Recorder.UnitTests.ObjectModel.RelatedDeviceHandlerTest" name="ChangeConfigLinksRemovedWhileRecordingCamera" />
    </UnitTest>
    <UnitTest name="SetNetworkConfigurationCommandHandler_Execute_SunnyDay_IPv6" storage="d:\actions-runner\_work\xpco\xpco\corporate\recordingserver\recorderservice\tst\videoos.recorder.unittests\bin\x64\debug\net472\videoos.recorder.unittests.dll" id="3e5d9dcf-e6be-23b7-42e8-4c48fa66792a">
      <Execution id="45cf36e0-bf6d-46c3-a35b-c0359686b06c" />
      <TestMethod codeBase="D:\actions-runner\_work\XPCO\XPCO\Corporate\RecordingServer\RecorderService\tst\VideoOS.Recorder.UnitTests\bin\x64\Debug\net472\VideoOS.Recorder.UnitTests.dll" adapterTypeName="executor://mstestadapter/v2" className="VideoOS.Recorder.UnitTests.Command.SetNetworkConfigurationCommandHandlerUnitTests" name="SetNetworkConfigurationCommandHandler_Execute_SunnyDay_IPv6" />
    </UnitTest>
    <UnitTest name="SOAPCommandRequestHandler_ExecuteFunction_HandleSmartSearchStart_NoSearchMaskMask" storage="d:\actions-runner\_work\xpco\xpco\corporate\recordingserver\recorderservice\tst\videoos.recorder.unittests\bin\x64\debug\net472\videoos.recorder.unittests.dll" id="733bcc97-b59b-f665-d8e7-2335be33aaba">
      <Execution id="41446dbc-3c4e-4d94-80cf-39a39d8e4fc2" />
      <TestMethod codeBase="D:\actions-runner\_work\XPCO\XPCO\Corporate\RecordingServer\RecorderService\tst\VideoOS.Recorder.UnitTests\bin\x64\Debug\net472\VideoOS.Recorder.UnitTests.dll" adapterTypeName="executor://mstestadapter/v2" className="VideoOS.Recorder.UnitTests.WebServer.SOAPCommandRequestHandlerTests" name="SOAPCommandRequestHandler_ExecuteFunction_HandleSmartSearchStart_NoSearchMaskMask" />
    </UnitTest>
    <UnitTest name="SOAPCommandRequestHandler_GetClientCapabilities_PrivacyMask_Child_Of_ClientCapabilities_Section_Is_One" storage="d:\actions-runner\_work\xpco\xpco\corporate\recordingserver\recorderservice\tst\videoos.recorder.unittests\bin\x64\debug\net472\videoos.recorder.unittests.dll" id="fef1b3c8-b705-02f6-d7e4-83524813e7b5">
      <Execution id="5c66b308-59f0-4614-ad33-ebebb688b30e" />
      <TestMethod codeBase="D:\actions-runner\_work\XPCO\XPCO\Corporate\RecordingServer\RecorderService\tst\VideoOS.Recorder.UnitTests\bin\x64\Debug\net472\VideoOS.Recorder.UnitTests.dll" adapterTypeName="executor://mstestadapter/v2" className="VideoOS.Recorder.UnitTests.WebServer.SOAPCommandRequestHandlerTests" name="SOAPCommandRequestHandler_GetClientCapabilities_PrivacyMask_Child_Of_ClientCapabilities_Section_Is_One" />
    </UnitTest>
    <UnitTest name="PtzManagerDataHolder_GetOrAddPtzController_Device_Ptz_Not_Preset" storage="d:\actions-runner\_work\xpco\xpco\corporate\recordingserver\recorderservice\tst\videoos.recorder.unittests\bin\x64\debug\net472\videoos.recorder.unittests.dll" id="aba99fc6-3d31-95d1-311f-ba8853e03d7e">
      <Execution id="74030136-0698-4a04-ad99-ce5ae92619d0" />
      <TestMethod codeBase="D:\actions-runner\_work\XPCO\XPCO\Corporate\RecordingServer\RecorderService\tst\VideoOS.Recorder.UnitTests\bin\x64\Debug\net472\VideoOS.Recorder.UnitTests.dll" adapterTypeName="executor://mstestadapter/v2" className="VideoOS.Recorder.UnitTests.Command.PtzManagerDataHolderTest" name="PtzManagerDataHolder_GetOrAddPtzController_Device_Ptz_Not_Preset" />
    </UnitTest>
    <UnitTest name="ConnectSuccessSimple_Microphone" storage="d:\actions-runner\_work\xpco\xpco\corporate\recordingserver\recorderservice\tst\videoos.recorder.unittests\bin\x64\debug\net472\videoos.recorder.unittests.dll" id="c215f384-d759-0462-3f93-fb7f98ba008e">
      <Execution id="beb4abe0-cd0d-48a9-8ce8-261fca0f820e" />
      <TestMethod codeBase="D:\actions-runner\_work\XPCO\XPCO\Corporate\RecordingServer\RecorderService\tst\VideoOS.Recorder.UnitTests\bin\x64\Debug\net472\VideoOS.Recorder.UnitTests.dll" adapterTypeName="executor://mstestadapter/v2" className="VideoOS.Recorder.UnitTests.WebServer.ImageServerRequestHandlerTests" name="ConnectSuccessSimple_Microphone" />
    </UnitTest>
    <UnitTest name="FirmwareUpgradeCommandHandler_Execute_HardwareNotStarted_Errors" storage="d:\actions-runner\_work\xpco\xpco\corporate\recordingserver\recorderservice\tst\videoos.recorder.unittests\bin\x64\debug\net472\videoos.recorder.unittests.dll" id="3c4da093-1855-311d-b3ee-af116f280686">
      <Execution id="c679f2f4-a5b1-40e0-82f2-266f1ed39099" />
      <TestMethod codeBase="D:\actions-runner\_work\XPCO\XPCO\Corporate\RecordingServer\RecorderService\tst\VideoOS.Recorder.UnitTests\bin\x64\Debug\net472\VideoOS.Recorder.UnitTests.dll" adapterTypeName="executor://mstestadapter/v2" className="VideoOS.Recorder.UnitTests.Command.FirmwareUpgradeCommandHandlerUnitTests" name="FirmwareUpgradeCommandHandler_Execute_HardwareNotStarted_Errors" />
    </UnitTest>
    <UnitTest name="RecStorage_Startup_NotAllowStart_NotKeepFailing_Failure_Retry" storage="d:\actions-runner\_work\xpco\xpco\corporate\recordingserver\recorderservice\tst\videoos.recorder.unittests\bin\x64\debug\net472\videoos.recorder.unittests.dll" id="39ab428f-3f0b-9401-d49a-b020021c99dc">
      <Execution id="7aa51373-f7bd-4c77-8cfb-17ae8e63df99" />
      <TestMethod codeBase="D:\actions-runner\_work\XPCO\XPCO\Corporate\RecordingServer\RecorderService\tst\VideoOS.Recorder.UnitTests\bin\x64\Debug\net472\VideoOS.Recorder.UnitTests.dll" adapterTypeName="executor://mstestadapter/v2" className="VideoOS.Recorder.UnitTests.ObjectModel.MediaDbManagerUnitTests" name="RecStorage_Startup_NotAllowStart_NotKeepFailing_Failure_Retry" />
    </UnitTest>
    <UnitTest name="GetStatistics_Framerate_ZeroFrames" storage="d:\actions-runner\_work\xpco\xpco\corporate\recordingserver\recorderservice\tst\videoos.recorder.unittests\bin\x64\debug\net472\videoos.recorder.unittests.dll" id="665b1f0f-1d1c-7042-b714-c16e80b625c9">
      <TestCategory>
        <TestCategoryItem TestCategory="PipelineRecordingStatistics" />
      </TestCategory>
      <Execution id="c8f3a2cf-b9e7-41b5-a4bf-727233276ac4" />
      <TestMethod codeBase="D:\actions-runner\_work\XPCO\XPCO\Corporate\RecordingServer\RecorderService\tst\VideoOS.Recorder.UnitTests\bin\x64\Debug\net472\VideoOS.Recorder.UnitTests.dll" adapterTypeName="executor://mstestadapter/v2" className="VideoOS.Recorder.UnitTests.ObjectModel.Processors.PipelineRecordingStatisticsTests" name="GetStatistics_Framerate_ZeroFrames" />
    </UnitTest>
    <UnitTest name="EdgeStorageLimitsNoTimeLimit" storage="d:\actions-runner\_work\xpco\xpco\corporate\recordingserver\recorderservice\tst\videoos.recorder.unittests\bin\x64\debug\net472\videoos.recorder.unittests.dll" id="5a4bbf6d-6575-fc29-4105-c0aa9f01f9b3">
      <TestCategory>
        <TestCategoryItem TestCategory="EdgeStorageLimits" />
      </TestCategory>
      <Execution id="3d101298-9abb-4e96-8734-0d30ebba62d3" />
      <TestMethod codeBase="D:\actions-runner\_work\XPCO\XPCO\Corporate\RecordingServer\RecorderService\tst\VideoOS.Recorder.UnitTests\bin\x64\Debug\net472\VideoOS.Recorder.UnitTests.dll" adapterTypeName="executor://mstestadapter/v2" className="VideoOS.Recorder.UnitTests.EdgeStorage.EdgeStorageLimitTests" name="EdgeStorageLimitsNoTimeLimit" />
    </UnitTest>
    <UnitTest name="PtzManagerDataHolder_GetOrAddPtzController_Not_Exists_No_Create" storage="d:\actions-runner\_work\xpco\xpco\corporate\recordingserver\recorderservice\tst\videoos.recorder.unittests\bin\x64\debug\net472\videoos.recorder.unittests.dll" id="c25a9952-d580-af92-0886-610e90e83ab5">
      <Execution id="dc0542e4-3fa1-43d7-be9d-2abf23db9d54" />
      <TestMethod codeBase="D:\actions-runner\_work\XPCO\XPCO\Corporate\RecordingServer\RecorderService\tst\VideoOS.Recorder.UnitTests\bin\x64\Debug\net472\VideoOS.Recorder.UnitTests.dll" adapterTypeName="executor://mstestadapter/v2" className="VideoOS.Recorder.UnitTests.Command.PtzManagerDataHolderTest" name="PtzManagerDataHolder_GetOrAddPtzController_Not_Exists_No_Create" />
    </UnitTest>
    <UnitTest name="Transform_EmptyMask_Success" storage="d:\actions-runner\_work\xpco\xpco\corporate\recordingserver\recorderservice\tst\videoos.recorder.unittests\bin\x64\debug\net472\videoos.recorder.unittests.dll" id="5fdbc1fd-a841-1dde-9f6d-f82cd22344bc">
      <Execution id="e1a265be-f8f9-4afc-aba5-1a3ba835b35d" />
      <TestMethod codeBase="D:\actions-runner\_work\XPCO\XPCO\Corporate\RecordingServer\RecorderService\tst\VideoOS.Recorder.UnitTests\bin\x64\Debug\net472\VideoOS.Recorder.UnitTests.dll" adapterTypeName="executor://mstestadapter/v2" className="VideoOS.Recorder.UnitTests.WebServer.PrivacyMaskTransportConverterUnitTests" name="Transform_EmptyMask_Success" />
    </UnitTest>
    <UnitTest name="MessageManagerCallback_HandleResponse_Fail_RetriesUpdate" storage="d:\actions-runner\_work\xpco\xpco\corporate\recordingserver\recorderservice\tst\videoos.recorder.unittests\bin\x64\debug\net472\videoos.recorder.unittests.dll" id="5e96541d-bf62-26ff-d471-40017efbfeae">
      <Execution id="abfbdc82-4b30-472d-87b3-503d99e78ca7" />
      <TestMethod codeBase="D:\actions-runner\_work\XPCO\XPCO\Corporate\RecordingServer\RecorderService\tst\VideoOS.Recorder.UnitTests\bin\x64\Debug\net472\VideoOS.Recorder.UnitTests.dll" adapterTypeName="executor://mstestadapter/v2" className="VideoOS.Recorder.UnitTests.DriverUpdateHelperUnitTests" name="MessageManagerCallback_HandleResponse_Fail_RetriesUpdate" />
    </UnitTest>
    <UnitTest name="MediaDbCache_GetListFileSystemDiskUsage_Has_Cache_Value" storage="d:\actions-runner\_work\xpco\xpco\corporate\recordingserver\recorderservice\tst\videoos.recorder.unittests\bin\x64\debug\net472\videoos.recorder.unittests.dll" id="da6386de-84e3-c7b0-b319-5c8d85da9e75">
      <Execution id="03e96c8e-a831-4c9e-9d71-da2a06ed41e4" />
      <TestMethod codeBase="D:\actions-runner\_work\XPCO\XPCO\Corporate\RecordingServer\RecorderService\tst\VideoOS.Recorder.UnitTests\bin\x64\Debug\net472\VideoOS.Recorder.UnitTests.dll" adapterTypeName="executor://mstestadapter/v2" className="VideoOS.Recorder.UnitTests.Database.MediaDbCacheUnitTests" name="MediaDbCache_GetListFileSystemDiskUsage_Has_Cache_Value" />
    </UnitTest>
    <UnitTest name="PreferredAddressTable_IsAddressRegistered_Success" storage="d:\actions-runner\_work\xpco\xpco\corporate\recordingserver\recorderservice\tst\videoos.recorder.unittests\bin\x64\debug\net472\videoos.recorder.unittests.dll" id="ddf5cc0d-87e0-f6c1-f045-d76e35cb892b">
      <Execution id="33f547ca-ff27-423b-a507-9e458812f301" />
      <TestMethod codeBase="D:\actions-runner\_work\XPCO\XPCO\Corporate\RecordingServer\RecorderService\tst\VideoOS.Recorder.UnitTests\bin\x64\Debug\net472\VideoOS.Recorder.UnitTests.dll" adapterTypeName="executor://mstestadapter/v2" className="VideoOS.Recorder.UnitTests.Multicast.PreferredAddressTableUnitTests" name="PreferredAddressTable_IsAddressRegistered_Success" />
    </UnitTest>
    <UnitTest name="SmartSearchHandlerBackwardTestDataWithMotionOnlyIgnoreFirstHit" storage="d:\actions-runner\_work\xpco\xpco\corporate\recordingserver\recorderservice\tst\videoos.recorder.unittests\bin\x64\debug\net472\videoos.recorder.unittests.dll" id="26aaedf7-f3c3-e3c7-363a-4eef9f264b06">
      <TestCategory>
        <TestCategoryItem TestCategory="SmartSearch" />
      </TestCategory>
      <Execution id="4d4192d3-837a-4e74-af1e-595b4fa56eb8" />
      <TestMethod codeBase="D:\actions-runner\_work\XPCO\XPCO\Corporate\RecordingServer\RecorderService\tst\VideoOS.Recorder.UnitTests\bin\x64\Debug\net472\VideoOS.Recorder.UnitTests.dll" adapterTypeName="executor://mstestadapter/v2" className="VideoOS.Recorder.UnitTests.SmartSearch.SmartSearchHandlerTest" name="SmartSearchHandlerBackwardTestDataWithMotionOnlyIgnoreFirstHit" />
    </UnitTest>
    <UnitTest name="SOAPCommandRequestHandler_ExecuteFunction_HandleSequencesGet_NoMaxCount" storage="d:\actions-runner\_work\xpco\xpco\corporate\recordingserver\recorderservice\tst\videoos.recorder.unittests\bin\x64\debug\net472\videoos.recorder.unittests.dll" id="60cdcb6c-1ef0-d407-72f5-02310833db16">
      <Execution id="53851476-c3a6-4995-9482-f5cf3e917fa0" />
      <TestMethod codeBase="D:\actions-runner\_work\XPCO\XPCO\Corporate\RecordingServer\RecorderService\tst\VideoOS.Recorder.UnitTests\bin\x64\Debug\net472\VideoOS.Recorder.UnitTests.dll" adapterTypeName="executor://mstestadapter/v2" className="VideoOS.Recorder.UnitTests.WebServer.SOAPCommandRequestHandlerTests" name="SOAPCommandRequestHandler_ExecuteFunction_HandleSequencesGet_NoMaxCount" />
    </UnitTest>
    <UnitTest name="DatabaseTaskCommandHandler_EmptyDevice_EmptyTableException_Failure" storage="d:\actions-runner\_work\xpco\xpco\corporate\recordingserver\recorderservice\tst\videoos.recorder.unittests\bin\x64\debug\net472\videoos.recorder.unittests.dll" id="91e99c22-18c5-1f77-6ea4-73a281b24478">
      <Execution id="cce7b76d-ab71-4c06-9777-e8a90d95d1ab" />
      <TestMethod codeBase="D:\actions-runner\_work\XPCO\XPCO\Corporate\RecordingServer\RecorderService\tst\VideoOS.Recorder.UnitTests\bin\x64\Debug\net472\VideoOS.Recorder.UnitTests.dll" adapterTypeName="executor://mstestadapter/v2" className="VideoOS.Recorder.UnitTests.Command.DatabaseTaskCommandHandlerTest" name="DatabaseTaskCommandHandler_EmptyDevice_EmptyTableException_Failure" />
    </UnitTest>
    <UnitTest name="SetNetworkConfigurationCommandHandler_Execute_NullArgs_Throws" storage="d:\actions-runner\_work\xpco\xpco\corporate\recordingserver\recorderservice\tst\videoos.recorder.unittests\bin\x64\debug\net472\videoos.recorder.unittests.dll" id="6a9298a7-5660-7e18-7315-5b9cdc4d96b2">
      <Execution id="c03154fd-6fca-44fb-9595-a9161f90a811" />
      <TestMethod codeBase="D:\actions-runner\_work\XPCO\XPCO\Corporate\RecordingServer\RecorderService\tst\VideoOS.Recorder.UnitTests\bin\x64\Debug\net472\VideoOS.Recorder.UnitTests.dll" adapterTypeName="executor://mstestadapter/v2" className="VideoOS.Recorder.UnitTests.Command.SetNetworkConfigurationCommandHandlerUnitTests" name="SetNetworkConfigurationCommandHandler_Execute_NullArgs_Throws" />
    </UnitTest>
    <UnitTest name="SOAPCommandRequestHandler_ExecuteFunction_HandlePtzGetAbsolutePosition_NoDeviceId" storage="d:\actions-runner\_work\xpco\xpco\corporate\recordingserver\recorderservice\tst\videoos.recorder.unittests\bin\x64\debug\net472\videoos.recorder.unittests.dll" id="9da080b9-513b-368f-a550-e3016b79c97e">
      <Execution id="51707689-8eb7-4b9c-968e-a378f9a92009" />
      <TestMethod codeBase="D:\actions-runner\_work\XPCO\XPCO\Corporate\RecordingServer\RecorderService\tst\VideoOS.Recorder.UnitTests\bin\x64\Debug\net472\VideoOS.Recorder.UnitTests.dll" adapterTypeName="executor://mstestadapter/v2" className="VideoOS.Recorder.UnitTests.WebServer.SOAPCommandRequestHandlerTests" name="SOAPCommandRequestHandler_ExecuteFunction_HandlePtzGetAbsolutePosition_NoDeviceId" />
    </UnitTest>
    <UnitTest name="RecorderAccessTokenHandler_PopulateAuthorizationHeaderAsync_IdentityServerTokenException" storage="d:\actions-runner\_work\xpco\xpco\corporate\recordingserver\recorderservice\tst\videoos.recorder.unittests\bin\x64\debug\net472\videoos.recorder.unittests.dll" id="84a694b2-8354-cd3a-ff22-a2de6b0b581e">
      <Execution id="6757221f-4f4f-4c5a-a810-3c89fd36b3e3" />
      <TestMethod codeBase="D:\actions-runner\_work\XPCO\XPCO\Corporate\RecordingServer\RecorderService\tst\VideoOS.Recorder.UnitTests\bin\x64\Debug\net472\VideoOS.Recorder.UnitTests.dll" adapterTypeName="executor://mstestadapter/v2" className="VideoOS.Recorder.UnitTests.ServerCommunication.RecorderAccessTokenHandlerTests" name="RecorderAccessTokenHandler_PopulateAuthorizationHeaderAsync_IdentityServerTokenException" />
    </UnitTest>
    <UnitTest name="GetAbsolutePtzPositionCommandHandler_Execute_Driver_Exception" storage="d:\actions-runner\_work\xpco\xpco\corporate\recordingserver\recorderservice\tst\videoos.recorder.unittests\bin\x64\debug\net472\videoos.recorder.unittests.dll" id="89052bd8-840c-206d-9e34-5dfd0fe6eff1">
      <Execution id="08694bd9-5e8f-4786-8493-fe6e52179347" />
      <TestMethod codeBase="D:\actions-runner\_work\XPCO\XPCO\Corporate\RecordingServer\RecorderService\tst\VideoOS.Recorder.UnitTests\bin\x64\Debug\net472\VideoOS.Recorder.UnitTests.dll" adapterTypeName="executor://mstestadapter/v2" className="VideoOS.Recorder.UnitTests.Command.GetAbsolutePtzPositionCommandHandlerTest" name="GetAbsolutePtzPositionCommandHandler_Execute_Driver_Exception" />
    </UnitTest>
    <UnitTest name="ConnectSuccess_PrevWithTime_BeforeMedia" storage="d:\actions-runner\_work\xpco\xpco\corporate\recordingserver\recorderservice\tst\videoos.recorder.unittests\bin\x64\debug\net472\videoos.recorder.unittests.dll" id="290c1c4d-f869-be83-3d83-57c43f3d21d3">
      <Execution id="994cacc6-b347-467d-9314-4bb18a9db8c8" />
      <TestMethod codeBase="D:\actions-runner\_work\XPCO\XPCO\Corporate\RecordingServer\RecorderService\tst\VideoOS.Recorder.UnitTests\bin\x64\Debug\net472\VideoOS.Recorder.UnitTests.dll" adapterTypeName="executor://mstestadapter/v2" className="VideoOS.Recorder.UnitTests.WebServer.ImageServerRequestHandlerTests" name="ConnectSuccess_PrevWithTime_BeforeMedia" />
    </UnitTest>
    <UnitTest name="QueryDeviceEvidenceLockSizesCommandHandler_QueryDeviceEvidenceLockSizesResponse_InstalledAsAFailOver_NegativeSize" storage="d:\actions-runner\_work\xpco\xpco\corporate\recordingserver\recorderservice\tst\videoos.recorder.unittests\bin\x64\debug\net472\videoos.recorder.unittests.dll" id="693448aa-adc5-611c-2b53-0a8695f4d97d">
      <Execution id="ec66ecaf-264d-433d-b350-329805ca2b4a" />
      <TestMethod codeBase="D:\actions-runner\_work\XPCO\XPCO\Corporate\RecordingServer\RecorderService\tst\VideoOS.Recorder.UnitTests\bin\x64\Debug\net472\VideoOS.Recorder.UnitTests.dll" adapterTypeName="executor://mstestadapter/v2" className="VideoOS.Recorder.UnitTests.Command.QueryDeviceEvidenceLockSizesCommandHandlerTests" name="QueryDeviceEvidenceLockSizesCommandHandler_QueryDeviceEvidenceLockSizesResponse_InstalledAsAFailOver_NegativeSize" />
    </UnitTest>
    <UnitTest name="SmartSearchHandlerFirstHitTestStatusAndResult" storage="d:\actions-runner\_work\xpco\xpco\corporate\recordingserver\recorderservice\tst\videoos.recorder.unittests\bin\x64\debug\net472\videoos.recorder.unittests.dll" id="ebe473c0-4546-ef14-e351-e74aa8e18fb6">
      <TestCategory>
        <TestCategoryItem TestCategory="SmartSearch" />
      </TestCategory>
      <Execution id="42f7dac2-6a03-4ca7-8c94-27d74e6d7f88" />
      <TestMethod codeBase="D:\actions-runner\_work\XPCO\XPCO\Corporate\RecordingServer\RecorderService\tst\VideoOS.Recorder.UnitTests\bin\x64\Debug\net472\VideoOS.Recorder.UnitTests.dll" adapterTypeName="executor://mstestadapter/v2" className="VideoOS.Recorder.UnitTests.SmartSearch.SmartSearchHandlerTest" name="SmartSearchHandlerFirstHitTestStatusAndResult" />
    </UnitTest>
    <UnitTest name="RecorderAccessTokenHandler_PopulateAuthorizationHeaderAsync_Success" storage="d:\actions-runner\_work\xpco\xpco\corporate\recordingserver\recorderservice\tst\videoos.recorder.unittests\bin\x64\debug\net472\videoos.recorder.unittests.dll" id="c5d54e22-fee6-b97e-41b8-d52827f7965f">
      <Execution id="47311b1a-ac5e-44ce-87f3-1585c1c8baf4" />
      <TestMethod codeBase="D:\actions-runner\_work\XPCO\XPCO\Corporate\RecordingServer\RecorderService\tst\VideoOS.Recorder.UnitTests\bin\x64\Debug\net472\VideoOS.Recorder.UnitTests.dll" adapterTypeName="executor://mstestadapter/v2" className="VideoOS.Recorder.UnitTests.ServerCommunication.RecorderAccessTokenHandlerTests" name="RecorderAccessTokenHandler_PopulateAuthorizationHeaderAsync_Success" />
    </UnitTest>
    <UnitTest name="DatabaseoperationCommandhandler_VerifyStorageAndArchiveOnline_DeviceStorage_Offline" storage="d:\actions-runner\_work\xpco\xpco\corporate\recordingserver\recorderservice\tst\videoos.recorder.unittests\bin\x64\debug\net472\videoos.recorder.unittests.dll" id="eb493014-02a6-da2e-58d7-31f2c81c0ad3">
      <Execution id="63aa2829-5e66-4aa7-b5a5-d6bf556b6ad8" />
      <TestMethod codeBase="D:\actions-runner\_work\XPCO\XPCO\Corporate\RecordingServer\RecorderService\tst\VideoOS.Recorder.UnitTests\bin\x64\Debug\net472\VideoOS.Recorder.UnitTests.dll" adapterTypeName="executor://mstestadapter/v2" className="VideoOS.Recorder.UnitTests.Command.DatabaseOperationCommandHandlerUnitTests" name="DatabaseoperationCommandhandler_VerifyStorageAndArchiveOnline_DeviceStorage_Offline" />
    </UnitTest>
    <UnitTest name="GetRecorderTasksWithPendingStop_InternalStateStartedOneTasks_ReturnsArrayWithOneElement" storage="d:\actions-runner\_work\xpco\xpco\corporate\recordingserver\recorderservice\tst\videoos.recorder.unittests\bin\x64\debug\net472\videoos.recorder.unittests.dll" id="806abd20-3c06-737b-da82-40fdab6a592c">
      <Execution id="67e94f40-fecf-4d9b-a587-69fe85621cef" />
      <TestMethod codeBase="D:\actions-runner\_work\XPCO\XPCO\Corporate\RecordingServer\RecorderService\tst\VideoOS.Recorder.UnitTests\bin\x64\Debug\net472\VideoOS.Recorder.UnitTests.dll" adapterTypeName="executor://mstestadapter/v2" className="VideoOS.Recorder.UnitTests.CommManagerWebApiTests" name="GetRecorderTasksWithPendingStop_InternalStateStartedOneTasks_ReturnsArrayWithOneElement" />
    </UnitTest>
    <UnitTest name="ReadMessageHeaders_ReadRequestLine_SoapStatus2Wsdl_Success" storage="d:\actions-runner\_work\xpco\xpco\corporate\recordingserver\recorderservice\tst\videoos.recorder.unittests\bin\x64\debug\net472\videoos.recorder.unittests.dll" id="bf27bba2-fbea-d5db-5395-e269e69533ee">
      <Execution id="bd92ae69-bbad-4d01-86b5-13d01dd5804c" />
      <TestMethod codeBase="D:\actions-runner\_work\XPCO\XPCO\Corporate\RecordingServer\RecorderService\tst\VideoOS.Recorder.UnitTests\bin\x64\Debug\net472\VideoOS.Recorder.UnitTests.dll" adapterTypeName="executor://mstestadapter/v2" className="VideoOS.Recorder.UnitTests.WebServer.WebRequestReaderUnitTests" name="ReadMessageHeaders_ReadRequestLine_SoapStatus2Wsdl_Success" />
    </UnitTest>
    <UnitTest name="ResolveIdAndMessage_NonMapped" storage="d:\actions-runner\_work\xpco\xpco\corporate\recordingserver\recorderservice\tst\videoos.recorder.unittests\bin\x64\debug\net472\videoos.recorder.unittests.dll" id="6b3e8315-25aa-da2f-c82e-34e79cabc5bc">
      <Execution id="75896994-171f-4fe7-8fd3-8a2e199dc989" />
      <TestMethod codeBase="D:\actions-runner\_work\XPCO\XPCO\Corporate\RecordingServer\RecorderService\tst\VideoOS.Recorder.UnitTests\bin\x64\Debug\net472\VideoOS.Recorder.UnitTests.dll" adapterTypeName="executor://mstestadapter/v2" className="VideoOS.Recorder.UnitTests.RuleActions.SendSNMPTrapRuleActionTests" name="ResolveIdAndMessage_NonMapped" />
    </UnitTest>
    <UnitTest name="TimeRangeConversionRangesOverlapsStartAndEndTime" storage="d:\actions-runner\_work\xpco\xpco\corporate\recordingserver\recorderservice\tst\videoos.recorder.unittests\bin\x64\debug\net472\videoos.recorder.unittests.dll" id="fd058c02-c1b1-34e1-3ffa-3551ce08eb07">
      <TestCategory>
        <TestCategoryItem TestCategory="TimeRangeConversion" />
      </TestCategory>
      <Execution id="3fb5cc05-84b1-429d-81d2-2dc223f34f4c" />
      <TestMethod codeBase="D:\actions-runner\_work\XPCO\XPCO\Corporate\RecordingServer\RecorderService\tst\VideoOS.Recorder.UnitTests\bin\x64\Debug\net472\VideoOS.Recorder.UnitTests.dll" adapterTypeName="executor://mstestadapter/v2" className="VideoOS.Recorder.UnitTests.TimeRangeConversionTests.TimeRangeConversionTests" name="TimeRangeConversionRangesOverlapsStartAndEndTime" />
    </UnitTest>
    <UnitTest name="CheckDeleteDeviceMediaCommandHandler_LocalConfigG1_MediaDbG1G2G3G4_ExistedTracksG1G4_DeleteG2G3" storage="d:\actions-runner\_work\xpco\xpco\corporate\recordingserver\recorderservice\tst\videoos.recorder.unittests\bin\x64\debug\net472\videoos.recorder.unittests.dll" id="45a4f1a6-2ce2-e56e-6836-f273a0af1ca2">
      <Execution id="9cf1a580-f3b6-4362-95eb-9f24c7ec153e" />
      <TestMethod codeBase="D:\actions-runner\_work\XPCO\XPCO\Corporate\RecordingServer\RecorderService\tst\VideoOS.Recorder.UnitTests\bin\x64\Debug\net472\VideoOS.Recorder.UnitTests.dll" adapterTypeName="executor://mstestadapter/v2" className="VideoOS.Recorder.UnitTests.Command.CheckDeleteDeviceMediaCommandHandlerTests" name="CheckDeleteDeviceMediaCommandHandler_LocalConfigG1_MediaDbG1G2G3G4_ExistedTracksG1G4_DeleteG2G3" />
    </UnitTest>
    <UnitTest name="PtzPatrollingSessionBase_Stop_Success" storage="d:\actions-runner\_work\xpco\xpco\corporate\recordingserver\recorderservice\tst\videoos.recorder.unittests\bin\x64\debug\net472\videoos.recorder.unittests.dll" id="c4df3de5-f8fd-2494-5f7d-fc0b843fc0ca">
      <Execution id="318588cf-3210-4d12-acd4-31e3236100e3" />
      <TestMethod codeBase="D:\actions-runner\_work\XPCO\XPCO\Corporate\RecordingServer\RecorderService\tst\VideoOS.Recorder.UnitTests\bin\x64\Debug\net472\VideoOS.Recorder.UnitTests.dll" adapterTypeName="executor://mstestadapter/v2" className="VideoOS.Recorder.UnitTests.Command.PtzSessionsTests" name="PtzPatrollingSessionBase_Stop_Success" />
    </UnitTest>
    <UnitTest name="GetDatabaseInfo_RecordingStorageFound_ArchiveHintFalse" storage="d:\actions-runner\_work\xpco\xpco\corporate\recordingserver\recorderservice\tst\videoos.recorder.unittests\bin\x64\debug\net472\videoos.recorder.unittests.dll" id="3e3ab9c7-2e19-0a76-df3b-2f8cef7a74d7">
      <Execution id="5e09f989-2ece-4452-b20a-8fe1d06ad0ac" />
      <TestMethod codeBase="D:\actions-runner\_work\XPCO\XPCO\Corporate\RecordingServer\RecorderService\tst\VideoOS.Recorder.UnitTests\bin\x64\Debug\net472\VideoOS.Recorder.UnitTests.dll" adapterTypeName="executor://mstestadapter/v2" className="VideoOS.Recorder.UnitTests.MediaDbEventProcessorTests" name="GetDatabaseInfo_RecordingStorageFound_ArchiveHintFalse" />
    </UnitTest>
    <UnitTest name="GetRecorderTasks_InternalStateStopped_ThrowsCommunicationStoppedException" storage="d:\actions-runner\_work\xpco\xpco\corporate\recordingserver\recorderservice\tst\videoos.recorder.unittests\bin\x64\debug\net472\videoos.recorder.unittests.dll" id="a829883c-6278-e6e6-96ba-9208e8a0e9f5">
      <Execution id="f91efab2-f4a1-433d-8c5e-6d4244db419f" />
      <TestMethod codeBase="D:\actions-runner\_work\XPCO\XPCO\Corporate\RecordingServer\RecorderService\tst\VideoOS.Recorder.UnitTests\bin\x64\Debug\net472\VideoOS.Recorder.UnitTests.dll" adapterTypeName="executor://mstestadapter/v2" className="VideoOS.Recorder.UnitTests.CommManagerWebApiTests" name="GetRecorderTasks_InternalStateStopped_ThrowsCommunicationStoppedException" />
    </UnitTest>
    <UnitTest name="GetRecorderTasksWithPendingStop_InternalStateStopped_ThrowsCommunicationStoppedException" storage="d:\actions-runner\_work\xpco\xpco\corporate\recordingserver\recorderservice\tst\videoos.recorder.unittests\bin\x64\debug\net472\videoos.recorder.unittests.dll" id="9affb97e-1e02-ae41-4d90-3807ddd1dde2">
      <Execution id="f6207453-0298-4b2e-82f1-6ceaccce1622" />
      <TestMethod codeBase="D:\actions-runner\_work\XPCO\XPCO\Corporate\RecordingServer\RecorderService\tst\VideoOS.Recorder.UnitTests\bin\x64\Debug\net472\VideoOS.Recorder.UnitTests.dll" adapterTypeName="executor://mstestadapter/v2" className="VideoOS.Recorder.UnitTests.CommManagerWebApiTests" name="GetRecorderTasksWithPendingStop_InternalStateStopped_ThrowsCommunicationStoppedException" />
    </UnitTest>
    <UnitTest name="SOAPCommandRequestHandler_ExecuteFunction_HandlePTZDeactivatePatrollingSchema_Success" storage="d:\actions-runner\_work\xpco\xpco\corporate\recordingserver\recorderservice\tst\videoos.recorder.unittests\bin\x64\debug\net472\videoos.recorder.unittests.dll" id="e3108ec8-5e25-f657-02ca-e68077e5c65b">
      <Execution id="02426949-f003-484c-8547-7118077958d7" />
      <TestMethod codeBase="D:\actions-runner\_work\XPCO\XPCO\Corporate\RecordingServer\RecorderService\tst\VideoOS.Recorder.UnitTests\bin\x64\Debug\net472\VideoOS.Recorder.UnitTests.dll" adapterTypeName="executor://mstestadapter/v2" className="VideoOS.Recorder.UnitTests.WebServer.SOAPCommandRequestHandlerTests" name="SOAPCommandRequestHandler_ExecuteFunction_HandlePTZDeactivatePatrollingSchema_Success" />
    </UnitTest>
    <UnitTest name="DatabaseTaskCommandHandler_TableNameGenerator_GetDestinationNameForMovedTable_Success2" storage="d:\actions-runner\_work\xpco\xpco\corporate\recordingserver\recorderservice\tst\videoos.recorder.unittests\bin\x64\debug\net472\videoos.recorder.unittests.dll" id="ade80c07-6eec-3878-3c46-2f009575cf55">
      <Execution id="cb84a143-7914-453a-9dc2-978a6ee27ebf" />
      <TestMethod codeBase="D:\actions-runner\_work\XPCO\XPCO\Corporate\RecordingServer\RecorderService\tst\VideoOS.Recorder.UnitTests\bin\x64\Debug\net472\VideoOS.Recorder.UnitTests.dll" adapterTypeName="executor://mstestadapter/v2" className="VideoOS.Recorder.UnitTests.Command.DatabaseTaskCommandHandlerTableNameGeneratorTests" name="DatabaseTaskCommandHandler_TableNameGenerator_GetDestinationNameForMovedTable_Success2" />
    </UnitTest>
    <UnitTest name="SOAPCommandRequestHandler_ExecuteFunction_HandleOutputActivate_NoDeviceId" storage="d:\actions-runner\_work\xpco\xpco\corporate\recordingserver\recorderservice\tst\videoos.recorder.unittests\bin\x64\debug\net472\videoos.recorder.unittests.dll" id="30be1ba8-8dec-ac74-dacd-a90af2ca4ce7">
      <Execution id="25aea7e1-4f11-4a02-a443-596b1a44ba35" />
      <TestMethod codeBase="D:\actions-runner\_work\XPCO\XPCO\Corporate\RecordingServer\RecorderService\tst\VideoOS.Recorder.UnitTests\bin\x64\Debug\net472\VideoOS.Recorder.UnitTests.dll" adapterTypeName="executor://mstestadapter/v2" className="VideoOS.Recorder.UnitTests.WebServer.SOAPCommandRequestHandlerTests" name="SOAPCommandRequestHandler_ExecuteFunction_HandleOutputActivate_NoDeviceId" />
    </UnitTest>
    <UnitTest name="GetSettingAsInt16_NonExistingSetting_Throws_InvalidMulticastSettingsException" storage="d:\actions-runner\_work\xpco\xpco\corporate\recordingserver\recorderservice\tst\videoos.recorder.unittests\bin\x64\debug\net472\videoos.recorder.unittests.dll" id="1339fa88-0b32-721b-237e-2d3d86ed2056">
      <Execution id="7dacaef3-aff8-4baa-9533-454050fb7473" />
      <TestMethod codeBase="D:\actions-runner\_work\XPCO\XPCO\Corporate\RecordingServer\RecorderService\tst\VideoOS.Recorder.UnitTests\bin\x64\Debug\net472\VideoOS.Recorder.UnitTests.dll" adapterTypeName="executor://mstestadapter/v2" className="VideoOS.Recorder.UnitTests.Multicast.MulticastSettingsExtensionsUnitTests" name="GetSettingAsInt16_NonExistingSetting_Throws_InvalidMulticastSettingsException" />
    </UnitTest>
    <UnitTest name="AddHardwareUserCommandHandler_Execute_HardwareIsReadOnly_Errors" storage="d:\actions-runner\_work\xpco\xpco\corporate\recordingserver\recorderservice\tst\videoos.recorder.unittests\bin\x64\debug\net472\videoos.recorder.unittests.dll" id="a82568a0-3ce6-77da-6610-0e44151e4804">
      <Execution id="61251018-690b-482b-86f1-c3e32ece8677" />
      <TestMethod codeBase="D:\actions-runner\_work\XPCO\XPCO\Corporate\RecordingServer\RecorderService\tst\VideoOS.Recorder.UnitTests\bin\x64\Debug\net472\VideoOS.Recorder.UnitTests.dll" adapterTypeName="executor://mstestadapter/v2" className="VideoOS.Recorder.UnitTests.Command.AddHardwareUserCommandHandlerRecorderUnitTests" name="AddHardwareUserCommandHandler_Execute_HardwareIsReadOnly_Errors" />
    </UnitTest>
    <UnitTest name="SOAPCommandRequestHandler_ExecuteFunction_HandlePTZMoveStart_NoDeviceId" storage="d:\actions-runner\_work\xpco\xpco\corporate\recordingserver\recorderservice\tst\videoos.recorder.unittests\bin\x64\debug\net472\videoos.recorder.unittests.dll" id="e3b7fc32-a560-5bdd-6655-6824470449c4">
      <Execution id="de3cb429-719d-4c59-a9ed-c34c17eee9ce" />
      <TestMethod codeBase="D:\actions-runner\_work\XPCO\XPCO\Corporate\RecordingServer\RecorderService\tst\VideoOS.Recorder.UnitTests\bin\x64\Debug\net472\VideoOS.Recorder.UnitTests.dll" adapterTypeName="executor://mstestadapter/v2" className="VideoOS.Recorder.UnitTests.WebServer.SOAPCommandRequestHandlerTests" name="SOAPCommandRequestHandler_ExecuteFunction_HandlePTZMoveStart_NoDeviceId" />
    </UnitTest>
    <UnitTest name="DatabaseoperationCommandhandler_DiskUsageInformationTablesPerStorage_StorageOffline_AllSuccess" storage="d:\actions-runner\_work\xpco\xpco\corporate\recordingserver\recorderservice\tst\videoos.recorder.unittests\bin\x64\debug\net472\videoos.recorder.unittests.dll" id="ff34db91-3566-fc69-4d08-3018efce0372">
      <Execution id="42f4b2f6-b825-401b-9852-6a6cfe132919" />
      <TestMethod codeBase="D:\actions-runner\_work\XPCO\XPCO\Corporate\RecordingServer\RecorderService\tst\VideoOS.Recorder.UnitTests\bin\x64\Debug\net472\VideoOS.Recorder.UnitTests.dll" adapterTypeName="executor://mstestadapter/v2" className="VideoOS.Recorder.UnitTests.Command.DatabaseOperationCommandHandlerUnitTests" name="DatabaseoperationCommandhandler_DiskUsageInformationTablesPerStorage_StorageOffline_AllSuccess" />
    </UnitTest>
    <UnitTest name="SOAPCommandRequestHandler_ExecuteFunction_HandleSequencesGetAroundWithSpan_No_Camera_Security" storage="d:\actions-runner\_work\xpco\xpco\corporate\recordingserver\recorderservice\tst\videoos.recorder.unittests\bin\x64\debug\net472\videoos.recorder.unittests.dll" id="78e2fc07-3385-1fe5-87fc-6c04b14d7e26">
      <Execution id="385d858b-a51c-4afc-9e1c-1028d3cfacb2" />
      <TestMethod codeBase="D:\actions-runner\_work\XPCO\XPCO\Corporate\RecordingServer\RecorderService\tst\VideoOS.Recorder.UnitTests\bin\x64\Debug\net472\VideoOS.Recorder.UnitTests.dll" adapterTypeName="executor://mstestadapter/v2" className="VideoOS.Recorder.UnitTests.WebServer.SOAPCommandRequestHandlerTests" name="SOAPCommandRequestHandler_ExecuteFunction_HandleSequencesGetAroundWithSpan_No_Camera_Security" />
    </UnitTest>
    <UnitTest name="SOAPCommandRequestHandler_ExecuteFunction_HandleSequencesGetTypes_Success" storage="d:\actions-runner\_work\xpco\xpco\corporate\recordingserver\recorderservice\tst\videoos.recorder.unittests\bin\x64\debug\net472\videoos.recorder.unittests.dll" id="a483ecec-dce9-bbc0-17e3-9f4777953165">
      <Execution id="87a31f73-95b2-4634-be16-9597f845b5f3" />
      <TestMethod codeBase="D:\actions-runner\_work\XPCO\XPCO\Corporate\RecordingServer\RecorderService\tst\VideoOS.Recorder.UnitTests\bin\x64\Debug\net472\VideoOS.Recorder.UnitTests.dll" adapterTypeName="executor://mstestadapter/v2" className="VideoOS.Recorder.UnitTests.WebServer.SOAPCommandRequestHandlerTests" name="SOAPCommandRequestHandler_ExecuteFunction_HandleSequencesGetTypes_Success" />
    </UnitTest>
    <UnitTest name="UpdateRecorderTaskProgressAsync_NotConnectedAndAt100PercentComplete_ShouldQueueCommand" storage="d:\actions-runner\_work\xpco\xpco\corporate\recordingserver\recorderservice\tst\videoos.recorder.unittests\bin\x64\debug\net472\videoos.recorder.unittests.dll" id="5cbb5e7b-fb40-95bb-f27d-f1404bb2aeac">
      <Execution id="bb118d8b-5fb5-4321-9105-630370738a92" />
      <TestMethod codeBase="D:\actions-runner\_work\XPCO\XPCO\Corporate\RecordingServer\RecorderService\tst\VideoOS.Recorder.UnitTests\bin\x64\Debug\net472\VideoOS.Recorder.UnitTests.dll" adapterTypeName="executor://mstestadapter/v2" className="VideoOS.Recorder.UnitTests.CommManagerWebApiTests" name="UpdateRecorderTaskProgressAsync_NotConnectedAndAt100PercentComplete_ShouldQueueCommand" />
    </UnitTest>
    <UnitTest name="GetAbsolutePtzPositionCommandHandler_Execute_Device_Not_Found" storage="d:\actions-runner\_work\xpco\xpco\corporate\recordingserver\recorderservice\tst\videoos.recorder.unittests\bin\x64\debug\net472\videoos.recorder.unittests.dll" id="f168c7b5-70cd-8d86-0477-39fce3d87509">
      <Execution id="d4a2c5bd-4bfd-4136-9590-eb98d1a8db27" />
      <TestMethod codeBase="D:\actions-runner\_work\XPCO\XPCO\Corporate\RecordingServer\RecorderService\tst\VideoOS.Recorder.UnitTests\bin\x64\Debug\net472\VideoOS.Recorder.UnitTests.dll" adapterTypeName="executor://mstestadapter/v2" className="VideoOS.Recorder.UnitTests.Command.GetAbsolutePtzPositionCommandHandlerTest" name="GetAbsolutePtzPositionCommandHandler_Execute_Device_Not_Found" />
    </UnitTest>
    <UnitTest name="GoInAndOutOfOverflowOnKeyFrames" storage="d:\actions-runner\_work\xpco\xpco\corporate\recordingserver\recorderservice\tst\videoos.recorder.unittests\bin\x64\debug\net472\videoos.recorder.unittests.dll" id="dccd4db1-9957-7cd8-dfb6-b18a4ebc4ad0">
      <TestCategory>
        <TestCategoryItem TestCategory="ObjectModel.Processors.PipelineQueue" />
      </TestCategory>
      <Execution id="4d880702-94f7-4b47-9f49-69e31469d376" />
      <TestMethod codeBase="D:\actions-runner\_work\XPCO\XPCO\Corporate\RecordingServer\RecorderService\tst\VideoOS.Recorder.UnitTests\bin\x64\Debug\net472\VideoOS.Recorder.UnitTests.dll" adapterTypeName="executor://mstestadapter/v2" className="VideoOS.Recorder.UnitTests.ObjectModel.Processors.PipelineQueueTest" name="GoInAndOutOfOverflowOnKeyFrames" />
    </UnitTest>
    <UnitTest name="ConnectSuccessSimple_AdaptiveStreamingServerCapability" storage="d:\actions-runner\_work\xpco\xpco\corporate\recordingserver\recorderservice\tst\videoos.recorder.unittests\bin\x64\debug\net472\videoos.recorder.unittests.dll" id="ddaab170-434d-109b-1b52-ca2b27bc9b50">
      <Execution id="2e76e89d-c46c-4e39-939b-16edfb8bd111" />
      <TestMethod codeBase="D:\actions-runner\_work\XPCO\XPCO\Corporate\RecordingServer\RecorderService\tst\VideoOS.Recorder.UnitTests\bin\x64\Debug\net472\VideoOS.Recorder.UnitTests.dll" adapterTypeName="executor://mstestadapter/v2" className="VideoOS.Recorder.UnitTests.WebServer.ImageServerRequestHandlerTests" name="ConnectSuccessSimple_AdaptiveStreamingServerCapability" />
    </UnitTest>
    <UnitTest name="PtzManager_MoveHome_Success" storage="d:\actions-runner\_work\xpco\xpco\corporate\recordingserver\recorderservice\tst\videoos.recorder.unittests\bin\x64\debug\net472\videoos.recorder.unittests.dll" id="0ce7b2f9-17a8-8c71-dfb5-c31b00442430">
      <Execution id="4cf54c71-5084-4a35-91c3-1d24bcc081f6" />
      <TestMethod codeBase="D:\actions-runner\_work\XPCO\XPCO\Corporate\RecordingServer\RecorderService\tst\VideoOS.Recorder.UnitTests\bin\x64\Debug\net472\VideoOS.Recorder.UnitTests.dll" adapterTypeName="executor://mstestadapter/v2" className="VideoOS.Recorder.UnitTests.Command.PtzManagerTests" name="PtzManager_MoveHome_Success" />
    </UnitTest>
    <UnitTest name="PtzManager_Move_Success" storage="d:\actions-runner\_work\xpco\xpco\corporate\recordingserver\recorderservice\tst\videoos.recorder.unittests\bin\x64\debug\net472\videoos.recorder.unittests.dll" id="d76eddb3-6543-d3be-6dea-de4c71be1644">
      <Execution id="dc82edac-f464-4157-afe5-7df68b86c5ce" />
      <TestMethod codeBase="D:\actions-runner\_work\XPCO\XPCO\Corporate\RecordingServer\RecorderService\tst\VideoOS.Recorder.UnitTests\bin\x64\Debug\net472\VideoOS.Recorder.UnitTests.dll" adapterTypeName="executor://mstestadapter/v2" className="VideoOS.Recorder.UnitTests.Command.PtzManagerTests" name="PtzManager_Move_Success" />
    </UnitTest>
    <UnitTest name="DatabaseoperationCommandhandler_VerifyStorageAndArchiveOnline_Archive_Online" storage="d:\actions-runner\_work\xpco\xpco\corporate\recordingserver\recorderservice\tst\videoos.recorder.unittests\bin\x64\debug\net472\videoos.recorder.unittests.dll" id="6fcf6796-bbd1-5878-d43c-f3a5449b7297">
      <Execution id="433b39d5-3871-4502-8226-7060feb2a011" />
      <TestMethod codeBase="D:\actions-runner\_work\XPCO\XPCO\Corporate\RecordingServer\RecorderService\tst\VideoOS.Recorder.UnitTests\bin\x64\Debug\net472\VideoOS.Recorder.UnitTests.dll" adapterTypeName="executor://mstestadapter/v2" className="VideoOS.Recorder.UnitTests.Command.DatabaseOperationCommandHandlerUnitTests" name="DatabaseoperationCommandhandler_VerifyStorageAndArchiveOnline_Archive_Online" />
    </UnitTest>
    <UnitTest name="DatabaseoperationCommandhandler_VerifyPath_NoPath_ReturnErrorResponse" storage="d:\actions-runner\_work\xpco\xpco\corporate\recordingserver\recorderservice\tst\videoos.recorder.unittests\bin\x64\debug\net472\videoos.recorder.unittests.dll" id="3c02d772-2802-bcff-15bd-8b68f6e0cc7c">
      <Execution id="c5e5df78-552d-4d9e-befb-8a187b9a6674" />
      <TestMethod codeBase="D:\actions-runner\_work\XPCO\XPCO\Corporate\RecordingServer\RecorderService\tst\VideoOS.Recorder.UnitTests\bin\x64\Debug\net472\VideoOS.Recorder.UnitTests.dll" adapterTypeName="executor://mstestadapter/v2" className="VideoOS.Recorder.UnitTests.Command.DatabaseOperationCommandHandlerUnitTests" name="DatabaseoperationCommandhandler_VerifyPath_NoPath_ReturnErrorResponse" />
    </UnitTest>
    <UnitTest name="ConnectSuccess_FrameBrowseLayer_Prev" storage="d:\actions-runner\_work\xpco\xpco\corporate\recordingserver\recorderservice\tst\videoos.recorder.unittests\bin\x64\debug\net472\videoos.recorder.unittests.dll" id="53bbb306-80cf-c04b-03aa-34af40311de5">
      <Execution id="466a640e-ac15-4ae0-b9cd-12086634f9d7" />
      <TestMethod codeBase="D:\actions-runner\_work\XPCO\XPCO\Corporate\RecordingServer\RecorderService\tst\VideoOS.Recorder.UnitTests\bin\x64\Debug\net472\VideoOS.Recorder.UnitTests.dll" adapterTypeName="executor://mstestadapter/v2" className="VideoOS.Recorder.UnitTests.WebServer.ImageServerRequestHandlerTests" name="ConnectSuccess_FrameBrowseLayer_Prev" />
    </UnitTest>
    <UnitTest name="AudioSource_Construct" storage="d:\actions-runner\_work\xpco\xpco\corporate\recordingserver\recorderservice\tst\videoos.recorder.unittests\bin\x64\debug\net472\videoos.recorder.unittests.dll" id="771d1dd1-6b02-2a08-cf1a-562e47dfe88d">
      <Execution id="acfe9b7e-25bf-40b2-9796-4d91cbdd600d" />
      <TestMethod codeBase="D:\actions-runner\_work\XPCO\XPCO\Corporate\RecordingServer\RecorderService\tst\VideoOS.Recorder.UnitTests\bin\x64\Debug\net472\VideoOS.Recorder.UnitTests.dll" adapterTypeName="executor://mstestadapter/v2" className="VideoOS.Recorder.UnitTests.AudioMessageHandling.AudioMessageManagerTests" name="AudioSource_Construct" />
    </UnitTest>
    <UnitTest name="PtzReleaseSessionCommandHandler_Execute_Preset_Not_Supported" storage="d:\actions-runner\_work\xpco\xpco\corporate\recordingserver\recorderservice\tst\videoos.recorder.unittests\bin\x64\debug\net472\videoos.recorder.unittests.dll" id="c8f6e89b-79d5-8532-b2cb-68fd0bda94cc">
      <Execution id="6fc6ad6c-4945-4915-b90e-d3e9d0a82f58" />
      <TestMethod codeBase="D:\actions-runner\_work\XPCO\XPCO\Corporate\RecordingServer\RecorderService\tst\VideoOS.Recorder.UnitTests\bin\x64\Debug\net472\VideoOS.Recorder.UnitTests.dll" adapterTypeName="executor://mstestadapter/v2" className="VideoOS.Recorder.UnitTests.Command.PtzReleaseSessionCommandHandlerTest" name="PtzReleaseSessionCommandHandler_Execute_Preset_Not_Supported" />
    </UnitTest>
    <UnitTest name="SOAPCommandRequestHandler_ExecuteFunction_HandlePTZRectangle_No_Security" storage="d:\actions-runner\_work\xpco\xpco\corporate\recordingserver\recorderservice\tst\videoos.recorder.unittests\bin\x64\debug\net472\videoos.recorder.unittests.dll" id="625d3001-dabd-c167-d3b1-1fc17d819842">
      <Execution id="1e68d213-8925-4309-9970-619f5e0bb0e9" />
      <TestMethod codeBase="D:\actions-runner\_work\XPCO\XPCO\Corporate\RecordingServer\RecorderService\tst\VideoOS.Recorder.UnitTests\bin\x64\Debug\net472\VideoOS.Recorder.UnitTests.dll" adapterTypeName="executor://mstestadapter/v2" className="VideoOS.Recorder.UnitTests.WebServer.SOAPCommandRequestHandlerTests" name="SOAPCommandRequestHandler_ExecuteFunction_HandlePTZRectangle_No_Security" />
    </UnitTest>
    <UnitTest name="CheckHardwareDefinitionCommandHandler_Constructor_LoggerNull_ArgumentNullException" storage="d:\actions-runner\_work\xpco\xpco\corporate\recordingserver\recorderservice\tst\videoos.recorder.unittests\bin\x64\debug\net472\videoos.recorder.unittests.dll" id="2ca91596-8201-71d7-e88c-b8ed47ea102c">
      <Execution id="5de259df-99f7-4293-b31b-ca576a32771c" />
      <TestMethod codeBase="D:\actions-runner\_work\XPCO\XPCO\Corporate\RecordingServer\RecorderService\tst\VideoOS.Recorder.UnitTests\bin\x64\Debug\net472\VideoOS.Recorder.UnitTests.dll" adapterTypeName="executor://mstestadapter/v2" className="VideoOS.Recorder.UnitTests.Command.CheckHardwareDefinitionCommandHandlerTests" name="CheckHardwareDefinitionCommandHandler_Constructor_LoggerNull_ArgumentNullException" />
    </UnitTest>
    <UnitTest name="PtzStopSessionCommandHandler_Execute_Device_Not_Found" storage="d:\actions-runner\_work\xpco\xpco\corporate\recordingserver\recorderservice\tst\videoos.recorder.unittests\bin\x64\debug\net472\videoos.recorder.unittests.dll" id="e6914896-0f9e-8248-b539-765a2c244839">
      <Execution id="dc8df569-da46-48b8-8f6b-9c534b1cb8f0" />
      <TestMethod codeBase="D:\actions-runner\_work\XPCO\XPCO\Corporate\RecordingServer\RecorderService\tst\VideoOS.Recorder.UnitTests\bin\x64\Debug\net472\VideoOS.Recorder.UnitTests.dll" adapterTypeName="executor://mstestadapter/v2" className="VideoOS.Recorder.UnitTests.Command.PtzStopSessionCommandHandlerTest" name="PtzStopSessionCommandHandler_Execute_Device_Not_Found" />
    </UnitTest>
    <UnitTest name="EdgeStorageLimitsTimeLimitNotOkAfter" storage="d:\actions-runner\_work\xpco\xpco\corporate\recordingserver\recorderservice\tst\videoos.recorder.unittests\bin\x64\debug\net472\videoos.recorder.unittests.dll" id="2020d6d4-4545-f94b-580e-bfb3de1efadc">
      <TestCategory>
        <TestCategoryItem TestCategory="EdgeStorageLimits" />
      </TestCategory>
      <Execution id="b4910a1f-580f-43ee-a7d0-fc9a6c631014" />
      <TestMethod codeBase="D:\actions-runner\_work\XPCO\XPCO\Corporate\RecordingServer\RecorderService\tst\VideoOS.Recorder.UnitTests\bin\x64\Debug\net472\VideoOS.Recorder.UnitTests.dll" adapterTypeName="executor://mstestadapter/v2" className="VideoOS.Recorder.UnitTests.EdgeStorage.EdgeStorageLimitTests" name="EdgeStorageLimitsTimeLimitNotOkAfter" />
    </UnitTest>
    <UnitTest name="PrepareMoveHardwareCommandHandler_Execute_ResponseSink_Null_ArgumentException" storage="d:\actions-runner\_work\xpco\xpco\corporate\recordingserver\recorderservice\tst\videoos.recorder.unittests\bin\x64\debug\net472\videoos.recorder.unittests.dll" id="b77755e7-42cd-f184-7b35-a6128de820e4">
      <Execution id="9734be00-d2ca-47b8-a1cd-f1885e5fb6fe" />
      <TestMethod codeBase="D:\actions-runner\_work\XPCO\XPCO\Corporate\RecordingServer\RecorderService\tst\VideoOS.Recorder.UnitTests\bin\x64\Debug\net472\VideoOS.Recorder.UnitTests.dll" adapterTypeName="executor://mstestadapter/v2" className="VideoOS.Recorder.UnitTests.Command.PrepareMoveHardwareCommandHandlerTests" name="PrepareMoveHardwareCommandHandler_Execute_ResponseSink_Null_ArgumentException" />
    </UnitTest>
    <UnitTest name="PtzReserveSessionCommandHandler_Execute_PtzException_DeviceNotReady" storage="d:\actions-runner\_work\xpco\xpco\corporate\recordingserver\recorderservice\tst\videoos.recorder.unittests\bin\x64\debug\net472\videoos.recorder.unittests.dll" id="4821854b-98d2-c5d1-adfd-f798142d808d">
      <Execution id="09931f6d-497a-485c-bcc6-8bd16d7729fb" />
      <TestMethod codeBase="D:\actions-runner\_work\XPCO\XPCO\Corporate\RecordingServer\RecorderService\tst\VideoOS.Recorder.UnitTests\bin\x64\Debug\net472\VideoOS.Recorder.UnitTests.dll" adapterTypeName="executor://mstestadapter/v2" className="VideoOS.Recorder.UnitTests.Command.PtzReserveSessionCommandHandlerTest" name="PtzReserveSessionCommandHandler_Execute_PtzException_DeviceNotReady" />
    </UnitTest>
    <UnitTest name="SetupInitialHardwareUserCommandHandler_Execute_SetupUser_ThrowsUserHandlingHardwareError_Errors" storage="d:\actions-runner\_work\xpco\xpco\corporate\recordingserver\recorderservice\tst\videoos.recorder.unittests\bin\x64\debug\net472\videoos.recorder.unittests.dll" id="3f40df78-1203-c025-a1d9-9cc48d7e016b">
      <Execution id="7efd806a-608e-433b-9c49-5a7949d2382e" />
      <TestMethod codeBase="D:\actions-runner\_work\XPCO\XPCO\Corporate\RecordingServer\RecorderService\tst\VideoOS.Recorder.UnitTests\bin\x64\Debug\net472\VideoOS.Recorder.UnitTests.dll" adapterTypeName="executor://mstestadapter/v2" className="VideoOS.Recorder.UnitTests.Command.SetupInitialHardwareUserCommandHandlerUnitTests" name="SetupInitialHardwareUserCommandHandler_Execute_SetupUser_ThrowsUserHandlingHardwareError_Errors" />
    </UnitTest>
    <UnitTest name="PrepareMoveHardwareCommandHandler_Execute_Timeout_TimeoutResponse" storage="d:\actions-runner\_work\xpco\xpco\corporate\recordingserver\recorderservice\tst\videoos.recorder.unittests\bin\x64\debug\net472\videoos.recorder.unittests.dll" id="76475f82-6057-6afc-d296-0cfcc3f30681">
      <Execution id="57e7f2f3-240b-4e59-b002-b467fb277bdf" />
      <TestMethod codeBase="D:\actions-runner\_work\XPCO\XPCO\Corporate\RecordingServer\RecorderService\tst\VideoOS.Recorder.UnitTests\bin\x64\Debug\net472\VideoOS.Recorder.UnitTests.dll" adapterTypeName="executor://mstestadapter/v2" className="VideoOS.Recorder.UnitTests.Command.PrepareMoveHardwareCommandHandlerTests" name="PrepareMoveHardwareCommandHandler_Execute_Timeout_TimeoutResponse" />
    </UnitTest>
    <UnitTest name="PtzManager_GetAbsolutePosition_Driver_Unavailable" storage="d:\actions-runner\_work\xpco\xpco\corporate\recordingserver\recorderservice\tst\videoos.recorder.unittests\bin\x64\debug\net472\videoos.recorder.unittests.dll" id="1e192e21-2c30-3923-bddb-f666d4114352">
      <Execution id="5adb4ccb-a417-4032-a93e-84f34e66f9c3" />
      <TestMethod codeBase="D:\actions-runner\_work\XPCO\XPCO\Corporate\RecordingServer\RecorderService\tst\VideoOS.Recorder.UnitTests\bin\x64\Debug\net472\VideoOS.Recorder.UnitTests.dll" adapterTypeName="executor://mstestadapter/v2" className="VideoOS.Recorder.UnitTests.Command.PtzManagerTests" name="PtzManager_GetAbsolutePosition_Driver_Unavailable" />
    </UnitTest>
    <UnitTest name="SearchingForward" storage="d:\actions-runner\_work\xpco\xpco\corporate\recordingserver\recorderservice\tst\videoos.recorder.unittests\bin\x64\debug\net472\videoos.recorder.unittests.dll" id="8311232f-5b73-96eb-cc67-856a20cb6bd4">
      <Execution id="6b86beea-596f-4ccf-8f65-5288ab03785d" />
      <TestMethod codeBase="D:\actions-runner\_work\XPCO\XPCO\Corporate\RecordingServer\RecorderService\tst\VideoOS.Recorder.UnitTests\bin\x64\Debug\net472\VideoOS.Recorder.UnitTests.dll" adapterTypeName="executor://mstestadapter/v2" className="VideoOS.Recorder.UnitTests.ObjectModel.PrivacyMaskHandlerTest" name="SearchingForward" />
    </UnitTest>
    <UnitTest name="ReapplySettings_ApplyAllHardwareAndDeviceSettings_Failed" storage="d:\actions-runner\_work\xpco\xpco\corporate\recordingserver\recorderservice\tst\videoos.recorder.unittests\bin\x64\debug\net472\videoos.recorder.unittests.dll" id="761013b5-b9e0-c937-44c7-284fa21bfd8b">
      <Execution id="0cb62a30-8c5d-430f-866f-fb2fefc3034f" />
      <TestMethod codeBase="D:\actions-runner\_work\XPCO\XPCO\Corporate\RecordingServer\RecorderService\tst\VideoOS.Recorder.UnitTests\bin\x64\Debug\net472\VideoOS.Recorder.UnitTests.dll" adapterTypeName="executor://mstestadapter/v2" className="VideoOS.Recorder.UnitTests.Command.ReapplySettingsCommandHandlerTest" name="ReapplySettings_ApplyAllHardwareAndDeviceSettings_Failed" />
    </UnitTest>
    <UnitTest name="ConnectFailed_DeviceUnknown" storage="d:\actions-runner\_work\xpco\xpco\corporate\recordingserver\recorderservice\tst\videoos.recorder.unittests\bin\x64\debug\net472\videoos.recorder.unittests.dll" id="b1db2107-fad5-9e1c-f59b-69adf0367aec">
      <Execution id="c9e1def1-73e0-4e35-880e-2c7050925d0b" />
      <TestMethod codeBase="D:\actions-runner\_work\XPCO\XPCO\Corporate\RecordingServer\RecorderService\tst\VideoOS.Recorder.UnitTests\bin\x64\Debug\net472\VideoOS.Recorder.UnitTests.dll" adapterTypeName="executor://mstestadapter/v2" className="VideoOS.Recorder.UnitTests.WebServer.ImageServerRequestHandlerTests" name="ConnectFailed_DeviceUnknown" />
    </UnitTest>
    <UnitTest name="SOAPCommandRequestHandler_ExecuteFunction_HandleMulticastContinue_InvalidSessionId" storage="d:\actions-runner\_work\xpco\xpco\corporate\recordingserver\recorderservice\tst\videoos.recorder.unittests\bin\x64\debug\net472\videoos.recorder.unittests.dll" id="a390271f-9fc7-9f66-ea21-97ddf81114c3">
      <Execution id="a0c7d0d0-36e7-4a95-8bd0-26dc0a6ab56d" />
      <TestMethod codeBase="D:\actions-runner\_work\XPCO\XPCO\Corporate\RecordingServer\RecorderService\tst\VideoOS.Recorder.UnitTests\bin\x64\Debug\net472\VideoOS.Recorder.UnitTests.dll" adapterTypeName="executor://mstestadapter/v2" className="VideoOS.Recorder.UnitTests.WebServer.SOAPCommandRequestHandlerTests" name="SOAPCommandRequestHandler_ExecuteFunction_HandleMulticastContinue_InvalidSessionId" />
    </UnitTest>
    <UnitTest name="SearchingForwardOverlapsLive" storage="d:\actions-runner\_work\xpco\xpco\corporate\recordingserver\recorderservice\tst\videoos.recorder.unittests\bin\x64\debug\net472\videoos.recorder.unittests.dll" id="88fe4a5c-f3fc-7b4e-de6f-6aa9a569bea4">
      <Execution id="bbcca48d-1b9e-455a-b187-8c381cb4a81a" />
      <TestMethod codeBase="D:\actions-runner\_work\XPCO\XPCO\Corporate\RecordingServer\RecorderService\tst\VideoOS.Recorder.UnitTests\bin\x64\Debug\net472\VideoOS.Recorder.UnitTests.dll" adapterTypeName="executor://mstestadapter/v2" className="VideoOS.Recorder.UnitTests.ObjectModel.RestrictedMediaHandlerTest" name="SearchingForwardOverlapsLive" />
    </UnitTest>
    <UnitTest name="SOAPCommandRequestHandler_ExecuteFunction_HandlePTZMoveAbsolute_No_Security" storage="d:\actions-runner\_work\xpco\xpco\corporate\recordingserver\recorderservice\tst\videoos.recorder.unittests\bin\x64\debug\net472\videoos.recorder.unittests.dll" id="995ee61d-cf31-f76d-10a8-999e574d493d">
      <Execution id="0d1ba378-5897-43c4-bf2f-31df464c5f1d" />
      <TestMethod codeBase="D:\actions-runner\_work\XPCO\XPCO\Corporate\RecordingServer\RecorderService\tst\VideoOS.Recorder.UnitTests\bin\x64\Debug\net472\VideoOS.Recorder.UnitTests.dll" adapterTypeName="executor://mstestadapter/v2" className="VideoOS.Recorder.UnitTests.WebServer.SOAPCommandRequestHandlerTests" name="SOAPCommandRequestHandler_ExecuteFunction_HandlePTZMoveAbsolute_No_Security" />
    </UnitTest>
    <UnitTest name="ConnectSuccess_Prev_Denied" storage="d:\actions-runner\_work\xpco\xpco\corporate\recordingserver\recorderservice\tst\videoos.recorder.unittests\bin\x64\debug\net472\videoos.recorder.unittests.dll" id="2bb58e09-afc2-3268-4182-a4b38189b9bd">
      <Execution id="97ae8d99-686e-4261-ba9f-72a77cf4c58f" />
      <TestMethod codeBase="D:\actions-runner\_work\XPCO\XPCO\Corporate\RecordingServer\RecorderService\tst\VideoOS.Recorder.UnitTests\bin\x64\Debug\net472\VideoOS.Recorder.UnitTests.dll" adapterTypeName="executor://mstestadapter/v2" className="VideoOS.Recorder.UnitTests.WebServer.ImageServerRequestHandlerTests" name="ConnectSuccess_Prev_Denied" />
    </UnitTest>
    <UnitTest name="SetupInitialHardwareUserCommandHandler_Execute_SetupUser_ThrowsUserHandlingPasswordTooWeakError_Errors" storage="d:\actions-runner\_work\xpco\xpco\corporate\recordingserver\recorderservice\tst\videoos.recorder.unittests\bin\x64\debug\net472\videoos.recorder.unittests.dll" id="37f7dc44-733a-9d3c-28de-fbd465ea6cac">
      <Execution id="52f7a601-ba9f-43d9-8df3-c82cf75461cd" />
      <TestMethod codeBase="D:\actions-runner\_work\XPCO\XPCO\Corporate\RecordingServer\RecorderService\tst\VideoOS.Recorder.UnitTests\bin\x64\Debug\net472\VideoOS.Recorder.UnitTests.dll" adapterTypeName="executor://mstestadapter/v2" className="VideoOS.Recorder.UnitTests.Command.SetupInitialHardwareUserCommandHandlerUnitTests" name="SetupInitialHardwareUserCommandHandler_Execute_SetupUser_ThrowsUserHandlingPasswordTooWeakError_Errors" />
    </UnitTest>
    <UnitTest name="PtzReserveSessionCommandHandler_Execute_PtzException_PatrollingSessionHasHigherPriority" storage="d:\actions-runner\_work\xpco\xpco\corporate\recordingserver\recorderservice\tst\videoos.recorder.unittests\bin\x64\debug\net472\videoos.recorder.unittests.dll" id="f73c12d7-3a66-6817-32b0-9a03bad1db4e">
      <Execution id="d5879b46-2010-4b00-a11a-a6c2c89b470c" />
      <TestMethod codeBase="D:\actions-runner\_work\XPCO\XPCO\Corporate\RecordingServer\RecorderService\tst\VideoOS.Recorder.UnitTests\bin\x64\Debug\net472\VideoOS.Recorder.UnitTests.dll" adapterTypeName="executor://mstestadapter/v2" className="VideoOS.Recorder.UnitTests.Command.PtzReserveSessionCommandHandlerTest" name="PtzReserveSessionCommandHandler_Execute_PtzException_PatrollingSessionHasHigherPriority" />
    </UnitTest>
    <UnitTest name="GetAbsolutePtzPositionCommandHandler_Execute_Success" storage="d:\actions-runner\_work\xpco\xpco\corporate\recordingserver\recorderservice\tst\videoos.recorder.unittests\bin\x64\debug\net472\videoos.recorder.unittests.dll" id="b08eb6b8-a2d9-d153-1bc4-a456044bf6bb">
      <Execution id="29578e32-27e0-4445-b482-c4023cbe2ba5" />
      <TestMethod codeBase="D:\actions-runner\_work\XPCO\XPCO\Corporate\RecordingServer\RecorderService\tst\VideoOS.Recorder.UnitTests\bin\x64\Debug\net472\VideoOS.Recorder.UnitTests.dll" adapterTypeName="executor://mstestadapter/v2" className="VideoOS.Recorder.UnitTests.Command.GetAbsolutePtzPositionCommandHandlerTest" name="GetAbsolutePtzPositionCommandHandler_Execute_Success" />
    </UnitTest>
    <UnitTest name="SOAPCommandRequestHandler_ExecuteFunction_HandleSendDriverCommand_NoSecurity" storage="d:\actions-runner\_work\xpco\xpco\corporate\recordingserver\recorderservice\tst\videoos.recorder.unittests\bin\x64\debug\net472\videoos.recorder.unittests.dll" id="ffff5eee-6bd2-e1c0-d4a9-065ab23fd5df">
      <Execution id="b3a279d7-139b-431a-a24c-3a89f519a5ba" />
      <TestMethod codeBase="D:\actions-runner\_work\XPCO\XPCO\Corporate\RecordingServer\RecorderService\tst\VideoOS.Recorder.UnitTests\bin\x64\Debug\net472\VideoOS.Recorder.UnitTests.dll" adapterTypeName="executor://mstestadapter/v2" className="VideoOS.Recorder.UnitTests.WebServer.SOAPCommandRequestHandlerTests" name="SOAPCommandRequestHandler_ExecuteFunction_HandleSendDriverCommand_NoSecurity" />
    </UnitTest>
    <UnitTest name="GetHardwareUsersCommandHandler_Execute_GetUserList_ThrowsGenericException_Errors" storage="d:\actions-runner\_work\xpco\xpco\corporate\recordingserver\recorderservice\tst\videoos.recorder.unittests\bin\x64\debug\net472\videoos.recorder.unittests.dll" id="23cfcab5-cc01-cacd-cb19-101ff4e9a64e">
      <Execution id="524a0a09-09eb-43b8-88e8-5aad7eaa04a0" />
      <TestMethod codeBase="D:\actions-runner\_work\XPCO\XPCO\Corporate\RecordingServer\RecorderService\tst\VideoOS.Recorder.UnitTests\bin\x64\Debug\net472\VideoOS.Recorder.UnitTests.dll" adapterTypeName="executor://mstestadapter/v2" className="VideoOS.Recorder.UnitTests.Command.GetHardwareUsersCommandHandlerUnitTests" name="GetHardwareUsersCommandHandler_Execute_GetUserList_ThrowsGenericException_Errors" />
    </UnitTest>
    <UnitTest name="EdgeStorageLimitsManagerGetLimitsCleanupDifferentInstances" storage="d:\actions-runner\_work\xpco\xpco\corporate\recordingserver\recorderservice\tst\videoos.recorder.unittests\bin\x64\debug\net472\videoos.recorder.unittests.dll" id="bb1009d9-6496-40d7-ec75-c653a7bd2252">
      <TestCategory>
        <TestCategoryItem TestCategory="EdgeStorageLimits" />
      </TestCategory>
      <Execution id="ecbe64c9-849a-4913-a149-9bdf78c97003" />
      <TestMethod codeBase="D:\actions-runner\_work\XPCO\XPCO\Corporate\RecordingServer\RecorderService\tst\VideoOS.Recorder.UnitTests\bin\x64\Debug\net472\VideoOS.Recorder.UnitTests.dll" adapterTypeName="executor://mstestadapter/v2" className="VideoOS.Recorder.UnitTests.EdgeStorage.EdgeStorageLimitTests" name="EdgeStorageLimitsManagerGetLimitsCleanupDifferentInstances" />
    </UnitTest>
    <UnitTest name="SOAPCommandRequestHandler_ExecuteFunction_HandleOutputDeactivate_Success" storage="d:\actions-runner\_work\xpco\xpco\corporate\recordingserver\recorderservice\tst\videoos.recorder.unittests\bin\x64\debug\net472\videoos.recorder.unittests.dll" id="f39722f7-838b-9be7-8502-72099013d494">
      <Execution id="0a9c16cd-0b06-4691-8af9-8215325fa8a8" />
      <TestMethod codeBase="D:\actions-runner\_work\XPCO\XPCO\Corporate\RecordingServer\RecorderService\tst\VideoOS.Recorder.UnitTests\bin\x64\Debug\net472\VideoOS.Recorder.UnitTests.dll" adapterTypeName="executor://mstestadapter/v2" className="VideoOS.Recorder.UnitTests.WebServer.SOAPCommandRequestHandlerTests" name="SOAPCommandRequestHandler_ExecuteFunction_HandleOutputDeactivate_Success" />
    </UnitTest>
    <UnitTest name="SOAPCommandRequestHandler_ExecuteFunction_HandlePresetGetList_NoDeviceId" storage="d:\actions-runner\_work\xpco\xpco\corporate\recordingserver\recorderservice\tst\videoos.recorder.unittests\bin\x64\debug\net472\videoos.recorder.unittests.dll" id="1c8f06c1-d531-699b-6c87-a9ec84e3b218">
      <Execution id="3905a506-4aa4-48f2-83ba-a377f8334ea6" />
      <TestMethod codeBase="D:\actions-runner\_work\XPCO\XPCO\Corporate\RecordingServer\RecorderService\tst\VideoOS.Recorder.UnitTests\bin\x64\Debug\net472\VideoOS.Recorder.UnitTests.dll" adapterTypeName="executor://mstestadapter/v2" className="VideoOS.Recorder.UnitTests.WebServer.SOAPCommandRequestHandlerTests" name="SOAPCommandRequestHandler_ExecuteFunction_HandlePresetGetList_NoDeviceId" />
    </UnitTest>
    <UnitTest name="DatabaseoperationCommandhandler_VerifyStorageAndArchiveOnline_NotAllStoragesOnline_ErrorResponse" storage="d:\actions-runner\_work\xpco\xpco\corporate\recordingserver\recorderservice\tst\videoos.recorder.unittests\bin\x64\debug\net472\videoos.recorder.unittests.dll" id="3893f2d5-e205-741a-87c5-ab8b5960c341">
      <Execution id="97371cb1-1133-45bc-93da-966645bf61ba" />
      <TestMethod codeBase="D:\actions-runner\_work\XPCO\XPCO\Corporate\RecordingServer\RecorderService\tst\VideoOS.Recorder.UnitTests\bin\x64\Debug\net472\VideoOS.Recorder.UnitTests.dll" adapterTypeName="executor://mstestadapter/v2" className="VideoOS.Recorder.UnitTests.Command.DatabaseOperationCommandHandlerUnitTests" name="DatabaseoperationCommandhandler_VerifyStorageAndArchiveOnline_NotAllStoragesOnline_ErrorResponse" />
    </UnitTest>
    <UnitTest name="ChangeHardwarePasswordCommandHandler_Constructor_NullArg_Throws" storage="d:\actions-runner\_work\xpco\xpco\corporate\recordingserver\recorderservice\tst\videoos.recorder.unittests\bin\x64\debug\net472\videoos.recorder.unittests.dll" id="83b75c3f-ef01-704d-26e3-7e90e6adc563">
      <Execution id="8e9a5326-3723-47b1-a356-7e2ad55a175d" />
      <TestMethod codeBase="D:\actions-runner\_work\XPCO\XPCO\Corporate\RecordingServer\RecorderService\tst\VideoOS.Recorder.UnitTests\bin\x64\Debug\net472\VideoOS.Recorder.UnitTests.dll" adapterTypeName="executor://mstestadapter/v2" className="VideoOS.Recorder.UnitTests.Command.ChangeHardwarePasswordCommandHandlerUnitTests" name="ChangeHardwarePasswordCommandHandler_Constructor_NullArg_Throws" />
    </UnitTest>
    <UnitTest name="SessionExpiredTask_Constructor_ProcessTask" storage="d:\actions-runner\_work\xpco\xpco\corporate\recordingserver\recorderservice\tst\videoos.recorder.unittests\bin\x64\debug\net472\videoos.recorder.unittests.dll" id="5ece6615-6204-c2c7-d5ce-5fbcb4d47e21">
      <Execution id="f7fb2c71-9281-4789-a2ed-67c2e31f6803" />
      <TestMethod codeBase="D:\actions-runner\_work\XPCO\XPCO\Corporate\RecordingServer\RecorderService\tst\VideoOS.Recorder.UnitTests\bin\x64\Debug\net472\VideoOS.Recorder.UnitTests.dll" adapterTypeName="executor://mstestadapter/v2" className="VideoOS.Recorder.UnitTests.Command.PtzSessionsTests" name="SessionExpiredTask_Constructor_ProcessTask" />
    </UnitTest>
    <UnitTest name="SOAPCommandRequestHandler_ExecuteFunction_HandlePTZExtendedManualSession_NoDeviceId" storage="d:\actions-runner\_work\xpco\xpco\corporate\recordingserver\recorderservice\tst\videoos.recorder.unittests\bin\x64\debug\net472\videoos.recorder.unittests.dll" id="810ce809-2edf-8dfc-efd5-adced29593c9">
      <Execution id="5f1aca72-f821-47d7-827d-12aae8d6cad8" />
      <TestMethod codeBase="D:\actions-runner\_work\XPCO\XPCO\Corporate\RecordingServer\RecorderService\tst\VideoOS.Recorder.UnitTests\bin\x64\Debug\net472\VideoOS.Recorder.UnitTests.dll" adapterTypeName="executor://mstestadapter/v2" className="VideoOS.Recorder.UnitTests.WebServer.SOAPCommandRequestHandlerTests" name="SOAPCommandRequestHandler_ExecuteFunction_HandlePTZExtendedManualSession_NoDeviceId" />
    </UnitTest>
    <UnitTest name="PtzStopSessionCommandHandler_Execute_Success" storage="d:\actions-runner\_work\xpco\xpco\corporate\recordingserver\recorderservice\tst\videoos.recorder.unittests\bin\x64\debug\net472\videoos.recorder.unittests.dll" id="d27e619c-c523-6639-7596-4ce8aee611b8">
      <Execution id="19001487-368b-4e62-b30a-1271d79d227d" />
      <TestMethod codeBase="D:\actions-runner\_work\XPCO\XPCO\Corporate\RecordingServer\RecorderService\tst\VideoOS.Recorder.UnitTests\bin\x64\Debug\net472\VideoOS.Recorder.UnitTests.dll" adapterTypeName="executor://mstestadapter/v2" className="VideoOS.Recorder.UnitTests.Command.PtzStopSessionCommandHandlerTest" name="PtzStopSessionCommandHandler_Execute_Success" />
    </UnitTest>
    <UnitTest name="HardwareSetupInformationCommandHandler_Execute_NoDuplicate_WithAAC_Success" storage="d:\actions-runner\_work\xpco\xpco\corporate\recordingserver\recorderservice\tst\videoos.recorder.unittests\bin\x64\debug\net472\videoos.recorder.unittests.dll" id="f00a593d-e744-223c-d3b7-b9b8532b294d">
      <Execution id="1c2a34e6-fdd4-49af-b761-98fd3d188929" />
      <TestMethod codeBase="D:\actions-runner\_work\XPCO\XPCO\Corporate\RecordingServer\RecorderService\tst\VideoOS.Recorder.UnitTests\bin\x64\Debug\net472\VideoOS.Recorder.UnitTests.dll" adapterTypeName="executor://mstestadapter/v2" className="VideoOS.Recorder.UnitTests.Command.HardwareSetupInformationCommandHandlerUnitTests" name="HardwareSetupInformationCommandHandler_Execute_NoDuplicate_WithAAC_Success" />
    </UnitTest>
    <UnitTest name="RecordingStorageDeviceLinkEntries_Remove_Success" storage="d:\actions-runner\_work\xpco\xpco\corporate\recordingserver\recorderservice\tst\videoos.recorder.unittests\bin\x64\debug\net472\videoos.recorder.unittests.dll" id="addea57a-8814-a686-b1d6-170ad8b0558e">
      <Execution id="cc0c0ba1-cc5f-4367-a4ae-6df0b51b88a4" />
      <TestMethod codeBase="D:\actions-runner\_work\XPCO\XPCO\Corporate\RecordingServer\RecorderService\tst\VideoOS.Recorder.UnitTests\bin\x64\Debug\net472\VideoOS.Recorder.UnitTests.dll" adapterTypeName="executor://mstestadapter/v2" className="VideoOS.Recorder.UnitTests.RecordingStorageDeviceLinkEntriesTests" name="RecordingStorageDeviceLinkEntries_Remove_Success" />
    </UnitTest>
    <UnitTest name="DatabaseTaskCommandHandler_EmptyDevice_TableExistsException_Failure" storage="d:\actions-runner\_work\xpco\xpco\corporate\recordingserver\recorderservice\tst\videoos.recorder.unittests\bin\x64\debug\net472\videoos.recorder.unittests.dll" id="792bb89b-96d1-8463-29e5-370047183190">
      <Execution id="e7d098ef-5eaa-4e50-9633-52813d002714" />
      <TestMethod codeBase="D:\actions-runner\_work\XPCO\XPCO\Corporate\RecordingServer\RecorderService\tst\VideoOS.Recorder.UnitTests\bin\x64\Debug\net472\VideoOS.Recorder.UnitTests.dll" adapterTypeName="executor://mstestadapter/v2" className="VideoOS.Recorder.UnitTests.Command.DatabaseTaskCommandHandlerTest" name="DatabaseTaskCommandHandler_EmptyDevice_TableExistsException_Failure" />
    </UnitTest>
    <UnitTest name="EvidenceLockOnOldRecorderCommandHandler_AddEvidenceLock_RowExists" storage="d:\actions-runner\_work\xpco\xpco\corporate\recordingserver\recorderservice\tst\videoos.recorder.unittests\bin\x64\debug\net472\videoos.recorder.unittests.dll" id="a2bce702-365d-6ddb-20f6-5f22a941b354">
      <Execution id="bb2ca510-e96b-43fe-9409-2ed6f5548ec2" />
      <TestMethod codeBase="D:\actions-runner\_work\XPCO\XPCO\Corporate\RecordingServer\RecorderService\tst\VideoOS.Recorder.UnitTests\bin\x64\Debug\net472\VideoOS.Recorder.UnitTests.dll" adapterTypeName="executor://mstestadapter/v2" className="VideoOS.Recorder.UnitTests.Command.EvidenceLockOnOldRecorderCommandHandlerTests" name="EvidenceLockOnOldRecorderCommandHandler_AddEvidenceLock_RowExists" />
    </UnitTest>
    <UnitTest name="PtzReserveSession_ModelIsValid_CommandExecuted" storage="d:\actions-runner\_work\xpco\xpco\corporate\recordingserver\recorderservice\tst\videoos.recorder.unittests\bin\x64\debug\net472\videoos.recorder.unittests.dll" id="c6d95831-9453-6384-26f9-4e0968c83fbf">
      <Execution id="a76961a4-fbd6-4b08-8b40-9eca344c60ad" />
      <TestMethod codeBase="D:\actions-runner\_work\XPCO\XPCO\Corporate\RecordingServer\RecorderService\tst\VideoOS.Recorder.UnitTests\bin\x64\Debug\net472\VideoOS.Recorder.UnitTests.dll" adapterTypeName="executor://mstestadapter/v2" className="VideoOS.Recorder.UnitTests.PtzControllerTests" name="PtzReserveSession_ModelIsValid_CommandExecuted" />
    </UnitTest>
    <UnitTest name="SOAPCommandRequestHandler_ExecuteFunction_HandleJPEGGetLive_NoSecurity" storage="d:\actions-runner\_work\xpco\xpco\corporate\recordingserver\recorderservice\tst\videoos.recorder.unittests\bin\x64\debug\net472\videoos.recorder.unittests.dll" id="d3d196c7-5027-eb74-42ce-f8cbef50513d">
      <Execution id="8903c8a0-41a7-4c74-b285-a7bd0cd2b917" />
      <TestMethod codeBase="D:\actions-runner\_work\XPCO\XPCO\Corporate\RecordingServer\RecorderService\tst\VideoOS.Recorder.UnitTests\bin\x64\Debug\net472\VideoOS.Recorder.UnitTests.dll" adapterTypeName="executor://mstestadapter/v2" className="VideoOS.Recorder.UnitTests.WebServer.SOAPCommandRequestHandlerTests" name="SOAPCommandRequestHandler_ExecuteFunction_HandleJPEGGetLive_NoSecurity" />
    </UnitTest>
    <UnitTest name="PingDeviceCommandHandler_Execute_InvalidAddress" storage="d:\actions-runner\_work\xpco\xpco\corporate\recordingserver\recorderservice\tst\videoos.recorder.unittests\bin\x64\debug\net472\videoos.recorder.unittests.dll" id="0fb08c75-3a29-0406-124b-29414bdda200">
      <Execution id="a03cb052-949e-4fc0-9005-c93d5bd0a2ec" />
      <TestMethod codeBase="D:\actions-runner\_work\XPCO\XPCO\Corporate\RecordingServer\RecorderService\tst\VideoOS.Recorder.UnitTests\bin\x64\Debug\net472\VideoOS.Recorder.UnitTests.dll" adapterTypeName="executor://mstestadapter/v2" className="VideoOS.Recorder.UnitTests.Command.PingDeviceCommandHandlerUnitTests" name="PingDeviceCommandHandler_Execute_InvalidAddress" />
    </UnitTest>
    <UnitTest name="HardwareScanSession_TestProgressManual" storage="d:\actions-runner\_work\xpco\xpco\corporate\recordingserver\recorderservice\tst\videoos.recorder.unittests\bin\x64\debug\net472\videoos.recorder.unittests.dll" id="ca85e6f6-48d2-8dbb-0d56-cf8347a796be">
      <Execution id="de0af22d-9bbe-4563-b022-e4706a6d230b" />
      <TestMethod codeBase="D:\actions-runner\_work\XPCO\XPCO\Corporate\RecordingServer\RecorderService\tst\VideoOS.Recorder.UnitTests\bin\x64\Debug\net472\VideoOS.Recorder.UnitTests.dll" adapterTypeName="executor://mstestadapter/v2" className="VideoOS.Recorder.UnitTests.DeviceDiscovery.HardwareScanSessionTests" name="HardwareScanSession_TestProgressManual" />
    </UnitTest>
    <UnitTest name="SOAPCommandRequestHandler_ExecuteFunction_HandleSendDriverCommandWithResponse_NoDeviceId" storage="d:\actions-runner\_work\xpco\xpco\corporate\recordingserver\recorderservice\tst\videoos.recorder.unittests\bin\x64\debug\net472\videoos.recorder.unittests.dll" id="cca44cb6-50da-728d-1825-2c1bdde4cc60">
      <Execution id="c00435bc-5643-4f3a-982b-201eeeb8d8cf" />
      <TestMethod codeBase="D:\actions-runner\_work\XPCO\XPCO\Corporate\RecordingServer\RecorderService\tst\VideoOS.Recorder.UnitTests\bin\x64\Debug\net472\VideoOS.Recorder.UnitTests.dll" adapterTypeName="executor://mstestadapter/v2" className="VideoOS.Recorder.UnitTests.WebServer.SOAPCommandRequestHandlerTests" name="SOAPCommandRequestHandler_ExecuteFunction_HandleSendDriverCommandWithResponse_NoDeviceId" />
    </UnitTest>
    <UnitTest name="SOAPCommandRequestHandler_ExecuteFunction_HandlePTZMoveRelative_No_Security" storage="d:\actions-runner\_work\xpco\xpco\corporate\recordingserver\recorderservice\tst\videoos.recorder.unittests\bin\x64\debug\net472\videoos.recorder.unittests.dll" id="4c34c56c-4207-71fd-96b5-d81d44773773">
      <Execution id="bd0a4abc-c093-42c3-9974-a84353f2ea47" />
      <TestMethod codeBase="D:\actions-runner\_work\XPCO\XPCO\Corporate\RecordingServer\RecorderService\tst\VideoOS.Recorder.UnitTests\bin\x64\Debug\net472\VideoOS.Recorder.UnitTests.dll" adapterTypeName="executor://mstestadapter/v2" className="VideoOS.Recorder.UnitTests.WebServer.SOAPCommandRequestHandlerTests" name="SOAPCommandRequestHandler_ExecuteFunction_HandlePTZMoveRelative_No_Security" />
    </UnitTest>
    <UnitTest name="PtzPatrollingSessionBase_SignalDeleteSchema_Success" storage="d:\actions-runner\_work\xpco\xpco\corporate\recordingserver\recorderservice\tst\videoos.recorder.unittests\bin\x64\debug\net472\videoos.recorder.unittests.dll" id="afe30091-8913-e04e-6aa4-a530d1b1b039">
      <Execution id="e59853c1-533d-48a3-b82c-163cd2e6f7c4" />
      <TestMethod codeBase="D:\actions-runner\_work\XPCO\XPCO\Corporate\RecordingServer\RecorderService\tst\VideoOS.Recorder.UnitTests\bin\x64\Debug\net472\VideoOS.Recorder.UnitTests.dll" adapterTypeName="executor://mstestadapter/v2" className="VideoOS.Recorder.UnitTests.Command.PtzSessionsTests" name="PtzPatrollingSessionBase_SignalDeleteSchema_Success" />
    </UnitTest>
    <UnitTest name="PingDeviceCommandHandler_Execute_Success" storage="d:\actions-runner\_work\xpco\xpco\corporate\recordingserver\recorderservice\tst\videoos.recorder.unittests\bin\x64\debug\net472\videoos.recorder.unittests.dll" id="cd066c35-818e-33d4-9d89-a4aa8374f78a">
      <Execution id="eb497703-fa34-46f2-ba31-c97dd4c55d4b" />
      <TestMethod codeBase="D:\actions-runner\_work\XPCO\XPCO\Corporate\RecordingServer\RecorderService\tst\VideoOS.Recorder.UnitTests\bin\x64\Debug\net472\VideoOS.Recorder.UnitTests.dll" adapterTypeName="executor://mstestadapter/v2" className="VideoOS.Recorder.UnitTests.Command.PingDeviceCommandHandlerUnitTests" name="PingDeviceCommandHandler_Execute_Success" />
    </UnitTest>
    <UnitTest name="FirmwareUpgradeCommandHandler_Execute_NullOrIncorrectArgs_Throw" storage="d:\actions-runner\_work\xpco\xpco\corporate\recordingserver\recorderservice\tst\videoos.recorder.unittests\bin\x64\debug\net472\videoos.recorder.unittests.dll" id="fbf768f5-bda1-d532-9518-dfdf120eb87b">
      <Execution id="e7ebd191-a36b-4476-b8c3-c43f6491c40a" />
      <TestMethod codeBase="D:\actions-runner\_work\XPCO\XPCO\Corporate\RecordingServer\RecorderService\tst\VideoOS.Recorder.UnitTests\bin\x64\Debug\net472\VideoOS.Recorder.UnitTests.dll" adapterTypeName="executor://mstestadapter/v2" className="VideoOS.Recorder.UnitTests.Command.FirmwareUpgradeCommandHandlerUnitTests" name="FirmwareUpgradeCommandHandler_Execute_NullOrIncorrectArgs_Throw" />
    </UnitTest>
    <UnitTest name="ReadMessageHeaders_ReadRequestLine_ImageServer_Success" storage="d:\actions-runner\_work\xpco\xpco\corporate\recordingserver\recorderservice\tst\videoos.recorder.unittests\bin\x64\debug\net472\videoos.recorder.unittests.dll" id="8ceafbe3-d7d0-98c3-025e-4971760dfaa1">
      <Execution id="2241c57d-37a5-40de-a3f6-8b06dc9ede1a" />
      <TestMethod codeBase="D:\actions-runner\_work\XPCO\XPCO\Corporate\RecordingServer\RecorderService\tst\VideoOS.Recorder.UnitTests\bin\x64\Debug\net472\VideoOS.Recorder.UnitTests.dll" adapterTypeName="executor://mstestadapter/v2" className="VideoOS.Recorder.UnitTests.WebServer.WebRequestReaderUnitTests" name="ReadMessageHeaders_ReadRequestLine_ImageServer_Success" />
    </UnitTest>
    <UnitTest name="RegisterLiveTablesInStorage" storage="d:\actions-runner\_work\xpco\xpco\corporate\recordingserver\recorderservice\tst\videoos.recorder.unittests\bin\x64\debug\net472\videoos.recorder.unittests.dll" id="5b299f56-e5a1-23e2-60c8-4de7b98b9179">
      <Execution id="68e24844-9d2e-4c2d-afc0-99ce38aedcad" />
      <TestMethod codeBase="D:\actions-runner\_work\XPCO\XPCO\Corporate\RecordingServer\RecorderService\tst\VideoOS.Recorder.UnitTests\bin\x64\Debug\net472\VideoOS.Recorder.UnitTests.dll" adapterTypeName="executor://mstestadapter/v2" className="VideoOS.Recorder.UnitTests.Database.MediaDbLiveTableStorageInfoTests" name="RegisterLiveTablesInStorage" />
    </UnitTest>
    <UnitTest name="PtzManagerDataHolder_GetOrAddPtzController_Success" storage="d:\actions-runner\_work\xpco\xpco\corporate\recordingserver\recorderservice\tst\videoos.recorder.unittests\bin\x64\debug\net472\videoos.recorder.unittests.dll" id="115bd2f0-1853-8480-252f-37ca6d40c3a6">
      <Execution id="e59610e9-7590-49e5-864d-8f073b5b13cc" />
      <TestMethod codeBase="D:\actions-runner\_work\XPCO\XPCO\Corporate\RecordingServer\RecorderService\tst\VideoOS.Recorder.UnitTests\bin\x64\Debug\net472\VideoOS.Recorder.UnitTests.dll" adapterTypeName="executor://mstestadapter/v2" className="VideoOS.Recorder.UnitTests.Command.PtzManagerDataHolderTest" name="PtzManagerDataHolder_GetOrAddPtzController_Success" />
    </UnitTest>
    <UnitTest name="ConfigurationController_UpdateUserSecurityTokens_IsValid_NoContent" storage="d:\actions-runner\_work\xpco\xpco\corporate\recordingserver\recorderservice\tst\videoos.recorder.unittests\bin\x64\debug\net472\videoos.recorder.unittests.dll" id="149fae0e-4b3b-37ce-c523-a738629c5e3d">
      <Execution id="a6354507-7f6b-4db8-b2f4-df1994bc763d" />
      <TestMethod codeBase="D:\actions-runner\_work\XPCO\XPCO\Corporate\RecordingServer\RecorderService\tst\VideoOS.Recorder.UnitTests\bin\x64\Debug\net472\VideoOS.Recorder.UnitTests.dll" adapterTypeName="executor://mstestadapter/v2" className="VideoOS.Recorder.UnitTests.ConfigurationControllerTests" name="ConfigurationController_UpdateUserSecurityTokens_IsValid_NoContent" />
    </UnitTest>
    <UnitTest name="AddHardwareUserCommandHandler_Execute_AddUser_ThrowsUnrecognisedExceptionsAsUnknownError_Errors" storage="d:\actions-runner\_work\xpco\xpco\corporate\recordingserver\recorderservice\tst\videoos.recorder.unittests\bin\x64\debug\net472\videoos.recorder.unittests.dll" id="43b03a7c-1563-d2e5-a3aa-3d3446fc2f53">
      <Execution id="bf414645-c62a-462f-bdb9-cbbff9ba05d3" />
      <TestMethod codeBase="D:\actions-runner\_work\XPCO\XPCO\Corporate\RecordingServer\RecorderService\tst\VideoOS.Recorder.UnitTests\bin\x64\Debug\net472\VideoOS.Recorder.UnitTests.dll" adapterTypeName="executor://mstestadapter/v2" className="VideoOS.Recorder.UnitTests.Command.AddHardwareUserCommandHandlerRecorderUnitTests" name="AddHardwareUserCommandHandler_Execute_AddUser_ThrowsUnrecognisedExceptionsAsUnknownError_Errors" />
    </UnitTest>
    <UnitTest name="SOAPCommandRequestHandler_ExecuteFunction_HandlePTZMoveRelative_No_Priority" storage="d:\actions-runner\_work\xpco\xpco\corporate\recordingserver\recorderservice\tst\videoos.recorder.unittests\bin\x64\debug\net472\videoos.recorder.unittests.dll" id="fc5d833f-4890-756d-c3f3-69557f01bf61">
      <Execution id="ad0237f2-ebb5-4fcd-bcc0-1dc4a1f02037" />
      <TestMethod codeBase="D:\actions-runner\_work\XPCO\XPCO\Corporate\RecordingServer\RecorderService\tst\VideoOS.Recorder.UnitTests\bin\x64\Debug\net472\VideoOS.Recorder.UnitTests.dll" adapterTypeName="executor://mstestadapter/v2" className="VideoOS.Recorder.UnitTests.WebServer.SOAPCommandRequestHandlerTests" name="SOAPCommandRequestHandler_ExecuteFunction_HandlePTZMoveRelative_No_Priority" />
    </UnitTest>
    <UnitTest name="PtzStopSessionCommandHandler_Execute_Preset_Not_Supported" storage="d:\actions-runner\_work\xpco\xpco\corporate\recordingserver\recorderservice\tst\videoos.recorder.unittests\bin\x64\debug\net472\videoos.recorder.unittests.dll" id="e870f836-5567-9b5e-b5b7-1c1f20642a06">
      <Execution id="876defeb-f78b-4f03-b99c-59bcfb34119b" />
      <TestMethod codeBase="D:\actions-runner\_work\XPCO\XPCO\Corporate\RecordingServer\RecorderService\tst\VideoOS.Recorder.UnitTests\bin\x64\Debug\net472\VideoOS.Recorder.UnitTests.dll" adapterTypeName="executor://mstestadapter/v2" className="VideoOS.Recorder.UnitTests.Command.PtzStopSessionCommandHandlerTest" name="PtzStopSessionCommandHandler_Execute_Preset_Not_Supported" />
    </UnitTest>
    <UnitTest name="DatabaseoperationCommandhandler_VerifyStorageAndArchiveOnline_Storage_Online" storage="d:\actions-runner\_work\xpco\xpco\corporate\recordingserver\recorderservice\tst\videoos.recorder.unittests\bin\x64\debug\net472\videoos.recorder.unittests.dll" id="d3a3c4d8-fbcb-7ee8-0479-ab7df60c22c2">
      <Execution id="97c8a9c1-673d-45a3-b24b-b64851f5c295" />
      <TestMethod codeBase="D:\actions-runner\_work\XPCO\XPCO\Corporate\RecordingServer\RecorderService\tst\VideoOS.Recorder.UnitTests\bin\x64\Debug\net472\VideoOS.Recorder.UnitTests.dll" adapterTypeName="executor://mstestadapter/v2" className="VideoOS.Recorder.UnitTests.Command.DatabaseOperationCommandHandlerUnitTests" name="DatabaseoperationCommandhandler_VerifyStorageAndArchiveOnline_Storage_Online" />
    </UnitTest>
    <UnitTest name="AudioPlayerOnSpeaker_PlayUsingCurrentThread_NoDevice" storage="d:\actions-runner\_work\xpco\xpco\corporate\recordingserver\recorderservice\tst\videoos.recorder.unittests\bin\x64\debug\net472\videoos.recorder.unittests.dll" id="21e9ac61-4873-b24d-8bf7-3140e9df549f">
      <Execution id="fb62c991-cc05-400c-afbf-6676ea807b15" />
      <TestMethod codeBase="D:\actions-runner\_work\XPCO\XPCO\Corporate\RecordingServer\RecorderService\tst\VideoOS.Recorder.UnitTests\bin\x64\Debug\net472\VideoOS.Recorder.UnitTests.dll" adapterTypeName="executor://mstestadapter/v2" className="VideoOS.Recorder.UnitTests.AudioMessageHandling.AudioPlayerOnSpeakerTests" name="AudioPlayerOnSpeaker_PlayUsingCurrentThread_NoDevice" />
    </UnitTest>
    <UnitTest name="MediaDbCache_GetDiskUsageInformationBank_Nothing_Cached" storage="d:\actions-runner\_work\xpco\xpco\corporate\recordingserver\recorderservice\tst\videoos.recorder.unittests\bin\x64\debug\net472\videoos.recorder.unittests.dll" id="4c726782-66eb-044c-67dc-aabe5eb5c1ac">
      <Execution id="69308742-5485-4f7b-896f-74d98ce1ab58" />
      <TestMethod codeBase="D:\actions-runner\_work\XPCO\XPCO\Corporate\RecordingServer\RecorderService\tst\VideoOS.Recorder.UnitTests\bin\x64\Debug\net472\VideoOS.Recorder.UnitTests.dll" adapterTypeName="executor://mstestadapter/v2" className="VideoOS.Recorder.UnitTests.Database.MediaDbCacheUnitTests" name="MediaDbCache_GetDiskUsageInformationBank_Nothing_Cached" />
    </UnitTest>
    <UnitTest name="FailoverMediaMover_Dispose_MultipleDisposeDoesNotThrow" storage="d:\actions-runner\_work\xpco\xpco\corporate\recordingserver\recorderservice\tst\videoos.recorder.unittests\bin\x64\debug\net472\videoos.recorder.unittests.dll" id="de48f299-960b-c324-97e4-bb53e6a08c4c">
      <Execution id="45b7f531-d142-40d8-b4ee-68db4b3136be" />
      <TestMethod codeBase="D:\actions-runner\_work\XPCO\XPCO\Corporate\RecordingServer\RecorderService\tst\VideoOS.Recorder.UnitTests\bin\x64\Debug\net472\VideoOS.Recorder.UnitTests.dll" adapterTypeName="executor://mstestadapter/v2" className="VideoOS.Recorder.UnitTests.FailoverMediaMoverUnitTests" name="FailoverMediaMover_Dispose_MultipleDisposeDoesNotThrow" />
    </UnitTest>
    <UnitTest name="RecorderAccessTokenHandler_PopulateAuthorizationHeaderAsync_ArgumentNullException" storage="d:\actions-runner\_work\xpco\xpco\corporate\recordingserver\recorderservice\tst\videoos.recorder.unittests\bin\x64\debug\net472\videoos.recorder.unittests.dll" id="ef27459c-76de-489d-e30f-0b4115e73784">
      <Execution id="e32b9bf4-a795-469a-952e-8462f49bb372" />
      <TestMethod codeBase="D:\actions-runner\_work\XPCO\XPCO\Corporate\RecordingServer\RecorderService\tst\VideoOS.Recorder.UnitTests\bin\x64\Debug\net472\VideoOS.Recorder.UnitTests.dll" adapterTypeName="executor://mstestadapter/v2" className="VideoOS.Recorder.UnitTests.ServerCommunication.RecorderAccessTokenHandlerTests" name="RecorderAccessTokenHandler_PopulateAuthorizationHeaderAsync_ArgumentNullException" />
    </UnitTest>
    <UnitTest name="IsInRange_ShouldReturnFalse_WhenAddressOutsideRangeBigRange" storage="d:\actions-runner\_work\xpco\xpco\corporate\recordingserver\recorderservice\tst\videoos.recorder.unittests\bin\x64\debug\net472\videoos.recorder.unittests.dll" id="64f54c8f-c43e-bd43-0882-5dd872acabae">
      <Execution id="abc3952f-d956-4aaf-9acd-cf20f0fd9da4" />
      <TestMethod codeBase="D:\actions-runner\_work\XPCO\XPCO\Corporate\RecordingServer\RecorderService\tst\VideoOS.Recorder.UnitTests\bin\x64\Debug\net472\VideoOS.Recorder.UnitTests.dll" adapterTypeName="executor://mstestadapter/v2" className="VideoOS.Recorder.UnitTests.DeviceDiscovery.MipDriversDiscoveryTaskTests" name="IsInRange_ShouldReturnFalse_WhenAddressOutsideRangeBigRange" />
    </UnitTest>
    <UnitTest name="PipelineEventSource_GuidTest" storage="d:\actions-runner\_work\xpco\xpco\corporate\recordingserver\recorderservice\tst\videoos.recorder.unittests\bin\x64\debug\net472\videoos.recorder.unittests.dll" id="e99f45ea-08bf-c5d2-cb75-357169094869">
      <Execution id="d613fe5f-0876-4c15-9882-b405bbdf38b4" />
      <TestMethod codeBase="D:\actions-runner\_work\XPCO\XPCO\Corporate\RecordingServer\RecorderService\tst\VideoOS.Recorder.UnitTests\bin\x64\Debug\net472\VideoOS.Recorder.UnitTests.dll" adapterTypeName="executor://mstestadapter/v2" className="VideoOS.Recorder.UnitTests.Tracing.GeneralTracingTests" name="PipelineEventSource_GuidTest" />
    </UnitTest>
    <UnitTest name="PerformFileSystemOperation_ModelIsNull_BadRequestResult" storage="d:\actions-runner\_work\xpco\xpco\corporate\recordingserver\recorderservice\tst\videoos.recorder.unittests\bin\x64\debug\net472\videoos.recorder.unittests.dll" id="65799c34-732d-1a33-c654-588279eeaf65">
      <Execution id="5f76052f-7a32-47ae-a26e-442e503acd95" />
      <TestMethod codeBase="D:\actions-runner\_work\XPCO\XPCO\Corporate\RecordingServer\RecorderService\tst\VideoOS.Recorder.UnitTests\bin\x64\Debug\net472\VideoOS.Recorder.UnitTests.dll" adapterTypeName="executor://mstestadapter/v2" className="VideoOS.Recorder.UnitTests.RecorderControllerTests" name="PerformFileSystemOperation_ModelIsNull_BadRequestResult" />
    </UnitTest>
    <UnitTest name="ConnectSuccess_NextWithTime_AfterMedia" storage="d:\actions-runner\_work\xpco\xpco\corporate\recordingserver\recorderservice\tst\videoos.recorder.unittests\bin\x64\debug\net472\videoos.recorder.unittests.dll" id="9b3aca54-a7a6-01ba-a59e-c7ffccc5373c">
      <Execution id="89448201-b65c-4067-8759-fb6c9434565b" />
      <TestMethod codeBase="D:\actions-runner\_work\XPCO\XPCO\Corporate\RecordingServer\RecorderService\tst\VideoOS.Recorder.UnitTests\bin\x64\Debug\net472\VideoOS.Recorder.UnitTests.dll" adapterTypeName="executor://mstestadapter/v2" className="VideoOS.Recorder.UnitTests.WebServer.ImageServerRequestHandlerTests" name="ConnectSuccess_NextWithTime_AfterMedia" />
    </UnitTest>
    <UnitTest name="FilterTrackIdsToThoseThatShouldNotHaveMediaOnRecorder_InternalStateStopped_DoesNotThrowThrowsCommunicationStoppedException" storage="d:\actions-runner\_work\xpco\xpco\corporate\recordingserver\recorderservice\tst\videoos.recorder.unittests\bin\x64\debug\net472\videoos.recorder.unittests.dll" id="9cefd0a9-8c92-97bd-2892-256a438574dd">
      <Execution id="8bf66722-24f5-48cb-88c1-654bf367e611" />
      <TestMethod codeBase="D:\actions-runner\_work\XPCO\XPCO\Corporate\RecordingServer\RecorderService\tst\VideoOS.Recorder.UnitTests\bin\x64\Debug\net472\VideoOS.Recorder.UnitTests.dll" adapterTypeName="executor://mstestadapter/v2" className="VideoOS.Recorder.UnitTests.CommManagerWebApiTests" name="FilterTrackIdsToThoseThatShouldNotHaveMediaOnRecorder_InternalStateStopped_DoesNotThrowThrowsCommunicationStoppedException" />
    </UnitTest>
    <UnitTest name="SOAPCommandRequestHandler_ExecuteFunction_HandlePTZMoveHome_No_Security" storage="d:\actions-runner\_work\xpco\xpco\corporate\recordingserver\recorderservice\tst\videoos.recorder.unittests\bin\x64\debug\net472\videoos.recorder.unittests.dll" id="d2358cb3-85bc-fda3-2eed-0a2a478d6789">
      <Execution id="61a7b807-c111-4976-bd48-d8ef515e9f5c" />
      <TestMethod codeBase="D:\actions-runner\_work\XPCO\XPCO\Corporate\RecordingServer\RecorderService\tst\VideoOS.Recorder.UnitTests\bin\x64\Debug\net472\VideoOS.Recorder.UnitTests.dll" adapterTypeName="executor://mstestadapter/v2" className="VideoOS.Recorder.UnitTests.WebServer.SOAPCommandRequestHandlerTests" name="SOAPCommandRequestHandler_ExecuteFunction_HandlePTZMoveHome_No_Security" />
    </UnitTest>
    <UnitTest name="ResponseController_Construction_Success" storage="d:\actions-runner\_work\xpco\xpco\corporate\recordingserver\recorderservice\tst\videoos.recorder.unittests\bin\x64\debug\net472\videoos.recorder.unittests.dll" id="525a0ceb-2643-c82c-ce34-27d7b53036ae">
      <Execution id="6a4ac8de-a167-49f3-902f-20375ca68af0" />
      <TestMethod codeBase="D:\actions-runner\_work\XPCO\XPCO\Corporate\RecordingServer\RecorderService\tst\VideoOS.Recorder.UnitTests\bin\x64\Debug\net472\VideoOS.Recorder.UnitTests.dll" adapterTypeName="executor://mstestadapter/v2" className="VideoOS.Recorder.UnitTests.ResponseControllerTests" name="ResponseController_Construction_Success" />
    </UnitTest>
    <UnitTest name="SetupInitialHardwareUserCommandHandler_Execute_SetupUser_ThrowsUserHandlingUserNameTooLongtrError_Errors" storage="d:\actions-runner\_work\xpco\xpco\corporate\recordingserver\recorderservice\tst\videoos.recorder.unittests\bin\x64\debug\net472\videoos.recorder.unittests.dll" id="29d604d1-f3c0-49b5-03f5-cf1ef5077225">
      <Execution id="12a5ffc4-30bb-4873-bb0e-c057b14ff7dd" />
      <TestMethod codeBase="D:\actions-runner\_work\XPCO\XPCO\Corporate\RecordingServer\RecorderService\tst\VideoOS.Recorder.UnitTests\bin\x64\Debug\net472\VideoOS.Recorder.UnitTests.dll" adapterTypeName="executor://mstestadapter/v2" className="VideoOS.Recorder.UnitTests.Command.SetupInitialHardwareUserCommandHandlerUnitTests" name="SetupInitialHardwareUserCommandHandler_Execute_SetupUser_ThrowsUserHandlingUserNameTooLongtrError_Errors" />
    </UnitTest>
    <UnitTest name="SOAPCommandRequestHandler_ExecuteFunction_HandleSmartSearchGetStatus_Success" storage="d:\actions-runner\_work\xpco\xpco\corporate\recordingserver\recorderservice\tst\videoos.recorder.unittests\bin\x64\debug\net472\videoos.recorder.unittests.dll" id="dea3580e-3a09-292c-5496-d4afcd443f8b">
      <Execution id="0a0b8275-519d-4034-8d6c-01dc18ad272d" />
      <TestMethod codeBase="D:\actions-runner\_work\XPCO\XPCO\Corporate\RecordingServer\RecorderService\tst\VideoOS.Recorder.UnitTests\bin\x64\Debug\net472\VideoOS.Recorder.UnitTests.dll" adapterTypeName="executor://mstestadapter/v2" className="VideoOS.Recorder.UnitTests.WebServer.SOAPCommandRequestHandlerTests" name="SOAPCommandRequestHandler_ExecuteFunction_HandleSmartSearchGetStatus_Success" />
    </UnitTest>
    <UnitTest name="ReadMessageHeaders_ReadRequestLine_SoapStatus_Success" storage="d:\actions-runner\_work\xpco\xpco\corporate\recordingserver\recorderservice\tst\videoos.recorder.unittests\bin\x64\debug\net472\videoos.recorder.unittests.dll" id="b851e41c-dd58-304e-e982-0c01ea9a4642">
      <Execution id="53206688-30e9-45dd-ae7d-5dfa35a558e4" />
      <TestMethod codeBase="D:\actions-runner\_work\XPCO\XPCO\Corporate\RecordingServer\RecorderService\tst\VideoOS.Recorder.UnitTests\bin\x64\Debug\net472\VideoOS.Recorder.UnitTests.dll" adapterTypeName="executor://mstestadapter/v2" className="VideoOS.Recorder.UnitTests.WebServer.WebRequestReaderUnitTests" name="ReadMessageHeaders_ReadRequestLine_SoapStatus_Success" />
    </UnitTest>
    <UnitTest name="SOAPCommandRequestHandler_ExecuteFunction_HandleSequencesGetAround_NoSequenceType" storage="d:\actions-runner\_work\xpco\xpco\corporate\recordingserver\recorderservice\tst\videoos.recorder.unittests\bin\x64\debug\net472\videoos.recorder.unittests.dll" id="29d684b0-2e25-416c-2170-4e35876ac66b">
      <Execution id="eaa4f1ac-7232-43c9-8f05-7d8006b20594" />
      <TestMethod codeBase="D:\actions-runner\_work\XPCO\XPCO\Corporate\RecordingServer\RecorderService\tst\VideoOS.Recorder.UnitTests\bin\x64\Debug\net472\VideoOS.Recorder.UnitTests.dll" adapterTypeName="executor://mstestadapter/v2" className="VideoOS.Recorder.UnitTests.WebServer.SOAPCommandRequestHandlerTests" name="SOAPCommandRequestHandler_ExecuteFunction_HandleSequencesGetAround_NoSequenceType" />
    </UnitTest>
    <UnitTest name="SOAPCommandRequestHandler_ExecuteFunction_HandleSmartSearchStart_NoResultMotionMaskSizeHeight" storage="d:\actions-runner\_work\xpco\xpco\corporate\recordingserver\recorderservice\tst\videoos.recorder.unittests\bin\x64\debug\net472\videoos.recorder.unittests.dll" id="a8285c5a-ff5d-0ef5-7bbd-59de8473e545">
      <Execution id="40223fb6-adcb-407d-9944-1e4f6c94e30b" />
      <TestMethod codeBase="D:\actions-runner\_work\XPCO\XPCO\Corporate\RecordingServer\RecorderService\tst\VideoOS.Recorder.UnitTests\bin\x64\Debug\net472\VideoOS.Recorder.UnitTests.dll" adapterTypeName="executor://mstestadapter/v2" className="VideoOS.Recorder.UnitTests.WebServer.SOAPCommandRequestHandlerTests" name="SOAPCommandRequestHandler_ExecuteFunction_HandleSmartSearchStart_NoResultMotionMaskSizeHeight" />
    </UnitTest>
    <UnitTest name="TimeRangeConversionMinRangeAndTimeResolutionEdges" storage="d:\actions-runner\_work\xpco\xpco\corporate\recordingserver\recorderservice\tst\videoos.recorder.unittests\bin\x64\debug\net472\videoos.recorder.unittests.dll" id="004f8d00-7021-c1c4-369e-225487d1b121">
      <TestCategory>
        <TestCategoryItem TestCategory="TimeRangeConversion" />
      </TestCategory>
      <Execution id="8c3c5972-eb9a-4465-8fa3-9b8054f6cc67" />
      <TestMethod codeBase="D:\actions-runner\_work\XPCO\XPCO\Corporate\RecordingServer\RecorderService\tst\VideoOS.Recorder.UnitTests\bin\x64\Debug\net472\VideoOS.Recorder.UnitTests.dll" adapterTypeName="executor://mstestadapter/v2" className="VideoOS.Recorder.UnitTests.TimeRangeConversionTests.TimeRangeConversionTests" name="TimeRangeConversionMinRangeAndTimeResolutionEdges" />
    </UnitTest>
    <UnitTest name="EvidenceLockOnOldRecorderCommandHandler_DeleteEvidenceLock" storage="d:\actions-runner\_work\xpco\xpco\corporate\recordingserver\recorderservice\tst\videoos.recorder.unittests\bin\x64\debug\net472\videoos.recorder.unittests.dll" id="da5205b9-0f99-3af5-fac3-d0934e4115a7">
      <Execution id="435acce3-7960-4a70-aca1-e1f7a98b74ee" />
      <TestMethod codeBase="D:\actions-runner\_work\XPCO\XPCO\Corporate\RecordingServer\RecorderService\tst\VideoOS.Recorder.UnitTests\bin\x64\Debug\net472\VideoOS.Recorder.UnitTests.dll" adapterTypeName="executor://mstestadapter/v2" className="VideoOS.Recorder.UnitTests.Command.EvidenceLockOnOldRecorderCommandHandlerTests" name="EvidenceLockOnOldRecorderCommandHandler_DeleteEvidenceLock" />
    </UnitTest>
    <UnitTest name="PtzReserveSessionCommandHandler_Execute_PtzException_DeviceNotFound" storage="d:\actions-runner\_work\xpco\xpco\corporate\recordingserver\recorderservice\tst\videoos.recorder.unittests\bin\x64\debug\net472\videoos.recorder.unittests.dll" id="ccb34df4-86e3-130c-4b84-9d98dd328c0f">
      <Execution id="3af29326-efd4-46db-b7f4-c57cf77b1e1b" />
      <TestMethod codeBase="D:\actions-runner\_work\XPCO\XPCO\Corporate\RecordingServer\RecorderService\tst\VideoOS.Recorder.UnitTests\bin\x64\Debug\net472\VideoOS.Recorder.UnitTests.dll" adapterTypeName="executor://mstestadapter/v2" className="VideoOS.Recorder.UnitTests.Command.PtzReserveSessionCommandHandlerTest" name="PtzReserveSessionCommandHandler_Execute_PtzException_DeviceNotFound" />
    </UnitTest>
    <UnitTest name="ChangeHardwarePasswordCommandHandler_Execute_ChangePassword_ThrowsSubsequentAuthenticationFailed_Errors" storage="d:\actions-runner\_work\xpco\xpco\corporate\recordingserver\recorderservice\tst\videoos.recorder.unittests\bin\x64\debug\net472\videoos.recorder.unittests.dll" id="21806500-e743-4262-83d1-0b2b1558ea13">
      <Execution id="de2d02b5-119c-4285-be9d-ca4bff511af6" />
      <TestMethod codeBase="D:\actions-runner\_work\XPCO\XPCO\Corporate\RecordingServer\RecorderService\tst\VideoOS.Recorder.UnitTests\bin\x64\Debug\net472\VideoOS.Recorder.UnitTests.dll" adapterTypeName="executor://mstestadapter/v2" className="VideoOS.Recorder.UnitTests.Command.ChangeHardwarePasswordCommandHandlerUnitTests" name="ChangeHardwarePasswordCommandHandler_Execute_ChangePassword_ThrowsSubsequentAuthenticationFailed_Errors" />
    </UnitTest>
    <UnitTest name="TestLiveTableStatusCreatedWithoutTableExists" storage="d:\actions-runner\_work\xpco\xpco\corporate\recordingserver\recorderservice\tst\videoos.recorder.unittests\bin\x64\debug\net472\videoos.recorder.unittests.dll" id="6655f2de-68dc-155c-85bd-e9907fa4887a">
      <Execution id="b56663cd-ae2b-4629-808b-5f905e3cf1a9" />
      <TestMethod codeBase="D:\actions-runner\_work\XPCO\XPCO\Corporate\RecordingServer\RecorderService\tst\VideoOS.Recorder.UnitTests\bin\x64\Debug\net472\VideoOS.Recorder.UnitTests.dll" adapterTypeName="executor://mstestadapter/v2" className="VideoOS.Recorder.UnitTests.Database.MediaDbLiveTableRegistrationTests" name="TestLiveTableStatusCreatedWithoutTableExists" />
    </UnitTest>
    <UnitTest name="GetHardwareUsersCommandHandler_Execute_GetUserList_ThrowsUnknownResult_Errors" storage="d:\actions-runner\_work\xpco\xpco\corporate\recordingserver\recorderservice\tst\videoos.recorder.unittests\bin\x64\debug\net472\videoos.recorder.unittests.dll" id="4fe2e139-68fb-bfd9-5717-72ea3bda9da0">
      <Execution id="ac44db91-3b59-41d8-8aaa-c2a3ec92a521" />
      <TestMethod codeBase="D:\actions-runner\_work\XPCO\XPCO\Corporate\RecordingServer\RecorderService\tst\VideoOS.Recorder.UnitTests\bin\x64\Debug\net472\VideoOS.Recorder.UnitTests.dll" adapterTypeName="executor://mstestadapter/v2" className="VideoOS.Recorder.UnitTests.Command.GetHardwareUsersCommandHandlerUnitTests" name="GetHardwareUsersCommandHandler_Execute_GetUserList_ThrowsUnknownResult_Errors" />
    </UnitTest>
    <UnitTest name="TimeRangeConversionRangesMatchStartAndEndTimeInside" storage="d:\actions-runner\_work\xpco\xpco\corporate\recordingserver\recorderservice\tst\videoos.recorder.unittests\bin\x64\debug\net472\videoos.recorder.unittests.dll" id="3f274ba1-8989-dbb9-a238-0d6fba10e7e2">
      <TestCategory>
        <TestCategoryItem TestCategory="TimeRangeConversion" />
      </TestCategory>
      <Execution id="ebd3ad25-4542-40d0-99d5-1a4be0811982" />
      <TestMethod codeBase="D:\actions-runner\_work\XPCO\XPCO\Corporate\RecordingServer\RecorderService\tst\VideoOS.Recorder.UnitTests\bin\x64\Debug\net472\VideoOS.Recorder.UnitTests.dll" adapterTypeName="executor://mstestadapter/v2" className="VideoOS.Recorder.UnitTests.TimeRangeConversionTests.TimeRangeConversionTests" name="TimeRangeConversionRangesMatchStartAndEndTimeInside" />
    </UnitTest>
    <UnitTest name="SOAPCommandRequestHandler_ExecuteFunction_HandleSequencesGetAroundWithSpan_NoMaxTimeAfter" storage="d:\actions-runner\_work\xpco\xpco\corporate\recordingserver\recorderservice\tst\videoos.recorder.unittests\bin\x64\debug\net472\videoos.recorder.unittests.dll" id="2b908fb7-b08c-080d-c013-0cb6e5bee8c3">
      <Execution id="fab19ae3-ff70-4bab-af3d-4c891476e272" />
      <TestMethod codeBase="D:\actions-runner\_work\XPCO\XPCO\Corporate\RecordingServer\RecorderService\tst\VideoOS.Recorder.UnitTests\bin\x64\Debug\net472\VideoOS.Recorder.UnitTests.dll" adapterTypeName="executor://mstestadapter/v2" className="VideoOS.Recorder.UnitTests.WebServer.SOAPCommandRequestHandlerTests" name="SOAPCommandRequestHandler_ExecuteFunction_HandleSequencesGetAroundWithSpan_NoMaxTimeAfter" />
    </UnitTest>
    <UnitTest name="DeleteHardwareUserCommandHandler_Constructor_NullArg_Throws" storage="d:\actions-runner\_work\xpco\xpco\corporate\recordingserver\recorderservice\tst\videoos.recorder.unittests\bin\x64\debug\net472\videoos.recorder.unittests.dll" id="85472a76-c230-1b30-15bd-9370937ca35c">
      <Execution id="90970259-31c2-4bb6-a2b3-4e36fc268f79" />
      <TestMethod codeBase="D:\actions-runner\_work\XPCO\XPCO\Corporate\RecordingServer\RecorderService\tst\VideoOS.Recorder.UnitTests\bin\x64\Debug\net472\VideoOS.Recorder.UnitTests.dll" adapterTypeName="executor://mstestadapter/v2" className="VideoOS.Recorder.UnitTests.Command.DeleteHardwareUserCommandHandlerTest" name="DeleteHardwareUserCommandHandler_Constructor_NullArg_Throws" />
    </UnitTest>
    <UnitTest name="SOAPCommandRequestHandler_ExecuteFunction_HandleOutputGetState_Success_Deactivated" storage="d:\actions-runner\_work\xpco\xpco\corporate\recordingserver\recorderservice\tst\videoos.recorder.unittests\bin\x64\debug\net472\videoos.recorder.unittests.dll" id="925bd70a-d73a-acfc-ef5a-67d128bee0e3">
      <Execution id="4333e33d-76fe-42c8-9a75-807ed5c07bae" />
      <TestMethod codeBase="D:\actions-runner\_work\XPCO\XPCO\Corporate\RecordingServer\RecorderService\tst\VideoOS.Recorder.UnitTests\bin\x64\Debug\net472\VideoOS.Recorder.UnitTests.dll" adapterTypeName="executor://mstestadapter/v2" className="VideoOS.Recorder.UnitTests.WebServer.SOAPCommandRequestHandlerTests" name="SOAPCommandRequestHandler_ExecuteFunction_HandleOutputGetState_Success_Deactivated" />
    </UnitTest>
    <UnitTest name="EnhanceSettings_EmptyPrivacyMask" storage="d:\actions-runner\_work\xpco\xpco\corporate\recordingserver\recorderservice\tst\videoos.recorder.unittests\bin\x64\debug\net472\videoos.recorder.unittests.dll" id="794108d2-0f91-37dc-89eb-9552b0474c91">
      <Owners>
        <Owner name="FT06" />
      </Owners>
      <Execution id="b3e97f96-0272-41ac-99dc-8f2fa56887c2" />
      <TestMethod codeBase="D:\actions-runner\_work\XPCO\XPCO\Corporate\RecordingServer\RecorderService\tst\VideoOS.Recorder.UnitTests\bin\x64\Debug\net472\VideoOS.Recorder.UnitTests.dll" adapterTypeName="executor://mstestadapter/v2" className="VideoOS.Recorder.UnitTests.ObjectModel.Processors.PluginSettingsEnhancerTest" name="EnhanceSettings_EmptyPrivacyMask" />
    </UnitTest>
    <UnitTest name="ConnectSuccess_TimeRestricted" storage="d:\actions-runner\_work\xpco\xpco\corporate\recordingserver\recorderservice\tst\videoos.recorder.unittests\bin\x64\debug\net472\videoos.recorder.unittests.dll" id="558dc88a-89c3-f7cb-9610-a11d8b1d3365">
      <Execution id="88f6f9a5-51e1-4227-9ea3-49f3073d4075" />
      <TestMethod codeBase="D:\actions-runner\_work\XPCO\XPCO\Corporate\RecordingServer\RecorderService\tst\VideoOS.Recorder.UnitTests\bin\x64\Debug\net472\VideoOS.Recorder.UnitTests.dll" adapterTypeName="executor://mstestadapter/v2" className="VideoOS.Recorder.UnitTests.WebServer.ImageServerRequestHandlerTests" name="ConnectSuccess_TimeRestricted" />
    </UnitTest>
    <UnitTest name="SOAPCommandRequestHandler_ExecuteFunction_HandleSmartSearchStart_Success_SearchIntervalLessThan1000" storage="d:\actions-runner\_work\xpco\xpco\corporate\recordingserver\recorderservice\tst\videoos.recorder.unittests\bin\x64\debug\net472\videoos.recorder.unittests.dll" id="47f76e92-fc6c-f7c0-c870-9743a5a037d3">
      <Execution id="149b6089-47f2-4952-b36d-c68c4f14e96f" />
      <TestMethod codeBase="D:\actions-runner\_work\XPCO\XPCO\Corporate\RecordingServer\RecorderService\tst\VideoOS.Recorder.UnitTests\bin\x64\Debug\net472\VideoOS.Recorder.UnitTests.dll" adapterTypeName="executor://mstestadapter/v2" className="VideoOS.Recorder.UnitTests.WebServer.SOAPCommandRequestHandlerTests" name="SOAPCommandRequestHandler_ExecuteFunction_HandleSmartSearchStart_Success_SearchIntervalLessThan1000" />
    </UnitTest>
    <UnitTest name="ConnectUpdate_Success" storage="d:\actions-runner\_work\xpco\xpco\corporate\recordingserver\recorderservice\tst\videoos.recorder.unittests\bin\x64\debug\net472\videoos.recorder.unittests.dll" id="f3b9e633-7b76-928d-0e2d-53d7f4cd2d22">
      <Execution id="e020f302-3a8c-4bc8-906b-31f33a12afd6" />
      <TestMethod codeBase="D:\actions-runner\_work\XPCO\XPCO\Corporate\RecordingServer\RecorderService\tst\VideoOS.Recorder.UnitTests\bin\x64\Debug\net472\VideoOS.Recorder.UnitTests.dll" adapterTypeName="executor://mstestadapter/v2" className="VideoOS.Recorder.UnitTests.WebServer.ImageServerRequestHandlerTests" name="ConnectUpdate_Success" />
    </UnitTest>
    <UnitTest name="DatabaseoperationCommandhandler_VerifyStorageAndArchiveOnline_DeviceStorage_Online" storage="d:\actions-runner\_work\xpco\xpco\corporate\recordingserver\recorderservice\tst\videoos.recorder.unittests\bin\x64\debug\net472\videoos.recorder.unittests.dll" id="98ec49c7-d50b-0e61-1c94-93b28b0ab4f7">
      <Execution id="873b42f8-0a0e-45d3-b824-24bc6c66f64e" />
      <TestMethod codeBase="D:\actions-runner\_work\XPCO\XPCO\Corporate\RecordingServer\RecorderService\tst\VideoOS.Recorder.UnitTests\bin\x64\Debug\net472\VideoOS.Recorder.UnitTests.dll" adapterTypeName="executor://mstestadapter/v2" className="VideoOS.Recorder.UnitTests.Command.DatabaseOperationCommandHandlerUnitTests" name="DatabaseoperationCommandhandler_VerifyStorageAndArchiveOnline_DeviceStorage_Online" />
    </UnitTest>
    <UnitTest name="EvidenceLockOnOldRecorderCommandHandler_AddEvidenceLock_DeviceTrackDoesNotExists" storage="d:\actions-runner\_work\xpco\xpco\corporate\recordingserver\recorderservice\tst\videoos.recorder.unittests\bin\x64\debug\net472\videoos.recorder.unittests.dll" id="da5ac089-d6b1-ac16-b168-df80354fb9b1">
      <Execution id="c16268f3-d32b-4671-a030-4a06c91901bf" />
      <TestMethod codeBase="D:\actions-runner\_work\XPCO\XPCO\Corporate\RecordingServer\RecorderService\tst\VideoOS.Recorder.UnitTests\bin\x64\Debug\net472\VideoOS.Recorder.UnitTests.dll" adapterTypeName="executor://mstestadapter/v2" className="VideoOS.Recorder.UnitTests.Command.EvidenceLockOnOldRecorderCommandHandlerTests" name="EvidenceLockOnOldRecorderCommandHandler_AddEvidenceLock_DeviceTrackDoesNotExists" />
    </UnitTest>
    <UnitTest name="CheckMediaDbEventMapping" storage="d:\actions-runner\_work\xpco\xpco\corporate\recordingserver\recorderservice\tst\videoos.recorder.unittests\bin\x64\debug\net472\videoos.recorder.unittests.dll" id="1c8c8ddd-1d9c-4a38-ce08-4a41bdee36e6">
      <Execution id="3ea29d34-8e2d-4df1-8042-916da8ec27be" />
      <TestMethod codeBase="D:\actions-runner\_work\XPCO\XPCO\Corporate\RecordingServer\RecorderService\tst\VideoOS.Recorder.UnitTests\bin\x64\Debug\net472\VideoOS.Recorder.UnitTests.dll" adapterTypeName="executor://mstestadapter/v2" className="VideoOS.Recorder.UnitTests.ObjectModel.MediaDbManagerUnitTests" name="CheckMediaDbEventMapping" />
    </UnitTest>
    <UnitTest name="SOAPCommandRequestHandler_ExecuteFunction_HandleSmartSearchStart_NoSearchIntervalMicroSeconds" storage="d:\actions-runner\_work\xpco\xpco\corporate\recordingserver\recorderservice\tst\videoos.recorder.unittests\bin\x64\debug\net472\videoos.recorder.unittests.dll" id="7808dfd1-81fa-af9f-a555-e25cdb73eaf5">
      <Execution id="f8e9024a-a946-4757-be9c-d37b8d50ff90" />
      <TestMethod codeBase="D:\actions-runner\_work\XPCO\XPCO\Corporate\RecordingServer\RecorderService\tst\VideoOS.Recorder.UnitTests\bin\x64\Debug\net472\VideoOS.Recorder.UnitTests.dll" adapterTypeName="executor://mstestadapter/v2" className="VideoOS.Recorder.UnitTests.WebServer.SOAPCommandRequestHandlerTests" name="SOAPCommandRequestHandler_ExecuteFunction_HandleSmartSearchStart_NoSearchIntervalMicroSeconds" />
    </UnitTest>
    <UnitTest name="HandleRequest_Success" storage="d:\actions-runner\_work\xpco\xpco\corporate\recordingserver\recorderservice\tst\videoos.recorder.unittests\bin\x64\debug\net472\videoos.recorder.unittests.dll" id="717d97e0-0717-e53f-b90c-82a677769740">
      <Execution id="2f610c07-999c-400b-a528-85c5ac786faf" />
      <TestMethod codeBase="D:\actions-runner\_work\XPCO\XPCO\Corporate\RecordingServer\RecorderService\tst\VideoOS.Recorder.UnitTests\bin\x64\Debug\net472\VideoOS.Recorder.UnitTests.dll" adapterTypeName="executor://mstestadapter/v2" className="VideoOS.Recorder.UnitTests.WebServer.DiagnosticsHttpRequestHandlerUnitTests" name="HandleRequest_Success" />
    </UnitTest>
    <UnitTest name="HandleRequest_Json_Success" storage="d:\actions-runner\_work\xpco\xpco\corporate\recordingserver\recorderservice\tst\videoos.recorder.unittests\bin\x64\debug\net472\videoos.recorder.unittests.dll" id="9c340af1-0e33-101d-b2bd-9ae449fb5a93">
      <Execution id="7e59d09d-4728-4a1c-9c89-4fbafc25fd52" />
      <TestMethod codeBase="D:\actions-runner\_work\XPCO\XPCO\Corporate\RecordingServer\RecorderService\tst\VideoOS.Recorder.UnitTests\bin\x64\Debug\net472\VideoOS.Recorder.UnitTests.dll" adapterTypeName="executor://mstestadapter/v2" className="VideoOS.Recorder.UnitTests.WebServer.DiagnosticsHttpRequestHandlerUnitTests" name="HandleRequest_Json_Success" />
    </UnitTest>
    <UnitTest name="Configuration_LogParameterIsNull_ThrowsArgumentNullException" storage="d:\actions-runner\_work\xpco\xpco\corporate\recordingserver\recorderservice\tst\videoos.recorder.unittests\bin\x64\debug\net472\videoos.recorder.unittests.dll" id="19f6cec6-dca0-1fa4-b0b6-8a53a7db5db8">
      <Execution id="e6df29b1-0ca2-4660-8c54-e75e9db77420" />
      <TestMethod codeBase="D:\actions-runner\_work\XPCO\XPCO\Corporate\RecordingServer\RecorderService\tst\VideoOS.Recorder.UnitTests\bin\x64\Debug\net472\VideoOS.Recorder.UnitTests.dll" adapterTypeName="executor://mstestadapter/v2" className="VideoOS.Recorder.UnitTests.StartupTests" name="Configuration_LogParameterIsNull_ThrowsArgumentNullException" />
    </UnitTest>
    <UnitTest name="ReadMessageHeaders_SimpleHttpHeaders_Success" storage="d:\actions-runner\_work\xpco\xpco\corporate\recordingserver\recorderservice\tst\videoos.recorder.unittests\bin\x64\debug\net472\videoos.recorder.unittests.dll" id="d0f53a30-d3a3-ea4f-ad42-7fa051a559d2">
      <Execution id="0f3f209b-9202-4b7e-98a4-b863003abcb4" />
      <TestMethod codeBase="D:\actions-runner\_work\XPCO\XPCO\Corporate\RecordingServer\RecorderService\tst\VideoOS.Recorder.UnitTests\bin\x64\Debug\net472\VideoOS.Recorder.UnitTests.dll" adapterTypeName="executor://mstestadapter/v2" className="VideoOS.Recorder.UnitTests.WebServer.WebRequestReaderUnitTests" name="ReadMessageHeaders_SimpleHttpHeaders_Success" />
    </UnitTest>
    <UnitTest name="EvidenceLockOnOldRecorder2_PostCommandIsValid_NoContent" storage="d:\actions-runner\_work\xpco\xpco\corporate\recordingserver\recorderservice\tst\videoos.recorder.unittests\bin\x64\debug\net472\videoos.recorder.unittests.dll" id="8aee07f8-0ffc-3a99-ff2a-0d2135720078">
      <Execution id="dfa44907-1229-4ecd-a643-2c77ab68aa8e" />
      <TestMethod codeBase="D:\actions-runner\_work\XPCO\XPCO\Corporate\RecordingServer\RecorderService\tst\VideoOS.Recorder.UnitTests\bin\x64\Debug\net472\VideoOS.Recorder.UnitTests.dll" adapterTypeName="executor://mstestadapter/v2" className="VideoOS.Recorder.UnitTests.DatabaseControllerTests" name="EvidenceLockOnOldRecorder2_PostCommandIsValid_NoContent" />
    </UnitTest>
    <UnitTest name="CollectMediaStatusCommandHandler_Clone" storage="d:\actions-runner\_work\xpco\xpco\corporate\recordingserver\recorderservice\tst\videoos.recorder.unittests\bin\x64\debug\net472\videoos.recorder.unittests.dll" id="62c62504-172a-2557-6de5-15de32bcc5e8">
      <Execution id="55b8a3f9-7d23-40f2-982b-e41ef96b588c" />
      <TestMethod codeBase="D:\actions-runner\_work\XPCO\XPCO\Corporate\RecordingServer\RecorderService\tst\VideoOS.Recorder.UnitTests\bin\x64\Debug\net472\VideoOS.Recorder.UnitTests.dll" adapterTypeName="executor://mstestadapter/v2" className="VideoOS.Recorder.UnitTests.Command.CollectMediaStatusCommandHandlerTests" name="CollectMediaStatusCommandHandler_Clone" />
    </UnitTest>
    <UnitTest name="MessageManagerCallback_HandleResponse_Fail_Disposed_NoRetry" storage="d:\actions-runner\_work\xpco\xpco\corporate\recordingserver\recorderservice\tst\videoos.recorder.unittests\bin\x64\debug\net472\videoos.recorder.unittests.dll" id="38c227eb-6fb4-f936-01c4-e003e3db2a3b">
      <Execution id="52c57405-26f5-419f-82b6-c02b2ac53ecd" />
      <TestMethod codeBase="D:\actions-runner\_work\XPCO\XPCO\Corporate\RecordingServer\RecorderService\tst\VideoOS.Recorder.UnitTests\bin\x64\Debug\net472\VideoOS.Recorder.UnitTests.dll" adapterTypeName="executor://mstestadapter/v2" className="VideoOS.Recorder.UnitTests.DriverUpdateHelperUnitTests" name="MessageManagerCallback_HandleResponse_Fail_Disposed_NoRetry" />
    </UnitTest>
    <UnitTest name="ConfigurationController_ReplaceHardware_IsNull_BadRequestResult" storage="d:\actions-runner\_work\xpco\xpco\corporate\recordingserver\recorderservice\tst\videoos.recorder.unittests\bin\x64\debug\net472\videoos.recorder.unittests.dll" id="7ee1de79-7f7a-f703-68ea-2c3b2fd3b722">
      <Execution id="decbb90d-39b4-40a2-b4c3-a7248b5e8cc0" />
      <TestMethod codeBase="D:\actions-runner\_work\XPCO\XPCO\Corporate\RecordingServer\RecorderService\tst\VideoOS.Recorder.UnitTests\bin\x64\Debug\net472\VideoOS.Recorder.UnitTests.dll" adapterTypeName="executor://mstestadapter/v2" className="VideoOS.Recorder.UnitTests.ConfigurationControllerTests" name="ConfigurationController_ReplaceHardware_IsNull_BadRequestResult" />
    </UnitTest>
    <UnitTest name="SOAPCommandRequestHandler_ExecuteFunction_HandleSequencesGetAroundWithSpan_NoMaxCountBefore" storage="d:\actions-runner\_work\xpco\xpco\corporate\recordingserver\recorderservice\tst\videoos.recorder.unittests\bin\x64\debug\net472\videoos.recorder.unittests.dll" id="af960baf-0abc-1a8f-9a7c-3cac35e6212e">
      <Execution id="d05f1d45-e66a-4c1d-bced-caa3e3fd2b19" />
      <TestMethod codeBase="D:\actions-runner\_work\XPCO\XPCO\Corporate\RecordingServer\RecorderService\tst\VideoOS.Recorder.UnitTests\bin\x64\Debug\net472\VideoOS.Recorder.UnitTests.dll" adapterTypeName="executor://mstestadapter/v2" className="VideoOS.Recorder.UnitTests.WebServer.SOAPCommandRequestHandlerTests" name="SOAPCommandRequestHandler_ExecuteFunction_HandleSequencesGetAroundWithSpan_NoMaxCountBefore" />
    </UnitTest>
    <UnitTest name="RequestRecordAllFrames_SetsRecordAllFramesToTrue_OnFirstRequest" storage="d:\actions-runner\_work\xpco\xpco\corporate\recordingserver\recorderservice\tst\videoos.recorder.unittests\bin\x64\debug\net472\videoos.recorder.unittests.dll" id="63251417-cab3-d7f1-951d-ff52e5bf847e">
      <TestCategory>
        <TestCategoryItem TestCategory="KeyframeRecording" />
      </TestCategory>
      <Execution id="a39cfacf-eece-4d08-80fe-3380a3c8d337" />
      <TestMethod codeBase="D:\actions-runner\_work\XPCO\XPCO\Corporate\RecordingServer\RecorderService\tst\VideoOS.Recorder.UnitTests\bin\x64\Debug\net472\VideoOS.Recorder.UnitTests.dll" adapterTypeName="executor://mstestadapter/v2" className="VideoOS.Recorder.UnitTests.StateEvaluation.DeviceRecordKeyframesStateEvaluatorTests" name="RequestRecordAllFrames_SetsRecordAllFramesToTrue_OnFirstRequest" />
    </UnitTest>
    <UnitTest name="YieldsTheSameResult" storage="d:\actions-runner\_work\xpco\xpco\corporate\recordingserver\recorderservice\tst\videoos.recorder.unittests\bin\x64\debug\net472\videoos.recorder.unittests.dll" id="3eb744f7-1144-5fa3-699e-8a12095498f6">
      <Execution id="debfdf1f-1b0e-4aac-996c-ac8ac54d8d71" />
      <TestMethod codeBase="D:\actions-runner\_work\XPCO\XPCO\Corporate\RecordingServer\RecorderService\tst\VideoOS.Recorder.UnitTests\bin\x64\Debug\net472\VideoOS.Recorder.UnitTests.dll" adapterTypeName="executor://mstestadapter/v2" className="VideoOS.Recorder.UnitTests.Utility.DeferredEnumerableTests" name="YieldsTheSameResult" />
    </UnitTest>
    <UnitTest name="MediaDbUtil_MultitrackNavigation_Scenario17" storage="d:\actions-runner\_work\xpco\xpco\corporate\recordingserver\recorderservice\tst\videoos.recorder.unittests\bin\x64\debug\net472\videoos.recorder.unittests.dll" id="83d52e5a-0e5b-0d3b-6b66-ed39b4ae6d97">
      <Execution id="01197622-d050-4164-a65e-b07d14c424ce" />
      <TestMethod codeBase="D:\actions-runner\_work\XPCO\XPCO\Corporate\RecordingServer\RecorderService\tst\VideoOS.Recorder.UnitTests\bin\x64\Debug\net472\VideoOS.Recorder.UnitTests.dll" adapterTypeName="executor://mstestadapter/v2" className="VideoOS.Recorder.UnitTests.WebServer.MediaDbUtilUnitTests" name="MediaDbUtil_MultitrackNavigation_Scenario17" />
    </UnitTest>
    <UnitTest name="SOAPCommandRequestHandler_ExecuteFunction_HandlePTZActivatePatrollingSchema_Success" storage="d:\actions-runner\_work\xpco\xpco\corporate\recordingserver\recorderservice\tst\videoos.recorder.unittests\bin\x64\debug\net472\videoos.recorder.unittests.dll" id="9a7f531b-ea36-d689-2c39-a36875a895bb">
      <Execution id="44063b77-c999-42df-b360-1b509e281da8" />
      <TestMethod codeBase="D:\actions-runner\_work\XPCO\XPCO\Corporate\RecordingServer\RecorderService\tst\VideoOS.Recorder.UnitTests\bin\x64\Debug\net472\VideoOS.Recorder.UnitTests.dll" adapterTypeName="executor://mstestadapter/v2" className="VideoOS.Recorder.UnitTests.WebServer.SOAPCommandRequestHandlerTests" name="SOAPCommandRequestHandler_ExecuteFunction_HandlePTZActivatePatrollingSchema_Success" />
    </UnitTest>
    <UnitTest name="SetTransactionId_Works" storage="d:\actions-runner\_work\xpco\xpco\corporate\recordingserver\recorderservice\tst\videoos.recorder.unittests\bin\x64\debug\net472\videoos.recorder.unittests.dll" id="98f2e5ed-1941-76bc-7c6c-47f3b873fdb1">
      <TestCategory>
        <TestCategoryItem TestCategory="KeyframeRecording" />
      </TestCategory>
      <Execution id="f694ee3e-022d-4265-bf37-461ccce1d138" />
      <TestMethod codeBase="D:\actions-runner\_work\XPCO\XPCO\Corporate\RecordingServer\RecorderService\tst\VideoOS.Recorder.UnitTests\bin\x64\Debug\net472\VideoOS.Recorder.UnitTests.dll" adapterTypeName="executor://mstestadapter/v2" className="VideoOS.Recorder.UnitTests.StateEvaluation.DeviceRecordKeyframesStateEvaluatorTests" name="SetTransactionId_Works" />
    </UnitTest>
    <UnitTest name="MediaDbUtil_MultitrackNavigation_Scenario01" storage="d:\actions-runner\_work\xpco\xpco\corporate\recordingserver\recorderservice\tst\videoos.recorder.unittests\bin\x64\debug\net472\videoos.recorder.unittests.dll" id="6b8858ed-d5a4-a587-1075-9d783af2956e">
      <Execution id="f77acc56-5eee-4e23-a965-f2d7c957abdb" />
      <TestMethod codeBase="D:\actions-runner\_work\XPCO\XPCO\Corporate\RecordingServer\RecorderService\tst\VideoOS.Recorder.UnitTests\bin\x64\Debug\net472\VideoOS.Recorder.UnitTests.dll" adapterTypeName="executor://mstestadapter/v2" className="VideoOS.Recorder.UnitTests.WebServer.MediaDbUtilUnitTests" name="MediaDbUtil_MultitrackNavigation_Scenario01" />
    </UnitTest>
    <UnitTest name="DatabaseoperationCommandhandler_DiskUsageInformationTablesPerStorage_AllSuccess" storage="d:\actions-runner\_work\xpco\xpco\corporate\recordingserver\recorderservice\tst\videoos.recorder.unittests\bin\x64\debug\net472\videoos.recorder.unittests.dll" id="7d003dee-7248-76af-b4ef-f456139d750f">
      <Execution id="9eac1513-ded7-46d2-82c8-73d53a836263" />
      <TestMethod codeBase="D:\actions-runner\_work\XPCO\XPCO\Corporate\RecordingServer\RecorderService\tst\VideoOS.Recorder.UnitTests\bin\x64\Debug\net472\VideoOS.Recorder.UnitTests.dll" adapterTypeName="executor://mstestadapter/v2" className="VideoOS.Recorder.UnitTests.Command.DatabaseOperationCommandHandlerUnitTests" name="DatabaseoperationCommandhandler_DiskUsageInformationTablesPerStorage_AllSuccess" />
    </UnitTest>
    <UnitTest name="RecordingStorageDeviceLinkEntries_Add_Null_Throws_ArgumentNullException" storage="d:\actions-runner\_work\xpco\xpco\corporate\recordingserver\recorderservice\tst\videoos.recorder.unittests\bin\x64\debug\net472\videoos.recorder.unittests.dll" id="d8099ce0-3d7b-3f16-2d50-6618d96e18aa">
      <Execution id="1bcb5d84-45ce-4b15-a2fd-c5c1b7a9d1a2" />
      <TestMethod codeBase="D:\actions-runner\_work\XPCO\XPCO\Corporate\RecordingServer\RecorderService\tst\VideoOS.Recorder.UnitTests\bin\x64\Debug\net472\VideoOS.Recorder.UnitTests.dll" adapterTypeName="executor://mstestadapter/v2" className="VideoOS.Recorder.UnitTests.RecordingStorageDeviceLinkEntriesTests" name="RecordingStorageDeviceLinkEntries_Add_Null_Throws_ArgumentNullException" />
    </UnitTest>
    <UnitTest name="SOAPCommandRequestHandler_ExecuteFunction_HandleInputGetState_NotAvailable_Success" storage="d:\actions-runner\_work\xpco\xpco\corporate\recordingserver\recorderservice\tst\videoos.recorder.unittests\bin\x64\debug\net472\videoos.recorder.unittests.dll" id="f916698f-dd5d-8796-5425-1978a515b4f7">
      <Execution id="8c421b20-2d09-4d06-a18e-3916b676cadf" />
      <TestMethod codeBase="D:\actions-runner\_work\XPCO\XPCO\Corporate\RecordingServer\RecorderService\tst\VideoOS.Recorder.UnitTests\bin\x64\Debug\net472\VideoOS.Recorder.UnitTests.dll" adapterTypeName="executor://mstestadapter/v2" className="VideoOS.Recorder.UnitTests.WebServer.SOAPCommandRequestHandlerTests" name="SOAPCommandRequestHandler_ExecuteFunction_HandleInputGetState_NotAvailable_Success" />
    </UnitTest>
    <UnitTest name="GetHardwareUsersCommandHandler_Execute_InvalidUser_NoUserLevel_ExpectedUsersReturned" storage="d:\actions-runner\_work\xpco\xpco\corporate\recordingserver\recorderservice\tst\videoos.recorder.unittests\bin\x64\debug\net472\videoos.recorder.unittests.dll" id="347818dd-a036-264a-54ab-209d7e8f95de">
      <Execution id="97c8b520-bf69-458b-9016-77a7e9a0f9ec" />
      <TestMethod codeBase="D:\actions-runner\_work\XPCO\XPCO\Corporate\RecordingServer\RecorderService\tst\VideoOS.Recorder.UnitTests\bin\x64\Debug\net472\VideoOS.Recorder.UnitTests.dll" adapterTypeName="executor://mstestadapter/v2" className="VideoOS.Recorder.UnitTests.Command.GetHardwareUsersCommandHandlerUnitTests" name="GetHardwareUsersCommandHandler_Execute_InvalidUser_NoUserLevel_ExpectedUsersReturned" />
    </UnitTest>
    <UnitTest name="DriverProxyInstanceManager_AddSameHardwareTwice_RemoveOnce_HardwareStillThere" storage="d:\actions-runner\_work\xpco\xpco\corporate\recordingserver\recorderservice\tst\videoos.recorder.unittests\bin\x64\debug\net472\videoos.recorder.unittests.dll" id="7b9aa6b6-e583-d3a0-95ca-64d6ee50fec3">
      <Execution id="52ae5e5f-0a9a-43d6-a90c-5d45393de015" />
      <TestMethod codeBase="D:\actions-runner\_work\XPCO\XPCO\Corporate\RecordingServer\RecorderService\tst\VideoOS.Recorder.UnitTests\bin\x64\Debug\net472\VideoOS.Recorder.UnitTests.dll" adapterTypeName="executor://mstestadapter/v2" className="VideoOS.Recorder.UnitTests.DriverProxyInstanceManagerTests" name="DriverProxyInstanceManager_AddSameHardwareTwice_RemoveOnce_HardwareStillThere" />
    </UnitTest>
    <UnitTest name="TimeRangeConversionRangeEndTimeBeforeRangeStartTime" storage="d:\actions-runner\_work\xpco\xpco\corporate\recordingserver\recorderservice\tst\videoos.recorder.unittests\bin\x64\debug\net472\videoos.recorder.unittests.dll" id="426f4262-ea97-4220-480b-e6f36c13c52d">
      <TestCategory>
        <TestCategoryItem TestCategory="TimeRangeConversion" />
      </TestCategory>
      <Execution id="78e639ea-8a10-461c-b8ba-96e5069a1932" />
      <TestMethod codeBase="D:\actions-runner\_work\XPCO\XPCO\Corporate\RecordingServer\RecorderService\tst\VideoOS.Recorder.UnitTests\bin\x64\Debug\net472\VideoOS.Recorder.UnitTests.dll" adapterTypeName="executor://mstestadapter/v2" className="VideoOS.Recorder.UnitTests.TimeRangeConversionTests.TimeRangeConversionTests" name="TimeRangeConversionRangeEndTimeBeforeRangeStartTime" />
    </UnitTest>
    <UnitTest name="ReapplySettings_Success" storage="d:\actions-runner\_work\xpco\xpco\corporate\recordingserver\recorderservice\tst\videoos.recorder.unittests\bin\x64\debug\net472\videoos.recorder.unittests.dll" id="f52e5508-483e-5f8a-fe5f-07b51e6bb60a">
      <Execution id="db5ec17c-29b0-4119-84f2-51a174baa93c" />
      <TestMethod codeBase="D:\actions-runner\_work\XPCO\XPCO\Corporate\RecordingServer\RecorderService\tst\VideoOS.Recorder.UnitTests\bin\x64\Debug\net472\VideoOS.Recorder.UnitTests.dll" adapterTypeName="executor://mstestadapter/v2" className="VideoOS.Recorder.UnitTests.Command.ReapplySettingsCommandHandlerTest" name="ReapplySettings_Success" />
    </UnitTest>
    <UnitTest name="HardwareScanSession_TestProgressRounding" storage="d:\actions-runner\_work\xpco\xpco\corporate\recordingserver\recorderservice\tst\videoos.recorder.unittests\bin\x64\debug\net472\videoos.recorder.unittests.dll" id="ba6364de-61ad-cb1b-3aa7-78b11d2b9520">
      <Execution id="40d12667-a96c-4e5c-86e5-5960db93d3ae" />
      <TestMethod codeBase="D:\actions-runner\_work\XPCO\XPCO\Corporate\RecordingServer\RecorderService\tst\VideoOS.Recorder.UnitTests\bin\x64\Debug\net472\VideoOS.Recorder.UnitTests.dll" adapterTypeName="executor://mstestadapter/v2" className="VideoOS.Recorder.UnitTests.DeviceDiscovery.HardwareScanSessionTests" name="HardwareScanSession_TestProgressRounding" />
    </UnitTest>
    <UnitTest name="SOAPCommandRequestHandler_ExecuteFunction_HandleSendDriverCommandWithResponse_NoParameter" storage="d:\actions-runner\_work\xpco\xpco\corporate\recordingserver\recorderservice\tst\videoos.recorder.unittests\bin\x64\debug\net472\videoos.recorder.unittests.dll" id="ad5a5be8-a30a-a4cb-20d4-8a1ff6c5dffb">
      <Execution id="3acc2075-a344-4a12-b833-c5fc8555bb2b" />
      <TestMethod codeBase="D:\actions-runner\_work\XPCO\XPCO\Corporate\RecordingServer\RecorderService\tst\VideoOS.Recorder.UnitTests\bin\x64\Debug\net472\VideoOS.Recorder.UnitTests.dll" adapterTypeName="executor://mstestadapter/v2" className="VideoOS.Recorder.UnitTests.WebServer.SOAPCommandRequestHandlerTests" name="SOAPCommandRequestHandler_ExecuteFunction_HandleSendDriverCommandWithResponse_NoParameter" />
    </UnitTest>
    <UnitTest name="GetDatabaseInfo_BankID_NotGuid" storage="d:\actions-runner\_work\xpco\xpco\corporate\recordingserver\recorderservice\tst\videoos.recorder.unittests\bin\x64\debug\net472\videoos.recorder.unittests.dll" id="0f9a2ddb-a9cb-d21e-eae3-4e8bb305fc77">
      <Execution id="64ff34d9-f0a9-4277-a63c-fa40d54cfcce" />
      <TestMethod codeBase="D:\actions-runner\_work\XPCO\XPCO\Corporate\RecordingServer\RecorderService\tst\VideoOS.Recorder.UnitTests\bin\x64\Debug\net472\VideoOS.Recorder.UnitTests.dll" adapterTypeName="executor://mstestadapter/v2" className="VideoOS.Recorder.UnitTests.MediaDbEventProcessorTests" name="GetDatabaseInfo_BankID_NotGuid" />
    </UnitTest>
    <UnitTest name="ReapplyHardwareSettingsManager_SetConfiguration_Disabled_Success" storage="d:\actions-runner\_work\xpco\xpco\corporate\recordingserver\recorderservice\tst\videoos.recorder.unittests\bin\x64\debug\net472\videoos.recorder.unittests.dll" id="3fe64d8e-e699-3d99-4cb6-893ec473e572">
      <Execution id="7e27ae1d-dc37-4180-8ba6-1567a5e97af4" />
      <TestMethod codeBase="D:\actions-runner\_work\XPCO\XPCO\Corporate\RecordingServer\RecorderService\tst\VideoOS.Recorder.UnitTests\bin\x64\Debug\net472\VideoOS.Recorder.UnitTests.dll" adapterTypeName="executor://mstestadapter/v2" className="VideoOS.Recorder.UnitTests.ReapplyHardwareSettingsManagerTests" name="ReapplyHardwareSettingsManager_SetConfiguration_Disabled_Success" />
    </UnitTest>
    <UnitTest name="PtzReleaseSessionCommandHandler_Execute_PtzException_DeviceNotFound" storage="d:\actions-runner\_work\xpco\xpco\corporate\recordingserver\recorderservice\tst\videoos.recorder.unittests\bin\x64\debug\net472\videoos.recorder.unittests.dll" id="9c45b0c8-12b8-8fcf-083e-1340d17c7f0f">
      <Execution id="da1b9169-d3b4-4dac-9079-15ff92f7a4eb" />
      <TestMethod codeBase="D:\actions-runner\_work\XPCO\XPCO\Corporate\RecordingServer\RecorderService\tst\VideoOS.Recorder.UnitTests\bin\x64\Debug\net472\VideoOS.Recorder.UnitTests.dll" adapterTypeName="executor://mstestadapter/v2" className="VideoOS.Recorder.UnitTests.Command.PtzReleaseSessionCommandHandlerTest" name="PtzReleaseSessionCommandHandler_Execute_PtzException_DeviceNotFound" />
    </UnitTest>
    <UnitTest name="SOAPCommandRequestHandler_ExecuteFunction_HandleSequencesGetAround_No_Microphone_Security" storage="d:\actions-runner\_work\xpco\xpco\corporate\recordingserver\recorderservice\tst\videoos.recorder.unittests\bin\x64\debug\net472\videoos.recorder.unittests.dll" id="02b2d151-667f-bb4d-f1d9-e5515851b4c2">
      <Execution id="75f249aa-7703-4bdf-96b1-0ba79de168aa" />
      <TestMethod codeBase="D:\actions-runner\_work\XPCO\XPCO\Corporate\RecordingServer\RecorderService\tst\VideoOS.Recorder.UnitTests\bin\x64\Debug\net472\VideoOS.Recorder.UnitTests.dll" adapterTypeName="executor://mstestadapter/v2" className="VideoOS.Recorder.UnitTests.WebServer.SOAPCommandRequestHandlerTests" name="SOAPCommandRequestHandler_ExecuteFunction_HandleSequencesGetAround_No_Microphone_Security" />
    </UnitTest>
    <UnitTest name="PtzManagerDataHolder_GetPtzDevice_Success" storage="d:\actions-runner\_work\xpco\xpco\corporate\recordingserver\recorderservice\tst\videoos.recorder.unittests\bin\x64\debug\net472\videoos.recorder.unittests.dll" id="2e1beb03-23a6-d8e3-309a-84859d36c4b5">
      <Execution id="23727629-ac73-49cf-a3e6-cba76570149a" />
      <TestMethod codeBase="D:\actions-runner\_work\XPCO\XPCO\Corporate\RecordingServer\RecorderService\tst\VideoOS.Recorder.UnitTests\bin\x64\Debug\net472\VideoOS.Recorder.UnitTests.dll" adapterTypeName="executor://mstestadapter/v2" className="VideoOS.Recorder.UnitTests.Command.PtzManagerDataHolderTest" name="PtzManagerDataHolder_GetPtzDevice_Success" />
    </UnitTest>
    <UnitTest name="ConfigurationDatasetHolder_ApplyTableDistribution_WithDistributions_Success" storage="d:\actions-runner\_work\xpco\xpco\corporate\recordingserver\recorderservice\tst\videoos.recorder.unittests\bin\x64\debug\net472\videoos.recorder.unittests.dll" id="3714ded7-c269-e338-b793-f93faddd2b7c">
      <Execution id="d727c448-4170-4181-9621-d304ee209078" />
      <TestMethod codeBase="D:\actions-runner\_work\XPCO\XPCO\Corporate\RecordingServer\RecorderService\tst\VideoOS.Recorder.UnitTests\bin\x64\Debug\net472\VideoOS.Recorder.UnitTests.dll" adapterTypeName="executor://mstestadapter/v2" className="VideoOS.Recorder.UnitTests.ConfigurationDatasetHolderUnitTests" name="ConfigurationDatasetHolder_ApplyTableDistribution_WithDistributions_Success" />
    </UnitTest>
    <UnitTest name="MediaDbCache_GetListFileSystemDiskUsage_Zero_Seconds_Timeout_Nothing_Cached" storage="d:\actions-runner\_work\xpco\xpco\corporate\recordingserver\recorderservice\tst\videoos.recorder.unittests\bin\x64\debug\net472\videoos.recorder.unittests.dll" id="e26a4203-5001-22a5-7812-e9bd56c9227f">
      <Execution id="e3d7f9a5-2b76-439a-bc82-d0286dd7d834" />
      <TestMethod codeBase="D:\actions-runner\_work\XPCO\XPCO\Corporate\RecordingServer\RecorderService\tst\VideoOS.Recorder.UnitTests\bin\x64\Debug\net472\VideoOS.Recorder.UnitTests.dll" adapterTypeName="executor://mstestadapter/v2" className="VideoOS.Recorder.UnitTests.Database.MediaDbCacheUnitTests" name="MediaDbCache_GetListFileSystemDiskUsage_Zero_Seconds_Timeout_Nothing_Cached" />
    </UnitTest>
    <UnitTest name="HardwareScanSession_TestStopWithoutStart" storage="d:\actions-runner\_work\xpco\xpco\corporate\recordingserver\recorderservice\tst\videoos.recorder.unittests\bin\x64\debug\net472\videoos.recorder.unittests.dll" id="aba52ee4-f6f5-ae12-1c3c-1f0f18673b2e">
      <Execution id="de0f5b75-1607-46ce-8df1-6f5ace8d22ae" />
      <TestMethod codeBase="D:\actions-runner\_work\XPCO\XPCO\Corporate\RecordingServer\RecorderService\tst\VideoOS.Recorder.UnitTests\bin\x64\Debug\net472\VideoOS.Recorder.UnitTests.dll" adapterTypeName="executor://mstestadapter/v2" className="VideoOS.Recorder.UnitTests.DeviceDiscovery.HardwareScanSessionTests" name="HardwareScanSession_TestStopWithoutStart" />
    </UnitTest>
    <UnitTest name="SOAPCommandRequestHandler_ExecuteFunction_HandleSequencesGet_NoSequenceType" storage="d:\actions-runner\_work\xpco\xpco\corporate\recordingserver\recorderservice\tst\videoos.recorder.unittests\bin\x64\debug\net472\videoos.recorder.unittests.dll" id="5644bee5-96be-722c-547e-3b18bbd3aeb3">
      <Execution id="a35d67d1-ed4c-494f-8f04-2a4bbc56cadf" />
      <TestMethod codeBase="D:\actions-runner\_work\XPCO\XPCO\Corporate\RecordingServer\RecorderService\tst\VideoOS.Recorder.UnitTests\bin\x64\Debug\net472\VideoOS.Recorder.UnitTests.dll" adapterTypeName="executor://mstestadapter/v2" className="VideoOS.Recorder.UnitTests.WebServer.SOAPCommandRequestHandlerTests" name="SOAPCommandRequestHandler_ExecuteFunction_HandleSequencesGet_NoSequenceType" />
    </UnitTest>
    <UnitTest name="SmartSearchHandlerHasMotionThrowsOutOfMemoryException" storage="d:\actions-runner\_work\xpco\xpco\corporate\recordingserver\recorderservice\tst\videoos.recorder.unittests\bin\x64\debug\net472\videoos.recorder.unittests.dll" id="c2e218d2-8bd8-8ca2-67b2-1912b12ff924">
      <TestCategory>
        <TestCategoryItem TestCategory="SmartSearch" />
      </TestCategory>
      <Execution id="9bdc2753-722c-4af1-bc7f-c0ce164f6a79" />
      <TestMethod codeBase="D:\actions-runner\_work\XPCO\XPCO\Corporate\RecordingServer\RecorderService\tst\VideoOS.Recorder.UnitTests\bin\x64\Debug\net472\VideoOS.Recorder.UnitTests.dll" adapterTypeName="executor://mstestadapter/v2" className="VideoOS.Recorder.UnitTests.SmartSearch.SmartSearchHandlerTest" name="SmartSearchHandlerHasMotionThrowsOutOfMemoryException" />
    </UnitTest>
    <UnitTest name="PtzManager_GetPtzSessionState_Controller_Not_Found" storage="d:\actions-runner\_work\xpco\xpco\corporate\recordingserver\recorderservice\tst\videoos.recorder.unittests\bin\x64\debug\net472\videoos.recorder.unittests.dll" id="5db4760d-91fc-1552-e689-5c77a3e83f55">
      <Execution id="8e459e64-2ea7-4be0-9c4e-e5ff446ff014" />
      <TestMethod codeBase="D:\actions-runner\_work\XPCO\XPCO\Corporate\RecordingServer\RecorderService\tst\VideoOS.Recorder.UnitTests\bin\x64\Debug\net472\VideoOS.Recorder.UnitTests.dll" adapterTypeName="executor://mstestadapter/v2" className="VideoOS.Recorder.UnitTests.Command.PtzManagerTests" name="PtzManager_GetPtzSessionState_Controller_Not_Found" />
    </UnitTest>
    <UnitTest name="SOAPCommandRequestHandler_ExecuteFunction_HandleTimeLineInformationGet_NoTimeLineInformationIntervalMicroseconds" storage="d:\actions-runner\_work\xpco\xpco\corporate\recordingserver\recorderservice\tst\videoos.recorder.unittests\bin\x64\debug\net472\videoos.recorder.unittests.dll" id="bab03081-5222-5822-1e64-cc780d6de6a9">
      <Execution id="7472be01-994d-4c34-a438-cc7485e96675" />
      <TestMethod codeBase="D:\actions-runner\_work\XPCO\XPCO\Corporate\RecordingServer\RecorderService\tst\VideoOS.Recorder.UnitTests\bin\x64\Debug\net472\VideoOS.Recorder.UnitTests.dll" adapterTypeName="executor://mstestadapter/v2" className="VideoOS.Recorder.UnitTests.WebServer.SOAPCommandRequestHandlerTests" name="SOAPCommandRequestHandler_ExecuteFunction_HandleTimeLineInformationGet_NoTimeLineInformationIntervalMicroseconds" />
    </UnitTest>
    <UnitTest name="SOAPCommandRequestHandler_ExecuteFunction_HandleSequencesGet_Success" storage="d:\actions-runner\_work\xpco\xpco\corporate\recordingserver\recorderservice\tst\videoos.recorder.unittests\bin\x64\debug\net472\videoos.recorder.unittests.dll" id="955020a2-7253-6e7c-7cc3-bbb3a972e209">
      <Execution id="95da61c5-6c64-4e34-bcb6-37209101874c" />
      <TestMethod codeBase="D:\actions-runner\_work\XPCO\XPCO\Corporate\RecordingServer\RecorderService\tst\VideoOS.Recorder.UnitTests\bin\x64\Debug\net472\VideoOS.Recorder.UnitTests.dll" adapterTypeName="executor://mstestadapter/v2" className="VideoOS.Recorder.UnitTests.WebServer.SOAPCommandRequestHandlerTests" name="SOAPCommandRequestHandler_ExecuteFunction_HandleSequencesGet_Success" />
    </UnitTest>
    <UnitTest name="SOAPCommandRequestHandler_ExecuteFunction_HandlePTZExtendedManualSession_Success" storage="d:\actions-runner\_work\xpco\xpco\corporate\recordingserver\recorderservice\tst\videoos.recorder.unittests\bin\x64\debug\net472\videoos.recorder.unittests.dll" id="33417da9-8ad8-c514-6a49-2878692f6493">
      <Execution id="a347862f-d9c1-42b2-9246-45734632b58d" />
      <TestMethod codeBase="D:\actions-runner\_work\XPCO\XPCO\Corporate\RecordingServer\RecorderService\tst\VideoOS.Recorder.UnitTests\bin\x64\Debug\net472\VideoOS.Recorder.UnitTests.dll" adapterTypeName="executor://mstestadapter/v2" className="VideoOS.Recorder.UnitTests.WebServer.SOAPCommandRequestHandlerTests" name="SOAPCommandRequestHandler_ExecuteFunction_HandlePTZExtendedManualSession_Success" />
    </UnitTest>
    <UnitTest name="SOAPCommandRequestHandler_ExecuteFunction_HandlePresetMoveTo_NoPresetName" storage="d:\actions-runner\_work\xpco\xpco\corporate\recordingserver\recorderservice\tst\videoos.recorder.unittests\bin\x64\debug\net472\videoos.recorder.unittests.dll" id="02e75450-ec29-44c6-12a5-8d90a0d4833b">
      <Execution id="0c1ab36e-df94-4ee0-a3be-7809300d2cc2" />
      <TestMethod codeBase="D:\actions-runner\_work\XPCO\XPCO\Corporate\RecordingServer\RecorderService\tst\VideoOS.Recorder.UnitTests\bin\x64\Debug\net472\VideoOS.Recorder.UnitTests.dll" adapterTypeName="executor://mstestadapter/v2" className="VideoOS.Recorder.UnitTests.WebServer.SOAPCommandRequestHandlerTests" name="SOAPCommandRequestHandler_ExecuteFunction_HandlePresetMoveTo_NoPresetName" />
    </UnitTest>
    <UnitTest name="PtzStopSessionCommandHandler_Execute_No_Security_Token" storage="d:\actions-runner\_work\xpco\xpco\corporate\recordingserver\recorderservice\tst\videoos.recorder.unittests\bin\x64\debug\net472\videoos.recorder.unittests.dll" id="e821b0ad-fab3-7a95-fead-f5d4e3ae6201">
      <Execution id="70ba7fdc-d1d3-4920-9246-3ad92cf01eab" />
      <TestMethod codeBase="D:\actions-runner\_work\XPCO\XPCO\Corporate\RecordingServer\RecorderService\tst\VideoOS.Recorder.UnitTests\bin\x64\Debug\net472\VideoOS.Recorder.UnitTests.dll" adapterTypeName="executor://mstestadapter/v2" className="VideoOS.Recorder.UnitTests.Command.PtzStopSessionCommandHandlerTest" name="PtzStopSessionCommandHandler_Execute_No_Security_Token" />
    </UnitTest>
    <UnitTest name="GetNetworkConfigurationCommandHandler_Execute_GetNetworkConfiguration_ThrowsUnknownException_Errors" storage="d:\actions-runner\_work\xpco\xpco\corporate\recordingserver\recorderservice\tst\videoos.recorder.unittests\bin\x64\debug\net472\videoos.recorder.unittests.dll" id="f8798a06-bec2-cdf1-c5c3-040b6bbc7bd3">
      <Execution id="52b845ca-7208-4476-93ee-15264b359e57" />
      <TestMethod codeBase="D:\actions-runner\_work\XPCO\XPCO\Corporate\RecordingServer\RecorderService\tst\VideoOS.Recorder.UnitTests\bin\x64\Debug\net472\VideoOS.Recorder.UnitTests.dll" adapterTypeName="executor://mstestadapter/v2" className="VideoOS.Recorder.UnitTests.Command.GetNetworkConfigurationCommandHandlerUnitTests" name="GetNetworkConfigurationCommandHandler_Execute_GetNetworkConfiguration_ThrowsUnknownException_Errors" />
    </UnitTest>
    <UnitTest name="FailoverMediaMover_MoveMediaDataHere_NonExisting_Devices_Deleted" storage="d:\actions-runner\_work\xpco\xpco\corporate\recordingserver\recorderservice\tst\videoos.recorder.unittests\bin\x64\debug\net472\videoos.recorder.unittests.dll" id="5fcba691-5934-5239-5d8d-0dca3db97c9d">
      <Execution id="5cadd193-ccd6-417a-8309-e08a246b6f4d" />
      <TestMethod codeBase="D:\actions-runner\_work\XPCO\XPCO\Corporate\RecordingServer\RecorderService\tst\VideoOS.Recorder.UnitTests\bin\x64\Debug\net472\VideoOS.Recorder.UnitTests.dll" adapterTypeName="executor://mstestadapter/v2" className="VideoOS.Recorder.UnitTests.FailoverMediaMoverUnitTests" name="FailoverMediaMover_MoveMediaDataHere_NonExisting_Devices_Deleted" />
    </UnitTest>
    <UnitTest name="ChangeHardwarePasswordCommandHandler_Execute_ChangePassword_ThrowsGenericPasswordChangeException_Errors" storage="d:\actions-runner\_work\xpco\xpco\corporate\recordingserver\recorderservice\tst\videoos.recorder.unittests\bin\x64\debug\net472\videoos.recorder.unittests.dll" id="bef0bbff-f002-152e-ce19-e6f05bc7e7a2">
      <Execution id="158a7bc6-491b-4996-93f2-8cfa85e20ff7" />
      <TestMethod codeBase="D:\actions-runner\_work\XPCO\XPCO\Corporate\RecordingServer\RecorderService\tst\VideoOS.Recorder.UnitTests\bin\x64\Debug\net472\VideoOS.Recorder.UnitTests.dll" adapterTypeName="executor://mstestadapter/v2" className="VideoOS.Recorder.UnitTests.Command.ChangeHardwarePasswordCommandHandlerUnitTests" name="ChangeHardwarePasswordCommandHandler_Execute_ChangePassword_ThrowsGenericPasswordChangeException_Errors" />
    </UnitTest>
    <UnitTest name="SOAPCommandRequestHandler_ExecuteFunction_HandleTimeLineInformationGet_NoTimeLineInformationBeginTime" storage="d:\actions-runner\_work\xpco\xpco\corporate\recordingserver\recorderservice\tst\videoos.recorder.unittests\bin\x64\debug\net472\videoos.recorder.unittests.dll" id="92207852-7a2a-2c81-f989-bbdf5da00a26">
      <Execution id="6bbeebde-7cdb-4793-8258-dcb678e72367" />
      <TestMethod codeBase="D:\actions-runner\_work\XPCO\XPCO\Corporate\RecordingServer\RecorderService\tst\VideoOS.Recorder.UnitTests\bin\x64\Debug\net472\VideoOS.Recorder.UnitTests.dll" adapterTypeName="executor://mstestadapter/v2" className="VideoOS.Recorder.UnitTests.WebServer.SOAPCommandRequestHandlerTests" name="SOAPCommandRequestHandler_ExecuteFunction_HandleTimeLineInformationGet_NoTimeLineInformationBeginTime" />
    </UnitTest>
    <UnitTest name="PingDeviceCommandHandler_Constructor_NullArg_Throws" storage="d:\actions-runner\_work\xpco\xpco\corporate\recordingserver\recorderservice\tst\videoos.recorder.unittests\bin\x64\debug\net472\videoos.recorder.unittests.dll" id="e248031a-947f-3c71-ea22-491cef2d0c78">
      <Execution id="cbb79a21-7094-4aab-9d69-ea3d13487c72" />
      <TestMethod codeBase="D:\actions-runner\_work\XPCO\XPCO\Corporate\RecordingServer\RecorderService\tst\VideoOS.Recorder.UnitTests\bin\x64\Debug\net472\VideoOS.Recorder.UnitTests.dll" adapterTypeName="executor://mstestadapter/v2" className="VideoOS.Recorder.UnitTests.Command.PingDeviceCommandHandlerUnitTests" name="PingDeviceCommandHandler_Constructor_NullArg_Throws" />
    </UnitTest>
    <UnitTest name="ManualPtzPatrollingSessionBase_InternalStopAndMoveToEndPosition_Success" storage="d:\actions-runner\_work\xpco\xpco\corporate\recordingserver\recorderservice\tst\videoos.recorder.unittests\bin\x64\debug\net472\videoos.recorder.unittests.dll" id="ba9cbe70-78a2-d0cf-a0ca-839ed4c4f6b6">
      <Execution id="6ff246f7-0938-45bb-92af-cf6816e45007" />
      <TestMethod codeBase="D:\actions-runner\_work\XPCO\XPCO\Corporate\RecordingServer\RecorderService\tst\VideoOS.Recorder.UnitTests\bin\x64\Debug\net472\VideoOS.Recorder.UnitTests.dll" adapterTypeName="executor://mstestadapter/v2" className="VideoOS.Recorder.UnitTests.Command.PtzSessionsTests" name="ManualPtzPatrollingSessionBase_InternalStopAndMoveToEndPosition_Success" />
    </UnitTest>
    <UnitTest name="QueueCommands_ConnectedAndIncompatible_ShouldNotThrowAnException" storage="d:\actions-runner\_work\xpco\xpco\corporate\recordingserver\recorderservice\tst\videoos.recorder.unittests\bin\x64\debug\net472\videoos.recorder.unittests.dll" id="e834fa8f-c7d5-14b8-347d-2a4019de90d0">
      <Execution id="e6919640-a398-480b-889e-f5469bd5e00b" />
      <TestMethod codeBase="D:\actions-runner\_work\XPCO\XPCO\Corporate\RecordingServer\RecorderService\tst\VideoOS.Recorder.UnitTests\bin\x64\Debug\net472\VideoOS.Recorder.UnitTests.dll" adapterTypeName="executor://mstestadapter/v2" className="VideoOS.Recorder.UnitTests.CommManagerWebApiTests" name="QueueCommands_ConnectedAndIncompatible_ShouldNotThrowAnException" />
    </UnitTest>
    <UnitTest name="ConnectSuccess_Goto_On_Time" storage="d:\actions-runner\_work\xpco\xpco\corporate\recordingserver\recorderservice\tst\videoos.recorder.unittests\bin\x64\debug\net472\videoos.recorder.unittests.dll" id="9702da6a-068b-594c-2b32-0ae0af356556">
      <Execution id="da76ba80-7bf6-4f8f-9f84-4079177d36e1" />
      <TestMethod codeBase="D:\actions-runner\_work\XPCO\XPCO\Corporate\RecordingServer\RecorderService\tst\VideoOS.Recorder.UnitTests\bin\x64\Debug\net472\VideoOS.Recorder.UnitTests.dll" adapterTypeName="executor://mstestadapter/v2" className="VideoOS.Recorder.UnitTests.WebServer.ImageServerRequestHandlerTests" name="ConnectSuccess_Goto_On_Time" />
    </UnitTest>
    <UnitTest name="HardwareScanSession_TestProgress" storage="d:\actions-runner\_work\xpco\xpco\corporate\recordingserver\recorderservice\tst\videoos.recorder.unittests\bin\x64\debug\net472\videoos.recorder.unittests.dll" id="39ab63ce-4d80-5eef-f7c5-602634b33d26">
      <Execution id="be06bcf4-569b-4de0-a2f9-0e49e8849bd9" />
      <TestMethod codeBase="D:\actions-runner\_work\XPCO\XPCO\Corporate\RecordingServer\RecorderService\tst\VideoOS.Recorder.UnitTests\bin\x64\Debug\net472\VideoOS.Recorder.UnitTests.dll" adapterTypeName="executor://mstestadapter/v2" className="VideoOS.Recorder.UnitTests.DeviceDiscovery.HardwareScanSessionTests" name="HardwareScanSession_TestProgress" />
    </UnitTest>
    <UnitTest name="AudioMessageManager_PlayAudioMessageThread_Stop_During_Play" storage="d:\actions-runner\_work\xpco\xpco\corporate\recordingserver\recorderservice\tst\videoos.recorder.unittests\bin\x64\debug\net472\videoos.recorder.unittests.dll" id="48fa1b99-e905-5cf3-f29e-0622eff8efa2">
      <Execution id="485b3565-502f-4d7b-97e6-880819759245" />
      <TestMethod codeBase="D:\actions-runner\_work\XPCO\XPCO\Corporate\RecordingServer\RecorderService\tst\VideoOS.Recorder.UnitTests\bin\x64\Debug\net472\VideoOS.Recorder.UnitTests.dll" adapterTypeName="executor://mstestadapter/v2" className="VideoOS.Recorder.UnitTests.AudioMessageHandling.AudioMessageManagerTests" name="AudioMessageManager_PlayAudioMessageThread_Stop_During_Play" />
    </UnitTest>
    <UnitTest name="PtzReserveSessionCommandHandler_Constructor_Argument_Exception" storage="d:\actions-runner\_work\xpco\xpco\corporate\recordingserver\recorderservice\tst\videoos.recorder.unittests\bin\x64\debug\net472\videoos.recorder.unittests.dll" id="929307c6-ad1f-d51e-3cc9-c962ec17947c">
      <Execution id="1de96165-ef44-4c3d-9db2-a2d33a5b362f" />
      <TestMethod codeBase="D:\actions-runner\_work\XPCO\XPCO\Corporate\RecordingServer\RecorderService\tst\VideoOS.Recorder.UnitTests\bin\x64\Debug\net472\VideoOS.Recorder.UnitTests.dll" adapterTypeName="executor://mstestadapter/v2" className="VideoOS.Recorder.UnitTests.Command.PtzReserveSessionCommandHandlerTest" name="PtzReserveSessionCommandHandler_Constructor_Argument_Exception" />
    </UnitTest>
    <UnitTest name="GetHardwareUsersCommandHandler_Execute_HardwareNotStarted_Errors" storage="d:\actions-runner\_work\xpco\xpco\corporate\recordingserver\recorderservice\tst\videoos.recorder.unittests\bin\x64\debug\net472\videoos.recorder.unittests.dll" id="6051dcd5-d20d-d79e-91ad-06dd23111221">
      <Execution id="b0bbf7c3-3d0c-4c01-9925-d68239e81036" />
      <TestMethod codeBase="D:\actions-runner\_work\XPCO\XPCO\Corporate\RecordingServer\RecorderService\tst\VideoOS.Recorder.UnitTests\bin\x64\Debug\net472\VideoOS.Recorder.UnitTests.dll" adapterTypeName="executor://mstestadapter/v2" className="VideoOS.Recorder.UnitTests.Command.GetHardwareUsersCommandHandlerUnitTests" name="GetHardwareUsersCommandHandler_Execute_HardwareNotStarted_Errors" />
    </UnitTest>
    <UnitTest name="SOAPCommandRequestHandler_ExecuteFunction_HandleSmartSearchStart_NoSearchMaskSizeWidth" storage="d:\actions-runner\_work\xpco\xpco\corporate\recordingserver\recorderservice\tst\videoos.recorder.unittests\bin\x64\debug\net472\videoos.recorder.unittests.dll" id="2222c258-547d-11cd-1386-8c48696d41ad">
      <Execution id="608c52d6-bbf9-4e56-a0de-b08a5a1443e3" />
      <TestMethod codeBase="D:\actions-runner\_work\XPCO\XPCO\Corporate\RecordingServer\RecorderService\tst\VideoOS.Recorder.UnitTests\bin\x64\Debug\net472\VideoOS.Recorder.UnitTests.dll" adapterTypeName="executor://mstestadapter/v2" className="VideoOS.Recorder.UnitTests.WebServer.SOAPCommandRequestHandlerTests" name="SOAPCommandRequestHandler_ExecuteFunction_HandleSmartSearchStart_NoSearchMaskSizeWidth" />
    </UnitTest>
    <UnitTest name="PtzReleaseSessionCommandHandler_Execute_PtzException_Other" storage="d:\actions-runner\_work\xpco\xpco\corporate\recordingserver\recorderservice\tst\videoos.recorder.unittests\bin\x64\debug\net472\videoos.recorder.unittests.dll" id="3aedff16-e8c8-2c6b-b464-8bea77ab2e19">
      <Execution id="c7b01ff4-a428-44b3-aa7b-2f7f253d17cf" />
      <TestMethod codeBase="D:\actions-runner\_work\XPCO\XPCO\Corporate\RecordingServer\RecorderService\tst\VideoOS.Recorder.UnitTests\bin\x64\Debug\net472\VideoOS.Recorder.UnitTests.dll" adapterTypeName="executor://mstestadapter/v2" className="VideoOS.Recorder.UnitTests.Command.PtzReleaseSessionCommandHandlerTest" name="PtzReleaseSessionCommandHandler_Execute_PtzException_Other" />
    </UnitTest>
    <UnitTest name="DatabaseTaskCommandHandler_DatabaseArchiveOperationMonitor_Null" storage="d:\actions-runner\_work\xpco\xpco\corporate\recordingserver\recorderservice\tst\videoos.recorder.unittests\bin\x64\debug\net472\videoos.recorder.unittests.dll" id="a3851c78-9194-9a9d-aa83-c312677fda8f">
      <Execution id="8c1a40e9-3b68-4533-af65-65af8cc4ad2a" />
      <TestMethod codeBase="D:\actions-runner\_work\XPCO\XPCO\Corporate\RecordingServer\RecorderService\tst\VideoOS.Recorder.UnitTests\bin\x64\Debug\net472\VideoOS.Recorder.UnitTests.dll" adapterTypeName="executor://mstestadapter/v2" className="VideoOS.Recorder.UnitTests.Command.DatabaseTaskCommandHandlerTest" name="DatabaseTaskCommandHandler_DatabaseArchiveOperationMonitor_Null" />
    </UnitTest>
    <UnitTest name="PtzManagerDataHolder_GetSchema_Success" storage="d:\actions-runner\_work\xpco\xpco\corporate\recordingserver\recorderservice\tst\videoos.recorder.unittests\bin\x64\debug\net472\videoos.recorder.unittests.dll" id="4faa607d-3aad-d127-7190-31639410f00a">
      <Execution id="2fce7a7c-d8cb-4451-b886-a778115b2a36" />
      <TestMethod codeBase="D:\actions-runner\_work\XPCO\XPCO\Corporate\RecordingServer\RecorderService\tst\VideoOS.Recorder.UnitTests\bin\x64\Debug\net472\VideoOS.Recorder.UnitTests.dll" adapterTypeName="executor://mstestadapter/v2" className="VideoOS.Recorder.UnitTests.Command.PtzManagerDataHolderTest" name="PtzManagerDataHolder_GetSchema_Success" />
    </UnitTest>
    <UnitTest name="MediaDbUtil_MultitrackNavigation_Scenario09" storage="d:\actions-runner\_work\xpco\xpco\corporate\recordingserver\recorderservice\tst\videoos.recorder.unittests\bin\x64\debug\net472\videoos.recorder.unittests.dll" id="0c252cc1-772e-53db-c61b-e410485fc71c">
      <Execution id="12aa1f3f-7df1-496b-b3b9-4adaffac3cfe" />
      <TestMethod codeBase="D:\actions-runner\_work\XPCO\XPCO\Corporate\RecordingServer\RecorderService\tst\VideoOS.Recorder.UnitTests\bin\x64\Debug\net472\VideoOS.Recorder.UnitTests.dll" adapterTypeName="executor://mstestadapter/v2" className="VideoOS.Recorder.UnitTests.WebServer.MediaDbUtilUnitTests" name="MediaDbUtil_MultitrackNavigation_Scenario09" />
    </UnitTest>
    <UnitTest name="ConnectUpdate_Shutdown_TokenUnavailable" storage="d:\actions-runner\_work\xpco\xpco\corporate\recordingserver\recorderservice\tst\videoos.recorder.unittests\bin\x64\debug\net472\videoos.recorder.unittests.dll" id="87d34b34-bc3d-f774-26c8-418c7975eb86">
      <Execution id="c2473ae9-0957-4a59-967d-e1f618695f8e" />
      <TestMethod codeBase="D:\actions-runner\_work\XPCO\XPCO\Corporate\RecordingServer\RecorderService\tst\VideoOS.Recorder.UnitTests\bin\x64\Debug\net472\VideoOS.Recorder.UnitTests.dll" adapterTypeName="executor://mstestadapter/v2" className="VideoOS.Recorder.UnitTests.WebServer.ImageServerRequestHandlerTests" name="ConnectUpdate_Shutdown_TokenUnavailable" />
    </UnitTest>
    <UnitTest name="AudioPlayerOnSpeaker_PlayUsingCurrentThread" storage="d:\actions-runner\_work\xpco\xpco\corporate\recordingserver\recorderservice\tst\videoos.recorder.unittests\bin\x64\debug\net472\videoos.recorder.unittests.dll" id="d8e46ffd-6776-a2cc-a5b4-d675b58a111e">
      <Execution id="30566ef5-0fdd-4562-b9ad-5da7097f2bd5" />
      <TestMethod codeBase="D:\actions-runner\_work\XPCO\XPCO\Corporate\RecordingServer\RecorderService\tst\VideoOS.Recorder.UnitTests\bin\x64\Debug\net472\VideoOS.Recorder.UnitTests.dll" adapterTypeName="executor://mstestadapter/v2" className="VideoOS.Recorder.UnitTests.AudioMessageHandling.AudioPlayerOnSpeakerTests" name="AudioPlayerOnSpeaker_PlayUsingCurrentThread" />
    </UnitTest>
    <UnitTest name="RecorderAttach_ModelIsNull_BadRequestResult" storage="d:\actions-runner\_work\xpco\xpco\corporate\recordingserver\recorderservice\tst\videoos.recorder.unittests\bin\x64\debug\net472\videoos.recorder.unittests.dll" id="77432722-5cee-d8a5-8112-a3e739445bce">
      <Execution id="d2b432a1-1aee-4120-ac42-85dc608153cc" />
      <TestMethod codeBase="D:\actions-runner\_work\XPCO\XPCO\Corporate\RecordingServer\RecorderService\tst\VideoOS.Recorder.UnitTests\bin\x64\Debug\net472\VideoOS.Recorder.UnitTests.dll" adapterTypeName="executor://mstestadapter/v2" className="VideoOS.Recorder.UnitTests.RecorderControllerTests" name="RecorderAttach_ModelIsNull_BadRequestResult" />
    </UnitTest>
    <UnitTest name="MediaDbUtil_MultitrackNavigation_Scenario13" storage="d:\actions-runner\_work\xpco\xpco\corporate\recordingserver\recorderservice\tst\videoos.recorder.unittests\bin\x64\debug\net472\videoos.recorder.unittests.dll" id="fd03b6cc-d5fd-17ab-5f8a-fdc3bbc35099">
      <Execution id="b959bf4f-3b08-42fe-8921-0c26c8e7803e" />
      <TestMethod codeBase="D:\actions-runner\_work\XPCO\XPCO\Corporate\RecordingServer\RecorderService\tst\VideoOS.Recorder.UnitTests\bin\x64\Debug\net472\VideoOS.Recorder.UnitTests.dll" adapterTypeName="executor://mstestadapter/v2" className="VideoOS.Recorder.UnitTests.WebServer.MediaDbUtilUnitTests" name="MediaDbUtil_MultitrackNavigation_Scenario13" />
    </UnitTest>
    <UnitTest name="DiffGramToApplyToOrigionalDataSetToMakeItIdenticalWithNewDataSet_HandleAddedRows" storage="d:\actions-runner\_work\xpco\xpco\corporate\recordingserver\recorderservice\tst\videoos.recorder.unittests\bin\x64\debug\net472\videoos.recorder.unittests.dll" id="e11f5d05-8169-5ff7-5ee7-033c8b181a6d">
      <Execution id="16d7eb32-3ac8-4fa9-8a97-115f3c99f655" />
      <TestMethod codeBase="D:\actions-runner\_work\XPCO\XPCO\Corporate\RecordingServer\RecorderService\tst\VideoOS.Recorder.UnitTests\bin\x64\Debug\net472\VideoOS.Recorder.UnitTests.dll" adapterTypeName="executor://mstestadapter/v2" className="VideoOS.Recorder.UnitTests.DataSetUtilityUnitTests" name="DiffGramToApplyToOrigionalDataSetToMakeItIdenticalWithNewDataSet_HandleAddedRows" />
    </UnitTest>
    <UnitTest name="ArchiveSessionEnded_Success" storage="d:\actions-runner\_work\xpco\xpco\corporate\recordingserver\recorderservice\tst\videoos.recorder.unittests\bin\x64\debug\net472\videoos.recorder.unittests.dll" id="54d4647f-2aaa-172d-abd6-1a48951c3396">
      <Execution id="d8cba4a8-a489-46a0-b7a8-a700889674fb" />
      <TestMethod codeBase="D:\actions-runner\_work\XPCO\XPCO\Corporate\RecordingServer\RecorderService\tst\VideoOS.Recorder.UnitTests\bin\x64\Debug\net472\VideoOS.Recorder.UnitTests.dll" adapterTypeName="executor://mstestadapter/v2" className="VideoOS.Recorder.UnitTests.MediaDbEventProcessorTests" name="ArchiveSessionEnded_Success" />
    </UnitTest>
    <UnitTest name="AdaptiveStreamingTypeResolution" storage="d:\actions-runner\_work\xpco\xpco\corporate\recordingserver\recorderservice\tst\videoos.recorder.unittests\bin\x64\debug\net472\videoos.recorder.unittests.dll" id="408c97e1-eb94-3e13-4f85-d55ace841e06">
      <Execution id="a5238b05-8740-46ca-ab76-69fec9ad4b4f" />
      <TestMethod codeBase="D:\actions-runner\_work\XPCO\XPCO\Corporate\RecordingServer\RecorderService\tst\VideoOS.Recorder.UnitTests\bin\x64\Debug\net472\VideoOS.Recorder.UnitTests.dll" adapterTypeName="executor://mstestadapter/v2" className="VideoOS.Recorder.UnitTests.WebServer.AdaptiveStreamingUnitTests" name="AdaptiveStreamingTypeResolution" />
    </UnitTest>
    <UnitTest name="PtzManager_CenterOnPositionInView_Success" storage="d:\actions-runner\_work\xpco\xpco\corporate\recordingserver\recorderservice\tst\videoos.recorder.unittests\bin\x64\debug\net472\videoos.recorder.unittests.dll" id="0310679b-97d1-3985-df48-7100e36612f8">
      <Execution id="6630ce5f-dd89-46b5-8314-17e5cf43ce06" />
      <TestMethod codeBase="D:\actions-runner\_work\XPCO\XPCO\Corporate\RecordingServer\RecorderService\tst\VideoOS.Recorder.UnitTests\bin\x64\Debug\net472\VideoOS.Recorder.UnitTests.dll" adapterTypeName="executor://mstestadapter/v2" className="VideoOS.Recorder.UnitTests.Command.PtzManagerTests" name="PtzManager_CenterOnPositionInView_Success" />
    </UnitTest>
    <UnitTest name="PipelineEventSource_InitializationTest" storage="d:\actions-runner\_work\xpco\xpco\corporate\recordingserver\recorderservice\tst\videoos.recorder.unittests\bin\x64\debug\net472\videoos.recorder.unittests.dll" id="b3878c29-14ab-db60-6faa-179c0a00f93e">
      <Execution id="9ec90015-8894-4bbd-95ac-a54eb245bf23" />
      <TestMethod codeBase="D:\actions-runner\_work\XPCO\XPCO\Corporate\RecordingServer\RecorderService\tst\VideoOS.Recorder.UnitTests\bin\x64\Debug\net472\VideoOS.Recorder.UnitTests.dll" adapterTypeName="executor://mstestadapter/v2" className="VideoOS.Recorder.UnitTests.Tracing.GeneralTracingTests" name="PipelineEventSource_InitializationTest" />
    </UnitTest>
    <UnitTest name="EdgeStorageLimitsManagerGetLimitsCheckConfigUpdatesParallelLimitSame" storage="d:\actions-runner\_work\xpco\xpco\corporate\recordingserver\recorderservice\tst\videoos.recorder.unittests\bin\x64\debug\net472\videoos.recorder.unittests.dll" id="7ae16e9a-51a3-b632-f70e-7bae9358417b">
      <TestCategory>
        <TestCategoryItem TestCategory="EdgeStorageLimits" />
      </TestCategory>
      <Execution id="664363f2-f95a-4cad-b9ff-0d4d5decf468" />
      <TestMethod codeBase="D:\actions-runner\_work\XPCO\XPCO\Corporate\RecordingServer\RecorderService\tst\VideoOS.Recorder.UnitTests\bin\x64\Debug\net472\VideoOS.Recorder.UnitTests.dll" adapterTypeName="executor://mstestadapter/v2" className="VideoOS.Recorder.UnitTests.EdgeStorage.EdgeStorageLimitTests" name="EdgeStorageLimitsManagerGetLimitsCheckConfigUpdatesParallelLimitSame" />
    </UnitTest>
    <UnitTest name="CheckForLiveAndOrphanTables_CreateMissingTable_MoveHw" storage="d:\actions-runner\_work\xpco\xpco\corporate\recordingserver\recorderservice\tst\videoos.recorder.unittests\bin\x64\debug\net472\videoos.recorder.unittests.dll" id="650b2554-02d7-52d8-edb9-78b1fa4e805c">
      <Execution id="e760fe09-f079-4250-8a96-4abfe516f900" />
      <TestMethod codeBase="D:\actions-runner\_work\XPCO\XPCO\Corporate\RecordingServer\RecorderService\tst\VideoOS.Recorder.UnitTests\bin\x64\Debug\net472\VideoOS.Recorder.UnitTests.dll" adapterTypeName="executor://mstestadapter/v2" className="VideoOS.Recorder.UnitTests.ObjectModel.MediaDbManagerUnitTests" name="CheckForLiveAndOrphanTables_CreateMissingTable_MoveHw" />
    </UnitTest>
    <UnitTest name="DatabaseoperationCommandhandler_VerifyPath_DatabaseException_ReturnErrorResponse" storage="d:\actions-runner\_work\xpco\xpco\corporate\recordingserver\recorderservice\tst\videoos.recorder.unittests\bin\x64\debug\net472\videoos.recorder.unittests.dll" id="b61cc474-cc1d-c977-712d-e01d48b4cf8a">
      <Execution id="643d29e4-4a3c-40f0-8935-ca419cc35f6f" />
      <TestMethod codeBase="D:\actions-runner\_work\XPCO\XPCO\Corporate\RecordingServer\RecorderService\tst\VideoOS.Recorder.UnitTests\bin\x64\Debug\net472\VideoOS.Recorder.UnitTests.dll" adapterTypeName="executor://mstestadapter/v2" className="VideoOS.Recorder.UnitTests.Command.DatabaseOperationCommandHandlerUnitTests" name="DatabaseoperationCommandhandler_VerifyPath_DatabaseException_ReturnErrorResponse" />
    </UnitTest>
    <UnitTest name="MediaDbUtil_MultitrackNavigation_Scenario06" storage="d:\actions-runner\_work\xpco\xpco\corporate\recordingserver\recorderservice\tst\videoos.recorder.unittests\bin\x64\debug\net472\videoos.recorder.unittests.dll" id="e727795f-0ad7-4c41-8cca-726339c9a3f1">
      <Execution id="ccffec79-790e-47d6-9dda-a2ddf2e3ad28" />
      <TestMethod codeBase="D:\actions-runner\_work\XPCO\XPCO\Corporate\RecordingServer\RecorderService\tst\VideoOS.Recorder.UnitTests\bin\x64\Debug\net472\VideoOS.Recorder.UnitTests.dll" adapterTypeName="executor://mstestadapter/v2" className="VideoOS.Recorder.UnitTests.WebServer.MediaDbUtilUnitTests" name="MediaDbUtil_MultitrackNavigation_Scenario06" />
    </UnitTest>
    <UnitTest name="SOAPCommandRequestHandler_ExecuteFunction_HandleSequencesGetAround_Success" storage="d:\actions-runner\_work\xpco\xpco\corporate\recordingserver\recorderservice\tst\videoos.recorder.unittests\bin\x64\debug\net472\videoos.recorder.unittests.dll" id="f3084d89-cda3-b9fc-16df-3d5ffa9d73be">
      <Execution id="01f494a3-0c72-4776-b82f-54de12f38ba3" />
      <TestMethod codeBase="D:\actions-runner\_work\XPCO\XPCO\Corporate\RecordingServer\RecorderService\tst\VideoOS.Recorder.UnitTests\bin\x64\Debug\net472\VideoOS.Recorder.UnitTests.dll" adapterTypeName="executor://mstestadapter/v2" className="VideoOS.Recorder.UnitTests.WebServer.SOAPCommandRequestHandlerTests" name="SOAPCommandRequestHandler_ExecuteFunction_HandleSequencesGetAround_Success" />
    </UnitTest>
    <UnitTest name="QueryDeviceEvidenceLockSizesCommandHandler_QueryDeviceEvidenceLockSizesResponse_StorageOffline_NegativeSize" storage="d:\actions-runner\_work\xpco\xpco\corporate\recordingserver\recorderservice\tst\videoos.recorder.unittests\bin\x64\debug\net472\videoos.recorder.unittests.dll" id="1fbd2580-d20c-54ad-ccea-04c9b179dee0">
      <Execution id="3f2d05bd-0586-466c-946f-9fc22fa35ff8" />
      <TestMethod codeBase="D:\actions-runner\_work\XPCO\XPCO\Corporate\RecordingServer\RecorderService\tst\VideoOS.Recorder.UnitTests\bin\x64\Debug\net472\VideoOS.Recorder.UnitTests.dll" adapterTypeName="executor://mstestadapter/v2" className="VideoOS.Recorder.UnitTests.Command.QueryDeviceEvidenceLockSizesCommandHandlerTests" name="QueryDeviceEvidenceLockSizesCommandHandler_QueryDeviceEvidenceLockSizesResponse_StorageOffline_NegativeSize" />
    </UnitTest>
    <UnitTest name="DeleteHardwareUserCommandHandler_Execute_FixedUser_Error" storage="d:\actions-runner\_work\xpco\xpco\corporate\recordingserver\recorderservice\tst\videoos.recorder.unittests\bin\x64\debug\net472\videoos.recorder.unittests.dll" id="e50a8e35-8c31-959a-8809-8fff71c8e4bd">
      <Execution id="0f5e1a0f-d00f-43bf-a7ad-61c1ef0a4d3c" />
      <TestMethod codeBase="D:\actions-runner\_work\XPCO\XPCO\Corporate\RecordingServer\RecorderService\tst\VideoOS.Recorder.UnitTests\bin\x64\Debug\net472\VideoOS.Recorder.UnitTests.dll" adapterTypeName="executor://mstestadapter/v2" className="VideoOS.Recorder.UnitTests.Command.DeleteHardwareUserCommandHandlerTest" name="DeleteHardwareUserCommandHandler_Execute_FixedUser_Error" />
    </UnitTest>
    <UnitTest name="EnhanceSettings_SunnyDay_DisabledUserExcludeRegionsAndPrivacyMask" storage="d:\actions-runner\_work\xpco\xpco\corporate\recordingserver\recorderservice\tst\videoos.recorder.unittests\bin\x64\debug\net472\videoos.recorder.unittests.dll" id="fe3c3c93-891e-af05-d4d9-8e72bf2f8f73">
      <Owners>
        <Owner name="FT06" />
      </Owners>
      <Execution id="7225fcdc-c1f5-45cc-8bdf-4acccb80bd82" />
      <TestMethod codeBase="D:\actions-runner\_work\XPCO\XPCO\Corporate\RecordingServer\RecorderService\tst\VideoOS.Recorder.UnitTests\bin\x64\Debug\net472\VideoOS.Recorder.UnitTests.dll" adapterTypeName="executor://mstestadapter/v2" className="VideoOS.Recorder.UnitTests.ObjectModel.Processors.PluginSettingsEnhancerTest" name="EnhanceSettings_SunnyDay_DisabledUserExcludeRegionsAndPrivacyMask" />
    </UnitTest>
    <UnitTest name="AddHardwareUserCommandHandler_Execute_AddUser_ThrowsUserHandlingUserNameTooShort_Errors" storage="d:\actions-runner\_work\xpco\xpco\corporate\recordingserver\recorderservice\tst\videoos.recorder.unittests\bin\x64\debug\net472\videoos.recorder.unittests.dll" id="ab37c4a5-7ddd-4f3a-807a-9824addc756d">
      <Execution id="a78b7cb8-171a-4356-8cb7-c5eb84ffcfa9" />
      <TestMethod codeBase="D:\actions-runner\_work\XPCO\XPCO\Corporate\RecordingServer\RecorderService\tst\VideoOS.Recorder.UnitTests\bin\x64\Debug\net472\VideoOS.Recorder.UnitTests.dll" adapterTypeName="executor://mstestadapter/v2" className="VideoOS.Recorder.UnitTests.Command.AddHardwareUserCommandHandlerRecorderUnitTests" name="AddHardwareUserCommandHandler_Execute_AddUser_ThrowsUserHandlingUserNameTooShort_Errors" />
    </UnitTest>
    <UnitTest name="SOAPCommandRequestHandler_ExecuteFunction_HandlePTZMoveAbsolute_NoPtzArgs" storage="d:\actions-runner\_work\xpco\xpco\corporate\recordingserver\recorderservice\tst\videoos.recorder.unittests\bin\x64\debug\net472\videoos.recorder.unittests.dll" id="164928c8-2be5-ec25-909d-bc85b0d98fe1">
      <Execution id="606d0d6f-24cf-47b7-b10c-f31d8563b2a6" />
      <TestMethod codeBase="D:\actions-runner\_work\XPCO\XPCO\Corporate\RecordingServer\RecorderService\tst\VideoOS.Recorder.UnitTests\bin\x64\Debug\net472\VideoOS.Recorder.UnitTests.dll" adapterTypeName="executor://mstestadapter/v2" className="VideoOS.Recorder.UnitTests.WebServer.SOAPCommandRequestHandlerTests" name="SOAPCommandRequestHandler_ExecuteFunction_HandlePTZMoveAbsolute_NoPtzArgs" />
    </UnitTest>
    <UnitTest name="SynchronizeDevicePresetsCommandHandler_Execute_Success" storage="d:\actions-runner\_work\xpco\xpco\corporate\recordingserver\recorderservice\tst\videoos.recorder.unittests\bin\x64\debug\net472\videoos.recorder.unittests.dll" id="c2e7304e-f9b2-ac44-a7c6-7e9021b5fa4c">
      <Execution id="f8a13e40-eb1a-4dfd-9bec-c6e1f6a365de" />
      <TestMethod codeBase="D:\actions-runner\_work\XPCO\XPCO\Corporate\RecordingServer\RecorderService\tst\VideoOS.Recorder.UnitTests\bin\x64\Debug\net472\VideoOS.Recorder.UnitTests.dll" adapterTypeName="executor://mstestadapter/v2" className="VideoOS.Recorder.UnitTests.Command.SynchronizeDevicePresetsCommandHandlerUnitTests" name="SynchronizeDevicePresetsCommandHandler_Execute_Success" />
    </UnitTest>
    <UnitTest name="PtzManager_OnManualSessionStart_Success" storage="d:\actions-runner\_work\xpco\xpco\corporate\recordingserver\recorderservice\tst\videoos.recorder.unittests\bin\x64\debug\net472\videoos.recorder.unittests.dll" id="be0eb634-b279-9225-c95c-0378f64000ea">
      <Execution id="8f0e5248-d0f2-490a-b479-53b9737ddbb0" />
      <TestMethod codeBase="D:\actions-runner\_work\XPCO\XPCO\Corporate\RecordingServer\RecorderService\tst\VideoOS.Recorder.UnitTests\bin\x64\Debug\net472\VideoOS.Recorder.UnitTests.dll" adapterTypeName="executor://mstestadapter/v2" className="VideoOS.Recorder.UnitTests.Command.PtzManagerTests" name="PtzManager_OnManualSessionStart_Success" />
    </UnitTest>
    <UnitTest name="AddHardwareUserCommandHandler_Execute_HardwareNotStarted_Errors" storage="d:\actions-runner\_work\xpco\xpco\corporate\recordingserver\recorderservice\tst\videoos.recorder.unittests\bin\x64\debug\net472\videoos.recorder.unittests.dll" id="e20f75e9-b94a-a7b7-b4a5-b01aab2ffc9e">
      <Execution id="df68cd2f-6bfa-4ff3-9922-1a6db6753b0f" />
      <TestMethod codeBase="D:\actions-runner\_work\XPCO\XPCO\Corporate\RecordingServer\RecorderService\tst\VideoOS.Recorder.UnitTests\bin\x64\Debug\net472\VideoOS.Recorder.UnitTests.dll" adapterTypeName="executor://mstestadapter/v2" className="VideoOS.Recorder.UnitTests.Command.AddHardwareUserCommandHandlerRecorderUnitTests" name="AddHardwareUserCommandHandler_Execute_HardwareNotStarted_Errors" />
    </UnitTest>
    <UnitTest name="SOAPCommandRequestHandler_ExecuteFunction_HandleSmartSearchStart_NoResultMotionMaskSize" storage="d:\actions-runner\_work\xpco\xpco\corporate\recordingserver\recorderservice\tst\videoos.recorder.unittests\bin\x64\debug\net472\videoos.recorder.unittests.dll" id="0d57a34c-837c-d126-8ff0-b27247b414be">
      <Execution id="032da826-91ee-41d7-9d62-9aea5099f745" />
      <TestMethod codeBase="D:\actions-runner\_work\XPCO\XPCO\Corporate\RecordingServer\RecorderService\tst\VideoOS.Recorder.UnitTests\bin\x64\Debug\net472\VideoOS.Recorder.UnitTests.dll" adapterTypeName="executor://mstestadapter/v2" className="VideoOS.Recorder.UnitTests.WebServer.SOAPCommandRequestHandlerTests" name="SOAPCommandRequestHandler_ExecuteFunction_HandleSmartSearchStart_NoResultMotionMaskSize" />
    </UnitTest>
    <UnitTest name="MediaDbUtil_MultitrackNavigation_Scenario05" storage="d:\actions-runner\_work\xpco\xpco\corporate\recordingserver\recorderservice\tst\videoos.recorder.unittests\bin\x64\debug\net472\videoos.recorder.unittests.dll" id="cebb697d-37f9-b96a-26b4-873974b66667">
      <Execution id="9e3d9af8-1f45-4843-9650-4ef379785480" />
      <TestMethod codeBase="D:\actions-runner\_work\XPCO\XPCO\Corporate\RecordingServer\RecorderService\tst\VideoOS.Recorder.UnitTests\bin\x64\Debug\net472\VideoOS.Recorder.UnitTests.dll" adapterTypeName="executor://mstestadapter/v2" className="VideoOS.Recorder.UnitTests.WebServer.MediaDbUtilUnitTests" name="MediaDbUtil_MultitrackNavigation_Scenario05" />
    </UnitTest>
    <UnitTest name="SOAPCommandRequestHandler_ExecuteFunction_HandleSequencesGet_NoMinTime" storage="d:\actions-runner\_work\xpco\xpco\corporate\recordingserver\recorderservice\tst\videoos.recorder.unittests\bin\x64\debug\net472\videoos.recorder.unittests.dll" id="408fd36a-2a0e-6ae4-0cc5-a2a3c333329e">
      <Execution id="fb86aa8e-eec2-4e7e-8785-545ffea8e004" />
      <TestMethod codeBase="D:\actions-runner\_work\XPCO\XPCO\Corporate\RecordingServer\RecorderService\tst\VideoOS.Recorder.UnitTests\bin\x64\Debug\net472\VideoOS.Recorder.UnitTests.dll" adapterTypeName="executor://mstestadapter/v2" className="VideoOS.Recorder.UnitTests.WebServer.SOAPCommandRequestHandlerTests" name="SOAPCommandRequestHandler_ExecuteFunction_HandleSequencesGet_NoMinTime" />
    </UnitTest>
    <UnitTest name="PtzManager_OnManualSessionStopping_Success" storage="d:\actions-runner\_work\xpco\xpco\corporate\recordingserver\recorderservice\tst\videoos.recorder.unittests\bin\x64\debug\net472\videoos.recorder.unittests.dll" id="3c8a9a60-93f1-eaa0-ce5d-01d33a5469b1">
      <Execution id="3a13283e-1f98-4e63-a6c4-4dae3f5ec008" />
      <TestMethod codeBase="D:\actions-runner\_work\XPCO\XPCO\Corporate\RecordingServer\RecorderService\tst\VideoOS.Recorder.UnitTests\bin\x64\Debug\net472\VideoOS.Recorder.UnitTests.dll" adapterTypeName="executor://mstestadapter/v2" className="VideoOS.Recorder.UnitTests.Command.PtzManagerTests" name="PtzManager_OnManualSessionStopping_Success" />
    </UnitTest>
    <UnitTest name="GetDatabaseInfo_RecordingStorageFound_ArchiveHintTrue" storage="d:\actions-runner\_work\xpco\xpco\corporate\recordingserver\recorderservice\tst\videoos.recorder.unittests\bin\x64\debug\net472\videoos.recorder.unittests.dll" id="a5d60cd1-f71a-58c1-12cf-0fb8e7f4031f">
      <Execution id="77e5d7ed-48a7-426a-a9ac-82e01c6e952e" />
      <TestMethod codeBase="D:\actions-runner\_work\XPCO\XPCO\Corporate\RecordingServer\RecorderService\tst\VideoOS.Recorder.UnitTests\bin\x64\Debug\net472\VideoOS.Recorder.UnitTests.dll" adapterTypeName="executor://mstestadapter/v2" className="VideoOS.Recorder.UnitTests.MediaDbEventProcessorTests" name="GetDatabaseInfo_RecordingStorageFound_ArchiveHintTrue" />
    </UnitTest>
    <UnitTest name="SOAPCommandRequestHandler_ExecuteFunction_HandleJPEGGetAt_NoSecurity" storage="d:\actions-runner\_work\xpco\xpco\corporate\recordingserver\recorderservice\tst\videoos.recorder.unittests\bin\x64\debug\net472\videoos.recorder.unittests.dll" id="ee49ee4f-0aea-f745-5775-adf4f114597b">
      <Execution id="6476e0e6-ba26-42bd-9c1e-c2bcdf449fe5" />
      <TestMethod codeBase="D:\actions-runner\_work\XPCO\XPCO\Corporate\RecordingServer\RecorderService\tst\VideoOS.Recorder.UnitTests\bin\x64\Debug\net472\VideoOS.Recorder.UnitTests.dll" adapterTypeName="executor://mstestadapter/v2" className="VideoOS.Recorder.UnitTests.WebServer.SOAPCommandRequestHandlerTests" name="SOAPCommandRequestHandler_ExecuteFunction_HandleJPEGGetAt_NoSecurity" />
    </UnitTest>
    <UnitTest name="PtzManager_UpdateConfigurationFromDiffGram_Modify_Success" storage="d:\actions-runner\_work\xpco\xpco\corporate\recordingserver\recorderservice\tst\videoos.recorder.unittests\bin\x64\debug\net472\videoos.recorder.unittests.dll" id="1a9dd7fc-481b-b0bd-b784-100180cbed88">
      <Execution id="67d5bda8-8d79-49eb-b778-774e11091fd7" />
      <TestMethod codeBase="D:\actions-runner\_work\XPCO\XPCO\Corporate\RecordingServer\RecorderService\tst\VideoOS.Recorder.UnitTests\bin\x64\Debug\net472\VideoOS.Recorder.UnitTests.dll" adapterTypeName="executor://mstestadapter/v2" className="VideoOS.Recorder.UnitTests.Command.PtzManagerTests" name="PtzManager_UpdateConfigurationFromDiffGram_Modify_Success" />
    </UnitTest>
    <UnitTest name="ChangeConfigLinksAddedAndRemovedWhileRecordingCamera" storage="d:\actions-runner\_work\xpco\xpco\corporate\recordingserver\recorderservice\tst\videoos.recorder.unittests\bin\x64\debug\net472\videoos.recorder.unittests.dll" id="cb8df580-11f9-6d50-3771-5ee5d8a3d9c5">
      <TestCategory>
        <TestCategoryItem TestCategory="ObjectModel.Device.RelatedDeviceHandler" />
      </TestCategory>
      <Execution id="f95aa5fb-66f3-49d3-aa1e-1da6e9401ac7" />
      <TestMethod codeBase="D:\actions-runner\_work\XPCO\XPCO\Corporate\RecordingServer\RecorderService\tst\VideoOS.Recorder.UnitTests\bin\x64\Debug\net472\VideoOS.Recorder.UnitTests.dll" adapterTypeName="executor://mstestadapter/v2" className="VideoOS.Recorder.UnitTests.ObjectModel.RelatedDeviceHandlerTest" name="ChangeConfigLinksAddedAndRemovedWhileRecordingCamera" />
    </UnitTest>
    <UnitTest name="SOAPCommandRequestHandler_ExecuteFunction_HandlePTZMoveRelative_Success" storage="d:\actions-runner\_work\xpco\xpco\corporate\recordingserver\recorderservice\tst\videoos.recorder.unittests\bin\x64\debug\net472\videoos.recorder.unittests.dll" id="a6fc6e0f-6045-60b0-924f-e1bbf6047dee">
      <Execution id="5bb952e3-4c75-4bcf-9762-c68d47658b03" />
      <TestMethod codeBase="D:\actions-runner\_work\XPCO\XPCO\Corporate\RecordingServer\RecorderService\tst\VideoOS.Recorder.UnitTests\bin\x64\Debug\net472\VideoOS.Recorder.UnitTests.dll" adapterTypeName="executor://mstestadapter/v2" className="VideoOS.Recorder.UnitTests.WebServer.SOAPCommandRequestHandlerTests" name="SOAPCommandRequestHandler_ExecuteFunction_HandlePTZMoveRelative_Success" />
    </UnitTest>
    <UnitTest name="DeleteHardwareUserCommandHandler_Execute_UserHandlingUnsupported_Error" storage="d:\actions-runner\_work\xpco\xpco\corporate\recordingserver\recorderservice\tst\videoos.recorder.unittests\bin\x64\debug\net472\videoos.recorder.unittests.dll" id="f9fa6136-beb5-497d-731c-1e5e5d405870">
      <Execution id="f4f362be-8197-48a8-97f5-a5f8fd603f76" />
      <TestMethod codeBase="D:\actions-runner\_work\XPCO\XPCO\Corporate\RecordingServer\RecorderService\tst\VideoOS.Recorder.UnitTests\bin\x64\Debug\net472\VideoOS.Recorder.UnitTests.dll" adapterTypeName="executor://mstestadapter/v2" className="VideoOS.Recorder.UnitTests.Command.DeleteHardwareUserCommandHandlerTest" name="DeleteHardwareUserCommandHandler_Execute_UserHandlingUnsupported_Error" />
    </UnitTest>
    <UnitTest name="SmartSearchHandlerSimpleForwardTestAllHits" storage="d:\actions-runner\_work\xpco\xpco\corporate\recordingserver\recorderservice\tst\videoos.recorder.unittests\bin\x64\debug\net472\videoos.recorder.unittests.dll" id="5284f928-c894-29df-925e-e816e940f07a">
      <TestCategory>
        <TestCategoryItem TestCategory="SmartSearch" />
      </TestCategory>
      <Execution id="e3444687-30cc-4b7b-8771-9777f8da2682" />
      <TestMethod codeBase="D:\actions-runner\_work\XPCO\XPCO\Corporate\RecordingServer\RecorderService\tst\VideoOS.Recorder.UnitTests\bin\x64\Debug\net472\VideoOS.Recorder.UnitTests.dll" adapterTypeName="executor://mstestadapter/v2" className="VideoOS.Recorder.UnitTests.SmartSearch.SmartSearchHandlerTest" name="SmartSearchHandlerSimpleForwardTestAllHits" />
    </UnitTest>
    <UnitTest name="ConnectSuccess_NextSeqTime_BeforeMedia" storage="d:\actions-runner\_work\xpco\xpco\corporate\recordingserver\recorderservice\tst\videoos.recorder.unittests\bin\x64\debug\net472\videoos.recorder.unittests.dll" id="3a2cb439-a124-af6e-0a42-2a8f94271fda">
      <Execution id="ac47b837-3ccd-4dd8-85b9-798c0c7896d3" />
      <TestMethod codeBase="D:\actions-runner\_work\XPCO\XPCO\Corporate\RecordingServer\RecorderService\tst\VideoOS.Recorder.UnitTests\bin\x64\Debug\net472\VideoOS.Recorder.UnitTests.dll" adapterTypeName="executor://mstestadapter/v2" className="VideoOS.Recorder.UnitTests.WebServer.ImageServerRequestHandlerTests" name="ConnectSuccess_NextSeqTime_BeforeMedia" />
    </UnitTest>
    <UnitTest name="ResolveIdAndMessage_DriverHardware_Generator" storage="d:\actions-runner\_work\xpco\xpco\corporate\recordingserver\recorderservice\tst\videoos.recorder.unittests\bin\x64\debug\net472\videoos.recorder.unittests.dll" id="1663fb4e-f4a1-b0af-75a8-102de5d8b1c6">
      <Execution id="e834fadb-5e99-4370-b76f-f859c79ab077" />
      <TestMethod codeBase="D:\actions-runner\_work\XPCO\XPCO\Corporate\RecordingServer\RecorderService\tst\VideoOS.Recorder.UnitTests\bin\x64\Debug\net472\VideoOS.Recorder.UnitTests.dll" adapterTypeName="executor://mstestadapter/v2" className="VideoOS.Recorder.UnitTests.RuleActions.SendSNMPTrapRuleActionTests" name="ResolveIdAndMessage_DriverHardware_Generator" />
    </UnitTest>
    <UnitTest name="Stop_Connected_ShouldDisconnect" storage="d:\actions-runner\_work\xpco\xpco\corporate\recordingserver\recorderservice\tst\videoos.recorder.unittests\bin\x64\debug\net472\videoos.recorder.unittests.dll" id="b19773b3-44c8-ad46-8900-f90a855e9c94">
      <Execution id="fd35ba88-0241-4f98-a8f2-84bc5608d5d7" />
      <TestMethod codeBase="D:\actions-runner\_work\XPCO\XPCO\Corporate\RecordingServer\RecorderService\tst\VideoOS.Recorder.UnitTests\bin\x64\Debug\net472\VideoOS.Recorder.UnitTests.dll" adapterTypeName="executor://mstestadapter/v2" className="VideoOS.Recorder.UnitTests.CommManagerWebApiTests" name="Stop_Connected_ShouldDisconnect" />
    </UnitTest>
    <UnitTest name="DeleteHardwareUserCommandHandler_Execute_UsernameNotRecognized_Error" storage="d:\actions-runner\_work\xpco\xpco\corporate\recordingserver\recorderservice\tst\videoos.recorder.unittests\bin\x64\debug\net472\videoos.recorder.unittests.dll" id="25bfeecd-33e8-dc9c-0884-9674ccccb38b">
      <Execution id="1331eb2d-f674-400b-8a43-e72ccd04899d" />
      <TestMethod codeBase="D:\actions-runner\_work\XPCO\XPCO\Corporate\RecordingServer\RecorderService\tst\VideoOS.Recorder.UnitTests\bin\x64\Debug\net472\VideoOS.Recorder.UnitTests.dll" adapterTypeName="executor://mstestadapter/v2" className="VideoOS.Recorder.UnitTests.Command.DeleteHardwareUserCommandHandlerTest" name="DeleteHardwareUserCommandHandler_Execute_UsernameNotRecognized_Error" />
    </UnitTest>
    <UnitTest name="IsLiveRestrictedOnHandler" storage="d:\actions-runner\_work\xpco\xpco\corporate\recordingserver\recorderservice\tst\videoos.recorder.unittests\bin\x64\debug\net472\videoos.recorder.unittests.dll" id="9783da64-6fb6-c3b5-b3ac-c11796365d5b">
      <Execution id="7a76240d-d933-474b-a276-05729f3323cd" />
      <TestMethod codeBase="D:\actions-runner\_work\XPCO\XPCO\Corporate\RecordingServer\RecorderService\tst\VideoOS.Recorder.UnitTests\bin\x64\Debug\net472\VideoOS.Recorder.UnitTests.dll" adapterTypeName="executor://mstestadapter/v2" className="VideoOS.Recorder.UnitTests.ObjectModel.RestrictedMediaHandlerTest" name="IsLiveRestrictedOnHandler" />
    </UnitTest>
    <UnitTest name="HardwareScanSession_TestStartAnd2Stops" storage="d:\actions-runner\_work\xpco\xpco\corporate\recordingserver\recorderservice\tst\videoos.recorder.unittests\bin\x64\debug\net472\videoos.recorder.unittests.dll" id="66870d86-2e1d-f691-641d-031536916a0f">
      <Execution id="50c5dfb4-2670-4fc3-9a97-6c89e034c2b4" />
      <TestMethod codeBase="D:\actions-runner\_work\XPCO\XPCO\Corporate\RecordingServer\RecorderService\tst\VideoOS.Recorder.UnitTests\bin\x64\Debug\net472\VideoOS.Recorder.UnitTests.dll" adapterTypeName="executor://mstestadapter/v2" className="VideoOS.Recorder.UnitTests.DeviceDiscovery.HardwareScanSessionTests" name="HardwareScanSession_TestStartAnd2Stops" />
    </UnitTest>
    <UnitTest name="DatabaseoperationCommandhandler_FilterTrackIdsToThoseWithoutMediaOnRecorder_AreAllBanksOnline_throws_Exception_Causes_DataExists" storage="d:\actions-runner\_work\xpco\xpco\corporate\recordingserver\recorderservice\tst\videoos.recorder.unittests\bin\x64\debug\net472\videoos.recorder.unittests.dll" id="fc7c706d-5fa1-656a-c15a-a66e34e1aeda">
      <Execution id="a4cc4892-e73f-4d95-adb2-83e8f840ca1b" />
      <TestMethod codeBase="D:\actions-runner\_work\XPCO\XPCO\Corporate\RecordingServer\RecorderService\tst\VideoOS.Recorder.UnitTests\bin\x64\Debug\net472\VideoOS.Recorder.UnitTests.dll" adapterTypeName="executor://mstestadapter/v2" className="VideoOS.Recorder.UnitTests.Command.DatabaseOperationCommandHandlerUnitTests" name="DatabaseoperationCommandhandler_FilterTrackIdsToThoseWithoutMediaOnRecorder_AreAllBanksOnline_throws_Exception_Causes_DataExists" />
    </UnitTest>
    <UnitTest name="AudioPlayerOnSpeaker_PlayUsingCurrentThread_3_Devices_All_Failing" storage="d:\actions-runner\_work\xpco\xpco\corporate\recordingserver\recorderservice\tst\videoos.recorder.unittests\bin\x64\debug\net472\videoos.recorder.unittests.dll" id="b044120d-41b9-7ebe-4823-a30189c35ed3">
      <Execution id="2283da56-fd3a-4a9a-812d-b943ca316f02" />
      <TestMethod codeBase="D:\actions-runner\_work\XPCO\XPCO\Corporate\RecordingServer\RecorderService\tst\VideoOS.Recorder.UnitTests\bin\x64\Debug\net472\VideoOS.Recorder.UnitTests.dll" adapterTypeName="executor://mstestadapter/v2" className="VideoOS.Recorder.UnitTests.AudioMessageHandling.AudioPlayerOnSpeakerTests" name="AudioPlayerOnSpeaker_PlayUsingCurrentThread_3_Devices_All_Failing" />
    </UnitTest>
    <UnitTest name="TimeRangeConversionRangesNull" storage="d:\actions-runner\_work\xpco\xpco\corporate\recordingserver\recorderservice\tst\videoos.recorder.unittests\bin\x64\debug\net472\videoos.recorder.unittests.dll" id="9da27cfb-b19a-5b7b-65c1-99971e317fc3">
      <TestCategory>
        <TestCategoryItem TestCategory="TimeRangeConversion" />
      </TestCategory>
      <Execution id="25e2d75b-39b3-4641-8b9e-10ebdb702ea0" />
      <TestMethod codeBase="D:\actions-runner\_work\XPCO\XPCO\Corporate\RecordingServer\RecorderService\tst\VideoOS.Recorder.UnitTests\bin\x64\Debug\net472\VideoOS.Recorder.UnitTests.dll" adapterTypeName="executor://mstestadapter/v2" className="VideoOS.Recorder.UnitTests.TimeRangeConversionTests.TimeRangeConversionTests" name="TimeRangeConversionRangesNull" />
    </UnitTest>
    <UnitTest name="EdgeStorageLimitsTimeLimitNotOkBefore" storage="d:\actions-runner\_work\xpco\xpco\corporate\recordingserver\recorderservice\tst\videoos.recorder.unittests\bin\x64\debug\net472\videoos.recorder.unittests.dll" id="ebf78a33-6f43-3b37-ec87-c7c1b6380f9c">
      <TestCategory>
        <TestCategoryItem TestCategory="EdgeStorageLimits" />
      </TestCategory>
      <Execution id="18f426f7-1397-44c9-9087-8a9ca1d60190" />
      <TestMethod codeBase="D:\actions-runner\_work\XPCO\XPCO\Corporate\RecordingServer\RecorderService\tst\VideoOS.Recorder.UnitTests\bin\x64\Debug\net472\VideoOS.Recorder.UnitTests.dll" adapterTypeName="executor://mstestadapter/v2" className="VideoOS.Recorder.UnitTests.EdgeStorage.EdgeStorageLimitTests" name="EdgeStorageLimitsTimeLimitNotOkBefore" />
    </UnitTest>
    <UnitTest name="CollectMediaStatusCommandHandler_Device_Disabled" storage="d:\actions-runner\_work\xpco\xpco\corporate\recordingserver\recorderservice\tst\videoos.recorder.unittests\bin\x64\debug\net472\videoos.recorder.unittests.dll" id="10af1bbd-2222-8ba2-39db-7e12e812860a">
      <Execution id="9f5e5c7b-6ca6-4660-b88c-9273347896aa" />
      <TestMethod codeBase="D:\actions-runner\_work\XPCO\XPCO\Corporate\RecordingServer\RecorderService\tst\VideoOS.Recorder.UnitTests\bin\x64\Debug\net472\VideoOS.Recorder.UnitTests.dll" adapterTypeName="executor://mstestadapter/v2" className="VideoOS.Recorder.UnitTests.Command.CollectMediaStatusCommandHandlerTests" name="CollectMediaStatusCommandHandler_Device_Disabled" />
    </UnitTest>
    <UnitTest name="PtzManager_UpdateConfigurationFromDiffGram_Add_Success" storage="d:\actions-runner\_work\xpco\xpco\corporate\recordingserver\recorderservice\tst\videoos.recorder.unittests\bin\x64\debug\net472\videoos.recorder.unittests.dll" id="40c747f8-f393-79cf-9d54-1747fa8224b9">
      <Execution id="f1b4e79e-21e9-4c35-addf-4ede85cda335" />
      <TestMethod codeBase="D:\actions-runner\_work\XPCO\XPCO\Corporate\RecordingServer\RecorderService\tst\VideoOS.Recorder.UnitTests\bin\x64\Debug\net472\VideoOS.Recorder.UnitTests.dll" adapterTypeName="executor://mstestadapter/v2" className="VideoOS.Recorder.UnitTests.Command.PtzManagerTests" name="PtzManager_UpdateConfigurationFromDiffGram_Add_Success" />
    </UnitTest>
    <UnitTest name="MediaDbConfigurationWriter_WriteDatabaseConfiguration" storage="d:\actions-runner\_work\xpco\xpco\corporate\recordingserver\recorderservice\tst\videoos.recorder.unittests\bin\x64\debug\net472\videoos.recorder.unittests.dll" id="e6cfa372-a5ab-53e9-c8e7-bb8eadfb2e48">
      <Execution id="70cc923f-6821-4276-b87f-845cd31b4dcd" />
      <TestMethod codeBase="D:\actions-runner\_work\XPCO\XPCO\Corporate\RecordingServer\RecorderService\tst\VideoOS.Recorder.UnitTests\bin\x64\Debug\net472\VideoOS.Recorder.UnitTests.dll" adapterTypeName="executor://mstestadapter/v2" className="VideoOS.Recorder.UnitTests.Database.MediaDbConfigurationWriterUnitTests" name="MediaDbConfigurationWriter_WriteDatabaseConfiguration" />
    </UnitTest>
    <UnitTest name="RecorderAccessTokenHandler_PopulateAuthorizationHeaderAsync_WebApiException" storage="d:\actions-runner\_work\xpco\xpco\corporate\recordingserver\recorderservice\tst\videoos.recorder.unittests\bin\x64\debug\net472\videoos.recorder.unittests.dll" id="27fac88f-2866-dc2b-9ed4-6f81b7ebfa70">
      <Execution id="7c5ac6bc-bb8c-4623-848d-e6bbcc75eb93" />
      <TestMethod codeBase="D:\actions-runner\_work\XPCO\XPCO\Corporate\RecordingServer\RecorderService\tst\VideoOS.Recorder.UnitTests\bin\x64\Debug\net472\VideoOS.Recorder.UnitTests.dll" adapterTypeName="executor://mstestadapter/v2" className="VideoOS.Recorder.UnitTests.ServerCommunication.RecorderAccessTokenHandlerTests" name="RecorderAccessTokenHandler_PopulateAuthorizationHeaderAsync_WebApiException" />
    </UnitTest>
    <UnitTest name="SmartSearchHandlerForwardDirectHitSingleSequence" storage="d:\actions-runner\_work\xpco\xpco\corporate\recordingserver\recorderservice\tst\videoos.recorder.unittests\bin\x64\debug\net472\videoos.recorder.unittests.dll" id="8da886ae-fb0e-f597-f3c0-ea01d391cbf1">
      <TestCategory>
        <TestCategoryItem TestCategory="SmartSearch" />
      </TestCategory>
      <Execution id="cc193acf-3959-4f09-8587-a846756d3abb" />
      <TestMethod codeBase="D:\actions-runner\_work\XPCO\XPCO\Corporate\RecordingServer\RecorderService\tst\VideoOS.Recorder.UnitTests\bin\x64\Debug\net472\VideoOS.Recorder.UnitTests.dll" adapterTypeName="executor://mstestadapter/v2" className="VideoOS.Recorder.UnitTests.SmartSearch.SmartSearchHandlerTest" name="SmartSearchHandlerForwardDirectHitSingleSequence" />
    </UnitTest>
    <UnitTest name="PtzStopSessionCommandHandler_Execute_PtzException_PtzNotSupported" storage="d:\actions-runner\_work\xpco\xpco\corporate\recordingserver\recorderservice\tst\videoos.recorder.unittests\bin\x64\debug\net472\videoos.recorder.unittests.dll" id="f15c3e47-e288-3ddf-3e20-435df2549e7e">
      <Execution id="7dc6ab08-405c-4a39-b4f3-cd4c5a20932d" />
      <TestMethod codeBase="D:\actions-runner\_work\XPCO\XPCO\Corporate\RecordingServer\RecorderService\tst\VideoOS.Recorder.UnitTests\bin\x64\Debug\net472\VideoOS.Recorder.UnitTests.dll" adapterTypeName="executor://mstestadapter/v2" className="VideoOS.Recorder.UnitTests.Command.PtzStopSessionCommandHandlerTest" name="PtzStopSessionCommandHandler_Execute_PtzException_PtzNotSupported" />
    </UnitTest>
    <UnitTest name="SOAPCommandRequestHandler_GetClientCapabilities_PrivacyMaskVersion_Child_Of_ClientCapabilities_Section_Is_Not_Parsable" storage="d:\actions-runner\_work\xpco\xpco\corporate\recordingserver\recorderservice\tst\videoos.recorder.unittests\bin\x64\debug\net472\videoos.recorder.unittests.dll" id="8d51adab-5025-828a-3a74-d9ee3955e84d">
      <Execution id="f1b12ce4-34eb-432c-9221-ade135dc152b" />
      <TestMethod codeBase="D:\actions-runner\_work\XPCO\XPCO\Corporate\RecordingServer\RecorderService\tst\VideoOS.Recorder.UnitTests\bin\x64\Debug\net472\VideoOS.Recorder.UnitTests.dll" adapterTypeName="executor://mstestadapter/v2" className="VideoOS.Recorder.UnitTests.WebServer.SOAPCommandRequestHandlerTests" name="SOAPCommandRequestHandler_GetClientCapabilities_PrivacyMaskVersion_Child_Of_ClientCapabilities_Section_Is_Not_Parsable" />
    </UnitTest>
    <UnitTest name="ConfigurationController_ReplaceHardware_IsValid_NoContent" storage="d:\actions-runner\_work\xpco\xpco\corporate\recordingserver\recorderservice\tst\videoos.recorder.unittests\bin\x64\debug\net472\videoos.recorder.unittests.dll" id="26f6843d-5eca-53a4-0713-7ad0280511d8">
      <Execution id="13deea23-77bc-4998-a971-34a9ae8c808c" />
      <TestMethod codeBase="D:\actions-runner\_work\XPCO\XPCO\Corporate\RecordingServer\RecorderService\tst\VideoOS.Recorder.UnitTests\bin\x64\Debug\net472\VideoOS.Recorder.UnitTests.dll" adapterTypeName="executor://mstestadapter/v2" className="VideoOS.Recorder.UnitTests.ConfigurationControllerTests" name="ConfigurationController_ReplaceHardware_IsValid_NoContent" />
    </UnitTest>
    <UnitTest name="DatabaseTaskCommandHandler_EmptyDevice_Cancelled" storage="d:\actions-runner\_work\xpco\xpco\corporate\recordingserver\recorderservice\tst\videoos.recorder.unittests\bin\x64\debug\net472\videoos.recorder.unittests.dll" id="824e6051-0efc-959f-4d50-858a92b364d4">
      <Execution id="811e18ab-2155-44ee-838c-7edcb6ce52d7" />
      <TestMethod codeBase="D:\actions-runner\_work\XPCO\XPCO\Corporate\RecordingServer\RecorderService\tst\VideoOS.Recorder.UnitTests\bin\x64\Debug\net472\VideoOS.Recorder.UnitTests.dll" adapterTypeName="executor://mstestadapter/v2" className="VideoOS.Recorder.UnitTests.Command.DatabaseTaskCommandHandlerTest" name="DatabaseTaskCommandHandler_EmptyDevice_Cancelled" />
    </UnitTest>
    <UnitTest name="MediaDbConfigurationWriter_WriteDeviceTableConfiguration_Cam_NoPrebuffer" storage="d:\actions-runner\_work\xpco\xpco\corporate\recordingserver\recorderservice\tst\videoos.recorder.unittests\bin\x64\debug\net472\videoos.recorder.unittests.dll" id="abcc32d8-7b98-7d33-898b-4db189321e78">
      <Execution id="e81d070f-1905-4464-9aac-e8c2fd03ad54" />
      <TestMethod codeBase="D:\actions-runner\_work\XPCO\XPCO\Corporate\RecordingServer\RecorderService\tst\VideoOS.Recorder.UnitTests\bin\x64\Debug\net472\VideoOS.Recorder.UnitTests.dll" adapterTypeName="executor://mstestadapter/v2" className="VideoOS.Recorder.UnitTests.Database.MediaDbConfigurationWriterUnitTests" name="MediaDbConfigurationWriter_WriteDeviceTableConfiguration_Cam_NoPrebuffer" />
    </UnitTest>
    <UnitTest name="ReadMessageHeaders_ReadRequestLine_SoapStatus2_Success" storage="d:\actions-runner\_work\xpco\xpco\corporate\recordingserver\recorderservice\tst\videoos.recorder.unittests\bin\x64\debug\net472\videoos.recorder.unittests.dll" id="e41ab18c-946b-f40d-841d-591d38d952a0">
      <Execution id="0075c0c5-b934-4cc6-af0b-62dd696d3ef1" />
      <TestMethod codeBase="D:\actions-runner\_work\XPCO\XPCO\Corporate\RecordingServer\RecorderService\tst\VideoOS.Recorder.UnitTests\bin\x64\Debug\net472\VideoOS.Recorder.UnitTests.dll" adapterTypeName="executor://mstestadapter/v2" className="VideoOS.Recorder.UnitTests.WebServer.WebRequestReaderUnitTests" name="ReadMessageHeaders_ReadRequestLine_SoapStatus2_Success" />
    </UnitTest>
    <UnitTest name="ConnectSuccess_Goto_Before_Time" storage="d:\actions-runner\_work\xpco\xpco\corporate\recordingserver\recorderservice\tst\videoos.recorder.unittests\bin\x64\debug\net472\videoos.recorder.unittests.dll" id="884b6599-11eb-5f0f-c83b-e4b1cf43552e">
      <Execution id="e2d2a31c-2334-4bef-b443-e0299033e97e" />
      <TestMethod codeBase="D:\actions-runner\_work\XPCO\XPCO\Corporate\RecordingServer\RecorderService\tst\VideoOS.Recorder.UnitTests\bin\x64\Debug\net472\VideoOS.Recorder.UnitTests.dll" adapterTypeName="executor://mstestadapter/v2" className="VideoOS.Recorder.UnitTests.WebServer.ImageServerRequestHandlerTests" name="ConnectSuccess_Goto_Before_Time" />
    </UnitTest>
    <UnitTest name="ConnectFailed_UnknownTrack" storage="d:\actions-runner\_work\xpco\xpco\corporate\recordingserver\recorderservice\tst\videoos.recorder.unittests\bin\x64\debug\net472\videoos.recorder.unittests.dll" id="7cf9a21e-1b42-088a-97b0-d7d43d1e0a16">
      <Execution id="4ce70ca9-9979-4308-859d-10d08be8b6ca" />
      <TestMethod codeBase="D:\actions-runner\_work\XPCO\XPCO\Corporate\RecordingServer\RecorderService\tst\VideoOS.Recorder.UnitTests\bin\x64\Debug\net472\VideoOS.Recorder.UnitTests.dll" adapterTypeName="executor://mstestadapter/v2" className="VideoOS.Recorder.UnitTests.WebServer.ImageServerRequestHandlerTests" name="ConnectFailed_UnknownTrack" />
    </UnitTest>
    <UnitTest name="ResponseController_ExceptionResponseNullInput_BadRequestResult" storage="d:\actions-runner\_work\xpco\xpco\corporate\recordingserver\recorderservice\tst\videoos.recorder.unittests\bin\x64\debug\net472\videoos.recorder.unittests.dll" id="c596aa43-a71d-3944-184c-9b6172ad05ff">
      <Execution id="c07bcb25-5083-4cdf-931a-6395981ddcd6" />
      <TestMethod codeBase="D:\actions-runner\_work\XPCO\XPCO\Corporate\RecordingServer\RecorderService\tst\VideoOS.Recorder.UnitTests\bin\x64\Debug\net472\VideoOS.Recorder.UnitTests.dll" adapterTypeName="executor://mstestadapter/v2" className="VideoOS.Recorder.UnitTests.ResponseControllerTests" name="ResponseController_ExceptionResponseNullInput_BadRequestResult" />
    </UnitTest>
    <UnitTest name="PtzStopSessionCommandHandler_Execute_PtzException_DeviceNotFound" storage="d:\actions-runner\_work\xpco\xpco\corporate\recordingserver\recorderservice\tst\videoos.recorder.unittests\bin\x64\debug\net472\videoos.recorder.unittests.dll" id="4036f975-aabb-537e-f8ee-99a9334a5210">
      <Execution id="93c887fc-f768-4a33-b898-34e958cf017b" />
      <TestMethod codeBase="D:\actions-runner\_work\XPCO\XPCO\Corporate\RecordingServer\RecorderService\tst\VideoOS.Recorder.UnitTests\bin\x64\Debug\net472\VideoOS.Recorder.UnitTests.dll" adapterTypeName="executor://mstestadapter/v2" className="VideoOS.Recorder.UnitTests.Command.PtzStopSessionCommandHandlerTest" name="PtzStopSessionCommandHandler_Execute_PtzException_DeviceNotFound" />
    </UnitTest>
    <UnitTest name="EdgeStorageLimitsManagerGetLimitsCheckConfigUpdatesParallelLimitDifferent" storage="d:\actions-runner\_work\xpco\xpco\corporate\recordingserver\recorderservice\tst\videoos.recorder.unittests\bin\x64\debug\net472\videoos.recorder.unittests.dll" id="35ce816e-bf40-9fe0-7322-993123e1696a">
      <TestCategory>
        <TestCategoryItem TestCategory="EdgeStorageLimits" />
      </TestCategory>
      <Execution id="3facca59-2519-441c-a7ff-21171e43cc04" />
      <TestMethod codeBase="D:\actions-runner\_work\XPCO\XPCO\Corporate\RecordingServer\RecorderService\tst\VideoOS.Recorder.UnitTests\bin\x64\Debug\net472\VideoOS.Recorder.UnitTests.dll" adapterTypeName="executor://mstestadapter/v2" className="VideoOS.Recorder.UnitTests.EdgeStorage.EdgeStorageLimitTests" name="EdgeStorageLimitsManagerGetLimitsCheckConfigUpdatesParallelLimitDifferent" />
    </UnitTest>
    <UnitTest name="PtzManager_Constructor_Success" storage="d:\actions-runner\_work\xpco\xpco\corporate\recordingserver\recorderservice\tst\videoos.recorder.unittests\bin\x64\debug\net472\videoos.recorder.unittests.dll" id="0e175f94-dc91-8e36-fedf-5c1583d8241e">
      <Execution id="738a40bc-5081-40fa-a51d-4596952fe8b9" />
      <TestMethod codeBase="D:\actions-runner\_work\XPCO\XPCO\Corporate\RecordingServer\RecorderService\tst\VideoOS.Recorder.UnitTests\bin\x64\Debug\net472\VideoOS.Recorder.UnitTests.dll" adapterTypeName="executor://mstestadapter/v2" className="VideoOS.Recorder.UnitTests.Command.PtzManagerTests" name="PtzManager_Constructor_Success" />
    </UnitTest>
    <UnitTest name="ResponseController_ValidExceptionResponse_ValidExceptionResponseCalledOnCommManager" storage="d:\actions-runner\_work\xpco\xpco\corporate\recordingserver\recorderservice\tst\videoos.recorder.unittests\bin\x64\debug\net472\videoos.recorder.unittests.dll" id="9935b203-8fd7-957a-4f23-5f36f1e97bed">
      <Execution id="197b18a1-5b96-4b03-8cc4-5d9c4ee092a6" />
      <TestMethod codeBase="D:\actions-runner\_work\XPCO\XPCO\Corporate\RecordingServer\RecorderService\tst\VideoOS.Recorder.UnitTests\bin\x64\Debug\net472\VideoOS.Recorder.UnitTests.dll" adapterTypeName="executor://mstestadapter/v2" className="VideoOS.Recorder.UnitTests.ResponseControllerTests" name="ResponseController_ValidExceptionResponse_ValidExceptionResponseCalledOnCommManager" />
    </UnitTest>
    <UnitTest name="GetStatistics_Not_Updated_Returns_100_Pct_Fps" storage="d:\actions-runner\_work\xpco\xpco\corporate\recordingserver\recorderservice\tst\videoos.recorder.unittests\bin\x64\debug\net472\videoos.recorder.unittests.dll" id="0d20a752-7960-da74-be07-a279dff8804b">
      <TestCategory>
        <TestCategoryItem TestCategory="PipelineRecordingStatistics" />
      </TestCategory>
      <Execution id="276ffd18-bc94-4e01-8963-7f70f88cb947" />
      <TestMethod codeBase="D:\actions-runner\_work\XPCO\XPCO\Corporate\RecordingServer\RecorderService\tst\VideoOS.Recorder.UnitTests\bin\x64\Debug\net472\VideoOS.Recorder.UnitTests.dll" adapterTypeName="executor://mstestadapter/v2" className="VideoOS.Recorder.UnitTests.ObjectModel.Processors.PipelineRecordingStatisticsTests" name="GetStatistics_Not_Updated_Returns_100_Pct_Fps" />
    </UnitTest>
    <UnitTest name="SOAPCommandRequestHandler_ExecuteFunction_HandleMulticastContinue_Success" storage="d:\actions-runner\_work\xpco\xpco\corporate\recordingserver\recorderservice\tst\videoos.recorder.unittests\bin\x64\debug\net472\videoos.recorder.unittests.dll" id="9b14ca91-25cd-257b-17f2-e1b151f28db5">
      <Execution id="88ef42d3-99dd-4caf-9c0d-c74b7bf131f8" />
      <TestMethod codeBase="D:\actions-runner\_work\XPCO\XPCO\Corporate\RecordingServer\RecorderService\tst\VideoOS.Recorder.UnitTests\bin\x64\Debug\net472\VideoOS.Recorder.UnitTests.dll" adapterTypeName="executor://mstestadapter/v2" className="VideoOS.Recorder.UnitTests.WebServer.SOAPCommandRequestHandlerTests" name="SOAPCommandRequestHandler_ExecuteFunction_HandleMulticastContinue_Success" />
    </UnitTest>
    <UnitTest name="SOAPCommandRequestHandler_ExecuteFunction_HandleTimeLineInformationGet_No_Metadata_Security" storage="d:\actions-runner\_work\xpco\xpco\corporate\recordingserver\recorderservice\tst\videoos.recorder.unittests\bin\x64\debug\net472\videoos.recorder.unittests.dll" id="522171e3-c016-9bea-7785-95a29e3d413b">
      <Execution id="70021871-83c2-433d-81c9-a906765f270a" />
      <TestMethod codeBase="D:\actions-runner\_work\XPCO\XPCO\Corporate\RecordingServer\RecorderService\tst\VideoOS.Recorder.UnitTests\bin\x64\Debug\net472\VideoOS.Recorder.UnitTests.dll" adapterTypeName="executor://mstestadapter/v2" className="VideoOS.Recorder.UnitTests.WebServer.SOAPCommandRequestHandlerTests" name="SOAPCommandRequestHandler_ExecuteFunction_HandleTimeLineInformationGet_No_Metadata_Security" />
    </UnitTest>
    <UnitTest name="MediaDbCache_GetListFileSystemDiskUsage_Timeout" storage="d:\actions-runner\_work\xpco\xpco\corporate\recordingserver\recorderservice\tst\videoos.recorder.unittests\bin\x64\debug\net472\videoos.recorder.unittests.dll" id="b4898590-9558-754a-1593-f9bac79dc377">
      <Execution id="5a421bf1-1d95-4983-a61b-50f3cfbee3e2" />
      <TestMethod codeBase="D:\actions-runner\_work\XPCO\XPCO\Corporate\RecordingServer\RecorderService\tst\VideoOS.Recorder.UnitTests\bin\x64\Debug\net472\VideoOS.Recorder.UnitTests.dll" adapterTypeName="executor://mstestadapter/v2" className="VideoOS.Recorder.UnitTests.Database.MediaDbCacheUnitTests" name="MediaDbCache_GetListFileSystemDiskUsage_Timeout" />
    </UnitTest>
    <UnitTest name="CheckExternalRecorderRegistrationCommandHandler_Execute_ExternalRecorder_NotRegistered_FalseResponse" storage="d:\actions-runner\_work\xpco\xpco\corporate\recordingserver\recorderservice\tst\videoos.recorder.unittests\bin\x64\debug\net472\videoos.recorder.unittests.dll" id="b210d3c8-e939-8b37-3853-3d2090da2b35">
      <Execution id="8937380a-f3b6-4204-b25e-f397c142aed8" />
      <TestMethod codeBase="D:\actions-runner\_work\XPCO\XPCO\Corporate\RecordingServer\RecorderService\tst\VideoOS.Recorder.UnitTests\bin\x64\Debug\net472\VideoOS.Recorder.UnitTests.dll" adapterTypeName="executor://mstestadapter/v2" className="VideoOS.Recorder.UnitTests.Command.CheckExternalRecorderRegistrationCommandHandlerUnitTests" name="CheckExternalRecorderRegistrationCommandHandler_Execute_ExternalRecorder_NotRegistered_FalseResponse" />
    </UnitTest>
    <UnitTest name="SetNetworkConfigurationCommandHandler_Execute_SetNetworkConfiguration_ThrowsMemoryException_Throws" storage="d:\actions-runner\_work\xpco\xpco\corporate\recordingserver\recorderservice\tst\videoos.recorder.unittests\bin\x64\debug\net472\videoos.recorder.unittests.dll" id="ee4f26e4-b7e4-d508-1725-fbc0cc0efecc">
      <Execution id="db7e40a8-2a75-42ba-b6e3-9b7e6794aef5" />
      <TestMethod codeBase="D:\actions-runner\_work\XPCO\XPCO\Corporate\RecordingServer\RecorderService\tst\VideoOS.Recorder.UnitTests\bin\x64\Debug\net472\VideoOS.Recorder.UnitTests.dll" adapterTypeName="executor://mstestadapter/v2" className="VideoOS.Recorder.UnitTests.Command.SetNetworkConfigurationCommandHandlerUnitTests" name="SetNetworkConfigurationCommandHandler_Execute_SetNetworkConfiguration_ThrowsMemoryException_Throws" />
    </UnitTest>
    <UnitTest name="ConnectSuccess_End" storage="d:\actions-runner\_work\xpco\xpco\corporate\recordingserver\recorderservice\tst\videoos.recorder.unittests\bin\x64\debug\net472\videoos.recorder.unittests.dll" id="703be512-91ea-7b47-d7fb-c0bd8c9f46c1">
      <Execution id="c529f48b-e339-49c4-8aee-ef891fa869fa" />
      <TestMethod codeBase="D:\actions-runner\_work\XPCO\XPCO\Corporate\RecordingServer\RecorderService\tst\VideoOS.Recorder.UnitTests\bin\x64\Debug\net472\VideoOS.Recorder.UnitTests.dll" adapterTypeName="executor://mstestadapter/v2" className="VideoOS.Recorder.UnitTests.WebServer.ImageServerRequestHandlerTests" name="ConnectSuccess_End" />
    </UnitTest>
    <UnitTest name="FileUploadCommandHandler_Constructor_NullArg_Throws" storage="d:\actions-runner\_work\xpco\xpco\corporate\recordingserver\recorderservice\tst\videoos.recorder.unittests\bin\x64\debug\net472\videoos.recorder.unittests.dll" id="4aa1f8d1-4091-90cf-7b24-3ca2bebcf71b">
      <Execution id="cb6113f8-2233-4fcf-a6ab-bcb56a55ad9a" />
      <TestMethod codeBase="D:\actions-runner\_work\XPCO\XPCO\Corporate\RecordingServer\RecorderService\tst\VideoOS.Recorder.UnitTests\bin\x64\Debug\net472\VideoOS.Recorder.UnitTests.dll" adapterTypeName="executor://mstestadapter/v2" className="VideoOS.Recorder.UnitTests.Command.FileUploadCommandHandlerUnitTests" name="FileUploadCommandHandler_Constructor_NullArg_Throws" />
    </UnitTest>
    <UnitTest name="FilterTrackIdsToThoseThatShouldNotHaveMediaOnRecorder_InternalStateStartedNoTasks_ReturnsEmptyArray" storage="d:\actions-runner\_work\xpco\xpco\corporate\recordingserver\recorderservice\tst\videoos.recorder.unittests\bin\x64\debug\net472\videoos.recorder.unittests.dll" id="075fcecb-44cd-df6e-55bf-ba09e624e1d1">
      <Execution id="a44a8b63-6d47-4919-bfbb-7130ee890c5f" />
      <TestMethod codeBase="D:\actions-runner\_work\XPCO\XPCO\Corporate\RecordingServer\RecorderService\tst\VideoOS.Recorder.UnitTests\bin\x64\Debug\net472\VideoOS.Recorder.UnitTests.dll" adapterTypeName="executor://mstestadapter/v2" className="VideoOS.Recorder.UnitTests.CommManagerWebApiTests" name="FilterTrackIdsToThoseThatShouldNotHaveMediaOnRecorder_InternalStateStartedNoTasks_ReturnsEmptyArray" />
    </UnitTest>
    <UnitTest name="PtzManualSession_OnBeforeExecuteRequest_NotRunning" storage="d:\actions-runner\_work\xpco\xpco\corporate\recordingserver\recorderservice\tst\videoos.recorder.unittests\bin\x64\debug\net472\videoos.recorder.unittests.dll" id="4759d55f-49a3-0ea7-167a-01f5ecbcbaf8">
      <Execution id="ca229158-a075-494d-bd41-e6b234166698" />
      <TestMethod codeBase="D:\actions-runner\_work\XPCO\XPCO\Corporate\RecordingServer\RecorderService\tst\VideoOS.Recorder.UnitTests\bin\x64\Debug\net472\VideoOS.Recorder.UnitTests.dll" adapterTypeName="executor://mstestadapter/v2" className="VideoOS.Recorder.UnitTests.Command.PtzSessionsTests" name="PtzManualSession_OnBeforeExecuteRequest_NotRunning" />
    </UnitTest>
    <UnitTest name="EdgeStorageLimitsCheckBandwidthWithLimitElapsedTimeBig" storage="d:\actions-runner\_work\xpco\xpco\corporate\recordingserver\recorderservice\tst\videoos.recorder.unittests\bin\x64\debug\net472\videoos.recorder.unittests.dll" id="837feaec-71be-373c-0f5a-e0b05c8ea6db">
      <TestCategory>
        <TestCategoryItem TestCategory="EdgeStorageLimits" />
      </TestCategory>
      <Execution id="c0527be8-1664-45dd-939b-dae92b86590b" />
      <TestMethod codeBase="D:\actions-runner\_work\XPCO\XPCO\Corporate\RecordingServer\RecorderService\tst\VideoOS.Recorder.UnitTests\bin\x64\Debug\net472\VideoOS.Recorder.UnitTests.dll" adapterTypeName="executor://mstestadapter/v2" className="VideoOS.Recorder.UnitTests.EdgeStorage.EdgeStorageLimitTests" name="EdgeStorageLimitsCheckBandwidthWithLimitElapsedTimeBig" />
    </UnitTest>
    <UnitTest name="PopulateAuthorizationHeaderAsync_ContentIsNotJson_WebApiException" storage="d:\actions-runner\_work\xpco\xpco\corporate\recordingserver\recorderservice\tst\videoos.recorder.unittests\bin\x64\debug\net472\videoos.recorder.unittests.dll" id="233d0fdf-b96e-c746-7787-2e5bd7a693cf">
      <Execution id="4bb2c824-f226-4a16-8277-cc2964265718" />
      <TestMethod codeBase="D:\actions-runner\_work\XPCO\XPCO\Corporate\RecordingServer\RecorderService\tst\VideoOS.Recorder.UnitTests\bin\x64\Debug\net472\VideoOS.Recorder.UnitTests.dll" adapterTypeName="executor://mstestadapter/v2" className="VideoOS.Recorder.UnitTests.ServerCommunication.RecorderAccessTokenHandlerTests" name="PopulateAuthorizationHeaderAsync_ContentIsNotJson_WebApiException" />
    </UnitTest>
    <UnitTest name="SOAPCommandRequestHandler_ExecuteFunction_HandlePTZGetSessionInfo_Success" storage="d:\actions-runner\_work\xpco\xpco\corporate\recordingserver\recorderservice\tst\videoos.recorder.unittests\bin\x64\debug\net472\videoos.recorder.unittests.dll" id="40deb7ff-fb1f-6dc1-4bf4-d75d301bc388">
      <Execution id="cdb6d405-6b6f-4ccd-8fe3-4df1c38162c1" />
      <TestMethod codeBase="D:\actions-runner\_work\XPCO\XPCO\Corporate\RecordingServer\RecorderService\tst\VideoOS.Recorder.UnitTests\bin\x64\Debug\net472\VideoOS.Recorder.UnitTests.dll" adapterTypeName="executor://mstestadapter/v2" className="VideoOS.Recorder.UnitTests.WebServer.SOAPCommandRequestHandlerTests" name="SOAPCommandRequestHandler_ExecuteFunction_HandlePTZGetSessionInfo_Success" />
    </UnitTest>
    <UnitTest name="DatabaseTaskCommandHandler_DatabaseArchiveOperationMonitor_MultiplePasses_Found" storage="d:\actions-runner\_work\xpco\xpco\corporate\recordingserver\recorderservice\tst\videoos.recorder.unittests\bin\x64\debug\net472\videoos.recorder.unittests.dll" id="2a53e5e6-634c-2e15-6881-64128adc81df">
      <Execution id="2f950609-54d7-48c1-aff8-e8a8632b1b5e" />
      <TestMethod codeBase="D:\actions-runner\_work\XPCO\XPCO\Corporate\RecordingServer\RecorderService\tst\VideoOS.Recorder.UnitTests\bin\x64\Debug\net472\VideoOS.Recorder.UnitTests.dll" adapterTypeName="executor://mstestadapter/v2" className="VideoOS.Recorder.UnitTests.Command.DatabaseTaskCommandHandlerTest" name="DatabaseTaskCommandHandler_DatabaseArchiveOperationMonitor_MultiplePasses_Found" />
    </UnitTest>
    <UnitTest name="LicenseManager_QueryVisibleFeature_InvalidOperation" storage="d:\actions-runner\_work\xpco\xpco\corporate\recordingserver\recorderservice\tst\videoos.recorder.unittests\bin\x64\debug\net472\videoos.recorder.unittests.dll" id="4f83e79f-0282-c3b1-d51a-da064ad6edb6">
      <TestCategory>
        <TestCategoryItem TestCategory="Licensing" />
      </TestCategory>
      <Execution id="f262ec2c-8974-438b-92bd-1521e8568fe7" />
      <TestMethod codeBase="D:\actions-runner\_work\XPCO\XPCO\Corporate\RecordingServer\RecorderService\tst\VideoOS.Recorder.UnitTests\bin\x64\Debug\net472\VideoOS.Recorder.UnitTests.dll" adapterTypeName="executor://mstestadapter/v2" className="VideoOS.Recorder.UnitTests.Licensing.LicenseManagerUnitTests" name="LicenseManager_QueryVisibleFeature_InvalidOperation" />
    </UnitTest>
    <UnitTest name="SOAPCommandRequestHandler_ExecuteFunction_HandlePresetMoveTo_No_Security" storage="d:\actions-runner\_work\xpco\xpco\corporate\recordingserver\recorderservice\tst\videoos.recorder.unittests\bin\x64\debug\net472\videoos.recorder.unittests.dll" id="2e74faf9-d82a-af5b-1893-6f43170bdde5">
      <Execution id="8d71e1d4-7ab0-4d43-a797-3324e5a43212" />
      <TestMethod codeBase="D:\actions-runner\_work\XPCO\XPCO\Corporate\RecordingServer\RecorderService\tst\VideoOS.Recorder.UnitTests\bin\x64\Debug\net472\VideoOS.Recorder.UnitTests.dll" adapterTypeName="executor://mstestadapter/v2" className="VideoOS.Recorder.UnitTests.WebServer.SOAPCommandRequestHandlerTests" name="SOAPCommandRequestHandler_ExecuteFunction_HandlePresetMoveTo_No_Security" />
    </UnitTest>
    <UnitTest name="SOAPCommandRequestHandler_ExecuteFunction_HandlePTZRectangle_NoWidth" storage="d:\actions-runner\_work\xpco\xpco\corporate\recordingserver\recorderservice\tst\videoos.recorder.unittests\bin\x64\debug\net472\videoos.recorder.unittests.dll" id="e82afa6a-c6be-b3c6-120d-be63c58dbd69">
      <Execution id="6c65cebc-cb82-4614-ab74-06925b49400f" />
      <TestMethod codeBase="D:\actions-runner\_work\XPCO\XPCO\Corporate\RecordingServer\RecorderService\tst\VideoOS.Recorder.UnitTests\bin\x64\Debug\net472\VideoOS.Recorder.UnitTests.dll" adapterTypeName="executor://mstestadapter/v2" className="VideoOS.Recorder.UnitTests.WebServer.SOAPCommandRequestHandlerTests" name="SOAPCommandRequestHandler_ExecuteFunction_HandlePTZRectangle_NoWidth" />
    </UnitTest>
    <UnitTest name="PtzPatrollingSessionBase_OnDeviceStarted_Success" storage="d:\actions-runner\_work\xpco\xpco\corporate\recordingserver\recorderservice\tst\videoos.recorder.unittests\bin\x64\debug\net472\videoos.recorder.unittests.dll" id="0ca5341d-8f9b-cf5b-83c1-85662533be56">
      <Execution id="d791e900-fe88-40f1-a90d-78ab424fbe32" />
      <TestMethod codeBase="D:\actions-runner\_work\XPCO\XPCO\Corporate\RecordingServer\RecorderService\tst\VideoOS.Recorder.UnitTests\bin\x64\Debug\net472\VideoOS.Recorder.UnitTests.dll" adapterTypeName="executor://mstestadapter/v2" className="VideoOS.Recorder.UnitTests.Command.PtzSessionsTests" name="PtzPatrollingSessionBase_OnDeviceStarted_Success" />
    </UnitTest>
    <UnitTest name="FirmwareUpgradeCommandHandler_Execute_FirmwareUpgrade_ThrowsFirmwareUpgradeSessionAlreadyExists_Errors" storage="d:\actions-runner\_work\xpco\xpco\corporate\recordingserver\recorderservice\tst\videoos.recorder.unittests\bin\x64\debug\net472\videoos.recorder.unittests.dll" id="7901392d-3577-bf93-641d-bc76d8a8a033">
      <Execution id="83fea49a-5b5d-4f58-868a-8733500ac652" />
      <TestMethod codeBase="D:\actions-runner\_work\XPCO\XPCO\Corporate\RecordingServer\RecorderService\tst\VideoOS.Recorder.UnitTests\bin\x64\Debug\net472\VideoOS.Recorder.UnitTests.dll" adapterTypeName="executor://mstestadapter/v2" className="VideoOS.Recorder.UnitTests.Command.FirmwareUpgradeCommandHandlerUnitTests" name="FirmwareUpgradeCommandHandler_Execute_FirmwareUpgrade_ThrowsFirmwareUpgradeSessionAlreadyExists_Errors" />
    </UnitTest>
    <UnitTest name="SOAPCommandRequestHandler_ExecuteFunction_HandlePTZDeactivatePatrollingSchema_NoDeviceId" storage="d:\actions-runner\_work\xpco\xpco\corporate\recordingserver\recorderservice\tst\videoos.recorder.unittests\bin\x64\debug\net472\videoos.recorder.unittests.dll" id="baff1e4c-b682-9019-04f4-ee7c6241c8fb">
      <Execution id="7f280d68-c3b4-4462-aac9-606f14d35486" />
      <TestMethod codeBase="D:\actions-runner\_work\XPCO\XPCO\Corporate\RecordingServer\RecorderService\tst\VideoOS.Recorder.UnitTests\bin\x64\Debug\net472\VideoOS.Recorder.UnitTests.dll" adapterTypeName="executor://mstestadapter/v2" className="VideoOS.Recorder.UnitTests.WebServer.SOAPCommandRequestHandlerTests" name="SOAPCommandRequestHandler_ExecuteFunction_HandlePTZDeactivatePatrollingSchema_NoDeviceId" />
    </UnitTest>
    <UnitTest name="SOAPCommandRequestHandler_ExecuteFunction_HandlePTZReserveSession_NoDeviceId" storage="d:\actions-runner\_work\xpco\xpco\corporate\recordingserver\recorderservice\tst\videoos.recorder.unittests\bin\x64\debug\net472\videoos.recorder.unittests.dll" id="4b466b45-b55d-057d-5ed1-51385987fb8e">
      <Execution id="dce10e2d-9dc0-4eda-9006-652a49ffd705" />
      <TestMethod codeBase="D:\actions-runner\_work\XPCO\XPCO\Corporate\RecordingServer\RecorderService\tst\VideoOS.Recorder.UnitTests\bin\x64\Debug\net472\VideoOS.Recorder.UnitTests.dll" adapterTypeName="executor://mstestadapter/v2" className="VideoOS.Recorder.UnitTests.WebServer.SOAPCommandRequestHandlerTests" name="SOAPCommandRequestHandler_ExecuteFunction_HandlePTZReserveSession_NoDeviceId" />
    </UnitTest>
    <UnitTest name="CheckExternalRecorderRegistrationCommandHandler_Execute_ExternalRecorder_Registered_TrueResponse" storage="d:\actions-runner\_work\xpco\xpco\corporate\recordingserver\recorderservice\tst\videoos.recorder.unittests\bin\x64\debug\net472\videoos.recorder.unittests.dll" id="9a16ed3b-15b3-1007-93f3-42a0751d2bc3">
      <Execution id="a6f44176-4e99-4b95-9683-2e011a28036b" />
      <TestMethod codeBase="D:\actions-runner\_work\XPCO\XPCO\Corporate\RecordingServer\RecorderService\tst\VideoOS.Recorder.UnitTests\bin\x64\Debug\net472\VideoOS.Recorder.UnitTests.dll" adapterTypeName="executor://mstestadapter/v2" className="VideoOS.Recorder.UnitTests.Command.CheckExternalRecorderRegistrationCommandHandlerUnitTests" name="CheckExternalRecorderRegistrationCommandHandler_Execute_ExternalRecorder_Registered_TrueResponse" />
    </UnitTest>
    <UnitTest name="PtzPatrollingSession_Constructor_ArgumentNullException" storage="d:\actions-runner\_work\xpco\xpco\corporate\recordingserver\recorderservice\tst\videoos.recorder.unittests\bin\x64\debug\net472\videoos.recorder.unittests.dll" id="3f45c582-7055-c0c3-8a6c-b27ce510730c">
      <Execution id="bc257481-ebed-4220-bdbc-aced2c79cf45" />
      <TestMethod codeBase="D:\actions-runner\_work\XPCO\XPCO\Corporate\RecordingServer\RecorderService\tst\VideoOS.Recorder.UnitTests\bin\x64\Debug\net472\VideoOS.Recorder.UnitTests.dll" adapterTypeName="executor://mstestadapter/v2" className="VideoOS.Recorder.UnitTests.Command.PtzSessionsTests" name="PtzPatrollingSession_Constructor_ArgumentNullException" />
    </UnitTest>
    <UnitTest name="GetAbsolutePtzPosition_ModelIsValid_CommandExecuted" storage="d:\actions-runner\_work\xpco\xpco\corporate\recordingserver\recorderservice\tst\videoos.recorder.unittests\bin\x64\debug\net472\videoos.recorder.unittests.dll" id="a2cfe856-cbff-ef4a-7692-55dbde1ccd57">
      <Execution id="4d60bcf3-f913-4460-bd8f-31ff8e2c831f" />
      <TestMethod codeBase="D:\actions-runner\_work\XPCO\XPCO\Corporate\RecordingServer\RecorderService\tst\VideoOS.Recorder.UnitTests\bin\x64\Debug\net472\VideoOS.Recorder.UnitTests.dll" adapterTypeName="executor://mstestadapter/v2" className="VideoOS.Recorder.UnitTests.PtzControllerTests" name="GetAbsolutePtzPosition_ModelIsValid_CommandExecuted" />
    </UnitTest>
    <UnitTest name="Start_WithEmptyAddressesList_ShouldCompleteImmediately" storage="d:\actions-runner\_work\xpco\xpco\corporate\recordingserver\recorderservice\tst\videoos.recorder.unittests\bin\x64\debug\net472\videoos.recorder.unittests.dll" id="bfa3d061-b315-c94a-94a5-f42fe237084c">
      <Execution id="51cbb57c-1c80-4144-804c-0222e139587e" />
      <TestMethod codeBase="D:\actions-runner\_work\XPCO\XPCO\Corporate\RecordingServer\RecorderService\tst\VideoOS.Recorder.UnitTests\bin\x64\Debug\net472\VideoOS.Recorder.UnitTests.dll" adapterTypeName="executor://mstestadapter/v2" className="VideoOS.Recorder.UnitTests.DeviceDiscovery.MipDriversDiscoveryTaskTests" name="Start_WithEmptyAddressesList_ShouldCompleteImmediately" />
    </UnitTest>
    <UnitTest name="PtzManager_ActivatePatrollingSchema_Success" storage="d:\actions-runner\_work\xpco\xpco\corporate\recordingserver\recorderservice\tst\videoos.recorder.unittests\bin\x64\debug\net472\videoos.recorder.unittests.dll" id="4ab85330-3715-6760-6b66-c97c2904e0fb">
      <Execution id="408f6b24-02c1-4d2c-8566-451037479ff7" />
      <TestMethod codeBase="D:\actions-runner\_work\XPCO\XPCO\Corporate\RecordingServer\RecorderService\tst\VideoOS.Recorder.UnitTests\bin\x64\Debug\net472\VideoOS.Recorder.UnitTests.dll" adapterTypeName="executor://mstestadapter/v2" className="VideoOS.Recorder.UnitTests.Command.PtzManagerTests" name="PtzManager_ActivatePatrollingSchema_Success" />
    </UnitTest>
    <UnitTest name="DeleteHardwareUserCommandHandler_Execute_HardwareNotFound_Fails" storage="d:\actions-runner\_work\xpco\xpco\corporate\recordingserver\recorderservice\tst\videoos.recorder.unittests\bin\x64\debug\net472\videoos.recorder.unittests.dll" id="d8494be8-eca0-1496-06ad-a94cbb3fdc12">
      <Execution id="7eaef5e5-baa7-4972-993a-543382817a93" />
      <TestMethod codeBase="D:\actions-runner\_work\XPCO\XPCO\Corporate\RecordingServer\RecorderService\tst\VideoOS.Recorder.UnitTests\bin\x64\Debug\net472\VideoOS.Recorder.UnitTests.dll" adapterTypeName="executor://mstestadapter/v2" className="VideoOS.Recorder.UnitTests.Command.DeleteHardwareUserCommandHandlerTest" name="DeleteHardwareUserCommandHandler_Execute_HardwareNotFound_Fails" />
    </UnitTest>
    <UnitTest name="Dispose_HandlesExceptionsFromTask_OnExceptionThrown" storage="d:\actions-runner\_work\xpco\xpco\corporate\recordingserver\recorderservice\tst\videoos.recorder.unittests\bin\x64\debug\net472\videoos.recorder.unittests.dll" id="17ec7308-7d04-3094-3253-22c15f28cc54">
      <TestCategory>
        <TestCategoryItem TestCategory="ObjectModel.RecordingStorage" />
      </TestCategory>
      <Execution id="a2e16aee-6613-47ba-b387-0cc9548c89c9" />
      <TestMethod codeBase="D:\actions-runner\_work\XPCO\XPCO\Corporate\RecordingServer\RecorderService\tst\VideoOS.Recorder.UnitTests\bin\x64\Debug\net472\VideoOS.Recorder.UnitTests.dll" adapterTypeName="executor://mstestadapter/v2" className="VideoOS.Recorder.UnitTests.ObjectModel.RecordingStorageTests" name="Dispose_HandlesExceptionsFromTask_OnExceptionThrown" />
    </UnitTest>
    <UnitTest name="SynchronizeDevicePresets_ModelIsValid_CommandExecuted" storage="d:\actions-runner\_work\xpco\xpco\corporate\recordingserver\recorderservice\tst\videoos.recorder.unittests\bin\x64\debug\net472\videoos.recorder.unittests.dll" id="64a850ad-5e29-6e93-1ddc-00d75c2aad72">
      <Execution id="7266bb8c-7449-4766-a20e-9e641a287c9f" />
      <TestMethod codeBase="D:\actions-runner\_work\XPCO\XPCO\Corporate\RecordingServer\RecorderService\tst\VideoOS.Recorder.UnitTests\bin\x64\Debug\net472\VideoOS.Recorder.UnitTests.dll" adapterTypeName="executor://mstestadapter/v2" className="VideoOS.Recorder.UnitTests.PtzControllerTests" name="SynchronizeDevicePresets_ModelIsValid_CommandExecuted" />
    </UnitTest>
    <UnitTest name="SOAPCommandRequestHandler_ExecuteFunction_HandlePTZMoveAbsolute_NoDeviceId" storage="d:\actions-runner\_work\xpco\xpco\corporate\recordingserver\recorderservice\tst\videoos.recorder.unittests\bin\x64\debug\net472\videoos.recorder.unittests.dll" id="3b282e31-e662-2209-1675-06885da7712c">
      <Execution id="7504b14a-e93c-401b-8dc8-01b7ff46407b" />
      <TestMethod codeBase="D:\actions-runner\_work\XPCO\XPCO\Corporate\RecordingServer\RecorderService\tst\VideoOS.Recorder.UnitTests\bin\x64\Debug\net472\VideoOS.Recorder.UnitTests.dll" adapterTypeName="executor://mstestadapter/v2" className="VideoOS.Recorder.UnitTests.WebServer.SOAPCommandRequestHandlerTests" name="SOAPCommandRequestHandler_ExecuteFunction_HandlePTZMoveAbsolute_NoDeviceId" />
    </UnitTest>
    <UnitTest name="ConnectFailed_TokenInvalid" storage="d:\actions-runner\_work\xpco\xpco\corporate\recordingserver\recorderservice\tst\videoos.recorder.unittests\bin\x64\debug\net472\videoos.recorder.unittests.dll" id="73433b47-eaba-3e3a-a433-dcdfa7c5634e">
      <Execution id="65478467-c968-45b9-af53-5422ed2e9303" />
      <TestMethod codeBase="D:\actions-runner\_work\XPCO\XPCO\Corporate\RecordingServer\RecorderService\tst\VideoOS.Recorder.UnitTests\bin\x64\Debug\net472\VideoOS.Recorder.UnitTests.dll" adapterTypeName="executor://mstestadapter/v2" className="VideoOS.Recorder.UnitTests.WebServer.ImageServerRequestHandlerTests" name="ConnectFailed_TokenInvalid" />
    </UnitTest>
    <UnitTest name="SOAPCommandRequestHandler_ExecuteFunction_HandlePTZMoveStart_No_Priority" storage="d:\actions-runner\_work\xpco\xpco\corporate\recordingserver\recorderservice\tst\videoos.recorder.unittests\bin\x64\debug\net472\videoos.recorder.unittests.dll" id="f169f7f2-5376-4022-cc02-e7e57970d2db">
      <Execution id="3b0a7239-7fc7-47c8-9ac2-35a21a180177" />
      <TestMethod codeBase="D:\actions-runner\_work\XPCO\XPCO\Corporate\RecordingServer\RecorderService\tst\VideoOS.Recorder.UnitTests\bin\x64\Debug\net472\VideoOS.Recorder.UnitTests.dll" adapterTypeName="executor://mstestadapter/v2" className="VideoOS.Recorder.UnitTests.WebServer.SOAPCommandRequestHandlerTests" name="SOAPCommandRequestHandler_ExecuteFunction_HandlePTZMoveStart_No_Priority" />
    </UnitTest>
    <UnitTest name="SOAPCommandRequestHandler_ExecuteFunction_HandleTimeLineInformationGet_No_Speaker_Security" storage="d:\actions-runner\_work\xpco\xpco\corporate\recordingserver\recorderservice\tst\videoos.recorder.unittests\bin\x64\debug\net472\videoos.recorder.unittests.dll" id="e1fa1536-4979-0f56-a61e-4c8bdc511740">
      <Execution id="c28c6816-b755-4750-ac8f-7203b9fa3ed2" />
      <TestMethod codeBase="D:\actions-runner\_work\XPCO\XPCO\Corporate\RecordingServer\RecorderService\tst\VideoOS.Recorder.UnitTests\bin\x64\Debug\net472\VideoOS.Recorder.UnitTests.dll" adapterTypeName="executor://mstestadapter/v2" className="VideoOS.Recorder.UnitTests.WebServer.SOAPCommandRequestHandlerTests" name="SOAPCommandRequestHandler_ExecuteFunction_HandleTimeLineInformationGet_No_Speaker_Security" />
    </UnitTest>
    <UnitTest name="ChangeHardwarePasswordCommandHandler_Execute_NullArgs_Throws" storage="d:\actions-runner\_work\xpco\xpco\corporate\recordingserver\recorderservice\tst\videoos.recorder.unittests\bin\x64\debug\net472\videoos.recorder.unittests.dll" id="e43a90f4-de92-83c8-763d-039a5712ec18">
      <Execution id="3fbf69ec-4d76-4ef6-8a7f-9b1d44ff489e" />
      <TestMethod codeBase="D:\actions-runner\_work\XPCO\XPCO\Corporate\RecordingServer\RecorderService\tst\VideoOS.Recorder.UnitTests\bin\x64\Debug\net472\VideoOS.Recorder.UnitTests.dll" adapterTypeName="executor://mstestadapter/v2" className="VideoOS.Recorder.UnitTests.Command.ChangeHardwarePasswordCommandHandlerUnitTests" name="ChangeHardwarePasswordCommandHandler_Execute_NullArgs_Throws" />
    </UnitTest>
    <UnitTest name="SOAPCommandRequestHandler_ExecuteFunction_HandlePTZReleaseSession_NoDeviceId" storage="d:\actions-runner\_work\xpco\xpco\corporate\recordingserver\recorderservice\tst\videoos.recorder.unittests\bin\x64\debug\net472\videoos.recorder.unittests.dll" id="6325daee-cf8a-a37b-1083-aec848ba8eaa">
      <Execution id="08529334-5da2-4214-b285-b93fda381832" />
      <TestMethod codeBase="D:\actions-runner\_work\XPCO\XPCO\Corporate\RecordingServer\RecorderService\tst\VideoOS.Recorder.UnitTests\bin\x64\Debug\net472\VideoOS.Recorder.UnitTests.dll" adapterTypeName="executor://mstestadapter/v2" className="VideoOS.Recorder.UnitTests.WebServer.SOAPCommandRequestHandlerTests" name="SOAPCommandRequestHandler_ExecuteFunction_HandlePTZReleaseSession_NoDeviceId" />
    </UnitTest>
    <UnitTest name="Ctor_Null_Throws_ArgumentNullException" storage="d:\actions-runner\_work\xpco\xpco\corporate\recordingserver\recorderservice\tst\videoos.recorder.unittests\bin\x64\debug\net472\videoos.recorder.unittests.dll" id="05ff1802-02e0-caac-c581-abbda79bfe56">
      <Execution id="2072bfad-bd33-471e-97a0-6f66bdb14993" />
      <TestMethod codeBase="D:\actions-runner\_work\XPCO\XPCO\Corporate\RecordingServer\RecorderService\tst\VideoOS.Recorder.UnitTests\bin\x64\Debug\net472\VideoOS.Recorder.UnitTests.dll" adapterTypeName="executor://mstestadapter/v2" className="VideoOS.Recorder.UnitTests.Multicast.LiveMulticastProcessorUnitTests" name="Ctor_Null_Throws_ArgumentNullException" />
    </UnitTest>
    <UnitTest name="SetNetworkConfigurationCommandHandler_Execute_SetNetworkConfiguration_ThrowsNoHardwareAccess_Errors" storage="d:\actions-runner\_work\xpco\xpco\corporate\recordingserver\recorderservice\tst\videoos.recorder.unittests\bin\x64\debug\net472\videoos.recorder.unittests.dll" id="23b815c5-4d23-70cb-0402-9d0899ee10d1">
      <Execution id="f2a10804-87a9-4a14-9983-afda01dc43cd" />
      <TestMethod codeBase="D:\actions-runner\_work\XPCO\XPCO\Corporate\RecordingServer\RecorderService\tst\VideoOS.Recorder.UnitTests\bin\x64\Debug\net472\VideoOS.Recorder.UnitTests.dll" adapterTypeName="executor://mstestadapter/v2" className="VideoOS.Recorder.UnitTests.Command.SetNetworkConfigurationCommandHandlerUnitTests" name="SetNetworkConfigurationCommandHandler_Execute_SetNetworkConfiguration_ThrowsNoHardwareAccess_Errors" />
    </UnitTest>
    <UnitTest name="PtzManager_Constructor_ArgumentNullException" storage="d:\actions-runner\_work\xpco\xpco\corporate\recordingserver\recorderservice\tst\videoos.recorder.unittests\bin\x64\debug\net472\videoos.recorder.unittests.dll" id="a499118d-35ef-b266-7ef2-2ca0b387f1f0">
      <Execution id="9b1f5241-aa2f-4ddb-a08e-e41305e67ee3" />
      <TestMethod codeBase="D:\actions-runner\_work\XPCO\XPCO\Corporate\RecordingServer\RecorderService\tst\VideoOS.Recorder.UnitTests\bin\x64\Debug\net472\VideoOS.Recorder.UnitTests.dll" adapterTypeName="executor://mstestadapter/v2" className="VideoOS.Recorder.UnitTests.Command.PtzManagerTests" name="PtzManager_Constructor_ArgumentNullException" />
    </UnitTest>
    <UnitTest name="CheckDeleteDeviceMediaCommandHandler_LocalConfigEmpty_MediaDbG1_NoExistedTracks_DeviceNotStopped_NoDelete" storage="d:\actions-runner\_work\xpco\xpco\corporate\recordingserver\recorderservice\tst\videoos.recorder.unittests\bin\x64\debug\net472\videoos.recorder.unittests.dll" id="5336cade-c3b9-8ee6-22d0-aec741cfd9c1">
      <Execution id="be82f795-c660-4d2f-b64a-de5371661dc8" />
      <TestMethod codeBase="D:\actions-runner\_work\XPCO\XPCO\Corporate\RecordingServer\RecorderService\tst\VideoOS.Recorder.UnitTests\bin\x64\Debug\net472\VideoOS.Recorder.UnitTests.dll" adapterTypeName="executor://mstestadapter/v2" className="VideoOS.Recorder.UnitTests.Command.CheckDeleteDeviceMediaCommandHandlerTests" name="CheckDeleteDeviceMediaCommandHandler_LocalConfigEmpty_MediaDbG1_NoExistedTracks_DeviceNotStopped_NoDelete" />
    </UnitTest>
    <UnitTest name="ConstructAndCallMethodsForNotConfiguredNotCamera" storage="d:\actions-runner\_work\xpco\xpco\corporate\recordingserver\recorderservice\tst\videoos.recorder.unittests\bin\x64\debug\net472\videoos.recorder.unittests.dll" id="a29f3c96-61ec-8d2e-3d4e-4d7c87633011">
      <TestCategory>
        <TestCategoryItem TestCategory="ObjectModel.Device.RelatedDeviceHandler" />
      </TestCategory>
      <Execution id="73a300cd-166d-4ee8-bade-c3e129503450" />
      <TestMethod codeBase="D:\actions-runner\_work\XPCO\XPCO\Corporate\RecordingServer\RecorderService\tst\VideoOS.Recorder.UnitTests\bin\x64\Debug\net472\VideoOS.Recorder.UnitTests.dll" adapterTypeName="executor://mstestadapter/v2" className="VideoOS.Recorder.UnitTests.ObjectModel.RelatedDeviceHandlerTest" name="ConstructAndCallMethodsForNotConfiguredNotCamera" />
    </UnitTest>
    <UnitTest name="TestLiveTableStatusCreatedWithTableExists" storage="d:\actions-runner\_work\xpco\xpco\corporate\recordingserver\recorderservice\tst\videoos.recorder.unittests\bin\x64\debug\net472\videoos.recorder.unittests.dll" id="747d4eb4-0e1e-7882-20c3-6bddaa2d9376">
      <Execution id="15277734-b015-416d-b63e-add6d198648e" />
      <TestMethod codeBase="D:\actions-runner\_work\XPCO\XPCO\Corporate\RecordingServer\RecorderService\tst\VideoOS.Recorder.UnitTests\bin\x64\Debug\net472\VideoOS.Recorder.UnitTests.dll" adapterTypeName="executor://mstestadapter/v2" className="VideoOS.Recorder.UnitTests.Database.MediaDbLiveTableRegistrationTests" name="TestLiveTableStatusCreatedWithTableExists" />
    </UnitTest>
    <UnitTest name="EdgeStorageLimitsCheckBandwidthNoLimit" storage="d:\actions-runner\_work\xpco\xpco\corporate\recordingserver\recorderservice\tst\videoos.recorder.unittests\bin\x64\debug\net472\videoos.recorder.unittests.dll" id="ebc835dd-627e-352c-492e-584b9a5879f9">
      <TestCategory>
        <TestCategoryItem TestCategory="EdgeStorageLimits" />
      </TestCategory>
      <Execution id="43cbe62d-3102-40fa-8957-3c2cd8888711" />
      <TestMethod codeBase="D:\actions-runner\_work\XPCO\XPCO\Corporate\RecordingServer\RecorderService\tst\VideoOS.Recorder.UnitTests\bin\x64\Debug\net472\VideoOS.Recorder.UnitTests.dll" adapterTypeName="executor://mstestadapter/v2" className="VideoOS.Recorder.UnitTests.EdgeStorage.EdgeStorageLimitTests" name="EdgeStorageLimitsCheckBandwidthNoLimit" />
    </UnitTest>
    <UnitTest name="Constructor_TimerIsNull_ArgumentNullException" storage="d:\actions-runner\_work\xpco\xpco\corporate\recordingserver\recorderservice\tst\videoos.recorder.unittests\bin\x64\debug\net472\videoos.recorder.unittests.dll" id="6b8f630c-afdd-dd9f-a40a-fa7a6cdec1ef">
      <Execution id="93a0c1ea-7e80-4d80-8bab-410a0fdb5e42" />
      <TestMethod codeBase="D:\actions-runner\_work\XPCO\XPCO\Corporate\RecordingServer\RecorderService\tst\VideoOS.Recorder.UnitTests\bin\x64\Debug\net472\VideoOS.Recorder.UnitTests.dll" adapterTypeName="executor://mstestadapter/v2" className="VideoOS.Recorder.UnitTests.PingManagerTests" name="Constructor_TimerIsNull_ArgumentNullException" />
    </UnitTest>
    <UnitTest name="DeleteHardwareUserCommandHandler_Execute_AccessDenied_Error" storage="d:\actions-runner\_work\xpco\xpco\corporate\recordingserver\recorderservice\tst\videoos.recorder.unittests\bin\x64\debug\net472\videoos.recorder.unittests.dll" id="847a0fa3-5d84-62ca-d516-b826e9ef6eea">
      <Execution id="eb169bd4-97a9-47fa-9477-dde05d45ce77" />
      <TestMethod codeBase="D:\actions-runner\_work\XPCO\XPCO\Corporate\RecordingServer\RecorderService\tst\VideoOS.Recorder.UnitTests\bin\x64\Debug\net472\VideoOS.Recorder.UnitTests.dll" adapterTypeName="executor://mstestadapter/v2" className="VideoOS.Recorder.UnitTests.Command.DeleteHardwareUserCommandHandlerTest" name="DeleteHardwareUserCommandHandler_Execute_AccessDenied_Error" />
    </UnitTest>
    <UnitTest name="ConnectFailed_DeviceDisabled" storage="d:\actions-runner\_work\xpco\xpco\corporate\recordingserver\recorderservice\tst\videoos.recorder.unittests\bin\x64\debug\net472\videoos.recorder.unittests.dll" id="ef5c9134-9612-2b86-7a01-cd472bba9065">
      <Execution id="a773ed32-f030-4416-9b75-e75630e48ee2" />
      <TestMethod codeBase="D:\actions-runner\_work\XPCO\XPCO\Corporate\RecordingServer\RecorderService\tst\VideoOS.Recorder.UnitTests\bin\x64\Debug\net472\VideoOS.Recorder.UnitTests.dll" adapterTypeName="executor://mstestadapter/v2" className="VideoOS.Recorder.UnitTests.WebServer.ImageServerRequestHandlerTests" name="ConnectFailed_DeviceDisabled" />
    </UnitTest>
    <UnitTest name="PtzManager_SetConfiguration_Success" storage="d:\actions-runner\_work\xpco\xpco\corporate\recordingserver\recorderservice\tst\videoos.recorder.unittests\bin\x64\debug\net472\videoos.recorder.unittests.dll" id="4d35923a-0ff1-6989-6f70-f96054d7fe14">
      <Execution id="a17f71a2-d5a4-437d-852e-5cf749990da2" />
      <TestMethod codeBase="D:\actions-runner\_work\XPCO\XPCO\Corporate\RecordingServer\RecorderService\tst\VideoOS.Recorder.UnitTests\bin\x64\Debug\net472\VideoOS.Recorder.UnitTests.dll" adapterTypeName="executor://mstestadapter/v2" className="VideoOS.Recorder.UnitTests.Command.PtzManagerTests" name="PtzManager_SetConfiguration_Success" />
    </UnitTest>
    <UnitTest name="PtzReserveSessionCommandHandler_Execute_DriverPtzException" storage="d:\actions-runner\_work\xpco\xpco\corporate\recordingserver\recorderservice\tst\videoos.recorder.unittests\bin\x64\debug\net472\videoos.recorder.unittests.dll" id="86f22bb5-31da-5485-1f85-12995044f993">
      <Execution id="82e76f86-582f-4bde-b63f-e00d0eab2416" />
      <TestMethod codeBase="D:\actions-runner\_work\XPCO\XPCO\Corporate\RecordingServer\RecorderService\tst\VideoOS.Recorder.UnitTests\bin\x64\Debug\net472\VideoOS.Recorder.UnitTests.dll" adapterTypeName="executor://mstestadapter/v2" className="VideoOS.Recorder.UnitTests.Command.PtzReserveSessionCommandHandlerTest" name="PtzReserveSessionCommandHandler_Execute_DriverPtzException" />
    </UnitTest>
    <UnitTest name="EdgeStorageLimitsCheckBandwidthWithLimitExceededMaxWait" storage="d:\actions-runner\_work\xpco\xpco\corporate\recordingserver\recorderservice\tst\videoos.recorder.unittests\bin\x64\debug\net472\videoos.recorder.unittests.dll" id="0996da3d-5125-1586-6301-d0ce39bfc9f0">
      <TestCategory>
        <TestCategoryItem TestCategory="EdgeStorageLimits" />
      </TestCategory>
      <Execution id="b662547b-27b7-48b8-a730-f260b5ada327" />
      <TestMethod codeBase="D:\actions-runner\_work\XPCO\XPCO\Corporate\RecordingServer\RecorderService\tst\VideoOS.Recorder.UnitTests\bin\x64\Debug\net472\VideoOS.Recorder.UnitTests.dll" adapterTypeName="executor://mstestadapter/v2" className="VideoOS.Recorder.UnitTests.EdgeStorage.EdgeStorageLimitTests" name="EdgeStorageLimitsCheckBandwidthWithLimitExceededMaxWait" />
    </UnitTest>
    <UnitTest name="GetHardwareUsersCommandHandler_Execute_GetHardwareUsersResponseReturned" storage="d:\actions-runner\_work\xpco\xpco\corporate\recordingserver\recorderservice\tst\videoos.recorder.unittests\bin\x64\debug\net472\videoos.recorder.unittests.dll" id="edeb0151-49f5-2be5-1026-0c32117b919b">
      <Execution id="b319c4a7-61b5-4381-8fd5-e23569c35d60" />
      <TestMethod codeBase="D:\actions-runner\_work\XPCO\XPCO\Corporate\RecordingServer\RecorderService\tst\VideoOS.Recorder.UnitTests\bin\x64\Debug\net472\VideoOS.Recorder.UnitTests.dll" adapterTypeName="executor://mstestadapter/v2" className="VideoOS.Recorder.UnitTests.Command.GetHardwareUsersCommandHandlerUnitTests" name="GetHardwareUsersCommandHandler_Execute_GetHardwareUsersResponseReturned" />
    </UnitTest>
    <UnitTest name="DriverProxyInstanceManager_AddMultipleHardware_AddedToProxyInstances" storage="d:\actions-runner\_work\xpco\xpco\corporate\recordingserver\recorderservice\tst\videoos.recorder.unittests\bin\x64\debug\net472\videoos.recorder.unittests.dll" id="8cf37d7b-ab2b-9d8b-5903-16a8f3409c01">
      <Execution id="3e91b059-6a7d-4a22-93c3-6d19162b14da" />
      <TestMethod codeBase="D:\actions-runner\_work\XPCO\XPCO\Corporate\RecordingServer\RecorderService\tst\VideoOS.Recorder.UnitTests\bin\x64\Debug\net472\VideoOS.Recorder.UnitTests.dll" adapterTypeName="executor://mstestadapter/v2" className="VideoOS.Recorder.UnitTests.DriverProxyInstanceManagerTests" name="DriverProxyInstanceManager_AddMultipleHardware_AddedToProxyInstances" />
    </UnitTest>
    <UnitTest name="RequestRecordKeyframesOnlyIgnoreSecondaryIdentifiers_SetsRecordAllFramesToFalse_OnOneSource" storage="d:\actions-runner\_work\xpco\xpco\corporate\recordingserver\recorderservice\tst\videoos.recorder.unittests\bin\x64\debug\net472\videoos.recorder.unittests.dll" id="b6b3d141-f8a0-c55c-b1a6-650c04389773">
      <TestCategory>
        <TestCategoryItem TestCategory="KeyframeRecording" />
      </TestCategory>
      <Execution id="9f0eb757-20eb-4908-a415-63636feba88d" />
      <TestMethod codeBase="D:\actions-runner\_work\XPCO\XPCO\Corporate\RecordingServer\RecorderService\tst\VideoOS.Recorder.UnitTests\bin\x64\Debug\net472\VideoOS.Recorder.UnitTests.dll" adapterTypeName="executor://mstestadapter/v2" className="VideoOS.Recorder.UnitTests.StateEvaluation.DeviceRecordKeyframesStateEvaluatorTests" name="RequestRecordKeyframesOnlyIgnoreSecondaryIdentifiers_SetsRecordAllFramesToFalse_OnOneSource" />
    </UnitTest>
    <UnitTest name="UpdateConfigurationFromDiffGram_Null_Throws_ArgumentNullException" storage="d:\actions-runner\_work\xpco\xpco\corporate\recordingserver\recorderservice\tst\videoos.recorder.unittests\bin\x64\debug\net472\videoos.recorder.unittests.dll" id="3ca7b289-91b8-9444-c025-ecebe5f8f48f">
      <Execution id="15480534-6119-4526-8a01-e04afa103563" />
      <TestMethod codeBase="D:\actions-runner\_work\XPCO\XPCO\Corporate\RecordingServer\RecorderService\tst\VideoOS.Recorder.UnitTests\bin\x64\Debug\net472\VideoOS.Recorder.UnitTests.dll" adapterTypeName="executor://mstestadapter/v2" className="VideoOS.Recorder.UnitTests.Multicast.LiveMulticastProcessorUnitTests" name="UpdateConfigurationFromDiffGram_Null_Throws_ArgumentNullException" />
    </UnitTest>
    <UnitTest name="DiffGramToApplyToOrigionalDataSetToMakeItIdenticalWithNewDataSet_HandleDeletedRows" storage="d:\actions-runner\_work\xpco\xpco\corporate\recordingserver\recorderservice\tst\videoos.recorder.unittests\bin\x64\debug\net472\videoos.recorder.unittests.dll" id="d3de26a3-44d9-d03e-dc04-99987ed37276">
      <Execution id="b9c21995-8fd2-499b-b4f7-4fe639533c7f" />
      <TestMethod codeBase="D:\actions-runner\_work\XPCO\XPCO\Corporate\RecordingServer\RecorderService\tst\VideoOS.Recorder.UnitTests\bin\x64\Debug\net472\VideoOS.Recorder.UnitTests.dll" adapterTypeName="executor://mstestadapter/v2" className="VideoOS.Recorder.UnitTests.DataSetUtilityUnitTests" name="DiffGramToApplyToOrigionalDataSetToMakeItIdenticalWithNewDataSet_HandleDeletedRows" />
    </UnitTest>
    <UnitTest name="SOAPCommandRequestHandler_ExecuteFunction_HandlePTZReserveSession_No_Security" storage="d:\actions-runner\_work\xpco\xpco\corporate\recordingserver\recorderservice\tst\videoos.recorder.unittests\bin\x64\debug\net472\videoos.recorder.unittests.dll" id="a0976502-e751-41de-5d03-12010e86cc0f">
      <Execution id="3800d5d2-636c-49ff-847e-4866a4fddc56" />
      <TestMethod codeBase="D:\actions-runner\_work\XPCO\XPCO\Corporate\RecordingServer\RecorderService\tst\VideoOS.Recorder.UnitTests\bin\x64\Debug\net472\VideoOS.Recorder.UnitTests.dll" adapterTypeName="executor://mstestadapter/v2" className="VideoOS.Recorder.UnitTests.WebServer.SOAPCommandRequestHandlerTests" name="SOAPCommandRequestHandler_ExecuteFunction_HandlePTZReserveSession_No_Security" />
    </UnitTest>
    <UnitTest name="SOAPCommandRequestHandler_ExecuteFunction_HandleMulticastStop_NoMulticastSessionIds" storage="d:\actions-runner\_work\xpco\xpco\corporate\recordingserver\recorderservice\tst\videoos.recorder.unittests\bin\x64\debug\net472\videoos.recorder.unittests.dll" id="f8b14395-e052-0428-5944-d990b243089b">
      <Execution id="463ce26c-131f-40d7-8688-6f6c85c1cc85" />
      <TestMethod codeBase="D:\actions-runner\_work\XPCO\XPCO\Corporate\RecordingServer\RecorderService\tst\VideoOS.Recorder.UnitTests\bin\x64\Debug\net472\VideoOS.Recorder.UnitTests.dll" adapterTypeName="executor://mstestadapter/v2" className="VideoOS.Recorder.UnitTests.WebServer.SOAPCommandRequestHandlerTests" name="SOAPCommandRequestHandler_ExecuteFunction_HandleMulticastStop_NoMulticastSessionIds" />
    </UnitTest>
    <UnitTest name="AudioMessageManager_SetConfiguration" storage="d:\actions-runner\_work\xpco\xpco\corporate\recordingserver\recorderservice\tst\videoos.recorder.unittests\bin\x64\debug\net472\videoos.recorder.unittests.dll" id="79903201-33ba-93b6-3e20-a3403f40778d">
      <Execution id="47a00753-8422-4065-93d1-7035d8906a8e" />
      <TestMethod codeBase="D:\actions-runner\_work\XPCO\XPCO\Corporate\RecordingServer\RecorderService\tst\VideoOS.Recorder.UnitTests\bin\x64\Debug\net472\VideoOS.Recorder.UnitTests.dll" adapterTypeName="executor://mstestadapter/v2" className="VideoOS.Recorder.UnitTests.AudioMessageHandling.AudioMessageManagerTests" name="AudioMessageManager_SetConfiguration" />
    </UnitTest>
    <UnitTest name="DatabaseoperationCommandhandler_FilterTrackIdsToThoseWithoutMediaOnRecorder_AreAllBanksOnline_Second_time_Returns_false_Causes_DataExists" storage="d:\actions-runner\_work\xpco\xpco\corporate\recordingserver\recorderservice\tst\videoos.recorder.unittests\bin\x64\debug\net472\videoos.recorder.unittests.dll" id="68a556ca-48c1-0850-8a0e-3d75153beff8">
      <Execution id="68d4eddb-464b-451f-bf76-72e2b5339f8b" />
      <TestMethod codeBase="D:\actions-runner\_work\XPCO\XPCO\Corporate\RecordingServer\RecorderService\tst\VideoOS.Recorder.UnitTests\bin\x64\Debug\net472\VideoOS.Recorder.UnitTests.dll" adapterTypeName="executor://mstestadapter/v2" className="VideoOS.Recorder.UnitTests.Command.DatabaseOperationCommandHandlerUnitTests" name="DatabaseoperationCommandhandler_FilterTrackIdsToThoseWithoutMediaOnRecorder_AreAllBanksOnline_Second_time_Returns_false_Causes_DataExists" />
    </UnitTest>
    <UnitTest name="RecorderTaskStopped_InternalStateStartedWithIncompatibleServer_ReturnsEmptyArray" storage="d:\actions-runner\_work\xpco\xpco\corporate\recordingserver\recorderservice\tst\videoos.recorder.unittests\bin\x64\debug\net472\videoos.recorder.unittests.dll" id="5c0633e7-a50e-f64e-f5c3-18989739ed4a">
      <Execution id="b56c43dd-20d5-4aab-bdb1-6e78103ada8c" />
      <TestMethod codeBase="D:\actions-runner\_work\XPCO\XPCO\Corporate\RecordingServer\RecorderService\tst\VideoOS.Recorder.UnitTests\bin\x64\Debug\net472\VideoOS.Recorder.UnitTests.dll" adapterTypeName="executor://mstestadapter/v2" className="VideoOS.Recorder.UnitTests.CommManagerWebApiTests" name="RecorderTaskStopped_InternalStateStartedWithIncompatibleServer_ReturnsEmptyArray" />
    </UnitTest>
    <UnitTest name="SOAPCommandRequestHandler_GetClientCapabilities_PrivacyMask_Child_Of_ClientCapabilities_Section_Is_Not_Parsable" storage="d:\actions-runner\_work\xpco\xpco\corporate\recordingserver\recorderservice\tst\videoos.recorder.unittests\bin\x64\debug\net472\videoos.recorder.unittests.dll" id="e4995e1a-9d2e-9c42-addf-addf83d7781e">
      <Execution id="da9a8bda-7836-4408-8627-2c6980cb2fe8" />
      <TestMethod codeBase="D:\actions-runner\_work\XPCO\XPCO\Corporate\RecordingServer\RecorderService\tst\VideoOS.Recorder.UnitTests\bin\x64\Debug\net472\VideoOS.Recorder.UnitTests.dll" adapterTypeName="executor://mstestadapter/v2" className="VideoOS.Recorder.UnitTests.WebServer.SOAPCommandRequestHandlerTests" name="SOAPCommandRequestHandler_GetClientCapabilities_PrivacyMask_Child_Of_ClientCapabilities_Section_Is_Not_Parsable" />
    </UnitTest>
    <UnitTest name="ManualPtzPatrollingSession_Start_Success" storage="d:\actions-runner\_work\xpco\xpco\corporate\recordingserver\recorderservice\tst\videoos.recorder.unittests\bin\x64\debug\net472\videoos.recorder.unittests.dll" id="4a60897f-da96-0d94-f5d3-d97e96726bff">
      <Execution id="81005216-a603-4cae-bd08-dcdd398167df" />
      <TestMethod codeBase="D:\actions-runner\_work\XPCO\XPCO\Corporate\RecordingServer\RecorderService\tst\VideoOS.Recorder.UnitTests\bin\x64\Debug\net472\VideoOS.Recorder.UnitTests.dll" adapterTypeName="executor://mstestadapter/v2" className="VideoOS.Recorder.UnitTests.Command.PtzSessionsTests" name="ManualPtzPatrollingSession_Start_Success" />
    </UnitTest>
    <UnitTest name="SOAPCommandRequestHandler_ExecuteFunction_HandleSmartSearchGetStatus_NoSmartSearchId" storage="d:\actions-runner\_work\xpco\xpco\corporate\recordingserver\recorderservice\tst\videoos.recorder.unittests\bin\x64\debug\net472\videoos.recorder.unittests.dll" id="742b2523-e5f6-be7c-a475-4a45a0ba3c3d">
      <Execution id="24875eb9-b308-4c7b-8edc-a5503b273e83" />
      <TestMethod codeBase="D:\actions-runner\_work\XPCO\XPCO\Corporate\RecordingServer\RecorderService\tst\VideoOS.Recorder.UnitTests\bin\x64\Debug\net472\VideoOS.Recorder.UnitTests.dll" adapterTypeName="executor://mstestadapter/v2" className="VideoOS.Recorder.UnitTests.WebServer.SOAPCommandRequestHandlerTests" name="SOAPCommandRequestHandler_ExecuteFunction_HandleSmartSearchGetStatus_NoSmartSearchId" />
    </UnitTest>
    <UnitTest name="ResponseController_WarningResponseNullInput_BadRequestResult" storage="d:\actions-runner\_work\xpco\xpco\corporate\recordingserver\recorderservice\tst\videoos.recorder.unittests\bin\x64\debug\net472\videoos.recorder.unittests.dll" id="1bcf4c58-79ba-fb44-0a8b-d2a1c4db358c">
      <Execution id="6612e91a-f26b-495c-bca8-2bd1fc2cf03d" />
      <TestMethod codeBase="D:\actions-runner\_work\XPCO\XPCO\Corporate\RecordingServer\RecorderService\tst\VideoOS.Recorder.UnitTests\bin\x64\Debug\net472\VideoOS.Recorder.UnitTests.dll" adapterTypeName="executor://mstestadapter/v2" className="VideoOS.Recorder.UnitTests.ResponseControllerTests" name="ResponseController_WarningResponseNullInput_BadRequestResult" />
    </UnitTest>
    <UnitTest name="DatabaseTaskCommandHandler_DatabaseArchiveOperationMonitor_SinglePass_Found" storage="d:\actions-runner\_work\xpco\xpco\corporate\recordingserver\recorderservice\tst\videoos.recorder.unittests\bin\x64\debug\net472\videoos.recorder.unittests.dll" id="8dd4c6be-6672-6382-3a15-cdd3ce637c69">
      <Execution id="8a3d1a3a-e60d-447b-bc21-4270d31f5639" />
      <TestMethod codeBase="D:\actions-runner\_work\XPCO\XPCO\Corporate\RecordingServer\RecorderService\tst\VideoOS.Recorder.UnitTests\bin\x64\Debug\net472\VideoOS.Recorder.UnitTests.dll" adapterTypeName="executor://mstestadapter/v2" className="VideoOS.Recorder.UnitTests.Command.DatabaseTaskCommandHandlerTest" name="DatabaseTaskCommandHandler_DatabaseArchiveOperationMonitor_SinglePass_Found" />
    </UnitTest>
    <UnitTest name="SetNetworkConfigurationCommandHandler_Execute_HardwareNotStarted_Errors" storage="d:\actions-runner\_work\xpco\xpco\corporate\recordingserver\recorderservice\tst\videoos.recorder.unittests\bin\x64\debug\net472\videoos.recorder.unittests.dll" id="8b88a5a8-a08f-05c4-0c85-be7e4e86f442">
      <Execution id="e6d03bf7-d1ba-4185-9ecf-386688502907" />
      <TestMethod codeBase="D:\actions-runner\_work\XPCO\XPCO\Corporate\RecordingServer\RecorderService\tst\VideoOS.Recorder.UnitTests\bin\x64\Debug\net472\VideoOS.Recorder.UnitTests.dll" adapterTypeName="executor://mstestadapter/v2" className="VideoOS.Recorder.UnitTests.Command.SetNetworkConfigurationCommandHandlerUnitTests" name="SetNetworkConfigurationCommandHandler_Execute_HardwareNotStarted_Errors" />
    </UnitTest>
    <UnitTest name="SOAPCommandRequestHandler_ExecuteFunction_HandleJPEGGetAt_NotAllowed" storage="d:\actions-runner\_work\xpco\xpco\corporate\recordingserver\recorderservice\tst\videoos.recorder.unittests\bin\x64\debug\net472\videoos.recorder.unittests.dll" id="0c6360a7-d9d2-1748-1162-a67f8efb11e8">
      <Execution id="0fbc47ff-9ab4-494a-96ce-1a6889e4e52d" />
      <TestMethod codeBase="D:\actions-runner\_work\XPCO\XPCO\Corporate\RecordingServer\RecorderService\tst\VideoOS.Recorder.UnitTests\bin\x64\Debug\net472\VideoOS.Recorder.UnitTests.dll" adapterTypeName="executor://mstestadapter/v2" className="VideoOS.Recorder.UnitTests.WebServer.SOAPCommandRequestHandlerTests" name="SOAPCommandRequestHandler_ExecuteFunction_HandleJPEGGetAt_NotAllowed" />
    </UnitTest>
    <UnitTest name="ChangeHardwarePasswordCommandHandler_Execute_ChangePassword_ThrowsPasswordTooLong_Errors" storage="d:\actions-runner\_work\xpco\xpco\corporate\recordingserver\recorderservice\tst\videoos.recorder.unittests\bin\x64\debug\net472\videoos.recorder.unittests.dll" id="2471960c-fbc1-1789-b84e-c826b7cea066">
      <Execution id="a7969413-af33-4f17-aea9-21a11a504aeb" />
      <TestMethod codeBase="D:\actions-runner\_work\XPCO\XPCO\Corporate\RecordingServer\RecorderService\tst\VideoOS.Recorder.UnitTests\bin\x64\Debug\net472\VideoOS.Recorder.UnitTests.dll" adapterTypeName="executor://mstestadapter/v2" className="VideoOS.Recorder.UnitTests.Command.ChangeHardwarePasswordCommandHandlerUnitTests" name="ChangeHardwarePasswordCommandHandler_Execute_ChangePassword_ThrowsPasswordTooLong_Errors" />
    </UnitTest>
    <UnitTest name="TimeRangeConversionNoRanges" storage="d:\actions-runner\_work\xpco\xpco\corporate\recordingserver\recorderservice\tst\videoos.recorder.unittests\bin\x64\debug\net472\videoos.recorder.unittests.dll" id="2a7c81c8-cf8d-2fb1-924b-7b552bbf7d2d">
      <TestCategory>
        <TestCategoryItem TestCategory="TimeRangeConversion" />
      </TestCategory>
      <Execution id="934af8a6-dd77-4203-8772-b542a8432675" />
      <TestMethod codeBase="D:\actions-runner\_work\XPCO\XPCO\Corporate\RecordingServer\RecorderService\tst\VideoOS.Recorder.UnitTests\bin\x64\Debug\net472\VideoOS.Recorder.UnitTests.dll" adapterTypeName="executor://mstestadapter/v2" className="VideoOS.Recorder.UnitTests.TimeRangeConversionTests.TimeRangeConversionTests" name="TimeRangeConversionNoRanges" />
    </UnitTest>
    <UnitTest name="ServerAccessTokenHandler_Constructor_Success" storage="d:\actions-runner\_work\xpco\xpco\corporate\recordingserver\recorderservice\tst\videoos.recorder.unittests\bin\x64\debug\net472\videoos.recorder.unittests.dll" id="efc688f6-51c5-f699-8cb7-1c5461d32a67">
      <Execution id="da859354-d28c-4e25-abac-7eb0e12e4bcf" />
      <TestMethod codeBase="D:\actions-runner\_work\XPCO\XPCO\Corporate\RecordingServer\RecorderService\tst\VideoOS.Recorder.UnitTests\bin\x64\Debug\net472\VideoOS.Recorder.UnitTests.dll" adapterTypeName="executor://mstestadapter/v2" className="VideoOS.Recorder.UnitTests.ServerCommunication.RecorderAccessTokenHandlerTests" name="ServerAccessTokenHandler_Constructor_Success" />
    </UnitTest>
    <UnitTest name="EvidenceLockOnOldRecorderCommandHandler_DeleteEvidenceLock_RowMissing" storage="d:\actions-runner\_work\xpco\xpco\corporate\recordingserver\recorderservice\tst\videoos.recorder.unittests\bin\x64\debug\net472\videoos.recorder.unittests.dll" id="62d24c9f-a275-965e-ba77-fc1bd09bd84c">
      <Execution id="b0574c89-fa9c-418b-9dc2-b3fa7ec03644" />
      <TestMethod codeBase="D:\actions-runner\_work\XPCO\XPCO\Corporate\RecordingServer\RecorderService\tst\VideoOS.Recorder.UnitTests\bin\x64\Debug\net472\VideoOS.Recorder.UnitTests.dll" adapterTypeName="executor://mstestadapter/v2" className="VideoOS.Recorder.UnitTests.Command.EvidenceLockOnOldRecorderCommandHandlerTests" name="EvidenceLockOnOldRecorderCommandHandler_DeleteEvidenceLock_RowMissing" />
    </UnitTest>
    <UnitTest name="GetRecorderTasksWithPendingStop_InternalStateStartedNoTasks_ReturnsEmptyArray" storage="d:\actions-runner\_work\xpco\xpco\corporate\recordingserver\recorderservice\tst\videoos.recorder.unittests\bin\x64\debug\net472\videoos.recorder.unittests.dll" id="c41a5798-1609-bef5-af4f-bd161fe6c1a0">
      <Execution id="f83523ac-e9bc-4ace-bf61-dc396abd1edc" />
      <TestMethod codeBase="D:\actions-runner\_work\XPCO\XPCO\Corporate\RecordingServer\RecorderService\tst\VideoOS.Recorder.UnitTests\bin\x64\Debug\net472\VideoOS.Recorder.UnitTests.dll" adapterTypeName="executor://mstestadapter/v2" className="VideoOS.Recorder.UnitTests.CommManagerWebApiTests" name="GetRecorderTasksWithPendingStop_InternalStateStartedNoTasks_ReturnsEmptyArray" />
    </UnitTest>
    <UnitTest name="CheckExternalRecorderRegistrationCommandHandler_Execute_Address_Empty_Throws" storage="d:\actions-runner\_work\xpco\xpco\corporate\recordingserver\recorderservice\tst\videoos.recorder.unittests\bin\x64\debug\net472\videoos.recorder.unittests.dll" id="18eb9110-9414-c4d5-5992-2f524497773e">
      <Execution id="a2eb5d54-176b-449f-8c3a-c5f736d698c7" />
      <TestMethod codeBase="D:\actions-runner\_work\XPCO\XPCO\Corporate\RecordingServer\RecorderService\tst\VideoOS.Recorder.UnitTests\bin\x64\Debug\net472\VideoOS.Recorder.UnitTests.dll" adapterTypeName="executor://mstestadapter/v2" className="VideoOS.Recorder.UnitTests.Command.CheckExternalRecorderRegistrationCommandHandlerUnitTests" name="CheckExternalRecorderRegistrationCommandHandler_Execute_Address_Empty_Throws" />
    </UnitTest>
    <UnitTest name="AudioMessageManager_SetConfiguration_ArgumentNullException" storage="d:\actions-runner\_work\xpco\xpco\corporate\recordingserver\recorderservice\tst\videoos.recorder.unittests\bin\x64\debug\net472\videoos.recorder.unittests.dll" id="b097ba6d-853b-78ea-de8a-ac3f06f44756">
      <Execution id="de36fe3b-1bd2-4dc0-b77a-b93196b99990" />
      <TestMethod codeBase="D:\actions-runner\_work\XPCO\XPCO\Corporate\RecordingServer\RecorderService\tst\VideoOS.Recorder.UnitTests\bin\x64\Debug\net472\VideoOS.Recorder.UnitTests.dll" adapterTypeName="executor://mstestadapter/v2" className="VideoOS.Recorder.UnitTests.AudioMessageHandling.AudioMessageManagerTests" name="AudioMessageManager_SetConfiguration_ArgumentNullException" />
    </UnitTest>
    <UnitTest name="SOAPCommandRequestHandler_Constructor_Success" storage="d:\actions-runner\_work\xpco\xpco\corporate\recordingserver\recorderservice\tst\videoos.recorder.unittests\bin\x64\debug\net472\videoos.recorder.unittests.dll" id="3684dd9a-88f0-8211-0281-3e878fb28168">
      <Execution id="89990197-e860-4451-9774-9f39cfd311c7" />
      <TestMethod codeBase="D:\actions-runner\_work\XPCO\XPCO\Corporate\RecordingServer\RecorderService\tst\VideoOS.Recorder.UnitTests\bin\x64\Debug\net472\VideoOS.Recorder.UnitTests.dll" adapterTypeName="executor://mstestadapter/v2" className="VideoOS.Recorder.UnitTests.WebServer.SOAPCommandRequestHandlerTests" name="SOAPCommandRequestHandler_Constructor_Success" />
    </UnitTest>
    <UnitTest name="ConnectSuccess_PrevSeq_Denied" storage="d:\actions-runner\_work\xpco\xpco\corporate\recordingserver\recorderservice\tst\videoos.recorder.unittests\bin\x64\debug\net472\videoos.recorder.unittests.dll" id="59d4ac00-0459-3cec-bbc5-180061a2de03">
      <Execution id="342f943a-6bfe-47df-87bf-84684cef5c57" />
      <TestMethod codeBase="D:\actions-runner\_work\XPCO\XPCO\Corporate\RecordingServer\RecorderService\tst\VideoOS.Recorder.UnitTests\bin\x64\Debug\net472\VideoOS.Recorder.UnitTests.dll" adapterTypeName="executor://mstestadapter/v2" className="VideoOS.Recorder.UnitTests.WebServer.ImageServerRequestHandlerTests" name="ConnectSuccess_PrevSeq_Denied" />
    </UnitTest>
    <UnitTest name="PtzStopSessionCommandHandler_Execute_PtzException_DeviceNotReady" storage="d:\actions-runner\_work\xpco\xpco\corporate\recordingserver\recorderservice\tst\videoos.recorder.unittests\bin\x64\debug\net472\videoos.recorder.unittests.dll" id="243d17f3-b3aa-1f7f-fe45-b270f1b10aac">
      <Execution id="3403fe3a-74c7-4796-89cc-f862403200ee" />
      <TestMethod codeBase="D:\actions-runner\_work\XPCO\XPCO\Corporate\RecordingServer\RecorderService\tst\VideoOS.Recorder.UnitTests\bin\x64\Debug\net472\VideoOS.Recorder.UnitTests.dll" adapterTypeName="executor://mstestadapter/v2" className="VideoOS.Recorder.UnitTests.Command.PtzStopSessionCommandHandlerTest" name="PtzStopSessionCommandHandler_Execute_PtzException_DeviceNotReady" />
    </UnitTest>
    <UnitTest name="FirmwareUpgradeCommandHandler_Execute_FirmwareUpgradeStatus_ThrowsCannotOpenFile_Errors" storage="d:\actions-runner\_work\xpco\xpco\corporate\recordingserver\recorderservice\tst\videoos.recorder.unittests\bin\x64\debug\net472\videoos.recorder.unittests.dll" id="f7002b4f-d864-47aa-bd8d-bbb9b326c53b">
      <Execution id="401dc662-d157-48c1-8059-d1fa3f423b9b" />
      <TestMethod codeBase="D:\actions-runner\_work\XPCO\XPCO\Corporate\RecordingServer\RecorderService\tst\VideoOS.Recorder.UnitTests\bin\x64\Debug\net472\VideoOS.Recorder.UnitTests.dll" adapterTypeName="executor://mstestadapter/v2" className="VideoOS.Recorder.UnitTests.Command.FirmwareUpgradeCommandHandlerUnitTests" name="FirmwareUpgradeCommandHandler_Execute_FirmwareUpgradeStatus_ThrowsCannotOpenFile_Errors" />
    </UnitTest>
    <UnitTest name="PtzManagerDataHolder_GetOrAddPtzController_Device_Not_Ptz" storage="d:\actions-runner\_work\xpco\xpco\corporate\recordingserver\recorderservice\tst\videoos.recorder.unittests\bin\x64\debug\net472\videoos.recorder.unittests.dll" id="539ad0e3-4821-f0db-7979-436499efaef0">
      <Execution id="65be2c0c-9437-4751-beb7-c6ccefac885c" />
      <TestMethod codeBase="D:\actions-runner\_work\XPCO\XPCO\Corporate\RecordingServer\RecorderService\tst\VideoOS.Recorder.UnitTests\bin\x64\Debug\net472\VideoOS.Recorder.UnitTests.dll" adapterTypeName="executor://mstestadapter/v2" className="VideoOS.Recorder.UnitTests.Command.PtzManagerDataHolderTest" name="PtzManagerDataHolder_GetOrAddPtzController_Device_Not_Ptz" />
    </UnitTest>
    <UnitTest name="RecorderTaskStopped_InternalStateNotStarted_ShouldRun" storage="d:\actions-runner\_work\xpco\xpco\corporate\recordingserver\recorderservice\tst\videoos.recorder.unittests\bin\x64\debug\net472\videoos.recorder.unittests.dll" id="46f9f921-8409-905b-fd67-c10fd741d586">
      <Execution id="4008cbcc-d4c0-48c1-b6f7-7d718c205267" />
      <TestMethod codeBase="D:\actions-runner\_work\XPCO\XPCO\Corporate\RecordingServer\RecorderService\tst\VideoOS.Recorder.UnitTests\bin\x64\Debug\net472\VideoOS.Recorder.UnitTests.dll" adapterTypeName="executor://mstestadapter/v2" className="VideoOS.Recorder.UnitTests.CommManagerWebApiTests" name="RecorderTaskStopped_InternalStateNotStarted_ShouldRun" />
    </UnitTest>
    <UnitTest name="PtzManager_ReleaseLockedSessionFromExtension_Controller_Not_Found" storage="d:\actions-runner\_work\xpco\xpco\corporate\recordingserver\recorderservice\tst\videoos.recorder.unittests\bin\x64\debug\net472\videoos.recorder.unittests.dll" id="a7694aa5-8391-34f7-f555-d2d27c05360f">
      <Execution id="28c9bf5b-2a6a-484b-8e22-87d110a9e667" />
      <TestMethod codeBase="D:\actions-runner\_work\XPCO\XPCO\Corporate\RecordingServer\RecorderService\tst\VideoOS.Recorder.UnitTests\bin\x64\Debug\net472\VideoOS.Recorder.UnitTests.dll" adapterTypeName="executor://mstestadapter/v2" className="VideoOS.Recorder.UnitTests.Command.PtzManagerTests" name="PtzManager_ReleaseLockedSessionFromExtension_Controller_Not_Found" />
    </UnitTest>
    <UnitTest name="SOAPCommandRequestHandler_ExecuteFunction_HandlePTZRectangle_Height_Not_Double" storage="d:\actions-runner\_work\xpco\xpco\corporate\recordingserver\recorderservice\tst\videoos.recorder.unittests\bin\x64\debug\net472\videoos.recorder.unittests.dll" id="b37b862f-58d4-a3f8-2e05-54a6ae3e3990">
      <Execution id="e13caa6f-11e7-4ccf-8466-61e26356385d" />
      <TestMethod codeBase="D:\actions-runner\_work\XPCO\XPCO\Corporate\RecordingServer\RecorderService\tst\VideoOS.Recorder.UnitTests\bin\x64\Debug\net472\VideoOS.Recorder.UnitTests.dll" adapterTypeName="executor://mstestadapter/v2" className="VideoOS.Recorder.UnitTests.WebServer.SOAPCommandRequestHandlerTests" name="SOAPCommandRequestHandler_ExecuteFunction_HandlePTZRectangle_Height_Not_Double" />
    </UnitTest>
    <UnitTest name="PtzStopSession_ModelIsValid_CommandExecuted" storage="d:\actions-runner\_work\xpco\xpco\corporate\recordingserver\recorderservice\tst\videoos.recorder.unittests\bin\x64\debug\net472\videoos.recorder.unittests.dll" id="5f17e460-af62-4be6-17fe-2e3a1ea478c3">
      <Execution id="520eecc3-71ab-4302-b4c7-90e691040438" />
      <TestMethod codeBase="D:\actions-runner\_work\XPCO\XPCO\Corporate\RecordingServer\RecorderService\tst\VideoOS.Recorder.UnitTests\bin\x64\Debug\net472\VideoOS.Recorder.UnitTests.dll" adapterTypeName="executor://mstestadapter/v2" className="VideoOS.Recorder.UnitTests.PtzControllerTests" name="PtzStopSession_ModelIsValid_CommandExecuted" />
    </UnitTest>
    <UnitTest name="SetupInitialHardwareUserCommandHandler_Execute_SetupUser_ThrowsUserHandlingPasswordTooLongError_Errors" storage="d:\actions-runner\_work\xpco\xpco\corporate\recordingserver\recorderservice\tst\videoos.recorder.unittests\bin\x64\debug\net472\videoos.recorder.unittests.dll" id="7e416566-5089-1927-3b1f-9f790f915601">
      <Execution id="68240e16-9cf2-4c5e-9ac0-f454fd5f9d6e" />
      <TestMethod codeBase="D:\actions-runner\_work\XPCO\XPCO\Corporate\RecordingServer\RecorderService\tst\VideoOS.Recorder.UnitTests\bin\x64\Debug\net472\VideoOS.Recorder.UnitTests.dll" adapterTypeName="executor://mstestadapter/v2" className="VideoOS.Recorder.UnitTests.Command.SetupInitialHardwareUserCommandHandlerUnitTests" name="SetupInitialHardwareUserCommandHandler_Execute_SetupUser_ThrowsUserHandlingPasswordTooLongError_Errors" />
    </UnitTest>
    <UnitTest name="SOAPCommandRequestHandler_ExecuteFunction_HandleSendDriverCommand_NoDeviceId" storage="d:\actions-runner\_work\xpco\xpco\corporate\recordingserver\recorderservice\tst\videoos.recorder.unittests\bin\x64\debug\net472\videoos.recorder.unittests.dll" id="6821bff6-623b-fea9-3166-e7205d5004e2">
      <Execution id="f8b1d9c6-f1de-489b-84b5-53014bc1ca40" />
      <TestMethod codeBase="D:\actions-runner\_work\XPCO\XPCO\Corporate\RecordingServer\RecorderService\tst\VideoOS.Recorder.UnitTests\bin\x64\Debug\net472\VideoOS.Recorder.UnitTests.dll" adapterTypeName="executor://mstestadapter/v2" className="VideoOS.Recorder.UnitTests.WebServer.SOAPCommandRequestHandlerTests" name="SOAPCommandRequestHandler_ExecuteFunction_HandleSendDriverCommand_NoDeviceId" />
    </UnitTest>
    <UnitTest name="ChangeHardwarePasswordCommandHandler_Execute_HardwareNotFound_Fails" storage="d:\actions-runner\_work\xpco\xpco\corporate\recordingserver\recorderservice\tst\videoos.recorder.unittests\bin\x64\debug\net472\videoos.recorder.unittests.dll" id="1c7b6330-6152-d71c-47ca-924e0fc45bef">
      <Execution id="3df79eab-b7d3-46e1-8342-7820964eaf5d" />
      <TestMethod codeBase="D:\actions-runner\_work\XPCO\XPCO\Corporate\RecordingServer\RecorderService\tst\VideoOS.Recorder.UnitTests\bin\x64\Debug\net472\VideoOS.Recorder.UnitTests.dll" adapterTypeName="executor://mstestadapter/v2" className="VideoOS.Recorder.UnitTests.Command.ChangeHardwarePasswordCommandHandlerUnitTests" name="ChangeHardwarePasswordCommandHandler_Execute_HardwareNotFound_Fails" />
    </UnitTest>
    <UnitTest name="PtzStopSessionCommandHandler_Execute_PtzException_PtzRequestPriorityTooLow" storage="d:\actions-runner\_work\xpco\xpco\corporate\recordingserver\recorderservice\tst\videoos.recorder.unittests\bin\x64\debug\net472\videoos.recorder.unittests.dll" id="74b0d590-8d90-8ea9-7ba5-29e79b97b007">
      <Execution id="f3b535ad-0a81-4366-8886-7e602475a612" />
      <TestMethod codeBase="D:\actions-runner\_work\XPCO\XPCO\Corporate\RecordingServer\RecorderService\tst\VideoOS.Recorder.UnitTests\bin\x64\Debug\net472\VideoOS.Recorder.UnitTests.dll" adapterTypeName="executor://mstestadapter/v2" className="VideoOS.Recorder.UnitTests.Command.PtzStopSessionCommandHandlerTest" name="PtzStopSessionCommandHandler_Execute_PtzException_PtzRequestPriorityTooLow" />
    </UnitTest>
    <UnitTest name="MediaDbUtil_MultitrackNavigation_Scenario15" storage="d:\actions-runner\_work\xpco\xpco\corporate\recordingserver\recorderservice\tst\videoos.recorder.unittests\bin\x64\debug\net472\videoos.recorder.unittests.dll" id="88642b24-ad3e-03e6-0d82-49102fce9375">
      <Execution id="4843b43b-0982-45fb-b796-867c0bdb773e" />
      <TestMethod codeBase="D:\actions-runner\_work\XPCO\XPCO\Corporate\RecordingServer\RecorderService\tst\VideoOS.Recorder.UnitTests\bin\x64\Debug\net472\VideoOS.Recorder.UnitTests.dll" adapterTypeName="executor://mstestadapter/v2" className="VideoOS.Recorder.UnitTests.WebServer.MediaDbUtilUnitTests" name="MediaDbUtil_MultitrackNavigation_Scenario15" />
    </UnitTest>
    <UnitTest name="IsPlaybackRestrictedOnHandler" storage="d:\actions-runner\_work\xpco\xpco\corporate\recordingserver\recorderservice\tst\videoos.recorder.unittests\bin\x64\debug\net472\videoos.recorder.unittests.dll" id="f10d6169-81f0-a081-100b-8621495f21ea">
      <Execution id="ee54a0aa-3180-4d12-a141-06cce1a33812" />
      <TestMethod codeBase="D:\actions-runner\_work\XPCO\XPCO\Corporate\RecordingServer\RecorderService\tst\VideoOS.Recorder.UnitTests\bin\x64\Debug\net472\VideoOS.Recorder.UnitTests.dll" adapterTypeName="executor://mstestadapter/v2" className="VideoOS.Recorder.UnitTests.ObjectModel.RestrictedMediaHandlerTest" name="IsPlaybackRestrictedOnHandler" />
    </UnitTest>
    <UnitTest name="PtzPatrollingSessionBase_Pause_Success" storage="d:\actions-runner\_work\xpco\xpco\corporate\recordingserver\recorderservice\tst\videoos.recorder.unittests\bin\x64\debug\net472\videoos.recorder.unittests.dll" id="06e3e5ee-40d8-e10b-eebf-758ff961a15a">
      <Execution id="0abcdee0-0208-4865-a88c-0b3a8954f189" />
      <TestMethod codeBase="D:\actions-runner\_work\XPCO\XPCO\Corporate\RecordingServer\RecorderService\tst\VideoOS.Recorder.UnitTests\bin\x64\Debug\net472\VideoOS.Recorder.UnitTests.dll" adapterTypeName="executor://mstestadapter/v2" className="VideoOS.Recorder.UnitTests.Command.PtzSessionsTests" name="PtzPatrollingSessionBase_Pause_Success" />
    </UnitTest>
    <UnitTest name="FailoverMediaMover_MoveMediaDataHere_Remote_Connect_Fails" storage="d:\actions-runner\_work\xpco\xpco\corporate\recordingserver\recorderservice\tst\videoos.recorder.unittests\bin\x64\debug\net472\videoos.recorder.unittests.dll" id="28fa0d16-0772-95da-08e6-fa4cc9274598">
      <Execution id="1f1a67f0-2774-4763-9979-97da133abd17" />
      <TestMethod codeBase="D:\actions-runner\_work\XPCO\XPCO\Corporate\RecordingServer\RecorderService\tst\VideoOS.Recorder.UnitTests\bin\x64\Debug\net472\VideoOS.Recorder.UnitTests.dll" adapterTypeName="executor://mstestadapter/v2" className="VideoOS.Recorder.UnitTests.FailoverMediaMoverUnitTests" name="FailoverMediaMover_MoveMediaDataHere_Remote_Connect_Fails" />
    </UnitTest>
    <UnitTest name="PtzReleaseSessionCommandHandler_Execute_PtzException_PtzSessionNotRunning" storage="d:\actions-runner\_work\xpco\xpco\corporate\recordingserver\recorderservice\tst\videoos.recorder.unittests\bin\x64\debug\net472\videoos.recorder.unittests.dll" id="f7279989-4bc5-0c33-00fc-cfa3ed7ee7c2">
      <Execution id="65e726bf-01ce-4204-ba84-a61c91ee60f4" />
      <TestMethod codeBase="D:\actions-runner\_work\XPCO\XPCO\Corporate\RecordingServer\RecorderService\tst\VideoOS.Recorder.UnitTests\bin\x64\Debug\net472\VideoOS.Recorder.UnitTests.dll" adapterTypeName="executor://mstestadapter/v2" className="VideoOS.Recorder.UnitTests.Command.PtzReleaseSessionCommandHandlerTest" name="PtzReleaseSessionCommandHandler_Execute_PtzException_PtzSessionNotRunning" />
    </UnitTest>
    <UnitTest name="GetNetworkConfigurationCommandHandler_Execute_HardwareNotStarted_Errors" storage="d:\actions-runner\_work\xpco\xpco\corporate\recordingserver\recorderservice\tst\videoos.recorder.unittests\bin\x64\debug\net472\videoos.recorder.unittests.dll" id="fee07be3-891e-3721-28cf-6d8aeebec76b">
      <Execution id="6488c90d-616b-4f56-93b4-28d894d658ba" />
      <TestMethod codeBase="D:\actions-runner\_work\XPCO\XPCO\Corporate\RecordingServer\RecorderService\tst\VideoOS.Recorder.UnitTests\bin\x64\Debug\net472\VideoOS.Recorder.UnitTests.dll" adapterTypeName="executor://mstestadapter/v2" className="VideoOS.Recorder.UnitTests.Command.GetNetworkConfigurationCommandHandlerUnitTests" name="GetNetworkConfigurationCommandHandler_Execute_HardwareNotStarted_Errors" />
    </UnitTest>
    <UnitTest name="PtzStopSessionCommandHandler_Execute_Argument_Exception" storage="d:\actions-runner\_work\xpco\xpco\corporate\recordingserver\recorderservice\tst\videoos.recorder.unittests\bin\x64\debug\net472\videoos.recorder.unittests.dll" id="12e5945d-1647-aedf-8580-e8913105986c">
      <Execution id="79dcc3d9-f29b-4195-9a82-09268de5feff" />
      <TestMethod codeBase="D:\actions-runner\_work\XPCO\XPCO\Corporate\RecordingServer\RecorderService\tst\VideoOS.Recorder.UnitTests\bin\x64\Debug\net472\VideoOS.Recorder.UnitTests.dll" adapterTypeName="executor://mstestadapter/v2" className="VideoOS.Recorder.UnitTests.Command.PtzStopSessionCommandHandlerTest" name="PtzStopSessionCommandHandler_Execute_Argument_Exception" />
    </UnitTest>
    <UnitTest name="ExecuteFunction_GetRecordingStorageStatus_Success" storage="d:\actions-runner\_work\xpco\xpco\corporate\recordingserver\recorderservice\tst\videoos.recorder.unittests\bin\x64\debug\net472\videoos.recorder.unittests.dll" id="33c3da15-4339-4eb0-c449-c5584b41ca07">
      <Execution id="a756ebd8-642d-4554-a202-1bce6c156968" />
      <TestMethod codeBase="D:\actions-runner\_work\XPCO\XPCO\Corporate\RecordingServer\RecorderService\tst\VideoOS.Recorder.UnitTests\bin\x64\Debug\net472\VideoOS.Recorder.UnitTests.dll" adapterTypeName="executor://mstestadapter/v2" className="VideoOS.Recorder.UnitTests.WebServer.SOAPStatus2RequestHandlerTests" name="ExecuteFunction_GetRecordingStorageStatus_Success" />
    </UnitTest>
    <UnitTest name="ConnectSuccess_NextSeqTime" storage="d:\actions-runner\_work\xpco\xpco\corporate\recordingserver\recorderservice\tst\videoos.recorder.unittests\bin\x64\debug\net472\videoos.recorder.unittests.dll" id="7ac6d2bb-2ae4-662d-70bb-323f78a4d416">
      <Execution id="6d885b04-05b8-410d-a306-88eb69d43a1d" />
      <TestMethod codeBase="D:\actions-runner\_work\XPCO\XPCO\Corporate\RecordingServer\RecorderService\tst\VideoOS.Recorder.UnitTests\bin\x64\Debug\net472\VideoOS.Recorder.UnitTests.dll" adapterTypeName="executor://mstestadapter/v2" className="VideoOS.Recorder.UnitTests.WebServer.ImageServerRequestHandlerTests" name="ConnectSuccess_NextSeqTime" />
    </UnitTest>
    <UnitTest name="LicenseManager_IsFeatureLicensed_ThrowsLicenseException_OnLicenseWithExpiry" storage="d:\actions-runner\_work\xpco\xpco\corporate\recordingserver\recorderservice\tst\videoos.recorder.unittests\bin\x64\debug\net472\videoos.recorder.unittests.dll" id="330aa390-d7ca-b0e8-0a09-1cff13b32d9c">
      <TestCategory>
        <TestCategoryItem TestCategory="Licensing" />
      </TestCategory>
      <Execution id="5254b097-6b68-4286-9cc6-bd8e67deb22a" />
      <TestMethod codeBase="D:\actions-runner\_work\XPCO\XPCO\Corporate\RecordingServer\RecorderService\tst\VideoOS.Recorder.UnitTests\bin\x64\Debug\net472\VideoOS.Recorder.UnitTests.dll" adapterTypeName="executor://mstestadapter/v2" className="VideoOS.Recorder.UnitTests.Licensing.LicenseManagerUnitTests" name="LicenseManager_IsFeatureLicensed_ThrowsLicenseException_OnLicenseWithExpiry" />
    </UnitTest>
    <UnitTest name="PtzManager_Stop_Success" storage="d:\actions-runner\_work\xpco\xpco\corporate\recordingserver\recorderservice\tst\videoos.recorder.unittests\bin\x64\debug\net472\videoos.recorder.unittests.dll" id="e60c4eb7-333a-92ae-4d3d-7b552a715c3e">
      <Execution id="ee3fac6d-5228-4cc2-9ac2-15fca97b2846" />
      <TestMethod codeBase="D:\actions-runner\_work\XPCO\XPCO\Corporate\RecordingServer\RecorderService\tst\VideoOS.Recorder.UnitTests\bin\x64\Debug\net472\VideoOS.Recorder.UnitTests.dll" adapterTypeName="executor://mstestadapter/v2" className="VideoOS.Recorder.UnitTests.Command.PtzManagerTests" name="PtzManager_Stop_Success" />
    </UnitTest>
    <UnitTest name="AudioMessageManager_PlayAudioMessageThread_Stopped" storage="d:\actions-runner\_work\xpco\xpco\corporate\recordingserver\recorderservice\tst\videoos.recorder.unittests\bin\x64\debug\net472\videoos.recorder.unittests.dll" id="7ff7f968-b0ad-f135-b857-9bd7a80a7784">
      <Execution id="9a07dd77-812c-4a37-afd6-e5ccb258eda6" />
      <TestMethod codeBase="D:\actions-runner\_work\XPCO\XPCO\Corporate\RecordingServer\RecorderService\tst\VideoOS.Recorder.UnitTests\bin\x64\Debug\net472\VideoOS.Recorder.UnitTests.dll" adapterTypeName="executor://mstestadapter/v2" className="VideoOS.Recorder.UnitTests.AudioMessageHandling.AudioMessageManagerTests" name="AudioMessageManager_PlayAudioMessageThread_Stopped" />
    </UnitTest>
    <UnitTest name="ConnectSuccess_FrameBrowseLayer_Goto" storage="d:\actions-runner\_work\xpco\xpco\corporate\recordingserver\recorderservice\tst\videoos.recorder.unittests\bin\x64\debug\net472\videoos.recorder.unittests.dll" id="6254daef-258b-86ba-499b-8e0b9550e559">
      <Execution id="399b7fac-ffe6-4d64-8b25-995c3615f0ef" />
      <TestMethod codeBase="D:\actions-runner\_work\XPCO\XPCO\Corporate\RecordingServer\RecorderService\tst\VideoOS.Recorder.UnitTests\bin\x64\Debug\net472\VideoOS.Recorder.UnitTests.dll" adapterTypeName="executor://mstestadapter/v2" className="VideoOS.Recorder.UnitTests.WebServer.ImageServerRequestHandlerTests" name="ConnectSuccess_FrameBrowseLayer_Goto" />
    </UnitTest>
    <UnitTest name="SOAPCommandRequestHandler_ExecuteFunction_HandleOutputActivate_NoSecurity" storage="d:\actions-runner\_work\xpco\xpco\corporate\recordingserver\recorderservice\tst\videoos.recorder.unittests\bin\x64\debug\net472\videoos.recorder.unittests.dll" id="e5acffa5-6e81-ead9-c8fe-656902a2823b">
      <Execution id="5a82568d-a300-43af-84c1-45b586d4ee6a" />
      <TestMethod codeBase="D:\actions-runner\_work\XPCO\XPCO\Corporate\RecordingServer\RecorderService\tst\VideoOS.Recorder.UnitTests\bin\x64\Debug\net472\VideoOS.Recorder.UnitTests.dll" adapterTypeName="executor://mstestadapter/v2" className="VideoOS.Recorder.UnitTests.WebServer.SOAPCommandRequestHandlerTests" name="SOAPCommandRequestHandler_ExecuteFunction_HandleOutputActivate_NoSecurity" />
    </UnitTest>
    <UnitTest name="PtzStopSessionCommandHandler_Execute_PtzException_OtherUserSessionAttemptedReleased" storage="d:\actions-runner\_work\xpco\xpco\corporate\recordingserver\recorderservice\tst\videoos.recorder.unittests\bin\x64\debug\net472\videoos.recorder.unittests.dll" id="94344bec-3695-9181-be78-21102b8584df">
      <Execution id="b09910b7-50a0-4614-ba56-162bd5dc05c7" />
      <TestMethod codeBase="D:\actions-runner\_work\XPCO\XPCO\Corporate\RecordingServer\RecorderService\tst\VideoOS.Recorder.UnitTests\bin\x64\Debug\net472\VideoOS.Recorder.UnitTests.dll" adapterTypeName="executor://mstestadapter/v2" className="VideoOS.Recorder.UnitTests.Command.PtzStopSessionCommandHandlerTest" name="PtzStopSessionCommandHandler_Execute_PtzException_OtherUserSessionAttemptedReleased" />
    </UnitTest>
    <UnitTest name="FailoverMediaMover_MoveMediaDataHere_Storage_Offline_Tables_Not_Touched" storage="d:\actions-runner\_work\xpco\xpco\corporate\recordingserver\recorderservice\tst\videoos.recorder.unittests\bin\x64\debug\net472\videoos.recorder.unittests.dll" id="5f69b9c8-39a0-f558-d8b2-db730d17b04b">
      <Execution id="c7952786-71a4-43fe-9d2f-95f62e859703" />
      <TestMethod codeBase="D:\actions-runner\_work\XPCO\XPCO\Corporate\RecordingServer\RecorderService\tst\VideoOS.Recorder.UnitTests\bin\x64\Debug\net472\VideoOS.Recorder.UnitTests.dll" adapterTypeName="executor://mstestadapter/v2" className="VideoOS.Recorder.UnitTests.FailoverMediaMoverUnitTests" name="FailoverMediaMover_MoveMediaDataHere_Storage_Offline_Tables_Not_Touched" />
    </UnitTest>
    <UnitTest name="AddStatus_SendsFailoverStatus_OnRecorderStartedAsFailover" storage="d:\actions-runner\_work\xpco\xpco\corporate\recordingserver\recorderservice\tst\videoos.recorder.unittests\bin\x64\debug\net472\videoos.recorder.unittests.dll" id="e90d824f-6012-1f24-1454-19b6ed28214d">
      <TestCategory>
        <TestCategoryItem TestCategory="RecorderStatus" />
      </TestCategory>
      <Execution id="d061877d-d2b9-4fd6-a687-bd9e70416d38" />
      <TestMethod codeBase="D:\actions-runner\_work\XPCO\XPCO\Corporate\RecordingServer\RecorderService\tst\VideoOS.Recorder.UnitTests\bin\x64\Debug\net472\VideoOS.Recorder.UnitTests.dll" adapterTypeName="executor://mstestadapter/v2" className="VideoOS.Recorder.UnitTests.RecorderStatusTests" name="AddStatus_SendsFailoverStatus_OnRecorderStartedAsFailover" />
    </UnitTest>
    <UnitTest name="SetRecordingCameraWithoutLinks" storage="d:\actions-runner\_work\xpco\xpco\corporate\recordingserver\recorderservice\tst\videoos.recorder.unittests\bin\x64\debug\net472\videoos.recorder.unittests.dll" id="f06abdbb-dcaa-48de-364a-8417d0d0f6e0">
      <TestCategory>
        <TestCategoryItem TestCategory="ObjectModel.Device.RelatedDeviceHandler" />
      </TestCategory>
      <Execution id="c314e41b-8a3a-41c3-92b2-3689526dfe24" />
      <TestMethod codeBase="D:\actions-runner\_work\XPCO\XPCO\Corporate\RecordingServer\RecorderService\tst\VideoOS.Recorder.UnitTests\bin\x64\Debug\net472\VideoOS.Recorder.UnitTests.dll" adapterTypeName="executor://mstestadapter/v2" className="VideoOS.Recorder.UnitTests.ObjectModel.RelatedDeviceHandlerTest" name="SetRecordingCameraWithoutLinks" />
    </UnitTest>
    <UnitTest name="Ctor_Null_Throws_ArgumentNullException" storage="d:\actions-runner\_work\xpco\xpco\corporate\recordingserver\recorderservice\tst\videoos.recorder.unittests\bin\x64\debug\net472\videoos.recorder.unittests.dll" id="8c60bb5b-86a2-ad96-a5fa-dcd40db2418b">
      <Execution id="1b6d75b4-8672-4980-b026-1f668a396709" />
      <TestMethod codeBase="D:\actions-runner\_work\XPCO\XPCO\Corporate\RecordingServer\RecorderService\tst\VideoOS.Recorder.UnitTests\bin\x64\Debug\net472\VideoOS.Recorder.UnitTests.dll" adapterTypeName="executor://mstestadapter/v2" className="VideoOS.Recorder.UnitTests.DriverUpdateHelperUnitTests" name="Ctor_Null_Throws_ArgumentNullException" />
    </UnitTest>
    <UnitTest name="SOAPCommandRequestHandler_ExecuteFunction_HandleSequencesGetAroundWithSpan_NoMaxCountAfter" storage="d:\actions-runner\_work\xpco\xpco\corporate\recordingserver\recorderservice\tst\videoos.recorder.unittests\bin\x64\debug\net472\videoos.recorder.unittests.dll" id="e51ab982-32f9-c264-3c0a-f7a725b05c11">
      <Execution id="19241022-a693-472d-a300-e7a3e20abe13" />
      <TestMethod codeBase="D:\actions-runner\_work\XPCO\XPCO\Corporate\RecordingServer\RecorderService\tst\VideoOS.Recorder.UnitTests\bin\x64\Debug\net472\VideoOS.Recorder.UnitTests.dll" adapterTypeName="executor://mstestadapter/v2" className="VideoOS.Recorder.UnitTests.WebServer.SOAPCommandRequestHandlerTests" name="SOAPCommandRequestHandler_ExecuteFunction_HandleSequencesGetAroundWithSpan_NoMaxCountAfter" />
    </UnitTest>
    <UnitTest name="PtzReleaseSessionCommandHandler_Execute_PtzException_InsufficientPermission" storage="d:\actions-runner\_work\xpco\xpco\corporate\recordingserver\recorderservice\tst\videoos.recorder.unittests\bin\x64\debug\net472\videoos.recorder.unittests.dll" id="fcf15a82-da49-9157-48f3-b2714a89a09a">
      <Execution id="582224b9-9e15-43f0-88fd-3a38ab38d60b" />
      <TestMethod codeBase="D:\actions-runner\_work\XPCO\XPCO\Corporate\RecordingServer\RecorderService\tst\VideoOS.Recorder.UnitTests\bin\x64\Debug\net472\VideoOS.Recorder.UnitTests.dll" adapterTypeName="executor://mstestadapter/v2" className="VideoOS.Recorder.UnitTests.Command.PtzReleaseSessionCommandHandlerTest" name="PtzReleaseSessionCommandHandler_Execute_PtzException_InsufficientPermission" />
    </UnitTest>
    <UnitTest name="FirmwareUpgradeCommandHandler_Execute_HardwareIsReadOnly_Errors" storage="d:\actions-runner\_work\xpco\xpco\corporate\recordingserver\recorderservice\tst\videoos.recorder.unittests\bin\x64\debug\net472\videoos.recorder.unittests.dll" id="7fc1d6ff-a589-5e3a-ff9b-53cb635876e0">
      <Execution id="24096030-dd50-45f4-9e05-4b654c9c20d3" />
      <TestMethod codeBase="D:\actions-runner\_work\XPCO\XPCO\Corporate\RecordingServer\RecorderService\tst\VideoOS.Recorder.UnitTests\bin\x64\Debug\net472\VideoOS.Recorder.UnitTests.dll" adapterTypeName="executor://mstestadapter/v2" className="VideoOS.Recorder.UnitTests.Command.FirmwareUpgradeCommandHandlerUnitTests" name="FirmwareUpgradeCommandHandler_Execute_HardwareIsReadOnly_Errors" />
    </UnitTest>
    <UnitTest name="SOAPCommandRequestHandler_ExecuteFunction_HandleTimeLineInformationGet_NoTimeLineInformationInterval" storage="d:\actions-runner\_work\xpco\xpco\corporate\recordingserver\recorderservice\tst\videoos.recorder.unittests\bin\x64\debug\net472\videoos.recorder.unittests.dll" id="c7e028a4-6536-4768-2d6b-f6d16bc552e3">
      <Execution id="c514eff1-4973-4009-9d6e-bf1dd94d9f99" />
      <TestMethod codeBase="D:\actions-runner\_work\XPCO\XPCO\Corporate\RecordingServer\RecorderService\tst\VideoOS.Recorder.UnitTests\bin\x64\Debug\net472\VideoOS.Recorder.UnitTests.dll" adapterTypeName="executor://mstestadapter/v2" className="VideoOS.Recorder.UnitTests.WebServer.SOAPCommandRequestHandlerTests" name="SOAPCommandRequestHandler_ExecuteFunction_HandleTimeLineInformationGet_NoTimeLineInformationInterval" />
    </UnitTest>
    <UnitTest name="FirmwareUpgradeCommandHandler_Execute_FirmwareUpgradeStatus_ThrowsAlreadyRunning_Errors" storage="d:\actions-runner\_work\xpco\xpco\corporate\recordingserver\recorderservice\tst\videoos.recorder.unittests\bin\x64\debug\net472\videoos.recorder.unittests.dll" id="25d02e8c-16f7-e9f4-478b-305fb020ef3e">
      <Execution id="b1d49048-55af-4618-84e3-1a400082991e" />
      <TestMethod codeBase="D:\actions-runner\_work\XPCO\XPCO\Corporate\RecordingServer\RecorderService\tst\VideoOS.Recorder.UnitTests\bin\x64\Debug\net472\VideoOS.Recorder.UnitTests.dll" adapterTypeName="executor://mstestadapter/v2" className="VideoOS.Recorder.UnitTests.Command.FirmwareUpgradeCommandHandlerUnitTests" name="FirmwareUpgradeCommandHandler_Execute_FirmwareUpgradeStatus_ThrowsAlreadyRunning_Errors" />
    </UnitTest>
    <UnitTest name="PtzReserveSessionCommandHandler_Execute_PtzException_PtzNotSupported" storage="d:\actions-runner\_work\xpco\xpco\corporate\recordingserver\recorderservice\tst\videoos.recorder.unittests\bin\x64\debug\net472\videoos.recorder.unittests.dll" id="4653b7c6-3ebe-3e0e-638f-06af9c964104">
      <Execution id="ccb24e5a-f5e7-4846-9f9c-25a63580758b" />
      <TestMethod codeBase="D:\actions-runner\_work\XPCO\XPCO\Corporate\RecordingServer\RecorderService\tst\VideoOS.Recorder.UnitTests\bin\x64\Debug\net472\VideoOS.Recorder.UnitTests.dll" adapterTypeName="executor://mstestadapter/v2" className="VideoOS.Recorder.UnitTests.Command.PtzReserveSessionCommandHandlerTest" name="PtzReserveSessionCommandHandler_Execute_PtzException_PtzNotSupported" />
    </UnitTest>
    <UnitTest name="ResponseController_BoolResponseNullInput_BadRequestResult" storage="d:\actions-runner\_work\xpco\xpco\corporate\recordingserver\recorderservice\tst\videoos.recorder.unittests\bin\x64\debug\net472\videoos.recorder.unittests.dll" id="2997dccb-198f-1bc8-7ae5-b9bd3bac6ede">
      <Execution id="039ec6cc-89ce-4e6c-9264-26470b3cb693" />
      <TestMethod codeBase="D:\actions-runner\_work\XPCO\XPCO\Corporate\RecordingServer\RecorderService\tst\VideoOS.Recorder.UnitTests\bin\x64\Debug\net472\VideoOS.Recorder.UnitTests.dll" adapterTypeName="executor://mstestadapter/v2" className="VideoOS.Recorder.UnitTests.ResponseControllerTests" name="ResponseController_BoolResponseNullInput_BadRequestResult" />
    </UnitTest>
    <UnitTest name="AudioPlayerOnSpeaker_PlayUsingCurrentThread_ReservationRejected" storage="d:\actions-runner\_work\xpco\xpco\corporate\recordingserver\recorderservice\tst\videoos.recorder.unittests\bin\x64\debug\net472\videoos.recorder.unittests.dll" id="3e6cf1be-b217-81c9-3037-1ebd5891d541">
      <Execution id="e3679844-f368-45e1-86ac-fe887aa6cb2e" />
      <TestMethod codeBase="D:\actions-runner\_work\XPCO\XPCO\Corporate\RecordingServer\RecorderService\tst\VideoOS.Recorder.UnitTests\bin\x64\Debug\net472\VideoOS.Recorder.UnitTests.dll" adapterTypeName="executor://mstestadapter/v2" className="VideoOS.Recorder.UnitTests.AudioMessageHandling.AudioPlayerOnSpeakerTests" name="AudioPlayerOnSpeaker_PlayUsingCurrentThread_ReservationRejected" />
    </UnitTest>
    <UnitTest name="DriverProxyInstanceManager_Constructor_NullCheck" storage="d:\actions-runner\_work\xpco\xpco\corporate\recordingserver\recorderservice\tst\videoos.recorder.unittests\bin\x64\debug\net472\videoos.recorder.unittests.dll" id="b26fd199-5751-1edb-3441-9e034fa75fc4">
      <Execution id="0d9adcb0-3ee1-468f-a644-e3a1bebc6925" />
      <TestMethod codeBase="D:\actions-runner\_work\XPCO\XPCO\Corporate\RecordingServer\RecorderService\tst\VideoOS.Recorder.UnitTests\bin\x64\Debug\net472\VideoOS.Recorder.UnitTests.dll" adapterTypeName="executor://mstestadapter/v2" className="VideoOS.Recorder.UnitTests.DriverProxyInstanceManagerTests" name="DriverProxyInstanceManager_Constructor_NullCheck" />
    </UnitTest>
    <UnitTest name="AudioPlayerOnSpeaker_PlayUsingCurrentThread_4_Devices_3_Failing" storage="d:\actions-runner\_work\xpco\xpco\corporate\recordingserver\recorderservice\tst\videoos.recorder.unittests\bin\x64\debug\net472\videoos.recorder.unittests.dll" id="f935d6b7-2df1-476a-37a6-b512c480aa3c">
      <Execution id="25229df3-12da-4754-9183-43adbb793f5d" />
      <TestMethod codeBase="D:\actions-runner\_work\XPCO\XPCO\Corporate\RecordingServer\RecorderService\tst\VideoOS.Recorder.UnitTests\bin\x64\Debug\net472\VideoOS.Recorder.UnitTests.dll" adapterTypeName="executor://mstestadapter/v2" className="VideoOS.Recorder.UnitTests.AudioMessageHandling.AudioPlayerOnSpeakerTests" name="AudioPlayerOnSpeaker_PlayUsingCurrentThread_4_Devices_3_Failing" />
    </UnitTest>
    <UnitTest name="SOAPCommandRequestHandler_ExecuteFunction_HandlePTZCenter_Zoom_Not_Double" storage="d:\actions-runner\_work\xpco\xpco\corporate\recordingserver\recorderservice\tst\videoos.recorder.unittests\bin\x64\debug\net472\videoos.recorder.unittests.dll" id="a657cb3a-38c0-fb29-81f5-1f9df5b01316">
      <Execution id="42a4278e-7d17-4612-a4c2-76b8e81546cd" />
      <TestMethod codeBase="D:\actions-runner\_work\XPCO\XPCO\Corporate\RecordingServer\RecorderService\tst\VideoOS.Recorder.UnitTests\bin\x64\Debug\net472\VideoOS.Recorder.UnitTests.dll" adapterTypeName="executor://mstestadapter/v2" className="VideoOS.Recorder.UnitTests.WebServer.SOAPCommandRequestHandlerTests" name="SOAPCommandRequestHandler_ExecuteFunction_HandlePTZCenter_Zoom_Not_Double" />
    </UnitTest>
    <UnitTest name="ChangeConfigLinksWhileRecordingCamera" storage="d:\actions-runner\_work\xpco\xpco\corporate\recordingserver\recorderservice\tst\videoos.recorder.unittests\bin\x64\debug\net472\videoos.recorder.unittests.dll" id="2dbd46d0-8c54-2724-aaff-586ac0b36aea">
      <TestCategory>
        <TestCategoryItem TestCategory="ObjectModel.Device.RelatedDeviceHandler" />
      </TestCategory>
      <Execution id="ca82170d-5d9d-4595-821e-63a0f74ec9db" />
      <TestMethod codeBase="D:\actions-runner\_work\XPCO\XPCO\Corporate\RecordingServer\RecorderService\tst\VideoOS.Recorder.UnitTests\bin\x64\Debug\net472\VideoOS.Recorder.UnitTests.dll" adapterTypeName="executor://mstestadapter/v2" className="VideoOS.Recorder.UnitTests.ObjectModel.RelatedDeviceHandlerTest" name="ChangeConfigLinksWhileRecordingCamera" />
    </UnitTest>
    <UnitTest name="SOAPCommandRequestHandler_ExecuteFunction_HandlePTZMoveRelative_NoDeviceId" storage="d:\actions-runner\_work\xpco\xpco\corporate\recordingserver\recorderservice\tst\videoos.recorder.unittests\bin\x64\debug\net472\videoos.recorder.unittests.dll" id="e49981d3-2ce5-6303-6dfc-5344392bd815">
      <Execution id="b1050666-8ec7-4a3d-8c8f-c88919a74082" />
      <TestMethod codeBase="D:\actions-runner\_work\XPCO\XPCO\Corporate\RecordingServer\RecorderService\tst\VideoOS.Recorder.UnitTests\bin\x64\Debug\net472\VideoOS.Recorder.UnitTests.dll" adapterTypeName="executor://mstestadapter/v2" className="VideoOS.Recorder.UnitTests.WebServer.SOAPCommandRequestHandlerTests" name="SOAPCommandRequestHandler_ExecuteFunction_HandlePTZMoveRelative_NoDeviceId" />
    </UnitTest>
    <UnitTest name="IsInRange_ShouldReturnFalse_WhenEndHasIncorrectFormat" storage="d:\actions-runner\_work\xpco\xpco\corporate\recordingserver\recorderservice\tst\videoos.recorder.unittests\bin\x64\debug\net472\videoos.recorder.unittests.dll" id="34d6c2ba-7066-1f87-cafb-c22794b8fcae">
      <Execution id="1a5a790d-f662-4614-80fb-35beb5f83810" />
      <TestMethod codeBase="D:\actions-runner\_work\XPCO\XPCO\Corporate\RecordingServer\RecorderService\tst\VideoOS.Recorder.UnitTests\bin\x64\Debug\net472\VideoOS.Recorder.UnitTests.dll" adapterTypeName="executor://mstestadapter/v2" className="VideoOS.Recorder.UnitTests.DeviceDiscovery.MipDriversDiscoveryTaskTests" name="IsInRange_ShouldReturnFalse_WhenEndHasIncorrectFormat" />
    </UnitTest>
    <UnitTest name="ConnectUpdate_Failed_TokenInvalid" storage="d:\actions-runner\_work\xpco\xpco\corporate\recordingserver\recorderservice\tst\videoos.recorder.unittests\bin\x64\debug\net472\videoos.recorder.unittests.dll" id="8c02a264-004f-1e21-3fee-9edeaf2e53df">
      <Execution id="e6882bee-c5cb-4041-8726-c7f4c0f5cd14" />
      <TestMethod codeBase="D:\actions-runner\_work\XPCO\XPCO\Corporate\RecordingServer\RecorderService\tst\VideoOS.Recorder.UnitTests\bin\x64\Debug\net472\VideoOS.Recorder.UnitTests.dll" adapterTypeName="executor://mstestadapter/v2" className="VideoOS.Recorder.UnitTests.WebServer.ImageServerRequestHandlerTests" name="ConnectUpdate_Failed_TokenInvalid" />
    </UnitTest>
    <UnitTest name="PingDeviceCommandHandler_Execute_NullArgs_Throws" storage="d:\actions-runner\_work\xpco\xpco\corporate\recordingserver\recorderservice\tst\videoos.recorder.unittests\bin\x64\debug\net472\videoos.recorder.unittests.dll" id="e20374bf-d2a7-0e47-aed0-8de3d57cd71b">
      <Execution id="b27f07ee-3f28-400b-9139-a23f54de8248" />
      <TestMethod codeBase="D:\actions-runner\_work\XPCO\XPCO\Corporate\RecordingServer\RecorderService\tst\VideoOS.Recorder.UnitTests\bin\x64\Debug\net472\VideoOS.Recorder.UnitTests.dll" adapterTypeName="executor://mstestadapter/v2" className="VideoOS.Recorder.UnitTests.Command.PingDeviceCommandHandlerUnitTests" name="PingDeviceCommandHandler_Execute_NullArgs_Throws" />
    </UnitTest>
    <UnitTest name="PtzManagerDataHolder_GetSchema_Not_Found" storage="d:\actions-runner\_work\xpco\xpco\corporate\recordingserver\recorderservice\tst\videoos.recorder.unittests\bin\x64\debug\net472\videoos.recorder.unittests.dll" id="8fa4b3e3-03f0-b4e5-5ef6-2270848dbaea">
      <Execution id="c0c13e3d-3bdb-44bf-be5c-24b3524e7ca3" />
      <TestMethod codeBase="D:\actions-runner\_work\XPCO\XPCO\Corporate\RecordingServer\RecorderService\tst\VideoOS.Recorder.UnitTests\bin\x64\Debug\net472\VideoOS.Recorder.UnitTests.dll" adapterTypeName="executor://mstestadapter/v2" className="VideoOS.Recorder.UnitTests.Command.PtzManagerDataHolderTest" name="PtzManagerDataHolder_GetSchema_Not_Found" />
    </UnitTest>
    <UnitTest name="LicenseManager_FeatureExists_AxisOneClock_Fail" storage="d:\actions-runner\_work\xpco\xpco\corporate\recordingserver\recorderservice\tst\videoos.recorder.unittests\bin\x64\debug\net472\videoos.recorder.unittests.dll" id="d0389a67-3bd2-daf8-7276-c5237526e530">
      <TestCategory>
        <TestCategoryItem TestCategory="Licensing" />
      </TestCategory>
      <Execution id="5ca4288c-2af4-4808-b913-05c6667b3b78" />
      <TestMethod codeBase="D:\actions-runner\_work\XPCO\XPCO\Corporate\RecordingServer\RecorderService\tst\VideoOS.Recorder.UnitTests\bin\x64\Debug\net472\VideoOS.Recorder.UnitTests.dll" adapterTypeName="executor://mstestadapter/v2" className="VideoOS.Recorder.UnitTests.Licensing.LicenseManagerUnitTests" name="LicenseManager_FeatureExists_AxisOneClock_Fail" />
    </UnitTest>
    <UnitTest name="MediaStorageEventSource_InitializationTest" storage="d:\actions-runner\_work\xpco\xpco\corporate\recordingserver\recorderservice\tst\videoos.recorder.unittests\bin\x64\debug\net472\videoos.recorder.unittests.dll" id="70bb42e0-bf26-6c57-0a75-355d85662aea">
      <Execution id="4fdb0e35-f692-4665-bbeb-427d14ece3bd" />
      <TestMethod codeBase="D:\actions-runner\_work\XPCO\XPCO\Corporate\RecordingServer\RecorderService\tst\VideoOS.Recorder.UnitTests\bin\x64\Debug\net472\VideoOS.Recorder.UnitTests.dll" adapterTypeName="executor://mstestadapter/v2" className="VideoOS.Recorder.UnitTests.Tracing.GeneralTracingTests" name="MediaStorageEventSource_InitializationTest" />
    </UnitTest>
    <UnitTest name="PtzPatrollingSessionBase_ExternalStopAndMoveToEndPosition_Success" storage="d:\actions-runner\_work\xpco\xpco\corporate\recordingserver\recorderservice\tst\videoos.recorder.unittests\bin\x64\debug\net472\videoos.recorder.unittests.dll" id="35681243-c5d4-5cde-895e-fcaef21a02af">
      <Execution id="e1bb847c-b2e2-43ef-b097-a31fe20014d1" />
      <TestMethod codeBase="D:\actions-runner\_work\XPCO\XPCO\Corporate\RecordingServer\RecorderService\tst\VideoOS.Recorder.UnitTests\bin\x64\Debug\net472\VideoOS.Recorder.UnitTests.dll" adapterTypeName="executor://mstestadapter/v2" className="VideoOS.Recorder.UnitTests.Command.PtzSessionsTests" name="PtzPatrollingSessionBase_ExternalStopAndMoveToEndPosition_Success" />
    </UnitTest>
    <UnitTest name="PtzManager_GotoPreset_Success" storage="d:\actions-runner\_work\xpco\xpco\corporate\recordingserver\recorderservice\tst\videoos.recorder.unittests\bin\x64\debug\net472\videoos.recorder.unittests.dll" id="6988a5e0-e3c4-d15b-8e6e-ee49205b2a61">
      <Execution id="66d463b0-8ce2-4b3b-923a-ecc19a9ce832" />
      <TestMethod codeBase="D:\actions-runner\_work\XPCO\XPCO\Corporate\RecordingServer\RecorderService\tst\VideoOS.Recorder.UnitTests\bin\x64\Debug\net472\VideoOS.Recorder.UnitTests.dll" adapterTypeName="executor://mstestadapter/v2" className="VideoOS.Recorder.UnitTests.Command.PtzManagerTests" name="PtzManager_GotoPreset_Success" />
    </UnitTest>
    <UnitTest name="GetHardwareUsersCommandHandler_Execute_GetUserList_ThrowsMemoryException_Throws" storage="d:\actions-runner\_work\xpco\xpco\corporate\recordingserver\recorderservice\tst\videoos.recorder.unittests\bin\x64\debug\net472\videoos.recorder.unittests.dll" id="fe82c807-4832-5e8f-08c7-a4a9914235b0">
      <Execution id="68d0b37b-662a-4807-8c3d-05db49861691" />
      <TestMethod codeBase="D:\actions-runner\_work\XPCO\XPCO\Corporate\RecordingServer\RecorderService\tst\VideoOS.Recorder.UnitTests\bin\x64\Debug\net472\VideoOS.Recorder.UnitTests.dll" adapterTypeName="executor://mstestadapter/v2" className="VideoOS.Recorder.UnitTests.Command.GetHardwareUsersCommandHandlerUnitTests" name="GetHardwareUsersCommandHandler_Execute_GetUserList_ThrowsMemoryException_Throws" />
    </UnitTest>
    <UnitTest name="TriggerEventAsGlobal_IsValid_NoContent" storage="d:\actions-runner\_work\xpco\xpco\corporate\recordingserver\recorderservice\tst\videoos.recorder.unittests\bin\x64\debug\net472\videoos.recorder.unittests.dll" id="a6d890d9-ba20-2a4c-cb99-488fc7063ee6">
      <Execution id="7faf7e4e-917c-40c4-8d2c-d4e61def990b" />
      <TestMethod codeBase="D:\actions-runner\_work\XPCO\XPCO\Corporate\RecordingServer\RecorderService\tst\VideoOS.Recorder.UnitTests\bin\x64\Debug\net472\VideoOS.Recorder.UnitTests.dll" adapterTypeName="executor://mstestadapter/v2" className="VideoOS.Recorder.UnitTests.EventsControllerTests" name="TriggerEventAsGlobal_IsValid_NoContent" />
    </UnitTest>
    <UnitTest name="SOAPCommandRequestHandler_ExecuteFunction_HandleSequencesGet_No_Speaker_Security" storage="d:\actions-runner\_work\xpco\xpco\corporate\recordingserver\recorderservice\tst\videoos.recorder.unittests\bin\x64\debug\net472\videoos.recorder.unittests.dll" id="068809ea-9aa8-35d4-7bb8-e61f3cca836c">
      <Execution id="b040b2f5-7075-4f68-89a8-a77a3f6eb643" />
      <TestMethod codeBase="D:\actions-runner\_work\XPCO\XPCO\Corporate\RecordingServer\RecorderService\tst\VideoOS.Recorder.UnitTests\bin\x64\Debug\net472\VideoOS.Recorder.UnitTests.dll" adapterTypeName="executor://mstestadapter/v2" className="VideoOS.Recorder.UnitTests.WebServer.SOAPCommandRequestHandlerTests" name="SOAPCommandRequestHandler_ExecuteFunction_HandleSequencesGet_No_Speaker_Security" />
    </UnitTest>
    <UnitTest name="AddStatus_SendsCombinedStatus_OnMultipleStatusCalls" storage="d:\actions-runner\_work\xpco\xpco\corporate\recordingserver\recorderservice\tst\videoos.recorder.unittests\bin\x64\debug\net472\videoos.recorder.unittests.dll" id="227a9887-6644-92d2-9aa6-ba62239af7d9">
      <TestCategory>
        <TestCategoryItem TestCategory="RecorderStatus" />
      </TestCategory>
      <Execution id="e35dc075-3417-4e7b-9b4f-f626f86e4803" />
      <TestMethod codeBase="D:\actions-runner\_work\XPCO\XPCO\Corporate\RecordingServer\RecorderService\tst\VideoOS.Recorder.UnitTests\bin\x64\Debug\net472\VideoOS.Recorder.UnitTests.dll" adapterTypeName="executor://mstestadapter/v2" className="VideoOS.Recorder.UnitTests.RecorderStatusTests" name="AddStatus_SendsCombinedStatus_OnMultipleStatusCalls" />
    </UnitTest>
    <UnitTest name="PtzManager_CenterAndZoomToRectangle_NoMediaFeedHandler" storage="d:\actions-runner\_work\xpco\xpco\corporate\recordingserver\recorderservice\tst\videoos.recorder.unittests\bin\x64\debug\net472\videoos.recorder.unittests.dll" id="c7df2786-1bf9-b767-0796-f1e6a90b1ad9">
      <Execution id="afce6675-ebcc-49b1-8758-e013d68d2305" />
      <TestMethod codeBase="D:\actions-runner\_work\XPCO\XPCO\Corporate\RecordingServer\RecorderService\tst\VideoOS.Recorder.UnitTests\bin\x64\Debug\net472\VideoOS.Recorder.UnitTests.dll" adapterTypeName="executor://mstestadapter/v2" className="VideoOS.Recorder.UnitTests.Command.PtzManagerTests" name="PtzManager_CenterAndZoomToRectangle_NoMediaFeedHandler" />
    </UnitTest>
    <UnitTest name="ConnectSuccessSimple_SpeakerNoMultipart" storage="d:\actions-runner\_work\xpco\xpco\corporate\recordingserver\recorderservice\tst\videoos.recorder.unittests\bin\x64\debug\net472\videoos.recorder.unittests.dll" id="5ddebc41-c5fe-0924-cc3f-0fe55dddcf87">
      <Execution id="9cfad3cb-36f7-484b-a842-1552934987d8" />
      <TestMethod codeBase="D:\actions-runner\_work\XPCO\XPCO\Corporate\RecordingServer\RecorderService\tst\VideoOS.Recorder.UnitTests\bin\x64\Debug\net472\VideoOS.Recorder.UnitTests.dll" adapterTypeName="executor://mstestadapter/v2" className="VideoOS.Recorder.UnitTests.WebServer.ImageServerRequestHandlerTests" name="ConnectSuccessSimple_SpeakerNoMultipart" />
    </UnitTest>
    <UnitTest name="SOAPCommandRequestHandler_ExecuteFunction_HandleMulticastStart_Client_Cant_Handle_PrivacyMask" storage="d:\actions-runner\_work\xpco\xpco\corporate\recordingserver\recorderservice\tst\videoos.recorder.unittests\bin\x64\debug\net472\videoos.recorder.unittests.dll" id="2614e9c9-d868-e53f-d1f7-c14b411ec857">
      <Execution id="448dc811-2cd1-484d-affa-95d54943d888" />
      <TestMethod codeBase="D:\actions-runner\_work\XPCO\XPCO\Corporate\RecordingServer\RecorderService\tst\VideoOS.Recorder.UnitTests\bin\x64\Debug\net472\VideoOS.Recorder.UnitTests.dll" adapterTypeName="executor://mstestadapter/v2" className="VideoOS.Recorder.UnitTests.WebServer.SOAPCommandRequestHandlerTests" name="SOAPCommandRequestHandler_ExecuteFunction_HandleMulticastStart_Client_Cant_Handle_PrivacyMask" />
    </UnitTest>
    <UnitTest name="ConfigurationController_UpdateSecurityConfiguration_IsValid_NoContent" storage="d:\actions-runner\_work\xpco\xpco\corporate\recordingserver\recorderservice\tst\videoos.recorder.unittests\bin\x64\debug\net472\videoos.recorder.unittests.dll" id="93976be4-fb9f-5da8-5ace-0c4cfb0b5d69">
      <Execution id="75b74a54-db9e-43fe-9073-840cab9a440a" />
      <TestMethod codeBase="D:\actions-runner\_work\XPCO\XPCO\Corporate\RecordingServer\RecorderService\tst\VideoOS.Recorder.UnitTests\bin\x64\Debug\net472\VideoOS.Recorder.UnitTests.dll" adapterTypeName="executor://mstestadapter/v2" className="VideoOS.Recorder.UnitTests.ConfigurationControllerTests" name="ConfigurationController_UpdateSecurityConfiguration_IsValid_NoContent" />
    </UnitTest>
    <UnitTest name="DriverProxyInstanceManager_RemoveNonaddedHardware_WarningLogged" storage="d:\actions-runner\_work\xpco\xpco\corporate\recordingserver\recorderservice\tst\videoos.recorder.unittests\bin\x64\debug\net472\videoos.recorder.unittests.dll" id="bb586174-9b05-807d-80c0-f849bdb676e7">
      <Execution id="30f95101-4385-4cea-8f76-5b985de02de2" />
      <TestMethod codeBase="D:\actions-runner\_work\XPCO\XPCO\Corporate\RecordingServer\RecorderService\tst\VideoOS.Recorder.UnitTests\bin\x64\Debug\net472\VideoOS.Recorder.UnitTests.dll" adapterTypeName="executor://mstestadapter/v2" className="VideoOS.Recorder.UnitTests.DriverProxyInstanceManagerTests" name="DriverProxyInstanceManager_RemoveNonaddedHardware_WarningLogged" />
    </UnitTest>
    <UnitTest name="ResolveIdAndMessage_MediaDatabaseEvents_WithBankMetaData" storage="d:\actions-runner\_work\xpco\xpco\corporate\recordingserver\recorderservice\tst\videoos.recorder.unittests\bin\x64\debug\net472\videoos.recorder.unittests.dll" id="2af9ef9c-9649-cbbf-8f5c-39f4b3056be4">
      <Execution id="cbc91eb2-b073-4f95-91ed-0c49dc171d58" />
      <TestMethod codeBase="D:\actions-runner\_work\XPCO\XPCO\Corporate\RecordingServer\RecorderService\tst\VideoOS.Recorder.UnitTests\bin\x64\Debug\net472\VideoOS.Recorder.UnitTests.dll" adapterTypeName="executor://mstestadapter/v2" className="VideoOS.Recorder.UnitTests.RuleActions.SendSNMPTrapRuleActionTests" name="ResolveIdAndMessage_MediaDatabaseEvents_WithBankMetaData" />
    </UnitTest>
    <UnitTest name="SetNetworkConfigurationCommandHandler_Execute_InvalidIP_Fails" storage="d:\actions-runner\_work\xpco\xpco\corporate\recordingserver\recorderservice\tst\videoos.recorder.unittests\bin\x64\debug\net472\videoos.recorder.unittests.dll" id="c44abdd5-f222-3297-c803-b1ba133feffe">
      <Execution id="0c582ae9-4ed8-4eff-8d65-36b9fae0f6f0" />
      <TestMethod codeBase="D:\actions-runner\_work\XPCO\XPCO\Corporate\RecordingServer\RecorderService\tst\VideoOS.Recorder.UnitTests\bin\x64\Debug\net472\VideoOS.Recorder.UnitTests.dll" adapterTypeName="executor://mstestadapter/v2" className="VideoOS.Recorder.UnitTests.Command.SetNetworkConfigurationCommandHandlerUnitTests" name="SetNetworkConfigurationCommandHandler_Execute_InvalidIP_Fails" />
    </UnitTest>
    <UnitTest name="ReapplyHardwareSettingsManager_SetConfiguration_TimeNowBeforTriger_Success" storage="d:\actions-runner\_work\xpco\xpco\corporate\recordingserver\recorderservice\tst\videoos.recorder.unittests\bin\x64\debug\net472\videoos.recorder.unittests.dll" id="2179afc7-5504-0b02-24e4-fcc21a48aef2">
      <Execution id="be424ded-550b-456e-b016-d12f0a18fd01" />
      <TestMethod codeBase="D:\actions-runner\_work\XPCO\XPCO\Corporate\RecordingServer\RecorderService\tst\VideoOS.Recorder.UnitTests\bin\x64\Debug\net472\VideoOS.Recorder.UnitTests.dll" adapterTypeName="executor://mstestadapter/v2" className="VideoOS.Recorder.UnitTests.ReapplyHardwareSettingsManagerTests" name="ReapplyHardwareSettingsManager_SetConfiguration_TimeNowBeforTriger_Success" />
    </UnitTest>
    <UnitTest name="MediaDbUtil_MultitrackNavigation_Scenario10" storage="d:\actions-runner\_work\xpco\xpco\corporate\recordingserver\recorderservice\tst\videoos.recorder.unittests\bin\x64\debug\net472\videoos.recorder.unittests.dll" id="eb7c6e32-ac7c-6c90-89b5-7243ed2764b5">
      <Execution id="fc0c74e6-6a5a-492e-a42d-627d997446d0" />
      <TestMethod codeBase="D:\actions-runner\_work\XPCO\XPCO\Corporate\RecordingServer\RecorderService\tst\VideoOS.Recorder.UnitTests\bin\x64\Debug\net472\VideoOS.Recorder.UnitTests.dll" adapterTypeName="executor://mstestadapter/v2" className="VideoOS.Recorder.UnitTests.WebServer.MediaDbUtilUnitTests" name="MediaDbUtil_MultitrackNavigation_Scenario10" />
    </UnitTest>
    <UnitTest name="RepairInfo_ParseRepairInfoXml_NotRepairXML_NotRepairing" storage="d:\actions-runner\_work\xpco\xpco\corporate\recordingserver\recorderservice\tst\videoos.recorder.unittests\bin\x64\debug\net472\videoos.recorder.unittests.dll" id="0fa0b296-825d-51eb-b99d-20cf04cf2923">
      <Execution id="646c7b76-14b4-46ac-9c2e-eff8db5bb27c" />
      <TestMethod codeBase="D:\actions-runner\_work\XPCO\XPCO\Corporate\RecordingServer\RecorderService\tst\VideoOS.Recorder.UnitTests\bin\x64\Debug\net472\VideoOS.Recorder.UnitTests.dll" adapterTypeName="executor://mstestadapter/v2" className="VideoOS.Recorder.UnitTests.Database.RepairInfoUnitTests" name="RepairInfo_ParseRepairInfoXml_NotRepairXML_NotRepairing" />
    </UnitTest>
    <UnitTest name="PtzManager_MakeReservedPtzSession_Success" storage="d:\actions-runner\_work\xpco\xpco\corporate\recordingserver\recorderservice\tst\videoos.recorder.unittests\bin\x64\debug\net472\videoos.recorder.unittests.dll" id="52ea9e02-ac65-5d36-73b4-e150a0471321">
      <Execution id="55664ab5-6d80-4da3-a563-c8e5df5b2ed9" />
      <TestMethod codeBase="D:\actions-runner\_work\XPCO\XPCO\Corporate\RecordingServer\RecorderService\tst\VideoOS.Recorder.UnitTests\bin\x64\Debug\net472\VideoOS.Recorder.UnitTests.dll" adapterTypeName="executor://mstestadapter/v2" className="VideoOS.Recorder.UnitTests.Command.PtzManagerTests" name="PtzManager_MakeReservedPtzSession_Success" />
    </UnitTest>
    <UnitTest name="SOAPCommandRequestHandler_ExecuteFunction_HandleIsManualRecording_NoDeviceIds" storage="d:\actions-runner\_work\xpco\xpco\corporate\recordingserver\recorderservice\tst\videoos.recorder.unittests\bin\x64\debug\net472\videoos.recorder.unittests.dll" id="35742c37-1efd-f75e-f896-f0b8fc5d7bd8">
      <Execution id="bfdd14b0-1ea8-4dee-921a-a821e25f01e9" />
      <TestMethod codeBase="D:\actions-runner\_work\XPCO\XPCO\Corporate\RecordingServer\RecorderService\tst\VideoOS.Recorder.UnitTests\bin\x64\Debug\net472\VideoOS.Recorder.UnitTests.dll" adapterTypeName="executor://mstestadapter/v2" className="VideoOS.Recorder.UnitTests.WebServer.SOAPCommandRequestHandlerTests" name="SOAPCommandRequestHandler_ExecuteFunction_HandleIsManualRecording_NoDeviceIds" />
    </UnitTest>
    <UnitTest name="SmartSearchHandlerBackwardTestDataWithoutMotion" storage="d:\actions-runner\_work\xpco\xpco\corporate\recordingserver\recorderservice\tst\videoos.recorder.unittests\bin\x64\debug\net472\videoos.recorder.unittests.dll" id="608047e5-df85-8405-ad65-35084ce865e2">
      <TestCategory>
        <TestCategoryItem TestCategory="SmartSearch" />
      </TestCategory>
      <Execution id="9dd21672-236d-48f6-bf94-9b8ad4da3165" />
      <TestMethod codeBase="D:\actions-runner\_work\XPCO\XPCO\Corporate\RecordingServer\RecorderService\tst\VideoOS.Recorder.UnitTests\bin\x64\Debug\net472\VideoOS.Recorder.UnitTests.dll" adapterTypeName="executor://mstestadapter/v2" className="VideoOS.Recorder.UnitTests.SmartSearch.SmartSearchHandlerTest" name="SmartSearchHandlerBackwardTestDataWithoutMotion" />
    </UnitTest>
    <UnitTest name="FailoverMediaMover_MoveMediaDataHere_Existing_Devices_Moved" storage="d:\actions-runner\_work\xpco\xpco\corporate\recordingserver\recorderservice\tst\videoos.recorder.unittests\bin\x64\debug\net472\videoos.recorder.unittests.dll" id="a9041abb-6544-b2ae-80ca-adbdbda94a5e">
      <Execution id="ff11a281-0478-4fce-a0d7-40b3528dc519" />
      <TestMethod codeBase="D:\actions-runner\_work\XPCO\XPCO\Corporate\RecordingServer\RecorderService\tst\VideoOS.Recorder.UnitTests\bin\x64\Debug\net472\VideoOS.Recorder.UnitTests.dll" adapterTypeName="executor://mstestadapter/v2" className="VideoOS.Recorder.UnitTests.FailoverMediaMoverUnitTests" name="FailoverMediaMover_MoveMediaDataHere_Existing_Devices_Moved" />
    </UnitTest>
    <UnitTest name="CreateSettingsForInitializeHardwareAndDeviceSettings_WithInitAttributes_Return_Settings" storage="d:\actions-runner\_work\xpco\xpco\corporate\recordingserver\recorderservice\tst\videoos.recorder.unittests\bin\x64\debug\net472\videoos.recorder.unittests.dll" id="9867f707-d2cd-5e0b-65b7-7abbd2d8a3f8">
      <Execution id="fd3272e6-8699-4e30-aa15-06a53addd59c" />
      <TestMethod codeBase="D:\actions-runner\_work\XPCO\XPCO\Corporate\RecordingServer\RecorderService\tst\VideoOS.Recorder.UnitTests\bin\x64\Debug\net472\VideoOS.Recorder.UnitTests.dll" adapterTypeName="executor://mstestadapter/v2" className="VideoOS.Recorder.UnitTests.ConfigurationDatasetHolderUnitTests" name="CreateSettingsForInitializeHardwareAndDeviceSettings_WithInitAttributes_Return_Settings" />
    </UnitTest>
    <UnitTest name="SOAPCommandRequestHandler_ExecuteFunction_HandleSequencesGet_No_Camera_Security" storage="d:\actions-runner\_work\xpco\xpco\corporate\recordingserver\recorderservice\tst\videoos.recorder.unittests\bin\x64\debug\net472\videoos.recorder.unittests.dll" id="f8e7e248-acdc-916a-4a20-0506ab973b75">
      <Execution id="21c8b651-9a9f-4859-bbc9-704af02abc44" />
      <TestMethod codeBase="D:\actions-runner\_work\XPCO\XPCO\Corporate\RecordingServer\RecorderService\tst\VideoOS.Recorder.UnitTests\bin\x64\Debug\net472\VideoOS.Recorder.UnitTests.dll" adapterTypeName="executor://mstestadapter/v2" className="VideoOS.Recorder.UnitTests.WebServer.SOAPCommandRequestHandlerTests" name="SOAPCommandRequestHandler_ExecuteFunction_HandleSequencesGet_No_Camera_Security" />
    </UnitTest>
    <UnitTest name="ConnectSuccess_FrameBrowseLayer_NoMedia" storage="d:\actions-runner\_work\xpco\xpco\corporate\recordingserver\recorderservice\tst\videoos.recorder.unittests\bin\x64\debug\net472\videoos.recorder.unittests.dll" id="1ba1561c-f0fa-3c62-50fc-6a8fbfa90a60">
      <Execution id="151bef65-fd2f-44ad-b5a4-eb82bf0853bd" />
      <TestMethod codeBase="D:\actions-runner\_work\XPCO\XPCO\Corporate\RecordingServer\RecorderService\tst\VideoOS.Recorder.UnitTests\bin\x64\Debug\net472\VideoOS.Recorder.UnitTests.dll" adapterTypeName="executor://mstestadapter/v2" className="VideoOS.Recorder.UnitTests.WebServer.ImageServerRequestHandlerTests" name="ConnectSuccess_FrameBrowseLayer_NoMedia" />
    </UnitTest>
    <UnitTest name="PtzManager_SetConfiguration_Argument_Exception" storage="d:\actions-runner\_work\xpco\xpco\corporate\recordingserver\recorderservice\tst\videoos.recorder.unittests\bin\x64\debug\net472\videoos.recorder.unittests.dll" id="2126a3d7-efef-0ba3-c990-5cc004ed5ed9">
      <Execution id="7fca808e-fde9-4fa6-a0d0-601e366f1fb3" />
      <TestMethod codeBase="D:\actions-runner\_work\XPCO\XPCO\Corporate\RecordingServer\RecorderService\tst\VideoOS.Recorder.UnitTests\bin\x64\Debug\net472\VideoOS.Recorder.UnitTests.dll" adapterTypeName="executor://mstestadapter/v2" className="VideoOS.Recorder.UnitTests.Command.PtzManagerTests" name="PtzManager_SetConfiguration_Argument_Exception" />
    </UnitTest>
    <UnitTest name="MediaDbCache_SetDiskUsageInformationBank_Set_Twice_Caches_First" storage="d:\actions-runner\_work\xpco\xpco\corporate\recordingserver\recorderservice\tst\videoos.recorder.unittests\bin\x64\debug\net472\videoos.recorder.unittests.dll" id="fee89795-4175-c6d2-9287-8735bfb09744">
      <Execution id="256aa157-c7ee-4b4c-9580-12ebdd798dc1" />
      <TestMethod codeBase="D:\actions-runner\_work\XPCO\XPCO\Corporate\RecordingServer\RecorderService\tst\VideoOS.Recorder.UnitTests\bin\x64\Debug\net472\VideoOS.Recorder.UnitTests.dll" adapterTypeName="executor://mstestadapter/v2" className="VideoOS.Recorder.UnitTests.Database.MediaDbCacheUnitTests" name="MediaDbCache_SetDiskUsageInformationBank_Set_Twice_Caches_First" />
    </UnitTest>
    <UnitTest name="SOAPCommandRequestHandler_ExecuteFunction_HandlePTZRectangle_Success" storage="d:\actions-runner\_work\xpco\xpco\corporate\recordingserver\recorderservice\tst\videoos.recorder.unittests\bin\x64\debug\net472\videoos.recorder.unittests.dll" id="900c9cd5-08a4-4d6a-4132-97a4eb93252f">
      <Execution id="84544220-5ca0-4508-a5af-73901c5aa466" />
      <TestMethod codeBase="D:\actions-runner\_work\XPCO\XPCO\Corporate\RecordingServer\RecorderService\tst\VideoOS.Recorder.UnitTests\bin\x64\Debug\net472\VideoOS.Recorder.UnitTests.dll" adapterTypeName="executor://mstestadapter/v2" className="VideoOS.Recorder.UnitTests.WebServer.SOAPCommandRequestHandlerTests" name="SOAPCommandRequestHandler_ExecuteFunction_HandlePTZRectangle_Success" />
    </UnitTest>
    <UnitTest name="IsInRange_ShouldReturnTrue_WhenAddressIsBetweenStartAndEndBigRange" storage="d:\actions-runner\_work\xpco\xpco\corporate\recordingserver\recorderservice\tst\videoos.recorder.unittests\bin\x64\debug\net472\videoos.recorder.unittests.dll" id="ded54c5d-6865-8904-17e6-b13eabf08e52">
      <Execution id="f587f7e8-14fb-4c53-9914-091d03cfaa5c" />
      <TestMethod codeBase="D:\actions-runner\_work\XPCO\XPCO\Corporate\RecordingServer\RecorderService\tst\VideoOS.Recorder.UnitTests\bin\x64\Debug\net472\VideoOS.Recorder.UnitTests.dll" adapterTypeName="executor://mstestadapter/v2" className="VideoOS.Recorder.UnitTests.DeviceDiscovery.MipDriversDiscoveryTaskTests" name="IsInRange_ShouldReturnTrue_WhenAddressIsBetweenStartAndEndBigRange" />
    </UnitTest>
    <UnitTest name="SOAPCommandRequestHandler_ExecuteFunction_HandleSendDriverCommandWithResponse_NoSecurity" storage="d:\actions-runner\_work\xpco\xpco\corporate\recordingserver\recorderservice\tst\videoos.recorder.unittests\bin\x64\debug\net472\videoos.recorder.unittests.dll" id="ac23d499-5db5-40ba-bc6d-e74471358df3">
      <Execution id="ee0edfe7-969c-40de-b560-866c0e4077b2" />
      <TestMethod codeBase="D:\actions-runner\_work\XPCO\XPCO\Corporate\RecordingServer\RecorderService\tst\VideoOS.Recorder.UnitTests\bin\x64\Debug\net472\VideoOS.Recorder.UnitTests.dll" adapterTypeName="executor://mstestadapter/v2" className="VideoOS.Recorder.UnitTests.WebServer.SOAPCommandRequestHandlerTests" name="SOAPCommandRequestHandler_ExecuteFunction_HandleSendDriverCommandWithResponse_NoSecurity" />
    </UnitTest>
    <UnitTest name="Start_WebErrorOnFirstTry_StartTimer" storage="d:\actions-runner\_work\xpco\xpco\corporate\recordingserver\recorderservice\tst\videoos.recorder.unittests\bin\x64\debug\net472\videoos.recorder.unittests.dll" id="23c99a93-5a9e-a3d8-1fc7-484a81c0d432">
      <Execution id="a5f6abdc-73df-49f1-9e2d-4a5b367a33e4" />
      <TestMethod codeBase="D:\actions-runner\_work\XPCO\XPCO\Corporate\RecordingServer\RecorderService\tst\VideoOS.Recorder.UnitTests\bin\x64\Debug\net472\VideoOS.Recorder.UnitTests.dll" adapterTypeName="executor://mstestadapter/v2" className="VideoOS.Recorder.UnitTests.CommManagerWebApiTests" name="Start_WebErrorOnFirstTry_StartTimer" />
    </UnitTest>
    <UnitTest name="DriverProxyInstanceManager_AddSameHardwareTwice_AddedToProxyInstanceOnlyOnce" storage="d:\actions-runner\_work\xpco\xpco\corporate\recordingserver\recorderservice\tst\videoos.recorder.unittests\bin\x64\debug\net472\videoos.recorder.unittests.dll" id="c4a10832-9a58-deb5-3a21-94cad219c233">
      <Execution id="795c79a3-306f-4525-9fc8-e84d09111a84" />
      <TestMethod codeBase="D:\actions-runner\_work\XPCO\XPCO\Corporate\RecordingServer\RecorderService\tst\VideoOS.Recorder.UnitTests\bin\x64\Debug\net472\VideoOS.Recorder.UnitTests.dll" adapterTypeName="executor://mstestadapter/v2" className="VideoOS.Recorder.UnitTests.DriverProxyInstanceManagerTests" name="DriverProxyInstanceManager_AddSameHardwareTwice_AddedToProxyInstanceOnlyOnce" />
    </UnitTest>
    <UnitTest name="SmartSearchHandlerForwardTestNoData" storage="d:\actions-runner\_work\xpco\xpco\corporate\recordingserver\recorderservice\tst\videoos.recorder.unittests\bin\x64\debug\net472\videoos.recorder.unittests.dll" id="1cedb6d8-0f35-fa43-836b-425cffa2cc0a">
      <TestCategory>
        <TestCategoryItem TestCategory="SmartSearch" />
      </TestCategory>
      <Execution id="77b0f395-a5e4-4807-81af-fc9c5dadbb28" />
      <TestMethod codeBase="D:\actions-runner\_work\XPCO\XPCO\Corporate\RecordingServer\RecorderService\tst\VideoOS.Recorder.UnitTests\bin\x64\Debug\net472\VideoOS.Recorder.UnitTests.dll" adapterTypeName="executor://mstestadapter/v2" className="VideoOS.Recorder.UnitTests.SmartSearch.SmartSearchHandlerTest" name="SmartSearchHandlerForwardTestNoData" />
    </UnitTest>
    <UnitTest name="DiffGramToApplyToOrigionalDataSetToMakeItIdenticalWithNewDataSet_HandleModifiedRows" storage="d:\actions-runner\_work\xpco\xpco\corporate\recordingserver\recorderservice\tst\videoos.recorder.unittests\bin\x64\debug\net472\videoos.recorder.unittests.dll" id="9c4407fe-179e-266d-a653-867b9bfb8713">
      <Execution id="5c8eae4f-2a52-4aaa-a939-4f6250e672fe" />
      <TestMethod codeBase="D:\actions-runner\_work\XPCO\XPCO\Corporate\RecordingServer\RecorderService\tst\VideoOS.Recorder.UnitTests\bin\x64\Debug\net472\VideoOS.Recorder.UnitTests.dll" adapterTypeName="executor://mstestadapter/v2" className="VideoOS.Recorder.UnitTests.DataSetUtilityUnitTests" name="DiffGramToApplyToOrigionalDataSetToMakeItIdenticalWithNewDataSet_HandleModifiedRows" />
    </UnitTest>
    <UnitTest name="SOAPCommandRequestHandler_ExecuteFunction_HandleSmartSearchStart_NoSearchMask" storage="d:\actions-runner\_work\xpco\xpco\corporate\recordingserver\recorderservice\tst\videoos.recorder.unittests\bin\x64\debug\net472\videoos.recorder.unittests.dll" id="4b3e7906-566a-6456-5ef7-39b2883edaa1">
      <Execution id="0fae74dc-f5c4-4d68-a3a6-e73ac87cdb73" />
      <TestMethod codeBase="D:\actions-runner\_work\XPCO\XPCO\Corporate\RecordingServer\RecorderService\tst\VideoOS.Recorder.UnitTests\bin\x64\Debug\net472\VideoOS.Recorder.UnitTests.dll" adapterTypeName="executor://mstestadapter/v2" className="VideoOS.Recorder.UnitTests.WebServer.SOAPCommandRequestHandlerTests" name="SOAPCommandRequestHandler_ExecuteFunction_HandleSmartSearchStart_NoSearchMask" />
    </UnitTest>
    <UnitTest name="WebApiConfig_UpdatePublicPort_ChangePublicUri" storage="d:\actions-runner\_work\xpco\xpco\corporate\recordingserver\recorderservice\tst\videoos.recorder.unittests\bin\x64\debug\net472\videoos.recorder.unittests.dll" id="20ec6c48-efc2-8fc3-1b63-838530f83f37">
      <Execution id="f4f9fcb3-1f76-45d8-b73f-c3fe5b6966b2" />
      <TestMethod codeBase="D:\actions-runner\_work\XPCO\XPCO\Corporate\RecordingServer\RecorderService\tst\VideoOS.Recorder.UnitTests\bin\x64\Debug\net472\VideoOS.Recorder.UnitTests.dll" adapterTypeName="executor://mstestadapter/v2" className="VideoOS.Recorder.UnitTests.WebApiConfigTests" name="WebApiConfig_UpdatePublicPort_ChangePublicUri" />
    </UnitTest>
    <UnitTest name="ResolveIdAndMessage_External_Generator" storage="d:\actions-runner\_work\xpco\xpco\corporate\recordingserver\recorderservice\tst\videoos.recorder.unittests\bin\x64\debug\net472\videoos.recorder.unittests.dll" id="6570d90c-63b9-00da-8be6-a5600bf30066">
      <Execution id="b4f222d3-13a9-4dcb-a0d2-17e6d1854cfd" />
      <TestMethod codeBase="D:\actions-runner\_work\XPCO\XPCO\Corporate\RecordingServer\RecorderService\tst\VideoOS.Recorder.UnitTests\bin\x64\Debug\net472\VideoOS.Recorder.UnitTests.dll" adapterTypeName="executor://mstestadapter/v2" className="VideoOS.Recorder.UnitTests.RuleActions.SendSNMPTrapRuleActionTests" name="ResolveIdAndMessage_External_Generator" />
    </UnitTest>
    <UnitTest name="GetNetworkConfigurationCommandHandler_Execute_GetNetworkConfiguration_ThrowsUnknownResult_Errors" storage="d:\actions-runner\_work\xpco\xpco\corporate\recordingserver\recorderservice\tst\videoos.recorder.unittests\bin\x64\debug\net472\videoos.recorder.unittests.dll" id="a03d31e5-b519-df48-9108-2eaf143ef1ab">
      <Execution id="00538240-bcd6-4b9b-89d7-bd038b81869c" />
      <TestMethod codeBase="D:\actions-runner\_work\XPCO\XPCO\Corporate\RecordingServer\RecorderService\tst\VideoOS.Recorder.UnitTests\bin\x64\Debug\net472\VideoOS.Recorder.UnitTests.dll" adapterTypeName="executor://mstestadapter/v2" className="VideoOS.Recorder.UnitTests.Command.GetNetworkConfigurationCommandHandlerUnitTests" name="GetNetworkConfigurationCommandHandler_Execute_GetNetworkConfiguration_ThrowsUnknownResult_Errors" />
    </UnitTest>
    <UnitTest name="CheckForLiveAndOrphanTables_TableRegistredButNoInConfig" storage="d:\actions-runner\_work\xpco\xpco\corporate\recordingserver\recorderservice\tst\videoos.recorder.unittests\bin\x64\debug\net472\videoos.recorder.unittests.dll" id="6ab40576-1d35-36ab-4ca3-0526ee9c6e83">
      <Execution id="014d2725-78ac-4d4b-8241-d072313946c3" />
      <TestMethod codeBase="D:\actions-runner\_work\XPCO\XPCO\Corporate\RecordingServer\RecorderService\tst\VideoOS.Recorder.UnitTests\bin\x64\Debug\net472\VideoOS.Recorder.UnitTests.dll" adapterTypeName="executor://mstestadapter/v2" className="VideoOS.Recorder.UnitTests.ObjectModel.MediaDbManagerUnitTests" name="CheckForLiveAndOrphanTables_TableRegistredButNoInConfig" />
    </UnitTest>
    <UnitTest name="SetNetworkConfigurationCommandHandler_Execute_HardwareBlocked_Errors" storage="d:\actions-runner\_work\xpco\xpco\corporate\recordingserver\recorderservice\tst\videoos.recorder.unittests\bin\x64\debug\net472\videoos.recorder.unittests.dll" id="2c94bf9d-4b8a-41a8-a139-1614d07c1390">
      <Execution id="e73eade4-8b8c-4d09-ad5a-e67a434dcf46" />
      <TestMethod codeBase="D:\actions-runner\_work\XPCO\XPCO\Corporate\RecordingServer\RecorderService\tst\VideoOS.Recorder.UnitTests\bin\x64\Debug\net472\VideoOS.Recorder.UnitTests.dll" adapterTypeName="executor://mstestadapter/v2" className="VideoOS.Recorder.UnitTests.Command.SetNetworkConfigurationCommandHandlerUnitTests" name="SetNetworkConfigurationCommandHandler_Execute_HardwareBlocked_Errors" />
    </UnitTest>
    <UnitTest name="GetSettingAsInt32_Success" storage="d:\actions-runner\_work\xpco\xpco\corporate\recordingserver\recorderservice\tst\videoos.recorder.unittests\bin\x64\debug\net472\videoos.recorder.unittests.dll" id="ff8394a5-3fa7-aa82-b857-5a2b03a436fa">
      <Execution id="2ac019b3-7a50-4506-9b3e-9ae636924de8" />
      <TestMethod codeBase="D:\actions-runner\_work\XPCO\XPCO\Corporate\RecordingServer\RecorderService\tst\VideoOS.Recorder.UnitTests\bin\x64\Debug\net472\VideoOS.Recorder.UnitTests.dll" adapterTypeName="executor://mstestadapter/v2" className="VideoOS.Recorder.UnitTests.Multicast.MulticastSettingsExtensionsUnitTests" name="GetSettingAsInt32_Success" />
    </UnitTest>
    <UnitTest name="ConfigurationController_UpdateSecurityConfiguration_IsNull_BadRequestResult" storage="d:\actions-runner\_work\xpco\xpco\corporate\recordingserver\recorderservice\tst\videoos.recorder.unittests\bin\x64\debug\net472\videoos.recorder.unittests.dll" id="523ccd07-2fea-b077-ce34-edfc798b2c89">
      <Execution id="605d3163-eec6-4598-ab75-c24d0de1bc2c" />
      <TestMethod codeBase="D:\actions-runner\_work\XPCO\XPCO\Corporate\RecordingServer\RecorderService\tst\VideoOS.Recorder.UnitTests\bin\x64\Debug\net472\VideoOS.Recorder.UnitTests.dll" adapterTypeName="executor://mstestadapter/v2" className="VideoOS.Recorder.UnitTests.ConfigurationControllerTests" name="ConfigurationController_UpdateSecurityConfiguration_IsNull_BadRequestResult" />
    </UnitTest>
    <UnitTest name="RemoveNotExistingRegistrationAllowed" storage="d:\actions-runner\_work\xpco\xpco\corporate\recordingserver\recorderservice\tst\videoos.recorder.unittests\bin\x64\debug\net472\videoos.recorder.unittests.dll" id="ef1934d2-b3b6-2151-a38b-d7501c51a7d4">
      <Execution id="5e921809-3d1d-48a0-9cb9-bc5a3898982d" />
      <TestMethod codeBase="D:\actions-runner\_work\XPCO\XPCO\Corporate\RecordingServer\RecorderService\tst\VideoOS.Recorder.UnitTests\bin\x64\Debug\net472\VideoOS.Recorder.UnitTests.dll" adapterTypeName="executor://mstestadapter/v2" className="VideoOS.Recorder.UnitTests.Database.MediaDbLiveTableStorageInfoTests" name="RemoveNotExistingRegistrationAllowed" />
    </UnitTest>
    <UnitTest name="FileUploadCommandHandler_Execute_CommandWithErrorMessageReturnsErrorResponse" storage="d:\actions-runner\_work\xpco\xpco\corporate\recordingserver\recorderservice\tst\videoos.recorder.unittests\bin\x64\debug\net472\videoos.recorder.unittests.dll" id="e5907a3c-ce81-2eb8-ce3e-a51d809d87ad">
      <Execution id="6a8fb9ea-5599-42f4-811b-43b96dc6a965" />
      <TestMethod codeBase="D:\actions-runner\_work\XPCO\XPCO\Corporate\RecordingServer\RecorderService\tst\VideoOS.Recorder.UnitTests\bin\x64\Debug\net472\VideoOS.Recorder.UnitTests.dll" adapterTypeName="executor://mstestadapter/v2" className="VideoOS.Recorder.UnitTests.Command.FileUploadCommandHandlerUnitTests" name="FileUploadCommandHandler_Execute_CommandWithErrorMessageReturnsErrorResponse" />
    </UnitTest>
    <UnitTest name="ConnectSuccess_PrevSeqTime_BeforeMedia" storage="d:\actions-runner\_work\xpco\xpco\corporate\recordingserver\recorderservice\tst\videoos.recorder.unittests\bin\x64\debug\net472\videoos.recorder.unittests.dll" id="fccc0809-24fd-4457-0396-3bd06e83443b">
      <Execution id="e8a66fcd-0ba5-41d6-92ea-a345d821c9ec" />
      <TestMethod codeBase="D:\actions-runner\_work\XPCO\XPCO\Corporate\RecordingServer\RecorderService\tst\VideoOS.Recorder.UnitTests\bin\x64\Debug\net472\VideoOS.Recorder.UnitTests.dll" adapterTypeName="executor://mstestadapter/v2" className="VideoOS.Recorder.UnitTests.WebServer.ImageServerRequestHandlerTests" name="ConnectSuccess_PrevSeqTime_BeforeMedia" />
    </UnitTest>
    <UnitTest name="GetHardwareUsersCommandHandler_Execute_InvalidUser_NoUserName_ExpectedUsersReturned" storage="d:\actions-runner\_work\xpco\xpco\corporate\recordingserver\recorderservice\tst\videoos.recorder.unittests\bin\x64\debug\net472\videoos.recorder.unittests.dll" id="51d1c213-681f-7d0e-399c-633ebef10cbe">
      <Execution id="3f70bb23-f954-423c-a104-2b10a722f240" />
      <TestMethod codeBase="D:\actions-runner\_work\XPCO\XPCO\Corporate\RecordingServer\RecorderService\tst\VideoOS.Recorder.UnitTests\bin\x64\Debug\net472\VideoOS.Recorder.UnitTests.dll" adapterTypeName="executor://mstestadapter/v2" className="VideoOS.Recorder.UnitTests.Command.GetHardwareUsersCommandHandlerUnitTests" name="GetHardwareUsersCommandHandler_Execute_InvalidUser_NoUserName_ExpectedUsersReturned" />
    </UnitTest>
    <UnitTest name="TestNoStatistics" storage="d:\actions-runner\_work\xpco\xpco\corporate\recordingserver\recorderservice\tst\videoos.recorder.unittests\bin\x64\debug\net472\videoos.recorder.unittests.dll" id="5df674b6-0845-b2cd-8afd-d2e488b0d0c7">
      <TestCategory>
        <TestCategoryItem TestCategory="ObjectModel.PipelineStatistics" />
      </TestCategory>
      <Execution id="109f1e57-3591-44d2-b0fe-c908138598fc" />
      <TestMethod codeBase="D:\actions-runner\_work\XPCO\XPCO\Corporate\RecordingServer\RecorderService\tst\VideoOS.Recorder.UnitTests\bin\x64\Debug\net472\VideoOS.Recorder.UnitTests.dll" adapterTypeName="executor://mstestadapter/v2" className="VideoOS.Recorder.UnitTests.ObjectModel.Processors.PipelineStatisticsTest" name="TestNoStatistics" />
    </UnitTest>
    <UnitTest name="ConfigurationDatasetHolder_ApplyTableDistribution_NoDistributions_LiveTableExists_Failover_Success" storage="d:\actions-runner\_work\xpco\xpco\corporate\recordingserver\recorderservice\tst\videoos.recorder.unittests\bin\x64\debug\net472\videoos.recorder.unittests.dll" id="84ba4574-72a6-41c2-c017-b92e39738ed7">
      <Execution id="83419829-3c28-4bc2-8f8d-e5ed2274fc31" />
      <TestMethod codeBase="D:\actions-runner\_work\XPCO\XPCO\Corporate\RecordingServer\RecorderService\tst\VideoOS.Recorder.UnitTests\bin\x64\Debug\net472\VideoOS.Recorder.UnitTests.dll" adapterTypeName="executor://mstestadapter/v2" className="VideoOS.Recorder.UnitTests.ConfigurationDatasetHolderUnitTests" name="ConfigurationDatasetHolder_ApplyTableDistribution_NoDistributions_LiveTableExists_Failover_Success" />
    </UnitTest>
    <UnitTest name="FillableGridAreaFromExcludeRegion" storage="d:\actions-runner\_work\xpco\xpco\corporate\recordingserver\recorderservice\tst\videoos.recorder.unittests\bin\x64\debug\net472\videoos.recorder.unittests.dll" id="37efe3a0-8dfb-2c87-4cda-e6528220711e">
      <TestCategory>
        <TestCategoryItem TestCategory="SmartSearch" />
      </TestCategory>
      <Execution id="59a620f2-1003-4df2-b8ab-61963062d223" />
      <TestMethod codeBase="D:\actions-runner\_work\XPCO\XPCO\Corporate\RecordingServer\RecorderService\tst\VideoOS.Recorder.UnitTests\bin\x64\Debug\net472\VideoOS.Recorder.UnitTests.dll" adapterTypeName="executor://mstestadapter/v2" className="VideoOS.Recorder.UnitTests.SmartSearch.SmartSearchHandlerTest" name="FillableGridAreaFromExcludeRegion" />
    </UnitTest>
    <UnitTest name="PtzPatrollingSessionBase_Start_AlreadyRunning" storage="d:\actions-runner\_work\xpco\xpco\corporate\recordingserver\recorderservice\tst\videoos.recorder.unittests\bin\x64\debug\net472\videoos.recorder.unittests.dll" id="fa371e32-3613-5a96-34d6-955f4e6352f7">
      <Execution id="79b55b26-cc5f-453d-a5d4-44495e53713b" />
      <TestMethod codeBase="D:\actions-runner\_work\XPCO\XPCO\Corporate\RecordingServer\RecorderService\tst\VideoOS.Recorder.UnitTests\bin\x64\Debug\net472\VideoOS.Recorder.UnitTests.dll" adapterTypeName="executor://mstestadapter/v2" className="VideoOS.Recorder.UnitTests.Command.PtzSessionsTests" name="PtzPatrollingSessionBase_Start_AlreadyRunning" />
    </UnitTest>
    <UnitTest name="PerformFileSystemOperation_ModelIsValid_CommandExecuted" storage="d:\actions-runner\_work\xpco\xpco\corporate\recordingserver\recorderservice\tst\videoos.recorder.unittests\bin\x64\debug\net472\videoos.recorder.unittests.dll" id="e8a22484-1286-3ab5-eef9-78584f3584c9">
      <Execution id="2eb04cc6-2120-4c11-950a-434e6ed668b3" />
      <TestMethod codeBase="D:\actions-runner\_work\XPCO\XPCO\Corporate\RecordingServer\RecorderService\tst\VideoOS.Recorder.UnitTests\bin\x64\Debug\net472\VideoOS.Recorder.UnitTests.dll" adapterTypeName="executor://mstestadapter/v2" className="VideoOS.Recorder.UnitTests.RecorderControllerTests" name="PerformFileSystemOperation_ModelIsValid_CommandExecuted" />
    </UnitTest>
    <UnitTest name="FullStatusAlgorithm_Constructor" storage="d:\actions-runner\_work\xpco\xpco\corporate\recordingserver\recorderservice\tst\videoos.recorder.unittests\bin\x64\debug\net472\videoos.recorder.unittests.dll" id="40773c57-76a9-fcb9-c3a8-2afda8f6f15f">
      <Execution id="3a14bc8d-1cca-49e5-b8f5-887c9c96fac4" />
      <TestMethod codeBase="D:\actions-runner\_work\XPCO\XPCO\Corporate\RecordingServer\RecorderService\tst\VideoOS.Recorder.UnitTests\bin\x64\Debug\net472\VideoOS.Recorder.UnitTests.dll" adapterTypeName="executor://mstestadapter/v2" className="VideoOS.Recorder.UnitTests.Multicast.FullStatusAlgorithmUnitTests" name="FullStatusAlgorithm_Constructor" />
    </UnitTest>
    <UnitTest name="SOAPCommandRequestHandler_ExecuteFunction_HandleSmartSearchStart_SearchMaskWidthLessThan64" storage="d:\actions-runner\_work\xpco\xpco\corporate\recordingserver\recorderservice\tst\videoos.recorder.unittests\bin\x64\debug\net472\videoos.recorder.unittests.dll" id="c79bcd43-4941-57ea-1a79-3475c0674753">
      <Execution id="98a7c913-2851-4e2a-afe8-b54fb4c2c70b" />
      <TestMethod codeBase="D:\actions-runner\_work\XPCO\XPCO\Corporate\RecordingServer\RecorderService\tst\VideoOS.Recorder.UnitTests\bin\x64\Debug\net472\VideoOS.Recorder.UnitTests.dll" adapterTypeName="executor://mstestadapter/v2" className="VideoOS.Recorder.UnitTests.WebServer.SOAPCommandRequestHandlerTests" name="SOAPCommandRequestHandler_ExecuteFunction_HandleSmartSearchStart_SearchMaskWidthLessThan64" />
    </UnitTest>
    <UnitTest name="PtzManagerDataHolder_UpdateSchema_Success" storage="d:\actions-runner\_work\xpco\xpco\corporate\recordingserver\recorderservice\tst\videoos.recorder.unittests\bin\x64\debug\net472\videoos.recorder.unittests.dll" id="9e7cf0e2-05cc-9bbf-4cfa-e061d3b4f063">
      <Execution id="d1ffb676-fa2d-408f-801c-791bbc0ab1b4" />
      <TestMethod codeBase="D:\actions-runner\_work\XPCO\XPCO\Corporate\RecordingServer\RecorderService\tst\VideoOS.Recorder.UnitTests\bin\x64\Debug\net472\VideoOS.Recorder.UnitTests.dll" adapterTypeName="executor://mstestadapter/v2" className="VideoOS.Recorder.UnitTests.Command.PtzManagerDataHolderTest" name="PtzManagerDataHolder_UpdateSchema_Success" />
    </UnitTest>
    <UnitTest name="LicenseManager_IsFeaturePresent_AxisOneClick_Success" storage="d:\actions-runner\_work\xpco\xpco\corporate\recordingserver\recorderservice\tst\videoos.recorder.unittests\bin\x64\debug\net472\videoos.recorder.unittests.dll" id="6e0f935c-61c9-80c2-e2bf-e72234ee7c74">
      <TestCategory>
        <TestCategoryItem TestCategory="Licensing" />
      </TestCategory>
      <Execution id="fe11c4f4-48d7-487a-aeab-1ed5ac14c3ca" />
      <TestMethod codeBase="D:\actions-runner\_work\XPCO\XPCO\Corporate\RecordingServer\RecorderService\tst\VideoOS.Recorder.UnitTests\bin\x64\Debug\net472\VideoOS.Recorder.UnitTests.dll" adapterTypeName="executor://mstestadapter/v2" className="VideoOS.Recorder.UnitTests.Licensing.LicenseManagerUnitTests" name="LicenseManager_IsFeaturePresent_AxisOneClick_Success" />
    </UnitTest>
    <UnitTest name="AdaptiveStreamingTypeMaxResolution" storage="d:\actions-runner\_work\xpco\xpco\corporate\recordingserver\recorderservice\tst\videoos.recorder.unittests\bin\x64\debug\net472\videoos.recorder.unittests.dll" id="3f21ea24-4402-03c2-2a65-7503728827fe">
      <Execution id="d9b175f4-e5b0-47a4-b7bd-e5eea84b665c" />
      <TestMethod codeBase="D:\actions-runner\_work\XPCO\XPCO\Corporate\RecordingServer\RecorderService\tst\VideoOS.Recorder.UnitTests\bin\x64\Debug\net472\VideoOS.Recorder.UnitTests.dll" adapterTypeName="executor://mstestadapter/v2" className="VideoOS.Recorder.UnitTests.WebServer.AdaptiveStreamingUnitTests" name="AdaptiveStreamingTypeMaxResolution" />
    </UnitTest>
    <UnitTest name="ArchiveSessionStarted_Success" storage="d:\actions-runner\_work\xpco\xpco\corporate\recordingserver\recorderservice\tst\videoos.recorder.unittests\bin\x64\debug\net472\videoos.recorder.unittests.dll" id="993ed0e9-7960-88a9-4252-c750dfd2eafd">
      <Execution id="53973008-a363-4237-bc65-bde9e77987e4" />
      <TestMethod codeBase="D:\actions-runner\_work\XPCO\XPCO\Corporate\RecordingServer\RecorderService\tst\VideoOS.Recorder.UnitTests\bin\x64\Debug\net472\VideoOS.Recorder.UnitTests.dll" adapterTypeName="executor://mstestadapter/v2" className="VideoOS.Recorder.UnitTests.MediaDbEventProcessorTests" name="ArchiveSessionStarted_Success" />
    </UnitTest>
    <UnitTest name="DeleteHardwareUserCommandHandler_Execute_NullArgs_Throws" storage="d:\actions-runner\_work\xpco\xpco\corporate\recordingserver\recorderservice\tst\videoos.recorder.unittests\bin\x64\debug\net472\videoos.recorder.unittests.dll" id="0feec42a-f2c1-03f6-0be3-6c48c01af5ba">
      <Execution id="02a1f8b4-b993-4bb4-bfbe-8cbd27b7c632" />
      <TestMethod codeBase="D:\actions-runner\_work\XPCO\XPCO\Corporate\RecordingServer\RecorderService\tst\VideoOS.Recorder.UnitTests\bin\x64\Debug\net472\VideoOS.Recorder.UnitTests.dll" adapterTypeName="executor://mstestadapter/v2" className="VideoOS.Recorder.UnitTests.Command.DeleteHardwareUserCommandHandlerTest" name="DeleteHardwareUserCommandHandler_Execute_NullArgs_Throws" />
    </UnitTest>
    <UnitTest name="SetNetworkConfigurationCommandHandler_Execute_SetNetworkConfiguration_ThrowsGenericException_Errors" storage="d:\actions-runner\_work\xpco\xpco\corporate\recordingserver\recorderservice\tst\videoos.recorder.unittests\bin\x64\debug\net472\videoos.recorder.unittests.dll" id="b9edf963-1cf1-79d2-973d-db2d8d794ac6">
      <Execution id="c5c6e132-90e1-4ac6-851f-16b96265725e" />
      <TestMethod codeBase="D:\actions-runner\_work\XPCO\XPCO\Corporate\RecordingServer\RecorderService\tst\VideoOS.Recorder.UnitTests\bin\x64\Debug\net472\VideoOS.Recorder.UnitTests.dll" adapterTypeName="executor://mstestadapter/v2" className="VideoOS.Recorder.UnitTests.Command.SetNetworkConfigurationCommandHandlerUnitTests" name="SetNetworkConfigurationCommandHandler_Execute_SetNetworkConfiguration_ThrowsGenericException_Errors" />
    </UnitTest>
    <UnitTest name="SearchingEmptyMask" storage="d:\actions-runner\_work\xpco\xpco\corporate\recordingserver\recorderservice\tst\videoos.recorder.unittests\bin\x64\debug\net472\videoos.recorder.unittests.dll" id="773854c0-2e6e-556c-a55b-cb5082f671c3">
      <Execution id="469c0dd6-0047-4fe6-8b10-2eea652b450a" />
      <TestMethod codeBase="D:\actions-runner\_work\XPCO\XPCO\Corporate\RecordingServer\RecorderService\tst\VideoOS.Recorder.UnitTests\bin\x64\Debug\net472\VideoOS.Recorder.UnitTests.dll" adapterTypeName="executor://mstestadapter/v2" className="VideoOS.Recorder.UnitTests.ObjectModel.PrivacyMaskHandlerTest" name="SearchingEmptyMask" />
    </UnitTest>
    <UnitTest name="Check_Supported_Versions" storage="d:\actions-runner\_work\xpco\xpco\corporate\recordingserver\recorderservice\tst\videoos.recorder.unittests\bin\x64\debug\net472\videoos.recorder.unittests.dll" id="c2bc2338-ba6c-6ec3-0f79-f9d4777b7cff">
      <Execution id="d8d2ee25-8598-4e08-b4f2-2672976086f9" />
      <TestMethod codeBase="D:\actions-runner\_work\XPCO\XPCO\Corporate\RecordingServer\RecorderService\tst\VideoOS.Recorder.UnitTests\bin\x64\Debug\net472\VideoOS.Recorder.UnitTests.dll" adapterTypeName="executor://mstestadapter/v2" className="VideoOS.Recorder.UnitTests.WebServer.PrivacyMaskTransportConverterUnitTests" name="Check_Supported_Versions" />
    </UnitTest>
    <UnitTest name="FileUploadCommandHandler_Execute_CommandReturnsFileUploadResponseOnSuccess" storage="d:\actions-runner\_work\xpco\xpco\corporate\recordingserver\recorderservice\tst\videoos.recorder.unittests\bin\x64\debug\net472\videoos.recorder.unittests.dll" id="5d479354-ef9f-b001-437f-360ccd002827">
      <Execution id="445737f9-f106-426f-bd1d-89eb38b86f6d" />
      <TestMethod codeBase="D:\actions-runner\_work\XPCO\XPCO\Corporate\RecordingServer\RecorderService\tst\VideoOS.Recorder.UnitTests\bin\x64\Debug\net472\VideoOS.Recorder.UnitTests.dll" adapterTypeName="executor://mstestadapter/v2" className="VideoOS.Recorder.UnitTests.Command.FileUploadCommandHandlerUnitTests" name="FileUploadCommandHandler_Execute_CommandReturnsFileUploadResponseOnSuccess" />
    </UnitTest>
    <UnitTest name="RegisterLiveTableExists" storage="d:\actions-runner\_work\xpco\xpco\corporate\recordingserver\recorderservice\tst\videoos.recorder.unittests\bin\x64\debug\net472\videoos.recorder.unittests.dll" id="2788e7fe-8518-3dce-4bab-c40969b86930">
      <Execution id="eb88d4c6-e91e-444c-8724-19ed542c9f2d" />
      <TestMethod codeBase="D:\actions-runner\_work\XPCO\XPCO\Corporate\RecordingServer\RecorderService\tst\VideoOS.Recorder.UnitTests\bin\x64\Debug\net472\VideoOS.Recorder.UnitTests.dll" adapterTypeName="executor://mstestadapter/v2" className="VideoOS.Recorder.UnitTests.Database.MediaDbLiveTableRegistrationTests" name="RegisterLiveTableExists" />
    </UnitTest>
    <UnitTest name="SOAPCommandRequestHandler_ExecuteFunction_HandleSequencesGetAroundWithSpan_No_Metadata_Security" storage="d:\actions-runner\_work\xpco\xpco\corporate\recordingserver\recorderservice\tst\videoos.recorder.unittests\bin\x64\debug\net472\videoos.recorder.unittests.dll" id="6dc2cc82-22ef-e34c-aa29-7d91273110ff">
      <Execution id="7c995c5f-186b-4d8e-a4bb-71f4cad8edd4" />
      <TestMethod codeBase="D:\actions-runner\_work\XPCO\XPCO\Corporate\RecordingServer\RecorderService\tst\VideoOS.Recorder.UnitTests\bin\x64\Debug\net472\VideoOS.Recorder.UnitTests.dll" adapterTypeName="executor://mstestadapter/v2" className="VideoOS.Recorder.UnitTests.WebServer.SOAPCommandRequestHandlerTests" name="SOAPCommandRequestHandler_ExecuteFunction_HandleSequencesGetAroundWithSpan_No_Metadata_Security" />
    </UnitTest>
    <UnitTest name="ConfigurationController_UpdateUserSecurityTokens_IsNull_BadRequestResult" storage="d:\actions-runner\_work\xpco\xpco\corporate\recordingserver\recorderservice\tst\videoos.recorder.unittests\bin\x64\debug\net472\videoos.recorder.unittests.dll" id="e389a3e1-5f0a-6683-3c50-a2a34e042147">
      <Execution id="3bc613c0-f5a1-4e06-8d05-820700d0bef5" />
      <TestMethod codeBase="D:\actions-runner\_work\XPCO\XPCO\Corporate\RecordingServer\RecorderService\tst\VideoOS.Recorder.UnitTests\bin\x64\Debug\net472\VideoOS.Recorder.UnitTests.dll" adapterTypeName="executor://mstestadapter/v2" className="VideoOS.Recorder.UnitTests.ConfigurationControllerTests" name="ConfigurationController_UpdateUserSecurityTokens_IsNull_BadRequestResult" />
    </UnitTest>
    <UnitTest name="SOAPCommandRequestHandler_ExecuteFunction_HandleOutputTrigger_MicroSeconds_NotInt" storage="d:\actions-runner\_work\xpco\xpco\corporate\recordingserver\recorderservice\tst\videoos.recorder.unittests\bin\x64\debug\net472\videoos.recorder.unittests.dll" id="357aa88b-f145-46f3-b618-28ff4d234211">
      <Execution id="8f3df5d2-8d46-4801-8539-f52ff78a9f06" />
      <TestMethod codeBase="D:\actions-runner\_work\XPCO\XPCO\Corporate\RecordingServer\RecorderService\tst\VideoOS.Recorder.UnitTests\bin\x64\Debug\net472\VideoOS.Recorder.UnitTests.dll" adapterTypeName="executor://mstestadapter/v2" className="VideoOS.Recorder.UnitTests.WebServer.SOAPCommandRequestHandlerTests" name="SOAPCommandRequestHandler_ExecuteFunction_HandleOutputTrigger_MicroSeconds_NotInt" />
    </UnitTest>
    <UnitTest name="GetNetworkConfigurationCommandHandler_Execute_GetNetworkConfiguration_ThrowsNoHardwareAccess_Errors" storage="d:\actions-runner\_work\xpco\xpco\corporate\recordingserver\recorderservice\tst\videoos.recorder.unittests\bin\x64\debug\net472\videoos.recorder.unittests.dll" id="a10a27d9-4abb-eaad-b70e-d6b782a46c9e">
      <Execution id="5051f5a2-a51c-45bd-aa06-e14c794d946d" />
      <TestMethod codeBase="D:\actions-runner\_work\XPCO\XPCO\Corporate\RecordingServer\RecorderService\tst\VideoOS.Recorder.UnitTests\bin\x64\Debug\net472\VideoOS.Recorder.UnitTests.dll" adapterTypeName="executor://mstestadapter/v2" className="VideoOS.Recorder.UnitTests.Command.GetNetworkConfigurationCommandHandlerUnitTests" name="GetNetworkConfigurationCommandHandler_Execute_GetNetworkConfiguration_ThrowsNoHardwareAccess_Errors" />
    </UnitTest>
    <UnitTest name="AddHardwareUserCommandHandler_Execute_AddUser_ThrowsUserHandlingUserNotCreated_Errors" storage="d:\actions-runner\_work\xpco\xpco\corporate\recordingserver\recorderservice\tst\videoos.recorder.unittests\bin\x64\debug\net472\videoos.recorder.unittests.dll" id="42edbc63-86ce-51a6-8a5b-3eb9563dc7b1">
      <Execution id="52e35431-ff52-4d89-934a-02754dbec429" />
      <TestMethod codeBase="D:\actions-runner\_work\XPCO\XPCO\Corporate\RecordingServer\RecorderService\tst\VideoOS.Recorder.UnitTests\bin\x64\Debug\net472\VideoOS.Recorder.UnitTests.dll" adapterTypeName="executor://mstestadapter/v2" className="VideoOS.Recorder.UnitTests.Command.AddHardwareUserCommandHandlerRecorderUnitTests" name="AddHardwareUserCommandHandler_Execute_AddUser_ThrowsUserHandlingUserNotCreated_Errors" />
    </UnitTest>
    <UnitTest name="SOAPCommandRequestHandler_GetClientCapabilities_No_Child_Of_ClientCapabilities_Section" storage="d:\actions-runner\_work\xpco\xpco\corporate\recordingserver\recorderservice\tst\videoos.recorder.unittests\bin\x64\debug\net472\videoos.recorder.unittests.dll" id="02c8f3cc-8046-8730-f8ed-14529577afcb">
      <Execution id="79f93079-ab33-471d-9fa8-e936f749b3e0" />
      <TestMethod codeBase="D:\actions-runner\_work\XPCO\XPCO\Corporate\RecordingServer\RecorderService\tst\VideoOS.Recorder.UnitTests\bin\x64\Debug\net472\VideoOS.Recorder.UnitTests.dll" adapterTypeName="executor://mstestadapter/v2" className="VideoOS.Recorder.UnitTests.WebServer.SOAPCommandRequestHandlerTests" name="SOAPCommandRequestHandler_GetClientCapabilities_No_Child_Of_ClientCapabilities_Section" />
    </UnitTest>
    <UnitTest name="RegisterLiveTablesInStorageThenRemove" storage="d:\actions-runner\_work\xpco\xpco\corporate\recordingserver\recorderservice\tst\videoos.recorder.unittests\bin\x64\debug\net472\videoos.recorder.unittests.dll" id="df8f8c56-107c-7a2c-97af-edbe14d41d29">
      <Execution id="e7c7fd29-638a-4e89-9808-205c33f577cf" />
      <TestMethod codeBase="D:\actions-runner\_work\XPCO\XPCO\Corporate\RecordingServer\RecorderService\tst\VideoOS.Recorder.UnitTests\bin\x64\Debug\net472\VideoOS.Recorder.UnitTests.dll" adapterTypeName="executor://mstestadapter/v2" className="VideoOS.Recorder.UnitTests.Database.MediaDbLiveTableStorageInfoTests" name="RegisterLiveTablesInStorageThenRemove" />
    </UnitTest>
    <UnitTest name="HardwareSetupInformationCommand_PostCommandIsValid_NoContent" storage="d:\actions-runner\_work\xpco\xpco\corporate\recordingserver\recorderservice\tst\videoos.recorder.unittests\bin\x64\debug\net472\videoos.recorder.unittests.dll" id="e3fa8041-f9f7-df48-f05f-064b1b9f976b">
      <Execution id="2227ae5f-6263-402c-953d-868a9f0e6721" />
      <TestMethod codeBase="D:\actions-runner\_work\XPCO\XPCO\Corporate\RecordingServer\RecorderService\tst\VideoOS.Recorder.UnitTests\bin\x64\Debug\net472\VideoOS.Recorder.UnitTests.dll" adapterTypeName="executor://mstestadapter/v2" className="VideoOS.Recorder.UnitTests.HardwareControllerTests" name="HardwareSetupInformationCommand_PostCommandIsValid_NoContent" />
    </UnitTest>
    <UnitTest name="PtzReserveSessionCommandHandler_No_Priority_Security_Attribute" storage="d:\actions-runner\_work\xpco\xpco\corporate\recordingserver\recorderservice\tst\videoos.recorder.unittests\bin\x64\debug\net472\videoos.recorder.unittests.dll" id="61f6fd19-bbe5-4704-f515-a237e9dab43f">
      <Execution id="a8eb1cb4-9f8c-4f0a-920e-38396af7e6b2" />
      <TestMethod codeBase="D:\actions-runner\_work\XPCO\XPCO\Corporate\RecordingServer\RecorderService\tst\VideoOS.Recorder.UnitTests\bin\x64\Debug\net472\VideoOS.Recorder.UnitTests.dll" adapterTypeName="executor://mstestadapter/v2" className="VideoOS.Recorder.UnitTests.Command.PtzReserveSessionCommandHandlerTest" name="PtzReserveSessionCommandHandler_No_Priority_Security_Attribute" />
    </UnitTest>
    <UnitTest name="PtzManagerDataHolder_GetControllersClone_Success" storage="d:\actions-runner\_work\xpco\xpco\corporate\recordingserver\recorderservice\tst\videoos.recorder.unittests\bin\x64\debug\net472\videoos.recorder.unittests.dll" id="a2238e00-5e9d-7fb8-9fcc-b42a473add09">
      <Execution id="2e2e9f05-8c6a-4674-a5f6-65f2ee8fe013" />
      <TestMethod codeBase="D:\actions-runner\_work\XPCO\XPCO\Corporate\RecordingServer\RecorderService\tst\VideoOS.Recorder.UnitTests\bin\x64\Debug\net472\VideoOS.Recorder.UnitTests.dll" adapterTypeName="executor://mstestadapter/v2" className="VideoOS.Recorder.UnitTests.Command.PtzManagerDataHolderTest" name="PtzManagerDataHolder_GetControllersClone_Success" />
    </UnitTest>
    <UnitTest name="FirmwareUpgradeCommandHandler_Execute_FirmwareUpgradeStatus_ThrowsFirmwareRejected_Errors" storage="d:\actions-runner\_work\xpco\xpco\corporate\recordingserver\recorderservice\tst\videoos.recorder.unittests\bin\x64\debug\net472\videoos.recorder.unittests.dll" id="1cf1c1a9-610a-8d03-c381-e7426c0f5ad8">
      <Execution id="4afbe166-c8e3-4c9d-9291-d5de901cd34a" />
      <TestMethod codeBase="D:\actions-runner\_work\XPCO\XPCO\Corporate\RecordingServer\RecorderService\tst\VideoOS.Recorder.UnitTests\bin\x64\Debug\net472\VideoOS.Recorder.UnitTests.dll" adapterTypeName="executor://mstestadapter/v2" className="VideoOS.Recorder.UnitTests.Command.FirmwareUpgradeCommandHandlerUnitTests" name="FirmwareUpgradeCommandHandler_Execute_FirmwareUpgradeStatus_ThrowsFirmwareRejected_Errors" />
    </UnitTest>
    <UnitTest name="ManualPtzPatrollingSessionBase_InternalStopAndMoveToEndPosition_DeviceNotStarted" storage="d:\actions-runner\_work\xpco\xpco\corporate\recordingserver\recorderservice\tst\videoos.recorder.unittests\bin\x64\debug\net472\videoos.recorder.unittests.dll" id="4a09613f-8407-92a0-3366-7fd92d6f1deb">
      <Execution id="1620e7af-2fba-41ea-a4a7-20272d42d6b2" />
      <TestMethod codeBase="D:\actions-runner\_work\XPCO\XPCO\Corporate\RecordingServer\RecorderService\tst\VideoOS.Recorder.UnitTests\bin\x64\Debug\net472\VideoOS.Recorder.UnitTests.dll" adapterTypeName="executor://mstestadapter/v2" className="VideoOS.Recorder.UnitTests.Command.PtzSessionsTests" name="ManualPtzPatrollingSessionBase_InternalStopAndMoveToEndPosition_DeviceNotStarted" />
    </UnitTest>
    <UnitTest name="EdgeStorageLimitsReverseTimeLimitOk" storage="d:\actions-runner\_work\xpco\xpco\corporate\recordingserver\recorderservice\tst\videoos.recorder.unittests\bin\x64\debug\net472\videoos.recorder.unittests.dll" id="b94b5189-3b8b-329c-6c26-668c5bb5da4e">
      <TestCategory>
        <TestCategoryItem TestCategory="EdgeStorageLimits" />
      </TestCategory>
      <Execution id="e3776e91-247c-47e1-ad6e-c69ef89188ac" />
      <TestMethod codeBase="D:\actions-runner\_work\XPCO\XPCO\Corporate\RecordingServer\RecorderService\tst\VideoOS.Recorder.UnitTests\bin\x64\Debug\net472\VideoOS.Recorder.UnitTests.dll" adapterTypeName="executor://mstestadapter/v2" className="VideoOS.Recorder.UnitTests.EdgeStorage.EdgeStorageLimitTests" name="EdgeStorageLimitsReverseTimeLimitOk" />
    </UnitTest>
    <UnitTest name="DriverProxyInstanceManager_AddSameHardwareTwice_RemoveTwice_HardwareRemoved" storage="d:\actions-runner\_work\xpco\xpco\corporate\recordingserver\recorderservice\tst\videoos.recorder.unittests\bin\x64\debug\net472\videoos.recorder.unittests.dll" id="c4f78332-ee10-3e76-8589-3ced1b5be738">
      <Execution id="9500229b-785a-4e13-a419-3eb0e7f7fa34" />
      <TestMethod codeBase="D:\actions-runner\_work\XPCO\XPCO\Corporate\RecordingServer\RecorderService\tst\VideoOS.Recorder.UnitTests\bin\x64\Debug\net472\VideoOS.Recorder.UnitTests.dll" adapterTypeName="executor://mstestadapter/v2" className="VideoOS.Recorder.UnitTests.DriverProxyInstanceManagerTests" name="DriverProxyInstanceManager_AddSameHardwareTwice_RemoveTwice_HardwareRemoved" />
    </UnitTest>
    <UnitTest name="ConnectSuccess_Goto_PrevSeqWithoutTime" storage="d:\actions-runner\_work\xpco\xpco\corporate\recordingserver\recorderservice\tst\videoos.recorder.unittests\bin\x64\debug\net472\videoos.recorder.unittests.dll" id="47852fed-83ae-1d24-4e2e-3671e83b43ea">
      <Execution id="c7fcd504-7392-4ffd-866f-8816b1d84c2d" />
      <TestMethod codeBase="D:\actions-runner\_work\XPCO\XPCO\Corporate\RecordingServer\RecorderService\tst\VideoOS.Recorder.UnitTests\bin\x64\Debug\net472\VideoOS.Recorder.UnitTests.dll" adapterTypeName="executor://mstestadapter/v2" className="VideoOS.Recorder.UnitTests.WebServer.ImageServerRequestHandlerTests" name="ConnectSuccess_Goto_PrevSeqWithoutTime" />
    </UnitTest>
    <UnitTest name="FileUploadCommandHandler_Execute_NullOrIncorrectArgs_Throw" storage="d:\actions-runner\_work\xpco\xpco\corporate\recordingserver\recorderservice\tst\videoos.recorder.unittests\bin\x64\debug\net472\videoos.recorder.unittests.dll" id="e081e107-ad63-5f08-6c9c-789101f1b674">
      <Execution id="7dbedbfe-8e0b-429e-a7e5-d70d773dfd4c" />
      <TestMethod codeBase="D:\actions-runner\_work\XPCO\XPCO\Corporate\RecordingServer\RecorderService\tst\VideoOS.Recorder.UnitTests\bin\x64\Debug\net472\VideoOS.Recorder.UnitTests.dll" adapterTypeName="executor://mstestadapter/v2" className="VideoOS.Recorder.UnitTests.Command.FileUploadCommandHandlerUnitTests" name="FileUploadCommandHandler_Execute_NullOrIncorrectArgs_Throw" />
    </UnitTest>
    <UnitTest name="SOAPCommandRequestHandler_ExecuteFunction_HandleJPEGGetLive_NotAllowed" storage="d:\actions-runner\_work\xpco\xpco\corporate\recordingserver\recorderservice\tst\videoos.recorder.unittests\bin\x64\debug\net472\videoos.recorder.unittests.dll" id="98691723-0a20-4b2c-26d3-0c7626ffb7d8">
      <Execution id="b448c11b-a8ca-441c-bf99-67b3321ae6d1" />
      <TestMethod codeBase="D:\actions-runner\_work\XPCO\XPCO\Corporate\RecordingServer\RecorderService\tst\VideoOS.Recorder.UnitTests\bin\x64\Debug\net472\VideoOS.Recorder.UnitTests.dll" adapterTypeName="executor://mstestadapter/v2" className="VideoOS.Recorder.UnitTests.WebServer.SOAPCommandRequestHandlerTests" name="SOAPCommandRequestHandler_ExecuteFunction_HandleJPEGGetLive_NotAllowed" />
    </UnitTest>
    <UnitTest name="PtzReleaseSessionCommandHandler_Execute_Success" storage="d:\actions-runner\_work\xpco\xpco\corporate\recordingserver\recorderservice\tst\videoos.recorder.unittests\bin\x64\debug\net472\videoos.recorder.unittests.dll" id="42c118ae-5758-15ae-f9df-f825390f2162">
      <Execution id="cc26357c-6d6c-4475-9d5c-dd8376f9d7f6" />
      <TestMethod codeBase="D:\actions-runner\_work\XPCO\XPCO\Corporate\RecordingServer\RecorderService\tst\VideoOS.Recorder.UnitTests\bin\x64\Debug\net472\VideoOS.Recorder.UnitTests.dll" adapterTypeName="executor://mstestadapter/v2" className="VideoOS.Recorder.UnitTests.Command.PtzReleaseSessionCommandHandlerTest" name="PtzReleaseSessionCommandHandler_Execute_Success" />
    </UnitTest>
    <UnitTest name="PtzReleaseSessionCommandHandler_Execute_PtzException_PtzNotSupported" storage="d:\actions-runner\_work\xpco\xpco\corporate\recordingserver\recorderservice\tst\videoos.recorder.unittests\bin\x64\debug\net472\videoos.recorder.unittests.dll" id="55d7e8fb-4a68-ae5c-6f1d-f88ae14fe776">
      <Execution id="e3ea6d10-40ea-4ffb-ba77-5262e3dabe36" />
      <TestMethod codeBase="D:\actions-runner\_work\XPCO\XPCO\Corporate\RecordingServer\RecorderService\tst\VideoOS.Recorder.UnitTests\bin\x64\Debug\net472\VideoOS.Recorder.UnitTests.dll" adapterTypeName="executor://mstestadapter/v2" className="VideoOS.Recorder.UnitTests.Command.PtzReleaseSessionCommandHandlerTest" name="PtzReleaseSessionCommandHandler_Execute_PtzException_PtzNotSupported" />
    </UnitTest>
    <UnitTest name="LicenseManager_CheckHardwareLicensed_unlicensed_licensedBeforeExpiryDateNoReplacementToken" storage="d:\actions-runner\_work\xpco\xpco\corporate\recordingserver\recorderservice\tst\videoos.recorder.unittests\bin\x64\debug\net472\videoos.recorder.unittests.dll" id="4868c342-5afd-96c3-b8ae-756d5892ed87">
      <TestCategory>
        <TestCategoryItem TestCategory="Licensing" />
      </TestCategory>
      <Execution id="6404b926-a9b1-46cc-8059-e7fcef566db3" />
      <TestMethod codeBase="D:\actions-runner\_work\XPCO\XPCO\Corporate\RecordingServer\RecorderService\tst\VideoOS.Recorder.UnitTests\bin\x64\Debug\net472\VideoOS.Recorder.UnitTests.dll" adapterTypeName="executor://mstestadapter/v2" className="VideoOS.Recorder.UnitTests.Licensing.LicenseManagerUnitTests" name="LicenseManager_CheckHardwareLicensed_unlicensed_licensedBeforeExpiryDateNoReplacementToken" />
    </UnitTest>
    <UnitTest name="CheckForLiveAndOrphanTables_TablesMatches" storage="d:\actions-runner\_work\xpco\xpco\corporate\recordingserver\recorderservice\tst\videoos.recorder.unittests\bin\x64\debug\net472\videoos.recorder.unittests.dll" id="6e95ef38-6c10-c578-d203-7b7ac687fd95">
      <Execution id="1df20bf9-4a7e-47e4-86b0-55755c4e2c36" />
      <TestMethod codeBase="D:\actions-runner\_work\XPCO\XPCO\Corporate\RecordingServer\RecorderService\tst\VideoOS.Recorder.UnitTests\bin\x64\Debug\net472\VideoOS.Recorder.UnitTests.dll" adapterTypeName="executor://mstestadapter/v2" className="VideoOS.Recorder.UnitTests.ObjectModel.MediaDbManagerUnitTests" name="CheckForLiveAndOrphanTables_TablesMatches" />
    </UnitTest>
    <UnitTest name="PtzStopSessionCommandHandler_Constructor_Argument_Exception" storage="d:\actions-runner\_work\xpco\xpco\corporate\recordingserver\recorderservice\tst\videoos.recorder.unittests\bin\x64\debug\net472\videoos.recorder.unittests.dll" id="56e05ba7-632d-f502-5502-a567718423da">
      <Execution id="f843f333-66de-427e-8c28-5dd10969c8b0" />
      <TestMethod codeBase="D:\actions-runner\_work\XPCO\XPCO\Corporate\RecordingServer\RecorderService\tst\VideoOS.Recorder.UnitTests\bin\x64\Debug\net472\VideoOS.Recorder.UnitTests.dll" adapterTypeName="executor://mstestadapter/v2" className="VideoOS.Recorder.UnitTests.Command.PtzStopSessionCommandHandlerTest" name="PtzStopSessionCommandHandler_Constructor_Argument_Exception" />
    </UnitTest>
    <UnitTest name="GetHardwareUsersCommandHandler_Execute_ExpectedHardwareIdReturned" storage="d:\actions-runner\_work\xpco\xpco\corporate\recordingserver\recorderservice\tst\videoos.recorder.unittests\bin\x64\debug\net472\videoos.recorder.unittests.dll" id="85347f42-97eb-f529-781c-a286ab1257cd">
      <Execution id="262bc95f-5db9-43e9-afd0-5054c4e037d1" />
      <TestMethod codeBase="D:\actions-runner\_work\XPCO\XPCO\Corporate\RecordingServer\RecorderService\tst\VideoOS.Recorder.UnitTests\bin\x64\Debug\net472\VideoOS.Recorder.UnitTests.dll" adapterTypeName="executor://mstestadapter/v2" className="VideoOS.Recorder.UnitTests.Command.GetHardwareUsersCommandHandlerUnitTests" name="GetHardwareUsersCommandHandler_Execute_ExpectedHardwareIdReturned" />
    </UnitTest>
    <UnitTest name="GetDefaultOrFirstAudioEncodingFromDefinition_GetFirstSettingTest" storage="d:\actions-runner\_work\xpco\xpco\corporate\recordingserver\recorderservice\tst\videoos.recorder.unittests\bin\x64\debug\net472\videoos.recorder.unittests.dll" id="725b1a44-1c80-b986-7899-a1c8412519ba">
      <Execution id="d7d5f509-5840-4c49-8229-6a8e796fdc5f" />
      <TestMethod codeBase="D:\actions-runner\_work\XPCO\XPCO\Corporate\RecordingServer\RecorderService\tst\VideoOS.Recorder.UnitTests\bin\x64\Debug\net472\VideoOS.Recorder.UnitTests.dll" adapterTypeName="executor://mstestadapter/v2" className="VideoOS.Recorder.UnitTests.Utility.DefinitionUtilityTest" name="GetDefaultOrFirstAudioEncodingFromDefinition_GetFirstSettingTest" />
    </UnitTest>
    <UnitTest name="SynchronizeDevicePresetsCommandHandler_Execute_CanLoadPresetsFromDevice_Is_False" storage="d:\actions-runner\_work\xpco\xpco\corporate\recordingserver\recorderservice\tst\videoos.recorder.unittests\bin\x64\debug\net472\videoos.recorder.unittests.dll" id="8def1cfb-11a5-379b-896a-6d9d7e7b27b1">
      <Execution id="3f88dc60-c028-4f80-81fe-df5b6cb7eb98" />
      <TestMethod codeBase="D:\actions-runner\_work\XPCO\XPCO\Corporate\RecordingServer\RecorderService\tst\VideoOS.Recorder.UnitTests\bin\x64\Debug\net472\VideoOS.Recorder.UnitTests.dll" adapterTypeName="executor://mstestadapter/v2" className="VideoOS.Recorder.UnitTests.Command.SynchronizeDevicePresetsCommandHandlerUnitTests" name="SynchronizeDevicePresetsCommandHandler_Execute_CanLoadPresetsFromDevice_Is_False" />
    </UnitTest>
    <UnitTest name="TimeRangeConversionRangeBeforeStartTime" storage="d:\actions-runner\_work\xpco\xpco\corporate\recordingserver\recorderservice\tst\videoos.recorder.unittests\bin\x64\debug\net472\videoos.recorder.unittests.dll" id="26a4e123-0319-8283-49fd-7d8a635693ce">
      <TestCategory>
        <TestCategoryItem TestCategory="TimeRangeConversion" />
      </TestCategory>
      <Execution id="33d6b0d7-d576-490b-9f75-8398fc5fa9ee" />
      <TestMethod codeBase="D:\actions-runner\_work\XPCO\XPCO\Corporate\RecordingServer\RecorderService\tst\VideoOS.Recorder.UnitTests\bin\x64\Debug\net472\VideoOS.Recorder.UnitTests.dll" adapterTypeName="executor://mstestadapter/v2" className="VideoOS.Recorder.UnitTests.TimeRangeConversionTests.TimeRangeConversionTests" name="TimeRangeConversionRangeBeforeStartTime" />
    </UnitTest>
    <UnitTest name="EdgeStorageLimitsTimeLimitOkUpperBoundry" storage="d:\actions-runner\_work\xpco\xpco\corporate\recordingserver\recorderservice\tst\videoos.recorder.unittests\bin\x64\debug\net472\videoos.recorder.unittests.dll" id="5685a992-14fa-0621-d053-65caa7f970ee">
      <TestCategory>
        <TestCategoryItem TestCategory="EdgeStorageLimits" />
      </TestCategory>
      <Execution id="f81c202b-bc5e-4cb8-aedf-e5939a3995c3" />
      <TestMethod codeBase="D:\actions-runner\_work\XPCO\XPCO\Corporate\RecordingServer\RecorderService\tst\VideoOS.Recorder.UnitTests\bin\x64\Debug\net472\VideoOS.Recorder.UnitTests.dll" adapterTypeName="executor://mstestadapter/v2" className="VideoOS.Recorder.UnitTests.EdgeStorage.EdgeStorageLimitTests" name="EdgeStorageLimitsTimeLimitOkUpperBoundry" />
    </UnitTest>
    <UnitTest name="GetDatabaseInfo_RecordingStorageNotFound_ArchiveHintFalse" storage="d:\actions-runner\_work\xpco\xpco\corporate\recordingserver\recorderservice\tst\videoos.recorder.unittests\bin\x64\debug\net472\videoos.recorder.unittests.dll" id="9169d3e7-b886-6388-0d83-4a1c15f3a9a8">
      <Execution id="ba133506-1dd5-429e-9663-5f773f629f69" />
      <TestMethod codeBase="D:\actions-runner\_work\XPCO\XPCO\Corporate\RecordingServer\RecorderService\tst\VideoOS.Recorder.UnitTests\bin\x64\Debug\net472\VideoOS.Recorder.UnitTests.dll" adapterTypeName="executor://mstestadapter/v2" className="VideoOS.Recorder.UnitTests.MediaDbEventProcessorTests" name="GetDatabaseInfo_RecordingStorageNotFound_ArchiveHintFalse" />
    </UnitTest>
    <UnitTest name="GetAbsolutePtzPositionCommandHandler_Execute_Preset_Not_Supported" storage="d:\actions-runner\_work\xpco\xpco\corporate\recordingserver\recorderservice\tst\videoos.recorder.unittests\bin\x64\debug\net472\videoos.recorder.unittests.dll" id="dfb29709-d52f-ce00-9c19-520757533373">
      <Execution id="9a7a5ae1-7d16-4fbb-b425-75912bc55e05" />
      <TestMethod codeBase="D:\actions-runner\_work\XPCO\XPCO\Corporate\RecordingServer\RecorderService\tst\VideoOS.Recorder.UnitTests\bin\x64\Debug\net472\VideoOS.Recorder.UnitTests.dll" adapterTypeName="executor://mstestadapter/v2" className="VideoOS.Recorder.UnitTests.Command.GetAbsolutePtzPositionCommandHandlerTest" name="GetAbsolutePtzPositionCommandHandler_Execute_Preset_Not_Supported" />
    </UnitTest>
    <UnitTest name="SOAPCommandRequestHandler_ExecuteFunction_HandlePTZRectangle_Left_Not_Double" storage="d:\actions-runner\_work\xpco\xpco\corporate\recordingserver\recorderservice\tst\videoos.recorder.unittests\bin\x64\debug\net472\videoos.recorder.unittests.dll" id="3cd38ec4-8926-975f-c679-2575a62c6fcd">
      <Execution id="ebbef45b-9d7a-41f1-9a2b-fc6a2a0149d2" />
      <TestMethod codeBase="D:\actions-runner\_work\XPCO\XPCO\Corporate\RecordingServer\RecorderService\tst\VideoOS.Recorder.UnitTests\bin\x64\Debug\net472\VideoOS.Recorder.UnitTests.dll" adapterTypeName="executor://mstestadapter/v2" className="VideoOS.Recorder.UnitTests.WebServer.SOAPCommandRequestHandlerTests" name="SOAPCommandRequestHandler_ExecuteFunction_HandlePTZRectangle_Left_Not_Double" />
    </UnitTest>
    <UnitTest name="MediaDbUtil_MultitrackNavigation_Scenario03" storage="d:\actions-runner\_work\xpco\xpco\corporate\recordingserver\recorderservice\tst\videoos.recorder.unittests\bin\x64\debug\net472\videoos.recorder.unittests.dll" id="727d3ba8-cdbd-539c-f6d6-debf67adbd75">
      <Execution id="cc4d4c44-a4ea-4804-8af9-3fb3bf9cb962" />
      <TestMethod codeBase="D:\actions-runner\_work\XPCO\XPCO\Corporate\RecordingServer\RecorderService\tst\VideoOS.Recorder.UnitTests\bin\x64\Debug\net472\VideoOS.Recorder.UnitTests.dll" adapterTypeName="executor://mstestadapter/v2" className="VideoOS.Recorder.UnitTests.WebServer.MediaDbUtilUnitTests" name="MediaDbUtil_MultitrackNavigation_Scenario03" />
    </UnitTest>
    <UnitTest name="SOAPCommandRequestHandler_ExecuteFunction_HandleOutputTrigger_Success" storage="d:\actions-runner\_work\xpco\xpco\corporate\recordingserver\recorderservice\tst\videoos.recorder.unittests\bin\x64\debug\net472\videoos.recorder.unittests.dll" id="9b349d1e-59f1-1793-88c8-8b103663b95b">
      <Execution id="7214b829-ba66-44b5-9dfa-90c671de465a" />
      <TestMethod codeBase="D:\actions-runner\_work\XPCO\XPCO\Corporate\RecordingServer\RecorderService\tst\VideoOS.Recorder.UnitTests\bin\x64\Debug\net472\VideoOS.Recorder.UnitTests.dll" adapterTypeName="executor://mstestadapter/v2" className="VideoOS.Recorder.UnitTests.WebServer.SOAPCommandRequestHandlerTests" name="SOAPCommandRequestHandler_ExecuteFunction_HandleOutputTrigger_Success" />
    </UnitTest>
    <UnitTest name="SOAPCommandRequestHandler_ExecuteFunction_HandleOutputTrigger_NoSecurity" storage="d:\actions-runner\_work\xpco\xpco\corporate\recordingserver\recorderservice\tst\videoos.recorder.unittests\bin\x64\debug\net472\videoos.recorder.unittests.dll" id="8deb7282-17c1-72d8-38be-d12bb07014eb">
      <Execution id="4521eae5-f607-4e88-959d-61cb657e7548" />
      <TestMethod codeBase="D:\actions-runner\_work\XPCO\XPCO\Corporate\RecordingServer\RecorderService\tst\VideoOS.Recorder.UnitTests\bin\x64\Debug\net472\VideoOS.Recorder.UnitTests.dll" adapterTypeName="executor://mstestadapter/v2" className="VideoOS.Recorder.UnitTests.WebServer.SOAPCommandRequestHandlerTests" name="SOAPCommandRequestHandler_ExecuteFunction_HandleOutputTrigger_NoSecurity" />
    </UnitTest>
    <UnitTest name="AudioMessageManager_PlayAudioMessage_Stopped" storage="d:\actions-runner\_work\xpco\xpco\corporate\recordingserver\recorderservice\tst\videoos.recorder.unittests\bin\x64\debug\net472\videoos.recorder.unittests.dll" id="8115ede1-3fe0-6ea9-9c40-67ab11fe3336">
      <Execution id="44538d65-162f-4f2c-b8ed-8c8d43ed0519" />
      <TestMethod codeBase="D:\actions-runner\_work\XPCO\XPCO\Corporate\RecordingServer\RecorderService\tst\VideoOS.Recorder.UnitTests\bin\x64\Debug\net472\VideoOS.Recorder.UnitTests.dll" adapterTypeName="executor://mstestadapter/v2" className="VideoOS.Recorder.UnitTests.AudioMessageHandling.AudioMessageManagerTests" name="AudioMessageManager_PlayAudioMessage_Stopped" />
    </UnitTest>
    <UnitTest name="ConnectSuccess_NextWithTime" storage="d:\actions-runner\_work\xpco\xpco\corporate\recordingserver\recorderservice\tst\videoos.recorder.unittests\bin\x64\debug\net472\videoos.recorder.unittests.dll" id="9d85024a-ea9e-440c-34f9-b41b5a2ebe56">
      <Execution id="b6c2d47d-c0a8-4fb2-8223-0fb1624aa8a0" />
      <TestMethod codeBase="D:\actions-runner\_work\XPCO\XPCO\Corporate\RecordingServer\RecorderService\tst\VideoOS.Recorder.UnitTests\bin\x64\Debug\net472\VideoOS.Recorder.UnitTests.dll" adapterTypeName="executor://mstestadapter/v2" className="VideoOS.Recorder.UnitTests.WebServer.ImageServerRequestHandlerTests" name="ConnectSuccess_NextWithTime" />
    </UnitTest>
    <UnitTest name="ManualPtzPatrollingSession_Constructor_ArgumentNullException" storage="d:\actions-runner\_work\xpco\xpco\corporate\recordingserver\recorderservice\tst\videoos.recorder.unittests\bin\x64\debug\net472\videoos.recorder.unittests.dll" id="cc746dc1-4f20-1e26-2252-3f9062ded2cd">
      <Execution id="cdc22b82-c386-46fb-b816-011b59f7b53b" />
      <TestMethod codeBase="D:\actions-runner\_work\XPCO\XPCO\Corporate\RecordingServer\RecorderService\tst\VideoOS.Recorder.UnitTests\bin\x64\Debug\net472\VideoOS.Recorder.UnitTests.dll" adapterTypeName="executor://mstestadapter/v2" className="VideoOS.Recorder.UnitTests.Command.PtzSessionsTests" name="ManualPtzPatrollingSession_Constructor_ArgumentNullException" />
    </UnitTest>
    <UnitTest name="SmartSearchHandlerForwardTestDataWithMotionOnlyIgnoreFirstHit" storage="d:\actions-runner\_work\xpco\xpco\corporate\recordingserver\recorderservice\tst\videoos.recorder.unittests\bin\x64\debug\net472\videoos.recorder.unittests.dll" id="1e4f0be7-69b3-a33c-575a-f290addba671">
      <TestCategory>
        <TestCategoryItem TestCategory="SmartSearch" />
      </TestCategory>
      <Execution id="80751e4e-7de3-43c6-8ed3-504843c1f7e7" />
      <TestMethod codeBase="D:\actions-runner\_work\XPCO\XPCO\Corporate\RecordingServer\RecorderService\tst\VideoOS.Recorder.UnitTests\bin\x64\Debug\net472\VideoOS.Recorder.UnitTests.dll" adapterTypeName="executor://mstestadapter/v2" className="VideoOS.Recorder.UnitTests.SmartSearch.SmartSearchHandlerTest" name="SmartSearchHandlerForwardTestDataWithMotionOnlyIgnoreFirstHit" />
    </UnitTest>
    <UnitTest name="Transform_To_Version_2_Success" storage="d:\actions-runner\_work\xpco\xpco\corporate\recordingserver\recorderservice\tst\videoos.recorder.unittests\bin\x64\debug\net472\videoos.recorder.unittests.dll" id="57f1805f-f406-3f66-3c68-98f225709ba5">
      <Execution id="6e62ca9b-1035-47d3-98d4-547fdcf7ba34" />
      <TestMethod codeBase="D:\actions-runner\_work\XPCO\XPCO\Corporate\RecordingServer\RecorderService\tst\VideoOS.Recorder.UnitTests\bin\x64\Debug\net472\VideoOS.Recorder.UnitTests.dll" adapterTypeName="executor://mstestadapter/v2" className="VideoOS.Recorder.UnitTests.WebServer.PrivacyMaskTransportConverterUnitTests" name="Transform_To_Version_2_Success" />
    </UnitTest>
    <UnitTest name="DatabaseTaskCommandHandler_TableNameGenerator_GetDestinationNameForMovedTable_Success" storage="d:\actions-runner\_work\xpco\xpco\corporate\recordingserver\recorderservice\tst\videoos.recorder.unittests\bin\x64\debug\net472\videoos.recorder.unittests.dll" id="7c47d70e-66c8-388b-e626-5761c693397f">
      <Execution id="a9be5cbb-f19d-4a27-8b90-dcf703fb519d" />
      <TestMethod codeBase="D:\actions-runner\_work\XPCO\XPCO\Corporate\RecordingServer\RecorderService\tst\VideoOS.Recorder.UnitTests\bin\x64\Debug\net472\VideoOS.Recorder.UnitTests.dll" adapterTypeName="executor://mstestadapter/v2" className="VideoOS.Recorder.UnitTests.Command.DatabaseTaskCommandHandlerTableNameGeneratorTests" name="DatabaseTaskCommandHandler_TableNameGenerator_GetDestinationNameForMovedTable_Success" />
    </UnitTest>
    <UnitTest name="PtzManualSession_Start_Success" storage="d:\actions-runner\_work\xpco\xpco\corporate\recordingserver\recorderservice\tst\videoos.recorder.unittests\bin\x64\debug\net472\videoos.recorder.unittests.dll" id="c951f1dc-19a4-4b55-2907-a54f697020e2">
      <Execution id="1c55bed7-0bf7-4ccd-9d71-773438f5e2e7" />
      <TestMethod codeBase="D:\actions-runner\_work\XPCO\XPCO\Corporate\RecordingServer\RecorderService\tst\VideoOS.Recorder.UnitTests\bin\x64\Debug\net472\VideoOS.Recorder.UnitTests.dll" adapterTypeName="executor://mstestadapter/v2" className="VideoOS.Recorder.UnitTests.Command.PtzSessionsTests" name="PtzManualSession_Start_Success" />
    </UnitTest>
    <UnitTest name="SetNetworkConfigurationCommandHandler_Constructor_NullArg_Throws" storage="d:\actions-runner\_work\xpco\xpco\corporate\recordingserver\recorderservice\tst\videoos.recorder.unittests\bin\x64\debug\net472\videoos.recorder.unittests.dll" id="00111211-f0e6-971a-6c8f-c0770ce6204f">
      <Execution id="810cbccf-9cba-4097-a371-39d44877574e" />
      <TestMethod codeBase="D:\actions-runner\_work\XPCO\XPCO\Corporate\RecordingServer\RecorderService\tst\VideoOS.Recorder.UnitTests\bin\x64\Debug\net472\VideoOS.Recorder.UnitTests.dll" adapterTypeName="executor://mstestadapter/v2" className="VideoOS.Recorder.UnitTests.Command.SetNetworkConfigurationCommandHandlerUnitTests" name="SetNetworkConfigurationCommandHandler_Constructor_NullArg_Throws" />
    </UnitTest>
    <UnitTest name="EnhanceSettings_DisabledUserExcludeRegionsAndPrivacyMaskWithoutRegionsExcludedFromMotion" storage="d:\actions-runner\_work\xpco\xpco\corporate\recordingserver\recorderservice\tst\videoos.recorder.unittests\bin\x64\debug\net472\videoos.recorder.unittests.dll" id="af7b587d-382d-cbbb-93ce-cf85a20fd517">
      <Owners>
        <Owner name="FT06" />
      </Owners>
      <Execution id="25d1324b-8f33-465a-9084-592c5cb32cbe" />
      <TestMethod codeBase="D:\actions-runner\_work\XPCO\XPCO\Corporate\RecordingServer\RecorderService\tst\VideoOS.Recorder.UnitTests\bin\x64\Debug\net472\VideoOS.Recorder.UnitTests.dll" adapterTypeName="executor://mstestadapter/v2" className="VideoOS.Recorder.UnitTests.ObjectModel.Processors.PluginSettingsEnhancerTest" name="EnhanceSettings_DisabledUserExcludeRegionsAndPrivacyMaskWithoutRegionsExcludedFromMotion" />
    </UnitTest>
    <UnitTest name="SOAPCommandRequestHandler_ExecuteFunction_HandlePresetMoveTo_NoDeviceId" storage="d:\actions-runner\_work\xpco\xpco\corporate\recordingserver\recorderservice\tst\videoos.recorder.unittests\bin\x64\debug\net472\videoos.recorder.unittests.dll" id="1c390b69-528a-eb14-787e-865cd81aa589">
      <Execution id="003e2f4c-3e11-4706-969a-f90bf967f276" />
      <TestMethod codeBase="D:\actions-runner\_work\XPCO\XPCO\Corporate\RecordingServer\RecorderService\tst\VideoOS.Recorder.UnitTests\bin\x64\Debug\net472\VideoOS.Recorder.UnitTests.dll" adapterTypeName="executor://mstestadapter/v2" className="VideoOS.Recorder.UnitTests.WebServer.SOAPCommandRequestHandlerTests" name="SOAPCommandRequestHandler_ExecuteFunction_HandlePresetMoveTo_NoDeviceId" />
    </UnitTest>
    <UnitTest name="ExecuteRuleActions_PostCommandIsNull_BadRequestResult" storage="d:\actions-runner\_work\xpco\xpco\corporate\recordingserver\recorderservice\tst\videoos.recorder.unittests\bin\x64\debug\net472\videoos.recorder.unittests.dll" id="996aca1a-e8f5-5f14-2be0-84e55ef4e3cd">
      <Execution id="1550eded-fd42-4e02-9ef2-bad9397efa4f" />
      <TestMethod codeBase="D:\actions-runner\_work\XPCO\XPCO\Corporate\RecordingServer\RecorderService\tst\VideoOS.Recorder.UnitTests\bin\x64\Debug\net472\VideoOS.Recorder.UnitTests.dll" adapterTypeName="executor://mstestadapter/v2" className="VideoOS.Recorder.UnitTests.RecorderControllerTests" name="ExecuteRuleActions_PostCommandIsNull_BadRequestResult" />
    </UnitTest>
    <UnitTest name="HandleRequest_WrongPath_404NotFound" storage="d:\actions-runner\_work\xpco\xpco\corporate\recordingserver\recorderservice\tst\videoos.recorder.unittests\bin\x64\debug\net472\videoos.recorder.unittests.dll" id="5f6760f9-7657-3111-5554-42ed5a72d76c">
      <Execution id="aa6c679c-9d54-465b-8704-004ecca65eb7" />
      <TestMethod codeBase="D:\actions-runner\_work\XPCO\XPCO\Corporate\RecordingServer\RecorderService\tst\VideoOS.Recorder.UnitTests\bin\x64\Debug\net472\VideoOS.Recorder.UnitTests.dll" adapterTypeName="executor://mstestadapter/v2" className="VideoOS.Recorder.UnitTests.WebServer.DiagnosticsHttpRequestHandlerUnitTests" name="HandleRequest_WrongPath_404NotFound" />
    </UnitTest>
    <UnitTest name="PtzManager_StopPtzSession_Success" storage="d:\actions-runner\_work\xpco\xpco\corporate\recordingserver\recorderservice\tst\videoos.recorder.unittests\bin\x64\debug\net472\videoos.recorder.unittests.dll" id="796e2f6b-66bf-4aad-61d4-a374ddd5afae">
      <Execution id="11a486b2-05cf-41b1-b716-faadbbb95fcb" />
      <TestMethod codeBase="D:\actions-runner\_work\XPCO\XPCO\Corporate\RecordingServer\RecorderService\tst\VideoOS.Recorder.UnitTests\bin\x64\Debug\net472\VideoOS.Recorder.UnitTests.dll" adapterTypeName="executor://mstestadapter/v2" className="VideoOS.Recorder.UnitTests.Command.PtzManagerTests" name="PtzManager_StopPtzSession_Success" />
    </UnitTest>
    <UnitTest name="SOAPCommandRequestHandler_ExecuteFunction_HandlePresetGetList_No_Security" storage="d:\actions-runner\_work\xpco\xpco\corporate\recordingserver\recorderservice\tst\videoos.recorder.unittests\bin\x64\debug\net472\videoos.recorder.unittests.dll" id="b860f2de-4f50-bac4-73d1-0f027c6969b9">
      <Execution id="52a13471-9eaf-4f4a-9392-135dde5e0cbb" />
      <TestMethod codeBase="D:\actions-runner\_work\XPCO\XPCO\Corporate\RecordingServer\RecorderService\tst\VideoOS.Recorder.UnitTests\bin\x64\Debug\net472\VideoOS.Recorder.UnitTests.dll" adapterTypeName="executor://mstestadapter/v2" className="VideoOS.Recorder.UnitTests.WebServer.SOAPCommandRequestHandlerTests" name="SOAPCommandRequestHandler_ExecuteFunction_HandlePresetGetList_No_Security" />
    </UnitTest>
    <UnitTest name="MediaDbCache_GetDiskUsageInformationBank_Has_Cache_Value" storage="d:\actions-runner\_work\xpco\xpco\corporate\recordingserver\recorderservice\tst\videoos.recorder.unittests\bin\x64\debug\net472\videoos.recorder.unittests.dll" id="3d7df30c-aa5b-0b5c-927c-2e931a86e2b4">
      <Execution id="5e9dcaad-57f6-4722-a039-760e5c76eeda" />
      <TestMethod codeBase="D:\actions-runner\_work\XPCO\XPCO\Corporate\RecordingServer\RecorderService\tst\VideoOS.Recorder.UnitTests\bin\x64\Debug\net472\VideoOS.Recorder.UnitTests.dll" adapterTypeName="executor://mstestadapter/v2" className="VideoOS.Recorder.UnitTests.Database.MediaDbCacheUnitTests" name="MediaDbCache_GetDiskUsageInformationBank_Has_Cache_Value" />
    </UnitTest>
    <UnitTest name="ManualPtzPatrollingSession_Constructor_Success" storage="d:\actions-runner\_work\xpco\xpco\corporate\recordingserver\recorderservice\tst\videoos.recorder.unittests\bin\x64\debug\net472\videoos.recorder.unittests.dll" id="40fd06fb-7b5a-53ff-fccf-240959616eb7">
      <Execution id="618d7d31-e571-4f24-a230-81392cadf6fe" />
      <TestMethod codeBase="D:\actions-runner\_work\XPCO\XPCO\Corporate\RecordingServer\RecorderService\tst\VideoOS.Recorder.UnitTests\bin\x64\Debug\net472\VideoOS.Recorder.UnitTests.dll" adapterTypeName="executor://mstestadapter/v2" className="VideoOS.Recorder.UnitTests.Command.PtzSessionsTests" name="ManualPtzPatrollingSession_Constructor_Success" />
    </UnitTest>
    <UnitTest name="HardwareScanSession_TestStartAndStopOnCompleteScan" storage="d:\actions-runner\_work\xpco\xpco\corporate\recordingserver\recorderservice\tst\videoos.recorder.unittests\bin\x64\debug\net472\videoos.recorder.unittests.dll" id="23f3f387-9cd3-0911-911a-896083eb4325">
      <Execution id="f1b4fc2b-315a-43c5-9e81-6acbe37432c9" />
      <TestMethod codeBase="D:\actions-runner\_work\XPCO\XPCO\Corporate\RecordingServer\RecorderService\tst\VideoOS.Recorder.UnitTests\bin\x64\Debug\net472\VideoOS.Recorder.UnitTests.dll" adapterTypeName="executor://mstestadapter/v2" className="VideoOS.Recorder.UnitTests.DeviceDiscovery.HardwareScanSessionTests" name="HardwareScanSession_TestStartAndStopOnCompleteScan" />
    </UnitTest>
    <UnitTest name="TestGenericByteDataCreation" storage="d:\actions-runner\_work\xpco\xpco\corporate\recordingserver\recorderservice\tst\videoos.recorder.unittests\bin\x64\debug\net472\videoos.recorder.unittests.dll" id="f4902e8a-7e72-0028-6876-325b511cba9f">
      <Execution id="2f36059d-6138-4158-a69a-ad3187cebbad" />
      <TestMethod codeBase="D:\actions-runner\_work\XPCO\XPCO\Corporate\RecordingServer\RecorderService\tst\VideoOS.Recorder.UnitTests\bin\x64\Debug\net472\VideoOS.Recorder.UnitTests.dll" adapterTypeName="executor://mstestadapter/v2" className="VideoOS.Recorder.UnitTests.AudioMessageHandling.GenericByteDataCreatorTests" name="TestGenericByteDataCreation" />
    </UnitTest>
    <UnitTest name="TestResetNoStatistics" storage="d:\actions-runner\_work\xpco\xpco\corporate\recordingserver\recorderservice\tst\videoos.recorder.unittests\bin\x64\debug\net472\videoos.recorder.unittests.dll" id="529c0386-24fa-6701-c090-b25dccc11b86">
      <TestCategory>
        <TestCategoryItem TestCategory="ObjectModel.PipelineStatistics" />
      </TestCategory>
      <Execution id="a22c324f-4b64-44e3-96d0-18ff744cdde2" />
      <TestMethod codeBase="D:\actions-runner\_work\XPCO\XPCO\Corporate\RecordingServer\RecorderService\tst\VideoOS.Recorder.UnitTests\bin\x64\Debug\net472\VideoOS.Recorder.UnitTests.dll" adapterTypeName="executor://mstestadapter/v2" className="VideoOS.Recorder.UnitTests.ObjectModel.Processors.PipelineStatisticsTest" name="TestResetNoStatistics" />
    </UnitTest>
    <UnitTest name="SearchingBackwardsNoOverlapsSimple" storage="d:\actions-runner\_work\xpco\xpco\corporate\recordingserver\recorderservice\tst\videoos.recorder.unittests\bin\x64\debug\net472\videoos.recorder.unittests.dll" id="90b8e0ac-3836-668f-d12a-5a7be5c8e5aa">
      <Execution id="23c5e4b2-2251-49e8-9219-25d889268b81" />
      <TestMethod codeBase="D:\actions-runner\_work\XPCO\XPCO\Corporate\RecordingServer\RecorderService\tst\VideoOS.Recorder.UnitTests\bin\x64\Debug\net472\VideoOS.Recorder.UnitTests.dll" adapterTypeName="executor://mstestadapter/v2" className="VideoOS.Recorder.UnitTests.ObjectModel.RestrictedMediaHandlerTest" name="SearchingBackwardsNoOverlapsSimple" />
    </UnitTest>
    <UnitTest name="TriggerCustomEventBulkCommand_IsValid_NoContent" storage="d:\actions-runner\_work\xpco\xpco\corporate\recordingserver\recorderservice\tst\videoos.recorder.unittests\bin\x64\debug\net472\videoos.recorder.unittests.dll" id="ffd89711-583f-15d7-b7d8-54f047144f9b">
      <Execution id="33dab8e8-b475-4aad-b324-fe8b159413f6" />
      <TestMethod codeBase="D:\actions-runner\_work\XPCO\XPCO\Corporate\RecordingServer\RecorderService\tst\VideoOS.Recorder.UnitTests\bin\x64\Debug\net472\VideoOS.Recorder.UnitTests.dll" adapterTypeName="executor://mstestadapter/v2" className="VideoOS.Recorder.UnitTests.EventsControllerTests" name="TriggerCustomEventBulkCommand_IsValid_NoContent" />
    </UnitTest>
    <UnitTest name="SOAPCommandRequestHandler_ExecuteFunction_HandleSmartSearchStart_InvalidSearchMask" storage="d:\actions-runner\_work\xpco\xpco\corporate\recordingserver\recorderservice\tst\videoos.recorder.unittests\bin\x64\debug\net472\videoos.recorder.unittests.dll" id="08b7391b-997e-9b4d-ebe6-f9918957b946">
      <Execution id="2703b723-f74c-4f29-8ad8-bb3b3b974ffb" />
      <TestMethod codeBase="D:\actions-runner\_work\XPCO\XPCO\Corporate\RecordingServer\RecorderService\tst\VideoOS.Recorder.UnitTests\bin\x64\Debug\net472\VideoOS.Recorder.UnitTests.dll" adapterTypeName="executor://mstestadapter/v2" className="VideoOS.Recorder.UnitTests.WebServer.SOAPCommandRequestHandlerTests" name="SOAPCommandRequestHandler_ExecuteFunction_HandleSmartSearchStart_InvalidSearchMask" />
    </UnitTest>
    <UnitTest name="GetNetworkConfigurationCommandHandler_Execute_NoMatchingIP_Errors" storage="d:\actions-runner\_work\xpco\xpco\corporate\recordingserver\recorderservice\tst\videoos.recorder.unittests\bin\x64\debug\net472\videoos.recorder.unittests.dll" id="b0899d9d-f2b3-9580-eca3-39c3aef26cc9">
      <Execution id="c61bd060-b66e-4872-b678-b2a73f46b16e" />
      <TestMethod codeBase="D:\actions-runner\_work\XPCO\XPCO\Corporate\RecordingServer\RecorderService\tst\VideoOS.Recorder.UnitTests\bin\x64\Debug\net472\VideoOS.Recorder.UnitTests.dll" adapterTypeName="executor://mstestadapter/v2" className="VideoOS.Recorder.UnitTests.Command.GetNetworkConfigurationCommandHandlerUnitTests" name="GetNetworkConfigurationCommandHandler_Execute_NoMatchingIP_Errors" />
    </UnitTest>
    <UnitTest name="SOAPCommandRequestHandler_ExecuteFunction_HandlePTZRectangle_NoTop" storage="d:\actions-runner\_work\xpco\xpco\corporate\recordingserver\recorderservice\tst\videoos.recorder.unittests\bin\x64\debug\net472\videoos.recorder.unittests.dll" id="8ef7a167-17f3-011f-c576-97727b4fc446">
      <Execution id="48381a6f-20e7-4474-a7b8-69726d4afe54" />
      <TestMethod codeBase="D:\actions-runner\_work\XPCO\XPCO\Corporate\RecordingServer\RecorderService\tst\VideoOS.Recorder.UnitTests\bin\x64\Debug\net472\VideoOS.Recorder.UnitTests.dll" adapterTypeName="executor://mstestadapter/v2" className="VideoOS.Recorder.UnitTests.WebServer.SOAPCommandRequestHandlerTests" name="SOAPCommandRequestHandler_ExecuteFunction_HandlePTZRectangle_NoTop" />
    </UnitTest>
    <UnitTest name="RegisterLiveTablesForTwoStorages" storage="d:\actions-runner\_work\xpco\xpco\corporate\recordingserver\recorderservice\tst\videoos.recorder.unittests\bin\x64\debug\net472\videoos.recorder.unittests.dll" id="c850ca74-d223-3a0b-bdea-afc6f7a88389">
      <Execution id="1876f1c1-bdce-43cd-9cda-22fc17227584" />
      <TestMethod codeBase="D:\actions-runner\_work\XPCO\XPCO\Corporate\RecordingServer\RecorderService\tst\VideoOS.Recorder.UnitTests\bin\x64\Debug\net472\VideoOS.Recorder.UnitTests.dll" adapterTypeName="executor://mstestadapter/v2" className="VideoOS.Recorder.UnitTests.Database.MediaDbLiveTableStorageInfoTests" name="RegisterLiveTablesForTwoStorages" />
    </UnitTest>
    <UnitTest name="GetChangesAndSendUpdateHardwareDriverCommandAsync_Success" storage="d:\actions-runner\_work\xpco\xpco\corporate\recordingserver\recorderservice\tst\videoos.recorder.unittests\bin\x64\debug\net472\videoos.recorder.unittests.dll" id="af04bac6-2ce8-74dc-6659-d012719b6bdc">
      <Execution id="d3528e33-76c6-4b25-8fe3-2fa5d48b86a4" />
      <TestMethod codeBase="D:\actions-runner\_work\XPCO\XPCO\Corporate\RecordingServer\RecorderService\tst\VideoOS.Recorder.UnitTests\bin\x64\Debug\net472\VideoOS.Recorder.UnitTests.dll" adapterTypeName="executor://mstestadapter/v2" className="VideoOS.Recorder.UnitTests.DriverUpdateHelperUnitTests" name="GetChangesAndSendUpdateHardwareDriverCommandAsync_Success" />
    </UnitTest>
    <UnitTest name="TimeRangeConversionRangeSpansStartAndEndTime" storage="d:\actions-runner\_work\xpco\xpco\corporate\recordingserver\recorderservice\tst\videoos.recorder.unittests\bin\x64\debug\net472\videoos.recorder.unittests.dll" id="8dd9db66-980f-8c56-a4d5-214f14280db1">
      <TestCategory>
        <TestCategoryItem TestCategory="TimeRangeConversion" />
      </TestCategory>
      <Execution id="64b70125-c9fa-43f1-abdb-c64439a3d090" />
      <TestMethod codeBase="D:\actions-runner\_work\XPCO\XPCO\Corporate\RecordingServer\RecorderService\tst\VideoOS.Recorder.UnitTests\bin\x64\Debug\net472\VideoOS.Recorder.UnitTests.dll" adapterTypeName="executor://mstestadapter/v2" className="VideoOS.Recorder.UnitTests.TimeRangeConversionTests.TimeRangeConversionTests" name="TimeRangeConversionRangeSpansStartAndEndTime" />
    </UnitTest>
    <UnitTest name="PtzManagerDataHolder_GetOrAddPtzController_Device_Not_Exists" storage="d:\actions-runner\_work\xpco\xpco\corporate\recordingserver\recorderservice\tst\videoos.recorder.unittests\bin\x64\debug\net472\videoos.recorder.unittests.dll" id="2a3a8992-5eb9-d85e-8436-c4f7401cf226">
      <Execution id="5914a4b7-4f9b-4788-8235-d1a578b2636b" />
      <TestMethod codeBase="D:\actions-runner\_work\XPCO\XPCO\Corporate\RecordingServer\RecorderService\tst\VideoOS.Recorder.UnitTests\bin\x64\Debug\net472\VideoOS.Recorder.UnitTests.dll" adapterTypeName="executor://mstestadapter/v2" className="VideoOS.Recorder.UnitTests.Command.PtzManagerDataHolderTest" name="PtzManagerDataHolder_GetOrAddPtzController_Device_Not_Exists" />
    </UnitTest>
    <UnitTest name="SOAPCommandRequestHandler_ExecuteFunction_HandleInputGetState_NoDeviceId" storage="d:\actions-runner\_work\xpco\xpco\corporate\recordingserver\recorderservice\tst\videoos.recorder.unittests\bin\x64\debug\net472\videoos.recorder.unittests.dll" id="af46bdb0-8caa-ed0c-7389-7e03d1085886">
      <Execution id="7c695c4c-f8b4-45f8-901b-d2f64e38df43" />
      <TestMethod codeBase="D:\actions-runner\_work\XPCO\XPCO\Corporate\RecordingServer\RecorderService\tst\VideoOS.Recorder.UnitTests\bin\x64\Debug\net472\VideoOS.Recorder.UnitTests.dll" adapterTypeName="executor://mstestadapter/v2" className="VideoOS.Recorder.UnitTests.WebServer.SOAPCommandRequestHandlerTests" name="SOAPCommandRequestHandler_ExecuteFunction_HandleInputGetState_NoDeviceId" />
    </UnitTest>
    <UnitTest name="QueryDeviceEvidenceLockSizesCommandHandler_RecorderIsClosingNoAction" storage="d:\actions-runner\_work\xpco\xpco\corporate\recordingserver\recorderservice\tst\videoos.recorder.unittests\bin\x64\debug\net472\videoos.recorder.unittests.dll" id="c5119167-542a-1fa8-3eab-4faee8345c63">
      <Execution id="5f470b6b-befd-436d-8c7c-f38a5fba9b28" />
      <TestMethod codeBase="D:\actions-runner\_work\XPCO\XPCO\Corporate\RecordingServer\RecorderService\tst\VideoOS.Recorder.UnitTests\bin\x64\Debug\net472\VideoOS.Recorder.UnitTests.dll" adapterTypeName="executor://mstestadapter/v2" className="VideoOS.Recorder.UnitTests.Command.QueryDeviceEvidenceLockSizesCommandHandlerTests" name="QueryDeviceEvidenceLockSizesCommandHandler_RecorderIsClosingNoAction" />
    </UnitTest>
    <UnitTest name="DatabaseoperationCommandhandler_DiskUsageInformationTablesPerStorage_SomeFails" storage="d:\actions-runner\_work\xpco\xpco\corporate\recordingserver\recorderservice\tst\videoos.recorder.unittests\bin\x64\debug\net472\videoos.recorder.unittests.dll" id="644a4da9-2c44-507c-8737-52c2ef8b7566">
      <Execution id="e898eced-ea74-4168-8429-3238eb8d064e" />
      <TestMethod codeBase="D:\actions-runner\_work\XPCO\XPCO\Corporate\RecordingServer\RecorderService\tst\VideoOS.Recorder.UnitTests\bin\x64\Debug\net472\VideoOS.Recorder.UnitTests.dll" adapterTypeName="executor://mstestadapter/v2" className="VideoOS.Recorder.UnitTests.Command.DatabaseOperationCommandHandlerUnitTests" name="DatabaseoperationCommandhandler_DiskUsageInformationTablesPerStorage_SomeFails" />
    </UnitTest>
    <UnitTest name="EdgeStorageLimitsCheckBandwidthWithLimitOk" storage="d:\actions-runner\_work\xpco\xpco\corporate\recordingserver\recorderservice\tst\videoos.recorder.unittests\bin\x64\debug\net472\videoos.recorder.unittests.dll" id="84bd1229-2444-ec40-4670-54c1d3f0f408">
      <TestCategory>
        <TestCategoryItem TestCategory="EdgeStorageLimits" />
      </TestCategory>
      <Execution id="5dc9daaf-6660-4714-8c6d-3c7720379b69" />
      <TestMethod codeBase="D:\actions-runner\_work\XPCO\XPCO\Corporate\RecordingServer\RecorderService\tst\VideoOS.Recorder.UnitTests\bin\x64\Debug\net472\VideoOS.Recorder.UnitTests.dll" adapterTypeName="executor://mstestadapter/v2" className="VideoOS.Recorder.UnitTests.EdgeStorage.EdgeStorageLimitTests" name="EdgeStorageLimitsCheckBandwidthWithLimitOk" />
    </UnitTest>
    <UnitTest name="AudioMessageManager_UpdateConfiguration_ArgumentNullException" storage="d:\actions-runner\_work\xpco\xpco\corporate\recordingserver\recorderservice\tst\videoos.recorder.unittests\bin\x64\debug\net472\videoos.recorder.unittests.dll" id="44226950-31ad-5f0b-4d90-f6d2f68da17a">
      <Execution id="a645f6cf-c596-4bd5-8ef2-bb194aaf1189" />
      <TestMethod codeBase="D:\actions-runner\_work\XPCO\XPCO\Corporate\RecordingServer\RecorderService\tst\VideoOS.Recorder.UnitTests\bin\x64\Debug\net472\VideoOS.Recorder.UnitTests.dll" adapterTypeName="executor://mstestadapter/v2" className="VideoOS.Recorder.UnitTests.AudioMessageHandling.AudioMessageManagerTests" name="AudioMessageManager_UpdateConfiguration_ArgumentNullException" />
    </UnitTest>
    <UnitTest name="SOAPCommandRequestHandler_ExecuteFunction_HandlePTZActivatePatrollingSchema_NoPatrollingSchemaId" storage="d:\actions-runner\_work\xpco\xpco\corporate\recordingserver\recorderservice\tst\videoos.recorder.unittests\bin\x64\debug\net472\videoos.recorder.unittests.dll" id="364ed2ff-1752-6dc3-9a45-656d3267a6f4">
      <Execution id="95cdef36-bf80-4f3e-9a53-6766d7affa5d" />
      <TestMethod codeBase="D:\actions-runner\_work\XPCO\XPCO\Corporate\RecordingServer\RecorderService\tst\VideoOS.Recorder.UnitTests\bin\x64\Debug\net472\VideoOS.Recorder.UnitTests.dll" adapterTypeName="executor://mstestadapter/v2" className="VideoOS.Recorder.UnitTests.WebServer.SOAPCommandRequestHandlerTests" name="SOAPCommandRequestHandler_ExecuteFunction_HandlePTZActivatePatrollingSchema_NoPatrollingSchemaId" />
    </UnitTest>
    <UnitTest name="EnhanceSettings_SetsNvidiaValue_OnNoOtherChangesToSettings" storage="d:\actions-runner\_work\xpco\xpco\corporate\recordingserver\recorderservice\tst\videoos.recorder.unittests\bin\x64\debug\net472\videoos.recorder.unittests.dll" id="61ea485e-fcaa-fb16-c702-bad4dc7759e4">
      <Owners>
        <Owner name="FT06" />
      </Owners>
      <Execution id="22250de1-43eb-4dda-9c47-031bef5d20e7" />
      <TestMethod codeBase="D:\actions-runner\_work\XPCO\XPCO\Corporate\RecordingServer\RecorderService\tst\VideoOS.Recorder.UnitTests\bin\x64\Debug\net472\VideoOS.Recorder.UnitTests.dll" adapterTypeName="executor://mstestadapter/v2" className="VideoOS.Recorder.UnitTests.ObjectModel.Processors.PluginSettingsEnhancerTest" name="EnhanceSettings_SetsNvidiaValue_OnNoOtherChangesToSettings" />
    </UnitTest>
    <UnitTest name="GetHardwareUsersCommandHandler_Execute_HardwareBlocked_Errors" storage="d:\actions-runner\_work\xpco\xpco\corporate\recordingserver\recorderservice\tst\videoos.recorder.unittests\bin\x64\debug\net472\videoos.recorder.unittests.dll" id="5357c825-e1ff-1bda-e30c-2434dff3dea0">
      <Execution id="ad3fd06c-c181-425a-8feb-d07ba8e3716c" />
      <TestMethod codeBase="D:\actions-runner\_work\XPCO\XPCO\Corporate\RecordingServer\RecorderService\tst\VideoOS.Recorder.UnitTests\bin\x64\Debug\net472\VideoOS.Recorder.UnitTests.dll" adapterTypeName="executor://mstestadapter/v2" className="VideoOS.Recorder.UnitTests.Command.GetHardwareUsersCommandHandlerUnitTests" name="GetHardwareUsersCommandHandler_Execute_HardwareBlocked_Errors" />
    </UnitTest>
    <UnitTest name="MediaDbRepairStatus_RepairCount_UpDown" storage="d:\actions-runner\_work\xpco\xpco\corporate\recordingserver\recorderservice\tst\videoos.recorder.unittests\bin\x64\debug\net472\videoos.recorder.unittests.dll" id="7206b9bd-2060-65ab-1157-fa40cde7e92d">
      <TestCategory>
        <TestCategoryItem TestCategory="MediaDbRepairStateTests" />
      </TestCategory>
      <Execution id="5921fe5e-1e50-4c2c-a6c7-f95e794bf9a5" />
      <TestMethod codeBase="D:\actions-runner\_work\XPCO\XPCO\Corporate\RecordingServer\RecorderService\tst\VideoOS.Recorder.UnitTests\bin\x64\Debug\net472\VideoOS.Recorder.UnitTests.dll" adapterTypeName="executor://mstestadapter/v2" className="VideoOS.Recorder.UnitTests.TimeRangeConversionTests.MediaDbRepairStatusTests" name="MediaDbRepairStatus_RepairCount_UpDown" />
    </UnitTest>
    <UnitTest name="SOAPCommandRequestHandler_GetClientCapabilities_No_PrivacyMask_Child_Of_ClientCapabilities_Section" storage="d:\actions-runner\_work\xpco\xpco\corporate\recordingserver\recorderservice\tst\videoos.recorder.unittests\bin\x64\debug\net472\videoos.recorder.unittests.dll" id="5eeb65dd-4202-caed-7710-cc5b91710303">
      <Execution id="ef872fa8-7f6e-433e-9207-ab02b12a6f3e" />
      <TestMethod codeBase="D:\actions-runner\_work\XPCO\XPCO\Corporate\RecordingServer\RecorderService\tst\VideoOS.Recorder.UnitTests\bin\x64\Debug\net472\VideoOS.Recorder.UnitTests.dll" adapterTypeName="executor://mstestadapter/v2" className="VideoOS.Recorder.UnitTests.WebServer.SOAPCommandRequestHandlerTests" name="SOAPCommandRequestHandler_GetClientCapabilities_No_PrivacyMask_Child_Of_ClientCapabilities_Section" />
    </UnitTest>
    <UnitTest name="SOAPCommandRequestHandler_ExecuteFunction_HandlePTZRectangle_NoHeight" storage="d:\actions-runner\_work\xpco\xpco\corporate\recordingserver\recorderservice\tst\videoos.recorder.unittests\bin\x64\debug\net472\videoos.recorder.unittests.dll" id="7f480d80-2bbd-e72a-a137-7779a6b33a62">
      <Execution id="97df9234-f525-4736-a2c5-3693d9ac5db4" />
      <TestMethod codeBase="D:\actions-runner\_work\XPCO\XPCO\Corporate\RecordingServer\RecorderService\tst\VideoOS.Recorder.UnitTests\bin\x64\Debug\net472\VideoOS.Recorder.UnitTests.dll" adapterTypeName="executor://mstestadapter/v2" className="VideoOS.Recorder.UnitTests.WebServer.SOAPCommandRequestHandlerTests" name="SOAPCommandRequestHandler_ExecuteFunction_HandlePTZRectangle_NoHeight" />
    </UnitTest>
    <UnitTest name="GetStatistics_Framerate_JPEG_50_Percent" storage="d:\actions-runner\_work\xpco\xpco\corporate\recordingserver\recorderservice\tst\videoos.recorder.unittests\bin\x64\debug\net472\videoos.recorder.unittests.dll" id="50b4242f-6299-48ea-c80c-41075ec2e8bf">
      <TestCategory>
        <TestCategoryItem TestCategory="PipelineRecordingStatistics" />
      </TestCategory>
      <Execution id="9243410c-8b24-4302-9cf4-7b23aad67e96" />
      <TestMethod codeBase="D:\actions-runner\_work\XPCO\XPCO\Corporate\RecordingServer\RecorderService\tst\VideoOS.Recorder.UnitTests\bin\x64\Debug\net472\VideoOS.Recorder.UnitTests.dll" adapterTypeName="executor://mstestadapter/v2" className="VideoOS.Recorder.UnitTests.ObjectModel.Processors.PipelineRecordingStatisticsTests" name="GetStatistics_Framerate_JPEG_50_Percent" />
    </UnitTest>
    <UnitTest name="SOAPCommandRequestHandler_ExecuteFunction_HandlePTZCenter_No_Security" storage="d:\actions-runner\_work\xpco\xpco\corporate\recordingserver\recorderservice\tst\videoos.recorder.unittests\bin\x64\debug\net472\videoos.recorder.unittests.dll" id="c14b9dfb-90db-75bb-6d49-a17a5def646b">
      <Execution id="c1d93160-626e-4645-95dc-69013113bca3" />
      <TestMethod codeBase="D:\actions-runner\_work\XPCO\XPCO\Corporate\RecordingServer\RecorderService\tst\VideoOS.Recorder.UnitTests\bin\x64\Debug\net472\VideoOS.Recorder.UnitTests.dll" adapterTypeName="executor://mstestadapter/v2" className="VideoOS.Recorder.UnitTests.WebServer.SOAPCommandRequestHandlerTests" name="SOAPCommandRequestHandler_ExecuteFunction_HandlePTZCenter_No_Security" />
    </UnitTest>
    <UnitTest name="PingDeviceCommandHandler_Execute_Timeout" storage="d:\actions-runner\_work\xpco\xpco\corporate\recordingserver\recorderservice\tst\videoos.recorder.unittests\bin\x64\debug\net472\videoos.recorder.unittests.dll" id="344bc6e5-9c19-c772-75f8-eddf1b52a4c1">
      <Execution id="4ec7ec35-03ca-4f97-9892-e270e1155019" />
      <TestMethod codeBase="D:\actions-runner\_work\XPCO\XPCO\Corporate\RecordingServer\RecorderService\tst\VideoOS.Recorder.UnitTests\bin\x64\Debug\net472\VideoOS.Recorder.UnitTests.dll" adapterTypeName="executor://mstestadapter/v2" className="VideoOS.Recorder.UnitTests.Command.PingDeviceCommandHandlerUnitTests" name="PingDeviceCommandHandler_Execute_Timeout" />
    </UnitTest>
    <UnitTest name="ConfigurationController_UpdateSystemConfiguration_IsNull_BadRequestResult" storage="d:\actions-runner\_work\xpco\xpco\corporate\recordingserver\recorderservice\tst\videoos.recorder.unittests\bin\x64\debug\net472\videoos.recorder.unittests.dll" id="3c69bfc4-4b32-405f-5164-8ab616062af8">
      <Execution id="65bfcb34-e36e-4f09-927d-cd139ae2398b" />
      <TestMethod codeBase="D:\actions-runner\_work\XPCO\XPCO\Corporate\RecordingServer\RecorderService\tst\VideoOS.Recorder.UnitTests\bin\x64\Debug\net472\VideoOS.Recorder.UnitTests.dll" adapterTypeName="executor://mstestadapter/v2" className="VideoOS.Recorder.UnitTests.ConfigurationControllerTests" name="ConfigurationController_UpdateSystemConfiguration_IsNull_BadRequestResult" />
    </UnitTest>
    <UnitTest name="MediaDbUtil_MultitrackNavigation_Scenario08" storage="d:\actions-runner\_work\xpco\xpco\corporate\recordingserver\recorderservice\tst\videoos.recorder.unittests\bin\x64\debug\net472\videoos.recorder.unittests.dll" id="c03c30cf-efaf-7d2d-1984-866170871d25">
      <Execution id="8553c6d1-e114-4843-b7c3-b3e6c05dae86" />
      <TestMethod codeBase="D:\actions-runner\_work\XPCO\XPCO\Corporate\RecordingServer\RecorderService\tst\VideoOS.Recorder.UnitTests\bin\x64\Debug\net472\VideoOS.Recorder.UnitTests.dll" adapterTypeName="executor://mstestadapter/v2" className="VideoOS.Recorder.UnitTests.WebServer.MediaDbUtilUnitTests" name="MediaDbUtil_MultitrackNavigation_Scenario08" />
    </UnitTest>
    <UnitTest name="SOAPCommandRequestHandler_ExecuteFunction_HandleJPEGGetAt_NoDeviceId" storage="d:\actions-runner\_work\xpco\xpco\corporate\recordingserver\recorderservice\tst\videoos.recorder.unittests\bin\x64\debug\net472\videoos.recorder.unittests.dll" id="ad85d1fc-d46a-97dc-33eb-7573f1d1232b">
      <Execution id="b3c6c843-cfa5-4ea5-84a0-489997514882" />
      <TestMethod codeBase="D:\actions-runner\_work\XPCO\XPCO\Corporate\RecordingServer\RecorderService\tst\VideoOS.Recorder.UnitTests\bin\x64\Debug\net472\VideoOS.Recorder.UnitTests.dll" adapterTypeName="executor://mstestadapter/v2" className="VideoOS.Recorder.UnitTests.WebServer.SOAPCommandRequestHandlerTests" name="SOAPCommandRequestHandler_ExecuteFunction_HandleJPEGGetAt_NoDeviceId" />
    </UnitTest>
    <UnitTest name="SearchingBackwards" storage="d:\actions-runner\_work\xpco\xpco\corporate\recordingserver\recorderservice\tst\videoos.recorder.unittests\bin\x64\debug\net472\videoos.recorder.unittests.dll" id="602dad3a-74b2-00a2-c766-bf018691774e">
      <Execution id="2bcfc077-6a5e-4280-abe5-3142a0474f20" />
      <TestMethod codeBase="D:\actions-runner\_work\XPCO\XPCO\Corporate\RecordingServer\RecorderService\tst\VideoOS.Recorder.UnitTests\bin\x64\Debug\net472\VideoOS.Recorder.UnitTests.dll" adapterTypeName="executor://mstestadapter/v2" className="VideoOS.Recorder.UnitTests.ObjectModel.PrivacyMaskHandlerTest" name="SearchingBackwards" />
    </UnitTest>
    <UnitTest name="TimeRangeConversionRangeBothBeforeAndAfterSatrAndEndTime" storage="d:\actions-runner\_work\xpco\xpco\corporate\recordingserver\recorderservice\tst\videoos.recorder.unittests\bin\x64\debug\net472\videoos.recorder.unittests.dll" id="d85b6722-8565-a29c-5490-16e3a10a250c">
      <TestCategory>
        <TestCategoryItem TestCategory="TimeRangeConversion" />
      </TestCategory>
      <Execution id="2f7c5eb3-9e6b-4141-b041-0866250d3ccd" />
      <TestMethod codeBase="D:\actions-runner\_work\XPCO\XPCO\Corporate\RecordingServer\RecorderService\tst\VideoOS.Recorder.UnitTests\bin\x64\Debug\net472\VideoOS.Recorder.UnitTests.dll" adapterTypeName="executor://mstestadapter/v2" className="VideoOS.Recorder.UnitTests.TimeRangeConversionTests.TimeRangeConversionTests" name="TimeRangeConversionRangeBothBeforeAndAfterSatrAndEndTime" />
    </UnitTest>
    <UnitTest name="ReapplySettings_StateIsNull_Failure" storage="d:\actions-runner\_work\xpco\xpco\corporate\recordingserver\recorderservice\tst\videoos.recorder.unittests\bin\x64\debug\net472\videoos.recorder.unittests.dll" id="67e568f4-2635-df03-0597-688e62982d3d">
      <Execution id="3295da6e-76a9-4613-a657-3c43ae0003aa" />
      <TestMethod codeBase="D:\actions-runner\_work\XPCO\XPCO\Corporate\RecordingServer\RecorderService\tst\VideoOS.Recorder.UnitTests\bin\x64\Debug\net472\VideoOS.Recorder.UnitTests.dll" adapterTypeName="executor://mstestadapter/v2" className="VideoOS.Recorder.UnitTests.Command.ReapplySettingsCommandHandlerTest" name="ReapplySettings_StateIsNull_Failure" />
    </UnitTest>
    <UnitTest name="SOAPCommandRequestHandler_ExecuteFunction_HandlePTZExtendedManualSession_No_Priority" storage="d:\actions-runner\_work\xpco\xpco\corporate\recordingserver\recorderservice\tst\videoos.recorder.unittests\bin\x64\debug\net472\videoos.recorder.unittests.dll" id="73596530-4c15-78e9-a3fd-2b938839fe9d">
      <Execution id="dae317a1-ed85-48fc-abcb-3ed8017c037d" />
      <TestMethod codeBase="D:\actions-runner\_work\XPCO\XPCO\Corporate\RecordingServer\RecorderService\tst\VideoOS.Recorder.UnitTests\bin\x64\Debug\net472\VideoOS.Recorder.UnitTests.dll" adapterTypeName="executor://mstestadapter/v2" className="VideoOS.Recorder.UnitTests.WebServer.SOAPCommandRequestHandlerTests" name="SOAPCommandRequestHandler_ExecuteFunction_HandlePTZExtendedManualSession_No_Priority" />
    </UnitTest>
    <UnitTest name="SOAPCommandRequestHandler_ExecuteFunction_HandlePTZMoveStop_No_Priority" storage="d:\actions-runner\_work\xpco\xpco\corporate\recordingserver\recorderservice\tst\videoos.recorder.unittests\bin\x64\debug\net472\videoos.recorder.unittests.dll" id="84ba90f3-9865-b8fa-8adf-9b1a3d12d7fa">
      <Execution id="7e54beb6-3c30-492a-9a11-ef304a7d3eeb" />
      <TestMethod codeBase="D:\actions-runner\_work\XPCO\XPCO\Corporate\RecordingServer\RecorderService\tst\VideoOS.Recorder.UnitTests\bin\x64\Debug\net472\VideoOS.Recorder.UnitTests.dll" adapterTypeName="executor://mstestadapter/v2" className="VideoOS.Recorder.UnitTests.WebServer.SOAPCommandRequestHandlerTests" name="SOAPCommandRequestHandler_ExecuteFunction_HandlePTZMoveStop_No_Priority" />
    </UnitTest>
    <UnitTest name="SOAPCommandRequestHandler_ExecuteFunction_HandlePTZReleaseSession_Success" storage="d:\actions-runner\_work\xpco\xpco\corporate\recordingserver\recorderservice\tst\videoos.recorder.unittests\bin\x64\debug\net472\videoos.recorder.unittests.dll" id="0a69dcc2-b7d4-5a30-ea72-8ac56c049039">
      <Execution id="caab9445-6890-4720-8286-c64680b9a2c2" />
      <TestMethod codeBase="D:\actions-runner\_work\XPCO\XPCO\Corporate\RecordingServer\RecorderService\tst\VideoOS.Recorder.UnitTests\bin\x64\Debug\net472\VideoOS.Recorder.UnitTests.dll" adapterTypeName="executor://mstestadapter/v2" className="VideoOS.Recorder.UnitTests.WebServer.SOAPCommandRequestHandlerTests" name="SOAPCommandRequestHandler_ExecuteFunction_HandlePTZReleaseSession_Success" />
    </UnitTest>
    <UnitTest name="Start_EstablishesConnection_ConnectionStateIsConnectedAndAttachedStateIsAttached" storage="d:\actions-runner\_work\xpco\xpco\corporate\recordingserver\recorderservice\tst\videoos.recorder.unittests\bin\x64\debug\net472\videoos.recorder.unittests.dll" id="4bf9f557-e5aa-6820-3243-25edb82152cd">
      <Execution id="f8942e4c-9fe8-46b8-a57f-8e939b394367" />
      <TestMethod codeBase="D:\actions-runner\_work\XPCO\XPCO\Corporate\RecordingServer\RecorderService\tst\VideoOS.Recorder.UnitTests\bin\x64\Debug\net472\VideoOS.Recorder.UnitTests.dll" adapterTypeName="executor://mstestadapter/v2" className="VideoOS.Recorder.UnitTests.CommManagerWebApiTests" name="Start_EstablishesConnection_ConnectionStateIsConnectedAndAttachedStateIsAttached" />
    </UnitTest>
    <UnitTest name="TimeRangeConversionMinRangeAndTimeResolution" storage="d:\actions-runner\_work\xpco\xpco\corporate\recordingserver\recorderservice\tst\videoos.recorder.unittests\bin\x64\debug\net472\videoos.recorder.unittests.dll" id="7c657bb1-d656-8572-52e9-8a42e2518cbb">
      <TestCategory>
        <TestCategoryItem TestCategory="TimeRangeConversion" />
      </TestCategory>
      <Execution id="339f5a4b-e9a6-404e-944e-68f367883737" />
      <TestMethod codeBase="D:\actions-runner\_work\XPCO\XPCO\Corporate\RecordingServer\RecorderService\tst\VideoOS.Recorder.UnitTests\bin\x64\Debug\net472\VideoOS.Recorder.UnitTests.dll" adapterTypeName="executor://mstestadapter/v2" className="VideoOS.Recorder.UnitTests.TimeRangeConversionTests.TimeRangeConversionTests" name="TimeRangeConversionMinRangeAndTimeResolution" />
    </UnitTest>
    <UnitTest name="UpdateHardwareStateTrue_vStartHardware_HardwareNotFound_ErrorResponse" storage="d:\actions-runner\_work\xpco\xpco\corporate\recordingserver\recorderservice\tst\videoos.recorder.unittests\bin\x64\debug\net472\videoos.recorder.unittests.dll" id="c1df03bc-3ebe-9ec4-9761-68311864ed1a">
      <Execution id="e63188e2-86b2-4b8f-8ccc-d09f607f226e" />
      <TestMethod codeBase="D:\actions-runner\_work\XPCO\XPCO\Corporate\RecordingServer\RecorderService\tst\VideoOS.Recorder.UnitTests\bin\x64\Debug\net472\VideoOS.Recorder.UnitTests.dll" adapterTypeName="executor://mstestadapter/v2" className="VideoOS.Recorder.UnitTests.Command.UpdateHardwareCommandTest" name="UpdateHardwareStateTrue_vStartHardware_HardwareNotFound_ErrorResponse" />
    </UnitTest>
    <UnitTest name="ConnectSuccess_PrevException" storage="d:\actions-runner\_work\xpco\xpco\corporate\recordingserver\recorderservice\tst\videoos.recorder.unittests\bin\x64\debug\net472\videoos.recorder.unittests.dll" id="f3b1809e-1619-85f3-0ae7-a527d75ebf27">
      <Execution id="def1bdb5-364d-426c-b4a7-a9c619b41f7d" />
      <TestMethod codeBase="D:\actions-runner\_work\XPCO\XPCO\Corporate\RecordingServer\RecorderService\tst\VideoOS.Recorder.UnitTests\bin\x64\Debug\net472\VideoOS.Recorder.UnitTests.dll" adapterTypeName="executor://mstestadapter/v2" className="VideoOS.Recorder.UnitTests.WebServer.ImageServerRequestHandlerTests" name="ConnectSuccess_PrevException" />
    </UnitTest>
    <UnitTest name="RequestArchiveInformation_StorageIDMapping_GUIDs_Single" storage="d:\actions-runner\_work\xpco\xpco\corporate\recordingserver\recorderservice\tst\videoos.recorder.unittests\bin\x64\debug\net472\videoos.recorder.unittests.dll" id="f25d7491-ccd4-a205-5a6c-7c01a0e574bc">
      <Execution id="f189920f-51fe-4727-9714-5fa7ceb412f4" />
      <TestMethod codeBase="D:\actions-runner\_work\XPCO\XPCO\Corporate\RecordingServer\RecorderService\tst\VideoOS.Recorder.UnitTests\bin\x64\Debug\net472\VideoOS.Recorder.UnitTests.dll" adapterTypeName="executor://mstestadapter/v2" className="VideoOS.Recorder.UnitTests.ObjectModel.MediaDbManagerUnitTests" name="RequestArchiveInformation_StorageIDMapping_GUIDs_Single" />
    </UnitTest>
    <UnitTest name="SetConfiguration_Enable_Success" storage="d:\actions-runner\_work\xpco\xpco\corporate\recordingserver\recorderservice\tst\videoos.recorder.unittests\bin\x64\debug\net472\videoos.recorder.unittests.dll" id="dc3b414d-3101-de67-81a3-912339301d06">
      <Execution id="aa66ac85-e6cd-4886-bdc9-2652f3f9dc69" />
      <TestMethod codeBase="D:\actions-runner\_work\XPCO\XPCO\Corporate\RecordingServer\RecorderService\tst\VideoOS.Recorder.UnitTests\bin\x64\Debug\net472\VideoOS.Recorder.UnitTests.dll" adapterTypeName="executor://mstestadapter/v2" className="VideoOS.Recorder.UnitTests.Multicast.LiveMulticastProcessorUnitTests" name="SetConfiguration_Enable_Success" />
    </UnitTest>
    <UnitTest name="SOAPCommandRequestHandler_ExecuteFunction_HandlePTZReserveSession_Not_Licensed" storage="d:\actions-runner\_work\xpco\xpco\corporate\recordingserver\recorderservice\tst\videoos.recorder.unittests\bin\x64\debug\net472\videoos.recorder.unittests.dll" id="af873b35-5308-6a10-7a0f-62e9eb150c88">
      <Execution id="45f8c55a-1be8-443b-b92f-980b3041ef72" />
      <TestMethod codeBase="D:\actions-runner\_work\XPCO\XPCO\Corporate\RecordingServer\RecorderService\tst\VideoOS.Recorder.UnitTests\bin\x64\Debug\net472\VideoOS.Recorder.UnitTests.dll" adapterTypeName="executor://mstestadapter/v2" className="VideoOS.Recorder.UnitTests.WebServer.SOAPCommandRequestHandlerTests" name="SOAPCommandRequestHandler_ExecuteFunction_HandlePTZReserveSession_Not_Licensed" />
    </UnitTest>
    <UnitTest name="Transform_To_Version_1_Success" storage="d:\actions-runner\_work\xpco\xpco\corporate\recordingserver\recorderservice\tst\videoos.recorder.unittests\bin\x64\debug\net472\videoos.recorder.unittests.dll" id="0425d33d-d313-8cac-6e0d-c9f04bddf17e">
      <Execution id="042343cd-d480-431f-a024-9f2c3fcc8c55" />
      <TestMethod codeBase="D:\actions-runner\_work\XPCO\XPCO\Corporate\RecordingServer\RecorderService\tst\VideoOS.Recorder.UnitTests\bin\x64\Debug\net472\VideoOS.Recorder.UnitTests.dll" adapterTypeName="executor://mstestadapter/v2" className="VideoOS.Recorder.UnitTests.WebServer.PrivacyMaskTransportConverterUnitTests" name="Transform_To_Version_1_Success" />
    </UnitTest>
    <UnitTest name="SOAPCommandRequestHandler_ExecuteFunction_HandleMulticastStart_No_Multicast_Address_Available" storage="d:\actions-runner\_work\xpco\xpco\corporate\recordingserver\recorderservice\tst\videoos.recorder.unittests\bin\x64\debug\net472\videoos.recorder.unittests.dll" id="9fe1fe9c-cbb3-4f36-d0e4-20d8d6fee849">
      <Execution id="e8e4a183-3468-486e-a5fc-69e23098f6ff" />
      <TestMethod codeBase="D:\actions-runner\_work\XPCO\XPCO\Corporate\RecordingServer\RecorderService\tst\VideoOS.Recorder.UnitTests\bin\x64\Debug\net472\VideoOS.Recorder.UnitTests.dll" adapterTypeName="executor://mstestadapter/v2" className="VideoOS.Recorder.UnitTests.WebServer.SOAPCommandRequestHandlerTests" name="SOAPCommandRequestHandler_ExecuteFunction_HandleMulticastStart_No_Multicast_Address_Available" />
    </UnitTest>
    <UnitTest name="SOAPCommandRequestHandler_ExecuteFunction_HandleJPEGGetLive_NoMaxWidth" storage="d:\actions-runner\_work\xpco\xpco\corporate\recordingserver\recorderservice\tst\videoos.recorder.unittests\bin\x64\debug\net472\videoos.recorder.unittests.dll" id="beaefab0-f0d9-309a-799d-baac55390a2c">
      <Execution id="92996642-a0ed-4dc4-9c24-327183b5f8fa" />
      <TestMethod codeBase="D:\actions-runner\_work\XPCO\XPCO\Corporate\RecordingServer\RecorderService\tst\VideoOS.Recorder.UnitTests\bin\x64\Debug\net472\VideoOS.Recorder.UnitTests.dll" adapterTypeName="executor://mstestadapter/v2" className="VideoOS.Recorder.UnitTests.WebServer.SOAPCommandRequestHandlerTests" name="SOAPCommandRequestHandler_ExecuteFunction_HandleJPEGGetLive_NoMaxWidth" />
    </UnitTest>
    <UnitTest name="CheckForLiveAndOrphanTables_ExtraTableOnDisk" storage="d:\actions-runner\_work\xpco\xpco\corporate\recordingserver\recorderservice\tst\videoos.recorder.unittests\bin\x64\debug\net472\videoos.recorder.unittests.dll" id="d4f4e92a-dc76-e58b-8cc9-8f2b907c3c26">
      <Execution id="18f0f6ac-0ea9-4460-b956-c7375f4b5703" />
      <TestMethod codeBase="D:\actions-runner\_work\XPCO\XPCO\Corporate\RecordingServer\RecorderService\tst\VideoOS.Recorder.UnitTests\bin\x64\Debug\net472\VideoOS.Recorder.UnitTests.dll" adapterTypeName="executor://mstestadapter/v2" className="VideoOS.Recorder.UnitTests.ObjectModel.MediaDbManagerUnitTests" name="CheckForLiveAndOrphanTables_ExtraTableOnDisk" />
    </UnitTest>
    <UnitTest name="ConnectSuccess_PrevWithTime" storage="d:\actions-runner\_work\xpco\xpco\corporate\recordingserver\recorderservice\tst\videoos.recorder.unittests\bin\x64\debug\net472\videoos.recorder.unittests.dll" id="6c44ac14-3993-67eb-0f37-7fe6d2032bb1">
      <Execution id="3cac4071-b791-469b-9c55-b30dbe0dd6ba" />
      <TestMethod codeBase="D:\actions-runner\_work\XPCO\XPCO\Corporate\RecordingServer\RecorderService\tst\VideoOS.Recorder.UnitTests\bin\x64\Debug\net472\VideoOS.Recorder.UnitTests.dll" adapterTypeName="executor://mstestadapter/v2" className="VideoOS.Recorder.UnitTests.WebServer.ImageServerRequestHandlerTests" name="ConnectSuccess_PrevWithTime" />
    </UnitTest>
    <UnitTest name="RepairSessionEnded_Success" storage="d:\actions-runner\_work\xpco\xpco\corporate\recordingserver\recorderservice\tst\videoos.recorder.unittests\bin\x64\debug\net472\videoos.recorder.unittests.dll" id="fba79d8b-e84a-e36b-1d55-e7660c252582">
      <Execution id="d620022c-9234-4d9a-86ae-a634d18e00d2" />
      <TestMethod codeBase="D:\actions-runner\_work\XPCO\XPCO\Corporate\RecordingServer\RecorderService\tst\VideoOS.Recorder.UnitTests\bin\x64\Debug\net472\VideoOS.Recorder.UnitTests.dll" adapterTypeName="executor://mstestadapter/v2" className="VideoOS.Recorder.UnitTests.MediaDbEventProcessorTests" name="RepairSessionEnded_Success" />
    </UnitTest>
    <UnitTest name="GetDatabaseInfo_ArchiveStorageFound_ArchiveHintTrue" storage="d:\actions-runner\_work\xpco\xpco\corporate\recordingserver\recorderservice\tst\videoos.recorder.unittests\bin\x64\debug\net472\videoos.recorder.unittests.dll" id="c9721db4-263a-a42c-b864-143ef056e3dc">
      <Execution id="34565e01-f4fc-4377-915f-9d1465898676" />
      <TestMethod codeBase="D:\actions-runner\_work\XPCO\XPCO\Corporate\RecordingServer\RecorderService\tst\VideoOS.Recorder.UnitTests\bin\x64\Debug\net472\VideoOS.Recorder.UnitTests.dll" adapterTypeName="executor://mstestadapter/v2" className="VideoOS.Recorder.UnitTests.MediaDbEventProcessorTests" name="GetDatabaseInfo_ArchiveStorageFound_ArchiveHintTrue" />
    </UnitTest>
    <UnitTest name="IsInRange_ShouldReturnTrue_WhenAddressEqualsStart" storage="d:\actions-runner\_work\xpco\xpco\corporate\recordingserver\recorderservice\tst\videoos.recorder.unittests\bin\x64\debug\net472\videoos.recorder.unittests.dll" id="9980dec0-82bb-5e66-a266-90f6e092092e">
      <Execution id="dcd2b3bd-b1ea-48d1-aecf-cc19fc89ed46" />
      <TestMethod codeBase="D:\actions-runner\_work\XPCO\XPCO\Corporate\RecordingServer\RecorderService\tst\VideoOS.Recorder.UnitTests\bin\x64\Debug\net472\VideoOS.Recorder.UnitTests.dll" adapterTypeName="executor://mstestadapter/v2" className="VideoOS.Recorder.UnitTests.DeviceDiscovery.MipDriversDiscoveryTaskTests" name="IsInRange_ShouldReturnTrue_WhenAddressEqualsStart" />
    </UnitTest>
    <UnitTest name="EnhanceSettings_EmptyStringPrivacyMask" storage="d:\actions-runner\_work\xpco\xpco\corporate\recordingserver\recorderservice\tst\videoos.recorder.unittests\bin\x64\debug\net472\videoos.recorder.unittests.dll" id="bb43b1e4-ae50-26df-7d07-45d3d47ce979">
      <Owners>
        <Owner name="FT06" />
      </Owners>
      <Execution id="8569d72c-c6cc-4273-9b0f-6c06e8852cf8" />
      <TestMethod codeBase="D:\actions-runner\_work\XPCO\XPCO\Corporate\RecordingServer\RecorderService\tst\VideoOS.Recorder.UnitTests\bin\x64\Debug\net472\VideoOS.Recorder.UnitTests.dll" adapterTypeName="executor://mstestadapter/v2" className="VideoOS.Recorder.UnitTests.ObjectModel.Processors.PluginSettingsEnhancerTest" name="EnhanceSettings_EmptyStringPrivacyMask" />
    </UnitTest>
    <UnitTest name="DatabaseTaskCommandHandler_DatabaseArchiveOperationMonitor_SinglePass_NotFound" storage="d:\actions-runner\_work\xpco\xpco\corporate\recordingserver\recorderservice\tst\videoos.recorder.unittests\bin\x64\debug\net472\videoos.recorder.unittests.dll" id="69b0a1eb-cc0a-0925-ce77-fdd05c6f8307">
      <Execution id="965c2002-d230-4234-80c7-32236446191f" />
      <TestMethod codeBase="D:\actions-runner\_work\XPCO\XPCO\Corporate\RecordingServer\RecorderService\tst\VideoOS.Recorder.UnitTests\bin\x64\Debug\net472\VideoOS.Recorder.UnitTests.dll" adapterTypeName="executor://mstestadapter/v2" className="VideoOS.Recorder.UnitTests.Command.DatabaseTaskCommandHandlerTest" name="DatabaseTaskCommandHandler_DatabaseArchiveOperationMonitor_SinglePass_NotFound" />
    </UnitTest>
    <UnitTest name="CreateSettingsForInitializeHardwareAndDeviceSettings_Null_Throws_ArgumentNullException" storage="d:\actions-runner\_work\xpco\xpco\corporate\recordingserver\recorderservice\tst\videoos.recorder.unittests\bin\x64\debug\net472\videoos.recorder.unittests.dll" id="e3a9f397-1160-5f7c-0483-55beba4711e5">
      <Execution id="9dfcba7d-7032-4b83-adc5-7bc50201b395" />
      <TestMethod codeBase="D:\actions-runner\_work\XPCO\XPCO\Corporate\RecordingServer\RecorderService\tst\VideoOS.Recorder.UnitTests\bin\x64\Debug\net472\VideoOS.Recorder.UnitTests.dll" adapterTypeName="executor://mstestadapter/v2" className="VideoOS.Recorder.UnitTests.ConfigurationDatasetHolderUnitTests" name="CreateSettingsForInitializeHardwareAndDeviceSettings_Null_Throws_ArgumentNullException" />
    </UnitTest>
    <UnitTest name="CollectMediaStatusCommandHandler_Recorder_IsStopping" storage="d:\actions-runner\_work\xpco\xpco\corporate\recordingserver\recorderservice\tst\videoos.recorder.unittests\bin\x64\debug\net472\videoos.recorder.unittests.dll" id="a9e58e7f-7a7f-5425-834a-d183b2ff7faf">
      <Execution id="5b3f8424-736f-4645-85e3-69ef1642b506" />
      <TestMethod codeBase="D:\actions-runner\_work\XPCO\XPCO\Corporate\RecordingServer\RecorderService\tst\VideoOS.Recorder.UnitTests\bin\x64\Debug\net472\VideoOS.Recorder.UnitTests.dll" adapterTypeName="executor://mstestadapter/v2" className="VideoOS.Recorder.UnitTests.Command.CollectMediaStatusCommandHandlerTests" name="CollectMediaStatusCommandHandler_Recorder_IsStopping" />
    </UnitTest>
    <UnitTest name="MediaDbConfigurationWriter_WriteBankDescriptionConfiguration" storage="d:\actions-runner\_work\xpco\xpco\corporate\recordingserver\recorderservice\tst\videoos.recorder.unittests\bin\x64\debug\net472\videoos.recorder.unittests.dll" id="8b0936f0-4e55-fe7e-b036-f0392c76237f">
      <Execution id="8dbc6597-a52d-48dc-8371-4af360363d92" />
      <TestMethod codeBase="D:\actions-runner\_work\XPCO\XPCO\Corporate\RecordingServer\RecorderService\tst\VideoOS.Recorder.UnitTests\bin\x64\Debug\net472\VideoOS.Recorder.UnitTests.dll" adapterTypeName="executor://mstestadapter/v2" className="VideoOS.Recorder.UnitTests.Database.MediaDbConfigurationWriterUnitTests" name="MediaDbConfigurationWriter_WriteBankDescriptionConfiguration" />
    </UnitTest>
    <UnitTest name="MediaDbCache_GetDiskUsageInformationBank_Zero_Seconds_Timeout_Nothing_Cached" storage="d:\actions-runner\_work\xpco\xpco\corporate\recordingserver\recorderservice\tst\videoos.recorder.unittests\bin\x64\debug\net472\videoos.recorder.unittests.dll" id="c93a2b4c-45af-2a1f-886b-18baadc149d2">
      <Execution id="b2a57ca8-ce93-4e35-8878-b2a5c9a34941" />
      <TestMethod codeBase="D:\actions-runner\_work\XPCO\XPCO\Corporate\RecordingServer\RecorderService\tst\VideoOS.Recorder.UnitTests\bin\x64\Debug\net472\VideoOS.Recorder.UnitTests.dll" adapterTypeName="executor://mstestadapter/v2" className="VideoOS.Recorder.UnitTests.Database.MediaDbCacheUnitTests" name="MediaDbCache_GetDiskUsageInformationBank_Zero_Seconds_Timeout_Nothing_Cached" />
    </UnitTest>
    <UnitTest name="SOAPCommandRequestHandler_ExecuteFunction_HandleMulticastStart_User_Has_Permission" storage="d:\actions-runner\_work\xpco\xpco\corporate\recordingserver\recorderservice\tst\videoos.recorder.unittests\bin\x64\debug\net472\videoos.recorder.unittests.dll" id="cfae43cc-8a12-c2f5-05c8-4f9184442cde">
      <Execution id="2ab7f21d-a6e5-401c-8f07-8a75a1e08716" />
      <TestMethod codeBase="D:\actions-runner\_work\XPCO\XPCO\Corporate\RecordingServer\RecorderService\tst\VideoOS.Recorder.UnitTests\bin\x64\Debug\net472\VideoOS.Recorder.UnitTests.dll" adapterTypeName="executor://mstestadapter/v2" className="VideoOS.Recorder.UnitTests.WebServer.SOAPCommandRequestHandlerTests" name="SOAPCommandRequestHandler_ExecuteFunction_HandleMulticastStart_User_Has_Permission" />
    </UnitTest>
    <UnitTest name="CollectMediaStatusCommandHandler_No_Media" storage="d:\actions-runner\_work\xpco\xpco\corporate\recordingserver\recorderservice\tst\videoos.recorder.unittests\bin\x64\debug\net472\videoos.recorder.unittests.dll" id="853dc122-c8bc-62c4-644e-6c66fe778993">
      <Execution id="e8ea9e5f-20b4-48bf-a61d-efebc972465d" />
      <TestMethod codeBase="D:\actions-runner\_work\XPCO\XPCO\Corporate\RecordingServer\RecorderService\tst\VideoOS.Recorder.UnitTests\bin\x64\Debug\net472\VideoOS.Recorder.UnitTests.dll" adapterTypeName="executor://mstestadapter/v2" className="VideoOS.Recorder.UnitTests.Command.CollectMediaStatusCommandHandlerTests" name="CollectMediaStatusCommandHandler_No_Media" />
    </UnitTest>
    <UnitTest name="GetAbsolutePtzPositionCommandHandler_Execute_Absolute_Position_Not_Supported" storage="d:\actions-runner\_work\xpco\xpco\corporate\recordingserver\recorderservice\tst\videoos.recorder.unittests\bin\x64\debug\net472\videoos.recorder.unittests.dll" id="95504db4-614a-748b-50bb-8b0f96d3ff0f">
      <Execution id="eb082c81-0369-455a-ac2c-7cb8ebe327ae" />
      <TestMethod codeBase="D:\actions-runner\_work\XPCO\XPCO\Corporate\RecordingServer\RecorderService\tst\VideoOS.Recorder.UnitTests\bin\x64\Debug\net472\VideoOS.Recorder.UnitTests.dll" adapterTypeName="executor://mstestadapter/v2" className="VideoOS.Recorder.UnitTests.Command.GetAbsolutePtzPositionCommandHandlerTest" name="GetAbsolutePtzPositionCommandHandler_Execute_Absolute_Position_Not_Supported" />
    </UnitTest>
    <UnitTest name="PtzStopSessionCommandHandler_Execute_PtzException_Other" storage="d:\actions-runner\_work\xpco\xpco\corporate\recordingserver\recorderservice\tst\videoos.recorder.unittests\bin\x64\debug\net472\videoos.recorder.unittests.dll" id="5c61ff5c-238c-d02c-d5b3-5af0c28df32d">
      <Execution id="4cf91d85-68ea-488c-a2d5-d1ca6ac4ad99" />
      <TestMethod codeBase="D:\actions-runner\_work\XPCO\XPCO\Corporate\RecordingServer\RecorderService\tst\VideoOS.Recorder.UnitTests\bin\x64\Debug\net472\VideoOS.Recorder.UnitTests.dll" adapterTypeName="executor://mstestadapter/v2" className="VideoOS.Recorder.UnitTests.Command.PtzStopSessionCommandHandlerTest" name="PtzStopSessionCommandHandler_Execute_PtzException_Other" />
    </UnitTest>
    <UnitTest name="UpdateHardwareReadOnlySettingsAsync_ConnectedAndCompatible_ShouldNotThrowAnException" storage="d:\actions-runner\_work\xpco\xpco\corporate\recordingserver\recorderservice\tst\videoos.recorder.unittests\bin\x64\debug\net472\videoos.recorder.unittests.dll" id="09b9ba02-0efe-7368-101b-c3520546f0b5">
      <Execution id="a5a26aaf-a4b6-44bc-ab5e-51d6099bdbb3" />
      <TestMethod codeBase="D:\actions-runner\_work\XPCO\XPCO\Corporate\RecordingServer\RecorderService\tst\VideoOS.Recorder.UnitTests\bin\x64\Debug\net472\VideoOS.Recorder.UnitTests.dll" adapterTypeName="executor://mstestadapter/v2" className="VideoOS.Recorder.UnitTests.CommManagerWebApiTests" name="UpdateHardwareReadOnlySettingsAsync_ConnectedAndCompatible_ShouldNotThrowAnException" />
    </UnitTest>
    <UnitTest name="PtzPatrollingSessionBase_ControllerDoReachedEndPositionTask_Success" storage="d:\actions-runner\_work\xpco\xpco\corporate\recordingserver\recorderservice\tst\videoos.recorder.unittests\bin\x64\debug\net472\videoos.recorder.unittests.dll" id="1576b950-f80c-8d73-f397-fd5016206cf2">
      <Execution id="ebe269d3-85b3-49c7-bd10-c02d6bbf2e7c" />
      <TestMethod codeBase="D:\actions-runner\_work\XPCO\XPCO\Corporate\RecordingServer\RecorderService\tst\VideoOS.Recorder.UnitTests\bin\x64\Debug\net472\VideoOS.Recorder.UnitTests.dll" adapterTypeName="executor://mstestadapter/v2" className="VideoOS.Recorder.UnitTests.Command.PtzSessionsTests" name="PtzPatrollingSessionBase_ControllerDoReachedEndPositionTask_Success" />
    </UnitTest>
    <UnitTest name="EnhanceSettings_NullPrivacyMask" storage="d:\actions-runner\_work\xpco\xpco\corporate\recordingserver\recorderservice\tst\videoos.recorder.unittests\bin\x64\debug\net472\videoos.recorder.unittests.dll" id="d65ad4a0-099c-7bd2-65ed-8047fa6d2e1d">
      <Owners>
        <Owner name="FT06" />
      </Owners>
      <Execution id="d936c4e7-e950-4b47-a2a6-8d380c15a624" />
      <TestMethod codeBase="D:\actions-runner\_work\XPCO\XPCO\Corporate\RecordingServer\RecorderService\tst\VideoOS.Recorder.UnitTests\bin\x64\Debug\net472\VideoOS.Recorder.UnitTests.dll" adapterTypeName="executor://mstestadapter/v2" className="VideoOS.Recorder.UnitTests.ObjectModel.Processors.PluginSettingsEnhancerTest" name="EnhanceSettings_NullPrivacyMask" />
    </UnitTest>
    <UnitTest name="PtzReserveSession_ModelIsNull_BadRequestResult" storage="d:\actions-runner\_work\xpco\xpco\corporate\recordingserver\recorderservice\tst\videoos.recorder.unittests\bin\x64\debug\net472\videoos.recorder.unittests.dll" id="685bc8ee-252a-0624-eee7-fce25eb39cdd">
      <Execution id="285f27e2-5bf5-4546-9e86-dd3dd9834622" />
      <TestMethod codeBase="D:\actions-runner\_work\XPCO\XPCO\Corporate\RecordingServer\RecorderService\tst\VideoOS.Recorder.UnitTests\bin\x64\Debug\net472\VideoOS.Recorder.UnitTests.dll" adapterTypeName="executor://mstestadapter/v2" className="VideoOS.Recorder.UnitTests.PtzControllerTests" name="PtzReserveSession_ModelIsNull_BadRequestResult" />
    </UnitTest>
    <UnitTest name="UpdateConfigurationFromDiffGram_Enable_Success" storage="d:\actions-runner\_work\xpco\xpco\corporate\recordingserver\recorderservice\tst\videoos.recorder.unittests\bin\x64\debug\net472\videoos.recorder.unittests.dll" id="676da098-943f-606b-3ca8-01773813a201">
      <Execution id="83090ccf-aa3e-493e-ab4f-8254c4547312" />
      <TestMethod codeBase="D:\actions-runner\_work\XPCO\XPCO\Corporate\RecordingServer\RecorderService\tst\VideoOS.Recorder.UnitTests\bin\x64\Debug\net472\VideoOS.Recorder.UnitTests.dll" adapterTypeName="executor://mstestadapter/v2" className="VideoOS.Recorder.UnitTests.Multicast.LiveMulticastProcessorUnitTests" name="UpdateConfigurationFromDiffGram_Enable_Success" />
    </UnitTest>
    <UnitTest name="DeleteHardwareUserCommandHandler_Execute_NoAccess_Error" storage="d:\actions-runner\_work\xpco\xpco\corporate\recordingserver\recorderservice\tst\videoos.recorder.unittests\bin\x64\debug\net472\videoos.recorder.unittests.dll" id="f7d720fb-6680-8f75-f55b-8e297214e998">
      <Execution id="3465a8ae-52da-4d47-bff6-3849445c0444" />
      <TestMethod codeBase="D:\actions-runner\_work\XPCO\XPCO\Corporate\RecordingServer\RecorderService\tst\VideoOS.Recorder.UnitTests\bin\x64\Debug\net472\VideoOS.Recorder.UnitTests.dll" adapterTypeName="executor://mstestadapter/v2" className="VideoOS.Recorder.UnitTests.Command.DeleteHardwareUserCommandHandlerTest" name="DeleteHardwareUserCommandHandler_Execute_NoAccess_Error" />
    </UnitTest>
    <UnitTest name="UpdateHardwareStateTrue_StartHardware_HardwareReadOnly_SuccessResponse" storage="d:\actions-runner\_work\xpco\xpco\corporate\recordingserver\recorderservice\tst\videoos.recorder.unittests\bin\x64\debug\net472\videoos.recorder.unittests.dll" id="ba5d9fe4-26ed-b4f6-b3fd-cbabc026143c">
      <Execution id="67f281a9-6331-4ba9-9dc7-64d13f8f26f2" />
      <TestMethod codeBase="D:\actions-runner\_work\XPCO\XPCO\Corporate\RecordingServer\RecorderService\tst\VideoOS.Recorder.UnitTests\bin\x64\Debug\net472\VideoOS.Recorder.UnitTests.dll" adapterTypeName="executor://mstestadapter/v2" className="VideoOS.Recorder.UnitTests.Command.UpdateHardwareCommandTest" name="UpdateHardwareStateTrue_StartHardware_HardwareReadOnly_SuccessResponse" />
    </UnitTest>
    <UnitTest name="EdgeStorageLimitsManagerGetLimitsSameInstance" storage="d:\actions-runner\_work\xpco\xpco\corporate\recordingserver\recorderservice\tst\videoos.recorder.unittests\bin\x64\debug\net472\videoos.recorder.unittests.dll" id="753586d4-f076-28db-e6f6-02c52a229d0e">
      <TestCategory>
        <TestCategoryItem TestCategory="EdgeStorageLimits" />
      </TestCategory>
      <Execution id="4629ab32-1762-4c45-ac75-1508e2c93972" />
      <TestMethod codeBase="D:\actions-runner\_work\XPCO\XPCO\Corporate\RecordingServer\RecorderService\tst\VideoOS.Recorder.UnitTests\bin\x64\Debug\net472\VideoOS.Recorder.UnitTests.dll" adapterTypeName="executor://mstestadapter/v2" className="VideoOS.Recorder.UnitTests.EdgeStorage.EdgeStorageLimitTests" name="EdgeStorageLimitsManagerGetLimitsSameInstance" />
    </UnitTest>
    <UnitTest name="SetupInitialHardwareUserCommandHandler_Execute_SetupUser_ThrowsUserHandlingOperationalOtherError_Errors" storage="d:\actions-runner\_work\xpco\xpco\corporate\recordingserver\recorderservice\tst\videoos.recorder.unittests\bin\x64\debug\net472\videoos.recorder.unittests.dll" id="992a84e9-d69e-6a2a-f3dc-f6ad5de98e90">
      <Execution id="acff79ba-8ca3-44fc-afa6-13d81659dff6" />
      <TestMethod codeBase="D:\actions-runner\_work\XPCO\XPCO\Corporate\RecordingServer\RecorderService\tst\VideoOS.Recorder.UnitTests\bin\x64\Debug\net472\VideoOS.Recorder.UnitTests.dll" adapterTypeName="executor://mstestadapter/v2" className="VideoOS.Recorder.UnitTests.Command.SetupInitialHardwareUserCommandHandlerUnitTests" name="SetupInitialHardwareUserCommandHandler_Execute_SetupUser_ThrowsUserHandlingOperationalOtherError_Errors" />
    </UnitTest>
    <UnitTest name="PtzManager_ResumePatrolling_Success" storage="d:\actions-runner\_work\xpco\xpco\corporate\recordingserver\recorderservice\tst\videoos.recorder.unittests\bin\x64\debug\net472\videoos.recorder.unittests.dll" id="2a8b5025-8035-6703-b6b8-efe30b305967">
      <Execution id="d1d396f8-aaff-4bea-a21f-09a4bc391bb5" />
      <TestMethod codeBase="D:\actions-runner\_work\XPCO\XPCO\Corporate\RecordingServer\RecorderService\tst\VideoOS.Recorder.UnitTests\bin\x64\Debug\net472\VideoOS.Recorder.UnitTests.dll" adapterTypeName="executor://mstestadapter/v2" className="VideoOS.Recorder.UnitTests.Command.PtzManagerTests" name="PtzManager_ResumePatrolling_Success" />
    </UnitTest>
    <UnitTest name="PrepareMoveHardwareCommand_IsValid_NoContent" storage="d:\actions-runner\_work\xpco\xpco\corporate\recordingserver\recorderservice\tst\videoos.recorder.unittests\bin\x64\debug\net472\videoos.recorder.unittests.dll" id="4821e241-63ac-6b84-73a3-ef60d233c640">
      <Execution id="82d00af1-7118-4956-aa94-0bab908d0137" />
      <TestMethod codeBase="D:\actions-runner\_work\XPCO\XPCO\Corporate\RecordingServer\RecorderService\tst\VideoOS.Recorder.UnitTests\bin\x64\Debug\net472\VideoOS.Recorder.UnitTests.dll" adapterTypeName="executor://mstestadapter/v2" className="VideoOS.Recorder.UnitTests.HardwareControllerTests" name="PrepareMoveHardwareCommand_IsValid_NoContent" />
    </UnitTest>
    <UnitTest name="QueryDeviceEvidenceLockSizes_PostCommandIsValid_NoContent" storage="d:\actions-runner\_work\xpco\xpco\corporate\recordingserver\recorderservice\tst\videoos.recorder.unittests\bin\x64\debug\net472\videoos.recorder.unittests.dll" id="29b5836d-082b-f72d-cb89-131afc3a7659">
      <Execution id="cbd1edb7-c2db-4bf8-bd87-07c3131c280b" />
      <TestMethod codeBase="D:\actions-runner\_work\XPCO\XPCO\Corporate\RecordingServer\RecorderService\tst\VideoOS.Recorder.UnitTests\bin\x64\Debug\net472\VideoOS.Recorder.UnitTests.dll" adapterTypeName="executor://mstestadapter/v2" className="VideoOS.Recorder.UnitTests.DatabaseControllerTests" name="QueryDeviceEvidenceLockSizes_PostCommandIsValid_NoContent" />
    </UnitTest>
    <UnitTest name="CheckForLiveAndOrphanTables_TableConfiguredInDifferentStorage" storage="d:\actions-runner\_work\xpco\xpco\corporate\recordingserver\recorderservice\tst\videoos.recorder.unittests\bin\x64\debug\net472\videoos.recorder.unittests.dll" id="5ac31739-6e7f-cf7e-2625-b7a5bd2288af">
      <Execution id="3b445d0a-0fc7-4f83-8a6f-34ed8a551033" />
      <TestMethod codeBase="D:\actions-runner\_work\XPCO\XPCO\Corporate\RecordingServer\RecorderService\tst\VideoOS.Recorder.UnitTests\bin\x64\Debug\net472\VideoOS.Recorder.UnitTests.dll" adapterTypeName="executor://mstestadapter/v2" className="VideoOS.Recorder.UnitTests.ObjectModel.MediaDbManagerUnitTests" name="CheckForLiveAndOrphanTables_TableConfiguredInDifferentStorage" />
    </UnitTest>
    <UnitTest name="PtzManager_UpdateConfigurationFromDiffGram_Delete_Success" storage="d:\actions-runner\_work\xpco\xpco\corporate\recordingserver\recorderservice\tst\videoos.recorder.unittests\bin\x64\debug\net472\videoos.recorder.unittests.dll" id="cc536d6d-01cd-6fef-5aac-e8cd3f410d15">
      <Execution id="dc788c14-37a4-45f7-9e58-150a27af3a2c" />
      <TestMethod codeBase="D:\actions-runner\_work\XPCO\XPCO\Corporate\RecordingServer\RecorderService\tst\VideoOS.Recorder.UnitTests\bin\x64\Debug\net472\VideoOS.Recorder.UnitTests.dll" adapterTypeName="executor://mstestadapter/v2" className="VideoOS.Recorder.UnitTests.Command.PtzManagerTests" name="PtzManager_UpdateConfigurationFromDiffGram_Delete_Success" />
    </UnitTest>
    <UnitTest name="HardwareSetupInformationCommandHandler_Execute_DuplicateMac_NotAllowed_HardwareAlreadyAddedResponse" storage="d:\actions-runner\_work\xpco\xpco\corporate\recordingserver\recorderservice\tst\videoos.recorder.unittests\bin\x64\debug\net472\videoos.recorder.unittests.dll" id="bb90bd9a-cf89-39ae-1cb2-a7c97b306676">
      <Execution id="1724b7ef-3fd4-458e-9b82-551f806e624d" />
      <TestMethod codeBase="D:\actions-runner\_work\XPCO\XPCO\Corporate\RecordingServer\RecorderService\tst\VideoOS.Recorder.UnitTests\bin\x64\Debug\net472\VideoOS.Recorder.UnitTests.dll" adapterTypeName="executor://mstestadapter/v2" className="VideoOS.Recorder.UnitTests.Command.HardwareSetupInformationCommandHandlerUnitTests" name="HardwareSetupInformationCommandHandler_Execute_DuplicateMac_NotAllowed_HardwareAlreadyAddedResponse" />
    </UnitTest>
    <UnitTest name="RepairInfo_ParseRepairInfoXml_ValidXml_ParsesProgressAndTime" storage="d:\actions-runner\_work\xpco\xpco\corporate\recordingserver\recorderservice\tst\videoos.recorder.unittests\bin\x64\debug\net472\videoos.recorder.unittests.dll" id="a66ac296-b042-4c15-5b42-8c32ecdc27df">
      <Execution id="b6f41e9f-1abc-4207-a7a7-af133f133422" />
      <TestMethod codeBase="D:\actions-runner\_work\XPCO\XPCO\Corporate\RecordingServer\RecorderService\tst\VideoOS.Recorder.UnitTests\bin\x64\Debug\net472\VideoOS.Recorder.UnitTests.dll" adapterTypeName="executor://mstestadapter/v2" className="VideoOS.Recorder.UnitTests.Database.RepairInfoUnitTests" name="RepairInfo_ParseRepairInfoXml_ValidXml_ParsesProgressAndTime" />
    </UnitTest>
    <UnitTest name="CreateSettingsForInitializeHardwareAndDeviceSettings_NoInitAttributes_Return_NoSettings" storage="d:\actions-runner\_work\xpco\xpco\corporate\recordingserver\recorderservice\tst\videoos.recorder.unittests\bin\x64\debug\net472\videoos.recorder.unittests.dll" id="14909b23-ea85-673c-9740-06a78103c898">
      <Execution id="cf1e23b2-2f1f-4527-ba0e-9da8ed5fcb13" />
      <TestMethod codeBase="D:\actions-runner\_work\XPCO\XPCO\Corporate\RecordingServer\RecorderService\tst\VideoOS.Recorder.UnitTests\bin\x64\Debug\net472\VideoOS.Recorder.UnitTests.dll" adapterTypeName="executor://mstestadapter/v2" className="VideoOS.Recorder.UnitTests.ConfigurationDatasetHolderUnitTests" name="CreateSettingsForInitializeHardwareAndDeviceSettings_NoInitAttributes_Return_NoSettings" />
    </UnitTest>
    <UnitTest name="GetHardwareUsersCommandHandler_Execute_NullArgs_Throws" storage="d:\actions-runner\_work\xpco\xpco\corporate\recordingserver\recorderservice\tst\videoos.recorder.unittests\bin\x64\debug\net472\videoos.recorder.unittests.dll" id="b0d093d0-270e-e21c-eccf-9a8b90e8a5d8">
      <Execution id="a3b6393c-c668-4c8a-b81b-2a5fa3a7fa4d" />
      <TestMethod codeBase="D:\actions-runner\_work\XPCO\XPCO\Corporate\RecordingServer\RecorderService\tst\VideoOS.Recorder.UnitTests\bin\x64\Debug\net472\VideoOS.Recorder.UnitTests.dll" adapterTypeName="executor://mstestadapter/v2" className="VideoOS.Recorder.UnitTests.Command.GetHardwareUsersCommandHandlerUnitTests" name="GetHardwareUsersCommandHandler_Execute_NullArgs_Throws" />
    </UnitTest>
    <UnitTest name="SOAPCommandRequestHandler_ExecuteFunction_HandleGetRetentionTimeLimit_NoDeviceId" storage="d:\actions-runner\_work\xpco\xpco\corporate\recordingserver\recorderservice\tst\videoos.recorder.unittests\bin\x64\debug\net472\videoos.recorder.unittests.dll" id="c53abf88-1d6c-5205-d2fa-49c2d1d2fa27">
      <Execution id="7bfbe562-614a-4e10-a573-c5d303ec447d" />
      <TestMethod codeBase="D:\actions-runner\_work\XPCO\XPCO\Corporate\RecordingServer\RecorderService\tst\VideoOS.Recorder.UnitTests\bin\x64\Debug\net472\VideoOS.Recorder.UnitTests.dll" adapterTypeName="executor://mstestadapter/v2" className="VideoOS.Recorder.UnitTests.WebServer.SOAPCommandRequestHandlerTests" name="SOAPCommandRequestHandler_ExecuteFunction_HandleGetRetentionTimeLimit_NoDeviceId" />
    </UnitTest>
    <UnitTest name="IsInRange_ShouldReturnFalse_WhenStartHasIncorrectFormat" storage="d:\actions-runner\_work\xpco\xpco\corporate\recordingserver\recorderservice\tst\videoos.recorder.unittests\bin\x64\debug\net472\videoos.recorder.unittests.dll" id="decb7e26-1fd3-404d-051e-48cdc5f92655">
      <Execution id="ca2a7bdc-72d3-4764-b9c4-80f6134237a9" />
      <TestMethod codeBase="D:\actions-runner\_work\XPCO\XPCO\Corporate\RecordingServer\RecorderService\tst\VideoOS.Recorder.UnitTests\bin\x64\Debug\net472\VideoOS.Recorder.UnitTests.dll" adapterTypeName="executor://mstestadapter/v2" className="VideoOS.Recorder.UnitTests.DeviceDiscovery.MipDriversDiscoveryTaskTests" name="IsInRange_ShouldReturnFalse_WhenStartHasIncorrectFormat" />
    </UnitTest>
    <UnitTest name="RecorderAttach_ModelIsValid_CommandExecuted" storage="d:\actions-runner\_work\xpco\xpco\corporate\recordingserver\recorderservice\tst\videoos.recorder.unittests\bin\x64\debug\net472\videoos.recorder.unittests.dll" id="0dc12bef-9407-d7cf-2d0b-a4bbf0903c96">
      <Execution id="c3d746e2-f298-4091-85bf-7b6f3427ebe3" />
      <TestMethod codeBase="D:\actions-runner\_work\XPCO\XPCO\Corporate\RecordingServer\RecorderService\tst\VideoOS.Recorder.UnitTests\bin\x64\Debug\net472\VideoOS.Recorder.UnitTests.dll" adapterTypeName="executor://mstestadapter/v2" className="VideoOS.Recorder.UnitTests.RecorderControllerTests" name="RecorderAttach_ModelIsValid_CommandExecuted" />
    </UnitTest>
    <UnitTest name="SOAPCommandRequestHandler_ExecuteFunction_HandleOutputGetState_Success_NotAvailable" storage="d:\actions-runner\_work\xpco\xpco\corporate\recordingserver\recorderservice\tst\videoos.recorder.unittests\bin\x64\debug\net472\videoos.recorder.unittests.dll" id="4cb7af30-0ec6-dbea-04bc-6d71d17c03ed">
      <Execution id="7c8d8111-1b1f-41e5-b2e0-bfd097ef0447" />
      <TestMethod codeBase="D:\actions-runner\_work\XPCO\XPCO\Corporate\RecordingServer\RecorderService\tst\VideoOS.Recorder.UnitTests\bin\x64\Debug\net472\VideoOS.Recorder.UnitTests.dll" adapterTypeName="executor://mstestadapter/v2" className="VideoOS.Recorder.UnitTests.WebServer.SOAPCommandRequestHandlerTests" name="SOAPCommandRequestHandler_ExecuteFunction_HandleOutputGetState_Success_NotAvailable" />
    </UnitTest>
    <UnitTest name="DatabaseoperationCommandhandler_VerifyStorageAndArchiveOnline_Archive_Offline" storage="d:\actions-runner\_work\xpco\xpco\corporate\recordingserver\recorderservice\tst\videoos.recorder.unittests\bin\x64\debug\net472\videoos.recorder.unittests.dll" id="3d5da664-ac77-4b79-c3a1-878b742a2e28">
      <Execution id="1a1d8215-fbff-4c91-aa67-abc8c159e205" />
      <TestMethod codeBase="D:\actions-runner\_work\XPCO\XPCO\Corporate\RecordingServer\RecorderService\tst\VideoOS.Recorder.UnitTests\bin\x64\Debug\net472\VideoOS.Recorder.UnitTests.dll" adapterTypeName="executor://mstestadapter/v2" className="VideoOS.Recorder.UnitTests.Command.DatabaseOperationCommandHandlerUnitTests" name="DatabaseoperationCommandhandler_VerifyStorageAndArchiveOnline_Archive_Offline" />
    </UnitTest>
    <UnitTest name="ConnectSuccess_End_Denied" storage="d:\actions-runner\_work\xpco\xpco\corporate\recordingserver\recorderservice\tst\videoos.recorder.unittests\bin\x64\debug\net472\videoos.recorder.unittests.dll" id="4ea280c9-b893-6a9a-489c-6c6af0fd440a">
      <Execution id="755c4873-afaf-4295-a46e-8be508ae4ce5" />
      <TestMethod codeBase="D:\actions-runner\_work\XPCO\XPCO\Corporate\RecordingServer\RecorderService\tst\VideoOS.Recorder.UnitTests\bin\x64\Debug\net472\VideoOS.Recorder.UnitTests.dll" adapterTypeName="executor://mstestadapter/v2" className="VideoOS.Recorder.UnitTests.WebServer.ImageServerRequestHandlerTests" name="ConnectSuccess_End_Denied" />
    </UnitTest>
    <UnitTest name="FirmwareUpgradeCommandHandler_Constructor_NullArg_Throws" storage="d:\actions-runner\_work\xpco\xpco\corporate\recordingserver\recorderservice\tst\videoos.recorder.unittests\bin\x64\debug\net472\videoos.recorder.unittests.dll" id="4bbb7166-5d12-9430-8733-29a7dd021927">
      <Execution id="67e10bb1-cefe-4df2-b64f-cfa80241af0b" />
      <TestMethod codeBase="D:\actions-runner\_work\XPCO\XPCO\Corporate\RecordingServer\RecorderService\tst\VideoOS.Recorder.UnitTests\bin\x64\Debug\net472\VideoOS.Recorder.UnitTests.dll" adapterTypeName="executor://mstestadapter/v2" className="VideoOS.Recorder.UnitTests.Command.FirmwareUpgradeCommandHandlerUnitTests" name="FirmwareUpgradeCommandHandler_Constructor_NullArg_Throws" />
    </UnitTest>
    <UnitTest name="FillableGridAreaFromPrivacyMaskAndExcludeRegion" storage="d:\actions-runner\_work\xpco\xpco\corporate\recordingserver\recorderservice\tst\videoos.recorder.unittests\bin\x64\debug\net472\videoos.recorder.unittests.dll" id="fd372183-0b9d-c0c8-bb63-2e4775580926">
      <TestCategory>
        <TestCategoryItem TestCategory="SmartSearch" />
      </TestCategory>
      <Execution id="0e5ab661-f287-467e-8494-9f348355f449" />
      <TestMethod codeBase="D:\actions-runner\_work\XPCO\XPCO\Corporate\RecordingServer\RecorderService\tst\VideoOS.Recorder.UnitTests\bin\x64\Debug\net472\VideoOS.Recorder.UnitTests.dll" adapterTypeName="executor://mstestadapter/v2" className="VideoOS.Recorder.UnitTests.SmartSearch.SmartSearchHandlerTest" name="FillableGridAreaFromPrivacyMaskAndExcludeRegion" />
    </UnitTest>
    <UnitTest name="ConnectSuccess_Goto_PrevWithoutTime" storage="d:\actions-runner\_work\xpco\xpco\corporate\recordingserver\recorderservice\tst\videoos.recorder.unittests\bin\x64\debug\net472\videoos.recorder.unittests.dll" id="cb6aabb9-fda3-6c9d-398a-3678f99ee609">
      <Execution id="caa5be8f-d0b9-44dd-acec-64c01909853c" />
      <TestMethod codeBase="D:\actions-runner\_work\XPCO\XPCO\Corporate\RecordingServer\RecorderService\tst\VideoOS.Recorder.UnitTests\bin\x64\Debug\net472\VideoOS.Recorder.UnitTests.dll" adapterTypeName="executor://mstestadapter/v2" className="VideoOS.Recorder.UnitTests.WebServer.ImageServerRequestHandlerTests" name="ConnectSuccess_Goto_PrevWithoutTime" />
    </UnitTest>
    <UnitTest name="ConnectSuccess_Goto_NextWithoutTime" storage="d:\actions-runner\_work\xpco\xpco\corporate\recordingserver\recorderservice\tst\videoos.recorder.unittests\bin\x64\debug\net472\videoos.recorder.unittests.dll" id="cee26123-49aa-6fac-4ae3-2815b6fb9ae4">
      <Execution id="1d5c6844-916b-4f62-9c4c-be4a9ac92954" />
      <TestMethod codeBase="D:\actions-runner\_work\XPCO\XPCO\Corporate\RecordingServer\RecorderService\tst\VideoOS.Recorder.UnitTests\bin\x64\Debug\net472\VideoOS.Recorder.UnitTests.dll" adapterTypeName="executor://mstestadapter/v2" className="VideoOS.Recorder.UnitTests.WebServer.ImageServerRequestHandlerTests" name="ConnectSuccess_Goto_NextWithoutTime" />
    </UnitTest>
    <UnitTest name="PtzManager_CenterAndZoomToRectangle_NoResolution" storage="d:\actions-runner\_work\xpco\xpco\corporate\recordingserver\recorderservice\tst\videoos.recorder.unittests\bin\x64\debug\net472\videoos.recorder.unittests.dll" id="cb8cc9f7-73db-ceae-9aee-0022baadc1fa">
      <Execution id="860986bc-d5d3-441d-8bfc-b7425302f794" />
      <TestMethod codeBase="D:\actions-runner\_work\XPCO\XPCO\Corporate\RecordingServer\RecorderService\tst\VideoOS.Recorder.UnitTests\bin\x64\Debug\net472\VideoOS.Recorder.UnitTests.dll" adapterTypeName="executor://mstestadapter/v2" className="VideoOS.Recorder.UnitTests.Command.PtzManagerTests" name="PtzManager_CenterAndZoomToRectangle_NoResolution" />
    </UnitTest>
    <UnitTest name="PtzReleaseSessionCommandHandler_Execute_DriverPtzException" storage="d:\actions-runner\_work\xpco\xpco\corporate\recordingserver\recorderservice\tst\videoos.recorder.unittests\bin\x64\debug\net472\videoos.recorder.unittests.dll" id="76cad13e-0f94-4302-bc65-6fe3c2606f4a">
      <Execution id="7e1ede31-cd96-4e9c-8f1c-9468d2c35ed9" />
      <TestMethod codeBase="D:\actions-runner\_work\XPCO\XPCO\Corporate\RecordingServer\RecorderService\tst\VideoOS.Recorder.UnitTests\bin\x64\Debug\net472\VideoOS.Recorder.UnitTests.dll" adapterTypeName="executor://mstestadapter/v2" className="VideoOS.Recorder.UnitTests.Command.PtzReleaseSessionCommandHandlerTest" name="PtzReleaseSessionCommandHandler_Execute_DriverPtzException" />
    </UnitTest>
    <UnitTest name="EnhanceSettings_UnsupportedPluginIds" storage="d:\actions-runner\_work\xpco\xpco\corporate\recordingserver\recorderservice\tst\videoos.recorder.unittests\bin\x64\debug\net472\videoos.recorder.unittests.dll" id="6d3bccb0-e3a7-0eac-f802-f89ebb3ce36d">
      <Owners>
        <Owner name="FT06" />
      </Owners>
      <Execution id="4d909ac5-cf1f-4ec3-81e4-1694dbd4cdff" />
      <TestMethod codeBase="D:\actions-runner\_work\XPCO\XPCO\Corporate\RecordingServer\RecorderService\tst\VideoOS.Recorder.UnitTests\bin\x64\Debug\net472\VideoOS.Recorder.UnitTests.dll" adapterTypeName="executor://mstestadapter/v2" className="VideoOS.Recorder.UnitTests.ObjectModel.Processors.PluginSettingsEnhancerTest" name="EnhanceSettings_UnsupportedPluginIds" />
    </UnitTest>
    <UnitTest name="MediaDbRepairStatus_DefaultValues" storage="d:\actions-runner\_work\xpco\xpco\corporate\recordingserver\recorderservice\tst\videoos.recorder.unittests\bin\x64\debug\net472\videoos.recorder.unittests.dll" id="4eb11ecf-1ec2-e871-0d3d-b6edf15574a8">
      <TestCategory>
        <TestCategoryItem TestCategory="MediaDbRepairStateTests" />
      </TestCategory>
      <Execution id="e0f7b0cf-af0c-4193-ab74-d464ed771fb3" />
      <TestMethod codeBase="D:\actions-runner\_work\XPCO\XPCO\Corporate\RecordingServer\RecorderService\tst\VideoOS.Recorder.UnitTests\bin\x64\Debug\net472\VideoOS.Recorder.UnitTests.dll" adapterTypeName="executor://mstestadapter/v2" className="VideoOS.Recorder.UnitTests.TimeRangeConversionTests.MediaDbRepairStatusTests" name="MediaDbRepairStatus_DefaultValues" />
    </UnitTest>
    <UnitTest name="SynchronizeDevicePresetsCommandHandler_Execute_IsPresetDevice_Is_False" storage="d:\actions-runner\_work\xpco\xpco\corporate\recordingserver\recorderservice\tst\videoos.recorder.unittests\bin\x64\debug\net472\videoos.recorder.unittests.dll" id="336db44f-2faa-de01-daf7-e9ab5b7313dd">
      <Execution id="e0305d3b-5924-455b-aa11-fc96d0427e26" />
      <TestMethod codeBase="D:\actions-runner\_work\XPCO\XPCO\Corporate\RecordingServer\RecorderService\tst\VideoOS.Recorder.UnitTests\bin\x64\Debug\net472\VideoOS.Recorder.UnitTests.dll" adapterTypeName="executor://mstestadapter/v2" className="VideoOS.Recorder.UnitTests.Command.SynchronizeDevicePresetsCommandHandlerUnitTests" name="SynchronizeDevicePresetsCommandHandler_Execute_IsPresetDevice_Is_False" />
    </UnitTest>
    <UnitTest name="SetNetworkConfigurationCommandHandler_Execute_GetNetworkConfiguration_ThrowsNetworkSettingsManagementUnsupported_Errors" storage="d:\actions-runner\_work\xpco\xpco\corporate\recordingserver\recorderservice\tst\videoos.recorder.unittests\bin\x64\debug\net472\videoos.recorder.unittests.dll" id="d8cc969b-8c37-2fc3-817c-e2862bba2c1b">
      <Execution id="64319487-8592-4acc-83ef-8270691ca7bf" />
      <TestMethod codeBase="D:\actions-runner\_work\XPCO\XPCO\Corporate\RecordingServer\RecorderService\tst\VideoOS.Recorder.UnitTests\bin\x64\Debug\net472\VideoOS.Recorder.UnitTests.dll" adapterTypeName="executor://mstestadapter/v2" className="VideoOS.Recorder.UnitTests.Command.SetNetworkConfigurationCommandHandlerUnitTests" name="SetNetworkConfigurationCommandHandler_Execute_GetNetworkConfiguration_ThrowsNetworkSettingsManagementUnsupported_Errors" />
    </UnitTest>
    <UnitTest name="FirmwareUpgradeCommandHandler_Execute_ManyCommands" storage="d:\actions-runner\_work\xpco\xpco\corporate\recordingserver\recorderservice\tst\videoos.recorder.unittests\bin\x64\debug\net472\videoos.recorder.unittests.dll" id="1abda0e4-5bc1-3609-bf4f-c627801e59f8">
      <Execution id="f21efba6-3737-4d58-b2b1-f2a5a10b378b" />
      <TestMethod codeBase="D:\actions-runner\_work\XPCO\XPCO\Corporate\RecordingServer\RecorderService\tst\VideoOS.Recorder.UnitTests\bin\x64\Debug\net472\VideoOS.Recorder.UnitTests.dll" adapterTypeName="executor://mstestadapter/v2" className="VideoOS.Recorder.UnitTests.Command.FirmwareUpgradeCommandHandlerUnitTests" name="FirmwareUpgradeCommandHandler_Execute_ManyCommands" />
    </UnitTest>
    <UnitTest name="SOAPCommandRequestHandler_ExecuteFunction_HandlePTZMoveStop_Success" storage="d:\actions-runner\_work\xpco\xpco\corporate\recordingserver\recorderservice\tst\videoos.recorder.unittests\bin\x64\debug\net472\videoos.recorder.unittests.dll" id="37195dfb-de58-20de-ec3b-ddd0fb7f8eae">
      <Execution id="7390c872-1f76-4afc-9cb3-118904564e5d" />
      <TestMethod codeBase="D:\actions-runner\_work\XPCO\XPCO\Corporate\RecordingServer\RecorderService\tst\VideoOS.Recorder.UnitTests\bin\x64\Debug\net472\VideoOS.Recorder.UnitTests.dll" adapterTypeName="executor://mstestadapter/v2" className="VideoOS.Recorder.UnitTests.WebServer.SOAPCommandRequestHandlerTests" name="SOAPCommandRequestHandler_ExecuteFunction_HandlePTZMoveStop_Success" />
    </UnitTest>
    <UnitTest name="IsInRange_ShouldReturnFalse_WhenAddressHasIncorrectFormat" storage="d:\actions-runner\_work\xpco\xpco\corporate\recordingserver\recorderservice\tst\videoos.recorder.unittests\bin\x64\debug\net472\videoos.recorder.unittests.dll" id="2b2fb9ee-0ea5-1a6a-c95a-afe700fc4870">
      <Execution id="780444ca-4bd4-4d84-8f59-315f60e3069f" />
      <TestMethod codeBase="D:\actions-runner\_work\XPCO\XPCO\Corporate\RecordingServer\RecorderService\tst\VideoOS.Recorder.UnitTests\bin\x64\Debug\net472\VideoOS.Recorder.UnitTests.dll" adapterTypeName="executor://mstestadapter/v2" className="VideoOS.Recorder.UnitTests.DeviceDiscovery.MipDriversDiscoveryTaskTests" name="IsInRange_ShouldReturnFalse_WhenAddressHasIncorrectFormat" />
    </UnitTest>
    <UnitTest name="SOAPCommandRequestHandler_ExecuteFunction_HandleSequencesGet_NoDeviceId" storage="d:\actions-runner\_work\xpco\xpco\corporate\recordingserver\recorderservice\tst\videoos.recorder.unittests\bin\x64\debug\net472\videoos.recorder.unittests.dll" id="4bb8a0e4-4b9c-7f78-8d93-a8d66232eae9">
      <Execution id="4427931e-5b7f-451a-b1b7-6657c6f5b037" />
      <TestMethod codeBase="D:\actions-runner\_work\XPCO\XPCO\Corporate\RecordingServer\RecorderService\tst\VideoOS.Recorder.UnitTests\bin\x64\Debug\net472\VideoOS.Recorder.UnitTests.dll" adapterTypeName="executor://mstestadapter/v2" className="VideoOS.Recorder.UnitTests.WebServer.SOAPCommandRequestHandlerTests" name="SOAPCommandRequestHandler_ExecuteFunction_HandleSequencesGet_NoDeviceId" />
    </UnitTest>
    <UnitTest name="DatabaseoperationCommandhandler_VerifyStorageAndArchiveOnline_Storage_Offline" storage="d:\actions-runner\_work\xpco\xpco\corporate\recordingserver\recorderservice\tst\videoos.recorder.unittests\bin\x64\debug\net472\videoos.recorder.unittests.dll" id="9531a0aa-31df-c49d-bde8-6a892fd4f616">
      <Execution id="166987df-8a3e-4295-99b5-f987988abbb3" />
      <TestMethod codeBase="D:\actions-runner\_work\XPCO\XPCO\Corporate\RecordingServer\RecorderService\tst\VideoOS.Recorder.UnitTests\bin\x64\Debug\net472\VideoOS.Recorder.UnitTests.dll" adapterTypeName="executor://mstestadapter/v2" className="VideoOS.Recorder.UnitTests.Command.DatabaseOperationCommandHandlerUnitTests" name="DatabaseoperationCommandhandler_VerifyStorageAndArchiveOnline_Storage_Offline" />
    </UnitTest>
    <UnitTest name="Dispose_DoesNotThrowException_OnNullAsTask" storage="d:\actions-runner\_work\xpco\xpco\corporate\recordingserver\recorderservice\tst\videoos.recorder.unittests\bin\x64\debug\net472\videoos.recorder.unittests.dll" id="cae8c1d1-a0d0-db92-4110-9d76790ccba1">
      <TestCategory>
        <TestCategoryItem TestCategory="ObjectModel.RecordingStorage" />
      </TestCategory>
      <Execution id="8269b797-7cd0-467e-927c-6d0ececfe63f" />
      <TestMethod codeBase="D:\actions-runner\_work\XPCO\XPCO\Corporate\RecordingServer\RecorderService\tst\VideoOS.Recorder.UnitTests\bin\x64\Debug\net472\VideoOS.Recorder.UnitTests.dll" adapterTypeName="executor://mstestadapter/v2" className="VideoOS.Recorder.UnitTests.ObjectModel.RecordingStorageTests" name="Dispose_DoesNotThrowException_OnNullAsTask" />
    </UnitTest>
    <UnitTest name="MessageManagerCallback_HandleResponse_Success_UpdatesRecorder" storage="d:\actions-runner\_work\xpco\xpco\corporate\recordingserver\recorderservice\tst\videoos.recorder.unittests\bin\x64\debug\net472\videoos.recorder.unittests.dll" id="fce86640-7e77-7a11-65ba-3862fe3a10da">
      <Execution id="8e5cdb11-3f98-4115-998b-9b3f12369f5e" />
      <TestMethod codeBase="D:\actions-runner\_work\XPCO\XPCO\Corporate\RecordingServer\RecorderService\tst\VideoOS.Recorder.UnitTests\bin\x64\Debug\net472\VideoOS.Recorder.UnitTests.dll" adapterTypeName="executor://mstestadapter/v2" className="VideoOS.Recorder.UnitTests.DriverUpdateHelperUnitTests" name="MessageManagerCallback_HandleResponse_Success_UpdatesRecorder" />
    </UnitTest>
    <UnitTest name="SetNetworkConfigurationCommandHandler_Execute_SetNetworkConfigurationn_ThrowsUnknownException_Errors" storage="d:\actions-runner\_work\xpco\xpco\corporate\recordingserver\recorderservice\tst\videoos.recorder.unittests\bin\x64\debug\net472\videoos.recorder.unittests.dll" id="54ef468a-8378-e46d-f375-82eeb64c7378">
      <Execution id="a7b16c54-39b7-407a-af17-b3d5a6d5bb56" />
      <TestMethod codeBase="D:\actions-runner\_work\XPCO\XPCO\Corporate\RecordingServer\RecorderService\tst\VideoOS.Recorder.UnitTests\bin\x64\Debug\net472\VideoOS.Recorder.UnitTests.dll" adapterTypeName="executor://mstestadapter/v2" className="VideoOS.Recorder.UnitTests.Command.SetNetworkConfigurationCommandHandlerUnitTests" name="SetNetworkConfigurationCommandHandler_Execute_SetNetworkConfigurationn_ThrowsUnknownException_Errors" />
    </UnitTest>
    <UnitTest name="ChangeHardwarePasswordCommandHandler_Execute_ChangePassword_PasswordChangeNoHardwareAccess_Errors" storage="d:\actions-runner\_work\xpco\xpco\corporate\recordingserver\recorderservice\tst\videoos.recorder.unittests\bin\x64\debug\net472\videoos.recorder.unittests.dll" id="e1b022cb-efe2-86f1-2f32-09da53e0f560">
      <Execution id="f66398a4-3021-4f5e-a2a4-70ff8b57a73d" />
      <TestMethod codeBase="D:\actions-runner\_work\XPCO\XPCO\Corporate\RecordingServer\RecorderService\tst\VideoOS.Recorder.UnitTests\bin\x64\Debug\net472\VideoOS.Recorder.UnitTests.dll" adapterTypeName="executor://mstestadapter/v2" className="VideoOS.Recorder.UnitTests.Command.ChangeHardwarePasswordCommandHandlerUnitTests" name="ChangeHardwarePasswordCommandHandler_Execute_ChangePassword_PasswordChangeNoHardwareAccess_Errors" />
    </UnitTest>
    <UnitTest name="ConfigParamNullCheck" storage="d:\actions-runner\_work\xpco\xpco\corporate\recordingserver\recorderservice\tst\videoos.recorder.unittests\bin\x64\debug\net472\videoos.recorder.unittests.dll" id="268a44c4-5503-ae8c-9a86-ce9a204f913e">
      <TestCategory>
        <TestCategoryItem TestCategory="ObjectModel.Device.RelatedDeviceHandler" />
      </TestCategory>
      <Execution id="57d3e50c-8453-4dc8-a2fb-6ea98aaae250" />
      <TestMethod codeBase="D:\actions-runner\_work\XPCO\XPCO\Corporate\RecordingServer\RecorderService\tst\VideoOS.Recorder.UnitTests\bin\x64\Debug\net472\VideoOS.Recorder.UnitTests.dll" adapterTypeName="executor://mstestadapter/v2" className="VideoOS.Recorder.UnitTests.ObjectModel.RelatedDeviceHandlerTest" name="ConfigParamNullCheck" />
    </UnitTest>
    <UnitTest name="PtzReserveSessionCommandHandler_Execute_Argument_Exception" storage="d:\actions-runner\_work\xpco\xpco\corporate\recordingserver\recorderservice\tst\videoos.recorder.unittests\bin\x64\debug\net472\videoos.recorder.unittests.dll" id="5d983749-5de8-7973-76e4-387bec254355">
      <Execution id="e0b5ac43-db26-4ccb-a6b3-04d892633c9b" />
      <TestMethod codeBase="D:\actions-runner\_work\XPCO\XPCO\Corporate\RecordingServer\RecorderService\tst\VideoOS.Recorder.UnitTests\bin\x64\Debug\net472\VideoOS.Recorder.UnitTests.dll" adapterTypeName="executor://mstestadapter/v2" className="VideoOS.Recorder.UnitTests.Command.PtzReserveSessionCommandHandlerTest" name="PtzReserveSessionCommandHandler_Execute_Argument_Exception" />
    </UnitTest>
    <UnitTest name="SmartSearchHandlerConstructAndDispose" storage="d:\actions-runner\_work\xpco\xpco\corporate\recordingserver\recorderservice\tst\videoos.recorder.unittests\bin\x64\debug\net472\videoos.recorder.unittests.dll" id="7fbbb8ec-7eda-3e82-92dc-46be9d4347d0">
      <TestCategory>
        <TestCategoryItem TestCategory="SmartSearch" />
      </TestCategory>
      <Execution id="51fd974d-57de-4a8e-a82d-421c0024dc62" />
      <TestMethod codeBase="D:\actions-runner\_work\XPCO\XPCO\Corporate\RecordingServer\RecorderService\tst\VideoOS.Recorder.UnitTests\bin\x64\Debug\net472\VideoOS.Recorder.UnitTests.dll" adapterTypeName="executor://mstestadapter/v2" className="VideoOS.Recorder.UnitTests.SmartSearch.SmartSearchHandlerTest" name="SmartSearchHandlerConstructAndDispose" />
    </UnitTest>
    <UnitTest name="QueryDeviceEvidenceLockSizesCommandHandler_Constructor_RecorderEnvironmentNull_ArgumentNullException" storage="d:\actions-runner\_work\xpco\xpco\corporate\recordingserver\recorderservice\tst\videoos.recorder.unittests\bin\x64\debug\net472\videoos.recorder.unittests.dll" id="12ba242a-cb08-e6d9-42ab-57ccd344bd09">
      <Execution id="15ccd5fd-b664-45c1-a5a8-98db7955d0dc" />
      <TestMethod codeBase="D:\actions-runner\_work\XPCO\XPCO\Corporate\RecordingServer\RecorderService\tst\VideoOS.Recorder.UnitTests\bin\x64\Debug\net472\VideoOS.Recorder.UnitTests.dll" adapterTypeName="executor://mstestadapter/v2" className="VideoOS.Recorder.UnitTests.Command.QueryDeviceEvidenceLockSizesCommandHandlerTests" name="QueryDeviceEvidenceLockSizesCommandHandler_Constructor_RecorderEnvironmentNull_ArgumentNullException" />
    </UnitTest>
    <UnitTest name="PreferredAddressTable_Register_Two_Devices_Can_Have_Same_Preferred_Address" storage="d:\actions-runner\_work\xpco\xpco\corporate\recordingserver\recorderservice\tst\videoos.recorder.unittests\bin\x64\debug\net472\videoos.recorder.unittests.dll" id="26e2aa31-b19a-1845-8c06-b89b0c1afe34">
      <Execution id="41f2f2c0-8754-4b0c-aa40-01d6da578c0d" />
      <TestMethod codeBase="D:\actions-runner\_work\XPCO\XPCO\Corporate\RecordingServer\RecorderService\tst\VideoOS.Recorder.UnitTests\bin\x64\Debug\net472\VideoOS.Recorder.UnitTests.dll" adapterTypeName="executor://mstestadapter/v2" className="VideoOS.Recorder.UnitTests.Multicast.PreferredAddressTableUnitTests" name="PreferredAddressTable_Register_Two_Devices_Can_Have_Same_Preferred_Address" />
    </UnitTest>
    <UnitTest name="PerformDatabaseOperation_IsNull_BadRequestResult" storage="d:\actions-runner\_work\xpco\xpco\corporate\recordingserver\recorderservice\tst\videoos.recorder.unittests\bin\x64\debug\net472\videoos.recorder.unittests.dll" id="006047cf-5e82-e489-50ec-7332965c93af">
      <Execution id="7ac97544-5b68-4773-a0cd-661675a9e18b" />
      <TestMethod codeBase="D:\actions-runner\_work\XPCO\XPCO\Corporate\RecordingServer\RecorderService\tst\VideoOS.Recorder.UnitTests\bin\x64\Debug\net472\VideoOS.Recorder.UnitTests.dll" adapterTypeName="executor://mstestadapter/v2" className="VideoOS.Recorder.UnitTests.DatabaseControllerTests" name="PerformDatabaseOperation_IsNull_BadRequestResult" />
    </UnitTest>
    <UnitTest name="GetNetworkConfigurationCommandHandler_Execute_HardwareNotFound_Fails" storage="d:\actions-runner\_work\xpco\xpco\corporate\recordingserver\recorderservice\tst\videoos.recorder.unittests\bin\x64\debug\net472\videoos.recorder.unittests.dll" id="47ed7273-aafd-26ed-80e9-e9334a3bb694">
      <Execution id="661aa843-8d43-43b8-bd79-2d1f854a9819" />
      <TestMethod codeBase="D:\actions-runner\_work\XPCO\XPCO\Corporate\RecordingServer\RecorderService\tst\VideoOS.Recorder.UnitTests\bin\x64\Debug\net472\VideoOS.Recorder.UnitTests.dll" adapterTypeName="executor://mstestadapter/v2" className="VideoOS.Recorder.UnitTests.Command.GetNetworkConfigurationCommandHandlerUnitTests" name="GetNetworkConfigurationCommandHandler_Execute_HardwareNotFound_Fails" />
    </UnitTest>
    <UnitTest name="UpdateRecorderTaskProgressAsync_NotConnectedAndAt0PercentComplete_ShouldQueueCommand" storage="d:\actions-runner\_work\xpco\xpco\corporate\recordingserver\recorderservice\tst\videoos.recorder.unittests\bin\x64\debug\net472\videoos.recorder.unittests.dll" id="f4af31f6-c7b2-16eb-b8ce-9c0b9901bde3">
      <Execution id="b5f65fca-05e3-4082-9fb9-7f6aa28dff62" />
      <TestMethod codeBase="D:\actions-runner\_work\XPCO\XPCO\Corporate\RecordingServer\RecorderService\tst\VideoOS.Recorder.UnitTests\bin\x64\Debug\net472\VideoOS.Recorder.UnitTests.dll" adapterTypeName="executor://mstestadapter/v2" className="VideoOS.Recorder.UnitTests.CommManagerWebApiTests" name="UpdateRecorderTaskProgressAsync_NotConnectedAndAt0PercentComplete_ShouldQueueCommand" />
    </UnitTest>
    <UnitTest name="ExecuteFunction_GetArchiveStorageStatus_Success" storage="d:\actions-runner\_work\xpco\xpco\corporate\recordingserver\recorderservice\tst\videoos.recorder.unittests\bin\x64\debug\net472\videoos.recorder.unittests.dll" id="e958b283-ee01-b682-79fb-ca1ddfb45fc8">
      <Execution id="ffad9813-6da7-42de-adf0-87c9eb8cd684" />
      <TestMethod codeBase="D:\actions-runner\_work\XPCO\XPCO\Corporate\RecordingServer\RecorderService\tst\VideoOS.Recorder.UnitTests\bin\x64\Debug\net472\VideoOS.Recorder.UnitTests.dll" adapterTypeName="executor://mstestadapter/v2" className="VideoOS.Recorder.UnitTests.WebServer.SOAPStatus2RequestHandlerTests" name="ExecuteFunction_GetArchiveStorageStatus_Success" />
    </UnitTest>
    <UnitTest name="SOAPCommandRequestHandler_ExecuteFunction_HandleSequencesGetAround_No_Speaker_Security" storage="d:\actions-runner\_work\xpco\xpco\corporate\recordingserver\recorderservice\tst\videoos.recorder.unittests\bin\x64\debug\net472\videoos.recorder.unittests.dll" id="1c38f8ae-6947-ab02-542f-48a93c189571">
      <Execution id="0ce478bd-eeb2-4d58-bf5f-09558de997d1" />
      <TestMethod codeBase="D:\actions-runner\_work\XPCO\XPCO\Corporate\RecordingServer\RecorderService\tst\VideoOS.Recorder.UnitTests\bin\x64\Debug\net472\VideoOS.Recorder.UnitTests.dll" adapterTypeName="executor://mstestadapter/v2" className="VideoOS.Recorder.UnitTests.WebServer.SOAPCommandRequestHandlerTests" name="SOAPCommandRequestHandler_ExecuteFunction_HandleSequencesGetAround_No_Speaker_Security" />
    </UnitTest>
    <UnitTest name="FillableGridAreaAsBoolFromPrivacyMaskAndExcludeRegion" storage="d:\actions-runner\_work\xpco\xpco\corporate\recordingserver\recorderservice\tst\videoos.recorder.unittests\bin\x64\debug\net472\videoos.recorder.unittests.dll" id="3d9c4446-91d0-9255-e7cf-4fef9d3eb85b">
      <TestCategory>
        <TestCategoryItem TestCategory="SmartSearch" />
      </TestCategory>
      <Execution id="cc9456bd-4c87-4708-bd26-19faede4f835" />
      <TestMethod codeBase="D:\actions-runner\_work\XPCO\XPCO\Corporate\RecordingServer\RecorderService\tst\VideoOS.Recorder.UnitTests\bin\x64\Debug\net472\VideoOS.Recorder.UnitTests.dll" adapterTypeName="executor://mstestadapter/v2" className="VideoOS.Recorder.UnitTests.SmartSearch.SmartSearchHandlerTest" name="FillableGridAreaAsBoolFromPrivacyMaskAndExcludeRegion" />
    </UnitTest>
    <UnitTest name="ResponseController_TimeoutResponseNullInput_BadRequestResult" storage="d:\actions-runner\_work\xpco\xpco\corporate\recordingserver\recorderservice\tst\videoos.recorder.unittests\bin\x64\debug\net472\videoos.recorder.unittests.dll" id="a59c7650-9c8e-5a66-cf4d-86415c1d057c">
      <Execution id="3c479379-a4bc-4f76-b899-ad83325fd9f7" />
      <TestMethod codeBase="D:\actions-runner\_work\XPCO\XPCO\Corporate\RecordingServer\RecorderService\tst\VideoOS.Recorder.UnitTests\bin\x64\Debug\net472\VideoOS.Recorder.UnitTests.dll" adapterTypeName="executor://mstestadapter/v2" className="VideoOS.Recorder.UnitTests.ResponseControllerTests" name="ResponseController_TimeoutResponseNullInput_BadRequestResult" />
    </UnitTest>
    <UnitTest name="ConnectionShutdown_MediaFeedHandlerTimeout" storage="d:\actions-runner\_work\xpco\xpco\corporate\recordingserver\recorderservice\tst\videoos.recorder.unittests\bin\x64\debug\net472\videoos.recorder.unittests.dll" id="d68d1a12-69e1-c96a-03ca-000fe085b43c">
      <Execution id="53853319-154e-4b5f-834f-fcaaae6bb366" />
      <TestMethod codeBase="D:\actions-runner\_work\XPCO\XPCO\Corporate\RecordingServer\RecorderService\tst\VideoOS.Recorder.UnitTests\bin\x64\Debug\net472\VideoOS.Recorder.UnitTests.dll" adapterTypeName="executor://mstestadapter/v2" className="VideoOS.Recorder.UnitTests.WebServer.ImageServerRequestHandlerTests" name="ConnectionShutdown_MediaFeedHandlerTimeout" />
    </UnitTest>
    <UnitTest name="SetNetworkConfigurationCommandHandler_Execute_HardwareNotFound_Fails" storage="d:\actions-runner\_work\xpco\xpco\corporate\recordingserver\recorderservice\tst\videoos.recorder.unittests\bin\x64\debug\net472\videoos.recorder.unittests.dll" id="45d8fc59-1a97-3295-4aa4-9068d7523d50">
      <Execution id="935e86b5-403e-4826-9085-eedd9014268b" />
      <TestMethod codeBase="D:\actions-runner\_work\XPCO\XPCO\Corporate\RecordingServer\RecorderService\tst\VideoOS.Recorder.UnitTests\bin\x64\Debug\net472\VideoOS.Recorder.UnitTests.dll" adapterTypeName="executor://mstestadapter/v2" className="VideoOS.Recorder.UnitTests.Command.SetNetworkConfigurationCommandHandlerUnitTests" name="SetNetworkConfigurationCommandHandler_Execute_HardwareNotFound_Fails" />
    </UnitTest>
    <UnitTest name="SOAPCommandRequestHandler_ExecuteFunction_HandleInputGetState_Activated_Success" storage="d:\actions-runner\_work\xpco\xpco\corporate\recordingserver\recorderservice\tst\videoos.recorder.unittests\bin\x64\debug\net472\videoos.recorder.unittests.dll" id="75856244-3f12-79b4-5d1e-98e476567652">
      <Execution id="83301728-eabe-4651-b466-56c8c6c0d1e9" />
      <TestMethod codeBase="D:\actions-runner\_work\XPCO\XPCO\Corporate\RecordingServer\RecorderService\tst\VideoOS.Recorder.UnitTests\bin\x64\Debug\net472\VideoOS.Recorder.UnitTests.dll" adapterTypeName="executor://mstestadapter/v2" className="VideoOS.Recorder.UnitTests.WebServer.SOAPCommandRequestHandlerTests" name="SOAPCommandRequestHandler_ExecuteFunction_HandleInputGetState_Activated_Success" />
    </UnitTest>
    <UnitTest name="SOAPCommandRequestHandler_ExecuteFunction_HandlePTZActivatePatrollingSchema_Not_Licensed" storage="d:\actions-runner\_work\xpco\xpco\corporate\recordingserver\recorderservice\tst\videoos.recorder.unittests\bin\x64\debug\net472\videoos.recorder.unittests.dll" id="b477e2bc-bbce-3f9c-371f-276b31c16fbb">
      <Execution id="8d1f9bcc-0e72-480a-8d53-2ab12668980e" />
      <TestMethod codeBase="D:\actions-runner\_work\XPCO\XPCO\Corporate\RecordingServer\RecorderService\tst\VideoOS.Recorder.UnitTests\bin\x64\Debug\net472\VideoOS.Recorder.UnitTests.dll" adapterTypeName="executor://mstestadapter/v2" className="VideoOS.Recorder.UnitTests.WebServer.SOAPCommandRequestHandlerTests" name="SOAPCommandRequestHandler_ExecuteFunction_HandlePTZActivatePatrollingSchema_Not_Licensed" />
    </UnitTest>
    <UnitTest name="SendCurrentStatus_SendsCurrentStatus_OnRecorderConnected" storage="d:\actions-runner\_work\xpco\xpco\corporate\recordingserver\recorderservice\tst\videoos.recorder.unittests\bin\x64\debug\net472\videoos.recorder.unittests.dll" id="1f366cd7-3615-ea15-93e8-effdffa9e430">
      <TestCategory>
        <TestCategoryItem TestCategory="RecorderStatus" />
      </TestCategory>
      <Execution id="524aa569-e6a8-40c3-b582-2e6cb19f1e1e" />
      <TestMethod codeBase="D:\actions-runner\_work\XPCO\XPCO\Corporate\RecordingServer\RecorderService\tst\VideoOS.Recorder.UnitTests\bin\x64\Debug\net472\VideoOS.Recorder.UnitTests.dll" adapterTypeName="executor://mstestadapter/v2" className="VideoOS.Recorder.UnitTests.RecorderStatusTests" name="SendCurrentStatus_SendsCurrentStatus_OnRecorderConnected" />
    </UnitTest>
    <UnitTest name="SmartSearchHandlerBackwardTestEndtimeBeforeFirstMotion" storage="d:\actions-runner\_work\xpco\xpco\corporate\recordingserver\recorderservice\tst\videoos.recorder.unittests\bin\x64\debug\net472\videoos.recorder.unittests.dll" id="c3596006-724a-70dc-555a-d680a0ad8142">
      <TestCategory>
        <TestCategoryItem TestCategory="SmartSearch" />
      </TestCategory>
      <Execution id="e4e4433d-5a80-4e64-9c68-0300ffc7dd99" />
      <TestMethod codeBase="D:\actions-runner\_work\XPCO\XPCO\Corporate\RecordingServer\RecorderService\tst\VideoOS.Recorder.UnitTests\bin\x64\Debug\net472\VideoOS.Recorder.UnitTests.dll" adapterTypeName="executor://mstestadapter/v2" className="VideoOS.Recorder.UnitTests.SmartSearch.SmartSearchHandlerTest" name="SmartSearchHandlerBackwardTestEndtimeBeforeFirstMotion" />
    </UnitTest>
    <UnitTest name="SOAPCommandRequestHandler_ExecuteFunction_HandleSequencesGetAroundWithSpan_NoCenterTime" storage="d:\actions-runner\_work\xpco\xpco\corporate\recordingserver\recorderservice\tst\videoos.recorder.unittests\bin\x64\debug\net472\videoos.recorder.unittests.dll" id="83766445-a8c7-e226-abda-1f8cd622b1fb">
      <Execution id="5118d7ab-f567-45b3-843b-4561a3ef0900" />
      <TestMethod codeBase="D:\actions-runner\_work\XPCO\XPCO\Corporate\RecordingServer\RecorderService\tst\VideoOS.Recorder.UnitTests\bin\x64\Debug\net472\VideoOS.Recorder.UnitTests.dll" adapterTypeName="executor://mstestadapter/v2" className="VideoOS.Recorder.UnitTests.WebServer.SOAPCommandRequestHandlerTests" name="SOAPCommandRequestHandler_ExecuteFunction_HandleSequencesGetAroundWithSpan_NoCenterTime" />
    </UnitTest>
    <UnitTest name="SearchingForwardNoOverlapsLiveThorrow" storage="d:\actions-runner\_work\xpco\xpco\corporate\recordingserver\recorderservice\tst\videoos.recorder.unittests\bin\x64\debug\net472\videoos.recorder.unittests.dll" id="d02a24a4-8095-9c45-f2f5-2950f96b0de8">
      <Execution id="31c7a727-4bfa-43f5-a853-e39194bcd7aa" />
      <TestMethod codeBase="D:\actions-runner\_work\XPCO\XPCO\Corporate\RecordingServer\RecorderService\tst\VideoOS.Recorder.UnitTests\bin\x64\Debug\net472\VideoOS.Recorder.UnitTests.dll" adapterTypeName="executor://mstestadapter/v2" className="VideoOS.Recorder.UnitTests.ObjectModel.RestrictedMediaHandlerTest" name="SearchingForwardNoOverlapsLiveThorrow" />
    </UnitTest>
    <UnitTest name="SOAPCommandRequestHandler_ExecuteFunction_HandlePTZCenter_NoZoom" storage="d:\actions-runner\_work\xpco\xpco\corporate\recordingserver\recorderservice\tst\videoos.recorder.unittests\bin\x64\debug\net472\videoos.recorder.unittests.dll" id="a24521ed-430f-a4e4-99ec-425a3168caea">
      <Execution id="dbe19164-1d03-434f-9f1a-b850052111d6" />
      <TestMethod codeBase="D:\actions-runner\_work\XPCO\XPCO\Corporate\RecordingServer\RecorderService\tst\VideoOS.Recorder.UnitTests\bin\x64\Debug\net472\VideoOS.Recorder.UnitTests.dll" adapterTypeName="executor://mstestadapter/v2" className="VideoOS.Recorder.UnitTests.WebServer.SOAPCommandRequestHandlerTests" name="SOAPCommandRequestHandler_ExecuteFunction_HandlePTZCenter_NoZoom" />
    </UnitTest>
    <UnitTest name="AudioMessageManager_PlayAudioMessageThread" storage="d:\actions-runner\_work\xpco\xpco\corporate\recordingserver\recorderservice\tst\videoos.recorder.unittests\bin\x64\debug\net472\videoos.recorder.unittests.dll" id="d145e104-c896-8096-9b86-5654a16871b5">
      <Execution id="1aea58ff-6ebb-45e2-b6a2-3adc7be425ad" />
      <TestMethod codeBase="D:\actions-runner\_work\XPCO\XPCO\Corporate\RecordingServer\RecorderService\tst\VideoOS.Recorder.UnitTests\bin\x64\Debug\net472\VideoOS.Recorder.UnitTests.dll" adapterTypeName="executor://mstestadapter/v2" className="VideoOS.Recorder.UnitTests.AudioMessageHandling.AudioMessageManagerTests" name="AudioMessageManager_PlayAudioMessageThread" />
    </UnitTest>
    <UnitTest name="TimeRangeConversionMinRangeVsTimeResolution" storage="d:\actions-runner\_work\xpco\xpco\corporate\recordingserver\recorderservice\tst\videoos.recorder.unittests\bin\x64\debug\net472\videoos.recorder.unittests.dll" id="6988510d-a911-d638-19bd-184f4d9fb6ed">
      <TestCategory>
        <TestCategoryItem TestCategory="TimeRangeConversion" />
      </TestCategory>
      <Execution id="f1b64b65-447c-4196-b376-0ea0a4ba5de7" />
      <TestMethod codeBase="D:\actions-runner\_work\XPCO\XPCO\Corporate\RecordingServer\RecorderService\tst\VideoOS.Recorder.UnitTests\bin\x64\Debug\net472\VideoOS.Recorder.UnitTests.dll" adapterTypeName="executor://mstestadapter/v2" className="VideoOS.Recorder.UnitTests.TimeRangeConversionTests.TimeRangeConversionTests" name="TimeRangeConversionMinRangeVsTimeResolution" />
    </UnitTest>
    <UnitTest name="HardwareSetupInformationCommandHandler_Execute_Command_Null_ThrowArgumentNullException" storage="d:\actions-runner\_work\xpco\xpco\corporate\recordingserver\recorderservice\tst\videoos.recorder.unittests\bin\x64\debug\net472\videoos.recorder.unittests.dll" id="ee6101ba-ad61-7adb-201f-a422cd06f889">
      <Execution id="311ba2d1-32f5-4ddd-8372-c3607838b0a5" />
      <TestMethod codeBase="D:\actions-runner\_work\XPCO\XPCO\Corporate\RecordingServer\RecorderService\tst\VideoOS.Recorder.UnitTests\bin\x64\Debug\net472\VideoOS.Recorder.UnitTests.dll" adapterTypeName="executor://mstestadapter/v2" className="VideoOS.Recorder.UnitTests.Command.HardwareSetupInformationCommandHandlerUnitTests" name="HardwareSetupInformationCommandHandler_Execute_Command_Null_ThrowArgumentNullException" />
    </UnitTest>
    <UnitTest name="RecStorage_Startup_AllowStart_KeepFailing_PwFailure_KeepOffline" storage="d:\actions-runner\_work\xpco\xpco\corporate\recordingserver\recorderservice\tst\videoos.recorder.unittests\bin\x64\debug\net472\videoos.recorder.unittests.dll" id="4accbf98-8be0-6a8c-54ca-e3b30a805ce7">
      <Execution id="2ca18d65-3989-4d9f-9c3f-3d2824424ded" />
      <TestMethod codeBase="D:\actions-runner\_work\XPCO\XPCO\Corporate\RecordingServer\RecorderService\tst\VideoOS.Recorder.UnitTests\bin\x64\Debug\net472\VideoOS.Recorder.UnitTests.dll" adapterTypeName="executor://mstestadapter/v2" className="VideoOS.Recorder.UnitTests.ObjectModel.MediaDbManagerUnitTests" name="RecStorage_Startup_AllowStart_KeepFailing_PwFailure_KeepOffline" />
    </UnitTest>
    <UnitTest name="MediaDbCache_SetListFileSystemDiskUsage_Path_Null_ArgumentNullException" storage="d:\actions-runner\_work\xpco\xpco\corporate\recordingserver\recorderservice\tst\videoos.recorder.unittests\bin\x64\debug\net472\videoos.recorder.unittests.dll" id="49a33775-4c3e-518a-bc50-c8a56189692b">
      <Execution id="69b55910-9a74-425a-9b56-ae8981b98e34" />
      <TestMethod codeBase="D:\actions-runner\_work\XPCO\XPCO\Corporate\RecordingServer\RecorderService\tst\VideoOS.Recorder.UnitTests\bin\x64\Debug\net472\VideoOS.Recorder.UnitTests.dll" adapterTypeName="executor://mstestadapter/v2" className="VideoOS.Recorder.UnitTests.Database.MediaDbCacheUnitTests" name="MediaDbCache_SetListFileSystemDiskUsage_Path_Null_ArgumentNullException" />
    </UnitTest>
    <UnitTest name="PutAndGetSameFrame" storage="d:\actions-runner\_work\xpco\xpco\corporate\recordingserver\recorderservice\tst\videoos.recorder.unittests\bin\x64\debug\net472\videoos.recorder.unittests.dll" id="2b1babeb-d0ba-35da-97f7-2b8e130d8e6f">
      <TestCategory>
        <TestCategoryItem TestCategory="ObjectModel.Processors.PipelineQueue" />
      </TestCategory>
      <Execution id="2b97438d-7b4f-44ec-9609-b5d7ebfaf125" />
      <TestMethod codeBase="D:\actions-runner\_work\XPCO\XPCO\Corporate\RecordingServer\RecorderService\tst\VideoOS.Recorder.UnitTests\bin\x64\Debug\net472\VideoOS.Recorder.UnitTests.dll" adapterTypeName="executor://mstestadapter/v2" className="VideoOS.Recorder.UnitTests.ObjectModel.Processors.PipelineQueueTest" name="PutAndGetSameFrame" />
    </UnitTest>
    <UnitTest name="CreateSettingsForInitializeHardwareAndDeviceSettings_Missing_Device_Throws_InconsistentConfigurationException" storage="d:\actions-runner\_work\xpco\xpco\corporate\recordingserver\recorderservice\tst\videoos.recorder.unittests\bin\x64\debug\net472\videoos.recorder.unittests.dll" id="f55b20e5-de96-17a5-c0d6-d15f58186a36">
      <Execution id="7579a5d5-d42e-4e63-8e82-648b95b6fe3b" />
      <TestMethod codeBase="D:\actions-runner\_work\XPCO\XPCO\Corporate\RecordingServer\RecorderService\tst\VideoOS.Recorder.UnitTests\bin\x64\Debug\net472\VideoOS.Recorder.UnitTests.dll" adapterTypeName="executor://mstestadapter/v2" className="VideoOS.Recorder.UnitTests.ConfigurationDatasetHolderUnitTests" name="CreateSettingsForInitializeHardwareAndDeviceSettings_Missing_Device_Throws_InconsistentConfigurationException" />
    </UnitTest>
    <UnitTest name="FirmwareUpgradeCommandHandler_Execute_Success" storage="d:\actions-runner\_work\xpco\xpco\corporate\recordingserver\recorderservice\tst\videoos.recorder.unittests\bin\x64\debug\net472\videoos.recorder.unittests.dll" id="35ad68a0-6068-2419-2ce2-20b8f09b6b5f">
      <Execution id="1bf2fbec-a77b-41d7-95bc-2cbeba5bdd5f" />
      <TestMethod codeBase="D:\actions-runner\_work\XPCO\XPCO\Corporate\RecordingServer\RecorderService\tst\VideoOS.Recorder.UnitTests\bin\x64\Debug\net472\VideoOS.Recorder.UnitTests.dll" adapterTypeName="executor://mstestadapter/v2" className="VideoOS.Recorder.UnitTests.Command.FirmwareUpgradeCommandHandlerUnitTests" name="FirmwareUpgradeCommandHandler_Execute_Success" />
    </UnitTest>
    <UnitTest name="MediaDbUtil_MultitrackNavigation_Scenario16" storage="d:\actions-runner\_work\xpco\xpco\corporate\recordingserver\recorderservice\tst\videoos.recorder.unittests\bin\x64\debug\net472\videoos.recorder.unittests.dll" id="6a47e138-e897-5787-700a-4a389ec1ca1e">
      <Execution id="6e3d299f-a6f7-4c44-9412-3d36a8dbfc09" />
      <TestMethod codeBase="D:\actions-runner\_work\XPCO\XPCO\Corporate\RecordingServer\RecorderService\tst\VideoOS.Recorder.UnitTests\bin\x64\Debug\net472\VideoOS.Recorder.UnitTests.dll" adapterTypeName="executor://mstestadapter/v2" className="VideoOS.Recorder.UnitTests.WebServer.MediaDbUtilUnitTests" name="MediaDbUtil_MultitrackNavigation_Scenario16" />
    </UnitTest>
    <UnitTest name="MediaDbUtil_MultitrackNavigation_Scenario02" storage="d:\actions-runner\_work\xpco\xpco\corporate\recordingserver\recorderservice\tst\videoos.recorder.unittests\bin\x64\debug\net472\videoos.recorder.unittests.dll" id="5298f2b0-a76e-0047-fca1-2bb894514586">
      <Execution id="03245dd2-6599-4b3f-a006-f406881fdbde" />
      <TestMethod codeBase="D:\actions-runner\_work\XPCO\XPCO\Corporate\RecordingServer\RecorderService\tst\VideoOS.Recorder.UnitTests\bin\x64\Debug\net472\VideoOS.Recorder.UnitTests.dll" adapterTypeName="executor://mstestadapter/v2" className="VideoOS.Recorder.UnitTests.WebServer.MediaDbUtilUnitTests" name="MediaDbUtil_MultitrackNavigation_Scenario02" />
    </UnitTest>
    <UnitTest name="MediaDbConfigurationWriter_WriteDeviceTableConfiguration_NotCam" storage="d:\actions-runner\_work\xpco\xpco\corporate\recordingserver\recorderservice\tst\videoos.recorder.unittests\bin\x64\debug\net472\videoos.recorder.unittests.dll" id="f4d271b7-a9e1-cd6e-d146-55db27b2787f">
      <Execution id="7ba824d0-fed2-42f1-9e2a-01b45fbe7530" />
      <TestMethod codeBase="D:\actions-runner\_work\XPCO\XPCO\Corporate\RecordingServer\RecorderService\tst\VideoOS.Recorder.UnitTests\bin\x64\Debug\net472\VideoOS.Recorder.UnitTests.dll" adapterTypeName="executor://mstestadapter/v2" className="VideoOS.Recorder.UnitTests.Database.MediaDbConfigurationWriterUnitTests" name="MediaDbConfigurationWriter_WriteDeviceTableConfiguration_NotCam" />
    </UnitTest>
    <UnitTest name="ConnectSuccessAdvancedVideoParams_CameraWithTrack" storage="d:\actions-runner\_work\xpco\xpco\corporate\recordingserver\recorderservice\tst\videoos.recorder.unittests\bin\x64\debug\net472\videoos.recorder.unittests.dll" id="b271a3a8-d635-e265-93cc-3f6010f44312">
      <Execution id="8842af8d-2411-4bc6-972d-30ec026b100d" />
      <TestMethod codeBase="D:\actions-runner\_work\XPCO\XPCO\Corporate\RecordingServer\RecorderService\tst\VideoOS.Recorder.UnitTests\bin\x64\Debug\net472\VideoOS.Recorder.UnitTests.dll" adapterTypeName="executor://mstestadapter/v2" className="VideoOS.Recorder.UnitTests.WebServer.ImageServerRequestHandlerTests" name="ConnectSuccessAdvancedVideoParams_CameraWithTrack" />
    </UnitTest>
    <UnitTest name="EdgeStorageLimitsCheckBandwidthWithLimitExceeded" storage="d:\actions-runner\_work\xpco\xpco\corporate\recordingserver\recorderservice\tst\videoos.recorder.unittests\bin\x64\debug\net472\videoos.recorder.unittests.dll" id="8f9a3242-57e5-a277-304e-59d280184022">
      <TestCategory>
        <TestCategoryItem TestCategory="EdgeStorageLimits" />
      </TestCategory>
      <Execution id="841b738f-91d4-4730-8551-ef28e9762f2f" />
      <TestMethod codeBase="D:\actions-runner\_work\XPCO\XPCO\Corporate\RecordingServer\RecorderService\tst\VideoOS.Recorder.UnitTests\bin\x64\Debug\net472\VideoOS.Recorder.UnitTests.dll" adapterTypeName="executor://mstestadapter/v2" className="VideoOS.Recorder.UnitTests.EdgeStorage.EdgeStorageLimitTests" name="EdgeStorageLimitsCheckBandwidthWithLimitExceeded" />
    </UnitTest>
    <UnitTest name="GetIntervalsToScan_ShouldReturnNoInterval_WithDifferentDnsHostSpecified" storage="d:\actions-runner\_work\xpco\xpco\corporate\recordingserver\recorderservice\tst\videoos.recorder.unittests\bin\x64\debug\net472\videoos.recorder.unittests.dll" id="6e3732cf-5956-413f-542b-a6e096db976f">
      <Execution id="9dd35b02-b424-49de-98fb-53437027d063" />
      <TestMethod codeBase="D:\actions-runner\_work\XPCO\XPCO\Corporate\RecordingServer\RecorderService\tst\VideoOS.Recorder.UnitTests\bin\x64\Debug\net472\VideoOS.Recorder.UnitTests.dll" adapterTypeName="executor://mstestadapter/v2" className="VideoOS.Recorder.UnitTests.DeviceDiscovery.MipDriversDiscoveryTaskTests" name="GetIntervalsToScan_ShouldReturnNoInterval_WithDifferentDnsHostSpecified" />
    </UnitTest>
    <UnitTest name="ResponseController_HeartbeatResponseNullInput_BadRequestResult" storage="d:\actions-runner\_work\xpco\xpco\corporate\recordingserver\recorderservice\tst\videoos.recorder.unittests\bin\x64\debug\net472\videoos.recorder.unittests.dll" id="61203c2b-fac1-ee3b-a5a4-736d5154f26c">
      <Execution id="3c50f2a4-1b16-4712-a72a-f5b64cea240e" />
      <TestMethod codeBase="D:\actions-runner\_work\XPCO\XPCO\Corporate\RecordingServer\RecorderService\tst\VideoOS.Recorder.UnitTests\bin\x64\Debug\net472\VideoOS.Recorder.UnitTests.dll" adapterTypeName="executor://mstestadapter/v2" className="VideoOS.Recorder.UnitTests.ResponseControllerTests" name="ResponseController_HeartbeatResponseNullInput_BadRequestResult" />
    </UnitTest>
    <UnitTest name="AddStatus_SendsStatus_OnSingleStatus" storage="d:\actions-runner\_work\xpco\xpco\corporate\recordingserver\recorderservice\tst\videoos.recorder.unittests\bin\x64\debug\net472\videoos.recorder.unittests.dll" id="dc72d8ed-219f-3c19-7d99-f2f2f2b8832a">
      <TestCategory>
        <TestCategoryItem TestCategory="RecorderStatus" />
      </TestCategory>
      <Execution id="7a1c04a1-5445-45ad-b661-1f6bfb7104bd" />
      <TestMethod codeBase="D:\actions-runner\_work\XPCO\XPCO\Corporate\RecordingServer\RecorderService\tst\VideoOS.Recorder.UnitTests\bin\x64\Debug\net472\VideoOS.Recorder.UnitTests.dll" adapterTypeName="executor://mstestadapter/v2" className="VideoOS.Recorder.UnitTests.RecorderStatusTests" name="AddStatus_SendsStatus_OnSingleStatus" />
    </UnitTest>
    <UnitTest name="SmartSearchHandlerBackwardTestDataWithMotionOnly" storage="d:\actions-runner\_work\xpco\xpco\corporate\recordingserver\recorderservice\tst\videoos.recorder.unittests\bin\x64\debug\net472\videoos.recorder.unittests.dll" id="c9e45c00-b261-7f78-a530-72f6c6f7c22c">
      <TestCategory>
        <TestCategoryItem TestCategory="SmartSearch" />
      </TestCategory>
      <Execution id="f2172589-8cbe-4d50-a091-02cecbcd6dc9" />
      <TestMethod codeBase="D:\actions-runner\_work\XPCO\XPCO\Corporate\RecordingServer\RecorderService\tst\VideoOS.Recorder.UnitTests\bin\x64\Debug\net472\VideoOS.Recorder.UnitTests.dll" adapterTypeName="executor://mstestadapter/v2" className="VideoOS.Recorder.UnitTests.SmartSearch.SmartSearchHandlerTest" name="SmartSearchHandlerBackwardTestDataWithMotionOnly" />
    </UnitTest>
    <UnitTest name="RepairInfo_ParseRepairInfoXml_InValidXML_Throws" storage="d:\actions-runner\_work\xpco\xpco\corporate\recordingserver\recorderservice\tst\videoos.recorder.unittests\bin\x64\debug\net472\videoos.recorder.unittests.dll" id="23d822b9-5805-a7e4-84d0-61bec1cc15fa">
      <Execution id="3bee3a9b-b64c-47f2-be10-d0e7a82bd797" />
      <TestMethod codeBase="D:\actions-runner\_work\XPCO\XPCO\Corporate\RecordingServer\RecorderService\tst\VideoOS.Recorder.UnitTests\bin\x64\Debug\net472\VideoOS.Recorder.UnitTests.dll" adapterTypeName="executor://mstestadapter/v2" className="VideoOS.Recorder.UnitTests.Database.RepairInfoUnitTests" name="RepairInfo_ParseRepairInfoXml_InValidXML_Throws" />
    </UnitTest>
    <UnitTest name="ConfigFromDatasetStartRecordingCamera" storage="d:\actions-runner\_work\xpco\xpco\corporate\recordingserver\recorderservice\tst\videoos.recorder.unittests\bin\x64\debug\net472\videoos.recorder.unittests.dll" id="2ab34957-c977-2c1e-704f-3d8f1269fb08">
      <TestCategory>
        <TestCategoryItem TestCategory="ObjectModel.Device.RelatedDeviceHandler" />
      </TestCategory>
      <Execution id="97555aba-af72-4524-9899-e5e7b16a9776" />
      <TestMethod codeBase="D:\actions-runner\_work\XPCO\XPCO\Corporate\RecordingServer\RecorderService\tst\VideoOS.Recorder.UnitTests\bin\x64\Debug\net472\VideoOS.Recorder.UnitTests.dll" adapterTypeName="executor://mstestadapter/v2" className="VideoOS.Recorder.UnitTests.ObjectModel.RelatedDeviceHandlerTest" name="ConfigFromDatasetStartRecordingCamera" />
    </UnitTest>
    <UnitTest name="GetHardwareUsersCommandHandler_Execute_GetUserList_ThrowsNoHardwareAccess_Errors" storage="d:\actions-runner\_work\xpco\xpco\corporate\recordingserver\recorderservice\tst\videoos.recorder.unittests\bin\x64\debug\net472\videoos.recorder.unittests.dll" id="ae55d193-0e62-6ffd-aeff-f24e87e78031">
      <Execution id="17704f11-6160-4266-a091-a0faa33ecf88" />
      <TestMethod codeBase="D:\actions-runner\_work\XPCO\XPCO\Corporate\RecordingServer\RecorderService\tst\VideoOS.Recorder.UnitTests\bin\x64\Debug\net472\VideoOS.Recorder.UnitTests.dll" adapterTypeName="executor://mstestadapter/v2" className="VideoOS.Recorder.UnitTests.Command.GetHardwareUsersCommandHandlerUnitTests" name="GetHardwareUsersCommandHandler_Execute_GetUserList_ThrowsNoHardwareAccess_Errors" />
    </UnitTest>
    <UnitTest name="DeviceRecordKeyframesOnlyStateEvaluator_DoesNotThrowExceptions_OnNullAsDevice" storage="d:\actions-runner\_work\xpco\xpco\corporate\recordingserver\recorderservice\tst\videoos.recorder.unittests\bin\x64\debug\net472\videoos.recorder.unittests.dll" id="0d91b5df-4a31-6b2c-a0a6-5b0e5c1c1937">
      <TestCategory>
        <TestCategoryItem TestCategory="KeyframeRecording" />
      </TestCategory>
      <Execution id="6315eacf-31e6-4214-96f0-ca7737038d75" />
      <TestMethod codeBase="D:\actions-runner\_work\XPCO\XPCO\Corporate\RecordingServer\RecorderService\tst\VideoOS.Recorder.UnitTests\bin\x64\Debug\net472\VideoOS.Recorder.UnitTests.dll" adapterTypeName="executor://mstestadapter/v2" className="VideoOS.Recorder.UnitTests.StateEvaluation.DeviceRecordKeyframesStateEvaluatorTests" name="DeviceRecordKeyframesOnlyStateEvaluator_DoesNotThrowExceptions_OnNullAsDevice" />
    </UnitTest>
    <UnitTest name="PtzStopSessionCommandHandler_Execute_PtzException_PtzSessionNotRunning" storage="d:\actions-runner\_work\xpco\xpco\corporate\recordingserver\recorderservice\tst\videoos.recorder.unittests\bin\x64\debug\net472\videoos.recorder.unittests.dll" id="7ffdf863-547e-af5e-1006-f11cf1deb01d">
      <Execution id="43b88d01-974b-44bc-ad15-7f8a0560d225" />
      <TestMethod codeBase="D:\actions-runner\_work\XPCO\XPCO\Corporate\RecordingServer\RecorderService\tst\VideoOS.Recorder.UnitTests\bin\x64\Debug\net472\VideoOS.Recorder.UnitTests.dll" adapterTypeName="executor://mstestadapter/v2" className="VideoOS.Recorder.UnitTests.Command.PtzStopSessionCommandHandlerTest" name="PtzStopSessionCommandHandler_Execute_PtzException_PtzSessionNotRunning" />
    </UnitTest>
    <UnitTest name="GetNetworkConfigurationCommandHandler_Execute_GetNetworkConfiguration_ThrowsNoHardwareAccess_Reschedules_NoResponse" storage="d:\actions-runner\_work\xpco\xpco\corporate\recordingserver\recorderservice\tst\videoos.recorder.unittests\bin\x64\debug\net472\videoos.recorder.unittests.dll" id="934d43ab-8402-3739-3f4b-05a17737217f">
      <Execution id="4f983a14-1d32-47e0-bf86-801bf20084be" />
      <TestMethod codeBase="D:\actions-runner\_work\XPCO\XPCO\Corporate\RecordingServer\RecorderService\tst\VideoOS.Recorder.UnitTests\bin\x64\Debug\net472\VideoOS.Recorder.UnitTests.dll" adapterTypeName="executor://mstestadapter/v2" className="VideoOS.Recorder.UnitTests.Command.GetNetworkConfigurationCommandHandlerUnitTests" name="GetNetworkConfigurationCommandHandler_Execute_GetNetworkConfiguration_ThrowsNoHardwareAccess_Reschedules_NoResponse" />
    </UnitTest>
    <UnitTest name="GetNetworkConfigurationCommandHandler_Execute_NullArgs_Throws" storage="d:\actions-runner\_work\xpco\xpco\corporate\recordingserver\recorderservice\tst\videoos.recorder.unittests\bin\x64\debug\net472\videoos.recorder.unittests.dll" id="a3b54414-fea2-96c6-9461-4e6c114da7c6">
      <Execution id="2310da25-03da-42a4-8410-41d034b9a234" />
      <TestMethod codeBase="D:\actions-runner\_work\XPCO\XPCO\Corporate\RecordingServer\RecorderService\tst\VideoOS.Recorder.UnitTests\bin\x64\Debug\net472\VideoOS.Recorder.UnitTests.dll" adapterTypeName="executor://mstestadapter/v2" className="VideoOS.Recorder.UnitTests.Command.GetNetworkConfigurationCommandHandlerUnitTests" name="GetNetworkConfigurationCommandHandler_Execute_NullArgs_Throws" />
    </UnitTest>
    <UnitTest name="AddStatus_DoesNotSendStatus_OnRecorderNotConnected" storage="d:\actions-runner\_work\xpco\xpco\corporate\recordingserver\recorderservice\tst\videoos.recorder.unittests\bin\x64\debug\net472\videoos.recorder.unittests.dll" id="1c0fdb89-04ca-c360-83b3-439b0cf7f31e">
      <TestCategory>
        <TestCategoryItem TestCategory="RecorderStatus" />
      </TestCategory>
      <Execution id="e4b5597c-ccfe-4a36-b68f-5575ad11d898" />
      <TestMethod codeBase="D:\actions-runner\_work\XPCO\XPCO\Corporate\RecordingServer\RecorderService\tst\VideoOS.Recorder.UnitTests\bin\x64\Debug\net472\VideoOS.Recorder.UnitTests.dll" adapterTypeName="executor://mstestadapter/v2" className="VideoOS.Recorder.UnitTests.RecorderStatusTests" name="AddStatus_DoesNotSendStatus_OnRecorderNotConnected" />
    </UnitTest>
    <UnitTest name="SOAPCommandRequestHandler_ExecuteFunction_HandlePTZCenter_Success" storage="d:\actions-runner\_work\xpco\xpco\corporate\recordingserver\recorderservice\tst\videoos.recorder.unittests\bin\x64\debug\net472\videoos.recorder.unittests.dll" id="02b60c0f-fc89-23e4-e4da-208fe359b5d9">
      <Execution id="ef020124-e26d-43b1-9406-49dd86b01bb9" />
      <TestMethod codeBase="D:\actions-runner\_work\XPCO\XPCO\Corporate\RecordingServer\RecorderService\tst\VideoOS.Recorder.UnitTests\bin\x64\Debug\net472\VideoOS.Recorder.UnitTests.dll" adapterTypeName="executor://mstestadapter/v2" className="VideoOS.Recorder.UnitTests.WebServer.SOAPCommandRequestHandlerTests" name="SOAPCommandRequestHandler_ExecuteFunction_HandlePTZCenter_Success" />
    </UnitTest>
    <UnitTest name="PtzManager_CenterOnPositionInView_NoResolution" storage="d:\actions-runner\_work\xpco\xpco\corporate\recordingserver\recorderservice\tst\videoos.recorder.unittests\bin\x64\debug\net472\videoos.recorder.unittests.dll" id="b8fe7c92-8c17-e5ef-3b8a-907bb082536b">
      <Execution id="218cff2b-c619-45e4-bc97-f7bccf9b3152" />
      <TestMethod codeBase="D:\actions-runner\_work\XPCO\XPCO\Corporate\RecordingServer\RecorderService\tst\VideoOS.Recorder.UnitTests\bin\x64\Debug\net472\VideoOS.Recorder.UnitTests.dll" adapterTypeName="executor://mstestadapter/v2" className="VideoOS.Recorder.UnitTests.Command.PtzManagerTests" name="PtzManager_CenterOnPositionInView_NoResolution" />
    </UnitTest>
    <UnitTest name="ChangeHardwarePasswordCommandHandler_Execute_ChangePassword_ThrowsUsernameNotRecognized_Errors" storage="d:\actions-runner\_work\xpco\xpco\corporate\recordingserver\recorderservice\tst\videoos.recorder.unittests\bin\x64\debug\net472\videoos.recorder.unittests.dll" id="52d9a274-dcc7-2ec7-8f82-d51baba9422b">
      <Execution id="2785cffe-4dc3-4fdf-b5bc-790a0437393d" />
      <TestMethod codeBase="D:\actions-runner\_work\XPCO\XPCO\Corporate\RecordingServer\RecorderService\tst\VideoOS.Recorder.UnitTests\bin\x64\Debug\net472\VideoOS.Recorder.UnitTests.dll" adapterTypeName="executor://mstestadapter/v2" className="VideoOS.Recorder.UnitTests.Command.ChangeHardwarePasswordCommandHandlerUnitTests" name="ChangeHardwarePasswordCommandHandler_Execute_ChangePassword_ThrowsUsernameNotRecognized_Errors" />
    </UnitTest>
    <UnitTest name="ChangeHardwarePasswordCommandHandler_Execute_ChangePassword_ThrowsUnknownException_Errors" storage="d:\actions-runner\_work\xpco\xpco\corporate\recordingserver\recorderservice\tst\videoos.recorder.unittests\bin\x64\debug\net472\videoos.recorder.unittests.dll" id="c48f31d1-d49c-d915-c6b4-205ee053558b">
      <Execution id="5b18ed1d-9203-4b44-9723-14adb559ef33" />
      <TestMethod codeBase="D:\actions-runner\_work\XPCO\XPCO\Corporate\RecordingServer\RecorderService\tst\VideoOS.Recorder.UnitTests\bin\x64\Debug\net472\VideoOS.Recorder.UnitTests.dll" adapterTypeName="executor://mstestadapter/v2" className="VideoOS.Recorder.UnitTests.Command.ChangeHardwarePasswordCommandHandlerUnitTests" name="ChangeHardwarePasswordCommandHandler_Execute_ChangePassword_ThrowsUnknownException_Errors" />
    </UnitTest>
    <UnitTest name="ChangeHardwarePasswordCommandHandler_Execute_ChangePassword_ThrowsUnknownResult_Errors" storage="d:\actions-runner\_work\xpco\xpco\corporate\recordingserver\recorderservice\tst\videoos.recorder.unittests\bin\x64\debug\net472\videoos.recorder.unittests.dll" id="259a0ba7-bf70-4f5e-7ff2-4c769107ca3a">
      <Execution id="3e068276-790d-4044-b00f-43521a939a1c" />
      <TestMethod codeBase="D:\actions-runner\_work\XPCO\XPCO\Corporate\RecordingServer\RecorderService\tst\VideoOS.Recorder.UnitTests\bin\x64\Debug\net472\VideoOS.Recorder.UnitTests.dll" adapterTypeName="executor://mstestadapter/v2" className="VideoOS.Recorder.UnitTests.Command.ChangeHardwarePasswordCommandHandlerUnitTests" name="ChangeHardwarePasswordCommandHandler_Execute_ChangePassword_ThrowsUnknownResult_Errors" />
    </UnitTest>
    <UnitTest name="SOAPCommandRequestHandler_ExecuteFunction_HandlePTZRectangle_NoBottom" storage="d:\actions-runner\_work\xpco\xpco\corporate\recordingserver\recorderservice\tst\videoos.recorder.unittests\bin\x64\debug\net472\videoos.recorder.unittests.dll" id="e5ec1b44-2ff0-dc1a-6ce7-de52cb9f8435">
      <Execution id="f386b061-a2dc-4a66-b9ea-e4d25dcaab8f" />
      <TestMethod codeBase="D:\actions-runner\_work\XPCO\XPCO\Corporate\RecordingServer\RecorderService\tst\VideoOS.Recorder.UnitTests\bin\x64\Debug\net472\VideoOS.Recorder.UnitTests.dll" adapterTypeName="executor://mstestadapter/v2" className="VideoOS.Recorder.UnitTests.WebServer.SOAPCommandRequestHandlerTests" name="SOAPCommandRequestHandler_ExecuteFunction_HandlePTZRectangle_NoBottom" />
    </UnitTest>
    <UnitTest name="CheckExternalRecorderRegistrationCommandHandler_Execute_HardwareReadOnly_ErrorResponse" storage="d:\actions-runner\_work\xpco\xpco\corporate\recordingserver\recorderservice\tst\videoos.recorder.unittests\bin\x64\debug\net472\videoos.recorder.unittests.dll" id="34f2fcd0-692e-d784-b7f8-838f5156b834">
      <Execution id="c712b25f-07c9-4412-9fb0-89146bacf907" />
      <TestMethod codeBase="D:\actions-runner\_work\XPCO\XPCO\Corporate\RecordingServer\RecorderService\tst\VideoOS.Recorder.UnitTests\bin\x64\Debug\net472\VideoOS.Recorder.UnitTests.dll" adapterTypeName="executor://mstestadapter/v2" className="VideoOS.Recorder.UnitTests.Command.CheckExternalRecorderRegistrationCommandHandlerUnitTests" name="CheckExternalRecorderRegistrationCommandHandler_Execute_HardwareReadOnly_ErrorResponse" />
    </UnitTest>
    <UnitTest name="ReadMessageHeaders_Http_ISO_8859_1_Encoded_SpecialChars_ReadSuccess" storage="d:\actions-runner\_work\xpco\xpco\corporate\recordingserver\recorderservice\tst\videoos.recorder.unittests\bin\x64\debug\net472\videoos.recorder.unittests.dll" id="f33e04b6-aea3-7165-10c9-0390aed46af6">
      <Execution id="4f25f650-6e81-422d-9ca4-529ca2f35ae7" />
      <TestMethod codeBase="D:\actions-runner\_work\XPCO\XPCO\Corporate\RecordingServer\RecorderService\tst\VideoOS.Recorder.UnitTests\bin\x64\Debug\net472\VideoOS.Recorder.UnitTests.dll" adapterTypeName="executor://mstestadapter/v2" className="VideoOS.Recorder.UnitTests.WebServer.WebRequestReaderUnitTests" name="ReadMessageHeaders_Http_ISO_8859_1_Encoded_SpecialChars_ReadSuccess" />
    </UnitTest>
    <UnitTest name="SOAPCommandRequestHandler_ExecuteFunction_HandlePresetGetList_Success" storage="d:\actions-runner\_work\xpco\xpco\corporate\recordingserver\recorderservice\tst\videoos.recorder.unittests\bin\x64\debug\net472\videoos.recorder.unittests.dll" id="ac280fea-aebb-b911-3019-ace37fbbdbc4">
      <Execution id="edc06f05-18af-4634-903f-4649003b8a78" />
      <TestMethod codeBase="D:\actions-runner\_work\XPCO\XPCO\Corporate\RecordingServer\RecorderService\tst\VideoOS.Recorder.UnitTests\bin\x64\Debug\net472\VideoOS.Recorder.UnitTests.dll" adapterTypeName="executor://mstestadapter/v2" className="VideoOS.Recorder.UnitTests.WebServer.SOAPCommandRequestHandlerTests" name="SOAPCommandRequestHandler_ExecuteFunction_HandlePresetGetList_Success" />
    </UnitTest>
    <UnitTest name="GetHardwareUsersCommandHandler_Execute_InvalidUser_NoUserLevelString_ExpectedUsersReturned" storage="d:\actions-runner\_work\xpco\xpco\corporate\recordingserver\recorderservice\tst\videoos.recorder.unittests\bin\x64\debug\net472\videoos.recorder.unittests.dll" id="cd765419-3042-e952-affd-c5b3ad771e2f">
      <Execution id="f23e611d-05ee-4831-ba60-a6b6b03e27d9" />
      <TestMethod codeBase="D:\actions-runner\_work\XPCO\XPCO\Corporate\RecordingServer\RecorderService\tst\VideoOS.Recorder.UnitTests\bin\x64\Debug\net472\VideoOS.Recorder.UnitTests.dll" adapterTypeName="executor://mstestadapter/v2" className="VideoOS.Recorder.UnitTests.Command.GetHardwareUsersCommandHandlerUnitTests" name="GetHardwareUsersCommandHandler_Execute_InvalidUser_NoUserLevelString_ExpectedUsersReturned" />
    </UnitTest>
    <UnitTest name="ResponseController_FailureResponseNullInput_BadRequestResult" storage="d:\actions-runner\_work\xpco\xpco\corporate\recordingserver\recorderservice\tst\videoos.recorder.unittests\bin\x64\debug\net472\videoos.recorder.unittests.dll" id="95735401-57f2-29c2-af3c-690c72a34c67">
      <Execution id="9268c223-25fe-49b7-b690-53e63923edda" />
      <TestMethod codeBase="D:\actions-runner\_work\XPCO\XPCO\Corporate\RecordingServer\RecorderService\tst\VideoOS.Recorder.UnitTests\bin\x64\Debug\net472\VideoOS.Recorder.UnitTests.dll" adapterTypeName="executor://mstestadapter/v2" className="VideoOS.Recorder.UnitTests.ResponseControllerTests" name="ResponseController_FailureResponseNullInput_BadRequestResult" />
    </UnitTest>
    <UnitTest name="GetNetworkConfigurationCommandHandler_Execute_GetNetworkConfiguration_ThrowsGenericException_Errors" storage="d:\actions-runner\_work\xpco\xpco\corporate\recordingserver\recorderservice\tst\videoos.recorder.unittests\bin\x64\debug\net472\videoos.recorder.unittests.dll" id="4c0a7728-07c5-1587-3917-977dc230f1dd">
      <Execution id="23488159-1de3-4b67-a11a-d74686ba2a19" />
      <TestMethod codeBase="D:\actions-runner\_work\XPCO\XPCO\Corporate\RecordingServer\RecorderService\tst\VideoOS.Recorder.UnitTests\bin\x64\Debug\net472\VideoOS.Recorder.UnitTests.dll" adapterTypeName="executor://mstestadapter/v2" className="VideoOS.Recorder.UnitTests.Command.GetNetworkConfigurationCommandHandlerUnitTests" name="GetNetworkConfigurationCommandHandler_Execute_GetNetworkConfiguration_ThrowsGenericException_Errors" />
    </UnitTest>
    <UnitTest name="SynchronizeDevicePresetsCommandHandler_Execute_QueryPresetsFromDevice_Throws_NotSupportedException" storage="d:\actions-runner\_work\xpco\xpco\corporate\recordingserver\recorderservice\tst\videoos.recorder.unittests\bin\x64\debug\net472\videoos.recorder.unittests.dll" id="34ac2ba5-1b6f-85eb-c238-d653edd43abb">
      <Execution id="353bd247-c2af-48af-91ee-26537888ed5c" />
      <TestMethod codeBase="D:\actions-runner\_work\XPCO\XPCO\Corporate\RecordingServer\RecorderService\tst\VideoOS.Recorder.UnitTests\bin\x64\Debug\net472\VideoOS.Recorder.UnitTests.dll" adapterTypeName="executor://mstestadapter/v2" className="VideoOS.Recorder.UnitTests.Command.SynchronizeDevicePresetsCommandHandlerUnitTests" name="SynchronizeDevicePresetsCommandHandler_Execute_QueryPresetsFromDevice_Throws_NotSupportedException" />
    </UnitTest>
    <UnitTest name="TestGopInfo" storage="d:\actions-runner\_work\xpco\xpco\corporate\recordingserver\recorderservice\tst\videoos.recorder.unittests\bin\x64\debug\net472\videoos.recorder.unittests.dll" id="ba3709cd-bff8-1868-8ed0-d189a988c77a">
      <TestCategory>
        <TestCategoryItem TestCategory="ObjectModel.PipelineStatistics" />
      </TestCategory>
      <Execution id="0a797f48-cec1-424d-a76e-e451e54e841c" />
      <TestMethod codeBase="D:\actions-runner\_work\XPCO\XPCO\Corporate\RecordingServer\RecorderService\tst\VideoOS.Recorder.UnitTests\bin\x64\Debug\net472\VideoOS.Recorder.UnitTests.dll" adapterTypeName="executor://mstestadapter/v2" className="VideoOS.Recorder.UnitTests.ObjectModel.Processors.PipelineStatisticsTest" name="TestGopInfo" />
    </UnitTest>
    <UnitTest name="RepairInfo_ParseRepairInfoXml_Null_NotRepairing" storage="d:\actions-runner\_work\xpco\xpco\corporate\recordingserver\recorderservice\tst\videoos.recorder.unittests\bin\x64\debug\net472\videoos.recorder.unittests.dll" id="dc6289e1-55df-6902-9dc5-70892f2b6f9a">
      <Execution id="26acecc7-f7ec-4ae6-882f-2988cec1c8b4" />
      <TestMethod codeBase="D:\actions-runner\_work\XPCO\XPCO\Corporate\RecordingServer\RecorderService\tst\VideoOS.Recorder.UnitTests\bin\x64\Debug\net472\VideoOS.Recorder.UnitTests.dll" adapterTypeName="executor://mstestadapter/v2" className="VideoOS.Recorder.UnitTests.Database.RepairInfoUnitTests" name="RepairInfo_ParseRepairInfoXml_Null_NotRepairing" />
    </UnitTest>
    <UnitTest name="ResolveIdAndMessage_KnownRecorderEvents" storage="d:\actions-runner\_work\xpco\xpco\corporate\recordingserver\recorderservice\tst\videoos.recorder.unittests\bin\x64\debug\net472\videoos.recorder.unittests.dll" id="49e5e949-0b9c-2183-02c5-2dbb07d4851a">
      <Execution id="d7a2c6f5-9286-4944-8e4b-a549e7429583" />
      <TestMethod codeBase="D:\actions-runner\_work\XPCO\XPCO\Corporate\RecordingServer\RecorderService\tst\VideoOS.Recorder.UnitTests\bin\x64\Debug\net472\VideoOS.Recorder.UnitTests.dll" adapterTypeName="executor://mstestadapter/v2" className="VideoOS.Recorder.UnitTests.RuleActions.SendSNMPTrapRuleActionTests" name="ResolveIdAndMessage_KnownRecorderEvents" />
    </UnitTest>
    <UnitTest name="SetupInitialHardwareUserCommandHandler_Execute_Success" storage="d:\actions-runner\_work\xpco\xpco\corporate\recordingserver\recorderservice\tst\videoos.recorder.unittests\bin\x64\debug\net472\videoos.recorder.unittests.dll" id="ae02b7b8-73a6-db4e-d23a-5f1b21336a35">
      <Execution id="f6d21f5e-1bed-4a5b-a6ab-07b4a1ed7e00" />
      <TestMethod codeBase="D:\actions-runner\_work\XPCO\XPCO\Corporate\RecordingServer\RecorderService\tst\VideoOS.Recorder.UnitTests\bin\x64\Debug\net472\VideoOS.Recorder.UnitTests.dll" adapterTypeName="executor://mstestadapter/v2" className="VideoOS.Recorder.UnitTests.Command.SetupInitialHardwareUserCommandHandlerUnitTests" name="SetupInitialHardwareUserCommandHandler_Execute_Success" />
    </UnitTest>
    <UnitTest name="MediaDbCache_GetDiskUsageInformationBank_Timeout" storage="d:\actions-runner\_work\xpco\xpco\corporate\recordingserver\recorderservice\tst\videoos.recorder.unittests\bin\x64\debug\net472\videoos.recorder.unittests.dll" id="a10dfdfa-1693-7f2d-5dcd-e1b851bdafbf">
      <Execution id="cb66b2ac-29ca-4bc6-96fd-cc7f0c6cb7de" />
      <TestMethod codeBase="D:\actions-runner\_work\XPCO\XPCO\Corporate\RecordingServer\RecorderService\tst\VideoOS.Recorder.UnitTests\bin\x64\Debug\net472\VideoOS.Recorder.UnitTests.dll" adapterTypeName="executor://mstestadapter/v2" className="VideoOS.Recorder.UnitTests.Database.MediaDbCacheUnitTests" name="MediaDbCache_GetDiskUsageInformationBank_Timeout" />
    </UnitTest>
    <UnitTest name="OnTimer_TimerHasBeenStopped_TimerIsNotRestarted" storage="d:\actions-runner\_work\xpco\xpco\corporate\recordingserver\recorderservice\tst\videoos.recorder.unittests\bin\x64\debug\net472\videoos.recorder.unittests.dll" id="b4decefc-2fa8-3f4f-28b3-7c450bcc4c90">
      <Execution id="93f53e7b-1499-4ce7-9dfa-1bceb330a881" />
      <TestMethod codeBase="D:\actions-runner\_work\XPCO\XPCO\Corporate\RecordingServer\RecorderService\tst\VideoOS.Recorder.UnitTests\bin\x64\Debug\net472\VideoOS.Recorder.UnitTests.dll" adapterTypeName="executor://mstestadapter/v2" className="VideoOS.Recorder.UnitTests.PingManagerTests" name="OnTimer_TimerHasBeenStopped_TimerIsNotRestarted" />
    </UnitTest>
    <UnitTest name="SOAPCommandRequestHandler_ExecuteFunction_HandleSendDriverCommandWithResponse_NoCommand" storage="d:\actions-runner\_work\xpco\xpco\corporate\recordingserver\recorderservice\tst\videoos.recorder.unittests\bin\x64\debug\net472\videoos.recorder.unittests.dll" id="88cfe221-1dfd-9aab-dd1e-f67f1b757601">
      <Execution id="ac441277-0af9-4596-973a-13dd8c1f3fbd" />
      <TestMethod codeBase="D:\actions-runner\_work\XPCO\XPCO\Corporate\RecordingServer\RecorderService\tst\VideoOS.Recorder.UnitTests\bin\x64\Debug\net472\VideoOS.Recorder.UnitTests.dll" adapterTypeName="executor://mstestadapter/v2" className="VideoOS.Recorder.UnitTests.WebServer.SOAPCommandRequestHandlerTests" name="SOAPCommandRequestHandler_ExecuteFunction_HandleSendDriverCommandWithResponse_NoCommand" />
    </UnitTest>
    <UnitTest name="GetNetworkConfigurationCommandHandler_Execute_Success" storage="d:\actions-runner\_work\xpco\xpco\corporate\recordingserver\recorderservice\tst\videoos.recorder.unittests\bin\x64\debug\net472\videoos.recorder.unittests.dll" id="f9197a69-e84f-037c-2da4-4124797622dc">
      <Execution id="d8533bcc-ac35-413b-8e3e-67b24cf16f4b" />
      <TestMethod codeBase="D:\actions-runner\_work\XPCO\XPCO\Corporate\RecordingServer\RecorderService\tst\VideoOS.Recorder.UnitTests\bin\x64\Debug\net472\VideoOS.Recorder.UnitTests.dll" adapterTypeName="executor://mstestadapter/v2" className="VideoOS.Recorder.UnitTests.Command.GetNetworkConfigurationCommandHandlerUnitTests" name="GetNetworkConfigurationCommandHandler_Execute_Success" />
    </UnitTest>
    <UnitTest name="RemoveSource_SetsRecordAllFramesToFalse_OnOneSource" storage="d:\actions-runner\_work\xpco\xpco\corporate\recordingserver\recorderservice\tst\videoos.recorder.unittests\bin\x64\debug\net472\videoos.recorder.unittests.dll" id="54cdea7b-0376-4ef7-ebb0-2116290314a6">
      <TestCategory>
        <TestCategoryItem TestCategory="KeyframeRecording" />
      </TestCategory>
      <Execution id="98de930f-beba-4e56-828e-6bbc2c5a8538" />
      <TestMethod codeBase="D:\actions-runner\_work\XPCO\XPCO\Corporate\RecordingServer\RecorderService\tst\VideoOS.Recorder.UnitTests\bin\x64\Debug\net472\VideoOS.Recorder.UnitTests.dll" adapterTypeName="executor://mstestadapter/v2" className="VideoOS.Recorder.UnitTests.StateEvaluation.DeviceRecordKeyframesStateEvaluatorTests" name="RemoveSource_SetsRecordAllFramesToFalse_OnOneSource" />
    </UnitTest>
    <UnitTest name="SOAPCommandRequestHandler_ExecuteFunction_HandleSmartSearchStart_SearchMaskWidthLargerThan64" storage="d:\actions-runner\_work\xpco\xpco\corporate\recordingserver\recorderservice\tst\videoos.recorder.unittests\bin\x64\debug\net472\videoos.recorder.unittests.dll" id="432d8e11-fcbb-90fc-2203-e7463fa01fff">
      <Execution id="c2c93b5e-a914-41a2-aaec-a317f025a8c4" />
      <TestMethod codeBase="D:\actions-runner\_work\XPCO\XPCO\Corporate\RecordingServer\RecorderService\tst\VideoOS.Recorder.UnitTests\bin\x64\Debug\net472\VideoOS.Recorder.UnitTests.dll" adapterTypeName="executor://mstestadapter/v2" className="VideoOS.Recorder.UnitTests.WebServer.SOAPCommandRequestHandlerTests" name="SOAPCommandRequestHandler_ExecuteFunction_HandleSmartSearchStart_SearchMaskWidthLargerThan64" />
    </UnitTest>
    <UnitTest name="ConnectSuccess_Begin_Denied" storage="d:\actions-runner\_work\xpco\xpco\corporate\recordingserver\recorderservice\tst\videoos.recorder.unittests\bin\x64\debug\net472\videoos.recorder.unittests.dll" id="a319cef0-3e15-f923-0e74-77ec35379415">
      <Execution id="860e0581-c55e-4fce-8c5c-c6af4a06db60" />
      <TestMethod codeBase="D:\actions-runner\_work\XPCO\XPCO\Corporate\RecordingServer\RecorderService\tst\VideoOS.Recorder.UnitTests\bin\x64\Debug\net472\VideoOS.Recorder.UnitTests.dll" adapterTypeName="executor://mstestadapter/v2" className="VideoOS.Recorder.UnitTests.WebServer.ImageServerRequestHandlerTests" name="ConnectSuccess_Begin_Denied" />
    </UnitTest>
    <UnitTest name="RecordingStorageDeviceLinkEntries_Add_SameDeviceTwice_Throw_ArgumentException" storage="d:\actions-runner\_work\xpco\xpco\corporate\recordingserver\recorderservice\tst\videoos.recorder.unittests\bin\x64\debug\net472\videoos.recorder.unittests.dll" id="869a4a53-5865-9437-9c02-9b1317a774b2">
      <Execution id="af2d2ad9-8531-480b-97c3-a0320c7f490e" />
      <TestMethod codeBase="D:\actions-runner\_work\XPCO\XPCO\Corporate\RecordingServer\RecorderService\tst\VideoOS.Recorder.UnitTests\bin\x64\Debug\net472\VideoOS.Recorder.UnitTests.dll" adapterTypeName="executor://mstestadapter/v2" className="VideoOS.Recorder.UnitTests.RecordingStorageDeviceLinkEntriesTests" name="RecordingStorageDeviceLinkEntries_Add_SameDeviceTwice_Throw_ArgumentException" />
    </UnitTest>
    <UnitTest name="DriverProxyInstanceManager_AddHardware_MoreStreamsThanMax_WarningLogged" storage="d:\actions-runner\_work\xpco\xpco\corporate\recordingserver\recorderservice\tst\videoos.recorder.unittests\bin\x64\debug\net472\videoos.recorder.unittests.dll" id="aea74159-7358-5879-bf8e-a1314c768404">
      <Execution id="54455fa0-968a-4e73-ae3c-0dbe0ace380d" />
      <TestMethod codeBase="D:\actions-runner\_work\XPCO\XPCO\Corporate\RecordingServer\RecorderService\tst\VideoOS.Recorder.UnitTests\bin\x64\Debug\net472\VideoOS.Recorder.UnitTests.dll" adapterTypeName="executor://mstestadapter/v2" className="VideoOS.Recorder.UnitTests.DriverProxyInstanceManagerTests" name="DriverProxyInstanceManager_AddHardware_MoreStreamsThanMax_WarningLogged" />
    </UnitTest>
    <UnitTest name="HardwareSetupInformationCommandHandler_Execute_NoDuplicate_WithoutAAC_Success" storage="d:\actions-runner\_work\xpco\xpco\corporate\recordingserver\recorderservice\tst\videoos.recorder.unittests\bin\x64\debug\net472\videoos.recorder.unittests.dll" id="7e1b0d30-c3a4-f2dd-4592-e2d561a942fc">
      <Execution id="dfa89d71-86e3-48c1-8636-167fc8f3b253" />
      <TestMethod codeBase="D:\actions-runner\_work\XPCO\XPCO\Corporate\RecordingServer\RecorderService\tst\VideoOS.Recorder.UnitTests\bin\x64\Debug\net472\VideoOS.Recorder.UnitTests.dll" adapterTypeName="executor://mstestadapter/v2" className="VideoOS.Recorder.UnitTests.Command.HardwareSetupInformationCommandHandlerUnitTests" name="HardwareSetupInformationCommandHandler_Execute_NoDuplicate_WithoutAAC_Success" />
    </UnitTest>
    <UnitTest name="PtzManager_PtzReserveSession_NoController" storage="d:\actions-runner\_work\xpco\xpco\corporate\recordingserver\recorderservice\tst\videoos.recorder.unittests\bin\x64\debug\net472\videoos.recorder.unittests.dll" id="68ec20e4-a52b-416a-af79-b921d11ca318">
      <Execution id="4e547704-32a2-4db1-bedc-6480bc0e2b62" />
      <TestMethod codeBase="D:\actions-runner\_work\XPCO\XPCO\Corporate\RecordingServer\RecorderService\tst\VideoOS.Recorder.UnitTests\bin\x64\Debug\net472\VideoOS.Recorder.UnitTests.dll" adapterTypeName="executor://mstestadapter/v2" className="VideoOS.Recorder.UnitTests.Command.PtzManagerTests" name="PtzManager_PtzReserveSession_NoController" />
    </UnitTest>
    <UnitTest name="EdgeStorageLimitsCheckBandwidthWaitNoLimit" storage="d:\actions-runner\_work\xpco\xpco\corporate\recordingserver\recorderservice\tst\videoos.recorder.unittests\bin\x64\debug\net472\videoos.recorder.unittests.dll" id="3bf74b72-629d-bf18-571c-389e0db388bc">
      <TestCategory>
        <TestCategoryItem TestCategory="EdgeStorageLimits" />
      </TestCategory>
      <Execution id="af52a353-b90c-4773-8925-77d2a49fa02b" />
      <TestMethod codeBase="D:\actions-runner\_work\XPCO\XPCO\Corporate\RecordingServer\RecorderService\tst\VideoOS.Recorder.UnitTests\bin\x64\Debug\net472\VideoOS.Recorder.UnitTests.dll" adapterTypeName="executor://mstestadapter/v2" className="VideoOS.Recorder.UnitTests.EdgeStorage.EdgeStorageLimitTests" name="EdgeStorageLimitsCheckBandwidthWaitNoLimit" />
    </UnitTest>
    <UnitTest name="SOAPCommandRequestHandler_ExecuteFunction_HandleTimeLineInformationGet_TimeLineInformationCount_NoTimeLineInformationTypes" storage="d:\actions-runner\_work\xpco\xpco\corporate\recordingserver\recorderservice\tst\videoos.recorder.unittests\bin\x64\debug\net472\videoos.recorder.unittests.dll" id="e31bfc8b-2529-b88a-3b33-8f8ac1f6d188">
      <Execution id="df9a720c-f79b-4fd6-a7c8-0098555d50b3" />
      <TestMethod codeBase="D:\actions-runner\_work\XPCO\XPCO\Corporate\RecordingServer\RecorderService\tst\VideoOS.Recorder.UnitTests\bin\x64\Debug\net472\VideoOS.Recorder.UnitTests.dll" adapterTypeName="executor://mstestadapter/v2" className="VideoOS.Recorder.UnitTests.WebServer.SOAPCommandRequestHandlerTests" name="SOAPCommandRequestHandler_ExecuteFunction_HandleTimeLineInformationGet_TimeLineInformationCount_NoTimeLineInformationTypes" />
    </UnitTest>
    <UnitTest name="PtzManager_OnDeviceRemoved_Success" storage="d:\actions-runner\_work\xpco\xpco\corporate\recordingserver\recorderservice\tst\videoos.recorder.unittests\bin\x64\debug\net472\videoos.recorder.unittests.dll" id="1195d5ba-2d52-6e07-6287-d306c966009c">
      <Execution id="6b1c0737-5658-4302-8781-cf60f7a3b2fc" />
      <TestMethod codeBase="D:\actions-runner\_work\XPCO\XPCO\Corporate\RecordingServer\RecorderService\tst\VideoOS.Recorder.UnitTests\bin\x64\Debug\net472\VideoOS.Recorder.UnitTests.dll" adapterTypeName="executor://mstestadapter/v2" className="VideoOS.Recorder.UnitTests.Command.PtzManagerTests" name="PtzManager_OnDeviceRemoved_Success" />
    </UnitTest>
    <UnitTest name="IsInRange_ShouldReturnTrue_WhenAddressStartEndAllSame" storage="d:\actions-runner\_work\xpco\xpco\corporate\recordingserver\recorderservice\tst\videoos.recorder.unittests\bin\x64\debug\net472\videoos.recorder.unittests.dll" id="5317f920-779e-2705-3fa5-3d4aba4bd056">
      <Execution id="4ca9d09a-3a8c-44bf-b643-f68634790383" />
      <TestMethod codeBase="D:\actions-runner\_work\XPCO\XPCO\Corporate\RecordingServer\RecorderService\tst\VideoOS.Recorder.UnitTests\bin\x64\Debug\net472\VideoOS.Recorder.UnitTests.dll" adapterTypeName="executor://mstestadapter/v2" className="VideoOS.Recorder.UnitTests.DeviceDiscovery.MipDriversDiscoveryTaskTests" name="IsInRange_ShouldReturnTrue_WhenAddressStartEndAllSame" />
    </UnitTest>
    <UnitTest name="ChangeHardwarePasswordCommandHandler_Execute_HardwareBlocked_Errors" storage="d:\actions-runner\_work\xpco\xpco\corporate\recordingserver\recorderservice\tst\videoos.recorder.unittests\bin\x64\debug\net472\videoos.recorder.unittests.dll" id="6c34793f-a6f3-8058-34fc-6442ebc08e47">
      <Execution id="a090cf99-5846-48e9-bf86-dc3e17a4d90a" />
      <TestMethod codeBase="D:\actions-runner\_work\XPCO\XPCO\Corporate\RecordingServer\RecorderService\tst\VideoOS.Recorder.UnitTests\bin\x64\Debug\net472\VideoOS.Recorder.UnitTests.dll" adapterTypeName="executor://mstestadapter/v2" className="VideoOS.Recorder.UnitTests.Command.ChangeHardwarePasswordCommandHandlerUnitTests" name="ChangeHardwarePasswordCommandHandler_Execute_HardwareBlocked_Errors" />
    </UnitTest>
    <UnitTest name="MediaDbConfigurationWriter_WriteFailoverStorageConfiguration" storage="d:\actions-runner\_work\xpco\xpco\corporate\recordingserver\recorderservice\tst\videoos.recorder.unittests\bin\x64\debug\net472\videoos.recorder.unittests.dll" id="4630f054-24b7-f798-f6aa-0f2c71e021d2">
      <Execution id="915ee31b-4333-47a4-9d57-0b41b1a36f2d" />
      <TestMethod codeBase="D:\actions-runner\_work\XPCO\XPCO\Corporate\RecordingServer\RecorderService\tst\VideoOS.Recorder.UnitTests\bin\x64\Debug\net472\VideoOS.Recorder.UnitTests.dll" adapterTypeName="executor://mstestadapter/v2" className="VideoOS.Recorder.UnitTests.Database.MediaDbConfigurationWriterUnitTests" name="MediaDbConfigurationWriter_WriteFailoverStorageConfiguration" />
    </UnitTest>
    <UnitTest name="EdgeStorageLimitsConfigurationUpdate" storage="d:\actions-runner\_work\xpco\xpco\corporate\recordingserver\recorderservice\tst\videoos.recorder.unittests\bin\x64\debug\net472\videoos.recorder.unittests.dll" id="d5ff4925-5123-a441-1696-13d4f434dff2">
      <TestCategory>
        <TestCategoryItem TestCategory="EdgeStorageLimits" />
      </TestCategory>
      <Execution id="75aa9046-8cc5-4a2e-b697-800d6ed1fec5" />
      <TestMethod codeBase="D:\actions-runner\_work\XPCO\XPCO\Corporate\RecordingServer\RecorderService\tst\VideoOS.Recorder.UnitTests\bin\x64\Debug\net472\VideoOS.Recorder.UnitTests.dll" adapterTypeName="executor://mstestadapter/v2" className="VideoOS.Recorder.UnitTests.EdgeStorage.EdgeStorageLimitTests" name="EdgeStorageLimitsConfigurationUpdate" />
    </UnitTest>
    <UnitTest name="SOAPCommandRequestHandler_ExecuteFunction_HandlePTZRectangle_No_Priority" storage="d:\actions-runner\_work\xpco\xpco\corporate\recordingserver\recorderservice\tst\videoos.recorder.unittests\bin\x64\debug\net472\videoos.recorder.unittests.dll" id="34f2c998-801b-3b6c-34cf-595811976bdc">
      <Execution id="7486eaf8-5203-4e56-a269-003ac5f1216f" />
      <TestMethod codeBase="D:\actions-runner\_work\XPCO\XPCO\Corporate\RecordingServer\RecorderService\tst\VideoOS.Recorder.UnitTests\bin\x64\Debug\net472\VideoOS.Recorder.UnitTests.dll" adapterTypeName="executor://mstestadapter/v2" className="VideoOS.Recorder.UnitTests.WebServer.SOAPCommandRequestHandlerTests" name="SOAPCommandRequestHandler_ExecuteFunction_HandlePTZRectangle_No_Priority" />
    </UnitTest>
    <UnitTest name="SOAPCommandRequestHandler_ExecuteFunction_HandleSmartSearchStart_NoSecurity" storage="d:\actions-runner\_work\xpco\xpco\corporate\recordingserver\recorderservice\tst\videoos.recorder.unittests\bin\x64\debug\net472\videoos.recorder.unittests.dll" id="dbe3aacb-c355-1c1b-31b2-6cbfe9c2ce45">
      <Execution id="c4d5d8df-5721-4b87-8ad1-f1122b0423ce" />
      <TestMethod codeBase="D:\actions-runner\_work\XPCO\XPCO\Corporate\RecordingServer\RecorderService\tst\VideoOS.Recorder.UnitTests\bin\x64\Debug\net472\VideoOS.Recorder.UnitTests.dll" adapterTypeName="executor://mstestadapter/v2" className="VideoOS.Recorder.UnitTests.WebServer.SOAPCommandRequestHandlerTests" name="SOAPCommandRequestHandler_ExecuteFunction_HandleSmartSearchStart_NoSecurity" />
    </UnitTest>
    <UnitTest name="CheckExternalRecorderRegistrationCommandHandler_Execute_HardwareBlocked_ErrorResponse" storage="d:\actions-runner\_work\xpco\xpco\corporate\recordingserver\recorderservice\tst\videoos.recorder.unittests\bin\x64\debug\net472\videoos.recorder.unittests.dll" id="0bdbc067-abaa-25d9-5c3e-c9afc1940448">
      <Execution id="c10f5033-cbf5-4217-a23d-6f9116b9e28f" />
      <TestMethod codeBase="D:\actions-runner\_work\XPCO\XPCO\Corporate\RecordingServer\RecorderService\tst\VideoOS.Recorder.UnitTests\bin\x64\Debug\net472\VideoOS.Recorder.UnitTests.dll" adapterTypeName="executor://mstestadapter/v2" className="VideoOS.Recorder.UnitTests.Command.CheckExternalRecorderRegistrationCommandHandlerUnitTests" name="CheckExternalRecorderRegistrationCommandHandler_Execute_HardwareBlocked_ErrorResponse" />
    </UnitTest>
    <UnitTest name="ConnectSuccess_PrevSeqTime" storage="d:\actions-runner\_work\xpco\xpco\corporate\recordingserver\recorderservice\tst\videoos.recorder.unittests\bin\x64\debug\net472\videoos.recorder.unittests.dll" id="ee0be459-ac9f-d6d9-f9b3-c3e18f59a4c0">
      <Execution id="c5861ffd-6584-4302-9ba5-11e0e94feee3" />
      <TestMethod codeBase="D:\actions-runner\_work\XPCO\XPCO\Corporate\RecordingServer\RecorderService\tst\VideoOS.Recorder.UnitTests\bin\x64\Debug\net472\VideoOS.Recorder.UnitTests.dll" adapterTypeName="executor://mstestadapter/v2" className="VideoOS.Recorder.UnitTests.WebServer.ImageServerRequestHandlerTests" name="ConnectSuccess_PrevSeqTime" />
    </UnitTest>
    <UnitTest name="SOAPCommandRequestHandler_ExecuteFunction_HandleJPEGGetAt_Success" storage="d:\actions-runner\_work\xpco\xpco\corporate\recordingserver\recorderservice\tst\videoos.recorder.unittests\bin\x64\debug\net472\videoos.recorder.unittests.dll" id="940f6623-57ba-741d-40a2-9054e86fc6ab">
      <Execution id="ea36c865-6d16-4b5d-ad2f-63c290518710" />
      <TestMethod codeBase="D:\actions-runner\_work\XPCO\XPCO\Corporate\RecordingServer\RecorderService\tst\VideoOS.Recorder.UnitTests\bin\x64\Debug\net472\VideoOS.Recorder.UnitTests.dll" adapterTypeName="executor://mstestadapter/v2" className="VideoOS.Recorder.UnitTests.WebServer.SOAPCommandRequestHandlerTests" name="SOAPCommandRequestHandler_ExecuteFunction_HandleJPEGGetAt_Success" />
    </UnitTest>
    <UnitTest name="RecStorage_Startup_AllowStart_KeepFailing_Failure_KeepOffline" storage="d:\actions-runner\_work\xpco\xpco\corporate\recordingserver\recorderservice\tst\videoos.recorder.unittests\bin\x64\debug\net472\videoos.recorder.unittests.dll" id="e91cd25b-0914-e151-3d5f-581e9a917879">
      <Execution id="0170f437-db58-4f5f-b1bf-d8fd942da504" />
      <TestMethod codeBase="D:\actions-runner\_work\XPCO\XPCO\Corporate\RecordingServer\RecorderService\tst\VideoOS.Recorder.UnitTests\bin\x64\Debug\net472\VideoOS.Recorder.UnitTests.dll" adapterTypeName="executor://mstestadapter/v2" className="VideoOS.Recorder.UnitTests.ObjectModel.MediaDbManagerUnitTests" name="RecStorage_Startup_AllowStart_KeepFailing_Failure_KeepOffline" />
    </UnitTest>
    <UnitTest name="RecStorage_Startup_AllowStart_NotKeepFailing_Failure_KeepOffline" storage="d:\actions-runner\_work\xpco\xpco\corporate\recordingserver\recorderservice\tst\videoos.recorder.unittests\bin\x64\debug\net472\videoos.recorder.unittests.dll" id="fa3fe36c-080a-b091-19a4-4b8bc14cc531">
      <Execution id="aa87a8d0-6a18-45da-8b98-569fc79b3b3f" />
      <TestMethod codeBase="D:\actions-runner\_work\XPCO\XPCO\Corporate\RecordingServer\RecorderService\tst\VideoOS.Recorder.UnitTests\bin\x64\Debug\net472\VideoOS.Recorder.UnitTests.dll" adapterTypeName="executor://mstestadapter/v2" className="VideoOS.Recorder.UnitTests.ObjectModel.MediaDbManagerUnitTests" name="RecStorage_Startup_AllowStart_NotKeepFailing_Failure_KeepOffline" />
    </UnitTest>
    <UnitTest name="DatabaseoperationCommandhandler_FilterTrackIdsToThoseWithoutMediaOnRecorder_Exception_Causes_DataExists" storage="d:\actions-runner\_work\xpco\xpco\corporate\recordingserver\recorderservice\tst\videoos.recorder.unittests\bin\x64\debug\net472\videoos.recorder.unittests.dll" id="840bbbf3-3f27-34a0-63ad-36f507931947">
      <Execution id="1fac6608-5cc6-4288-b3e1-f577e34286fa" />
      <TestMethod codeBase="D:\actions-runner\_work\XPCO\XPCO\Corporate\RecordingServer\RecorderService\tst\VideoOS.Recorder.UnitTests\bin\x64\Debug\net472\VideoOS.Recorder.UnitTests.dll" adapterTypeName="executor://mstestadapter/v2" className="VideoOS.Recorder.UnitTests.Command.DatabaseOperationCommandHandlerUnitTests" name="DatabaseoperationCommandhandler_FilterTrackIdsToThoseWithoutMediaOnRecorder_Exception_Causes_DataExists" />
    </UnitTest>
    <UnitTest name="SOAPCommandRequestHandler_ExecuteFunction_HandlePTZMoveStart_No_Security" storage="d:\actions-runner\_work\xpco\xpco\corporate\recordingserver\recorderservice\tst\videoos.recorder.unittests\bin\x64\debug\net472\videoos.recorder.unittests.dll" id="a1662c3e-6c90-6132-3f2b-3faf17a3029f">
      <Execution id="ba228704-6ea7-46db-bb03-2007b5820e0e" />
      <TestMethod codeBase="D:\actions-runner\_work\XPCO\XPCO\Corporate\RecordingServer\RecorderService\tst\VideoOS.Recorder.UnitTests\bin\x64\Debug\net472\VideoOS.Recorder.UnitTests.dll" adapterTypeName="executor://mstestadapter/v2" className="VideoOS.Recorder.UnitTests.WebServer.SOAPCommandRequestHandlerTests" name="SOAPCommandRequestHandler_ExecuteFunction_HandlePTZMoveStart_No_Security" />
    </UnitTest>
    <UnitTest name="DiffGramToApplyToOrigionalDataSetToMakeItIdenticalWithNewDataSet_HandleExistingUnmodifiedRows" storage="d:\actions-runner\_work\xpco\xpco\corporate\recordingserver\recorderservice\tst\videoos.recorder.unittests\bin\x64\debug\net472\videoos.recorder.unittests.dll" id="f3e4fa1d-85a8-98e6-f624-c5f6f260ae11">
      <Execution id="337e3936-ff26-4ba9-b867-5471bea3c81f" />
      <TestMethod codeBase="D:\actions-runner\_work\XPCO\XPCO\Corporate\RecordingServer\RecorderService\tst\VideoOS.Recorder.UnitTests\bin\x64\Debug\net472\VideoOS.Recorder.UnitTests.dll" adapterTypeName="executor://mstestadapter/v2" className="VideoOS.Recorder.UnitTests.DataSetUtilityUnitTests" name="DiffGramToApplyToOrigionalDataSetToMakeItIdenticalWithNewDataSet_HandleExistingUnmodifiedRows" />
    </UnitTest>
    <UnitTest name="SmartSearchHandlerResultNotReadyException" storage="d:\actions-runner\_work\xpco\xpco\corporate\recordingserver\recorderservice\tst\videoos.recorder.unittests\bin\x64\debug\net472\videoos.recorder.unittests.dll" id="18d3b442-3af9-9ced-b5f4-c2bf6c6b45b3">
      <TestCategory>
        <TestCategoryItem TestCategory="SmartSearch" />
      </TestCategory>
      <Execution id="c89e1130-d513-46d5-87e2-30c6b4514a81" />
      <TestMethod codeBase="D:\actions-runner\_work\XPCO\XPCO\Corporate\RecordingServer\RecorderService\tst\VideoOS.Recorder.UnitTests\bin\x64\Debug\net472\VideoOS.Recorder.UnitTests.dll" adapterTypeName="executor://mstestadapter/v2" className="VideoOS.Recorder.UnitTests.SmartSearch.SmartSearchHandlerTest" name="SmartSearchHandlerResultNotReadyException" />
    </UnitTest>
    <UnitTest name="AddHardwareUserCommandHandler_Execute_AddUser_ThrowsUserHandlingUnsupported_Errors" storage="d:\actions-runner\_work\xpco\xpco\corporate\recordingserver\recorderservice\tst\videoos.recorder.unittests\bin\x64\debug\net472\videoos.recorder.unittests.dll" id="28a5e745-2e74-06b3-7adf-49f1f58e769e">
      <Execution id="abb8d640-fc68-4cbe-966a-6c00eb6ec249" />
      <TestMethod codeBase="D:\actions-runner\_work\XPCO\XPCO\Corporate\RecordingServer\RecorderService\tst\VideoOS.Recorder.UnitTests\bin\x64\Debug\net472\VideoOS.Recorder.UnitTests.dll" adapterTypeName="executor://mstestadapter/v2" className="VideoOS.Recorder.UnitTests.Command.AddHardwareUserCommandHandlerRecorderUnitTests" name="AddHardwareUserCommandHandler_Execute_AddUser_ThrowsUserHandlingUnsupported_Errors" />
    </UnitTest>
    <UnitTest name="PtzReleaseSessionCommandHandler_Execute_Device_Not_Found" storage="d:\actions-runner\_work\xpco\xpco\corporate\recordingserver\recorderservice\tst\videoos.recorder.unittests\bin\x64\debug\net472\videoos.recorder.unittests.dll" id="57cc1aeb-9d58-94a8-7948-9932f23c8c13">
      <Execution id="c0aec942-53ba-4810-9ff0-d009f8a87ba9" />
      <TestMethod codeBase="D:\actions-runner\_work\XPCO\XPCO\Corporate\RecordingServer\RecorderService\tst\VideoOS.Recorder.UnitTests\bin\x64\Debug\net472\VideoOS.Recorder.UnitTests.dll" adapterTypeName="executor://mstestadapter/v2" className="VideoOS.Recorder.UnitTests.Command.PtzReleaseSessionCommandHandlerTest" name="PtzReleaseSessionCommandHandler_Execute_Device_Not_Found" />
    </UnitTest>
    <UnitTest name="PtzDefaultSession_Constructor_Success" storage="d:\actions-runner\_work\xpco\xpco\corporate\recordingserver\recorderservice\tst\videoos.recorder.unittests\bin\x64\debug\net472\videoos.recorder.unittests.dll" id="a009b559-c217-c582-8843-2e82f17d8aa6">
      <Execution id="9f853a07-59ff-4441-9c7b-a9938e501da8" />
      <TestMethod codeBase="D:\actions-runner\_work\XPCO\XPCO\Corporate\RecordingServer\RecorderService\tst\VideoOS.Recorder.UnitTests\bin\x64\Debug\net472\VideoOS.Recorder.UnitTests.dll" adapterTypeName="executor://mstestadapter/v2" className="VideoOS.Recorder.UnitTests.Command.PtzSessionsTests" name="PtzDefaultSession_Constructor_Success" />
    </UnitTest>
    <UnitTest name="RemoveNotExistingRegistrationAllowed" storage="d:\actions-runner\_work\xpco\xpco\corporate\recordingserver\recorderservice\tst\videoos.recorder.unittests\bin\x64\debug\net472\videoos.recorder.unittests.dll" id="ddea05b6-294c-0745-bd8f-cb8c657bcad0">
      <Execution id="654b6d39-9ce7-47cf-a699-2fc78aef521b" />
      <TestMethod codeBase="D:\actions-runner\_work\XPCO\XPCO\Corporate\RecordingServer\RecorderService\tst\VideoOS.Recorder.UnitTests\bin\x64\Debug\net472\VideoOS.Recorder.UnitTests.dll" adapterTypeName="executor://mstestadapter/v2" className="VideoOS.Recorder.UnitTests.Database.MediaDbLiveTableRegistrationTests" name="RemoveNotExistingRegistrationAllowed" />
    </UnitTest>
    <UnitTest name="AddStatus_DoesNotSendTheSameStatus_OnMultipleStatusCalls" storage="d:\actions-runner\_work\xpco\xpco\corporate\recordingserver\recorderservice\tst\videoos.recorder.unittests\bin\x64\debug\net472\videoos.recorder.unittests.dll" id="a9e1dd14-fe51-f317-1164-bb8a44f4e9b4">
      <TestCategory>
        <TestCategoryItem TestCategory="RecorderStatus" />
      </TestCategory>
      <Execution id="d903f939-b899-4542-b473-c943bd289894" />
      <TestMethod codeBase="D:\actions-runner\_work\XPCO\XPCO\Corporate\RecordingServer\RecorderService\tst\VideoOS.Recorder.UnitTests\bin\x64\Debug\net472\VideoOS.Recorder.UnitTests.dll" adapterTypeName="executor://mstestadapter/v2" className="VideoOS.Recorder.UnitTests.RecorderStatusTests" name="AddStatus_DoesNotSendTheSameStatus_OnMultipleStatusCalls" />
    </UnitTest>
    <UnitTest name="DeleteHardwareUserCommandHandler_Execute_HardwareBlocked_Errors" storage="d:\actions-runner\_work\xpco\xpco\corporate\recordingserver\recorderservice\tst\videoos.recorder.unittests\bin\x64\debug\net472\videoos.recorder.unittests.dll" id="67789090-e72a-5ffd-a348-a0b093e37aa4">
      <Execution id="c63ea216-f74f-46d5-a155-241752011aa3" />
      <TestMethod codeBase="D:\actions-runner\_work\XPCO\XPCO\Corporate\RecordingServer\RecorderService\tst\VideoOS.Recorder.UnitTests\bin\x64\Debug\net472\VideoOS.Recorder.UnitTests.dll" adapterTypeName="executor://mstestadapter/v2" className="VideoOS.Recorder.UnitTests.Command.DeleteHardwareUserCommandHandlerTest" name="DeleteHardwareUserCommandHandler_Execute_HardwareBlocked_Errors" />
    </UnitTest>
    <UnitTest name="GetScanResult_AfterStopCalled_ShouldReturnCompleted" storage="d:\actions-runner\_work\xpco\xpco\corporate\recordingserver\recorderservice\tst\videoos.recorder.unittests\bin\x64\debug\net472\videoos.recorder.unittests.dll" id="315e97d1-1330-f212-eec9-b5651f1f7e0f">
      <Execution id="7392ee9c-bfda-4ef5-9702-b57c11cf014d" />
      <TestMethod codeBase="D:\actions-runner\_work\XPCO\XPCO\Corporate\RecordingServer\RecorderService\tst\VideoOS.Recorder.UnitTests\bin\x64\Debug\net472\VideoOS.Recorder.UnitTests.dll" adapterTypeName="executor://mstestadapter/v2" className="VideoOS.Recorder.UnitTests.DeviceDiscovery.MipDriversDiscoveryTaskTests" name="GetScanResult_AfterStopCalled_ShouldReturnCompleted" />
    </UnitTest>
    <UnitTest name="UpdateRecorderTaskProgressAsync_NotConnectedAndBetween1And99_ShouldNotQueueCommand" storage="d:\actions-runner\_work\xpco\xpco\corporate\recordingserver\recorderservice\tst\videoos.recorder.unittests\bin\x64\debug\net472\videoos.recorder.unittests.dll" id="fe3d5e92-bf5b-5981-1f4a-9ee48255a44e">
      <Execution id="c7ca5e16-1653-4947-bc39-debcea2553ea" />
      <TestMethod codeBase="D:\actions-runner\_work\XPCO\XPCO\Corporate\RecordingServer\RecorderService\tst\VideoOS.Recorder.UnitTests\bin\x64\Debug\net472\VideoOS.Recorder.UnitTests.dll" adapterTypeName="executor://mstestadapter/v2" className="VideoOS.Recorder.UnitTests.CommManagerWebApiTests" name="UpdateRecorderTaskProgressAsync_NotConnectedAndBetween1And99_ShouldNotQueueCommand" />
    </UnitTest>
    <UnitTest name="MediaDbCache_SetListFileSystemDiskUsage_Set_Twice_Caches_First" storage="d:\actions-runner\_work\xpco\xpco\corporate\recordingserver\recorderservice\tst\videoos.recorder.unittests\bin\x64\debug\net472\videoos.recorder.unittests.dll" id="39f8b12a-040d-3c65-8a53-4fb31ea1ab10">
      <Execution id="fe13e6d6-10ed-4fba-bb54-f643d25678e4" />
      <TestMethod codeBase="D:\actions-runner\_work\XPCO\XPCO\Corporate\RecordingServer\RecorderService\tst\VideoOS.Recorder.UnitTests\bin\x64\Debug\net472\VideoOS.Recorder.UnitTests.dll" adapterTypeName="executor://mstestadapter/v2" className="VideoOS.Recorder.UnitTests.Database.MediaDbCacheUnitTests" name="MediaDbCache_SetListFileSystemDiskUsage_Set_Twice_Caches_First" />
    </UnitTest>
    <UnitTest name="ResponseController_ValidSuccessResponse_SuccessResponseWithTokenCalledOnCommManager" storage="d:\actions-runner\_work\xpco\xpco\corporate\recordingserver\recorderservice\tst\videoos.recorder.unittests\bin\x64\debug\net472\videoos.recorder.unittests.dll" id="99eea56b-a501-2d1f-5337-803af4247826">
      <Execution id="0a1a52fc-eccc-481b-9ed3-7bf24cc93f75" />
      <TestMethod codeBase="D:\actions-runner\_work\XPCO\XPCO\Corporate\RecordingServer\RecorderService\tst\VideoOS.Recorder.UnitTests\bin\x64\Debug\net472\VideoOS.Recorder.UnitTests.dll" adapterTypeName="executor://mstestadapter/v2" className="VideoOS.Recorder.UnitTests.ResponseControllerTests" name="ResponseController_ValidSuccessResponse_SuccessResponseWithTokenCalledOnCommManager" />
    </UnitTest>
    <UnitTest name="OnTimer_TimerHasNotBeenStopped_TimerIsRestarted" storage="d:\actions-runner\_work\xpco\xpco\corporate\recordingserver\recorderservice\tst\videoos.recorder.unittests\bin\x64\debug\net472\videoos.recorder.unittests.dll" id="9b4b2588-e858-0004-8c68-110473ffe7d6">
      <Execution id="15880025-4b57-43fb-afde-71cadaf67fc1" />
      <TestMethod codeBase="D:\actions-runner\_work\XPCO\XPCO\Corporate\RecordingServer\RecorderService\tst\VideoOS.Recorder.UnitTests\bin\x64\Debug\net472\VideoOS.Recorder.UnitTests.dll" adapterTypeName="executor://mstestadapter/v2" className="VideoOS.Recorder.UnitTests.PingManagerTests" name="OnTimer_TimerHasNotBeenStopped_TimerIsRestarted" />
    </UnitTest>
    <UnitTest name="ResponseHandler_HandleResponse_Success_SendsMessageManagerCommand" storage="d:\actions-runner\_work\xpco\xpco\corporate\recordingserver\recorderservice\tst\videoos.recorder.unittests\bin\x64\debug\net472\videoos.recorder.unittests.dll" id="5f36fb77-a0ea-2cc3-265d-6c998397aeaf">
      <Execution id="97f70a33-4824-4c6f-8c37-96fe176f96c8" />
      <TestMethod codeBase="D:\actions-runner\_work\XPCO\XPCO\Corporate\RecordingServer\RecorderService\tst\VideoOS.Recorder.UnitTests\bin\x64\Debug\net472\VideoOS.Recorder.UnitTests.dll" adapterTypeName="executor://mstestadapter/v2" className="VideoOS.Recorder.UnitTests.DriverUpdateHelperUnitTests" name="ResponseHandler_HandleResponse_Success_SendsMessageManagerCommand" />
    </UnitTest>
    <UnitTest name="SOAPCommandRequestHandler_ExecuteFunction_HandleJPEGGetAt_NoTime" storage="d:\actions-runner\_work\xpco\xpco\corporate\recordingserver\recorderservice\tst\videoos.recorder.unittests\bin\x64\debug\net472\videoos.recorder.unittests.dll" id="1305c141-a0e3-24aa-3477-4be19c2cf492">
      <Execution id="8ac601ab-97e6-450e-813b-d2cead6a0977" />
      <TestMethod codeBase="D:\actions-runner\_work\XPCO\XPCO\Corporate\RecordingServer\RecorderService\tst\VideoOS.Recorder.UnitTests\bin\x64\Debug\net472\VideoOS.Recorder.UnitTests.dll" adapterTypeName="executor://mstestadapter/v2" className="VideoOS.Recorder.UnitTests.WebServer.SOAPCommandRequestHandlerTests" name="SOAPCommandRequestHandler_ExecuteFunction_HandleJPEGGetAt_NoTime" />
    </UnitTest>
    <UnitTest name="FilterTrackIdsToThoseThatShouldNotHaveMediaOnRecorder_InternalStateStartedWithIncompatibleServer_ReturnsEmptyArray" storage="d:\actions-runner\_work\xpco\xpco\corporate\recordingserver\recorderservice\tst\videoos.recorder.unittests\bin\x64\debug\net472\videoos.recorder.unittests.dll" id="48a0174a-969e-aeff-81b3-935201a07798">
      <Execution id="267eebdb-3e02-424b-bcbc-19e133a6d34e" />
      <TestMethod codeBase="D:\actions-runner\_work\XPCO\XPCO\Corporate\RecordingServer\RecorderService\tst\VideoOS.Recorder.UnitTests\bin\x64\Debug\net472\VideoOS.Recorder.UnitTests.dll" adapterTypeName="executor://mstestadapter/v2" className="VideoOS.Recorder.UnitTests.CommManagerWebApiTests" name="FilterTrackIdsToThoseThatShouldNotHaveMediaOnRecorder_InternalStateStartedWithIncompatibleServer_ReturnsEmptyArray" />
    </UnitTest>
    <UnitTest name="CallStartMethodForCamera" storage="d:\actions-runner\_work\xpco\xpco\corporate\recordingserver\recorderservice\tst\videoos.recorder.unittests\bin\x64\debug\net472\videoos.recorder.unittests.dll" id="bbd4503c-8460-7be2-44cb-c192c30ff36f">
      <TestCategory>
        <TestCategoryItem TestCategory="ObjectModel.Device.RelatedDeviceHandler" />
      </TestCategory>
      <Execution id="8b202cc7-75e1-4bfa-9310-923f8c45bc7d" />
      <TestMethod codeBase="D:\actions-runner\_work\XPCO\XPCO\Corporate\RecordingServer\RecorderService\tst\VideoOS.Recorder.UnitTests\bin\x64\Debug\net472\VideoOS.Recorder.UnitTests.dll" adapterTypeName="executor://mstestadapter/v2" className="VideoOS.Recorder.UnitTests.ObjectModel.RelatedDeviceHandlerTest" name="CallStartMethodForCamera" />
    </UnitTest>
    <UnitTest name="SetupInitialHardwareUserCommandHandler_Execute_SetupUser_ThrowsUserHandlingUnknownError_Errors" storage="d:\actions-runner\_work\xpco\xpco\corporate\recordingserver\recorderservice\tst\videoos.recorder.unittests\bin\x64\debug\net472\videoos.recorder.unittests.dll" id="784278f8-76d7-4e45-f1a2-2e6a30fea534">
      <Execution id="359dfca3-0fc9-4fcb-b7ca-61cd37a6611d" />
      <TestMethod codeBase="D:\actions-runner\_work\XPCO\XPCO\Corporate\RecordingServer\RecorderService\tst\VideoOS.Recorder.UnitTests\bin\x64\Debug\net472\VideoOS.Recorder.UnitTests.dll" adapterTypeName="executor://mstestadapter/v2" className="VideoOS.Recorder.UnitTests.Command.SetupInitialHardwareUserCommandHandlerUnitTests" name="SetupInitialHardwareUserCommandHandler_Execute_SetupUser_ThrowsUserHandlingUnknownError_Errors" />
    </UnitTest>
    <UnitTest name="UpdateHardwareStateTrue_StartHardware_EngineNotStarted_HardwareNotStarting" storage="d:\actions-runner\_work\xpco\xpco\corporate\recordingserver\recorderservice\tst\videoos.recorder.unittests\bin\x64\debug\net472\videoos.recorder.unittests.dll" id="5452fb0d-baa3-2633-b1f5-73b1c7fb2b59">
      <Execution id="c20c68d0-e4d6-425d-84b9-95d7e799288b" />
      <TestMethod codeBase="D:\actions-runner\_work\XPCO\XPCO\Corporate\RecordingServer\RecorderService\tst\VideoOS.Recorder.UnitTests\bin\x64\Debug\net472\VideoOS.Recorder.UnitTests.dll" adapterTypeName="executor://mstestadapter/v2" className="VideoOS.Recorder.UnitTests.Command.UpdateHardwareCommandTest" name="UpdateHardwareStateTrue_StartHardware_EngineNotStarted_HardwareNotStarting" />
    </UnitTest>
    <UnitTest name="FailoverMediaMover_MoveMediaDataHere_Stop_Signalled_2nd_Time" storage="d:\actions-runner\_work\xpco\xpco\corporate\recordingserver\recorderservice\tst\videoos.recorder.unittests\bin\x64\debug\net472\videoos.recorder.unittests.dll" id="398b03d6-8db0-a876-f4f2-221b13127931">
      <Execution id="89473d57-b5e9-4726-9f73-d97081fd71bc" />
      <TestMethod codeBase="D:\actions-runner\_work\XPCO\XPCO\Corporate\RecordingServer\RecorderService\tst\VideoOS.Recorder.UnitTests\bin\x64\Debug\net472\VideoOS.Recorder.UnitTests.dll" adapterTypeName="executor://mstestadapter/v2" className="VideoOS.Recorder.UnitTests.FailoverMediaMoverUnitTests" name="FailoverMediaMover_MoveMediaDataHere_Stop_Signalled_2nd_Time" />
    </UnitTest>
    <UnitTest name="ConnectSuccessSimple_CameraWithStream" storage="d:\actions-runner\_work\xpco\xpco\corporate\recordingserver\recorderservice\tst\videoos.recorder.unittests\bin\x64\debug\net472\videoos.recorder.unittests.dll" id="1d8885de-4a7c-76c0-90a9-db5aab3e3fe8">
      <Execution id="8fd88f0e-531f-4b2b-9b80-95900f2a60f4" />
      <TestMethod codeBase="D:\actions-runner\_work\XPCO\XPCO\Corporate\RecordingServer\RecorderService\tst\VideoOS.Recorder.UnitTests\bin\x64\Debug\net472\VideoOS.Recorder.UnitTests.dll" adapterTypeName="executor://mstestadapter/v2" className="VideoOS.Recorder.UnitTests.WebServer.ImageServerRequestHandlerTests" name="ConnectSuccessSimple_CameraWithStream" />
    </UnitTest>
    <UnitTest name="ProcessRequest_Html_Success" storage="d:\actions-runner\_work\xpco\xpco\corporate\recordingserver\recorderservice\tst\videoos.recorder.unittests\bin\x64\debug\net472\videoos.recorder.unittests.dll" id="c20e4440-ba71-8139-0f29-5a510275838b">
      <Execution id="b24ac5dd-e2b0-4e50-a86e-51da64d30ee9" />
      <TestMethod codeBase="D:\actions-runner\_work\XPCO\XPCO\Corporate\RecordingServer\RecorderService\tst\VideoOS.Recorder.UnitTests\bin\x64\Debug\net472\VideoOS.Recorder.UnitTests.dll" adapterTypeName="executor://mstestadapter/v2" className="VideoOS.Recorder.UnitTests.WebServer.TransferBufferHtmlPageUnitTests" name="ProcessRequest_Html_Success" />
    </UnitTest>
    <UnitTest name="PtzManager_SetConfiguration_OutOfMemoryException" storage="d:\actions-runner\_work\xpco\xpco\corporate\recordingserver\recorderservice\tst\videoos.recorder.unittests\bin\x64\debug\net472\videoos.recorder.unittests.dll" id="6df90a90-c0c6-6730-558b-7cd6b1287bdd">
      <Execution id="cac5c468-bf9b-4689-98d2-acd33f42d4a0" />
      <TestMethod codeBase="D:\actions-runner\_work\XPCO\XPCO\Corporate\RecordingServer\RecorderService\tst\VideoOS.Recorder.UnitTests\bin\x64\Debug\net472\VideoOS.Recorder.UnitTests.dll" adapterTypeName="executor://mstestadapter/v2" className="VideoOS.Recorder.UnitTests.Command.PtzManagerTests" name="PtzManager_SetConfiguration_OutOfMemoryException" />
    </UnitTest>
    <UnitTest name="SynchronizeDevicePresetsCommandHandler_Execute_NullArgs_Throws" storage="d:\actions-runner\_work\xpco\xpco\corporate\recordingserver\recorderservice\tst\videoos.recorder.unittests\bin\x64\debug\net472\videoos.recorder.unittests.dll" id="30379ff7-9935-685d-f9d8-a61187b11262">
      <Execution id="978037b6-6a55-4c17-8ca2-d2be36ca319a" />
      <TestMethod codeBase="D:\actions-runner\_work\XPCO\XPCO\Corporate\RecordingServer\RecorderService\tst\VideoOS.Recorder.UnitTests\bin\x64\Debug\net472\VideoOS.Recorder.UnitTests.dll" adapterTypeName="executor://mstestadapter/v2" className="VideoOS.Recorder.UnitTests.Command.SynchronizeDevicePresetsCommandHandlerUnitTests" name="SynchronizeDevicePresetsCommandHandler_Execute_NullArgs_Throws" />
    </UnitTest>
    <UnitTest name="GoIntoOverflowOnFrames" storage="d:\actions-runner\_work\xpco\xpco\corporate\recordingserver\recorderservice\tst\videoos.recorder.unittests\bin\x64\debug\net472\videoos.recorder.unittests.dll" id="37723956-86e6-61c6-7a9b-c8c4a514efc9">
      <TestCategory>
        <TestCategoryItem TestCategory="ObjectModel.Processors.PipelineQueue" />
      </TestCategory>
      <Execution id="3a72b56a-7356-421e-83a0-d2986f1e6da1" />
      <TestMethod codeBase="D:\actions-runner\_work\XPCO\XPCO\Corporate\RecordingServer\RecorderService\tst\VideoOS.Recorder.UnitTests\bin\x64\Debug\net472\VideoOS.Recorder.UnitTests.dll" adapterTypeName="executor://mstestadapter/v2" className="VideoOS.Recorder.UnitTests.ObjectModel.Processors.PipelineQueueTest" name="GoIntoOverflowOnFrames" />
    </UnitTest>
    <UnitTest name="HardwareSetupInformationCommandHandler_Ctor_Null_ThrowArgumentNullException" storage="d:\actions-runner\_work\xpco\xpco\corporate\recordingserver\recorderservice\tst\videoos.recorder.unittests\bin\x64\debug\net472\videoos.recorder.unittests.dll" id="9cbfbcb0-332e-6532-6b5f-4a3268f1cc19">
      <Execution id="82961da8-9ce2-48b1-94c2-5f3107d21b59" />
      <TestMethod codeBase="D:\actions-runner\_work\XPCO\XPCO\Corporate\RecordingServer\RecorderService\tst\VideoOS.Recorder.UnitTests\bin\x64\Debug\net472\VideoOS.Recorder.UnitTests.dll" adapterTypeName="executor://mstestadapter/v2" className="VideoOS.Recorder.UnitTests.Command.HardwareSetupInformationCommandHandlerUnitTests" name="HardwareSetupInformationCommandHandler_Ctor_Null_ThrowArgumentNullException" />
    </UnitTest>
    <UnitTest name="FullStatusAlgorithm_EvaluateFullStatusRequired_KeepAlive_Success" storage="d:\actions-runner\_work\xpco\xpco\corporate\recordingserver\recorderservice\tst\videoos.recorder.unittests\bin\x64\debug\net472\videoos.recorder.unittests.dll" id="839827ff-4a27-06ff-ccdf-958e7d26c314">
      <Execution id="fd7fc3f3-9137-4539-b31f-c28d27b72749" />
      <TestMethod codeBase="D:\actions-runner\_work\XPCO\XPCO\Corporate\RecordingServer\RecorderService\tst\VideoOS.Recorder.UnitTests\bin\x64\Debug\net472\VideoOS.Recorder.UnitTests.dll" adapterTypeName="executor://mstestadapter/v2" className="VideoOS.Recorder.UnitTests.Multicast.FullStatusAlgorithmUnitTests" name="FullStatusAlgorithm_EvaluateFullStatusRequired_KeepAlive_Success" />
    </UnitTest>
    <UnitTest name="GetRecorderTasksWithPendingStop_InternalStateStopped_ReturnsNull" storage="d:\actions-runner\_work\xpco\xpco\corporate\recordingserver\recorderservice\tst\videoos.recorder.unittests\bin\x64\debug\net472\videoos.recorder.unittests.dll" id="01e4eee8-390a-a03d-6f7a-91218197b87f">
      <Execution id="d90772bd-8b7b-4535-981f-fc6f67000a4f" />
      <TestMethod codeBase="D:\actions-runner\_work\XPCO\XPCO\Corporate\RecordingServer\RecorderService\tst\VideoOS.Recorder.UnitTests\bin\x64\Debug\net472\VideoOS.Recorder.UnitTests.dll" adapterTypeName="executor://mstestadapter/v2" className="VideoOS.Recorder.UnitTests.CommManagerWebApiTests" name="GetRecorderTasksWithPendingStop_InternalStateStopped_ReturnsNull" />
    </UnitTest>
    <UnitTest name="SetupInitialHardwareUserCommandHandler_Execute_SetupUser_ThrowsUserHandlingUserNameTooShortrError_Errors" storage="d:\actions-runner\_work\xpco\xpco\corporate\recordingserver\recorderservice\tst\videoos.recorder.unittests\bin\x64\debug\net472\videoos.recorder.unittests.dll" id="d0184c79-09ca-438e-e6fe-64ddf8949d4b">
      <Execution id="7005837a-2ef7-486a-b819-d36adc4db06e" />
      <TestMethod codeBase="D:\actions-runner\_work\XPCO\XPCO\Corporate\RecordingServer\RecorderService\tst\VideoOS.Recorder.UnitTests\bin\x64\Debug\net472\VideoOS.Recorder.UnitTests.dll" adapterTypeName="executor://mstestadapter/v2" className="VideoOS.Recorder.UnitTests.Command.SetupInitialHardwareUserCommandHandlerUnitTests" name="SetupInitialHardwareUserCommandHandler_Execute_SetupUser_ThrowsUserHandlingUserNameTooShortrError_Errors" />
    </UnitTest>
    <UnitTest name="PerformDatabaseOperation_IsValid_NoContent" storage="d:\actions-runner\_work\xpco\xpco\corporate\recordingserver\recorderservice\tst\videoos.recorder.unittests\bin\x64\debug\net472\videoos.recorder.unittests.dll" id="6383d062-2257-001d-5c0b-9ab1d5dea930">
      <Execution id="77894b90-6a84-4aa2-a92a-85240f229411" />
      <TestMethod codeBase="D:\actions-runner\_work\XPCO\XPCO\Corporate\RecordingServer\RecorderService\tst\VideoOS.Recorder.UnitTests\bin\x64\Debug\net472\VideoOS.Recorder.UnitTests.dll" adapterTypeName="executor://mstestadapter/v2" className="VideoOS.Recorder.UnitTests.DatabaseControllerTests" name="PerformDatabaseOperation_IsValid_NoContent" />
    </UnitTest>
    <UnitTest name="SetupInitialHardwareUserCommandHandler_Execute_SetupUser_ThrowsUserHandlingInvalidCharacterError_Errors" storage="d:\actions-runner\_work\xpco\xpco\corporate\recordingserver\recorderservice\tst\videoos.recorder.unittests\bin\x64\debug\net472\videoos.recorder.unittests.dll" id="69c4179d-03e4-0f15-38a7-eafb887b7992">
      <Execution id="3ee45968-ca6c-43e8-b545-d5015f6fd33f" />
      <TestMethod codeBase="D:\actions-runner\_work\XPCO\XPCO\Corporate\RecordingServer\RecorderService\tst\VideoOS.Recorder.UnitTests\bin\x64\Debug\net472\VideoOS.Recorder.UnitTests.dll" adapterTypeName="executor://mstestadapter/v2" className="VideoOS.Recorder.UnitTests.Command.SetupInitialHardwareUserCommandHandlerUnitTests" name="SetupInitialHardwareUserCommandHandler_Execute_SetupUser_ThrowsUserHandlingInvalidCharacterError_Errors" />
    </UnitTest>
    <UnitTest name="PrepareMoveHardwareCommandHandler_Constructor_RecorderEnvironmentNull_ArgumentNullException" storage="d:\actions-runner\_work\xpco\xpco\corporate\recordingserver\recorderservice\tst\videoos.recorder.unittests\bin\x64\debug\net472\videoos.recorder.unittests.dll" id="ad601ddf-dc98-e045-4ff8-ebd544618780">
      <Execution id="8a012e30-bf22-4bc8-a3d5-e8a6206fdac4" />
      <TestMethod codeBase="D:\actions-runner\_work\XPCO\XPCO\Corporate\RecordingServer\RecorderService\tst\VideoOS.Recorder.UnitTests\bin\x64\Debug\net472\VideoOS.Recorder.UnitTests.dll" adapterTypeName="executor://mstestadapter/v2" className="VideoOS.Recorder.UnitTests.Command.PrepareMoveHardwareCommandHandlerTests" name="PrepareMoveHardwareCommandHandler_Constructor_RecorderEnvironmentNull_ArgumentNullException" />
    </UnitTest>
    <UnitTest name="SOAPCommandRequestHandler_ExecuteFunction_HandlePTZCenter_NoCenterX" storage="d:\actions-runner\_work\xpco\xpco\corporate\recordingserver\recorderservice\tst\videoos.recorder.unittests\bin\x64\debug\net472\videoos.recorder.unittests.dll" id="388c476d-d34c-7f6e-8d71-ebbe746479a4">
      <Execution id="142e00e5-795f-42e9-9ac0-15601b46d777" />
      <TestMethod codeBase="D:\actions-runner\_work\XPCO\XPCO\Corporate\RecordingServer\RecorderService\tst\VideoOS.Recorder.UnitTests\bin\x64\Debug\net472\VideoOS.Recorder.UnitTests.dll" adapterTypeName="executor://mstestadapter/v2" className="VideoOS.Recorder.UnitTests.WebServer.SOAPCommandRequestHandlerTests" name="SOAPCommandRequestHandler_ExecuteFunction_HandlePTZCenter_NoCenterX" />
    </UnitTest>
    <UnitTest name="SOAPCommandRequestHandler_ExecuteFunction_HandleMulticastStart_User_Doesnt_Have_Permission" storage="d:\actions-runner\_work\xpco\xpco\corporate\recordingserver\recorderservice\tst\videoos.recorder.unittests\bin\x64\debug\net472\videoos.recorder.unittests.dll" id="eea4a727-ddb2-888f-62e7-07ea18cdcc69">
      <Execution id="6732100a-e89c-4102-99bf-09fe437b6cd6" />
      <TestMethod codeBase="D:\actions-runner\_work\XPCO\XPCO\Corporate\RecordingServer\RecorderService\tst\VideoOS.Recorder.UnitTests\bin\x64\Debug\net472\VideoOS.Recorder.UnitTests.dll" adapterTypeName="executor://mstestadapter/v2" className="VideoOS.Recorder.UnitTests.WebServer.SOAPCommandRequestHandlerTests" name="SOAPCommandRequestHandler_ExecuteFunction_HandleMulticastStart_User_Doesnt_Have_Permission" />
    </UnitTest>
    <UnitTest name="GetRecorderTasks_InternalStateStartedOneTasks_ReturnsArrayWithOneElement" storage="d:\actions-runner\_work\xpco\xpco\corporate\recordingserver\recorderservice\tst\videoos.recorder.unittests\bin\x64\debug\net472\videoos.recorder.unittests.dll" id="23023931-38f4-b11a-6912-c7fb16e03400">
      <Execution id="a2b82308-10a1-4705-819b-f9c68be6a6be" />
      <TestMethod codeBase="D:\actions-runner\_work\XPCO\XPCO\Corporate\RecordingServer\RecorderService\tst\VideoOS.Recorder.UnitTests\bin\x64\Debug\net472\VideoOS.Recorder.UnitTests.dll" adapterTypeName="executor://mstestadapter/v2" className="VideoOS.Recorder.UnitTests.CommManagerWebApiTests" name="GetRecorderTasks_InternalStateStartedOneTasks_ReturnsArrayWithOneElement" />
    </UnitTest>
    <UnitTest name="RemoveStatus_SendsOriginalStatus_OnAddedStatus" storage="d:\actions-runner\_work\xpco\xpco\corporate\recordingserver\recorderservice\tst\videoos.recorder.unittests\bin\x64\debug\net472\videoos.recorder.unittests.dll" id="74a7161d-5c30-962d-e325-efebe9b72001">
      <TestCategory>
        <TestCategoryItem TestCategory="RecorderStatus" />
      </TestCategory>
      <Execution id="c3a3d9dd-365c-4ad1-9faa-550b8ebd37d5" />
      <TestMethod codeBase="D:\actions-runner\_work\XPCO\XPCO\Corporate\RecordingServer\RecorderService\tst\VideoOS.Recorder.UnitTests\bin\x64\Debug\net472\VideoOS.Recorder.UnitTests.dll" adapterTypeName="executor://mstestadapter/v2" className="VideoOS.Recorder.UnitTests.RecorderStatusTests" name="RemoveStatus_SendsOriginalStatus_OnAddedStatus" />
    </UnitTest>
    <UnitTest name="SetConfiguration_Null_Throws_ArgumentNullException" storage="d:\actions-runner\_work\xpco\xpco\corporate\recordingserver\recorderservice\tst\videoos.recorder.unittests\bin\x64\debug\net472\videoos.recorder.unittests.dll" id="42f98bb0-87b1-6dda-dbd7-4e2183c6e1fc">
      <Execution id="a7c02d5b-9945-4b2e-9b92-e755490f05f2" />
      <TestMethod codeBase="D:\actions-runner\_work\XPCO\XPCO\Corporate\RecordingServer\RecorderService\tst\VideoOS.Recorder.UnitTests\bin\x64\Debug\net472\VideoOS.Recorder.UnitTests.dll" adapterTypeName="executor://mstestadapter/v2" className="VideoOS.Recorder.UnitTests.Multicast.LiveMulticastProcessorUnitTests" name="SetConfiguration_Null_Throws_ArgumentNullException" />
    </UnitTest>
    <UnitTest name="GetDatabaseInfo_ArchiveStorageNotFound_ArchiveHintFalse" storage="d:\actions-runner\_work\xpco\xpco\corporate\recordingserver\recorderservice\tst\videoos.recorder.unittests\bin\x64\debug\net472\videoos.recorder.unittests.dll" id="2bcd7df0-1c87-38fa-55ef-8d863dabdad3">
      <Execution id="e1a2f1c2-6dbe-45de-b05d-8ff1ad424f35" />
      <TestMethod codeBase="D:\actions-runner\_work\XPCO\XPCO\Corporate\RecordingServer\RecorderService\tst\VideoOS.Recorder.UnitTests\bin\x64\Debug\net472\VideoOS.Recorder.UnitTests.dll" adapterTypeName="executor://mstestadapter/v2" className="VideoOS.Recorder.UnitTests.MediaDbEventProcessorTests" name="GetDatabaseInfo_ArchiveStorageNotFound_ArchiveHintFalse" />
    </UnitTest>
    <UnitTest name="SOAPCommandRequestHandler_ExecuteFunction_HandlePTZMoveStart_Success" storage="d:\actions-runner\_work\xpco\xpco\corporate\recordingserver\recorderservice\tst\videoos.recorder.unittests\bin\x64\debug\net472\videoos.recorder.unittests.dll" id="5d79b4e4-9737-73a4-0296-d3511031e487">
      <Execution id="5324b714-e4c8-476c-8668-eba635ede1c5" />
      <TestMethod codeBase="D:\actions-runner\_work\XPCO\XPCO\Corporate\RecordingServer\RecorderService\tst\VideoOS.Recorder.UnitTests\bin\x64\Debug\net472\VideoOS.Recorder.UnitTests.dll" adapterTypeName="executor://mstestadapter/v2" className="VideoOS.Recorder.UnitTests.WebServer.SOAPCommandRequestHandlerTests" name="SOAPCommandRequestHandler_ExecuteFunction_HandlePTZMoveStart_Success" />
    </UnitTest>
    <UnitTest name="PtzManager_ForceReleasePtzSession_Controller_Not_Found" storage="d:\actions-runner\_work\xpco\xpco\corporate\recordingserver\recorderservice\tst\videoos.recorder.unittests\bin\x64\debug\net472\videoos.recorder.unittests.dll" id="5c5159dd-578e-af78-a5f6-84a63999832d">
      <Execution id="a2b9bd5e-f22b-49be-a5d5-bf535c426981" />
      <TestMethod codeBase="D:\actions-runner\_work\XPCO\XPCO\Corporate\RecordingServer\RecorderService\tst\VideoOS.Recorder.UnitTests\bin\x64\Debug\net472\VideoOS.Recorder.UnitTests.dll" adapterTypeName="executor://mstestadapter/v2" className="VideoOS.Recorder.UnitTests.Command.PtzManagerTests" name="PtzManager_ForceReleasePtzSession_Controller_Not_Found" />
    </UnitTest>
    <UnitTest name="SOAPCommandRequestHandler_ExecuteFunction_HandleStartManualRecording_NoDeviceIds" storage="d:\actions-runner\_work\xpco\xpco\corporate\recordingserver\recorderservice\tst\videoos.recorder.unittests\bin\x64\debug\net472\videoos.recorder.unittests.dll" id="3ebdfff6-57b7-959a-951a-ffe007e8e4ae">
      <Execution id="890bcda5-fcc8-41f5-acff-d9a22c2fc191" />
      <TestMethod codeBase="D:\actions-runner\_work\XPCO\XPCO\Corporate\RecordingServer\RecorderService\tst\VideoOS.Recorder.UnitTests\bin\x64\Debug\net472\VideoOS.Recorder.UnitTests.dll" adapterTypeName="executor://mstestadapter/v2" className="VideoOS.Recorder.UnitTests.WebServer.SOAPCommandRequestHandlerTests" name="SOAPCommandRequestHandler_ExecuteFunction_HandleStartManualRecording_NoDeviceIds" />
    </UnitTest>
    <UnitTest name="CheckDeleteDeviceMediaCommandHandler_ConstructAndClone" storage="d:\actions-runner\_work\xpco\xpco\corporate\recordingserver\recorderservice\tst\videoos.recorder.unittests\bin\x64\debug\net472\videoos.recorder.unittests.dll" id="699aa23a-a690-202e-34c8-678043f318df">
      <Execution id="554dc3d9-5154-449e-b7da-718672265393" />
      <TestMethod codeBase="D:\actions-runner\_work\XPCO\XPCO\Corporate\RecordingServer\RecorderService\tst\VideoOS.Recorder.UnitTests\bin\x64\Debug\net472\VideoOS.Recorder.UnitTests.dll" adapterTypeName="executor://mstestadapter/v2" className="VideoOS.Recorder.UnitTests.Command.CheckDeleteDeviceMediaCommandHandlerTests" name="CheckDeleteDeviceMediaCommandHandler_ConstructAndClone" />
    </UnitTest>
    <UnitTest name="SOAPCommandRequestHandler_ExecuteFunction_HandleTimeLineInformationGet_No_Camera_Security" storage="d:\actions-runner\_work\xpco\xpco\corporate\recordingserver\recorderservice\tst\videoos.recorder.unittests\bin\x64\debug\net472\videoos.recorder.unittests.dll" id="d912c71e-c0da-011d-4acc-894e7ac626a1">
      <Execution id="fd18e23f-8fd0-49db-bf30-b02c3931c753" />
      <TestMethod codeBase="D:\actions-runner\_work\XPCO\XPCO\Corporate\RecordingServer\RecorderService\tst\VideoOS.Recorder.UnitTests\bin\x64\Debug\net472\VideoOS.Recorder.UnitTests.dll" adapterTypeName="executor://mstestadapter/v2" className="VideoOS.Recorder.UnitTests.WebServer.SOAPCommandRequestHandlerTests" name="SOAPCommandRequestHandler_ExecuteFunction_HandleTimeLineInformationGet_No_Camera_Security" />
    </UnitTest>
    <UnitTest name="RequestArchiveInformation_StorageIDMapping_NotGUIDS" storage="d:\actions-runner\_work\xpco\xpco\corporate\recordingserver\recorderservice\tst\videoos.recorder.unittests\bin\x64\debug\net472\videoos.recorder.unittests.dll" id="d84aa1df-acf6-f179-addd-385a8ef854fb">
      <Execution id="fe6c846b-fc43-49da-b965-0027b47eff61" />
      <TestMethod codeBase="D:\actions-runner\_work\XPCO\XPCO\Corporate\RecordingServer\RecorderService\tst\VideoOS.Recorder.UnitTests\bin\x64\Debug\net472\VideoOS.Recorder.UnitTests.dll" adapterTypeName="executor://mstestadapter/v2" className="VideoOS.Recorder.UnitTests.ObjectModel.MediaDbManagerUnitTests" name="RequestArchiveInformation_StorageIDMapping_NotGUIDS" />
    </UnitTest>
    <UnitTest name="PtzReleaseSessionCommandHandler_Execute_PtzException_PatrollingSessionAttemptedReleased" storage="d:\actions-runner\_work\xpco\xpco\corporate\recordingserver\recorderservice\tst\videoos.recorder.unittests\bin\x64\debug\net472\videoos.recorder.unittests.dll" id="c57a4b4d-48de-d9b0-c7ad-7ee9d6182b38">
      <Execution id="f9f7a8df-6ded-4359-b205-03114213819a" />
      <TestMethod codeBase="D:\actions-runner\_work\XPCO\XPCO\Corporate\RecordingServer\RecorderService\tst\VideoOS.Recorder.UnitTests\bin\x64\Debug\net472\VideoOS.Recorder.UnitTests.dll" adapterTypeName="executor://mstestadapter/v2" className="VideoOS.Recorder.UnitTests.Command.PtzReleaseSessionCommandHandlerTest" name="PtzReleaseSessionCommandHandler_Execute_PtzException_PatrollingSessionAttemptedReleased" />
    </UnitTest>
    <UnitTest name="SmartSearchHandlerBackwardTestDataWithMotionRecordingSequenceChanging" storage="d:\actions-runner\_work\xpco\xpco\corporate\recordingserver\recorderservice\tst\videoos.recorder.unittests\bin\x64\debug\net472\videoos.recorder.unittests.dll" id="19142c5a-2ebe-abda-bc7d-b185f6756200">
      <TestCategory>
        <TestCategoryItem TestCategory="SmartSearch" />
      </TestCategory>
      <Execution id="a6fccbbf-e7ec-456f-8a0f-129b967268db" />
      <TestMethod codeBase="D:\actions-runner\_work\XPCO\XPCO\Corporate\RecordingServer\RecorderService\tst\VideoOS.Recorder.UnitTests\bin\x64\Debug\net472\VideoOS.Recorder.UnitTests.dll" adapterTypeName="executor://mstestadapter/v2" className="VideoOS.Recorder.UnitTests.SmartSearch.SmartSearchHandlerTest" name="SmartSearchHandlerBackwardTestDataWithMotionRecordingSequenceChanging" />
    </UnitTest>
    <UnitTest name="EdgeStorageLimitsTimeLimitOkLowerBoundry" storage="d:\actions-runner\_work\xpco\xpco\corporate\recordingserver\recorderservice\tst\videoos.recorder.unittests\bin\x64\debug\net472\videoos.recorder.unittests.dll" id="778e7623-3faa-ca5e-3032-a05bd9ea4334">
      <TestCategory>
        <TestCategoryItem TestCategory="EdgeStorageLimits" />
      </TestCategory>
      <Execution id="253d02c2-2b48-4a0e-96cc-f25231cde006" />
      <TestMethod codeBase="D:\actions-runner\_work\XPCO\XPCO\Corporate\RecordingServer\RecorderService\tst\VideoOS.Recorder.UnitTests\bin\x64\Debug\net472\VideoOS.Recorder.UnitTests.dll" adapterTypeName="executor://mstestadapter/v2" className="VideoOS.Recorder.UnitTests.EdgeStorage.EdgeStorageLimitTests" name="EdgeStorageLimitsTimeLimitOkLowerBoundry" />
    </UnitTest>
    <UnitTest name="FirmwareUpgradeCommandHandler_Execute_FirmwareUpgradeStatus_ThrowsNetworkException_Errors" storage="d:\actions-runner\_work\xpco\xpco\corporate\recordingserver\recorderservice\tst\videoos.recorder.unittests\bin\x64\debug\net472\videoos.recorder.unittests.dll" id="f1d46e24-e6d0-3755-9b56-ec6d1cabd787">
      <Execution id="94fc6a9f-9348-46d5-b476-a40c705f8cb0" />
      <TestMethod codeBase="D:\actions-runner\_work\XPCO\XPCO\Corporate\RecordingServer\RecorderService\tst\VideoOS.Recorder.UnitTests\bin\x64\Debug\net472\VideoOS.Recorder.UnitTests.dll" adapterTypeName="executor://mstestadapter/v2" className="VideoOS.Recorder.UnitTests.Command.FirmwareUpgradeCommandHandlerUnitTests" name="FirmwareUpgradeCommandHandler_Execute_FirmwareUpgradeStatus_ThrowsNetworkException_Errors" />
    </UnitTest>
    <UnitTest name="SOAPCommandRequestHandler_ExecuteFunction_HandlePTZActivatePatrollingSchema_No_Priority" storage="d:\actions-runner\_work\xpco\xpco\corporate\recordingserver\recorderservice\tst\videoos.recorder.unittests\bin\x64\debug\net472\videoos.recorder.unittests.dll" id="ed284060-a35c-6f19-4262-5d0872a2c20a">
      <Execution id="52d0277a-4cd8-4408-a20a-6df6a3078355" />
      <TestMethod codeBase="D:\actions-runner\_work\XPCO\XPCO\Corporate\RecordingServer\RecorderService\tst\VideoOS.Recorder.UnitTests\bin\x64\Debug\net472\VideoOS.Recorder.UnitTests.dll" adapterTypeName="executor://mstestadapter/v2" className="VideoOS.Recorder.UnitTests.WebServer.SOAPCommandRequestHandlerTests" name="SOAPCommandRequestHandler_ExecuteFunction_HandlePTZActivatePatrollingSchema_No_Priority" />
    </UnitTest>
    <UnitTest name="ConfigurationDatasetHolder_ApplyTableDistribution_NoDistributions_NoLiveTables_Failover_Success" storage="d:\actions-runner\_work\xpco\xpco\corporate\recordingserver\recorderservice\tst\videoos.recorder.unittests\bin\x64\debug\net472\videoos.recorder.unittests.dll" id="74b8f0dd-7923-258a-ffad-061810c2392a">
      <Execution id="9cd0258e-f314-4df7-9e6f-4628afffef90" />
      <TestMethod codeBase="D:\actions-runner\_work\XPCO\XPCO\Corporate\RecordingServer\RecorderService\tst\VideoOS.Recorder.UnitTests\bin\x64\Debug\net472\VideoOS.Recorder.UnitTests.dll" adapterTypeName="executor://mstestadapter/v2" className="VideoOS.Recorder.UnitTests.ConfigurationDatasetHolderUnitTests" name="ConfigurationDatasetHolder_ApplyTableDistribution_NoDistributions_NoLiveTables_Failover_Success" />
    </UnitTest>
    <UnitTest name="QueryDeviceEvidenceLockSizesCommandHandler_QueryDeviceEvidenceLockSizesResponse_NotZeroAndPositiveSize" storage="d:\actions-runner\_work\xpco\xpco\corporate\recordingserver\recorderservice\tst\videoos.recorder.unittests\bin\x64\debug\net472\videoos.recorder.unittests.dll" id="bf461841-b8d6-9762-b8da-19f13168312f">
      <Execution id="a878efee-47c1-4666-8718-0814eebeb3ec" />
      <TestMethod codeBase="D:\actions-runner\_work\XPCO\XPCO\Corporate\RecordingServer\RecorderService\tst\VideoOS.Recorder.UnitTests\bin\x64\Debug\net472\VideoOS.Recorder.UnitTests.dll" adapterTypeName="executor://mstestadapter/v2" className="VideoOS.Recorder.UnitTests.Command.QueryDeviceEvidenceLockSizesCommandHandlerTests" name="QueryDeviceEvidenceLockSizesCommandHandler_QueryDeviceEvidenceLockSizesResponse_NotZeroAndPositiveSize" />
    </UnitTest>
    <UnitTest name="MediaDbCache_Dispose_Success" storage="d:\actions-runner\_work\xpco\xpco\corporate\recordingserver\recorderservice\tst\videoos.recorder.unittests\bin\x64\debug\net472\videoos.recorder.unittests.dll" id="cd24bc8c-7af7-4156-ccfb-d0768a96a6e9">
      <Execution id="4a099dfc-3de5-4db2-895d-70a0e272fc30" />
      <TestMethod codeBase="D:\actions-runner\_work\XPCO\XPCO\Corporate\RecordingServer\RecorderService\tst\VideoOS.Recorder.UnitTests\bin\x64\Debug\net472\VideoOS.Recorder.UnitTests.dll" adapterTypeName="executor://mstestadapter/v2" className="VideoOS.Recorder.UnitTests.Database.MediaDbCacheUnitTests" name="MediaDbCache_Dispose_Success" />
    </UnitTest>
    <UnitTest name="SmartSearchHandlerSimpleBackwardTestAllHits" storage="d:\actions-runner\_work\xpco\xpco\corporate\recordingserver\recorderservice\tst\videoos.recorder.unittests\bin\x64\debug\net472\videoos.recorder.unittests.dll" id="7bdeb1e0-7261-55ac-818f-aa363b294229">
      <TestCategory>
        <TestCategoryItem TestCategory="SmartSearch" />
      </TestCategory>
      <Execution id="8ff8df10-0426-4e12-9c02-8e8ffe0bfa9d" />
      <TestMethod codeBase="D:\actions-runner\_work\XPCO\XPCO\Corporate\RecordingServer\RecorderService\tst\VideoOS.Recorder.UnitTests\bin\x64\Debug\net472\VideoOS.Recorder.UnitTests.dll" adapterTypeName="executor://mstestadapter/v2" className="VideoOS.Recorder.UnitTests.SmartSearch.SmartSearchHandlerTest" name="SmartSearchHandlerSimpleBackwardTestAllHits" />
    </UnitTest>
    <UnitTest name="AddStatus_SendsCombinedStatus_OnMultipleStatusCallsBeforeRecorderConnected" storage="d:\actions-runner\_work\xpco\xpco\corporate\recordingserver\recorderservice\tst\videoos.recorder.unittests\bin\x64\debug\net472\videoos.recorder.unittests.dll" id="54f0df91-4845-dc31-dc51-d2598c0a4e4a">
      <TestCategory>
        <TestCategoryItem TestCategory="RecorderStatus" />
      </TestCategory>
      <Execution id="8f618781-1bda-4853-8757-f7cbb4c5ca43" />
      <TestMethod codeBase="D:\actions-runner\_work\XPCO\XPCO\Corporate\RecordingServer\RecorderService\tst\VideoOS.Recorder.UnitTests\bin\x64\Debug\net472\VideoOS.Recorder.UnitTests.dll" adapterTypeName="executor://mstestadapter/v2" className="VideoOS.Recorder.UnitTests.RecorderStatusTests" name="AddStatus_SendsCombinedStatus_OnMultipleStatusCallsBeforeRecorderConnected" />
    </UnitTest>
    <UnitTest name="RegisterLiveTableExistsThenRemove" storage="d:\actions-runner\_work\xpco\xpco\corporate\recordingserver\recorderservice\tst\videoos.recorder.unittests\bin\x64\debug\net472\videoos.recorder.unittests.dll" id="777af48f-4e34-2080-7086-ee2ddd3d27b9">
      <Execution id="d49be146-4b6d-4628-b4f4-8539212f3881" />
      <TestMethod codeBase="D:\actions-runner\_work\XPCO\XPCO\Corporate\RecordingServer\RecorderService\tst\VideoOS.Recorder.UnitTests\bin\x64\Debug\net472\VideoOS.Recorder.UnitTests.dll" adapterTypeName="executor://mstestadapter/v2" className="VideoOS.Recorder.UnitTests.Database.MediaDbLiveTableRegistrationTests" name="RegisterLiveTableExistsThenRemove" />
    </UnitTest>
    <UnitTest name="PtzManualSession_OnBeforeExecuteRequest_Success" storage="d:\actions-runner\_work\xpco\xpco\corporate\recordingserver\recorderservice\tst\videoos.recorder.unittests\bin\x64\debug\net472\videoos.recorder.unittests.dll" id="d15edaa2-5758-09ec-fa2b-300c5af8928b">
      <Execution id="9b2679e8-31fc-4a5d-825f-01f4341cbd02" />
      <TestMethod codeBase="D:\actions-runner\_work\XPCO\XPCO\Corporate\RecordingServer\RecorderService\tst\VideoOS.Recorder.UnitTests\bin\x64\Debug\net472\VideoOS.Recorder.UnitTests.dll" adapterTypeName="executor://mstestadapter/v2" className="VideoOS.Recorder.UnitTests.Command.PtzSessionsTests" name="PtzManualSession_OnBeforeExecuteRequest_Success" />
    </UnitTest>
    <UnitTest name="SetNetworkConfigurationCommandHandler_Execute_SunnyDay_IPv4" storage="d:\actions-runner\_work\xpco\xpco\corporate\recordingserver\recorderservice\tst\videoos.recorder.unittests\bin\x64\debug\net472\videoos.recorder.unittests.dll" id="b9ee8f06-b1e0-e65c-8d48-797b8570245b">
      <Execution id="6972c0d9-070c-43ef-9b79-b0e43a0bb748" />
      <TestMethod codeBase="D:\actions-runner\_work\XPCO\XPCO\Corporate\RecordingServer\RecorderService\tst\VideoOS.Recorder.UnitTests\bin\x64\Debug\net472\VideoOS.Recorder.UnitTests.dll" adapterTypeName="executor://mstestadapter/v2" className="VideoOS.Recorder.UnitTests.Command.SetNetworkConfigurationCommandHandlerUnitTests" name="SetNetworkConfigurationCommandHandler_Execute_SunnyDay_IPv4" />
    </UnitTest>
    <UnitTest name="CheckHardwareDefinitionCommandHandler_Execute_AddressChanged_Success" storage="d:\actions-runner\_work\xpco\xpco\corporate\recordingserver\recorderservice\tst\videoos.recorder.unittests\bin\x64\debug\net472\videoos.recorder.unittests.dll" id="b6a46206-9dfb-de2e-5f29-2a48a9163927">
      <Execution id="044d2d81-a05a-4332-807f-fd2de0032d50" />
      <TestMethod codeBase="D:\actions-runner\_work\XPCO\XPCO\Corporate\RecordingServer\RecorderService\tst\VideoOS.Recorder.UnitTests\bin\x64\Debug\net472\VideoOS.Recorder.UnitTests.dll" adapterTypeName="executor://mstestadapter/v2" className="VideoOS.Recorder.UnitTests.Command.CheckHardwareDefinitionCommandHandlerTests" name="CheckHardwareDefinitionCommandHandler_Execute_AddressChanged_Success" />
    </UnitTest>
    <UnitTest name="PrepareMoveHardwareCommand_IsNull_BadRequestResult" storage="d:\actions-runner\_work\xpco\xpco\corporate\recordingserver\recorderservice\tst\videoos.recorder.unittests\bin\x64\debug\net472\videoos.recorder.unittests.dll" id="bae4bf30-d54e-365b-115e-dae023a4a64c">
      <Execution id="c4c24732-42f9-4d17-a2e7-8542a4fce132" />
      <TestMethod codeBase="D:\actions-runner\_work\XPCO\XPCO\Corporate\RecordingServer\RecorderService\tst\VideoOS.Recorder.UnitTests\bin\x64\Debug\net472\VideoOS.Recorder.UnitTests.dll" adapterTypeName="executor://mstestadapter/v2" className="VideoOS.Recorder.UnitTests.HardwareControllerTests" name="PrepareMoveHardwareCommand_IsNull_BadRequestResult" />
    </UnitTest>
    <UnitTest name="SOAPCommandRequestHandler_ExecuteFunction_HandlePTZMoveStop_No_Security" storage="d:\actions-runner\_work\xpco\xpco\corporate\recordingserver\recorderservice\tst\videoos.recorder.unittests\bin\x64\debug\net472\videoos.recorder.unittests.dll" id="04960c62-f4db-d957-09de-6bdc827777ef">
      <Execution id="79388d7a-9231-4b17-bf7c-56aa528cadf4" />
      <TestMethod codeBase="D:\actions-runner\_work\XPCO\XPCO\Corporate\RecordingServer\RecorderService\tst\VideoOS.Recorder.UnitTests\bin\x64\Debug\net472\VideoOS.Recorder.UnitTests.dll" adapterTypeName="executor://mstestadapter/v2" className="VideoOS.Recorder.UnitTests.WebServer.SOAPCommandRequestHandlerTests" name="SOAPCommandRequestHandler_ExecuteFunction_HandlePTZMoveStop_No_Security" />
    </UnitTest>
    <UnitTest name="PtzReserveSessionCommandHandler_No_SecurityToken" storage="d:\actions-runner\_work\xpco\xpco\corporate\recordingserver\recorderservice\tst\videoos.recorder.unittests\bin\x64\debug\net472\videoos.recorder.unittests.dll" id="9f055cc4-e575-fd12-de79-f6a729207849">
      <Execution id="afd3c84a-0c7a-473f-8cd9-4a02f5c51b49" />
      <TestMethod codeBase="D:\actions-runner\_work\XPCO\XPCO\Corporate\RecordingServer\RecorderService\tst\VideoOS.Recorder.UnitTests\bin\x64\Debug\net472\VideoOS.Recorder.UnitTests.dll" adapterTypeName="executor://mstestadapter/v2" className="VideoOS.Recorder.UnitTests.Command.PtzReserveSessionCommandHandlerTest" name="PtzReserveSessionCommandHandler_No_SecurityToken" />
    </UnitTest>
    <UnitTest name="ResponseController_ValidErrorResponse_ValidErrorResponseCalledOnCommManager" storage="d:\actions-runner\_work\xpco\xpco\corporate\recordingserver\recorderservice\tst\videoos.recorder.unittests\bin\x64\debug\net472\videoos.recorder.unittests.dll" id="87c335b7-4df9-087f-f6af-fdf355539dd5">
      <Execution id="ba13974c-9a89-4aab-ba8b-1a6d504f27ff" />
      <TestMethod codeBase="D:\actions-runner\_work\XPCO\XPCO\Corporate\RecordingServer\RecorderService\tst\VideoOS.Recorder.UnitTests\bin\x64\Debug\net472\VideoOS.Recorder.UnitTests.dll" adapterTypeName="executor://mstestadapter/v2" className="VideoOS.Recorder.UnitTests.ResponseControllerTests" name="ResponseController_ValidErrorResponse_ValidErrorResponseCalledOnCommManager" />
    </UnitTest>
    <UnitTest name="AddHardwareUserCommandHandler_Execute_AddUser_ThrowsUserHandlingUnknownResult_Errors" storage="d:\actions-runner\_work\xpco\xpco\corporate\recordingserver\recorderservice\tst\videoos.recorder.unittests\bin\x64\debug\net472\videoos.recorder.unittests.dll" id="9804864c-2133-6799-bf78-c69624b33171">
      <Execution id="a01347bc-4d52-4695-b704-e9036a5adc31" />
      <TestMethod codeBase="D:\actions-runner\_work\XPCO\XPCO\Corporate\RecordingServer\RecorderService\tst\VideoOS.Recorder.UnitTests\bin\x64\Debug\net472\VideoOS.Recorder.UnitTests.dll" adapterTypeName="executor://mstestadapter/v2" className="VideoOS.Recorder.UnitTests.Command.AddHardwareUserCommandHandlerRecorderUnitTests" name="AddHardwareUserCommandHandler_Execute_AddUser_ThrowsUserHandlingUnknownResult_Errors" />
    </UnitTest>
    <UnitTest name="ChangeHardwarePasswordCommandHandler_Execute_ChangePassword_ThrowsPasswordTooShort_Errors" storage="d:\actions-runner\_work\xpco\xpco\corporate\recordingserver\recorderservice\tst\videoos.recorder.unittests\bin\x64\debug\net472\videoos.recorder.unittests.dll" id="0c1131d6-ea34-9cb2-b6c6-1fc76226faa0">
      <Execution id="1ea674b8-56da-49fa-937d-0ced3eca86f5" />
      <TestMethod codeBase="D:\actions-runner\_work\XPCO\XPCO\Corporate\RecordingServer\RecorderService\tst\VideoOS.Recorder.UnitTests\bin\x64\Debug\net472\VideoOS.Recorder.UnitTests.dll" adapterTypeName="executor://mstestadapter/v2" className="VideoOS.Recorder.UnitTests.Command.ChangeHardwarePasswordCommandHandlerUnitTests" name="ChangeHardwarePasswordCommandHandler_Execute_ChangePassword_ThrowsPasswordTooShort_Errors" />
    </UnitTest>
    <UnitTest name="SOAPCommandRequestHandler_ExecuteFunction_HandleSmartSearchStart_NoResultMotionMaskSizeWidth" storage="d:\actions-runner\_work\xpco\xpco\corporate\recordingserver\recorderservice\tst\videoos.recorder.unittests\bin\x64\debug\net472\videoos.recorder.unittests.dll" id="202800c0-a2a0-3d8f-dbc4-2ccb0ac1db31">
      <Execution id="ba4c7ace-e6bb-43ae-aa58-fecbf0e92445" />
      <TestMethod codeBase="D:\actions-runner\_work\XPCO\XPCO\Corporate\RecordingServer\RecorderService\tst\VideoOS.Recorder.UnitTests\bin\x64\Debug\net472\VideoOS.Recorder.UnitTests.dll" adapterTypeName="executor://mstestadapter/v2" className="VideoOS.Recorder.UnitTests.WebServer.SOAPCommandRequestHandlerTests" name="SOAPCommandRequestHandler_ExecuteFunction_HandleSmartSearchStart_NoResultMotionMaskSizeWidth" />
    </UnitTest>
    <UnitTest name="IsInRange_ShouldReturnFalse_WhenAddressBiggerThanEnd" storage="d:\actions-runner\_work\xpco\xpco\corporate\recordingserver\recorderservice\tst\videoos.recorder.unittests\bin\x64\debug\net472\videoos.recorder.unittests.dll" id="aedfea85-8ba6-03d1-82b1-2f7825267932">
      <Execution id="42b2f105-8474-460d-a2cc-08dc77c7d40f" />
      <TestMethod codeBase="D:\actions-runner\_work\XPCO\XPCO\Corporate\RecordingServer\RecorderService\tst\VideoOS.Recorder.UnitTests\bin\x64\Debug\net472\VideoOS.Recorder.UnitTests.dll" adapterTypeName="executor://mstestadapter/v2" className="VideoOS.Recorder.UnitTests.DeviceDiscovery.MipDriversDiscoveryTaskTests" name="IsInRange_ShouldReturnFalse_WhenAddressBiggerThanEnd" />
    </UnitTest>
    <UnitTest name="GetRecorderTasks_InternalStateStopped_ReturnsNull" storage="d:\actions-runner\_work\xpco\xpco\corporate\recordingserver\recorderservice\tst\videoos.recorder.unittests\bin\x64\debug\net472\videoos.recorder.unittests.dll" id="c0fd9609-2aff-305c-143c-f0e4c7c329ee">
      <Execution id="c008e936-0493-4c70-b264-243788fc4174" />
      <TestMethod codeBase="D:\actions-runner\_work\XPCO\XPCO\Corporate\RecordingServer\RecorderService\tst\VideoOS.Recorder.UnitTests\bin\x64\Debug\net472\VideoOS.Recorder.UnitTests.dll" adapterTypeName="executor://mstestadapter/v2" className="VideoOS.Recorder.UnitTests.CommManagerWebApiTests" name="GetRecorderTasks_InternalStateStopped_ReturnsNull" />
    </UnitTest>
    <UnitTest name="TimeRangeConversionOneRangeInsideStartAndEndTime" storage="d:\actions-runner\_work\xpco\xpco\corporate\recordingserver\recorderservice\tst\videoos.recorder.unittests\bin\x64\debug\net472\videoos.recorder.unittests.dll" id="def81f4b-a2c5-2562-14db-1ed0468c4fe5">
      <TestCategory>
        <TestCategoryItem TestCategory="TimeRangeConversion" />
      </TestCategory>
      <Execution id="27f43861-2e38-432e-ad5c-771b1f31fc1f" />
      <TestMethod codeBase="D:\actions-runner\_work\XPCO\XPCO\Corporate\RecordingServer\RecorderService\tst\VideoOS.Recorder.UnitTests\bin\x64\Debug\net472\VideoOS.Recorder.UnitTests.dll" adapterTypeName="executor://mstestadapter/v2" className="VideoOS.Recorder.UnitTests.TimeRangeConversionTests.TimeRangeConversionTests" name="TimeRangeConversionOneRangeInsideStartAndEndTime" />
    </UnitTest>
    <UnitTest name="PtzManualSession_Stop_Success" storage="d:\actions-runner\_work\xpco\xpco\corporate\recordingserver\recorderservice\tst\videoos.recorder.unittests\bin\x64\debug\net472\videoos.recorder.unittests.dll" id="ffd636a6-1e4e-93bc-caff-d1d1bbf30378">
      <Execution id="86e6255a-a126-4691-b656-66c67004f54e" />
      <TestMethod codeBase="D:\actions-runner\_work\XPCO\XPCO\Corporate\RecordingServer\RecorderService\tst\VideoOS.Recorder.UnitTests\bin\x64\Debug\net472\VideoOS.Recorder.UnitTests.dll" adapterTypeName="executor://mstestadapter/v2" className="VideoOS.Recorder.UnitTests.Command.PtzSessionsTests" name="PtzManualSession_Stop_Success" />
    </UnitTest>
    <UnitTest name="CheckDeleteDeviceMediaCommandHandler_AlreadyRunningNoActionRunRequestsIncremented" storage="d:\actions-runner\_work\xpco\xpco\corporate\recordingserver\recorderservice\tst\videoos.recorder.unittests\bin\x64\debug\net472\videoos.recorder.unittests.dll" id="ee4cd58e-8c19-0252-2f35-6808dd995c79">
      <Execution id="30452cfc-3342-454c-a3ec-8255f7cc72b9" />
      <TestMethod codeBase="D:\actions-runner\_work\XPCO\XPCO\Corporate\RecordingServer\RecorderService\tst\VideoOS.Recorder.UnitTests\bin\x64\Debug\net472\VideoOS.Recorder.UnitTests.dll" adapterTypeName="executor://mstestadapter/v2" className="VideoOS.Recorder.UnitTests.Command.CheckDeleteDeviceMediaCommandHandlerTests" name="CheckDeleteDeviceMediaCommandHandler_AlreadyRunningNoActionRunRequestsIncremented" />
    </UnitTest>
    <UnitTest name="ChangeHardwarePasswordCommandHandler_Execute_ChangePassword_ThrowsPasswordOrUserLevelMayNotBeChanged_Errors" storage="d:\actions-runner\_work\xpco\xpco\corporate\recordingserver\recorderservice\tst\videoos.recorder.unittests\bin\x64\debug\net472\videoos.recorder.unittests.dll" id="07da3716-addc-8859-8463-643cff34c532">
      <Execution id="7533e6e1-4517-47db-bad6-cc513a695205" />
      <TestMethod codeBase="D:\actions-runner\_work\XPCO\XPCO\Corporate\RecordingServer\RecorderService\tst\VideoOS.Recorder.UnitTests\bin\x64\Debug\net472\VideoOS.Recorder.UnitTests.dll" adapterTypeName="executor://mstestadapter/v2" className="VideoOS.Recorder.UnitTests.Command.ChangeHardwarePasswordCommandHandlerUnitTests" name="ChangeHardwarePasswordCommandHandler_Execute_ChangePassword_ThrowsPasswordOrUserLevelMayNotBeChanged_Errors" />
    </UnitTest>
    <UnitTest name="SendUpdateHardwareDriverCommandAsync_ConnectedAndCompatible_ShouldNotThrowAnException" storage="d:\actions-runner\_work\xpco\xpco\corporate\recordingserver\recorderservice\tst\videoos.recorder.unittests\bin\x64\debug\net472\videoos.recorder.unittests.dll" id="36219f46-19c5-2d92-654e-c7df2649854b">
      <Execution id="f5bf806d-8032-4dae-a6e1-ae383b3fcbd9" />
      <TestMethod codeBase="D:\actions-runner\_work\XPCO\XPCO\Corporate\RecordingServer\RecorderService\tst\VideoOS.Recorder.UnitTests\bin\x64\Debug\net472\VideoOS.Recorder.UnitTests.dll" adapterTypeName="executor://mstestadapter/v2" className="VideoOS.Recorder.UnitTests.CommManagerWebApiTests" name="SendUpdateHardwareDriverCommandAsync_ConnectedAndCompatible_ShouldNotThrowAnException" />
    </UnitTest>
    <UnitTest name="DatabaseoperationCommandhandler_FilterTrackIdsToThoseWithoutMediaOnRecorder_AreAllBanksOnline_Second_time_throws_Exception_Causes_DataExists" storage="d:\actions-runner\_work\xpco\xpco\corporate\recordingserver\recorderservice\tst\videoos.recorder.unittests\bin\x64\debug\net472\videoos.recorder.unittests.dll" id="9f12dcf4-c1e9-36ea-2ed3-335e9dc2808c">
      <Execution id="3a5dff2e-eed3-4a52-a1f3-f231cd24ab95" />
      <TestMethod codeBase="D:\actions-runner\_work\XPCO\XPCO\Corporate\RecordingServer\RecorderService\tst\VideoOS.Recorder.UnitTests\bin\x64\Debug\net472\VideoOS.Recorder.UnitTests.dll" adapterTypeName="executor://mstestadapter/v2" className="VideoOS.Recorder.UnitTests.Command.DatabaseOperationCommandHandlerUnitTests" name="DatabaseoperationCommandhandler_FilterTrackIdsToThoseWithoutMediaOnRecorder_AreAllBanksOnline_Second_time_throws_Exception_Causes_DataExists" />
    </UnitTest>
    <UnitTest name="PtzPatrollingSessionBase_OnEndPositionReached_Success" storage="d:\actions-runner\_work\xpco\xpco\corporate\recordingserver\recorderservice\tst\videoos.recorder.unittests\bin\x64\debug\net472\videoos.recorder.unittests.dll" id="4867370e-db0d-6f64-473d-9ff916e6a3ba">
      <Execution id="7e873195-eecb-415a-a361-18ff87bca039" />
      <TestMethod codeBase="D:\actions-runner\_work\XPCO\XPCO\Corporate\RecordingServer\RecorderService\tst\VideoOS.Recorder.UnitTests\bin\x64\Debug\net472\VideoOS.Recorder.UnitTests.dll" adapterTypeName="executor://mstestadapter/v2" className="VideoOS.Recorder.UnitTests.Command.PtzSessionsTests" name="PtzPatrollingSessionBase_OnEndPositionReached_Success" />
    </UnitTest>
    <UnitTest name="SOAPCommandRequestHandler_ExecuteFunction_HandleTimeLineInformationGet_Success" storage="d:\actions-runner\_work\xpco\xpco\corporate\recordingserver\recorderservice\tst\videoos.recorder.unittests\bin\x64\debug\net472\videoos.recorder.unittests.dll" id="f79592c8-9574-1171-5614-c7144aa8d62a">
      <Execution id="4c980720-1946-46cd-911e-967e774ec38b" />
      <TestMethod codeBase="D:\actions-runner\_work\XPCO\XPCO\Corporate\RecordingServer\RecorderService\tst\VideoOS.Recorder.UnitTests\bin\x64\Debug\net472\VideoOS.Recorder.UnitTests.dll" adapterTypeName="executor://mstestadapter/v2" className="VideoOS.Recorder.UnitTests.WebServer.SOAPCommandRequestHandlerTests" name="SOAPCommandRequestHandler_ExecuteFunction_HandleTimeLineInformationGet_Success" />
    </UnitTest>
    <UnitTest name="ReapplyHardwareSettingsManager_UpdateConfigurationFromDiffGram_Disabled_Success" storage="d:\actions-runner\_work\xpco\xpco\corporate\recordingserver\recorderservice\tst\videoos.recorder.unittests\bin\x64\debug\net472\videoos.recorder.unittests.dll" id="b50d08d6-71f6-7129-9121-e1241e00d3da">
      <Execution id="5c6a679e-c970-4b2c-ab2b-670c8a3b6149" />
      <TestMethod codeBase="D:\actions-runner\_work\XPCO\XPCO\Corporate\RecordingServer\RecorderService\tst\VideoOS.Recorder.UnitTests\bin\x64\Debug\net472\VideoOS.Recorder.UnitTests.dll" adapterTypeName="executor://mstestadapter/v2" className="VideoOS.Recorder.UnitTests.ReapplyHardwareSettingsManagerTests" name="ReapplyHardwareSettingsManager_UpdateConfigurationFromDiffGram_Disabled_Success" />
    </UnitTest>
    <UnitTest name="PtzManager_CenterAndZoomToRectangle_Success" storage="d:\actions-runner\_work\xpco\xpco\corporate\recordingserver\recorderservice\tst\videoos.recorder.unittests\bin\x64\debug\net472\videoos.recorder.unittests.dll" id="2f005d6d-6581-5add-cbe5-a21932b65de9">
      <Execution id="ca59776c-fcb5-4543-bf96-02926f8fe565" />
      <TestMethod codeBase="D:\actions-runner\_work\XPCO\XPCO\Corporate\RecordingServer\RecorderService\tst\VideoOS.Recorder.UnitTests\bin\x64\Debug\net472\VideoOS.Recorder.UnitTests.dll" adapterTypeName="executor://mstestadapter/v2" className="VideoOS.Recorder.UnitTests.Command.PtzManagerTests" name="PtzManager_CenterAndZoomToRectangle_Success" />
    </UnitTest>
    <UnitTest name="SOAPCommandRequestHandler_ExecuteFunction_HandlePTZMoveStart_NoPtzArgs" storage="d:\actions-runner\_work\xpco\xpco\corporate\recordingserver\recorderservice\tst\videoos.recorder.unittests\bin\x64\debug\net472\videoos.recorder.unittests.dll" id="a934c57a-74dc-4b22-6ffd-7def539549a2">
      <Execution id="788bf61a-8693-43ef-8f16-1691b1857c43" />
      <TestMethod codeBase="D:\actions-runner\_work\XPCO\XPCO\Corporate\RecordingServer\RecorderService\tst\VideoOS.Recorder.UnitTests\bin\x64\Debug\net472\VideoOS.Recorder.UnitTests.dll" adapterTypeName="executor://mstestadapter/v2" className="VideoOS.Recorder.UnitTests.WebServer.SOAPCommandRequestHandlerTests" name="SOAPCommandRequestHandler_ExecuteFunction_HandlePTZMoveStart_NoPtzArgs" />
    </UnitTest>
    <UnitTest name="SOAPCommandRequestHandler_ExecuteFunction_HandleSequencesGetAround_No_Metadata_Security" storage="d:\actions-runner\_work\xpco\xpco\corporate\recordingserver\recorderservice\tst\videoos.recorder.unittests\bin\x64\debug\net472\videoos.recorder.unittests.dll" id="5952ca8e-70e4-edb2-48cb-00ef9fcb94d4">
      <Execution id="186c1238-ba3e-43df-8fd7-ebe8bbc42996" />
      <TestMethod codeBase="D:\actions-runner\_work\XPCO\XPCO\Corporate\RecordingServer\RecorderService\tst\VideoOS.Recorder.UnitTests\bin\x64\Debug\net472\VideoOS.Recorder.UnitTests.dll" adapterTypeName="executor://mstestadapter/v2" className="VideoOS.Recorder.UnitTests.WebServer.SOAPCommandRequestHandlerTests" name="SOAPCommandRequestHandler_ExecuteFunction_HandleSequencesGetAround_No_Metadata_Security" />
    </UnitTest>
    <UnitTest name="ConnectSuccess_Next_Denied" storage="d:\actions-runner\_work\xpco\xpco\corporate\recordingserver\recorderservice\tst\videoos.recorder.unittests\bin\x64\debug\net472\videoos.recorder.unittests.dll" id="88b1808f-dd69-577c-bdee-e6d80a766a3d">
      <Execution id="97111c29-8845-4816-a5f3-310c0be2a293" />
      <TestMethod codeBase="D:\actions-runner\_work\XPCO\XPCO\Corporate\RecordingServer\RecorderService\tst\VideoOS.Recorder.UnitTests\bin\x64\Debug\net472\VideoOS.Recorder.UnitTests.dll" adapterTypeName="executor://mstestadapter/v2" className="VideoOS.Recorder.UnitTests.WebServer.ImageServerRequestHandlerTests" name="ConnectSuccess_Next_Denied" />
    </UnitTest>
    <UnitTest name="RecorderStatus_SendsUpdates_OnTimer" storage="d:\actions-runner\_work\xpco\xpco\corporate\recordingserver\recorderservice\tst\videoos.recorder.unittests\bin\x64\debug\net472\videoos.recorder.unittests.dll" id="59bab25e-f58e-5bec-50ff-1b14d176b0f7">
      <TestCategory>
        <TestCategoryItem TestCategory="RecorderStatus" />
      </TestCategory>
      <Execution id="ef7031bf-1419-477b-a271-0cc51c28d1d9" />
      <TestMethod codeBase="D:\actions-runner\_work\XPCO\XPCO\Corporate\RecordingServer\RecorderService\tst\VideoOS.Recorder.UnitTests\bin\x64\Debug\net472\VideoOS.Recorder.UnitTests.dll" adapterTypeName="executor://mstestadapter/v2" className="VideoOS.Recorder.UnitTests.RecorderStatusTests" name="RecorderStatus_SendsUpdates_OnTimer" />
    </UnitTest>
    <UnitTest name="ConstructAndCallMethodsForNotConfiguredCamera" storage="d:\actions-runner\_work\xpco\xpco\corporate\recordingserver\recorderservice\tst\videoos.recorder.unittests\bin\x64\debug\net472\videoos.recorder.unittests.dll" id="2973bfcc-7b2a-984f-e2ef-99a39decd1c1">
      <TestCategory>
        <TestCategoryItem TestCategory="ObjectModel.Device.RelatedDeviceHandler" />
      </TestCategory>
      <Execution id="da717f1b-67d9-4f83-b044-d831cd946783" />
      <TestMethod codeBase="D:\actions-runner\_work\XPCO\XPCO\Corporate\RecordingServer\RecorderService\tst\VideoOS.Recorder.UnitTests\bin\x64\Debug\net472\VideoOS.Recorder.UnitTests.dll" adapterTypeName="executor://mstestadapter/v2" className="VideoOS.Recorder.UnitTests.ObjectModel.RelatedDeviceHandlerTest" name="ConstructAndCallMethodsForNotConfiguredCamera" />
    </UnitTest>
    <UnitTest name="DeleteHardwareUserCommandHandler_Execute_HardwareIsReadOnly_Errors" storage="d:\actions-runner\_work\xpco\xpco\corporate\recordingserver\recorderservice\tst\videoos.recorder.unittests\bin\x64\debug\net472\videoos.recorder.unittests.dll" id="084a1959-8047-5a3c-1797-f2f918e6b829">
      <Execution id="9d9bcc61-07f1-4d2b-a034-cc2174528a6c" />
      <TestMethod codeBase="D:\actions-runner\_work\XPCO\XPCO\Corporate\RecordingServer\RecorderService\tst\VideoOS.Recorder.UnitTests\bin\x64\Debug\net472\VideoOS.Recorder.UnitTests.dll" adapterTypeName="executor://mstestadapter/v2" className="VideoOS.Recorder.UnitTests.Command.DeleteHardwareUserCommandHandlerTest" name="DeleteHardwareUserCommandHandler_Execute_HardwareIsReadOnly_Errors" />
    </UnitTest>
    <UnitTest name="ConnectSuccess_FrameBrowseLayer_Begin_End_PrevSeq_NextSeq" storage="d:\actions-runner\_work\xpco\xpco\corporate\recordingserver\recorderservice\tst\videoos.recorder.unittests\bin\x64\debug\net472\videoos.recorder.unittests.dll" id="0b702db0-cebd-ea37-ccd5-e544717e9820">
      <Execution id="2663b62e-441c-45e3-b7e1-7f8953adb063" />
      <TestMethod codeBase="D:\actions-runner\_work\XPCO\XPCO\Corporate\RecordingServer\RecorderService\tst\VideoOS.Recorder.UnitTests\bin\x64\Debug\net472\VideoOS.Recorder.UnitTests.dll" adapterTypeName="executor://mstestadapter/v2" className="VideoOS.Recorder.UnitTests.WebServer.ImageServerRequestHandlerTests" name="ConnectSuccess_FrameBrowseLayer_Begin_End_PrevSeq_NextSeq" />
    </UnitTest>
    <UnitTest name="SOAPCommandRequestHandler_ExecuteFunction_HandleJPEGGetLive_NoDeviceId" storage="d:\actions-runner\_work\xpco\xpco\corporate\recordingserver\recorderservice\tst\videoos.recorder.unittests\bin\x64\debug\net472\videoos.recorder.unittests.dll" id="0188b3fc-f058-fec7-9c8d-16bf56ba7004">
      <Execution id="f496747e-f476-4f84-bd67-6616e2a1f77a" />
      <TestMethod codeBase="D:\actions-runner\_work\XPCO\XPCO\Corporate\RecordingServer\RecorderService\tst\VideoOS.Recorder.UnitTests\bin\x64\Debug\net472\VideoOS.Recorder.UnitTests.dll" adapterTypeName="executor://mstestadapter/v2" className="VideoOS.Recorder.UnitTests.WebServer.SOAPCommandRequestHandlerTests" name="SOAPCommandRequestHandler_ExecuteFunction_HandleJPEGGetLive_NoDeviceId" />
    </UnitTest>
    <UnitTest name="PtzPatrollingSessionBase_ExternalResume_Success" storage="d:\actions-runner\_work\xpco\xpco\corporate\recordingserver\recorderservice\tst\videoos.recorder.unittests\bin\x64\debug\net472\videoos.recorder.unittests.dll" id="12e18fcd-ae5e-f636-7ffa-e065547949cf">
      <Execution id="89684b15-2676-4dcd-b7d5-7459d3963b88" />
      <TestMethod codeBase="D:\actions-runner\_work\XPCO\XPCO\Corporate\RecordingServer\RecorderService\tst\VideoOS.Recorder.UnitTests\bin\x64\Debug\net472\VideoOS.Recorder.UnitTests.dll" adapterTypeName="executor://mstestadapter/v2" className="VideoOS.Recorder.UnitTests.Command.PtzSessionsTests" name="PtzPatrollingSessionBase_ExternalResume_Success" />
    </UnitTest>
    <UnitTest name="AddHardwareUserCommandHandler_Execute_HardwareNotEnabled_Errors" storage="d:\actions-runner\_work\xpco\xpco\corporate\recordingserver\recorderservice\tst\videoos.recorder.unittests\bin\x64\debug\net472\videoos.recorder.unittests.dll" id="a5923c92-92b0-3589-1ffd-8d5625e8f7c8">
      <Execution id="410cc5c6-7c90-4726-8ac4-468160f00fda" />
      <TestMethod codeBase="D:\actions-runner\_work\XPCO\XPCO\Corporate\RecordingServer\RecorderService\tst\VideoOS.Recorder.UnitTests\bin\x64\Debug\net472\VideoOS.Recorder.UnitTests.dll" adapterTypeName="executor://mstestadapter/v2" className="VideoOS.Recorder.UnitTests.Command.AddHardwareUserCommandHandlerRecorderUnitTests" name="AddHardwareUserCommandHandler_Execute_HardwareNotEnabled_Errors" />
    </UnitTest>
    <UnitTest name="MediaDbCache_SetDiskUsageInformationBank_Success" storage="d:\actions-runner\_work\xpco\xpco\corporate\recordingserver\recorderservice\tst\videoos.recorder.unittests\bin\x64\debug\net472\videoos.recorder.unittests.dll" id="c60350cf-513a-8d98-bb79-3d9ad37f1131">
      <Execution id="1eb9de36-9b47-44f3-a33a-00792c72005a" />
      <TestMethod codeBase="D:\actions-runner\_work\XPCO\XPCO\Corporate\RecordingServer\RecorderService\tst\VideoOS.Recorder.UnitTests\bin\x64\Debug\net472\VideoOS.Recorder.UnitTests.dll" adapterTypeName="executor://mstestadapter/v2" className="VideoOS.Recorder.UnitTests.Database.MediaDbCacheUnitTests" name="MediaDbCache_SetDiskUsageInformationBank_Success" />
    </UnitTest>
    <UnitTest name="PtzReleaseSessionCommandHandler_Execute_PtzException_DeviceNotReady" storage="d:\actions-runner\_work\xpco\xpco\corporate\recordingserver\recorderservice\tst\videoos.recorder.unittests\bin\x64\debug\net472\videoos.recorder.unittests.dll" id="1ee3a09e-ee9b-66de-1c8a-275aac3087b1">
      <Execution id="5ff59854-25c1-4b38-9c06-1b23163d196d" />
      <TestMethod codeBase="D:\actions-runner\_work\XPCO\XPCO\Corporate\RecordingServer\RecorderService\tst\VideoOS.Recorder.UnitTests\bin\x64\Debug\net472\VideoOS.Recorder.UnitTests.dll" adapterTypeName="executor://mstestadapter/v2" className="VideoOS.Recorder.UnitTests.Command.PtzReleaseSessionCommandHandlerTest" name="PtzReleaseSessionCommandHandler_Execute_PtzException_DeviceNotReady" />
    </UnitTest>
    <UnitTest name="QueryDeviceEvidenceLockSizes_PostCommandIsNull_BadRequestResult" storage="d:\actions-runner\_work\xpco\xpco\corporate\recordingserver\recorderservice\tst\videoos.recorder.unittests\bin\x64\debug\net472\videoos.recorder.unittests.dll" id="f83f814d-ba50-5844-a3eb-659e9f3f1ce0">
      <Execution id="c9387785-72c6-4d39-9e7e-b889b2cfcbe4" />
      <TestMethod codeBase="D:\actions-runner\_work\XPCO\XPCO\Corporate\RecordingServer\RecorderService\tst\VideoOS.Recorder.UnitTests\bin\x64\Debug\net472\VideoOS.Recorder.UnitTests.dll" adapterTypeName="executor://mstestadapter/v2" className="VideoOS.Recorder.UnitTests.DatabaseControllerTests" name="QueryDeviceEvidenceLockSizes_PostCommandIsNull_BadRequestResult" />
    </UnitTest>
    <UnitTest name="ReapplyHardwareSettingsManager_UpdateConfigurationFromDiffGram_TimeNowBeforTriger_Success" storage="d:\actions-runner\_work\xpco\xpco\corporate\recordingserver\recorderservice\tst\videoos.recorder.unittests\bin\x64\debug\net472\videoos.recorder.unittests.dll" id="f110d9a1-abdf-4b7f-90db-314822533b9b">
      <Execution id="db8a9897-1616-4047-bd99-9520fc480f42" />
      <TestMethod codeBase="D:\actions-runner\_work\XPCO\XPCO\Corporate\RecordingServer\RecorderService\tst\VideoOS.Recorder.UnitTests\bin\x64\Debug\net472\VideoOS.Recorder.UnitTests.dll" adapterTypeName="executor://mstestadapter/v2" className="VideoOS.Recorder.UnitTests.ReapplyHardwareSettingsManagerTests" name="ReapplyHardwareSettingsManager_UpdateConfigurationFromDiffGram_TimeNowBeforTriger_Success" />
    </UnitTest>
    <UnitTest name="GetSettingAsIPAddress_NonIPValue_Throws_InvalidMulticastSettingsException" storage="d:\actions-runner\_work\xpco\xpco\corporate\recordingserver\recorderservice\tst\videoos.recorder.unittests\bin\x64\debug\net472\videoos.recorder.unittests.dll" id="ec57e6ad-4a2a-9fd6-a34b-472a41a941f2">
      <Execution id="547987e4-b59f-44e9-b1eb-b855a53f4ca7" />
      <TestMethod codeBase="D:\actions-runner\_work\XPCO\XPCO\Corporate\RecordingServer\RecorderService\tst\VideoOS.Recorder.UnitTests\bin\x64\Debug\net472\VideoOS.Recorder.UnitTests.dll" adapterTypeName="executor://mstestadapter/v2" className="VideoOS.Recorder.UnitTests.Multicast.MulticastSettingsExtensionsUnitTests" name="GetSettingAsIPAddress_NonIPValue_Throws_InvalidMulticastSettingsException" />
    </UnitTest>
    <UnitTest name="ConnectSuccess_Goto_Exception" storage="d:\actions-runner\_work\xpco\xpco\corporate\recordingserver\recorderservice\tst\videoos.recorder.unittests\bin\x64\debug\net472\videoos.recorder.unittests.dll" id="5fc1a897-2bad-bfc8-e907-547b72df22df">
      <Execution id="1f98f14d-9ce8-4bb5-ad14-5d62ec58b696" />
      <TestMethod codeBase="D:\actions-runner\_work\XPCO\XPCO\Corporate\RecordingServer\RecorderService\tst\VideoOS.Recorder.UnitTests\bin\x64\Debug\net472\VideoOS.Recorder.UnitTests.dll" adapterTypeName="executor://mstestadapter/v2" className="VideoOS.Recorder.UnitTests.WebServer.ImageServerRequestHandlerTests" name="ConnectSuccess_Goto_Exception" />
    </UnitTest>
    <UnitTest name="ConnectSuccess_Begin_Exception" storage="d:\actions-runner\_work\xpco\xpco\corporate\recordingserver\recorderservice\tst\videoos.recorder.unittests\bin\x64\debug\net472\videoos.recorder.unittests.dll" id="e00fb1a5-3abb-9fd8-8ee5-a8416a687063">
      <Execution id="f8dd9846-3403-4194-84e0-2151d8229159" />
      <TestMethod codeBase="D:\actions-runner\_work\XPCO\XPCO\Corporate\RecordingServer\RecorderService\tst\VideoOS.Recorder.UnitTests\bin\x64\Debug\net472\VideoOS.Recorder.UnitTests.dll" adapterTypeName="executor://mstestadapter/v2" className="VideoOS.Recorder.UnitTests.WebServer.ImageServerRequestHandlerTests" name="ConnectSuccess_Begin_Exception" />
    </UnitTest>
    <UnitTest name="PtzReserveSessionCommandHandler_Execute_Success" storage="d:\actions-runner\_work\xpco\xpco\corporate\recordingserver\recorderservice\tst\videoos.recorder.unittests\bin\x64\debug\net472\videoos.recorder.unittests.dll" id="74520b87-908e-9792-3c7b-51d3c5f50b9f">
      <Execution id="dab95ad5-5c42-4531-abc1-4d3e11e8535e" />
      <TestMethod codeBase="D:\actions-runner\_work\XPCO\XPCO\Corporate\RecordingServer\RecorderService\tst\VideoOS.Recorder.UnitTests\bin\x64\Debug\net472\VideoOS.Recorder.UnitTests.dll" adapterTypeName="executor://mstestadapter/v2" className="VideoOS.Recorder.UnitTests.Command.PtzReserveSessionCommandHandlerTest" name="PtzReserveSessionCommandHandler_Execute_Success" />
    </UnitTest>
    <UnitTest name="ConnectSuccess_End_Exception" storage="d:\actions-runner\_work\xpco\xpco\corporate\recordingserver\recorderservice\tst\videoos.recorder.unittests\bin\x64\debug\net472\videoos.recorder.unittests.dll" id="2237c7c1-3704-cc84-2e1f-9ea6af15525c">
      <Execution id="dd94de30-3143-4da4-9fbb-0e8b632e23fb" />
      <TestMethod codeBase="D:\actions-runner\_work\XPCO\XPCO\Corporate\RecordingServer\RecorderService\tst\VideoOS.Recorder.UnitTests\bin\x64\Debug\net472\VideoOS.Recorder.UnitTests.dll" adapterTypeName="executor://mstestadapter/v2" className="VideoOS.Recorder.UnitTests.WebServer.ImageServerRequestHandlerTests" name="ConnectSuccess_End_Exception" />
    </UnitTest>
    <UnitTest name="FailoverMediaMover_MoveMediaDataHere_Remote_ListTables_Fails" storage="d:\actions-runner\_work\xpco\xpco\corporate\recordingserver\recorderservice\tst\videoos.recorder.unittests\bin\x64\debug\net472\videoos.recorder.unittests.dll" id="69bb0600-5e66-cbf0-6f83-c1811a371d15">
      <Execution id="1233f410-e875-475c-8e40-c7bd2df09f20" />
      <TestMethod codeBase="D:\actions-runner\_work\XPCO\XPCO\Corporate\RecordingServer\RecorderService\tst\VideoOS.Recorder.UnitTests\bin\x64\Debug\net472\VideoOS.Recorder.UnitTests.dll" adapterTypeName="executor://mstestadapter/v2" className="VideoOS.Recorder.UnitTests.FailoverMediaMoverUnitTests" name="FailoverMediaMover_MoveMediaDataHere_Remote_ListTables_Fails" />
    </UnitTest>
    <UnitTest name="CheckDeleteDeviceMediaCommandHandler_LocalConfigEmpty_MediaDbG1_ExistedTrackG1_NoDelete" storage="d:\actions-runner\_work\xpco\xpco\corporate\recordingserver\recorderservice\tst\videoos.recorder.unittests\bin\x64\debug\net472\videoos.recorder.unittests.dll" id="08d5354d-699d-8725-8bb7-e562f20aaa25">
      <Execution id="3287e612-a5f0-45a2-b1ea-0ee9f0ce2659" />
      <TestMethod codeBase="D:\actions-runner\_work\XPCO\XPCO\Corporate\RecordingServer\RecorderService\tst\VideoOS.Recorder.UnitTests\bin\x64\Debug\net472\VideoOS.Recorder.UnitTests.dll" adapterTypeName="executor://mstestadapter/v2" className="VideoOS.Recorder.UnitTests.Command.CheckDeleteDeviceMediaCommandHandlerTests" name="CheckDeleteDeviceMediaCommandHandler_LocalConfigEmpty_MediaDbG1_ExistedTrackG1_NoDelete" />
    </UnitTest>
    <UnitTest name="Constructor_PingActionIsNull_ArgumentNullException" storage="d:\actions-runner\_work\xpco\xpco\corporate\recordingserver\recorderservice\tst\videoos.recorder.unittests\bin\x64\debug\net472\videoos.recorder.unittests.dll" id="d1aaafe4-c45e-e813-7997-4050f51e88b0">
      <Execution id="f211766d-a2e3-41f4-ab66-d2362247c9ea" />
      <TestMethod codeBase="D:\actions-runner\_work\XPCO\XPCO\Corporate\RecordingServer\RecorderService\tst\VideoOS.Recorder.UnitTests\bin\x64\Debug\net472\VideoOS.Recorder.UnitTests.dll" adapterTypeName="executor://mstestadapter/v2" className="VideoOS.Recorder.UnitTests.PingManagerTests" name="Constructor_PingActionIsNull_ArgumentNullException" />
    </UnitTest>
    <UnitTest name="SmartSearchHandlerBackwardDirectHitSingleSequence" storage="d:\actions-runner\_work\xpco\xpco\corporate\recordingserver\recorderservice\tst\videoos.recorder.unittests\bin\x64\debug\net472\videoos.recorder.unittests.dll" id="20edcd36-e17d-797f-d510-2fb355004c32">
      <TestCategory>
        <TestCategoryItem TestCategory="SmartSearch" />
      </TestCategory>
      <Execution id="e77d12e2-6373-446f-812b-355f92b70066" />
      <TestMethod codeBase="D:\actions-runner\_work\XPCO\XPCO\Corporate\RecordingServer\RecorderService\tst\VideoOS.Recorder.UnitTests\bin\x64\Debug\net472\VideoOS.Recorder.UnitTests.dll" adapterTypeName="executor://mstestadapter/v2" className="VideoOS.Recorder.UnitTests.SmartSearch.SmartSearchHandlerTest" name="SmartSearchHandlerBackwardDirectHitSingleSequence" />
    </UnitTest>
    <UnitTest name="TestLiveTableStatusUpdatedOneStatus" storage="d:\actions-runner\_work\xpco\xpco\corporate\recordingserver\recorderservice\tst\videoos.recorder.unittests\bin\x64\debug\net472\videoos.recorder.unittests.dll" id="642c7910-1275-0f78-7481-523ab64b3cc6">
      <Execution id="ca3a6a82-dd2c-4566-af14-f17443c6b26f" />
      <TestMethod codeBase="D:\actions-runner\_work\XPCO\XPCO\Corporate\RecordingServer\RecorderService\tst\VideoOS.Recorder.UnitTests\bin\x64\Debug\net472\VideoOS.Recorder.UnitTests.dll" adapterTypeName="executor://mstestadapter/v2" className="VideoOS.Recorder.UnitTests.Database.MediaDbLiveTableRegistrationTests" name="TestLiveTableStatusUpdatedOneStatus" />
    </UnitTest>
    <UnitTest name="LicenseManager_IsFeatureLicensedDoNotValidateLicense_DoesNotValidateExpiryDate_OnLicenseWithExpiry" storage="d:\actions-runner\_work\xpco\xpco\corporate\recordingserver\recorderservice\tst\videoos.recorder.unittests\bin\x64\debug\net472\videoos.recorder.unittests.dll" id="2a8aeb1e-6329-52b4-6ee4-2478001a0609">
      <TestCategory>
        <TestCategoryItem TestCategory="Licensing" />
      </TestCategory>
      <Execution id="2ebfa83a-4733-43e3-87ae-9081e3f53910" />
      <TestMethod codeBase="D:\actions-runner\_work\XPCO\XPCO\Corporate\RecordingServer\RecorderService\tst\VideoOS.Recorder.UnitTests\bin\x64\Debug\net472\VideoOS.Recorder.UnitTests.dll" adapterTypeName="executor://mstestadapter/v2" className="VideoOS.Recorder.UnitTests.Licensing.LicenseManagerUnitTests" name="LicenseManager_IsFeatureLicensedDoNotValidateLicense_DoesNotValidateExpiryDate_OnLicenseWithExpiry" />
    </UnitTest>
    <UnitTest name="QueryDeviceEvidenceLockSizesCommandHandler_MediaDbRepairInProgress_ErrorResponse" storage="d:\actions-runner\_work\xpco\xpco\corporate\recordingserver\recorderservice\tst\videoos.recorder.unittests\bin\x64\debug\net472\videoos.recorder.unittests.dll" id="de1ec09d-41b0-176f-d8c5-04aac229e635">
      <Execution id="9d4c363b-7b7e-437d-a4a4-7ac08998c373" />
      <TestMethod codeBase="D:\actions-runner\_work\XPCO\XPCO\Corporate\RecordingServer\RecorderService\tst\VideoOS.Recorder.UnitTests\bin\x64\Debug\net472\VideoOS.Recorder.UnitTests.dll" adapterTypeName="executor://mstestadapter/v2" className="VideoOS.Recorder.UnitTests.Command.QueryDeviceEvidenceLockSizesCommandHandlerTests" name="QueryDeviceEvidenceLockSizesCommandHandler_MediaDbRepairInProgress_ErrorResponse" />
    </UnitTest>
    <UnitTest name="ConnectSuccessSimple_Camera" storage="d:\actions-runner\_work\xpco\xpco\corporate\recordingserver\recorderservice\tst\videoos.recorder.unittests\bin\x64\debug\net472\videoos.recorder.unittests.dll" id="719ad947-0634-5430-3db6-f322b8f69113">
      <Execution id="35ab4ef2-55c1-4d00-9ce2-ce1b091d6caa" />
      <TestMethod codeBase="D:\actions-runner\_work\XPCO\XPCO\Corporate\RecordingServer\RecorderService\tst\VideoOS.Recorder.UnitTests\bin\x64\Debug\net472\VideoOS.Recorder.UnitTests.dll" adapterTypeName="executor://mstestadapter/v2" className="VideoOS.Recorder.UnitTests.WebServer.ImageServerRequestHandlerTests" name="ConnectSuccessSimple_Camera" />
    </UnitTest>
    <UnitTest name="ResolveIdAndMessage_DriverDevice_Generator" storage="d:\actions-runner\_work\xpco\xpco\corporate\recordingserver\recorderservice\tst\videoos.recorder.unittests\bin\x64\debug\net472\videoos.recorder.unittests.dll" id="cfb45ea1-0455-f35b-459c-d61aa55af545">
      <Execution id="a50058f8-ced1-46f1-bdb0-5c1b53fdd25c" />
      <TestMethod codeBase="D:\actions-runner\_work\XPCO\XPCO\Corporate\RecordingServer\RecorderService\tst\VideoOS.Recorder.UnitTests\bin\x64\Debug\net472\VideoOS.Recorder.UnitTests.dll" adapterTypeName="executor://mstestadapter/v2" className="VideoOS.Recorder.UnitTests.RuleActions.SendSNMPTrapRuleActionTests" name="ResolveIdAndMessage_DriverDevice_Generator" />
    </UnitTest>
    <UnitTest name="PingStart_TimeSpanMax_ArgumentOutOfRangeException" storage="d:\actions-runner\_work\xpco\xpco\corporate\recordingserver\recorderservice\tst\videoos.recorder.unittests\bin\x64\debug\net472\videoos.recorder.unittests.dll" id="0ca2bb88-f51e-6212-60c1-db4f837b05e7">
      <Execution id="73a423b0-70e8-4de0-a2dd-a61331766389" />
      <TestMethod codeBase="D:\actions-runner\_work\XPCO\XPCO\Corporate\RecordingServer\RecorderService\tst\VideoOS.Recorder.UnitTests\bin\x64\Debug\net472\VideoOS.Recorder.UnitTests.dll" adapterTypeName="executor://mstestadapter/v2" className="VideoOS.Recorder.UnitTests.PingManagerTests" name="PingStart_TimeSpanMax_ArgumentOutOfRangeException" />
    </UnitTest>
    <UnitTest name="GetSettingAsBool_Success" storage="d:\actions-runner\_work\xpco\xpco\corporate\recordingserver\recorderservice\tst\videoos.recorder.unittests\bin\x64\debug\net472\videoos.recorder.unittests.dll" id="52ce1766-1812-c263-8325-86677dbc5093">
      <Execution id="47b3e092-125d-4913-accd-541b7d67930b" />
      <TestMethod codeBase="D:\actions-runner\_work\XPCO\XPCO\Corporate\RecordingServer\RecorderService\tst\VideoOS.Recorder.UnitTests\bin\x64\Debug\net472\VideoOS.Recorder.UnitTests.dll" adapterTypeName="executor://mstestadapter/v2" className="VideoOS.Recorder.UnitTests.Multicast.MulticastSettingsExtensionsUnitTests" name="GetSettingAsBool_Success" />
    </UnitTest>
    <UnitTest name="SOAPCommandRequestHandler_ExecuteFunction_HandleSequencesGetAroundWithSpan_Success" storage="d:\actions-runner\_work\xpco\xpco\corporate\recordingserver\recorderservice\tst\videoos.recorder.unittests\bin\x64\debug\net472\videoos.recorder.unittests.dll" id="f37382f8-c573-8898-56df-bcf6c3fbc9be">
      <Execution id="8f425222-ecc4-4660-99cc-ce8c83688b5b" />
      <TestMethod codeBase="D:\actions-runner\_work\XPCO\XPCO\Corporate\RecordingServer\RecorderService\tst\VideoOS.Recorder.UnitTests\bin\x64\Debug\net472\VideoOS.Recorder.UnitTests.dll" adapterTypeName="executor://mstestadapter/v2" className="VideoOS.Recorder.UnitTests.WebServer.SOAPCommandRequestHandlerTests" name="SOAPCommandRequestHandler_ExecuteFunction_HandleSequencesGetAroundWithSpan_Success" />
    </UnitTest>
    <UnitTest name="DatabaseoperationCommandhandler_VerifyNewArchivePath_Failover_ReturnErrorResponse" storage="d:\actions-runner\_work\xpco\xpco\corporate\recordingserver\recorderservice\tst\videoos.recorder.unittests\bin\x64\debug\net472\videoos.recorder.unittests.dll" id="226d6fda-46cf-f08f-cf67-d3a9d71d5298">
      <Execution id="438f6c0c-e6c4-44d4-b518-b03620d4bd9e" />
      <TestMethod codeBase="D:\actions-runner\_work\XPCO\XPCO\Corporate\RecordingServer\RecorderService\tst\VideoOS.Recorder.UnitTests\bin\x64\Debug\net472\VideoOS.Recorder.UnitTests.dll" adapterTypeName="executor://mstestadapter/v2" className="VideoOS.Recorder.UnitTests.Command.DatabaseOperationCommandHandlerUnitTests" name="DatabaseoperationCommandhandler_VerifyNewArchivePath_Failover_ReturnErrorResponse" />
    </UnitTest>
    <UnitTest name="FailoverMediaMover_MoveMediaDataHere_Delete_RemoteTable_Fails" storage="d:\actions-runner\_work\xpco\xpco\corporate\recordingserver\recorderservice\tst\videoos.recorder.unittests\bin\x64\debug\net472\videoos.recorder.unittests.dll" id="f2811ab3-964a-259d-dcb5-a2baba57df35">
      <Execution id="35e1dded-7981-4014-9e9e-0f236d78db57" />
      <TestMethod codeBase="D:\actions-runner\_work\XPCO\XPCO\Corporate\RecordingServer\RecorderService\tst\VideoOS.Recorder.UnitTests\bin\x64\Debug\net472\VideoOS.Recorder.UnitTests.dll" adapterTypeName="executor://mstestadapter/v2" className="VideoOS.Recorder.UnitTests.FailoverMediaMoverUnitTests" name="FailoverMediaMover_MoveMediaDataHere_Delete_RemoteTable_Fails" />
    </UnitTest>
    <UnitTest name="HandleRequest_WithContent_Success" storage="d:\actions-runner\_work\xpco\xpco\corporate\recordingserver\recorderservice\tst\videoos.recorder.unittests\bin\x64\debug\net472\videoos.recorder.unittests.dll" id="fe062b2b-a302-73f7-82cc-a49a779de2cf">
      <Execution id="a8c8fad4-e703-48dc-9e0b-9452fa19bc7f" />
      <TestMethod codeBase="D:\actions-runner\_work\XPCO\XPCO\Corporate\RecordingServer\RecorderService\tst\VideoOS.Recorder.UnitTests\bin\x64\Debug\net472\VideoOS.Recorder.UnitTests.dll" adapterTypeName="executor://mstestadapter/v2" className="VideoOS.Recorder.UnitTests.WebServer.DiagnosticsHttpRequestHandlerUnitTests" name="HandleRequest_WithContent_Success" />
    </UnitTest>
    <UnitTest name="ConfigurationDatasetHolder_ApplyTableDistribution_NoDistributions_NoLiveTables_Success" storage="d:\actions-runner\_work\xpco\xpco\corporate\recordingserver\recorderservice\tst\videoos.recorder.unittests\bin\x64\debug\net472\videoos.recorder.unittests.dll" id="db377e53-1a39-0696-a7d9-ae0a159833b8">
      <Execution id="94aca92b-31ff-4576-958f-511623b8639a" />
      <TestMethod codeBase="D:\actions-runner\_work\XPCO\XPCO\Corporate\RecordingServer\RecorderService\tst\VideoOS.Recorder.UnitTests\bin\x64\Debug\net472\VideoOS.Recorder.UnitTests.dll" adapterTypeName="executor://mstestadapter/v2" className="VideoOS.Recorder.UnitTests.ConfigurationDatasetHolderUnitTests" name="ConfigurationDatasetHolder_ApplyTableDistribution_NoDistributions_NoLiveTables_Success" />
    </UnitTest>
    <UnitTest name="SOAPCommandRequestHandler_ExecuteFunction_HandleInputGetState_Deactivated_Success" storage="d:\actions-runner\_work\xpco\xpco\corporate\recordingserver\recorderservice\tst\videoos.recorder.unittests\bin\x64\debug\net472\videoos.recorder.unittests.dll" id="1a58dd32-5905-3235-1c9c-08f6e3791ac8">
      <Execution id="859fa757-3380-4a28-90ef-17286bc438fd" />
      <TestMethod codeBase="D:\actions-runner\_work\XPCO\XPCO\Corporate\RecordingServer\RecorderService\tst\VideoOS.Recorder.UnitTests\bin\x64\Debug\net472\VideoOS.Recorder.UnitTests.dll" adapterTypeName="executor://mstestadapter/v2" className="VideoOS.Recorder.UnitTests.WebServer.SOAPCommandRequestHandlerTests" name="SOAPCommandRequestHandler_ExecuteFunction_HandleInputGetState_Deactivated_Success" />
    </UnitTest>
    <UnitTest name="CheckDeleteDeviceMediaCommandHandler_LocalConfigEmpty_MediaDbEmpty_NoDoesTrackExistCall_NoDelete" storage="d:\actions-runner\_work\xpco\xpco\corporate\recordingserver\recorderservice\tst\videoos.recorder.unittests\bin\x64\debug\net472\videoos.recorder.unittests.dll" id="b6ada097-7460-8090-7f47-b66e5f775b3c">
      <Execution id="ab535a57-cd4f-4747-b6df-73380b0ae590" />
      <TestMethod codeBase="D:\actions-runner\_work\XPCO\XPCO\Corporate\RecordingServer\RecorderService\tst\VideoOS.Recorder.UnitTests\bin\x64\Debug\net472\VideoOS.Recorder.UnitTests.dll" adapterTypeName="executor://mstestadapter/v2" className="VideoOS.Recorder.UnitTests.Command.CheckDeleteDeviceMediaCommandHandlerTests" name="CheckDeleteDeviceMediaCommandHandler_LocalConfigEmpty_MediaDbEmpty_NoDoesTrackExistCall_NoDelete" />
    </UnitTest>
    <UnitTest name="PrepareMoveHardwareCommandHandler_Execute_Hardware_Blocked_LiveTableCheck" storage="d:\actions-runner\_work\xpco\xpco\corporate\recordingserver\recorderservice\tst\videoos.recorder.unittests\bin\x64\debug\net472\videoos.recorder.unittests.dll" id="061fc792-1586-13e9-170d-fb893a208d7e">
      <Execution id="f711e549-c4d1-4bc6-9535-d8779425578b" />
      <TestMethod codeBase="D:\actions-runner\_work\XPCO\XPCO\Corporate\RecordingServer\RecorderService\tst\VideoOS.Recorder.UnitTests\bin\x64\Debug\net472\VideoOS.Recorder.UnitTests.dll" adapterTypeName="executor://mstestadapter/v2" className="VideoOS.Recorder.UnitTests.Command.PrepareMoveHardwareCommandHandlerTests" name="PrepareMoveHardwareCommandHandler_Execute_Hardware_Blocked_LiveTableCheck" />
    </UnitTest>
    <UnitTest name="ConnectFailed_UnknownStream" storage="d:\actions-runner\_work\xpco\xpco\corporate\recordingserver\recorderservice\tst\videoos.recorder.unittests\bin\x64\debug\net472\videoos.recorder.unittests.dll" id="8ac31007-4ac9-2a0c-5bc0-00c2f3cc68cc">
      <Execution id="08e858b7-bbd8-4dc6-b9fa-23126915cea1" />
      <TestMethod codeBase="D:\actions-runner\_work\XPCO\XPCO\Corporate\RecordingServer\RecorderService\tst\VideoOS.Recorder.UnitTests\bin\x64\Debug\net472\VideoOS.Recorder.UnitTests.dll" adapterTypeName="executor://mstestadapter/v2" className="VideoOS.Recorder.UnitTests.WebServer.ImageServerRequestHandlerTests" name="ConnectFailed_UnknownStream" />
    </UnitTest>
    <UnitTest name="SOAPCommandRequestHandler_ExecuteFunction_HandleIsManualRecording_Success" storage="d:\actions-runner\_work\xpco\xpco\corporate\recordingserver\recorderservice\tst\videoos.recorder.unittests\bin\x64\debug\net472\videoos.recorder.unittests.dll" id="ac9e79f1-9655-cf06-2054-7e5adaf9e305">
      <Execution id="717860fc-5471-420b-b81f-c767ae1da743" />
      <TestMethod codeBase="D:\actions-runner\_work\XPCO\XPCO\Corporate\RecordingServer\RecorderService\tst\VideoOS.Recorder.UnitTests\bin\x64\Debug\net472\VideoOS.Recorder.UnitTests.dll" adapterTypeName="executor://mstestadapter/v2" className="VideoOS.Recorder.UnitTests.WebServer.SOAPCommandRequestHandlerTests" name="SOAPCommandRequestHandler_ExecuteFunction_HandleIsManualRecording_Success" />
    </UnitTest>
    <UnitTest name="PingStop_Called_TimerIsStopped" storage="d:\actions-runner\_work\xpco\xpco\corporate\recordingserver\recorderservice\tst\videoos.recorder.unittests\bin\x64\debug\net472\videoos.recorder.unittests.dll" id="a58b4cc1-e0f6-d3f3-8e80-87f0c088df02">
      <Execution id="925a03cb-4bfe-4ddc-90e6-5d4ec89c3206" />
      <TestMethod codeBase="D:\actions-runner\_work\XPCO\XPCO\Corporate\RecordingServer\RecorderService\tst\VideoOS.Recorder.UnitTests\bin\x64\Debug\net472\VideoOS.Recorder.UnitTests.dll" adapterTypeName="executor://mstestadapter/v2" className="VideoOS.Recorder.UnitTests.PingManagerTests" name="PingStop_Called_TimerIsStopped" />
    </UnitTest>
    <UnitTest name="EvidenceLockOnOldRecorderCommandHandler_UpdateEvidenceLock" storage="d:\actions-runner\_work\xpco\xpco\corporate\recordingserver\recorderservice\tst\videoos.recorder.unittests\bin\x64\debug\net472\videoos.recorder.unittests.dll" id="7085e5c5-fdc2-03ca-043d-69353b624742">
      <Execution id="e1566f97-970a-4a11-ab55-2c26560fa5ee" />
      <TestMethod codeBase="D:\actions-runner\_work\XPCO\XPCO\Corporate\RecordingServer\RecorderService\tst\VideoOS.Recorder.UnitTests\bin\x64\Debug\net472\VideoOS.Recorder.UnitTests.dll" adapterTypeName="executor://mstestadapter/v2" className="VideoOS.Recorder.UnitTests.Command.EvidenceLockOnOldRecorderCommandHandlerTests" name="EvidenceLockOnOldRecorderCommandHandler_UpdateEvidenceLock" />
    </UnitTest>
    <UnitTest name="SOAPCommandRequestHandler_ExecuteFunction_HandlePTZDeactivatePatrollingSchema_No_Priority" storage="d:\actions-runner\_work\xpco\xpco\corporate\recordingserver\recorderservice\tst\videoos.recorder.unittests\bin\x64\debug\net472\videoos.recorder.unittests.dll" id="b610443d-1838-4432-bf23-99e0321c9778">
      <Execution id="c678030f-3707-4591-9e77-89a75cff94a4" />
      <TestMethod codeBase="D:\actions-runner\_work\XPCO\XPCO\Corporate\RecordingServer\RecorderService\tst\VideoOS.Recorder.UnitTests\bin\x64\Debug\net472\VideoOS.Recorder.UnitTests.dll" adapterTypeName="executor://mstestadapter/v2" className="VideoOS.Recorder.UnitTests.WebServer.SOAPCommandRequestHandlerTests" name="SOAPCommandRequestHandler_ExecuteFunction_HandlePTZDeactivatePatrollingSchema_No_Priority" />
    </UnitTest>
    <UnitTest name="RecStorage_Startup_NotAllowStart_KeepFailing_Ok" storage="d:\actions-runner\_work\xpco\xpco\corporate\recordingserver\recorderservice\tst\videoos.recorder.unittests\bin\x64\debug\net472\videoos.recorder.unittests.dll" id="c609b5b6-1363-019f-e4a4-055655c23b0f">
      <Execution id="0a6e4fec-6adc-40bf-b58b-639dd1f5a565" />
      <TestMethod codeBase="D:\actions-runner\_work\XPCO\XPCO\Corporate\RecordingServer\RecorderService\tst\VideoOS.Recorder.UnitTests\bin\x64\Debug\net472\VideoOS.Recorder.UnitTests.dll" adapterTypeName="executor://mstestadapter/v2" className="VideoOS.Recorder.UnitTests.ObjectModel.MediaDbManagerUnitTests" name="RecStorage_Startup_NotAllowStart_KeepFailing_Ok" />
    </UnitTest>
    <UnitTest name="CheckExternalRecorderRegistrationCommandHandler_Execute_NullArgs_Throws" storage="d:\actions-runner\_work\xpco\xpco\corporate\recordingserver\recorderservice\tst\videoos.recorder.unittests\bin\x64\debug\net472\videoos.recorder.unittests.dll" id="ba5848f1-2b40-6b05-486c-f8baa54e4f00">
      <Execution id="50b2a143-840f-4fd7-a5ac-9977a6d4e0aa" />
      <TestMethod codeBase="D:\actions-runner\_work\XPCO\XPCO\Corporate\RecordingServer\RecorderService\tst\VideoOS.Recorder.UnitTests\bin\x64\Debug\net472\VideoOS.Recorder.UnitTests.dll" adapterTypeName="executor://mstestadapter/v2" className="VideoOS.Recorder.UnitTests.Command.CheckExternalRecorderRegistrationCommandHandlerUnitTests" name="CheckExternalRecorderRegistrationCommandHandler_Execute_NullArgs_Throws" />
    </UnitTest>
    <UnitTest name="GetHardwareUsersCommandHandler_Execute_HardwareNotFound_Fails" storage="d:\actions-runner\_work\xpco\xpco\corporate\recordingserver\recorderservice\tst\videoos.recorder.unittests\bin\x64\debug\net472\videoos.recorder.unittests.dll" id="d48b09cc-b7fc-08ec-0ebf-0631fd2160f8">
      <Execution id="6a9c93b3-ae33-4fcd-a7cd-c67e04d5b579" />
      <TestMethod codeBase="D:\actions-runner\_work\XPCO\XPCO\Corporate\RecordingServer\RecorderService\tst\VideoOS.Recorder.UnitTests\bin\x64\Debug\net472\VideoOS.Recorder.UnitTests.dll" adapterTypeName="executor://mstestadapter/v2" className="VideoOS.Recorder.UnitTests.Command.GetHardwareUsersCommandHandlerUnitTests" name="GetHardwareUsersCommandHandler_Execute_HardwareNotFound_Fails" />
    </UnitTest>
    <UnitTest name="RequestRecordKeyframesOnly_DoesntChangeRecordAllFrames_OnMoreThanOneRequestToRecordAllFrames" storage="d:\actions-runner\_work\xpco\xpco\corporate\recordingserver\recorderservice\tst\videoos.recorder.unittests\bin\x64\debug\net472\videoos.recorder.unittests.dll" id="2084f781-d987-cb17-5bce-57e18517931f">
      <TestCategory>
        <TestCategoryItem TestCategory="KeyframeRecording" />
      </TestCategory>
      <Execution id="f72f2af6-ebe8-4bfc-a06c-f833b496d34d" />
      <TestMethod codeBase="D:\actions-runner\_work\XPCO\XPCO\Corporate\RecordingServer\RecorderService\tst\VideoOS.Recorder.UnitTests\bin\x64\Debug\net472\VideoOS.Recorder.UnitTests.dll" adapterTypeName="executor://mstestadapter/v2" className="VideoOS.Recorder.UnitTests.StateEvaluation.DeviceRecordKeyframesStateEvaluatorTests" name="RequestRecordKeyframesOnly_DoesntChangeRecordAllFrames_OnMoreThanOneRequestToRecordAllFrames" />
    </UnitTest>
    <UnitTest name="SOAPCommandRequestHandler_ExecuteFunction_HandleJPEGGetAtOrBefore_Success" storage="d:\actions-runner\_work\xpco\xpco\corporate\recordingserver\recorderservice\tst\videoos.recorder.unittests\bin\x64\debug\net472\videoos.recorder.unittests.dll" id="2c393128-1d31-941d-fd39-4346e6775750">
      <Execution id="a67c0028-c485-406d-b0bf-df182e77c2ef" />
      <TestMethod codeBase="D:\actions-runner\_work\XPCO\XPCO\Corporate\RecordingServer\RecorderService\tst\VideoOS.Recorder.UnitTests\bin\x64\Debug\net472\VideoOS.Recorder.UnitTests.dll" adapterTypeName="executor://mstestadapter/v2" className="VideoOS.Recorder.UnitTests.WebServer.SOAPCommandRequestHandlerTests" name="SOAPCommandRequestHandler_ExecuteFunction_HandleJPEGGetAtOrBefore_Success" />
    </UnitTest>
    <UnitTest name="ConnectSuccess_OldPrivacyMaskFormat" storage="d:\actions-runner\_work\xpco\xpco\corporate\recordingserver\recorderservice\tst\videoos.recorder.unittests\bin\x64\debug\net472\videoos.recorder.unittests.dll" id="b83e952d-9f82-33ae-92bb-4cfc0c2f69f0">
      <Execution id="2f0be526-082f-4f93-b5c8-918da15d8494" />
      <TestMethod codeBase="D:\actions-runner\_work\XPCO\XPCO\Corporate\RecordingServer\RecorderService\tst\VideoOS.Recorder.UnitTests\bin\x64\Debug\net472\VideoOS.Recorder.UnitTests.dll" adapterTypeName="executor://mstestadapter/v2" className="VideoOS.Recorder.UnitTests.WebServer.ImageServerRequestHandlerTests" name="ConnectSuccess_OldPrivacyMaskFormat" />
    </UnitTest>
    <UnitTest name="MediaDbUtil_MultitrackNavigation_Scenario04" storage="d:\actions-runner\_work\xpco\xpco\corporate\recordingserver\recorderservice\tst\videoos.recorder.unittests\bin\x64\debug\net472\videoos.recorder.unittests.dll" id="039b2053-9696-e2fc-b7cf-94be9b051e58">
      <Execution id="54ee1ae4-e39e-433d-a1dc-5a09dfccf877" />
      <TestMethod codeBase="D:\actions-runner\_work\XPCO\XPCO\Corporate\RecordingServer\RecorderService\tst\VideoOS.Recorder.UnitTests\bin\x64\Debug\net472\VideoOS.Recorder.UnitTests.dll" adapterTypeName="executor://mstestadapter/v2" className="VideoOS.Recorder.UnitTests.WebServer.MediaDbUtilUnitTests" name="MediaDbUtil_MultitrackNavigation_Scenario04" />
    </UnitTest>
    <UnitTest name="SOAPCommandRequestHandler_ExecuteFunction_HandlePtzGetAbsolutePosition_Success" storage="d:\actions-runner\_work\xpco\xpco\corporate\recordingserver\recorderservice\tst\videoos.recorder.unittests\bin\x64\debug\net472\videoos.recorder.unittests.dll" id="f8373e9a-e7fb-8ad5-7e76-6dd87f57c880">
      <Execution id="d0f1ab28-5c78-4f7c-95e6-3de4581838cc" />
      <TestMethod codeBase="D:\actions-runner\_work\XPCO\XPCO\Corporate\RecordingServer\RecorderService\tst\VideoOS.Recorder.UnitTests\bin\x64\Debug\net472\VideoOS.Recorder.UnitTests.dll" adapterTypeName="executor://mstestadapter/v2" className="VideoOS.Recorder.UnitTests.WebServer.SOAPCommandRequestHandlerTests" name="SOAPCommandRequestHandler_ExecuteFunction_HandlePtzGetAbsolutePosition_Success" />
    </UnitTest>
    <UnitTest name="TimeRangeConversionRangesMatchStartAndEndTimeOutside" storage="d:\actions-runner\_work\xpco\xpco\corporate\recordingserver\recorderservice\tst\videoos.recorder.unittests\bin\x64\debug\net472\videoos.recorder.unittests.dll" id="1184c378-3743-c521-3a27-56e3206d4afd">
      <TestCategory>
        <TestCategoryItem TestCategory="TimeRangeConversion" />
      </TestCategory>
      <Execution id="e40f412a-c886-4b76-b3ad-b58505a7324e" />
      <TestMethod codeBase="D:\actions-runner\_work\XPCO\XPCO\Corporate\RecordingServer\RecorderService\tst\VideoOS.Recorder.UnitTests\bin\x64\Debug\net472\VideoOS.Recorder.UnitTests.dll" adapterTypeName="executor://mstestadapter/v2" className="VideoOS.Recorder.UnitTests.TimeRangeConversionTests.TimeRangeConversionTests" name="TimeRangeConversionRangesMatchStartAndEndTimeOutside" />
    </UnitTest>
    <UnitTest name="ConnectSuccess_NextSeq_Denied" storage="d:\actions-runner\_work\xpco\xpco\corporate\recordingserver\recorderservice\tst\videoos.recorder.unittests\bin\x64\debug\net472\videoos.recorder.unittests.dll" id="01207061-8f43-c08b-6323-fb99c1287977">
      <Execution id="7f38696f-d219-475d-adc0-bdbd233d1fae" />
      <TestMethod codeBase="D:\actions-runner\_work\XPCO\XPCO\Corporate\RecordingServer\RecorderService\tst\VideoOS.Recorder.UnitTests\bin\x64\Debug\net472\VideoOS.Recorder.UnitTests.dll" adapterTypeName="executor://mstestadapter/v2" className="VideoOS.Recorder.UnitTests.WebServer.ImageServerRequestHandlerTests" name="ConnectSuccess_NextSeq_Denied" />
    </UnitTest>
    <UnitTest name="SOAPCommandRequestHandler_ExecuteFunction_HandleSequencesGetAroundWithSpan_NoDeviceId" storage="d:\actions-runner\_work\xpco\xpco\corporate\recordingserver\recorderservice\tst\videoos.recorder.unittests\bin\x64\debug\net472\videoos.recorder.unittests.dll" id="e1a3cc24-4bf1-6614-480f-00cc6a19451b">
      <Execution id="195153f7-ebb5-4469-9257-e4ed11d8f8b8" />
      <TestMethod codeBase="D:\actions-runner\_work\XPCO\XPCO\Corporate\RecordingServer\RecorderService\tst\VideoOS.Recorder.UnitTests\bin\x64\Debug\net472\VideoOS.Recorder.UnitTests.dll" adapterTypeName="executor://mstestadapter/v2" className="VideoOS.Recorder.UnitTests.WebServer.SOAPCommandRequestHandlerTests" name="SOAPCommandRequestHandler_ExecuteFunction_HandleSequencesGetAroundWithSpan_NoDeviceId" />
    </UnitTest>
    <UnitTest name="SearchingBackwardsEmpty" storage="d:\actions-runner\_work\xpco\xpco\corporate\recordingserver\recorderservice\tst\videoos.recorder.unittests\bin\x64\debug\net472\videoos.recorder.unittests.dll" id="1ff4b6e7-c1ea-732c-e527-fce8c23b962e">
      <Execution id="dd2caa1f-3b81-4447-a68a-ec1eb61b52e8" />
      <TestMethod codeBase="D:\actions-runner\_work\XPCO\XPCO\Corporate\RecordingServer\RecorderService\tst\VideoOS.Recorder.UnitTests\bin\x64\Debug\net472\VideoOS.Recorder.UnitTests.dll" adapterTypeName="executor://mstestadapter/v2" className="VideoOS.Recorder.UnitTests.ObjectModel.RestrictedMediaHandlerTest" name="SearchingBackwardsEmpty" />
    </UnitTest>
    <UnitTest name="PtzStopSessionCommandHandler_Execute_PtzException_InsufficientPermission" storage="d:\actions-runner\_work\xpco\xpco\corporate\recordingserver\recorderservice\tst\videoos.recorder.unittests\bin\x64\debug\net472\videoos.recorder.unittests.dll" id="b2b1a9f1-1afb-4029-19a7-703636a3a0b1">
      <Execution id="e0736dbf-b4e5-4318-8d7f-d3fcbe72982a" />
      <TestMethod codeBase="D:\actions-runner\_work\XPCO\XPCO\Corporate\RecordingServer\RecorderService\tst\VideoOS.Recorder.UnitTests\bin\x64\Debug\net472\VideoOS.Recorder.UnitTests.dll" adapterTypeName="executor://mstestadapter/v2" className="VideoOS.Recorder.UnitTests.Command.PtzStopSessionCommandHandlerTest" name="PtzStopSessionCommandHandler_Execute_PtzException_InsufficientPermission" />
    </UnitTest>
    <UnitTest name="PtzReserveSessionCommandHandler_Execute_NotSupportedException" storage="d:\actions-runner\_work\xpco\xpco\corporate\recordingserver\recorderservice\tst\videoos.recorder.unittests\bin\x64\debug\net472\videoos.recorder.unittests.dll" id="ce3fd1d7-d608-094f-073f-52226a53a166">
      <Execution id="d34ba914-a06e-4637-b17c-cb47cb6deb57" />
      <TestMethod codeBase="D:\actions-runner\_work\XPCO\XPCO\Corporate\RecordingServer\RecorderService\tst\VideoOS.Recorder.UnitTests\bin\x64\Debug\net472\VideoOS.Recorder.UnitTests.dll" adapterTypeName="executor://mstestadapter/v2" className="VideoOS.Recorder.UnitTests.Command.PtzReserveSessionCommandHandlerTest" name="PtzReserveSessionCommandHandler_Execute_NotSupportedException" />
    </UnitTest>
    <UnitTest name="ArcStorage_Ok" storage="d:\actions-runner\_work\xpco\xpco\corporate\recordingserver\recorderservice\tst\videoos.recorder.unittests\bin\x64\debug\net472\videoos.recorder.unittests.dll" id="279ef243-f59c-b7ed-7e28-7e46d8077385">
      <Execution id="e5bf74ea-5cd9-4259-b394-6d9d527c617b" />
      <TestMethod codeBase="D:\actions-runner\_work\XPCO\XPCO\Corporate\RecordingServer\RecorderService\tst\VideoOS.Recorder.UnitTests\bin\x64\Debug\net472\VideoOS.Recorder.UnitTests.dll" adapterTypeName="executor://mstestadapter/v2" className="VideoOS.Recorder.UnitTests.ObjectModel.MediaDbManagerUnitTests" name="ArcStorage_Ok" />
    </UnitTest>
    <UnitTest name="SmartSearchHandlerForwardTestStartWithMotionButOutsideRecordingSequence" storage="d:\actions-runner\_work\xpco\xpco\corporate\recordingserver\recorderservice\tst\videoos.recorder.unittests\bin\x64\debug\net472\videoos.recorder.unittests.dll" id="f931501c-4807-9aff-d0ed-8cd7305596fe">
      <TestCategory>
        <TestCategoryItem TestCategory="SmartSearch" />
      </TestCategory>
      <Execution id="f9f37690-f680-48bc-b421-02cfebed7426" />
      <TestMethod codeBase="D:\actions-runner\_work\XPCO\XPCO\Corporate\RecordingServer\RecorderService\tst\VideoOS.Recorder.UnitTests\bin\x64\Debug\net472\VideoOS.Recorder.UnitTests.dll" adapterTypeName="executor://mstestadapter/v2" className="VideoOS.Recorder.UnitTests.SmartSearch.SmartSearchHandlerTest" name="SmartSearchHandlerForwardTestStartWithMotionButOutsideRecordingSequence" />
    </UnitTest>
    <UnitTest name="SOAPCommandRequestHandler_ExecuteFunction_HandlePTZMoveAbsolute_No_Priority" storage="d:\actions-runner\_work\xpco\xpco\corporate\recordingserver\recorderservice\tst\videoos.recorder.unittests\bin\x64\debug\net472\videoos.recorder.unittests.dll" id="5ad04535-1818-d080-de1a-2504c7ed3619">
      <Execution id="7e1d7d92-026d-4db0-b4dd-5e324675bf65" />
      <TestMethod codeBase="D:\actions-runner\_work\XPCO\XPCO\Corporate\RecordingServer\RecorderService\tst\VideoOS.Recorder.UnitTests\bin\x64\Debug\net472\VideoOS.Recorder.UnitTests.dll" adapterTypeName="executor://mstestadapter/v2" className="VideoOS.Recorder.UnitTests.WebServer.SOAPCommandRequestHandlerTests" name="SOAPCommandRequestHandler_ExecuteFunction_HandlePTZMoveAbsolute_No_Priority" />
    </UnitTest>
    <UnitTest name="RecordingStorageDeviceLinkEntries_QueryByDeviceId_Success" storage="d:\actions-runner\_work\xpco\xpco\corporate\recordingserver\recorderservice\tst\videoos.recorder.unittests\bin\x64\debug\net472\videoos.recorder.unittests.dll" id="c9ae505c-954a-a3d7-0ea8-010490b7d8f7">
      <Execution id="c0c087cd-7296-401b-a06b-9d34cfd2615a" />
      <TestMethod codeBase="D:\actions-runner\_work\XPCO\XPCO\Corporate\RecordingServer\RecorderService\tst\VideoOS.Recorder.UnitTests\bin\x64\Debug\net472\VideoOS.Recorder.UnitTests.dll" adapterTypeName="executor://mstestadapter/v2" className="VideoOS.Recorder.UnitTests.RecordingStorageDeviceLinkEntriesTests" name="RecordingStorageDeviceLinkEntries_QueryByDeviceId_Success" />
    </UnitTest>
    <UnitTest name="MoveLiveTableRegistrationToNewStorage" storage="d:\actions-runner\_work\xpco\xpco\corporate\recordingserver\recorderservice\tst\videoos.recorder.unittests\bin\x64\debug\net472\videoos.recorder.unittests.dll" id="a423304b-e3d2-899f-2405-1ad025659a1b">
      <Execution id="d3f193f4-a83b-46e6-a34f-2963d8d0bd0b" />
      <TestMethod codeBase="D:\actions-runner\_work\XPCO\XPCO\Corporate\RecordingServer\RecorderService\tst\VideoOS.Recorder.UnitTests\bin\x64\Debug\net472\VideoOS.Recorder.UnitTests.dll" adapterTypeName="executor://mstestadapter/v2" className="VideoOS.Recorder.UnitTests.Database.MediaDbLiveTableStorageInfoTests" name="MoveLiveTableRegistrationToNewStorage" />
    </UnitTest>
    <UnitTest name="CheckDeleteDeviceMediaCommandHandler_Validate_Need_To_Call_CreateLocalArchive" storage="d:\actions-runner\_work\xpco\xpco\corporate\recordingserver\recorderservice\tst\videoos.recorder.unittests\bin\x64\debug\net472\videoos.recorder.unittests.dll" id="289210e1-d714-1a06-270d-470232301a4e">
      <Execution id="4e1d8e03-091c-4c65-a1cc-42e4637a2330" />
      <TestMethod codeBase="D:\actions-runner\_work\XPCO\XPCO\Corporate\RecordingServer\RecorderService\tst\VideoOS.Recorder.UnitTests\bin\x64\Debug\net472\VideoOS.Recorder.UnitTests.dll" adapterTypeName="executor://mstestadapter/v2" className="VideoOS.Recorder.UnitTests.Command.CheckDeleteDeviceMediaCommandHandlerTests" name="CheckDeleteDeviceMediaCommandHandler_Validate_Need_To_Call_CreateLocalArchive" />
    </UnitTest>
    <UnitTest name="SOAPCommandRequestHandler_ExecuteFunction_HandleOutputTrigger_NoDeviceId" storage="d:\actions-runner\_work\xpco\xpco\corporate\recordingserver\recorderservice\tst\videoos.recorder.unittests\bin\x64\debug\net472\videoos.recorder.unittests.dll" id="802628e8-6fb5-26fa-d1b8-23fa66f773bb">
      <Execution id="d225e1af-ebfb-4ae5-902d-3ad48edc38d7" />
      <TestMethod codeBase="D:\actions-runner\_work\XPCO\XPCO\Corporate\RecordingServer\RecorderService\tst\VideoOS.Recorder.UnitTests\bin\x64\Debug\net472\VideoOS.Recorder.UnitTests.dll" adapterTypeName="executor://mstestadapter/v2" className="VideoOS.Recorder.UnitTests.WebServer.SOAPCommandRequestHandlerTests" name="SOAPCommandRequestHandler_ExecuteFunction_HandleOutputTrigger_NoDeviceId" />
    </UnitTest>
    <UnitTest name="DeleteHardwareUserCommandHandler_Execute_CurrentUserCannotBeDeleted_Error" storage="d:\actions-runner\_work\xpco\xpco\corporate\recordingserver\recorderservice\tst\videoos.recorder.unittests\bin\x64\debug\net472\videoos.recorder.unittests.dll" id="273bf021-17de-518c-95d7-ff32463af8ea">
      <Execution id="27a92795-cfd9-4b25-842f-a6500e420b97" />
      <TestMethod codeBase="D:\actions-runner\_work\XPCO\XPCO\Corporate\RecordingServer\RecorderService\tst\VideoOS.Recorder.UnitTests\bin\x64\Debug\net472\VideoOS.Recorder.UnitTests.dll" adapterTypeName="executor://mstestadapter/v2" className="VideoOS.Recorder.UnitTests.Command.DeleteHardwareUserCommandHandlerTest" name="DeleteHardwareUserCommandHandler_Execute_CurrentUserCannotBeDeleted_Error" />
    </UnitTest>
    <UnitTest name="SOAPCommandRequestHandler_ExecuteFunction_HandleTimeLineInformationGet_No_Microphone_Security" storage="d:\actions-runner\_work\xpco\xpco\corporate\recordingserver\recorderservice\tst\videoos.recorder.unittests\bin\x64\debug\net472\videoos.recorder.unittests.dll" id="7b72f010-1578-dd3e-0e81-7b0f265569ad">
      <Execution id="41b003e5-3b6a-4f8f-ad95-3e8c36d474f7" />
      <TestMethod codeBase="D:\actions-runner\_work\XPCO\XPCO\Corporate\RecordingServer\RecorderService\tst\VideoOS.Recorder.UnitTests\bin\x64\Debug\net472\VideoOS.Recorder.UnitTests.dll" adapterTypeName="executor://mstestadapter/v2" className="VideoOS.Recorder.UnitTests.WebServer.SOAPCommandRequestHandlerTests" name="SOAPCommandRequestHandler_ExecuteFunction_HandleTimeLineInformationGet_No_Microphone_Security" />
    </UnitTest>
    <UnitTest name="PtzPatrollingSessionBase_Pause_NotRunning" storage="d:\actions-runner\_work\xpco\xpco\corporate\recordingserver\recorderservice\tst\videoos.recorder.unittests\bin\x64\debug\net472\videoos.recorder.unittests.dll" id="db6af28e-50a4-6d1a-7c8e-2fc1b8d39003">
      <Execution id="62723b25-ae45-4fbf-8b8a-fbb7682262a0" />
      <TestMethod codeBase="D:\actions-runner\_work\XPCO\XPCO\Corporate\RecordingServer\RecorderService\tst\VideoOS.Recorder.UnitTests\bin\x64\Debug\net472\VideoOS.Recorder.UnitTests.dll" adapterTypeName="executor://mstestadapter/v2" className="VideoOS.Recorder.UnitTests.Command.PtzSessionsTests" name="PtzPatrollingSessionBase_Pause_NotRunning" />
    </UnitTest>
    <UnitTest name="UpdateConfigurationFromDiffGram_ServerAddress_Success" storage="d:\actions-runner\_work\xpco\xpco\corporate\recordingserver\recorderservice\tst\videoos.recorder.unittests\bin\x64\debug\net472\videoos.recorder.unittests.dll" id="85d18cf4-f8f7-0149-cadc-811b02ee02d9">
      <Execution id="6634ba3a-9cae-463f-9b23-001a27c9a731" />
      <TestMethod codeBase="D:\actions-runner\_work\XPCO\XPCO\Corporate\RecordingServer\RecorderService\tst\VideoOS.Recorder.UnitTests\bin\x64\Debug\net472\VideoOS.Recorder.UnitTests.dll" adapterTypeName="executor://mstestadapter/v2" className="VideoOS.Recorder.UnitTests.Multicast.LiveMulticastProcessorUnitTests" name="UpdateConfigurationFromDiffGram_ServerAddress_Success" />
    </UnitTest>
    <UnitTest name="RecorderTaskStopped_InternalStateStartedCompatibleAndConnected_CallsCommunicator" storage="d:\actions-runner\_work\xpco\xpco\corporate\recordingserver\recorderservice\tst\videoos.recorder.unittests\bin\x64\debug\net472\videoos.recorder.unittests.dll" id="605c7227-cd09-8947-873a-f25cb5e2e230">
      <Execution id="2dc3c2c7-0d86-4c4f-b4ad-597d5972746a" />
      <TestMethod codeBase="D:\actions-runner\_work\XPCO\XPCO\Corporate\RecordingServer\RecorderService\tst\VideoOS.Recorder.UnitTests\bin\x64\Debug\net472\VideoOS.Recorder.UnitTests.dll" adapterTypeName="executor://mstestadapter/v2" className="VideoOS.Recorder.UnitTests.CommManagerWebApiTests" name="RecorderTaskStopped_InternalStateStartedCompatibleAndConnected_CallsCommunicator" />
    </UnitTest>
    <UnitTest name="SOAPCommandRequestHandler_ExecuteFunction_HandleSmartSearchCancel_NoSmartSearchId" storage="d:\actions-runner\_work\xpco\xpco\corporate\recordingserver\recorderservice\tst\videoos.recorder.unittests\bin\x64\debug\net472\videoos.recorder.unittests.dll" id="bc47c777-b840-2a5f-66e4-98b5b2140e2c">
      <Execution id="031fc0a7-c762-480e-bfde-f48508826722" />
      <TestMethod codeBase="D:\actions-runner\_work\XPCO\XPCO\Corporate\RecordingServer\RecorderService\tst\VideoOS.Recorder.UnitTests\bin\x64\Debug\net472\VideoOS.Recorder.UnitTests.dll" adapterTypeName="executor://mstestadapter/v2" className="VideoOS.Recorder.UnitTests.WebServer.SOAPCommandRequestHandlerTests" name="SOAPCommandRequestHandler_ExecuteFunction_HandleSmartSearchCancel_NoSmartSearchId" />
    </UnitTest>
    <UnitTest name="SOAPCommandRequestHandler_ExecuteFunction_HandleSequencesGetAroundWithSpan_NoMaxTimeBefore" storage="d:\actions-runner\_work\xpco\xpco\corporate\recordingserver\recorderservice\tst\videoos.recorder.unittests\bin\x64\debug\net472\videoos.recorder.unittests.dll" id="2886a1e5-b545-f681-6d8e-ded7da6dd0c9">
      <Execution id="0be13be5-5769-4be9-8ac2-408b64cb1f2c" />
      <TestMethod codeBase="D:\actions-runner\_work\XPCO\XPCO\Corporate\RecordingServer\RecorderService\tst\VideoOS.Recorder.UnitTests\bin\x64\Debug\net472\VideoOS.Recorder.UnitTests.dll" adapterTypeName="executor://mstestadapter/v2" className="VideoOS.Recorder.UnitTests.WebServer.SOAPCommandRequestHandlerTests" name="SOAPCommandRequestHandler_ExecuteFunction_HandleSequencesGetAroundWithSpan_NoMaxTimeBefore" />
    </UnitTest>
    <UnitTest name="PtzManagerDataHolder_RemoveSchema_Not_Exists" storage="d:\actions-runner\_work\xpco\xpco\corporate\recordingserver\recorderservice\tst\videoos.recorder.unittests\bin\x64\debug\net472\videoos.recorder.unittests.dll" id="a1776dc1-f5b3-b5d1-57c5-7db2cdbddfaf">
      <Execution id="55a1479b-d76d-4261-b6f4-4e1f2a02bfa5" />
      <TestMethod codeBase="D:\actions-runner\_work\XPCO\XPCO\Corporate\RecordingServer\RecorderService\tst\VideoOS.Recorder.UnitTests\bin\x64\Debug\net472\VideoOS.Recorder.UnitTests.dll" adapterTypeName="executor://mstestadapter/v2" className="VideoOS.Recorder.UnitTests.Command.PtzManagerDataHolderTest" name="PtzManagerDataHolder_RemoveSchema_Not_Exists" />
    </UnitTest>
    <UnitTest name="CollectMediaStatusCommandHandler_MediaDbRepair" storage="d:\actions-runner\_work\xpco\xpco\corporate\recordingserver\recorderservice\tst\videoos.recorder.unittests\bin\x64\debug\net472\videoos.recorder.unittests.dll" id="2b1f3b6a-aaf2-ed1b-ef4f-eaf8a5cb9923">
      <Execution id="897e2283-0278-4456-9f11-20f03e20b617" />
      <TestMethod codeBase="D:\actions-runner\_work\XPCO\XPCO\Corporate\RecordingServer\RecorderService\tst\VideoOS.Recorder.UnitTests\bin\x64\Debug\net472\VideoOS.Recorder.UnitTests.dll" adapterTypeName="executor://mstestadapter/v2" className="VideoOS.Recorder.UnitTests.Command.CollectMediaStatusCommandHandlerTests" name="CollectMediaStatusCommandHandler_MediaDbRepair" />
    </UnitTest>
    <UnitTest name="CheckExternalRecorderRegistrationCommandHandler_Execute_HardwareNotEnabled_ErrorResponse" storage="d:\actions-runner\_work\xpco\xpco\corporate\recordingserver\recorderservice\tst\videoos.recorder.unittests\bin\x64\debug\net472\videoos.recorder.unittests.dll" id="b2d1aeaa-91be-0e1b-799c-a198487e8821">
      <Execution id="108419fb-2300-48f9-9b14-2ef2f9ffb2c3" />
      <TestMethod codeBase="D:\actions-runner\_work\XPCO\XPCO\Corporate\RecordingServer\RecorderService\tst\VideoOS.Recorder.UnitTests\bin\x64\Debug\net472\VideoOS.Recorder.UnitTests.dll" adapterTypeName="executor://mstestadapter/v2" className="VideoOS.Recorder.UnitTests.Command.CheckExternalRecorderRegistrationCommandHandlerUnitTests" name="CheckExternalRecorderRegistrationCommandHandler_Execute_HardwareNotEnabled_ErrorResponse" />
    </UnitTest>
    <UnitTest name="PrepareMoveHardwareCommandHandler_Execute_StorageOffline_ErrorResponse" storage="d:\actions-runner\_work\xpco\xpco\corporate\recordingserver\recorderservice\tst\videoos.recorder.unittests\bin\x64\debug\net472\videoos.recorder.unittests.dll" id="4636b9dc-c357-c362-b966-78bb4d5fdfce">
      <Execution id="266ba7b5-bbca-48b9-894a-d28cfd555fa5" />
      <TestMethod codeBase="D:\actions-runner\_work\XPCO\XPCO\Corporate\RecordingServer\RecorderService\tst\VideoOS.Recorder.UnitTests\bin\x64\Debug\net472\VideoOS.Recorder.UnitTests.dll" adapterTypeName="executor://mstestadapter/v2" className="VideoOS.Recorder.UnitTests.Command.PrepareMoveHardwareCommandHandlerTests" name="PrepareMoveHardwareCommandHandler_Execute_StorageOffline_ErrorResponse" />
    </UnitTest>
    <UnitTest name="LicenseManager_IsFeatureLicensed_AxisOneClick_Success" storage="d:\actions-runner\_work\xpco\xpco\corporate\recordingserver\recorderservice\tst\videoos.recorder.unittests\bin\x64\debug\net472\videoos.recorder.unittests.dll" id="58b8d886-43f4-ab82-423a-507a2231294b">
      <TestCategory>
        <TestCategoryItem TestCategory="Licensing" />
      </TestCategory>
      <Execution id="2f514fc3-16f0-4c65-b13e-46b7c80f096c" />
      <TestMethod codeBase="D:\actions-runner\_work\XPCO\XPCO\Corporate\RecordingServer\RecorderService\tst\VideoOS.Recorder.UnitTests\bin\x64\Debug\net472\VideoOS.Recorder.UnitTests.dll" adapterTypeName="executor://mstestadapter/v2" className="VideoOS.Recorder.UnitTests.Licensing.LicenseManagerUnitTests" name="LicenseManager_IsFeatureLicensed_AxisOneClick_Success" />
    </UnitTest>
    <UnitTest name="LicenseManager_TryGetFeatureExpiryDate_InvalidOperation" storage="d:\actions-runner\_work\xpco\xpco\corporate\recordingserver\recorderservice\tst\videoos.recorder.unittests\bin\x64\debug\net472\videoos.recorder.unittests.dll" id="d56e476a-51a4-e2c1-ac36-f4b139422e78">
      <TestCategory>
        <TestCategoryItem TestCategory="Licensing" />
      </TestCategory>
      <Execution id="18d06481-bd1d-44cd-ace2-2fc5efa31136" />
      <TestMethod codeBase="D:\actions-runner\_work\XPCO\XPCO\Corporate\RecordingServer\RecorderService\tst\VideoOS.Recorder.UnitTests\bin\x64\Debug\net472\VideoOS.Recorder.UnitTests.dll" adapterTypeName="executor://mstestadapter/v2" className="VideoOS.Recorder.UnitTests.Licensing.LicenseManagerUnitTests" name="LicenseManager_TryGetFeatureExpiryDate_InvalidOperation" />
    </UnitTest>
    <UnitTest name="PtzReleaseSessionCommandHandler_Constructor_Argument_Exception" storage="d:\actions-runner\_work\xpco\xpco\corporate\recordingserver\recorderservice\tst\videoos.recorder.unittests\bin\x64\debug\net472\videoos.recorder.unittests.dll" id="b06c0ff2-b96a-82d5-47d2-6ada600c6ac4">
      <Execution id="ae907ff0-faf5-4819-a561-0de767f7e681" />
      <TestMethod codeBase="D:\actions-runner\_work\XPCO\XPCO\Corporate\RecordingServer\RecorderService\tst\VideoOS.Recorder.UnitTests\bin\x64\Debug\net472\VideoOS.Recorder.UnitTests.dll" adapterTypeName="executor://mstestadapter/v2" className="VideoOS.Recorder.UnitTests.Command.PtzReleaseSessionCommandHandlerTest" name="PtzReleaseSessionCommandHandler_Constructor_Argument_Exception" />
    </UnitTest>
    <UnitTest name="GetSettingAsInt16_NonShortValue_Throws_InvalidMulticastSettingsException" storage="d:\actions-runner\_work\xpco\xpco\corporate\recordingserver\recorderservice\tst\videoos.recorder.unittests\bin\x64\debug\net472\videoos.recorder.unittests.dll" id="bc96c959-61a5-af4e-34a3-499043550e69">
      <Execution id="d04c5e3e-6280-4f65-801a-9b826ecbaa93" />
      <TestMethod codeBase="D:\actions-runner\_work\XPCO\XPCO\Corporate\RecordingServer\RecorderService\tst\VideoOS.Recorder.UnitTests\bin\x64\Debug\net472\VideoOS.Recorder.UnitTests.dll" adapterTypeName="executor://mstestadapter/v2" className="VideoOS.Recorder.UnitTests.Multicast.MulticastSettingsExtensionsUnitTests" name="GetSettingAsInt16_NonShortValue_Throws_InvalidMulticastSettingsException" />
    </UnitTest>
    <UnitTest name="MediaDbRepairStatus_StillWithinRepairTime" storage="d:\actions-runner\_work\xpco\xpco\corporate\recordingserver\recorderservice\tst\videoos.recorder.unittests\bin\x64\debug\net472\videoos.recorder.unittests.dll" id="690896ac-bb37-5cf7-d792-7478f7fc943d">
      <TestCategory>
        <TestCategoryItem TestCategory="MediaDbRepairStateTests" />
      </TestCategory>
      <Execution id="19e1dce9-09ad-4181-a570-605d4a4da5e8" />
      <TestMethod codeBase="D:\actions-runner\_work\XPCO\XPCO\Corporate\RecordingServer\RecorderService\tst\VideoOS.Recorder.UnitTests\bin\x64\Debug\net472\VideoOS.Recorder.UnitTests.dll" adapterTypeName="executor://mstestadapter/v2" className="VideoOS.Recorder.UnitTests.TimeRangeConversionTests.MediaDbRepairStatusTests" name="MediaDbRepairStatus_StillWithinRepairTime" />
    </UnitTest>
    <UnitTest name="SOAPCommandRequestHandler_Constructor_ArgumentNullException" storage="d:\actions-runner\_work\xpco\xpco\corporate\recordingserver\recorderservice\tst\videoos.recorder.unittests\bin\x64\debug\net472\videoos.recorder.unittests.dll" id="90b402e5-869a-fa3b-54b9-c773a3203aaf">
      <Execution id="15681dd7-705b-47ac-b5fd-3027537cfc96" />
      <TestMethod codeBase="D:\actions-runner\_work\XPCO\XPCO\Corporate\RecordingServer\RecorderService\tst\VideoOS.Recorder.UnitTests\bin\x64\Debug\net472\VideoOS.Recorder.UnitTests.dll" adapterTypeName="executor://mstestadapter/v2" className="VideoOS.Recorder.UnitTests.WebServer.SOAPCommandRequestHandlerTests" name="SOAPCommandRequestHandler_Constructor_ArgumentNullException" />
    </UnitTest>
    <UnitTest name="CollectMediaStatusCommandHandler_MediaStorageReaderException" storage="d:\actions-runner\_work\xpco\xpco\corporate\recordingserver\recorderservice\tst\videoos.recorder.unittests\bin\x64\debug\net472\videoos.recorder.unittests.dll" id="0de3df14-d764-433d-787a-88d2b74272fa">
      <Execution id="ce7076f9-17dd-45dd-8541-330b736d1b21" />
      <TestMethod codeBase="D:\actions-runner\_work\XPCO\XPCO\Corporate\RecordingServer\RecorderService\tst\VideoOS.Recorder.UnitTests\bin\x64\Debug\net472\VideoOS.Recorder.UnitTests.dll" adapterTypeName="executor://mstestadapter/v2" className="VideoOS.Recorder.UnitTests.Command.CollectMediaStatusCommandHandlerTests" name="CollectMediaStatusCommandHandler_MediaStorageReaderException" />
    </UnitTest>
    <UnitTest name="SOAPCommandRequestHandler_ExecuteFunction_HandlePTZRectangle_Width_Not_Double" storage="d:\actions-runner\_work\xpco\xpco\corporate\recordingserver\recorderservice\tst\videoos.recorder.unittests\bin\x64\debug\net472\videoos.recorder.unittests.dll" id="5164a939-4212-4209-7f73-68f301761e1c">
      <Execution id="bf9a0d88-5044-4586-b36e-cf7747e17e50" />
      <TestMethod codeBase="D:\actions-runner\_work\XPCO\XPCO\Corporate\RecordingServer\RecorderService\tst\VideoOS.Recorder.UnitTests\bin\x64\Debug\net472\VideoOS.Recorder.UnitTests.dll" adapterTypeName="executor://mstestadapter/v2" className="VideoOS.Recorder.UnitTests.WebServer.SOAPCommandRequestHandlerTests" name="SOAPCommandRequestHandler_ExecuteFunction_HandlePTZRectangle_Width_Not_Double" />
    </UnitTest>
    <UnitTest name="CollectRecorderInfoCommandXmlConverter_ArchiveProgress_Single_WithProgress" storage="d:\actions-runner\_work\xpco\xpco\corporate\recordingserver\recorderservice\tst\videoos.recorder.unittests\bin\x64\debug\net472\videoos.recorder.unittests.dll" id="1255307f-f6e6-fe6a-996c-4e1d632a87c8">
      <Execution id="87cb7c92-342c-47f9-af89-c9c7472d3041" />
      <TestMethod codeBase="D:\actions-runner\_work\XPCO\XPCO\Corporate\RecordingServer\RecorderService\tst\VideoOS.Recorder.UnitTests\bin\x64\Debug\net472\VideoOS.Recorder.UnitTests.dll" adapterTypeName="executor://mstestadapter/v2" className="VideoOS.Recorder.UnitTests.Command.CollectRecorderInfoCommandXmlConverterTest" name="CollectRecorderInfoCommandXmlConverter_ArchiveProgress_Single_WithProgress" />
    </UnitTest>
    <UnitTest name="GetMulticastConnectData_Success" storage="d:\actions-runner\_work\xpco\xpco\corporate\recordingserver\recorderservice\tst\videoos.recorder.unittests\bin\x64\debug\net472\videoos.recorder.unittests.dll" id="af2d9538-16b8-319e-83bc-b6238cfb1564">
      <Execution id="8508150f-8d63-45fc-b492-e3dc1c1334cb" />
      <TestMethod codeBase="D:\actions-runner\_work\XPCO\XPCO\Corporate\RecordingServer\RecorderService\tst\VideoOS.Recorder.UnitTests\bin\x64\Debug\net472\VideoOS.Recorder.UnitTests.dll" adapterTypeName="executor://mstestadapter/v2" className="VideoOS.Recorder.UnitTests.Multicast.LiveMulticastProcessorUnitTests" name="GetMulticastConnectData_Success" />
    </UnitTest>
    <UnitTest name="ChangeHardwarePasswordCommandHandler_Execute_Success" storage="d:\actions-runner\_work\xpco\xpco\corporate\recordingserver\recorderservice\tst\videoos.recorder.unittests\bin\x64\debug\net472\videoos.recorder.unittests.dll" id="814b8c0a-160f-1311-d907-98ac754563aa">
      <Execution id="c4ce1e9d-ce11-4163-a19c-7a7822837e55" />
      <TestMethod codeBase="D:\actions-runner\_work\XPCO\XPCO\Corporate\RecordingServer\RecorderService\tst\VideoOS.Recorder.UnitTests\bin\x64\Debug\net472\VideoOS.Recorder.UnitTests.dll" adapterTypeName="executor://mstestadapter/v2" className="VideoOS.Recorder.UnitTests.Command.ChangeHardwarePasswordCommandHandlerUnitTests" name="ChangeHardwarePasswordCommandHandler_Execute_Success" />
    </UnitTest>
    <UnitTest name="PtzManager_SetConfiguration_Unknown_Exception" storage="d:\actions-runner\_work\xpco\xpco\corporate\recordingserver\recorderservice\tst\videoos.recorder.unittests\bin\x64\debug\net472\videoos.recorder.unittests.dll" id="9e946e1a-69e1-5173-befa-827104fe6bea">
      <Execution id="ddc34fd5-3a15-4b3f-b43f-3659aea300a0" />
      <TestMethod codeBase="D:\actions-runner\_work\XPCO\XPCO\Corporate\RecordingServer\RecorderService\tst\VideoOS.Recorder.UnitTests\bin\x64\Debug\net472\VideoOS.Recorder.UnitTests.dll" adapterTypeName="executor://mstestadapter/v2" className="VideoOS.Recorder.UnitTests.Command.PtzManagerTests" name="PtzManager_SetConfiguration_Unknown_Exception" />
    </UnitTest>
    <UnitTest name="ChangeHardwarePasswordCommandHandler_Execute_HardwareNotStarted_Errors" storage="d:\actions-runner\_work\xpco\xpco\corporate\recordingserver\recorderservice\tst\videoos.recorder.unittests\bin\x64\debug\net472\videoos.recorder.unittests.dll" id="248633a8-419e-cde7-d246-f6ef50f7ef4a">
      <Execution id="d5458c99-f4fa-4370-b48b-f9267f132db7" />
      <TestMethod codeBase="D:\actions-runner\_work\XPCO\XPCO\Corporate\RecordingServer\RecorderService\tst\VideoOS.Recorder.UnitTests\bin\x64\Debug\net472\VideoOS.Recorder.UnitTests.dll" adapterTypeName="executor://mstestadapter/v2" className="VideoOS.Recorder.UnitTests.Command.ChangeHardwarePasswordCommandHandlerUnitTests" name="ChangeHardwarePasswordCommandHandler_Execute_HardwareNotStarted_Errors" />
    </UnitTest>
    <UnitTest name="SOAPCommandRequestHandler_ExecuteFunction_HandleOutputGetState_NoDeviceId" storage="d:\actions-runner\_work\xpco\xpco\corporate\recordingserver\recorderservice\tst\videoos.recorder.unittests\bin\x64\debug\net472\videoos.recorder.unittests.dll" id="ad222203-2d97-008d-8192-c303782b71d9">
      <Execution id="792f6687-51e0-4919-b9b4-65479846f852" />
      <TestMethod codeBase="D:\actions-runner\_work\XPCO\XPCO\Corporate\RecordingServer\RecorderService\tst\VideoOS.Recorder.UnitTests\bin\x64\Debug\net472\VideoOS.Recorder.UnitTests.dll" adapterTypeName="executor://mstestadapter/v2" className="VideoOS.Recorder.UnitTests.WebServer.SOAPCommandRequestHandlerTests" name="SOAPCommandRequestHandler_ExecuteFunction_HandleOutputGetState_NoDeviceId" />
    </UnitTest>
    <UnitTest name="CollectMediaStatusCommandHandler_No_Device_Object" storage="d:\actions-runner\_work\xpco\xpco\corporate\recordingserver\recorderservice\tst\videoos.recorder.unittests\bin\x64\debug\net472\videoos.recorder.unittests.dll" id="b2a1b712-46a5-733f-1612-f15200d0057b">
      <Execution id="58b17022-93b4-4b9e-b594-84af05179f16" />
      <TestMethod codeBase="D:\actions-runner\_work\XPCO\XPCO\Corporate\RecordingServer\RecorderService\tst\VideoOS.Recorder.UnitTests\bin\x64\Debug\net472\VideoOS.Recorder.UnitTests.dll" adapterTypeName="executor://mstestadapter/v2" className="VideoOS.Recorder.UnitTests.Command.CollectMediaStatusCommandHandlerTests" name="CollectMediaStatusCommandHandler_No_Device_Object" />
    </UnitTest>
    <UnitTest name="PrepareMoveHardwareCommandHandler_Execute_Command_Null_ArgumentException" storage="d:\actions-runner\_work\xpco\xpco\corporate\recordingserver\recorderservice\tst\videoos.recorder.unittests\bin\x64\debug\net472\videoos.recorder.unittests.dll" id="9c635f9f-e840-1299-44fc-4dafb07bd703">
      <Execution id="cb94f3a3-ca2c-4676-b3b4-a3615be9842f" />
      <TestMethod codeBase="D:\actions-runner\_work\XPCO\XPCO\Corporate\RecordingServer\RecorderService\tst\VideoOS.Recorder.UnitTests\bin\x64\Debug\net472\VideoOS.Recorder.UnitTests.dll" adapterTypeName="executor://mstestadapter/v2" className="VideoOS.Recorder.UnitTests.Command.PrepareMoveHardwareCommandHandlerTests" name="PrepareMoveHardwareCommandHandler_Execute_Command_Null_ArgumentException" />
    </UnitTest>
    <UnitTest name="Test_WriteEnabledResolved_In_Failover" storage="d:\actions-runner\_work\xpco\xpco\corporate\recordingserver\recorderservice\tst\videoos.recorder.unittests\bin\x64\debug\net472\videoos.recorder.unittests.dll" id="b032112f-1b13-3d03-bb25-b6835e6a65aa">
      <Execution id="c4e6086a-094f-4e99-9d40-fb61bbe3e69f" />
      <TestMethod codeBase="D:\actions-runner\_work\XPCO\XPCO\Corporate\RecordingServer\RecorderService\tst\VideoOS.Recorder.UnitTests\bin\x64\Debug\net472\VideoOS.Recorder.UnitTests.dll" adapterTypeName="executor://mstestadapter/v2" className="VideoOS.Recorder.UnitTests.Consumers.TableInfoTests" name="Test_WriteEnabledResolved_In_Failover" />
    </UnitTest>
    <UnitTest name="DatabaseBankInfo_Sum_Online" storage="d:\actions-runner\_work\xpco\xpco\corporate\recordingserver\recorderservice\tst\videoos.recorder.unittests\bin\x64\debug\net472\videoos.recorder.unittests.dll" id="fc7e9908-3587-b14b-442e-5b6a1e61adc9">
      <Execution id="4c6e5d09-00d2-4258-942d-5fe1869e4d36" />
      <TestMethod codeBase="D:\actions-runner\_work\XPCO\XPCO\Corporate\RecordingServer\RecorderService\tst\VideoOS.Recorder.UnitTests\bin\x64\Debug\net472\VideoOS.Recorder.UnitTests.dll" adapterTypeName="executor://mstestadapter/v2" className="VideoOS.Recorder.UnitTests.Database.DatabaseBankInfoTests" name="DatabaseBankInfo_Sum_Online" />
    </UnitTest>
    <UnitTest name="GetAbsolutePtzPositionCommandHandler_Execute_Argument_Exception" storage="d:\actions-runner\_work\xpco\xpco\corporate\recordingserver\recorderservice\tst\videoos.recorder.unittests\bin\x64\debug\net472\videoos.recorder.unittests.dll" id="96f297f7-010e-ccbe-b014-3da76d4969c3">
      <Execution id="c824b7bd-8f86-4a53-9ce4-fe414ce5b513" />
      <TestMethod codeBase="D:\actions-runner\_work\XPCO\XPCO\Corporate\RecordingServer\RecorderService\tst\VideoOS.Recorder.UnitTests\bin\x64\Debug\net472\VideoOS.Recorder.UnitTests.dll" adapterTypeName="executor://mstestadapter/v2" className="VideoOS.Recorder.UnitTests.Command.GetAbsolutePtzPositionCommandHandlerTest" name="GetAbsolutePtzPositionCommandHandler_Execute_Argument_Exception" />
    </UnitTest>
    <UnitTest name="PtzReserveSessionCommandHandler_Execute_Preset_Not_Supported" storage="d:\actions-runner\_work\xpco\xpco\corporate\recordingserver\recorderservice\tst\videoos.recorder.unittests\bin\x64\debug\net472\videoos.recorder.unittests.dll" id="ff6df7b0-23d8-0454-b1e5-5d8debd02a40">
      <Execution id="a4fa46e9-3649-4061-a7ab-5649f7d8cad6" />
      <TestMethod codeBase="D:\actions-runner\_work\XPCO\XPCO\Corporate\RecordingServer\RecorderService\tst\VideoOS.Recorder.UnitTests\bin\x64\Debug\net472\VideoOS.Recorder.UnitTests.dll" adapterTypeName="executor://mstestadapter/v2" className="VideoOS.Recorder.UnitTests.Command.PtzReserveSessionCommandHandlerTest" name="PtzReserveSessionCommandHandler_Execute_Preset_Not_Supported" />
    </UnitTest>
    <UnitTest name="EnsureDeployment" storage="d:\actions-runner\_work\xpco\xpco\corporate\recordingserver\recorderservice\tst\videoos.recorder.unittests\bin\x64\debug\net472\videoos.recorder.unittests.dll" id="af9c515c-990a-46b7-7894-bf5804e02abd">
      <Execution id="fc6568ae-639b-4fb8-ba9e-14c91bca2c2c" />
      <TestMethod codeBase="D:\actions-runner\_work\XPCO\XPCO\Corporate\RecordingServer\RecorderService\tst\VideoOS.Recorder.UnitTests\bin\x64\Debug\net472\VideoOS.Recorder.UnitTests.dll" adapterTypeName="executor://mstestadapter/v2" className="VideoOS.Recorder.UnitTests.AssemblyTestClass" name="EnsureDeployment" />
    </UnitTest>
    <UnitTest name="ConfigurationController_UpdateSystemConfiguration_IsValid_NoContent" storage="d:\actions-runner\_work\xpco\xpco\corporate\recordingserver\recorderservice\tst\videoos.recorder.unittests\bin\x64\debug\net472\videoos.recorder.unittests.dll" id="0f6b41fe-2883-b304-9a30-c41f3a9508b9">
      <Execution id="ea47b624-de1d-49e1-9ace-36922d370c60" />
      <TestMethod codeBase="D:\actions-runner\_work\XPCO\XPCO\Corporate\RecordingServer\RecorderService\tst\VideoOS.Recorder.UnitTests\bin\x64\Debug\net472\VideoOS.Recorder.UnitTests.dll" adapterTypeName="executor://mstestadapter/v2" className="VideoOS.Recorder.UnitTests.ConfigurationControllerTests" name="ConfigurationController_UpdateSystemConfiguration_IsValid_NoContent" />
    </UnitTest>
    <UnitTest name="MediaDbConfigurationWriter_WriteRecordingStorageAndArchivesConfiguration" storage="d:\actions-runner\_work\xpco\xpco\corporate\recordingserver\recorderservice\tst\videoos.recorder.unittests\bin\x64\debug\net472\videoos.recorder.unittests.dll" id="946220f3-0b91-ce52-0cf4-1abc839b9c49">
      <Execution id="a356b452-5d75-477a-9725-e35692299470" />
      <TestMethod codeBase="D:\actions-runner\_work\XPCO\XPCO\Corporate\RecordingServer\RecorderService\tst\VideoOS.Recorder.UnitTests\bin\x64\Debug\net472\VideoOS.Recorder.UnitTests.dll" adapterTypeName="executor://mstestadapter/v2" className="VideoOS.Recorder.UnitTests.Database.MediaDbConfigurationWriterUnitTests" name="MediaDbConfigurationWriter_WriteRecordingStorageAndArchivesConfiguration" />
    </UnitTest>
    <UnitTest name="SOAPCommandRequestHandler_ExecuteFunction_HandleSequencesGetAround_NoMaxCountAfter" storage="d:\actions-runner\_work\xpco\xpco\corporate\recordingserver\recorderservice\tst\videoos.recorder.unittests\bin\x64\debug\net472\videoos.recorder.unittests.dll" id="ef59d40b-5543-ffd1-2a2d-387acc978edf">
      <Execution id="ca494a1a-d812-4369-8985-f01d6ac8b20e" />
      <TestMethod codeBase="D:\actions-runner\_work\XPCO\XPCO\Corporate\RecordingServer\RecorderService\tst\VideoOS.Recorder.UnitTests\bin\x64\Debug\net472\VideoOS.Recorder.UnitTests.dll" adapterTypeName="executor://mstestadapter/v2" className="VideoOS.Recorder.UnitTests.WebServer.SOAPCommandRequestHandlerTests" name="SOAPCommandRequestHandler_ExecuteFunction_HandleSequencesGetAround_NoMaxCountAfter" />
    </UnitTest>
    <UnitTest name="EdgeStorageLimitsParallel" storage="d:\actions-runner\_work\xpco\xpco\corporate\recordingserver\recorderservice\tst\videoos.recorder.unittests\bin\x64\debug\net472\videoos.recorder.unittests.dll" id="3297e64a-96d1-e7c5-1500-1d70047b24a0">
      <TestCategory>
        <TestCategoryItem TestCategory="EdgeStorageLimits" />
      </TestCategory>
      <Execution id="50836f3b-e494-49f7-9224-782c62f268be" />
      <TestMethod codeBase="D:\actions-runner\_work\XPCO\XPCO\Corporate\RecordingServer\RecorderService\tst\VideoOS.Recorder.UnitTests\bin\x64\Debug\net472\VideoOS.Recorder.UnitTests.dll" adapterTypeName="executor://mstestadapter/v2" className="VideoOS.Recorder.UnitTests.EdgeStorage.EdgeStorageLimitTests" name="EdgeStorageLimitsParallel" />
    </UnitTest>
    <UnitTest name="MediaDbCache_SetDiskUsageInformationBank_Path_Null_ArgumentNullException" storage="d:\actions-runner\_work\xpco\xpco\corporate\recordingserver\recorderservice\tst\videoos.recorder.unittests\bin\x64\debug\net472\videoos.recorder.unittests.dll" id="ff0e50d2-cbea-a62d-2ef5-bef80ba5a011">
      <Execution id="d95ff636-f5f9-4749-ae92-84a64526a29f" />
      <TestMethod codeBase="D:\actions-runner\_work\XPCO\XPCO\Corporate\RecordingServer\RecorderService\tst\VideoOS.Recorder.UnitTests\bin\x64\Debug\net472\VideoOS.Recorder.UnitTests.dll" adapterTypeName="executor://mstestadapter/v2" className="VideoOS.Recorder.UnitTests.Database.MediaDbCacheUnitTests" name="MediaDbCache_SetDiskUsageInformationBank_Path_Null_ArgumentNullException" />
    </UnitTest>
    <UnitTest name="PtzManagerDataHolder_RemoveSchema_Success" storage="d:\actions-runner\_work\xpco\xpco\corporate\recordingserver\recorderservice\tst\videoos.recorder.unittests\bin\x64\debug\net472\videoos.recorder.unittests.dll" id="0d406c31-ec0a-f56c-17c7-10a4cee434f7">
      <Execution id="f3cee7b7-a641-47b8-9498-6459015232e6" />
      <TestMethod codeBase="D:\actions-runner\_work\XPCO\XPCO\Corporate\RecordingServer\RecorderService\tst\VideoOS.Recorder.UnitTests\bin\x64\Debug\net472\VideoOS.Recorder.UnitTests.dll" adapterTypeName="executor://mstestadapter/v2" className="VideoOS.Recorder.UnitTests.Command.PtzManagerDataHolderTest" name="PtzManagerDataHolder_RemoveSchema_Success" />
    </UnitTest>
    <UnitTest name="ReadMessageHeaders_ReadRequestLine_SoapCommandWsdl_Success" storage="d:\actions-runner\_work\xpco\xpco\corporate\recordingserver\recorderservice\tst\videoos.recorder.unittests\bin\x64\debug\net472\videoos.recorder.unittests.dll" id="e4f8f0bc-c9b6-343d-b37d-7ae5f9d6fe40">
      <Execution id="2fdfd484-1c4b-4e6a-9300-497a03207172" />
      <TestMethod codeBase="D:\actions-runner\_work\XPCO\XPCO\Corporate\RecordingServer\RecorderService\tst\VideoOS.Recorder.UnitTests\bin\x64\Debug\net472\VideoOS.Recorder.UnitTests.dll" adapterTypeName="executor://mstestadapter/v2" className="VideoOS.Recorder.UnitTests.WebServer.WebRequestReaderUnitTests" name="ReadMessageHeaders_ReadRequestLine_SoapCommandWsdl_Success" />
    </UnitTest>
    <UnitTest name="ChangeHardwarePasswordCommandHandler_Execute_ChangePassword_ThrowsUserLevelAnonymousNotAllowed_Errors" storage="d:\actions-runner\_work\xpco\xpco\corporate\recordingserver\recorderservice\tst\videoos.recorder.unittests\bin\x64\debug\net472\videoos.recorder.unittests.dll" id="26166077-e048-bd2a-c8e7-83d8bc7db926">
      <Execution id="40035f64-198b-43ee-9ac2-98f1eddb6d4b" />
      <TestMethod codeBase="D:\actions-runner\_work\XPCO\XPCO\Corporate\RecordingServer\RecorderService\tst\VideoOS.Recorder.UnitTests\bin\x64\Debug\net472\VideoOS.Recorder.UnitTests.dll" adapterTypeName="executor://mstestadapter/v2" className="VideoOS.Recorder.UnitTests.Command.ChangeHardwarePasswordCommandHandlerUnitTests" name="ChangeHardwarePasswordCommandHandler_Execute_ChangePassword_ThrowsUserLevelAnonymousNotAllowed_Errors" />
    </UnitTest>
    <UnitTest name="ResponseHandler_HandleResponse_FailoverServer_UpdatesRecorder_LocalOnly" storage="d:\actions-runner\_work\xpco\xpco\corporate\recordingserver\recorderservice\tst\videoos.recorder.unittests\bin\x64\debug\net472\videoos.recorder.unittests.dll" id="0ae84c38-6c56-0abb-ca21-13767ec0403a">
      <Execution id="be71fcbd-1042-4d88-a070-8cae91670acc" />
      <TestMethod codeBase="D:\actions-runner\_work\XPCO\XPCO\Corporate\RecordingServer\RecorderService\tst\VideoOS.Recorder.UnitTests\bin\x64\Debug\net472\VideoOS.Recorder.UnitTests.dll" adapterTypeName="executor://mstestadapter/v2" className="VideoOS.Recorder.UnitTests.DriverUpdateHelperUnitTests" name="ResponseHandler_HandleResponse_FailoverServer_UpdatesRecorder_LocalOnly" />
    </UnitTest>
    <UnitTest name="CheckDeleteDeviceMediaCommandHandler_LocalConfigG1_MediaDbG1G2G3G4_ExistedTracksG1G4_CreateLocalArchiveG4FirstTime" storage="d:\actions-runner\_work\xpco\xpco\corporate\recordingserver\recorderservice\tst\videoos.recorder.unittests\bin\x64\debug\net472\videoos.recorder.unittests.dll" id="0d5a3f22-065f-64f9-dc7f-c36ec84732fa">
      <Execution id="dd6eefdf-5981-4b06-9be7-6b1126297c4a" />
      <TestMethod codeBase="D:\actions-runner\_work\XPCO\XPCO\Corporate\RecordingServer\RecorderService\tst\VideoOS.Recorder.UnitTests\bin\x64\Debug\net472\VideoOS.Recorder.UnitTests.dll" adapterTypeName="executor://mstestadapter/v2" className="VideoOS.Recorder.UnitTests.Command.CheckDeleteDeviceMediaCommandHandlerTests" name="CheckDeleteDeviceMediaCommandHandler_LocalConfigG1_MediaDbG1G2G3G4_ExistedTracksG1G4_CreateLocalArchiveG4FirstTime" />
    </UnitTest>
    <UnitTest name="SOAPCommandRequestHandler_ExecuteFunction_HandleSequencesGetAround_No_Camera_Security" storage="d:\actions-runner\_work\xpco\xpco\corporate\recordingserver\recorderservice\tst\videoos.recorder.unittests\bin\x64\debug\net472\videoos.recorder.unittests.dll" id="f06192a7-4276-8849-c001-acb1fdd01067">
      <Execution id="a8f37a7c-f592-4c26-8782-56f18bfeeefd" />
      <TestMethod codeBase="D:\actions-runner\_work\XPCO\XPCO\Corporate\RecordingServer\RecorderService\tst\VideoOS.Recorder.UnitTests\bin\x64\Debug\net472\VideoOS.Recorder.UnitTests.dll" adapterTypeName="executor://mstestadapter/v2" className="VideoOS.Recorder.UnitTests.WebServer.SOAPCommandRequestHandlerTests" name="SOAPCommandRequestHandler_ExecuteFunction_HandleSequencesGetAround_No_Camera_Security" />
    </UnitTest>
    <UnitTest name="EvidenceLockOnOldRecorderCommandHandler_RecorderIsClosingNoAction" storage="d:\actions-runner\_work\xpco\xpco\corporate\recordingserver\recorderservice\tst\videoos.recorder.unittests\bin\x64\debug\net472\videoos.recorder.unittests.dll" id="b6352ce6-c814-0027-c2b4-6820f91e65e3">
      <Execution id="466c2388-9d2f-4465-b090-2792334bd9bc" />
      <TestMethod codeBase="D:\actions-runner\_work\XPCO\XPCO\Corporate\RecordingServer\RecorderService\tst\VideoOS.Recorder.UnitTests\bin\x64\Debug\net472\VideoOS.Recorder.UnitTests.dll" adapterTypeName="executor://mstestadapter/v2" className="VideoOS.Recorder.UnitTests.Command.EvidenceLockOnOldRecorderCommandHandlerTests" name="EvidenceLockOnOldRecorderCommandHandler_RecorderIsClosingNoAction" />
    </UnitTest>
    <UnitTest name="SetNetworkConfigurationCommandHandler_Execute_SetNetworkConfiguration_ThrowsUnknownResult_Errors" storage="d:\actions-runner\_work\xpco\xpco\corporate\recordingserver\recorderservice\tst\videoos.recorder.unittests\bin\x64\debug\net472\videoos.recorder.unittests.dll" id="d274c0ed-73ed-0597-b56a-427bb74ea1fa">
      <Execution id="cd3715dc-5101-4bb4-b3fe-bbbcdf855af6" />
      <TestMethod codeBase="D:\actions-runner\_work\XPCO\XPCO\Corporate\RecordingServer\RecorderService\tst\VideoOS.Recorder.UnitTests\bin\x64\Debug\net472\VideoOS.Recorder.UnitTests.dll" adapterTypeName="executor://mstestadapter/v2" className="VideoOS.Recorder.UnitTests.Command.SetNetworkConfigurationCommandHandlerUnitTests" name="SetNetworkConfigurationCommandHandler_Execute_SetNetworkConfiguration_ThrowsUnknownResult_Errors" />
    </UnitTest>
    <UnitTest name="SetupInitialHardwareUserCommandHandler_Execute_NullOrIncorrectArgs_Throw" storage="d:\actions-runner\_work\xpco\xpco\corporate\recordingserver\recorderservice\tst\videoos.recorder.unittests\bin\x64\debug\net472\videoos.recorder.unittests.dll" id="7ba891e1-f5eb-63d5-7af3-2ab067b2d9d6">
      <Execution id="fc6c1ae8-e24b-4fff-bcc8-97ad1689496d" />
      <TestMethod codeBase="D:\actions-runner\_work\XPCO\XPCO\Corporate\RecordingServer\RecorderService\tst\VideoOS.Recorder.UnitTests\bin\x64\Debug\net472\VideoOS.Recorder.UnitTests.dll" adapterTypeName="executor://mstestadapter/v2" className="VideoOS.Recorder.UnitTests.Command.SetupInitialHardwareUserCommandHandlerUnitTests" name="SetupInitialHardwareUserCommandHandler_Execute_NullOrIncorrectArgs_Throw" />
    </UnitTest>
    <UnitTest name="RecStorage_Startup_AllowStart_KeepFailing_Ok" storage="d:\actions-runner\_work\xpco\xpco\corporate\recordingserver\recorderservice\tst\videoos.recorder.unittests\bin\x64\debug\net472\videoos.recorder.unittests.dll" id="950083e0-5b85-a336-781d-51aea309931a">
      <Execution id="ff164ce9-fda8-4874-828c-9e76ca4392ac" />
      <TestMethod codeBase="D:\actions-runner\_work\XPCO\XPCO\Corporate\RecordingServer\RecorderService\tst\VideoOS.Recorder.UnitTests\bin\x64\Debug\net472\VideoOS.Recorder.UnitTests.dll" adapterTypeName="executor://mstestadapter/v2" className="VideoOS.Recorder.UnitTests.ObjectModel.MediaDbManagerUnitTests" name="RecStorage_Startup_AllowStart_KeepFailing_Ok" />
    </UnitTest>
    <UnitTest name="PtzReleaseSessionCommandHandler_Execute_NotSupportedException" storage="d:\actions-runner\_work\xpco\xpco\corporate\recordingserver\recorderservice\tst\videoos.recorder.unittests\bin\x64\debug\net472\videoos.recorder.unittests.dll" id="eb07658b-da2c-b708-db7a-933461be8e63">
      <Execution id="2e927585-cb84-44cf-a524-533f759023bb" />
      <TestMethod codeBase="D:\actions-runner\_work\XPCO\XPCO\Corporate\RecordingServer\RecorderService\tst\VideoOS.Recorder.UnitTests\bin\x64\Debug\net472\VideoOS.Recorder.UnitTests.dll" adapterTypeName="executor://mstestadapter/v2" className="VideoOS.Recorder.UnitTests.Command.PtzReleaseSessionCommandHandlerTest" name="PtzReleaseSessionCommandHandler_Execute_NotSupportedException" />
    </UnitTest>
    <UnitTest name="ResponseController_ValidHeartbeatResponse_ValidHeartbeatResponseCalledOnCommManager" storage="d:\actions-runner\_work\xpco\xpco\corporate\recordingserver\recorderservice\tst\videoos.recorder.unittests\bin\x64\debug\net472\videoos.recorder.unittests.dll" id="f527609f-d208-74cd-3add-1f102381d1e3">
      <Execution id="11d6f319-9b3b-48de-a7d8-2644d95fa679" />
      <TestMethod codeBase="D:\actions-runner\_work\XPCO\XPCO\Corporate\RecordingServer\RecorderService\tst\VideoOS.Recorder.UnitTests\bin\x64\Debug\net472\VideoOS.Recorder.UnitTests.dll" adapterTypeName="executor://mstestadapter/v2" className="VideoOS.Recorder.UnitTests.ResponseControllerTests" name="ResponseController_ValidHeartbeatResponse_ValidHeartbeatResponseCalledOnCommManager" />
    </UnitTest>
    <UnitTest name="GetStatistics_Framerate_MPEG_Long_GoP_75_Percent" storage="d:\actions-runner\_work\xpco\xpco\corporate\recordingserver\recorderservice\tst\videoos.recorder.unittests\bin\x64\debug\net472\videoos.recorder.unittests.dll" id="89878e7d-5fe9-ed93-ec6d-b98c812aaceb">
      <TestCategory>
        <TestCategoryItem TestCategory="PipelineRecordingStatistics" />
      </TestCategory>
      <Execution id="e7776304-d1e4-4529-a305-32a355adf13a" />
      <TestMethod codeBase="D:\actions-runner\_work\XPCO\XPCO\Corporate\RecordingServer\RecorderService\tst\VideoOS.Recorder.UnitTests\bin\x64\Debug\net472\VideoOS.Recorder.UnitTests.dll" adapterTypeName="executor://mstestadapter/v2" className="VideoOS.Recorder.UnitTests.ObjectModel.Processors.PipelineRecordingStatisticsTests" name="GetStatistics_Framerate_MPEG_Long_GoP_75_Percent" />
    </UnitTest>
    <UnitTest name="GetStatistics_Framerate_MPEG_100_Percent" storage="d:\actions-runner\_work\xpco\xpco\corporate\recordingserver\recorderservice\tst\videoos.recorder.unittests\bin\x64\debug\net472\videoos.recorder.unittests.dll" id="58a4dcc3-1748-b691-5721-762019d15680">
      <TestCategory>
        <TestCategoryItem TestCategory="PipelineRecordingStatistics" />
      </TestCategory>
      <Execution id="c2abedcd-5be6-4860-bbe9-2a333ff0a5cf" />
      <TestMethod codeBase="D:\actions-runner\_work\XPCO\XPCO\Corporate\RecordingServer\RecorderService\tst\VideoOS.Recorder.UnitTests\bin\x64\Debug\net472\VideoOS.Recorder.UnitTests.dll" adapterTypeName="executor://mstestadapter/v2" className="VideoOS.Recorder.UnitTests.ObjectModel.Processors.PipelineRecordingStatisticsTests" name="GetStatistics_Framerate_MPEG_100_Percent" />
    </UnitTest>
    <UnitTest name="CheckDeleteDeviceMediaCommandHandler_LocalConfigEmpty_MediaDbFails_ExistedTracksG1_DeviceNotStopped_NoDelete" storage="d:\actions-runner\_work\xpco\xpco\corporate\recordingserver\recorderservice\tst\videoos.recorder.unittests\bin\x64\debug\net472\videoos.recorder.unittests.dll" id="254144ee-130b-94a1-4f9c-a6d6962c065d">
      <Execution id="2329644c-6c7b-4db4-8288-56cd0f8ec206" />
      <TestMethod codeBase="D:\actions-runner\_work\XPCO\XPCO\Corporate\RecordingServer\RecorderService\tst\VideoOS.Recorder.UnitTests\bin\x64\Debug\net472\VideoOS.Recorder.UnitTests.dll" adapterTypeName="executor://mstestadapter/v2" className="VideoOS.Recorder.UnitTests.Command.CheckDeleteDeviceMediaCommandHandlerTests" name="CheckDeleteDeviceMediaCommandHandler_LocalConfigEmpty_MediaDbFails_ExistedTracksG1_DeviceNotStopped_NoDelete" />
    </UnitTest>
    <UnitTest name="PrepareMoveHardwareCommandHandler_Execute_Hardware_Not_Found_SuccessResponse" storage="d:\actions-runner\_work\xpco\xpco\corporate\recordingserver\recorderservice\tst\videoos.recorder.unittests\bin\x64\debug\net472\videoos.recorder.unittests.dll" id="4937a82f-e444-8273-914e-c5305909eaff">
      <Execution id="46da784f-99d8-43cf-b8db-ebee06a32c3e" />
      <TestMethod codeBase="D:\actions-runner\_work\XPCO\XPCO\Corporate\RecordingServer\RecorderService\tst\VideoOS.Recorder.UnitTests\bin\x64\Debug\net472\VideoOS.Recorder.UnitTests.dll" adapterTypeName="executor://mstestadapter/v2" className="VideoOS.Recorder.UnitTests.Command.PrepareMoveHardwareCommandHandlerTests" name="PrepareMoveHardwareCommandHandler_Execute_Hardware_Not_Found_SuccessResponse" />
    </UnitTest>
    <UnitTest name="SOAPCommandRequestHandler_ExecuteFunction_HandleSmartSearchStart_NoSearchInterval" storage="d:\actions-runner\_work\xpco\xpco\corporate\recordingserver\recorderservice\tst\videoos.recorder.unittests\bin\x64\debug\net472\videoos.recorder.unittests.dll" id="dfada2d0-c1be-49a9-ed5a-cf52170e45ff">
      <Execution id="dee87594-1c71-43a9-82c7-454ed7ce543e" />
      <TestMethod codeBase="D:\actions-runner\_work\XPCO\XPCO\Corporate\RecordingServer\RecorderService\tst\VideoOS.Recorder.UnitTests\bin\x64\Debug\net472\VideoOS.Recorder.UnitTests.dll" adapterTypeName="executor://mstestadapter/v2" className="VideoOS.Recorder.UnitTests.WebServer.SOAPCommandRequestHandlerTests" name="SOAPCommandRequestHandler_ExecuteFunction_HandleSmartSearchStart_NoSearchInterval" />
    </UnitTest>
    <UnitTest name="PtzManager_CreateManualSessionWithLockFromExtension_Device_Not_Found" storage="d:\actions-runner\_work\xpco\xpco\corporate\recordingserver\recorderservice\tst\videoos.recorder.unittests\bin\x64\debug\net472\videoos.recorder.unittests.dll" id="5101038b-8cb6-f6fb-5eaf-1a6d1899d07c">
      <Execution id="d6b8a205-1dad-4dd8-b8f2-08a0375a3742" />
      <TestMethod codeBase="D:\actions-runner\_work\XPCO\XPCO\Corporate\RecordingServer\RecorderService\tst\VideoOS.Recorder.UnitTests\bin\x64\Debug\net472\VideoOS.Recorder.UnitTests.dll" adapterTypeName="executor://mstestadapter/v2" className="VideoOS.Recorder.UnitTests.Command.PtzManagerTests" name="PtzManager_CreateManualSessionWithLockFromExtension_Device_Not_Found" />
    </UnitTest>
    <UnitTest name="SOAPCommandRequestHandler_ExecuteFunction_HandleTimeLineInformationGet_NoTimeLineInformationCount" storage="d:\actions-runner\_work\xpco\xpco\corporate\recordingserver\recorderservice\tst\videoos.recorder.unittests\bin\x64\debug\net472\videoos.recorder.unittests.dll" id="e9d00f7c-f554-d861-613e-abcdc5284ee5">
      <Execution id="265834b1-a795-4418-b3a4-2470f83f4ec1" />
      <TestMethod codeBase="D:\actions-runner\_work\XPCO\XPCO\Corporate\RecordingServer\RecorderService\tst\VideoOS.Recorder.UnitTests\bin\x64\Debug\net472\VideoOS.Recorder.UnitTests.dll" adapterTypeName="executor://mstestadapter/v2" className="VideoOS.Recorder.UnitTests.WebServer.SOAPCommandRequestHandlerTests" name="SOAPCommandRequestHandler_ExecuteFunction_HandleTimeLineInformationGet_NoTimeLineInformationCount" />
    </UnitTest>
    <UnitTest name="RecStorage_Startup_NotAllowStart_NotKeepFailing_PwFailure_KeepOffline" storage="d:\actions-runner\_work\xpco\xpco\corporate\recordingserver\recorderservice\tst\videoos.recorder.unittests\bin\x64\debug\net472\videoos.recorder.unittests.dll" id="143ac55a-8a0b-59cd-311c-9a7726fa1cfa">
      <Execution id="b1ad8cb7-70e9-46c6-90ce-ed6f8ae86dab" />
      <TestMethod codeBase="D:\actions-runner\_work\XPCO\XPCO\Corporate\RecordingServer\RecorderService\tst\VideoOS.Recorder.UnitTests\bin\x64\Debug\net472\VideoOS.Recorder.UnitTests.dll" adapterTypeName="executor://mstestadapter/v2" className="VideoOS.Recorder.UnitTests.ObjectModel.MediaDbManagerUnitTests" name="RecStorage_Startup_NotAllowStart_NotKeepFailing_PwFailure_KeepOffline" />
    </UnitTest>
    <UnitTest name="FilterTrackIdsToThoseThatShouldNotHaveMediaOnRecorder_InternalStateStartedOneGuid_ReturnsArrayWithOneElement" storage="d:\actions-runner\_work\xpco\xpco\corporate\recordingserver\recorderservice\tst\videoos.recorder.unittests\bin\x64\debug\net472\videoos.recorder.unittests.dll" id="fd5b3172-50cd-6146-6ac8-2bec6a9bb2e0">
      <Execution id="ebd1ebb0-af1b-4443-aff5-a84545609151" />
      <TestMethod codeBase="D:\actions-runner\_work\XPCO\XPCO\Corporate\RecordingServer\RecorderService\tst\VideoOS.Recorder.UnitTests\bin\x64\Debug\net472\VideoOS.Recorder.UnitTests.dll" adapterTypeName="executor://mstestadapter/v2" className="VideoOS.Recorder.UnitTests.CommManagerWebApiTests" name="FilterTrackIdsToThoseThatShouldNotHaveMediaOnRecorder_InternalStateStartedOneGuid_ReturnsArrayWithOneElement" />
    </UnitTest>
    <UnitTest name="LicenseManager_IsFeaturePresent_AxisOneClock_Fail" storage="d:\actions-runner\_work\xpco\xpco\corporate\recordingserver\recorderservice\tst\videoos.recorder.unittests\bin\x64\debug\net472\videoos.recorder.unittests.dll" id="6d888fa8-f384-f779-02a9-7a19a58d6faa">
      <TestCategory>
        <TestCategoryItem TestCategory="Licensing" />
      </TestCategory>
      <Execution id="de8cd875-8c74-428f-aa45-b49e46162543" />
      <TestMethod codeBase="D:\actions-runner\_work\XPCO\XPCO\Corporate\RecordingServer\RecorderService\tst\VideoOS.Recorder.UnitTests\bin\x64\Debug\net472\VideoOS.Recorder.UnitTests.dll" adapterTypeName="executor://mstestadapter/v2" className="VideoOS.Recorder.UnitTests.Licensing.LicenseManagerUnitTests" name="LicenseManager_IsFeaturePresent_AxisOneClock_Fail" />
    </UnitTest>
    <UnitTest name="LicenseManager_FeatureExists_AxisOneClick_Success" storage="d:\actions-runner\_work\xpco\xpco\corporate\recordingserver\recorderservice\tst\videoos.recorder.unittests\bin\x64\debug\net472\videoos.recorder.unittests.dll" id="927f5256-3f6f-80ab-f573-926e12bc02e4">
      <TestCategory>
        <TestCategoryItem TestCategory="Licensing" />
      </TestCategory>
      <Execution id="a0cc3176-d0cf-4977-bf82-0f64e512a206" />
      <TestMethod codeBase="D:\actions-runner\_work\XPCO\XPCO\Corporate\RecordingServer\RecorderService\tst\VideoOS.Recorder.UnitTests\bin\x64\Debug\net472\VideoOS.Recorder.UnitTests.dll" adapterTypeName="executor://mstestadapter/v2" className="VideoOS.Recorder.UnitTests.Licensing.LicenseManagerUnitTests" name="LicenseManager_FeatureExists_AxisOneClick_Success" />
    </UnitTest>
    <UnitTest name="CheckHardwareDefinitionCommandHandler_Constructor_RegisterActionNull_ArgumentNullException" storage="d:\actions-runner\_work\xpco\xpco\corporate\recordingserver\recorderservice\tst\videoos.recorder.unittests\bin\x64\debug\net472\videoos.recorder.unittests.dll" id="a82c204b-c77a-34fe-b8bf-38afc46073f1">
      <Execution id="c7042751-e96c-4636-aceb-258227b8af56" />
      <TestMethod codeBase="D:\actions-runner\_work\XPCO\XPCO\Corporate\RecordingServer\RecorderService\tst\VideoOS.Recorder.UnitTests\bin\x64\Debug\net472\VideoOS.Recorder.UnitTests.dll" adapterTypeName="executor://mstestadapter/v2" className="VideoOS.Recorder.UnitTests.Command.CheckHardwareDefinitionCommandHandlerTests" name="CheckHardwareDefinitionCommandHandler_Constructor_RegisterActionNull_ArgumentNullException" />
    </UnitTest>
    <UnitTest name="ConnectFailed_NoPrivacyMaskSupport" storage="d:\actions-runner\_work\xpco\xpco\corporate\recordingserver\recorderservice\tst\videoos.recorder.unittests\bin\x64\debug\net472\videoos.recorder.unittests.dll" id="27704cf3-1635-3d3d-6ba9-ece08612e6ed">
      <Execution id="6f61caef-315e-4458-a23a-187cfee58d1a" />
      <TestMethod codeBase="D:\actions-runner\_work\XPCO\XPCO\Corporate\RecordingServer\RecorderService\tst\VideoOS.Recorder.UnitTests\bin\x64\Debug\net472\VideoOS.Recorder.UnitTests.dll" adapterTypeName="executor://mstestadapter/v2" className="VideoOS.Recorder.UnitTests.WebServer.ImageServerRequestHandlerTests" name="ConnectFailed_NoPrivacyMaskSupport" />
    </UnitTest>
    <UnitTest name="ConnectSuccess_Next_Exception" storage="d:\actions-runner\_work\xpco\xpco\corporate\recordingserver\recorderservice\tst\videoos.recorder.unittests\bin\x64\debug\net472\videoos.recorder.unittests.dll" id="dcc07bd7-5092-b9e5-77e0-970294cc60f2">
      <Execution id="21aa043b-ad3f-4b00-8598-eab14b44da75" />
      <TestMethod codeBase="D:\actions-runner\_work\XPCO\XPCO\Corporate\RecordingServer\RecorderService\tst\VideoOS.Recorder.UnitTests\bin\x64\Debug\net472\VideoOS.Recorder.UnitTests.dll" adapterTypeName="executor://mstestadapter/v2" className="VideoOS.Recorder.UnitTests.WebServer.ImageServerRequestHandlerTests" name="ConnectSuccess_Next_Exception" />
    </UnitTest>
    <UnitTest name="GetSettingAsBool_NonExistingSetting_Throws_InvalidMulticastSettingsException" storage="d:\actions-runner\_work\xpco\xpco\corporate\recordingserver\recorderservice\tst\videoos.recorder.unittests\bin\x64\debug\net472\videoos.recorder.unittests.dll" id="06336d49-f25d-bd1d-075a-c53b66885f84">
      <Execution id="e53bd817-afe1-454d-ae8e-795c5e3f7c74" />
      <TestMethod codeBase="D:\actions-runner\_work\XPCO\XPCO\Corporate\RecordingServer\RecorderService\tst\VideoOS.Recorder.UnitTests\bin\x64\Debug\net472\VideoOS.Recorder.UnitTests.dll" adapterTypeName="executor://mstestadapter/v2" className="VideoOS.Recorder.UnitTests.Multicast.MulticastSettingsExtensionsUnitTests" name="GetSettingAsBool_NonExistingSetting_Throws_InvalidMulticastSettingsException" />
    </UnitTest>
    <UnitTest name="DatabaseoperationCommandhandler_VerifyStorageAndArchiveOnline_Failover_ReturnErrorResponse" storage="d:\actions-runner\_work\xpco\xpco\corporate\recordingserver\recorderservice\tst\videoos.recorder.unittests\bin\x64\debug\net472\videoos.recorder.unittests.dll" id="cec5cf82-f62f-e4a4-7c19-50128bad1472">
      <Execution id="49be81d1-5ce5-467e-96a3-00135a5a5f15" />
      <TestMethod codeBase="D:\actions-runner\_work\XPCO\XPCO\Corporate\RecordingServer\RecorderService\tst\VideoOS.Recorder.UnitTests\bin\x64\Debug\net472\VideoOS.Recorder.UnitTests.dll" adapterTypeName="executor://mstestadapter/v2" className="VideoOS.Recorder.UnitTests.Command.DatabaseOperationCommandHandlerUnitTests" name="DatabaseoperationCommandhandler_VerifyStorageAndArchiveOnline_Failover_ReturnErrorResponse" />
    </UnitTest>
    <UnitTest name="PreferredAddressTable_Register_Only_One_Preferred_Address_Per_Device_Success" storage="d:\actions-runner\_work\xpco\xpco\corporate\recordingserver\recorderservice\tst\videoos.recorder.unittests\bin\x64\debug\net472\videoos.recorder.unittests.dll" id="73af6511-ffa7-e421-18c8-fb52dd1ac962">
      <Execution id="532aa044-16d3-4da8-a4d5-7edc3c5418c5" />
      <TestMethod codeBase="D:\actions-runner\_work\XPCO\XPCO\Corporate\RecordingServer\RecorderService\tst\VideoOS.Recorder.UnitTests\bin\x64\Debug\net472\VideoOS.Recorder.UnitTests.dll" adapterTypeName="executor://mstestadapter/v2" className="VideoOS.Recorder.UnitTests.Multicast.PreferredAddressTableUnitTests" name="PreferredAddressTable_Register_Only_One_Preferred_Address_Per_Device_Success" />
    </UnitTest>
    <UnitTest name="CheckExternalRecorderRegistrationCommandHandler_Execute_HardwareNotStarted_ErrorResponse" storage="d:\actions-runner\_work\xpco\xpco\corporate\recordingserver\recorderservice\tst\videoos.recorder.unittests\bin\x64\debug\net472\videoos.recorder.unittests.dll" id="a8dba998-c070-d486-4557-5b506a41a400">
      <Execution id="df2bb17b-52da-4df6-9369-a7a1905829d6" />
      <TestMethod codeBase="D:\actions-runner\_work\XPCO\XPCO\Corporate\RecordingServer\RecorderService\tst\VideoOS.Recorder.UnitTests\bin\x64\Debug\net472\VideoOS.Recorder.UnitTests.dll" adapterTypeName="executor://mstestadapter/v2" className="VideoOS.Recorder.UnitTests.Command.CheckExternalRecorderRegistrationCommandHandlerUnitTests" name="CheckExternalRecorderRegistrationCommandHandler_Execute_HardwareNotStarted_ErrorResponse" />
    </UnitTest>
    <UnitTest name="SOAPCommandRequestHandler_ExecuteFunction_HandlePTZCenter_Width_Not_Double" storage="d:\actions-runner\_work\xpco\xpco\corporate\recordingserver\recorderservice\tst\videoos.recorder.unittests\bin\x64\debug\net472\videoos.recorder.unittests.dll" id="36574876-c75c-9c2c-f63f-a33b2e08bafe">
      <Execution id="da1c9e12-fb96-4142-8c6f-8fe3b9c9de91" />
      <TestMethod codeBase="D:\actions-runner\_work\XPCO\XPCO\Corporate\RecordingServer\RecorderService\tst\VideoOS.Recorder.UnitTests\bin\x64\Debug\net472\VideoOS.Recorder.UnitTests.dll" adapterTypeName="executor://mstestadapter/v2" className="VideoOS.Recorder.UnitTests.WebServer.SOAPCommandRequestHandlerTests" name="SOAPCommandRequestHandler_ExecuteFunction_HandlePTZCenter_Width_Not_Double" />
    </UnitTest>
    <UnitTest name="GetSettingAsInt32_NonIntValue_Throws_InvalidMulticastSettingsException" storage="d:\actions-runner\_work\xpco\xpco\corporate\recordingserver\recorderservice\tst\videoos.recorder.unittests\bin\x64\debug\net472\videoos.recorder.unittests.dll" id="3bf15e8d-35d3-7d9f-9606-427db31eb643">
      <Execution id="611b3aa2-d4c7-45a7-a8ce-c4dcb11d1a6f" />
      <TestMethod codeBase="D:\actions-runner\_work\XPCO\XPCO\Corporate\RecordingServer\RecorderService\tst\VideoOS.Recorder.UnitTests\bin\x64\Debug\net472\VideoOS.Recorder.UnitTests.dll" adapterTypeName="executor://mstestadapter/v2" className="VideoOS.Recorder.UnitTests.Multicast.MulticastSettingsExtensionsUnitTests" name="GetSettingAsInt32_NonIntValue_Throws_InvalidMulticastSettingsException" />
    </UnitTest>
    <UnitTest name="IsAvailable_DoesNotCallCheckOrphanTablesMethod" storage="d:\actions-runner\_work\xpco\xpco\corporate\recordingserver\recorderservice\tst\videoos.recorder.unittests\bin\x64\debug\net472\videoos.recorder.unittests.dll" id="455710f6-f563-1c30-ad7e-e5f3a8df4a4e">
      <TestCategory>
        <TestCategoryItem TestCategory="ObjectModel.RecordingStorage" />
      </TestCategory>
      <Execution id="9be53e4e-70e2-401f-b03c-6577ee1621f1" />
      <TestMethod codeBase="D:\actions-runner\_work\XPCO\XPCO\Corporate\RecordingServer\RecorderService\tst\VideoOS.Recorder.UnitTests\bin\x64\Debug\net472\VideoOS.Recorder.UnitTests.dll" adapterTypeName="executor://mstestadapter/v2" className="VideoOS.Recorder.UnitTests.ObjectModel.RecordingStorageTests" name="IsAvailable_DoesNotCallCheckOrphanTablesMethod" />
    </UnitTest>
    <UnitTest name="EnhanceSettings_SunnyDay_EmptyExcludeRegionsUseRegionsSetToTrueAndPrivacyMask" storage="d:\actions-runner\_work\xpco\xpco\corporate\recordingserver\recorderservice\tst\videoos.recorder.unittests\bin\x64\debug\net472\videoos.recorder.unittests.dll" id="991cfc23-cd42-d572-2745-364bc3e13cbc">
      <Owners>
        <Owner name="FT06" />
      </Owners>
      <Execution id="0a491245-4400-4bb1-ba85-d48183b5e759" />
      <TestMethod codeBase="D:\actions-runner\_work\XPCO\XPCO\Corporate\RecordingServer\RecorderService\tst\VideoOS.Recorder.UnitTests\bin\x64\Debug\net472\VideoOS.Recorder.UnitTests.dll" adapterTypeName="executor://mstestadapter/v2" className="VideoOS.Recorder.UnitTests.ObjectModel.Processors.PluginSettingsEnhancerTest" name="EnhanceSettings_SunnyDay_EmptyExcludeRegionsUseRegionsSetToTrueAndPrivacyMask" />
    </UnitTest>
    <UnitTest name="GetHardwareUsersCommandHandler_Execute_GetUserList_ThrowsUnknownException_Errors" storage="d:\actions-runner\_work\xpco\xpco\corporate\recordingserver\recorderservice\tst\videoos.recorder.unittests\bin\x64\debug\net472\videoos.recorder.unittests.dll" id="aa419dcb-a9fd-f0b4-5f67-88a35f0e741f">
      <Execution id="be67849b-d641-4d0c-94d6-b89775c189b3" />
      <TestMethod codeBase="D:\actions-runner\_work\XPCO\XPCO\Corporate\RecordingServer\RecorderService\tst\VideoOS.Recorder.UnitTests\bin\x64\Debug\net472\VideoOS.Recorder.UnitTests.dll" adapterTypeName="executor://mstestadapter/v2" className="VideoOS.Recorder.UnitTests.Command.GetHardwareUsersCommandHandlerUnitTests" name="GetHardwareUsersCommandHandler_Execute_GetUserList_ThrowsUnknownException_Errors" />
    </UnitTest>
    <UnitTest name="GetStatistics_Framerate_JPEG_100_Percent" storage="d:\actions-runner\_work\xpco\xpco\corporate\recordingserver\recorderservice\tst\videoos.recorder.unittests\bin\x64\debug\net472\videoos.recorder.unittests.dll" id="46c2585f-49fc-0c24-0d9d-89eb0961236e">
      <TestCategory>
        <TestCategoryItem TestCategory="PipelineRecordingStatistics" />
      </TestCategory>
      <Execution id="e2a3dbbf-f61f-46db-b8b4-4ffbf9858fd5" />
      <TestMethod codeBase="D:\actions-runner\_work\XPCO\XPCO\Corporate\RecordingServer\RecorderService\tst\VideoOS.Recorder.UnitTests\bin\x64\Debug\net472\VideoOS.Recorder.UnitTests.dll" adapterTypeName="executor://mstestadapter/v2" className="VideoOS.Recorder.UnitTests.ObjectModel.Processors.PipelineRecordingStatisticsTests" name="GetStatistics_Framerate_JPEG_100_Percent" />
    </UnitTest>
    <UnitTest name="DatabaseTaskCommandHandler_EmptyDevice_TableDoesNotExist_DeleteAllRecordingsButKeepLockedData_Called" storage="d:\actions-runner\_work\xpco\xpco\corporate\recordingserver\recorderservice\tst\videoos.recorder.unittests\bin\x64\debug\net472\videoos.recorder.unittests.dll" id="1c4b43c9-57dd-a9ef-528f-7a1fc2c0b1aa">
      <Execution id="424fe96a-4697-4e44-952a-9f5f230466d7" />
      <TestMethod codeBase="D:\actions-runner\_work\XPCO\XPCO\Corporate\RecordingServer\RecorderService\tst\VideoOS.Recorder.UnitTests\bin\x64\Debug\net472\VideoOS.Recorder.UnitTests.dll" adapterTypeName="executor://mstestadapter/v2" className="VideoOS.Recorder.UnitTests.Command.DatabaseTaskCommandHandlerTest" name="DatabaseTaskCommandHandler_EmptyDevice_TableDoesNotExist_DeleteAllRecordingsButKeepLockedData_Called" />
    </UnitTest>
    <UnitTest name="PtzStopSession_ModelIsNull_BadRequestResult" storage="d:\actions-runner\_work\xpco\xpco\corporate\recordingserver\recorderservice\tst\videoos.recorder.unittests\bin\x64\debug\net472\videoos.recorder.unittests.dll" id="90bc60af-056c-e4da-8f6a-4e7a54d8edcb">
      <Execution id="725236fb-f63f-4f53-bd25-86428ba5c172" />
      <TestMethod codeBase="D:\actions-runner\_work\XPCO\XPCO\Corporate\RecordingServer\RecorderService\tst\VideoOS.Recorder.UnitTests\bin\x64\Debug\net472\VideoOS.Recorder.UnitTests.dll" adapterTypeName="executor://mstestadapter/v2" className="VideoOS.Recorder.UnitTests.PtzControllerTests" name="PtzStopSession_ModelIsNull_BadRequestResult" />
    </UnitTest>
    <UnitTest name="AddStatus_SendsFailoverStatusCombined_OnRecorderStartedAsFailoverAndStatusSent" storage="d:\actions-runner\_work\xpco\xpco\corporate\recordingserver\recorderservice\tst\videoos.recorder.unittests\bin\x64\debug\net472\videoos.recorder.unittests.dll" id="0299594f-73e4-1cba-c600-48844cd82350">
      <TestCategory>
        <TestCategoryItem TestCategory="RecorderStatus" />
      </TestCategory>
      <Execution id="e76eba12-b744-495b-8a2e-4852173c0003" />
      <TestMethod codeBase="D:\actions-runner\_work\XPCO\XPCO\Corporate\RecordingServer\RecorderService\tst\VideoOS.Recorder.UnitTests\bin\x64\Debug\net472\VideoOS.Recorder.UnitTests.dll" adapterTypeName="executor://mstestadapter/v2" className="VideoOS.Recorder.UnitTests.RecorderStatusTests" name="AddStatus_SendsFailoverStatusCombined_OnRecorderStartedAsFailoverAndStatusSent" />
    </UnitTest>
    <UnitTest name="EvidenceLockOnOldRecorder2_PostCommandIsNull_BadRequestResult" storage="d:\actions-runner\_work\xpco\xpco\corporate\recordingserver\recorderservice\tst\videoos.recorder.unittests\bin\x64\debug\net472\videoos.recorder.unittests.dll" id="a010cdd1-6038-b1b4-098c-7ecb384094c5">
      <Execution id="9ddcdcbf-b78d-4a68-aa78-4156b82b982e" />
      <TestMethod codeBase="D:\actions-runner\_work\XPCO\XPCO\Corporate\RecordingServer\RecorderService\tst\VideoOS.Recorder.UnitTests\bin\x64\Debug\net472\VideoOS.Recorder.UnitTests.dll" adapterTypeName="executor://mstestadapter/v2" className="VideoOS.Recorder.UnitTests.DatabaseControllerTests" name="EvidenceLockOnOldRecorder2_PostCommandIsNull_BadRequestResult" />
    </UnitTest>
    <UnitTest name="FirmwareUpgradeCommandHandler_Execute_HardwareBlocked_Errors" storage="d:\actions-runner\_work\xpco\xpco\corporate\recordingserver\recorderservice\tst\videoos.recorder.unittests\bin\x64\debug\net472\videoos.recorder.unittests.dll" id="83de497b-d4c4-8177-19ae-00a5df08a991">
      <Execution id="f58dcc34-c758-485f-a77a-bfd7ae0f8ed4" />
      <TestMethod codeBase="D:\actions-runner\_work\XPCO\XPCO\Corporate\RecordingServer\RecorderService\tst\VideoOS.Recorder.UnitTests\bin\x64\Debug\net472\VideoOS.Recorder.UnitTests.dll" adapterTypeName="executor://mstestadapter/v2" className="VideoOS.Recorder.UnitTests.Command.FirmwareUpgradeCommandHandlerUnitTests" name="FirmwareUpgradeCommandHandler_Execute_HardwareBlocked_Errors" />
    </UnitTest>
    <UnitTest name="GetSettingAsInt16_Success" storage="d:\actions-runner\_work\xpco\xpco\corporate\recordingserver\recorderservice\tst\videoos.recorder.unittests\bin\x64\debug\net472\videoos.recorder.unittests.dll" id="b81c78f1-2943-52ae-bba0-e97adee8bcf0">
      <Execution id="f58d31fd-5a58-4d9e-87e9-896e64b6220e" />
      <TestMethod codeBase="D:\actions-runner\_work\XPCO\XPCO\Corporate\RecordingServer\RecorderService\tst\VideoOS.Recorder.UnitTests\bin\x64\Debug\net472\VideoOS.Recorder.UnitTests.dll" adapterTypeName="executor://mstestadapter/v2" className="VideoOS.Recorder.UnitTests.Multicast.MulticastSettingsExtensionsUnitTests" name="GetSettingAsInt16_Success" />
    </UnitTest>
    <UnitTest name="SOAPCommandRequestHandler_ExecuteFunction_HandleOutputTrigger_NoDuration" storage="d:\actions-runner\_work\xpco\xpco\corporate\recordingserver\recorderservice\tst\videoos.recorder.unittests\bin\x64\debug\net472\videoos.recorder.unittests.dll" id="e5d4bf48-cc51-e809-7812-46596c597626">
      <Execution id="17540aae-e3c5-4c69-a2da-39494ac69a04" />
      <TestMethod codeBase="D:\actions-runner\_work\XPCO\XPCO\Corporate\RecordingServer\RecorderService\tst\VideoOS.Recorder.UnitTests\bin\x64\Debug\net472\VideoOS.Recorder.UnitTests.dll" adapterTypeName="executor://mstestadapter/v2" className="VideoOS.Recorder.UnitTests.WebServer.SOAPCommandRequestHandlerTests" name="SOAPCommandRequestHandler_ExecuteFunction_HandleOutputTrigger_NoDuration" />
    </UnitTest>
    <UnitTest name="SessionExpiredTask_Constructor_Success" storage="d:\actions-runner\_work\xpco\xpco\corporate\recordingserver\recorderservice\tst\videoos.recorder.unittests\bin\x64\debug\net472\videoos.recorder.unittests.dll" id="3619a619-c06c-ef53-b6fd-e5a15fab7b29">
      <Execution id="0374fe95-efbb-4e9d-92f3-7b05c1ad1f43" />
      <TestMethod codeBase="D:\actions-runner\_work\XPCO\XPCO\Corporate\RecordingServer\RecorderService\tst\VideoOS.Recorder.UnitTests\bin\x64\Debug\net472\VideoOS.Recorder.UnitTests.dll" adapterTypeName="executor://mstestadapter/v2" className="VideoOS.Recorder.UnitTests.Command.PtzSessionsTests" name="SessionExpiredTask_Constructor_Success" />
    </UnitTest>
    <UnitTest name="SmartSearchHandlerForwardTestDataWithMotionOnlyOutsideRecordingSequence" storage="d:\actions-runner\_work\xpco\xpco\corporate\recordingserver\recorderservice\tst\videoos.recorder.unittests\bin\x64\debug\net472\videoos.recorder.unittests.dll" id="2c0d4ab1-bc2f-a019-ec90-ef73784c0318">
      <TestCategory>
        <TestCategoryItem TestCategory="SmartSearch" />
      </TestCategory>
      <Execution id="070c39c0-4b40-481f-b33b-6b351bdb5f6c" />
      <TestMethod codeBase="D:\actions-runner\_work\XPCO\XPCO\Corporate\RecordingServer\RecorderService\tst\VideoOS.Recorder.UnitTests\bin\x64\Debug\net472\VideoOS.Recorder.UnitTests.dll" adapterTypeName="executor://mstestadapter/v2" className="VideoOS.Recorder.UnitTests.SmartSearch.SmartSearchHandlerTest" name="SmartSearchHandlerForwardTestDataWithMotionOnlyOutsideRecordingSequence" />
    </UnitTest>
    <UnitTest name="PtzManualSession_Constructor_Success" storage="d:\actions-runner\_work\xpco\xpco\corporate\recordingserver\recorderservice\tst\videoos.recorder.unittests\bin\x64\debug\net472\videoos.recorder.unittests.dll" id="5a7b28aa-274c-83de-849a-46605f2be5a8">
      <Execution id="0752ebf4-4c63-45e3-9821-d2171f1fa20a" />
      <TestMethod codeBase="D:\actions-runner\_work\XPCO\XPCO\Corporate\RecordingServer\RecorderService\tst\VideoOS.Recorder.UnitTests\bin\x64\Debug\net472\VideoOS.Recorder.UnitTests.dll" adapterTypeName="executor://mstestadapter/v2" className="VideoOS.Recorder.UnitTests.Command.PtzSessionsTests" name="PtzManualSession_Constructor_Success" />
    </UnitTest>
    <UnitTest name="GetHardwareUsersCommandHandler_Execute_ExpectedUsersReturned" storage="d:\actions-runner\_work\xpco\xpco\corporate\recordingserver\recorderservice\tst\videoos.recorder.unittests\bin\x64\debug\net472\videoos.recorder.unittests.dll" id="22164d49-f315-e621-a15d-7ac798216806">
      <Execution id="af46b170-d634-4daa-a4b2-be2a491f3c9c" />
      <TestMethod codeBase="D:\actions-runner\_work\XPCO\XPCO\Corporate\RecordingServer\RecorderService\tst\VideoOS.Recorder.UnitTests\bin\x64\Debug\net472\VideoOS.Recorder.UnitTests.dll" adapterTypeName="executor://mstestadapter/v2" className="VideoOS.Recorder.UnitTests.Command.GetHardwareUsersCommandHandlerUnitTests" name="GetHardwareUsersCommandHandler_Execute_ExpectedUsersReturned" />
    </UnitTest>
    <UnitTest name="FailoverMediaMover_MoveMediaDataHere_Stop_Signalled" storage="d:\actions-runner\_work\xpco\xpco\corporate\recordingserver\recorderservice\tst\videoos.recorder.unittests\bin\x64\debug\net472\videoos.recorder.unittests.dll" id="8847c611-e637-f135-d4ee-97217fce4955">
      <Execution id="dd3571a7-af2e-4aab-bb9f-801fdfacbb03" />
      <TestMethod codeBase="D:\actions-runner\_work\XPCO\XPCO\Corporate\RecordingServer\RecorderService\tst\VideoOS.Recorder.UnitTests\bin\x64\Debug\net472\VideoOS.Recorder.UnitTests.dll" adapterTypeName="executor://mstestadapter/v2" className="VideoOS.Recorder.UnitTests.FailoverMediaMoverUnitTests" name="FailoverMediaMover_MoveMediaDataHere_Stop_Signalled" />
    </UnitTest>
    <UnitTest name="ChangeHardwarePasswordCommandHandler_Execute_ChangePassword_HardwarePasswordUserAccessDenied_Errors" storage="d:\actions-runner\_work\xpco\xpco\corporate\recordingserver\recorderservice\tst\videoos.recorder.unittests\bin\x64\debug\net472\videoos.recorder.unittests.dll" id="a3c91bfb-189e-5f5a-6a4c-af9db8a17008">
      <Execution id="d39c9371-1924-42bb-ae89-fd0a199c2c42" />
      <TestMethod codeBase="D:\actions-runner\_work\XPCO\XPCO\Corporate\RecordingServer\RecorderService\tst\VideoOS.Recorder.UnitTests\bin\x64\Debug\net472\VideoOS.Recorder.UnitTests.dll" adapterTypeName="executor://mstestadapter/v2" className="VideoOS.Recorder.UnitTests.Command.ChangeHardwarePasswordCommandHandlerUnitTests" name="ChangeHardwarePasswordCommandHandler_Execute_ChangePassword_HardwarePasswordUserAccessDenied_Errors" />
    </UnitTest>
    <UnitTest name="Configuration_RecorderConfigParameterIsNull_ThrowsArgumentNullException" storage="d:\actions-runner\_work\xpco\xpco\corporate\recordingserver\recorderservice\tst\videoos.recorder.unittests\bin\x64\debug\net472\videoos.recorder.unittests.dll" id="0b9bee77-8a71-bfe6-f6b0-2ea6fac8fdab">
      <Execution id="5c58419e-b505-40d5-8721-4f9318a2ce06" />
      <TestMethod codeBase="D:\actions-runner\_work\XPCO\XPCO\Corporate\RecordingServer\RecorderService\tst\VideoOS.Recorder.UnitTests\bin\x64\Debug\net472\VideoOS.Recorder.UnitTests.dll" adapterTypeName="executor://mstestadapter/v2" className="VideoOS.Recorder.UnitTests.StartupTests" name="Configuration_RecorderConfigParameterIsNull_ThrowsArgumentNullException" />
    </UnitTest>
    <UnitTest name="ReadMessageHeaders_ReadRequestLine_SoapStatusWsdl_Success" storage="d:\actions-runner\_work\xpco\xpco\corporate\recordingserver\recorderservice\tst\videoos.recorder.unittests\bin\x64\debug\net472\videoos.recorder.unittests.dll" id="10b67a36-70fa-8cad-b212-d0bd7737ddcd">
      <Execution id="4f8f722b-c68c-4adc-a525-18cd32f73943" />
      <TestMethod codeBase="D:\actions-runner\_work\XPCO\XPCO\Corporate\RecordingServer\RecorderService\tst\VideoOS.Recorder.UnitTests\bin\x64\Debug\net472\VideoOS.Recorder.UnitTests.dll" adapterTypeName="executor://mstestadapter/v2" className="VideoOS.Recorder.UnitTests.WebServer.WebRequestReaderUnitTests" name="ReadMessageHeaders_ReadRequestLine_SoapStatusWsdl_Success" />
    </UnitTest>
    <UnitTest name="SOAPCommandRequestHandler_ExecuteFunction_HandleSequencesGetAround_NoCenterTime" storage="d:\actions-runner\_work\xpco\xpco\corporate\recordingserver\recorderservice\tst\videoos.recorder.unittests\bin\x64\debug\net472\videoos.recorder.unittests.dll" id="ed1dec9a-9e12-a2c3-334f-e6edb45dcb6a">
      <Execution id="eb7ce321-1627-419e-939e-76fd0588cc45" />
      <TestMethod codeBase="D:\actions-runner\_work\XPCO\XPCO\Corporate\RecordingServer\RecorderService\tst\VideoOS.Recorder.UnitTests\bin\x64\Debug\net472\VideoOS.Recorder.UnitTests.dll" adapterTypeName="executor://mstestadapter/v2" className="VideoOS.Recorder.UnitTests.WebServer.SOAPCommandRequestHandlerTests" name="SOAPCommandRequestHandler_ExecuteFunction_HandleSequencesGetAround_NoCenterTime" />
    </UnitTest>
    <UnitTest name="SOAPCommandRequestHandler_ExecuteFunction_HandleStopManualRecording_NoDeviceIds" storage="d:\actions-runner\_work\xpco\xpco\corporate\recordingserver\recorderservice\tst\videoos.recorder.unittests\bin\x64\debug\net472\videoos.recorder.unittests.dll" id="9daadc09-6923-50c6-5775-ef427c942571">
      <Execution id="49925550-8a12-429b-b0c6-99c9c453bdd0" />
      <TestMethod codeBase="D:\actions-runner\_work\XPCO\XPCO\Corporate\RecordingServer\RecorderService\tst\VideoOS.Recorder.UnitTests\bin\x64\Debug\net472\VideoOS.Recorder.UnitTests.dll" adapterTypeName="executor://mstestadapter/v2" className="VideoOS.Recorder.UnitTests.WebServer.SOAPCommandRequestHandlerTests" name="SOAPCommandRequestHandler_ExecuteFunction_HandleStopManualRecording_NoDeviceIds" />
    </UnitTest>
    <UnitTest name="SOAPCommandRequestHandler_ExecuteFunction_HandleSequencesGetAroundWithSpan_No_Speaker_Security" storage="d:\actions-runner\_work\xpco\xpco\corporate\recordingserver\recorderservice\tst\videoos.recorder.unittests\bin\x64\debug\net472\videoos.recorder.unittests.dll" id="d3136d91-086c-86af-9861-25ad773594f3">
      <Execution id="bdc6f2ff-cca3-45ab-86d6-bb20ef3719ee" />
      <TestMethod codeBase="D:\actions-runner\_work\XPCO\XPCO\Corporate\RecordingServer\RecorderService\tst\VideoOS.Recorder.UnitTests\bin\x64\Debug\net472\VideoOS.Recorder.UnitTests.dll" adapterTypeName="executor://mstestadapter/v2" className="VideoOS.Recorder.UnitTests.WebServer.SOAPCommandRequestHandlerTests" name="SOAPCommandRequestHandler_ExecuteFunction_HandleSequencesGetAroundWithSpan_No_Speaker_Security" />
    </UnitTest>
    <UnitTest name="PtzManager_PausePatrolling_Success" storage="d:\actions-runner\_work\xpco\xpco\corporate\recordingserver\recorderservice\tst\videoos.recorder.unittests\bin\x64\debug\net472\videoos.recorder.unittests.dll" id="d7d1d95e-637f-4df3-7404-cac2d45fd7fa">
      <Execution id="93d0ce1b-824a-400c-9ea6-3a621d45f6c8" />
      <TestMethod codeBase="D:\actions-runner\_work\XPCO\XPCO\Corporate\RecordingServer\RecorderService\tst\VideoOS.Recorder.UnitTests\bin\x64\Debug\net472\VideoOS.Recorder.UnitTests.dll" adapterTypeName="executor://mstestadapter/v2" className="VideoOS.Recorder.UnitTests.Command.PtzManagerTests" name="PtzManager_PausePatrolling_Success" />
    </UnitTest>
    <UnitTest name="SOAPCommandRequestHandler_ExecuteFunction_HandleTimeLineInformationGet_TimeLineInformationCount_LessEqual0" storage="d:\actions-runner\_work\xpco\xpco\corporate\recordingserver\recorderservice\tst\videoos.recorder.unittests\bin\x64\debug\net472\videoos.recorder.unittests.dll" id="1ae0ac54-8e7d-1642-efab-7c10333bbd4b">
      <Execution id="93c98524-c9d2-4b24-a244-dc2655697255" />
      <TestMethod codeBase="D:\actions-runner\_work\XPCO\XPCO\Corporate\RecordingServer\RecorderService\tst\VideoOS.Recorder.UnitTests\bin\x64\Debug\net472\VideoOS.Recorder.UnitTests.dll" adapterTypeName="executor://mstestadapter/v2" className="VideoOS.Recorder.UnitTests.WebServer.SOAPCommandRequestHandlerTests" name="SOAPCommandRequestHandler_ExecuteFunction_HandleTimeLineInformationGet_TimeLineInformationCount_LessEqual0" />
    </UnitTest>
    <UnitTest name="SearchingForwardOverlaps" storage="d:\actions-runner\_work\xpco\xpco\corporate\recordingserver\recorderservice\tst\videoos.recorder.unittests\bin\x64\debug\net472\videoos.recorder.unittests.dll" id="5c065fe3-fbf4-d20e-aa53-d906cedfcedb">
      <Execution id="dfdaf9fb-bcc4-4b86-b31d-e10bbce5ebd6" />
      <TestMethod codeBase="D:\actions-runner\_work\XPCO\XPCO\Corporate\RecordingServer\RecorderService\tst\VideoOS.Recorder.UnitTests\bin\x64\Debug\net472\VideoOS.Recorder.UnitTests.dll" adapterTypeName="executor://mstestadapter/v2" className="VideoOS.Recorder.UnitTests.ObjectModel.RestrictedMediaHandlerTest" name="SearchingForwardOverlaps" />
    </UnitTest>
    <UnitTest name="IsInRange_ShouldReturnTrue_WhenAddressEqualsEnd" storage="d:\actions-runner\_work\xpco\xpco\corporate\recordingserver\recorderservice\tst\videoos.recorder.unittests\bin\x64\debug\net472\videoos.recorder.unittests.dll" id="949725dd-6b3f-d5d7-b7d9-9c14ac78c384">
      <Execution id="95223582-7e85-4b7f-9ec8-f89da8ee2929" />
      <TestMethod codeBase="D:\actions-runner\_work\XPCO\XPCO\Corporate\RecordingServer\RecorderService\tst\VideoOS.Recorder.UnitTests\bin\x64\Debug\net472\VideoOS.Recorder.UnitTests.dll" adapterTypeName="executor://mstestadapter/v2" className="VideoOS.Recorder.UnitTests.DeviceDiscovery.MipDriversDiscoveryTaskTests" name="IsInRange_ShouldReturnTrue_WhenAddressEqualsEnd" />
    </UnitTest>
    <UnitTest name="PtzManager_MoveAbsolute_Success" storage="d:\actions-runner\_work\xpco\xpco\corporate\recordingserver\recorderservice\tst\videoos.recorder.unittests\bin\x64\debug\net472\videoos.recorder.unittests.dll" id="62f127d9-a0a3-5706-49a7-fb63760b5c05">
      <Execution id="fc6547a8-22af-4fb7-994d-209bde5b2e59" />
      <TestMethod codeBase="D:\actions-runner\_work\XPCO\XPCO\Corporate\RecordingServer\RecorderService\tst\VideoOS.Recorder.UnitTests\bin\x64\Debug\net472\VideoOS.Recorder.UnitTests.dll" adapterTypeName="executor://mstestadapter/v2" className="VideoOS.Recorder.UnitTests.Command.PtzManagerTests" name="PtzManager_MoveAbsolute_Success" />
    </UnitTest>
    <UnitTest name="SOAPCommandRequestHandler_ExecuteFunction_HandlePTZDeactivatePatrollingSchema_Not_Licensed" storage="d:\actions-runner\_work\xpco\xpco\corporate\recordingserver\recorderservice\tst\videoos.recorder.unittests\bin\x64\debug\net472\videoos.recorder.unittests.dll" id="8f2d0c8a-421c-a1aa-d68f-9f276a99c0be">
      <Execution id="52cc0f21-f39e-4f15-99ba-c31970021c2d" />
      <TestMethod codeBase="D:\actions-runner\_work\XPCO\XPCO\Corporate\RecordingServer\RecorderService\tst\VideoOS.Recorder.UnitTests\bin\x64\Debug\net472\VideoOS.Recorder.UnitTests.dll" adapterTypeName="executor://mstestadapter/v2" className="VideoOS.Recorder.UnitTests.WebServer.SOAPCommandRequestHandlerTests" name="SOAPCommandRequestHandler_ExecuteFunction_HandlePTZDeactivatePatrollingSchema_Not_Licensed" />
    </UnitTest>
    <UnitTest name="Start_WithIncompatibleServer_LogsTheMessage" storage="d:\actions-runner\_work\xpco\xpco\corporate\recordingserver\recorderservice\tst\videoos.recorder.unittests\bin\x64\debug\net472\videoos.recorder.unittests.dll" id="e0fb9a6b-01f1-3864-c35f-18601f8da5ad">
      <Execution id="9c3ae0a7-5cb1-4dec-aac7-b1853496f0a3" />
      <TestMethod codeBase="D:\actions-runner\_work\XPCO\XPCO\Corporate\RecordingServer\RecorderService\tst\VideoOS.Recorder.UnitTests\bin\x64\Debug\net472\VideoOS.Recorder.UnitTests.dll" adapterTypeName="executor://mstestadapter/v2" className="VideoOS.Recorder.UnitTests.CommManagerWebApiTests" name="Start_WithIncompatibleServer_LogsTheMessage" />
    </UnitTest>
    <UnitTest name="SOAPCommandRequestHandler_ExecuteFunction_HandlePTZCenter_Height_Not_Double" storage="d:\actions-runner\_work\xpco\xpco\corporate\recordingserver\recorderservice\tst\videoos.recorder.unittests\bin\x64\debug\net472\videoos.recorder.unittests.dll" id="cc0d485b-9743-159f-4b3e-d21ea11c4547">
      <Execution id="61c66d2b-affc-4c43-a3f7-10d352be6a14" />
      <TestMethod codeBase="D:\actions-runner\_work\XPCO\XPCO\Corporate\RecordingServer\RecorderService\tst\VideoOS.Recorder.UnitTests\bin\x64\Debug\net472\VideoOS.Recorder.UnitTests.dll" adapterTypeName="executor://mstestadapter/v2" className="VideoOS.Recorder.UnitTests.WebServer.SOAPCommandRequestHandlerTests" name="SOAPCommandRequestHandler_ExecuteFunction_HandlePTZCenter_Height_Not_Double" />
    </UnitTest>
    <UnitTest name="SOAPCommandRequestHandler_ExecuteFunction_HandlePTZActivatePatrollingSchema_NoDeviceId" storage="d:\actions-runner\_work\xpco\xpco\corporate\recordingserver\recorderservice\tst\videoos.recorder.unittests\bin\x64\debug\net472\videoos.recorder.unittests.dll" id="5f071467-0ec7-cb4a-de4c-e26d70e1135c">
      <Execution id="1ed6f3e3-5acb-4d82-a82a-2bacc0d6154c" />
      <TestMethod codeBase="D:\actions-runner\_work\XPCO\XPCO\Corporate\RecordingServer\RecorderService\tst\VideoOS.Recorder.UnitTests\bin\x64\Debug\net472\VideoOS.Recorder.UnitTests.dll" adapterTypeName="executor://mstestadapter/v2" className="VideoOS.Recorder.UnitTests.WebServer.SOAPCommandRequestHandlerTests" name="SOAPCommandRequestHandler_ExecuteFunction_HandlePTZActivatePatrollingSchema_NoDeviceId" />
    </UnitTest>
    <UnitTest name="CheckUsingStorageTask_Run_Only_Once" storage="d:\actions-runner\_work\xpco\xpco\corporate\recordingserver\recorderservice\tst\videoos.recorder.unittests\bin\x64\debug\net472\videoos.recorder.unittests.dll" id="593f7deb-3803-9943-f8c6-baa1f4f08056">
      <TestCategory>
        <TestCategoryItem TestCategory="ObjectModel.RecordingStorage" />
      </TestCategory>
      <Execution id="b3009633-7f4d-4759-bd8f-0364af85de16" />
      <TestMethod codeBase="D:\actions-runner\_work\XPCO\XPCO\Corporate\RecordingServer\RecorderService\tst\VideoOS.Recorder.UnitTests\bin\x64\Debug\net472\VideoOS.Recorder.UnitTests.dll" adapterTypeName="executor://mstestadapter/v2" className="VideoOS.Recorder.UnitTests.ObjectModel.RecordingStorageTests" name="CheckUsingStorageTask_Run_Only_Once" />
    </UnitTest>
    <UnitTest name="ResetConfigRecordRelatedWhileRecordingCamera" storage="d:\actions-runner\_work\xpco\xpco\corporate\recordingserver\recorderservice\tst\videoos.recorder.unittests\bin\x64\debug\net472\videoos.recorder.unittests.dll" id="b04dd62a-a28e-d69a-9c42-2711a6e089f5">
      <TestCategory>
        <TestCategoryItem TestCategory="ObjectModel.Device.RelatedDeviceHandler" />
      </TestCategory>
      <Execution id="b6039bc6-38cd-4879-aeee-46cc5d036043" />
      <TestMethod codeBase="D:\actions-runner\_work\XPCO\XPCO\Corporate\RecordingServer\RecorderService\tst\VideoOS.Recorder.UnitTests\bin\x64\Debug\net472\VideoOS.Recorder.UnitTests.dll" adapterTypeName="executor://mstestadapter/v2" className="VideoOS.Recorder.UnitTests.ObjectModel.RelatedDeviceHandlerTest" name="ResetConfigRecordRelatedWhileRecordingCamera" />
    </UnitTest>
    <UnitTest name="DatabaseoperationCommandhandler_Execute_ArgumentException" storage="d:\actions-runner\_work\xpco\xpco\corporate\recordingserver\recorderservice\tst\videoos.recorder.unittests\bin\x64\debug\net472\videoos.recorder.unittests.dll" id="80012219-af01-d909-783d-b6bc63dca720">
      <Execution id="d8768549-cb4b-4c9a-b8fb-22f156fa9abf" />
      <TestMethod codeBase="D:\actions-runner\_work\XPCO\XPCO\Corporate\RecordingServer\RecorderService\tst\VideoOS.Recorder.UnitTests\bin\x64\Debug\net472\VideoOS.Recorder.UnitTests.dll" adapterTypeName="executor://mstestadapter/v2" className="VideoOS.Recorder.UnitTests.Command.DatabaseOperationCommandHandlerUnitTests" name="DatabaseoperationCommandhandler_Execute_ArgumentException" />
    </UnitTest>
    <UnitTest name="RecStorage_Startup_NotAllowStart_KeepFailing_Failure_Retry" storage="d:\actions-runner\_work\xpco\xpco\corporate\recordingserver\recorderservice\tst\videoos.recorder.unittests\bin\x64\debug\net472\videoos.recorder.unittests.dll" id="61bd2a93-8cfd-2596-ac4e-6755cde8791e">
      <Execution id="814171d5-c77e-4639-9470-157dac74cd44" />
      <TestMethod codeBase="D:\actions-runner\_work\XPCO\XPCO\Corporate\RecordingServer\RecorderService\tst\VideoOS.Recorder.UnitTests\bin\x64\Debug\net472\VideoOS.Recorder.UnitTests.dll" adapterTypeName="executor://mstestadapter/v2" className="VideoOS.Recorder.UnitTests.ObjectModel.MediaDbManagerUnitTests" name="RecStorage_Startup_NotAllowStart_KeepFailing_Failure_Retry" />
    </UnitTest>
    <UnitTest name="CheckHardwareDefinitionCommandHandler_Execute_AddressNotChanged_Success" storage="d:\actions-runner\_work\xpco\xpco\corporate\recordingserver\recorderservice\tst\videoos.recorder.unittests\bin\x64\debug\net472\videoos.recorder.unittests.dll" id="261e9349-c966-f457-4f8c-b98500a37378">
      <Execution id="34cdb03d-b2ac-4e10-a22d-35e282adf535" />
      <TestMethod codeBase="D:\actions-runner\_work\XPCO\XPCO\Corporate\RecordingServer\RecorderService\tst\VideoOS.Recorder.UnitTests\bin\x64\Debug\net472\VideoOS.Recorder.UnitTests.dll" adapterTypeName="executor://mstestadapter/v2" className="VideoOS.Recorder.UnitTests.Command.CheckHardwareDefinitionCommandHandlerTests" name="CheckHardwareDefinitionCommandHandler_Execute_AddressNotChanged_Success" />
    </UnitTest>
    <UnitTest name="SOAPCommandRequestHandler_ExecuteFunction_HandleSmartSearchStart_NoSearchBeginTime" storage="d:\actions-runner\_work\xpco\xpco\corporate\recordingserver\recorderservice\tst\videoos.recorder.unittests\bin\x64\debug\net472\videoos.recorder.unittests.dll" id="f22bf055-64a6-a89a-97b0-a09304021d53">
      <Execution id="3fd55abc-401e-4c66-8d9a-16fd8a2f353a" />
      <TestMethod codeBase="D:\actions-runner\_work\XPCO\XPCO\Corporate\RecordingServer\RecorderService\tst\VideoOS.Recorder.UnitTests\bin\x64\Debug\net472\VideoOS.Recorder.UnitTests.dll" adapterTypeName="executor://mstestadapter/v2" className="VideoOS.Recorder.UnitTests.WebServer.SOAPCommandRequestHandlerTests" name="SOAPCommandRequestHandler_ExecuteFunction_HandleSmartSearchStart_NoSearchBeginTime" />
    </UnitTest>
    <UnitTest name="RequestArchiveInformation_StorageIDMapping_GUIDs_Multi" storage="d:\actions-runner\_work\xpco\xpco\corporate\recordingserver\recorderservice\tst\videoos.recorder.unittests\bin\x64\debug\net472\videoos.recorder.unittests.dll" id="160fa9b6-e0e0-b68c-5f8a-83668432548f">
      <Execution id="aad9475a-9d72-4d26-ade8-6cb49c43d421" />
      <TestMethod codeBase="D:\actions-runner\_work\XPCO\XPCO\Corporate\RecordingServer\RecorderService\tst\VideoOS.Recorder.UnitTests\bin\x64\Debug\net472\VideoOS.Recorder.UnitTests.dll" adapterTypeName="executor://mstestadapter/v2" className="VideoOS.Recorder.UnitTests.ObjectModel.MediaDbManagerUnitTests" name="RequestArchiveInformation_StorageIDMapping_GUIDs_Multi" />
    </UnitTest>
    <UnitTest name="PtzReleaseSessionCommandHandler_Execute_No_Security_Token" storage="d:\actions-runner\_work\xpco\xpco\corporate\recordingserver\recorderservice\tst\videoos.recorder.unittests\bin\x64\debug\net472\videoos.recorder.unittests.dll" id="96b28535-e625-df35-df33-078293bf1a00">
      <Execution id="9795a3fd-fd5a-458d-818f-2ee9b7749e45" />
      <TestMethod codeBase="D:\actions-runner\_work\XPCO\XPCO\Corporate\RecordingServer\RecorderService\tst\VideoOS.Recorder.UnitTests\bin\x64\Debug\net472\VideoOS.Recorder.UnitTests.dll" adapterTypeName="executor://mstestadapter/v2" className="VideoOS.Recorder.UnitTests.Command.PtzReleaseSessionCommandHandlerTest" name="PtzReleaseSessionCommandHandler_Execute_No_Security_Token" />
    </UnitTest>
    <UnitTest name="FirmwareUpgradeCommandHandler_Execute_FirmwareUpgradeStatus_ThrowsStatusUnknown_Errors" storage="d:\actions-runner\_work\xpco\xpco\corporate\recordingserver\recorderservice\tst\videoos.recorder.unittests\bin\x64\debug\net472\videoos.recorder.unittests.dll" id="e4a88615-e2e1-b749-456a-476e94ae800f">
      <Execution id="1473a444-3fd3-4f0b-aebe-f8fce6550b36" />
      <TestMethod codeBase="D:\actions-runner\_work\XPCO\XPCO\Corporate\RecordingServer\RecorderService\tst\VideoOS.Recorder.UnitTests\bin\x64\Debug\net472\VideoOS.Recorder.UnitTests.dll" adapterTypeName="executor://mstestadapter/v2" className="VideoOS.Recorder.UnitTests.Command.FirmwareUpgradeCommandHandlerUnitTests" name="FirmwareUpgradeCommandHandler_Execute_FirmwareUpgradeStatus_ThrowsStatusUnknown_Errors" />
    </UnitTest>
    <UnitTest name="HardwareSetupInformationCommandHandler_Execute_DuplicateMac_Allowed_Success" storage="d:\actions-runner\_work\xpco\xpco\corporate\recordingserver\recorderservice\tst\videoos.recorder.unittests\bin\x64\debug\net472\videoos.recorder.unittests.dll" id="768837d1-698a-c042-b263-bf6dd8525485">
      <Execution id="eab4d356-e433-451b-9625-8cc1a443197a" />
      <TestMethod codeBase="D:\actions-runner\_work\XPCO\XPCO\Corporate\RecordingServer\RecorderService\tst\VideoOS.Recorder.UnitTests\bin\x64\Debug\net472\VideoOS.Recorder.UnitTests.dll" adapterTypeName="executor://mstestadapter/v2" className="VideoOS.Recorder.UnitTests.Command.HardwareSetupInformationCommandHandlerUnitTests" name="HardwareSetupInformationCommandHandler_Execute_DuplicateMac_Allowed_Success" />
    </UnitTest>
    <UnitTest name="CollectRecorderInfoCommandXmlConverter_ArchiveProgress_Single_NoProgress" storage="d:\actions-runner\_work\xpco\xpco\corporate\recordingserver\recorderservice\tst\videoos.recorder.unittests\bin\x64\debug\net472\videoos.recorder.unittests.dll" id="daac7a8a-7926-eba0-bb67-56c7d76c0421">
      <Execution id="9bdb7918-a733-4851-9e8f-62eee0003dda" />
      <TestMethod codeBase="D:\actions-runner\_work\XPCO\XPCO\Corporate\RecordingServer\RecorderService\tst\VideoOS.Recorder.UnitTests\bin\x64\Debug\net472\VideoOS.Recorder.UnitTests.dll" adapterTypeName="executor://mstestadapter/v2" className="VideoOS.Recorder.UnitTests.Command.CollectRecorderInfoCommandXmlConverterTest" name="CollectRecorderInfoCommandXmlConverter_ArchiveProgress_Single_NoProgress" />
    </UnitTest>
    <UnitTest name="RegisterLiveTablesInStorageTwiche" storage="d:\actions-runner\_work\xpco\xpco\corporate\recordingserver\recorderservice\tst\videoos.recorder.unittests\bin\x64\debug\net472\videoos.recorder.unittests.dll" id="7d3f2f7a-9a5c-53ed-13fc-aa95e828dc4c">
      <Execution id="8141d191-8bfc-44e4-8fc7-6f029f0cc26f" />
      <TestMethod codeBase="D:\actions-runner\_work\XPCO\XPCO\Corporate\RecordingServer\RecorderService\tst\VideoOS.Recorder.UnitTests\bin\x64\Debug\net472\VideoOS.Recorder.UnitTests.dll" adapterTypeName="executor://mstestadapter/v2" className="VideoOS.Recorder.UnitTests.Database.MediaDbLiveTableStorageInfoTests" name="RegisterLiveTablesInStorageTwiche" />
    </UnitTest>
    <UnitTest name="TimeRangeConversionOverlappingRanges" storage="d:\actions-runner\_work\xpco\xpco\corporate\recordingserver\recorderservice\tst\videoos.recorder.unittests\bin\x64\debug\net472\videoos.recorder.unittests.dll" id="aad384e0-fb1c-a4db-5b18-8de78999ea17">
      <TestCategory>
        <TestCategoryItem TestCategory="TimeRangeConversion" />
      </TestCategory>
      <Execution id="2dee1e3d-582e-43ba-8a54-50ac23cbf8b2" />
      <TestMethod codeBase="D:\actions-runner\_work\XPCO\XPCO\Corporate\RecordingServer\RecorderService\tst\VideoOS.Recorder.UnitTests\bin\x64\Debug\net472\VideoOS.Recorder.UnitTests.dll" adapterTypeName="executor://mstestadapter/v2" className="VideoOS.Recorder.UnitTests.TimeRangeConversionTests.TimeRangeConversionTests" name="TimeRangeConversionOverlappingRanges" />
    </UnitTest>
    <UnitTest name="SOAPCommandRequestHandler_ExecuteFunction_HandlePTZMoveHome_No_Priority" storage="d:\actions-runner\_work\xpco\xpco\corporate\recordingserver\recorderservice\tst\videoos.recorder.unittests\bin\x64\debug\net472\videoos.recorder.unittests.dll" id="aa2a2537-acc7-fac0-bb1e-d193ab189c0c">
      <Execution id="167485ae-1a36-42e4-8e2d-5394c8a86e64" />
      <TestMethod codeBase="D:\actions-runner\_work\XPCO\XPCO\Corporate\RecordingServer\RecorderService\tst\VideoOS.Recorder.UnitTests\bin\x64\Debug\net472\VideoOS.Recorder.UnitTests.dll" adapterTypeName="executor://mstestadapter/v2" className="VideoOS.Recorder.UnitTests.WebServer.SOAPCommandRequestHandlerTests" name="SOAPCommandRequestHandler_ExecuteFunction_HandlePTZMoveHome_No_Priority" />
    </UnitTest>
    <UnitTest name="PtzStopSessionCommandHandler_Execute_PtzException_PatrollingSessionAttemptedReleased" storage="d:\actions-runner\_work\xpco\xpco\corporate\recordingserver\recorderservice\tst\videoos.recorder.unittests\bin\x64\debug\net472\videoos.recorder.unittests.dll" id="140eefae-bb91-4e67-5b7a-70bac908e4d6">
      <Execution id="03dd1f7c-8dae-46d0-8b42-4e3b70b7e416" />
      <TestMethod codeBase="D:\actions-runner\_work\XPCO\XPCO\Corporate\RecordingServer\RecorderService\tst\VideoOS.Recorder.UnitTests\bin\x64\Debug\net472\VideoOS.Recorder.UnitTests.dll" adapterTypeName="executor://mstestadapter/v2" className="VideoOS.Recorder.UnitTests.Command.PtzStopSessionCommandHandlerTest" name="PtzStopSessionCommandHandler_Execute_PtzException_PatrollingSessionAttemptedReleased" />
    </UnitTest>
    <UnitTest name="ConnectSuccess_PrevSeqTime_AfterMedia" storage="d:\actions-runner\_work\xpco\xpco\corporate\recordingserver\recorderservice\tst\videoos.recorder.unittests\bin\x64\debug\net472\videoos.recorder.unittests.dll" id="6dd13415-80a1-3dc0-3ef0-c5a6924ca8cb">
      <Execution id="9f63e68d-0f12-4479-9f6c-5ab547b013fb" />
      <TestMethod codeBase="D:\actions-runner\_work\XPCO\XPCO\Corporate\RecordingServer\RecorderService\tst\VideoOS.Recorder.UnitTests\bin\x64\Debug\net472\VideoOS.Recorder.UnitTests.dll" adapterTypeName="executor://mstestadapter/v2" className="VideoOS.Recorder.UnitTests.WebServer.ImageServerRequestHandlerTests" name="ConnectSuccess_PrevSeqTime_AfterMedia" />
    </UnitTest>
    <UnitTest name="SOAPCommandRequestHandler_ExecuteFunction_HandleTimeLineInformationGet_NoDeviceId" storage="d:\actions-runner\_work\xpco\xpco\corporate\recordingserver\recorderservice\tst\videoos.recorder.unittests\bin\x64\debug\net472\videoos.recorder.unittests.dll" id="cf2e6996-22f0-5db8-5400-8b9456fb3bd1">
      <Execution id="e175d353-a99b-4473-ba14-de31f542ef1f" />
      <TestMethod codeBase="D:\actions-runner\_work\XPCO\XPCO\Corporate\RecordingServer\RecorderService\tst\VideoOS.Recorder.UnitTests\bin\x64\Debug\net472\VideoOS.Recorder.UnitTests.dll" adapterTypeName="executor://mstestadapter/v2" className="VideoOS.Recorder.UnitTests.WebServer.SOAPCommandRequestHandlerTests" name="SOAPCommandRequestHandler_ExecuteFunction_HandleTimeLineInformationGet_NoDeviceId" />
    </UnitTest>
    <UnitTest name="AddHardwareUserCommandHandler_Execute_HardwareNotFound_Fails" storage="d:\actions-runner\_work\xpco\xpco\corporate\recordingserver\recorderservice\tst\videoos.recorder.unittests\bin\x64\debug\net472\videoos.recorder.unittests.dll" id="ea96d8c2-b012-7a15-be1c-52de1fa69f3c">
      <Execution id="a74b52d9-8d77-45ff-a34f-8821dfc5e43e" />
      <TestMethod codeBase="D:\actions-runner\_work\XPCO\XPCO\Corporate\RecordingServer\RecorderService\tst\VideoOS.Recorder.UnitTests\bin\x64\Debug\net472\VideoOS.Recorder.UnitTests.dll" adapterTypeName="executor://mstestadapter/v2" className="VideoOS.Recorder.UnitTests.Command.AddHardwareUserCommandHandlerRecorderUnitTests" name="AddHardwareUserCommandHandler_Execute_HardwareNotFound_Fails" />
    </UnitTest>
    <UnitTest name="FirmwareUpgradeCommandHandler_Execute_FirmwareUpgradeStatus_ThrowsReconnectingException_Errors" storage="d:\actions-runner\_work\xpco\xpco\corporate\recordingserver\recorderservice\tst\videoos.recorder.unittests\bin\x64\debug\net472\videoos.recorder.unittests.dll" id="02585d25-8458-a2d5-1a37-f8fdbb03b7f5">
      <Execution id="0794d73c-96c2-42b7-a0a0-a5ebe7e6c836" />
      <TestMethod codeBase="D:\actions-runner\_work\XPCO\XPCO\Corporate\RecordingServer\RecorderService\tst\VideoOS.Recorder.UnitTests\bin\x64\Debug\net472\VideoOS.Recorder.UnitTests.dll" adapterTypeName="executor://mstestadapter/v2" className="VideoOS.Recorder.UnitTests.Command.FirmwareUpgradeCommandHandlerUnitTests" name="FirmwareUpgradeCommandHandler_Execute_FirmwareUpgradeStatus_ThrowsReconnectingException_Errors" />
    </UnitTest>
    <UnitTest name="ArcStorage_Failure_Retry" storage="d:\actions-runner\_work\xpco\xpco\corporate\recordingserver\recorderservice\tst\videoos.recorder.unittests\bin\x64\debug\net472\videoos.recorder.unittests.dll" id="28c90e04-ea6b-65dc-f25c-1fb60858805f">
      <Execution id="6d228bdb-67de-413c-8f65-c9976b33d356" />
      <TestMethod codeBase="D:\actions-runner\_work\XPCO\XPCO\Corporate\RecordingServer\RecorderService\tst\VideoOS.Recorder.UnitTests\bin\x64\Debug\net472\VideoOS.Recorder.UnitTests.dll" adapterTypeName="executor://mstestadapter/v2" className="VideoOS.Recorder.UnitTests.ObjectModel.MediaDbManagerUnitTests" name="ArcStorage_Failure_Retry" />
    </UnitTest>
    <UnitTest name="ConfigurationDatasetHolder_ApplyTableDistribution_NoDistributions_LiveTableExists_Success" storage="d:\actions-runner\_work\xpco\xpco\corporate\recordingserver\recorderservice\tst\videoos.recorder.unittests\bin\x64\debug\net472\videoos.recorder.unittests.dll" id="7a2b4445-6550-2bc9-9a63-77baee7c363a">
      <Execution id="fc9e54bc-51b1-4d87-9e83-90985ad47b51" />
      <TestMethod codeBase="D:\actions-runner\_work\XPCO\XPCO\Corporate\RecordingServer\RecorderService\tst\VideoOS.Recorder.UnitTests\bin\x64\Debug\net472\VideoOS.Recorder.UnitTests.dll" adapterTypeName="executor://mstestadapter/v2" className="VideoOS.Recorder.UnitTests.ConfigurationDatasetHolderUnitTests" name="ConfigurationDatasetHolder_ApplyTableDistribution_NoDistributions_LiveTableExists_Success" />
    </UnitTest>
    <UnitTest name="ReadMessageHeaders_ImageServer_Connect_ReadSuccess" storage="d:\actions-runner\_work\xpco\xpco\corporate\recordingserver\recorderservice\tst\videoos.recorder.unittests\bin\x64\debug\net472\videoos.recorder.unittests.dll" id="72e9872f-e146-2fb9-0c1d-bfc150eba3ba">
      <Execution id="f68a8b88-2dbf-455b-b20e-62239d11ec99" />
      <TestMethod codeBase="D:\actions-runner\_work\XPCO\XPCO\Corporate\RecordingServer\RecorderService\tst\VideoOS.Recorder.UnitTests\bin\x64\Debug\net472\VideoOS.Recorder.UnitTests.dll" adapterTypeName="executor://mstestadapter/v2" className="VideoOS.Recorder.UnitTests.WebServer.WebRequestReaderUnitTests" name="ReadMessageHeaders_ImageServer_Connect_ReadSuccess" />
    </UnitTest>
    <UnitTest name="RequestRecordKeyframesOnly_SetsRecordAllFramesToFalse_OnFirstRequest" storage="d:\actions-runner\_work\xpco\xpco\corporate\recordingserver\recorderservice\tst\videoos.recorder.unittests\bin\x64\debug\net472\videoos.recorder.unittests.dll" id="bd07fc63-b1a9-794c-a08b-5365e5040798">
      <TestCategory>
        <TestCategoryItem TestCategory="KeyframeRecording" />
      </TestCategory>
      <Execution id="d30e7d35-4616-480e-9bf6-9e69253c65b8" />
      <TestMethod codeBase="D:\actions-runner\_work\XPCO\XPCO\Corporate\RecordingServer\RecorderService\tst\VideoOS.Recorder.UnitTests\bin\x64\Debug\net472\VideoOS.Recorder.UnitTests.dll" adapterTypeName="executor://mstestadapter/v2" className="VideoOS.Recorder.UnitTests.StateEvaluation.DeviceRecordKeyframesStateEvaluatorTests" name="RequestRecordKeyframesOnly_SetsRecordAllFramesToFalse_OnFirstRequest" />
    </UnitTest>
    <UnitTest name="UpdateRecorderTaskProgressAsync_ConnectedAndBetween1And99_ShouldQueueCommand" storage="d:\actions-runner\_work\xpco\xpco\corporate\recordingserver\recorderservice\tst\videoos.recorder.unittests\bin\x64\debug\net472\videoos.recorder.unittests.dll" id="b3d817b8-e7e6-eb65-f92d-7523f232fbca">
      <Execution id="7ca045e4-d3a7-4c01-a0e2-d7ffe7ec04cd" />
      <TestMethod codeBase="D:\actions-runner\_work\XPCO\XPCO\Corporate\RecordingServer\RecorderService\tst\VideoOS.Recorder.UnitTests\bin\x64\Debug\net472\VideoOS.Recorder.UnitTests.dll" adapterTypeName="executor://mstestadapter/v2" className="VideoOS.Recorder.UnitTests.CommManagerWebApiTests" name="UpdateRecorderTaskProgressAsync_ConnectedAndBetween1And99_ShouldQueueCommand" />
    </UnitTest>
    <UnitTest name="SOAPCommandRequestHandler_ExecuteFunction_HandleMulticastStop_Success" storage="d:\actions-runner\_work\xpco\xpco\corporate\recordingserver\recorderservice\tst\videoos.recorder.unittests\bin\x64\debug\net472\videoos.recorder.unittests.dll" id="2c3b6d43-914d-89f9-d968-9dc41500934d">
      <Execution id="9dc87cea-161e-40de-99c5-864a853c7216" />
      <TestMethod codeBase="D:\actions-runner\_work\XPCO\XPCO\Corporate\RecordingServer\RecorderService\tst\VideoOS.Recorder.UnitTests\bin\x64\Debug\net472\VideoOS.Recorder.UnitTests.dll" adapterTypeName="executor://mstestadapter/v2" className="VideoOS.Recorder.UnitTests.WebServer.SOAPCommandRequestHandlerTests" name="SOAPCommandRequestHandler_ExecuteFunction_HandleMulticastStop_Success" />
    </UnitTest>
    <UnitTest name="ConnectSuccessSimple_Metadata" storage="d:\actions-runner\_work\xpco\xpco\corporate\recordingserver\recorderservice\tst\videoos.recorder.unittests\bin\x64\debug\net472\videoos.recorder.unittests.dll" id="6be252e4-ef90-c13b-c5f7-680d11ef5b73">
      <Execution id="6f982dba-fd2e-43cf-a868-34d34d43cc16" />
      <TestMethod codeBase="D:\actions-runner\_work\XPCO\XPCO\Corporate\RecordingServer\RecorderService\tst\VideoOS.Recorder.UnitTests\bin\x64\Debug\net472\VideoOS.Recorder.UnitTests.dll" adapterTypeName="executor://mstestadapter/v2" className="VideoOS.Recorder.UnitTests.WebServer.ImageServerRequestHandlerTests" name="ConnectSuccessSimple_Metadata" />
    </UnitTest>
    <UnitTest name="PtzPatrollingSession_Constructor_Success" storage="d:\actions-runner\_work\xpco\xpco\corporate\recordingserver\recorderservice\tst\videoos.recorder.unittests\bin\x64\debug\net472\videoos.recorder.unittests.dll" id="7f4a48c1-c1cd-a9cc-4967-4f5efa43ecff">
      <Execution id="39a97bbe-f121-4a2a-bcdd-98d1df5c2485" />
      <TestMethod codeBase="D:\actions-runner\_work\XPCO\XPCO\Corporate\RecordingServer\RecorderService\tst\VideoOS.Recorder.UnitTests\bin\x64\Debug\net472\VideoOS.Recorder.UnitTests.dll" adapterTypeName="executor://mstestadapter/v2" className="VideoOS.Recorder.UnitTests.Command.PtzSessionsTests" name="PtzPatrollingSession_Constructor_Success" />
    </UnitTest>
    <UnitTest name="SOAPCommandRequestHandler_ExecuteFunction_HandlePTZCenter_NoCenterY" storage="d:\actions-runner\_work\xpco\xpco\corporate\recordingserver\recorderservice\tst\videoos.recorder.unittests\bin\x64\debug\net472\videoos.recorder.unittests.dll" id="1c852dfa-9b00-fe57-d01d-bc9f5949ae94">
      <Execution id="de449dff-5cd5-4329-84fb-b4c695fc71db" />
      <TestMethod codeBase="D:\actions-runner\_work\XPCO\XPCO\Corporate\RecordingServer\RecorderService\tst\VideoOS.Recorder.UnitTests\bin\x64\Debug\net472\VideoOS.Recorder.UnitTests.dll" adapterTypeName="executor://mstestadapter/v2" className="VideoOS.Recorder.UnitTests.WebServer.SOAPCommandRequestHandlerTests" name="SOAPCommandRequestHandler_ExecuteFunction_HandlePTZCenter_NoCenterY" />
    </UnitTest>
    <UnitTest name="DeleteHardwareUserCommandHandler_Execute_HardwareNotEnabled_Errors" storage="d:\actions-runner\_work\xpco\xpco\corporate\recordingserver\recorderservice\tst\videoos.recorder.unittests\bin\x64\debug\net472\videoos.recorder.unittests.dll" id="64d1fcf6-1816-7581-4aa9-1d502df8a159">
      <Execution id="bcedcd72-ef59-498e-9267-df688bf827c8" />
      <TestMethod codeBase="D:\actions-runner\_work\XPCO\XPCO\Corporate\RecordingServer\RecorderService\tst\VideoOS.Recorder.UnitTests\bin\x64\Debug\net472\VideoOS.Recorder.UnitTests.dll" adapterTypeName="executor://mstestadapter/v2" className="VideoOS.Recorder.UnitTests.Command.DeleteHardwareUserCommandHandlerTest" name="DeleteHardwareUserCommandHandler_Execute_HardwareNotEnabled_Errors" />
    </UnitTest>
    <UnitTest name="SOAPCommandRequestHandler_ExecuteFunction_HandlePTZMoveHome_NoDeviceId" storage="d:\actions-runner\_work\xpco\xpco\corporate\recordingserver\recorderservice\tst\videoos.recorder.unittests\bin\x64\debug\net472\videoos.recorder.unittests.dll" id="1b6ae4ac-8418-f533-e65d-d36c3e94f90f">
      <Execution id="310d7cb3-957f-4154-ae82-2f13ebd172b2" />
      <TestMethod codeBase="D:\actions-runner\_work\XPCO\XPCO\Corporate\RecordingServer\RecorderService\tst\VideoOS.Recorder.UnitTests\bin\x64\Debug\net472\VideoOS.Recorder.UnitTests.dll" adapterTypeName="executor://mstestadapter/v2" className="VideoOS.Recorder.UnitTests.WebServer.SOAPCommandRequestHandlerTests" name="SOAPCommandRequestHandler_ExecuteFunction_HandlePTZMoveHome_NoDeviceId" />
    </UnitTest>
    <UnitTest name="PtzManager_PtzReserveSession_Success" storage="d:\actions-runner\_work\xpco\xpco\corporate\recordingserver\recorderservice\tst\videoos.recorder.unittests\bin\x64\debug\net472\videoos.recorder.unittests.dll" id="611c2b42-3a78-9da0-b609-822778d9c99c">
      <Execution id="694fbe92-e4e1-420e-befb-5e76aded2cda" />
      <TestMethod codeBase="D:\actions-runner\_work\XPCO\XPCO\Corporate\RecordingServer\RecorderService\tst\VideoOS.Recorder.UnitTests\bin\x64\Debug\net472\VideoOS.Recorder.UnitTests.dll" adapterTypeName="executor://mstestadapter/v2" className="VideoOS.Recorder.UnitTests.Command.PtzManagerTests" name="PtzManager_PtzReserveSession_Success" />
    </UnitTest>
    <UnitTest name="CheckDeleteDeviceMediaCommandHandler_MediaDbRepairInProgressNoAction" storage="d:\actions-runner\_work\xpco\xpco\corporate\recordingserver\recorderservice\tst\videoos.recorder.unittests\bin\x64\debug\net472\videoos.recorder.unittests.dll" id="5486909e-82f0-43bd-9354-a32cb8d28664">
      <Execution id="d29a230a-8e1e-4c9c-bf22-cf277dead567" />
      <TestMethod codeBase="D:\actions-runner\_work\XPCO\XPCO\Corporate\RecordingServer\RecorderService\tst\VideoOS.Recorder.UnitTests\bin\x64\Debug\net472\VideoOS.Recorder.UnitTests.dll" adapterTypeName="executor://mstestadapter/v2" className="VideoOS.Recorder.UnitTests.Command.CheckDeleteDeviceMediaCommandHandlerTests" name="CheckDeleteDeviceMediaCommandHandler_MediaDbRepairInProgressNoAction" />
    </UnitTest>
    <UnitTest name="ConnectSuccess_FrameBrowseLayer_Next" storage="d:\actions-runner\_work\xpco\xpco\corporate\recordingserver\recorderservice\tst\videoos.recorder.unittests\bin\x64\debug\net472\videoos.recorder.unittests.dll" id="2f1c412f-01ed-a9b4-385c-f0b57f911a2c">
      <Execution id="f989e67d-2e0b-4656-9555-6bbc5c6f33b9" />
      <TestMethod codeBase="D:\actions-runner\_work\XPCO\XPCO\Corporate\RecordingServer\RecorderService\tst\VideoOS.Recorder.UnitTests\bin\x64\Debug\net472\VideoOS.Recorder.UnitTests.dll" adapterTypeName="executor://mstestadapter/v2" className="VideoOS.Recorder.UnitTests.WebServer.ImageServerRequestHandlerTests" name="ConnectSuccess_FrameBrowseLayer_Next" />
    </UnitTest>
    <UnitTest name="QueryDeviceEvidenceLockSizesCommandHandler_SetEvidenceLocksNotCalled_ErrorResponse" storage="d:\actions-runner\_work\xpco\xpco\corporate\recordingserver\recorderservice\tst\videoos.recorder.unittests\bin\x64\debug\net472\videoos.recorder.unittests.dll" id="c61280df-d89a-c848-5702-a599254c9c7f">
      <Execution id="e5ae3d69-7599-4b35-9d98-2dc473216954" />
      <TestMethod codeBase="D:\actions-runner\_work\XPCO\XPCO\Corporate\RecordingServer\RecorderService\tst\VideoOS.Recorder.UnitTests\bin\x64\Debug\net472\VideoOS.Recorder.UnitTests.dll" adapterTypeName="executor://mstestadapter/v2" className="VideoOS.Recorder.UnitTests.Command.QueryDeviceEvidenceLockSizesCommandHandlerTests" name="QueryDeviceEvidenceLockSizesCommandHandler_SetEvidenceLocksNotCalled_ErrorResponse" />
    </UnitTest>
    <UnitTest name="CheckUsingStorageTask_Run_Once" storage="d:\actions-runner\_work\xpco\xpco\corporate\recordingserver\recorderservice\tst\videoos.recorder.unittests\bin\x64\debug\net472\videoos.recorder.unittests.dll" id="47852ba4-9f7c-aef7-23bb-716ae480a7a9">
      <TestCategory>
        <TestCategoryItem TestCategory="ObjectModel.RecordingStorage" />
      </TestCategory>
      <Execution id="f3474299-5cfe-4b88-a7cd-39380c50745f" />
      <TestMethod codeBase="D:\actions-runner\_work\XPCO\XPCO\Corporate\RecordingServer\RecorderService\tst\VideoOS.Recorder.UnitTests\bin\x64\Debug\net472\VideoOS.Recorder.UnitTests.dll" adapterTypeName="executor://mstestadapter/v2" className="VideoOS.Recorder.UnitTests.ObjectModel.RecordingStorageTests" name="CheckUsingStorageTask_Run_Once" />
    </UnitTest>
    <UnitTest name="TriggerEventAsGlobalCommand_IsNull_BadRequestResult" storage="d:\actions-runner\_work\xpco\xpco\corporate\recordingserver\recorderservice\tst\videoos.recorder.unittests\bin\x64\debug\net472\videoos.recorder.unittests.dll" id="48b4ba01-4353-a8ab-80b5-1fac51b080f4">
      <Execution id="d1e3d647-4a01-400f-b403-b145e9a95658" />
      <TestMethod codeBase="D:\actions-runner\_work\XPCO\XPCO\Corporate\RecordingServer\RecorderService\tst\VideoOS.Recorder.UnitTests\bin\x64\Debug\net472\VideoOS.Recorder.UnitTests.dll" adapterTypeName="executor://mstestadapter/v2" className="VideoOS.Recorder.UnitTests.EventsControllerTests" name="TriggerEventAsGlobalCommand_IsNull_BadRequestResult" />
    </UnitTest>
    <UnitTest name="GetNetworkConfigurationCommandHandler_Execute_HardwareNotStarted_Reschedules_NoResponse" storage="d:\actions-runner\_work\xpco\xpco\corporate\recordingserver\recorderservice\tst\videoos.recorder.unittests\bin\x64\debug\net472\videoos.recorder.unittests.dll" id="5dbee3c2-264b-5c9b-4900-e958b9291cf6">
      <Execution id="279a1db5-3167-4ef5-b2ef-d082865ebd1f" />
      <TestMethod codeBase="D:\actions-runner\_work\XPCO\XPCO\Corporate\RecordingServer\RecorderService\tst\VideoOS.Recorder.UnitTests\bin\x64\Debug\net472\VideoOS.Recorder.UnitTests.dll" adapterTypeName="executor://mstestadapter/v2" className="VideoOS.Recorder.UnitTests.Command.GetNetworkConfigurationCommandHandlerUnitTests" name="GetNetworkConfigurationCommandHandler_Execute_HardwareNotStarted_Reschedules_NoResponse" />
    </UnitTest>
    <UnitTest name="SearchingForwardEmpty" storage="d:\actions-runner\_work\xpco\xpco\corporate\recordingserver\recorderservice\tst\videoos.recorder.unittests\bin\x64\debug\net472\videoos.recorder.unittests.dll" id="bdefc2e1-11fd-8c75-0f03-9861d638578f">
      <Execution id="579e5a2e-28b3-48a8-8fc5-7463099325d5" />
      <TestMethod codeBase="D:\actions-runner\_work\XPCO\XPCO\Corporate\RecordingServer\RecorderService\tst\VideoOS.Recorder.UnitTests\bin\x64\Debug\net472\VideoOS.Recorder.UnitTests.dll" adapterTypeName="executor://mstestadapter/v2" className="VideoOS.Recorder.UnitTests.ObjectModel.RestrictedMediaHandlerTest" name="SearchingForwardEmpty" />
    </UnitTest>
    <UnitTest name="DatabaseoperationCommandhandler_FilterTrackIdsToThoseWithoutMediaOnRecorder_AreAllStoragesAndArchivesOnline_Returns_false_Causes_DataExists" storage="d:\actions-runner\_work\xpco\xpco\corporate\recordingserver\recorderservice\tst\videoos.recorder.unittests\bin\x64\debug\net472\videoos.recorder.unittests.dll" id="dcb17907-55f0-9c46-d5f2-f7a076037302">
      <Execution id="43d38a7a-5d8b-4530-ab87-ce34f933feb8" />
      <TestMethod codeBase="D:\actions-runner\_work\XPCO\XPCO\Corporate\RecordingServer\RecorderService\tst\VideoOS.Recorder.UnitTests\bin\x64\Debug\net472\VideoOS.Recorder.UnitTests.dll" adapterTypeName="executor://mstestadapter/v2" className="VideoOS.Recorder.UnitTests.Command.DatabaseOperationCommandHandlerUnitTests" name="DatabaseoperationCommandhandler_FilterTrackIdsToThoseWithoutMediaOnRecorder_AreAllStoragesAndArchivesOnline_Returns_false_Causes_DataExists" />
    </UnitTest>
    <UnitTest name="Transform_PrivactyMask_Null_ThrowsArgumentNullException" storage="d:\actions-runner\_work\xpco\xpco\corporate\recordingserver\recorderservice\tst\videoos.recorder.unittests\bin\x64\debug\net472\videoos.recorder.unittests.dll" id="ba75125b-a219-892f-41c3-4bebe36d3c3d">
      <Execution id="4cfd2e1b-3d20-4162-be18-c141d45d7133" />
      <TestMethod codeBase="D:\actions-runner\_work\XPCO\XPCO\Corporate\RecordingServer\RecorderService\tst\VideoOS.Recorder.UnitTests\bin\x64\Debug\net472\VideoOS.Recorder.UnitTests.dll" adapterTypeName="executor://mstestadapter/v2" className="VideoOS.Recorder.UnitTests.WebServer.PrivacyMaskTransportConverterUnitTests" name="Transform_PrivactyMask_Null_ThrowsArgumentNullException" />
    </UnitTest>
    <UnitTest name="SetRecordingCameraOneLink" storage="d:\actions-runner\_work\xpco\xpco\corporate\recordingserver\recorderservice\tst\videoos.recorder.unittests\bin\x64\debug\net472\videoos.recorder.unittests.dll" id="6b86ceca-2f85-c94e-44dd-a3b163e0561d">
      <TestCategory>
        <TestCategoryItem TestCategory="ObjectModel.Device.RelatedDeviceHandler" />
      </TestCategory>
      <Execution id="c7a5a6e8-9f81-4d4c-91eb-776d76c34542" />
      <TestMethod codeBase="D:\actions-runner\_work\XPCO\XPCO\Corporate\RecordingServer\RecorderService\tst\VideoOS.Recorder.UnitTests\bin\x64\Debug\net472\VideoOS.Recorder.UnitTests.dll" adapterTypeName="executor://mstestadapter/v2" className="VideoOS.Recorder.UnitTests.ObjectModel.RelatedDeviceHandlerTest" name="SetRecordingCameraOneLink" />
    </UnitTest>
    <UnitTest name="ResponseController_NullCommManager_ArgumentNullException" storage="d:\actions-runner\_work\xpco\xpco\corporate\recordingserver\recorderservice\tst\videoos.recorder.unittests\bin\x64\debug\net472\videoos.recorder.unittests.dll" id="5255c104-c7be-f6e9-5f6f-6abcea6a5ba2">
      <Execution id="3222fad2-cfeb-4c9f-a394-4aa44e866dd2" />
      <TestMethod codeBase="D:\actions-runner\_work\XPCO\XPCO\Corporate\RecordingServer\RecorderService\tst\VideoOS.Recorder.UnitTests\bin\x64\Debug\net472\VideoOS.Recorder.UnitTests.dll" adapterTypeName="executor://mstestadapter/v2" className="VideoOS.Recorder.UnitTests.ResponseControllerTests" name="ResponseController_NullCommManager_ArgumentNullException" />
    </UnitTest>
    <UnitTest name="HandleRequest_Json_WrongPath_404NotFound" storage="d:\actions-runner\_work\xpco\xpco\corporate\recordingserver\recorderservice\tst\videoos.recorder.unittests\bin\x64\debug\net472\videoos.recorder.unittests.dll" id="58c0e627-0e7a-25f9-e33a-982a27d9ab27">
      <Execution id="74abda14-2d9f-40c1-a4bd-6b2d085b37d3" />
      <TestMethod codeBase="D:\actions-runner\_work\XPCO\XPCO\Corporate\RecordingServer\RecorderService\tst\VideoOS.Recorder.UnitTests\bin\x64\Debug\net472\VideoOS.Recorder.UnitTests.dll" adapterTypeName="executor://mstestadapter/v2" className="VideoOS.Recorder.UnitTests.WebServer.DiagnosticsHttpRequestHandlerUnitTests" name="HandleRequest_Json_WrongPath_404NotFound" />
    </UnitTest>
    <UnitTest name="SetupInitialHardwareUserCommandHandler_Execute_SetupUser_ThrowsUserHandlingOperationUnsupportedError_Errors" storage="d:\actions-runner\_work\xpco\xpco\corporate\recordingserver\recorderservice\tst\videoos.recorder.unittests\bin\x64\debug\net472\videoos.recorder.unittests.dll" id="7cdcc5fd-a07f-12d2-c570-bbe60c7b1f25">
      <Execution id="659347d8-faa1-43db-882b-80ee6d66ee95" />
      <TestMethod codeBase="D:\actions-runner\_work\XPCO\XPCO\Corporate\RecordingServer\RecorderService\tst\VideoOS.Recorder.UnitTests\bin\x64\Debug\net472\VideoOS.Recorder.UnitTests.dll" adapterTypeName="executor://mstestadapter/v2" className="VideoOS.Recorder.UnitTests.Command.SetupInitialHardwareUserCommandHandlerUnitTests" name="SetupInitialHardwareUserCommandHandler_Execute_SetupUser_ThrowsUserHandlingOperationUnsupportedError_Errors" />
    </UnitTest>
    <UnitTest name="HardwareScanSession_TestStartAnd1Stop" storage="d:\actions-runner\_work\xpco\xpco\corporate\recordingserver\recorderservice\tst\videoos.recorder.unittests\bin\x64\debug\net472\videoos.recorder.unittests.dll" id="1c05d64a-8908-e7fc-26cc-a3403a01b18a">
      <Execution id="4ab88c76-abe1-4c87-93dc-b8a87f592ec9" />
      <TestMethod codeBase="D:\actions-runner\_work\XPCO\XPCO\Corporate\RecordingServer\RecorderService\tst\VideoOS.Recorder.UnitTests\bin\x64\Debug\net472\VideoOS.Recorder.UnitTests.dll" adapterTypeName="executor://mstestadapter/v2" className="VideoOS.Recorder.UnitTests.DeviceDiscovery.HardwareScanSessionTests" name="HardwareScanSession_TestStartAnd1Stop" />
    </UnitTest>
    <UnitTest name="ConfigureNotRecordingCamera" storage="d:\actions-runner\_work\xpco\xpco\corporate\recordingserver\recorderservice\tst\videoos.recorder.unittests\bin\x64\debug\net472\videoos.recorder.unittests.dll" id="8478dbe5-82ae-a5cf-14ed-dca0323d32ee">
      <TestCategory>
        <TestCategoryItem TestCategory="ObjectModel.Device.RelatedDeviceHandler" />
      </TestCategory>
      <Execution id="1a41ba2d-2757-4a4a-9172-612be37a7612" />
      <TestMethod codeBase="D:\actions-runner\_work\XPCO\XPCO\Corporate\RecordingServer\RecorderService\tst\VideoOS.Recorder.UnitTests\bin\x64\Debug\net472\VideoOS.Recorder.UnitTests.dll" adapterTypeName="executor://mstestadapter/v2" className="VideoOS.Recorder.UnitTests.ObjectModel.RelatedDeviceHandlerTest" name="ConfigureNotRecordingCamera" />
    </UnitTest>
    <UnitTest name="ReadMessageHeaders_Soap_HeadersTooLarge" storage="d:\actions-runner\_work\xpco\xpco\corporate\recordingserver\recorderservice\tst\videoos.recorder.unittests\bin\x64\debug\net472\videoos.recorder.unittests.dll" id="76dc2cc6-5426-5f99-0da4-08390eec12d2">
      <Execution id="02e099b4-2410-41af-96e3-256ed16eaa0b" />
      <TestMethod codeBase="D:\actions-runner\_work\XPCO\XPCO\Corporate\RecordingServer\RecorderService\tst\VideoOS.Recorder.UnitTests\bin\x64\Debug\net472\VideoOS.Recorder.UnitTests.dll" adapterTypeName="executor://mstestadapter/v2" className="VideoOS.Recorder.UnitTests.WebServer.WebRequestReaderUnitTests" name="ReadMessageHeaders_Soap_HeadersTooLarge" />
    </UnitTest>
    <UnitTest name="MoveNextExecutesInParallel" storage="d:\actions-runner\_work\xpco\xpco\corporate\recordingserver\recorderservice\tst\videoos.recorder.unittests\bin\x64\debug\net472\videoos.recorder.unittests.dll" id="ab75869c-3ec1-34f0-fa1b-a30b4357f2e7">
      <Execution id="e8ce1828-1557-4e79-afb2-fdb6a5ba86ee" />
      <TestMethod codeBase="D:\actions-runner\_work\XPCO\XPCO\Corporate\RecordingServer\RecorderService\tst\VideoOS.Recorder.UnitTests\bin\x64\Debug\net472\VideoOS.Recorder.UnitTests.dll" adapterTypeName="executor://mstestadapter/v2" className="VideoOS.Recorder.UnitTests.Utility.DeferredEnumerableTests" name="MoveNextExecutesInParallel" />
    </UnitTest>
    <UnitTest name="MediaDbCache_GetDiskUsageInformationBank_Path_Null_ArgumentNullException" storage="d:\actions-runner\_work\xpco\xpco\corporate\recordingserver\recorderservice\tst\videoos.recorder.unittests\bin\x64\debug\net472\videoos.recorder.unittests.dll" id="39580f40-0bef-81f8-7235-89ab12e8c444">
      <Execution id="000f54b7-4daa-4f92-a574-8a47b81ba12d" />
      <TestMethod codeBase="D:\actions-runner\_work\XPCO\XPCO\Corporate\RecordingServer\RecorderService\tst\VideoOS.Recorder.UnitTests\bin\x64\Debug\net472\VideoOS.Recorder.UnitTests.dll" adapterTypeName="executor://mstestadapter/v2" className="VideoOS.Recorder.UnitTests.Database.MediaDbCacheUnitTests" name="MediaDbCache_GetDiskUsageInformationBank_Path_Null_ArgumentNullException" />
    </UnitTest>
    <UnitTest name="EvidenceLockOnOldRecorderCommandHandler_SetEvidenceLocksNotCalled_FailResponse" storage="d:\actions-runner\_work\xpco\xpco\corporate\recordingserver\recorderservice\tst\videoos.recorder.unittests\bin\x64\debug\net472\videoos.recorder.unittests.dll" id="7186eb48-8593-669a-2e90-533ebdbf42c5">
      <Execution id="c6958ad3-36cf-4395-9b15-f700ba6469de" />
      <TestMethod codeBase="D:\actions-runner\_work\XPCO\XPCO\Corporate\RecordingServer\RecorderService\tst\VideoOS.Recorder.UnitTests\bin\x64\Debug\net472\VideoOS.Recorder.UnitTests.dll" adapterTypeName="executor://mstestadapter/v2" className="VideoOS.Recorder.UnitTests.Command.EvidenceLockOnOldRecorderCommandHandlerTests" name="EvidenceLockOnOldRecorderCommandHandler_SetEvidenceLocksNotCalled_FailResponse" />
    </UnitTest>
    <UnitTest name="PtzReserveSessionCommandHandler_Execute_PtzException_PtzRequestPriorityTooLow" storage="d:\actions-runner\_work\xpco\xpco\corporate\recordingserver\recorderservice\tst\videoos.recorder.unittests\bin\x64\debug\net472\videoos.recorder.unittests.dll" id="dacd281d-fa32-6a36-196f-63f03beed3cf">
      <Execution id="168f92c0-7e3b-4943-9886-b271c69ac664" />
      <TestMethod codeBase="D:\actions-runner\_work\XPCO\XPCO\Corporate\RecordingServer\RecorderService\tst\VideoOS.Recorder.UnitTests\bin\x64\Debug\net472\VideoOS.Recorder.UnitTests.dll" adapterTypeName="executor://mstestadapter/v2" className="VideoOS.Recorder.UnitTests.Command.PtzReserveSessionCommandHandlerTest" name="PtzReserveSessionCommandHandler_Execute_PtzException_PtzRequestPriorityTooLow" />
    </UnitTest>
  </TestDefinitions>
  <TestEntries>
    <TestEntry testId="824e6051-0efc-959f-4d50-858a92b364d4" executionId="811e18ab-2155-44ee-838c-7edcb6ce52d7" testListId="8c84fa94-04c1-424b-9868-57a2d4851a1d" />
    <TestEntry testId="4b2b5ea4-f0d4-e93c-7b72-d16a0f939b24" executionId="4702b68a-6272-49a5-8f87-753461ccd340" testListId="8c84fa94-04c1-424b-9868-57a2d4851a1d" />
    <TestEntry testId="5f17e460-af62-4be6-17fe-2e3a1ea478c3" executionId="520eecc3-71ab-4302-b4c7-90e691040438" testListId="8c84fa94-04c1-424b-9868-57a2d4851a1d" />
    <TestEntry testId="ee728857-3832-bde0-8ee8-4e507d69fcac" executionId="c9365609-166e-4548-bcd0-676cab7bd079" testListId="8c84fa94-04c1-424b-9868-57a2d4851a1d" />
    <TestEntry testId="7085e5c5-fdc2-03ca-043d-69353b624742" executionId="e1566f97-970a-4a11-ab55-2c26560fa5ee" testListId="8c84fa94-04c1-424b-9868-57a2d4851a1d" />
    <TestEntry testId="08b7391b-997e-9b4d-ebe6-f9918957b946" executionId="2703b723-f74c-4f29-8ad8-bb3b3b974ffb" testListId="8c84fa94-04c1-424b-9868-57a2d4851a1d" />
    <TestEntry testId="26166077-e048-bd2a-c8e7-83d8bc7db926" executionId="40035f64-198b-43ee-9ac2-98f1eddb6d4b" testListId="8c84fa94-04c1-424b-9868-57a2d4851a1d" />
    <TestEntry testId="af46bdb0-8caa-ed0c-7389-7e03d1085886" executionId="7c695c4c-f8b4-45f8-901b-d2f64e38df43" testListId="8c84fa94-04c1-424b-9868-57a2d4851a1d" />
    <TestEntry testId="23c99a93-5a9e-a3d8-1fc7-484a81c0d432" executionId="a5f6abdc-73df-49f1-9e2d-4a5b367a33e4" testListId="8c84fa94-04c1-424b-9868-57a2d4851a1d" />
    <TestEntry testId="51069a4b-333d-4a1a-ed56-b47914a38599" executionId="f36d5952-d1c7-420a-b1e9-0d1d4561ef30" testListId="8c84fa94-04c1-424b-9868-57a2d4851a1d" />
    <TestEntry testId="4759d55f-49a3-0ea7-167a-01f5ecbcbaf8" executionId="ca229158-a075-494d-bd41-e6b234166698" testListId="8c84fa94-04c1-424b-9868-57a2d4851a1d" />
    <TestEntry testId="3498ef96-c386-48ab-92a0-21ade1a0f55a" executionId="bf0b1a1f-ad33-4d3b-97a2-11fd52f21e16" testListId="8c84fa94-04c1-424b-9868-57a2d4851a1d" />
    <TestEntry testId="7b9aa6b6-e583-d3a0-95ca-64d6ee50fec3" executionId="52ae5e5f-0a9a-43d6-a90c-5d45393de015" testListId="8c84fa94-04c1-424b-9868-57a2d4851a1d" />
    <TestEntry testId="75856244-3f12-79b4-5d1e-98e476567652" executionId="83301728-eabe-4651-b466-56c8c6c0d1e9" testListId="8c84fa94-04c1-424b-9868-57a2d4851a1d" />
    <TestEntry testId="f25d7491-ccd4-a205-5a6c-7c01a0e574bc" executionId="f189920f-51fe-4727-9714-5fa7ceb412f4" testListId="8c84fa94-04c1-424b-9868-57a2d4851a1d" />
    <TestEntry testId="b5d4a09a-8d55-dd83-ee22-44db42c592da" executionId="cc68e23c-a94a-4146-b41c-2c956c3ec39f" testListId="8c84fa94-04c1-424b-9868-57a2d4851a1d" />
    <TestEntry testId="dea3580e-3a09-292c-5496-d4afcd443f8b" executionId="0a0b8275-519d-4034-8d6c-01dc18ad272d" testListId="8c84fa94-04c1-424b-9868-57a2d4851a1d" />
    <TestEntry testId="39f8b12a-040d-3c65-8a53-4fb31ea1ab10" executionId="fe13e6d6-10ed-4fba-bb54-f643d25678e4" testListId="8c84fa94-04c1-424b-9868-57a2d4851a1d" />
    <TestEntry testId="c14b9dfb-90db-75bb-6d49-a17a5def646b" executionId="c1d93160-626e-4645-95dc-69013113bca3" testListId="8c84fa94-04c1-424b-9868-57a2d4851a1d" />
    <TestEntry testId="cc746dc1-4f20-1e26-2252-3f9062ded2cd" executionId="cdc22b82-c386-46fb-b816-011b59f7b53b" testListId="8c84fa94-04c1-424b-9868-57a2d4851a1d" />
    <TestEntry testId="d1ac2f4b-25eb-55ad-4adb-bd953cf33e6c" executionId="8dfdea25-1fdc-4da0-9634-1dd9efdaa13e" testListId="8c84fa94-04c1-424b-9868-57a2d4851a1d" />
    <TestEntry testId="9cefd0a9-8c92-97bd-2892-256a438574dd" executionId="8bf66722-24f5-48cb-88c1-654bf367e611" testListId="8c84fa94-04c1-424b-9868-57a2d4851a1d" />
    <TestEntry testId="e4f8f0bc-c9b6-343d-b37d-7ae5f9d6fe40" executionId="2fdfd484-1c4b-4e6a-9300-497a03207172" testListId="8c84fa94-04c1-424b-9868-57a2d4851a1d" />
    <TestEntry testId="0d5a3f22-065f-64f9-dc7f-c36ec84732fa" executionId="dd6eefdf-5981-4b06-9be7-6b1126297c4a" testListId="8c84fa94-04c1-424b-9868-57a2d4851a1d" />
    <TestEntry testId="9e09cc8b-ebaa-2be8-dbdc-d6f399818446" executionId="7e297dfc-928f-4fa2-aab4-55bf598639fb" testListId="8c84fa94-04c1-424b-9868-57a2d4851a1d" />
    <TestEntry testId="591f340c-7e26-489e-4ed4-c51b91e628f8" executionId="f4301477-911c-48f0-b1b7-2309beec8ba1" testListId="8c84fa94-04c1-424b-9868-57a2d4851a1d" />
    <TestEntry testId="4ea280c9-b893-6a9a-489c-6c6af0fd440a" executionId="755c4873-afaf-4295-a46e-8be508ae4ce5" testListId="8c84fa94-04c1-424b-9868-57a2d4851a1d" />
    <TestEntry testId="f916698f-dd5d-8796-5425-1978a515b4f7" executionId="8c421b20-2d09-4d06-a18e-3916b676cadf" testListId="8c84fa94-04c1-424b-9868-57a2d4851a1d" />
    <TestEntry testId="af04bac6-2ce8-74dc-6659-d012719b6bdc" executionId="d3528e33-76c6-4b25-8fe3-2fa5d48b86a4" testListId="8c84fa94-04c1-424b-9868-57a2d4851a1d" />
    <TestEntry testId="af960baf-0abc-1a8f-9a7c-3cac35e6212e" executionId="d05f1d45-e66a-4c1d-bced-caa3e3fd2b19" testListId="8c84fa94-04c1-424b-9868-57a2d4851a1d" />
    <TestEntry testId="bb90bd9a-cf89-39ae-1cb2-a7c97b306676" executionId="1724b7ef-3fd4-458e-9b82-551f806e624d" testListId="8c84fa94-04c1-424b-9868-57a2d4851a1d" />
    <TestEntry testId="cc256b6e-e64d-2ded-8470-461578180b1a" executionId="2e2aee17-30a8-4f6f-bf6d-55a9016e5aa7" testListId="8c84fa94-04c1-424b-9868-57a2d4851a1d" />
    <TestEntry testId="cc66c58e-978b-8f4a-43d7-df39eecf1692" executionId="8b51c6c1-b8b6-48e8-8af2-4d795a4666c1" testListId="8c84fa94-04c1-424b-9868-57a2d4851a1d" />
    <TestEntry testId="8b88a5a8-a08f-05c4-0c85-be7e4e86f442" executionId="e6d03bf7-d1ba-4185-9ecf-386688502907" testListId="8c84fa94-04c1-424b-9868-57a2d4851a1d" />
    <TestEntry testId="ebc309bb-ac27-8eab-a1fd-4932f7f1d3dd" executionId="799160c8-6d20-43d2-b2c8-afae79cc8088" testListId="8c84fa94-04c1-424b-9868-57a2d4851a1d" />
    <TestEntry testId="c53abf88-1d6c-5205-d2fa-49c2d1d2fa27" executionId="7bfbe562-614a-4e10-a573-c5d303ec447d" testListId="8c84fa94-04c1-424b-9868-57a2d4851a1d" />
    <TestEntry testId="23d822b9-5805-a7e4-84d0-61bec1cc15fa" executionId="3bee3a9b-b64c-47f2-be10-d0e7a82bd797" testListId="8c84fa94-04c1-424b-9868-57a2d4851a1d" />
    <TestEntry testId="a2bce702-365d-6ddb-20f6-5f22a941b354" executionId="bb2ca510-e96b-43fe-9409-2ed6f5548ec2" testListId="8c84fa94-04c1-424b-9868-57a2d4851a1d" />
    <TestEntry testId="4bbb7166-5d12-9430-8733-29a7dd021927" executionId="67e10bb1-cefe-4df2-b64f-cfa80241af0b" testListId="8c84fa94-04c1-424b-9868-57a2d4851a1d" />
    <TestEntry testId="ea96d8c2-b012-7a15-be1c-52de1fa69f3c" executionId="a74b52d9-8d77-45ff-a34f-8821dfc5e43e" testListId="8c84fa94-04c1-424b-9868-57a2d4851a1d" />
    <TestEntry testId="38ff139f-5fa6-f79e-14c3-433d6df82f85" executionId="2b9e2e1d-8445-4109-9ce8-925e8b94e784" testListId="8c84fa94-04c1-424b-9868-57a2d4851a1d" />
    <TestEntry testId="6c44ac14-3993-67eb-0f37-7fe6d2032bb1" executionId="3cac4071-b791-469b-9c55-b30dbe0dd6ba" testListId="8c84fa94-04c1-424b-9868-57a2d4851a1d" />
    <TestEntry testId="608047e5-df85-8405-ad65-35084ce865e2" executionId="9dd21672-236d-48f6-bf94-9b8ad4da3165" testListId="8c84fa94-04c1-424b-9868-57a2d4851a1d" />
    <TestEntry testId="4b466b45-b55d-057d-5ed1-51385987fb8e" executionId="dce10e2d-9dc0-4eda-9006-652a49ffd705" testListId="8c84fa94-04c1-424b-9868-57a2d4851a1d" />
    <TestEntry testId="d68d1a12-69e1-c96a-03ca-000fe085b43c" executionId="53853319-154e-4b5f-834f-fcaaae6bb366" testListId="8c84fa94-04c1-424b-9868-57a2d4851a1d" />
    <TestEntry testId="5336cade-c3b9-8ee6-22d0-aec741cfd9c1" executionId="be82f795-c660-4d2f-b64a-de5371661dc8" testListId="8c84fa94-04c1-424b-9868-57a2d4851a1d" />
    <TestEntry testId="6fcf6796-bbd1-5878-d43c-f3a5449b7297" executionId="433b39d5-3871-4502-8226-7060feb2a011" testListId="8c84fa94-04c1-424b-9868-57a2d4851a1d" />
    <TestEntry testId="149fae0e-4b3b-37ce-c523-a738629c5e3d" executionId="a6354507-7f6b-4db8-b2f4-df1994bc763d" testListId="8c84fa94-04c1-424b-9868-57a2d4851a1d" />
    <TestEntry testId="27704cf3-1635-3d3d-6ba9-ece08612e6ed" executionId="6f61caef-315e-4458-a23a-187cfee58d1a" testListId="8c84fa94-04c1-424b-9868-57a2d4851a1d" />
    <TestEntry testId="ce3fd1d7-d608-094f-073f-52226a53a166" executionId="d34ba914-a06e-4637-b17c-cb47cb6deb57" testListId="8c84fa94-04c1-424b-9868-57a2d4851a1d" />
    <TestEntry testId="bd07fc63-b1a9-794c-a08b-5365e5040798" executionId="d30e7d35-4616-480e-9bf6-9e69253c65b8" testListId="8c84fa94-04c1-424b-9868-57a2d4851a1d" />
    <TestEntry testId="b61cc474-cc1d-c977-712d-e01d48b4cf8a" executionId="643d29e4-4a3c-40f0-8935-ca419cc35f6f" testListId="8c84fa94-04c1-424b-9868-57a2d4851a1d" />
    <TestEntry testId="fd058c02-c1b1-34e1-3ffa-3551ce08eb07" executionId="3fb5cc05-84b1-429d-81d2-2dc223f34f4c" testListId="8c84fa94-04c1-424b-9868-57a2d4851a1d" />
    <TestEntry testId="408fd36a-2a0e-6ae4-0cc5-a2a3c333329e" executionId="fb86aa8e-eec2-4e7e-8785-545ffea8e004" testListId="8c84fa94-04c1-424b-9868-57a2d4851a1d" />
    <TestEntry testId="267b1a2b-95b2-68a5-fcda-0a26d2cd3423" executionId="6e30a70e-ec4b-4204-8084-bec3b1a2dd2f" testListId="8c84fa94-04c1-424b-9868-57a2d4851a1d" />
    <TestEntry testId="3eb744f7-1144-5fa3-699e-8a12095498f6" executionId="debfdf1f-1b0e-4aac-996c-ac8ac54d8d71" testListId="8c84fa94-04c1-424b-9868-57a2d4851a1d" />
    <TestEntry testId="87c40e4a-7a60-c338-93a7-08f14b9747cd" executionId="f3b4e2b8-f336-4103-a8ce-bf18e1a8d278" testListId="8c84fa94-04c1-424b-9868-57a2d4851a1d" />
    <TestEntry testId="1c390b69-528a-eb14-787e-865cd81aa589" executionId="003e2f4c-3e11-4706-969a-f90bf967f276" testListId="8c84fa94-04c1-424b-9868-57a2d4851a1d" />
    <TestEntry testId="37f7dc44-733a-9d3c-28de-fbd465ea6cac" executionId="52f7a601-ba9f-43d9-8df3-c82cf75461cd" testListId="8c84fa94-04c1-424b-9868-57a2d4851a1d" />
    <TestEntry testId="af9c515c-990a-46b7-7894-bf5804e02abd" executionId="fc6568ae-639b-4fb8-ba9e-14c91bca2c2c" testListId="8c84fa94-04c1-424b-9868-57a2d4851a1d" />
    <TestEntry testId="52ce1766-1812-c263-8325-86677dbc5093" executionId="47b3e092-125d-4913-accd-541b7d67930b" testListId="8c84fa94-04c1-424b-9868-57a2d4851a1d" />
    <TestEntry testId="6b3e8315-25aa-da2f-c82e-34e79cabc5bc" executionId="75896994-171f-4fe7-8fd3-8a2e199dc989" testListId="8c84fa94-04c1-424b-9868-57a2d4851a1d" />
    <TestEntry testId="e90d824f-6012-1f24-1454-19b6ed28214d" executionId="d061877d-d2b9-4fd6-a687-bd9e70416d38" testListId="8c84fa94-04c1-424b-9868-57a2d4851a1d" />
    <TestEntry testId="1576b950-f80c-8d73-f397-fd5016206cf2" executionId="ebe269d3-85b3-49c7-bd10-c02d6bbf2e7c" testListId="8c84fa94-04c1-424b-9868-57a2d4851a1d" />
    <TestEntry testId="ef27459c-76de-489d-e30f-0b4115e73784" executionId="e32b9bf4-a795-469a-952e-8462f49bb372" testListId="8c84fa94-04c1-424b-9868-57a2d4851a1d" />
    <TestEntry testId="bab03081-5222-5822-1e64-cc780d6de6a9" executionId="7472be01-994d-4c34-a438-cc7485e96675" testListId="8c84fa94-04c1-424b-9868-57a2d4851a1d" />
    <TestEntry testId="84ba90f3-9865-b8fa-8adf-9b1a3d12d7fa" executionId="7e54beb6-3c30-492a-9a11-ef304a7d3eeb" testListId="8c84fa94-04c1-424b-9868-57a2d4851a1d" />
    <TestEntry testId="a5ed42a3-3fc9-e346-cc3c-ebc90271ee9f" executionId="67027dc6-f400-4fb4-98a5-8690e0dda914" testListId="8c84fa94-04c1-424b-9868-57a2d4851a1d" />
    <TestEntry testId="5fdbc1fd-a841-1dde-9f6d-f82cd22344bc" executionId="e1a265be-f8f9-4afc-aba5-1a3ba835b35d" testListId="8c84fa94-04c1-424b-9868-57a2d4851a1d" />
    <TestEntry testId="ff65b58d-13f8-81a9-7714-0fc6c1e404e1" executionId="9cdfac13-5a26-43f9-8af5-b11514b027ae" testListId="8c84fa94-04c1-424b-9868-57a2d4851a1d" />
    <TestEntry testId="5255c104-c7be-f6e9-5f6f-6abcea6a5ba2" executionId="3222fad2-cfeb-4c9f-a394-4aa44e866dd2" testListId="8c84fa94-04c1-424b-9868-57a2d4851a1d" />
    <TestEntry testId="e11f5d05-8169-5ff7-5ee7-033c8b181a6d" executionId="16d7eb32-3ac8-4fa9-8a97-115f3c99f655" testListId="8c84fa94-04c1-424b-9868-57a2d4851a1d" />
    <TestEntry testId="db6af28e-50a4-6d1a-7c8e-2fc1b8d39003" executionId="62723b25-ae45-4fbf-8b8a-fbb7682262a0" testListId="8c84fa94-04c1-424b-9868-57a2d4851a1d" />
    <TestEntry testId="665b1f0f-1d1c-7042-b714-c16e80b625c9" executionId="c8f3a2cf-b9e7-41b5-a4bf-727233276ac4" testListId="8c84fa94-04c1-424b-9868-57a2d4851a1d" />
    <TestEntry testId="261e9349-c966-f457-4f8c-b98500a37378" executionId="34cdb03d-b2ac-4e10-a22d-35e282adf535" testListId="8c84fa94-04c1-424b-9868-57a2d4851a1d" />
    <TestEntry testId="a9e1dd14-fe51-f317-1164-bb8a44f4e9b4" executionId="d903f939-b899-4542-b473-c943bd289894" testListId="8c84fa94-04c1-424b-9868-57a2d4851a1d" />
    <TestEntry testId="2614e9c9-d868-e53f-d1f7-c14b411ec857" executionId="448dc811-2cd1-484d-affa-95d54943d888" testListId="8c84fa94-04c1-424b-9868-57a2d4851a1d" />
    <TestEntry testId="52d9a274-dcc7-2ec7-8f82-d51baba9422b" executionId="2785cffe-4dc3-4fdf-b5bc-790a0437393d" testListId="8c84fa94-04c1-424b-9868-57a2d4851a1d" />
    <TestEntry testId="e43a90f4-de92-83c8-763d-039a5712ec18" executionId="3fbf69ec-4d76-4ef6-8a7f-9b1d44ff489e" testListId="8c84fa94-04c1-424b-9868-57a2d4851a1d" />
    <TestEntry testId="34d6c2ba-7066-1f87-cafb-c22794b8fcae" executionId="1a5a790d-f662-4614-80fb-35beb5f83810" testListId="8c84fa94-04c1-424b-9868-57a2d4851a1d" />
    <TestEntry testId="23b815c5-4d23-70cb-0402-9d0899ee10d1" executionId="f2a10804-87a9-4a14-9983-afda01dc43cd" testListId="8c84fa94-04c1-424b-9868-57a2d4851a1d" />
    <TestEntry testId="b477e2bc-bbce-3f9c-371f-276b31c16fbb" executionId="8d1f9bcc-0e72-480a-8d53-2ab12668980e" testListId="8c84fa94-04c1-424b-9868-57a2d4851a1d" />
    <TestEntry testId="b9031ac0-784a-5c25-8247-fb78392eb86f" executionId="84eeed93-48e4-45a6-b3c5-24838826ee13" testListId="8c84fa94-04c1-424b-9868-57a2d4851a1d" />
    <TestEntry testId="3b4b49ba-aa71-f021-7369-dc1c44f272a2" executionId="a90262f5-b0c6-41d6-ac2d-d08ba8fdba14" testListId="8c84fa94-04c1-424b-9868-57a2d4851a1d" />
    <TestEntry testId="2a8b5025-8035-6703-b6b8-efe30b305967" executionId="d1d396f8-aaff-4bea-a21f-09a4bc391bb5" testListId="8c84fa94-04c1-424b-9868-57a2d4851a1d" />
    <TestEntry testId="12e18fcd-ae5e-f636-7ffa-e065547949cf" executionId="89684b15-2676-4dcd-b7d5-7459d3963b88" testListId="8c84fa94-04c1-424b-9868-57a2d4851a1d" />
    <TestEntry testId="955020a2-7253-6e7c-7cc3-bbb3a972e209" executionId="95da61c5-6c64-4e34-bcb6-37209101874c" testListId="8c84fa94-04c1-424b-9868-57a2d4851a1d" />
    <TestEntry testId="c0fd9609-2aff-305c-143c-f0e4c7c329ee" executionId="c008e936-0493-4c70-b264-243788fc4174" testListId="8c84fa94-04c1-424b-9868-57a2d4851a1d" />
    <TestEntry testId="7c657bb1-d656-8572-52e9-8a42e2518cbb" executionId="339f5a4b-e9a6-404e-944e-68f367883737" testListId="8c84fa94-04c1-424b-9868-57a2d4851a1d" />
    <TestEntry testId="9da080b9-513b-368f-a550-e3016b79c97e" executionId="51707689-8eb7-4b9c-968e-a378f9a92009" testListId="8c84fa94-04c1-424b-9868-57a2d4851a1d" />
    <TestEntry testId="ed1dec9a-9e12-a2c3-334f-e6edb45dcb6a" executionId="eb7ce321-1627-419e-939e-76fd0588cc45" testListId="8c84fa94-04c1-424b-9868-57a2d4851a1d" />
    <TestEntry testId="cfae43cc-8a12-c2f5-05c8-4f9184442cde" executionId="2ab7f21d-a6e5-401c-8f07-8a75a1e08716" testListId="8c84fa94-04c1-424b-9868-57a2d4851a1d" />
    <TestEntry testId="3c02d772-2802-bcff-15bd-8b68f6e0cc7c" executionId="c5e5df78-552d-4d9e-befb-8a187b9a6674" testListId="8c84fa94-04c1-424b-9868-57a2d4851a1d" />
    <TestEntry testId="83de497b-d4c4-8177-19ae-00a5df08a991" executionId="f58dcc34-c758-485f-a77a-bfd7ae0f8ed4" testListId="8c84fa94-04c1-424b-9868-57a2d4851a1d" />
    <TestEntry testId="1a9dd7fc-481b-b0bd-b784-100180cbed88" executionId="67d5bda8-8d79-49eb-b778-774e11091fd7" testListId="8c84fa94-04c1-424b-9868-57a2d4851a1d" />
    <TestEntry testId="a8dba998-c070-d486-4557-5b506a41a400" executionId="df2bb17b-52da-4df6-9369-a7a1905829d6" testListId="8c84fa94-04c1-424b-9868-57a2d4851a1d" />
    <TestEntry testId="248633a8-419e-cde7-d246-f6ef50f7ef4a" executionId="d5458c99-f4fa-4370-b48b-f9267f132db7" testListId="8c84fa94-04c1-424b-9868-57a2d4851a1d" />
    <TestEntry testId="8f59d508-0fba-540c-0155-3889b43a2525" executionId="b27b6e2f-9890-4e0d-9ef7-1811e656fd94" testListId="8c84fa94-04c1-424b-9868-57a2d4851a1d" />
    <TestEntry testId="18d3b442-3af9-9ced-b5f4-c2bf6c6b45b3" executionId="c89e1130-d513-46d5-87e2-30c6b4514a81" testListId="8c84fa94-04c1-424b-9868-57a2d4851a1d" />
    <TestEntry testId="223235e7-2eef-701c-ac06-00f200ec176d" executionId="76f1e051-55ee-4e21-b0c1-fb4da1ad4baf" testListId="8c84fa94-04c1-424b-9868-57a2d4851a1d" />
    <TestEntry testId="b2a1b712-46a5-733f-1612-f15200d0057b" executionId="58b17022-93b4-4b9e-b594-84af05179f16" testListId="8c84fa94-04c1-424b-9868-57a2d4851a1d" />
    <TestEntry testId="bf0f8068-e690-c5d9-efec-8bb2e4acd092" executionId="20c026f2-0dbb-46ae-9d57-785298f010b1" testListId="8c84fa94-04c1-424b-9868-57a2d4851a1d" />
    <TestEntry testId="733bcc97-b59b-f665-d8e7-2335be33aaba" executionId="41446dbc-3c4e-4d94-80cf-39a39d8e4fc2" testListId="8c84fa94-04c1-424b-9868-57a2d4851a1d" />
    <TestEntry testId="226d6fda-46cf-f08f-cf67-d3a9d71d5298" executionId="438f6c0c-e6c4-44d4-b518-b03620d4bd9e" testListId="8c84fa94-04c1-424b-9868-57a2d4851a1d" />
    <TestEntry testId="38dd23bb-df0f-1286-a693-57b7d136c190" executionId="c66dd023-660d-42a3-9999-7d4a3256fa3d" testListId="8c84fa94-04c1-424b-9868-57a2d4851a1d" />
    <TestEntry testId="2e1beb03-23a6-d8e3-309a-84859d36c4b5" executionId="23727629-ac73-49cf-a3e6-cba76570149a" testListId="8c84fa94-04c1-424b-9868-57a2d4851a1d" />
    <TestEntry testId="8c60bb5b-86a2-ad96-a5fa-dcd40db2418b" executionId="1b6d75b4-8672-4980-b026-1f668a396709" testListId="8c84fa94-04c1-424b-9868-57a2d4851a1d" />
    <TestEntry testId="e6cfa372-a5ab-53e9-c8e7-bb8eadfb2e48" executionId="70cc923f-6821-4276-b87f-845cd31b4dcd" testListId="8c84fa94-04c1-424b-9868-57a2d4851a1d" />
    <TestEntry testId="5357c825-e1ff-1bda-e30c-2434dff3dea0" executionId="ad3fd06c-c181-425a-8feb-d07ba8e3716c" testListId="8c84fa94-04c1-424b-9868-57a2d4851a1d" />
    <TestEntry testId="59d4ac00-0459-3cec-bbc5-180061a2de03" executionId="342f943a-6bfe-47df-87bf-84684cef5c57" testListId="8c84fa94-04c1-424b-9868-57a2d4851a1d" />
    <TestEntry testId="3297e64a-96d1-e7c5-1500-1d70047b24a0" executionId="50836f3b-e494-49f7-9224-782c62f268be" testListId="8c84fa94-04c1-424b-9868-57a2d4851a1d" />
    <TestEntry testId="d3de26a3-44d9-d03e-dc04-99987ed37276" executionId="b9c21995-8fd2-499b-b4f7-4fe639533c7f" testListId="8c84fa94-04c1-424b-9868-57a2d4851a1d" />
    <TestEntry testId="1b8b8000-c58c-406e-26b1-9852da5eb563" executionId="84a6188c-0b47-45f7-a10e-c83ef70438a5" testListId="8c84fa94-04c1-424b-9868-57a2d4851a1d" />
    <TestEntry testId="6b8f630c-afdd-dd9f-a40a-fa7a6cdec1ef" executionId="93a0c1ea-7e80-4d80-8bab-410a0fdb5e42" testListId="8c84fa94-04c1-424b-9868-57a2d4851a1d" />
    <TestEntry testId="260e5a70-a7b4-7e90-7ec0-9c5a4b346b5e" executionId="c65d3dce-070f-4162-8036-2fa5f4c44716" testListId="8c84fa94-04c1-424b-9868-57a2d4851a1d" />
    <TestEntry testId="0cc146fb-7b5e-0f5b-f703-d063678bf0c1" executionId="14716827-172d-498f-a326-f3021714e397" testListId="8c84fa94-04c1-424b-9868-57a2d4851a1d" />
    <TestEntry testId="ff0e50d2-cbea-a62d-2ef5-bef80ba5a011" executionId="d95ff636-f5f9-4749-ae92-84a64526a29f" testListId="8c84fa94-04c1-424b-9868-57a2d4851a1d" />
    <TestEntry testId="e51ab982-32f9-c264-3c0a-f7a725b05c11" executionId="19241022-a693-472d-a300-e7a3e20abe13" testListId="8c84fa94-04c1-424b-9868-57a2d4851a1d" />
    <TestEntry testId="96f297f7-010e-ccbe-b014-3da76d4969c3" executionId="c824b7bd-8f86-4a53-9ce4-fe414ce5b513" testListId="8c84fa94-04c1-424b-9868-57a2d4851a1d" />
    <TestEntry testId="ff34db91-3566-fc69-4d08-3018efce0372" executionId="42f4b2f6-b825-401b-9852-6a6cfe132919" testListId="8c84fa94-04c1-424b-9868-57a2d4851a1d" />
    <TestEntry testId="a29f3c96-61ec-8d2e-3d4e-4d7c87633011" executionId="73a300cd-166d-4ee8-bade-c3e129503450" testListId="8c84fa94-04c1-424b-9868-57a2d4851a1d" />
    <TestEntry testId="67789090-e72a-5ffd-a348-a0b093e37aa4" executionId="c63ea216-f74f-46d5-a155-241752011aa3" testListId="8c84fa94-04c1-424b-9868-57a2d4851a1d" />
    <TestEntry testId="9980dec0-82bb-5e66-a266-90f6e092092e" executionId="dcd2b3bd-b1ea-48d1-aecf-cc19fc89ed46" testListId="8c84fa94-04c1-424b-9868-57a2d4851a1d" />
    <TestEntry testId="95735401-57f2-29c2-af3c-690c72a34c67" executionId="9268c223-25fe-49b7-b690-53e63923edda" testListId="8c84fa94-04c1-424b-9868-57a2d4851a1d" />
    <TestEntry testId="2886a1e5-b545-f681-6d8e-ded7da6dd0c9" executionId="0be13be5-5769-4be9-8ac2-408b64cb1f2c" testListId="8c84fa94-04c1-424b-9868-57a2d4851a1d" />
    <TestEntry testId="6ad67f90-4e09-b699-2caa-16df9b28a0e0" executionId="9cef31e9-d35a-4832-8e95-56ad82896268" testListId="8c84fa94-04c1-424b-9868-57a2d4851a1d" />
    <TestEntry testId="115bd2f0-1853-8480-252f-37ca6d40c3a6" executionId="e59610e9-7590-49e5-864d-8f073b5b13cc" testListId="8c84fa94-04c1-424b-9868-57a2d4851a1d" />
    <TestEntry testId="e31bfc8b-2529-b88a-3b33-8f8ac1f6d188" executionId="df9a720c-f79b-4fd6-a7c8-0098555d50b3" testListId="8c84fa94-04c1-424b-9868-57a2d4851a1d" />
    <TestEntry testId="8115ede1-3fe0-6ea9-9c40-67ab11fe3336" executionId="44538d65-162f-4f2c-b8ed-8c8d43ed0519" testListId="8c84fa94-04c1-424b-9868-57a2d4851a1d" />
    <TestEntry testId="e50a8e35-8c31-959a-8809-8fff71c8e4bd" executionId="0f5e1a0f-d00f-43bf-a7ad-61c1ef0a4d3c" testListId="8c84fa94-04c1-424b-9868-57a2d4851a1d" />
    <TestEntry testId="92207852-7a2a-2c81-f989-bbdf5da00a26" executionId="6bbeebde-7cdb-4793-8258-dcb678e72367" testListId="8c84fa94-04c1-424b-9868-57a2d4851a1d" />
    <TestEntry testId="e91cd25b-0914-e151-3d5f-581e9a917879" executionId="0170f437-db58-4f5f-b1bf-d8fd942da504" testListId="8c84fa94-04c1-424b-9868-57a2d4851a1d" />
    <TestEntry testId="cebb697d-37f9-b96a-26b4-873974b66667" executionId="9e3d9af8-1f45-4843-9650-4ef379785480" testListId="8c84fa94-04c1-424b-9868-57a2d4851a1d" />
    <TestEntry testId="2b1babeb-d0ba-35da-97f7-2b8e130d8e6f" executionId="2b97438d-7b4f-44ec-9609-b5d7ebfaf125" testListId="8c84fa94-04c1-424b-9868-57a2d4851a1d" />
    <TestEntry testId="6655f2de-68dc-155c-85bd-e9907fa4887a" executionId="b56663cd-ae2b-4629-808b-5f905e3cf1a9" testListId="8c84fa94-04c1-424b-9868-57a2d4851a1d" />
    <TestEntry testId="9337bcc5-81b9-8228-a77c-c5ba3389419b" executionId="606e1cb4-0820-4ee3-b483-f10599fd4224" testListId="8c84fa94-04c1-424b-9868-57a2d4851a1d" />
    <TestEntry testId="2b908fb7-b08c-080d-c013-0cb6e5bee8c3" executionId="fab19ae3-ff70-4bab-af3d-4c891476e272" testListId="8c84fa94-04c1-424b-9868-57a2d4851a1d" />
    <TestEntry testId="b9edf963-1cf1-79d2-973d-db2d8d794ac6" executionId="c5c6e132-90e1-4ac6-851f-16b96265725e" testListId="8c84fa94-04c1-424b-9868-57a2d4851a1d" />
    <TestEntry testId="f52e5508-483e-5f8a-fe5f-07b51e6bb60a" executionId="db5ec17c-29b0-4119-84f2-51a174baa93c" testListId="8c84fa94-04c1-424b-9868-57a2d4851a1d" />
    <TestEntry testId="ee4f26e4-b7e4-d508-1725-fbc0cc0efecc" executionId="db7e40a8-2a75-42ba-b6e3-9b7e6794aef5" testListId="8c84fa94-04c1-424b-9868-57a2d4851a1d" />
    <TestEntry testId="9169d3e7-b886-6388-0d83-4a1c15f3a9a8" executionId="ba133506-1dd5-429e-9663-5f773f629f69" testListId="8c84fa94-04c1-424b-9868-57a2d4851a1d" />
    <TestEntry testId="bf27bba2-fbea-d5db-5395-e269e69533ee" executionId="bd92ae69-bbad-4d01-86b5-13d01dd5804c" testListId="8c84fa94-04c1-424b-9868-57a2d4851a1d" />
    <TestEntry testId="30fc45cc-0da1-c007-7266-d00e65848522" executionId="efb3aa55-43cd-4643-8b29-d8c800f43871" testListId="8c84fa94-04c1-424b-9868-57a2d4851a1d" />
    <TestEntry testId="88cfe221-1dfd-9aab-dd1e-f67f1b757601" executionId="ac441277-0af9-4596-973a-13dd8c1f3fbd" testListId="8c84fa94-04c1-424b-9868-57a2d4851a1d" />
    <TestEntry testId="ae1af9b6-ace7-0c50-c6e0-cfbbdbc611dc" executionId="f40b63e7-fc1f-4d12-a9b2-37181df517cb" testListId="8c84fa94-04c1-424b-9868-57a2d4851a1d" />
    <TestEntry testId="884b6599-11eb-5f0f-c83b-e4b1cf43552e" executionId="e2d2a31c-2334-4bef-b443-e0299033e97e" testListId="8c84fa94-04c1-424b-9868-57a2d4851a1d" />
    <TestEntry testId="6ab40576-1d35-36ab-4ca3-0526ee9c6e83" executionId="014d2725-78ac-4d4b-8241-d072313946c3" testListId="8c84fa94-04c1-424b-9868-57a2d4851a1d" />
    <TestEntry testId="c60350cf-513a-8d98-bb79-3d9ad37f1131" executionId="1eb9de36-9b47-44f3-a33a-00792c72005a" testListId="8c84fa94-04c1-424b-9868-57a2d4851a1d" />
    <TestEntry testId="68a556ca-48c1-0850-8a0e-3d75153beff8" executionId="68d4eddb-464b-451f-bf76-72e2b5339f8b" testListId="8c84fa94-04c1-424b-9868-57a2d4851a1d" />
    <TestEntry testId="9b4b2588-e858-0004-8c68-110473ffe7d6" executionId="15880025-4b57-43fb-afde-71cadaf67fc1" testListId="8c84fa94-04c1-424b-9868-57a2d4851a1d" />
    <TestEntry testId="c215f384-d759-0462-3f93-fb7f98ba008e" executionId="beb4abe0-cd0d-48a9-8ce8-261fca0f820e" testListId="8c84fa94-04c1-424b-9868-57a2d4851a1d" />
    <TestEntry testId="e41ab18c-946b-f40d-841d-591d38d952a0" executionId="0075c0c5-b934-4cc6-af0b-62dd696d3ef1" testListId="8c84fa94-04c1-424b-9868-57a2d4851a1d" />
    <TestEntry testId="a48f8768-77bc-14d8-48f6-6816a92c4c0a" executionId="c5eaab5d-4e83-40b0-8227-192b5ce2fbba" testListId="8c84fa94-04c1-424b-9868-57a2d4851a1d" />
    <TestEntry testId="2f68f5f2-1b20-f1d7-25cc-825b8162878b" executionId="47b56ccc-bb81-4ec1-bf43-f261c1ea83b1" testListId="8c84fa94-04c1-424b-9868-57a2d4851a1d" />
    <TestEntry testId="1bcf4c58-79ba-fb44-0a8b-d2a1c4db358c" executionId="6612e91a-f26b-495c-bca8-2bd1fc2cf03d" testListId="8c84fa94-04c1-424b-9868-57a2d4851a1d" />
    <TestEntry testId="bf05de6b-3ba4-d636-d021-e8b47b9983fe" executionId="fee6e829-f9c7-45a3-9c2a-c7b8e9a22626" testListId="8c84fa94-04c1-424b-9868-57a2d4851a1d" />
    <TestEntry testId="5953e489-8e93-9250-74c3-3b872693bf55" executionId="9b2b97e7-c783-49ec-9ad0-e534bb11506e" testListId="8c84fa94-04c1-424b-9868-57a2d4851a1d" />
    <TestEntry testId="837feaec-71be-373c-0f5a-e0b05c8ea6db" executionId="c0527be8-1664-45dd-939b-dae92b86590b" testListId="8c84fa94-04c1-424b-9868-57a2d4851a1d" />
    <TestEntry testId="1cf1c1a9-610a-8d03-c381-e7426c0f5ad8" executionId="4afbe166-c8e3-4c9d-9291-d5de901cd34a" testListId="8c84fa94-04c1-424b-9868-57a2d4851a1d" />
    <TestEntry testId="1663fb4e-f4a1-b0af-75a8-102de5d8b1c6" executionId="e834fadb-5e99-4370-b76f-f859c79ab077" testListId="8c84fa94-04c1-424b-9868-57a2d4851a1d" />
    <TestEntry testId="bb734639-fb16-43f6-3b52-e96d7d28067c" executionId="47016092-57a7-410c-a49f-b44e29454a87" testListId="8c84fa94-04c1-424b-9868-57a2d4851a1d" />
    <TestEntry testId="c1df03bc-3ebe-9ec4-9761-68311864ed1a" executionId="e63188e2-86b2-4b8f-8ccc-d09f607f226e" testListId="8c84fa94-04c1-424b-9868-57a2d4851a1d" />
    <TestEntry testId="67e568f4-2635-df03-0597-688e62982d3d" executionId="3295da6e-76a9-4613-a657-3c43ae0003aa" testListId="8c84fa94-04c1-424b-9868-57a2d4851a1d" />
    <TestEntry testId="decb7e26-1fd3-404d-051e-48cdc5f92655" executionId="ca2a7bdc-72d3-4764-b9c4-80f6134237a9" testListId="8c84fa94-04c1-424b-9868-57a2d4851a1d" />
    <TestEntry testId="2c0f875f-81f2-c750-710b-389c25472ce4" executionId="24021689-a13b-4cee-9ef9-3fb37b63864e" testListId="8c84fa94-04c1-424b-9868-57a2d4851a1d" />
    <TestEntry testId="5317f920-779e-2705-3fa5-3d4aba4bd056" executionId="4ca9d09a-3a8c-44bf-b643-f68634790383" testListId="8c84fa94-04c1-424b-9868-57a2d4851a1d" />
    <TestEntry testId="134adb3c-1f37-9cb6-82d3-e8d72404da23" executionId="ef9860a5-2e47-4518-ac66-ed896e90c3b3" testListId="8c84fa94-04c1-424b-9868-57a2d4851a1d" />
    <TestEntry testId="96b28535-e625-df35-df33-078293bf1a00" executionId="9795a3fd-fd5a-458d-818f-2ee9b7749e45" testListId="8c84fa94-04c1-424b-9868-57a2d4851a1d" />
    <TestEntry testId="84b988bf-d44b-4698-fb27-4782957d3dee" executionId="d3f03c26-9a53-484f-8685-37ac0784a3ac" testListId="8c84fa94-04c1-424b-9868-57a2d4851a1d" />
    <TestEntry testId="3c4da093-1855-311d-b3ee-af116f280686" executionId="c679f2f4-a5b1-40e0-82f2-266f1ed39099" testListId="8c84fa94-04c1-424b-9868-57a2d4851a1d" />
    <TestEntry testId="7fc1d6ff-a589-5e3a-ff9b-53cb635876e0" executionId="24096030-dd50-45f4-9e05-4b654c9c20d3" testListId="8c84fa94-04c1-424b-9868-57a2d4851a1d" />
    <TestEntry testId="84a694b2-8354-cd3a-ff22-a2de6b0b581e" executionId="6757221f-4f4f-4c5a-a810-3c89fd36b3e3" testListId="8c84fa94-04c1-424b-9868-57a2d4851a1d" />
    <TestEntry testId="54cdea7b-0376-4ef7-ebb0-2116290314a6" executionId="98de930f-beba-4e56-828e-6bbc2c5a8538" testListId="8c84fa94-04c1-424b-9868-57a2d4851a1d" />
    <TestEntry testId="940748a7-bb76-f111-5184-b99a90027494" executionId="731b6e32-8912-4090-a9aa-a8b79f0f8da9" testListId="8c84fa94-04c1-424b-9868-57a2d4851a1d" />
    <TestEntry testId="6f9df5bd-83d2-bc83-476e-7ed0bf679440" executionId="f590ce50-c9ef-4f96-9fdb-37f03f1bbdf9" testListId="8c84fa94-04c1-424b-9868-57a2d4851a1d" />
    <TestEntry testId="2a8aeb1e-6329-52b4-6ee4-2478001a0609" executionId="2ebfa83a-4733-43e3-87ae-9081e3f53910" testListId="8c84fa94-04c1-424b-9868-57a2d4851a1d" />
    <TestEntry testId="9da27cfb-b19a-5b7b-65c1-99971e317fc3" executionId="25e2d75b-39b3-4641-8b9e-10ebdb702ea0" testListId="8c84fa94-04c1-424b-9868-57a2d4851a1d" />
    <TestEntry testId="2ab34957-c977-2c1e-704f-3d8f1269fb08" executionId="97555aba-af72-4524-9899-e5e7b16a9776" testListId="8c84fa94-04c1-424b-9868-57a2d4851a1d" />
    <TestEntry testId="68e12081-5f64-d897-b1b7-3bcfc154834b" executionId="98cafe7c-0431-4ed0-9483-e3a1af7f37f9" testListId="8c84fa94-04c1-424b-9868-57a2d4851a1d" />
    <TestEntry testId="88642b24-ad3e-03e6-0d82-49102fce9375" executionId="4843b43b-0982-45fb-b796-867c0bdb773e" testListId="8c84fa94-04c1-424b-9868-57a2d4851a1d" />
    <TestEntry testId="6051dcd5-d20d-d79e-91ad-06dd23111221" executionId="b0bbf7c3-3d0c-4c01-9925-d68239e81036" testListId="8c84fa94-04c1-424b-9868-57a2d4851a1d" />
    <TestEntry testId="075fcecb-44cd-df6e-55bf-ba09e624e1d1" executionId="a44a8b63-6d47-4919-bfbb-7130ee890c5f" testListId="8c84fa94-04c1-424b-9868-57a2d4851a1d" />
    <TestEntry testId="c41a5798-1609-bef5-af4f-bd161fe6c1a0" executionId="f83523ac-e9bc-4ace-bf61-dc396abd1edc" testListId="8c84fa94-04c1-424b-9868-57a2d4851a1d" />
    <TestEntry testId="ad933fd9-f61c-1d81-84a4-edef05ca4731" executionId="2a74953a-a82c-4777-84a6-0c62c20dfc76" testListId="8c84fa94-04c1-424b-9868-57a2d4851a1d" />
    <TestEntry testId="8def1cfb-11a5-379b-896a-6d9d7e7b27b1" executionId="3f88dc60-c028-4f80-81fe-df5b6cb7eb98" testListId="8c84fa94-04c1-424b-9868-57a2d4851a1d" />
    <TestEntry testId="58e31f6e-171c-0b1e-1a59-a28ee9ceb558" executionId="c356011d-8a07-4da7-bf69-7d7d5b30bc7c" testListId="8c84fa94-04c1-424b-9868-57a2d4851a1d" />
    <TestEntry testId="7b3db81a-9c37-e4d9-9333-4ed3ccb0e1ad" executionId="6b70afa6-972c-49e8-80b0-ed129e546b94" testListId="8c84fa94-04c1-424b-9868-57a2d4851a1d" />
    <TestEntry testId="b04dd62a-a28e-d69a-9c42-2711a6e089f5" executionId="b6039bc6-38cd-4879-aeee-46cc5d036043" testListId="8c84fa94-04c1-424b-9868-57a2d4851a1d" />
    <TestEntry testId="650b2554-02d7-52d8-edb9-78b1fa4e805c" executionId="e760fe09-f079-4250-8a96-4abfe516f900" testListId="8c84fa94-04c1-424b-9868-57a2d4851a1d" />
    <TestEntry testId="dc3b414d-3101-de67-81a3-912339301d06" executionId="aa66ac85-e6cd-4886-bdc9-2652f3f9dc69" testListId="8c84fa94-04c1-424b-9868-57a2d4851a1d" />
    <TestEntry testId="a1662c3e-6c90-6132-3f2b-3faf17a3029f" executionId="ba228704-6ea7-46db-bb03-2007b5820e0e" testListId="8c84fa94-04c1-424b-9868-57a2d4851a1d" />
    <TestEntry testId="0a69dcc2-b7d4-5a30-ea72-8ac56c049039" executionId="caab9445-6890-4720-8286-c64680b9a2c2" testListId="8c84fa94-04c1-424b-9868-57a2d4851a1d" />
    <TestEntry testId="30be1ba8-8dec-ac74-dacd-a90af2ca4ce7" executionId="25aea7e1-4f11-4a02-a443-596b1a44ba35" testListId="8c84fa94-04c1-424b-9868-57a2d4851a1d" />
    <TestEntry testId="fd03b6cc-d5fd-17ab-5f8a-fdc3bbc35099" executionId="b959bf4f-3b08-42fe-8921-0c26c8e7803e" testListId="8c84fa94-04c1-424b-9868-57a2d4851a1d" />
    <TestEntry testId="8cf37d7b-ab2b-9d8b-5903-16a8f3409c01" executionId="3e91b059-6a7d-4a22-93c3-6d19162b14da" testListId="8c84fa94-04c1-424b-9868-57a2d4851a1d" />
    <TestEntry testId="0ae84c38-6c56-0abb-ca21-13767ec0403a" executionId="be71fcbd-1042-4d88-a070-8cae91670acc" testListId="8c84fa94-04c1-424b-9868-57a2d4851a1d" />
    <TestEntry testId="5bf2d8f9-261a-68f8-0490-6149538c958f" executionId="22836bfc-ed00-4dce-8674-3d6b1b8a9a96" testListId="8c84fa94-04c1-424b-9868-57a2d4851a1d" />
    <TestEntry testId="8aff4b0c-a4da-b9ed-82cf-c96567a6ad3f" executionId="a86b320e-9350-4bbf-8497-1c7198f1b423" testListId="8c84fa94-04c1-424b-9868-57a2d4851a1d" />
    <TestEntry testId="04194e19-3cb7-e946-ac3d-392497c8bd6f" executionId="2af3f284-534f-4522-91b9-34864f034c02" testListId="8c84fa94-04c1-424b-9868-57a2d4851a1d" />
    <TestEntry testId="1c852dfa-9b00-fe57-d01d-bc9f5949ae94" executionId="de449dff-5cd5-4329-84fb-b4c695fc71db" testListId="8c84fa94-04c1-424b-9868-57a2d4851a1d" />
    <TestEntry testId="98f2e5ed-1941-76bc-7c6c-47f3b873fdb1" executionId="f694ee3e-022d-4265-bf37-461ccce1d138" testListId="8c84fa94-04c1-424b-9868-57a2d4851a1d" />
    <TestEntry testId="ddf5cc0d-87e0-f6c1-f045-d76e35cb892b" executionId="33f547ca-ff27-423b-a507-9e458812f301" testListId="8c84fa94-04c1-424b-9868-57a2d4851a1d" />
    <TestEntry testId="d48b09cc-b7fc-08ec-0ebf-0631fd2160f8" executionId="6a9c93b3-ae33-4fcd-a7cd-c67e04d5b579" testListId="8c84fa94-04c1-424b-9868-57a2d4851a1d" />
    <TestEntry testId="696b05c3-3a26-73f0-0bf8-aa5802818586" executionId="70fd25d6-409f-4bde-bea3-0e49eb729162" testListId="8c84fa94-04c1-424b-9868-57a2d4851a1d" />
    <TestEntry testId="ef1934d2-b3b6-2151-a38b-d7501c51a7d4" executionId="5e921809-3d1d-48a0-9cb9-bc5a3898982d" testListId="8c84fa94-04c1-424b-9868-57a2d4851a1d" />
    <TestEntry testId="839827ff-4a27-06ff-ccdf-958e7d26c314" executionId="fd7fc3f3-9137-4539-b31f-c28d27b72749" testListId="8c84fa94-04c1-424b-9868-57a2d4851a1d" />
    <TestEntry testId="141af022-ae5a-b351-b538-6c8ea661e39b" executionId="176cf02e-f31f-4fff-b7bd-f4932fc4c141" testListId="8c84fa94-04c1-424b-9868-57a2d4851a1d" />
    <TestEntry testId="dbd32b7f-641a-46d1-2792-648d5f9fff53" executionId="0bc91f60-a16e-44a3-b5e2-bc5a0bbcdbf8" testListId="8c84fa94-04c1-424b-9868-57a2d4851a1d" />
    <TestEntry testId="3bf74b72-629d-bf18-571c-389e0db388bc" executionId="af52a353-b90c-4773-8925-77d2a49fa02b" testListId="8c84fa94-04c1-424b-9868-57a2d4851a1d" />
    <TestEntry testId="a5923c92-92b0-3589-1ffd-8d5625e8f7c8" executionId="410cc5c6-7c90-4726-8ac4-468160f00fda" testListId="8c84fa94-04c1-424b-9868-57a2d4851a1d" />
    <TestEntry testId="e8a22484-1286-3ab5-eef9-78584f3584c9" executionId="2eb04cc6-2120-4c11-950a-434e6ed668b3" testListId="8c84fa94-04c1-424b-9868-57a2d4851a1d" />
    <TestEntry testId="fee89795-4175-c6d2-9287-8735bfb09744" executionId="256aa157-c7ee-4b4c-9580-12ebdd798dc1" testListId="8c84fa94-04c1-424b-9868-57a2d4851a1d" />
    <TestEntry testId="9f12dcf4-c1e9-36ea-2ed3-335e9dc2808c" executionId="3a5dff2e-eed3-4a52-a1f3-f231cd24ab95" testListId="8c84fa94-04c1-424b-9868-57a2d4851a1d" />
    <TestEntry testId="9fe1fe9c-cbb3-4f36-d0e4-20d8d6fee849" executionId="e8e4a183-3468-486e-a5fc-69e23098f6ff" testListId="8c84fa94-04c1-424b-9868-57a2d4851a1d" />
    <TestEntry testId="4c34c56c-4207-71fd-96b5-d81d44773773" executionId="bd0a4abc-c093-42c3-9974-a84353f2ea47" testListId="8c84fa94-04c1-424b-9868-57a2d4851a1d" />
    <TestEntry testId="c48f31d1-d49c-d915-c6b4-205ee053558b" executionId="5b18ed1d-9203-4b44-9723-14adb559ef33" testListId="8c84fa94-04c1-424b-9868-57a2d4851a1d" />
    <TestEntry testId="f9fa6136-beb5-497d-731c-1e5e5d405870" executionId="f4f362be-8197-48a8-97f5-a5f8fd603f76" testListId="8c84fa94-04c1-424b-9868-57a2d4851a1d" />
    <TestEntry testId="ef59d40b-5543-ffd1-2a2d-387acc978edf" executionId="ca494a1a-d812-4369-8985-f01d6ac8b20e" testListId="8c84fa94-04c1-424b-9868-57a2d4851a1d" />
    <TestEntry testId="62c62504-172a-2557-6de5-15de32bcc5e8" executionId="55b8a3f9-7d23-40f2-982b-e41ef96b588c" testListId="8c84fa94-04c1-424b-9868-57a2d4851a1d" />
    <TestEntry testId="0dc12bef-9407-d7cf-2d0b-a4bbf0903c96" executionId="c3d746e2-f298-4091-85bf-7b6f3427ebe3" testListId="8c84fa94-04c1-424b-9868-57a2d4851a1d" />
    <TestEntry testId="25d02e8c-16f7-e9f4-478b-305fb020ef3e" executionId="b1d49048-55af-4618-84e3-1a400082991e" testListId="8c84fa94-04c1-424b-9868-57a2d4851a1d" />
    <TestEntry testId="29d604d1-f3c0-49b5-03f5-cf1ef5077225" executionId="12a5ffc4-30bb-4873-bb0e-c057b14ff7dd" testListId="8c84fa94-04c1-424b-9868-57a2d4851a1d" />
    <TestEntry testId="7bdeb1e0-7261-55ac-818f-aa363b294229" executionId="8ff8df10-0426-4e12-9c02-8e8ffe0bfa9d" testListId="8c84fa94-04c1-424b-9868-57a2d4851a1d" />
    <TestEntry testId="761013b5-b9e0-c937-44c7-284fa21bfd8b" executionId="0cb62a30-8c5d-430f-866f-fb2fefc3034f" testListId="8c84fa94-04c1-424b-9868-57a2d4851a1d" />
    <TestEntry testId="08c2d5c1-c372-09e8-b62e-a390bc297e98" executionId="32943901-3833-4f4b-9f0c-1aa4ef99e5c2" testListId="8c84fa94-04c1-424b-9868-57a2d4851a1d" />
    <TestEntry testId="19a93024-d0c9-211c-e796-9e20e5ddea46" executionId="f2d8a064-e217-4d1c-b502-c6ee7b0b8bf2" testListId="8c84fa94-04c1-424b-9868-57a2d4851a1d" />
    <TestEntry testId="1e4f0be7-69b3-a33c-575a-f290addba671" executionId="80751e4e-7de3-43c6-8ed3-504843c1f7e7" testListId="8c84fa94-04c1-424b-9868-57a2d4851a1d" />
    <TestEntry testId="6df90a90-c0c6-6730-558b-7cd6b1287bdd" executionId="cac5c468-bf9b-4689-98d2-acd33f42d4a0" testListId="8c84fa94-04c1-424b-9868-57a2d4851a1d" />
    <TestEntry testId="d65ad4a0-099c-7bd2-65ed-8047fa6d2e1d" executionId="d936c4e7-e950-4b47-a2a6-8d380c15a624" testListId="8c84fa94-04c1-424b-9868-57a2d4851a1d" />
    <TestEntry testId="72147b58-f3eb-9e80-e62d-f3b068b322be" executionId="b8bff0b4-6be9-42ec-a4e0-c0b7e55e4df4" testListId="8c84fa94-04c1-424b-9868-57a2d4851a1d" />
    <TestEntry testId="9daadc09-6923-50c6-5775-ef427c942571" executionId="49925550-8a12-429b-b0c6-99c9c453bdd0" testListId="8c84fa94-04c1-424b-9868-57a2d4851a1d" />
    <TestEntry testId="160fbaa3-0021-df4a-0cff-75f52c7e6902" executionId="93f38aee-5157-446b-a494-4966dfc9a21e" testListId="8c84fa94-04c1-424b-9868-57a2d4851a1d" />
    <TestEntry testId="99715795-fe07-63f7-96e6-b7d70cc585d2" executionId="746bde6f-c9fd-4736-8638-36c02ec47148" testListId="8c84fa94-04c1-424b-9868-57a2d4851a1d" />
    <TestEntry testId="9c45b0c8-12b8-8fcf-083e-1340d17c7f0f" executionId="da1b9169-d3b4-4dac-9079-15ff92f7a4eb" testListId="8c84fa94-04c1-424b-9868-57a2d4851a1d" />
    <TestEntry testId="f9889f33-f105-1ec7-62b6-5f021e7834d3" executionId="a16865b0-90cc-42ad-807a-574e8db5059f" testListId="8c84fa94-04c1-424b-9868-57a2d4851a1d" />
    <TestEntry testId="6c6a5b51-c931-7315-893f-b5965b12afd9" executionId="cfa75288-16ab-439c-a9c6-54662d486b9a" testListId="8c84fa94-04c1-424b-9868-57a2d4851a1d" />
    <TestEntry testId="a009b559-c217-c582-8843-2e82f17d8aa6" executionId="9f853a07-59ff-4441-9c7b-a9938e501da8" testListId="8c84fa94-04c1-424b-9868-57a2d4851a1d" />
    <TestEntry testId="a58d2151-c40f-b31b-6cf5-e8280bd8e1c5" executionId="8eaf27aa-0b7e-4472-9c6c-2849b1f505a8" testListId="8c84fa94-04c1-424b-9868-57a2d4851a1d" />
    <TestEntry testId="e30df008-a37e-40fd-4f90-7feecab7bc63" executionId="4438d6f5-15e1-49bf-8734-193937606598" testListId="8c84fa94-04c1-424b-9868-57a2d4851a1d" />
    <TestEntry testId="8ef7a167-17f3-011f-c576-97727b4fc446" executionId="48381a6f-20e7-4474-a7b8-69726d4afe54" testListId="8c84fa94-04c1-424b-9868-57a2d4851a1d" />
    <TestEntry testId="f3b1809e-1619-85f3-0ae7-a527d75ebf27" executionId="def1bdb5-364d-426c-b4a7-a9c619b41f7d" testListId="8c84fa94-04c1-424b-9868-57a2d4851a1d" />
    <TestEntry testId="e20f75e9-b94a-a7b7-b4a5-b01aab2ffc9e" executionId="df68cd2f-6bfa-4ff3-9922-1a6db6753b0f" testListId="8c84fa94-04c1-424b-9868-57a2d4851a1d" />
    <TestEntry testId="3ebdfff6-57b7-959a-951a-ffe007e8e4ae" executionId="890bcda5-fcc8-41f5-acff-d9a22c2fc191" testListId="8c84fa94-04c1-424b-9868-57a2d4851a1d" />
    <TestEntry testId="3f274ba1-8989-dbb9-a238-0d6fba10e7e2" executionId="ebd3ad25-4542-40d0-99d5-1a4be0811982" testListId="8c84fa94-04c1-424b-9868-57a2d4851a1d" />
    <TestEntry testId="8ea84488-3c73-0539-a689-69c3ff91d40d" executionId="6fadfd8f-2b49-46af-a99e-f247ff245dce" testListId="8c84fa94-04c1-424b-9868-57a2d4851a1d" />
    <TestEntry testId="9935b203-8fd7-957a-4f23-5f36f1e97bed" executionId="197b18a1-5b96-4b03-8cc4-5d9c4ee092a6" testListId="8c84fa94-04c1-424b-9868-57a2d4851a1d" />
    <TestEntry testId="5452fb0d-baa3-2633-b1f5-73b1c7fb2b59" executionId="c20c68d0-e4d6-425d-84b9-95d7e799288b" testListId="8c84fa94-04c1-424b-9868-57a2d4851a1d" />
    <TestEntry testId="9e946e1a-69e1-5173-befa-827104fe6bea" executionId="ddc34fd5-3a15-4b3f-b43f-3659aea300a0" testListId="8c84fa94-04c1-424b-9868-57a2d4851a1d" />
    <TestEntry testId="b5e3cbe5-5134-927e-0d1c-d540129332b5" executionId="2dbbd85b-94b4-44c2-9052-b204069dfdf4" testListId="8c84fa94-04c1-424b-9868-57a2d4851a1d" />
    <TestEntry testId="f9197a69-e84f-037c-2da4-4124797622dc" executionId="d8533bcc-ac35-413b-8e3e-67b24cf16f4b" testListId="8c84fa94-04c1-424b-9868-57a2d4851a1d" />
    <TestEntry testId="49a33775-4c3e-518a-bc50-c8a56189692b" executionId="69b55910-9a74-425a-9b56-ae8981b98e34" testListId="8c84fa94-04c1-424b-9868-57a2d4851a1d" />
    <TestEntry testId="26a4e123-0319-8283-49fd-7d8a635693ce" executionId="33d6b0d7-d576-490b-9f75-8398fc5fa9ee" testListId="8c84fa94-04c1-424b-9868-57a2d4851a1d" />
    <TestEntry testId="863ca22f-d50c-fc54-fb74-a5af393f6244" executionId="3350ef0c-b730-435f-94bf-ec8cc0eaa657" testListId="8c84fa94-04c1-424b-9868-57a2d4851a1d" />
    <TestEntry testId="b210d3c8-e939-8b37-3853-3d2090da2b35" executionId="8937380a-f3b6-4204-b25e-f397c142aed8" testListId="8c84fa94-04c1-424b-9868-57a2d4851a1d" />
    <TestEntry testId="58c0e627-0e7a-25f9-e33a-982a27d9ab27" executionId="74abda14-2d9f-40c1-a4bd-6b2d085b37d3" testListId="8c84fa94-04c1-424b-9868-57a2d4851a1d" />
    <TestEntry testId="a829883c-6278-e6e6-96ba-9208e8a0e9f5" executionId="f91efab2-f4a1-433d-8c5e-6d4244db419f" testListId="8c84fa94-04c1-424b-9868-57a2d4851a1d" />
    <TestEntry testId="9b14ca91-25cd-257b-17f2-e1b151f28db5" executionId="88ef42d3-99dd-4caf-9c0d-c74b7bf131f8" testListId="8c84fa94-04c1-424b-9868-57a2d4851a1d" />
    <TestEntry testId="eb493014-02a6-da2e-58d7-31f2c81c0ad3" executionId="63aa2829-5e66-4aa7-b5a5-d6bf556b6ad8" testListId="8c84fa94-04c1-424b-9868-57a2d4851a1d" />
    <TestEntry testId="b81c78f1-2943-52ae-bba0-e97adee8bcf0" executionId="f58d31fd-5a58-4d9e-87e9-896e64b6220e" testListId="8c84fa94-04c1-424b-9868-57a2d4851a1d" />
    <TestEntry testId="2b2fb9ee-0ea5-1a6a-c95a-afe700fc4870" executionId="780444ca-4bd4-4d84-8f59-315f60e3069f" testListId="8c84fa94-04c1-424b-9868-57a2d4851a1d" />
    <TestEntry testId="a82568a0-3ce6-77da-6610-0e44151e4804" executionId="61251018-690b-482b-86f1-c3e32ece8677" testListId="8c84fa94-04c1-424b-9868-57a2d4851a1d" />
    <TestEntry testId="1c8c8ddd-1d9c-4a38-ce08-4a41bdee36e6" executionId="3ea29d34-8e2d-4df1-8042-916da8ec27be" testListId="8c84fa94-04c1-424b-9868-57a2d4851a1d" />
    <TestEntry testId="77c4e593-b921-67b8-0a79-6e7081aa7cbc" executionId="ce67ddd0-a604-4259-942f-10ed9e1b0f7c" testListId="8c84fa94-04c1-424b-9868-57a2d4851a1d" />
    <TestEntry testId="54f0df91-4845-dc31-dc51-d2598c0a4e4a" executionId="8f618781-1bda-4853-8757-f7cbb4c5ca43" testListId="8c84fa94-04c1-424b-9868-57a2d4851a1d" />
    <TestEntry testId="4ba37807-b858-01d5-a78a-d58c5dee0792" executionId="96525dc5-8c1b-409f-b183-0f98acb65efa" testListId="8c84fa94-04c1-424b-9868-57a2d4851a1d" />
    <TestEntry testId="004f8d00-7021-c1c4-369e-225487d1b121" executionId="8c3c5972-eb9a-4465-8fa3-9b8054f6cc67" testListId="8c84fa94-04c1-424b-9868-57a2d4851a1d" />
    <TestEntry testId="e1a3cc24-4bf1-6614-480f-00cc6a19451b" executionId="195153f7-ebb5-4469-9257-e4ed11d8f8b8" testListId="8c84fa94-04c1-424b-9868-57a2d4851a1d" />
    <TestEntry testId="f8b14395-e052-0428-5944-d990b243089b" executionId="463ce26c-131f-40d7-8688-6f6c85c1cc85" testListId="8c84fa94-04c1-424b-9868-57a2d4851a1d" />
    <TestEntry testId="205161d4-07bf-cbb2-5347-aad5382f0e04" executionId="276f39f7-9174-4b9c-a2f6-374afaa3ff3b" testListId="8c84fa94-04c1-424b-9868-57a2d4851a1d" />
    <TestEntry testId="d9660f72-4df1-d187-5c48-111d1ab2a818" executionId="8ed402d2-d3f6-4a48-b95c-4b9d50cd3e75" testListId="8c84fa94-04c1-424b-9868-57a2d4851a1d" />
    <TestEntry testId="cca44cb6-50da-728d-1825-2c1bdde4cc60" executionId="c00435bc-5643-4f3a-982b-201eeeb8d8cf" testListId="8c84fa94-04c1-424b-9868-57a2d4851a1d" />
    <TestEntry testId="268a44c4-5503-ae8c-9a86-ce9a204f913e" executionId="57d3e50c-8453-4dc8-a2fb-6ea98aaae250" testListId="8c84fa94-04c1-424b-9868-57a2d4851a1d" />
    <TestEntry testId="3d7df30c-aa5b-0b5c-927c-2e931a86e2b4" executionId="5e9dcaad-57f6-4722-a039-760e5c76eeda" testListId="8c84fa94-04c1-424b-9868-57a2d4851a1d" />
    <TestEntry testId="73a1826e-5ec3-5747-b3b5-b6cf510ee279" executionId="4cae168f-5c87-4ae9-a3ea-4964f13e6f9e" testListId="8c84fa94-04c1-424b-9868-57a2d4851a1d" />
    <TestEntry testId="02018c7c-3b54-9dc7-57c8-a9e8a6325e8e" executionId="e8589626-cfb4-4078-96a1-7f7bb7e09703" testListId="8c84fa94-04c1-424b-9868-57a2d4851a1d" />
    <TestEntry testId="6a1a4314-6432-c172-3585-376ac0ad2335" executionId="f8a0dfba-d02d-4f96-a5dd-00da5669041d" testListId="8c84fa94-04c1-424b-9868-57a2d4851a1d" />
    <TestEntry testId="fcb30f78-9e7b-20ac-7955-48420245bce6" executionId="b0ad38b9-56e7-402d-9428-215b4e8c9ac2" testListId="8c84fa94-04c1-424b-9868-57a2d4851a1d" />
    <TestEntry testId="2237c7c1-3704-cc84-2e1f-9ea6af15525c" executionId="dd94de30-3143-4da4-9fbb-0e8b632e23fb" testListId="8c84fa94-04c1-424b-9868-57a2d4851a1d" />
    <TestEntry testId="59bab25e-f58e-5bec-50ff-1b14d176b0f7" executionId="ef7031bf-1419-477b-a271-0cc51c28d1d9" testListId="8c84fa94-04c1-424b-9868-57a2d4851a1d" />
    <TestEntry testId="3fe64d8e-e699-3d99-4cb6-893ec473e572" executionId="7e27ae1d-dc37-4180-8ba6-1567a5e97af4" testListId="8c84fa94-04c1-424b-9868-57a2d4851a1d" />
    <TestEntry testId="5c5159dd-578e-af78-a5f6-84a63999832d" executionId="a2b9bd5e-f22b-49be-a5d5-bf535c426981" testListId="8c84fa94-04c1-424b-9868-57a2d4851a1d" />
    <TestEntry testId="f39722f7-838b-9be7-8502-72099013d494" executionId="0a9c16cd-0b06-4691-8af9-8215325fa8a8" testListId="8c84fa94-04c1-424b-9868-57a2d4851a1d" />
    <TestEntry testId="558dc88a-89c3-f7cb-9610-a11d8b1d3365" executionId="88f6f9a5-51e1-4227-9ea3-49f3073d4075" testListId="8c84fa94-04c1-424b-9868-57a2d4851a1d" />
    <TestEntry testId="3f21ea24-4402-03c2-2a65-7503728827fe" executionId="d9b175f4-e5b0-47a4-b7bd-e5eea84b665c" testListId="8c84fa94-04c1-424b-9868-57a2d4851a1d" />
    <TestEntry testId="16d1a953-024b-f167-eeaa-f4ebe0619069" executionId="37b4e133-7d19-4196-bc99-f077b3ea0072" testListId="8c84fa94-04c1-424b-9868-57a2d4851a1d" />
    <TestEntry testId="810ce809-2edf-8dfc-efd5-adced29593c9" executionId="5f1aca72-f821-47d7-827d-12aae8d6cad8" testListId="8c84fa94-04c1-424b-9868-57a2d4851a1d" />
    <TestEntry testId="b8a67863-87af-ba6a-7a67-08a873270caf" executionId="bd9b0d71-d307-40ee-8588-a2463b611dc7" testListId="8c84fa94-04c1-424b-9868-57a2d4851a1d" />
    <TestEntry testId="4c0a7728-07c5-1587-3917-977dc230f1dd" executionId="23488159-1de3-4b67-a11a-d74686ba2a19" testListId="8c84fa94-04c1-424b-9868-57a2d4851a1d" />
    <TestEntry testId="dde92228-ea2f-17cc-b452-172658441c35" executionId="e312e6ed-6593-4e76-8661-a2dc3f510f90" testListId="8c84fa94-04c1-424b-9868-57a2d4851a1d" />
    <TestEntry testId="e1fa1536-4979-0f56-a61e-4c8bdc511740" executionId="c28c6816-b755-4750-ac8f-7203b9fa3ed2" testListId="8c84fa94-04c1-424b-9868-57a2d4851a1d" />
    <TestEntry testId="5c065fe3-fbf4-d20e-aa53-d906cedfcedb" executionId="dfdaf9fb-bcc4-4b86-b31d-e10bbce5ebd6" testListId="8c84fa94-04c1-424b-9868-57a2d4851a1d" />
    <TestEntry testId="b37b862f-58d4-a3f8-2e05-54a6ae3e3990" executionId="e13caa6f-11e7-4ccf-8466-61e26356385d" testListId="8c84fa94-04c1-424b-9868-57a2d4851a1d" />
    <TestEntry testId="b6352ce6-c814-0027-c2b4-6820f91e65e3" executionId="466c2388-9d2f-4465-b090-2792334bd9bc" testListId="8c84fa94-04c1-424b-9868-57a2d4851a1d" />
    <TestEntry testId="80012219-af01-d909-783d-b6bc63dca720" executionId="d8768549-cb4b-4c9a-b8fb-22f156fa9abf" testListId="8c84fa94-04c1-424b-9868-57a2d4851a1d" />
    <TestEntry testId="58a4dcc3-1748-b691-5721-762019d15680" executionId="c2abedcd-5be6-4860-bbe9-2a333ff0a5cf" testListId="8c84fa94-04c1-424b-9868-57a2d4851a1d" />
    <TestEntry testId="1d8885de-4a7c-76c0-90a9-db5aab3e3fe8" executionId="8fd88f0e-531f-4b2b-9b80-95900f2a60f4" testListId="8c84fa94-04c1-424b-9868-57a2d4851a1d" />
    <TestEntry testId="d39ffd11-f37b-9674-d0d6-e10d28803318" executionId="9d52bc79-cf2e-4cef-8d78-396a5279fa9a" testListId="8c84fa94-04c1-424b-9868-57a2d4851a1d" />
    <TestEntry testId="b19773b3-44c8-ad46-8900-f90a855e9c94" executionId="fd35ba88-0241-4f98-a8f2-84bc5608d5d7" testListId="8c84fa94-04c1-424b-9868-57a2d4851a1d" />
    <TestEntry testId="c9ae505c-954a-a3d7-0ea8-010490b7d8f7" executionId="c0c087cd-7296-401b-a06b-9d34cfd2615a" testListId="8c84fa94-04c1-424b-9868-57a2d4851a1d" />
    <TestEntry testId="12eba2f8-40c7-c6a3-279f-510ff103cd38" executionId="9913ff38-51a1-4c14-a4ae-f83fc15e094e" testListId="8c84fa94-04c1-424b-9868-57a2d4851a1d" />
    <TestEntry testId="cd242aaa-22da-d717-dda8-cda3a410d13b" executionId="7fb1dcaf-39b4-4b29-87d3-22e74e1ea406" testListId="8c84fa94-04c1-424b-9868-57a2d4851a1d" />
    <TestEntry testId="5caa74f8-6033-dbf5-6c66-1ba6f3dd9d2c" executionId="a28d41d5-6a3a-4200-b6ad-043b1a97b95f" testListId="8c84fa94-04c1-424b-9868-57a2d4851a1d" />
    <TestEntry testId="1e13a826-b983-6ec8-22b8-0434a982455a" executionId="7aa0fa56-e1ce-4d8f-a69b-e748a106bfdd" testListId="8c84fa94-04c1-424b-9868-57a2d4851a1d" />
    <TestEntry testId="dc6289e1-55df-6902-9dc5-70892f2b6f9a" executionId="26acecc7-f7ec-4ae6-882f-2988cec1c8b4" testListId="8c84fa94-04c1-424b-9868-57a2d4851a1d" />
    <TestEntry testId="b2d1aeaa-91be-0e1b-799c-a198487e8821" executionId="108419fb-2300-48f9-9b14-2ef2f9ffb2c3" testListId="8c84fa94-04c1-424b-9868-57a2d4851a1d" />
    <TestEntry testId="b26fd199-5751-1edb-3441-9e034fa75fc4" executionId="0d9adcb0-3ee1-468f-a644-e3a1bebc6925" testListId="8c84fa94-04c1-424b-9868-57a2d4851a1d" />
    <TestEntry testId="d2b5b0b2-6c1b-0370-653a-db8af7f26b62" executionId="2ca3f462-1829-4517-892d-b429dd65064f" testListId="8c84fa94-04c1-424b-9868-57a2d4851a1d" />
    <TestEntry testId="af2d9538-16b8-319e-83bc-b6238cfb1564" executionId="8508150f-8d63-45fc-b492-e3dc1c1334cb" testListId="8c84fa94-04c1-424b-9868-57a2d4851a1d" />
    <TestEntry testId="0d57a34c-837c-d126-8ff0-b27247b414be" executionId="032da826-91ee-41d7-9d62-9aea5099f745" testListId="8c84fa94-04c1-424b-9868-57a2d4851a1d" />
    <TestEntry testId="e5ec1b44-2ff0-dc1a-6ce7-de52cb9f8435" executionId="f386b061-a2dc-4a66-b9ea-e4d25dcaab8f" testListId="8c84fa94-04c1-424b-9868-57a2d4851a1d" />
    <TestEntry testId="e5d4bf48-cc51-e809-7812-46596c597626" executionId="17540aae-e3c5-4c69-a2da-39494ac69a04" testListId="8c84fa94-04c1-424b-9868-57a2d4851a1d" />
    <TestEntry testId="ee49ee4f-0aea-f745-5775-adf4f114597b" executionId="6476e0e6-ba26-42bd-9c1e-c2bcdf449fe5" testListId="8c84fa94-04c1-424b-9868-57a2d4851a1d" />
    <TestEntry testId="56a9da53-748d-8045-6ef2-fedcd94d62ae" executionId="9f869ad5-3948-4231-b47b-a9909dfb3b64" testListId="8c84fa94-04c1-424b-9868-57a2d4851a1d" />
    <TestEntry testId="b1db2107-fad5-9e1c-f59b-69adf0367aec" executionId="c9e1def1-73e0-4e35-880e-2c7050925d0b" testListId="8c84fa94-04c1-424b-9868-57a2d4851a1d" />
    <TestEntry testId="9b3aca54-a7a6-01ba-a59e-c7ffccc5373c" executionId="89448201-b65c-4067-8759-fb6c9434565b" testListId="8c84fa94-04c1-424b-9868-57a2d4851a1d" />
    <TestEntry testId="8e6016e5-c20d-de8c-09cf-d31cd025b2ca" executionId="4d75aeea-38ed-466d-bfbe-5a8dac2ad305" testListId="8c84fa94-04c1-424b-9868-57a2d4851a1d" />
    <TestEntry testId="f55b20e5-de96-17a5-c0d6-d15f58186a36" executionId="7579a5d5-d42e-4e63-8e82-648b95b6fe3b" testListId="8c84fa94-04c1-424b-9868-57a2d4851a1d" />
    <TestEntry testId="fc5d833f-4890-756d-c3f3-69557f01bf61" executionId="ad0237f2-ebb5-4fcd-bcc0-1dc4a1f02037" testListId="8c84fa94-04c1-424b-9868-57a2d4851a1d" />
    <TestEntry testId="1c8f06c1-d531-699b-6c87-a9ec84e3b218" executionId="3905a506-4aa4-48f2-83ba-a377f8334ea6" testListId="8c84fa94-04c1-424b-9868-57a2d4851a1d" />
    <TestEntry testId="c8f6e89b-79d5-8532-b2cb-68fd0bda94cc" executionId="6fc6ad6c-4945-4915-b90e-d3e9d0a82f58" testListId="8c84fa94-04c1-424b-9868-57a2d4851a1d" />
    <TestEntry testId="39e8a3bf-f5ea-1942-fcd6-4f40fff621b0" executionId="2aa58954-65d9-40a4-aa11-c9a2e40dfe1e" testListId="8c84fa94-04c1-424b-9868-57a2d4851a1d" />
    <TestEntry testId="5fcba691-5934-5239-5d8d-0dca3db97c9d" executionId="5cadd193-ccd6-417a-8309-e08a246b6f4d" testListId="8c84fa94-04c1-424b-9868-57a2d4851a1d" />
    <TestEntry testId="0d406c31-ec0a-f56c-17c7-10a4cee434f7" executionId="f3cee7b7-a641-47b8-9498-6459015232e6" testListId="8c84fa94-04c1-424b-9868-57a2d4851a1d" />
    <TestEntry testId="9804864c-2133-6799-bf78-c69624b33171" executionId="a01347bc-4d52-4695-b704-e9036a5adc31" testListId="8c84fa94-04c1-424b-9868-57a2d4851a1d" />
    <TestEntry testId="770e90b7-a1f5-dcae-3e11-3f5f01dbab34" executionId="e30c7123-ab45-4d79-a856-2ed28fe67a59" testListId="8c84fa94-04c1-424b-9868-57a2d4851a1d" />
    <TestEntry testId="b860f2de-4f50-bac4-73d1-0f027c6969b9" executionId="52a13471-9eaf-4f4a-9392-135dde5e0cbb" testListId="8c84fa94-04c1-424b-9868-57a2d4851a1d" />
    <TestEntry testId="63251417-cab3-d7f1-951d-ff52e5bf847e" executionId="a39cfacf-eece-4d08-80fe-3380a3c8d337" testListId="8c84fa94-04c1-424b-9868-57a2d4851a1d" />
    <TestEntry testId="eb91648c-5df5-c842-8817-ad45d8ac6975" executionId="85b595ce-3f6f-4ceb-991f-f7112fbc66cb" testListId="8c84fa94-04c1-424b-9868-57a2d4851a1d" />
    <TestEntry testId="9affb97e-1e02-ae41-4d90-3807ddd1dde2" executionId="f6207453-0298-4b2e-82f1-6ceaccce1622" testListId="8c84fa94-04c1-424b-9868-57a2d4851a1d" />
    <TestEntry testId="ac9e79f1-9655-cf06-2054-7e5adaf9e305" executionId="717860fc-5471-420b-b81f-c767ae1da743" testListId="8c84fa94-04c1-424b-9868-57a2d4851a1d" />
    <TestEntry testId="7226124f-dd09-d43a-b76d-b1f3200e03b8" executionId="627a1df1-c915-4d7e-8679-019a73535fe2" testListId="8c84fa94-04c1-424b-9868-57a2d4851a1d" />
    <TestEntry testId="af873b35-5308-6a10-7a0f-62e9eb150c88" executionId="45f8c55a-1be8-443b-b92f-980b3041ef72" testListId="8c84fa94-04c1-424b-9868-57a2d4851a1d" />
    <TestEntry testId="c83832b7-8819-2499-1d34-aa973e75957d" executionId="0efd7e64-225b-421e-b5b9-72712b66150e" testListId="8c84fa94-04c1-424b-9868-57a2d4851a1d" />
    <TestEntry testId="f110d9a1-abdf-4b7f-90db-314822533b9b" executionId="db8a9897-1616-4047-bd99-9520fc480f42" testListId="8c84fa94-04c1-424b-9868-57a2d4851a1d" />
    <TestEntry testId="33a36fe7-9f25-55b9-78cd-b144538b4d56" executionId="e5ba40e5-287f-40e7-951f-24456fa92b23" testListId="8c84fa94-04c1-424b-9868-57a2d4851a1d" />
    <TestEntry testId="40773c57-76a9-fcb9-c3a8-2afda8f6f15f" executionId="3a14bc8d-1cca-49e5-b8f5-887c9c96fac4" testListId="8c84fa94-04c1-424b-9868-57a2d4851a1d" />
    <TestEntry testId="4b3e7906-566a-6456-5ef7-39b2883edaa1" executionId="0fae74dc-f5c4-4d68-a3a6-e73ac87cdb73" testListId="8c84fa94-04c1-424b-9868-57a2d4851a1d" />
    <TestEntry testId="af5bece0-7abf-0392-4004-17392a11a619" executionId="66a6a82e-5be1-41c6-9a13-9dc6cae22d06" testListId="8c84fa94-04c1-424b-9868-57a2d4851a1d" />
    <TestEntry testId="e82afa6a-c6be-b3c6-120d-be63c58dbd69" executionId="6c65cebc-cb82-4614-ab74-06925b49400f" testListId="8c84fa94-04c1-424b-9868-57a2d4851a1d" />
    <TestEntry testId="f9554bb2-d464-b5d5-c8ba-1d8fdb1d5484" executionId="ec3faf36-4f34-41b7-bc38-77579ee8d529" testListId="8c84fa94-04c1-424b-9868-57a2d4851a1d" />
    <TestEntry testId="c7df2786-1bf9-b767-0796-f1e6a90b1ad9" executionId="afce6675-ebcc-49b1-8758-e013d68d2305" testListId="8c84fa94-04c1-424b-9868-57a2d4851a1d" />
    <TestEntry testId="58a864d4-17e9-c73e-2e49-ff48f71f41da" executionId="056d5360-b291-4cd5-8668-2ef7d5d240c0" testListId="8c84fa94-04c1-424b-9868-57a2d4851a1d" />
    <TestEntry testId="347a112e-b363-c8aa-5844-d5fab15e1792" executionId="9d6bf3f5-ba06-410a-9c96-1275972f7039" testListId="8c84fa94-04c1-424b-9868-57a2d4851a1d" />
    <TestEntry testId="5b299f56-e5a1-23e2-60c8-4de7b98b9179" executionId="68e24844-9d2e-4c2d-afc0-99ce38aedcad" testListId="8c84fa94-04c1-424b-9868-57a2d4851a1d" />
    <TestEntry testId="ef52bfca-9823-3644-4dd9-22de8b059e3a" executionId="bc8ebec6-52ef-433f-9cc1-f225ea655cc8" testListId="8c84fa94-04c1-424b-9868-57a2d4851a1d" />
    <TestEntry testId="36978323-ae7d-4782-91e4-504e37d2ff35" executionId="3253583a-dbbf-4b6f-be40-c7953deb1cde" testListId="8c84fa94-04c1-424b-9868-57a2d4851a1d" />
    <TestEntry testId="ebf78a33-6f43-3b37-ec87-c7c1b6380f9c" executionId="18f426f7-1397-44c9-9087-8a9ca1d60190" testListId="8c84fa94-04c1-424b-9868-57a2d4851a1d" />
    <TestEntry testId="5a4bbf6d-6575-fc29-4105-c0aa9f01f9b3" executionId="3d101298-9abb-4e96-8734-0d30ebba62d3" testListId="8c84fa94-04c1-424b-9868-57a2d4851a1d" />
    <TestEntry testId="9b77f50a-195c-babb-8067-e33089016f46" executionId="9f02ec1b-724e-44b2-8670-b7b9393c9799" testListId="8c84fa94-04c1-424b-9868-57a2d4851a1d" />
    <TestEntry testId="ccb34df4-86e3-130c-4b84-9d98dd328c0f" executionId="3af29326-efd4-46db-b7f4-c57cf77b1e1b" testListId="8c84fa94-04c1-424b-9868-57a2d4851a1d" />
    <TestEntry testId="1e407488-9201-420d-35b5-15b3a1904cc0" executionId="7ec2b827-1248-4ef7-ae19-a23496d8972e" testListId="8c84fa94-04c1-424b-9868-57a2d4851a1d" />
    <TestEntry testId="85b7c4ed-df7d-3214-f235-e36b4a4b80d6" executionId="a402129d-5be9-415d-87a6-ca0fceae2319" testListId="8c84fa94-04c1-424b-9868-57a2d4851a1d" />
    <TestEntry testId="326dab35-ccc5-0830-1e1b-99ba7d03ea84" executionId="3bfdba9f-962b-4875-9b3a-660ed5f90f50" testListId="8c84fa94-04c1-424b-9868-57a2d4851a1d" />
    <TestEntry testId="0de3df14-d764-433d-787a-88d2b74272fa" executionId="ce7076f9-17dd-45dd-8541-330b736d1b21" testListId="8c84fa94-04c1-424b-9868-57a2d4851a1d" />
    <TestEntry testId="1ba1561c-f0fa-3c62-50fc-6a8fbfa90a60" executionId="151bef65-fd2f-44ad-b5a4-eb82bf0853bd" testListId="8c84fa94-04c1-424b-9868-57a2d4851a1d" />
    <TestEntry testId="39ab63ce-4d80-5eef-f7c5-602634b33d26" executionId="be06bcf4-569b-4de0-a2f9-0e49e8849bd9" testListId="8c84fa94-04c1-424b-9868-57a2d4851a1d" />
    <TestEntry testId="37195dfb-de58-20de-ec3b-ddd0fb7f8eae" executionId="7390c872-1f76-4afc-9cb3-118904564e5d" testListId="8c84fa94-04c1-424b-9868-57a2d4851a1d" />
    <TestEntry testId="89e9840a-f8d1-8b03-eada-327dd314aa58" executionId="4544b246-35f2-45aa-b09a-b90679b16c78" testListId="8c84fa94-04c1-424b-9868-57a2d4851a1d" />
    <TestEntry testId="9c635f9f-e840-1299-44fc-4dafb07bd703" executionId="cb94f3a3-ca2c-4676-b3b4-a3615be9842f" testListId="8c84fa94-04c1-424b-9868-57a2d4851a1d" />
    <TestEntry testId="da5205b9-0f99-3af5-fac3-d0934e4115a7" executionId="435acce3-7960-4a70-aca1-e1f7a98b74ee" testListId="8c84fa94-04c1-424b-9868-57a2d4851a1d" />
    <TestEntry testId="d8494be8-eca0-1496-06ad-a94cbb3fdc12" executionId="7eaef5e5-baa7-4972-993a-543382817a93" testListId="8c84fa94-04c1-424b-9868-57a2d4851a1d" />
    <TestEntry testId="1785dede-d658-d73b-9752-40a45c6936de" executionId="ae34bd02-abf2-48a3-91a6-d261169b22b6" testListId="8c84fa94-04c1-424b-9868-57a2d4851a1d" />
    <TestEntry testId="84ba4574-72a6-41c2-c017-b92e39738ed7" executionId="83419829-3c28-4bc2-8f8d-e5ed2274fc31" testListId="8c84fa94-04c1-424b-9868-57a2d4851a1d" />
    <TestEntry testId="0f9a2ddb-a9cb-d21e-eae3-4e8bb305fc77" executionId="64ff34d9-f0a9-4277-a63c-fa40d54cfcce" testListId="8c84fa94-04c1-424b-9868-57a2d4851a1d" />
    <TestEntry testId="7df383ca-baa8-b798-2990-6141bf44ad19" executionId="9eb0e5b3-0ae8-4b08-946e-efce35b99326" testListId="8c84fa94-04c1-424b-9868-57a2d4851a1d" />
    <TestEntry testId="2471960c-fbc1-1789-b84e-c826b7cea066" executionId="a7969413-af33-4f17-aea9-21a11a504aeb" testListId="8c84fa94-04c1-424b-9868-57a2d4851a1d" />
    <TestEntry testId="1c38f8ae-6947-ab02-542f-48a93c189571" executionId="0ce478bd-eeb2-4d58-bf5f-09558de997d1" testListId="8c84fa94-04c1-424b-9868-57a2d4851a1d" />
    <TestEntry testId="cb8df580-11f9-6d50-3771-5ee5d8a3d9c5" executionId="f95aa5fb-66f3-49d3-aa1e-1da6e9401ac7" testListId="8c84fa94-04c1-424b-9868-57a2d4851a1d" />
    <TestEntry testId="8dd9db66-980f-8c56-a4d5-214f14280db1" executionId="64b70125-c9fa-43f1-abdb-c64439a3d090" testListId="8c84fa94-04c1-424b-9868-57a2d4851a1d" />
    <TestEntry testId="7862ec96-08d4-7672-b75b-2c9eb8ac1d53" executionId="edba8368-8e97-4326-ab15-81dbef0f37a2" testListId="8c84fa94-04c1-424b-9868-57a2d4851a1d" />
    <TestEntry testId="8311232f-5b73-96eb-cc67-856a20cb6bd4" executionId="6b86beea-596f-4ccf-8f65-5288ab03785d" testListId="8c84fa94-04c1-424b-9868-57a2d4851a1d" />
    <TestEntry testId="0a84de12-6fcf-8161-bb90-5dcf0b5aae74" executionId="3bfec5c3-f613-49f9-9991-8446e6c56add" testListId="8c84fa94-04c1-424b-9868-57a2d4851a1d" />
    <TestEntry testId="22164d49-f315-e621-a15d-7ac798216806" executionId="af46b170-d634-4daa-a4b2-be2a491f3c9c" testListId="8c84fa94-04c1-424b-9868-57a2d4851a1d" />
    <TestEntry testId="814b8c0a-160f-1311-d907-98ac754563aa" executionId="c4ce1e9d-ce11-4163-a19c-7a7822837e55" testListId="8c84fa94-04c1-424b-9868-57a2d4851a1d" />
    <TestEntry testId="e389a3e1-5f0a-6683-3c50-a2a34e042147" executionId="3bc613c0-f5a1-4e06-8d05-820700d0bef5" testListId="8c84fa94-04c1-424b-9868-57a2d4851a1d" />
    <TestEntry testId="fbf768f5-bda1-d532-9518-dfdf120eb87b" executionId="e7ebd191-a36b-4476-b8c3-c43f6491c40a" testListId="8c84fa94-04c1-424b-9868-57a2d4851a1d" />
    <TestEntry testId="7ae16e9a-51a3-b632-f70e-7bae9358417b" executionId="664363f2-f95a-4cad-b9ff-0d4d5decf468" testListId="8c84fa94-04c1-424b-9868-57a2d4851a1d" />
    <TestEntry testId="65799c34-732d-1a33-c654-588279eeaf65" executionId="5f76052f-7a32-47ae-a26e-442e503acd95" testListId="8c84fa94-04c1-424b-9868-57a2d4851a1d" />
    <TestEntry testId="3684dd9a-88f0-8211-0281-3e878fb28168" executionId="89990197-e860-4451-9774-9f39cfd311c7" testListId="8c84fa94-04c1-424b-9868-57a2d4851a1d" />
    <TestEntry testId="f8373e9a-e7fb-8ad5-7e76-6dd87f57c880" executionId="d0f1ab28-5c78-4f7c-95e6-3de4581838cc" testListId="8c84fa94-04c1-424b-9868-57a2d4851a1d" />
    <TestEntry testId="6821bff6-623b-fea9-3166-e7205d5004e2" executionId="f8b1d9c6-f1de-489b-84b5-53014bc1ca40" testListId="8c84fa94-04c1-424b-9868-57a2d4851a1d" />
    <TestEntry testId="aba52ee4-f6f5-ae12-1c3c-1f0f18673b2e" executionId="de0f5b75-1607-46ce-8df1-6f5ace8d22ae" testListId="8c84fa94-04c1-424b-9868-57a2d4851a1d" />
    <TestEntry testId="0b702db0-cebd-ea37-ccd5-e544717e9820" executionId="2663b62e-441c-45e3-b7e1-7f8953adb063" testListId="8c84fa94-04c1-424b-9868-57a2d4851a1d" />
    <TestEntry testId="48a0174a-969e-aeff-81b3-935201a07798" executionId="267eebdb-3e02-424b-bcbc-19e133a6d34e" testListId="8c84fa94-04c1-424b-9868-57a2d4851a1d" />
    <TestEntry testId="7c47d70e-66c8-388b-e626-5761c693397f" executionId="a9be5cbb-f19d-4a27-8b90-dcf703fb519d" testListId="8c84fa94-04c1-424b-9868-57a2d4851a1d" />
    <TestEntry testId="c6d95831-9453-6384-26f9-4e0968c83fbf" executionId="a76961a4-fbd6-4b08-8b40-9eca344c60ad" testListId="8c84fa94-04c1-424b-9868-57a2d4851a1d" />
    <TestEntry testId="36219f46-19c5-2d92-654e-c7df2649854b" executionId="f5bf806d-8032-4dae-a6e1-ae383b3fcbd9" testListId="8c84fa94-04c1-424b-9868-57a2d4851a1d" />
    <TestEntry testId="0c6360a7-d9d2-1748-1162-a67f8efb11e8" executionId="0fbc47ff-9ab4-494a-96ce-1a6889e4e52d" testListId="8c84fa94-04c1-424b-9868-57a2d4851a1d" />
    <TestEntry testId="92d55bf1-3cde-20d6-09db-88d6935f1eec" executionId="f2f23c0a-7f3c-45d5-bc38-1191efede4f3" testListId="8c84fa94-04c1-424b-9868-57a2d4851a1d" />
    <TestEntry testId="b3878c29-14ab-db60-6faa-179c0a00f93e" executionId="9ec90015-8894-4bbd-95ac-a54eb245bf23" testListId="8c84fa94-04c1-424b-9868-57a2d4851a1d" />
    <TestEntry testId="0e175f94-dc91-8e36-fedf-5c1583d8241e" executionId="738a40bc-5081-40fa-a51d-4596952fe8b9" testListId="8c84fa94-04c1-424b-9868-57a2d4851a1d" />
    <TestEntry testId="42c118ae-5758-15ae-f9df-f825390f2162" executionId="cc26357c-6d6c-4475-9d5c-dd8376f9d7f6" testListId="8c84fa94-04c1-424b-9868-57a2d4851a1d" />
    <TestEntry testId="940f6623-57ba-741d-40a2-9054e86fc6ab" executionId="ea36c865-6d16-4b5d-ad2f-63c290518710" testListId="8c84fa94-04c1-424b-9868-57a2d4851a1d" />
    <TestEntry testId="eea4a727-ddb2-888f-62e7-07ea18cdcc69" executionId="6732100a-e89c-4102-99bf-09fe437b6cd6" testListId="8c84fa94-04c1-424b-9868-57a2d4851a1d" />
    <TestEntry testId="7542de4e-8d44-a2f9-c6b6-030dc0d2df7a" executionId="d6f2f541-31ac-4355-871f-30df0c67ef7c" testListId="8c84fa94-04c1-424b-9868-57a2d4851a1d" />
    <TestEntry testId="699aa23a-a690-202e-34c8-678043f318df" executionId="554dc3d9-5154-449e-b7da-718672265393" testListId="8c84fa94-04c1-424b-9868-57a2d4851a1d" />
    <TestEntry testId="3733e2ee-3994-7baf-10b1-90fe617c0a63" executionId="ca26d0f3-bb48-448b-bbb7-cbc41ea19ab8" testListId="8c84fa94-04c1-424b-9868-57a2d4851a1d" />
    <TestEntry testId="5cbc6753-3a26-d303-47a8-eb09e08f39cf" executionId="5a96743d-4b3c-4f43-ad69-6f1c2801cb35" testListId="8c84fa94-04c1-424b-9868-57a2d4851a1d" />
    <TestEntry testId="8c02a264-004f-1e21-3fee-9edeaf2e53df" executionId="e6882bee-c5cb-4041-8726-c7f4c0f5cd14" testListId="8c84fa94-04c1-424b-9868-57a2d4851a1d" />
    <TestEntry testId="7a2b4445-6550-2bc9-9a63-77baee7c363a" executionId="fc9e54bc-51b1-4d87-9e83-90985ad47b51" testListId="8c84fa94-04c1-424b-9868-57a2d4851a1d" />
    <TestEntry testId="ee0be459-ac9f-d6d9-f9b3-c3e18f59a4c0" executionId="c5861ffd-6584-4302-9ba5-11e0e94feee3" testListId="8c84fa94-04c1-424b-9868-57a2d4851a1d" />
    <TestEntry testId="a8a1423c-661c-8591-3ce7-ddc28b153a5c" executionId="47b7a4d3-e51a-41c0-8d97-70af0648a76d" testListId="8c84fa94-04c1-424b-9868-57a2d4851a1d" />
    <TestEntry testId="5ac6fcfc-6af8-3974-71bf-61bafe388d40" executionId="02000c07-c703-4483-991a-3c66417f719c" testListId="8c84fa94-04c1-424b-9868-57a2d4851a1d" />
    <TestEntry testId="288762e4-5c4d-5910-ed4b-3054184b8d0a" executionId="2e67d330-ff60-4d90-afc2-34084474c989" testListId="8c84fa94-04c1-424b-9868-57a2d4851a1d" />
    <TestEntry testId="5685a992-14fa-0621-d053-65caa7f970ee" executionId="f81c202b-bc5e-4cb8-aedf-e5939a3995c3" testListId="8c84fa94-04c1-424b-9868-57a2d4851a1d" />
    <TestEntry testId="f1d46e24-e6d0-3755-9b56-ec6d1cabd787" executionId="94fc6a9f-9348-46d5-b476-a40c705f8cb0" testListId="8c84fa94-04c1-424b-9868-57a2d4851a1d" />
    <TestEntry testId="addea57a-8814-a686-b1d6-170ad8b0558e" executionId="cc0c0ba1-cc5f-4367-a4ae-6df0b51b88a4" testListId="8c84fa94-04c1-424b-9868-57a2d4851a1d" />
    <TestEntry testId="b4c8b4fe-75e0-393f-0de0-b15d564184ce" executionId="2766175e-6632-4885-ae80-4b4c9754d395" testListId="8c84fa94-04c1-424b-9868-57a2d4851a1d" />
    <TestEntry testId="47f76e92-fc6c-f7c0-c870-9743a5a037d3" executionId="149b6089-47f2-4952-b36d-c68c4f14e96f" testListId="8c84fa94-04c1-424b-9868-57a2d4851a1d" />
    <TestEntry testId="de48f299-960b-c324-97e4-bb53e6a08c4c" executionId="45b7f531-d142-40d8-b4ee-68db4b3136be" testListId="8c84fa94-04c1-424b-9868-57a2d4851a1d" />
    <TestEntry testId="c03c30cf-efaf-7d2d-1984-866170871d25" executionId="8553c6d1-e114-4843-b7c3-b3e6c05dae86" testListId="8c84fa94-04c1-424b-9868-57a2d4851a1d" />
    <TestEntry testId="160fa9b6-e0e0-b68c-5f8a-83668432548f" executionId="aad9475a-9d72-4d26-ade8-6cb49c43d421" testListId="8c84fa94-04c1-424b-9868-57a2d4851a1d" />
    <TestEntry testId="1fbc5687-6ba4-87b6-c908-876ee89b7e65" executionId="49b6b73c-3885-4b8a-a112-20873e259bc7" testListId="8c84fa94-04c1-424b-9868-57a2d4851a1d" />
    <TestEntry testId="9a7164c5-b199-2157-f84d-e96958f10889" executionId="683ea2ec-e3da-47d8-a5f5-4dceb4392802" testListId="8c84fa94-04c1-424b-9868-57a2d4851a1d" />
    <TestEntry testId="7cdcc5fd-a07f-12d2-c570-bbe60c7b1f25" executionId="659347d8-faa1-43db-882b-80ee6d66ee95" testListId="8c84fa94-04c1-424b-9868-57a2d4851a1d" />
    <TestEntry testId="2bd15d14-647f-e616-2c0a-2b924f0f4906" executionId="2045dd51-b3db-4ae7-a331-03faabdd1604" testListId="8c84fa94-04c1-424b-9868-57a2d4851a1d" />
    <TestEntry testId="a8699a4b-e765-863a-8e71-377c6c94430b" executionId="3e6656f2-0024-4b66-8952-90bca439350a" testListId="8c84fa94-04c1-424b-9868-57a2d4851a1d" />
    <TestEntry testId="d3d196c7-5027-eb74-42ce-f8cbef50513d" executionId="8903c8a0-41a7-4c74-b285-a7bd0cd2b917" testListId="8c84fa94-04c1-424b-9868-57a2d4851a1d" />
    <TestEntry testId="bfa3d061-b315-c94a-94a5-f42fe237084c" executionId="51cbb57c-1c80-4144-804c-0222e139587e" testListId="8c84fa94-04c1-424b-9868-57a2d4851a1d" />
    <TestEntry testId="b321bf5a-fd2d-4b0b-5379-83f479a73f05" executionId="0ef0b88b-3f4e-424d-a3c3-893330d827de" testListId="8c84fa94-04c1-424b-9868-57a2d4851a1d" />
    <TestEntry testId="5ae442bb-f5c7-72e4-8da6-14434c62f47b" executionId="09f985de-07ed-4635-b743-278a355fd564" testListId="8c84fa94-04c1-424b-9868-57a2d4851a1d" />
    <TestEntry testId="a7694aa5-8391-34f7-f555-d2d27c05360f" executionId="28c9bf5b-2a6a-484b-8e22-87d110a9e667" testListId="8c84fa94-04c1-424b-9868-57a2d4851a1d" />
    <TestEntry testId="a59c7650-9c8e-5a66-cf4d-86415c1d057c" executionId="3c479379-a4bc-4f76-b899-ad83325fd9f7" testListId="8c84fa94-04c1-424b-9868-57a2d4851a1d" />
    <TestEntry testId="1ff4b6e7-c1ea-732c-e527-fce8c23b962e" executionId="dd2caa1f-3b81-4447-a68a-ec1eb61b52e8" testListId="8c84fa94-04c1-424b-9868-57a2d4851a1d" />
    <TestEntry testId="776e0dd6-b1b2-f697-5012-1b5260370892" executionId="7156b994-4b6e-45ff-8a2b-7a88cfa517b6" testListId="8c84fa94-04c1-424b-9868-57a2d4851a1d" />
    <TestEntry testId="94344bec-3695-9181-be78-21102b8584df" executionId="b09910b7-50a0-4614-ba56-162bd5dc05c7" testListId="8c84fa94-04c1-424b-9868-57a2d4851a1d" />
    <TestEntry testId="86f22bb5-31da-5485-1f85-12995044f993" executionId="82e76f86-582f-4bde-b63f-e00d0eab2416" testListId="8c84fa94-04c1-424b-9868-57a2d4851a1d" />
    <TestEntry testId="676da098-943f-606b-3ca8-01773813a201" executionId="83090ccf-aa3e-493e-ab4f-8254c4547312" testListId="8c84fa94-04c1-424b-9868-57a2d4851a1d" />
    <TestEntry testId="bb1009d9-6496-40d7-ec75-c653a7bd2252" executionId="ecbe64c9-849a-4913-a149-9bdf78c97003" testListId="8c84fa94-04c1-424b-9868-57a2d4851a1d" />
    <TestEntry testId="69c4179d-03e4-0f15-38a7-eafb887b7992" executionId="3ee45968-ca6c-43e8-b545-d5015f6fd33f" testListId="8c84fa94-04c1-424b-9868-57a2d4851a1d" />
    <TestEntry testId="09b9ba02-0efe-7368-101b-c3520546f0b5" executionId="a5a26aaf-a4b6-44bc-ab5e-51d6099bdbb3" testListId="8c84fa94-04c1-424b-9868-57a2d4851a1d" />
    <TestEntry testId="b4decefc-2fa8-3f4f-28b3-7c450bcc4c90" executionId="93f53e7b-1499-4ce7-9dfa-1bceb330a881" testListId="8c84fa94-04c1-424b-9868-57a2d4851a1d" />
    <TestEntry testId="dc72d8ed-219f-3c19-7d99-f2f2f2b8832a" executionId="7a1c04a1-5445-45ad-b661-1f6bfb7104bd" testListId="8c84fa94-04c1-424b-9868-57a2d4851a1d" />
    <TestEntry testId="85347f42-97eb-f529-781c-a286ab1257cd" executionId="262bc95f-5db9-43e9-afd0-5054c4e037d1" testListId="8c84fa94-04c1-424b-9868-57a2d4851a1d" />
    <TestEntry testId="d3136d91-086c-86af-9861-25ad773594f3" executionId="bdc6f2ff-cca3-45ab-86d6-bb20ef3719ee" testListId="8c84fa94-04c1-424b-9868-57a2d4851a1d" />
    <TestEntry testId="796e2f6b-66bf-4aad-61d4-a374ddd5afae" executionId="11a486b2-05cf-41b1-b716-faadbbb95fcb" testListId="8c84fa94-04c1-424b-9868-57a2d4851a1d" />
    <TestEntry testId="217d569d-af62-0cf1-0a45-23e4a3d75fd9" executionId="b5b19472-7bc4-42c9-9751-c1a5ebe1bd44" testListId="8c84fa94-04c1-424b-9868-57a2d4851a1d" />
    <TestEntry testId="254144ee-130b-94a1-4f9c-a6d6962c065d" executionId="2329644c-6c7b-4db4-8288-56cd0f8ec206" testListId="8c84fa94-04c1-424b-9868-57a2d4851a1d" />
    <TestEntry testId="d15edaa2-5758-09ec-fa2b-300c5af8928b" executionId="9b2679e8-31fc-4a5d-825f-01f4341cbd02" testListId="8c84fa94-04c1-424b-9868-57a2d4851a1d" />
    <TestEntry testId="a6094747-bd2e-c88f-ef68-c7f43648c75c" executionId="f030c8d0-147e-4457-bc2d-8d8df113b076" testListId="8c84fa94-04c1-424b-9868-57a2d4851a1d" />
    <TestEntry testId="6988a5e0-e3c4-d15b-8e6e-ee49205b2a61" executionId="66d463b0-8ce2-4b3b-923a-ecc19a9ce832" testListId="8c84fa94-04c1-424b-9868-57a2d4851a1d" />
    <TestEntry testId="d0389a67-3bd2-daf8-7276-c5237526e530" executionId="5ca4288c-2af4-4808-b913-05c6667b3b78" testListId="8c84fa94-04c1-424b-9868-57a2d4851a1d" />
    <TestEntry testId="e00fb1a5-3abb-9fd8-8ee5-a8416a687063" executionId="f8dd9846-3403-4194-84e0-2151d8229159" testListId="8c84fa94-04c1-424b-9868-57a2d4851a1d" />
    <TestEntry testId="f3084d89-cda3-b9fc-16df-3d5ffa9d73be" executionId="01f494a3-0c72-4776-b82f-54de12f38ba3" testListId="8c84fa94-04c1-424b-9868-57a2d4851a1d" />
    <TestEntry testId="227a9887-6644-92d2-9aa6-ba62239af7d9" executionId="e35dc075-3417-4e7b-9b4f-f626f86e4803" testListId="8c84fa94-04c1-424b-9868-57a2d4851a1d" />
    <TestEntry testId="5d983749-5de8-7973-76e4-387bec254355" executionId="e0b5ac43-db26-4ccb-a6b3-04d892633c9b" testListId="8c84fa94-04c1-424b-9868-57a2d4851a1d" />
    <TestEntry testId="6a47e138-e897-5787-700a-4a389ec1ca1e" executionId="6e3d299f-a6f7-4c44-9412-3d36a8dbfc09" testListId="8c84fa94-04c1-424b-9868-57a2d4851a1d" />
    <TestEntry testId="9a3fbbbb-f996-7a27-25e0-852ec5b46dd8" executionId="254cc876-0abe-4b19-a335-4b09b06fa66e" testListId="8c84fa94-04c1-424b-9868-57a2d4851a1d" />
    <TestEntry testId="719ad947-0634-5430-3db6-f322b8f69113" executionId="35ab4ef2-55c1-4d00-9ce2-ce1b091d6caa" testListId="8c84fa94-04c1-424b-9868-57a2d4851a1d" />
    <TestEntry testId="b097ba6d-853b-78ea-de8a-ac3f06f44756" executionId="de36fe3b-1bd2-4dc0-b77a-b93196b99990" testListId="8c84fa94-04c1-424b-9868-57a2d4851a1d" />
    <TestEntry testId="693448aa-adc5-611c-2b53-0a8695f4d97d" executionId="ec66ecaf-264d-433d-b350-329805ca2b4a" testListId="8c84fa94-04c1-424b-9868-57a2d4851a1d" />
    <TestEntry testId="e1b022cb-efe2-86f1-2f32-09da53e0f560" executionId="f66398a4-3021-4f5e-a2a4-70ff8b57a73d" testListId="8c84fa94-04c1-424b-9868-57a2d4851a1d" />
    <TestEntry testId="202800c0-a2a0-3d8f-dbc4-2ccb0ac1db31" executionId="ba4c7ace-e6bb-43ae-aa58-fecbf0e92445" testListId="8c84fa94-04c1-424b-9868-57a2d4851a1d" />
    <TestEntry testId="02e75450-ec29-44c6-12a5-8d90a0d4833b" executionId="0c1ab36e-df94-4ee0-a3be-7809300d2cc2" testListId="8c84fa94-04c1-424b-9868-57a2d4851a1d" />
    <TestEntry testId="1a58dd32-5905-3235-1c9c-08f6e3791ac8" executionId="859fa757-3380-4a28-90ef-17286bc438fd" testListId="8c84fa94-04c1-424b-9868-57a2d4851a1d" />
    <TestEntry testId="fe062b2b-a302-73f7-82cc-a49a779de2cf" executionId="a8c8fad4-e703-48dc-9e0b-9452fa19bc7f" testListId="8c84fa94-04c1-424b-9868-57a2d4851a1d" />
    <TestEntry testId="1da1ae08-79af-3038-8ed9-c572830558d6" executionId="44f7a685-f2a7-49b2-8051-0cfbf5e54b88" testListId="8c84fa94-04c1-424b-9868-57a2d4851a1d" />
    <TestEntry testId="78749a40-6b98-b6dc-54de-2728268826cc" executionId="374b2fa7-1e53-4442-8954-fe9b6f383d02" testListId="8c84fa94-04c1-424b-9868-57a2d4851a1d" />
    <TestEntry testId="b06c0ff2-b96a-82d5-47d2-6ada600c6ac4" executionId="ae907ff0-faf5-4819-a561-0de767f7e681" testListId="8c84fa94-04c1-424b-9868-57a2d4851a1d" />
    <TestEntry testId="6dc2cc82-22ef-e34c-aa29-7d91273110ff" executionId="7c995c5f-186b-4d8e-a4bb-71f4cad8edd4" testListId="8c84fa94-04c1-424b-9868-57a2d4851a1d" />
    <TestEntry testId="bef0bbff-f002-152e-ce19-e6f05bc7e7a2" executionId="158a7bc6-491b-4996-93f2-8cfa85e20ff7" testListId="8c84fa94-04c1-424b-9868-57a2d4851a1d" />
    <TestEntry testId="4fe2e139-68fb-bfd9-5717-72ea3bda9da0" executionId="ac44db91-3b59-41d8-8aaa-c2a3ec92a521" testListId="8c84fa94-04c1-424b-9868-57a2d4851a1d" />
    <TestEntry testId="7b72f010-1578-dd3e-0e81-7b0f265569ad" executionId="41b003e5-3b6a-4f8f-ad95-3e8c36d474f7" testListId="8c84fa94-04c1-424b-9868-57a2d4851a1d" />
    <TestEntry testId="f1428993-d37a-f2e1-e1f9-4944c954f241" executionId="75f645cd-5437-406f-a7c5-2355a2e619fc" testListId="8c84fa94-04c1-424b-9868-57a2d4851a1d" />
    <TestEntry testId="10b67a36-70fa-8cad-b212-d0bd7737ddcd" executionId="4f8f722b-c68c-4adc-a525-18cd32f73943" testListId="8c84fa94-04c1-424b-9868-57a2d4851a1d" />
    <TestEntry testId="d4f4e92a-dc76-e58b-8cc9-8f2b907c3c26" executionId="18f0f6ac-0ea9-4460-b956-c7375f4b5703" testListId="8c84fa94-04c1-424b-9868-57a2d4851a1d" />
    <TestEntry testId="1ee3a09e-ee9b-66de-1c8a-275aac3087b1" executionId="5ff59854-25c1-4b38-9c06-1b23163d196d" testListId="8c84fa94-04c1-424b-9868-57a2d4851a1d" />
    <TestEntry testId="85f43ac9-4a3d-9d19-561c-361db0298aa5" executionId="526b0891-3de7-4dea-8fa1-000474cafc49" testListId="8c84fa94-04c1-424b-9868-57a2d4851a1d" />
    <TestEntry testId="05902154-19c0-820e-ac4d-8b29c50acb9c" executionId="47d8ca6a-fbb4-4e3b-8db4-01bd7dcdd23a" testListId="8c84fa94-04c1-424b-9868-57a2d4851a1d" />
    <TestEntry testId="4867370e-db0d-6f64-473d-9ff916e6a3ba" executionId="7e873195-eecb-415a-a361-18ff87bca039" testListId="8c84fa94-04c1-424b-9868-57a2d4851a1d" />
    <TestEntry testId="73596530-4c15-78e9-a3fd-2b938839fe9d" executionId="dae317a1-ed85-48fc-abcb-3ed8017c037d" testListId="8c84fa94-04c1-424b-9868-57a2d4851a1d" />
    <TestEntry testId="6e0f935c-61c9-80c2-e2bf-e72234ee7c74" executionId="fe11c4f4-48d7-487a-aeab-1ed5ac14c3ca" testListId="8c84fa94-04c1-424b-9868-57a2d4851a1d" />
    <TestEntry testId="42edbc63-86ce-51a6-8a5b-3eb9563dc7b1" executionId="52e35431-ff52-4d89-934a-02754dbec429" testListId="8c84fa94-04c1-424b-9868-57a2d4851a1d" />
    <TestEntry testId="ca85e6f6-48d2-8dbb-0d56-cf8347a796be" executionId="de0af22d-9bbe-4563-b022-e4706a6d230b" testListId="8c84fa94-04c1-424b-9868-57a2d4851a1d" />
    <TestEntry testId="2a3a8992-5eb9-d85e-8436-c4f7401cf226" executionId="5914a4b7-4f9b-4788-8235-d1a578b2636b" testListId="8c84fa94-04c1-424b-9868-57a2d4851a1d" />
    <TestEntry testId="cc536d6d-01cd-6fef-5aac-e8cd3f410d15" executionId="dc788c14-37a4-45f7-9e58-150a27af3a2c" testListId="8c84fa94-04c1-424b-9868-57a2d4851a1d" />
    <TestEntry testId="83b75c3f-ef01-704d-26e3-7e90e6adc563" executionId="8e9a5326-3723-47b1-a356-7e2ad55a175d" testListId="8c84fa94-04c1-424b-9868-57a2d4851a1d" />
    <TestEntry testId="e870f836-5567-9b5e-b5b7-1c1f20642a06" executionId="876defeb-f78b-4f03-b99c-59bcfb34119b" testListId="8c84fa94-04c1-424b-9868-57a2d4851a1d" />
    <TestEntry testId="b0899d9d-f2b3-9580-eca3-39c3aef26cc9" executionId="c61bd060-b66e-4872-b678-b2a73f46b16e" testListId="8c84fa94-04c1-424b-9868-57a2d4851a1d" />
    <TestEntry testId="c9e45c00-b261-7f78-a530-72f6c6f7c22c" executionId="f2172589-8cbe-4d50-a091-02cecbcd6dc9" testListId="8c84fa94-04c1-424b-9868-57a2d4851a1d" />
    <TestEntry testId="fef1b3c8-b705-02f6-d7e4-83524813e7b5" executionId="5c66b308-59f0-4614-ad33-ebebb688b30e" testListId="8c84fa94-04c1-424b-9868-57a2d4851a1d" />
    <TestEntry testId="cea13dec-3b36-ea5b-7908-459731bcb8c9" executionId="d3ffe7e1-1e68-412b-90fc-561694f8ab21" testListId="8c84fa94-04c1-424b-9868-57a2d4851a1d" />
    <TestEntry testId="23cfcab5-cc01-cacd-cb19-101ff4e9a64e" executionId="524a0a09-09eb-43b8-88e8-5aad7eaa04a0" testListId="8c84fa94-04c1-424b-9868-57a2d4851a1d" />
    <TestEntry testId="36574876-c75c-9c2c-f63f-a33b2e08bafe" executionId="da1c9e12-fb96-4142-8c6f-8fe3b9c9de91" testListId="8c84fa94-04c1-424b-9868-57a2d4851a1d" />
    <TestEntry testId="f168c7b5-70cd-8d86-0477-39fce3d87509" executionId="d4a2c5bd-4bfd-4136-9590-eb98d1a8db27" testListId="8c84fa94-04c1-424b-9868-57a2d4851a1d" />
    <TestEntry testId="6d888fa8-f384-f779-02a9-7a19a58d6faa" executionId="de8cd875-8c74-428f-aa45-b49e46162543" testListId="8c84fa94-04c1-424b-9868-57a2d4851a1d" />
    <TestEntry testId="b2b1a9f1-1afb-4029-19a7-703636a3a0b1" executionId="e0736dbf-b4e5-4318-8d7f-d3fcbe72982a" testListId="8c84fa94-04c1-424b-9868-57a2d4851a1d" />
    <TestEntry testId="fe3d5e92-bf5b-5981-1f4a-9ee48255a44e" executionId="c7ca5e16-1653-4947-bc39-debcea2553ea" testListId="8c84fa94-04c1-424b-9868-57a2d4851a1d" />
    <TestEntry testId="4821e241-63ac-6b84-73a3-ef60d233c640" executionId="82d00af1-7118-4956-aa94-0bab908d0137" testListId="8c84fa94-04c1-424b-9868-57a2d4851a1d" />
    <TestEntry testId="6b86ceca-2f85-c94e-44dd-a3b163e0561d" executionId="c7a5a6e8-9f81-4d4c-91eb-776d76c34542" testListId="8c84fa94-04c1-424b-9868-57a2d4851a1d" />
    <TestEntry testId="58dde6db-21b2-00a7-5cdd-3956243b7ad3" executionId="8f6ccc11-9cfe-4f21-8d36-f4b835d02ed1" testListId="8c84fa94-04c1-424b-9868-57a2d4851a1d" />
    <TestEntry testId="fa3fe36c-080a-b091-19a4-4b8bc14cc531" executionId="aa87a8d0-6a18-45da-8b98-569fc79b3b3f" testListId="8c84fa94-04c1-424b-9868-57a2d4851a1d" />
    <TestEntry testId="6fc5d7e9-ca55-bfa4-0de5-0e45bd477a88" executionId="7d79dd81-1390-4e4a-9b04-45038c57bf95" testListId="8c84fa94-04c1-424b-9868-57a2d4851a1d" />
    <TestEntry testId="b2f6349f-dde3-f4f7-009a-2bbccc4f6607" executionId="661ab178-6cf7-414a-bef2-5b98751b87e8" testListId="8c84fa94-04c1-424b-9868-57a2d4851a1d" />
    <TestEntry testId="f22bf055-64a6-a89a-97b0-a09304021d53" executionId="3fd55abc-401e-4c66-8d9a-16fd8a2f353a" testListId="8c84fa94-04c1-424b-9868-57a2d4851a1d" />
    <TestEntry testId="8deb7282-17c1-72d8-38be-d12bb07014eb" executionId="4521eae5-f607-4e88-959d-61cb657e7548" testListId="8c84fa94-04c1-424b-9868-57a2d4851a1d" />
    <TestEntry testId="315e97d1-1330-f212-eec9-b5651f1f7e0f" executionId="7392ee9c-bfda-4ef5-9702-b57c11cf014d" testListId="8c84fa94-04c1-424b-9868-57a2d4851a1d" />
    <TestEntry testId="c7e028a4-6536-4768-2d6b-f6d16bc552e3" executionId="c514eff1-4973-4009-9d6e-bf1dd94d9f99" testListId="8c84fa94-04c1-424b-9868-57a2d4851a1d" />
    <TestEntry testId="e358a3c2-d48a-21f5-ddbb-de9b4994f1b9" executionId="da0dc530-511b-49b8-b465-dac076b509d3" testListId="8c84fa94-04c1-424b-9868-57a2d4851a1d" />
    <TestEntry testId="336db44f-2faa-de01-daf7-e9ab5b7313dd" executionId="e0305d3b-5924-455b-aa11-fc96d0427e26" testListId="8c84fa94-04c1-424b-9868-57a2d4851a1d" />
    <TestEntry testId="778e7623-3faa-ca5e-3032-a05bd9ea4334" executionId="253d02c2-2b48-4a0e-96cc-f25231cde006" testListId="8c84fa94-04c1-424b-9868-57a2d4851a1d" />
    <TestEntry testId="7e416566-5089-1927-3b1f-9f790f915601" executionId="68240e16-9cf2-4c5e-9ac0-f454fd5f9d6e" testListId="8c84fa94-04c1-424b-9868-57a2d4851a1d" />
    <TestEntry testId="950083e0-5b85-a336-781d-51aea309931a" executionId="ff164ce9-fda8-4874-828c-9e76ca4392ac" testListId="8c84fa94-04c1-424b-9868-57a2d4851a1d" />
    <TestEntry testId="df44b949-8854-12d3-3412-44f4d128eff3" executionId="d9c7cdeb-6e34-498c-ad18-4d7c9cb921e3" testListId="8c84fa94-04c1-424b-9868-57a2d4851a1d" />
    <TestEntry testId="14810dc1-3e47-4c5b-f703-d7718498368d" executionId="52e04d73-e76b-46ac-b56c-c3cfe2547c46" testListId="8c84fa94-04c1-424b-9868-57a2d4851a1d" />
    <TestEntry testId="c7b42c0e-2784-6c41-15dc-ee979b1d4d3f" executionId="d405f0ae-b68b-4b3a-bef2-acaf8afbde81" testListId="8c84fa94-04c1-424b-9868-57a2d4851a1d" />
    <TestEntry testId="90bc60af-056c-e4da-8f6a-4e7a54d8edcb" executionId="725236fb-f63f-4f53-bd25-86428ba5c172" testListId="8c84fa94-04c1-424b-9868-57a2d4851a1d" />
    <TestEntry testId="ece90ebb-0fb7-8dce-2054-59d3bab2ee05" executionId="7379b4ca-abd1-44e4-be31-712b24f3c9d3" testListId="8c84fa94-04c1-424b-9868-57a2d4851a1d" />
    <TestEntry testId="c00497f9-ea5d-2f59-337b-ecad5edfefda" executionId="76fa589a-1d2e-434f-a49b-235277497bef" testListId="8c84fa94-04c1-424b-9868-57a2d4851a1d" />
    <TestEntry testId="900c9cd5-08a4-4d6a-4132-97a4eb93252f" executionId="84544220-5ca0-4508-a5af-73901c5aa466" testListId="8c84fa94-04c1-424b-9868-57a2d4851a1d" />
    <TestEntry testId="e727795f-0ad7-4c41-8cca-726339c9a3f1" executionId="ccffec79-790e-47d6-9dda-a2ddf2e3ad28" testListId="8c84fa94-04c1-424b-9868-57a2d4851a1d" />
    <TestEntry testId="d5fc2921-49e9-457b-e57f-91fa957c113c" executionId="0e5e9925-0998-45ac-8340-a5c48508bbdb" testListId="8c84fa94-04c1-424b-9868-57a2d4851a1d" />
    <TestEntry testId="5284f928-c894-29df-925e-e816e940f07a" executionId="e3444687-30cc-4b7b-8771-9777f8da2682" testListId="8c84fa94-04c1-424b-9868-57a2d4851a1d" />
    <TestEntry testId="5d79b4e4-9737-73a4-0296-d3511031e487" executionId="5324b714-e4c8-476c-8668-eba635ede1c5" testListId="8c84fa94-04c1-424b-9868-57a2d4851a1d" />
    <TestEntry testId="3f40df78-1203-c025-a1d9-9cc48d7e016b" executionId="7efd806a-608e-433b-9c49-5a7949d2382e" testListId="8c84fa94-04c1-424b-9868-57a2d4851a1d" />
    <TestEntry testId="7f480d80-2bbd-e72a-a137-7779a6b33a62" executionId="97df9234-f525-4736-a2c5-3693d9ac5db4" testListId="8c84fa94-04c1-424b-9868-57a2d4851a1d" />
    <TestEntry testId="d274c0ed-73ed-0597-b56a-427bb74ea1fa" executionId="cd3715dc-5101-4bb4-b3fe-bbbcdf855af6" testListId="8c84fa94-04c1-424b-9868-57a2d4851a1d" />
    <TestEntry testId="cec5cf82-f62f-e4a4-7c19-50128bad1472" executionId="49be81d1-5ce5-467e-96a3-00135a5a5f15" testListId="8c84fa94-04c1-424b-9868-57a2d4851a1d" />
    <TestEntry testId="99d05a64-eea6-24d1-334b-953a675eddcb" executionId="1cbdd3a7-4253-4ca5-8687-6edd601894d5" testListId="8c84fa94-04c1-424b-9868-57a2d4851a1d" />
    <TestEntry testId="c4e3c8c0-1ebe-3cd1-d917-4f93b953f5b8" executionId="bc956757-9836-413e-8ed3-9d2d6feb1ce7" testListId="8c84fa94-04c1-424b-9868-57a2d4851a1d" />
    <TestEntry testId="f4d271b7-a9e1-cd6e-d146-55db27b2787f" executionId="7ba824d0-fed2-42f1-9e2a-01b45fbe7530" testListId="8c84fa94-04c1-424b-9868-57a2d4851a1d" />
    <TestEntry testId="3e5d9dcf-e6be-23b7-42e8-4c48fa66792a" executionId="45cf36e0-bf6d-46c3-a35b-c0359686b06c" testListId="8c84fa94-04c1-424b-9868-57a2d4851a1d" />
    <TestEntry testId="5164a939-4212-4209-7f73-68f301761e1c" executionId="bf9a0d88-5044-4586-b36e-cf7747e17e50" testListId="8c84fa94-04c1-424b-9868-57a2d4851a1d" />
    <TestEntry testId="2ae0a91b-6259-6398-9a29-15a94e48c068" executionId="909c847e-a540-4915-b7b8-f90e607b5fb6" testListId="8c84fa94-04c1-424b-9868-57a2d4851a1d" />
    <TestEntry testId="fdcce838-d7d2-f8af-e608-91b54f5cd1aa" executionId="f0b57055-b018-4917-ad52-c4cd89ce4832" testListId="8c84fa94-04c1-424b-9868-57a2d4851a1d" />
    <TestEntry testId="99eea56b-a501-2d1f-5337-803af4247826" executionId="0a1a52fc-eccc-481b-9ed3-7bf24cc93f75" testListId="8c84fa94-04c1-424b-9868-57a2d4851a1d" />
    <TestEntry testId="3714ded7-c269-e338-b793-f93faddd2b7c" executionId="d727c448-4170-4181-9621-d304ee209078" testListId="8c84fa94-04c1-424b-9868-57a2d4851a1d" />
    <TestEntry testId="7e937a36-b746-25c4-87ec-e39c5d8db1ae" executionId="7fb0c75e-b37a-4f29-ba20-8a30f7f741fa" testListId="8c84fa94-04c1-424b-9868-57a2d4851a1d" />
    <TestEntry testId="5f071467-0ec7-cb4a-de4c-e26d70e1135c" executionId="1ed6f3e3-5acb-4d82-a82a-2bacc0d6154c" testListId="8c84fa94-04c1-424b-9868-57a2d4851a1d" />
    <TestEntry testId="e6914896-0f9e-8248-b539-765a2c244839" executionId="dc8df569-da46-48b8-8f6b-9c534b1cb8f0" testListId="8c84fa94-04c1-424b-9868-57a2d4851a1d" />
    <TestEntry testId="1f366cd7-3615-ea15-93e8-effdffa9e430" executionId="524aa569-e6a8-40c3-b582-2e6cb19f1e1e" testListId="8c84fa94-04c1-424b-9868-57a2d4851a1d" />
    <TestEntry testId="23ee9bf1-ca25-8ff0-b7d2-b8ee61230f2e" executionId="3b117587-6763-4c11-bf16-6cae01cfde70" testListId="8c84fa94-04c1-424b-9868-57a2d4851a1d" />
    <TestEntry testId="efc688f6-51c5-f699-8cb7-1c5461d32a67" executionId="da859354-d28c-4e25-abac-7eb0e12e4bcf" testListId="8c84fa94-04c1-424b-9868-57a2d4851a1d" />
    <TestEntry testId="85d18cf4-f8f7-0149-cadc-811b02ee02d9" executionId="6634ba3a-9cae-463f-9b23-001a27c9a731" testListId="8c84fa94-04c1-424b-9868-57a2d4851a1d" />
    <TestEntry testId="57f1805f-f406-3f66-3c68-98f225709ba5" executionId="6e62ca9b-1035-47d3-98d4-547fdcf7ba34" testListId="8c84fa94-04c1-424b-9868-57a2d4851a1d" />
    <TestEntry testId="50b4242f-6299-48ea-c80c-41075ec2e8bf" executionId="9243410c-8b24-4302-9cf4-7b23aad67e96" testListId="8c84fa94-04c1-424b-9868-57a2d4851a1d" />
    <TestEntry testId="34f2c998-801b-3b6c-34cf-595811976bdc" executionId="7486eaf8-5203-4e56-a269-003ac5f1216f" testListId="8c84fa94-04c1-424b-9868-57a2d4851a1d" />
    <TestEntry testId="57a5b186-9c7e-8ac1-b36f-7da3eebca679" executionId="727b065c-74a4-4c27-9d7d-ac0480513acc" testListId="8c84fa94-04c1-424b-9868-57a2d4851a1d" />
    <TestEntry testId="51d1c213-681f-7d0e-399c-633ebef10cbe" executionId="3f70bb23-f954-423c-a104-2b10a722f240" testListId="8c84fa94-04c1-424b-9868-57a2d4851a1d" />
    <TestEntry testId="95504db4-614a-748b-50bb-8b0f96d3ff0f" executionId="eb082c81-0369-455a-ac2c-7cb8ebe327ae" testListId="8c84fa94-04c1-424b-9868-57a2d4851a1d" />
    <TestEntry testId="87d34b34-bc3d-f774-26c8-418c7975eb86" executionId="c2473ae9-0957-4a59-967d-e1f618695f8e" testListId="8c84fa94-04c1-424b-9868-57a2d4851a1d" />
    <TestEntry testId="bf461841-b8d6-9762-b8da-19f13168312f" executionId="a878efee-47c1-4666-8718-0814eebeb3ec" testListId="8c84fa94-04c1-424b-9868-57a2d4851a1d" />
    <TestEntry testId="a319cef0-3e15-f923-0e74-77ec35379415" executionId="860e0581-c55e-4fce-8c5c-c6af4a06db60" testListId="8c84fa94-04c1-424b-9868-57a2d4851a1d" />
    <TestEntry testId="c93a2b4c-45af-2a1f-886b-18baadc149d2" executionId="b2a57ca8-ce93-4e35-8878-b2a5c9a34941" testListId="8c84fa94-04c1-424b-9868-57a2d4851a1d" />
    <TestEntry testId="94814152-72a2-cd6c-3d16-d7d4f6da9295" executionId="fc9e958c-8ee0-4b97-8256-0b232798e496" testListId="8c84fa94-04c1-424b-9868-57a2d4851a1d" />
    <TestEntry testId="12297819-a531-e9d2-9b5c-ff454020f994" executionId="d9c35cc5-28a3-4566-90a0-6fd78720d2bc" testListId="8c84fa94-04c1-424b-9868-57a2d4851a1d" />
    <TestEntry testId="934d43ab-8402-3739-3f4b-05a17737217f" executionId="4f983a14-1d32-47e0-bf86-801bf20084be" testListId="8c84fa94-04c1-424b-9868-57a2d4851a1d" />
    <TestEntry testId="b77755e7-42cd-f184-7b35-a6128de820e4" executionId="9734be00-d2ca-47b8-a1cd-f1885e5fb6fe" testListId="8c84fa94-04c1-424b-9868-57a2d4851a1d" />
    <TestEntry testId="bdefc2e1-11fd-8c75-0f03-9861d638578f" executionId="579e5a2e-28b3-48a8-8fc5-7463099325d5" testListId="8c84fa94-04c1-424b-9868-57a2d4851a1d" />
    <TestEntry testId="d68ae15e-13f2-260b-c617-df59a3f061c5" executionId="dd46e30a-8081-4258-9d91-a92c780c5be9" testListId="8c84fa94-04c1-424b-9868-57a2d4851a1d" />
    <TestEntry testId="3d5da664-ac77-4b79-c3a1-878b742a2e28" executionId="1a1d8215-fbff-4c91-aa67-abc8c159e205" testListId="8c84fa94-04c1-424b-9868-57a2d4851a1d" />
    <TestEntry testId="15a41eed-e791-397c-fd04-5f8c4a27a22e" executionId="c5f8d412-ca4f-489d-bc6c-a3b2cfd7c650" testListId="8c84fa94-04c1-424b-9868-57a2d4851a1d" />
    <TestEntry testId="2a156436-35d1-3599-981c-313b8e0207be" executionId="bcf5ca2f-d9cf-4e6d-8ee8-a1e8c50224a7" testListId="8c84fa94-04c1-424b-9868-57a2d4851a1d" />
    <TestEntry testId="54ef468a-8378-e46d-f375-82eeb64c7378" executionId="a7b16c54-39b7-407a-af17-b3d5a6d5bb56" testListId="8c84fa94-04c1-424b-9868-57a2d4851a1d" />
    <TestEntry testId="0b0987af-9592-d82b-5279-72361c02ffcd" executionId="0b28efe8-04bd-4ce5-be26-0f10bc5cc91f" testListId="8c84fa94-04c1-424b-9868-57a2d4851a1d" />
    <TestEntry testId="243d17f3-b3aa-1f7f-fe45-b270f1b10aac" executionId="3403fe3a-74c7-4796-89cc-f862403200ee" testListId="8c84fa94-04c1-424b-9868-57a2d4851a1d" />
    <TestEntry testId="784278f8-76d7-4e45-f1a2-2e6a30fea534" executionId="359dfca3-0fc9-4fcb-b7ca-61cd37a6611d" testListId="8c84fa94-04c1-424b-9868-57a2d4851a1d" />
    <TestEntry testId="6e3732cf-5956-413f-542b-a6e096db976f" executionId="9dd35b02-b424-49de-98fb-53437027d063" testListId="8c84fa94-04c1-424b-9868-57a2d4851a1d" />
    <TestEntry testId="747d4eb4-0e1e-7882-20c3-6bddaa2d9376" executionId="15277734-b015-416d-b63e-add6d198648e" testListId="8c84fa94-04c1-424b-9868-57a2d4851a1d" />
    <TestEntry testId="ff6df7b0-23d8-0454-b1e5-5d8debd02a40" executionId="a4fa46e9-3649-4061-a7ab-5649f7d8cad6" testListId="8c84fa94-04c1-424b-9868-57a2d4851a1d" />
    <TestEntry testId="d4463260-252b-27d4-35a7-818d974df9f7" executionId="9d91bfdb-a99c-4b6b-92f4-5941d855149c" testListId="8c84fa94-04c1-424b-9868-57a2d4851a1d" />
    <TestEntry testId="49d9275a-1dac-ab87-a958-e857a6764bfa" executionId="fbc8f402-d5ae-419b-931e-4db07ecf0002" testListId="8c84fa94-04c1-424b-9868-57a2d4851a1d" />
    <TestEntry testId="2bcd7df0-1c87-38fa-55ef-8d863dabdad3" executionId="e1a2f1c2-6dbe-45de-b05d-8ff1ad424f35" testListId="8c84fa94-04c1-424b-9868-57a2d4851a1d" />
    <TestEntry testId="33417da9-8ad8-c514-6a49-2878692f6493" executionId="a347862f-d9c1-42b2-9246-45734632b58d" testListId="8c84fa94-04c1-424b-9868-57a2d4851a1d" />
    <TestEntry testId="4a09613f-8407-92a0-3366-7fd92d6f1deb" executionId="1620e7af-2fba-41ea-a4a7-20272d42d6b2" testListId="8c84fa94-04c1-424b-9868-57a2d4851a1d" />
    <TestEntry testId="5cbb5e7b-fb40-95bb-f27d-f1404bb2aeac" executionId="bb118d8b-5fb5-4321-9105-630370738a92" testListId="8c84fa94-04c1-424b-9868-57a2d4851a1d" />
    <TestEntry testId="ae55d193-0e62-6ffd-aeff-f24e87e78031" executionId="17704f11-6160-4266-a091-a0faa33ecf88" testListId="8c84fa94-04c1-424b-9868-57a2d4851a1d" />
    <TestEntry testId="7ee1de79-7f7a-f703-68ea-2c3b2fd3b722" executionId="decbb90d-39b4-40a2-b4c3-a7248b5e8cc0" testListId="8c84fa94-04c1-424b-9868-57a2d4851a1d" />
    <TestEntry testId="d145e104-c896-8096-9b86-5654a16871b5" executionId="1aea58ff-6ebb-45e2-b6a2-3adc7be425ad" testListId="8c84fa94-04c1-424b-9868-57a2d4851a1d" />
    <TestEntry testId="02b60c0f-fc89-23e4-e4da-208fe359b5d9" executionId="ef020124-e26d-43b1-9406-49dd86b01bb9" testListId="8c84fa94-04c1-424b-9868-57a2d4851a1d" />
    <TestEntry testId="0bdbc067-abaa-25d9-5c3e-c9afc1940448" executionId="c10f5033-cbf5-4217-a23d-6f9116b9e28f" testListId="8c84fa94-04c1-424b-9868-57a2d4851a1d" />
    <TestEntry testId="a499118d-35ef-b266-7ef2-2ca0b387f1f0" executionId="9b1f5241-aa2f-4ddb-a08e-e41305e67ee3" testListId="8c84fa94-04c1-424b-9868-57a2d4851a1d" />
    <TestEntry testId="8af5dfa4-e1b3-e2c1-2223-e9c384460b66" executionId="29203a61-8035-4b42-aae9-93c3e30ee467" testListId="8c84fa94-04c1-424b-9868-57a2d4851a1d" />
    <TestEntry testId="d912c71e-c0da-011d-4acc-894e7ac626a1" executionId="fd18e23f-8fd0-49db-bf30-b02c3931c753" testListId="8c84fa94-04c1-424b-9868-57a2d4851a1d" />
    <TestEntry testId="cfb45ea1-0455-f35b-459c-d61aa55af545" executionId="a50058f8-ced1-46f1-bdb0-5c1b53fdd25c" testListId="8c84fa94-04c1-424b-9868-57a2d4851a1d" />
    <TestEntry testId="9b299d22-ca60-cce0-4e1f-29a17d2b8ee7" executionId="5916e47e-a954-457a-aa3e-75ba63d7a50c" testListId="8c84fa94-04c1-424b-9868-57a2d4851a1d" />
    <TestEntry testId="b6ada097-7460-8090-7f47-b66e5f775b3c" executionId="ab535a57-cd4f-4747-b6df-73380b0ae590" testListId="8c84fa94-04c1-424b-9868-57a2d4851a1d" />
    <TestEntry testId="ba8a1963-a8aa-87ab-8cf5-8039aaa8b1ec" executionId="0e43b1de-f168-4281-aeee-3823797532cf" testListId="8c84fa94-04c1-424b-9868-57a2d4851a1d" />
    <TestEntry testId="923a054c-7a41-a6c0-9550-1aabab7edebe" executionId="b015a332-f991-4961-91ec-d9d7d181a2fb" testListId="8c84fa94-04c1-424b-9868-57a2d4851a1d" />
    <TestEntry testId="3893f2d5-e205-741a-87c5-ab8b5960c341" executionId="97371cb1-1133-45bc-93da-966645bf61ba" testListId="8c84fa94-04c1-424b-9868-57a2d4851a1d" />
    <TestEntry testId="14909b23-ea85-673c-9740-06a78103c898" executionId="cf1e23b2-2f1f-4527-ba0e-9da8ed5fcb13" testListId="8c84fa94-04c1-424b-9868-57a2d4851a1d" />
    <TestEntry testId="89052bd8-840c-206d-9e34-5dfd0fe6eff1" executionId="08694bd9-5e8f-4786-8493-fe6e52179347" testListId="8c84fa94-04c1-424b-9868-57a2d4851a1d" />
    <TestEntry testId="4accbf98-8be0-6a8c-54ca-e3b30a805ce7" executionId="2ca18d65-3989-4d9f-9c3f-3d2824424ded" testListId="8c84fa94-04c1-424b-9868-57a2d4851a1d" />
    <TestEntry testId="9cbfbcb0-332e-6532-6b5f-4a3268f1cc19" executionId="82961da8-9ce2-48b1-94c2-5f3107d21b59" testListId="8c84fa94-04c1-424b-9868-57a2d4851a1d" />
    <TestEntry testId="2788e7fe-8518-3dce-4bab-c40969b86930" executionId="eb88d4c6-e91e-444c-8724-19ed542c9f2d" testListId="8c84fa94-04c1-424b-9868-57a2d4851a1d" />
    <TestEntry testId="f931501c-4807-9aff-d0ed-8cd7305596fe" executionId="f9f37690-f680-48bc-b421-02cfebed7426" testListId="8c84fa94-04c1-424b-9868-57a2d4851a1d" />
    <TestEntry testId="3aedff16-e8c8-2c6b-b464-8bea77ab2e19" executionId="c7b01ff4-a428-44b3-aa7b-2f7f253d17cf" testListId="8c84fa94-04c1-424b-9868-57a2d4851a1d" />
    <TestEntry testId="0feec42a-f2c1-03f6-0be3-6c48c01af5ba" executionId="02a1f8b4-b993-4bb4-bfbe-8cbd27b7c632" testListId="8c84fa94-04c1-424b-9868-57a2d4851a1d" />
    <TestEntry testId="c3596006-724a-70dc-555a-d680a0ad8142" executionId="e4e4433d-5a80-4e64-9c68-0300ffc7dd99" testListId="8c84fa94-04c1-424b-9868-57a2d4851a1d" />
    <TestEntry testId="6d362d99-5767-d5fe-b451-043dbe90ec01" executionId="12897d97-41a5-4620-9d7c-72b99a1fa7c2" testListId="8c84fa94-04c1-424b-9868-57a2d4851a1d" />
    <TestEntry testId="b033031b-d2ed-6e6b-9559-ae584836ec79" executionId="406e5bf7-2c7e-451e-9572-8efe1d4634a4" testListId="8c84fa94-04c1-424b-9868-57a2d4851a1d" />
    <TestEntry testId="b998ae54-7708-cc6c-f061-d7ae11f670af" executionId="745a3a4e-2363-4cd7-a8c1-c1b6f102deda" testListId="8c84fa94-04c1-424b-9868-57a2d4851a1d" />
    <TestEntry testId="60cdcb6c-1ef0-d407-72f5-02310833db16" executionId="53851476-c3a6-4995-9482-f5cf3e917fa0" testListId="8c84fa94-04c1-424b-9868-57a2d4851a1d" />
    <TestEntry testId="afe30091-8913-e04e-6aa4-a530d1b1b039" executionId="e59853c1-533d-48a3-b82c-163cd2e6f7c4" testListId="8c84fa94-04c1-424b-9868-57a2d4851a1d" />
    <TestEntry testId="1339fa88-0b32-721b-237e-2d3d86ed2056" executionId="7dacaef3-aff8-4baa-9533-454050fb7473" testListId="8c84fa94-04c1-424b-9868-57a2d4851a1d" />
    <TestEntry testId="f73c12d7-3a66-6817-32b0-9a03bad1db4e" executionId="d5879b46-2010-4b00-a11a-a6c2c89b470c" testListId="8c84fa94-04c1-424b-9868-57a2d4851a1d" />
    <TestEntry testId="b50d08d6-71f6-7129-9121-e1241e00d3da" executionId="5c6a679e-c970-4b2c-ab2b-670c8a3b6149" testListId="8c84fa94-04c1-424b-9868-57a2d4851a1d" />
    <TestEntry testId="e0a5dc7d-f0b5-018a-b800-812e99ab8728" executionId="7e56b17b-f916-46f9-b42a-6ec003669591" testListId="8c84fa94-04c1-424b-9868-57a2d4851a1d" />
    <TestEntry testId="f2e0dab7-8720-c077-45c9-a980b4d25ec1" executionId="f562729d-940c-4c46-8cff-ea073cf79403" testListId="8c84fa94-04c1-424b-9868-57a2d4851a1d" />
    <TestEntry testId="96e09641-e6ee-6ecd-d67d-7729bd2f4057" executionId="18e3c0af-3eca-42b6-a96b-85a715efd4a9" testListId="8c84fa94-04c1-424b-9868-57a2d4851a1d" />
    <TestEntry testId="5e445673-c136-e2e8-73ef-d1a78293d9cf" executionId="1eaa4bc7-63d3-4d54-99a1-7ffdbb15c950" testListId="8c84fa94-04c1-424b-9868-57a2d4851a1d" />
    <TestEntry testId="42f98bb0-87b1-6dda-dbd7-4e2183c6e1fc" executionId="a7c02d5b-9945-4b2e-9b92-e755490f05f2" testListId="8c84fa94-04c1-424b-9868-57a2d4851a1d" />
    <TestEntry testId="7db2cd71-ae38-529c-5001-03a47304d2fc" executionId="e3bf69b6-1cca-4efb-96cb-f98ad602b612" testListId="8c84fa94-04c1-424b-9868-57a2d4851a1d" />
    <TestEntry testId="de1ec09d-41b0-176f-d8c5-04aac229e635" executionId="9d4c363b-7b7e-437d-a4a4-7ac08998c373" testListId="8c84fa94-04c1-424b-9868-57a2d4851a1d" />
    <TestEntry testId="605c7227-cd09-8947-873a-f25cb5e2e230" executionId="2dc3c2c7-0d86-4c4f-b4ad-597d5972746a" testListId="8c84fa94-04c1-424b-9868-57a2d4851a1d" />
    <TestEntry testId="f7002b4f-d864-47aa-bd8d-bbb9b326c53b" executionId="401dc662-d157-48c1-8059-d1fa3f423b9b" testListId="8c84fa94-04c1-424b-9868-57a2d4851a1d" />
    <TestEntry testId="525a0ceb-2643-c82c-ce34-27d7b53036ae" executionId="6a4ac8de-a167-49f3-902f-20375ca68af0" testListId="8c84fa94-04c1-424b-9868-57a2d4851a1d" />
    <TestEntry testId="474ab277-6c31-1153-3cae-5919c48855fc" executionId="c7897387-2895-4cd1-a7bc-ef8b8cb8f314" testListId="8c84fa94-04c1-424b-9868-57a2d4851a1d" />
    <TestEntry testId="c5119167-542a-1fa8-3eab-4faee8345c63" executionId="5f470b6b-befd-436d-8c7c-f38a5fba9b28" testListId="8c84fa94-04c1-424b-9868-57a2d4851a1d" />
    <TestEntry testId="70547f77-458a-63de-9062-b70bfff6226b" executionId="00cc874d-f30d-49f3-b862-461fd6386160" testListId="8c84fa94-04c1-424b-9868-57a2d4851a1d" />
    <TestEntry testId="084a1959-8047-5a3c-1797-f2f918e6b829" executionId="9d9bcc61-07f1-4d2b-a034-cc2174528a6c" testListId="8c84fa94-04c1-424b-9868-57a2d4851a1d" />
    <TestEntry testId="74b8f0dd-7923-258a-ffad-061810c2392a" executionId="9cd0258e-f314-4df7-9e6f-4628afffef90" testListId="8c84fa94-04c1-424b-9868-57a2d4851a1d" />
    <TestEntry testId="53b21db6-e224-f7d6-d608-aba39e74b1f9" executionId="2a8694f3-7e36-4aef-b810-2a82cc2beee1" testListId="8c84fa94-04c1-424b-9868-57a2d4851a1d" />
    <TestEntry testId="cd0565df-9cf9-96e1-f8c8-5094c3637335" executionId="4363445f-b984-4b0a-bf28-8e6eca6f570b" testListId="8c84fa94-04c1-424b-9868-57a2d4851a1d" />
    <TestEntry testId="792bb89b-96d1-8463-29e5-370047183190" executionId="e7d098ef-5eaa-4e50-9633-52813d002714" testListId="8c84fa94-04c1-424b-9868-57a2d4851a1d" />
    <TestEntry testId="02585d25-8458-a2d5-1a37-f8fdbb03b7f5" executionId="0794d73c-96c2-42b7-a0a0-a5ebe7e6c836" testListId="8c84fa94-04c1-424b-9868-57a2d4851a1d" />
    <TestEntry testId="23023931-38f4-b11a-6912-c7fb16e03400" executionId="a2b82308-10a1-4705-819b-f9c68be6a6be" testListId="8c84fa94-04c1-424b-9868-57a2d4851a1d" />
    <TestEntry testId="5101038b-8cb6-f6fb-5eaf-1a6d1899d07c" executionId="d6b8a205-1dad-4dd8-b8f2-08a0375a3742" testListId="8c84fa94-04c1-424b-9868-57a2d4851a1d" />
    <TestEntry testId="233d0fdf-b96e-c746-7787-2e5bd7a693cf" executionId="4bb2c824-f226-4a16-8277-cc2964265718" testListId="8c84fa94-04c1-424b-9868-57a2d4851a1d" />
    <TestEntry testId="47852fed-83ae-1d24-4e2e-3671e83b43ea" executionId="c7fcd504-7392-4ffd-866f-8816b1d84c2d" testListId="8c84fa94-04c1-424b-9868-57a2d4851a1d" />
    <TestEntry testId="caf07dda-c82a-a2ab-15ae-7948fd8f2eac" executionId="8267587c-4d71-4785-a593-c4ad232366a4" testListId="8c84fa94-04c1-424b-9868-57a2d4851a1d" />
    <TestEntry testId="725b1a44-1c80-b986-7899-a1c8412519ba" executionId="d7d5f509-5840-4c49-8229-6a8e796fdc5f" testListId="8c84fa94-04c1-424b-9868-57a2d4851a1d" />
    <TestEntry testId="b430ccc2-f0c5-c511-ce30-e28beedbc8f3" executionId="421eb1fe-6a4d-4aec-80ec-5ceee966a93c" testListId="8c84fa94-04c1-424b-9868-57a2d4851a1d" />
    <TestEntry testId="625d3001-dabd-c167-d3b1-1fc17d819842" executionId="1e68d213-8925-4309-9970-619f5e0bb0e9" testListId="8c84fa94-04c1-424b-9868-57a2d4851a1d" />
    <TestEntry testId="2c393128-1d31-941d-fd39-4346e6775750" executionId="a67c0028-c485-406d-b0bf-df182e77c2ef" testListId="8c84fa94-04c1-424b-9868-57a2d4851a1d" />
    <TestEntry testId="0c1131d6-ea34-9cb2-b6c6-1fc76226faa0" executionId="1ea674b8-56da-49fa-937d-0ced3eca86f5" testListId="8c84fa94-04c1-424b-9868-57a2d4851a1d" />
    <TestEntry testId="717d97e0-0717-e53f-b90c-82a677769740" executionId="2f610c07-999c-400b-a528-85c5ac786faf" testListId="8c84fa94-04c1-424b-9868-57a2d4851a1d" />
    <TestEntry testId="2997dccb-198f-1bc8-7ae5-b9bd3bac6ede" executionId="039ec6cc-89ce-4e6c-9264-26470b3cb693" testListId="8c84fa94-04c1-424b-9868-57a2d4851a1d" />
    <TestEntry testId="cd765419-3042-e952-affd-c5b3ad771e2f" executionId="f23e611d-05ee-4831-ba60-a6b6b03e27d9" testListId="8c84fa94-04c1-424b-9868-57a2d4851a1d" />
    <TestEntry testId="602dad3a-74b2-00a2-c766-bf018691774e" executionId="2bcfc077-6a5e-4280-abe5-3142a0474f20" testListId="8c84fa94-04c1-424b-9868-57a2d4851a1d" />
    <TestEntry testId="85472a76-c230-1b30-15bd-9370937ca35c" executionId="90970259-31c2-4bb6-a2b3-4e36fc268f79" testListId="8c84fa94-04c1-424b-9868-57a2d4851a1d" />
    <TestEntry testId="4653b7c6-3ebe-3e0e-638f-06af9c964104" executionId="ccb24e5a-f5e7-4846-9f9c-25a63580758b" testListId="8c84fa94-04c1-424b-9868-57a2d4851a1d" />
    <TestEntry testId="ad222203-2d97-008d-8192-c303782b71d9" executionId="792f6687-51e0-4919-b9b4-65479846f852" testListId="8c84fa94-04c1-424b-9868-57a2d4851a1d" />
    <TestEntry testId="d352b845-0562-d484-a9c2-e1d9ec7a0e8d" executionId="993218a1-5e4a-44d4-9416-a91802a0b5f1" testListId="8c84fa94-04c1-424b-9868-57a2d4851a1d" />
    <TestEntry testId="d1aaafe4-c45e-e813-7997-4050f51e88b0" executionId="f211766d-a2e3-41f4-ab66-d2362247c9ea" testListId="8c84fa94-04c1-424b-9868-57a2d4851a1d" />
    <TestEntry testId="ed284060-a35c-6f19-4262-5d0872a2c20a" executionId="52d0277a-4cd8-4408-a20a-6df6a3078355" testListId="8c84fa94-04c1-424b-9868-57a2d4851a1d" />
    <TestEntry testId="337e6e67-5e25-24a0-2f7a-5be02097febb" executionId="7320511f-c678-41f0-81f5-17b539dbcff1" testListId="8c84fa94-04c1-424b-9868-57a2d4851a1d" />
    <TestEntry testId="19142c5a-2ebe-abda-bc7d-b185f6756200" executionId="a6fccbbf-e7ec-456f-8a0f-129b967268db" testListId="8c84fa94-04c1-424b-9868-57a2d4851a1d" />
    <TestEntry testId="4eb11ecf-1ec2-e871-0d3d-b6edf15574a8" executionId="e0f7b0cf-af0c-4193-ab74-d464ed771fb3" testListId="8c84fa94-04c1-424b-9868-57a2d4851a1d" />
    <TestEntry testId="91e99c22-18c5-1f77-6ea4-73a281b24478" executionId="cce7b76d-ab71-4c06-9777-e8a90d95d1ab" testListId="8c84fa94-04c1-424b-9868-57a2d4851a1d" />
    <TestEntry testId="4cb7af30-0ec6-dbea-04bc-6d71d17c03ed" executionId="7c8d8111-1b1f-41e5-b2e0-bfd097ef0447" testListId="8c84fa94-04c1-424b-9868-57a2d4851a1d" />
    <TestEntry testId="6b8858ed-d5a4-a587-1075-9d783af2956e" executionId="f77acc56-5eee-4e23-a965-f2d7c957abdb" testListId="8c84fa94-04c1-424b-9868-57a2d4851a1d" />
    <TestEntry testId="675ad30a-8fb4-d768-7635-64655b88916d" executionId="6c4e6ef4-6424-4a5d-a8be-396823a3a0cd" testListId="8c84fa94-04c1-424b-9868-57a2d4851a1d" />
    <TestEntry testId="8a0cab33-6b5e-391e-95f0-395755847c75" executionId="b4311da9-5f06-4af2-9f7b-28a0f43ae7f8" testListId="8c84fa94-04c1-424b-9868-57a2d4851a1d" />
    <TestEntry testId="01207061-8f43-c08b-6323-fb99c1287977" executionId="7f38696f-d219-475d-adc0-bdbd233d1fae" testListId="8c84fa94-04c1-424b-9868-57a2d4851a1d" />
    <TestEntry testId="847a0fa3-5d84-62ca-d516-b826e9ef6eea" executionId="eb169bd4-97a9-47fa-9477-dde05d45ce77" testListId="8c84fa94-04c1-424b-9868-57a2d4851a1d" />
    <TestEntry testId="bae4bf30-d54e-365b-115e-dae023a4a64c" executionId="c4c24732-42f9-4d17-a2e7-8542a4fce132" testListId="8c84fa94-04c1-424b-9868-57a2d4851a1d" />
    <TestEntry testId="ba9cbe70-78a2-d0cf-a0ca-839ed4c4f6b6" executionId="6ff246f7-0938-45bb-92af-cf6816e45007" testListId="8c84fa94-04c1-424b-9868-57a2d4851a1d" />
    <TestEntry testId="33161afd-3ba3-7050-b47f-26743b6b39b2" executionId="ed87d1cf-e8d8-4552-a642-cfdbe9732840" testListId="8c84fa94-04c1-424b-9868-57a2d4851a1d" />
    <TestEntry testId="ba3709cd-bff8-1868-8ed0-d189a988c77a" executionId="0a797f48-cec1-424d-a76e-e451e54e841c" testListId="8c84fa94-04c1-424b-9868-57a2d4851a1d" />
    <TestEntry testId="73af6511-ffa7-e421-18c8-fb52dd1ac962" executionId="532aa044-16d3-4da8-a4d5-7edc3c5418c5" testListId="8c84fa94-04c1-424b-9868-57a2d4851a1d" />
    <TestEntry testId="9b349d1e-59f1-1793-88c8-8b103663b95b" executionId="7214b829-ba66-44b5-9dfa-90c671de465a" testListId="8c84fa94-04c1-424b-9868-57a2d4851a1d" />
    <TestEntry testId="18f2e0ff-08b6-90e9-c532-279cd8938e8a" executionId="3f964dde-7755-4e3d-a958-0cbc55b9e13f" testListId="8c84fa94-04c1-424b-9868-57a2d4851a1d" />
    <TestEntry testId="76475f82-6057-6afc-d296-0cfcc3f30681" executionId="57e7f2f3-240b-4e59-b002-b467fb277bdf" testListId="8c84fa94-04c1-424b-9868-57a2d4851a1d" />
    <TestEntry testId="742b2523-e5f6-be7c-a475-4a45a0ba3c3d" executionId="24875eb9-b308-4c7b-8edc-a5503b273e83" testListId="8c84fa94-04c1-424b-9868-57a2d4851a1d" />
    <TestEntry testId="1c05d64a-8908-e7fc-26cc-a3403a01b18a" executionId="4ab88c76-abe1-4c87-93dc-b8a87f592ec9" testListId="8c84fa94-04c1-424b-9868-57a2d4851a1d" />
    <TestEntry testId="e216f40a-3ef3-72ab-2a84-255bbe39f29c" executionId="10bfe521-ec64-4b29-8fb8-4d91bc669d18" testListId="8c84fa94-04c1-424b-9868-57a2d4851a1d" />
    <TestEntry testId="93976be4-fb9f-5da8-5ace-0c4cfb0b5d69" executionId="75b74a54-db9e-43fe-9073-840cab9a440a" testListId="8c84fa94-04c1-424b-9868-57a2d4851a1d" />
    <TestEntry testId="b3d637c9-653b-29f4-ad27-bed26a092caa" executionId="46329cdf-bee4-46c3-a61d-0f4a93130b40" testListId="8c84fa94-04c1-424b-9868-57a2d4851a1d" />
    <TestEntry testId="37efe3a0-8dfb-2c87-4cda-e6528220711e" executionId="59a620f2-1003-4df2-b8ab-61963062d223" testListId="8c84fa94-04c1-424b-9868-57a2d4851a1d" />
    <TestEntry testId="7f4a48c1-c1cd-a9cc-4967-4f5efa43ecff" executionId="39a97bbe-f121-4a2a-bcdd-98d1df5c2485" testListId="8c84fa94-04c1-424b-9868-57a2d4851a1d" />
    <TestEntry testId="7ff7f968-b0ad-f135-b857-9bd7a80a7784" executionId="9a07dd77-812c-4a37-afd6-e5ccb258eda6" testListId="8c84fa94-04c1-424b-9868-57a2d4851a1d" />
    <TestEntry testId="3cee368f-183c-fbf3-e826-ddde295875d1" executionId="6b06ab1f-f7d3-46e6-a7e8-1bb4ff104261" testListId="8c84fa94-04c1-424b-9868-57a2d4851a1d" />
    <TestEntry testId="b45094a2-1a27-9c40-2145-2594e3d53bf7" executionId="8469f0cc-70d7-403a-a76c-0f3672547e18" testListId="8c84fa94-04c1-424b-9868-57a2d4851a1d" />
    <TestEntry testId="8aee07f8-0ffc-3a99-ff2a-0d2135720078" executionId="dfa44907-1229-4ecd-a643-2c77ab68aa8e" testListId="8c84fa94-04c1-424b-9868-57a2d4851a1d" />
    <TestEntry testId="6988510d-a911-d638-19bd-184f4d9fb6ed" executionId="f1b64b65-447c-4196-b376-0ea0a4ba5de7" testListId="8c84fa94-04c1-424b-9868-57a2d4851a1d" />
    <TestEntry testId="87c335b7-4df9-087f-f6af-fdf355539dd5" executionId="ba13974c-9a89-4aab-ba8b-1a6d504f27ff" testListId="8c84fa94-04c1-424b-9868-57a2d4851a1d" />
    <TestEntry testId="83766445-a8c7-e226-abda-1f8cd622b1fb" executionId="5118d7ab-f567-45b3-843b-4561a3ef0900" testListId="8c84fa94-04c1-424b-9868-57a2d4851a1d" />
    <TestEntry testId="290c1c4d-f869-be83-3d83-57c43f3d21d3" executionId="994cacc6-b347-467d-9314-4bb18a9db8c8" testListId="8c84fa94-04c1-424b-9868-57a2d4851a1d" />
    <TestEntry testId="12ba242a-cb08-e6d9-42ab-57ccd344bd09" executionId="15ccd5fd-b664-45c1-a5a8-98db7955d0dc" testListId="8c84fa94-04c1-424b-9868-57a2d4851a1d" />
    <TestEntry testId="0ca2bb88-f51e-6212-60c1-db4f837b05e7" executionId="73a423b0-70e8-4de0-a2dd-a61331766389" testListId="8c84fa94-04c1-424b-9868-57a2d4851a1d" />
    <TestEntry testId="c842dd6f-3642-d5da-f0c5-0b178afcc5f4" executionId="d2453ab5-106e-4880-ae07-8aae28cc8ace" testListId="8c84fa94-04c1-424b-9868-57a2d4851a1d" />
    <TestEntry testId="da5ac089-d6b1-ac16-b168-df80354fb9b1" executionId="c16268f3-d32b-4671-a030-4a06c91901bf" testListId="8c84fa94-04c1-424b-9868-57a2d4851a1d" />
    <TestEntry testId="78b8ac37-5b0d-e46e-1979-1f2241bc11e3" executionId="696203c4-06e2-4d58-816d-a5d02e78bb85" testListId="8c84fa94-04c1-424b-9868-57a2d4851a1d" />
    <TestEntry testId="6383d062-2257-001d-5c0b-9ab1d5dea930" executionId="77894b90-6a84-4aa2-a92a-85240f229411" testListId="8c84fa94-04c1-424b-9868-57a2d4851a1d" />
    <TestEntry testId="43b03a7c-1563-d2e5-a3aa-3d3446fc2f53" executionId="bf414645-c62a-462f-bdb9-cbbff9ba05d3" testListId="8c84fa94-04c1-424b-9868-57a2d4851a1d" />
    <TestEntry testId="03fbd361-21dd-8b35-c21d-93999af074c1" executionId="9ae65b81-e800-44f0-b7eb-839be4c89c84" testListId="8c84fa94-04c1-424b-9868-57a2d4851a1d" />
    <TestEntry testId="8dd4c6be-6672-6382-3a15-cdd3ce637c69" executionId="8a3d1a3a-e60d-447b-bc21-4270d31f5639" testListId="8c84fa94-04c1-424b-9868-57a2d4851a1d" />
    <TestEntry testId="fc7c706d-5fa1-656a-c15a-a66e34e1aeda" executionId="a4cc4892-e73f-4d95-adb2-83e8f840ca1b" testListId="8c84fa94-04c1-424b-9868-57a2d4851a1d" />
    <TestEntry testId="58114127-3d07-75a5-3479-5709c3808709" executionId="b7de91d1-1a28-4d41-859d-47be0876fd95" testListId="8c84fa94-04c1-424b-9868-57a2d4851a1d" />
    <TestEntry testId="a66ac296-b042-4c15-5b42-8c32ecdc27df" executionId="b6f41e9f-1abc-4207-a7a7-af133f133422" testListId="8c84fa94-04c1-424b-9868-57a2d4851a1d" />
    <TestEntry testId="8f2d0c8a-421c-a1aa-d68f-9f276a99c0be" executionId="52cc0f21-f39e-4f15-99ba-c31970021c2d" testListId="8c84fa94-04c1-424b-9868-57a2d4851a1d" />
    <TestEntry testId="574bdbf5-993a-f8a9-1f26-6120b176cc3a" executionId="a87ef432-07db-4510-9832-9ba04b7717c1" testListId="8c84fa94-04c1-424b-9868-57a2d4851a1d" />
    <TestEntry testId="a5d60cd1-f71a-58c1-12cf-0fb8e7f4031f" executionId="77e5d7ed-48a7-426a-a9ac-82e01c6e952e" testListId="8c84fa94-04c1-424b-9868-57a2d4851a1d" />
    <TestEntry testId="beaefab0-f0d9-309a-799d-baac55390a2c" executionId="92996642-a0ed-4dc4-9c24-327183b5f8fa" testListId="8c84fa94-04c1-424b-9868-57a2d4851a1d" />
    <TestEntry testId="ad601ddf-dc98-e045-4ff8-ebd544618780" executionId="8a012e30-bf22-4bc8-a3d5-e8a6206fdac4" testListId="8c84fa94-04c1-424b-9868-57a2d4851a1d" />
    <TestEntry testId="7808dfd1-81fa-af9f-a555-e25cdb73eaf5" executionId="f8e9024a-a946-4757-be9c-d37b8d50ff90" testListId="8c84fa94-04c1-424b-9868-57a2d4851a1d" />
    <TestEntry testId="4821854b-98d2-c5d1-adfd-f798142d808d" executionId="09931f6d-497a-485c-bcc6-8bd16d7729fb" testListId="8c84fa94-04c1-424b-9868-57a2d4851a1d" />
    <TestEntry testId="42b950d9-5524-6cbf-d2c0-fc098b9ef0e3" executionId="170a136d-d06d-4a53-b4da-01b01238f695" testListId="8c84fa94-04c1-424b-9868-57a2d4851a1d" />
    <TestEntry testId="1255307f-f6e6-fe6a-996c-4e1d632a87c8" executionId="87cb7c92-342c-47f9-af89-c9c7472d3041" testListId="8c84fa94-04c1-424b-9868-57a2d4851a1d" />
    <TestEntry testId="2c0d4ab1-bc2f-a019-ec90-ef73784c0318" executionId="070c39c0-4b40-481f-b33b-6b351bdb5f6c" testListId="8c84fa94-04c1-424b-9868-57a2d4851a1d" />
    <TestEntry testId="cd24bc8c-7af7-4156-ccfb-d0768a96a6e9" executionId="4a099dfc-3de5-4db2-895d-70a0e272fc30" testListId="8c84fa94-04c1-424b-9868-57a2d4851a1d" />
    <TestEntry testId="0b9bee77-8a71-bfe6-f6b0-2ea6fac8fdab" executionId="5c58419e-b505-40d5-8721-4f9318a2ce06" testListId="8c84fa94-04c1-424b-9868-57a2d4851a1d" />
    <TestEntry testId="eb7c6e32-ac7c-6c90-89b5-7243ed2764b5" executionId="fc0c74e6-6a5a-492e-a42d-627d997446d0" testListId="8c84fa94-04c1-424b-9868-57a2d4851a1d" />
    <TestEntry testId="946220f3-0b91-ce52-0cf4-1abc839b9c49" executionId="a356b452-5d75-477a-9725-e35692299470" testListId="8c84fa94-04c1-424b-9868-57a2d4851a1d" />
    <TestEntry testId="2882027e-041e-a679-2d37-4dcacb6db3a2" executionId="9060eccd-a8f6-4a91-92eb-c1b3f7095727" testListId="8c84fa94-04c1-424b-9868-57a2d4851a1d" />
    <TestEntry testId="3a682f18-26a1-d56a-236e-9d390c192554" executionId="da400b1f-c1b3-428e-872d-910716b8f0a2" testListId="8c84fa94-04c1-424b-9868-57a2d4851a1d" />
    <TestEntry testId="003c62e7-b18c-96f0-42e4-4ea746a77e7a" executionId="a75613ee-0ed3-4376-8e58-3a6054477acd" testListId="8c84fa94-04c1-424b-9868-57a2d4851a1d" />
    <TestEntry testId="5298f2b0-a76e-0047-fca1-2bb894514586" executionId="03245dd2-6599-4b3f-a006-f406881fdbde" testListId="8c84fa94-04c1-424b-9868-57a2d4851a1d" />
    <TestEntry testId="0fa0b296-825d-51eb-b99d-20cf04cf2923" executionId="646c7b76-14b4-46ac-9c2e-eff8db5bb27c" testListId="8c84fa94-04c1-424b-9868-57a2d4851a1d" />
    <TestEntry testId="925bd70a-d73a-acfc-ef5a-67d128bee0e3" executionId="4333e33d-76fe-42c8-9a75-807ed5c07bae" testListId="8c84fa94-04c1-424b-9868-57a2d4851a1d" />
    <TestEntry testId="64d1fcf6-1816-7581-4aa9-1d502df8a159" executionId="bcedcd72-ef59-498e-9267-df688bf827c8" testListId="8c84fa94-04c1-424b-9868-57a2d4851a1d" />
    <TestEntry testId="e20374bf-d2a7-0e47-aed0-8de3d57cd71b" executionId="b27f07ee-3f28-400b-9139-a23f54de8248" testListId="8c84fa94-04c1-424b-9868-57a2d4851a1d" />
    <TestEntry testId="cee26123-49aa-6fac-4ae3-2815b6fb9ae4" executionId="1d5c6844-916b-4f62-9c4c-be4a9ac92954" testListId="8c84fa94-04c1-424b-9868-57a2d4851a1d" />
    <TestEntry testId="be0eb634-b279-9225-c95c-0378f64000ea" executionId="8f0e5248-d0f2-490a-b479-53b9737ddbb0" testListId="8c84fa94-04c1-424b-9868-57a2d4851a1d" />
    <TestEntry testId="c2bc2338-ba6c-6ec3-0f79-f9d4777b7cff" executionId="d8d2ee25-8598-4e08-b4f2-2672976086f9" testListId="8c84fa94-04c1-424b-9868-57a2d4851a1d" />
    <TestEntry testId="0deed21f-fe9d-aba5-7fa5-ad0d36156ef0" executionId="6e82afd7-3ced-4c5f-899a-28485be15eed" testListId="8c84fa94-04c1-424b-9868-57a2d4851a1d" />
    <TestEntry testId="fcf15a82-da49-9157-48f3-b2714a89a09a" executionId="582224b9-9e15-43f0-88fd-3a38ab38d60b" testListId="8c84fa94-04c1-424b-9868-57a2d4851a1d" />
    <TestEntry testId="69b0a1eb-cc0a-0925-ce77-fdd05c6f8307" executionId="965c2002-d230-4234-80c7-32236446191f" testListId="8c84fa94-04c1-424b-9868-57a2d4851a1d" />
    <TestEntry testId="0e1ecbc3-3cb2-c334-5b60-0347f5b8c7b9" executionId="5c5ba10b-7ff6-45ea-845f-30d28dc0736a" testListId="8c84fa94-04c1-424b-9868-57a2d4851a1d" />
    <TestEntry testId="e081e107-ad63-5f08-6c9c-789101f1b674" executionId="7dbedbfe-8e0b-429e-a7e5-d70d773dfd4c" testListId="8c84fa94-04c1-424b-9868-57a2d4851a1d" />
    <TestEntry testId="e0fb9a6b-01f1-3864-c35f-18601f8da5ad" executionId="9c3ae0a7-5cb1-4dec-aac7-b1853496f0a3" testListId="8c84fa94-04c1-424b-9868-57a2d4851a1d" />
    <TestEntry testId="2c3b6d43-914d-89f9-d968-9dc41500934d" executionId="9dc87cea-161e-40de-99c5-864a853c7216" testListId="8c84fa94-04c1-424b-9868-57a2d4851a1d" />
    <TestEntry testId="40deb7ff-fb1f-6dc1-4bf4-d75d301bc388" executionId="cdb6d405-6b6f-4ccd-8fe3-4df1c38162c1" testListId="8c84fa94-04c1-424b-9868-57a2d4851a1d" />
    <TestEntry testId="0425d33d-d313-8cac-6e0d-c9f04bddf17e" executionId="042343cd-d480-431f-a024-9f2c3fcc8c55" testListId="8c84fa94-04c1-424b-9868-57a2d4851a1d" />
    <TestEntry testId="cbbcca8f-5271-ca8f-3c1b-e04f325bdc3a" executionId="9b8629d6-8259-4977-98b8-e30fca483dfd" testListId="8c84fa94-04c1-424b-9868-57a2d4851a1d" />
    <TestEntry testId="ed6a8ebe-05df-d8e5-8165-942c8c8d649e" executionId="b6799263-941f-4795-91ec-e75b81b5a979" testListId="8c84fa94-04c1-424b-9868-57a2d4851a1d" />
    <TestEntry testId="ff8394a5-3fa7-aa82-b857-5a2b03a436fa" executionId="2ac019b3-7a50-4506-9b3e-9ae636924de8" testListId="8c84fa94-04c1-424b-9868-57a2d4851a1d" />
    <TestEntry testId="53bbb306-80cf-c04b-03aa-34af40311de5" executionId="466a640e-ac15-4ae0-b9cd-12086634f9d7" testListId="8c84fa94-04c1-424b-9868-57a2d4851a1d" />
    <TestEntry testId="8a388acf-f7fd-de6d-2f58-08233d5e329e" executionId="9a6126d5-5ce1-40e3-b178-1a8df0ea3c90" testListId="8c84fa94-04c1-424b-9868-57a2d4851a1d" />
    <TestEntry testId="2f005d6d-6581-5add-cbe5-a21932b65de9" executionId="ca59776c-fcb5-4543-bf96-02926f8fe565" testListId="8c84fa94-04c1-424b-9868-57a2d4851a1d" />
    <TestEntry testId="9f055cc4-e575-fd12-de79-f6a729207849" executionId="afd3c84a-0c7a-473f-8cd9-4a02f5c51b49" testListId="8c84fa94-04c1-424b-9868-57a2d4851a1d" />
    <TestEntry testId="b8fe7c92-8c17-e5ef-3b8a-907bb082536b" executionId="218cff2b-c619-45e4-bc97-f7bccf9b3152" testListId="8c84fa94-04c1-424b-9868-57a2d4851a1d" />
    <TestEntry testId="ac2f0cd3-1613-01c4-f809-9254f5ae3457" executionId="165bf703-18a3-4975-a485-440fb1cf88f9" testListId="8c84fa94-04c1-424b-9868-57a2d4851a1d" />
    <TestEntry testId="61bd2a93-8cfd-2596-ac4e-6755cde8791e" executionId="814171d5-c77e-4639-9470-157dac74cd44" testListId="8c84fa94-04c1-424b-9868-57a2d4851a1d" />
    <TestEntry testId="a10dfdfa-1693-7f2d-5dcd-e1b851bdafbf" executionId="cb66b2ac-29ca-4bc6-96fd-cc7f0c6cb7de" testListId="8c84fa94-04c1-424b-9868-57a2d4851a1d" />
    <TestEntry testId="0310679b-97d1-3985-df48-7100e36612f8" executionId="6630ce5f-dd89-46b5-8314-17e5cf43ce06" testListId="8c84fa94-04c1-424b-9868-57a2d4851a1d" />
    <TestEntry testId="68ec20e4-a52b-416a-af79-b921d11ca318" executionId="4e547704-32a2-4db1-bedc-6480bc0e2b62" testListId="8c84fa94-04c1-424b-9868-57a2d4851a1d" />
    <TestEntry testId="0996da3d-5125-1586-6301-d0ce39bfc9f0" executionId="b662547b-27b7-48b8-a730-f260b5ada327" testListId="8c84fa94-04c1-424b-9868-57a2d4851a1d" />
    <TestEntry testId="9867f707-d2cd-5e0b-65b7-7abbd2d8a3f8" executionId="fd3272e6-8699-4e30-aa15-06a53addd59c" testListId="8c84fa94-04c1-424b-9868-57a2d4851a1d" />
    <TestEntry testId="6e95ef38-6c10-c578-d203-7b7ac687fd95" executionId="1df20bf9-4a7e-47e4-86b0-55755c4e2c36" testListId="8c84fa94-04c1-424b-9868-57a2d4851a1d" />
    <TestEntry testId="aad384e0-fb1c-a4db-5b18-8de78999ea17" executionId="2dee1e3d-582e-43ba-8a54-50ac23cbf8b2" testListId="8c84fa94-04c1-424b-9868-57a2d4851a1d" />
    <TestEntry testId="cc562d4c-f488-fdcb-813b-048d832aad4a" executionId="77d21ef6-a8b2-4e84-ad19-06e22548126b" testListId="8c84fa94-04c1-424b-9868-57a2d4851a1d" />
    <TestEntry testId="344bc6e5-9c19-c772-75f8-eddf1b52a4c1" executionId="4ec7ec35-03ca-4f97-9892-e270e1155019" testListId="8c84fa94-04c1-424b-9868-57a2d4851a1d" />
    <TestEntry testId="1ae0ac54-8e7d-1642-efab-7c10333bbd4b" executionId="93c98524-c9d2-4b24-a244-dc2655697255" testListId="8c84fa94-04c1-424b-9868-57a2d4851a1d" />
    <TestEntry testId="e821b0ad-fab3-7a95-fead-f5d4e3ae6201" executionId="70ba7fdc-d1d3-4920-9246-3ad92cf01eab" testListId="8c84fa94-04c1-424b-9868-57a2d4851a1d" />
    <TestEntry testId="432d8e11-fcbb-90fc-2203-e7463fa01fff" executionId="c2c93b5e-a914-41a2-aaec-a317f025a8c4" testListId="8c84fa94-04c1-424b-9868-57a2d4851a1d" />
    <TestEntry testId="98d60fd5-f979-b04f-813a-5b4f58bff6a4" executionId="7799126e-c3df-486e-b742-6dfa1354d89b" testListId="8c84fa94-04c1-424b-9868-57a2d4851a1d" />
    <TestEntry testId="8c3be9b6-c14d-d356-a4eb-3109d2249f51" executionId="b0635441-93a9-41f5-9c24-0165d9e11ad5" testListId="8c84fa94-04c1-424b-9868-57a2d4851a1d" />
    <TestEntry testId="a390271f-9fc7-9f66-ea21-97ddf81114c3" executionId="a0c7d0d0-36e7-4a95-8bd0-26dc0a6ab56d" testListId="8c84fa94-04c1-424b-9868-57a2d4851a1d" />
    <TestEntry testId="e4995e1a-9d2e-9c42-addf-addf83d7781e" executionId="da9a8bda-7836-4408-8627-2c6980cb2fe8" testListId="8c84fa94-04c1-424b-9868-57a2d4851a1d" />
    <TestEntry testId="7e1b0d30-c3a4-f2dd-4592-e2d561a942fc" executionId="dfa89d71-86e3-48c1-8636-167fc8f3b253" testListId="8c84fa94-04c1-424b-9868-57a2d4851a1d" />
    <TestEntry testId="c4df3de5-f8fd-2494-5f7d-fc0b843fc0ca" executionId="318588cf-3210-4d12-acd4-31e3236100e3" testListId="8c84fa94-04c1-424b-9868-57a2d4851a1d" />
    <TestEntry testId="cb6aabb9-fda3-6c9d-398a-3678f99ee609" executionId="caa5be8f-d0b9-44dd-acec-64c01909853c" testListId="8c84fa94-04c1-424b-9868-57a2d4851a1d" />
    <TestEntry testId="e26a4203-5001-22a5-7812-e9bd56c9227f" executionId="e3d7f9a5-2b76-439a-bc82-d0286dd7d834" testListId="8c84fa94-04c1-424b-9868-57a2d4851a1d" />
    <TestEntry testId="f00a593d-e744-223c-d3b7-b9b8532b294d" executionId="1c2a34e6-fdd4-49af-b761-98fd3d188929" testListId="8c84fa94-04c1-424b-9868-57a2d4851a1d" />
    <TestEntry testId="c9721db4-263a-a42c-b864-143ef056e3dc" executionId="34565e01-f4fc-4377-915f-9d1465898676" testListId="8c84fa94-04c1-424b-9868-57a2d4851a1d" />
    <TestEntry testId="995ee61d-cf31-f76d-10a8-999e574d493d" executionId="0d1ba378-5897-43c4-bf2f-31df464c5f1d" testListId="8c84fa94-04c1-424b-9868-57a2d4851a1d" />
    <TestEntry testId="57cc1aeb-9d58-94a8-7948-9932f23c8c13" executionId="c0aec942-53ba-4810-9ff0-d009f8a87ba9" testListId="8c84fa94-04c1-424b-9868-57a2d4851a1d" />
    <TestEntry testId="46c2585f-49fc-0c24-0d9d-89eb0961236e" executionId="e2a3dbbf-f61f-46db-b8b4-4ffbf9858fd5" testListId="8c84fa94-04c1-424b-9868-57a2d4851a1d" />
    <TestEntry testId="b83e952d-9f82-33ae-92bb-4cfc0c2f69f0" executionId="2f0be526-082f-4f93-b5c8-918da15d8494" testListId="8c84fa94-04c1-424b-9868-57a2d4851a1d" />
    <TestEntry testId="927f5256-3f6f-80ab-f573-926e12bc02e4" executionId="a0cc3176-d0cf-4977-bf82-0f64e512a206" testListId="8c84fa94-04c1-424b-9868-57a2d4851a1d" />
    <TestEntry testId="41f8fd8b-1fd0-8f0c-2ac2-c1c1c693194e" executionId="4b2831b4-9e35-43a1-b925-94861451e947" testListId="8c84fa94-04c1-424b-9868-57a2d4851a1d" />
    <TestEntry testId="996aca1a-e8f5-5f14-2be0-84e55ef4e3cd" executionId="1550eded-fd42-4e02-9ef2-bad9397efa4f" testListId="8c84fa94-04c1-424b-9868-57a2d4851a1d" />
    <TestEntry testId="a58da31c-d6ed-4b36-a7ea-f71bea4cb061" executionId="6990d0f7-f2e7-484c-a4d9-ad9c5b8bc24a" testListId="8c84fa94-04c1-424b-9868-57a2d4851a1d" />
    <TestEntry testId="37723956-86e6-61c6-7a9b-c8c4a514efc9" executionId="3a72b56a-7356-421e-83a0-d2986f1e6da1" testListId="8c84fa94-04c1-424b-9868-57a2d4851a1d" />
    <TestEntry testId="2f1c412f-01ed-a9b4-385c-f0b57f911a2c" executionId="f989e67d-2e0b-4656-9555-6bbc5c6f33b9" testListId="8c84fa94-04c1-424b-9868-57a2d4851a1d" />
    <TestEntry testId="f5856662-c343-fb5f-dbb4-28b8dff69aff" executionId="e173d20e-a18e-4c0f-b212-af77c01caa55" testListId="8c84fa94-04c1-424b-9868-57a2d4851a1d" />
    <TestEntry testId="2186a4a8-dd5a-64b1-6125-6bc3f0007449" executionId="482c863c-ed93-4300-abd2-db613e73950b" testListId="8c84fa94-04c1-424b-9868-57a2d4851a1d" />
    <TestEntry testId="cc88493d-338f-1106-ac48-ab181894dc27" executionId="5f4b9442-2b06-4cb6-a223-d91b18bba992" testListId="8c84fa94-04c1-424b-9868-57a2d4851a1d" />
    <TestEntry testId="5c61ff5c-238c-d02c-d5b3-5af0c28df32d" executionId="4cf91d85-68ea-488c-a2d5-d1ca6ac4ad99" testListId="8c84fa94-04c1-424b-9868-57a2d4851a1d" />
    <TestEntry testId="962ad370-2719-b2eb-b557-7133a1071704" executionId="05326bf3-3758-45ce-90c2-6d4a82ab1af0" testListId="8c84fa94-04c1-424b-9868-57a2d4851a1d" />
    <TestEntry testId="6be252e4-ef90-c13b-c5f7-680d11ef5b73" executionId="6f982dba-fd2e-43cf-a868-34d34d43cc16" testListId="8c84fa94-04c1-424b-9868-57a2d4851a1d" />
    <TestEntry testId="7ba891e1-f5eb-63d5-7af3-2ab067b2d9d6" executionId="fc6c1ae8-e24b-4fff-bcc8-97ad1689496d" testListId="8c84fa94-04c1-424b-9868-57a2d4851a1d" />
    <TestEntry testId="d02a24a4-8095-9c45-f2f5-2950f96b0de8" executionId="31c7a727-4bfa-43f5-a853-e39194bcd7aa" testListId="8c84fa94-04c1-424b-9868-57a2d4851a1d" />
    <TestEntry testId="b044120d-41b9-7ebe-4823-a30189c35ed3" executionId="2283da56-fd3a-4a9a-812d-b943ca316f02" testListId="8c84fa94-04c1-424b-9868-57a2d4851a1d" />
    <TestEntry testId="a9041abb-6544-b2ae-80ca-adbdbda94a5e" executionId="ff11a281-0478-4fce-a0d7-40b3528dc519" testListId="8c84fa94-04c1-424b-9868-57a2d4851a1d" />
    <TestEntry testId="18eb9110-9414-c4d5-5992-2f524497773e" executionId="a2eb5d54-176b-449f-8c3a-c5f736d698c7" testListId="8c84fa94-04c1-424b-9868-57a2d4851a1d" />
    <TestEntry testId="882daa66-33c5-8dc3-1eb4-65400498dc59" executionId="89f59d3c-88df-4763-8785-36792626bc08" testListId="8c84fa94-04c1-424b-9868-57a2d4851a1d" />
    <TestEntry testId="17ec7308-7d04-3094-3253-22c15f28cc54" executionId="a2e16aee-6613-47ba-b387-0cc9548c89c9" testListId="8c84fa94-04c1-424b-9868-57a2d4851a1d" />
    <TestEntry testId="76cad13e-0f94-4302-bc65-6fe3c2606f4a" executionId="7e1ede31-cd96-4e9c-8f1c-9468d2c35ed9" testListId="8c84fa94-04c1-424b-9868-57a2d4851a1d" />
    <TestEntry testId="b17917a2-3100-fce1-c2c8-8639b1483d4b" executionId="d562baf1-684c-4465-b7d3-7b345825726f" testListId="8c84fa94-04c1-424b-9868-57a2d4851a1d" />
    <TestEntry testId="2c35873b-704c-0451-50eb-601e0fe103d9" executionId="2d0c698d-dbe3-41a0-92fb-c9153049e8c0" testListId="8c84fa94-04c1-424b-9868-57a2d4851a1d" />
    <TestEntry testId="593f7deb-3803-9943-f8c6-baa1f4f08056" executionId="b3009633-7f4d-4759-bd8f-0364af85de16" testListId="8c84fa94-04c1-424b-9868-57a2d4851a1d" />
    <TestEntry testId="529c0386-24fa-6701-c090-b25dccc11b86" executionId="a22c324f-4b64-44e3-96d0-18ff744cdde2" testListId="8c84fa94-04c1-424b-9868-57a2d4851a1d" />
    <TestEntry testId="3bf15e8d-35d3-7d9f-9606-427db31eb643" executionId="611b3aa2-d4c7-45a7-a8ce-c4dcb11d1a6f" testListId="8c84fa94-04c1-424b-9868-57a2d4851a1d" />
    <TestEntry testId="64a850ad-5e29-6e93-1ddc-00d75c2aad72" executionId="7266bb8c-7449-4766-a20e-9e641a287c9f" testListId="8c84fa94-04c1-424b-9868-57a2d4851a1d" />
    <TestEntry testId="3a2cb439-a124-af6e-0a42-2a8f94271fda" executionId="ac47b837-3ccd-4dd8-85b9-798c0c7896d3" testListId="8c84fa94-04c1-424b-9868-57a2d4851a1d" />
    <TestEntry testId="a82c204b-c77a-34fe-b8bf-38afc46073f1" executionId="c7042751-e96c-4636-aceb-258227b8af56" testListId="8c84fa94-04c1-424b-9868-57a2d4851a1d" />
    <TestEntry testId="4c322c27-d081-6da2-3965-9699e29b5817" executionId="5a532b85-f9b8-4a66-94ba-972a312d30d8" testListId="8c84fa94-04c1-424b-9868-57a2d4851a1d" />
    <TestEntry testId="d3a3c4d8-fbcb-7ee8-0479-ab7df60c22c2" executionId="97c8a9c1-673d-45a3-b24b-b64851f5c295" testListId="8c84fa94-04c1-424b-9868-57a2d4851a1d" />
    <TestEntry testId="6c34793f-a6f3-8058-34fc-6442ebc08e47" executionId="a090cf99-5846-48e9-bf86-dc3e17a4d90a" testListId="8c84fa94-04c1-424b-9868-57a2d4851a1d" />
    <TestEntry testId="e248031a-947f-3c71-ea22-491cef2d0c78" executionId="cbb79a21-7094-4aab-9d69-ea3d13487c72" testListId="8c84fa94-04c1-424b-9868-57a2d4851a1d" />
    <TestEntry testId="deed243a-40fa-2590-126d-6eb4ce652c0d" executionId="71579dec-e0af-402f-9c7d-57febdf569c9" testListId="8c84fa94-04c1-424b-9868-57a2d4851a1d" />
    <TestEntry testId="dacd281d-fa32-6a36-196f-63f03beed3cf" executionId="168f92c0-7e3b-4943-9886-b271c69ac664" testListId="8c84fa94-04c1-424b-9868-57a2d4851a1d" />
    <TestEntry testId="768837d1-698a-c042-b263-bf6dd8525485" executionId="eab4d356-e433-451b-9625-8cc1a443197a" testListId="8c84fa94-04c1-424b-9868-57a2d4851a1d" />
    <TestEntry testId="bc96c959-61a5-af4e-34a3-499043550e69" executionId="d04c5e3e-6280-4f65-801a-9b826ecbaa93" testListId="8c84fa94-04c1-424b-9868-57a2d4851a1d" />
    <TestEntry testId="0188b3fc-f058-fec7-9c8d-16bf56ba7004" executionId="f496747e-f476-4f84-bd67-6616e2a1f77a" testListId="8c84fa94-04c1-424b-9868-57a2d4851a1d" />
    <TestEntry testId="62d24c9f-a275-965e-ba77-fc1bd09bd84c" executionId="b0574c89-fa9c-418b-9dc2-b3fa7ec03644" testListId="8c84fa94-04c1-424b-9868-57a2d4851a1d" />
    <TestEntry testId="d84aa1df-acf6-f179-addd-385a8ef854fb" executionId="fe6c846b-fc43-49da-b965-0027b47eff61" testListId="8c84fa94-04c1-424b-9868-57a2d4851a1d" />
    <TestEntry testId="12d39289-b5d8-655f-ac60-910ceb6f32de" executionId="29dee508-8392-4719-91c3-892d7bb72322" testListId="8c84fa94-04c1-424b-9868-57a2d4851a1d" />
    <TestEntry testId="1e192e21-2c30-3923-bddb-f666d4114352" executionId="5adb4ccb-a417-4032-a93e-84f34e66f9c3" testListId="8c84fa94-04c1-424b-9868-57a2d4851a1d" />
    <TestEntry testId="d85b6722-8565-a29c-5490-16e3a10a250c" executionId="2f7c5eb3-9e6b-4141-b041-0866250d3ccd" testListId="8c84fa94-04c1-424b-9868-57a2d4851a1d" />
    <TestEntry testId="e3444112-3c99-9f58-f5de-2f6baaf569cb" executionId="ebdbe413-ff75-4082-ae5e-0c4ddfac6491" testListId="8c84fa94-04c1-424b-9868-57a2d4851a1d" />
    <TestEntry testId="e14319d9-d917-ec15-9844-7917e387086a" executionId="3ffdf151-c1b4-4037-b0fa-eb1001084176" testListId="8c84fa94-04c1-424b-9868-57a2d4851a1d" />
    <TestEntry testId="bdf3cf43-6f55-eb73-fb64-affef7c878a9" executionId="5c499422-e394-4508-92fe-e447831ca3b1" testListId="8c84fa94-04c1-424b-9868-57a2d4851a1d" />
    <TestEntry testId="b851e41c-dd58-304e-e982-0c01ea9a4642" executionId="53206688-30e9-45dd-ae7d-5dfa35a558e4" testListId="8c84fa94-04c1-424b-9868-57a2d4851a1d" />
    <TestEntry testId="e99f45ea-08bf-c5d2-cb75-357169094869" executionId="d613fe5f-0876-4c15-9882-b405bbdf38b4" testListId="8c84fa94-04c1-424b-9868-57a2d4851a1d" />
    <TestEntry testId="1184c378-3743-c521-3a27-56e3206d4afd" executionId="e40f412a-c886-4b76-b3ad-b58505a7324e" testListId="8c84fa94-04c1-424b-9868-57a2d4851a1d" />
    <TestEntry testId="ac9e9097-86ee-f6e7-4b59-9ca177ce9c0e" executionId="c736cfff-32ca-4025-b626-34c5f85d5270" testListId="8c84fa94-04c1-424b-9868-57a2d4851a1d" />
    <TestEntry testId="28a5e745-2e74-06b3-7adf-49f1f58e769e" executionId="abb8d640-fc68-4cbe-966a-6c00eb6ec249" testListId="8c84fa94-04c1-424b-9868-57a2d4851a1d" />
    <TestEntry testId="17e46016-0156-52e9-7a21-12f204ff71a8" executionId="c7f3721e-082f-477e-b515-694e0af51593" testListId="8c84fa94-04c1-424b-9868-57a2d4851a1d" />
    <TestEntry testId="1ceefeff-052b-0e95-f3a6-b5182af0c49a" executionId="0ffb83c3-900b-4f35-9be3-0886e55582d0" testListId="8c84fa94-04c1-424b-9868-57a2d4851a1d" />
    <TestEntry testId="4bf9f557-e5aa-6820-3243-25edb82152cd" executionId="f8942e4c-9fe8-46b8-a57f-8e939b394367" testListId="8c84fa94-04c1-424b-9868-57a2d4851a1d" />
    <TestEntry testId="e5acffa5-6e81-ead9-c8fe-656902a2823b" executionId="5a82568d-a300-43af-84c1-45b586d4ee6a" testListId="8c84fa94-04c1-424b-9868-57a2d4851a1d" />
    <TestEntry testId="98ec49c7-d50b-0e61-1c94-93b28b0ab4f7" executionId="873b42f8-0a0e-45d3-b824-24bc6c66f64e" testListId="8c84fa94-04c1-424b-9868-57a2d4851a1d" />
    <TestEntry testId="f55f56e8-4ed9-047c-5b59-43baeffc38f2" executionId="2f016b76-be60-489d-94a0-95d33e3728db" testListId="8c84fa94-04c1-424b-9868-57a2d4851a1d" />
    <TestEntry testId="d0184c79-09ca-438e-e6fe-64ddf8949d4b" executionId="7005837a-2ef7-486a-b819-d36adc4db06e" testListId="8c84fa94-04c1-424b-9868-57a2d4851a1d" />
    <TestEntry testId="e3a9f397-1160-5f7c-0483-55beba4711e5" executionId="9dfcba7d-7032-4b83-adc5-7bc50201b395" testListId="8c84fa94-04c1-424b-9868-57a2d4851a1d" />
    <TestEntry testId="ab75869c-3ec1-34f0-fa1b-a30b4357f2e7" executionId="e8ce1828-1557-4e79-afb2-fdb6a5ba86ee" testListId="8c84fa94-04c1-424b-9868-57a2d4851a1d" />
    <TestEntry testId="8f4d98c4-c4c3-3370-b9b4-f84d99ebe3e0" executionId="f306eced-7ec5-46a6-aaa7-692c95846bb6" testListId="8c84fa94-04c1-424b-9868-57a2d4851a1d" />
    <TestEntry testId="06f1153d-4313-902a-26b0-c66230e076df" executionId="c94df71b-4fc4-42a3-8f81-42f03f4b2381" testListId="8c84fa94-04c1-424b-9868-57a2d4851a1d" />
    <TestEntry testId="c44abdd5-f222-3297-c803-b1ba133feffe" executionId="0c582ae9-4ed8-4eff-8d65-36b9fae0f6f0" testListId="8c84fa94-04c1-424b-9868-57a2d4851a1d" />
    <TestEntry testId="31fcff4b-e5c4-4bf7-da58-296ef4939e33" executionId="f83ff8c4-ff07-4eaf-9f59-f702aa83fc30" testListId="8c84fa94-04c1-424b-9868-57a2d4851a1d" />
    <TestEntry testId="35742c37-1efd-f75e-f896-f0b8fc5d7bd8" executionId="bfdd14b0-1ea8-4dee-921a-a821e25f01e9" testListId="8c84fa94-04c1-424b-9868-57a2d4851a1d" />
    <TestEntry testId="7206b9bd-2060-65ab-1157-fa40cde7e92d" executionId="5921fe5e-1e50-4c2c-a6c7-f95e794bf9a5" testListId="8c84fa94-04c1-424b-9868-57a2d4851a1d" />
    <TestEntry testId="d5ff4925-5123-a441-1696-13d4f434dff2" executionId="75aa9046-8cc5-4a2e-b697-800d6ed1fec5" testListId="8c84fa94-04c1-424b-9868-57a2d4851a1d" />
    <TestEntry testId="840bbbf3-3f27-34a0-63ad-36f507931947" executionId="1fac6608-5cc6-4288-b3e1-f577e34286fa" testListId="8c84fa94-04c1-424b-9868-57a2d4851a1d" />
    <TestEntry testId="c850ca74-d223-3a0b-bdea-afc6f7a88389" executionId="1876f1c1-bdce-43cd-9cda-22fc17227584" testListId="8c84fa94-04c1-424b-9868-57a2d4851a1d" />
    <TestEntry testId="f10d6169-81f0-a081-100b-8621495f21ea" executionId="ee54a0aa-3180-4d12-a141-06cce1a33812" testListId="8c84fa94-04c1-424b-9868-57a2d4851a1d" />
    <TestEntry testId="68d8c51d-b0f5-4bb8-a0ab-928597a90e21" executionId="6287f00a-681d-44d3-99f9-65a3ffe398df" testListId="8c84fa94-04c1-424b-9868-57a2d4851a1d" />
    <TestEntry testId="ba53bfb2-0308-6453-7936-176b215ab994" executionId="883094a7-bd5c-485a-9f4f-18363fe8ff33" testListId="8c84fa94-04c1-424b-9868-57a2d4851a1d" />
    <TestEntry testId="9c4407fe-179e-266d-a653-867b9bfb8713" executionId="5c8eae4f-2a52-4aaa-a939-4f6250e672fe" testListId="8c84fa94-04c1-424b-9868-57a2d4851a1d" />
    <TestEntry testId="f15c3e47-e288-3ddf-3e20-435df2549e7e" executionId="7dc6ab08-405c-4a39-b4f3-cd4c5a20932d" testListId="8c84fa94-04c1-424b-9868-57a2d4851a1d" />
    <TestEntry testId="aea74159-7358-5879-bf8e-a1314c768404" executionId="54455fa0-968a-4e73-ae3c-0dbe0ace380d" testListId="8c84fa94-04c1-424b-9868-57a2d4851a1d" />
    <TestEntry testId="4d35923a-0ff1-6989-6f70-f96054d7fe14" executionId="a17f71a2-d5a4-437d-852e-5cf749990da2" testListId="8c84fa94-04c1-424b-9868-57a2d4851a1d" />
    <TestEntry testId="4faa607d-3aad-d127-7190-31639410f00a" executionId="2fce7a7c-d8cb-4451-b886-a778115b2a36" testListId="8c84fa94-04c1-424b-9868-57a2d4851a1d" />
    <TestEntry testId="7cf9a21e-1b42-088a-97b0-d7d43d1e0a16" executionId="4ce70ca9-9979-4308-859d-10d08be8b6ca" testListId="8c84fa94-04c1-424b-9868-57a2d4851a1d" />
    <TestEntry testId="455710f6-f563-1c30-ad7e-e5f3a8df4a4e" executionId="9be53e4e-70e2-401f-b03c-6577ee1621f1" testListId="8c84fa94-04c1-424b-9868-57a2d4851a1d" />
    <TestEntry testId="1c7b6330-6152-d71c-47ca-924e0fc45bef" executionId="3df79eab-b7d3-46e1-8342-7820964eaf5d" testListId="8c84fa94-04c1-424b-9868-57a2d4851a1d" />
    <TestEntry testId="cb8cc9f7-73db-ceae-9aee-0022baadc1fa" executionId="860986bc-d5d3-441d-8bfc-b7425302f794" testListId="8c84fa94-04c1-424b-9868-57a2d4851a1d" />
    <TestEntry testId="1ba2ccec-c45f-8687-a151-4bdd1def69bc" executionId="51f39f8d-fd8e-43d9-a6a1-693af06243df" testListId="8c84fa94-04c1-424b-9868-57a2d4851a1d" />
    <TestEntry testId="366d01ea-ff7d-934f-3cb7-1f565e8f2ea5" executionId="4b3a925f-85f8-4482-93dd-43cd3b9e962b" testListId="8c84fa94-04c1-424b-9868-57a2d4851a1d" />
    <TestEntry testId="8c77f022-4da3-920c-0121-4d89ae316e6f" executionId="9fedf719-25cf-4eca-86b0-35b6646772ca" testListId="8c84fa94-04c1-424b-9868-57a2d4851a1d" />
    <TestEntry testId="2dbd46d0-8c54-2724-aaff-586ac0b36aea" executionId="ca82170d-5d9d-4595-821e-63a0f74ec9db" testListId="8c84fa94-04c1-424b-9868-57a2d4851a1d" />
    <TestEntry testId="12e5945d-1647-aedf-8580-e8913105986c" executionId="79dcc3d9-f29b-4195-9a82-09268de5feff" testListId="8c84fa94-04c1-424b-9868-57a2d4851a1d" />
    <TestEntry testId="1195d5ba-2d52-6e07-6287-d306c966009c" executionId="6b1c0737-5658-4302-8781-cf60f7a3b2fc" testListId="8c84fa94-04c1-424b-9868-57a2d4851a1d" />
    <TestEntry testId="34ac2ba5-1b6f-85eb-c238-d653edd43abb" executionId="353bd247-c2af-48af-91ee-26537888ed5c" testListId="8c84fa94-04c1-424b-9868-57a2d4851a1d" />
    <TestEntry testId="685bc8ee-252a-0624-eee7-fce25eb39cdd" executionId="285f27e2-5bf5-4546-9e86-dd3dd9834622" testListId="8c84fa94-04c1-424b-9868-57a2d4851a1d" />
    <TestEntry testId="287aa87e-246b-cdae-b0da-8a12e15196b8" executionId="6b055747-fdb4-44a3-8f4c-31974492b028" testListId="8c84fa94-04c1-424b-9868-57a2d4851a1d" />
    <TestEntry testId="48b4ba01-4353-a8ab-80b5-1fac51b080f4" executionId="d1e3d647-4a01-400f-b403-b145e9a95658" testListId="8c84fa94-04c1-424b-9868-57a2d4851a1d" />
    <TestEntry testId="42f63e76-dc14-8542-530c-0174d7a756d0" executionId="8f8614a4-cb16-4055-b0d9-72f91bf70f45" testListId="8c84fa94-04c1-424b-9868-57a2d4851a1d" />
    <TestEntry testId="2222c258-547d-11cd-1386-8c48696d41ad" executionId="608c52d6-bbf9-4e56-a0de-b08a5a1443e3" testListId="8c84fa94-04c1-424b-9868-57a2d4851a1d" />
    <TestEntry testId="143ac55a-8a0b-59cd-311c-9a7726fa1cfa" executionId="b1ad8cb7-70e9-46c6-90ce-ed6f8ae86dab" testListId="8c84fa94-04c1-424b-9868-57a2d4851a1d" />
    <TestEntry testId="3c8a9a60-93f1-eaa0-ce5d-01d33a5469b1" executionId="3a13283e-1f98-4e63-a6c4-4dae3f5ec008" testListId="8c84fa94-04c1-424b-9868-57a2d4851a1d" />
    <TestEntry testId="da6386de-84e3-c7b0-b319-5c8d85da9e75" executionId="03e96c8e-a831-4c9e-9d71-da2a06ed41e4" testListId="8c84fa94-04c1-424b-9868-57a2d4851a1d" />
    <TestEntry testId="9531a0aa-31df-c49d-bde8-6a892fd4f616" executionId="166987df-8a3e-4295-99b5-f987988abbb3" testListId="8c84fa94-04c1-424b-9868-57a2d4851a1d" />
    <TestEntry testId="906e773e-aa31-137e-96c8-c0ec32561d84" executionId="91331cf3-d751-4a9e-9344-15689011c34a" testListId="8c84fa94-04c1-424b-9868-57a2d4851a1d" />
    <TestEntry testId="aa419dcb-a9fd-f0b4-5f67-88a35f0e741f" executionId="be67849b-d641-4d0c-94d6-b89775c189b3" testListId="8c84fa94-04c1-424b-9868-57a2d4851a1d" />
    <TestEntry testId="773854c0-2e6e-556c-a55b-cb5082f671c3" executionId="469c0dd6-0047-4fe6-8b10-2eea652b450a" testListId="8c84fa94-04c1-424b-9868-57a2d4851a1d" />
    <TestEntry testId="43a21d96-9c44-c5fd-79f4-8367daf9cc9a" executionId="8566a743-1ab8-499a-a049-a8891846c3af" testListId="8c84fa94-04c1-424b-9868-57a2d4851a1d" />
    <TestEntry testId="777af48f-4e34-2080-7086-ee2ddd3d27b9" executionId="d49be146-4b6d-4628-b4f4-8539212f3881" testListId="8c84fa94-04c1-424b-9868-57a2d4851a1d" />
    <TestEntry testId="23f3f387-9cd3-0911-911a-896083eb4325" executionId="f1b4fc2b-315a-43c5-9e81-6acbe37432c9" testListId="8c84fa94-04c1-424b-9868-57a2d4851a1d" />
    <TestEntry testId="fe82c807-4832-5e8f-08c7-a4a9914235b0" executionId="68d0b37b-662a-4807-8c3d-05db49861691" testListId="8c84fa94-04c1-424b-9868-57a2d4851a1d" />
    <TestEntry testId="eff3c6d5-40b9-e2ff-1d79-e411426c2b2a" executionId="59bc4c10-1299-4798-9674-e2685fe0eb3b" testListId="8c84fa94-04c1-424b-9868-57a2d4851a1d" />
    <TestEntry testId="e49981d3-2ce5-6303-6dfc-5344392bd815" executionId="b1050666-8ec7-4a3d-8c8f-c88919a74082" testListId="8c84fa94-04c1-424b-9868-57a2d4851a1d" />
    <TestEntry testId="f4af31f6-c7b2-16eb-b8ce-9c0b9901bde3" executionId="b5f65fca-05e3-4082-9fb9-7f6aa28dff62" testListId="8c84fa94-04c1-424b-9868-57a2d4851a1d" />
    <TestEntry testId="140eefae-bb91-4e67-5b7a-70bac908e4d6" executionId="03dd1f7c-8dae-46d0-8b42-4e3b70b7e416" testListId="8c84fa94-04c1-424b-9868-57a2d4851a1d" />
    <TestEntry testId="4aa1f8d1-4091-90cf-7b24-3ca2bebcf71b" executionId="cb6113f8-2233-4fcf-a6ab-bcb56a55ad9a" testListId="8c84fa94-04c1-424b-9868-57a2d4851a1d" />
    <TestEntry testId="9e5396d8-26d1-a6bb-5232-0450d9f14ab1" executionId="de1a5b12-4e65-47ac-b4a4-17666be431dd" testListId="8c84fa94-04c1-424b-9868-57a2d4851a1d" />
    <TestEntry testId="fe3c3c93-891e-af05-d4d9-8e72bf2f8f73" executionId="7225fcdc-c1f5-45cc-8bdf-4acccb80bd82" testListId="8c84fa94-04c1-424b-9868-57a2d4851a1d" />
    <TestEntry testId="2179afc7-5504-0b02-24e4-fcc21a48aef2" executionId="be424ded-550b-456e-b016-d12f0a18fd01" testListId="8c84fa94-04c1-424b-9868-57a2d4851a1d" />
    <TestEntry testId="52ee971d-7a47-9988-eb76-4c3b72649c24" executionId="15ecf7b8-ec75-4c0c-8b35-faf2f45ea836" testListId="8c84fa94-04c1-424b-9868-57a2d4851a1d" />
    <TestEntry testId="5f36fb77-a0ea-2cc3-265d-6c998397aeaf" executionId="97f70a33-4824-4c6f-8c37-96fe176f96c8" testListId="8c84fa94-04c1-424b-9868-57a2d4851a1d" />
    <TestEntry testId="0585a77c-bebe-bdc3-608b-58b28ca46b8f" executionId="5a0f2547-e5c4-41a4-815a-f56e40d690e7" testListId="8c84fa94-04c1-424b-9868-57a2d4851a1d" />
    <TestEntry testId="5ad04535-1818-d080-de1a-2504c7ed3619" executionId="7e1d7d92-026d-4db0-b4dd-5e324675bf65" testListId="8c84fa94-04c1-424b-9868-57a2d4851a1d" />
    <TestEntry testId="bad2289f-a6e1-a4e9-831a-da13c452c51c" executionId="369da4fa-b48d-4310-b208-4e91abf3625b" testListId="8c84fa94-04c1-424b-9868-57a2d4851a1d" />
    <TestEntry testId="35681243-c5d4-5cde-895e-fcaef21a02af" executionId="e1bb847c-b2e2-43ef-b097-a31fe20014d1" testListId="8c84fa94-04c1-424b-9868-57a2d4851a1d" />
    <TestEntry testId="f3b9e633-7b76-928d-0e2d-53d7f4cd2d22" executionId="e020f302-3a8c-4bc8-906b-31f33a12afd6" testListId="8c84fa94-04c1-424b-9868-57a2d4851a1d" />
    <TestEntry testId="e108cf7f-d788-6c89-2b03-5046c8983bf3" executionId="5b4e81be-a83a-48fe-98d4-1b73c7298fb8" testListId="8c84fa94-04c1-424b-9868-57a2d4851a1d" />
    <TestEntry testId="def81f4b-a2c5-2562-14db-1ed0468c4fe5" executionId="27f43861-2e38-432e-ad5c-771b1f31fc1f" testListId="8c84fa94-04c1-424b-9868-57a2d4851a1d" />
    <TestEntry testId="54d4647f-2aaa-172d-abd6-1a48951c3396" executionId="d8cba4a8-a489-46a0-b7a8-a700889674fb" testListId="8c84fa94-04c1-424b-9868-57a2d4851a1d" />
    <TestEntry testId="8ac31007-4ac9-2a0c-5bc0-00c2f3cc68cc" executionId="08e858b7-bbd8-4dc6-b9fa-23126915cea1" testListId="8c84fa94-04c1-424b-9868-57a2d4851a1d" />
    <TestEntry testId="df8f8c56-107c-7a2c-97af-edbe14d41d29" executionId="e7c7fd29-638a-4e89-9808-205c33f577cf" testListId="8c84fa94-04c1-424b-9868-57a2d4851a1d" />
    <TestEntry testId="f06abdbb-dcaa-48de-364a-8417d0d0f6e0" executionId="c314e41b-8a3a-41c3-92b2-3689526dfe24" testListId="8c84fa94-04c1-424b-9868-57a2d4851a1d" />
    <TestEntry testId="20edcd36-e17d-797f-d510-2fb355004c32" executionId="e77d12e2-6373-446f-812b-355f92b70066" testListId="8c84fa94-04c1-424b-9868-57a2d4851a1d" />
    <TestEntry testId="9a0bb723-0bdb-ba03-fb13-485ed2050142" executionId="94d2f9fe-f753-4d25-bbef-79dbe43a9deb" testListId="8c84fa94-04c1-424b-9868-57a2d4851a1d" />
    <TestEntry testId="611c2b42-3a78-9da0-b609-822778d9c99c" executionId="694fbe92-e4e1-420e-befb-5e76aded2cda" testListId="8c84fa94-04c1-424b-9868-57a2d4851a1d" />
    <TestEntry testId="ddaab170-434d-109b-1b52-ca2b27bc9b50" executionId="2e76e89d-c46c-4e39-939b-16edfb8bd111" testListId="8c84fa94-04c1-424b-9868-57a2d4851a1d" />
    <TestEntry testId="af7b587d-382d-cbbb-93ce-cf85a20fd517" executionId="25d1324b-8f33-465a-9084-592c5cb32cbe" testListId="8c84fa94-04c1-424b-9868-57a2d4851a1d" />
    <TestEntry testId="77432722-5cee-d8a5-8112-a3e739445bce" executionId="d2b432a1-1aee-4120-ac42-85dc608153cc" testListId="8c84fa94-04c1-424b-9868-57a2d4851a1d" />
    <TestEntry testId="1afe9bf5-3a38-ce7c-f33b-53f438e354e1" executionId="2f6f9b56-31c9-4c70-a681-ddcdebc3a07c" testListId="8c84fa94-04c1-424b-9868-57a2d4851a1d" />
    <TestEntry testId="f527609f-d208-74cd-3add-1f102381d1e3" executionId="11d6f319-9b3b-48de-a7d8-2644d95fa679" testListId="8c84fa94-04c1-424b-9868-57a2d4851a1d" />
    <TestEntry testId="4f83e79f-0282-c3b1-d51a-da064ad6edb6" executionId="f262ec2c-8974-438b-92bd-1521e8568fe7" testListId="8c84fa94-04c1-424b-9868-57a2d4851a1d" />
    <TestEntry testId="90b8e0ac-3836-668f-d12a-5a7be5c8e5aa" executionId="23c5e4b2-2251-49e8-9219-25d889268b81" testListId="8c84fa94-04c1-424b-9868-57a2d4851a1d" />
    <TestEntry testId="db377e53-1a39-0696-a7d9-ae0a159833b8" executionId="94aca92b-31ff-4576-958f-511623b8639a" testListId="8c84fa94-04c1-424b-9868-57a2d4851a1d" />
    <TestEntry testId="26e2aa31-b19a-1845-8c06-b89b0c1afe34" executionId="41f2f2c0-8754-4b0c-aa40-01d6da578c0d" testListId="8c84fa94-04c1-424b-9868-57a2d4851a1d" />
    <TestEntry testId="d71aa290-e625-3826-d729-64a4bfe69f41" executionId="1950538f-1eb8-418d-af80-e5f71801fa5b" testListId="8c84fa94-04c1-424b-9868-57a2d4851a1d" />
    <TestEntry testId="2a53e5e6-634c-2e15-6881-64128adc81df" executionId="2f950609-54d7-48c1-aff8-e8a8632b1b5e" testListId="8c84fa94-04c1-424b-9868-57a2d4851a1d" />
    <TestEntry testId="39689140-f88a-3c0a-3a46-e970f9fbef4b" executionId="61c18323-cb3f-4684-b4cf-4c71797ce769" testListId="8c84fa94-04c1-424b-9868-57a2d4851a1d" />
    <TestEntry testId="52c2a54e-6f69-1de0-071f-9a3eb76d2bd6" executionId="196fff20-e6ea-404d-bb30-c24604235e7a" testListId="8c84fa94-04c1-424b-9868-57a2d4851a1d" />
    <TestEntry testId="a010cdd1-6038-b1b4-098c-7ecb384094c5" executionId="9ddcdcbf-b78d-4a68-aa78-4156b82b982e" testListId="8c84fa94-04c1-424b-9868-57a2d4851a1d" />
    <TestEntry testId="35ce816e-bf40-9fe0-7322-993123e1696a" executionId="3facca59-2519-441c-a7ff-21171e43cc04" testListId="8c84fa94-04c1-424b-9868-57a2d4851a1d" />
    <TestEntry testId="46f9f921-8409-905b-fd67-c10fd741d586" executionId="4008cbcc-d4c0-48c1-b6f7-7d718c205267" testListId="8c84fa94-04c1-424b-9868-57a2d4851a1d" />
    <TestEntry testId="1fbd2580-d20c-54ad-ccea-04c9b179dee0" executionId="3f2d05bd-0586-466c-946f-9fc22fa35ff8" testListId="8c84fa94-04c1-424b-9868-57a2d4851a1d" />
    <TestEntry testId="224b8295-b978-2161-ab00-7a8a1c4ac760" executionId="2bdc802f-256b-4468-8f0f-60df729364fb" testListId="8c84fa94-04c1-424b-9868-57a2d4851a1d" />
    <TestEntry testId="3e3ab9c7-2e19-0a76-df3b-2f8cef7a74d7" executionId="5e09f989-2ece-4452-b20a-8fe1d06ad0ac" testListId="8c84fa94-04c1-424b-9868-57a2d4851a1d" />
    <TestEntry testId="ade80c07-6eec-3878-3c46-2f009575cf55" executionId="cb84a143-7914-453a-9dc2-978a6ee27ebf" testListId="8c84fa94-04c1-424b-9868-57a2d4851a1d" />
    <TestEntry testId="c5d54e22-fee6-b97e-41b8-d52827f7965f" executionId="47311b1a-ac5e-44ce-87f3-1585c1c8baf4" testListId="8c84fa94-04c1-424b-9868-57a2d4851a1d" />
    <TestEntry testId="ac8a91aa-9faa-ece5-7fad-4f7d4a4bda15" executionId="dace298a-897f-45d7-8edb-1b1611d44760" testListId="8c84fa94-04c1-424b-9868-57a2d4851a1d" />
    <TestEntry testId="d76eddb3-6543-d3be-6dea-de4c71be1644" executionId="dc82edac-f464-4157-afe5-7df68b86c5ce" testListId="8c84fa94-04c1-424b-9868-57a2d4851a1d" />
    <TestEntry testId="f2811ab3-964a-259d-dcb5-a2baba57df35" executionId="35e1dded-7981-4014-9e9e-0f236d78db57" testListId="8c84fa94-04c1-424b-9868-57a2d4851a1d" />
    <TestEntry testId="fee07be3-891e-3721-28cf-6d8aeebec76b" executionId="6488c90d-616b-4f56-93b4-28d894d658ba" testListId="8c84fa94-04c1-424b-9868-57a2d4851a1d" />
    <TestEntry testId="6a05ec9c-a31e-6a31-a748-70c9bbc050f4" executionId="9edf9efd-4aa3-4af9-9b79-2a09601f4764" testListId="8c84fa94-04c1-424b-9868-57a2d4851a1d" />
    <TestEntry testId="6a9298a7-5660-7e18-7315-5b9cdc4d96b2" executionId="c03154fd-6fca-44fb-9595-a9161f90a811" testListId="8c84fa94-04c1-424b-9868-57a2d4851a1d" />
    <TestEntry testId="ddea05b6-294c-0745-bd8f-cb8c657bcad0" executionId="654b6d39-9ce7-47cf-a699-2fc78aef521b" testListId="8c84fa94-04c1-424b-9868-57a2d4851a1d" />
    <TestEntry testId="4bb8a0e4-4b9c-7f78-8d93-a8d66232eae9" executionId="4427931e-5b7f-451a-b1b7-6657c6f5b037" testListId="8c84fa94-04c1-424b-9868-57a2d4851a1d" />
    <TestEntry testId="632f602b-f5d0-4e0f-a45c-a5f52b172761" executionId="3426b769-0dca-47a3-b4ff-2406ed18284b" testListId="8c84fa94-04c1-424b-9868-57a2d4851a1d" />
    <TestEntry testId="e3fa8041-f9f7-df48-f05f-064b1b9f976b" executionId="2227ae5f-6263-402c-953d-868a9f0e6721" testListId="8c84fa94-04c1-424b-9868-57a2d4851a1d" />
    <TestEntry testId="5ac31739-6e7f-cf7e-2625-b7a5bd2288af" executionId="3b445d0a-0fc7-4f83-8a6f-34ed8a551033" testListId="8c84fa94-04c1-424b-9868-57a2d4851a1d" />
    <TestEntry testId="d7d1d95e-637f-4df3-7404-cac2d45fd7fa" executionId="93d0ce1b-824a-400c-9ea6-3a621d45f6c8" testListId="8c84fa94-04c1-424b-9868-57a2d4851a1d" />
    <TestEntry testId="e3108ec8-5e25-f657-02ca-e68077e5c65b" executionId="02426949-f003-484c-8547-7118077958d7" testListId="8c84fa94-04c1-424b-9868-57a2d4851a1d" />
    <TestEntry testId="1125aafd-8d66-e0c2-4d2f-689b0526b93f" executionId="c2c2cce0-9e82-4db9-b790-2b458798149f" testListId="8c84fa94-04c1-424b-9868-57a2d4851a1d" />
    <TestEntry testId="79903201-33ba-93b6-3e20-a3403f40778d" executionId="47a00753-8422-4065-93d1-7035d8906a8e" testListId="8c84fa94-04c1-424b-9868-57a2d4851a1d" />
    <TestEntry testId="4630f054-24b7-f798-f6aa-0f2c71e021d2" executionId="915ee31b-4333-47a4-9d57-0b41b1a36f2d" testListId="8c84fa94-04c1-424b-9868-57a2d4851a1d" />
    <TestEntry testId="220a0741-c671-c6c1-6e3c-14099329fb32" executionId="e0869236-081f-4be7-b4d6-3c703092e742" testListId="8c84fa94-04c1-424b-9868-57a2d4851a1d" />
    <TestEntry testId="c25a9952-d580-af92-0886-610e90e83ab5" executionId="dc0542e4-3fa1-43d7-be9d-2abf23db9d54" testListId="8c84fa94-04c1-424b-9868-57a2d4851a1d" />
    <TestEntry testId="41585dcc-8c99-3c82-1806-42dfea182e7a" executionId="53e67e3d-1b82-462f-8a37-43ec8b32a704" testListId="8c84fa94-04c1-424b-9868-57a2d4851a1d" />
    <TestEntry testId="19f6cec6-dca0-1fa4-b0b6-8a53a7db5db8" executionId="e6df29b1-0ca2-4660-8c54-e75e9db77420" testListId="8c84fa94-04c1-424b-9868-57a2d4851a1d" />
    <TestEntry testId="c61280df-d89a-c848-5702-a599254c9c7f" executionId="e5ae3d69-7599-4b35-9d98-2dc473216954" testListId="8c84fa94-04c1-424b-9868-57a2d4851a1d" />
    <TestEntry testId="bfb0ef35-4354-9b55-fc8d-a9ae1e504422" executionId="94390f55-33fd-4862-8db0-e8f69a4777dd" testListId="8c84fa94-04c1-424b-9868-57a2d4851a1d" />
    <TestEntry testId="eb1c41cd-9a93-cbc5-e6b6-6422a22e8228" executionId="4734c93c-1da6-468e-a8a0-cc857c0278ac" testListId="8c84fa94-04c1-424b-9868-57a2d4851a1d" />
    <TestEntry testId="ab6149ce-419d-6770-605d-0aacf6146f80" executionId="b7b9c019-a9cb-4471-b112-7a24c9651854" testListId="8c84fa94-04c1-424b-9868-57a2d4851a1d" />
    <TestEntry testId="f06192a7-4276-8849-c001-acb1fdd01067" executionId="a8f37a7c-f592-4c26-8782-56f18bfeeefd" testListId="8c84fa94-04c1-424b-9868-57a2d4851a1d" />
    <TestEntry testId="727d3ba8-cdbd-539c-f6d6-debf67adbd75" executionId="cc4d4c44-a4ea-4804-8af9-3fb3bf9cb962" testListId="8c84fa94-04c1-424b-9868-57a2d4851a1d" />
    <TestEntry testId="aba99fc6-3d31-95d1-311f-ba8853e03d7e" executionId="74030136-0698-4a04-ad99-ce5ae92619d0" testListId="8c84fa94-04c1-424b-9868-57a2d4851a1d" />
    <TestEntry testId="c56ceeab-d742-8985-e475-23e0921ae7e8" executionId="f93d7655-ec98-4ada-9b6f-3a4433bd501b" testListId="8c84fa94-04c1-424b-9868-57a2d4851a1d" />
    <TestEntry testId="8b0936f0-4e55-fe7e-b036-f0392c76237f" executionId="8dbc6597-a52d-48dc-8371-4af360363d92" testListId="8c84fa94-04c1-424b-9868-57a2d4851a1d" />
    <TestEntry testId="796dbe30-d40d-ffcf-7b21-9ff6e74b6a15" executionId="61e5edc8-47c1-4880-bc25-02ed8f3435fe" testListId="8c84fa94-04c1-424b-9868-57a2d4851a1d" />
    <TestEntry testId="3b65d8c8-c8dc-c975-b1e1-ec6988dabef6" executionId="b5e2c2d5-0a3f-4eac-8e96-0cd5feb8f932" testListId="8c84fa94-04c1-424b-9868-57a2d4851a1d" />
    <TestEntry testId="48fa1b99-e905-5cf3-f29e-0622eff8efa2" executionId="485b3565-502f-4d7b-97e6-880819759245" testListId="8c84fa94-04c1-424b-9868-57a2d4851a1d" />
    <TestEntry testId="89878e7d-5fe9-ed93-ec6d-b98c812aaceb" executionId="e7776304-d1e4-4529-a305-32a355adf13a" testListId="8c84fa94-04c1-424b-9868-57a2d4851a1d" />
    <TestEntry testId="ac23d499-5db5-40ba-bc6d-e74471358df3" executionId="ee0edfe7-969c-40de-b560-866c0e4077b2" testListId="8c84fa94-04c1-424b-9868-57a2d4851a1d" />
    <TestEntry testId="2c94bf9d-4b8a-41a8-a139-1614d07c1390" executionId="e73eade4-8b8c-4d09-ad5a-e67a434dcf46" testListId="8c84fa94-04c1-424b-9868-57a2d4851a1d" />
    <TestEntry testId="25bfeecd-33e8-dc9c-0884-9674ccccb38b" executionId="1331eb2d-f674-400b-8a43-e72ccd04899d" testListId="8c84fa94-04c1-424b-9868-57a2d4851a1d" />
    <TestEntry testId="f5ab79e3-803b-bf2c-0bf1-3e840dcef81b" executionId="b8408a3c-b086-4005-96aa-9feb2483a359" testListId="8c84fa94-04c1-424b-9868-57a2d4851a1d" />
    <TestEntry testId="5486909e-82f0-43bd-9354-a32cb8d28664" executionId="d29a230a-8e1e-4c9c-bf22-cf277dead567" testListId="8c84fa94-04c1-424b-9868-57a2d4851a1d" />
    <TestEntry testId="b4898590-9558-754a-1593-f9bac79dc377" executionId="5a421bf1-1d95-4983-a61b-50f3cfbee3e2" testListId="8c84fa94-04c1-424b-9868-57a2d4851a1d" />
    <TestEntry testId="426f4262-ea97-4220-480b-e6f36c13c52d" executionId="78e639ea-8a10-461c-b8ba-96e5069a1932" testListId="8c84fa94-04c1-424b-9868-57a2d4851a1d" />
    <TestEntry testId="a10a27d9-4abb-eaad-b70e-d6b782a46c9e" executionId="5051f5a2-a51c-45bd-aa06-e14c794d946d" testListId="8c84fa94-04c1-424b-9868-57a2d4851a1d" />
    <TestEntry testId="6538f49f-5d7b-7bbc-9eb9-20372d121d3a" executionId="11777fbf-8d4c-4236-9ac7-9a073c262ce4" testListId="8c84fa94-04c1-424b-9868-57a2d4851a1d" />
    <TestEntry testId="fccc0809-24fd-4457-0396-3bd06e83443b" executionId="e8a66fcd-0ba5-41d6-92ea-a345d821c9ec" testListId="8c84fa94-04c1-424b-9868-57a2d4851a1d" />
    <TestEntry testId="5db4760d-91fc-1552-e689-5c77a3e83f55" executionId="8e459e64-2ea7-4be0-9c4e-e5ff446ff014" testListId="8c84fa94-04c1-424b-9868-57a2d4851a1d" />
    <TestEntry testId="3d9c4446-91d0-9255-e7cf-4fef9d3eb85b" executionId="cc9456bd-4c87-4708-bd26-19faede4f835" testListId="8c84fa94-04c1-424b-9868-57a2d4851a1d" />
    <TestEntry testId="64f54c8f-c43e-bd43-0882-5dd872acabae" executionId="abc3952f-d956-4aaf-9acd-cf20f0fd9da4" testListId="8c84fa94-04c1-424b-9868-57a2d4851a1d" />
    <TestEntry testId="337224f0-3955-4c64-79db-ba1aa0230c85" executionId="198fec46-dcd9-44e8-824c-778873159d20" testListId="8c84fa94-04c1-424b-9868-57a2d4851a1d" />
    <TestEntry testId="0c252cc1-772e-53db-c61b-e410485fc71c" executionId="12aa1f3f-7df1-496b-b3b9-4adaffac3cfe" testListId="8c84fa94-04c1-424b-9868-57a2d4851a1d" />
    <TestEntry testId="38c227eb-6fb4-f936-01c4-e003e3db2a3b" executionId="52c57405-26f5-419f-82b6-c02b2ac53ecd" testListId="8c84fa94-04c1-424b-9868-57a2d4851a1d" />
    <TestEntry testId="ec57e6ad-4a2a-9fd6-a34b-472a41a941f2" executionId="547987e4-b59f-44e9-b1eb-b855a53f4ca7" testListId="8c84fa94-04c1-424b-9868-57a2d4851a1d" />
    <TestEntry testId="dfada2d0-c1be-49a9-ed5a-cf52170e45ff" executionId="dee87594-1c71-43a9-82c7-454ed7ce543e" testListId="8c84fa94-04c1-424b-9868-57a2d4851a1d" />
    <TestEntry testId="a24521ed-430f-a4e4-99ec-425a3168caea" executionId="dbe19164-1d03-434f-9f1a-b850052111d6" testListId="8c84fa94-04c1-424b-9868-57a2d4851a1d" />
    <TestEntry testId="4937a82f-e444-8273-914e-c5305909eaff" executionId="46da784f-99d8-43cf-b8db-ebee06a32c3e" testListId="8c84fa94-04c1-424b-9868-57a2d4851a1d" />
    <TestEntry testId="dbe3aacb-c355-1c1b-31b2-6cbfe9c2ce45" executionId="c4d5d8df-5721-4b87-8ad1-f1122b0423ce" testListId="8c84fa94-04c1-424b-9868-57a2d4851a1d" />
    <TestEntry testId="a9e58e7f-7a7f-5425-834a-d183b2ff7faf" executionId="5b3f8424-736f-4645-85e3-69ef1642b506" testListId="8c84fa94-04c1-424b-9868-57a2d4851a1d" />
    <TestEntry testId="408c97e1-eb94-3e13-4f85-d55ace841e06" executionId="a5238b05-8740-46ca-ab76-69fec9ad4b4f" testListId="8c84fa94-04c1-424b-9868-57a2d4851a1d" />
    <TestEntry testId="52ea9e02-ac65-5d36-73b4-e150a0471321" executionId="55664ab5-6d80-4da3-a563-c8e5df5b2ed9" testListId="8c84fa94-04c1-424b-9868-57a2d4851a1d" />
    <TestEntry testId="d8e46ffd-6776-a2cc-a5b4-d675b58a111e" executionId="30566ef5-0fdd-4562-b9ad-5da7097f2bd5" testListId="8c84fa94-04c1-424b-9868-57a2d4851a1d" />
    <TestEntry testId="273bf021-17de-518c-95d7-ff32463af8ea" executionId="27a92795-cfd9-4b25-842f-a6500e420b97" testListId="8c84fa94-04c1-424b-9868-57a2d4851a1d" />
    <TestEntry testId="7d8b82c0-97d4-dd5c-c8d5-703ac9de5dcd" executionId="86c3eac1-3570-4f9d-a47c-088b1b0847d4" testListId="8c84fa94-04c1-424b-9868-57a2d4851a1d" />
    <TestEntry testId="b6a46206-9dfb-de2e-5f29-2a48a9163927" executionId="044d2d81-a05a-4332-807f-fd2de0032d50" testListId="8c84fa94-04c1-424b-9868-57a2d4851a1d" />
    <TestEntry testId="3a327f35-a81d-1c08-7c0d-d8137be6130d" executionId="e8b6eb8b-0bb8-427b-9e88-e6aaf81526b4" testListId="8c84fa94-04c1-424b-9868-57a2d4851a1d" />
    <TestEntry testId="3cd38ec4-8926-975f-c679-2575a62c6fcd" executionId="ebbef45b-9d7a-41f1-9a2b-fc6a2a0149d2" testListId="8c84fa94-04c1-424b-9868-57a2d4851a1d" />
    <TestEntry testId="a1776dc1-f5b3-b5d1-57c5-7db2cdbddfaf" executionId="55a1479b-d76d-4261-b6f4-4e1f2a02bfa5" testListId="8c84fa94-04c1-424b-9868-57a2d4851a1d" />
    <TestEntry testId="61ea485e-fcaa-fb16-c702-bad4dc7759e4" executionId="22250de1-43eb-4dda-9c47-031bef5d20e7" testListId="8c84fa94-04c1-424b-9868-57a2d4851a1d" />
    <TestEntry testId="c14c2d25-fc01-f754-a2fc-cdde0404f48d" executionId="41bf18ce-2883-41a7-ae4d-b836c9d51b1a" testListId="8c84fa94-04c1-424b-9868-57a2d4851a1d" />
    <TestEntry testId="2126a3d7-efef-0ba3-c990-5cc004ed5ed9" executionId="7fca808e-fde9-4fa6-a0d0-601e366f1fb3" testListId="8c84fa94-04c1-424b-9868-57a2d4851a1d" />
    <TestEntry testId="a10ebb89-791f-0b8d-7def-f32378661e60" executionId="178ddf1a-162c-453f-8c3e-7599d26b442a" testListId="8c84fa94-04c1-424b-9868-57a2d4851a1d" />
    <TestEntry testId="2a7c81c8-cf8d-2fb1-924b-7b552bbf7d2d" executionId="934af8a6-dd77-4203-8772-b542a8432675" testListId="8c84fa94-04c1-424b-9868-57a2d4851a1d" />
    <TestEntry testId="b6b3d141-f8a0-c55c-b1a6-650c04389773" executionId="9f0eb757-20eb-4908-a415-63636feba88d" testListId="8c84fa94-04c1-424b-9868-57a2d4851a1d" />
    <TestEntry testId="99e9a28f-2c77-eaac-eaae-2f23b8c10bdb" executionId="a2a7c0d1-063f-410e-bdf3-b28d45c65af1" testListId="8c84fa94-04c1-424b-9868-57a2d4851a1d" />
    <TestEntry testId="9a7f531b-ea36-d689-2c39-a36875a895bb" executionId="44063b77-c999-42df-b360-1b509e281da8" testListId="8c84fa94-04c1-424b-9868-57a2d4851a1d" />
    <TestEntry testId="07da3716-addc-8859-8463-643cff34c532" executionId="7533e6e1-4517-47db-bad6-cc513a695205" testListId="8c84fa94-04c1-424b-9868-57a2d4851a1d" />
    <TestEntry testId="fce86640-7e77-7a11-65ba-3862fe3a10da" executionId="8e5cdb11-3f98-4115-998b-9b3f12369f5e" testListId="8c84fa94-04c1-424b-9868-57a2d4851a1d" />
    <TestEntry testId="a2cfe856-cbff-ef4a-7692-55dbde1ccd57" executionId="4d60bcf3-f913-4460-bd8f-31ff8e2c831f" testListId="8c84fa94-04c1-424b-9868-57a2d4851a1d" />
    <TestEntry testId="991cfc23-cd42-d572-2745-364bc3e13cbc" executionId="0a491245-4400-4bb1-ba85-d48183b5e759" testListId="8c84fa94-04c1-424b-9868-57a2d4851a1d" />
    <TestEntry testId="a3c91bfb-189e-5f5a-6a4c-af9db8a17008" executionId="d39c9371-1924-42bb-ae89-fd0a199c2c42" testListId="8c84fa94-04c1-424b-9868-57a2d4851a1d" />
    <TestEntry testId="ffff5eee-6bd2-e1c0-d4a9-065ab23fd5df" executionId="b3a279d7-139b-431a-a24c-3a89f519a5ba" testListId="8c84fa94-04c1-424b-9868-57a2d4851a1d" />
    <TestEntry testId="f33e04b6-aea3-7165-10c9-0390aed46af6" executionId="4f25f650-6e81-422d-9ca4-529ca2f35ae7" testListId="8c84fa94-04c1-424b-9868-57a2d4851a1d" />
    <TestEntry testId="ebe473c0-4546-ef14-e351-e74aa8e18fb6" executionId="42f7dac2-6a03-4ca7-8c94-27d74e6d7f88" testListId="8c84fa94-04c1-424b-9868-57a2d4851a1d" />
    <TestEntry testId="224d503b-b9e4-dbf2-1ef6-b28e2657c9e9" executionId="cadf0e31-2600-4177-87be-3b16e4351b71" testListId="8c84fa94-04c1-424b-9868-57a2d4851a1d" />
    <TestEntry testId="d8cc969b-8c37-2fc3-817c-e2862bba2c1b" executionId="64319487-8592-4acc-83ef-8270691ca7bf" testListId="8c84fa94-04c1-424b-9868-57a2d4851a1d" />
    <TestEntry testId="69670f9b-4769-6673-823a-fd5812fe92fb" executionId="fa92c476-f8fd-4dbd-ba75-36b3f3e1e8be" testListId="8c84fa94-04c1-424b-9868-57a2d4851a1d" />
    <TestEntry testId="a0714c12-3e58-85c8-097c-620c64485b34" executionId="114832b8-8177-48a7-9479-d8e66f2018f7" testListId="8c84fa94-04c1-424b-9868-57a2d4851a1d" />
    <TestEntry testId="f83f814d-ba50-5844-a3eb-659e9f3f1ce0" executionId="c9387785-72c6-4d39-9e7e-b889b2cfcbe4" testListId="8c84fa94-04c1-424b-9868-57a2d4851a1d" />
    <TestEntry testId="d0f53a30-d3a3-ea4f-ad42-7fa051a559d2" executionId="0f3f209b-9202-4b7e-98a4-b863003abcb4" testListId="8c84fa94-04c1-424b-9868-57a2d4851a1d" />
    <TestEntry testId="ee6101ba-ad61-7adb-201f-a422cd06f889" executionId="311ba2d1-32f5-4ddd-8372-c3607838b0a5" testListId="8c84fa94-04c1-424b-9868-57a2d4851a1d" />
    <TestEntry testId="fd5b3172-50cd-6146-6ac8-2bec6a9bb2e0" executionId="ebd1ebb0-af1b-4443-aff5-a84545609151" testListId="8c84fa94-04c1-424b-9868-57a2d4851a1d" />
    <TestEntry testId="ab37c4a5-7ddd-4f3a-807a-9824addc756d" executionId="a78b7cb8-171a-4356-8cb7-c5eb84ffcfa9" testListId="8c84fa94-04c1-424b-9868-57a2d4851a1d" />
    <TestEntry testId="6dd13415-80a1-3dc0-3ef0-c5a6924ca8cb" executionId="9f63e68d-0f12-4479-9f6c-5ab547b013fb" testListId="8c84fa94-04c1-424b-9868-57a2d4851a1d" />
    <TestEntry testId="06e3e5ee-40d8-e10b-eebf-758ff961a15a" executionId="0abcdee0-0208-4865-a88c-0b3a8954f189" testListId="8c84fa94-04c1-424b-9868-57a2d4851a1d" />
    <TestEntry testId="f37382f8-c573-8898-56df-bcf6c3fbc9be" executionId="8f425222-ecc4-4660-99cc-ce8c83688b5b" testListId="8c84fa94-04c1-424b-9868-57a2d4851a1d" />
    <TestEntry testId="abcc32d8-7b98-7d33-898b-4db189321e78" executionId="e81d070f-1905-4464-9aac-e8c2fd03ad54" testListId="8c84fa94-04c1-424b-9868-57a2d4851a1d" />
    <TestEntry testId="98691723-0a20-4b2c-26d3-0c7626ffb7d8" executionId="b448c11b-a8ca-441c-bf99-67b3321ae6d1" testListId="8c84fa94-04c1-424b-9868-57a2d4851a1d" />
    <TestEntry testId="3149481f-7dc8-faae-4c4e-8462de35554d" executionId="b42791ec-4e7e-464b-866e-37e1a3dfaacd" testListId="8c84fa94-04c1-424b-9868-57a2d4851a1d" />
    <TestEntry testId="d27e619c-c523-6639-7596-4ce8aee611b8" executionId="19001487-368b-4e62-b30a-1271d79d227d" testListId="8c84fa94-04c1-424b-9868-57a2d4851a1d" />
    <TestEntry testId="5aa20bdb-510a-5a49-ef69-9a4f88c0b4d3" executionId="b8455a03-0f1b-4b78-8741-8f9b23d59d8f" testListId="8c84fa94-04c1-424b-9868-57a2d4851a1d" />
    <TestEntry testId="06336d49-f25d-bd1d-075a-c53b66885f84" executionId="e53bd817-afe1-454d-ae8e-795c5e3f7c74" testListId="8c84fa94-04c1-424b-9868-57a2d4851a1d" />
    <TestEntry testId="006047cf-5e82-e489-50ec-7332965c93af" executionId="7ac97544-5b68-4773-a0cd-661675a9e18b" testListId="8c84fa94-04c1-424b-9868-57a2d4851a1d" />
    <TestEntry testId="e3b7fc32-a560-5bdd-6655-6824470449c4" executionId="de3cb429-719d-4c59-a9ed-c34c17eee9ce" testListId="8c84fa94-04c1-424b-9868-57a2d4851a1d" />
    <TestEntry testId="e958b283-ee01-b682-79fb-ca1ddfb45fc8" executionId="ffad9813-6da7-42de-adf0-87c9eb8cd684" testListId="8c84fa94-04c1-424b-9868-57a2d4851a1d" />
    <TestEntry testId="dbc4df8b-6198-2392-24f1-7438812891e6" executionId="ee7db781-f929-41e4-93bc-3ab384038a7a" testListId="8c84fa94-04c1-424b-9868-57a2d4851a1d" />
    <TestEntry testId="869a4a53-5865-9437-9c02-9b1317a774b2" executionId="af2d2ad9-8531-480b-97c3-a0320c7f490e" testListId="8c84fa94-04c1-424b-9868-57a2d4851a1d" />
    <TestEntry testId="ba5d9fe4-26ed-b4f6-b3fd-cbabc026143c" executionId="67f281a9-6331-4ba9-9dc7-64d13f8f26f2" testListId="8c84fa94-04c1-424b-9868-57a2d4851a1d" />
    <TestEntry testId="e3eb7c25-f64d-fff5-8d1c-3fdfe590b3c9" executionId="8571d50b-863d-472b-83e5-3ebff47dd7ce" testListId="8c84fa94-04c1-424b-9868-57a2d4851a1d" />
    <TestEntry testId="a657cb3a-38c0-fb29-81f5-1f9df5b01316" executionId="42a4278e-7d17-4612-a4c2-76b8e81546cd" testListId="8c84fa94-04c1-424b-9868-57a2d4851a1d" />
    <TestEntry testId="daac7a8a-7926-eba0-bb67-56c7d76c0421" executionId="9bdb7918-a733-4851-9e8f-62eee0003dda" testListId="8c84fa94-04c1-424b-9868-57a2d4851a1d" />
    <TestEntry testId="bb586174-9b05-807d-80c0-f849bdb676e7" executionId="30f95101-4385-4cea-8f76-5b985de02de2" testListId="8c84fa94-04c1-424b-9868-57a2d4851a1d" />
    <TestEntry testId="dccd4db1-9957-7cd8-dfb6-b18a4ebc4ad0" executionId="4d880702-94f7-4b47-9f49-69e31469d376" testListId="8c84fa94-04c1-424b-9868-57a2d4851a1d" />
    <TestEntry testId="6a24a456-2305-60dd-4ae6-7ffea3a9462d" executionId="a838caaa-24fb-404a-9807-2550f337df89" testListId="8c84fa94-04c1-424b-9868-57a2d4851a1d" />
    <TestEntry testId="147225c2-52c5-173e-279e-3603e68e2410" executionId="2e7de61d-3ea0-441f-8d56-1122792ff309" testListId="8c84fa94-04c1-424b-9868-57a2d4851a1d" />
    <TestEntry testId="cc0d485b-9743-159f-4b3e-d21ea11c4547" executionId="61c66d2b-affc-4c43-a3f7-10d352be6a14" testListId="8c84fa94-04c1-424b-9868-57a2d4851a1d" />
    <TestEntry testId="347818dd-a036-264a-54ab-209d7e8f95de" executionId="97c8b520-bf69-458b-9016-77a7e9a0f9ec" testListId="8c84fa94-04c1-424b-9868-57a2d4851a1d" />
    <TestEntry testId="4a60897f-da96-0d94-f5d3-d97e96726bff" executionId="81005216-a603-4cae-bd08-dcdd398167df" testListId="8c84fa94-04c1-424b-9868-57a2d4851a1d" />
    <TestEntry testId="c609b5b6-1363-019f-e4a4-055655c23b0f" executionId="0a6e4fec-6adc-40bf-b58b-639dd1f5a565" testListId="8c84fa94-04c1-424b-9868-57a2d4851a1d" />
    <TestEntry testId="fd372183-0b9d-c0c8-bb63-2e4775580926" executionId="0e5ab661-f287-467e-8494-9f348355f449" testListId="8c84fa94-04c1-424b-9868-57a2d4851a1d" />
    <TestEntry testId="3185fb68-e0b6-bae2-e639-e744f750e0da" executionId="8a53ea33-7d70-4e72-a8b7-9866314c3411" testListId="8c84fa94-04c1-424b-9868-57a2d4851a1d" />
    <TestEntry testId="588bf695-5c81-90d2-eac0-94b20bf1d8df" executionId="b4c1538f-bbed-4079-830a-f31978dc760f" testListId="8c84fa94-04c1-424b-9868-57a2d4851a1d" />
    <TestEntry testId="8b5df9dc-04e3-1960-ed88-39b06a30661c" executionId="9d1a69c4-c8d8-4a69-960a-2461dd765c63" testListId="8c84fa94-04c1-424b-9868-57a2d4851a1d" />
    <TestEntry testId="90b402e5-869a-fa3b-54b9-c773a3203aaf" executionId="15681dd7-705b-47ac-b5fd-3027537cfc96" testListId="8c84fa94-04c1-424b-9868-57a2d4851a1d" />
    <TestEntry testId="e4a88615-e2e1-b749-456a-476e94ae800f" executionId="1473a444-3fd3-4f0b-aebe-f8fce6550b36" testListId="8c84fa94-04c1-424b-9868-57a2d4851a1d" />
    <TestEntry testId="c596aa43-a71d-3944-184c-9b6172ad05ff" executionId="c07bcb25-5083-4cdf-931a-6395981ddcd6" testListId="8c84fa94-04c1-424b-9868-57a2d4851a1d" />
    <TestEntry testId="a8285c5a-ff5d-0ef5-7bbd-59de8473e545" executionId="40223fb6-adcb-407d-9944-1e4f6c94e30b" testListId="8c84fa94-04c1-424b-9868-57a2d4851a1d" />
    <TestEntry testId="baff1e4c-b682-9019-04f4-ee7c6241c8fb" executionId="7f280d68-c3b4-4462-aac9-606f14d35486" testListId="8c84fa94-04c1-424b-9868-57a2d4851a1d" />
    <TestEntry testId="ec8fa001-e49f-551c-872e-1478e0b020bc" executionId="b3bd6f40-07e8-4090-8326-d1124fb43e57" testListId="8c84fa94-04c1-424b-9868-57a2d4851a1d" />
    <TestEntry testId="b08eb6b8-a2d9-d153-1bc4-a456044bf6bb" executionId="29578e32-27e0-4445-b482-c4023cbe2ba5" testListId="8c84fa94-04c1-424b-9868-57a2d4851a1d" />
    <TestEntry testId="aa2a2537-acc7-fac0-bb1e-d193ab189c0c" executionId="167485ae-1a36-42e4-8e2d-5394c8a86e64" testListId="8c84fa94-04c1-424b-9868-57a2d4851a1d" />
    <TestEntry testId="817a49b7-8c86-6256-a5bf-b08a90c08794" executionId="8404e606-856f-4479-a6e8-4d75bacde56e" testListId="8c84fa94-04c1-424b-9868-57a2d4851a1d" />
    <TestEntry testId="8478dbe5-82ae-a5cf-14ed-dca0323d32ee" executionId="1a41ba2d-2757-4a4a-9172-612be37a7612" testListId="8c84fa94-04c1-424b-9868-57a2d4851a1d" />
    <TestEntry testId="beabd535-a81b-7854-466b-bc77ec14ae26" executionId="7c80805c-2573-4c27-a2c8-3ad35b391ec9" testListId="8c84fa94-04c1-424b-9868-57a2d4851a1d" />
    <TestEntry testId="7901392d-3577-bf93-641d-bc76d8a8a033" executionId="83fea49a-5b5d-4f58-868a-8733500ac652" testListId="8c84fa94-04c1-424b-9868-57a2d4851a1d" />
    <TestEntry testId="a934c57a-74dc-4b22-6ffd-7def539549a2" executionId="788bf61a-8693-43ef-8f16-1691b1857c43" testListId="8c84fa94-04c1-424b-9868-57a2d4851a1d" />
    <TestEntry testId="b7d79b70-654f-cdc7-c931-6bf701fefb44" executionId="d6c75966-adb4-49ed-9ada-2d709204a9bb" testListId="8c84fa94-04c1-424b-9868-57a2d4851a1d" />
    <TestEntry testId="eb07658b-da2c-b708-db7a-933461be8e63" executionId="2e927585-cb84-44cf-a524-533f759023bb" testListId="8c84fa94-04c1-424b-9868-57a2d4851a1d" />
    <TestEntry testId="72e9872f-e146-2fb9-0c1d-bfc150eba3ba" executionId="f68a8b88-2dbf-455b-b20e-62239d11ec99" testListId="8c84fa94-04c1-424b-9868-57a2d4851a1d" />
    <TestEntry testId="ba75125b-a219-892f-41c3-4bebe36d3c3d" executionId="4cfd2e1b-3d20-4162-be18-c141d45d7133" testListId="8c84fa94-04c1-424b-9868-57a2d4851a1d" />
    <TestEntry testId="5c75a430-77bf-290c-c3d3-c3f927b487ee" executionId="df9d0904-4aef-4786-bc34-e9eec92622a0" testListId="8c84fa94-04c1-424b-9868-57a2d4851a1d" />
    <TestEntry testId="b9ee8f06-b1e0-e65c-8d48-797b8570245b" executionId="6972c0d9-070c-43ef-9b79-b0e43a0bb748" testListId="8c84fa94-04c1-424b-9868-57a2d4851a1d" />
    <TestEntry testId="29d684b0-2e25-416c-2170-4e35876ac66b" executionId="eaa4f1ac-7232-43c9-8f05-7d8006b20594" testListId="8c84fa94-04c1-424b-9868-57a2d4851a1d" />
    <TestEntry testId="388c476d-d34c-7f6e-8d71-ebbe746479a4" executionId="142e00e5-795f-42e9-9ac0-15601b46d777" testListId="8c84fa94-04c1-424b-9868-57a2d4851a1d" />
    <TestEntry testId="a3b54414-fea2-96c6-9461-4e6c114da7c6" executionId="2310da25-03da-42a4-8410-41d034b9a234" testListId="8c84fa94-04c1-424b-9868-57a2d4851a1d" />
    <TestEntry testId="02c8f3cc-8046-8730-f8ed-14529577afcb" executionId="79f93079-ab33-471d-9fa8-e936f749b3e0" testListId="8c84fa94-04c1-424b-9868-57a2d4851a1d" />
    <TestEntry testId="a963e446-af2d-a002-68c5-1d1aef7d51e8" executionId="25ab76e5-3d4d-45f7-b733-f729bd028a22" testListId="8c84fa94-04c1-424b-9868-57a2d4851a1d" />
    <TestEntry testId="d0ebb5dd-39e2-2382-c6fa-adb8fc580505" executionId="a01c43ac-17fd-4312-8033-32bcf7a51826" testListId="8c84fa94-04c1-424b-9868-57a2d4851a1d" />
    <TestEntry testId="4e38640c-9de2-9cb2-ec66-cfa7f6c7a35b" executionId="245c7400-1064-4e24-8b81-3033ea97f753" testListId="8c84fa94-04c1-424b-9868-57a2d4851a1d" />
    <TestEntry testId="c57a4b4d-48de-d9b0-c7ad-7ee9d6182b38" executionId="f9f7a8df-6ded-4359-b205-03114213819a" testListId="8c84fa94-04c1-424b-9868-57a2d4851a1d" />
    <TestEntry testId="5c0633e7-a50e-f64e-f5c3-18989739ed4a" executionId="b56c43dd-20d5-4aab-bdb1-6e78103ada8c" testListId="8c84fa94-04c1-424b-9868-57a2d4851a1d" />
    <TestEntry testId="3c69bfc4-4b32-405f-5164-8ab616062af8" executionId="65bfcb34-e36e-4f09-927d-cd139ae2398b" testListId="8c84fa94-04c1-424b-9868-57a2d4851a1d" />
    <TestEntry testId="2cc58668-9dc7-b18f-f113-82958087b168" executionId="2790c842-2dfb-4fbf-99f1-66e53e03a8f3" testListId="8c84fa94-04c1-424b-9868-57a2d4851a1d" />
    <TestEntry testId="64f9aa5e-069c-1055-cd19-778854105070" executionId="dc45ba3c-53b2-4a05-9822-45adcb9b30af" testListId="8c84fa94-04c1-424b-9868-57a2d4851a1d" />
    <TestEntry testId="26f6843d-5eca-53a4-0713-7ad0280511d8" executionId="13deea23-77bc-4998-a971-34a9ae8c808c" testListId="8c84fa94-04c1-424b-9868-57a2d4851a1d" />
    <TestEntry testId="56e05ba7-632d-f502-5502-a567718423da" executionId="f843f333-66de-427e-8c28-5dd10969c8b0" testListId="8c84fa94-04c1-424b-9868-57a2d4851a1d" />
    <TestEntry testId="e834fa8f-c7d5-14b8-347d-2a4019de90d0" executionId="e6919640-a398-480b-889e-f5469bd5e00b" testListId="8c84fa94-04c1-424b-9868-57a2d4851a1d" />
    <TestEntry testId="69bb0600-5e66-cbf0-6f83-c1811a371d15" executionId="1233f410-e875-475c-8e40-c7bd2df09f20" testListId="8c84fa94-04c1-424b-9868-57a2d4851a1d" />
    <TestEntry testId="b032112f-1b13-3d03-bb25-b6835e6a65aa" executionId="c4e6086a-094f-4e99-9d40-fb61bbe3e69f" testListId="8c84fa94-04c1-424b-9868-57a2d4851a1d" />
    <TestEntry testId="5e96541d-bf62-26ff-d471-40017efbfeae" executionId="abfbdc82-4b30-472d-87b3-503d99e78ca7" testListId="8c84fa94-04c1-424b-9868-57a2d4851a1d" />
    <TestEntry testId="2973bfcc-7b2a-984f-e2ef-99a39decd1c1" executionId="da717f1b-67d9-4f83-b044-d831cd946783" testListId="8c84fa94-04c1-424b-9868-57a2d4851a1d" />
    <TestEntry testId="dfb29709-d52f-ce00-9c19-520757533373" executionId="9a7a5ae1-7d16-4fbb-b425-75912bc55e05" testListId="8c84fa94-04c1-424b-9868-57a2d4851a1d" />
    <TestEntry testId="4c381978-12d5-0e6f-00d2-6b440f9dc78e" executionId="6689d696-f978-4857-bdc1-29b300edf24a" testListId="8c84fa94-04c1-424b-9868-57a2d4851a1d" />
    <TestEntry testId="f4902e8a-7e72-0028-6876-325b511cba9f" executionId="2f36059d-6138-4158-a69a-ad3187cebbad" testListId="8c84fa94-04c1-424b-9868-57a2d4851a1d" />
    <TestEntry testId="357aa88b-f145-46f3-b618-28ff4d234211" executionId="8f3df5d2-8d46-4801-8539-f52ff78a9f06" testListId="8c84fa94-04c1-424b-9868-57a2d4851a1d" />
    <TestEntry testId="74a7161d-5c30-962d-e325-efebe9b72001" executionId="c3a3d9dd-365c-4ad1-9faa-550b8ebd37d5" testListId="8c84fa94-04c1-424b-9868-57a2d4851a1d" />
    <TestEntry testId="4036f975-aabb-537e-f8ee-99a9334a5210" executionId="93c887fc-f768-4a33-b898-34e958cf017b" testListId="8c84fa94-04c1-424b-9868-57a2d4851a1d" />
    <TestEntry testId="ffd636a6-1e4e-93bc-caff-d1d1bbf30378" executionId="86e6255a-a126-4691-b656-66c67004f54e" testListId="8c84fa94-04c1-424b-9868-57a2d4851a1d" />
    <TestEntry testId="04ba0286-6be6-f348-ef7a-5a5aebc3ee34" executionId="ccea1732-40d7-4f85-aff3-e96dd55a7627" testListId="8c84fa94-04c1-424b-9868-57a2d4851a1d" />
    <TestEntry testId="802628e8-6fb5-26fa-d1b8-23fa66f773bb" executionId="d225e1af-ebfb-4ae5-902d-3ad48edc38d7" testListId="8c84fa94-04c1-424b-9868-57a2d4851a1d" />
    <TestEntry testId="bb43b1e4-ae50-26df-7d07-45d3d47ce979" executionId="8569d72c-c6cc-4273-9b0f-6c06e8852cf8" testListId="8c84fa94-04c1-424b-9868-57a2d4851a1d" />
    <TestEntry testId="5aae2866-0e63-5303-c86b-20200a10452d" executionId="a8d06f37-7966-466d-bfea-8e408aa81639" testListId="8c84fa94-04c1-424b-9868-57a2d4851a1d" />
    <TestEntry testId="39ab428f-3f0b-9401-d49a-b020021c99dc" executionId="7aa51373-f7bd-4c77-8cfb-17ae8e63df99" testListId="8c84fa94-04c1-424b-9868-57a2d4851a1d" />
    <TestEntry testId="58b8d886-43f4-ab82-423a-507a2231294b" executionId="2f514fc3-16f0-4c65-b13e-46b7c80f096c" testListId="8c84fa94-04c1-424b-9868-57a2d4851a1d" />
    <TestEntry testId="f169f7f2-5376-4022-cc02-e7e57970d2db" executionId="3b0a7239-7fc7-47c8-9ac2-35a21a180177" testListId="8c84fa94-04c1-424b-9868-57a2d4851a1d" />
    <TestEntry testId="33c3da15-4339-4eb0-c449-c5584b41ca07" executionId="a756ebd8-642d-4554-a202-1bce6c156968" testListId="8c84fa94-04c1-424b-9868-57a2d4851a1d" />
    <TestEntry testId="0a517831-35b5-973d-94ef-361826655cfd" executionId="17c0a37c-3d85-4878-b4e4-3719afd687a4" testListId="8c84fa94-04c1-424b-9868-57a2d4851a1d" />
    <TestEntry testId="b1e99fad-9712-752b-8a64-8111d141c044" executionId="a8422e08-921b-4184-96ce-54521d553820" testListId="8c84fa94-04c1-424b-9868-57a2d4851a1d" />
    <TestEntry testId="7ac6d2bb-2ae4-662d-70bb-323f78a4d416" executionId="6d885b04-05b8-410d-a306-88eb69d43a1d" testListId="8c84fa94-04c1-424b-9868-57a2d4851a1d" />
    <TestEntry testId="e7081bd1-8a6f-b420-ad43-e27839b1b2a1" executionId="cdc35f23-d000-42ad-b76a-b1872114cdfb" testListId="8c84fa94-04c1-424b-9868-57a2d4851a1d" />
    <TestEntry testId="853dc122-c8bc-62c4-644e-6c66fe778993" executionId="e8ea9e5f-20b4-48bf-a61d-efebc972465d" testListId="8c84fa94-04c1-424b-9868-57a2d4851a1d" />
    <TestEntry testId="039b2053-9696-e2fc-b7cf-94be9b051e58" executionId="54ee1ae4-e39e-433d-a1dc-5a09dfccf877" testListId="8c84fa94-04c1-424b-9868-57a2d4851a1d" />
    <TestEntry testId="9fea31a5-ecc4-0a3d-77da-7233f75a438f" executionId="f38a98bc-4a9b-4e1c-8780-43701d36bedf" testListId="8c84fa94-04c1-424b-9868-57a2d4851a1d" />
    <TestEntry testId="d6b4a7c3-36a7-e061-0c18-16ee1399dcc9" executionId="9a81523a-fef3-48a5-b7ea-a5c6fefc02b7" testListId="8c84fa94-04c1-424b-9868-57a2d4851a1d" />
    <TestEntry testId="62f127d9-a0a3-5706-49a7-fb63760b5c05" executionId="fc6547a8-22af-4fb7-994d-209bde5b2e59" testListId="8c84fa94-04c1-424b-9868-57a2d4851a1d" />
    <TestEntry testId="874107af-69b6-d02c-bb7a-57da33f7f268" executionId="95edd14e-b5dd-4458-b4b1-0c348fc8be3e" testListId="8c84fa94-04c1-424b-9868-57a2d4851a1d" />
    <TestEntry testId="21806500-e743-4262-83d1-0b2b1558ea13" executionId="de2d02b5-119c-4285-be9d-ca4bff511af6" testListId="8c84fa94-04c1-424b-9868-57a2d4851a1d" />
    <TestEntry testId="7361635d-0471-b883-2a3e-9e11ada3a373" executionId="9a94cf62-27d0-4666-97cd-1da45e0f6f45" testListId="8c84fa94-04c1-424b-9868-57a2d4851a1d" />
    <TestEntry testId="ef5c9134-9612-2b86-7a01-cd472bba9065" executionId="a773ed32-f030-4416-9b75-e75630e48ee2" testListId="8c84fa94-04c1-424b-9868-57a2d4851a1d" />
    <TestEntry testId="34f2fcd0-692e-d784-b7f8-838f5156b834" executionId="c712b25f-07c9-4412-9fb0-89146bacf907" testListId="8c84fa94-04c1-424b-9868-57a2d4851a1d" />
    <TestEntry testId="794108d2-0f91-37dc-89eb-9552b0474c91" executionId="b3e97f96-0272-41ac-99dc-8f2fa56887c2" testListId="8c84fa94-04c1-424b-9868-57a2d4851a1d" />
    <TestEntry testId="94da58dc-f615-cfce-cd34-57628676c325" executionId="20589d65-a4c0-4faa-91d7-56ed41a6cd58" testListId="8c84fa94-04c1-424b-9868-57a2d4851a1d" />
    <TestEntry testId="aeb82383-8a39-2cc9-fc7d-52bd6f0ee698" executionId="0e76bde2-696b-4b07-bcde-01d55684cebb" testListId="8c84fa94-04c1-424b-9868-57a2d4851a1d" />
    <TestEntry testId="259a0ba7-bf70-4f5e-7ff2-4c769107ca3a" executionId="3e068276-790d-4044-b00f-43521a939a1c" testListId="8c84fa94-04c1-424b-9868-57a2d4851a1d" />
    <TestEntry testId="2af9ef9c-9649-cbbf-8f5c-39f4b3056be4" executionId="cbc91eb2-b073-4f95-91ed-0c49dc171d58" testListId="8c84fa94-04c1-424b-9868-57a2d4851a1d" />
    <TestEntry testId="d2358cb3-85bc-fda3-2eed-0a2a478d6789" executionId="61a7b807-c111-4976-bd48-d8ef515e9f5c" testListId="8c84fa94-04c1-424b-9868-57a2d4851a1d" />
    <TestEntry testId="61203c2b-fac1-ee3b-a5a4-736d5154f26c" executionId="3c50f2a4-1b16-4712-a72a-f5b64cea240e" testListId="8c84fa94-04c1-424b-9868-57a2d4851a1d" />
    <TestEntry testId="cd25b06b-0fa5-8e76-d488-b4b3e1f3fe07" executionId="7c36666f-e908-455c-a84c-59848bc05882" testListId="8c84fa94-04c1-424b-9868-57a2d4851a1d" />
    <TestEntry testId="29b5836d-082b-f72d-cb89-131afc3a7659" executionId="cbd1edb7-c2db-4bf8-bd87-07c3131c280b" testListId="8c84fa94-04c1-424b-9868-57a2d4851a1d" />
    <TestEntry testId="9068db29-17b2-595d-773e-3b64e5b1b90a" executionId="700281fd-8944-418a-b4c6-829fd0e279cd" testListId="8c84fa94-04c1-424b-9868-57a2d4851a1d" />
    <TestEntry testId="44226950-31ad-5f0b-4d90-f6d2f68da17a" executionId="a645f6cf-c596-4bd5-8ef2-bb194aaf1189" testListId="8c84fa94-04c1-424b-9868-57a2d4851a1d" />
    <TestEntry testId="74520b87-908e-9792-3c7b-51d3c5f50b9f" executionId="dab95ad5-5c42-4531-abc1-4d3e11e8535e" testListId="8c84fa94-04c1-424b-9868-57a2d4851a1d" />
    <TestEntry testId="9d85024a-ea9e-440c-34f9-b41b5a2ebe56" executionId="b6c2d47d-c0a8-4fb2-8223-0fb1624aa8a0" testListId="8c84fa94-04c1-424b-9868-57a2d4851a1d" />
    <TestEntry testId="02b2d151-667f-bb4d-f1d9-e5515851b4c2" executionId="75f249aa-7703-4bdf-96b1-0ba79de168aa" testListId="8c84fa94-04c1-424b-9868-57a2d4851a1d" />
    <TestEntry testId="3b282e31-e662-2209-1675-06885da7712c" executionId="7504b14a-e93c-401b-8dc8-01b7ff46407b" testListId="8c84fa94-04c1-424b-9868-57a2d4851a1d" />
    <TestEntry testId="4abb4581-af66-78a4-046c-15d0397a9455" executionId="c2ee4580-6aea-42a9-8fe6-15ab81ab3b54" testListId="8c84fa94-04c1-424b-9868-57a2d4851a1d" />
    <TestEntry testId="6570d90c-63b9-00da-8be6-a5600bf30066" executionId="b4f222d3-13a9-4dcb-a0d2-17e6d1854cfd" testListId="8c84fa94-04c1-424b-9868-57a2d4851a1d" />
    <TestEntry testId="7fbbb8ec-7eda-3e82-92dc-46be9d4347d0" executionId="51fd974d-57de-4a8e-a82d-421c0024dc62" testListId="8c84fa94-04c1-424b-9868-57a2d4851a1d" />
    <TestEntry testId="5a7b28aa-274c-83de-849a-46605f2be5a8" executionId="0752ebf4-4c63-45e3-9821-d2171f1fa20a" testListId="8c84fa94-04c1-424b-9868-57a2d4851a1d" />
    <TestEntry testId="ac280fea-aebb-b911-3019-ace37fbbdbc4" executionId="edc06f05-18af-4634-903f-4649003b8a78" testListId="8c84fa94-04c1-424b-9868-57a2d4851a1d" />
    <TestEntry testId="c25e0d20-e5da-2683-4906-64928b354137" executionId="f4a75765-b61d-4ed5-a92c-0fdf95658816" testListId="8c84fa94-04c1-424b-9868-57a2d4851a1d" />
    <TestEntry testId="523ccd07-2fea-b077-ce34-edfc798b2c89" executionId="605d3163-eec6-4598-ab75-c24d0de1bc2c" testListId="8c84fa94-04c1-424b-9868-57a2d4851a1d" />
    <TestEntry testId="fba79d8b-e84a-e36b-1d55-e7660c252582" executionId="d620022c-9234-4d9a-86ae-a634d18e00d2" testListId="8c84fa94-04c1-424b-9868-57a2d4851a1d" />
    <TestEntry testId="83a7a30c-ff50-77e3-edea-21262e7fcc06" executionId="9a430170-1a66-4145-975b-86a32a0bc81b" testListId="8c84fa94-04c1-424b-9868-57a2d4851a1d" />
    <TestEntry testId="8fa4b3e3-03f0-b4e5-5ef6-2270848dbaea" executionId="c0c13e3d-3bdb-44bf-be5c-24b3524e7ca3" testListId="8c84fa94-04c1-424b-9868-57a2d4851a1d" />
    <TestEntry testId="76dc2cc6-5426-5f99-0da4-08390eec12d2" executionId="02e099b4-2410-41af-96e3-256ed16eaa0b" testListId="8c84fa94-04c1-424b-9868-57a2d4851a1d" />
    <TestEntry testId="a03d31e5-b519-df48-9108-2eaf143ef1ab" executionId="00538240-bcd6-4b9b-89d7-bd038b81869c" testListId="8c84fa94-04c1-424b-9868-57a2d4851a1d" />
    <TestEntry testId="dd42b662-6b53-5de3-e720-4776d7c28112" executionId="08dc2f1a-5ea8-45c4-8239-b69b5f2b6e0d" testListId="8c84fa94-04c1-424b-9868-57a2d4851a1d" />
    <TestEntry testId="1305c141-a0e3-24aa-3477-4be19c2cf492" executionId="8ac601ab-97e6-450e-813b-d2cead6a0977" testListId="8c84fa94-04c1-424b-9868-57a2d4851a1d" />
    <TestEntry testId="1de5d0cb-bc35-73c6-f8cc-f155ab3b1d36" executionId="d5795bf6-9a2b-4044-9cb3-a577d97f2a21" testListId="8c84fa94-04c1-424b-9868-57a2d4851a1d" />
    <TestEntry testId="b3d817b8-e7e6-eb65-f92d-7523f232fbca" executionId="7ca045e4-d3a7-4c01-a0e2-d7ffe7ec04cd" testListId="8c84fa94-04c1-424b-9868-57a2d4851a1d" />
    <TestEntry testId="01e4eee8-390a-a03d-6f7a-91218197b87f" executionId="d90772bd-8b7b-4535-981f-fc6f67000a4f" testListId="8c84fa94-04c1-424b-9868-57a2d4851a1d" />
    <TestEntry testId="279ef243-f59c-b7ed-7e28-7e46d8077385" executionId="e5bf74ea-5cd9-4259-b394-6d9d527c617b" testListId="8c84fa94-04c1-424b-9868-57a2d4851a1d" />
    <TestEntry testId="b94b5189-3b8b-329c-6c26-668c5bb5da4e" executionId="e3776e91-247c-47e1-ad6e-c69ef89188ac" testListId="8c84fa94-04c1-424b-9868-57a2d4851a1d" />
    <TestEntry testId="66870d86-2e1d-f691-641d-031536916a0f" executionId="50c5dfb4-2670-4fc3-9a97-6c89e034c2b4" testListId="8c84fa94-04c1-424b-9868-57a2d4851a1d" />
    <TestEntry testId="c4f78332-ee10-3e76-8589-3ced1b5be738" executionId="9500229b-785a-4e13-a419-3eb0e7f7fa34" testListId="8c84fa94-04c1-424b-9868-57a2d4851a1d" />
    <TestEntry testId="b761596d-0bb6-e439-c952-5fd1de6486a8" executionId="f7767276-86a5-4215-a8d0-32beef101c48" testListId="8c84fa94-04c1-424b-9868-57a2d4851a1d" />
    <TestEntry testId="806abd20-3c06-737b-da82-40fdab6a592c" executionId="67e94f40-fecf-4d9b-a587-69fe85621cef" testListId="8c84fa94-04c1-424b-9868-57a2d4851a1d" />
    <TestEntry testId="9783da64-6fb6-c3b5-b3ac-c11796365d5b" executionId="7a76240d-d933-474b-a276-05729f3323cd" testListId="8c84fa94-04c1-424b-9868-57a2d4851a1d" />
    <TestEntry testId="8bdbd0c1-a790-4970-e092-0b55412b8dc4" executionId="c14939bc-277d-4e69-b1d7-22c08db63854" testListId="8c84fa94-04c1-424b-9868-57a2d4851a1d" />
    <TestEntry testId="8f9a3242-57e5-a277-304e-59d280184022" executionId="841b738f-91d4-4730-8551-ef28e9762f2f" testListId="8c84fa94-04c1-424b-9868-57a2d4851a1d" />
    <TestEntry testId="ca797047-54de-e06f-659a-e063a9db7c34" executionId="8d47a359-7026-4a91-b2c5-0891f81447a4" testListId="8c84fa94-04c1-424b-9868-57a2d4851a1d" />
    <TestEntry testId="9a16ed3b-15b3-1007-93f3-42a0751d2bc3" executionId="a6f44176-4e99-4b95-9683-2e011a28036b" testListId="8c84fa94-04c1-424b-9868-57a2d4851a1d" />
    <TestEntry testId="02863a6f-42b8-83c4-3b50-aaaf31ebb295" executionId="781c5e71-5f4b-48c4-b9f2-51929284a455" testListId="8c84fa94-04c1-424b-9868-57a2d4851a1d" />
    <TestEntry testId="49e5e949-0b9c-2183-02c5-2dbb07d4851a" executionId="d7a2c6f5-9286-4944-8e4b-a549e7429583" testListId="8c84fa94-04c1-424b-9868-57a2d4851a1d" />
    <TestEntry testId="a6d890d9-ba20-2a4c-cb99-488fc7063ee6" executionId="7faf7e4e-917c-40c4-8d2c-d4e61def990b" testListId="8c84fa94-04c1-424b-9868-57a2d4851a1d" />
    <TestEntry testId="f79592c8-9574-1171-5614-c7144aa8d62a" executionId="4c980720-1946-46cd-911e-967e774ec38b" testListId="8c84fa94-04c1-424b-9868-57a2d4851a1d" />
    <TestEntry testId="330aa390-d7ca-b0e8-0a09-1cff13b32d9c" executionId="5254b097-6b68-4286-9cc6-bd8e67deb22a" testListId="8c84fa94-04c1-424b-9868-57a2d4851a1d" />
    <TestEntry testId="1cedb6d8-0f35-fa43-836b-425cffa2cc0a" executionId="77b0f395-a5e4-4807-81af-fc9c5dadbb28" testListId="8c84fa94-04c1-424b-9868-57a2d4851a1d" />
    <TestEntry testId="28c90e04-ea6b-65dc-f25c-1fb60858805f" executionId="6d228bdb-67de-413c-8f65-c9976b33d356" testListId="8c84fa94-04c1-424b-9868-57a2d4851a1d" />
    <TestEntry testId="a58b4cc1-e0f6-d3f3-8e80-87f0c088df02" executionId="925a03cb-4bfe-4ddc-90e6-5d4ec89c3206" testListId="8c84fa94-04c1-424b-9868-57a2d4851a1d" />
    <TestEntry testId="00111211-f0e6-971a-6c8f-c0770ce6204f" executionId="810cbccf-9cba-4097-a371-39d44877574e" testListId="8c84fa94-04c1-424b-9868-57a2d4851a1d" />
    <TestEntry testId="3e6cf1be-b217-81c9-3037-1ebd5891d541" executionId="e3679844-f368-45e1-86ac-fe887aa6cb2e" testListId="8c84fa94-04c1-424b-9868-57a2d4851a1d" />
    <TestEntry testId="51aa2f6d-3623-80f3-279f-c704073a9df9" executionId="a0f21a39-2c40-4c9d-b01b-fe386f54c1aa" testListId="8c84fa94-04c1-424b-9868-57a2d4851a1d" />
    <TestEntry testId="5f69b9c8-39a0-f558-d8b2-db730d17b04b" executionId="c7952786-71a4-43fe-9d2f-95f62e859703" testListId="8c84fa94-04c1-424b-9868-57a2d4851a1d" />
    <TestEntry testId="061fc792-1586-13e9-170d-fb893a208d7e" executionId="f711e549-c4d1-4bc6-9535-d8779425578b" testListId="8c84fa94-04c1-424b-9868-57a2d4851a1d" />
    <TestEntry testId="61f6fd19-bbe5-4704-f515-a237e9dab43f" executionId="a8eb1cb4-9f8c-4f0a-920e-38396af7e6b2" testListId="8c84fa94-04c1-424b-9868-57a2d4851a1d" />
    <TestEntry testId="f74c6c10-2aac-5c53-327d-f45ea200ba89" executionId="faca16da-fe86-441d-860f-a890e97867ed" testListId="8c84fa94-04c1-424b-9868-57a2d4851a1d" />
    <TestEntry testId="f8e7e248-acdc-916a-4a20-0506ab973b75" executionId="21c8b651-9a9f-4859-bbc9-704af02abc44" testListId="8c84fa94-04c1-424b-9868-57a2d4851a1d" />
    <TestEntry testId="a3851c78-9194-9a9d-aa83-c312677fda8f" executionId="8c1a40e9-3b68-4533-af65-65af8cc4ad2a" testListId="8c84fa94-04c1-424b-9868-57a2d4851a1d" />
    <TestEntry testId="0d20a752-7960-da74-be07-a279dff8804b" executionId="276ffd18-bc94-4e01-8963-7f70f88cb947" testListId="8c84fa94-04c1-424b-9868-57a2d4851a1d" />
    <TestEntry testId="fc7e9908-3587-b14b-442e-5b6a1e61adc9" executionId="4c6e5d09-00d2-4258-942d-5fe1869e4d36" testListId="8c84fa94-04c1-424b-9868-57a2d4851a1d" />
    <TestEntry testId="20ec6c48-efc2-8fc3-1b63-838530f83f37" executionId="f4f9fcb3-1f76-45d8-b73f-c3fe5b6966b2" testListId="8c84fa94-04c1-424b-9868-57a2d4851a1d" />
    <TestEntry testId="ffd89711-583f-15d7-b7d8-54f047144f9b" executionId="33dab8e8-b475-4aad-b324-fe8b159413f6" testListId="8c84fa94-04c1-424b-9868-57a2d4851a1d" />
    <TestEntry testId="c2e218d2-8bd8-8ca2-67b2-1912b12ff924" executionId="9bdc2753-722c-4af1-bc7f-c0ce164f6a79" testListId="8c84fa94-04c1-424b-9868-57a2d4851a1d" />
    <TestEntry testId="cdb445e5-ab59-b045-c3a9-f1d286cd8378" executionId="860c55d3-11f2-4b90-ad8d-3f5beaf6c7b1" testListId="8c84fa94-04c1-424b-9868-57a2d4851a1d" />
    <TestEntry testId="992a84e9-d69e-6a2a-f3dc-f6ad5de98e90" executionId="acff79ba-8ca3-44fc-afa6-13d81659dff6" testListId="8c84fa94-04c1-424b-9868-57a2d4851a1d" />
    <TestEntry testId="3ca7b289-91b8-9444-c025-ecebe5f8f48f" executionId="15480534-6119-4526-8a01-e04afa103563" testListId="8c84fa94-04c1-424b-9868-57a2d4851a1d" />
    <TestEntry testId="2020d6d4-4545-f94b-580e-bfb3de1efadc" executionId="b4910a1f-580f-43ee-a7d0-fc9a6c631014" testListId="8c84fa94-04c1-424b-9868-57a2d4851a1d" />
    <TestEntry testId="289210e1-d714-1a06-270d-470232301a4e" executionId="4e1d8e03-091c-4c65-a1cc-42e4637a2330" testListId="8c84fa94-04c1-424b-9868-57a2d4851a1d" />
    <TestEntry testId="5644bee5-96be-722c-547e-3b18bbd3aeb3" executionId="a35d67d1-ed4c-494f-8f04-2a4bbc56cadf" testListId="8c84fa94-04c1-424b-9868-57a2d4851a1d" />
    <TestEntry testId="bbd4503c-8460-7be2-44cb-c192c30ff36f" executionId="8b202cc7-75e1-4bfa-9310-923f8c45bc7d" testListId="8c84fa94-04c1-424b-9868-57a2d4851a1d" />
    <TestEntry testId="dcc07bd7-5092-b9e5-77e0-970294cc60f2" executionId="21aa043b-ad3f-4b00-8598-eab14b44da75" testListId="8c84fa94-04c1-424b-9868-57a2d4851a1d" />
    <TestEntry testId="7ffdf863-547e-af5e-1006-f11cf1deb01d" executionId="43b88d01-974b-44bc-ad15-7f8a0560d225" testListId="8c84fa94-04c1-424b-9868-57a2d4851a1d" />
    <TestEntry testId="5df674b6-0845-b2cd-8afd-d2e488b0d0c7" executionId="109f1e57-3591-44d2-b0fe-c908138598fc" testListId="8c84fa94-04c1-424b-9868-57a2d4851a1d" />
    <TestEntry testId="771d1dd1-6b02-2a08-cf1a-562e47dfe88d" executionId="acfe9b7e-25bf-40b2-9796-4d91cbdd600d" testListId="8c84fa94-04c1-424b-9868-57a2d4851a1d" />
    <TestEntry testId="cff33996-f5fe-838d-b07f-97f03a99c82e" executionId="f3368f87-43df-461a-ade1-2227ece744ab" testListId="8c84fa94-04c1-424b-9868-57a2d4851a1d" />
    <TestEntry testId="55d7e8fb-4a68-ae5c-6f1d-f88ae14fe776" executionId="e3ea6d10-40ea-4ffb-ba77-5262e3dabe36" testListId="8c84fa94-04c1-424b-9868-57a2d4851a1d" />
    <TestEntry testId="edeb0151-49f5-2be5-1026-0c32117b919b" executionId="b319c4a7-61b5-4381-8fd5-e23569c35d60" testListId="8c84fa94-04c1-424b-9868-57a2d4851a1d" />
    <TestEntry testId="f7279989-4bc5-0c33-00fc-cfa3ed7ee7c2" executionId="65e726bf-01ce-4204-ba84-a61c91ee60f4" testListId="8c84fa94-04c1-424b-9868-57a2d4851a1d" />
    <TestEntry testId="9702da6a-068b-594c-2b32-0ae0af356556" executionId="da76ba80-7bf6-4f8f-9f84-4079177d36e1" testListId="8c84fa94-04c1-424b-9868-57a2d4851a1d" />
    <TestEntry testId="84bd1229-2444-ec40-4670-54c1d3f0f408" executionId="5dc9daaf-6660-4714-8c6d-3c7720379b69" testListId="8c84fa94-04c1-424b-9868-57a2d4851a1d" />
    <TestEntry testId="5ddebc41-c5fe-0924-cc3f-0fe55dddcf87" executionId="9cfad3cb-36f7-484b-a842-1552934987d8" testListId="8c84fa94-04c1-424b-9868-57a2d4851a1d" />
    <TestEntry testId="8b1f404f-6707-cd4e-37fd-e5f00af23e47" executionId="38b10451-456a-4ba8-815c-81ec6eb903c4" testListId="8c84fa94-04c1-424b-9868-57a2d4851a1d" />
    <TestEntry testId="83d52e5a-0e5b-0d3b-6b66-ed39b4ae6d97" executionId="01197622-d050-4164-a65e-b07d14c424ce" testListId="8c84fa94-04c1-424b-9868-57a2d4851a1d" />
    <TestEntry testId="5d479354-ef9f-b001-437f-360ccd002827" executionId="445737f9-f106-426f-bd1d-89eb38b86f6d" testListId="8c84fa94-04c1-424b-9868-57a2d4851a1d" />
    <TestEntry testId="4dc871c5-4392-184b-a75d-cf44a9ce66d9" executionId="199c6b14-10e4-4b3e-ad10-ca66af2054d8" testListId="8c84fa94-04c1-424b-9868-57a2d4851a1d" />
    <TestEntry testId="f782db4c-e79b-1174-f78b-56472f825a51" executionId="5865a106-cef1-4f36-b644-44e03f84dbfc" testListId="8c84fa94-04c1-424b-9868-57a2d4851a1d" />
    <TestEntry testId="24a93b79-982d-1508-0614-05488f32b376" executionId="ff8c3442-5eb0-4395-84c4-f3d8e5ce81ae" testListId="8c84fa94-04c1-424b-9868-57a2d4851a1d" />
    <TestEntry testId="ad5a5be8-a30a-a4cb-20d4-8a1ff6c5dffb" executionId="3acc2075-a344-4a12-b833-c5fc8555bb2b" testListId="8c84fa94-04c1-424b-9868-57a2d4851a1d" />
    <TestEntry testId="9fe0ac2f-ab66-4b54-8a8c-84f88632f43c" executionId="dad525f7-898d-483b-8389-e682a76c9cf5" testListId="8c84fa94-04c1-424b-9868-57a2d4851a1d" />
    <TestEntry testId="71fbd216-6c35-f7fe-fc31-6ab9288b50f9" executionId="47fd9db4-b8ce-4f1c-ac5b-412ca50cd86e" testListId="8c84fa94-04c1-424b-9868-57a2d4851a1d" />
    <TestEntry testId="539ad0e3-4821-f0db-7979-436499efaef0" executionId="65be2c0c-9437-4751-beb7-c6ccefac885c" testListId="8c84fa94-04c1-424b-9868-57a2d4851a1d" />
    <TestEntry testId="a423304b-e3d2-899f-2405-1ad025659a1b" executionId="d3f193f4-a83b-46e6-a34f-2963d8d0bd0b" testListId="8c84fa94-04c1-424b-9868-57a2d4851a1d" />
    <TestEntry testId="78e2fc07-3385-1fe5-87fc-6c04b14d7e26" executionId="385d858b-a51c-4afc-9e1c-1028d3cfacb2" testListId="8c84fa94-04c1-424b-9868-57a2d4851a1d" />
    <TestEntry testId="2e74faf9-d82a-af5b-1893-6f43170bdde5" executionId="8d71e1d4-7ab0-4d43-a797-3324e5a43212" testListId="8c84fa94-04c1-424b-9868-57a2d4851a1d" />
    <TestEntry testId="1136f19d-597b-e33e-2d0b-816a915a7044" executionId="69476212-50ca-4986-b254-311c02299be6" testListId="8c84fa94-04c1-424b-9868-57a2d4851a1d" />
    <TestEntry testId="9e7cf0e2-05cc-9bbf-4cfa-e061d3b4f063" executionId="d1ffb676-fa2d-408f-801c-791bbc0ab1b4" testListId="8c84fa94-04c1-424b-9868-57a2d4851a1d" />
    <TestEntry testId="70bb42e0-bf26-6c57-0a75-355d85662aea" executionId="4fdb0e35-f692-4665-bbeb-427d14ece3bd" testListId="8c84fa94-04c1-424b-9868-57a2d4851a1d" />
    <TestEntry testId="c79bcd43-4941-57ea-1a79-3475c0674753" executionId="98a7c913-2851-4e2a-afe8-b54fb4c2c70b" testListId="8c84fa94-04c1-424b-9868-57a2d4851a1d" />
    <TestEntry testId="f7d720fb-6680-8f75-f55b-8e297214e998" executionId="3465a8ae-52da-4d47-bff6-3849445c0444" testListId="8c84fa94-04c1-424b-9868-57a2d4851a1d" />
    <TestEntry testId="0299594f-73e4-1cba-c600-48844cd82350" executionId="e76eba12-b744-495b-8a2e-4852173c0003" testListId="8c84fa94-04c1-424b-9868-57a2d4851a1d" />
    <TestEntry testId="f3e4fa1d-85a8-98e6-f624-c5f6f260ae11" executionId="337e3936-ff26-4ba9-b867-5471bea3c81f" testListId="8c84fa94-04c1-424b-9868-57a2d4851a1d" />
    <TestEntry testId="40c747f8-f393-79cf-9d54-1747fa8224b9" executionId="f1b4e79e-21e9-4c35-addf-4ede85cda335" testListId="8c84fa94-04c1-424b-9868-57a2d4851a1d" />
    <TestEntry testId="35ad68a0-6068-2419-2ce2-20b8f09b6b5f" executionId="1bf2fbec-a77b-41d7-95bc-2cbeba5bdd5f" testListId="8c84fa94-04c1-424b-9868-57a2d4851a1d" />
    <TestEntry testId="398b03d6-8db0-a876-f4f2-221b13127931" executionId="89473d57-b5e9-4726-9f73-d97081fd71bc" testListId="8c84fa94-04c1-424b-9868-57a2d4851a1d" />
    <TestEntry testId="33c3a840-bd9b-6bc8-3eb8-4843fe9ece6f" executionId="149c60ee-0476-4f5d-a83c-f5db4737da24" testListId="8c84fa94-04c1-424b-9868-57a2d4851a1d" />
    <TestEntry testId="ee4cd58e-8c19-0252-2f35-6808dd995c79" executionId="30452cfc-3342-454c-a3ec-8255f7cc72b9" testListId="8c84fa94-04c1-424b-9868-57a2d4851a1d" />
    <TestEntry testId="ebc835dd-627e-352c-492e-584b9a5879f9" executionId="43cbe62d-3102-40fa-8957-3c2cd8888711" testListId="8c84fa94-04c1-424b-9868-57a2d4851a1d" />
    <TestEntry testId="2ca91596-8201-71d7-e88c-b8ed47ea102c" executionId="5de259df-99f7-4293-b31b-ca576a32771c" testListId="8c84fa94-04c1-424b-9868-57a2d4851a1d" />
    <TestEntry testId="40fd06fb-7b5a-53ff-fccf-240959616eb7" executionId="618d7d31-e571-4f24-a230-81392cadf6fe" testListId="8c84fa94-04c1-424b-9868-57a2d4851a1d" />
    <TestEntry testId="753586d4-f076-28db-e6f6-02c52a229d0e" executionId="4629ab32-1762-4c45-ac75-1508e2c93972" testListId="8c84fa94-04c1-424b-9868-57a2d4851a1d" />
    <TestEntry testId="d8099ce0-3d7b-3f16-2d50-6618d96e18aa" executionId="1bcb5d84-45ce-4b15-a2fd-c5c1b7a9d1a2" testListId="8c84fa94-04c1-424b-9868-57a2d4851a1d" />
    <TestEntry testId="88fe4a5c-f3fc-7b4e-de6f-6aa9a569bea4" executionId="bbcca48d-1b9e-455a-b187-8c381cb4a81a" testListId="8c84fa94-04c1-424b-9868-57a2d4851a1d" />
    <TestEntry testId="ba5848f1-2b40-6b05-486c-f8baa54e4f00" executionId="50b2a143-840f-4fd7-a5ac-9977a6d4e0aa" testListId="8c84fa94-04c1-424b-9868-57a2d4851a1d" />
    <TestEntry testId="b271a3a8-d635-e265-93cc-3f6010f44312" executionId="8842af8d-2411-4bc6-972d-30ec026b100d" testListId="8c84fa94-04c1-424b-9868-57a2d4851a1d" />
    <TestEntry testId="cf2e6996-22f0-5db8-5400-8b9456fb3bd1" executionId="e175d353-a99b-4473-ba14-de31f542ef1f" testListId="8c84fa94-04c1-424b-9868-57a2d4851a1d" />
    <TestEntry testId="5ece6615-6204-c2c7-d5ce-5fbcb4d47e21" executionId="f7fb2c71-9281-4789-a2ed-67c2e31f6803" testListId="8c84fa94-04c1-424b-9868-57a2d4851a1d" />
    <TestEntry testId="8ceafbe3-d7d0-98c3-025e-4971760dfaa1" executionId="2241c57d-37a5-40de-a3f6-8b06dc9ede1a" testListId="8c84fa94-04c1-424b-9868-57a2d4851a1d" />
    <TestEntry testId="1abda0e4-5bc1-3609-bf4f-c627801e59f8" executionId="f21efba6-3737-4d58-b2b1-f2a5a10b378b" testListId="8c84fa94-04c1-424b-9868-57a2d4851a1d" />
    <TestEntry testId="949725dd-6b3f-d5d7-b7d9-9c14ac78c384" executionId="95223582-7e85-4b7f-9ec8-f89da8ee2929" testListId="8c84fa94-04c1-424b-9868-57a2d4851a1d" />
    <TestEntry testId="7d003dee-7248-76af-b4ef-f456139d750f" executionId="9eac1513-ded7-46d2-82c8-73d53a836263" testListId="8c84fa94-04c1-424b-9868-57a2d4851a1d" />
    <TestEntry testId="aedfea85-8ba6-03d1-82b1-2f7825267932" executionId="42b2f105-8474-460d-a2cc-08dc77c7d40f" testListId="8c84fa94-04c1-424b-9868-57a2d4851a1d" />
    <TestEntry testId="a2a4d979-bf79-d5c5-c522-a313408e9fa1" executionId="6ae9e947-7096-4cf9-95ce-d9d5725553f7" testListId="8c84fa94-04c1-424b-9868-57a2d4851a1d" />
    <TestEntry testId="45d8fc59-1a97-3295-4aa4-9068d7523d50" executionId="935e86b5-403e-4826-9085-eedd9014268b" testListId="8c84fa94-04c1-424b-9868-57a2d4851a1d" />
    <TestEntry testId="e60c4eb7-333a-92ae-4d3d-7b552a715c3e" executionId="ee3fac6d-5228-4cc2-9ac2-15fca97b2846" testListId="8c84fa94-04c1-424b-9868-57a2d4851a1d" />
    <TestEntry testId="27fac88f-2866-dc2b-9ed4-6f81b7ebfa70" executionId="7c5ac6bc-bb8c-4623-848d-e6bbcc75eb93" testListId="8c84fa94-04c1-424b-9868-57a2d4851a1d" />
    <TestEntry testId="ad85d1fc-d46a-97dc-33eb-7573f1d1232b" executionId="b3c6c843-cfa5-4ea5-84a0-489997514882" testListId="8c84fa94-04c1-424b-9868-57a2d4851a1d" />
    <TestEntry testId="8847c611-e637-f135-d4ee-97217fce4955" executionId="dd3571a7-af2e-4aab-bb9f-801fdfacbb03" testListId="8c84fa94-04c1-424b-9868-57a2d4851a1d" />
    <TestEntry testId="6254daef-258b-86ba-499b-8e0b9550e559" executionId="399b7fac-ffe6-4d64-8b25-995c3615f0ef" testListId="8c84fa94-04c1-424b-9868-57a2d4851a1d" />
    <TestEntry testId="8d51adab-5025-828a-3a74-d9ee3955e84d" executionId="f1b12ce4-34eb-432c-9221-ade135dc152b" testListId="8c84fa94-04c1-424b-9868-57a2d4851a1d" />
    <TestEntry testId="0f6b41fe-2883-b304-9a30-c41f3a9508b9" executionId="ea47b624-de1d-49e1-9ace-36922d370c60" testListId="8c84fa94-04c1-424b-9868-57a2d4851a1d" />
    <TestEntry testId="69f3cd4f-f34a-e938-afb9-2edbcadadfd6" executionId="3de31487-54b0-4784-82fe-76f0f8d0beec" testListId="8c84fa94-04c1-424b-9868-57a2d4851a1d" />
    <TestEntry testId="f8798a06-bec2-cdf1-c5c3-040b6bbc7bd3" executionId="52b845ca-7208-4476-93ee-15264b359e57" testListId="8c84fa94-04c1-424b-9868-57a2d4851a1d" />
    <TestEntry testId="522171e3-c016-9bea-7785-95a29e3d413b" executionId="70021871-83c2-433d-81c9-a906765f270a" testListId="8c84fa94-04c1-424b-9868-57a2d4851a1d" />
    <TestEntry testId="a2238e00-5e9d-7fb8-9fcc-b42a473add09" executionId="2e2e9f05-8c6a-4674-a5f6-65f2ee8fe013" testListId="8c84fa94-04c1-424b-9868-57a2d4851a1d" />
    <TestEntry testId="3f59cc63-7687-09cd-745a-34c2cf7c2459" executionId="dfba0ef4-1cf8-4f26-8e2d-8de69ce3dfa6" testListId="8c84fa94-04c1-424b-9868-57a2d4851a1d" />
    <TestEntry testId="2b1f3b6a-aaf2-ed1b-ef4f-eaf8a5cb9923" executionId="897e2283-0278-4456-9f11-20f03e20b617" testListId="8c84fa94-04c1-424b-9868-57a2d4851a1d" />
    <TestEntry testId="6325daee-cf8a-a37b-1083-aec848ba8eaa" executionId="08529334-5da2-4214-b285-b93fda381832" testListId="8c84fa94-04c1-424b-9868-57a2d4851a1d" />
    <TestEntry testId="cd066c35-818e-33d4-9d89-a4aa8374f78a" executionId="eb497703-fa34-46f2-ba31-c97dd4c55d4b" testListId="8c84fa94-04c1-424b-9868-57a2d4851a1d" />
    <TestEntry testId="509e665c-cf4b-2c7c-238c-43016d6b516e" executionId="ef87d72f-9fa6-4fd9-bffd-8b80c743541c" testListId="8c84fa94-04c1-424b-9868-57a2d4851a1d" />
    <TestEntry testId="3f45c582-7055-c0c3-8a6c-b27ce510730c" executionId="bc257481-ebed-4220-bdbc-aced2c79cf45" testListId="8c84fa94-04c1-424b-9868-57a2d4851a1d" />
    <TestEntry testId="08d5354d-699d-8725-8bb7-e562f20aaa25" executionId="3287e612-a5f0-45a2-b1ea-0ee9f0ce2659" testListId="8c84fa94-04c1-424b-9868-57a2d4851a1d" />
    <TestEntry testId="644a4da9-2c44-507c-8737-52c2ef8b7566" executionId="e898eced-ea74-4168-8429-3238eb8d064e" testListId="8c84fa94-04c1-424b-9868-57a2d4851a1d" />
    <TestEntry testId="d1cc441b-d295-0bb6-ca4a-0a7911e4ddab" executionId="cf73bae8-80d7-4f77-9a85-039eaba533e6" testListId="8c84fa94-04c1-424b-9868-57a2d4851a1d" />
    <TestEntry testId="1c4b43c9-57dd-a9ef-528f-7a1fc2c0b1aa" executionId="424fe96a-4697-4e44-952a-9f5f230466d7" testListId="8c84fa94-04c1-424b-9868-57a2d4851a1d" />
    <TestEntry testId="9b801494-2dab-ded5-4f6a-e5e56b62cd34" executionId="a231b7ea-1534-4236-8302-9258cd9e2326" testListId="8c84fa94-04c1-424b-9868-57a2d4851a1d" />
    <TestEntry testId="30379ff7-9935-685d-f9d8-a61187b11262" executionId="978037b6-6a55-4c17-8ca2-d2be36ca319a" testListId="8c84fa94-04c1-424b-9868-57a2d4851a1d" />
    <TestEntry testId="5952ca8e-70e4-edb2-48cb-00ef9fcb94d4" executionId="186c1238-ba3e-43df-8fd7-ebe8bbc42996" testListId="8c84fa94-04c1-424b-9868-57a2d4851a1d" />
    <TestEntry testId="4c726782-66eb-044c-67dc-aabe5eb5c1ac" executionId="69308742-5485-4f7b-896f-74d98ce1ab58" testListId="8c84fa94-04c1-424b-9868-57a2d4851a1d" />
    <TestEntry testId="73433b47-eaba-3e3a-a433-dcdfa7c5634e" executionId="65478467-c968-45b9-af53-5422ed2e9303" testListId="8c84fa94-04c1-424b-9868-57a2d4851a1d" />
    <TestEntry testId="b610443d-1838-4432-bf23-99e0321c9778" executionId="c678030f-3707-4591-9e77-89a75cff94a4" testListId="8c84fa94-04c1-424b-9868-57a2d4851a1d" />
    <TestEntry testId="929307c6-ad1f-d51e-3cc9-c962ec17947c" executionId="1de96165-ef44-4c3d-9db2-a2d33a5b362f" testListId="8c84fa94-04c1-424b-9868-57a2d4851a1d" />
    <TestEntry testId="5dbee3c2-264b-5c9b-4900-e958b9291cf6" executionId="279a1db5-3167-4ef5-b2ef-d082865ebd1f" testListId="8c84fa94-04c1-424b-9868-57a2d4851a1d" />
    <TestEntry testId="f74556d0-5411-c6c3-6583-91ccf0b8d5b8" executionId="2cb9ba21-8ec6-4d45-a587-d8015b7653af" testListId="8c84fa94-04c1-424b-9868-57a2d4851a1d" />
    <TestEntry testId="21e9ac61-4873-b24d-8bf7-3140e9df549f" executionId="fb62c991-cc05-400c-afbf-6676ea807b15" testListId="8c84fa94-04c1-424b-9868-57a2d4851a1d" />
    <TestEntry testId="d340d675-637b-e4f2-8693-174aad068536" executionId="820ebce7-5ccf-486c-9f0b-32aede596ad9" testListId="8c84fa94-04c1-424b-9868-57a2d4851a1d" />
    <TestEntry testId="2bb58e09-afc2-3268-4182-a4b38189b9bd" executionId="97ae8d99-686e-4261-ba9f-72a77cf4c58f" testListId="8c84fa94-04c1-424b-9868-57a2d4851a1d" />
    <TestEntry testId="b0d093d0-270e-e21c-eccf-9a8b90e8a5d8" executionId="a3b6393c-c668-4c8a-b81b-2a5fa3a7fa4d" testListId="8c84fa94-04c1-424b-9868-57a2d4851a1d" />
    <TestEntry testId="0d91b5df-4a31-6b2c-a0a6-5b0e5c1c1937" executionId="6315eacf-31e6-4214-96f0-ca7737038d75" testListId="8c84fa94-04c1-424b-9868-57a2d4851a1d" />
    <TestEntry testId="6d3bccb0-e3a7-0eac-f802-f89ebb3ce36d" executionId="4d909ac5-cf1f-4ec3-81e4-1694dbd4cdff" testListId="8c84fa94-04c1-424b-9868-57a2d4851a1d" />
    <TestEntry testId="dc92e9c3-3b8b-e7f2-94a2-b88a8b54c638" executionId="e02693b5-85ee-4c88-b41b-71d86d04248e" testListId="8c84fa94-04c1-424b-9868-57a2d4851a1d" />
    <TestEntry testId="1885e134-c75a-1386-d7ef-08d31fd2e486" executionId="208f134f-14f8-4d88-8c49-ad91c593aad9" testListId="8c84fa94-04c1-424b-9868-57a2d4851a1d" />
    <TestEntry testId="02c8a26b-7bde-5aa8-6975-eeebe21df113" executionId="99f861ab-ca24-433f-a9cd-af0b0e471dd4" testListId="8c84fa94-04c1-424b-9868-57a2d4851a1d" />
    <TestEntry testId="3596cb57-c28e-3188-c489-7182abdaa943" executionId="c8e06b02-f9b4-475d-969c-1b5c56f71240" testListId="8c84fa94-04c1-424b-9868-57a2d4851a1d" />
    <TestEntry testId="1b6ae4ac-8418-f533-e65d-d36c3e94f90f" executionId="310d7cb3-957f-4154-ae82-2f13ebd172b2" testListId="8c84fa94-04c1-424b-9868-57a2d4851a1d" />
    <TestEntry testId="a0976502-e751-41de-5d03-12010e86cc0f" executionId="3800d5d2-636c-49ff-847e-4866a4fddc56" testListId="8c84fa94-04c1-424b-9868-57a2d4851a1d" />
    <TestEntry testId="0ce7b2f9-17a8-8c71-dfb5-c31b00442430" executionId="4cf54c71-5084-4a35-91c3-1d24bcc081f6" testListId="8c84fa94-04c1-424b-9868-57a2d4851a1d" />
    <TestEntry testId="bc47c777-b840-2a5f-66e4-98b5b2140e2c" executionId="031fc0a7-c762-480e-bfde-f48508826722" testListId="8c84fa94-04c1-424b-9868-57a2d4851a1d" />
    <TestEntry testId="4868c342-5afd-96c3-b8ae-756d5892ed87" executionId="6404b926-a9b1-46cc-8059-e7fcef566db3" testListId="8c84fa94-04c1-424b-9868-57a2d4851a1d" />
    <TestEntry testId="de85ce79-72ac-04bb-172f-715bd684d060" executionId="dd3709bd-9a99-4373-aca5-8a14bd7867e9" testListId="8c84fa94-04c1-424b-9868-57a2d4851a1d" />
    <TestEntry testId="10af1bbd-2222-8ba2-39db-7e12e812860a" executionId="9f5e5c7b-6ca6-4660-b88c-9273347896aa" testListId="8c84fa94-04c1-424b-9868-57a2d4851a1d" />
    <TestEntry testId="feb9425f-17e6-a400-b43c-667dfb8a797b" executionId="f05f505b-9911-40a2-b4d6-426c6562c7b0" testListId="8c84fa94-04c1-424b-9868-57a2d4851a1d" />
    <TestEntry testId="3dffb522-9ea9-2761-a867-9254d83c0b38" executionId="5ebebeb1-2bdd-43c2-83c3-7f34d582ebb3" testListId="8c84fa94-04c1-424b-9868-57a2d4851a1d" />
    <TestEntry testId="7186eb48-8593-669a-2e90-533ebdbf42c5" executionId="c6958ad3-36cf-4395-9b15-f700ba6469de" testListId="8c84fa94-04c1-424b-9868-57a2d4851a1d" />
    <TestEntry testId="24ce6395-f9b5-f8e7-8703-df162f702b2c" executionId="e7949b29-d0e1-4af9-8a59-8053ee827fdb" testListId="8c84fa94-04c1-424b-9868-57a2d4851a1d" />
    <TestEntry testId="a483ecec-dce9-bbc0-17e3-9f4777953165" executionId="87a31f73-95b2-4634-be16-9597f845b5f3" testListId="8c84fa94-04c1-424b-9868-57a2d4851a1d" />
    <TestEntry testId="d87362df-7855-31ed-66c3-5d3da7f894c8" executionId="c22c6ad4-3351-4a01-a0c1-888b25894030" testListId="8c84fa94-04c1-424b-9868-57a2d4851a1d" />
    <TestEntry testId="04960c62-f4db-d957-09de-6bdc827777ef" executionId="79388d7a-9231-4b17-bf7c-56aa528cadf4" testListId="8c84fa94-04c1-424b-9868-57a2d4851a1d" />
    <TestEntry testId="364ed2ff-1752-6dc3-9a45-656d3267a6f4" executionId="95cdef36-bf80-4f3e-9a53-6766d7affa5d" testListId="8c84fa94-04c1-424b-9868-57a2d4851a1d" />
    <TestEntry testId="428ca194-877b-58c2-1d15-059150b3e8bd" executionId="f50d95b4-8b40-4d16-a5cd-0951599cc0c1" testListId="8c84fa94-04c1-424b-9868-57a2d4851a1d" />
    <TestEntry testId="47852ba4-9f7c-aef7-23bb-716ae480a7a9" executionId="f3474299-5cfe-4b88-a7cd-39380c50745f" testListId="8c84fa94-04c1-424b-9868-57a2d4851a1d" />
    <TestEntry testId="5eeb65dd-4202-caed-7710-cc5b91710303" executionId="ef872fa8-7f6e-433e-9207-ab02b12a6f3e" testListId="8c84fa94-04c1-424b-9868-57a2d4851a1d" />
    <TestEntry testId="88b1808f-dd69-577c-bdee-e6d80a766a3d" executionId="97111c29-8845-4816-a5f3-310c0be2a293" testListId="8c84fa94-04c1-424b-9868-57a2d4851a1d" />
    <TestEntry testId="4636b9dc-c357-c362-b966-78bb4d5fdfce" executionId="266ba7b5-bbca-48b9-894a-d28cfd555fa5" testListId="8c84fa94-04c1-424b-9868-57a2d4851a1d" />
    <TestEntry testId="993ed0e9-7960-88a9-4252-c750dfd2eafd" executionId="53973008-a363-4237-bc65-bde9e77987e4" testListId="8c84fa94-04c1-424b-9868-57a2d4851a1d" />
    <TestEntry testId="74b0d590-8d90-8ea9-7ba5-29e79b97b007" executionId="f3b535ad-0a81-4366-8886-7e602475a612" testListId="8c84fa94-04c1-424b-9868-57a2d4851a1d" />
    <TestEntry testId="8d119962-db6d-cb0a-c605-9a3de5c65537" executionId="72d99370-0824-47e2-af32-f92bd89b386d" testListId="8c84fa94-04c1-424b-9868-57a2d4851a1d" />
    <TestEntry testId="d56e476a-51a4-e2c1-ac36-f4b139422e78" executionId="18d06481-bd1d-44cd-ace2-2fc5efa31136" testListId="8c84fa94-04c1-424b-9868-57a2d4851a1d" />
    <TestEntry testId="39580f40-0bef-81f8-7235-89ab12e8c444" executionId="000f54b7-4daa-4f92-a574-8a47b81ba12d" testListId="8c84fa94-04c1-424b-9868-57a2d4851a1d" />
    <TestEntry testId="47ed7273-aafd-26ed-80e9-e9334a3bb694" executionId="661aa843-8d43-43b8-bd79-2d1f854a9819" testListId="8c84fa94-04c1-424b-9868-57a2d4851a1d" />
    <TestEntry testId="dcb17907-55f0-9c46-d5f2-f7a076037302" executionId="43d38a7a-5d8b-4530-ab87-ce34f933feb8" testListId="8c84fa94-04c1-424b-9868-57a2d4851a1d" />
    <TestEntry testId="e5907a3c-ce81-2eb8-ce3e-a51d809d87ad" executionId="6a8fb9ea-5599-42f4-811b-43b96dc6a965" testListId="8c84fa94-04c1-424b-9868-57a2d4851a1d" />
    <TestEntry testId="5f6760f9-7657-3111-5554-42ed5a72d76c" executionId="aa6c679c-9d54-465b-8704-004ecca65eb7" testListId="8c84fa94-04c1-424b-9868-57a2d4851a1d" />
    <TestEntry testId="3619a619-c06c-ef53-b6fd-e5a15fab7b29" executionId="0374fe95-efbb-4e9d-92f3-7b05c1ad1f43" testListId="8c84fa94-04c1-424b-9868-57a2d4851a1d" />
    <TestEntry testId="ded54c5d-6865-8904-17e6-b13eabf08e52" executionId="f587f7e8-14fb-4c53-9914-091d03cfaa5c" testListId="8c84fa94-04c1-424b-9868-57a2d4851a1d" />
    <TestEntry testId="2084f781-d987-cb17-5bce-57e18517931f" executionId="f72f2af6-ebe8-4bfc-a06c-f833b496d34d" testListId="8c84fa94-04c1-424b-9868-57a2d4851a1d" />
    <TestEntry testId="c4a10832-9a58-deb5-3a21-94cad219c233" executionId="795c79a3-306f-4525-9fc8-e84d09111a84" testListId="8c84fa94-04c1-424b-9868-57a2d4851a1d" />
    <TestEntry testId="ba6364de-61ad-cb1b-3aa7-78b11d2b9520" executionId="40d12667-a96c-4e5c-86e5-5960db93d3ae" testListId="8c84fa94-04c1-424b-9868-57a2d4851a1d" />
    <TestEntry testId="e9d00f7c-f554-d861-613e-abcdc5284ee5" executionId="265834b1-a795-4418-b3a4-2470f83f4ec1" testListId="8c84fa94-04c1-424b-9868-57a2d4851a1d" />
    <TestEntry testId="eb1b6153-5e3a-f9e2-53fa-b64e9e62d863" executionId="c8e6eb3d-c05b-4b29-8fe1-736ce72786e4" testListId="8c84fa94-04c1-424b-9868-57a2d4851a1d" />
    <TestEntry testId="7d3f2f7a-9a5c-53ed-13fc-aa95e828dc4c" executionId="8141d191-8bfc-44e4-8fc7-6f029f0cc26f" testListId="8c84fa94-04c1-424b-9868-57a2d4851a1d" />
    <TestEntry testId="0e3f8aa2-b5f9-2f67-934c-8261cc017f11" executionId="c4e5785f-ca6d-4f7b-ade6-b52410ca7c10" testListId="8c84fa94-04c1-424b-9868-57a2d4851a1d" />
    <TestEntry testId="8e756632-0f2f-0bd3-91e9-9a495f840b99" executionId="0807096e-31f3-4060-a037-4f0e09c968be" testListId="8c84fa94-04c1-424b-9868-57a2d4851a1d" />
    <TestEntry testId="1c0fdb89-04ca-c360-83b3-439b0cf7f31e" executionId="e4b5597c-ccfe-4a36-b68f-5575ad11d898" testListId="8c84fa94-04c1-424b-9868-57a2d4851a1d" />
    <TestEntry testId="cae8c1d1-a0d0-db92-4110-9d76790ccba1" executionId="8269b797-7cd0-467e-927c-6d0ececfe63f" testListId="8c84fa94-04c1-424b-9868-57a2d4851a1d" />
    <TestEntry testId="690896ac-bb37-5cf7-d792-7478f7fc943d" executionId="19e1dce9-09ad-4181-a570-605d4a4da5e8" testListId="8c84fa94-04c1-424b-9868-57a2d4851a1d" />
    <TestEntry testId="8da886ae-fb0e-f597-f3c0-ea01d391cbf1" executionId="cc193acf-3959-4f09-8587-a846756d3abb" testListId="8c84fa94-04c1-424b-9868-57a2d4851a1d" />
    <TestEntry testId="164928c8-2be5-ec25-909d-bc85b0d98fe1" executionId="606d0d6f-24cf-47b7-b10c-f31d8563b2a6" testListId="8c84fa94-04c1-424b-9868-57a2d4851a1d" />
    <TestEntry testId="8614e3a5-5860-28dc-3880-8360eeb52686" executionId="93663ece-fbf4-4797-b82d-b69c358256df" testListId="8c84fa94-04c1-424b-9868-57a2d4851a1d" />
    <TestEntry testId="45a4f1a6-2ce2-e56e-6836-f273a0af1ca2" executionId="9cf1a580-f3b6-4362-95eb-9f24c7ec153e" testListId="8c84fa94-04c1-424b-9868-57a2d4851a1d" />
    <TestEntry testId="642c7910-1275-0f78-7481-523ab64b3cc6" executionId="ca3a6a82-dd2c-4566-af14-f17443c6b26f" testListId="8c84fa94-04c1-424b-9868-57a2d4851a1d" />
    <TestEntry testId="fa371e32-3613-5a96-34d6-955f4e6352f7" executionId="79b55b26-cc5f-453d-a5d4-44495e53713b" testListId="8c84fa94-04c1-424b-9868-57a2d4851a1d" />
    <TestEntry testId="8d25649c-bb68-f10a-3f91-adbbcc1f62e2" executionId="1b08ac91-ff5b-423d-aff6-cd7ee9f1a6e2" testListId="8c84fa94-04c1-424b-9868-57a2d4851a1d" />
    <TestEntry testId="05ff1802-02e0-caac-c581-abbda79bfe56" executionId="2072bfad-bd33-471e-97a0-6f66bdb14993" testListId="8c84fa94-04c1-424b-9868-57a2d4851a1d" />
    <TestEntry testId="0ec4ae82-8a56-942f-cc7c-8f18c8a50514" executionId="27438e48-3661-4f0a-b37a-9b03c7cc8669" testListId="8c84fa94-04c1-424b-9868-57a2d4851a1d" />
    <TestEntry testId="c20e4440-ba71-8139-0f29-5a510275838b" executionId="b24ac5dd-e2b0-4e50-a86e-51da64d30ee9" testListId="8c84fa94-04c1-424b-9868-57a2d4851a1d" />
    <TestEntry testId="5fc1a897-2bad-bfc8-e907-547b72df22df" executionId="1f98f14d-9ce8-4bb5-ad14-5d62ec58b696" testListId="8c84fa94-04c1-424b-9868-57a2d4851a1d" />
    <TestEntry testId="0ca5341d-8f9b-cf5b-83c1-85662533be56" executionId="d791e900-fe88-40f1-a90d-78ab424fbe32" testListId="8c84fa94-04c1-424b-9868-57a2d4851a1d" />
    <TestEntry testId="c951f1dc-19a4-4b55-2907-a54f697020e2" executionId="1c55bed7-0bf7-4ccd-9d71-773438f5e2e7" testListId="8c84fa94-04c1-424b-9868-57a2d4851a1d" />
    <TestEntry testId="9c340af1-0e33-101d-b2bd-9ae449fb5a93" executionId="7e59d09d-4728-4a1c-9c89-4fbafc25fd52" testListId="8c84fa94-04c1-424b-9868-57a2d4851a1d" />
    <TestEntry testId="4ab85330-3715-6760-6b66-c97c2904e0fb" executionId="408f6b24-02c1-4d2c-8566-451037479ff7" testListId="8c84fa94-04c1-424b-9868-57a2d4851a1d" />
    <TestEntry testId="f935d6b7-2df1-476a-37a6-b512c480aa3c" executionId="25229df3-12da-4754-9183-43adbb793f5d" testListId="8c84fa94-04c1-424b-9868-57a2d4851a1d" />
    <TestEntry testId="a6fc6e0f-6045-60b0-924f-e1bbf6047dee" executionId="5bb952e3-4c75-4bcf-9762-c68d47658b03" testListId="8c84fa94-04c1-424b-9868-57a2d4851a1d" />
    <TestEntry testId="c2e7304e-f9b2-ac44-a7c6-7e9021b5fa4c" executionId="f8a13e40-eb1a-4dfd-9bec-c6e1f6a365de" testListId="8c84fa94-04c1-424b-9868-57a2d4851a1d" />
    <TestEntry testId="3969288b-4860-269d-a130-cda973aaacba" executionId="c1026bdb-cf20-4b56-aa0e-d359f3051d52" testListId="8c84fa94-04c1-424b-9868-57a2d4851a1d" />
    <TestEntry testId="0fb08c75-3a29-0406-124b-29414bdda200" executionId="a03cb052-949e-4fc0-9005-c93d5bd0a2ec" testListId="8c84fa94-04c1-424b-9868-57a2d4851a1d" />
    <TestEntry testId="2c704326-2083-e4db-b705-8d6a363a6828" executionId="6bfdbc1f-7cc0-4538-aaf0-87b7c8c923bb" testListId="8c84fa94-04c1-424b-9868-57a2d4851a1d" />
    <TestEntry testId="703be512-91ea-7b47-d7fb-c0bd8c9f46c1" executionId="c529f48b-e339-49c4-8aee-ef891fa869fa" testListId="8c84fa94-04c1-424b-9868-57a2d4851a1d" />
    <TestEntry testId="ae02b7b8-73a6-db4e-d23a-5f1b21336a35" executionId="f6d21f5e-1bed-4a5b-a6ab-07b4a1ed7e00" testListId="8c84fa94-04c1-424b-9868-57a2d4851a1d" />
    <TestEntry testId="068809ea-9aa8-35d4-7bb8-e61f3cca836c" executionId="b040b2f5-7075-4f68-89a8-a77a3f6eb643" testListId="8c84fa94-04c1-424b-9868-57a2d4851a1d" />
    <TestEntry testId="f3ab9900-68d0-1d8c-c5b2-d58eb25d9d14" executionId="6f0ea156-eecb-4f1d-a84b-981b8a1a9ad9" testListId="8c84fa94-04c1-424b-9868-57a2d4851a1d" />
    <TestEntry testId="28fa0d16-0772-95da-08e6-fa4cc9274598" executionId="1f1a67f0-2774-4763-9979-97da133abd17" testListId="8c84fa94-04c1-424b-9868-57a2d4851a1d" />
    <TestEntry testId="26aaedf7-f3c3-e3c7-363a-4eef9f264b06" executionId="4d4192d3-837a-4e74-af1e-595b4fa56eb8" testListId="8c84fa94-04c1-424b-9868-57a2d4851a1d" />
  </TestEntries>
  <TestLists>
    <TestList name="Results Not in a List" id="8c84fa94-04c1-424b-9868-57a2d4851a1d" />
    <TestList name="All Loaded Results" id="19431567-8539-422a-85d7-44ee4e166bda" />
  </TestLists>
  <ResultSummary outcome="Completed">
    <Counters total="1319" executed="1316" passed="1316" failed="0" error="0" timeout="0" aborted="0" inconclusive="0" passedButRunAborted="0" notRunnable="0" notExecuted="0" disconnected="0" warning="0" completed="0" inProgress="0" pending="0" />
    <Output>
      <StdOut>Test 'Configuration_RecorderConfigParameterIsNull_ThrowsArgumentNullException' was skipped in the test run.&#xD;
Test 'Configuration_LogParameterIsNull_ThrowsArgumentNullException' was skipped in the test run.&#xD;
Test 'Configuration_SettingsAreSet_CorrectSettingsAreApplied' was skipped in the test run.&#xD;
</StdOut>
    </Output>
  </ResultSummary>
</TestRun>