<?xml version="1.0" encoding="utf-8"?>
<TestRun id="3c3dc157-2f23-4b84-9a9d-60d558bd2a6c" name="DKSR-EFI-04$@DKSR-EFI-04 2023-12-22 09:34:00" runUser="NT AUTHORITY\NETWORK SERVICE" xmlns="http://microsoft.com/schemas/VisualStudio/TeamTest/2010">
  <Times creation="2023-12-22T09:34:00.8032627+01:00" queuing="2023-12-22T09:34:00.8032627+01:00" start="2023-12-22T09:33:52.6625967+01:00" finish="2023-12-22T09:34:00.8657627+01:00" />
  <TestSettings name="default" id="2e690fe0-165b-4ace-9997-4912d62d98c5">
    <Deployment runDeploymentRoot="DKSR-EFI-04$_DKSR-EFI-04_2023-12-22_09_34_00" />
  </TestSettings>
  <Results>
    <UnitTestResult executionId="d0fdbcb9-91f5-402d-b07e-9cebc07c3fe4" testId="b2e08f95-aefa-cba1-4fce-ea03f71df336" testName="AddSystemTest" computerName="DKSR-EFI-04" startTime="2023-12-22T09:34:00.2251351+01:00" endTime="2023-12-22T09:34:00.2407596+01:00" testType="13cdc9d9-ddb5-4fa4-a97d-d965ccfc6d4b" outcome="NotExecuted" testListId="8c84fa94-04c1-424b-9868-57a2d4851a1d" relativeResultsDirectory="d0fdbcb9-91f5-402d-b07e-9cebc07c3fe4" />
    <UnitTestResult executionId="3f7d99d0-3482-42c8-b520-dd607d1eee5b" testId="c32f8909-6f6e-4795-9b94-e63a8c391f28" testName="AddInterfaceTest" computerName="DKSR-EFI-04" startTime="2023-12-22T09:34:00.2876346+01:00" endTime="2023-12-22T09:34:00.2876346+01:00" testType="13cdc9d9-ddb5-4fa4-a97d-d965ccfc6d4b" outcome="NotExecuted" testListId="8c84fa94-04c1-424b-9868-57a2d4851a1d" relativeResultsDirectory="3f7d99d0-3482-42c8-b520-dd607d1eee5b" />
  </Results>
  <TestDefinitions>
    <UnitTest name="AddSystemTest" storage="d:\actions-runner\_work\xpco\xpco\downloadmanager\binaries\sscm.unittest\bin\debug\sscm.unittest.dll" id="b2e08f95-aefa-cba1-4fce-ea03f71df336">
      <Execution id="d0fdbcb9-91f5-402d-b07e-9cebc07c3fe4" />
      <TestMethod codeBase="D:\actions-runner\_work\XPCO\XPCO\DownloadManager\Binaries\SSCM.UnitTest\bin\Debug\SSCM.UnitTest.dll" adapterTypeName="executor://mstestadapter/v1" className="SSCM.Interface.UnitTest.EngineTest" name="AddSystemTest" />
    </UnitTest>
    <UnitTest name="AddInterfaceTest" storage="d:\actions-runner\_work\xpco\xpco\downloadmanager\binaries\sscm.unittest\bin\debug\sscm.unittest.dll" id="c32f8909-6f6e-4795-9b94-e63a8c391f28">
      <Execution id="3f7d99d0-3482-42c8-b520-dd607d1eee5b" />
      <TestMethod codeBase="D:\actions-runner\_work\XPCO\XPCO\DownloadManager\Binaries\SSCM.UnitTest\bin\Debug\SSCM.UnitTest.dll" adapterTypeName="executor://mstestadapter/v1" className="SSCM.Interface.UnitTest.EngineTest" name="AddInterfaceTest" />
    </UnitTest>
  </TestDefinitions>
  <TestEntries>
    <TestEntry testId="b2e08f95-aefa-cba1-4fce-ea03f71df336" executionId="d0fdbcb9-91f5-402d-b07e-9cebc07c3fe4" testListId="8c84fa94-04c1-424b-9868-57a2d4851a1d" />
    <TestEntry testId="c32f8909-6f6e-4795-9b94-e63a8c391f28" executionId="3f7d99d0-3482-42c8-b520-dd607d1eee5b" testListId="8c84fa94-04c1-424b-9868-57a2d4851a1d" />
  </TestEntries>
  <TestLists>
    <TestList name="Results Not in a List" id="8c84fa94-04c1-424b-9868-57a2d4851a1d" />
    <TestList name="All Loaded Results" id="19431567-8539-422a-85d7-44ee4e166bda" />
  </TestLists>
  <ResultSummary outcome="Completed">
    <Counters total="2" executed="0" passed="0" failed="0" error="0" timeout="0" aborted="0" inconclusive="0" passedButRunAborted="0" notRunnable="0" notExecuted="0" disconnected="0" warning="0" completed="0" inProgress="0" pending="0" />
    <Output>
      <StdOut>Test 'AddSystemTest' was skipped in the test run.&#xD;
Test 'AddInterfaceTest' was skipped in the test run.&#xD;
</StdOut>
    </Output>
  </ResultSummary>
</TestRun>