<?xml version="1.0" encoding="utf-8"?>
<TestRun id="94be4e53-6f74-4f0c-848f-da115e4bb690" name="DKSR-EFI-04$@DKSR-EFI-04 2023-12-22 09:33:44" runUser="NT AUTHORITY\NETWORK SERVICE" xmlns="http://microsoft.com/schemas/VisualStudio/TeamTest/2010">
  <Times creation="2023-12-22T09:33:44.5531828+01:00" queuing="2023-12-22T09:33:44.5531828+01:00" start="2023-12-22T09:33:33.5687554+01:00" finish="2023-12-22T09:33:48.6625787+01:00" />
  <TestSettings name="default" id="9fe4ed58-389d-4062-89d2-864f79f1ada6">
    <Deployment runDeploymentRoot="DKSR-EFI-04$_DKSR-EFI-04_2023-12-22_09_33_44" />
  </TestSettings>
  <Results>
    <UnitTestResult executionId="62d937a4-eb9c-43da-9f51-9b27374144fe" testId="cd67d88d-0c8a-b666-c2c5-5d4e4e5efde9" testName="Given_RegistrarCreated_DbLanDifferent_WhenSetServerAddress_Then_TheServerLanAddressIsNotUpdated" computerName="DKSR-EFI-04" duration="00:00:00.0086672" startTime="2023-12-22T09:33:48.0063232+01:00" endTime="2023-12-22T09:33:48.0063232+01:00" testType="13cdc9d9-ddb5-4fa4-a97d-d965ccfc6d4b" outcome="Passed" testListId="8c84fa94-04c1-424b-9868-57a2d4851a1d" relativeResultsDirectory="62d937a4-eb9c-43da-9f51-9b27374144fe" />
    <UnitTestResult executionId="ba4c6818-6bec-4807-adda-61aea1dfa9d2" testId="722f660b-6146-f366-d6e6-3e0630362fb0" testName="ConfigureManagementServerWebConfig_EncryptionEnabledIsTrue_UnsecureEndpointsAreDisabledInWebConfig" computerName="DKSR-EFI-04" duration="00:00:00.0192793" startTime="2023-12-22T09:33:47.7406983+01:00" endTime="2023-12-22T09:33:47.7563237+01:00" testType="13cdc9d9-ddb5-4fa4-a97d-d965ccfc6d4b" outcome="Passed" testListId="8c84fa94-04c1-424b-9868-57a2d4851a1d" relativeResultsDirectory="ba4c6818-6bec-4807-adda-61aea1dfa9d2" />
    <UnitTestResult executionId="fac20468-cec4-4cd1-8554-a90afe74b8e8" testId="a3f5a0d6-ff6f-5081-02f6-81b7425b7958" testName="Full_Ctor_SetServerAddress_AddressToSetIsNull_ThrowsArgumentNullException" computerName="DKSR-EFI-04" duration="00:00:00.1010832" startTime="2023-12-22T09:33:47.7875747+01:00" endTime="2023-12-22T09:33:47.8813253+01:00" testType="13cdc9d9-ddb5-4fa4-a97d-d965ccfc6d4b" outcome="Passed" testListId="8c84fa94-04c1-424b-9868-57a2d4851a1d" relativeResultsDirectory="fac20468-cec4-4cd1-8554-a90afe74b8e8" />
    <UnitTestResult executionId="74f96d40-d3a6-4c5f-b631-d1096b4f1bbd" testId="c65d7042-7b0d-a95e-f5eb-fd1dc4b3fd8d" testName="Empty_Ctor_SetServerAddress_AddressToSetIsNull_ThrowsArgumentNullException" computerName="DKSR-EFI-04" duration="00:00:00.0093326" startTime="2023-12-22T09:33:47.7719496+01:00" endTime="2023-12-22T09:33:47.7875747+01:00" testType="13cdc9d9-ddb5-4fa4-a97d-d965ccfc6d4b" outcome="Passed" testListId="8c84fa94-04c1-424b-9868-57a2d4851a1d" relativeResultsDirectory="74f96d40-d3a6-4c5f-b631-d1096b4f1bbd" />
    <UnitTestResult executionId="2b0ca22c-ed25-4101-9dfe-d140e4d74f2b" testId="bb4e91ae-d189-8103-f6cf-09e49f1353dc" testName="ConfigureManagementServerWebConfig_EncryptionEnabledIsFalse_UnsecureEndpointsAreEnabledInWebConfig" computerName="DKSR-EFI-04" duration="00:00:00.0099209" startTime="2023-12-22T09:33:47.7563237+01:00" endTime="2023-12-22T09:33:47.7719496+01:00" testType="13cdc9d9-ddb5-4fa4-a97d-d965ccfc6d4b" outcome="Passed" testListId="8c84fa94-04c1-424b-9868-57a2d4851a1d" relativeResultsDirectory="2b0ca22c-ed25-4101-9dfe-d140e4d74f2b" />
    <UnitTestResult executionId="df4f5134-4741-4caa-b3d3-4617de078921" testId="ef589c49-f635-0eff-f3fa-697444c21536" testName="Given_Nothing_When_RegisteringService_Then_IDPAppSettingsFileIsupdatedAndIdpAppPoolIsRecycled" computerName="DKSR-EFI-04" duration="00:00:00.0091407" startTime="2023-12-22T09:33:48.0219489+01:00" endTime="2023-12-22T09:33:48.0219489+01:00" testType="13cdc9d9-ddb5-4fa4-a97d-d965ccfc6d4b" outcome="Passed" testListId="8c84fa94-04c1-424b-9868-57a2d4851a1d" relativeResultsDirectory="df4f5134-4741-4caa-b3d3-4617de078921" />
    <UnitTestResult executionId="cd23f9af-2a8e-4abb-adcd-3a8342ea534f" testId="3c110694-5c36-0d31-9cfe-caa72bfef3ab" testName="Given_RegistrarCreated_WhenSetServerAddress_Then_TheServerLanAddressIsUpdatedWithTheExtractedHostName" computerName="DKSR-EFI-04" duration="00:00:00.0872356" startTime="2023-12-22T09:33:47.8969509+01:00" endTime="2023-12-22T09:33:47.9750752+01:00" testType="13cdc9d9-ddb5-4fa4-a97d-d965ccfc6d4b" outcome="Passed" testListId="8c84fa94-04c1-424b-9868-57a2d4851a1d" relativeResultsDirectory="cd23f9af-2a8e-4abb-adcd-3a8342ea534f" />
    <UnitTestResult executionId="58b8edb0-1ecf-42d9-a6a8-405f21829f28" testId="cd2f6727-c918-a31b-0875-1291c799abbb" testName="Given_RegistrarCreated_When_SetServerAddress_Then_DownloadManagerUrlFilesAreUpdatedWithNewAddress" computerName="DKSR-EFI-04" duration="00:00:00.9528268" startTime="2023-12-22T09:33:43.0844261+01:00" endTime="2023-12-22T09:33:44.3813087+01:00" testType="13cdc9d9-ddb5-4fa4-a97d-d965ccfc6d4b" outcome="Passed" testListId="8c84fa94-04c1-424b-9868-57a2d4851a1d" relativeResultsDirectory="58b8edb0-1ecf-42d9-a6a8-405f21829f28" />
    <UnitTestResult executionId="f85b4de8-bcc8-4749-9bb6-81dfa369177b" testId="3c62beac-8070-942d-472a-77e6c98da9d4" testName="Given_RegistrarCreated_WhenSetServerAddress_Then_AddressesWithOldHostNameAreRemoved" computerName="DKSR-EFI-04" duration="00:00:00.0199119" startTime="2023-12-22T09:33:47.9750752+01:00" endTime="2023-12-22T09:33:48.0063232+01:00" testType="13cdc9d9-ddb5-4fa4-a97d-d965ccfc6d4b" outcome="Passed" testListId="8c84fa94-04c1-424b-9868-57a2d4851a1d" relativeResultsDirectory="f85b4de8-bcc8-4749-9bb6-81dfa369177b" />
    <UnitTestResult executionId="3f7e68c2-38bd-48ca-be03-e977ca54116e" testId="f72e99af-942c-693b-2e8f-2bf31427ac81" testName="Given_AllEnvironmentalCodeShimmedAndMocked_When_ApplyingNonEncryptedMode_Then_ThecodeIsExecutedAndMocksAndShimsAreTreatedAsExpected" computerName="DKSR-EFI-04" duration="00:00:03.2577938" startTime="2023-12-22T09:33:44.4750586+01:00" endTime="2023-12-22T09:33:47.7406983+01:00" testType="13cdc9d9-ddb5-4fa4-a97d-d965ccfc6d4b" outcome="Passed" testListId="8c84fa94-04c1-424b-9868-57a2d4851a1d" relativeResultsDirectory="3f7e68c2-38bd-48ca-be03-e977ca54116e" />
  </Results>
  <TestDefinitions>
    <UnitTest name="Given_RegistrarCreated_DbLanDifferent_WhenSetServerAddress_Then_TheServerLanAddressIsNotUpdated" storage="d:\actions-runner\_work\xpco\xpco\corporate\videoos.server.certificateregistration.unittests\bin\x64\debug\net472\videoos.server.certificateregistration.unittests.dll" id="cd67d88d-0c8a-b666-c2c5-5d4e4e5efde9">
      <Execution id="62d937a4-eb9c-43da-9f51-9b27374144fe" />
      <TestMethod codeBase="D:\actions-runner\_work\XPCO\XPCO\Corporate\VideoOS.Server.CertificateRegistration.UnitTests\bin\x64\Debug\net472\VideoOS.Server.CertificateRegistration.UnitTests.dll" adapterTypeName="executor://mstestadapter/v2" className="VideoOS.Server.CertificateRegistration.UnitTests.MsConfigureSystemUnitTest" name="Given_RegistrarCreated_DbLanDifferent_WhenSetServerAddress_Then_TheServerLanAddressIsNotUpdated" />
    </UnitTest>
    <UnitTest name="Full_Ctor_SetServerAddress_AddressToSetIsNull_ThrowsArgumentNullException" storage="d:\actions-runner\_work\xpco\xpco\corporate\videoos.server.certificateregistration.unittests\bin\x64\debug\net472\videoos.server.certificateregistration.unittests.dll" id="a3f5a0d6-ff6f-5081-02f6-81b7425b7958">
      <Execution id="fac20468-cec4-4cd1-8554-a90afe74b8e8" />
      <TestMethod codeBase="D:\actions-runner\_work\XPCO\XPCO\Corporate\VideoOS.Server.CertificateRegistration.UnitTests\bin\x64\Debug\net472\VideoOS.Server.CertificateRegistration.UnitTests.dll" adapterTypeName="executor://mstestadapter/v2" className="VideoOS.Server.CertificateRegistration.UnitTests.MsConfigureSystemUnitTest" name="Full_Ctor_SetServerAddress_AddressToSetIsNull_ThrowsArgumentNullException" />
    </UnitTest>
    <UnitTest name="Given_RegistrarCreated_WhenSetServerAddress_Then_AddressesWithOldHostNameAreRemoved" storage="d:\actions-runner\_work\xpco\xpco\corporate\videoos.server.certificateregistration.unittests\bin\x64\debug\net472\videoos.server.certificateregistration.unittests.dll" id="3c62beac-8070-942d-472a-77e6c98da9d4">
      <Execution id="f85b4de8-bcc8-4749-9bb6-81dfa369177b" />
      <TestMethod codeBase="D:\actions-runner\_work\XPCO\XPCO\Corporate\VideoOS.Server.CertificateRegistration.UnitTests\bin\x64\Debug\net472\VideoOS.Server.CertificateRegistration.UnitTests.dll" adapterTypeName="executor://mstestadapter/v2" className="VideoOS.Server.CertificateRegistration.UnitTests.MsConfigureSystemUnitTest" name="Given_RegistrarCreated_WhenSetServerAddress_Then_AddressesWithOldHostNameAreRemoved" />
    </UnitTest>
    <UnitTest name="Given_RegistrarCreated_WhenSetServerAddress_Then_TheServerLanAddressIsUpdatedWithTheExtractedHostName" storage="d:\actions-runner\_work\xpco\xpco\corporate\videoos.server.certificateregistration.unittests\bin\x64\debug\net472\videoos.server.certificateregistration.unittests.dll" id="3c110694-5c36-0d31-9cfe-caa72bfef3ab">
      <Execution id="cd23f9af-2a8e-4abb-adcd-3a8342ea534f" />
      <TestMethod codeBase="D:\actions-runner\_work\XPCO\XPCO\Corporate\VideoOS.Server.CertificateRegistration.UnitTests\bin\x64\Debug\net472\VideoOS.Server.CertificateRegistration.UnitTests.dll" adapterTypeName="executor://mstestadapter/v2" className="VideoOS.Server.CertificateRegistration.UnitTests.MsConfigureSystemUnitTest" name="Given_RegistrarCreated_WhenSetServerAddress_Then_TheServerLanAddressIsUpdatedWithTheExtractedHostName" />
    </UnitTest>
    <UnitTest name="ConfigureManagementServerWebConfig_EncryptionEnabledIsTrue_UnsecureEndpointsAreDisabledInWebConfig" storage="d:\actions-runner\_work\xpco\xpco\corporate\videoos.server.certificateregistration.unittests\bin\x64\debug\net472\videoos.server.certificateregistration.unittests.dll" id="722f660b-6146-f366-d6e6-3e0630362fb0">
      <Execution id="ba4c6818-6bec-4807-adda-61aea1dfa9d2" />
      <TestMethod codeBase="D:\actions-runner\_work\XPCO\XPCO\Corporate\VideoOS.Server.CertificateRegistration.UnitTests\bin\x64\Debug\net472\VideoOS.Server.CertificateRegistration.UnitTests.dll" adapterTypeName="executor://mstestadapter/v2" className="VideoOS.Server.CertificateRegistration.UnitTests.MsCertificateRegistrationUnitTest" name="ConfigureManagementServerWebConfig_EncryptionEnabledIsTrue_UnsecureEndpointsAreDisabledInWebConfig" />
    </UnitTest>
    <UnitTest name="Given_Nothing_When_RegisteringService_Then_IDPAppSettingsFileIsupdatedAndIdpAppPoolIsRecycled" storage="d:\actions-runner\_work\xpco\xpco\corporate\videoos.server.certificateregistration.unittests\bin\x64\debug\net472\videoos.server.certificateregistration.unittests.dll" id="ef589c49-f635-0eff-f3fa-697444c21536">
      <Execution id="df4f5134-4741-4caa-b3d3-4617de078921" />
      <TestMethod codeBase="D:\actions-runner\_work\XPCO\XPCO\Corporate\VideoOS.Server.CertificateRegistration.UnitTests\bin\x64\Debug\net472\VideoOS.Server.CertificateRegistration.UnitTests.dll" adapterTypeName="executor://mstestadapter/v2" className="VideoOS.Server.CertificateRegistration.UnitTests.MsConfigureSystemUnitTest" name="Given_Nothing_When_RegisteringService_Then_IDPAppSettingsFileIsupdatedAndIdpAppPoolIsRecycled" />
    </UnitTest>
    <UnitTest name="ConfigureManagementServerWebConfig_EncryptionEnabledIsFalse_UnsecureEndpointsAreEnabledInWebConfig" storage="d:\actions-runner\_work\xpco\xpco\corporate\videoos.server.certificateregistration.unittests\bin\x64\debug\net472\videoos.server.certificateregistration.unittests.dll" id="bb4e91ae-d189-8103-f6cf-09e49f1353dc">
      <Execution id="2b0ca22c-ed25-4101-9dfe-d140e4d74f2b" />
      <TestMethod codeBase="D:\actions-runner\_work\XPCO\XPCO\Corporate\VideoOS.Server.CertificateRegistration.UnitTests\bin\x64\Debug\net472\VideoOS.Server.CertificateRegistration.UnitTests.dll" adapterTypeName="executor://mstestadapter/v2" className="VideoOS.Server.CertificateRegistration.UnitTests.MsCertificateRegistrationUnitTest" name="ConfigureManagementServerWebConfig_EncryptionEnabledIsFalse_UnsecureEndpointsAreEnabledInWebConfig" />
    </UnitTest>
    <UnitTest name="Given_RegistrarCreated_When_SetServerAddress_Then_DownloadManagerUrlFilesAreUpdatedWithNewAddress" storage="d:\actions-runner\_work\xpco\xpco\corporate\videoos.server.certificateregistration.unittests\bin\x64\debug\net472\videoos.server.certificateregistration.unittests.dll" id="cd2f6727-c918-a31b-0875-1291c799abbb">
      <Execution id="58b8edb0-1ecf-42d9-a6a8-405f21829f28" />
      <TestMethod codeBase="D:\actions-runner\_work\XPCO\XPCO\Corporate\VideoOS.Server.CertificateRegistration.UnitTests\bin\x64\Debug\net472\VideoOS.Server.CertificateRegistration.UnitTests.dll" adapterTypeName="executor://mstestadapter/v2" className="VideoOS.Server.CertificateRegistration.UnitTests.DmSetManagementServerRegistrarTest" name="Given_RegistrarCreated_When_SetServerAddress_Then_DownloadManagerUrlFilesAreUpdatedWithNewAddress" />
    </UnitTest>
    <UnitTest name="Empty_Ctor_SetServerAddress_AddressToSetIsNull_ThrowsArgumentNullException" storage="d:\actions-runner\_work\xpco\xpco\corporate\videoos.server.certificateregistration.unittests\bin\x64\debug\net472\videoos.server.certificateregistration.unittests.dll" id="c65d7042-7b0d-a95e-f5eb-fd1dc4b3fd8d">
      <Execution id="74f96d40-d3a6-4c5f-b631-d1096b4f1bbd" />
      <TestMethod codeBase="D:\actions-runner\_work\XPCO\XPCO\Corporate\VideoOS.Server.CertificateRegistration.UnitTests\bin\x64\Debug\net472\VideoOS.Server.CertificateRegistration.UnitTests.dll" adapterTypeName="executor://mstestadapter/v2" className="VideoOS.Server.CertificateRegistration.UnitTests.MsConfigureSystemUnitTest" name="Empty_Ctor_SetServerAddress_AddressToSetIsNull_ThrowsArgumentNullException" />
    </UnitTest>
    <UnitTest name="Given_AllEnvironmentalCodeShimmedAndMocked_When_ApplyingNonEncryptedMode_Then_ThecodeIsExecutedAndMocksAndShimsAreTreatedAsExpected" storage="d:\actions-runner\_work\xpco\xpco\corporate\videoos.server.certificateregistration.unittests\bin\x64\debug\net472\videoos.server.certificateregistration.unittests.dll" id="f72e99af-942c-693b-2e8f-2bf31427ac81">
      <Execution id="3f7e68c2-38bd-48ca-be03-e977ca54116e" />
      <TestMethod codeBase="D:\actions-runner\_work\XPCO\XPCO\Corporate\VideoOS.Server.CertificateRegistration.UnitTests\bin\x64\Debug\net472\VideoOS.Server.CertificateRegistration.UnitTests.dll" adapterTypeName="executor://mstestadapter/v2" className="VideoOS.Server.CertificateRegistration.UnitTests.MsCertificateRegistrationUnitTest" name="Given_AllEnvironmentalCodeShimmedAndMocked_When_ApplyingNonEncryptedMode_Then_ThecodeIsExecutedAndMocksAndShimsAreTreatedAsExpected" />
    </UnitTest>
  </TestDefinitions>
  <TestEntries>
    <TestEntry testId="cd67d88d-0c8a-b666-c2c5-5d4e4e5efde9" executionId="62d937a4-eb9c-43da-9f51-9b27374144fe" testListId="8c84fa94-04c1-424b-9868-57a2d4851a1d" />
    <TestEntry testId="722f660b-6146-f366-d6e6-3e0630362fb0" executionId="ba4c6818-6bec-4807-adda-61aea1dfa9d2" testListId="8c84fa94-04c1-424b-9868-57a2d4851a1d" />
    <TestEntry testId="a3f5a0d6-ff6f-5081-02f6-81b7425b7958" executionId="fac20468-cec4-4cd1-8554-a90afe74b8e8" testListId="8c84fa94-04c1-424b-9868-57a2d4851a1d" />
    <TestEntry testId="c65d7042-7b0d-a95e-f5eb-fd1dc4b3fd8d" executionId="74f96d40-d3a6-4c5f-b631-d1096b4f1bbd" testListId="8c84fa94-04c1-424b-9868-57a2d4851a1d" />
    <TestEntry testId="bb4e91ae-d189-8103-f6cf-09e49f1353dc" executionId="2b0ca22c-ed25-4101-9dfe-d140e4d74f2b" testListId="8c84fa94-04c1-424b-9868-57a2d4851a1d" />
    <TestEntry testId="ef589c49-f635-0eff-f3fa-697444c21536" executionId="df4f5134-4741-4caa-b3d3-4617de078921" testListId="8c84fa94-04c1-424b-9868-57a2d4851a1d" />
    <TestEntry testId="3c110694-5c36-0d31-9cfe-caa72bfef3ab" executionId="cd23f9af-2a8e-4abb-adcd-3a8342ea534f" testListId="8c84fa94-04c1-424b-9868-57a2d4851a1d" />
    <TestEntry testId="cd2f6727-c918-a31b-0875-1291c799abbb" executionId="58b8edb0-1ecf-42d9-a6a8-405f21829f28" testListId="8c84fa94-04c1-424b-9868-57a2d4851a1d" />
    <TestEntry testId="3c62beac-8070-942d-472a-77e6c98da9d4" executionId="f85b4de8-bcc8-4749-9bb6-81dfa369177b" testListId="8c84fa94-04c1-424b-9868-57a2d4851a1d" />
    <TestEntry testId="f72e99af-942c-693b-2e8f-2bf31427ac81" executionId="3f7e68c2-38bd-48ca-be03-e977ca54116e" testListId="8c84fa94-04c1-424b-9868-57a2d4851a1d" />
  </TestEntries>
  <TestLists>
    <TestList name="Results Not in a List" id="8c84fa94-04c1-424b-9868-57a2d4851a1d" />
    <TestList name="All Loaded Results" id="19431567-8539-422a-85d7-44ee4e166bda" />
  </TestLists>
  <ResultSummary outcome="Completed">
    <Counters total="10" executed="10" passed="10" failed="0" error="0" timeout="0" aborted="0" inconclusive="0" passedButRunAborted="0" notRunnable="0" notExecuted="0" disconnected="0" warning="0" completed="0" inProgress="0" pending="0" />
  </ResultSummary>
</TestRun>