<?xml version="1.0" encoding="utf-8"?>
<TestRun id="a2791463-46c1-42f6-b389-ddc6e9f721b8" name="DKSR-EFI-04$@DKSR-EFI-04 2023-12-22 09:34:58" runUser="NT AUTHORITY\NETWORK SERVICE" xmlns="http://microsoft.com/schemas/VisualStudio/TeamTest/2010">
  <Times creation="2023-12-22T09:34:58.9129306+01:00" queuing="2023-12-22T09:34:58.9129306+01:00" start="2023-12-22T09:34:57.1785481+01:00" finish="2023-12-22T09:34:59.0848078+01:00" />
  <TestSettings name="default" id="570d84ce-b505-47fe-b124-e6cdf6dbc9de">
    <Deployment runDeploymentRoot="DKSR-EFI-04$_DKSR-EFI-04_2023-12-22_09_34_58" />
  </TestSettings>
  <Results>
    <UnitTestResult executionId="dbcc318b-c39e-44fd-8119-64b5e4b83a23" testId="679242e7-057d-343a-df8e-aa52adb8983e" testName="Full_Ctor_SetServerAddress_ReturnSuccess" computerName="DKSR-EFI-04" duration="00:00:00.0498014" startTime="2023-12-22T09:34:58.6941799+01:00" endTime="2023-12-22T09:34:58.7566798+01:00" testType="13cdc9d9-ddb5-4fa4-a97d-d965ccfc6d4b" outcome="Passed" testListId="8c84fa94-04c1-424b-9868-57a2d4851a1d" relativeResultsDirectory="dbcc318b-c39e-44fd-8119-64b5e4b83a23" />
    <UnitTestResult executionId="d0b6aff1-1f21-4566-b463-7834fec937c3" testId="65de1812-7ec9-941c-f293-e1df89800a11" testName="ApplyCertificate_NoManagementServerAddress (myThumbprint,FindByThumbprint,myThumbprint)" computerName="DKSR-EFI-04" duration="00:00:00.0023082" startTime="2023-12-22T09:34:58.6160555+01:00" endTime="2023-12-22T09:34:58.6160555+01:00" testType="13cdc9d9-ddb5-4fa4-a97d-d965ccfc6d4b" outcome="Passed" testListId="8c84fa94-04c1-424b-9868-57a2d4851a1d" relativeResultsDirectory="d0b6aff1-1f21-4566-b463-7834fec937c3" />
    <UnitTestResult executionId="9aed81e0-5ff5-404b-9d2c-2ecf5bd8783f" testId="b990f129-f058-c9a2-e40f-67ca3a9b0493" testName="ApplyCertificate_WithManagementServerAddress (,FindByIssuerName,VideoOSLogServer)" computerName="DKSR-EFI-04" duration="00:00:00.0044657" startTime="2023-12-22T09:34:58.6160555+01:00" endTime="2023-12-22T09:34:58.6316804+01:00" testType="13cdc9d9-ddb5-4fa4-a97d-d965ccfc6d4b" outcome="Passed" testListId="8c84fa94-04c1-424b-9868-57a2d4851a1d" relativeResultsDirectory="9aed81e0-5ff5-404b-9d2c-2ecf5bd8783f" />
    <UnitTestResult executionId="2547b075-d92c-4e6e-bf8a-ad0feee5e41e" testId="dcfa7b15-7a84-bd0b-a8ee-f62a87484c89" testName="Full_Ctor_SetServerAddress_AddressToSetIsNull_ThrowsArgumentNullException" computerName="DKSR-EFI-04" duration="00:00:00.0682033" startTime="2023-12-22T09:34:58.6316804+01:00" endTime="2023-12-22T09:34:58.6941799+01:00" testType="13cdc9d9-ddb5-4fa4-a97d-d965ccfc6d4b" outcome="Passed" testListId="8c84fa94-04c1-424b-9868-57a2d4851a1d" relativeResultsDirectory="2547b075-d92c-4e6e-bf8a-ad0feee5e41e" />
    <UnitTestResult executionId="285585da-bcc4-4b0c-98f5-c92696c78054" testId="874d7156-da62-abcd-f703-76121095a8e1" testName="ExecuteCleanup_ReturnSuccess" computerName="DKSR-EFI-04" duration="00:00:00.0054017" startTime="2023-12-22T09:34:58.7566798+01:00" endTime="2023-12-22T09:34:58.7566798+01:00" testType="13cdc9d9-ddb5-4fa4-a97d-d965ccfc6d4b" outcome="Passed" testListId="8c84fa94-04c1-424b-9868-57a2d4851a1d" relativeResultsDirectory="285585da-bcc4-4b0c-98f5-c92696c78054" />
    <UnitTestResult executionId="3aa89181-9111-4ed2-a3ff-3f5473ed54cc" testId="221e9736-56ca-6417-89fc-4c5572497529" testName="ApplyCertificate_WithManagementServerAddress (myThumbprint,FindByThumbprint,myThumbprint)" computerName="DKSR-EFI-04" duration="00:00:00.0016174" startTime="2023-12-22T09:34:58.6316804+01:00" endTime="2023-12-22T09:34:58.6316804+01:00" testType="13cdc9d9-ddb5-4fa4-a97d-d965ccfc6d4b" outcome="Passed" testListId="8c84fa94-04c1-424b-9868-57a2d4851a1d" relativeResultsDirectory="3aa89181-9111-4ed2-a3ff-3f5473ed54cc" />
    <UnitTestResult executionId="60bb6ed2-3d61-41d1-a87f-9c11ee477edc" testId="d3e62d5b-fe89-af1c-f1bf-270913464288" testName="ApplyCertificate_NoManagementServerAddress (,FindByIssuerName,VideoOSLogServer)" computerName="DKSR-EFI-04" duration="00:00:00.5818296" startTime="2023-12-22T09:34:57.9441765+01:00" endTime="2023-12-22T09:34:58.6004300+01:00" testType="13cdc9d9-ddb5-4fa4-a97d-d965ccfc6d4b" outcome="Passed" testListId="8c84fa94-04c1-424b-9868-57a2d4851a1d" relativeResultsDirectory="60bb6ed2-3d61-41d1-a87f-9c11ee477edc" />
  </Results>
  <TestDefinitions>
    <UnitTest name="Full_Ctor_SetServerAddress_ReturnSuccess" storage="d:\actions-runner\_work\xpco\xpco\logserver\server\videoos.logserver.registrars.tests\bin\debug\videoos.logserver.registrars.tests.dll" id="679242e7-057d-343a-df8e-aa52adb8983e">
      <Execution id="dbcc318b-c39e-44fd-8119-64b5e4b83a23" />
      <TestMethod codeBase="D:\actions-runner\_work\XPCO\XPCO\LogServer\Server\VideoOS.LogServer.Registrars.Tests\bin\Debug\VideoOS.LogServer.Registrars.Tests.dll" adapterTypeName="executor://mstestadapter/v2" className="VideoOS.LogServer.Registrars.Tests.LogServerSetManagementServerRegistrarTest" name="Full_Ctor_SetServerAddress_ReturnSuccess" />
    </UnitTest>
    <UnitTest name="Full_Ctor_SetServerAddress_AddressToSetIsNull_ThrowsArgumentNullException" storage="d:\actions-runner\_work\xpco\xpco\logserver\server\videoos.logserver.registrars.tests\bin\debug\videoos.logserver.registrars.tests.dll" id="dcfa7b15-7a84-bd0b-a8ee-f62a87484c89">
      <Execution id="2547b075-d92c-4e6e-bf8a-ad0feee5e41e" />
      <TestMethod codeBase="D:\actions-runner\_work\XPCO\XPCO\LogServer\Server\VideoOS.LogServer.Registrars.Tests\bin\Debug\VideoOS.LogServer.Registrars.Tests.dll" adapterTypeName="executor://mstestadapter/v2" className="VideoOS.LogServer.Registrars.Tests.LogServerSetManagementServerRegistrarTest" name="Full_Ctor_SetServerAddress_AddressToSetIsNull_ThrowsArgumentNullException" />
    </UnitTest>
    <UnitTest name="ExecuteCleanup_ReturnSuccess" storage="d:\actions-runner\_work\xpco\xpco\logserver\server\videoos.logserver.registrars.tests\bin\debug\videoos.logserver.registrars.tests.dll" id="874d7156-da62-abcd-f703-76121095a8e1">
      <Execution id="285585da-bcc4-4b0c-98f5-c92696c78054" />
      <TestMethod codeBase="D:\actions-runner\_work\XPCO\XPCO\LogServer\Server\VideoOS.LogServer.Registrars.Tests\bin\Debug\VideoOS.LogServer.Registrars.Tests.dll" adapterTypeName="executor://mstestadapter/v2" className="VideoOS.LogServer.Registrars.Tests.LogServerSetManagementServerRegistrarTest" name="ExecuteCleanup_ReturnSuccess" />
    </UnitTest>
    <UnitTest name="ApplyCertificate_WithManagementServerAddress (myThumbprint,FindByThumbprint,myThumbprint)" storage="d:\actions-runner\_work\xpco\xpco\logserver\server\videoos.logserver.registrars.tests\bin\debug\videoos.logserver.registrars.tests.dll" id="221e9736-56ca-6417-89fc-4c5572497529">
      <Execution id="3aa89181-9111-4ed2-a3ff-3f5473ed54cc" />
      <TestMethod codeBase="D:\actions-runner\_work\XPCO\XPCO\LogServer\Server\VideoOS.LogServer.Registrars.Tests\bin\Debug\VideoOS.LogServer.Registrars.Tests.dll" adapterTypeName="executor://mstestadapter/v2" className="VideoOS.LogServer.Registrars.Tests.LogServerCertificateRegistrarTest" name="ApplyCertificate_WithManagementServerAddress" />
    </UnitTest>
    <UnitTest name="ApplyCertificate_NoManagementServerAddress (,FindByIssuerName,VideoOSLogServer)" storage="d:\actions-runner\_work\xpco\xpco\logserver\server\videoos.logserver.registrars.tests\bin\debug\videoos.logserver.registrars.tests.dll" id="d3e62d5b-fe89-af1c-f1bf-270913464288">
      <Execution id="60bb6ed2-3d61-41d1-a87f-9c11ee477edc" />
      <TestMethod codeBase="D:\actions-runner\_work\XPCO\XPCO\LogServer\Server\VideoOS.LogServer.Registrars.Tests\bin\Debug\VideoOS.LogServer.Registrars.Tests.dll" adapterTypeName="executor://mstestadapter/v2" className="VideoOS.LogServer.Registrars.Tests.LogServerCertificateRegistrarTest" name="ApplyCertificate_NoManagementServerAddress" />
    </UnitTest>
    <UnitTest name="ApplyCertificate_NoManagementServerAddress (myThumbprint,FindByThumbprint,myThumbprint)" storage="d:\actions-runner\_work\xpco\xpco\logserver\server\videoos.logserver.registrars.tests\bin\debug\videoos.logserver.registrars.tests.dll" id="65de1812-7ec9-941c-f293-e1df89800a11">
      <Execution id="d0b6aff1-1f21-4566-b463-7834fec937c3" />
      <TestMethod codeBase="D:\actions-runner\_work\XPCO\XPCO\LogServer\Server\VideoOS.LogServer.Registrars.Tests\bin\Debug\VideoOS.LogServer.Registrars.Tests.dll" adapterTypeName="executor://mstestadapter/v2" className="VideoOS.LogServer.Registrars.Tests.LogServerCertificateRegistrarTest" name="ApplyCertificate_NoManagementServerAddress" />
    </UnitTest>
    <UnitTest name="ApplyCertificate_WithManagementServerAddress (,FindByIssuerName,VideoOSLogServer)" storage="d:\actions-runner\_work\xpco\xpco\logserver\server\videoos.logserver.registrars.tests\bin\debug\videoos.logserver.registrars.tests.dll" id="b990f129-f058-c9a2-e40f-67ca3a9b0493">
      <Execution id="9aed81e0-5ff5-404b-9d2c-2ecf5bd8783f" />
      <TestMethod codeBase="D:\actions-runner\_work\XPCO\XPCO\LogServer\Server\VideoOS.LogServer.Registrars.Tests\bin\Debug\VideoOS.LogServer.Registrars.Tests.dll" adapterTypeName="executor://mstestadapter/v2" className="VideoOS.LogServer.Registrars.Tests.LogServerCertificateRegistrarTest" name="ApplyCertificate_WithManagementServerAddress" />
    </UnitTest>
  </TestDefinitions>
  <TestEntries>
    <TestEntry testId="679242e7-057d-343a-df8e-aa52adb8983e" executionId="dbcc318b-c39e-44fd-8119-64b5e4b83a23" testListId="8c84fa94-04c1-424b-9868-57a2d4851a1d" />
    <TestEntry testId="65de1812-7ec9-941c-f293-e1df89800a11" executionId="d0b6aff1-1f21-4566-b463-7834fec937c3" testListId="8c84fa94-04c1-424b-9868-57a2d4851a1d" />
    <TestEntry testId="b990f129-f058-c9a2-e40f-67ca3a9b0493" executionId="9aed81e0-5ff5-404b-9d2c-2ecf5bd8783f" testListId="8c84fa94-04c1-424b-9868-57a2d4851a1d" />
    <TestEntry testId="dcfa7b15-7a84-bd0b-a8ee-f62a87484c89" executionId="2547b075-d92c-4e6e-bf8a-ad0feee5e41e" testListId="8c84fa94-04c1-424b-9868-57a2d4851a1d" />
    <TestEntry testId="874d7156-da62-abcd-f703-76121095a8e1" executionId="285585da-bcc4-4b0c-98f5-c92696c78054" testListId="8c84fa94-04c1-424b-9868-57a2d4851a1d" />
    <TestEntry testId="221e9736-56ca-6417-89fc-4c5572497529" executionId="3aa89181-9111-4ed2-a3ff-3f5473ed54cc" testListId="8c84fa94-04c1-424b-9868-57a2d4851a1d" />
    <TestEntry testId="d3e62d5b-fe89-af1c-f1bf-270913464288" executionId="60bb6ed2-3d61-41d1-a87f-9c11ee477edc" testListId="8c84fa94-04c1-424b-9868-57a2d4851a1d" />
  </TestEntries>
  <TestLists>
    <TestList name="Results Not in a List" id="8c84fa94-04c1-424b-9868-57a2d4851a1d" />
    <TestList name="All Loaded Results" id="19431567-8539-422a-85d7-44ee4e166bda" />
  </TestLists>
  <ResultSummary outcome="Completed">
    <Counters total="7" executed="7" passed="7" failed="0" error="0" timeout="0" aborted="0" inconclusive="0" passedButRunAborted="0" notRunnable="0" notExecuted="0" disconnected="0" warning="0" completed="0" inProgress="0" pending="0" />
  </ResultSummary>
</TestRun>