<?xml version="1.0" encoding="utf-8"?>
<TestRun id="1e4567f7-2887-4080-bd0b-cdac24996319" name="DKSR-EFI-04$@DKSR-EFI-04 2023-12-22 09:32:40" runUser="NT AUTHORITY\NETWORK SERVICE" xmlns="http://microsoft.com/schemas/VisualStudio/TeamTest/2010">
  <Times creation="2023-12-22T09:32:40.6622510+01:00" queuing="2023-12-22T09:32:40.6622510+01:00" start="2023-12-22T09:32:30.0372022+01:00" finish="2023-12-22T09:32:49.6622961+01:00" />
  <TestSettings name="default" id="9ed0cc6a-0679-4ba6-8123-bf87f84f1d3c">
    <Deployment runDeploymentRoot="DKSR-EFI-04$_DKSR-EFI-04_2023-12-22_09_32_40" />
  </TestSettings>
  <Results>
    <UnitTestResult executionId="a8fc6771-77d2-4243-8304-766686453fea" testId="9d9108bd-86db-659c-91d4-935425fa020c" testName="SendRequest_ResponseHasStatusCodeAndErrorCode_ThrowCorrectIdpException (400,LockedOut,VideoOS.IdentityServer.Common.Exceptions.LockedOutException)" computerName="DKSR-EFI-04" duration="00:00:00.0009195" startTime="2023-12-22T09:32:44.0528929+01:00" endTime="2023-12-22T09:32:44.0685190+01:00" testType="13cdc9d9-ddb5-4fa4-a97d-d965ccfc6d4b" outcome="Passed" testListId="8c84fa94-04c1-424b-9868-57a2d4851a1d" relativeResultsDirectory="a8fc6771-77d2-4243-8304-766686453fea" />
    <UnitTestResult executionId="db8d7895-ce85-49e0-b124-3f3c84dc413a" testId="580860dc-2c0d-6d21-09c2-29eb5cd9d7aa" testName="IdpException_ErrorProperty_IsAccessible" computerName="DKSR-EFI-04" duration="00:00:00.0003222" startTime="2023-12-22T09:32:48.7560406+01:00" endTime="2023-12-22T09:32:48.7560406+01:00" testType="13cdc9d9-ddb5-4fa4-a97d-d965ccfc6d4b" outcome="Passed" testListId="8c84fa94-04c1-424b-9868-57a2d4851a1d" relativeResultsDirectory="db8d7895-ce85-49e0-b124-3f3c84dc413a" />
    <UnitTestResult executionId="cf77e70f-a182-48d3-bd5f-dde3ec09cf99" testId="d5b3be23-e24d-3907-6e80-ddd593570613" testName="Construct_InvalidParam_ClientId_Null_Throws_ArgumentNullException" computerName="DKSR-EFI-04" duration="00:00:00.0005193" startTime="2023-12-22T09:32:48.5216650+01:00" endTime="2023-12-22T09:32:48.5216650+01:00" testType="13cdc9d9-ddb5-4fa4-a97d-d965ccfc6d4b" outcome="Passed" testListId="8c84fa94-04c1-424b-9868-57a2d4851a1d" relativeResultsDirectory="cf77e70f-a182-48d3-bd5f-dde3ec09cf99" />
    <UnitTestResult executionId="b82c2143-581f-4e1e-941e-b811539a2f32" testId="0f27abe8-3384-6920-a039-76a637899eb2" testName="Construct_UsesLargeCustomTimeout_Success" computerName="DKSR-EFI-04" duration="00:00:00.0001314" startTime="2023-12-22T09:32:47.1466556+01:00" endTime="2023-12-22T09:32:47.1466556+01:00" testType="13cdc9d9-ddb5-4fa4-a97d-d965ccfc6d4b" outcome="Passed" testListId="8c84fa94-04c1-424b-9868-57a2d4851a1d" relativeResultsDirectory="b82c2143-581f-4e1e-941e-b811539a2f32" />
    <UnitTestResult executionId="90f8a6d2-378d-4ae8-a612-544f41a0cba2" testId="94cf9b96-4bb3-ba5f-0704-49b8fc9a4cf0" testName="HandleException_InnerException_WebException_Status_ProtocolError_ReturnsFalse" computerName="DKSR-EFI-04" duration="00:00:00.0002241" startTime="2023-12-22T09:32:47.2404081+01:00" endTime="2023-12-22T09:32:47.2404081+01:00" testType="13cdc9d9-ddb5-4fa4-a97d-d965ccfc6d4b" outcome="Passed" testListId="8c84fa94-04c1-424b-9868-57a2d4851a1d" relativeResultsDirectory="90f8a6d2-378d-4ae8-a612-544f41a0cba2" />
    <UnitTestResult executionId="f946f70c-e8f4-460f-96dc-67bf2ced2e36" testId="6305c415-2662-3605-7a21-6246fd795db9" testName="Constructor_EmptyRefreshToken_ThrowsArgumentNullException" computerName="DKSR-EFI-04" duration="00:00:00.0005460" startTime="2023-12-22T09:32:47.2247837+01:00" endTime="2023-12-22T09:32:47.2247837+01:00" testType="13cdc9d9-ddb5-4fa4-a97d-d965ccfc6d4b" outcome="Passed" testListId="8c84fa94-04c1-424b-9868-57a2d4851a1d" relativeResultsDirectory="f946f70c-e8f4-460f-96dc-67bf2ced2e36" />
    <UnitTestResult executionId="27b1828b-7c77-4658-9133-41cc1ee40dea" testId="6c035807-52d4-6caf-a566-ec498448b6fa" testName="Constructor_ClientTokenSettingsIsNull_ThrowArgumentNullException" computerName="DKSR-EFI-04" duration="00:00:00.0024026" startTime="2023-12-22T09:32:40.6935023+01:00" endTime="2023-12-22T09:32:40.6935023+01:00" testType="13cdc9d9-ddb5-4fa4-a97d-d965ccfc6d4b" outcome="Passed" testListId="8c84fa94-04c1-424b-9868-57a2d4851a1d" relativeResultsDirectory="27b1828b-7c77-4658-9133-41cc1ee40dea" />
    <UnitTestResult executionId="4a554862-d86d-4a0a-83c5-495859e1543f" testId="5350274c-91fb-610e-856e-3415f7a1fa83" testName="RegisterAuthorizationCodeClientWithToken_ClientIdIsNull_ThrowArgumentException" computerName="DKSR-EFI-04" duration="00:00:00.0022266" startTime="2023-12-22T09:32:44.3341439+01:00" endTime="2023-12-22T09:32:44.3341439+01:00" testType="13cdc9d9-ddb5-4fa4-a97d-d965ccfc6d4b" outcome="Passed" testListId="8c84fa94-04c1-424b-9868-57a2d4851a1d" relativeResultsDirectory="4a554862-d86d-4a0a-83c5-495859e1543f" />
    <UnitTestResult executionId="8df5a90c-d241-4ea4-9a8f-a24b134d3c28" testId="2f309615-d38e-60ef-2c2d-0b95ad0a2a62" testName="ValidateToken_MetaDataLoadDelay_MetadataLoadDelayed" computerName="DKSR-EFI-04" duration="00:00:00.0204396" startTime="2023-12-22T09:32:40.7872513+01:00" endTime="2023-12-22T09:32:40.8028781+01:00" testType="13cdc9d9-ddb5-4fa4-a97d-d965ccfc6d4b" outcome="Passed" testListId="8c84fa94-04c1-424b-9868-57a2d4851a1d" relativeResultsDirectory="8df5a90c-d241-4ea4-9a8f-a24b134d3c28" />
    <UnitTestResult executionId="20ac6c85-02af-4f6f-a743-36d47b211911" testId="90eefc04-1f04-d44e-931c-bf308a05aad7" testName="RefreshToken_IdTokenNotRetrieved_NoError" computerName="DKSR-EFI-04" duration="00:00:00.0019004" startTime="2023-12-22T09:32:48.5060384+01:00" endTime="2023-12-22T09:32:48.5060384+01:00" testType="13cdc9d9-ddb5-4fa4-a97d-d965ccfc6d4b" outcome="Passed" testListId="8c84fa94-04c1-424b-9868-57a2d4851a1d" relativeResultsDirectory="20ac6c85-02af-4f6f-a743-36d47b211911" />
    <UnitTestResult executionId="0a700763-0e2a-494b-997a-f421681fe094" testId="8acb64df-af33-04f7-00cd-764cd60dcd21" testName="Construct_DefaultConstructor_UsesDefaultTimeout_Success" computerName="DKSR-EFI-04" duration="00:00:00.0002061" startTime="2023-12-22T09:32:47.1310340+01:00" endTime="2023-12-22T09:32:47.1310340+01:00" testType="13cdc9d9-ddb5-4fa4-a97d-d965ccfc6d4b" outcome="Passed" testListId="8c84fa94-04c1-424b-9868-57a2d4851a1d" relativeResultsDirectory="0a700763-0e2a-494b-997a-f421681fe094" />
    <UnitTestResult executionId="59650644-792e-4a64-8649-14e53e37930b" testId="62ab3ade-1e62-63bc-67fe-f16a91fdcb03" testName="RefreshToken_StartIsNotCalled_RefreshTokenCallsStart" computerName="DKSR-EFI-04" duration="00:00:00.0026629" startTime="2023-12-22T09:32:48.4591647+01:00" endTime="2023-12-22T09:32:48.4591647+01:00" testType="13cdc9d9-ddb5-4fa4-a97d-d965ccfc6d4b" outcome="Passed" testListId="8c84fa94-04c1-424b-9868-57a2d4851a1d" relativeResultsDirectory="59650644-792e-4a64-8649-14e53e37930b" />
    <UnitTestResult executionId="e7a530c6-459f-45c4-9b80-aa1e72cf16c2" testId="cac73a53-b4ae-6c1b-3bae-7a153785b4c5" testName="GetAsync_CallCancelled_OperationCanceledException" computerName="DKSR-EFI-04" duration="00:00:00.0030973" startTime="2023-12-22T09:32:43.3497642+01:00" endTime="2023-12-22T09:32:43.3653906+01:00" testType="13cdc9d9-ddb5-4fa4-a97d-d965ccfc6d4b" outcome="Passed" testListId="8c84fa94-04c1-424b-9868-57a2d4851a1d" relativeResultsDirectory="e7a530c6-459f-45c4-9b80-aa1e72cf16c2" />
    <UnitTestResult executionId="0b97f808-2709-4b73-90af-66fff9c9aad8" testId="7f2480da-8572-1058-bed9-d76ee4f460a4" testName="CreateException_DuplicateUserName_Is_AlreadyExistsException" computerName="DKSR-EFI-04" duration="00:00:00.0001890" startTime="2023-12-22T09:32:48.6622879+01:00" endTime="2023-12-22T09:32:48.6622879+01:00" testType="13cdc9d9-ddb5-4fa4-a97d-d965ccfc6d4b" outcome="Passed" testListId="8c84fa94-04c1-424b-9868-57a2d4851a1d" relativeResultsDirectory="0b97f808-2709-4b73-90af-66fff9c9aad8" />
    <UnitTestResult executionId="bc31f35c-68ae-461f-8461-acf55a9a1bca" testId="ecb758fe-0180-464c-e553-3e17f3a94b1f" testName="HasValidScheme_UriIsNetPipe_ReturnsTrue" computerName="DKSR-EFI-04" duration="00:00:00.0001828" startTime="2023-12-22T09:32:47.2872843+01:00" endTime="2023-12-22T09:32:47.2872843+01:00" testType="13cdc9d9-ddb5-4fa4-a97d-d965ccfc6d4b" outcome="Passed" testListId="8c84fa94-04c1-424b-9868-57a2d4851a1d" relativeResultsDirectory="bc31f35c-68ae-461f-8461-acf55a9a1bca" />
    <UnitTestResult executionId="fffd55fd-acd5-49eb-8db9-c64d93093662" testId="355371bd-45fe-c229-5034-898ad04eb1dc" testName="GetTokenResponseAsync_HttpStatusIsNotOk_IdpExceptionIsThrown (VideoOS.IdentityServer.Common.Exceptions.UnauthorizedException,Unauthorized)" computerName="DKSR-EFI-04" duration="00:00:00.0178251" startTime="2023-12-22T09:32:40.5216249+01:00" endTime="2023-12-22T09:32:40.5997503+01:00" testType="13cdc9d9-ddb5-4fa4-a97d-d965ccfc6d4b" outcome="Passed" testListId="8c84fa94-04c1-424b-9868-57a2d4851a1d" relativeResultsDirectory="fffd55fd-acd5-49eb-8db9-c64d93093662" />
    <UnitTestResult executionId="bda442e1-3dd2-49a6-8240-08c6e3701595" testId="ecc460ca-dce5-f2c1-27e1-c58351216caa" testName="BeforeSendRequest_ThrowsHttpRequestExceptionWithWebException_ThrowsCommunicationException (TrustFailure)" computerName="DKSR-EFI-04" duration="00:00:00.0003539" startTime="2023-12-22T09:32:48.0372848+01:00" endTime="2023-12-22T09:32:48.0372848+01:00" testType="13cdc9d9-ddb5-4fa4-a97d-d965ccfc6d4b" outcome="Passed" testListId="8c84fa94-04c1-424b-9868-57a2d4851a1d" relativeResultsDirectory="bda442e1-3dd2-49a6-8240-08c6e3701595" />
    <UnitTestResult executionId="a0f3bda4-1d5f-4d21-bc4a-b2dff3124a7f" testId="2fefd669-00f0-6209-0174-c1ad44273487" testName="Constructor_EmptyToken_ThrowsArgumentNullException" computerName="DKSR-EFI-04" duration="00:00:00.0006164" startTime="2023-12-22T09:32:39.8341221+01:00" endTime="2023-12-22T09:32:39.8341221+01:00" testType="13cdc9d9-ddb5-4fa4-a97d-d965ccfc6d4b" outcome="Passed" testListId="8c84fa94-04c1-424b-9868-57a2d4851a1d" relativeResultsDirectory="a0f3bda4-1d5f-4d21-bc4a-b2dff3124a7f" />
    <UnitTestResult executionId="1082e1af-665b-48e9-8706-11c4c044aa7d" testId="dedf70a5-f131-d84f-4234-6a5051d02528" testName="RegisterAuthorizationCodeClient_ResponseHasSuccessfulStatusCode_CorrectRequestUriIsPassedWithoutSecret" computerName="DKSR-EFI-04" duration="00:00:00.0074732" startTime="2023-12-22T09:32:44.3810196+01:00" endTime="2023-12-22T09:32:44.3810196+01:00" testType="13cdc9d9-ddb5-4fa4-a97d-d965ccfc6d4b" outcome="Passed" testListId="8c84fa94-04c1-424b-9868-57a2d4851a1d" relativeResultsDirectory="1082e1af-665b-48e9-8706-11c4c044aa7d" />
    <UnitTestResult executionId="bbb53cea-f827-4175-b64d-f75881471136" testId="ebe888ba-3631-12b0-9554-250fe8da03f0" testName="TokenCache_Constructor_Secret_ArgumentNullException" computerName="DKSR-EFI-04" duration="00:00:00.0007960" startTime="2023-12-22T09:32:48.3810363+01:00" endTime="2023-12-22T09:32:48.3810363+01:00" testType="13cdc9d9-ddb5-4fa4-a97d-d965ccfc6d4b" outcome="Passed" testListId="8c84fa94-04c1-424b-9868-57a2d4851a1d" relativeResultsDirectory="bbb53cea-f827-4175-b64d-f75881471136" />
    <UnitTestResult executionId="e10ea8ff-76df-4205-b7c9-0bc1056b0213" testId="51ae2f2f-1fc6-42dd-cfea-900de2971e28" testName="CheckAccess_NoRequiredClaims_ReturnsTrue" computerName="DKSR-EFI-04" duration="00:00:00.0103294" startTime="2023-12-22T09:32:48.2872870+01:00" endTime="2023-12-22T09:32:48.2872870+01:00" testType="13cdc9d9-ddb5-4fa4-a97d-d965ccfc6d4b" outcome="Passed" testListId="8c84fa94-04c1-424b-9868-57a2d4851a1d" relativeResultsDirectory="e10ea8ff-76df-4205-b7c9-0bc1056b0213" />
    <UnitTestResult executionId="ec9e1c3b-5a62-463e-ad91-71b06f2d1486" testId="44b2dbc1-f234-0a4c-b38c-97497c832d58" testName="BeforeSendRequest_ThrowsHttpRequestExceptionWithWebException_ThrowsCommunicationException (KeepAliveFailure)" computerName="DKSR-EFI-04" duration="00:00:00.0001856" startTime="2023-12-22T09:32:48.0529123+01:00" endTime="2023-12-22T09:32:48.0529123+01:00" testType="13cdc9d9-ddb5-4fa4-a97d-d965ccfc6d4b" outcome="Passed" testListId="8c84fa94-04c1-424b-9868-57a2d4851a1d" relativeResultsDirectory="ec9e1c3b-5a62-463e-ad91-71b06f2d1486" />
    <UnitTestResult executionId="a4fa9211-9270-4fc1-a30d-a02a8259b231" testId="abc17b2d-2fdc-8231-f8f9-d08681dce944" testName="Construct_InvalidParam_GrantType_EmptyString_Throws_ArgumentNullException" computerName="DKSR-EFI-04" duration="00:00:00.0008747" startTime="2023-12-22T09:32:48.5372893+01:00" endTime="2023-12-22T09:32:48.5372893+01:00" testType="13cdc9d9-ddb5-4fa4-a97d-d965ccfc6d4b" outcome="Passed" testListId="8c84fa94-04c1-424b-9868-57a2d4851a1d" relativeResultsDirectory="a4fa9211-9270-4fc1-a30d-a02a8259b231" />
    <UnitTestResult executionId="fd8ea6f5-f6dc-4dd3-a23b-5bf314f86002" testId="9cc02e74-38fe-d95c-2cfa-20f9c297a179" testName="BeforeSendRequest_ThrowsHttpRequestExceptionWithWebException_ThrowsCommunicationException (ReceiveFailure)" computerName="DKSR-EFI-04" duration="00:00:00.0002530" startTime="2023-12-22T09:32:48.0216613+01:00" endTime="2023-12-22T09:32:48.0216613+01:00" testType="13cdc9d9-ddb5-4fa4-a97d-d965ccfc6d4b" outcome="Passed" testListId="8c84fa94-04c1-424b-9868-57a2d4851a1d" relativeResultsDirectory="fd8ea6f5-f6dc-4dd3-a23b-5bf314f86002" />
    <UnitTestResult executionId="dac285e4-820e-4845-b773-2d392377dfd1" testId="3dc13ed3-005d-7721-2c63-eb85486517c8" testName="GetAsync_ErrorTypeAggregateException_ExceptionMessageFromInner" computerName="DKSR-EFI-04" duration="00:00:00.0028678" startTime="2023-12-22T09:32:43.3185149+01:00" endTime="2023-12-22T09:32:43.3185149+01:00" testType="13cdc9d9-ddb5-4fa4-a97d-d965ccfc6d4b" outcome="Passed" testListId="8c84fa94-04c1-424b-9868-57a2d4851a1d" relativeResultsDirectory="dac285e4-820e-4845-b773-2d392377dfd1" />
    <UnitTestResult executionId="e4116b84-191b-4c56-89ed-dfb9b8c2ec04" testId="19385676-0b53-c79d-1ffa-123def9ca885" testName="Authenticate_AuthHeaderHasMalformedToken_ReturnNull" computerName="DKSR-EFI-04" duration="00:00:00.0080875" startTime="2023-12-22T09:32:48.2404113+01:00" endTime="2023-12-22T09:32:48.2404113+01:00" testType="13cdc9d9-ddb5-4fa4-a97d-d965ccfc6d4b" outcome="Passed" testListId="8c84fa94-04c1-424b-9868-57a2d4851a1d" relativeResultsDirectory="e4116b84-191b-4c56-89ed-dfb9b8c2ec04">
      <Output>
        <StdOut>Debug Trace:&#xD;
Cannot read the provided token.</StdOut>
      </Output>
    </UnitTestResult>
    <UnitTestResult executionId="c4317f60-a67f-4a5f-a381-2663865c7150" testId="8930d882-3bbd-8944-5200-f7a907000dfc" testName="BeforeSendRequest_ThrowsHttpRequestExceptionWithWebException_ThrowsCommunicationException (ProtocolError)" computerName="DKSR-EFI-04" duration="00:00:00.0002102" startTime="2023-12-22T09:32:48.0372848+01:00" endTime="2023-12-22T09:32:48.0372848+01:00" testType="13cdc9d9-ddb5-4fa4-a97d-d965ccfc6d4b" outcome="Passed" testListId="8c84fa94-04c1-424b-9868-57a2d4851a1d" relativeResultsDirectory="c4317f60-a67f-4a5f-a381-2663865c7150" />
    <UnitTestResult executionId="dcc04554-83dc-478b-a8ba-8b2220ea1247" testId="b8901242-2f26-bc70-f843-5bf9455c7828" testName="IdpTokenClient_NonDefaultCredentials_HttpClientConfiguredToNotUseDefualtCredentials" computerName="DKSR-EFI-04" duration="00:00:00.0038356" startTime="2023-12-22T09:32:44.4435219+01:00" endTime="2023-12-22T09:32:44.4591440+01:00" testType="13cdc9d9-ddb5-4fa4-a97d-d965ccfc6d4b" outcome="Passed" testListId="8c84fa94-04c1-424b-9868-57a2d4851a1d" relativeResultsDirectory="dcc04554-83dc-478b-a8ba-8b2220ea1247" />
    <UnitTestResult executionId="4cedc697-3b52-4bca-9aa2-de57cb552f15" testId="48e5f408-630a-7efe-4163-87f853b9fc3c" testName="DeleteTrustedIssuers_ResponseHasSuccessfulStatusCode_CorrectRequestUriIsPassed" computerName="DKSR-EFI-04" duration="00:00:00.0075009" startTime="2023-12-22T09:32:47.8185367+01:00" endTime="2023-12-22T09:32:47.8185367+01:00" testType="13cdc9d9-ddb5-4fa4-a97d-d965ccfc6d4b" outcome="Passed" testListId="8c84fa94-04c1-424b-9868-57a2d4851a1d" relativeResultsDirectory="4cedc697-3b52-4bca-9aa2-de57cb552f15" />
    <UnitTestResult executionId="c6a2d41d-b902-4f44-8c78-0a1abdaf3720" testId="90d13d23-6660-c28a-543b-d374b02dcccb" testName="GetClaimValue_IdTokenRetrieved_ClaimThere_ReturnsClaimValue" computerName="DKSR-EFI-04" duration="00:00:00.0020928" startTime="2023-12-22T09:32:48.4904128+01:00" endTime="2023-12-22T09:32:48.4904128+01:00" testType="13cdc9d9-ddb5-4fa4-a97d-d965ccfc6d4b" outcome="Passed" testListId="8c84fa94-04c1-424b-9868-57a2d4851a1d" relativeResultsDirectory="c6a2d41d-b902-4f44-8c78-0a1abdaf3720" />
    <UnitTestResult executionId="89dd8bd3-73f1-4b43-a97d-adbbecb0cf41" testId="08a3c3db-cc01-e5ed-016b-ec03cbb97901" testName="ValidateToken_SecurityTokenIsNull_ThrowArgumentNullException" computerName="DKSR-EFI-04" duration="00:00:00.0294184" startTime="2023-12-22T09:32:40.7560009+01:00" endTime="2023-12-22T09:32:40.7872513+01:00" testType="13cdc9d9-ddb5-4fa4-a97d-d965ccfc6d4b" outcome="Passed" testListId="8c84fa94-04c1-424b-9868-57a2d4851a1d" relativeResultsDirectory="89dd8bd3-73f1-4b43-a97d-adbbecb0cf41" />
    <UnitTestResult executionId="7b9118b5-0e5c-4e41-a8f1-204796904345" testId="59d00ef5-8a37-2b1f-99b8-740e21e44e72" testName="GetAllValidScopes_ResponseHasSuccessfulStatusCode_ScopesAreReturned" computerName="DKSR-EFI-04" duration="00:00:00.0116020" startTime="2023-12-22T09:32:44.3185166+01:00" endTime="2023-12-22T09:32:44.3185166+01:00" testType="13cdc9d9-ddb5-4fa4-a97d-d965ccfc6d4b" outcome="Passed" testListId="8c84fa94-04c1-424b-9868-57a2d4851a1d" relativeResultsDirectory="7b9118b5-0e5c-4e41-a8f1-204796904345" />
    <UnitTestResult executionId="974fcaa1-c0c8-496a-a3cf-bd2f49b0b203" testId="21823bf0-ff7d-6139-8246-3e6c7fce3add" testName="TokenCache_Constructor_Scope_ArgumentNullException" computerName="DKSR-EFI-04" duration="00:00:00.0007911" startTime="2023-12-22T09:32:48.3654133+01:00" endTime="2023-12-22T09:32:48.3654133+01:00" testType="13cdc9d9-ddb5-4fa4-a97d-d965ccfc6d4b" outcome="Passed" testListId="8c84fa94-04c1-424b-9868-57a2d4851a1d" relativeResultsDirectory="974fcaa1-c0c8-496a-a3cf-bd2f49b0b203" />
    <UnitTestResult executionId="5e02afdf-7463-4525-9fb7-88a4495ca291" testId="a912da9b-9910-2e20-bdfd-ebd2e525320e" testName="GetTokenResponseAsync_TokenResponseIsReturned" computerName="DKSR-EFI-04" duration="00:00:00.0141462" startTime="2023-12-22T09:32:40.6778752+01:00" endTime="2023-12-22T09:32:40.6935023+01:00" testType="13cdc9d9-ddb5-4fa4-a97d-d965ccfc6d4b" outcome="Passed" testListId="8c84fa94-04c1-424b-9868-57a2d4851a1d" relativeResultsDirectory="5e02afdf-7463-4525-9fb7-88a4495ca291" />
    <UnitTestResult executionId="dbe6433f-d020-4f97-9541-cec1633e939d" testId="20c79940-9719-f9c5-6819-e1e3e40039dc" testName="CreateLogin_AccessTokenIsNull_ThrowArgumentException" computerName="DKSR-EFI-04" duration="00:00:00.0014407" startTime="2023-12-22T09:32:47.5372851+01:00" endTime="2023-12-22T09:32:47.5372851+01:00" testType="13cdc9d9-ddb5-4fa4-a97d-d965ccfc6d4b" outcome="Passed" testListId="8c84fa94-04c1-424b-9868-57a2d4851a1d" relativeResultsDirectory="dbe6433f-d020-4f97-9541-cec1633e939d" />
    <UnitTestResult executionId="5c1f7d44-46d2-4cc7-bb6f-526dff018966" testId="46272a5b-6f40-ca49-f0c0-19ef57f507c2" testName="RegisterAuthorizationCodeClientWithToken_AccessTokenIsNull_ThrowArgumentException" computerName="DKSR-EFI-04" duration="00:00:00.0009917" startTime="2023-12-22T09:32:44.3497705+01:00" endTime="2023-12-22T09:32:44.3497705+01:00" testType="13cdc9d9-ddb5-4fa4-a97d-d965ccfc6d4b" outcome="Passed" testListId="8c84fa94-04c1-424b-9868-57a2d4851a1d" relativeResultsDirectory="5c1f7d44-46d2-4cc7-bb6f-526dff018966" />
    <UnitTestResult executionId="51112d72-f66e-4937-b5f7-01600cda57c4" testId="1edf4c99-c764-95bb-14ad-e4ec565371a3" testName="ValidateIdpServer_InvalidUri_Null_Throws_ArgumentNullException" computerName="DKSR-EFI-04" duration="00:00:00.0022371" startTime="2023-12-22T09:32:44.4903983+01:00" endTime="2023-12-22T09:32:44.4903983+01:00" testType="13cdc9d9-ddb5-4fa4-a97d-d965ccfc6d4b" outcome="Passed" testListId="8c84fa94-04c1-424b-9868-57a2d4851a1d" relativeResultsDirectory="51112d72-f66e-4937-b5f7-01600cda57c4" />
    <UnitTestResult executionId="93195db6-421c-406d-a691-5046bfaf2b3b" testId="1123588b-584b-06b7-cbdb-e5cf3ec64afc" testName="ValidateIdpServer_SimulateValidResponseFromOAuthServer_UnsecureCheckOnly_WithTimeout_ReturnsHttpsSecureConnection" computerName="DKSR-EFI-04" duration="00:00:00.2147615" startTime="2023-12-22T09:32:46.4279041+01:00" endTime="2023-12-22T09:32:46.6466548+01:00" testType="13cdc9d9-ddb5-4fa4-a97d-d965ccfc6d4b" outcome="Passed" testListId="8c84fa94-04c1-424b-9868-57a2d4851a1d" relativeResultsDirectory="93195db6-421c-406d-a691-5046bfaf2b3b" />
    <UnitTestResult executionId="764c606e-19de-4dd1-b211-adee1c1a59e9" testId="529c2e35-24ca-56d0-82ae-22b9934a7f05" testName="ValidateToken_SubClaimPresent_SystemClaimIsNotAddedToClaims" computerName="DKSR-EFI-04" duration="00:00:00.0063284" startTime="2023-12-22T09:32:42.4278858+01:00" endTime="2023-12-22T09:32:42.4435109+01:00" testType="13cdc9d9-ddb5-4fa4-a97d-d965ccfc6d4b" outcome="Passed" testListId="8c84fa94-04c1-424b-9868-57a2d4851a1d" relativeResultsDirectory="764c606e-19de-4dd1-b211-adee1c1a59e9" />
    <UnitTestResult executionId="5f0d4561-9a0d-4705-ae5e-c1f03e61af3f" testId="836c4ce4-261b-464f-c6a6-10c2a88fa0d7" testName="Constructor_NullUri_ThrowsArgumentNullException" computerName="DKSR-EFI-04" duration="00:00:00.0117250" startTime="2023-12-22T09:32:39.2403691+01:00" endTime="2023-12-22T09:32:39.5841210+01:00" testType="13cdc9d9-ddb5-4fa4-a97d-d965ccfc6d4b" outcome="Passed" testListId="8c84fa94-04c1-424b-9868-57a2d4851a1d" relativeResultsDirectory="5f0d4561-9a0d-4705-ae5e-c1f03e61af3f" />
    <UnitTestResult executionId="40c484d0-41f9-4e60-a667-8a17ad257efc" testId="151a3939-7178-7ca5-04d5-74b2e2ea473d" testName="IdpException_ErrorsProperty_IsAccessible" computerName="DKSR-EFI-04" duration="00:00:00.0002292" startTime="2023-12-22T09:32:48.7560406+01:00" endTime="2023-12-22T09:32:48.7560406+01:00" testType="13cdc9d9-ddb5-4fa4-a97d-d965ccfc6d4b" outcome="Passed" testListId="8c84fa94-04c1-424b-9868-57a2d4851a1d" relativeResultsDirectory="40c484d0-41f9-4e60-a667-8a17ad257efc" />
    <UnitTestResult executionId="f07050b4-2d72-431c-b883-77aa08b3b1e4" testId="83822170-a282-a7f9-81dc-2f08dba999ec" testName="GetEventLogs_NumberToReturnIsOutOfRange_ThrowsArgumentOutOfRangeException (-1)" computerName="DKSR-EFI-04" duration="00:00:00.0015592" startTime="2023-12-22T09:32:47.6622842+01:00" endTime="2023-12-22T09:32:47.6622842+01:00" testType="13cdc9d9-ddb5-4fa4-a97d-d965ccfc6d4b" outcome="Passed" testListId="8c84fa94-04c1-424b-9868-57a2d4851a1d" relativeResultsDirectory="f07050b4-2d72-431c-b883-77aa08b3b1e4" />
    <UnitTestResult executionId="92d31f8f-c178-4bba-9264-5a035a186812" testId="9c36fd41-e765-81f6-df8e-f462ee2c6552" testName="Ctor_AudiencesIsNull_ThrowsArgumentNullException" computerName="DKSR-EFI-04" duration="00:00:00.0003682" startTime="2023-12-22T09:32:42.3185101+01:00" endTime="2023-12-22T09:32:42.3185101+01:00" testType="13cdc9d9-ddb5-4fa4-a97d-d965ccfc6d4b" outcome="Passed" testListId="8c84fa94-04c1-424b-9868-57a2d4851a1d" relativeResultsDirectory="92d31f8f-c178-4bba-9264-5a035a186812" />
    <UnitTestResult executionId="fb8a5664-d874-4b7a-9022-057fbd4b358a" testId="ec4cb66a-617d-876b-6006-2ba82ddc24c5" testName="CreateException_LoginAlreadyAssociated_Is_LoginAlreadyAssociatedException" computerName="DKSR-EFI-04" duration="00:00:00.0002397" startTime="2023-12-22T09:32:48.6935397+01:00" endTime="2023-12-22T09:32:48.6935397+01:00" testType="13cdc9d9-ddb5-4fa4-a97d-d965ccfc6d4b" outcome="Passed" testListId="8c84fa94-04c1-424b-9868-57a2d4851a1d" relativeResultsDirectory="fb8a5664-d874-4b7a-9022-057fbd4b358a" />
    <UnitTestResult executionId="8e39c501-538e-41a3-bef0-39169bd71dfd" testId="95c412a3-338e-b711-9f7f-79585ecc287b" testName="SendRequest_ResponseHasBadStatusCode_ThrowIdpException (Forbidden)" computerName="DKSR-EFI-04" duration="00:00:00.0008584" startTime="2023-12-22T09:32:43.9435174+01:00" endTime="2023-12-22T09:32:43.9435174+01:00" testType="13cdc9d9-ddb5-4fa4-a97d-d965ccfc6d4b" outcome="Passed" testListId="8c84fa94-04c1-424b-9868-57a2d4851a1d" relativeResultsDirectory="8e39c501-538e-41a3-bef0-39169bd71dfd" />
    <UnitTestResult executionId="cc3103a6-4349-45f7-b251-004e24a7e1e3" testId="098fb557-60b9-c84f-e666-1ebb6f9228ac" testName="SendRequest_ResponseHasBadStatusCode_ThrowIdpException (Unauthorized)" computerName="DKSR-EFI-04" duration="00:00:00.0008537" startTime="2023-12-22T09:32:43.9435174+01:00" endTime="2023-12-22T09:32:43.9435174+01:00" testType="13cdc9d9-ddb5-4fa4-a97d-d965ccfc6d4b" outcome="Passed" testListId="8c84fa94-04c1-424b-9868-57a2d4851a1d" relativeResultsDirectory="cc3103a6-4349-45f7-b251-004e24a7e1e3" />
    <UnitTestResult executionId="5b0c447f-258b-4f51-83eb-e37b56ad7692" testId="4c680463-2526-d2b9-8b45-18d4e02b72d8" testName="BeforeSendRequest_ThrowsHttpRequestExceptionWithWebException_ThrowsCommunicationException (Timeout)" computerName="DKSR-EFI-04" duration="00:00:00.0001732" startTime="2023-12-22T09:32:48.0529123+01:00" endTime="2023-12-22T09:32:48.0529123+01:00" testType="13cdc9d9-ddb5-4fa4-a97d-d965ccfc6d4b" outcome="Passed" testListId="8c84fa94-04c1-424b-9868-57a2d4851a1d" relativeResultsDirectory="5b0c447f-258b-4f51-83eb-e37b56ad7692" />
    <UnitTestResult executionId="81086824-231e-4a2c-9fb2-75d23135b9e6" testId="851fb875-0294-59e3-54ed-d95f850fb682" testName="DiscoveryClient_Dispose_HttpClientDisposed" computerName="DKSR-EFI-04" duration="00:00:00.0022418" startTime="2023-12-22T09:32:43.3653906+01:00" endTime="2023-12-22T09:32:43.3653906+01:00" testType="13cdc9d9-ddb5-4fa4-a97d-d965ccfc6d4b" outcome="Passed" testListId="8c84fa94-04c1-424b-9868-57a2d4851a1d" relativeResultsDirectory="81086824-231e-4a2c-9fb2-75d23135b9e6" />
    <UnitTestResult executionId="5edb90b0-2506-488f-a1dd-4515011d3344" testId="6afc125c-c7a5-eaa7-7af0-9ebe233aad22" testName="SendRequest_ResponseHasBadStatusCode_ThrowIdpException (UpgradeRequired)" computerName="DKSR-EFI-04" duration="00:00:00.0007069" startTime="2023-12-22T09:32:44.0060174+01:00" endTime="2023-12-22T09:32:44.0060174+01:00" testType="13cdc9d9-ddb5-4fa4-a97d-d965ccfc6d4b" outcome="Passed" testListId="8c84fa94-04c1-424b-9868-57a2d4851a1d" relativeResultsDirectory="5edb90b0-2506-488f-a1dd-4515011d3344" />
    <UnitTestResult executionId="d7ad1768-f378-4c53-9a30-d8ee6d8dc734" testId="82b44982-47bf-5402-bc06-46a13615b67f" testName="BuildFullUri_HasNullPart_ThrowsArgumentException" computerName="DKSR-EFI-04" duration="00:00:00.0005567" startTime="2023-12-22T09:32:44.1310201+01:00" endTime="2023-12-22T09:32:44.1310201+01:00" testType="13cdc9d9-ddb5-4fa4-a97d-d965ccfc6d4b" outcome="Passed" testListId="8c84fa94-04c1-424b-9868-57a2d4851a1d" relativeResultsDirectory="d7ad1768-f378-4c53-9a30-d8ee6d8dc734" />
    <UnitTestResult executionId="25171470-450a-45c3-ab79-152024ae66e0" testId="7c241f9b-2b9f-c010-004c-ec717a0175c5" testName="Start_TokenRefreshSuccess_StartTimerInterval10" computerName="DKSR-EFI-04" duration="00:00:00.0082584" startTime="2023-12-22T09:32:48.3966615+01:00" endTime="2023-12-22T09:32:48.4122866+01:00" testType="13cdc9d9-ddb5-4fa4-a97d-d965ccfc6d4b" outcome="Passed" testListId="8c84fa94-04c1-424b-9868-57a2d4851a1d" relativeResultsDirectory="25171470-450a-45c3-ab79-152024ae66e0" />
    <UnitTestResult executionId="247bf943-c4b5-45a8-be48-a24a5d753ed9" testId="d807db37-04e4-3703-28e1-c5c109b432e1" testName="GetUserCollection_ResponseHasSuccessfulStatusCode_CorrectRequestUriIsPassedAndUsersAreReturned" computerName="DKSR-EFI-04" duration="00:00:00.0125017" startTime="2023-12-22T09:32:47.4435346+01:00" endTime="2023-12-22T09:32:47.4591584+01:00" testType="13cdc9d9-ddb5-4fa4-a97d-d965ccfc6d4b" outcome="Passed" testListId="8c84fa94-04c1-424b-9868-57a2d4851a1d" relativeResultsDirectory="247bf943-c4b5-45a8-be48-a24a5d753ed9" />
    <UnitTestResult executionId="37ca76e8-58a4-4ee8-a446-689e6fe273e8" testId="b357bd63-2bfe-e360-123f-216e041a66f7" testName="GetUsersAfterModifiedDate_AccessTokenNullWithDateTimeNow_ThrowsArgumentException" computerName="DKSR-EFI-04" duration="00:00:00.0034817" startTime="2023-12-22T09:32:47.6622842+01:00" endTime="2023-12-22T09:32:47.6779107+01:00" testType="13cdc9d9-ddb5-4fa4-a97d-d965ccfc6d4b" outcome="Passed" testListId="8c84fa94-04c1-424b-9868-57a2d4851a1d" relativeResultsDirectory="37ca76e8-58a4-4ee8-a446-689e6fe273e8" />
    <UnitTestResult executionId="0ca4bc54-fb32-4b27-9ae2-c7a9114c3dfd" testId="78041a23-7bf7-db78-694f-dcf00358b174" testName="HandleException_IdentityServerTokenException_ReturnsTrue" computerName="DKSR-EFI-04" duration="00:00:00.0001860" startTime="2023-12-22T09:32:47.2404081+01:00" endTime="2023-12-22T09:32:47.2404081+01:00" testType="13cdc9d9-ddb5-4fa4-a97d-d965ccfc6d4b" outcome="Passed" testListId="8c84fa94-04c1-424b-9868-57a2d4851a1d" relativeResultsDirectory="0ca4bc54-fb32-4b27-9ae2-c7a9114c3dfd" />
    <UnitTestResult executionId="76c14ceb-37bc-4212-9acd-1db174081524" testId="ee4023a9-7ef5-de07-c4fc-93e795d5baa7" testName="SendRequest_ResponseHasStatusCodeAndCustomIdpError_ThrowCorrectIdpException (400,InvalidRoleName,VideoOS.IdentityServer.Common.Exceptions.InvalidNameException)" computerName="DKSR-EFI-04" duration="00:00:00.0008975" startTime="2023-12-22T09:32:44.0216434+01:00" endTime="2023-12-22T09:32:44.0528929+01:00" testType="13cdc9d9-ddb5-4fa4-a97d-d965ccfc6d4b" outcome="Passed" testListId="8c84fa94-04c1-424b-9868-57a2d4851a1d" relativeResultsDirectory="76c14ceb-37bc-4212-9acd-1db174081524" />
    <UnitTestResult executionId="d6bdba12-1c6d-4215-b034-6ac323ce3acd" testId="cb3d0d63-a156-b025-1c90-4a3dc7841ffd" testName="RegisterAuthorizationCodeClientWithToken_ResponseHasSuccessfulStatusCode_CorrectRequestUriIsPassedWithoutSecret" computerName="DKSR-EFI-04" duration="00:00:00.0063998" startTime="2023-12-22T09:32:44.3497705+01:00" endTime="2023-12-22T09:32:44.3653941+01:00" testType="13cdc9d9-ddb5-4fa4-a97d-d965ccfc6d4b" outcome="Passed" testListId="8c84fa94-04c1-424b-9868-57a2d4851a1d" relativeResultsDirectory="d6bdba12-1c6d-4215-b034-6ac323ce3acd" />
    <UnitTestResult executionId="3e0bded4-6231-4020-9736-15def7f55ea3" testId="cb270c9a-018c-ca10-c7ca-7967670c892b" testName="Constructor_NullTrustedToken_ThrowsArgumentNullException" computerName="DKSR-EFI-04" duration="00:00:00.1615991" startTime="2023-12-22T09:32:39.6622458+01:00" endTime="2023-12-22T09:32:39.8184979+01:00" testType="13cdc9d9-ddb5-4fa4-a97d-d965ccfc6d4b" outcome="Passed" testListId="8c84fa94-04c1-424b-9868-57a2d4851a1d" relativeResultsDirectory="3e0bded4-6231-4020-9736-15def7f55ea3" />
    <UnitTestResult executionId="f7957434-ff61-4f6f-9580-e76da0b23c2f" testId="b61d19a2-eeb7-66f5-f12f-c31f348cabd6" testName="ClientCredentialsAuthenticationAsync_StatusCodeOk_TokenResponseWithTokenIsReturned" computerName="DKSR-EFI-04" duration="00:00:00.0039666" startTime="2023-12-22T09:32:44.3966429+01:00" endTime="2023-12-22T09:32:44.3966429+01:00" testType="13cdc9d9-ddb5-4fa4-a97d-d965ccfc6d4b" outcome="Passed" testListId="8c84fa94-04c1-424b-9868-57a2d4851a1d" relativeResultsDirectory="f7957434-ff61-4f6f-9580-e76da0b23c2f" />
    <UnitTestResult executionId="3579402f-f334-4867-8fb4-772b41dbb766" testId="3c9fa628-c7d5-d183-10bb-7d387f6779bb" testName="Constructor_NullIIdpTokenRetriever_ThrowsArgumentNullException" computerName="DKSR-EFI-04" duration="00:00:00.0011079" startTime="2023-12-22T09:32:40.6466245+01:00" endTime="2023-12-22T09:32:40.6622510+01:00" testType="13cdc9d9-ddb5-4fa4-a97d-d965ccfc6d4b" outcome="Passed" testListId="8c84fa94-04c1-424b-9868-57a2d4851a1d" relativeResultsDirectory="3579402f-f334-4867-8fb4-772b41dbb766" />
    <UnitTestResult executionId="2c562781-b4fe-4964-b76d-fa67f8fd44e2" testId="f872f45e-56c6-8ff1-732b-a4f3744612ec" testName="GetAsync_ErrorTypeHttp_DiscoveryResponseIsError" computerName="DKSR-EFI-04" duration="00:00:00.0574814" startTime="2023-12-22T09:32:43.2403943+01:00" endTime="2023-12-22T09:32:43.3028904+01:00" testType="13cdc9d9-ddb5-4fa4-a97d-d965ccfc6d4b" outcome="Passed" testListId="8c84fa94-04c1-424b-9868-57a2d4851a1d" relativeResultsDirectory="2c562781-b4fe-4964-b76d-fa67f8fd44e2" />
    <UnitTestResult executionId="40c5cfa5-15a4-426b-831a-d6ff384312ed" testId="11e2d426-0f64-e877-4f88-684b98f80094" testName="Constructor_NullRequestedScopes_ThrowsArgumentNullException" computerName="DKSR-EFI-04" duration="00:00:00.0006261" startTime="2023-12-22T09:32:47.1779090+01:00" endTime="2023-12-22T09:32:47.1779090+01:00" testType="13cdc9d9-ddb5-4fa4-a97d-d965ccfc6d4b" outcome="Passed" testListId="8c84fa94-04c1-424b-9868-57a2d4851a1d" relativeResultsDirectory="40c5cfa5-15a4-426b-831a-d6ff384312ed" />
    <UnitTestResult executionId="51237d8d-25ca-4ac3-9e77-82e2b410aa98" testId="ee4023a9-7ef5-de07-c4fc-93e795d5baa7" testName="SendRequest_ResponseHasStatusCodeAndCustomIdpError_ThrowCorrectIdpException (400,UserAlreadyHasPassword,VideoOS.IdentityServer.Common.Exceptions.DefaultErrorException)" computerName="DKSR-EFI-04" duration="00:00:00.0008525" startTime="2023-12-22T09:32:44.0216434+01:00" endTime="2023-12-22T09:32:44.0528929+01:00" testType="13cdc9d9-ddb5-4fa4-a97d-d965ccfc6d4b" outcome="Passed" testListId="8c84fa94-04c1-424b-9868-57a2d4851a1d" relativeResultsDirectory="51237d8d-25ca-4ac3-9e77-82e2b410aa98" />
    <UnitTestResult executionId="8ad8ac6d-a799-43fd-8945-ae6c3050b3d7" testId="4028140e-6ceb-44db-b0b0-5a4385a02e69" testName="HasValidScheme_UriInvalid_Null_ReturnsFalse" computerName="DKSR-EFI-04" duration="00:00:00.0001865" startTime="2023-12-22T09:32:47.2560308+01:00" endTime="2023-12-22T09:32:47.2716599+01:00" testType="13cdc9d9-ddb5-4fa4-a97d-d965ccfc6d4b" outcome="Passed" testListId="8c84fa94-04c1-424b-9868-57a2d4851a1d" relativeResultsDirectory="8ad8ac6d-a799-43fd-8945-ae6c3050b3d7" />
    <UnitTestResult executionId="be798729-523c-4c4a-81b7-d88bc639612d" testId="25aa6176-148e-f1e7-5c9f-10f279eb31cc" testName="CreateException_ErrorTheSamePasswords_Is_PasswordSameAsOldException" computerName="DKSR-EFI-04" duration="00:00:00.0002522" startTime="2023-12-22T09:32:48.6622879+01:00" endTime="2023-12-22T09:32:48.6622879+01:00" testType="13cdc9d9-ddb5-4fa4-a97d-d965ccfc6d4b" outcome="Passed" testListId="8c84fa94-04c1-424b-9868-57a2d4851a1d" relativeResultsDirectory="be798729-523c-4c4a-81b7-d88bc639612d" />
    <UnitTestResult executionId="0742a591-c026-48cd-9873-a00774dc62cf" testId="65770ab3-18b0-0e9f-399a-f7a04ea6e0e5" testName="CreateException_PasswordRequiresLower_Is_PasswordNotComplexEnoughException" computerName="DKSR-EFI-04" duration="00:00:00.0001891" startTime="2023-12-22T09:32:48.6779126+01:00" endTime="2023-12-22T09:32:48.6779126+01:00" testType="13cdc9d9-ddb5-4fa4-a97d-d965ccfc6d4b" outcome="Passed" testListId="8c84fa94-04c1-424b-9868-57a2d4851a1d" relativeResultsDirectory="0742a591-c026-48cd-9873-a00774dc62cf" />
    <UnitTestResult executionId="06f341c4-db40-4b28-8710-c31f3d4ad1e1" testId="5ac69b1a-a384-bee2-381f-56a296f2c282" testName="CreateException_404_UserNotFound_Is_UserNotFoundException" computerName="DKSR-EFI-04" duration="00:00:00.0001950" startTime="2023-12-22T09:32:48.6310377+01:00" endTime="2023-12-22T09:32:48.6310377+01:00" testType="13cdc9d9-ddb5-4fa4-a97d-d965ccfc6d4b" outcome="Passed" testListId="8c84fa94-04c1-424b-9868-57a2d4851a1d" relativeResultsDirectory="06f341c4-db40-4b28-8710-c31f3d4ad1e1" />
    <UnitTestResult executionId="8497125f-948a-4e26-a394-aa8dd86a5c48" testId="576b4205-3800-13a7-aaef-8abb157a3de6" testName="GetUserCollection_QueryParameterIsVariableSize_QueryParameterIsUsedWhenNotTooBig (2049,True)" computerName="DKSR-EFI-04" duration="00:00:00.0026551" startTime="2023-12-22T09:32:47.4904086+01:00" endTime="2023-12-22T09:32:47.4904086+01:00" testType="13cdc9d9-ddb5-4fa4-a97d-d965ccfc6d4b" outcome="Passed" testListId="8c84fa94-04c1-424b-9868-57a2d4851a1d" relativeResultsDirectory="8497125f-948a-4e26-a394-aa8dd86a5c48" />
    <UnitTestResult executionId="3feac56c-1d4b-42ba-9f9b-1c2ef7e223d1" testId="730bef14-9053-6444-695c-2c9c89ef8f7a" testName="ValidateIdpServer_HttpsAddressInvalidPort_ShouldThrow" computerName="DKSR-EFI-04" startTime="2023-12-22T09:32:44.4591440+01:00" endTime="2023-12-22T09:32:44.4591440+01:00" testType="13cdc9d9-ddb5-4fa4-a97d-d965ccfc6d4b" outcome="NotExecuted" testListId="8c84fa94-04c1-424b-9868-57a2d4851a1d" relativeResultsDirectory="3feac56c-1d4b-42ba-9f9b-1c2ef7e223d1">
      <Output></Output>
    </UnitTestResult>
    <UnitTestResult executionId="d55dfd78-af74-4936-9190-7cfd0734a076" testId="afabb9a4-988f-5af8-5e0c-adf9e9521a8f" testName="Construct_WithErrorResponses_ResponseWithErrorResponses" computerName="DKSR-EFI-04" duration="00:00:00.0006971" startTime="2023-12-22T09:32:43.2247637+01:00" endTime="2023-12-22T09:32:43.2247637+01:00" testType="13cdc9d9-ddb5-4fa4-a97d-d965ccfc6d4b" outcome="Passed" testListId="8c84fa94-04c1-424b-9868-57a2d4851a1d" relativeResultsDirectory="d55dfd78-af74-4936-9190-7cfd0734a076" />
    <UnitTestResult executionId="53498ff8-824f-4542-ab99-b4b9cd0d5aff" testId="3a443cd7-9c96-2cc4-1c4b-302bec95fdb5" testName="BeforeSendRequest_ThrowsHttpRequestExceptionWithWebException_ThrowsCommunicationException (RequestProhibitedByCachePolicy)" computerName="DKSR-EFI-04" duration="00:00:00.0001717" startTime="2023-12-22T09:32:48.0685351+01:00" endTime="2023-12-22T09:32:48.0685351+01:00" testType="13cdc9d9-ddb5-4fa4-a97d-d965ccfc6d4b" outcome="Passed" testListId="8c84fa94-04c1-424b-9868-57a2d4851a1d" relativeResultsDirectory="53498ff8-824f-4542-ab99-b4b9cd0d5aff" />
    <UnitTestResult executionId="e05c73b9-a0c2-4f55-929b-33894349139e" testId="4618c648-90e2-3a1c-2996-abab9470f68d" testName="UpdateTrustedIssuers_ResponseHasSuccessfulStatusCode_CorrectRequestUriIsPassed" computerName="DKSR-EFI-04" duration="00:00:00.0074980" startTime="2023-12-22T09:32:47.8497861+01:00" endTime="2023-12-22T09:32:47.8497861+01:00" testType="13cdc9d9-ddb5-4fa4-a97d-d965ccfc6d4b" outcome="Passed" testListId="8c84fa94-04c1-424b-9868-57a2d4851a1d" relativeResultsDirectory="e05c73b9-a0c2-4f55-929b-33894349139e" />
    <UnitTestResult executionId="6270eaa3-ccd6-4b07-81bb-2d6b93046903" testId="4ea55908-c33e-986a-f384-035f1ba3fbff" testName="UpdateUser_AccessTokenIsNull_ThrowArgumentException" computerName="DKSR-EFI-04" duration="00:00:00.0016194" startTime="2023-12-22T09:32:47.3654088+01:00" endTime="2023-12-22T09:32:47.3654088+01:00" testType="13cdc9d9-ddb5-4fa4-a97d-d965ccfc6d4b" outcome="Passed" testListId="8c84fa94-04c1-424b-9868-57a2d4851a1d" relativeResultsDirectory="6270eaa3-ccd6-4b07-81bb-2d6b93046903" />
    <UnitTestResult executionId="79bba1d4-defd-4aae-9ba0-bd92138b8299" testId="dff6bcfa-7c56-915c-d680-949651ff50ba" testName="CreateException_ChangePassword_Is_ChangePasswordException" computerName="DKSR-EFI-04" duration="00:00:00.0001664" startTime="2023-12-22T09:32:48.6466630+01:00" endTime="2023-12-22T09:32:48.6466630+01:00" testType="13cdc9d9-ddb5-4fa4-a97d-d965ccfc6d4b" outcome="Passed" testListId="8c84fa94-04c1-424b-9868-57a2d4851a1d" relativeResultsDirectory="79bba1d4-defd-4aae-9ba0-bd92138b8299" />
    <UnitTestResult executionId="937aee36-2a00-47d5-890e-85ae8b599d35" testId="c651221e-2e16-748a-beae-063304b5df4f" testName="Ctor_TokenCacheIsNull_ThrowsArgumentNullException" computerName="DKSR-EFI-04" duration="00:00:00.0212071" startTime="2023-12-22T09:32:47.8497861+01:00" endTime="2023-12-22T09:32:47.8810362+01:00" testType="13cdc9d9-ddb5-4fa4-a97d-d965ccfc6d4b" outcome="Passed" testListId="8c84fa94-04c1-424b-9868-57a2d4851a1d" relativeResultsDirectory="937aee36-2a00-47d5-890e-85ae8b599d35" />
    <UnitTestResult executionId="7ad6bc00-0be7-4646-b2b5-ed5e4c4b5e21" testId="62fbcf4e-b581-51f7-791e-0ba6c6135258" testName="DeleteLogin_ParameterIsNull_ThrowArgumentException (abc,abc,)" computerName="DKSR-EFI-04" duration="00:00:00.0000981" startTime="2023-12-22T09:32:47.5685358+01:00" endTime="2023-12-22T09:32:47.5685358+01:00" testType="13cdc9d9-ddb5-4fa4-a97d-d965ccfc6d4b" outcome="Passed" testListId="8c84fa94-04c1-424b-9868-57a2d4851a1d" relativeResultsDirectory="7ad6bc00-0be7-4646-b2b5-ed5e4c4b5e21" />
    <UnitTestResult executionId="4f9dcdd9-f880-4d77-9e93-44df5d15f330" testId="594bafcb-5bdd-b7e8-3c6a-5bbda9e8a6d1" testName="CreateAdmin_CreateAdminModelIsNull_ThrowArgumentNullException" computerName="DKSR-EFI-04" duration="00:00:00.0010456" startTime="2023-12-22T09:32:47.5841591+01:00" endTime="2023-12-22T09:32:47.5841591+01:00" testType="13cdc9d9-ddb5-4fa4-a97d-d965ccfc6d4b" outcome="Passed" testListId="8c84fa94-04c1-424b-9868-57a2d4851a1d" relativeResultsDirectory="4f9dcdd9-f880-4d77-9e93-44df5d15f330" />
    <UnitTestResult executionId="79a59851-f901-4479-ab48-9794092655ca" testId="37bc0dd3-b2de-4f1d-bc0b-a4f0fd76a31b" testName="BeforeSendRequest_ThrowsHttpRequestExceptionWithWebException_ThrowsCommunicationException (RequestProhibitedByProxy)" computerName="DKSR-EFI-04" duration="00:00:00.0001627" startTime="2023-12-22T09:32:48.0685351+01:00" endTime="2023-12-22T09:32:48.0685351+01:00" testType="13cdc9d9-ddb5-4fa4-a97d-d965ccfc6d4b" outcome="Passed" testListId="8c84fa94-04c1-424b-9868-57a2d4851a1d" relativeResultsDirectory="79a59851-f901-4479-ab48-9794092655ca" />
    <UnitTestResult executionId="62905297-10da-4e78-9cd3-8d260541003b" testId="18cc13e9-00f7-9f54-e05b-755de4a3190e" testName="SendRequest_ResponseHasBadStatusCode_ThrowIdpException (NotAcceptable)" computerName="DKSR-EFI-04" duration="00:00:00.0007513" startTime="2023-12-22T09:32:43.9591432+01:00" endTime="2023-12-22T09:32:43.9591432+01:00" testType="13cdc9d9-ddb5-4fa4-a97d-d965ccfc6d4b" outcome="Passed" testListId="8c84fa94-04c1-424b-9868-57a2d4851a1d" relativeResultsDirectory="62905297-10da-4e78-9cd3-8d260541003b" />
    <UnitTestResult executionId="347b4c24-f09b-42e6-aaa6-91aa6dbab6dc" testId="0650eafd-0764-a4dd-8f31-2c251d438215" testName="CreateTrustedIssuer_ModelIsNull_ThrowArgumentNullException" computerName="DKSR-EFI-04" duration="00:00:00.0012011" startTime="2023-12-22T09:32:47.7560358+01:00" endTime="2023-12-22T09:32:47.7560358+01:00" testType="13cdc9d9-ddb5-4fa4-a97d-d965ccfc6d4b" outcome="Passed" testListId="8c84fa94-04c1-424b-9868-57a2d4851a1d" relativeResultsDirectory="347b4c24-f09b-42e6-aaa6-91aa6dbab6dc" />
    <UnitTestResult executionId="b8165973-0bb8-4cb8-91ae-3dc560abb3b5" testId="b05795f0-d2f6-22ea-cbc0-12b777940158" testName="Constructor_ScopeIsNull_ThrowArgumentNullException" computerName="DKSR-EFI-04" duration="00:00:00.0004042" startTime="2023-12-22T09:32:40.7091259+01:00" endTime="2023-12-22T09:32:40.7091259+01:00" testType="13cdc9d9-ddb5-4fa4-a97d-d965ccfc6d4b" outcome="Passed" testListId="8c84fa94-04c1-424b-9868-57a2d4851a1d" relativeResultsDirectory="b8165973-0bb8-4cb8-91ae-3dc560abb3b5" />
    <UnitTestResult executionId="30dac947-0944-4aa7-a389-5aa04aed02be" testId="c37b2cf6-c0e8-40c5-30eb-c0a1ff817046" testName="BeforeSendRequest_ThrowsHttpRequestExceptionWithWebException_ThrowsCommunicationException (UnknownError)" computerName="DKSR-EFI-04" duration="00:00:00.0001712" startTime="2023-12-22T09:32:48.0529123+01:00" endTime="2023-12-22T09:32:48.0529123+01:00" testType="13cdc9d9-ddb5-4fa4-a97d-d965ccfc6d4b" outcome="Passed" testListId="8c84fa94-04c1-424b-9868-57a2d4851a1d" relativeResultsDirectory="30dac947-0944-4aa7-a389-5aa04aed02be" />
    <UnitTestResult executionId="e5444d0b-ff0e-43ae-b687-b6307dd5777c" testId="1bf6f04e-4c48-1505-0d9f-236f2354e6ad" testName="SendRequest_ResponseHasBadStatusCode_ThrowIdpException (InternalServerError)" computerName="DKSR-EFI-04" duration="00:00:00.0006534" startTime="2023-12-22T09:32:44.0060174+01:00" endTime="2023-12-22T09:32:44.0060174+01:00" testType="13cdc9d9-ddb5-4fa4-a97d-d965ccfc6d4b" outcome="Passed" testListId="8c84fa94-04c1-424b-9868-57a2d4851a1d" relativeResultsDirectory="e5444d0b-ff0e-43ae-b687-b6307dd5777c" />
    <UnitTestResult executionId="30d432dd-7c9a-45a1-a8e9-db45bd7fc9fd" testId="885ad0b6-d00e-5dbd-daaf-61bd8cc19071" testName="IdpTokenClient_DefaultCredentialsAsCredentials_HttpClientConfiguredToUseDefualtCredentials" computerName="DKSR-EFI-04" duration="00:00:00.0050379" startTime="2023-12-22T09:32:44.4278961+01:00" endTime="2023-12-22T09:32:44.4278961+01:00" testType="13cdc9d9-ddb5-4fa4-a97d-d965ccfc6d4b" outcome="Passed" testListId="8c84fa94-04c1-424b-9868-57a2d4851a1d" relativeResultsDirectory="30d432dd-7c9a-45a1-a8e9-db45bd7fc9fd" />
    <UnitTestResult executionId="5257f351-5f17-41b4-938a-0ac7cb886c13" testId="755826d7-2b80-4234-302f-1403ed18949d" testName="BeforeSendRequest_ThrowsHttpRequestExceptionWithWebException_ThrowsCommunicationException (Success)" computerName="DKSR-EFI-04" duration="00:00:00.0010576" startTime="2023-12-22T09:32:48.0060358+01:00" endTime="2023-12-22T09:32:48.0060358+01:00" testType="13cdc9d9-ddb5-4fa4-a97d-d965ccfc6d4b" outcome="Passed" testListId="8c84fa94-04c1-424b-9868-57a2d4851a1d" relativeResultsDirectory="5257f351-5f17-41b4-938a-0ac7cb886c13" />
    <UnitTestResult executionId="b00615e2-62b4-4004-adf2-a6f74569ba8e" testId="435442ba-9897-362e-beef-40dd9aef0a97" testName="RegisterAuthorizationCodeClientWithToken_RedirectUrisIsNull_ThrowArgumentException" computerName="DKSR-EFI-04" duration="00:00:00.0009521" startTime="2023-12-22T09:32:44.3497705+01:00" endTime="2023-12-22T09:32:44.3497705+01:00" testType="13cdc9d9-ddb5-4fa4-a97d-d965ccfc6d4b" outcome="Passed" testListId="8c84fa94-04c1-424b-9868-57a2d4851a1d" relativeResultsDirectory="b00615e2-62b4-4004-adf2-a6f74569ba8e" />
    <UnitTestResult executionId="f5f53aef-9fae-4496-af32-1f4a5cfa2383" testId="273070a4-2ffd-9a94-4178-f3727c932514" testName="Ctor_ScopeIsSet_RequiredClaimHasScopeClaim" computerName="DKSR-EFI-04" duration="00:00:00.0003495" startTime="2023-12-22T09:32:48.3341624+01:00" endTime="2023-12-22T09:32:48.3341624+01:00" testType="13cdc9d9-ddb5-4fa4-a97d-d965ccfc6d4b" outcome="Passed" testListId="8c84fa94-04c1-424b-9868-57a2d4851a1d" relativeResultsDirectory="f5f53aef-9fae-4496-af32-1f4a5cfa2383" />
    <UnitTestResult executionId="9c0a1b07-52f4-4a41-accf-78578f241436" testId="5401d072-9045-3f20-e5b8-85e624c8ae31" testName="CreateException_500_Is_UnauthorizedException" computerName="DKSR-EFI-04" duration="00:00:00.0001558" startTime="2023-12-22T09:32:48.6466630+01:00" endTime="2023-12-22T09:32:48.6466630+01:00" testType="13cdc9d9-ddb5-4fa4-a97d-d965ccfc6d4b" outcome="Passed" testListId="8c84fa94-04c1-424b-9868-57a2d4851a1d" relativeResultsDirectory="9c0a1b07-52f4-4a41-accf-78578f241436" />
    <UnitTestResult executionId="a6cc297d-6411-47a3-8597-0f2b4bec1c60" testId="083062ca-22b3-f842-aa3b-2548ef3b2afa" testName="RegisterClient_AccessTokenIsNull_ThrowArgumentException" computerName="DKSR-EFI-04" duration="00:00:00.0019190" startTime="2023-12-22T09:32:44.1466433+01:00" endTime="2023-12-22T09:32:44.1622699+01:00" testType="13cdc9d9-ddb5-4fa4-a97d-d965ccfc6d4b" outcome="Passed" testListId="8c84fa94-04c1-424b-9868-57a2d4851a1d" relativeResultsDirectory="a6cc297d-6411-47a3-8597-0f2b4bec1c60" />
    <UnitTestResult executionId="52a9b685-65d9-4fa9-8434-fe99b2cdcc6d" testId="75f0e5f4-99c9-2f64-6049-6fef29308c40" testName="SendRequest_ResponseHasBadStatusCode_ThrowIdpException (MethodNotAllowed)" computerName="DKSR-EFI-04" duration="00:00:00.0007496" startTime="2023-12-22T09:32:43.9591432+01:00" endTime="2023-12-22T09:32:43.9591432+01:00" testType="13cdc9d9-ddb5-4fa4-a97d-d965ccfc6d4b" outcome="Passed" testListId="8c84fa94-04c1-424b-9868-57a2d4851a1d" relativeResultsDirectory="52a9b685-65d9-4fa9-8434-fe99b2cdcc6d" />
    <UnitTestResult executionId="6474f0cb-445d-4eac-8527-fab5e61212f9" testId="0bc42d33-b32e-50ec-eba2-c1ef80d71cc4" testName="CreateAdmin_ResponseHasSuccessfulStatusCode_CorrectRequestUriIsPassed" computerName="DKSR-EFI-04" duration="00:00:00.0067460" startTime="2023-12-22T09:32:47.5841591+01:00" endTime="2023-12-22T09:32:47.5841591+01:00" testType="13cdc9d9-ddb5-4fa4-a97d-d965ccfc6d4b" outcome="Passed" testListId="8c84fa94-04c1-424b-9868-57a2d4851a1d" relativeResultsDirectory="6474f0cb-445d-4eac-8527-fab5e61212f9" />
    <UnitTestResult executionId="7eec8b13-0dc2-457d-b139-46c5c95c717f" testId="f6233300-4bb5-ebc3-fb67-68daee71e649" testName="Constructor_NullHttpClient_ThrowArgumentNullException" computerName="DKSR-EFI-04" duration="00:00:00.0019178" startTime="2023-12-22T09:32:39.8341221+01:00" endTime="2023-12-22T09:32:39.8341221+01:00" testType="13cdc9d9-ddb5-4fa4-a97d-d965ccfc6d4b" outcome="Passed" testListId="8c84fa94-04c1-424b-9868-57a2d4851a1d" relativeResultsDirectory="7eec8b13-0dc2-457d-b139-46c5c95c717f" />
    <UnitTestResult executionId="350034e4-326c-4e2b-a20f-12e666e0a4ad" testId="93c98b5d-aec7-74de-34c5-6fcc025495ea" testName="SendRequest_ResponseHasBadStatusCode_ThrowIdpException (NotFound)" computerName="DKSR-EFI-04" duration="00:00:00.0012294" startTime="2023-12-22T09:32:43.9591432+01:00" endTime="2023-12-22T09:32:43.9591432+01:00" testType="13cdc9d9-ddb5-4fa4-a97d-d965ccfc6d4b" outcome="Passed" testListId="8c84fa94-04c1-424b-9868-57a2d4851a1d" relativeResultsDirectory="350034e4-326c-4e2b-a20f-12e666e0a4ad" />
    <UnitTestResult executionId="3aa89475-5db1-4b42-8ceb-7e3bd4a265b1" testId="87c632ab-1f7d-93ea-f769-4737e54aa158" testName="GetTokenResponseAsync_TokenResponseIsReturned" computerName="DKSR-EFI-04" duration="00:00:00.6824584" startTime="2023-12-22T09:32:39.8497477+01:00" endTime="2023-12-22T09:32:40.5216249+01:00" testType="13cdc9d9-ddb5-4fa4-a97d-d965ccfc6d4b" outcome="Passed" testListId="8c84fa94-04c1-424b-9868-57a2d4851a1d" relativeResultsDirectory="3aa89475-5db1-4b42-8ceb-7e3bd4a265b1" />
    <UnitTestResult executionId="06d2955d-30ce-4ece-a753-5cc28392ac87" testId="990b87dc-a86d-2543-ed49-4086f9d9a47d" testName="ValidateIdpServer_SimulateResponseFromPreOAuthServer_WithValidCertificate_OpenConfigurationNotFound" computerName="DKSR-EFI-04" duration="00:00:00.0077595" startTime="2023-12-22T09:32:44.5216479+01:00" endTime="2023-12-22T09:32:44.5372730+01:00" testType="13cdc9d9-ddb5-4fa4-a97d-d965ccfc6d4b" outcome="Passed" testListId="8c84fa94-04c1-424b-9868-57a2d4851a1d" relativeResultsDirectory="06d2955d-30ce-4ece-a753-5cc28392ac87" />
    <UnitTestResult executionId="7f455f74-e006-485f-91c1-4ca5e5d5c5cb" testId="0e2095e5-7d8e-1183-e8f6-f216b8006a5b" testName="GetClaimValue_IdTokenRetrieved_ClaimThere_ReturnsClaimValue" computerName="DKSR-EFI-04" duration="00:00:00.0017745" startTime="2023-12-22T09:32:48.5997892+01:00" endTime="2023-12-22T09:32:48.6154115+01:00" testType="13cdc9d9-ddb5-4fa4-a97d-d965ccfc6d4b" outcome="Passed" testListId="8c84fa94-04c1-424b-9868-57a2d4851a1d" relativeResultsDirectory="7f455f74-e006-485f-91c1-4ca5e5d5c5cb" />
    <UnitTestResult executionId="6db99cb6-d438-4f61-a333-e1b2ee83cafa" testId="884913dc-63e3-b134-e957-2e7bedb5da00" testName="DeleteUser_ParameterIsNull_ThrowArgumentException (abc,)" computerName="DKSR-EFI-04" duration="00:00:00.0001104" startTime="2023-12-22T09:32:47.4279098+01:00" endTime="2023-12-22T09:32:47.4279098+01:00" testType="13cdc9d9-ddb5-4fa4-a97d-d965ccfc6d4b" outcome="Passed" testListId="8c84fa94-04c1-424b-9868-57a2d4851a1d" relativeResultsDirectory="6db99cb6-d438-4f61-a333-e1b2ee83cafa" />
    <UnitTestResult executionId="c7e0390f-50ba-449c-8eb5-05780274ad2e" testId="a844f451-0f87-c9e5-8ca9-902b45b90314" testName="HasValidScheme_UriIsHttp_ReturnsTrue" computerName="DKSR-EFI-04" duration="00:00:00.0001757" startTime="2023-12-22T09:32:47.2716599+01:00" endTime="2023-12-22T09:32:47.2716599+01:00" testType="13cdc9d9-ddb5-4fa4-a97d-d965ccfc6d4b" outcome="Passed" testListId="8c84fa94-04c1-424b-9868-57a2d4851a1d" relativeResultsDirectory="c7e0390f-50ba-449c-8eb5-05780274ad2e" />
    <UnitTestResult executionId="d61276dd-233f-4cfd-8cbf-8ce1dfcfa5e3" testId="0257b952-b68e-ce9d-9d12-e1b7f33eb9e6" testName="methodName_testState_expectedResult" computerName="DKSR-EFI-04" duration="00:00:00.0004573" startTime="2023-12-22T09:32:48.5372893+01:00" endTime="2023-12-22T09:32:48.5372893+01:00" testType="13cdc9d9-ddb5-4fa4-a97d-d965ccfc6d4b" outcome="Passed" testListId="8c84fa94-04c1-424b-9868-57a2d4851a1d" relativeResultsDirectory="d61276dd-233f-4cfd-8cbf-8ce1dfcfa5e3" />
    <UnitTestResult executionId="ca19daaf-5aa2-4ab2-8fbb-0ee1ebfc2a0a" testId="a1133c85-1ac8-f2df-7a32-450e86b0c1a8" testName="UpdateUser_UpdateUserModelIsNull_ThrowArgumentNullException" computerName="DKSR-EFI-04" duration="00:00:00.0010882" startTime="2023-12-22T09:32:47.3654088+01:00" endTime="2023-12-22T09:32:47.3810333+01:00" testType="13cdc9d9-ddb5-4fa4-a97d-d965ccfc6d4b" outcome="Passed" testListId="8c84fa94-04c1-424b-9868-57a2d4851a1d" relativeResultsDirectory="ca19daaf-5aa2-4ab2-8fbb-0ee1ebfc2a0a" />
    <UnitTestResult executionId="f2287834-851a-434e-bdd3-6c45691093ca" testId="f0bc3cf2-7e7b-22f4-8d42-04d99e358cfe" testName="Ctor_AudiencesIsEmpty_DoNotThrowException" computerName="DKSR-EFI-04" duration="00:00:00.0003840" startTime="2023-12-22T09:32:42.3185101+01:00" endTime="2023-12-22T09:32:42.3185101+01:00" testType="13cdc9d9-ddb5-4fa4-a97d-d965ccfc6d4b" outcome="Passed" testListId="8c84fa94-04c1-424b-9868-57a2d4851a1d" relativeResultsDirectory="f2287834-851a-434e-bdd3-6c45691093ca" />
    <UnitTestResult executionId="e9248f90-fb99-4e4f-8fdf-79503c4877df" testId="11f6a1d3-68c5-e38c-c943-6b9363d564f1" testName="HandleException_WebException_Status_TrustFailure_ReturnsTrue" computerName="DKSR-EFI-04" duration="00:00:00.0001730" startTime="2023-12-22T09:32:47.2560308+01:00" endTime="2023-12-22T09:32:47.2560308+01:00" testType="13cdc9d9-ddb5-4fa4-a97d-d965ccfc6d4b" outcome="Passed" testListId="8c84fa94-04c1-424b-9868-57a2d4851a1d" relativeResultsDirectory="e9248f90-fb99-4e4f-8fdf-79503c4877df" />
    <UnitTestResult executionId="edc9fa0f-a34e-49eb-b18d-6e9bf25a607a" testId="b534d700-8c81-a428-c5af-952f23674e8e" testName="Ctor_RequireHttpsIsTrueButAddressSchemeIsHttp_ThrowsArgumentException" computerName="DKSR-EFI-04" duration="00:00:00.0023323" startTime="2023-12-22T09:32:42.3028851+01:00" endTime="2023-12-22T09:32:42.3185101+01:00" testType="13cdc9d9-ddb5-4fa4-a97d-d965ccfc6d4b" outcome="Passed" testListId="8c84fa94-04c1-424b-9868-57a2d4851a1d" relativeResultsDirectory="edc9fa0f-a34e-49eb-b18d-6e9bf25a607a" />
    <UnitTestResult executionId="c4d2bdd3-5baf-4a16-8c00-70dc25e5bdfd" testId="abd81a1c-e3b4-bebe-d21f-4ca159588c70" testName="ResourceOwnerAuthenticationAsync_StatusCodeOk_TokenResponseWithTokenIsReturned" computerName="DKSR-EFI-04" duration="00:00:00.0044765" startTime="2023-12-22T09:32:44.4122709+01:00" endTime="2023-12-22T09:32:44.4122709+01:00" testType="13cdc9d9-ddb5-4fa4-a97d-d965ccfc6d4b" outcome="Passed" testListId="8c84fa94-04c1-424b-9868-57a2d4851a1d" relativeResultsDirectory="c4d2bdd3-5baf-4a16-8c00-70dc25e5bdfd" />
    <UnitTestResult executionId="dd05f198-2451-48e6-a864-031334dd8573" testId="d176d0bf-5559-b755-c69c-09a2d4950528" testName="SendRequest_ResponseHasBadStatusCode_ThrowIdpException (HttpVersionNotSupported)" computerName="DKSR-EFI-04" duration="00:00:00.0006745" startTime="2023-12-22T09:32:44.0216434+01:00" endTime="2023-12-22T09:32:44.0216434+01:00" testType="13cdc9d9-ddb5-4fa4-a97d-d965ccfc6d4b" outcome="Passed" testListId="8c84fa94-04c1-424b-9868-57a2d4851a1d" relativeResultsDirectory="dd05f198-2451-48e6-a864-031334dd8573" />
    <UnitTestResult executionId="878dad96-5464-45f3-a8fa-0cc1f1e61aba" testId="feea589f-edbd-d65f-71e5-4e5f6aa59dc1" testName="GetTrustedIssuer_AccessTokenIsNull_ThrowArgumentException" computerName="DKSR-EFI-04" duration="00:00:00.0014159" startTime="2023-12-22T09:32:47.7716625+01:00" endTime="2023-12-22T09:32:47.7716625+01:00" testType="13cdc9d9-ddb5-4fa4-a97d-d965ccfc6d4b" outcome="Passed" testListId="8c84fa94-04c1-424b-9868-57a2d4851a1d" relativeResultsDirectory="878dad96-5464-45f3-a8fa-0cc1f1e61aba" />
    <UnitTestResult executionId="a474c86c-6d72-46a8-8fde-1760f8fc5152" testId="3ff67faa-d3a0-075c-0c7a-09774bd03583" testName="HandleException_WebException_Status_ProtocolError_ReturnsFalse" computerName="DKSR-EFI-04" duration="00:00:00.0007754" startTime="2023-12-22T09:32:47.2404081+01:00" endTime="2023-12-22T09:32:47.2404081+01:00" testType="13cdc9d9-ddb5-4fa4-a97d-d965ccfc6d4b" outcome="Passed" testListId="8c84fa94-04c1-424b-9868-57a2d4851a1d" relativeResultsDirectory="a474c86c-6d72-46a8-8fde-1760f8fc5152" />
    <UnitTestResult executionId="d50a9886-293c-4eae-9e1a-dafc13c260fb" testId="aac9aae4-033c-5a4d-bf6f-6c295840a3fd" testName="RegisterAuthorizationCodeClient_RedirectUrisIsEmpty_ThrowArgumentException" computerName="DKSR-EFI-04" duration="00:00:00.0008861" startTime="2023-12-22T09:32:44.3810196+01:00" endTime="2023-12-22T09:32:44.3810196+01:00" testType="13cdc9d9-ddb5-4fa4-a97d-d965ccfc6d4b" outcome="Passed" testListId="8c84fa94-04c1-424b-9868-57a2d4851a1d" relativeResultsDirectory="d50a9886-293c-4eae-9e1a-dafc13c260fb" />
    <UnitTestResult executionId="d3c02139-39da-40ad-b47d-34a46e91dd8c" testId="41159a03-c027-b654-a27a-5a7d8d8246d9" testName="GetClaimValue_IdTokenNotRetrieved_Throws_InvalidOperationException" computerName="DKSR-EFI-04" duration="00:00:00.0011027" startTime="2023-12-22T09:32:48.4747866+01:00" endTime="2023-12-22T09:32:48.4747866+01:00" testType="13cdc9d9-ddb5-4fa4-a97d-d965ccfc6d4b" outcome="Passed" testListId="8c84fa94-04c1-424b-9868-57a2d4851a1d" relativeResultsDirectory="d3c02139-39da-40ad-b47d-34a46e91dd8c" />
    <UnitTestResult executionId="f05b221e-fdef-421c-82fb-0b497b262158" testId="43ee071b-dfe1-26fb-3267-1ba3aa8a0a7a" testName="CreateException_InvalidUserName_Is_InvalidNameException" computerName="DKSR-EFI-04" duration="00:00:00.0001797" startTime="2023-12-22T09:32:48.6622879+01:00" endTime="2023-12-22T09:32:48.6622879+01:00" testType="13cdc9d9-ddb5-4fa4-a97d-d965ccfc6d4b" outcome="Passed" testListId="8c84fa94-04c1-424b-9868-57a2d4851a1d" relativeResultsDirectory="f05b221e-fdef-421c-82fb-0b497b262158" />
    <UnitTestResult executionId="6f17d880-d187-4a81-8896-e4e126890785" testId="14d66e4b-1cea-10ac-2eb5-4a21e27a1337" testName="IsTokenExpired_TokenExpiration_ExpiredReturnTrueNotExpiredReturnFalse (-1,True)" computerName="DKSR-EFI-04" duration="00:00:00.0004046" startTime="2023-12-22T09:32:48.4747866+01:00" endTime="2023-12-22T09:32:48.4747866+01:00" testType="13cdc9d9-ddb5-4fa4-a97d-d965ccfc6d4b" outcome="Passed" testListId="8c84fa94-04c1-424b-9868-57a2d4851a1d" relativeResultsDirectory="6f17d880-d187-4a81-8896-e4e126890785" />
    <UnitTestResult executionId="9aa7e11a-002c-42ea-a615-9e49f0d4c5d6" testId="99b19e16-f681-5bb0-a837-9febcde3cc8b" testName="GetUserByName_ResponseHasSuccessfulStatusCode_CorrectRequestUriIsPassedAndUserIsReturned" computerName="DKSR-EFI-04" duration="00:00:00.0076652" startTime="2023-12-22T09:32:47.3185307+01:00" endTime="2023-12-22T09:32:47.3341579+01:00" testType="13cdc9d9-ddb5-4fa4-a97d-d965ccfc6d4b" outcome="Passed" testListId="8c84fa94-04c1-424b-9868-57a2d4851a1d" relativeResultsDirectory="9aa7e11a-002c-42ea-a615-9e49f0d4c5d6" />
    <UnitTestResult executionId="10a09203-ad3c-4dda-a258-97b26cd748bf" testId="f5c02efb-b35c-365d-c779-9919be9854f1" testName="RefreshToken_InvalidToken_AccessTokenException" computerName="DKSR-EFI-04" duration="00:00:00.0024621" startTime="2023-12-22T09:32:48.3966615+01:00" endTime="2023-12-22T09:32:48.3966615+01:00" testType="13cdc9d9-ddb5-4fa4-a97d-d965ccfc6d4b" outcome="Passed" testListId="8c84fa94-04c1-424b-9868-57a2d4851a1d" relativeResultsDirectory="10a09203-ad3c-4dda-a258-97b26cd748bf" />
    <UnitTestResult executionId="cd7fcd1e-cb8f-4817-b3c9-59f1384975ee" testId="a8bcc73c-dc70-1261-8278-4b0a946db697" testName="Ctor_TypeIsNull_ThrowsArgumentNullException" computerName="DKSR-EFI-04" duration="00:00:00.0002798" startTime="2023-12-22T09:32:48.0841621+01:00" endTime="2023-12-22T09:32:48.0841621+01:00" testType="13cdc9d9-ddb5-4fa4-a97d-d965ccfc6d4b" outcome="Passed" testListId="8c84fa94-04c1-424b-9868-57a2d4851a1d" relativeResultsDirectory="cd7fcd1e-cb8f-4817-b3c9-59f1384975ee" />
    <UnitTestResult executionId="e70906ed-73a1-4d3d-b592-0d5923495383" testId="04b44c91-ce22-b8f9-2338-b791e3f2bc17" testName="GetEventLogs_ResponseHasSuccessfulStatusCode_CorrectRequestUriIsPassed" computerName="DKSR-EFI-04" duration="00:00:00.0327202" startTime="2023-12-22T09:32:47.6154093+01:00" endTime="2023-12-22T09:32:47.6622842+01:00" testType="13cdc9d9-ddb5-4fa4-a97d-d965ccfc6d4b" outcome="Passed" testListId="8c84fa94-04c1-424b-9868-57a2d4851a1d" relativeResultsDirectory="e70906ed-73a1-4d3d-b592-0d5923495383" />
    <UnitTestResult executionId="b7f194c4-f46e-457b-a4df-8fc49e4447f3" testId="34f3be5c-39ef-6e9c-dee7-38b37313e24c" testName="ValidateIdpServer_SimulateValidResponseFrom_WithNonStandardPortAndNoScheme_AgainstVersionNotSupportingOauth_Success" computerName="DKSR-EFI-04" duration="00:00:00.3713774" startTime="2023-12-22T09:32:44.6153970+01:00" endTime="2023-12-22T09:32:44.9903964+01:00" testType="13cdc9d9-ddb5-4fa4-a97d-d965ccfc6d4b" outcome="Passed" testListId="8c84fa94-04c1-424b-9868-57a2d4851a1d" relativeResultsDirectory="b7f194c4-f46e-457b-a4df-8fc49e4447f3" />
    <UnitTestResult executionId="53fbaccd-39c7-4341-bfb7-c83db33cca8b" testId="d500cfda-0f9f-e179-c72f-1f44e45838d9" testName="RegisterClient_ResponseHasSuccessfulStatusCode_CorrectRequestUriIsPassedAndModelWithSecretIsReturned" computerName="DKSR-EFI-04" duration="00:00:00.1411153" startTime="2023-12-22T09:32:44.1622699+01:00" endTime="2023-12-22T09:32:44.3028920+01:00" testType="13cdc9d9-ddb5-4fa4-a97d-d965ccfc6d4b" outcome="Passed" testListId="8c84fa94-04c1-424b-9868-57a2d4851a1d" relativeResultsDirectory="53fbaccd-39c7-4341-bfb7-c83db33cca8b" />
    <UnitTestResult executionId="534bebb3-5108-4e3d-9fba-5d09773915a4" testId="9161f5e4-37b0-b6bc-22e9-91ccc708f977" testName="GetTokenResponse_TokenHandlerDisposedBeforeCall_ObjectDisposedException" computerName="DKSR-EFI-04" duration="00:00:00.0022678" startTime="2023-12-22T09:32:40.7247515+01:00" endTime="2023-12-22T09:32:40.7247515+01:00" testType="13cdc9d9-ddb5-4fa4-a97d-d965ccfc6d4b" outcome="Passed" testListId="8c84fa94-04c1-424b-9868-57a2d4851a1d" relativeResultsDirectory="534bebb3-5108-4e3d-9fba-5d09773915a4" />
    <UnitTestResult executionId="6ce4fcce-4b0b-4279-9f15-dab4f7553d1e" testId="a2e9ef55-bfe0-9647-cd73-b7dbecbeddd9" testName="GetUserCollection_EmptyIdList_ThrowArgumentException" computerName="DKSR-EFI-04" duration="00:00:00.0010770" startTime="2023-12-22T09:32:47.4435346+01:00" endTime="2023-12-22T09:32:47.4435346+01:00" testType="13cdc9d9-ddb5-4fa4-a97d-d965ccfc6d4b" outcome="Passed" testListId="8c84fa94-04c1-424b-9868-57a2d4851a1d" relativeResultsDirectory="6ce4fcce-4b0b-4279-9f15-dab4f7553d1e" />
    <UnitTestResult executionId="775ea21b-ad5c-4161-b4c3-d0cba7369c51" testId="aa47e31d-c2f6-bb7b-d522-2ea72ad09b0c" testName="HandleException_WebException_Status_Timeout_ReturnsTrue" computerName="DKSR-EFI-04" duration="00:00:00.0001604" startTime="2023-12-22T09:32:47.2560308+01:00" endTime="2023-12-22T09:32:47.2560308+01:00" testType="13cdc9d9-ddb5-4fa4-a97d-d965ccfc6d4b" outcome="Passed" testListId="8c84fa94-04c1-424b-9868-57a2d4851a1d" relativeResultsDirectory="775ea21b-ad5c-4161-b4c3-d0cba7369c51" />
    <UnitTestResult executionId="49684d61-16ec-4cdc-8e4f-c6686cb4944e" testId="172041ae-12af-58d9-c5c3-06cc738ac111" testName="CheckAccess_PrincipalHasNoScopeClaims_ReturnsFalse" computerName="DKSR-EFI-04" duration="00:00:00.0064081" startTime="2023-12-22T09:32:48.3029135+01:00" endTime="2023-12-22T09:32:48.3029135+01:00" testType="13cdc9d9-ddb5-4fa4-a97d-d965ccfc6d4b" outcome="Passed" testListId="8c84fa94-04c1-424b-9868-57a2d4851a1d" relativeResultsDirectory="49684d61-16ec-4cdc-8e4f-c6686cb4944e" />
    <UnitTestResult executionId="942639c4-a51f-47fe-84e5-442cad88baa7" testId="b3c93a97-6762-97e2-4473-6d5a7d219a04" testName="GetUserCollection_QueryParameterIsVariableSize_QueryParameterIsUsedWhenNotTooBig (1,False)" computerName="DKSR-EFI-04" duration="00:00:00.0080566" startTime="2023-12-22T09:32:47.4591584+01:00" endTime="2023-12-22T09:32:47.4747851+01:00" testType="13cdc9d9-ddb5-4fa4-a97d-d965ccfc6d4b" outcome="Passed" testListId="8c84fa94-04c1-424b-9868-57a2d4851a1d" relativeResultsDirectory="942639c4-a51f-47fe-84e5-442cad88baa7" />
    <UnitTestResult executionId="332415b5-2651-471e-ba71-6a6b86fdae9d" testId="465c8cd2-c8da-7a18-e799-1339dfb5880e" testName="CreateUser_CreateUserModelIsNull_ThrowArgumentNullException" computerName="DKSR-EFI-04" duration="00:00:00.0010267" startTime="2023-12-22T09:32:47.3497821+01:00" endTime="2023-12-22T09:32:47.3497821+01:00" testType="13cdc9d9-ddb5-4fa4-a97d-d965ccfc6d4b" outcome="Passed" testListId="8c84fa94-04c1-424b-9868-57a2d4851a1d" relativeResultsDirectory="332415b5-2651-471e-ba71-6a6b86fdae9d" />
    <UnitTestResult executionId="9dcf6d39-0441-4d43-987c-69c81ba50e45" testId="ee4023a9-7ef5-de07-c4fc-93e795d5baa7" testName="SendRequest_ResponseHasStatusCodeAndCustomIdpError_ThrowCorrectIdpException (403,DefaultError,VideoOS.IdentityServer.Common.Exceptions.ForbiddenException)" computerName="DKSR-EFI-04" duration="00:00:00.0010428" startTime="2023-12-22T09:32:44.0216434+01:00" endTime="2023-12-22T09:32:44.0528929+01:00" testType="13cdc9d9-ddb5-4fa4-a97d-d965ccfc6d4b" outcome="Passed" testListId="8c84fa94-04c1-424b-9868-57a2d4851a1d" relativeResultsDirectory="9dcf6d39-0441-4d43-987c-69c81ba50e45" />
    <UnitTestResult executionId="dc2fbea1-541b-4f9b-9041-d99ba7c9dc99" testId="ee4023a9-7ef5-de07-c4fc-93e795d5baa7" testName="SendRequest_ResponseHasStatusCodeAndCustomIdpError_ThrowCorrectIdpException (400,PasswordTooShort,VideoOS.IdentityServer.Common.Exceptions.PasswordNotComplexEnoughException)" computerName="DKSR-EFI-04" duration="00:00:00.0008103" startTime="2023-12-22T09:32:44.0216434+01:00" endTime="2023-12-22T09:32:44.0528929+01:00" testType="13cdc9d9-ddb5-4fa4-a97d-d965ccfc6d4b" outcome="Passed" testListId="8c84fa94-04c1-424b-9868-57a2d4851a1d" relativeResultsDirectory="dc2fbea1-541b-4f9b-9041-d99ba7c9dc99" />
    <UnitTestResult executionId="d3d9c682-14ab-40e4-8a49-c6b1ede62fd4" testId="dead27ec-ffeb-f213-e424-1f80d53ea366" testName="ValidateIdpServer_SimulateValidResponseFromPreOAuthServer_WithValidCertificate" computerName="DKSR-EFI-04" duration="00:00:00.0355168" startTime="2023-12-22T09:32:44.5372730+01:00" endTime="2023-12-22T09:32:44.5685210+01:00" testType="13cdc9d9-ddb5-4fa4-a97d-d965ccfc6d4b" outcome="Passed" testListId="8c84fa94-04c1-424b-9868-57a2d4851a1d" relativeResultsDirectory="d3d9c682-14ab-40e4-8a49-c6b1ede62fd4" />
    <UnitTestResult executionId="f850e379-ab7d-4209-9631-3f4040913eba" testId="8e4a546d-0fa7-5997-2d4c-127c6b639168" testName="ValidateIdpServer_SimulateValidResponseFromOAuthServer_WithValidCertificateAndUserPort_ReturnsHttpsSecureConnection" computerName="DKSR-EFI-04" duration="00:00:00.1226853" startTime="2023-12-22T09:32:45.7560252+01:00" endTime="2023-12-22T09:32:45.8810265+01:00" testType="13cdc9d9-ddb5-4fa4-a97d-d965ccfc6d4b" outcome="Passed" testListId="8c84fa94-04c1-424b-9868-57a2d4851a1d" relativeResultsDirectory="f850e379-ab7d-4209-9631-3f4040913eba" />
    <UnitTestResult executionId="6882473d-8c02-485a-8552-00cb93fed745" testId="22b22ab0-28ad-dcc3-3c47-956fecf0f862" testName="SendRequest_StatusCodeIsOk_ReturnDeserializedObject" computerName="DKSR-EFI-04" duration="00:00:00.0049318" startTime="2023-12-22T09:32:44.0997684+01:00" endTime="2023-12-22T09:32:44.0997684+01:00" testType="13cdc9d9-ddb5-4fa4-a97d-d965ccfc6d4b" outcome="Passed" testListId="8c84fa94-04c1-424b-9868-57a2d4851a1d" relativeResultsDirectory="6882473d-8c02-485a-8552-00cb93fed745" />
    <UnitTestResult executionId="1f7ed790-4d36-4fc2-a84c-672b1b1d6744" testId="6295024d-cdd4-de28-e7d8-515486f05d12" testName="HasValidScheme_UriIsHttps_ReturnsTrue" computerName="DKSR-EFI-04" duration="00:00:00.0001688" startTime="2023-12-22T09:32:47.2716599+01:00" endTime="2023-12-22T09:32:47.2716599+01:00" testType="13cdc9d9-ddb5-4fa4-a97d-d965ccfc6d4b" outcome="Passed" testListId="8c84fa94-04c1-424b-9868-57a2d4851a1d" relativeResultsDirectory="1f7ed790-4d36-4fc2-a84c-672b1b1d6744" />
    <UnitTestResult executionId="66d60b2f-ab7c-479c-9290-65bc9f4f306a" testId="d466e244-c3ed-547f-7f11-f1da74ff69ab" testName="GetTrustedIssuer_ResponseHasSuccessfulStatusCode_CorrectRequestUriIsPassed" computerName="DKSR-EFI-04" duration="00:00:00.0082318" startTime="2023-12-22T09:32:47.7872839+01:00" endTime="2023-12-22T09:32:47.7872839+01:00" testType="13cdc9d9-ddb5-4fa4-a97d-d965ccfc6d4b" outcome="Passed" testListId="8c84fa94-04c1-424b-9868-57a2d4851a1d" relativeResultsDirectory="66d60b2f-ab7c-479c-9290-65bc9f4f306a" />
    <UnitTestResult executionId="7b44614e-754d-40e5-ae0e-4cebe9434887" testId="02022d21-40cd-3c83-07fb-845b28c8719d" testName="Construct_WithHttpError_ResponseWithStatusCode" computerName="DKSR-EFI-04" duration="00:00:00.0030170" startTime="2023-12-22T09:32:43.1935147+01:00" endTime="2023-12-22T09:32:43.2091384+01:00" testType="13cdc9d9-ddb5-4fa4-a97d-d965ccfc6d4b" outcome="Passed" testListId="8c84fa94-04c1-424b-9868-57a2d4851a1d" relativeResultsDirectory="7b44614e-754d-40e5-ae0e-4cebe9434887" />
    <UnitTestResult executionId="69755161-ec4b-4c95-a2f6-7a7cd084d26a" testId="ee4023a9-7ef5-de07-c4fc-93e795d5baa7" testName="SendRequest_ResponseHasStatusCodeAndCustomIdpError_ThrowCorrectIdpException (400,PasswordRequiresUpper,VideoOS.IdentityServer.Common.Exceptions.PasswordNotComplexEnoughException)" computerName="DKSR-EFI-04" duration="00:00:00.0008034" startTime="2023-12-22T09:32:44.0216434+01:00" endTime="2023-12-22T09:32:44.0528929+01:00" testType="13cdc9d9-ddb5-4fa4-a97d-d965ccfc6d4b" outcome="Passed" testListId="8c84fa94-04c1-424b-9868-57a2d4851a1d" relativeResultsDirectory="69755161-ec4b-4c95-a2f6-7a7cd084d26a" />
    <UnitTestResult executionId="0cb2236c-e169-4a5e-81be-bd4f475b8458" testId="ee4023a9-7ef5-de07-c4fc-93e795d5baa7" testName="SendRequest_ResponseHasStatusCodeAndCustomIdpError_ThrowCorrectIdpException (401,DefaultError,VideoOS.IdentityServer.Common.Exceptions.UnauthorizedException)" computerName="DKSR-EFI-04" duration="00:00:00.0061190" startTime="2023-12-22T09:32:44.0216434+01:00" endTime="2023-12-22T09:32:44.0528929+01:00" testType="13cdc9d9-ddb5-4fa4-a97d-d965ccfc6d4b" outcome="Passed" testListId="8c84fa94-04c1-424b-9868-57a2d4851a1d" relativeResultsDirectory="0cb2236c-e169-4a5e-81be-bd4f475b8458" />
    <UnitTestResult executionId="585f764e-cdda-4b7f-a065-9c74445df403" testId="29687309-d7e0-0838-a577-9dfd8b70cb79" testName="VerifyEndpointSupportsSsl_InvalidParam_TimeoutBelowMInimum_Throws_ArgumentException" computerName="DKSR-EFI-04" duration="00:00:00.0005519" startTime="2023-12-22T09:32:47.1622821+01:00" endTime="2023-12-22T09:32:47.1622821+01:00" testType="13cdc9d9-ddb5-4fa4-a97d-d965ccfc6d4b" outcome="Passed" testListId="8c84fa94-04c1-424b-9868-57a2d4851a1d" relativeResultsDirectory="585f764e-cdda-4b7f-a065-9c74445df403" />
    <UnitTestResult executionId="391164e4-8c30-48a4-882d-bfaf8d185c9c" testId="35c85059-4d38-96d6-5ba6-39946ca04b5d" testName="SendRequest_ResponseIs400AndHasInvalidClientError_ThrowUnauthorizedException" computerName="DKSR-EFI-04" duration="00:00:00.0041546" startTime="2023-12-22T09:32:44.0841437+01:00" endTime="2023-12-22T09:32:44.0841437+01:00" testType="13cdc9d9-ddb5-4fa4-a97d-d965ccfc6d4b" outcome="Passed" testListId="8c84fa94-04c1-424b-9868-57a2d4851a1d" relativeResultsDirectory="391164e4-8c30-48a4-882d-bfaf8d185c9c" />
    <UnitTestResult executionId="49be3a11-b0dc-4618-8335-1a0d44dd0c79" testId="4988c4a8-a7df-3551-56c3-3fad77d98b4a" testName="Construct_ValidateTimeoutSentToSslVerification_SpecifyTimeout_Success" computerName="DKSR-EFI-04" duration="00:00:00.0002871" startTime="2023-12-22T09:32:44.4903983+01:00" endTime="2023-12-22T09:32:44.4903983+01:00" testType="13cdc9d9-ddb5-4fa4-a97d-d965ccfc6d4b" outcome="Passed" testListId="8c84fa94-04c1-424b-9868-57a2d4851a1d" relativeResultsDirectory="49be3a11-b0dc-4618-8335-1a0d44dd0c79" />
    <UnitTestResult executionId="048ee7df-d851-40d5-815b-4d5e42a006f3" testId="e14c6e87-d4a0-9f31-fe5d-63401bba496d" testName="BeforeSendRequest_ThrowsHttpRequestExceptionWithWebException_ThrowsCommunicationException (Pending)" computerName="DKSR-EFI-04" duration="00:00:00.0001740" startTime="2023-12-22T09:32:48.0529123+01:00" endTime="2023-12-22T09:32:48.0529123+01:00" testType="13cdc9d9-ddb5-4fa4-a97d-d965ccfc6d4b" outcome="Passed" testListId="8c84fa94-04c1-424b-9868-57a2d4851a1d" relativeResultsDirectory="048ee7df-d851-40d5-815b-4d5e42a006f3" />
    <UnitTestResult executionId="3f24cb9e-012e-44a8-8c58-63b44ae071f0" testId="8cac781b-3c65-0ccf-a739-6333f1b2885a" testName="BeforeSendRequest_ThrowsUnauthorizedException_ThrowsMessageSecurityException" computerName="DKSR-EFI-04" duration="00:00:00.0018552" startTime="2023-12-22T09:32:47.9747848+01:00" endTime="2023-12-22T09:32:47.9904128+01:00" testType="13cdc9d9-ddb5-4fa4-a97d-d965ccfc6d4b" outcome="Passed" testListId="8c84fa94-04c1-424b-9868-57a2d4851a1d" relativeResultsDirectory="3f24cb9e-012e-44a8-8c58-63b44ae071f0" />
    <UnitTestResult executionId="04d0845e-be86-4476-88d1-796c1abe5802" testId="a1c440cc-e9a7-05c3-3566-ebee3d13c619" testName="SendRequest_ResponseHasBadStatusCode_ThrowIdpException (BadGateway)" computerName="DKSR-EFI-04" duration="00:00:00.0007224" startTime="2023-12-22T09:32:44.0060174+01:00" endTime="2023-12-22T09:32:44.0060174+01:00" testType="13cdc9d9-ddb5-4fa4-a97d-d965ccfc6d4b" outcome="Passed" testListId="8c84fa94-04c1-424b-9868-57a2d4851a1d" relativeResultsDirectory="04d0845e-be86-4476-88d1-796c1abe5802" />
    <UnitTestResult executionId="75ee715a-8f3e-42a0-8288-0d3b86329816" testId="c2c2904c-f56a-3663-d545-f06d0f3baf88" testName="Construct_SpecifySingleGrantType_Success" computerName="DKSR-EFI-04" duration="00:00:00.0002980" startTime="2023-12-22T09:32:48.5372893+01:00" endTime="2023-12-22T09:32:48.5372893+01:00" testType="13cdc9d9-ddb5-4fa4-a97d-d965ccfc6d4b" outcome="Passed" testListId="8c84fa94-04c1-424b-9868-57a2d4851a1d" relativeResultsDirectory="75ee715a-8f3e-42a0-8288-0d3b86329816" />
    <UnitTestResult executionId="49329523-2140-42d6-a2e5-3741f462eba0" testId="9ee81fd7-67d3-477b-170c-75529c080bdb" testName="Ctor_TypeAndValueIsSet_RequiredClaimIsSet" computerName="DKSR-EFI-04" duration="00:00:00.0002454" startTime="2023-12-22T09:32:48.0841621+01:00" endTime="2023-12-22T09:32:48.0841621+01:00" testType="13cdc9d9-ddb5-4fa4-a97d-d965ccfc6d4b" outcome="Passed" testListId="8c84fa94-04c1-424b-9868-57a2d4851a1d" relativeResultsDirectory="49329523-2140-42d6-a2e5-3741f462eba0" />
    <UnitTestResult executionId="5ccf80b9-96ab-4b1a-96a7-ed84d9af59af" testId="6dc7da62-c15b-7e96-f1c6-3eedd5697243" testName="GetAsync_UriInputIsNull_ThrowArgumentNullException" computerName="DKSR-EFI-04" duration="00:00:00.0010721" startTime="2023-12-22T09:32:43.2403943+01:00" endTime="2023-12-22T09:32:43.2403943+01:00" testType="13cdc9d9-ddb5-4fa4-a97d-d965ccfc6d4b" outcome="Passed" testListId="8c84fa94-04c1-424b-9868-57a2d4851a1d" relativeResultsDirectory="5ccf80b9-96ab-4b1a-96a7-ed84d9af59af" />
    <UnitTestResult executionId="5b2d009f-50bb-4e3c-9fce-31dcd0435843" testId="e537837c-49aa-c37d-6f72-a32aee3a91e2" testName="SendRequest_ResponseHasBadStatusCode_ThrowIdpException (LengthRequired)" computerName="DKSR-EFI-04" duration="00:00:00.0007974" startTime="2023-12-22T09:32:43.9747680+01:00" endTime="2023-12-22T09:32:43.9747680+01:00" testType="13cdc9d9-ddb5-4fa4-a97d-d965ccfc6d4b" outcome="Passed" testListId="8c84fa94-04c1-424b-9868-57a2d4851a1d" relativeResultsDirectory="5b2d009f-50bb-4e3c-9fce-31dcd0435843" />
    <UnitTestResult executionId="4d0ffcdb-fd25-4695-8fda-be79ee3eda14" testId="737140b9-e37f-2a4f-5ecb-7640b87ef58e" testName="GetUser_ParameterIsNull_ThrowArgumentException (,abc)" computerName="DKSR-EFI-04" duration="00:00:00.0012544" startTime="2023-12-22T09:32:47.2872843+01:00" endTime="2023-12-22T09:32:47.3029077+01:00" testType="13cdc9d9-ddb5-4fa4-a97d-d965ccfc6d4b" outcome="Passed" testListId="8c84fa94-04c1-424b-9868-57a2d4851a1d" relativeResultsDirectory="4d0ffcdb-fd25-4695-8fda-be79ee3eda14" />
    <UnitTestResult executionId="9d37d2cc-4d5f-4a03-897e-5d5e5f40b656" testId="1146fad1-5168-1504-a8de-6a696ebcdf14" testName="CreateUserCollection_ResponseHasSuccessfulStatusCode_CorrectRequestUriIsPassedAndUsersAreReturned" computerName="DKSR-EFI-04" duration="00:00:00.0110927" startTime="2023-12-22T09:32:47.5060341+01:00" endTime="2023-12-22T09:32:47.5060341+01:00" testType="13cdc9d9-ddb5-4fa4-a97d-d965ccfc6d4b" outcome="Passed" testListId="8c84fa94-04c1-424b-9868-57a2d4851a1d" relativeResultsDirectory="9d37d2cc-4d5f-4a03-897e-5d5e5f40b656" />
    <UnitTestResult executionId="7e337b11-0c12-40ad-90b4-9deaeae8dab8" testId="3257b61e-ecc1-ecc4-fcd4-340f5d424a71" testName="CheckAccess_PrincipalHasCorrectScopeClaim_ReturnsTrue (abc,ABC)" computerName="DKSR-EFI-04" duration="00:00:00.0040543" startTime="2023-12-22T09:32:48.3341624+01:00" endTime="2023-12-22T09:32:48.3341624+01:00" testType="13cdc9d9-ddb5-4fa4-a97d-d965ccfc6d4b" outcome="Passed" testListId="8c84fa94-04c1-424b-9868-57a2d4851a1d" relativeResultsDirectory="7e337b11-0c12-40ad-90b4-9deaeae8dab8" />
    <UnitTestResult executionId="4b006bde-1bf4-41a0-8c61-3e31702f26fd" testId="a8a38b08-43ad-784d-afbc-d0335bfce14c" testName="RegisterAuthorizationCodeClient_ScopesAreNull_ThrowArgumentNullException" computerName="DKSR-EFI-04" duration="00:00:00.0026029" startTime="2023-12-22T09:32:44.3653941+01:00" endTime="2023-12-22T09:32:44.3653941+01:00" testType="13cdc9d9-ddb5-4fa4-a97d-d965ccfc6d4b" outcome="Passed" testListId="8c84fa94-04c1-424b-9868-57a2d4851a1d" relativeResultsDirectory="4b006bde-1bf4-41a0-8c61-3e31702f26fd" />
    <UnitTestResult executionId="92ad7c9c-9781-45c4-a35b-d828e7bbfd06" testId="4d922aac-d29d-5603-d614-ad2e17cb5ae6" testName="IdpTokenClient_DefaultNetworksCredentialsAsCredentials_HttpClientConfiguredToUseDefualtCredentials" computerName="DKSR-EFI-04" duration="00:00:00.0019706" startTime="2023-12-22T09:32:44.4278961+01:00" endTime="2023-12-22T09:32:44.4278961+01:00" testType="13cdc9d9-ddb5-4fa4-a97d-d965ccfc6d4b" outcome="Passed" testListId="8c84fa94-04c1-424b-9868-57a2d4851a1d" relativeResultsDirectory="92ad7c9c-9781-45c4-a35b-d828e7bbfd06" />
    <UnitTestResult executionId="a178085c-dbe8-438f-8487-d015061e717f" testId="44cd508c-9285-845c-4b2e-fe943114c39c" testName="Constructor_EmptyAccessToken_ThrowsArgumentNullException" computerName="DKSR-EFI-04" duration="00:00:00.0005562" startTime="2023-12-22T09:32:47.2247837+01:00" endTime="2023-12-22T09:32:47.2247837+01:00" testType="13cdc9d9-ddb5-4fa4-a97d-d965ccfc6d4b" outcome="Passed" testListId="8c84fa94-04c1-424b-9868-57a2d4851a1d" relativeResultsDirectory="a178085c-dbe8-438f-8487-d015061e717f" />
    <UnitTestResult executionId="46bbf0a6-1b7d-4632-804a-245afb84e134" testId="ee4023a9-7ef5-de07-c4fc-93e795d5baa7" testName="SendRequest_ResponseHasStatusCodeAndCustomIdpError_ThrowCorrectIdpException (400,PasswordRequiresLower,VideoOS.IdentityServer.Common.Exceptions.PasswordNotComplexEnoughException)" computerName="DKSR-EFI-04" duration="00:00:00.0008035" startTime="2023-12-22T09:32:44.0216434+01:00" endTime="2023-12-22T09:32:44.0528929+01:00" testType="13cdc9d9-ddb5-4fa4-a97d-d965ccfc6d4b" outcome="Passed" testListId="8c84fa94-04c1-424b-9868-57a2d4851a1d" relativeResultsDirectory="46bbf0a6-1b7d-4632-804a-245afb84e134" />
    <UnitTestResult executionId="ad2fe86a-8e03-4f78-b5b5-11abc8d3a967" testId="dd0f099b-0409-1632-fcd8-f5bbcb9fcf08" testName="UpdateTrustedIssuers_AccessTokenIsNull_ThrowArgumentException" computerName="DKSR-EFI-04" duration="00:00:00.0014110" startTime="2023-12-22T09:32:47.8185367+01:00" endTime="2023-12-22T09:32:47.8185367+01:00" testType="13cdc9d9-ddb5-4fa4-a97d-d965ccfc6d4b" outcome="Passed" testListId="8c84fa94-04c1-424b-9868-57a2d4851a1d" relativeResultsDirectory="ad2fe86a-8e03-4f78-b5b5-11abc8d3a967" />
    <UnitTestResult executionId="a80b97cd-8e6a-47a1-8ca6-cf361f25e892" testId="18d1d3c3-df4e-6919-02e8-0460c923b1d0" testName="BuildFullUri_HasUnencodedParts_PartsAreEncoded (a b c,/a)" computerName="DKSR-EFI-04" duration="00:00:00.0145422" startTime="2023-12-22T09:32:44.0997684+01:00" endTime="2023-12-22T09:32:44.1310201+01:00" testType="13cdc9d9-ddb5-4fa4-a97d-d965ccfc6d4b" outcome="Passed" testListId="8c84fa94-04c1-424b-9868-57a2d4851a1d" relativeResultsDirectory="a80b97cd-8e6a-47a1-8ca6-cf361f25e892" />
    <UnitTestResult executionId="259784e2-9ffe-470e-b2b2-04c9af33ffa2" testId="9272183c-1f20-60d5-550e-a9927fe14301" testName="ValidateIdpServer_SimulateInvalidResponseFromPreOAuthServer_CallIsCurrentVersion_Throws_InvalidOperationException" computerName="DKSR-EFI-04" duration="00:00:00.0115588" startTime="2023-12-22T09:32:44.5060216+01:00" endTime="2023-12-22T09:32:44.5216479+01:00" testType="13cdc9d9-ddb5-4fa4-a97d-d965ccfc6d4b" outcome="Passed" testListId="8c84fa94-04c1-424b-9868-57a2d4851a1d" relativeResultsDirectory="259784e2-9ffe-470e-b2b2-04c9af33ffa2" />
    <UnitTestResult executionId="b8d68716-79b9-4e76-82a0-ccdc7ac2bd9d" testId="723220bc-f6bc-2344-fd48-d0edbe583623" testName="GetAsync_MultipleSuccessfulResponses_FirstIsReturned" computerName="DKSR-EFI-04" duration="00:00:00.0065861" startTime="2023-12-22T09:32:43.3497642+01:00" endTime="2023-12-22T09:32:43.3497642+01:00" testType="13cdc9d9-ddb5-4fa4-a97d-d965ccfc6d4b" outcome="Passed" testListId="8c84fa94-04c1-424b-9868-57a2d4851a1d" relativeResultsDirectory="b8d68716-79b9-4e76-82a0-ccdc7ac2bd9d" />
    <UnitTestResult executionId="5b89c453-5a6c-43ec-9ae5-542411f79c3c" testId="0c335cba-9d4b-aa04-40ba-337c73bdc2f2" testName="GetEventLogs_ResponseHasOneLog_LogIsReturned" computerName="DKSR-EFI-04" duration="00:00:00.0065918" startTime="2023-12-22T09:32:47.6154093+01:00" endTime="2023-12-22T09:32:47.6154093+01:00" testType="13cdc9d9-ddb5-4fa4-a97d-d965ccfc6d4b" outcome="Passed" testListId="8c84fa94-04c1-424b-9868-57a2d4851a1d" relativeResultsDirectory="5b89c453-5a6c-43ec-9ae5-542411f79c3c" />
    <UnitTestResult executionId="6fef63cb-39fd-409a-8529-5e8f8231eae7" testId="6c22c485-f80c-11c5-01c7-a10cd38d415a" testName="CheckAccess_PrincipalHasWrongScopeClaim_ReturnsFalse (ABC)" computerName="DKSR-EFI-04" duration="00:00:00.0027369" startTime="2023-12-22T09:32:48.3185364+01:00" endTime="2023-12-22T09:32:48.3185364+01:00" testType="13cdc9d9-ddb5-4fa4-a97d-d965ccfc6d4b" outcome="Passed" testListId="8c84fa94-04c1-424b-9868-57a2d4851a1d" relativeResultsDirectory="6fef63cb-39fd-409a-8529-5e8f8231eae7" />
    <UnitTestResult executionId="4f57eabd-c43b-4b43-a7ea-d70c466f7335" testId="feb4fa5e-1e90-63a6-9054-269133b16e54" testName="CreateException_PasswordTooShort_Is_PasswordNotComplexEnoughException" computerName="DKSR-EFI-04" duration="00:00:00.0001915" startTime="2023-12-22T09:32:48.6935397+01:00" endTime="2023-12-22T09:32:48.6935397+01:00" testType="13cdc9d9-ddb5-4fa4-a97d-d965ccfc6d4b" outcome="Passed" testListId="8c84fa94-04c1-424b-9868-57a2d4851a1d" relativeResultsDirectory="4f57eabd-c43b-4b43-a7ea-d70c466f7335" />
    <UnitTestResult executionId="6ad1124e-5d81-47fd-990e-1b3b6db6e5e2" testId="dec0f944-3e42-30c0-8e32-16b653428b10" testName="UpdateTrustedIssuers_ModelIsNull_ThrowArgumentNullException" computerName="DKSR-EFI-04" duration="00:00:00.0011100" startTime="2023-12-22T09:32:47.8341602+01:00" endTime="2023-12-22T09:32:47.8341602+01:00" testType="13cdc9d9-ddb5-4fa4-a97d-d965ccfc6d4b" outcome="Passed" testListId="8c84fa94-04c1-424b-9868-57a2d4851a1d" relativeResultsDirectory="6ad1124e-5d81-47fd-990e-1b3b6db6e5e2" />
    <UnitTestResult executionId="5d5f6094-bf4d-4ebd-a027-b6cf33c65f73" testId="f58804b4-1c3e-a2cd-9639-d58251748d47" testName="GetUserCollection_UserIdsAreNull_ThrowArgumentNullException" computerName="DKSR-EFI-04" duration="00:00:00.0010913" startTime="2023-12-22T09:32:47.4435346+01:00" endTime="2023-12-22T09:32:47.4435346+01:00" testType="13cdc9d9-ddb5-4fa4-a97d-d965ccfc6d4b" outcome="Passed" testListId="8c84fa94-04c1-424b-9868-57a2d4851a1d" relativeResultsDirectory="5d5f6094-bf4d-4ebd-a027-b6cf33c65f73" />
    <UnitTestResult executionId="ac35a2bc-9e56-43a8-bac9-2a732f781402" testId="a52b94e3-f309-9a3e-47e5-d2dd4e4b19fa" testName="IsTokenExpired_TokenExpiration_ExpiredReturnTrueNotExpiredReturnFalse (1,False)" computerName="DKSR-EFI-04" duration="00:00:00.0021397" startTime="2023-12-22T09:32:48.4747866+01:00" endTime="2023-12-22T09:32:48.4747866+01:00" testType="13cdc9d9-ddb5-4fa4-a97d-d965ccfc6d4b" outcome="Passed" testListId="8c84fa94-04c1-424b-9868-57a2d4851a1d" relativeResultsDirectory="ac35a2bc-9e56-43a8-bac9-2a732f781402" />
    <UnitTestResult executionId="d210e62e-7391-44c3-a46b-d09c38b7c136" testId="63d736d3-1abb-5e1e-67d5-7731969795df" testName="SendRequest_ResponseHasBadStatusCode_ThrowIdpException (RequestUriTooLong)" computerName="DKSR-EFI-04" duration="00:00:00.0007318" startTime="2023-12-22T09:32:43.9903936+01:00" endTime="2023-12-22T09:32:43.9903936+01:00" testType="13cdc9d9-ddb5-4fa4-a97d-d965ccfc6d4b" outcome="Passed" testListId="8c84fa94-04c1-424b-9868-57a2d4851a1d" relativeResultsDirectory="d210e62e-7391-44c3-a46b-d09c38b7c136" />
    <UnitTestResult executionId="70e54b9b-713c-4948-9fa8-a29fbdab7843" testId="d1a7ae75-499e-4c81-b00a-a79e362c4160" testName="SendRequest_ResponseHasOkStatusCodeButContentHasWrongFormat_ThrowIdpException" computerName="DKSR-EFI-04" duration="00:00:00.4407451" startTime="2023-12-22T09:32:43.3653906+01:00" endTime="2023-12-22T09:32:43.8028924+01:00" testType="13cdc9d9-ddb5-4fa4-a97d-d965ccfc6d4b" outcome="Passed" testListId="8c84fa94-04c1-424b-9868-57a2d4851a1d" relativeResultsDirectory="70e54b9b-713c-4948-9fa8-a29fbdab7843" />
    <UnitTestResult executionId="a1662cc1-af48-4432-8d90-69d0a101ec76" testId="0d2f4ed5-125c-a2b1-8e5f-5e598ab83d5e" testName="Constructor_NullRefreshToken_ThrowsArgumentNullException" computerName="DKSR-EFI-04" duration="00:00:00.0006606" startTime="2023-12-22T09:32:47.2091578+01:00" endTime="2023-12-22T09:32:47.2091578+01:00" testType="13cdc9d9-ddb5-4fa4-a97d-d965ccfc6d4b" outcome="Passed" testListId="8c84fa94-04c1-424b-9868-57a2d4851a1d" relativeResultsDirectory="a1662cc1-af48-4432-8d90-69d0a101ec76" />
    <UnitTestResult executionId="734f26f2-8242-4175-8a5b-2bc700f4fccc" testId="fb000b2f-ab6a-7251-dbe2-b846f6fcbd0e" testName="Authenticate_AuthHeaderHasWrongScheme_ReturnNull" computerName="DKSR-EFI-04" duration="00:00:00.0037613" startTime="2023-12-22T09:32:48.2247868+01:00" endTime="2023-12-22T09:32:48.2247868+01:00" testType="13cdc9d9-ddb5-4fa4-a97d-d965ccfc6d4b" outcome="Passed" testListId="8c84fa94-04c1-424b-9868-57a2d4851a1d" relativeResultsDirectory="734f26f2-8242-4175-8a5b-2bc700f4fccc">
      <Output>
        <StdOut>Debug Trace:&#xD;
Incorrect scheme in authorization header. The value was abc, but 'Bearer' was expected.</StdOut>
      </Output>
    </UnitTestResult>
    <UnitTestResult executionId="b91994f9-2a25-41e5-ad97-3f1e3de0bacb" testId="29a32c84-cf2a-eb4c-5896-a439fd50b2b8" testName="SendRequest_ResponseHasBadStatusCode_ThrowIdpException (GatewayTimeout)" computerName="DKSR-EFI-04" duration="00:00:00.0007886" startTime="2023-12-22T09:32:44.0216434+01:00" endTime="2023-12-22T09:32:44.0216434+01:00" testType="13cdc9d9-ddb5-4fa4-a97d-d965ccfc6d4b" outcome="Passed" testListId="8c84fa94-04c1-424b-9868-57a2d4851a1d" relativeResultsDirectory="b91994f9-2a25-41e5-ad97-3f1e3de0bacb" />
    <UnitTestResult executionId="4bb81a19-0c87-4ff0-a2cd-d8f9100686b9" testId="970cd01e-43a8-573f-d6bb-d3e5d63f1935" testName="ValidateToken_SubClaimMissing_SystemClaimIsAddedToClaims" computerName="DKSR-EFI-04" duration="00:00:00.0328139" startTime="2023-12-22T09:32:42.3966354+01:00" endTime="2023-12-22T09:32:42.4278858+01:00" testType="13cdc9d9-ddb5-4fa4-a97d-d965ccfc6d4b" outcome="Passed" testListId="8c84fa94-04c1-424b-9868-57a2d4851a1d" relativeResultsDirectory="4bb81a19-0c87-4ff0-a2cd-d8f9100686b9" />
    <UnitTestResult executionId="7701ef89-be68-460b-8df2-373d8e0df039" testId="bf705ae1-67a7-5fa6-c13f-a22026ecd395" testName="Retrieve_NullProvider_ThrowsArgumentNullException" computerName="DKSR-EFI-04" duration="00:00:00.0046035" startTime="2023-12-22T09:32:47.1935335+01:00" endTime="2023-12-22T09:32:47.1935335+01:00" testType="13cdc9d9-ddb5-4fa4-a97d-d965ccfc6d4b" outcome="Passed" testListId="8c84fa94-04c1-424b-9868-57a2d4851a1d" relativeResultsDirectory="7701ef89-be68-460b-8df2-373d8e0df039" />
    <UnitTestResult executionId="408de5d2-7dab-47cd-a7b7-87e3b75144f4" testId="668c76c9-4bf1-dcc1-807a-f065424f58ba" testName="SendRequest_ResponseHasBadStatusCode_ThrowIdpException (PreconditionFailed)" computerName="DKSR-EFI-04" duration="00:00:00.0009087" startTime="2023-12-22T09:32:43.9747680+01:00" endTime="2023-12-22T09:32:43.9903936+01:00" testType="13cdc9d9-ddb5-4fa4-a97d-d965ccfc6d4b" outcome="Passed" testListId="8c84fa94-04c1-424b-9868-57a2d4851a1d" relativeResultsDirectory="408de5d2-7dab-47cd-a7b7-87e3b75144f4" />
    <UnitTestResult executionId="baba28f2-abc3-453d-89c4-32a9724a5799" testId="40fe9f87-53fc-abc6-c420-fc69d725d508" testName="RegisterClient_ClientIdIsNull_ThrowArgumentException" computerName="DKSR-EFI-04" duration="00:00:00.0023129" startTime="2023-12-22T09:32:44.1466433+01:00" endTime="2023-12-22T09:32:44.1466433+01:00" testType="13cdc9d9-ddb5-4fa4-a97d-d965ccfc6d4b" outcome="Passed" testListId="8c84fa94-04c1-424b-9868-57a2d4851a1d" relativeResultsDirectory="baba28f2-abc3-453d-89c4-32a9724a5799" />
    <UnitTestResult executionId="1b707ca0-b363-4337-85d9-f10a1b2af8e3" testId="0ae882bf-7b3d-9ae3-2fd3-8f4782af29c4" testName="CreateException_DuplicateEmail_Is_EmailAlreadyExistsException" computerName="DKSR-EFI-04" duration="00:00:00.0003022" startTime="2023-12-22T09:32:48.6622879+01:00" endTime="2023-12-22T09:32:48.6622879+01:00" testType="13cdc9d9-ddb5-4fa4-a97d-d965ccfc6d4b" outcome="Passed" testListId="8c84fa94-04c1-424b-9868-57a2d4851a1d" relativeResultsDirectory="1b707ca0-b363-4337-85d9-f10a1b2af8e3" />
    <UnitTestResult executionId="d572ca1c-ed68-4dd2-8f7e-96939be35d5d" testId="27a8059d-8b78-3c02-be74-55c51fedea26" testName="Ctor_OperationContextHelperIsNull_ThrowsArgumentNullException" computerName="DKSR-EFI-04" duration="00:00:00.0008278" startTime="2023-12-22T09:32:48.2872870+01:00" endTime="2023-12-22T09:32:48.2872870+01:00" testType="13cdc9d9-ddb5-4fa4-a97d-d965ccfc6d4b" outcome="Passed" testListId="8c84fa94-04c1-424b-9868-57a2d4851a1d" relativeResultsDirectory="d572ca1c-ed68-4dd2-8f7e-96939be35d5d" />
    <UnitTestResult executionId="2b70f5b9-4c60-479f-b554-f9873d7690d7" testId="d1a6ae8a-cb2b-c77a-d829-943ec8fecc27" testName="BeforeSendRequest_ThrowsHttpRequestExceptionWithWebException_ThrowsEndpointNotFoundException (ConnectFailure)" computerName="DKSR-EFI-04" duration="00:00:00.0015758" startTime="2023-12-22T09:32:48.0060358+01:00" endTime="2023-12-22T09:32:48.0060358+01:00" testType="13cdc9d9-ddb5-4fa4-a97d-d965ccfc6d4b" outcome="Passed" testListId="8c84fa94-04c1-424b-9868-57a2d4851a1d" relativeResultsDirectory="2b70f5b9-4c60-479f-b554-f9873d7690d7" />
    <UnitTestResult executionId="f39209d8-3e3c-4c0c-b746-10fdb2bfe4a7" testId="17a16fc5-4fe6-49ea-a991-631fada3d645" testName="Constructor_SecretIsNull_ThrowArgumentNullException" computerName="DKSR-EFI-04" duration="00:00:00.0003601" startTime="2023-12-22T09:32:40.7091259+01:00" endTime="2023-12-22T09:32:40.7091259+01:00" testType="13cdc9d9-ddb5-4fa4-a97d-d965ccfc6d4b" outcome="Passed" testListId="8c84fa94-04c1-424b-9868-57a2d4851a1d" relativeResultsDirectory="f39209d8-3e3c-4c0c-b746-10fdb2bfe4a7" />
    <UnitTestResult executionId="456e3bd2-159e-4394-8a1a-46124c2c3fb2" testId="fc0fef98-8b80-5ef6-59d2-fe46d77e15c0" testName="UpdateUser_ResponseHasSuccessfulStatusCode_CorrectRequestUriIsPassedAndUserIsReturned" computerName="DKSR-EFI-04" duration="00:00:00.0417246" startTime="2023-12-22T09:32:47.3810333+01:00" endTime="2023-12-22T09:32:47.4122842+01:00" testType="13cdc9d9-ddb5-4fa4-a97d-d965ccfc6d4b" outcome="Passed" testListId="8c84fa94-04c1-424b-9868-57a2d4851a1d" relativeResultsDirectory="456e3bd2-159e-4394-8a1a-46124c2c3fb2" />
    <UnitTestResult executionId="e5f38693-c1a4-4021-91c5-cc05f7b90f76" testId="a2c96cce-3d64-0619-9c0f-87d54f8eee1b" testName="BasicOpenAuthenticationHeaderValue_Constructor_NullPassword" computerName="DKSR-EFI-04" duration="00:00:00.0055604" startTime="2023-12-22T09:32:42.7091378+01:00" endTime="2023-12-22T09:32:42.7091378+01:00" testType="13cdc9d9-ddb5-4fa4-a97d-d965ccfc6d4b" outcome="Passed" testListId="8c84fa94-04c1-424b-9868-57a2d4851a1d" relativeResultsDirectory="e5f38693-c1a4-4021-91c5-cc05f7b90f76" />
    <UnitTestResult executionId="3c7602c7-d4f3-4823-862c-6181e6630652" testId="2461b8e3-8daf-c6ae-fd7a-04ef2c9029b1" testName="Construct_InvalidParam_BaseServeruri_Null_Throws_ArgumentNullException" computerName="DKSR-EFI-04" duration="00:00:00.0006233" startTime="2023-12-22T09:32:48.5216650+01:00" endTime="2023-12-22T09:32:48.5216650+01:00" testType="13cdc9d9-ddb5-4fa4-a97d-d965ccfc6d4b" outcome="Passed" testListId="8c84fa94-04c1-424b-9868-57a2d4851a1d" relativeResultsDirectory="3c7602c7-d4f3-4823-862c-6181e6630652" />
    <UnitTestResult executionId="4e49bc05-23e7-4bdf-8965-717b00b91fb6" testId="270700fa-e78d-d8e5-7de5-4325952fbc65" testName="Ctor_IOpenIdTokenHandlerIsNull_ThrowsArgumentNullException" computerName="DKSR-EFI-04" duration="00:00:00.0792669" startTime="2023-12-22T09:32:48.0841621+01:00" endTime="2023-12-22T09:32:48.1622875+01:00" testType="13cdc9d9-ddb5-4fa4-a97d-d965ccfc6d4b" outcome="Passed" testListId="8c84fa94-04c1-424b-9868-57a2d4851a1d" relativeResultsDirectory="4e49bc05-23e7-4bdf-8965-717b00b91fb6" />
    <UnitTestResult executionId="2790a412-579a-4bed-be3d-ba6c72dc2e53" testId="09372ef8-08d3-01fe-20c8-b7c4bfe94b6c" testName="Start_StopTimerCalled_Success" computerName="DKSR-EFI-04" duration="00:00:00.0036272" startTime="2023-12-22T09:32:48.3966615+01:00" endTime="2023-12-22T09:32:48.3966615+01:00" testType="13cdc9d9-ddb5-4fa4-a97d-d965ccfc6d4b" outcome="Passed" testListId="8c84fa94-04c1-424b-9868-57a2d4851a1d" relativeResultsDirectory="2790a412-579a-4bed-be3d-ba6c72dc2e53" />
    <UnitTestResult executionId="4eb67309-4bc7-4977-ab84-e425d422dd5a" testId="e9fa84ac-633c-62b6-98d7-47b66e6e189e" testName="ValidateToken_SignatureKeyNotFoundMinimumRefreshIntervalReached_RefreshRequested" computerName="DKSR-EFI-04" duration="00:00:00.2436352" startTime="2023-12-22T09:32:41.7403816+01:00" endTime="2023-12-22T09:32:41.9903820+01:00" testType="13cdc9d9-ddb5-4fa4-a97d-d965ccfc6d4b" outcome="Passed" testListId="8c84fa94-04c1-424b-9868-57a2d4851a1d" relativeResultsDirectory="4eb67309-4bc7-4977-ab84-e425d422dd5a" />
    <UnitTestResult executionId="b11eaf41-717e-49d2-bc72-aa1ea8b1e78d" testId="957b72e6-223d-945c-7af4-a1f0fe7fb5d3" testName="Constructor_NullUri_ThrowsArgumentNullException" computerName="DKSR-EFI-04" duration="00:00:00.0009053" startTime="2023-12-22T09:32:40.6466245+01:00" endTime="2023-12-22T09:32:40.6466245+01:00" testType="13cdc9d9-ddb5-4fa4-a97d-d965ccfc6d4b" outcome="Passed" testListId="8c84fa94-04c1-424b-9868-57a2d4851a1d" relativeResultsDirectory="b11eaf41-717e-49d2-bc72-aa1ea8b1e78d" />
    <UnitTestResult executionId="ee846cac-f113-4a10-ac3d-33a79cd6a840" testId="e870aa90-2e02-5dba-b8c8-beea96026546" testName="BeforeSendRequest_ThrowsHttpRequestExceptionWithWebException_ThrowsCommunicationException (RequestCanceled)" computerName="DKSR-EFI-04" duration="00:00:00.0002060" startTime="2023-12-22T09:32:48.0216613+01:00" endTime="2023-12-22T09:32:48.0216613+01:00" testType="13cdc9d9-ddb5-4fa4-a97d-d965ccfc6d4b" outcome="Passed" testListId="8c84fa94-04c1-424b-9868-57a2d4851a1d" relativeResultsDirectory="ee846cac-f113-4a10-ac3d-33a79cd6a840" />
    <UnitTestResult executionId="9e89dd0b-edeb-4d53-abaf-9b5fcac52b91" testId="f52b848b-cf3f-47b4-506b-dccb77611ec5" testName="CreateException_NotAllowed_Is_NotAllowedException" computerName="DKSR-EFI-04" duration="00:00:00.0002529" startTime="2023-12-22T09:32:48.6935397+01:00" endTime="2023-12-22T09:32:48.6935397+01:00" testType="13cdc9d9-ddb5-4fa4-a97d-d965ccfc6d4b" outcome="Passed" testListId="8c84fa94-04c1-424b-9868-57a2d4851a1d" relativeResultsDirectory="9e89dd0b-edeb-4d53-abaf-9b5fcac52b91" />
    <UnitTestResult executionId="20444203-85c6-4ed0-afd9-874458fb3615" testId="e1a7c90b-842f-6747-d414-96d35e63ecce" testName="RegisterAuthorizationCodeClientWithToken_RedirectUrisIsEmpty_ThrowArgumentException" computerName="DKSR-EFI-04" duration="00:00:00.0009196" startTime="2023-12-22T09:32:44.3497705+01:00" endTime="2023-12-22T09:32:44.3497705+01:00" testType="13cdc9d9-ddb5-4fa4-a97d-d965ccfc6d4b" outcome="Passed" testListId="8c84fa94-04c1-424b-9868-57a2d4851a1d" relativeResultsDirectory="20444203-85c6-4ed0-afd9-874458fb3615" />
    <UnitTestResult executionId="182c7aa3-72e1-4643-bdcf-44d8667c0a4c" testId="634cad37-210a-4bc0-8d4e-c43234da05dd" testName="BeforeSendRequest_HttpRequestMessagePropertyHasBeenSet_HttpRequestMessagePropertyHasAnAuthorizationHeaderWithBearerScheme" computerName="DKSR-EFI-04" duration="00:00:00.0040650" startTime="2023-12-22T09:32:47.9747848+01:00" endTime="2023-12-22T09:32:47.9747848+01:00" testType="13cdc9d9-ddb5-4fa4-a97d-d965ccfc6d4b" outcome="Passed" testListId="8c84fa94-04c1-424b-9868-57a2d4851a1d" relativeResultsDirectory="182c7aa3-72e1-4643-bdcf-44d8667c0a4c" />
    <UnitTestResult executionId="c31b014b-932d-460f-9a32-d12e75f71066" testId="1084380c-efdf-4335-3855-2ba20ad000dd" testName="Constructor_ScopeIsEmpty_ThrowArgumentException" computerName="DKSR-EFI-04" duration="00:00:00.0003801" startTime="2023-12-22T09:32:40.7091259+01:00" endTime="2023-12-22T09:32:40.7091259+01:00" testType="13cdc9d9-ddb5-4fa4-a97d-d965ccfc6d4b" outcome="Passed" testListId="8c84fa94-04c1-424b-9868-57a2d4851a1d" relativeResultsDirectory="c31b014b-932d-460f-9a32-d12e75f71066" />
    <UnitTestResult executionId="3dbd8185-d53e-4a6d-a635-f5fb095b5127" testId="2b6f2d8f-97a8-a49e-9820-0353b7cf269e" testName="IdpTokenClient_CredentialsCacheAsCredentials_HttpClientConfiguredToNotUseDefualtCredentials" computerName="DKSR-EFI-04" duration="00:00:00.0120842" startTime="2023-12-22T09:32:44.4435219+01:00" endTime="2023-12-22T09:32:44.4435219+01:00" testType="13cdc9d9-ddb5-4fa4-a97d-d965ccfc6d4b" outcome="Passed" testListId="8c84fa94-04c1-424b-9868-57a2d4851a1d" relativeResultsDirectory="3dbd8185-d53e-4a6d-a635-f5fb095b5127" />
    <UnitTestResult executionId="6f819bb7-7c04-48a4-ad74-8d4d9d71d895" testId="bc6f6cb5-f7c9-e3db-d707-a236ceb509b9" testName="Construct_WithUri_IsErrorFalse" computerName="DKSR-EFI-04" duration="00:00:00.4723906" startTime="2023-12-22T09:32:42.7247622+01:00" endTime="2023-12-22T09:32:43.1935147+01:00" testType="13cdc9d9-ddb5-4fa4-a97d-d965ccfc6d4b" outcome="Passed" testListId="8c84fa94-04c1-424b-9868-57a2d4851a1d" relativeResultsDirectory="6f819bb7-7c04-48a4-ad74-8d4d9d71d895" />
    <UnitTestResult executionId="2ecc53c8-515b-4026-9f65-3d30bf0793c9" testId="2439864b-27f0-8850-4ed8-51ccc06b948f" testName="SendRequest_ModelStateError_ThrowsInvalidArgumentsException" computerName="DKSR-EFI-04" duration="00:00:00.0049407" startTime="2023-12-22T09:32:44.0685190+01:00" endTime="2023-12-22T09:32:44.0685190+01:00" testType="13cdc9d9-ddb5-4fa4-a97d-d965ccfc6d4b" outcome="Passed" testListId="8c84fa94-04c1-424b-9868-57a2d4851a1d" relativeResultsDirectory="2ecc53c8-515b-4026-9f65-3d30bf0793c9" />
    <UnitTestResult executionId="fe3acb99-1ca6-4ad3-82ff-4f50acf923ea" testId="2b02613f-adc7-9ead-fab9-497ce9230752" testName="Retrieve_EmptyClient_ThrowsArgumentNullException" computerName="DKSR-EFI-04" duration="00:00:00.0010275" startTime="2023-12-22T09:32:47.2091578+01:00" endTime="2023-12-22T09:32:47.2091578+01:00" testType="13cdc9d9-ddb5-4fa4-a97d-d965ccfc6d4b" outcome="Passed" testListId="8c84fa94-04c1-424b-9868-57a2d4851a1d" relativeResultsDirectory="fe3acb99-1ca6-4ad3-82ff-4f50acf923ea" />
    <UnitTestResult executionId="ee341c1c-664c-4c8d-b376-e8779821ad79" testId="712a4429-a5d0-f9f8-e944-14b3128417df" testName="Start_StartIsCalled_TokenCacheUpdated" computerName="DKSR-EFI-04" duration="00:00:00.0124544" startTime="2023-12-22T09:32:48.3810363+01:00" endTime="2023-12-22T09:32:48.3966615+01:00" testType="13cdc9d9-ddb5-4fa4-a97d-d965ccfc6d4b" outcome="Passed" testListId="8c84fa94-04c1-424b-9868-57a2d4851a1d" relativeResultsDirectory="ee341c1c-664c-4c8d-b376-e8779821ad79" />
    <UnitTestResult executionId="02c4eb68-7076-4ede-87be-68953a5d24a6" testId="ab24e2cb-a9e7-696f-52cc-bbef4af32000" testName="CreateException_ModelStateVaidationError_Is_InvalidArgumentsException" computerName="DKSR-EFI-04" duration="00:00:00.0009944" startTime="2023-12-22T09:32:48.7404144+01:00" endTime="2023-12-22T09:32:48.7404144+01:00" testType="13cdc9d9-ddb5-4fa4-a97d-d965ccfc6d4b" outcome="Passed" testListId="8c84fa94-04c1-424b-9868-57a2d4851a1d" relativeResultsDirectory="02c4eb68-7076-4ede-87be-68953a5d24a6" />
    <UnitTestResult executionId="283bf90f-1dd9-4517-993e-cf6baf8748da" testId="5c93f740-724a-d4d0-9162-f8b044826d66" testName="SendRequest_ResponseHasBadStatusCode_ThrowIdpException (Conflict)" computerName="DKSR-EFI-04" duration="00:00:00.0012448" startTime="2023-12-22T09:32:43.9747680+01:00" endTime="2023-12-22T09:32:43.9747680+01:00" testType="13cdc9d9-ddb5-4fa4-a97d-d965ccfc6d4b" outcome="Passed" testListId="8c84fa94-04c1-424b-9868-57a2d4851a1d" relativeResultsDirectory="283bf90f-1dd9-4517-993e-cf6baf8748da" />
    <UnitTestResult executionId="f914f53e-8888-48db-b2f5-a94483398a27" testId="08a458bc-f70d-a527-f23d-08de1cac7168" testName="HasValidScheme_UriIsFile_ReturnsTrue" computerName="DKSR-EFI-04" duration="00:00:00.0001746" startTime="2023-12-22T09:32:47.2716599+01:00" endTime="2023-12-22T09:32:47.2716599+01:00" testType="13cdc9d9-ddb5-4fa4-a97d-d965ccfc6d4b" outcome="Passed" testListId="8c84fa94-04c1-424b-9868-57a2d4851a1d" relativeResultsDirectory="f914f53e-8888-48db-b2f5-a94483398a27" />
    <UnitTestResult executionId="3e87078b-00fa-40d2-ae87-c23bb28cc978" testId="ee4023a9-7ef5-de07-c4fc-93e795d5baa7" testName="SendRequest_ResponseHasStatusCodeAndCustomIdpError_ThrowCorrectIdpException (400,InvalidUserName,VideoOS.IdentityServer.Common.Exceptions.InvalidNameException)" computerName="DKSR-EFI-04" duration="00:00:00.0008135" startTime="2023-12-22T09:32:44.0216434+01:00" endTime="2023-12-22T09:32:44.0528929+01:00" testType="13cdc9d9-ddb5-4fa4-a97d-d965ccfc6d4b" outcome="Passed" testListId="8c84fa94-04c1-424b-9868-57a2d4851a1d" relativeResultsDirectory="3e87078b-00fa-40d2-ae87-c23bb28cc978" />
    <UnitTestResult executionId="2268df78-da69-4976-b96b-6035b0916950" testId="160926a9-6be8-e16e-5ee4-6d69f6901085" testName="HandleException_WebException_Status_ConnectionClosed_ReturnsTrue" computerName="DKSR-EFI-04" duration="00:00:00.0001671" startTime="2023-12-22T09:32:47.2404081+01:00" endTime="2023-12-22T09:32:47.2560308+01:00" testType="13cdc9d9-ddb5-4fa4-a97d-d965ccfc6d4b" outcome="Passed" testListId="8c84fa94-04c1-424b-9868-57a2d4851a1d" relativeResultsDirectory="2268df78-da69-4976-b96b-6035b0916950" />
    <UnitTestResult executionId="7b5acfae-0b1d-4a1b-b9d7-929f44fa5a6f" testId="026a0bc2-d18b-aab5-abeb-9318d37dfa38" testName="ValidateIdpServer_SimulateValidResponseFromOAuthServer_WithValidCertificate_SslVerificationTimesOut" computerName="DKSR-EFI-04" duration="00:00:00.0017826" startTime="2023-12-22T09:32:44.5997721+01:00" endTime="2023-12-22T09:32:44.5997721+01:00" testType="13cdc9d9-ddb5-4fa4-a97d-d965ccfc6d4b" outcome="Passed" testListId="8c84fa94-04c1-424b-9868-57a2d4851a1d" relativeResultsDirectory="7b5acfae-0b1d-4a1b-b9d7-929f44fa5a6f" />
    <UnitTestResult executionId="9a0b6cd9-7ce2-44dd-9b4e-32ebfa1dd8ca" testId="65c35641-c7fa-ea47-734f-c81f8095832e" testName="Constructor_BaseAddressIsNull_ThrowArgumentNullException" computerName="DKSR-EFI-04" duration="00:00:00.0015177" startTime="2023-12-22T09:32:44.1466433+01:00" endTime="2023-12-22T09:32:44.1466433+01:00" testType="13cdc9d9-ddb5-4fa4-a97d-d965ccfc6d4b" outcome="Passed" testListId="8c84fa94-04c1-424b-9868-57a2d4851a1d" relativeResultsDirectory="9a0b6cd9-7ce2-44dd-9b4e-32ebfa1dd8ca" />
    <UnitTestResult executionId="809fb4c9-7664-41e8-87fe-2555e7b98226" testId="ddded40e-1f02-eacb-d4a2-e26ac1095ebf" testName="Dispose_TokenDisposed_ObjectDisposedException" computerName="DKSR-EFI-04" duration="00:00:00.0008213" startTime="2023-12-22T09:32:48.5060384+01:00" endTime="2023-12-22T09:32:48.5060384+01:00" testType="13cdc9d9-ddb5-4fa4-a97d-d965ccfc6d4b" outcome="Passed" testListId="8c84fa94-04c1-424b-9868-57a2d4851a1d" relativeResultsDirectory="809fb4c9-7664-41e8-87fe-2555e7b98226" />
    <UnitTestResult executionId="8ae4a5bf-2f22-4a1a-b59e-6e0ce54f30ff" testId="fcf10477-6ad0-000b-9152-cfbeeb11eccd" testName="BeforeSendRequest_ThrowsHttpRequestExceptionWithWebException_ThrowsCommunicationException (SecureChannelFailure)" computerName="DKSR-EFI-04" duration="00:00:00.0001962" startTime="2023-12-22T09:32:48.0372848+01:00" endTime="2023-12-22T09:32:48.0372848+01:00" testType="13cdc9d9-ddb5-4fa4-a97d-d965ccfc6d4b" outcome="Passed" testListId="8c84fa94-04c1-424b-9868-57a2d4851a1d" relativeResultsDirectory="8ae4a5bf-2f22-4a1a-b59e-6e0ce54f30ff" />
    <UnitTestResult executionId="868777bc-db1c-4e4e-8088-05f1a1812089" testId="be2661e6-13a2-efcd-f033-26370e5bd14f" testName="Retrieve_NullIdpTokenClient_ThrowsArgumentNullException" computerName="DKSR-EFI-04" duration="00:00:00.0009682" startTime="2023-12-22T09:32:47.2091578+01:00" endTime="2023-12-22T09:32:47.2091578+01:00" testType="13cdc9d9-ddb5-4fa4-a97d-d965ccfc6d4b" outcome="Passed" testListId="8c84fa94-04c1-424b-9868-57a2d4851a1d" relativeResultsDirectory="868777bc-db1c-4e4e-8088-05f1a1812089" />
    <UnitTestResult executionId="3b0b7b9e-94ac-4e5a-9302-ffbce34c5c98" testId="ebd8b721-48ec-4a9e-4f6a-ce30457acd4f" testName="ValidateIdpServer_SimulateValidResponseFromOAuthServer_UnsecureCheckOnly_ReturnsHttpsSecureConnection" computerName="DKSR-EFI-04" duration="00:00:00.2032307" startTime="2023-12-22T09:32:46.0529028+01:00" endTime="2023-12-22T09:32:46.2560288+01:00" testType="13cdc9d9-ddb5-4fa4-a97d-d965ccfc6d4b" outcome="Passed" testListId="8c84fa94-04c1-424b-9868-57a2d4851a1d" relativeResultsDirectory="3b0b7b9e-94ac-4e5a-9302-ffbce34c5c98" />
    <UnitTestResult executionId="d4ddae94-488f-4349-98f6-38668cee83af" testId="9f0c86dc-a496-7741-858c-a11363a3da1a" testName="TokenCache_Constructor_ClientTokenSettings_ArgumentNullException" computerName="DKSR-EFI-04" duration="00:00:00.0140277" startTime="2023-12-22T09:32:48.3497891+01:00" endTime="2023-12-22T09:32:48.3654133+01:00" testType="13cdc9d9-ddb5-4fa4-a97d-d965ccfc6d4b" outcome="Passed" testListId="8c84fa94-04c1-424b-9868-57a2d4851a1d" relativeResultsDirectory="d4ddae94-488f-4349-98f6-38668cee83af" />
    <UnitTestResult executionId="29381df9-9119-476e-a9a1-88b2b6f12c8b" testId="e1b36847-cc65-e739-8fc1-4c65074486c5" testName="Construct_WithException_ResponseWithException" computerName="DKSR-EFI-04" duration="00:00:00.0011526" startTime="2023-12-22T09:32:43.1935147+01:00" endTime="2023-12-22T09:32:43.1935147+01:00" testType="13cdc9d9-ddb5-4fa4-a97d-d965ccfc6d4b" outcome="Passed" testListId="8c84fa94-04c1-424b-9868-57a2d4851a1d" relativeResultsDirectory="29381df9-9119-476e-a9a1-88b2b6f12c8b" />
    <UnitTestResult executionId="d07ac3b8-51fb-40e2-8cc5-15b9ec98851c" testId="2f5d977d-1e91-46c0-f08f-cb953748d3bb" testName="Constructor_NullIdToken_ThrowsArgumentNullException" computerName="DKSR-EFI-04" duration="00:00:00.0005311" startTime="2023-12-22T09:32:47.2091578+01:00" endTime="2023-12-22T09:32:47.2091578+01:00" testType="13cdc9d9-ddb5-4fa4-a97d-d965ccfc6d4b" outcome="Passed" testListId="8c84fa94-04c1-424b-9868-57a2d4851a1d" relativeResultsDirectory="d07ac3b8-51fb-40e2-8cc5-15b9ec98851c" />
    <UnitTestResult executionId="3f0c14bf-86b0-4cf4-ae2a-aa0629b2d993" testId="ee4023a9-7ef5-de07-c4fc-93e795d5baa7" testName="SendRequest_ResponseHasStatusCodeAndCustomIdpError_ThrowCorrectIdpException (500,DefaultError,VideoOS.IdentityServer.Common.Exceptions.InternalServerErrorException)" computerName="DKSR-EFI-04" duration="00:00:00.0009134" startTime="2023-12-22T09:32:44.0216434+01:00" endTime="2023-12-22T09:32:44.0528929+01:00" testType="13cdc9d9-ddb5-4fa4-a97d-d965ccfc6d4b" outcome="Passed" testListId="8c84fa94-04c1-424b-9868-57a2d4851a1d" relativeResultsDirectory="3f0c14bf-86b0-4cf4-ae2a-aa0629b2d993" />
    <UnitTestResult executionId="a7994f31-094a-47e1-b05e-334ca65aa00d" testId="24757d53-50b6-4207-edb9-4d7b85e83ec0" testName="CreateException_InvalidCode_Throws_ArgumentOutOfRangeException" computerName="DKSR-EFI-04" duration="00:00:00.0007454" startTime="2023-12-22T09:32:48.6310377+01:00" endTime="2023-12-22T09:32:48.6310377+01:00" testType="13cdc9d9-ddb5-4fa4-a97d-d965ccfc6d4b" outcome="Passed" testListId="8c84fa94-04c1-424b-9868-57a2d4851a1d" relativeResultsDirectory="a7994f31-094a-47e1-b05e-334ca65aa00d" />
    <UnitTestResult executionId="c4543eeb-35ce-41b6-bab9-d7010faf2281" testId="7eafd3b9-debc-1a0c-12c6-11d7098cd775" testName="VerifyEndpointSupportsSsl_InvalidParam_RelativeUri_Throws_ArgumentException" computerName="DKSR-EFI-04" duration="00:00:00.0005750" startTime="2023-12-22T09:32:47.1622821+01:00" endTime="2023-12-22T09:32:47.1622821+01:00" testType="13cdc9d9-ddb5-4fa4-a97d-d965ccfc6d4b" outcome="Passed" testListId="8c84fa94-04c1-424b-9868-57a2d4851a1d" relativeResultsDirectory="c4543eeb-35ce-41b6-bab9-d7010faf2281" />
    <UnitTestResult executionId="2af8ac2f-b658-4f51-94a1-4787df60f3e5" testId="bd6e2c82-85dd-8f11-260e-d6592f779064" testName="Construct_InvalidIHttpGet_Null_Throws_ArgumentNullException" computerName="DKSR-EFI-04" duration="00:00:00.0024100" startTime="2023-12-22T09:32:44.4747700+01:00" endTime="2023-12-22T09:32:44.4747700+01:00" testType="13cdc9d9-ddb5-4fa4-a97d-d965ccfc6d4b" outcome="Passed" testListId="8c84fa94-04c1-424b-9868-57a2d4851a1d" relativeResultsDirectory="2af8ac2f-b658-4f51-94a1-4787df60f3e5" />
    <UnitTestResult executionId="039801d0-5625-4698-9c6b-5d31ac86eaa5" testId="da2a4482-8679-bf21-379a-ba675bbae9ad" testName="DeleteUser_ParameterIsNull_ThrowArgumentException (,abc)" computerName="DKSR-EFI-04" duration="00:00:00.0013883" startTime="2023-12-22T09:32:47.4279098+01:00" endTime="2023-12-22T09:32:47.4279098+01:00" testType="13cdc9d9-ddb5-4fa4-a97d-d965ccfc6d4b" outcome="Passed" testListId="8c84fa94-04c1-424b-9868-57a2d4851a1d" relativeResultsDirectory="039801d0-5625-4698-9c6b-5d31ac86eaa5" />
    <UnitTestResult executionId="060ccf71-5891-4db9-9ab1-f586bbef818e" testId="bbd84ed1-520d-4358-3488-4aa29532b886" testName="DeleteLogin_ParameterIsNull_ThrowArgumentException (abc,,abc)" computerName="DKSR-EFI-04" duration="00:00:00.0001255" startTime="2023-12-22T09:32:47.5529091+01:00" endTime="2023-12-22T09:32:47.5529091+01:00" testType="13cdc9d9-ddb5-4fa4-a97d-d965ccfc6d4b" outcome="Passed" testListId="8c84fa94-04c1-424b-9868-57a2d4851a1d" relativeResultsDirectory="060ccf71-5891-4db9-9ab1-f586bbef818e" />
    <UnitTestResult executionId="83e21767-f01f-4823-96d5-eefdedc8ff1c" testId="320b9240-8de4-6e99-ff14-f9386efd026e" testName="Constructor_NullIdpUrl_ThrowsArgumentNullException" computerName="DKSR-EFI-04" duration="00:00:00.0016887" startTime="2023-12-22T09:32:47.1622821+01:00" endTime="2023-12-22T09:32:47.1622821+01:00" testType="13cdc9d9-ddb5-4fa4-a97d-d965ccfc6d4b" outcome="Passed" testListId="8c84fa94-04c1-424b-9868-57a2d4851a1d" relativeResultsDirectory="83e21767-f01f-4823-96d5-eefdedc8ff1c" />
    <UnitTestResult executionId="7deeb891-edb9-4f80-b0d7-a2a4a620863b" testId="9e519774-75c3-0938-a5ac-c98cb0ed4a6d" testName="GetUserCollection_AccessTokenIsNull_ThrowArgumentException" computerName="DKSR-EFI-04" duration="00:00:00.0029211" startTime="2023-12-22T09:32:47.4435346+01:00" endTime="2023-12-22T09:32:47.4435346+01:00" testType="13cdc9d9-ddb5-4fa4-a97d-d965ccfc6d4b" outcome="Passed" testListId="8c84fa94-04c1-424b-9868-57a2d4851a1d" relativeResultsDirectory="7deeb891-edb9-4f80-b0d7-a2a4a620863b" />
    <UnitTestResult executionId="b3c1a768-d33d-4339-95e0-83d098cd4362" testId="0eb6bb6a-eef9-422e-dfe1-eec86ae82e59" testName="BeforeSendRequest_ThrowsTaskCanceledException_ThrowsCommunicationException" computerName="DKSR-EFI-04" duration="00:00:00.0011490" startTime="2023-12-22T09:32:48.0685351+01:00" endTime="2023-12-22T09:32:48.0685351+01:00" testType="13cdc9d9-ddb5-4fa4-a97d-d965ccfc6d4b" outcome="Passed" testListId="8c84fa94-04c1-424b-9868-57a2d4851a1d" relativeResultsDirectory="b3c1a768-d33d-4339-95e0-83d098cd4362" />
    <UnitTestResult executionId="f90c7776-e5e2-4a54-b549-fad1d7a1c51f" testId="3f9c843a-1e55-447d-5796-24cc11eb0601" testName="Ctor_ValueIsNull_ThrowsArgumentNullException" computerName="DKSR-EFI-04" duration="00:00:00.0007122" startTime="2023-12-22T09:32:48.0841621+01:00" endTime="2023-12-22T09:32:48.0841621+01:00" testType="13cdc9d9-ddb5-4fa4-a97d-d965ccfc6d4b" outcome="Passed" testListId="8c84fa94-04c1-424b-9868-57a2d4851a1d" relativeResultsDirectory="f90c7776-e5e2-4a54-b549-fad1d7a1c51f" />
    <UnitTestResult executionId="08b1c3aa-afa1-4279-a90b-f6463518af0d" testId="71445656-a9f4-f108-ab88-6f99f9f42b16" testName="GetTrustedIssuers_ResponseHasSuccessfulStatusCode_CorrectRequestUriIsPassed" computerName="DKSR-EFI-04" duration="00:00:00.0091407" startTime="2023-12-22T09:32:47.7872839+01:00" endTime="2023-12-22T09:32:47.8029103+01:00" testType="13cdc9d9-ddb5-4fa4-a97d-d965ccfc6d4b" outcome="Passed" testListId="8c84fa94-04c1-424b-9868-57a2d4851a1d" relativeResultsDirectory="08b1c3aa-afa1-4279-a90b-f6463518af0d" />
    <UnitTestResult executionId="b1b6aefc-5267-4874-8387-d1faf2c27490" testId="d0c7c382-be92-208a-f641-c4a9c109541e" testName="SendRequest_StatusCodeIs400ButJsonIsNotReturned_ThrowDefaultIdpException" computerName="DKSR-EFI-04" duration="00:00:00.0036703" startTime="2023-12-22T09:32:44.0841437+01:00" endTime="2023-12-22T09:32:44.0997684+01:00" testType="13cdc9d9-ddb5-4fa4-a97d-d965ccfc6d4b" outcome="Passed" testListId="8c84fa94-04c1-424b-9868-57a2d4851a1d" relativeResultsDirectory="b1b6aefc-5267-4874-8387-d1faf2c27490" />
    <UnitTestResult executionId="5394cae2-a6ff-486c-9c99-9b8064eb6fe9" testId="6ff3a64d-e43e-c9b5-cdb2-5023b692a002" testName="BeforeSendRequest_ThrowsHttpRequestExceptionWithWebException_ThrowsCommunicationException (SendFailure)" computerName="DKSR-EFI-04" duration="00:00:00.0002087" startTime="2023-12-22T09:32:48.0216613+01:00" endTime="2023-12-22T09:32:48.0216613+01:00" testType="13cdc9d9-ddb5-4fa4-a97d-d965ccfc6d4b" outcome="Passed" testListId="8c84fa94-04c1-424b-9868-57a2d4851a1d" relativeResultsDirectory="5394cae2-a6ff-486c-9c99-9b8064eb6fe9" />
    <UnitTestResult executionId="0a59123e-f8fe-45ba-92bf-b7e9ea6fc4fe" testId="546e1c1f-b92a-588a-a4ee-351bbc7f5bb0" testName="GetUserByName_ParameterIsNull_ThrowArgumentException (,abc)" computerName="DKSR-EFI-04" duration="00:00:00.0022582" startTime="2023-12-22T09:32:47.3185307+01:00" endTime="2023-12-22T09:32:47.3185307+01:00" testType="13cdc9d9-ddb5-4fa4-a97d-d965ccfc6d4b" outcome="Passed" testListId="8c84fa94-04c1-424b-9868-57a2d4851a1d" relativeResultsDirectory="0a59123e-f8fe-45ba-92bf-b7e9ea6fc4fe" />
    <UnitTestResult executionId="ed4c7319-0902-402e-a833-a1f618c2cabf" testId="67a73538-1027-a501-a8ed-160a0b377dca" testName="GetTokenWithRegisterClientScope_ResponseHasSuccessfulStatusCode_TokenIsReturned" computerName="DKSR-EFI-04" duration="00:00:00.0065144" startTime="2023-12-22T09:32:44.3341439+01:00" endTime="2023-12-22T09:32:44.3341439+01:00" testType="13cdc9d9-ddb5-4fa4-a97d-d965ccfc6d4b" outcome="Passed" testListId="8c84fa94-04c1-424b-9868-57a2d4851a1d" relativeResultsDirectory="ed4c7319-0902-402e-a833-a1f618c2cabf" />
    <UnitTestResult executionId="ddfd47dc-3e60-49bd-9b64-0e2d21115e60" testId="f32bda88-4a09-74c7-2e78-6d8d84420e73" testName="BeforeSendRequest_ThrowsHttpRequestExceptionWithWebException_ThrowsCommunicationException (ServerProtocolViolation)" computerName="DKSR-EFI-04" duration="00:00:00.0001873" startTime="2023-12-22T09:32:48.0529123+01:00" endTime="2023-12-22T09:32:48.0529123+01:00" testType="13cdc9d9-ddb5-4fa4-a97d-d965ccfc6d4b" outcome="Passed" testListId="8c84fa94-04c1-424b-9868-57a2d4851a1d" relativeResultsDirectory="ddfd47dc-3e60-49bd-9b64-0e2d21115e60" />
    <UnitTestResult executionId="3d256c4f-9640-4a20-85a6-cf19c3c14d14" testId="83028242-f49c-fe61-01aa-89f0e3669d5d" testName="BeforeSendRequest_ThrowsHttpRequestExceptionWithWebException_ThrowsCommunicationException (ConnectionClosed)" computerName="DKSR-EFI-04" duration="00:00:00.0002005" startTime="2023-12-22T09:32:48.0372848+01:00" endTime="2023-12-22T09:32:48.0372848+01:00" testType="13cdc9d9-ddb5-4fa4-a97d-d965ccfc6d4b" outcome="Passed" testListId="8c84fa94-04c1-424b-9868-57a2d4851a1d" relativeResultsDirectory="3d256c4f-9640-4a20-85a6-cf19c3c14d14" />
    <UnitTestResult executionId="70780d8f-7fb6-4a25-9fbe-1257ef4fc31d" testId="164af1fb-8ab7-de87-8f12-29fc40e9bd15" testName="DeleteAdmin_ResponseHasSuccessfulStatusCode_CorrectRequestUriIsPassed" computerName="DKSR-EFI-04" duration="00:00:00.0059326" startTime="2023-12-22T09:32:47.5997834+01:00" endTime="2023-12-22T09:32:47.5997834+01:00" testType="13cdc9d9-ddb5-4fa4-a97d-d965ccfc6d4b" outcome="Passed" testListId="8c84fa94-04c1-424b-9868-57a2d4851a1d" relativeResultsDirectory="70780d8f-7fb6-4a25-9fbe-1257ef4fc31d" />
    <UnitTestResult executionId="0326003b-376a-4817-a1db-1062c72e602c" testId="8e1ae9ed-48fa-e512-e027-fe3bb954eb8b" testName="IsTokenExpired_TokenExpiration_ExpiredReturnTrueNotExpiredReturnFalse (-1,True)" computerName="DKSR-EFI-04" duration="00:00:00.0004035" startTime="2023-12-22T09:32:48.5841637+01:00" endTime="2023-12-22T09:32:48.5841637+01:00" testType="13cdc9d9-ddb5-4fa4-a97d-d965ccfc6d4b" outcome="Passed" testListId="8c84fa94-04c1-424b-9868-57a2d4851a1d" relativeResultsDirectory="0326003b-376a-4817-a1db-1062c72e602c" />
    <UnitTestResult executionId="45120b86-91f3-45f1-aeec-fd4a158ccfe9" testId="e0eca9f7-d766-7032-cd66-1fda7415dd68" testName="CreateException_InvalidClient_Is_UnauthorizedException" computerName="DKSR-EFI-04" duration="00:00:00.0001556" startTime="2023-12-22T09:32:48.6466630+01:00" endTime="2023-12-22T09:32:48.6466630+01:00" testType="13cdc9d9-ddb5-4fa4-a97d-d965ccfc6d4b" outcome="Passed" testListId="8c84fa94-04c1-424b-9868-57a2d4851a1d" relativeResultsDirectory="45120b86-91f3-45f1-aeec-fd4a158ccfe9" />
    <UnitTestResult executionId="00b05903-2c33-4aaf-9fe8-2485297be12b" testId="bbacb338-027e-8ff3-9426-ba091de7dfef" testName="BeforeSendRequest_ThrowsUnexpectedException_RethrowsException" computerName="DKSR-EFI-04" duration="00:00:00.0012379" startTime="2023-12-22T09:32:48.0841621+01:00" endTime="2023-12-22T09:32:48.0841621+01:00" testType="13cdc9d9-ddb5-4fa4-a97d-d965ccfc6d4b" outcome="Passed" testListId="8c84fa94-04c1-424b-9868-57a2d4851a1d" relativeResultsDirectory="00b05903-2c33-4aaf-9fe8-2485297be12b" />
    <UnitTestResult executionId="460dd119-0143-495b-9968-9f0f07caf33a" testId="d313dde6-0806-2abf-bd1c-3417608d3183" testName="RefreshToken_TokenHandlerReturnsToken_RefreshTokenReturnsToken" computerName="DKSR-EFI-04" duration="00:00:00.0021119" startTime="2023-12-22T09:32:48.5685383+01:00" endTime="2023-12-22T09:32:48.5841637+01:00" testType="13cdc9d9-ddb5-4fa4-a97d-d965ccfc6d4b" outcome="Passed" testListId="8c84fa94-04c1-424b-9868-57a2d4851a1d" relativeResultsDirectory="460dd119-0143-495b-9968-9f0f07caf33a" />
    <UnitTestResult executionId="1d8f743f-d7c2-4321-8359-5b1eff607b8e" testId="6ee35bac-519f-b442-48b8-ad90bff16940" testName="RefreshToken_TokenHandlerReturnsToken_RefreshTokenReturnsToken" computerName="DKSR-EFI-04" duration="00:00:00.0027272" startTime="2023-12-22T09:32:48.4591647+01:00" endTime="2023-12-22T09:32:48.4591647+01:00" testType="13cdc9d9-ddb5-4fa4-a97d-d965ccfc6d4b" outcome="Passed" testListId="8c84fa94-04c1-424b-9868-57a2d4851a1d" relativeResultsDirectory="1d8f743f-d7c2-4321-8359-5b1eff607b8e" />
    <UnitTestResult executionId="73a0188d-580c-43c2-8e50-c76da333a797" testId="27aea1a6-1e4c-b203-2089-de14d612090c" testName="Constructor_EmptyProvider_ThrowsArgumentNullException" computerName="DKSR-EFI-04" duration="00:00:00.0005980" startTime="2023-12-22T09:32:40.6622510+01:00" endTime="2023-12-22T09:32:40.6622510+01:00" testType="13cdc9d9-ddb5-4fa4-a97d-d965ccfc6d4b" outcome="Passed" testListId="8c84fa94-04c1-424b-9868-57a2d4851a1d" relativeResultsDirectory="73a0188d-580c-43c2-8e50-c76da333a797" />
    <UnitTestResult executionId="22f95b91-e5dc-4b61-85b3-1c2711672f6f" testId="9d9108bd-86db-659c-91d4-935425fa020c" testName="SendRequest_ResponseHasStatusCodeAndErrorCode_ThrowCorrectIdpException (400,ChangePassword,VideoOS.IdentityServer.Common.Exceptions.ChangePasswordException)" computerName="DKSR-EFI-04" duration="00:00:00.0051246" startTime="2023-12-22T09:32:44.0528929+01:00" endTime="2023-12-22T09:32:44.0685190+01:00" testType="13cdc9d9-ddb5-4fa4-a97d-d965ccfc6d4b" outcome="Passed" testListId="8c84fa94-04c1-424b-9868-57a2d4851a1d" relativeResultsDirectory="22f95b91-e5dc-4b61-85b3-1c2711672f6f" />
    <UnitTestResult executionId="7c182da5-867e-4067-84f9-96bede16cb93" testId="6a56b596-cc3a-9bf5-da7f-9064d03397a2" testName="ValidateIdpServer_SimulateValidResponseFrom_WithNonStandardPortAndValidScheme_AgainstVersionNotSupportingOauth_Success" computerName="DKSR-EFI-04" duration="00:00:00.3936003" startTime="2023-12-22T09:32:44.9903964+01:00" endTime="2023-12-22T09:32:45.3810267+01:00" testType="13cdc9d9-ddb5-4fa4-a97d-d965ccfc6d4b" outcome="Passed" testListId="8c84fa94-04c1-424b-9868-57a2d4851a1d" relativeResultsDirectory="7c182da5-867e-4067-84f9-96bede16cb93" />
    <UnitTestResult executionId="dfd5ea41-e92e-4013-9bea-7e5a46c51d68" testId="7ea2fcb8-8d7a-7b3e-5257-f1b66909cef7" testName="CheckAccess_PrincipalHasCorrectScopeClaim_ReturnsTrue (ABC,abc)" computerName="DKSR-EFI-04" duration="00:00:00.0029721" startTime="2023-12-22T09:32:48.3341624+01:00" endTime="2023-12-22T09:32:48.3341624+01:00" testType="13cdc9d9-ddb5-4fa4-a97d-d965ccfc6d4b" outcome="Passed" testListId="8c84fa94-04c1-424b-9868-57a2d4851a1d" relativeResultsDirectory="dfd5ea41-e92e-4013-9bea-7e5a46c51d68" />
    <UnitTestResult executionId="7aab236e-7799-47d0-bf1e-b2e9cdaad9fe" testId="1441b80a-d34b-716a-62ff-daf3315612e2" testName="IsTokenExpired_TokenExpiration_ExpiredReturnTrueNotExpiredReturnFalse (1,False)" computerName="DKSR-EFI-04" duration="00:00:00.0019953" startTime="2023-12-22T09:32:48.5841637+01:00" endTime="2023-12-22T09:32:48.5841637+01:00" testType="13cdc9d9-ddb5-4fa4-a97d-d965ccfc6d4b" outcome="Passed" testListId="8c84fa94-04c1-424b-9868-57a2d4851a1d" relativeResultsDirectory="7aab236e-7799-47d0-bf1e-b2e9cdaad9fe" />
    <UnitTestResult executionId="7b0ecdad-9370-4fab-bb83-c42fd018b732" testId="21bc6c22-cae5-d6e6-f8be-0a3d9ef4e313" testName="DeleteAdmin_ParameterIsNull_ThrowArgumentException (,1-2-3)" computerName="DKSR-EFI-04" duration="00:00:00.0014297" startTime="2023-12-22T09:32:47.5841591+01:00" endTime="2023-12-22T09:32:47.5997834+01:00" testType="13cdc9d9-ddb5-4fa4-a97d-d965ccfc6d4b" outcome="Passed" testListId="8c84fa94-04c1-424b-9868-57a2d4851a1d" relativeResultsDirectory="7b0ecdad-9370-4fab-bb83-c42fd018b732" />
    <UnitTestResult executionId="6abe85ba-34de-4a8a-a901-127eb8b55b5d" testId="b639b5fb-3ef5-2cd9-a90a-017d1638f497" testName="BasicOpenAuthenticationHeaderValue_Constructor_NullUserName" computerName="DKSR-EFI-04" duration="00:00:00.0005769" startTime="2023-12-22T09:32:42.7091378+01:00" endTime="2023-12-22T09:32:42.7091378+01:00" testType="13cdc9d9-ddb5-4fa4-a97d-d965ccfc6d4b" outcome="Passed" testListId="8c84fa94-04c1-424b-9868-57a2d4851a1d" relativeResultsDirectory="6abe85ba-34de-4a8a-a901-127eb8b55b5d" />
    <UnitTestResult executionId="e4deb944-8f36-4f40-b8f1-a50f3e8ee04d" testId="04ba112f-e345-0314-e5a5-bfdf9ebd97a8" testName="ValidateIdpServer_CancellationRequest_ShouldThrow" computerName="DKSR-EFI-04" startTime="2023-12-22T09:32:44.4591440+01:00" endTime="2023-12-22T09:32:44.4591440+01:00" testType="13cdc9d9-ddb5-4fa4-a97d-d965ccfc6d4b" outcome="NotExecuted" testListId="8c84fa94-04c1-424b-9868-57a2d4851a1d" relativeResultsDirectory="e4deb944-8f36-4f40-b8f1-a50f3e8ee04d">
      <Output></Output>
    </UnitTestResult>
    <UnitTestResult executionId="0652c719-3577-4531-9bae-606c109c0088" testId="37cca059-17dd-1ce4-7f7a-261dd96b9c03" testName="HasValidScheme_UriIsNntp_ReturnsTrue" computerName="DKSR-EFI-04" duration="00:00:00.0001767" startTime="2023-12-22T09:32:47.2872843+01:00" endTime="2023-12-22T09:32:47.2872843+01:00" testType="13cdc9d9-ddb5-4fa4-a97d-d965ccfc6d4b" outcome="Passed" testListId="8c84fa94-04c1-424b-9868-57a2d4851a1d" relativeResultsDirectory="0652c719-3577-4531-9bae-606c109c0088" />
    <UnitTestResult executionId="458d6016-e57f-4e03-b43c-da472ad00a4b" testId="df98ebf9-08c0-e892-4032-ff03288ed21d" testName="ValidateToken_RefreshIntervalReached_NewConfigRetrieved" computerName="DKSR-EFI-04" duration="00:00:00.1103625" startTime="2023-12-22T09:32:42.1935094+01:00" endTime="2023-12-22T09:32:42.3028851+01:00" testType="13cdc9d9-ddb5-4fa4-a97d-d965ccfc6d4b" outcome="Passed" testListId="8c84fa94-04c1-424b-9868-57a2d4851a1d" relativeResultsDirectory="458d6016-e57f-4e03-b43c-da472ad00a4b" />
    <UnitTestResult executionId="3169ea40-c201-418f-b881-88047372de26" testId="05f6a519-6922-0d88-29ab-58670334a8c0" testName="BasicOpenAuthenticationHeaderValue_Constructor_EmptyUserName" computerName="DKSR-EFI-04" duration="00:00:00.0002945" startTime="2023-12-22T09:32:42.7091378+01:00" endTime="2023-12-22T09:32:42.7091378+01:00" testType="13cdc9d9-ddb5-4fa4-a97d-d965ccfc6d4b" outcome="Passed" testListId="8c84fa94-04c1-424b-9868-57a2d4851a1d" relativeResultsDirectory="3169ea40-c201-418f-b881-88047372de26" />
    <UnitTestResult executionId="93cd4af3-0a5a-4e0d-85ea-a7b4d9897952" testId="a9b2f3e1-2fa9-2844-278a-1ff95a3cd450" testName="SendRequest_ResponseHasBadStatusCode_ThrowIdpException (UnsupportedMediaType)" computerName="DKSR-EFI-04" duration="00:00:00.0007026" startTime="2023-12-22T09:32:43.9903936+01:00" endTime="2023-12-22T09:32:43.9903936+01:00" testType="13cdc9d9-ddb5-4fa4-a97d-d965ccfc6d4b" outcome="Passed" testListId="8c84fa94-04c1-424b-9868-57a2d4851a1d" relativeResultsDirectory="93cd4af3-0a5a-4e0d-85ea-a7b4d9897952" />
    <UnitTestResult executionId="96f4ec23-16ad-4cf4-afe9-47c9dcd61bf0" testId="fcaeabd6-201c-a809-f13b-51e8e57f8ab1" testName="ValidateIdpServer_InvalidSslConfiguration_ShouldThrow" computerName="DKSR-EFI-04" startTime="2023-12-22T09:32:44.4591440+01:00" endTime="2023-12-22T09:32:44.4591440+01:00" testType="13cdc9d9-ddb5-4fa4-a97d-d965ccfc6d4b" outcome="NotExecuted" testListId="8c84fa94-04c1-424b-9868-57a2d4851a1d" relativeResultsDirectory="96f4ec23-16ad-4cf4-afe9-47c9dcd61bf0">
      <Output></Output>
    </UnitTestResult>
    <UnitTestResult executionId="ab55e772-9444-4f3d-b9af-fc45825f653d" testId="ee4023a9-7ef5-de07-c4fc-93e795d5baa7" testName="SendRequest_ResponseHasStatusCodeAndCustomIdpError_ThrowCorrectIdpException (400,PasswordMismatch,VideoOS.IdentityServer.Common.Exceptions.DefaultErrorException)" computerName="DKSR-EFI-04" duration="00:00:00.0008032" startTime="2023-12-22T09:32:44.0216434+01:00" endTime="2023-12-22T09:32:44.0528929+01:00" testType="13cdc9d9-ddb5-4fa4-a97d-d965ccfc6d4b" outcome="Passed" testListId="8c84fa94-04c1-424b-9868-57a2d4851a1d" relativeResultsDirectory="ab55e772-9444-4f3d-b9af-fc45825f653d" />
    <UnitTestResult executionId="50576c7d-3b07-4175-ba7d-eedc0a402c74" testId="6527d399-3c52-8422-d90f-6c83c08b6874" testName="CreateException_OtherError_Throws_DefaultErrorException" computerName="DKSR-EFI-04" duration="00:00:00.0002179" startTime="2023-12-22T09:32:48.6310377+01:00" endTime="2023-12-22T09:32:48.6310377+01:00" testType="13cdc9d9-ddb5-4fa4-a97d-d965ccfc6d4b" outcome="Passed" testListId="8c84fa94-04c1-424b-9868-57a2d4851a1d" relativeResultsDirectory="50576c7d-3b07-4175-ba7d-eedc0a402c74" />
    <UnitTestResult executionId="a07700e1-545f-434a-816c-bb806df65f0c" testId="0956a829-49d6-d659-dada-e609c64ef2a6" testName="GetLogin_ParameterIsNull_ThrowArgumentException (,,abc)" computerName="DKSR-EFI-04" duration="00:00:00.0024689" startTime="2023-12-22T09:32:47.5216593+01:00" endTime="2023-12-22T09:32:47.5216593+01:00" testType="13cdc9d9-ddb5-4fa4-a97d-d965ccfc6d4b" outcome="Passed" testListId="8c84fa94-04c1-424b-9868-57a2d4851a1d" relativeResultsDirectory="a07700e1-545f-434a-816c-bb806df65f0c" />
    <UnitTestResult executionId="09125aad-e67c-472b-b4cd-c1e64e96bf64" testId="359096ac-1baa-97a0-9aac-14ec7cffbe5a" testName="CreateTrustedIssuer_AccessTokenIsNull_ThrowArgumentException" computerName="DKSR-EFI-04" duration="00:00:00.0019643" startTime="2023-12-22T09:32:47.7560358+01:00" endTime="2023-12-22T09:32:47.7560358+01:00" testType="13cdc9d9-ddb5-4fa4-a97d-d965ccfc6d4b" outcome="Passed" testListId="8c84fa94-04c1-424b-9868-57a2d4851a1d" relativeResultsDirectory="09125aad-e67c-472b-b4cd-c1e64e96bf64" />
    <UnitTestResult executionId="936739d1-5854-40fd-9016-54ab0c330867" testId="5ab64c0d-21f1-9b5d-4478-84b27fa34b5c" testName="ValidateIdpServer_SimulateValidResponseFromOAuthServer_WithNonStandardPortAndHttpScheme_WithInvalidCertificate" computerName="DKSR-EFI-04" duration="00:00:00.1975350" startTime="2023-12-22T09:32:45.5685266+01:00" endTime="2023-12-22T09:32:45.7560252+01:00" testType="13cdc9d9-ddb5-4fa4-a97d-d965ccfc6d4b" outcome="Passed" testListId="8c84fa94-04c1-424b-9868-57a2d4851a1d" relativeResultsDirectory="936739d1-5854-40fd-9016-54ab0c330867" />
    <UnitTestResult executionId="f93a7809-45b7-4be2-83a5-e44ab40368e6" testId="1b8c86ad-d6be-1e33-af55-74534338a533" testName="BeforeSendRequest_ThrowsHttpRequestExceptionWithWebException_ThrowsCommunicationException (CacheEntryNotFound)" computerName="DKSR-EFI-04" duration="00:00:00.0001657" startTime="2023-12-22T09:32:48.0685351+01:00" endTime="2023-12-22T09:32:48.0685351+01:00" testType="13cdc9d9-ddb5-4fa4-a97d-d965ccfc6d4b" outcome="Passed" testListId="8c84fa94-04c1-424b-9868-57a2d4851a1d" relativeResultsDirectory="f93a7809-45b7-4be2-83a5-e44ab40368e6" />
    <UnitTestResult executionId="c45c25dd-3223-4b79-b0ca-64cdc345532c" testId="05652edd-928f-dd7d-e6ce-82417f010b21" testName="ValidateToken_TokenValidationParametersIsNull_ThrowArgumentNullException" computerName="DKSR-EFI-04" duration="00:00:00.0004228" startTime="2023-12-22T09:32:40.7872513+01:00" endTime="2023-12-22T09:32:40.7872513+01:00" testType="13cdc9d9-ddb5-4fa4-a97d-d965ccfc6d4b" outcome="Passed" testListId="8c84fa94-04c1-424b-9868-57a2d4851a1d" relativeResultsDirectory="c45c25dd-3223-4b79-b0ca-64cdc345532c" />
    <UnitTestResult executionId="95f1fb5d-e44c-4aa4-884b-c72608d42e6f" testId="c010b35c-ca77-152c-97b9-c2d3f6ea7d7d" testName="CreateTrustedIssuer_ResponseHasSuccessfulStatusCode_CorrectRequestUriIsPassed" computerName="DKSR-EFI-04" duration="00:00:00.0095668" startTime="2023-12-22T09:32:47.7560358+01:00" endTime="2023-12-22T09:32:47.7716625+01:00" testType="13cdc9d9-ddb5-4fa4-a97d-d965ccfc6d4b" outcome="Passed" testListId="8c84fa94-04c1-424b-9868-57a2d4851a1d" relativeResultsDirectory="95f1fb5d-e44c-4aa4-884b-c72608d42e6f" />
    <UnitTestResult executionId="e6abf14e-9169-4d68-b131-54e36a5aab83" testId="a6c86e7f-3cba-5a70-e72e-8210186f640d" testName="HttpGetResult_Constructor_Success" computerName="DKSR-EFI-04" duration="00:00:00.0030172" startTime="2023-12-22T09:32:47.2247837+01:00" endTime="2023-12-22T09:32:47.2247837+01:00" testType="13cdc9d9-ddb5-4fa4-a97d-d965ccfc6d4b" outcome="Passed" testListId="8c84fa94-04c1-424b-9868-57a2d4851a1d" relativeResultsDirectory="e6abf14e-9169-4d68-b131-54e36a5aab83" />
    <UnitTestResult executionId="87966e62-71d3-44bc-8fcd-b55d823cedad" testId="ee4023a9-7ef5-de07-c4fc-93e795d5baa7" testName="SendRequest_ResponseHasStatusCodeAndCustomIdpError_ThrowCorrectIdpException (400,DefaultError,VideoOS.IdentityServer.Common.Exceptions.DefaultErrorException)" computerName="DKSR-EFI-04" duration="00:00:00.0009886" startTime="2023-12-22T09:32:44.0216434+01:00" endTime="2023-12-22T09:32:44.0528929+01:00" testType="13cdc9d9-ddb5-4fa4-a97d-d965ccfc6d4b" outcome="Passed" testListId="8c84fa94-04c1-424b-9868-57a2d4851a1d" relativeResultsDirectory="87966e62-71d3-44bc-8fcd-b55d823cedad" />
    <UnitTestResult executionId="36766f0b-45dc-4aa3-9863-447e6137bcdb" testId="355371bd-45fe-c229-5034-898ad04eb1dc" testName="GetTokenResponseAsync_HttpStatusIsNotOk_IdpExceptionIsThrown (VideoOS.IdentityServer.Common.Exceptions.InternalServerErrorException,InternalServerError)" computerName="DKSR-EFI-04" duration="00:00:00.0014133" startTime="2023-12-22T09:32:40.5216249+01:00" endTime="2023-12-22T09:32:40.5997503+01:00" testType="13cdc9d9-ddb5-4fa4-a97d-d965ccfc6d4b" outcome="Passed" testListId="8c84fa94-04c1-424b-9868-57a2d4851a1d" relativeResultsDirectory="36766f0b-45dc-4aa3-9863-447e6137bcdb" />
    <UnitTestResult executionId="de16124c-ccce-4613-8fe5-f0d14b0bd4a9" testId="e9885d89-bc72-7366-67b0-3a6b90c9fc06" testName="SendRequest_ResponseHasBadStatusCode_ThrowIdpException (BadRequest)" computerName="DKSR-EFI-04" duration="00:00:00.0064960" startTime="2023-12-22T09:32:43.8028924+01:00" endTime="2023-12-22T09:32:43.9435174+01:00" testType="13cdc9d9-ddb5-4fa4-a97d-d965ccfc6d4b" outcome="Passed" testListId="8c84fa94-04c1-424b-9868-57a2d4851a1d" relativeResultsDirectory="de16124c-ccce-4613-8fe5-f0d14b0bd4a9" />
    <UnitTestResult executionId="fe4ec9e5-0f8c-454c-a657-6b31209da810" testId="ee4023a9-7ef5-de07-c4fc-93e795d5baa7" testName="SendRequest_ResponseHasStatusCodeAndCustomIdpError_ThrowCorrectIdpException (400,RecoveryCodeRedemptionFailed,VideoOS.IdentityServer.Common.Exceptions.DefaultErrorException)" computerName="DKSR-EFI-04" duration="00:00:00.0007914" startTime="2023-12-22T09:32:44.0216434+01:00" endTime="2023-12-22T09:32:44.0528929+01:00" testType="13cdc9d9-ddb5-4fa4-a97d-d965ccfc6d4b" outcome="Passed" testListId="8c84fa94-04c1-424b-9868-57a2d4851a1d" relativeResultsDirectory="fe4ec9e5-0f8c-454c-a657-6b31209da810" />
    <UnitTestResult executionId="deb358a8-c36e-40a2-b383-ad19ef76f046" testId="0f53cf01-7625-abe4-40b4-7756723d3b2e" testName="ValidateIdpServer_SimulateValidResponseFromOAuthServer_SecureCheckOnly_ReturnsHttpsSecureConnection" computerName="DKSR-EFI-04" duration="00:00:00.1754235" startTime="2023-12-22T09:32:46.2560288+01:00" endTime="2023-12-22T09:32:46.4279041+01:00" testType="13cdc9d9-ddb5-4fa4-a97d-d965ccfc6d4b" outcome="Passed" testListId="8c84fa94-04c1-424b-9868-57a2d4851a1d" relativeResultsDirectory="deb358a8-c36e-40a2-b383-ad19ef76f046" />
    <UnitTestResult executionId="b78d7a2c-9767-429d-a6e9-1ad0ebb33d3b" testId="0c73a1ad-6206-0874-edea-ce6d1ddf48e7" testName="Start_TimeToTokenExpireOver5min_ReturnsCachedToken" computerName="DKSR-EFI-04" duration="00:00:00.0024986" startTime="2023-12-22T09:32:48.5685383+01:00" endTime="2023-12-22T09:32:48.5685383+01:00" testType="13cdc9d9-ddb5-4fa4-a97d-d965ccfc6d4b" outcome="Passed" testListId="8c84fa94-04c1-424b-9868-57a2d4851a1d" relativeResultsDirectory="b78d7a2c-9767-429d-a6e9-1ad0ebb33d3b" />
    <UnitTestResult executionId="9c641659-8803-4beb-9820-d3102c329886" testId="003ec38a-6be6-40fe-fb76-841c13807019" testName="ValidateIdpServer_SimulateValidResponseFromOAuthServer_WithValidCertificate_UsingFtpScheme_Success" computerName="DKSR-EFI-04" duration="00:00:00.0019222" startTime="2023-12-22T09:32:46.9279072+01:00" endTime="2023-12-22T09:32:46.9279072+01:00" testType="13cdc9d9-ddb5-4fa4-a97d-d965ccfc6d4b" outcome="Passed" testListId="8c84fa94-04c1-424b-9868-57a2d4851a1d" relativeResultsDirectory="9c641659-8803-4beb-9820-d3102c329886" />
    <UnitTestResult executionId="b6579f9e-7113-4320-a40e-7c66a6c181c5" testId="d084f15f-2ff5-b9de-3bb3-de877630baf6" testName="GetUsersAfterModifiedDate_UnixTimeIsNegative_ThrowsArgumentOutOfRangeException" computerName="DKSR-EFI-04" duration="00:00:00.0010297" startTime="2023-12-22T09:32:47.6779107+01:00" endTime="2023-12-22T09:32:47.6779107+01:00" testType="13cdc9d9-ddb5-4fa4-a97d-d965ccfc6d4b" outcome="Passed" testListId="8c84fa94-04c1-424b-9868-57a2d4851a1d" relativeResultsDirectory="b6579f9e-7113-4320-a40e-7c66a6c181c5" />
    <UnitTestResult executionId="b9b805c6-1478-4188-929f-f4bf3557b556" testId="e7af6fc8-165d-9f9b-7acd-68ce9f4566a5" testName="UpdateUser_IdIsNull_ThrowArgumentException" computerName="DKSR-EFI-04" duration="00:00:00.0010293" startTime="2023-12-22T09:32:47.3654088+01:00" endTime="2023-12-22T09:32:47.3654088+01:00" testType="13cdc9d9-ddb5-4fa4-a97d-d965ccfc6d4b" outcome="Passed" testListId="8c84fa94-04c1-424b-9868-57a2d4851a1d" relativeResultsDirectory="b9b805c6-1478-4188-929f-f4bf3557b556" />
    <UnitTestResult executionId="e7410460-95e4-4b0f-881e-67bac05de334" testId="3c121194-5cce-c4ca-1fab-08ec04d15250" testName="CreateException_404_Is_NotFoundException" computerName="DKSR-EFI-04" duration="00:00:00.0001501" startTime="2023-12-22T09:32:48.6466630+01:00" endTime="2023-12-22T09:32:48.6466630+01:00" testType="13cdc9d9-ddb5-4fa4-a97d-d965ccfc6d4b" outcome="Passed" testListId="8c84fa94-04c1-424b-9868-57a2d4851a1d" relativeResultsDirectory="e7410460-95e4-4b0f-881e-67bac05de334" />
    <UnitTestResult executionId="213346e9-e33c-465b-882c-1753a3a3e6a5" testId="64ce3878-ca47-8b99-d700-14791eaa9c40" testName="GetEventLogs_AccessTokenNull_ThrowsArgumentNullException" computerName="DKSR-EFI-04" duration="00:00:00.0010670" startTime="2023-12-22T09:32:47.6622842+01:00" endTime="2023-12-22T09:32:47.6622842+01:00" testType="13cdc9d9-ddb5-4fa4-a97d-d965ccfc6d4b" outcome="Passed" testListId="8c84fa94-04c1-424b-9868-57a2d4851a1d" relativeResultsDirectory="213346e9-e33c-465b-882c-1753a3a3e6a5" />
    <UnitTestResult executionId="b8afdb74-fef1-4c68-8054-b06c8e07d23a" testId="5b17c964-8de5-81fb-e7e8-0037826de418" testName="ValidateIdpServer_SimulateValidResponseFromOAuthServer_WithValidCertificate_UnsecureIdpNotAvailable" computerName="DKSR-EFI-04" duration="00:00:00.0018884" startTime="2023-12-22T09:32:44.6153970+01:00" endTime="2023-12-22T09:32:44.6153970+01:00" testType="13cdc9d9-ddb5-4fa4-a97d-d965ccfc6d4b" outcome="Passed" testListId="8c84fa94-04c1-424b-9868-57a2d4851a1d" relativeResultsDirectory="b8afdb74-fef1-4c68-8054-b06c8e07d23a" />
    <UnitTestResult executionId="ccee4be9-9d50-4208-a55d-83620e09126a" testId="4df62476-7918-8981-230a-1c8bcba97842" testName="UserAndDomainName_ThrowsNotSupportedException" computerName="DKSR-EFI-04" duration="00:00:00.0019221" startTime="2023-12-22T09:32:48.6154115+01:00" endTime="2023-12-22T09:32:48.6310377+01:00" testType="13cdc9d9-ddb5-4fa4-a97d-d965ccfc6d4b" outcome="Passed" testListId="8c84fa94-04c1-424b-9868-57a2d4851a1d" relativeResultsDirectory="ccee4be9-9d50-4208-a55d-83620e09126a" />
    <UnitTestResult executionId="20b8aa80-b82b-475d-aafb-d4968e65148b" testId="7f76177b-4d84-642e-9bcb-00aa4c931e13" testName="CreateAdmin_AccessTokenIsNull_ThrowArgumentException" computerName="DKSR-EFI-04" duration="00:00:00.0014520" startTime="2023-12-22T09:32:47.5685358+01:00" endTime="2023-12-22T09:32:47.5841591+01:00" testType="13cdc9d9-ddb5-4fa4-a97d-d965ccfc6d4b" outcome="Passed" testListId="8c84fa94-04c1-424b-9868-57a2d4851a1d" relativeResultsDirectory="20b8aa80-b82b-475d-aafb-d4968e65148b" />
    <UnitTestResult executionId="16ed98bc-50bf-4679-804c-53a0d32bfcfe" testId="a01ac9ad-250e-dc3d-a656-c7b6a9fad9c5" testName="HasValidScheme_UriIsHostName_ReturnsFalse" computerName="DKSR-EFI-04" duration="00:00:00.0001593" startTime="2023-12-22T09:32:47.2716599+01:00" endTime="2023-12-22T09:32:47.2716599+01:00" testType="13cdc9d9-ddb5-4fa4-a97d-d965ccfc6d4b" outcome="Passed" testListId="8c84fa94-04c1-424b-9868-57a2d4851a1d" relativeResultsDirectory="16ed98bc-50bf-4679-804c-53a0d32bfcfe" />
    <UnitTestResult executionId="f6437eda-ddb1-445e-8ccb-353cc7c9476d" testId="2f8b9abc-1c8d-726a-bc19-fbcf045e42b5" testName="Ctor_AddressIsNull_ThrowsArgumentNullException" computerName="DKSR-EFI-04" duration="00:00:00.0004606" startTime="2023-12-22T09:32:42.3185101+01:00" endTime="2023-12-22T09:32:42.3185101+01:00" testType="13cdc9d9-ddb5-4fa4-a97d-d965ccfc6d4b" outcome="Passed" testListId="8c84fa94-04c1-424b-9868-57a2d4851a1d" relativeResultsDirectory="f6437eda-ddb1-445e-8ccb-353cc7c9476d" />
    <UnitTestResult executionId="746a7b6b-aeeb-41c2-8f79-1672448f1d7c" testId="c9653e4a-f0fc-ded6-13b1-2d7721cd5788" testName="CreateUser_AccessTokenIsNull_ThrowArgumentException" computerName="DKSR-EFI-04" duration="00:00:00.0014712" startTime="2023-12-22T09:32:47.3497821+01:00" endTime="2023-12-22T09:32:47.3497821+01:00" testType="13cdc9d9-ddb5-4fa4-a97d-d965ccfc6d4b" outcome="Passed" testListId="8c84fa94-04c1-424b-9868-57a2d4851a1d" relativeResultsDirectory="746a7b6b-aeeb-41c2-8f79-1672448f1d7c" />
    <UnitTestResult executionId="05e8dde3-9062-47bc-9f88-e5ca43a857fd" testId="388c5c74-720e-564b-d683-490d356af3fe" testName="DeleteLogin_ResponseHasSuccessfulStatusCode_CorrectRequestUriIsPassed" computerName="DKSR-EFI-04" duration="00:00:00.0088468" startTime="2023-12-22T09:32:47.5685358+01:00" endTime="2023-12-22T09:32:47.5685358+01:00" testType="13cdc9d9-ddb5-4fa4-a97d-d965ccfc6d4b" outcome="Passed" testListId="8c84fa94-04c1-424b-9868-57a2d4851a1d" relativeResultsDirectory="05e8dde3-9062-47bc-9f88-e5ca43a857fd" />
    <UnitTestResult executionId="ee23ba28-4614-4570-b415-b28d9d940591" testId="eef3d4d9-ae71-3c95-4f3b-3059412b7fd3" testName="SendRequest_ResponseHasBadStatusCode_ThrowIdpException (RequestTimeout)" computerName="DKSR-EFI-04" duration="00:00:00.0008396" startTime="2023-12-22T09:32:43.9591432+01:00" endTime="2023-12-22T09:32:43.9747680+01:00" testType="13cdc9d9-ddb5-4fa4-a97d-d965ccfc6d4b" outcome="Passed" testListId="8c84fa94-04c1-424b-9868-57a2d4851a1d" relativeResultsDirectory="ee23ba28-4614-4570-b415-b28d9d940591" />
    <UnitTestResult executionId="6571e520-2029-41e3-a4a7-c499f5a83cb0" testId="0316908d-df3c-838f-613a-29a95694fc11" testName="SendRequest_ResponseHasBadStatusCode_ThrowIdpException (Gone)" computerName="DKSR-EFI-04" duration="00:00:00.0007847" startTime="2023-12-22T09:32:43.9747680+01:00" endTime="2023-12-22T09:32:43.9747680+01:00" testType="13cdc9d9-ddb5-4fa4-a97d-d965ccfc6d4b" outcome="Passed" testListId="8c84fa94-04c1-424b-9868-57a2d4851a1d" relativeResultsDirectory="6571e520-2029-41e3-a4a7-c499f5a83cb0" />
    <UnitTestResult executionId="028f1ef5-04e8-40a2-9fb3-687c6d28ad90" testId="4574fcc8-85dd-4c47-5c3d-12a2d873463b" testName="BeforeSendRequest_ThrowsHttpRequestExceptionWithoutWebException_ThrowsCommunicationException" computerName="DKSR-EFI-04" duration="00:00:00.0010166" startTime="2023-12-22T09:32:48.0685351+01:00" endTime="2023-12-22T09:32:48.0685351+01:00" testType="13cdc9d9-ddb5-4fa4-a97d-d965ccfc6d4b" outcome="Passed" testListId="8c84fa94-04c1-424b-9868-57a2d4851a1d" relativeResultsDirectory="028f1ef5-04e8-40a2-9fb3-687c6d28ad90" />
    <UnitTestResult executionId="f610aaeb-8dc3-4ff8-8d63-7d87b41831db" testId="d8254cb2-99a9-5fa4-0212-2ded41c41bd0" testName="Construct_InvalidParam_ClientId_EmptyString_Throws_ArgumentNullException" computerName="DKSR-EFI-04" duration="00:00:00.0005132" startTime="2023-12-22T09:32:48.5216650+01:00" endTime="2023-12-22T09:32:48.5216650+01:00" testType="13cdc9d9-ddb5-4fa4-a97d-d965ccfc6d4b" outcome="Passed" testListId="8c84fa94-04c1-424b-9868-57a2d4851a1d" relativeResultsDirectory="f610aaeb-8dc3-4ff8-8d63-7d87b41831db" />
    <UnitTestResult executionId="05f9d065-621c-4737-be0a-60d31e0de409" testId="7769836f-b1cd-5510-88a4-b46be0e10342" testName="Construct_ValidateDefaultTimeoutSentToSslVerification_Success" computerName="DKSR-EFI-04" duration="00:00:00.0017471" startTime="2023-12-22T09:32:44.4747700+01:00" endTime="2023-12-22T09:32:44.4747700+01:00" testType="13cdc9d9-ddb5-4fa4-a97d-d965ccfc6d4b" outcome="Passed" testListId="8c84fa94-04c1-424b-9868-57a2d4851a1d" relativeResultsDirectory="05f9d065-621c-4737-be0a-60d31e0de409" />
    <UnitTestResult executionId="409a63fe-dab3-407a-aa5f-a5236cc6b407" testId="29f233fd-b25c-9cd4-e1b6-f9fc4d6c9b1b" testName="BeforeSendRequest_ThrowsHttpRequestExceptionWithWebException_ThrowsCommunicationException (PipelineFailure)" computerName="DKSR-EFI-04" duration="00:00:00.0001974" startTime="2023-12-22T09:32:48.0216613+01:00" endTime="2023-12-22T09:32:48.0216613+01:00" testType="13cdc9d9-ddb5-4fa4-a97d-d965ccfc6d4b" outcome="Passed" testListId="8c84fa94-04c1-424b-9868-57a2d4851a1d" relativeResultsDirectory="409a63fe-dab3-407a-aa5f-a5236cc6b407" />
    <UnitTestResult executionId="bdc8e45f-57e6-4c7c-bf0a-49778a3c16e3" testId="9d9108bd-86db-659c-91d4-935425fa020c" testName="SendRequest_ResponseHasStatusCodeAndErrorCode_ThrowCorrectIdpException (400,DefaultError,VideoOS.IdentityServer.Common.Exceptions.DefaultErrorException)" computerName="DKSR-EFI-04" duration="00:00:00.0008429" startTime="2023-12-22T09:32:44.0528929+01:00" endTime="2023-12-22T09:32:44.0685190+01:00" testType="13cdc9d9-ddb5-4fa4-a97d-d965ccfc6d4b" outcome="Passed" testListId="8c84fa94-04c1-424b-9868-57a2d4851a1d" relativeResultsDirectory="bdc8e45f-57e6-4c7c-bf0a-49778a3c16e3" />
    <UnitTestResult executionId="6da4fdf3-395a-49a5-b080-32ae554b1bb5" testId="26714a1a-41f7-451e-82b0-891505fd3754" testName="CreateException_LockedOut_Is_LockedOutException" computerName="DKSR-EFI-04" duration="00:00:00.0001616" startTime="2023-12-22T09:32:48.6466630+01:00" endTime="2023-12-22T09:32:48.6466630+01:00" testType="13cdc9d9-ddb5-4fa4-a97d-d965ccfc6d4b" outcome="Passed" testListId="8c84fa94-04c1-424b-9868-57a2d4851a1d" relativeResultsDirectory="6da4fdf3-395a-49a5-b080-32ae554b1bb5" />
    <UnitTestResult executionId="7554d2fa-617f-436c-91cf-c1d6da256e9b" testId="ac435e0a-e1c6-7616-0ac5-820a47d8c989" testName="GetUsers_ParameterIsNull_ThrowArgumentException" computerName="DKSR-EFI-04" duration="00:00:00.0013780" startTime="2023-12-22T09:32:47.3341579+01:00" endTime="2023-12-22T09:32:47.3341579+01:00" testType="13cdc9d9-ddb5-4fa4-a97d-d965ccfc6d4b" outcome="Passed" testListId="8c84fa94-04c1-424b-9868-57a2d4851a1d" relativeResultsDirectory="7554d2fa-617f-436c-91cf-c1d6da256e9b" />
    <UnitTestResult executionId="d09e87cc-f162-448c-b6b1-44a8e6bc4e43" testId="1155d7e4-ae1c-c9f6-e196-ad7112467825" testName="SendRequest_ResponseHasBadStatusCode_ThrowIdpException (RequestEntityTooLarge)" computerName="DKSR-EFI-04" duration="00:00:00.0007907" startTime="2023-12-22T09:32:43.9903936+01:00" endTime="2023-12-22T09:32:43.9903936+01:00" testType="13cdc9d9-ddb5-4fa4-a97d-d965ccfc6d4b" outcome="Passed" testListId="8c84fa94-04c1-424b-9868-57a2d4851a1d" relativeResultsDirectory="d09e87cc-f162-448c-b6b1-44a8e6bc4e43" />
    <UnitTestResult executionId="057f1a1a-c2e3-44b1-a915-d72ed79a4c68" testId="742536c7-d443-5e0f-b608-8b298fe05c9f" testName="SendRequest_ResponseHasStatusCode404AndNoErrorResponse_ThrowNotFoundException" computerName="DKSR-EFI-04" duration="00:00:00.0037177" startTime="2023-12-22T09:32:44.0841437+01:00" endTime="2023-12-22T09:32:44.0841437+01:00" testType="13cdc9d9-ddb5-4fa4-a97d-d965ccfc6d4b" outcome="Passed" testListId="8c84fa94-04c1-424b-9868-57a2d4851a1d" relativeResultsDirectory="057f1a1a-c2e3-44b1-a915-d72ed79a4c68" />
    <UnitTestResult executionId="0cc0ad91-5b2b-457c-bac5-14574634cc54" testId="ee4023a9-7ef5-de07-c4fc-93e795d5baa7" testName="SendRequest_ResponseHasStatusCodeAndCustomIdpError_ThrowCorrectIdpException (400,ConcurrencyFailure,VideoOS.IdentityServer.Common.Exceptions.DefaultErrorException)" computerName="DKSR-EFI-04" duration="00:00:00.0008093" startTime="2023-12-22T09:32:44.0216434+01:00" endTime="2023-12-22T09:32:44.0528929+01:00" testType="13cdc9d9-ddb5-4fa4-a97d-d965ccfc6d4b" outcome="Passed" testListId="8c84fa94-04c1-424b-9868-57a2d4851a1d" relativeResultsDirectory="0cc0ad91-5b2b-457c-bac5-14574634cc54" />
    <UnitTestResult executionId="a61e7669-5a6e-428c-bd28-78465b6d22ea" testId="7102ede2-c297-16f6-bd79-a261e9a0ab55" testName="ValidateFasterIdpServerOnBothSchemas_WorkingHttpAddressAndCancellationRequest_ShouldCancelAndReturnEmptyResult" computerName="DKSR-EFI-04" startTime="2023-12-22T09:32:44.4747700+01:00" endTime="2023-12-22T09:32:44.4747700+01:00" testType="13cdc9d9-ddb5-4fa4-a97d-d965ccfc6d4b" outcome="NotExecuted" testListId="8c84fa94-04c1-424b-9868-57a2d4851a1d" relativeResultsDirectory="a61e7669-5a6e-428c-bd28-78465b6d22ea">
      <Output></Output>
    </UnitTestResult>
    <UnitTestResult executionId="ba3e1fbb-7b5c-4bde-9c2a-b8aa087fc82a" testId="0c88b540-cd14-9945-dfea-9607412205d7" testName="ClientCredentialsAuthenticationAsync_SecretIsNull_ThrowArgumentException" computerName="DKSR-EFI-04" duration="00:00:00.0013617" startTime="2023-12-22T09:32:44.3966429+01:00" endTime="2023-12-22T09:32:44.3966429+01:00" testType="13cdc9d9-ddb5-4fa4-a97d-d965ccfc6d4b" outcome="Passed" testListId="8c84fa94-04c1-424b-9868-57a2d4851a1d" relativeResultsDirectory="ba3e1fbb-7b5c-4bde-9c2a-b8aa087fc82a" />
    <UnitTestResult executionId="e698ea82-9b68-4c76-997c-f2504c2d1849" testId="bf546bdc-4b09-7c78-8e68-7999cc725390" testName="CreateException_403_Is_ForbiddenException" computerName="DKSR-EFI-04" duration="00:00:00.0001583" startTime="2023-12-22T09:32:48.6310377+01:00" endTime="2023-12-22T09:32:48.6310377+01:00" testType="13cdc9d9-ddb5-4fa4-a97d-d965ccfc6d4b" outcome="Passed" testListId="8c84fa94-04c1-424b-9868-57a2d4851a1d" relativeResultsDirectory="e698ea82-9b68-4c76-997c-f2504c2d1849" />
    <UnitTestResult executionId="69fe93c2-cb24-4b99-9927-b74a581265fc" testId="5304b9a1-8d75-0736-1781-57659e307ca7" testName="IsTokenExpired_RefreshTokenIsNotCalled_ReturnFalse" computerName="DKSR-EFI-04" duration="00:00:00.0008328" startTime="2023-12-22T09:32:48.5841637+01:00" endTime="2023-12-22T09:32:48.5841637+01:00" testType="13cdc9d9-ddb5-4fa4-a97d-d965ccfc6d4b" outcome="Passed" testListId="8c84fa94-04c1-424b-9868-57a2d4851a1d" relativeResultsDirectory="69fe93c2-cb24-4b99-9927-b74a581265fc" />
    <UnitTestResult executionId="28bdd4ec-39de-4c7e-b1c0-ba1d8c0a4c27" testId="3622d494-d4b2-e857-f033-1b05e4e716ef" testName="CheckAccess_PrincipalHasWrongScopeClaim_ReturnsFalse (wrongscope)" computerName="DKSR-EFI-04" duration="00:00:00.0040329" startTime="2023-12-22T09:32:48.3185364+01:00" endTime="2023-12-22T09:32:48.3185364+01:00" testType="13cdc9d9-ddb5-4fa4-a97d-d965ccfc6d4b" outcome="Passed" testListId="8c84fa94-04c1-424b-9868-57a2d4851a1d" relativeResultsDirectory="28bdd4ec-39de-4c7e-b1c0-ba1d8c0a4c27" />
    <UnitTestResult executionId="4955135d-c52f-4794-ba42-1b0049832196" testId="c46d157a-ee92-777a-ec56-c2afd9b36a47" testName="ValidateIdpServer_SimulateValidResponseFromOAuthServer_WithValidCertificate" computerName="DKSR-EFI-04" duration="00:00:00.0092254" startTime="2023-12-22T09:32:44.5841481+01:00" endTime="2023-12-22T09:32:44.5997721+01:00" testType="13cdc9d9-ddb5-4fa4-a97d-d965ccfc6d4b" outcome="Passed" testListId="8c84fa94-04c1-424b-9868-57a2d4851a1d" relativeResultsDirectory="4955135d-c52f-4794-ba42-1b0049832196" />
    <UnitTestResult executionId="1c54b79a-44f1-417c-b59c-221854457fb2" testId="d5efb860-28fa-be3f-9f7b-507708f7d20d" testName="ValidateIdpServer_SimulateValidResponseFromPreOAuthServer_WithInvalidCertificate" computerName="DKSR-EFI-04" duration="00:00:00.0019240" startTime="2023-12-22T09:32:44.5841481+01:00" endTime="2023-12-22T09:32:44.5841481+01:00" testType="13cdc9d9-ddb5-4fa4-a97d-d965ccfc6d4b" outcome="Passed" testListId="8c84fa94-04c1-424b-9868-57a2d4851a1d" relativeResultsDirectory="1c54b79a-44f1-417c-b59c-221854457fb2" />
    <UnitTestResult executionId="59caaa51-327a-4a62-87b0-47a955ffa768" testId="edadc8c2-2e6c-d240-0235-8c3d78f18004" testName="Dispose_IDisposableTokenHandler_Success" computerName="DKSR-EFI-04" duration="00:00:00.0070993" startTime="2023-12-22T09:32:48.5841637+01:00" endTime="2023-12-22T09:32:48.5997892+01:00" testType="13cdc9d9-ddb5-4fa4-a97d-d965ccfc6d4b" outcome="Passed" testListId="8c84fa94-04c1-424b-9868-57a2d4851a1d" relativeResultsDirectory="59caaa51-327a-4a62-87b0-47a955ffa768" />
    <UnitTestResult executionId="cccdae63-d1a4-4c0d-ab2e-4a954571a623" testId="0e660fb6-01c2-ec2d-f816-fac9e4547e68" testName="RefreshToken_TokenIsNotJWT_IdentityServerTokenException" computerName="DKSR-EFI-04" duration="00:00:00.0141126" startTime="2023-12-22T09:32:48.5529136+01:00" endTime="2023-12-22T09:32:48.5685383+01:00" testType="13cdc9d9-ddb5-4fa4-a97d-d965ccfc6d4b" outcome="Passed" testListId="8c84fa94-04c1-424b-9868-57a2d4851a1d" relativeResultsDirectory="cccdae63-d1a4-4c0d-ab2e-4a954571a623" />
    <UnitTestResult executionId="b5b8fbfa-646f-41e1-859b-4710663140ae" testId="3947b69a-c95e-04ea-68de-b5f0fc66e8c1" testName="GetLogin_ParameterIsNull_ThrowArgumentException (,abc,)" computerName="DKSR-EFI-04" duration="00:00:00.0001346" startTime="2023-12-22T09:32:47.5216593+01:00" endTime="2023-12-22T09:32:47.5216593+01:00" testType="13cdc9d9-ddb5-4fa4-a97d-d965ccfc6d4b" outcome="Passed" testListId="8c84fa94-04c1-424b-9868-57a2d4851a1d" relativeResultsDirectory="b5b8fbfa-646f-41e1-859b-4710663140ae" />
    <UnitTestResult executionId="b994de83-dc94-43e5-afac-82eaa02fd6d0" testId="f2d7d06b-9241-871a-61b6-24bd28dbad8b" testName="GetLogin_ParameterIsNull_ThrowArgumentException (abc,,)" computerName="DKSR-EFI-04" duration="00:00:00.0001351" startTime="2023-12-22T09:32:47.5216593+01:00" endTime="2023-12-22T09:32:47.5216593+01:00" testType="13cdc9d9-ddb5-4fa4-a97d-d965ccfc6d4b" outcome="Passed" testListId="8c84fa94-04c1-424b-9868-57a2d4851a1d" relativeResultsDirectory="b994de83-dc94-43e5-afac-82eaa02fd6d0" />
    <UnitTestResult executionId="2c565bcf-b27a-415f-8fc6-bd227fb862fa" testId="faab56b6-f448-562a-00cf-747e8f2205fc" testName="Authenticate_AuthHeaderIsNotPresent_ReturnNull" computerName="DKSR-EFI-04" duration="00:00:00.0141352" startTime="2023-12-22T09:32:48.1779132+01:00" endTime="2023-12-22T09:32:48.1779132+01:00" testType="13cdc9d9-ddb5-4fa4-a97d-d965ccfc6d4b" outcome="Passed" testListId="8c84fa94-04c1-424b-9868-57a2d4851a1d" relativeResultsDirectory="2c565bcf-b27a-415f-8fc6-bd227fb862fa">
      <Output>
        <StdOut>Debug Trace:&#xD;
Expected an authorization header with a Bearer scheme, but header was missing.</StdOut>
      </Output>
    </UnitTestResult>
    <UnitTestResult executionId="e1a5832d-d0a5-47db-8365-24f688a46d7d" testId="ee4023a9-7ef5-de07-c4fc-93e795d5baa7" testName="SendRequest_ResponseHasStatusCodeAndCustomIdpError_ThrowCorrectIdpException (400,DuplicateUserName,VideoOS.IdentityServer.Common.Exceptions.AlreadyExistsException)" computerName="DKSR-EFI-04" duration="00:00:00.0009284" startTime="2023-12-22T09:32:44.0216434+01:00" endTime="2023-12-22T09:32:44.0528929+01:00" testType="13cdc9d9-ddb5-4fa4-a97d-d965ccfc6d4b" outcome="Passed" testListId="8c84fa94-04c1-424b-9868-57a2d4851a1d" relativeResultsDirectory="e1a5832d-d0a5-47db-8365-24f688a46d7d" />
    <UnitTestResult executionId="6b97efa8-34b8-4856-8713-f83ddfcbd40f" testId="f15d1485-b568-93f4-d5a1-108ce37ed532" testName="GetTokenResponseAsync_HttpStatusIsNotOk_IdpExceptionIsThrown (VideoOS.IdentityServer.Common.Exceptions.InternalServerErrorException)" computerName="DKSR-EFI-04" duration="00:00:00.0011867" startTime="2023-12-22T09:32:40.6935023+01:00" endTime="2023-12-22T09:32:40.6935023+01:00" testType="13cdc9d9-ddb5-4fa4-a97d-d965ccfc6d4b" outcome="Passed" testListId="8c84fa94-04c1-424b-9868-57a2d4851a1d" relativeResultsDirectory="6b97efa8-34b8-4856-8713-f83ddfcbd40f" />
    <UnitTestResult executionId="45790c96-03a6-4887-a12f-a757912a5caf" testId="59315ec5-850b-190c-1c3a-c69be3cf286e" testName="GetAsync_SuccessfulResponse_OutstandingCallCanceled" computerName="DKSR-EFI-04" duration="00:00:00.0214537" startTime="2023-12-22T09:32:43.3185149+01:00" endTime="2023-12-22T09:32:43.3497642+01:00" testType="13cdc9d9-ddb5-4fa4-a97d-d965ccfc6d4b" outcome="Passed" testListId="8c84fa94-04c1-424b-9868-57a2d4851a1d" relativeResultsDirectory="45790c96-03a6-4887-a12f-a757912a5caf" />
    <UnitTestResult executionId="87862dea-1168-4e2d-a413-8486abb6723c" testId="6aef1b61-0dc3-b6ce-7dbd-e4e62a370ac5" testName="CreateException_PasswordRequiresUniqueChars_Is_PasswordNotComplexEnoughException" computerName="DKSR-EFI-04" duration="00:00:00.0002282" startTime="2023-12-22T09:32:48.6779126+01:00" endTime="2023-12-22T09:32:48.6779126+01:00" testType="13cdc9d9-ddb5-4fa4-a97d-d965ccfc6d4b" outcome="Passed" testListId="8c84fa94-04c1-424b-9868-57a2d4851a1d" relativeResultsDirectory="87862dea-1168-4e2d-a413-8486abb6723c" />
    <UnitTestResult executionId="a5c0003e-4ac8-4145-b52f-aa10fe518b07" testId="ee4023a9-7ef5-de07-c4fc-93e795d5baa7" testName="SendRequest_ResponseHasStatusCodeAndCustomIdpError_ThrowCorrectIdpException (400,PasswordRequiresNonAlphanumeric,VideoOS.IdentityServer.Common.Exceptions.PasswordNotComplexEnoughException)" computerName="DKSR-EFI-04" duration="00:00:00.0008112" startTime="2023-12-22T09:32:44.0216434+01:00" endTime="2023-12-22T09:32:44.0528929+01:00" testType="13cdc9d9-ddb5-4fa4-a97d-d965ccfc6d4b" outcome="Passed" testListId="8c84fa94-04c1-424b-9868-57a2d4851a1d" relativeResultsDirectory="a5c0003e-4ac8-4145-b52f-aa10fe518b07" />
    <UnitTestResult executionId="8b74fdc0-19fd-4e98-a585-74002a22597e" testId="9d653b0d-6df9-735d-0e75-f562a12dfb97" testName="Construct_ValidateTimeoutSentToSslVerification_DiscoveryTypeBoth_Success" computerName="DKSR-EFI-04" duration="00:00:00.0002488" startTime="2023-12-22T09:32:44.4747700+01:00" endTime="2023-12-22T09:32:44.4747700+01:00" testType="13cdc9d9-ddb5-4fa4-a97d-d965ccfc6d4b" outcome="Passed" testListId="8c84fa94-04c1-424b-9868-57a2d4851a1d" relativeResultsDirectory="8b74fdc0-19fd-4e98-a585-74002a22597e" />
    <UnitTestResult executionId="d1099ab4-0649-4716-a11a-1ebfbcea594a" testId="d41a3cc4-b17c-f696-0087-3606dad36b9b" testName="ValidateIdpServer_SimulateValidResponseFromOAuthServer_WithValidCertificateAndUserPortWithNoScheme_ReturnsHttpsSecureConnection" computerName="DKSR-EFI-04" duration="00:00:00.1595938" startTime="2023-12-22T09:32:45.8810265+01:00" endTime="2023-12-22T09:32:46.0529028+01:00" testType="13cdc9d9-ddb5-4fa4-a97d-d965ccfc6d4b" outcome="Passed" testListId="8c84fa94-04c1-424b-9868-57a2d4851a1d" relativeResultsDirectory="d1099ab4-0649-4716-a11a-1ebfbcea594a" />
    <UnitTestResult executionId="2aa961ae-1836-448b-804a-c3370be4d701" testId="6fb4517f-b4e4-4771-fc0a-9b00bebd656e" testName="Construct_InvalidParam_GrantType_Null_Throws_ArgumentNullException" computerName="DKSR-EFI-04" duration="00:00:00.0005227" startTime="2023-12-22T09:32:48.5216650+01:00" endTime="2023-12-22T09:32:48.5216650+01:00" testType="13cdc9d9-ddb5-4fa4-a97d-d965ccfc6d4b" outcome="Passed" testListId="8c84fa94-04c1-424b-9868-57a2d4851a1d" relativeResultsDirectory="2aa961ae-1836-448b-804a-c3370be4d701" />
    <UnitTestResult executionId="1782aa59-806a-4825-b18a-fba70c1c34d8" testId="94828043-c08c-3149-a789-f000eb0ddc6d" testName="ValidateIdpServer_SimulateInvalidResponseFromOAuthServer_UnsecureIdpNotAvailable_SecureIdpNotAvailable" computerName="DKSR-EFI-04" duration="00:00:00.0018127" startTime="2023-12-22T09:32:47.1310340+01:00" endTime="2023-12-22T09:32:47.1310340+01:00" testType="13cdc9d9-ddb5-4fa4-a97d-d965ccfc6d4b" outcome="Passed" testListId="8c84fa94-04c1-424b-9868-57a2d4851a1d" relativeResultsDirectory="1782aa59-806a-4825-b18a-fba70c1c34d8" />
    <UnitTestResult executionId="893a74a5-0836-44dd-8d95-30fa3939ad07" testId="d56d39a2-1050-3e2a-2b04-2c4d9212b822" testName="Dispose_IDisposableTokenHandler_Success" computerName="DKSR-EFI-04" duration="00:00:00.0021180" startTime="2023-12-22T09:32:48.4904128+01:00" endTime="2023-12-22T09:32:48.4904128+01:00" testType="13cdc9d9-ddb5-4fa4-a97d-d965ccfc6d4b" outcome="Passed" testListId="8c84fa94-04c1-424b-9868-57a2d4851a1d" relativeResultsDirectory="893a74a5-0836-44dd-8d95-30fa3939ad07" />
    <UnitTestResult executionId="7409bcee-931c-4ab9-b772-1a8c8623d8c7" testId="df356c35-94b9-ef56-4b12-cc6f86331c25" testName="GetUserCollection_QueryParameterIsVariableSize_QueryParameterIsUsedWhenNotTooBig (2048,False)" computerName="DKSR-EFI-04" duration="00:00:00.0025673" startTime="2023-12-22T09:32:47.4747851+01:00" endTime="2023-12-22T09:32:47.4904086+01:00" testType="13cdc9d9-ddb5-4fa4-a97d-d965ccfc6d4b" outcome="Passed" testListId="8c84fa94-04c1-424b-9868-57a2d4851a1d" relativeResultsDirectory="7409bcee-931c-4ab9-b772-1a8c8623d8c7" />
    <UnitTestResult executionId="5bbc6bab-39a2-438c-9bda-8863b3f954f1" testId="7ca488d0-3aca-76f1-6559-f9cc58d50a45" testName="Ctor_AddressIsNull_ThrowsArgumentNullException" computerName="DKSR-EFI-04" duration="00:00:00.0154282" startTime="2023-12-22T09:32:40.7403780+01:00" endTime="2023-12-22T09:32:40.7560009+01:00" testType="13cdc9d9-ddb5-4fa4-a97d-d965ccfc6d4b" outcome="Passed" testListId="8c84fa94-04c1-424b-9868-57a2d4851a1d" relativeResultsDirectory="5bbc6bab-39a2-438c-9bda-8863b3f954f1" />
    <UnitTestResult executionId="6ba1ac6c-ced1-453e-90dc-be81108abac1" testId="475ca662-af82-6579-f761-35cb472cb87e" testName="GetUserByName_ParameterIsNull_ThrowArgumentException (abc,)" computerName="DKSR-EFI-04" duration="00:00:00.0001540" startTime="2023-12-22T09:32:47.3185307+01:00" endTime="2023-12-22T09:32:47.3185307+01:00" testType="13cdc9d9-ddb5-4fa4-a97d-d965ccfc6d4b" outcome="Passed" testListId="8c84fa94-04c1-424b-9868-57a2d4851a1d" relativeResultsDirectory="6ba1ac6c-ced1-453e-90dc-be81108abac1" />
    <UnitTestResult executionId="24578891-e149-468c-b437-f91daef8002c" testId="bf3dc991-3368-6005-a716-c4582669d18a" testName="RegisterAuthorizationCodeClient_RedirectUrisIsNull_ThrowArgumentException" computerName="DKSR-EFI-04" duration="00:00:00.0008915" startTime="2023-12-22T09:32:44.3810196+01:00" endTime="2023-12-22T09:32:44.3810196+01:00" testType="13cdc9d9-ddb5-4fa4-a97d-d965ccfc6d4b" outcome="Passed" testListId="8c84fa94-04c1-424b-9868-57a2d4851a1d" relativeResultsDirectory="24578891-e149-468c-b437-f91daef8002c" />
    <UnitTestResult executionId="43945864-e667-4a9d-a517-99e113e2b17d" testId="44c7436c-905a-58ad-44f0-0942a51a60c8" testName="Constructor_RequestedScopes_Filtered_by_Supported" computerName="DKSR-EFI-04" duration="00:00:00.0137925" startTime="2023-12-22T09:32:47.1779090+01:00" endTime="2023-12-22T09:32:47.1935335+01:00" testType="13cdc9d9-ddb5-4fa4-a97d-d965ccfc6d4b" outcome="Passed" testListId="8c84fa94-04c1-424b-9868-57a2d4851a1d" relativeResultsDirectory="43945864-e667-4a9d-a517-99e113e2b17d" />
    <UnitTestResult executionId="82ded9fb-9a97-4799-9d90-31a8b33cfd32" testId="86ac9b82-99af-2131-da6d-99fa4abd32a6" testName="GetUsersAfterModifiedDate_AccessTokenNullWithUnixTime_ThrowsArgumentNullException" computerName="DKSR-EFI-04" duration="00:00:00.0013241" startTime="2023-12-22T09:32:47.6779107+01:00" endTime="2023-12-22T09:32:47.6779107+01:00" testType="13cdc9d9-ddb5-4fa4-a97d-d965ccfc6d4b" outcome="Passed" testListId="8c84fa94-04c1-424b-9868-57a2d4851a1d" relativeResultsDirectory="82ded9fb-9a97-4799-9d90-31a8b33cfd32" />
    <UnitTestResult executionId="2064546f-6e55-4985-abc7-c66ee6040f8e" testId="ee5160b1-3233-41e0-3299-0425a39eeee5" testName="RefreshToken_IdTokenNotRetrieved_NoError" computerName="DKSR-EFI-04" duration="00:00:00.0016974" startTime="2023-12-22T09:32:48.6154115+01:00" endTime="2023-12-22T09:32:48.6154115+01:00" testType="13cdc9d9-ddb5-4fa4-a97d-d965ccfc6d4b" outcome="Passed" testListId="8c84fa94-04c1-424b-9868-57a2d4851a1d" relativeResultsDirectory="2064546f-6e55-4985-abc7-c66ee6040f8e" />
    <UnitTestResult executionId="2b5e0cee-900f-42f8-9e95-07bd9623ebb5" testId="b4267121-9b95-3e21-c565-aedda680f67b" testName="CheckAccess_PrincipalHasWrongScopeClaim_ReturnsFalse (Abc)" computerName="DKSR-EFI-04" duration="00:00:00.0027765" startTime="2023-12-22T09:32:48.3185364+01:00" endTime="2023-12-22T09:32:48.3185364+01:00" testType="13cdc9d9-ddb5-4fa4-a97d-d965ccfc6d4b" outcome="Passed" testListId="8c84fa94-04c1-424b-9868-57a2d4851a1d" relativeResultsDirectory="2b5e0cee-900f-42f8-9e95-07bd9623ebb5" />
    <UnitTestResult executionId="75f4f8ce-8092-4a9d-87ba-31457ca5804a" testId="a1533602-6410-91ea-863d-c06356133eae" testName="ValidateToken_MetaDataLoadNotDelayed_MetaDataLoadNotDelayed" computerName="DKSR-EFI-04" duration="00:00:00.0178688" startTime="2023-12-22T09:32:40.8028781+01:00" endTime="2023-12-22T09:32:40.8341262+01:00" testType="13cdc9d9-ddb5-4fa4-a97d-d965ccfc6d4b" outcome="Passed" testListId="8c84fa94-04c1-424b-9868-57a2d4851a1d" relativeResultsDirectory="75f4f8ce-8092-4a9d-87ba-31457ca5804a" />
    <UnitTestResult executionId="63b971df-295c-41bf-8b0e-03de1f41b30f" testId="1620f4f3-fa43-753e-a977-2bf07d76d45d" testName="HasValidScheme_UriIsMailTo_ReturnsTrue" computerName="DKSR-EFI-04" duration="00:00:00.0001617" startTime="2023-12-22T09:32:47.2872843+01:00" endTime="2023-12-22T09:32:47.2872843+01:00" testType="13cdc9d9-ddb5-4fa4-a97d-d965ccfc6d4b" outcome="Passed" testListId="8c84fa94-04c1-424b-9868-57a2d4851a1d" relativeResultsDirectory="63b971df-295c-41bf-8b0e-03de1f41b30f" />
    <UnitTestResult executionId="2aefa663-a799-4041-9992-0ea6b3510a8a" testId="3880dfbe-9655-d700-4c62-0df9ed476ecc" testName="CreateException_PasswordRequiresUpper_Is_PasswordNotComplexEnoughException" computerName="DKSR-EFI-04" duration="00:00:00.0002395" startTime="2023-12-22T09:32:48.6779126+01:00" endTime="2023-12-22T09:32:48.6779126+01:00" testType="13cdc9d9-ddb5-4fa4-a97d-d965ccfc6d4b" outcome="Passed" testListId="8c84fa94-04c1-424b-9868-57a2d4851a1d" relativeResultsDirectory="2aefa663-a799-4041-9992-0ea6b3510a8a" />
    <UnitTestResult executionId="8d7dbf5b-2ba4-47e2-ac84-988ac3f395ca" testId="a0775966-a411-1fb9-950c-2214329c5e22" testName="ValidateIdpServer_SimulateValidResponseFromOAuthServer_SecureCheckOnly_WithTimeout_ReturnsHttpsSecureConnection" computerName="DKSR-EFI-04" duration="00:00:00.2718608" startTime="2023-12-22T09:32:46.6466548+01:00" endTime="2023-12-22T09:32:46.9279072+01:00" testType="13cdc9d9-ddb5-4fa4-a97d-d965ccfc6d4b" outcome="Passed" testListId="8c84fa94-04c1-424b-9868-57a2d4851a1d" relativeResultsDirectory="8d7dbf5b-2ba4-47e2-ac84-988ac3f395ca" />
    <UnitTestResult executionId="f441854f-174a-4316-8010-fe9ad56e7cac" testId="e83a59b5-7762-fd63-39f4-c2a7432224a0" testName="Authenticate_AuthHeaderHasCorrectScheme_TokenIsValidatedAndClaimsPrincipalIsReturned" computerName="DKSR-EFI-04" duration="00:00:00.0066829" startTime="2023-12-22T09:32:48.2404113+01:00" endTime="2023-12-22T09:32:48.2560380+01:00" testType="13cdc9d9-ddb5-4fa4-a97d-d965ccfc6d4b" outcome="Passed" testListId="8c84fa94-04c1-424b-9868-57a2d4851a1d" relativeResultsDirectory="f441854f-174a-4316-8010-fe9ad56e7cac" />
    <UnitTestResult executionId="f8721fae-fd1b-4bac-aff7-329b0059a484" testId="6204f013-e7f4-8462-dc2a-44175020e042" testName="ValidateIdpServer_PassMultipleUri_ValidateEachWithoutRepeatingTheValidationOnScheme_Success" computerName="DKSR-EFI-04" duration="00:00:00.1863034" startTime="2023-12-22T09:32:46.9435312+01:00" endTime="2023-12-22T09:32:47.1310340+01:00" testType="13cdc9d9-ddb5-4fa4-a97d-d965ccfc6d4b" outcome="Passed" testListId="8c84fa94-04c1-424b-9868-57a2d4851a1d" relativeResultsDirectory="f8721fae-fd1b-4bac-aff7-329b0059a484" />
    <UnitTestResult executionId="08dde77a-aa35-45a5-8364-47abf022f684" testId="ee4023a9-7ef5-de07-c4fc-93e795d5baa7" testName="SendRequest_ResponseHasStatusCodeAndCustomIdpError_ThrowCorrectIdpException (400,ArgumentsNotResolved,VideoOS.IdentityServer.Common.Exceptions.BadArgumentsException)" computerName="DKSR-EFI-04" duration="00:00:00.0007926" startTime="2023-12-22T09:32:44.0216434+01:00" endTime="2023-12-22T09:32:44.0528929+01:00" testType="13cdc9d9-ddb5-4fa4-a97d-d965ccfc6d4b" outcome="Passed" testListId="8c84fa94-04c1-424b-9868-57a2d4851a1d" relativeResultsDirectory="08dde77a-aa35-45a5-8364-47abf022f684" />
    <UnitTestResult executionId="ecd35679-29b5-4d9b-97d2-171f7a378800" testId="45e382ab-a2e7-81c4-c83f-6e836a16f442" testName="Start_TimeToTokenExpireOver5min_NewStart_TokenCacheUpdated" computerName="DKSR-EFI-04" duration="00:00:00.0046453" startTime="2023-12-22T09:32:48.4435385+01:00" endTime="2023-12-22T09:32:48.4591647+01:00" testType="13cdc9d9-ddb5-4fa4-a97d-d965ccfc6d4b" outcome="Passed" testListId="8c84fa94-04c1-424b-9868-57a2d4851a1d" relativeResultsDirectory="ecd35679-29b5-4d9b-97d2-171f7a378800" />
    <UnitTestResult executionId="62d1ba92-fadf-42ac-b330-1d68f4d94558" testId="ca7d5be2-14df-0b62-6b71-5f58bc8ff588" testName="HasValidScheme_UriIsNews_ReturnsTrue" computerName="DKSR-EFI-04" duration="00:00:00.0001652" startTime="2023-12-22T09:32:47.2872843+01:00" endTime="2023-12-22T09:32:47.2872843+01:00" testType="13cdc9d9-ddb5-4fa4-a97d-d965ccfc6d4b" outcome="Passed" testListId="8c84fa94-04c1-424b-9868-57a2d4851a1d" relativeResultsDirectory="62d1ba92-fadf-42ac-b330-1d68f4d94558" />
    <UnitTestResult executionId="d4db71dc-3d9f-42c2-86da-487e24d7c278" testId="4b3a00da-f880-578f-c303-7e5e482337d2" testName="ValidateFasterIdpServerOnBothSchemas_WorkingHttpAddress_ShouldSuccess" computerName="DKSR-EFI-04" startTime="2023-12-22T09:32:44.4747700+01:00" endTime="2023-12-22T09:32:44.4747700+01:00" testType="13cdc9d9-ddb5-4fa4-a97d-d965ccfc6d4b" outcome="NotExecuted" testListId="8c84fa94-04c1-424b-9868-57a2d4851a1d" relativeResultsDirectory="d4db71dc-3d9f-42c2-86da-487e24d7c278">
      <Output></Output>
    </UnitTestResult>
    <UnitTestResult executionId="790f2458-9b16-4929-b28c-150481efd185" testId="a22a5490-f8cc-bbba-c479-58ecdc58c38a" testName="ValidateToken_SignatureKeyNotFound_RefreshRequested" computerName="DKSR-EFI-04" duration="00:00:00.2561620" startTime="2023-12-22T09:32:42.4435109+01:00" endTime="2023-12-22T09:32:42.7091378+01:00" testType="13cdc9d9-ddb5-4fa4-a97d-d965ccfc6d4b" outcome="Passed" testListId="8c84fa94-04c1-424b-9868-57a2d4851a1d" relativeResultsDirectory="790f2458-9b16-4929-b28c-150481efd185" />
    <UnitTestResult executionId="0c2b26a8-ccb5-40c7-b81e-9886b1263135" testId="8fab2801-8a96-682b-eb75-995f4da50517" testName="DeleteLogin_ParameterIsNull_ThrowArgumentException (,abc,abc)" computerName="DKSR-EFI-04" duration="00:00:00.0014895" startTime="2023-12-22T09:32:47.5529091+01:00" endTime="2023-12-22T09:32:47.5529091+01:00" testType="13cdc9d9-ddb5-4fa4-a97d-d965ccfc6d4b" outcome="Passed" testListId="8c84fa94-04c1-424b-9868-57a2d4851a1d" relativeResultsDirectory="0c2b26a8-ccb5-40c7-b81e-9886b1263135" />
    <UnitTestResult executionId="02fd15ec-8f70-4ef7-ac9c-6f48fbbdaf94" testId="9574f2b4-908d-7278-b0da-6c84b944cfb6" testName="SendRequest_ResponseHasBadStatusCode_ThrowIdpException (ServiceUnavailable)" computerName="DKSR-EFI-04" duration="00:00:00.0007247" startTime="2023-12-22T09:32:44.0060174+01:00" endTime="2023-12-22T09:32:44.0060174+01:00" testType="13cdc9d9-ddb5-4fa4-a97d-d965ccfc6d4b" outcome="Passed" testListId="8c84fa94-04c1-424b-9868-57a2d4851a1d" relativeResultsDirectory="02fd15ec-8f70-4ef7-ac9c-6f48fbbdaf94" />
    <UnitTestResult executionId="df38f800-d794-49ae-a534-677e74c87296" testId="177f25f3-8788-a5e1-0e06-b7d455065c9f" testName="CreateLogin_ModelIsNull_ThrowArgumentNullException" computerName="DKSR-EFI-04" duration="00:00:00.0010850" startTime="2023-12-22T09:32:47.5372851+01:00" endTime="2023-12-22T09:32:47.5372851+01:00" testType="13cdc9d9-ddb5-4fa4-a97d-d965ccfc6d4b" outcome="Passed" testListId="8c84fa94-04c1-424b-9868-57a2d4851a1d" relativeResultsDirectory="df38f800-d794-49ae-a534-677e74c87296" />
    <UnitTestResult executionId="5aa26cb0-cf68-492b-a3ab-24a171a684e6" testId="2c257caa-63e0-0918-bed2-614d73e7951d" testName="Constructor_NullClientSettings_ThrowArgumentNullException" computerName="DKSR-EFI-04" duration="00:00:00.0005289" startTime="2023-12-22T09:32:40.6622510+01:00" endTime="2023-12-22T09:32:40.6622510+01:00" testType="13cdc9d9-ddb5-4fa4-a97d-d965ccfc6d4b" outcome="Passed" testListId="8c84fa94-04c1-424b-9868-57a2d4851a1d" relativeResultsDirectory="5aa26cb0-cf68-492b-a3ab-24a171a684e6" />
    <UnitTestResult executionId="b7b463dd-6bd4-49fc-b946-5872361e7780" testId="5f39840e-bec0-c8da-e673-ef76d6aa6bc8" testName="GetLogin_ResponseHasSuccessfulStatusCode_CorrectRequestUriIsPassedAndLoginIsReturned" computerName="DKSR-EFI-04" duration="00:00:00.0078106" startTime="2023-12-22T09:32:47.5216593+01:00" endTime="2023-12-22T09:32:47.5372851+01:00" testType="13cdc9d9-ddb5-4fa4-a97d-d965ccfc6d4b" outcome="Passed" testListId="8c84fa94-04c1-424b-9868-57a2d4851a1d" relativeResultsDirectory="b7b463dd-6bd4-49fc-b946-5872361e7780" />
    <UnitTestResult executionId="5fbb43ca-94d6-4418-a7b4-26ac6f813dbb" testId="bc83a862-c72b-e348-034e-0bebd83e892a" testName="GetUser_ParameterIsNull_ThrowArgumentException (abc,)" computerName="DKSR-EFI-04" duration="00:00:00.0001228" startTime="2023-12-22T09:32:47.3029077+01:00" endTime="2023-12-22T09:32:47.3029077+01:00" testType="13cdc9d9-ddb5-4fa4-a97d-d965ccfc6d4b" outcome="Passed" testListId="8c84fa94-04c1-424b-9868-57a2d4851a1d" relativeResultsDirectory="5fbb43ca-94d6-4418-a7b4-26ac6f813dbb" />
    <UnitTestResult executionId="aa1d30aa-7918-4265-9bf9-9415971e411d" testId="99565e95-1a0c-269c-a11f-12a2852883ea" testName="HasValidScheme_UriIsNetTcp_ReturnsTrue" computerName="DKSR-EFI-04" duration="00:00:00.0001625" startTime="2023-12-22T09:32:47.2872843+01:00" endTime="2023-12-22T09:32:47.2872843+01:00" testType="13cdc9d9-ddb5-4fa4-a97d-d965ccfc6d4b" outcome="Passed" testListId="8c84fa94-04c1-424b-9868-57a2d4851a1d" relativeResultsDirectory="aa1d30aa-7918-4265-9bf9-9415971e411d" />
    <UnitTestResult executionId="f8dea014-4353-4225-9cb1-4fb3089148d3" testId="a27779ab-d479-2618-c0d6-39c534be7415" testName="VerifyEndpointSupportsSsl_InvalidParam_Null_Throws_ArgumentNullException" computerName="DKSR-EFI-04" duration="00:00:00.0028670" startTime="2023-12-22T09:32:47.1466556+01:00" endTime="2023-12-22T09:32:47.1466556+01:00" testType="13cdc9d9-ddb5-4fa4-a97d-d965ccfc6d4b" outcome="Passed" testListId="8c84fa94-04c1-424b-9868-57a2d4851a1d" relativeResultsDirectory="f8dea014-4353-4225-9cb1-4fb3089148d3" />
    <UnitTestResult executionId="5d5c578c-5782-4cf6-b9b4-dda52b8e219f" testId="aee78e02-d706-9f06-c554-ee7aa708e371" testName="Start_TimeToTokenExpireUnder5min_TokenCacheUpdated" computerName="DKSR-EFI-04" duration="00:00:00.0189163" startTime="2023-12-22T09:32:48.4279125+01:00" endTime="2023-12-22T09:32:48.4435385+01:00" testType="13cdc9d9-ddb5-4fa4-a97d-d965ccfc6d4b" outcome="Passed" testListId="8c84fa94-04c1-424b-9868-57a2d4851a1d" relativeResultsDirectory="5d5c578c-5782-4cf6-b9b4-dda52b8e219f" />
    <UnitTestResult executionId="6e6f7091-3bba-4e90-b2ef-a47d6d8b2781" testId="2b021d7e-c76f-2f26-bc24-23b377698977" testName="Authenticate_AuthHeaderIsMalformed_ReturnNull" computerName="DKSR-EFI-04" duration="00:00:00.0060330" startTime="2023-12-22T09:32:48.2247868+01:00" endTime="2023-12-22T09:32:48.2247868+01:00" testType="13cdc9d9-ddb5-4fa4-a97d-d965ccfc6d4b" outcome="Passed" testListId="8c84fa94-04c1-424b-9868-57a2d4851a1d" relativeResultsDirectory="6e6f7091-3bba-4e90-b2ef-a47d6d8b2781">
      <Output>
        <StdOut>Debug Trace:&#xD;
Incorrect authorization header. The value was: ' '</StdOut>
      </Output>
    </UnitTestResult>
    <UnitTestResult executionId="be077b2b-5543-491a-a1e9-a8ae592334b2" testId="dda37eb5-3275-a6a0-766a-62d2bf0b35ac" testName="GetUsersAfterModifiedDate_UnixTimeIsSet_UriQueryContainsTheFilter" computerName="DKSR-EFI-04" duration="00:00:00.0088349" startTime="2023-12-22T09:32:47.7091595+01:00" endTime="2023-12-22T09:32:47.7091595+01:00" testType="13cdc9d9-ddb5-4fa4-a97d-d965ccfc6d4b" outcome="Passed" testListId="8c84fa94-04c1-424b-9868-57a2d4851a1d" relativeResultsDirectory="be077b2b-5543-491a-a1e9-a8ae592334b2" />
    <UnitTestResult executionId="7945987b-34ce-427e-ab90-fe53ba4d2eb9" testId="9a74f111-730b-48ac-793d-eafd4afb012a" testName="RegisterAuthorizationCodeClient_ClientIdIsNull_ThrowArgumentException" computerName="DKSR-EFI-04" duration="00:00:00.0022652" startTime="2023-12-22T09:32:44.3653941+01:00" endTime="2023-12-22T09:32:44.3653941+01:00" testType="13cdc9d9-ddb5-4fa4-a97d-d965ccfc6d4b" outcome="Passed" testListId="8c84fa94-04c1-424b-9868-57a2d4851a1d" relativeResultsDirectory="7945987b-34ce-427e-ab90-fe53ba4d2eb9" />
    <UnitTestResult executionId="daa93610-7c43-4077-af91-86cdecc868b0" testId="00ff095b-4bc6-db53-f938-6a37bc01f46b" testName="CreateException_InvalidRoleName_Is_InvalidNameException" computerName="DKSR-EFI-04" duration="00:00:00.0001889" startTime="2023-12-22T09:32:48.6622879+01:00" endTime="2023-12-22T09:32:48.6622879+01:00" testType="13cdc9d9-ddb5-4fa4-a97d-d965ccfc6d4b" outcome="Passed" testListId="8c84fa94-04c1-424b-9868-57a2d4851a1d" relativeResultsDirectory="daa93610-7c43-4077-af91-86cdecc868b0" />
    <UnitTestResult executionId="0e614dc7-787b-4b63-b19d-3608eba7b8f3" testId="aceed3fe-4ee0-3f07-6d4b-e9ae24c2527d" testName="Constructor_EmptyIdToken_ThrowsArgumentNullException" computerName="DKSR-EFI-04" duration="00:00:00.0005453" startTime="2023-12-22T09:32:47.2247837+01:00" endTime="2023-12-22T09:32:47.2247837+01:00" testType="13cdc9d9-ddb5-4fa4-a97d-d965ccfc6d4b" outcome="Passed" testListId="8c84fa94-04c1-424b-9868-57a2d4851a1d" relativeResultsDirectory="0e614dc7-787b-4b63-b19d-3608eba7b8f3" />
    <UnitTestResult executionId="96e3a3d6-870a-4923-9730-f77e26a10cc9" testId="1eb96942-90b7-e230-1cfa-7966bc14fec4" testName="GetTokenResponseAsync_TokenHandlerDisposedBeforeCall_ObjectDisposedException" computerName="DKSR-EFI-04" duration="00:00:00.0309829" startTime="2023-12-22T09:32:40.5997503+01:00" endTime="2023-12-22T09:32:40.6310009+01:00" testType="13cdc9d9-ddb5-4fa4-a97d-d965ccfc6d4b" outcome="Passed" testListId="8c84fa94-04c1-424b-9868-57a2d4851a1d" relativeResultsDirectory="96e3a3d6-870a-4923-9730-f77e26a10cc9" />
    <UnitTestResult executionId="fee3a41a-c105-489e-a566-93b5e7fd5a45" testId="2b9c28db-d91c-099d-ee87-9be4d4baccfb" testName="SendRequest_ResponseHasBadStatusCode_ThrowIdpException (ExpectationFailed)" computerName="DKSR-EFI-04" duration="00:00:00.0007163" startTime="2023-12-22T09:32:43.9903936+01:00" endTime="2023-12-22T09:32:44.0060174+01:00" testType="13cdc9d9-ddb5-4fa4-a97d-d965ccfc6d4b" outcome="Passed" testListId="8c84fa94-04c1-424b-9868-57a2d4851a1d" relativeResultsDirectory="fee3a41a-c105-489e-a566-93b5e7fd5a45" />
    <UnitTestResult executionId="f3b8f953-e1cc-4d19-887d-1f6b20c69c36" testId="d0d162e0-a27a-438e-6e3b-3fe15b89c2fa" testName="DeleteAdmin_ParameterIsNull_ThrowArgumentException (abc,)" computerName="DKSR-EFI-04" duration="00:00:00.0001166" startTime="2023-12-22T09:32:47.5997834+01:00" endTime="2023-12-22T09:32:47.5997834+01:00" testType="13cdc9d9-ddb5-4fa4-a97d-d965ccfc6d4b" outcome="Passed" testListId="8c84fa94-04c1-424b-9868-57a2d4851a1d" relativeResultsDirectory="f3b8f953-e1cc-4d19-887d-1f6b20c69c36" />
    <UnitTestResult executionId="9441e29f-4a4f-4dfa-b87c-e31d2c4b9e36" testId="0cc1a792-32db-3643-8570-b5f3ee785740" testName="ValidateToken_RefreshIntervalNotReached_CachedConfig" computerName="DKSR-EFI-04" duration="00:00:00.2008603" startTime="2023-12-22T09:32:41.9903820+01:00" endTime="2023-12-22T09:32:42.1935094+01:00" testType="13cdc9d9-ddb5-4fa4-a97d-d965ccfc6d4b" outcome="Passed" testListId="8c84fa94-04c1-424b-9868-57a2d4851a1d" relativeResultsDirectory="9441e29f-4a4f-4dfa-b87c-e31d2c4b9e36" />
    <UnitTestResult executionId="4e27d035-fa14-48df-8cd6-e96e90660daa" testId="76a3eda6-3598-ebb2-6b10-983e4fde7476" testName="WindowsAuthenticationAsync_StatusCodeOk_TokenResponseWithTokenIsReturned" computerName="DKSR-EFI-04" duration="00:00:00.0043267" startTime="2023-12-22T09:32:44.3966429+01:00" endTime="2023-12-22T09:32:44.3966429+01:00" testType="13cdc9d9-ddb5-4fa4-a97d-d965ccfc6d4b" outcome="Passed" testListId="8c84fa94-04c1-424b-9868-57a2d4851a1d" relativeResultsDirectory="4e27d035-fa14-48df-8cd6-e96e90660daa" />
    <UnitTestResult executionId="8d0776b8-3048-4a8b-8d37-6fd83df015bb" testId="2a8032ec-2494-843d-f098-18bbc743b65d" testName="UserName_HasNameClaim_ReturnsUserName" computerName="DKSR-EFI-04" duration="00:00:00.0020259" startTime="2023-12-22T09:32:48.5060384+01:00" endTime="2023-12-22T09:32:48.5216650+01:00" testType="13cdc9d9-ddb5-4fa4-a97d-d965ccfc6d4b" outcome="Passed" testListId="8c84fa94-04c1-424b-9868-57a2d4851a1d" relativeResultsDirectory="8d0776b8-3048-4a8b-8d37-6fd83df015bb" />
    <UnitTestResult executionId="624312e2-de81-4e31-afeb-6b0d50809643" testId="7b9b1873-4328-312e-2778-9f9b8787518d" testName="ValidateIdpServer_SimulateValidResponseFromOAuthServer_WithNonStandardPortAndNoScheme_WithInvalidCertificate" computerName="DKSR-EFI-04" duration="00:00:00.1734291" startTime="2023-12-22T09:32:45.3810267+01:00" endTime="2023-12-22T09:32:45.5529009+01:00" testType="13cdc9d9-ddb5-4fa4-a97d-d965ccfc6d4b" outcome="Passed" testListId="8c84fa94-04c1-424b-9868-57a2d4851a1d" relativeResultsDirectory="624312e2-de81-4e31-afeb-6b0d50809643" />
    <UnitTestResult executionId="f8db8f47-290b-4130-a59c-fe4b7f8515c3" testId="a20b8cdb-3697-b063-4ea9-47fb6efe0241" testName="RegisterAuthorizationCodeClientWithToken_ScopesAreNull_ThrowArgumentNullException" computerName="DKSR-EFI-04" duration="00:00:00.0010717" startTime="2023-12-22T09:32:44.3341439+01:00" endTime="2023-12-22T09:32:44.3497705+01:00" testType="13cdc9d9-ddb5-4fa4-a97d-d965ccfc6d4b" outcome="Passed" testListId="8c84fa94-04c1-424b-9868-57a2d4851a1d" relativeResultsDirectory="f8db8f47-290b-4130-a59c-fe4b7f8515c3" />
    <UnitTestResult executionId="4a88647d-e218-4ebe-a0fd-14a754ad6a7b" testId="74b856c2-3b89-4a6f-b0e9-87ceb7b85e0f" testName="ValidateIdpServer_PassMultipleUri_InvalidParam_Null_Throws_ArgumentNullException" computerName="DKSR-EFI-04" duration="00:00:00.0030222" startTime="2023-12-22T09:32:46.9279072+01:00" endTime="2023-12-22T09:32:46.9279072+01:00" testType="13cdc9d9-ddb5-4fa4-a97d-d965ccfc6d4b" outcome="Passed" testListId="8c84fa94-04c1-424b-9868-57a2d4851a1d" relativeResultsDirectory="4a88647d-e218-4ebe-a0fd-14a754ad6a7b" />
    <UnitTestResult executionId="8061b107-acf1-4372-83b3-052f48451e81" testId="eecfcbb2-c955-43fc-8e5c-cfc66bc5dfcb" testName="ValidateIdpServer_HttpAddressInvalidPort_ShouldThrow" computerName="DKSR-EFI-04" startTime="2023-12-22T09:32:44.4591440+01:00" endTime="2023-12-22T09:32:44.4591440+01:00" testType="13cdc9d9-ddb5-4fa4-a97d-d965ccfc6d4b" outcome="NotExecuted" testListId="8c84fa94-04c1-424b-9868-57a2d4851a1d" relativeResultsDirectory="8061b107-acf1-4372-83b3-052f48451e81">
      <Output></Output>
    </UnitTestResult>
    <UnitTestResult executionId="3beabdca-ee4a-4bdd-9605-07507f484097" testId="7cf653ab-c1ac-db4f-c8b6-0088365ff615" testName="HandleException_InvalidParamException_Null_Throws_" computerName="DKSR-EFI-04" duration="00:00:00.0011124" startTime="2023-12-22T09:32:47.2404081+01:00" endTime="2023-12-22T09:32:47.2404081+01:00" testType="13cdc9d9-ddb5-4fa4-a97d-d965ccfc6d4b" outcome="Passed" testListId="8c84fa94-04c1-424b-9868-57a2d4851a1d" relativeResultsDirectory="3beabdca-ee4a-4bdd-9605-07507f484097" />
    <UnitTestResult executionId="e9658148-80e5-4286-afd9-69b25947ad1e" testId="f15d1485-b568-93f4-d5a1-108ce37ed532" testName="GetTokenResponseAsync_HttpStatusIsNotOk_IdpExceptionIsThrown (VideoOS.IdentityServer.Common.Exceptions.UnauthorizedException)" computerName="DKSR-EFI-04" duration="00:00:00.0042405" startTime="2023-12-22T09:32:40.6935023+01:00" endTime="2023-12-22T09:32:40.6935023+01:00" testType="13cdc9d9-ddb5-4fa4-a97d-d965ccfc6d4b" outcome="Passed" testListId="8c84fa94-04c1-424b-9868-57a2d4851a1d" relativeResultsDirectory="e9658148-80e5-4286-afd9-69b25947ad1e" />
    <UnitTestResult executionId="d5a4d42f-5288-4df3-9d4f-6526fc51e8b4" testId="2ee7e566-cb75-fc37-6701-6a6ccb41d168" testName="Constructor_NullSupportedScopes_ThrowsArgumentNullException" computerName="DKSR-EFI-04" duration="00:00:00.0005716" startTime="2023-12-22T09:32:47.1622821+01:00" endTime="2023-12-22T09:32:47.1622821+01:00" testType="13cdc9d9-ddb5-4fa4-a97d-d965ccfc6d4b" outcome="Passed" testListId="8c84fa94-04c1-424b-9868-57a2d4851a1d" relativeResultsDirectory="d5a4d42f-5288-4df3-9d4f-6526fc51e8b4" />
    <UnitTestResult executionId="ec95c04c-ae8e-444a-a3f4-07200508ce75" testId="ee1e7c2b-0cb3-69aa-1c3e-150a4187ed3e" testName="CreateException_InvalidCredentials_Is_ChangePasswordException" computerName="DKSR-EFI-04" duration="00:00:00.0001564" startTime="2023-12-22T09:32:48.6466630+01:00" endTime="2023-12-22T09:32:48.6466630+01:00" testType="13cdc9d9-ddb5-4fa4-a97d-d965ccfc6d4b" outcome="Passed" testListId="8c84fa94-04c1-424b-9868-57a2d4851a1d" relativeResultsDirectory="ec95c04c-ae8e-444a-a3f4-07200508ce75" />
    <UnitTestResult executionId="5bb4f673-e56b-4192-9169-5d30f6fd7942" testId="79bdc8ed-4f4b-9849-1ddd-b15e09b27525" testName="CreateException_ErrorStrongPassword_Is_PasswordNotComplexEnoughException" computerName="DKSR-EFI-04" duration="00:00:00.0001898" startTime="2023-12-22T09:32:48.6622879+01:00" endTime="2023-12-22T09:32:48.6622879+01:00" testType="13cdc9d9-ddb5-4fa4-a97d-d965ccfc6d4b" outcome="Passed" testListId="8c84fa94-04c1-424b-9868-57a2d4851a1d" relativeResultsDirectory="5bb4f673-e56b-4192-9169-5d30f6fd7942" />
    <UnitTestResult executionId="d50b028e-e2e3-469d-a0bd-c53c06b2999c" testId="4e64a2d0-91fd-57ef-a8c4-3f9f75705cb7" testName="UserName_NoNameClaim_ThrowsInvalidOperationException" computerName="DKSR-EFI-04" duration="00:00:00.0022073" startTime="2023-12-22T09:32:48.5060384+01:00" endTime="2023-12-22T09:32:48.5060384+01:00" testType="13cdc9d9-ddb5-4fa4-a97d-d965ccfc6d4b" outcome="Passed" testListId="8c84fa94-04c1-424b-9868-57a2d4851a1d" relativeResultsDirectory="d50b028e-e2e3-469d-a0bd-c53c06b2999c" />
    <UnitTestResult executionId="98e73961-fc71-4264-a105-a5eae2270aae" testId="9ef64bea-8c17-ab0b-0aa2-a889a448670e" testName="ValidateIdpServer_WorkingHttpAddress_ShouldSuccess" computerName="DKSR-EFI-04" startTime="2023-12-22T09:32:44.4591440+01:00" endTime="2023-12-22T09:32:44.4591440+01:00" testType="13cdc9d9-ddb5-4fa4-a97d-d965ccfc6d4b" outcome="NotExecuted" testListId="8c84fa94-04c1-424b-9868-57a2d4851a1d" relativeResultsDirectory="98e73961-fc71-4264-a105-a5eae2270aae">
      <Output></Output>
    </UnitTestResult>
    <UnitTestResult executionId="eb708e5a-f2b6-400f-90c6-9550f5c13a41" testId="71d1b4b5-6612-dad9-c0dc-422f4a8a13d1" testName="BuildFullUri_HasUnencodedParts_PartsAreEncoded (a:b?c,a\)" computerName="DKSR-EFI-04" duration="00:00:00.0001067" startTime="2023-12-22T09:32:44.1310201+01:00" endTime="2023-12-22T09:32:44.1310201+01:00" testType="13cdc9d9-ddb5-4fa4-a97d-d965ccfc6d4b" outcome="Passed" testListId="8c84fa94-04c1-424b-9868-57a2d4851a1d" relativeResultsDirectory="eb708e5a-f2b6-400f-90c6-9550f5c13a41" />
    <UnitTestResult executionId="e0533bc8-fe63-4c06-b593-51938f7612b1" testId="28e59258-d59d-b899-0352-abac45b3f73d" testName="DeleteTrustedIssuers_AccessTokenIsNull_ThrowArgumentException" computerName="DKSR-EFI-04" duration="00:00:00.0012864" startTime="2023-12-22T09:32:47.8029103+01:00" endTime="2023-12-22T09:32:47.8029103+01:00" testType="13cdc9d9-ddb5-4fa4-a97d-d965ccfc6d4b" outcome="Passed" testListId="8c84fa94-04c1-424b-9868-57a2d4851a1d" relativeResultsDirectory="e0533bc8-fe63-4c06-b593-51938f7612b1" />
    <UnitTestResult executionId="84828f92-5db0-41f1-9794-c23eb2419521" testId="3dcddc47-428b-8273-354a-bd306914fecf" testName="BasicOpenAuthenticationHeaderValue_Constructor_Success_SpaceInUserName" computerName="DKSR-EFI-04" duration="00:00:00.0001994" startTime="2023-12-22T09:32:42.7247622+01:00" endTime="2023-12-22T09:32:42.7247622+01:00" testType="13cdc9d9-ddb5-4fa4-a97d-d965ccfc6d4b" outcome="Passed" testListId="8c84fa94-04c1-424b-9868-57a2d4851a1d" relativeResultsDirectory="84828f92-5db0-41f1-9794-c23eb2419521" />
    <UnitTestResult executionId="693e754d-2e11-42a3-baf8-37b9c8074f6a" testId="ee4023a9-7ef5-de07-c4fc-93e795d5baa7" testName="SendRequest_ResponseHasStatusCodeAndCustomIdpError_ThrowCorrectIdpException (404,UserNotFound,VideoOS.IdentityServer.Common.Exceptions.UserNotFoundException)" computerName="DKSR-EFI-04" duration="00:00:00.0014878" startTime="2023-12-22T09:32:44.0216434+01:00" endTime="2023-12-22T09:32:44.0528929+01:00" testType="13cdc9d9-ddb5-4fa4-a97d-d965ccfc6d4b" outcome="Passed" testListId="8c84fa94-04c1-424b-9868-57a2d4851a1d" relativeResultsDirectory="693e754d-2e11-42a3-baf8-37b9c8074f6a" />
    <UnitTestResult executionId="50527681-50d0-44c0-97c1-a4ab47f88d2f" testId="cb7249c8-dcf7-5d04-d8a1-9ce11225ac6e" testName="CreateException_PasswordRequiresNonAlphanumeric_Is_PasswordNotComplexEnoughException" computerName="DKSR-EFI-04" duration="00:00:00.0001925" startTime="2023-12-22T09:32:48.6779126+01:00" endTime="2023-12-22T09:32:48.6779126+01:00" testType="13cdc9d9-ddb5-4fa4-a97d-d965ccfc6d4b" outcome="Passed" testListId="8c84fa94-04c1-424b-9868-57a2d4851a1d" relativeResultsDirectory="50527681-50d0-44c0-97c1-a4ab47f88d2f" />
    <UnitTestResult executionId="580b835c-33d7-4108-8950-feb42a0b2f55" testId="384c466e-e541-dfd8-e107-db2fc07e11e9" testName="Stop_RefreshGetToken" computerName="DKSR-EFI-04" duration="00:00:00.0034750" startTime="2023-12-22T09:32:48.4747866+01:00" endTime="2023-12-22T09:32:48.4747866+01:00" testType="13cdc9d9-ddb5-4fa4-a97d-d965ccfc6d4b" outcome="Passed" testListId="8c84fa94-04c1-424b-9868-57a2d4851a1d" relativeResultsDirectory="580b835c-33d7-4108-8950-feb42a0b2f55" />
    <UnitTestResult executionId="d1988a64-adfb-4367-b355-336b70ee1159" testId="ee4023a9-7ef5-de07-c4fc-93e795d5baa7" testName="SendRequest_ResponseHasStatusCodeAndCustomIdpError_ThrowCorrectIdpException (400,PasswordRequiresUniqueChars,VideoOS.IdentityServer.Common.Exceptions.PasswordNotComplexEnoughException)" computerName="DKSR-EFI-04" duration="00:00:00.0008192" startTime="2023-12-22T09:32:44.0216434+01:00" endTime="2023-12-22T09:32:44.0528929+01:00" testType="13cdc9d9-ddb5-4fa4-a97d-d965ccfc6d4b" outcome="Passed" testListId="8c84fa94-04c1-424b-9868-57a2d4851a1d" relativeResultsDirectory="d1988a64-adfb-4367-b355-336b70ee1159" />
    <UnitTestResult executionId="3d0d19b0-48b3-4cff-af8c-90c2f834be5e" testId="2094e3f3-bb74-95c3-1e50-e6fdef78ea13" testName="GetTokenResponseAsync_HttpStatusIsNotOk_IdpExceptionIsThrown (VideoOS.IdentityServer.Common.Exceptions.UnauthorizedException,Unauthorized)" computerName="DKSR-EFI-04" duration="00:00:00.0022120" startTime="2023-12-22T09:32:40.7247515+01:00" endTime="2023-12-22T09:32:40.7247515+01:00" testType="13cdc9d9-ddb5-4fa4-a97d-d965ccfc6d4b" outcome="Passed" testListId="8c84fa94-04c1-424b-9868-57a2d4851a1d" relativeResultsDirectory="3d0d19b0-48b3-4cff-af8c-90c2f834be5e" />
    <UnitTestResult executionId="417972b3-91a0-4b8d-9e57-b3924c170463" testId="5e0c0b16-1156-1376-f6f0-3908d3a2cb3b" testName="GetAsync_AllCallsFailed_DiscoveryResponsesForAll" computerName="DKSR-EFI-04" duration="00:00:00.0019063" startTime="2023-12-22T09:32:43.3185149+01:00" endTime="2023-12-22T09:32:43.3185149+01:00" testType="13cdc9d9-ddb5-4fa4-a97d-d965ccfc6d4b" outcome="Passed" testListId="8c84fa94-04c1-424b-9868-57a2d4851a1d" relativeResultsDirectory="417972b3-91a0-4b8d-9e57-b3924c170463" />
    <UnitTestResult executionId="06420b5c-9af3-4ca8-983c-41217ec0d3ba" testId="9e0b7fff-6087-8103-bf4a-c343b2ddff7d" testName="GetClaimValue_IdTokenRetrieved_ClaimNotThere_ReturnsNull" computerName="DKSR-EFI-04" duration="00:00:00.0021029" startTime="2023-12-22T09:32:48.5997892+01:00" endTime="2023-12-22T09:32:48.5997892+01:00" testType="13cdc9d9-ddb5-4fa4-a97d-d965ccfc6d4b" outcome="Passed" testListId="8c84fa94-04c1-424b-9868-57a2d4851a1d" relativeResultsDirectory="06420b5c-9af3-4ca8-983c-41217ec0d3ba" />
    <UnitTestResult executionId="004f1085-db78-433d-ac54-11c36ed13a2d" testId="5fc9fa5a-5fe3-b72e-18ec-1d655d4e8290" testName="CreateException_401_Is_UnauthorizedException" computerName="DKSR-EFI-04" duration="00:00:00.0001651" startTime="2023-12-22T09:32:48.6310377+01:00" endTime="2023-12-22T09:32:48.6310377+01:00" testType="13cdc9d9-ddb5-4fa4-a97d-d965ccfc6d4b" outcome="Passed" testListId="8c84fa94-04c1-424b-9868-57a2d4851a1d" relativeResultsDirectory="004f1085-db78-433d-ac54-11c36ed13a2d" />
    <UnitTestResult executionId="4ceae130-9e5e-4201-904f-7aa2d0fc2558" testId="ad89ac24-24de-f6bb-8252-5fda23ce2272" testName="Constructor_NullAccessToken_ThrowsArgumentNullException" computerName="DKSR-EFI-04" duration="00:00:00.0006816" startTime="2023-12-22T09:32:47.2091578+01:00" endTime="2023-12-22T09:32:47.2091578+01:00" testType="13cdc9d9-ddb5-4fa4-a97d-d965ccfc6d4b" outcome="Passed" testListId="8c84fa94-04c1-424b-9868-57a2d4851a1d" relativeResultsDirectory="4ceae130-9e5e-4201-904f-7aa2d0fc2558" />
    <UnitTestResult executionId="3daeaa68-c387-41e9-a89c-333813f34da2" testId="22db2a0a-aa8a-2a11-0ea7-22ee10a4b12c" testName="GetTokenResponseAsync_TokenResponseIsOk_TokenResponseIsReturned" computerName="DKSR-EFI-04" duration="00:00:00.0078087" startTime="2023-12-22T09:32:40.7091259+01:00" endTime="2023-12-22T09:32:40.7247515+01:00" testType="13cdc9d9-ddb5-4fa4-a97d-d965ccfc6d4b" outcome="Passed" testListId="8c84fa94-04c1-424b-9868-57a2d4851a1d" relativeResultsDirectory="3daeaa68-c387-41e9-a89c-333813f34da2" />
    <UnitTestResult executionId="d08e17dc-1867-436a-b104-12ef9adbcd0f" testId="d721172e-4856-c743-a2e0-556773d6db34" testName="HasValidScheme_UriIsFtp_ReturnsTrue" computerName="DKSR-EFI-04" duration="00:00:00.0001732" startTime="2023-12-22T09:32:47.2716599+01:00" endTime="2023-12-22T09:32:47.2716599+01:00" testType="13cdc9d9-ddb5-4fa4-a97d-d965ccfc6d4b" outcome="Passed" testListId="8c84fa94-04c1-424b-9868-57a2d4851a1d" relativeResultsDirectory="d08e17dc-1867-436a-b104-12ef9adbcd0f" />
    <UnitTestResult executionId="f995ba62-3e9b-422e-b195-ee2977eb149f" testId="9d9108bd-86db-659c-91d4-935425fa020c" testName="SendRequest_ResponseHasStatusCodeAndErrorCode_ThrowCorrectIdpException (400,InvalidCredentials,VideoOS.IdentityServer.Common.Exceptions.UnauthorizedException)" computerName="DKSR-EFI-04" duration="00:00:00.0009437" startTime="2023-12-22T09:32:44.0528929+01:00" endTime="2023-12-22T09:32:44.0685190+01:00" testType="13cdc9d9-ddb5-4fa4-a97d-d965ccfc6d4b" outcome="Passed" testListId="8c84fa94-04c1-424b-9868-57a2d4851a1d" relativeResultsDirectory="f995ba62-3e9b-422e-b195-ee2977eb149f" />
    <UnitTestResult executionId="d77e9dde-73b6-4531-a5fd-c9432ea7a13d" testId="f37524f4-6178-1300-0d38-772771a42b59" testName="Construct_InvalidParam_ClientIBaseServerUri_PartialUri_Throws_ArgumentException" computerName="DKSR-EFI-04" duration="00:00:00.0005191" startTime="2023-12-22T09:32:48.5216650+01:00" endTime="2023-12-22T09:32:48.5216650+01:00" testType="13cdc9d9-ddb5-4fa4-a97d-d965ccfc6d4b" outcome="Passed" testListId="8c84fa94-04c1-424b-9868-57a2d4851a1d" relativeResultsDirectory="d77e9dde-73b6-4531-a5fd-c9432ea7a13d" />
    <UnitTestResult executionId="a71cdce8-c3cf-4510-9da8-0638aa6a9dee" testId="4049cd8f-4722-f786-6675-c96c049dafca" testName="HandleException_UnexpectedExceptionType_ReturnsFalse" computerName="DKSR-EFI-04" duration="00:00:00.0001406" startTime="2023-12-22T09:32:47.2560308+01:00" endTime="2023-12-22T09:32:47.2560308+01:00" testType="13cdc9d9-ddb5-4fa4-a97d-d965ccfc6d4b" outcome="Passed" testListId="8c84fa94-04c1-424b-9868-57a2d4851a1d" relativeResultsDirectory="a71cdce8-c3cf-4510-9da8-0638aa6a9dee" />
    <UnitTestResult executionId="a18c63a6-2dd6-4aae-92cd-97316f19f332" testId="ee4023a9-7ef5-de07-c4fc-93e795d5baa7" testName="SendRequest_ResponseHasStatusCodeAndCustomIdpError_ThrowCorrectIdpException (400,InvalidToken,VideoOS.IdentityServer.Common.Exceptions.DefaultErrorException)" computerName="DKSR-EFI-04" duration="00:00:00.0008416" startTime="2023-12-22T09:32:44.0216434+01:00" endTime="2023-12-22T09:32:44.0528929+01:00" testType="13cdc9d9-ddb5-4fa4-a97d-d965ccfc6d4b" outcome="Passed" testListId="8c84fa94-04c1-424b-9868-57a2d4851a1d" relativeResultsDirectory="a18c63a6-2dd6-4aae-92cd-97316f19f332" />
    <UnitTestResult executionId="1503209d-cef4-444f-befe-001aa44dc224" testId="c095042d-e50b-f78e-7e75-2b785c69205f" testName="TokenCache_Constructor_Success" computerName="DKSR-EFI-04" duration="00:00:00.0078134" startTime="2023-12-22T09:32:48.3497891+01:00" endTime="2023-12-22T09:32:48.3497891+01:00" testType="13cdc9d9-ddb5-4fa4-a97d-d965ccfc6d4b" outcome="Passed" testListId="8c84fa94-04c1-424b-9868-57a2d4851a1d" relativeResultsDirectory="1503209d-cef4-444f-befe-001aa44dc224" />
    <UnitTestResult executionId="f832bbdf-3f77-4da8-be0a-33e734de0936" testId="5098da35-a50d-188f-464b-c0e73540175b" testName="ValidateIdpServer_InvalidUri_RelativeUri_Throws_ArgumentException" computerName="DKSR-EFI-04" duration="00:00:00.0008431" startTime="2023-12-22T09:32:44.4903983+01:00" endTime="2023-12-22T09:32:44.4903983+01:00" testType="13cdc9d9-ddb5-4fa4-a97d-d965ccfc6d4b" outcome="Passed" testListId="8c84fa94-04c1-424b-9868-57a2d4851a1d" relativeResultsDirectory="f832bbdf-3f77-4da8-be0a-33e734de0936" />
    <UnitTestResult executionId="342c6456-99c5-4538-a34a-1df3c27d1880" testId="219cb226-0982-5e89-b39e-e3df45859861" testName="Constructor_NullClientSettings_ThrowArgumentNullException" computerName="DKSR-EFI-04" duration="00:00:00.0005141" startTime="2023-12-22T09:32:39.8341221+01:00" endTime="2023-12-22T09:32:39.8341221+01:00" testType="13cdc9d9-ddb5-4fa4-a97d-d965ccfc6d4b" outcome="Passed" testListId="8c84fa94-04c1-424b-9868-57a2d4851a1d" relativeResultsDirectory="342c6456-99c5-4538-a34a-1df3c27d1880" />
    <UnitTestResult executionId="0d038dd8-a825-4b16-84a5-41ac5d5707bb" testId="2c3c5b9a-85d3-0ea3-3ec1-f527226951f2" testName="RegisterClient_ScopesAreNull_ThrowArgumentNullException" computerName="DKSR-EFI-04" duration="00:00:00.0009451" startTime="2023-12-22T09:32:44.1466433+01:00" endTime="2023-12-22T09:32:44.1466433+01:00" testType="13cdc9d9-ddb5-4fa4-a97d-d965ccfc6d4b" outcome="Passed" testListId="8c84fa94-04c1-424b-9868-57a2d4851a1d" relativeResultsDirectory="0d038dd8-a825-4b16-84a5-41ac5d5707bb" />
    <UnitTestResult executionId="1868eb2c-2632-442e-876a-9fc838f0db18" testId="80b98953-0430-0651-0920-d07f5f37c65f" testName="RegisterClient_ResponseHasSuccessfulStatusCode_ModelWithSecretIsReturned" computerName="DKSR-EFI-04" duration="00:00:00.0064841" startTime="2023-12-22T09:32:44.3028920+01:00" endTime="2023-12-22T09:32:44.3028920+01:00" testType="13cdc9d9-ddb5-4fa4-a97d-d965ccfc6d4b" outcome="Passed" testListId="8c84fa94-04c1-424b-9868-57a2d4851a1d" relativeResultsDirectory="1868eb2c-2632-442e-876a-9fc838f0db18" />
    <UnitTestResult executionId="d37e8dc1-ac36-4a4c-8ee8-eb9754ea7c37" testId="c7bbac13-8629-583d-7b7e-ef2d4c387bd4" testName="CreateUser_ResponseHasSuccessfulStatusCode_CorrectRequestUriIsPassedAndUserIsReturned" computerName="DKSR-EFI-04" duration="00:00:00.0103515" startTime="2023-12-22T09:32:47.3497821+01:00" endTime="2023-12-22T09:32:47.3654088+01:00" testType="13cdc9d9-ddb5-4fa4-a97d-d965ccfc6d4b" outcome="Passed" testListId="8c84fa94-04c1-424b-9868-57a2d4851a1d" relativeResultsDirectory="d37e8dc1-ac36-4a4c-8ee8-eb9754ea7c37" />
    <UnitTestResult executionId="77eb8b98-278f-4264-931a-1c1fafde2472" testId="2607a5e2-638f-a022-bdc9-d6d4d15539fb" testName="BeforeSendRequest_ThrowsHttpRequestExceptionWithWebException_ThrowsCommunicationException (MessageLengthLimitExceeded)" computerName="DKSR-EFI-04" duration="00:00:00.0001681" startTime="2023-12-22T09:32:48.0529123+01:00" endTime="2023-12-22T09:32:48.0529123+01:00" testType="13cdc9d9-ddb5-4fa4-a97d-d965ccfc6d4b" outcome="Passed" testListId="8c84fa94-04c1-424b-9868-57a2d4851a1d" relativeResultsDirectory="77eb8b98-278f-4264-931a-1c1fafde2472" />
    <UnitTestResult executionId="13f7cc83-260e-490a-86b6-1685e0469008" testId="dbd8c577-b242-b838-2751-2fb2c595a2b3" testName="CreateUserCollection_CreateUserModelIsNull_ThrowArgumentNullException" computerName="DKSR-EFI-04" duration="00:00:00.0010587" startTime="2023-12-22T09:32:47.4904086+01:00" endTime="2023-12-22T09:32:47.4904086+01:00" testType="13cdc9d9-ddb5-4fa4-a97d-d965ccfc6d4b" outcome="Passed" testListId="8c84fa94-04c1-424b-9868-57a2d4851a1d" relativeResultsDirectory="13f7cc83-260e-490a-86b6-1685e0469008" />
    <UnitTestResult executionId="81209219-5e7b-459f-88e0-923f44c899d4" testId="c65def95-e459-70a7-408d-154b2321db49" testName="UserName_NoNameClaim_ThrowsInvalidOperationException" computerName="DKSR-EFI-04" duration="00:00:00.0019488" startTime="2023-12-22T09:32:48.6154115+01:00" endTime="2023-12-22T09:32:48.6154115+01:00" testType="13cdc9d9-ddb5-4fa4-a97d-d965ccfc6d4b" outcome="Passed" testListId="8c84fa94-04c1-424b-9868-57a2d4851a1d" relativeResultsDirectory="81209219-5e7b-459f-88e0-923f44c899d4" />
    <UnitTestResult executionId="9088a240-be04-4bf3-94ea-a18d03083e09" testId="e7ba2069-4614-8f70-3802-5e750be986c1" testName="Construct_DefaultConstructorAndSettings_DoesNotBlowUpOrThrowException" computerName="DKSR-EFI-04" duration="00:00:00.0003891" startTime="2023-12-22T09:32:44.5216479+01:00" endTime="2023-12-22T09:32:44.5216479+01:00" testType="13cdc9d9-ddb5-4fa4-a97d-d965ccfc6d4b" outcome="Passed" testListId="8c84fa94-04c1-424b-9868-57a2d4851a1d" relativeResultsDirectory="9088a240-be04-4bf3-94ea-a18d03083e09" />
    <UnitTestResult executionId="f6ab6fa0-6a73-4f39-a33a-939da43f897c" testId="a195a1f3-7257-7b57-25f5-d869b6864153" testName="CreateException_PasswordRequiresDigit_Is_PasswordNotComplexEnoughException" computerName="DKSR-EFI-04" duration="00:00:00.0001856" startTime="2023-12-22T09:32:48.6622879+01:00" endTime="2023-12-22T09:32:48.6622879+01:00" testType="13cdc9d9-ddb5-4fa4-a97d-d965ccfc6d4b" outcome="Passed" testListId="8c84fa94-04c1-424b-9868-57a2d4851a1d" relativeResultsDirectory="f6ab6fa0-6a73-4f39-a33a-939da43f897c" />
    <UnitTestResult executionId="44fd98bc-e8e1-4e97-aa27-7ee31eae2a92" testId="2094e3f3-bb74-95c3-1e50-e6fdef78ea13" testName="GetTokenResponseAsync_HttpStatusIsNotOk_IdpExceptionIsThrown (VideoOS.IdentityServer.Common.Exceptions.InternalServerErrorException,InternalServerError)" computerName="DKSR-EFI-04" duration="00:00:00.0010282" startTime="2023-12-22T09:32:40.7247515+01:00" endTime="2023-12-22T09:32:40.7247515+01:00" testType="13cdc9d9-ddb5-4fa4-a97d-d965ccfc6d4b" outcome="Passed" testListId="8c84fa94-04c1-424b-9868-57a2d4851a1d" relativeResultsDirectory="44fd98bc-e8e1-4e97-aa27-7ee31eae2a92" />
    <UnitTestResult executionId="516e892e-270e-4328-8f6a-d24ef8c27ead" testId="37e4a981-a5bb-fc1d-cb06-e50341eef0d3" testName="ValidateIdpServer_SimulateValidResponseFromOAuthServer_WithInvalidCertificate" computerName="DKSR-EFI-04" duration="00:00:00.0017557" startTime="2023-12-22T09:32:44.5997721+01:00" endTime="2023-12-22T09:32:44.5997721+01:00" testType="13cdc9d9-ddb5-4fa4-a97d-d965ccfc6d4b" outcome="Passed" testListId="8c84fa94-04c1-424b-9868-57a2d4851a1d" relativeResultsDirectory="516e892e-270e-4328-8f6a-d24ef8c27ead" />
    <UnitTestResult executionId="c26cfb44-f758-449b-885d-241f78040e5f" testId="b9e2ee06-91b7-acf8-fabd-84e17e5fc555" testName="GetUsers_ResponseHasSuccessfulStatusCode_CorrectRequestUriIsPassedAndUserIsReturned" computerName="DKSR-EFI-04" duration="00:00:00.0072554" startTime="2023-12-22T09:32:47.3341579+01:00" endTime="2023-12-22T09:32:47.3341579+01:00" testType="13cdc9d9-ddb5-4fa4-a97d-d965ccfc6d4b" outcome="Passed" testListId="8c84fa94-04c1-424b-9868-57a2d4851a1d" relativeResultsDirectory="c26cfb44-f758-449b-885d-241f78040e5f" />
    <UnitTestResult executionId="d3a4dab8-3e05-467c-91fc-febde4d7b304" testId="b03e8e27-9937-91b2-5c08-fa8ff907b26f" testName="Constructor_Successful" computerName="DKSR-EFI-04" duration="00:00:00.0001325" startTime="2023-12-22T09:32:47.2247837+01:00" endTime="2023-12-22T09:32:47.2247837+01:00" testType="13cdc9d9-ddb5-4fa4-a97d-d965ccfc6d4b" outcome="Passed" testListId="8c84fa94-04c1-424b-9868-57a2d4851a1d" relativeResultsDirectory="d3a4dab8-3e05-467c-91fc-febde4d7b304" />
    <UnitTestResult executionId="bcb91f24-f87a-441f-b303-1df94bc48827" testId="19645128-e202-44ae-34e1-bebb765d5926" testName="GetClaimValue_IdTokenNotRetrieved_Throws_InvalidOperationException" computerName="DKSR-EFI-04" duration="00:00:00.0010267" startTime="2023-12-22T09:32:48.5997892+01:00" endTime="2023-12-22T09:32:48.5997892+01:00" testType="13cdc9d9-ddb5-4fa4-a97d-d965ccfc6d4b" outcome="Passed" testListId="8c84fa94-04c1-424b-9868-57a2d4851a1d" relativeResultsDirectory="bcb91f24-f87a-441f-b303-1df94bc48827" />
    <UnitTestResult executionId="23f308d2-0351-49d4-ad80-42f92d25daa6" testId="3c174b71-d834-497d-cddf-1a3c06acc75d" testName="Start_TimeToTokenExpireOver5min_TokenCacheNotUpdated" computerName="DKSR-EFI-04" duration="00:00:00.0037895" startTime="2023-12-22T09:32:48.4435385+01:00" endTime="2023-12-22T09:32:48.4435385+01:00" testType="13cdc9d9-ddb5-4fa4-a97d-d965ccfc6d4b" outcome="Passed" testListId="8c84fa94-04c1-424b-9868-57a2d4851a1d" relativeResultsDirectory="23f308d2-0351-49d4-ad80-42f92d25daa6" />
    <UnitTestResult executionId="4202e3c5-ae5e-4948-8ad5-769d11a1f6ec" testId="ddfbb81c-2b69-a408-6560-2aedf261697f" testName="GetUser_ResponseHasSuccessfulStatusCode_CorrectRequestUriIsPassedAndUserIsReturned" computerName="DKSR-EFI-04" duration="00:00:00.0073598" startTime="2023-12-22T09:32:47.3029077+01:00" endTime="2023-12-22T09:32:47.3029077+01:00" testType="13cdc9d9-ddb5-4fa4-a97d-d965ccfc6d4b" outcome="Passed" testListId="8c84fa94-04c1-424b-9868-57a2d4851a1d" relativeResultsDirectory="4202e3c5-ae5e-4948-8ad5-769d11a1f6ec" />
    <UnitTestResult executionId="1859ab7b-d88a-4e74-b599-fa63cd1223fe" testId="d31208f6-32e8-d301-b39b-41ee13f7023e" testName="VerifyEndpointSupportsSsl_InvalidParam_Null_ValidTimeout_Throws_ArgumentNullException" computerName="DKSR-EFI-04" duration="00:00:00.0005674" startTime="2023-12-22T09:32:47.1466556+01:00" endTime="2023-12-22T09:32:47.1466556+01:00" testType="13cdc9d9-ddb5-4fa4-a97d-d965ccfc6d4b" outcome="Passed" testListId="8c84fa94-04c1-424b-9868-57a2d4851a1d" relativeResultsDirectory="1859ab7b-d88a-4e74-b599-fa63cd1223fe" />
    <UnitTestResult executionId="225405b8-9126-476f-a7ce-3b3432562e7b" testId="07e017ec-27c0-e3c7-e86f-7418562949bd" testName="Start_TokenRefreshFailed_StartTimerInterval5" computerName="DKSR-EFI-04" duration="00:00:00.0034467" startTime="2023-12-22T09:32:48.4122866+01:00" endTime="2023-12-22T09:32:48.4122866+01:00" testType="13cdc9d9-ddb5-4fa4-a97d-d965ccfc6d4b" outcome="Passed" testListId="8c84fa94-04c1-424b-9868-57a2d4851a1d" relativeResultsDirectory="225405b8-9126-476f-a7ce-3b3432562e7b" />
    <UnitTestResult executionId="602cd916-9694-4f7e-b45c-5bbf2ed3df62" testId="6edb9734-0085-61fb-03c0-8905f287bd8a" testName="GetTrustedIssuers_AccessTokenIsNull_ThrowArgumentException" computerName="DKSR-EFI-04" duration="00:00:00.0013635" startTime="2023-12-22T09:32:47.7872839+01:00" endTime="2023-12-22T09:32:47.7872839+01:00" testType="13cdc9d9-ddb5-4fa4-a97d-d965ccfc6d4b" outcome="Passed" testListId="8c84fa94-04c1-424b-9868-57a2d4851a1d" relativeResultsDirectory="602cd916-9694-4f7e-b45c-5bbf2ed3df62" />
    <UnitTestResult executionId="093fd765-947f-4676-9553-359473a8e4d2" testId="8b0bbd88-d4e3-018e-eff8-fdef5f0617d3" testName="HandleException_WebException_Status_KeepAliveFailure_ReturnsTrue" computerName="DKSR-EFI-04" duration="00:00:00.0001642" startTime="2023-12-22T09:32:47.2560308+01:00" endTime="2023-12-22T09:32:47.2560308+01:00" testType="13cdc9d9-ddb5-4fa4-a97d-d965ccfc6d4b" outcome="Passed" testListId="8c84fa94-04c1-424b-9868-57a2d4851a1d" relativeResultsDirectory="093fd765-947f-4676-9553-359473a8e4d2" />
    <UnitTestResult executionId="b95ad5c8-e85c-481f-bac7-a6c180b5df4c" testId="23744893-3ce4-b3c9-e589-b7048486411c" testName="BeforeSendRequest_ThrowsHttpRequestExceptionWithWebException_ThrowsEndpointNotFoundException (NameResolutionFailure)" computerName="DKSR-EFI-04" duration="00:00:00.0002081" startTime="2023-12-22T09:32:48.0060358+01:00" endTime="2023-12-22T09:32:48.0060358+01:00" testType="13cdc9d9-ddb5-4fa4-a97d-d965ccfc6d4b" outcome="Passed" testListId="8c84fa94-04c1-424b-9868-57a2d4851a1d" relativeResultsDirectory="b95ad5c8-e85c-481f-bac7-a6c180b5df4c" />
    <UnitTestResult executionId="8f7b8a27-d5ae-416e-a70f-e79de9a738f4" testId="0d4bd5fb-a3e0-f3c1-4f95-139d2488ddad" testName="ValidateToken_SignatureKeyNotFoundMinimumRefreshIntervalNotReached_RefreshNotRequested" computerName="DKSR-EFI-04" duration="00:00:00.2772908" startTime="2023-12-22T09:32:41.4591303+01:00" endTime="2023-12-22T09:32:41.7403816+01:00" testType="13cdc9d9-ddb5-4fa4-a97d-d965ccfc6d4b" outcome="Passed" testListId="8c84fa94-04c1-424b-9868-57a2d4851a1d" relativeResultsDirectory="8f7b8a27-d5ae-416e-a70f-e79de9a738f4" />
    <UnitTestResult executionId="af6cb4b3-4869-41ab-b89e-9b2f551813c6" testId="8a9bf480-5820-5db4-cbbc-995cdda4b03b" testName="Start_TimeToTokenExpireUnder5min_TriesToGetNewToken" computerName="DKSR-EFI-04" duration="00:00:00.0026132" startTime="2023-12-22T09:32:48.5685383+01:00" endTime="2023-12-22T09:32:48.5685383+01:00" testType="13cdc9d9-ddb5-4fa4-a97d-d965ccfc6d4b" outcome="Passed" testListId="8c84fa94-04c1-424b-9868-57a2d4851a1d" relativeResultsDirectory="af6cb4b3-4869-41ab-b89e-9b2f551813c6" />
    <UnitTestResult executionId="f2de4d0d-8f1f-42cb-a305-7f5f3787b25c" testId="d85ce454-c380-2ac2-ff60-059c934c0c87" testName="ValidateToken_Success_ClaimsPrincipal" computerName="DKSR-EFI-04" duration="00:00:00.6284641" startTime="2023-12-22T09:32:40.8341262+01:00" endTime="2023-12-22T09:32:41.4591303+01:00" testType="13cdc9d9-ddb5-4fa4-a97d-d965ccfc6d4b" outcome="Passed" testListId="8c84fa94-04c1-424b-9868-57a2d4851a1d" relativeResultsDirectory="f2de4d0d-8f1f-42cb-a305-7f5f3787b25c" />
    <UnitTestResult executionId="058449fb-e1c2-43a4-bd50-03e832a2d702" testId="490eb431-6d13-ab7d-b1eb-cfc423ab2fff" testName="BuildFullUri_HasUnencodedParts_PartsAreEncoded (a+b;c,a^!)" computerName="DKSR-EFI-04" duration="00:00:00.0000800" startTime="2023-12-22T09:32:44.1310201+01:00" endTime="2023-12-22T09:32:44.1310201+01:00" testType="13cdc9d9-ddb5-4fa4-a97d-d965ccfc6d4b" outcome="Passed" testListId="8c84fa94-04c1-424b-9868-57a2d4851a1d" relativeResultsDirectory="058449fb-e1c2-43a4-bd50-03e832a2d702" />
    <UnitTestResult executionId="cd099e8f-459f-4483-9beb-3638647c2baa" testId="0849ef5c-5ece-5fd5-f289-447abc0f32b7" testName="GetEventLogs_NumberToReturnIsOutOfRange_ThrowsArgumentOutOfRangeException (0)" computerName="DKSR-EFI-04" duration="00:00:00.0001242" startTime="2023-12-22T09:32:47.6622842+01:00" endTime="2023-12-22T09:32:47.6622842+01:00" testType="13cdc9d9-ddb5-4fa4-a97d-d965ccfc6d4b" outcome="Passed" testListId="8c84fa94-04c1-424b-9868-57a2d4851a1d" relativeResultsDirectory="cd099e8f-459f-4483-9beb-3638647c2baa" />
    <UnitTestResult executionId="a42cdfed-3087-45d6-946e-334058ab6382" testId="fb9a0fbc-d523-38e7-fa29-68166d7c4694" testName="Retrieve_EmptyProvider_ThrowsArgumentNullException" computerName="DKSR-EFI-04" duration="00:00:00.0011679" startTime="2023-12-22T09:32:47.1935335+01:00" endTime="2023-12-22T09:32:47.2091578+01:00" testType="13cdc9d9-ddb5-4fa4-a97d-d965ccfc6d4b" outcome="Passed" testListId="8c84fa94-04c1-424b-9868-57a2d4851a1d" relativeResultsDirectory="a42cdfed-3087-45d6-946e-334058ab6382" />
    <UnitTestResult executionId="ce5ed5cb-9e1f-41cb-96de-311a730959ac" testId="1ad62dd9-f5f4-acc1-288e-32afb8d0c153" testName="ValidateToken_CancellationIsRequested_ThrowOperationCanceledException" computerName="DKSR-EFI-04" duration="00:00:00.0035035" startTime="2023-12-22T09:32:42.3966354+01:00" endTime="2023-12-22T09:32:42.3966354+01:00" testType="13cdc9d9-ddb5-4fa4-a97d-d965ccfc6d4b" outcome="Passed" testListId="8c84fa94-04c1-424b-9868-57a2d4851a1d" relativeResultsDirectory="ce5ed5cb-9e1f-41cb-96de-311a730959ac" />
    <UnitTestResult executionId="2d211ccb-efd6-4e0a-8b43-bfb75bdbf615" testId="52f18a4a-df7a-b0a9-8294-4256ba81d7da" testName="ValidateIdpServer_SimulateInvalidResponseFromOAuthServer_UnsecureIdpNotAvailable_SecureIdpAvailable_InvalidCertificate" computerName="DKSR-EFI-04" duration="00:00:00.0012835" startTime="2023-12-22T09:32:47.1310340+01:00" endTime="2023-12-22T09:32:47.1310340+01:00" testType="13cdc9d9-ddb5-4fa4-a97d-d965ccfc6d4b" outcome="Passed" testListId="8c84fa94-04c1-424b-9868-57a2d4851a1d" relativeResultsDirectory="2d211ccb-efd6-4e0a-8b43-bfb75bdbf615" />
    <UnitTestResult executionId="d9fe6ae5-e76b-42f6-b5ea-fcc0ee179a5d" testId="7a8926d4-b9a3-8330-c659-fa45110afd0c" testName="GetClaimValue_IdTokenRetrieved_ClaimNotThere_ReturnsNull" computerName="DKSR-EFI-04" duration="00:00:00.0022721" startTime="2023-12-22T09:32:48.4904128+01:00" endTime="2023-12-22T09:32:48.4904128+01:00" testType="13cdc9d9-ddb5-4fa4-a97d-d965ccfc6d4b" outcome="Passed" testListId="8c84fa94-04c1-424b-9868-57a2d4851a1d" relativeResultsDirectory="d9fe6ae5-e76b-42f6-b5ea-fcc0ee179a5d" />
    <UnitTestResult executionId="18c13223-ae71-4920-86bb-2072ac7ffc25" testId="2c55edee-6a96-66e5-7447-ae0a0f99cbe5" testName="CreateLogin_ResponseHasSuccessfulStatusCode_CorrectRequestUriIsPassedAndLoginIsReturned" computerName="DKSR-EFI-04" duration="00:00:00.0084651" startTime="2023-12-22T09:32:47.5372851+01:00" endTime="2023-12-22T09:32:47.5529091+01:00" testType="13cdc9d9-ddb5-4fa4-a97d-d965ccfc6d4b" outcome="Passed" testListId="8c84fa94-04c1-424b-9868-57a2d4851a1d" relativeResultsDirectory="18c13223-ae71-4920-86bb-2072ac7ffc25" />
    <UnitTestResult executionId="81504206-2fa6-4c72-8505-20f8c7a998f9" testId="8960bb52-9b82-13fc-c2b9-b466022a1aa2" testName="ValidateToken_TokenIsNull_ThrowArgumentNullException" computerName="DKSR-EFI-04" duration="00:00:00.0660899" startTime="2023-12-22T09:32:42.3185101+01:00" endTime="2023-12-22T09:32:42.3810081+01:00" testType="13cdc9d9-ddb5-4fa4-a97d-d965ccfc6d4b" outcome="Passed" testListId="8c84fa94-04c1-424b-9868-57a2d4851a1d" relativeResultsDirectory="81504206-2fa6-4c72-8505-20f8c7a998f9" />
    <UnitTestResult executionId="4ee63c73-fb5c-4844-a019-093bdfc28996" testId="98edab49-64e8-bcaf-beed-559fb53bdf3f" testName="CreateException_DuplicateAdminIdentity_Is_DuplicateAdminIdentityException" computerName="DKSR-EFI-04" duration="00:00:00.0002766" startTime="2023-12-22T09:32:48.7091645+01:00" endTime="2023-12-22T09:32:48.7091645+01:00" testType="13cdc9d9-ddb5-4fa4-a97d-d965ccfc6d4b" outcome="Passed" testListId="8c84fa94-04c1-424b-9868-57a2d4851a1d" relativeResultsDirectory="4ee63c73-fb5c-4844-a019-093bdfc28996" />
    <UnitTestResult executionId="99d898fd-04ff-473a-a80a-c8ed79a7cea8" testId="07860993-0a42-4d7c-0b94-185b0186e197" testName="SendRequest_ResponseHasBadStatusCode_ThrowIdpException (NotImplemented)" computerName="DKSR-EFI-04" duration="00:00:00.0006891" startTime="2023-12-22T09:32:44.0060174+01:00" endTime="2023-12-22T09:32:44.0060174+01:00" testType="13cdc9d9-ddb5-4fa4-a97d-d965ccfc6d4b" outcome="Passed" testListId="8c84fa94-04c1-424b-9868-57a2d4851a1d" relativeResultsDirectory="99d898fd-04ff-473a-a80a-c8ed79a7cea8" />
    <UnitTestResult executionId="f43ca845-9e84-4f6a-bb79-03c479e49aa0" testId="d3545ea5-dab7-481a-2ef9-e3a4a28edd41" testName="CreateUserCollection_AccessTokenIsNull_ThrowArgumentException" computerName="DKSR-EFI-04" duration="00:00:00.0015326" startTime="2023-12-22T09:32:47.4904086+01:00" endTime="2023-12-22T09:32:47.4904086+01:00" testType="13cdc9d9-ddb5-4fa4-a97d-d965ccfc6d4b" outcome="Passed" testListId="8c84fa94-04c1-424b-9868-57a2d4851a1d" relativeResultsDirectory="f43ca845-9e84-4f6a-bb79-03c479e49aa0" />
    <UnitTestResult executionId="5206c69d-3c90-43ec-88f1-9e29013d85a8" testId="9aba6afc-33b4-b3ea-f2ba-94221cb99165" testName="Constructor_NullProvider_ThrowsArgumentNullException" computerName="DKSR-EFI-04" duration="00:00:00.0007173" startTime="2023-12-22T09:32:40.6622510+01:00" endTime="2023-12-22T09:32:40.6622510+01:00" testType="13cdc9d9-ddb5-4fa4-a97d-d965ccfc6d4b" outcome="Passed" testListId="8c84fa94-04c1-424b-9868-57a2d4851a1d" relativeResultsDirectory="5206c69d-3c90-43ec-88f1-9e29013d85a8" />
    <UnitTestResult executionId="ccbc84c2-9629-4413-8f23-08625bd0c0c1" testId="063fc5d6-7093-4898-586d-f7c91da3d90a" testName="VerifyEndpointSupportsSsl_InvalidParam_RelativeUri_ValidTimeout_Throws_ArgumentException" computerName="DKSR-EFI-04" duration="00:00:00.0005619" startTime="2023-12-22T09:32:47.1622821+01:00" endTime="2023-12-22T09:32:47.1622821+01:00" testType="13cdc9d9-ddb5-4fa4-a97d-d965ccfc6d4b" outcome="Passed" testListId="8c84fa94-04c1-424b-9868-57a2d4851a1d" relativeResultsDirectory="ccbc84c2-9629-4413-8f23-08625bd0c0c1" />
    <UnitTestResult executionId="8c0e97c0-2d97-4c77-a5fd-d79164487c2b" testId="437f2012-d0bd-9480-97fb-1b4e5a423d3b" testName="CreateException_AnythingElse_Is_DefaultErrorException" computerName="DKSR-EFI-04" duration="00:00:00.0002143" startTime="2023-12-22T09:32:48.7404144+01:00" endTime="2023-12-22T09:32:48.7404144+01:00" testType="13cdc9d9-ddb5-4fa4-a97d-d965ccfc6d4b" outcome="Passed" testListId="8c84fa94-04c1-424b-9868-57a2d4851a1d" relativeResultsDirectory="8c0e97c0-2d97-4c77-a5fd-d79164487c2b" />
    <UnitTestResult executionId="cd3f0a2b-ce21-478f-85d1-5357ede849e7" testId="dc2936a8-a88a-b2cd-9a40-e8ec53aed396" testName="BeforeSendRequest_ThrowsIdentityServerTokenException_ThrowsIdentityServerTokenException" computerName="DKSR-EFI-04" duration="00:00:00.0011402" startTime="2023-12-22T09:32:47.9904128+01:00" endTime="2023-12-22T09:32:47.9904128+01:00" testType="13cdc9d9-ddb5-4fa4-a97d-d965ccfc6d4b" outcome="Passed" testListId="8c84fa94-04c1-424b-9868-57a2d4851a1d" relativeResultsDirectory="cd3f0a2b-ce21-478f-85d1-5357ede849e7" />
    <UnitTestResult executionId="b0c81cf8-a4f1-49a8-b9bd-390db13659bf" testId="deca3051-566c-ab49-e061-aefe5abff9fe" testName="CreateException_ArgumentsNotResolved_Is_BadArgumentsException" computerName="DKSR-EFI-04" duration="00:00:00.0001930" startTime="2023-12-22T09:32:48.6935397+01:00" endTime="2023-12-22T09:32:48.6935397+01:00" testType="13cdc9d9-ddb5-4fa4-a97d-d965ccfc6d4b" outcome="Passed" testListId="8c84fa94-04c1-424b-9868-57a2d4851a1d" relativeResultsDirectory="b0c81cf8-a4f1-49a8-b9bd-390db13659bf" />
    <UnitTestResult executionId="cb6bf136-4e09-464e-b1d3-5d8a78f54e79" testId="a4176163-6edd-669e-35fb-02700dc32d3b" testName="DeleteUser_ResponseHasSuccessfulStatusCode_CorrectRequestUriIsPassed" computerName="DKSR-EFI-04" duration="00:00:00.0083074" startTime="2023-12-22T09:32:47.4279098+01:00" endTime="2023-12-22T09:32:47.4435346+01:00" testType="13cdc9d9-ddb5-4fa4-a97d-d965ccfc6d4b" outcome="Passed" testListId="8c84fa94-04c1-424b-9868-57a2d4851a1d" relativeResultsDirectory="cb6bf136-4e09-464e-b1d3-5d8a78f54e79" />
    <UnitTestResult executionId="24d64856-74a9-4cd1-b184-1c32e98ca87f" testId="d88306ca-9afa-8148-3367-97d6e4d284e8" testName="BeforeSendRequest_ThrowsHttpRequestExceptionWithWebException_ThrowsCommunicationException (ProxyNameResolutionFailure)" computerName="DKSR-EFI-04" duration="00:00:00.0001698" startTime="2023-12-22T09:32:48.0529123+01:00" endTime="2023-12-22T09:32:48.0529123+01:00" testType="13cdc9d9-ddb5-4fa4-a97d-d965ccfc6d4b" outcome="Passed" testListId="8c84fa94-04c1-424b-9868-57a2d4851a1d" relativeResultsDirectory="24d64856-74a9-4cd1-b184-1c32e98ca87f" />
    <UnitTestResult executionId="1d447977-65e4-46c6-9d53-a36da3b9fa5b" testId="6ce955a0-0761-b09e-dcca-c2383b742171" testName="BeforeSendRequest_HttpRequestMessagePropertyHasNotBeenSet_HttpRequestMessagePropertyIsAddedWithAnAuthorizationHeaderWithBearerScheme" computerName="DKSR-EFI-04" duration="00:00:00.0944593" startTime="2023-12-22T09:32:47.8810362+01:00" endTime="2023-12-22T09:32:47.9747848+01:00" testType="13cdc9d9-ddb5-4fa4-a97d-d965ccfc6d4b" outcome="Passed" testListId="8c84fa94-04c1-424b-9868-57a2d4851a1d" relativeResultsDirectory="1d447977-65e4-46c6-9d53-a36da3b9fa5b" />
    <UnitTestResult executionId="50382382-7fb1-45c5-814b-87bd19d6937b" testId="1b2a48cb-3076-b35a-c216-de57ac818d9a" testName="HasValidScheme_UriIsGopher_ReturnsTrue" computerName="DKSR-EFI-04" duration="00:00:00.0001677" startTime="2023-12-22T09:32:47.2872843+01:00" endTime="2023-12-22T09:32:47.2872843+01:00" testType="13cdc9d9-ddb5-4fa4-a97d-d965ccfc6d4b" outcome="Passed" testListId="8c84fa94-04c1-424b-9868-57a2d4851a1d" relativeResultsDirectory="50382382-7fb1-45c5-814b-87bd19d6937b" />
    <UnitTestResult executionId="52b659e5-d489-44f8-a5e1-8fbf3d5cee34" testId="bef49fa8-35a0-c104-c37a-933b8d6f8b64" testName="SendRequest_ResponseHasBadStatusCode_ThrowIdpException (RequestedRangeNotSatisfiable)" computerName="DKSR-EFI-04" duration="00:00:00.0006821" startTime="2023-12-22T09:32:43.9903936+01:00" endTime="2023-12-22T09:32:43.9903936+01:00" testType="13cdc9d9-ddb5-4fa4-a97d-d965ccfc6d4b" outcome="Passed" testListId="8c84fa94-04c1-424b-9868-57a2d4851a1d" relativeResultsDirectory="52b659e5-d489-44f8-a5e1-8fbf3d5cee34" />
    <UnitTestResult executionId="2b540640-f440-49f9-a82d-c747fafe7538" testId="4dc452ef-89de-ef92-35ba-5de565a80983" testName="IdpTokenClient_NullCredentials_HttpClientConfiguredToUseDefualtCredentials" computerName="DKSR-EFI-04" duration="00:00:00.0094237" startTime="2023-12-22T09:32:44.4122709+01:00" endTime="2023-12-22T09:32:44.4278961+01:00" testType="13cdc9d9-ddb5-4fa4-a97d-d965ccfc6d4b" outcome="Passed" testListId="8c84fa94-04c1-424b-9868-57a2d4851a1d" relativeResultsDirectory="2b540640-f440-49f9-a82d-c747fafe7538" />
    <UnitTestResult executionId="afd5ec15-e3ba-46ba-84d4-012b0c1a059d" testId="d35048be-1680-5fe1-6d7b-c9c557f71eff" testName="GetUsersAfterModifiedDate_DateTimeIsSet_UriQueryContainsTheFilter" computerName="DKSR-EFI-04" duration="00:00:00.0169834" startTime="2023-12-22T09:32:47.6779107+01:00" endTime="2023-12-22T09:32:47.6935344+01:00" testType="13cdc9d9-ddb5-4fa4-a97d-d965ccfc6d4b" outcome="Passed" testListId="8c84fa94-04c1-424b-9868-57a2d4851a1d" relativeResultsDirectory="afd5ec15-e3ba-46ba-84d4-012b0c1a059d" />
    <UnitTestResult executionId="af160c32-2dcb-487f-8ce9-efb990ec9fcc" testId="ee4023a9-7ef5-de07-c4fc-93e795d5baa7" testName="SendRequest_ResponseHasStatusCodeAndCustomIdpError_ThrowCorrectIdpException (400,LoginAlreadyAssociated,VideoOS.IdentityServer.Common.Exceptions.LoginAlreadyAssociatedException)" computerName="DKSR-EFI-04" duration="00:00:00.0008862" startTime="2023-12-22T09:32:44.0216434+01:00" endTime="2023-12-22T09:32:44.0528929+01:00" testType="13cdc9d9-ddb5-4fa4-a97d-d965ccfc6d4b" outcome="Passed" testListId="8c84fa94-04c1-424b-9868-57a2d4851a1d" relativeResultsDirectory="af160c32-2dcb-487f-8ce9-efb990ec9fcc" />
    <UnitTestResult executionId="c01d2db1-82ce-4ffa-acc3-f2aff2281684" testId="bf3ad47a-9250-f8b8-31e2-5fe2764ad9e8" testName="CreateException_AdminIdentityNotFound_Is_DuplicateAdminIdentityException" computerName="DKSR-EFI-04" duration="00:00:00.0003137" startTime="2023-12-22T09:32:48.7404144+01:00" endTime="2023-12-22T09:32:48.7404144+01:00" testType="13cdc9d9-ddb5-4fa4-a97d-d965ccfc6d4b" outcome="Passed" testListId="8c84fa94-04c1-424b-9868-57a2d4851a1d" relativeResultsDirectory="c01d2db1-82ce-4ffa-acc3-f2aff2281684" />
    <UnitTestResult executionId="4d112687-3165-4f86-ba51-60e26322baa4" testId="11a7072a-d21b-7c2a-b062-98fe08e0c6dd" testName="HandleException_InnerException_WebException_Status_ConnectionClosed_ReturnsTrue" computerName="DKSR-EFI-04" duration="00:00:00.0001808" startTime="2023-12-22T09:32:47.2560308+01:00" endTime="2023-12-22T09:32:47.2560308+01:00" testType="13cdc9d9-ddb5-4fa4-a97d-d965ccfc6d4b" outcome="Passed" testListId="8c84fa94-04c1-424b-9868-57a2d4851a1d" relativeResultsDirectory="4d112687-3165-4f86-ba51-60e26322baa4" />
    <UnitTestResult executionId="8a4b7cf5-a9e7-434d-9a3b-6a5b7d47bf05" testId="4fec9ec7-a715-f40d-70ae-2bde7321c0b8" testName="SendRequest_ResponseHasBadStatusCode_ThrowIdpException (ProxyAuthenticationRequired)" computerName="DKSR-EFI-04" duration="00:00:00.0007466" startTime="2023-12-22T09:32:43.9591432+01:00" endTime="2023-12-22T09:32:43.9591432+01:00" testType="13cdc9d9-ddb5-4fa4-a97d-d965ccfc6d4b" outcome="Passed" testListId="8c84fa94-04c1-424b-9868-57a2d4851a1d" relativeResultsDirectory="8a4b7cf5-a9e7-434d-9a3b-6a5b7d47bf05" />
    <UnitTestResult executionId="578533d3-426f-4271-b028-ba458fe1d17b" testId="ee4023a9-7ef5-de07-c4fc-93e795d5baa7" testName="SendRequest_ResponseHasStatusCodeAndCustomIdpError_ThrowCorrectIdpException (400,UserLockoutNotEnabled,VideoOS.IdentityServer.Common.Exceptions.DefaultErrorException)" computerName="DKSR-EFI-04" duration="00:00:00.0007801" startTime="2023-12-22T09:32:44.0216434+01:00" endTime="2023-12-22T09:32:44.0528929+01:00" testType="13cdc9d9-ddb5-4fa4-a97d-d965ccfc6d4b" outcome="Passed" testListId="8c84fa94-04c1-424b-9868-57a2d4851a1d" relativeResultsDirectory="578533d3-426f-4271-b028-ba458fe1d17b" />
    <UnitTestResult executionId="575826e9-a844-4ca9-b228-d81f6819ffbf" testId="1c871e62-fc07-15be-cc5c-68162573f4bc" testName="ValidateIdpServer_SimulateValidResponseFromOAuthServer_WithValidCertificate_IdpOpenConfigurationNotAvailable" computerName="DKSR-EFI-04" duration="00:00:00.0017002" startTime="2023-12-22T09:32:44.6153970+01:00" endTime="2023-12-22T09:32:44.6153970+01:00" testType="13cdc9d9-ddb5-4fa4-a97d-d965ccfc6d4b" outcome="Passed" testListId="8c84fa94-04c1-424b-9868-57a2d4851a1d" relativeResultsDirectory="575826e9-a844-4ca9-b228-d81f6819ffbf" />
    <UnitTestResult executionId="5df20df6-46d6-487a-a5b3-bd98ba43f571" testId="c25f8796-8fb8-e9c9-dc4c-16994d769571" testName="GetAsync_ErrorTypeException_DiscoveryResponseIsError" computerName="DKSR-EFI-04" duration="00:00:00.0047260" startTime="2023-12-22T09:32:43.3028904+01:00" endTime="2023-12-22T09:32:43.3028904+01:00" testType="13cdc9d9-ddb5-4fa4-a97d-d965ccfc6d4b" outcome="Passed" testListId="8c84fa94-04c1-424b-9868-57a2d4851a1d" relativeResultsDirectory="5df20df6-46d6-487a-a5b3-bd98ba43f571" />
    <UnitTestResult executionId="f9af3433-e8dd-4693-b30a-c8b7b3a6e244" testId="d881db98-d513-4483-6745-6376d9bd922f" testName="BuildFullUri_HasUnencodedParts_PartsAreEncoded (123,1 2 3=)" computerName="DKSR-EFI-04" duration="00:00:00.0000656" startTime="2023-12-22T09:32:44.1310201+01:00" endTime="2023-12-22T09:32:44.1310201+01:00" testType="13cdc9d9-ddb5-4fa4-a97d-d965ccfc6d4b" outcome="Passed" testListId="8c84fa94-04c1-424b-9868-57a2d4851a1d" relativeResultsDirectory="f9af3433-e8dd-4693-b30a-c8b7b3a6e244" />
    <UnitTestResult executionId="d7d71444-c992-46fb-8fd8-70028f6edbdf" testId="f740022f-70ee-66e1-da38-2c4767f72ea7" testName="UserName_HasNameClaim_ReturnsUserName" computerName="DKSR-EFI-04" duration="00:00:00.0016932" startTime="2023-12-22T09:32:48.6154115+01:00" endTime="2023-12-22T09:32:48.6154115+01:00" testType="13cdc9d9-ddb5-4fa4-a97d-d965ccfc6d4b" outcome="Passed" testListId="8c84fa94-04c1-424b-9868-57a2d4851a1d" relativeResultsDirectory="d7d71444-c992-46fb-8fd8-70028f6edbdf" />
    <UnitTestResult executionId="bcca551b-ca77-4529-8ae2-30ff1f8512ec" testId="1cd4fe94-7bb9-0d0d-a095-b6d8dbddc0b6" testName="SendRequest_ResponseHasBadStatusCode_ThrowIdpException (PaymentRequired)" computerName="DKSR-EFI-04" duration="00:00:00.0007880" startTime="2023-12-22T09:32:43.9435174+01:00" endTime="2023-12-22T09:32:43.9435174+01:00" testType="13cdc9d9-ddb5-4fa4-a97d-d965ccfc6d4b" outcome="Passed" testListId="8c84fa94-04c1-424b-9868-57a2d4851a1d" relativeResultsDirectory="bcca551b-ca77-4529-8ae2-30ff1f8512ec" />
  </Results>
  <TestDefinitions>
    <UnitTest name="CreateException_404_Is_NotFoundException" storage="d:\actions-runner\_work\xpco\xpco\common\videoos.identityserver.common\videoos.identityserver.common.unittests\bin\debug\net47\videoos.identityserver.common.unittests.dll" id="3c121194-5cce-c4ca-1fab-08ec04d15250">
      <Execution id="e7410460-95e4-4b0f-881e-67bac05de334" />
      <TestMethod codeBase="D:\actions-runner\_work\XPCO\XPCO\Common\VideoOS.IdentityServer.Common\VideoOS.IdentityServer.Common.UnitTests\bin\Debug\net47\VideoOS.IdentityServer.Common.UnitTests.dll" adapterTypeName="executor://mstestadapter/v2" className="VideoOS.IdentityServer.Common.UnitTests.Exceptions.IdpExceptionFactoryTests" name="CreateException_404_Is_NotFoundException" />
    </UnitTest>
    <UnitTest name="RefreshToken_StartIsNotCalled_RefreshTokenCallsStart" storage="d:\actions-runner\_work\xpco\xpco\common\videoos.identityserver.common\videoos.identityserver.common.unittests\bin\debug\net47\videoos.identityserver.common.unittests.dll" id="62ab3ade-1e62-63bc-67fe-f16a91fdcb03">
      <Execution id="59650644-792e-4a64-8649-14e53e37930b" />
      <TestMethod codeBase="D:\actions-runner\_work\XPCO\XPCO\Common\VideoOS.IdentityServer.Common\VideoOS.IdentityServer.Common.UnitTests\bin\Debug\net47\VideoOS.IdentityServer.Common.UnitTests.dll" adapterTypeName="executor://mstestadapter/v2" className="VideoOS.IdentityServer.Common.UnitTests.Handlers.TokenCacheTests" name="RefreshToken_StartIsNotCalled_RefreshTokenCallsStart" />
    </UnitTest>
    <UnitTest name="RegisterClient_ClientIdIsNull_ThrowArgumentException" storage="d:\actions-runner\_work\xpco\xpco\common\videoos.identityserver.common\videoos.identityserver.common.unittests\bin\debug\net47\videoos.identityserver.common.unittests.dll" id="40fe9f87-53fc-abc6-c420-fc69d725d508">
      <Execution id="baba28f2-abc3-453d-89c4-32a9724a5799" />
      <TestMethod codeBase="D:\actions-runner\_work\XPCO\XPCO\Common\VideoOS.IdentityServer.Common\VideoOS.IdentityServer.Common.UnitTests\bin\Debug\net47\VideoOS.IdentityServer.Common.UnitTests.dll" adapterTypeName="executor://mstestadapter/v2" className="VideoOS.IdentityServer.Common.UnitTests.IdpRegistrationClientTests" name="RegisterClient_ClientIdIsNull_ThrowArgumentException" />
    </UnitTest>
    <UnitTest name="HasValidScheme_UriIsNews_ReturnsTrue" storage="d:\actions-runner\_work\xpco\xpco\common\videoos.identityserver.common\videoos.identityserver.common.unittests\bin\debug\net47\videoos.identityserver.common.unittests.dll" id="ca7d5be2-14df-0b62-6b71-5f58bc8ff588">
      <Execution id="62d1ba92-fadf-42ac-b330-1d68f4d94558" />
      <TestMethod codeBase="D:\actions-runner\_work\XPCO\XPCO\Common\VideoOS.IdentityServer.Common\VideoOS.IdentityServer.Common.UnitTests\bin\Debug\net47\VideoOS.IdentityServer.Common.UnitTests.dll" adapterTypeName="executor://mstestadapter/v2" className="VideoOS.IdentityServer.Common.UnitTests.Utilities.ServerValidation.UriExtenderTests" name="HasValidScheme_UriIsNews_ReturnsTrue" />
    </UnitTest>
    <UnitTest name="HasValidScheme_UriIsNntp_ReturnsTrue" storage="d:\actions-runner\_work\xpco\xpco\common\videoos.identityserver.common\videoos.identityserver.common.unittests\bin\debug\net47\videoos.identityserver.common.unittests.dll" id="37cca059-17dd-1ce4-7f7a-261dd96b9c03">
      <Execution id="0652c719-3577-4531-9bae-606c109c0088" />
      <TestMethod codeBase="D:\actions-runner\_work\XPCO\XPCO\Common\VideoOS.IdentityServer.Common\VideoOS.IdentityServer.Common.UnitTests\bin\Debug\net47\VideoOS.IdentityServer.Common.UnitTests.dll" adapterTypeName="executor://mstestadapter/v2" className="VideoOS.IdentityServer.Common.UnitTests.Utilities.ServerValidation.UriExtenderTests" name="HasValidScheme_UriIsNntp_ReturnsTrue" />
    </UnitTest>
    <UnitTest name="IdpTokenClient_DefaultNetworksCredentialsAsCredentials_HttpClientConfiguredToUseDefualtCredentials" storage="d:\actions-runner\_work\xpco\xpco\common\videoos.identityserver.common\videoos.identityserver.common.unittests\bin\debug\net47\videoos.identityserver.common.unittests.dll" id="4d922aac-d29d-5603-d614-ad2e17cb5ae6">
      <Execution id="92ad7c9c-9781-45c4-a35b-d828e7bbfd06" />
      <TestMethod codeBase="D:\actions-runner\_work\XPCO\XPCO\Common\VideoOS.IdentityServer.Common\VideoOS.IdentityServer.Common.UnitTests\bin\Debug\net47\VideoOS.IdentityServer.Common.UnitTests.dll" adapterTypeName="executor://mstestadapter/v2" className="VideoOS.IdentityServer.Common.UnitTests.IdpTokenClientTests" name="IdpTokenClient_DefaultNetworksCredentialsAsCredentials_HttpClientConfiguredToUseDefualtCredentials" />
    </UnitTest>
    <UnitTest name="ValidateIdpServer_SimulateValidResponseFromOAuthServer_UnsecureCheckOnly_ReturnsHttpsSecureConnection" storage="d:\actions-runner\_work\xpco\xpco\common\videoos.identityserver.common\videoos.identityserver.common.unittests\bin\debug\net47\videoos.identityserver.common.unittests.dll" id="ebd8b721-48ec-4a9e-4f6a-ce30457acd4f">
      <Execution id="3b0b7b9e-94ac-4e5a-9302-ffbce34c5c98" />
      <TestMethod codeBase="D:\actions-runner\_work\XPCO\XPCO\Common\VideoOS.IdentityServer.Common\VideoOS.IdentityServer.Common.UnitTests\bin\Debug\net47\VideoOS.IdentityServer.Common.UnitTests.dll" adapterTypeName="executor://mstestadapter/v2" className="VideoOS.IdentityServer.Common.UnitTests.IdpServerValidationTests" name="ValidateIdpServer_SimulateValidResponseFromOAuthServer_UnsecureCheckOnly_ReturnsHttpsSecureConnection" />
    </UnitTest>
    <UnitTest name="CreateException_NotAllowed_Is_NotAllowedException" storage="d:\actions-runner\_work\xpco\xpco\common\videoos.identityserver.common\videoos.identityserver.common.unittests\bin\debug\net47\videoos.identityserver.common.unittests.dll" id="f52b848b-cf3f-47b4-506b-dccb77611ec5">
      <Execution id="9e89dd0b-edeb-4d53-abaf-9b5fcac52b91" />
      <TestMethod codeBase="D:\actions-runner\_work\XPCO\XPCO\Common\VideoOS.IdentityServer.Common\VideoOS.IdentityServer.Common.UnitTests\bin\Debug\net47\VideoOS.IdentityServer.Common.UnitTests.dll" adapterTypeName="executor://mstestadapter/v2" className="VideoOS.IdentityServer.Common.UnitTests.Exceptions.IdpExceptionFactoryTests" name="CreateException_NotAllowed_Is_NotAllowedException" />
    </UnitTest>
    <UnitTest name="SendRequest_ResponseHasBadStatusCode_ThrowIdpException (ExpectationFailed)" storage="d:\actions-runner\_work\xpco\xpco\common\videoos.identityserver.common\videoos.identityserver.common.unittests\bin\debug\net47\videoos.identityserver.common.unittests.dll" id="2b9c28db-d91c-099d-ee87-9be4d4baccfb">
      <Execution id="fee3a41a-c105-489e-a566-93b5e7fd5a45" />
      <TestMethod codeBase="D:\actions-runner\_work\XPCO\XPCO\Common\VideoOS.IdentityServer.Common\VideoOS.IdentityServer.Common.UnitTests\bin\Debug\net47\VideoOS.IdentityServer.Common.UnitTests.dll" adapterTypeName="executor://mstestadapter/v2" className="VideoOS.IdentityServer.Common.UnitTests.IdpClientBaseTests" name="SendRequest_ResponseHasBadStatusCode_ThrowIdpException" />
    </UnitTest>
    <UnitTest name="IsTokenExpired_TokenExpiration_ExpiredReturnTrueNotExpiredReturnFalse (-1,True)" storage="d:\actions-runner\_work\xpco\xpco\common\videoos.identityserver.common\videoos.identityserver.common.unittests\bin\debug\net47\videoos.identityserver.common.unittests.dll" id="14d66e4b-1cea-10ac-2eb5-4a21e27a1337">
      <Execution id="6f17d880-d187-4a81-8896-e4e126890785" />
      <TestMethod codeBase="D:\actions-runner\_work\XPCO\XPCO\Common\VideoOS.IdentityServer.Common\VideoOS.IdentityServer.Common.UnitTests\bin\Debug\net47\VideoOS.IdentityServer.Common.UnitTests.dll" adapterTypeName="executor://mstestadapter/v2" className="VideoOS.IdentityServer.Common.UnitTests.Handlers.TokenCacheTests" name="IsTokenExpired_TokenExpiration_ExpiredReturnTrueNotExpiredReturnFalse" />
    </UnitTest>
    <UnitTest name="GetClaimValue_IdTokenRetrieved_ClaimThere_ReturnsClaimValue" storage="d:\actions-runner\_work\xpco\xpco\common\videoos.identityserver.common\videoos.identityserver.common.unittests\bin\debug\net47\videoos.identityserver.common.unittests.dll" id="0e2095e5-7d8e-1183-e8f6-f216b8006a5b">
      <Execution id="7f455f74-e006-485f-91c1-4ca5e5d5c5cb" />
      <TestMethod codeBase="D:\actions-runner\_work\XPCO\XPCO\Common\VideoOS.IdentityServer.Common\VideoOS.IdentityServer.Common.UnitTests\bin\Debug\net47\VideoOS.IdentityServer.Common.UnitTests.dll" adapterTypeName="executor://mstestadapter/v2" className="VideoOS.IdentityServer.Common.UnitTests.Handlers.IdentityServerToken.SimpleTokenCacheTests" name="GetClaimValue_IdTokenRetrieved_ClaimThere_ReturnsClaimValue" />
    </UnitTest>
    <UnitTest name="Construct_DefaultConstructorAndSettings_DoesNotBlowUpOrThrowException" storage="d:\actions-runner\_work\xpco\xpco\common\videoos.identityserver.common\videoos.identityserver.common.unittests\bin\debug\net47\videoos.identityserver.common.unittests.dll" id="e7ba2069-4614-8f70-3802-5e750be986c1">
      <Execution id="9088a240-be04-4bf3-94ea-a18d03083e09" />
      <TestMethod codeBase="D:\actions-runner\_work\XPCO\XPCO\Common\VideoOS.IdentityServer.Common\VideoOS.IdentityServer.Common.UnitTests\bin\Debug\net47\VideoOS.IdentityServer.Common.UnitTests.dll" adapterTypeName="executor://mstestadapter/v2" className="VideoOS.IdentityServer.Common.UnitTests.IdpServerValidationTests" name="Construct_DefaultConstructorAndSettings_DoesNotBlowUpOrThrowException" />
    </UnitTest>
    <UnitTest name="GetEventLogs_NumberToReturnIsOutOfRange_ThrowsArgumentOutOfRangeException (0)" storage="d:\actions-runner\_work\xpco\xpco\common\videoos.identityserver.common\videoos.identityserver.common.unittests\bin\debug\net47\videoos.identityserver.common.unittests.dll" id="0849ef5c-5ece-5fd5-f289-447abc0f32b7">
      <Execution id="cd099e8f-459f-4483-9beb-3638647c2baa" />
      <TestMethod codeBase="D:\actions-runner\_work\XPCO\XPCO\Common\VideoOS.IdentityServer.Common\VideoOS.IdentityServer.Common.UnitTests\bin\Debug\net47\VideoOS.IdentityServer.Common.UnitTests.dll" adapterTypeName="executor://mstestadapter/v2" className="VideoOS.IdentityServer.Common.UnitTests.Services.IdpAdministrationClientTests" name="GetEventLogs_NumberToReturnIsOutOfRange_ThrowsArgumentOutOfRangeException" />
    </UnitTest>
    <UnitTest name="IsTokenExpired_TokenExpiration_ExpiredReturnTrueNotExpiredReturnFalse (-1,True)" storage="d:\actions-runner\_work\xpco\xpco\common\videoos.identityserver.common\videoos.identityserver.common.unittests\bin\debug\net47\videoos.identityserver.common.unittests.dll" id="8e1ae9ed-48fa-e512-e027-fe3bb954eb8b">
      <Execution id="0326003b-376a-4817-a1db-1062c72e602c" />
      <TestMethod codeBase="D:\actions-runner\_work\XPCO\XPCO\Common\VideoOS.IdentityServer.Common\VideoOS.IdentityServer.Common.UnitTests\bin\Debug\net47\VideoOS.IdentityServer.Common.UnitTests.dll" adapterTypeName="executor://mstestadapter/v2" className="VideoOS.IdentityServer.Common.UnitTests.Handlers.IdentityServerToken.SimpleTokenCacheTests" name="IsTokenExpired_TokenExpiration_ExpiredReturnTrueNotExpiredReturnFalse" />
    </UnitTest>
    <UnitTest name="ValidateToken_TokenIsNull_ThrowArgumentNullException" storage="d:\actions-runner\_work\xpco\xpco\common\videoos.identityserver.common\videoos.identityserver.common.unittests\bin\debug\net47\videoos.identityserver.common.unittests.dll" id="8960bb52-9b82-13fc-c2b9-b466022a1aa2">
      <Execution id="81504206-2fa6-4c72-8505-20f8c7a998f9" />
      <TestMethod codeBase="D:\actions-runner\_work\XPCO\XPCO\Common\VideoOS.IdentityServer.Common\VideoOS.IdentityServer.Common.UnitTests\bin\Debug\net47\VideoOS.IdentityServer.Common.UnitTests.dll" adapterTypeName="executor://mstestadapter/v2" className="VideoOS.IdentityServer.Common.UnitTests.OpenIdTokenHandlerTests" name="ValidateToken_TokenIsNull_ThrowArgumentNullException" />
    </UnitTest>
    <UnitTest name="HandleException_InvalidParamException_Null_Throws_" storage="d:\actions-runner\_work\xpco\xpco\common\videoos.identityserver.common\videoos.identityserver.common.unittests\bin\debug\net47\videoos.identityserver.common.unittests.dll" id="7cf653ab-c1ac-db4f-c8b6-0088365ff615">
      <Execution id="3beabdca-ee4a-4bdd-9605-07507f484097" />
      <TestMethod codeBase="D:\actions-runner\_work\XPCO\XPCO\Common\VideoOS.IdentityServer.Common\VideoOS.IdentityServer.Common.UnitTests\bin\Debug\net47\VideoOS.IdentityServer.Common.UnitTests.dll" adapterTypeName="executor://mstestadapter/v2" className="VideoOS.IdentityServer.Common.UnitTests.Utilities.ServerValidation.IdpExceptionHandlerTests" name="HandleException_InvalidParamException_Null_Throws_" />
    </UnitTest>
    <UnitTest name="Retrieve_NullIdpTokenClient_ThrowsArgumentNullException" storage="d:\actions-runner\_work\xpco\xpco\common\videoos.identityserver.common\videoos.identityserver.common.unittests\bin\debug\net47\videoos.identityserver.common.unittests.dll" id="be2661e6-13a2-efcd-f033-26370e5bd14f">
      <Execution id="868777bc-db1c-4e4e-8088-05f1a1812089" />
      <TestMethod codeBase="D:\actions-runner\_work\XPCO\XPCO\Common\VideoOS.IdentityServer.Common\VideoOS.IdentityServer.Common.UnitTests\bin\Debug\net47\VideoOS.IdentityServer.Common.UnitTests.dll" adapterTypeName="executor://mstestadapter/v2" className="VideoOS.IdentityServer.Common.UnitTests.Utilities.Tokens.IdpTokenRetrieverTests" name="Retrieve_NullIdpTokenClient_ThrowsArgumentNullException" />
    </UnitTest>
    <UnitTest name="Start_TimeToTokenExpireOver5min_TokenCacheNotUpdated" storage="d:\actions-runner\_work\xpco\xpco\common\videoos.identityserver.common\videoos.identityserver.common.unittests\bin\debug\net47\videoos.identityserver.common.unittests.dll" id="3c174b71-d834-497d-cddf-1a3c06acc75d">
      <Execution id="23f308d2-0351-49d4-ad80-42f92d25daa6" />
      <TestMethod codeBase="D:\actions-runner\_work\XPCO\XPCO\Common\VideoOS.IdentityServer.Common\VideoOS.IdentityServer.Common.UnitTests\bin\Debug\net47\VideoOS.IdentityServer.Common.UnitTests.dll" adapterTypeName="executor://mstestadapter/v2" className="VideoOS.IdentityServer.Common.UnitTests.Handlers.TokenCacheTests" name="Start_TimeToTokenExpireOver5min_TokenCacheNotUpdated" />
    </UnitTest>
    <UnitTest name="CheckAccess_PrincipalHasWrongScopeClaim_ReturnsFalse (wrongscope)" storage="d:\actions-runner\_work\xpco\xpco\common\videoos.identityserver.common\videoos.identityserver.common.unittests\bin\debug\net47\videoos.identityserver.common.unittests.dll" id="3622d494-d4b2-e857-f033-1b05e4e716ef">
      <Execution id="28bdd4ec-39de-4c7e-b1c0-ba1d8c0a4c27" />
      <TestMethod codeBase="D:\actions-runner\_work\XPCO\XPCO\Common\VideoOS.IdentityServer.Common\VideoOS.IdentityServer.Common.UnitTests\bin\Debug\net47\VideoOS.IdentityServer.Common.UnitTests.dll" adapterTypeName="executor://mstestadapter/v2" className="VideoOS.IdentityServer.Common.UnitTests.ServiceModel.OpenIdClaimsAuthorizationManagerTests" name="CheckAccess_PrincipalHasWrongScopeClaim_ReturnsFalse" />
    </UnitTest>
    <UnitTest name="Dispose_IDisposableTokenHandler_Success" storage="d:\actions-runner\_work\xpco\xpco\common\videoos.identityserver.common\videoos.identityserver.common.unittests\bin\debug\net47\videoos.identityserver.common.unittests.dll" id="d56d39a2-1050-3e2a-2b04-2c4d9212b822">
      <Execution id="893a74a5-0836-44dd-8d95-30fa3939ad07" />
      <TestMethod codeBase="D:\actions-runner\_work\XPCO\XPCO\Common\VideoOS.IdentityServer.Common\VideoOS.IdentityServer.Common.UnitTests\bin\Debug\net47\VideoOS.IdentityServer.Common.UnitTests.dll" adapterTypeName="executor://mstestadapter/v2" className="VideoOS.IdentityServer.Common.UnitTests.Handlers.TokenCacheTests" name="Dispose_IDisposableTokenHandler_Success" />
    </UnitTest>
    <UnitTest name="ValidateIdpServer_SimulateInvalidResponseFromOAuthServer_UnsecureIdpNotAvailable_SecureIdpNotAvailable" storage="d:\actions-runner\_work\xpco\xpco\common\videoos.identityserver.common\videoos.identityserver.common.unittests\bin\debug\net47\videoos.identityserver.common.unittests.dll" id="94828043-c08c-3149-a789-f000eb0ddc6d">
      <Execution id="1782aa59-806a-4825-b18a-fba70c1c34d8" />
      <TestMethod codeBase="D:\actions-runner\_work\XPCO\XPCO\Common\VideoOS.IdentityServer.Common\VideoOS.IdentityServer.Common.UnitTests\bin\Debug\net47\VideoOS.IdentityServer.Common.UnitTests.dll" adapterTypeName="executor://mstestadapter/v2" className="VideoOS.IdentityServer.Common.UnitTests.IdpServerValidationTests" name="ValidateIdpServer_SimulateInvalidResponseFromOAuthServer_UnsecureIdpNotAvailable_SecureIdpNotAvailable" />
    </UnitTest>
    <UnitTest name="Constructor_EmptyToken_ThrowsArgumentNullException" storage="d:\actions-runner\_work\xpco\xpco\common\videoos.identityserver.common\videoos.identityserver.common.unittests\bin\debug\net47\videoos.identityserver.common.unittests.dll" id="2fefd669-00f0-6209-0174-c1ad44273487">
      <Execution id="a0f3bda4-1d5f-4d21-bc4a-b2dff3124a7f" />
      <TestMethod codeBase="D:\actions-runner\_work\XPCO\XPCO\Common\VideoOS.IdentityServer.Common\VideoOS.IdentityServer.Common.UnitTests\bin\Debug\net47\VideoOS.IdentityServer.Common.UnitTests.dll" adapterTypeName="executor://mstestadapter/v2" className="VideoOS.IdentityServer.Common.UnitTests.ExchangeTokenHandlerTests" name="Constructor_EmptyToken_ThrowsArgumentNullException" />
    </UnitTest>
    <UnitTest name="CreateException_PasswordRequiresUpper_Is_PasswordNotComplexEnoughException" storage="d:\actions-runner\_work\xpco\xpco\common\videoos.identityserver.common\videoos.identityserver.common.unittests\bin\debug\net47\videoos.identityserver.common.unittests.dll" id="3880dfbe-9655-d700-4c62-0df9ed476ecc">
      <Execution id="2aefa663-a799-4041-9992-0ea6b3510a8a" />
      <TestMethod codeBase="D:\actions-runner\_work\XPCO\XPCO\Common\VideoOS.IdentityServer.Common\VideoOS.IdentityServer.Common.UnitTests\bin\Debug\net47\VideoOS.IdentityServer.Common.UnitTests.dll" adapterTypeName="executor://mstestadapter/v2" className="VideoOS.IdentityServer.Common.UnitTests.Exceptions.IdpExceptionFactoryTests" name="CreateException_PasswordRequiresUpper_Is_PasswordNotComplexEnoughException" />
    </UnitTest>
    <UnitTest name="CreateUser_ResponseHasSuccessfulStatusCode_CorrectRequestUriIsPassedAndUserIsReturned" storage="d:\actions-runner\_work\xpco\xpco\common\videoos.identityserver.common\videoos.identityserver.common.unittests\bin\debug\net47\videoos.identityserver.common.unittests.dll" id="c7bbac13-8629-583d-7b7e-ef2d4c387bd4">
      <Execution id="d37e8dc1-ac36-4a4c-8ee8-eb9754ea7c37" />
      <TestMethod codeBase="D:\actions-runner\_work\XPCO\XPCO\Common\VideoOS.IdentityServer.Common\VideoOS.IdentityServer.Common.UnitTests\bin\Debug\net47\VideoOS.IdentityServer.Common.UnitTests.dll" adapterTypeName="executor://mstestadapter/v2" className="VideoOS.IdentityServer.Common.UnitTests.Services.IdpAdministrationClientTests" name="CreateUser_ResponseHasSuccessfulStatusCode_CorrectRequestUriIsPassedAndUserIsReturned" />
    </UnitTest>
    <UnitTest name="UserName_HasNameClaim_ReturnsUserName" storage="d:\actions-runner\_work\xpco\xpco\common\videoos.identityserver.common\videoos.identityserver.common.unittests\bin\debug\net47\videoos.identityserver.common.unittests.dll" id="f740022f-70ee-66e1-da38-2c4767f72ea7">
      <Execution id="d7d71444-c992-46fb-8fd8-70028f6edbdf" />
      <TestMethod codeBase="D:\actions-runner\_work\XPCO\XPCO\Common\VideoOS.IdentityServer.Common\VideoOS.IdentityServer.Common.UnitTests\bin\Debug\net47\VideoOS.IdentityServer.Common.UnitTests.dll" adapterTypeName="executor://mstestadapter/v2" className="VideoOS.IdentityServer.Common.UnitTests.Handlers.IdentityServerToken.SimpleTokenCacheTests" name="UserName_HasNameClaim_ReturnsUserName" />
    </UnitTest>
    <UnitTest name="ValidateIdpServer_SimulateValidResponseFromPreOAuthServer_WithValidCertificate" storage="d:\actions-runner\_work\xpco\xpco\common\videoos.identityserver.common\videoos.identityserver.common.unittests\bin\debug\net47\videoos.identityserver.common.unittests.dll" id="dead27ec-ffeb-f213-e424-1f80d53ea366">
      <Execution id="d3d9c682-14ab-40e4-8a49-c6b1ede62fd4" />
      <TestMethod codeBase="D:\actions-runner\_work\XPCO\XPCO\Common\VideoOS.IdentityServer.Common\VideoOS.IdentityServer.Common.UnitTests\bin\Debug\net47\VideoOS.IdentityServer.Common.UnitTests.dll" adapterTypeName="executor://mstestadapter/v2" className="VideoOS.IdentityServer.Common.UnitTests.IdpServerValidationTests" name="ValidateIdpServer_SimulateValidResponseFromPreOAuthServer_WithValidCertificate" />
    </UnitTest>
    <UnitTest name="GetLogin_ResponseHasSuccessfulStatusCode_CorrectRequestUriIsPassedAndLoginIsReturned" storage="d:\actions-runner\_work\xpco\xpco\common\videoos.identityserver.common\videoos.identityserver.common.unittests\bin\debug\net47\videoos.identityserver.common.unittests.dll" id="5f39840e-bec0-c8da-e673-ef76d6aa6bc8">
      <Execution id="b7b463dd-6bd4-49fc-b946-5872361e7780" />
      <TestMethod codeBase="D:\actions-runner\_work\XPCO\XPCO\Common\VideoOS.IdentityServer.Common\VideoOS.IdentityServer.Common.UnitTests\bin\Debug\net47\VideoOS.IdentityServer.Common.UnitTests.dll" adapterTypeName="executor://mstestadapter/v2" className="VideoOS.IdentityServer.Common.UnitTests.Services.IdpAdministrationClientTests" name="GetLogin_ResponseHasSuccessfulStatusCode_CorrectRequestUriIsPassedAndLoginIsReturned" />
    </UnitTest>
    <UnitTest name="GetLogin_ParameterIsNull_ThrowArgumentException (,abc,)" storage="d:\actions-runner\_work\xpco\xpco\common\videoos.identityserver.common\videoos.identityserver.common.unittests\bin\debug\net47\videoos.identityserver.common.unittests.dll" id="3947b69a-c95e-04ea-68de-b5f0fc66e8c1">
      <Execution id="b5b8fbfa-646f-41e1-859b-4710663140ae" />
      <TestMethod codeBase="D:\actions-runner\_work\XPCO\XPCO\Common\VideoOS.IdentityServer.Common\VideoOS.IdentityServer.Common.UnitTests\bin\Debug\net47\VideoOS.IdentityServer.Common.UnitTests.dll" adapterTypeName="executor://mstestadapter/v2" className="VideoOS.IdentityServer.Common.UnitTests.Services.IdpAdministrationClientTests" name="GetLogin_ParameterIsNull_ThrowArgumentException" />
    </UnitTest>
    <UnitTest name="Start_StartIsCalled_TokenCacheUpdated" storage="d:\actions-runner\_work\xpco\xpco\common\videoos.identityserver.common\videoos.identityserver.common.unittests\bin\debug\net47\videoos.identityserver.common.unittests.dll" id="712a4429-a5d0-f9f8-e944-14b3128417df">
      <Execution id="ee341c1c-664c-4c8d-b376-e8779821ad79" />
      <TestMethod codeBase="D:\actions-runner\_work\XPCO\XPCO\Common\VideoOS.IdentityServer.Common\VideoOS.IdentityServer.Common.UnitTests\bin\Debug\net47\VideoOS.IdentityServer.Common.UnitTests.dll" adapterTypeName="executor://mstestadapter/v2" className="VideoOS.IdentityServer.Common.UnitTests.Handlers.TokenCacheTests" name="Start_StartIsCalled_TokenCacheUpdated" />
    </UnitTest>
    <UnitTest name="BeforeSendRequest_HttpRequestMessagePropertyHasBeenSet_HttpRequestMessagePropertyHasAnAuthorizationHeaderWithBearerScheme" storage="d:\actions-runner\_work\xpco\xpco\common\videoos.identityserver.common\videoos.identityserver.common.unittests\bin\debug\net47\videoos.identityserver.common.unittests.dll" id="634cad37-210a-4bc0-8d4e-c43234da05dd">
      <Execution id="182c7aa3-72e1-4643-bdcf-44d8667c0a4c" />
      <TestMethod codeBase="D:\actions-runner\_work\XPCO\XPCO\Common\VideoOS.IdentityServer.Common\VideoOS.IdentityServer.Common.UnitTests\bin\Debug\net47\VideoOS.IdentityServer.Common.UnitTests.dll" adapterTypeName="executor://mstestadapter/v2" className="VideoOS.IdentityServer.Common.UnitTests.ServiceModel.BearerAuthorizationHeaderInspectorTests" name="BeforeSendRequest_HttpRequestMessagePropertyHasBeenSet_HttpRequestMessagePropertyHasAnAuthorizationHeaderWithBearerScheme" />
    </UnitTest>
    <UnitTest name="CreateException_LoginAlreadyAssociated_Is_LoginAlreadyAssociatedException" storage="d:\actions-runner\_work\xpco\xpco\common\videoos.identityserver.common\videoos.identityserver.common.unittests\bin\debug\net47\videoos.identityserver.common.unittests.dll" id="ec4cb66a-617d-876b-6006-2ba82ddc24c5">
      <Execution id="fb8a5664-d874-4b7a-9022-057fbd4b358a" />
      <TestMethod codeBase="D:\actions-runner\_work\XPCO\XPCO\Common\VideoOS.IdentityServer.Common\VideoOS.IdentityServer.Common.UnitTests\bin\Debug\net47\VideoOS.IdentityServer.Common.UnitTests.dll" adapterTypeName="executor://mstestadapter/v2" className="VideoOS.IdentityServer.Common.UnitTests.Exceptions.IdpExceptionFactoryTests" name="CreateException_LoginAlreadyAssociated_Is_LoginAlreadyAssociatedException" />
    </UnitTest>
    <UnitTest name="Constructor_NullClientSettings_ThrowArgumentNullException" storage="d:\actions-runner\_work\xpco\xpco\common\videoos.identityserver.common\videoos.identityserver.common.unittests\bin\debug\net47\videoos.identityserver.common.unittests.dll" id="219cb226-0982-5e89-b39e-e3df45859861">
      <Execution id="342c6456-99c5-4538-a34a-1df3c27d1880" />
      <TestMethod codeBase="D:\actions-runner\_work\XPCO\XPCO\Common\VideoOS.IdentityServer.Common\VideoOS.IdentityServer.Common.UnitTests\bin\Debug\net47\VideoOS.IdentityServer.Common.UnitTests.dll" adapterTypeName="executor://mstestadapter/v2" className="VideoOS.IdentityServer.Common.UnitTests.ExchangeTokenHandlerTests" name="Constructor_NullClientSettings_ThrowArgumentNullException" />
    </UnitTest>
    <UnitTest name="IdpException_ErrorProperty_IsAccessible" storage="d:\actions-runner\_work\xpco\xpco\common\videoos.identityserver.common\videoos.identityserver.common.unittests\bin\debug\net47\videoos.identityserver.common.unittests.dll" id="580860dc-2c0d-6d21-09c2-29eb5cd9d7aa">
      <Execution id="db8d7895-ce85-49e0-b124-3f3c84dc413a" />
      <TestMethod codeBase="D:\actions-runner\_work\XPCO\XPCO\Common\VideoOS.IdentityServer.Common\VideoOS.IdentityServer.Common.UnitTests\bin\Debug\net47\VideoOS.IdentityServer.Common.UnitTests.dll" adapterTypeName="executor://mstestadapter/v2" className="VideoOS.IdentityServer.Common.UnitTests.Exceptions.IdpExceptionTests" name="IdpException_ErrorProperty_IsAccessible" />
    </UnitTest>
    <UnitTest name="ValidateToken_SecurityTokenIsNull_ThrowArgumentNullException" storage="d:\actions-runner\_work\xpco\xpco\common\videoos.identityserver.common\videoos.identityserver.common.unittests\bin\debug\net47\videoos.identityserver.common.unittests.dll" id="08a3c3db-cc01-e5ed-016b-ec03cbb97901">
      <Execution id="89dd8bd3-73f1-4b43-a97d-adbbecb0cf41" />
      <TestMethod codeBase="D:\actions-runner\_work\XPCO\XPCO\Common\VideoOS.IdentityServer.Common\VideoOS.IdentityServer.Common.UnitTests\bin\Debug\net47\VideoOS.IdentityServer.Common.UnitTests.dll" adapterTypeName="executor://mstestadapter/v2" className="VideoOS.IdentityServer.Common.UnitTests.JwtSecurityTokenValidatorWithConfigurationManagerTests" name="ValidateToken_SecurityTokenIsNull_ThrowArgumentNullException" />
    </UnitTest>
    <UnitTest name="RefreshToken_IdTokenNotRetrieved_NoError" storage="d:\actions-runner\_work\xpco\xpco\common\videoos.identityserver.common\videoos.identityserver.common.unittests\bin\debug\net47\videoos.identityserver.common.unittests.dll" id="90eefc04-1f04-d44e-931c-bf308a05aad7">
      <Execution id="20ac6c85-02af-4f6f-a743-36d47b211911" />
      <TestMethod codeBase="D:\actions-runner\_work\XPCO\XPCO\Common\VideoOS.IdentityServer.Common\VideoOS.IdentityServer.Common.UnitTests\bin\Debug\net47\VideoOS.IdentityServer.Common.UnitTests.dll" adapterTypeName="executor://mstestadapter/v2" className="VideoOS.IdentityServer.Common.UnitTests.Handlers.TokenCacheTests" name="RefreshToken_IdTokenNotRetrieved_NoError" />
    </UnitTest>
    <UnitTest name="BeforeSendRequest_ThrowsHttpRequestExceptionWithWebException_ThrowsCommunicationException (PipelineFailure)" storage="d:\actions-runner\_work\xpco\xpco\common\videoos.identityserver.common\videoos.identityserver.common.unittests\bin\debug\net47\videoos.identityserver.common.unittests.dll" id="29f233fd-b25c-9cd4-e1b6-f9fc4d6c9b1b">
      <Execution id="409a63fe-dab3-407a-aa5f-a5236cc6b407" />
      <TestMethod codeBase="D:\actions-runner\_work\XPCO\XPCO\Common\VideoOS.IdentityServer.Common\VideoOS.IdentityServer.Common.UnitTests\bin\Debug\net47\VideoOS.IdentityServer.Common.UnitTests.dll" adapterTypeName="executor://mstestadapter/v2" className="VideoOS.IdentityServer.Common.UnitTests.ServiceModel.BearerAuthorizationHeaderInspectorTests" name="BeforeSendRequest_ThrowsHttpRequestExceptionWithWebException_ThrowsCommunicationException" />
    </UnitTest>
    <UnitTest name="CreateException_InvalidClient_Is_UnauthorizedException" storage="d:\actions-runner\_work\xpco\xpco\common\videoos.identityserver.common\videoos.identityserver.common.unittests\bin\debug\net47\videoos.identityserver.common.unittests.dll" id="e0eca9f7-d766-7032-cd66-1fda7415dd68">
      <Execution id="45120b86-91f3-45f1-aeec-fd4a158ccfe9" />
      <TestMethod codeBase="D:\actions-runner\_work\XPCO\XPCO\Common\VideoOS.IdentityServer.Common\VideoOS.IdentityServer.Common.UnitTests\bin\Debug\net47\VideoOS.IdentityServer.Common.UnitTests.dll" adapterTypeName="executor://mstestadapter/v2" className="VideoOS.IdentityServer.Common.UnitTests.Exceptions.IdpExceptionFactoryTests" name="CreateException_InvalidClient_Is_UnauthorizedException" />
    </UnitTest>
    <UnitTest name="Construct_SpecifySingleGrantType_Success" storage="d:\actions-runner\_work\xpco\xpco\common\videoos.identityserver.common\videoos.identityserver.common.unittests\bin\debug\net47\videoos.identityserver.common.unittests.dll" id="c2c2904c-f56a-3663-d545-f06d0f3baf88">
      <Execution id="75ee715a-8f3e-42a0-8288-0d3b86329816" />
      <TestMethod codeBase="D:\actions-runner\_work\XPCO\XPCO\Common\VideoOS.IdentityServer.Common\VideoOS.IdentityServer.Common.UnitTests\bin\Debug\net47\VideoOS.IdentityServer.Common.UnitTests.dll" adapterTypeName="executor://mstestadapter/v2" className="VideoOS.IdentityServer.Common.UnitTests.Handlers.IdentityServerToken.IdentityServerClientSettingsTests" name="Construct_SpecifySingleGrantType_Success" />
    </UnitTest>
    <UnitTest name="DeleteLogin_ParameterIsNull_ThrowArgumentException (abc,abc,)" storage="d:\actions-runner\_work\xpco\xpco\common\videoos.identityserver.common\videoos.identityserver.common.unittests\bin\debug\net47\videoos.identityserver.common.unittests.dll" id="62fbcf4e-b581-51f7-791e-0ba6c6135258">
      <Execution id="7ad6bc00-0be7-4646-b2b5-ed5e4c4b5e21" />
      <TestMethod codeBase="D:\actions-runner\_work\XPCO\XPCO\Common\VideoOS.IdentityServer.Common\VideoOS.IdentityServer.Common.UnitTests\bin\Debug\net47\VideoOS.IdentityServer.Common.UnitTests.dll" adapterTypeName="executor://mstestadapter/v2" className="VideoOS.IdentityServer.Common.UnitTests.Services.IdpAdministrationClientTests" name="DeleteLogin_ParameterIsNull_ThrowArgumentException" />
    </UnitTest>
    <UnitTest name="Retrieve_EmptyClient_ThrowsArgumentNullException" storage="d:\actions-runner\_work\xpco\xpco\common\videoos.identityserver.common\videoos.identityserver.common.unittests\bin\debug\net47\videoos.identityserver.common.unittests.dll" id="2b02613f-adc7-9ead-fab9-497ce9230752">
      <Execution id="fe3acb99-1ca6-4ad3-82ff-4f50acf923ea" />
      <TestMethod codeBase="D:\actions-runner\_work\XPCO\XPCO\Common\VideoOS.IdentityServer.Common\VideoOS.IdentityServer.Common.UnitTests\bin\Debug\net47\VideoOS.IdentityServer.Common.UnitTests.dll" adapterTypeName="executor://mstestadapter/v2" className="VideoOS.IdentityServer.Common.UnitTests.Utilities.Tokens.IdpTokenRetrieverTests" name="Retrieve_EmptyClient_ThrowsArgumentNullException" />
    </UnitTest>
    <UnitTest name="BeforeSendRequest_ThrowsHttpRequestExceptionWithWebException_ThrowsCommunicationException (UnknownError)" storage="d:\actions-runner\_work\xpco\xpco\common\videoos.identityserver.common\videoos.identityserver.common.unittests\bin\debug\net47\videoos.identityserver.common.unittests.dll" id="c37b2cf6-c0e8-40c5-30eb-c0a1ff817046">
      <Execution id="30dac947-0944-4aa7-a389-5aa04aed02be" />
      <TestMethod codeBase="D:\actions-runner\_work\XPCO\XPCO\Common\VideoOS.IdentityServer.Common\VideoOS.IdentityServer.Common.UnitTests\bin\Debug\net47\VideoOS.IdentityServer.Common.UnitTests.dll" adapterTypeName="executor://mstestadapter/v2" className="VideoOS.IdentityServer.Common.UnitTests.ServiceModel.BearerAuthorizationHeaderInspectorTests" name="BeforeSendRequest_ThrowsHttpRequestExceptionWithWebException_ThrowsCommunicationException" />
    </UnitTest>
    <UnitTest name="ValidateToken_SubClaimPresent_SystemClaimIsNotAddedToClaims" storage="d:\actions-runner\_work\xpco\xpco\common\videoos.identityserver.common\videoos.identityserver.common.unittests\bin\debug\net47\videoos.identityserver.common.unittests.dll" id="529c2e35-24ca-56d0-82ae-22b9934a7f05">
      <Execution id="764c606e-19de-4dd1-b211-adee1c1a59e9" />
      <TestMethod codeBase="D:\actions-runner\_work\XPCO\XPCO\Common\VideoOS.IdentityServer.Common\VideoOS.IdentityServer.Common.UnitTests\bin\Debug\net47\VideoOS.IdentityServer.Common.UnitTests.dll" adapterTypeName="executor://mstestadapter/v2" className="VideoOS.IdentityServer.Common.UnitTests.OpenIdTokenHandlerTests" name="ValidateToken_SubClaimPresent_SystemClaimIsNotAddedToClaims" />
    </UnitTest>
    <UnitTest name="GetTrustedIssuers_AccessTokenIsNull_ThrowArgumentException" storage="d:\actions-runner\_work\xpco\xpco\common\videoos.identityserver.common\videoos.identityserver.common.unittests\bin\debug\net47\videoos.identityserver.common.unittests.dll" id="6edb9734-0085-61fb-03c0-8905f287bd8a">
      <Execution id="602cd916-9694-4f7e-b45c-5bbf2ed3df62" />
      <TestMethod codeBase="D:\actions-runner\_work\XPCO\XPCO\Common\VideoOS.IdentityServer.Common\VideoOS.IdentityServer.Common.UnitTests\bin\Debug\net47\VideoOS.IdentityServer.Common.UnitTests.dll" adapterTypeName="executor://mstestadapter/v2" className="VideoOS.IdentityServer.Common.UnitTests.Services.IdpAdministrationClientTests" name="GetTrustedIssuers_AccessTokenIsNull_ThrowArgumentException" />
    </UnitTest>
    <UnitTest name="DeleteLogin_ParameterIsNull_ThrowArgumentException (abc,,abc)" storage="d:\actions-runner\_work\xpco\xpco\common\videoos.identityserver.common\videoos.identityserver.common.unittests\bin\debug\net47\videoos.identityserver.common.unittests.dll" id="bbd84ed1-520d-4358-3488-4aa29532b886">
      <Execution id="060ccf71-5891-4db9-9ab1-f586bbef818e" />
      <TestMethod codeBase="D:\actions-runner\_work\XPCO\XPCO\Common\VideoOS.IdentityServer.Common\VideoOS.IdentityServer.Common.UnitTests\bin\Debug\net47\VideoOS.IdentityServer.Common.UnitTests.dll" adapterTypeName="executor://mstestadapter/v2" className="VideoOS.IdentityServer.Common.UnitTests.Services.IdpAdministrationClientTests" name="DeleteLogin_ParameterIsNull_ThrowArgumentException" />
    </UnitTest>
    <UnitTest name="ValidateIdpServer_SimulateValidResponseFromOAuthServer_WithInvalidCertificate" storage="d:\actions-runner\_work\xpco\xpco\common\videoos.identityserver.common\videoos.identityserver.common.unittests\bin\debug\net47\videoos.identityserver.common.unittests.dll" id="37e4a981-a5bb-fc1d-cb06-e50341eef0d3">
      <Execution id="516e892e-270e-4328-8f6a-d24ef8c27ead" />
      <TestMethod codeBase="D:\actions-runner\_work\XPCO\XPCO\Common\VideoOS.IdentityServer.Common\VideoOS.IdentityServer.Common.UnitTests\bin\Debug\net47\VideoOS.IdentityServer.Common.UnitTests.dll" adapterTypeName="executor://mstestadapter/v2" className="VideoOS.IdentityServer.Common.UnitTests.IdpServerValidationTests" name="ValidateIdpServer_SimulateValidResponseFromOAuthServer_WithInvalidCertificate" />
    </UnitTest>
    <UnitTest name="ValidateToken_SignatureKeyNotFound_RefreshRequested" storage="d:\actions-runner\_work\xpco\xpco\common\videoos.identityserver.common\videoos.identityserver.common.unittests\bin\debug\net47\videoos.identityserver.common.unittests.dll" id="a22a5490-f8cc-bbba-c479-58ecdc58c38a">
      <Execution id="790f2458-9b16-4929-b28c-150481efd185" />
      <TestMethod codeBase="D:\actions-runner\_work\XPCO\XPCO\Common\VideoOS.IdentityServer.Common\VideoOS.IdentityServer.Common.UnitTests\bin\Debug\net47\VideoOS.IdentityServer.Common.UnitTests.dll" adapterTypeName="executor://mstestadapter/v2" className="VideoOS.IdentityServer.Common.UnitTests.OpenIdTokenHandlerTests" name="ValidateToken_SignatureKeyNotFound_RefreshRequested" />
    </UnitTest>
    <UnitTest name="SendRequest_ResponseHasBadStatusCode_ThrowIdpException (UpgradeRequired)" storage="d:\actions-runner\_work\xpco\xpco\common\videoos.identityserver.common\videoos.identityserver.common.unittests\bin\debug\net47\videoos.identityserver.common.unittests.dll" id="6afc125c-c7a5-eaa7-7af0-9ebe233aad22">
      <Execution id="5edb90b0-2506-488f-a1dd-4515011d3344" />
      <TestMethod codeBase="D:\actions-runner\_work\XPCO\XPCO\Common\VideoOS.IdentityServer.Common\VideoOS.IdentityServer.Common.UnitTests\bin\Debug\net47\VideoOS.IdentityServer.Common.UnitTests.dll" adapterTypeName="executor://mstestadapter/v2" className="VideoOS.IdentityServer.Common.UnitTests.IdpClientBaseTests" name="SendRequest_ResponseHasBadStatusCode_ThrowIdpException" />
    </UnitTest>
    <UnitTest name="UserName_NoNameClaim_ThrowsInvalidOperationException" storage="d:\actions-runner\_work\xpco\xpco\common\videoos.identityserver.common\videoos.identityserver.common.unittests\bin\debug\net47\videoos.identityserver.common.unittests.dll" id="c65def95-e459-70a7-408d-154b2321db49">
      <Execution id="81209219-5e7b-459f-88e0-923f44c899d4" />
      <TestMethod codeBase="D:\actions-runner\_work\XPCO\XPCO\Common\VideoOS.IdentityServer.Common\VideoOS.IdentityServer.Common.UnitTests\bin\Debug\net47\VideoOS.IdentityServer.Common.UnitTests.dll" adapterTypeName="executor://mstestadapter/v2" className="VideoOS.IdentityServer.Common.UnitTests.Handlers.IdentityServerToken.SimpleTokenCacheTests" name="UserName_NoNameClaim_ThrowsInvalidOperationException" />
    </UnitTest>
    <UnitTest name="ValidateIdpServer_SimulateValidResponseFromOAuthServer_WithValidCertificateAndUserPort_ReturnsHttpsSecureConnection" storage="d:\actions-runner\_work\xpco\xpco\common\videoos.identityserver.common\videoos.identityserver.common.unittests\bin\debug\net47\videoos.identityserver.common.unittests.dll" id="8e4a546d-0fa7-5997-2d4c-127c6b639168">
      <Execution id="f850e379-ab7d-4209-9631-3f4040913eba" />
      <TestMethod codeBase="D:\actions-runner\_work\XPCO\XPCO\Common\VideoOS.IdentityServer.Common\VideoOS.IdentityServer.Common.UnitTests\bin\Debug\net47\VideoOS.IdentityServer.Common.UnitTests.dll" adapterTypeName="executor://mstestadapter/v2" className="VideoOS.IdentityServer.Common.UnitTests.IdpServerValidationTests" name="ValidateIdpServer_SimulateValidResponseFromOAuthServer_WithValidCertificateAndUserPort_ReturnsHttpsSecureConnection" />
    </UnitTest>
    <UnitTest name="SendRequest_ResponseHasBadStatusCode_ThrowIdpException (Forbidden)" storage="d:\actions-runner\_work\xpco\xpco\common\videoos.identityserver.common\videoos.identityserver.common.unittests\bin\debug\net47\videoos.identityserver.common.unittests.dll" id="95c412a3-338e-b711-9f7f-79585ecc287b">
      <Execution id="8e39c501-538e-41a3-bef0-39169bd71dfd" />
      <TestMethod codeBase="D:\actions-runner\_work\XPCO\XPCO\Common\VideoOS.IdentityServer.Common\VideoOS.IdentityServer.Common.UnitTests\bin\Debug\net47\VideoOS.IdentityServer.Common.UnitTests.dll" adapterTypeName="executor://mstestadapter/v2" className="VideoOS.IdentityServer.Common.UnitTests.IdpClientBaseTests" name="SendRequest_ResponseHasBadStatusCode_ThrowIdpException" />
    </UnitTest>
    <UnitTest name="ValidateToken_CancellationIsRequested_ThrowOperationCanceledException" storage="d:\actions-runner\_work\xpco\xpco\common\videoos.identityserver.common\videoos.identityserver.common.unittests\bin\debug\net47\videoos.identityserver.common.unittests.dll" id="1ad62dd9-f5f4-acc1-288e-32afb8d0c153">
      <Execution id="ce5ed5cb-9e1f-41cb-96de-311a730959ac" />
      <TestMethod codeBase="D:\actions-runner\_work\XPCO\XPCO\Common\VideoOS.IdentityServer.Common\VideoOS.IdentityServer.Common.UnitTests\bin\Debug\net47\VideoOS.IdentityServer.Common.UnitTests.dll" adapterTypeName="executor://mstestadapter/v2" className="VideoOS.IdentityServer.Common.UnitTests.OpenIdTokenHandlerTests" name="ValidateToken_CancellationIsRequested_ThrowOperationCanceledException" />
    </UnitTest>
    <UnitTest name="HandleException_WebException_Status_ProtocolError_ReturnsFalse" storage="d:\actions-runner\_work\xpco\xpco\common\videoos.identityserver.common\videoos.identityserver.common.unittests\bin\debug\net47\videoos.identityserver.common.unittests.dll" id="3ff67faa-d3a0-075c-0c7a-09774bd03583">
      <Execution id="a474c86c-6d72-46a8-8fde-1760f8fc5152" />
      <TestMethod codeBase="D:\actions-runner\_work\XPCO\XPCO\Common\VideoOS.IdentityServer.Common\VideoOS.IdentityServer.Common.UnitTests\bin\Debug\net47\VideoOS.IdentityServer.Common.UnitTests.dll" adapterTypeName="executor://mstestadapter/v2" className="VideoOS.IdentityServer.Common.UnitTests.Utilities.ServerValidation.IdpExceptionHandlerTests" name="HandleException_WebException_Status_ProtocolError_ReturnsFalse" />
    </UnitTest>
    <UnitTest name="Constructor_NullClientSettings_ThrowArgumentNullException" storage="d:\actions-runner\_work\xpco\xpco\common\videoos.identityserver.common\videoos.identityserver.common.unittests\bin\debug\net47\videoos.identityserver.common.unittests.dll" id="2c257caa-63e0-0918-bed2-614d73e7951d">
      <Execution id="5aa26cb0-cf68-492b-a3ab-24a171a684e6" />
      <TestMethod codeBase="D:\actions-runner\_work\XPCO\XPCO\Common\VideoOS.IdentityServer.Common\VideoOS.IdentityServer.Common.UnitTests\bin\Debug\net47\VideoOS.IdentityServer.Common.UnitTests.dll" adapterTypeName="executor://mstestadapter/v2" className="VideoOS.IdentityServer.Common.UnitTests.ExternalTokenHandlerTests" name="Constructor_NullClientSettings_ThrowArgumentNullException" />
    </UnitTest>
    <UnitTest name="Constructor_NullRefreshToken_ThrowsArgumentNullException" storage="d:\actions-runner\_work\xpco\xpco\common\videoos.identityserver.common\videoos.identityserver.common.unittests\bin\debug\net47\videoos.identityserver.common.unittests.dll" id="0d2f4ed5-125c-a2b1-8e5f-5e598ab83d5e">
      <Execution id="a1662cc1-af48-4432-8d90-69d0a101ec76" />
      <TestMethod codeBase="D:\actions-runner\_work\XPCO\XPCO\Common\VideoOS.IdentityServer.Common\VideoOS.IdentityServer.Common.UnitTests\bin\Debug\net47\VideoOS.IdentityServer.Common.UnitTests.dll" adapterTypeName="executor://mstestadapter/v2" className="VideoOS.IdentityServer.Common.UnitTests.Utilities.Tokens.IdpTokensTests" name="Constructor_NullRefreshToken_ThrowsArgumentNullException" />
    </UnitTest>
    <UnitTest name="ValidateIdpServer_HttpAddressInvalidPort_ShouldThrow" storage="d:\actions-runner\_work\xpco\xpco\common\videoos.identityserver.common\videoos.identityserver.common.unittests\bin\debug\net47\videoos.identityserver.common.unittests.dll" id="eecfcbb2-c955-43fc-8e5c-cfc66bc5dfcb">
      <Execution id="8061b107-acf1-4372-83b3-052f48451e81" />
      <TestMethod codeBase="D:\actions-runner\_work\XPCO\XPCO\Common\VideoOS.IdentityServer.Common\VideoOS.IdentityServer.Common.UnitTests\bin\Debug\net47\VideoOS.IdentityServer.Common.UnitTests.dll" adapterTypeName="executor://mstestadapter/v2" className="VideoOS.IdentityServer.Common.UnitTests.IdpDiscoveryServiceTests" name="ValidateIdpServer_HttpAddressInvalidPort_ShouldThrow" />
    </UnitTest>
    <UnitTest name="Constructor_NullSupportedScopes_ThrowsArgumentNullException" storage="d:\actions-runner\_work\xpco\xpco\common\videoos.identityserver.common\videoos.identityserver.common.unittests\bin\debug\net47\videoos.identityserver.common.unittests.dll" id="2ee7e566-cb75-fc37-6701-6a6ccb41d168">
      <Execution id="d5a4d42f-5288-4df3-9d4f-6526fc51e8b4" />
      <TestMethod codeBase="D:\actions-runner\_work\XPCO\XPCO\Common\VideoOS.IdentityServer.Common\VideoOS.IdentityServer.Common.UnitTests\bin\Debug\net47\VideoOS.IdentityServer.Common.UnitTests.dll" adapterTypeName="executor://mstestadapter/v2" className="VideoOS.IdentityServer.Common.UnitTests.Utilities.Tokens.IdpTokenRetrieverTests" name="Constructor_NullSupportedScopes_ThrowsArgumentNullException" />
    </UnitTest>
    <UnitTest name="SendRequest_ResponseHasBadStatusCode_ThrowIdpException (ProxyAuthenticationRequired)" storage="d:\actions-runner\_work\xpco\xpco\common\videoos.identityserver.common\videoos.identityserver.common.unittests\bin\debug\net47\videoos.identityserver.common.unittests.dll" id="4fec9ec7-a715-f40d-70ae-2bde7321c0b8">
      <Execution id="8a4b7cf5-a9e7-434d-9a3b-6a5b7d47bf05" />
      <TestMethod codeBase="D:\actions-runner\_work\XPCO\XPCO\Common\VideoOS.IdentityServer.Common\VideoOS.IdentityServer.Common.UnitTests\bin\Debug\net47\VideoOS.IdentityServer.Common.UnitTests.dll" adapterTypeName="executor://mstestadapter/v2" className="VideoOS.IdentityServer.Common.UnitTests.IdpClientBaseTests" name="SendRequest_ResponseHasBadStatusCode_ThrowIdpException" />
    </UnitTest>
    <UnitTest name="BasicOpenAuthenticationHeaderValue_Constructor_EmptyUserName" storage="d:\actions-runner\_work\xpco\xpco\common\videoos.identityserver.common\videoos.identityserver.common.unittests\bin\debug\net47\videoos.identityserver.common.unittests.dll" id="05f6a519-6922-0d88-29ab-58670334a8c0">
      <Execution id="3169ea40-c201-418f-b881-88047372de26" />
      <TestMethod codeBase="D:\actions-runner\_work\XPCO\XPCO\Common\VideoOS.IdentityServer.Common\VideoOS.IdentityServer.Common.UnitTests\bin\Debug\net47\VideoOS.IdentityServer.Common.UnitTests.dll" adapterTypeName="executor://mstestadapter/v2" className="VideoOS.IdentityServer.Common.UnitTests.BasicOpenAuthenticationHeaderValueTests" name="BasicOpenAuthenticationHeaderValue_Constructor_EmptyUserName" />
    </UnitTest>
    <UnitTest name="IdpTokenClient_CredentialsCacheAsCredentials_HttpClientConfiguredToNotUseDefualtCredentials" storage="d:\actions-runner\_work\xpco\xpco\common\videoos.identityserver.common\videoos.identityserver.common.unittests\bin\debug\net47\videoos.identityserver.common.unittests.dll" id="2b6f2d8f-97a8-a49e-9820-0353b7cf269e">
      <Execution id="3dbd8185-d53e-4a6d-a635-f5fb095b5127" />
      <TestMethod codeBase="D:\actions-runner\_work\XPCO\XPCO\Common\VideoOS.IdentityServer.Common\VideoOS.IdentityServer.Common.UnitTests\bin\Debug\net47\VideoOS.IdentityServer.Common.UnitTests.dll" adapterTypeName="executor://mstestadapter/v2" className="VideoOS.IdentityServer.Common.UnitTests.IdpTokenClientTests" name="IdpTokenClient_CredentialsCacheAsCredentials_HttpClientConfiguredToNotUseDefualtCredentials" />
    </UnitTest>
    <UnitTest name="Retrieve_NullProvider_ThrowsArgumentNullException" storage="d:\actions-runner\_work\xpco\xpco\common\videoos.identityserver.common\videoos.identityserver.common.unittests\bin\debug\net47\videoos.identityserver.common.unittests.dll" id="bf705ae1-67a7-5fa6-c13f-a22026ecd395">
      <Execution id="7701ef89-be68-460b-8df2-373d8e0df039" />
      <TestMethod codeBase="D:\actions-runner\_work\XPCO\XPCO\Common\VideoOS.IdentityServer.Common\VideoOS.IdentityServer.Common.UnitTests\bin\Debug\net47\VideoOS.IdentityServer.Common.UnitTests.dll" adapterTypeName="executor://mstestadapter/v2" className="VideoOS.IdentityServer.Common.UnitTests.Utilities.Tokens.IdpTokenRetrieverTests" name="Retrieve_NullProvider_ThrowsArgumentNullException" />
    </UnitTest>
    <UnitTest name="Ctor_RequireHttpsIsTrueButAddressSchemeIsHttp_ThrowsArgumentException" storage="d:\actions-runner\_work\xpco\xpco\common\videoos.identityserver.common\videoos.identityserver.common.unittests\bin\debug\net47\videoos.identityserver.common.unittests.dll" id="b534d700-8c81-a428-c5af-952f23674e8e">
      <Execution id="edc9fa0f-a34e-49eb-b18d-6e9bf25a607a" />
      <TestMethod codeBase="D:\actions-runner\_work\XPCO\XPCO\Common\VideoOS.IdentityServer.Common\VideoOS.IdentityServer.Common.UnitTests\bin\Debug\net47\VideoOS.IdentityServer.Common.UnitTests.dll" adapterTypeName="executor://mstestadapter/v2" className="VideoOS.IdentityServer.Common.UnitTests.OpenIdTokenHandlerTests" name="Ctor_RequireHttpsIsTrueButAddressSchemeIsHttp_ThrowsArgumentException" />
    </UnitTest>
    <UnitTest name="Constructor_Successful" storage="d:\actions-runner\_work\xpco\xpco\common\videoos.identityserver.common\videoos.identityserver.common.unittests\bin\debug\net47\videoos.identityserver.common.unittests.dll" id="b03e8e27-9937-91b2-5c08-fa8ff907b26f">
      <Execution id="d3a4dab8-3e05-467c-91fc-febde4d7b304" />
      <TestMethod codeBase="D:\actions-runner\_work\XPCO\XPCO\Common\VideoOS.IdentityServer.Common\VideoOS.IdentityServer.Common.UnitTests\bin\Debug\net47\VideoOS.IdentityServer.Common.UnitTests.dll" adapterTypeName="executor://mstestadapter/v2" className="VideoOS.IdentityServer.Common.UnitTests.Utilities.Tokens.IdpTokensTests" name="Constructor_Successful" />
    </UnitTest>
    <UnitTest name="Ctor_AddressIsNull_ThrowsArgumentNullException" storage="d:\actions-runner\_work\xpco\xpco\common\videoos.identityserver.common\videoos.identityserver.common.unittests\bin\debug\net47\videoos.identityserver.common.unittests.dll" id="7ca488d0-3aca-76f1-6559-f9cc58d50a45">
      <Execution id="5bbc6bab-39a2-438c-9bda-8863b3f954f1" />
      <TestMethod codeBase="D:\actions-runner\_work\XPCO\XPCO\Common\VideoOS.IdentityServer.Common\VideoOS.IdentityServer.Common.UnitTests\bin\Debug\net47\VideoOS.IdentityServer.Common.UnitTests.dll" adapterTypeName="executor://mstestadapter/v2" className="VideoOS.IdentityServer.Common.UnitTests.JwtSecurityTokenValidatorWithConfigurationManagerTests" name="Ctor_AddressIsNull_ThrowsArgumentNullException" />
    </UnitTest>
    <UnitTest name="SendRequest_ResponseHasBadStatusCode_ThrowIdpException (RequestTimeout)" storage="d:\actions-runner\_work\xpco\xpco\common\videoos.identityserver.common\videoos.identityserver.common.unittests\bin\debug\net47\videoos.identityserver.common.unittests.dll" id="eef3d4d9-ae71-3c95-4f3b-3059412b7fd3">
      <Execution id="ee23ba28-4614-4570-b415-b28d9d940591" />
      <TestMethod codeBase="D:\actions-runner\_work\XPCO\XPCO\Common\VideoOS.IdentityServer.Common\VideoOS.IdentityServer.Common.UnitTests\bin\Debug\net47\VideoOS.IdentityServer.Common.UnitTests.dll" adapterTypeName="executor://mstestadapter/v2" className="VideoOS.IdentityServer.Common.UnitTests.IdpClientBaseTests" name="SendRequest_ResponseHasBadStatusCode_ThrowIdpException" />
    </UnitTest>
    <UnitTest name="Constructor_ScopeIsEmpty_ThrowArgumentException" storage="d:\actions-runner\_work\xpco\xpco\common\videoos.identityserver.common\videoos.identityserver.common.unittests\bin\debug\net47\videoos.identityserver.common.unittests.dll" id="1084380c-efdf-4335-3855-2ba20ad000dd">
      <Execution id="c31b014b-932d-460f-9a32-d12e75f71066" />
      <TestMethod codeBase="D:\actions-runner\_work\XPCO\XPCO\Common\VideoOS.IdentityServer.Common\VideoOS.IdentityServer.Common.UnitTests\bin\Debug\net47\VideoOS.IdentityServer.Common.UnitTests.dll" adapterTypeName="executor://mstestadapter/v2" className="VideoOS.IdentityServer.Common.UnitTests.IdentityServerTokenHandlerTests" name="Constructor_ScopeIsEmpty_ThrowArgumentException" />
    </UnitTest>
    <UnitTest name="Construct_WithHttpError_ResponseWithStatusCode" storage="d:\actions-runner\_work\xpco\xpco\common\videoos.identityserver.common\videoos.identityserver.common.unittests\bin\debug\net47\videoos.identityserver.common.unittests.dll" id="02022d21-40cd-3c83-07fb-845b28c8719d">
      <Execution id="7b44614e-754d-40e5-ae0e-4cebe9434887" />
      <TestMethod codeBase="D:\actions-runner\_work\XPCO\XPCO\Common\VideoOS.IdentityServer.Common\VideoOS.IdentityServer.Common.UnitTests\bin\Debug\net47\VideoOS.IdentityServer.Common.UnitTests.dll" adapterTypeName="executor://mstestadapter/v2" className="VideoOS.IdentityServer.Common.UnitTests.DiscoveryResponseTests" name="Construct_WithHttpError_ResponseWithStatusCode" />
    </UnitTest>
    <UnitTest name="CreateUserCollection_ResponseHasSuccessfulStatusCode_CorrectRequestUriIsPassedAndUsersAreReturned" storage="d:\actions-runner\_work\xpco\xpco\common\videoos.identityserver.common\videoos.identityserver.common.unittests\bin\debug\net47\videoos.identityserver.common.unittests.dll" id="1146fad1-5168-1504-a8de-6a696ebcdf14">
      <Execution id="9d37d2cc-4d5f-4a03-897e-5d5e5f40b656" />
      <TestMethod codeBase="D:\actions-runner\_work\XPCO\XPCO\Common\VideoOS.IdentityServer.Common\VideoOS.IdentityServer.Common.UnitTests\bin\Debug\net47\VideoOS.IdentityServer.Common.UnitTests.dll" adapterTypeName="executor://mstestadapter/v2" className="VideoOS.IdentityServer.Common.UnitTests.Services.IdpAdministrationClientTests" name="CreateUserCollection_ResponseHasSuccessfulStatusCode_CorrectRequestUriIsPassedAndUsersAreReturned" />
    </UnitTest>
    <UnitTest name="UserAndDomainName_ThrowsNotSupportedException" storage="d:\actions-runner\_work\xpco\xpco\common\videoos.identityserver.common\videoos.identityserver.common.unittests\bin\debug\net47\videoos.identityserver.common.unittests.dll" id="4df62476-7918-8981-230a-1c8bcba97842">
      <Execution id="ccee4be9-9d50-4208-a55d-83620e09126a" />
      <TestMethod codeBase="D:\actions-runner\_work\XPCO\XPCO\Common\VideoOS.IdentityServer.Common\VideoOS.IdentityServer.Common.UnitTests\bin\Debug\net47\VideoOS.IdentityServer.Common.UnitTests.dll" adapterTypeName="executor://mstestadapter/v2" className="VideoOS.IdentityServer.Common.UnitTests.Handlers.IdentityServerToken.SimpleTokenCacheTests" name="UserAndDomainName_ThrowsNotSupportedException" />
    </UnitTest>
    <UnitTest name="CreateException_InvalidCode_Throws_ArgumentOutOfRangeException" storage="d:\actions-runner\_work\xpco\xpco\common\videoos.identityserver.common\videoos.identityserver.common.unittests\bin\debug\net47\videoos.identityserver.common.unittests.dll" id="24757d53-50b6-4207-edb9-4d7b85e83ec0">
      <Execution id="a7994f31-094a-47e1-b05e-334ca65aa00d" />
      <TestMethod codeBase="D:\actions-runner\_work\XPCO\XPCO\Common\VideoOS.IdentityServer.Common\VideoOS.IdentityServer.Common.UnitTests\bin\Debug\net47\VideoOS.IdentityServer.Common.UnitTests.dll" adapterTypeName="executor://mstestadapter/v2" className="VideoOS.IdentityServer.Common.UnitTests.Exceptions.IdpExceptionFactoryTests" name="CreateException_InvalidCode_Throws_ArgumentOutOfRangeException" />
    </UnitTest>
    <UnitTest name="Authenticate_AuthHeaderHasMalformedToken_ReturnNull" storage="d:\actions-runner\_work\xpco\xpco\common\videoos.identityserver.common\videoos.identityserver.common.unittests\bin\debug\net47\videoos.identityserver.common.unittests.dll" id="19385676-0b53-c79d-1ffa-123def9ca885">
      <Execution id="e4116b84-191b-4c56-89ed-dfb9b8c2ec04" />
      <TestMethod codeBase="D:\actions-runner\_work\XPCO\XPCO\Common\VideoOS.IdentityServer.Common\VideoOS.IdentityServer.Common.UnitTests\bin\Debug\net47\VideoOS.IdentityServer.Common.UnitTests.dll" adapterTypeName="executor://mstestadapter/v2" className="VideoOS.IdentityServer.Common.UnitTests.ServiceModel.OpenIdClaimsAuthenticationManagerTests" name="Authenticate_AuthHeaderHasMalformedToken_ReturnNull" />
    </UnitTest>
    <UnitTest name="HasValidScheme_UriIsHttps_ReturnsTrue" storage="d:\actions-runner\_work\xpco\xpco\common\videoos.identityserver.common\videoos.identityserver.common.unittests\bin\debug\net47\videoos.identityserver.common.unittests.dll" id="6295024d-cdd4-de28-e7d8-515486f05d12">
      <Execution id="1f7ed790-4d36-4fc2-a84c-672b1b1d6744" />
      <TestMethod codeBase="D:\actions-runner\_work\XPCO\XPCO\Common\VideoOS.IdentityServer.Common\VideoOS.IdentityServer.Common.UnitTests\bin\Debug\net47\VideoOS.IdentityServer.Common.UnitTests.dll" adapterTypeName="executor://mstestadapter/v2" className="VideoOS.IdentityServer.Common.UnitTests.Utilities.ServerValidation.UriExtenderTests" name="HasValidScheme_UriIsHttps_ReturnsTrue" />
    </UnitTest>
    <UnitTest name="ValidateIdpServer_WorkingHttpAddress_ShouldSuccess" storage="d:\actions-runner\_work\xpco\xpco\common\videoos.identityserver.common\videoos.identityserver.common.unittests\bin\debug\net47\videoos.identityserver.common.unittests.dll" id="9ef64bea-8c17-ab0b-0aa2-a889a448670e">
      <Execution id="98e73961-fc71-4264-a105-a5eae2270aae" />
      <TestMethod codeBase="D:\actions-runner\_work\XPCO\XPCO\Common\VideoOS.IdentityServer.Common\VideoOS.IdentityServer.Common.UnitTests\bin\Debug\net47\VideoOS.IdentityServer.Common.UnitTests.dll" adapterTypeName="executor://mstestadapter/v2" className="VideoOS.IdentityServer.Common.UnitTests.IdpDiscoveryServiceTests" name="ValidateIdpServer_WorkingHttpAddress_ShouldSuccess" />
    </UnitTest>
    <UnitTest name="Start_TokenRefreshSuccess_StartTimerInterval10" storage="d:\actions-runner\_work\xpco\xpco\common\videoos.identityserver.common\videoos.identityserver.common.unittests\bin\debug\net47\videoos.identityserver.common.unittests.dll" id="7c241f9b-2b9f-c010-004c-ec717a0175c5">
      <Execution id="25171470-450a-45c3-ab79-152024ae66e0" />
      <TestMethod codeBase="D:\actions-runner\_work\XPCO\XPCO\Common\VideoOS.IdentityServer.Common\VideoOS.IdentityServer.Common.UnitTests\bin\Debug\net47\VideoOS.IdentityServer.Common.UnitTests.dll" adapterTypeName="executor://mstestadapter/v2" className="VideoOS.IdentityServer.Common.UnitTests.Handlers.TokenCacheTests" name="Start_TokenRefreshSuccess_StartTimerInterval10" />
    </UnitTest>
    <UnitTest name="SendRequest_ResponseHasStatusCodeAndCustomIdpError_ThrowCorrectIdpException" storage="d:\actions-runner\_work\xpco\xpco\common\videoos.identityserver.common\videoos.identityserver.common.unittests\bin\debug\net47\videoos.identityserver.common.unittests.dll" id="ee4023a9-7ef5-de07-c4fc-93e795d5baa7">
      <Execution id="0cb2236c-e169-4a5e-81be-bd4f475b8458" />
      <TestMethod codeBase="D:\actions-runner\_work\XPCO\XPCO\Common\VideoOS.IdentityServer.Common\VideoOS.IdentityServer.Common.UnitTests\bin\Debug\net47\VideoOS.IdentityServer.Common.UnitTests.dll" adapterTypeName="executor://mstestadapter/v2" className="VideoOS.IdentityServer.Common.UnitTests.IdpClientBaseTests" name="SendRequest_ResponseHasStatusCodeAndCustomIdpError_ThrowCorrectIdpException" />
    </UnitTest>
    <UnitTest name="RefreshToken_TokenHandlerReturnsToken_RefreshTokenReturnsToken" storage="d:\actions-runner\_work\xpco\xpco\common\videoos.identityserver.common\videoos.identityserver.common.unittests\bin\debug\net47\videoos.identityserver.common.unittests.dll" id="6ee35bac-519f-b442-48b8-ad90bff16940">
      <Execution id="1d8f743f-d7c2-4321-8359-5b1eff607b8e" />
      <TestMethod codeBase="D:\actions-runner\_work\XPCO\XPCO\Common\VideoOS.IdentityServer.Common\VideoOS.IdentityServer.Common.UnitTests\bin\Debug\net47\VideoOS.IdentityServer.Common.UnitTests.dll" adapterTypeName="executor://mstestadapter/v2" className="VideoOS.IdentityServer.Common.UnitTests.Handlers.TokenCacheTests" name="RefreshToken_TokenHandlerReturnsToken_RefreshTokenReturnsToken" />
    </UnitTest>
    <UnitTest name="ValidateIdpServer_SimulateValidResponseFromOAuthServer_WithValidCertificate" storage="d:\actions-runner\_work\xpco\xpco\common\videoos.identityserver.common\videoos.identityserver.common.unittests\bin\debug\net47\videoos.identityserver.common.unittests.dll" id="c46d157a-ee92-777a-ec56-c2afd9b36a47">
      <Execution id="4955135d-c52f-4794-ba42-1b0049832196" />
      <TestMethod codeBase="D:\actions-runner\_work\XPCO\XPCO\Common\VideoOS.IdentityServer.Common\VideoOS.IdentityServer.Common.UnitTests\bin\Debug\net47\VideoOS.IdentityServer.Common.UnitTests.dll" adapterTypeName="executor://mstestadapter/v2" className="VideoOS.IdentityServer.Common.UnitTests.IdpServerValidationTests" name="ValidateIdpServer_SimulateValidResponseFromOAuthServer_WithValidCertificate" />
    </UnitTest>
    <UnitTest name="SendRequest_ModelStateError_ThrowsInvalidArgumentsException" storage="d:\actions-runner\_work\xpco\xpco\common\videoos.identityserver.common\videoos.identityserver.common.unittests\bin\debug\net47\videoos.identityserver.common.unittests.dll" id="2439864b-27f0-8850-4ed8-51ccc06b948f">
      <Execution id="2ecc53c8-515b-4026-9f65-3d30bf0793c9" />
      <TestMethod codeBase="D:\actions-runner\_work\XPCO\XPCO\Common\VideoOS.IdentityServer.Common\VideoOS.IdentityServer.Common.UnitTests\bin\Debug\net47\VideoOS.IdentityServer.Common.UnitTests.dll" adapterTypeName="executor://mstestadapter/v2" className="VideoOS.IdentityServer.Common.UnitTests.IdpClientBaseTests" name="SendRequest_ModelStateError_ThrowsInvalidArgumentsException" />
    </UnitTest>
    <UnitTest name="BasicOpenAuthenticationHeaderValue_Constructor_NullUserName" storage="d:\actions-runner\_work\xpco\xpco\common\videoos.identityserver.common\videoos.identityserver.common.unittests\bin\debug\net47\videoos.identityserver.common.unittests.dll" id="b639b5fb-3ef5-2cd9-a90a-017d1638f497">
      <Execution id="6abe85ba-34de-4a8a-a901-127eb8b55b5d" />
      <TestMethod codeBase="D:\actions-runner\_work\XPCO\XPCO\Common\VideoOS.IdentityServer.Common\VideoOS.IdentityServer.Common.UnitTests\bin\Debug\net47\VideoOS.IdentityServer.Common.UnitTests.dll" adapterTypeName="executor://mstestadapter/v2" className="VideoOS.IdentityServer.Common.UnitTests.BasicOpenAuthenticationHeaderValueTests" name="BasicOpenAuthenticationHeaderValue_Constructor_NullUserName" />
    </UnitTest>
    <UnitTest name="TokenCache_Constructor_Scope_ArgumentNullException" storage="d:\actions-runner\_work\xpco\xpco\common\videoos.identityserver.common\videoos.identityserver.common.unittests\bin\debug\net47\videoos.identityserver.common.unittests.dll" id="21823bf0-ff7d-6139-8246-3e6c7fce3add">
      <Execution id="974fcaa1-c0c8-496a-a3cf-bd2f49b0b203" />
      <TestMethod codeBase="D:\actions-runner\_work\XPCO\XPCO\Common\VideoOS.IdentityServer.Common\VideoOS.IdentityServer.Common.UnitTests\bin\Debug\net47\VideoOS.IdentityServer.Common.UnitTests.dll" adapterTypeName="executor://mstestadapter/v2" className="VideoOS.IdentityServer.Common.UnitTests.Handlers.TokenCacheTests" name="TokenCache_Constructor_Scope_ArgumentNullException" />
    </UnitTest>
    <UnitTest name="BeforeSendRequest_ThrowsHttpRequestExceptionWithWebException_ThrowsCommunicationException (SendFailure)" storage="d:\actions-runner\_work\xpco\xpco\common\videoos.identityserver.common\videoos.identityserver.common.unittests\bin\debug\net47\videoos.identityserver.common.unittests.dll" id="6ff3a64d-e43e-c9b5-cdb2-5023b692a002">
      <Execution id="5394cae2-a6ff-486c-9c99-9b8064eb6fe9" />
      <TestMethod codeBase="D:\actions-runner\_work\XPCO\XPCO\Common\VideoOS.IdentityServer.Common\VideoOS.IdentityServer.Common.UnitTests\bin\Debug\net47\VideoOS.IdentityServer.Common.UnitTests.dll" adapterTypeName="executor://mstestadapter/v2" className="VideoOS.IdentityServer.Common.UnitTests.ServiceModel.BearerAuthorizationHeaderInspectorTests" name="BeforeSendRequest_ThrowsHttpRequestExceptionWithWebException_ThrowsCommunicationException" />
    </UnitTest>
    <UnitTest name="SendRequest_ResponseHasOkStatusCodeButContentHasWrongFormat_ThrowIdpException" storage="d:\actions-runner\_work\xpco\xpco\common\videoos.identityserver.common\videoos.identityserver.common.unittests\bin\debug\net47\videoos.identityserver.common.unittests.dll" id="d1a7ae75-499e-4c81-b00a-a79e362c4160">
      <Execution id="70e54b9b-713c-4948-9fa8-a29fbdab7843" />
      <TestMethod codeBase="D:\actions-runner\_work\XPCO\XPCO\Common\VideoOS.IdentityServer.Common\VideoOS.IdentityServer.Common.UnitTests\bin\Debug\net47\VideoOS.IdentityServer.Common.UnitTests.dll" adapterTypeName="executor://mstestadapter/v2" className="VideoOS.IdentityServer.Common.UnitTests.IdpClientBaseTests" name="SendRequest_ResponseHasOkStatusCodeButContentHasWrongFormat_ThrowIdpException" />
    </UnitTest>
    <UnitTest name="GetTokenResponseAsync_TokenHandlerDisposedBeforeCall_ObjectDisposedException" storage="d:\actions-runner\_work\xpco\xpco\common\videoos.identityserver.common\videoos.identityserver.common.unittests\bin\debug\net47\videoos.identityserver.common.unittests.dll" id="1eb96942-90b7-e230-1cfa-7966bc14fec4">
      <Execution id="96e3a3d6-870a-4923-9730-f77e26a10cc9" />
      <TestMethod codeBase="D:\actions-runner\_work\XPCO\XPCO\Common\VideoOS.IdentityServer.Common\VideoOS.IdentityServer.Common.UnitTests\bin\Debug\net47\VideoOS.IdentityServer.Common.UnitTests.dll" adapterTypeName="executor://mstestadapter/v2" className="VideoOS.IdentityServer.Common.UnitTests.ExchangeTokenHandlerTests" name="GetTokenResponseAsync_TokenHandlerDisposedBeforeCall_ObjectDisposedException" />
    </UnitTest>
    <UnitTest name="ValidateIdpServer_HttpsAddressInvalidPort_ShouldThrow" storage="d:\actions-runner\_work\xpco\xpco\common\videoos.identityserver.common\videoos.identityserver.common.unittests\bin\debug\net47\videoos.identityserver.common.unittests.dll" id="730bef14-9053-6444-695c-2c9c89ef8f7a">
      <Execution id="3feac56c-1d4b-42ba-9f9b-1c2ef7e223d1" />
      <TestMethod codeBase="D:\actions-runner\_work\XPCO\XPCO\Common\VideoOS.IdentityServer.Common\VideoOS.IdentityServer.Common.UnitTests\bin\Debug\net47\VideoOS.IdentityServer.Common.UnitTests.dll" adapterTypeName="executor://mstestadapter/v2" className="VideoOS.IdentityServer.Common.UnitTests.IdpDiscoveryServiceTests" name="ValidateIdpServer_HttpsAddressInvalidPort_ShouldThrow" />
    </UnitTest>
    <UnitTest name="Stop_RefreshGetToken" storage="d:\actions-runner\_work\xpco\xpco\common\videoos.identityserver.common\videoos.identityserver.common.unittests\bin\debug\net47\videoos.identityserver.common.unittests.dll" id="384c466e-e541-dfd8-e107-db2fc07e11e9">
      <Execution id="580b835c-33d7-4108-8950-feb42a0b2f55" />
      <TestMethod codeBase="D:\actions-runner\_work\XPCO\XPCO\Common\VideoOS.IdentityServer.Common\VideoOS.IdentityServer.Common.UnitTests\bin\Debug\net47\VideoOS.IdentityServer.Common.UnitTests.dll" adapterTypeName="executor://mstestadapter/v2" className="VideoOS.IdentityServer.Common.UnitTests.Handlers.TokenCacheTests" name="Stop_RefreshGetToken" />
    </UnitTest>
    <UnitTest name="Start_TokenRefreshFailed_StartTimerInterval5" storage="d:\actions-runner\_work\xpco\xpco\common\videoos.identityserver.common\videoos.identityserver.common.unittests\bin\debug\net47\videoos.identityserver.common.unittests.dll" id="07e017ec-27c0-e3c7-e86f-7418562949bd">
      <Execution id="225405b8-9126-476f-a7ce-3b3432562e7b" />
      <TestMethod codeBase="D:\actions-runner\_work\XPCO\XPCO\Common\VideoOS.IdentityServer.Common\VideoOS.IdentityServer.Common.UnitTests\bin\Debug\net47\VideoOS.IdentityServer.Common.UnitTests.dll" adapterTypeName="executor://mstestadapter/v2" className="VideoOS.IdentityServer.Common.UnitTests.Handlers.TokenCacheTests" name="Start_TokenRefreshFailed_StartTimerInterval5" />
    </UnitTest>
    <UnitTest name="CreateException_PasswordRequiresDigit_Is_PasswordNotComplexEnoughException" storage="d:\actions-runner\_work\xpco\xpco\common\videoos.identityserver.common\videoos.identityserver.common.unittests\bin\debug\net47\videoos.identityserver.common.unittests.dll" id="a195a1f3-7257-7b57-25f5-d869b6864153">
      <Execution id="f6ab6fa0-6a73-4f39-a33a-939da43f897c" />
      <TestMethod codeBase="D:\actions-runner\_work\XPCO\XPCO\Common\VideoOS.IdentityServer.Common\VideoOS.IdentityServer.Common.UnitTests\bin\Debug\net47\VideoOS.IdentityServer.Common.UnitTests.dll" adapterTypeName="executor://mstestadapter/v2" className="VideoOS.IdentityServer.Common.UnitTests.Exceptions.IdpExceptionFactoryTests" name="CreateException_PasswordRequiresDigit_Is_PasswordNotComplexEnoughException" />
    </UnitTest>
    <UnitTest name="CreateTrustedIssuer_ResponseHasSuccessfulStatusCode_CorrectRequestUriIsPassed" storage="d:\actions-runner\_work\xpco\xpco\common\videoos.identityserver.common\videoos.identityserver.common.unittests\bin\debug\net47\videoos.identityserver.common.unittests.dll" id="c010b35c-ca77-152c-97b9-c2d3f6ea7d7d">
      <Execution id="95f1fb5d-e44c-4aa4-884b-c72608d42e6f" />
      <TestMethod codeBase="D:\actions-runner\_work\XPCO\XPCO\Common\VideoOS.IdentityServer.Common\VideoOS.IdentityServer.Common.UnitTests\bin\Debug\net47\VideoOS.IdentityServer.Common.UnitTests.dll" adapterTypeName="executor://mstestadapter/v2" className="VideoOS.IdentityServer.Common.UnitTests.Services.IdpAdministrationClientTests" name="CreateTrustedIssuer_ResponseHasSuccessfulStatusCode_CorrectRequestUriIsPassed" />
    </UnitTest>
    <UnitTest name="IdpTokenClient_NullCredentials_HttpClientConfiguredToUseDefualtCredentials" storage="d:\actions-runner\_work\xpco\xpco\common\videoos.identityserver.common\videoos.identityserver.common.unittests\bin\debug\net47\videoos.identityserver.common.unittests.dll" id="4dc452ef-89de-ef92-35ba-5de565a80983">
      <Execution id="2b540640-f440-49f9-a82d-c747fafe7538" />
      <TestMethod codeBase="D:\actions-runner\_work\XPCO\XPCO\Common\VideoOS.IdentityServer.Common\VideoOS.IdentityServer.Common.UnitTests\bin\Debug\net47\VideoOS.IdentityServer.Common.UnitTests.dll" adapterTypeName="executor://mstestadapter/v2" className="VideoOS.IdentityServer.Common.UnitTests.IdpTokenClientTests" name="IdpTokenClient_NullCredentials_HttpClientConfiguredToUseDefualtCredentials" />
    </UnitTest>
    <UnitTest name="ValidateToken_SignatureKeyNotFoundMinimumRefreshIntervalReached_RefreshRequested" storage="d:\actions-runner\_work\xpco\xpco\common\videoos.identityserver.common\videoos.identityserver.common.unittests\bin\debug\net47\videoos.identityserver.common.unittests.dll" id="e9fa84ac-633c-62b6-98d7-47b66e6e189e">
      <Execution id="4eb67309-4bc7-4977-ab84-e425d422dd5a" />
      <TestMethod codeBase="D:\actions-runner\_work\XPCO\XPCO\Common\VideoOS.IdentityServer.Common\VideoOS.IdentityServer.Common.UnitTests\bin\Debug\net47\VideoOS.IdentityServer.Common.UnitTests.dll" adapterTypeName="executor://mstestadapter/v2" className="VideoOS.IdentityServer.Common.UnitTests.JwtSecurityTokenValidatorWithConfigurationManagerTests" name="ValidateToken_SignatureKeyNotFoundMinimumRefreshIntervalReached_RefreshRequested" />
    </UnitTest>
    <UnitTest name="BeforeSendRequest_ThrowsHttpRequestExceptionWithWebException_ThrowsCommunicationException (CacheEntryNotFound)" storage="d:\actions-runner\_work\xpco\xpco\common\videoos.identityserver.common\videoos.identityserver.common.unittests\bin\debug\net47\videoos.identityserver.common.unittests.dll" id="1b8c86ad-d6be-1e33-af55-74534338a533">
      <Execution id="f93a7809-45b7-4be2-83a5-e44ab40368e6" />
      <TestMethod codeBase="D:\actions-runner\_work\XPCO\XPCO\Common\VideoOS.IdentityServer.Common\VideoOS.IdentityServer.Common.UnitTests\bin\Debug\net47\VideoOS.IdentityServer.Common.UnitTests.dll" adapterTypeName="executor://mstestadapter/v2" className="VideoOS.IdentityServer.Common.UnitTests.ServiceModel.BearerAuthorizationHeaderInspectorTests" name="BeforeSendRequest_ThrowsHttpRequestExceptionWithWebException_ThrowsCommunicationException" />
    </UnitTest>
    <UnitTest name="Retrieve_EmptyProvider_ThrowsArgumentNullException" storage="d:\actions-runner\_work\xpco\xpco\common\videoos.identityserver.common\videoos.identityserver.common.unittests\bin\debug\net47\videoos.identityserver.common.unittests.dll" id="fb9a0fbc-d523-38e7-fa29-68166d7c4694">
      <Execution id="a42cdfed-3087-45d6-946e-334058ab6382" />
      <TestMethod codeBase="D:\actions-runner\_work\XPCO\XPCO\Common\VideoOS.IdentityServer.Common\VideoOS.IdentityServer.Common.UnitTests\bin\Debug\net47\VideoOS.IdentityServer.Common.UnitTests.dll" adapterTypeName="executor://mstestadapter/v2" className="VideoOS.IdentityServer.Common.UnitTests.Utilities.Tokens.IdpTokenRetrieverTests" name="Retrieve_EmptyProvider_ThrowsArgumentNullException" />
    </UnitTest>
    <UnitTest name="ValidateIdpServer_SimulateValidResponseFrom_WithNonStandardPortAndValidScheme_AgainstVersionNotSupportingOauth_Success" storage="d:\actions-runner\_work\xpco\xpco\common\videoos.identityserver.common\videoos.identityserver.common.unittests\bin\debug\net47\videoos.identityserver.common.unittests.dll" id="6a56b596-cc3a-9bf5-da7f-9064d03397a2">
      <Execution id="7c182da5-867e-4067-84f9-96bede16cb93" />
      <TestMethod codeBase="D:\actions-runner\_work\XPCO\XPCO\Common\VideoOS.IdentityServer.Common\VideoOS.IdentityServer.Common.UnitTests\bin\Debug\net47\VideoOS.IdentityServer.Common.UnitTests.dll" adapterTypeName="executor://mstestadapter/v2" className="VideoOS.IdentityServer.Common.UnitTests.IdpServerValidationTests" name="ValidateIdpServer_SimulateValidResponseFrom_WithNonStandardPortAndValidScheme_AgainstVersionNotSupportingOauth_Success" />
    </UnitTest>
    <UnitTest name="GetUserCollection_QueryParameterIsVariableSize_QueryParameterIsUsedWhenNotTooBig (1,False)" storage="d:\actions-runner\_work\xpco\xpco\common\videoos.identityserver.common\videoos.identityserver.common.unittests\bin\debug\net47\videoos.identityserver.common.unittests.dll" id="b3c93a97-6762-97e2-4473-6d5a7d219a04">
      <Execution id="942639c4-a51f-47fe-84e5-442cad88baa7" />
      <TestMethod codeBase="D:\actions-runner\_work\XPCO\XPCO\Common\VideoOS.IdentityServer.Common\VideoOS.IdentityServer.Common.UnitTests\bin\Debug\net47\VideoOS.IdentityServer.Common.UnitTests.dll" adapterTypeName="executor://mstestadapter/v2" className="VideoOS.IdentityServer.Common.UnitTests.Services.IdpAdministrationClientTests" name="GetUserCollection_QueryParameterIsVariableSize_QueryParameterIsUsedWhenNotTooBig" />
    </UnitTest>
    <UnitTest name="GetEventLogs_ResponseHasOneLog_LogIsReturned" storage="d:\actions-runner\_work\xpco\xpco\common\videoos.identityserver.common\videoos.identityserver.common.unittests\bin\debug\net47\videoos.identityserver.common.unittests.dll" id="0c335cba-9d4b-aa04-40ba-337c73bdc2f2">
      <Execution id="5b89c453-5a6c-43ec-9ae5-542411f79c3c" />
      <TestMethod codeBase="D:\actions-runner\_work\XPCO\XPCO\Common\VideoOS.IdentityServer.Common\VideoOS.IdentityServer.Common.UnitTests\bin\Debug\net47\VideoOS.IdentityServer.Common.UnitTests.dll" adapterTypeName="executor://mstestadapter/v2" className="VideoOS.IdentityServer.Common.UnitTests.Services.IdpAdministrationClientTests" name="GetEventLogs_ResponseHasOneLog_LogIsReturned" />
    </UnitTest>
    <UnitTest name="GetEventLogs_NumberToReturnIsOutOfRange_ThrowsArgumentOutOfRangeException (-1)" storage="d:\actions-runner\_work\xpco\xpco\common\videoos.identityserver.common\videoos.identityserver.common.unittests\bin\debug\net47\videoos.identityserver.common.unittests.dll" id="83822170-a282-a7f9-81dc-2f08dba999ec">
      <Execution id="f07050b4-2d72-431c-b883-77aa08b3b1e4" />
      <TestMethod codeBase="D:\actions-runner\_work\XPCO\XPCO\Common\VideoOS.IdentityServer.Common\VideoOS.IdentityServer.Common.UnitTests\bin\Debug\net47\VideoOS.IdentityServer.Common.UnitTests.dll" adapterTypeName="executor://mstestadapter/v2" className="VideoOS.IdentityServer.Common.UnitTests.Services.IdpAdministrationClientTests" name="GetEventLogs_NumberToReturnIsOutOfRange_ThrowsArgumentOutOfRangeException" />
    </UnitTest>
    <UnitTest name="HasValidScheme_UriIsNetTcp_ReturnsTrue" storage="d:\actions-runner\_work\xpco\xpco\common\videoos.identityserver.common\videoos.identityserver.common.unittests\bin\debug\net47\videoos.identityserver.common.unittests.dll" id="99565e95-1a0c-269c-a11f-12a2852883ea">
      <Execution id="aa1d30aa-7918-4265-9bf9-9415971e411d" />
      <TestMethod codeBase="D:\actions-runner\_work\XPCO\XPCO\Common\VideoOS.IdentityServer.Common\VideoOS.IdentityServer.Common.UnitTests\bin\Debug\net47\VideoOS.IdentityServer.Common.UnitTests.dll" adapterTypeName="executor://mstestadapter/v2" className="VideoOS.IdentityServer.Common.UnitTests.Utilities.ServerValidation.UriExtenderTests" name="HasValidScheme_UriIsNetTcp_ReturnsTrue" />
    </UnitTest>
    <UnitTest name="Constructor_ClientTokenSettingsIsNull_ThrowArgumentNullException" storage="d:\actions-runner\_work\xpco\xpco\common\videoos.identityserver.common\videoos.identityserver.common.unittests\bin\debug\net47\videoos.identityserver.common.unittests.dll" id="6c035807-52d4-6caf-a566-ec498448b6fa">
      <Execution id="27b1828b-7c77-4658-9133-41cc1ee40dea" />
      <TestMethod codeBase="D:\actions-runner\_work\XPCO\XPCO\Common\VideoOS.IdentityServer.Common\VideoOS.IdentityServer.Common.UnitTests\bin\Debug\net47\VideoOS.IdentityServer.Common.UnitTests.dll" adapterTypeName="executor://mstestadapter/v2" className="VideoOS.IdentityServer.Common.UnitTests.IdentityServerTokenHandlerTests" name="Constructor_ClientTokenSettingsIsNull_ThrowArgumentNullException" />
    </UnitTest>
    <UnitTest name="GetAsync_ErrorTypeException_DiscoveryResponseIsError" storage="d:\actions-runner\_work\xpco\xpco\common\videoos.identityserver.common\videoos.identityserver.common.unittests\bin\debug\net47\videoos.identityserver.common.unittests.dll" id="c25f8796-8fb8-e9c9-dc4c-16994d769571">
      <Execution id="5df20df6-46d6-487a-a5b3-bd98ba43f571" />
      <TestMethod codeBase="D:\actions-runner\_work\XPCO\XPCO\Common\VideoOS.IdentityServer.Common\VideoOS.IdentityServer.Common.UnitTests\bin\Debug\net47\VideoOS.IdentityServer.Common.UnitTests.dll" adapterTypeName="executor://mstestadapter/v2" className="VideoOS.IdentityServer.Common.UnitTests.DiscoveryClientTests" name="GetAsync_ErrorTypeException_DiscoveryResponseIsError" />
    </UnitTest>
    <UnitTest name="GetUserCollection_QueryParameterIsVariableSize_QueryParameterIsUsedWhenNotTooBig (2049,True)" storage="d:\actions-runner\_work\xpco\xpco\common\videoos.identityserver.common\videoos.identityserver.common.unittests\bin\debug\net47\videoos.identityserver.common.unittests.dll" id="576b4205-3800-13a7-aaef-8abb157a3de6">
      <Execution id="8497125f-948a-4e26-a394-aa8dd86a5c48" />
      <TestMethod codeBase="D:\actions-runner\_work\XPCO\XPCO\Common\VideoOS.IdentityServer.Common\VideoOS.IdentityServer.Common.UnitTests\bin\Debug\net47\VideoOS.IdentityServer.Common.UnitTests.dll" adapterTypeName="executor://mstestadapter/v2" className="VideoOS.IdentityServer.Common.UnitTests.Services.IdpAdministrationClientTests" name="GetUserCollection_QueryParameterIsVariableSize_QueryParameterIsUsedWhenNotTooBig" />
    </UnitTest>
    <UnitTest name="GetTokenResponseAsync_HttpStatusIsNotOk_IdpExceptionIsThrown" storage="d:\actions-runner\_work\xpco\xpco\common\videoos.identityserver.common\videoos.identityserver.common.unittests\bin\debug\net47\videoos.identityserver.common.unittests.dll" id="f15d1485-b568-93f4-d5a1-108ce37ed532">
      <Execution id="e9658148-80e5-4286-afd9-69b25947ad1e" />
      <TestMethod codeBase="D:\actions-runner\_work\XPCO\XPCO\Common\VideoOS.IdentityServer.Common\VideoOS.IdentityServer.Common.UnitTests\bin\Debug\net47\VideoOS.IdentityServer.Common.UnitTests.dll" adapterTypeName="executor://mstestadapter/v2" className="VideoOS.IdentityServer.Common.UnitTests.ExternalTokenHandlerTests" name="GetTokenResponseAsync_HttpStatusIsNotOk_IdpExceptionIsThrown" />
    </UnitTest>
    <UnitTest name="GetClaimValue_IdTokenRetrieved_ClaimThere_ReturnsClaimValue" storage="d:\actions-runner\_work\xpco\xpco\common\videoos.identityserver.common\videoos.identityserver.common.unittests\bin\debug\net47\videoos.identityserver.common.unittests.dll" id="90d13d23-6660-c28a-543b-d374b02dcccb">
      <Execution id="c6a2d41d-b902-4f44-8c78-0a1abdaf3720" />
      <TestMethod codeBase="D:\actions-runner\_work\XPCO\XPCO\Common\VideoOS.IdentityServer.Common\VideoOS.IdentityServer.Common.UnitTests\bin\Debug\net47\VideoOS.IdentityServer.Common.UnitTests.dll" adapterTypeName="executor://mstestadapter/v2" className="VideoOS.IdentityServer.Common.UnitTests.Handlers.TokenCacheTests" name="GetClaimValue_IdTokenRetrieved_ClaimThere_ReturnsClaimValue" />
    </UnitTest>
    <UnitTest name="CreateException_DuplicateAdminIdentity_Is_DuplicateAdminIdentityException" storage="d:\actions-runner\_work\xpco\xpco\common\videoos.identityserver.common\videoos.identityserver.common.unittests\bin\debug\net47\videoos.identityserver.common.unittests.dll" id="98edab49-64e8-bcaf-beed-559fb53bdf3f">
      <Execution id="4ee63c73-fb5c-4844-a019-093bdfc28996" />
      <TestMethod codeBase="D:\actions-runner\_work\XPCO\XPCO\Common\VideoOS.IdentityServer.Common\VideoOS.IdentityServer.Common.UnitTests\bin\Debug\net47\VideoOS.IdentityServer.Common.UnitTests.dll" adapterTypeName="executor://mstestadapter/v2" className="VideoOS.IdentityServer.Common.UnitTests.Exceptions.IdpExceptionFactoryTests" name="CreateException_DuplicateAdminIdentity_Is_DuplicateAdminIdentityException" />
    </UnitTest>
    <UnitTest name="CreateException_LockedOut_Is_LockedOutException" storage="d:\actions-runner\_work\xpco\xpco\common\videoos.identityserver.common\videoos.identityserver.common.unittests\bin\debug\net47\videoos.identityserver.common.unittests.dll" id="26714a1a-41f7-451e-82b0-891505fd3754">
      <Execution id="6da4fdf3-395a-49a5-b080-32ae554b1bb5" />
      <TestMethod codeBase="D:\actions-runner\_work\XPCO\XPCO\Common\VideoOS.IdentityServer.Common\VideoOS.IdentityServer.Common.UnitTests\bin\Debug\net47\VideoOS.IdentityServer.Common.UnitTests.dll" adapterTypeName="executor://mstestadapter/v2" className="VideoOS.IdentityServer.Common.UnitTests.Exceptions.IdpExceptionFactoryTests" name="CreateException_LockedOut_Is_LockedOutException" />
    </UnitTest>
    <UnitTest name="ValidateIdpServer_SimulateResponseFromPreOAuthServer_WithValidCertificate_OpenConfigurationNotFound" storage="d:\actions-runner\_work\xpco\xpco\common\videoos.identityserver.common\videoos.identityserver.common.unittests\bin\debug\net47\videoos.identityserver.common.unittests.dll" id="990b87dc-a86d-2543-ed49-4086f9d9a47d">
      <Execution id="06d2955d-30ce-4ece-a753-5cc28392ac87" />
      <TestMethod codeBase="D:\actions-runner\_work\XPCO\XPCO\Common\VideoOS.IdentityServer.Common\VideoOS.IdentityServer.Common.UnitTests\bin\Debug\net47\VideoOS.IdentityServer.Common.UnitTests.dll" adapterTypeName="executor://mstestadapter/v2" className="VideoOS.IdentityServer.Common.UnitTests.IdpServerValidationTests" name="ValidateIdpServer_SimulateResponseFromPreOAuthServer_WithValidCertificate_OpenConfigurationNotFound" />
    </UnitTest>
    <UnitTest name="Construct_InvalidParam_ClientIBaseServerUri_PartialUri_Throws_ArgumentException" storage="d:\actions-runner\_work\xpco\xpco\common\videoos.identityserver.common\videoos.identityserver.common.unittests\bin\debug\net47\videoos.identityserver.common.unittests.dll" id="f37524f4-6178-1300-0d38-772771a42b59">
      <Execution id="d77e9dde-73b6-4531-a5fd-c9432ea7a13d" />
      <TestMethod codeBase="D:\actions-runner\_work\XPCO\XPCO\Common\VideoOS.IdentityServer.Common\VideoOS.IdentityServer.Common.UnitTests\bin\Debug\net47\VideoOS.IdentityServer.Common.UnitTests.dll" adapterTypeName="executor://mstestadapter/v2" className="VideoOS.IdentityServer.Common.UnitTests.Handlers.IdentityServerToken.IdentityServerClientSettingsTests" name="Construct_InvalidParam_ClientIBaseServerUri_PartialUri_Throws_ArgumentException" />
    </UnitTest>
    <UnitTest name="HandleException_WebException_Status_KeepAliveFailure_ReturnsTrue" storage="d:\actions-runner\_work\xpco\xpco\common\videoos.identityserver.common\videoos.identityserver.common.unittests\bin\debug\net47\videoos.identityserver.common.unittests.dll" id="8b0bbd88-d4e3-018e-eff8-fdef5f0617d3">
      <Execution id="093fd765-947f-4676-9553-359473a8e4d2" />
      <TestMethod codeBase="D:\actions-runner\_work\XPCO\XPCO\Common\VideoOS.IdentityServer.Common\VideoOS.IdentityServer.Common.UnitTests\bin\Debug\net47\VideoOS.IdentityServer.Common.UnitTests.dll" adapterTypeName="executor://mstestadapter/v2" className="VideoOS.IdentityServer.Common.UnitTests.Utilities.ServerValidation.IdpExceptionHandlerTests" name="HandleException_WebException_Status_KeepAliveFailure_ReturnsTrue" />
    </UnitTest>
    <UnitTest name="HasValidScheme_UriIsMailTo_ReturnsTrue" storage="d:\actions-runner\_work\xpco\xpco\common\videoos.identityserver.common\videoos.identityserver.common.unittests\bin\debug\net47\videoos.identityserver.common.unittests.dll" id="1620f4f3-fa43-753e-a977-2bf07d76d45d">
      <Execution id="63b971df-295c-41bf-8b0e-03de1f41b30f" />
      <TestMethod codeBase="D:\actions-runner\_work\XPCO\XPCO\Common\VideoOS.IdentityServer.Common\VideoOS.IdentityServer.Common.UnitTests\bin\Debug\net47\VideoOS.IdentityServer.Common.UnitTests.dll" adapterTypeName="executor://mstestadapter/v2" className="VideoOS.IdentityServer.Common.UnitTests.Utilities.ServerValidation.UriExtenderTests" name="HasValidScheme_UriIsMailTo_ReturnsTrue" />
    </UnitTest>
    <UnitTest name="Constructor_RequestedScopes_Filtered_by_Supported" storage="d:\actions-runner\_work\xpco\xpco\common\videoos.identityserver.common\videoos.identityserver.common.unittests\bin\debug\net47\videoos.identityserver.common.unittests.dll" id="44c7436c-905a-58ad-44f0-0942a51a60c8">
      <Execution id="43945864-e667-4a9d-a517-99e113e2b17d" />
      <TestMethod codeBase="D:\actions-runner\_work\XPCO\XPCO\Common\VideoOS.IdentityServer.Common\VideoOS.IdentityServer.Common.UnitTests\bin\Debug\net47\VideoOS.IdentityServer.Common.UnitTests.dll" adapterTypeName="executor://mstestadapter/v2" className="VideoOS.IdentityServer.Common.UnitTests.Utilities.Tokens.IdpTokenRetrieverTests" name="Constructor_RequestedScopes_Filtered_by_Supported" />
    </UnitTest>
    <UnitTest name="SendRequest_ResponseHasBadStatusCode_ThrowIdpException (BadRequest)" storage="d:\actions-runner\_work\xpco\xpco\common\videoos.identityserver.common\videoos.identityserver.common.unittests\bin\debug\net47\videoos.identityserver.common.unittests.dll" id="e9885d89-bc72-7366-67b0-3a6b90c9fc06">
      <Execution id="de16124c-ccce-4613-8fe5-f0d14b0bd4a9" />
      <TestMethod codeBase="D:\actions-runner\_work\XPCO\XPCO\Common\VideoOS.IdentityServer.Common\VideoOS.IdentityServer.Common.UnitTests\bin\Debug\net47\VideoOS.IdentityServer.Common.UnitTests.dll" adapterTypeName="executor://mstestadapter/v2" className="VideoOS.IdentityServer.Common.UnitTests.IdpClientBaseTests" name="SendRequest_ResponseHasBadStatusCode_ThrowIdpException" />
    </UnitTest>
    <UnitTest name="Construct_InvalidParam_GrantType_EmptyString_Throws_ArgumentNullException" storage="d:\actions-runner\_work\xpco\xpco\common\videoos.identityserver.common\videoos.identityserver.common.unittests\bin\debug\net47\videoos.identityserver.common.unittests.dll" id="abc17b2d-2fdc-8231-f8f9-d08681dce944">
      <Execution id="a4fa9211-9270-4fc1-a30d-a02a8259b231" />
      <TestMethod codeBase="D:\actions-runner\_work\XPCO\XPCO\Common\VideoOS.IdentityServer.Common\VideoOS.IdentityServer.Common.UnitTests\bin\Debug\net47\VideoOS.IdentityServer.Common.UnitTests.dll" adapterTypeName="executor://mstestadapter/v2" className="VideoOS.IdentityServer.Common.UnitTests.Handlers.IdentityServerToken.IdentityServerClientSettingsTests" name="Construct_InvalidParam_GrantType_EmptyString_Throws_ArgumentNullException" />
    </UnitTest>
    <UnitTest name="CheckAccess_PrincipalHasWrongScopeClaim_ReturnsFalse (Abc)" storage="d:\actions-runner\_work\xpco\xpco\common\videoos.identityserver.common\videoos.identityserver.common.unittests\bin\debug\net47\videoos.identityserver.common.unittests.dll" id="b4267121-9b95-3e21-c565-aedda680f67b">
      <Execution id="2b5e0cee-900f-42f8-9e95-07bd9623ebb5" />
      <TestMethod codeBase="D:\actions-runner\_work\XPCO\XPCO\Common\VideoOS.IdentityServer.Common\VideoOS.IdentityServer.Common.UnitTests\bin\Debug\net47\VideoOS.IdentityServer.Common.UnitTests.dll" adapterTypeName="executor://mstestadapter/v2" className="VideoOS.IdentityServer.Common.UnitTests.ServiceModel.OpenIdClaimsAuthorizationManagerTests" name="CheckAccess_PrincipalHasWrongScopeClaim_ReturnsFalse" />
    </UnitTest>
    <UnitTest name="GetUserCollection_EmptyIdList_ThrowArgumentException" storage="d:\actions-runner\_work\xpco\xpco\common\videoos.identityserver.common\videoos.identityserver.common.unittests\bin\debug\net47\videoos.identityserver.common.unittests.dll" id="a2e9ef55-bfe0-9647-cd73-b7dbecbeddd9">
      <Execution id="6ce4fcce-4b0b-4279-9f15-dab4f7553d1e" />
      <TestMethod codeBase="D:\actions-runner\_work\XPCO\XPCO\Common\VideoOS.IdentityServer.Common\VideoOS.IdentityServer.Common.UnitTests\bin\Debug\net47\VideoOS.IdentityServer.Common.UnitTests.dll" adapterTypeName="executor://mstestadapter/v2" className="VideoOS.IdentityServer.Common.UnitTests.Services.IdpAdministrationClientTests" name="GetUserCollection_EmptyIdList_ThrowArgumentException" />
    </UnitTest>
    <UnitTest name="Ctor_AddressIsNull_ThrowsArgumentNullException" storage="d:\actions-runner\_work\xpco\xpco\common\videoos.identityserver.common\videoos.identityserver.common.unittests\bin\debug\net47\videoos.identityserver.common.unittests.dll" id="2f8b9abc-1c8d-726a-bc19-fbcf045e42b5">
      <Execution id="f6437eda-ddb1-445e-8ccb-353cc7c9476d" />
      <TestMethod codeBase="D:\actions-runner\_work\XPCO\XPCO\Common\VideoOS.IdentityServer.Common\VideoOS.IdentityServer.Common.UnitTests\bin\Debug\net47\VideoOS.IdentityServer.Common.UnitTests.dll" adapterTypeName="executor://mstestadapter/v2" className="VideoOS.IdentityServer.Common.UnitTests.OpenIdTokenHandlerTests" name="Ctor_AddressIsNull_ThrowsArgumentNullException" />
    </UnitTest>
    <UnitTest name="ValidateToken_SubClaimMissing_SystemClaimIsAddedToClaims" storage="d:\actions-runner\_work\xpco\xpco\common\videoos.identityserver.common\videoos.identityserver.common.unittests\bin\debug\net47\videoos.identityserver.common.unittests.dll" id="970cd01e-43a8-573f-d6bb-d3e5d63f1935">
      <Execution id="4bb81a19-0c87-4ff0-a2cd-d8f9100686b9" />
      <TestMethod codeBase="D:\actions-runner\_work\XPCO\XPCO\Common\VideoOS.IdentityServer.Common\VideoOS.IdentityServer.Common.UnitTests\bin\Debug\net47\VideoOS.IdentityServer.Common.UnitTests.dll" adapterTypeName="executor://mstestadapter/v2" className="VideoOS.IdentityServer.Common.UnitTests.OpenIdTokenHandlerTests" name="ValidateToken_SubClaimMissing_SystemClaimIsAddedToClaims" />
    </UnitTest>
    <UnitTest name="CreateException_500_Is_UnauthorizedException" storage="d:\actions-runner\_work\xpco\xpco\common\videoos.identityserver.common\videoos.identityserver.common.unittests\bin\debug\net47\videoos.identityserver.common.unittests.dll" id="5401d072-9045-3f20-e5b8-85e624c8ae31">
      <Execution id="9c0a1b07-52f4-4a41-accf-78578f241436" />
      <TestMethod codeBase="D:\actions-runner\_work\XPCO\XPCO\Common\VideoOS.IdentityServer.Common\VideoOS.IdentityServer.Common.UnitTests\bin\Debug\net47\VideoOS.IdentityServer.Common.UnitTests.dll" adapterTypeName="executor://mstestadapter/v2" className="VideoOS.IdentityServer.Common.UnitTests.Exceptions.IdpExceptionFactoryTests" name="CreateException_500_Is_UnauthorizedException" />
    </UnitTest>
    <UnitTest name="BuildFullUri_HasUnencodedParts_PartsAreEncoded (123,1 2 3=)" storage="d:\actions-runner\_work\xpco\xpco\common\videoos.identityserver.common\videoos.identityserver.common.unittests\bin\debug\net47\videoos.identityserver.common.unittests.dll" id="d881db98-d513-4483-6745-6376d9bd922f">
      <Execution id="f9af3433-e8dd-4693-b30a-c8b7b3a6e244" />
      <TestMethod codeBase="D:\actions-runner\_work\XPCO\XPCO\Common\VideoOS.IdentityServer.Common\VideoOS.IdentityServer.Common.UnitTests\bin\Debug\net47\VideoOS.IdentityServer.Common.UnitTests.dll" adapterTypeName="executor://mstestadapter/v2" className="VideoOS.IdentityServer.Common.UnitTests.IdpClientBaseTests" name="BuildFullUri_HasUnencodedParts_PartsAreEncoded" />
    </UnitTest>
    <UnitTest name="Constructor_NullIIdpTokenRetriever_ThrowsArgumentNullException" storage="d:\actions-runner\_work\xpco\xpco\common\videoos.identityserver.common\videoos.identityserver.common.unittests\bin\debug\net47\videoos.identityserver.common.unittests.dll" id="3c9fa628-c7d5-d183-10bb-7d387f6779bb">
      <Execution id="3579402f-f334-4867-8fb4-772b41dbb766" />
      <TestMethod codeBase="D:\actions-runner\_work\XPCO\XPCO\Common\VideoOS.IdentityServer.Common\VideoOS.IdentityServer.Common.UnitTests\bin\Debug\net47\VideoOS.IdentityServer.Common.UnitTests.dll" adapterTypeName="executor://mstestadapter/v2" className="VideoOS.IdentityServer.Common.UnitTests.ExternalTokenHandlerTests" name="Constructor_NullIIdpTokenRetriever_ThrowsArgumentNullException" />
    </UnitTest>
    <UnitTest name="CreateUser_CreateUserModelIsNull_ThrowArgumentNullException" storage="d:\actions-runner\_work\xpco\xpco\common\videoos.identityserver.common\videoos.identityserver.common.unittests\bin\debug\net47\videoos.identityserver.common.unittests.dll" id="465c8cd2-c8da-7a18-e799-1339dfb5880e">
      <Execution id="332415b5-2651-471e-ba71-6a6b86fdae9d" />
      <TestMethod codeBase="D:\actions-runner\_work\XPCO\XPCO\Common\VideoOS.IdentityServer.Common\VideoOS.IdentityServer.Common.UnitTests\bin\Debug\net47\VideoOS.IdentityServer.Common.UnitTests.dll" adapterTypeName="executor://mstestadapter/v2" className="VideoOS.IdentityServer.Common.UnitTests.Services.IdpAdministrationClientTests" name="CreateUser_CreateUserModelIsNull_ThrowArgumentNullException" />
    </UnitTest>
    <UnitTest name="GetUserCollection_QueryParameterIsVariableSize_QueryParameterIsUsedWhenNotTooBig (2048,False)" storage="d:\actions-runner\_work\xpco\xpco\common\videoos.identityserver.common\videoos.identityserver.common.unittests\bin\debug\net47\videoos.identityserver.common.unittests.dll" id="df356c35-94b9-ef56-4b12-cc6f86331c25">
      <Execution id="7409bcee-931c-4ab9-b772-1a8c8623d8c7" />
      <TestMethod codeBase="D:\actions-runner\_work\XPCO\XPCO\Common\VideoOS.IdentityServer.Common\VideoOS.IdentityServer.Common.UnitTests\bin\Debug\net47\VideoOS.IdentityServer.Common.UnitTests.dll" adapterTypeName="executor://mstestadapter/v2" className="VideoOS.IdentityServer.Common.UnitTests.Services.IdpAdministrationClientTests" name="GetUserCollection_QueryParameterIsVariableSize_QueryParameterIsUsedWhenNotTooBig" />
    </UnitTest>
    <UnitTest name="Construct_DefaultConstructor_UsesDefaultTimeout_Success" storage="d:\actions-runner\_work\xpco\xpco\common\videoos.identityserver.common\videoos.identityserver.common.unittests\bin\debug\net47\videoos.identityserver.common.unittests.dll" id="8acb64df-af33-04f7-00cd-764cd60dcd21">
      <Execution id="0a700763-0e2a-494b-997a-f421681fe094" />
      <TestMethod codeBase="D:\actions-runner\_work\XPCO\XPCO\Common\VideoOS.IdentityServer.Common\VideoOS.IdentityServer.Common.UnitTests\bin\Debug\net47\VideoOS.IdentityServer.Common.UnitTests.dll" adapterTypeName="executor://mstestadapter/v2" className="VideoOS.IdentityServer.Common.UnitTests.Utilities.SslVerificationTests" name="Construct_DefaultConstructor_UsesDefaultTimeout_Success" />
    </UnitTest>
    <UnitTest name="CreateException_403_Is_ForbiddenException" storage="d:\actions-runner\_work\xpco\xpco\common\videoos.identityserver.common\videoos.identityserver.common.unittests\bin\debug\net47\videoos.identityserver.common.unittests.dll" id="bf546bdc-4b09-7c78-8e68-7999cc725390">
      <Execution id="e698ea82-9b68-4c76-997c-f2504c2d1849" />
      <TestMethod codeBase="D:\actions-runner\_work\XPCO\XPCO\Common\VideoOS.IdentityServer.Common\VideoOS.IdentityServer.Common.UnitTests\bin\Debug\net47\VideoOS.IdentityServer.Common.UnitTests.dll" adapterTypeName="executor://mstestadapter/v2" className="VideoOS.IdentityServer.Common.UnitTests.Exceptions.IdpExceptionFactoryTests" name="CreateException_403_Is_ForbiddenException" />
    </UnitTest>
    <UnitTest name="BeforeSendRequest_HttpRequestMessagePropertyHasNotBeenSet_HttpRequestMessagePropertyIsAddedWithAnAuthorizationHeaderWithBearerScheme" storage="d:\actions-runner\_work\xpco\xpco\common\videoos.identityserver.common\videoos.identityserver.common.unittests\bin\debug\net47\videoos.identityserver.common.unittests.dll" id="6ce955a0-0761-b09e-dcca-c2383b742171">
      <Execution id="1d447977-65e4-46c6-9d53-a36da3b9fa5b" />
      <TestMethod codeBase="D:\actions-runner\_work\XPCO\XPCO\Common\VideoOS.IdentityServer.Common\VideoOS.IdentityServer.Common.UnitTests\bin\Debug\net47\VideoOS.IdentityServer.Common.UnitTests.dll" adapterTypeName="executor://mstestadapter/v2" className="VideoOS.IdentityServer.Common.UnitTests.ServiceModel.BearerAuthorizationHeaderInspectorTests" name="BeforeSendRequest_HttpRequestMessagePropertyHasNotBeenSet_HttpRequestMessagePropertyIsAddedWithAnAuthorizationHeaderWithBearerScheme" />
    </UnitTest>
    <UnitTest name="HasValidScheme_UriIsGopher_ReturnsTrue" storage="d:\actions-runner\_work\xpco\xpco\common\videoos.identityserver.common\videoos.identityserver.common.unittests\bin\debug\net47\videoos.identityserver.common.unittests.dll" id="1b2a48cb-3076-b35a-c216-de57ac818d9a">
      <Execution id="50382382-7fb1-45c5-814b-87bd19d6937b" />
      <TestMethod codeBase="D:\actions-runner\_work\XPCO\XPCO\Common\VideoOS.IdentityServer.Common\VideoOS.IdentityServer.Common.UnitTests\bin\Debug\net47\VideoOS.IdentityServer.Common.UnitTests.dll" adapterTypeName="executor://mstestadapter/v2" className="VideoOS.IdentityServer.Common.UnitTests.Utilities.ServerValidation.UriExtenderTests" name="HasValidScheme_UriIsGopher_ReturnsTrue" />
    </UnitTest>
    <UnitTest name="GetTokenResponseAsync_TokenResponseIsReturned" storage="d:\actions-runner\_work\xpco\xpco\common\videoos.identityserver.common\videoos.identityserver.common.unittests\bin\debug\net47\videoos.identityserver.common.unittests.dll" id="a912da9b-9910-2e20-bdfd-ebd2e525320e">
      <Execution id="5e02afdf-7463-4525-9fb7-88a4495ca291" />
      <TestMethod codeBase="D:\actions-runner\_work\XPCO\XPCO\Common\VideoOS.IdentityServer.Common\VideoOS.IdentityServer.Common.UnitTests\bin\Debug\net47\VideoOS.IdentityServer.Common.UnitTests.dll" adapterTypeName="executor://mstestadapter/v2" className="VideoOS.IdentityServer.Common.UnitTests.ExternalTokenHandlerTests" name="GetTokenResponseAsync_TokenResponseIsReturned" />
    </UnitTest>
    <UnitTest name="GetLogin_ParameterIsNull_ThrowArgumentException (abc,,)" storage="d:\actions-runner\_work\xpco\xpco\common\videoos.identityserver.common\videoos.identityserver.common.unittests\bin\debug\net47\videoos.identityserver.common.unittests.dll" id="f2d7d06b-9241-871a-61b6-24bd28dbad8b">
      <Execution id="b994de83-dc94-43e5-afac-82eaa02fd6d0" />
      <TestMethod codeBase="D:\actions-runner\_work\XPCO\XPCO\Common\VideoOS.IdentityServer.Common\VideoOS.IdentityServer.Common.UnitTests\bin\Debug\net47\VideoOS.IdentityServer.Common.UnitTests.dll" adapterTypeName="executor://mstestadapter/v2" className="VideoOS.IdentityServer.Common.UnitTests.Services.IdpAdministrationClientTests" name="GetLogin_ParameterIsNull_ThrowArgumentException" />
    </UnitTest>
    <UnitTest name="GetUser_ResponseHasSuccessfulStatusCode_CorrectRequestUriIsPassedAndUserIsReturned" storage="d:\actions-runner\_work\xpco\xpco\common\videoos.identityserver.common\videoos.identityserver.common.unittests\bin\debug\net47\videoos.identityserver.common.unittests.dll" id="ddfbb81c-2b69-a408-6560-2aedf261697f">
      <Execution id="4202e3c5-ae5e-4948-8ad5-769d11a1f6ec" />
      <TestMethod codeBase="D:\actions-runner\_work\XPCO\XPCO\Common\VideoOS.IdentityServer.Common\VideoOS.IdentityServer.Common.UnitTests\bin\Debug\net47\VideoOS.IdentityServer.Common.UnitTests.dll" adapterTypeName="executor://mstestadapter/v2" className="VideoOS.IdentityServer.Common.UnitTests.Services.IdpAdministrationClientTests" name="GetUser_ResponseHasSuccessfulStatusCode_CorrectRequestUriIsPassedAndUserIsReturned" />
    </UnitTest>
    <UnitTest name="HasValidScheme_UriInvalid_Null_ReturnsFalse" storage="d:\actions-runner\_work\xpco\xpco\common\videoos.identityserver.common\videoos.identityserver.common.unittests\bin\debug\net47\videoos.identityserver.common.unittests.dll" id="4028140e-6ceb-44db-b0b0-5a4385a02e69">
      <Execution id="8ad8ac6d-a799-43fd-8945-ae6c3050b3d7" />
      <TestMethod codeBase="D:\actions-runner\_work\XPCO\XPCO\Common\VideoOS.IdentityServer.Common\VideoOS.IdentityServer.Common.UnitTests\bin\Debug\net47\VideoOS.IdentityServer.Common.UnitTests.dll" adapterTypeName="executor://mstestadapter/v2" className="VideoOS.IdentityServer.Common.UnitTests.Utilities.ServerValidation.UriExtenderTests" name="HasValidScheme_UriInvalid_Null_ReturnsFalse" />
    </UnitTest>
    <UnitTest name="Constructor_NullIdToken_ThrowsArgumentNullException" storage="d:\actions-runner\_work\xpco\xpco\common\videoos.identityserver.common\videoos.identityserver.common.unittests\bin\debug\net47\videoos.identityserver.common.unittests.dll" id="2f5d977d-1e91-46c0-f08f-cb953748d3bb">
      <Execution id="d07ac3b8-51fb-40e2-8cc5-15b9ec98851c" />
      <TestMethod codeBase="D:\actions-runner\_work\XPCO\XPCO\Common\VideoOS.IdentityServer.Common\VideoOS.IdentityServer.Common.UnitTests\bin\Debug\net47\VideoOS.IdentityServer.Common.UnitTests.dll" adapterTypeName="executor://mstestadapter/v2" className="VideoOS.IdentityServer.Common.UnitTests.Utilities.Tokens.IdpTokensTests" name="Constructor_NullIdToken_ThrowsArgumentNullException" />
    </UnitTest>
    <UnitTest name="HandleException_WebException_Status_Timeout_ReturnsTrue" storage="d:\actions-runner\_work\xpco\xpco\common\videoos.identityserver.common\videoos.identityserver.common.unittests\bin\debug\net47\videoos.identityserver.common.unittests.dll" id="aa47e31d-c2f6-bb7b-d522-2ea72ad09b0c">
      <Execution id="775ea21b-ad5c-4161-b4c3-d0cba7369c51" />
      <TestMethod codeBase="D:\actions-runner\_work\XPCO\XPCO\Common\VideoOS.IdentityServer.Common\VideoOS.IdentityServer.Common.UnitTests\bin\Debug\net47\VideoOS.IdentityServer.Common.UnitTests.dll" adapterTypeName="executor://mstestadapter/v2" className="VideoOS.IdentityServer.Common.UnitTests.Utilities.ServerValidation.IdpExceptionHandlerTests" name="HandleException_WebException_Status_Timeout_ReturnsTrue" />
    </UnitTest>
    <UnitTest name="BeforeSendRequest_ThrowsHttpRequestExceptionWithWebException_ThrowsCommunicationException (Pending)" storage="d:\actions-runner\_work\xpco\xpco\common\videoos.identityserver.common\videoos.identityserver.common.unittests\bin\debug\net47\videoos.identityserver.common.unittests.dll" id="e14c6e87-d4a0-9f31-fe5d-63401bba496d">
      <Execution id="048ee7df-d851-40d5-815b-4d5e42a006f3" />
      <TestMethod codeBase="D:\actions-runner\_work\XPCO\XPCO\Common\VideoOS.IdentityServer.Common\VideoOS.IdentityServer.Common.UnitTests\bin\Debug\net47\VideoOS.IdentityServer.Common.UnitTests.dll" adapterTypeName="executor://mstestadapter/v2" className="VideoOS.IdentityServer.Common.UnitTests.ServiceModel.BearerAuthorizationHeaderInspectorTests" name="BeforeSendRequest_ThrowsHttpRequestExceptionWithWebException_ThrowsCommunicationException" />
    </UnitTest>
    <UnitTest name="UserName_NoNameClaim_ThrowsInvalidOperationException" storage="d:\actions-runner\_work\xpco\xpco\common\videoos.identityserver.common\videoos.identityserver.common.unittests\bin\debug\net47\videoos.identityserver.common.unittests.dll" id="4e64a2d0-91fd-57ef-a8c4-3f9f75705cb7">
      <Execution id="d50b028e-e2e3-469d-a0bd-c53c06b2999c" />
      <TestMethod codeBase="D:\actions-runner\_work\XPCO\XPCO\Common\VideoOS.IdentityServer.Common\VideoOS.IdentityServer.Common.UnitTests\bin\Debug\net47\VideoOS.IdentityServer.Common.UnitTests.dll" adapterTypeName="executor://mstestadapter/v2" className="VideoOS.IdentityServer.Common.UnitTests.Handlers.TokenCacheTests" name="UserName_NoNameClaim_ThrowsInvalidOperationException" />
    </UnitTest>
    <UnitTest name="BeforeSendRequest_ThrowsHttpRequestExceptionWithWebException_ThrowsCommunicationException (SecureChannelFailure)" storage="d:\actions-runner\_work\xpco\xpco\common\videoos.identityserver.common\videoos.identityserver.common.unittests\bin\debug\net47\videoos.identityserver.common.unittests.dll" id="fcf10477-6ad0-000b-9152-cfbeeb11eccd">
      <Execution id="8ae4a5bf-2f22-4a1a-b59e-6e0ce54f30ff" />
      <TestMethod codeBase="D:\actions-runner\_work\XPCO\XPCO\Common\VideoOS.IdentityServer.Common\VideoOS.IdentityServer.Common.UnitTests\bin\Debug\net47\VideoOS.IdentityServer.Common.UnitTests.dll" adapterTypeName="executor://mstestadapter/v2" className="VideoOS.IdentityServer.Common.UnitTests.ServiceModel.BearerAuthorizationHeaderInspectorTests" name="BeforeSendRequest_ThrowsHttpRequestExceptionWithWebException_ThrowsCommunicationException" />
    </UnitTest>
    <UnitTest name="RegisterAuthorizationCodeClientWithToken_AccessTokenIsNull_ThrowArgumentException" storage="d:\actions-runner\_work\xpco\xpco\common\videoos.identityserver.common\videoos.identityserver.common.unittests\bin\debug\net47\videoos.identityserver.common.unittests.dll" id="46272a5b-6f40-ca49-f0c0-19ef57f507c2">
      <Execution id="5c1f7d44-46d2-4cc7-bb6f-526dff018966" />
      <TestMethod codeBase="D:\actions-runner\_work\XPCO\XPCO\Common\VideoOS.IdentityServer.Common\VideoOS.IdentityServer.Common.UnitTests\bin\Debug\net47\VideoOS.IdentityServer.Common.UnitTests.dll" adapterTypeName="executor://mstestadapter/v2" className="VideoOS.IdentityServer.Common.UnitTests.IdpRegistrationClientTests" name="RegisterAuthorizationCodeClientWithToken_AccessTokenIsNull_ThrowArgumentException" />
    </UnitTest>
    <UnitTest name="CreateAdmin_ResponseHasSuccessfulStatusCode_CorrectRequestUriIsPassed" storage="d:\actions-runner\_work\xpco\xpco\common\videoos.identityserver.common\videoos.identityserver.common.unittests\bin\debug\net47\videoos.identityserver.common.unittests.dll" id="0bc42d33-b32e-50ec-eba2-c1ef80d71cc4">
      <Execution id="6474f0cb-445d-4eac-8527-fab5e61212f9" />
      <TestMethod codeBase="D:\actions-runner\_work\XPCO\XPCO\Common\VideoOS.IdentityServer.Common\VideoOS.IdentityServer.Common.UnitTests\bin\Debug\net47\VideoOS.IdentityServer.Common.UnitTests.dll" adapterTypeName="executor://mstestadapter/v2" className="VideoOS.IdentityServer.Common.UnitTests.Services.IdpAdministrationClientTests" name="CreateAdmin_ResponseHasSuccessfulStatusCode_CorrectRequestUriIsPassed" />
    </UnitTest>
    <UnitTest name="CreateAdmin_AccessTokenIsNull_ThrowArgumentException" storage="d:\actions-runner\_work\xpco\xpco\common\videoos.identityserver.common\videoos.identityserver.common.unittests\bin\debug\net47\videoos.identityserver.common.unittests.dll" id="7f76177b-4d84-642e-9bcb-00aa4c931e13">
      <Execution id="20b8aa80-b82b-475d-aafb-d4968e65148b" />
      <TestMethod codeBase="D:\actions-runner\_work\XPCO\XPCO\Common\VideoOS.IdentityServer.Common\VideoOS.IdentityServer.Common.UnitTests\bin\Debug\net47\VideoOS.IdentityServer.Common.UnitTests.dll" adapterTypeName="executor://mstestadapter/v2" className="VideoOS.IdentityServer.Common.UnitTests.Services.IdpAdministrationClientTests" name="CreateAdmin_AccessTokenIsNull_ThrowArgumentException" />
    </UnitTest>
    <UnitTest name="ClientCredentialsAuthenticationAsync_SecretIsNull_ThrowArgumentException" storage="d:\actions-runner\_work\xpco\xpco\common\videoos.identityserver.common\videoos.identityserver.common.unittests\bin\debug\net47\videoos.identityserver.common.unittests.dll" id="0c88b540-cd14-9945-dfea-9607412205d7">
      <Execution id="ba3e1fbb-7b5c-4bde-9c2a-b8aa087fc82a" />
      <TestMethod codeBase="D:\actions-runner\_work\XPCO\XPCO\Common\VideoOS.IdentityServer.Common\VideoOS.IdentityServer.Common.UnitTests\bin\Debug\net47\VideoOS.IdentityServer.Common.UnitTests.dll" adapterTypeName="executor://mstestadapter/v2" className="VideoOS.IdentityServer.Common.UnitTests.IdpTokenClientTests" name="ClientCredentialsAuthenticationAsync_SecretIsNull_ThrowArgumentException" />
    </UnitTest>
    <UnitTest name="Constructor_NullUri_ThrowsArgumentNullException" storage="d:\actions-runner\_work\xpco\xpco\common\videoos.identityserver.common\videoos.identityserver.common.unittests\bin\debug\net47\videoos.identityserver.common.unittests.dll" id="957b72e6-223d-945c-7af4-a1f0fe7fb5d3">
      <Execution id="b11eaf41-717e-49d2-bc72-aa1ea8b1e78d" />
      <TestMethod codeBase="D:\actions-runner\_work\XPCO\XPCO\Common\VideoOS.IdentityServer.Common\VideoOS.IdentityServer.Common.UnitTests\bin\Debug\net47\VideoOS.IdentityServer.Common.UnitTests.dll" adapterTypeName="executor://mstestadapter/v2" className="VideoOS.IdentityServer.Common.UnitTests.ExternalTokenHandlerTests" name="Constructor_NullUri_ThrowsArgumentNullException" />
    </UnitTest>
    <UnitTest name="Ctor_TokenCacheIsNull_ThrowsArgumentNullException" storage="d:\actions-runner\_work\xpco\xpco\common\videoos.identityserver.common\videoos.identityserver.common.unittests\bin\debug\net47\videoos.identityserver.common.unittests.dll" id="c651221e-2e16-748a-beae-063304b5df4f">
      <Execution id="937aee36-2a00-47d5-890e-85ae8b599d35" />
      <TestMethod codeBase="D:\actions-runner\_work\XPCO\XPCO\Common\VideoOS.IdentityServer.Common\VideoOS.IdentityServer.Common.UnitTests\bin\Debug\net47\VideoOS.IdentityServer.Common.UnitTests.dll" adapterTypeName="executor://mstestadapter/v2" className="VideoOS.IdentityServer.Common.UnitTests.ServiceModel.BearerAuthorizationHeaderInspectorTests" name="Ctor_TokenCacheIsNull_ThrowsArgumentNullException" />
    </UnitTest>
    <UnitTest name="SendRequest_ResponseHasBadStatusCode_ThrowIdpException (GatewayTimeout)" storage="d:\actions-runner\_work\xpco\xpco\common\videoos.identityserver.common\videoos.identityserver.common.unittests\bin\debug\net47\videoos.identityserver.common.unittests.dll" id="29a32c84-cf2a-eb4c-5896-a439fd50b2b8">
      <Execution id="b91994f9-2a25-41e5-ad97-3f1e3de0bacb" />
      <TestMethod codeBase="D:\actions-runner\_work\XPCO\XPCO\Common\VideoOS.IdentityServer.Common\VideoOS.IdentityServer.Common.UnitTests\bin\Debug\net47\VideoOS.IdentityServer.Common.UnitTests.dll" adapterTypeName="executor://mstestadapter/v2" className="VideoOS.IdentityServer.Common.UnitTests.IdpClientBaseTests" name="SendRequest_ResponseHasBadStatusCode_ThrowIdpException" />
    </UnitTest>
    <UnitTest name="ClientCredentialsAuthenticationAsync_StatusCodeOk_TokenResponseWithTokenIsReturned" storage="d:\actions-runner\_work\xpco\xpco\common\videoos.identityserver.common\videoos.identityserver.common.unittests\bin\debug\net47\videoos.identityserver.common.unittests.dll" id="b61d19a2-eeb7-66f5-f12f-c31f348cabd6">
      <Execution id="f7957434-ff61-4f6f-9580-e76da0b23c2f" />
      <TestMethod codeBase="D:\actions-runner\_work\XPCO\XPCO\Common\VideoOS.IdentityServer.Common\VideoOS.IdentityServer.Common.UnitTests\bin\Debug\net47\VideoOS.IdentityServer.Common.UnitTests.dll" adapterTypeName="executor://mstestadapter/v2" className="VideoOS.IdentityServer.Common.UnitTests.IdpTokenClientTests" name="ClientCredentialsAuthenticationAsync_StatusCodeOk_TokenResponseWithTokenIsReturned" />
    </UnitTest>
    <UnitTest name="RefreshToken_TokenIsNotJWT_IdentityServerTokenException" storage="d:\actions-runner\_work\xpco\xpco\common\videoos.identityserver.common\videoos.identityserver.common.unittests\bin\debug\net47\videoos.identityserver.common.unittests.dll" id="0e660fb6-01c2-ec2d-f816-fac9e4547e68">
      <Execution id="cccdae63-d1a4-4c0d-ab2e-4a954571a623" />
      <TestMethod codeBase="D:\actions-runner\_work\XPCO\XPCO\Common\VideoOS.IdentityServer.Common\VideoOS.IdentityServer.Common.UnitTests\bin\Debug\net47\VideoOS.IdentityServer.Common.UnitTests.dll" adapterTypeName="executor://mstestadapter/v2" className="VideoOS.IdentityServer.Common.UnitTests.Handlers.IdentityServerToken.SimpleTokenCacheTests" name="RefreshToken_TokenIsNotJWT_IdentityServerTokenException" />
    </UnitTest>
    <UnitTest name="BeforeSendRequest_ThrowsHttpRequestExceptionWithWebException_ThrowsCommunicationException (RequestProhibitedByCachePolicy)" storage="d:\actions-runner\_work\xpco\xpco\common\videoos.identityserver.common\videoos.identityserver.common.unittests\bin\debug\net47\videoos.identityserver.common.unittests.dll" id="3a443cd7-9c96-2cc4-1c4b-302bec95fdb5">
      <Execution id="53498ff8-824f-4542-ab99-b4b9cd0d5aff" />
      <TestMethod codeBase="D:\actions-runner\_work\XPCO\XPCO\Common\VideoOS.IdentityServer.Common\VideoOS.IdentityServer.Common.UnitTests\bin\Debug\net47\VideoOS.IdentityServer.Common.UnitTests.dll" adapterTypeName="executor://mstestadapter/v2" className="VideoOS.IdentityServer.Common.UnitTests.ServiceModel.BearerAuthorizationHeaderInspectorTests" name="BeforeSendRequest_ThrowsHttpRequestExceptionWithWebException_ThrowsCommunicationException" />
    </UnitTest>
    <UnitTest name="BeforeSendRequest_ThrowsHttpRequestExceptionWithWebException_ThrowsEndpointNotFoundException (ConnectFailure)" storage="d:\actions-runner\_work\xpco\xpco\common\videoos.identityserver.common\videoos.identityserver.common.unittests\bin\debug\net47\videoos.identityserver.common.unittests.dll" id="d1a6ae8a-cb2b-c77a-d829-943ec8fecc27">
      <Execution id="2b70f5b9-4c60-479f-b554-f9873d7690d7" />
      <TestMethod codeBase="D:\actions-runner\_work\XPCO\XPCO\Common\VideoOS.IdentityServer.Common\VideoOS.IdentityServer.Common.UnitTests\bin\Debug\net47\VideoOS.IdentityServer.Common.UnitTests.dll" adapterTypeName="executor://mstestadapter/v2" className="VideoOS.IdentityServer.Common.UnitTests.ServiceModel.BearerAuthorizationHeaderInspectorTests" name="BeforeSendRequest_ThrowsHttpRequestExceptionWithWebException_ThrowsEndpointNotFoundException" />
    </UnitTest>
    <UnitTest name="Constructor_EmptyIdToken_ThrowsArgumentNullException" storage="d:\actions-runner\_work\xpco\xpco\common\videoos.identityserver.common\videoos.identityserver.common.unittests\bin\debug\net47\videoos.identityserver.common.unittests.dll" id="aceed3fe-4ee0-3f07-6d4b-e9ae24c2527d">
      <Execution id="0e614dc7-787b-4b63-b19d-3608eba7b8f3" />
      <TestMethod codeBase="D:\actions-runner\_work\XPCO\XPCO\Common\VideoOS.IdentityServer.Common\VideoOS.IdentityServer.Common.UnitTests\bin\Debug\net47\VideoOS.IdentityServer.Common.UnitTests.dll" adapterTypeName="executor://mstestadapter/v2" className="VideoOS.IdentityServer.Common.UnitTests.Utilities.Tokens.IdpTokensTests" name="Constructor_EmptyIdToken_ThrowsArgumentNullException" />
    </UnitTest>
    <UnitTest name="SendRequest_ResponseHasBadStatusCode_ThrowIdpException (InternalServerError)" storage="d:\actions-runner\_work\xpco\xpco\common\videoos.identityserver.common\videoos.identityserver.common.unittests\bin\debug\net47\videoos.identityserver.common.unittests.dll" id="1bf6f04e-4c48-1505-0d9f-236f2354e6ad">
      <Execution id="e5444d0b-ff0e-43ae-b687-b6307dd5777c" />
      <TestMethod codeBase="D:\actions-runner\_work\XPCO\XPCO\Common\VideoOS.IdentityServer.Common\VideoOS.IdentityServer.Common.UnitTests\bin\Debug\net47\VideoOS.IdentityServer.Common.UnitTests.dll" adapterTypeName="executor://mstestadapter/v2" className="VideoOS.IdentityServer.Common.UnitTests.IdpClientBaseTests" name="SendRequest_ResponseHasBadStatusCode_ThrowIdpException" />
    </UnitTest>
    <UnitTest name="UpdateTrustedIssuers_ModelIsNull_ThrowArgumentNullException" storage="d:\actions-runner\_work\xpco\xpco\common\videoos.identityserver.common\videoos.identityserver.common.unittests\bin\debug\net47\videoos.identityserver.common.unittests.dll" id="dec0f944-3e42-30c0-8e32-16b653428b10">
      <Execution id="6ad1124e-5d81-47fd-990e-1b3b6db6e5e2" />
      <TestMethod codeBase="D:\actions-runner\_work\XPCO\XPCO\Common\VideoOS.IdentityServer.Common\VideoOS.IdentityServer.Common.UnitTests\bin\Debug\net47\VideoOS.IdentityServer.Common.UnitTests.dll" adapterTypeName="executor://mstestadapter/v2" className="VideoOS.IdentityServer.Common.UnitTests.Services.IdpAdministrationClientTests" name="UpdateTrustedIssuers_ModelIsNull_ThrowArgumentNullException" />
    </UnitTest>
    <UnitTest name="GetAllValidScopes_ResponseHasSuccessfulStatusCode_ScopesAreReturned" storage="d:\actions-runner\_work\xpco\xpco\common\videoos.identityserver.common\videoos.identityserver.common.unittests\bin\debug\net47\videoos.identityserver.common.unittests.dll" id="59d00ef5-8a37-2b1f-99b8-740e21e44e72">
      <Execution id="7b9118b5-0e5c-4e41-a8f1-204796904345" />
      <TestMethod codeBase="D:\actions-runner\_work\XPCO\XPCO\Common\VideoOS.IdentityServer.Common\VideoOS.IdentityServer.Common.UnitTests\bin\Debug\net47\VideoOS.IdentityServer.Common.UnitTests.dll" adapterTypeName="executor://mstestadapter/v2" className="VideoOS.IdentityServer.Common.UnitTests.IdpRegistrationClientTests" name="GetAllValidScopes_ResponseHasSuccessfulStatusCode_ScopesAreReturned" />
    </UnitTest>
    <UnitTest name="UpdateTrustedIssuers_AccessTokenIsNull_ThrowArgumentException" storage="d:\actions-runner\_work\xpco\xpco\common\videoos.identityserver.common\videoos.identityserver.common.unittests\bin\debug\net47\videoos.identityserver.common.unittests.dll" id="dd0f099b-0409-1632-fcd8-f5bbcb9fcf08">
      <Execution id="ad2fe86a-8e03-4f78-b5b5-11abc8d3a967" />
      <TestMethod codeBase="D:\actions-runner\_work\XPCO\XPCO\Common\VideoOS.IdentityServer.Common\VideoOS.IdentityServer.Common.UnitTests\bin\Debug\net47\VideoOS.IdentityServer.Common.UnitTests.dll" adapterTypeName="executor://mstestadapter/v2" className="VideoOS.IdentityServer.Common.UnitTests.Services.IdpAdministrationClientTests" name="UpdateTrustedIssuers_AccessTokenIsNull_ThrowArgumentException" />
    </UnitTest>
    <UnitTest name="GetTokenWithRegisterClientScope_ResponseHasSuccessfulStatusCode_TokenIsReturned" storage="d:\actions-runner\_work\xpco\xpco\common\videoos.identityserver.common\videoos.identityserver.common.unittests\bin\debug\net47\videoos.identityserver.common.unittests.dll" id="67a73538-1027-a501-a8ed-160a0b377dca">
      <Execution id="ed4c7319-0902-402e-a833-a1f618c2cabf" />
      <TestMethod codeBase="D:\actions-runner\_work\XPCO\XPCO\Common\VideoOS.IdentityServer.Common\VideoOS.IdentityServer.Common.UnitTests\bin\Debug\net47\VideoOS.IdentityServer.Common.UnitTests.dll" adapterTypeName="executor://mstestadapter/v2" className="VideoOS.IdentityServer.Common.UnitTests.IdpRegistrationClientTests" name="GetTokenWithRegisterClientScope_ResponseHasSuccessfulStatusCode_TokenIsReturned" />
    </UnitTest>
    <UnitTest name="SendRequest_ResponseHasBadStatusCode_ThrowIdpException (Conflict)" storage="d:\actions-runner\_work\xpco\xpco\common\videoos.identityserver.common\videoos.identityserver.common.unittests\bin\debug\net47\videoos.identityserver.common.unittests.dll" id="5c93f740-724a-d4d0-9162-f8b044826d66">
      <Execution id="283bf90f-1dd9-4517-993e-cf6baf8748da" />
      <TestMethod codeBase="D:\actions-runner\_work\XPCO\XPCO\Common\VideoOS.IdentityServer.Common\VideoOS.IdentityServer.Common.UnitTests\bin\Debug\net47\VideoOS.IdentityServer.Common.UnitTests.dll" adapterTypeName="executor://mstestadapter/v2" className="VideoOS.IdentityServer.Common.UnitTests.IdpClientBaseTests" name="SendRequest_ResponseHasBadStatusCode_ThrowIdpException" />
    </UnitTest>
    <UnitTest name="DeleteTrustedIssuers_ResponseHasSuccessfulStatusCode_CorrectRequestUriIsPassed" storage="d:\actions-runner\_work\xpco\xpco\common\videoos.identityserver.common\videoos.identityserver.common.unittests\bin\debug\net47\videoos.identityserver.common.unittests.dll" id="48e5f408-630a-7efe-4163-87f853b9fc3c">
      <Execution id="4cedc697-3b52-4bca-9aa2-de57cb552f15" />
      <TestMethod codeBase="D:\actions-runner\_work\XPCO\XPCO\Common\VideoOS.IdentityServer.Common\VideoOS.IdentityServer.Common.UnitTests\bin\Debug\net47\VideoOS.IdentityServer.Common.UnitTests.dll" adapterTypeName="executor://mstestadapter/v2" className="VideoOS.IdentityServer.Common.UnitTests.Services.IdpAdministrationClientTests" name="DeleteTrustedIssuers_ResponseHasSuccessfulStatusCode_CorrectRequestUriIsPassed" />
    </UnitTest>
    <UnitTest name="BeforeSendRequest_ThrowsHttpRequestExceptionWithWebException_ThrowsCommunicationException (KeepAliveFailure)" storage="d:\actions-runner\_work\xpco\xpco\common\videoos.identityserver.common\videoos.identityserver.common.unittests\bin\debug\net47\videoos.identityserver.common.unittests.dll" id="44b2dbc1-f234-0a4c-b38c-97497c832d58">
      <Execution id="ec9e1c3b-5a62-463e-ad91-71b06f2d1486" />
      <TestMethod codeBase="D:\actions-runner\_work\XPCO\XPCO\Common\VideoOS.IdentityServer.Common\VideoOS.IdentityServer.Common.UnitTests\bin\Debug\net47\VideoOS.IdentityServer.Common.UnitTests.dll" adapterTypeName="executor://mstestadapter/v2" className="VideoOS.IdentityServer.Common.UnitTests.ServiceModel.BearerAuthorizationHeaderInspectorTests" name="BeforeSendRequest_ThrowsHttpRequestExceptionWithWebException_ThrowsCommunicationException" />
    </UnitTest>
    <UnitTest name="ValidateFasterIdpServerOnBothSchemas_WorkingHttpAddress_ShouldSuccess" storage="d:\actions-runner\_work\xpco\xpco\common\videoos.identityserver.common\videoos.identityserver.common.unittests\bin\debug\net47\videoos.identityserver.common.unittests.dll" id="4b3a00da-f880-578f-c303-7e5e482337d2">
      <Execution id="d4db71dc-3d9f-42c2-86da-487e24d7c278" />
      <TestMethod codeBase="D:\actions-runner\_work\XPCO\XPCO\Common\VideoOS.IdentityServer.Common\VideoOS.IdentityServer.Common.UnitTests\bin\Debug\net47\VideoOS.IdentityServer.Common.UnitTests.dll" adapterTypeName="executor://mstestadapter/v2" className="VideoOS.IdentityServer.Common.UnitTests.IdpDiscoveryServiceTests" name="ValidateFasterIdpServerOnBothSchemas_WorkingHttpAddress_ShouldSuccess" />
    </UnitTest>
    <UnitTest name="BeforeSendRequest_ThrowsHttpRequestExceptionWithWebException_ThrowsCommunicationException (MessageLengthLimitExceeded)" storage="d:\actions-runner\_work\xpco\xpco\common\videoos.identityserver.common\videoos.identityserver.common.unittests\bin\debug\net47\videoos.identityserver.common.unittests.dll" id="2607a5e2-638f-a022-bdc9-d6d4d15539fb">
      <Execution id="77eb8b98-278f-4264-931a-1c1fafde2472" />
      <TestMethod codeBase="D:\actions-runner\_work\XPCO\XPCO\Common\VideoOS.IdentityServer.Common\VideoOS.IdentityServer.Common.UnitTests\bin\Debug\net47\VideoOS.IdentityServer.Common.UnitTests.dll" adapterTypeName="executor://mstestadapter/v2" className="VideoOS.IdentityServer.Common.UnitTests.ServiceModel.BearerAuthorizationHeaderInspectorTests" name="BeforeSendRequest_ThrowsHttpRequestExceptionWithWebException_ThrowsCommunicationException" />
    </UnitTest>
    <UnitTest name="GetTrustedIssuers_ResponseHasSuccessfulStatusCode_CorrectRequestUriIsPassed" storage="d:\actions-runner\_work\xpco\xpco\common\videoos.identityserver.common\videoos.identityserver.common.unittests\bin\debug\net47\videoos.identityserver.common.unittests.dll" id="71445656-a9f4-f108-ab88-6f99f9f42b16">
      <Execution id="08b1c3aa-afa1-4279-a90b-f6463518af0d" />
      <TestMethod codeBase="D:\actions-runner\_work\XPCO\XPCO\Common\VideoOS.IdentityServer.Common\VideoOS.IdentityServer.Common.UnitTests\bin\Debug\net47\VideoOS.IdentityServer.Common.UnitTests.dll" adapterTypeName="executor://mstestadapter/v2" className="VideoOS.IdentityServer.Common.UnitTests.Services.IdpAdministrationClientTests" name="GetTrustedIssuers_ResponseHasSuccessfulStatusCode_CorrectRequestUriIsPassed" />
    </UnitTest>
    <UnitTest name="Start_TimeToTokenExpireOver5min_NewStart_TokenCacheUpdated" storage="d:\actions-runner\_work\xpco\xpco\common\videoos.identityserver.common\videoos.identityserver.common.unittests\bin\debug\net47\videoos.identityserver.common.unittests.dll" id="45e382ab-a2e7-81c4-c83f-6e836a16f442">
      <Execution id="ecd35679-29b5-4d9b-97d2-171f7a378800" />
      <TestMethod codeBase="D:\actions-runner\_work\XPCO\XPCO\Common\VideoOS.IdentityServer.Common\VideoOS.IdentityServer.Common.UnitTests\bin\Debug\net47\VideoOS.IdentityServer.Common.UnitTests.dll" adapterTypeName="executor://mstestadapter/v2" className="VideoOS.IdentityServer.Common.UnitTests.Handlers.TokenCacheTests" name="Start_TimeToTokenExpireOver5min_NewStart_TokenCacheUpdated" />
    </UnitTest>
    <UnitTest name="DeleteLogin_ResponseHasSuccessfulStatusCode_CorrectRequestUriIsPassed" storage="d:\actions-runner\_work\xpco\xpco\common\videoos.identityserver.common\videoos.identityserver.common.unittests\bin\debug\net47\videoos.identityserver.common.unittests.dll" id="388c5c74-720e-564b-d683-490d356af3fe">
      <Execution id="05e8dde3-9062-47bc-9f88-e5ca43a857fd" />
      <TestMethod codeBase="D:\actions-runner\_work\XPCO\XPCO\Common\VideoOS.IdentityServer.Common\VideoOS.IdentityServer.Common.UnitTests\bin\Debug\net47\VideoOS.IdentityServer.Common.UnitTests.dll" adapterTypeName="executor://mstestadapter/v2" className="VideoOS.IdentityServer.Common.UnitTests.Services.IdpAdministrationClientTests" name="DeleteLogin_ResponseHasSuccessfulStatusCode_CorrectRequestUriIsPassed" />
    </UnitTest>
    <UnitTest name="DeleteUser_ResponseHasSuccessfulStatusCode_CorrectRequestUriIsPassed" storage="d:\actions-runner\_work\xpco\xpco\common\videoos.identityserver.common\videoos.identityserver.common.unittests\bin\debug\net47\videoos.identityserver.common.unittests.dll" id="a4176163-6edd-669e-35fb-02700dc32d3b">
      <Execution id="cb6bf136-4e09-464e-b1d3-5d8a78f54e79" />
      <TestMethod codeBase="D:\actions-runner\_work\XPCO\XPCO\Common\VideoOS.IdentityServer.Common\VideoOS.IdentityServer.Common.UnitTests\bin\Debug\net47\VideoOS.IdentityServer.Common.UnitTests.dll" adapterTypeName="executor://mstestadapter/v2" className="VideoOS.IdentityServer.Common.UnitTests.Services.IdpAdministrationClientTests" name="DeleteUser_ResponseHasSuccessfulStatusCode_CorrectRequestUriIsPassed" />
    </UnitTest>
    <UnitTest name="SendRequest_ResponseHasBadStatusCode_ThrowIdpException (MethodNotAllowed)" storage="d:\actions-runner\_work\xpco\xpco\common\videoos.identityserver.common\videoos.identityserver.common.unittests\bin\debug\net47\videoos.identityserver.common.unittests.dll" id="75f0e5f4-99c9-2f64-6049-6fef29308c40">
      <Execution id="52a9b685-65d9-4fa9-8434-fe99b2cdcc6d" />
      <TestMethod codeBase="D:\actions-runner\_work\XPCO\XPCO\Common\VideoOS.IdentityServer.Common\VideoOS.IdentityServer.Common.UnitTests\bin\Debug\net47\VideoOS.IdentityServer.Common.UnitTests.dll" adapterTypeName="executor://mstestadapter/v2" className="VideoOS.IdentityServer.Common.UnitTests.IdpClientBaseTests" name="SendRequest_ResponseHasBadStatusCode_ThrowIdpException" />
    </UnitTest>
    <UnitTest name="SendRequest_ResponseHasBadStatusCode_ThrowIdpException (BadGateway)" storage="d:\actions-runner\_work\xpco\xpco\common\videoos.identityserver.common\videoos.identityserver.common.unittests\bin\debug\net47\videoos.identityserver.common.unittests.dll" id="a1c440cc-e9a7-05c3-3566-ebee3d13c619">
      <Execution id="04d0845e-be86-4476-88d1-796c1abe5802" />
      <TestMethod codeBase="D:\actions-runner\_work\XPCO\XPCO\Common\VideoOS.IdentityServer.Common\VideoOS.IdentityServer.Common.UnitTests\bin\Debug\net47\VideoOS.IdentityServer.Common.UnitTests.dll" adapterTypeName="executor://mstestadapter/v2" className="VideoOS.IdentityServer.Common.UnitTests.IdpClientBaseTests" name="SendRequest_ResponseHasBadStatusCode_ThrowIdpException" />
    </UnitTest>
    <UnitTest name="Constructor_NullUri_ThrowsArgumentNullException" storage="d:\actions-runner\_work\xpco\xpco\common\videoos.identityserver.common\videoos.identityserver.common.unittests\bin\debug\net47\videoos.identityserver.common.unittests.dll" id="836c4ce4-261b-464f-c6a6-10c2a88fa0d7">
      <Execution id="5f0d4561-9a0d-4705-ae5e-c1f03e61af3f" />
      <TestMethod codeBase="D:\actions-runner\_work\XPCO\XPCO\Common\VideoOS.IdentityServer.Common\VideoOS.IdentityServer.Common.UnitTests\bin\Debug\net47\VideoOS.IdentityServer.Common.UnitTests.dll" adapterTypeName="executor://mstestadapter/v2" className="VideoOS.IdentityServer.Common.UnitTests.ExchangeTokenHandlerTests" name="Constructor_NullUri_ThrowsArgumentNullException" />
    </UnitTest>
    <UnitTest name="Construct_InvalidParam_BaseServeruri_Null_Throws_ArgumentNullException" storage="d:\actions-runner\_work\xpco\xpco\common\videoos.identityserver.common\videoos.identityserver.common.unittests\bin\debug\net47\videoos.identityserver.common.unittests.dll" id="2461b8e3-8daf-c6ae-fd7a-04ef2c9029b1">
      <Execution id="3c7602c7-d4f3-4823-862c-6181e6630652" />
      <TestMethod codeBase="D:\actions-runner\_work\XPCO\XPCO\Common\VideoOS.IdentityServer.Common\VideoOS.IdentityServer.Common.UnitTests\bin\Debug\net47\VideoOS.IdentityServer.Common.UnitTests.dll" adapterTypeName="executor://mstestadapter/v2" className="VideoOS.IdentityServer.Common.UnitTests.Handlers.IdentityServerToken.IdentityServerClientSettingsTests" name="Construct_InvalidParam_BaseServeruri_Null_Throws_ArgumentNullException" />
    </UnitTest>
    <UnitTest name="HandleException_InnerException_WebException_Status_ProtocolError_ReturnsFalse" storage="d:\actions-runner\_work\xpco\xpco\common\videoos.identityserver.common\videoos.identityserver.common.unittests\bin\debug\net47\videoos.identityserver.common.unittests.dll" id="94cf9b96-4bb3-ba5f-0704-49b8fc9a4cf0">
      <Execution id="90f8a6d2-378d-4ae8-a612-544f41a0cba2" />
      <TestMethod codeBase="D:\actions-runner\_work\XPCO\XPCO\Common\VideoOS.IdentityServer.Common\VideoOS.IdentityServer.Common.UnitTests\bin\Debug\net47\VideoOS.IdentityServer.Common.UnitTests.dll" adapterTypeName="executor://mstestadapter/v2" className="VideoOS.IdentityServer.Common.UnitTests.Utilities.ServerValidation.IdpExceptionHandlerTests" name="HandleException_InnerException_WebException_Status_ProtocolError_ReturnsFalse" />
    </UnitTest>
    <UnitTest name="BeforeSendRequest_ThrowsHttpRequestExceptionWithWebException_ThrowsCommunicationException (ServerProtocolViolation)" storage="d:\actions-runner\_work\xpco\xpco\common\videoos.identityserver.common\videoos.identityserver.common.unittests\bin\debug\net47\videoos.identityserver.common.unittests.dll" id="f32bda88-4a09-74c7-2e78-6d8d84420e73">
      <Execution id="ddfd47dc-3e60-49bd-9b64-0e2d21115e60" />
      <TestMethod codeBase="D:\actions-runner\_work\XPCO\XPCO\Common\VideoOS.IdentityServer.Common\VideoOS.IdentityServer.Common.UnitTests\bin\Debug\net47\VideoOS.IdentityServer.Common.UnitTests.dll" adapterTypeName="executor://mstestadapter/v2" className="VideoOS.IdentityServer.Common.UnitTests.ServiceModel.BearerAuthorizationHeaderInspectorTests" name="BeforeSendRequest_ThrowsHttpRequestExceptionWithWebException_ThrowsCommunicationException" />
    </UnitTest>
    <UnitTest name="HasValidScheme_UriIsFtp_ReturnsTrue" storage="d:\actions-runner\_work\xpco\xpco\common\videoos.identityserver.common\videoos.identityserver.common.unittests\bin\debug\net47\videoos.identityserver.common.unittests.dll" id="d721172e-4856-c743-a2e0-556773d6db34">
      <Execution id="d08e17dc-1867-436a-b104-12ef9adbcd0f" />
      <TestMethod codeBase="D:\actions-runner\_work\XPCO\XPCO\Common\VideoOS.IdentityServer.Common\VideoOS.IdentityServer.Common.UnitTests\bin\Debug\net47\VideoOS.IdentityServer.Common.UnitTests.dll" adapterTypeName="executor://mstestadapter/v2" className="VideoOS.IdentityServer.Common.UnitTests.Utilities.ServerValidation.UriExtenderTests" name="HasValidScheme_UriIsFtp_ReturnsTrue" />
    </UnitTest>
    <UnitTest name="ValidateToken_RefreshIntervalReached_NewConfigRetrieved" storage="d:\actions-runner\_work\xpco\xpco\common\videoos.identityserver.common\videoos.identityserver.common.unittests\bin\debug\net47\videoos.identityserver.common.unittests.dll" id="df98ebf9-08c0-e892-4032-ff03288ed21d">
      <Execution id="458d6016-e57f-4e03-b43c-da472ad00a4b" />
      <TestMethod codeBase="D:\actions-runner\_work\XPCO\XPCO\Common\VideoOS.IdentityServer.Common\VideoOS.IdentityServer.Common.UnitTests\bin\Debug\net47\VideoOS.IdentityServer.Common.UnitTests.dll" adapterTypeName="executor://mstestadapter/v2" className="VideoOS.IdentityServer.Common.UnitTests.JwtSecurityTokenValidatorWithConfigurationManagerTests" name="ValidateToken_RefreshIntervalReached_NewConfigRetrieved" />
    </UnitTest>
    <UnitTest name="ValidateIdpServer_SimulateValidResponseFromOAuthServer_WithNonStandardPortAndNoScheme_WithInvalidCertificate" storage="d:\actions-runner\_work\xpco\xpco\common\videoos.identityserver.common\videoos.identityserver.common.unittests\bin\debug\net47\videoos.identityserver.common.unittests.dll" id="7b9b1873-4328-312e-2778-9f9b8787518d">
      <Execution id="624312e2-de81-4e31-afeb-6b0d50809643" />
      <TestMethod codeBase="D:\actions-runner\_work\XPCO\XPCO\Common\VideoOS.IdentityServer.Common\VideoOS.IdentityServer.Common.UnitTests\bin\Debug\net47\VideoOS.IdentityServer.Common.UnitTests.dll" adapterTypeName="executor://mstestadapter/v2" className="VideoOS.IdentityServer.Common.UnitTests.IdpServerValidationTests" name="ValidateIdpServer_SimulateValidResponseFromOAuthServer_WithNonStandardPortAndNoScheme_WithInvalidCertificate" />
    </UnitTest>
    <UnitTest name="BasicOpenAuthenticationHeaderValue_Constructor_Success_SpaceInUserName" storage="d:\actions-runner\_work\xpco\xpco\common\videoos.identityserver.common\videoos.identityserver.common.unittests\bin\debug\net47\videoos.identityserver.common.unittests.dll" id="3dcddc47-428b-8273-354a-bd306914fecf">
      <Execution id="84828f92-5db0-41f1-9794-c23eb2419521" />
      <TestMethod codeBase="D:\actions-runner\_work\XPCO\XPCO\Common\VideoOS.IdentityServer.Common\VideoOS.IdentityServer.Common.UnitTests\bin\Debug\net47\VideoOS.IdentityServer.Common.UnitTests.dll" adapterTypeName="executor://mstestadapter/v2" className="VideoOS.IdentityServer.Common.UnitTests.BasicOpenAuthenticationHeaderValueTests" name="BasicOpenAuthenticationHeaderValue_Constructor_Success_SpaceInUserName" />
    </UnitTest>
    <UnitTest name="Constructor_EmptyRefreshToken_ThrowsArgumentNullException" storage="d:\actions-runner\_work\xpco\xpco\common\videoos.identityserver.common\videoos.identityserver.common.unittests\bin\debug\net47\videoos.identityserver.common.unittests.dll" id="6305c415-2662-3605-7a21-6246fd795db9">
      <Execution id="f946f70c-e8f4-460f-96dc-67bf2ced2e36" />
      <TestMethod codeBase="D:\actions-runner\_work\XPCO\XPCO\Common\VideoOS.IdentityServer.Common\VideoOS.IdentityServer.Common.UnitTests\bin\Debug\net47\VideoOS.IdentityServer.Common.UnitTests.dll" adapterTypeName="executor://mstestadapter/v2" className="VideoOS.IdentityServer.Common.UnitTests.Utilities.Tokens.IdpTokensTests" name="Constructor_EmptyRefreshToken_ThrowsArgumentNullException" />
    </UnitTest>
    <UnitTest name="TokenCache_Constructor_Success" storage="d:\actions-runner\_work\xpco\xpco\common\videoos.identityserver.common\videoos.identityserver.common.unittests\bin\debug\net47\videoos.identityserver.common.unittests.dll" id="c095042d-e50b-f78e-7e75-2b785c69205f">
      <Execution id="1503209d-cef4-444f-befe-001aa44dc224" />
      <TestMethod codeBase="D:\actions-runner\_work\XPCO\XPCO\Common\VideoOS.IdentityServer.Common\VideoOS.IdentityServer.Common.UnitTests\bin\Debug\net47\VideoOS.IdentityServer.Common.UnitTests.dll" adapterTypeName="executor://mstestadapter/v2" className="VideoOS.IdentityServer.Common.UnitTests.Handlers.TokenCacheTests" name="TokenCache_Constructor_Success" />
    </UnitTest>
    <UnitTest name="BeforeSendRequest_ThrowsUnexpectedException_RethrowsException" storage="d:\actions-runner\_work\xpco\xpco\common\videoos.identityserver.common\videoos.identityserver.common.unittests\bin\debug\net47\videoos.identityserver.common.unittests.dll" id="bbacb338-027e-8ff3-9426-ba091de7dfef">
      <Execution id="00b05903-2c33-4aaf-9fe8-2485297be12b" />
      <TestMethod codeBase="D:\actions-runner\_work\XPCO\XPCO\Common\VideoOS.IdentityServer.Common\VideoOS.IdentityServer.Common.UnitTests\bin\Debug\net47\VideoOS.IdentityServer.Common.UnitTests.dll" adapterTypeName="executor://mstestadapter/v2" className="VideoOS.IdentityServer.Common.UnitTests.ServiceModel.BearerAuthorizationHeaderInspectorTests" name="BeforeSendRequest_ThrowsUnexpectedException_RethrowsException" />
    </UnitTest>
    <UnitTest name="Authenticate_AuthHeaderHasCorrectScheme_TokenIsValidatedAndClaimsPrincipalIsReturned" storage="d:\actions-runner\_work\xpco\xpco\common\videoos.identityserver.common\videoos.identityserver.common.unittests\bin\debug\net47\videoos.identityserver.common.unittests.dll" id="e83a59b5-7762-fd63-39f4-c2a7432224a0">
      <Execution id="f441854f-174a-4316-8010-fe9ad56e7cac" />
      <TestMethod codeBase="D:\actions-runner\_work\XPCO\XPCO\Common\VideoOS.IdentityServer.Common\VideoOS.IdentityServer.Common.UnitTests\bin\Debug\net47\VideoOS.IdentityServer.Common.UnitTests.dll" adapterTypeName="executor://mstestadapter/v2" className="VideoOS.IdentityServer.Common.UnitTests.ServiceModel.OpenIdClaimsAuthenticationManagerTests" name="Authenticate_AuthHeaderHasCorrectScheme_TokenIsValidatedAndClaimsPrincipalIsReturned" />
    </UnitTest>
    <UnitTest name="BeforeSendRequest_ThrowsHttpRequestExceptionWithWebException_ThrowsCommunicationException (RequestProhibitedByProxy)" storage="d:\actions-runner\_work\xpco\xpco\common\videoos.identityserver.common\videoos.identityserver.common.unittests\bin\debug\net47\videoos.identityserver.common.unittests.dll" id="37bc0dd3-b2de-4f1d-bc0b-a4f0fd76a31b">
      <Execution id="79a59851-f901-4479-ab48-9794092655ca" />
      <TestMethod codeBase="D:\actions-runner\_work\XPCO\XPCO\Common\VideoOS.IdentityServer.Common\VideoOS.IdentityServer.Common.UnitTests\bin\Debug\net47\VideoOS.IdentityServer.Common.UnitTests.dll" adapterTypeName="executor://mstestadapter/v2" className="VideoOS.IdentityServer.Common.UnitTests.ServiceModel.BearerAuthorizationHeaderInspectorTests" name="BeforeSendRequest_ThrowsHttpRequestExceptionWithWebException_ThrowsCommunicationException" />
    </UnitTest>
    <UnitTest name="SendRequest_StatusCodeIs400ButJsonIsNotReturned_ThrowDefaultIdpException" storage="d:\actions-runner\_work\xpco\xpco\common\videoos.identityserver.common\videoos.identityserver.common.unittests\bin\debug\net47\videoos.identityserver.common.unittests.dll" id="d0c7c382-be92-208a-f641-c4a9c109541e">
      <Execution id="b1b6aefc-5267-4874-8387-d1faf2c27490" />
      <TestMethod codeBase="D:\actions-runner\_work\XPCO\XPCO\Common\VideoOS.IdentityServer.Common\VideoOS.IdentityServer.Common.UnitTests\bin\Debug\net47\VideoOS.IdentityServer.Common.UnitTests.dll" adapterTypeName="executor://mstestadapter/v2" className="VideoOS.IdentityServer.Common.UnitTests.IdpClientBaseTests" name="SendRequest_StatusCodeIs400ButJsonIsNotReturned_ThrowDefaultIdpException" />
    </UnitTest>
    <UnitTest name="CreateLogin_ResponseHasSuccessfulStatusCode_CorrectRequestUriIsPassedAndLoginIsReturned" storage="d:\actions-runner\_work\xpco\xpco\common\videoos.identityserver.common\videoos.identityserver.common.unittests\bin\debug\net47\videoos.identityserver.common.unittests.dll" id="2c55edee-6a96-66e5-7447-ae0a0f99cbe5">
      <Execution id="18c13223-ae71-4920-86bb-2072ac7ffc25" />
      <TestMethod codeBase="D:\actions-runner\_work\XPCO\XPCO\Common\VideoOS.IdentityServer.Common\VideoOS.IdentityServer.Common.UnitTests\bin\Debug\net47\VideoOS.IdentityServer.Common.UnitTests.dll" adapterTypeName="executor://mstestadapter/v2" className="VideoOS.IdentityServer.Common.UnitTests.Services.IdpAdministrationClientTests" name="CreateLogin_ResponseHasSuccessfulStatusCode_CorrectRequestUriIsPassedAndLoginIsReturned" />
    </UnitTest>
    <UnitTest name="Ctor_OperationContextHelperIsNull_ThrowsArgumentNullException" storage="d:\actions-runner\_work\xpco\xpco\common\videoos.identityserver.common\videoos.identityserver.common.unittests\bin\debug\net47\videoos.identityserver.common.unittests.dll" id="27a8059d-8b78-3c02-be74-55c51fedea26">
      <Execution id="d572ca1c-ed68-4dd2-8f7e-96939be35d5d" />
      <TestMethod codeBase="D:\actions-runner\_work\XPCO\XPCO\Common\VideoOS.IdentityServer.Common\VideoOS.IdentityServer.Common.UnitTests\bin\Debug\net47\VideoOS.IdentityServer.Common.UnitTests.dll" adapterTypeName="executor://mstestadapter/v2" className="VideoOS.IdentityServer.Common.UnitTests.ServiceModel.OpenIdClaimsAuthorizationManagerTests" name="Ctor_OperationContextHelperIsNull_ThrowsArgumentNullException" />
    </UnitTest>
    <UnitTest name="BeforeSendRequest_ThrowsUnauthorizedException_ThrowsMessageSecurityException" storage="d:\actions-runner\_work\xpco\xpco\common\videoos.identityserver.common\videoos.identityserver.common.unittests\bin\debug\net47\videoos.identityserver.common.unittests.dll" id="8cac781b-3c65-0ccf-a739-6333f1b2885a">
      <Execution id="3f24cb9e-012e-44a8-8c58-63b44ae071f0" />
      <TestMethod codeBase="D:\actions-runner\_work\XPCO\XPCO\Common\VideoOS.IdentityServer.Common\VideoOS.IdentityServer.Common.UnitTests\bin\Debug\net47\VideoOS.IdentityServer.Common.UnitTests.dll" adapterTypeName="executor://mstestadapter/v2" className="VideoOS.IdentityServer.Common.UnitTests.ServiceModel.BearerAuthorizationHeaderInspectorTests" name="BeforeSendRequest_ThrowsUnauthorizedException_ThrowsMessageSecurityException" />
    </UnitTest>
    <UnitTest name="Authenticate_AuthHeaderHasWrongScheme_ReturnNull" storage="d:\actions-runner\_work\xpco\xpco\common\videoos.identityserver.common\videoos.identityserver.common.unittests\bin\debug\net47\videoos.identityserver.common.unittests.dll" id="fb000b2f-ab6a-7251-dbe2-b846f6fcbd0e">
      <Execution id="734f26f2-8242-4175-8a5b-2bc700f4fccc" />
      <TestMethod codeBase="D:\actions-runner\_work\XPCO\XPCO\Common\VideoOS.IdentityServer.Common\VideoOS.IdentityServer.Common.UnitTests\bin\Debug\net47\VideoOS.IdentityServer.Common.UnitTests.dll" adapterTypeName="executor://mstestadapter/v2" className="VideoOS.IdentityServer.Common.UnitTests.ServiceModel.OpenIdClaimsAuthenticationManagerTests" name="Authenticate_AuthHeaderHasWrongScheme_ReturnNull" />
    </UnitTest>
    <UnitTest name="SendRequest_ResponseHasBadStatusCode_ThrowIdpException (RequestedRangeNotSatisfiable)" storage="d:\actions-runner\_work\xpco\xpco\common\videoos.identityserver.common\videoos.identityserver.common.unittests\bin\debug\net47\videoos.identityserver.common.unittests.dll" id="bef49fa8-35a0-c104-c37a-933b8d6f8b64">
      <Execution id="52b659e5-d489-44f8-a5e1-8fbf3d5cee34" />
      <TestMethod codeBase="D:\actions-runner\_work\XPCO\XPCO\Common\VideoOS.IdentityServer.Common\VideoOS.IdentityServer.Common.UnitTests\bin\Debug\net47\VideoOS.IdentityServer.Common.UnitTests.dll" adapterTypeName="executor://mstestadapter/v2" className="VideoOS.IdentityServer.Common.UnitTests.IdpClientBaseTests" name="SendRequest_ResponseHasBadStatusCode_ThrowIdpException" />
    </UnitTest>
    <UnitTest name="IsTokenExpired_RefreshTokenIsNotCalled_ReturnFalse" storage="d:\actions-runner\_work\xpco\xpco\common\videoos.identityserver.common\videoos.identityserver.common.unittests\bin\debug\net47\videoos.identityserver.common.unittests.dll" id="5304b9a1-8d75-0736-1781-57659e307ca7">
      <Execution id="69fe93c2-cb24-4b99-9927-b74a581265fc" />
      <TestMethod codeBase="D:\actions-runner\_work\XPCO\XPCO\Common\VideoOS.IdentityServer.Common\VideoOS.IdentityServer.Common.UnitTests\bin\Debug\net47\VideoOS.IdentityServer.Common.UnitTests.dll" adapterTypeName="executor://mstestadapter/v2" className="VideoOS.IdentityServer.Common.UnitTests.Handlers.IdentityServerToken.SimpleTokenCacheTests" name="IsTokenExpired_RefreshTokenIsNotCalled_ReturnFalse" />
    </UnitTest>
    <UnitTest name="HasValidScheme_UriIsFile_ReturnsTrue" storage="d:\actions-runner\_work\xpco\xpco\common\videoos.identityserver.common\videoos.identityserver.common.unittests\bin\debug\net47\videoos.identityserver.common.unittests.dll" id="08a458bc-f70d-a527-f23d-08de1cac7168">
      <Execution id="f914f53e-8888-48db-b2f5-a94483398a27" />
      <TestMethod codeBase="D:\actions-runner\_work\XPCO\XPCO\Common\VideoOS.IdentityServer.Common\VideoOS.IdentityServer.Common.UnitTests\bin\Debug\net47\VideoOS.IdentityServer.Common.UnitTests.dll" adapterTypeName="executor://mstestadapter/v2" className="VideoOS.IdentityServer.Common.UnitTests.Utilities.ServerValidation.UriExtenderTests" name="HasValidScheme_UriIsFile_ReturnsTrue" />
    </UnitTest>
    <UnitTest name="Constructor_NullProvider_ThrowsArgumentNullException" storage="d:\actions-runner\_work\xpco\xpco\common\videoos.identityserver.common\videoos.identityserver.common.unittests\bin\debug\net47\videoos.identityserver.common.unittests.dll" id="9aba6afc-33b4-b3ea-f2ba-94221cb99165">
      <Execution id="5206c69d-3c90-43ec-88f1-9e29013d85a8" />
      <TestMethod codeBase="D:\actions-runner\_work\XPCO\XPCO\Common\VideoOS.IdentityServer.Common\VideoOS.IdentityServer.Common.UnitTests\bin\Debug\net47\VideoOS.IdentityServer.Common.UnitTests.dll" adapterTypeName="executor://mstestadapter/v2" className="VideoOS.IdentityServer.Common.UnitTests.ExternalTokenHandlerTests" name="Constructor_NullProvider_ThrowsArgumentNullException" />
    </UnitTest>
    <UnitTest name="GetUsers_ResponseHasSuccessfulStatusCode_CorrectRequestUriIsPassedAndUserIsReturned" storage="d:\actions-runner\_work\xpco\xpco\common\videoos.identityserver.common\videoos.identityserver.common.unittests\bin\debug\net47\videoos.identityserver.common.unittests.dll" id="b9e2ee06-91b7-acf8-fabd-84e17e5fc555">
      <Execution id="c26cfb44-f758-449b-885d-241f78040e5f" />
      <TestMethod codeBase="D:\actions-runner\_work\XPCO\XPCO\Common\VideoOS.IdentityServer.Common\VideoOS.IdentityServer.Common.UnitTests\bin\Debug\net47\VideoOS.IdentityServer.Common.UnitTests.dll" adapterTypeName="executor://mstestadapter/v2" className="VideoOS.IdentityServer.Common.UnitTests.Services.IdpAdministrationClientTests" name="GetUsers_ResponseHasSuccessfulStatusCode_CorrectRequestUriIsPassedAndUserIsReturned" />
    </UnitTest>
    <UnitTest name="ValidateIdpServer_PassMultipleUri_InvalidParam_Null_Throws_ArgumentNullException" storage="d:\actions-runner\_work\xpco\xpco\common\videoos.identityserver.common\videoos.identityserver.common.unittests\bin\debug\net47\videoos.identityserver.common.unittests.dll" id="74b856c2-3b89-4a6f-b0e9-87ceb7b85e0f">
      <Execution id="4a88647d-e218-4ebe-a0fd-14a754ad6a7b" />
      <TestMethod codeBase="D:\actions-runner\_work\XPCO\XPCO\Common\VideoOS.IdentityServer.Common\VideoOS.IdentityServer.Common.UnitTests\bin\Debug\net47\VideoOS.IdentityServer.Common.UnitTests.dll" adapterTypeName="executor://mstestadapter/v2" className="VideoOS.IdentityServer.Common.UnitTests.IdpServerValidationTests" name="ValidateIdpServer_PassMultipleUri_InvalidParam_Null_Throws_ArgumentNullException" />
    </UnitTest>
    <UnitTest name="Ctor_ValueIsNull_ThrowsArgumentNullException" storage="d:\actions-runner\_work\xpco\xpco\common\videoos.identityserver.common\videoos.identityserver.common.unittests\bin\debug\net47\videoos.identityserver.common.unittests.dll" id="3f9c843a-1e55-447d-5796-24cc11eb0601">
      <Execution id="f90c7776-e5e2-4a54-b549-fad1d7a1c51f" />
      <TestMethod codeBase="D:\actions-runner\_work\XPCO\XPCO\Common\VideoOS.IdentityServer.Common\VideoOS.IdentityServer.Common.UnitTests\bin\Debug\net47\VideoOS.IdentityServer.Common.UnitTests.dll" adapterTypeName="executor://mstestadapter/v2" className="VideoOS.IdentityServer.Common.UnitTests.ServiceModel.ClaimRequirementAttributeTests" name="Ctor_ValueIsNull_ThrowsArgumentNullException" />
    </UnitTest>
    <UnitTest name="RegisterAuthorizationCodeClient_ClientIdIsNull_ThrowArgumentException" storage="d:\actions-runner\_work\xpco\xpco\common\videoos.identityserver.common\videoos.identityserver.common.unittests\bin\debug\net47\videoos.identityserver.common.unittests.dll" id="9a74f111-730b-48ac-793d-eafd4afb012a">
      <Execution id="7945987b-34ce-427e-ab90-fe53ba4d2eb9" />
      <TestMethod codeBase="D:\actions-runner\_work\XPCO\XPCO\Common\VideoOS.IdentityServer.Common\VideoOS.IdentityServer.Common.UnitTests\bin\Debug\net47\VideoOS.IdentityServer.Common.UnitTests.dll" adapterTypeName="executor://mstestadapter/v2" className="VideoOS.IdentityServer.Common.UnitTests.IdpRegistrationClientTests" name="RegisterAuthorizationCodeClient_ClientIdIsNull_ThrowArgumentException" />
    </UnitTest>
    <UnitTest name="GetUser_ParameterIsNull_ThrowArgumentException (,abc)" storage="d:\actions-runner\_work\xpco\xpco\common\videoos.identityserver.common\videoos.identityserver.common.unittests\bin\debug\net47\videoos.identityserver.common.unittests.dll" id="737140b9-e37f-2a4f-5ecb-7640b87ef58e">
      <Execution id="4d0ffcdb-fd25-4695-8fda-be79ee3eda14" />
      <TestMethod codeBase="D:\actions-runner\_work\XPCO\XPCO\Common\VideoOS.IdentityServer.Common\VideoOS.IdentityServer.Common.UnitTests\bin\Debug\net47\VideoOS.IdentityServer.Common.UnitTests.dll" adapterTypeName="executor://mstestadapter/v2" className="VideoOS.IdentityServer.Common.UnitTests.Services.IdpAdministrationClientTests" name="GetUser_ParameterIsNull_ThrowArgumentException" />
    </UnitTest>
    <UnitTest name="GetAsync_SuccessfulResponse_OutstandingCallCanceled" storage="d:\actions-runner\_work\xpco\xpco\common\videoos.identityserver.common\videoos.identityserver.common.unittests\bin\debug\net47\videoos.identityserver.common.unittests.dll" id="59315ec5-850b-190c-1c3a-c69be3cf286e">
      <Execution id="45790c96-03a6-4887-a12f-a757912a5caf" />
      <TestMethod codeBase="D:\actions-runner\_work\XPCO\XPCO\Common\VideoOS.IdentityServer.Common\VideoOS.IdentityServer.Common.UnitTests\bin\Debug\net47\VideoOS.IdentityServer.Common.UnitTests.dll" adapterTypeName="executor://mstestadapter/v2" className="VideoOS.IdentityServer.Common.UnitTests.DiscoveryClientTests" name="GetAsync_SuccessfulResponse_OutstandingCallCanceled" />
    </UnitTest>
    <UnitTest name="DiscoveryClient_Dispose_HttpClientDisposed" storage="d:\actions-runner\_work\xpco\xpco\common\videoos.identityserver.common\videoos.identityserver.common.unittests\bin\debug\net47\videoos.identityserver.common.unittests.dll" id="851fb875-0294-59e3-54ed-d95f850fb682">
      <Execution id="81086824-231e-4a2c-9fb2-75d23135b9e6" />
      <TestMethod codeBase="D:\actions-runner\_work\XPCO\XPCO\Common\VideoOS.IdentityServer.Common\VideoOS.IdentityServer.Common.UnitTests\bin\Debug\net47\VideoOS.IdentityServer.Common.UnitTests.dll" adapterTypeName="executor://mstestadapter/v2" className="VideoOS.IdentityServer.Common.UnitTests.DiscoveryClientTests" name="DiscoveryClient_Dispose_HttpClientDisposed" />
    </UnitTest>
    <UnitTest name="Dispose_TokenDisposed_ObjectDisposedException" storage="d:\actions-runner\_work\xpco\xpco\common\videoos.identityserver.common\videoos.identityserver.common.unittests\bin\debug\net47\videoos.identityserver.common.unittests.dll" id="ddded40e-1f02-eacb-d4a2-e26ac1095ebf">
      <Execution id="809fb4c9-7664-41e8-87fe-2555e7b98226" />
      <TestMethod codeBase="D:\actions-runner\_work\XPCO\XPCO\Common\VideoOS.IdentityServer.Common\VideoOS.IdentityServer.Common.UnitTests\bin\Debug\net47\VideoOS.IdentityServer.Common.UnitTests.dll" adapterTypeName="executor://mstestadapter/v2" className="VideoOS.IdentityServer.Common.UnitTests.Handlers.TokenCacheTests" name="Dispose_TokenDisposed_ObjectDisposedException" />
    </UnitTest>
    <UnitTest name="UpdateUser_UpdateUserModelIsNull_ThrowArgumentNullException" storage="d:\actions-runner\_work\xpco\xpco\common\videoos.identityserver.common\videoos.identityserver.common.unittests\bin\debug\net47\videoos.identityserver.common.unittests.dll" id="a1133c85-1ac8-f2df-7a32-450e86b0c1a8">
      <Execution id="ca19daaf-5aa2-4ab2-8fbb-0ee1ebfc2a0a" />
      <TestMethod codeBase="D:\actions-runner\_work\XPCO\XPCO\Common\VideoOS.IdentityServer.Common\VideoOS.IdentityServer.Common.UnitTests\bin\Debug\net47\VideoOS.IdentityServer.Common.UnitTests.dll" adapterTypeName="executor://mstestadapter/v2" className="VideoOS.IdentityServer.Common.UnitTests.Services.IdpAdministrationClientTests" name="UpdateUser_UpdateUserModelIsNull_ThrowArgumentNullException" />
    </UnitTest>
    <UnitTest name="GetUserCollection_AccessTokenIsNull_ThrowArgumentException" storage="d:\actions-runner\_work\xpco\xpco\common\videoos.identityserver.common\videoos.identityserver.common.unittests\bin\debug\net47\videoos.identityserver.common.unittests.dll" id="9e519774-75c3-0938-a5ac-c98cb0ed4a6d">
      <Execution id="7deeb891-edb9-4f80-b0d7-a2a4a620863b" />
      <TestMethod codeBase="D:\actions-runner\_work\XPCO\XPCO\Common\VideoOS.IdentityServer.Common\VideoOS.IdentityServer.Common.UnitTests\bin\Debug\net47\VideoOS.IdentityServer.Common.UnitTests.dll" adapterTypeName="executor://mstestadapter/v2" className="VideoOS.IdentityServer.Common.UnitTests.Services.IdpAdministrationClientTests" name="GetUserCollection_AccessTokenIsNull_ThrowArgumentException" />
    </UnitTest>
    <UnitTest name="GetAsync_UriInputIsNull_ThrowArgumentNullException" storage="d:\actions-runner\_work\xpco\xpco\common\videoos.identityserver.common\videoos.identityserver.common.unittests\bin\debug\net47\videoos.identityserver.common.unittests.dll" id="6dc7da62-c15b-7e96-f1c6-3eedd5697243">
      <Execution id="5ccf80b9-96ab-4b1a-96a7-ed84d9af59af" />
      <TestMethod codeBase="D:\actions-runner\_work\XPCO\XPCO\Common\VideoOS.IdentityServer.Common\VideoOS.IdentityServer.Common.UnitTests\bin\Debug\net47\VideoOS.IdentityServer.Common.UnitTests.dll" adapterTypeName="executor://mstestadapter/v2" className="VideoOS.IdentityServer.Common.UnitTests.DiscoveryClientTests" name="GetAsync_UriInputIsNull_ThrowArgumentNullException" />
    </UnitTest>
    <UnitTest name="SendRequest_ResponseIs400AndHasInvalidClientError_ThrowUnauthorizedException" storage="d:\actions-runner\_work\xpco\xpco\common\videoos.identityserver.common\videoos.identityserver.common.unittests\bin\debug\net47\videoos.identityserver.common.unittests.dll" id="35c85059-4d38-96d6-5ba6-39946ca04b5d">
      <Execution id="391164e4-8c30-48a4-882d-bfaf8d185c9c" />
      <TestMethod codeBase="D:\actions-runner\_work\XPCO\XPCO\Common\VideoOS.IdentityServer.Common\VideoOS.IdentityServer.Common.UnitTests\bin\Debug\net47\VideoOS.IdentityServer.Common.UnitTests.dll" adapterTypeName="executor://mstestadapter/v2" className="VideoOS.IdentityServer.Common.UnitTests.IdpClientBaseTests" name="SendRequest_ResponseIs400AndHasInvalidClientError_ThrowUnauthorizedException" />
    </UnitTest>
    <UnitTest name="IdpTokenClient_DefaultCredentialsAsCredentials_HttpClientConfiguredToUseDefualtCredentials" storage="d:\actions-runner\_work\xpco\xpco\common\videoos.identityserver.common\videoos.identityserver.common.unittests\bin\debug\net47\videoos.identityserver.common.unittests.dll" id="885ad0b6-d00e-5dbd-daaf-61bd8cc19071">
      <Execution id="30d432dd-7c9a-45a1-a8e9-db45bd7fc9fd" />
      <TestMethod codeBase="D:\actions-runner\_work\XPCO\XPCO\Common\VideoOS.IdentityServer.Common\VideoOS.IdentityServer.Common.UnitTests\bin\Debug\net47\VideoOS.IdentityServer.Common.UnitTests.dll" adapterTypeName="executor://mstestadapter/v2" className="VideoOS.IdentityServer.Common.UnitTests.IdpTokenClientTests" name="IdpTokenClient_DefaultCredentialsAsCredentials_HttpClientConfiguredToUseDefualtCredentials" />
    </UnitTest>
    <UnitTest name="Construct_WithErrorResponses_ResponseWithErrorResponses" storage="d:\actions-runner\_work\xpco\xpco\common\videoos.identityserver.common\videoos.identityserver.common.unittests\bin\debug\net47\videoos.identityserver.common.unittests.dll" id="afabb9a4-988f-5af8-5e0c-adf9e9521a8f">
      <Execution id="d55dfd78-af74-4936-9190-7cfd0734a076" />
      <TestMethod codeBase="D:\actions-runner\_work\XPCO\XPCO\Common\VideoOS.IdentityServer.Common\VideoOS.IdentityServer.Common.UnitTests\bin\Debug\net47\VideoOS.IdentityServer.Common.UnitTests.dll" adapterTypeName="executor://mstestadapter/v2" className="VideoOS.IdentityServer.Common.UnitTests.DiscoveryResponseTests" name="Construct_WithErrorResponses_ResponseWithErrorResponses" />
    </UnitTest>
    <UnitTest name="CheckAccess_PrincipalHasNoScopeClaims_ReturnsFalse" storage="d:\actions-runner\_work\xpco\xpco\common\videoos.identityserver.common\videoos.identityserver.common.unittests\bin\debug\net47\videoos.identityserver.common.unittests.dll" id="172041ae-12af-58d9-c5c3-06cc738ac111">
      <Execution id="49684d61-16ec-4cdc-8e4f-c6686cb4944e" />
      <TestMethod codeBase="D:\actions-runner\_work\XPCO\XPCO\Common\VideoOS.IdentityServer.Common\VideoOS.IdentityServer.Common.UnitTests\bin\Debug\net47\VideoOS.IdentityServer.Common.UnitTests.dll" adapterTypeName="executor://mstestadapter/v2" className="VideoOS.IdentityServer.Common.UnitTests.ServiceModel.OpenIdClaimsAuthorizationManagerTests" name="CheckAccess_PrincipalHasNoScopeClaims_ReturnsFalse" />
    </UnitTest>
    <UnitTest name="CreateUserCollection_CreateUserModelIsNull_ThrowArgumentNullException" storage="d:\actions-runner\_work\xpco\xpco\common\videoos.identityserver.common\videoos.identityserver.common.unittests\bin\debug\net47\videoos.identityserver.common.unittests.dll" id="dbd8c577-b242-b838-2751-2fb2c595a2b3">
      <Execution id="13f7cc83-260e-490a-86b6-1685e0469008" />
      <TestMethod codeBase="D:\actions-runner\_work\XPCO\XPCO\Common\VideoOS.IdentityServer.Common\VideoOS.IdentityServer.Common.UnitTests\bin\Debug\net47\VideoOS.IdentityServer.Common.UnitTests.dll" adapterTypeName="executor://mstestadapter/v2" className="VideoOS.IdentityServer.Common.UnitTests.Services.IdpAdministrationClientTests" name="CreateUserCollection_CreateUserModelIsNull_ThrowArgumentNullException" />
    </UnitTest>
    <UnitTest name="RegisterAuthorizationCodeClientWithToken_ScopesAreNull_ThrowArgumentNullException" storage="d:\actions-runner\_work\xpco\xpco\common\videoos.identityserver.common\videoos.identityserver.common.unittests\bin\debug\net47\videoos.identityserver.common.unittests.dll" id="a20b8cdb-3697-b063-4ea9-47fb6efe0241">
      <Execution id="f8db8f47-290b-4130-a59c-fe4b7f8515c3" />
      <TestMethod codeBase="D:\actions-runner\_work\XPCO\XPCO\Common\VideoOS.IdentityServer.Common\VideoOS.IdentityServer.Common.UnitTests\bin\Debug\net47\VideoOS.IdentityServer.Common.UnitTests.dll" adapterTypeName="executor://mstestadapter/v2" className="VideoOS.IdentityServer.Common.UnitTests.IdpRegistrationClientTests" name="RegisterAuthorizationCodeClientWithToken_ScopesAreNull_ThrowArgumentNullException" />
    </UnitTest>
    <UnitTest name="GetUserByName_ParameterIsNull_ThrowArgumentException (,abc)" storage="d:\actions-runner\_work\xpco\xpco\common\videoos.identityserver.common\videoos.identityserver.common.unittests\bin\debug\net47\videoos.identityserver.common.unittests.dll" id="546e1c1f-b92a-588a-a4ee-351bbc7f5bb0">
      <Execution id="0a59123e-f8fe-45ba-92bf-b7e9ea6fc4fe" />
      <TestMethod codeBase="D:\actions-runner\_work\XPCO\XPCO\Common\VideoOS.IdentityServer.Common\VideoOS.IdentityServer.Common.UnitTests\bin\Debug\net47\VideoOS.IdentityServer.Common.UnitTests.dll" adapterTypeName="executor://mstestadapter/v2" className="VideoOS.IdentityServer.Common.UnitTests.Services.IdpAdministrationClientTests" name="GetUserByName_ParameterIsNull_ThrowArgumentException" />
    </UnitTest>
    <UnitTest name="HandleException_InnerException_WebException_Status_ConnectionClosed_ReturnsTrue" storage="d:\actions-runner\_work\xpco\xpco\common\videoos.identityserver.common\videoos.identityserver.common.unittests\bin\debug\net47\videoos.identityserver.common.unittests.dll" id="11a7072a-d21b-7c2a-b062-98fe08e0c6dd">
      <Execution id="4d112687-3165-4f86-ba51-60e26322baa4" />
      <TestMethod codeBase="D:\actions-runner\_work\XPCO\XPCO\Common\VideoOS.IdentityServer.Common\VideoOS.IdentityServer.Common.UnitTests\bin\Debug\net47\VideoOS.IdentityServer.Common.UnitTests.dll" adapterTypeName="executor://mstestadapter/v2" className="VideoOS.IdentityServer.Common.UnitTests.Utilities.ServerValidation.IdpExceptionHandlerTests" name="HandleException_InnerException_WebException_Status_ConnectionClosed_ReturnsTrue" />
    </UnitTest>
    <UnitTest name="GetUserByName_ParameterIsNull_ThrowArgumentException (abc,)" storage="d:\actions-runner\_work\xpco\xpco\common\videoos.identityserver.common\videoos.identityserver.common.unittests\bin\debug\net47\videoos.identityserver.common.unittests.dll" id="475ca662-af82-6579-f761-35cb472cb87e">
      <Execution id="6ba1ac6c-ced1-453e-90dc-be81108abac1" />
      <TestMethod codeBase="D:\actions-runner\_work\XPCO\XPCO\Common\VideoOS.IdentityServer.Common\VideoOS.IdentityServer.Common.UnitTests\bin\Debug\net47\VideoOS.IdentityServer.Common.UnitTests.dll" adapterTypeName="executor://mstestadapter/v2" className="VideoOS.IdentityServer.Common.UnitTests.Services.IdpAdministrationClientTests" name="GetUserByName_ParameterIsNull_ThrowArgumentException" />
    </UnitTest>
    <UnitTest name="RegisterClient_ResponseHasSuccessfulStatusCode_ModelWithSecretIsReturned" storage="d:\actions-runner\_work\xpco\xpco\common\videoos.identityserver.common\videoos.identityserver.common.unittests\bin\debug\net47\videoos.identityserver.common.unittests.dll" id="80b98953-0430-0651-0920-d07f5f37c65f">
      <Execution id="1868eb2c-2632-442e-876a-9fc838f0db18" />
      <TestMethod codeBase="D:\actions-runner\_work\XPCO\XPCO\Common\VideoOS.IdentityServer.Common\VideoOS.IdentityServer.Common.UnitTests\bin\Debug\net47\VideoOS.IdentityServer.Common.UnitTests.dll" adapterTypeName="executor://mstestadapter/v2" className="VideoOS.IdentityServer.Common.UnitTests.IdpRegistrationClientTests" name="RegisterClient_ResponseHasSuccessfulStatusCode_ModelWithSecretIsReturned" />
    </UnitTest>
    <UnitTest name="Start_TimeToTokenExpireUnder5min_TokenCacheUpdated" storage="d:\actions-runner\_work\xpco\xpco\common\videoos.identityserver.common\videoos.identityserver.common.unittests\bin\debug\net47\videoos.identityserver.common.unittests.dll" id="aee78e02-d706-9f06-c554-ee7aa708e371">
      <Execution id="5d5c578c-5782-4cf6-b9b4-dda52b8e219f" />
      <TestMethod codeBase="D:\actions-runner\_work\XPCO\XPCO\Common\VideoOS.IdentityServer.Common\VideoOS.IdentityServer.Common.UnitTests\bin\Debug\net47\VideoOS.IdentityServer.Common.UnitTests.dll" adapterTypeName="executor://mstestadapter/v2" className="VideoOS.IdentityServer.Common.UnitTests.Handlers.TokenCacheTests" name="Start_TimeToTokenExpireUnder5min_TokenCacheUpdated" />
    </UnitTest>
    <UnitTest name="RegisterAuthorizationCodeClientWithToken_RedirectUrisIsNull_ThrowArgumentException" storage="d:\actions-runner\_work\xpco\xpco\common\videoos.identityserver.common\videoos.identityserver.common.unittests\bin\debug\net47\videoos.identityserver.common.unittests.dll" id="435442ba-9897-362e-beef-40dd9aef0a97">
      <Execution id="b00615e2-62b4-4004-adf2-a6f74569ba8e" />
      <TestMethod codeBase="D:\actions-runner\_work\XPCO\XPCO\Common\VideoOS.IdentityServer.Common\VideoOS.IdentityServer.Common.UnitTests\bin\Debug\net47\VideoOS.IdentityServer.Common.UnitTests.dll" adapterTypeName="executor://mstestadapter/v2" className="VideoOS.IdentityServer.Common.UnitTests.IdpRegistrationClientTests" name="RegisterAuthorizationCodeClientWithToken_RedirectUrisIsNull_ThrowArgumentException" />
    </UnitTest>
    <UnitTest name="HandleException_WebException_Status_TrustFailure_ReturnsTrue" storage="d:\actions-runner\_work\xpco\xpco\common\videoos.identityserver.common\videoos.identityserver.common.unittests\bin\debug\net47\videoos.identityserver.common.unittests.dll" id="11f6a1d3-68c5-e38c-c943-6b9363d564f1">
      <Execution id="e9248f90-fb99-4e4f-8fdf-79503c4877df" />
      <TestMethod codeBase="D:\actions-runner\_work\XPCO\XPCO\Common\VideoOS.IdentityServer.Common\VideoOS.IdentityServer.Common.UnitTests\bin\Debug\net47\VideoOS.IdentityServer.Common.UnitTests.dll" adapterTypeName="executor://mstestadapter/v2" className="VideoOS.IdentityServer.Common.UnitTests.Utilities.ServerValidation.IdpExceptionHandlerTests" name="HandleException_WebException_Status_TrustFailure_ReturnsTrue" />
    </UnitTest>
    <UnitTest name="ValidateIdpServer_SimulateValidResponseFromOAuthServer_SecureCheckOnly_WithTimeout_ReturnsHttpsSecureConnection" storage="d:\actions-runner\_work\xpco\xpco\common\videoos.identityserver.common\videoos.identityserver.common.unittests\bin\debug\net47\videoos.identityserver.common.unittests.dll" id="a0775966-a411-1fb9-950c-2214329c5e22">
      <Execution id="8d7dbf5b-2ba4-47e2-ac84-988ac3f395ca" />
      <TestMethod codeBase="D:\actions-runner\_work\XPCO\XPCO\Common\VideoOS.IdentityServer.Common\VideoOS.IdentityServer.Common.UnitTests\bin\Debug\net47\VideoOS.IdentityServer.Common.UnitTests.dll" adapterTypeName="executor://mstestadapter/v2" className="VideoOS.IdentityServer.Common.UnitTests.IdpServerValidationTests" name="ValidateIdpServer_SimulateValidResponseFromOAuthServer_SecureCheckOnly_WithTimeout_ReturnsHttpsSecureConnection" />
    </UnitTest>
    <UnitTest name="Construct_InvalidParam_ClientId_EmptyString_Throws_ArgumentNullException" storage="d:\actions-runner\_work\xpco\xpco\common\videoos.identityserver.common\videoos.identityserver.common.unittests\bin\debug\net47\videoos.identityserver.common.unittests.dll" id="d8254cb2-99a9-5fa4-0212-2ded41c41bd0">
      <Execution id="f610aaeb-8dc3-4ff8-8d63-7d87b41831db" />
      <TestMethod codeBase="D:\actions-runner\_work\XPCO\XPCO\Common\VideoOS.IdentityServer.Common\VideoOS.IdentityServer.Common.UnitTests\bin\Debug\net47\VideoOS.IdentityServer.Common.UnitTests.dll" adapterTypeName="executor://mstestadapter/v2" className="VideoOS.IdentityServer.Common.UnitTests.Handlers.IdentityServerToken.IdentityServerClientSettingsTests" name="Construct_InvalidParam_ClientId_EmptyString_Throws_ArgumentNullException" />
    </UnitTest>
    <UnitTest name="RegisterAuthorizationCodeClientWithToken_RedirectUrisIsEmpty_ThrowArgumentException" storage="d:\actions-runner\_work\xpco\xpco\common\videoos.identityserver.common\videoos.identityserver.common.unittests\bin\debug\net47\videoos.identityserver.common.unittests.dll" id="e1a7c90b-842f-6747-d414-96d35e63ecce">
      <Execution id="20444203-85c6-4ed0-afd9-874458fb3615" />
      <TestMethod codeBase="D:\actions-runner\_work\XPCO\XPCO\Common\VideoOS.IdentityServer.Common\VideoOS.IdentityServer.Common.UnitTests\bin\Debug\net47\VideoOS.IdentityServer.Common.UnitTests.dll" adapterTypeName="executor://mstestadapter/v2" className="VideoOS.IdentityServer.Common.UnitTests.IdpRegistrationClientTests" name="RegisterAuthorizationCodeClientWithToken_RedirectUrisIsEmpty_ThrowArgumentException" />
    </UnitTest>
    <UnitTest name="RegisterAuthorizationCodeClient_ScopesAreNull_ThrowArgumentNullException" storage="d:\actions-runner\_work\xpco\xpco\common\videoos.identityserver.common\videoos.identityserver.common.unittests\bin\debug\net47\videoos.identityserver.common.unittests.dll" id="a8a38b08-43ad-784d-afbc-d0335bfce14c">
      <Execution id="4b006bde-1bf4-41a0-8c61-3e31702f26fd" />
      <TestMethod codeBase="D:\actions-runner\_work\XPCO\XPCO\Common\VideoOS.IdentityServer.Common\VideoOS.IdentityServer.Common.UnitTests\bin\Debug\net47\VideoOS.IdentityServer.Common.UnitTests.dll" adapterTypeName="executor://mstestadapter/v2" className="VideoOS.IdentityServer.Common.UnitTests.IdpRegistrationClientTests" name="RegisterAuthorizationCodeClient_ScopesAreNull_ThrowArgumentNullException" />
    </UnitTest>
    <UnitTest name="VerifyEndpointSupportsSsl_InvalidParam_Null_Throws_ArgumentNullException" storage="d:\actions-runner\_work\xpco\xpco\common\videoos.identityserver.common\videoos.identityserver.common.unittests\bin\debug\net47\videoos.identityserver.common.unittests.dll" id="a27779ab-d479-2618-c0d6-39c534be7415">
      <Execution id="f8dea014-4353-4225-9cb1-4fb3089148d3" />
      <TestMethod codeBase="D:\actions-runner\_work\XPCO\XPCO\Common\VideoOS.IdentityServer.Common\VideoOS.IdentityServer.Common.UnitTests\bin\Debug\net47\VideoOS.IdentityServer.Common.UnitTests.dll" adapterTypeName="executor://mstestadapter/v2" className="VideoOS.IdentityServer.Common.UnitTests.Utilities.SslVerificationTests" name="VerifyEndpointSupportsSsl_InvalidParam_Null_Throws_ArgumentNullException" />
    </UnitTest>
    <UnitTest name="CreateAdmin_CreateAdminModelIsNull_ThrowArgumentNullException" storage="d:\actions-runner\_work\xpco\xpco\common\videoos.identityserver.common\videoos.identityserver.common.unittests\bin\debug\net47\videoos.identityserver.common.unittests.dll" id="594bafcb-5bdd-b7e8-3c6a-5bbda9e8a6d1">
      <Execution id="4f9dcdd9-f880-4d77-9e93-44df5d15f330" />
      <TestMethod codeBase="D:\actions-runner\_work\XPCO\XPCO\Common\VideoOS.IdentityServer.Common\VideoOS.IdentityServer.Common.UnitTests\bin\Debug\net47\VideoOS.IdentityServer.Common.UnitTests.dll" adapterTypeName="executor://mstestadapter/v2" className="VideoOS.IdentityServer.Common.UnitTests.Services.IdpAdministrationClientTests" name="CreateAdmin_CreateAdminModelIsNull_ThrowArgumentNullException" />
    </UnitTest>
    <UnitTest name="ValidateIdpServer_SimulateValidResponseFromPreOAuthServer_WithInvalidCertificate" storage="d:\actions-runner\_work\xpco\xpco\common\videoos.identityserver.common\videoos.identityserver.common.unittests\bin\debug\net47\videoos.identityserver.common.unittests.dll" id="d5efb860-28fa-be3f-9f7b-507708f7d20d">
      <Execution id="1c54b79a-44f1-417c-b59c-221854457fb2" />
      <TestMethod codeBase="D:\actions-runner\_work\XPCO\XPCO\Common\VideoOS.IdentityServer.Common\VideoOS.IdentityServer.Common.UnitTests\bin\Debug\net47\VideoOS.IdentityServer.Common.UnitTests.dll" adapterTypeName="executor://mstestadapter/v2" className="VideoOS.IdentityServer.Common.UnitTests.IdpServerValidationTests" name="ValidateIdpServer_SimulateValidResponseFromPreOAuthServer_WithInvalidCertificate" />
    </UnitTest>
    <UnitTest name="Construct_InvalidIHttpGet_Null_Throws_ArgumentNullException" storage="d:\actions-runner\_work\xpco\xpco\common\videoos.identityserver.common\videoos.identityserver.common.unittests\bin\debug\net47\videoos.identityserver.common.unittests.dll" id="bd6e2c82-85dd-8f11-260e-d6592f779064">
      <Execution id="2af8ac2f-b658-4f51-94a1-4787df60f3e5" />
      <TestMethod codeBase="D:\actions-runner\_work\XPCO\XPCO\Common\VideoOS.IdentityServer.Common\VideoOS.IdentityServer.Common.UnitTests\bin\Debug\net47\VideoOS.IdentityServer.Common.UnitTests.dll" adapterTypeName="executor://mstestadapter/v2" className="VideoOS.IdentityServer.Common.UnitTests.IdpServerValidationTests" name="Construct_InvalidIHttpGet_Null_Throws_ArgumentNullException" />
    </UnitTest>
    <UnitTest name="VerifyEndpointSupportsSsl_InvalidParam_RelativeUri_Throws_ArgumentException" storage="d:\actions-runner\_work\xpco\xpco\common\videoos.identityserver.common\videoos.identityserver.common.unittests\bin\debug\net47\videoos.identityserver.common.unittests.dll" id="7eafd3b9-debc-1a0c-12c6-11d7098cd775">
      <Execution id="c4543eeb-35ce-41b6-bab9-d7010faf2281" />
      <TestMethod codeBase="D:\actions-runner\_work\XPCO\XPCO\Common\VideoOS.IdentityServer.Common\VideoOS.IdentityServer.Common.UnitTests\bin\Debug\net47\VideoOS.IdentityServer.Common.UnitTests.dll" adapterTypeName="executor://mstestadapter/v2" className="VideoOS.IdentityServer.Common.UnitTests.Utilities.SslVerificationTests" name="VerifyEndpointSupportsSsl_InvalidParam_RelativeUri_Throws_ArgumentException" />
    </UnitTest>
    <UnitTest name="Ctor_TypeAndValueIsSet_RequiredClaimIsSet" storage="d:\actions-runner\_work\xpco\xpco\common\videoos.identityserver.common\videoos.identityserver.common.unittests\bin\debug\net47\videoos.identityserver.common.unittests.dll" id="9ee81fd7-67d3-477b-170c-75529c080bdb">
      <Execution id="49329523-2140-42d6-a2e5-3741f462eba0" />
      <TestMethod codeBase="D:\actions-runner\_work\XPCO\XPCO\Common\VideoOS.IdentityServer.Common\VideoOS.IdentityServer.Common.UnitTests\bin\Debug\net47\VideoOS.IdentityServer.Common.UnitTests.dll" adapterTypeName="executor://mstestadapter/v2" className="VideoOS.IdentityServer.Common.UnitTests.ServiceModel.ClaimRequirementAttributeTests" name="Ctor_TypeAndValueIsSet_RequiredClaimIsSet" />
    </UnitTest>
    <UnitTest name="GetUser_ParameterIsNull_ThrowArgumentException (abc,)" storage="d:\actions-runner\_work\xpco\xpco\common\videoos.identityserver.common\videoos.identityserver.common.unittests\bin\debug\net47\videoos.identityserver.common.unittests.dll" id="bc83a862-c72b-e348-034e-0bebd83e892a">
      <Execution id="5fbb43ca-94d6-4418-a7b4-26ac6f813dbb" />
      <TestMethod codeBase="D:\actions-runner\_work\XPCO\XPCO\Common\VideoOS.IdentityServer.Common\VideoOS.IdentityServer.Common.UnitTests\bin\Debug\net47\VideoOS.IdentityServer.Common.UnitTests.dll" adapterTypeName="executor://mstestadapter/v2" className="VideoOS.IdentityServer.Common.UnitTests.Services.IdpAdministrationClientTests" name="GetUser_ParameterIsNull_ThrowArgumentException" />
    </UnitTest>
    <UnitTest name="GetClaimValue_IdTokenRetrieved_ClaimNotThere_ReturnsNull" storage="d:\actions-runner\_work\xpco\xpco\common\videoos.identityserver.common\videoos.identityserver.common.unittests\bin\debug\net47\videoos.identityserver.common.unittests.dll" id="9e0b7fff-6087-8103-bf4a-c343b2ddff7d">
      <Execution id="06420b5c-9af3-4ca8-983c-41217ec0d3ba" />
      <TestMethod codeBase="D:\actions-runner\_work\XPCO\XPCO\Common\VideoOS.IdentityServer.Common\VideoOS.IdentityServer.Common.UnitTests\bin\Debug\net47\VideoOS.IdentityServer.Common.UnitTests.dll" adapterTypeName="executor://mstestadapter/v2" className="VideoOS.IdentityServer.Common.UnitTests.Handlers.IdentityServerToken.SimpleTokenCacheTests" name="GetClaimValue_IdTokenRetrieved_ClaimNotThere_ReturnsNull" />
    </UnitTest>
    <UnitTest name="Constructor_EmptyAccessToken_ThrowsArgumentNullException" storage="d:\actions-runner\_work\xpco\xpco\common\videoos.identityserver.common\videoos.identityserver.common.unittests\bin\debug\net47\videoos.identityserver.common.unittests.dll" id="44cd508c-9285-845c-4b2e-fe943114c39c">
      <Execution id="a178085c-dbe8-438f-8487-d015061e717f" />
      <TestMethod codeBase="D:\actions-runner\_work\XPCO\XPCO\Common\VideoOS.IdentityServer.Common\VideoOS.IdentityServer.Common.UnitTests\bin\Debug\net47\VideoOS.IdentityServer.Common.UnitTests.dll" adapterTypeName="executor://mstestadapter/v2" className="VideoOS.IdentityServer.Common.UnitTests.Utilities.Tokens.IdpTokensTests" name="Constructor_EmptyAccessToken_ThrowsArgumentNullException" />
    </UnitTest>
    <UnitTest name="ValidateIdpServer_PassMultipleUri_ValidateEachWithoutRepeatingTheValidationOnScheme_Success" storage="d:\actions-runner\_work\xpco\xpco\common\videoos.identityserver.common\videoos.identityserver.common.unittests\bin\debug\net47\videoos.identityserver.common.unittests.dll" id="6204f013-e7f4-8462-dc2a-44175020e042">
      <Execution id="f8721fae-fd1b-4bac-aff7-329b0059a484" />
      <TestMethod codeBase="D:\actions-runner\_work\XPCO\XPCO\Common\VideoOS.IdentityServer.Common\VideoOS.IdentityServer.Common.UnitTests\bin\Debug\net47\VideoOS.IdentityServer.Common.UnitTests.dll" adapterTypeName="executor://mstestadapter/v2" className="VideoOS.IdentityServer.Common.UnitTests.IdpServerValidationTests" name="ValidateIdpServer_PassMultipleUri_ValidateEachWithoutRepeatingTheValidationOnScheme_Success" />
    </UnitTest>
    <UnitTest name="Construct_ValidateDefaultTimeoutSentToSslVerification_Success" storage="d:\actions-runner\_work\xpco\xpco\common\videoos.identityserver.common\videoos.identityserver.common.unittests\bin\debug\net47\videoos.identityserver.common.unittests.dll" id="7769836f-b1cd-5510-88a4-b46be0e10342">
      <Execution id="05f9d065-621c-4737-be0a-60d31e0de409" />
      <TestMethod codeBase="D:\actions-runner\_work\XPCO\XPCO\Common\VideoOS.IdentityServer.Common\VideoOS.IdentityServer.Common.UnitTests\bin\Debug\net47\VideoOS.IdentityServer.Common.UnitTests.dll" adapterTypeName="executor://mstestadapter/v2" className="VideoOS.IdentityServer.Common.UnitTests.IdpServerValidationTests" name="Construct_ValidateDefaultTimeoutSentToSslVerification_Success" />
    </UnitTest>
    <UnitTest name="ValidateIdpServer_SimulateValidResponseFromOAuthServer_WithValidCertificate_UnsecureIdpNotAvailable" storage="d:\actions-runner\_work\xpco\xpco\common\videoos.identityserver.common\videoos.identityserver.common.unittests\bin\debug\net47\videoos.identityserver.common.unittests.dll" id="5b17c964-8de5-81fb-e7e8-0037826de418">
      <Execution id="b8afdb74-fef1-4c68-8054-b06c8e07d23a" />
      <TestMethod codeBase="D:\actions-runner\_work\XPCO\XPCO\Common\VideoOS.IdentityServer.Common\VideoOS.IdentityServer.Common.UnitTests\bin\Debug\net47\VideoOS.IdentityServer.Common.UnitTests.dll" adapterTypeName="executor://mstestadapter/v2" className="VideoOS.IdentityServer.Common.UnitTests.IdpServerValidationTests" name="ValidateIdpServer_SimulateValidResponseFromOAuthServer_WithValidCertificate_UnsecureIdpNotAvailable" />
    </UnitTest>
    <UnitTest name="CheckAccess_NoRequiredClaims_ReturnsTrue" storage="d:\actions-runner\_work\xpco\xpco\common\videoos.identityserver.common\videoos.identityserver.common.unittests\bin\debug\net47\videoos.identityserver.common.unittests.dll" id="51ae2f2f-1fc6-42dd-cfea-900de2971e28">
      <Execution id="e10ea8ff-76df-4205-b7c9-0bc1056b0213" />
      <TestMethod codeBase="D:\actions-runner\_work\XPCO\XPCO\Common\VideoOS.IdentityServer.Common\VideoOS.IdentityServer.Common.UnitTests\bin\Debug\net47\VideoOS.IdentityServer.Common.UnitTests.dll" adapterTypeName="executor://mstestadapter/v2" className="VideoOS.IdentityServer.Common.UnitTests.ServiceModel.OpenIdClaimsAuthorizationManagerTests" name="CheckAccess_NoRequiredClaims_ReturnsTrue" />
    </UnitTest>
    <UnitTest name="DeleteLogin_ParameterIsNull_ThrowArgumentException (,abc,abc)" storage="d:\actions-runner\_work\xpco\xpco\common\videoos.identityserver.common\videoos.identityserver.common.unittests\bin\debug\net47\videoos.identityserver.common.unittests.dll" id="8fab2801-8a96-682b-eb75-995f4da50517">
      <Execution id="0c2b26a8-ccb5-40c7-b81e-9886b1263135" />
      <TestMethod codeBase="D:\actions-runner\_work\XPCO\XPCO\Common\VideoOS.IdentityServer.Common\VideoOS.IdentityServer.Common.UnitTests\bin\Debug\net47\VideoOS.IdentityServer.Common.UnitTests.dll" adapterTypeName="executor://mstestadapter/v2" className="VideoOS.IdentityServer.Common.UnitTests.Services.IdpAdministrationClientTests" name="DeleteLogin_ParameterIsNull_ThrowArgumentException" />
    </UnitTest>
    <UnitTest name="methodName_testState_expectedResult" storage="d:\actions-runner\_work\xpco\xpco\common\videoos.identityserver.common\videoos.identityserver.common.unittests\bin\debug\net47\videoos.identityserver.common.unittests.dll" id="0257b952-b68e-ce9d-9d12-e1b7f33eb9e6">
      <Execution id="d61276dd-233f-4cfd-8cbf-8ce1dfcfa5e3" />
      <TestMethod codeBase="D:\actions-runner\_work\XPCO\XPCO\Common\VideoOS.IdentityServer.Common\VideoOS.IdentityServer.Common.UnitTests\bin\Debug\net47\VideoOS.IdentityServer.Common.UnitTests.dll" adapterTypeName="executor://mstestadapter/v2" className="VideoOS.IdentityServer.Common.UnitTests.Handlers.IdentityServerToken.IdentityServerWindowsTokenHandlerTests" name="methodName_testState_expectedResult" />
    </UnitTest>
    <UnitTest name="VerifyEndpointSupportsSsl_InvalidParam_TimeoutBelowMInimum_Throws_ArgumentException" storage="d:\actions-runner\_work\xpco\xpco\common\videoos.identityserver.common\videoos.identityserver.common.unittests\bin\debug\net47\videoos.identityserver.common.unittests.dll" id="29687309-d7e0-0838-a577-9dfd8b70cb79">
      <Execution id="585f764e-cdda-4b7f-a065-9c74445df403" />
      <TestMethod codeBase="D:\actions-runner\_work\XPCO\XPCO\Common\VideoOS.IdentityServer.Common\VideoOS.IdentityServer.Common.UnitTests\bin\Debug\net47\VideoOS.IdentityServer.Common.UnitTests.dll" adapterTypeName="executor://mstestadapter/v2" className="VideoOS.IdentityServer.Common.UnitTests.Utilities.SslVerificationTests" name="VerifyEndpointSupportsSsl_InvalidParam_TimeoutBelowMInimum_Throws_ArgumentException" />
    </UnitTest>
    <UnitTest name="RefreshToken_TokenHandlerReturnsToken_RefreshTokenReturnsToken" storage="d:\actions-runner\_work\xpco\xpco\common\videoos.identityserver.common\videoos.identityserver.common.unittests\bin\debug\net47\videoos.identityserver.common.unittests.dll" id="d313dde6-0806-2abf-bd1c-3417608d3183">
      <Execution id="460dd119-0143-495b-9968-9f0f07caf33a" />
      <TestMethod codeBase="D:\actions-runner\_work\XPCO\XPCO\Common\VideoOS.IdentityServer.Common\VideoOS.IdentityServer.Common.UnitTests\bin\Debug\net47\VideoOS.IdentityServer.Common.UnitTests.dll" adapterTypeName="executor://mstestadapter/v2" className="VideoOS.IdentityServer.Common.UnitTests.Handlers.IdentityServerToken.SimpleTokenCacheTests" name="RefreshToken_TokenHandlerReturnsToken_RefreshTokenReturnsToken" />
    </UnitTest>
    <UnitTest name="BeforeSendRequest_ThrowsTaskCanceledException_ThrowsCommunicationException" storage="d:\actions-runner\_work\xpco\xpco\common\videoos.identityserver.common\videoos.identityserver.common.unittests\bin\debug\net47\videoos.identityserver.common.unittests.dll" id="0eb6bb6a-eef9-422e-dfe1-eec86ae82e59">
      <Execution id="b3c1a768-d33d-4339-95e0-83d098cd4362" />
      <TestMethod codeBase="D:\actions-runner\_work\XPCO\XPCO\Common\VideoOS.IdentityServer.Common\VideoOS.IdentityServer.Common.UnitTests\bin\Debug\net47\VideoOS.IdentityServer.Common.UnitTests.dll" adapterTypeName="executor://mstestadapter/v2" className="VideoOS.IdentityServer.Common.UnitTests.ServiceModel.BearerAuthorizationHeaderInspectorTests" name="BeforeSendRequest_ThrowsTaskCanceledException_ThrowsCommunicationException" />
    </UnitTest>
    <UnitTest name="SendRequest_ResponseHasBadStatusCode_ThrowIdpException (Gone)" storage="d:\actions-runner\_work\xpco\xpco\common\videoos.identityserver.common\videoos.identityserver.common.unittests\bin\debug\net47\videoos.identityserver.common.unittests.dll" id="0316908d-df3c-838f-613a-29a95694fc11">
      <Execution id="6571e520-2029-41e3-a4a7-c499f5a83cb0" />
      <TestMethod codeBase="D:\actions-runner\_work\XPCO\XPCO\Common\VideoOS.IdentityServer.Common\VideoOS.IdentityServer.Common.UnitTests\bin\Debug\net47\VideoOS.IdentityServer.Common.UnitTests.dll" adapterTypeName="executor://mstestadapter/v2" className="VideoOS.IdentityServer.Common.UnitTests.IdpClientBaseTests" name="SendRequest_ResponseHasBadStatusCode_ThrowIdpException" />
    </UnitTest>
    <UnitTest name="ValidateToken_TokenValidationParametersIsNull_ThrowArgumentNullException" storage="d:\actions-runner\_work\xpco\xpco\common\videoos.identityserver.common\videoos.identityserver.common.unittests\bin\debug\net47\videoos.identityserver.common.unittests.dll" id="05652edd-928f-dd7d-e6ce-82417f010b21">
      <Execution id="c45c25dd-3223-4b79-b0ca-64cdc345532c" />
      <TestMethod codeBase="D:\actions-runner\_work\XPCO\XPCO\Common\VideoOS.IdentityServer.Common\VideoOS.IdentityServer.Common.UnitTests\bin\Debug\net47\VideoOS.IdentityServer.Common.UnitTests.dll" adapterTypeName="executor://mstestadapter/v2" className="VideoOS.IdentityServer.Common.UnitTests.JwtSecurityTokenValidatorWithConfigurationManagerTests" name="ValidateToken_TokenValidationParametersIsNull_ThrowArgumentNullException" />
    </UnitTest>
    <UnitTest name="CreateException_ErrorTheSamePasswords_Is_PasswordSameAsOldException" storage="d:\actions-runner\_work\xpco\xpco\common\videoos.identityserver.common\videoos.identityserver.common.unittests\bin\debug\net47\videoos.identityserver.common.unittests.dll" id="25aa6176-148e-f1e7-5c9f-10f279eb31cc">
      <Execution id="be798729-523c-4c4a-81b7-d88bc639612d" />
      <TestMethod codeBase="D:\actions-runner\_work\XPCO\XPCO\Common\VideoOS.IdentityServer.Common\VideoOS.IdentityServer.Common.UnitTests\bin\Debug\net47\VideoOS.IdentityServer.Common.UnitTests.dll" adapterTypeName="executor://mstestadapter/v2" className="VideoOS.IdentityServer.Common.UnitTests.Exceptions.IdpExceptionFactoryTests" name="CreateException_ErrorTheSamePasswords_Is_PasswordSameAsOldException" />
    </UnitTest>
    <UnitTest name="CreateLogin_AccessTokenIsNull_ThrowArgumentException" storage="d:\actions-runner\_work\xpco\xpco\common\videoos.identityserver.common\videoos.identityserver.common.unittests\bin\debug\net47\videoos.identityserver.common.unittests.dll" id="20c79940-9719-f9c5-6819-e1e3e40039dc">
      <Execution id="dbe6433f-d020-4f97-9541-cec1633e939d" />
      <TestMethod codeBase="D:\actions-runner\_work\XPCO\XPCO\Common\VideoOS.IdentityServer.Common\VideoOS.IdentityServer.Common.UnitTests\bin\Debug\net47\VideoOS.IdentityServer.Common.UnitTests.dll" adapterTypeName="executor://mstestadapter/v2" className="VideoOS.IdentityServer.Common.UnitTests.Services.IdpAdministrationClientTests" name="CreateLogin_AccessTokenIsNull_ThrowArgumentException" />
    </UnitTest>
    <UnitTest name="ValidateToken_RefreshIntervalNotReached_CachedConfig" storage="d:\actions-runner\_work\xpco\xpco\common\videoos.identityserver.common\videoos.identityserver.common.unittests\bin\debug\net47\videoos.identityserver.common.unittests.dll" id="0cc1a792-32db-3643-8570-b5f3ee785740">
      <Execution id="9441e29f-4a4f-4dfa-b87c-e31d2c4b9e36" />
      <TestMethod codeBase="D:\actions-runner\_work\XPCO\XPCO\Common\VideoOS.IdentityServer.Common\VideoOS.IdentityServer.Common.UnitTests\bin\Debug\net47\VideoOS.IdentityServer.Common.UnitTests.dll" adapterTypeName="executor://mstestadapter/v2" className="VideoOS.IdentityServer.Common.UnitTests.JwtSecurityTokenValidatorWithConfigurationManagerTests" name="ValidateToken_RefreshIntervalNotReached_CachedConfig" />
    </UnitTest>
    <UnitTest name="GetTokenResponseAsync_HttpStatusIsNotOk_IdpExceptionIsThrown" storage="d:\actions-runner\_work\xpco\xpco\common\videoos.identityserver.common\videoos.identityserver.common.unittests\bin\debug\net47\videoos.identityserver.common.unittests.dll" id="2094e3f3-bb74-95c3-1e50-e6fdef78ea13">
      <Execution id="3d0d19b0-48b3-4cff-af8c-90c2f834be5e" />
      <TestMethod codeBase="D:\actions-runner\_work\XPCO\XPCO\Common\VideoOS.IdentityServer.Common\VideoOS.IdentityServer.Common.UnitTests\bin\Debug\net47\VideoOS.IdentityServer.Common.UnitTests.dll" adapterTypeName="executor://mstestadapter/v2" className="VideoOS.IdentityServer.Common.UnitTests.IdentityServerTokenHandlerTests" name="GetTokenResponseAsync_HttpStatusIsNotOk_IdpExceptionIsThrown" />
    </UnitTest>
    <UnitTest name="CreateException_PasswordRequiresLower_Is_PasswordNotComplexEnoughException" storage="d:\actions-runner\_work\xpco\xpco\common\videoos.identityserver.common\videoos.identityserver.common.unittests\bin\debug\net47\videoos.identityserver.common.unittests.dll" id="65770ab3-18b0-0e9f-399a-f7a04ea6e0e5">
      <Execution id="0742a591-c026-48cd-9873-a00774dc62cf" />
      <TestMethod codeBase="D:\actions-runner\_work\XPCO\XPCO\Common\VideoOS.IdentityServer.Common\VideoOS.IdentityServer.Common.UnitTests\bin\Debug\net47\VideoOS.IdentityServer.Common.UnitTests.dll" adapterTypeName="executor://mstestadapter/v2" className="VideoOS.IdentityServer.Common.UnitTests.Exceptions.IdpExceptionFactoryTests" name="CreateException_PasswordRequiresLower_Is_PasswordNotComplexEnoughException" />
    </UnitTest>
    <UnitTest name="Ctor_AudiencesIsEmpty_DoNotThrowException" storage="d:\actions-runner\_work\xpco\xpco\common\videoos.identityserver.common\videoos.identityserver.common.unittests\bin\debug\net47\videoos.identityserver.common.unittests.dll" id="f0bc3cf2-7e7b-22f4-8d42-04d99e358cfe">
      <Execution id="f2287834-851a-434e-bdd3-6c45691093ca" />
      <TestMethod codeBase="D:\actions-runner\_work\XPCO\XPCO\Common\VideoOS.IdentityServer.Common\VideoOS.IdentityServer.Common.UnitTests\bin\Debug\net47\VideoOS.IdentityServer.Common.UnitTests.dll" adapterTypeName="executor://mstestadapter/v2" className="VideoOS.IdentityServer.Common.UnitTests.OpenIdTokenHandlerTests" name="Ctor_AudiencesIsEmpty_DoNotThrowException" />
    </UnitTest>
    <UnitTest name="CreateException_ModelStateVaidationError_Is_InvalidArgumentsException" storage="d:\actions-runner\_work\xpco\xpco\common\videoos.identityserver.common\videoos.identityserver.common.unittests\bin\debug\net47\videoos.identityserver.common.unittests.dll" id="ab24e2cb-a9e7-696f-52cc-bbef4af32000">
      <Execution id="02c4eb68-7076-4ede-87be-68953a5d24a6" />
      <TestMethod codeBase="D:\actions-runner\_work\XPCO\XPCO\Common\VideoOS.IdentityServer.Common\VideoOS.IdentityServer.Common.UnitTests\bin\Debug\net47\VideoOS.IdentityServer.Common.UnitTests.dll" adapterTypeName="executor://mstestadapter/v2" className="VideoOS.IdentityServer.Common.UnitTests.Exceptions.IdpExceptionFactoryTests" name="CreateException_ModelStateVaidationError_Is_InvalidArgumentsException" />
    </UnitTest>
    <UnitTest name="ValidateToken_Success_ClaimsPrincipal" storage="d:\actions-runner\_work\xpco\xpco\common\videoos.identityserver.common\videoos.identityserver.common.unittests\bin\debug\net47\videoos.identityserver.common.unittests.dll" id="d85ce454-c380-2ac2-ff60-059c934c0c87">
      <Execution id="f2de4d0d-8f1f-42cb-a305-7f5f3787b25c" />
      <TestMethod codeBase="D:\actions-runner\_work\XPCO\XPCO\Common\VideoOS.IdentityServer.Common\VideoOS.IdentityServer.Common.UnitTests\bin\Debug\net47\VideoOS.IdentityServer.Common.UnitTests.dll" adapterTypeName="executor://mstestadapter/v2" className="VideoOS.IdentityServer.Common.UnitTests.JwtSecurityTokenValidatorWithConfigurationManagerTests" name="ValidateToken_Success_ClaimsPrincipal" />
    </UnitTest>
    <UnitTest name="CreateException_PasswordTooShort_Is_PasswordNotComplexEnoughException" storage="d:\actions-runner\_work\xpco\xpco\common\videoos.identityserver.common\videoos.identityserver.common.unittests\bin\debug\net47\videoos.identityserver.common.unittests.dll" id="feb4fa5e-1e90-63a6-9054-269133b16e54">
      <Execution id="4f57eabd-c43b-4b43-a7ea-d70c466f7335" />
      <TestMethod codeBase="D:\actions-runner\_work\XPCO\XPCO\Common\VideoOS.IdentityServer.Common\VideoOS.IdentityServer.Common.UnitTests\bin\Debug\net47\VideoOS.IdentityServer.Common.UnitTests.dll" adapterTypeName="executor://mstestadapter/v2" className="VideoOS.IdentityServer.Common.UnitTests.Exceptions.IdpExceptionFactoryTests" name="CreateException_PasswordTooShort_Is_PasswordNotComplexEnoughException" />
    </UnitTest>
    <UnitTest name="Constructor_NullIdpUrl_ThrowsArgumentNullException" storage="d:\actions-runner\_work\xpco\xpco\common\videoos.identityserver.common\videoos.identityserver.common.unittests\bin\debug\net47\videoos.identityserver.common.unittests.dll" id="320b9240-8de4-6e99-ff14-f9386efd026e">
      <Execution id="83e21767-f01f-4823-96d5-eefdedc8ff1c" />
      <TestMethod codeBase="D:\actions-runner\_work\XPCO\XPCO\Common\VideoOS.IdentityServer.Common\VideoOS.IdentityServer.Common.UnitTests\bin\Debug\net47\VideoOS.IdentityServer.Common.UnitTests.dll" adapterTypeName="executor://mstestadapter/v2" className="VideoOS.IdentityServer.Common.UnitTests.Utilities.Tokens.IdpTokenRetrieverTests" name="Constructor_NullIdpUrl_ThrowsArgumentNullException" />
    </UnitTest>
    <UnitTest name="SendRequest_ResponseHasBadStatusCode_ThrowIdpException (LengthRequired)" storage="d:\actions-runner\_work\xpco\xpco\common\videoos.identityserver.common\videoos.identityserver.common.unittests\bin\debug\net47\videoos.identityserver.common.unittests.dll" id="e537837c-49aa-c37d-6f72-a32aee3a91e2">
      <Execution id="5b2d009f-50bb-4e3c-9fce-31dcd0435843" />
      <TestMethod codeBase="D:\actions-runner\_work\XPCO\XPCO\Common\VideoOS.IdentityServer.Common\VideoOS.IdentityServer.Common.UnitTests\bin\Debug\net47\VideoOS.IdentityServer.Common.UnitTests.dll" adapterTypeName="executor://mstestadapter/v2" className="VideoOS.IdentityServer.Common.UnitTests.IdpClientBaseTests" name="SendRequest_ResponseHasBadStatusCode_ThrowIdpException" />
    </UnitTest>
    <UnitTest name="GetTokenResponse_TokenHandlerDisposedBeforeCall_ObjectDisposedException" storage="d:\actions-runner\_work\xpco\xpco\common\videoos.identityserver.common\videoos.identityserver.common.unittests\bin\debug\net47\videoos.identityserver.common.unittests.dll" id="9161f5e4-37b0-b6bc-22e9-91ccc708f977">
      <Execution id="534bebb3-5108-4e3d-9fba-5d09773915a4" />
      <TestMethod codeBase="D:\actions-runner\_work\XPCO\XPCO\Common\VideoOS.IdentityServer.Common\VideoOS.IdentityServer.Common.UnitTests\bin\Debug\net47\VideoOS.IdentityServer.Common.UnitTests.dll" adapterTypeName="executor://mstestadapter/v2" className="VideoOS.IdentityServer.Common.UnitTests.IdentityServerTokenHandlerTests" name="GetTokenResponse_TokenHandlerDisposedBeforeCall_ObjectDisposedException" />
    </UnitTest>
    <UnitTest name="SendRequest_ResponseHasStatusCode404AndNoErrorResponse_ThrowNotFoundException" storage="d:\actions-runner\_work\xpco\xpco\common\videoos.identityserver.common\videoos.identityserver.common.unittests\bin\debug\net47\videoos.identityserver.common.unittests.dll" id="742536c7-d443-5e0f-b608-8b298fe05c9f">
      <Execution id="057f1a1a-c2e3-44b1-a915-d72ed79a4c68" />
      <TestMethod codeBase="D:\actions-runner\_work\XPCO\XPCO\Common\VideoOS.IdentityServer.Common\VideoOS.IdentityServer.Common.UnitTests\bin\Debug\net47\VideoOS.IdentityServer.Common.UnitTests.dll" adapterTypeName="executor://mstestadapter/v2" className="VideoOS.IdentityServer.Common.UnitTests.IdpClientBaseTests" name="SendRequest_ResponseHasStatusCode404AndNoErrorResponse_ThrowNotFoundException" />
    </UnitTest>
    <UnitTest name="Constructor_BaseAddressIsNull_ThrowArgumentNullException" storage="d:\actions-runner\_work\xpco\xpco\common\videoos.identityserver.common\videoos.identityserver.common.unittests\bin\debug\net47\videoos.identityserver.common.unittests.dll" id="65c35641-c7fa-ea47-734f-c81f8095832e">
      <Execution id="9a0b6cd9-7ce2-44dd-9b4e-32ebfa1dd8ca" />
      <TestMethod codeBase="D:\actions-runner\_work\XPCO\XPCO\Common\VideoOS.IdentityServer.Common\VideoOS.IdentityServer.Common.UnitTests\bin\Debug\net47\VideoOS.IdentityServer.Common.UnitTests.dll" adapterTypeName="executor://mstestadapter/v2" className="VideoOS.IdentityServer.Common.UnitTests.IdpRegistrationClientTests" name="Constructor_BaseAddressIsNull_ThrowArgumentNullException" />
    </UnitTest>
    <UnitTest name="IsTokenExpired_TokenExpiration_ExpiredReturnTrueNotExpiredReturnFalse (1,False)" storage="d:\actions-runner\_work\xpco\xpco\common\videoos.identityserver.common\videoos.identityserver.common.unittests\bin\debug\net47\videoos.identityserver.common.unittests.dll" id="a52b94e3-f309-9a3e-47e5-d2dd4e4b19fa">
      <Execution id="ac35a2bc-9e56-43a8-bac9-2a732f781402" />
      <TestMethod codeBase="D:\actions-runner\_work\XPCO\XPCO\Common\VideoOS.IdentityServer.Common\VideoOS.IdentityServer.Common.UnitTests\bin\Debug\net47\VideoOS.IdentityServer.Common.UnitTests.dll" adapterTypeName="executor://mstestadapter/v2" className="VideoOS.IdentityServer.Common.UnitTests.Handlers.TokenCacheTests" name="IsTokenExpired_TokenExpiration_ExpiredReturnTrueNotExpiredReturnFalse" />
    </UnitTest>
    <UnitTest name="BeforeSendRequest_ThrowsHttpRequestExceptionWithWebException_ThrowsCommunicationException (ProtocolError)" storage="d:\actions-runner\_work\xpco\xpco\common\videoos.identityserver.common\videoos.identityserver.common.unittests\bin\debug\net47\videoos.identityserver.common.unittests.dll" id="8930d882-3bbd-8944-5200-f7a907000dfc">
      <Execution id="c4317f60-a67f-4a5f-a381-2663865c7150" />
      <TestMethod codeBase="D:\actions-runner\_work\XPCO\XPCO\Common\VideoOS.IdentityServer.Common\VideoOS.IdentityServer.Common.UnitTests\bin\Debug\net47\VideoOS.IdentityServer.Common.UnitTests.dll" adapterTypeName="executor://mstestadapter/v2" className="VideoOS.IdentityServer.Common.UnitTests.ServiceModel.BearerAuthorizationHeaderInspectorTests" name="BeforeSendRequest_ThrowsHttpRequestExceptionWithWebException_ThrowsCommunicationException" />
    </UnitTest>
    <UnitTest name="BeforeSendRequest_ThrowsHttpRequestExceptionWithWebException_ThrowsCommunicationException (ConnectionClosed)" storage="d:\actions-runner\_work\xpco\xpco\common\videoos.identityserver.common\videoos.identityserver.common.unittests\bin\debug\net47\videoos.identityserver.common.unittests.dll" id="83028242-f49c-fe61-01aa-89f0e3669d5d">
      <Execution id="3d256c4f-9640-4a20-85a6-cf19c3c14d14" />
      <TestMethod codeBase="D:\actions-runner\_work\XPCO\XPCO\Common\VideoOS.IdentityServer.Common\VideoOS.IdentityServer.Common.UnitTests\bin\Debug\net47\VideoOS.IdentityServer.Common.UnitTests.dll" adapterTypeName="executor://mstestadapter/v2" className="VideoOS.IdentityServer.Common.UnitTests.ServiceModel.BearerAuthorizationHeaderInspectorTests" name="BeforeSendRequest_ThrowsHttpRequestExceptionWithWebException_ThrowsCommunicationException" />
    </UnitTest>
    <UnitTest name="GetTrustedIssuer_AccessTokenIsNull_ThrowArgumentException" storage="d:\actions-runner\_work\xpco\xpco\common\videoos.identityserver.common\videoos.identityserver.common.unittests\bin\debug\net47\videoos.identityserver.common.unittests.dll" id="feea589f-edbd-d65f-71e5-4e5f6aa59dc1">
      <Execution id="878dad96-5464-45f3-a8fa-0cc1f1e61aba" />
      <TestMethod codeBase="D:\actions-runner\_work\XPCO\XPCO\Common\VideoOS.IdentityServer.Common\VideoOS.IdentityServer.Common.UnitTests\bin\Debug\net47\VideoOS.IdentityServer.Common.UnitTests.dll" adapterTypeName="executor://mstestadapter/v2" className="VideoOS.IdentityServer.Common.UnitTests.Services.IdpAdministrationClientTests" name="GetTrustedIssuer_AccessTokenIsNull_ThrowArgumentException" />
    </UnitTest>
    <UnitTest name="ValidateIdpServer_InvalidUri_Null_Throws_ArgumentNullException" storage="d:\actions-runner\_work\xpco\xpco\common\videoos.identityserver.common\videoos.identityserver.common.unittests\bin\debug\net47\videoos.identityserver.common.unittests.dll" id="1edf4c99-c764-95bb-14ad-e4ec565371a3">
      <Execution id="51112d72-f66e-4937-b5f7-01600cda57c4" />
      <TestMethod codeBase="D:\actions-runner\_work\XPCO\XPCO\Common\VideoOS.IdentityServer.Common\VideoOS.IdentityServer.Common.UnitTests\bin\Debug\net47\VideoOS.IdentityServer.Common.UnitTests.dll" adapterTypeName="executor://mstestadapter/v2" className="VideoOS.IdentityServer.Common.UnitTests.IdpServerValidationTests" name="ValidateIdpServer_InvalidUri_Null_Throws_ArgumentNullException" />
    </UnitTest>
    <UnitTest name="CreateException_AdminIdentityNotFound_Is_DuplicateAdminIdentityException" storage="d:\actions-runner\_work\xpco\xpco\common\videoos.identityserver.common\videoos.identityserver.common.unittests\bin\debug\net47\videoos.identityserver.common.unittests.dll" id="bf3ad47a-9250-f8b8-31e2-5fe2764ad9e8">
      <Execution id="c01d2db1-82ce-4ffa-acc3-f2aff2281684" />
      <TestMethod codeBase="D:\actions-runner\_work\XPCO\XPCO\Common\VideoOS.IdentityServer.Common\VideoOS.IdentityServer.Common.UnitTests\bin\Debug\net47\VideoOS.IdentityServer.Common.UnitTests.dll" adapterTypeName="executor://mstestadapter/v2" className="VideoOS.IdentityServer.Common.UnitTests.Exceptions.IdpExceptionFactoryTests" name="CreateException_AdminIdentityNotFound_Is_DuplicateAdminIdentityException" />
    </UnitTest>
    <UnitTest name="GetUserCollection_UserIdsAreNull_ThrowArgumentNullException" storage="d:\actions-runner\_work\xpco\xpco\common\videoos.identityserver.common\videoos.identityserver.common.unittests\bin\debug\net47\videoos.identityserver.common.unittests.dll" id="f58804b4-1c3e-a2cd-9639-d58251748d47">
      <Execution id="5d5f6094-bf4d-4ebd-a027-b6cf33c65f73" />
      <TestMethod codeBase="D:\actions-runner\_work\XPCO\XPCO\Common\VideoOS.IdentityServer.Common\VideoOS.IdentityServer.Common.UnitTests\bin\Debug\net47\VideoOS.IdentityServer.Common.UnitTests.dll" adapterTypeName="executor://mstestadapter/v2" className="VideoOS.IdentityServer.Common.UnitTests.Services.IdpAdministrationClientTests" name="GetUserCollection_UserIdsAreNull_ThrowArgumentNullException" />
    </UnitTest>
    <UnitTest name="Ctor_ScopeIsSet_RequiredClaimHasScopeClaim" storage="d:\actions-runner\_work\xpco\xpco\common\videoos.identityserver.common\videoos.identityserver.common.unittests\bin\debug\net47\videoos.identityserver.common.unittests.dll" id="273070a4-2ffd-9a94-4178-f3727c932514">
      <Execution id="f5f53aef-9fae-4496-af32-1f4a5cfa2383" />
      <TestMethod codeBase="D:\actions-runner\_work\XPCO\XPCO\Common\VideoOS.IdentityServer.Common\VideoOS.IdentityServer.Common.UnitTests\bin\Debug\net47\VideoOS.IdentityServer.Common.UnitTests.dll" adapterTypeName="executor://mstestadapter/v2" className="VideoOS.IdentityServer.Common.UnitTests.ServiceModel.ScopeRequirementAttributeTests" name="Ctor_ScopeIsSet_RequiredClaimHasScopeClaim" />
    </UnitTest>
    <UnitTest name="HandleException_UnexpectedExceptionType_ReturnsFalse" storage="d:\actions-runner\_work\xpco\xpco\common\videoos.identityserver.common\videoos.identityserver.common.unittests\bin\debug\net47\videoos.identityserver.common.unittests.dll" id="4049cd8f-4722-f786-6675-c96c049dafca">
      <Execution id="a71cdce8-c3cf-4510-9da8-0638aa6a9dee" />
      <TestMethod codeBase="D:\actions-runner\_work\XPCO\XPCO\Common\VideoOS.IdentityServer.Common\VideoOS.IdentityServer.Common.UnitTests\bin\Debug\net47\VideoOS.IdentityServer.Common.UnitTests.dll" adapterTypeName="executor://mstestadapter/v2" className="VideoOS.IdentityServer.Common.UnitTests.Utilities.ServerValidation.IdpExceptionHandlerTests" name="HandleException_UnexpectedExceptionType_ReturnsFalse" />
    </UnitTest>
    <UnitTest name="ValidateIdpServer_SimulateValidResponseFromOAuthServer_UnsecureCheckOnly_WithTimeout_ReturnsHttpsSecureConnection" storage="d:\actions-runner\_work\xpco\xpco\common\videoos.identityserver.common\videoos.identityserver.common.unittests\bin\debug\net47\videoos.identityserver.common.unittests.dll" id="1123588b-584b-06b7-cbdb-e5cf3ec64afc">
      <Execution id="93195db6-421c-406d-a691-5046bfaf2b3b" />
      <TestMethod codeBase="D:\actions-runner\_work\XPCO\XPCO\Common\VideoOS.IdentityServer.Common\VideoOS.IdentityServer.Common.UnitTests\bin\Debug\net47\VideoOS.IdentityServer.Common.UnitTests.dll" adapterTypeName="executor://mstestadapter/v2" className="VideoOS.IdentityServer.Common.UnitTests.IdpServerValidationTests" name="ValidateIdpServer_SimulateValidResponseFromOAuthServer_UnsecureCheckOnly_WithTimeout_ReturnsHttpsSecureConnection" />
    </UnitTest>
    <UnitTest name="CreateException_ChangePassword_Is_ChangePasswordException" storage="d:\actions-runner\_work\xpco\xpco\common\videoos.identityserver.common\videoos.identityserver.common.unittests\bin\debug\net47\videoos.identityserver.common.unittests.dll" id="dff6bcfa-7c56-915c-d680-949651ff50ba">
      <Execution id="79bba1d4-defd-4aae-9ba0-bd92138b8299" />
      <TestMethod codeBase="D:\actions-runner\_work\XPCO\XPCO\Common\VideoOS.IdentityServer.Common\VideoOS.IdentityServer.Common.UnitTests\bin\Debug\net47\VideoOS.IdentityServer.Common.UnitTests.dll" adapterTypeName="executor://mstestadapter/v2" className="VideoOS.IdentityServer.Common.UnitTests.Exceptions.IdpExceptionFactoryTests" name="CreateException_ChangePassword_Is_ChangePasswordException" />
    </UnitTest>
    <UnitTest name="ValidateIdpServer_SimulateValidResponseFromOAuthServer_WithValidCertificate_IdpOpenConfigurationNotAvailable" storage="d:\actions-runner\_work\xpco\xpco\common\videoos.identityserver.common\videoos.identityserver.common.unittests\bin\debug\net47\videoos.identityserver.common.unittests.dll" id="1c871e62-fc07-15be-cc5c-68162573f4bc">
      <Execution id="575826e9-a844-4ca9-b228-d81f6819ffbf" />
      <TestMethod codeBase="D:\actions-runner\_work\XPCO\XPCO\Common\VideoOS.IdentityServer.Common\VideoOS.IdentityServer.Common.UnitTests\bin\Debug\net47\VideoOS.IdentityServer.Common.UnitTests.dll" adapterTypeName="executor://mstestadapter/v2" className="VideoOS.IdentityServer.Common.UnitTests.IdpServerValidationTests" name="ValidateIdpServer_SimulateValidResponseFromOAuthServer_WithValidCertificate_IdpOpenConfigurationNotAvailable" />
    </UnitTest>
    <UnitTest name="CreateException_DuplicateEmail_Is_EmailAlreadyExistsException" storage="d:\actions-runner\_work\xpco\xpco\common\videoos.identityserver.common\videoos.identityserver.common.unittests\bin\debug\net47\videoos.identityserver.common.unittests.dll" id="0ae882bf-7b3d-9ae3-2fd3-8f4782af29c4">
      <Execution id="1b707ca0-b363-4337-85d9-f10a1b2af8e3" />
      <TestMethod codeBase="D:\actions-runner\_work\XPCO\XPCO\Common\VideoOS.IdentityServer.Common\VideoOS.IdentityServer.Common.UnitTests\bin\Debug\net47\VideoOS.IdentityServer.Common.UnitTests.dll" adapterTypeName="executor://mstestadapter/v2" className="VideoOS.IdentityServer.Common.UnitTests.Exceptions.IdpExceptionFactoryTests" name="CreateException_DuplicateEmail_Is_EmailAlreadyExistsException" />
    </UnitTest>
    <UnitTest name="IdpTokenClient_NonDefaultCredentials_HttpClientConfiguredToNotUseDefualtCredentials" storage="d:\actions-runner\_work\xpco\xpco\common\videoos.identityserver.common\videoos.identityserver.common.unittests\bin\debug\net47\videoos.identityserver.common.unittests.dll" id="b8901242-2f26-bc70-f843-5bf9455c7828">
      <Execution id="dcc04554-83dc-478b-a8ba-8b2220ea1247" />
      <TestMethod codeBase="D:\actions-runner\_work\XPCO\XPCO\Common\VideoOS.IdentityServer.Common\VideoOS.IdentityServer.Common.UnitTests\bin\Debug\net47\VideoOS.IdentityServer.Common.UnitTests.dll" adapterTypeName="executor://mstestadapter/v2" className="VideoOS.IdentityServer.Common.UnitTests.IdpTokenClientTests" name="IdpTokenClient_NonDefaultCredentials_HttpClientConfiguredToNotUseDefualtCredentials" />
    </UnitTest>
    <UnitTest name="Constructor_ScopeIsNull_ThrowArgumentNullException" storage="d:\actions-runner\_work\xpco\xpco\common\videoos.identityserver.common\videoos.identityserver.common.unittests\bin\debug\net47\videoos.identityserver.common.unittests.dll" id="b05795f0-d2f6-22ea-cbc0-12b777940158">
      <Execution id="b8165973-0bb8-4cb8-91ae-3dc560abb3b5" />
      <TestMethod codeBase="D:\actions-runner\_work\XPCO\XPCO\Common\VideoOS.IdentityServer.Common\VideoOS.IdentityServer.Common.UnitTests\bin\Debug\net47\VideoOS.IdentityServer.Common.UnitTests.dll" adapterTypeName="executor://mstestadapter/v2" className="VideoOS.IdentityServer.Common.UnitTests.IdentityServerTokenHandlerTests" name="Constructor_ScopeIsNull_ThrowArgumentNullException" />
    </UnitTest>
    <UnitTest name="IsTokenExpired_TokenExpiration_ExpiredReturnTrueNotExpiredReturnFalse (1,False)" storage="d:\actions-runner\_work\xpco\xpco\common\videoos.identityserver.common\videoos.identityserver.common.unittests\bin\debug\net47\videoos.identityserver.common.unittests.dll" id="1441b80a-d34b-716a-62ff-daf3315612e2">
      <Execution id="7aab236e-7799-47d0-bf1e-b2e9cdaad9fe" />
      <TestMethod codeBase="D:\actions-runner\_work\XPCO\XPCO\Common\VideoOS.IdentityServer.Common\VideoOS.IdentityServer.Common.UnitTests\bin\Debug\net47\VideoOS.IdentityServer.Common.UnitTests.dll" adapterTypeName="executor://mstestadapter/v2" className="VideoOS.IdentityServer.Common.UnitTests.Handlers.IdentityServerToken.SimpleTokenCacheTests" name="IsTokenExpired_TokenExpiration_ExpiredReturnTrueNotExpiredReturnFalse" />
    </UnitTest>
    <UnitTest name="Constructor_NullTrustedToken_ThrowsArgumentNullException" storage="d:\actions-runner\_work\xpco\xpco\common\videoos.identityserver.common\videoos.identityserver.common.unittests\bin\debug\net47\videoos.identityserver.common.unittests.dll" id="cb270c9a-018c-ca10-c7ca-7967670c892b">
      <Execution id="3e0bded4-6231-4020-9736-15def7f55ea3" />
      <TestMethod codeBase="D:\actions-runner\_work\XPCO\XPCO\Common\VideoOS.IdentityServer.Common\VideoOS.IdentityServer.Common.UnitTests\bin\Debug\net47\VideoOS.IdentityServer.Common.UnitTests.dll" adapterTypeName="executor://mstestadapter/v2" className="VideoOS.IdentityServer.Common.UnitTests.ExchangeTokenHandlerTests" name="Constructor_NullTrustedToken_ThrowsArgumentNullException" />
    </UnitTest>
    <UnitTest name="VerifyEndpointSupportsSsl_InvalidParam_Null_ValidTimeout_Throws_ArgumentNullException" storage="d:\actions-runner\_work\xpco\xpco\common\videoos.identityserver.common\videoos.identityserver.common.unittests\bin\debug\net47\videoos.identityserver.common.unittests.dll" id="d31208f6-32e8-d301-b39b-41ee13f7023e">
      <Execution id="1859ab7b-d88a-4e74-b599-fa63cd1223fe" />
      <TestMethod codeBase="D:\actions-runner\_work\XPCO\XPCO\Common\VideoOS.IdentityServer.Common\VideoOS.IdentityServer.Common.UnitTests\bin\Debug\net47\VideoOS.IdentityServer.Common.UnitTests.dll" adapterTypeName="executor://mstestadapter/v2" className="VideoOS.IdentityServer.Common.UnitTests.Utilities.SslVerificationTests" name="VerifyEndpointSupportsSsl_InvalidParam_Null_ValidTimeout_Throws_ArgumentNullException" />
    </UnitTest>
    <UnitTest name="GetClaimValue_IdTokenNotRetrieved_Throws_InvalidOperationException" storage="d:\actions-runner\_work\xpco\xpco\common\videoos.identityserver.common\videoos.identityserver.common.unittests\bin\debug\net47\videoos.identityserver.common.unittests.dll" id="41159a03-c027-b654-a27a-5a7d8d8246d9">
      <Execution id="d3c02139-39da-40ad-b47d-34a46e91dd8c" />
      <TestMethod codeBase="D:\actions-runner\_work\XPCO\XPCO\Common\VideoOS.IdentityServer.Common\VideoOS.IdentityServer.Common.UnitTests\bin\Debug\net47\VideoOS.IdentityServer.Common.UnitTests.dll" adapterTypeName="executor://mstestadapter/v2" className="VideoOS.IdentityServer.Common.UnitTests.Handlers.TokenCacheTests" name="GetClaimValue_IdTokenNotRetrieved_Throws_InvalidOperationException" />
    </UnitTest>
    <UnitTest name="CreateException_404_UserNotFound_Is_UserNotFoundException" storage="d:\actions-runner\_work\xpco\xpco\common\videoos.identityserver.common\videoos.identityserver.common.unittests\bin\debug\net47\videoos.identityserver.common.unittests.dll" id="5ac69b1a-a384-bee2-381f-56a296f2c282">
      <Execution id="06f341c4-db40-4b28-8710-c31f3d4ad1e1" />
      <TestMethod codeBase="D:\actions-runner\_work\XPCO\XPCO\Common\VideoOS.IdentityServer.Common\VideoOS.IdentityServer.Common.UnitTests\bin\Debug\net47\VideoOS.IdentityServer.Common.UnitTests.dll" adapterTypeName="executor://mstestadapter/v2" className="VideoOS.IdentityServer.Common.UnitTests.Exceptions.IdpExceptionFactoryTests" name="CreateException_404_UserNotFound_Is_UserNotFoundException" />
    </UnitTest>
    <UnitTest name="Ctor_AudiencesIsNull_ThrowsArgumentNullException" storage="d:\actions-runner\_work\xpco\xpco\common\videoos.identityserver.common\videoos.identityserver.common.unittests\bin\debug\net47\videoos.identityserver.common.unittests.dll" id="9c36fd41-e765-81f6-df8e-f462ee2c6552">
      <Execution id="92d31f8f-c178-4bba-9264-5a035a186812" />
      <TestMethod codeBase="D:\actions-runner\_work\XPCO\XPCO\Common\VideoOS.IdentityServer.Common\VideoOS.IdentityServer.Common.UnitTests\bin\Debug\net47\VideoOS.IdentityServer.Common.UnitTests.dll" adapterTypeName="executor://mstestadapter/v2" className="VideoOS.IdentityServer.Common.UnitTests.OpenIdTokenHandlerTests" name="Ctor_AudiencesIsNull_ThrowsArgumentNullException" />
    </UnitTest>
    <UnitTest name="RegisterClient_AccessTokenIsNull_ThrowArgumentException" storage="d:\actions-runner\_work\xpco\xpco\common\videoos.identityserver.common\videoos.identityserver.common.unittests\bin\debug\net47\videoos.identityserver.common.unittests.dll" id="083062ca-22b3-f842-aa3b-2548ef3b2afa">
      <Execution id="a6cc297d-6411-47a3-8597-0f2b4bec1c60" />
      <TestMethod codeBase="D:\actions-runner\_work\XPCO\XPCO\Common\VideoOS.IdentityServer.Common\VideoOS.IdentityServer.Common.UnitTests\bin\Debug\net47\VideoOS.IdentityServer.Common.UnitTests.dll" adapterTypeName="executor://mstestadapter/v2" className="VideoOS.IdentityServer.Common.UnitTests.IdpRegistrationClientTests" name="RegisterClient_AccessTokenIsNull_ThrowArgumentException" />
    </UnitTest>
    <UnitTest name="ValidateIdpServer_CancellationRequest_ShouldThrow" storage="d:\actions-runner\_work\xpco\xpco\common\videoos.identityserver.common\videoos.identityserver.common.unittests\bin\debug\net47\videoos.identityserver.common.unittests.dll" id="04ba112f-e345-0314-e5a5-bfdf9ebd97a8">
      <Execution id="e4deb944-8f36-4f40-b8f1-a50f3e8ee04d" />
      <TestMethod codeBase="D:\actions-runner\_work\XPCO\XPCO\Common\VideoOS.IdentityServer.Common\VideoOS.IdentityServer.Common.UnitTests\bin\Debug\net47\VideoOS.IdentityServer.Common.UnitTests.dll" adapterTypeName="executor://mstestadapter/v2" className="VideoOS.IdentityServer.Common.UnitTests.IdpDiscoveryServiceTests" name="ValidateIdpServer_CancellationRequest_ShouldThrow" />
    </UnitTest>
    <UnitTest name="Constructor_NullAccessToken_ThrowsArgumentNullException" storage="d:\actions-runner\_work\xpco\xpco\common\videoos.identityserver.common\videoos.identityserver.common.unittests\bin\debug\net47\videoos.identityserver.common.unittests.dll" id="ad89ac24-24de-f6bb-8252-5fda23ce2272">
      <Execution id="4ceae130-9e5e-4201-904f-7aa2d0fc2558" />
      <TestMethod codeBase="D:\actions-runner\_work\XPCO\XPCO\Common\VideoOS.IdentityServer.Common\VideoOS.IdentityServer.Common.UnitTests\bin\Debug\net47\VideoOS.IdentityServer.Common.UnitTests.dll" adapterTypeName="executor://mstestadapter/v2" className="VideoOS.IdentityServer.Common.UnitTests.Utilities.Tokens.IdpTokensTests" name="Constructor_NullAccessToken_ThrowsArgumentNullException" />
    </UnitTest>
    <UnitTest name="ValidateIdpServer_SimulateValidResponseFrom_WithNonStandardPortAndNoScheme_AgainstVersionNotSupportingOauth_Success" storage="d:\actions-runner\_work\xpco\xpco\common\videoos.identityserver.common\videoos.identityserver.common.unittests\bin\debug\net47\videoos.identityserver.common.unittests.dll" id="34f3be5c-39ef-6e9c-dee7-38b37313e24c">
      <Execution id="b7f194c4-f46e-457b-a4df-8fc49e4447f3" />
      <TestMethod codeBase="D:\actions-runner\_work\XPCO\XPCO\Common\VideoOS.IdentityServer.Common\VideoOS.IdentityServer.Common.UnitTests\bin\Debug\net47\VideoOS.IdentityServer.Common.UnitTests.dll" adapterTypeName="executor://mstestadapter/v2" className="VideoOS.IdentityServer.Common.UnitTests.IdpServerValidationTests" name="ValidateIdpServer_SimulateValidResponseFrom_WithNonStandardPortAndNoScheme_AgainstVersionNotSupportingOauth_Success" />
    </UnitTest>
    <UnitTest name="GetEventLogs_AccessTokenNull_ThrowsArgumentNullException" storage="d:\actions-runner\_work\xpco\xpco\common\videoos.identityserver.common\videoos.identityserver.common.unittests\bin\debug\net47\videoos.identityserver.common.unittests.dll" id="64ce3878-ca47-8b99-d700-14791eaa9c40">
      <Execution id="213346e9-e33c-465b-882c-1753a3a3e6a5" />
      <TestMethod codeBase="D:\actions-runner\_work\XPCO\XPCO\Common\VideoOS.IdentityServer.Common\VideoOS.IdentityServer.Common.UnitTests\bin\Debug\net47\VideoOS.IdentityServer.Common.UnitTests.dll" adapterTypeName="executor://mstestadapter/v2" className="VideoOS.IdentityServer.Common.UnitTests.Services.IdpAdministrationClientTests" name="GetEventLogs_AccessTokenNull_ThrowsArgumentNullException" />
    </UnitTest>
    <UnitTest name="SendRequest_ResponseHasBadStatusCode_ThrowIdpException (PreconditionFailed)" storage="d:\actions-runner\_work\xpco\xpco\common\videoos.identityserver.common\videoos.identityserver.common.unittests\bin\debug\net47\videoos.identityserver.common.unittests.dll" id="668c76c9-4bf1-dcc1-807a-f065424f58ba">
      <Execution id="408de5d2-7dab-47cd-a7b7-87e3b75144f4" />
      <TestMethod codeBase="D:\actions-runner\_work\XPCO\XPCO\Common\VideoOS.IdentityServer.Common\VideoOS.IdentityServer.Common.UnitTests\bin\Debug\net47\VideoOS.IdentityServer.Common.UnitTests.dll" adapterTypeName="executor://mstestadapter/v2" className="VideoOS.IdentityServer.Common.UnitTests.IdpClientBaseTests" name="SendRequest_ResponseHasBadStatusCode_ThrowIdpException" />
    </UnitTest>
    <UnitTest name="CheckAccess_PrincipalHasCorrectScopeClaim_ReturnsTrue (abc,ABC)" storage="d:\actions-runner\_work\xpco\xpco\common\videoos.identityserver.common\videoos.identityserver.common.unittests\bin\debug\net47\videoos.identityserver.common.unittests.dll" id="3257b61e-ecc1-ecc4-fcd4-340f5d424a71">
      <Execution id="7e337b11-0c12-40ad-90b4-9deaeae8dab8" />
      <TestMethod codeBase="D:\actions-runner\_work\XPCO\XPCO\Common\VideoOS.IdentityServer.Common\VideoOS.IdentityServer.Common.UnitTests\bin\Debug\net47\VideoOS.IdentityServer.Common.UnitTests.dll" adapterTypeName="executor://mstestadapter/v2" className="VideoOS.IdentityServer.Common.UnitTests.ServiceModel.OpenIdClaimsAuthorizationManagerTests" name="CheckAccess_PrincipalHasCorrectScopeClaim_ReturnsTrue" />
    </UnitTest>
    <UnitTest name="Construct_InvalidParam_GrantType_Null_Throws_ArgumentNullException" storage="d:\actions-runner\_work\xpco\xpco\common\videoos.identityserver.common\videoos.identityserver.common.unittests\bin\debug\net47\videoos.identityserver.common.unittests.dll" id="6fb4517f-b4e4-4771-fc0a-9b00bebd656e">
      <Execution id="2aa961ae-1836-448b-804a-c3370be4d701" />
      <TestMethod codeBase="D:\actions-runner\_work\XPCO\XPCO\Common\VideoOS.IdentityServer.Common\VideoOS.IdentityServer.Common.UnitTests\bin\Debug\net47\VideoOS.IdentityServer.Common.UnitTests.dll" adapterTypeName="executor://mstestadapter/v2" className="VideoOS.IdentityServer.Common.UnitTests.Handlers.IdentityServerToken.IdentityServerClientSettingsTests" name="Construct_InvalidParam_GrantType_Null_Throws_ArgumentNullException" />
    </UnitTest>
    <UnitTest name="UpdateUser_ResponseHasSuccessfulStatusCode_CorrectRequestUriIsPassedAndUserIsReturned" storage="d:\actions-runner\_work\xpco\xpco\common\videoos.identityserver.common\videoos.identityserver.common.unittests\bin\debug\net47\videoos.identityserver.common.unittests.dll" id="fc0fef98-8b80-5ef6-59d2-fe46d77e15c0">
      <Execution id="456e3bd2-159e-4394-8a1a-46124c2c3fb2" />
      <TestMethod codeBase="D:\actions-runner\_work\XPCO\XPCO\Common\VideoOS.IdentityServer.Common\VideoOS.IdentityServer.Common.UnitTests\bin\Debug\net47\VideoOS.IdentityServer.Common.UnitTests.dll" adapterTypeName="executor://mstestadapter/v2" className="VideoOS.IdentityServer.Common.UnitTests.Services.IdpAdministrationClientTests" name="UpdateUser_ResponseHasSuccessfulStatusCode_CorrectRequestUriIsPassedAndUserIsReturned" />
    </UnitTest>
    <UnitTest name="ValidateFasterIdpServerOnBothSchemas_WorkingHttpAddressAndCancellationRequest_ShouldCancelAndReturnEmptyResult" storage="d:\actions-runner\_work\xpco\xpco\common\videoos.identityserver.common\videoos.identityserver.common.unittests\bin\debug\net47\videoos.identityserver.common.unittests.dll" id="7102ede2-c297-16f6-bd79-a261e9a0ab55">
      <Execution id="a61e7669-5a6e-428c-bd28-78465b6d22ea" />
      <TestMethod codeBase="D:\actions-runner\_work\XPCO\XPCO\Common\VideoOS.IdentityServer.Common\VideoOS.IdentityServer.Common.UnitTests\bin\Debug\net47\VideoOS.IdentityServer.Common.UnitTests.dll" adapterTypeName="executor://mstestadapter/v2" className="VideoOS.IdentityServer.Common.UnitTests.IdpDiscoveryServiceTests" name="ValidateFasterIdpServerOnBothSchemas_WorkingHttpAddressAndCancellationRequest_ShouldCancelAndReturnEmptyResult" />
    </UnitTest>
    <UnitTest name="GetUsersAfterModifiedDate_DateTimeIsSet_UriQueryContainsTheFilter" storage="d:\actions-runner\_work\xpco\xpco\common\videoos.identityserver.common\videoos.identityserver.common.unittests\bin\debug\net47\videoos.identityserver.common.unittests.dll" id="d35048be-1680-5fe1-6d7b-c9c557f71eff">
      <Execution id="afd5ec15-e3ba-46ba-84d4-012b0c1a059d" />
      <TestMethod codeBase="D:\actions-runner\_work\XPCO\XPCO\Common\VideoOS.IdentityServer.Common\VideoOS.IdentityServer.Common.UnitTests\bin\Debug\net47\VideoOS.IdentityServer.Common.UnitTests.dll" adapterTypeName="executor://mstestadapter/v2" className="VideoOS.IdentityServer.Common.UnitTests.Services.IdpAdministrationClientTests" name="GetUsersAfterModifiedDate_DateTimeIsSet_UriQueryContainsTheFilter" />
    </UnitTest>
    <UnitTest name="HasValidScheme_UriIsNetPipe_ReturnsTrue" storage="d:\actions-runner\_work\xpco\xpco\common\videoos.identityserver.common\videoos.identityserver.common.unittests\bin\debug\net47\videoos.identityserver.common.unittests.dll" id="ecb758fe-0180-464c-e553-3e17f3a94b1f">
      <Execution id="bc31f35c-68ae-461f-8461-acf55a9a1bca" />
      <TestMethod codeBase="D:\actions-runner\_work\XPCO\XPCO\Common\VideoOS.IdentityServer.Common\VideoOS.IdentityServer.Common.UnitTests\bin\Debug\net47\VideoOS.IdentityServer.Common.UnitTests.dll" adapterTypeName="executor://mstestadapter/v2" className="VideoOS.IdentityServer.Common.UnitTests.Utilities.ServerValidation.UriExtenderTests" name="HasValidScheme_UriIsNetPipe_ReturnsTrue" />
    </UnitTest>
    <UnitTest name="ValidateIdpServer_SimulateValidResponseFromOAuthServer_WithValidCertificateAndUserPortWithNoScheme_ReturnsHttpsSecureConnection" storage="d:\actions-runner\_work\xpco\xpco\common\videoos.identityserver.common\videoos.identityserver.common.unittests\bin\debug\net47\videoos.identityserver.common.unittests.dll" id="d41a3cc4-b17c-f696-0087-3606dad36b9b">
      <Execution id="d1099ab4-0649-4716-a11a-1ebfbcea594a" />
      <TestMethod codeBase="D:\actions-runner\_work\XPCO\XPCO\Common\VideoOS.IdentityServer.Common\VideoOS.IdentityServer.Common.UnitTests\bin\Debug\net47\VideoOS.IdentityServer.Common.UnitTests.dll" adapterTypeName="executor://mstestadapter/v2" className="VideoOS.IdentityServer.Common.UnitTests.IdpServerValidationTests" name="ValidateIdpServer_SimulateValidResponseFromOAuthServer_WithValidCertificateAndUserPortWithNoScheme_ReturnsHttpsSecureConnection" />
    </UnitTest>
    <UnitTest name="RegisterClient_ResponseHasSuccessfulStatusCode_CorrectRequestUriIsPassedAndModelWithSecretIsReturned" storage="d:\actions-runner\_work\xpco\xpco\common\videoos.identityserver.common\videoos.identityserver.common.unittests\bin\debug\net47\videoos.identityserver.common.unittests.dll" id="d500cfda-0f9f-e179-c72f-1f44e45838d9">
      <Execution id="53fbaccd-39c7-4341-bfb7-c83db33cca8b" />
      <TestMethod codeBase="D:\actions-runner\_work\XPCO\XPCO\Common\VideoOS.IdentityServer.Common\VideoOS.IdentityServer.Common.UnitTests\bin\Debug\net47\VideoOS.IdentityServer.Common.UnitTests.dll" adapterTypeName="executor://mstestadapter/v2" className="VideoOS.IdentityServer.Common.UnitTests.IdpRegistrationClientTests" name="RegisterClient_ResponseHasSuccessfulStatusCode_CorrectRequestUriIsPassedAndModelWithSecretIsReturned" />
    </UnitTest>
    <UnitTest name="VerifyEndpointSupportsSsl_InvalidParam_RelativeUri_ValidTimeout_Throws_ArgumentException" storage="d:\actions-runner\_work\xpco\xpco\common\videoos.identityserver.common\videoos.identityserver.common.unittests\bin\debug\net47\videoos.identityserver.common.unittests.dll" id="063fc5d6-7093-4898-586d-f7c91da3d90a">
      <Execution id="ccbc84c2-9629-4413-8f23-08625bd0c0c1" />
      <TestMethod codeBase="D:\actions-runner\_work\XPCO\XPCO\Common\VideoOS.IdentityServer.Common\VideoOS.IdentityServer.Common.UnitTests\bin\Debug\net47\VideoOS.IdentityServer.Common.UnitTests.dll" adapterTypeName="executor://mstestadapter/v2" className="VideoOS.IdentityServer.Common.UnitTests.Utilities.SslVerificationTests" name="VerifyEndpointSupportsSsl_InvalidParam_RelativeUri_ValidTimeout_Throws_ArgumentException" />
    </UnitTest>
    <UnitTest name="RefreshToken_IdTokenNotRetrieved_NoError" storage="d:\actions-runner\_work\xpco\xpco\common\videoos.identityserver.common\videoos.identityserver.common.unittests\bin\debug\net47\videoos.identityserver.common.unittests.dll" id="ee5160b1-3233-41e0-3299-0425a39eeee5">
      <Execution id="2064546f-6e55-4985-abc7-c66ee6040f8e" />
      <TestMethod codeBase="D:\actions-runner\_work\XPCO\XPCO\Common\VideoOS.IdentityServer.Common\VideoOS.IdentityServer.Common.UnitTests\bin\Debug\net47\VideoOS.IdentityServer.Common.UnitTests.dll" adapterTypeName="executor://mstestadapter/v2" className="VideoOS.IdentityServer.Common.UnitTests.Handlers.IdentityServerToken.SimpleTokenCacheTests" name="RefreshToken_IdTokenNotRetrieved_NoError" />
    </UnitTest>
    <UnitTest name="SendRequest_ResponseHasBadStatusCode_ThrowIdpException (NotAcceptable)" storage="d:\actions-runner\_work\xpco\xpco\common\videoos.identityserver.common\videoos.identityserver.common.unittests\bin\debug\net47\videoos.identityserver.common.unittests.dll" id="18cc13e9-00f7-9f54-e05b-755de4a3190e">
      <Execution id="62905297-10da-4e78-9cd3-8d260541003b" />
      <TestMethod codeBase="D:\actions-runner\_work\XPCO\XPCO\Common\VideoOS.IdentityServer.Common\VideoOS.IdentityServer.Common.UnitTests\bin\Debug\net47\VideoOS.IdentityServer.Common.UnitTests.dll" adapterTypeName="executor://mstestadapter/v2" className="VideoOS.IdentityServer.Common.UnitTests.IdpClientBaseTests" name="SendRequest_ResponseHasBadStatusCode_ThrowIdpException" />
    </UnitTest>
    <UnitTest name="SendRequest_ResponseHasBadStatusCode_ThrowIdpException (UnsupportedMediaType)" storage="d:\actions-runner\_work\xpco\xpco\common\videoos.identityserver.common\videoos.identityserver.common.unittests\bin\debug\net47\videoos.identityserver.common.unittests.dll" id="a9b2f3e1-2fa9-2844-278a-1ff95a3cd450">
      <Execution id="93cd4af3-0a5a-4e0d-85ea-a7b4d9897952" />
      <TestMethod codeBase="D:\actions-runner\_work\XPCO\XPCO\Common\VideoOS.IdentityServer.Common\VideoOS.IdentityServer.Common.UnitTests\bin\Debug\net47\VideoOS.IdentityServer.Common.UnitTests.dll" adapterTypeName="executor://mstestadapter/v2" className="VideoOS.IdentityServer.Common.UnitTests.IdpClientBaseTests" name="SendRequest_ResponseHasBadStatusCode_ThrowIdpException" />
    </UnitTest>
    <UnitTest name="Construct_InvalidParam_ClientId_Null_Throws_ArgumentNullException" storage="d:\actions-runner\_work\xpco\xpco\common\videoos.identityserver.common\videoos.identityserver.common.unittests\bin\debug\net47\videoos.identityserver.common.unittests.dll" id="d5b3be23-e24d-3907-6e80-ddd593570613">
      <Execution id="cf77e70f-a182-48d3-bd5f-dde3ec09cf99" />
      <TestMethod codeBase="D:\actions-runner\_work\XPCO\XPCO\Common\VideoOS.IdentityServer.Common\VideoOS.IdentityServer.Common.UnitTests\bin\Debug\net47\VideoOS.IdentityServer.Common.UnitTests.dll" adapterTypeName="executor://mstestadapter/v2" className="VideoOS.IdentityServer.Common.UnitTests.Handlers.IdentityServerToken.IdentityServerClientSettingsTests" name="Construct_InvalidParam_ClientId_Null_Throws_ArgumentNullException" />
    </UnitTest>
    <UnitTest name="SendRequest_StatusCodeIsOk_ReturnDeserializedObject" storage="d:\actions-runner\_work\xpco\xpco\common\videoos.identityserver.common\videoos.identityserver.common.unittests\bin\debug\net47\videoos.identityserver.common.unittests.dll" id="22b22ab0-28ad-dcc3-3c47-956fecf0f862">
      <Execution id="6882473d-8c02-485a-8552-00cb93fed745" />
      <TestMethod codeBase="D:\actions-runner\_work\XPCO\XPCO\Common\VideoOS.IdentityServer.Common\VideoOS.IdentityServer.Common.UnitTests\bin\Debug\net47\VideoOS.IdentityServer.Common.UnitTests.dll" adapterTypeName="executor://mstestadapter/v2" className="VideoOS.IdentityServer.Common.UnitTests.IdpClientBaseTests" name="SendRequest_StatusCodeIsOk_ReturnDeserializedObject" />
    </UnitTest>
    <UnitTest name="ValidateToken_MetaDataLoadNotDelayed_MetaDataLoadNotDelayed" storage="d:\actions-runner\_work\xpco\xpco\common\videoos.identityserver.common\videoos.identityserver.common.unittests\bin\debug\net47\videoos.identityserver.common.unittests.dll" id="a1533602-6410-91ea-863d-c06356133eae">
      <Execution id="75f4f8ce-8092-4a9d-87ba-31457ca5804a" />
      <TestMethod codeBase="D:\actions-runner\_work\XPCO\XPCO\Common\VideoOS.IdentityServer.Common\VideoOS.IdentityServer.Common.UnitTests\bin\Debug\net47\VideoOS.IdentityServer.Common.UnitTests.dll" adapterTypeName="executor://mstestadapter/v2" className="VideoOS.IdentityServer.Common.UnitTests.JwtSecurityTokenValidatorWithConfigurationManagerTests" name="ValidateToken_MetaDataLoadNotDelayed_MetaDataLoadNotDelayed" />
    </UnitTest>
    <UnitTest name="Construct_WithUri_IsErrorFalse" storage="d:\actions-runner\_work\xpco\xpco\common\videoos.identityserver.common\videoos.identityserver.common.unittests\bin\debug\net47\videoos.identityserver.common.unittests.dll" id="bc6f6cb5-f7c9-e3db-d707-a236ceb509b9">
      <Execution id="6f819bb7-7c04-48a4-ad74-8d4d9d71d895" />
      <TestMethod codeBase="D:\actions-runner\_work\XPCO\XPCO\Common\VideoOS.IdentityServer.Common\VideoOS.IdentityServer.Common.UnitTests\bin\Debug\net47\VideoOS.IdentityServer.Common.UnitTests.dll" adapterTypeName="executor://mstestadapter/v2" className="VideoOS.IdentityServer.Common.UnitTests.DiscoveryResponseTests" name="Construct_WithUri_IsErrorFalse" />
    </UnitTest>
    <UnitTest name="ValidateIdpServer_SimulateInvalidResponseFromPreOAuthServer_CallIsCurrentVersion_Throws_InvalidOperationException" storage="d:\actions-runner\_work\xpco\xpco\common\videoos.identityserver.common\videoos.identityserver.common.unittests\bin\debug\net47\videoos.identityserver.common.unittests.dll" id="9272183c-1f20-60d5-550e-a9927fe14301">
      <Execution id="259784e2-9ffe-470e-b2b2-04c9af33ffa2" />
      <TestMethod codeBase="D:\actions-runner\_work\XPCO\XPCO\Common\VideoOS.IdentityServer.Common\VideoOS.IdentityServer.Common.UnitTests\bin\Debug\net47\VideoOS.IdentityServer.Common.UnitTests.dll" adapterTypeName="executor://mstestadapter/v2" className="VideoOS.IdentityServer.Common.UnitTests.IdpServerValidationTests" name="ValidateIdpServer_SimulateInvalidResponseFromPreOAuthServer_CallIsCurrentVersion_Throws_InvalidOperationException" />
    </UnitTest>
    <UnitTest name="GetTokenResponseAsync_TokenResponseIsOk_TokenResponseIsReturned" storage="d:\actions-runner\_work\xpco\xpco\common\videoos.identityserver.common\videoos.identityserver.common.unittests\bin\debug\net47\videoos.identityserver.common.unittests.dll" id="22db2a0a-aa8a-2a11-0ea7-22ee10a4b12c">
      <Execution id="3daeaa68-c387-41e9-a89c-333813f34da2" />
      <TestMethod codeBase="D:\actions-runner\_work\XPCO\XPCO\Common\VideoOS.IdentityServer.Common\VideoOS.IdentityServer.Common.UnitTests\bin\Debug\net47\VideoOS.IdentityServer.Common.UnitTests.dll" adapterTypeName="executor://mstestadapter/v2" className="VideoOS.IdentityServer.Common.UnitTests.IdentityServerTokenHandlerTests" name="GetTokenResponseAsync_TokenResponseIsOk_TokenResponseIsReturned" />
    </UnitTest>
    <UnitTest name="BeforeSendRequest_ThrowsHttpRequestExceptionWithWebException_ThrowsCommunicationException (TrustFailure)" storage="d:\actions-runner\_work\xpco\xpco\common\videoos.identityserver.common\videoos.identityserver.common.unittests\bin\debug\net47\videoos.identityserver.common.unittests.dll" id="ecc460ca-dce5-f2c1-27e1-c58351216caa">
      <Execution id="bda442e1-3dd2-49a6-8240-08c6e3701595" />
      <TestMethod codeBase="D:\actions-runner\_work\XPCO\XPCO\Common\VideoOS.IdentityServer.Common\VideoOS.IdentityServer.Common.UnitTests\bin\Debug\net47\VideoOS.IdentityServer.Common.UnitTests.dll" adapterTypeName="executor://mstestadapter/v2" className="VideoOS.IdentityServer.Common.UnitTests.ServiceModel.BearerAuthorizationHeaderInspectorTests" name="BeforeSendRequest_ThrowsHttpRequestExceptionWithWebException_ThrowsCommunicationException" />
    </UnitTest>
    <UnitTest name="RegisterAuthorizationCodeClientWithToken_ResponseHasSuccessfulStatusCode_CorrectRequestUriIsPassedWithoutSecret" storage="d:\actions-runner\_work\xpco\xpco\common\videoos.identityserver.common\videoos.identityserver.common.unittests\bin\debug\net47\videoos.identityserver.common.unittests.dll" id="cb3d0d63-a156-b025-1c90-4a3dc7841ffd">
      <Execution id="d6bdba12-1c6d-4215-b034-6ac323ce3acd" />
      <TestMethod codeBase="D:\actions-runner\_work\XPCO\XPCO\Common\VideoOS.IdentityServer.Common\VideoOS.IdentityServer.Common.UnitTests\bin\Debug\net47\VideoOS.IdentityServer.Common.UnitTests.dll" adapterTypeName="executor://mstestadapter/v2" className="VideoOS.IdentityServer.Common.UnitTests.IdpRegistrationClientTests" name="RegisterAuthorizationCodeClientWithToken_ResponseHasSuccessfulStatusCode_CorrectRequestUriIsPassedWithoutSecret" />
    </UnitTest>
    <UnitTest name="CreateException_AnythingElse_Is_DefaultErrorException" storage="d:\actions-runner\_work\xpco\xpco\common\videoos.identityserver.common\videoos.identityserver.common.unittests\bin\debug\net47\videoos.identityserver.common.unittests.dll" id="437f2012-d0bd-9480-97fb-1b4e5a423d3b">
      <Execution id="8c0e97c0-2d97-4c77-a5fd-d79164487c2b" />
      <TestMethod codeBase="D:\actions-runner\_work\XPCO\XPCO\Common\VideoOS.IdentityServer.Common\VideoOS.IdentityServer.Common.UnitTests\bin\Debug\net47\VideoOS.IdentityServer.Common.UnitTests.dll" adapterTypeName="executor://mstestadapter/v2" className="VideoOS.IdentityServer.Common.UnitTests.Exceptions.IdpExceptionFactoryTests" name="CreateException_AnythingElse_Is_DefaultErrorException" />
    </UnitTest>
    <UnitTest name="ValidateIdpServer_SimulateValidResponseFromOAuthServer_SecureCheckOnly_ReturnsHttpsSecureConnection" storage="d:\actions-runner\_work\xpco\xpco\common\videoos.identityserver.common\videoos.identityserver.common.unittests\bin\debug\net47\videoos.identityserver.common.unittests.dll" id="0f53cf01-7625-abe4-40b4-7756723d3b2e">
      <Execution id="deb358a8-c36e-40a2-b383-ad19ef76f046" />
      <TestMethod codeBase="D:\actions-runner\_work\XPCO\XPCO\Common\VideoOS.IdentityServer.Common\VideoOS.IdentityServer.Common.UnitTests\bin\Debug\net47\VideoOS.IdentityServer.Common.UnitTests.dll" adapterTypeName="executor://mstestadapter/v2" className="VideoOS.IdentityServer.Common.UnitTests.IdpServerValidationTests" name="ValidateIdpServer_SimulateValidResponseFromOAuthServer_SecureCheckOnly_ReturnsHttpsSecureConnection" />
    </UnitTest>
    <UnitTest name="RefreshToken_InvalidToken_AccessTokenException" storage="d:\actions-runner\_work\xpco\xpco\common\videoos.identityserver.common\videoos.identityserver.common.unittests\bin\debug\net47\videoos.identityserver.common.unittests.dll" id="f5c02efb-b35c-365d-c779-9919be9854f1">
      <Execution id="10a09203-ad3c-4dda-a258-97b26cd748bf" />
      <TestMethod codeBase="D:\actions-runner\_work\XPCO\XPCO\Common\VideoOS.IdentityServer.Common\VideoOS.IdentityServer.Common.UnitTests\bin\Debug\net47\VideoOS.IdentityServer.Common.UnitTests.dll" adapterTypeName="executor://mstestadapter/v2" className="VideoOS.IdentityServer.Common.UnitTests.Handlers.TokenCacheTests" name="RefreshToken_InvalidToken_AccessTokenException" />
    </UnitTest>
    <UnitTest name="GetClaimValue_IdTokenNotRetrieved_Throws_InvalidOperationException" storage="d:\actions-runner\_work\xpco\xpco\common\videoos.identityserver.common\videoos.identityserver.common.unittests\bin\debug\net47\videoos.identityserver.common.unittests.dll" id="19645128-e202-44ae-34e1-bebb765d5926">
      <Execution id="bcb91f24-f87a-441f-b303-1df94bc48827" />
      <TestMethod codeBase="D:\actions-runner\_work\XPCO\XPCO\Common\VideoOS.IdentityServer.Common\VideoOS.IdentityServer.Common.UnitTests\bin\Debug\net47\VideoOS.IdentityServer.Common.UnitTests.dll" adapterTypeName="executor://mstestadapter/v2" className="VideoOS.IdentityServer.Common.UnitTests.Handlers.IdentityServerToken.SimpleTokenCacheTests" name="GetClaimValue_IdTokenNotRetrieved_Throws_InvalidOperationException" />
    </UnitTest>
    <UnitTest name="CreateException_DuplicateUserName_Is_AlreadyExistsException" storage="d:\actions-runner\_work\xpco\xpco\common\videoos.identityserver.common\videoos.identityserver.common.unittests\bin\debug\net47\videoos.identityserver.common.unittests.dll" id="7f2480da-8572-1058-bed9-d76ee4f460a4">
      <Execution id="0b97f808-2709-4b73-90af-66fff9c9aad8" />
      <TestMethod codeBase="D:\actions-runner\_work\XPCO\XPCO\Common\VideoOS.IdentityServer.Common\VideoOS.IdentityServer.Common.UnitTests\bin\Debug\net47\VideoOS.IdentityServer.Common.UnitTests.dll" adapterTypeName="executor://mstestadapter/v2" className="VideoOS.IdentityServer.Common.UnitTests.Exceptions.IdpExceptionFactoryTests" name="CreateException_DuplicateUserName_Is_AlreadyExistsException" />
    </UnitTest>
    <UnitTest name="Start_TimeToTokenExpireOver5min_ReturnsCachedToken" storage="d:\actions-runner\_work\xpco\xpco\common\videoos.identityserver.common\videoos.identityserver.common.unittests\bin\debug\net47\videoos.identityserver.common.unittests.dll" id="0c73a1ad-6206-0874-edea-ce6d1ddf48e7">
      <Execution id="b78d7a2c-9767-429d-a6e9-1ad0ebb33d3b" />
      <TestMethod codeBase="D:\actions-runner\_work\XPCO\XPCO\Common\VideoOS.IdentityServer.Common\VideoOS.IdentityServer.Common.UnitTests\bin\Debug\net47\VideoOS.IdentityServer.Common.UnitTests.dll" adapterTypeName="executor://mstestadapter/v2" className="VideoOS.IdentityServer.Common.UnitTests.Handlers.IdentityServerToken.SimpleTokenCacheTests" name="Start_TimeToTokenExpireOver5min_ReturnsCachedToken" />
    </UnitTest>
    <UnitTest name="GetLogin_ParameterIsNull_ThrowArgumentException (,,abc)" storage="d:\actions-runner\_work\xpco\xpco\common\videoos.identityserver.common\videoos.identityserver.common.unittests\bin\debug\net47\videoos.identityserver.common.unittests.dll" id="0956a829-49d6-d659-dada-e609c64ef2a6">
      <Execution id="a07700e1-545f-434a-816c-bb806df65f0c" />
      <TestMethod codeBase="D:\actions-runner\_work\XPCO\XPCO\Common\VideoOS.IdentityServer.Common\VideoOS.IdentityServer.Common.UnitTests\bin\Debug\net47\VideoOS.IdentityServer.Common.UnitTests.dll" adapterTypeName="executor://mstestadapter/v2" className="VideoOS.IdentityServer.Common.UnitTests.Services.IdpAdministrationClientTests" name="GetLogin_ParameterIsNull_ThrowArgumentException" />
    </UnitTest>
    <UnitTest name="CreateException_OtherError_Throws_DefaultErrorException" storage="d:\actions-runner\_work\xpco\xpco\common\videoos.identityserver.common\videoos.identityserver.common.unittests\bin\debug\net47\videoos.identityserver.common.unittests.dll" id="6527d399-3c52-8422-d90f-6c83c08b6874">
      <Execution id="50576c7d-3b07-4175-ba7d-eedc0a402c74" />
      <TestMethod codeBase="D:\actions-runner\_work\XPCO\XPCO\Common\VideoOS.IdentityServer.Common\VideoOS.IdentityServer.Common.UnitTests\bin\Debug\net47\VideoOS.IdentityServer.Common.UnitTests.dll" adapterTypeName="executor://mstestadapter/v2" className="VideoOS.IdentityServer.Common.UnitTests.Exceptions.IdpExceptionFactoryTests" name="CreateException_OtherError_Throws_DefaultErrorException" />
    </UnitTest>
    <UnitTest name="HttpGetResult_Constructor_Success" storage="d:\actions-runner\_work\xpco\xpco\common\videoos.identityserver.common\videoos.identityserver.common.unittests\bin\debug\net47\videoos.identityserver.common.unittests.dll" id="a6c86e7f-3cba-5a70-e72e-8210186f640d">
      <Execution id="e6abf14e-9169-4d68-b131-54e36a5aab83" />
      <TestMethod codeBase="D:\actions-runner\_work\XPCO\XPCO\Common\VideoOS.IdentityServer.Common\VideoOS.IdentityServer.Common.UnitTests\bin\Debug\net47\VideoOS.IdentityServer.Common.UnitTests.dll" adapterTypeName="executor://mstestadapter/v2" className="VideoOS.IdentityServer.Common.UnitTests.Utilities.ServerValidation.HttpGetResultTests" name="HttpGetResult_Constructor_Success" />
    </UnitTest>
    <UnitTest name="Constructor_NullRequestedScopes_ThrowsArgumentNullException" storage="d:\actions-runner\_work\xpco\xpco\common\videoos.identityserver.common\videoos.identityserver.common.unittests\bin\debug\net47\videoos.identityserver.common.unittests.dll" id="11e2d426-0f64-e877-4f88-684b98f80094">
      <Execution id="40c5cfa5-15a4-426b-831a-d6ff384312ed" />
      <TestMethod codeBase="D:\actions-runner\_work\XPCO\XPCO\Common\VideoOS.IdentityServer.Common\VideoOS.IdentityServer.Common.UnitTests\bin\Debug\net47\VideoOS.IdentityServer.Common.UnitTests.dll" adapterTypeName="executor://mstestadapter/v2" className="VideoOS.IdentityServer.Common.UnitTests.Utilities.Tokens.IdpTokenRetrieverTests" name="Constructor_NullRequestedScopes_ThrowsArgumentNullException" />
    </UnitTest>
    <UnitTest name="Construct_UsesLargeCustomTimeout_Success" storage="d:\actions-runner\_work\xpco\xpco\common\videoos.identityserver.common\videoos.identityserver.common.unittests\bin\debug\net47\videoos.identityserver.common.unittests.dll" id="0f27abe8-3384-6920-a039-76a637899eb2">
      <Execution id="b82c2143-581f-4e1e-941e-b811539a2f32" />
      <TestMethod codeBase="D:\actions-runner\_work\XPCO\XPCO\Common\VideoOS.IdentityServer.Common\VideoOS.IdentityServer.Common.UnitTests\bin\Debug\net47\VideoOS.IdentityServer.Common.UnitTests.dll" adapterTypeName="executor://mstestadapter/v2" className="VideoOS.IdentityServer.Common.UnitTests.Utilities.SslVerificationTests" name="Construct_UsesLargeCustomTimeout_Success" />
    </UnitTest>
    <UnitTest name="BeforeSendRequest_ThrowsIdentityServerTokenException_ThrowsIdentityServerTokenException" storage="d:\actions-runner\_work\xpco\xpco\common\videoos.identityserver.common\videoos.identityserver.common.unittests\bin\debug\net47\videoos.identityserver.common.unittests.dll" id="dc2936a8-a88a-b2cd-9a40-e8ec53aed396">
      <Execution id="cd3f0a2b-ce21-478f-85d1-5357ede849e7" />
      <TestMethod codeBase="D:\actions-runner\_work\XPCO\XPCO\Common\VideoOS.IdentityServer.Common\VideoOS.IdentityServer.Common.UnitTests\bin\Debug\net47\VideoOS.IdentityServer.Common.UnitTests.dll" adapterTypeName="executor://mstestadapter/v2" className="VideoOS.IdentityServer.Common.UnitTests.ServiceModel.BearerAuthorizationHeaderInspectorTests" name="BeforeSendRequest_ThrowsIdentityServerTokenException_ThrowsIdentityServerTokenException" />
    </UnitTest>
    <UnitTest name="CreateException_PasswordRequiresNonAlphanumeric_Is_PasswordNotComplexEnoughException" storage="d:\actions-runner\_work\xpco\xpco\common\videoos.identityserver.common\videoos.identityserver.common.unittests\bin\debug\net47\videoos.identityserver.common.unittests.dll" id="cb7249c8-dcf7-5d04-d8a1-9ce11225ac6e">
      <Execution id="50527681-50d0-44c0-97c1-a4ab47f88d2f" />
      <TestMethod codeBase="D:\actions-runner\_work\XPCO\XPCO\Common\VideoOS.IdentityServer.Common\VideoOS.IdentityServer.Common.UnitTests\bin\Debug\net47\VideoOS.IdentityServer.Common.UnitTests.dll" adapterTypeName="executor://mstestadapter/v2" className="VideoOS.IdentityServer.Common.UnitTests.Exceptions.IdpExceptionFactoryTests" name="CreateException_PasswordRequiresNonAlphanumeric_Is_PasswordNotComplexEnoughException" />
    </UnitTest>
    <UnitTest name="CreateTrustedIssuer_AccessTokenIsNull_ThrowArgumentException" storage="d:\actions-runner\_work\xpco\xpco\common\videoos.identityserver.common\videoos.identityserver.common.unittests\bin\debug\net47\videoos.identityserver.common.unittests.dll" id="359096ac-1baa-97a0-9aac-14ec7cffbe5a">
      <Execution id="09125aad-e67c-472b-b4cd-c1e64e96bf64" />
      <TestMethod codeBase="D:\actions-runner\_work\XPCO\XPCO\Common\VideoOS.IdentityServer.Common\VideoOS.IdentityServer.Common.UnitTests\bin\Debug\net47\VideoOS.IdentityServer.Common.UnitTests.dll" adapterTypeName="executor://mstestadapter/v2" className="VideoOS.IdentityServer.Common.UnitTests.Services.IdpAdministrationClientTests" name="CreateTrustedIssuer_AccessTokenIsNull_ThrowArgumentException" />
    </UnitTest>
    <UnitTest name="DeleteAdmin_ParameterIsNull_ThrowArgumentException (,1-2-3)" storage="d:\actions-runner\_work\xpco\xpco\common\videoos.identityserver.common\videoos.identityserver.common.unittests\bin\debug\net47\videoos.identityserver.common.unittests.dll" id="21bc6c22-cae5-d6e6-f8be-0a3d9ef4e313">
      <Execution id="7b0ecdad-9370-4fab-bb83-c42fd018b732" />
      <TestMethod codeBase="D:\actions-runner\_work\XPCO\XPCO\Common\VideoOS.IdentityServer.Common\VideoOS.IdentityServer.Common.UnitTests\bin\Debug\net47\VideoOS.IdentityServer.Common.UnitTests.dll" adapterTypeName="executor://mstestadapter/v2" className="VideoOS.IdentityServer.Common.UnitTests.Services.IdpAdministrationClientTests" name="DeleteAdmin_ParameterIsNull_ThrowArgumentException" />
    </UnitTest>
    <UnitTest name="SendRequest_ResponseHasBadStatusCode_ThrowIdpException (RequestUriTooLong)" storage="d:\actions-runner\_work\xpco\xpco\common\videoos.identityserver.common\videoos.identityserver.common.unittests\bin\debug\net47\videoos.identityserver.common.unittests.dll" id="63d736d3-1abb-5e1e-67d5-7731969795df">
      <Execution id="d210e62e-7391-44c3-a46b-d09c38b7c136" />
      <TestMethod codeBase="D:\actions-runner\_work\XPCO\XPCO\Common\VideoOS.IdentityServer.Common\VideoOS.IdentityServer.Common.UnitTests\bin\Debug\net47\VideoOS.IdentityServer.Common.UnitTests.dll" adapterTypeName="executor://mstestadapter/v2" className="VideoOS.IdentityServer.Common.UnitTests.IdpClientBaseTests" name="SendRequest_ResponseHasBadStatusCode_ThrowIdpException" />
    </UnitTest>
    <UnitTest name="GetTokenResponseAsync_HttpStatusIsNotOk_IdpExceptionIsThrown" storage="d:\actions-runner\_work\xpco\xpco\common\videoos.identityserver.common\videoos.identityserver.common.unittests\bin\debug\net47\videoos.identityserver.common.unittests.dll" id="355371bd-45fe-c229-5034-898ad04eb1dc">
      <Execution id="fffd55fd-acd5-49eb-8db9-c64d93093662" />
      <TestMethod codeBase="D:\actions-runner\_work\XPCO\XPCO\Common\VideoOS.IdentityServer.Common\VideoOS.IdentityServer.Common.UnitTests\bin\Debug\net47\VideoOS.IdentityServer.Common.UnitTests.dll" adapterTypeName="executor://mstestadapter/v2" className="VideoOS.IdentityServer.Common.UnitTests.ExchangeTokenHandlerTests" name="GetTokenResponseAsync_HttpStatusIsNotOk_IdpExceptionIsThrown" />
    </UnitTest>
    <UnitTest name="GetUsersAfterModifiedDate_UnixTimeIsNegative_ThrowsArgumentOutOfRangeException" storage="d:\actions-runner\_work\xpco\xpco\common\videoos.identityserver.common\videoos.identityserver.common.unittests\bin\debug\net47\videoos.identityserver.common.unittests.dll" id="d084f15f-2ff5-b9de-3bb3-de877630baf6">
      <Execution id="b6579f9e-7113-4320-a40e-7c66a6c181c5" />
      <TestMethod codeBase="D:\actions-runner\_work\XPCO\XPCO\Common\VideoOS.IdentityServer.Common\VideoOS.IdentityServer.Common.UnitTests\bin\Debug\net47\VideoOS.IdentityServer.Common.UnitTests.dll" adapterTypeName="executor://mstestadapter/v2" className="VideoOS.IdentityServer.Common.UnitTests.Services.IdpAdministrationClientTests" name="GetUsersAfterModifiedDate_UnixTimeIsNegative_ThrowsArgumentOutOfRangeException" />
    </UnitTest>
    <UnitTest name="Constructor_EmptyProvider_ThrowsArgumentNullException" storage="d:\actions-runner\_work\xpco\xpco\common\videoos.identityserver.common\videoos.identityserver.common.unittests\bin\debug\net47\videoos.identityserver.common.unittests.dll" id="27aea1a6-1e4c-b203-2089-de14d612090c">
      <Execution id="73a0188d-580c-43c2-8e50-c76da333a797" />
      <TestMethod codeBase="D:\actions-runner\_work\XPCO\XPCO\Common\VideoOS.IdentityServer.Common\VideoOS.IdentityServer.Common.UnitTests\bin\Debug\net47\VideoOS.IdentityServer.Common.UnitTests.dll" adapterTypeName="executor://mstestadapter/v2" className="VideoOS.IdentityServer.Common.UnitTests.ExternalTokenHandlerTests" name="Constructor_EmptyProvider_ThrowsArgumentNullException" />
    </UnitTest>
    <UnitTest name="Construct_ValidateTimeoutSentToSslVerification_SpecifyTimeout_Success" storage="d:\actions-runner\_work\xpco\xpco\common\videoos.identityserver.common\videoos.identityserver.common.unittests\bin\debug\net47\videoos.identityserver.common.unittests.dll" id="4988c4a8-a7df-3551-56c3-3fad77d98b4a">
      <Execution id="49be3a11-b0dc-4618-8335-1a0d44dd0c79" />
      <TestMethod codeBase="D:\actions-runner\_work\XPCO\XPCO\Common\VideoOS.IdentityServer.Common\VideoOS.IdentityServer.Common.UnitTests\bin\Debug\net47\VideoOS.IdentityServer.Common.UnitTests.dll" adapterTypeName="executor://mstestadapter/v2" className="VideoOS.IdentityServer.Common.UnitTests.IdpServerValidationTests" name="Construct_ValidateTimeoutSentToSslVerification_SpecifyTimeout_Success" />
    </UnitTest>
    <UnitTest name="RegisterAuthorizationCodeClient_ResponseHasSuccessfulStatusCode_CorrectRequestUriIsPassedWithoutSecret" storage="d:\actions-runner\_work\xpco\xpco\common\videoos.identityserver.common\videoos.identityserver.common.unittests\bin\debug\net47\videoos.identityserver.common.unittests.dll" id="dedf70a5-f131-d84f-4234-6a5051d02528">
      <Execution id="1082e1af-665b-48e9-8706-11c4c044aa7d" />
      <TestMethod codeBase="D:\actions-runner\_work\XPCO\XPCO\Common\VideoOS.IdentityServer.Common\VideoOS.IdentityServer.Common.UnitTests\bin\Debug\net47\VideoOS.IdentityServer.Common.UnitTests.dll" adapterTypeName="executor://mstestadapter/v2" className="VideoOS.IdentityServer.Common.UnitTests.IdpRegistrationClientTests" name="RegisterAuthorizationCodeClient_ResponseHasSuccessfulStatusCode_CorrectRequestUriIsPassedWithoutSecret" />
    </UnitTest>
    <UnitTest name="SendRequest_ResponseHasStatusCodeAndErrorCode_ThrowCorrectIdpException" storage="d:\actions-runner\_work\xpco\xpco\common\videoos.identityserver.common\videoos.identityserver.common.unittests\bin\debug\net47\videoos.identityserver.common.unittests.dll" id="9d9108bd-86db-659c-91d4-935425fa020c">
      <Execution id="22f95b91-e5dc-4b61-85b3-1c2711672f6f" />
      <TestMethod codeBase="D:\actions-runner\_work\XPCO\XPCO\Common\VideoOS.IdentityServer.Common\VideoOS.IdentityServer.Common.UnitTests\bin\Debug\net47\VideoOS.IdentityServer.Common.UnitTests.dll" adapterTypeName="executor://mstestadapter/v2" className="VideoOS.IdentityServer.Common.UnitTests.IdpClientBaseTests" name="SendRequest_ResponseHasStatusCodeAndErrorCode_ThrowCorrectIdpException" />
    </UnitTest>
    <UnitTest name="DeleteUser_ParameterIsNull_ThrowArgumentException (abc,)" storage="d:\actions-runner\_work\xpco\xpco\common\videoos.identityserver.common\videoos.identityserver.common.unittests\bin\debug\net47\videoos.identityserver.common.unittests.dll" id="884913dc-63e3-b134-e957-2e7bedb5da00">
      <Execution id="6db99cb6-d438-4f61-a333-e1b2ee83cafa" />
      <TestMethod codeBase="D:\actions-runner\_work\XPCO\XPCO\Common\VideoOS.IdentityServer.Common\VideoOS.IdentityServer.Common.UnitTests\bin\Debug\net47\VideoOS.IdentityServer.Common.UnitTests.dll" adapterTypeName="executor://mstestadapter/v2" className="VideoOS.IdentityServer.Common.UnitTests.Services.IdpAdministrationClientTests" name="DeleteUser_ParameterIsNull_ThrowArgumentException" />
    </UnitTest>
    <UnitTest name="UserName_HasNameClaim_ReturnsUserName" storage="d:\actions-runner\_work\xpco\xpco\common\videoos.identityserver.common\videoos.identityserver.common.unittests\bin\debug\net47\videoos.identityserver.common.unittests.dll" id="2a8032ec-2494-843d-f098-18bbc743b65d">
      <Execution id="8d0776b8-3048-4a8b-8d37-6fd83df015bb" />
      <TestMethod codeBase="D:\actions-runner\_work\XPCO\XPCO\Common\VideoOS.IdentityServer.Common\VideoOS.IdentityServer.Common.UnitTests\bin\Debug\net47\VideoOS.IdentityServer.Common.UnitTests.dll" adapterTypeName="executor://mstestadapter/v2" className="VideoOS.IdentityServer.Common.UnitTests.Handlers.TokenCacheTests" name="UserName_HasNameClaim_ReturnsUserName" />
    </UnitTest>
    <UnitTest name="ValidateIdpServer_InvalidUri_RelativeUri_Throws_ArgumentException" storage="d:\actions-runner\_work\xpco\xpco\common\videoos.identityserver.common\videoos.identityserver.common.unittests\bin\debug\net47\videoos.identityserver.common.unittests.dll" id="5098da35-a50d-188f-464b-c0e73540175b">
      <Execution id="f832bbdf-3f77-4da8-be0a-33e734de0936" />
      <TestMethod codeBase="D:\actions-runner\_work\XPCO\XPCO\Common\VideoOS.IdentityServer.Common\VideoOS.IdentityServer.Common.UnitTests\bin\Debug\net47\VideoOS.IdentityServer.Common.UnitTests.dll" adapterTypeName="executor://mstestadapter/v2" className="VideoOS.IdentityServer.Common.UnitTests.IdpServerValidationTests" name="ValidateIdpServer_InvalidUri_RelativeUri_Throws_ArgumentException" />
    </UnitTest>
    <UnitTest name="CreateException_InvalidRoleName_Is_InvalidNameException" storage="d:\actions-runner\_work\xpco\xpco\common\videoos.identityserver.common\videoos.identityserver.common.unittests\bin\debug\net47\videoos.identityserver.common.unittests.dll" id="00ff095b-4bc6-db53-f938-6a37bc01f46b">
      <Execution id="daa93610-7c43-4077-af91-86cdecc868b0" />
      <TestMethod codeBase="D:\actions-runner\_work\XPCO\XPCO\Common\VideoOS.IdentityServer.Common\VideoOS.IdentityServer.Common.UnitTests\bin\Debug\net47\VideoOS.IdentityServer.Common.UnitTests.dll" adapterTypeName="executor://mstestadapter/v2" className="VideoOS.IdentityServer.Common.UnitTests.Exceptions.IdpExceptionFactoryTests" name="CreateException_InvalidRoleName_Is_InvalidNameException" />
    </UnitTest>
    <UnitTest name="ValidateIdpServer_SimulateValidResponseFromOAuthServer_WithValidCertificate_UsingFtpScheme_Success" storage="d:\actions-runner\_work\xpco\xpco\common\videoos.identityserver.common\videoos.identityserver.common.unittests\bin\debug\net47\videoos.identityserver.common.unittests.dll" id="003ec38a-6be6-40fe-fb76-841c13807019">
      <Execution id="9c641659-8803-4beb-9820-d3102c329886" />
      <TestMethod codeBase="D:\actions-runner\_work\XPCO\XPCO\Common\VideoOS.IdentityServer.Common\VideoOS.IdentityServer.Common.UnitTests\bin\Debug\net47\VideoOS.IdentityServer.Common.UnitTests.dll" adapterTypeName="executor://mstestadapter/v2" className="VideoOS.IdentityServer.Common.UnitTests.IdpServerValidationTests" name="ValidateIdpServer_SimulateValidResponseFromOAuthServer_WithValidCertificate_UsingFtpScheme_Success" />
    </UnitTest>
    <UnitTest name="CreateException_401_Is_UnauthorizedException" storage="d:\actions-runner\_work\xpco\xpco\common\videoos.identityserver.common\videoos.identityserver.common.unittests\bin\debug\net47\videoos.identityserver.common.unittests.dll" id="5fc9fa5a-5fe3-b72e-18ec-1d655d4e8290">
      <Execution id="004f1085-db78-433d-ac54-11c36ed13a2d" />
      <TestMethod codeBase="D:\actions-runner\_work\XPCO\XPCO\Common\VideoOS.IdentityServer.Common\VideoOS.IdentityServer.Common.UnitTests\bin\Debug\net47\VideoOS.IdentityServer.Common.UnitTests.dll" adapterTypeName="executor://mstestadapter/v2" className="VideoOS.IdentityServer.Common.UnitTests.Exceptions.IdpExceptionFactoryTests" name="CreateException_401_Is_UnauthorizedException" />
    </UnitTest>
    <UnitTest name="GetUsers_ParameterIsNull_ThrowArgumentException" storage="d:\actions-runner\_work\xpco\xpco\common\videoos.identityserver.common\videoos.identityserver.common.unittests\bin\debug\net47\videoos.identityserver.common.unittests.dll" id="ac435e0a-e1c6-7616-0ac5-820a47d8c989">
      <Execution id="7554d2fa-617f-436c-91cf-c1d6da256e9b" />
      <TestMethod codeBase="D:\actions-runner\_work\XPCO\XPCO\Common\VideoOS.IdentityServer.Common\VideoOS.IdentityServer.Common.UnitTests\bin\Debug\net47\VideoOS.IdentityServer.Common.UnitTests.dll" adapterTypeName="executor://mstestadapter/v2" className="VideoOS.IdentityServer.Common.UnitTests.Services.IdpAdministrationClientTests" name="GetUsers_ParameterIsNull_ThrowArgumentException" />
    </UnitTest>
    <UnitTest name="SendRequest_ResponseHasBadStatusCode_ThrowIdpException (NotFound)" storage="d:\actions-runner\_work\xpco\xpco\common\videoos.identityserver.common\videoos.identityserver.common.unittests\bin\debug\net47\videoos.identityserver.common.unittests.dll" id="93c98b5d-aec7-74de-34c5-6fcc025495ea">
      <Execution id="350034e4-326c-4e2b-a20f-12e666e0a4ad" />
      <TestMethod codeBase="D:\actions-runner\_work\XPCO\XPCO\Common\VideoOS.IdentityServer.Common\VideoOS.IdentityServer.Common.UnitTests\bin\Debug\net47\VideoOS.IdentityServer.Common.UnitTests.dll" adapterTypeName="executor://mstestadapter/v2" className="VideoOS.IdentityServer.Common.UnitTests.IdpClientBaseTests" name="SendRequest_ResponseHasBadStatusCode_ThrowIdpException" />
    </UnitTest>
    <UnitTest name="BeforeSendRequest_ThrowsHttpRequestExceptionWithWebException_ThrowsEndpointNotFoundException (NameResolutionFailure)" storage="d:\actions-runner\_work\xpco\xpco\common\videoos.identityserver.common\videoos.identityserver.common.unittests\bin\debug\net47\videoos.identityserver.common.unittests.dll" id="23744893-3ce4-b3c9-e589-b7048486411c">
      <Execution id="b95ad5c8-e85c-481f-bac7-a6c180b5df4c" />
      <TestMethod codeBase="D:\actions-runner\_work\XPCO\XPCO\Common\VideoOS.IdentityServer.Common\VideoOS.IdentityServer.Common.UnitTests\bin\Debug\net47\VideoOS.IdentityServer.Common.UnitTests.dll" adapterTypeName="executor://mstestadapter/v2" className="VideoOS.IdentityServer.Common.UnitTests.ServiceModel.BearerAuthorizationHeaderInspectorTests" name="BeforeSendRequest_ThrowsHttpRequestExceptionWithWebException_ThrowsEndpointNotFoundException" />
    </UnitTest>
    <UnitTest name="RegisterAuthorizationCodeClient_RedirectUrisIsNull_ThrowArgumentException" storage="d:\actions-runner\_work\xpco\xpco\common\videoos.identityserver.common\videoos.identityserver.common.unittests\bin\debug\net47\videoos.identityserver.common.unittests.dll" id="bf3dc991-3368-6005-a716-c4582669d18a">
      <Execution id="24578891-e149-468c-b437-f91daef8002c" />
      <TestMethod codeBase="D:\actions-runner\_work\XPCO\XPCO\Common\VideoOS.IdentityServer.Common\VideoOS.IdentityServer.Common.UnitTests\bin\Debug\net47\VideoOS.IdentityServer.Common.UnitTests.dll" adapterTypeName="executor://mstestadapter/v2" className="VideoOS.IdentityServer.Common.UnitTests.IdpRegistrationClientTests" name="RegisterAuthorizationCodeClient_RedirectUrisIsNull_ThrowArgumentException" />
    </UnitTest>
    <UnitTest name="CheckAccess_PrincipalHasWrongScopeClaim_ReturnsFalse (ABC)" storage="d:\actions-runner\_work\xpco\xpco\common\videoos.identityserver.common\videoos.identityserver.common.unittests\bin\debug\net47\videoos.identityserver.common.unittests.dll" id="6c22c485-f80c-11c5-01c7-a10cd38d415a">
      <Execution id="6fef63cb-39fd-409a-8529-5e8f8231eae7" />
      <TestMethod codeBase="D:\actions-runner\_work\XPCO\XPCO\Common\VideoOS.IdentityServer.Common\VideoOS.IdentityServer.Common.UnitTests\bin\Debug\net47\VideoOS.IdentityServer.Common.UnitTests.dll" adapterTypeName="executor://mstestadapter/v2" className="VideoOS.IdentityServer.Common.UnitTests.ServiceModel.OpenIdClaimsAuthorizationManagerTests" name="CheckAccess_PrincipalHasWrongScopeClaim_ReturnsFalse" />
    </UnitTest>
    <UnitTest name="BeforeSendRequest_ThrowsHttpRequestExceptionWithWebException_ThrowsCommunicationException (ProxyNameResolutionFailure)" storage="d:\actions-runner\_work\xpco\xpco\common\videoos.identityserver.common\videoos.identityserver.common.unittests\bin\debug\net47\videoos.identityserver.common.unittests.dll" id="d88306ca-9afa-8148-3367-97d6e4d284e8">
      <Execution id="24d64856-74a9-4cd1-b184-1c32e98ca87f" />
      <TestMethod codeBase="D:\actions-runner\_work\XPCO\XPCO\Common\VideoOS.IdentityServer.Common\VideoOS.IdentityServer.Common.UnitTests\bin\Debug\net47\VideoOS.IdentityServer.Common.UnitTests.dll" adapterTypeName="executor://mstestadapter/v2" className="VideoOS.IdentityServer.Common.UnitTests.ServiceModel.BearerAuthorizationHeaderInspectorTests" name="BeforeSendRequest_ThrowsHttpRequestExceptionWithWebException_ThrowsCommunicationException" />
    </UnitTest>
    <UnitTest name="CreateTrustedIssuer_ModelIsNull_ThrowArgumentNullException" storage="d:\actions-runner\_work\xpco\xpco\common\videoos.identityserver.common\videoos.identityserver.common.unittests\bin\debug\net47\videoos.identityserver.common.unittests.dll" id="0650eafd-0764-a4dd-8f31-2c251d438215">
      <Execution id="347b4c24-f09b-42e6-aaa6-91aa6dbab6dc" />
      <TestMethod codeBase="D:\actions-runner\_work\XPCO\XPCO\Common\VideoOS.IdentityServer.Common\VideoOS.IdentityServer.Common.UnitTests\bin\Debug\net47\VideoOS.IdentityServer.Common.UnitTests.dll" adapterTypeName="executor://mstestadapter/v2" className="VideoOS.IdentityServer.Common.UnitTests.Services.IdpAdministrationClientTests" name="CreateTrustedIssuer_ModelIsNull_ThrowArgumentNullException" />
    </UnitTest>
    <UnitTest name="ResourceOwnerAuthenticationAsync_StatusCodeOk_TokenResponseWithTokenIsReturned" storage="d:\actions-runner\_work\xpco\xpco\common\videoos.identityserver.common\videoos.identityserver.common.unittests\bin\debug\net47\videoos.identityserver.common.unittests.dll" id="abd81a1c-e3b4-bebe-d21f-4ca159588c70">
      <Execution id="c4d2bdd3-5baf-4a16-8c00-70dc25e5bdfd" />
      <TestMethod codeBase="D:\actions-runner\_work\XPCO\XPCO\Common\VideoOS.IdentityServer.Common\VideoOS.IdentityServer.Common.UnitTests\bin\Debug\net47\VideoOS.IdentityServer.Common.UnitTests.dll" adapterTypeName="executor://mstestadapter/v2" className="VideoOS.IdentityServer.Common.UnitTests.IdpTokenClientTests" name="ResourceOwnerAuthenticationAsync_StatusCodeOk_TokenResponseWithTokenIsReturned" />
    </UnitTest>
    <UnitTest name="CreateException_ErrorStrongPassword_Is_PasswordNotComplexEnoughException" storage="d:\actions-runner\_work\xpco\xpco\common\videoos.identityserver.common\videoos.identityserver.common.unittests\bin\debug\net47\videoos.identityserver.common.unittests.dll" id="79bdc8ed-4f4b-9849-1ddd-b15e09b27525">
      <Execution id="5bb4f673-e56b-4192-9169-5d30f6fd7942" />
      <TestMethod codeBase="D:\actions-runner\_work\XPCO\XPCO\Common\VideoOS.IdentityServer.Common\VideoOS.IdentityServer.Common.UnitTests\bin\Debug\net47\VideoOS.IdentityServer.Common.UnitTests.dll" adapterTypeName="executor://mstestadapter/v2" className="VideoOS.IdentityServer.Common.UnitTests.Exceptions.IdpExceptionFactoryTests" name="CreateException_ErrorStrongPassword_Is_PasswordNotComplexEnoughException" />
    </UnitTest>
    <UnitTest name="BeforeSendRequest_ThrowsHttpRequestExceptionWithWebException_ThrowsCommunicationException (Success)" storage="d:\actions-runner\_work\xpco\xpco\common\videoos.identityserver.common\videoos.identityserver.common.unittests\bin\debug\net47\videoos.identityserver.common.unittests.dll" id="755826d7-2b80-4234-302f-1403ed18949d">
      <Execution id="5257f351-5f17-41b4-938a-0ac7cb886c13" />
      <TestMethod codeBase="D:\actions-runner\_work\XPCO\XPCO\Common\VideoOS.IdentityServer.Common\VideoOS.IdentityServer.Common.UnitTests\bin\Debug\net47\VideoOS.IdentityServer.Common.UnitTests.dll" adapterTypeName="executor://mstestadapter/v2" className="VideoOS.IdentityServer.Common.UnitTests.ServiceModel.BearerAuthorizationHeaderInspectorTests" name="BeforeSendRequest_ThrowsHttpRequestExceptionWithWebException_ThrowsCommunicationException" />
    </UnitTest>
    <UnitTest name="GetTrustedIssuer_ResponseHasSuccessfulStatusCode_CorrectRequestUriIsPassed" storage="d:\actions-runner\_work\xpco\xpco\common\videoos.identityserver.common\videoos.identityserver.common.unittests\bin\debug\net47\videoos.identityserver.common.unittests.dll" id="d466e244-c3ed-547f-7f11-f1da74ff69ab">
      <Execution id="66d60b2f-ab7c-479c-9290-65bc9f4f306a" />
      <TestMethod codeBase="D:\actions-runner\_work\XPCO\XPCO\Common\VideoOS.IdentityServer.Common\VideoOS.IdentityServer.Common.UnitTests\bin\Debug\net47\VideoOS.IdentityServer.Common.UnitTests.dll" adapterTypeName="executor://mstestadapter/v2" className="VideoOS.IdentityServer.Common.UnitTests.Services.IdpAdministrationClientTests" name="GetTrustedIssuer_ResponseHasSuccessfulStatusCode_CorrectRequestUriIsPassed" />
    </UnitTest>
    <UnitTest name="CheckAccess_PrincipalHasCorrectScopeClaim_ReturnsTrue (ABC,abc)" storage="d:\actions-runner\_work\xpco\xpco\common\videoos.identityserver.common\videoos.identityserver.common.unittests\bin\debug\net47\videoos.identityserver.common.unittests.dll" id="7ea2fcb8-8d7a-7b3e-5257-f1b66909cef7">
      <Execution id="dfd5ea41-e92e-4013-9bea-7e5a46c51d68" />
      <TestMethod codeBase="D:\actions-runner\_work\XPCO\XPCO\Common\VideoOS.IdentityServer.Common\VideoOS.IdentityServer.Common.UnitTests\bin\Debug\net47\VideoOS.IdentityServer.Common.UnitTests.dll" adapterTypeName="executor://mstestadapter/v2" className="VideoOS.IdentityServer.Common.UnitTests.ServiceModel.OpenIdClaimsAuthorizationManagerTests" name="CheckAccess_PrincipalHasCorrectScopeClaim_ReturnsTrue" />
    </UnitTest>
    <UnitTest name="DeleteAdmin_ResponseHasSuccessfulStatusCode_CorrectRequestUriIsPassed" storage="d:\actions-runner\_work\xpco\xpco\common\videoos.identityserver.common\videoos.identityserver.common.unittests\bin\debug\net47\videoos.identityserver.common.unittests.dll" id="164af1fb-8ab7-de87-8f12-29fc40e9bd15">
      <Execution id="70780d8f-7fb6-4a25-9fbe-1257ef4fc31d" />
      <TestMethod codeBase="D:\actions-runner\_work\XPCO\XPCO\Common\VideoOS.IdentityServer.Common\VideoOS.IdentityServer.Common.UnitTests\bin\Debug\net47\VideoOS.IdentityServer.Common.UnitTests.dll" adapterTypeName="executor://mstestadapter/v2" className="VideoOS.IdentityServer.Common.UnitTests.Services.IdpAdministrationClientTests" name="DeleteAdmin_ResponseHasSuccessfulStatusCode_CorrectRequestUriIsPassed" />
    </UnitTest>
    <UnitTest name="SendRequest_ResponseHasBadStatusCode_ThrowIdpException (Unauthorized)" storage="d:\actions-runner\_work\xpco\xpco\common\videoos.identityserver.common\videoos.identityserver.common.unittests\bin\debug\net47\videoos.identityserver.common.unittests.dll" id="098fb557-60b9-c84f-e666-1ebb6f9228ac">
      <Execution id="cc3103a6-4349-45f7-b251-004e24a7e1e3" />
      <TestMethod codeBase="D:\actions-runner\_work\XPCO\XPCO\Common\VideoOS.IdentityServer.Common\VideoOS.IdentityServer.Common.UnitTests\bin\Debug\net47\VideoOS.IdentityServer.Common.UnitTests.dll" adapterTypeName="executor://mstestadapter/v2" className="VideoOS.IdentityServer.Common.UnitTests.IdpClientBaseTests" name="SendRequest_ResponseHasBadStatusCode_ThrowIdpException" />
    </UnitTest>
    <UnitTest name="BuildFullUri_HasUnencodedParts_PartsAreEncoded (a+b;c,a^!)" storage="d:\actions-runner\_work\xpco\xpco\common\videoos.identityserver.common\videoos.identityserver.common.unittests\bin\debug\net47\videoos.identityserver.common.unittests.dll" id="490eb431-6d13-ab7d-b1eb-cfc423ab2fff">
      <Execution id="058449fb-e1c2-43a4-bd50-03e832a2d702" />
      <TestMethod codeBase="D:\actions-runner\_work\XPCO\XPCO\Common\VideoOS.IdentityServer.Common\VideoOS.IdentityServer.Common.UnitTests\bin\Debug\net47\VideoOS.IdentityServer.Common.UnitTests.dll" adapterTypeName="executor://mstestadapter/v2" className="VideoOS.IdentityServer.Common.UnitTests.IdpClientBaseTests" name="BuildFullUri_HasUnencodedParts_PartsAreEncoded" />
    </UnitTest>
    <UnitTest name="ValidateIdpServer_SimulateValidResponseFromOAuthServer_WithNonStandardPortAndHttpScheme_WithInvalidCertificate" storage="d:\actions-runner\_work\xpco\xpco\common\videoos.identityserver.common\videoos.identityserver.common.unittests\bin\debug\net47\videoos.identityserver.common.unittests.dll" id="5ab64c0d-21f1-9b5d-4478-84b27fa34b5c">
      <Execution id="936739d1-5854-40fd-9016-54ab0c330867" />
      <TestMethod codeBase="D:\actions-runner\_work\XPCO\XPCO\Common\VideoOS.IdentityServer.Common\VideoOS.IdentityServer.Common.UnitTests\bin\Debug\net47\VideoOS.IdentityServer.Common.UnitTests.dll" adapterTypeName="executor://mstestadapter/v2" className="VideoOS.IdentityServer.Common.UnitTests.IdpServerValidationTests" name="ValidateIdpServer_SimulateValidResponseFromOAuthServer_WithNonStandardPortAndHttpScheme_WithInvalidCertificate" />
    </UnitTest>
    <UnitTest name="ValidateIdpServer_InvalidSslConfiguration_ShouldThrow" storage="d:\actions-runner\_work\xpco\xpco\common\videoos.identityserver.common\videoos.identityserver.common.unittests\bin\debug\net47\videoos.identityserver.common.unittests.dll" id="fcaeabd6-201c-a809-f13b-51e8e57f8ab1">
      <Execution id="96f4ec23-16ad-4cf4-afe9-47c9dcd61bf0" />
      <TestMethod codeBase="D:\actions-runner\_work\XPCO\XPCO\Common\VideoOS.IdentityServer.Common\VideoOS.IdentityServer.Common.UnitTests\bin\Debug\net47\VideoOS.IdentityServer.Common.UnitTests.dll" adapterTypeName="executor://mstestadapter/v2" className="VideoOS.IdentityServer.Common.UnitTests.IdpDiscoveryServiceTests" name="ValidateIdpServer_InvalidSslConfiguration_ShouldThrow" />
    </UnitTest>
    <UnitTest name="Construct_WithException_ResponseWithException" storage="d:\actions-runner\_work\xpco\xpco\common\videoos.identityserver.common\videoos.identityserver.common.unittests\bin\debug\net47\videoos.identityserver.common.unittests.dll" id="e1b36847-cc65-e739-8fc1-4c65074486c5">
      <Execution id="29381df9-9119-476e-a9a1-88b2b6f12c8b" />
      <TestMethod codeBase="D:\actions-runner\_work\XPCO\XPCO\Common\VideoOS.IdentityServer.Common\VideoOS.IdentityServer.Common.UnitTests\bin\Debug\net47\VideoOS.IdentityServer.Common.UnitTests.dll" adapterTypeName="executor://mstestadapter/v2" className="VideoOS.IdentityServer.Common.UnitTests.DiscoveryResponseTests" name="Construct_WithException_ResponseWithException" />
    </UnitTest>
    <UnitTest name="CreateUser_AccessTokenIsNull_ThrowArgumentException" storage="d:\actions-runner\_work\xpco\xpco\common\videoos.identityserver.common\videoos.identityserver.common.unittests\bin\debug\net47\videoos.identityserver.common.unittests.dll" id="c9653e4a-f0fc-ded6-13b1-2d7721cd5788">
      <Execution id="746a7b6b-aeeb-41c2-8f79-1672448f1d7c" />
      <TestMethod codeBase="D:\actions-runner\_work\XPCO\XPCO\Common\VideoOS.IdentityServer.Common\VideoOS.IdentityServer.Common.UnitTests\bin\Debug\net47\VideoOS.IdentityServer.Common.UnitTests.dll" adapterTypeName="executor://mstestadapter/v2" className="VideoOS.IdentityServer.Common.UnitTests.Services.IdpAdministrationClientTests" name="CreateUser_AccessTokenIsNull_ThrowArgumentException" />
    </UnitTest>
    <UnitTest name="BeforeSendRequest_ThrowsHttpRequestExceptionWithWebException_ThrowsCommunicationException (ReceiveFailure)" storage="d:\actions-runner\_work\xpco\xpco\common\videoos.identityserver.common\videoos.identityserver.common.unittests\bin\debug\net47\videoos.identityserver.common.unittests.dll" id="9cc02e74-38fe-d95c-2cfa-20f9c297a179">
      <Execution id="fd8ea6f5-f6dc-4dd3-a23b-5bf314f86002" />
      <TestMethod codeBase="D:\actions-runner\_work\XPCO\XPCO\Common\VideoOS.IdentityServer.Common\VideoOS.IdentityServer.Common.UnitTests\bin\Debug\net47\VideoOS.IdentityServer.Common.UnitTests.dll" adapterTypeName="executor://mstestadapter/v2" className="VideoOS.IdentityServer.Common.UnitTests.ServiceModel.BearerAuthorizationHeaderInspectorTests" name="BeforeSendRequest_ThrowsHttpRequestExceptionWithWebException_ThrowsCommunicationException" />
    </UnitTest>
    <UnitTest name="BeforeSendRequest_ThrowsHttpRequestExceptionWithoutWebException_ThrowsCommunicationException" storage="d:\actions-runner\_work\xpco\xpco\common\videoos.identityserver.common\videoos.identityserver.common.unittests\bin\debug\net47\videoos.identityserver.common.unittests.dll" id="4574fcc8-85dd-4c47-5c3d-12a2d873463b">
      <Execution id="028f1ef5-04e8-40a2-9fb3-687c6d28ad90" />
      <TestMethod codeBase="D:\actions-runner\_work\XPCO\XPCO\Common\VideoOS.IdentityServer.Common\VideoOS.IdentityServer.Common.UnitTests\bin\Debug\net47\VideoOS.IdentityServer.Common.UnitTests.dll" adapterTypeName="executor://mstestadapter/v2" className="VideoOS.IdentityServer.Common.UnitTests.ServiceModel.BearerAuthorizationHeaderInspectorTests" name="BeforeSendRequest_ThrowsHttpRequestExceptionWithoutWebException_ThrowsCommunicationException" />
    </UnitTest>
    <UnitTest name="Construct_ValidateTimeoutSentToSslVerification_DiscoveryTypeBoth_Success" storage="d:\actions-runner\_work\xpco\xpco\common\videoos.identityserver.common\videoos.identityserver.common.unittests\bin\debug\net47\videoos.identityserver.common.unittests.dll" id="9d653b0d-6df9-735d-0e75-f562a12dfb97">
      <Execution id="8b74fdc0-19fd-4e98-a585-74002a22597e" />
      <TestMethod codeBase="D:\actions-runner\_work\XPCO\XPCO\Common\VideoOS.IdentityServer.Common\VideoOS.IdentityServer.Common.UnitTests\bin\Debug\net47\VideoOS.IdentityServer.Common.UnitTests.dll" adapterTypeName="executor://mstestadapter/v2" className="VideoOS.IdentityServer.Common.UnitTests.IdpServerValidationTests" name="Construct_ValidateTimeoutSentToSslVerification_DiscoveryTypeBoth_Success" />
    </UnitTest>
    <UnitTest name="TokenCache_Constructor_ClientTokenSettings_ArgumentNullException" storage="d:\actions-runner\_work\xpco\xpco\common\videoos.identityserver.common\videoos.identityserver.common.unittests\bin\debug\net47\videoos.identityserver.common.unittests.dll" id="9f0c86dc-a496-7741-858c-a11363a3da1a">
      <Execution id="d4ddae94-488f-4349-98f6-38668cee83af" />
      <TestMethod codeBase="D:\actions-runner\_work\XPCO\XPCO\Common\VideoOS.IdentityServer.Common\VideoOS.IdentityServer.Common.UnitTests\bin\Debug\net47\VideoOS.IdentityServer.Common.UnitTests.dll" adapterTypeName="executor://mstestadapter/v2" className="VideoOS.IdentityServer.Common.UnitTests.Handlers.TokenCacheTests" name="TokenCache_Constructor_ClientTokenSettings_ArgumentNullException" />
    </UnitTest>
    <UnitTest name="GetEventLogs_ResponseHasSuccessfulStatusCode_CorrectRequestUriIsPassed" storage="d:\actions-runner\_work\xpco\xpco\common\videoos.identityserver.common\videoos.identityserver.common.unittests\bin\debug\net47\videoos.identityserver.common.unittests.dll" id="04b44c91-ce22-b8f9-2338-b791e3f2bc17">
      <Execution id="e70906ed-73a1-4d3d-b592-0d5923495383" />
      <TestMethod codeBase="D:\actions-runner\_work\XPCO\XPCO\Common\VideoOS.IdentityServer.Common\VideoOS.IdentityServer.Common.UnitTests\bin\Debug\net47\VideoOS.IdentityServer.Common.UnitTests.dll" adapterTypeName="executor://mstestadapter/v2" className="VideoOS.IdentityServer.Common.UnitTests.Services.IdpAdministrationClientTests" name="GetEventLogs_ResponseHasSuccessfulStatusCode_CorrectRequestUriIsPassed" />
    </UnitTest>
    <UnitTest name="BuildFullUri_HasUnencodedParts_PartsAreEncoded (a:b?c,a\)" storage="d:\actions-runner\_work\xpco\xpco\common\videoos.identityserver.common\videoos.identityserver.common.unittests\bin\debug\net47\videoos.identityserver.common.unittests.dll" id="71d1b4b5-6612-dad9-c0dc-422f4a8a13d1">
      <Execution id="eb708e5a-f2b6-400f-90c6-9550f5c13a41" />
      <TestMethod codeBase="D:\actions-runner\_work\XPCO\XPCO\Common\VideoOS.IdentityServer.Common\VideoOS.IdentityServer.Common.UnitTests\bin\Debug\net47\VideoOS.IdentityServer.Common.UnitTests.dll" adapterTypeName="executor://mstestadapter/v2" className="VideoOS.IdentityServer.Common.UnitTests.IdpClientBaseTests" name="BuildFullUri_HasUnencodedParts_PartsAreEncoded" />
    </UnitTest>
    <UnitTest name="BeforeSendRequest_ThrowsHttpRequestExceptionWithWebException_ThrowsCommunicationException (Timeout)" storage="d:\actions-runner\_work\xpco\xpco\common\videoos.identityserver.common\videoos.identityserver.common.unittests\bin\debug\net47\videoos.identityserver.common.unittests.dll" id="4c680463-2526-d2b9-8b45-18d4e02b72d8">
      <Execution id="5b0c447f-258b-4f51-83eb-e37b56ad7692" />
      <TestMethod codeBase="D:\actions-runner\_work\XPCO\XPCO\Common\VideoOS.IdentityServer.Common\VideoOS.IdentityServer.Common.UnitTests\bin\Debug\net47\VideoOS.IdentityServer.Common.UnitTests.dll" adapterTypeName="executor://mstestadapter/v2" className="VideoOS.IdentityServer.Common.UnitTests.ServiceModel.BearerAuthorizationHeaderInspectorTests" name="BeforeSendRequest_ThrowsHttpRequestExceptionWithWebException_ThrowsCommunicationException" />
    </UnitTest>
    <UnitTest name="DeleteTrustedIssuers_AccessTokenIsNull_ThrowArgumentException" storage="d:\actions-runner\_work\xpco\xpco\common\videoos.identityserver.common\videoos.identityserver.common.unittests\bin\debug\net47\videoos.identityserver.common.unittests.dll" id="28e59258-d59d-b899-0352-abac45b3f73d">
      <Execution id="e0533bc8-fe63-4c06-b593-51938f7612b1" />
      <TestMethod codeBase="D:\actions-runner\_work\XPCO\XPCO\Common\VideoOS.IdentityServer.Common\VideoOS.IdentityServer.Common.UnitTests\bin\Debug\net47\VideoOS.IdentityServer.Common.UnitTests.dll" adapterTypeName="executor://mstestadapter/v2" className="VideoOS.IdentityServer.Common.UnitTests.Services.IdpAdministrationClientTests" name="DeleteTrustedIssuers_AccessTokenIsNull_ThrowArgumentException" />
    </UnitTest>
    <UnitTest name="ValidateToken_MetaDataLoadDelay_MetadataLoadDelayed" storage="d:\actions-runner\_work\xpco\xpco\common\videoos.identityserver.common\videoos.identityserver.common.unittests\bin\debug\net47\videoos.identityserver.common.unittests.dll" id="2f309615-d38e-60ef-2c2d-0b95ad0a2a62">
      <Execution id="8df5a90c-d241-4ea4-9a8f-a24b134d3c28" />
      <TestMethod codeBase="D:\actions-runner\_work\XPCO\XPCO\Common\VideoOS.IdentityServer.Common\VideoOS.IdentityServer.Common.UnitTests\bin\Debug\net47\VideoOS.IdentityServer.Common.UnitTests.dll" adapterTypeName="executor://mstestadapter/v2" className="VideoOS.IdentityServer.Common.UnitTests.JwtSecurityTokenValidatorWithConfigurationManagerTests" name="ValidateToken_MetaDataLoadDelay_MetadataLoadDelayed" />
    </UnitTest>
    <UnitTest name="HandleException_IdentityServerTokenException_ReturnsTrue" storage="d:\actions-runner\_work\xpco\xpco\common\videoos.identityserver.common\videoos.identityserver.common.unittests\bin\debug\net47\videoos.identityserver.common.unittests.dll" id="78041a23-7bf7-db78-694f-dcf00358b174">
      <Execution id="0ca4bc54-fb32-4b27-9ae2-c7a9114c3dfd" />
      <TestMethod codeBase="D:\actions-runner\_work\XPCO\XPCO\Common\VideoOS.IdentityServer.Common\VideoOS.IdentityServer.Common.UnitTests\bin\Debug\net47\VideoOS.IdentityServer.Common.UnitTests.dll" adapterTypeName="executor://mstestadapter/v2" className="VideoOS.IdentityServer.Common.UnitTests.Utilities.ServerValidation.IdpExceptionHandlerTests" name="HandleException_IdentityServerTokenException_ReturnsTrue" />
    </UnitTest>
    <UnitTest name="ValidateToken_SignatureKeyNotFoundMinimumRefreshIntervalNotReached_RefreshNotRequested" storage="d:\actions-runner\_work\xpco\xpco\common\videoos.identityserver.common\videoos.identityserver.common.unittests\bin\debug\net47\videoos.identityserver.common.unittests.dll" id="0d4bd5fb-a3e0-f3c1-4f95-139d2488ddad">
      <Execution id="8f7b8a27-d5ae-416e-a70f-e79de9a738f4" />
      <TestMethod codeBase="D:\actions-runner\_work\XPCO\XPCO\Common\VideoOS.IdentityServer.Common\VideoOS.IdentityServer.Common.UnitTests\bin\Debug\net47\VideoOS.IdentityServer.Common.UnitTests.dll" adapterTypeName="executor://mstestadapter/v2" className="VideoOS.IdentityServer.Common.UnitTests.JwtSecurityTokenValidatorWithConfigurationManagerTests" name="ValidateToken_SignatureKeyNotFoundMinimumRefreshIntervalNotReached_RefreshNotRequested" />
    </UnitTest>
    <UnitTest name="UpdateUser_AccessTokenIsNull_ThrowArgumentException" storage="d:\actions-runner\_work\xpco\xpco\common\videoos.identityserver.common\videoos.identityserver.common.unittests\bin\debug\net47\videoos.identityserver.common.unittests.dll" id="4ea55908-c33e-986a-f384-035f1ba3fbff">
      <Execution id="6270eaa3-ccd6-4b07-81bb-2d6b93046903" />
      <TestMethod codeBase="D:\actions-runner\_work\XPCO\XPCO\Common\VideoOS.IdentityServer.Common\VideoOS.IdentityServer.Common.UnitTests\bin\Debug\net47\VideoOS.IdentityServer.Common.UnitTests.dll" adapterTypeName="executor://mstestadapter/v2" className="VideoOS.IdentityServer.Common.UnitTests.Services.IdpAdministrationClientTests" name="UpdateUser_AccessTokenIsNull_ThrowArgumentException" />
    </UnitTest>
    <UnitTest name="GetAsync_CallCancelled_OperationCanceledException" storage="d:\actions-runner\_work\xpco\xpco\common\videoos.identityserver.common\videoos.identityserver.common.unittests\bin\debug\net47\videoos.identityserver.common.unittests.dll" id="cac73a53-b4ae-6c1b-3bae-7a153785b4c5">
      <Execution id="e7a530c6-459f-45c4-9b80-aa1e72cf16c2" />
      <TestMethod codeBase="D:\actions-runner\_work\XPCO\XPCO\Common\VideoOS.IdentityServer.Common\VideoOS.IdentityServer.Common.UnitTests\bin\Debug\net47\VideoOS.IdentityServer.Common.UnitTests.dll" adapterTypeName="executor://mstestadapter/v2" className="VideoOS.IdentityServer.Common.UnitTests.DiscoveryClientTests" name="GetAsync_CallCancelled_OperationCanceledException" />
    </UnitTest>
    <UnitTest name="SendRequest_ResponseHasBadStatusCode_ThrowIdpException (HttpVersionNotSupported)" storage="d:\actions-runner\_work\xpco\xpco\common\videoos.identityserver.common\videoos.identityserver.common.unittests\bin\debug\net47\videoos.identityserver.common.unittests.dll" id="d176d0bf-5559-b755-c69c-09a2d4950528">
      <Execution id="dd05f198-2451-48e6-a864-031334dd8573" />
      <TestMethod codeBase="D:\actions-runner\_work\XPCO\XPCO\Common\VideoOS.IdentityServer.Common\VideoOS.IdentityServer.Common.UnitTests\bin\Debug\net47\VideoOS.IdentityServer.Common.UnitTests.dll" adapterTypeName="executor://mstestadapter/v2" className="VideoOS.IdentityServer.Common.UnitTests.IdpClientBaseTests" name="SendRequest_ResponseHasBadStatusCode_ThrowIdpException" />
    </UnitTest>
    <UnitTest name="GetClaimValue_IdTokenRetrieved_ClaimNotThere_ReturnsNull" storage="d:\actions-runner\_work\xpco\xpco\common\videoos.identityserver.common\videoos.identityserver.common.unittests\bin\debug\net47\videoos.identityserver.common.unittests.dll" id="7a8926d4-b9a3-8330-c659-fa45110afd0c">
      <Execution id="d9fe6ae5-e76b-42f6-b5ea-fcc0ee179a5d" />
      <TestMethod codeBase="D:\actions-runner\_work\XPCO\XPCO\Common\VideoOS.IdentityServer.Common\VideoOS.IdentityServer.Common.UnitTests\bin\Debug\net47\VideoOS.IdentityServer.Common.UnitTests.dll" adapterTypeName="executor://mstestadapter/v2" className="VideoOS.IdentityServer.Common.UnitTests.Handlers.TokenCacheTests" name="GetClaimValue_IdTokenRetrieved_ClaimNotThere_ReturnsNull" />
    </UnitTest>
    <UnitTest name="Dispose_IDisposableTokenHandler_Success" storage="d:\actions-runner\_work\xpco\xpco\common\videoos.identityserver.common\videoos.identityserver.common.unittests\bin\debug\net47\videoos.identityserver.common.unittests.dll" id="edadc8c2-2e6c-d240-0235-8c3d78f18004">
      <Execution id="59caaa51-327a-4a62-87b0-47a955ffa768" />
      <TestMethod codeBase="D:\actions-runner\_work\XPCO\XPCO\Common\VideoOS.IdentityServer.Common\VideoOS.IdentityServer.Common.UnitTests\bin\Debug\net47\VideoOS.IdentityServer.Common.UnitTests.dll" adapterTypeName="executor://mstestadapter/v2" className="VideoOS.IdentityServer.Common.UnitTests.Handlers.IdentityServerToken.SimpleTokenCacheTests" name="Dispose_IDisposableTokenHandler_Success" />
    </UnitTest>
    <UnitTest name="TokenCache_Constructor_Secret_ArgumentNullException" storage="d:\actions-runner\_work\xpco\xpco\common\videoos.identityserver.common\videoos.identityserver.common.unittests\bin\debug\net47\videoos.identityserver.common.unittests.dll" id="ebe888ba-3631-12b0-9554-250fe8da03f0">
      <Execution id="bbb53cea-f827-4175-b64d-f75881471136" />
      <TestMethod codeBase="D:\actions-runner\_work\XPCO\XPCO\Common\VideoOS.IdentityServer.Common\VideoOS.IdentityServer.Common.UnitTests\bin\Debug\net47\VideoOS.IdentityServer.Common.UnitTests.dll" adapterTypeName="executor://mstestadapter/v2" className="VideoOS.IdentityServer.Common.UnitTests.Handlers.TokenCacheTests" name="TokenCache_Constructor_Secret_ArgumentNullException" />
    </UnitTest>
    <UnitTest name="GetAsync_MultipleSuccessfulResponses_FirstIsReturned" storage="d:\actions-runner\_work\xpco\xpco\common\videoos.identityserver.common\videoos.identityserver.common.unittests\bin\debug\net47\videoos.identityserver.common.unittests.dll" id="723220bc-f6bc-2344-fd48-d0edbe583623">
      <Execution id="b8d68716-79b9-4e76-82a0-ccdc7ac2bd9d" />
      <TestMethod codeBase="D:\actions-runner\_work\XPCO\XPCO\Common\VideoOS.IdentityServer.Common\VideoOS.IdentityServer.Common.UnitTests\bin\Debug\net47\VideoOS.IdentityServer.Common.UnitTests.dll" adapterTypeName="executor://mstestadapter/v2" className="VideoOS.IdentityServer.Common.UnitTests.DiscoveryClientTests" name="GetAsync_MultipleSuccessfulResponses_FirstIsReturned" />
    </UnitTest>
    <UnitTest name="ValidateIdpServer_SimulateInvalidResponseFromOAuthServer_UnsecureIdpNotAvailable_SecureIdpAvailable_InvalidCertificate" storage="d:\actions-runner\_work\xpco\xpco\common\videoos.identityserver.common\videoos.identityserver.common.unittests\bin\debug\net47\videoos.identityserver.common.unittests.dll" id="52f18a4a-df7a-b0a9-8294-4256ba81d7da">
      <Execution id="2d211ccb-efd6-4e0a-8b43-bfb75bdbf615" />
      <TestMethod codeBase="D:\actions-runner\_work\XPCO\XPCO\Common\VideoOS.IdentityServer.Common\VideoOS.IdentityServer.Common.UnitTests\bin\Debug\net47\VideoOS.IdentityServer.Common.UnitTests.dll" adapterTypeName="executor://mstestadapter/v2" className="VideoOS.IdentityServer.Common.UnitTests.IdpServerValidationTests" name="ValidateIdpServer_SimulateInvalidResponseFromOAuthServer_UnsecureIdpNotAvailable_SecureIdpAvailable_InvalidCertificate" />
    </UnitTest>
    <UnitTest name="GetUsersAfterModifiedDate_AccessTokenNullWithDateTimeNow_ThrowsArgumentException" storage="d:\actions-runner\_work\xpco\xpco\common\videoos.identityserver.common\videoos.identityserver.common.unittests\bin\debug\net47\videoos.identityserver.common.unittests.dll" id="b357bd63-2bfe-e360-123f-216e041a66f7">
      <Execution id="37ca76e8-58a4-4ee8-a446-689e6fe273e8" />
      <TestMethod codeBase="D:\actions-runner\_work\XPCO\XPCO\Common\VideoOS.IdentityServer.Common\VideoOS.IdentityServer.Common.UnitTests\bin\Debug\net47\VideoOS.IdentityServer.Common.UnitTests.dll" adapterTypeName="executor://mstestadapter/v2" className="VideoOS.IdentityServer.Common.UnitTests.Services.IdpAdministrationClientTests" name="GetUsersAfterModifiedDate_AccessTokenNullWithDateTimeNow_ThrowsArgumentException" />
    </UnitTest>
    <UnitTest name="Constructor_NullHttpClient_ThrowArgumentNullException" storage="d:\actions-runner\_work\xpco\xpco\common\videoos.identityserver.common\videoos.identityserver.common.unittests\bin\debug\net47\videoos.identityserver.common.unittests.dll" id="f6233300-4bb5-ebc3-fb67-68daee71e649">
      <Execution id="7eec8b13-0dc2-457d-b139-46c5c95c717f" />
      <TestMethod codeBase="D:\actions-runner\_work\XPCO\XPCO\Common\VideoOS.IdentityServer.Common\VideoOS.IdentityServer.Common.UnitTests\bin\Debug\net47\VideoOS.IdentityServer.Common.UnitTests.dll" adapterTypeName="executor://mstestadapter/v2" className="VideoOS.IdentityServer.Common.UnitTests.ExchangeTokenHandlerTests" name="Constructor_NullHttpClient_ThrowArgumentNullException" />
    </UnitTest>
    <UnitTest name="GetAsync_AllCallsFailed_DiscoveryResponsesForAll" storage="d:\actions-runner\_work\xpco\xpco\common\videoos.identityserver.common\videoos.identityserver.common.unittests\bin\debug\net47\videoos.identityserver.common.unittests.dll" id="5e0c0b16-1156-1376-f6f0-3908d3a2cb3b">
      <Execution id="417972b3-91a0-4b8d-9e57-b3924c170463" />
      <TestMethod codeBase="D:\actions-runner\_work\XPCO\XPCO\Common\VideoOS.IdentityServer.Common\VideoOS.IdentityServer.Common.UnitTests\bin\Debug\net47\VideoOS.IdentityServer.Common.UnitTests.dll" adapterTypeName="executor://mstestadapter/v2" className="VideoOS.IdentityServer.Common.UnitTests.DiscoveryClientTests" name="GetAsync_AllCallsFailed_DiscoveryResponsesForAll" />
    </UnitTest>
    <UnitTest name="GetUsersAfterModifiedDate_UnixTimeIsSet_UriQueryContainsTheFilter" storage="d:\actions-runner\_work\xpco\xpco\common\videoos.identityserver.common\videoos.identityserver.common.unittests\bin\debug\net47\videoos.identityserver.common.unittests.dll" id="dda37eb5-3275-a6a0-766a-62d2bf0b35ac">
      <Execution id="be077b2b-5543-491a-a1e9-a8ae592334b2" />
      <TestMethod codeBase="D:\actions-runner\_work\XPCO\XPCO\Common\VideoOS.IdentityServer.Common\VideoOS.IdentityServer.Common.UnitTests\bin\Debug\net47\VideoOS.IdentityServer.Common.UnitTests.dll" adapterTypeName="executor://mstestadapter/v2" className="VideoOS.IdentityServer.Common.UnitTests.Services.IdpAdministrationClientTests" name="GetUsersAfterModifiedDate_UnixTimeIsSet_UriQueryContainsTheFilter" />
    </UnitTest>
    <UnitTest name="Authenticate_AuthHeaderIsMalformed_ReturnNull" storage="d:\actions-runner\_work\xpco\xpco\common\videoos.identityserver.common\videoos.identityserver.common.unittests\bin\debug\net47\videoos.identityserver.common.unittests.dll" id="2b021d7e-c76f-2f26-bc24-23b377698977">
      <Execution id="6e6f7091-3bba-4e90-b2ef-a47d6d8b2781" />
      <TestMethod codeBase="D:\actions-runner\_work\XPCO\XPCO\Common\VideoOS.IdentityServer.Common\VideoOS.IdentityServer.Common.UnitTests\bin\Debug\net47\VideoOS.IdentityServer.Common.UnitTests.dll" adapterTypeName="executor://mstestadapter/v2" className="VideoOS.IdentityServer.Common.UnitTests.ServiceModel.OpenIdClaimsAuthenticationManagerTests" name="Authenticate_AuthHeaderIsMalformed_ReturnNull" />
    </UnitTest>
    <UnitTest name="CreateUserCollection_AccessTokenIsNull_ThrowArgumentException" storage="d:\actions-runner\_work\xpco\xpco\common\videoos.identityserver.common\videoos.identityserver.common.unittests\bin\debug\net47\videoos.identityserver.common.unittests.dll" id="d3545ea5-dab7-481a-2ef9-e3a4a28edd41">
      <Execution id="f43ca845-9e84-4f6a-bb79-03c479e49aa0" />
      <TestMethod codeBase="D:\actions-runner\_work\XPCO\XPCO\Common\VideoOS.IdentityServer.Common\VideoOS.IdentityServer.Common.UnitTests\bin\Debug\net47\VideoOS.IdentityServer.Common.UnitTests.dll" adapterTypeName="executor://mstestadapter/v2" className="VideoOS.IdentityServer.Common.UnitTests.Services.IdpAdministrationClientTests" name="CreateUserCollection_AccessTokenIsNull_ThrowArgumentException" />
    </UnitTest>
    <UnitTest name="GetUserCollection_ResponseHasSuccessfulStatusCode_CorrectRequestUriIsPassedAndUsersAreReturned" storage="d:\actions-runner\_work\xpco\xpco\common\videoos.identityserver.common\videoos.identityserver.common.unittests\bin\debug\net47\videoos.identityserver.common.unittests.dll" id="d807db37-04e4-3703-28e1-c5c109b432e1">
      <Execution id="247bf943-c4b5-45a8-be48-a24a5d753ed9" />
      <TestMethod codeBase="D:\actions-runner\_work\XPCO\XPCO\Common\VideoOS.IdentityServer.Common\VideoOS.IdentityServer.Common.UnitTests\bin\Debug\net47\VideoOS.IdentityServer.Common.UnitTests.dll" adapterTypeName="executor://mstestadapter/v2" className="VideoOS.IdentityServer.Common.UnitTests.Services.IdpAdministrationClientTests" name="GetUserCollection_ResponseHasSuccessfulStatusCode_CorrectRequestUriIsPassedAndUsersAreReturned" />
    </UnitTest>
    <UnitTest name="RegisterAuthorizationCodeClient_RedirectUrisIsEmpty_ThrowArgumentException" storage="d:\actions-runner\_work\xpco\xpco\common\videoos.identityserver.common\videoos.identityserver.common.unittests\bin\debug\net47\videoos.identityserver.common.unittests.dll" id="aac9aae4-033c-5a4d-bf6f-6c295840a3fd">
      <Execution id="d50a9886-293c-4eae-9e1a-dafc13c260fb" />
      <TestMethod codeBase="D:\actions-runner\_work\XPCO\XPCO\Common\VideoOS.IdentityServer.Common\VideoOS.IdentityServer.Common.UnitTests\bin\Debug\net47\VideoOS.IdentityServer.Common.UnitTests.dll" adapterTypeName="executor://mstestadapter/v2" className="VideoOS.IdentityServer.Common.UnitTests.IdpRegistrationClientTests" name="RegisterAuthorizationCodeClient_RedirectUrisIsEmpty_ThrowArgumentException" />
    </UnitTest>
    <UnitTest name="RegisterClient_ScopesAreNull_ThrowArgumentNullException" storage="d:\actions-runner\_work\xpco\xpco\common\videoos.identityserver.common\videoos.identityserver.common.unittests\bin\debug\net47\videoos.identityserver.common.unittests.dll" id="2c3c5b9a-85d3-0ea3-3ec1-f527226951f2">
      <Execution id="0d038dd8-a825-4b16-84a5-41ac5d5707bb" />
      <TestMethod codeBase="D:\actions-runner\_work\XPCO\XPCO\Common\VideoOS.IdentityServer.Common\VideoOS.IdentityServer.Common.UnitTests\bin\Debug\net47\VideoOS.IdentityServer.Common.UnitTests.dll" adapterTypeName="executor://mstestadapter/v2" className="VideoOS.IdentityServer.Common.UnitTests.IdpRegistrationClientTests" name="RegisterClient_ScopesAreNull_ThrowArgumentNullException" />
    </UnitTest>
    <UnitTest name="Constructor_SecretIsNull_ThrowArgumentNullException" storage="d:\actions-runner\_work\xpco\xpco\common\videoos.identityserver.common\videoos.identityserver.common.unittests\bin\debug\net47\videoos.identityserver.common.unittests.dll" id="17a16fc5-4fe6-49ea-a991-631fada3d645">
      <Execution id="f39209d8-3e3c-4c0c-b746-10fdb2bfe4a7" />
      <TestMethod codeBase="D:\actions-runner\_work\XPCO\XPCO\Common\VideoOS.IdentityServer.Common\VideoOS.IdentityServer.Common.UnitTests\bin\Debug\net47\VideoOS.IdentityServer.Common.UnitTests.dll" adapterTypeName="executor://mstestadapter/v2" className="VideoOS.IdentityServer.Common.UnitTests.IdentityServerTokenHandlerTests" name="Constructor_SecretIsNull_ThrowArgumentNullException" />
    </UnitTest>
    <UnitTest name="BuildFullUri_HasNullPart_ThrowsArgumentException" storage="d:\actions-runner\_work\xpco\xpco\common\videoos.identityserver.common\videoos.identityserver.common.unittests\bin\debug\net47\videoos.identityserver.common.unittests.dll" id="82b44982-47bf-5402-bc06-46a13615b67f">
      <Execution id="d7ad1768-f378-4c53-9a30-d8ee6d8dc734" />
      <TestMethod codeBase="D:\actions-runner\_work\XPCO\XPCO\Common\VideoOS.IdentityServer.Common\VideoOS.IdentityServer.Common.UnitTests\bin\Debug\net47\VideoOS.IdentityServer.Common.UnitTests.dll" adapterTypeName="executor://mstestadapter/v2" className="VideoOS.IdentityServer.Common.UnitTests.IdpClientBaseTests" name="BuildFullUri_HasNullPart_ThrowsArgumentException" />
    </UnitTest>
    <UnitTest name="BeforeSendRequest_ThrowsHttpRequestExceptionWithWebException_ThrowsCommunicationException (RequestCanceled)" storage="d:\actions-runner\_work\xpco\xpco\common\videoos.identityserver.common\videoos.identityserver.common.unittests\bin\debug\net47\videoos.identityserver.common.unittests.dll" id="e870aa90-2e02-5dba-b8c8-beea96026546">
      <Execution id="ee846cac-f113-4a10-ac3d-33a79cd6a840" />
      <TestMethod codeBase="D:\actions-runner\_work\XPCO\XPCO\Common\VideoOS.IdentityServer.Common\VideoOS.IdentityServer.Common.UnitTests\bin\Debug\net47\VideoOS.IdentityServer.Common.UnitTests.dll" adapterTypeName="executor://mstestadapter/v2" className="VideoOS.IdentityServer.Common.UnitTests.ServiceModel.BearerAuthorizationHeaderInspectorTests" name="BeforeSendRequest_ThrowsHttpRequestExceptionWithWebException_ThrowsCommunicationException" />
    </UnitTest>
    <UnitTest name="SendRequest_ResponseHasBadStatusCode_ThrowIdpException (PaymentRequired)" storage="d:\actions-runner\_work\xpco\xpco\common\videoos.identityserver.common\videoos.identityserver.common.unittests\bin\debug\net47\videoos.identityserver.common.unittests.dll" id="1cd4fe94-7bb9-0d0d-a095-b6d8dbddc0b6">
      <Execution id="bcca551b-ca77-4529-8ae2-30ff1f8512ec" />
      <TestMethod codeBase="D:\actions-runner\_work\XPCO\XPCO\Common\VideoOS.IdentityServer.Common\VideoOS.IdentityServer.Common.UnitTests\bin\Debug\net47\VideoOS.IdentityServer.Common.UnitTests.dll" adapterTypeName="executor://mstestadapter/v2" className="VideoOS.IdentityServer.Common.UnitTests.IdpClientBaseTests" name="SendRequest_ResponseHasBadStatusCode_ThrowIdpException" />
    </UnitTest>
    <UnitTest name="CreateException_InvalidCredentials_Is_ChangePasswordException" storage="d:\actions-runner\_work\xpco\xpco\common\videoos.identityserver.common\videoos.identityserver.common.unittests\bin\debug\net47\videoos.identityserver.common.unittests.dll" id="ee1e7c2b-0cb3-69aa-1c3e-150a4187ed3e">
      <Execution id="ec95c04c-ae8e-444a-a3f4-07200508ce75" />
      <TestMethod codeBase="D:\actions-runner\_work\XPCO\XPCO\Common\VideoOS.IdentityServer.Common\VideoOS.IdentityServer.Common.UnitTests\bin\Debug\net47\VideoOS.IdentityServer.Common.UnitTests.dll" adapterTypeName="executor://mstestadapter/v2" className="VideoOS.IdentityServer.Common.UnitTests.Exceptions.IdpExceptionFactoryTests" name="CreateException_InvalidCredentials_Is_ChangePasswordException" />
    </UnitTest>
    <UnitTest name="UpdateTrustedIssuers_ResponseHasSuccessfulStatusCode_CorrectRequestUriIsPassed" storage="d:\actions-runner\_work\xpco\xpco\common\videoos.identityserver.common\videoos.identityserver.common.unittests\bin\debug\net47\videoos.identityserver.common.unittests.dll" id="4618c648-90e2-3a1c-2996-abab9470f68d">
      <Execution id="e05c73b9-a0c2-4f55-929b-33894349139e" />
      <TestMethod codeBase="D:\actions-runner\_work\XPCO\XPCO\Common\VideoOS.IdentityServer.Common\VideoOS.IdentityServer.Common.UnitTests\bin\Debug\net47\VideoOS.IdentityServer.Common.UnitTests.dll" adapterTypeName="executor://mstestadapter/v2" className="VideoOS.IdentityServer.Common.UnitTests.Services.IdpAdministrationClientTests" name="UpdateTrustedIssuers_ResponseHasSuccessfulStatusCode_CorrectRequestUriIsPassed" />
    </UnitTest>
    <UnitTest name="RegisterAuthorizationCodeClientWithToken_ClientIdIsNull_ThrowArgumentException" storage="d:\actions-runner\_work\xpco\xpco\common\videoos.identityserver.common\videoos.identityserver.common.unittests\bin\debug\net47\videoos.identityserver.common.unittests.dll" id="5350274c-91fb-610e-856e-3415f7a1fa83">
      <Execution id="4a554862-d86d-4a0a-83c5-495859e1543f" />
      <TestMethod codeBase="D:\actions-runner\_work\XPCO\XPCO\Common\VideoOS.IdentityServer.Common\VideoOS.IdentityServer.Common.UnitTests\bin\Debug\net47\VideoOS.IdentityServer.Common.UnitTests.dll" adapterTypeName="executor://mstestadapter/v2" className="VideoOS.IdentityServer.Common.UnitTests.IdpRegistrationClientTests" name="RegisterAuthorizationCodeClientWithToken_ClientIdIsNull_ThrowArgumentException" />
    </UnitTest>
    <UnitTest name="GetTokenResponseAsync_TokenResponseIsReturned" storage="d:\actions-runner\_work\xpco\xpco\common\videoos.identityserver.common\videoos.identityserver.common.unittests\bin\debug\net47\videoos.identityserver.common.unittests.dll" id="87c632ab-1f7d-93ea-f769-4737e54aa158">
      <Execution id="3aa89475-5db1-4b42-8ceb-7e3bd4a265b1" />
      <TestMethod codeBase="D:\actions-runner\_work\XPCO\XPCO\Common\VideoOS.IdentityServer.Common\VideoOS.IdentityServer.Common.UnitTests\bin\Debug\net47\VideoOS.IdentityServer.Common.UnitTests.dll" adapterTypeName="executor://mstestadapter/v2" className="VideoOS.IdentityServer.Common.UnitTests.ExchangeTokenHandlerTests" name="GetTokenResponseAsync_TokenResponseIsReturned" />
    </UnitTest>
    <UnitTest name="UpdateUser_IdIsNull_ThrowArgumentException" storage="d:\actions-runner\_work\xpco\xpco\common\videoos.identityserver.common\videoos.identityserver.common.unittests\bin\debug\net47\videoos.identityserver.common.unittests.dll" id="e7af6fc8-165d-9f9b-7acd-68ce9f4566a5">
      <Execution id="b9b805c6-1478-4188-929f-f4bf3557b556" />
      <TestMethod codeBase="D:\actions-runner\_work\XPCO\XPCO\Common\VideoOS.IdentityServer.Common\VideoOS.IdentityServer.Common.UnitTests\bin\Debug\net47\VideoOS.IdentityServer.Common.UnitTests.dll" adapterTypeName="executor://mstestadapter/v2" className="VideoOS.IdentityServer.Common.UnitTests.Services.IdpAdministrationClientTests" name="UpdateUser_IdIsNull_ThrowArgumentException" />
    </UnitTest>
    <UnitTest name="Ctor_IOpenIdTokenHandlerIsNull_ThrowsArgumentNullException" storage="d:\actions-runner\_work\xpco\xpco\common\videoos.identityserver.common\videoos.identityserver.common.unittests\bin\debug\net47\videoos.identityserver.common.unittests.dll" id="270700fa-e78d-d8e5-7de5-4325952fbc65">
      <Execution id="4e49bc05-23e7-4bdf-8965-717b00b91fb6" />
      <TestMethod codeBase="D:\actions-runner\_work\XPCO\XPCO\Common\VideoOS.IdentityServer.Common\VideoOS.IdentityServer.Common.UnitTests\bin\Debug\net47\VideoOS.IdentityServer.Common.UnitTests.dll" adapterTypeName="executor://mstestadapter/v2" className="VideoOS.IdentityServer.Common.UnitTests.ServiceModel.OpenIdClaimsAuthenticationManagerTests" name="Ctor_IOpenIdTokenHandlerIsNull_ThrowsArgumentNullException" />
    </UnitTest>
    <UnitTest name="ValidateIdpServer_SimulateValidResponseFromOAuthServer_WithValidCertificate_SslVerificationTimesOut" storage="d:\actions-runner\_work\xpco\xpco\common\videoos.identityserver.common\videoos.identityserver.common.unittests\bin\debug\net47\videoos.identityserver.common.unittests.dll" id="026a0bc2-d18b-aab5-abeb-9318d37dfa38">
      <Execution id="7b5acfae-0b1d-4a1b-b9d7-929f44fa5a6f" />
      <TestMethod codeBase="D:\actions-runner\_work\XPCO\XPCO\Common\VideoOS.IdentityServer.Common\VideoOS.IdentityServer.Common.UnitTests\bin\Debug\net47\VideoOS.IdentityServer.Common.UnitTests.dll" adapterTypeName="executor://mstestadapter/v2" className="VideoOS.IdentityServer.Common.UnitTests.IdpServerValidationTests" name="ValidateIdpServer_SimulateValidResponseFromOAuthServer_WithValidCertificate_SslVerificationTimesOut" />
    </UnitTest>
    <UnitTest name="SendRequest_ResponseHasBadStatusCode_ThrowIdpException (RequestEntityTooLarge)" storage="d:\actions-runner\_work\xpco\xpco\common\videoos.identityserver.common\videoos.identityserver.common.unittests\bin\debug\net47\videoos.identityserver.common.unittests.dll" id="1155d7e4-ae1c-c9f6-e196-ad7112467825">
      <Execution id="d09e87cc-f162-448c-b6b1-44a8e6bc4e43" />
      <TestMethod codeBase="D:\actions-runner\_work\XPCO\XPCO\Common\VideoOS.IdentityServer.Common\VideoOS.IdentityServer.Common.UnitTests\bin\Debug\net47\VideoOS.IdentityServer.Common.UnitTests.dll" adapterTypeName="executor://mstestadapter/v2" className="VideoOS.IdentityServer.Common.UnitTests.IdpClientBaseTests" name="SendRequest_ResponseHasBadStatusCode_ThrowIdpException" />
    </UnitTest>
    <UnitTest name="DeleteUser_ParameterIsNull_ThrowArgumentException (,abc)" storage="d:\actions-runner\_work\xpco\xpco\common\videoos.identityserver.common\videoos.identityserver.common.unittests\bin\debug\net47\videoos.identityserver.common.unittests.dll" id="da2a4482-8679-bf21-379a-ba675bbae9ad">
      <Execution id="039801d0-5625-4698-9c6b-5d31ac86eaa5" />
      <TestMethod codeBase="D:\actions-runner\_work\XPCO\XPCO\Common\VideoOS.IdentityServer.Common\VideoOS.IdentityServer.Common.UnitTests\bin\Debug\net47\VideoOS.IdentityServer.Common.UnitTests.dll" adapterTypeName="executor://mstestadapter/v2" className="VideoOS.IdentityServer.Common.UnitTests.Services.IdpAdministrationClientTests" name="DeleteUser_ParameterIsNull_ThrowArgumentException" />
    </UnitTest>
    <UnitTest name="HasValidScheme_UriIsHttp_ReturnsTrue" storage="d:\actions-runner\_work\xpco\xpco\common\videoos.identityserver.common\videoos.identityserver.common.unittests\bin\debug\net47\videoos.identityserver.common.unittests.dll" id="a844f451-0f87-c9e5-8ca9-902b45b90314">
      <Execution id="c7e0390f-50ba-449c-8eb5-05780274ad2e" />
      <TestMethod codeBase="D:\actions-runner\_work\XPCO\XPCO\Common\VideoOS.IdentityServer.Common\VideoOS.IdentityServer.Common.UnitTests\bin\Debug\net47\VideoOS.IdentityServer.Common.UnitTests.dll" adapterTypeName="executor://mstestadapter/v2" className="VideoOS.IdentityServer.Common.UnitTests.Utilities.ServerValidation.UriExtenderTests" name="HasValidScheme_UriIsHttp_ReturnsTrue" />
    </UnitTest>
    <UnitTest name="CreateException_PasswordRequiresUniqueChars_Is_PasswordNotComplexEnoughException" storage="d:\actions-runner\_work\xpco\xpco\common\videoos.identityserver.common\videoos.identityserver.common.unittests\bin\debug\net47\videoos.identityserver.common.unittests.dll" id="6aef1b61-0dc3-b6ce-7dbd-e4e62a370ac5">
      <Execution id="87862dea-1168-4e2d-a413-8486abb6723c" />
      <TestMethod codeBase="D:\actions-runner\_work\XPCO\XPCO\Common\VideoOS.IdentityServer.Common\VideoOS.IdentityServer.Common.UnitTests\bin\Debug\net47\VideoOS.IdentityServer.Common.UnitTests.dll" adapterTypeName="executor://mstestadapter/v2" className="VideoOS.IdentityServer.Common.UnitTests.Exceptions.IdpExceptionFactoryTests" name="CreateException_PasswordRequiresUniqueChars_Is_PasswordNotComplexEnoughException" />
    </UnitTest>
    <UnitTest name="BuildFullUri_HasUnencodedParts_PartsAreEncoded (a b c,/a)" storage="d:\actions-runner\_work\xpco\xpco\common\videoos.identityserver.common\videoos.identityserver.common.unittests\bin\debug\net47\videoos.identityserver.common.unittests.dll" id="18d1d3c3-df4e-6919-02e8-0460c923b1d0">
      <Execution id="a80b97cd-8e6a-47a1-8ca6-cf361f25e892" />
      <TestMethod codeBase="D:\actions-runner\_work\XPCO\XPCO\Common\VideoOS.IdentityServer.Common\VideoOS.IdentityServer.Common.UnitTests\bin\Debug\net47\VideoOS.IdentityServer.Common.UnitTests.dll" adapterTypeName="executor://mstestadapter/v2" className="VideoOS.IdentityServer.Common.UnitTests.IdpClientBaseTests" name="BuildFullUri_HasUnencodedParts_PartsAreEncoded" />
    </UnitTest>
    <UnitTest name="Authenticate_AuthHeaderIsNotPresent_ReturnNull" storage="d:\actions-runner\_work\xpco\xpco\common\videoos.identityserver.common\videoos.identityserver.common.unittests\bin\debug\net47\videoos.identityserver.common.unittests.dll" id="faab56b6-f448-562a-00cf-747e8f2205fc">
      <Execution id="2c565bcf-b27a-415f-8fc6-bd227fb862fa" />
      <TestMethod codeBase="D:\actions-runner\_work\XPCO\XPCO\Common\VideoOS.IdentityServer.Common\VideoOS.IdentityServer.Common.UnitTests\bin\Debug\net47\VideoOS.IdentityServer.Common.UnitTests.dll" adapterTypeName="executor://mstestadapter/v2" className="VideoOS.IdentityServer.Common.UnitTests.ServiceModel.OpenIdClaimsAuthenticationManagerTests" name="Authenticate_AuthHeaderIsNotPresent_ReturnNull" />
    </UnitTest>
    <UnitTest name="Start_StopTimerCalled_Success" storage="d:\actions-runner\_work\xpco\xpco\common\videoos.identityserver.common\videoos.identityserver.common.unittests\bin\debug\net47\videoos.identityserver.common.unittests.dll" id="09372ef8-08d3-01fe-20c8-b7c4bfe94b6c">
      <Execution id="2790a412-579a-4bed-be3d-ba6c72dc2e53" />
      <TestMethod codeBase="D:\actions-runner\_work\XPCO\XPCO\Common\VideoOS.IdentityServer.Common\VideoOS.IdentityServer.Common.UnitTests\bin\Debug\net47\VideoOS.IdentityServer.Common.UnitTests.dll" adapterTypeName="executor://mstestadapter/v2" className="VideoOS.IdentityServer.Common.UnitTests.Handlers.TokenCacheTests" name="Start_StopTimerCalled_Success" />
    </UnitTest>
    <UnitTest name="SendRequest_ResponseHasBadStatusCode_ThrowIdpException (NotImplemented)" storage="d:\actions-runner\_work\xpco\xpco\common\videoos.identityserver.common\videoos.identityserver.common.unittests\bin\debug\net47\videoos.identityserver.common.unittests.dll" id="07860993-0a42-4d7c-0b94-185b0186e197">
      <Execution id="99d898fd-04ff-473a-a80a-c8ed79a7cea8" />
      <TestMethod codeBase="D:\actions-runner\_work\XPCO\XPCO\Common\VideoOS.IdentityServer.Common\VideoOS.IdentityServer.Common.UnitTests\bin\Debug\net47\VideoOS.IdentityServer.Common.UnitTests.dll" adapterTypeName="executor://mstestadapter/v2" className="VideoOS.IdentityServer.Common.UnitTests.IdpClientBaseTests" name="SendRequest_ResponseHasBadStatusCode_ThrowIdpException" />
    </UnitTest>
    <UnitTest name="DeleteAdmin_ParameterIsNull_ThrowArgumentException (abc,)" storage="d:\actions-runner\_work\xpco\xpco\common\videoos.identityserver.common\videoos.identityserver.common.unittests\bin\debug\net47\videoos.identityserver.common.unittests.dll" id="d0d162e0-a27a-438e-6e3b-3fe15b89c2fa">
      <Execution id="f3b8f953-e1cc-4d19-887d-1f6b20c69c36" />
      <TestMethod codeBase="D:\actions-runner\_work\XPCO\XPCO\Common\VideoOS.IdentityServer.Common\VideoOS.IdentityServer.Common.UnitTests\bin\Debug\net47\VideoOS.IdentityServer.Common.UnitTests.dll" adapterTypeName="executor://mstestadapter/v2" className="VideoOS.IdentityServer.Common.UnitTests.Services.IdpAdministrationClientTests" name="DeleteAdmin_ParameterIsNull_ThrowArgumentException" />
    </UnitTest>
    <UnitTest name="HandleException_WebException_Status_ConnectionClosed_ReturnsTrue" storage="d:\actions-runner\_work\xpco\xpco\common\videoos.identityserver.common\videoos.identityserver.common.unittests\bin\debug\net47\videoos.identityserver.common.unittests.dll" id="160926a9-6be8-e16e-5ee4-6d69f6901085">
      <Execution id="2268df78-da69-4976-b96b-6035b0916950" />
      <TestMethod codeBase="D:\actions-runner\_work\XPCO\XPCO\Common\VideoOS.IdentityServer.Common\VideoOS.IdentityServer.Common.UnitTests\bin\Debug\net47\VideoOS.IdentityServer.Common.UnitTests.dll" adapterTypeName="executor://mstestadapter/v2" className="VideoOS.IdentityServer.Common.UnitTests.Utilities.ServerValidation.IdpExceptionHandlerTests" name="HandleException_WebException_Status_ConnectionClosed_ReturnsTrue" />
    </UnitTest>
    <UnitTest name="CreateException_ArgumentsNotResolved_Is_BadArgumentsException" storage="d:\actions-runner\_work\xpco\xpco\common\videoos.identityserver.common\videoos.identityserver.common.unittests\bin\debug\net47\videoos.identityserver.common.unittests.dll" id="deca3051-566c-ab49-e061-aefe5abff9fe">
      <Execution id="b0c81cf8-a4f1-49a8-b9bd-390db13659bf" />
      <TestMethod codeBase="D:\actions-runner\_work\XPCO\XPCO\Common\VideoOS.IdentityServer.Common\VideoOS.IdentityServer.Common.UnitTests\bin\Debug\net47\VideoOS.IdentityServer.Common.UnitTests.dll" adapterTypeName="executor://mstestadapter/v2" className="VideoOS.IdentityServer.Common.UnitTests.Exceptions.IdpExceptionFactoryTests" name="CreateException_ArgumentsNotResolved_Is_BadArgumentsException" />
    </UnitTest>
    <UnitTest name="BasicOpenAuthenticationHeaderValue_Constructor_NullPassword" storage="d:\actions-runner\_work\xpco\xpco\common\videoos.identityserver.common\videoos.identityserver.common.unittests\bin\debug\net47\videoos.identityserver.common.unittests.dll" id="a2c96cce-3d64-0619-9c0f-87d54f8eee1b">
      <Execution id="e5f38693-c1a4-4021-91c5-cc05f7b90f76" />
      <TestMethod codeBase="D:\actions-runner\_work\XPCO\XPCO\Common\VideoOS.IdentityServer.Common\VideoOS.IdentityServer.Common.UnitTests\bin\Debug\net47\VideoOS.IdentityServer.Common.UnitTests.dll" adapterTypeName="executor://mstestadapter/v2" className="VideoOS.IdentityServer.Common.UnitTests.BasicOpenAuthenticationHeaderValueTests" name="BasicOpenAuthenticationHeaderValue_Constructor_NullPassword" />
    </UnitTest>
    <UnitTest name="WindowsAuthenticationAsync_StatusCodeOk_TokenResponseWithTokenIsReturned" storage="d:\actions-runner\_work\xpco\xpco\common\videoos.identityserver.common\videoos.identityserver.common.unittests\bin\debug\net47\videoos.identityserver.common.unittests.dll" id="76a3eda6-3598-ebb2-6b10-983e4fde7476">
      <Execution id="4e27d035-fa14-48df-8cd6-e96e90660daa" />
      <TestMethod codeBase="D:\actions-runner\_work\XPCO\XPCO\Common\VideoOS.IdentityServer.Common\VideoOS.IdentityServer.Common.UnitTests\bin\Debug\net47\VideoOS.IdentityServer.Common.UnitTests.dll" adapterTypeName="executor://mstestadapter/v2" className="VideoOS.IdentityServer.Common.UnitTests.IdpTokenClientTests" name="WindowsAuthenticationAsync_StatusCodeOk_TokenResponseWithTokenIsReturned" />
    </UnitTest>
    <UnitTest name="Ctor_TypeIsNull_ThrowsArgumentNullException" storage="d:\actions-runner\_work\xpco\xpco\common\videoos.identityserver.common\videoos.identityserver.common.unittests\bin\debug\net47\videoos.identityserver.common.unittests.dll" id="a8bcc73c-dc70-1261-8278-4b0a946db697">
      <Execution id="cd7fcd1e-cb8f-4817-b3c9-59f1384975ee" />
      <TestMethod codeBase="D:\actions-runner\_work\XPCO\XPCO\Common\VideoOS.IdentityServer.Common\VideoOS.IdentityServer.Common.UnitTests\bin\Debug\net47\VideoOS.IdentityServer.Common.UnitTests.dll" adapterTypeName="executor://mstestadapter/v2" className="VideoOS.IdentityServer.Common.UnitTests.ServiceModel.ClaimRequirementAttributeTests" name="Ctor_TypeIsNull_ThrowsArgumentNullException" />
    </UnitTest>
    <UnitTest name="SendRequest_ResponseHasBadStatusCode_ThrowIdpException (ServiceUnavailable)" storage="d:\actions-runner\_work\xpco\xpco\common\videoos.identityserver.common\videoos.identityserver.common.unittests\bin\debug\net47\videoos.identityserver.common.unittests.dll" id="9574f2b4-908d-7278-b0da-6c84b944cfb6">
      <Execution id="02fd15ec-8f70-4ef7-ac9c-6f48fbbdaf94" />
      <TestMethod codeBase="D:\actions-runner\_work\XPCO\XPCO\Common\VideoOS.IdentityServer.Common\VideoOS.IdentityServer.Common.UnitTests\bin\Debug\net47\VideoOS.IdentityServer.Common.UnitTests.dll" adapterTypeName="executor://mstestadapter/v2" className="VideoOS.IdentityServer.Common.UnitTests.IdpClientBaseTests" name="SendRequest_ResponseHasBadStatusCode_ThrowIdpException" />
    </UnitTest>
    <UnitTest name="CreateLogin_ModelIsNull_ThrowArgumentNullException" storage="d:\actions-runner\_work\xpco\xpco\common\videoos.identityserver.common\videoos.identityserver.common.unittests\bin\debug\net47\videoos.identityserver.common.unittests.dll" id="177f25f3-8788-a5e1-0e06-b7d455065c9f">
      <Execution id="df38f800-d794-49ae-a534-677e74c87296" />
      <TestMethod codeBase="D:\actions-runner\_work\XPCO\XPCO\Common\VideoOS.IdentityServer.Common\VideoOS.IdentityServer.Common.UnitTests\bin\Debug\net47\VideoOS.IdentityServer.Common.UnitTests.dll" adapterTypeName="executor://mstestadapter/v2" className="VideoOS.IdentityServer.Common.UnitTests.Services.IdpAdministrationClientTests" name="CreateLogin_ModelIsNull_ThrowArgumentNullException" />
    </UnitTest>
    <UnitTest name="Start_TimeToTokenExpireUnder5min_TriesToGetNewToken" storage="d:\actions-runner\_work\xpco\xpco\common\videoos.identityserver.common\videoos.identityserver.common.unittests\bin\debug\net47\videoos.identityserver.common.unittests.dll" id="8a9bf480-5820-5db4-cbbc-995cdda4b03b">
      <Execution id="af6cb4b3-4869-41ab-b89e-9b2f551813c6" />
      <TestMethod codeBase="D:\actions-runner\_work\XPCO\XPCO\Common\VideoOS.IdentityServer.Common\VideoOS.IdentityServer.Common.UnitTests\bin\Debug\net47\VideoOS.IdentityServer.Common.UnitTests.dll" adapterTypeName="executor://mstestadapter/v2" className="VideoOS.IdentityServer.Common.UnitTests.Handlers.IdentityServerToken.SimpleTokenCacheTests" name="Start_TimeToTokenExpireUnder5min_TriesToGetNewToken" />
    </UnitTest>
    <UnitTest name="GetAsync_ErrorTypeAggregateException_ExceptionMessageFromInner" storage="d:\actions-runner\_work\xpco\xpco\common\videoos.identityserver.common\videoos.identityserver.common.unittests\bin\debug\net47\videoos.identityserver.common.unittests.dll" id="3dc13ed3-005d-7721-2c63-eb85486517c8">
      <Execution id="dac285e4-820e-4845-b773-2d392377dfd1" />
      <TestMethod codeBase="D:\actions-runner\_work\XPCO\XPCO\Common\VideoOS.IdentityServer.Common\VideoOS.IdentityServer.Common.UnitTests\bin\Debug\net47\VideoOS.IdentityServer.Common.UnitTests.dll" adapterTypeName="executor://mstestadapter/v2" className="VideoOS.IdentityServer.Common.UnitTests.DiscoveryClientTests" name="GetAsync_ErrorTypeAggregateException_ExceptionMessageFromInner" />
    </UnitTest>
    <UnitTest name="IdpException_ErrorsProperty_IsAccessible" storage="d:\actions-runner\_work\xpco\xpco\common\videoos.identityserver.common\videoos.identityserver.common.unittests\bin\debug\net47\videoos.identityserver.common.unittests.dll" id="151a3939-7178-7ca5-04d5-74b2e2ea473d">
      <Execution id="40c484d0-41f9-4e60-a667-8a17ad257efc" />
      <TestMethod codeBase="D:\actions-runner\_work\XPCO\XPCO\Common\VideoOS.IdentityServer.Common\VideoOS.IdentityServer.Common.UnitTests\bin\Debug\net47\VideoOS.IdentityServer.Common.UnitTests.dll" adapterTypeName="executor://mstestadapter/v2" className="VideoOS.IdentityServer.Common.UnitTests.Exceptions.IdpExceptionTests" name="IdpException_ErrorsProperty_IsAccessible" />
    </UnitTest>
    <UnitTest name="GetUserByName_ResponseHasSuccessfulStatusCode_CorrectRequestUriIsPassedAndUserIsReturned" storage="d:\actions-runner\_work\xpco\xpco\common\videoos.identityserver.common\videoos.identityserver.common.unittests\bin\debug\net47\videoos.identityserver.common.unittests.dll" id="99b19e16-f681-5bb0-a837-9febcde3cc8b">
      <Execution id="9aa7e11a-002c-42ea-a615-9e49f0d4c5d6" />
      <TestMethod codeBase="D:\actions-runner\_work\XPCO\XPCO\Common\VideoOS.IdentityServer.Common\VideoOS.IdentityServer.Common.UnitTests\bin\Debug\net47\VideoOS.IdentityServer.Common.UnitTests.dll" adapterTypeName="executor://mstestadapter/v2" className="VideoOS.IdentityServer.Common.UnitTests.Services.IdpAdministrationClientTests" name="GetUserByName_ResponseHasSuccessfulStatusCode_CorrectRequestUriIsPassedAndUserIsReturned" />
    </UnitTest>
    <UnitTest name="HasValidScheme_UriIsHostName_ReturnsFalse" storage="d:\actions-runner\_work\xpco\xpco\common\videoos.identityserver.common\videoos.identityserver.common.unittests\bin\debug\net47\videoos.identityserver.common.unittests.dll" id="a01ac9ad-250e-dc3d-a656-c7b6a9fad9c5">
      <Execution id="16ed98bc-50bf-4679-804c-53a0d32bfcfe" />
      <TestMethod codeBase="D:\actions-runner\_work\XPCO\XPCO\Common\VideoOS.IdentityServer.Common\VideoOS.IdentityServer.Common.UnitTests\bin\Debug\net47\VideoOS.IdentityServer.Common.UnitTests.dll" adapterTypeName="executor://mstestadapter/v2" className="VideoOS.IdentityServer.Common.UnitTests.Utilities.ServerValidation.UriExtenderTests" name="HasValidScheme_UriIsHostName_ReturnsFalse" />
    </UnitTest>
    <UnitTest name="CreateException_InvalidUserName_Is_InvalidNameException" storage="d:\actions-runner\_work\xpco\xpco\common\videoos.identityserver.common\videoos.identityserver.common.unittests\bin\debug\net47\videoos.identityserver.common.unittests.dll" id="43ee071b-dfe1-26fb-3267-1ba3aa8a0a7a">
      <Execution id="f05b221e-fdef-421c-82fb-0b497b262158" />
      <TestMethod codeBase="D:\actions-runner\_work\XPCO\XPCO\Common\VideoOS.IdentityServer.Common\VideoOS.IdentityServer.Common.UnitTests\bin\Debug\net47\VideoOS.IdentityServer.Common.UnitTests.dll" adapterTypeName="executor://mstestadapter/v2" className="VideoOS.IdentityServer.Common.UnitTests.Exceptions.IdpExceptionFactoryTests" name="CreateException_InvalidUserName_Is_InvalidNameException" />
    </UnitTest>
    <UnitTest name="GetUsersAfterModifiedDate_AccessTokenNullWithUnixTime_ThrowsArgumentNullException" storage="d:\actions-runner\_work\xpco\xpco\common\videoos.identityserver.common\videoos.identityserver.common.unittests\bin\debug\net47\videoos.identityserver.common.unittests.dll" id="86ac9b82-99af-2131-da6d-99fa4abd32a6">
      <Execution id="82ded9fb-9a97-4799-9d90-31a8b33cfd32" />
      <TestMethod codeBase="D:\actions-runner\_work\XPCO\XPCO\Common\VideoOS.IdentityServer.Common\VideoOS.IdentityServer.Common.UnitTests\bin\Debug\net47\VideoOS.IdentityServer.Common.UnitTests.dll" adapterTypeName="executor://mstestadapter/v2" className="VideoOS.IdentityServer.Common.UnitTests.Services.IdpAdministrationClientTests" name="GetUsersAfterModifiedDate_AccessTokenNullWithUnixTime_ThrowsArgumentNullException" />
    </UnitTest>
    <UnitTest name="GetAsync_ErrorTypeHttp_DiscoveryResponseIsError" storage="d:\actions-runner\_work\xpco\xpco\common\videoos.identityserver.common\videoos.identityserver.common.unittests\bin\debug\net47\videoos.identityserver.common.unittests.dll" id="f872f45e-56c6-8ff1-732b-a4f3744612ec">
      <Execution id="2c562781-b4fe-4964-b76d-fa67f8fd44e2" />
      <TestMethod codeBase="D:\actions-runner\_work\XPCO\XPCO\Common\VideoOS.IdentityServer.Common\VideoOS.IdentityServer.Common.UnitTests\bin\Debug\net47\VideoOS.IdentityServer.Common.UnitTests.dll" adapterTypeName="executor://mstestadapter/v2" className="VideoOS.IdentityServer.Common.UnitTests.DiscoveryClientTests" name="GetAsync_ErrorTypeHttp_DiscoveryResponseIsError" />
    </UnitTest>
  </TestDefinitions>
  <TestEntries>
    <TestEntry testId="9d9108bd-86db-659c-91d4-935425fa020c" executionId="a8fc6771-77d2-4243-8304-766686453fea" testListId="8c84fa94-04c1-424b-9868-57a2d4851a1d" />
    <TestEntry testId="580860dc-2c0d-6d21-09c2-29eb5cd9d7aa" executionId="db8d7895-ce85-49e0-b124-3f3c84dc413a" testListId="8c84fa94-04c1-424b-9868-57a2d4851a1d" />
    <TestEntry testId="d5b3be23-e24d-3907-6e80-ddd593570613" executionId="cf77e70f-a182-48d3-bd5f-dde3ec09cf99" testListId="8c84fa94-04c1-424b-9868-57a2d4851a1d" />
    <TestEntry testId="0f27abe8-3384-6920-a039-76a637899eb2" executionId="b82c2143-581f-4e1e-941e-b811539a2f32" testListId="8c84fa94-04c1-424b-9868-57a2d4851a1d" />
    <TestEntry testId="94cf9b96-4bb3-ba5f-0704-49b8fc9a4cf0" executionId="90f8a6d2-378d-4ae8-a612-544f41a0cba2" testListId="8c84fa94-04c1-424b-9868-57a2d4851a1d" />
    <TestEntry testId="6305c415-2662-3605-7a21-6246fd795db9" executionId="f946f70c-e8f4-460f-96dc-67bf2ced2e36" testListId="8c84fa94-04c1-424b-9868-57a2d4851a1d" />
    <TestEntry testId="6c035807-52d4-6caf-a566-ec498448b6fa" executionId="27b1828b-7c77-4658-9133-41cc1ee40dea" testListId="8c84fa94-04c1-424b-9868-57a2d4851a1d" />
    <TestEntry testId="5350274c-91fb-610e-856e-3415f7a1fa83" executionId="4a554862-d86d-4a0a-83c5-495859e1543f" testListId="8c84fa94-04c1-424b-9868-57a2d4851a1d" />
    <TestEntry testId="2f309615-d38e-60ef-2c2d-0b95ad0a2a62" executionId="8df5a90c-d241-4ea4-9a8f-a24b134d3c28" testListId="8c84fa94-04c1-424b-9868-57a2d4851a1d" />
    <TestEntry testId="90eefc04-1f04-d44e-931c-bf308a05aad7" executionId="20ac6c85-02af-4f6f-a743-36d47b211911" testListId="8c84fa94-04c1-424b-9868-57a2d4851a1d" />
    <TestEntry testId="8acb64df-af33-04f7-00cd-764cd60dcd21" executionId="0a700763-0e2a-494b-997a-f421681fe094" testListId="8c84fa94-04c1-424b-9868-57a2d4851a1d" />
    <TestEntry testId="62ab3ade-1e62-63bc-67fe-f16a91fdcb03" executionId="59650644-792e-4a64-8649-14e53e37930b" testListId="8c84fa94-04c1-424b-9868-57a2d4851a1d" />
    <TestEntry testId="cac73a53-b4ae-6c1b-3bae-7a153785b4c5" executionId="e7a530c6-459f-45c4-9b80-aa1e72cf16c2" testListId="8c84fa94-04c1-424b-9868-57a2d4851a1d" />
    <TestEntry testId="7f2480da-8572-1058-bed9-d76ee4f460a4" executionId="0b97f808-2709-4b73-90af-66fff9c9aad8" testListId="8c84fa94-04c1-424b-9868-57a2d4851a1d" />
    <TestEntry testId="ecb758fe-0180-464c-e553-3e17f3a94b1f" executionId="bc31f35c-68ae-461f-8461-acf55a9a1bca" testListId="8c84fa94-04c1-424b-9868-57a2d4851a1d" />
    <TestEntry testId="355371bd-45fe-c229-5034-898ad04eb1dc" executionId="fffd55fd-acd5-49eb-8db9-c64d93093662" testListId="8c84fa94-04c1-424b-9868-57a2d4851a1d" />
    <TestEntry testId="ecc460ca-dce5-f2c1-27e1-c58351216caa" executionId="bda442e1-3dd2-49a6-8240-08c6e3701595" testListId="8c84fa94-04c1-424b-9868-57a2d4851a1d" />
    <TestEntry testId="2fefd669-00f0-6209-0174-c1ad44273487" executionId="a0f3bda4-1d5f-4d21-bc4a-b2dff3124a7f" testListId="8c84fa94-04c1-424b-9868-57a2d4851a1d" />
    <TestEntry testId="dedf70a5-f131-d84f-4234-6a5051d02528" executionId="1082e1af-665b-48e9-8706-11c4c044aa7d" testListId="8c84fa94-04c1-424b-9868-57a2d4851a1d" />
    <TestEntry testId="ebe888ba-3631-12b0-9554-250fe8da03f0" executionId="bbb53cea-f827-4175-b64d-f75881471136" testListId="8c84fa94-04c1-424b-9868-57a2d4851a1d" />
    <TestEntry testId="51ae2f2f-1fc6-42dd-cfea-900de2971e28" executionId="e10ea8ff-76df-4205-b7c9-0bc1056b0213" testListId="8c84fa94-04c1-424b-9868-57a2d4851a1d" />
    <TestEntry testId="44b2dbc1-f234-0a4c-b38c-97497c832d58" executionId="ec9e1c3b-5a62-463e-ad91-71b06f2d1486" testListId="8c84fa94-04c1-424b-9868-57a2d4851a1d" />
    <TestEntry testId="abc17b2d-2fdc-8231-f8f9-d08681dce944" executionId="a4fa9211-9270-4fc1-a30d-a02a8259b231" testListId="8c84fa94-04c1-424b-9868-57a2d4851a1d" />
    <TestEntry testId="9cc02e74-38fe-d95c-2cfa-20f9c297a179" executionId="fd8ea6f5-f6dc-4dd3-a23b-5bf314f86002" testListId="8c84fa94-04c1-424b-9868-57a2d4851a1d" />
    <TestEntry testId="3dc13ed3-005d-7721-2c63-eb85486517c8" executionId="dac285e4-820e-4845-b773-2d392377dfd1" testListId="8c84fa94-04c1-424b-9868-57a2d4851a1d" />
    <TestEntry testId="19385676-0b53-c79d-1ffa-123def9ca885" executionId="e4116b84-191b-4c56-89ed-dfb9b8c2ec04" testListId="8c84fa94-04c1-424b-9868-57a2d4851a1d" />
    <TestEntry testId="8930d882-3bbd-8944-5200-f7a907000dfc" executionId="c4317f60-a67f-4a5f-a381-2663865c7150" testListId="8c84fa94-04c1-424b-9868-57a2d4851a1d" />
    <TestEntry testId="b8901242-2f26-bc70-f843-5bf9455c7828" executionId="dcc04554-83dc-478b-a8ba-8b2220ea1247" testListId="8c84fa94-04c1-424b-9868-57a2d4851a1d" />
    <TestEntry testId="48e5f408-630a-7efe-4163-87f853b9fc3c" executionId="4cedc697-3b52-4bca-9aa2-de57cb552f15" testListId="8c84fa94-04c1-424b-9868-57a2d4851a1d" />
    <TestEntry testId="90d13d23-6660-c28a-543b-d374b02dcccb" executionId="c6a2d41d-b902-4f44-8c78-0a1abdaf3720" testListId="8c84fa94-04c1-424b-9868-57a2d4851a1d" />
    <TestEntry testId="08a3c3db-cc01-e5ed-016b-ec03cbb97901" executionId="89dd8bd3-73f1-4b43-a97d-adbbecb0cf41" testListId="8c84fa94-04c1-424b-9868-57a2d4851a1d" />
    <TestEntry testId="59d00ef5-8a37-2b1f-99b8-740e21e44e72" executionId="7b9118b5-0e5c-4e41-a8f1-204796904345" testListId="8c84fa94-04c1-424b-9868-57a2d4851a1d" />
    <TestEntry testId="21823bf0-ff7d-6139-8246-3e6c7fce3add" executionId="974fcaa1-c0c8-496a-a3cf-bd2f49b0b203" testListId="8c84fa94-04c1-424b-9868-57a2d4851a1d" />
    <TestEntry testId="a912da9b-9910-2e20-bdfd-ebd2e525320e" executionId="5e02afdf-7463-4525-9fb7-88a4495ca291" testListId="8c84fa94-04c1-424b-9868-57a2d4851a1d" />
    <TestEntry testId="20c79940-9719-f9c5-6819-e1e3e40039dc" executionId="dbe6433f-d020-4f97-9541-cec1633e939d" testListId="8c84fa94-04c1-424b-9868-57a2d4851a1d" />
    <TestEntry testId="46272a5b-6f40-ca49-f0c0-19ef57f507c2" executionId="5c1f7d44-46d2-4cc7-bb6f-526dff018966" testListId="8c84fa94-04c1-424b-9868-57a2d4851a1d" />
    <TestEntry testId="1edf4c99-c764-95bb-14ad-e4ec565371a3" executionId="51112d72-f66e-4937-b5f7-01600cda57c4" testListId="8c84fa94-04c1-424b-9868-57a2d4851a1d" />
    <TestEntry testId="1123588b-584b-06b7-cbdb-e5cf3ec64afc" executionId="93195db6-421c-406d-a691-5046bfaf2b3b" testListId="8c84fa94-04c1-424b-9868-57a2d4851a1d" />
    <TestEntry testId="529c2e35-24ca-56d0-82ae-22b9934a7f05" executionId="764c606e-19de-4dd1-b211-adee1c1a59e9" testListId="8c84fa94-04c1-424b-9868-57a2d4851a1d" />
    <TestEntry testId="836c4ce4-261b-464f-c6a6-10c2a88fa0d7" executionId="5f0d4561-9a0d-4705-ae5e-c1f03e61af3f" testListId="8c84fa94-04c1-424b-9868-57a2d4851a1d" />
    <TestEntry testId="151a3939-7178-7ca5-04d5-74b2e2ea473d" executionId="40c484d0-41f9-4e60-a667-8a17ad257efc" testListId="8c84fa94-04c1-424b-9868-57a2d4851a1d" />
    <TestEntry testId="83822170-a282-a7f9-81dc-2f08dba999ec" executionId="f07050b4-2d72-431c-b883-77aa08b3b1e4" testListId="8c84fa94-04c1-424b-9868-57a2d4851a1d" />
    <TestEntry testId="9c36fd41-e765-81f6-df8e-f462ee2c6552" executionId="92d31f8f-c178-4bba-9264-5a035a186812" testListId="8c84fa94-04c1-424b-9868-57a2d4851a1d" />
    <TestEntry testId="ec4cb66a-617d-876b-6006-2ba82ddc24c5" executionId="fb8a5664-d874-4b7a-9022-057fbd4b358a" testListId="8c84fa94-04c1-424b-9868-57a2d4851a1d" />
    <TestEntry testId="95c412a3-338e-b711-9f7f-79585ecc287b" executionId="8e39c501-538e-41a3-bef0-39169bd71dfd" testListId="8c84fa94-04c1-424b-9868-57a2d4851a1d" />
    <TestEntry testId="098fb557-60b9-c84f-e666-1ebb6f9228ac" executionId="cc3103a6-4349-45f7-b251-004e24a7e1e3" testListId="8c84fa94-04c1-424b-9868-57a2d4851a1d" />
    <TestEntry testId="4c680463-2526-d2b9-8b45-18d4e02b72d8" executionId="5b0c447f-258b-4f51-83eb-e37b56ad7692" testListId="8c84fa94-04c1-424b-9868-57a2d4851a1d" />
    <TestEntry testId="851fb875-0294-59e3-54ed-d95f850fb682" executionId="81086824-231e-4a2c-9fb2-75d23135b9e6" testListId="8c84fa94-04c1-424b-9868-57a2d4851a1d" />
    <TestEntry testId="6afc125c-c7a5-eaa7-7af0-9ebe233aad22" executionId="5edb90b0-2506-488f-a1dd-4515011d3344" testListId="8c84fa94-04c1-424b-9868-57a2d4851a1d" />
    <TestEntry testId="82b44982-47bf-5402-bc06-46a13615b67f" executionId="d7ad1768-f378-4c53-9a30-d8ee6d8dc734" testListId="8c84fa94-04c1-424b-9868-57a2d4851a1d" />
    <TestEntry testId="7c241f9b-2b9f-c010-004c-ec717a0175c5" executionId="25171470-450a-45c3-ab79-152024ae66e0" testListId="8c84fa94-04c1-424b-9868-57a2d4851a1d" />
    <TestEntry testId="d807db37-04e4-3703-28e1-c5c109b432e1" executionId="247bf943-c4b5-45a8-be48-a24a5d753ed9" testListId="8c84fa94-04c1-424b-9868-57a2d4851a1d" />
    <TestEntry testId="b357bd63-2bfe-e360-123f-216e041a66f7" executionId="37ca76e8-58a4-4ee8-a446-689e6fe273e8" testListId="8c84fa94-04c1-424b-9868-57a2d4851a1d" />
    <TestEntry testId="78041a23-7bf7-db78-694f-dcf00358b174" executionId="0ca4bc54-fb32-4b27-9ae2-c7a9114c3dfd" testListId="8c84fa94-04c1-424b-9868-57a2d4851a1d" />
    <TestEntry testId="ee4023a9-7ef5-de07-c4fc-93e795d5baa7" executionId="76c14ceb-37bc-4212-9acd-1db174081524" testListId="8c84fa94-04c1-424b-9868-57a2d4851a1d" />
    <TestEntry testId="cb3d0d63-a156-b025-1c90-4a3dc7841ffd" executionId="d6bdba12-1c6d-4215-b034-6ac323ce3acd" testListId="8c84fa94-04c1-424b-9868-57a2d4851a1d" />
    <TestEntry testId="cb270c9a-018c-ca10-c7ca-7967670c892b" executionId="3e0bded4-6231-4020-9736-15def7f55ea3" testListId="8c84fa94-04c1-424b-9868-57a2d4851a1d" />
    <TestEntry testId="b61d19a2-eeb7-66f5-f12f-c31f348cabd6" executionId="f7957434-ff61-4f6f-9580-e76da0b23c2f" testListId="8c84fa94-04c1-424b-9868-57a2d4851a1d" />
    <TestEntry testId="3c9fa628-c7d5-d183-10bb-7d387f6779bb" executionId="3579402f-f334-4867-8fb4-772b41dbb766" testListId="8c84fa94-04c1-424b-9868-57a2d4851a1d" />
    <TestEntry testId="f872f45e-56c6-8ff1-732b-a4f3744612ec" executionId="2c562781-b4fe-4964-b76d-fa67f8fd44e2" testListId="8c84fa94-04c1-424b-9868-57a2d4851a1d" />
    <TestEntry testId="11e2d426-0f64-e877-4f88-684b98f80094" executionId="40c5cfa5-15a4-426b-831a-d6ff384312ed" testListId="8c84fa94-04c1-424b-9868-57a2d4851a1d" />
    <TestEntry testId="ee4023a9-7ef5-de07-c4fc-93e795d5baa7" executionId="51237d8d-25ca-4ac3-9e77-82e2b410aa98" testListId="8c84fa94-04c1-424b-9868-57a2d4851a1d" />
    <TestEntry testId="4028140e-6ceb-44db-b0b0-5a4385a02e69" executionId="8ad8ac6d-a799-43fd-8945-ae6c3050b3d7" testListId="8c84fa94-04c1-424b-9868-57a2d4851a1d" />
    <TestEntry testId="25aa6176-148e-f1e7-5c9f-10f279eb31cc" executionId="be798729-523c-4c4a-81b7-d88bc639612d" testListId="8c84fa94-04c1-424b-9868-57a2d4851a1d" />
    <TestEntry testId="65770ab3-18b0-0e9f-399a-f7a04ea6e0e5" executionId="0742a591-c026-48cd-9873-a00774dc62cf" testListId="8c84fa94-04c1-424b-9868-57a2d4851a1d" />
    <TestEntry testId="5ac69b1a-a384-bee2-381f-56a296f2c282" executionId="06f341c4-db40-4b28-8710-c31f3d4ad1e1" testListId="8c84fa94-04c1-424b-9868-57a2d4851a1d" />
    <TestEntry testId="576b4205-3800-13a7-aaef-8abb157a3de6" executionId="8497125f-948a-4e26-a394-aa8dd86a5c48" testListId="8c84fa94-04c1-424b-9868-57a2d4851a1d" />
    <TestEntry testId="730bef14-9053-6444-695c-2c9c89ef8f7a" executionId="3feac56c-1d4b-42ba-9f9b-1c2ef7e223d1" testListId="8c84fa94-04c1-424b-9868-57a2d4851a1d" />
    <TestEntry testId="afabb9a4-988f-5af8-5e0c-adf9e9521a8f" executionId="d55dfd78-af74-4936-9190-7cfd0734a076" testListId="8c84fa94-04c1-424b-9868-57a2d4851a1d" />
    <TestEntry testId="3a443cd7-9c96-2cc4-1c4b-302bec95fdb5" executionId="53498ff8-824f-4542-ab99-b4b9cd0d5aff" testListId="8c84fa94-04c1-424b-9868-57a2d4851a1d" />
    <TestEntry testId="4618c648-90e2-3a1c-2996-abab9470f68d" executionId="e05c73b9-a0c2-4f55-929b-33894349139e" testListId="8c84fa94-04c1-424b-9868-57a2d4851a1d" />
    <TestEntry testId="4ea55908-c33e-986a-f384-035f1ba3fbff" executionId="6270eaa3-ccd6-4b07-81bb-2d6b93046903" testListId="8c84fa94-04c1-424b-9868-57a2d4851a1d" />
    <TestEntry testId="dff6bcfa-7c56-915c-d680-949651ff50ba" executionId="79bba1d4-defd-4aae-9ba0-bd92138b8299" testListId="8c84fa94-04c1-424b-9868-57a2d4851a1d" />
    <TestEntry testId="c651221e-2e16-748a-beae-063304b5df4f" executionId="937aee36-2a00-47d5-890e-85ae8b599d35" testListId="8c84fa94-04c1-424b-9868-57a2d4851a1d" />
    <TestEntry testId="62fbcf4e-b581-51f7-791e-0ba6c6135258" executionId="7ad6bc00-0be7-4646-b2b5-ed5e4c4b5e21" testListId="8c84fa94-04c1-424b-9868-57a2d4851a1d" />
    <TestEntry testId="594bafcb-5bdd-b7e8-3c6a-5bbda9e8a6d1" executionId="4f9dcdd9-f880-4d77-9e93-44df5d15f330" testListId="8c84fa94-04c1-424b-9868-57a2d4851a1d" />
    <TestEntry testId="37bc0dd3-b2de-4f1d-bc0b-a4f0fd76a31b" executionId="79a59851-f901-4479-ab48-9794092655ca" testListId="8c84fa94-04c1-424b-9868-57a2d4851a1d" />
    <TestEntry testId="18cc13e9-00f7-9f54-e05b-755de4a3190e" executionId="62905297-10da-4e78-9cd3-8d260541003b" testListId="8c84fa94-04c1-424b-9868-57a2d4851a1d" />
    <TestEntry testId="0650eafd-0764-a4dd-8f31-2c251d438215" executionId="347b4c24-f09b-42e6-aaa6-91aa6dbab6dc" testListId="8c84fa94-04c1-424b-9868-57a2d4851a1d" />
    <TestEntry testId="b05795f0-d2f6-22ea-cbc0-12b777940158" executionId="b8165973-0bb8-4cb8-91ae-3dc560abb3b5" testListId="8c84fa94-04c1-424b-9868-57a2d4851a1d" />
    <TestEntry testId="c37b2cf6-c0e8-40c5-30eb-c0a1ff817046" executionId="30dac947-0944-4aa7-a389-5aa04aed02be" testListId="8c84fa94-04c1-424b-9868-57a2d4851a1d" />
    <TestEntry testId="1bf6f04e-4c48-1505-0d9f-236f2354e6ad" executionId="e5444d0b-ff0e-43ae-b687-b6307dd5777c" testListId="8c84fa94-04c1-424b-9868-57a2d4851a1d" />
    <TestEntry testId="885ad0b6-d00e-5dbd-daaf-61bd8cc19071" executionId="30d432dd-7c9a-45a1-a8e9-db45bd7fc9fd" testListId="8c84fa94-04c1-424b-9868-57a2d4851a1d" />
    <TestEntry testId="755826d7-2b80-4234-302f-1403ed18949d" executionId="5257f351-5f17-41b4-938a-0ac7cb886c13" testListId="8c84fa94-04c1-424b-9868-57a2d4851a1d" />
    <TestEntry testId="435442ba-9897-362e-beef-40dd9aef0a97" executionId="b00615e2-62b4-4004-adf2-a6f74569ba8e" testListId="8c84fa94-04c1-424b-9868-57a2d4851a1d" />
    <TestEntry testId="273070a4-2ffd-9a94-4178-f3727c932514" executionId="f5f53aef-9fae-4496-af32-1f4a5cfa2383" testListId="8c84fa94-04c1-424b-9868-57a2d4851a1d" />
    <TestEntry testId="5401d072-9045-3f20-e5b8-85e624c8ae31" executionId="9c0a1b07-52f4-4a41-accf-78578f241436" testListId="8c84fa94-04c1-424b-9868-57a2d4851a1d" />
    <TestEntry testId="083062ca-22b3-f842-aa3b-2548ef3b2afa" executionId="a6cc297d-6411-47a3-8597-0f2b4bec1c60" testListId="8c84fa94-04c1-424b-9868-57a2d4851a1d" />
    <TestEntry testId="75f0e5f4-99c9-2f64-6049-6fef29308c40" executionId="52a9b685-65d9-4fa9-8434-fe99b2cdcc6d" testListId="8c84fa94-04c1-424b-9868-57a2d4851a1d" />
    <TestEntry testId="0bc42d33-b32e-50ec-eba2-c1ef80d71cc4" executionId="6474f0cb-445d-4eac-8527-fab5e61212f9" testListId="8c84fa94-04c1-424b-9868-57a2d4851a1d" />
    <TestEntry testId="f6233300-4bb5-ebc3-fb67-68daee71e649" executionId="7eec8b13-0dc2-457d-b139-46c5c95c717f" testListId="8c84fa94-04c1-424b-9868-57a2d4851a1d" />
    <TestEntry testId="93c98b5d-aec7-74de-34c5-6fcc025495ea" executionId="350034e4-326c-4e2b-a20f-12e666e0a4ad" testListId="8c84fa94-04c1-424b-9868-57a2d4851a1d" />
    <TestEntry testId="87c632ab-1f7d-93ea-f769-4737e54aa158" executionId="3aa89475-5db1-4b42-8ceb-7e3bd4a265b1" testListId="8c84fa94-04c1-424b-9868-57a2d4851a1d" />
    <TestEntry testId="990b87dc-a86d-2543-ed49-4086f9d9a47d" executionId="06d2955d-30ce-4ece-a753-5cc28392ac87" testListId="8c84fa94-04c1-424b-9868-57a2d4851a1d" />
    <TestEntry testId="0e2095e5-7d8e-1183-e8f6-f216b8006a5b" executionId="7f455f74-e006-485f-91c1-4ca5e5d5c5cb" testListId="8c84fa94-04c1-424b-9868-57a2d4851a1d" />
    <TestEntry testId="884913dc-63e3-b134-e957-2e7bedb5da00" executionId="6db99cb6-d438-4f61-a333-e1b2ee83cafa" testListId="8c84fa94-04c1-424b-9868-57a2d4851a1d" />
    <TestEntry testId="a844f451-0f87-c9e5-8ca9-902b45b90314" executionId="c7e0390f-50ba-449c-8eb5-05780274ad2e" testListId="8c84fa94-04c1-424b-9868-57a2d4851a1d" />
    <TestEntry testId="0257b952-b68e-ce9d-9d12-e1b7f33eb9e6" executionId="d61276dd-233f-4cfd-8cbf-8ce1dfcfa5e3" testListId="8c84fa94-04c1-424b-9868-57a2d4851a1d" />
    <TestEntry testId="a1133c85-1ac8-f2df-7a32-450e86b0c1a8" executionId="ca19daaf-5aa2-4ab2-8fbb-0ee1ebfc2a0a" testListId="8c84fa94-04c1-424b-9868-57a2d4851a1d" />
    <TestEntry testId="f0bc3cf2-7e7b-22f4-8d42-04d99e358cfe" executionId="f2287834-851a-434e-bdd3-6c45691093ca" testListId="8c84fa94-04c1-424b-9868-57a2d4851a1d" />
    <TestEntry testId="11f6a1d3-68c5-e38c-c943-6b9363d564f1" executionId="e9248f90-fb99-4e4f-8fdf-79503c4877df" testListId="8c84fa94-04c1-424b-9868-57a2d4851a1d" />
    <TestEntry testId="b534d700-8c81-a428-c5af-952f23674e8e" executionId="edc9fa0f-a34e-49eb-b18d-6e9bf25a607a" testListId="8c84fa94-04c1-424b-9868-57a2d4851a1d" />
    <TestEntry testId="abd81a1c-e3b4-bebe-d21f-4ca159588c70" executionId="c4d2bdd3-5baf-4a16-8c00-70dc25e5bdfd" testListId="8c84fa94-04c1-424b-9868-57a2d4851a1d" />
    <TestEntry testId="d176d0bf-5559-b755-c69c-09a2d4950528" executionId="dd05f198-2451-48e6-a864-031334dd8573" testListId="8c84fa94-04c1-424b-9868-57a2d4851a1d" />
    <TestEntry testId="feea589f-edbd-d65f-71e5-4e5f6aa59dc1" executionId="878dad96-5464-45f3-a8fa-0cc1f1e61aba" testListId="8c84fa94-04c1-424b-9868-57a2d4851a1d" />
    <TestEntry testId="3ff67faa-d3a0-075c-0c7a-09774bd03583" executionId="a474c86c-6d72-46a8-8fde-1760f8fc5152" testListId="8c84fa94-04c1-424b-9868-57a2d4851a1d" />
    <TestEntry testId="aac9aae4-033c-5a4d-bf6f-6c295840a3fd" executionId="d50a9886-293c-4eae-9e1a-dafc13c260fb" testListId="8c84fa94-04c1-424b-9868-57a2d4851a1d" />
    <TestEntry testId="41159a03-c027-b654-a27a-5a7d8d8246d9" executionId="d3c02139-39da-40ad-b47d-34a46e91dd8c" testListId="8c84fa94-04c1-424b-9868-57a2d4851a1d" />
    <TestEntry testId="43ee071b-dfe1-26fb-3267-1ba3aa8a0a7a" executionId="f05b221e-fdef-421c-82fb-0b497b262158" testListId="8c84fa94-04c1-424b-9868-57a2d4851a1d" />
    <TestEntry testId="14d66e4b-1cea-10ac-2eb5-4a21e27a1337" executionId="6f17d880-d187-4a81-8896-e4e126890785" testListId="8c84fa94-04c1-424b-9868-57a2d4851a1d" />
    <TestEntry testId="99b19e16-f681-5bb0-a837-9febcde3cc8b" executionId="9aa7e11a-002c-42ea-a615-9e49f0d4c5d6" testListId="8c84fa94-04c1-424b-9868-57a2d4851a1d" />
    <TestEntry testId="f5c02efb-b35c-365d-c779-9919be9854f1" executionId="10a09203-ad3c-4dda-a258-97b26cd748bf" testListId="8c84fa94-04c1-424b-9868-57a2d4851a1d" />
    <TestEntry testId="a8bcc73c-dc70-1261-8278-4b0a946db697" executionId="cd7fcd1e-cb8f-4817-b3c9-59f1384975ee" testListId="8c84fa94-04c1-424b-9868-57a2d4851a1d" />
    <TestEntry testId="04b44c91-ce22-b8f9-2338-b791e3f2bc17" executionId="e70906ed-73a1-4d3d-b592-0d5923495383" testListId="8c84fa94-04c1-424b-9868-57a2d4851a1d" />
    <TestEntry testId="34f3be5c-39ef-6e9c-dee7-38b37313e24c" executionId="b7f194c4-f46e-457b-a4df-8fc49e4447f3" testListId="8c84fa94-04c1-424b-9868-57a2d4851a1d" />
    <TestEntry testId="d500cfda-0f9f-e179-c72f-1f44e45838d9" executionId="53fbaccd-39c7-4341-bfb7-c83db33cca8b" testListId="8c84fa94-04c1-424b-9868-57a2d4851a1d" />
    <TestEntry testId="9161f5e4-37b0-b6bc-22e9-91ccc708f977" executionId="534bebb3-5108-4e3d-9fba-5d09773915a4" testListId="8c84fa94-04c1-424b-9868-57a2d4851a1d" />
    <TestEntry testId="a2e9ef55-bfe0-9647-cd73-b7dbecbeddd9" executionId="6ce4fcce-4b0b-4279-9f15-dab4f7553d1e" testListId="8c84fa94-04c1-424b-9868-57a2d4851a1d" />
    <TestEntry testId="aa47e31d-c2f6-bb7b-d522-2ea72ad09b0c" executionId="775ea21b-ad5c-4161-b4c3-d0cba7369c51" testListId="8c84fa94-04c1-424b-9868-57a2d4851a1d" />
    <TestEntry testId="172041ae-12af-58d9-c5c3-06cc738ac111" executionId="49684d61-16ec-4cdc-8e4f-c6686cb4944e" testListId="8c84fa94-04c1-424b-9868-57a2d4851a1d" />
    <TestEntry testId="b3c93a97-6762-97e2-4473-6d5a7d219a04" executionId="942639c4-a51f-47fe-84e5-442cad88baa7" testListId="8c84fa94-04c1-424b-9868-57a2d4851a1d" />
    <TestEntry testId="465c8cd2-c8da-7a18-e799-1339dfb5880e" executionId="332415b5-2651-471e-ba71-6a6b86fdae9d" testListId="8c84fa94-04c1-424b-9868-57a2d4851a1d" />
    <TestEntry testId="ee4023a9-7ef5-de07-c4fc-93e795d5baa7" executionId="9dcf6d39-0441-4d43-987c-69c81ba50e45" testListId="8c84fa94-04c1-424b-9868-57a2d4851a1d" />
    <TestEntry testId="ee4023a9-7ef5-de07-c4fc-93e795d5baa7" executionId="dc2fbea1-541b-4f9b-9041-d99ba7c9dc99" testListId="8c84fa94-04c1-424b-9868-57a2d4851a1d" />
    <TestEntry testId="dead27ec-ffeb-f213-e424-1f80d53ea366" executionId="d3d9c682-14ab-40e4-8a49-c6b1ede62fd4" testListId="8c84fa94-04c1-424b-9868-57a2d4851a1d" />
    <TestEntry testId="8e4a546d-0fa7-5997-2d4c-127c6b639168" executionId="f850e379-ab7d-4209-9631-3f4040913eba" testListId="8c84fa94-04c1-424b-9868-57a2d4851a1d" />
    <TestEntry testId="22b22ab0-28ad-dcc3-3c47-956fecf0f862" executionId="6882473d-8c02-485a-8552-00cb93fed745" testListId="8c84fa94-04c1-424b-9868-57a2d4851a1d" />
    <TestEntry testId="6295024d-cdd4-de28-e7d8-515486f05d12" executionId="1f7ed790-4d36-4fc2-a84c-672b1b1d6744" testListId="8c84fa94-04c1-424b-9868-57a2d4851a1d" />
    <TestEntry testId="d466e244-c3ed-547f-7f11-f1da74ff69ab" executionId="66d60b2f-ab7c-479c-9290-65bc9f4f306a" testListId="8c84fa94-04c1-424b-9868-57a2d4851a1d" />
    <TestEntry testId="02022d21-40cd-3c83-07fb-845b28c8719d" executionId="7b44614e-754d-40e5-ae0e-4cebe9434887" testListId="8c84fa94-04c1-424b-9868-57a2d4851a1d" />
    <TestEntry testId="ee4023a9-7ef5-de07-c4fc-93e795d5baa7" executionId="69755161-ec4b-4c95-a2f6-7a7cd084d26a" testListId="8c84fa94-04c1-424b-9868-57a2d4851a1d" />
    <TestEntry testId="ee4023a9-7ef5-de07-c4fc-93e795d5baa7" executionId="0cb2236c-e169-4a5e-81be-bd4f475b8458" testListId="8c84fa94-04c1-424b-9868-57a2d4851a1d" />
    <TestEntry testId="29687309-d7e0-0838-a577-9dfd8b70cb79" executionId="585f764e-cdda-4b7f-a065-9c74445df403" testListId="8c84fa94-04c1-424b-9868-57a2d4851a1d" />
    <TestEntry testId="35c85059-4d38-96d6-5ba6-39946ca04b5d" executionId="391164e4-8c30-48a4-882d-bfaf8d185c9c" testListId="8c84fa94-04c1-424b-9868-57a2d4851a1d" />
    <TestEntry testId="4988c4a8-a7df-3551-56c3-3fad77d98b4a" executionId="49be3a11-b0dc-4618-8335-1a0d44dd0c79" testListId="8c84fa94-04c1-424b-9868-57a2d4851a1d" />
    <TestEntry testId="e14c6e87-d4a0-9f31-fe5d-63401bba496d" executionId="048ee7df-d851-40d5-815b-4d5e42a006f3" testListId="8c84fa94-04c1-424b-9868-57a2d4851a1d" />
    <TestEntry testId="8cac781b-3c65-0ccf-a739-6333f1b2885a" executionId="3f24cb9e-012e-44a8-8c58-63b44ae071f0" testListId="8c84fa94-04c1-424b-9868-57a2d4851a1d" />
    <TestEntry testId="a1c440cc-e9a7-05c3-3566-ebee3d13c619" executionId="04d0845e-be86-4476-88d1-796c1abe5802" testListId="8c84fa94-04c1-424b-9868-57a2d4851a1d" />
    <TestEntry testId="c2c2904c-f56a-3663-d545-f06d0f3baf88" executionId="75ee715a-8f3e-42a0-8288-0d3b86329816" testListId="8c84fa94-04c1-424b-9868-57a2d4851a1d" />
    <TestEntry testId="9ee81fd7-67d3-477b-170c-75529c080bdb" executionId="49329523-2140-42d6-a2e5-3741f462eba0" testListId="8c84fa94-04c1-424b-9868-57a2d4851a1d" />
    <TestEntry testId="6dc7da62-c15b-7e96-f1c6-3eedd5697243" executionId="5ccf80b9-96ab-4b1a-96a7-ed84d9af59af" testListId="8c84fa94-04c1-424b-9868-57a2d4851a1d" />
    <TestEntry testId="e537837c-49aa-c37d-6f72-a32aee3a91e2" executionId="5b2d009f-50bb-4e3c-9fce-31dcd0435843" testListId="8c84fa94-04c1-424b-9868-57a2d4851a1d" />
    <TestEntry testId="737140b9-e37f-2a4f-5ecb-7640b87ef58e" executionId="4d0ffcdb-fd25-4695-8fda-be79ee3eda14" testListId="8c84fa94-04c1-424b-9868-57a2d4851a1d" />
    <TestEntry testId="1146fad1-5168-1504-a8de-6a696ebcdf14" executionId="9d37d2cc-4d5f-4a03-897e-5d5e5f40b656" testListId="8c84fa94-04c1-424b-9868-57a2d4851a1d" />
    <TestEntry testId="3257b61e-ecc1-ecc4-fcd4-340f5d424a71" executionId="7e337b11-0c12-40ad-90b4-9deaeae8dab8" testListId="8c84fa94-04c1-424b-9868-57a2d4851a1d" />
    <TestEntry testId="a8a38b08-43ad-784d-afbc-d0335bfce14c" executionId="4b006bde-1bf4-41a0-8c61-3e31702f26fd" testListId="8c84fa94-04c1-424b-9868-57a2d4851a1d" />
    <TestEntry testId="4d922aac-d29d-5603-d614-ad2e17cb5ae6" executionId="92ad7c9c-9781-45c4-a35b-d828e7bbfd06" testListId="8c84fa94-04c1-424b-9868-57a2d4851a1d" />
    <TestEntry testId="44cd508c-9285-845c-4b2e-fe943114c39c" executionId="a178085c-dbe8-438f-8487-d015061e717f" testListId="8c84fa94-04c1-424b-9868-57a2d4851a1d" />
    <TestEntry testId="ee4023a9-7ef5-de07-c4fc-93e795d5baa7" executionId="46bbf0a6-1b7d-4632-804a-245afb84e134" testListId="8c84fa94-04c1-424b-9868-57a2d4851a1d" />
    <TestEntry testId="dd0f099b-0409-1632-fcd8-f5bbcb9fcf08" executionId="ad2fe86a-8e03-4f78-b5b5-11abc8d3a967" testListId="8c84fa94-04c1-424b-9868-57a2d4851a1d" />
    <TestEntry testId="18d1d3c3-df4e-6919-02e8-0460c923b1d0" executionId="a80b97cd-8e6a-47a1-8ca6-cf361f25e892" testListId="8c84fa94-04c1-424b-9868-57a2d4851a1d" />
    <TestEntry testId="9272183c-1f20-60d5-550e-a9927fe14301" executionId="259784e2-9ffe-470e-b2b2-04c9af33ffa2" testListId="8c84fa94-04c1-424b-9868-57a2d4851a1d" />
    <TestEntry testId="723220bc-f6bc-2344-fd48-d0edbe583623" executionId="b8d68716-79b9-4e76-82a0-ccdc7ac2bd9d" testListId="8c84fa94-04c1-424b-9868-57a2d4851a1d" />
    <TestEntry testId="0c335cba-9d4b-aa04-40ba-337c73bdc2f2" executionId="5b89c453-5a6c-43ec-9ae5-542411f79c3c" testListId="8c84fa94-04c1-424b-9868-57a2d4851a1d" />
    <TestEntry testId="6c22c485-f80c-11c5-01c7-a10cd38d415a" executionId="6fef63cb-39fd-409a-8529-5e8f8231eae7" testListId="8c84fa94-04c1-424b-9868-57a2d4851a1d" />
    <TestEntry testId="feb4fa5e-1e90-63a6-9054-269133b16e54" executionId="4f57eabd-c43b-4b43-a7ea-d70c466f7335" testListId="8c84fa94-04c1-424b-9868-57a2d4851a1d" />
    <TestEntry testId="dec0f944-3e42-30c0-8e32-16b653428b10" executionId="6ad1124e-5d81-47fd-990e-1b3b6db6e5e2" testListId="8c84fa94-04c1-424b-9868-57a2d4851a1d" />
    <TestEntry testId="f58804b4-1c3e-a2cd-9639-d58251748d47" executionId="5d5f6094-bf4d-4ebd-a027-b6cf33c65f73" testListId="8c84fa94-04c1-424b-9868-57a2d4851a1d" />
    <TestEntry testId="a52b94e3-f309-9a3e-47e5-d2dd4e4b19fa" executionId="ac35a2bc-9e56-43a8-bac9-2a732f781402" testListId="8c84fa94-04c1-424b-9868-57a2d4851a1d" />
    <TestEntry testId="63d736d3-1abb-5e1e-67d5-7731969795df" executionId="d210e62e-7391-44c3-a46b-d09c38b7c136" testListId="8c84fa94-04c1-424b-9868-57a2d4851a1d" />
    <TestEntry testId="d1a7ae75-499e-4c81-b00a-a79e362c4160" executionId="70e54b9b-713c-4948-9fa8-a29fbdab7843" testListId="8c84fa94-04c1-424b-9868-57a2d4851a1d" />
    <TestEntry testId="0d2f4ed5-125c-a2b1-8e5f-5e598ab83d5e" executionId="a1662cc1-af48-4432-8d90-69d0a101ec76" testListId="8c84fa94-04c1-424b-9868-57a2d4851a1d" />
    <TestEntry testId="fb000b2f-ab6a-7251-dbe2-b846f6fcbd0e" executionId="734f26f2-8242-4175-8a5b-2bc700f4fccc" testListId="8c84fa94-04c1-424b-9868-57a2d4851a1d" />
    <TestEntry testId="29a32c84-cf2a-eb4c-5896-a439fd50b2b8" executionId="b91994f9-2a25-41e5-ad97-3f1e3de0bacb" testListId="8c84fa94-04c1-424b-9868-57a2d4851a1d" />
    <TestEntry testId="970cd01e-43a8-573f-d6bb-d3e5d63f1935" executionId="4bb81a19-0c87-4ff0-a2cd-d8f9100686b9" testListId="8c84fa94-04c1-424b-9868-57a2d4851a1d" />
    <TestEntry testId="bf705ae1-67a7-5fa6-c13f-a22026ecd395" executionId="7701ef89-be68-460b-8df2-373d8e0df039" testListId="8c84fa94-04c1-424b-9868-57a2d4851a1d" />
    <TestEntry testId="668c76c9-4bf1-dcc1-807a-f065424f58ba" executionId="408de5d2-7dab-47cd-a7b7-87e3b75144f4" testListId="8c84fa94-04c1-424b-9868-57a2d4851a1d" />
    <TestEntry testId="40fe9f87-53fc-abc6-c420-fc69d725d508" executionId="baba28f2-abc3-453d-89c4-32a9724a5799" testListId="8c84fa94-04c1-424b-9868-57a2d4851a1d" />
    <TestEntry testId="0ae882bf-7b3d-9ae3-2fd3-8f4782af29c4" executionId="1b707ca0-b363-4337-85d9-f10a1b2af8e3" testListId="8c84fa94-04c1-424b-9868-57a2d4851a1d" />
    <TestEntry testId="27a8059d-8b78-3c02-be74-55c51fedea26" executionId="d572ca1c-ed68-4dd2-8f7e-96939be35d5d" testListId="8c84fa94-04c1-424b-9868-57a2d4851a1d" />
    <TestEntry testId="d1a6ae8a-cb2b-c77a-d829-943ec8fecc27" executionId="2b70f5b9-4c60-479f-b554-f9873d7690d7" testListId="8c84fa94-04c1-424b-9868-57a2d4851a1d" />
    <TestEntry testId="17a16fc5-4fe6-49ea-a991-631fada3d645" executionId="f39209d8-3e3c-4c0c-b746-10fdb2bfe4a7" testListId="8c84fa94-04c1-424b-9868-57a2d4851a1d" />
    <TestEntry testId="fc0fef98-8b80-5ef6-59d2-fe46d77e15c0" executionId="456e3bd2-159e-4394-8a1a-46124c2c3fb2" testListId="8c84fa94-04c1-424b-9868-57a2d4851a1d" />
    <TestEntry testId="a2c96cce-3d64-0619-9c0f-87d54f8eee1b" executionId="e5f38693-c1a4-4021-91c5-cc05f7b90f76" testListId="8c84fa94-04c1-424b-9868-57a2d4851a1d" />
    <TestEntry testId="2461b8e3-8daf-c6ae-fd7a-04ef2c9029b1" executionId="3c7602c7-d4f3-4823-862c-6181e6630652" testListId="8c84fa94-04c1-424b-9868-57a2d4851a1d" />
    <TestEntry testId="270700fa-e78d-d8e5-7de5-4325952fbc65" executionId="4e49bc05-23e7-4bdf-8965-717b00b91fb6" testListId="8c84fa94-04c1-424b-9868-57a2d4851a1d" />
    <TestEntry testId="09372ef8-08d3-01fe-20c8-b7c4bfe94b6c" executionId="2790a412-579a-4bed-be3d-ba6c72dc2e53" testListId="8c84fa94-04c1-424b-9868-57a2d4851a1d" />
    <TestEntry testId="e9fa84ac-633c-62b6-98d7-47b66e6e189e" executionId="4eb67309-4bc7-4977-ab84-e425d422dd5a" testListId="8c84fa94-04c1-424b-9868-57a2d4851a1d" />
    <TestEntry testId="957b72e6-223d-945c-7af4-a1f0fe7fb5d3" executionId="b11eaf41-717e-49d2-bc72-aa1ea8b1e78d" testListId="8c84fa94-04c1-424b-9868-57a2d4851a1d" />
    <TestEntry testId="e870aa90-2e02-5dba-b8c8-beea96026546" executionId="ee846cac-f113-4a10-ac3d-33a79cd6a840" testListId="8c84fa94-04c1-424b-9868-57a2d4851a1d" />
    <TestEntry testId="f52b848b-cf3f-47b4-506b-dccb77611ec5" executionId="9e89dd0b-edeb-4d53-abaf-9b5fcac52b91" testListId="8c84fa94-04c1-424b-9868-57a2d4851a1d" />
    <TestEntry testId="e1a7c90b-842f-6747-d414-96d35e63ecce" executionId="20444203-85c6-4ed0-afd9-874458fb3615" testListId="8c84fa94-04c1-424b-9868-57a2d4851a1d" />
    <TestEntry testId="634cad37-210a-4bc0-8d4e-c43234da05dd" executionId="182c7aa3-72e1-4643-bdcf-44d8667c0a4c" testListId="8c84fa94-04c1-424b-9868-57a2d4851a1d" />
    <TestEntry testId="1084380c-efdf-4335-3855-2ba20ad000dd" executionId="c31b014b-932d-460f-9a32-d12e75f71066" testListId="8c84fa94-04c1-424b-9868-57a2d4851a1d" />
    <TestEntry testId="2b6f2d8f-97a8-a49e-9820-0353b7cf269e" executionId="3dbd8185-d53e-4a6d-a635-f5fb095b5127" testListId="8c84fa94-04c1-424b-9868-57a2d4851a1d" />
    <TestEntry testId="bc6f6cb5-f7c9-e3db-d707-a236ceb509b9" executionId="6f819bb7-7c04-48a4-ad74-8d4d9d71d895" testListId="8c84fa94-04c1-424b-9868-57a2d4851a1d" />
    <TestEntry testId="2439864b-27f0-8850-4ed8-51ccc06b948f" executionId="2ecc53c8-515b-4026-9f65-3d30bf0793c9" testListId="8c84fa94-04c1-424b-9868-57a2d4851a1d" />
    <TestEntry testId="2b02613f-adc7-9ead-fab9-497ce9230752" executionId="fe3acb99-1ca6-4ad3-82ff-4f50acf923ea" testListId="8c84fa94-04c1-424b-9868-57a2d4851a1d" />
    <TestEntry testId="712a4429-a5d0-f9f8-e944-14b3128417df" executionId="ee341c1c-664c-4c8d-b376-e8779821ad79" testListId="8c84fa94-04c1-424b-9868-57a2d4851a1d" />
    <TestEntry testId="ab24e2cb-a9e7-696f-52cc-bbef4af32000" executionId="02c4eb68-7076-4ede-87be-68953a5d24a6" testListId="8c84fa94-04c1-424b-9868-57a2d4851a1d" />
    <TestEntry testId="5c93f740-724a-d4d0-9162-f8b044826d66" executionId="283bf90f-1dd9-4517-993e-cf6baf8748da" testListId="8c84fa94-04c1-424b-9868-57a2d4851a1d" />
    <TestEntry testId="08a458bc-f70d-a527-f23d-08de1cac7168" executionId="f914f53e-8888-48db-b2f5-a94483398a27" testListId="8c84fa94-04c1-424b-9868-57a2d4851a1d" />
    <TestEntry testId="ee4023a9-7ef5-de07-c4fc-93e795d5baa7" executionId="3e87078b-00fa-40d2-ae87-c23bb28cc978" testListId="8c84fa94-04c1-424b-9868-57a2d4851a1d" />
    <TestEntry testId="160926a9-6be8-e16e-5ee4-6d69f6901085" executionId="2268df78-da69-4976-b96b-6035b0916950" testListId="8c84fa94-04c1-424b-9868-57a2d4851a1d" />
    <TestEntry testId="026a0bc2-d18b-aab5-abeb-9318d37dfa38" executionId="7b5acfae-0b1d-4a1b-b9d7-929f44fa5a6f" testListId="8c84fa94-04c1-424b-9868-57a2d4851a1d" />
    <TestEntry testId="65c35641-c7fa-ea47-734f-c81f8095832e" executionId="9a0b6cd9-7ce2-44dd-9b4e-32ebfa1dd8ca" testListId="8c84fa94-04c1-424b-9868-57a2d4851a1d" />
    <TestEntry testId="ddded40e-1f02-eacb-d4a2-e26ac1095ebf" executionId="809fb4c9-7664-41e8-87fe-2555e7b98226" testListId="8c84fa94-04c1-424b-9868-57a2d4851a1d" />
    <TestEntry testId="fcf10477-6ad0-000b-9152-cfbeeb11eccd" executionId="8ae4a5bf-2f22-4a1a-b59e-6e0ce54f30ff" testListId="8c84fa94-04c1-424b-9868-57a2d4851a1d" />
    <TestEntry testId="be2661e6-13a2-efcd-f033-26370e5bd14f" executionId="868777bc-db1c-4e4e-8088-05f1a1812089" testListId="8c84fa94-04c1-424b-9868-57a2d4851a1d" />
    <TestEntry testId="ebd8b721-48ec-4a9e-4f6a-ce30457acd4f" executionId="3b0b7b9e-94ac-4e5a-9302-ffbce34c5c98" testListId="8c84fa94-04c1-424b-9868-57a2d4851a1d" />
    <TestEntry testId="9f0c86dc-a496-7741-858c-a11363a3da1a" executionId="d4ddae94-488f-4349-98f6-38668cee83af" testListId="8c84fa94-04c1-424b-9868-57a2d4851a1d" />
    <TestEntry testId="e1b36847-cc65-e739-8fc1-4c65074486c5" executionId="29381df9-9119-476e-a9a1-88b2b6f12c8b" testListId="8c84fa94-04c1-424b-9868-57a2d4851a1d" />
    <TestEntry testId="2f5d977d-1e91-46c0-f08f-cb953748d3bb" executionId="d07ac3b8-51fb-40e2-8cc5-15b9ec98851c" testListId="8c84fa94-04c1-424b-9868-57a2d4851a1d" />
    <TestEntry testId="ee4023a9-7ef5-de07-c4fc-93e795d5baa7" executionId="3f0c14bf-86b0-4cf4-ae2a-aa0629b2d993" testListId="8c84fa94-04c1-424b-9868-57a2d4851a1d" />
    <TestEntry testId="24757d53-50b6-4207-edb9-4d7b85e83ec0" executionId="a7994f31-094a-47e1-b05e-334ca65aa00d" testListId="8c84fa94-04c1-424b-9868-57a2d4851a1d" />
    <TestEntry testId="7eafd3b9-debc-1a0c-12c6-11d7098cd775" executionId="c4543eeb-35ce-41b6-bab9-d7010faf2281" testListId="8c84fa94-04c1-424b-9868-57a2d4851a1d" />
    <TestEntry testId="bd6e2c82-85dd-8f11-260e-d6592f779064" executionId="2af8ac2f-b658-4f51-94a1-4787df60f3e5" testListId="8c84fa94-04c1-424b-9868-57a2d4851a1d" />
    <TestEntry testId="da2a4482-8679-bf21-379a-ba675bbae9ad" executionId="039801d0-5625-4698-9c6b-5d31ac86eaa5" testListId="8c84fa94-04c1-424b-9868-57a2d4851a1d" />
    <TestEntry testId="bbd84ed1-520d-4358-3488-4aa29532b886" executionId="060ccf71-5891-4db9-9ab1-f586bbef818e" testListId="8c84fa94-04c1-424b-9868-57a2d4851a1d" />
    <TestEntry testId="320b9240-8de4-6e99-ff14-f9386efd026e" executionId="83e21767-f01f-4823-96d5-eefdedc8ff1c" testListId="8c84fa94-04c1-424b-9868-57a2d4851a1d" />
    <TestEntry testId="9e519774-75c3-0938-a5ac-c98cb0ed4a6d" executionId="7deeb891-edb9-4f80-b0d7-a2a4a620863b" testListId="8c84fa94-04c1-424b-9868-57a2d4851a1d" />
    <TestEntry testId="0eb6bb6a-eef9-422e-dfe1-eec86ae82e59" executionId="b3c1a768-d33d-4339-95e0-83d098cd4362" testListId="8c84fa94-04c1-424b-9868-57a2d4851a1d" />
    <TestEntry testId="3f9c843a-1e55-447d-5796-24cc11eb0601" executionId="f90c7776-e5e2-4a54-b549-fad1d7a1c51f" testListId="8c84fa94-04c1-424b-9868-57a2d4851a1d" />
    <TestEntry testId="71445656-a9f4-f108-ab88-6f99f9f42b16" executionId="08b1c3aa-afa1-4279-a90b-f6463518af0d" testListId="8c84fa94-04c1-424b-9868-57a2d4851a1d" />
    <TestEntry testId="d0c7c382-be92-208a-f641-c4a9c109541e" executionId="b1b6aefc-5267-4874-8387-d1faf2c27490" testListId="8c84fa94-04c1-424b-9868-57a2d4851a1d" />
    <TestEntry testId="6ff3a64d-e43e-c9b5-cdb2-5023b692a002" executionId="5394cae2-a6ff-486c-9c99-9b8064eb6fe9" testListId="8c84fa94-04c1-424b-9868-57a2d4851a1d" />
    <TestEntry testId="546e1c1f-b92a-588a-a4ee-351bbc7f5bb0" executionId="0a59123e-f8fe-45ba-92bf-b7e9ea6fc4fe" testListId="8c84fa94-04c1-424b-9868-57a2d4851a1d" />
    <TestEntry testId="67a73538-1027-a501-a8ed-160a0b377dca" executionId="ed4c7319-0902-402e-a833-a1f618c2cabf" testListId="8c84fa94-04c1-424b-9868-57a2d4851a1d" />
    <TestEntry testId="f32bda88-4a09-74c7-2e78-6d8d84420e73" executionId="ddfd47dc-3e60-49bd-9b64-0e2d21115e60" testListId="8c84fa94-04c1-424b-9868-57a2d4851a1d" />
    <TestEntry testId="83028242-f49c-fe61-01aa-89f0e3669d5d" executionId="3d256c4f-9640-4a20-85a6-cf19c3c14d14" testListId="8c84fa94-04c1-424b-9868-57a2d4851a1d" />
    <TestEntry testId="164af1fb-8ab7-de87-8f12-29fc40e9bd15" executionId="70780d8f-7fb6-4a25-9fbe-1257ef4fc31d" testListId="8c84fa94-04c1-424b-9868-57a2d4851a1d" />
    <TestEntry testId="8e1ae9ed-48fa-e512-e027-fe3bb954eb8b" executionId="0326003b-376a-4817-a1db-1062c72e602c" testListId="8c84fa94-04c1-424b-9868-57a2d4851a1d" />
    <TestEntry testId="e0eca9f7-d766-7032-cd66-1fda7415dd68" executionId="45120b86-91f3-45f1-aeec-fd4a158ccfe9" testListId="8c84fa94-04c1-424b-9868-57a2d4851a1d" />
    <TestEntry testId="bbacb338-027e-8ff3-9426-ba091de7dfef" executionId="00b05903-2c33-4aaf-9fe8-2485297be12b" testListId="8c84fa94-04c1-424b-9868-57a2d4851a1d" />
    <TestEntry testId="d313dde6-0806-2abf-bd1c-3417608d3183" executionId="460dd119-0143-495b-9968-9f0f07caf33a" testListId="8c84fa94-04c1-424b-9868-57a2d4851a1d" />
    <TestEntry testId="6ee35bac-519f-b442-48b8-ad90bff16940" executionId="1d8f743f-d7c2-4321-8359-5b1eff607b8e" testListId="8c84fa94-04c1-424b-9868-57a2d4851a1d" />
    <TestEntry testId="27aea1a6-1e4c-b203-2089-de14d612090c" executionId="73a0188d-580c-43c2-8e50-c76da333a797" testListId="8c84fa94-04c1-424b-9868-57a2d4851a1d" />
    <TestEntry testId="9d9108bd-86db-659c-91d4-935425fa020c" executionId="22f95b91-e5dc-4b61-85b3-1c2711672f6f" testListId="8c84fa94-04c1-424b-9868-57a2d4851a1d" />
    <TestEntry testId="6a56b596-cc3a-9bf5-da7f-9064d03397a2" executionId="7c182da5-867e-4067-84f9-96bede16cb93" testListId="8c84fa94-04c1-424b-9868-57a2d4851a1d" />
    <TestEntry testId="7ea2fcb8-8d7a-7b3e-5257-f1b66909cef7" executionId="dfd5ea41-e92e-4013-9bea-7e5a46c51d68" testListId="8c84fa94-04c1-424b-9868-57a2d4851a1d" />
    <TestEntry testId="1441b80a-d34b-716a-62ff-daf3315612e2" executionId="7aab236e-7799-47d0-bf1e-b2e9cdaad9fe" testListId="8c84fa94-04c1-424b-9868-57a2d4851a1d" />
    <TestEntry testId="21bc6c22-cae5-d6e6-f8be-0a3d9ef4e313" executionId="7b0ecdad-9370-4fab-bb83-c42fd018b732" testListId="8c84fa94-04c1-424b-9868-57a2d4851a1d" />
    <TestEntry testId="b639b5fb-3ef5-2cd9-a90a-017d1638f497" executionId="6abe85ba-34de-4a8a-a901-127eb8b55b5d" testListId="8c84fa94-04c1-424b-9868-57a2d4851a1d" />
    <TestEntry testId="04ba112f-e345-0314-e5a5-bfdf9ebd97a8" executionId="e4deb944-8f36-4f40-b8f1-a50f3e8ee04d" testListId="8c84fa94-04c1-424b-9868-57a2d4851a1d" />
    <TestEntry testId="37cca059-17dd-1ce4-7f7a-261dd96b9c03" executionId="0652c719-3577-4531-9bae-606c109c0088" testListId="8c84fa94-04c1-424b-9868-57a2d4851a1d" />
    <TestEntry testId="df98ebf9-08c0-e892-4032-ff03288ed21d" executionId="458d6016-e57f-4e03-b43c-da472ad00a4b" testListId="8c84fa94-04c1-424b-9868-57a2d4851a1d" />
    <TestEntry testId="05f6a519-6922-0d88-29ab-58670334a8c0" executionId="3169ea40-c201-418f-b881-88047372de26" testListId="8c84fa94-04c1-424b-9868-57a2d4851a1d" />
    <TestEntry testId="a9b2f3e1-2fa9-2844-278a-1ff95a3cd450" executionId="93cd4af3-0a5a-4e0d-85ea-a7b4d9897952" testListId="8c84fa94-04c1-424b-9868-57a2d4851a1d" />
    <TestEntry testId="fcaeabd6-201c-a809-f13b-51e8e57f8ab1" executionId="96f4ec23-16ad-4cf4-afe9-47c9dcd61bf0" testListId="8c84fa94-04c1-424b-9868-57a2d4851a1d" />
    <TestEntry testId="ee4023a9-7ef5-de07-c4fc-93e795d5baa7" executionId="ab55e772-9444-4f3d-b9af-fc45825f653d" testListId="8c84fa94-04c1-424b-9868-57a2d4851a1d" />
    <TestEntry testId="6527d399-3c52-8422-d90f-6c83c08b6874" executionId="50576c7d-3b07-4175-ba7d-eedc0a402c74" testListId="8c84fa94-04c1-424b-9868-57a2d4851a1d" />
    <TestEntry testId="0956a829-49d6-d659-dada-e609c64ef2a6" executionId="a07700e1-545f-434a-816c-bb806df65f0c" testListId="8c84fa94-04c1-424b-9868-57a2d4851a1d" />
    <TestEntry testId="359096ac-1baa-97a0-9aac-14ec7cffbe5a" executionId="09125aad-e67c-472b-b4cd-c1e64e96bf64" testListId="8c84fa94-04c1-424b-9868-57a2d4851a1d" />
    <TestEntry testId="5ab64c0d-21f1-9b5d-4478-84b27fa34b5c" executionId="936739d1-5854-40fd-9016-54ab0c330867" testListId="8c84fa94-04c1-424b-9868-57a2d4851a1d" />
    <TestEntry testId="1b8c86ad-d6be-1e33-af55-74534338a533" executionId="f93a7809-45b7-4be2-83a5-e44ab40368e6" testListId="8c84fa94-04c1-424b-9868-57a2d4851a1d" />
    <TestEntry testId="05652edd-928f-dd7d-e6ce-82417f010b21" executionId="c45c25dd-3223-4b79-b0ca-64cdc345532c" testListId="8c84fa94-04c1-424b-9868-57a2d4851a1d" />
    <TestEntry testId="c010b35c-ca77-152c-97b9-c2d3f6ea7d7d" executionId="95f1fb5d-e44c-4aa4-884b-c72608d42e6f" testListId="8c84fa94-04c1-424b-9868-57a2d4851a1d" />
    <TestEntry testId="a6c86e7f-3cba-5a70-e72e-8210186f640d" executionId="e6abf14e-9169-4d68-b131-54e36a5aab83" testListId="8c84fa94-04c1-424b-9868-57a2d4851a1d" />
    <TestEntry testId="ee4023a9-7ef5-de07-c4fc-93e795d5baa7" executionId="87966e62-71d3-44bc-8fcd-b55d823cedad" testListId="8c84fa94-04c1-424b-9868-57a2d4851a1d" />
    <TestEntry testId="355371bd-45fe-c229-5034-898ad04eb1dc" executionId="36766f0b-45dc-4aa3-9863-447e6137bcdb" testListId="8c84fa94-04c1-424b-9868-57a2d4851a1d" />
    <TestEntry testId="e9885d89-bc72-7366-67b0-3a6b90c9fc06" executionId="de16124c-ccce-4613-8fe5-f0d14b0bd4a9" testListId="8c84fa94-04c1-424b-9868-57a2d4851a1d" />
    <TestEntry testId="ee4023a9-7ef5-de07-c4fc-93e795d5baa7" executionId="fe4ec9e5-0f8c-454c-a657-6b31209da810" testListId="8c84fa94-04c1-424b-9868-57a2d4851a1d" />
    <TestEntry testId="0f53cf01-7625-abe4-40b4-7756723d3b2e" executionId="deb358a8-c36e-40a2-b383-ad19ef76f046" testListId="8c84fa94-04c1-424b-9868-57a2d4851a1d" />
    <TestEntry testId="0c73a1ad-6206-0874-edea-ce6d1ddf48e7" executionId="b78d7a2c-9767-429d-a6e9-1ad0ebb33d3b" testListId="8c84fa94-04c1-424b-9868-57a2d4851a1d" />
    <TestEntry testId="003ec38a-6be6-40fe-fb76-841c13807019" executionId="9c641659-8803-4beb-9820-d3102c329886" testListId="8c84fa94-04c1-424b-9868-57a2d4851a1d" />
    <TestEntry testId="d084f15f-2ff5-b9de-3bb3-de877630baf6" executionId="b6579f9e-7113-4320-a40e-7c66a6c181c5" testListId="8c84fa94-04c1-424b-9868-57a2d4851a1d" />
    <TestEntry testId="e7af6fc8-165d-9f9b-7acd-68ce9f4566a5" executionId="b9b805c6-1478-4188-929f-f4bf3557b556" testListId="8c84fa94-04c1-424b-9868-57a2d4851a1d" />
    <TestEntry testId="3c121194-5cce-c4ca-1fab-08ec04d15250" executionId="e7410460-95e4-4b0f-881e-67bac05de334" testListId="8c84fa94-04c1-424b-9868-57a2d4851a1d" />
    <TestEntry testId="64ce3878-ca47-8b99-d700-14791eaa9c40" executionId="213346e9-e33c-465b-882c-1753a3a3e6a5" testListId="8c84fa94-04c1-424b-9868-57a2d4851a1d" />
    <TestEntry testId="5b17c964-8de5-81fb-e7e8-0037826de418" executionId="b8afdb74-fef1-4c68-8054-b06c8e07d23a" testListId="8c84fa94-04c1-424b-9868-57a2d4851a1d" />
    <TestEntry testId="4df62476-7918-8981-230a-1c8bcba97842" executionId="ccee4be9-9d50-4208-a55d-83620e09126a" testListId="8c84fa94-04c1-424b-9868-57a2d4851a1d" />
    <TestEntry testId="7f76177b-4d84-642e-9bcb-00aa4c931e13" executionId="20b8aa80-b82b-475d-aafb-d4968e65148b" testListId="8c84fa94-04c1-424b-9868-57a2d4851a1d" />
    <TestEntry testId="a01ac9ad-250e-dc3d-a656-c7b6a9fad9c5" executionId="16ed98bc-50bf-4679-804c-53a0d32bfcfe" testListId="8c84fa94-04c1-424b-9868-57a2d4851a1d" />
    <TestEntry testId="2f8b9abc-1c8d-726a-bc19-fbcf045e42b5" executionId="f6437eda-ddb1-445e-8ccb-353cc7c9476d" testListId="8c84fa94-04c1-424b-9868-57a2d4851a1d" />
    <TestEntry testId="c9653e4a-f0fc-ded6-13b1-2d7721cd5788" executionId="746a7b6b-aeeb-41c2-8f79-1672448f1d7c" testListId="8c84fa94-04c1-424b-9868-57a2d4851a1d" />
    <TestEntry testId="388c5c74-720e-564b-d683-490d356af3fe" executionId="05e8dde3-9062-47bc-9f88-e5ca43a857fd" testListId="8c84fa94-04c1-424b-9868-57a2d4851a1d" />
    <TestEntry testId="eef3d4d9-ae71-3c95-4f3b-3059412b7fd3" executionId="ee23ba28-4614-4570-b415-b28d9d940591" testListId="8c84fa94-04c1-424b-9868-57a2d4851a1d" />
    <TestEntry testId="0316908d-df3c-838f-613a-29a95694fc11" executionId="6571e520-2029-41e3-a4a7-c499f5a83cb0" testListId="8c84fa94-04c1-424b-9868-57a2d4851a1d" />
    <TestEntry testId="4574fcc8-85dd-4c47-5c3d-12a2d873463b" executionId="028f1ef5-04e8-40a2-9fb3-687c6d28ad90" testListId="8c84fa94-04c1-424b-9868-57a2d4851a1d" />
    <TestEntry testId="d8254cb2-99a9-5fa4-0212-2ded41c41bd0" executionId="f610aaeb-8dc3-4ff8-8d63-7d87b41831db" testListId="8c84fa94-04c1-424b-9868-57a2d4851a1d" />
    <TestEntry testId="7769836f-b1cd-5510-88a4-b46be0e10342" executionId="05f9d065-621c-4737-be0a-60d31e0de409" testListId="8c84fa94-04c1-424b-9868-57a2d4851a1d" />
    <TestEntry testId="29f233fd-b25c-9cd4-e1b6-f9fc4d6c9b1b" executionId="409a63fe-dab3-407a-aa5f-a5236cc6b407" testListId="8c84fa94-04c1-424b-9868-57a2d4851a1d" />
    <TestEntry testId="9d9108bd-86db-659c-91d4-935425fa020c" executionId="bdc8e45f-57e6-4c7c-bf0a-49778a3c16e3" testListId="8c84fa94-04c1-424b-9868-57a2d4851a1d" />
    <TestEntry testId="26714a1a-41f7-451e-82b0-891505fd3754" executionId="6da4fdf3-395a-49a5-b080-32ae554b1bb5" testListId="8c84fa94-04c1-424b-9868-57a2d4851a1d" />
    <TestEntry testId="ac435e0a-e1c6-7616-0ac5-820a47d8c989" executionId="7554d2fa-617f-436c-91cf-c1d6da256e9b" testListId="8c84fa94-04c1-424b-9868-57a2d4851a1d" />
    <TestEntry testId="1155d7e4-ae1c-c9f6-e196-ad7112467825" executionId="d09e87cc-f162-448c-b6b1-44a8e6bc4e43" testListId="8c84fa94-04c1-424b-9868-57a2d4851a1d" />
    <TestEntry testId="742536c7-d443-5e0f-b608-8b298fe05c9f" executionId="057f1a1a-c2e3-44b1-a915-d72ed79a4c68" testListId="8c84fa94-04c1-424b-9868-57a2d4851a1d" />
    <TestEntry testId="ee4023a9-7ef5-de07-c4fc-93e795d5baa7" executionId="0cc0ad91-5b2b-457c-bac5-14574634cc54" testListId="8c84fa94-04c1-424b-9868-57a2d4851a1d" />
    <TestEntry testId="7102ede2-c297-16f6-bd79-a261e9a0ab55" executionId="a61e7669-5a6e-428c-bd28-78465b6d22ea" testListId="8c84fa94-04c1-424b-9868-57a2d4851a1d" />
    <TestEntry testId="0c88b540-cd14-9945-dfea-9607412205d7" executionId="ba3e1fbb-7b5c-4bde-9c2a-b8aa087fc82a" testListId="8c84fa94-04c1-424b-9868-57a2d4851a1d" />
    <TestEntry testId="bf546bdc-4b09-7c78-8e68-7999cc725390" executionId="e698ea82-9b68-4c76-997c-f2504c2d1849" testListId="8c84fa94-04c1-424b-9868-57a2d4851a1d" />
    <TestEntry testId="5304b9a1-8d75-0736-1781-57659e307ca7" executionId="69fe93c2-cb24-4b99-9927-b74a581265fc" testListId="8c84fa94-04c1-424b-9868-57a2d4851a1d" />
    <TestEntry testId="3622d494-d4b2-e857-f033-1b05e4e716ef" executionId="28bdd4ec-39de-4c7e-b1c0-ba1d8c0a4c27" testListId="8c84fa94-04c1-424b-9868-57a2d4851a1d" />
    <TestEntry testId="c46d157a-ee92-777a-ec56-c2afd9b36a47" executionId="4955135d-c52f-4794-ba42-1b0049832196" testListId="8c84fa94-04c1-424b-9868-57a2d4851a1d" />
    <TestEntry testId="d5efb860-28fa-be3f-9f7b-507708f7d20d" executionId="1c54b79a-44f1-417c-b59c-221854457fb2" testListId="8c84fa94-04c1-424b-9868-57a2d4851a1d" />
    <TestEntry testId="edadc8c2-2e6c-d240-0235-8c3d78f18004" executionId="59caaa51-327a-4a62-87b0-47a955ffa768" testListId="8c84fa94-04c1-424b-9868-57a2d4851a1d" />
    <TestEntry testId="0e660fb6-01c2-ec2d-f816-fac9e4547e68" executionId="cccdae63-d1a4-4c0d-ab2e-4a954571a623" testListId="8c84fa94-04c1-424b-9868-57a2d4851a1d" />
    <TestEntry testId="3947b69a-c95e-04ea-68de-b5f0fc66e8c1" executionId="b5b8fbfa-646f-41e1-859b-4710663140ae" testListId="8c84fa94-04c1-424b-9868-57a2d4851a1d" />
    <TestEntry testId="f2d7d06b-9241-871a-61b6-24bd28dbad8b" executionId="b994de83-dc94-43e5-afac-82eaa02fd6d0" testListId="8c84fa94-04c1-424b-9868-57a2d4851a1d" />
    <TestEntry testId="faab56b6-f448-562a-00cf-747e8f2205fc" executionId="2c565bcf-b27a-415f-8fc6-bd227fb862fa" testListId="8c84fa94-04c1-424b-9868-57a2d4851a1d" />
    <TestEntry testId="ee4023a9-7ef5-de07-c4fc-93e795d5baa7" executionId="e1a5832d-d0a5-47db-8365-24f688a46d7d" testListId="8c84fa94-04c1-424b-9868-57a2d4851a1d" />
    <TestEntry testId="f15d1485-b568-93f4-d5a1-108ce37ed532" executionId="6b97efa8-34b8-4856-8713-f83ddfcbd40f" testListId="8c84fa94-04c1-424b-9868-57a2d4851a1d" />
    <TestEntry testId="59315ec5-850b-190c-1c3a-c69be3cf286e" executionId="45790c96-03a6-4887-a12f-a757912a5caf" testListId="8c84fa94-04c1-424b-9868-57a2d4851a1d" />
    <TestEntry testId="6aef1b61-0dc3-b6ce-7dbd-e4e62a370ac5" executionId="87862dea-1168-4e2d-a413-8486abb6723c" testListId="8c84fa94-04c1-424b-9868-57a2d4851a1d" />
    <TestEntry testId="ee4023a9-7ef5-de07-c4fc-93e795d5baa7" executionId="a5c0003e-4ac8-4145-b52f-aa10fe518b07" testListId="8c84fa94-04c1-424b-9868-57a2d4851a1d" />
    <TestEntry testId="9d653b0d-6df9-735d-0e75-f562a12dfb97" executionId="8b74fdc0-19fd-4e98-a585-74002a22597e" testListId="8c84fa94-04c1-424b-9868-57a2d4851a1d" />
    <TestEntry testId="d41a3cc4-b17c-f696-0087-3606dad36b9b" executionId="d1099ab4-0649-4716-a11a-1ebfbcea594a" testListId="8c84fa94-04c1-424b-9868-57a2d4851a1d" />
    <TestEntry testId="6fb4517f-b4e4-4771-fc0a-9b00bebd656e" executionId="2aa961ae-1836-448b-804a-c3370be4d701" testListId="8c84fa94-04c1-424b-9868-57a2d4851a1d" />
    <TestEntry testId="94828043-c08c-3149-a789-f000eb0ddc6d" executionId="1782aa59-806a-4825-b18a-fba70c1c34d8" testListId="8c84fa94-04c1-424b-9868-57a2d4851a1d" />
    <TestEntry testId="d56d39a2-1050-3e2a-2b04-2c4d9212b822" executionId="893a74a5-0836-44dd-8d95-30fa3939ad07" testListId="8c84fa94-04c1-424b-9868-57a2d4851a1d" />
    <TestEntry testId="df356c35-94b9-ef56-4b12-cc6f86331c25" executionId="7409bcee-931c-4ab9-b772-1a8c8623d8c7" testListId="8c84fa94-04c1-424b-9868-57a2d4851a1d" />
    <TestEntry testId="7ca488d0-3aca-76f1-6559-f9cc58d50a45" executionId="5bbc6bab-39a2-438c-9bda-8863b3f954f1" testListId="8c84fa94-04c1-424b-9868-57a2d4851a1d" />
    <TestEntry testId="475ca662-af82-6579-f761-35cb472cb87e" executionId="6ba1ac6c-ced1-453e-90dc-be81108abac1" testListId="8c84fa94-04c1-424b-9868-57a2d4851a1d" />
    <TestEntry testId="bf3dc991-3368-6005-a716-c4582669d18a" executionId="24578891-e149-468c-b437-f91daef8002c" testListId="8c84fa94-04c1-424b-9868-57a2d4851a1d" />
    <TestEntry testId="44c7436c-905a-58ad-44f0-0942a51a60c8" executionId="43945864-e667-4a9d-a517-99e113e2b17d" testListId="8c84fa94-04c1-424b-9868-57a2d4851a1d" />
    <TestEntry testId="86ac9b82-99af-2131-da6d-99fa4abd32a6" executionId="82ded9fb-9a97-4799-9d90-31a8b33cfd32" testListId="8c84fa94-04c1-424b-9868-57a2d4851a1d" />
    <TestEntry testId="ee5160b1-3233-41e0-3299-0425a39eeee5" executionId="2064546f-6e55-4985-abc7-c66ee6040f8e" testListId="8c84fa94-04c1-424b-9868-57a2d4851a1d" />
    <TestEntry testId="b4267121-9b95-3e21-c565-aedda680f67b" executionId="2b5e0cee-900f-42f8-9e95-07bd9623ebb5" testListId="8c84fa94-04c1-424b-9868-57a2d4851a1d" />
    <TestEntry testId="a1533602-6410-91ea-863d-c06356133eae" executionId="75f4f8ce-8092-4a9d-87ba-31457ca5804a" testListId="8c84fa94-04c1-424b-9868-57a2d4851a1d" />
    <TestEntry testId="1620f4f3-fa43-753e-a977-2bf07d76d45d" executionId="63b971df-295c-41bf-8b0e-03de1f41b30f" testListId="8c84fa94-04c1-424b-9868-57a2d4851a1d" />
    <TestEntry testId="3880dfbe-9655-d700-4c62-0df9ed476ecc" executionId="2aefa663-a799-4041-9992-0ea6b3510a8a" testListId="8c84fa94-04c1-424b-9868-57a2d4851a1d" />
    <TestEntry testId="a0775966-a411-1fb9-950c-2214329c5e22" executionId="8d7dbf5b-2ba4-47e2-ac84-988ac3f395ca" testListId="8c84fa94-04c1-424b-9868-57a2d4851a1d" />
    <TestEntry testId="e83a59b5-7762-fd63-39f4-c2a7432224a0" executionId="f441854f-174a-4316-8010-fe9ad56e7cac" testListId="8c84fa94-04c1-424b-9868-57a2d4851a1d" />
    <TestEntry testId="6204f013-e7f4-8462-dc2a-44175020e042" executionId="f8721fae-fd1b-4bac-aff7-329b0059a484" testListId="8c84fa94-04c1-424b-9868-57a2d4851a1d" />
    <TestEntry testId="ee4023a9-7ef5-de07-c4fc-93e795d5baa7" executionId="08dde77a-aa35-45a5-8364-47abf022f684" testListId="8c84fa94-04c1-424b-9868-57a2d4851a1d" />
    <TestEntry testId="45e382ab-a2e7-81c4-c83f-6e836a16f442" executionId="ecd35679-29b5-4d9b-97d2-171f7a378800" testListId="8c84fa94-04c1-424b-9868-57a2d4851a1d" />
    <TestEntry testId="ca7d5be2-14df-0b62-6b71-5f58bc8ff588" executionId="62d1ba92-fadf-42ac-b330-1d68f4d94558" testListId="8c84fa94-04c1-424b-9868-57a2d4851a1d" />
    <TestEntry testId="4b3a00da-f880-578f-c303-7e5e482337d2" executionId="d4db71dc-3d9f-42c2-86da-487e24d7c278" testListId="8c84fa94-04c1-424b-9868-57a2d4851a1d" />
    <TestEntry testId="a22a5490-f8cc-bbba-c479-58ecdc58c38a" executionId="790f2458-9b16-4929-b28c-150481efd185" testListId="8c84fa94-04c1-424b-9868-57a2d4851a1d" />
    <TestEntry testId="8fab2801-8a96-682b-eb75-995f4da50517" executionId="0c2b26a8-ccb5-40c7-b81e-9886b1263135" testListId="8c84fa94-04c1-424b-9868-57a2d4851a1d" />
    <TestEntry testId="9574f2b4-908d-7278-b0da-6c84b944cfb6" executionId="02fd15ec-8f70-4ef7-ac9c-6f48fbbdaf94" testListId="8c84fa94-04c1-424b-9868-57a2d4851a1d" />
    <TestEntry testId="177f25f3-8788-a5e1-0e06-b7d455065c9f" executionId="df38f800-d794-49ae-a534-677e74c87296" testListId="8c84fa94-04c1-424b-9868-57a2d4851a1d" />
    <TestEntry testId="2c257caa-63e0-0918-bed2-614d73e7951d" executionId="5aa26cb0-cf68-492b-a3ab-24a171a684e6" testListId="8c84fa94-04c1-424b-9868-57a2d4851a1d" />
    <TestEntry testId="5f39840e-bec0-c8da-e673-ef76d6aa6bc8" executionId="b7b463dd-6bd4-49fc-b946-5872361e7780" testListId="8c84fa94-04c1-424b-9868-57a2d4851a1d" />
    <TestEntry testId="bc83a862-c72b-e348-034e-0bebd83e892a" executionId="5fbb43ca-94d6-4418-a7b4-26ac6f813dbb" testListId="8c84fa94-04c1-424b-9868-57a2d4851a1d" />
    <TestEntry testId="99565e95-1a0c-269c-a11f-12a2852883ea" executionId="aa1d30aa-7918-4265-9bf9-9415971e411d" testListId="8c84fa94-04c1-424b-9868-57a2d4851a1d" />
    <TestEntry testId="a27779ab-d479-2618-c0d6-39c534be7415" executionId="f8dea014-4353-4225-9cb1-4fb3089148d3" testListId="8c84fa94-04c1-424b-9868-57a2d4851a1d" />
    <TestEntry testId="aee78e02-d706-9f06-c554-ee7aa708e371" executionId="5d5c578c-5782-4cf6-b9b4-dda52b8e219f" testListId="8c84fa94-04c1-424b-9868-57a2d4851a1d" />
    <TestEntry testId="2b021d7e-c76f-2f26-bc24-23b377698977" executionId="6e6f7091-3bba-4e90-b2ef-a47d6d8b2781" testListId="8c84fa94-04c1-424b-9868-57a2d4851a1d" />
    <TestEntry testId="dda37eb5-3275-a6a0-766a-62d2bf0b35ac" executionId="be077b2b-5543-491a-a1e9-a8ae592334b2" testListId="8c84fa94-04c1-424b-9868-57a2d4851a1d" />
    <TestEntry testId="9a74f111-730b-48ac-793d-eafd4afb012a" executionId="7945987b-34ce-427e-ab90-fe53ba4d2eb9" testListId="8c84fa94-04c1-424b-9868-57a2d4851a1d" />
    <TestEntry testId="00ff095b-4bc6-db53-f938-6a37bc01f46b" executionId="daa93610-7c43-4077-af91-86cdecc868b0" testListId="8c84fa94-04c1-424b-9868-57a2d4851a1d" />
    <TestEntry testId="aceed3fe-4ee0-3f07-6d4b-e9ae24c2527d" executionId="0e614dc7-787b-4b63-b19d-3608eba7b8f3" testListId="8c84fa94-04c1-424b-9868-57a2d4851a1d" />
    <TestEntry testId="1eb96942-90b7-e230-1cfa-7966bc14fec4" executionId="96e3a3d6-870a-4923-9730-f77e26a10cc9" testListId="8c84fa94-04c1-424b-9868-57a2d4851a1d" />
    <TestEntry testId="2b9c28db-d91c-099d-ee87-9be4d4baccfb" executionId="fee3a41a-c105-489e-a566-93b5e7fd5a45" testListId="8c84fa94-04c1-424b-9868-57a2d4851a1d" />
    <TestEntry testId="d0d162e0-a27a-438e-6e3b-3fe15b89c2fa" executionId="f3b8f953-e1cc-4d19-887d-1f6b20c69c36" testListId="8c84fa94-04c1-424b-9868-57a2d4851a1d" />
    <TestEntry testId="0cc1a792-32db-3643-8570-b5f3ee785740" executionId="9441e29f-4a4f-4dfa-b87c-e31d2c4b9e36" testListId="8c84fa94-04c1-424b-9868-57a2d4851a1d" />
    <TestEntry testId="76a3eda6-3598-ebb2-6b10-983e4fde7476" executionId="4e27d035-fa14-48df-8cd6-e96e90660daa" testListId="8c84fa94-04c1-424b-9868-57a2d4851a1d" />
    <TestEntry testId="2a8032ec-2494-843d-f098-18bbc743b65d" executionId="8d0776b8-3048-4a8b-8d37-6fd83df015bb" testListId="8c84fa94-04c1-424b-9868-57a2d4851a1d" />
    <TestEntry testId="7b9b1873-4328-312e-2778-9f9b8787518d" executionId="624312e2-de81-4e31-afeb-6b0d50809643" testListId="8c84fa94-04c1-424b-9868-57a2d4851a1d" />
    <TestEntry testId="a20b8cdb-3697-b063-4ea9-47fb6efe0241" executionId="f8db8f47-290b-4130-a59c-fe4b7f8515c3" testListId="8c84fa94-04c1-424b-9868-57a2d4851a1d" />
    <TestEntry testId="74b856c2-3b89-4a6f-b0e9-87ceb7b85e0f" executionId="4a88647d-e218-4ebe-a0fd-14a754ad6a7b" testListId="8c84fa94-04c1-424b-9868-57a2d4851a1d" />
    <TestEntry testId="eecfcbb2-c955-43fc-8e5c-cfc66bc5dfcb" executionId="8061b107-acf1-4372-83b3-052f48451e81" testListId="8c84fa94-04c1-424b-9868-57a2d4851a1d" />
    <TestEntry testId="7cf653ab-c1ac-db4f-c8b6-0088365ff615" executionId="3beabdca-ee4a-4bdd-9605-07507f484097" testListId="8c84fa94-04c1-424b-9868-57a2d4851a1d" />
    <TestEntry testId="f15d1485-b568-93f4-d5a1-108ce37ed532" executionId="e9658148-80e5-4286-afd9-69b25947ad1e" testListId="8c84fa94-04c1-424b-9868-57a2d4851a1d" />
    <TestEntry testId="2ee7e566-cb75-fc37-6701-6a6ccb41d168" executionId="d5a4d42f-5288-4df3-9d4f-6526fc51e8b4" testListId="8c84fa94-04c1-424b-9868-57a2d4851a1d" />
    <TestEntry testId="ee1e7c2b-0cb3-69aa-1c3e-150a4187ed3e" executionId="ec95c04c-ae8e-444a-a3f4-07200508ce75" testListId="8c84fa94-04c1-424b-9868-57a2d4851a1d" />
    <TestEntry testId="79bdc8ed-4f4b-9849-1ddd-b15e09b27525" executionId="5bb4f673-e56b-4192-9169-5d30f6fd7942" testListId="8c84fa94-04c1-424b-9868-57a2d4851a1d" />
    <TestEntry testId="4e64a2d0-91fd-57ef-a8c4-3f9f75705cb7" executionId="d50b028e-e2e3-469d-a0bd-c53c06b2999c" testListId="8c84fa94-04c1-424b-9868-57a2d4851a1d" />
    <TestEntry testId="9ef64bea-8c17-ab0b-0aa2-a889a448670e" executionId="98e73961-fc71-4264-a105-a5eae2270aae" testListId="8c84fa94-04c1-424b-9868-57a2d4851a1d" />
    <TestEntry testId="71d1b4b5-6612-dad9-c0dc-422f4a8a13d1" executionId="eb708e5a-f2b6-400f-90c6-9550f5c13a41" testListId="8c84fa94-04c1-424b-9868-57a2d4851a1d" />
    <TestEntry testId="28e59258-d59d-b899-0352-abac45b3f73d" executionId="e0533bc8-fe63-4c06-b593-51938f7612b1" testListId="8c84fa94-04c1-424b-9868-57a2d4851a1d" />
    <TestEntry testId="3dcddc47-428b-8273-354a-bd306914fecf" executionId="84828f92-5db0-41f1-9794-c23eb2419521" testListId="8c84fa94-04c1-424b-9868-57a2d4851a1d" />
    <TestEntry testId="ee4023a9-7ef5-de07-c4fc-93e795d5baa7" executionId="693e754d-2e11-42a3-baf8-37b9c8074f6a" testListId="8c84fa94-04c1-424b-9868-57a2d4851a1d" />
    <TestEntry testId="cb7249c8-dcf7-5d04-d8a1-9ce11225ac6e" executionId="50527681-50d0-44c0-97c1-a4ab47f88d2f" testListId="8c84fa94-04c1-424b-9868-57a2d4851a1d" />
    <TestEntry testId="384c466e-e541-dfd8-e107-db2fc07e11e9" executionId="580b835c-33d7-4108-8950-feb42a0b2f55" testListId="8c84fa94-04c1-424b-9868-57a2d4851a1d" />
    <TestEntry testId="ee4023a9-7ef5-de07-c4fc-93e795d5baa7" executionId="d1988a64-adfb-4367-b355-336b70ee1159" testListId="8c84fa94-04c1-424b-9868-57a2d4851a1d" />
    <TestEntry testId="2094e3f3-bb74-95c3-1e50-e6fdef78ea13" executionId="3d0d19b0-48b3-4cff-af8c-90c2f834be5e" testListId="8c84fa94-04c1-424b-9868-57a2d4851a1d" />
    <TestEntry testId="5e0c0b16-1156-1376-f6f0-3908d3a2cb3b" executionId="417972b3-91a0-4b8d-9e57-b3924c170463" testListId="8c84fa94-04c1-424b-9868-57a2d4851a1d" />
    <TestEntry testId="9e0b7fff-6087-8103-bf4a-c343b2ddff7d" executionId="06420b5c-9af3-4ca8-983c-41217ec0d3ba" testListId="8c84fa94-04c1-424b-9868-57a2d4851a1d" />
    <TestEntry testId="5fc9fa5a-5fe3-b72e-18ec-1d655d4e8290" executionId="004f1085-db78-433d-ac54-11c36ed13a2d" testListId="8c84fa94-04c1-424b-9868-57a2d4851a1d" />
    <TestEntry testId="ad89ac24-24de-f6bb-8252-5fda23ce2272" executionId="4ceae130-9e5e-4201-904f-7aa2d0fc2558" testListId="8c84fa94-04c1-424b-9868-57a2d4851a1d" />
    <TestEntry testId="22db2a0a-aa8a-2a11-0ea7-22ee10a4b12c" executionId="3daeaa68-c387-41e9-a89c-333813f34da2" testListId="8c84fa94-04c1-424b-9868-57a2d4851a1d" />
    <TestEntry testId="d721172e-4856-c743-a2e0-556773d6db34" executionId="d08e17dc-1867-436a-b104-12ef9adbcd0f" testListId="8c84fa94-04c1-424b-9868-57a2d4851a1d" />
    <TestEntry testId="9d9108bd-86db-659c-91d4-935425fa020c" executionId="f995ba62-3e9b-422e-b195-ee2977eb149f" testListId="8c84fa94-04c1-424b-9868-57a2d4851a1d" />
    <TestEntry testId="f37524f4-6178-1300-0d38-772771a42b59" executionId="d77e9dde-73b6-4531-a5fd-c9432ea7a13d" testListId="8c84fa94-04c1-424b-9868-57a2d4851a1d" />
    <TestEntry testId="4049cd8f-4722-f786-6675-c96c049dafca" executionId="a71cdce8-c3cf-4510-9da8-0638aa6a9dee" testListId="8c84fa94-04c1-424b-9868-57a2d4851a1d" />
    <TestEntry testId="ee4023a9-7ef5-de07-c4fc-93e795d5baa7" executionId="a18c63a6-2dd6-4aae-92cd-97316f19f332" testListId="8c84fa94-04c1-424b-9868-57a2d4851a1d" />
    <TestEntry testId="c095042d-e50b-f78e-7e75-2b785c69205f" executionId="1503209d-cef4-444f-befe-001aa44dc224" testListId="8c84fa94-04c1-424b-9868-57a2d4851a1d" />
    <TestEntry testId="5098da35-a50d-188f-464b-c0e73540175b" executionId="f832bbdf-3f77-4da8-be0a-33e734de0936" testListId="8c84fa94-04c1-424b-9868-57a2d4851a1d" />
    <TestEntry testId="219cb226-0982-5e89-b39e-e3df45859861" executionId="342c6456-99c5-4538-a34a-1df3c27d1880" testListId="8c84fa94-04c1-424b-9868-57a2d4851a1d" />
    <TestEntry testId="2c3c5b9a-85d3-0ea3-3ec1-f527226951f2" executionId="0d038dd8-a825-4b16-84a5-41ac5d5707bb" testListId="8c84fa94-04c1-424b-9868-57a2d4851a1d" />
    <TestEntry testId="80b98953-0430-0651-0920-d07f5f37c65f" executionId="1868eb2c-2632-442e-876a-9fc838f0db18" testListId="8c84fa94-04c1-424b-9868-57a2d4851a1d" />
    <TestEntry testId="c7bbac13-8629-583d-7b7e-ef2d4c387bd4" executionId="d37e8dc1-ac36-4a4c-8ee8-eb9754ea7c37" testListId="8c84fa94-04c1-424b-9868-57a2d4851a1d" />
    <TestEntry testId="2607a5e2-638f-a022-bdc9-d6d4d15539fb" executionId="77eb8b98-278f-4264-931a-1c1fafde2472" testListId="8c84fa94-04c1-424b-9868-57a2d4851a1d" />
    <TestEntry testId="dbd8c577-b242-b838-2751-2fb2c595a2b3" executionId="13f7cc83-260e-490a-86b6-1685e0469008" testListId="8c84fa94-04c1-424b-9868-57a2d4851a1d" />
    <TestEntry testId="c65def95-e459-70a7-408d-154b2321db49" executionId="81209219-5e7b-459f-88e0-923f44c899d4" testListId="8c84fa94-04c1-424b-9868-57a2d4851a1d" />
    <TestEntry testId="e7ba2069-4614-8f70-3802-5e750be986c1" executionId="9088a240-be04-4bf3-94ea-a18d03083e09" testListId="8c84fa94-04c1-424b-9868-57a2d4851a1d" />
    <TestEntry testId="a195a1f3-7257-7b57-25f5-d869b6864153" executionId="f6ab6fa0-6a73-4f39-a33a-939da43f897c" testListId="8c84fa94-04c1-424b-9868-57a2d4851a1d" />
    <TestEntry testId="2094e3f3-bb74-95c3-1e50-e6fdef78ea13" executionId="44fd98bc-e8e1-4e97-aa27-7ee31eae2a92" testListId="8c84fa94-04c1-424b-9868-57a2d4851a1d" />
    <TestEntry testId="37e4a981-a5bb-fc1d-cb06-e50341eef0d3" executionId="516e892e-270e-4328-8f6a-d24ef8c27ead" testListId="8c84fa94-04c1-424b-9868-57a2d4851a1d" />
    <TestEntry testId="b9e2ee06-91b7-acf8-fabd-84e17e5fc555" executionId="c26cfb44-f758-449b-885d-241f78040e5f" testListId="8c84fa94-04c1-424b-9868-57a2d4851a1d" />
    <TestEntry testId="b03e8e27-9937-91b2-5c08-fa8ff907b26f" executionId="d3a4dab8-3e05-467c-91fc-febde4d7b304" testListId="8c84fa94-04c1-424b-9868-57a2d4851a1d" />
    <TestEntry testId="19645128-e202-44ae-34e1-bebb765d5926" executionId="bcb91f24-f87a-441f-b303-1df94bc48827" testListId="8c84fa94-04c1-424b-9868-57a2d4851a1d" />
    <TestEntry testId="3c174b71-d834-497d-cddf-1a3c06acc75d" executionId="23f308d2-0351-49d4-ad80-42f92d25daa6" testListId="8c84fa94-04c1-424b-9868-57a2d4851a1d" />
    <TestEntry testId="ddfbb81c-2b69-a408-6560-2aedf261697f" executionId="4202e3c5-ae5e-4948-8ad5-769d11a1f6ec" testListId="8c84fa94-04c1-424b-9868-57a2d4851a1d" />
    <TestEntry testId="d31208f6-32e8-d301-b39b-41ee13f7023e" executionId="1859ab7b-d88a-4e74-b599-fa63cd1223fe" testListId="8c84fa94-04c1-424b-9868-57a2d4851a1d" />
    <TestEntry testId="07e017ec-27c0-e3c7-e86f-7418562949bd" executionId="225405b8-9126-476f-a7ce-3b3432562e7b" testListId="8c84fa94-04c1-424b-9868-57a2d4851a1d" />
    <TestEntry testId="6edb9734-0085-61fb-03c0-8905f287bd8a" executionId="602cd916-9694-4f7e-b45c-5bbf2ed3df62" testListId="8c84fa94-04c1-424b-9868-57a2d4851a1d" />
    <TestEntry testId="8b0bbd88-d4e3-018e-eff8-fdef5f0617d3" executionId="093fd765-947f-4676-9553-359473a8e4d2" testListId="8c84fa94-04c1-424b-9868-57a2d4851a1d" />
    <TestEntry testId="23744893-3ce4-b3c9-e589-b7048486411c" executionId="b95ad5c8-e85c-481f-bac7-a6c180b5df4c" testListId="8c84fa94-04c1-424b-9868-57a2d4851a1d" />
    <TestEntry testId="0d4bd5fb-a3e0-f3c1-4f95-139d2488ddad" executionId="8f7b8a27-d5ae-416e-a70f-e79de9a738f4" testListId="8c84fa94-04c1-424b-9868-57a2d4851a1d" />
    <TestEntry testId="8a9bf480-5820-5db4-cbbc-995cdda4b03b" executionId="af6cb4b3-4869-41ab-b89e-9b2f551813c6" testListId="8c84fa94-04c1-424b-9868-57a2d4851a1d" />
    <TestEntry testId="d85ce454-c380-2ac2-ff60-059c934c0c87" executionId="f2de4d0d-8f1f-42cb-a305-7f5f3787b25c" testListId="8c84fa94-04c1-424b-9868-57a2d4851a1d" />
    <TestEntry testId="490eb431-6d13-ab7d-b1eb-cfc423ab2fff" executionId="058449fb-e1c2-43a4-bd50-03e832a2d702" testListId="8c84fa94-04c1-424b-9868-57a2d4851a1d" />
    <TestEntry testId="0849ef5c-5ece-5fd5-f289-447abc0f32b7" executionId="cd099e8f-459f-4483-9beb-3638647c2baa" testListId="8c84fa94-04c1-424b-9868-57a2d4851a1d" />
    <TestEntry testId="fb9a0fbc-d523-38e7-fa29-68166d7c4694" executionId="a42cdfed-3087-45d6-946e-334058ab6382" testListId="8c84fa94-04c1-424b-9868-57a2d4851a1d" />
    <TestEntry testId="1ad62dd9-f5f4-acc1-288e-32afb8d0c153" executionId="ce5ed5cb-9e1f-41cb-96de-311a730959ac" testListId="8c84fa94-04c1-424b-9868-57a2d4851a1d" />
    <TestEntry testId="52f18a4a-df7a-b0a9-8294-4256ba81d7da" executionId="2d211ccb-efd6-4e0a-8b43-bfb75bdbf615" testListId="8c84fa94-04c1-424b-9868-57a2d4851a1d" />
    <TestEntry testId="7a8926d4-b9a3-8330-c659-fa45110afd0c" executionId="d9fe6ae5-e76b-42f6-b5ea-fcc0ee179a5d" testListId="8c84fa94-04c1-424b-9868-57a2d4851a1d" />
    <TestEntry testId="2c55edee-6a96-66e5-7447-ae0a0f99cbe5" executionId="18c13223-ae71-4920-86bb-2072ac7ffc25" testListId="8c84fa94-04c1-424b-9868-57a2d4851a1d" />
    <TestEntry testId="8960bb52-9b82-13fc-c2b9-b466022a1aa2" executionId="81504206-2fa6-4c72-8505-20f8c7a998f9" testListId="8c84fa94-04c1-424b-9868-57a2d4851a1d" />
    <TestEntry testId="98edab49-64e8-bcaf-beed-559fb53bdf3f" executionId="4ee63c73-fb5c-4844-a019-093bdfc28996" testListId="8c84fa94-04c1-424b-9868-57a2d4851a1d" />
    <TestEntry testId="07860993-0a42-4d7c-0b94-185b0186e197" executionId="99d898fd-04ff-473a-a80a-c8ed79a7cea8" testListId="8c84fa94-04c1-424b-9868-57a2d4851a1d" />
    <TestEntry testId="d3545ea5-dab7-481a-2ef9-e3a4a28edd41" executionId="f43ca845-9e84-4f6a-bb79-03c479e49aa0" testListId="8c84fa94-04c1-424b-9868-57a2d4851a1d" />
    <TestEntry testId="9aba6afc-33b4-b3ea-f2ba-94221cb99165" executionId="5206c69d-3c90-43ec-88f1-9e29013d85a8" testListId="8c84fa94-04c1-424b-9868-57a2d4851a1d" />
    <TestEntry testId="063fc5d6-7093-4898-586d-f7c91da3d90a" executionId="ccbc84c2-9629-4413-8f23-08625bd0c0c1" testListId="8c84fa94-04c1-424b-9868-57a2d4851a1d" />
    <TestEntry testId="437f2012-d0bd-9480-97fb-1b4e5a423d3b" executionId="8c0e97c0-2d97-4c77-a5fd-d79164487c2b" testListId="8c84fa94-04c1-424b-9868-57a2d4851a1d" />
    <TestEntry testId="dc2936a8-a88a-b2cd-9a40-e8ec53aed396" executionId="cd3f0a2b-ce21-478f-85d1-5357ede849e7" testListId="8c84fa94-04c1-424b-9868-57a2d4851a1d" />
    <TestEntry testId="deca3051-566c-ab49-e061-aefe5abff9fe" executionId="b0c81cf8-a4f1-49a8-b9bd-390db13659bf" testListId="8c84fa94-04c1-424b-9868-57a2d4851a1d" />
    <TestEntry testId="a4176163-6edd-669e-35fb-02700dc32d3b" executionId="cb6bf136-4e09-464e-b1d3-5d8a78f54e79" testListId="8c84fa94-04c1-424b-9868-57a2d4851a1d" />
    <TestEntry testId="d88306ca-9afa-8148-3367-97d6e4d284e8" executionId="24d64856-74a9-4cd1-b184-1c32e98ca87f" testListId="8c84fa94-04c1-424b-9868-57a2d4851a1d" />
    <TestEntry testId="6ce955a0-0761-b09e-dcca-c2383b742171" executionId="1d447977-65e4-46c6-9d53-a36da3b9fa5b" testListId="8c84fa94-04c1-424b-9868-57a2d4851a1d" />
    <TestEntry testId="1b2a48cb-3076-b35a-c216-de57ac818d9a" executionId="50382382-7fb1-45c5-814b-87bd19d6937b" testListId="8c84fa94-04c1-424b-9868-57a2d4851a1d" />
    <TestEntry testId="bef49fa8-35a0-c104-c37a-933b8d6f8b64" executionId="52b659e5-d489-44f8-a5e1-8fbf3d5cee34" testListId="8c84fa94-04c1-424b-9868-57a2d4851a1d" />
    <TestEntry testId="4dc452ef-89de-ef92-35ba-5de565a80983" executionId="2b540640-f440-49f9-a82d-c747fafe7538" testListId="8c84fa94-04c1-424b-9868-57a2d4851a1d" />
    <TestEntry testId="d35048be-1680-5fe1-6d7b-c9c557f71eff" executionId="afd5ec15-e3ba-46ba-84d4-012b0c1a059d" testListId="8c84fa94-04c1-424b-9868-57a2d4851a1d" />
    <TestEntry testId="ee4023a9-7ef5-de07-c4fc-93e795d5baa7" executionId="af160c32-2dcb-487f-8ce9-efb990ec9fcc" testListId="8c84fa94-04c1-424b-9868-57a2d4851a1d" />
    <TestEntry testId="bf3ad47a-9250-f8b8-31e2-5fe2764ad9e8" executionId="c01d2db1-82ce-4ffa-acc3-f2aff2281684" testListId="8c84fa94-04c1-424b-9868-57a2d4851a1d" />
    <TestEntry testId="11a7072a-d21b-7c2a-b062-98fe08e0c6dd" executionId="4d112687-3165-4f86-ba51-60e26322baa4" testListId="8c84fa94-04c1-424b-9868-57a2d4851a1d" />
    <TestEntry testId="4fec9ec7-a715-f40d-70ae-2bde7321c0b8" executionId="8a4b7cf5-a9e7-434d-9a3b-6a5b7d47bf05" testListId="8c84fa94-04c1-424b-9868-57a2d4851a1d" />
    <TestEntry testId="ee4023a9-7ef5-de07-c4fc-93e795d5baa7" executionId="578533d3-426f-4271-b028-ba458fe1d17b" testListId="8c84fa94-04c1-424b-9868-57a2d4851a1d" />
    <TestEntry testId="1c871e62-fc07-15be-cc5c-68162573f4bc" executionId="575826e9-a844-4ca9-b228-d81f6819ffbf" testListId="8c84fa94-04c1-424b-9868-57a2d4851a1d" />
    <TestEntry testId="c25f8796-8fb8-e9c9-dc4c-16994d769571" executionId="5df20df6-46d6-487a-a5b3-bd98ba43f571" testListId="8c84fa94-04c1-424b-9868-57a2d4851a1d" />
    <TestEntry testId="d881db98-d513-4483-6745-6376d9bd922f" executionId="f9af3433-e8dd-4693-b30a-c8b7b3a6e244" testListId="8c84fa94-04c1-424b-9868-57a2d4851a1d" />
    <TestEntry testId="f740022f-70ee-66e1-da38-2c4767f72ea7" executionId="d7d71444-c992-46fb-8fd8-70028f6edbdf" testListId="8c84fa94-04c1-424b-9868-57a2d4851a1d" />
    <TestEntry testId="1cd4fe94-7bb9-0d0d-a095-b6d8dbddc0b6" executionId="bcca551b-ca77-4529-8ae2-30ff1f8512ec" testListId="8c84fa94-04c1-424b-9868-57a2d4851a1d" />
  </TestEntries>
  <TestLists>
    <TestList name="Results Not in a List" id="8c84fa94-04c1-424b-9868-57a2d4851a1d" />
    <TestList name="All Loaded Results" id="19431567-8539-422a-85d7-44ee4e166bda" />
  </TestLists>
  <ResultSummary outcome="Completed">
    <Counters total="427" executed="420" passed="420" failed="0" error="0" timeout="0" aborted="0" inconclusive="0" passedButRunAborted="0" notRunnable="0" notExecuted="0" disconnected="0" warning="0" completed="0" inProgress="0" pending="0" />
    <Output>
      <StdOut>Test 'ValidateIdpServer_WorkingHttpAddress_ShouldSuccess' was skipped in the test run.&#xD;
Test 'ValidateIdpServer_InvalidSslConfiguration_ShouldThrow' was skipped in the test run.&#xD;
Test 'ValidateIdpServer_HttpsAddressInvalidPort_ShouldThrow' was skipped in the test run.&#xD;
Test 'ValidateIdpServer_HttpAddressInvalidPort_ShouldThrow' was skipped in the test run.&#xD;
Test 'ValidateIdpServer_CancellationRequest_ShouldThrow' was skipped in the test run.&#xD;
Test 'ValidateFasterIdpServerOnBothSchemas_WorkingHttpAddress_ShouldSuccess' was skipped in the test run.&#xD;
Test 'ValidateFasterIdpServerOnBothSchemas_WorkingHttpAddressAndCancellationRequest_ShouldCancelAndReturnEmptyResult' was skipped in the test run.&#xD;
</StdOut>
    </Output>
  </ResultSummary>
</TestRun>