<?xml version="1.0" encoding="utf-8"?>
<TestRun id="157deb90-cb0f-41f3-b928-0f7b5ea009f9" name="DKSR-EFI-06$@DKSR-EFI-06 2024-01-09 15:43:24" runUser="NT AUTHORITY\NETWORK SERVICE" xmlns="http://microsoft.com/schemas/VisualStudio/TeamTest/2010">
  <Times creation="2024-01-09T15:43:24.4041266+01:00" queuing="2024-01-09T15:43:24.4041266+01:00" start="2024-01-09T15:43:16.7791178+01:00" finish="2024-01-09T15:43:26.7322506+01:00" />
  <TestSettings name="default" id="d7d8099c-3677-451e-bb49-e3d80763abf9">
    <Deployment runDeploymentRoot="DKSR-EFI-06$_DKSR-EFI-06_2024-01-09_15_43_24" />
  </TestSettings>
  <Results>
    <UnitTestResult executionId="598b1a60-34ed-48ba-93b0-94b70cf2ce76" testId="17a17d61-3693-4beb-a69c-da690ff6fcd4" testName="VideoOS.IdentityServer.UnitTests.GrantValidators.WinAuthGrantValidatorTests.ValidateAsync_DbContextTrowsSqlException_StatusCode500IsSet" computerName="DKSR-EFI-06" duration="00:00:00.0292659" startTime="2024-01-09T15:43:26.1547457+01:00" endTime="2024-01-09T15:43:26.1547459+01:00" testType="13cdc9d9-ddb5-4fa4-a97d-d965ccfc6d4b" outcome="Passed" testListId="8c84fa94-04c1-424b-9868-57a2d4851a1d" relativeResultsDirectory="598b1a60-34ed-48ba-93b0-94b70cf2ce76" />
    <UnitTestResult executionId="44f31286-2def-407f-b26b-1ba5fe4d25b0" testId="6852fa0d-96bc-81d2-59b0-8e8004a5deb8" testName="VideoOS.IdentityServer.UnitTests.Services.ExternalTokenValidatorTests.GetSubjectTokenClaims_SubjectTokenIsNull_TokenNotValidatedAndErrorReturned" computerName="DKSR-EFI-06" duration="00:00:00.0002318" startTime="2024-01-09T15:43:24.9698275+01:00" endTime="2024-01-09T15:43:24.9698277+01:00" testType="13cdc9d9-ddb5-4fa4-a97d-d965ccfc6d4b" outcome="Passed" testListId="8c84fa94-04c1-424b-9868-57a2d4851a1d" relativeResultsDirectory="44f31286-2def-407f-b26b-1ba5fe4d25b0" />
    <UnitTestResult executionId="57d04d25-0b64-4a00-a3c4-522da380f055" testId="7144b9cd-8b82-fd81-0514-67816e952a1b" testName="VideoOS.IdentityServer.UnitTests.GrantValidators.TokenExchangeGrantValidatorTests.ValidateAsync_MissingVmsProviderKeyClaim_InvalidRequestReturned" computerName="DKSR-EFI-06" duration="00:00:00.5386086" startTime="2024-01-09T15:43:25.8186213+01:00" endTime="2024-01-09T15:43:25.8186220+01:00" testType="13cdc9d9-ddb5-4fa4-a97d-d965ccfc6d4b" outcome="Passed" testListId="8c84fa94-04c1-424b-9868-57a2d4851a1d" relativeResultsDirectory="57d04d25-0b64-4a00-a3c4-522da380f055" />
    <UnitTestResult executionId="fad6a1ef-11e3-467e-9760-af5326a880b7" testId="3ce805ef-0df2-a3e6-ebeb-47289be70483" testName="VideoOS.IdentityServer.UnitTests.Helper.ExpressionBuilderTests.FromString_QueryIsInvalid_ThrowsQueryFilterException(query: &quot;doesnotexists eq a&quot;)" computerName="DKSR-EFI-06" duration="00:00:00.0000692" startTime="2024-01-09T15:43:26.2267933+01:00" endTime="2024-01-09T15:43:26.2267934+01:00" testType="13cdc9d9-ddb5-4fa4-a97d-d965ccfc6d4b" outcome="Passed" testListId="8c84fa94-04c1-424b-9868-57a2d4851a1d" relativeResultsDirectory="fad6a1ef-11e3-467e-9760-af5326a880b7" />
    <UnitTestResult executionId="8d530fd9-5acd-45f8-bfbf-5d1cd0975674" testId="32695111-f0d1-5117-1ea3-fba755aaec22" testName="VideoOS.IdentityServer.UnitTests.GrantValidators.WinAuthGrantValidatorTests.ValidateAsync_UserIsNotAuthenticated_FailureResultIsSet" computerName="DKSR-EFI-06" duration="00:00:00.0028192" startTime="2024-01-09T15:43:26.1653074+01:00" endTime="2024-01-09T15:43:26.1653078+01:00" testType="13cdc9d9-ddb5-4fa4-a97d-d965ccfc6d4b" outcome="Passed" testListId="8c84fa94-04c1-424b-9868-57a2d4851a1d" relativeResultsDirectory="8d530fd9-5acd-45f8-bfbf-5d1cd0975674" />
    <UnitTestResult executionId="6176cf72-1802-40c7-bfd1-2eaf01b95ab8" testId="d2484591-128b-24ef-8f52-6d83f7bc2c3f" testName="VideoOS.IdentityServer.UnitTests.Services.PasswordHasherWithLegacySupportTests.VerifyHashedPassword_CorrectLegacyPassword_SuccessRehashNeeded(encryptionMethod: &quot;SHA1&quot;)" computerName="DKSR-EFI-06" duration="00:00:00.0158907" startTime="2024-01-09T15:43:26.1521419+01:00" endTime="2024-01-09T15:43:26.1521421+01:00" testType="13cdc9d9-ddb5-4fa4-a97d-d965ccfc6d4b" outcome="Passed" testListId="8c84fa94-04c1-424b-9868-57a2d4851a1d" relativeResultsDirectory="6176cf72-1802-40c7-bfd1-2eaf01b95ab8" />
    <UnitTestResult executionId="c2f2471f-07db-4c2a-8dda-58f7d7049efb" testId="6d4dcff1-e71e-7eba-b747-dc0d28b69028" testName="VideoOS.IdentityServer.UnitTests.Services.ProfileServiceTests.IsActiveAsync_VmsUserNotExist_UserNotActive" computerName="DKSR-EFI-06" duration="00:00:00.0045368" startTime="2024-01-09T15:43:26.4610520+01:00" endTime="2024-01-09T15:43:26.4610523+01:00" testType="13cdc9d9-ddb5-4fa4-a97d-d965ccfc6d4b" outcome="Passed" testListId="8c84fa94-04c1-424b-9868-57a2d4851a1d" relativeResultsDirectory="c2f2471f-07db-4c2a-8dda-58f7d7049efb" />
    <UnitTestResult executionId="a489a8d1-90ac-4a58-8d71-716d15dad3a2" testId="2c26c12f-3ca5-522d-9529-d126717062be" testName="VideoOS.IdentityServer.UnitTests.Controllers.AdminIdentityControllerTests.Get_AdminIdentityExists_AdminIdentityIsReturned" computerName="DKSR-EFI-06" duration="00:00:00.0031383" startTime="2024-01-09T15:43:24.5592060+01:00" endTime="2024-01-09T15:43:24.5592062+01:00" testType="13cdc9d9-ddb5-4fa4-a97d-d965ccfc6d4b" outcome="Passed" testListId="8c84fa94-04c1-424b-9868-57a2d4851a1d" relativeResultsDirectory="a489a8d1-90ac-4a58-8d71-716d15dad3a2" />
    <UnitTestResult executionId="971682ae-361b-4269-a3b7-f183f628da7a" testId="79d67e59-7fbf-c07f-2150-4782871231d6" testName="VideoOS.IdentityServer.UnitTests.Repositories.EventLogRepositoryTests.SaveChangesAsync_NewChanges_SaveChangesIsCalledOnDbContext" computerName="DKSR-EFI-06" duration="00:00:00.1651236" startTime="2024-01-09T15:43:26.4736543+01:00" endTime="2024-01-09T15:43:26.4736545+01:00" testType="13cdc9d9-ddb5-4fa4-a97d-d965ccfc6d4b" outcome="Passed" testListId="8c84fa94-04c1-424b-9868-57a2d4851a1d" relativeResultsDirectory="971682ae-361b-4269-a3b7-f183f628da7a" />
    <UnitTestResult executionId="8b07f41e-549d-403f-aead-74c7fcea40ba" testId="8efb1ec5-b7e8-b3c6-0ad4-6500f872cd9c" testName="VideoOS.IdentityServer.UnitTests.Helper.ConstantValueHelperTests.GetConstantValues_ConstantTypeDoesnotExist_NoValueReturned" computerName="DKSR-EFI-06" duration="00:00:00.0001626" startTime="2024-01-09T15:43:25.8625783+01:00" endTime="2024-01-09T15:43:25.8625784+01:00" testType="13cdc9d9-ddb5-4fa4-a97d-d965ccfc6d4b" outcome="Passed" testListId="8c84fa94-04c1-424b-9868-57a2d4851a1d" relativeResultsDirectory="8b07f41e-549d-403f-aead-74c7fcea40ba" />
    <UnitTestResult executionId="e55f0c1c-30c1-4ffc-9a7f-acca2e7197ed" testId="0d85d1a5-4587-cde5-d4f6-a2747cae77f0" testName="VideoOS.IdentityServer.UnitTests.Controllers.ExternalProvidersControllerTests.ExternalProviderController_ClassIsDecoratedWithAllowAnonymous" computerName="DKSR-EFI-06" duration="00:00:00.0002262" startTime="2024-01-09T15:43:26.3122711+01:00" endTime="2024-01-09T15:43:26.3122713+01:00" testType="13cdc9d9-ddb5-4fa4-a97d-d965ccfc6d4b" outcome="Passed" testListId="8c84fa94-04c1-424b-9868-57a2d4851a1d" relativeResultsDirectory="e55f0c1c-30c1-4ffc-9a7f-acca2e7197ed" />
    <UnitTestResult executionId="c383a869-ea1f-4d78-be55-b4bb7bfad802" testId="d5541448-b537-d06e-8c14-f0a217384950" testName="VideoOS.IdentityServer.UnitTests.Services.WellKnownConfigurationRetriever.WellKnownConfigurationRetrieverTests.GetWellKnownConfiguration_WithExternalProviderUri_ReturnsValidResult" computerName="DKSR-EFI-06" duration="00:00:00.0751479" startTime="2024-01-09T15:43:24.7175928+01:00" endTime="2024-01-09T15:43:24.7175933+01:00" testType="13cdc9d9-ddb5-4fa4-a97d-d965ccfc6d4b" outcome="Passed" testListId="8c84fa94-04c1-424b-9868-57a2d4851a1d" relativeResultsDirectory="c383a869-ea1f-4d78-be55-b4bb7bfad802" />
    <UnitTestResult executionId="9fca3fee-6179-4972-8442-7da009b3c00f" testId="4a7b3dd0-e4cf-93e6-ea32-71b917028e9d" testName="VideoOS.IdentityServer.UnitTests.Helper.ExpressionBuilderTests.FromString_QueryIsInvalid_ThrowsQueryFilterException(query: &quot; &quot;)" computerName="DKSR-EFI-06" duration="00:00:00.0074302" startTime="2024-01-09T15:43:26.2264053+01:00" endTime="2024-01-09T15:43:26.2264056+01:00" testType="13cdc9d9-ddb5-4fa4-a97d-d965ccfc6d4b" outcome="Passed" testListId="8c84fa94-04c1-424b-9868-57a2d4851a1d" relativeResultsDirectory="9fca3fee-6179-4972-8442-7da009b3c00f" />
    <UnitTestResult executionId="0453393b-7a45-4f0b-9b01-7716b7c438c4" testId="00d7f6e7-1681-b470-5943-2b2a47f76c10" testName="VideoOS.IdentityServer.UnitTests.Repositories.VmsUserManagerTests.CreateUserInternalAsync_LockoutDisabledAndUserHaveNotLockoutEnd_Success" computerName="DKSR-EFI-06" duration="00:00:00.0030665" startTime="2024-01-09T15:43:26.1524481+01:00" endTime="2024-01-09T15:43:26.1524483+01:00" testType="13cdc9d9-ddb5-4fa4-a97d-d965ccfc6d4b" outcome="Passed" testListId="8c84fa94-04c1-424b-9868-57a2d4851a1d" relativeResultsDirectory="0453393b-7a45-4f0b-9b01-7716b7c438c4" />
    <UnitTestResult executionId="9226b984-a659-4ade-87e3-83b35fc00b92" testId="473a3c80-3ea8-a077-65a6-e1d2c4bcc082" testName="VideoOS.IdentityServer.UnitTests.Controllers.TrustedIssuersControllerTests.Post_AddressExists_DuplicateTrustedIssuerError" computerName="DKSR-EFI-06" duration="00:00:00.0033079" startTime="2024-01-09T15:43:25.2518098+01:00" endTime="2024-01-09T15:43:25.2518103+01:00" testType="13cdc9d9-ddb5-4fa4-a97d-d965ccfc6d4b" outcome="Passed" testListId="8c84fa94-04c1-424b-9868-57a2d4851a1d" relativeResultsDirectory="9226b984-a659-4ade-87e3-83b35fc00b92" />
    <UnitTestResult executionId="7124a1e5-b73c-4396-aae5-39dc9bb3108d" testId="670ae904-55a3-8185-fd54-c63dd045f796" testName="VideoOS.IdentityServer.UnitTests.Helper.ExpressionBuilderTests.FromString_DifferentQueriesWithAllowedSearchNames_ReturnsExpectedCount(query: &quot;number gt 4&quot;, expectedCount: 1, allowedSearchNames: [&quot;Number&quot;])" computerName="DKSR-EFI-06" duration="00:00:00.0007192" startTime="2024-01-09T15:43:26.2027377+01:00" endTime="2024-01-09T15:43:26.2027379+01:00" testType="13cdc9d9-ddb5-4fa4-a97d-d965ccfc6d4b" outcome="Passed" testListId="8c84fa94-04c1-424b-9868-57a2d4851a1d" relativeResultsDirectory="7124a1e5-b73c-4396-aae5-39dc9bb3108d" />
    <UnitTestResult executionId="a418ea2b-abb4-425d-9ea0-05d5c3c899c3" testId="492dace9-3b0a-d697-1385-c13f3d43e0e4" testName="VideoOS.IdentityServer.UnitTests.NLogConfiguration.NLogConfiguratorTests.RemoveFilter_FilterNotFound_NothingRemoved" computerName="DKSR-EFI-06" duration="00:00:00.1324465" startTime="2024-01-09T15:43:26.0464520+01:00" endTime="2024-01-09T15:43:26.0464523+01:00" testType="13cdc9d9-ddb5-4fa4-a97d-d965ccfc6d4b" outcome="Passed" testListId="8c84fa94-04c1-424b-9868-57a2d4851a1d" relativeResultsDirectory="a418ea2b-abb4-425d-9ea0-05d5c3c899c3" />
    <UnitTestResult executionId="5959ad4d-97d5-4ec8-b77b-071b8c58d30b" testId="f2ce5a84-ec77-f411-f0d1-52ef065f2825" testName="VideoOS.IdentityServer.UnitTests.Helper.ExpressionBuilderTests.FromString_DifferentQueriesWithDisallowedSearchNames_ThrowsInvalidOperationException(query: &quot;name eq a&quot;, allowedSearchNames: [&quot;Time&quot;])" computerName="DKSR-EFI-06" duration="00:00:00.0004303" startTime="2024-01-09T15:43:26.2155063+01:00" endTime="2024-01-09T15:43:26.2155065+01:00" testType="13cdc9d9-ddb5-4fa4-a97d-d965ccfc6d4b" outcome="Passed" testListId="8c84fa94-04c1-424b-9868-57a2d4851a1d" relativeResultsDirectory="5959ad4d-97d5-4ec8-b77b-071b8c58d30b" />
    <UnitTestResult executionId="41869d58-b697-448a-90e4-2ba0feedd856" testId="36459205-3fff-99ea-a8bb-b5596965c4e0" testName="VideoOS.IdentityServer.UnitTests.Attributes.DisallowCharacterAttributeTests.IsValid_ContainsOnlyAllowedCharacters_ReturnsTrue(value: &quot;bob&quot;)" computerName="DKSR-EFI-06" duration="00:00:00.0000463" startTime="2024-01-09T15:43:26.2279703+01:00" endTime="2024-01-09T15:43:26.2279704+01:00" testType="13cdc9d9-ddb5-4fa4-a97d-d965ccfc6d4b" outcome="Passed" testListId="8c84fa94-04c1-424b-9868-57a2d4851a1d" relativeResultsDirectory="41869d58-b697-448a-90e4-2ba0feedd856" />
    <UnitTestResult executionId="475b32b4-580b-4f29-8546-ef19db358813" testId="32d31b65-fa07-6661-d591-50910694ecd1" testName="VideoOS.IdentityServer.UnitTests.Attributes.MaxLengthUriAttributeTests.IsValid_ForNotUriValue_ReturnsError" computerName="DKSR-EFI-06" duration="00:00:00.0001091" startTime="2024-01-09T15:43:25.6692619+01:00" endTime="2024-01-09T15:43:25.6692620+01:00" testType="13cdc9d9-ddb5-4fa4-a97d-d965ccfc6d4b" outcome="Passed" testListId="8c84fa94-04c1-424b-9868-57a2d4851a1d" relativeResultsDirectory="475b32b4-580b-4f29-8546-ef19db358813" />
    <UnitTestResult executionId="e2648b1f-d27f-452d-b309-7c805a9a329c" testId="21d411b8-728d-403f-1163-65295fe6c37a" testName="VideoOS.IdentityServer.UnitTests.Helper.ExpressionBuilderTests.FromString_DifferentQueriesWithAllowedSearchNames_ReturnsExpectedCount(query: &quot;time ge 1000-1-1&quot;, expectedCount: 3, allowedSearchNames: [&quot;Time&quot;])" computerName="DKSR-EFI-06" duration="00:00:00.0008891" startTime="2024-01-09T15:43:26.2150034+01:00" endTime="2024-01-09T15:43:26.2150035+01:00" testType="13cdc9d9-ddb5-4fa4-a97d-d965ccfc6d4b" outcome="Passed" testListId="8c84fa94-04c1-424b-9868-57a2d4851a1d" relativeResultsDirectory="e2648b1f-d27f-452d-b309-7c805a9a329c" />
    <UnitTestResult executionId="05538978-282e-4dca-bcfe-a4caed39e959" testId="453ac4b1-ff13-2691-3fe8-455ba35d7332" testName="VideoOS.IdentityServer.UnitTests.Helper.ExpressionBuilderTests.FromString_DifferentQueriesWithNoListOfAllowedSearchNames_ReturnsExpectedCount(query: &quot;time ge 1000-1-1&quot;, expectedCount: 3)" computerName="DKSR-EFI-06" duration="00:00:00.0008936" startTime="2024-01-09T15:43:26.2180589+01:00" endTime="2024-01-09T15:43:26.2180590+01:00" testType="13cdc9d9-ddb5-4fa4-a97d-d965ccfc6d4b" outcome="Passed" testListId="8c84fa94-04c1-424b-9868-57a2d4851a1d" relativeResultsDirectory="05538978-282e-4dca-bcfe-a4caed39e959" />
    <UnitTestResult executionId="28dd9a40-52f7-471b-9814-f3bebcb1afb6" testId="d46eeb73-e964-e08a-1fbd-08c1223b20cd" testName="VideoOS.IdentityServer.UnitTests.Pages.LoginTests.OnGetAsync_IdpSpecified_Redirect" computerName="DKSR-EFI-06" duration="00:00:00.0402732" startTime="2024-01-09T15:43:26.3070886+01:00" endTime="2024-01-09T15:43:26.3070886+01:00" testType="13cdc9d9-ddb5-4fa4-a97d-d965ccfc6d4b" outcome="Passed" testListId="8c84fa94-04c1-424b-9868-57a2d4851a1d" relativeResultsDirectory="28dd9a40-52f7-471b-9814-f3bebcb1afb6" />
    <UnitTestResult executionId="eb780ef6-6a15-4ee2-82b9-ed8e66cc75cb" testId="5de2ac4a-ce20-5c4a-e02b-66d9452032da" testName="VideoOS.IdentityServer.UnitTests.Controllers.LoginsControllerTests.AddLogin_LoginIsNotCreated_BadRequestReturned" computerName="DKSR-EFI-06" duration="00:00:00.0052390" startTime="2024-01-09T15:43:25.7852922+01:00" endTime="2024-01-09T15:43:25.7852927+01:00" testType="13cdc9d9-ddb5-4fa4-a97d-d965ccfc6d4b" outcome="Passed" testListId="8c84fa94-04c1-424b-9868-57a2d4851a1d" relativeResultsDirectory="eb780ef6-6a15-4ee2-82b9-ed8e66cc75cb" />
    <UnitTestResult executionId="0c3717b8-37d6-4dcb-aba0-07858b106951" testId="f1dd52a8-3970-8b00-915d-53f41e6de369" testName="VideoOS.IdentityServer.UnitTests.Attributes.DisallowCharacterAttributeTests.IsValid_ContainsOnlyAllowedCharacters_ReturnsTrue(value: &quot;testUser123&quot;)" computerName="DKSR-EFI-06" duration="00:00:00.0000048" startTime="2024-01-09T15:43:26.2284919+01:00" endTime="2024-01-09T15:43:26.2284920+01:00" testType="13cdc9d9-ddb5-4fa4-a97d-d965ccfc6d4b" outcome="Passed" testListId="8c84fa94-04c1-424b-9868-57a2d4851a1d" relativeResultsDirectory="0c3717b8-37d6-4dcb-aba0-07858b106951" />
    <UnitTestResult executionId="c7b67af1-e567-49a8-8a24-73c86a434768" testId="3675eaec-c59e-9a8e-9bcb-78e436b9d77d" testName="VideoOS.IdentityServer.UnitTests.Helper.MapAllClaimsActionAndEnumerateArrayTests.Run_DuplicateSingleClaimPairs_DuplicatePairsGetRemoved" computerName="DKSR-EFI-06" duration="00:00:00.0005220" startTime="2024-01-09T15:43:24.8607909+01:00" endTime="2024-01-09T15:43:24.8607911+01:00" testType="13cdc9d9-ddb5-4fa4-a97d-d965ccfc6d4b" outcome="Passed" testListId="8c84fa94-04c1-424b-9868-57a2d4851a1d" relativeResultsDirectory="c7b67af1-e567-49a8-8a24-73c86a434768" />
    <UnitTestResult executionId="a6014e8b-20c8-458f-bd6b-50d9073f2b9e" testId="2ef36e24-191a-4027-ef03-9d31e948af8b" testName="VideoOS.IdentityServer.UnitTests.Services.WellKnownConfigurationRetriever.WellKnownConfigurationRetrieverTests.GetWellKnownConfiguration_NoExternalProvider_ReturnsValidResult" computerName="DKSR-EFI-06" duration="00:00:00.0036938" startTime="2024-01-09T15:43:24.7213850+01:00" endTime="2024-01-09T15:43:24.7213853+01:00" testType="13cdc9d9-ddb5-4fa4-a97d-d965ccfc6d4b" outcome="Passed" testListId="8c84fa94-04c1-424b-9868-57a2d4851a1d" relativeResultsDirectory="a6014e8b-20c8-458f-bd6b-50d9073f2b9e" />
    <UnitTestResult executionId="32376bda-26b6-4fb9-909a-8e9763480f09" testId="1d389ffb-2e11-5848-1632-d0c27e2b06c9" testName="VideoOS.IdentityServer.UnitTests.Services.EventLogServiceTest.Log_LogSuccess_TimeStampSet" computerName="DKSR-EFI-06" duration="00:00:00.0971685" startTime="2024-01-09T15:43:24.6379935+01:00" endTime="2024-01-09T15:43:24.6379938+01:00" testType="13cdc9d9-ddb5-4fa4-a97d-d965ccfc6d4b" outcome="Passed" testListId="8c84fa94-04c1-424b-9868-57a2d4851a1d" relativeResultsDirectory="32376bda-26b6-4fb9-909a-8e9763480f09" />
    <UnitTestResult executionId="48fe76e5-809a-4346-b115-03f0c40e61de" testId="8e8cb7e0-78e5-ded1-0e93-cda5bf51d581" testName="VideoOS.IdentityServer.UnitTests.Repositories.ConfigurationRepositoryTest.GetByClientIdAsync_ClientExists_ClientIsReturned" computerName="DKSR-EFI-06" duration="00:00:00.6923789" startTime="2024-01-09T15:43:25.6721961+01:00" endTime="2024-01-09T15:43:25.6721964+01:00" testType="13cdc9d9-ddb5-4fa4-a97d-d965ccfc6d4b" outcome="Passed" testListId="8c84fa94-04c1-424b-9868-57a2d4851a1d" relativeResultsDirectory="48fe76e5-809a-4346-b115-03f0c40e61de" />
    <UnitTestResult executionId="7cbaf870-a2af-42c5-a334-628a166036b9" testId="7afc244c-1882-5877-2a81-7cbc434e16a6" testName="VideoOS.IdentityServer.UnitTests.Validators.PasswordValidatorTests.ValidateAsync_PasswordMatchesPerfectly_Success" computerName="DKSR-EFI-06" duration="00:00:00.0006911" startTime="2024-01-09T15:43:24.8410043+01:00" endTime="2024-01-09T15:43:24.8410045+01:00" testType="13cdc9d9-ddb5-4fa4-a97d-d965ccfc6d4b" outcome="Passed" testListId="8c84fa94-04c1-424b-9868-57a2d4851a1d" relativeResultsDirectory="7cbaf870-a2af-42c5-a334-628a166036b9" />
    <UnitTestResult executionId="51dab09d-5bd2-4364-a8d3-5063b35e6ff1" testId="fc7d9da9-12c3-859d-7e0a-2f887e4ce1b8" testName="VideoOS.IdentityServer.UnitTests.Controllers.UsersControllerTests.Patch_UpdateFails_ReturnBadRequest" computerName="DKSR-EFI-06" duration="00:00:00.0151164" startTime="2024-01-09T15:43:25.3923973+01:00" endTime="2024-01-09T15:43:25.3923977+01:00" testType="13cdc9d9-ddb5-4fa4-a97d-d965ccfc6d4b" outcome="Passed" testListId="8c84fa94-04c1-424b-9868-57a2d4851a1d" relativeResultsDirectory="51dab09d-5bd2-4364-a8d3-5063b35e6ff1" />
    <UnitTestResult executionId="536cb85d-c662-4e33-890f-5a456b9f6b3f" testId="4a1359fc-72ed-3e9b-62c1-570e98338ddd" testName="VideoOS.IdentityServer.UnitTests.GrantValidators.TokenExchangeGrantValidatorTests.ValidateAsync_ValidateAndExtractSubjectTokenFailed_InvalidRequestReturned" computerName="DKSR-EFI-06" duration="00:00:00.0039236" startTime="2024-01-09T15:43:25.8226926+01:00" endTime="2024-01-09T15:43:25.8226931+01:00" testType="13cdc9d9-ddb5-4fa4-a97d-d965ccfc6d4b" outcome="Passed" testListId="8c84fa94-04c1-424b-9868-57a2d4851a1d" relativeResultsDirectory="536cb85d-c662-4e33-890f-5a456b9f6b3f" />
    <UnitTestResult executionId="5957f22c-dc47-46ca-9422-6648db1fb1bf" testId="c285aa96-6560-5b1c-5ee3-ecc88bb64559" testName="VideoOS.IdentityServer.UnitTests.Filters.CheckModelForNullAttributeTests.OnActionExecuting_ActionArgumentsIsEmpty_ResultIsNotSet" computerName="DKSR-EFI-06" duration="00:00:00.0002888" startTime="2024-01-09T15:43:25.8596105+01:00" endTime="2024-01-09T15:43:25.8596105+01:00" testType="13cdc9d9-ddb5-4fa4-a97d-d965ccfc6d4b" outcome="Passed" testListId="8c84fa94-04c1-424b-9868-57a2d4851a1d" relativeResultsDirectory="5957f22c-dc47-46ca-9422-6648db1fb1bf" />
    <UnitTestResult executionId="c6e64b92-f9d8-4618-b6b3-5fa5c467c117" testId="55d780a0-2673-7fac-c57d-1246cf3e308f" testName="VideoOS.IdentityServer.UnitTests.Services.PasswordHasherWithLegacySupportTests.VerifyHashedPassword_WrongLegacyPassword_Failed(encryptionMethod: &quot;SHA1&quot;)" computerName="DKSR-EFI-06" duration="00:00:00.0141292" startTime="2024-01-09T15:43:26.1663379+01:00" endTime="2024-01-09T15:43:26.1663381+01:00" testType="13cdc9d9-ddb5-4fa4-a97d-d965ccfc6d4b" outcome="Passed" testListId="8c84fa94-04c1-424b-9868-57a2d4851a1d" relativeResultsDirectory="c6e64b92-f9d8-4618-b6b3-5fa5c467c117" />
    <UnitTestResult executionId="c43827bc-5501-490a-86da-6b2cbe8b1f1a" testId="4593cd33-2e03-9acc-1ca8-9687f0404b31" testName="VideoOS.IdentityServer.UnitTests.Attributes.DisallowCharacterAttributeTests.IsValid_ContainsDisallowedCharacters_ReturnsFalse(value: &quot;{bob}&quot;)" computerName="DKSR-EFI-06" duration="00:00:00.0000062" startTime="2024-01-09T15:43:26.2285903+01:00" endTime="2024-01-09T15:43:26.2285904+01:00" testType="13cdc9d9-ddb5-4fa4-a97d-d965ccfc6d4b" outcome="Passed" testListId="8c84fa94-04c1-424b-9868-57a2d4851a1d" relativeResultsDirectory="c43827bc-5501-490a-86da-6b2cbe8b1f1a" />
    <UnitTestResult executionId="39c42786-f86b-4e90-a52d-281ca4a01ada" testId="f9f9c1a9-026b-519c-10d7-173536d70fa9" testName="VideoOS.IdentityServer.UnitTests.GrantValidators.TokenExchangeGrantValidatorTests.ValidateAsync_ExchangeStyleNotVmsFederation_InvalidRequestReturned" computerName="DKSR-EFI-06" duration="00:00:00.0030927" startTime="2024-01-09T15:43:25.9372151+01:00" endTime="2024-01-09T15:43:25.9372157+01:00" testType="13cdc9d9-ddb5-4fa4-a97d-d965ccfc6d4b" outcome="Passed" testListId="8c84fa94-04c1-424b-9868-57a2d4851a1d" relativeResultsDirectory="39c42786-f86b-4e90-a52d-281ca4a01ada" />
    <UnitTestResult executionId="83dbbd35-fd4b-47bd-885a-5a9ba73aacf5" testId="93cfa45e-50b0-604c-c09c-2e5001172962" testName="VideoOS.IdentityServer.UnitTests.Repositories.VmsUserManagerTests.HasClaimChanged_InputOfUserAndExternalClaims_ExpectedOutcome(userClaims: [VmsUserClaim { ClaimType = &quot;name&quot;, ClaimValue = &quot;name&quot;, CreatedDate = 0001-01-01T00:00:00.0000000, Id = 0, LoginProvider = null, ... }, VmsUserClaim { ClaimType = &quot;test&quot;, ClaimValue = &quot;test&quot;, CreatedDate = 0001-01-01T00:00:00.0000000, Id = 0, LoginProvider = null, ... }, VmsUserClaim { ClaimType = &quot;test&quot;, ClaimValue = &quot;test1&quot;, CreatedDate = 0001-01-01T00:00:00.0000000, Id = 0, LoginProvider = null, ... }], externalClaims: [name: name, test: test, test: test1], expectedAddedIndex: [], expectedRemovedIndex: [])" computerName="DKSR-EFI-06" duration="00:00:00.0003745" startTime="2024-01-09T15:43:26.4385998+01:00" endTime="2024-01-09T15:43:26.4386000+01:00" testType="13cdc9d9-ddb5-4fa4-a97d-d965ccfc6d4b" outcome="Passed" testListId="8c84fa94-04c1-424b-9868-57a2d4851a1d" relativeResultsDirectory="83dbbd35-fd4b-47bd-885a-5a9ba73aacf5" />
    <UnitTestResult executionId="f6025e37-dae1-43b6-9a76-2cd9be44e5a9" testId="13a66c9f-2eb4-db3a-7de2-27ae71a16c10" testName="VideoOS.IdentityServer.UnitTests.Controllers.LoginsControllerTests.DeleteLogin_UserNotFound_NotFoundReturned" computerName="DKSR-EFI-06" duration="00:00:00.0039196" startTime="2024-01-09T15:43:25.7799570+01:00" endTime="2024-01-09T15:43:25.7799573+01:00" testType="13cdc9d9-ddb5-4fa4-a97d-d965ccfc6d4b" outcome="Passed" testListId="8c84fa94-04c1-424b-9868-57a2d4851a1d" relativeResultsDirectory="f6025e37-dae1-43b6-9a76-2cd9be44e5a9" />
    <UnitTestResult executionId="7a69a5dc-fc26-4eef-8a29-f20f47db0d65" testId="0ba0d8ee-e084-2fae-4304-de087e848ec3" testName="VideoOS.IdentityServer.UnitTests.Controllers.UsersControllerTests.Patch_UpdatesAreSent_ReturnUpdatedUserDto" computerName="DKSR-EFI-06" duration="00:00:00.0367209" startTime="2024-01-09T15:43:25.3771640+01:00" endTime="2024-01-09T15:43:25.3771643+01:00" testType="13cdc9d9-ddb5-4fa4-a97d-d965ccfc6d4b" outcome="Passed" testListId="8c84fa94-04c1-424b-9868-57a2d4851a1d" relativeResultsDirectory="7a69a5dc-fc26-4eef-8a29-f20f47db0d65" />
    <UnitTestResult executionId="c7db676a-fce2-4e3a-9502-d1f9e38c0cb6" testId="8077f55b-866c-8b6a-e210-2bf14ffef320" testName="VideoOS.IdentityServer.UnitTests.Repositories.VmsUserManagerTests.ChangePasswordAsync_PasswordChangedUnSuccessful_ForcePasswordChangeNotReset" computerName="DKSR-EFI-06" duration="00:00:00.0039045" startTime="2024-01-09T15:43:25.7979683+01:00" endTime="2024-01-09T15:43:25.7979687+01:00" testType="13cdc9d9-ddb5-4fa4-a97d-d965ccfc6d4b" outcome="Passed" testListId="8c84fa94-04c1-424b-9868-57a2d4851a1d" relativeResultsDirectory="c7db676a-fce2-4e3a-9502-d1f9e38c0cb6" />
    <UnitTestResult executionId="9d150284-07a9-4bdd-b2f1-b62572d0577d" testId="9dc45e64-4511-e60b-b229-5c6fc36d1771" testName="VideoOS.IdentityServer.UnitTests.Controllers.UsersControllerTests.Patch_UserNotFound_ReturnNotFoundResult" computerName="DKSR-EFI-06" duration="00:00:00.0716144" startTime="2024-01-09T15:43:25.1740454+01:00" endTime="2024-01-09T15:43:25.1740459+01:00" testType="13cdc9d9-ddb5-4fa4-a97d-d965ccfc6d4b" outcome="Passed" testListId="8c84fa94-04c1-424b-9868-57a2d4851a1d" relativeResultsDirectory="9d150284-07a9-4bdd-b2f1-b62572d0577d" />
    <UnitTestResult executionId="4154be0f-c76a-44f4-b82e-301320b68d35" testId="37c2b8ed-5307-fd14-fb78-5826ba25894d" testName="VideoOS.IdentityServer.UnitTests.Repositories.VmsUserManagerTests.FindByFilterAsync_UserFoundUsingType_User" computerName="DKSR-EFI-06" duration="00:00:00.0519518" startTime="2024-01-09T15:43:25.9536816+01:00" endTime="2024-01-09T15:43:25.9536820+01:00" testType="13cdc9d9-ddb5-4fa4-a97d-d965ccfc6d4b" outcome="Passed" testListId="8c84fa94-04c1-424b-9868-57a2d4851a1d" relativeResultsDirectory="4154be0f-c76a-44f4-b82e-301320b68d35" />
    <UnitTestResult executionId="cacaefef-5d93-4d8a-b51c-fb993e185e90" testId="fa378fcf-ab9c-4481-d1e8-d9cef920ea0f" testName="VideoOS.IdentityServer.UnitTests.Attributes.IsGuidTests.IsGuid_ValueIsGuidOrNull_ReturnsTrue(value: &quot;a86818c9-6703-4236-ae65-592332fb43e2&quot;)" computerName="DKSR-EFI-06" duration="00:00:00.0000111" startTime="2024-01-09T15:43:24.3859891+01:00" endTime="2024-01-09T15:43:24.3859891+01:00" testType="13cdc9d9-ddb5-4fa4-a97d-d965ccfc6d4b" outcome="Passed" testListId="8c84fa94-04c1-424b-9868-57a2d4851a1d" relativeResultsDirectory="cacaefef-5d93-4d8a-b51c-fb993e185e90" />
    <UnitTestResult executionId="18507f79-abe6-435f-b98c-9017540e0b11" testId="9168d8da-a349-31dd-2b45-0a6d377d0f4c" testName="VideoOS.IdentityServer.UnitTests.Controllers.BaseControllerTests.NotFound_InvokeWithObject_ThrowsNotImplementedException" computerName="DKSR-EFI-06" duration="00:00:00.0010816" startTime="2024-01-09T15:43:25.8460697+01:00" endTime="2024-01-09T15:43:25.8460700+01:00" testType="13cdc9d9-ddb5-4fa4-a97d-d965ccfc6d4b" outcome="Passed" testListId="8c84fa94-04c1-424b-9868-57a2d4851a1d" relativeResultsDirectory="18507f79-abe6-435f-b98c-9017540e0b11" />
    <UnitTestResult executionId="ef8f2467-11cd-4109-a6ff-966a4fced8b1" testId="054a59ea-182f-5736-1129-9e52b20b70d3" testName="VideoOS.IdentityServer.UnitTests.Pages.Account.LoginViewModelTests.ExternalProviders_OneExternalProvider_IsExternalLoginOnly" computerName="DKSR-EFI-06" duration="00:00:00.0007527" startTime="2024-01-09T15:43:25.2837835+01:00" endTime="2024-01-09T15:43:25.2837837+01:00" testType="13cdc9d9-ddb5-4fa4-a97d-d965ccfc6d4b" outcome="Passed" testListId="8c84fa94-04c1-424b-9868-57a2d4851a1d" relativeResultsDirectory="ef8f2467-11cd-4109-a6ff-966a4fced8b1" />
    <UnitTestResult executionId="7e4af271-4dd6-4dfc-a378-25e239cf3ba2" testId="726e7ea3-087e-6d58-bc91-81673a1be569" testName="VideoOS.IdentityServer.UnitTests.Services.WellKnownConfigurationRetriever.WellKnownConfigurationRetrieverTests.GetWellKnownConfiguration_WithoutExternalProviderUri_ReturnsErrorResult" computerName="DKSR-EFI-06" duration="00:00:00.0640362" startTime="2024-01-09T15:43:24.6335070+01:00" endTime="2024-01-09T15:43:24.6335076+01:00" testType="13cdc9d9-ddb5-4fa4-a97d-d965ccfc6d4b" outcome="Passed" testListId="8c84fa94-04c1-424b-9868-57a2d4851a1d" relativeResultsDirectory="7e4af271-4dd6-4dfc-a378-25e239cf3ba2" />
    <UnitTestResult executionId="e65a951f-50a4-406b-97b4-20f67c9772ab" testId="60f49aec-c5b4-99ea-1acb-b873f5055301" testName="VideoOS.IdentityServer.UnitTests.Helper.RsaKeyGeneratorTests.GenerateRsaSecurityKey_InvalidKeySize_ThrowsArgumentOutOfRangeException(keySize: 16385)" computerName="DKSR-EFI-06" duration="00:00:00.0000284" startTime="2024-01-09T15:43:24.5651401+01:00" endTime="2024-01-09T15:43:24.5651401+01:00" testType="13cdc9d9-ddb5-4fa4-a97d-d965ccfc6d4b" outcome="Passed" testListId="8c84fa94-04c1-424b-9868-57a2d4851a1d" relativeResultsDirectory="e65a951f-50a4-406b-97b4-20f67c9772ab" />
    <UnitTestResult executionId="d7091ef5-e73f-460d-8c2f-979a6cf5d6e4" testId="4f5a6cc6-1969-6f9b-ec83-8d5bda87395f" testName="VideoOS.IdentityServer.UnitTests.Services.UserProvisionerTests.CreateOrUpdateUser_NewUserUserNameAlreadyCreated_VerifyUserName(exsistingUserNames: [&quot;CustomUserName&quot;, &quot;Preferred Bobby Bob&quot;, &quot;Bobby Bob&quot;, &quot;james@bond.local&quot;], expectedUserName: &quot;CustomUserName#1&quot;)" computerName="DKSR-EFI-06" duration="00:00:00.0054752" startTime="2024-01-09T15:43:24.8633700+01:00" endTime="2024-01-09T15:43:24.8633702+01:00" testType="13cdc9d9-ddb5-4fa4-a97d-d965ccfc6d4b" outcome="Passed" testListId="8c84fa94-04c1-424b-9868-57a2d4851a1d" relativeResultsDirectory="d7091ef5-e73f-460d-8c2f-979a6cf5d6e4" />
    <UnitTestResult executionId="655ca421-0bde-4c9f-96e1-3b81a005f7ce" testId="7c38c405-6200-5a1a-0fda-e13867787aa4" testName="VideoOS.IdentityServer.UnitTests.Services.ProfileServiceTests.GetProfileDataAsync_VmsUserClaimsRequestedWithoutProviderScope_NoProviderClaims" computerName="DKSR-EFI-06" duration="00:00:00.0046306" startTime="2024-01-09T15:43:26.4657740+01:00" endTime="2024-01-09T15:43:26.4657743+01:00" testType="13cdc9d9-ddb5-4fa4-a97d-d965ccfc6d4b" outcome="Passed" testListId="8c84fa94-04c1-424b-9868-57a2d4851a1d" relativeResultsDirectory="655ca421-0bde-4c9f-96e1-3b81a005f7ce" />
    <UnitTestResult executionId="ec61cfac-a0d8-415f-b8aa-2c935fcd4de4" testId="01433ef2-8b3d-c050-4c37-ad60206b679e" testName="VideoOS.IdentityServer.UnitTests.Repositories.VmsUserManagerTests.FindByLoginAsync_UserNotFound_User" computerName="DKSR-EFI-06" duration="00:00:00.0167455" startTime="2024-01-09T15:43:26.3707531+01:00" endTime="2024-01-09T15:43:26.3707535+01:00" testType="13cdc9d9-ddb5-4fa4-a97d-d965ccfc6d4b" outcome="Passed" testListId="8c84fa94-04c1-424b-9868-57a2d4851a1d" relativeResultsDirectory="ec61cfac-a0d8-415f-b8aa-2c935fcd4de4" />
    <UnitTestResult executionId="a857dc4e-a948-45ba-b0ff-5915ad8674e2" testId="609c826a-3755-6de6-3e90-3398130aa650" testName="VideoOS.IdentityServer.UnitTests.Controllers.UserCollectionsControllerTests.GetUserCollection_AllUsersFoundWithProviders_UsersReturned" computerName="DKSR-EFI-06" duration="00:00:00.0122285" startTime="2024-01-09T15:43:25.7002369+01:00" endTime="2024-01-09T15:43:25.7002373+01:00" testType="13cdc9d9-ddb5-4fa4-a97d-d965ccfc6d4b" outcome="Passed" testListId="8c84fa94-04c1-424b-9868-57a2d4851a1d" relativeResultsDirectory="a857dc4e-a948-45ba-b0ff-5915ad8674e2" />
    <UnitTestResult executionId="f3372d32-f340-4902-9c27-99c4f7ce8355" testId="c3d62fdb-9f77-4aa5-0654-aae86222d252" testName="VideoOS.IdentityServer.UnitTests.Helper.ExpressionBuilderTests.FromString_DifferentQueriesWithDisallowedSearchNames_ThrowsInvalidOperationException(query: &quot;number ge 4&quot;, allowedSearchNames: [&quot;abc&quot;])" computerName="DKSR-EFI-06" duration="00:00:00.0000654" startTime="2024-01-09T15:43:26.2156198+01:00" endTime="2024-01-09T15:43:26.2156199+01:00" testType="13cdc9d9-ddb5-4fa4-a97d-d965ccfc6d4b" outcome="Passed" testListId="8c84fa94-04c1-424b-9868-57a2d4851a1d" relativeResultsDirectory="f3372d32-f340-4902-9c27-99c4f7ce8355" />
    <UnitTestResult executionId="d6b30d22-c206-40a5-aee8-ebc831198eb8" testId="85bf3866-403f-6cdd-9f23-280601254ec9" testName="VideoOS.IdentityServer.UnitTests.Controllers.LoginProvidersControllerTests.Patch_LoginProvider_Success" computerName="DKSR-EFI-06" duration="00:00:00.0710035" startTime="2024-01-09T15:43:24.6347583+01:00" endTime="2024-01-09T15:43:24.6347587+01:00" testType="13cdc9d9-ddb5-4fa4-a97d-d965ccfc6d4b" outcome="Passed" testListId="8c84fa94-04c1-424b-9868-57a2d4851a1d" relativeResultsDirectory="d6b30d22-c206-40a5-aee8-ebc831198eb8" />
    <UnitTestResult executionId="ad6ef279-9709-40ed-9e36-1edbeeef844d" testId="88de0f63-ba78-57ec-2506-bc07443ca376" testName="VideoOS.IdentityServer.UnitTests.Middleware.ApiDisableStatusCodeFeatureMiddlewareTests.InvokeAsync_RequestNotApi_DelegateRun" computerName="DKSR-EFI-06" duration="00:00:00.0016792" startTime="2024-01-09T15:43:24.7391392+01:00" endTime="2024-01-09T15:43:24.7391395+01:00" testType="13cdc9d9-ddb5-4fa4-a97d-d965ccfc6d4b" outcome="Passed" testListId="8c84fa94-04c1-424b-9868-57a2d4851a1d" relativeResultsDirectory="ad6ef279-9709-40ed-9e36-1edbeeef844d" />
    <UnitTestResult executionId="319271f4-bda5-4f27-9d04-68b189a6d153" testId="1fc6513f-0401-0907-ea53-a69e52aa54a2" testName="VideoOS.IdentityServer.UnitTests.Repositories.ConfigurationRepositoryTest.AddAsync_NewClientIsPassed_ClientIsAddedToDbContext" computerName="DKSR-EFI-06" duration="00:00:00.0047618" startTime="2024-01-09T15:43:25.8517910+01:00" endTime="2024-01-09T15:43:25.8517912+01:00" testType="13cdc9d9-ddb5-4fa4-a97d-d965ccfc6d4b" outcome="Passed" testListId="8c84fa94-04c1-424b-9868-57a2d4851a1d" relativeResultsDirectory="319271f4-bda5-4f27-9d04-68b189a6d153" />
    <UnitTestResult executionId="fd940747-b35d-49de-9482-0946652fed7b" testId="87f4d9b7-2d7e-23c1-4003-883f358f7c2a" testName="VideoOS.IdentityServer.UnitTests.Controllers.BaseControllerTests.BadRequest_InvokeWithIdentityError_ReturnsResultWithErrorResponse" computerName="DKSR-EFI-06" duration="00:00:00.0002477" startTime="2024-01-09T15:43:25.8449117+01:00" endTime="2024-01-09T15:43:25.8449118+01:00" testType="13cdc9d9-ddb5-4fa4-a97d-d965ccfc6d4b" outcome="Passed" testListId="8c84fa94-04c1-424b-9868-57a2d4851a1d" relativeResultsDirectory="fd940747-b35d-49de-9482-0946652fed7b" />
    <UnitTestResult executionId="f1171945-45bd-426a-ab5e-df6592fd1b08" testId="3e1add04-de3f-c9f0-b251-36e0ce7c9141" testName="VideoOS.IdentityServer.UnitTests.NLogConfiguration.NLogConfiguratorTests.RemoveFilter_FilterFound_FilterRemoved" computerName="DKSR-EFI-06" duration="00:00:00.0004564" startTime="2024-01-09T15:43:26.0488235+01:00" endTime="2024-01-09T15:43:26.0488236+01:00" testType="13cdc9d9-ddb5-4fa4-a97d-d965ccfc6d4b" outcome="Passed" testListId="8c84fa94-04c1-424b-9868-57a2d4851a1d" relativeResultsDirectory="f1171945-45bd-426a-ab5e-df6592fd1b08" />
    <UnitTestResult executionId="c0e2d19d-2c62-4eea-bd21-5d0121579a98" testId="d798ebf8-5eb5-d224-24ef-355e17a6ee53" testName="VideoOS.IdentityServer.UnitTests.Helper.ExpressionBuilderTests.FromString_DifferentQueriesWithDisallowedSearchNames_ThrowsInvalidOperationException(query: &quot;number gt 4&quot;, allowedSearchNames: [&quot;Name&quot;])" computerName="DKSR-EFI-06" duration="00:00:00.0000474" startTime="2024-01-09T15:43:26.2157884+01:00" endTime="2024-01-09T15:43:26.2157885+01:00" testType="13cdc9d9-ddb5-4fa4-a97d-d965ccfc6d4b" outcome="Passed" testListId="8c84fa94-04c1-424b-9868-57a2d4851a1d" relativeResultsDirectory="c0e2d19d-2c62-4eea-bd21-5d0121579a98" />
    <UnitTestResult executionId="e8450887-e605-4adf-b611-edab92006564" testId="f745d7c9-1b6e-8536-9e6d-7f308c1a00c6" testName="VideoOS.IdentityServer.UnitTests.Controllers.LoginProvidersControllerTests.Post_LoginProvider_Success" computerName="DKSR-EFI-06" duration="00:00:00.0100608" startTime="2024-01-09T15:43:24.6448929+01:00" endTime="2024-01-09T15:43:24.6448932+01:00" testType="13cdc9d9-ddb5-4fa4-a97d-d965ccfc6d4b" outcome="Passed" testListId="8c84fa94-04c1-424b-9868-57a2d4851a1d" relativeResultsDirectory="e8450887-e605-4adf-b611-edab92006564" />
    <UnitTestResult executionId="e577ee7e-b1fd-4589-8b46-122f0e137c95" testId="eba938f9-1de9-a6d2-1cc3-c22477755358" testName="VideoOS.IdentityServer.UnitTests.Repositories.VmsUserManagerTests.CreateUserInternalAsync_AddLoginInfoError_Failed" computerName="DKSR-EFI-06" duration="00:00:00.0784398" startTime="2024-01-09T15:43:26.2407821+01:00" endTime="2024-01-09T15:43:26.2407826+01:00" testType="13cdc9d9-ddb5-4fa4-a97d-d965ccfc6d4b" outcome="Passed" testListId="8c84fa94-04c1-424b-9868-57a2d4851a1d" relativeResultsDirectory="e577ee7e-b1fd-4589-8b46-122f0e137c95" />
    <UnitTestResult executionId="cd20c321-3186-424d-948c-8128e1550e7b" testId="9805a00b-17c2-ac10-b04e-31770952e806" testName="VideoOS.IdentityServer.UnitTests.Model.ErrorResponseTests.ErrorResponse_DuplicateApiErrors_ErrorsContainAllDescriptionElements" computerName="DKSR-EFI-06" duration="00:00:00.0010563" startTime="2024-01-09T15:43:26.1946272+01:00" endTime="2024-01-09T15:43:26.1946274+01:00" testType="13cdc9d9-ddb5-4fa4-a97d-d965ccfc6d4b" outcome="Passed" testListId="8c84fa94-04c1-424b-9868-57a2d4851a1d" relativeResultsDirectory="cd20c321-3186-424d-948c-8128e1550e7b" />
    <UnitTestResult executionId="39b55ae2-26c8-499c-895b-392f850b5108" testId="363fcb95-f3be-f992-3fe9-9ea3d3b0fe13" testName="VideoOS.IdentityServer.UnitTests.Services.UserProvisionerTests.CreateOrUpdateUser_UserExistsUpdateExternalClaims_ExpectedClaimsAsInput(externalClaims: [sub: sub, sid: sid], expectedClaims: [])" computerName="DKSR-EFI-06" duration="00:00:00.0027670" startTime="2024-01-09T15:43:25.0668023+01:00" endTime="2024-01-09T15:43:25.0668027+01:00" testType="13cdc9d9-ddb5-4fa4-a97d-d965ccfc6d4b" outcome="Passed" testListId="8c84fa94-04c1-424b-9868-57a2d4851a1d" relativeResultsDirectory="39b55ae2-26c8-499c-895b-392f850b5108" />
    <UnitTestResult executionId="93c94eab-1a4e-445b-bde9-378d68b6197d" testId="8bed271a-762f-7749-24bd-471c01a4f81b" testName="VideoOS.IdentityServer.UnitTests.Pages.LoginTests.OnPostAsync_UserLoginSuccess_EventLogCreated" computerName="DKSR-EFI-06" duration="00:00:00.4134399" startTime="2024-01-09T15:43:26.2667520+01:00" endTime="2024-01-09T15:43:26.2667525+01:00" testType="13cdc9d9-ddb5-4fa4-a97d-d965ccfc6d4b" outcome="Passed" testListId="8c84fa94-04c1-424b-9868-57a2d4851a1d" relativeResultsDirectory="93c94eab-1a4e-445b-bde9-378d68b6197d" />
    <UnitTestResult executionId="d41887bb-2455-41b9-903a-f0bd48c1ed76" testId="43197df3-7437-0ac0-2a16-3d7ff5077152" testName="VideoOS.IdentityServer.UnitTests.Repositories.VmsUserManagerTests.CreateUserInternalAsync_NoPasswordProvided_Success" computerName="DKSR-EFI-06" duration="00:00:00.0030773" startTime="2024-01-09T15:43:26.3373217+01:00" endTime="2024-01-09T15:43:26.3373219+01:00" testType="13cdc9d9-ddb5-4fa4-a97d-d965ccfc6d4b" outcome="Passed" testListId="8c84fa94-04c1-424b-9868-57a2d4851a1d" relativeResultsDirectory="d41887bb-2455-41b9-903a-f0bd48c1ed76" />
    <UnitTestResult executionId="65a5ea4e-93e6-4023-8878-4240387aa767" testId="019ddef2-79b7-3e6f-c319-8751953491cf" testName="VideoOS.IdentityServer.UnitTests.GrantValidators.WindowsCredentialsGrantValidatorTests.ValidateAsync_UserNotAuthenticated_Failed" computerName="DKSR-EFI-06" duration="00:00:00.4563673" startTime="2024-01-09T15:43:24.6099289+01:00" endTime="2024-01-09T15:43:24.6099292+01:00" testType="13cdc9d9-ddb5-4fa4-a97d-d965ccfc6d4b" outcome="Passed" testListId="8c84fa94-04c1-424b-9868-57a2d4851a1d" relativeResultsDirectory="65a5ea4e-93e6-4023-8878-4240387aa767" />
    <UnitTestResult executionId="bb79a7f6-6ece-456d-aa6d-7fe967ed6252" testId="8827fc4b-9473-8119-896d-eed4bf525c64" testName="VideoOS.IdentityServer.UnitTests.Validators.PasswordValidatorTests.Constructor_NullIPasswordRequirements_ThrowsArgumentNullException" computerName="DKSR-EFI-06" duration="00:00:00.0004194" startTime="2024-01-09T15:43:24.8381971+01:00" endTime="2024-01-09T15:43:24.8381972+01:00" testType="13cdc9d9-ddb5-4fa4-a97d-d965ccfc6d4b" outcome="Passed" testListId="8c84fa94-04c1-424b-9868-57a2d4851a1d" relativeResultsDirectory="bb79a7f6-6ece-456d-aa6d-7fe967ed6252" />
    <UnitTestResult executionId="6eb54cc4-ea5a-4687-898d-af5428eadc98" testId="19419903-3bc3-a8cc-7415-7803df6439d8" testName="VideoOS.IdentityServer.UnitTests.Attributes.NonEmptyListTests.NonEmptyList_ListIsEmpty_ReturnFalse" computerName="DKSR-EFI-06" duration="00:00:00.0004612" startTime="2024-01-09T15:43:25.6845661+01:00" endTime="2024-01-09T15:43:25.6845661+01:00" testType="13cdc9d9-ddb5-4fa4-a97d-d965ccfc6d4b" outcome="Passed" testListId="8c84fa94-04c1-424b-9868-57a2d4851a1d" relativeResultsDirectory="6eb54cc4-ea5a-4687-898d-af5428eadc98" />
    <UnitTestResult executionId="3e98f11b-7e46-4920-a7ea-cb12cf8d3af0" testId="d9266e78-bee1-2a29-f233-9658bb6cbdf0" testName="VideoOS.IdentityServer.UnitTests.Controllers.LoginsControllerTests.GetLogins_LoginIsNotFound_OkResultWithNoLoginReturned" computerName="DKSR-EFI-06" duration="00:00:00.0072820" startTime="2024-01-09T15:43:25.6722297+01:00" endTime="2024-01-09T15:43:25.6722297+01:00" testType="13cdc9d9-ddb5-4fa4-a97d-d965ccfc6d4b" outcome="Passed" testListId="8c84fa94-04c1-424b-9868-57a2d4851a1d" relativeResultsDirectory="3e98f11b-7e46-4920-a7ea-cb12cf8d3af0" />
    <UnitTestResult executionId="43ffd9f5-d062-4cbb-8776-cdf9a663f809" testId="53e33bfa-4472-50f1-ad88-06723b773ced" testName="VideoOS.IdentityServer.UnitTests.Repositories.VmsUserManagerTests.GetLogins_UsingProviderAndKey_LoginReturned" computerName="DKSR-EFI-06" duration="00:00:00.0864288" startTime="2024-01-09T15:43:26.1256758+01:00" endTime="2024-01-09T15:43:26.1256759+01:00" testType="13cdc9d9-ddb5-4fa4-a97d-d965ccfc6d4b" outcome="Passed" testListId="8c84fa94-04c1-424b-9868-57a2d4851a1d" relativeResultsDirectory="43ffd9f5-d062-4cbb-8776-cdf9a663f809" />
    <UnitTestResult executionId="03aed179-e35f-4b4c-b1ca-3ac3f0051266" testId="454207ce-e227-03f9-a503-fae7cc260b73" testName="VideoOS.IdentityServer.UnitTests.Controllers.AdminIdentityControllerTests.Delete_AdminIdentityDoesExist_AdminIdentityDeleted" computerName="DKSR-EFI-06" duration="00:00:00.0023095" startTime="2024-01-09T15:43:24.5559833+01:00" endTime="2024-01-09T15:43:24.5559835+01:00" testType="13cdc9d9-ddb5-4fa4-a97d-d965ccfc6d4b" outcome="Passed" testListId="8c84fa94-04c1-424b-9868-57a2d4851a1d" relativeResultsDirectory="03aed179-e35f-4b4c-b1ca-3ac3f0051266" />
    <UnitTestResult executionId="39b1729d-f8c4-425b-92eb-7bb934181693" testId="554bc2dc-5683-0353-ab18-b38abe873c7a" testName="VideoOS.IdentityServer.UnitTests.Repositories.VmsUserManagerTests.ChangePasswordAsync_PasswordChangedSuccessful_ForcePasswordChangeReset" computerName="DKSR-EFI-06" duration="00:00:00.0034552" startTime="2024-01-09T15:43:25.9623293+01:00" endTime="2024-01-09T15:43:25.9623296+01:00" testType="13cdc9d9-ddb5-4fa4-a97d-d965ccfc6d4b" outcome="Passed" testListId="8c84fa94-04c1-424b-9868-57a2d4851a1d" relativeResultsDirectory="39b1729d-f8c4-425b-92eb-7bb934181693" />
    <UnitTestResult executionId="5f0d9bcb-6a18-400d-9458-7530c58dbdca" testId="7710bff0-8d19-9987-cfcb-d6d3fac71252" testName="VideoOS.IdentityServer.UnitTests.Controllers.LoginsControllerTests.DeleteLogin_LoginNotFound_NotFoundReturned" computerName="DKSR-EFI-06" duration="00:00:00.0036023" startTime="2024-01-09T15:43:25.7890322+01:00" endTime="2024-01-09T15:43:25.7890325+01:00" testType="13cdc9d9-ddb5-4fa4-a97d-d965ccfc6d4b" outcome="Passed" testListId="8c84fa94-04c1-424b-9868-57a2d4851a1d" relativeResultsDirectory="5f0d9bcb-6a18-400d-9458-7530c58dbdca" />
    <UnitTestResult executionId="56bb3107-1984-4310-80e8-a0e87a26017f" testId="73af1a05-910c-f0d8-d5f3-cfbb3860e5f2" testName="VideoOS.IdentityServer.UnitTests.Controllers.TrustedIssuersControllerTests.Get_TrustedIssuers_TrustedIssuersAreReturned" computerName="DKSR-EFI-06" duration="00:00:00.0541698" startTime="2024-01-09T15:43:25.3115303+01:00" endTime="2024-01-09T15:43:25.3115308+01:00" testType="13cdc9d9-ddb5-4fa4-a97d-d965ccfc6d4b" outcome="Passed" testListId="8c84fa94-04c1-424b-9868-57a2d4851a1d" relativeResultsDirectory="56bb3107-1984-4310-80e8-a0e87a26017f" />
    <UnitTestResult executionId="87ecfa17-d06c-4006-9621-7f4638eec05d" testId="c7b38266-3989-17e5-633a-0b7d19afb4c4" testName="VideoOS.IdentityServer.UnitTests.Controllers.ExternalProviderManagerTests.UpdateProvider_LoginProvider_NotEnabled_AlreadyExists_RemovesConfiguration" computerName="DKSR-EFI-06" duration="00:00:00.0135367" startTime="2024-01-09T15:43:26.3374404+01:00" endTime="2024-01-09T15:43:26.3374405+01:00" testType="13cdc9d9-ddb5-4fa4-a97d-d965ccfc6d4b" outcome="Passed" testListId="8c84fa94-04c1-424b-9868-57a2d4851a1d" relativeResultsDirectory="87ecfa17-d06c-4006-9621-7f4638eec05d" />
    <UnitTestResult executionId="98cce6c0-fab4-4fcd-9e0e-45ebeccd96f6" testId="0f441947-64c0-3c8f-c58e-90fe1a065165" testName="VideoOS.IdentityServer.UnitTests.Extensions.IQueryAbleExtensionsTests.Paginate_ArgumentOrdered_success" computerName="DKSR-EFI-06" duration="00:00:00.0037362" startTime="2024-01-09T15:43:24.7006373+01:00" endTime="2024-01-09T15:43:24.7006376+01:00" testType="13cdc9d9-ddb5-4fa4-a97d-d965ccfc6d4b" outcome="Passed" testListId="8c84fa94-04c1-424b-9868-57a2d4851a1d" relativeResultsDirectory="98cce6c0-fab4-4fcd-9e0e-45ebeccd96f6" />
    <UnitTestResult executionId="20f82818-6e3d-422d-84ff-51a4b2ba786d" testId="18fa64fa-97ab-ff66-4700-6c977c6610be" testName="VideoOS.IdentityServer.UnitTests.Helper.ExpressionBuilderTests.FromString_QueryIsNullOrEmpty_ThrowsArgumentException(query: null)" computerName="DKSR-EFI-06" duration="00:00:00.0003284" startTime="2024-01-09T15:43:26.2188037+01:00" endTime="2024-01-09T15:43:26.2188038+01:00" testType="13cdc9d9-ddb5-4fa4-a97d-d965ccfc6d4b" outcome="Passed" testListId="8c84fa94-04c1-424b-9868-57a2d4851a1d" relativeResultsDirectory="20f82818-6e3d-422d-84ff-51a4b2ba786d" />
    <UnitTestResult executionId="fec0e7e4-417d-4280-9100-151c2f917dc3" testId="c2a30588-211f-3067-d90d-ea2b0f188d42" testName="VideoOS.IdentityServer.UnitTests.Services.DeleteEventLogHostedServiceTest.DoWork_CalledOnEvent_LogsOlderThanOneDayDeleted" computerName="DKSR-EFI-06" duration="00:00:00.2280092" startTime="2024-01-09T15:43:25.9245632+01:00" endTime="2024-01-09T15:43:25.9245634+01:00" testType="13cdc9d9-ddb5-4fa4-a97d-d965ccfc6d4b" outcome="Passed" testListId="8c84fa94-04c1-424b-9868-57a2d4851a1d" relativeResultsDirectory="fec0e7e4-417d-4280-9100-151c2f917dc3" />
    <UnitTestResult executionId="4e564b4c-78cf-4ec3-84ff-b1704e2f13f5" testId="e7442daf-39a2-9945-c85a-3f299df6b7ba" testName="VideoOS.IdentityServer.UnitTests.Controllers.TrustedIssuersControllerTests.Put_TrustedIssuerDoesnNotExist_TrustedIssuerNotFoundError" computerName="DKSR-EFI-06" duration="00:00:00.0030706" startTime="2024-01-09T15:43:25.2400088+01:00" endTime="2024-01-09T15:43:25.2400091+01:00" testType="13cdc9d9-ddb5-4fa4-a97d-d965ccfc6d4b" outcome="Passed" testListId="8c84fa94-04c1-424b-9868-57a2d4851a1d" relativeResultsDirectory="4e564b4c-78cf-4ec3-84ff-b1704e2f13f5" />
    <UnitTestResult executionId="22d479ad-79dd-412e-9101-7094f2fa0bf4" testId="59ddccc5-1796-d0db-aa60-e975ef3b526d" testName="VideoOS.IdentityServer.UnitTests.Controllers.TrustedIssuersControllerTests.Get_TrustedIssuerByIdDoesNotExist_TrustedIssuerNotFoundError" computerName="DKSR-EFI-06" duration="00:00:00.0019069" startTime="2024-01-09T15:43:25.2537856+01:00" endTime="2024-01-09T15:43:25.2537861+01:00" testType="13cdc9d9-ddb5-4fa4-a97d-d965ccfc6d4b" outcome="Passed" testListId="8c84fa94-04c1-424b-9868-57a2d4851a1d" relativeResultsDirectory="22d479ad-79dd-412e-9101-7094f2fa0bf4" />
    <UnitTestResult executionId="23964774-af0e-4854-81c8-6bed8760cd86" testId="a4e9e6d8-4075-3279-3fca-8bde89c4eb77" testName="VideoOS.IdentityServer.UnitTests.Filters.ApiExceptionFilterTest.OnException_ExceptionIsNotApiException_HttpContextResultIsNotSet" computerName="DKSR-EFI-06" duration="00:00:00.0006563" startTime="2024-01-09T15:43:25.6690703+01:00" endTime="2024-01-09T15:43:25.6690704+01:00" testType="13cdc9d9-ddb5-4fa4-a97d-d965ccfc6d4b" outcome="Passed" testListId="8c84fa94-04c1-424b-9868-57a2d4851a1d" relativeResultsDirectory="23964774-af0e-4854-81c8-6bed8760cd86" />
    <UnitTestResult executionId="a30c5e1b-5eff-4e4b-9639-faa3238bcae5" testId="f6517591-3689-63fc-d500-3583198fed0d" testName="VideoOS.IdentityServer.UnitTests.Repositories.VmsUserManagerTests.IsUserLockedOut_LockoutEnd_NotExpired" computerName="DKSR-EFI-06" duration="00:00:00.1035537" startTime="2024-01-09T15:43:25.9016363+01:00" endTime="2024-01-09T15:43:25.9016367+01:00" testType="13cdc9d9-ddb5-4fa4-a97d-d965ccfc6d4b" outcome="Passed" testListId="8c84fa94-04c1-424b-9868-57a2d4851a1d" relativeResultsDirectory="a30c5e1b-5eff-4e4b-9639-faa3238bcae5" />
    <UnitTestResult executionId="f6798df4-946d-4728-8be1-3d83a605d9fa" testId="1b1c617e-e8c3-892a-0a73-9823ff0526e1" testName="VideoOS.IdentityServer.UnitTests.Controllers.LoginProvidersControllerTests.Post_LoginProvider_DuplicateLoginProvider_Failure" computerName="DKSR-EFI-06" duration="00:00:00.1377375" startTime="2024-01-09T15:43:24.5536210+01:00" endTime="2024-01-09T15:43:24.5536210+01:00" testType="13cdc9d9-ddb5-4fa4-a97d-d965ccfc6d4b" outcome="Passed" testListId="8c84fa94-04c1-424b-9868-57a2d4851a1d" relativeResultsDirectory="f6798df4-946d-4728-8be1-3d83a605d9fa" />
    <UnitTestResult executionId="6d17ed19-2931-4fd1-9dbe-9277f5ce004e" testId="a6c5fa75-cea3-5603-d1cb-2b654429ae90" testName="VideoOS.IdentityServer.UnitTests.Controllers.UserCollectionsControllerTests.GetUserCollection_NotAllUsersFound_NotFound" computerName="DKSR-EFI-06" duration="00:00:00.0139733" startTime="2024-01-09T15:43:25.7313753+01:00" endTime="2024-01-09T15:43:25.7313759+01:00" testType="13cdc9d9-ddb5-4fa4-a97d-d965ccfc6d4b" outcome="Passed" testListId="8c84fa94-04c1-424b-9868-57a2d4851a1d" relativeResultsDirectory="6d17ed19-2931-4fd1-9dbe-9277f5ce004e" />
    <UnitTestResult executionId="5ccc6294-bd97-4ada-8cf7-2b96dd486bfb" testId="ec2ada40-681f-61bd-0d28-7b6f8dc30809" testName="VideoOS.IdentityServer.UnitTests.Helper.RsaKeyGeneratorTests.GenerateRsaSecurityKey_InvalidKeySize_ThrowsArgumentOutOfRangeException(keySize: 383)" computerName="DKSR-EFI-06" duration="00:00:00.0000264" startTime="2024-01-09T15:43:24.5650855+01:00" endTime="2024-01-09T15:43:24.5650856+01:00" testType="13cdc9d9-ddb5-4fa4-a97d-d965ccfc6d4b" outcome="Passed" testListId="8c84fa94-04c1-424b-9868-57a2d4851a1d" relativeResultsDirectory="5ccc6294-bd97-4ada-8cf7-2b96dd486bfb" />
    <UnitTestResult executionId="c3b07d7c-0f7e-43ed-8512-f62ed11be501" testId="d317f81f-bce9-b89e-fa54-8643b71e0922" testName="VideoOS.IdentityServer.UnitTests.Services.UserProvisionerTests.CreateOrUpdateUser_ErrorAutoProvisioningUser_Throws" computerName="DKSR-EFI-06" duration="00:00:00.0047314" startTime="2024-01-09T15:43:25.0968547+01:00" endTime="2024-01-09T15:43:25.0968551+01:00" testType="13cdc9d9-ddb5-4fa4-a97d-d965ccfc6d4b" outcome="Passed" testListId="8c84fa94-04c1-424b-9868-57a2d4851a1d" relativeResultsDirectory="c3b07d7c-0f7e-43ed-8512-f62ed11be501" />
    <UnitTestResult executionId="4e7cceb5-c526-4ec3-a13a-3696e8044189" testId="174d39b0-bd84-a0df-73ab-c147dfe89409" testName="VideoOS.IdentityServer.UnitTests.GrantValidators.TokenExchangeGrantValidatorTests.ValidateAsync_ExchangeStyleNotProvided_InvalidRequestReturned" computerName="DKSR-EFI-06" duration="00:00:00.0091511" startTime="2024-01-09T15:43:25.8599323+01:00" endTime="2024-01-09T15:43:25.8599324+01:00" testType="13cdc9d9-ddb5-4fa4-a97d-d965ccfc6d4b" outcome="Passed" testListId="8c84fa94-04c1-424b-9868-57a2d4851a1d" relativeResultsDirectory="4e7cceb5-c526-4ec3-a13a-3696e8044189" />
    <UnitTestResult executionId="d2cfcd55-22e1-4670-8c9c-26d65ca2e438" testId="eb1887f2-99e8-2199-5e42-44d49a96c712" testName="VideoOS.IdentityServer.UnitTests.Services.UserProvisionerTests.CreateOrUpdateUser_NewUserUserNameAlreadyCreatedDifferentClaims_VerifyUserName(claims: [family_name: Bob, email: james@bond.local], exsistingUserNames: [&quot;Bob&quot;], expectedUserName: &quot;james@bond.local&quot;)" computerName="DKSR-EFI-06" duration="00:00:00.0038237" startTime="2024-01-09T15:43:24.9136665+01:00" endTime="2024-01-09T15:43:24.9136667+01:00" testType="13cdc9d9-ddb5-4fa4-a97d-d965ccfc6d4b" outcome="Passed" testListId="8c84fa94-04c1-424b-9868-57a2d4851a1d" relativeResultsDirectory="d2cfcd55-22e1-4670-8c9c-26d65ca2e438" />
    <UnitTestResult executionId="5ebf254e-08aa-42a9-9146-0948e291afae" testId="b76ba26d-44b3-e26c-27b8-2e42a199bd90" testName="VideoOS.IdentityServer.UnitTests.Attributes.DisallowCharacterAttributeTests.IsValid_ContainsOnlyAllowedCharacters_ReturnsTrue(value: null)" computerName="DKSR-EFI-06" duration="00:00:00.0000066" startTime="2024-01-09T15:43:26.2284500+01:00" endTime="2024-01-09T15:43:26.2284501+01:00" testType="13cdc9d9-ddb5-4fa4-a97d-d965ccfc6d4b" outcome="Passed" testListId="8c84fa94-04c1-424b-9868-57a2d4851a1d" relativeResultsDirectory="5ebf254e-08aa-42a9-9146-0948e291afae" />
    <UnitTestResult executionId="4b4a6b6e-3f6c-4278-9c7a-ad32d352e9cf" testId="bca552ad-4711-dd0b-15ca-0ec01c5a338b" testName="VideoOS.IdentityServer.UnitTests.Pages.External.CallbackTests.OnGetAsync_UserLockedOut_Error" computerName="DKSR-EFI-06" duration="00:00:00.0055599" startTime="2024-01-09T15:43:26.1112441+01:00" endTime="2024-01-09T15:43:26.1112442+01:00" testType="13cdc9d9-ddb5-4fa4-a97d-d965ccfc6d4b" outcome="Passed" testListId="8c84fa94-04c1-424b-9868-57a2d4851a1d" relativeResultsDirectory="4b4a6b6e-3f6c-4278-9c7a-ad32d352e9cf" />
    <UnitTestResult executionId="f3a1ff72-82d6-408a-a39c-26b3da353c14" testId="3ca046f6-2934-db24-a17c-dfba6a65a4d4" testName="VideoOS.IdentityServer.UnitTests.Services.PasswordHasherWithLegacySupportTests.VerifyHashedPassword_MissingOneLegacyPasswordClaim_Logged(missingClaim: &quot;MigrateSalt&quot;)" computerName="DKSR-EFI-06" duration="00:00:00.0626360" startTime="2024-01-09T15:43:26.1008674+01:00" endTime="2024-01-09T15:43:26.1008677+01:00" testType="13cdc9d9-ddb5-4fa4-a97d-d965ccfc6d4b" outcome="Passed" testListId="8c84fa94-04c1-424b-9868-57a2d4851a1d" relativeResultsDirectory="f3a1ff72-82d6-408a-a39c-26b3da353c14" />
    <UnitTestResult executionId="9a0c19c5-fa12-42e8-abb1-c2fe3759bd28" testId="2295bf5f-54b2-7009-b249-bb8ff450a189" testName="VideoOS.IdentityServer.UnitTests.Middleware.CultureMiddlewareTests.InvokeAsync_NoProviders_DelegateRun" computerName="DKSR-EFI-06" duration="00:00:00.0015868" startTime="2024-01-09T15:43:25.8569260+01:00" endTime="2024-01-09T15:43:25.8569263+01:00" testType="13cdc9d9-ddb5-4fa4-a97d-d965ccfc6d4b" outcome="Passed" testListId="8c84fa94-04c1-424b-9868-57a2d4851a1d" relativeResultsDirectory="9a0c19c5-fa12-42e8-abb1-c2fe3759bd28" />
    <UnitTestResult executionId="214ce57e-2a24-4853-b485-ba62cdf11df7" testId="09bd1177-f0ac-b268-be1b-885ab1f4828a" testName="VideoOS.IdentityServer.UnitTests.Repositories.VmsUserManagerTests.FindByFilterAsync_UsersNotUsingNoFilters_Empty" computerName="DKSR-EFI-06" duration="00:00:00.0061357" startTime="2024-01-09T15:43:26.3539105+01:00" endTime="2024-01-09T15:43:26.3539108+01:00" testType="13cdc9d9-ddb5-4fa4-a97d-d965ccfc6d4b" outcome="Passed" testListId="8c84fa94-04c1-424b-9868-57a2d4851a1d" relativeResultsDirectory="214ce57e-2a24-4853-b485-ba62cdf11df7" />
    <UnitTestResult executionId="351aa061-7a17-4e33-8d14-69792a5ba69a" testId="5079d3fc-6790-cdcd-e37e-18fc2e9b3433" testName="VideoOS.IdentityServer.UnitTests.Helper.ExpressionBuilderTests.FromString_DifferentQueriesWithAllowedSearchNames_ReturnsExpectedCount(query: &quot;time ne 2000-1-1&quot;, expectedCount: 4, allowedSearchNames: [&quot;Time&quot;])" computerName="DKSR-EFI-06" duration="00:00:00.0008573" startTime="2024-01-09T15:43:26.2084525+01:00" endTime="2024-01-09T15:43:26.2084526+01:00" testType="13cdc9d9-ddb5-4fa4-a97d-d965ccfc6d4b" outcome="Passed" testListId="8c84fa94-04c1-424b-9868-57a2d4851a1d" relativeResultsDirectory="351aa061-7a17-4e33-8d14-69792a5ba69a" />
    <UnitTestResult executionId="1c9708ae-5d43-4da9-bfbc-f6efc77868ca" testId="2191f6dd-5015-945f-601a-a7b0a8fde314" testName="VideoOS.IdentityServer.UnitTests.Controllers.ExternalProvidersControllerTests.Get_DifferentHandlersConfigured_OnlyRemoteAuthenticationHandlersReturned(schemes: [AuthenticationScheme { DisplayName = &quot;abc&quot;, HandlerType = typeof(Microsoft.AspNetCore.Authentication.OpenIdConnect.OpenIdConnectHandler), Name = &quot;OpenIdConnectHandler&quot; }, AuthenticationScheme { DisplayName = &quot;abc&quot;, HandlerType = typeof(Microsoft.AspNetCore.Authentication.Cookies.CookieAuthenticationHandler), Name = &quot;CookieAuthenticationHandler&quot; }, AuthenticationScheme { DisplayName = &quot;abc&quot;, HandlerType = typeof(Microsoft.AspNetCore.Authentication.AuthenticationHandler&lt;Microsoft.AspNetCore.Authentication.RemoteAuthenticationOptions&gt;), Name = &quot;AuthenticationHandler&quot; }], expectedProviders: 1)" computerName="DKSR-EFI-06" duration="00:00:00.0065864" startTime="2024-01-09T15:43:26.3116664+01:00" endTime="2024-01-09T15:43:26.3116667+01:00" testType="13cdc9d9-ddb5-4fa4-a97d-d965ccfc6d4b" outcome="Passed" testListId="8c84fa94-04c1-424b-9868-57a2d4851a1d" relativeResultsDirectory="1c9708ae-5d43-4da9-bfbc-f6efc77868ca" />
    <UnitTestResult executionId="13885756-df08-445e-8f6b-fb6a2a1a7f3d" testId="865331f5-7c91-bdd2-0d8a-285f3542c5e4" testName="VideoOS.IdentityServer.UnitTests.Services.ProfileServiceTests.IsActiveAsync_AuthenticationMethodIsNull_VmsUser" computerName="DKSR-EFI-06" duration="00:00:00.0027971" startTime="2024-01-09T15:43:26.4758429+01:00" endTime="2024-01-09T15:43:26.4758431+01:00" testType="13cdc9d9-ddb5-4fa4-a97d-d965ccfc6d4b" outcome="Passed" testListId="8c84fa94-04c1-424b-9868-57a2d4851a1d" relativeResultsDirectory="13885756-df08-445e-8f6b-fb6a2a1a7f3d" />
    <UnitTestResult executionId="e56c5445-fba6-465b-93b5-d3e356c0d038" testId="916b12d7-8610-3d11-74fa-814e50a8b226" testName="VideoOS.IdentityServer.UnitTests.Pages.ErrorTests.OnGetAsync_RequestIsNotOnApiPath_DisplayCorrectErrorCodeAndShowFooter(httpStatusCode: OK, expectedErrorCodeMessage: &quot;UnexpectedError&quot;, expectedShowFooter: True)" computerName="DKSR-EFI-06" duration="00:00:00.0003577" startTime="2024-01-09T15:43:24.3856678+01:00" endTime="2024-01-09T15:43:24.3856679+01:00" testType="13cdc9d9-ddb5-4fa4-a97d-d965ccfc6d4b" outcome="Passed" testListId="8c84fa94-04c1-424b-9868-57a2d4851a1d" relativeResultsDirectory="e56c5445-fba6-465b-93b5-d3e356c0d038" />
    <UnitTestResult executionId="ab51821b-5a04-46a8-9908-2911cc7ef5aa" testId="7f59dbcd-75fe-db1e-8ad0-2f58f53f04a1" testName="VideoOS.IdentityServer.UnitTests.Services.PasswordHasherWithLegacySupportTests.VerifyHashedPassword_CorrectPassword_Success" computerName="DKSR-EFI-06" duration="00:00:01.2017705" startTime="2024-01-09T15:43:25.9026929+01:00" endTime="2024-01-09T15:43:25.9026933+01:00" testType="13cdc9d9-ddb5-4fa4-a97d-d965ccfc6d4b" outcome="Passed" testListId="8c84fa94-04c1-424b-9868-57a2d4851a1d" relativeResultsDirectory="ab51821b-5a04-46a8-9908-2911cc7ef5aa" />
    <UnitTestResult executionId="2e83a77c-5074-4fd8-9dd9-c80bae023858" testId="4f5a6cc6-1969-6f9b-ec83-8d5bda87395f" testName="VideoOS.IdentityServer.UnitTests.Services.UserProvisionerTests.CreateOrUpdateUser_NewUserUserNameAlreadyCreated_VerifyUserName(exsistingUserNames: [&quot;CustomUserName&quot;], expectedUserName: &quot;Preferred Bobby Bob&quot;)" computerName="DKSR-EFI-06" duration="00:00:00.0148604" startTime="2024-01-09T15:43:24.8479987+01:00" endTime="2024-01-09T15:43:24.8479989+01:00" testType="13cdc9d9-ddb5-4fa4-a97d-d965ccfc6d4b" outcome="Passed" testListId="8c84fa94-04c1-424b-9868-57a2d4851a1d" relativeResultsDirectory="2e83a77c-5074-4fd8-9dd9-c80bae023858" />
    <UnitTestResult executionId="6a889b0d-dd34-48f6-9b31-7abcd124bb12" testId="7c812c75-8698-739c-a3b1-a7c2920998be" testName="VideoOS.IdentityServer.UnitTests.Services.ProfileServiceTests.IsActiveAsync_VmsUserNotLockedOut_UserIsActive" computerName="DKSR-EFI-06" duration="00:00:00.0048039" startTime="2024-01-09T15:43:26.3446848+01:00" endTime="2024-01-09T15:43:26.3446850+01:00" testType="13cdc9d9-ddb5-4fa4-a97d-d965ccfc6d4b" outcome="Passed" testListId="8c84fa94-04c1-424b-9868-57a2d4851a1d" relativeResultsDirectory="6a889b0d-dd34-48f6-9b31-7abcd124bb12" />
    <UnitTestResult executionId="d97b7145-3b97-4ede-892a-9607ece2a864" testId="c6ece820-8868-fea0-1530-fea93176d268" testName="VideoOS.IdentityServer.UnitTests.Controllers.BaseControllerTests.UserNotFound_InvokeWithString_ReturnsResultWithErrorResponse" computerName="DKSR-EFI-06" duration="00:00:00.0002270" startTime="2024-01-09T15:43:25.8483879+01:00" endTime="2024-01-09T15:43:25.8483881+01:00" testType="13cdc9d9-ddb5-4fa4-a97d-d965ccfc6d4b" outcome="Passed" testListId="8c84fa94-04c1-424b-9868-57a2d4851a1d" relativeResultsDirectory="d97b7145-3b97-4ede-892a-9607ece2a864" />
    <UnitTestResult executionId="9e7d2497-f429-4c77-9813-89daca0c98e4" testId="5be0f320-a152-b431-cfb2-bf34547301b1" testName="VideoOS.IdentityServer.UnitTests.Repositories.ConfigurationRepositoryTest.SaveChangesAsync_NewChanges_SaveChangesIsCalledOnDbContext" computerName="DKSR-EFI-06" duration="00:00:00.0522844" startTime="2024-01-09T15:43:25.8468909+01:00" endTime="2024-01-09T15:43:25.8468912+01:00" testType="13cdc9d9-ddb5-4fa4-a97d-d965ccfc6d4b" outcome="Passed" testListId="8c84fa94-04c1-424b-9868-57a2d4851a1d" relativeResultsDirectory="9e7d2497-f429-4c77-9813-89daca0c98e4" />
    <UnitTestResult executionId="2693a01d-097c-4f7d-b51c-c1e53981d493" testId="93cfa45e-50b0-604c-c09c-2e5001172962" testName="VideoOS.IdentityServer.UnitTests.Repositories.VmsUserManagerTests.HasClaimChanged_InputOfUserAndExternalClaims_ExpectedOutcome(userClaims: [], externalClaims: [name: name], expectedAddedIndex: [0], expectedRemovedIndex: [])" computerName="DKSR-EFI-06" duration="00:00:00.0001627" startTime="2024-01-09T15:43:26.4387473+01:00" endTime="2024-01-09T15:43:26.4387473+01:00" testType="13cdc9d9-ddb5-4fa4-a97d-d965ccfc6d4b" outcome="Passed" testListId="8c84fa94-04c1-424b-9868-57a2d4851a1d" relativeResultsDirectory="2693a01d-097c-4f7d-b51c-c1e53981d493" />
    <UnitTestResult executionId="e19ffe56-91bf-4f95-bd0f-6ad4554c91a6" testId="b84beae9-8212-fbc1-9d19-d4118dca21e2" testName="VideoOS.IdentityServer.UnitTests.Helper.ExpressionBuilderTests.FromString_DifferentQueriesWithAllowedSearchNames_ReturnsExpectedCount(query: &quot; number eq 4 &quot;, expectedCount: 1, allowedSearchNames: [&quot;Number&quot;])" computerName="DKSR-EFI-06" duration="00:00:00.0005900" startTime="2024-01-09T15:43:26.2050817+01:00" endTime="2024-01-09T15:43:26.2050819+01:00" testType="13cdc9d9-ddb5-4fa4-a97d-d965ccfc6d4b" outcome="Passed" testListId="8c84fa94-04c1-424b-9868-57a2d4851a1d" relativeResultsDirectory="e19ffe56-91bf-4f95-bd0f-6ad4554c91a6" />
    <UnitTestResult executionId="2de13c7d-f0d0-4608-8311-ae0e4ee3c3c2" testId="4718eeb0-d826-53ff-d747-fb40212f3413" testName="VideoOS.IdentityServer.UnitTests.Controllers.BaseControllerTests.BadRequest_InvokeWithErrorResponse_ReturnsResultWithErrorResponse" computerName="DKSR-EFI-06" duration="00:00:00.0851164" startTime="2024-01-09T15:43:25.8445248+01:00" endTime="2024-01-09T15:43:25.8445251+01:00" testType="13cdc9d9-ddb5-4fa4-a97d-d965ccfc6d4b" outcome="Passed" testListId="8c84fa94-04c1-424b-9868-57a2d4851a1d" relativeResultsDirectory="2de13c7d-f0d0-4608-8311-ae0e4ee3c3c2" />
    <UnitTestResult executionId="e1b96b22-c731-41b3-bd66-98ce1d51ac4e" testId="e9cda017-59c6-0e25-c577-52365991f63e" testName="VideoOS.IdentityServer.UnitTests.Helper.MapAllClaimsActionAndEnumerateArrayTests.Run_DuplicateSingleAndArrayClaimPairs_DuplicatePairsGetRemoved" computerName="DKSR-EFI-06" duration="00:00:00.0005138" startTime="2024-01-09T15:43:24.8613887+01:00" endTime="2024-01-09T15:43:24.8613889+01:00" testType="13cdc9d9-ddb5-4fa4-a97d-d965ccfc6d4b" outcome="Passed" testListId="8c84fa94-04c1-424b-9868-57a2d4851a1d" relativeResultsDirectory="e1b96b22-c731-41b3-bd66-98ce1d51ac4e" />
    <UnitTestResult executionId="dd64aaa0-1c75-4812-a696-2cbd88f39b15" testId="0183fccb-d77a-a03a-5714-d0062038a2df" testName="VideoOS.IdentityServer.UnitTests.Controllers.UsersControllerTests.Patch_PasswordUpdatesAreSentForUserWithExternalLogin_ReturnBadRequest(patchDoc: JsonPatchDocument`1 { ContractResolver = DefaultContractResolver { DefaultMembersSearchFlags = Instance | Public, DynamicCodeGeneration = False, IgnoreIsSpecifiedMembers = False, IgnoreSerializableAttribute = True, IgnoreSerializableInterface = False, ... }, Operations = [Operation`1 { ... }] })" computerName="DKSR-EFI-06" duration="00:00:00.0049663" startTime="2024-01-09T15:43:25.2707769+01:00" endTime="2024-01-09T15:43:25.2707772+01:00" testType="13cdc9d9-ddb5-4fa4-a97d-d965ccfc6d4b" outcome="Passed" testListId="8c84fa94-04c1-424b-9868-57a2d4851a1d" relativeResultsDirectory="dd64aaa0-1c75-4812-a696-2cbd88f39b15" />
    <UnitTestResult executionId="f1ac0dc1-c595-4c43-93b6-7d54d5e65a5d" testId="05b4c97b-2e9a-ed5e-1129-08f3eee81585" testName="VideoOS.IdentityServer.UnitTests.Services.UserProvisionerTests.CreateOrUpdateUser_IdpClaim_ProviderEqualScheme" computerName="DKSR-EFI-06" duration="00:00:00.0062195" startTime="2024-01-09T15:43:24.8756098+01:00" endTime="2024-01-09T15:43:24.8756102+01:00" testType="13cdc9d9-ddb5-4fa4-a97d-d965ccfc6d4b" outcome="Passed" testListId="8c84fa94-04c1-424b-9868-57a2d4851a1d" relativeResultsDirectory="f1ac0dc1-c595-4c43-93b6-7d54d5e65a5d" />
    <UnitTestResult executionId="4936e29b-5c6b-4c2e-bde2-1e1457496a0e" testId="c2d60633-e143-4b6e-562f-197396df32c7" testName="VideoOS.IdentityServer.UnitTests.Model.Result.ErrorTests.Error_CreationWithDefaultDescription_ShouldHaveDefaultDescription" computerName="DKSR-EFI-06" duration="00:00:00.0001192" startTime="2024-01-09T15:43:24.2655491+01:00" endTime="2024-01-09T15:43:24.2655493+01:00" testType="13cdc9d9-ddb5-4fa4-a97d-d965ccfc6d4b" outcome="Passed" testListId="8c84fa94-04c1-424b-9868-57a2d4851a1d" relativeResultsDirectory="4936e29b-5c6b-4c2e-bde2-1e1457496a0e" />
    <UnitTestResult executionId="9fa27e80-27fd-46c9-a684-b6b0217c5bab" testId="7e8832a1-6e32-0798-a936-7af59dafc611" testName="VideoOS.IdentityServer.UnitTests.Repositories.VmsUserManagerTests.FindByFilterAsync_UserFoundUsingTypeAndValue_User" computerName="DKSR-EFI-06" duration="00:00:00.0044586" startTime="2024-01-09T15:43:26.1614844+01:00" endTime="2024-01-09T15:43:26.1614846+01:00" testType="13cdc9d9-ddb5-4fa4-a97d-d965ccfc6d4b" outcome="Passed" testListId="8c84fa94-04c1-424b-9868-57a2d4851a1d" relativeResultsDirectory="9fa27e80-27fd-46c9-a684-b6b0217c5bab" />
    <UnitTestResult executionId="b2bc33b9-0d99-40c0-86d9-769df570acbe" testId="4b49fa3b-9e0e-e541-f50c-ee289c4e0302" testName="VideoOS.IdentityServer.UnitTests.Helper.ExpressionBuilderTests.FromString_DifferentQueriesWithAllowedSearchNames_ReturnsExpectedCount(query: &quot;number le 4&quot;, expectedCount: 4, allowedSearchNames: [&quot;Number&quot;, &quot;Time&quot;, &quot;Name&quot;])" computerName="DKSR-EFI-06" duration="00:00:00.0005236" startTime="2024-01-09T15:43:26.2039416+01:00" endTime="2024-01-09T15:43:26.2039419+01:00" testType="13cdc9d9-ddb5-4fa4-a97d-d965ccfc6d4b" outcome="Passed" testListId="8c84fa94-04c1-424b-9868-57a2d4851a1d" relativeResultsDirectory="b2bc33b9-0d99-40c0-86d9-769df570acbe" />
    <UnitTestResult executionId="e51a9159-4d87-482b-9700-72ded478f2f3" testId="c0f52448-2499-65d8-37b3-2be993414d1d" testName="VideoOS.IdentityServer.UnitTests.Attributes.SIDAttributeTests.IsValid_IsCorrectSidFormat_ReturnsTrue(value: &quot;S-1-1-0&quot;)" computerName="DKSR-EFI-06" duration="00:00:00.0000056" startTime="2024-01-09T15:43:25.8512639+01:00" endTime="2024-01-09T15:43:25.8512640+01:00" testType="13cdc9d9-ddb5-4fa4-a97d-d965ccfc6d4b" outcome="Passed" testListId="8c84fa94-04c1-424b-9868-57a2d4851a1d" relativeResultsDirectory="e51a9159-4d87-482b-9700-72ded478f2f3" />
    <UnitTestResult executionId="e2e42887-a48a-4f22-9301-a3d80f2f33be" testId="151a6d7d-62b0-0dab-d4be-0184b6258435" testName="VideoOS.IdentityServer.UnitTests.GrantValidators.TokenExchangeGrantValidatorTests.ValidateAsync_ErrorGettingUserClaims_InvalidRequestReturned" computerName="DKSR-EFI-06" duration="00:00:00.0350118" startTime="2024-01-09T15:43:25.9340544+01:00" endTime="2024-01-09T15:43:25.9340548+01:00" testType="13cdc9d9-ddb5-4fa4-a97d-d965ccfc6d4b" outcome="Passed" testListId="8c84fa94-04c1-424b-9868-57a2d4851a1d" relativeResultsDirectory="e2e42887-a48a-4f22-9301-a3d80f2f33be" />
    <UnitTestResult executionId="9288f419-a88e-4a80-936f-71ef7ab06eb9" testId="4796b15c-52f0-172e-3ce3-f76b2ed4d370" testName="VideoOS.IdentityServer.UnitTests.Controllers.BaseControllerTests.BadRequest_InvokeWithObject_ThrowsNotImplementedException" computerName="DKSR-EFI-06" duration="00:00:00.0004614" startTime="2024-01-09T15:43:25.8480698+01:00" endTime="2024-01-09T15:43:25.8480699+01:00" testType="13cdc9d9-ddb5-4fa4-a97d-d965ccfc6d4b" outcome="Passed" testListId="8c84fa94-04c1-424b-9868-57a2d4851a1d" relativeResultsDirectory="9288f419-a88e-4a80-936f-71ef7ab06eb9" />
    <UnitTestResult executionId="ca069906-eb36-4b5c-a239-0e84abdef9c7" testId="7c229fdd-c6e1-ff68-c8ed-5a8c5da3638d" testName="VideoOS.IdentityServer.UnitTests.Services.ProfileServiceTests.IsActiveAsync_WindowsIntegratedAuthentication_UserIsActive" computerName="DKSR-EFI-06" duration="00:00:00.0029931" startTime="2024-01-09T15:43:26.4789330+01:00" endTime="2024-01-09T15:43:26.4789333+01:00" testType="13cdc9d9-ddb5-4fa4-a97d-d965ccfc6d4b" outcome="Passed" testListId="8c84fa94-04c1-424b-9868-57a2d4851a1d" relativeResultsDirectory="ca069906-eb36-4b5c-a239-0e84abdef9c7" />
    <UnitTestResult executionId="826901f2-f3e0-4cc2-9ca5-243ac4d3eb53" testId="b75fb83c-335f-c4a6-1eb4-272ad4739498" testName="VideoOS.IdentityServer.UnitTests.Repositories.VmsUserManagerTests.GetLogins_UsingProviderOnly_LoginsReturned" computerName="DKSR-EFI-06" duration="00:00:00.0065331" startTime="2024-01-09T15:43:26.4939842+01:00" endTime="2024-01-09T15:43:26.4939847+01:00" testType="13cdc9d9-ddb5-4fa4-a97d-d965ccfc6d4b" outcome="Passed" testListId="8c84fa94-04c1-424b-9868-57a2d4851a1d" relativeResultsDirectory="826901f2-f3e0-4cc2-9ca5-243ac4d3eb53" />
    <UnitTestResult executionId="c98c2481-2069-4f4b-b232-8d63beadcbb3" testId="082e2d3a-9113-fbed-5f14-fb2a15bd14ea" testName="VideoOS.IdentityServer.UnitTests.Model.Result.ResultTests.Failure_ShouldThrowArgumentNullException_WhenNullErrorListProvided" computerName="DKSR-EFI-06" duration="00:00:00.0002554" startTime="2024-01-09T15:43:24.9780739+01:00" endTime="2024-01-09T15:43:24.9780740+01:00" testType="13cdc9d9-ddb5-4fa4-a97d-d965ccfc6d4b" outcome="Passed" testListId="8c84fa94-04c1-424b-9868-57a2d4851a1d" relativeResultsDirectory="c98c2481-2069-4f4b-b232-8d63beadcbb3" />
    <UnitTestResult executionId="11348795-77ae-47e5-b6ac-3a0ded2bf100" testId="15835881-44f2-8459-7a5b-9f6f9e507bac" testName="VideoOS.IdentityServer.UnitTests.Repositories.ConfigurationRepositoryTest.GetAllValidScopesAsync_ScopesExists_ScopesAreReturned" computerName="DKSR-EFI-06" duration="00:00:00.1226683" startTime="2024-01-09T15:43:25.7944159+01:00" endTime="2024-01-09T15:43:25.7944162+01:00" testType="13cdc9d9-ddb5-4fa4-a97d-d965ccfc6d4b" outcome="Passed" testListId="8c84fa94-04c1-424b-9868-57a2d4851a1d" relativeResultsDirectory="11348795-77ae-47e5-b6ac-3a0ded2bf100" />
    <UnitTestResult executionId="1b8a9f37-cd7d-41d5-9a60-12ad3bfd996b" testId="2bd2b7de-07b8-6957-99b3-e959f37311d0" testName="VideoOS.IdentityServer.UnitTests.Controllers.UsersControllerTests.GetUsers_UserIsNotFound_ReturnEmptyOkResult" computerName="DKSR-EFI-06" duration="00:00:00.0120393" startTime="2024-01-09T15:43:25.4275982+01:00" endTime="2024-01-09T15:43:25.4275986+01:00" testType="13cdc9d9-ddb5-4fa4-a97d-d965ccfc6d4b" outcome="Passed" testListId="8c84fa94-04c1-424b-9868-57a2d4851a1d" relativeResultsDirectory="1b8a9f37-cd7d-41d5-9a60-12ad3bfd996b" />
    <UnitTestResult executionId="dc6fba61-381a-44dc-ab07-a0b0c23a43e6" testId="2e898c72-c1a3-bc6e-005d-827c55556ffd" testName="VideoOS.IdentityServer.UnitTests.Services.PasswordHasherWithLegacySupportTests.VerifyHashedPassword_WrongLegacyPassword_Failed(encryptionMethod: &quot;SHA2_512&quot;)" computerName="DKSR-EFI-06" duration="00:00:00.0127856" startTime="2024-01-09T15:43:26.1792027+01:00" endTime="2024-01-09T15:43:26.1792031+01:00" testType="13cdc9d9-ddb5-4fa4-a97d-d965ccfc6d4b" outcome="Passed" testListId="8c84fa94-04c1-424b-9868-57a2d4851a1d" relativeResultsDirectory="dc6fba61-381a-44dc-ab07-a0b0c23a43e6" />
    <UnitTestResult executionId="bf448457-4bdb-499e-ac1a-e3d3621dc84e" testId="6f4eb697-3e07-ede3-abd7-09e7ac68274c" testName="VideoOS.IdentityServer.UnitTests.Repositories.VmsUserManagerTests.IsUserLockedOut_ArgumentNull" computerName="DKSR-EFI-06" duration="00:00:00.0005584" startTime="2024-01-09T15:43:26.4399747+01:00" endTime="2024-01-09T15:43:26.4399749+01:00" testType="13cdc9d9-ddb5-4fa4-a97d-d965ccfc6d4b" outcome="Passed" testListId="8c84fa94-04c1-424b-9868-57a2d4851a1d" relativeResultsDirectory="bf448457-4bdb-499e-ac1a-e3d3621dc84e" />
    <UnitTestResult executionId="90b1e2cb-92fd-4974-8f02-f4577ab1216b" testId="21586175-584b-4451-cebd-1ccf3d32985f" testName="VideoOS.IdentityServer.UnitTests.GrantValidators.TokenExchangeGrantValidatorTests.ValidateAsync_SubjectTokenTypeIsNotAccessToken_InvalidRequestReturned" computerName="DKSR-EFI-06" duration="00:00:00.3558229" startTime="2024-01-09T15:43:26.3064423+01:00" endTime="2024-01-09T15:43:26.3064423+01:00" testType="13cdc9d9-ddb5-4fa4-a97d-d965ccfc6d4b" outcome="Passed" testListId="8c84fa94-04c1-424b-9868-57a2d4851a1d" relativeResultsDirectory="90b1e2cb-92fd-4974-8f02-f4577ab1216b" />
    <UnitTestResult executionId="f2b38ac6-4116-4e10-ad9c-ec48ca526971" testId="b26e4236-793d-10b2-39ca-a954bf509a01" testName="VideoOS.IdentityServer.UnitTests.Helper.RsaKeyGeneratorTests.GenerateRsaSecurityKey_ValidKeySize_NewRsaSecurityKeyIsReturned(keySize: 384)" computerName="DKSR-EFI-06" duration="00:00:00.0185694" startTime="2024-01-09T15:43:24.5838051+01:00" endTime="2024-01-09T15:43:24.5838055+01:00" testType="13cdc9d9-ddb5-4fa4-a97d-d965ccfc6d4b" outcome="Passed" testListId="8c84fa94-04c1-424b-9868-57a2d4851a1d" relativeResultsDirectory="f2b38ac6-4116-4e10-ad9c-ec48ca526971" />
    <UnitTestResult executionId="f31d575b-96ae-44e2-98ad-42fa8388a6d6" testId="8c34430d-d39b-8a75-da42-c94626fb3592" testName="VideoOS.IdentityServer.UnitTests.Helper.ExpressionBuilderTests.FromString_DifferentQueriesWithAllowedSearchNames_ReturnsExpectedCount(query: &quot;time lt 2000-1-1&quot;, expectedCount: 3, allowedSearchNames: [&quot;Time&quot;])" computerName="DKSR-EFI-06" duration="00:00:00.0008203" startTime="2024-01-09T15:43:26.2108497+01:00" endTime="2024-01-09T15:43:26.2108498+01:00" testType="13cdc9d9-ddb5-4fa4-a97d-d965ccfc6d4b" outcome="Passed" testListId="8c84fa94-04c1-424b-9868-57a2d4851a1d" relativeResultsDirectory="f31d575b-96ae-44e2-98ad-42fa8388a6d6" />
    <UnitTestResult executionId="5778bd6b-d16f-4164-980b-8eb10c23f407" testId="c6010e29-17a3-a56b-9f48-27de2c404872" testName="VideoOS.IdentityServer.UnitTests.Model.Result.ResultTests.Success_ShouldNotBeError_WhenSuccessValueProvided" computerName="DKSR-EFI-06" duration="00:00:00.0001782" startTime="2024-01-09T15:43:24.9770283+01:00" endTime="2024-01-09T15:43:24.9770284+01:00" testType="13cdc9d9-ddb5-4fa4-a97d-d965ccfc6d4b" outcome="Passed" testListId="8c84fa94-04c1-424b-9868-57a2d4851a1d" relativeResultsDirectory="5778bd6b-d16f-4164-980b-8eb10c23f407" />
    <UnitTestResult executionId="c624f320-f226-40f1-a147-43b6f5ea696a" testId="d5a56717-e9ce-6498-18fd-77539cebf38b" testName="VideoOS.IdentityServer.UnitTests.Attributes.SIDAttributeTests.IsValid_IsNotCorrectSidFormat_ReturnsFalse(value: &quot;0-1-1-0&quot;)" computerName="DKSR-EFI-06" duration="00:00:00.0014202" startTime="2024-01-09T15:43:25.8500421+01:00" endTime="2024-01-09T15:43:25.8500423+01:00" testType="13cdc9d9-ddb5-4fa4-a97d-d965ccfc6d4b" outcome="Passed" testListId="8c84fa94-04c1-424b-9868-57a2d4851a1d" relativeResultsDirectory="c624f320-f226-40f1-a147-43b6f5ea696a" />
    <UnitTestResult executionId="1b561bef-4251-4e00-a49d-08b395f5ca77" testId="325340e9-20ac-29ae-a6eb-326801d899cc" testName="VideoOS.IdentityServer.UnitTests.Middleware.CultureMiddlewareTests.InvokeAsync_Providers_NoCulture" computerName="DKSR-EFI-06" duration="00:00:00.0021759" startTime="2024-01-09T15:43:25.8552713+01:00" endTime="2024-01-09T15:43:25.8552715+01:00" testType="13cdc9d9-ddb5-4fa4-a97d-d965ccfc6d4b" outcome="Passed" testListId="8c84fa94-04c1-424b-9868-57a2d4851a1d" relativeResultsDirectory="1b561bef-4251-4e00-a49d-08b395f5ca77" />
    <UnitTestResult executionId="35cc50a5-482e-456f-aa07-f94801f66125" testId="c4f9ff86-5734-0f3a-d18e-ebe9e44a2911" testName="VideoOS.IdentityServer.UnitTests.Services.UserProvisionerTests.CreateOrUpdateUser_NoIdpClaim_ProviderEqualScheme" computerName="DKSR-EFI-06" duration="00:00:00.0276435" startTime="2024-01-09T15:43:24.8103304+01:00" endTime="2024-01-09T15:43:24.8103310+01:00" testType="13cdc9d9-ddb5-4fa4-a97d-d965ccfc6d4b" outcome="Passed" testListId="8c84fa94-04c1-424b-9868-57a2d4851a1d" relativeResultsDirectory="35cc50a5-482e-456f-aa07-f94801f66125" />
    <UnitTestResult executionId="9657faef-508e-447e-94f7-4cce3adf8f47" testId="2191f6dd-5015-945f-601a-a7b0a8fde314" testName="VideoOS.IdentityServer.UnitTests.Controllers.ExternalProvidersControllerTests.Get_DifferentHandlersConfigured_OnlyRemoteAuthenticationHandlersReturned(schemes: [], expectedProviders: 0)" computerName="DKSR-EFI-06" duration="00:00:00.0001502" startTime="2024-01-09T15:43:26.3119794+01:00" endTime="2024-01-09T15:43:26.3119795+01:00" testType="13cdc9d9-ddb5-4fa4-a97d-d965ccfc6d4b" outcome="Passed" testListId="8c84fa94-04c1-424b-9868-57a2d4851a1d" relativeResultsDirectory="9657faef-508e-447e-94f7-4cce3adf8f47" />
    <UnitTestResult executionId="c3ef9428-328d-4375-b4d3-93f4273d89cb" testId="d684d514-6ff7-26d9-ef45-6a901aa92573" testName="VideoOS.IdentityServer.UnitTests.Validators.PasswordValidatorTests.ValidateAsync_PasswordDoesNotMatch_Failure" computerName="DKSR-EFI-06" duration="00:00:00.0538153" startTime="2024-01-09T15:43:24.7844690+01:00" endTime="2024-01-09T15:43:24.7844694+01:00" testType="13cdc9d9-ddb5-4fa4-a97d-d965ccfc6d4b" outcome="Passed" testListId="8c84fa94-04c1-424b-9868-57a2d4851a1d" relativeResultsDirectory="c3ef9428-328d-4375-b4d3-93f4273d89cb" />
    <UnitTestResult executionId="29913f0f-9da7-4037-ba2a-59e703fb0a75" testId="f089c3d9-d7a7-8fe8-6b31-2f96d60268c8" testName="VideoOS.IdentityServer.UnitTests.Validators.PasswordValidatorTests.ValidateAsync_PasswordIsNull_ThrowArgumentException" computerName="DKSR-EFI-06" duration="00:00:00.0009423" startTime="2024-01-09T15:43:24.8393669+01:00" endTime="2024-01-09T15:43:24.8393672+01:00" testType="13cdc9d9-ddb5-4fa4-a97d-d965ccfc6d4b" outcome="Passed" testListId="8c84fa94-04c1-424b-9868-57a2d4851a1d" relativeResultsDirectory="29913f0f-9da7-4037-ba2a-59e703fb0a75" />
    <UnitTestResult executionId="924d7af4-702b-46d3-9fd4-79a73bf0ed4d" testId="12da9981-a027-e01f-77a5-00298def904b" testName="VideoOS.IdentityServer.UnitTests.Repositories.VmsUserManagerTests.FindByFilterAsync_UserFoundUsingValue_User" computerName="DKSR-EFI-06" duration="00:00:00.0061316" startTime="2024-01-09T15:43:26.1458450+01:00" endTime="2024-01-09T15:43:26.1458454+01:00" testType="13cdc9d9-ddb5-4fa4-a97d-d965ccfc6d4b" outcome="Passed" testListId="8c84fa94-04c1-424b-9868-57a2d4851a1d" relativeResultsDirectory="924d7af4-702b-46d3-9fd4-79a73bf0ed4d" />
    <UnitTestResult executionId="495e47d1-c701-4443-8706-9bd66f488d4e" testId="1289cca3-a43e-b970-cb00-89521f8436c8" testName="VideoOS.IdentityServer.UnitTests.Attributes.NonEmptyListTests.NonEmptyList_ListIsNull_ReturnFalse" computerName="DKSR-EFI-06" duration="00:00:00.0001236" startTime="2024-01-09T15:43:25.6848810+01:00" endTime="2024-01-09T15:43:25.6848811+01:00" testType="13cdc9d9-ddb5-4fa4-a97d-d965ccfc6d4b" outcome="Passed" testListId="8c84fa94-04c1-424b-9868-57a2d4851a1d" relativeResultsDirectory="495e47d1-c701-4443-8706-9bd66f488d4e" />
    <UnitTestResult executionId="6a655406-5f1a-4a85-828f-83d80a150d52" testId="66c4ec48-8b26-bd82-bdd3-8f0cd78ada77" testName="VideoOS.IdentityServer.UnitTests.Repositories.VmsUserManagerTests.CreateUserInternalAsync_AddClaimsError_Failed" computerName="DKSR-EFI-06" duration="00:00:00.0767222" startTime="2024-01-09T15:43:26.0391023+01:00" endTime="2024-01-09T15:43:26.0391024+01:00" testType="13cdc9d9-ddb5-4fa4-a97d-d965ccfc6d4b" outcome="Passed" testListId="8c84fa94-04c1-424b-9868-57a2d4851a1d" relativeResultsDirectory="6a655406-5f1a-4a85-828f-83d80a150d52" />
    <UnitTestResult executionId="2cc2349f-fd03-4bcc-a7c8-2bff92897787" testId="0dd32194-079f-14b9-f79d-a47e9b479a8d" testName="VideoOS.IdentityServer.UnitTests.Services.PasswordHasherWithLegacySupportTests.VerifyHashedPassword_WrongPassword_Failed" computerName="DKSR-EFI-06" duration="00:00:00.1352702" startTime="2024-01-09T15:43:26.0380257+01:00" endTime="2024-01-09T15:43:26.0380259+01:00" testType="13cdc9d9-ddb5-4fa4-a97d-d965ccfc6d4b" outcome="Passed" testListId="8c84fa94-04c1-424b-9868-57a2d4851a1d" relativeResultsDirectory="2cc2349f-fd03-4bcc-a7c8-2bff92897787" />
    <UnitTestResult executionId="c6561893-2cfd-478a-824e-1ab7d8f411cc" testId="d40e2701-458d-e2b9-f497-37927a0f0a85" testName="VideoOS.IdentityServer.UnitTests.Repositories.VmsUserManagerTests.IsUserLockedOut_LockoutEnabled_False" computerName="DKSR-EFI-06" duration="00:00:00.0003279" startTime="2024-01-09T15:43:26.1261550+01:00" endTime="2024-01-09T15:43:26.1261552+01:00" testType="13cdc9d9-ddb5-4fa4-a97d-d965ccfc6d4b" outcome="Passed" testListId="8c84fa94-04c1-424b-9868-57a2d4851a1d" relativeResultsDirectory="c6561893-2cfd-478a-824e-1ab7d8f411cc" />
    <UnitTestResult executionId="bffab462-a482-4abf-af42-274ac5896d23" testId="b18394c6-84c0-7182-e15a-0ec6b0ee5981" testName="VideoOS.IdentityServer.UnitTests.Controllers.AdminIdentityControllerTests.Get_AdminIdentityNotFound_NotFoundError" computerName="DKSR-EFI-06" duration="00:00:00.0017732" startTime="2024-01-09T15:43:24.5610630+01:00" endTime="2024-01-09T15:43:24.5610630+01:00" testType="13cdc9d9-ddb5-4fa4-a97d-d965ccfc6d4b" outcome="Passed" testListId="8c84fa94-04c1-424b-9868-57a2d4851a1d" relativeResultsDirectory="bffab462-a482-4abf-af42-274ac5896d23" />
    <UnitTestResult executionId="44858cdd-d2a1-4244-a5b3-df2e9db7a4cc" testId="ada794ff-b8f3-39d4-c1d3-ac159ff90320" testName="VideoOS.IdentityServer.UnitTests.Repositories.VmsUserManagerTests.GetLogins_UsingNoFilters_AllLoginsReturned" computerName="DKSR-EFI-06" duration="00:00:00.0223032" startTime="2024-01-09T15:43:26.3996795+01:00" endTime="2024-01-09T15:43:26.3996799+01:00" testType="13cdc9d9-ddb5-4fa4-a97d-d965ccfc6d4b" outcome="Passed" testListId="8c84fa94-04c1-424b-9868-57a2d4851a1d" relativeResultsDirectory="44858cdd-d2a1-4244-a5b3-df2e9db7a4cc" />
    <UnitTestResult executionId="5d987807-4ee2-4463-af87-4653c6a5a3e9" testId="45d3a797-f67c-21fc-e7a9-af6ed19a1606" testName="VideoOS.IdentityServer.UnitTests.Attributes.SIDAttributeTests.IsValid_IsNotCorrectSidFormat_ReturnsFalse(value: &quot;123&quot;)" computerName="DKSR-EFI-06" duration="00:00:00.0000374" startTime="2024-01-09T15:43:25.8503327+01:00" endTime="2024-01-09T15:43:25.8503328+01:00" testType="13cdc9d9-ddb5-4fa4-a97d-d965ccfc6d4b" outcome="Passed" testListId="8c84fa94-04c1-424b-9868-57a2d4851a1d" relativeResultsDirectory="5d987807-4ee2-4463-af87-4653c6a5a3e9" />
    <UnitTestResult executionId="7ba30970-6d35-4382-8ca3-c3472e03ea77" testId="5373f050-6135-5a6d-df4f-e2461319f873" testName="VideoOS.IdentityServer.UnitTests.Services.ProfileServiceTests.GetProfileDataAsync_ProviderScopeRequestedCallerIsUserInfoEndpoint_RequestedAndRequiredClaims" computerName="DKSR-EFI-06" duration="00:00:00.0146667" startTime="2024-01-09T15:43:26.3602722+01:00" endTime="2024-01-09T15:43:26.3602724+01:00" testType="13cdc9d9-ddb5-4fa4-a97d-d965ccfc6d4b" outcome="Passed" testListId="8c84fa94-04c1-424b-9868-57a2d4851a1d" relativeResultsDirectory="7ba30970-6d35-4382-8ca3-c3472e03ea77" />
    <UnitTestResult executionId="368f93a8-79ca-4325-97c7-57462a525b96" testId="23e33eef-24b9-2a18-0758-b3fa92dab418" testName="VideoOS.IdentityServer.UnitTests.Middleware.RequestResponseLogMiddlewareTests.InvokeAsync_Logging_NormalRequest" computerName="DKSR-EFI-06" duration="00:00:00.0278263" startTime="2024-01-09T15:43:26.1933649+01:00" endTime="2024-01-09T15:43:26.1933650+01:00" testType="13cdc9d9-ddb5-4fa4-a97d-d965ccfc6d4b" outcome="Passed" testListId="8c84fa94-04c1-424b-9868-57a2d4851a1d" relativeResultsDirectory="368f93a8-79ca-4325-97c7-57462a525b96" />
    <UnitTestResult executionId="1aaa63cb-1ae3-40e2-bb55-907bd8df4659" testId="cb5ec61f-e221-b5b8-b0a1-1fc232a63b0f" testName="VideoOS.IdentityServer.UnitTests.Repositories.VmsUserManagerTests.FindByIdAsync_UserFound_User" computerName="DKSR-EFI-06" duration="00:00:00.0341346" startTime="2024-01-09T15:43:26.4339248+01:00" endTime="2024-01-09T15:43:26.4339253+01:00" testType="13cdc9d9-ddb5-4fa4-a97d-d965ccfc6d4b" outcome="Passed" testListId="8c84fa94-04c1-424b-9868-57a2d4851a1d" relativeResultsDirectory="1aaa63cb-1ae3-40e2-bb55-907bd8df4659" />
    <UnitTestResult executionId="3a44e75c-bb1b-4ebe-834f-38933c3ff723" testId="f9dbaf2d-8319-3cb6-d10e-e8e4da1e14d6" testName="VideoOS.IdentityServer.UnitTests.Services.UserProvisionerTests.CreateOrUpdateUser_NewUserPreferred_PreferredUsername" computerName="DKSR-EFI-06" duration="00:00:00.0045457" startTime="2024-01-09T15:43:24.8802372+01:00" endTime="2024-01-09T15:43:24.8802376+01:00" testType="13cdc9d9-ddb5-4fa4-a97d-d965ccfc6d4b" outcome="Passed" testListId="8c84fa94-04c1-424b-9868-57a2d4851a1d" relativeResultsDirectory="3a44e75c-bb1b-4ebe-834f-38933c3ff723" />
    <UnitTestResult executionId="6ad17d76-21d7-4aaa-9ce6-7bb621832f9f" testId="eb1887f2-99e8-2199-5e42-44d49a96c712" testName="VideoOS.IdentityServer.UnitTests.Services.UserProvisionerTests.CreateOrUpdateUser_NewUserUserNameAlreadyCreatedDifferentClaims_VerifyUserName(claims: [preferred_username: Preferred Bobby Bob, name: Bobby Bob, email: james@bond.local], exsistingUserNames: [&quot;Preferred Bobby Bob&quot;, &quot;Bobby Bob&quot;, &quot;james@bond.local&quot;], expectedUserName: &quot;Preferred Bobby Bob#1&quot;)" computerName="DKSR-EFI-06" duration="00:00:00.0078228" startTime="2024-01-09T15:43:24.8936130+01:00" endTime="2024-01-09T15:43:24.8936133+01:00" testType="13cdc9d9-ddb5-4fa4-a97d-d965ccfc6d4b" outcome="Passed" testListId="8c84fa94-04c1-424b-9868-57a2d4851a1d" relativeResultsDirectory="6ad17d76-21d7-4aaa-9ce6-7bb621832f9f" />
    <UnitTestResult executionId="fa16a1ac-4348-493e-8677-e8d7672f15c2" testId="4afd93b3-0dbd-977d-9326-df2e15851723" testName="VideoOS.IdentityServer.UnitTests.Helper.MapAllClaimsActionAndEnumerateArrayTests.Run_SingleAndArrayClaimPairsClaimNameMixedCasing_DuplicatePairsGetRemovedWithClaimNameCaseSensitive" computerName="DKSR-EFI-06" duration="00:00:00.0069012" startTime="2024-01-09T15:43:24.8587467+01:00" endTime="2024-01-09T15:43:24.8587469+01:00" testType="13cdc9d9-ddb5-4fa4-a97d-d965ccfc6d4b" outcome="Passed" testListId="8c84fa94-04c1-424b-9868-57a2d4851a1d" relativeResultsDirectory="fa16a1ac-4348-493e-8677-e8d7672f15c2" />
    <UnitTestResult executionId="d4b15e67-a742-4403-8f6a-2b7acf566372" testId="07e8a25f-7197-c209-719f-f588cfb085f1" testName="VideoOS.IdentityServer.UnitTests.Controllers.TrustedIssuersControllerTests.Put_TrustedIssuer_TrustedIssuersUpdated" computerName="DKSR-EFI-06" duration="00:00:00.0048170" startTime="2024-01-09T15:43:25.2368536+01:00" endTime="2024-01-09T15:43:25.2368539+01:00" testType="13cdc9d9-ddb5-4fa4-a97d-d965ccfc6d4b" outcome="Passed" testListId="8c84fa94-04c1-424b-9868-57a2d4851a1d" relativeResultsDirectory="d4b15e67-a742-4403-8f6a-2b7acf566372" />
    <UnitTestResult executionId="e86dbd39-fe05-41e4-a6d7-afab2c832e5d" testId="999969fd-2340-af1e-c41b-51a612d4b506" testName="VideoOS.IdentityServer.UnitTests.Attributes.HttpOrHttpsAttributeTests.IsValid_ForNonHttpOrHttpsUri_ReturnsError(url: &quot;file://localhost/path&quot;)" computerName="DKSR-EFI-06" duration="00:00:00.0000102" startTime="2024-01-09T15:43:25.2824726+01:00" endTime="2024-01-09T15:43:25.2824727+01:00" testType="13cdc9d9-ddb5-4fa4-a97d-d965ccfc6d4b" outcome="Passed" testListId="8c84fa94-04c1-424b-9868-57a2d4851a1d" relativeResultsDirectory="e86dbd39-fe05-41e4-a6d7-afab2c832e5d" />
    <UnitTestResult executionId="ac4a98f9-154b-42fc-82fa-3ae4abaa3e56" testId="5ae210e3-e23b-93eb-c3be-675944e83729" testName="VideoOS.IdentityServer.UnitTests.Services.ExternalTokenValidatorTests.GetSubjectTokenClaims_SubjectTokenMissingIdpClaim_TokenNotValidatedAndErrorReturned" computerName="DKSR-EFI-06" duration="00:00:00.0002462" startTime="2024-01-09T15:43:24.9701250+01:00" endTime="2024-01-09T15:43:24.9701252+01:00" testType="13cdc9d9-ddb5-4fa4-a97d-d965ccfc6d4b" outcome="Passed" testListId="8c84fa94-04c1-424b-9868-57a2d4851a1d" relativeResultsDirectory="ac4a98f9-154b-42fc-82fa-3ae4abaa3e56" />
    <UnitTestResult executionId="252d9151-0d27-4108-8b5b-68cd00ad3f34" testId="701b9407-2bc9-d9c2-65dd-033db64cd63b" testName="VideoOS.IdentityServer.UnitTests.Controllers.ClientsControllerTests.RegisterClient_InvalidScopeRequested_BusinessViolationExceptionIsThrown" computerName="DKSR-EFI-06" duration="00:00:00.0028753" startTime="2024-01-09T15:43:24.8510404+01:00" endTime="2024-01-09T15:43:24.8510407+01:00" testType="13cdc9d9-ddb5-4fa4-a97d-d965ccfc6d4b" outcome="Passed" testListId="8c84fa94-04c1-424b-9868-57a2d4851a1d" relativeResultsDirectory="252d9151-0d27-4108-8b5b-68cd00ad3f34" />
    <UnitTestResult executionId="b08085e5-2030-482e-acef-735205188a27" testId="2b2206f7-9187-eae9-c01f-3d3853c0ca71" testName="VideoOS.IdentityServer.UnitTests.Helper.ArrayModelBinderTests.BindModelAsync_ValidInput_Success" computerName="DKSR-EFI-06" duration="00:00:00.0034059" startTime="2024-01-09T15:43:24.6760206+01:00" endTime="2024-01-09T15:43:24.6760208+01:00" testType="13cdc9d9-ddb5-4fa4-a97d-d965ccfc6d4b" outcome="Passed" testListId="8c84fa94-04c1-424b-9868-57a2d4851a1d" relativeResultsDirectory="b08085e5-2030-482e-acef-735205188a27" />
    <UnitTestResult executionId="0709d821-6520-4266-907c-7a6fe9c13eb3" testId="2b0d43ee-5a30-eeab-0382-8a8c5d521a0a" testName="VideoOS.IdentityServer.UnitTests.Filters.RedirectAntiForgeryValidationFailedResultFilterTest.OnResultExecutionAsync_ResultNotAntiforgeryValidationFailedResult" computerName="DKSR-EFI-06" duration="00:00:00.0108836" startTime="2024-01-09T15:43:24.6530446+01:00" endTime="2024-01-09T15:43:24.6530449+01:00" testType="13cdc9d9-ddb5-4fa4-a97d-d965ccfc6d4b" outcome="Passed" testListId="8c84fa94-04c1-424b-9868-57a2d4851a1d" relativeResultsDirectory="0709d821-6520-4266-907c-7a6fe9c13eb3" />
    <UnitTestResult executionId="4e34c133-a784-48e9-afd8-a3f9bb82a0f9" testId="4132f6e7-e401-244e-b327-d74900dc4106" testName="VideoOS.IdentityServer.UnitTests.Controllers.ClientsControllerTests.RegisterClient_RedirectUrisExistsWithMissingAuthorizationCodeGrant_BusinessViolationExceptionIsThrown" computerName="DKSR-EFI-06" duration="00:00:00.0020188" startTime="2024-01-09T15:43:24.5645148+01:00" endTime="2024-01-09T15:43:24.5645149+01:00" testType="13cdc9d9-ddb5-4fa4-a97d-d965ccfc6d4b" outcome="Passed" testListId="8c84fa94-04c1-424b-9868-57a2d4851a1d" relativeResultsDirectory="4e34c133-a784-48e9-afd8-a3f9bb82a0f9" />
    <UnitTestResult executionId="e3dd5872-13c5-4745-9dce-aa87271bed82" testId="efe6e41e-f107-8576-56fa-4fe56f26d072" testName="VideoOS.IdentityServer.UnitTests.Helper.ExpressionBuilderTests.FromString_QueryIsNullOrEmpty_ThrowsArgumentException(query: &quot;&quot;)" computerName="DKSR-EFI-06" duration="00:00:00.0000439" startTime="2024-01-09T15:43:26.2188959+01:00" endTime="2024-01-09T15:43:26.2188959+01:00" testType="13cdc9d9-ddb5-4fa4-a97d-d965ccfc6d4b" outcome="Passed" testListId="8c84fa94-04c1-424b-9868-57a2d4851a1d" relativeResultsDirectory="e3dd5872-13c5-4745-9dce-aa87271bed82" />
    <UnitTestResult executionId="99b186bb-48e8-40de-b90b-f23c5bfadef8" testId="4bfae0fd-12aa-8da0-8477-e5814b23f285" testName="VideoOS.IdentityServer.UnitTests.Pages.LoginTests.OnGetAsync_NoIdpSpecified_Local" computerName="DKSR-EFI-06" duration="00:00:00.0058651" startTime="2024-01-09T15:43:26.3277354+01:00" endTime="2024-01-09T15:43:26.3277356+01:00" testType="13cdc9d9-ddb5-4fa4-a97d-d965ccfc6d4b" outcome="Passed" testListId="8c84fa94-04c1-424b-9868-57a2d4851a1d" relativeResultsDirectory="99b186bb-48e8-40de-b90b-f23c5bfadef8" />
    <UnitTestResult executionId="500d0e76-6864-4ea6-beeb-e150ede1c4a5" testId="ed05ce08-564e-9f53-e870-0bd02308d7fd" testName="VideoOS.IdentityServer.UnitTests.Pages.LoginTests.OnGetAsync_AuthSchemeNotFound_ErrorPage" computerName="DKSR-EFI-06" duration="00:00:00.0089799" startTime="2024-01-09T15:43:26.3217997+01:00" endTime="2024-01-09T15:43:26.3218001+01:00" testType="13cdc9d9-ddb5-4fa4-a97d-d965ccfc6d4b" outcome="Passed" testListId="8c84fa94-04c1-424b-9868-57a2d4851a1d" relativeResultsDirectory="500d0e76-6864-4ea6-beeb-e150ede1c4a5" />
    <UnitTestResult executionId="c4676e1d-771c-496a-87c6-d5c916896fa0" testId="0527f1d7-19e5-cacc-4c2f-9cf02e02d316" testName="VideoOS.IdentityServer.UnitTests.Helper.ExpressionBuilderTests.FromString_DifferentQueriesWithAllowedSearchNames_ReturnsExpectedCount(query: &quot;name ne a&quot;, expectedCount: 3, allowedSearchNames: [&quot;Name&quot;])" computerName="DKSR-EFI-06" duration="00:00:00.0008537" startTime="2024-01-09T15:43:26.2140571+01:00" endTime="2024-01-09T15:43:26.2140573+01:00" testType="13cdc9d9-ddb5-4fa4-a97d-d965ccfc6d4b" outcome="Passed" testListId="8c84fa94-04c1-424b-9868-57a2d4851a1d" relativeResultsDirectory="c4676e1d-771c-496a-87c6-d5c916896fa0" />
    <UnitTestResult executionId="9e4d29d1-71d9-4c3c-a30b-6caa29effd04" testId="923bbb9b-001f-218b-483b-924b42d8eab3" testName="VideoOS.IdentityServer.UnitTests.Model.Result.ResultTests.Failure_ShouldThrowArgumentNullException_WhenNullErrorProvided" computerName="DKSR-EFI-06" duration="00:00:00.0005706" startTime="2024-01-09T15:43:24.9709543+01:00" endTime="2024-01-09T15:43:24.9709545+01:00" testType="13cdc9d9-ddb5-4fa4-a97d-d965ccfc6d4b" outcome="Passed" testListId="8c84fa94-04c1-424b-9868-57a2d4851a1d" relativeResultsDirectory="9e4d29d1-71d9-4c3c-a30b-6caa29effd04" />
    <UnitTestResult executionId="dbef5cbe-4ba4-4521-9595-aed57247e248" testId="eb1887f2-99e8-2199-5e42-44d49a96c712" testName="VideoOS.IdentityServer.UnitTests.Services.UserProvisionerTests.CreateOrUpdateUser_NewUserUserNameAlreadyCreatedDifferentClaims_VerifyUserName(claims: [email: james@bond.local], exsistingUserNames: [&quot;james@bond.local&quot;], expectedUserName: &quot;james@bond.local#1&quot;)" computerName="DKSR-EFI-06" duration="00:00:00.0039954" startTime="2024-01-09T15:43:24.9177013+01:00" endTime="2024-01-09T15:43:24.9177014+01:00" testType="13cdc9d9-ddb5-4fa4-a97d-d965ccfc6d4b" outcome="Passed" testListId="8c84fa94-04c1-424b-9868-57a2d4851a1d" relativeResultsDirectory="dbef5cbe-4ba4-4521-9595-aed57247e248" />
    <UnitTestResult executionId="0ea8acea-3eb3-499d-bb3d-fa9421428474" testId="7a650886-b796-7794-1000-8b637771079b" testName="VideoOS.IdentityServer.UnitTests.Helper.RsaKeyGeneratorTests.GenerateRsaSecurityKey_ValidKeySize_NewRsaSecurityKeyIsReturned(keySize: 2048)" computerName="DKSR-EFI-06" duration="00:00:00.0744853" startTime="2024-01-09T15:43:24.6586979+01:00" endTime="2024-01-09T15:43:24.6586980+01:00" testType="13cdc9d9-ddb5-4fa4-a97d-d965ccfc6d4b" outcome="Passed" testListId="8c84fa94-04c1-424b-9868-57a2d4851a1d" relativeResultsDirectory="0ea8acea-3eb3-499d-bb3d-fa9421428474" />
    <UnitTestResult executionId="95307e61-112d-4401-afc4-b55d6b029d34" testId="bf64ab71-1c25-b603-8586-eaa6f35927ac" testName="VideoOS.IdentityServer.UnitTests.Controllers.ClientsControllerTests.RegisterClient_InvalidRedirectUri_BusinessViolationExceptionIsThrown" computerName="DKSR-EFI-06" duration="00:00:00.0130056" startTime="2024-01-09T15:43:24.7080621+01:00" endTime="2024-01-09T15:43:24.7080626+01:00" testType="13cdc9d9-ddb5-4fa4-a97d-d965ccfc6d4b" outcome="Passed" testListId="8c84fa94-04c1-424b-9868-57a2d4851a1d" relativeResultsDirectory="95307e61-112d-4401-afc4-b55d6b029d34" />
    <UnitTestResult executionId="1ac402b4-41f7-45d1-aead-e24c8712d591" testId="f0769189-46ba-dd7f-13e5-7e6afa6117a7" testName="VideoOS.IdentityServer.UnitTests.Helper.ConstantValueHelperTests.GetConstantValues_ConstantTypeExists_AllValuesReturned" computerName="DKSR-EFI-06" duration="00:00:00.0020225" startTime="2024-01-09T15:43:25.8623768+01:00" endTime="2024-01-09T15:43:25.8623770+01:00" testType="13cdc9d9-ddb5-4fa4-a97d-d965ccfc6d4b" outcome="Passed" testListId="8c84fa94-04c1-424b-9868-57a2d4851a1d" relativeResultsDirectory="1ac402b4-41f7-45d1-aead-e24c8712d591" />
    <UnitTestResult executionId="4bd08bb2-cc23-4ee5-aea1-b0b6dde843b0" testId="09390f4d-0b0d-dc1c-1268-43edcd861ff3" testName="VideoOS.IdentityServer.UnitTests.Attributes.IsGuidTests.IsGuid_ValueIsGuidOrNull_ReturnsTrue(value: null)" computerName="DKSR-EFI-06" duration="00:00:00.0002645" startTime="2024-01-09T15:43:24.3859610+01:00" endTime="2024-01-09T15:43:24.3859611+01:00" testType="13cdc9d9-ddb5-4fa4-a97d-d965ccfc6d4b" outcome="Passed" testListId="8c84fa94-04c1-424b-9868-57a2d4851a1d" relativeResultsDirectory="4bd08bb2-cc23-4ee5-aea1-b0b6dde843b0" />
    <UnitTestResult executionId="aec0ba5d-ebba-48c3-9183-2181f1d87c02" testId="f92c6b6d-e73e-777e-805f-32a982387f8e" testName="VideoOS.IdentityServer.UnitTests.Model.ErrorResponseTests.ErrorResponse_ApiErrorCodeIsNull_KeyIsStringEmpty" computerName="DKSR-EFI-06" duration="00:00:00.0009917" startTime="2024-01-09T15:43:26.1923821+01:00" endTime="2024-01-09T15:43:26.1923825+01:00" testType="13cdc9d9-ddb5-4fa4-a97d-d965ccfc6d4b" outcome="Passed" testListId="8c84fa94-04c1-424b-9868-57a2d4851a1d" relativeResultsDirectory="aec0ba5d-ebba-48c3-9183-2181f1d87c02" />
    <UnitTestResult executionId="9fc21270-ab2f-47f3-bbfb-e0ee8ff76611" testId="da34095a-4f48-fcf8-49d7-10ec99566230" testName="VideoOS.IdentityServer.UnitTests.Helper.ExpressionBuilderTests.FromString_DifferentQueriesWithDisallowedSearchNames_ThrowsInvalidOperationException(query: &quot;number eq 4&quot;, allowedSearchNames: [&quot;Name&quot;])" computerName="DKSR-EFI-06" duration="00:00:00.0000585" startTime="2024-01-09T15:43:26.2157114+01:00" endTime="2024-01-09T15:43:26.2157115+01:00" testType="13cdc9d9-ddb5-4fa4-a97d-d965ccfc6d4b" outcome="Passed" testListId="8c84fa94-04c1-424b-9868-57a2d4851a1d" relativeResultsDirectory="9fc21270-ab2f-47f3-bbfb-e0ee8ff76611" />
    <UnitTestResult executionId="37bd6945-ccd2-4db7-9d21-2dad13f7a521" testId="901a6d56-fae7-98f6-ab1b-7cb37539a449" testName="VideoOS.IdentityServer.UnitTests.Attributes.DisallowCharacterAttributeTests.IsValid_ContainsDisallowedCharacters_ReturnsFalse(value: &quot;#alice#&quot;)" computerName="DKSR-EFI-06" duration="00:00:00.0003021" startTime="2024-01-09T15:43:26.2285305+01:00" endTime="2024-01-09T15:43:26.2285306+01:00" testType="13cdc9d9-ddb5-4fa4-a97d-d965ccfc6d4b" outcome="Passed" testListId="8c84fa94-04c1-424b-9868-57a2d4851a1d" relativeResultsDirectory="37bd6945-ccd2-4db7-9d21-2dad13f7a521" />
    <UnitTestResult executionId="fecf0126-4843-4d8d-97d6-c167a9cf6e45" testId="753803f6-06be-eef0-d662-c5a41595644a" testName="VideoOS.IdentityServer.UnitTests.Middleware.RequestResponseLogMiddlewareTests.InvokeAsync_NoLogging_DelegateRun" computerName="DKSR-EFI-06" duration="00:00:00.0014512" startTime="2024-01-09T15:43:26.1979201+01:00" endTime="2024-01-09T15:43:26.1979201+01:00" testType="13cdc9d9-ddb5-4fa4-a97d-d965ccfc6d4b" outcome="Passed" testListId="8c84fa94-04c1-424b-9868-57a2d4851a1d" relativeResultsDirectory="fecf0126-4843-4d8d-97d6-c167a9cf6e45" />
    <UnitTestResult executionId="68abf7bb-db2f-4f85-a1e1-02f25a14b872" testId="b4580218-8da8-9647-793a-06cfab52bf03" testName="VideoOS.IdentityServer.UnitTests.Attributes.HttpOrHttpsAttributeTests.IsValid_ForNullValue_ReturnsSuccess" computerName="DKSR-EFI-06" duration="00:00:00.0000994" startTime="2024-01-09T15:43:25.2828341+01:00" endTime="2024-01-09T15:43:25.2828342+01:00" testType="13cdc9d9-ddb5-4fa4-a97d-d965ccfc6d4b" outcome="Passed" testListId="8c84fa94-04c1-424b-9868-57a2d4851a1d" relativeResultsDirectory="68abf7bb-db2f-4f85-a1e1-02f25a14b872" />
    <UnitTestResult executionId="b26c8835-3d9e-4e75-ba57-6f5d566771b7" testId="889e6f9b-0246-8302-3a49-afd2bfd230d1" testName="VideoOS.IdentityServer.UnitTests.Services.PasswordValidationTests.RegExBuild(minLength: 1, maxLength: 255, lowerCase: False, upperCase: False, digit: False, specialChar: False, uniqueCharacters: 1, testData: [[1, True], [11, True], [12, True], [121, True]])" computerName="DKSR-EFI-06" duration="00:00:00.0000751" startTime="2024-01-09T15:43:25.6844777+01:00" endTime="2024-01-09T15:43:25.6844778+01:00" testType="13cdc9d9-ddb5-4fa4-a97d-d965ccfc6d4b" outcome="Passed" testListId="8c84fa94-04c1-424b-9868-57a2d4851a1d" relativeResultsDirectory="b26c8835-3d9e-4e75-ba57-6f5d566771b7" />
    <UnitTestResult executionId="53cd93bf-3292-4f65-baaf-3b27e02a3b2b" testId="e818b1a2-e1c4-6691-71e3-65849a1507e6" testName="VideoOS.IdentityServer.UnitTests.Services.WellKnownConfigurationRetriever.WellKnownConfigurationRetrieverTests.GetWellKnownConfiguration_DiscoveryDocumentError_ReturnsErrorResult" computerName="DKSR-EFI-06" duration="00:00:00.0030431" startTime="2024-01-09T15:43:24.7279238+01:00" endTime="2024-01-09T15:43:24.7279242+01:00" testType="13cdc9d9-ddb5-4fa4-a97d-d965ccfc6d4b" outcome="Passed" testListId="8c84fa94-04c1-424b-9868-57a2d4851a1d" relativeResultsDirectory="53cd93bf-3292-4f65-baaf-3b27e02a3b2b" />
    <UnitTestResult executionId="fbc69f28-e391-4be3-a07e-d7918ae3462f" testId="652efa43-6827-5751-0b78-2bbbfaca6803" testName="VideoOS.IdentityServer.UnitTests.Pages.External.LoginTests.OnGet_ReturnUrlIsNotValid_Error" computerName="DKSR-EFI-06" duration="00:00:00.0040036" startTime="2024-01-09T15:43:24.5692304+01:00" endTime="2024-01-09T15:43:24.5692307+01:00" testType="13cdc9d9-ddb5-4fa4-a97d-d965ccfc6d4b" outcome="Passed" testListId="8c84fa94-04c1-424b-9868-57a2d4851a1d" relativeResultsDirectory="fbc69f28-e391-4be3-a07e-d7918ae3462f" />
    <UnitTestResult executionId="613b7165-0f11-40aa-a9a4-56b006b72332" testId="014351e4-7bfa-ccb3-8272-e98f933a2890" testName="VideoOS.IdentityServer.UnitTests.Pages.LoginTests.OnGetAsync_LocalIdpSpecified_Local" computerName="DKSR-EFI-06" duration="00:00:00.0055706" startTime="2024-01-09T15:43:26.3127387+01:00" endTime="2024-01-09T15:43:26.3127389+01:00" testType="13cdc9d9-ddb5-4fa4-a97d-d965ccfc6d4b" outcome="Passed" testListId="8c84fa94-04c1-424b-9868-57a2d4851a1d" relativeResultsDirectory="613b7165-0f11-40aa-a9a4-56b006b72332" />
    <UnitTestResult executionId="3d5e86a6-617d-451d-a151-45094c4f46a5" testId="93cfa45e-50b0-604c-c09c-2e5001172962" testName="VideoOS.IdentityServer.UnitTests.Repositories.VmsUserManagerTests.HasClaimChanged_InputOfUserAndExternalClaims_ExpectedOutcome(userClaims: [VmsUserClaim { ClaimType = &quot;name&quot;, ClaimValue = &quot;name&quot;, CreatedDate = 0001-01-01T00:00:00.0000000, Id = 0, LoginProvider = null, ... }], externalClaims: [name: newName], expectedAddedIndex: [0], expectedRemovedIndex: [0])" computerName="DKSR-EFI-06" duration="00:00:00.0000952" startTime="2024-01-09T15:43:26.4391067+01:00" endTime="2024-01-09T15:43:26.4391068+01:00" testType="13cdc9d9-ddb5-4fa4-a97d-d965ccfc6d4b" outcome="Passed" testListId="8c84fa94-04c1-424b-9868-57a2d4851a1d" relativeResultsDirectory="3d5e86a6-617d-451d-a151-45094c4f46a5" />
    <UnitTestResult executionId="c87ca8fa-c62a-403c-b723-fc17c4f69108" testId="43adfb70-1852-8758-f791-ff3f745050ab" testName="VideoOS.IdentityServer.UnitTests.Controllers.TrustedIssuersControllerTests.Post_TrustedIssuer_TrustedIssuersAdded" computerName="DKSR-EFI-06" duration="00:00:00.0034064" startTime="2024-01-09T15:43:25.2572671+01:00" endTime="2024-01-09T15:43:25.2572673+01:00" testType="13cdc9d9-ddb5-4fa4-a97d-d965ccfc6d4b" outcome="Passed" testListId="8c84fa94-04c1-424b-9868-57a2d4851a1d" relativeResultsDirectory="c87ca8fa-c62a-403c-b723-fc17c4f69108" />
    <UnitTestResult executionId="6ac567e4-e842-4375-b6ba-c7330b619b7a" testId="91011207-5e68-cefc-db4a-1c463e66d00e" testName="VideoOS.IdentityServer.UnitTests.Model.ErrorResponseTests.SetErrors_SetWithAllowedErrors_ErrorsContainAllElements" computerName="DKSR-EFI-06" duration="00:00:00.0010144" startTime="2024-01-09T15:43:26.1957837+01:00" endTime="2024-01-09T15:43:26.1957839+01:00" testType="13cdc9d9-ddb5-4fa4-a97d-d965ccfc6d4b" outcome="Passed" testListId="8c84fa94-04c1-424b-9868-57a2d4851a1d" relativeResultsDirectory="6ac567e4-e842-4375-b6ba-c7330b619b7a" />
    <UnitTestResult executionId="79ab79e0-46b5-4aa0-8085-0d5e23e056fd" testId="3c28b699-7e42-a387-ebec-ae8f09e7595c" testName="VideoOS.IdentityServer.UnitTests.Controllers.LoginsControllerTests.DeleteLogin_WithOutFilterParameters_NotAllowedReturned" computerName="DKSR-EFI-06" duration="00:00:00.0046490" startTime="2024-01-09T15:43:25.6764205+01:00" endTime="2024-01-09T15:43:25.6764209+01:00" testType="13cdc9d9-ddb5-4fa4-a97d-d965ccfc6d4b" outcome="Passed" testListId="8c84fa94-04c1-424b-9868-57a2d4851a1d" relativeResultsDirectory="79ab79e0-46b5-4aa0-8085-0d5e23e056fd" />
    <UnitTestResult executionId="2739e6c1-812c-4694-8245-394680e0d1db" testId="1e35a39e-d0e8-d4ab-bfb0-af910179f3e2" testName="VideoOS.IdentityServer.UnitTests.Helper.ArrayModelBinderTests.BindModelAsync_NotEnumerableType_Failed" computerName="DKSR-EFI-06" duration="00:00:00.0009380" startTime="2024-01-09T15:43:24.6770236+01:00" endTime="2024-01-09T15:43:24.6770238+01:00" testType="13cdc9d9-ddb5-4fa4-a97d-d965ccfc6d4b" outcome="Passed" testListId="8c84fa94-04c1-424b-9868-57a2d4851a1d" relativeResultsDirectory="2739e6c1-812c-4694-8245-394680e0d1db" />
    <UnitTestResult executionId="20437656-7f98-4981-adab-8c598746da06" testId="c4fabfc6-aea7-ce5f-c9bf-0e383b17ae93" testName="VideoOS.IdentityServer.UnitTests.Services.ProfileServiceTests.GetProfileDataAsync_VmsUserNoRequestedClaims_RequiredClaims" computerName="DKSR-EFI-06" duration="00:00:00.0037152" startTime="2024-01-09T15:43:26.4729651+01:00" endTime="2024-01-09T15:43:26.4729654+01:00" testType="13cdc9d9-ddb5-4fa4-a97d-d965ccfc6d4b" outcome="Passed" testListId="8c84fa94-04c1-424b-9868-57a2d4851a1d" relativeResultsDirectory="20437656-7f98-4981-adab-8c598746da06" />
    <UnitTestResult executionId="2fcf8d1c-2309-473f-b1fa-a8a038f3f5d1" testId="bb0bd953-5bc3-d778-28dc-7d027690da77" testName="VideoOS.IdentityServer.UnitTests.Services.ProfileServiceTests.GetProfileDataAsync_ProviderScopeRequestedCallerIsIdentityToken_RequestedAndRequiredClaims" computerName="DKSR-EFI-06" duration="00:00:00.0048192" startTime="2024-01-09T15:43:26.4564192+01:00" endTime="2024-01-09T15:43:26.4564195+01:00" testType="13cdc9d9-ddb5-4fa4-a97d-d965ccfc6d4b" outcome="Passed" testListId="8c84fa94-04c1-424b-9868-57a2d4851a1d" relativeResultsDirectory="2fcf8d1c-2309-473f-b1fa-a8a038f3f5d1" />
    <UnitTestResult executionId="ce1a7da3-6dce-4cfa-99fe-931562c283a8" testId="a3257af4-4d9b-2be4-9396-cdf188ad3e8d" testName="VideoOS.IdentityServer.UnitTests.Pages.ChangePasswordTests.OnPostAsync_UserChangePasswordSuccess_EventLogCreated" computerName="DKSR-EFI-06" duration="00:00:01.4934729" startTime="2024-01-09T15:43:25.6689839+01:00" endTime="2024-01-09T15:43:25.6689844+01:00" testType="13cdc9d9-ddb5-4fa4-a97d-d965ccfc6d4b" outcome="Passed" testListId="8c84fa94-04c1-424b-9868-57a2d4851a1d" relativeResultsDirectory="ce1a7da3-6dce-4cfa-99fe-931562c283a8" />
    <UnitTestResult executionId="bd329ea8-5b40-47b1-966f-cbd8d0e783ca" testId="2fbd5cb9-8d43-e652-c6c4-785c5c4ad1d3" testName="VideoOS.IdentityServer.UnitTests.Controllers.UsersControllerTests.Delete_UserNotFound_ReturnNotFoundResult" computerName="DKSR-EFI-06" duration="00:00:00.0047050" startTime="2024-01-09T15:43:25.2987545+01:00" endTime="2024-01-09T15:43:25.2987548+01:00" testType="13cdc9d9-ddb5-4fa4-a97d-d965ccfc6d4b" outcome="Passed" testListId="8c84fa94-04c1-424b-9868-57a2d4851a1d" relativeResultsDirectory="bd329ea8-5b40-47b1-966f-cbd8d0e783ca" />
    <UnitTestResult executionId="40dcd9d0-bd0d-4435-92cf-9f046408c2ce" testId="b4bc320f-be69-44b8-e6e1-f7b7a62d2525" testName="VideoOS.IdentityServer.UnitTests.Pages.LoginTests.OnPostAsync_UserLoginFailed_EventLogCreated" computerName="DKSR-EFI-06" duration="00:00:00.0078196" startTime="2024-01-09T15:43:26.3410072+01:00" endTime="2024-01-09T15:43:26.3410074+01:00" testType="13cdc9d9-ddb5-4fa4-a97d-d965ccfc6d4b" outcome="Passed" testListId="8c84fa94-04c1-424b-9868-57a2d4851a1d" relativeResultsDirectory="40dcd9d0-bd0d-4435-92cf-9f046408c2ce" />
    <UnitTestResult executionId="0387c7e7-8ee8-440b-842a-e8ac3aa89579" testId="c9a0429d-69fe-4b0b-b274-ff7774c3a549" testName="VideoOS.IdentityServer.UnitTests.NLogConfiguration.NLogConfiguratorTests.AddFilter_FilterAlreadyAdded_FilterNotAdded" computerName="DKSR-EFI-06" duration="00:00:00.0007188" startTime="2024-01-09T15:43:26.0472287+01:00" endTime="2024-01-09T15:43:26.0472287+01:00" testType="13cdc9d9-ddb5-4fa4-a97d-d965ccfc6d4b" outcome="Passed" testListId="8c84fa94-04c1-424b-9868-57a2d4851a1d" relativeResultsDirectory="0387c7e7-8ee8-440b-842a-e8ac3aa89579" />
    <UnitTestResult executionId="cf02bddc-58f7-4ce5-bec3-f8fd7101c872" testId="e76a2e3b-0926-9f69-c216-95e505062603" testName="VideoOS.IdentityServer.UnitTests.Controllers.TrustedIssuersControllerTests.Delete_TrustedIssuerExists_TrustedIssuerDeleted" computerName="DKSR-EFI-06" duration="00:00:00.0037351" startTime="2024-01-09T15:43:25.2319781+01:00" endTime="2024-01-09T15:43:25.2319782+01:00" testType="13cdc9d9-ddb5-4fa4-a97d-d965ccfc6d4b" outcome="Passed" testListId="8c84fa94-04c1-424b-9868-57a2d4851a1d" relativeResultsDirectory="cf02bddc-58f7-4ce5-bec3-f8fd7101c872" />
    <UnitTestResult executionId="62ededba-2f81-4cd9-9283-e98b9291cb2b" testId="e4fc7a1f-da76-3fea-0cdd-b220789e02fa" testName="VideoOS.IdentityServer.UnitTests.Services.WellKnownConfigurationRetriever.WellKnownConfigurationRetrieverTests.GetWellKnownConfiguration_LoginProviderException_ReturnsErrorResult" computerName="DKSR-EFI-06" duration="00:00:00.0087636" startTime="2024-01-09T15:43:24.6423355+01:00" endTime="2024-01-09T15:43:24.6423357+01:00" testType="13cdc9d9-ddb5-4fa4-a97d-d965ccfc6d4b" outcome="Passed" testListId="8c84fa94-04c1-424b-9868-57a2d4851a1d" relativeResultsDirectory="62ededba-2f81-4cd9-9283-e98b9291cb2b" />
    <UnitTestResult executionId="ac16997d-8455-4f27-a3dd-ec23827e195a" testId="452784ba-aacc-ffe6-5b8d-b1163443f304" testName="VideoOS.IdentityServer.UnitTests.Model.Result.ResultTests.ImplicitConversion_ShouldBeErrorWithOneError_WhenSingleErrorProvided" computerName="DKSR-EFI-06" duration="00:00:00.0002073" startTime="2024-01-09T15:43:24.9789629+01:00" endTime="2024-01-09T15:43:24.9789630+01:00" testType="13cdc9d9-ddb5-4fa4-a97d-d965ccfc6d4b" outcome="Passed" testListId="8c84fa94-04c1-424b-9868-57a2d4851a1d" relativeResultsDirectory="ac16997d-8455-4f27-a3dd-ec23827e195a" />
    <UnitTestResult executionId="a292552a-0992-4990-bd2b-1dd0073f3eff" testId="da2b0da1-6076-2fbe-2022-7beb2bbf7e43" testName="VideoOS.IdentityServer.UnitTests.Validators.PasswordValidatorTests.ValidateAsync_VmsUserIsNull_ThrowArgumentNullException" computerName="DKSR-EFI-06" duration="00:00:00.0008157" startTime="2024-01-09T15:43:24.8418741+01:00" endTime="2024-01-09T15:43:24.8418743+01:00" testType="13cdc9d9-ddb5-4fa4-a97d-d965ccfc6d4b" outcome="Passed" testListId="8c84fa94-04c1-424b-9868-57a2d4851a1d" relativeResultsDirectory="a292552a-0992-4990-bd2b-1dd0073f3eff" />
    <UnitTestResult executionId="fa5bde5f-c97f-49f5-84e4-e6b8119db235" testId="743f8a96-9897-3e88-3289-fb27a4e4447a" testName="VideoOS.IdentityServer.UnitTests.Controllers.ClientsControllerTests.RegisterClient_InvalidGranttype_BusinessViolationExceptionIsThrown" computerName="DKSR-EFI-06" duration="00:00:00.0020452" startTime="2024-01-09T15:43:24.5624330+01:00" endTime="2024-01-09T15:43:24.5624332+01:00" testType="13cdc9d9-ddb5-4fa4-a97d-d965ccfc6d4b" outcome="Passed" testListId="8c84fa94-04c1-424b-9868-57a2d4851a1d" relativeResultsDirectory="fa5bde5f-c97f-49f5-84e4-e6b8119db235" />
    <UnitTestResult executionId="a1a2cb26-c6b8-4b4d-b6dd-40e7154b6d73" testId="c7205d22-c981-88a1-80a2-12e8b7e19a0f" testName="VideoOS.IdentityServer.UnitTests.Helper.MapAllClaimsActionAndEnumerateArrayTests.Run_DuplicateArrayClaimPairs_DuplicatePairsGetRemoved" computerName="DKSR-EFI-06" duration="00:00:00.0005836" startTime="2024-01-09T15:43:24.8602158+01:00" endTime="2024-01-09T15:43:24.8602160+01:00" testType="13cdc9d9-ddb5-4fa4-a97d-d965ccfc6d4b" outcome="Passed" testListId="8c84fa94-04c1-424b-9868-57a2d4851a1d" relativeResultsDirectory="a1a2cb26-c6b8-4b4d-b6dd-40e7154b6d73" />
    <UnitTestResult executionId="cba2a373-85f4-4c98-b996-612b2c1c8e3b" testId="5007d108-09c8-61e4-2444-dd302e15e3e9" testName="VideoOS.IdentityServer.UnitTests.Services.ProfileServiceTests.IsActiveAsync_VmsUserIsLockedOut_UserNotActive" computerName="DKSR-EFI-06" duration="00:00:00.0032987" startTime="2024-01-09T15:43:26.4691585+01:00" endTime="2024-01-09T15:43:26.4691589+01:00" testType="13cdc9d9-ddb5-4fa4-a97d-d965ccfc6d4b" outcome="Passed" testListId="8c84fa94-04c1-424b-9868-57a2d4851a1d" relativeResultsDirectory="cba2a373-85f4-4c98-b996-612b2c1c8e3b" />
    <UnitTestResult executionId="1e031343-99c6-4c3f-906b-7596c1a9bb13" testId="32a63d0f-1518-258d-79a6-5db3d0ff3aaa" testName="VideoOS.IdentityServer.UnitTests.Attributes.HttpOrHttpsAttributeTests.IsValid_ForHttpOrHttpsUri_ReturnsSuccess(url: &quot;https://www.example.com&quot;)" computerName="DKSR-EFI-06" duration="00:00:00.0005939" startTime="2024-01-09T15:43:25.2821588+01:00" endTime="2024-01-09T15:43:25.2821589+01:00" testType="13cdc9d9-ddb5-4fa4-a97d-d965ccfc6d4b" outcome="Passed" testListId="8c84fa94-04c1-424b-9868-57a2d4851a1d" relativeResultsDirectory="1e031343-99c6-4c3f-906b-7596c1a9bb13" />
    <UnitTestResult executionId="c9af2f80-5fbc-4822-9731-7d342f773fb3" testId="63bf71a7-1c76-c096-70d9-c487f1a1c964" testName="VideoOS.IdentityServer.UnitTests.GrantValidators.ResourceOwnerPasswordValidatorTests.ValidateAsync_UserCanSignIn_Success" computerName="DKSR-EFI-06" duration="00:00:00.0201541" startTime="2024-01-09T15:43:26.3065180+01:00" endTime="2024-01-09T15:43:26.3065181+01:00" testType="13cdc9d9-ddb5-4fa4-a97d-d965ccfc6d4b" outcome="Passed" testListId="8c84fa94-04c1-424b-9868-57a2d4851a1d" relativeResultsDirectory="c9af2f80-5fbc-4822-9731-7d342f773fb3" />
    <UnitTestResult executionId="f18c5b4b-d660-4f49-9b21-8d4502019d85" testId="46f0f36c-7d3e-9fc6-0e91-a8eb7e670908" testName="VideoOS.IdentityServer.UnitTests.Controllers.ExternalProviderManagerTests.RemoveProvider_LoginProvider_Exists_RemovesProviderConfiguration" computerName="DKSR-EFI-06" duration="00:00:00.0057047" startTime="2024-01-09T15:43:25.9289594+01:00" endTime="2024-01-09T15:43:25.9289596+01:00" testType="13cdc9d9-ddb5-4fa4-a97d-d965ccfc6d4b" outcome="Passed" testListId="8c84fa94-04c1-424b-9868-57a2d4851a1d" relativeResultsDirectory="f18c5b4b-d660-4f49-9b21-8d4502019d85" />
    <UnitTestResult executionId="f6496afc-9cd4-4ba9-b5f9-90ae3a1b321f" testId="eb1887f2-99e8-2199-5e42-44d49a96c712" testName="VideoOS.IdentityServer.UnitTests.Services.UserProvisionerTests.CreateOrUpdateUser_NewUserUserNameAlreadyCreatedDifferentClaims_VerifyUserName(claims: [given_name: Bobby, email: james@bond.local], exsistingUserNames: [&quot;Bobby&quot;], expectedUserName: &quot;james@bond.local&quot;)" computerName="DKSR-EFI-06" duration="00:00:00.0039308" startTime="2024-01-09T15:43:24.9098051+01:00" endTime="2024-01-09T15:43:24.9098053+01:00" testType="13cdc9d9-ddb5-4fa4-a97d-d965ccfc6d4b" outcome="Passed" testListId="8c84fa94-04c1-424b-9868-57a2d4851a1d" relativeResultsDirectory="f6496afc-9cd4-4ba9-b5f9-90ae3a1b321f" />
    <UnitTestResult executionId="0ce6af22-a20c-4923-9107-65407dccd405" testId="b6ef847f-9b72-0da6-abe0-39563d4a303a" testName="VideoOS.IdentityServer.UnitTests.Repositories.VmsUserManagerTests.FindByNameAsync_UserNotFound_Null" computerName="DKSR-EFI-06" duration="00:00:00.0090910" startTime="2024-01-09T15:43:26.3466064+01:00" endTime="2024-01-09T15:43:26.3466067+01:00" testType="13cdc9d9-ddb5-4fa4-a97d-d965ccfc6d4b" outcome="Passed" testListId="8c84fa94-04c1-424b-9868-57a2d4851a1d" relativeResultsDirectory="0ce6af22-a20c-4923-9107-65407dccd405" />
    <UnitTestResult executionId="647a09c9-bbc6-44b4-9291-80783e4d0cb9" testId="9624a031-7855-a4af-5a12-0841cb0c62b4" testName="VideoOS.IdentityServer.UnitTests.Attributes.DisallowCharacterAttributeTests.IsValid_ContainsOnlyAllowedCharacters_ReturnsTrue(value: &quot;milestone_fam&quot;)" computerName="DKSR-EFI-06" duration="00:00:00.0007837" startTime="2024-01-09T15:43:26.2278706+01:00" endTime="2024-01-09T15:43:26.2278708+01:00" testType="13cdc9d9-ddb5-4fa4-a97d-d965ccfc6d4b" outcome="Passed" testListId="8c84fa94-04c1-424b-9868-57a2d4851a1d" relativeResultsDirectory="647a09c9-bbc6-44b4-9291-80783e4d0cb9" />
    <UnitTestResult executionId="eec62dd7-ddd1-4685-a3c6-41be2a152db2" testId="8bd3647f-8cd2-e043-7189-ba9c29073c25" testName="VideoOS.IdentityServer.UnitTests.Services.PasswordHasherWithLegacySupportTests.VerifyHashedPassword_CorrectLegacyPassword_SuccessRehashNeeded(encryptionMethod: &quot;SHA2_512&quot;)" computerName="DKSR-EFI-06" duration="00:00:00.0249729" startTime="2024-01-09T15:43:26.1361984+01:00" endTime="2024-01-09T15:43:26.1361988+01:00" testType="13cdc9d9-ddb5-4fa4-a97d-d965ccfc6d4b" outcome="Passed" testListId="8c84fa94-04c1-424b-9868-57a2d4851a1d" relativeResultsDirectory="eec62dd7-ddd1-4685-a3c6-41be2a152db2" />
    <UnitTestResult executionId="f91253d5-5046-48d7-89c2-0773b2b56523" testId="6e8e25c7-63cf-5e6a-6ab4-b39d8c6c18f8" testName="VideoOS.IdentityServer.UnitTests.Repositories.VmsUserManagerTests.CreateUserInternalAsync_WithLoginInfo_LoginInfoAdded" computerName="DKSR-EFI-06" duration="00:00:00.0550770" startTime="2024-01-09T15:43:26.3329934+01:00" endTime="2024-01-09T15:43:26.3329937+01:00" testType="13cdc9d9-ddb5-4fa4-a97d-d965ccfc6d4b" outcome="Passed" testListId="8c84fa94-04c1-424b-9868-57a2d4851a1d" relativeResultsDirectory="f91253d5-5046-48d7-89c2-0773b2b56523" />
    <UnitTestResult executionId="c9dcda8e-5112-4377-8af7-7a33027800f2" testId="8b71f50e-ae38-d60f-498f-8315a9dbb08d" testName="VideoOS.IdentityServer.UnitTests.Attributes.HttpOrHttpsAttributeTests.IsValid_ForInvalidUriFormat_ReturnsError(url: &quot;not a uri&quot;)" computerName="DKSR-EFI-06" duration="00:00:00.0000034" startTime="2024-01-09T15:43:25.2827036+01:00" endTime="2024-01-09T15:43:25.2827037+01:00" testType="13cdc9d9-ddb5-4fa4-a97d-d965ccfc6d4b" outcome="Passed" testListId="8c84fa94-04c1-424b-9868-57a2d4851a1d" relativeResultsDirectory="c9dcda8e-5112-4377-8af7-7a33027800f2" />
    <UnitTestResult executionId="6906de4d-4007-4881-9354-afa7b60f835f" testId="cc6cc5d5-3a4d-b157-d5f3-1b1b3db88479" testName="VideoOS.IdentityServer.UnitTests.Services.UserProvisionerTests.CreateOrUpdateUser_NewUserNoPreferredNoNameNoFirst_Last" computerName="DKSR-EFI-06" duration="00:00:00.0045140" startTime="2024-01-09T15:43:24.8848306+01:00" endTime="2024-01-09T15:43:24.8848310+01:00" testType="13cdc9d9-ddb5-4fa4-a97d-d965ccfc6d4b" outcome="Passed" testListId="8c84fa94-04c1-424b-9868-57a2d4851a1d" relativeResultsDirectory="6906de4d-4007-4881-9354-afa7b60f835f" />
    <UnitTestResult executionId="c41c0661-73e1-484d-9da0-fb8a60e6f6c9" testId="9f9c6084-f03d-db9c-e06a-4171b07ef539" testName="VideoOS.IdentityServer.UnitTests.Controllers.ExternalProviderManagerTests.AddProvider_Enabled_ConfiguresProvider" computerName="DKSR-EFI-06" duration="00:00:00.0046130" startTime="2024-01-09T15:43:26.3069748+01:00" endTime="2024-01-09T15:43:26.3069749+01:00" testType="13cdc9d9-ddb5-4fa4-a97d-d965ccfc6d4b" outcome="Passed" testListId="8c84fa94-04c1-424b-9868-57a2d4851a1d" relativeResultsDirectory="c41c0661-73e1-484d-9da0-fb8a60e6f6c9" />
    <UnitTestResult executionId="ae6a1213-9b43-42e4-be26-63841c00da14" testId="873ff879-5a57-44f1-cc90-acd6a24dbc43" testName="VideoOS.IdentityServer.UnitTests.Controllers.UsersControllerTests.Delete_UserIsDeleted_ReturnOkNoContent" computerName="DKSR-EFI-06" duration="00:00:00.0141358" startTime="2024-01-09T15:43:25.3402744+01:00" endTime="2024-01-09T15:43:25.3402748+01:00" testType="13cdc9d9-ddb5-4fa4-a97d-d965ccfc6d4b" outcome="Passed" testListId="8c84fa94-04c1-424b-9868-57a2d4851a1d" relativeResultsDirectory="ae6a1213-9b43-42e4-be26-63841c00da14" />
    <UnitTestResult executionId="04117d72-e107-472e-9913-fd7fc0f607db" testId="655efde5-eb67-b8e4-b0fe-7bf0264f6e1d" testName="VideoOS.IdentityServer.UnitTests.GrantValidators.TokenExchangeGrantValidatorTests.ValidateAsync_ProviderIdNotMapped_InvalidRequestReturned" computerName="DKSR-EFI-06" duration="00:00:00.0389109" startTime="2024-01-09T15:43:25.8989938+01:00" endTime="2024-01-09T15:43:25.8989943+01:00" testType="13cdc9d9-ddb5-4fa4-a97d-d965ccfc6d4b" outcome="Passed" testListId="8c84fa94-04c1-424b-9868-57a2d4851a1d" relativeResultsDirectory="04117d72-e107-472e-9913-fd7fc0f607db" />
    <UnitTestResult executionId="d3d0f268-4ae9-4790-a9e3-7ec5a6994d19" testId="035b8cee-9291-e6da-9b8e-5ead340080fc" testName="VideoOS.IdentityServer.UnitTests.Attributes.SIDAttributeTests.IsValid_IsCorrectSidFormat_ReturnsTrue(value: null)" computerName="DKSR-EFI-06" duration="00:00:00.0000095" startTime="2024-01-09T15:43:25.8512000+01:00" endTime="2024-01-09T15:43:25.8512001+01:00" testType="13cdc9d9-ddb5-4fa4-a97d-d965ccfc6d4b" outcome="Passed" testListId="8c84fa94-04c1-424b-9868-57a2d4851a1d" relativeResultsDirectory="d3d0f268-4ae9-4790-a9e3-7ec5a6994d19" />
    <UnitTestResult executionId="4d7ff8c5-2196-47b8-a61d-402dfd5c9eae" testId="792d04f1-cdf3-a8f4-9e01-3aa112fc487d" testName="VideoOS.IdentityServer.UnitTests.Validators.PasswordValidatorTests.ValidateAsync_PasswordIsMatchButTheSameAsOld_Failure" computerName="DKSR-EFI-06" duration="00:00:00.0555192" startTime="2024-01-09T15:43:24.8376825+01:00" endTime="2024-01-09T15:43:24.8376829+01:00" testType="13cdc9d9-ddb5-4fa4-a97d-d965ccfc6d4b" outcome="Passed" testListId="8c84fa94-04c1-424b-9868-57a2d4851a1d" relativeResultsDirectory="4d7ff8c5-2196-47b8-a61d-402dfd5c9eae" />
    <UnitTestResult executionId="0dec9a28-b859-4a59-a4ab-8bbcf318b499" testId="a299b8f6-2b36-89aa-132a-c0c17bb7acb2" testName="VideoOS.IdentityServer.UnitTests.Filters.ValidateModelFilterAttributeTest.OnActionExecuting_ModelstateIsValid_ContextResultIsNotSet" computerName="DKSR-EFI-06" duration="00:00:00.0008241" startTime="2024-01-09T15:43:26.1988739+01:00" endTime="2024-01-09T15:43:26.1988741+01:00" testType="13cdc9d9-ddb5-4fa4-a97d-d965ccfc6d4b" outcome="Passed" testListId="8c84fa94-04c1-424b-9868-57a2d4851a1d" relativeResultsDirectory="0dec9a28-b859-4a59-a4ab-8bbcf318b499" />
    <UnitTestResult executionId="62395f05-a144-4f1d-95a8-094d352fb8ba" testId="ec079d06-2a8d-026f-a72e-697634a6ae4e" testName="VideoOS.IdentityServer.UnitTests.Controllers.ScopesControllerTests.GetScopes_ScopesFromParameter_ReturnsOkResultWithScopes(scopes: [])" computerName="DKSR-EFI-06" duration="00:00:00.0022587" startTime="2024-01-09T15:43:25.6873251+01:00" endTime="2024-01-09T15:43:25.6873252+01:00" testType="13cdc9d9-ddb5-4fa4-a97d-d965ccfc6d4b" outcome="Passed" testListId="8c84fa94-04c1-424b-9868-57a2d4851a1d" relativeResultsDirectory="62395f05-a144-4f1d-95a8-094d352fb8ba" />
    <UnitTestResult executionId="60884511-e080-4294-b8ce-c4f1d6409dfd" testId="ec443f4e-ff99-0070-b1f5-921b6a5a9db1" testName="VideoOS.IdentityServer.UnitTests.Controllers.UserCollectionsControllerTests.GetUserCollection_AllUsersFound_UsersReturned" computerName="DKSR-EFI-06" duration="00:00:00.0104908" startTime="2024-01-09T15:43:25.7419895+01:00" endTime="2024-01-09T15:43:25.7419900+01:00" testType="13cdc9d9-ddb5-4fa4-a97d-d965ccfc6d4b" outcome="Passed" testListId="8c84fa94-04c1-424b-9868-57a2d4851a1d" relativeResultsDirectory="60884511-e080-4294-b8ce-c4f1d6409dfd" />
    <UnitTestResult executionId="65074492-2f5a-4759-a0e7-68f69f7b160c" testId="ebf24ca4-25fe-9d91-009b-2a977adb2d06" testName="VideoOS.IdentityServer.UnitTests.Repositories.VmsUserManagerTests.FindByLoginAsync_UserFound_User" computerName="DKSR-EFI-06" duration="00:00:00.0122376" startTime="2024-01-09T15:43:26.1385535+01:00" endTime="2024-01-09T15:43:26.1385539+01:00" testType="13cdc9d9-ddb5-4fa4-a97d-d965ccfc6d4b" outcome="Passed" testListId="8c84fa94-04c1-424b-9868-57a2d4851a1d" relativeResultsDirectory="65074492-2f5a-4759-a0e7-68f69f7b160c" />
    <UnitTestResult executionId="e4f7455a-f1e2-4369-8248-dcf4dba2028f" testId="c90c323b-6fae-869b-14eb-05786760e218" testName="VideoOS.IdentityServer.UnitTests.Helper.ExpressionBuilderTests.FromString_DifferentQueriesWithNoListOfAllowedSearchNames_ReturnsExpectedCount(query: &quot;number eq 4&quot;, expectedCount: 1)" computerName="DKSR-EFI-06" duration="00:00:00.0007858" startTime="2024-01-09T15:43:26.2166847+01:00" endTime="2024-01-09T15:43:26.2166848+01:00" testType="13cdc9d9-ddb5-4fa4-a97d-d965ccfc6d4b" outcome="Passed" testListId="8c84fa94-04c1-424b-9868-57a2d4851a1d" relativeResultsDirectory="e4f7455a-f1e2-4369-8248-dcf4dba2028f" />
    <UnitTestResult executionId="15725d71-f062-4132-97c9-99ff020919e6" testId="099c2cc4-9649-b53a-17b6-e9c80e929555" testName="VideoOS.IdentityServer.UnitTests.Model.ErrorResponseTests.SetErrors_SetWithNotAllowedError_ErrorsContainNoElements(blackListedError: ApiError { Code = &quot;PasswordMismatch&quot;, Description = &quot;Incorrect password.&quot; })" computerName="DKSR-EFI-06" duration="00:00:00.0002651" startTime="2024-01-09T15:43:26.1965962+01:00" endTime="2024-01-09T15:43:26.1965963+01:00" testType="13cdc9d9-ddb5-4fa4-a97d-d965ccfc6d4b" outcome="Passed" testListId="8c84fa94-04c1-424b-9868-57a2d4851a1d" relativeResultsDirectory="15725d71-f062-4132-97c9-99ff020919e6" />
    <UnitTestResult executionId="0e3f0a99-0b0c-41b4-bff2-e901799e8c5d" testId="0183fccb-d77a-a03a-5714-d0062038a2df" testName="VideoOS.IdentityServer.UnitTests.Controllers.UsersControllerTests.Patch_PasswordUpdatesAreSentForUserWithExternalLogin_ReturnBadRequest(patchDoc: JsonPatchDocument`1 { ContractResolver = DefaultContractResolver { DefaultMembersSearchFlags = Instance | Public, DynamicCodeGeneration = False, IgnoreIsSpecifiedMembers = False, IgnoreSerializableAttribute = True, IgnoreSerializableInterface = False, ... }, Operations = [Operation`1 { ... }] })" computerName="DKSR-EFI-06" duration="00:00:00.0054549" startTime="2024-01-09T15:43:25.2764452+01:00" endTime="2024-01-09T15:43:25.2764456+01:00" testType="13cdc9d9-ddb5-4fa4-a97d-d965ccfc6d4b" outcome="Passed" testListId="8c84fa94-04c1-424b-9868-57a2d4851a1d" relativeResultsDirectory="0e3f0a99-0b0c-41b4-bff2-e901799e8c5d" />
    <UnitTestResult executionId="59afec9d-c6cd-4ac6-abce-003177d8abfc" testId="3e5751fd-bef9-cbe8-22ed-24370fbfaf62" testName="VideoOS.IdentityServer.UnitTests.Controllers.LoginProvidersControllerTests.Delete_LoginProviderDoesNotExist_Failure" computerName="DKSR-EFI-06" duration="00:00:00.0024365" startTime="2024-01-09T15:43:24.6499114+01:00" endTime="2024-01-09T15:43:24.6499116+01:00" testType="13cdc9d9-ddb5-4fa4-a97d-d965ccfc6d4b" outcome="Passed" testListId="8c84fa94-04c1-424b-9868-57a2d4851a1d" relativeResultsDirectory="59afec9d-c6cd-4ac6-abce-003177d8abfc" />
    <UnitTestResult executionId="b84ec63c-f40f-4bc9-8966-ec7bbec8145c" testId="2bce7dd0-b1a6-dec2-bec3-b5fa8c6f5870" testName="VideoOS.IdentityServer.UnitTests.Helper.ExpressionBuilderTests.FromString_DifferentQueriesWithAllowedSearchNames_ReturnsExpectedCount(query: &quot;time gt 1000-1-1&quot;, expectedCount: 3, allowedSearchNames: [&quot;Time&quot;])" computerName="DKSR-EFI-06" duration="00:00:00.0008368" startTime="2024-01-09T15:43:26.2093407+01:00" endTime="2024-01-09T15:43:26.2093409+01:00" testType="13cdc9d9-ddb5-4fa4-a97d-d965ccfc6d4b" outcome="Passed" testListId="8c84fa94-04c1-424b-9868-57a2d4851a1d" relativeResultsDirectory="b84ec63c-f40f-4bc9-8966-ec7bbec8145c" />
    <UnitTestResult executionId="cc53a4e3-7153-443c-ac5c-af95129a0129" testId="dcfd8432-adf7-5236-cec9-8539318aaff2" testName="VideoOS.IdentityServer.UnitTests.Repositories.VmsUserManagerTests.CreateUserInternalAsync_WithClaims_ClaimsAdded" computerName="DKSR-EFI-06" duration="00:00:00.0322748" startTime="2024-01-09T15:43:26.4872287+01:00" endTime="2024-01-09T15:43:26.4872290+01:00" testType="13cdc9d9-ddb5-4fa4-a97d-d965ccfc6d4b" outcome="Passed" testListId="8c84fa94-04c1-424b-9868-57a2d4851a1d" relativeResultsDirectory="cc53a4e3-7153-443c-ac5c-af95129a0129" />
    <UnitTestResult executionId="86f5e826-dd18-4def-917b-e985feb68c71" testId="244a44f0-246a-794e-7d4e-ee72bda98bd0" testName="VideoOS.IdentityServer.UnitTests.GrantValidators.TokenExchangeGrantValidatorTests.ValidateAsync_IssuerNotTrusted_InvalidRequestReturned" computerName="DKSR-EFI-06" duration="00:00:00.0035907" startTime="2024-01-09T15:43:25.9408745+01:00" endTime="2024-01-09T15:43:25.9408750+01:00" testType="13cdc9d9-ddb5-4fa4-a97d-d965ccfc6d4b" outcome="Passed" testListId="8c84fa94-04c1-424b-9868-57a2d4851a1d" relativeResultsDirectory="86f5e826-dd18-4def-917b-e985feb68c71" />
    <UnitTestResult executionId="beda4b2c-1f70-4f3e-89d2-13a9516d982b" testId="6ae30df7-1365-ca5c-775a-88da868b4325" testName="VideoOS.IdentityServer.UnitTests.Controllers.UserCollectionsControllerTests.CreateUserCollection_MultipleUsersForCreation_CollectionOfUsersCreated" computerName="DKSR-EFI-06" duration="00:00:00.0167401" startTime="2024-01-09T15:43:25.7170091+01:00" endTime="2024-01-09T15:43:25.7170096+01:00" testType="13cdc9d9-ddb5-4fa4-a97d-d965ccfc6d4b" outcome="Passed" testListId="8c84fa94-04c1-424b-9868-57a2d4851a1d" relativeResultsDirectory="beda4b2c-1f70-4f3e-89d2-13a9516d982b" />
    <UnitTestResult executionId="6ad9ae18-9072-4139-8ec4-a9212f4db2ee" testId="93219c7c-8c54-78f0-c93d-da4407676ef0" testName="VideoOS.IdentityServer.UnitTests.GrantValidators.TokenExchangeGrantValidatorTests.ValidateAsync_GetWellKnownConfigurationFails_InvalidRequestReturned" computerName="DKSR-EFI-06" duration="00:00:00.0061690" startTime="2024-01-09T15:43:25.8289297+01:00" endTime="2024-01-09T15:43:25.8289301+01:00" testType="13cdc9d9-ddb5-4fa4-a97d-d965ccfc6d4b" outcome="Passed" testListId="8c84fa94-04c1-424b-9868-57a2d4851a1d" relativeResultsDirectory="6ad9ae18-9072-4139-8ec4-a9212f4db2ee" />
    <UnitTestResult executionId="3dc5ab96-ae95-4be8-952a-fae6a9bf4dc2" testId="454ee311-5500-61f0-bfbf-eb31f090e7db" testName="VideoOS.IdentityServer.UnitTests.Pages.Account.LoginViewModelTests.ExternalProviders_TwoExternalProvider_IsNotExternalLoginOnly" computerName="DKSR-EFI-06" duration="00:00:00.0001611" startTime="2024-01-09T15:43:25.2842250+01:00" endTime="2024-01-09T15:43:25.2842251+01:00" testType="13cdc9d9-ddb5-4fa4-a97d-d965ccfc6d4b" outcome="Passed" testListId="8c84fa94-04c1-424b-9868-57a2d4851a1d" relativeResultsDirectory="3dc5ab96-ae95-4be8-952a-fae6a9bf4dc2" />
    <UnitTestResult executionId="a1b08a1d-83d2-4acf-9a80-1bb487de0bb7" testId="a915ae1e-25c2-6917-da6e-07b0380337af" testName="VideoOS.IdentityServer.UnitTests.Model.Result.ResultTests.Failure_ShouldBeErrorWithMultipleErrors_WhenMultipleErrorsProvided" computerName="DKSR-EFI-06" duration="00:00:00.0005220" startTime="2024-01-09T15:43:24.9776864+01:00" endTime="2024-01-09T15:43:24.9776866+01:00" testType="13cdc9d9-ddb5-4fa4-a97d-d965ccfc6d4b" outcome="Passed" testListId="8c84fa94-04c1-424b-9868-57a2d4851a1d" relativeResultsDirectory="a1b08a1d-83d2-4acf-9a80-1bb487de0bb7" />
    <UnitTestResult executionId="3a093356-599f-4552-844b-8d2361a70211" testId="9eba4420-fab6-f18a-0c59-5d7c61d27948" testName="VideoOS.IdentityServer.UnitTests.Filters.RedirectAntiForgeryValidationFailedResultFilterTest.OnResultExecutionAsync_ResultAntiforgeryValidationFailedResult" computerName="DKSR-EFI-06" duration="00:00:00.6284023" startTime="2024-01-09T15:43:25.2813888+01:00" endTime="2024-01-09T15:43:25.2813895+01:00" testType="13cdc9d9-ddb5-4fa4-a97d-d965ccfc6d4b" outcome="Passed" testListId="8c84fa94-04c1-424b-9868-57a2d4851a1d" relativeResultsDirectory="3a093356-599f-4552-844b-8d2361a70211" />
    <UnitTestResult executionId="554fea8f-755d-440f-9bc6-096067a8bb2f" testId="cde29e6a-85aa-838a-d88f-e083f65086be" testName="VideoOS.IdentityServer.UnitTests.Repositories.VmsUserManagerTests.FindByNameAsync_UserFound_User" computerName="DKSR-EFI-06" duration="00:00:00.0046941" startTime="2024-01-09T15:43:26.3756824+01:00" endTime="2024-01-09T15:43:26.3756830+01:00" testType="13cdc9d9-ddb5-4fa4-a97d-d965ccfc6d4b" outcome="Passed" testListId="8c84fa94-04c1-424b-9868-57a2d4851a1d" relativeResultsDirectory="554fea8f-755d-440f-9bc6-096067a8bb2f" />
    <UnitTestResult executionId="77bc64b6-8c60-4996-83da-f491484e36c7" testId="ae3f62f7-e5b3-a8a3-5e08-b3e3c5abc5d8" testName="VideoOS.IdentityServer.UnitTests.Filters.IdentityExceptionFilterAttributeTests.OnException_ExceptionIsRedirected" computerName="DKSR-EFI-06" duration="00:00:00.0005261" startTime="2024-01-09T15:43:25.6697291+01:00" endTime="2024-01-09T15:43:25.6697292+01:00" testType="13cdc9d9-ddb5-4fa4-a97d-d965ccfc6d4b" outcome="Passed" testListId="8c84fa94-04c1-424b-9868-57a2d4851a1d" relativeResultsDirectory="77bc64b6-8c60-4996-83da-f491484e36c7" />
    <UnitTestResult executionId="4de77397-5e0f-43ca-8ad3-2ab2e4002dd6" testId="92c94542-374a-ed7f-ea63-7a7f6d274b7b" testName="VideoOS.IdentityServer.UnitTests.Controllers.UsersControllerTests.Delete_DeleteFails_ReturnBadRequest" computerName="DKSR-EFI-06" duration="00:00:00.0064233" startTime="2024-01-09T15:43:25.4154427+01:00" endTime="2024-01-09T15:43:25.4154430+01:00" testType="13cdc9d9-ddb5-4fa4-a97d-d965ccfc6d4b" outcome="Passed" testListId="8c84fa94-04c1-424b-9868-57a2d4851a1d" relativeResultsDirectory="4de77397-5e0f-43ca-8ad3-2ab2e4002dd6" />
    <UnitTestResult executionId="6dcb2e57-f287-42a7-ae9c-0149a53c7978" testId="e1a480f7-1879-820c-92c7-55ac426d0357" testName="VideoOS.IdentityServer.UnitTests.Services.UserProvisionerTests.CreateOrUpdateUser_NewUserConfiguredUserNameClaimType_ClaimExistUserNameFromClaim" computerName="DKSR-EFI-06" duration="00:00:00.1011375" startTime="2024-01-09T15:43:24.7596674+01:00" endTime="2024-01-09T15:43:24.7596677+01:00" testType="13cdc9d9-ddb5-4fa4-a97d-d965ccfc6d4b" outcome="Passed" testListId="8c84fa94-04c1-424b-9868-57a2d4851a1d" relativeResultsDirectory="6dcb2e57-f287-42a7-ae9c-0149a53c7978" />
    <UnitTestResult executionId="05b110a0-ac24-46f1-93bd-6b96aac34af5" testId="e7845d4a-9c88-9f03-59fc-c92a5ceeca9a" testName="VideoOS.IdentityServer.UnitTests.Attributes.IsGuidTests.IsGuid_ValueIsNotGuid_ReturnsFalse" computerName="DKSR-EFI-06" duration="00:00:00.0008972" startTime="2024-01-09T15:43:24.3859271+01:00" endTime="2024-01-09T15:43:24.3859271+01:00" testType="13cdc9d9-ddb5-4fa4-a97d-d965ccfc6d4b" outcome="Passed" testListId="8c84fa94-04c1-424b-9868-57a2d4851a1d" relativeResultsDirectory="05b110a0-ac24-46f1-93bd-6b96aac34af5" />
    <UnitTestResult executionId="438fda5c-a03c-4651-a644-84fc5db8c543" testId="4960d619-9637-97cb-79a8-c27b6f1b58a2" testName="VideoOS.IdentityServer.UnitTests.Helper.ExpressionBuilderTests.FromString_DifferentQueriesWithAllowedSearchNames_ReturnsExpectedCount(query: &quot;name eq c&quot;, expectedCount: 1, allowedSearchNames: [&quot;Name&quot;])" computerName="DKSR-EFI-06" duration="00:00:00.0009334" startTime="2024-01-09T15:43:26.2019663+01:00" endTime="2024-01-09T15:43:26.2019665+01:00" testType="13cdc9d9-ddb5-4fa4-a97d-d965ccfc6d4b" outcome="Passed" testListId="8c84fa94-04c1-424b-9868-57a2d4851a1d" relativeResultsDirectory="438fda5c-a03c-4651-a644-84fc5db8c543" />
    <UnitTestResult executionId="ea1fafed-5adc-4411-963c-5654f0674080" testId="2c25d92f-b6d9-f67b-f9fb-1c50b91346d4" testName="VideoOS.IdentityServer.UnitTests.Services.ProfileServiceTests.GetProfileDataAsync_ProviderScopeRequestedCallerIsAccessToken_NoIdpClaims" computerName="DKSR-EFI-06" duration="00:00:00.1328554" startTime="2024-01-09T15:43:26.3327038+01:00" endTime="2024-01-09T15:43:26.3327040+01:00" testType="13cdc9d9-ddb5-4fa4-a97d-d965ccfc6d4b" outcome="Passed" testListId="8c84fa94-04c1-424b-9868-57a2d4851a1d" relativeResultsDirectory="ea1fafed-5adc-4411-963c-5654f0674080" />
    <UnitTestResult executionId="dfb47652-9bfa-49ad-9712-aba115d7769c" testId="bd4d040a-362e-315d-9db8-79afcca6e531" testName="VideoOS.IdentityServer.UnitTests.Controllers.ScopesControllerTests.GetScopes_ScopesFromParameter_ReturnsOkResultWithScopes(scopes: [&quot;a&quot;, &quot;b&quot;, &quot;c&quot;])" computerName="DKSR-EFI-06" duration="00:00:00.0001942" startTime="2024-01-09T15:43:25.6875811+01:00" endTime="2024-01-09T15:43:25.6875811+01:00" testType="13cdc9d9-ddb5-4fa4-a97d-d965ccfc6d4b" outcome="Passed" testListId="8c84fa94-04c1-424b-9868-57a2d4851a1d" relativeResultsDirectory="dfb47652-9bfa-49ad-9712-aba115d7769c" />
    <UnitTestResult executionId="68523a94-37aa-4998-bf84-dca83cd0cc25" testId="fe8caa31-dca9-eb84-ef3f-1e3d38758c51" testName="VideoOS.IdentityServer.UnitTests.Controllers.TrustedIssuersControllerTests.Delete_TrustedIssuerDoesnotExists_TrustedIssuerNotFoundError" computerName="DKSR-EFI-06" duration="00:00:00.0031644" startTime="2024-01-09T15:43:25.3188136+01:00" endTime="2024-01-09T15:43:25.3188139+01:00" testType="13cdc9d9-ddb5-4fa4-a97d-d965ccfc6d4b" outcome="Passed" testListId="8c84fa94-04c1-424b-9868-57a2d4851a1d" relativeResultsDirectory="68523a94-37aa-4998-bf84-dca83cd0cc25" />
    <UnitTestResult executionId="71b0e2d1-431e-4bdd-9ce4-974aac1f7c87" testId="23a0aadf-8602-0c4f-747c-73f2e22aefb8" testName="VideoOS.IdentityServer.UnitTests.Attributes.NonEmptyListTests.NonEmptyList_ListIsNotEmpty_ReturnTrue" computerName="DKSR-EFI-06" duration="00:00:00.0001574" startTime="2024-01-09T15:43:25.6847047+01:00" endTime="2024-01-09T15:43:25.6847050+01:00" testType="13cdc9d9-ddb5-4fa4-a97d-d965ccfc6d4b" outcome="Passed" testListId="8c84fa94-04c1-424b-9868-57a2d4851a1d" relativeResultsDirectory="71b0e2d1-431e-4bdd-9ce4-974aac1f7c87" />
    <UnitTestResult executionId="534a27de-da67-49f8-847d-93b42c6d3515" testId="2ede7152-24c8-7202-fc29-669fff21e646" testName="VideoOS.IdentityServer.UnitTests.Helper.ExpressionBuilderTests.FromString_QueryIsInvalid_ThrowsQueryFilterException(query: &quot;number eq a&quot;)" computerName="DKSR-EFI-06" duration="00:00:00.0002203" startTime="2024-01-09T15:43:26.2266760+01:00" endTime="2024-01-09T15:43:26.2266761+01:00" testType="13cdc9d9-ddb5-4fa4-a97d-d965ccfc6d4b" outcome="Passed" testListId="8c84fa94-04c1-424b-9868-57a2d4851a1d" relativeResultsDirectory="534a27de-da67-49f8-847d-93b42c6d3515" />
    <UnitTestResult executionId="ed36bbb3-a431-40ae-bd86-11e5daf6eb8e" testId="ebac9683-6a2b-566e-3770-780405485cc2" testName="VideoOS.IdentityServer.UnitTests.Controllers.ExternalProviderManagerTests.UpdateProvider_LoginProvider_Enabled_DontExist_AddsConfiguration" computerName="DKSR-EFI-06" duration="00:00:00.3500301" startTime="2024-01-09T15:43:26.3064048+01:00" endTime="2024-01-09T15:43:26.3064049+01:00" testType="13cdc9d9-ddb5-4fa4-a97d-d965ccfc6d4b" outcome="Passed" testListId="8c84fa94-04c1-424b-9868-57a2d4851a1d" relativeResultsDirectory="ed36bbb3-a431-40ae-bd86-11e5daf6eb8e" />
    <UnitTestResult executionId="d7b57484-9d4c-4d58-99f0-4251a070c626" testId="b38a5a04-b6dd-2a0a-6408-c160def365f0" testName="VideoOS.IdentityServer.UnitTests.Controllers.TrustedIssuersControllerTests.Put_IssuerAlreadyExists_DuplicateTrustedIssuersError" computerName="DKSR-EFI-06" duration="00:00:00.3664894" startTime="2024-01-09T15:43:25.2281252+01:00" endTime="2024-01-09T15:43:25.2281255+01:00" testType="13cdc9d9-ddb5-4fa4-a97d-d965ccfc6d4b" outcome="Passed" testListId="8c84fa94-04c1-424b-9868-57a2d4851a1d" relativeResultsDirectory="d7b57484-9d4c-4d58-99f0-4251a070c626" />
    <UnitTestResult executionId="173eae14-c6cc-44ad-8a30-6a46b66536a3" testId="758bca7f-8d6e-e391-8dbc-fe668434ed80" testName="VideoOS.IdentityServer.UnitTests.Repositories.EventLogRepositoryTests.DeleteLogsOlderThan_LogsOlderThanDatePassed_LogsDeleted" computerName="DKSR-EFI-06" duration="00:00:00.0275499" startTime="2024-01-09T15:43:26.3065842+01:00" endTime="2024-01-09T15:43:26.3065843+01:00" testType="13cdc9d9-ddb5-4fa4-a97d-d965ccfc6d4b" outcome="Passed" testListId="8c84fa94-04c1-424b-9868-57a2d4851a1d" relativeResultsDirectory="173eae14-c6cc-44ad-8a30-6a46b66536a3" />
    <UnitTestResult executionId="4f17ec00-926f-4d1d-8749-23fa6072b761" testId="4f5a6cc6-1969-6f9b-ec83-8d5bda87395f" testName="VideoOS.IdentityServer.UnitTests.Services.UserProvisionerTests.CreateOrUpdateUser_NewUserUserNameAlreadyCreated_VerifyUserName(exsistingUserNames: [&quot;CustomUserName&quot;, &quot;Preferred Bobby Bob&quot;, &quot;Bobby Bob&quot;, &quot;james@bond.local&quot;, &quot;CustomUserName#1&quot;], expectedUserName: &quot;CustomUserName#2&quot;)" computerName="DKSR-EFI-06" duration="00:00:00.0057434" startTime="2024-01-09T15:43:24.8691561+01:00" endTime="2024-01-09T15:43:24.8691563+01:00" testType="13cdc9d9-ddb5-4fa4-a97d-d965ccfc6d4b" outcome="Passed" testListId="8c84fa94-04c1-424b-9868-57a2d4851a1d" relativeResultsDirectory="4f17ec00-926f-4d1d-8749-23fa6072b761" />
    <UnitTestResult executionId="48eea272-df41-470e-87bc-ed5006a621d7" testId="25d2bd93-a823-6d38-10a4-14830854d44d" testName="VideoOS.IdentityServer.UnitTests.Controllers.LoginProvidersControllerTests.Get_LoginProvider_Success" computerName="DKSR-EFI-06" duration="00:00:00.0073604" startTime="2024-01-09T15:43:24.5610310+01:00" endTime="2024-01-09T15:43:24.5610312+01:00" testType="13cdc9d9-ddb5-4fa4-a97d-d965ccfc6d4b" outcome="Passed" testListId="8c84fa94-04c1-424b-9868-57a2d4851a1d" relativeResultsDirectory="48eea272-df41-470e-87bc-ed5006a621d7" />
    <UnitTestResult executionId="987937e3-10ef-41ee-b58f-c39aac5cebb8" testId="889e6f9b-0246-8302-3a49-afd2bfd230d1" testName="VideoOS.IdentityServer.UnitTests.Services.PasswordValidationTests.RegExBuild(minLength: 0, maxLength: 255, lowerCase: False, upperCase: False, digit: True, specialChar: False, uniqueCharacters: 1, testData: [[Milestonesys!1, True], [Milestonesys!, False], [Milestonesys1, True], [milestonesys!1, True], [MILESTONESYS!, False], ...])" computerName="DKSR-EFI-06" duration="00:00:00.0000997" startTime="2024-01-09T15:43:25.6844156+01:00" endTime="2024-01-09T15:43:25.6844157+01:00" testType="13cdc9d9-ddb5-4fa4-a97d-d965ccfc6d4b" outcome="Passed" testListId="8c84fa94-04c1-424b-9868-57a2d4851a1d" relativeResultsDirectory="987937e3-10ef-41ee-b58f-c39aac5cebb8" />
    <UnitTestResult executionId="502830fe-651d-4c8a-9bdb-1ccf3c1693eb" testId="37aab818-d8de-5e76-26b8-9c05be444d79" testName="VideoOS.IdentityServer.UnitTests.Pages.Account.LoginViewModelTests.ExternalProviders_LocalLogin_NotExternalLoginOnly" computerName="DKSR-EFI-06" duration="00:00:00.0001995" startTime="2024-01-09T15:43:25.2841845+01:00" endTime="2024-01-09T15:43:25.2841846+01:00" testType="13cdc9d9-ddb5-4fa4-a97d-d965ccfc6d4b" outcome="Passed" testListId="8c84fa94-04c1-424b-9868-57a2d4851a1d" relativeResultsDirectory="502830fe-651d-4c8a-9bdb-1ccf3c1693eb" />
    <UnitTestResult executionId="7e056483-97fa-4b72-8f30-d2a2def5ba44" testId="ec55700f-d34f-7d48-8c52-a5a7d96f3059" testName="VideoOS.IdentityServer.UnitTests.Controllers.UsersControllerTests.GetUsers_UserIsFoundWithProvider_ReturnOkResultWithUserDto" computerName="DKSR-EFI-06" duration="00:00:00.0162547" startTime="2024-01-09T15:43:25.4087660+01:00" endTime="2024-01-09T15:43:25.4087665+01:00" testType="13cdc9d9-ddb5-4fa4-a97d-d965ccfc6d4b" outcome="Passed" testListId="8c84fa94-04c1-424b-9868-57a2d4851a1d" relativeResultsDirectory="7e056483-97fa-4b72-8f30-d2a2def5ba44" />
    <UnitTestResult executionId="2e3591e9-fb79-4d02-97a2-6b089e7bb9cd" testId="e10bc392-ff62-30ee-5e25-68f07f7ccdfb" testName="VideoOS.IdentityServer.UnitTests.Services.ExternalTokenValidatorTests.GetSubjectTokenClaims_ValidSubjectToken_TokenValidatedAndNoErrorReturned" computerName="DKSR-EFI-06" duration="00:00:00.0008599" startTime="2024-01-09T15:43:24.9695294+01:00" endTime="2024-01-09T15:43:24.9695297+01:00" testType="13cdc9d9-ddb5-4fa4-a97d-d965ccfc6d4b" outcome="Passed" testListId="8c84fa94-04c1-424b-9868-57a2d4851a1d" relativeResultsDirectory="2e3591e9-fb79-4d02-97a2-6b089e7bb9cd" />
    <UnitTestResult executionId="f6a220ec-3c1d-48cf-a72b-ddad38d66777" testId="021b65a3-5a24-d0a2-2bab-f8b5bb6bca2d" testName="VideoOS.IdentityServer.UnitTests.Middleware.CultureMiddlewareTests.InvokeAsync_Providers_WithCulture" computerName="DKSR-EFI-06" duration="00:00:01.6420354" startTime="2024-01-09T15:43:25.8530273+01:00" endTime="2024-01-09T15:43:25.8530275+01:00" testType="13cdc9d9-ddb5-4fa4-a97d-d965ccfc6d4b" outcome="Passed" testListId="8c84fa94-04c1-424b-9868-57a2d4851a1d" relativeResultsDirectory="f6a220ec-3c1d-48cf-a72b-ddad38d66777" />
    <UnitTestResult executionId="48bd3ce0-cfbc-44df-ad17-a685f5c59657" testId="734f9566-cbc0-51b2-0263-6214f1a3d5ce" testName="VideoOS.IdentityServer.UnitTests.Attributes.DisallowCharacterAttributeTests.IsValid_ContainsDisallowedCharacters_ReturnsFalse(value: &quot;milestone\\fam&quot;)" computerName="DKSR-EFI-06" duration="00:00:00.0000046" startTime="2024-01-09T15:43:26.2286567+01:00" endTime="2024-01-09T15:43:26.2286568+01:00" testType="13cdc9d9-ddb5-4fa4-a97d-d965ccfc6d4b" outcome="Passed" testListId="8c84fa94-04c1-424b-9868-57a2d4851a1d" relativeResultsDirectory="48bd3ce0-cfbc-44df-ad17-a685f5c59657" />
    <UnitTestResult executionId="7e9791b7-9c01-4619-b052-4bf3cd354f12" testId="c5a08dea-4572-0d74-7cd4-dd8bde384377" testName="VideoOS.IdentityServer.UnitTests.Controllers.ClientsControllerTests.GetClient_ClientNotFound_ReturnNotFoundResult" computerName="DKSR-EFI-06" duration="00:00:00.0045224" startTime="2024-01-09T15:43:24.8214574+01:00" endTime="2024-01-09T15:43:24.8214577+01:00" testType="13cdc9d9-ddb5-4fa4-a97d-d965ccfc6d4b" outcome="Passed" testListId="8c84fa94-04c1-424b-9868-57a2d4851a1d" relativeResultsDirectory="7e9791b7-9c01-4619-b052-4bf3cd354f12" />
    <UnitTestResult executionId="0cbdc01f-0be5-455b-8a02-dc35f0fd45e4" testId="9b11fbbf-e6b6-bf83-4a06-e41bb2807b4e" testName="VideoOS.IdentityServer.UnitTests.Attributes.DisallowCharacterAttributeTests.IsValid_ContainsDisallowedCharacters_ReturnsFalse(value: &quot;[testuser123]&quot;)" computerName="DKSR-EFI-06" duration="00:00:00.0000048" startTime="2024-01-09T15:43:26.2286201+01:00" endTime="2024-01-09T15:43:26.2286202+01:00" testType="13cdc9d9-ddb5-4fa4-a97d-d965ccfc6d4b" outcome="Passed" testListId="8c84fa94-04c1-424b-9868-57a2d4851a1d" relativeResultsDirectory="0cbdc01f-0be5-455b-8a02-dc35f0fd45e4" />
    <UnitTestResult executionId="af649132-b53c-4491-af32-4e89c8e2bd80" testId="d35acd00-2480-6a26-845c-4b07b64b1632" testName="VideoOS.IdentityServer.UnitTests.Pages.ErrorTests.OnGetAsync_RequestIsNotOnApiPath_DisplayCorrectErrorCodeAndShowFooter(httpStatusCode: NotFound, expectedErrorCodeMessage: &quot;PageNotFound&quot;, expectedShowFooter: False)" computerName="DKSR-EFI-06" duration="00:00:00.2150192" startTime="2024-01-09T15:43:24.3738782+01:00" endTime="2024-01-09T15:43:24.3738785+01:00" testType="13cdc9d9-ddb5-4fa4-a97d-d965ccfc6d4b" outcome="Passed" testListId="8c84fa94-04c1-424b-9868-57a2d4851a1d" relativeResultsDirectory="af649132-b53c-4491-af32-4e89c8e2bd80" />
    <UnitTestResult executionId="d0c9db1c-d5eb-40e8-ac17-ae591e5ba1d0" testId="8ede8484-1e67-a40d-1a4b-5a875507f93a" testName="VideoOS.IdentityServer.UnitTests.Controllers.UsersControllerTests.Patch_PasswordIsNotGoodEnough_ReturnBadRequest" computerName="DKSR-EFI-06" duration="00:00:00.0084648" startTime="2024-01-09T15:43:25.2552296+01:00" endTime="2024-01-09T15:43:25.2552298+01:00" testType="13cdc9d9-ddb5-4fa4-a97d-d965ccfc6d4b" outcome="Passed" testListId="8c84fa94-04c1-424b-9868-57a2d4851a1d" relativeResultsDirectory="d0c9db1c-d5eb-40e8-ac17-ae591e5ba1d0" />
    <UnitTestResult executionId="9e861fd1-89c1-463e-96e6-e5f03ad4310f" testId="ca4e076f-26ca-800e-cace-65cc67d85c78" testName="VideoOS.IdentityServer.UnitTests.Controllers.TrustedIssuersControllerTests.Get_TrustedIssuerById_TrustedIssuerIsReturned" computerName="DKSR-EFI-06" duration="00:00:00.0038014" startTime="2024-01-09T15:43:25.2484247+01:00" endTime="2024-01-09T15:43:25.2484250+01:00" testType="13cdc9d9-ddb5-4fa4-a97d-d965ccfc6d4b" outcome="Passed" testListId="8c84fa94-04c1-424b-9868-57a2d4851a1d" relativeResultsDirectory="9e861fd1-89c1-463e-96e6-e5f03ad4310f" />
    <UnitTestResult executionId="4d68c3f5-e63d-4db8-b5cf-294f114f2db6" testId="d7da64a4-55b6-ed43-be57-9d181f7abde0" testName="VideoOS.IdentityServer.UnitTests.Controllers.ClientsControllerTests.GetClient_ClientIsFound_ReturnOkResultWithClientDto" computerName="DKSR-EFI-06" duration="00:00:00.0090180" startTime="2024-01-09T15:43:24.7553380+01:00" endTime="2024-01-09T15:43:24.7553382+01:00" testType="13cdc9d9-ddb5-4fa4-a97d-d965ccfc6d4b" outcome="Passed" testListId="8c84fa94-04c1-424b-9868-57a2d4851a1d" relativeResultsDirectory="4d68c3f5-e63d-4db8-b5cf-294f114f2db6" />
    <UnitTestResult executionId="71a8198c-75c0-4d59-ae2c-7f944988b209" testId="eb1887f2-99e8-2199-5e42-44d49a96c712" testName="VideoOS.IdentityServer.UnitTests.Services.UserProvisionerTests.CreateOrUpdateUser_NewUserUserNameAlreadyCreatedDifferentClaims_VerifyUserName(claims: [preferred_username: Preferred Bobby Bob, name: Bobby Bob], exsistingUserNames: [&quot;Preferred Bobby Bob&quot;], expectedUserName: &quot;Bobby Bob&quot;)" computerName="DKSR-EFI-06" duration="00:00:00.0039940" startTime="2024-01-09T15:43:24.8976423+01:00" endTime="2024-01-09T15:43:24.8976426+01:00" testType="13cdc9d9-ddb5-4fa4-a97d-d965ccfc6d4b" outcome="Passed" testListId="8c84fa94-04c1-424b-9868-57a2d4851a1d" relativeResultsDirectory="71a8198c-75c0-4d59-ae2c-7f944988b209" />
    <UnitTestResult executionId="2f3d0457-d2e7-4c7c-99b5-fece87ed6e48" testId="fd525cc0-7096-f2ae-e8d9-24ea20fe7cfe" testName="VideoOS.IdentityServer.UnitTests.Controllers.BaseControllerTests.BadRequest_InvokeParameterLess_ThrowsNotImplementedException" computerName="DKSR-EFI-06" duration="00:00:00.0013178" startTime="2024-01-09T15:43:25.8474386+01:00" endTime="2024-01-09T15:43:25.8474388+01:00" testType="13cdc9d9-ddb5-4fa4-a97d-d965ccfc6d4b" outcome="Passed" testListId="8c84fa94-04c1-424b-9868-57a2d4851a1d" relativeResultsDirectory="2f3d0457-d2e7-4c7c-99b5-fece87ed6e48" />
    <UnitTestResult executionId="9bcf65e4-94c1-427a-aecc-6e77b56ba2d6" testId="da209cf0-6094-274f-e78f-8889bf2f8ba5" testName="VideoOS.IdentityServer.UnitTests.Repositories.VmsUserManagerTests.CreateUserInternalAsync_LockoutDisabledAndUserHaveLockoutEnd_Failed" computerName="DKSR-EFI-06" duration="00:00:00.0015363" startTime="2024-01-09T15:43:26.3773011+01:00" endTime="2024-01-09T15:43:26.3773013+01:00" testType="13cdc9d9-ddb5-4fa4-a97d-d965ccfc6d4b" outcome="Passed" testListId="8c84fa94-04c1-424b-9868-57a2d4851a1d" relativeResultsDirectory="9bcf65e4-94c1-427a-aecc-6e77b56ba2d6" />
    <UnitTestResult executionId="70bc229d-b6d2-4d4f-8a3f-6580bcdbe52b" testId="889e6f9b-0246-8302-3a49-afd2bfd230d1" testName="VideoOS.IdentityServer.UnitTests.Services.PasswordValidationTests.RegExBuild(minLength: 0, maxLength: 255, lowerCase: False, upperCase: True, digit: False, specialChar: False, uniqueCharacters: 1, testData: [[Milestonesys!1, True], [Milestonesys!, True], [Milestonesys1, True], [milestonesys!1, False], [MILESTONESYS!, True], ...])" computerName="DKSR-EFI-06" duration="00:00:00.0001061" startTime="2024-01-09T15:43:25.6843880+01:00" endTime="2024-01-09T15:43:25.6843880+01:00" testType="13cdc9d9-ddb5-4fa4-a97d-d965ccfc6d4b" outcome="Passed" testListId="8c84fa94-04c1-424b-9868-57a2d4851a1d" relativeResultsDirectory="70bc229d-b6d2-4d4f-8a3f-6580bcdbe52b" />
    <UnitTestResult executionId="bc00fcb2-ff98-4dea-9383-1fd54fb4a1a3" testId="32be16a7-ee49-b10f-4c61-b754df927f5e" testName="VideoOS.IdentityServer.UnitTests.Controllers.ClientsControllerTests.RegisterClient_InvalidClientIdRequested_BusinessViolationExceptionIsThrown" computerName="DKSR-EFI-06" duration="00:00:00.0029799" startTime="2024-01-09T15:43:24.5603168+01:00" endTime="2024-01-09T15:43:24.5603170+01:00" testType="13cdc9d9-ddb5-4fa4-a97d-d965ccfc6d4b" outcome="Passed" testListId="8c84fa94-04c1-424b-9868-57a2d4851a1d" relativeResultsDirectory="bc00fcb2-ff98-4dea-9383-1fd54fb4a1a3" />
    <UnitTestResult executionId="9e419733-9459-4c39-91b2-e1f70066f2e0" testId="94b10ab9-7d67-26b0-9391-9076ee44183e" testName="VideoOS.IdentityServer.UnitTests.Helper.ExpressionBuilderTests.FromString_DifferentQueriesWithAllowedSearchNames_ReturnsExpectedCount(query: &quot;name eq null&quot;, expectedCount: 1, allowedSearchNames: [&quot;Name&quot;])" computerName="DKSR-EFI-06" duration="00:00:00.0006517" startTime="2024-01-09T15:43:26.2115538+01:00" endTime="2024-01-09T15:43:26.2115540+01:00" testType="13cdc9d9-ddb5-4fa4-a97d-d965ccfc6d4b" outcome="Passed" testListId="8c84fa94-04c1-424b-9868-57a2d4851a1d" relativeResultsDirectory="9e419733-9459-4c39-91b2-e1f70066f2e0" />
    <UnitTestResult executionId="45eaa3c1-09b9-4162-a8fb-effb1eb7f9a3" testId="483bd5d1-7e4f-66ba-7653-fe651ec19642" testName="VideoOS.IdentityServer.UnitTests.Controllers.ClientsControllerTests.RegisterClientAuthorizationCodeFlow_ClientDoesNotExists_ClientIsCreatedAndNoSecretReturned" computerName="DKSR-EFI-06" duration="00:00:00.4082766" startTime="2024-01-09T15:43:24.5572549+01:00" endTime="2024-01-09T15:43:24.5572551+01:00" testType="13cdc9d9-ddb5-4fa4-a97d-d965ccfc6d4b" outcome="Passed" testListId="8c84fa94-04c1-424b-9868-57a2d4851a1d" relativeResultsDirectory="45eaa3c1-09b9-4162-a8fb-effb1eb7f9a3" />
    <UnitTestResult executionId="d2fb9ac5-c302-41f8-a2ff-fb07e1b41922" testId="dce055c4-2491-c727-d725-c728829ca56d" testName="VideoOS.IdentityServer.UnitTests.Controllers.TrustedIssuersControllerTests.Post_IssuerExists_DuplicateTrustedIssuerError" computerName="DKSR-EFI-06" duration="00:00:00.0044009" startTime="2024-01-09T15:43:25.2444826+01:00" endTime="2024-01-09T15:43:25.2444828+01:00" testType="13cdc9d9-ddb5-4fa4-a97d-d965ccfc6d4b" outcome="Passed" testListId="8c84fa94-04c1-424b-9868-57a2d4851a1d" relativeResultsDirectory="d2fb9ac5-c302-41f8-a2ff-fb07e1b41922" />
    <UnitTestResult executionId="95b34cd1-941f-4894-94ec-9be4d6e55ec9" testId="889e6f9b-0246-8302-3a49-afd2bfd230d1" testName="VideoOS.IdentityServer.UnitTests.Services.PasswordValidationTests.RegExBuild(minLength: 0, maxLength: 255, lowerCase: False, upperCase: False, digit: False, specialChar: True, uniqueCharacters: 1, testData: [[Milestonesys!1, True], [Milestonesys!, True], [Milestonesys1, False], [milestonesys!1, True], [MILESTONESYS!, True], ...])" computerName="DKSR-EFI-06" duration="00:00:00.0000881" startTime="2024-01-09T15:43:25.6844366+01:00" endTime="2024-01-09T15:43:25.6844366+01:00" testType="13cdc9d9-ddb5-4fa4-a97d-d965ccfc6d4b" outcome="Passed" testListId="8c84fa94-04c1-424b-9868-57a2d4851a1d" relativeResultsDirectory="95b34cd1-941f-4894-94ec-9be4d6e55ec9" />
    <UnitTestResult executionId="49d1f370-a49c-4e16-bead-72cae098cd28" testId="4c4d8ff2-30d2-4a6d-00b2-cb966c21c095" testName="VideoOS.IdentityServer.UnitTests.Services.ProfileServiceTests.GetProfileDataAsync_WindowsIntegratedAuthentication_RequestedClaimsAdded" computerName="DKSR-EFI-06" duration="00:00:00.0041956" startTime="2024-01-09T15:43:26.4832163+01:00" endTime="2024-01-09T15:43:26.4832171+01:00" testType="13cdc9d9-ddb5-4fa4-a97d-d965ccfc6d4b" outcome="Passed" testListId="8c84fa94-04c1-424b-9868-57a2d4851a1d" relativeResultsDirectory="49d1f370-a49c-4e16-bead-72cae098cd28" />
    <UnitTestResult executionId="8c6604fd-62b3-4d3f-8608-73729f637346" testId="b09ec01e-490e-3eea-658f-8b98c142e321" testName="VideoOS.IdentityServer.UnitTests.Repositories.EventLogRepositoryTests.FilterLogs_Take2_2OrderedLogsOutOf4AreReturned" computerName="DKSR-EFI-06" duration="00:00:00.0055599" startTime="2024-01-09T15:43:26.3097541+01:00" endTime="2024-01-09T15:43:26.3097544+01:00" testType="13cdc9d9-ddb5-4fa4-a97d-d965ccfc6d4b" outcome="Passed" testListId="8c84fa94-04c1-424b-9868-57a2d4851a1d" relativeResultsDirectory="8c6604fd-62b3-4d3f-8608-73729f637346" />
    <UnitTestResult executionId="39a6bc61-7af0-44b6-a341-19bf21760295" testId="5a59b2f7-dfbd-5ad9-04a9-ec8735995b0c" testName="VideoOS.IdentityServer.UnitTests.Services.UserProvisionerTests.CreateOrUpdateUser_NewUserNoPreferred_Name" computerName="DKSR-EFI-06" duration="00:00:00.0228095" startTime="2024-01-09T15:43:24.7845437+01:00" endTime="2024-01-09T15:43:24.7845438+01:00" testType="13cdc9d9-ddb5-4fa4-a97d-d965ccfc6d4b" outcome="Passed" testListId="8c84fa94-04c1-424b-9868-57a2d4851a1d" relativeResultsDirectory="39a6bc61-7af0-44b6-a341-19bf21760295" />
    <UnitTestResult executionId="6ad1dea3-9c9f-49a1-8212-291c3d9f6df7" testId="70aed50b-f6e8-8391-d1ef-bd034c71575d" testName="VideoOS.IdentityServer.UnitTests.GrantValidators.TokenExchangeGrantValidatorTests.ValidateAsync_HttpContextIsNull_InvalidRequestReturned" computerName="DKSR-EFI-06" duration="00:00:00.0026741" startTime="2024-01-09T15:43:25.8426100+01:00" endTime="2024-01-09T15:43:25.8426103+01:00" testType="13cdc9d9-ddb5-4fa4-a97d-d965ccfc6d4b" outcome="Passed" testListId="8c84fa94-04c1-424b-9868-57a2d4851a1d" relativeResultsDirectory="6ad1dea3-9c9f-49a1-8212-291c3d9f6df7" />
    <UnitTestResult executionId="dcb9cb03-02de-41ef-9dda-8db4a82610b7" testId="8a8d9965-d9e6-321a-030d-efcea28da45a" testName="VideoOS.IdentityServer.UnitTests.Repositories.VmsUserManagerTests.IsUserLockedOut_LockoutEnd_Null" computerName="DKSR-EFI-06" duration="00:00:00.0003155" startTime="2024-01-09T15:43:26.1529010+01:00" endTime="2024-01-09T15:43:26.1529012+01:00" testType="13cdc9d9-ddb5-4fa4-a97d-d965ccfc6d4b" outcome="Passed" testListId="8c84fa94-04c1-424b-9868-57a2d4851a1d" relativeResultsDirectory="dcb9cb03-02de-41ef-9dda-8db4a82610b7" />
    <UnitTestResult executionId="90253ab8-037d-49b4-8574-5bb91dfcbfef" testId="a18732da-0733-f277-254f-d26d899992fb" testName="VideoOS.IdentityServer.UnitTests.Controllers.BaseControllerTests.RoleNotFound_InvokeWithString_ReturnsResultWithErrorResponse" computerName="DKSR-EFI-06" duration="00:00:00.4747196" startTime="2024-01-09T15:43:25.7591746+01:00" endTime="2024-01-09T15:43:25.7591751+01:00" testType="13cdc9d9-ddb5-4fa4-a97d-d965ccfc6d4b" outcome="Passed" testListId="8c84fa94-04c1-424b-9868-57a2d4851a1d" relativeResultsDirectory="90253ab8-037d-49b4-8574-5bb91dfcbfef" />
    <UnitTestResult executionId="628c2b53-06f9-4c73-bb3e-4d026cfb930e" testId="edfabe8d-87a1-c5f6-b625-f078fdcb2be5" testName="VideoOS.IdentityServer.UnitTests.Attributes.MaxLengthUriAttributeTests.IsValid_ForUriValueLessThanMax_ReturnsSuccess" computerName="DKSR-EFI-06" duration="00:00:00.0001818" startTime="2024-01-09T15:43:25.6691939+01:00" endTime="2024-01-09T15:43:25.6691939+01:00" testType="13cdc9d9-ddb5-4fa4-a97d-d965ccfc6d4b" outcome="Passed" testListId="8c84fa94-04c1-424b-9868-57a2d4851a1d" relativeResultsDirectory="628c2b53-06f9-4c73-bb3e-4d026cfb930e" />
    <UnitTestResult executionId="4e6e69b1-9e10-41dd-8acb-762f70eb1919" testId="efa8a8ad-4c39-271b-053b-041e97cad04b" testName="VideoOS.IdentityServer.UnitTests.Controllers.AdminIdentityControllerTests.Delete_AdminIdentityDoesNotExist_AdminIdentityNotFoundError" computerName="DKSR-EFI-06" duration="00:00:00.0199166" startTime="2024-01-09T15:43:24.5535879+01:00" endTime="2024-01-09T15:43:24.5535883+01:00" testType="13cdc9d9-ddb5-4fa4-a97d-d965ccfc6d4b" outcome="Passed" testListId="8c84fa94-04c1-424b-9868-57a2d4851a1d" relativeResultsDirectory="4e6e69b1-9e10-41dd-8acb-762f70eb1919" />
    <UnitTestResult executionId="a12c73f9-6f88-46a3-b646-c86e1eaf0a18" testId="2abf9b7c-9eea-ba2a-86cb-c537064ec32e" testName="VideoOS.IdentityServer.UnitTests.Model.Result.ResultTests.ImplicitConversion_ShouldNotBeError_WhenSuccessValueProvided" computerName="DKSR-EFI-06" duration="00:00:00.0009564" startTime="2024-01-09T15:43:24.9719729+01:00" endTime="2024-01-09T15:43:24.9719731+01:00" testType="13cdc9d9-ddb5-4fa4-a97d-d965ccfc6d4b" outcome="Passed" testListId="8c84fa94-04c1-424b-9868-57a2d4851a1d" relativeResultsDirectory="a12c73f9-6f88-46a3-b646-c86e1eaf0a18" />
    <UnitTestResult executionId="76bca1fe-c16f-46b2-b55c-5becd4cd2060" testId="51fba3e8-b429-1223-77b1-e3bb21414eed" testName="VideoOS.IdentityServer.UnitTests.Model.ErrorResponseTests.ErrorResponse_MultipleApiErrors_ErrorsContainAllErrors" computerName="DKSR-EFI-06" duration="00:00:00.0009033" startTime="2024-01-09T15:43:26.1933448+01:00" endTime="2024-01-09T15:43:26.1933451+01:00" testType="13cdc9d9-ddb5-4fa4-a97d-d965ccfc6d4b" outcome="Passed" testListId="8c84fa94-04c1-424b-9868-57a2d4851a1d" relativeResultsDirectory="76bca1fe-c16f-46b2-b55c-5becd4cd2060" />
    <UnitTestResult executionId="3828f896-2f05-49be-9931-c475c33fd95a" testId="562a5e2f-1dc4-5ed5-76f9-9fbbb991c9a3" testName="VideoOS.IdentityServer.UnitTests.Controllers.AdminIdentityControllerTests.Post_AdminIdentityDoesNotExist_AdminIdentityCreated" computerName="DKSR-EFI-06" duration="00:00:00.1573694" startTime="2024-01-09T15:43:24.5335953+01:00" endTime="2024-01-09T15:43:24.5335956+01:00" testType="13cdc9d9-ddb5-4fa4-a97d-d965ccfc6d4b" outcome="Passed" testListId="8c84fa94-04c1-424b-9868-57a2d4851a1d" relativeResultsDirectory="3828f896-2f05-49be-9931-c475c33fd95a" />
    <UnitTestResult executionId="77d433ce-556b-46cc-bd0d-6ffea17524b2" testId="c910e7ec-42ca-2065-e546-d4cce50c61f4" testName="VideoOS.IdentityServer.UnitTests.GrantValidators.WinAuthGrantValidatorTests.ValidateAsync_UserIsBuiltInAdmin_SuccessResultIsSet" computerName="DKSR-EFI-06" duration="00:00:00.0138326" startTime="2024-01-09T15:43:26.1254143+01:00" endTime="2024-01-09T15:43:26.1254145+01:00" testType="13cdc9d9-ddb5-4fa4-a97d-d965ccfc6d4b" outcome="Passed" testListId="8c84fa94-04c1-424b-9868-57a2d4851a1d" relativeResultsDirectory="77d433ce-556b-46cc-bd0d-6ffea17524b2" />
    <UnitTestResult executionId="19984019-7e9b-417f-b91e-77c73994888d" testId="494fe934-5722-db55-08f0-f3b411426110" testName="VideoOS.IdentityServer.UnitTests.Repositories.VmsUserManagerTests.GetLogins_UsingKeyOnly_LoginsReturned" computerName="DKSR-EFI-06" duration="00:00:00.0039693" startTime="2024-01-09T15:43:26.4548753+01:00" endTime="2024-01-09T15:43:26.4548756+01:00" testType="13cdc9d9-ddb5-4fa4-a97d-d965ccfc6d4b" outcome="Passed" testListId="8c84fa94-04c1-424b-9868-57a2d4851a1d" relativeResultsDirectory="19984019-7e9b-417f-b91e-77c73994888d" />
    <UnitTestResult executionId="40458e42-141b-437e-ad19-2d87296e1f32" testId="4edce983-a8ad-5e6e-4f80-9784107f39d4" testName="VideoOS.IdentityServer.UnitTests.Middleware.RequestResponseLogMiddlewareTests.InvokeAsync_Logging_RequestToBig" computerName="DKSR-EFI-06" duration="00:00:00.0029345" startTime="2024-01-09T15:43:26.1963333+01:00" endTime="2024-01-09T15:43:26.1963334+01:00" testType="13cdc9d9-ddb5-4fa4-a97d-d965ccfc6d4b" outcome="Passed" testListId="8c84fa94-04c1-424b-9868-57a2d4851a1d" relativeResultsDirectory="40458e42-141b-437e-ad19-2d87296e1f32" />
    <UnitTestResult executionId="75e6ee6a-e201-44b4-9550-7f050dbe586b" testId="e9b5c39a-de14-2511-2085-e1767b97fd6e" testName="VideoOS.IdentityServer.UnitTests.Controllers.LoginsControllerTests.DeleteLogin_LoginIsNotDeleted_BadRequestReturned" computerName="DKSR-EFI-06" duration="00:00:00.0044850" startTime="2024-01-09T15:43:25.7936532+01:00" endTime="2024-01-09T15:43:25.7936536+01:00" testType="13cdc9d9-ddb5-4fa4-a97d-d965ccfc6d4b" outcome="Passed" testListId="8c84fa94-04c1-424b-9868-57a2d4851a1d" relativeResultsDirectory="75e6ee6a-e201-44b4-9550-7f050dbe586b" />
    <UnitTestResult executionId="d4157f18-f04e-4833-ae95-658077e436c8" testId="f3406bcb-028f-939e-eacc-5f1134271147" testName="VideoOS.IdentityServer.UnitTests.Helper.ExpressionBuilderTests.FromString_DifferentQueriesWithAllowedSearchNames_ReturnsExpectedCount(query: &quot;name eq a&quot;, expectedCount: 2, allowedSearchNames: [&quot;Name&quot;])" computerName="DKSR-EFI-06" duration="00:00:00.0008475" startTime="2024-01-09T15:43:26.2131585+01:00" endTime="2024-01-09T15:43:26.2131587+01:00" testType="13cdc9d9-ddb5-4fa4-a97d-d965ccfc6d4b" outcome="Passed" testListId="8c84fa94-04c1-424b-9868-57a2d4851a1d" relativeResultsDirectory="d4157f18-f04e-4833-ae95-658077e436c8" />
    <UnitTestResult executionId="db9cbccf-acc1-4b7c-b69d-3345efe69e65" testId="d1ba2313-0906-8d41-2715-24c6e5c1c48a" testName="VideoOS.IdentityServer.UnitTests.Validators.PasswordValidatorTests.Constructor_NullIPasswordHasher_ThrowsArgumentNullException" computerName="DKSR-EFI-06" duration="00:00:00.0002702" startTime="2024-01-09T15:43:24.8422467+01:00" endTime="2024-01-09T15:43:24.8422470+01:00" testType="13cdc9d9-ddb5-4fa4-a97d-d965ccfc6d4b" outcome="Passed" testListId="8c84fa94-04c1-424b-9868-57a2d4851a1d" relativeResultsDirectory="db9cbccf-acc1-4b7c-b69d-3345efe69e65" />
    <UnitTestResult executionId="fde0b2d1-9fd2-49a3-a86c-343f12974fda" testId="dcdbc362-f707-20d9-792c-fa37630f61d4" testName="VideoOS.IdentityServer.UnitTests.Filters.CheckModelForNullAttributeTests.OnActionExecuting_ActionArgumentsHasNotNullValue_ResultIsNotSet" computerName="DKSR-EFI-06" duration="00:00:00.0021226" startTime="2024-01-09T15:43:25.8592733+01:00" endTime="2024-01-09T15:43:25.8592735+01:00" testType="13cdc9d9-ddb5-4fa4-a97d-d965ccfc6d4b" outcome="Passed" testListId="8c84fa94-04c1-424b-9868-57a2d4851a1d" relativeResultsDirectory="fde0b2d1-9fd2-49a3-a86c-343f12974fda" />
    <UnitTestResult executionId="6e611f75-e4ef-4261-a2aa-c2ac0e7aef33" testId="57018c6c-77e8-b9db-09ff-723e1a88f49b" testName="VideoOS.IdentityServer.UnitTests.Attributes.SIDAttributeTests.IsValid_IsCorrectSidFormat_ReturnsTrue(value: &quot;S-1-0-0&quot;)" computerName="DKSR-EFI-06" duration="00:00:00.0000173" startTime="2024-01-09T15:43:25.8512338+01:00" endTime="2024-01-09T15:43:25.8512338+01:00" testType="13cdc9d9-ddb5-4fa4-a97d-d965ccfc6d4b" outcome="Passed" testListId="8c84fa94-04c1-424b-9868-57a2d4851a1d" relativeResultsDirectory="6e611f75-e4ef-4261-a2aa-c2ac0e7aef33" />
    <UnitTestResult executionId="063b0a8c-c794-4212-a433-03eb4e191b83" testId="acc53fd7-cdff-7f0e-a754-d76e03bf679b" testName="VideoOS.IdentityServer.UnitTests.Pages.External.LoginTests.OnGet_ReturnUrlIsValid_Challenge" computerName="DKSR-EFI-06" duration="00:00:00.4103484" startTime="2024-01-09T15:43:24.5651570+01:00" endTime="2024-01-09T15:43:24.5651571+01:00" testType="13cdc9d9-ddb5-4fa4-a97d-d965ccfc6d4b" outcome="Passed" testListId="8c84fa94-04c1-424b-9868-57a2d4851a1d" relativeResultsDirectory="063b0a8c-c794-4212-a433-03eb4e191b83" />
    <UnitTestResult executionId="5eacfcf9-7310-4296-a227-5b3caa050271" testId="cc5bbe87-bdd6-95f4-293a-8634b9585240" testName="VideoOS.IdentityServer.UnitTests.Helper.ExpressionBuilderTests.FromString_DifferentQueriesWithNoListOfAllowedSearchNames_ReturnsExpectedCount(query: &quot;name eq c&quot;, expectedCount: 1)" computerName="DKSR-EFI-06" duration="00:00:00.0007651" startTime="2024-01-09T15:43:26.2185581+01:00" endTime="2024-01-09T15:43:26.2185583+01:00" testType="13cdc9d9-ddb5-4fa4-a97d-d965ccfc6d4b" outcome="Passed" testListId="8c84fa94-04c1-424b-9868-57a2d4851a1d" relativeResultsDirectory="5eacfcf9-7310-4296-a227-5b3caa050271" />
    <UnitTestResult executionId="433da344-e3d2-421c-bf97-ed1968c696b3" testId="920313dd-dbe4-45e4-85c7-ced5e63d5d71" testName="VideoOS.IdentityServer.UnitTests.Controllers.ClientsControllerTests.RegisterClientAuthorizationCodeFlow_ClientExists_ClientIsUpdatedWithScopesNameAndRedirectUris" computerName="DKSR-EFI-06" duration="00:00:00.0151304" startTime="2024-01-09T15:43:24.6957250+01:00" endTime="2024-01-09T15:43:24.6957254+01:00" testType="13cdc9d9-ddb5-4fa4-a97d-d965ccfc6d4b" outcome="Passed" testListId="8c84fa94-04c1-424b-9868-57a2d4851a1d" relativeResultsDirectory="433da344-e3d2-421c-bf97-ed1968c696b3" />
    <UnitTestResult executionId="eb84a7f3-e6e9-4c23-9f1e-a5f23e89d3a1" testId="2676003b-16e9-f7dd-6bd4-b590eaeb20a6" testName="VideoOS.IdentityServer.UnitTests.Attributes.HttpOrHttpsAttributeTests.IsValid_ForHttpOrHttpsUri_ReturnsSuccess(url: &quot;http://www.example.com&quot;)" computerName="DKSR-EFI-06" duration="00:00:00.0000151" startTime="2024-01-09T15:43:25.2822144+01:00" endTime="2024-01-09T15:43:25.2822144+01:00" testType="13cdc9d9-ddb5-4fa4-a97d-d965ccfc6d4b" outcome="Passed" testListId="8c84fa94-04c1-424b-9868-57a2d4851a1d" relativeResultsDirectory="eb84a7f3-e6e9-4c23-9f1e-a5f23e89d3a1" />
    <UnitTestResult executionId="edcf6c97-e62d-4b55-b7e1-3dd218e813d7" testId="3f988e2b-f56d-5783-b962-79eb401ba4b2" testName="VideoOS.IdentityServer.UnitTests.Controllers.TrustedIssuersControllerTests.Put_AddressAlreadyExists_DuplicateTrustedIssuersError" computerName="DKSR-EFI-06" duration="00:00:00.0039576" startTime="2024-01-09T15:43:25.3155627+01:00" endTime="2024-01-09T15:43:25.3155629+01:00" testType="13cdc9d9-ddb5-4fa4-a97d-d965ccfc6d4b" outcome="Passed" testListId="8c84fa94-04c1-424b-9868-57a2d4851a1d" relativeResultsDirectory="edcf6c97-e62d-4b55-b7e1-3dd218e813d7" />
    <UnitTestResult executionId="ea2700d1-a57c-4880-b859-78f42962adbd" testId="d58e1e3b-9c5e-8d57-a411-37f659ceb48c" testName="VideoOS.IdentityServer.UnitTests.Controllers.ClientsControllerTests.RegisterClientClientCredentialsFlow_ClientDoesNotExists_ClientIsCreatedAndSecretReturned" computerName="DKSR-EFI-06" duration="00:00:00.0265504" startTime="2024-01-09T15:43:24.8484750+01:00" endTime="2024-01-09T15:43:24.8484750+01:00" testType="13cdc9d9-ddb5-4fa4-a97d-d965ccfc6d4b" outcome="Passed" testListId="8c84fa94-04c1-424b-9868-57a2d4851a1d" relativeResultsDirectory="ea2700d1-a57c-4880-b859-78f42962adbd" />
    <UnitTestResult executionId="fcffede6-c583-462a-b460-be8cd5cfa5fd" testId="4f5a6cc6-1969-6f9b-ec83-8d5bda87395f" testName="VideoOS.IdentityServer.UnitTests.Services.UserProvisionerTests.CreateOrUpdateUser_NewUserUserNameAlreadyCreated_VerifyUserName(exsistingUserNames: [&quot;CustomUserName&quot;, &quot;Preferred Bobby Bob&quot;], expectedUserName: &quot;Bobby Bob&quot;)" computerName="DKSR-EFI-06" duration="00:00:00.0048098" startTime="2024-01-09T15:43:24.8528543+01:00" endTime="2024-01-09T15:43:24.8528545+01:00" testType="13cdc9d9-ddb5-4fa4-a97d-d965ccfc6d4b" outcome="Passed" testListId="8c84fa94-04c1-424b-9868-57a2d4851a1d" relativeResultsDirectory="fcffede6-c583-462a-b460-be8cd5cfa5fd" />
    <UnitTestResult executionId="26473834-8e0c-4a34-bd95-840a8b47f882" testId="9dd8b317-666b-324d-19e4-ee5c6bd1749b" testName="VideoOS.IdentityServer.UnitTests.GrantValidators.TokenExchangeGrantValidatorTests.ValidateAsync_IssuerNotEnabled_InvalidRequestReturned" computerName="DKSR-EFI-06" duration="00:00:00.0080475" startTime="2024-01-09T15:43:25.8507033+01:00" endTime="2024-01-09T15:43:25.8507033+01:00" testType="13cdc9d9-ddb5-4fa4-a97d-d965ccfc6d4b" outcome="Passed" testListId="8c84fa94-04c1-424b-9868-57a2d4851a1d" relativeResultsDirectory="26473834-8e0c-4a34-bd95-840a8b47f882" />
    <UnitTestResult executionId="76e0057c-ce60-4025-b7c5-f8d51ddb3411" testId="05d3f044-5331-7ce3-623e-9916ab55f9e4" testName="VideoOS.IdentityServer.UnitTests.Repositories.VmsUserManagerTests.CreateUserInternalAsync_CreateError_Failed" computerName="DKSR-EFI-06" duration="00:00:00.0091945" startTime="2024-01-09T15:43:26.2500814+01:00" endTime="2024-01-09T15:43:26.2500818+01:00" testType="13cdc9d9-ddb5-4fa4-a97d-d965ccfc6d4b" outcome="Passed" testListId="8c84fa94-04c1-424b-9868-57a2d4851a1d" relativeResultsDirectory="76e0057c-ce60-4025-b7c5-f8d51ddb3411" />
    <UnitTestResult executionId="c504ec10-8634-4fe7-b7b0-fd6434b4f0e3" testId="207a906e-a774-4b05-3722-9a9c77877e13" testName="VideoOS.IdentityServer.UnitTests.Pages.ErrorTests.OnGetAsync_RequestIsNotOnApiPath_DisplayCorrectErrorCodeAndShowFooter(httpStatusCode: Forbidden, expectedErrorCodeMessage: &quot;PageForbidden&quot;, expectedShowFooter: False)" computerName="DKSR-EFI-06" duration="00:00:00.0000616" startTime="2024-01-09T15:43:24.3858720+01:00" endTime="2024-01-09T15:43:24.3858721+01:00" testType="13cdc9d9-ddb5-4fa4-a97d-d965ccfc6d4b" outcome="Passed" testListId="8c84fa94-04c1-424b-9868-57a2d4851a1d" relativeResultsDirectory="c504ec10-8634-4fe7-b7b0-fd6434b4f0e3" />
    <UnitTestResult executionId="55b63773-7564-401f-8798-9cf13b1d9d14" testId="6f78a48d-2ed9-1510-c50f-6e3222827d4c" testName="VideoOS.IdentityServer.UnitTests.GrantValidators.ResourceOwnerPasswordValidatorTests.ValidateAsync_WrongPassword_InvalidCredentials" computerName="DKSR-EFI-06" duration="00:00:00.0047849" startTime="2024-01-09T15:43:26.2741322+01:00" endTime="2024-01-09T15:43:26.2741323+01:00" testType="13cdc9d9-ddb5-4fa4-a97d-d965ccfc6d4b" outcome="Passed" testListId="8c84fa94-04c1-424b-9868-57a2d4851a1d" relativeResultsDirectory="55b63773-7564-401f-8798-9cf13b1d9d14" />
    <UnitTestResult executionId="0e3fc705-76fc-4ca4-a527-b893c934aa93" testId="971a56ac-d06c-4071-e005-797f93846783" testName="VideoOS.IdentityServer.UnitTests.Pages.LoginTests.OnPostAsync_UserLockedOut_EventLogCreated" computerName="DKSR-EFI-06" duration="00:00:00.0053098" startTime="2024-01-09T15:43:26.3331037+01:00" endTime="2024-01-09T15:43:26.3331038+01:00" testType="13cdc9d9-ddb5-4fa4-a97d-d965ccfc6d4b" outcome="Passed" testListId="8c84fa94-04c1-424b-9868-57a2d4851a1d" relativeResultsDirectory="0e3fc705-76fc-4ca4-a527-b893c934aa93" />
    <UnitTestResult executionId="b1f23a07-f55c-4de4-8d4d-fe216f0389a9" testId="ed61d1f5-ecc7-8188-17ce-af4246429e4f" testName="VideoOS.IdentityServer.UnitTests.Attributes.HttpOrHttpsAttributeTests.IsValid_ForNonHttpOrHttpsUri_ReturnsError(url: &quot;ftp://www.example.com&quot;)" computerName="DKSR-EFI-06" duration="00:00:00.0001716" startTime="2024-01-09T15:43:25.2824295+01:00" endTime="2024-01-09T15:43:25.2824296+01:00" testType="13cdc9d9-ddb5-4fa4-a97d-d965ccfc6d4b" outcome="Passed" testListId="8c84fa94-04c1-424b-9868-57a2d4851a1d" relativeResultsDirectory="b1f23a07-f55c-4de4-8d4d-fe216f0389a9" />
    <UnitTestResult executionId="a870550e-89ac-4d9f-b82d-363c721c60df" testId="4914b9f0-e8f8-58ce-422e-a75ec7ab88aa" testName="VideoOS.IdentityServer.UnitTests.Helper.ExpressionBuilderTests.FromString_DifferentQueriesWithAllowedSearchNames_ReturnsExpectedCount(query: &quot;  number  eq  4  &quot;, expectedCount: 1, allowedSearchNames: [&quot;Number&quot;])" computerName="DKSR-EFI-06" duration="00:00:00.0028578" startTime="2024-01-09T15:43:26.2009715+01:00" endTime="2024-01-09T15:43:26.2009717+01:00" testType="13cdc9d9-ddb5-4fa4-a97d-d965ccfc6d4b" outcome="Passed" testListId="8c84fa94-04c1-424b-9868-57a2d4851a1d" relativeResultsDirectory="a870550e-89ac-4d9f-b82d-363c721c60df" />
    <UnitTestResult executionId="023c5d44-6113-4be3-a7fb-c7ff405fb033" testId="94fdd69e-99e9-224e-c61d-362311610dbb" testName="VideoOS.IdentityServer.UnitTests.Attributes.HttpOrHttpsAttributeTests.IsValid_ForInvalidUriFormat_ReturnsError(url: &quot;12345&quot;)" computerName="DKSR-EFI-06" duration="00:00:00.0001280" startTime="2024-01-09T15:43:25.2826399+01:00" endTime="2024-01-09T15:43:25.2826399+01:00" testType="13cdc9d9-ddb5-4fa4-a97d-d965ccfc6d4b" outcome="Passed" testListId="8c84fa94-04c1-424b-9868-57a2d4851a1d" relativeResultsDirectory="023c5d44-6113-4be3-a7fb-c7ff405fb033" />
    <UnitTestResult executionId="64c95962-0a46-489d-be54-19f6f09009d7" testId="06cbdd2b-1fec-3c68-def1-b3f41187d09c" testName="VideoOS.IdentityServer.UnitTests.GrantValidators.ResourceOwnerPasswordValidatorTests.ValidateAsync_UserDoesNotExists_InvalidCredentials" computerName="DKSR-EFI-06" duration="00:00:00.3411311" startTime="2024-01-09T15:43:26.2686959+01:00" endTime="2024-01-09T15:43:26.2686961+01:00" testType="13cdc9d9-ddb5-4fa4-a97d-d965ccfc6d4b" outcome="Passed" testListId="8c84fa94-04c1-424b-9868-57a2d4851a1d" relativeResultsDirectory="64c95962-0a46-489d-be54-19f6f09009d7" />
    <UnitTestResult executionId="8e31991f-c7d7-46ec-abb4-db88e8fb0a2e" testId="ce371133-7439-cc22-575e-2f8e96becb2d" testName="VideoOS.IdentityServer.UnitTests.Helper.ExpressionBuilderTests.FromString_DifferentQueriesWithAllowedSearchNames_ReturnsExpectedCount(query: &quot;number eq 4&quot;, expectedCount: 1, allowedSearchNames: [&quot;Number&quot;])" computerName="DKSR-EFI-06" duration="00:00:00.0005767" startTime="2024-01-09T15:43:26.2099723+01:00" endTime="2024-01-09T15:43:26.2099725+01:00" testType="13cdc9d9-ddb5-4fa4-a97d-d965ccfc6d4b" outcome="Passed" testListId="8c84fa94-04c1-424b-9868-57a2d4851a1d" relativeResultsDirectory="8e31991f-c7d7-46ec-abb4-db88e8fb0a2e" />
    <UnitTestResult executionId="ea8e7321-a9ef-4f6e-a50f-8144e9c2719d" testId="b2cdec7c-a312-2276-76f1-238abf52a1cd" testName="VideoOS.IdentityServer.UnitTests.Pages.External.CallbackTests.OnGetAsync_SidClaimIncluded_AddedToSignIn" computerName="DKSR-EFI-06" duration="00:00:00.0095330" startTime="2024-01-09T15:43:26.1045460+01:00" endTime="2024-01-09T15:43:26.1045466+01:00" testType="13cdc9d9-ddb5-4fa4-a97d-d965ccfc6d4b" outcome="Passed" testListId="8c84fa94-04c1-424b-9868-57a2d4851a1d" relativeResultsDirectory="ea8e7321-a9ef-4f6e-a50f-8144e9c2719d" />
    <UnitTestResult executionId="9f91be64-8593-439c-833b-03c60da62e2e" testId="2191f6dd-5015-945f-601a-a7b0a8fde314" testName="VideoOS.IdentityServer.UnitTests.Controllers.ExternalProvidersControllerTests.Get_DifferentHandlersConfigured_OnlyRemoteAuthenticationHandlersReturned(schemes: [AuthenticationScheme { DisplayName = &quot;abc&quot;, HandlerType = typeof(Microsoft.AspNetCore.Authentication.Cookies.CookieAuthenticationHandler), Name = &quot;CookieAuthenticationHandler&quot; }, AuthenticationScheme { DisplayName = &quot;abc&quot;, HandlerType = typeof(Duende.IdentityServer.Hosting.LocalApiAuthentication.LocalApiAuthenticationHandler), Name = &quot;LocalApiAuthenticationHandler&quot; }], expectedProviders: 0)" computerName="DKSR-EFI-06" duration="00:00:00.0001248" startTime="2024-01-09T15:43:26.3118056+01:00" endTime="2024-01-09T15:43:26.3118057+01:00" testType="13cdc9d9-ddb5-4fa4-a97d-d965ccfc6d4b" outcome="Passed" testListId="8c84fa94-04c1-424b-9868-57a2d4851a1d" relativeResultsDirectory="9f91be64-8593-439c-833b-03c60da62e2e" />
    <UnitTestResult executionId="e1410f45-d6b1-41b2-ae0a-47ecd98d1d5b" testId="c161378b-642a-f85a-4142-ed10deeef57b" testName="VideoOS.IdentityServer.UnitTests.NLogConfiguration.NLogConfiguratorTests.AddFilter_LogRuleFound_FilterAdded" computerName="DKSR-EFI-06" duration="00:00:00.0002905" startTime="2024-01-09T15:43:26.0491628+01:00" endTime="2024-01-09T15:43:26.0491629+01:00" testType="13cdc9d9-ddb5-4fa4-a97d-d965ccfc6d4b" outcome="Passed" testListId="8c84fa94-04c1-424b-9868-57a2d4851a1d" relativeResultsDirectory="e1410f45-d6b1-41b2-ae0a-47ecd98d1d5b" />
    <UnitTestResult executionId="00a19e82-361b-46d3-9cca-afa55ddf9bc6" testId="86e63197-ee39-e9eb-fea5-38017d6dea21" testName="VideoOS.IdentityServer.UnitTests.Controllers.LoginProvidersControllerTests.Patch_LoginProvider_NotFound_Failure" computerName="DKSR-EFI-06" duration="00:00:00.0024319" startTime="2024-01-09T15:43:24.6474057+01:00" endTime="2024-01-09T15:43:24.6474059+01:00" testType="13cdc9d9-ddb5-4fa4-a97d-d965ccfc6d4b" outcome="Passed" testListId="8c84fa94-04c1-424b-9868-57a2d4851a1d" relativeResultsDirectory="00a19e82-361b-46d3-9cca-afa55ddf9bc6" />
    <UnitTestResult executionId="ec5e91ad-0568-465e-8a19-9ce6f9742b1e" testId="eb1887f2-99e8-2199-5e42-44d49a96c712" testName="VideoOS.IdentityServer.UnitTests.Services.UserProvisionerTests.CreateOrUpdateUser_NewUserUserNameAlreadyCreatedDifferentClaims_VerifyUserName(claims: [name: Bobby Bob, email: james@bond.local], exsistingUserNames: [&quot;Bobby Bob&quot;], expectedUserName: &quot;james@bond.local&quot;)" computerName="DKSR-EFI-06" duration="00:00:00.0040607" startTime="2024-01-09T15:43:24.9017458+01:00" endTime="2024-01-09T15:43:24.9017460+01:00" testType="13cdc9d9-ddb5-4fa4-a97d-d965ccfc6d4b" outcome="Passed" testListId="8c84fa94-04c1-424b-9868-57a2d4851a1d" relativeResultsDirectory="ec5e91ad-0568-465e-8a19-9ce6f9742b1e" />
    <UnitTestResult executionId="21f92c01-0a13-4576-9208-cc0bc4994864" testId="e8a747f9-6a0f-1c7f-4cda-994c6ff1eb58" testName="VideoOS.IdentityServer.UnitTests.Controllers.EventLogsControllerTests.Get_HasOneLog_ReturnsOneLog" computerName="DKSR-EFI-06" duration="00:00:00.0300698" startTime="2024-01-09T15:43:25.7723578+01:00" endTime="2024-01-09T15:43:25.7723582+01:00" testType="13cdc9d9-ddb5-4fa4-a97d-d965ccfc6d4b" outcome="Passed" testListId="8c84fa94-04c1-424b-9868-57a2d4851a1d" relativeResultsDirectory="21f92c01-0a13-4576-9208-cc0bc4994864" />
    <UnitTestResult executionId="be9d9f4d-567f-41cc-87e1-0a6a35d67e96" testId="7be300ea-073a-38be-afa7-93ec42c13925" testName="VideoOS.IdentityServer.UnitTests.Repositories.VmsUserManagerTests.CreateUserInternalAsync_PasswordProvided_Success" computerName="DKSR-EFI-06" duration="00:00:00.0277105" startTime="2024-01-09T15:43:26.3063579+01:00" endTime="2024-01-09T15:43:26.3063580+01:00" testType="13cdc9d9-ddb5-4fa4-a97d-d965ccfc6d4b" outcome="Passed" testListId="8c84fa94-04c1-424b-9868-57a2d4851a1d" relativeResultsDirectory="be9d9f4d-567f-41cc-87e1-0a6a35d67e96" />
    <UnitTestResult executionId="c787bfda-52a4-449c-882f-240c6e9da18c" testId="18d87a86-c288-0d65-b334-9ae3feb83fd4" testName="VideoOS.IdentityServer.UnitTests.NLogConfiguration.NLogConfiguratorTests.AddFilter_LogRuleNotFound_DoesNotThrow" computerName="DKSR-EFI-06" duration="00:00:00.0007413" startTime="2024-01-09T15:43:25.9139339+01:00" endTime="2024-01-09T15:43:25.9139341+01:00" testType="13cdc9d9-ddb5-4fa4-a97d-d965ccfc6d4b" outcome="Passed" testListId="8c84fa94-04c1-424b-9868-57a2d4851a1d" relativeResultsDirectory="c787bfda-52a4-449c-882f-240c6e9da18c" />
    <UnitTestResult executionId="eb7989fb-1abf-4203-907d-932eeec1883f" testId="7770c141-8c93-cfa1-e2a9-574fba3e123b" testName="VideoOS.IdentityServer.UnitTests.Services.EventLogServiceTest.Log_LogCreated_SavedToDb" computerName="DKSR-EFI-06" duration="00:00:00.0037372" startTime="2024-01-09T15:43:24.6418019+01:00" endTime="2024-01-09T15:43:24.6418021+01:00" testType="13cdc9d9-ddb5-4fa4-a97d-d965ccfc6d4b" outcome="Passed" testListId="8c84fa94-04c1-424b-9868-57a2d4851a1d" relativeResultsDirectory="eb7989fb-1abf-4203-907d-932eeec1883f" />
    <UnitTestResult executionId="725044f1-00f0-4b59-9ff2-3baac9e528a0" testId="b50992fa-5125-9c48-09b0-58c5626cfd46" testName="VideoOS.IdentityServer.UnitTests.Controllers.LoginsControllerTests.AddLogin_LoginIsCreated_CreatedRouteReturned" computerName="DKSR-EFI-06" duration="00:00:00.0885225" startTime="2024-01-09T15:43:25.7759220+01:00" endTime="2024-01-09T15:43:25.7759226+01:00" testType="13cdc9d9-ddb5-4fa4-a97d-d965ccfc6d4b" outcome="Passed" testListId="8c84fa94-04c1-424b-9868-57a2d4851a1d" relativeResultsDirectory="725044f1-00f0-4b59-9ff2-3baac9e528a0" />
    <UnitTestResult executionId="e7ac0c6d-924b-4ab3-ac8f-2ade96db021e" testId="e926b7aa-0d60-f438-49eb-df0c89b7356d" testName="VideoOS.IdentityServer.UnitTests.Controllers.UsersControllerTests.Get_UserIsNotFound_ReturnUserNotFoundResult" computerName="DKSR-EFI-06" duration="00:00:00.0044485" startTime="2024-01-09T15:43:25.3260044+01:00" endTime="2024-01-09T15:43:25.3260049+01:00" testType="13cdc9d9-ddb5-4fa4-a97d-d965ccfc6d4b" outcome="Passed" testListId="8c84fa94-04c1-424b-9868-57a2d4851a1d" relativeResultsDirectory="e7ac0c6d-924b-4ab3-ac8f-2ade96db021e" />
    <UnitTestResult executionId="a7319f14-9d73-45cc-ab2e-c0e0ca9a25f3" testId="c279d0aa-a1e8-5fbf-52c3-2919c88fb82e" testName="VideoOS.IdentityServer.UnitTests.GrantValidators.TokenExchangeGrantValidatorTests.ValidateAsync_TokenValidated_ValidResponseReturned" computerName="DKSR-EFI-06" duration="00:00:00.0074980" startTime="2024-01-09T15:43:26.3070101+01:00" endTime="2024-01-09T15:43:26.3070102+01:00" testType="13cdc9d9-ddb5-4fa4-a97d-d965ccfc6d4b" outcome="Passed" testListId="8c84fa94-04c1-424b-9868-57a2d4851a1d" relativeResultsDirectory="a7319f14-9d73-45cc-ab2e-c0e0ca9a25f3" />
    <UnitTestResult executionId="f5a231fe-7e78-412d-bd6d-c79579f0f36f" testId="14ee1d5b-5645-b066-f21e-b6c725200105" testName="VideoOS.IdentityServer.UnitTests.GrantValidators.WinAuthGrantValidatorTests.ValidateAsync_UserIsNotAdmin_FailureResultIsSet" computerName="DKSR-EFI-06" duration="00:00:00.0041260" startTime="2024-01-09T15:43:26.1589299+01:00" endTime="2024-01-09T15:43:26.1589301+01:00" testType="13cdc9d9-ddb5-4fa4-a97d-d965ccfc6d4b" outcome="Passed" testListId="8c84fa94-04c1-424b-9868-57a2d4851a1d" relativeResultsDirectory="f5a231fe-7e78-412d-bd6d-c79579f0f36f" />
    <UnitTestResult executionId="10f6411c-0855-4c45-b5e5-714ede537751" testId="35fe19db-7a3f-051f-fc38-6b2b26be791d" testName="VideoOS.IdentityServer.UnitTests.Repositories.VmsUserManagerTests.FindByFilterAsync_UsingNoFilters_AllUsers" computerName="DKSR-EFI-06" duration="00:00:00.0029095" startTime="2024-01-09T15:43:26.4508397+01:00" endTime="2024-01-09T15:43:26.4508401+01:00" testType="13cdc9d9-ddb5-4fa4-a97d-d965ccfc6d4b" outcome="Passed" testListId="8c84fa94-04c1-424b-9868-57a2d4851a1d" relativeResultsDirectory="10f6411c-0855-4c45-b5e5-714ede537751" />
    <UnitTestResult executionId="74ef8775-f7f6-4470-81f9-a0da3e8b04d4" testId="7b099417-e68b-369a-98ea-81252ffe367b" testName="VideoOS.IdentityServer.UnitTests.Model.Result.ResultTests.ImplicitConversion_ShouldBeErrorWithMultipleErrors_WhenMultipleErrorsProvided" computerName="DKSR-EFI-06" duration="00:00:00.0004185" startTime="2024-01-09T15:43:24.9786244+01:00" endTime="2024-01-09T15:43:24.9786246+01:00" testType="13cdc9d9-ddb5-4fa4-a97d-d965ccfc6d4b" outcome="Passed" testListId="8c84fa94-04c1-424b-9868-57a2d4851a1d" relativeResultsDirectory="74ef8775-f7f6-4470-81f9-a0da3e8b04d4" />
    <UnitTestResult executionId="f4c3c930-b3ad-4b8f-a516-1ef0df60d5b7" testId="62971434-d070-05e9-7e2e-67339cd457cc" testName="VideoOS.IdentityServer.UnitTests.Controllers.ClientsControllerTests.GetClients_ClientNotFound_ReturnEmptyOkResult" computerName="DKSR-EFI-06" duration="00:00:00.0354374" startTime="2024-01-09T15:43:24.7435936+01:00" endTime="2024-01-09T15:43:24.7435942+01:00" testType="13cdc9d9-ddb5-4fa4-a97d-d965ccfc6d4b" outcome="Passed" testListId="8c84fa94-04c1-424b-9868-57a2d4851a1d" relativeResultsDirectory="f4c3c930-b3ad-4b8f-a516-1ef0df60d5b7" />
    <UnitTestResult executionId="9191a7a9-9deb-4d10-ac1e-38b81d856eb0" testId="b4f75590-92df-872c-f70b-31c329cd70f3" testName="VideoOS.IdentityServer.UnitTests.Services.PasswordHasherWithLegacySupportTests.VerifyHashedPassword_MissingOneLegacyPasswordClaim_Logged(missingClaim: &quot;MigrateEncryptionMethod&quot;)" computerName="DKSR-EFI-06" duration="00:00:00.0102000" startTime="2024-01-09T15:43:26.1111396+01:00" endTime="2024-01-09T15:43:26.1111399+01:00" testType="13cdc9d9-ddb5-4fa4-a97d-d965ccfc6d4b" outcome="Passed" testListId="8c84fa94-04c1-424b-9868-57a2d4851a1d" relativeResultsDirectory="9191a7a9-9deb-4d10-ac1e-38b81d856eb0" />
    <UnitTestResult executionId="618f0b05-f070-4e51-ba0f-5dd3adc91384" testId="45929646-9446-9747-d2c1-ef5315a080a9" testName="VideoOS.IdentityServer.UnitTests.Controllers.ClientsControllerTests.GetClients_ReturnOkResultWithClientDto" computerName="DKSR-EFI-06" duration="00:00:00.1126067" startTime="2024-01-09T15:43:24.6771846+01:00" endTime="2024-01-09T15:43:24.6771847+01:00" testType="13cdc9d9-ddb5-4fa4-a97d-d965ccfc6d4b" outcome="Passed" testListId="8c84fa94-04c1-424b-9868-57a2d4851a1d" relativeResultsDirectory="618f0b05-f070-4e51-ba0f-5dd3adc91384" />
    <UnitTestResult executionId="22691715-3a2a-4016-8005-bea7e113f456" testId="56a56574-d434-69ef-6d61-031b81bda2e8" testName="VideoOS.IdentityServer.UnitTests.Controllers.LoginsControllerTests.AddLogin_UserNotFound_NotFoundResponse" computerName="DKSR-EFI-06" duration="00:00:00.0085332" startTime="2024-01-09T15:43:25.6697915+01:00" endTime="2024-01-09T15:43:25.6697915+01:00" testType="13cdc9d9-ddb5-4fa4-a97d-d965ccfc6d4b" outcome="Passed" testListId="8c84fa94-04c1-424b-9868-57a2d4851a1d" relativeResultsDirectory="22691715-3a2a-4016-8005-bea7e113f456" />
    <UnitTestResult executionId="e5b8db15-8526-4ced-a289-ba37c2fcada2" testId="5e7f1967-19b9-699d-65df-1c953ee285e7" testName="VideoOS.IdentityServer.UnitTests.Attributes.MaxLengthUriAttributeTests.IsValid_ForUriValueGreaterThanMax_ReturnsError" computerName="DKSR-EFI-06" duration="00:00:00.0001681" startTime="2024-01-09T15:43:25.6692275+01:00" endTime="2024-01-09T15:43:25.6692276+01:00" testType="13cdc9d9-ddb5-4fa4-a97d-d965ccfc6d4b" outcome="Passed" testListId="8c84fa94-04c1-424b-9868-57a2d4851a1d" relativeResultsDirectory="e5b8db15-8526-4ced-a289-ba37c2fcada2" />
    <UnitTestResult executionId="28d99d52-9e91-43a6-a04f-9ec3043d89f7" testId="7b78af51-a07c-4233-2f94-eac0ee2c6a72" testName="VideoOS.IdentityServer.UnitTests.GrantValidators.TokenExchangeGrantValidatorTests.ValidateAsync_TokenNotValidated_InvalidRequestReturned" computerName="DKSR-EFI-06" duration="00:00:00.0038490" startTime="2024-01-09T15:43:25.8398455+01:00" endTime="2024-01-09T15:43:25.8398459+01:00" testType="13cdc9d9-ddb5-4fa4-a97d-d965ccfc6d4b" outcome="Passed" testListId="8c84fa94-04c1-424b-9868-57a2d4851a1d" relativeResultsDirectory="28d99d52-9e91-43a6-a04f-9ec3043d89f7" />
    <UnitTestResult executionId="ae74d175-3b31-4a61-9f6e-df6513ec81b0" testId="889e6f9b-0246-8302-3a49-afd2bfd230d1" testName="VideoOS.IdentityServer.UnitTests.Services.PasswordValidationTests.RegExBuild(minLength: 8, maxLength: 15, lowerCase: True, upperCase: True, digit: True, specialChar: True, uniqueCharacters: 5, testData: [[Milestonesys!1, True], [Milestonesys!12345, False], [Milestonesys!, False], [Milestonesys1, False], [milestonesys!1, False], ...])" computerName="DKSR-EFI-06" duration="00:00:00.3620747" startTime="2024-01-09T15:43:25.6827760+01:00" endTime="2024-01-09T15:43:25.6827764+01:00" testType="13cdc9d9-ddb5-4fa4-a97d-d965ccfc6d4b" outcome="Passed" testListId="8c84fa94-04c1-424b-9868-57a2d4851a1d" relativeResultsDirectory="ae74d175-3b31-4a61-9f6e-df6513ec81b0" />
    <UnitTestResult executionId="e2f76ae5-62d4-4384-8702-38c20e40ef17" testId="c3846fc0-2007-2b3f-c098-4deb9354cadc" testName="VideoOS.IdentityServer.UnitTests.Attributes.SIDAttributeTests.IsValid_IsCorrectSidFormat_ReturnsTrue(value: &quot;s-1-1-0&quot;)" computerName="DKSR-EFI-06" duration="00:00:00.0002329" startTime="2024-01-09T15:43:25.8506800+01:00" endTime="2024-01-09T15:43:25.8506802+01:00" testType="13cdc9d9-ddb5-4fa4-a97d-d965ccfc6d4b" outcome="Passed" testListId="8c84fa94-04c1-424b-9868-57a2d4851a1d" relativeResultsDirectory="e2f76ae5-62d4-4384-8702-38c20e40ef17" />
    <UnitTestResult executionId="e3c385a3-111d-43a0-97eb-371b300b310b" testId="8a308586-3301-ed69-850b-aa82f3858b75" testName="VideoOS.IdentityServer.UnitTests.Middleware.ApiDisableStatusCodeFeatureMiddlewareTests.InvokeAsync_RequestApi_StatusCodePagesFeatureEnabled" computerName="DKSR-EFI-06" duration="00:00:00.5402997" startTime="2024-01-09T15:43:25.2795262+01:00" endTime="2024-01-09T15:43:25.2795265+01:00" testType="13cdc9d9-ddb5-4fa4-a97d-d965ccfc6d4b" outcome="Passed" testListId="8c84fa94-04c1-424b-9868-57a2d4851a1d" relativeResultsDirectory="e3c385a3-111d-43a0-97eb-371b300b310b" />
    <UnitTestResult executionId="6d12fc39-d476-4f7e-b37d-c3553fea4ef1" testId="45129488-13fb-76bf-a100-0cf810f72436" testName="VideoOS.IdentityServer.UnitTests.Extensions.ClaimActionCollectionExtensionTests.MapAllExcept_CollectionWithExistingAction_RemovesExistingActionAndAdds_MapAllClaimsActionAndEnumerateArray_DeleteClaimAction" computerName="DKSR-EFI-06" duration="00:00:00.0014534" startTime="2024-01-09T15:43:24.8452773+01:00" endTime="2024-01-09T15:43:24.8452776+01:00" testType="13cdc9d9-ddb5-4fa4-a97d-d965ccfc6d4b" outcome="Passed" testListId="8c84fa94-04c1-424b-9868-57a2d4851a1d" relativeResultsDirectory="6d12fc39-d476-4f7e-b37d-c3553fea4ef1" />
    <UnitTestResult executionId="0dcb3338-6c4b-47a1-83c9-b9bd85d997b9" testId="a864dae9-9a72-ae9f-08f5-8d9ce3da9877" testName="VideoOS.IdentityServer.UnitTests.Services.ExternalTokenValidatorTests.GetSubjectTokenClaims_SubjectTokenMissingIssuerClaim_TokenNotValidatedAndErrorLogged" computerName="DKSR-EFI-06" duration="00:00:00.1230641" startTime="2024-01-09T15:43:24.9685761+01:00" endTime="2024-01-09T15:43:24.9685768+01:00" testType="13cdc9d9-ddb5-4fa4-a97d-d965ccfc6d4b" outcome="Passed" testListId="8c84fa94-04c1-424b-9868-57a2d4851a1d" relativeResultsDirectory="0dcb3338-6c4b-47a1-83c9-b9bd85d997b9" />
    <UnitTestResult executionId="f802fda9-505d-4a57-b9ce-dea0c065d34b" testId="a9ca7c6c-7750-96d8-7871-98f181c65f98" testName="VideoOS.IdentityServer.UnitTests.Services.ProfileServiceTests.GetProfileDataAsync_VmsUserWithIdpClaimFromMultipleProviders_ClaimsOnlyFromRequestedIdp" computerName="DKSR-EFI-06" duration="00:00:00.0069707" startTime="2024-01-09T15:43:26.3397549+01:00" endTime="2024-01-09T15:43:26.3397550+01:00" testType="13cdc9d9-ddb5-4fa4-a97d-d965ccfc6d4b" outcome="Passed" testListId="8c84fa94-04c1-424b-9868-57a2d4851a1d" relativeResultsDirectory="f802fda9-505d-4a57-b9ce-dea0c065d34b" />
    <UnitTestResult executionId="fe31e116-5fb1-4c8b-880e-55b1327689c5" testId="889e6f9b-0246-8302-3a49-afd2bfd230d1" testName="VideoOS.IdentityServer.UnitTests.Services.PasswordValidationTests.RegExBuild(minLength: 0, maxLength: 255, lowerCase: False, upperCase: False, digit: False, specialChar: False, uniqueCharacters: 6, testData: [[mmmmmmm, False], [mmmmnnn, False], [mmnnoo, False], [mmnnoopp, False], [mmnnooppqq, False], ...])" computerName="DKSR-EFI-06" duration="00:00:00.0001976" startTime="2024-01-09T15:43:25.6844573+01:00" endTime="2024-01-09T15:43:25.6844574+01:00" testType="13cdc9d9-ddb5-4fa4-a97d-d965ccfc6d4b" outcome="Passed" testListId="8c84fa94-04c1-424b-9868-57a2d4851a1d" relativeResultsDirectory="fe31e116-5fb1-4c8b-880e-55b1327689c5" />
    <UnitTestResult executionId="7556d897-5328-4481-aedd-47eeb2b8c4fd" testId="1be1a000-d2fa-6c0f-c045-ff2861f84d37" testName="VideoOS.IdentityServer.UnitTests.Helper.RsaKeyGeneratorTests.GenerateRsaSecurityKey_InvalidKeySize_ThrowsArgumentOutOfRangeException(keySize: -2147483648)" computerName="DKSR-EFI-06" duration="00:00:00.0010330" startTime="2024-01-09T15:43:24.5649676+01:00" endTime="2024-01-09T15:43:24.5649678+01:00" testType="13cdc9d9-ddb5-4fa4-a97d-d965ccfc6d4b" outcome="Passed" testListId="8c84fa94-04c1-424b-9868-57a2d4851a1d" relativeResultsDirectory="7556d897-5328-4481-aedd-47eeb2b8c4fd" />
    <UnitTestResult executionId="66fdb149-e1ff-4dbe-8d1d-fe575037986d" testId="69f352d7-7fe9-aeb4-1818-5444cf458f62" testName="VideoOS.IdentityServer.UnitTests.Services.ProfileServiceTests.GetProfileDataAsync_VmsUserWithIdpClaim_RequestedAndRequiredClaimFromIdp" computerName="DKSR-EFI-06" duration="00:00:00.0898915" startTime="2024-01-09T15:43:26.4515283+01:00" endTime="2024-01-09T15:43:26.4515285+01:00" testType="13cdc9d9-ddb5-4fa4-a97d-d965ccfc6d4b" outcome="Passed" testListId="8c84fa94-04c1-424b-9868-57a2d4851a1d" relativeResultsDirectory="66fdb149-e1ff-4dbe-8d1d-fe575037986d" />
    <UnitTestResult executionId="a9150d5f-2527-4c9d-bbd8-b8ef00b87840" testId="b122f024-4d62-5fa9-117a-e786ca27ba96" testName="VideoOS.IdentityServer.UnitTests.Helper.RsaKeyGeneratorTests.GenerateRsaSecurityKey_InvalidKeySize_ThrowsArgumentOutOfRangeException(keySize: 0)" computerName="DKSR-EFI-06" duration="00:00:00.0000363" startTime="2024-01-09T15:43:24.5650352+01:00" endTime="2024-01-09T15:43:24.5650353+01:00" testType="13cdc9d9-ddb5-4fa4-a97d-d965ccfc6d4b" outcome="Passed" testListId="8c84fa94-04c1-424b-9868-57a2d4851a1d" relativeResultsDirectory="a9150d5f-2527-4c9d-bbd8-b8ef00b87840" />
    <UnitTestResult executionId="1832cace-0594-4a7d-af41-b0fb4939dea3" testId="6efb504e-4ae8-2274-7967-1c3a08e9f2db" testName="VideoOS.IdentityServer.UnitTests.GrantValidators.WinAuthGrantValidatorTests.ValidateAsync_UserIsAdminIdentity_SuccessResultIsSet" computerName="DKSR-EFI-06" duration="00:00:00.0034366" startTime="2024-01-09T15:43:26.1624168+01:00" endTime="2024-01-09T15:43:26.1624169+01:00" testType="13cdc9d9-ddb5-4fa4-a97d-d965ccfc6d4b" outcome="Passed" testListId="8c84fa94-04c1-424b-9868-57a2d4851a1d" relativeResultsDirectory="1832cace-0594-4a7d-af41-b0fb4939dea3" />
    <UnitTestResult executionId="9e6caeb8-5090-4dac-a5f1-98a674aa988d" testId="304d6567-2592-ea3e-227f-6d5fbe6f4a9a" testName="VideoOS.IdentityServer.UnitTests.Controllers.ExternalProviderManagerTests.UpdateProvider_LoginProvider_Enabled_AlreadyExists_RemovesAndAddsConfiguration" computerName="DKSR-EFI-06" duration="00:00:00.0186122" startTime="2024-01-09T15:43:26.3238463+01:00" endTime="2024-01-09T15:43:26.3238465+01:00" testType="13cdc9d9-ddb5-4fa4-a97d-d965ccfc6d4b" outcome="Passed" testListId="8c84fa94-04c1-424b-9868-57a2d4851a1d" relativeResultsDirectory="9e6caeb8-5090-4dac-a5f1-98a674aa988d" />
    <UnitTestResult executionId="cd8c0286-b434-4a4c-8b98-273bd866c82d" testId="509721b0-7be3-708d-26fd-3599c008d1d3" testName="VideoOS.IdentityServer.UnitTests.Middleware.ApiDisableStatusCodeFeatureMiddlewareTests.InvokeAsync_RequestApi_StatusCodePagesFeatureNull" computerName="DKSR-EFI-06" duration="00:00:00.0601069" startTime="2024-01-09T15:43:24.7373771+01:00" endTime="2024-01-09T15:43:24.7373775+01:00" testType="13cdc9d9-ddb5-4fa4-a97d-d965ccfc6d4b" outcome="Passed" testListId="8c84fa94-04c1-424b-9868-57a2d4851a1d" relativeResultsDirectory="cd8c0286-b434-4a4c-8b98-273bd866c82d" />
    <UnitTestResult executionId="157a16f5-ae6d-4be0-9410-588745371928" testId="82a9957a-9f0d-e17c-0934-62601657a2fc" testName="VideoOS.IdentityServer.UnitTests.Filters.CheckModelForNullAttributeTests.OnActionExecuting_ActionArgumentsHasNullValue_BadRequestResultIsSet" computerName="DKSR-EFI-06" duration="00:00:00.0004738" startTime="2024-01-09T15:43:25.8601468+01:00" endTime="2024-01-09T15:43:25.8601470+01:00" testType="13cdc9d9-ddb5-4fa4-a97d-d965ccfc6d4b" outcome="Passed" testListId="8c84fa94-04c1-424b-9868-57a2d4851a1d" relativeResultsDirectory="157a16f5-ae6d-4be0-9410-588745371928" />
    <UnitTestResult executionId="de542832-c561-4e2a-b0ec-fe3f959b294a" testId="50caac75-59c5-2982-763d-8bf5dea4f197" testName="VideoOS.IdentityServer.UnitTests.Repositories.VmsUserManagerTests.FindByFilterAsync_ArgumentNull" computerName="DKSR-EFI-06" duration="00:00:00.0011275" startTime="2024-01-09T15:43:26.3341901+01:00" endTime="2024-01-09T15:43:26.3341903+01:00" testType="13cdc9d9-ddb5-4fa4-a97d-d965ccfc6d4b" outcome="Passed" testListId="8c84fa94-04c1-424b-9868-57a2d4851a1d" relativeResultsDirectory="de542832-c561-4e2a-b0ec-fe3f959b294a" />
    <UnitTestResult executionId="6cb46e20-6004-4f91-a02f-1725f99594ee" testId="889e6f9b-0246-8302-3a49-afd2bfd230d1" testName="VideoOS.IdentityServer.UnitTests.Services.PasswordValidationTests.RegExBuild(minLength: 0, maxLength: 255, lowerCase: False, upperCase: False, digit: False, specialChar: False, uniqueCharacters: 3, testData: [[abc, True], [abca, True], [abcb, True], [abbcbbbaac, True], [aba, False], ...])" computerName="DKSR-EFI-06" duration="00:00:00.0000833" startTime="2024-01-09T15:43:25.6844987+01:00" endTime="2024-01-09T15:43:25.6844987+01:00" testType="13cdc9d9-ddb5-4fa4-a97d-d965ccfc6d4b" outcome="Passed" testListId="8c84fa94-04c1-424b-9868-57a2d4851a1d" relativeResultsDirectory="6cb46e20-6004-4f91-a02f-1725f99594ee" />
    <UnitTestResult executionId="024b632e-54ea-45e2-bc91-8a5a26515433" testId="93cfa45e-50b0-604c-c09c-2e5001172962" testName="VideoOS.IdentityServer.UnitTests.Repositories.VmsUserManagerTests.HasClaimChanged_InputOfUserAndExternalClaims_ExpectedOutcome(userClaims: [VmsUserClaim { ClaimType = &quot;name&quot;, ClaimValue = &quot;name&quot;, CreatedDate = 0001-01-01T00:00:00.0000000, Id = 0, LoginProvider = null, ... }, VmsUserClaim { ClaimType = &quot;test&quot;, ClaimValue = &quot;test&quot;, CreatedDate = 0001-01-01T00:00:00.0000000, Id = 0, LoginProvider = null, ... }, VmsUserClaim { ClaimType = &quot;test&quot;, ClaimValue = &quot;test1&quot;, CreatedDate = 0001-01-01T00:00:00.0000000, Id = 0, LoginProvider = null, ... }], externalClaims: [name: name, test: test, test: newtest], expectedAddedIndex: [2], expectedRemovedIndex: [2])" computerName="DKSR-EFI-06" duration="00:00:00.0000965" startTime="2024-01-09T15:43:26.4392246+01:00" endTime="2024-01-09T15:43:26.4392247+01:00" testType="13cdc9d9-ddb5-4fa4-a97d-d965ccfc6d4b" outcome="Passed" testListId="8c84fa94-04c1-424b-9868-57a2d4851a1d" relativeResultsDirectory="024b632e-54ea-45e2-bc91-8a5a26515433" />
    <UnitTestResult executionId="f0751fe6-3c1a-408b-82f4-43726ed76eb6" testId="d839e357-7c87-cc97-99c7-06808fbc4ba9" testName="VideoOS.IdentityServer.UnitTests.Services.DeleteEventLogHostedServiceTest.StartAsync_Called_TimerStartedRunningEveryHour" computerName="DKSR-EFI-06" duration="00:00:00.2685925" startTime="2024-01-09T15:43:25.6964870+01:00" endTime="2024-01-09T15:43:25.6964873+01:00" testType="13cdc9d9-ddb5-4fa4-a97d-d965ccfc6d4b" outcome="Passed" testListId="8c84fa94-04c1-424b-9868-57a2d4851a1d" relativeResultsDirectory="f0751fe6-3c1a-408b-82f4-43726ed76eb6" />
    <UnitTestResult executionId="2c414205-2807-42e0-b741-6bbe30fdcb48" testId="24c04284-064f-8992-4640-f51fd7e9f897" testName="VideoOS.IdentityServer.UnitTests.Extensions.IQueryAbleExtensionsTests.Paginate_ArgumentNotOrdered_ThrowArgumentException" computerName="DKSR-EFI-06" duration="00:00:00.0466609" startTime="2024-01-09T15:43:24.6967962+01:00" endTime="2024-01-09T15:43:24.6967966+01:00" testType="13cdc9d9-ddb5-4fa4-a97d-d965ccfc6d4b" outcome="Passed" testListId="8c84fa94-04c1-424b-9868-57a2d4851a1d" relativeResultsDirectory="2c414205-2807-42e0-b741-6bbe30fdcb48" />
    <UnitTestResult executionId="8dca5ff8-b506-437e-b9a8-0c35dc7eb375" testId="76f95199-b523-5f95-e287-8c3c372bacef" testName="VideoOS.IdentityServer.UnitTests.NLogConfiguration.NLogConfiguratorTests.RemoveFilter_MultipleFiltersOfTypeFound_AllFiltersOfTypeRemoved" computerName="DKSR-EFI-06" duration="00:00:00.0010185" startTime="2024-01-09T15:43:26.0483225+01:00" endTime="2024-01-09T15:43:26.0483227+01:00" testType="13cdc9d9-ddb5-4fa4-a97d-d965ccfc6d4b" outcome="Passed" testListId="8c84fa94-04c1-424b-9868-57a2d4851a1d" relativeResultsDirectory="8dca5ff8-b506-437e-b9a8-0c35dc7eb375" />
    <UnitTestResult executionId="c5b2fa9f-63e8-43e0-a570-8084fdae6e83" testId="b2bc26c4-1fb2-72c6-2cd4-9ee8e92adced" testName="VideoOS.IdentityServer.UnitTests.Services.UserProvisionerTests.CreateOrUpdateUser_NewUserNoPreferredNoName_FirstAndLast" computerName="DKSR-EFI-06" duration="00:00:00.0063903" startTime="2024-01-09T15:43:25.0918992+01:00" endTime="2024-01-09T15:43:25.0918997+01:00" testType="13cdc9d9-ddb5-4fa4-a97d-d965ccfc6d4b" outcome="Passed" testListId="8c84fa94-04c1-424b-9868-57a2d4851a1d" relativeResultsDirectory="c5b2fa9f-63e8-43e0-a570-8084fdae6e83" />
    <UnitTestResult executionId="1a98bd21-72dc-48da-82e9-fbb56d6b7660" testId="5a0d5dfe-96bc-4a66-bdea-1ea02d9e96dd" testName="VideoOS.IdentityServer.UnitTests.Controllers.ErrorControllerTests.Error_ProblemDetailsCreated_ProblemReturned" computerName="DKSR-EFI-06" duration="00:00:00.2894389" startTime="2024-01-09T15:43:26.3388037+01:00" endTime="2024-01-09T15:43:26.3388039+01:00" testType="13cdc9d9-ddb5-4fa4-a97d-d965ccfc6d4b" outcome="Passed" testListId="8c84fa94-04c1-424b-9868-57a2d4851a1d" relativeResultsDirectory="1a98bd21-72dc-48da-82e9-fbb56d6b7660" />
    <UnitTestResult executionId="81ce9955-09ef-4c7e-8d1a-5c6a3d7eaef2" testId="33d30ad4-3561-4a28-4f49-bcdce7341bfd" testName="VideoOS.IdentityServer.UnitTests.Helper.ExpressionBuilderTests.FromString_DifferentQueriesWithAllowedSearchNames_ReturnsExpectedCount(query: &quot;number lt 4&quot;, expectedCount: 3, allowedSearchNames: [&quot;Number&quot;])" computerName="DKSR-EFI-06" duration="00:00:00.0006388" startTime="2024-01-09T15:43:26.2127696+01:00" endTime="2024-01-09T15:43:26.2127698+01:00" testType="13cdc9d9-ddb5-4fa4-a97d-d965ccfc6d4b" outcome="Passed" testListId="8c84fa94-04c1-424b-9868-57a2d4851a1d" relativeResultsDirectory="81ce9955-09ef-4c7e-8d1a-5c6a3d7eaef2" />
    <UnitTestResult executionId="5f0334d5-8e3a-4b82-ad1c-c68219b65a41" testId="889e6f9b-0246-8302-3a49-afd2bfd230d1" testName="VideoOS.IdentityServer.UnitTests.Services.PasswordValidationTests.RegExBuild(minLength: 0, maxLength: 255, lowerCase: True, upperCase: False, digit: False, specialChar: False, uniqueCharacters: 1, testData: [[Milestonesys!1, True], [Milestonesys!, True], [Milestonesys1, True], [milestonesys!1, True], [MILESTONESYS!, False], ...])" computerName="DKSR-EFI-06" duration="00:00:00.0002727" startTime="2024-01-09T15:43:25.6830647+01:00" endTime="2024-01-09T15:43:25.6830647+01:00" testType="13cdc9d9-ddb5-4fa4-a97d-d965ccfc6d4b" outcome="Passed" testListId="8c84fa94-04c1-424b-9868-57a2d4851a1d" relativeResultsDirectory="5f0334d5-8e3a-4b82-ad1c-c68219b65a41" />
    <UnitTestResult executionId="31929b38-c483-4b46-bb5f-63f61ca3dc9d" testId="af815e99-2b63-05e9-7ea1-bfc6de0216ca" testName="VideoOS.IdentityServer.UnitTests.Services.EventLogServiceTest.Log_LogModelIsNull_ArgumentNullException" computerName="DKSR-EFI-06" duration="00:00:00.0038916" startTime="2024-01-09T15:43:24.5407535+01:00" endTime="2024-01-09T15:43:24.5407537+01:00" testType="13cdc9d9-ddb5-4fa4-a97d-d965ccfc6d4b" outcome="Passed" testListId="8c84fa94-04c1-424b-9868-57a2d4851a1d" relativeResultsDirectory="31929b38-c483-4b46-bb5f-63f61ca3dc9d" />
    <UnitTestResult executionId="8aeb733c-6dc8-4bd5-a1f7-8f68dad19ba9" testId="28b7f218-7471-42e4-aaa6-832342c6ecca" testName="VideoOS.IdentityServer.UnitTests.Helper.ArrayModelBinderTests.BindModelAsync_NoInputValue_Success" computerName="DKSR-EFI-06" duration="00:00:00.0009643" startTime="2024-01-09T15:43:24.6725373+01:00" endTime="2024-01-09T15:43:24.6725375+01:00" testType="13cdc9d9-ddb5-4fa4-a97d-d965ccfc6d4b" outcome="Passed" testListId="8c84fa94-04c1-424b-9868-57a2d4851a1d" relativeResultsDirectory="8aeb733c-6dc8-4bd5-a1f7-8f68dad19ba9" />
    <UnitTestResult executionId="74282aee-1886-4da7-8c6f-6beab3ced29d" testId="7ade7f6d-dbf6-7d1f-d7f6-b39a969b31ff" testName="VideoOS.IdentityServer.UnitTests.GrantValidators.ResourceOwnerPasswordValidatorTests.ValidateAsync_UserLockedOut_LockedOut" computerName="DKSR-EFI-06" duration="00:00:00.0047632" startTime="2024-01-09T15:43:26.3059063+01:00" endTime="2024-01-09T15:43:26.3059065+01:00" testType="13cdc9d9-ddb5-4fa4-a97d-d965ccfc6d4b" outcome="Passed" testListId="8c84fa94-04c1-424b-9868-57a2d4851a1d" relativeResultsDirectory="74282aee-1886-4da7-8c6f-6beab3ced29d" />
    <UnitTestResult executionId="aaf83234-355c-4622-8ebc-21ed1df6a333" testId="4f5a6cc6-1969-6f9b-ec83-8d5bda87395f" testName="VideoOS.IdentityServer.UnitTests.Services.UserProvisionerTests.CreateOrUpdateUser_NewUserUserNameAlreadyCreated_VerifyUserName(exsistingUserNames: [&quot;CustomUserName&quot;, &quot;Preferred Bobby Bob&quot;, &quot;Bobby Bob&quot;], expectedUserName: &quot;james@bond.local&quot;)" computerName="DKSR-EFI-06" duration="00:00:00.0049574" startTime="2024-01-09T15:43:24.8578777+01:00" endTime="2024-01-09T15:43:24.8578779+01:00" testType="13cdc9d9-ddb5-4fa4-a97d-d965ccfc6d4b" outcome="Passed" testListId="8c84fa94-04c1-424b-9868-57a2d4851a1d" relativeResultsDirectory="aaf83234-355c-4622-8ebc-21ed1df6a333" />
    <UnitTestResult executionId="4319a54b-11e9-4a0a-982c-248c3e946565" testId="3d1bcbae-e51f-a190-3e37-f7e57c802225" testName="VideoOS.IdentityServer.UnitTests.Pages.External.CallbackTests.OnGetAsync_UserNotAuthenticated_Throws" computerName="DKSR-EFI-06" duration="00:00:00.1817408" startTime="2024-01-09T15:43:26.0337842+01:00" endTime="2024-01-09T15:43:26.0337847+01:00" testType="13cdc9d9-ddb5-4fa4-a97d-d965ccfc6d4b" outcome="Passed" testListId="8c84fa94-04c1-424b-9868-57a2d4851a1d" relativeResultsDirectory="4319a54b-11e9-4a0a-982c-248c3e946565" />
    <UnitTestResult executionId="3339af88-9e84-412d-8e2c-341211574877" testId="9bc04b5a-96f6-a6a5-aeb9-c7c2c465389f" testName="VideoOS.IdentityServer.UnitTests.Repositories.EventLogRepositoryTests.FilterLogs_SkipIsNegative_ThrowArgumentOutOfRangeException" computerName="DKSR-EFI-06" duration="00:00:00.0007728" startTime="2024-01-09T15:43:26.3098074+01:00" endTime="2024-01-09T15:43:26.3098075+01:00" testType="13cdc9d9-ddb5-4fa4-a97d-d965ccfc6d4b" outcome="Passed" testListId="8c84fa94-04c1-424b-9868-57a2d4851a1d" relativeResultsDirectory="3339af88-9e84-412d-8e2c-341211574877" />
    <UnitTestResult executionId="0cb5903d-ff06-469a-8c0f-89b6bf82e118" testId="4122a9f9-946d-6675-5b2d-e3d415694cb1" testName="VideoOS.IdentityServer.UnitTests.Helper.ArrayModelBinderTests.BindModelAsync_InvalidInputValue_Failed" computerName="DKSR-EFI-06" duration="00:00:00.0129177" startTime="2024-01-09T15:43:24.6714999+01:00" endTime="2024-01-09T15:43:24.6715003+01:00" testType="13cdc9d9-ddb5-4fa4-a97d-d965ccfc6d4b" outcome="Passed" testListId="8c84fa94-04c1-424b-9868-57a2d4851a1d" relativeResultsDirectory="0cb5903d-ff06-469a-8c0f-89b6bf82e118" />
    <UnitTestResult executionId="0a43656f-e065-46e0-b071-d7b96bcd20e0" testId="e63c8da7-36bc-0278-9da1-1f7a23301408" testName="VideoOS.IdentityServer.UnitTests.Helper.ExpressionBuilderTests.FromString_DifferentQueriesWithAllowedSearchNames_ReturnsExpectedCount(query: &quot;number ne 4&quot;, expectedCount: 4, allowedSearchNames: [&quot;Number&quot;])" computerName="DKSR-EFI-06" duration="00:00:00.0005886" startTime="2024-01-09T15:43:26.2065749+01:00" endTime="2024-01-09T15:43:26.2065751+01:00" testType="13cdc9d9-ddb5-4fa4-a97d-d965ccfc6d4b" outcome="Passed" testListId="8c84fa94-04c1-424b-9868-57a2d4851a1d" relativeResultsDirectory="0a43656f-e065-46e0-b071-d7b96bcd20e0" />
    <UnitTestResult executionId="f7c5a230-f1e4-4093-b4aa-922eb60c5330" testId="02f245e3-c0c3-9cda-b0f9-6e617d61377c" testName="VideoOS.IdentityServer.UnitTests.Helper.ExpressionBuilderTests.FromString_DifferentQueriesWithAllowedSearchNames_ReturnsExpectedCount(query: &quot;time eq 2000-1-1&quot;, expectedCount: 1, allowedSearchNames: [&quot;Time&quot;, &quot;Name&quot;])" computerName="DKSR-EFI-06" duration="00:00:00.0012900" startTime="2024-01-09T15:43:26.2059294+01:00" endTime="2024-01-09T15:43:26.2059296+01:00" testType="13cdc9d9-ddb5-4fa4-a97d-d965ccfc6d4b" outcome="Passed" testListId="8c84fa94-04c1-424b-9868-57a2d4851a1d" relativeResultsDirectory="f7c5a230-f1e4-4093-b4aa-922eb60c5330" />
    <UnitTestResult executionId="a6b9801c-6e06-45c2-a462-7b71b90b284d" testId="363fcb95-f3be-f992-3fe9-9ea3d3b0fe13" testName="VideoOS.IdentityServer.UnitTests.Services.UserProvisionerTests.CreateOrUpdateUser_UserExistsUpdateExternalClaims_ExpectedClaimsAsInput(externalClaims: [sub: sub, name: name, test: test, test: test1], expectedClaims: [name: name, test: test, test: test1])" computerName="DKSR-EFI-06" duration="00:00:00.1458633" startTime="2024-01-09T15:43:25.0638998+01:00" endTime="2024-01-09T15:43:25.0639003+01:00" testType="13cdc9d9-ddb5-4fa4-a97d-d965ccfc6d4b" outcome="Passed" testListId="8c84fa94-04c1-424b-9868-57a2d4851a1d" relativeResultsDirectory="a6b9801c-6e06-45c2-a462-7b71b90b284d" />
    <UnitTestResult executionId="d84da06b-5583-4d51-bd4c-1d1602126233" testId="93cfa45e-50b0-604c-c09c-2e5001172962" testName="VideoOS.IdentityServer.UnitTests.Repositories.VmsUserManagerTests.HasClaimChanged_InputOfUserAndExternalClaims_ExpectedOutcome(userClaims: [VmsUserClaim { ClaimType = &quot;name&quot;, ClaimValue = &quot;name&quot;, CreatedDate = 0001-01-01T00:00:00.0000000, Id = 0, LoginProvider = null, ... }, VmsUserClaim { ClaimType = &quot;test&quot;, ClaimValue = &quot;test&quot;, CreatedDate = 0001-01-01T00:00:00.0000000, Id = 0, LoginProvider = null, ... }, VmsUserClaim { ClaimType = &quot;test&quot;, ClaimValue = &quot;test1&quot;, CreatedDate = 0001-01-01T00:00:00.0000000, Id = 0, LoginProvider = null, ... }], externalClaims: [name: name1, test: newtest], expectedAddedIndex: [0, 1], expectedRemovedIndex: [0, 1, 2])" computerName="DKSR-EFI-06" duration="00:00:00.0000761" startTime="2024-01-09T15:43:26.4393231+01:00" endTime="2024-01-09T15:43:26.4393232+01:00" testType="13cdc9d9-ddb5-4fa4-a97d-d965ccfc6d4b" outcome="Passed" testListId="8c84fa94-04c1-424b-9868-57a2d4851a1d" relativeResultsDirectory="d84da06b-5583-4d51-bd4c-1d1602126233" />
    <UnitTestResult executionId="d968f7fb-3f9d-4748-85c3-0ae3c752eda1" testId="efff05e3-3b5a-b327-7cd0-0aaf390483f8" testName="VideoOS.IdentityServer.UnitTests.Model.Result.ResultTests.Failure_ShouldBeErrorWithOneError_WhenSingleErrorProvided" computerName="DKSR-EFI-06" duration="00:00:00.0046810" startTime="2024-01-09T15:43:24.9767070+01:00" endTime="2024-01-09T15:43:24.9767072+01:00" testType="13cdc9d9-ddb5-4fa4-a97d-d965ccfc6d4b" outcome="Passed" testListId="8c84fa94-04c1-424b-9868-57a2d4851a1d" relativeResultsDirectory="d968f7fb-3f9d-4748-85c3-0ae3c752eda1" />
    <UnitTestResult executionId="aaddee8b-86f8-4032-b433-4ffcd212f922" testId="0183fccb-d77a-a03a-5714-d0062038a2df" testName="VideoOS.IdentityServer.UnitTests.Controllers.UsersControllerTests.Patch_PasswordUpdatesAreSentForUserWithExternalLogin_ReturnBadRequest(patchDoc: JsonPatchDocument`1 { ContractResolver = DefaultContractResolver { DefaultMembersSearchFlags = Instance | Public, DynamicCodeGeneration = False, IgnoreIsSpecifiedMembers = False, IgnoreSerializableAttribute = True, IgnoreSerializableInterface = False, ... }, Operations = [Operation`1 { ... }] })" computerName="DKSR-EFI-06" duration="00:00:00.0066183" startTime="2024-01-09T15:43:25.2657434+01:00" endTime="2024-01-09T15:43:25.2657439+01:00" testType="13cdc9d9-ddb5-4fa4-a97d-d965ccfc6d4b" outcome="Passed" testListId="8c84fa94-04c1-424b-9868-57a2d4851a1d" relativeResultsDirectory="aaddee8b-86f8-4032-b433-4ffcd212f922" />
    <UnitTestResult executionId="e9239dc0-d915-4cb3-a05f-a52e68c18840" testId="89eca625-e205-1852-94e5-9163f58047b8" testName="VideoOS.IdentityServer.UnitTests.GrantValidators.TokenExchangeGrantValidatorTests.ValidateAsync_SecureWithNonSecureIssuer_InvalidRequestReturned" computerName="DKSR-EFI-06" duration="00:00:00.0068644" startTime="2024-01-09T15:43:25.8358982+01:00" endTime="2024-01-09T15:43:25.8358986+01:00" testType="13cdc9d9-ddb5-4fa4-a97d-d965ccfc6d4b" outcome="Passed" testListId="8c84fa94-04c1-424b-9868-57a2d4851a1d" relativeResultsDirectory="e9239dc0-d915-4cb3-a05f-a52e68c18840" />
    <UnitTestResult executionId="948be6cc-9304-4f26-b06e-2b6bf2e944e1" testId="5733c725-74f6-0e64-1c02-0d0e954418ad" testName="VideoOS.IdentityServer.UnitTests.Controllers.LoginProvidersControllerTests.Delete_LoginProviderExists_Success" computerName="DKSR-EFI-06" duration="00:00:00.2667224" startTime="2024-01-09T15:43:24.4157474+01:00" endTime="2024-01-09T15:43:24.4157478+01:00" testType="13cdc9d9-ddb5-4fa4-a97d-d965ccfc6d4b" outcome="Passed" testListId="8c84fa94-04c1-424b-9868-57a2d4851a1d" relativeResultsDirectory="948be6cc-9304-4f26-b06e-2b6bf2e944e1" />
    <UnitTestResult executionId="89d8ee66-0dce-43c5-b92f-f8c501620757" testId="a8887616-d21a-2760-ae8d-12c4008e3d23" testName="VideoOS.IdentityServer.UnitTests.Attributes.HttpOrHttpsAttributeTests.IsValid_ForInvalidUriFormat_ReturnsError(url: &quot;http:::/wrong.url.com&quot;)" computerName="DKSR-EFI-06" duration="00:00:00.0000061" startTime="2024-01-09T15:43:25.2826730+01:00" endTime="2024-01-09T15:43:25.2826731+01:00" testType="13cdc9d9-ddb5-4fa4-a97d-d965ccfc6d4b" outcome="Passed" testListId="8c84fa94-04c1-424b-9868-57a2d4851a1d" relativeResultsDirectory="89d8ee66-0dce-43c5-b92f-f8c501620757" />
    <UnitTestResult executionId="8b03831e-c0ea-4d2a-8049-51762b2dd54c" testId="2ebee47b-2482-8e0c-4c0b-8a9204b6c22b" testName="VideoOS.IdentityServer.UnitTests.Repositories.EventLogRepositoryTests.FilterLogs_TakeIsNegative_ThrowArgumentOutOfRangeException" computerName="DKSR-EFI-06" duration="00:00:00.0018653" startTime="2024-01-09T15:43:26.2306408+01:00" endTime="2024-01-09T15:43:26.2306413+01:00" testType="13cdc9d9-ddb5-4fa4-a97d-d965ccfc6d4b" outcome="Passed" testListId="8c84fa94-04c1-424b-9868-57a2d4851a1d" relativeResultsDirectory="8b03831e-c0ea-4d2a-8049-51762b2dd54c" />
    <UnitTestResult executionId="aed2dd33-29ac-415e-953b-34c5add0a1bd" testId="f20f88d2-f202-ea07-a9ea-ba84e7e02e5a" testName="VideoOS.IdentityServer.UnitTests.Services.UserProvisionerTests.CreateOrUpdateUser_SuccessfulAutoProvisioningUser_UserReturned" computerName="DKSR-EFI-06" duration="00:00:00.0078256" startTime="2024-01-09T15:43:25.0852717+01:00" endTime="2024-01-09T15:43:25.0852721+01:00" testType="13cdc9d9-ddb5-4fa4-a97d-d965ccfc6d4b" outcome="Passed" testListId="8c84fa94-04c1-424b-9868-57a2d4851a1d" relativeResultsDirectory="aed2dd33-29ac-415e-953b-34c5add0a1bd" />
    <UnitTestResult executionId="85b1a407-5fe0-4c3a-af8e-ae625c9245dc" testId="49e20756-5db1-2639-cc27-281c3d6c399d" testName="VideoOS.IdentityServer.UnitTests.Services.PasswordHasherWithLegacySupportTests.VerifyHashedPassword_UnknownLegacyEncryptionMethod_Failed" computerName="DKSR-EFI-06" duration="00:00:00.0118444" startTime="2024-01-09T15:43:26.1911400+01:00" endTime="2024-01-09T15:43:26.1911405+01:00" testType="13cdc9d9-ddb5-4fa4-a97d-d965ccfc6d4b" outcome="Passed" testListId="8c84fa94-04c1-424b-9868-57a2d4851a1d" relativeResultsDirectory="85b1a407-5fe0-4c3a-af8e-ae625c9245dc" />
    <UnitTestResult executionId="a142292a-cd40-4960-92c7-cd7cd7bf18aa" testId="3fd21a6e-edee-a13a-0c5f-a3ec8d98d388" testName="VideoOS.IdentityServer.UnitTests.Services.DeleteEventLogHostedServiceTest.StopAsync_Called_TimerStopped" computerName="DKSR-EFI-06" duration="00:00:00.0016901" startTime="2024-01-09T15:43:25.9263223+01:00" endTime="2024-01-09T15:43:25.9263225+01:00" testType="13cdc9d9-ddb5-4fa4-a97d-d965ccfc6d4b" outcome="Passed" testListId="8c84fa94-04c1-424b-9868-57a2d4851a1d" relativeResultsDirectory="a142292a-cd40-4960-92c7-cd7cd7bf18aa" />
    <UnitTestResult executionId="e22ab66c-5f71-44a3-bce8-baf8c4f0c0a4" testId="e407b8a0-22ba-2a63-6c33-cfdfd1359996" testName="VideoOS.IdentityServer.UnitTests.Helper.MapAllClaimsActionAndEnumerateArrayTests.Run_SingleAndArrayClaimPairsClaimValueMixedCasing_DuplicatePairsGetRemovedWithClaimValueCaseSensitive" computerName="DKSR-EFI-06" duration="00:00:00.0007535" startTime="2024-01-09T15:43:24.8595742+01:00" endTime="2024-01-09T15:43:24.8595745+01:00" testType="13cdc9d9-ddb5-4fa4-a97d-d965ccfc6d4b" outcome="Passed" testListId="8c84fa94-04c1-424b-9868-57a2d4851a1d" relativeResultsDirectory="e22ab66c-5f71-44a3-bce8-baf8c4f0c0a4" />
    <UnitTestResult executionId="9a539ccc-a9de-4248-84c1-ce7de0c39f6d" testId="2098fa07-0e88-c42b-6751-748860141601" testName="VideoOS.IdentityServer.UnitTests.Controllers.UsersControllerTests.Get_UserIsFoundWithClaimAndProvider_ReturnOkResultWithUserDto" computerName="DKSR-EFI-06" duration="00:00:00.0160445" startTime="2024-01-09T15:43:25.2927443+01:00" endTime="2024-01-09T15:43:25.2927446+01:00" testType="13cdc9d9-ddb5-4fa4-a97d-d965ccfc6d4b" outcome="Passed" testListId="8c84fa94-04c1-424b-9868-57a2d4851a1d" relativeResultsDirectory="9a539ccc-a9de-4248-84c1-ce7de0c39f6d" />
    <UnitTestResult executionId="b3de2d39-8abd-45fb-9c48-0b987790a859" testId="8a8a5963-5d44-f88c-9732-1f2ad3922525" testName="VideoOS.IdentityServer.UnitTests.Controllers.ScopesControllerTests.GetScopes_ScopesFromParameter_ReturnsOkResultWithScopes(scopes: [&quot;a&quot;])" computerName="DKSR-EFI-06" duration="00:00:00.0000732" startTime="2024-01-09T15:43:25.6876972+01:00" endTime="2024-01-09T15:43:25.6876973+01:00" testType="13cdc9d9-ddb5-4fa4-a97d-d965ccfc6d4b" outcome="Passed" testListId="8c84fa94-04c1-424b-9868-57a2d4851a1d" relativeResultsDirectory="b3de2d39-8abd-45fb-9c48-0b987790a859" />
    <UnitTestResult executionId="8849c4da-e955-4da7-9b60-ffbbc486535b" testId="dac6b22d-9d2e-9a3d-f7af-5d832c196a8d" testName="VideoOS.IdentityServer.UnitTests.Filters.ValidateModelFilterAttributeTest.OnActionExecuting_ModelstateIsInvalid_ContextResultIsSet" computerName="DKSR-EFI-06" duration="00:00:00.0005063" startTime="2024-01-09T15:43:26.1995193+01:00" endTime="2024-01-09T15:43:26.1995195+01:00" testType="13cdc9d9-ddb5-4fa4-a97d-d965ccfc6d4b" outcome="Passed" testListId="8c84fa94-04c1-424b-9868-57a2d4851a1d" relativeResultsDirectory="8849c4da-e955-4da7-9b60-ffbbc486535b" />
    <UnitTestResult executionId="71576d33-1a71-430e-9c69-93908cdefb80" testId="d3785e46-fff2-840c-edea-a1fef358fc3e" testName="VideoOS.IdentityServer.UnitTests.Controllers.LoginsControllerTests.GetLogins_LoginsAreFound_OkResultWithLoginReturned" computerName="DKSR-EFI-06" duration="00:00:00.0054862" startTime="2024-01-09T15:43:25.6820081+01:00" endTime="2024-01-09T15:43:25.6820085+01:00" testType="13cdc9d9-ddb5-4fa4-a97d-d965ccfc6d4b" outcome="Passed" testListId="8c84fa94-04c1-424b-9868-57a2d4851a1d" relativeResultsDirectory="71576d33-1a71-430e-9c69-93908cdefb80" />
    <UnitTestResult executionId="e6af1c13-09df-423c-8d09-f5424f3a2d1b" testId="2b1c4864-9a39-5786-f28c-09b1dd762b25" testName="VideoOS.IdentityServer.UnitTests.Services.EventLogServiceTest.Log_IpAddressAvailable_IpSet" computerName="DKSR-EFI-06" duration="00:00:00.3748915" startTime="2024-01-09T15:43:24.5342302+01:00" endTime="2024-01-09T15:43:24.5342304+01:00" testType="13cdc9d9-ddb5-4fa4-a97d-d965ccfc6d4b" outcome="Passed" testListId="8c84fa94-04c1-424b-9868-57a2d4851a1d" relativeResultsDirectory="e6af1c13-09df-423c-8d09-f5424f3a2d1b" />
    <UnitTestResult executionId="f2e54d13-abc8-472a-8be2-33794fe7ff84" testId="c2138e76-9f7f-8d2f-2ac2-891c3e25ac1f" testName="VideoOS.IdentityServer.UnitTests.Controllers.ExternalProviderManagerTests.UpdateProvider_LoginProvider_NotEnabled_DontExists_DoesNothing" computerName="DKSR-EFI-06" duration="00:00:00.0021764" startTime="2024-01-09T15:43:26.3972151+01:00" endTime="2024-01-09T15:43:26.3972155+01:00" testType="13cdc9d9-ddb5-4fa4-a97d-d965ccfc6d4b" outcome="Passed" testListId="8c84fa94-04c1-424b-9868-57a2d4851a1d" relativeResultsDirectory="f2e54d13-abc8-472a-8be2-33794fe7ff84" />
    <UnitTestResult executionId="5a8375d2-a8cf-4823-8390-73e87d1fc9fd" testId="7441f6f9-bcec-0df2-f536-62b5e6253144" testName="VideoOS.IdentityServer.UnitTests.Controllers.EventLogsControllerTests.Get_CalledWithFilterAndPaginationParameters_CallsRepository" computerName="DKSR-EFI-06" duration="00:00:00.0299619" startTime="2024-01-09T15:43:25.8024182+01:00" endTime="2024-01-09T15:43:25.8024186+01:00" testType="13cdc9d9-ddb5-4fa4-a97d-d965ccfc6d4b" outcome="Passed" testListId="8c84fa94-04c1-424b-9868-57a2d4851a1d" relativeResultsDirectory="5a8375d2-a8cf-4823-8390-73e87d1fc9fd" />
    <UnitTestResult executionId="ddb01657-dc8c-4e9c-b6c2-defaffc845c9" testId="0f7868bc-3682-bc6b-9f38-1769de49a115" testName="VideoOS.IdentityServer.UnitTests.Repositories.VmsUserManagerTests.GetLogins_NoLoginsMatchingFilters_NoLoginsReturned" computerName="DKSR-EFI-06" duration="00:00:00.0032234" startTime="2024-01-09T15:43:26.1492395+01:00" endTime="2024-01-09T15:43:26.1492397+01:00" testType="13cdc9d9-ddb5-4fa4-a97d-d965ccfc6d4b" outcome="Passed" testListId="8c84fa94-04c1-424b-9868-57a2d4851a1d" relativeResultsDirectory="ddb01657-dc8c-4e9c-b6c2-defaffc845c9" />
    <UnitTestResult executionId="e456d2fe-034b-4198-9e85-dd7c9b7806b5" testId="38622752-e42e-50b5-44f2-47149b16f855" testName="VideoOS.IdentityServer.UnitTests.Repositories.VmsUserManagerTests.FindByIdsAsync_UsersNotFound_Empty" computerName="DKSR-EFI-06" duration="00:00:00.0038737" startTime="2024-01-09T15:43:26.1569606+01:00" endTime="2024-01-09T15:43:26.1569608+01:00" testType="13cdc9d9-ddb5-4fa4-a97d-d965ccfc6d4b" outcome="Passed" testListId="8c84fa94-04c1-424b-9868-57a2d4851a1d" relativeResultsDirectory="e456d2fe-034b-4198-9e85-dd7c9b7806b5" />
    <UnitTestResult executionId="12c2dbec-ac50-48b9-8676-b680a309e80c" testId="f11c9c08-493c-8d49-9530-a630d17cabb2" testName="VideoOS.IdentityServer.UnitTests.Controllers.ClientsControllerTests.RegisterClientClientCredentialsFlow_ClientExists_ClientIsUpdatedWithScopesNameAndSecret" computerName="DKSR-EFI-06" duration="00:00:00.0613501" startTime="2024-01-09T15:43:24.8168445+01:00" endTime="2024-01-09T15:43:24.8168449+01:00" testType="13cdc9d9-ddb5-4fa4-a97d-d965ccfc6d4b" outcome="Passed" testListId="8c84fa94-04c1-424b-9868-57a2d4851a1d" relativeResultsDirectory="12c2dbec-ac50-48b9-8676-b680a309e80c" />
    <UnitTestResult executionId="1b48f62e-af4f-4bea-9c27-66648185fec1" testId="3abf4ce5-5742-a81f-318e-c7a4efd05d94" testName="VideoOS.IdentityServer.UnitTests.Repositories.EventLogRepositoryTests.CreateLog_NewLogPassed_LogIsAddedToDbContext" computerName="DKSR-EFI-06" duration="00:00:00.0406499" startTime="2024-01-09T15:43:26.2740749+01:00" endTime="2024-01-09T15:43:26.2740751+01:00" testType="13cdc9d9-ddb5-4fa4-a97d-d965ccfc6d4b" outcome="Passed" testListId="8c84fa94-04c1-424b-9868-57a2d4851a1d" relativeResultsDirectory="1b48f62e-af4f-4bea-9c27-66648185fec1" />
    <UnitTestResult executionId="73c80574-ab70-4632-a564-7c3f7d06e049" testId="25862255-ea15-c4b2-f192-75ff61711a25" testName="VideoOS.IdentityServer.UnitTests.Services.WellKnownConfigurationRetriever.WellKnownConfigurationRetrieverTests.GetWellKnownConfiguration_LoginProviderError_ReturnsErrorResult" computerName="DKSR-EFI-06" duration="00:00:00.0033243" startTime="2024-01-09T15:43:24.7248083+01:00" endTime="2024-01-09T15:43:24.7248086+01:00" testType="13cdc9d9-ddb5-4fa4-a97d-d965ccfc6d4b" outcome="Passed" testListId="8c84fa94-04c1-424b-9868-57a2d4851a1d" relativeResultsDirectory="73c80574-ab70-4632-a564-7c3f7d06e049" />
    <UnitTestResult executionId="d8ed5e4e-a138-456b-91d1-a783ef072f82" testId="cb32f69f-efc6-c410-d588-b2c4340f8817" testName="VideoOS.IdentityServer.UnitTests.Repositories.VmsUserManagerTests.FindByIdsAsync_UsersFound_Users" computerName="DKSR-EFI-06" duration="00:00:00.0077862" startTime="2024-01-09T15:43:26.4478440+01:00" endTime="2024-01-09T15:43:26.4478445+01:00" testType="13cdc9d9-ddb5-4fa4-a97d-d965ccfc6d4b" outcome="Passed" testListId="8c84fa94-04c1-424b-9868-57a2d4851a1d" relativeResultsDirectory="d8ed5e4e-a138-456b-91d1-a783ef072f82" />
    <UnitTestResult executionId="47189052-9d0f-4bf1-8f99-783db5820fe0" testId="bfb5848e-8f53-4c56-005c-ad410f1cc5e2" testName="VideoOS.IdentityServer.UnitTests.Validators.PasswordValidatorTests.ValidateAsync_PasswordIsEmpty_ThrowArgumentException" computerName="DKSR-EFI-06" duration="00:00:00.0008347" startTime="2024-01-09T15:43:24.8402590+01:00" endTime="2024-01-09T15:43:24.8402597+01:00" testType="13cdc9d9-ddb5-4fa4-a97d-d965ccfc6d4b" outcome="Passed" testListId="8c84fa94-04c1-424b-9868-57a2d4851a1d" relativeResultsDirectory="47189052-9d0f-4bf1-8f99-783db5820fe0" />
    <UnitTestResult executionId="f1e871ca-b863-4022-ad3c-351d41c0d878" testId="f254dd66-bf9e-9655-0d51-85c7a35aad72" testName="VideoOS.IdentityServer.UnitTests.Model.Result.ErrorTests.Error_CreationWithCustomDescription_ShouldHaveCustomDescription" computerName="DKSR-EFI-06" duration="00:00:00.0020720" startTime="2024-01-09T15:43:24.2598605+01:00" endTime="2024-01-09T15:43:24.2598839+01:00" testType="13cdc9d9-ddb5-4fa4-a97d-d965ccfc6d4b" outcome="Passed" testListId="8c84fa94-04c1-424b-9868-57a2d4851a1d" relativeResultsDirectory="f1e871ca-b863-4022-ad3c-351d41c0d878" />
    <UnitTestResult executionId="49289902-734a-4944-bb4b-65355643e246" testId="293f329e-27b6-4f11-0ed8-c60eb66e54e3" testName="VideoOS.IdentityServer.UnitTests.Controllers.ClientsControllerTests.RegisterClient_DuplicateGranttype_BusinessViolationExceptionIsThrown" computerName="DKSR-EFI-06" duration="00:00:00.0024209" startTime="2024-01-09T15:43:24.6797062+01:00" endTime="2024-01-09T15:43:24.6797064+01:00" testType="13cdc9d9-ddb5-4fa4-a97d-d965ccfc6d4b" outcome="Passed" testListId="8c84fa94-04c1-424b-9868-57a2d4851a1d" relativeResultsDirectory="49289902-734a-4944-bb4b-65355643e246" />
    <UnitTestResult executionId="e79a3f21-9ef3-4a68-8283-436f27cdf07e" testId="65be61bd-48d1-7d05-8d35-0ef84b0e73f8" testName="VideoOS.IdentityServer.UnitTests.Controllers.ExternalProviderManagerTests.RemoveProvider_LoginProvider_DontExist_DoesNothing" computerName="DKSR-EFI-06" duration="00:00:00.0025796" startTime="2024-01-09T15:43:25.9231715+01:00" endTime="2024-01-09T15:43:25.9231718+01:00" testType="13cdc9d9-ddb5-4fa4-a97d-d965ccfc6d4b" outcome="Passed" testListId="8c84fa94-04c1-424b-9868-57a2d4851a1d" relativeResultsDirectory="e79a3f21-9ef3-4a68-8283-436f27cdf07e" />
    <UnitTestResult executionId="815e1f06-a958-4fb7-a2ba-888655b9d132" testId="234fab66-fa93-b8bf-27d2-973372feba11" testName="VideoOS.IdentityServer.UnitTests.Services.EventLogServiceTest.Log_IpAddressNotAvailable_StringEmpty" computerName="DKSR-EFI-06" duration="00:00:00.0024824" startTime="2024-01-09T15:43:24.5367850+01:00" endTime="2024-01-09T15:43:24.5367851+01:00" testType="13cdc9d9-ddb5-4fa4-a97d-d965ccfc6d4b" outcome="Passed" testListId="8c84fa94-04c1-424b-9868-57a2d4851a1d" relativeResultsDirectory="815e1f06-a958-4fb7-a2ba-888655b9d132" />
    <UnitTestResult executionId="349ba55d-eda7-41c1-b7b1-e4452df39228" testId="85443d53-4669-f0d4-0fb2-8edbb618f253" testName="VideoOS.IdentityServer.UnitTests.Attributes.DisallowCharacterAttributeTests.IsValid_ContainsDisallowedCharacters_ReturnsFalse(value: &quot;bob?&quot;)" computerName="DKSR-EFI-06" duration="00:00:00.0000164" startTime="2024-01-09T15:43:26.2285605+01:00" endTime="2024-01-09T15:43:26.2285606+01:00" testType="13cdc9d9-ddb5-4fa4-a97d-d965ccfc6d4b" outcome="Passed" testListId="8c84fa94-04c1-424b-9868-57a2d4851a1d" relativeResultsDirectory="349ba55d-eda7-41c1-b7b1-e4452df39228" />
    <UnitTestResult executionId="ef980e0b-5b41-4cc8-a5a6-0b49d2b0f2a8" testId="de7c333c-dac0-97f8-ce50-bb79962f3356" testName="VideoOS.IdentityServer.UnitTests.Controllers.LoginProvidersControllerTests.Get_LoginProvider_NotFoundError_Failure" computerName="DKSR-EFI-06" duration="00:00:00.0025761" startTime="2024-01-09T15:43:24.5636575+01:00" endTime="2024-01-09T15:43:24.5636576+01:00" testType="13cdc9d9-ddb5-4fa4-a97d-d965ccfc6d4b" outcome="Passed" testListId="8c84fa94-04c1-424b-9868-57a2d4851a1d" relativeResultsDirectory="ef980e0b-5b41-4cc8-a5a6-0b49d2b0f2a8" />
    <UnitTestResult executionId="b68f7784-f83e-4603-a19a-7ed8368b6a55" testId="d0f32a3a-7617-9ed0-ef0e-dd198d75d8fc" testName="VideoOS.IdentityServer.UnitTests.GrantValidators.ResourceOwnerPasswordValidatorTests.ValidateAsync_UserNeedsToChangePassword_ChangePassword" computerName="DKSR-EFI-06" duration="00:00:00.0051199" startTime="2024-01-09T15:43:26.3069332+01:00" endTime="2024-01-09T15:43:26.3069332+01:00" testType="13cdc9d9-ddb5-4fa4-a97d-d965ccfc6d4b" outcome="Passed" testListId="8c84fa94-04c1-424b-9868-57a2d4851a1d" relativeResultsDirectory="b68f7784-f83e-4603-a19a-7ed8368b6a55" />
    <UnitTestResult executionId="63784b90-08fb-4db5-9764-26d387c2f082" testId="fe25b75f-22e9-6a8f-5657-47130db3d928" testName="VideoOS.IdentityServer.UnitTests.NLogConfiguration.NLogConfiguratorTests.RemoveFilter_LogRuleNotFound_DoesNotThrow" computerName="DKSR-EFI-06" duration="00:00:00.0503166" startTime="2024-01-09T15:43:25.9131145+01:00" endTime="2024-01-09T15:43:25.9131150+01:00" testType="13cdc9d9-ddb5-4fa4-a97d-d965ccfc6d4b" outcome="Passed" testListId="8c84fa94-04c1-424b-9868-57a2d4851a1d" relativeResultsDirectory="63784b90-08fb-4db5-9764-26d387c2f082" />
    <UnitTestResult executionId="138834f9-9a74-4c26-bf4f-778899da042b" testId="cfc7accd-2ffc-e599-985f-e81f83f1ff99" testName="VideoOS.IdentityServer.UnitTests.Controllers.ExternalProviderManagerTests.AddProvider_NoSecret_DoesNotConfigureProvider" computerName="DKSR-EFI-06" duration="00:00:00.0016094" startTime="2024-01-09T15:43:26.3070506+01:00" endTime="2024-01-09T15:43:26.3070507+01:00" testType="13cdc9d9-ddb5-4fa4-a97d-d965ccfc6d4b" outcome="Passed" testListId="8c84fa94-04c1-424b-9868-57a2d4851a1d" relativeResultsDirectory="138834f9-9a74-4c26-bf4f-778899da042b" />
    <UnitTestResult executionId="ebe6afd5-02e1-4cf2-a2e8-b0a87ff26140" testId="93cfa45e-50b0-604c-c09c-2e5001172962" testName="VideoOS.IdentityServer.UnitTests.Repositories.VmsUserManagerTests.HasClaimChanged_InputOfUserAndExternalClaims_ExpectedOutcome(userClaims: [], externalClaims: [], expectedAddedIndex: [], expectedRemovedIndex: [])" computerName="DKSR-EFI-06" duration="00:00:00.0032669" startTime="2024-01-09T15:43:26.4381639+01:00" endTime="2024-01-09T15:43:26.4381642+01:00" testType="13cdc9d9-ddb5-4fa4-a97d-d965ccfc6d4b" outcome="Passed" testListId="8c84fa94-04c1-424b-9868-57a2d4851a1d" relativeResultsDirectory="ebe6afd5-02e1-4cf2-a2e8-b0a87ff26140" />
    <UnitTestResult executionId="ce524eae-b6b8-49be-b31b-a9b9ab0a41f9" testId="06c58579-c702-4e23-3f60-256bc8b3f2e6" testName="VideoOS.IdentityServer.UnitTests.Controllers.UsersControllerTests.Post_UserIsCreated_ReturnCreatedResultWithUserDto" computerName="DKSR-EFI-06" duration="00:00:00.0150500" startTime="2024-01-09T15:43:25.2466851+01:00" endTime="2024-01-09T15:43:25.2466854+01:00" testType="13cdc9d9-ddb5-4fa4-a97d-d965ccfc6d4b" outcome="Passed" testListId="8c84fa94-04c1-424b-9868-57a2d4851a1d" relativeResultsDirectory="ce524eae-b6b8-49be-b31b-a9b9ab0a41f9" />
    <UnitTestResult executionId="a2fd1f13-f46b-4266-a871-ca22270b9663" testId="33483d30-0e90-c1ed-4ad0-47cc19ee7fbc" testName="VideoOS.IdentityServer.UnitTests.Helper.ExpressionBuilderTests.FromString_DifferentQueriesWithAllowedSearchNames_ReturnsExpectedCount(query: &quot;time le 2000-1-1&quot;, expectedCount: 4, allowedSearchNames: [&quot;Time&quot;])" computerName="DKSR-EFI-06" duration="00:00:00.0009019" startTime="2024-01-09T15:43:26.2075335+01:00" endTime="2024-01-09T15:43:26.2075336+01:00" testType="13cdc9d9-ddb5-4fa4-a97d-d965ccfc6d4b" outcome="Passed" testListId="8c84fa94-04c1-424b-9868-57a2d4851a1d" relativeResultsDirectory="a2fd1f13-f46b-4266-a871-ca22270b9663" />
    <UnitTestResult executionId="06ff3b9e-3e53-488d-8f56-3259d00978fb" testId="bd21bf91-6772-b618-cf7a-086f9bcbb72d" testName="VideoOS.IdentityServer.UnitTests.Pages.External.CallbackTests.OnGetAsync_UserExists_SignedIn" computerName="DKSR-EFI-06" duration="00:00:00.0609821" startTime="2024-01-09T15:43:26.0948772+01:00" endTime="2024-01-09T15:43:26.0948776+01:00" testType="13cdc9d9-ddb5-4fa4-a97d-d965ccfc6d4b" outcome="Passed" testListId="8c84fa94-04c1-424b-9868-57a2d4851a1d" relativeResultsDirectory="06ff3b9e-3e53-488d-8f56-3259d00978fb" />
    <UnitTestResult executionId="d6c25e92-02d9-4880-9b58-33c08670caf5" testId="6df617a3-480b-b950-cc83-439ce7b442c8" testName="VideoOS.IdentityServer.UnitTests.Filters.ApiExceptionFilterTest.OnException_ExceptionIsApiException_HttpContextResultIsSetWithStatus400AndMessage" computerName="DKSR-EFI-06" duration="00:00:00.0041115" startTime="2024-01-09T15:43:25.6691088+01:00" endTime="2024-01-09T15:43:25.6691089+01:00" testType="13cdc9d9-ddb5-4fa4-a97d-d965ccfc6d4b" outcome="Passed" testListId="8c84fa94-04c1-424b-9868-57a2d4851a1d" relativeResultsDirectory="d6c25e92-02d9-4880-9b58-33c08670caf5" />
    <UnitTestResult executionId="2ca2ce52-e2de-4f2b-89aa-d4e14407bd7e" testId="b01c36f9-4c33-cbd8-7177-84aa9e0cdaac" testName="VideoOS.IdentityServer.UnitTests.Controllers.AdminIdentityControllerTests.Post_AdminIdentityAlreadyExist_DuplicateAdminIdentityError" computerName="DKSR-EFI-06" duration="00:00:00.0024971" startTime="2024-01-09T15:43:24.5635986+01:00" endTime="2024-01-09T15:43:24.5635988+01:00" testType="13cdc9d9-ddb5-4fa4-a97d-d965ccfc6d4b" outcome="Passed" testListId="8c84fa94-04c1-424b-9868-57a2d4851a1d" relativeResultsDirectory="2ca2ce52-e2de-4f2b-89aa-d4e14407bd7e" />
    <UnitTestResult executionId="71d72688-085c-481a-a884-8a502c87682d" testId="0ecdd210-0357-ae0e-cf0e-09be7386e5ed" testName="VideoOS.IdentityServer.UnitTests.Repositories.EventLogRepositoryTests.FilterLogs_FilterIsNull_DoesNotThrowException" computerName="DKSR-EFI-06" duration="00:00:00.0030008" startTime="2024-01-09T15:43:26.3068947+01:00" endTime="2024-01-09T15:43:26.3068948+01:00" testType="13cdc9d9-ddb5-4fa4-a97d-d965ccfc6d4b" outcome="Passed" testListId="8c84fa94-04c1-424b-9868-57a2d4851a1d" relativeResultsDirectory="71d72688-085c-481a-a884-8a502c87682d" />
    <UnitTestResult executionId="359e779c-2157-4b8d-905b-4cb729b42f16" testId="2f335b89-37f3-f36a-5c93-c7b3e39d8a38" testName="VideoOS.IdentityServer.UnitTests.Services.UserProvisionerTests.CreateOrUpdateUser_NewUserNoPreferredNoName_Email" computerName="DKSR-EFI-06" duration="00:00:00.0071486" startTime="2024-01-09T15:43:24.8176967+01:00" endTime="2024-01-09T15:43:24.8176969+01:00" testType="13cdc9d9-ddb5-4fa4-a97d-d965ccfc6d4b" outcome="Passed" testListId="8c84fa94-04c1-424b-9868-57a2d4851a1d" relativeResultsDirectory="359e779c-2157-4b8d-905b-4cb729b42f16" />
    <UnitTestResult executionId="9af33a55-3a46-4ee4-91b3-d7eabef89f83" testId="b15cbe91-1a7c-3e51-ee2d-df5d041497fc" testName="VideoOS.IdentityServer.UnitTests.Controllers.ExternalProviderManagerTests.UpdateProvider_LoginProvider_Enabled_NoSecret_AlreadyExists_RemovesConfiguration" computerName="DKSR-EFI-06" duration="00:00:00.0573744" startTime="2024-01-09T15:43:26.3949487+01:00" endTime="2024-01-09T15:43:26.3949491+01:00" testType="13cdc9d9-ddb5-4fa4-a97d-d965ccfc6d4b" outcome="Passed" testListId="8c84fa94-04c1-424b-9868-57a2d4851a1d" relativeResultsDirectory="9af33a55-3a46-4ee4-91b3-d7eabef89f83" />
    <UnitTestResult executionId="96dacec7-dc55-4702-9f77-ea269177dfa1" testId="1c67d741-c9ce-dfc2-5f5a-2144a38e5ef7" testName="VideoOS.IdentityServer.UnitTests.Controllers.UsersControllerTests.Get_UserIsFound_ReturnOkResultWithUserDto" computerName="DKSR-EFI-06" duration="00:00:00.0574966" startTime="2024-01-09T15:43:25.2315555+01:00" endTime="2024-01-09T15:43:25.2315559+01:00" testType="13cdc9d9-ddb5-4fa4-a97d-d965ccfc6d4b" outcome="Passed" testListId="8c84fa94-04c1-424b-9868-57a2d4851a1d" relativeResultsDirectory="96dacec7-dc55-4702-9f77-ea269177dfa1" />
    <UnitTestResult executionId="b532d4b3-f7ce-4b3c-b296-ca1130cd1151" testId="1516a435-f2df-7974-adb8-b2d5f187527e" testName="VideoOS.IdentityServer.UnitTests.Services.UserProvisionerTests.CreateOrUpdateUser_NewUserNoPreferredNoNameNoLast_First" computerName="DKSR-EFI-06" duration="00:00:00.0048729" startTime="2024-01-09T15:43:25.1018133+01:00" endTime="2024-01-09T15:43:25.1018139+01:00" testType="13cdc9d9-ddb5-4fa4-a97d-d965ccfc6d4b" outcome="Passed" testListId="8c84fa94-04c1-424b-9868-57a2d4851a1d" relativeResultsDirectory="b532d4b3-f7ce-4b3c-b296-ca1130cd1151" />
    <UnitTestResult executionId="ebdb2826-7c1f-47f6-bb69-5e7ee0f2dcc3" testId="2e73cdd6-5f0d-f8db-f31d-394aad188358" testName="VideoOS.IdentityServer.UnitTests.Attributes.MaxLengthUriAttributeTests.IsValid_ForNullValue_ReturnsSuccess" computerName="DKSR-EFI-06" duration="00:00:00.0004916" startTime="2024-01-09T15:43:25.6691561+01:00" endTime="2024-01-09T15:43:25.6691562+01:00" testType="13cdc9d9-ddb5-4fa4-a97d-d965ccfc6d4b" outcome="Passed" testListId="8c84fa94-04c1-424b-9868-57a2d4851a1d" relativeResultsDirectory="ebdb2826-7c1f-47f6-bb69-5e7ee0f2dcc3" />
    <UnitTestResult executionId="b5349d32-71cd-4c89-b7bf-10c62049876d" testId="eb1887f2-99e8-2199-5e42-44d49a96c712" testName="VideoOS.IdentityServer.UnitTests.Services.UserProvisionerTests.CreateOrUpdateUser_NewUserUserNameAlreadyCreatedDifferentClaims_VerifyUserName(claims: [given_name: Bobby, family_name: Bob, email: james@bond.local], exsistingUserNames: [&quot;Bobby Bob&quot;], expectedUserName: &quot;james@bond.local&quot;)" computerName="DKSR-EFI-06" duration="00:00:00.0040544" startTime="2024-01-09T15:43:24.9058356+01:00" endTime="2024-01-09T15:43:24.9058358+01:00" testType="13cdc9d9-ddb5-4fa4-a97d-d965ccfc6d4b" outcome="Passed" testListId="8c84fa94-04c1-424b-9868-57a2d4851a1d" relativeResultsDirectory="b5349d32-71cd-4c89-b7bf-10c62049876d" />
    <UnitTestResult executionId="1b00b339-c5ad-4289-a9d6-36cecccc93ca" testId="aad812c8-11ae-299e-c062-2f91c6e51f5b" testName="VideoOS.IdentityServer.UnitTests.Controllers.UsersControllerTests.GetUsers_UserIsFound_ReturnOkResultWithUserDto" computerName="DKSR-EFI-06" duration="00:00:00.0151415" startTime="2024-01-09T15:43:25.3142284+01:00" endTime="2024-01-09T15:43:25.3142291+01:00" testType="13cdc9d9-ddb5-4fa4-a97d-d965ccfc6d4b" outcome="Passed" testListId="8c84fa94-04c1-424b-9868-57a2d4851a1d" relativeResultsDirectory="1b00b339-c5ad-4289-a9d6-36cecccc93ca" />
    <UnitTestResult executionId="34c66316-34f1-49ca-9fb7-5840a0fd6b1c" testId="12137ac2-48bd-a902-d16c-541fa106b158" testName="VideoOS.IdentityServer.UnitTests.Repositories.VmsUserManagerTests.FindByIdAsync_UserNotFound_Null" computerName="DKSR-EFI-06" duration="00:00:00.0048132" startTime="2024-01-09T15:43:25.9587807+01:00" endTime="2024-01-09T15:43:25.9587814+01:00" testType="13cdc9d9-ddb5-4fa4-a97d-d965ccfc6d4b" outcome="Passed" testListId="8c84fa94-04c1-424b-9868-57a2d4851a1d" relativeResultsDirectory="34c66316-34f1-49ca-9fb7-5840a0fd6b1c" />
    <UnitTestResult executionId="f9ad7c57-9c38-4c82-b6c0-92412122fc5f" testId="3f520ac0-c8cd-5212-c1e5-a71c6ce7b1d8" testName="VideoOS.IdentityServer.UnitTests.Attributes.SIDAttributeTests.IsValid_IsNotCorrectSidFormat_ReturnsFalse(value: &quot;abc&quot;)" computerName="DKSR-EFI-06" duration="00:00:00.0000524" startTime="2024-01-09T15:43:25.8502039+01:00" endTime="2024-01-09T15:43:25.8502040+01:00" testType="13cdc9d9-ddb5-4fa4-a97d-d965ccfc6d4b" outcome="Passed" testListId="8c84fa94-04c1-424b-9868-57a2d4851a1d" relativeResultsDirectory="f9ad7c57-9c38-4c82-b6c0-92412122fc5f" />
    <UnitTestResult executionId="2da52fe2-828c-4a78-8c26-c441b4dab12f" testId="064adfe8-7f74-1859-2ce4-4280d3e48d69" testName="VideoOS.IdentityServer.UnitTests.Controllers.UsersControllerTests.Post_UserIsNotCreated_ReturnBadRequest" computerName="DKSR-EFI-06" duration="00:00:00.0072510" startTime="2024-01-09T15:43:25.3214606+01:00" endTime="2024-01-09T15:43:25.3214608+01:00" testType="13cdc9d9-ddb5-4fa4-a97d-d965ccfc6d4b" outcome="Passed" testListId="8c84fa94-04c1-424b-9868-57a2d4851a1d" relativeResultsDirectory="2da52fe2-828c-4a78-8c26-c441b4dab12f" />
    <UnitTestResult executionId="6e47f0df-dcf2-4163-a8d3-39e4ac04dddd" testId="622f516f-ccbb-6e8c-01d1-b3762c647c4e" testName="VideoOS.IdentityServer.UnitTests.Helper.FilterModelBinderTests.BindModelAsync_ContextIsNull_ThrowsArgumentNullException" computerName="DKSR-EFI-06" duration="00:00:00.0017519" startTime="2024-01-09T15:43:25.8530673+01:00" endTime="2024-01-09T15:43:25.8530673+01:00" testType="13cdc9d9-ddb5-4fa4-a97d-d965ccfc6d4b" outcome="Passed" testListId="8c84fa94-04c1-424b-9868-57a2d4851a1d" relativeResultsDirectory="6e47f0df-dcf2-4163-a8d3-39e4ac04dddd" />
    <UnitTestResult executionId="5e8f11ec-cc33-478b-9263-1b788c39e87a" testId="3fdce964-b125-48a8-5647-b9bf4f10a233" testName="VideoOS.IdentityServer.UnitTests.Helper.ExpressionBuilderTests.FromString_DifferentQueriesWithAllowedSearchNames_ReturnsExpectedCount(query: &quot;number ge 4&quot;, expectedCount: 2, allowedSearchNames: [&quot;Number&quot;])" computerName="DKSR-EFI-06" duration="00:00:00.0005770" startTime="2024-01-09T15:43:26.2033639+01:00" endTime="2024-01-09T15:43:26.2033641+01:00" testType="13cdc9d9-ddb5-4fa4-a97d-d965ccfc6d4b" outcome="Passed" testListId="8c84fa94-04c1-424b-9868-57a2d4851a1d" relativeResultsDirectory="5e8f11ec-cc33-478b-9263-1b788c39e87a" />
    <UnitTestResult executionId="a48b4556-30a5-456e-898c-b0e4597c7564" testId="42b682b6-b6d6-d89b-7937-0116f3c39906" testName="VideoOS.IdentityServer.UnitTests.Validators.PasswordValidatorTests.ValidateAsync_PasswordContainsMatchAndNotTheSameAsOldPassword_Success" computerName="DKSR-EFI-06" duration="00:00:00.0009548" startTime="2024-01-09T15:43:24.8432665+01:00" endTime="2024-01-09T15:43:24.8432668+01:00" testType="13cdc9d9-ddb5-4fa4-a97d-d965ccfc6d4b" outcome="Passed" testListId="8c84fa94-04c1-424b-9868-57a2d4851a1d" relativeResultsDirectory="a48b4556-30a5-456e-898c-b0e4597c7564" />
    <UnitTestResult executionId="ef1df4b7-e682-405f-b58f-83f8a70642b9" testId="b8fb9772-bdb5-0007-d81b-1364d88469ef" testName="VideoOS.IdentityServer.UnitTests.Controllers.ExternalProviderManagerTests.UpdateProvider_LoginProvider_Enabled_NoSecret_DontExists_DoesNothing" computerName="DKSR-EFI-06" duration="00:00:00.1178052" startTime="2024-01-09T15:43:25.9205008+01:00" endTime="2024-01-09T15:43:25.9205013+01:00" testType="13cdc9d9-ddb5-4fa4-a97d-d965ccfc6d4b" outcome="Passed" testListId="8c84fa94-04c1-424b-9868-57a2d4851a1d" relativeResultsDirectory="ef1df4b7-e682-405f-b58f-83f8a70642b9" />
    <UnitTestResult executionId="e214cf0f-faec-4a11-8a99-bdcb4e3ccb7f" testId="db4ea747-3596-9bab-adc1-387fe867531d" testName="VideoOS.IdentityServer.UnitTests.Controllers.ExternalProviderManagerTests.AddProvider_NotEnabled_DoesNotConfigureProvider" computerName="DKSR-EFI-06" duration="00:00:00.0196890" startTime="2024-01-09T15:43:26.3065563+01:00" endTime="2024-01-09T15:43:26.3065564+01:00" testType="13cdc9d9-ddb5-4fa4-a97d-d965ccfc6d4b" outcome="Passed" testListId="8c84fa94-04c1-424b-9868-57a2d4851a1d" relativeResultsDirectory="e214cf0f-faec-4a11-8a99-bdcb4e3ccb7f" />
    <UnitTestResult executionId="23909085-5689-47e1-b169-d356ee31c2fd" testId="b946c6b2-48d3-48c0-dba1-87be276acdd4" testName="VideoOS.IdentityServer.UnitTests.Controllers.LoginsControllerTests.DeleteLogin_LoginIsDeleted_NoContentReturned" computerName="DKSR-EFI-06" duration="00:00:00.0051933" startTime="2024-01-09T15:43:25.6872799+01:00" endTime="2024-01-09T15:43:25.6872801+01:00" testType="13cdc9d9-ddb5-4fa4-a97d-d965ccfc6d4b" outcome="Passed" testListId="8c84fa94-04c1-424b-9868-57a2d4851a1d" relativeResultsDirectory="23909085-5689-47e1-b169-d356ee31c2fd" />
    <UnitTestResult executionId="2edf8936-b372-4241-ac65-76faffabc4b0" testId="37c7947a-3966-decd-629f-d603f8981b34" testName="VideoOS.IdentityServer.UnitTests.GrantValidators.WindowsCredentialsGrantValidatorTests.ValidateAsync_UserAuthenticated_Success" computerName="DKSR-EFI-06" duration="00:00:00.0481324" startTime="2024-01-09T15:43:24.6582760+01:00" endTime="2024-01-09T15:43:24.6582763+01:00" testType="13cdc9d9-ddb5-4fa4-a97d-d965ccfc6d4b" outcome="Passed" testListId="8c84fa94-04c1-424b-9868-57a2d4851a1d" relativeResultsDirectory="2edf8936-b372-4241-ac65-76faffabc4b0" />
    <UnitTestResult executionId="d3393233-c6a7-435b-89f7-7b994cd69b9b" testId="3def9f2b-e5b3-ad6a-4e4f-3569812f3ca2" testName="VideoOS.IdentityServer.UnitTests.Repositories.VmsUserManagerTests.IsUserLockedOut_LockoutEnd_Expired" computerName="DKSR-EFI-06" duration="00:00:00.0007263" startTime="2024-01-09T15:43:26.1622695+01:00" endTime="2024-01-09T15:43:26.1622697+01:00" testType="13cdc9d9-ddb5-4fa4-a97d-d965ccfc6d4b" outcome="Passed" testListId="8c84fa94-04c1-424b-9868-57a2d4851a1d" relativeResultsDirectory="d3393233-c6a7-435b-89f7-7b994cd69b9b" />
    <UnitTestResult executionId="b89eabbf-15a8-4402-97ea-c316e737d202" testId="93cfa45e-50b0-604c-c09c-2e5001172962" testName="VideoOS.IdentityServer.UnitTests.Repositories.VmsUserManagerTests.HasClaimChanged_InputOfUserAndExternalClaims_ExpectedOutcome(userClaims: [VmsUserClaim { ClaimType = &quot;name&quot;, ClaimValue = &quot;name&quot;, CreatedDate = 0001-01-01T00:00:00.0000000, Id = 0, LoginProvider = null, ... }], externalClaims: [], expectedAddedIndex: [], expectedRemovedIndex: [0])" computerName="DKSR-EFI-06" duration="00:00:00.0002092" startTime="2024-01-09T15:43:26.4389837+01:00" endTime="2024-01-09T15:43:26.4389857+01:00" testType="13cdc9d9-ddb5-4fa4-a97d-d965ccfc6d4b" outcome="Passed" testListId="8c84fa94-04c1-424b-9868-57a2d4851a1d" relativeResultsDirectory="b89eabbf-15a8-4402-97ea-c316e737d202" />
    <UnitTestResult executionId="01e978fd-b3cd-421a-97dd-c366dd50d9b6" testId="3714d8f5-188d-b81f-4d47-9936a4191a8f" testName="VideoOS.IdentityServer.UnitTests.Controllers.ClientsControllerTests.RegisterClient_RedirectUrisMissingWithAuthorizationCodeGrant_BusinessViolationExceptionIsThrown" computerName="DKSR-EFI-06" duration="00:00:00.0025541" startTime="2024-01-09T15:43:24.7462321+01:00" endTime="2024-01-09T15:43:24.7462324+01:00" testType="13cdc9d9-ddb5-4fa4-a97d-d965ccfc6d4b" outcome="Passed" testListId="8c84fa94-04c1-424b-9868-57a2d4851a1d" relativeResultsDirectory="01e978fd-b3cd-421a-97dd-c366dd50d9b6" />
  </Results>
  <TestDefinitions>
    <UnitTest name="VideoOS.IdentityServer.UnitTests.Controllers.UsersControllerTests.Get_UserIsFoundWithClaimAndProvider_ReturnOkResultWithUserDto" storage="d:\actions-runner\_work\xpco\xpco\identityserver\videoos.identityserver.unittests\bin\debug\net6.0\win-x64\videoos.identityserver.unittests.dll" id="2098fa07-0e88-c42b-6751-748860141601">
      <Execution id="9a539ccc-a9de-4248-84c1-ce7de0c39f6d" />
      <TestMethod codeBase="D:\actions-runner\_work\XPCO\XPCO\IdentityServer\VideoOS.IdentityServer.UnitTests\bin\Debug\net6.0\win-x64\VideoOS.IdentityServer.UnitTests.dll" adapterTypeName="executor://xunit/VsTestRunner2/netcoreapp" className="VideoOS.IdentityServer.UnitTests.Controllers.UsersControllerTests" name="Get_UserIsFoundWithClaimAndProvider_ReturnOkResultWithUserDto" />
    </UnitTest>
    <UnitTest name="VideoOS.IdentityServer.UnitTests.Pages.ErrorTests.OnGetAsync_RequestIsNotOnApiPath_DisplayCorrectErrorCodeAndShowFooter(httpStatusCode: NotFound, expectedErrorCodeMessage: &quot;PageNotFound&quot;, expectedShowFooter: False)" storage="d:\actions-runner\_work\xpco\xpco\identityserver\videoos.identityserver.unittests\bin\debug\net6.0\win-x64\videoos.identityserver.unittests.dll" id="d35acd00-2480-6a26-845c-4b07b64b1632">
      <Execution id="af649132-b53c-4491-af32-4e89c8e2bd80" />
      <TestMethod codeBase="D:\actions-runner\_work\XPCO\XPCO\IdentityServer\VideoOS.IdentityServer.UnitTests\bin\Debug\net6.0\win-x64\VideoOS.IdentityServer.UnitTests.dll" adapterTypeName="executor://xunit/VsTestRunner2/netcoreapp" className="VideoOS.IdentityServer.UnitTests.Pages.ErrorTests" name="OnGetAsync_RequestIsNotOnApiPath_DisplayCorrectErrorCodeAndShowFooter" />
    </UnitTest>
    <UnitTest name="VideoOS.IdentityServer.UnitTests.Controllers.TrustedIssuersControllerTests.Delete_TrustedIssuerExists_TrustedIssuerDeleted" storage="d:\actions-runner\_work\xpco\xpco\identityserver\videoos.identityserver.unittests\bin\debug\net6.0\win-x64\videoos.identityserver.unittests.dll" id="e76a2e3b-0926-9f69-c216-95e505062603">
      <Execution id="cf02bddc-58f7-4ce5-bec3-f8fd7101c872" />
      <TestMethod codeBase="D:\actions-runner\_work\XPCO\XPCO\IdentityServer\VideoOS.IdentityServer.UnitTests\bin\Debug\net6.0\win-x64\VideoOS.IdentityServer.UnitTests.dll" adapterTypeName="executor://xunit/VsTestRunner2/netcoreapp" className="VideoOS.IdentityServer.UnitTests.Controllers.TrustedIssuersControllerTests" name="Delete_TrustedIssuerExists_TrustedIssuerDeleted" />
    </UnitTest>
    <UnitTest name="VideoOS.IdentityServer.UnitTests.Controllers.UsersControllerTests.Patch_UpdatesAreSent_ReturnUpdatedUserDto" storage="d:\actions-runner\_work\xpco\xpco\identityserver\videoos.identityserver.unittests\bin\debug\net6.0\win-x64\videoos.identityserver.unittests.dll" id="0ba0d8ee-e084-2fae-4304-de087e848ec3">
      <Execution id="7a69a5dc-fc26-4eef-8a29-f20f47db0d65" />
      <TestMethod codeBase="D:\actions-runner\_work\XPCO\XPCO\IdentityServer\VideoOS.IdentityServer.UnitTests\bin\Debug\net6.0\win-x64\VideoOS.IdentityServer.UnitTests.dll" adapterTypeName="executor://xunit/VsTestRunner2/netcoreapp" className="VideoOS.IdentityServer.UnitTests.Controllers.UsersControllerTests" name="Patch_UpdatesAreSent_ReturnUpdatedUserDto" />
    </UnitTest>
    <UnitTest name="VideoOS.IdentityServer.UnitTests.NLogConfiguration.NLogConfiguratorTests.RemoveFilter_MultipleFiltersOfTypeFound_AllFiltersOfTypeRemoved" storage="d:\actions-runner\_work\xpco\xpco\identityserver\videoos.identityserver.unittests\bin\debug\net6.0\win-x64\videoos.identityserver.unittests.dll" id="76f95199-b523-5f95-e287-8c3c372bacef">
      <Execution id="8dca5ff8-b506-437e-b9a8-0c35dc7eb375" />
      <TestMethod codeBase="D:\actions-runner\_work\XPCO\XPCO\IdentityServer\VideoOS.IdentityServer.UnitTests\bin\Debug\net6.0\win-x64\VideoOS.IdentityServer.UnitTests.dll" adapterTypeName="executor://xunit/VsTestRunner2/netcoreapp" className="VideoOS.IdentityServer.UnitTests.NLogConfiguration.NLogConfiguratorTests" name="RemoveFilter_MultipleFiltersOfTypeFound_AllFiltersOfTypeRemoved" />
    </UnitTest>
    <UnitTest name="VideoOS.IdentityServer.UnitTests.Services.UserProvisionerTests.CreateOrUpdateUser_NewUserPreferred_PreferredUsername" storage="d:\actions-runner\_work\xpco\xpco\identityserver\videoos.identityserver.unittests\bin\debug\net6.0\win-x64\videoos.identityserver.unittests.dll" id="f9dbaf2d-8319-3cb6-d10e-e8e4da1e14d6">
      <Execution id="3a44e75c-bb1b-4ebe-834f-38933c3ff723" />
      <TestMethod codeBase="D:\actions-runner\_work\XPCO\XPCO\IdentityServer\VideoOS.IdentityServer.UnitTests\bin\Debug\net6.0\win-x64\VideoOS.IdentityServer.UnitTests.dll" adapterTypeName="executor://xunit/VsTestRunner2/netcoreapp" className="VideoOS.IdentityServer.UnitTests.Services.UserProvisionerTests" name="CreateOrUpdateUser_NewUserPreferred_PreferredUsername" />
    </UnitTest>
    <UnitTest name="VideoOS.IdentityServer.UnitTests.Filters.RedirectAntiForgeryValidationFailedResultFilterTest.OnResultExecutionAsync_ResultNotAntiforgeryValidationFailedResult" storage="d:\actions-runner\_work\xpco\xpco\identityserver\videoos.identityserver.unittests\bin\debug\net6.0\win-x64\videoos.identityserver.unittests.dll" id="2b0d43ee-5a30-eeab-0382-8a8c5d521a0a">
      <Execution id="0709d821-6520-4266-907c-7a6fe9c13eb3" />
      <TestMethod codeBase="D:\actions-runner\_work\XPCO\XPCO\IdentityServer\VideoOS.IdentityServer.UnitTests\bin\Debug\net6.0\win-x64\VideoOS.IdentityServer.UnitTests.dll" adapterTypeName="executor://xunit/VsTestRunner2/netcoreapp" className="VideoOS.IdentityServer.UnitTests.Filters.RedirectAntiForgeryValidationFailedResultFilterTest" name="OnResultExecutionAsync_ResultNotAntiforgeryValidationFailedResult" />
    </UnitTest>
    <UnitTest name="VideoOS.IdentityServer.UnitTests.Repositories.VmsUserManagerTests.ChangePasswordAsync_PasswordChangedUnSuccessful_ForcePasswordChangeNotReset" storage="d:\actions-runner\_work\xpco\xpco\identityserver\videoos.identityserver.unittests\bin\debug\net6.0\win-x64\videoos.identityserver.unittests.dll" id="8077f55b-866c-8b6a-e210-2bf14ffef320">
      <Execution id="c7db676a-fce2-4e3a-9502-d1f9e38c0cb6" />
      <TestMethod codeBase="D:\actions-runner\_work\XPCO\XPCO\IdentityServer\VideoOS.IdentityServer.UnitTests\bin\Debug\net6.0\win-x64\VideoOS.IdentityServer.UnitTests.dll" adapterTypeName="executor://xunit/VsTestRunner2/netcoreapp" className="VideoOS.IdentityServer.UnitTests.Repositories.VmsUserManagerTests" name="ChangePasswordAsync_PasswordChangedUnSuccessful_ForcePasswordChangeNotReset" />
    </UnitTest>
    <UnitTest name="VideoOS.IdentityServer.UnitTests.Repositories.VmsUserManagerTests.CreateUserInternalAsync_WithLoginInfo_LoginInfoAdded" storage="d:\actions-runner\_work\xpco\xpco\identityserver\videoos.identityserver.unittests\bin\debug\net6.0\win-x64\videoos.identityserver.unittests.dll" id="6e8e25c7-63cf-5e6a-6ab4-b39d8c6c18f8">
      <Execution id="f91253d5-5046-48d7-89c2-0773b2b56523" />
      <TestMethod codeBase="D:\actions-runner\_work\XPCO\XPCO\IdentityServer\VideoOS.IdentityServer.UnitTests\bin\Debug\net6.0\win-x64\VideoOS.IdentityServer.UnitTests.dll" adapterTypeName="executor://xunit/VsTestRunner2/netcoreapp" className="VideoOS.IdentityServer.UnitTests.Repositories.VmsUserManagerTests" name="CreateUserInternalAsync_WithLoginInfo_LoginInfoAdded" />
    </UnitTest>
    <UnitTest name="VideoOS.IdentityServer.UnitTests.Controllers.AdminIdentityControllerTests.Delete_AdminIdentityDoesNotExist_AdminIdentityNotFoundError" storage="d:\actions-runner\_work\xpco\xpco\identityserver\videoos.identityserver.unittests\bin\debug\net6.0\win-x64\videoos.identityserver.unittests.dll" id="efa8a8ad-4c39-271b-053b-041e97cad04b">
      <Execution id="4e6e69b1-9e10-41dd-8acb-762f70eb1919" />
      <TestMethod codeBase="D:\actions-runner\_work\XPCO\XPCO\IdentityServer\VideoOS.IdentityServer.UnitTests\bin\Debug\net6.0\win-x64\VideoOS.IdentityServer.UnitTests.dll" adapterTypeName="executor://xunit/VsTestRunner2/netcoreapp" className="VideoOS.IdentityServer.UnitTests.Controllers.AdminIdentityControllerTests" name="Delete_AdminIdentityDoesNotExist_AdminIdentityNotFoundError" />
    </UnitTest>
    <UnitTest name="VideoOS.IdentityServer.UnitTests.Validators.PasswordValidatorTests.ValidateAsync_PasswordIsMatchButTheSameAsOld_Failure" storage="d:\actions-runner\_work\xpco\xpco\identityserver\videoos.identityserver.unittests\bin\debug\net6.0\win-x64\videoos.identityserver.unittests.dll" id="792d04f1-cdf3-a8f4-9e01-3aa112fc487d">
      <Execution id="4d7ff8c5-2196-47b8-a61d-402dfd5c9eae" />
      <TestMethod codeBase="D:\actions-runner\_work\XPCO\XPCO\IdentityServer\VideoOS.IdentityServer.UnitTests\bin\Debug\net6.0\win-x64\VideoOS.IdentityServer.UnitTests.dll" adapterTypeName="executor://xunit/VsTestRunner2/netcoreapp" className="VideoOS.IdentityServer.UnitTests.Validators.PasswordValidatorTests" name="ValidateAsync_PasswordIsMatchButTheSameAsOld_Failure" />
    </UnitTest>
    <UnitTest name="VideoOS.IdentityServer.UnitTests.Controllers.UsersControllerTests.Get_UserIsNotFound_ReturnUserNotFoundResult" storage="d:\actions-runner\_work\xpco\xpco\identityserver\videoos.identityserver.unittests\bin\debug\net6.0\win-x64\videoos.identityserver.unittests.dll" id="e926b7aa-0d60-f438-49eb-df0c89b7356d">
      <Execution id="e7ac0c6d-924b-4ab3-ac8f-2ade96db021e" />
      <TestMethod codeBase="D:\actions-runner\_work\XPCO\XPCO\IdentityServer\VideoOS.IdentityServer.UnitTests\bin\Debug\net6.0\win-x64\VideoOS.IdentityServer.UnitTests.dll" adapterTypeName="executor://xunit/VsTestRunner2/netcoreapp" className="VideoOS.IdentityServer.UnitTests.Controllers.UsersControllerTests" name="Get_UserIsNotFound_ReturnUserNotFoundResult" />
    </UnitTest>
    <UnitTest name="VideoOS.IdentityServer.UnitTests.Attributes.DisallowCharacterAttributeTests.IsValid_ContainsDisallowedCharacters_ReturnsFalse(value: &quot;[testuser123]&quot;)" storage="d:\actions-runner\_work\xpco\xpco\identityserver\videoos.identityserver.unittests\bin\debug\net6.0\win-x64\videoos.identityserver.unittests.dll" id="9b11fbbf-e6b6-bf83-4a06-e41bb2807b4e">
      <Execution id="0cbdc01f-0be5-455b-8a02-dc35f0fd45e4" />
      <TestMethod codeBase="D:\actions-runner\_work\XPCO\XPCO\IdentityServer\VideoOS.IdentityServer.UnitTests\bin\Debug\net6.0\win-x64\VideoOS.IdentityServer.UnitTests.dll" adapterTypeName="executor://xunit/VsTestRunner2/netcoreapp" className="VideoOS.IdentityServer.UnitTests.Attributes.DisallowCharacterAttributeTests" name="IsValid_ContainsDisallowedCharacters_ReturnsFalse" />
    </UnitTest>
    <UnitTest name="VideoOS.IdentityServer.UnitTests.NLogConfiguration.NLogConfiguratorTests.RemoveFilter_FilterFound_FilterRemoved" storage="d:\actions-runner\_work\xpco\xpco\identityserver\videoos.identityserver.unittests\bin\debug\net6.0\win-x64\videoos.identityserver.unittests.dll" id="3e1add04-de3f-c9f0-b251-36e0ce7c9141">
      <Execution id="f1171945-45bd-426a-ab5e-df6592fd1b08" />
      <TestMethod codeBase="D:\actions-runner\_work\XPCO\XPCO\IdentityServer\VideoOS.IdentityServer.UnitTests\bin\Debug\net6.0\win-x64\VideoOS.IdentityServer.UnitTests.dll" adapterTypeName="executor://xunit/VsTestRunner2/netcoreapp" className="VideoOS.IdentityServer.UnitTests.NLogConfiguration.NLogConfiguratorTests" name="RemoveFilter_FilterFound_FilterRemoved" />
    </UnitTest>
    <UnitTest name="VideoOS.IdentityServer.UnitTests.Repositories.EventLogRepositoryTests.SaveChangesAsync_NewChanges_SaveChangesIsCalledOnDbContext" storage="d:\actions-runner\_work\xpco\xpco\identityserver\videoos.identityserver.unittests\bin\debug\net6.0\win-x64\videoos.identityserver.unittests.dll" id="79d67e59-7fbf-c07f-2150-4782871231d6">
      <Execution id="971682ae-361b-4269-a3b7-f183f628da7a" />
      <TestMethod codeBase="D:\actions-runner\_work\XPCO\XPCO\IdentityServer\VideoOS.IdentityServer.UnitTests\bin\Debug\net6.0\win-x64\VideoOS.IdentityServer.UnitTests.dll" adapterTypeName="executor://xunit/VsTestRunner2/netcoreapp" className="VideoOS.IdentityServer.UnitTests.Repositories.EventLogRepositoryTests" name="SaveChangesAsync_NewChanges_SaveChangesIsCalledOnDbContext" />
    </UnitTest>
    <UnitTest name="VideoOS.IdentityServer.UnitTests.GrantValidators.ResourceOwnerPasswordValidatorTests.ValidateAsync_UserCanSignIn_Success" storage="d:\actions-runner\_work\xpco\xpco\identityserver\videoos.identityserver.unittests\bin\debug\net6.0\win-x64\videoos.identityserver.unittests.dll" id="63bf71a7-1c76-c096-70d9-c487f1a1c964">
      <Execution id="c9af2f80-5fbc-4822-9731-7d342f773fb3" />
      <TestMethod codeBase="D:\actions-runner\_work\XPCO\XPCO\IdentityServer\VideoOS.IdentityServer.UnitTests\bin\Debug\net6.0\win-x64\VideoOS.IdentityServer.UnitTests.dll" adapterTypeName="executor://xunit/VsTestRunner2/netcoreapp" className="VideoOS.IdentityServer.UnitTests.GrantValidators.ResourceOwnerPasswordValidatorTests" name="ValidateAsync_UserCanSignIn_Success" />
    </UnitTest>
    <UnitTest name="VideoOS.IdentityServer.UnitTests.Attributes.SIDAttributeTests.IsValid_IsNotCorrectSidFormat_ReturnsFalse(value: &quot;abc&quot;)" storage="d:\actions-runner\_work\xpco\xpco\identityserver\videoos.identityserver.unittests\bin\debug\net6.0\win-x64\videoos.identityserver.unittests.dll" id="3f520ac0-c8cd-5212-c1e5-a71c6ce7b1d8">
      <Execution id="f9ad7c57-9c38-4c82-b6c0-92412122fc5f" />
      <TestMethod codeBase="D:\actions-runner\_work\XPCO\XPCO\IdentityServer\VideoOS.IdentityServer.UnitTests\bin\Debug\net6.0\win-x64\VideoOS.IdentityServer.UnitTests.dll" adapterTypeName="executor://xunit/VsTestRunner2/netcoreapp" className="VideoOS.IdentityServer.UnitTests.Attributes.SIDAttributeTests" name="IsValid_IsNotCorrectSidFormat_ReturnsFalse" />
    </UnitTest>
    <UnitTest name="VideoOS.IdentityServer.UnitTests.Controllers.ScopesControllerTests.GetScopes_ScopesFromParameter_ReturnsOkResultWithScopes(scopes: [&quot;a&quot;, &quot;b&quot;, &quot;c&quot;])" storage="d:\actions-runner\_work\xpco\xpco\identityserver\videoos.identityserver.unittests\bin\debug\net6.0\win-x64\videoos.identityserver.unittests.dll" id="bd4d040a-362e-315d-9db8-79afcca6e531">
      <Execution id="dfb47652-9bfa-49ad-9712-aba115d7769c" />
      <TestMethod codeBase="D:\actions-runner\_work\XPCO\XPCO\IdentityServer\VideoOS.IdentityServer.UnitTests\bin\Debug\net6.0\win-x64\VideoOS.IdentityServer.UnitTests.dll" adapterTypeName="executor://xunit/VsTestRunner2/netcoreapp" className="VideoOS.IdentityServer.UnitTests.Controllers.ScopesControllerTests" name="GetScopes_ScopesFromParameter_ReturnsOkResultWithScopes" />
    </UnitTest>
    <UnitTest name="VideoOS.IdentityServer.UnitTests.Controllers.LoginsControllerTests.DeleteLogin_WithOutFilterParameters_NotAllowedReturned" storage="d:\actions-runner\_work\xpco\xpco\identityserver\videoos.identityserver.unittests\bin\debug\net6.0\win-x64\videoos.identityserver.unittests.dll" id="3c28b699-7e42-a387-ebec-ae8f09e7595c">
      <Execution id="79ab79e0-46b5-4aa0-8085-0d5e23e056fd" />
      <TestMethod codeBase="D:\actions-runner\_work\XPCO\XPCO\IdentityServer\VideoOS.IdentityServer.UnitTests\bin\Debug\net6.0\win-x64\VideoOS.IdentityServer.UnitTests.dll" adapterTypeName="executor://xunit/VsTestRunner2/netcoreapp" className="VideoOS.IdentityServer.UnitTests.Controllers.LoginsControllerTests" name="DeleteLogin_WithOutFilterParameters_NotAllowedReturned" />
    </UnitTest>
    <UnitTest name="VideoOS.IdentityServer.UnitTests.Helper.ExpressionBuilderTests.FromString_DifferentQueriesWithAllowedSearchNames_ReturnsExpectedCount(query: &quot;time gt 1000-1-1&quot;, expectedCount: 3, allowedSearchNames: [&quot;Time&quot;])" storage="d:\actions-runner\_work\xpco\xpco\identityserver\videoos.identityserver.unittests\bin\debug\net6.0\win-x64\videoos.identityserver.unittests.dll" id="2bce7dd0-b1a6-dec2-bec3-b5fa8c6f5870">
      <Execution id="b84ec63c-f40f-4bc9-8966-ec7bbec8145c" />
      <TestMethod codeBase="D:\actions-runner\_work\XPCO\XPCO\IdentityServer\VideoOS.IdentityServer.UnitTests\bin\Debug\net6.0\win-x64\VideoOS.IdentityServer.UnitTests.dll" adapterTypeName="executor://xunit/VsTestRunner2/netcoreapp" className="VideoOS.IdentityServer.UnitTests.Helper.ExpressionBuilderTests" name="FromString_DifferentQueriesWithAllowedSearchNames_ReturnsExpectedCount" />
    </UnitTest>
    <UnitTest name="VideoOS.IdentityServer.UnitTests.Controllers.BaseControllerTests.BadRequest_InvokeParameterLess_ThrowsNotImplementedException" storage="d:\actions-runner\_work\xpco\xpco\identityserver\videoos.identityserver.unittests\bin\debug\net6.0\win-x64\videoos.identityserver.unittests.dll" id="fd525cc0-7096-f2ae-e8d9-24ea20fe7cfe">
      <Execution id="2f3d0457-d2e7-4c7c-99b5-fece87ed6e48" />
      <TestMethod codeBase="D:\actions-runner\_work\XPCO\XPCO\IdentityServer\VideoOS.IdentityServer.UnitTests\bin\Debug\net6.0\win-x64\VideoOS.IdentityServer.UnitTests.dll" adapterTypeName="executor://xunit/VsTestRunner2/netcoreapp" className="VideoOS.IdentityServer.UnitTests.Controllers.BaseControllerTests" name="BadRequest_InvokeParameterLess_ThrowsNotImplementedException" />
    </UnitTest>
    <UnitTest name="VideoOS.IdentityServer.UnitTests.Controllers.BaseControllerTests.RoleNotFound_InvokeWithString_ReturnsResultWithErrorResponse" storage="d:\actions-runner\_work\xpco\xpco\identityserver\videoos.identityserver.unittests\bin\debug\net6.0\win-x64\videoos.identityserver.unittests.dll" id="a18732da-0733-f277-254f-d26d899992fb">
      <Execution id="90253ab8-037d-49b4-8574-5bb91dfcbfef" />
      <TestMethod codeBase="D:\actions-runner\_work\XPCO\XPCO\IdentityServer\VideoOS.IdentityServer.UnitTests\bin\Debug\net6.0\win-x64\VideoOS.IdentityServer.UnitTests.dll" adapterTypeName="executor://xunit/VsTestRunner2/netcoreapp" className="VideoOS.IdentityServer.UnitTests.Controllers.BaseControllerTests" name="RoleNotFound_InvokeWithString_ReturnsResultWithErrorResponse" />
    </UnitTest>
    <UnitTest name="VideoOS.IdentityServer.UnitTests.Attributes.DisallowCharacterAttributeTests.IsValid_ContainsOnlyAllowedCharacters_ReturnsTrue(value: &quot;testUser123&quot;)" storage="d:\actions-runner\_work\xpco\xpco\identityserver\videoos.identityserver.unittests\bin\debug\net6.0\win-x64\videoos.identityserver.unittests.dll" id="f1dd52a8-3970-8b00-915d-53f41e6de369">
      <Execution id="0c3717b8-37d6-4dcb-aba0-07858b106951" />
      <TestMethod codeBase="D:\actions-runner\_work\XPCO\XPCO\IdentityServer\VideoOS.IdentityServer.UnitTests\bin\Debug\net6.0\win-x64\VideoOS.IdentityServer.UnitTests.dll" adapterTypeName="executor://xunit/VsTestRunner2/netcoreapp" className="VideoOS.IdentityServer.UnitTests.Attributes.DisallowCharacterAttributeTests" name="IsValid_ContainsOnlyAllowedCharacters_ReturnsTrue" />
    </UnitTest>
    <UnitTest name="VideoOS.IdentityServer.UnitTests.Services.UserProvisionerTests.CreateOrUpdateUser_NewUserNoPreferredNoName_Email" storage="d:\actions-runner\_work\xpco\xpco\identityserver\videoos.identityserver.unittests\bin\debug\net6.0\win-x64\videoos.identityserver.unittests.dll" id="2f335b89-37f3-f36a-5c93-c7b3e39d8a38">
      <Execution id="359e779c-2157-4b8d-905b-4cb729b42f16" />
      <TestMethod codeBase="D:\actions-runner\_work\XPCO\XPCO\IdentityServer\VideoOS.IdentityServer.UnitTests\bin\Debug\net6.0\win-x64\VideoOS.IdentityServer.UnitTests.dll" adapterTypeName="executor://xunit/VsTestRunner2/netcoreapp" className="VideoOS.IdentityServer.UnitTests.Services.UserProvisionerTests" name="CreateOrUpdateUser_NewUserNoPreferredNoName_Email" />
    </UnitTest>
    <UnitTest name="VideoOS.IdentityServer.UnitTests.Controllers.ErrorControllerTests.Error_ProblemDetailsCreated_ProblemReturned" storage="d:\actions-runner\_work\xpco\xpco\identityserver\videoos.identityserver.unittests\bin\debug\net6.0\win-x64\videoos.identityserver.unittests.dll" id="5a0d5dfe-96bc-4a66-bdea-1ea02d9e96dd">
      <Execution id="1a98bd21-72dc-48da-82e9-fbb56d6b7660" />
      <TestMethod codeBase="D:\actions-runner\_work\XPCO\XPCO\IdentityServer\VideoOS.IdentityServer.UnitTests\bin\Debug\net6.0\win-x64\VideoOS.IdentityServer.UnitTests.dll" adapterTypeName="executor://xunit/VsTestRunner2/netcoreapp" className="VideoOS.IdentityServer.UnitTests.Controllers.ErrorControllerTests" name="Error_ProblemDetailsCreated_ProblemReturned" />
    </UnitTest>
    <UnitTest name="VideoOS.IdentityServer.UnitTests.Services.PasswordValidationTests.RegExBuild" storage="d:\actions-runner\_work\xpco\xpco\identityserver\videoos.identityserver.unittests\bin\debug\net6.0\win-x64\videoos.identityserver.unittests.dll" id="889e6f9b-0246-8302-3a49-afd2bfd230d1">
      <Execution id="ae74d175-3b31-4a61-9f6e-df6513ec81b0" />
      <TestMethod codeBase="D:\actions-runner\_work\XPCO\XPCO\IdentityServer\VideoOS.IdentityServer.UnitTests\bin\Debug\net6.0\win-x64\VideoOS.IdentityServer.UnitTests.dll" adapterTypeName="executor://xunit/VsTestRunner2/netcoreapp" className="VideoOS.IdentityServer.UnitTests.Services.PasswordValidationTests" name="RegExBuild" />
    </UnitTest>
    <UnitTest name="VideoOS.IdentityServer.UnitTests.Helper.ArrayModelBinderTests.BindModelAsync_NotEnumerableType_Failed" storage="d:\actions-runner\_work\xpco\xpco\identityserver\videoos.identityserver.unittests\bin\debug\net6.0\win-x64\videoos.identityserver.unittests.dll" id="1e35a39e-d0e8-d4ab-bfb0-af910179f3e2">
      <Execution id="2739e6c1-812c-4694-8245-394680e0d1db" />
      <TestMethod codeBase="D:\actions-runner\_work\XPCO\XPCO\IdentityServer\VideoOS.IdentityServer.UnitTests\bin\Debug\net6.0\win-x64\VideoOS.IdentityServer.UnitTests.dll" adapterTypeName="executor://xunit/VsTestRunner2/netcoreapp" className="VideoOS.IdentityServer.UnitTests.Helper.ArrayModelBinderTests" name="BindModelAsync_NotEnumerableType_Failed" />
    </UnitTest>
    <UnitTest name="VideoOS.IdentityServer.UnitTests.Controllers.TrustedIssuersControllerTests.Put_TrustedIssuer_TrustedIssuersUpdated" storage="d:\actions-runner\_work\xpco\xpco\identityserver\videoos.identityserver.unittests\bin\debug\net6.0\win-x64\videoos.identityserver.unittests.dll" id="07e8a25f-7197-c209-719f-f588cfb085f1">
      <Execution id="d4b15e67-a742-4403-8f6a-2b7acf566372" />
      <TestMethod codeBase="D:\actions-runner\_work\XPCO\XPCO\IdentityServer\VideoOS.IdentityServer.UnitTests\bin\Debug\net6.0\win-x64\VideoOS.IdentityServer.UnitTests.dll" adapterTypeName="executor://xunit/VsTestRunner2/netcoreapp" className="VideoOS.IdentityServer.UnitTests.Controllers.TrustedIssuersControllerTests" name="Put_TrustedIssuer_TrustedIssuersUpdated" />
    </UnitTest>
    <UnitTest name="VideoOS.IdentityServer.UnitTests.Controllers.EventLogsControllerTests.Get_CalledWithFilterAndPaginationParameters_CallsRepository" storage="d:\actions-runner\_work\xpco\xpco\identityserver\videoos.identityserver.unittests\bin\debug\net6.0\win-x64\videoos.identityserver.unittests.dll" id="7441f6f9-bcec-0df2-f536-62b5e6253144">
      <Execution id="5a8375d2-a8cf-4823-8390-73e87d1fc9fd" />
      <TestMethod codeBase="D:\actions-runner\_work\XPCO\XPCO\IdentityServer\VideoOS.IdentityServer.UnitTests\bin\Debug\net6.0\win-x64\VideoOS.IdentityServer.UnitTests.dll" adapterTypeName="executor://xunit/VsTestRunner2/netcoreapp" className="VideoOS.IdentityServer.UnitTests.Controllers.EventLogsControllerTests" name="Get_CalledWithFilterAndPaginationParameters_CallsRepository" />
    </UnitTest>
    <UnitTest name="VideoOS.IdentityServer.UnitTests.Controllers.AdminIdentityControllerTests.Get_AdminIdentityNotFound_NotFoundError" storage="d:\actions-runner\_work\xpco\xpco\identityserver\videoos.identityserver.unittests\bin\debug\net6.0\win-x64\videoos.identityserver.unittests.dll" id="b18394c6-84c0-7182-e15a-0ec6b0ee5981">
      <Execution id="bffab462-a482-4abf-af42-274ac5896d23" />
      <TestMethod codeBase="D:\actions-runner\_work\XPCO\XPCO\IdentityServer\VideoOS.IdentityServer.UnitTests\bin\Debug\net6.0\win-x64\VideoOS.IdentityServer.UnitTests.dll" adapterTypeName="executor://xunit/VsTestRunner2/netcoreapp" className="VideoOS.IdentityServer.UnitTests.Controllers.AdminIdentityControllerTests" name="Get_AdminIdentityNotFound_NotFoundError" />
    </UnitTest>
    <UnitTest name="VideoOS.IdentityServer.UnitTests.Controllers.ClientsControllerTests.RegisterClientAuthorizationCodeFlow_ClientExists_ClientIsUpdatedWithScopesNameAndRedirectUris" storage="d:\actions-runner\_work\xpco\xpco\identityserver\videoos.identityserver.unittests\bin\debug\net6.0\win-x64\videoos.identityserver.unittests.dll" id="920313dd-dbe4-45e4-85c7-ced5e63d5d71">
      <Execution id="433da344-e3d2-421c-bf97-ed1968c696b3" />
      <TestMethod codeBase="D:\actions-runner\_work\XPCO\XPCO\IdentityServer\VideoOS.IdentityServer.UnitTests\bin\Debug\net6.0\win-x64\VideoOS.IdentityServer.UnitTests.dll" adapterTypeName="executor://xunit/VsTestRunner2/netcoreapp" className="VideoOS.IdentityServer.UnitTests.Controllers.ClientsControllerTests" name="RegisterClientAuthorizationCodeFlow_ClientExists_ClientIsUpdatedWithScopesNameAndRedirectUris" />
    </UnitTest>
    <UnitTest name="VideoOS.IdentityServer.UnitTests.Controllers.LoginsControllerTests.AddLogin_UserNotFound_NotFoundResponse" storage="d:\actions-runner\_work\xpco\xpco\identityserver\videoos.identityserver.unittests\bin\debug\net6.0\win-x64\videoos.identityserver.unittests.dll" id="56a56574-d434-69ef-6d61-031b81bda2e8">
      <Execution id="22691715-3a2a-4016-8005-bea7e113f456" />
      <TestMethod codeBase="D:\actions-runner\_work\XPCO\XPCO\IdentityServer\VideoOS.IdentityServer.UnitTests\bin\Debug\net6.0\win-x64\VideoOS.IdentityServer.UnitTests.dll" adapterTypeName="executor://xunit/VsTestRunner2/netcoreapp" className="VideoOS.IdentityServer.UnitTests.Controllers.LoginsControllerTests" name="AddLogin_UserNotFound_NotFoundResponse" />
    </UnitTest>
    <UnitTest name="VideoOS.IdentityServer.UnitTests.Filters.IdentityExceptionFilterAttributeTests.OnException_ExceptionIsRedirected" storage="d:\actions-runner\_work\xpco\xpco\identityserver\videoos.identityserver.unittests\bin\debug\net6.0\win-x64\videoos.identityserver.unittests.dll" id="ae3f62f7-e5b3-a8a3-5e08-b3e3c5abc5d8">
      <Execution id="77bc64b6-8c60-4996-83da-f491484e36c7" />
      <TestMethod codeBase="D:\actions-runner\_work\XPCO\XPCO\IdentityServer\VideoOS.IdentityServer.UnitTests\bin\Debug\net6.0\win-x64\VideoOS.IdentityServer.UnitTests.dll" adapterTypeName="executor://xunit/VsTestRunner2/netcoreapp" className="VideoOS.IdentityServer.UnitTests.Filters.IdentityExceptionFilterAttributeTests" name="OnException_ExceptionIsRedirected" />
    </UnitTest>
    <UnitTest name="VideoOS.IdentityServer.UnitTests.Validators.PasswordValidatorTests.ValidateAsync_PasswordIsEmpty_ThrowArgumentException" storage="d:\actions-runner\_work\xpco\xpco\identityserver\videoos.identityserver.unittests\bin\debug\net6.0\win-x64\videoos.identityserver.unittests.dll" id="bfb5848e-8f53-4c56-005c-ad410f1cc5e2">
      <Execution id="47189052-9d0f-4bf1-8f99-783db5820fe0" />
      <TestMethod codeBase="D:\actions-runner\_work\XPCO\XPCO\IdentityServer\VideoOS.IdentityServer.UnitTests\bin\Debug\net6.0\win-x64\VideoOS.IdentityServer.UnitTests.dll" adapterTypeName="executor://xunit/VsTestRunner2/netcoreapp" className="VideoOS.IdentityServer.UnitTests.Validators.PasswordValidatorTests" name="ValidateAsync_PasswordIsEmpty_ThrowArgumentException" />
    </UnitTest>
    <UnitTest name="VideoOS.IdentityServer.UnitTests.Repositories.VmsUserManagerTests.CreateUserInternalAsync_WithClaims_ClaimsAdded" storage="d:\actions-runner\_work\xpco\xpco\identityserver\videoos.identityserver.unittests\bin\debug\net6.0\win-x64\videoos.identityserver.unittests.dll" id="dcfd8432-adf7-5236-cec9-8539318aaff2">
      <Execution id="cc53a4e3-7153-443c-ac5c-af95129a0129" />
      <TestMethod codeBase="D:\actions-runner\_work\XPCO\XPCO\IdentityServer\VideoOS.IdentityServer.UnitTests\bin\Debug\net6.0\win-x64\VideoOS.IdentityServer.UnitTests.dll" adapterTypeName="executor://xunit/VsTestRunner2/netcoreapp" className="VideoOS.IdentityServer.UnitTests.Repositories.VmsUserManagerTests" name="CreateUserInternalAsync_WithClaims_ClaimsAdded" />
    </UnitTest>
    <UnitTest name="VideoOS.IdentityServer.UnitTests.Validators.PasswordValidatorTests.ValidateAsync_VmsUserIsNull_ThrowArgumentNullException" storage="d:\actions-runner\_work\xpco\xpco\identityserver\videoos.identityserver.unittests\bin\debug\net6.0\win-x64\videoos.identityserver.unittests.dll" id="da2b0da1-6076-2fbe-2022-7beb2bbf7e43">
      <Execution id="a292552a-0992-4990-bd2b-1dd0073f3eff" />
      <TestMethod codeBase="D:\actions-runner\_work\XPCO\XPCO\IdentityServer\VideoOS.IdentityServer.UnitTests\bin\Debug\net6.0\win-x64\VideoOS.IdentityServer.UnitTests.dll" adapterTypeName="executor://xunit/VsTestRunner2/netcoreapp" className="VideoOS.IdentityServer.UnitTests.Validators.PasswordValidatorTests" name="ValidateAsync_VmsUserIsNull_ThrowArgumentNullException" />
    </UnitTest>
    <UnitTest name="VideoOS.IdentityServer.UnitTests.Controllers.ExternalProviderManagerTests.RemoveProvider_LoginProvider_Exists_RemovesProviderConfiguration" storage="d:\actions-runner\_work\xpco\xpco\identityserver\videoos.identityserver.unittests\bin\debug\net6.0\win-x64\videoos.identityserver.unittests.dll" id="46f0f36c-7d3e-9fc6-0e91-a8eb7e670908">
      <Execution id="f18c5b4b-d660-4f49-9b21-8d4502019d85" />
      <TestMethod codeBase="D:\actions-runner\_work\XPCO\XPCO\IdentityServer\VideoOS.IdentityServer.UnitTests\bin\Debug\net6.0\win-x64\VideoOS.IdentityServer.UnitTests.dll" adapterTypeName="executor://xunit/VsTestRunner2/netcoreapp" className="VideoOS.IdentityServer.UnitTests.Controllers.ExternalProviderManagerTests" name="RemoveProvider_LoginProvider_Exists_RemovesProviderConfiguration" />
    </UnitTest>
    <UnitTest name="VideoOS.IdentityServer.UnitTests.Helper.ExpressionBuilderTests.FromString_DifferentQueriesWithAllowedSearchNames_ReturnsExpectedCount(query: &quot;time ne 2000-1-1&quot;, expectedCount: 4, allowedSearchNames: [&quot;Time&quot;])" storage="d:\actions-runner\_work\xpco\xpco\identityserver\videoos.identityserver.unittests\bin\debug\net6.0\win-x64\videoos.identityserver.unittests.dll" id="5079d3fc-6790-cdcd-e37e-18fc2e9b3433">
      <Execution id="351aa061-7a17-4e33-8d14-69792a5ba69a" />
      <TestMethod codeBase="D:\actions-runner\_work\XPCO\XPCO\IdentityServer\VideoOS.IdentityServer.UnitTests\bin\Debug\net6.0\win-x64\VideoOS.IdentityServer.UnitTests.dll" adapterTypeName="executor://xunit/VsTestRunner2/netcoreapp" className="VideoOS.IdentityServer.UnitTests.Helper.ExpressionBuilderTests" name="FromString_DifferentQueriesWithAllowedSearchNames_ReturnsExpectedCount" />
    </UnitTest>
    <UnitTest name="VideoOS.IdentityServer.UnitTests.Helper.RsaKeyGeneratorTests.GenerateRsaSecurityKey_InvalidKeySize_ThrowsArgumentOutOfRangeException(keySize: 0)" storage="d:\actions-runner\_work\xpco\xpco\identityserver\videoos.identityserver.unittests\bin\debug\net6.0\win-x64\videoos.identityserver.unittests.dll" id="b122f024-4d62-5fa9-117a-e786ca27ba96">
      <Execution id="a9150d5f-2527-4c9d-bbd8-b8ef00b87840" />
      <TestMethod codeBase="D:\actions-runner\_work\XPCO\XPCO\IdentityServer\VideoOS.IdentityServer.UnitTests\bin\Debug\net6.0\win-x64\VideoOS.IdentityServer.UnitTests.dll" adapterTypeName="executor://xunit/VsTestRunner2/netcoreapp" className="VideoOS.IdentityServer.UnitTests.Helper.RsaKeyGeneratorTests" name="GenerateRsaSecurityKey_InvalidKeySize_ThrowsArgumentOutOfRangeException" />
    </UnitTest>
    <UnitTest name="VideoOS.IdentityServer.UnitTests.Controllers.ClientsControllerTests.RegisterClient_InvalidScopeRequested_BusinessViolationExceptionIsThrown" storage="d:\actions-runner\_work\xpco\xpco\identityserver\videoos.identityserver.unittests\bin\debug\net6.0\win-x64\videoos.identityserver.unittests.dll" id="701b9407-2bc9-d9c2-65dd-033db64cd63b">
      <Execution id="252d9151-0d27-4108-8b5b-68cd00ad3f34" />
      <TestMethod codeBase="D:\actions-runner\_work\XPCO\XPCO\IdentityServer\VideoOS.IdentityServer.UnitTests\bin\Debug\net6.0\win-x64\VideoOS.IdentityServer.UnitTests.dll" adapterTypeName="executor://xunit/VsTestRunner2/netcoreapp" className="VideoOS.IdentityServer.UnitTests.Controllers.ClientsControllerTests" name="RegisterClient_InvalidScopeRequested_BusinessViolationExceptionIsThrown" />
    </UnitTest>
    <UnitTest name="VideoOS.IdentityServer.UnitTests.Services.UserProvisionerTests.CreateOrUpdateUser_NewUserConfiguredUserNameClaimType_ClaimExistUserNameFromClaim" storage="d:\actions-runner\_work\xpco\xpco\identityserver\videoos.identityserver.unittests\bin\debug\net6.0\win-x64\videoos.identityserver.unittests.dll" id="e1a480f7-1879-820c-92c7-55ac426d0357">
      <Execution id="6dcb2e57-f287-42a7-ae9c-0149a53c7978" />
      <TestMethod codeBase="D:\actions-runner\_work\XPCO\XPCO\IdentityServer\VideoOS.IdentityServer.UnitTests\bin\Debug\net6.0\win-x64\VideoOS.IdentityServer.UnitTests.dll" adapterTypeName="executor://xunit/VsTestRunner2/netcoreapp" className="VideoOS.IdentityServer.UnitTests.Services.UserProvisionerTests" name="CreateOrUpdateUser_NewUserConfiguredUserNameClaimType_ClaimExistUserNameFromClaim" />
    </UnitTest>
    <UnitTest name="VideoOS.IdentityServer.UnitTests.Pages.ErrorTests.OnGetAsync_RequestIsNotOnApiPath_DisplayCorrectErrorCodeAndShowFooter(httpStatusCode: OK, expectedErrorCodeMessage: &quot;UnexpectedError&quot;, expectedShowFooter: True)" storage="d:\actions-runner\_work\xpco\xpco\identityserver\videoos.identityserver.unittests\bin\debug\net6.0\win-x64\videoos.identityserver.unittests.dll" id="916b12d7-8610-3d11-74fa-814e50a8b226">
      <Execution id="e56c5445-fba6-465b-93b5-d3e356c0d038" />
      <TestMethod codeBase="D:\actions-runner\_work\XPCO\XPCO\IdentityServer\VideoOS.IdentityServer.UnitTests\bin\Debug\net6.0\win-x64\VideoOS.IdentityServer.UnitTests.dll" adapterTypeName="executor://xunit/VsTestRunner2/netcoreapp" className="VideoOS.IdentityServer.UnitTests.Pages.ErrorTests" name="OnGetAsync_RequestIsNotOnApiPath_DisplayCorrectErrorCodeAndShowFooter" />
    </UnitTest>
    <UnitTest name="VideoOS.IdentityServer.UnitTests.Model.Result.ResultTests.Failure_ShouldBeErrorWithOneError_WhenSingleErrorProvided" storage="d:\actions-runner\_work\xpco\xpco\identityserver\videoos.identityserver.unittests\bin\debug\net6.0\win-x64\videoos.identityserver.unittests.dll" id="efff05e3-3b5a-b327-7cd0-0aaf390483f8">
      <Execution id="d968f7fb-3f9d-4748-85c3-0ae3c752eda1" />
      <TestMethod codeBase="D:\actions-runner\_work\XPCO\XPCO\IdentityServer\VideoOS.IdentityServer.UnitTests\bin\Debug\net6.0\win-x64\VideoOS.IdentityServer.UnitTests.dll" adapterTypeName="executor://xunit/VsTestRunner2/netcoreapp" className="VideoOS.IdentityServer.UnitTests.Model.Result.ResultTests" name="Failure_ShouldBeErrorWithOneError_WhenSingleErrorProvided" />
    </UnitTest>
    <UnitTest name="VideoOS.IdentityServer.UnitTests.Controllers.ExternalProviderManagerTests.RemoveProvider_LoginProvider_DontExist_DoesNothing" storage="d:\actions-runner\_work\xpco\xpco\identityserver\videoos.identityserver.unittests\bin\debug\net6.0\win-x64\videoos.identityserver.unittests.dll" id="65be61bd-48d1-7d05-8d35-0ef84b0e73f8">
      <Execution id="e79a3f21-9ef3-4a68-8283-436f27cdf07e" />
      <TestMethod codeBase="D:\actions-runner\_work\XPCO\XPCO\IdentityServer\VideoOS.IdentityServer.UnitTests\bin\Debug\net6.0\win-x64\VideoOS.IdentityServer.UnitTests.dll" adapterTypeName="executor://xunit/VsTestRunner2/netcoreapp" className="VideoOS.IdentityServer.UnitTests.Controllers.ExternalProviderManagerTests" name="RemoveProvider_LoginProvider_DontExist_DoesNothing" />
    </UnitTest>
    <UnitTest name="VideoOS.IdentityServer.UnitTests.Controllers.TrustedIssuersControllerTests.Get_TrustedIssuers_TrustedIssuersAreReturned" storage="d:\actions-runner\_work\xpco\xpco\identityserver\videoos.identityserver.unittests\bin\debug\net6.0\win-x64\videoos.identityserver.unittests.dll" id="73af1a05-910c-f0d8-d5f3-cfbb3860e5f2">
      <Execution id="56bb3107-1984-4310-80e8-a0e87a26017f" />
      <TestMethod codeBase="D:\actions-runner\_work\XPCO\XPCO\IdentityServer\VideoOS.IdentityServer.UnitTests\bin\Debug\net6.0\win-x64\VideoOS.IdentityServer.UnitTests.dll" adapterTypeName="executor://xunit/VsTestRunner2/netcoreapp" className="VideoOS.IdentityServer.UnitTests.Controllers.TrustedIssuersControllerTests" name="Get_TrustedIssuers_TrustedIssuersAreReturned" />
    </UnitTest>
    <UnitTest name="VideoOS.IdentityServer.UnitTests.Repositories.VmsUserManagerTests.CreateUserInternalAsync_CreateError_Failed" storage="d:\actions-runner\_work\xpco\xpco\identityserver\videoos.identityserver.unittests\bin\debug\net6.0\win-x64\videoos.identityserver.unittests.dll" id="05d3f044-5331-7ce3-623e-9916ab55f9e4">
      <Execution id="76e0057c-ce60-4025-b7c5-f8d51ddb3411" />
      <TestMethod codeBase="D:\actions-runner\_work\XPCO\XPCO\IdentityServer\VideoOS.IdentityServer.UnitTests\bin\Debug\net6.0\win-x64\VideoOS.IdentityServer.UnitTests.dll" adapterTypeName="executor://xunit/VsTestRunner2/netcoreapp" className="VideoOS.IdentityServer.UnitTests.Repositories.VmsUserManagerTests" name="CreateUserInternalAsync_CreateError_Failed" />
    </UnitTest>
    <UnitTest name="VideoOS.IdentityServer.UnitTests.GrantValidators.TokenExchangeGrantValidatorTests.ValidateAsync_ProviderIdNotMapped_InvalidRequestReturned" storage="d:\actions-runner\_work\xpco\xpco\identityserver\videoos.identityserver.unittests\bin\debug\net6.0\win-x64\videoos.identityserver.unittests.dll" id="655efde5-eb67-b8e4-b0fe-7bf0264f6e1d">
      <Execution id="04117d72-e107-472e-9913-fd7fc0f607db" />
      <TestMethod codeBase="D:\actions-runner\_work\XPCO\XPCO\IdentityServer\VideoOS.IdentityServer.UnitTests\bin\Debug\net6.0\win-x64\VideoOS.IdentityServer.UnitTests.dll" adapterTypeName="executor://xunit/VsTestRunner2/netcoreapp" className="VideoOS.IdentityServer.UnitTests.GrantValidators.TokenExchangeGrantValidatorTests" name="ValidateAsync_ProviderIdNotMapped_InvalidRequestReturned" />
    </UnitTest>
    <UnitTest name="VideoOS.IdentityServer.UnitTests.Services.PasswordHasherWithLegacySupportTests.VerifyHashedPassword_CorrectPassword_Success" storage="d:\actions-runner\_work\xpco\xpco\identityserver\videoos.identityserver.unittests\bin\debug\net6.0\win-x64\videoos.identityserver.unittests.dll" id="7f59dbcd-75fe-db1e-8ad0-2f58f53f04a1">
      <Execution id="ab51821b-5a04-46a8-9908-2911cc7ef5aa" />
      <TestMethod codeBase="D:\actions-runner\_work\XPCO\XPCO\IdentityServer\VideoOS.IdentityServer.UnitTests\bin\Debug\net6.0\win-x64\VideoOS.IdentityServer.UnitTests.dll" adapterTypeName="executor://xunit/VsTestRunner2/netcoreapp" className="VideoOS.IdentityServer.UnitTests.Services.PasswordHasherWithLegacySupportTests" name="VerifyHashedPassword_CorrectPassword_Success" />
    </UnitTest>
    <UnitTest name="VideoOS.IdentityServer.UnitTests.Attributes.HttpOrHttpsAttributeTests.IsValid_ForInvalidUriFormat_ReturnsError(url: &quot;http:::/wrong.url.com&quot;)" storage="d:\actions-runner\_work\xpco\xpco\identityserver\videoos.identityserver.unittests\bin\debug\net6.0\win-x64\videoos.identityserver.unittests.dll" id="a8887616-d21a-2760-ae8d-12c4008e3d23">
      <Execution id="89d8ee66-0dce-43c5-b92f-f8c501620757" />
      <TestMethod codeBase="D:\actions-runner\_work\XPCO\XPCO\IdentityServer\VideoOS.IdentityServer.UnitTests\bin\Debug\net6.0\win-x64\VideoOS.IdentityServer.UnitTests.dll" adapterTypeName="executor://xunit/VsTestRunner2/netcoreapp" className="VideoOS.IdentityServer.UnitTests.Attributes.HttpOrHttpsAttributeTests" name="IsValid_ForInvalidUriFormat_ReturnsError" />
    </UnitTest>
    <UnitTest name="VideoOS.IdentityServer.UnitTests.GrantValidators.TokenExchangeGrantValidatorTests.ValidateAsync_SubjectTokenTypeIsNotAccessToken_InvalidRequestReturned" storage="d:\actions-runner\_work\xpco\xpco\identityserver\videoos.identityserver.unittests\bin\debug\net6.0\win-x64\videoos.identityserver.unittests.dll" id="21586175-584b-4451-cebd-1ccf3d32985f">
      <Execution id="90b1e2cb-92fd-4974-8f02-f4577ab1216b" />
      <TestMethod codeBase="D:\actions-runner\_work\XPCO\XPCO\IdentityServer\VideoOS.IdentityServer.UnitTests\bin\Debug\net6.0\win-x64\VideoOS.IdentityServer.UnitTests.dll" adapterTypeName="executor://xunit/VsTestRunner2/netcoreapp" className="VideoOS.IdentityServer.UnitTests.GrantValidators.TokenExchangeGrantValidatorTests" name="ValidateAsync_SubjectTokenTypeIsNotAccessToken_InvalidRequestReturned" />
    </UnitTest>
    <UnitTest name="VideoOS.IdentityServer.UnitTests.Validators.PasswordValidatorTests.ValidateAsync_PasswordContainsMatchAndNotTheSameAsOldPassword_Success" storage="d:\actions-runner\_work\xpco\xpco\identityserver\videoos.identityserver.unittests\bin\debug\net6.0\win-x64\videoos.identityserver.unittests.dll" id="42b682b6-b6d6-d89b-7937-0116f3c39906">
      <Execution id="a48b4556-30a5-456e-898c-b0e4597c7564" />
      <TestMethod codeBase="D:\actions-runner\_work\XPCO\XPCO\IdentityServer\VideoOS.IdentityServer.UnitTests\bin\Debug\net6.0\win-x64\VideoOS.IdentityServer.UnitTests.dll" adapterTypeName="executor://xunit/VsTestRunner2/netcoreapp" className="VideoOS.IdentityServer.UnitTests.Validators.PasswordValidatorTests" name="ValidateAsync_PasswordContainsMatchAndNotTheSameAsOldPassword_Success" />
    </UnitTest>
    <UnitTest name="VideoOS.IdentityServer.UnitTests.Repositories.VmsUserManagerTests.CreateUserInternalAsync_NoPasswordProvided_Success" storage="d:\actions-runner\_work\xpco\xpco\identityserver\videoos.identityserver.unittests\bin\debug\net6.0\win-x64\videoos.identityserver.unittests.dll" id="43197df3-7437-0ac0-2a16-3d7ff5077152">
      <Execution id="d41887bb-2455-41b9-903a-f0bd48c1ed76" />
      <TestMethod codeBase="D:\actions-runner\_work\XPCO\XPCO\IdentityServer\VideoOS.IdentityServer.UnitTests\bin\Debug\net6.0\win-x64\VideoOS.IdentityServer.UnitTests.dll" adapterTypeName="executor://xunit/VsTestRunner2/netcoreapp" className="VideoOS.IdentityServer.UnitTests.Repositories.VmsUserManagerTests" name="CreateUserInternalAsync_NoPasswordProvided_Success" />
    </UnitTest>
    <UnitTest name="VideoOS.IdentityServer.UnitTests.Model.ErrorResponseTests.SetErrors_SetWithNotAllowedError_ErrorsContainNoElements" storage="d:\actions-runner\_work\xpco\xpco\identityserver\videoos.identityserver.unittests\bin\debug\net6.0\win-x64\videoos.identityserver.unittests.dll" id="099c2cc4-9649-b53a-17b6-e9c80e929555">
      <Execution id="15725d71-f062-4132-97c9-99ff020919e6" />
      <TestMethod codeBase="D:\actions-runner\_work\XPCO\XPCO\IdentityServer\VideoOS.IdentityServer.UnitTests\bin\Debug\net6.0\win-x64\VideoOS.IdentityServer.UnitTests.dll" adapterTypeName="executor://xunit/VsTestRunner2/netcoreapp" className="VideoOS.IdentityServer.UnitTests.Model.ErrorResponseTests" name="SetErrors_SetWithNotAllowedError_ErrorsContainNoElements" />
    </UnitTest>
    <UnitTest name="VideoOS.IdentityServer.UnitTests.Helper.ExpressionBuilderTests.FromString_DifferentQueriesWithAllowedSearchNames_ReturnsExpectedCount(query: &quot;number ne 4&quot;, expectedCount: 4, allowedSearchNames: [&quot;Number&quot;])" storage="d:\actions-runner\_work\xpco\xpco\identityserver\videoos.identityserver.unittests\bin\debug\net6.0\win-x64\videoos.identityserver.unittests.dll" id="e63c8da7-36bc-0278-9da1-1f7a23301408">
      <Execution id="0a43656f-e065-46e0-b071-d7b96bcd20e0" />
      <TestMethod codeBase="D:\actions-runner\_work\XPCO\XPCO\IdentityServer\VideoOS.IdentityServer.UnitTests\bin\Debug\net6.0\win-x64\VideoOS.IdentityServer.UnitTests.dll" adapterTypeName="executor://xunit/VsTestRunner2/netcoreapp" className="VideoOS.IdentityServer.UnitTests.Helper.ExpressionBuilderTests" name="FromString_DifferentQueriesWithAllowedSearchNames_ReturnsExpectedCount" />
    </UnitTest>
    <UnitTest name="VideoOS.IdentityServer.UnitTests.Services.PasswordHasherWithLegacySupportTests.VerifyHashedPassword_MissingOneLegacyPasswordClaim_Logged(missingClaim: &quot;MigrateSalt&quot;)" storage="d:\actions-runner\_work\xpco\xpco\identityserver\videoos.identityserver.unittests\bin\debug\net6.0\win-x64\videoos.identityserver.unittests.dll" id="3ca046f6-2934-db24-a17c-dfba6a65a4d4">
      <Execution id="f3a1ff72-82d6-408a-a39c-26b3da353c14" />
      <TestMethod codeBase="D:\actions-runner\_work\XPCO\XPCO\IdentityServer\VideoOS.IdentityServer.UnitTests\bin\Debug\net6.0\win-x64\VideoOS.IdentityServer.UnitTests.dll" adapterTypeName="executor://xunit/VsTestRunner2/netcoreapp" className="VideoOS.IdentityServer.UnitTests.Services.PasswordHasherWithLegacySupportTests" name="VerifyHashedPassword_MissingOneLegacyPasswordClaim_Logged" />
    </UnitTest>
    <UnitTest name="VideoOS.IdentityServer.UnitTests.Services.WellKnownConfigurationRetriever.WellKnownConfigurationRetrieverTests.GetWellKnownConfiguration_LoginProviderError_ReturnsErrorResult" storage="d:\actions-runner\_work\xpco\xpco\identityserver\videoos.identityserver.unittests\bin\debug\net6.0\win-x64\videoos.identityserver.unittests.dll" id="25862255-ea15-c4b2-f192-75ff61711a25">
      <Execution id="73c80574-ab70-4632-a564-7c3f7d06e049" />
      <TestMethod codeBase="D:\actions-runner\_work\XPCO\XPCO\IdentityServer\VideoOS.IdentityServer.UnitTests\bin\Debug\net6.0\win-x64\VideoOS.IdentityServer.UnitTests.dll" adapterTypeName="executor://xunit/VsTestRunner2/netcoreapp" className="VideoOS.IdentityServer.UnitTests.Services.WellKnownConfigurationRetriever.WellKnownConfigurationRetrieverTests" name="GetWellKnownConfiguration_LoginProviderError_ReturnsErrorResult" />
    </UnitTest>
    <UnitTest name="VideoOS.IdentityServer.UnitTests.Controllers.ExternalProvidersControllerTests.ExternalProviderController_ClassIsDecoratedWithAllowAnonymous" storage="d:\actions-runner\_work\xpco\xpco\identityserver\videoos.identityserver.unittests\bin\debug\net6.0\win-x64\videoos.identityserver.unittests.dll" id="0d85d1a5-4587-cde5-d4f6-a2747cae77f0">
      <Execution id="e55f0c1c-30c1-4ffc-9a7f-acca2e7197ed" />
      <TestMethod codeBase="D:\actions-runner\_work\XPCO\XPCO\IdentityServer\VideoOS.IdentityServer.UnitTests\bin\Debug\net6.0\win-x64\VideoOS.IdentityServer.UnitTests.dll" adapterTypeName="executor://xunit/VsTestRunner2/netcoreapp" className="VideoOS.IdentityServer.UnitTests.Controllers.ExternalProvidersControllerTests" name="ExternalProviderController_ClassIsDecoratedWithAllowAnonymous" />
    </UnitTest>
    <UnitTest name="VideoOS.IdentityServer.UnitTests.Services.ProfileServiceTests.GetProfileDataAsync_ProviderScopeRequestedCallerIsUserInfoEndpoint_RequestedAndRequiredClaims" storage="d:\actions-runner\_work\xpco\xpco\identityserver\videoos.identityserver.unittests\bin\debug\net6.0\win-x64\videoos.identityserver.unittests.dll" id="5373f050-6135-5a6d-df4f-e2461319f873">
      <Execution id="7ba30970-6d35-4382-8ca3-c3472e03ea77" />
      <TestMethod codeBase="D:\actions-runner\_work\XPCO\XPCO\IdentityServer\VideoOS.IdentityServer.UnitTests\bin\Debug\net6.0\win-x64\VideoOS.IdentityServer.UnitTests.dll" adapterTypeName="executor://xunit/VsTestRunner2/netcoreapp" className="VideoOS.IdentityServer.UnitTests.Services.ProfileServiceTests" name="GetProfileDataAsync_ProviderScopeRequestedCallerIsUserInfoEndpoint_RequestedAndRequiredClaims" />
    </UnitTest>
    <UnitTest name="VideoOS.IdentityServer.UnitTests.Repositories.ConfigurationRepositoryTest.AddAsync_NewClientIsPassed_ClientIsAddedToDbContext" storage="d:\actions-runner\_work\xpco\xpco\identityserver\videoos.identityserver.unittests\bin\debug\net6.0\win-x64\videoos.identityserver.unittests.dll" id="1fc6513f-0401-0907-ea53-a69e52aa54a2">
      <Execution id="319271f4-bda5-4f27-9d04-68b189a6d153" />
      <TestMethod codeBase="D:\actions-runner\_work\XPCO\XPCO\IdentityServer\VideoOS.IdentityServer.UnitTests\bin\Debug\net6.0\win-x64\VideoOS.IdentityServer.UnitTests.dll" adapterTypeName="executor://xunit/VsTestRunner2/netcoreapp" className="VideoOS.IdentityServer.UnitTests.Repositories.ConfigurationRepositoryTest" name="AddAsync_NewClientIsPassed_ClientIsAddedToDbContext" />
    </UnitTest>
    <UnitTest name="VideoOS.IdentityServer.UnitTests.Repositories.VmsUserManagerTests.IsUserLockedOut_ArgumentNull" storage="d:\actions-runner\_work\xpco\xpco\identityserver\videoos.identityserver.unittests\bin\debug\net6.0\win-x64\videoos.identityserver.unittests.dll" id="6f4eb697-3e07-ede3-abd7-09e7ac68274c">
      <Execution id="bf448457-4bdb-499e-ac1a-e3d3621dc84e" />
      <TestMethod codeBase="D:\actions-runner\_work\XPCO\XPCO\IdentityServer\VideoOS.IdentityServer.UnitTests\bin\Debug\net6.0\win-x64\VideoOS.IdentityServer.UnitTests.dll" adapterTypeName="executor://xunit/VsTestRunner2/netcoreapp" className="VideoOS.IdentityServer.UnitTests.Repositories.VmsUserManagerTests" name="IsUserLockedOut_ArgumentNull" />
    </UnitTest>
    <UnitTest name="VideoOS.IdentityServer.UnitTests.Attributes.HttpOrHttpsAttributeTests.IsValid_ForNullValue_ReturnsSuccess" storage="d:\actions-runner\_work\xpco\xpco\identityserver\videoos.identityserver.unittests\bin\debug\net6.0\win-x64\videoos.identityserver.unittests.dll" id="b4580218-8da8-9647-793a-06cfab52bf03">
      <Execution id="68abf7bb-db2f-4f85-a1e1-02f25a14b872" />
      <TestMethod codeBase="D:\actions-runner\_work\XPCO\XPCO\IdentityServer\VideoOS.IdentityServer.UnitTests\bin\Debug\net6.0\win-x64\VideoOS.IdentityServer.UnitTests.dll" adapterTypeName="executor://xunit/VsTestRunner2/netcoreapp" className="VideoOS.IdentityServer.UnitTests.Attributes.HttpOrHttpsAttributeTests" name="IsValid_ForNullValue_ReturnsSuccess" />
    </UnitTest>
    <UnitTest name="VideoOS.IdentityServer.UnitTests.Services.WellKnownConfigurationRetriever.WellKnownConfigurationRetrieverTests.GetWellKnownConfiguration_LoginProviderException_ReturnsErrorResult" storage="d:\actions-runner\_work\xpco\xpco\identityserver\videoos.identityserver.unittests\bin\debug\net6.0\win-x64\videoos.identityserver.unittests.dll" id="e4fc7a1f-da76-3fea-0cdd-b220789e02fa">
      <Execution id="62ededba-2f81-4cd9-9283-e98b9291cb2b" />
      <TestMethod codeBase="D:\actions-runner\_work\XPCO\XPCO\IdentityServer\VideoOS.IdentityServer.UnitTests\bin\Debug\net6.0\win-x64\VideoOS.IdentityServer.UnitTests.dll" adapterTypeName="executor://xunit/VsTestRunner2/netcoreapp" className="VideoOS.IdentityServer.UnitTests.Services.WellKnownConfigurationRetriever.WellKnownConfigurationRetrieverTests" name="GetWellKnownConfiguration_LoginProviderException_ReturnsErrorResult" />
    </UnitTest>
    <UnitTest name="VideoOS.IdentityServer.UnitTests.Attributes.IsGuidTests.IsGuid_ValueIsNotGuid_ReturnsFalse" storage="d:\actions-runner\_work\xpco\xpco\identityserver\videoos.identityserver.unittests\bin\debug\net6.0\win-x64\videoos.identityserver.unittests.dll" id="e7845d4a-9c88-9f03-59fc-c92a5ceeca9a">
      <Execution id="05b110a0-ac24-46f1-93bd-6b96aac34af5" />
      <TestMethod codeBase="D:\actions-runner\_work\XPCO\XPCO\IdentityServer\VideoOS.IdentityServer.UnitTests\bin\Debug\net6.0\win-x64\VideoOS.IdentityServer.UnitTests.dll" adapterTypeName="executor://xunit/VsTestRunner2/netcoreapp" className="VideoOS.IdentityServer.UnitTests.Attributes.IsGuidTests" name="IsGuid_ValueIsNotGuid_ReturnsFalse" />
    </UnitTest>
    <UnitTest name="VideoOS.IdentityServer.UnitTests.Controllers.UserCollectionsControllerTests.CreateUserCollection_MultipleUsersForCreation_CollectionOfUsersCreated" storage="d:\actions-runner\_work\xpco\xpco\identityserver\videoos.identityserver.unittests\bin\debug\net6.0\win-x64\videoos.identityserver.unittests.dll" id="6ae30df7-1365-ca5c-775a-88da868b4325">
      <Execution id="beda4b2c-1f70-4f3e-89d2-13a9516d982b" />
      <TestMethod codeBase="D:\actions-runner\_work\XPCO\XPCO\IdentityServer\VideoOS.IdentityServer.UnitTests\bin\Debug\net6.0\win-x64\VideoOS.IdentityServer.UnitTests.dll" adapterTypeName="executor://xunit/VsTestRunner2/netcoreapp" className="VideoOS.IdentityServer.UnitTests.Controllers.UserCollectionsControllerTests" name="CreateUserCollection_MultipleUsersForCreation_CollectionOfUsersCreated" />
    </UnitTest>
    <UnitTest name="VideoOS.IdentityServer.UnitTests.Controllers.ExternalProviderManagerTests.UpdateProvider_LoginProvider_NotEnabled_AlreadyExists_RemovesConfiguration" storage="d:\actions-runner\_work\xpco\xpco\identityserver\videoos.identityserver.unittests\bin\debug\net6.0\win-x64\videoos.identityserver.unittests.dll" id="c7b38266-3989-17e5-633a-0b7d19afb4c4">
      <Execution id="87ecfa17-d06c-4006-9621-7f4638eec05d" />
      <TestMethod codeBase="D:\actions-runner\_work\XPCO\XPCO\IdentityServer\VideoOS.IdentityServer.UnitTests\bin\Debug\net6.0\win-x64\VideoOS.IdentityServer.UnitTests.dll" adapterTypeName="executor://xunit/VsTestRunner2/netcoreapp" className="VideoOS.IdentityServer.UnitTests.Controllers.ExternalProviderManagerTests" name="UpdateProvider_LoginProvider_NotEnabled_AlreadyExists_RemovesConfiguration" />
    </UnitTest>
    <UnitTest name="VideoOS.IdentityServer.UnitTests.Repositories.VmsUserManagerTests.IsUserLockedOut_LockoutEnd_NotExpired" storage="d:\actions-runner\_work\xpco\xpco\identityserver\videoos.identityserver.unittests\bin\debug\net6.0\win-x64\videoos.identityserver.unittests.dll" id="f6517591-3689-63fc-d500-3583198fed0d">
      <Execution id="a30c5e1b-5eff-4e4b-9639-faa3238bcae5" />
      <TestMethod codeBase="D:\actions-runner\_work\XPCO\XPCO\IdentityServer\VideoOS.IdentityServer.UnitTests\bin\Debug\net6.0\win-x64\VideoOS.IdentityServer.UnitTests.dll" adapterTypeName="executor://xunit/VsTestRunner2/netcoreapp" className="VideoOS.IdentityServer.UnitTests.Repositories.VmsUserManagerTests" name="IsUserLockedOut_LockoutEnd_NotExpired" />
    </UnitTest>
    <UnitTest name="VideoOS.IdentityServer.UnitTests.Repositories.ConfigurationRepositoryTest.GetByClientIdAsync_ClientExists_ClientIsReturned" storage="d:\actions-runner\_work\xpco\xpco\identityserver\videoos.identityserver.unittests\bin\debug\net6.0\win-x64\videoos.identityserver.unittests.dll" id="8e8cb7e0-78e5-ded1-0e93-cda5bf51d581">
      <Execution id="48fe76e5-809a-4346-b115-03f0c40e61de" />
      <TestMethod codeBase="D:\actions-runner\_work\XPCO\XPCO\IdentityServer\VideoOS.IdentityServer.UnitTests\bin\Debug\net6.0\win-x64\VideoOS.IdentityServer.UnitTests.dll" adapterTypeName="executor://xunit/VsTestRunner2/netcoreapp" className="VideoOS.IdentityServer.UnitTests.Repositories.ConfigurationRepositoryTest" name="GetByClientIdAsync_ClientExists_ClientIsReturned" />
    </UnitTest>
    <UnitTest name="VideoOS.IdentityServer.UnitTests.Services.PasswordHasherWithLegacySupportTests.VerifyHashedPassword_CorrectLegacyPassword_SuccessRehashNeeded(encryptionMethod: &quot;SHA2_512&quot;)" storage="d:\actions-runner\_work\xpco\xpco\identityserver\videoos.identityserver.unittests\bin\debug\net6.0\win-x64\videoos.identityserver.unittests.dll" id="8bd3647f-8cd2-e043-7189-ba9c29073c25">
      <Execution id="eec62dd7-ddd1-4685-a3c6-41be2a152db2" />
      <TestMethod codeBase="D:\actions-runner\_work\XPCO\XPCO\IdentityServer\VideoOS.IdentityServer.UnitTests\bin\Debug\net6.0\win-x64\VideoOS.IdentityServer.UnitTests.dll" adapterTypeName="executor://xunit/VsTestRunner2/netcoreapp" className="VideoOS.IdentityServer.UnitTests.Services.PasswordHasherWithLegacySupportTests" name="VerifyHashedPassword_CorrectLegacyPassword_SuccessRehashNeeded" />
    </UnitTest>
    <UnitTest name="VideoOS.IdentityServer.UnitTests.Model.Result.ResultTests.Failure_ShouldThrowArgumentNullException_WhenNullErrorListProvided" storage="d:\actions-runner\_work\xpco\xpco\identityserver\videoos.identityserver.unittests\bin\debug\net6.0\win-x64\videoos.identityserver.unittests.dll" id="082e2d3a-9113-fbed-5f14-fb2a15bd14ea">
      <Execution id="c98c2481-2069-4f4b-b232-8d63beadcbb3" />
      <TestMethod codeBase="D:\actions-runner\_work\XPCO\XPCO\IdentityServer\VideoOS.IdentityServer.UnitTests\bin\Debug\net6.0\win-x64\VideoOS.IdentityServer.UnitTests.dll" adapterTypeName="executor://xunit/VsTestRunner2/netcoreapp" className="VideoOS.IdentityServer.UnitTests.Model.Result.ResultTests" name="Failure_ShouldThrowArgumentNullException_WhenNullErrorListProvided" />
    </UnitTest>
    <UnitTest name="VideoOS.IdentityServer.UnitTests.GrantValidators.TokenExchangeGrantValidatorTests.ValidateAsync_ExchangeStyleNotVmsFederation_InvalidRequestReturned" storage="d:\actions-runner\_work\xpco\xpco\identityserver\videoos.identityserver.unittests\bin\debug\net6.0\win-x64\videoos.identityserver.unittests.dll" id="f9f9c1a9-026b-519c-10d7-173536d70fa9">
      <Execution id="39c42786-f86b-4e90-a52d-281ca4a01ada" />
      <TestMethod codeBase="D:\actions-runner\_work\XPCO\XPCO\IdentityServer\VideoOS.IdentityServer.UnitTests\bin\Debug\net6.0\win-x64\VideoOS.IdentityServer.UnitTests.dll" adapterTypeName="executor://xunit/VsTestRunner2/netcoreapp" className="VideoOS.IdentityServer.UnitTests.GrantValidators.TokenExchangeGrantValidatorTests" name="ValidateAsync_ExchangeStyleNotVmsFederation_InvalidRequestReturned" />
    </UnitTest>
    <UnitTest name="VideoOS.IdentityServer.UnitTests.Controllers.LoginProvidersControllerTests.Post_LoginProvider_DuplicateLoginProvider_Failure" storage="d:\actions-runner\_work\xpco\xpco\identityserver\videoos.identityserver.unittests\bin\debug\net6.0\win-x64\videoos.identityserver.unittests.dll" id="1b1c617e-e8c3-892a-0a73-9823ff0526e1">
      <Execution id="f6798df4-946d-4728-8be1-3d83a605d9fa" />
      <TestMethod codeBase="D:\actions-runner\_work\XPCO\XPCO\IdentityServer\VideoOS.IdentityServer.UnitTests\bin\Debug\net6.0\win-x64\VideoOS.IdentityServer.UnitTests.dll" adapterTypeName="executor://xunit/VsTestRunner2/netcoreapp" className="VideoOS.IdentityServer.UnitTests.Controllers.LoginProvidersControllerTests" name="Post_LoginProvider_DuplicateLoginProvider_Failure" />
    </UnitTest>
    <UnitTest name="VideoOS.IdentityServer.UnitTests.Repositories.VmsUserManagerTests.CreateUserInternalAsync_LockoutDisabledAndUserHaveLockoutEnd_Failed" storage="d:\actions-runner\_work\xpco\xpco\identityserver\videoos.identityserver.unittests\bin\debug\net6.0\win-x64\videoos.identityserver.unittests.dll" id="da209cf0-6094-274f-e78f-8889bf2f8ba5">
      <Execution id="9bcf65e4-94c1-427a-aecc-6e77b56ba2d6" />
      <TestMethod codeBase="D:\actions-runner\_work\XPCO\XPCO\IdentityServer\VideoOS.IdentityServer.UnitTests\bin\Debug\net6.0\win-x64\VideoOS.IdentityServer.UnitTests.dll" adapterTypeName="executor://xunit/VsTestRunner2/netcoreapp" className="VideoOS.IdentityServer.UnitTests.Repositories.VmsUserManagerTests" name="CreateUserInternalAsync_LockoutDisabledAndUserHaveLockoutEnd_Failed" />
    </UnitTest>
    <UnitTest name="VideoOS.IdentityServer.UnitTests.Helper.ExpressionBuilderTests.FromString_DifferentQueriesWithDisallowedSearchNames_ThrowsInvalidOperationException(query: &quot;number ge 4&quot;, allowedSearchNames: [&quot;abc&quot;])" storage="d:\actions-runner\_work\xpco\xpco\identityserver\videoos.identityserver.unittests\bin\debug\net6.0\win-x64\videoos.identityserver.unittests.dll" id="c3d62fdb-9f77-4aa5-0654-aae86222d252">
      <Execution id="f3372d32-f340-4902-9c27-99c4f7ce8355" />
      <TestMethod codeBase="D:\actions-runner\_work\XPCO\XPCO\IdentityServer\VideoOS.IdentityServer.UnitTests\bin\Debug\net6.0\win-x64\VideoOS.IdentityServer.UnitTests.dll" adapterTypeName="executor://xunit/VsTestRunner2/netcoreapp" className="VideoOS.IdentityServer.UnitTests.Helper.ExpressionBuilderTests" name="FromString_DifferentQueriesWithDisallowedSearchNames_ThrowsInvalidOperationException" />
    </UnitTest>
    <UnitTest name="VideoOS.IdentityServer.UnitTests.Repositories.VmsUserManagerTests.HasClaimChanged_InputOfUserAndExternalClaims_ExpectedOutcome" storage="d:\actions-runner\_work\xpco\xpco\identityserver\videoos.identityserver.unittests\bin\debug\net6.0\win-x64\videoos.identityserver.unittests.dll" id="93cfa45e-50b0-604c-c09c-2e5001172962">
      <Execution id="ebe6afd5-02e1-4cf2-a2e8-b0a87ff26140" />
      <TestMethod codeBase="D:\actions-runner\_work\XPCO\XPCO\IdentityServer\VideoOS.IdentityServer.UnitTests\bin\Debug\net6.0\win-x64\VideoOS.IdentityServer.UnitTests.dll" adapterTypeName="executor://xunit/VsTestRunner2/netcoreapp" className="VideoOS.IdentityServer.UnitTests.Repositories.VmsUserManagerTests" name="HasClaimChanged_InputOfUserAndExternalClaims_ExpectedOutcome" />
    </UnitTest>
    <UnitTest name="VideoOS.IdentityServer.UnitTests.Helper.ExpressionBuilderTests.FromString_DifferentQueriesWithAllowedSearchNames_ReturnsExpectedCount(query: &quot;name eq c&quot;, expectedCount: 1, allowedSearchNames: [&quot;Name&quot;])" storage="d:\actions-runner\_work\xpco\xpco\identityserver\videoos.identityserver.unittests\bin\debug\net6.0\win-x64\videoos.identityserver.unittests.dll" id="4960d619-9637-97cb-79a8-c27b6f1b58a2">
      <Execution id="438fda5c-a03c-4651-a644-84fc5db8c543" />
      <TestMethod codeBase="D:\actions-runner\_work\XPCO\XPCO\IdentityServer\VideoOS.IdentityServer.UnitTests\bin\Debug\net6.0\win-x64\VideoOS.IdentityServer.UnitTests.dll" adapterTypeName="executor://xunit/VsTestRunner2/netcoreapp" className="VideoOS.IdentityServer.UnitTests.Helper.ExpressionBuilderTests" name="FromString_DifferentQueriesWithAllowedSearchNames_ReturnsExpectedCount" />
    </UnitTest>
    <UnitTest name="VideoOS.IdentityServer.UnitTests.Services.WellKnownConfigurationRetriever.WellKnownConfigurationRetrieverTests.GetWellKnownConfiguration_DiscoveryDocumentError_ReturnsErrorResult" storage="d:\actions-runner\_work\xpco\xpco\identityserver\videoos.identityserver.unittests\bin\debug\net6.0\win-x64\videoos.identityserver.unittests.dll" id="e818b1a2-e1c4-6691-71e3-65849a1507e6">
      <Execution id="53cd93bf-3292-4f65-baaf-3b27e02a3b2b" />
      <TestMethod codeBase="D:\actions-runner\_work\XPCO\XPCO\IdentityServer\VideoOS.IdentityServer.UnitTests\bin\Debug\net6.0\win-x64\VideoOS.IdentityServer.UnitTests.dll" adapterTypeName="executor://xunit/VsTestRunner2/netcoreapp" className="VideoOS.IdentityServer.UnitTests.Services.WellKnownConfigurationRetriever.WellKnownConfigurationRetrieverTests" name="GetWellKnownConfiguration_DiscoveryDocumentError_ReturnsErrorResult" />
    </UnitTest>
    <UnitTest name="VideoOS.IdentityServer.UnitTests.Filters.ValidateModelFilterAttributeTest.OnActionExecuting_ModelstateIsInvalid_ContextResultIsSet" storage="d:\actions-runner\_work\xpco\xpco\identityserver\videoos.identityserver.unittests\bin\debug\net6.0\win-x64\videoos.identityserver.unittests.dll" id="dac6b22d-9d2e-9a3d-f7af-5d832c196a8d">
      <Execution id="8849c4da-e955-4da7-9b60-ffbbc486535b" />
      <TestMethod codeBase="D:\actions-runner\_work\XPCO\XPCO\IdentityServer\VideoOS.IdentityServer.UnitTests\bin\Debug\net6.0\win-x64\VideoOS.IdentityServer.UnitTests.dll" adapterTypeName="executor://xunit/VsTestRunner2/netcoreapp" className="VideoOS.IdentityServer.UnitTests.Filters.ValidateModelFilterAttributeTest" name="OnActionExecuting_ModelstateIsInvalid_ContextResultIsSet" />
    </UnitTest>
    <UnitTest name="VideoOS.IdentityServer.UnitTests.Controllers.LoginProvidersControllerTests.Patch_LoginProvider_Success" storage="d:\actions-runner\_work\xpco\xpco\identityserver\videoos.identityserver.unittests\bin\debug\net6.0\win-x64\videoos.identityserver.unittests.dll" id="85bf3866-403f-6cdd-9f23-280601254ec9">
      <Execution id="d6b30d22-c206-40a5-aee8-ebc831198eb8" />
      <TestMethod codeBase="D:\actions-runner\_work\XPCO\XPCO\IdentityServer\VideoOS.IdentityServer.UnitTests\bin\Debug\net6.0\win-x64\VideoOS.IdentityServer.UnitTests.dll" adapterTypeName="executor://xunit/VsTestRunner2/netcoreapp" className="VideoOS.IdentityServer.UnitTests.Controllers.LoginProvidersControllerTests" name="Patch_LoginProvider_Success" />
    </UnitTest>
    <UnitTest name="VideoOS.IdentityServer.UnitTests.Helper.ArrayModelBinderTests.BindModelAsync_ValidInput_Success" storage="d:\actions-runner\_work\xpco\xpco\identityserver\videoos.identityserver.unittests\bin\debug\net6.0\win-x64\videoos.identityserver.unittests.dll" id="2b2206f7-9187-eae9-c01f-3d3853c0ca71">
      <Execution id="b08085e5-2030-482e-acef-735205188a27" />
      <TestMethod codeBase="D:\actions-runner\_work\XPCO\XPCO\IdentityServer\VideoOS.IdentityServer.UnitTests\bin\Debug\net6.0\win-x64\VideoOS.IdentityServer.UnitTests.dll" adapterTypeName="executor://xunit/VsTestRunner2/netcoreapp" className="VideoOS.IdentityServer.UnitTests.Helper.ArrayModelBinderTests" name="BindModelAsync_ValidInput_Success" />
    </UnitTest>
    <UnitTest name="VideoOS.IdentityServer.UnitTests.Model.Result.ResultTests.ImplicitConversion_ShouldNotBeError_WhenSuccessValueProvided" storage="d:\actions-runner\_work\xpco\xpco\identityserver\videoos.identityserver.unittests\bin\debug\net6.0\win-x64\videoos.identityserver.unittests.dll" id="2abf9b7c-9eea-ba2a-86cb-c537064ec32e">
      <Execution id="a12c73f9-6f88-46a3-b646-c86e1eaf0a18" />
      <TestMethod codeBase="D:\actions-runner\_work\XPCO\XPCO\IdentityServer\VideoOS.IdentityServer.UnitTests\bin\Debug\net6.0\win-x64\VideoOS.IdentityServer.UnitTests.dll" adapterTypeName="executor://xunit/VsTestRunner2/netcoreapp" className="VideoOS.IdentityServer.UnitTests.Model.Result.ResultTests" name="ImplicitConversion_ShouldNotBeError_WhenSuccessValueProvided" />
    </UnitTest>
    <UnitTest name="VideoOS.IdentityServer.UnitTests.Repositories.VmsUserManagerTests.GetLogins_UsingProviderAndKey_LoginReturned" storage="d:\actions-runner\_work\xpco\xpco\identityserver\videoos.identityserver.unittests\bin\debug\net6.0\win-x64\videoos.identityserver.unittests.dll" id="53e33bfa-4472-50f1-ad88-06723b773ced">
      <Execution id="43ffd9f5-d062-4cbb-8776-cdf9a663f809" />
      <TestMethod codeBase="D:\actions-runner\_work\XPCO\XPCO\IdentityServer\VideoOS.IdentityServer.UnitTests\bin\Debug\net6.0\win-x64\VideoOS.IdentityServer.UnitTests.dll" adapterTypeName="executor://xunit/VsTestRunner2/netcoreapp" className="VideoOS.IdentityServer.UnitTests.Repositories.VmsUserManagerTests" name="GetLogins_UsingProviderAndKey_LoginReturned" />
    </UnitTest>
    <UnitTest name="VideoOS.IdentityServer.UnitTests.Filters.ApiExceptionFilterTest.OnException_ExceptionIsNotApiException_HttpContextResultIsNotSet" storage="d:\actions-runner\_work\xpco\xpco\identityserver\videoos.identityserver.unittests\bin\debug\net6.0\win-x64\videoos.identityserver.unittests.dll" id="a4e9e6d8-4075-3279-3fca-8bde89c4eb77">
      <Execution id="23964774-af0e-4854-81c8-6bed8760cd86" />
      <TestMethod codeBase="D:\actions-runner\_work\XPCO\XPCO\IdentityServer\VideoOS.IdentityServer.UnitTests\bin\Debug\net6.0\win-x64\VideoOS.IdentityServer.UnitTests.dll" adapterTypeName="executor://xunit/VsTestRunner2/netcoreapp" className="VideoOS.IdentityServer.UnitTests.Filters.ApiExceptionFilterTest" name="OnException_ExceptionIsNotApiException_HttpContextResultIsNotSet" />
    </UnitTest>
    <UnitTest name="VideoOS.IdentityServer.UnitTests.Attributes.SIDAttributeTests.IsValid_IsNotCorrectSidFormat_ReturnsFalse(value: &quot;123&quot;)" storage="d:\actions-runner\_work\xpco\xpco\identityserver\videoos.identityserver.unittests\bin\debug\net6.0\win-x64\videoos.identityserver.unittests.dll" id="45d3a797-f67c-21fc-e7a9-af6ed19a1606">
      <Execution id="5d987807-4ee2-4463-af87-4653c6a5a3e9" />
      <TestMethod codeBase="D:\actions-runner\_work\XPCO\XPCO\IdentityServer\VideoOS.IdentityServer.UnitTests\bin\Debug\net6.0\win-x64\VideoOS.IdentityServer.UnitTests.dll" adapterTypeName="executor://xunit/VsTestRunner2/netcoreapp" className="VideoOS.IdentityServer.UnitTests.Attributes.SIDAttributeTests" name="IsValid_IsNotCorrectSidFormat_ReturnsFalse" />
    </UnitTest>
    <UnitTest name="VideoOS.IdentityServer.UnitTests.Attributes.IsGuidTests.IsGuid_ValueIsGuidOrNull_ReturnsTrue(value: null)" storage="d:\actions-runner\_work\xpco\xpco\identityserver\videoos.identityserver.unittests\bin\debug\net6.0\win-x64\videoos.identityserver.unittests.dll" id="09390f4d-0b0d-dc1c-1268-43edcd861ff3">
      <Execution id="4bd08bb2-cc23-4ee5-aea1-b0b6dde843b0" />
      <TestMethod codeBase="D:\actions-runner\_work\XPCO\XPCO\IdentityServer\VideoOS.IdentityServer.UnitTests\bin\Debug\net6.0\win-x64\VideoOS.IdentityServer.UnitTests.dll" adapterTypeName="executor://xunit/VsTestRunner2/netcoreapp" className="VideoOS.IdentityServer.UnitTests.Attributes.IsGuidTests" name="IsGuid_ValueIsGuidOrNull_ReturnsTrue" />
    </UnitTest>
    <UnitTest name="VideoOS.IdentityServer.UnitTests.Repositories.VmsUserManagerTests.FindByFilterAsync_UsingNoFilters_AllUsers" storage="d:\actions-runner\_work\xpco\xpco\identityserver\videoos.identityserver.unittests\bin\debug\net6.0\win-x64\videoos.identityserver.unittests.dll" id="35fe19db-7a3f-051f-fc38-6b2b26be791d">
      <Execution id="10f6411c-0855-4c45-b5e5-714ede537751" />
      <TestMethod codeBase="D:\actions-runner\_work\XPCO\XPCO\IdentityServer\VideoOS.IdentityServer.UnitTests\bin\Debug\net6.0\win-x64\VideoOS.IdentityServer.UnitTests.dll" adapterTypeName="executor://xunit/VsTestRunner2/netcoreapp" className="VideoOS.IdentityServer.UnitTests.Repositories.VmsUserManagerTests" name="FindByFilterAsync_UsingNoFilters_AllUsers" />
    </UnitTest>
    <UnitTest name="VideoOS.IdentityServer.UnitTests.Services.UserProvisionerTests.CreateOrUpdateUser_NewUserNoPreferredNoName_FirstAndLast" storage="d:\actions-runner\_work\xpco\xpco\identityserver\videoos.identityserver.unittests\bin\debug\net6.0\win-x64\videoos.identityserver.unittests.dll" id="b2bc26c4-1fb2-72c6-2cd4-9ee8e92adced">
      <Execution id="c5b2fa9f-63e8-43e0-a570-8084fdae6e83" />
      <TestMethod codeBase="D:\actions-runner\_work\XPCO\XPCO\IdentityServer\VideoOS.IdentityServer.UnitTests\bin\Debug\net6.0\win-x64\VideoOS.IdentityServer.UnitTests.dll" adapterTypeName="executor://xunit/VsTestRunner2/netcoreapp" className="VideoOS.IdentityServer.UnitTests.Services.UserProvisionerTests" name="CreateOrUpdateUser_NewUserNoPreferredNoName_FirstAndLast" />
    </UnitTest>
    <UnitTest name="VideoOS.IdentityServer.UnitTests.Controllers.UsersControllerTests.Post_UserIsCreated_ReturnCreatedResultWithUserDto" storage="d:\actions-runner\_work\xpco\xpco\identityserver\videoos.identityserver.unittests\bin\debug\net6.0\win-x64\videoos.identityserver.unittests.dll" id="06c58579-c702-4e23-3f60-256bc8b3f2e6">
      <Execution id="ce524eae-b6b8-49be-b31b-a9b9ab0a41f9" />
      <TestMethod codeBase="D:\actions-runner\_work\XPCO\XPCO\IdentityServer\VideoOS.IdentityServer.UnitTests\bin\Debug\net6.0\win-x64\VideoOS.IdentityServer.UnitTests.dll" adapterTypeName="executor://xunit/VsTestRunner2/netcoreapp" className="VideoOS.IdentityServer.UnitTests.Controllers.UsersControllerTests" name="Post_UserIsCreated_ReturnCreatedResultWithUserDto" />
    </UnitTest>
    <UnitTest name="VideoOS.IdentityServer.UnitTests.Attributes.SIDAttributeTests.IsValid_IsNotCorrectSidFormat_ReturnsFalse(value: &quot;0-1-1-0&quot;)" storage="d:\actions-runner\_work\xpco\xpco\identityserver\videoos.identityserver.unittests\bin\debug\net6.0\win-x64\videoos.identityserver.unittests.dll" id="d5a56717-e9ce-6498-18fd-77539cebf38b">
      <Execution id="c624f320-f226-40f1-a147-43b6f5ea696a" />
      <TestMethod codeBase="D:\actions-runner\_work\XPCO\XPCO\IdentityServer\VideoOS.IdentityServer.UnitTests\bin\Debug\net6.0\win-x64\VideoOS.IdentityServer.UnitTests.dll" adapterTypeName="executor://xunit/VsTestRunner2/netcoreapp" className="VideoOS.IdentityServer.UnitTests.Attributes.SIDAttributeTests" name="IsValid_IsNotCorrectSidFormat_ReturnsFalse" />
    </UnitTest>
    <UnitTest name="VideoOS.IdentityServer.UnitTests.Services.ExternalTokenValidatorTests.GetSubjectTokenClaims_SubjectTokenMissingIdpClaim_TokenNotValidatedAndErrorReturned" storage="d:\actions-runner\_work\xpco\xpco\identityserver\videoos.identityserver.unittests\bin\debug\net6.0\win-x64\videoos.identityserver.unittests.dll" id="5ae210e3-e23b-93eb-c3be-675944e83729">
      <Execution id="ac4a98f9-154b-42fc-82fa-3ae4abaa3e56" />
      <TestMethod codeBase="D:\actions-runner\_work\XPCO\XPCO\IdentityServer\VideoOS.IdentityServer.UnitTests\bin\Debug\net6.0\win-x64\VideoOS.IdentityServer.UnitTests.dll" adapterTypeName="executor://xunit/VsTestRunner2/netcoreapp" className="VideoOS.IdentityServer.UnitTests.Services.ExternalTokenValidatorTests" name="GetSubjectTokenClaims_SubjectTokenMissingIdpClaim_TokenNotValidatedAndErrorReturned" />
    </UnitTest>
    <UnitTest name="VideoOS.IdentityServer.UnitTests.Helper.ExpressionBuilderTests.FromString_DifferentQueriesWithAllowedSearchNames_ReturnsExpectedCount(query: &quot;number ge 4&quot;, expectedCount: 2, allowedSearchNames: [&quot;Number&quot;])" storage="d:\actions-runner\_work\xpco\xpco\identityserver\videoos.identityserver.unittests\bin\debug\net6.0\win-x64\videoos.identityserver.unittests.dll" id="3fdce964-b125-48a8-5647-b9bf4f10a233">
      <Execution id="5e8f11ec-cc33-478b-9263-1b788c39e87a" />
      <TestMethod codeBase="D:\actions-runner\_work\XPCO\XPCO\IdentityServer\VideoOS.IdentityServer.UnitTests\bin\Debug\net6.0\win-x64\VideoOS.IdentityServer.UnitTests.dll" adapterTypeName="executor://xunit/VsTestRunner2/netcoreapp" className="VideoOS.IdentityServer.UnitTests.Helper.ExpressionBuilderTests" name="FromString_DifferentQueriesWithAllowedSearchNames_ReturnsExpectedCount" />
    </UnitTest>
    <UnitTest name="VideoOS.IdentityServer.UnitTests.Services.PasswordHasherWithLegacySupportTests.VerifyHashedPassword_WrongPassword_Failed" storage="d:\actions-runner\_work\xpco\xpco\identityserver\videoos.identityserver.unittests\bin\debug\net6.0\win-x64\videoos.identityserver.unittests.dll" id="0dd32194-079f-14b9-f79d-a47e9b479a8d">
      <Execution id="2cc2349f-fd03-4bcc-a7c8-2bff92897787" />
      <TestMethod codeBase="D:\actions-runner\_work\XPCO\XPCO\IdentityServer\VideoOS.IdentityServer.UnitTests\bin\Debug\net6.0\win-x64\VideoOS.IdentityServer.UnitTests.dll" adapterTypeName="executor://xunit/VsTestRunner2/netcoreapp" className="VideoOS.IdentityServer.UnitTests.Services.PasswordHasherWithLegacySupportTests" name="VerifyHashedPassword_WrongPassword_Failed" />
    </UnitTest>
    <UnitTest name="VideoOS.IdentityServer.UnitTests.Services.ExternalTokenValidatorTests.GetSubjectTokenClaims_ValidSubjectToken_TokenValidatedAndNoErrorReturned" storage="d:\actions-runner\_work\xpco\xpco\identityserver\videoos.identityserver.unittests\bin\debug\net6.0\win-x64\videoos.identityserver.unittests.dll" id="e10bc392-ff62-30ee-5e25-68f07f7ccdfb">
      <Execution id="2e3591e9-fb79-4d02-97a2-6b089e7bb9cd" />
      <TestMethod codeBase="D:\actions-runner\_work\XPCO\XPCO\IdentityServer\VideoOS.IdentityServer.UnitTests\bin\Debug\net6.0\win-x64\VideoOS.IdentityServer.UnitTests.dll" adapterTypeName="executor://xunit/VsTestRunner2/netcoreapp" className="VideoOS.IdentityServer.UnitTests.Services.ExternalTokenValidatorTests" name="GetSubjectTokenClaims_ValidSubjectToken_TokenValidatedAndNoErrorReturned" />
    </UnitTest>
    <UnitTest name="VideoOS.IdentityServer.UnitTests.Services.EventLogServiceTest.Log_LogModelIsNull_ArgumentNullException" storage="d:\actions-runner\_work\xpco\xpco\identityserver\videoos.identityserver.unittests\bin\debug\net6.0\win-x64\videoos.identityserver.unittests.dll" id="af815e99-2b63-05e9-7ea1-bfc6de0216ca">
      <Execution id="31929b38-c483-4b46-bb5f-63f61ca3dc9d" />
      <TestMethod codeBase="D:\actions-runner\_work\XPCO\XPCO\IdentityServer\VideoOS.IdentityServer.UnitTests\bin\Debug\net6.0\win-x64\VideoOS.IdentityServer.UnitTests.dll" adapterTypeName="executor://xunit/VsTestRunner2/netcoreapp" className="VideoOS.IdentityServer.UnitTests.Services.EventLogServiceTest" name="Log_LogModelIsNull_ArgumentNullException" />
    </UnitTest>
    <UnitTest name="VideoOS.IdentityServer.UnitTests.Repositories.VmsUserManagerTests.CreateUserInternalAsync_LockoutDisabledAndUserHaveNotLockoutEnd_Success" storage="d:\actions-runner\_work\xpco\xpco\identityserver\videoos.identityserver.unittests\bin\debug\net6.0\win-x64\videoos.identityserver.unittests.dll" id="00d7f6e7-1681-b470-5943-2b2a47f76c10">
      <Execution id="0453393b-7a45-4f0b-9b01-7716b7c438c4" />
      <TestMethod codeBase="D:\actions-runner\_work\XPCO\XPCO\IdentityServer\VideoOS.IdentityServer.UnitTests\bin\Debug\net6.0\win-x64\VideoOS.IdentityServer.UnitTests.dll" adapterTypeName="executor://xunit/VsTestRunner2/netcoreapp" className="VideoOS.IdentityServer.UnitTests.Repositories.VmsUserManagerTests" name="CreateUserInternalAsync_LockoutDisabledAndUserHaveNotLockoutEnd_Success" />
    </UnitTest>
    <UnitTest name="VideoOS.IdentityServer.UnitTests.Pages.LoginTests.OnPostAsync_UserLoginSuccess_EventLogCreated" storage="d:\actions-runner\_work\xpco\xpco\identityserver\videoos.identityserver.unittests\bin\debug\net6.0\win-x64\videoos.identityserver.unittests.dll" id="8bed271a-762f-7749-24bd-471c01a4f81b">
      <Execution id="93c94eab-1a4e-445b-bde9-378d68b6197d" />
      <TestMethod codeBase="D:\actions-runner\_work\XPCO\XPCO\IdentityServer\VideoOS.IdentityServer.UnitTests\bin\Debug\net6.0\win-x64\VideoOS.IdentityServer.UnitTests.dll" adapterTypeName="executor://xunit/VsTestRunner2/netcoreapp" className="VideoOS.IdentityServer.UnitTests.Pages.LoginTests" name="OnPostAsync_UserLoginSuccess_EventLogCreated" />
    </UnitTest>
    <UnitTest name="VideoOS.IdentityServer.UnitTests.Controllers.ClientsControllerTests.GetClient_ClientNotFound_ReturnNotFoundResult" storage="d:\actions-runner\_work\xpco\xpco\identityserver\videoos.identityserver.unittests\bin\debug\net6.0\win-x64\videoos.identityserver.unittests.dll" id="c5a08dea-4572-0d74-7cd4-dd8bde384377">
      <Execution id="7e9791b7-9c01-4619-b052-4bf3cd354f12" />
      <TestMethod codeBase="D:\actions-runner\_work\XPCO\XPCO\IdentityServer\VideoOS.IdentityServer.UnitTests\bin\Debug\net6.0\win-x64\VideoOS.IdentityServer.UnitTests.dll" adapterTypeName="executor://xunit/VsTestRunner2/netcoreapp" className="VideoOS.IdentityServer.UnitTests.Controllers.ClientsControllerTests" name="GetClient_ClientNotFound_ReturnNotFoundResult" />
    </UnitTest>
    <UnitTest name="VideoOS.IdentityServer.UnitTests.Controllers.TrustedIssuersControllerTests.Post_AddressExists_DuplicateTrustedIssuerError" storage="d:\actions-runner\_work\xpco\xpco\identityserver\videoos.identityserver.unittests\bin\debug\net6.0\win-x64\videoos.identityserver.unittests.dll" id="473a3c80-3ea8-a077-65a6-e1d2c4bcc082">
      <Execution id="9226b984-a659-4ade-87e3-83b35fc00b92" />
      <TestMethod codeBase="D:\actions-runner\_work\XPCO\XPCO\IdentityServer\VideoOS.IdentityServer.UnitTests\bin\Debug\net6.0\win-x64\VideoOS.IdentityServer.UnitTests.dll" adapterTypeName="executor://xunit/VsTestRunner2/netcoreapp" className="VideoOS.IdentityServer.UnitTests.Controllers.TrustedIssuersControllerTests" name="Post_AddressExists_DuplicateTrustedIssuerError" />
    </UnitTest>
    <UnitTest name="VideoOS.IdentityServer.UnitTests.Services.PasswordHasherWithLegacySupportTests.VerifyHashedPassword_CorrectLegacyPassword_SuccessRehashNeeded(encryptionMethod: &quot;SHA1&quot;)" storage="d:\actions-runner\_work\xpco\xpco\identityserver\videoos.identityserver.unittests\bin\debug\net6.0\win-x64\videoos.identityserver.unittests.dll" id="d2484591-128b-24ef-8f52-6d83f7bc2c3f">
      <Execution id="6176cf72-1802-40c7-bfd1-2eaf01b95ab8" />
      <TestMethod codeBase="D:\actions-runner\_work\XPCO\XPCO\IdentityServer\VideoOS.IdentityServer.UnitTests\bin\Debug\net6.0\win-x64\VideoOS.IdentityServer.UnitTests.dll" adapterTypeName="executor://xunit/VsTestRunner2/netcoreapp" className="VideoOS.IdentityServer.UnitTests.Services.PasswordHasherWithLegacySupportTests" name="VerifyHashedPassword_CorrectLegacyPassword_SuccessRehashNeeded" />
    </UnitTest>
    <UnitTest name="VideoOS.IdentityServer.UnitTests.Pages.LoginTests.OnGetAsync_NoIdpSpecified_Local" storage="d:\actions-runner\_work\xpco\xpco\identityserver\videoos.identityserver.unittests\bin\debug\net6.0\win-x64\videoos.identityserver.unittests.dll" id="4bfae0fd-12aa-8da0-8477-e5814b23f285">
      <Execution id="99b186bb-48e8-40de-b90b-f23c5bfadef8" />
      <TestMethod codeBase="D:\actions-runner\_work\XPCO\XPCO\IdentityServer\VideoOS.IdentityServer.UnitTests\bin\Debug\net6.0\win-x64\VideoOS.IdentityServer.UnitTests.dll" adapterTypeName="executor://xunit/VsTestRunner2/netcoreapp" className="VideoOS.IdentityServer.UnitTests.Pages.LoginTests" name="OnGetAsync_NoIdpSpecified_Local" />
    </UnitTest>
    <UnitTest name="VideoOS.IdentityServer.UnitTests.Services.UserProvisionerTests.CreateOrUpdateUser_NewUserNoPreferredNoNameNoLast_First" storage="d:\actions-runner\_work\xpco\xpco\identityserver\videoos.identityserver.unittests\bin\debug\net6.0\win-x64\videoos.identityserver.unittests.dll" id="1516a435-f2df-7974-adb8-b2d5f187527e">
      <Execution id="b532d4b3-f7ce-4b3c-b296-ca1130cd1151" />
      <TestMethod codeBase="D:\actions-runner\_work\XPCO\XPCO\IdentityServer\VideoOS.IdentityServer.UnitTests\bin\Debug\net6.0\win-x64\VideoOS.IdentityServer.UnitTests.dll" adapterTypeName="executor://xunit/VsTestRunner2/netcoreapp" className="VideoOS.IdentityServer.UnitTests.Services.UserProvisionerTests" name="CreateOrUpdateUser_NewUserNoPreferredNoNameNoLast_First" />
    </UnitTest>
    <UnitTest name="VideoOS.IdentityServer.UnitTests.Controllers.UsersControllerTests.Delete_UserNotFound_ReturnNotFoundResult" storage="d:\actions-runner\_work\xpco\xpco\identityserver\videoos.identityserver.unittests\bin\debug\net6.0\win-x64\videoos.identityserver.unittests.dll" id="2fbd5cb9-8d43-e652-c6c4-785c5c4ad1d3">
      <Execution id="bd329ea8-5b40-47b1-966f-cbd8d0e783ca" />
      <TestMethod codeBase="D:\actions-runner\_work\XPCO\XPCO\IdentityServer\VideoOS.IdentityServer.UnitTests\bin\Debug\net6.0\win-x64\VideoOS.IdentityServer.UnitTests.dll" adapterTypeName="executor://xunit/VsTestRunner2/netcoreapp" className="VideoOS.IdentityServer.UnitTests.Controllers.UsersControllerTests" name="Delete_UserNotFound_ReturnNotFoundResult" />
    </UnitTest>
    <UnitTest name="VideoOS.IdentityServer.UnitTests.Controllers.LoginProvidersControllerTests.Delete_LoginProviderDoesNotExist_Failure" storage="d:\actions-runner\_work\xpco\xpco\identityserver\videoos.identityserver.unittests\bin\debug\net6.0\win-x64\videoos.identityserver.unittests.dll" id="3e5751fd-bef9-cbe8-22ed-24370fbfaf62">
      <Execution id="59afec9d-c6cd-4ac6-abce-003177d8abfc" />
      <TestMethod codeBase="D:\actions-runner\_work\XPCO\XPCO\IdentityServer\VideoOS.IdentityServer.UnitTests\bin\Debug\net6.0\win-x64\VideoOS.IdentityServer.UnitTests.dll" adapterTypeName="executor://xunit/VsTestRunner2/netcoreapp" className="VideoOS.IdentityServer.UnitTests.Controllers.LoginProvidersControllerTests" name="Delete_LoginProviderDoesNotExist_Failure" />
    </UnitTest>
    <UnitTest name="VideoOS.IdentityServer.UnitTests.GrantValidators.TokenExchangeGrantValidatorTests.ValidateAsync_ExchangeStyleNotProvided_InvalidRequestReturned" storage="d:\actions-runner\_work\xpco\xpco\identityserver\videoos.identityserver.unittests\bin\debug\net6.0\win-x64\videoos.identityserver.unittests.dll" id="174d39b0-bd84-a0df-73ab-c147dfe89409">
      <Execution id="4e7cceb5-c526-4ec3-a13a-3696e8044189" />
      <TestMethod codeBase="D:\actions-runner\_work\XPCO\XPCO\IdentityServer\VideoOS.IdentityServer.UnitTests\bin\Debug\net6.0\win-x64\VideoOS.IdentityServer.UnitTests.dll" adapterTypeName="executor://xunit/VsTestRunner2/netcoreapp" className="VideoOS.IdentityServer.UnitTests.GrantValidators.TokenExchangeGrantValidatorTests" name="ValidateAsync_ExchangeStyleNotProvided_InvalidRequestReturned" />
    </UnitTest>
    <UnitTest name="VideoOS.IdentityServer.UnitTests.Helper.ExpressionBuilderTests.FromString_DifferentQueriesWithNoListOfAllowedSearchNames_ReturnsExpectedCount(query: &quot;time ge 1000-1-1&quot;, expectedCount: 3)" storage="d:\actions-runner\_work\xpco\xpco\identityserver\videoos.identityserver.unittests\bin\debug\net6.0\win-x64\videoos.identityserver.unittests.dll" id="453ac4b1-ff13-2691-3fe8-455ba35d7332">
      <Execution id="05538978-282e-4dca-bcfe-a4caed39e959" />
      <TestMethod codeBase="D:\actions-runner\_work\XPCO\XPCO\IdentityServer\VideoOS.IdentityServer.UnitTests\bin\Debug\net6.0\win-x64\VideoOS.IdentityServer.UnitTests.dll" adapterTypeName="executor://xunit/VsTestRunner2/netcoreapp" className="VideoOS.IdentityServer.UnitTests.Helper.ExpressionBuilderTests" name="FromString_DifferentQueriesWithNoListOfAllowedSearchNames_ReturnsExpectedCount" />
    </UnitTest>
    <UnitTest name="VideoOS.IdentityServer.UnitTests.Repositories.VmsUserManagerTests.FindByFilterAsync_UserFoundUsingValue_User" storage="d:\actions-runner\_work\xpco\xpco\identityserver\videoos.identityserver.unittests\bin\debug\net6.0\win-x64\videoos.identityserver.unittests.dll" id="12da9981-a027-e01f-77a5-00298def904b">
      <Execution id="924d7af4-702b-46d3-9fd4-79a73bf0ed4d" />
      <TestMethod codeBase="D:\actions-runner\_work\XPCO\XPCO\IdentityServer\VideoOS.IdentityServer.UnitTests\bin\Debug\net6.0\win-x64\VideoOS.IdentityServer.UnitTests.dll" adapterTypeName="executor://xunit/VsTestRunner2/netcoreapp" className="VideoOS.IdentityServer.UnitTests.Repositories.VmsUserManagerTests" name="FindByFilterAsync_UserFoundUsingValue_User" />
    </UnitTest>
    <UnitTest name="VideoOS.IdentityServer.UnitTests.Services.ProfileServiceTests.GetProfileDataAsync_VmsUserNoRequestedClaims_RequiredClaims" storage="d:\actions-runner\_work\xpco\xpco\identityserver\videoos.identityserver.unittests\bin\debug\net6.0\win-x64\videoos.identityserver.unittests.dll" id="c4fabfc6-aea7-ce5f-c9bf-0e383b17ae93">
      <Execution id="20437656-7f98-4981-adab-8c598746da06" />
      <TestMethod codeBase="D:\actions-runner\_work\XPCO\XPCO\IdentityServer\VideoOS.IdentityServer.UnitTests\bin\Debug\net6.0\win-x64\VideoOS.IdentityServer.UnitTests.dll" adapterTypeName="executor://xunit/VsTestRunner2/netcoreapp" className="VideoOS.IdentityServer.UnitTests.Services.ProfileServiceTests" name="GetProfileDataAsync_VmsUserNoRequestedClaims_RequiredClaims" />
    </UnitTest>
    <UnitTest name="VideoOS.IdentityServer.UnitTests.GrantValidators.WinAuthGrantValidatorTests.ValidateAsync_UserIsNotAuthenticated_FailureResultIsSet" storage="d:\actions-runner\_work\xpco\xpco\identityserver\videoos.identityserver.unittests\bin\debug\net6.0\win-x64\videoos.identityserver.unittests.dll" id="32695111-f0d1-5117-1ea3-fba755aaec22">
      <Execution id="8d530fd9-5acd-45f8-bfbf-5d1cd0975674" />
      <TestMethod codeBase="D:\actions-runner\_work\XPCO\XPCO\IdentityServer\VideoOS.IdentityServer.UnitTests\bin\Debug\net6.0\win-x64\VideoOS.IdentityServer.UnitTests.dll" adapterTypeName="executor://xunit/VsTestRunner2/netcoreapp" className="VideoOS.IdentityServer.UnitTests.GrantValidators.WinAuthGrantValidatorTests" name="ValidateAsync_UserIsNotAuthenticated_FailureResultIsSet" />
    </UnitTest>
    <UnitTest name="VideoOS.IdentityServer.UnitTests.GrantValidators.TokenExchangeGrantValidatorTests.ValidateAsync_ErrorGettingUserClaims_InvalidRequestReturned" storage="d:\actions-runner\_work\xpco\xpco\identityserver\videoos.identityserver.unittests\bin\debug\net6.0\win-x64\videoos.identityserver.unittests.dll" id="151a6d7d-62b0-0dab-d4be-0184b6258435">
      <Execution id="e2e42887-a48a-4f22-9301-a3d80f2f33be" />
      <TestMethod codeBase="D:\actions-runner\_work\XPCO\XPCO\IdentityServer\VideoOS.IdentityServer.UnitTests\bin\Debug\net6.0\win-x64\VideoOS.IdentityServer.UnitTests.dll" adapterTypeName="executor://xunit/VsTestRunner2/netcoreapp" className="VideoOS.IdentityServer.UnitTests.GrantValidators.TokenExchangeGrantValidatorTests" name="ValidateAsync_ErrorGettingUserClaims_InvalidRequestReturned" />
    </UnitTest>
    <UnitTest name="VideoOS.IdentityServer.UnitTests.Extensions.ClaimActionCollectionExtensionTests.MapAllExcept_CollectionWithExistingAction_RemovesExistingActionAndAdds_MapAllClaimsActionAndEnumerateArray_DeleteClaimAction" storage="d:\actions-runner\_work\xpco\xpco\identityserver\videoos.identityserver.unittests\bin\debug\net6.0\win-x64\videoos.identityserver.unittests.dll" id="45129488-13fb-76bf-a100-0cf810f72436">
      <Execution id="6d12fc39-d476-4f7e-b37d-c3553fea4ef1" />
      <TestMethod codeBase="D:\actions-runner\_work\XPCO\XPCO\IdentityServer\VideoOS.IdentityServer.UnitTests\bin\Debug\net6.0\win-x64\VideoOS.IdentityServer.UnitTests.dll" adapterTypeName="executor://xunit/VsTestRunner2/netcoreapp" className="VideoOS.IdentityServer.UnitTests.Extensions.ClaimActionCollectionExtensionTests" name="MapAllExcept_CollectionWithExistingAction_RemovesExistingActionAndAdds_MapAllClaimsActionAndEnumerateArray_DeleteClaimAction" />
    </UnitTest>
    <UnitTest name="VideoOS.IdentityServer.UnitTests.Services.EventLogServiceTest.Log_LogSuccess_TimeStampSet" storage="d:\actions-runner\_work\xpco\xpco\identityserver\videoos.identityserver.unittests\bin\debug\net6.0\win-x64\videoos.identityserver.unittests.dll" id="1d389ffb-2e11-5848-1632-d0c27e2b06c9">
      <Execution id="32376bda-26b6-4fb9-909a-8e9763480f09" />
      <TestMethod codeBase="D:\actions-runner\_work\XPCO\XPCO\IdentityServer\VideoOS.IdentityServer.UnitTests\bin\Debug\net6.0\win-x64\VideoOS.IdentityServer.UnitTests.dll" adapterTypeName="executor://xunit/VsTestRunner2/netcoreapp" className="VideoOS.IdentityServer.UnitTests.Services.EventLogServiceTest" name="Log_LogSuccess_TimeStampSet" />
    </UnitTest>
    <UnitTest name="VideoOS.IdentityServer.UnitTests.Controllers.ExternalProviderManagerTests.UpdateProvider_LoginProvider_Enabled_DontExist_AddsConfiguration" storage="d:\actions-runner\_work\xpco\xpco\identityserver\videoos.identityserver.unittests\bin\debug\net6.0\win-x64\videoos.identityserver.unittests.dll" id="ebac9683-6a2b-566e-3770-780405485cc2">
      <Execution id="ed36bbb3-a431-40ae-bd86-11e5daf6eb8e" />
      <TestMethod codeBase="D:\actions-runner\_work\XPCO\XPCO\IdentityServer\VideoOS.IdentityServer.UnitTests\bin\Debug\net6.0\win-x64\VideoOS.IdentityServer.UnitTests.dll" adapterTypeName="executor://xunit/VsTestRunner2/netcoreapp" className="VideoOS.IdentityServer.UnitTests.Controllers.ExternalProviderManagerTests" name="UpdateProvider_LoginProvider_Enabled_DontExist_AddsConfiguration" />
    </UnitTest>
    <UnitTest name="VideoOS.IdentityServer.UnitTests.Controllers.BaseControllerTests.BadRequest_InvokeWithIdentityError_ReturnsResultWithErrorResponse" storage="d:\actions-runner\_work\xpco\xpco\identityserver\videoos.identityserver.unittests\bin\debug\net6.0\win-x64\videoos.identityserver.unittests.dll" id="87f4d9b7-2d7e-23c1-4003-883f358f7c2a">
      <Execution id="fd940747-b35d-49de-9482-0946652fed7b" />
      <TestMethod codeBase="D:\actions-runner\_work\XPCO\XPCO\IdentityServer\VideoOS.IdentityServer.UnitTests\bin\Debug\net6.0\win-x64\VideoOS.IdentityServer.UnitTests.dll" adapterTypeName="executor://xunit/VsTestRunner2/netcoreapp" className="VideoOS.IdentityServer.UnitTests.Controllers.BaseControllerTests" name="BadRequest_InvokeWithIdentityError_ReturnsResultWithErrorResponse" />
    </UnitTest>
    <UnitTest name="VideoOS.IdentityServer.UnitTests.GrantValidators.TokenExchangeGrantValidatorTests.ValidateAsync_GetWellKnownConfigurationFails_InvalidRequestReturned" storage="d:\actions-runner\_work\xpco\xpco\identityserver\videoos.identityserver.unittests\bin\debug\net6.0\win-x64\videoos.identityserver.unittests.dll" id="93219c7c-8c54-78f0-c93d-da4407676ef0">
      <Execution id="6ad9ae18-9072-4139-8ec4-a9212f4db2ee" />
      <TestMethod codeBase="D:\actions-runner\_work\XPCO\XPCO\IdentityServer\VideoOS.IdentityServer.UnitTests\bin\Debug\net6.0\win-x64\VideoOS.IdentityServer.UnitTests.dll" adapterTypeName="executor://xunit/VsTestRunner2/netcoreapp" className="VideoOS.IdentityServer.UnitTests.GrantValidators.TokenExchangeGrantValidatorTests" name="ValidateAsync_GetWellKnownConfigurationFails_InvalidRequestReturned" />
    </UnitTest>
    <UnitTest name="VideoOS.IdentityServer.UnitTests.Helper.MapAllClaimsActionAndEnumerateArrayTests.Run_DuplicateSingleClaimPairs_DuplicatePairsGetRemoved" storage="d:\actions-runner\_work\xpco\xpco\identityserver\videoos.identityserver.unittests\bin\debug\net6.0\win-x64\videoos.identityserver.unittests.dll" id="3675eaec-c59e-9a8e-9bcb-78e436b9d77d">
      <Execution id="c7b67af1-e567-49a8-8a24-73c86a434768" />
      <TestMethod codeBase="D:\actions-runner\_work\XPCO\XPCO\IdentityServer\VideoOS.IdentityServer.UnitTests\bin\Debug\net6.0\win-x64\VideoOS.IdentityServer.UnitTests.dll" adapterTypeName="executor://xunit/VsTestRunner2/netcoreapp" className="VideoOS.IdentityServer.UnitTests.Helper.MapAllClaimsActionAndEnumerateArrayTests" name="Run_DuplicateSingleClaimPairs_DuplicatePairsGetRemoved" />
    </UnitTest>
    <UnitTest name="VideoOS.IdentityServer.UnitTests.Pages.LoginTests.OnGetAsync_LocalIdpSpecified_Local" storage="d:\actions-runner\_work\xpco\xpco\identityserver\videoos.identityserver.unittests\bin\debug\net6.0\win-x64\videoos.identityserver.unittests.dll" id="014351e4-7bfa-ccb3-8272-e98f933a2890">
      <Execution id="613b7165-0f11-40aa-a9a4-56b006b72332" />
      <TestMethod codeBase="D:\actions-runner\_work\XPCO\XPCO\IdentityServer\VideoOS.IdentityServer.UnitTests\bin\Debug\net6.0\win-x64\VideoOS.IdentityServer.UnitTests.dll" adapterTypeName="executor://xunit/VsTestRunner2/netcoreapp" className="VideoOS.IdentityServer.UnitTests.Pages.LoginTests" name="OnGetAsync_LocalIdpSpecified_Local" />
    </UnitTest>
    <UnitTest name="VideoOS.IdentityServer.UnitTests.Controllers.ClientsControllerTests.RegisterClientClientCredentialsFlow_ClientExists_ClientIsUpdatedWithScopesNameAndSecret" storage="d:\actions-runner\_work\xpco\xpco\identityserver\videoos.identityserver.unittests\bin\debug\net6.0\win-x64\videoos.identityserver.unittests.dll" id="f11c9c08-493c-8d49-9530-a630d17cabb2">
      <Execution id="12c2dbec-ac50-48b9-8676-b680a309e80c" />
      <TestMethod codeBase="D:\actions-runner\_work\XPCO\XPCO\IdentityServer\VideoOS.IdentityServer.UnitTests\bin\Debug\net6.0\win-x64\VideoOS.IdentityServer.UnitTests.dll" adapterTypeName="executor://xunit/VsTestRunner2/netcoreapp" className="VideoOS.IdentityServer.UnitTests.Controllers.ClientsControllerTests" name="RegisterClientClientCredentialsFlow_ClientExists_ClientIsUpdatedWithScopesNameAndSecret" />
    </UnitTest>
    <UnitTest name="VideoOS.IdentityServer.UnitTests.Middleware.CultureMiddlewareTests.InvokeAsync_Providers_WithCulture" storage="d:\actions-runner\_work\xpco\xpco\identityserver\videoos.identityserver.unittests\bin\debug\net6.0\win-x64\videoos.identityserver.unittests.dll" id="021b65a3-5a24-d0a2-2bab-f8b5bb6bca2d">
      <Execution id="f6a220ec-3c1d-48cf-a72b-ddad38d66777" />
      <TestMethod codeBase="D:\actions-runner\_work\XPCO\XPCO\IdentityServer\VideoOS.IdentityServer.UnitTests\bin\Debug\net6.0\win-x64\VideoOS.IdentityServer.UnitTests.dll" adapterTypeName="executor://xunit/VsTestRunner2/netcoreapp" className="VideoOS.IdentityServer.UnitTests.Middleware.CultureMiddlewareTests" name="InvokeAsync_Providers_WithCulture" />
    </UnitTest>
    <UnitTest name="VideoOS.IdentityServer.UnitTests.Repositories.ConfigurationRepositoryTest.SaveChangesAsync_NewChanges_SaveChangesIsCalledOnDbContext" storage="d:\actions-runner\_work\xpco\xpco\identityserver\videoos.identityserver.unittests\bin\debug\net6.0\win-x64\videoos.identityserver.unittests.dll" id="5be0f320-a152-b431-cfb2-bf34547301b1">
      <Execution id="9e7d2497-f429-4c77-9813-89daca0c98e4" />
      <TestMethod codeBase="D:\actions-runner\_work\XPCO\XPCO\IdentityServer\VideoOS.IdentityServer.UnitTests\bin\Debug\net6.0\win-x64\VideoOS.IdentityServer.UnitTests.dll" adapterTypeName="executor://xunit/VsTestRunner2/netcoreapp" className="VideoOS.IdentityServer.UnitTests.Repositories.ConfigurationRepositoryTest" name="SaveChangesAsync_NewChanges_SaveChangesIsCalledOnDbContext" />
    </UnitTest>
    <UnitTest name="VideoOS.IdentityServer.UnitTests.Middleware.CultureMiddlewareTests.InvokeAsync_NoProviders_DelegateRun" storage="d:\actions-runner\_work\xpco\xpco\identityserver\videoos.identityserver.unittests\bin\debug\net6.0\win-x64\videoos.identityserver.unittests.dll" id="2295bf5f-54b2-7009-b249-bb8ff450a189">
      <Execution id="9a0c19c5-fa12-42e8-abb1-c2fe3759bd28" />
      <TestMethod codeBase="D:\actions-runner\_work\XPCO\XPCO\IdentityServer\VideoOS.IdentityServer.UnitTests\bin\Debug\net6.0\win-x64\VideoOS.IdentityServer.UnitTests.dll" adapterTypeName="executor://xunit/VsTestRunner2/netcoreapp" className="VideoOS.IdentityServer.UnitTests.Middleware.CultureMiddlewareTests" name="InvokeAsync_NoProviders_DelegateRun" />
    </UnitTest>
    <UnitTest name="VideoOS.IdentityServer.UnitTests.Controllers.LoginsControllerTests.GetLogins_LoginsAreFound_OkResultWithLoginReturned" storage="d:\actions-runner\_work\xpco\xpco\identityserver\videoos.identityserver.unittests\bin\debug\net6.0\win-x64\videoos.identityserver.unittests.dll" id="d3785e46-fff2-840c-edea-a1fef358fc3e">
      <Execution id="71576d33-1a71-430e-9c69-93908cdefb80" />
      <TestMethod codeBase="D:\actions-runner\_work\XPCO\XPCO\IdentityServer\VideoOS.IdentityServer.UnitTests\bin\Debug\net6.0\win-x64\VideoOS.IdentityServer.UnitTests.dll" adapterTypeName="executor://xunit/VsTestRunner2/netcoreapp" className="VideoOS.IdentityServer.UnitTests.Controllers.LoginsControllerTests" name="GetLogins_LoginsAreFound_OkResultWithLoginReturned" />
    </UnitTest>
    <UnitTest name="VideoOS.IdentityServer.UnitTests.Controllers.TrustedIssuersControllerTests.Delete_TrustedIssuerDoesnotExists_TrustedIssuerNotFoundError" storage="d:\actions-runner\_work\xpco\xpco\identityserver\videoos.identityserver.unittests\bin\debug\net6.0\win-x64\videoos.identityserver.unittests.dll" id="fe8caa31-dca9-eb84-ef3f-1e3d38758c51">
      <Execution id="68523a94-37aa-4998-bf84-dca83cd0cc25" />
      <TestMethod codeBase="D:\actions-runner\_work\XPCO\XPCO\IdentityServer\VideoOS.IdentityServer.UnitTests\bin\Debug\net6.0\win-x64\VideoOS.IdentityServer.UnitTests.dll" adapterTypeName="executor://xunit/VsTestRunner2/netcoreapp" className="VideoOS.IdentityServer.UnitTests.Controllers.TrustedIssuersControllerTests" name="Delete_TrustedIssuerDoesnotExists_TrustedIssuerNotFoundError" />
    </UnitTest>
    <UnitTest name="VideoOS.IdentityServer.UnitTests.GrantValidators.ResourceOwnerPasswordValidatorTests.ValidateAsync_UserDoesNotExists_InvalidCredentials" storage="d:\actions-runner\_work\xpco\xpco\identityserver\videoos.identityserver.unittests\bin\debug\net6.0\win-x64\videoos.identityserver.unittests.dll" id="06cbdd2b-1fec-3c68-def1-b3f41187d09c">
      <Execution id="64c95962-0a46-489d-be54-19f6f09009d7" />
      <TestMethod codeBase="D:\actions-runner\_work\XPCO\XPCO\IdentityServer\VideoOS.IdentityServer.UnitTests\bin\Debug\net6.0\win-x64\VideoOS.IdentityServer.UnitTests.dll" adapterTypeName="executor://xunit/VsTestRunner2/netcoreapp" className="VideoOS.IdentityServer.UnitTests.GrantValidators.ResourceOwnerPasswordValidatorTests" name="ValidateAsync_UserDoesNotExists_InvalidCredentials" />
    </UnitTest>
    <UnitTest name="VideoOS.IdentityServer.UnitTests.Middleware.ApiDisableStatusCodeFeatureMiddlewareTests.InvokeAsync_RequestNotApi_DelegateRun" storage="d:\actions-runner\_work\xpco\xpco\identityserver\videoos.identityserver.unittests\bin\debug\net6.0\win-x64\videoos.identityserver.unittests.dll" id="88de0f63-ba78-57ec-2506-bc07443ca376">
      <Execution id="ad6ef279-9709-40ed-9e36-1edbeeef844d" />
      <TestMethod codeBase="D:\actions-runner\_work\XPCO\XPCO\IdentityServer\VideoOS.IdentityServer.UnitTests\bin\Debug\net6.0\win-x64\VideoOS.IdentityServer.UnitTests.dll" adapterTypeName="executor://xunit/VsTestRunner2/netcoreapp" className="VideoOS.IdentityServer.UnitTests.Middleware.ApiDisableStatusCodeFeatureMiddlewareTests" name="InvokeAsync_RequestNotApi_DelegateRun" />
    </UnitTest>
    <UnitTest name="VideoOS.IdentityServer.UnitTests.Services.ProfileServiceTests.GetProfileDataAsync_VmsUserWithIdpClaimFromMultipleProviders_ClaimsOnlyFromRequestedIdp" storage="d:\actions-runner\_work\xpco\xpco\identityserver\videoos.identityserver.unittests\bin\debug\net6.0\win-x64\videoos.identityserver.unittests.dll" id="a9ca7c6c-7750-96d8-7871-98f181c65f98">
      <Execution id="f802fda9-505d-4a57-b9ce-dea0c065d34b" />
      <TestMethod codeBase="D:\actions-runner\_work\XPCO\XPCO\IdentityServer\VideoOS.IdentityServer.UnitTests\bin\Debug\net6.0\win-x64\VideoOS.IdentityServer.UnitTests.dll" adapterTypeName="executor://xunit/VsTestRunner2/netcoreapp" className="VideoOS.IdentityServer.UnitTests.Services.ProfileServiceTests" name="GetProfileDataAsync_VmsUserWithIdpClaimFromMultipleProviders_ClaimsOnlyFromRequestedIdp" />
    </UnitTest>
    <UnitTest name="VideoOS.IdentityServer.UnitTests.Services.PasswordHasherWithLegacySupportTests.VerifyHashedPassword_WrongLegacyPassword_Failed(encryptionMethod: &quot;SHA2_512&quot;)" storage="d:\actions-runner\_work\xpco\xpco\identityserver\videoos.identityserver.unittests\bin\debug\net6.0\win-x64\videoos.identityserver.unittests.dll" id="2e898c72-c1a3-bc6e-005d-827c55556ffd">
      <Execution id="dc6fba61-381a-44dc-ab07-a0b0c23a43e6" />
      <TestMethod codeBase="D:\actions-runner\_work\XPCO\XPCO\IdentityServer\VideoOS.IdentityServer.UnitTests\bin\Debug\net6.0\win-x64\VideoOS.IdentityServer.UnitTests.dll" adapterTypeName="executor://xunit/VsTestRunner2/netcoreapp" className="VideoOS.IdentityServer.UnitTests.Services.PasswordHasherWithLegacySupportTests" name="VerifyHashedPassword_WrongLegacyPassword_Failed" />
    </UnitTest>
    <UnitTest name="VideoOS.IdentityServer.UnitTests.Controllers.LoginsControllerTests.DeleteLogin_UserNotFound_NotFoundReturned" storage="d:\actions-runner\_work\xpco\xpco\identityserver\videoos.identityserver.unittests\bin\debug\net6.0\win-x64\videoos.identityserver.unittests.dll" id="13a66c9f-2eb4-db3a-7de2-27ae71a16c10">
      <Execution id="f6025e37-dae1-43b6-9a76-2cd9be44e5a9" />
      <TestMethod codeBase="D:\actions-runner\_work\XPCO\XPCO\IdentityServer\VideoOS.IdentityServer.UnitTests\bin\Debug\net6.0\win-x64\VideoOS.IdentityServer.UnitTests.dll" adapterTypeName="executor://xunit/VsTestRunner2/netcoreapp" className="VideoOS.IdentityServer.UnitTests.Controllers.LoginsControllerTests" name="DeleteLogin_UserNotFound_NotFoundReturned" />
    </UnitTest>
    <UnitTest name="VideoOS.IdentityServer.UnitTests.Repositories.VmsUserManagerTests.FindByFilterAsync_UserFoundUsingTypeAndValue_User" storage="d:\actions-runner\_work\xpco\xpco\identityserver\videoos.identityserver.unittests\bin\debug\net6.0\win-x64\videoos.identityserver.unittests.dll" id="7e8832a1-6e32-0798-a936-7af59dafc611">
      <Execution id="9fa27e80-27fd-46c9-a684-b6b0217c5bab" />
      <TestMethod codeBase="D:\actions-runner\_work\XPCO\XPCO\IdentityServer\VideoOS.IdentityServer.UnitTests\bin\Debug\net6.0\win-x64\VideoOS.IdentityServer.UnitTests.dll" adapterTypeName="executor://xunit/VsTestRunner2/netcoreapp" className="VideoOS.IdentityServer.UnitTests.Repositories.VmsUserManagerTests" name="FindByFilterAsync_UserFoundUsingTypeAndValue_User" />
    </UnitTest>
    <UnitTest name="VideoOS.IdentityServer.UnitTests.Services.UserProvisionerTests.CreateOrUpdateUser_NewUserUserNameAlreadyCreatedDifferentClaims_VerifyUserName" storage="d:\actions-runner\_work\xpco\xpco\identityserver\videoos.identityserver.unittests\bin\debug\net6.0\win-x64\videoos.identityserver.unittests.dll" id="eb1887f2-99e8-2199-5e42-44d49a96c712">
      <Execution id="6ad17d76-21d7-4aaa-9ce6-7bb621832f9f" />
      <TestMethod codeBase="D:\actions-runner\_work\XPCO\XPCO\IdentityServer\VideoOS.IdentityServer.UnitTests\bin\Debug\net6.0\win-x64\VideoOS.IdentityServer.UnitTests.dll" adapterTypeName="executor://xunit/VsTestRunner2/netcoreapp" className="VideoOS.IdentityServer.UnitTests.Services.UserProvisionerTests" name="CreateOrUpdateUser_NewUserUserNameAlreadyCreatedDifferentClaims_VerifyUserName" />
    </UnitTest>
    <UnitTest name="VideoOS.IdentityServer.UnitTests.Helper.ExpressionBuilderTests.FromString_DifferentQueriesWithNoListOfAllowedSearchNames_ReturnsExpectedCount(query: &quot;number eq 4&quot;, expectedCount: 1)" storage="d:\actions-runner\_work\xpco\xpco\identityserver\videoos.identityserver.unittests\bin\debug\net6.0\win-x64\videoos.identityserver.unittests.dll" id="c90c323b-6fae-869b-14eb-05786760e218">
      <Execution id="e4f7455a-f1e2-4369-8248-dcf4dba2028f" />
      <TestMethod codeBase="D:\actions-runner\_work\XPCO\XPCO\IdentityServer\VideoOS.IdentityServer.UnitTests\bin\Debug\net6.0\win-x64\VideoOS.IdentityServer.UnitTests.dll" adapterTypeName="executor://xunit/VsTestRunner2/netcoreapp" className="VideoOS.IdentityServer.UnitTests.Helper.ExpressionBuilderTests" name="FromString_DifferentQueriesWithNoListOfAllowedSearchNames_ReturnsExpectedCount" />
    </UnitTest>
    <UnitTest name="VideoOS.IdentityServer.UnitTests.Attributes.NonEmptyListTests.NonEmptyList_ListIsNotEmpty_ReturnTrue" storage="d:\actions-runner\_work\xpco\xpco\identityserver\videoos.identityserver.unittests\bin\debug\net6.0\win-x64\videoos.identityserver.unittests.dll" id="23a0aadf-8602-0c4f-747c-73f2e22aefb8">
      <Execution id="71b0e2d1-431e-4bdd-9ce4-974aac1f7c87" />
      <TestMethod codeBase="D:\actions-runner\_work\XPCO\XPCO\IdentityServer\VideoOS.IdentityServer.UnitTests\bin\Debug\net6.0\win-x64\VideoOS.IdentityServer.UnitTests.dll" adapterTypeName="executor://xunit/VsTestRunner2/netcoreapp" className="VideoOS.IdentityServer.UnitTests.Attributes.NonEmptyListTests" name="NonEmptyList_ListIsNotEmpty_ReturnTrue" />
    </UnitTest>
    <UnitTest name="VideoOS.IdentityServer.UnitTests.Controllers.LoginsControllerTests.AddLogin_LoginIsCreated_CreatedRouteReturned" storage="d:\actions-runner\_work\xpco\xpco\identityserver\videoos.identityserver.unittests\bin\debug\net6.0\win-x64\videoos.identityserver.unittests.dll" id="b50992fa-5125-9c48-09b0-58c5626cfd46">
      <Execution id="725044f1-00f0-4b59-9ff2-3baac9e528a0" />
      <TestMethod codeBase="D:\actions-runner\_work\XPCO\XPCO\IdentityServer\VideoOS.IdentityServer.UnitTests\bin\Debug\net6.0\win-x64\VideoOS.IdentityServer.UnitTests.dll" adapterTypeName="executor://xunit/VsTestRunner2/netcoreapp" className="VideoOS.IdentityServer.UnitTests.Controllers.LoginsControllerTests" name="AddLogin_LoginIsCreated_CreatedRouteReturned" />
    </UnitTest>
    <UnitTest name="VideoOS.IdentityServer.UnitTests.Services.ProfileServiceTests.IsActiveAsync_VmsUserNotLockedOut_UserIsActive" storage="d:\actions-runner\_work\xpco\xpco\identityserver\videoos.identityserver.unittests\bin\debug\net6.0\win-x64\videoos.identityserver.unittests.dll" id="7c812c75-8698-739c-a3b1-a7c2920998be">
      <Execution id="6a889b0d-dd34-48f6-9b31-7abcd124bb12" />
      <TestMethod codeBase="D:\actions-runner\_work\XPCO\XPCO\IdentityServer\VideoOS.IdentityServer.UnitTests\bin\Debug\net6.0\win-x64\VideoOS.IdentityServer.UnitTests.dll" adapterTypeName="executor://xunit/VsTestRunner2/netcoreapp" className="VideoOS.IdentityServer.UnitTests.Services.ProfileServiceTests" name="IsActiveAsync_VmsUserNotLockedOut_UserIsActive" />
    </UnitTest>
    <UnitTest name="VideoOS.IdentityServer.UnitTests.Pages.LoginTests.OnPostAsync_UserLoginFailed_EventLogCreated" storage="d:\actions-runner\_work\xpco\xpco\identityserver\videoos.identityserver.unittests\bin\debug\net6.0\win-x64\videoos.identityserver.unittests.dll" id="b4bc320f-be69-44b8-e6e1-f7b7a62d2525">
      <Execution id="40dcd9d0-bd0d-4435-92cf-9f046408c2ce" />
      <TestMethod codeBase="D:\actions-runner\_work\XPCO\XPCO\IdentityServer\VideoOS.IdentityServer.UnitTests\bin\Debug\net6.0\win-x64\VideoOS.IdentityServer.UnitTests.dll" adapterTypeName="executor://xunit/VsTestRunner2/netcoreapp" className="VideoOS.IdentityServer.UnitTests.Pages.LoginTests" name="OnPostAsync_UserLoginFailed_EventLogCreated" />
    </UnitTest>
    <UnitTest name="VideoOS.IdentityServer.UnitTests.Repositories.VmsUserManagerTests.CreateUserInternalAsync_PasswordProvided_Success" storage="d:\actions-runner\_work\xpco\xpco\identityserver\videoos.identityserver.unittests\bin\debug\net6.0\win-x64\videoos.identityserver.unittests.dll" id="7be300ea-073a-38be-afa7-93ec42c13925">
      <Execution id="be9d9f4d-567f-41cc-87e1-0a6a35d67e96" />
      <TestMethod codeBase="D:\actions-runner\_work\XPCO\XPCO\IdentityServer\VideoOS.IdentityServer.UnitTests\bin\Debug\net6.0\win-x64\VideoOS.IdentityServer.UnitTests.dll" adapterTypeName="executor://xunit/VsTestRunner2/netcoreapp" className="VideoOS.IdentityServer.UnitTests.Repositories.VmsUserManagerTests" name="CreateUserInternalAsync_PasswordProvided_Success" />
    </UnitTest>
    <UnitTest name="VideoOS.IdentityServer.UnitTests.Middleware.RequestResponseLogMiddlewareTests.InvokeAsync_Logging_RequestToBig" storage="d:\actions-runner\_work\xpco\xpco\identityserver\videoos.identityserver.unittests\bin\debug\net6.0\win-x64\videoos.identityserver.unittests.dll" id="4edce983-a8ad-5e6e-4f80-9784107f39d4">
      <Execution id="40458e42-141b-437e-ad19-2d87296e1f32" />
      <TestMethod codeBase="D:\actions-runner\_work\XPCO\XPCO\IdentityServer\VideoOS.IdentityServer.UnitTests\bin\Debug\net6.0\win-x64\VideoOS.IdentityServer.UnitTests.dll" adapterTypeName="executor://xunit/VsTestRunner2/netcoreapp" className="VideoOS.IdentityServer.UnitTests.Middleware.RequestResponseLogMiddlewareTests" name="InvokeAsync_Logging_RequestToBig" />
    </UnitTest>
    <UnitTest name="VideoOS.IdentityServer.UnitTests.Services.ProfileServiceTests.IsActiveAsync_WindowsIntegratedAuthentication_UserIsActive" storage="d:\actions-runner\_work\xpco\xpco\identityserver\videoos.identityserver.unittests\bin\debug\net6.0\win-x64\videoos.identityserver.unittests.dll" id="7c229fdd-c6e1-ff68-c8ed-5a8c5da3638d">
      <Execution id="ca069906-eb36-4b5c-a239-0e84abdef9c7" />
      <TestMethod codeBase="D:\actions-runner\_work\XPCO\XPCO\IdentityServer\VideoOS.IdentityServer.UnitTests\bin\Debug\net6.0\win-x64\VideoOS.IdentityServer.UnitTests.dll" adapterTypeName="executor://xunit/VsTestRunner2/netcoreapp" className="VideoOS.IdentityServer.UnitTests.Services.ProfileServiceTests" name="IsActiveAsync_WindowsIntegratedAuthentication_UserIsActive" />
    </UnitTest>
    <UnitTest name="VideoOS.IdentityServer.UnitTests.Helper.ExpressionBuilderTests.FromString_DifferentQueriesWithAllowedSearchNames_ReturnsExpectedCount(query: &quot;time le 2000-1-1&quot;, expectedCount: 4, allowedSearchNames: [&quot;Time&quot;])" storage="d:\actions-runner\_work\xpco\xpco\identityserver\videoos.identityserver.unittests\bin\debug\net6.0\win-x64\videoos.identityserver.unittests.dll" id="33483d30-0e90-c1ed-4ad0-47cc19ee7fbc">
      <Execution id="a2fd1f13-f46b-4266-a871-ca22270b9663" />
      <TestMethod codeBase="D:\actions-runner\_work\XPCO\XPCO\IdentityServer\VideoOS.IdentityServer.UnitTests\bin\Debug\net6.0\win-x64\VideoOS.IdentityServer.UnitTests.dll" adapterTypeName="executor://xunit/VsTestRunner2/netcoreapp" className="VideoOS.IdentityServer.UnitTests.Helper.ExpressionBuilderTests" name="FromString_DifferentQueriesWithAllowedSearchNames_ReturnsExpectedCount" />
    </UnitTest>
    <UnitTest name="VideoOS.IdentityServer.UnitTests.Attributes.SIDAttributeTests.IsValid_IsCorrectSidFormat_ReturnsTrue(value: null)" storage="d:\actions-runner\_work\xpco\xpco\identityserver\videoos.identityserver.unittests\bin\debug\net6.0\win-x64\videoos.identityserver.unittests.dll" id="035b8cee-9291-e6da-9b8e-5ead340080fc">
      <Execution id="d3d0f268-4ae9-4790-a9e3-7ec5a6994d19" />
      <TestMethod codeBase="D:\actions-runner\_work\XPCO\XPCO\IdentityServer\VideoOS.IdentityServer.UnitTests\bin\Debug\net6.0\win-x64\VideoOS.IdentityServer.UnitTests.dll" adapterTypeName="executor://xunit/VsTestRunner2/netcoreapp" className="VideoOS.IdentityServer.UnitTests.Attributes.SIDAttributeTests" name="IsValid_IsCorrectSidFormat_ReturnsTrue" />
    </UnitTest>
    <UnitTest name="VideoOS.IdentityServer.UnitTests.Middleware.ApiDisableStatusCodeFeatureMiddlewareTests.InvokeAsync_RequestApi_StatusCodePagesFeatureNull" storage="d:\actions-runner\_work\xpco\xpco\identityserver\videoos.identityserver.unittests\bin\debug\net6.0\win-x64\videoos.identityserver.unittests.dll" id="509721b0-7be3-708d-26fd-3599c008d1d3">
      <Execution id="cd8c0286-b434-4a4c-8b98-273bd866c82d" />
      <TestMethod codeBase="D:\actions-runner\_work\XPCO\XPCO\IdentityServer\VideoOS.IdentityServer.UnitTests\bin\Debug\net6.0\win-x64\VideoOS.IdentityServer.UnitTests.dll" adapterTypeName="executor://xunit/VsTestRunner2/netcoreapp" className="VideoOS.IdentityServer.UnitTests.Middleware.ApiDisableStatusCodeFeatureMiddlewareTests" name="InvokeAsync_RequestApi_StatusCodePagesFeatureNull" />
    </UnitTest>
    <UnitTest name="VideoOS.IdentityServer.UnitTests.Helper.ExpressionBuilderTests.FromString_DifferentQueriesWithAllowedSearchNames_ReturnsExpectedCount(query: &quot;number le 4&quot;, expectedCount: 4, allowedSearchNames: [&quot;Number&quot;, &quot;Time&quot;, &quot;Name&quot;])" storage="d:\actions-runner\_work\xpco\xpco\identityserver\videoos.identityserver.unittests\bin\debug\net6.0\win-x64\videoos.identityserver.unittests.dll" id="4b49fa3b-9e0e-e541-f50c-ee289c4e0302">
      <Execution id="b2bc33b9-0d99-40c0-86d9-769df570acbe" />
      <TestMethod codeBase="D:\actions-runner\_work\XPCO\XPCO\IdentityServer\VideoOS.IdentityServer.UnitTests\bin\Debug\net6.0\win-x64\VideoOS.IdentityServer.UnitTests.dll" adapterTypeName="executor://xunit/VsTestRunner2/netcoreapp" className="VideoOS.IdentityServer.UnitTests.Helper.ExpressionBuilderTests" name="FromString_DifferentQueriesWithAllowedSearchNames_ReturnsExpectedCount" />
    </UnitTest>
    <UnitTest name="VideoOS.IdentityServer.UnitTests.Repositories.VmsUserManagerTests.IsUserLockedOut_LockoutEnd_Expired" storage="d:\actions-runner\_work\xpco\xpco\identityserver\videoos.identityserver.unittests\bin\debug\net6.0\win-x64\videoos.identityserver.unittests.dll" id="3def9f2b-e5b3-ad6a-4e4f-3569812f3ca2">
      <Execution id="d3393233-c6a7-435b-89f7-7b994cd69b9b" />
      <TestMethod codeBase="D:\actions-runner\_work\XPCO\XPCO\IdentityServer\VideoOS.IdentityServer.UnitTests\bin\Debug\net6.0\win-x64\VideoOS.IdentityServer.UnitTests.dll" adapterTypeName="executor://xunit/VsTestRunner2/netcoreapp" className="VideoOS.IdentityServer.UnitTests.Repositories.VmsUserManagerTests" name="IsUserLockedOut_LockoutEnd_Expired" />
    </UnitTest>
    <UnitTest name="VideoOS.IdentityServer.UnitTests.Helper.ExpressionBuilderTests.FromString_DifferentQueriesWithAllowedSearchNames_ReturnsExpectedCount(query: &quot;time lt 2000-1-1&quot;, expectedCount: 3, allowedSearchNames: [&quot;Time&quot;])" storage="d:\actions-runner\_work\xpco\xpco\identityserver\videoos.identityserver.unittests\bin\debug\net6.0\win-x64\videoos.identityserver.unittests.dll" id="8c34430d-d39b-8a75-da42-c94626fb3592">
      <Execution id="f31d575b-96ae-44e2-98ad-42fa8388a6d6" />
      <TestMethod codeBase="D:\actions-runner\_work\XPCO\XPCO\IdentityServer\VideoOS.IdentityServer.UnitTests\bin\Debug\net6.0\win-x64\VideoOS.IdentityServer.UnitTests.dll" adapterTypeName="executor://xunit/VsTestRunner2/netcoreapp" className="VideoOS.IdentityServer.UnitTests.Helper.ExpressionBuilderTests" name="FromString_DifferentQueriesWithAllowedSearchNames_ReturnsExpectedCount" />
    </UnitTest>
    <UnitTest name="VideoOS.IdentityServer.UnitTests.Helper.ConstantValueHelperTests.GetConstantValues_ConstantTypeDoesnotExist_NoValueReturned" storage="d:\actions-runner\_work\xpco\xpco\identityserver\videoos.identityserver.unittests\bin\debug\net6.0\win-x64\videoos.identityserver.unittests.dll" id="8efb1ec5-b7e8-b3c6-0ad4-6500f872cd9c">
      <Execution id="8b07f41e-549d-403f-aead-74c7fcea40ba" />
      <TestMethod codeBase="D:\actions-runner\_work\XPCO\XPCO\IdentityServer\VideoOS.IdentityServer.UnitTests\bin\Debug\net6.0\win-x64\VideoOS.IdentityServer.UnitTests.dll" adapterTypeName="executor://xunit/VsTestRunner2/netcoreapp" className="VideoOS.IdentityServer.UnitTests.Helper.ConstantValueHelperTests" name="GetConstantValues_ConstantTypeDoesnotExist_NoValueReturned" />
    </UnitTest>
    <UnitTest name="VideoOS.IdentityServer.UnitTests.Helper.ExpressionBuilderTests.FromString_QueryIsNullOrEmpty_ThrowsArgumentException(query: &quot;&quot;)" storage="d:\actions-runner\_work\xpco\xpco\identityserver\videoos.identityserver.unittests\bin\debug\net6.0\win-x64\videoos.identityserver.unittests.dll" id="efe6e41e-f107-8576-56fa-4fe56f26d072">
      <Execution id="e3dd5872-13c5-4745-9dce-aa87271bed82" />
      <TestMethod codeBase="D:\actions-runner\_work\XPCO\XPCO\IdentityServer\VideoOS.IdentityServer.UnitTests\bin\Debug\net6.0\win-x64\VideoOS.IdentityServer.UnitTests.dll" adapterTypeName="executor://xunit/VsTestRunner2/netcoreapp" className="VideoOS.IdentityServer.UnitTests.Helper.ExpressionBuilderTests" name="FromString_QueryIsNullOrEmpty_ThrowsArgumentException" />
    </UnitTest>
    <UnitTest name="VideoOS.IdentityServer.UnitTests.GrantValidators.TokenExchangeGrantValidatorTests.ValidateAsync_HttpContextIsNull_InvalidRequestReturned" storage="d:\actions-runner\_work\xpco\xpco\identityserver\videoos.identityserver.unittests\bin\debug\net6.0\win-x64\videoos.identityserver.unittests.dll" id="70aed50b-f6e8-8391-d1ef-bd034c71575d">
      <Execution id="6ad1dea3-9c9f-49a1-8212-291c3d9f6df7" />
      <TestMethod codeBase="D:\actions-runner\_work\XPCO\XPCO\IdentityServer\VideoOS.IdentityServer.UnitTests\bin\Debug\net6.0\win-x64\VideoOS.IdentityServer.UnitTests.dll" adapterTypeName="executor://xunit/VsTestRunner2/netcoreapp" className="VideoOS.IdentityServer.UnitTests.GrantValidators.TokenExchangeGrantValidatorTests" name="ValidateAsync_HttpContextIsNull_InvalidRequestReturned" />
    </UnitTest>
    <UnitTest name="VideoOS.IdentityServer.UnitTests.Helper.ExpressionBuilderTests.FromString_QueryIsInvalid_ThrowsQueryFilterException(query: &quot; &quot;)" storage="d:\actions-runner\_work\xpco\xpco\identityserver\videoos.identityserver.unittests\bin\debug\net6.0\win-x64\videoos.identityserver.unittests.dll" id="4a7b3dd0-e4cf-93e6-ea32-71b917028e9d">
      <Execution id="9fca3fee-6179-4972-8442-7da009b3c00f" />
      <TestMethod codeBase="D:\actions-runner\_work\XPCO\XPCO\IdentityServer\VideoOS.IdentityServer.UnitTests\bin\Debug\net6.0\win-x64\VideoOS.IdentityServer.UnitTests.dll" adapterTypeName="executor://xunit/VsTestRunner2/netcoreapp" className="VideoOS.IdentityServer.UnitTests.Helper.ExpressionBuilderTests" name="FromString_QueryIsInvalid_ThrowsQueryFilterException" />
    </UnitTest>
    <UnitTest name="VideoOS.IdentityServer.UnitTests.Controllers.AdminIdentityControllerTests.Post_AdminIdentityAlreadyExist_DuplicateAdminIdentityError" storage="d:\actions-runner\_work\xpco\xpco\identityserver\videoos.identityserver.unittests\bin\debug\net6.0\win-x64\videoos.identityserver.unittests.dll" id="b01c36f9-4c33-cbd8-7177-84aa9e0cdaac">
      <Execution id="2ca2ce52-e2de-4f2b-89aa-d4e14407bd7e" />
      <TestMethod codeBase="D:\actions-runner\_work\XPCO\XPCO\IdentityServer\VideoOS.IdentityServer.UnitTests\bin\Debug\net6.0\win-x64\VideoOS.IdentityServer.UnitTests.dll" adapterTypeName="executor://xunit/VsTestRunner2/netcoreapp" className="VideoOS.IdentityServer.UnitTests.Controllers.AdminIdentityControllerTests" name="Post_AdminIdentityAlreadyExist_DuplicateAdminIdentityError" />
    </UnitTest>
    <UnitTest name="VideoOS.IdentityServer.UnitTests.GrantValidators.TokenExchangeGrantValidatorTests.ValidateAsync_IssuerNotTrusted_InvalidRequestReturned" storage="d:\actions-runner\_work\xpco\xpco\identityserver\videoos.identityserver.unittests\bin\debug\net6.0\win-x64\videoos.identityserver.unittests.dll" id="244a44f0-246a-794e-7d4e-ee72bda98bd0">
      <Execution id="86f5e826-dd18-4def-917b-e985feb68c71" />
      <TestMethod codeBase="D:\actions-runner\_work\XPCO\XPCO\IdentityServer\VideoOS.IdentityServer.UnitTests\bin\Debug\net6.0\win-x64\VideoOS.IdentityServer.UnitTests.dll" adapterTypeName="executor://xunit/VsTestRunner2/netcoreapp" className="VideoOS.IdentityServer.UnitTests.GrantValidators.TokenExchangeGrantValidatorTests" name="ValidateAsync_IssuerNotTrusted_InvalidRequestReturned" />
    </UnitTest>
    <UnitTest name="VideoOS.IdentityServer.UnitTests.Controllers.ExternalProviderManagerTests.UpdateProvider_LoginProvider_Enabled_AlreadyExists_RemovesAndAddsConfiguration" storage="d:\actions-runner\_work\xpco\xpco\identityserver\videoos.identityserver.unittests\bin\debug\net6.0\win-x64\videoos.identityserver.unittests.dll" id="304d6567-2592-ea3e-227f-6d5fbe6f4a9a">
      <Execution id="9e6caeb8-5090-4dac-a5f1-98a674aa988d" />
      <TestMethod codeBase="D:\actions-runner\_work\XPCO\XPCO\IdentityServer\VideoOS.IdentityServer.UnitTests\bin\Debug\net6.0\win-x64\VideoOS.IdentityServer.UnitTests.dll" adapterTypeName="executor://xunit/VsTestRunner2/netcoreapp" className="VideoOS.IdentityServer.UnitTests.Controllers.ExternalProviderManagerTests" name="UpdateProvider_LoginProvider_Enabled_AlreadyExists_RemovesAndAddsConfiguration" />
    </UnitTest>
    <UnitTest name="VideoOS.IdentityServer.UnitTests.Services.ProfileServiceTests.GetProfileDataAsync_ProviderScopeRequestedCallerIsIdentityToken_RequestedAndRequiredClaims" storage="d:\actions-runner\_work\xpco\xpco\identityserver\videoos.identityserver.unittests\bin\debug\net6.0\win-x64\videoos.identityserver.unittests.dll" id="bb0bd953-5bc3-d778-28dc-7d027690da77">
      <Execution id="2fcf8d1c-2309-473f-b1fa-a8a038f3f5d1" />
      <TestMethod codeBase="D:\actions-runner\_work\XPCO\XPCO\IdentityServer\VideoOS.IdentityServer.UnitTests\bin\Debug\net6.0\win-x64\VideoOS.IdentityServer.UnitTests.dll" adapterTypeName="executor://xunit/VsTestRunner2/netcoreapp" className="VideoOS.IdentityServer.UnitTests.Services.ProfileServiceTests" name="GetProfileDataAsync_ProviderScopeRequestedCallerIsIdentityToken_RequestedAndRequiredClaims" />
    </UnitTest>
    <UnitTest name="VideoOS.IdentityServer.UnitTests.Repositories.VmsUserManagerTests.FindByFilterAsync_UsersNotUsingNoFilters_Empty" storage="d:\actions-runner\_work\xpco\xpco\identityserver\videoos.identityserver.unittests\bin\debug\net6.0\win-x64\videoos.identityserver.unittests.dll" id="09bd1177-f0ac-b268-be1b-885ab1f4828a">
      <Execution id="214ce57e-2a24-4853-b485-ba62cdf11df7" />
      <TestMethod codeBase="D:\actions-runner\_work\XPCO\XPCO\IdentityServer\VideoOS.IdentityServer.UnitTests\bin\Debug\net6.0\win-x64\VideoOS.IdentityServer.UnitTests.dll" adapterTypeName="executor://xunit/VsTestRunner2/netcoreapp" className="VideoOS.IdentityServer.UnitTests.Repositories.VmsUserManagerTests" name="FindByFilterAsync_UsersNotUsingNoFilters_Empty" />
    </UnitTest>
    <UnitTest name="VideoOS.IdentityServer.UnitTests.Helper.ExpressionBuilderTests.FromString_DifferentQueriesWithNoListOfAllowedSearchNames_ReturnsExpectedCount(query: &quot;name eq c&quot;, expectedCount: 1)" storage="d:\actions-runner\_work\xpco\xpco\identityserver\videoos.identityserver.unittests\bin\debug\net6.0\win-x64\videoos.identityserver.unittests.dll" id="cc5bbe87-bdd6-95f4-293a-8634b9585240">
      <Execution id="5eacfcf9-7310-4296-a227-5b3caa050271" />
      <TestMethod codeBase="D:\actions-runner\_work\XPCO\XPCO\IdentityServer\VideoOS.IdentityServer.UnitTests\bin\Debug\net6.0\win-x64\VideoOS.IdentityServer.UnitTests.dll" adapterTypeName="executor://xunit/VsTestRunner2/netcoreapp" className="VideoOS.IdentityServer.UnitTests.Helper.ExpressionBuilderTests" name="FromString_DifferentQueriesWithNoListOfAllowedSearchNames_ReturnsExpectedCount" />
    </UnitTest>
    <UnitTest name="VideoOS.IdentityServer.UnitTests.Middleware.RequestResponseLogMiddlewareTests.InvokeAsync_NoLogging_DelegateRun" storage="d:\actions-runner\_work\xpco\xpco\identityserver\videoos.identityserver.unittests\bin\debug\net6.0\win-x64\videoos.identityserver.unittests.dll" id="753803f6-06be-eef0-d662-c5a41595644a">
      <Execution id="fecf0126-4843-4d8d-97d6-c167a9cf6e45" />
      <TestMethod codeBase="D:\actions-runner\_work\XPCO\XPCO\IdentityServer\VideoOS.IdentityServer.UnitTests\bin\Debug\net6.0\win-x64\VideoOS.IdentityServer.UnitTests.dll" adapterTypeName="executor://xunit/VsTestRunner2/netcoreapp" className="VideoOS.IdentityServer.UnitTests.Middleware.RequestResponseLogMiddlewareTests" name="InvokeAsync_NoLogging_DelegateRun" />
    </UnitTest>
    <UnitTest name="VideoOS.IdentityServer.UnitTests.Services.ExternalTokenValidatorTests.GetSubjectTokenClaims_SubjectTokenMissingIssuerClaim_TokenNotValidatedAndErrorLogged" storage="d:\actions-runner\_work\xpco\xpco\identityserver\videoos.identityserver.unittests\bin\debug\net6.0\win-x64\videoos.identityserver.unittests.dll" id="a864dae9-9a72-ae9f-08f5-8d9ce3da9877">
      <Execution id="0dcb3338-6c4b-47a1-83c9-b9bd85d997b9" />
      <TestMethod codeBase="D:\actions-runner\_work\XPCO\XPCO\IdentityServer\VideoOS.IdentityServer.UnitTests\bin\Debug\net6.0\win-x64\VideoOS.IdentityServer.UnitTests.dll" adapterTypeName="executor://xunit/VsTestRunner2/netcoreapp" className="VideoOS.IdentityServer.UnitTests.Services.ExternalTokenValidatorTests" name="GetSubjectTokenClaims_SubjectTokenMissingIssuerClaim_TokenNotValidatedAndErrorLogged" />
    </UnitTest>
    <UnitTest name="VideoOS.IdentityServer.UnitTests.GrantValidators.WinAuthGrantValidatorTests.ValidateAsync_DbContextTrowsSqlException_StatusCode500IsSet" storage="d:\actions-runner\_work\xpco\xpco\identityserver\videoos.identityserver.unittests\bin\debug\net6.0\win-x64\videoos.identityserver.unittests.dll" id="17a17d61-3693-4beb-a69c-da690ff6fcd4">
      <Execution id="598b1a60-34ed-48ba-93b0-94b70cf2ce76" />
      <TestMethod codeBase="D:\actions-runner\_work\XPCO\XPCO\IdentityServer\VideoOS.IdentityServer.UnitTests\bin\Debug\net6.0\win-x64\VideoOS.IdentityServer.UnitTests.dll" adapterTypeName="executor://xunit/VsTestRunner2/netcoreapp" className="VideoOS.IdentityServer.UnitTests.GrantValidators.WinAuthGrantValidatorTests" name="ValidateAsync_DbContextTrowsSqlException_StatusCode500IsSet" />
    </UnitTest>
    <UnitTest name="VideoOS.IdentityServer.UnitTests.Controllers.ClientsControllerTests.RegisterClient_InvalidRedirectUri_BusinessViolationExceptionIsThrown" storage="d:\actions-runner\_work\xpco\xpco\identityserver\videoos.identityserver.unittests\bin\debug\net6.0\win-x64\videoos.identityserver.unittests.dll" id="bf64ab71-1c25-b603-8586-eaa6f35927ac">
      <Execution id="95307e61-112d-4401-afc4-b55d6b029d34" />
      <TestMethod codeBase="D:\actions-runner\_work\XPCO\XPCO\IdentityServer\VideoOS.IdentityServer.UnitTests\bin\Debug\net6.0\win-x64\VideoOS.IdentityServer.UnitTests.dll" adapterTypeName="executor://xunit/VsTestRunner2/netcoreapp" className="VideoOS.IdentityServer.UnitTests.Controllers.ClientsControllerTests" name="RegisterClient_InvalidRedirectUri_BusinessViolationExceptionIsThrown" />
    </UnitTest>
    <UnitTest name="VideoOS.IdentityServer.UnitTests.GrantValidators.TokenExchangeGrantValidatorTests.ValidateAsync_MissingVmsProviderKeyClaim_InvalidRequestReturned" storage="d:\actions-runner\_work\xpco\xpco\identityserver\videoos.identityserver.unittests\bin\debug\net6.0\win-x64\videoos.identityserver.unittests.dll" id="7144b9cd-8b82-fd81-0514-67816e952a1b">
      <Execution id="57d04d25-0b64-4a00-a3c4-522da380f055" />
      <TestMethod codeBase="D:\actions-runner\_work\XPCO\XPCO\IdentityServer\VideoOS.IdentityServer.UnitTests\bin\Debug\net6.0\win-x64\VideoOS.IdentityServer.UnitTests.dll" adapterTypeName="executor://xunit/VsTestRunner2/netcoreapp" className="VideoOS.IdentityServer.UnitTests.GrantValidators.TokenExchangeGrantValidatorTests" name="ValidateAsync_MissingVmsProviderKeyClaim_InvalidRequestReturned" />
    </UnitTest>
    <UnitTest name="VideoOS.IdentityServer.UnitTests.Helper.ExpressionBuilderTests.FromString_DifferentQueriesWithAllowedSearchNames_ReturnsExpectedCount(query: &quot;name eq null&quot;, expectedCount: 1, allowedSearchNames: [&quot;Name&quot;])" storage="d:\actions-runner\_work\xpco\xpco\identityserver\videoos.identityserver.unittests\bin\debug\net6.0\win-x64\videoos.identityserver.unittests.dll" id="94b10ab9-7d67-26b0-9391-9076ee44183e">
      <Execution id="9e419733-9459-4c39-91b2-e1f70066f2e0" />
      <TestMethod codeBase="D:\actions-runner\_work\XPCO\XPCO\IdentityServer\VideoOS.IdentityServer.UnitTests\bin\Debug\net6.0\win-x64\VideoOS.IdentityServer.UnitTests.dll" adapterTypeName="executor://xunit/VsTestRunner2/netcoreapp" className="VideoOS.IdentityServer.UnitTests.Helper.ExpressionBuilderTests" name="FromString_DifferentQueriesWithAllowedSearchNames_ReturnsExpectedCount" />
    </UnitTest>
    <UnitTest name="VideoOS.IdentityServer.UnitTests.Model.Result.ErrorTests.Error_CreationWithDefaultDescription_ShouldHaveDefaultDescription" storage="d:\actions-runner\_work\xpco\xpco\identityserver\videoos.identityserver.unittests\bin\debug\net6.0\win-x64\videoos.identityserver.unittests.dll" id="c2d60633-e143-4b6e-562f-197396df32c7">
      <Execution id="4936e29b-5c6b-4c2e-bde2-1e1457496a0e" />
      <TestMethod codeBase="D:\actions-runner\_work\XPCO\XPCO\IdentityServer\VideoOS.IdentityServer.UnitTests\bin\Debug\net6.0\win-x64\VideoOS.IdentityServer.UnitTests.dll" adapterTypeName="executor://xunit/VsTestRunner2/netcoreapp" className="VideoOS.IdentityServer.UnitTests.Model.Result.ErrorTests" name="Error_CreationWithDefaultDescription_ShouldHaveDefaultDescription" />
    </UnitTest>
    <UnitTest name="VideoOS.IdentityServer.UnitTests.Pages.ChangePasswordTests.OnPostAsync_UserChangePasswordSuccess_EventLogCreated" storage="d:\actions-runner\_work\xpco\xpco\identityserver\videoos.identityserver.unittests\bin\debug\net6.0\win-x64\videoos.identityserver.unittests.dll" id="a3257af4-4d9b-2be4-9396-cdf188ad3e8d">
      <Execution id="ce1a7da3-6dce-4cfa-99fe-931562c283a8" />
      <TestMethod codeBase="D:\actions-runner\_work\XPCO\XPCO\IdentityServer\VideoOS.IdentityServer.UnitTests\bin\Debug\net6.0\win-x64\VideoOS.IdentityServer.UnitTests.dll" adapterTypeName="executor://xunit/VsTestRunner2/netcoreapp" className="VideoOS.IdentityServer.UnitTests.Pages.ChangePasswordTests" name="OnPostAsync_UserChangePasswordSuccess_EventLogCreated" />
    </UnitTest>
    <UnitTest name="VideoOS.IdentityServer.UnitTests.Services.UserProvisionerTests.CreateOrUpdateUser_IdpClaim_ProviderEqualScheme" storage="d:\actions-runner\_work\xpco\xpco\identityserver\videoos.identityserver.unittests\bin\debug\net6.0\win-x64\videoos.identityserver.unittests.dll" id="05b4c97b-2e9a-ed5e-1129-08f3eee81585">
      <Execution id="f1ac0dc1-c595-4c43-93b6-7d54d5e65a5d" />
      <TestMethod codeBase="D:\actions-runner\_work\XPCO\XPCO\IdentityServer\VideoOS.IdentityServer.UnitTests\bin\Debug\net6.0\win-x64\VideoOS.IdentityServer.UnitTests.dll" adapterTypeName="executor://xunit/VsTestRunner2/netcoreapp" className="VideoOS.IdentityServer.UnitTests.Services.UserProvisionerTests" name="CreateOrUpdateUser_IdpClaim_ProviderEqualScheme" />
    </UnitTest>
    <UnitTest name="VideoOS.IdentityServer.UnitTests.Helper.MapAllClaimsActionAndEnumerateArrayTests.Run_DuplicateSingleAndArrayClaimPairs_DuplicatePairsGetRemoved" storage="d:\actions-runner\_work\xpco\xpco\identityserver\videoos.identityserver.unittests\bin\debug\net6.0\win-x64\videoos.identityserver.unittests.dll" id="e9cda017-59c6-0e25-c577-52365991f63e">
      <Execution id="e1b96b22-c731-41b3-bd66-98ce1d51ac4e" />
      <TestMethod codeBase="D:\actions-runner\_work\XPCO\XPCO\IdentityServer\VideoOS.IdentityServer.UnitTests\bin\Debug\net6.0\win-x64\VideoOS.IdentityServer.UnitTests.dll" adapterTypeName="executor://xunit/VsTestRunner2/netcoreapp" className="VideoOS.IdentityServer.UnitTests.Helper.MapAllClaimsActionAndEnumerateArrayTests" name="Run_DuplicateSingleAndArrayClaimPairs_DuplicatePairsGetRemoved" />
    </UnitTest>
    <UnitTest name="VideoOS.IdentityServer.UnitTests.Pages.LoginTests.OnGetAsync_IdpSpecified_Redirect" storage="d:\actions-runner\_work\xpco\xpco\identityserver\videoos.identityserver.unittests\bin\debug\net6.0\win-x64\videoos.identityserver.unittests.dll" id="d46eeb73-e964-e08a-1fbd-08c1223b20cd">
      <Execution id="28dd9a40-52f7-471b-9814-f3bebcb1afb6" />
      <TestMethod codeBase="D:\actions-runner\_work\XPCO\XPCO\IdentityServer\VideoOS.IdentityServer.UnitTests\bin\Debug\net6.0\win-x64\VideoOS.IdentityServer.UnitTests.dll" adapterTypeName="executor://xunit/VsTestRunner2/netcoreapp" className="VideoOS.IdentityServer.UnitTests.Pages.LoginTests" name="OnGetAsync_IdpSpecified_Redirect" />
    </UnitTest>
    <UnitTest name="VideoOS.IdentityServer.UnitTests.Controllers.ScopesControllerTests.GetScopes_ScopesFromParameter_ReturnsOkResultWithScopes(scopes: [&quot;a&quot;])" storage="d:\actions-runner\_work\xpco\xpco\identityserver\videoos.identityserver.unittests\bin\debug\net6.0\win-x64\videoos.identityserver.unittests.dll" id="8a8a5963-5d44-f88c-9732-1f2ad3922525">
      <Execution id="b3de2d39-8abd-45fb-9c48-0b987790a859" />
      <TestMethod codeBase="D:\actions-runner\_work\XPCO\XPCO\IdentityServer\VideoOS.IdentityServer.UnitTests\bin\Debug\net6.0\win-x64\VideoOS.IdentityServer.UnitTests.dll" adapterTypeName="executor://xunit/VsTestRunner2/netcoreapp" className="VideoOS.IdentityServer.UnitTests.Controllers.ScopesControllerTests" name="GetScopes_ScopesFromParameter_ReturnsOkResultWithScopes" />
    </UnitTest>
    <UnitTest name="VideoOS.IdentityServer.UnitTests.Repositories.VmsUserManagerTests.IsUserLockedOut_LockoutEnd_Null" storage="d:\actions-runner\_work\xpco\xpco\identityserver\videoos.identityserver.unittests\bin\debug\net6.0\win-x64\videoos.identityserver.unittests.dll" id="8a8d9965-d9e6-321a-030d-efcea28da45a">
      <Execution id="dcb9cb03-02de-41ef-9dda-8db4a82610b7" />
      <TestMethod codeBase="D:\actions-runner\_work\XPCO\XPCO\IdentityServer\VideoOS.IdentityServer.UnitTests\bin\Debug\net6.0\win-x64\VideoOS.IdentityServer.UnitTests.dll" adapterTypeName="executor://xunit/VsTestRunner2/netcoreapp" className="VideoOS.IdentityServer.UnitTests.Repositories.VmsUserManagerTests" name="IsUserLockedOut_LockoutEnd_Null" />
    </UnitTest>
    <UnitTest name="VideoOS.IdentityServer.UnitTests.Controllers.BaseControllerTests.NotFound_InvokeWithObject_ThrowsNotImplementedException" storage="d:\actions-runner\_work\xpco\xpco\identityserver\videoos.identityserver.unittests\bin\debug\net6.0\win-x64\videoos.identityserver.unittests.dll" id="9168d8da-a349-31dd-2b45-0a6d377d0f4c">
      <Execution id="18507f79-abe6-435f-b98c-9017540e0b11" />
      <TestMethod codeBase="D:\actions-runner\_work\XPCO\XPCO\IdentityServer\VideoOS.IdentityServer.UnitTests\bin\Debug\net6.0\win-x64\VideoOS.IdentityServer.UnitTests.dll" adapterTypeName="executor://xunit/VsTestRunner2/netcoreapp" className="VideoOS.IdentityServer.UnitTests.Controllers.BaseControllerTests" name="NotFound_InvokeWithObject_ThrowsNotImplementedException" />
    </UnitTest>
    <UnitTest name="VideoOS.IdentityServer.UnitTests.Attributes.HttpOrHttpsAttributeTests.IsValid_ForNonHttpOrHttpsUri_ReturnsError(url: &quot;file://localhost/path&quot;)" storage="d:\actions-runner\_work\xpco\xpco\identityserver\videoos.identityserver.unittests\bin\debug\net6.0\win-x64\videoos.identityserver.unittests.dll" id="999969fd-2340-af1e-c41b-51a612d4b506">
      <Execution id="e86dbd39-fe05-41e4-a6d7-afab2c832e5d" />
      <TestMethod codeBase="D:\actions-runner\_work\XPCO\XPCO\IdentityServer\VideoOS.IdentityServer.UnitTests\bin\Debug\net6.0\win-x64\VideoOS.IdentityServer.UnitTests.dll" adapterTypeName="executor://xunit/VsTestRunner2/netcoreapp" className="VideoOS.IdentityServer.UnitTests.Attributes.HttpOrHttpsAttributeTests" name="IsValid_ForNonHttpOrHttpsUri_ReturnsError" />
    </UnitTest>
    <UnitTest name="VideoOS.IdentityServer.UnitTests.GrantValidators.WindowsCredentialsGrantValidatorTests.ValidateAsync_UserAuthenticated_Success" storage="d:\actions-runner\_work\xpco\xpco\identityserver\videoos.identityserver.unittests\bin\debug\net6.0\win-x64\videoos.identityserver.unittests.dll" id="37c7947a-3966-decd-629f-d603f8981b34">
      <Execution id="2edf8936-b372-4241-ac65-76faffabc4b0" />
      <TestMethod codeBase="D:\actions-runner\_work\XPCO\XPCO\IdentityServer\VideoOS.IdentityServer.UnitTests\bin\Debug\net6.0\win-x64\VideoOS.IdentityServer.UnitTests.dll" adapterTypeName="executor://xunit/VsTestRunner2/netcoreapp" className="VideoOS.IdentityServer.UnitTests.GrantValidators.WindowsCredentialsGrantValidatorTests" name="ValidateAsync_UserAuthenticated_Success" />
    </UnitTest>
    <UnitTest name="VideoOS.IdentityServer.UnitTests.Repositories.VmsUserManagerTests.ChangePasswordAsync_PasswordChangedSuccessful_ForcePasswordChangeReset" storage="d:\actions-runner\_work\xpco\xpco\identityserver\videoos.identityserver.unittests\bin\debug\net6.0\win-x64\videoos.identityserver.unittests.dll" id="554bc2dc-5683-0353-ab18-b38abe873c7a">
      <Execution id="39b1729d-f8c4-425b-92eb-7bb934181693" />
      <TestMethod codeBase="D:\actions-runner\_work\XPCO\XPCO\IdentityServer\VideoOS.IdentityServer.UnitTests\bin\Debug\net6.0\win-x64\VideoOS.IdentityServer.UnitTests.dll" adapterTypeName="executor://xunit/VsTestRunner2/netcoreapp" className="VideoOS.IdentityServer.UnitTests.Repositories.VmsUserManagerTests" name="ChangePasswordAsync_PasswordChangedSuccessful_ForcePasswordChangeReset" />
    </UnitTest>
    <UnitTest name="VideoOS.IdentityServer.UnitTests.Filters.RedirectAntiForgeryValidationFailedResultFilterTest.OnResultExecutionAsync_ResultAntiforgeryValidationFailedResult" storage="d:\actions-runner\_work\xpco\xpco\identityserver\videoos.identityserver.unittests\bin\debug\net6.0\win-x64\videoos.identityserver.unittests.dll" id="9eba4420-fab6-f18a-0c59-5d7c61d27948">
      <Execution id="3a093356-599f-4552-844b-8d2361a70211" />
      <TestMethod codeBase="D:\actions-runner\_work\XPCO\XPCO\IdentityServer\VideoOS.IdentityServer.UnitTests\bin\Debug\net6.0\win-x64\VideoOS.IdentityServer.UnitTests.dll" adapterTypeName="executor://xunit/VsTestRunner2/netcoreapp" className="VideoOS.IdentityServer.UnitTests.Filters.RedirectAntiForgeryValidationFailedResultFilterTest" name="OnResultExecutionAsync_ResultAntiforgeryValidationFailedResult" />
    </UnitTest>
    <UnitTest name="VideoOS.IdentityServer.UnitTests.Services.ProfileServiceTests.IsActiveAsync_AuthenticationMethodIsNull_VmsUser" storage="d:\actions-runner\_work\xpco\xpco\identityserver\videoos.identityserver.unittests\bin\debug\net6.0\win-x64\videoos.identityserver.unittests.dll" id="865331f5-7c91-bdd2-0d8a-285f3542c5e4">
      <Execution id="13885756-df08-445e-8f6b-fb6a2a1a7f3d" />
      <TestMethod codeBase="D:\actions-runner\_work\XPCO\XPCO\IdentityServer\VideoOS.IdentityServer.UnitTests\bin\Debug\net6.0\win-x64\VideoOS.IdentityServer.UnitTests.dll" adapterTypeName="executor://xunit/VsTestRunner2/netcoreapp" className="VideoOS.IdentityServer.UnitTests.Services.ProfileServiceTests" name="IsActiveAsync_AuthenticationMethodIsNull_VmsUser" />
    </UnitTest>
    <UnitTest name="VideoOS.IdentityServer.UnitTests.Repositories.VmsUserManagerTests.FindByFilterAsync_ArgumentNull" storage="d:\actions-runner\_work\xpco\xpco\identityserver\videoos.identityserver.unittests\bin\debug\net6.0\win-x64\videoos.identityserver.unittests.dll" id="50caac75-59c5-2982-763d-8bf5dea4f197">
      <Execution id="de542832-c561-4e2a-b0ec-fe3f959b294a" />
      <TestMethod codeBase="D:\actions-runner\_work\XPCO\XPCO\IdentityServer\VideoOS.IdentityServer.UnitTests\bin\Debug\net6.0\win-x64\VideoOS.IdentityServer.UnitTests.dll" adapterTypeName="executor://xunit/VsTestRunner2/netcoreapp" className="VideoOS.IdentityServer.UnitTests.Repositories.VmsUserManagerTests" name="FindByFilterAsync_ArgumentNull" />
    </UnitTest>
    <UnitTest name="VideoOS.IdentityServer.UnitTests.Services.ProfileServiceTests.GetProfileDataAsync_ProviderScopeRequestedCallerIsAccessToken_NoIdpClaims" storage="d:\actions-runner\_work\xpco\xpco\identityserver\videoos.identityserver.unittests\bin\debug\net6.0\win-x64\videoos.identityserver.unittests.dll" id="2c25d92f-b6d9-f67b-f9fb-1c50b91346d4">
      <Execution id="ea1fafed-5adc-4411-963c-5654f0674080" />
      <TestMethod codeBase="D:\actions-runner\_work\XPCO\XPCO\IdentityServer\VideoOS.IdentityServer.UnitTests\bin\Debug\net6.0\win-x64\VideoOS.IdentityServer.UnitTests.dll" adapterTypeName="executor://xunit/VsTestRunner2/netcoreapp" className="VideoOS.IdentityServer.UnitTests.Services.ProfileServiceTests" name="GetProfileDataAsync_ProviderScopeRequestedCallerIsAccessToken_NoIdpClaims" />
    </UnitTest>
    <UnitTest name="VideoOS.IdentityServer.UnitTests.Repositories.EventLogRepositoryTests.FilterLogs_Take2_2OrderedLogsOutOf4AreReturned" storage="d:\actions-runner\_work\xpco\xpco\identityserver\videoos.identityserver.unittests\bin\debug\net6.0\win-x64\videoos.identityserver.unittests.dll" id="b09ec01e-490e-3eea-658f-8b98c142e321">
      <Execution id="8c6604fd-62b3-4d3f-8608-73729f637346" />
      <TestMethod codeBase="D:\actions-runner\_work\XPCO\XPCO\IdentityServer\VideoOS.IdentityServer.UnitTests\bin\Debug\net6.0\win-x64\VideoOS.IdentityServer.UnitTests.dll" adapterTypeName="executor://xunit/VsTestRunner2/netcoreapp" className="VideoOS.IdentityServer.UnitTests.Repositories.EventLogRepositoryTests" name="FilterLogs_Take2_2OrderedLogsOutOf4AreReturned" />
    </UnitTest>
    <UnitTest name="VideoOS.IdentityServer.UnitTests.Helper.MapAllClaimsActionAndEnumerateArrayTests.Run_SingleAndArrayClaimPairsClaimNameMixedCasing_DuplicatePairsGetRemovedWithClaimNameCaseSensitive" storage="d:\actions-runner\_work\xpco\xpco\identityserver\videoos.identityserver.unittests\bin\debug\net6.0\win-x64\videoos.identityserver.unittests.dll" id="4afd93b3-0dbd-977d-9326-df2e15851723">
      <Execution id="fa16a1ac-4348-493e-8677-e8d7672f15c2" />
      <TestMethod codeBase="D:\actions-runner\_work\XPCO\XPCO\IdentityServer\VideoOS.IdentityServer.UnitTests\bin\Debug\net6.0\win-x64\VideoOS.IdentityServer.UnitTests.dll" adapterTypeName="executor://xunit/VsTestRunner2/netcoreapp" className="VideoOS.IdentityServer.UnitTests.Helper.MapAllClaimsActionAndEnumerateArrayTests" name="Run_SingleAndArrayClaimPairsClaimNameMixedCasing_DuplicatePairsGetRemovedWithClaimNameCaseSensitive" />
    </UnitTest>
    <UnitTest name="VideoOS.IdentityServer.UnitTests.Controllers.LoginProvidersControllerTests.Patch_LoginProvider_NotFound_Failure" storage="d:\actions-runner\_work\xpco\xpco\identityserver\videoos.identityserver.unittests\bin\debug\net6.0\win-x64\videoos.identityserver.unittests.dll" id="86e63197-ee39-e9eb-fea5-38017d6dea21">
      <Execution id="00a19e82-361b-46d3-9cca-afa55ddf9bc6" />
      <TestMethod codeBase="D:\actions-runner\_work\XPCO\XPCO\IdentityServer\VideoOS.IdentityServer.UnitTests\bin\Debug\net6.0\win-x64\VideoOS.IdentityServer.UnitTests.dll" adapterTypeName="executor://xunit/VsTestRunner2/netcoreapp" className="VideoOS.IdentityServer.UnitTests.Controllers.LoginProvidersControllerTests" name="Patch_LoginProvider_NotFound_Failure" />
    </UnitTest>
    <UnitTest name="VideoOS.IdentityServer.UnitTests.Helper.MapAllClaimsActionAndEnumerateArrayTests.Run_SingleAndArrayClaimPairsClaimValueMixedCasing_DuplicatePairsGetRemovedWithClaimValueCaseSensitive" storage="d:\actions-runner\_work\xpco\xpco\identityserver\videoos.identityserver.unittests\bin\debug\net6.0\win-x64\videoos.identityserver.unittests.dll" id="e407b8a0-22ba-2a63-6c33-cfdfd1359996">
      <Execution id="e22ab66c-5f71-44a3-bce8-baf8c4f0c0a4" />
      <TestMethod codeBase="D:\actions-runner\_work\XPCO\XPCO\IdentityServer\VideoOS.IdentityServer.UnitTests\bin\Debug\net6.0\win-x64\VideoOS.IdentityServer.UnitTests.dll" adapterTypeName="executor://xunit/VsTestRunner2/netcoreapp" className="VideoOS.IdentityServer.UnitTests.Helper.MapAllClaimsActionAndEnumerateArrayTests" name="Run_SingleAndArrayClaimPairsClaimValueMixedCasing_DuplicatePairsGetRemovedWithClaimValueCaseSensitive" />
    </UnitTest>
    <UnitTest name="VideoOS.IdentityServer.UnitTests.Validators.PasswordValidatorTests.Constructor_NullIPasswordRequirements_ThrowsArgumentNullException" storage="d:\actions-runner\_work\xpco\xpco\identityserver\videoos.identityserver.unittests\bin\debug\net6.0\win-x64\videoos.identityserver.unittests.dll" id="8827fc4b-9473-8119-896d-eed4bf525c64">
      <Execution id="bb79a7f6-6ece-456d-aa6d-7fe967ed6252" />
      <TestMethod codeBase="D:\actions-runner\_work\XPCO\XPCO\IdentityServer\VideoOS.IdentityServer.UnitTests\bin\Debug\net6.0\win-x64\VideoOS.IdentityServer.UnitTests.dll" adapterTypeName="executor://xunit/VsTestRunner2/netcoreapp" className="VideoOS.IdentityServer.UnitTests.Validators.PasswordValidatorTests" name="Constructor_NullIPasswordRequirements_ThrowsArgumentNullException" />
    </UnitTest>
    <UnitTest name="VideoOS.IdentityServer.UnitTests.GrantValidators.ResourceOwnerPasswordValidatorTests.ValidateAsync_UserLockedOut_LockedOut" storage="d:\actions-runner\_work\xpco\xpco\identityserver\videoos.identityserver.unittests\bin\debug\net6.0\win-x64\videoos.identityserver.unittests.dll" id="7ade7f6d-dbf6-7d1f-d7f6-b39a969b31ff">
      <Execution id="74282aee-1886-4da7-8c6f-6beab3ced29d" />
      <TestMethod codeBase="D:\actions-runner\_work\XPCO\XPCO\IdentityServer\VideoOS.IdentityServer.UnitTests\bin\Debug\net6.0\win-x64\VideoOS.IdentityServer.UnitTests.dll" adapterTypeName="executor://xunit/VsTestRunner2/netcoreapp" className="VideoOS.IdentityServer.UnitTests.GrantValidators.ResourceOwnerPasswordValidatorTests" name="ValidateAsync_UserLockedOut_LockedOut" />
    </UnitTest>
    <UnitTest name="VideoOS.IdentityServer.UnitTests.Controllers.LoginProvidersControllerTests.Delete_LoginProviderExists_Success" storage="d:\actions-runner\_work\xpco\xpco\identityserver\videoos.identityserver.unittests\bin\debug\net6.0\win-x64\videoos.identityserver.unittests.dll" id="5733c725-74f6-0e64-1c02-0d0e954418ad">
      <Execution id="948be6cc-9304-4f26-b06e-2b6bf2e944e1" />
      <TestMethod codeBase="D:\actions-runner\_work\XPCO\XPCO\IdentityServer\VideoOS.IdentityServer.UnitTests\bin\Debug\net6.0\win-x64\VideoOS.IdentityServer.UnitTests.dll" adapterTypeName="executor://xunit/VsTestRunner2/netcoreapp" className="VideoOS.IdentityServer.UnitTests.Controllers.LoginProvidersControllerTests" name="Delete_LoginProviderExists_Success" />
    </UnitTest>
    <UnitTest name="VideoOS.IdentityServer.UnitTests.Repositories.EventLogRepositoryTests.FilterLogs_SkipIsNegative_ThrowArgumentOutOfRangeException" storage="d:\actions-runner\_work\xpco\xpco\identityserver\videoos.identityserver.unittests\bin\debug\net6.0\win-x64\videoos.identityserver.unittests.dll" id="9bc04b5a-96f6-a6a5-aeb9-c7c2c465389f">
      <Execution id="3339af88-9e84-412d-8e2c-341211574877" />
      <TestMethod codeBase="D:\actions-runner\_work\XPCO\XPCO\IdentityServer\VideoOS.IdentityServer.UnitTests\bin\Debug\net6.0\win-x64\VideoOS.IdentityServer.UnitTests.dll" adapterTypeName="executor://xunit/VsTestRunner2/netcoreapp" className="VideoOS.IdentityServer.UnitTests.Repositories.EventLogRepositoryTests" name="FilterLogs_SkipIsNegative_ThrowArgumentOutOfRangeException" />
    </UnitTest>
    <UnitTest name="VideoOS.IdentityServer.UnitTests.Helper.RsaKeyGeneratorTests.GenerateRsaSecurityKey_InvalidKeySize_ThrowsArgumentOutOfRangeException(keySize: 16385)" storage="d:\actions-runner\_work\xpco\xpco\identityserver\videoos.identityserver.unittests\bin\debug\net6.0\win-x64\videoos.identityserver.unittests.dll" id="60f49aec-c5b4-99ea-1acb-b873f5055301">
      <Execution id="e65a951f-50a4-406b-97b4-20f67c9772ab" />
      <TestMethod codeBase="D:\actions-runner\_work\XPCO\XPCO\IdentityServer\VideoOS.IdentityServer.UnitTests\bin\Debug\net6.0\win-x64\VideoOS.IdentityServer.UnitTests.dll" adapterTypeName="executor://xunit/VsTestRunner2/netcoreapp" className="VideoOS.IdentityServer.UnitTests.Helper.RsaKeyGeneratorTests" name="GenerateRsaSecurityKey_InvalidKeySize_ThrowsArgumentOutOfRangeException" />
    </UnitTest>
    <UnitTest name="VideoOS.IdentityServer.UnitTests.Services.WellKnownConfigurationRetriever.WellKnownConfigurationRetrieverTests.GetWellKnownConfiguration_NoExternalProvider_ReturnsValidResult" storage="d:\actions-runner\_work\xpco\xpco\identityserver\videoos.identityserver.unittests\bin\debug\net6.0\win-x64\videoos.identityserver.unittests.dll" id="2ef36e24-191a-4027-ef03-9d31e948af8b">
      <Execution id="a6014e8b-20c8-458f-bd6b-50d9073f2b9e" />
      <TestMethod codeBase="D:\actions-runner\_work\XPCO\XPCO\IdentityServer\VideoOS.IdentityServer.UnitTests\bin\Debug\net6.0\win-x64\VideoOS.IdentityServer.UnitTests.dll" adapterTypeName="executor://xunit/VsTestRunner2/netcoreapp" className="VideoOS.IdentityServer.UnitTests.Services.WellKnownConfigurationRetriever.WellKnownConfigurationRetrieverTests" name="GetWellKnownConfiguration_NoExternalProvider_ReturnsValidResult" />
    </UnitTest>
    <UnitTest name="VideoOS.IdentityServer.UnitTests.Controllers.ExternalProviderManagerTests.AddProvider_NotEnabled_DoesNotConfigureProvider" storage="d:\actions-runner\_work\xpco\xpco\identityserver\videoos.identityserver.unittests\bin\debug\net6.0\win-x64\videoos.identityserver.unittests.dll" id="db4ea747-3596-9bab-adc1-387fe867531d">
      <Execution id="e214cf0f-faec-4a11-8a99-bdcb4e3ccb7f" />
      <TestMethod codeBase="D:\actions-runner\_work\XPCO\XPCO\IdentityServer\VideoOS.IdentityServer.UnitTests\bin\Debug\net6.0\win-x64\VideoOS.IdentityServer.UnitTests.dll" adapterTypeName="executor://xunit/VsTestRunner2/netcoreapp" className="VideoOS.IdentityServer.UnitTests.Controllers.ExternalProviderManagerTests" name="AddProvider_NotEnabled_DoesNotConfigureProvider" />
    </UnitTest>
    <UnitTest name="VideoOS.IdentityServer.UnitTests.Helper.ExpressionBuilderTests.FromString_DifferentQueriesWithAllowedSearchNames_ReturnsExpectedCount(query: &quot;number gt 4&quot;, expectedCount: 1, allowedSearchNames: [&quot;Number&quot;])" storage="d:\actions-runner\_work\xpco\xpco\identityserver\videoos.identityserver.unittests\bin\debug\net6.0\win-x64\videoos.identityserver.unittests.dll" id="670ae904-55a3-8185-fd54-c63dd045f796">
      <Execution id="7124a1e5-b73c-4396-aae5-39dc9bb3108d" />
      <TestMethod codeBase="D:\actions-runner\_work\XPCO\XPCO\IdentityServer\VideoOS.IdentityServer.UnitTests\bin\Debug\net6.0\win-x64\VideoOS.IdentityServer.UnitTests.dll" adapterTypeName="executor://xunit/VsTestRunner2/netcoreapp" className="VideoOS.IdentityServer.UnitTests.Helper.ExpressionBuilderTests" name="FromString_DifferentQueriesWithAllowedSearchNames_ReturnsExpectedCount" />
    </UnitTest>
    <UnitTest name="VideoOS.IdentityServer.UnitTests.Middleware.RequestResponseLogMiddlewareTests.InvokeAsync_Logging_NormalRequest" storage="d:\actions-runner\_work\xpco\xpco\identityserver\videoos.identityserver.unittests\bin\debug\net6.0\win-x64\videoos.identityserver.unittests.dll" id="23e33eef-24b9-2a18-0758-b3fa92dab418">
      <Execution id="368f93a8-79ca-4325-97c7-57462a525b96" />
      <TestMethod codeBase="D:\actions-runner\_work\XPCO\XPCO\IdentityServer\VideoOS.IdentityServer.UnitTests\bin\Debug\net6.0\win-x64\VideoOS.IdentityServer.UnitTests.dll" adapterTypeName="executor://xunit/VsTestRunner2/netcoreapp" className="VideoOS.IdentityServer.UnitTests.Middleware.RequestResponseLogMiddlewareTests" name="InvokeAsync_Logging_NormalRequest" />
    </UnitTest>
    <UnitTest name="VideoOS.IdentityServer.UnitTests.Controllers.ClientsControllerTests.RegisterClient_InvalidClientIdRequested_BusinessViolationExceptionIsThrown" storage="d:\actions-runner\_work\xpco\xpco\identityserver\videoos.identityserver.unittests\bin\debug\net6.0\win-x64\videoos.identityserver.unittests.dll" id="32be16a7-ee49-b10f-4c61-b754df927f5e">
      <Execution id="bc00fcb2-ff98-4dea-9383-1fd54fb4a1a3" />
      <TestMethod codeBase="D:\actions-runner\_work\XPCO\XPCO\IdentityServer\VideoOS.IdentityServer.UnitTests\bin\Debug\net6.0\win-x64\VideoOS.IdentityServer.UnitTests.dll" adapterTypeName="executor://xunit/VsTestRunner2/netcoreapp" className="VideoOS.IdentityServer.UnitTests.Controllers.ClientsControllerTests" name="RegisterClient_InvalidClientIdRequested_BusinessViolationExceptionIsThrown" />
    </UnitTest>
    <UnitTest name="VideoOS.IdentityServer.UnitTests.Repositories.VmsUserManagerTests.FindByIdsAsync_UsersNotFound_Empty" storage="d:\actions-runner\_work\xpco\xpco\identityserver\videoos.identityserver.unittests\bin\debug\net6.0\win-x64\videoos.identityserver.unittests.dll" id="38622752-e42e-50b5-44f2-47149b16f855">
      <Execution id="e456d2fe-034b-4198-9e85-dd7c9b7806b5" />
      <TestMethod codeBase="D:\actions-runner\_work\XPCO\XPCO\IdentityServer\VideoOS.IdentityServer.UnitTests\bin\Debug\net6.0\win-x64\VideoOS.IdentityServer.UnitTests.dll" adapterTypeName="executor://xunit/VsTestRunner2/netcoreapp" className="VideoOS.IdentityServer.UnitTests.Repositories.VmsUserManagerTests" name="FindByIdsAsync_UsersNotFound_Empty" />
    </UnitTest>
    <UnitTest name="VideoOS.IdentityServer.UnitTests.Controllers.TrustedIssuersControllerTests.Post_IssuerExists_DuplicateTrustedIssuerError" storage="d:\actions-runner\_work\xpco\xpco\identityserver\videoos.identityserver.unittests\bin\debug\net6.0\win-x64\videoos.identityserver.unittests.dll" id="dce055c4-2491-c727-d725-c728829ca56d">
      <Execution id="d2fb9ac5-c302-41f8-a2ff-fb07e1b41922" />
      <TestMethod codeBase="D:\actions-runner\_work\XPCO\XPCO\IdentityServer\VideoOS.IdentityServer.UnitTests\bin\Debug\net6.0\win-x64\VideoOS.IdentityServer.UnitTests.dll" adapterTypeName="executor://xunit/VsTestRunner2/netcoreapp" className="VideoOS.IdentityServer.UnitTests.Controllers.TrustedIssuersControllerTests" name="Post_IssuerExists_DuplicateTrustedIssuerError" />
    </UnitTest>
    <UnitTest name="VideoOS.IdentityServer.UnitTests.Attributes.SIDAttributeTests.IsValid_IsCorrectSidFormat_ReturnsTrue(value: &quot;s-1-1-0&quot;)" storage="d:\actions-runner\_work\xpco\xpco\identityserver\videoos.identityserver.unittests\bin\debug\net6.0\win-x64\videoos.identityserver.unittests.dll" id="c3846fc0-2007-2b3f-c098-4deb9354cadc">
      <Execution id="e2f76ae5-62d4-4384-8702-38c20e40ef17" />
      <TestMethod codeBase="D:\actions-runner\_work\XPCO\XPCO\IdentityServer\VideoOS.IdentityServer.UnitTests\bin\Debug\net6.0\win-x64\VideoOS.IdentityServer.UnitTests.dll" adapterTypeName="executor://xunit/VsTestRunner2/netcoreapp" className="VideoOS.IdentityServer.UnitTests.Attributes.SIDAttributeTests" name="IsValid_IsCorrectSidFormat_ReturnsTrue" />
    </UnitTest>
    <UnitTest name="VideoOS.IdentityServer.UnitTests.Controllers.AdminIdentityControllerTests.Delete_AdminIdentityDoesExist_AdminIdentityDeleted" storage="d:\actions-runner\_work\xpco\xpco\identityserver\videoos.identityserver.unittests\bin\debug\net6.0\win-x64\videoos.identityserver.unittests.dll" id="454207ce-e227-03f9-a503-fae7cc260b73">
      <Execution id="03aed179-e35f-4b4c-b1ca-3ac3f0051266" />
      <TestMethod codeBase="D:\actions-runner\_work\XPCO\XPCO\IdentityServer\VideoOS.IdentityServer.UnitTests\bin\Debug\net6.0\win-x64\VideoOS.IdentityServer.UnitTests.dll" adapterTypeName="executor://xunit/VsTestRunner2/netcoreapp" className="VideoOS.IdentityServer.UnitTests.Controllers.AdminIdentityControllerTests" name="Delete_AdminIdentityDoesExist_AdminIdentityDeleted" />
    </UnitTest>
    <UnitTest name="VideoOS.IdentityServer.UnitTests.Controllers.LoginsControllerTests.AddLogin_LoginIsNotCreated_BadRequestReturned" storage="d:\actions-runner\_work\xpco\xpco\identityserver\videoos.identityserver.unittests\bin\debug\net6.0\win-x64\videoos.identityserver.unittests.dll" id="5de2ac4a-ce20-5c4a-e02b-66d9452032da">
      <Execution id="eb780ef6-6a15-4ee2-82b9-ed8e66cc75cb" />
      <TestMethod codeBase="D:\actions-runner\_work\XPCO\XPCO\IdentityServer\VideoOS.IdentityServer.UnitTests\bin\Debug\net6.0\win-x64\VideoOS.IdentityServer.UnitTests.dll" adapterTypeName="executor://xunit/VsTestRunner2/netcoreapp" className="VideoOS.IdentityServer.UnitTests.Controllers.LoginsControllerTests" name="AddLogin_LoginIsNotCreated_BadRequestReturned" />
    </UnitTest>
    <UnitTest name="VideoOS.IdentityServer.UnitTests.Helper.ConstantValueHelperTests.GetConstantValues_ConstantTypeExists_AllValuesReturned" storage="d:\actions-runner\_work\xpco\xpco\identityserver\videoos.identityserver.unittests\bin\debug\net6.0\win-x64\videoos.identityserver.unittests.dll" id="f0769189-46ba-dd7f-13e5-7e6afa6117a7">
      <Execution id="1ac402b4-41f7-45d1-aead-e24c8712d591" />
      <TestMethod codeBase="D:\actions-runner\_work\XPCO\XPCO\IdentityServer\VideoOS.IdentityServer.UnitTests\bin\Debug\net6.0\win-x64\VideoOS.IdentityServer.UnitTests.dll" adapterTypeName="executor://xunit/VsTestRunner2/netcoreapp" className="VideoOS.IdentityServer.UnitTests.Helper.ConstantValueHelperTests" name="GetConstantValues_ConstantTypeExists_AllValuesReturned" />
    </UnitTest>
    <UnitTest name="VideoOS.IdentityServer.UnitTests.Controllers.UsersControllerTests.GetUsers_UserIsNotFound_ReturnEmptyOkResult" storage="d:\actions-runner\_work\xpco\xpco\identityserver\videoos.identityserver.unittests\bin\debug\net6.0\win-x64\videoos.identityserver.unittests.dll" id="2bd2b7de-07b8-6957-99b3-e959f37311d0">
      <Execution id="1b8a9f37-cd7d-41d5-9a60-12ad3bfd996b" />
      <TestMethod codeBase="D:\actions-runner\_work\XPCO\XPCO\IdentityServer\VideoOS.IdentityServer.UnitTests\bin\Debug\net6.0\win-x64\VideoOS.IdentityServer.UnitTests.dll" adapterTypeName="executor://xunit/VsTestRunner2/netcoreapp" className="VideoOS.IdentityServer.UnitTests.Controllers.UsersControllerTests" name="GetUsers_UserIsNotFound_ReturnEmptyOkResult" />
    </UnitTest>
    <UnitTest name="VideoOS.IdentityServer.UnitTests.Controllers.LoginsControllerTests.DeleteLogin_LoginIsNotDeleted_BadRequestReturned" storage="d:\actions-runner\_work\xpco\xpco\identityserver\videoos.identityserver.unittests\bin\debug\net6.0\win-x64\videoos.identityserver.unittests.dll" id="e9b5c39a-de14-2511-2085-e1767b97fd6e">
      <Execution id="75e6ee6a-e201-44b4-9550-7f050dbe586b" />
      <TestMethod codeBase="D:\actions-runner\_work\XPCO\XPCO\IdentityServer\VideoOS.IdentityServer.UnitTests\bin\Debug\net6.0\win-x64\VideoOS.IdentityServer.UnitTests.dll" adapterTypeName="executor://xunit/VsTestRunner2/netcoreapp" className="VideoOS.IdentityServer.UnitTests.Controllers.LoginsControllerTests" name="DeleteLogin_LoginIsNotDeleted_BadRequestReturned" />
    </UnitTest>
    <UnitTest name="VideoOS.IdentityServer.UnitTests.Pages.LoginTests.OnPostAsync_UserLockedOut_EventLogCreated" storage="d:\actions-runner\_work\xpco\xpco\identityserver\videoos.identityserver.unittests\bin\debug\net6.0\win-x64\videoos.identityserver.unittests.dll" id="971a56ac-d06c-4071-e005-797f93846783">
      <Execution id="0e3fc705-76fc-4ca4-a527-b893c934aa93" />
      <TestMethod codeBase="D:\actions-runner\_work\XPCO\XPCO\IdentityServer\VideoOS.IdentityServer.UnitTests\bin\Debug\net6.0\win-x64\VideoOS.IdentityServer.UnitTests.dll" adapterTypeName="executor://xunit/VsTestRunner2/netcoreapp" className="VideoOS.IdentityServer.UnitTests.Pages.LoginTests" name="OnPostAsync_UserLockedOut_EventLogCreated" />
    </UnitTest>
    <UnitTest name="VideoOS.IdentityServer.UnitTests.Controllers.ClientsControllerTests.GetClient_ClientIsFound_ReturnOkResultWithClientDto" storage="d:\actions-runner\_work\xpco\xpco\identityserver\videoos.identityserver.unittests\bin\debug\net6.0\win-x64\videoos.identityserver.unittests.dll" id="d7da64a4-55b6-ed43-be57-9d181f7abde0">
      <Execution id="4d68c3f5-e63d-4db8-b5cf-294f114f2db6" />
      <TestMethod codeBase="D:\actions-runner\_work\XPCO\XPCO\IdentityServer\VideoOS.IdentityServer.UnitTests\bin\Debug\net6.0\win-x64\VideoOS.IdentityServer.UnitTests.dll" adapterTypeName="executor://xunit/VsTestRunner2/netcoreapp" className="VideoOS.IdentityServer.UnitTests.Controllers.ClientsControllerTests" name="GetClient_ClientIsFound_ReturnOkResultWithClientDto" />
    </UnitTest>
    <UnitTest name="VideoOS.IdentityServer.UnitTests.Pages.ErrorTests.OnGetAsync_RequestIsNotOnApiPath_DisplayCorrectErrorCodeAndShowFooter(httpStatusCode: Forbidden, expectedErrorCodeMessage: &quot;PageForbidden&quot;, expectedShowFooter: False)" storage="d:\actions-runner\_work\xpco\xpco\identityserver\videoos.identityserver.unittests\bin\debug\net6.0\win-x64\videoos.identityserver.unittests.dll" id="207a906e-a774-4b05-3722-9a9c77877e13">
      <Execution id="c504ec10-8634-4fe7-b7b0-fd6434b4f0e3" />
      <TestMethod codeBase="D:\actions-runner\_work\XPCO\XPCO\IdentityServer\VideoOS.IdentityServer.UnitTests\bin\Debug\net6.0\win-x64\VideoOS.IdentityServer.UnitTests.dll" adapterTypeName="executor://xunit/VsTestRunner2/netcoreapp" className="VideoOS.IdentityServer.UnitTests.Pages.ErrorTests" name="OnGetAsync_RequestIsNotOnApiPath_DisplayCorrectErrorCodeAndShowFooter" />
    </UnitTest>
    <UnitTest name="VideoOS.IdentityServer.UnitTests.Filters.ApiExceptionFilterTest.OnException_ExceptionIsApiException_HttpContextResultIsSetWithStatus400AndMessage" storage="d:\actions-runner\_work\xpco\xpco\identityserver\videoos.identityserver.unittests\bin\debug\net6.0\win-x64\videoos.identityserver.unittests.dll" id="6df617a3-480b-b950-cc83-439ce7b442c8">
      <Execution id="d6c25e92-02d9-4880-9b58-33c08670caf5" />
      <TestMethod codeBase="D:\actions-runner\_work\XPCO\XPCO\IdentityServer\VideoOS.IdentityServer.UnitTests\bin\Debug\net6.0\win-x64\VideoOS.IdentityServer.UnitTests.dll" adapterTypeName="executor://xunit/VsTestRunner2/netcoreapp" className="VideoOS.IdentityServer.UnitTests.Filters.ApiExceptionFilterTest" name="OnException_ExceptionIsApiException_HttpContextResultIsSetWithStatus400AndMessage" />
    </UnitTest>
    <UnitTest name="VideoOS.IdentityServer.UnitTests.Services.UserProvisionerTests.CreateOrUpdateUser_NoIdpClaim_ProviderEqualScheme" storage="d:\actions-runner\_work\xpco\xpco\identityserver\videoos.identityserver.unittests\bin\debug\net6.0\win-x64\videoos.identityserver.unittests.dll" id="c4f9ff86-5734-0f3a-d18e-ebe9e44a2911">
      <Execution id="35cc50a5-482e-456f-aa07-f94801f66125" />
      <TestMethod codeBase="D:\actions-runner\_work\XPCO\XPCO\IdentityServer\VideoOS.IdentityServer.UnitTests\bin\Debug\net6.0\win-x64\VideoOS.IdentityServer.UnitTests.dll" adapterTypeName="executor://xunit/VsTestRunner2/netcoreapp" className="VideoOS.IdentityServer.UnitTests.Services.UserProvisionerTests" name="CreateOrUpdateUser_NoIdpClaim_ProviderEqualScheme" />
    </UnitTest>
    <UnitTest name="VideoOS.IdentityServer.UnitTests.Pages.External.LoginTests.OnGet_ReturnUrlIsNotValid_Error" storage="d:\actions-runner\_work\xpco\xpco\identityserver\videoos.identityserver.unittests\bin\debug\net6.0\win-x64\videoos.identityserver.unittests.dll" id="652efa43-6827-5751-0b78-2bbbfaca6803">
      <Execution id="fbc69f28-e391-4be3-a07e-d7918ae3462f" />
      <TestMethod codeBase="D:\actions-runner\_work\XPCO\XPCO\IdentityServer\VideoOS.IdentityServer.UnitTests\bin\Debug\net6.0\win-x64\VideoOS.IdentityServer.UnitTests.dll" adapterTypeName="executor://xunit/VsTestRunner2/netcoreapp" className="VideoOS.IdentityServer.UnitTests.Pages.External.LoginTests" name="OnGet_ReturnUrlIsNotValid_Error" />
    </UnitTest>
    <UnitTest name="VideoOS.IdentityServer.UnitTests.Helper.ExpressionBuilderTests.FromString_QueryIsInvalid_ThrowsQueryFilterException(query: &quot;number eq a&quot;)" storage="d:\actions-runner\_work\xpco\xpco\identityserver\videoos.identityserver.unittests\bin\debug\net6.0\win-x64\videoos.identityserver.unittests.dll" id="2ede7152-24c8-7202-fc29-669fff21e646">
      <Execution id="534a27de-da67-49f8-847d-93b42c6d3515" />
      <TestMethod codeBase="D:\actions-runner\_work\XPCO\XPCO\IdentityServer\VideoOS.IdentityServer.UnitTests\bin\Debug\net6.0\win-x64\VideoOS.IdentityServer.UnitTests.dll" adapterTypeName="executor://xunit/VsTestRunner2/netcoreapp" className="VideoOS.IdentityServer.UnitTests.Helper.ExpressionBuilderTests" name="FromString_QueryIsInvalid_ThrowsQueryFilterException" />
    </UnitTest>
    <UnitTest name="VideoOS.IdentityServer.UnitTests.Helper.ExpressionBuilderTests.FromString_DifferentQueriesWithAllowedSearchNames_ReturnsExpectedCount(query: &quot;  number  eq  4  &quot;, expectedCount: 1, allowedSearchNames: [&quot;Number&quot;])" storage="d:\actions-runner\_work\xpco\xpco\identityserver\videoos.identityserver.unittests\bin\debug\net6.0\win-x64\videoos.identityserver.unittests.dll" id="4914b9f0-e8f8-58ce-422e-a75ec7ab88aa">
      <Execution id="a870550e-89ac-4d9f-b82d-363c721c60df" />
      <TestMethod codeBase="D:\actions-runner\_work\XPCO\XPCO\IdentityServer\VideoOS.IdentityServer.UnitTests\bin\Debug\net6.0\win-x64\VideoOS.IdentityServer.UnitTests.dll" adapterTypeName="executor://xunit/VsTestRunner2/netcoreapp" className="VideoOS.IdentityServer.UnitTests.Helper.ExpressionBuilderTests" name="FromString_DifferentQueriesWithAllowedSearchNames_ReturnsExpectedCount" />
    </UnitTest>
    <UnitTest name="VideoOS.IdentityServer.UnitTests.Controllers.UsersControllerTests.Patch_PasswordIsNotGoodEnough_ReturnBadRequest" storage="d:\actions-runner\_work\xpco\xpco\identityserver\videoos.identityserver.unittests\bin\debug\net6.0\win-x64\videoos.identityserver.unittests.dll" id="8ede8484-1e67-a40d-1a4b-5a875507f93a">
      <Execution id="d0c9db1c-d5eb-40e8-ac17-ae591e5ba1d0" />
      <TestMethod codeBase="D:\actions-runner\_work\XPCO\XPCO\IdentityServer\VideoOS.IdentityServer.UnitTests\bin\Debug\net6.0\win-x64\VideoOS.IdentityServer.UnitTests.dll" adapterTypeName="executor://xunit/VsTestRunner2/netcoreapp" className="VideoOS.IdentityServer.UnitTests.Controllers.UsersControllerTests" name="Patch_PasswordIsNotGoodEnough_ReturnBadRequest" />
    </UnitTest>
    <UnitTest name="VideoOS.IdentityServer.UnitTests.Attributes.DisallowCharacterAttributeTests.IsValid_ContainsOnlyAllowedCharacters_ReturnsTrue(value: &quot;milestone_fam&quot;)" storage="d:\actions-runner\_work\xpco\xpco\identityserver\videoos.identityserver.unittests\bin\debug\net6.0\win-x64\videoos.identityserver.unittests.dll" id="9624a031-7855-a4af-5a12-0841cb0c62b4">
      <Execution id="647a09c9-bbc6-44b4-9291-80783e4d0cb9" />
      <TestMethod codeBase="D:\actions-runner\_work\XPCO\XPCO\IdentityServer\VideoOS.IdentityServer.UnitTests\bin\Debug\net6.0\win-x64\VideoOS.IdentityServer.UnitTests.dll" adapterTypeName="executor://xunit/VsTestRunner2/netcoreapp" className="VideoOS.IdentityServer.UnitTests.Attributes.DisallowCharacterAttributeTests" name="IsValid_ContainsOnlyAllowedCharacters_ReturnsTrue" />
    </UnitTest>
    <UnitTest name="VideoOS.IdentityServer.UnitTests.Services.PasswordHasherWithLegacySupportTests.VerifyHashedPassword_MissingOneLegacyPasswordClaim_Logged(missingClaim: &quot;MigrateEncryptionMethod&quot;)" storage="d:\actions-runner\_work\xpco\xpco\identityserver\videoos.identityserver.unittests\bin\debug\net6.0\win-x64\videoos.identityserver.unittests.dll" id="b4f75590-92df-872c-f70b-31c329cd70f3">
      <Execution id="9191a7a9-9deb-4d10-ac1e-38b81d856eb0" />
      <TestMethod codeBase="D:\actions-runner\_work\XPCO\XPCO\IdentityServer\VideoOS.IdentityServer.UnitTests\bin\Debug\net6.0\win-x64\VideoOS.IdentityServer.UnitTests.dll" adapterTypeName="executor://xunit/VsTestRunner2/netcoreapp" className="VideoOS.IdentityServer.UnitTests.Services.PasswordHasherWithLegacySupportTests" name="VerifyHashedPassword_MissingOneLegacyPasswordClaim_Logged" />
    </UnitTest>
    <UnitTest name="VideoOS.IdentityServer.UnitTests.Attributes.DisallowCharacterAttributeTests.IsValid_ContainsOnlyAllowedCharacters_ReturnsTrue(value: null)" storage="d:\actions-runner\_work\xpco\xpco\identityserver\videoos.identityserver.unittests\bin\debug\net6.0\win-x64\videoos.identityserver.unittests.dll" id="b76ba26d-44b3-e26c-27b8-2e42a199bd90">
      <Execution id="5ebf254e-08aa-42a9-9146-0948e291afae" />
      <TestMethod codeBase="D:\actions-runner\_work\XPCO\XPCO\IdentityServer\VideoOS.IdentityServer.UnitTests\bin\Debug\net6.0\win-x64\VideoOS.IdentityServer.UnitTests.dll" adapterTypeName="executor://xunit/VsTestRunner2/netcoreapp" className="VideoOS.IdentityServer.UnitTests.Attributes.DisallowCharacterAttributeTests" name="IsValid_ContainsOnlyAllowedCharacters_ReturnsTrue" />
    </UnitTest>
    <UnitTest name="VideoOS.IdentityServer.UnitTests.Model.ErrorResponseTests.ErrorResponse_DuplicateApiErrors_ErrorsContainAllDescriptionElements" storage="d:\actions-runner\_work\xpco\xpco\identityserver\videoos.identityserver.unittests\bin\debug\net6.0\win-x64\videoos.identityserver.unittests.dll" id="9805a00b-17c2-ac10-b04e-31770952e806">
      <Execution id="cd20c321-3186-424d-948c-8128e1550e7b" />
      <TestMethod codeBase="D:\actions-runner\_work\XPCO\XPCO\IdentityServer\VideoOS.IdentityServer.UnitTests\bin\Debug\net6.0\win-x64\VideoOS.IdentityServer.UnitTests.dll" adapterTypeName="executor://xunit/VsTestRunner2/netcoreapp" className="VideoOS.IdentityServer.UnitTests.Model.ErrorResponseTests" name="ErrorResponse_DuplicateApiErrors_ErrorsContainAllDescriptionElements" />
    </UnitTest>
    <UnitTest name="VideoOS.IdentityServer.UnitTests.Attributes.IsGuidTests.IsGuid_ValueIsGuidOrNull_ReturnsTrue(value: &quot;a86818c9-6703-4236-ae65-592332fb43e2&quot;)" storage="d:\actions-runner\_work\xpco\xpco\identityserver\videoos.identityserver.unittests\bin\debug\net6.0\win-x64\videoos.identityserver.unittests.dll" id="fa378fcf-ab9c-4481-d1e8-d9cef920ea0f">
      <Execution id="cacaefef-5d93-4d8a-b51c-fb993e185e90" />
      <TestMethod codeBase="D:\actions-runner\_work\XPCO\XPCO\IdentityServer\VideoOS.IdentityServer.UnitTests\bin\Debug\net6.0\win-x64\VideoOS.IdentityServer.UnitTests.dll" adapterTypeName="executor://xunit/VsTestRunner2/netcoreapp" className="VideoOS.IdentityServer.UnitTests.Attributes.IsGuidTests" name="IsGuid_ValueIsGuidOrNull_ReturnsTrue" />
    </UnitTest>
    <UnitTest name="VideoOS.IdentityServer.UnitTests.GrantValidators.WindowsCredentialsGrantValidatorTests.ValidateAsync_UserNotAuthenticated_Failed" storage="d:\actions-runner\_work\xpco\xpco\identityserver\videoos.identityserver.unittests\bin\debug\net6.0\win-x64\videoos.identityserver.unittests.dll" id="019ddef2-79b7-3e6f-c319-8751953491cf">
      <Execution id="65a5ea4e-93e6-4023-8878-4240387aa767" />
      <TestMethod codeBase="D:\actions-runner\_work\XPCO\XPCO\IdentityServer\VideoOS.IdentityServer.UnitTests\bin\Debug\net6.0\win-x64\VideoOS.IdentityServer.UnitTests.dll" adapterTypeName="executor://xunit/VsTestRunner2/netcoreapp" className="VideoOS.IdentityServer.UnitTests.GrantValidators.WindowsCredentialsGrantValidatorTests" name="ValidateAsync_UserNotAuthenticated_Failed" />
    </UnitTest>
    <UnitTest name="VideoOS.IdentityServer.UnitTests.Repositories.VmsUserManagerTests.CreateUserInternalAsync_AddLoginInfoError_Failed" storage="d:\actions-runner\_work\xpco\xpco\identityserver\videoos.identityserver.unittests\bin\debug\net6.0\win-x64\videoos.identityserver.unittests.dll" id="eba938f9-1de9-a6d2-1cc3-c22477755358">
      <Execution id="e577ee7e-b1fd-4589-8b46-122f0e137c95" />
      <TestMethod codeBase="D:\actions-runner\_work\XPCO\XPCO\IdentityServer\VideoOS.IdentityServer.UnitTests\bin\Debug\net6.0\win-x64\VideoOS.IdentityServer.UnitTests.dll" adapterTypeName="executor://xunit/VsTestRunner2/netcoreapp" className="VideoOS.IdentityServer.UnitTests.Repositories.VmsUserManagerTests" name="CreateUserInternalAsync_AddLoginInfoError_Failed" />
    </UnitTest>
    <UnitTest name="VideoOS.IdentityServer.UnitTests.Repositories.VmsUserManagerTests.GetLogins_NoLoginsMatchingFilters_NoLoginsReturned" storage="d:\actions-runner\_work\xpco\xpco\identityserver\videoos.identityserver.unittests\bin\debug\net6.0\win-x64\videoos.identityserver.unittests.dll" id="0f7868bc-3682-bc6b-9f38-1769de49a115">
      <Execution id="ddb01657-dc8c-4e9c-b6c2-defaffc845c9" />
      <TestMethod codeBase="D:\actions-runner\_work\XPCO\XPCO\IdentityServer\VideoOS.IdentityServer.UnitTests\bin\Debug\net6.0\win-x64\VideoOS.IdentityServer.UnitTests.dll" adapterTypeName="executor://xunit/VsTestRunner2/netcoreapp" className="VideoOS.IdentityServer.UnitTests.Repositories.VmsUserManagerTests" name="GetLogins_NoLoginsMatchingFilters_NoLoginsReturned" />
    </UnitTest>
    <UnitTest name="VideoOS.IdentityServer.UnitTests.Attributes.MaxLengthUriAttributeTests.IsValid_ForNotUriValue_ReturnsError" storage="d:\actions-runner\_work\xpco\xpco\identityserver\videoos.identityserver.unittests\bin\debug\net6.0\win-x64\videoos.identityserver.unittests.dll" id="32d31b65-fa07-6661-d591-50910694ecd1">
      <Execution id="475b32b4-580b-4f29-8546-ef19db358813" />
      <TestMethod codeBase="D:\actions-runner\_work\XPCO\XPCO\IdentityServer\VideoOS.IdentityServer.UnitTests\bin\Debug\net6.0\win-x64\VideoOS.IdentityServer.UnitTests.dll" adapterTypeName="executor://xunit/VsTestRunner2/netcoreapp" className="VideoOS.IdentityServer.UnitTests.Attributes.MaxLengthUriAttributeTests" name="IsValid_ForNotUriValue_ReturnsError" />
    </UnitTest>
    <UnitTest name="VideoOS.IdentityServer.UnitTests.Helper.ExpressionBuilderTests.FromString_QueryIsInvalid_ThrowsQueryFilterException(query: &quot;doesnotexists eq a&quot;)" storage="d:\actions-runner\_work\xpco\xpco\identityserver\videoos.identityserver.unittests\bin\debug\net6.0\win-x64\videoos.identityserver.unittests.dll" id="3ce805ef-0df2-a3e6-ebeb-47289be70483">
      <Execution id="fad6a1ef-11e3-467e-9760-af5326a880b7" />
      <TestMethod codeBase="D:\actions-runner\_work\XPCO\XPCO\IdentityServer\VideoOS.IdentityServer.UnitTests\bin\Debug\net6.0\win-x64\VideoOS.IdentityServer.UnitTests.dll" adapterTypeName="executor://xunit/VsTestRunner2/netcoreapp" className="VideoOS.IdentityServer.UnitTests.Helper.ExpressionBuilderTests" name="FromString_QueryIsInvalid_ThrowsQueryFilterException" />
    </UnitTest>
    <UnitTest name="VideoOS.IdentityServer.UnitTests.Model.Result.ResultTests.ImplicitConversion_ShouldBeErrorWithMultipleErrors_WhenMultipleErrorsProvided" storage="d:\actions-runner\_work\xpco\xpco\identityserver\videoos.identityserver.unittests\bin\debug\net6.0\win-x64\videoos.identityserver.unittests.dll" id="7b099417-e68b-369a-98ea-81252ffe367b">
      <Execution id="74ef8775-f7f6-4470-81f9-a0da3e8b04d4" />
      <TestMethod codeBase="D:\actions-runner\_work\XPCO\XPCO\IdentityServer\VideoOS.IdentityServer.UnitTests\bin\Debug\net6.0\win-x64\VideoOS.IdentityServer.UnitTests.dll" adapterTypeName="executor://xunit/VsTestRunner2/netcoreapp" className="VideoOS.IdentityServer.UnitTests.Model.Result.ResultTests" name="ImplicitConversion_ShouldBeErrorWithMultipleErrors_WhenMultipleErrorsProvided" />
    </UnitTest>
    <UnitTest name="VideoOS.IdentityServer.UnitTests.Attributes.SIDAttributeTests.IsValid_IsCorrectSidFormat_ReturnsTrue(value: &quot;S-1-0-0&quot;)" storage="d:\actions-runner\_work\xpco\xpco\identityserver\videoos.identityserver.unittests\bin\debug\net6.0\win-x64\videoos.identityserver.unittests.dll" id="57018c6c-77e8-b9db-09ff-723e1a88f49b">
      <Execution id="6e611f75-e4ef-4261-a2aa-c2ac0e7aef33" />
      <TestMethod codeBase="D:\actions-runner\_work\XPCO\XPCO\IdentityServer\VideoOS.IdentityServer.UnitTests\bin\Debug\net6.0\win-x64\VideoOS.IdentityServer.UnitTests.dll" adapterTypeName="executor://xunit/VsTestRunner2/netcoreapp" className="VideoOS.IdentityServer.UnitTests.Attributes.SIDAttributeTests" name="IsValid_IsCorrectSidFormat_ReturnsTrue" />
    </UnitTest>
    <UnitTest name="VideoOS.IdentityServer.UnitTests.Services.DeleteEventLogHostedServiceTest.DoWork_CalledOnEvent_LogsOlderThanOneDayDeleted" storage="d:\actions-runner\_work\xpco\xpco\identityserver\videoos.identityserver.unittests\bin\debug\net6.0\win-x64\videoos.identityserver.unittests.dll" id="c2a30588-211f-3067-d90d-ea2b0f188d42">
      <Execution id="fec0e7e4-417d-4280-9100-151c2f917dc3" />
      <TestMethod codeBase="D:\actions-runner\_work\XPCO\XPCO\IdentityServer\VideoOS.IdentityServer.UnitTests\bin\Debug\net6.0\win-x64\VideoOS.IdentityServer.UnitTests.dll" adapterTypeName="executor://xunit/VsTestRunner2/netcoreapp" className="VideoOS.IdentityServer.UnitTests.Services.DeleteEventLogHostedServiceTest" name="DoWork_CalledOnEvent_LogsOlderThanOneDayDeleted" />
    </UnitTest>
    <UnitTest name="VideoOS.IdentityServer.UnitTests.Controllers.UsersControllerTests.Get_UserIsFound_ReturnOkResultWithUserDto" storage="d:\actions-runner\_work\xpco\xpco\identityserver\videoos.identityserver.unittests\bin\debug\net6.0\win-x64\videoos.identityserver.unittests.dll" id="1c67d741-c9ce-dfc2-5f5a-2144a38e5ef7">
      <Execution id="96dacec7-dc55-4702-9f77-ea269177dfa1" />
      <TestMethod codeBase="D:\actions-runner\_work\XPCO\XPCO\IdentityServer\VideoOS.IdentityServer.UnitTests\bin\Debug\net6.0\win-x64\VideoOS.IdentityServer.UnitTests.dll" adapterTypeName="executor://xunit/VsTestRunner2/netcoreapp" className="VideoOS.IdentityServer.UnitTests.Controllers.UsersControllerTests" name="Get_UserIsFound_ReturnOkResultWithUserDto" />
    </UnitTest>
    <UnitTest name="VideoOS.IdentityServer.UnitTests.Repositories.VmsUserManagerTests.GetLogins_UsingProviderOnly_LoginsReturned" storage="d:\actions-runner\_work\xpco\xpco\identityserver\videoos.identityserver.unittests\bin\debug\net6.0\win-x64\videoos.identityserver.unittests.dll" id="b75fb83c-335f-c4a6-1eb4-272ad4739498">
      <Execution id="826901f2-f3e0-4cc2-9ca5-243ac4d3eb53" />
      <TestMethod codeBase="D:\actions-runner\_work\XPCO\XPCO\IdentityServer\VideoOS.IdentityServer.UnitTests\bin\Debug\net6.0\win-x64\VideoOS.IdentityServer.UnitTests.dll" adapterTypeName="executor://xunit/VsTestRunner2/netcoreapp" className="VideoOS.IdentityServer.UnitTests.Repositories.VmsUserManagerTests" name="GetLogins_UsingProviderOnly_LoginsReturned" />
    </UnitTest>
    <UnitTest name="VideoOS.IdentityServer.UnitTests.Validators.PasswordValidatorTests.Constructor_NullIPasswordHasher_ThrowsArgumentNullException" storage="d:\actions-runner\_work\xpco\xpco\identityserver\videoos.identityserver.unittests\bin\debug\net6.0\win-x64\videoos.identityserver.unittests.dll" id="d1ba2313-0906-8d41-2715-24c6e5c1c48a">
      <Execution id="db9cbccf-acc1-4b7c-b69d-3345efe69e65" />
      <TestMethod codeBase="D:\actions-runner\_work\XPCO\XPCO\IdentityServer\VideoOS.IdentityServer.UnitTests\bin\Debug\net6.0\win-x64\VideoOS.IdentityServer.UnitTests.dll" adapterTypeName="executor://xunit/VsTestRunner2/netcoreapp" className="VideoOS.IdentityServer.UnitTests.Validators.PasswordValidatorTests" name="Constructor_NullIPasswordHasher_ThrowsArgumentNullException" />
    </UnitTest>
    <UnitTest name="VideoOS.IdentityServer.UnitTests.Attributes.MaxLengthUriAttributeTests.IsValid_ForUriValueGreaterThanMax_ReturnsError" storage="d:\actions-runner\_work\xpco\xpco\identityserver\videoos.identityserver.unittests\bin\debug\net6.0\win-x64\videoos.identityserver.unittests.dll" id="5e7f1967-19b9-699d-65df-1c953ee285e7">
      <Execution id="e5b8db15-8526-4ced-a289-ba37c2fcada2" />
      <TestMethod codeBase="D:\actions-runner\_work\XPCO\XPCO\IdentityServer\VideoOS.IdentityServer.UnitTests\bin\Debug\net6.0\win-x64\VideoOS.IdentityServer.UnitTests.dll" adapterTypeName="executor://xunit/VsTestRunner2/netcoreapp" className="VideoOS.IdentityServer.UnitTests.Attributes.MaxLengthUriAttributeTests" name="IsValid_ForUriValueGreaterThanMax_ReturnsError" />
    </UnitTest>
    <UnitTest name="VideoOS.IdentityServer.UnitTests.Repositories.VmsUserManagerTests.FindByLoginAsync_UserNotFound_User" storage="d:\actions-runner\_work\xpco\xpco\identityserver\videoos.identityserver.unittests\bin\debug\net6.0\win-x64\videoos.identityserver.unittests.dll" id="01433ef2-8b3d-c050-4c37-ad60206b679e">
      <Execution id="ec61cfac-a0d8-415f-b8aa-2c935fcd4de4" />
      <TestMethod codeBase="D:\actions-runner\_work\XPCO\XPCO\IdentityServer\VideoOS.IdentityServer.UnitTests\bin\Debug\net6.0\win-x64\VideoOS.IdentityServer.UnitTests.dll" adapterTypeName="executor://xunit/VsTestRunner2/netcoreapp" className="VideoOS.IdentityServer.UnitTests.Repositories.VmsUserManagerTests" name="FindByLoginAsync_UserNotFound_User" />
    </UnitTest>
    <UnitTest name="VideoOS.IdentityServer.UnitTests.Controllers.UsersControllerTests.GetUsers_UserIsFound_ReturnOkResultWithUserDto" storage="d:\actions-runner\_work\xpco\xpco\identityserver\videoos.identityserver.unittests\bin\debug\net6.0\win-x64\videoos.identityserver.unittests.dll" id="aad812c8-11ae-299e-c062-2f91c6e51f5b">
      <Execution id="1b00b339-c5ad-4289-a9d6-36cecccc93ca" />
      <TestMethod codeBase="D:\actions-runner\_work\XPCO\XPCO\IdentityServer\VideoOS.IdentityServer.UnitTests\bin\Debug\net6.0\win-x64\VideoOS.IdentityServer.UnitTests.dll" adapterTypeName="executor://xunit/VsTestRunner2/netcoreapp" className="VideoOS.IdentityServer.UnitTests.Controllers.UsersControllerTests" name="GetUsers_UserIsFound_ReturnOkResultWithUserDto" />
    </UnitTest>
    <UnitTest name="VideoOS.IdentityServer.UnitTests.Helper.ArrayModelBinderTests.BindModelAsync_InvalidInputValue_Failed" storage="d:\actions-runner\_work\xpco\xpco\identityserver\videoos.identityserver.unittests\bin\debug\net6.0\win-x64\videoos.identityserver.unittests.dll" id="4122a9f9-946d-6675-5b2d-e3d415694cb1">
      <Execution id="0cb5903d-ff06-469a-8c0f-89b6bf82e118" />
      <TestMethod codeBase="D:\actions-runner\_work\XPCO\XPCO\IdentityServer\VideoOS.IdentityServer.UnitTests\bin\Debug\net6.0\win-x64\VideoOS.IdentityServer.UnitTests.dll" adapterTypeName="executor://xunit/VsTestRunner2/netcoreapp" className="VideoOS.IdentityServer.UnitTests.Helper.ArrayModelBinderTests" name="BindModelAsync_InvalidInputValue_Failed" />
    </UnitTest>
    <UnitTest name="VideoOS.IdentityServer.UnitTests.Attributes.MaxLengthUriAttributeTests.IsValid_ForUriValueLessThanMax_ReturnsSuccess" storage="d:\actions-runner\_work\xpco\xpco\identityserver\videoos.identityserver.unittests\bin\debug\net6.0\win-x64\videoos.identityserver.unittests.dll" id="edfabe8d-87a1-c5f6-b625-f078fdcb2be5">
      <Execution id="628c2b53-06f9-4c73-bb3e-4d026cfb930e" />
      <TestMethod codeBase="D:\actions-runner\_work\XPCO\XPCO\IdentityServer\VideoOS.IdentityServer.UnitTests\bin\Debug\net6.0\win-x64\VideoOS.IdentityServer.UnitTests.dll" adapterTypeName="executor://xunit/VsTestRunner2/netcoreapp" className="VideoOS.IdentityServer.UnitTests.Attributes.MaxLengthUriAttributeTests" name="IsValid_ForUriValueLessThanMax_ReturnsSuccess" />
    </UnitTest>
    <UnitTest name="VideoOS.IdentityServer.UnitTests.Attributes.NonEmptyListTests.NonEmptyList_ListIsEmpty_ReturnFalse" storage="d:\actions-runner\_work\xpco\xpco\identityserver\videoos.identityserver.unittests\bin\debug\net6.0\win-x64\videoos.identityserver.unittests.dll" id="19419903-3bc3-a8cc-7415-7803df6439d8">
      <Execution id="6eb54cc4-ea5a-4687-898d-af5428eadc98" />
      <TestMethod codeBase="D:\actions-runner\_work\XPCO\XPCO\IdentityServer\VideoOS.IdentityServer.UnitTests\bin\Debug\net6.0\win-x64\VideoOS.IdentityServer.UnitTests.dll" adapterTypeName="executor://xunit/VsTestRunner2/netcoreapp" className="VideoOS.IdentityServer.UnitTests.Attributes.NonEmptyListTests" name="NonEmptyList_ListIsEmpty_ReturnFalse" />
    </UnitTest>
    <UnitTest name="VideoOS.IdentityServer.UnitTests.GrantValidators.WinAuthGrantValidatorTests.ValidateAsync_UserIsBuiltInAdmin_SuccessResultIsSet" storage="d:\actions-runner\_work\xpco\xpco\identityserver\videoos.identityserver.unittests\bin\debug\net6.0\win-x64\videoos.identityserver.unittests.dll" id="c910e7ec-42ca-2065-e546-d4cce50c61f4">
      <Execution id="77d433ce-556b-46cc-bd0d-6ffea17524b2" />
      <TestMethod codeBase="D:\actions-runner\_work\XPCO\XPCO\IdentityServer\VideoOS.IdentityServer.UnitTests\bin\Debug\net6.0\win-x64\VideoOS.IdentityServer.UnitTests.dll" adapterTypeName="executor://xunit/VsTestRunner2/netcoreapp" className="VideoOS.IdentityServer.UnitTests.GrantValidators.WinAuthGrantValidatorTests" name="ValidateAsync_UserIsBuiltInAdmin_SuccessResultIsSet" />
    </UnitTest>
    <UnitTest name="VideoOS.IdentityServer.UnitTests.Controllers.TrustedIssuersControllerTests.Get_TrustedIssuerByIdDoesNotExist_TrustedIssuerNotFoundError" storage="d:\actions-runner\_work\xpco\xpco\identityserver\videoos.identityserver.unittests\bin\debug\net6.0\win-x64\videoos.identityserver.unittests.dll" id="59ddccc5-1796-d0db-aa60-e975ef3b526d">
      <Execution id="22d479ad-79dd-412e-9101-7094f2fa0bf4" />
      <TestMethod codeBase="D:\actions-runner\_work\XPCO\XPCO\IdentityServer\VideoOS.IdentityServer.UnitTests\bin\Debug\net6.0\win-x64\VideoOS.IdentityServer.UnitTests.dll" adapterTypeName="executor://xunit/VsTestRunner2/netcoreapp" className="VideoOS.IdentityServer.UnitTests.Controllers.TrustedIssuersControllerTests" name="Get_TrustedIssuerByIdDoesNotExist_TrustedIssuerNotFoundError" />
    </UnitTest>
    <UnitTest name="VideoOS.IdentityServer.UnitTests.Controllers.BaseControllerTests.UserNotFound_InvokeWithString_ReturnsResultWithErrorResponse" storage="d:\actions-runner\_work\xpco\xpco\identityserver\videoos.identityserver.unittests\bin\debug\net6.0\win-x64\videoos.identityserver.unittests.dll" id="c6ece820-8868-fea0-1530-fea93176d268">
      <Execution id="d97b7145-3b97-4ede-892a-9607ece2a864" />
      <TestMethod codeBase="D:\actions-runner\_work\XPCO\XPCO\IdentityServer\VideoOS.IdentityServer.UnitTests\bin\Debug\net6.0\win-x64\VideoOS.IdentityServer.UnitTests.dll" adapterTypeName="executor://xunit/VsTestRunner2/netcoreapp" className="VideoOS.IdentityServer.UnitTests.Controllers.BaseControllerTests" name="UserNotFound_InvokeWithString_ReturnsResultWithErrorResponse" />
    </UnitTest>
    <UnitTest name="VideoOS.IdentityServer.UnitTests.Helper.ExpressionBuilderTests.FromString_DifferentQueriesWithAllowedSearchNames_ReturnsExpectedCount(query: &quot;time ge 1000-1-1&quot;, expectedCount: 3, allowedSearchNames: [&quot;Time&quot;])" storage="d:\actions-runner\_work\xpco\xpco\identityserver\videoos.identityserver.unittests\bin\debug\net6.0\win-x64\videoos.identityserver.unittests.dll" id="21d411b8-728d-403f-1163-65295fe6c37a">
      <Execution id="e2648b1f-d27f-452d-b309-7c805a9a329c" />
      <TestMethod codeBase="D:\actions-runner\_work\XPCO\XPCO\IdentityServer\VideoOS.IdentityServer.UnitTests\bin\Debug\net6.0\win-x64\VideoOS.IdentityServer.UnitTests.dll" adapterTypeName="executor://xunit/VsTestRunner2/netcoreapp" className="VideoOS.IdentityServer.UnitTests.Helper.ExpressionBuilderTests" name="FromString_DifferentQueriesWithAllowedSearchNames_ReturnsExpectedCount" />
    </UnitTest>
    <UnitTest name="VideoOS.IdentityServer.UnitTests.Controllers.UsersControllerTests.Delete_UserIsDeleted_ReturnOkNoContent" storage="d:\actions-runner\_work\xpco\xpco\identityserver\videoos.identityserver.unittests\bin\debug\net6.0\win-x64\videoos.identityserver.unittests.dll" id="873ff879-5a57-44f1-cc90-acd6a24dbc43">
      <Execution id="ae6a1213-9b43-42e4-be26-63841c00da14" />
      <TestMethod codeBase="D:\actions-runner\_work\XPCO\XPCO\IdentityServer\VideoOS.IdentityServer.UnitTests\bin\Debug\net6.0\win-x64\VideoOS.IdentityServer.UnitTests.dll" adapterTypeName="executor://xunit/VsTestRunner2/netcoreapp" className="VideoOS.IdentityServer.UnitTests.Controllers.UsersControllerTests" name="Delete_UserIsDeleted_ReturnOkNoContent" />
    </UnitTest>
    <UnitTest name="VideoOS.IdentityServer.UnitTests.Controllers.AdminIdentityControllerTests.Post_AdminIdentityDoesNotExist_AdminIdentityCreated" storage="d:\actions-runner\_work\xpco\xpco\identityserver\videoos.identityserver.unittests\bin\debug\net6.0\win-x64\videoos.identityserver.unittests.dll" id="562a5e2f-1dc4-5ed5-76f9-9fbbb991c9a3">
      <Execution id="3828f896-2f05-49be-9931-c475c33fd95a" />
      <TestMethod codeBase="D:\actions-runner\_work\XPCO\XPCO\IdentityServer\VideoOS.IdentityServer.UnitTests\bin\Debug\net6.0\win-x64\VideoOS.IdentityServer.UnitTests.dll" adapterTypeName="executor://xunit/VsTestRunner2/netcoreapp" className="VideoOS.IdentityServer.UnitTests.Controllers.AdminIdentityControllerTests" name="Post_AdminIdentityDoesNotExist_AdminIdentityCreated" />
    </UnitTest>
    <UnitTest name="VideoOS.IdentityServer.UnitTests.Controllers.ClientsControllerTests.RegisterClientClientCredentialsFlow_ClientDoesNotExists_ClientIsCreatedAndSecretReturned" storage="d:\actions-runner\_work\xpco\xpco\identityserver\videoos.identityserver.unittests\bin\debug\net6.0\win-x64\videoos.identityserver.unittests.dll" id="d58e1e3b-9c5e-8d57-a411-37f659ceb48c">
      <Execution id="ea2700d1-a57c-4880-b859-78f42962adbd" />
      <TestMethod codeBase="D:\actions-runner\_work\XPCO\XPCO\IdentityServer\VideoOS.IdentityServer.UnitTests\bin\Debug\net6.0\win-x64\VideoOS.IdentityServer.UnitTests.dll" adapterTypeName="executor://xunit/VsTestRunner2/netcoreapp" className="VideoOS.IdentityServer.UnitTests.Controllers.ClientsControllerTests" name="RegisterClientClientCredentialsFlow_ClientDoesNotExists_ClientIsCreatedAndSecretReturned" />
    </UnitTest>
    <UnitTest name="VideoOS.IdentityServer.UnitTests.Pages.Account.LoginViewModelTests.ExternalProviders_TwoExternalProvider_IsNotExternalLoginOnly" storage="d:\actions-runner\_work\xpco\xpco\identityserver\videoos.identityserver.unittests\bin\debug\net6.0\win-x64\videoos.identityserver.unittests.dll" id="454ee311-5500-61f0-bfbf-eb31f090e7db">
      <Execution id="3dc5ab96-ae95-4be8-952a-fae6a9bf4dc2" />
      <TestMethod codeBase="D:\actions-runner\_work\XPCO\XPCO\IdentityServer\VideoOS.IdentityServer.UnitTests\bin\Debug\net6.0\win-x64\VideoOS.IdentityServer.UnitTests.dll" adapterTypeName="executor://xunit/VsTestRunner2/netcoreapp" className="VideoOS.IdentityServer.UnitTests.Pages.Account.LoginViewModelTests" name="ExternalProviders_TwoExternalProvider_IsNotExternalLoginOnly" />
    </UnitTest>
    <UnitTest name="VideoOS.IdentityServer.UnitTests.Helper.RsaKeyGeneratorTests.GenerateRsaSecurityKey_InvalidKeySize_ThrowsArgumentOutOfRangeException(keySize: 383)" storage="d:\actions-runner\_work\xpco\xpco\identityserver\videoos.identityserver.unittests\bin\debug\net6.0\win-x64\videoos.identityserver.unittests.dll" id="ec2ada40-681f-61bd-0d28-7b6f8dc30809">
      <Execution id="5ccc6294-bd97-4ada-8cf7-2b96dd486bfb" />
      <TestMethod codeBase="D:\actions-runner\_work\XPCO\XPCO\IdentityServer\VideoOS.IdentityServer.UnitTests\bin\Debug\net6.0\win-x64\VideoOS.IdentityServer.UnitTests.dll" adapterTypeName="executor://xunit/VsTestRunner2/netcoreapp" className="VideoOS.IdentityServer.UnitTests.Helper.RsaKeyGeneratorTests" name="GenerateRsaSecurityKey_InvalidKeySize_ThrowsArgumentOutOfRangeException" />
    </UnitTest>
    <UnitTest name="VideoOS.IdentityServer.UnitTests.Repositories.EventLogRepositoryTests.CreateLog_NewLogPassed_LogIsAddedToDbContext" storage="d:\actions-runner\_work\xpco\xpco\identityserver\videoos.identityserver.unittests\bin\debug\net6.0\win-x64\videoos.identityserver.unittests.dll" id="3abf4ce5-5742-a81f-318e-c7a4efd05d94">
      <Execution id="1b48f62e-af4f-4bea-9c27-66648185fec1" />
      <TestMethod codeBase="D:\actions-runner\_work\XPCO\XPCO\IdentityServer\VideoOS.IdentityServer.UnitTests\bin\Debug\net6.0\win-x64\VideoOS.IdentityServer.UnitTests.dll" adapterTypeName="executor://xunit/VsTestRunner2/netcoreapp" className="VideoOS.IdentityServer.UnitTests.Repositories.EventLogRepositoryTests" name="CreateLog_NewLogPassed_LogIsAddedToDbContext" />
    </UnitTest>
    <UnitTest name="VideoOS.IdentityServer.UnitTests.Attributes.HttpOrHttpsAttributeTests.IsValid_ForHttpOrHttpsUri_ReturnsSuccess(url: &quot;https://www.example.com&quot;)" storage="d:\actions-runner\_work\xpco\xpco\identityserver\videoos.identityserver.unittests\bin\debug\net6.0\win-x64\videoos.identityserver.unittests.dll" id="32a63d0f-1518-258d-79a6-5db3d0ff3aaa">
      <Execution id="1e031343-99c6-4c3f-906b-7596c1a9bb13" />
      <TestMethod codeBase="D:\actions-runner\_work\XPCO\XPCO\IdentityServer\VideoOS.IdentityServer.UnitTests\bin\Debug\net6.0\win-x64\VideoOS.IdentityServer.UnitTests.dll" adapterTypeName="executor://xunit/VsTestRunner2/netcoreapp" className="VideoOS.IdentityServer.UnitTests.Attributes.HttpOrHttpsAttributeTests" name="IsValid_ForHttpOrHttpsUri_ReturnsSuccess" />
    </UnitTest>
    <UnitTest name="VideoOS.IdentityServer.UnitTests.Pages.External.CallbackTests.OnGetAsync_SidClaimIncluded_AddedToSignIn" storage="d:\actions-runner\_work\xpco\xpco\identityserver\videoos.identityserver.unittests\bin\debug\net6.0\win-x64\videoos.identityserver.unittests.dll" id="b2cdec7c-a312-2276-76f1-238abf52a1cd">
      <Execution id="ea8e7321-a9ef-4f6e-a50f-8144e9c2719d" />
      <TestMethod codeBase="D:\actions-runner\_work\XPCO\XPCO\IdentityServer\VideoOS.IdentityServer.UnitTests\bin\Debug\net6.0\win-x64\VideoOS.IdentityServer.UnitTests.dll" adapterTypeName="executor://xunit/VsTestRunner2/netcoreapp" className="VideoOS.IdentityServer.UnitTests.Pages.External.CallbackTests" name="OnGetAsync_SidClaimIncluded_AddedToSignIn" />
    </UnitTest>
    <UnitTest name="VideoOS.IdentityServer.UnitTests.Services.WellKnownConfigurationRetriever.WellKnownConfigurationRetrieverTests.GetWellKnownConfiguration_WithoutExternalProviderUri_ReturnsErrorResult" storage="d:\actions-runner\_work\xpco\xpco\identityserver\videoos.identityserver.unittests\bin\debug\net6.0\win-x64\videoos.identityserver.unittests.dll" id="726e7ea3-087e-6d58-bc91-81673a1be569">
      <Execution id="7e4af271-4dd6-4dfc-a378-25e239cf3ba2" />
      <TestMethod codeBase="D:\actions-runner\_work\XPCO\XPCO\IdentityServer\VideoOS.IdentityServer.UnitTests\bin\Debug\net6.0\win-x64\VideoOS.IdentityServer.UnitTests.dll" adapterTypeName="executor://xunit/VsTestRunner2/netcoreapp" className="VideoOS.IdentityServer.UnitTests.Services.WellKnownConfigurationRetriever.WellKnownConfigurationRetrieverTests" name="GetWellKnownConfiguration_WithoutExternalProviderUri_ReturnsErrorResult" />
    </UnitTest>
    <UnitTest name="VideoOS.IdentityServer.UnitTests.GrantValidators.TokenExchangeGrantValidatorTests.ValidateAsync_TokenNotValidated_InvalidRequestReturned" storage="d:\actions-runner\_work\xpco\xpco\identityserver\videoos.identityserver.unittests\bin\debug\net6.0\win-x64\videoos.identityserver.unittests.dll" id="7b78af51-a07c-4233-2f94-eac0ee2c6a72">
      <Execution id="28d99d52-9e91-43a6-a04f-9ec3043d89f7" />
      <TestMethod codeBase="D:\actions-runner\_work\XPCO\XPCO\IdentityServer\VideoOS.IdentityServer.UnitTests\bin\Debug\net6.0\win-x64\VideoOS.IdentityServer.UnitTests.dll" adapterTypeName="executor://xunit/VsTestRunner2/netcoreapp" className="VideoOS.IdentityServer.UnitTests.GrantValidators.TokenExchangeGrantValidatorTests" name="ValidateAsync_TokenNotValidated_InvalidRequestReturned" />
    </UnitTest>
    <UnitTest name="VideoOS.IdentityServer.UnitTests.Controllers.UsersControllerTests.GetUsers_UserIsFoundWithProvider_ReturnOkResultWithUserDto" storage="d:\actions-runner\_work\xpco\xpco\identityserver\videoos.identityserver.unittests\bin\debug\net6.0\win-x64\videoos.identityserver.unittests.dll" id="ec55700f-d34f-7d48-8c52-a5a7d96f3059">
      <Execution id="7e056483-97fa-4b72-8f30-d2a2def5ba44" />
      <TestMethod codeBase="D:\actions-runner\_work\XPCO\XPCO\IdentityServer\VideoOS.IdentityServer.UnitTests\bin\Debug\net6.0\win-x64\VideoOS.IdentityServer.UnitTests.dll" adapterTypeName="executor://xunit/VsTestRunner2/netcoreapp" className="VideoOS.IdentityServer.UnitTests.Controllers.UsersControllerTests" name="GetUsers_UserIsFoundWithProvider_ReturnOkResultWithUserDto" />
    </UnitTest>
    <UnitTest name="VideoOS.IdentityServer.UnitTests.Controllers.ClientsControllerTests.GetClients_ClientNotFound_ReturnEmptyOkResult" storage="d:\actions-runner\_work\xpco\xpco\identityserver\videoos.identityserver.unittests\bin\debug\net6.0\win-x64\videoos.identityserver.unittests.dll" id="62971434-d070-05e9-7e2e-67339cd457cc">
      <Execution id="f4c3c930-b3ad-4b8f-a516-1ef0df60d5b7" />
      <TestMethod codeBase="D:\actions-runner\_work\XPCO\XPCO\IdentityServer\VideoOS.IdentityServer.UnitTests\bin\Debug\net6.0\win-x64\VideoOS.IdentityServer.UnitTests.dll" adapterTypeName="executor://xunit/VsTestRunner2/netcoreapp" className="VideoOS.IdentityServer.UnitTests.Controllers.ClientsControllerTests" name="GetClients_ClientNotFound_ReturnEmptyOkResult" />
    </UnitTest>
    <UnitTest name="VideoOS.IdentityServer.UnitTests.Repositories.VmsUserManagerTests.FindByFilterAsync_UserFoundUsingType_User" storage="d:\actions-runner\_work\xpco\xpco\identityserver\videoos.identityserver.unittests\bin\debug\net6.0\win-x64\videoos.identityserver.unittests.dll" id="37c2b8ed-5307-fd14-fb78-5826ba25894d">
      <Execution id="4154be0f-c76a-44f4-b82e-301320b68d35" />
      <TestMethod codeBase="D:\actions-runner\_work\XPCO\XPCO\IdentityServer\VideoOS.IdentityServer.UnitTests\bin\Debug\net6.0\win-x64\VideoOS.IdentityServer.UnitTests.dll" adapterTypeName="executor://xunit/VsTestRunner2/netcoreapp" className="VideoOS.IdentityServer.UnitTests.Repositories.VmsUserManagerTests" name="FindByFilterAsync_UserFoundUsingType_User" />
    </UnitTest>
    <UnitTest name="VideoOS.IdentityServer.UnitTests.Repositories.EventLogRepositoryTests.DeleteLogsOlderThan_LogsOlderThanDatePassed_LogsDeleted" storage="d:\actions-runner\_work\xpco\xpco\identityserver\videoos.identityserver.unittests\bin\debug\net6.0\win-x64\videoos.identityserver.unittests.dll" id="758bca7f-8d6e-e391-8dbc-fe668434ed80">
      <Execution id="173eae14-c6cc-44ad-8a30-6a46b66536a3" />
      <TestMethod codeBase="D:\actions-runner\_work\XPCO\XPCO\IdentityServer\VideoOS.IdentityServer.UnitTests\bin\Debug\net6.0\win-x64\VideoOS.IdentityServer.UnitTests.dll" adapterTypeName="executor://xunit/VsTestRunner2/netcoreapp" className="VideoOS.IdentityServer.UnitTests.Repositories.EventLogRepositoryTests" name="DeleteLogsOlderThan_LogsOlderThanDatePassed_LogsDeleted" />
    </UnitTest>
    <UnitTest name="VideoOS.IdentityServer.UnitTests.Services.EventLogServiceTest.Log_IpAddressNotAvailable_StringEmpty" storage="d:\actions-runner\_work\xpco\xpco\identityserver\videoos.identityserver.unittests\bin\debug\net6.0\win-x64\videoos.identityserver.unittests.dll" id="234fab66-fa93-b8bf-27d2-973372feba11">
      <Execution id="815e1f06-a958-4fb7-a2ba-888655b9d132" />
      <TestMethod codeBase="D:\actions-runner\_work\XPCO\XPCO\IdentityServer\VideoOS.IdentityServer.UnitTests\bin\Debug\net6.0\win-x64\VideoOS.IdentityServer.UnitTests.dll" adapterTypeName="executor://xunit/VsTestRunner2/netcoreapp" className="VideoOS.IdentityServer.UnitTests.Services.EventLogServiceTest" name="Log_IpAddressNotAvailable_StringEmpty" />
    </UnitTest>
    <UnitTest name="VideoOS.IdentityServer.UnitTests.Controllers.ClientsControllerTests.RegisterClient_InvalidGranttype_BusinessViolationExceptionIsThrown" storage="d:\actions-runner\_work\xpco\xpco\identityserver\videoos.identityserver.unittests\bin\debug\net6.0\win-x64\videoos.identityserver.unittests.dll" id="743f8a96-9897-3e88-3289-fb27a4e4447a">
      <Execution id="fa5bde5f-c97f-49f5-84e4-e6b8119db235" />
      <TestMethod codeBase="D:\actions-runner\_work\XPCO\XPCO\IdentityServer\VideoOS.IdentityServer.UnitTests\bin\Debug\net6.0\win-x64\VideoOS.IdentityServer.UnitTests.dll" adapterTypeName="executor://xunit/VsTestRunner2/netcoreapp" className="VideoOS.IdentityServer.UnitTests.Controllers.ClientsControllerTests" name="RegisterClient_InvalidGranttype_BusinessViolationExceptionIsThrown" />
    </UnitTest>
    <UnitTest name="VideoOS.IdentityServer.UnitTests.Controllers.TrustedIssuersControllerTests.Get_TrustedIssuerById_TrustedIssuerIsReturned" storage="d:\actions-runner\_work\xpco\xpco\identityserver\videoos.identityserver.unittests\bin\debug\net6.0\win-x64\videoos.identityserver.unittests.dll" id="ca4e076f-26ca-800e-cace-65cc67d85c78">
      <Execution id="9e861fd1-89c1-463e-96e6-e5f03ad4310f" />
      <TestMethod codeBase="D:\actions-runner\_work\XPCO\XPCO\IdentityServer\VideoOS.IdentityServer.UnitTests\bin\Debug\net6.0\win-x64\VideoOS.IdentityServer.UnitTests.dll" adapterTypeName="executor://xunit/VsTestRunner2/netcoreapp" className="VideoOS.IdentityServer.UnitTests.Controllers.TrustedIssuersControllerTests" name="Get_TrustedIssuerById_TrustedIssuerIsReturned" />
    </UnitTest>
    <UnitTest name="VideoOS.IdentityServer.UnitTests.Repositories.EventLogRepositoryTests.FilterLogs_FilterIsNull_DoesNotThrowException" storage="d:\actions-runner\_work\xpco\xpco\identityserver\videoos.identityserver.unittests\bin\debug\net6.0\win-x64\videoos.identityserver.unittests.dll" id="0ecdd210-0357-ae0e-cf0e-09be7386e5ed">
      <Execution id="71d72688-085c-481a-a884-8a502c87682d" />
      <TestMethod codeBase="D:\actions-runner\_work\XPCO\XPCO\IdentityServer\VideoOS.IdentityServer.UnitTests\bin\Debug\net6.0\win-x64\VideoOS.IdentityServer.UnitTests.dll" adapterTypeName="executor://xunit/VsTestRunner2/netcoreapp" className="VideoOS.IdentityServer.UnitTests.Repositories.EventLogRepositoryTests" name="FilterLogs_FilterIsNull_DoesNotThrowException" />
    </UnitTest>
    <UnitTest name="VideoOS.IdentityServer.UnitTests.GrantValidators.TokenExchangeGrantValidatorTests.ValidateAsync_IssuerNotEnabled_InvalidRequestReturned" storage="d:\actions-runner\_work\xpco\xpco\identityserver\videoos.identityserver.unittests\bin\debug\net6.0\win-x64\videoos.identityserver.unittests.dll" id="9dd8b317-666b-324d-19e4-ee5c6bd1749b">
      <Execution id="26473834-8e0c-4a34-bd95-840a8b47f882" />
      <TestMethod codeBase="D:\actions-runner\_work\XPCO\XPCO\IdentityServer\VideoOS.IdentityServer.UnitTests\bin\Debug\net6.0\win-x64\VideoOS.IdentityServer.UnitTests.dll" adapterTypeName="executor://xunit/VsTestRunner2/netcoreapp" className="VideoOS.IdentityServer.UnitTests.GrantValidators.TokenExchangeGrantValidatorTests" name="ValidateAsync_IssuerNotEnabled_InvalidRequestReturned" />
    </UnitTest>
    <UnitTest name="VideoOS.IdentityServer.UnitTests.Controllers.TrustedIssuersControllerTests.Put_AddressAlreadyExists_DuplicateTrustedIssuersError" storage="d:\actions-runner\_work\xpco\xpco\identityserver\videoos.identityserver.unittests\bin\debug\net6.0\win-x64\videoos.identityserver.unittests.dll" id="3f988e2b-f56d-5783-b962-79eb401ba4b2">
      <Execution id="edcf6c97-e62d-4b55-b7e1-3dd218e813d7" />
      <TestMethod codeBase="D:\actions-runner\_work\XPCO\XPCO\IdentityServer\VideoOS.IdentityServer.UnitTests\bin\Debug\net6.0\win-x64\VideoOS.IdentityServer.UnitTests.dll" adapterTypeName="executor://xunit/VsTestRunner2/netcoreapp" className="VideoOS.IdentityServer.UnitTests.Controllers.TrustedIssuersControllerTests" name="Put_AddressAlreadyExists_DuplicateTrustedIssuersError" />
    </UnitTest>
    <UnitTest name="VideoOS.IdentityServer.UnitTests.Repositories.VmsUserManagerTests.CreateUserInternalAsync_AddClaimsError_Failed" storage="d:\actions-runner\_work\xpco\xpco\identityserver\videoos.identityserver.unittests\bin\debug\net6.0\win-x64\videoos.identityserver.unittests.dll" id="66c4ec48-8b26-bd82-bdd3-8f0cd78ada77">
      <Execution id="6a655406-5f1a-4a85-828f-83d80a150d52" />
      <TestMethod codeBase="D:\actions-runner\_work\XPCO\XPCO\IdentityServer\VideoOS.IdentityServer.UnitTests\bin\Debug\net6.0\win-x64\VideoOS.IdentityServer.UnitTests.dll" adapterTypeName="executor://xunit/VsTestRunner2/netcoreapp" className="VideoOS.IdentityServer.UnitTests.Repositories.VmsUserManagerTests" name="CreateUserInternalAsync_AddClaimsError_Failed" />
    </UnitTest>
    <UnitTest name="VideoOS.IdentityServer.UnitTests.Controllers.AdminIdentityControllerTests.Get_AdminIdentityExists_AdminIdentityIsReturned" storage="d:\actions-runner\_work\xpco\xpco\identityserver\videoos.identityserver.unittests\bin\debug\net6.0\win-x64\videoos.identityserver.unittests.dll" id="2c26c12f-3ca5-522d-9529-d126717062be">
      <Execution id="a489a8d1-90ac-4a58-8d71-716d15dad3a2" />
      <TestMethod codeBase="D:\actions-runner\_work\XPCO\XPCO\IdentityServer\VideoOS.IdentityServer.UnitTests\bin\Debug\net6.0\win-x64\VideoOS.IdentityServer.UnitTests.dll" adapterTypeName="executor://xunit/VsTestRunner2/netcoreapp" className="VideoOS.IdentityServer.UnitTests.Controllers.AdminIdentityControllerTests" name="Get_AdminIdentityExists_AdminIdentityIsReturned" />
    </UnitTest>
    <UnitTest name="VideoOS.IdentityServer.UnitTests.Controllers.LoginProvidersControllerTests.Post_LoginProvider_Success" storage="d:\actions-runner\_work\xpco\xpco\identityserver\videoos.identityserver.unittests\bin\debug\net6.0\win-x64\videoos.identityserver.unittests.dll" id="f745d7c9-1b6e-8536-9e6d-7f308c1a00c6">
      <Execution id="e8450887-e605-4adf-b611-edab92006564" />
      <TestMethod codeBase="D:\actions-runner\_work\XPCO\XPCO\IdentityServer\VideoOS.IdentityServer.UnitTests\bin\Debug\net6.0\win-x64\VideoOS.IdentityServer.UnitTests.dll" adapterTypeName="executor://xunit/VsTestRunner2/netcoreapp" className="VideoOS.IdentityServer.UnitTests.Controllers.LoginProvidersControllerTests" name="Post_LoginProvider_Success" />
    </UnitTest>
    <UnitTest name="VideoOS.IdentityServer.UnitTests.Extensions.IQueryAbleExtensionsTests.Paginate_ArgumentOrdered_success" storage="d:\actions-runner\_work\xpco\xpco\identityserver\videoos.identityserver.unittests\bin\debug\net6.0\win-x64\videoos.identityserver.unittests.dll" id="0f441947-64c0-3c8f-c58e-90fe1a065165">
      <Execution id="98cce6c0-fab4-4fcd-9e0e-45ebeccd96f6" />
      <TestMethod codeBase="D:\actions-runner\_work\XPCO\XPCO\IdentityServer\VideoOS.IdentityServer.UnitTests\bin\Debug\net6.0\win-x64\VideoOS.IdentityServer.UnitTests.dll" adapterTypeName="executor://xunit/VsTestRunner2/netcoreapp" className="VideoOS.IdentityServer.UnitTests.Extensions.IQueryAbleExtensionsTests" name="Paginate_ArgumentOrdered_success" />
    </UnitTest>
    <UnitTest name="VideoOS.IdentityServer.UnitTests.Model.Result.ResultTests.Failure_ShouldThrowArgumentNullException_WhenNullErrorProvided" storage="d:\actions-runner\_work\xpco\xpco\identityserver\videoos.identityserver.unittests\bin\debug\net6.0\win-x64\videoos.identityserver.unittests.dll" id="923bbb9b-001f-218b-483b-924b42d8eab3">
      <Execution id="9e4d29d1-71d9-4c3c-a30b-6caa29effd04" />
      <TestMethod codeBase="D:\actions-runner\_work\XPCO\XPCO\IdentityServer\VideoOS.IdentityServer.UnitTests\bin\Debug\net6.0\win-x64\VideoOS.IdentityServer.UnitTests.dll" adapterTypeName="executor://xunit/VsTestRunner2/netcoreapp" className="VideoOS.IdentityServer.UnitTests.Model.Result.ResultTests" name="Failure_ShouldThrowArgumentNullException_WhenNullErrorProvided" />
    </UnitTest>
    <UnitTest name="VideoOS.IdentityServer.UnitTests.Helper.RsaKeyGeneratorTests.GenerateRsaSecurityKey_ValidKeySize_NewRsaSecurityKeyIsReturned(keySize: 2048)" storage="d:\actions-runner\_work\xpco\xpco\identityserver\videoos.identityserver.unittests\bin\debug\net6.0\win-x64\videoos.identityserver.unittests.dll" id="7a650886-b796-7794-1000-8b637771079b">
      <Execution id="0ea8acea-3eb3-499d-bb3d-fa9421428474" />
      <TestMethod codeBase="D:\actions-runner\_work\XPCO\XPCO\IdentityServer\VideoOS.IdentityServer.UnitTests\bin\Debug\net6.0\win-x64\VideoOS.IdentityServer.UnitTests.dll" adapterTypeName="executor://xunit/VsTestRunner2/netcoreapp" className="VideoOS.IdentityServer.UnitTests.Helper.RsaKeyGeneratorTests" name="GenerateRsaSecurityKey_ValidKeySize_NewRsaSecurityKeyIsReturned" />
    </UnitTest>
    <UnitTest name="VideoOS.IdentityServer.UnitTests.Model.Result.ResultTests.ImplicitConversion_ShouldBeErrorWithOneError_WhenSingleErrorProvided" storage="d:\actions-runner\_work\xpco\xpco\identityserver\videoos.identityserver.unittests\bin\debug\net6.0\win-x64\videoos.identityserver.unittests.dll" id="452784ba-aacc-ffe6-5b8d-b1163443f304">
      <Execution id="ac16997d-8455-4f27-a3dd-ec23827e195a" />
      <TestMethod codeBase="D:\actions-runner\_work\XPCO\XPCO\IdentityServer\VideoOS.IdentityServer.UnitTests\bin\Debug\net6.0\win-x64\VideoOS.IdentityServer.UnitTests.dll" adapterTypeName="executor://xunit/VsTestRunner2/netcoreapp" className="VideoOS.IdentityServer.UnitTests.Model.Result.ResultTests" name="ImplicitConversion_ShouldBeErrorWithOneError_WhenSingleErrorProvided" />
    </UnitTest>
    <UnitTest name="VideoOS.IdentityServer.UnitTests.NLogConfiguration.NLogConfiguratorTests.RemoveFilter_FilterNotFound_NothingRemoved" storage="d:\actions-runner\_work\xpco\xpco\identityserver\videoos.identityserver.unittests\bin\debug\net6.0\win-x64\videoos.identityserver.unittests.dll" id="492dace9-3b0a-d697-1385-c13f3d43e0e4">
      <Execution id="a418ea2b-abb4-425d-9ea0-05d5c3c899c3" />
      <TestMethod codeBase="D:\actions-runner\_work\XPCO\XPCO\IdentityServer\VideoOS.IdentityServer.UnitTests\bin\Debug\net6.0\win-x64\VideoOS.IdentityServer.UnitTests.dll" adapterTypeName="executor://xunit/VsTestRunner2/netcoreapp" className="VideoOS.IdentityServer.UnitTests.NLogConfiguration.NLogConfiguratorTests" name="RemoveFilter_FilterNotFound_NothingRemoved" />
    </UnitTest>
    <UnitTest name="VideoOS.IdentityServer.UnitTests.Helper.ExpressionBuilderTests.FromString_DifferentQueriesWithAllowedSearchNames_ReturnsExpectedCount(query: &quot; number eq 4 &quot;, expectedCount: 1, allowedSearchNames: [&quot;Number&quot;])" storage="d:\actions-runner\_work\xpco\xpco\identityserver\videoos.identityserver.unittests\bin\debug\net6.0\win-x64\videoos.identityserver.unittests.dll" id="b84beae9-8212-fbc1-9d19-d4118dca21e2">
      <Execution id="e19ffe56-91bf-4f95-bd0f-6ad4554c91a6" />
      <TestMethod codeBase="D:\actions-runner\_work\XPCO\XPCO\IdentityServer\VideoOS.IdentityServer.UnitTests\bin\Debug\net6.0\win-x64\VideoOS.IdentityServer.UnitTests.dll" adapterTypeName="executor://xunit/VsTestRunner2/netcoreapp" className="VideoOS.IdentityServer.UnitTests.Helper.ExpressionBuilderTests" name="FromString_DifferentQueriesWithAllowedSearchNames_ReturnsExpectedCount" />
    </UnitTest>
    <UnitTest name="VideoOS.IdentityServer.UnitTests.GrantValidators.TokenExchangeGrantValidatorTests.ValidateAsync_SecureWithNonSecureIssuer_InvalidRequestReturned" storage="d:\actions-runner\_work\xpco\xpco\identityserver\videoos.identityserver.unittests\bin\debug\net6.0\win-x64\videoos.identityserver.unittests.dll" id="89eca625-e205-1852-94e5-9163f58047b8">
      <Execution id="e9239dc0-d915-4cb3-a05f-a52e68c18840" />
      <TestMethod codeBase="D:\actions-runner\_work\XPCO\XPCO\IdentityServer\VideoOS.IdentityServer.UnitTests\bin\Debug\net6.0\win-x64\VideoOS.IdentityServer.UnitTests.dll" adapterTypeName="executor://xunit/VsTestRunner2/netcoreapp" className="VideoOS.IdentityServer.UnitTests.GrantValidators.TokenExchangeGrantValidatorTests" name="ValidateAsync_SecureWithNonSecureIssuer_InvalidRequestReturned" />
    </UnitTest>
    <UnitTest name="VideoOS.IdentityServer.UnitTests.Repositories.VmsUserManagerTests.FindByNameAsync_UserFound_User" storage="d:\actions-runner\_work\xpco\xpco\identityserver\videoos.identityserver.unittests\bin\debug\net6.0\win-x64\videoos.identityserver.unittests.dll" id="cde29e6a-85aa-838a-d88f-e083f65086be">
      <Execution id="554fea8f-755d-440f-9bc6-096067a8bb2f" />
      <TestMethod codeBase="D:\actions-runner\_work\XPCO\XPCO\IdentityServer\VideoOS.IdentityServer.UnitTests\bin\Debug\net6.0\win-x64\VideoOS.IdentityServer.UnitTests.dll" adapterTypeName="executor://xunit/VsTestRunner2/netcoreapp" className="VideoOS.IdentityServer.UnitTests.Repositories.VmsUserManagerTests" name="FindByNameAsync_UserFound_User" />
    </UnitTest>
    <UnitTest name="VideoOS.IdentityServer.UnitTests.Services.UserProvisionerTests.CreateOrUpdateUser_NewUserNoPreferred_Name" storage="d:\actions-runner\_work\xpco\xpco\identityserver\videoos.identityserver.unittests\bin\debug\net6.0\win-x64\videoos.identityserver.unittests.dll" id="5a59b2f7-dfbd-5ad9-04a9-ec8735995b0c">
      <Execution id="39a6bc61-7af0-44b6-a341-19bf21760295" />
      <TestMethod codeBase="D:\actions-runner\_work\XPCO\XPCO\IdentityServer\VideoOS.IdentityServer.UnitTests\bin\Debug\net6.0\win-x64\VideoOS.IdentityServer.UnitTests.dll" adapterTypeName="executor://xunit/VsTestRunner2/netcoreapp" className="VideoOS.IdentityServer.UnitTests.Services.UserProvisionerTests" name="CreateOrUpdateUser_NewUserNoPreferred_Name" />
    </UnitTest>
    <UnitTest name="VideoOS.IdentityServer.UnitTests.GrantValidators.ResourceOwnerPasswordValidatorTests.ValidateAsync_WrongPassword_InvalidCredentials" storage="d:\actions-runner\_work\xpco\xpco\identityserver\videoos.identityserver.unittests\bin\debug\net6.0\win-x64\videoos.identityserver.unittests.dll" id="6f78a48d-2ed9-1510-c50f-6e3222827d4c">
      <Execution id="55b63773-7564-401f-8798-9cf13b1d9d14" />
      <TestMethod codeBase="D:\actions-runner\_work\XPCO\XPCO\IdentityServer\VideoOS.IdentityServer.UnitTests\bin\Debug\net6.0\win-x64\VideoOS.IdentityServer.UnitTests.dll" adapterTypeName="executor://xunit/VsTestRunner2/netcoreapp" className="VideoOS.IdentityServer.UnitTests.GrantValidators.ResourceOwnerPasswordValidatorTests" name="ValidateAsync_WrongPassword_InvalidCredentials" />
    </UnitTest>
    <UnitTest name="VideoOS.IdentityServer.UnitTests.GrantValidators.WinAuthGrantValidatorTests.ValidateAsync_UserIsNotAdmin_FailureResultIsSet" storage="d:\actions-runner\_work\xpco\xpco\identityserver\videoos.identityserver.unittests\bin\debug\net6.0\win-x64\videoos.identityserver.unittests.dll" id="14ee1d5b-5645-b066-f21e-b6c725200105">
      <Execution id="f5a231fe-7e78-412d-bd6d-c79579f0f36f" />
      <TestMethod codeBase="D:\actions-runner\_work\XPCO\XPCO\IdentityServer\VideoOS.IdentityServer.UnitTests\bin\Debug\net6.0\win-x64\VideoOS.IdentityServer.UnitTests.dll" adapterTypeName="executor://xunit/VsTestRunner2/netcoreapp" className="VideoOS.IdentityServer.UnitTests.GrantValidators.WinAuthGrantValidatorTests" name="ValidateAsync_UserIsNotAdmin_FailureResultIsSet" />
    </UnitTest>
    <UnitTest name="VideoOS.IdentityServer.UnitTests.Controllers.LoginsControllerTests.DeleteLogin_LoginIsDeleted_NoContentReturned" storage="d:\actions-runner\_work\xpco\xpco\identityserver\videoos.identityserver.unittests\bin\debug\net6.0\win-x64\videoos.identityserver.unittests.dll" id="b946c6b2-48d3-48c0-dba1-87be276acdd4">
      <Execution id="23909085-5689-47e1-b169-d356ee31c2fd" />
      <TestMethod codeBase="D:\actions-runner\_work\XPCO\XPCO\IdentityServer\VideoOS.IdentityServer.UnitTests\bin\Debug\net6.0\win-x64\VideoOS.IdentityServer.UnitTests.dll" adapterTypeName="executor://xunit/VsTestRunner2/netcoreapp" className="VideoOS.IdentityServer.UnitTests.Controllers.LoginsControllerTests" name="DeleteLogin_LoginIsDeleted_NoContentReturned" />
    </UnitTest>
    <UnitTest name="VideoOS.IdentityServer.UnitTests.Validators.PasswordValidatorTests.ValidateAsync_PasswordIsNull_ThrowArgumentException" storage="d:\actions-runner\_work\xpco\xpco\identityserver\videoos.identityserver.unittests\bin\debug\net6.0\win-x64\videoos.identityserver.unittests.dll" id="f089c3d9-d7a7-8fe8-6b31-2f96d60268c8">
      <Execution id="29913f0f-9da7-4037-ba2a-59e703fb0a75" />
      <TestMethod codeBase="D:\actions-runner\_work\XPCO\XPCO\IdentityServer\VideoOS.IdentityServer.UnitTests\bin\Debug\net6.0\win-x64\VideoOS.IdentityServer.UnitTests.dll" adapterTypeName="executor://xunit/VsTestRunner2/netcoreapp" className="VideoOS.IdentityServer.UnitTests.Validators.PasswordValidatorTests" name="ValidateAsync_PasswordIsNull_ThrowArgumentException" />
    </UnitTest>
    <UnitTest name="VideoOS.IdentityServer.UnitTests.Controllers.ExternalProviderManagerTests.AddProvider_NoSecret_DoesNotConfigureProvider" storage="d:\actions-runner\_work\xpco\xpco\identityserver\videoos.identityserver.unittests\bin\debug\net6.0\win-x64\videoos.identityserver.unittests.dll" id="cfc7accd-2ffc-e599-985f-e81f83f1ff99">
      <Execution id="138834f9-9a74-4c26-bf4f-778899da042b" />
      <TestMethod codeBase="D:\actions-runner\_work\XPCO\XPCO\IdentityServer\VideoOS.IdentityServer.UnitTests\bin\Debug\net6.0\win-x64\VideoOS.IdentityServer.UnitTests.dll" adapterTypeName="executor://xunit/VsTestRunner2/netcoreapp" className="VideoOS.IdentityServer.UnitTests.Controllers.ExternalProviderManagerTests" name="AddProvider_NoSecret_DoesNotConfigureProvider" />
    </UnitTest>
    <UnitTest name="VideoOS.IdentityServer.UnitTests.Repositories.VmsUserManagerTests.GetLogins_UsingKeyOnly_LoginsReturned" storage="d:\actions-runner\_work\xpco\xpco\identityserver\videoos.identityserver.unittests\bin\debug\net6.0\win-x64\videoos.identityserver.unittests.dll" id="494fe934-5722-db55-08f0-f3b411426110">
      <Execution id="19984019-7e9b-417f-b91e-77c73994888d" />
      <TestMethod codeBase="D:\actions-runner\_work\XPCO\XPCO\IdentityServer\VideoOS.IdentityServer.UnitTests\bin\Debug\net6.0\win-x64\VideoOS.IdentityServer.UnitTests.dll" adapterTypeName="executor://xunit/VsTestRunner2/netcoreapp" className="VideoOS.IdentityServer.UnitTests.Repositories.VmsUserManagerTests" name="GetLogins_UsingKeyOnly_LoginsReturned" />
    </UnitTest>
    <UnitTest name="VideoOS.IdentityServer.UnitTests.Controllers.UsersControllerTests.Patch_PasswordUpdatesAreSentForUserWithExternalLogin_ReturnBadRequest" storage="d:\actions-runner\_work\xpco\xpco\identityserver\videoos.identityserver.unittests\bin\debug\net6.0\win-x64\videoos.identityserver.unittests.dll" id="0183fccb-d77a-a03a-5714-d0062038a2df">
      <Execution id="aaddee8b-86f8-4032-b433-4ffcd212f922" />
      <TestMethod codeBase="D:\actions-runner\_work\XPCO\XPCO\IdentityServer\VideoOS.IdentityServer.UnitTests\bin\Debug\net6.0\win-x64\VideoOS.IdentityServer.UnitTests.dll" adapterTypeName="executor://xunit/VsTestRunner2/netcoreapp" className="VideoOS.IdentityServer.UnitTests.Controllers.UsersControllerTests" name="Patch_PasswordUpdatesAreSentForUserWithExternalLogin_ReturnBadRequest" />
    </UnitTest>
    <UnitTest name="VideoOS.IdentityServer.UnitTests.Services.ExternalTokenValidatorTests.GetSubjectTokenClaims_SubjectTokenIsNull_TokenNotValidatedAndErrorReturned" storage="d:\actions-runner\_work\xpco\xpco\identityserver\videoos.identityserver.unittests\bin\debug\net6.0\win-x64\videoos.identityserver.unittests.dll" id="6852fa0d-96bc-81d2-59b0-8e8004a5deb8">
      <Execution id="44f31286-2def-407f-b26b-1ba5fe4d25b0" />
      <TestMethod codeBase="D:\actions-runner\_work\XPCO\XPCO\IdentityServer\VideoOS.IdentityServer.UnitTests\bin\Debug\net6.0\win-x64\VideoOS.IdentityServer.UnitTests.dll" adapterTypeName="executor://xunit/VsTestRunner2/netcoreapp" className="VideoOS.IdentityServer.UnitTests.Services.ExternalTokenValidatorTests" name="GetSubjectTokenClaims_SubjectTokenIsNull_TokenNotValidatedAndErrorReturned" />
    </UnitTest>
    <UnitTest name="VideoOS.IdentityServer.UnitTests.Controllers.BaseControllerTests.BadRequest_InvokeWithObject_ThrowsNotImplementedException" storage="d:\actions-runner\_work\xpco\xpco\identityserver\videoos.identityserver.unittests\bin\debug\net6.0\win-x64\videoos.identityserver.unittests.dll" id="4796b15c-52f0-172e-3ce3-f76b2ed4d370">
      <Execution id="9288f419-a88e-4a80-936f-71ef7ab06eb9" />
      <TestMethod codeBase="D:\actions-runner\_work\XPCO\XPCO\IdentityServer\VideoOS.IdentityServer.UnitTests\bin\Debug\net6.0\win-x64\VideoOS.IdentityServer.UnitTests.dll" adapterTypeName="executor://xunit/VsTestRunner2/netcoreapp" className="VideoOS.IdentityServer.UnitTests.Controllers.BaseControllerTests" name="BadRequest_InvokeWithObject_ThrowsNotImplementedException" />
    </UnitTest>
    <UnitTest name="VideoOS.IdentityServer.UnitTests.Repositories.EventLogRepositoryTests.FilterLogs_TakeIsNegative_ThrowArgumentOutOfRangeException" storage="d:\actions-runner\_work\xpco\xpco\identityserver\videoos.identityserver.unittests\bin\debug\net6.0\win-x64\videoos.identityserver.unittests.dll" id="2ebee47b-2482-8e0c-4c0b-8a9204b6c22b">
      <Execution id="8b03831e-c0ea-4d2a-8049-51762b2dd54c" />
      <TestMethod codeBase="D:\actions-runner\_work\XPCO\XPCO\IdentityServer\VideoOS.IdentityServer.UnitTests\bin\Debug\net6.0\win-x64\VideoOS.IdentityServer.UnitTests.dll" adapterTypeName="executor://xunit/VsTestRunner2/netcoreapp" className="VideoOS.IdentityServer.UnitTests.Repositories.EventLogRepositoryTests" name="FilterLogs_TakeIsNegative_ThrowArgumentOutOfRangeException" />
    </UnitTest>
    <UnitTest name="VideoOS.IdentityServer.UnitTests.Services.DeleteEventLogHostedServiceTest.StartAsync_Called_TimerStartedRunningEveryHour" storage="d:\actions-runner\_work\xpco\xpco\identityserver\videoos.identityserver.unittests\bin\debug\net6.0\win-x64\videoos.identityserver.unittests.dll" id="d839e357-7c87-cc97-99c7-06808fbc4ba9">
      <Execution id="f0751fe6-3c1a-408b-82f4-43726ed76eb6" />
      <TestMethod codeBase="D:\actions-runner\_work\XPCO\XPCO\IdentityServer\VideoOS.IdentityServer.UnitTests\bin\Debug\net6.0\win-x64\VideoOS.IdentityServer.UnitTests.dll" adapterTypeName="executor://xunit/VsTestRunner2/netcoreapp" className="VideoOS.IdentityServer.UnitTests.Services.DeleteEventLogHostedServiceTest" name="StartAsync_Called_TimerStartedRunningEveryHour" />
    </UnitTest>
    <UnitTest name="VideoOS.IdentityServer.UnitTests.Controllers.ExternalProviderManagerTests.UpdateProvider_LoginProvider_Enabled_NoSecret_DontExists_DoesNothing" storage="d:\actions-runner\_work\xpco\xpco\identityserver\videoos.identityserver.unittests\bin\debug\net6.0\win-x64\videoos.identityserver.unittests.dll" id="b8fb9772-bdb5-0007-d81b-1364d88469ef">
      <Execution id="ef1df4b7-e682-405f-b58f-83f8a70642b9" />
      <TestMethod codeBase="D:\actions-runner\_work\XPCO\XPCO\IdentityServer\VideoOS.IdentityServer.UnitTests\bin\Debug\net6.0\win-x64\VideoOS.IdentityServer.UnitTests.dll" adapterTypeName="executor://xunit/VsTestRunner2/netcoreapp" className="VideoOS.IdentityServer.UnitTests.Controllers.ExternalProviderManagerTests" name="UpdateProvider_LoginProvider_Enabled_NoSecret_DontExists_DoesNothing" />
    </UnitTest>
    <UnitTest name="VideoOS.IdentityServer.UnitTests.Controllers.UserCollectionsControllerTests.GetUserCollection_NotAllUsersFound_NotFound" storage="d:\actions-runner\_work\xpco\xpco\identityserver\videoos.identityserver.unittests\bin\debug\net6.0\win-x64\videoos.identityserver.unittests.dll" id="a6c5fa75-cea3-5603-d1cb-2b654429ae90">
      <Execution id="6d17ed19-2931-4fd1-9dbe-9277f5ce004e" />
      <TestMethod codeBase="D:\actions-runner\_work\XPCO\XPCO\IdentityServer\VideoOS.IdentityServer.UnitTests\bin\Debug\net6.0\win-x64\VideoOS.IdentityServer.UnitTests.dll" adapterTypeName="executor://xunit/VsTestRunner2/netcoreapp" className="VideoOS.IdentityServer.UnitTests.Controllers.UserCollectionsControllerTests" name="GetUserCollection_NotAllUsersFound_NotFound" />
    </UnitTest>
    <UnitTest name="VideoOS.IdentityServer.UnitTests.Pages.External.LoginTests.OnGet_ReturnUrlIsValid_Challenge" storage="d:\actions-runner\_work\xpco\xpco\identityserver\videoos.identityserver.unittests\bin\debug\net6.0\win-x64\videoos.identityserver.unittests.dll" id="acc53fd7-cdff-7f0e-a754-d76e03bf679b">
      <Execution id="063b0a8c-c794-4212-a433-03eb4e191b83" />
      <TestMethod codeBase="D:\actions-runner\_work\XPCO\XPCO\IdentityServer\VideoOS.IdentityServer.UnitTests\bin\Debug\net6.0\win-x64\VideoOS.IdentityServer.UnitTests.dll" adapterTypeName="executor://xunit/VsTestRunner2/netcoreapp" className="VideoOS.IdentityServer.UnitTests.Pages.External.LoginTests" name="OnGet_ReturnUrlIsValid_Challenge" />
    </UnitTest>
    <UnitTest name="VideoOS.IdentityServer.UnitTests.Controllers.ExternalProvidersControllerTests.Get_DifferentHandlersConfigured_OnlyRemoteAuthenticationHandlersReturned" storage="d:\actions-runner\_work\xpco\xpco\identityserver\videoos.identityserver.unittests\bin\debug\net6.0\win-x64\videoos.identityserver.unittests.dll" id="2191f6dd-5015-945f-601a-a7b0a8fde314">
      <Execution id="1c9708ae-5d43-4da9-bfbc-f6efc77868ca" />
      <TestMethod codeBase="D:\actions-runner\_work\XPCO\XPCO\IdentityServer\VideoOS.IdentityServer.UnitTests\bin\Debug\net6.0\win-x64\VideoOS.IdentityServer.UnitTests.dll" adapterTypeName="executor://xunit/VsTestRunner2/netcoreapp" className="VideoOS.IdentityServer.UnitTests.Controllers.ExternalProvidersControllerTests" name="Get_DifferentHandlersConfigured_OnlyRemoteAuthenticationHandlersReturned" />
    </UnitTest>
    <UnitTest name="VideoOS.IdentityServer.UnitTests.Pages.External.CallbackTests.OnGetAsync_UserLockedOut_Error" storage="d:\actions-runner\_work\xpco\xpco\identityserver\videoos.identityserver.unittests\bin\debug\net6.0\win-x64\videoos.identityserver.unittests.dll" id="bca552ad-4711-dd0b-15ca-0ec01c5a338b">
      <Execution id="4b4a6b6e-3f6c-4278-9c7a-ad32d352e9cf" />
      <TestMethod codeBase="D:\actions-runner\_work\XPCO\XPCO\IdentityServer\VideoOS.IdentityServer.UnitTests\bin\Debug\net6.0\win-x64\VideoOS.IdentityServer.UnitTests.dll" adapterTypeName="executor://xunit/VsTestRunner2/netcoreapp" className="VideoOS.IdentityServer.UnitTests.Pages.External.CallbackTests" name="OnGetAsync_UserLockedOut_Error" />
    </UnitTest>
    <UnitTest name="VideoOS.IdentityServer.UnitTests.Services.UserProvisionerTests.CreateOrUpdateUser_ErrorAutoProvisioningUser_Throws" storage="d:\actions-runner\_work\xpco\xpco\identityserver\videoos.identityserver.unittests\bin\debug\net6.0\win-x64\videoos.identityserver.unittests.dll" id="d317f81f-bce9-b89e-fa54-8643b71e0922">
      <Execution id="c3b07d7c-0f7e-43ed-8512-f62ed11be501" />
      <TestMethod codeBase="D:\actions-runner\_work\XPCO\XPCO\IdentityServer\VideoOS.IdentityServer.UnitTests\bin\Debug\net6.0\win-x64\VideoOS.IdentityServer.UnitTests.dll" adapterTypeName="executor://xunit/VsTestRunner2/netcoreapp" className="VideoOS.IdentityServer.UnitTests.Services.UserProvisionerTests" name="CreateOrUpdateUser_ErrorAutoProvisioningUser_Throws" />
    </UnitTest>
    <UnitTest name="VideoOS.IdentityServer.UnitTests.Pages.Account.LoginViewModelTests.ExternalProviders_OneExternalProvider_IsExternalLoginOnly" storage="d:\actions-runner\_work\xpco\xpco\identityserver\videoos.identityserver.unittests\bin\debug\net6.0\win-x64\videoos.identityserver.unittests.dll" id="054a59ea-182f-5736-1129-9e52b20b70d3">
      <Execution id="ef8f2467-11cd-4109-a6ff-966a4fced8b1" />
      <TestMethod codeBase="D:\actions-runner\_work\XPCO\XPCO\IdentityServer\VideoOS.IdentityServer.UnitTests\bin\Debug\net6.0\win-x64\VideoOS.IdentityServer.UnitTests.dll" adapterTypeName="executor://xunit/VsTestRunner2/netcoreapp" className="VideoOS.IdentityServer.UnitTests.Pages.Account.LoginViewModelTests" name="ExternalProviders_OneExternalProvider_IsExternalLoginOnly" />
    </UnitTest>
    <UnitTest name="VideoOS.IdentityServer.UnitTests.GrantValidators.ResourceOwnerPasswordValidatorTests.ValidateAsync_UserNeedsToChangePassword_ChangePassword" storage="d:\actions-runner\_work\xpco\xpco\identityserver\videoos.identityserver.unittests\bin\debug\net6.0\win-x64\videoos.identityserver.unittests.dll" id="d0f32a3a-7617-9ed0-ef0e-dd198d75d8fc">
      <Execution id="b68f7784-f83e-4603-a19a-7ed8368b6a55" />
      <TestMethod codeBase="D:\actions-runner\_work\XPCO\XPCO\IdentityServer\VideoOS.IdentityServer.UnitTests\bin\Debug\net6.0\win-x64\VideoOS.IdentityServer.UnitTests.dll" adapterTypeName="executor://xunit/VsTestRunner2/netcoreapp" className="VideoOS.IdentityServer.UnitTests.GrantValidators.ResourceOwnerPasswordValidatorTests" name="ValidateAsync_UserNeedsToChangePassword_ChangePassword" />
    </UnitTest>
    <UnitTest name="VideoOS.IdentityServer.UnitTests.Attributes.NonEmptyListTests.NonEmptyList_ListIsNull_ReturnFalse" storage="d:\actions-runner\_work\xpco\xpco\identityserver\videoos.identityserver.unittests\bin\debug\net6.0\win-x64\videoos.identityserver.unittests.dll" id="1289cca3-a43e-b970-cb00-89521f8436c8">
      <Execution id="495e47d1-c701-4443-8706-9bd66f488d4e" />
      <TestMethod codeBase="D:\actions-runner\_work\XPCO\XPCO\IdentityServer\VideoOS.IdentityServer.UnitTests\bin\Debug\net6.0\win-x64\VideoOS.IdentityServer.UnitTests.dll" adapterTypeName="executor://xunit/VsTestRunner2/netcoreapp" className="VideoOS.IdentityServer.UnitTests.Attributes.NonEmptyListTests" name="NonEmptyList_ListIsNull_ReturnFalse" />
    </UnitTest>
    <UnitTest name="VideoOS.IdentityServer.UnitTests.Services.WellKnownConfigurationRetriever.WellKnownConfigurationRetrieverTests.GetWellKnownConfiguration_WithExternalProviderUri_ReturnsValidResult" storage="d:\actions-runner\_work\xpco\xpco\identityserver\videoos.identityserver.unittests\bin\debug\net6.0\win-x64\videoos.identityserver.unittests.dll" id="d5541448-b537-d06e-8c14-f0a217384950">
      <Execution id="c383a869-ea1f-4d78-be55-b4bb7bfad802" />
      <TestMethod codeBase="D:\actions-runner\_work\XPCO\XPCO\IdentityServer\VideoOS.IdentityServer.UnitTests\bin\Debug\net6.0\win-x64\VideoOS.IdentityServer.UnitTests.dll" adapterTypeName="executor://xunit/VsTestRunner2/netcoreapp" className="VideoOS.IdentityServer.UnitTests.Services.WellKnownConfigurationRetriever.WellKnownConfigurationRetrieverTests" name="GetWellKnownConfiguration_WithExternalProviderUri_ReturnsValidResult" />
    </UnitTest>
    <UnitTest name="VideoOS.IdentityServer.UnitTests.Repositories.VmsUserManagerTests.GetLogins_UsingNoFilters_AllLoginsReturned" storage="d:\actions-runner\_work\xpco\xpco\identityserver\videoos.identityserver.unittests\bin\debug\net6.0\win-x64\videoos.identityserver.unittests.dll" id="ada794ff-b8f3-39d4-c1d3-ac159ff90320">
      <Execution id="44858cdd-d2a1-4244-a5b3-df2e9db7a4cc" />
      <TestMethod codeBase="D:\actions-runner\_work\XPCO\XPCO\IdentityServer\VideoOS.IdentityServer.UnitTests\bin\Debug\net6.0\win-x64\VideoOS.IdentityServer.UnitTests.dll" adapterTypeName="executor://xunit/VsTestRunner2/netcoreapp" className="VideoOS.IdentityServer.UnitTests.Repositories.VmsUserManagerTests" name="GetLogins_UsingNoFilters_AllLoginsReturned" />
    </UnitTest>
    <UnitTest name="VideoOS.IdentityServer.UnitTests.Attributes.HttpOrHttpsAttributeTests.IsValid_ForNonHttpOrHttpsUri_ReturnsError(url: &quot;ftp://www.example.com&quot;)" storage="d:\actions-runner\_work\xpco\xpco\identityserver\videoos.identityserver.unittests\bin\debug\net6.0\win-x64\videoos.identityserver.unittests.dll" id="ed61d1f5-ecc7-8188-17ce-af4246429e4f">
      <Execution id="b1f23a07-f55c-4de4-8d4d-fe216f0389a9" />
      <TestMethod codeBase="D:\actions-runner\_work\XPCO\XPCO\IdentityServer\VideoOS.IdentityServer.UnitTests\bin\Debug\net6.0\win-x64\VideoOS.IdentityServer.UnitTests.dll" adapterTypeName="executor://xunit/VsTestRunner2/netcoreapp" className="VideoOS.IdentityServer.UnitTests.Attributes.HttpOrHttpsAttributeTests" name="IsValid_ForNonHttpOrHttpsUri_ReturnsError" />
    </UnitTest>
    <UnitTest name="VideoOS.IdentityServer.UnitTests.Helper.ExpressionBuilderTests.FromString_DifferentQueriesWithAllowedSearchNames_ReturnsExpectedCount(query: &quot;name eq a&quot;, expectedCount: 2, allowedSearchNames: [&quot;Name&quot;])" storage="d:\actions-runner\_work\xpco\xpco\identityserver\videoos.identityserver.unittests\bin\debug\net6.0\win-x64\videoos.identityserver.unittests.dll" id="f3406bcb-028f-939e-eacc-5f1134271147">
      <Execution id="d4157f18-f04e-4833-ae95-658077e436c8" />
      <TestMethod codeBase="D:\actions-runner\_work\XPCO\XPCO\IdentityServer\VideoOS.IdentityServer.UnitTests\bin\Debug\net6.0\win-x64\VideoOS.IdentityServer.UnitTests.dll" adapterTypeName="executor://xunit/VsTestRunner2/netcoreapp" className="VideoOS.IdentityServer.UnitTests.Helper.ExpressionBuilderTests" name="FromString_DifferentQueriesWithAllowedSearchNames_ReturnsExpectedCount" />
    </UnitTest>
    <UnitTest name="VideoOS.IdentityServer.UnitTests.Repositories.ConfigurationRepositoryTest.GetAllValidScopesAsync_ScopesExists_ScopesAreReturned" storage="d:\actions-runner\_work\xpco\xpco\identityserver\videoos.identityserver.unittests\bin\debug\net6.0\win-x64\videoos.identityserver.unittests.dll" id="15835881-44f2-8459-7a5b-9f6f9e507bac">
      <Execution id="11348795-77ae-47e5-b6ac-3a0ded2bf100" />
      <TestMethod codeBase="D:\actions-runner\_work\XPCO\XPCO\IdentityServer\VideoOS.IdentityServer.UnitTests\bin\Debug\net6.0\win-x64\VideoOS.IdentityServer.UnitTests.dll" adapterTypeName="executor://xunit/VsTestRunner2/netcoreapp" className="VideoOS.IdentityServer.UnitTests.Repositories.ConfigurationRepositoryTest" name="GetAllValidScopesAsync_ScopesExists_ScopesAreReturned" />
    </UnitTest>
    <UnitTest name="VideoOS.IdentityServer.UnitTests.Controllers.ClientsControllerTests.RegisterClient_DuplicateGranttype_BusinessViolationExceptionIsThrown" storage="d:\actions-runner\_work\xpco\xpco\identityserver\videoos.identityserver.unittests\bin\debug\net6.0\win-x64\videoos.identityserver.unittests.dll" id="293f329e-27b6-4f11-0ed8-c60eb66e54e3">
      <Execution id="49289902-734a-4944-bb4b-65355643e246" />
      <TestMethod codeBase="D:\actions-runner\_work\XPCO\XPCO\IdentityServer\VideoOS.IdentityServer.UnitTests\bin\Debug\net6.0\win-x64\VideoOS.IdentityServer.UnitTests.dll" adapterTypeName="executor://xunit/VsTestRunner2/netcoreapp" className="VideoOS.IdentityServer.UnitTests.Controllers.ClientsControllerTests" name="RegisterClient_DuplicateGranttype_BusinessViolationExceptionIsThrown" />
    </UnitTest>
    <UnitTest name="VideoOS.IdentityServer.UnitTests.Pages.LoginTests.OnGetAsync_AuthSchemeNotFound_ErrorPage" storage="d:\actions-runner\_work\xpco\xpco\identityserver\videoos.identityserver.unittests\bin\debug\net6.0\win-x64\videoos.identityserver.unittests.dll" id="ed05ce08-564e-9f53-e870-0bd02308d7fd">
      <Execution id="500d0e76-6864-4ea6-beeb-e150ede1c4a5" />
      <TestMethod codeBase="D:\actions-runner\_work\XPCO\XPCO\IdentityServer\VideoOS.IdentityServer.UnitTests\bin\Debug\net6.0\win-x64\VideoOS.IdentityServer.UnitTests.dll" adapterTypeName="executor://xunit/VsTestRunner2/netcoreapp" className="VideoOS.IdentityServer.UnitTests.Pages.LoginTests" name="OnGetAsync_AuthSchemeNotFound_ErrorPage" />
    </UnitTest>
    <UnitTest name="VideoOS.IdentityServer.UnitTests.Helper.ExpressionBuilderTests.FromString_DifferentQueriesWithDisallowedSearchNames_ThrowsInvalidOperationException(query: &quot;number gt 4&quot;, allowedSearchNames: [&quot;Name&quot;])" storage="d:\actions-runner\_work\xpco\xpco\identityserver\videoos.identityserver.unittests\bin\debug\net6.0\win-x64\videoos.identityserver.unittests.dll" id="d798ebf8-5eb5-d224-24ef-355e17a6ee53">
      <Execution id="c0e2d19d-2c62-4eea-bd21-5d0121579a98" />
      <TestMethod codeBase="D:\actions-runner\_work\XPCO\XPCO\IdentityServer\VideoOS.IdentityServer.UnitTests\bin\Debug\net6.0\win-x64\VideoOS.IdentityServer.UnitTests.dll" adapterTypeName="executor://xunit/VsTestRunner2/netcoreapp" className="VideoOS.IdentityServer.UnitTests.Helper.ExpressionBuilderTests" name="FromString_DifferentQueriesWithDisallowedSearchNames_ThrowsInvalidOperationException" />
    </UnitTest>
    <UnitTest name="VideoOS.IdentityServer.UnitTests.Helper.ExpressionBuilderTests.FromString_DifferentQueriesWithAllowedSearchNames_ReturnsExpectedCount(query: &quot;number lt 4&quot;, expectedCount: 3, allowedSearchNames: [&quot;Number&quot;])" storage="d:\actions-runner\_work\xpco\xpco\identityserver\videoos.identityserver.unittests\bin\debug\net6.0\win-x64\videoos.identityserver.unittests.dll" id="33d30ad4-3561-4a28-4f49-bcdce7341bfd">
      <Execution id="81ce9955-09ef-4c7e-8d1a-5c6a3d7eaef2" />
      <TestMethod codeBase="D:\actions-runner\_work\XPCO\XPCO\IdentityServer\VideoOS.IdentityServer.UnitTests\bin\Debug\net6.0\win-x64\VideoOS.IdentityServer.UnitTests.dll" adapterTypeName="executor://xunit/VsTestRunner2/netcoreapp" className="VideoOS.IdentityServer.UnitTests.Helper.ExpressionBuilderTests" name="FromString_DifferentQueriesWithAllowedSearchNames_ReturnsExpectedCount" />
    </UnitTest>
    <UnitTest name="VideoOS.IdentityServer.UnitTests.Helper.FilterModelBinderTests.BindModelAsync_ContextIsNull_ThrowsArgumentNullException" storage="d:\actions-runner\_work\xpco\xpco\identityserver\videoos.identityserver.unittests\bin\debug\net6.0\win-x64\videoos.identityserver.unittests.dll" id="622f516f-ccbb-6e8c-01d1-b3762c647c4e">
      <Execution id="6e47f0df-dcf2-4163-a8d3-39e4ac04dddd" />
      <TestMethod codeBase="D:\actions-runner\_work\XPCO\XPCO\IdentityServer\VideoOS.IdentityServer.UnitTests\bin\Debug\net6.0\win-x64\VideoOS.IdentityServer.UnitTests.dll" adapterTypeName="executor://xunit/VsTestRunner2/netcoreapp" className="VideoOS.IdentityServer.UnitTests.Helper.FilterModelBinderTests" name="BindModelAsync_ContextIsNull_ThrowsArgumentNullException" />
    </UnitTest>
    <UnitTest name="VideoOS.IdentityServer.UnitTests.Controllers.TrustedIssuersControllerTests.Post_TrustedIssuer_TrustedIssuersAdded" storage="d:\actions-runner\_work\xpco\xpco\identityserver\videoos.identityserver.unittests\bin\debug\net6.0\win-x64\videoos.identityserver.unittests.dll" id="43adfb70-1852-8758-f791-ff3f745050ab">
      <Execution id="c87ca8fa-c62a-403c-b723-fc17c4f69108" />
      <TestMethod codeBase="D:\actions-runner\_work\XPCO\XPCO\IdentityServer\VideoOS.IdentityServer.UnitTests\bin\Debug\net6.0\win-x64\VideoOS.IdentityServer.UnitTests.dll" adapterTypeName="executor://xunit/VsTestRunner2/netcoreapp" className="VideoOS.IdentityServer.UnitTests.Controllers.TrustedIssuersControllerTests" name="Post_TrustedIssuer_TrustedIssuersAdded" />
    </UnitTest>
    <UnitTest name="VideoOS.IdentityServer.UnitTests.Model.ErrorResponseTests.ErrorResponse_ApiErrorCodeIsNull_KeyIsStringEmpty" storage="d:\actions-runner\_work\xpco\xpco\identityserver\videoos.identityserver.unittests\bin\debug\net6.0\win-x64\videoos.identityserver.unittests.dll" id="f92c6b6d-e73e-777e-805f-32a982387f8e">
      <Execution id="aec0ba5d-ebba-48c3-9183-2181f1d87c02" />
      <TestMethod codeBase="D:\actions-runner\_work\XPCO\XPCO\IdentityServer\VideoOS.IdentityServer.UnitTests\bin\Debug\net6.0\win-x64\VideoOS.IdentityServer.UnitTests.dll" adapterTypeName="executor://xunit/VsTestRunner2/netcoreapp" className="VideoOS.IdentityServer.UnitTests.Model.ErrorResponseTests" name="ErrorResponse_ApiErrorCodeIsNull_KeyIsStringEmpty" />
    </UnitTest>
    <UnitTest name="VideoOS.IdentityServer.UnitTests.Attributes.DisallowCharacterAttributeTests.IsValid_ContainsOnlyAllowedCharacters_ReturnsTrue(value: &quot;bob&quot;)" storage="d:\actions-runner\_work\xpco\xpco\identityserver\videoos.identityserver.unittests\bin\debug\net6.0\win-x64\videoos.identityserver.unittests.dll" id="36459205-3fff-99ea-a8bb-b5596965c4e0">
      <Execution id="41869d58-b697-448a-90e4-2ba0feedd856" />
      <TestMethod codeBase="D:\actions-runner\_work\XPCO\XPCO\IdentityServer\VideoOS.IdentityServer.UnitTests\bin\Debug\net6.0\win-x64\VideoOS.IdentityServer.UnitTests.dll" adapterTypeName="executor://xunit/VsTestRunner2/netcoreapp" className="VideoOS.IdentityServer.UnitTests.Attributes.DisallowCharacterAttributeTests" name="IsValid_ContainsOnlyAllowedCharacters_ReturnsTrue" />
    </UnitTest>
    <UnitTest name="VideoOS.IdentityServer.UnitTests.Helper.RsaKeyGeneratorTests.GenerateRsaSecurityKey_ValidKeySize_NewRsaSecurityKeyIsReturned(keySize: 384)" storage="d:\actions-runner\_work\xpco\xpco\identityserver\videoos.identityserver.unittests\bin\debug\net6.0\win-x64\videoos.identityserver.unittests.dll" id="b26e4236-793d-10b2-39ca-a954bf509a01">
      <Execution id="f2b38ac6-4116-4e10-ad9c-ec48ca526971" />
      <TestMethod codeBase="D:\actions-runner\_work\XPCO\XPCO\IdentityServer\VideoOS.IdentityServer.UnitTests\bin\Debug\net6.0\win-x64\VideoOS.IdentityServer.UnitTests.dll" adapterTypeName="executor://xunit/VsTestRunner2/netcoreapp" className="VideoOS.IdentityServer.UnitTests.Helper.RsaKeyGeneratorTests" name="GenerateRsaSecurityKey_ValidKeySize_NewRsaSecurityKeyIsReturned" />
    </UnitTest>
    <UnitTest name="VideoOS.IdentityServer.UnitTests.Controllers.TrustedIssuersControllerTests.Put_IssuerAlreadyExists_DuplicateTrustedIssuersError" storage="d:\actions-runner\_work\xpco\xpco\identityserver\videoos.identityserver.unittests\bin\debug\net6.0\win-x64\videoos.identityserver.unittests.dll" id="b38a5a04-b6dd-2a0a-6408-c160def365f0">
      <Execution id="d7b57484-9d4c-4d58-99f0-4251a070c626" />
      <TestMethod codeBase="D:\actions-runner\_work\XPCO\XPCO\IdentityServer\VideoOS.IdentityServer.UnitTests\bin\Debug\net6.0\win-x64\VideoOS.IdentityServer.UnitTests.dll" adapterTypeName="executor://xunit/VsTestRunner2/netcoreapp" className="VideoOS.IdentityServer.UnitTests.Controllers.TrustedIssuersControllerTests" name="Put_IssuerAlreadyExists_DuplicateTrustedIssuersError" />
    </UnitTest>
    <UnitTest name="VideoOS.IdentityServer.UnitTests.Middleware.ApiDisableStatusCodeFeatureMiddlewareTests.InvokeAsync_RequestApi_StatusCodePagesFeatureEnabled" storage="d:\actions-runner\_work\xpco\xpco\identityserver\videoos.identityserver.unittests\bin\debug\net6.0\win-x64\videoos.identityserver.unittests.dll" id="8a308586-3301-ed69-850b-aa82f3858b75">
      <Execution id="e3c385a3-111d-43a0-97eb-371b300b310b" />
      <TestMethod codeBase="D:\actions-runner\_work\XPCO\XPCO\IdentityServer\VideoOS.IdentityServer.UnitTests\bin\Debug\net6.0\win-x64\VideoOS.IdentityServer.UnitTests.dll" adapterTypeName="executor://xunit/VsTestRunner2/netcoreapp" className="VideoOS.IdentityServer.UnitTests.Middleware.ApiDisableStatusCodeFeatureMiddlewareTests" name="InvokeAsync_RequestApi_StatusCodePagesFeatureEnabled" />
    </UnitTest>
    <UnitTest name="VideoOS.IdentityServer.UnitTests.Attributes.SIDAttributeTests.IsValid_IsCorrectSidFormat_ReturnsTrue(value: &quot;S-1-1-0&quot;)" storage="d:\actions-runner\_work\xpco\xpco\identityserver\videoos.identityserver.unittests\bin\debug\net6.0\win-x64\videoos.identityserver.unittests.dll" id="c0f52448-2499-65d8-37b3-2be993414d1d">
      <Execution id="e51a9159-4d87-482b-9700-72ded478f2f3" />
      <TestMethod codeBase="D:\actions-runner\_work\XPCO\XPCO\IdentityServer\VideoOS.IdentityServer.UnitTests\bin\Debug\net6.0\win-x64\VideoOS.IdentityServer.UnitTests.dll" adapterTypeName="executor://xunit/VsTestRunner2/netcoreapp" className="VideoOS.IdentityServer.UnitTests.Attributes.SIDAttributeTests" name="IsValid_IsCorrectSidFormat_ReturnsTrue" />
    </UnitTest>
    <UnitTest name="VideoOS.IdentityServer.UnitTests.Controllers.UsersControllerTests.Patch_UserNotFound_ReturnNotFoundResult" storage="d:\actions-runner\_work\xpco\xpco\identityserver\videoos.identityserver.unittests\bin\debug\net6.0\win-x64\videoos.identityserver.unittests.dll" id="9dc45e64-4511-e60b-b229-5c6fc36d1771">
      <Execution id="9d150284-07a9-4bdd-b2f1-b62572d0577d" />
      <TestMethod codeBase="D:\actions-runner\_work\XPCO\XPCO\IdentityServer\VideoOS.IdentityServer.UnitTests\bin\Debug\net6.0\win-x64\VideoOS.IdentityServer.UnitTests.dll" adapterTypeName="executor://xunit/VsTestRunner2/netcoreapp" className="VideoOS.IdentityServer.UnitTests.Controllers.UsersControllerTests" name="Patch_UserNotFound_ReturnNotFoundResult" />
    </UnitTest>
    <UnitTest name="VideoOS.IdentityServer.UnitTests.Repositories.VmsUserManagerTests.FindByIdAsync_UserNotFound_Null" storage="d:\actions-runner\_work\xpco\xpco\identityserver\videoos.identityserver.unittests\bin\debug\net6.0\win-x64\videoos.identityserver.unittests.dll" id="12137ac2-48bd-a902-d16c-541fa106b158">
      <Execution id="34c66316-34f1-49ca-9fb7-5840a0fd6b1c" />
      <TestMethod codeBase="D:\actions-runner\_work\XPCO\XPCO\IdentityServer\VideoOS.IdentityServer.UnitTests\bin\Debug\net6.0\win-x64\VideoOS.IdentityServer.UnitTests.dll" adapterTypeName="executor://xunit/VsTestRunner2/netcoreapp" className="VideoOS.IdentityServer.UnitTests.Repositories.VmsUserManagerTests" name="FindByIdAsync_UserNotFound_Null" />
    </UnitTest>
    <UnitTest name="VideoOS.IdentityServer.UnitTests.Helper.ExpressionBuilderTests.FromString_DifferentQueriesWithAllowedSearchNames_ReturnsExpectedCount(query: &quot;number eq 4&quot;, expectedCount: 1, allowedSearchNames: [&quot;Number&quot;])" storage="d:\actions-runner\_work\xpco\xpco\identityserver\videoos.identityserver.unittests\bin\debug\net6.0\win-x64\videoos.identityserver.unittests.dll" id="ce371133-7439-cc22-575e-2f8e96becb2d">
      <Execution id="8e31991f-c7d7-46ec-abb4-db88e8fb0a2e" />
      <TestMethod codeBase="D:\actions-runner\_work\XPCO\XPCO\IdentityServer\VideoOS.IdentityServer.UnitTests\bin\Debug\net6.0\win-x64\VideoOS.IdentityServer.UnitTests.dll" adapterTypeName="executor://xunit/VsTestRunner2/netcoreapp" className="VideoOS.IdentityServer.UnitTests.Helper.ExpressionBuilderTests" name="FromString_DifferentQueriesWithAllowedSearchNames_ReturnsExpectedCount" />
    </UnitTest>
    <UnitTest name="VideoOS.IdentityServer.UnitTests.Helper.ArrayModelBinderTests.BindModelAsync_NoInputValue_Success" storage="d:\actions-runner\_work\xpco\xpco\identityserver\videoos.identityserver.unittests\bin\debug\net6.0\win-x64\videoos.identityserver.unittests.dll" id="28b7f218-7471-42e4-aaa6-832342c6ecca">
      <Execution id="8aeb733c-6dc8-4bd5-a1f7-8f68dad19ba9" />
      <TestMethod codeBase="D:\actions-runner\_work\XPCO\XPCO\IdentityServer\VideoOS.IdentityServer.UnitTests\bin\Debug\net6.0\win-x64\VideoOS.IdentityServer.UnitTests.dll" adapterTypeName="executor://xunit/VsTestRunner2/netcoreapp" className="VideoOS.IdentityServer.UnitTests.Helper.ArrayModelBinderTests" name="BindModelAsync_NoInputValue_Success" />
    </UnitTest>
    <UnitTest name="VideoOS.IdentityServer.UnitTests.Repositories.VmsUserManagerTests.FindByIdAsync_UserFound_User" storage="d:\actions-runner\_work\xpco\xpco\identityserver\videoos.identityserver.unittests\bin\debug\net6.0\win-x64\videoos.identityserver.unittests.dll" id="cb5ec61f-e221-b5b8-b0a1-1fc232a63b0f">
      <Execution id="1aaa63cb-1ae3-40e2-bb55-907bd8df4659" />
      <TestMethod codeBase="D:\actions-runner\_work\XPCO\XPCO\IdentityServer\VideoOS.IdentityServer.UnitTests\bin\Debug\net6.0\win-x64\VideoOS.IdentityServer.UnitTests.dll" adapterTypeName="executor://xunit/VsTestRunner2/netcoreapp" className="VideoOS.IdentityServer.UnitTests.Repositories.VmsUserManagerTests" name="FindByIdAsync_UserFound_User" />
    </UnitTest>
    <UnitTest name="VideoOS.IdentityServer.UnitTests.Pages.External.CallbackTests.OnGetAsync_UserNotAuthenticated_Throws" storage="d:\actions-runner\_work\xpco\xpco\identityserver\videoos.identityserver.unittests\bin\debug\net6.0\win-x64\videoos.identityserver.unittests.dll" id="3d1bcbae-e51f-a190-3e37-f7e57c802225">
      <Execution id="4319a54b-11e9-4a0a-982c-248c3e946565" />
      <TestMethod codeBase="D:\actions-runner\_work\XPCO\XPCO\IdentityServer\VideoOS.IdentityServer.UnitTests\bin\Debug\net6.0\win-x64\VideoOS.IdentityServer.UnitTests.dll" adapterTypeName="executor://xunit/VsTestRunner2/netcoreapp" className="VideoOS.IdentityServer.UnitTests.Pages.External.CallbackTests" name="OnGetAsync_UserNotAuthenticated_Throws" />
    </UnitTest>
    <UnitTest name="VideoOS.IdentityServer.UnitTests.Attributes.DisallowCharacterAttributeTests.IsValid_ContainsDisallowedCharacters_ReturnsFalse(value: &quot;#alice#&quot;)" storage="d:\actions-runner\_work\xpco\xpco\identityserver\videoos.identityserver.unittests\bin\debug\net6.0\win-x64\videoos.identityserver.unittests.dll" id="901a6d56-fae7-98f6-ab1b-7cb37539a449">
      <Execution id="37bd6945-ccd2-4db7-9d21-2dad13f7a521" />
      <TestMethod codeBase="D:\actions-runner\_work\XPCO\XPCO\IdentityServer\VideoOS.IdentityServer.UnitTests\bin\Debug\net6.0\win-x64\VideoOS.IdentityServer.UnitTests.dll" adapterTypeName="executor://xunit/VsTestRunner2/netcoreapp" className="VideoOS.IdentityServer.UnitTests.Attributes.DisallowCharacterAttributeTests" name="IsValid_ContainsDisallowedCharacters_ReturnsFalse" />
    </UnitTest>
    <UnitTest name="VideoOS.IdentityServer.UnitTests.Helper.ExpressionBuilderTests.FromString_DifferentQueriesWithAllowedSearchNames_ReturnsExpectedCount(query: &quot;name ne a&quot;, expectedCount: 3, allowedSearchNames: [&quot;Name&quot;])" storage="d:\actions-runner\_work\xpco\xpco\identityserver\videoos.identityserver.unittests\bin\debug\net6.0\win-x64\videoos.identityserver.unittests.dll" id="0527f1d7-19e5-cacc-4c2f-9cf02e02d316">
      <Execution id="c4676e1d-771c-496a-87c6-d5c916896fa0" />
      <TestMethod codeBase="D:\actions-runner\_work\XPCO\XPCO\IdentityServer\VideoOS.IdentityServer.UnitTests\bin\Debug\net6.0\win-x64\VideoOS.IdentityServer.UnitTests.dll" adapterTypeName="executor://xunit/VsTestRunner2/netcoreapp" className="VideoOS.IdentityServer.UnitTests.Helper.ExpressionBuilderTests" name="FromString_DifferentQueriesWithAllowedSearchNames_ReturnsExpectedCount" />
    </UnitTest>
    <UnitTest name="VideoOS.IdentityServer.UnitTests.Services.DeleteEventLogHostedServiceTest.StopAsync_Called_TimerStopped" storage="d:\actions-runner\_work\xpco\xpco\identityserver\videoos.identityserver.unittests\bin\debug\net6.0\win-x64\videoos.identityserver.unittests.dll" id="3fd21a6e-edee-a13a-0c5f-a3ec8d98d388">
      <Execution id="a142292a-cd40-4960-92c7-cd7cd7bf18aa" />
      <TestMethod codeBase="D:\actions-runner\_work\XPCO\XPCO\IdentityServer\VideoOS.IdentityServer.UnitTests\bin\Debug\net6.0\win-x64\VideoOS.IdentityServer.UnitTests.dll" adapterTypeName="executor://xunit/VsTestRunner2/netcoreapp" className="VideoOS.IdentityServer.UnitTests.Services.DeleteEventLogHostedServiceTest" name="StopAsync_Called_TimerStopped" />
    </UnitTest>
    <UnitTest name="VideoOS.IdentityServer.UnitTests.Repositories.VmsUserManagerTests.FindByNameAsync_UserNotFound_Null" storage="d:\actions-runner\_work\xpco\xpco\identityserver\videoos.identityserver.unittests\bin\debug\net6.0\win-x64\videoos.identityserver.unittests.dll" id="b6ef847f-9b72-0da6-abe0-39563d4a303a">
      <Execution id="0ce6af22-a20c-4923-9107-65407dccd405" />
      <TestMethod codeBase="D:\actions-runner\_work\XPCO\XPCO\IdentityServer\VideoOS.IdentityServer.UnitTests\bin\Debug\net6.0\win-x64\VideoOS.IdentityServer.UnitTests.dll" adapterTypeName="executor://xunit/VsTestRunner2/netcoreapp" className="VideoOS.IdentityServer.UnitTests.Repositories.VmsUserManagerTests" name="FindByNameAsync_UserNotFound_Null" />
    </UnitTest>
    <UnitTest name="VideoOS.IdentityServer.UnitTests.Controllers.LoginsControllerTests.GetLogins_LoginIsNotFound_OkResultWithNoLoginReturned" storage="d:\actions-runner\_work\xpco\xpco\identityserver\videoos.identityserver.unittests\bin\debug\net6.0\win-x64\videoos.identityserver.unittests.dll" id="d9266e78-bee1-2a29-f233-9658bb6cbdf0">
      <Execution id="3e98f11b-7e46-4920-a7ea-cb12cf8d3af0" />
      <TestMethod codeBase="D:\actions-runner\_work\XPCO\XPCO\IdentityServer\VideoOS.IdentityServer.UnitTests\bin\Debug\net6.0\win-x64\VideoOS.IdentityServer.UnitTests.dll" adapterTypeName="executor://xunit/VsTestRunner2/netcoreapp" className="VideoOS.IdentityServer.UnitTests.Controllers.LoginsControllerTests" name="GetLogins_LoginIsNotFound_OkResultWithNoLoginReturned" />
    </UnitTest>
    <UnitTest name="VideoOS.IdentityServer.UnitTests.Helper.ExpressionBuilderTests.FromString_DifferentQueriesWithAllowedSearchNames_ReturnsExpectedCount(query: &quot;time eq 2000-1-1&quot;, expectedCount: 1, allowedSearchNames: [&quot;Time&quot;, &quot;Name&quot;])" storage="d:\actions-runner\_work\xpco\xpco\identityserver\videoos.identityserver.unittests\bin\debug\net6.0\win-x64\videoos.identityserver.unittests.dll" id="02f245e3-c0c3-9cda-b0f9-6e617d61377c">
      <Execution id="f7c5a230-f1e4-4093-b4aa-922eb60c5330" />
      <TestMethod codeBase="D:\actions-runner\_work\XPCO\XPCO\IdentityServer\VideoOS.IdentityServer.UnitTests\bin\Debug\net6.0\win-x64\VideoOS.IdentityServer.UnitTests.dll" adapterTypeName="executor://xunit/VsTestRunner2/netcoreapp" className="VideoOS.IdentityServer.UnitTests.Helper.ExpressionBuilderTests" name="FromString_DifferentQueriesWithAllowedSearchNames_ReturnsExpectedCount" />
    </UnitTest>
    <UnitTest name="VideoOS.IdentityServer.UnitTests.Services.ProfileServiceTests.GetProfileDataAsync_WindowsIntegratedAuthentication_RequestedClaimsAdded" storage="d:\actions-runner\_work\xpco\xpco\identityserver\videoos.identityserver.unittests\bin\debug\net6.0\win-x64\videoos.identityserver.unittests.dll" id="4c4d8ff2-30d2-4a6d-00b2-cb966c21c095">
      <Execution id="49d1f370-a49c-4e16-bead-72cae098cd28" />
      <TestMethod codeBase="D:\actions-runner\_work\XPCO\XPCO\IdentityServer\VideoOS.IdentityServer.UnitTests\bin\Debug\net6.0\win-x64\VideoOS.IdentityServer.UnitTests.dll" adapterTypeName="executor://xunit/VsTestRunner2/netcoreapp" className="VideoOS.IdentityServer.UnitTests.Services.ProfileServiceTests" name="GetProfileDataAsync_WindowsIntegratedAuthentication_RequestedClaimsAdded" />
    </UnitTest>
    <UnitTest name="VideoOS.IdentityServer.UnitTests.Helper.ExpressionBuilderTests.FromString_DifferentQueriesWithDisallowedSearchNames_ThrowsInvalidOperationException(query: &quot;name eq a&quot;, allowedSearchNames: [&quot;Time&quot;])" storage="d:\actions-runner\_work\xpco\xpco\identityserver\videoos.identityserver.unittests\bin\debug\net6.0\win-x64\videoos.identityserver.unittests.dll" id="f2ce5a84-ec77-f411-f0d1-52ef065f2825">
      <Execution id="5959ad4d-97d5-4ec8-b77b-071b8c58d30b" />
      <TestMethod codeBase="D:\actions-runner\_work\XPCO\XPCO\IdentityServer\VideoOS.IdentityServer.UnitTests\bin\Debug\net6.0\win-x64\VideoOS.IdentityServer.UnitTests.dll" adapterTypeName="executor://xunit/VsTestRunner2/netcoreapp" className="VideoOS.IdentityServer.UnitTests.Helper.ExpressionBuilderTests" name="FromString_DifferentQueriesWithDisallowedSearchNames_ThrowsInvalidOperationException" />
    </UnitTest>
    <UnitTest name="VideoOS.IdentityServer.UnitTests.Filters.CheckModelForNullAttributeTests.OnActionExecuting_ActionArgumentsHasNullValue_BadRequestResultIsSet" storage="d:\actions-runner\_work\xpco\xpco\identityserver\videoos.identityserver.unittests\bin\debug\net6.0\win-x64\videoos.identityserver.unittests.dll" id="82a9957a-9f0d-e17c-0934-62601657a2fc">
      <Execution id="157a16f5-ae6d-4be0-9410-588745371928" />
      <TestMethod codeBase="D:\actions-runner\_work\XPCO\XPCO\IdentityServer\VideoOS.IdentityServer.UnitTests\bin\Debug\net6.0\win-x64\VideoOS.IdentityServer.UnitTests.dll" adapterTypeName="executor://xunit/VsTestRunner2/netcoreapp" className="VideoOS.IdentityServer.UnitTests.Filters.CheckModelForNullAttributeTests" name="OnActionExecuting_ActionArgumentsHasNullValue_BadRequestResultIsSet" />
    </UnitTest>
    <UnitTest name="VideoOS.IdentityServer.UnitTests.Controllers.ClientsControllerTests.RegisterClient_RedirectUrisMissingWithAuthorizationCodeGrant_BusinessViolationExceptionIsThrown" storage="d:\actions-runner\_work\xpco\xpco\identityserver\videoos.identityserver.unittests\bin\debug\net6.0\win-x64\videoos.identityserver.unittests.dll" id="3714d8f5-188d-b81f-4d47-9936a4191a8f">
      <Execution id="01e978fd-b3cd-421a-97dd-c366dd50d9b6" />
      <TestMethod codeBase="D:\actions-runner\_work\XPCO\XPCO\IdentityServer\VideoOS.IdentityServer.UnitTests\bin\Debug\net6.0\win-x64\VideoOS.IdentityServer.UnitTests.dll" adapterTypeName="executor://xunit/VsTestRunner2/netcoreapp" className="VideoOS.IdentityServer.UnitTests.Controllers.ClientsControllerTests" name="RegisterClient_RedirectUrisMissingWithAuthorizationCodeGrant_BusinessViolationExceptionIsThrown" />
    </UnitTest>
    <UnitTest name="VideoOS.IdentityServer.UnitTests.Controllers.UserCollectionsControllerTests.GetUserCollection_AllUsersFoundWithProviders_UsersReturned" storage="d:\actions-runner\_work\xpco\xpco\identityserver\videoos.identityserver.unittests\bin\debug\net6.0\win-x64\videoos.identityserver.unittests.dll" id="609c826a-3755-6de6-3e90-3398130aa650">
      <Execution id="a857dc4e-a948-45ba-b0ff-5915ad8674e2" />
      <TestMethod codeBase="D:\actions-runner\_work\XPCO\XPCO\IdentityServer\VideoOS.IdentityServer.UnitTests\bin\Debug\net6.0\win-x64\VideoOS.IdentityServer.UnitTests.dll" adapterTypeName="executor://xunit/VsTestRunner2/netcoreapp" className="VideoOS.IdentityServer.UnitTests.Controllers.UserCollectionsControllerTests" name="GetUserCollection_AllUsersFoundWithProviders_UsersReturned" />
    </UnitTest>
    <UnitTest name="VideoOS.IdentityServer.UnitTests.Validators.PasswordValidatorTests.ValidateAsync_PasswordMatchesPerfectly_Success" storage="d:\actions-runner\_work\xpco\xpco\identityserver\videoos.identityserver.unittests\bin\debug\net6.0\win-x64\videoos.identityserver.unittests.dll" id="7afc244c-1882-5877-2a81-7cbc434e16a6">
      <Execution id="7cbaf870-a2af-42c5-a334-628a166036b9" />
      <TestMethod codeBase="D:\actions-runner\_work\XPCO\XPCO\IdentityServer\VideoOS.IdentityServer.UnitTests\bin\Debug\net6.0\win-x64\VideoOS.IdentityServer.UnitTests.dll" adapterTypeName="executor://xunit/VsTestRunner2/netcoreapp" className="VideoOS.IdentityServer.UnitTests.Validators.PasswordValidatorTests" name="ValidateAsync_PasswordMatchesPerfectly_Success" />
    </UnitTest>
    <UnitTest name="VideoOS.IdentityServer.UnitTests.Services.UserProvisionerTests.CreateOrUpdateUser_NewUserUserNameAlreadyCreated_VerifyUserName" storage="d:\actions-runner\_work\xpco\xpco\identityserver\videoos.identityserver.unittests\bin\debug\net6.0\win-x64\videoos.identityserver.unittests.dll" id="4f5a6cc6-1969-6f9b-ec83-8d5bda87395f">
      <Execution id="2e83a77c-5074-4fd8-9dd9-c80bae023858" />
      <TestMethod codeBase="D:\actions-runner\_work\XPCO\XPCO\IdentityServer\VideoOS.IdentityServer.UnitTests\bin\Debug\net6.0\win-x64\VideoOS.IdentityServer.UnitTests.dll" adapterTypeName="executor://xunit/VsTestRunner2/netcoreapp" className="VideoOS.IdentityServer.UnitTests.Services.UserProvisionerTests" name="CreateOrUpdateUser_NewUserUserNameAlreadyCreated_VerifyUserName" />
    </UnitTest>
    <UnitTest name="VideoOS.IdentityServer.UnitTests.NLogConfiguration.NLogConfiguratorTests.AddFilter_FilterAlreadyAdded_FilterNotAdded" storage="d:\actions-runner\_work\xpco\xpco\identityserver\videoos.identityserver.unittests\bin\debug\net6.0\win-x64\videoos.identityserver.unittests.dll" id="c9a0429d-69fe-4b0b-b274-ff7774c3a549">
      <Execution id="0387c7e7-8ee8-440b-842a-e8ac3aa89579" />
      <TestMethod codeBase="D:\actions-runner\_work\XPCO\XPCO\IdentityServer\VideoOS.IdentityServer.UnitTests\bin\Debug\net6.0\win-x64\VideoOS.IdentityServer.UnitTests.dll" adapterTypeName="executor://xunit/VsTestRunner2/netcoreapp" className="VideoOS.IdentityServer.UnitTests.NLogConfiguration.NLogConfiguratorTests" name="AddFilter_FilterAlreadyAdded_FilterNotAdded" />
    </UnitTest>
    <UnitTest name="VideoOS.IdentityServer.UnitTests.Attributes.MaxLengthUriAttributeTests.IsValid_ForNullValue_ReturnsSuccess" storage="d:\actions-runner\_work\xpco\xpco\identityserver\videoos.identityserver.unittests\bin\debug\net6.0\win-x64\videoos.identityserver.unittests.dll" id="2e73cdd6-5f0d-f8db-f31d-394aad188358">
      <Execution id="ebdb2826-7c1f-47f6-bb69-5e7ee0f2dcc3" />
      <TestMethod codeBase="D:\actions-runner\_work\XPCO\XPCO\IdentityServer\VideoOS.IdentityServer.UnitTests\bin\Debug\net6.0\win-x64\VideoOS.IdentityServer.UnitTests.dll" adapterTypeName="executor://xunit/VsTestRunner2/netcoreapp" className="VideoOS.IdentityServer.UnitTests.Attributes.MaxLengthUriAttributeTests" name="IsValid_ForNullValue_ReturnsSuccess" />
    </UnitTest>
    <UnitTest name="VideoOS.IdentityServer.UnitTests.Pages.External.CallbackTests.OnGetAsync_UserExists_SignedIn" storage="d:\actions-runner\_work\xpco\xpco\identityserver\videoos.identityserver.unittests\bin\debug\net6.0\win-x64\videoos.identityserver.unittests.dll" id="bd21bf91-6772-b618-cf7a-086f9bcbb72d">
      <Execution id="06ff3b9e-3e53-488d-8f56-3259d00978fb" />
      <TestMethod codeBase="D:\actions-runner\_work\XPCO\XPCO\IdentityServer\VideoOS.IdentityServer.UnitTests\bin\Debug\net6.0\win-x64\VideoOS.IdentityServer.UnitTests.dll" adapterTypeName="executor://xunit/VsTestRunner2/netcoreapp" className="VideoOS.IdentityServer.UnitTests.Pages.External.CallbackTests" name="OnGetAsync_UserExists_SignedIn" />
    </UnitTest>
    <UnitTest name="VideoOS.IdentityServer.UnitTests.Services.ProfileServiceTests.IsActiveAsync_VmsUserNotExist_UserNotActive" storage="d:\actions-runner\_work\xpco\xpco\identityserver\videoos.identityserver.unittests\bin\debug\net6.0\win-x64\videoos.identityserver.unittests.dll" id="6d4dcff1-e71e-7eba-b747-dc0d28b69028">
      <Execution id="c2f2471f-07db-4c2a-8dda-58f7d7049efb" />
      <TestMethod codeBase="D:\actions-runner\_work\XPCO\XPCO\IdentityServer\VideoOS.IdentityServer.UnitTests\bin\Debug\net6.0\win-x64\VideoOS.IdentityServer.UnitTests.dll" adapterTypeName="executor://xunit/VsTestRunner2/netcoreapp" className="VideoOS.IdentityServer.UnitTests.Services.ProfileServiceTests" name="IsActiveAsync_VmsUserNotExist_UserNotActive" />
    </UnitTest>
    <UnitTest name="VideoOS.IdentityServer.UnitTests.Attributes.DisallowCharacterAttributeTests.IsValid_ContainsDisallowedCharacters_ReturnsFalse(value: &quot;bob?&quot;)" storage="d:\actions-runner\_work\xpco\xpco\identityserver\videoos.identityserver.unittests\bin\debug\net6.0\win-x64\videoos.identityserver.unittests.dll" id="85443d53-4669-f0d4-0fb2-8edbb618f253">
      <Execution id="349ba55d-eda7-41c1-b7b1-e4452df39228" />
      <TestMethod codeBase="D:\actions-runner\_work\XPCO\XPCO\IdentityServer\VideoOS.IdentityServer.UnitTests\bin\Debug\net6.0\win-x64\VideoOS.IdentityServer.UnitTests.dll" adapterTypeName="executor://xunit/VsTestRunner2/netcoreapp" className="VideoOS.IdentityServer.UnitTests.Attributes.DisallowCharacterAttributeTests" name="IsValid_ContainsDisallowedCharacters_ReturnsFalse" />
    </UnitTest>
    <UnitTest name="VideoOS.IdentityServer.UnitTests.Filters.ValidateModelFilterAttributeTest.OnActionExecuting_ModelstateIsValid_ContextResultIsNotSet" storage="d:\actions-runner\_work\xpco\xpco\identityserver\videoos.identityserver.unittests\bin\debug\net6.0\win-x64\videoos.identityserver.unittests.dll" id="a299b8f6-2b36-89aa-132a-c0c17bb7acb2">
      <Execution id="0dec9a28-b859-4a59-a4ab-8bbcf318b499" />
      <TestMethod codeBase="D:\actions-runner\_work\XPCO\XPCO\IdentityServer\VideoOS.IdentityServer.UnitTests\bin\Debug\net6.0\win-x64\VideoOS.IdentityServer.UnitTests.dll" adapterTypeName="executor://xunit/VsTestRunner2/netcoreapp" className="VideoOS.IdentityServer.UnitTests.Filters.ValidateModelFilterAttributeTest" name="OnActionExecuting_ModelstateIsValid_ContextResultIsNotSet" />
    </UnitTest>
    <UnitTest name="VideoOS.IdentityServer.UnitTests.Controllers.ClientsControllerTests.GetClients_ReturnOkResultWithClientDto" storage="d:\actions-runner\_work\xpco\xpco\identityserver\videoos.identityserver.unittests\bin\debug\net6.0\win-x64\videoos.identityserver.unittests.dll" id="45929646-9446-9747-d2c1-ef5315a080a9">
      <Execution id="618f0b05-f070-4e51-ba0f-5dd3adc91384" />
      <TestMethod codeBase="D:\actions-runner\_work\XPCO\XPCO\IdentityServer\VideoOS.IdentityServer.UnitTests\bin\Debug\net6.0\win-x64\VideoOS.IdentityServer.UnitTests.dll" adapterTypeName="executor://xunit/VsTestRunner2/netcoreapp" className="VideoOS.IdentityServer.UnitTests.Controllers.ClientsControllerTests" name="GetClients_ReturnOkResultWithClientDto" />
    </UnitTest>
    <UnitTest name="VideoOS.IdentityServer.UnitTests.Controllers.UserCollectionsControllerTests.GetUserCollection_AllUsersFound_UsersReturned" storage="d:\actions-runner\_work\xpco\xpco\identityserver\videoos.identityserver.unittests\bin\debug\net6.0\win-x64\videoos.identityserver.unittests.dll" id="ec443f4e-ff99-0070-b1f5-921b6a5a9db1">
      <Execution id="60884511-e080-4294-b8ce-c4f1d6409dfd" />
      <TestMethod codeBase="D:\actions-runner\_work\XPCO\XPCO\IdentityServer\VideoOS.IdentityServer.UnitTests\bin\Debug\net6.0\win-x64\VideoOS.IdentityServer.UnitTests.dll" adapterTypeName="executor://xunit/VsTestRunner2/netcoreapp" className="VideoOS.IdentityServer.UnitTests.Controllers.UserCollectionsControllerTests" name="GetUserCollection_AllUsersFound_UsersReturned" />
    </UnitTest>
    <UnitTest name="VideoOS.IdentityServer.UnitTests.Services.PasswordHasherWithLegacySupportTests.VerifyHashedPassword_UnknownLegacyEncryptionMethod_Failed" storage="d:\actions-runner\_work\xpco\xpco\identityserver\videoos.identityserver.unittests\bin\debug\net6.0\win-x64\videoos.identityserver.unittests.dll" id="49e20756-5db1-2639-cc27-281c3d6c399d">
      <Execution id="85b1a407-5fe0-4c3a-af8e-ae625c9245dc" />
      <TestMethod codeBase="D:\actions-runner\_work\XPCO\XPCO\IdentityServer\VideoOS.IdentityServer.UnitTests\bin\Debug\net6.0\win-x64\VideoOS.IdentityServer.UnitTests.dll" adapterTypeName="executor://xunit/VsTestRunner2/netcoreapp" className="VideoOS.IdentityServer.UnitTests.Services.PasswordHasherWithLegacySupportTests" name="VerifyHashedPassword_UnknownLegacyEncryptionMethod_Failed" />
    </UnitTest>
    <UnitTest name="VideoOS.IdentityServer.UnitTests.NLogConfiguration.NLogConfiguratorTests.RemoveFilter_LogRuleNotFound_DoesNotThrow" storage="d:\actions-runner\_work\xpco\xpco\identityserver\videoos.identityserver.unittests\bin\debug\net6.0\win-x64\videoos.identityserver.unittests.dll" id="fe25b75f-22e9-6a8f-5657-47130db3d928">
      <Execution id="63784b90-08fb-4db5-9764-26d387c2f082" />
      <TestMethod codeBase="D:\actions-runner\_work\XPCO\XPCO\IdentityServer\VideoOS.IdentityServer.UnitTests\bin\Debug\net6.0\win-x64\VideoOS.IdentityServer.UnitTests.dll" adapterTypeName="executor://xunit/VsTestRunner2/netcoreapp" className="VideoOS.IdentityServer.UnitTests.NLogConfiguration.NLogConfiguratorTests" name="RemoveFilter_LogRuleNotFound_DoesNotThrow" />
    </UnitTest>
    <UnitTest name="VideoOS.IdentityServer.UnitTests.Filters.CheckModelForNullAttributeTests.OnActionExecuting_ActionArgumentsHasNotNullValue_ResultIsNotSet" storage="d:\actions-runner\_work\xpco\xpco\identityserver\videoos.identityserver.unittests\bin\debug\net6.0\win-x64\videoos.identityserver.unittests.dll" id="dcdbc362-f707-20d9-792c-fa37630f61d4">
      <Execution id="fde0b2d1-9fd2-49a3-a86c-343f12974fda" />
      <TestMethod codeBase="D:\actions-runner\_work\XPCO\XPCO\IdentityServer\VideoOS.IdentityServer.UnitTests\bin\Debug\net6.0\win-x64\VideoOS.IdentityServer.UnitTests.dll" adapterTypeName="executor://xunit/VsTestRunner2/netcoreapp" className="VideoOS.IdentityServer.UnitTests.Filters.CheckModelForNullAttributeTests" name="OnActionExecuting_ActionArgumentsHasNotNullValue_ResultIsNotSet" />
    </UnitTest>
    <UnitTest name="VideoOS.IdentityServer.UnitTests.Middleware.CultureMiddlewareTests.InvokeAsync_Providers_NoCulture" storage="d:\actions-runner\_work\xpco\xpco\identityserver\videoos.identityserver.unittests\bin\debug\net6.0\win-x64\videoos.identityserver.unittests.dll" id="325340e9-20ac-29ae-a6eb-326801d899cc">
      <Execution id="1b561bef-4251-4e00-a49d-08b395f5ca77" />
      <TestMethod codeBase="D:\actions-runner\_work\XPCO\XPCO\IdentityServer\VideoOS.IdentityServer.UnitTests\bin\Debug\net6.0\win-x64\VideoOS.IdentityServer.UnitTests.dll" adapterTypeName="executor://xunit/VsTestRunner2/netcoreapp" className="VideoOS.IdentityServer.UnitTests.Middleware.CultureMiddlewareTests" name="InvokeAsync_Providers_NoCulture" />
    </UnitTest>
    <UnitTest name="VideoOS.IdentityServer.UnitTests.Pages.Account.LoginViewModelTests.ExternalProviders_LocalLogin_NotExternalLoginOnly" storage="d:\actions-runner\_work\xpco\xpco\identityserver\videoos.identityserver.unittests\bin\debug\net6.0\win-x64\videoos.identityserver.unittests.dll" id="37aab818-d8de-5e76-26b8-9c05be444d79">
      <Execution id="502830fe-651d-4c8a-9bdb-1ccf3c1693eb" />
      <TestMethod codeBase="D:\actions-runner\_work\XPCO\XPCO\IdentityServer\VideoOS.IdentityServer.UnitTests\bin\Debug\net6.0\win-x64\VideoOS.IdentityServer.UnitTests.dll" adapterTypeName="executor://xunit/VsTestRunner2/netcoreapp" className="VideoOS.IdentityServer.UnitTests.Pages.Account.LoginViewModelTests" name="ExternalProviders_LocalLogin_NotExternalLoginOnly" />
    </UnitTest>
    <UnitTest name="VideoOS.IdentityServer.UnitTests.Filters.CheckModelForNullAttributeTests.OnActionExecuting_ActionArgumentsIsEmpty_ResultIsNotSet" storage="d:\actions-runner\_work\xpco\xpco\identityserver\videoos.identityserver.unittests\bin\debug\net6.0\win-x64\videoos.identityserver.unittests.dll" id="c285aa96-6560-5b1c-5ee3-ecc88bb64559">
      <Execution id="5957f22c-dc47-46ca-9422-6648db1fb1bf" />
      <TestMethod codeBase="D:\actions-runner\_work\XPCO\XPCO\IdentityServer\VideoOS.IdentityServer.UnitTests\bin\Debug\net6.0\win-x64\VideoOS.IdentityServer.UnitTests.dll" adapterTypeName="executor://xunit/VsTestRunner2/netcoreapp" className="VideoOS.IdentityServer.UnitTests.Filters.CheckModelForNullAttributeTests" name="OnActionExecuting_ActionArgumentsIsEmpty_ResultIsNotSet" />
    </UnitTest>
    <UnitTest name="VideoOS.IdentityServer.UnitTests.Controllers.EventLogsControllerTests.Get_HasOneLog_ReturnsOneLog" storage="d:\actions-runner\_work\xpco\xpco\identityserver\videoos.identityserver.unittests\bin\debug\net6.0\win-x64\videoos.identityserver.unittests.dll" id="e8a747f9-6a0f-1c7f-4cda-994c6ff1eb58">
      <Execution id="21f92c01-0a13-4576-9208-cc0bc4994864" />
      <TestMethod codeBase="D:\actions-runner\_work\XPCO\XPCO\IdentityServer\VideoOS.IdentityServer.UnitTests\bin\Debug\net6.0\win-x64\VideoOS.IdentityServer.UnitTests.dll" adapterTypeName="executor://xunit/VsTestRunner2/netcoreapp" className="VideoOS.IdentityServer.UnitTests.Controllers.EventLogsControllerTests" name="Get_HasOneLog_ReturnsOneLog" />
    </UnitTest>
    <UnitTest name="VideoOS.IdentityServer.UnitTests.Validators.PasswordValidatorTests.ValidateAsync_PasswordDoesNotMatch_Failure" storage="d:\actions-runner\_work\xpco\xpco\identityserver\videoos.identityserver.unittests\bin\debug\net6.0\win-x64\videoos.identityserver.unittests.dll" id="d684d514-6ff7-26d9-ef45-6a901aa92573">
      <Execution id="c3ef9428-328d-4375-b4d3-93f4273d89cb" />
      <TestMethod codeBase="D:\actions-runner\_work\XPCO\XPCO\IdentityServer\VideoOS.IdentityServer.UnitTests\bin\Debug\net6.0\win-x64\VideoOS.IdentityServer.UnitTests.dll" adapterTypeName="executor://xunit/VsTestRunner2/netcoreapp" className="VideoOS.IdentityServer.UnitTests.Validators.PasswordValidatorTests" name="ValidateAsync_PasswordDoesNotMatch_Failure" />
    </UnitTest>
    <UnitTest name="VideoOS.IdentityServer.UnitTests.Services.UserProvisionerTests.CreateOrUpdateUser_NewUserNoPreferredNoNameNoFirst_Last" storage="d:\actions-runner\_work\xpco\xpco\identityserver\videoos.identityserver.unittests\bin\debug\net6.0\win-x64\videoos.identityserver.unittests.dll" id="cc6cc5d5-3a4d-b157-d5f3-1b1b3db88479">
      <Execution id="6906de4d-4007-4881-9354-afa7b60f835f" />
      <TestMethod codeBase="D:\actions-runner\_work\XPCO\XPCO\IdentityServer\VideoOS.IdentityServer.UnitTests\bin\Debug\net6.0\win-x64\VideoOS.IdentityServer.UnitTests.dll" adapterTypeName="executor://xunit/VsTestRunner2/netcoreapp" className="VideoOS.IdentityServer.UnitTests.Services.UserProvisionerTests" name="CreateOrUpdateUser_NewUserNoPreferredNoNameNoFirst_Last" />
    </UnitTest>
    <UnitTest name="VideoOS.IdentityServer.UnitTests.GrantValidators.WinAuthGrantValidatorTests.ValidateAsync_UserIsAdminIdentity_SuccessResultIsSet" storage="d:\actions-runner\_work\xpco\xpco\identityserver\videoos.identityserver.unittests\bin\debug\net6.0\win-x64\videoos.identityserver.unittests.dll" id="6efb504e-4ae8-2274-7967-1c3a08e9f2db">
      <Execution id="1832cace-0594-4a7d-af41-b0fb4939dea3" />
      <TestMethod codeBase="D:\actions-runner\_work\XPCO\XPCO\IdentityServer\VideoOS.IdentityServer.UnitTests\bin\Debug\net6.0\win-x64\VideoOS.IdentityServer.UnitTests.dll" adapterTypeName="executor://xunit/VsTestRunner2/netcoreapp" className="VideoOS.IdentityServer.UnitTests.GrantValidators.WinAuthGrantValidatorTests" name="ValidateAsync_UserIsAdminIdentity_SuccessResultIsSet" />
    </UnitTest>
    <UnitTest name="VideoOS.IdentityServer.UnitTests.Attributes.HttpOrHttpsAttributeTests.IsValid_ForHttpOrHttpsUri_ReturnsSuccess(url: &quot;http://www.example.com&quot;)" storage="d:\actions-runner\_work\xpco\xpco\identityserver\videoos.identityserver.unittests\bin\debug\net6.0\win-x64\videoos.identityserver.unittests.dll" id="2676003b-16e9-f7dd-6bd4-b590eaeb20a6">
      <Execution id="eb84a7f3-e6e9-4c23-9f1e-a5f23e89d3a1" />
      <TestMethod codeBase="D:\actions-runner\_work\XPCO\XPCO\IdentityServer\VideoOS.IdentityServer.UnitTests\bin\Debug\net6.0\win-x64\VideoOS.IdentityServer.UnitTests.dll" adapterTypeName="executor://xunit/VsTestRunner2/netcoreapp" className="VideoOS.IdentityServer.UnitTests.Attributes.HttpOrHttpsAttributeTests" name="IsValid_ForHttpOrHttpsUri_ReturnsSuccess" />
    </UnitTest>
    <UnitTest name="VideoOS.IdentityServer.UnitTests.Controllers.ClientsControllerTests.RegisterClient_RedirectUrisExistsWithMissingAuthorizationCodeGrant_BusinessViolationExceptionIsThrown" storage="d:\actions-runner\_work\xpco\xpco\identityserver\videoos.identityserver.unittests\bin\debug\net6.0\win-x64\videoos.identityserver.unittests.dll" id="4132f6e7-e401-244e-b327-d74900dc4106">
      <Execution id="4e34c133-a784-48e9-afd8-a3f9bb82a0f9" />
      <TestMethod codeBase="D:\actions-runner\_work\XPCO\XPCO\IdentityServer\VideoOS.IdentityServer.UnitTests\bin\Debug\net6.0\win-x64\VideoOS.IdentityServer.UnitTests.dll" adapterTypeName="executor://xunit/VsTestRunner2/netcoreapp" className="VideoOS.IdentityServer.UnitTests.Controllers.ClientsControllerTests" name="RegisterClient_RedirectUrisExistsWithMissingAuthorizationCodeGrant_BusinessViolationExceptionIsThrown" />
    </UnitTest>
    <UnitTest name="VideoOS.IdentityServer.UnitTests.Services.UserProvisionerTests.CreateOrUpdateUser_SuccessfulAutoProvisioningUser_UserReturned" storage="d:\actions-runner\_work\xpco\xpco\identityserver\videoos.identityserver.unittests\bin\debug\net6.0\win-x64\videoos.identityserver.unittests.dll" id="f20f88d2-f202-ea07-a9ea-ba84e7e02e5a">
      <Execution id="aed2dd33-29ac-415e-953b-34c5add0a1bd" />
      <TestMethod codeBase="D:\actions-runner\_work\XPCO\XPCO\IdentityServer\VideoOS.IdentityServer.UnitTests\bin\Debug\net6.0\win-x64\VideoOS.IdentityServer.UnitTests.dll" adapterTypeName="executor://xunit/VsTestRunner2/netcoreapp" className="VideoOS.IdentityServer.UnitTests.Services.UserProvisionerTests" name="CreateOrUpdateUser_SuccessfulAutoProvisioningUser_UserReturned" />
    </UnitTest>
    <UnitTest name="VideoOS.IdentityServer.UnitTests.Services.ProfileServiceTests.GetProfileDataAsync_VmsUserClaimsRequestedWithoutProviderScope_NoProviderClaims" storage="d:\actions-runner\_work\xpco\xpco\identityserver\videoos.identityserver.unittests\bin\debug\net6.0\win-x64\videoos.identityserver.unittests.dll" id="7c38c405-6200-5a1a-0fda-e13867787aa4">
      <Execution id="655ca421-0bde-4c9f-96e1-3b81a005f7ce" />
      <TestMethod codeBase="D:\actions-runner\_work\XPCO\XPCO\IdentityServer\VideoOS.IdentityServer.UnitTests\bin\Debug\net6.0\win-x64\VideoOS.IdentityServer.UnitTests.dll" adapterTypeName="executor://xunit/VsTestRunner2/netcoreapp" className="VideoOS.IdentityServer.UnitTests.Services.ProfileServiceTests" name="GetProfileDataAsync_VmsUserClaimsRequestedWithoutProviderScope_NoProviderClaims" />
    </UnitTest>
    <UnitTest name="VideoOS.IdentityServer.UnitTests.Controllers.UsersControllerTests.Post_UserIsNotCreated_ReturnBadRequest" storage="d:\actions-runner\_work\xpco\xpco\identityserver\videoos.identityserver.unittests\bin\debug\net6.0\win-x64\videoos.identityserver.unittests.dll" id="064adfe8-7f74-1859-2ce4-4280d3e48d69">
      <Execution id="2da52fe2-828c-4a78-8c26-c441b4dab12f" />
      <TestMethod codeBase="D:\actions-runner\_work\XPCO\XPCO\IdentityServer\VideoOS.IdentityServer.UnitTests\bin\Debug\net6.0\win-x64\VideoOS.IdentityServer.UnitTests.dll" adapterTypeName="executor://xunit/VsTestRunner2/netcoreapp" className="VideoOS.IdentityServer.UnitTests.Controllers.UsersControllerTests" name="Post_UserIsNotCreated_ReturnBadRequest" />
    </UnitTest>
    <UnitTest name="VideoOS.IdentityServer.UnitTests.Controllers.ExternalProviderManagerTests.AddProvider_Enabled_ConfiguresProvider" storage="d:\actions-runner\_work\xpco\xpco\identityserver\videoos.identityserver.unittests\bin\debug\net6.0\win-x64\videoos.identityserver.unittests.dll" id="9f9c6084-f03d-db9c-e06a-4171b07ef539">
      <Execution id="c41c0661-73e1-484d-9da0-fb8a60e6f6c9" />
      <TestMethod codeBase="D:\actions-runner\_work\XPCO\XPCO\IdentityServer\VideoOS.IdentityServer.UnitTests\bin\Debug\net6.0\win-x64\VideoOS.IdentityServer.UnitTests.dll" adapterTypeName="executor://xunit/VsTestRunner2/netcoreapp" className="VideoOS.IdentityServer.UnitTests.Controllers.ExternalProviderManagerTests" name="AddProvider_Enabled_ConfiguresProvider" />
    </UnitTest>
    <UnitTest name="VideoOS.IdentityServer.UnitTests.Services.ProfileServiceTests.IsActiveAsync_VmsUserIsLockedOut_UserNotActive" storage="d:\actions-runner\_work\xpco\xpco\identityserver\videoos.identityserver.unittests\bin\debug\net6.0\win-x64\videoos.identityserver.unittests.dll" id="5007d108-09c8-61e4-2444-dd302e15e3e9">
      <Execution id="cba2a373-85f4-4c98-b996-612b2c1c8e3b" />
      <TestMethod codeBase="D:\actions-runner\_work\XPCO\XPCO\IdentityServer\VideoOS.IdentityServer.UnitTests\bin\Debug\net6.0\win-x64\VideoOS.IdentityServer.UnitTests.dll" adapterTypeName="executor://xunit/VsTestRunner2/netcoreapp" className="VideoOS.IdentityServer.UnitTests.Services.ProfileServiceTests" name="IsActiveAsync_VmsUserIsLockedOut_UserNotActive" />
    </UnitTest>
    <UnitTest name="VideoOS.IdentityServer.UnitTests.Model.Result.ErrorTests.Error_CreationWithCustomDescription_ShouldHaveCustomDescription" storage="d:\actions-runner\_work\xpco\xpco\identityserver\videoos.identityserver.unittests\bin\debug\net6.0\win-x64\videoos.identityserver.unittests.dll" id="f254dd66-bf9e-9655-0d51-85c7a35aad72">
      <Execution id="f1e871ca-b863-4022-ad3c-351d41c0d878" />
      <TestMethod codeBase="D:\actions-runner\_work\XPCO\XPCO\IdentityServer\VideoOS.IdentityServer.UnitTests\bin\Debug\net6.0\win-x64\VideoOS.IdentityServer.UnitTests.dll" adapterTypeName="executor://xunit/VsTestRunner2/netcoreapp" className="VideoOS.IdentityServer.UnitTests.Model.Result.ErrorTests" name="Error_CreationWithCustomDescription_ShouldHaveCustomDescription" />
    </UnitTest>
    <UnitTest name="VideoOS.IdentityServer.UnitTests.Services.ProfileServiceTests.GetProfileDataAsync_VmsUserWithIdpClaim_RequestedAndRequiredClaimFromIdp" storage="d:\actions-runner\_work\xpco\xpco\identityserver\videoos.identityserver.unittests\bin\debug\net6.0\win-x64\videoos.identityserver.unittests.dll" id="69f352d7-7fe9-aeb4-1818-5444cf458f62">
      <Execution id="66fdb149-e1ff-4dbe-8d1d-fe575037986d" />
      <TestMethod codeBase="D:\actions-runner\_work\XPCO\XPCO\IdentityServer\VideoOS.IdentityServer.UnitTests\bin\Debug\net6.0\win-x64\VideoOS.IdentityServer.UnitTests.dll" adapterTypeName="executor://xunit/VsTestRunner2/netcoreapp" className="VideoOS.IdentityServer.UnitTests.Services.ProfileServiceTests" name="GetProfileDataAsync_VmsUserWithIdpClaim_RequestedAndRequiredClaimFromIdp" />
    </UnitTest>
    <UnitTest name="VideoOS.IdentityServer.UnitTests.Model.Result.ResultTests.Failure_ShouldBeErrorWithMultipleErrors_WhenMultipleErrorsProvided" storage="d:\actions-runner\_work\xpco\xpco\identityserver\videoos.identityserver.unittests\bin\debug\net6.0\win-x64\videoos.identityserver.unittests.dll" id="a915ae1e-25c2-6917-da6e-07b0380337af">
      <Execution id="a1b08a1d-83d2-4acf-9a80-1bb487de0bb7" />
      <TestMethod codeBase="D:\actions-runner\_work\XPCO\XPCO\IdentityServer\VideoOS.IdentityServer.UnitTests\bin\Debug\net6.0\win-x64\VideoOS.IdentityServer.UnitTests.dll" adapterTypeName="executor://xunit/VsTestRunner2/netcoreapp" className="VideoOS.IdentityServer.UnitTests.Model.Result.ResultTests" name="Failure_ShouldBeErrorWithMultipleErrors_WhenMultipleErrorsProvided" />
    </UnitTest>
    <UnitTest name="VideoOS.IdentityServer.UnitTests.Attributes.HttpOrHttpsAttributeTests.IsValid_ForInvalidUriFormat_ReturnsError(url: &quot;12345&quot;)" storage="d:\actions-runner\_work\xpco\xpco\identityserver\videoos.identityserver.unittests\bin\debug\net6.0\win-x64\videoos.identityserver.unittests.dll" id="94fdd69e-99e9-224e-c61d-362311610dbb">
      <Execution id="023c5d44-6113-4be3-a7fb-c7ff405fb033" />
      <TestMethod codeBase="D:\actions-runner\_work\XPCO\XPCO\IdentityServer\VideoOS.IdentityServer.UnitTests\bin\Debug\net6.0\win-x64\VideoOS.IdentityServer.UnitTests.dll" adapterTypeName="executor://xunit/VsTestRunner2/netcoreapp" className="VideoOS.IdentityServer.UnitTests.Attributes.HttpOrHttpsAttributeTests" name="IsValid_ForInvalidUriFormat_ReturnsError" />
    </UnitTest>
    <UnitTest name="VideoOS.IdentityServer.UnitTests.Controllers.LoginsControllerTests.DeleteLogin_LoginNotFound_NotFoundReturned" storage="d:\actions-runner\_work\xpco\xpco\identityserver\videoos.identityserver.unittests\bin\debug\net6.0\win-x64\videoos.identityserver.unittests.dll" id="7710bff0-8d19-9987-cfcb-d6d3fac71252">
      <Execution id="5f0d9bcb-6a18-400d-9458-7530c58dbdca" />
      <TestMethod codeBase="D:\actions-runner\_work\XPCO\XPCO\IdentityServer\VideoOS.IdentityServer.UnitTests\bin\Debug\net6.0\win-x64\VideoOS.IdentityServer.UnitTests.dll" adapterTypeName="executor://xunit/VsTestRunner2/netcoreapp" className="VideoOS.IdentityServer.UnitTests.Controllers.LoginsControllerTests" name="DeleteLogin_LoginNotFound_NotFoundReturned" />
    </UnitTest>
    <UnitTest name="VideoOS.IdentityServer.UnitTests.Repositories.VmsUserManagerTests.FindByLoginAsync_UserFound_User" storage="d:\actions-runner\_work\xpco\xpco\identityserver\videoos.identityserver.unittests\bin\debug\net6.0\win-x64\videoos.identityserver.unittests.dll" id="ebf24ca4-25fe-9d91-009b-2a977adb2d06">
      <Execution id="65074492-2f5a-4759-a0e7-68f69f7b160c" />
      <TestMethod codeBase="D:\actions-runner\_work\XPCO\XPCO\IdentityServer\VideoOS.IdentityServer.UnitTests\bin\Debug\net6.0\win-x64\VideoOS.IdentityServer.UnitTests.dll" adapterTypeName="executor://xunit/VsTestRunner2/netcoreapp" className="VideoOS.IdentityServer.UnitTests.Repositories.VmsUserManagerTests" name="FindByLoginAsync_UserFound_User" />
    </UnitTest>
    <UnitTest name="VideoOS.IdentityServer.UnitTests.Services.PasswordHasherWithLegacySupportTests.VerifyHashedPassword_WrongLegacyPassword_Failed(encryptionMethod: &quot;SHA1&quot;)" storage="d:\actions-runner\_work\xpco\xpco\identityserver\videoos.identityserver.unittests\bin\debug\net6.0\win-x64\videoos.identityserver.unittests.dll" id="55d780a0-2673-7fac-c57d-1246cf3e308f">
      <Execution id="c6e64b92-f9d8-4618-b6b3-5fa5c467c117" />
      <TestMethod codeBase="D:\actions-runner\_work\XPCO\XPCO\IdentityServer\VideoOS.IdentityServer.UnitTests\bin\Debug\net6.0\win-x64\VideoOS.IdentityServer.UnitTests.dll" adapterTypeName="executor://xunit/VsTestRunner2/netcoreapp" className="VideoOS.IdentityServer.UnitTests.Services.PasswordHasherWithLegacySupportTests" name="VerifyHashedPassword_WrongLegacyPassword_Failed" />
    </UnitTest>
    <UnitTest name="VideoOS.IdentityServer.UnitTests.Model.Result.ResultTests.Success_ShouldNotBeError_WhenSuccessValueProvided" storage="d:\actions-runner\_work\xpco\xpco\identityserver\videoos.identityserver.unittests\bin\debug\net6.0\win-x64\videoos.identityserver.unittests.dll" id="c6010e29-17a3-a56b-9f48-27de2c404872">
      <Execution id="5778bd6b-d16f-4164-980b-8eb10c23f407" />
      <TestMethod codeBase="D:\actions-runner\_work\XPCO\XPCO\IdentityServer\VideoOS.IdentityServer.UnitTests\bin\Debug\net6.0\win-x64\VideoOS.IdentityServer.UnitTests.dll" adapterTypeName="executor://xunit/VsTestRunner2/netcoreapp" className="VideoOS.IdentityServer.UnitTests.Model.Result.ResultTests" name="Success_ShouldNotBeError_WhenSuccessValueProvided" />
    </UnitTest>
    <UnitTest name="VideoOS.IdentityServer.UnitTests.Services.EventLogServiceTest.Log_IpAddressAvailable_IpSet" storage="d:\actions-runner\_work\xpco\xpco\identityserver\videoos.identityserver.unittests\bin\debug\net6.0\win-x64\videoos.identityserver.unittests.dll" id="2b1c4864-9a39-5786-f28c-09b1dd762b25">
      <Execution id="e6af1c13-09df-423c-8d09-f5424f3a2d1b" />
      <TestMethod codeBase="D:\actions-runner\_work\XPCO\XPCO\IdentityServer\VideoOS.IdentityServer.UnitTests\bin\Debug\net6.0\win-x64\VideoOS.IdentityServer.UnitTests.dll" adapterTypeName="executor://xunit/VsTestRunner2/netcoreapp" className="VideoOS.IdentityServer.UnitTests.Services.EventLogServiceTest" name="Log_IpAddressAvailable_IpSet" />
    </UnitTest>
    <UnitTest name="VideoOS.IdentityServer.UnitTests.Controllers.ScopesControllerTests.GetScopes_ScopesFromParameter_ReturnsOkResultWithScopes(scopes: [])" storage="d:\actions-runner\_work\xpco\xpco\identityserver\videoos.identityserver.unittests\bin\debug\net6.0\win-x64\videoos.identityserver.unittests.dll" id="ec079d06-2a8d-026f-a72e-697634a6ae4e">
      <Execution id="62395f05-a144-4f1d-95a8-094d352fb8ba" />
      <TestMethod codeBase="D:\actions-runner\_work\XPCO\XPCO\IdentityServer\VideoOS.IdentityServer.UnitTests\bin\Debug\net6.0\win-x64\VideoOS.IdentityServer.UnitTests.dll" adapterTypeName="executor://xunit/VsTestRunner2/netcoreapp" className="VideoOS.IdentityServer.UnitTests.Controllers.ScopesControllerTests" name="GetScopes_ScopesFromParameter_ReturnsOkResultWithScopes" />
    </UnitTest>
    <UnitTest name="VideoOS.IdentityServer.UnitTests.Controllers.LoginProvidersControllerTests.Get_LoginProvider_Success" storage="d:\actions-runner\_work\xpco\xpco\identityserver\videoos.identityserver.unittests\bin\debug\net6.0\win-x64\videoos.identityserver.unittests.dll" id="25d2bd93-a823-6d38-10a4-14830854d44d">
      <Execution id="48eea272-df41-470e-87bc-ed5006a621d7" />
      <TestMethod codeBase="D:\actions-runner\_work\XPCO\XPCO\IdentityServer\VideoOS.IdentityServer.UnitTests\bin\Debug\net6.0\win-x64\VideoOS.IdentityServer.UnitTests.dll" adapterTypeName="executor://xunit/VsTestRunner2/netcoreapp" className="VideoOS.IdentityServer.UnitTests.Controllers.LoginProvidersControllerTests" name="Get_LoginProvider_Success" />
    </UnitTest>
    <UnitTest name="VideoOS.IdentityServer.UnitTests.Controllers.BaseControllerTests.BadRequest_InvokeWithErrorResponse_ReturnsResultWithErrorResponse" storage="d:\actions-runner\_work\xpco\xpco\identityserver\videoos.identityserver.unittests\bin\debug\net6.0\win-x64\videoos.identityserver.unittests.dll" id="4718eeb0-d826-53ff-d747-fb40212f3413">
      <Execution id="2de13c7d-f0d0-4608-8311-ae0e4ee3c3c2" />
      <TestMethod codeBase="D:\actions-runner\_work\XPCO\XPCO\IdentityServer\VideoOS.IdentityServer.UnitTests\bin\Debug\net6.0\win-x64\VideoOS.IdentityServer.UnitTests.dll" adapterTypeName="executor://xunit/VsTestRunner2/netcoreapp" className="VideoOS.IdentityServer.UnitTests.Controllers.BaseControllerTests" name="BadRequest_InvokeWithErrorResponse_ReturnsResultWithErrorResponse" />
    </UnitTest>
    <UnitTest name="VideoOS.IdentityServer.UnitTests.Model.ErrorResponseTests.SetErrors_SetWithAllowedErrors_ErrorsContainAllElements" storage="d:\actions-runner\_work\xpco\xpco\identityserver\videoos.identityserver.unittests\bin\debug\net6.0\win-x64\videoos.identityserver.unittests.dll" id="91011207-5e68-cefc-db4a-1c463e66d00e">
      <Execution id="6ac567e4-e842-4375-b6ba-c7330b619b7a" />
      <TestMethod codeBase="D:\actions-runner\_work\XPCO\XPCO\IdentityServer\VideoOS.IdentityServer.UnitTests\bin\Debug\net6.0\win-x64\VideoOS.IdentityServer.UnitTests.dll" adapterTypeName="executor://xunit/VsTestRunner2/netcoreapp" className="VideoOS.IdentityServer.UnitTests.Model.ErrorResponseTests" name="SetErrors_SetWithAllowedErrors_ErrorsContainAllElements" />
    </UnitTest>
    <UnitTest name="VideoOS.IdentityServer.UnitTests.NLogConfiguration.NLogConfiguratorTests.AddFilter_LogRuleNotFound_DoesNotThrow" storage="d:\actions-runner\_work\xpco\xpco\identityserver\videoos.identityserver.unittests\bin\debug\net6.0\win-x64\videoos.identityserver.unittests.dll" id="18d87a86-c288-0d65-b334-9ae3feb83fd4">
      <Execution id="c787bfda-52a4-449c-882f-240c6e9da18c" />
      <TestMethod codeBase="D:\actions-runner\_work\XPCO\XPCO\IdentityServer\VideoOS.IdentityServer.UnitTests\bin\Debug\net6.0\win-x64\VideoOS.IdentityServer.UnitTests.dll" adapterTypeName="executor://xunit/VsTestRunner2/netcoreapp" className="VideoOS.IdentityServer.UnitTests.NLogConfiguration.NLogConfiguratorTests" name="AddFilter_LogRuleNotFound_DoesNotThrow" />
    </UnitTest>
    <UnitTest name="VideoOS.IdentityServer.UnitTests.Attributes.DisallowCharacterAttributeTests.IsValid_ContainsDisallowedCharacters_ReturnsFalse(value: &quot;{bob}&quot;)" storage="d:\actions-runner\_work\xpco\xpco\identityserver\videoos.identityserver.unittests\bin\debug\net6.0\win-x64\videoos.identityserver.unittests.dll" id="4593cd33-2e03-9acc-1ca8-9687f0404b31">
      <Execution id="c43827bc-5501-490a-86da-6b2cbe8b1f1a" />
      <TestMethod codeBase="D:\actions-runner\_work\XPCO\XPCO\IdentityServer\VideoOS.IdentityServer.UnitTests\bin\Debug\net6.0\win-x64\VideoOS.IdentityServer.UnitTests.dll" adapterTypeName="executor://xunit/VsTestRunner2/netcoreapp" className="VideoOS.IdentityServer.UnitTests.Attributes.DisallowCharacterAttributeTests" name="IsValid_ContainsDisallowedCharacters_ReturnsFalse" />
    </UnitTest>
    <UnitTest name="VideoOS.IdentityServer.UnitTests.Helper.MapAllClaimsActionAndEnumerateArrayTests.Run_DuplicateArrayClaimPairs_DuplicatePairsGetRemoved" storage="d:\actions-runner\_work\xpco\xpco\identityserver\videoos.identityserver.unittests\bin\debug\net6.0\win-x64\videoos.identityserver.unittests.dll" id="c7205d22-c981-88a1-80a2-12e8b7e19a0f">
      <Execution id="a1a2cb26-c6b8-4b4d-b6dd-40e7154b6d73" />
      <TestMethod codeBase="D:\actions-runner\_work\XPCO\XPCO\IdentityServer\VideoOS.IdentityServer.UnitTests\bin\Debug\net6.0\win-x64\VideoOS.IdentityServer.UnitTests.dll" adapterTypeName="executor://xunit/VsTestRunner2/netcoreapp" className="VideoOS.IdentityServer.UnitTests.Helper.MapAllClaimsActionAndEnumerateArrayTests" name="Run_DuplicateArrayClaimPairs_DuplicatePairsGetRemoved" />
    </UnitTest>
    <UnitTest name="VideoOS.IdentityServer.UnitTests.Model.ErrorResponseTests.ErrorResponse_MultipleApiErrors_ErrorsContainAllErrors" storage="d:\actions-runner\_work\xpco\xpco\identityserver\videoos.identityserver.unittests\bin\debug\net6.0\win-x64\videoos.identityserver.unittests.dll" id="51fba3e8-b429-1223-77b1-e3bb21414eed">
      <Execution id="76bca1fe-c16f-46b2-b55c-5becd4cd2060" />
      <TestMethod codeBase="D:\actions-runner\_work\XPCO\XPCO\IdentityServer\VideoOS.IdentityServer.UnitTests\bin\Debug\net6.0\win-x64\VideoOS.IdentityServer.UnitTests.dll" adapterTypeName="executor://xunit/VsTestRunner2/netcoreapp" className="VideoOS.IdentityServer.UnitTests.Model.ErrorResponseTests" name="ErrorResponse_MultipleApiErrors_ErrorsContainAllErrors" />
    </UnitTest>
    <UnitTest name="VideoOS.IdentityServer.UnitTests.Services.EventLogServiceTest.Log_LogCreated_SavedToDb" storage="d:\actions-runner\_work\xpco\xpco\identityserver\videoos.identityserver.unittests\bin\debug\net6.0\win-x64\videoos.identityserver.unittests.dll" id="7770c141-8c93-cfa1-e2a9-574fba3e123b">
      <Execution id="eb7989fb-1abf-4203-907d-932eeec1883f" />
      <TestMethod codeBase="D:\actions-runner\_work\XPCO\XPCO\IdentityServer\VideoOS.IdentityServer.UnitTests\bin\Debug\net6.0\win-x64\VideoOS.IdentityServer.UnitTests.dll" adapterTypeName="executor://xunit/VsTestRunner2/netcoreapp" className="VideoOS.IdentityServer.UnitTests.Services.EventLogServiceTest" name="Log_LogCreated_SavedToDb" />
    </UnitTest>
    <UnitTest name="VideoOS.IdentityServer.UnitTests.Helper.RsaKeyGeneratorTests.GenerateRsaSecurityKey_InvalidKeySize_ThrowsArgumentOutOfRangeException(keySize: -2147483648)" storage="d:\actions-runner\_work\xpco\xpco\identityserver\videoos.identityserver.unittests\bin\debug\net6.0\win-x64\videoos.identityserver.unittests.dll" id="1be1a000-d2fa-6c0f-c045-ff2861f84d37">
      <Execution id="7556d897-5328-4481-aedd-47eeb2b8c4fd" />
      <TestMethod codeBase="D:\actions-runner\_work\XPCO\XPCO\IdentityServer\VideoOS.IdentityServer.UnitTests\bin\Debug\net6.0\win-x64\VideoOS.IdentityServer.UnitTests.dll" adapterTypeName="executor://xunit/VsTestRunner2/netcoreapp" className="VideoOS.IdentityServer.UnitTests.Helper.RsaKeyGeneratorTests" name="GenerateRsaSecurityKey_InvalidKeySize_ThrowsArgumentOutOfRangeException" />
    </UnitTest>
    <UnitTest name="VideoOS.IdentityServer.UnitTests.Controllers.ExternalProviderManagerTests.UpdateProvider_LoginProvider_NotEnabled_DontExists_DoesNothing" storage="d:\actions-runner\_work\xpco\xpco\identityserver\videoos.identityserver.unittests\bin\debug\net6.0\win-x64\videoos.identityserver.unittests.dll" id="c2138e76-9f7f-8d2f-2ac2-891c3e25ac1f">
      <Execution id="f2e54d13-abc8-472a-8be2-33794fe7ff84" />
      <TestMethod codeBase="D:\actions-runner\_work\XPCO\XPCO\IdentityServer\VideoOS.IdentityServer.UnitTests\bin\Debug\net6.0\win-x64\VideoOS.IdentityServer.UnitTests.dll" adapterTypeName="executor://xunit/VsTestRunner2/netcoreapp" className="VideoOS.IdentityServer.UnitTests.Controllers.ExternalProviderManagerTests" name="UpdateProvider_LoginProvider_NotEnabled_DontExists_DoesNothing" />
    </UnitTest>
    <UnitTest name="VideoOS.IdentityServer.UnitTests.Attributes.HttpOrHttpsAttributeTests.IsValid_ForInvalidUriFormat_ReturnsError(url: &quot;not a uri&quot;)" storage="d:\actions-runner\_work\xpco\xpco\identityserver\videoos.identityserver.unittests\bin\debug\net6.0\win-x64\videoos.identityserver.unittests.dll" id="8b71f50e-ae38-d60f-498f-8315a9dbb08d">
      <Execution id="c9dcda8e-5112-4377-8af7-7a33027800f2" />
      <TestMethod codeBase="D:\actions-runner\_work\XPCO\XPCO\IdentityServer\VideoOS.IdentityServer.UnitTests\bin\Debug\net6.0\win-x64\VideoOS.IdentityServer.UnitTests.dll" adapterTypeName="executor://xunit/VsTestRunner2/netcoreapp" className="VideoOS.IdentityServer.UnitTests.Attributes.HttpOrHttpsAttributeTests" name="IsValid_ForInvalidUriFormat_ReturnsError" />
    </UnitTest>
    <UnitTest name="VideoOS.IdentityServer.UnitTests.Repositories.VmsUserManagerTests.IsUserLockedOut_LockoutEnabled_False" storage="d:\actions-runner\_work\xpco\xpco\identityserver\videoos.identityserver.unittests\bin\debug\net6.0\win-x64\videoos.identityserver.unittests.dll" id="d40e2701-458d-e2b9-f497-37927a0f0a85">
      <Execution id="c6561893-2cfd-478a-824e-1ab7d8f411cc" />
      <TestMethod codeBase="D:\actions-runner\_work\XPCO\XPCO\IdentityServer\VideoOS.IdentityServer.UnitTests\bin\Debug\net6.0\win-x64\VideoOS.IdentityServer.UnitTests.dll" adapterTypeName="executor://xunit/VsTestRunner2/netcoreapp" className="VideoOS.IdentityServer.UnitTests.Repositories.VmsUserManagerTests" name="IsUserLockedOut_LockoutEnabled_False" />
    </UnitTest>
    <UnitTest name="VideoOS.IdentityServer.UnitTests.Helper.ExpressionBuilderTests.FromString_QueryIsNullOrEmpty_ThrowsArgumentException(query: null)" storage="d:\actions-runner\_work\xpco\xpco\identityserver\videoos.identityserver.unittests\bin\debug\net6.0\win-x64\videoos.identityserver.unittests.dll" id="18fa64fa-97ab-ff66-4700-6c977c6610be">
      <Execution id="20f82818-6e3d-422d-84ff-51a4b2ba786d" />
      <TestMethod codeBase="D:\actions-runner\_work\XPCO\XPCO\IdentityServer\VideoOS.IdentityServer.UnitTests\bin\Debug\net6.0\win-x64\VideoOS.IdentityServer.UnitTests.dll" adapterTypeName="executor://xunit/VsTestRunner2/netcoreapp" className="VideoOS.IdentityServer.UnitTests.Helper.ExpressionBuilderTests" name="FromString_QueryIsNullOrEmpty_ThrowsArgumentException" />
    </UnitTest>
    <UnitTest name="VideoOS.IdentityServer.UnitTests.Controllers.LoginProvidersControllerTests.Get_LoginProvider_NotFoundError_Failure" storage="d:\actions-runner\_work\xpco\xpco\identityserver\videoos.identityserver.unittests\bin\debug\net6.0\win-x64\videoos.identityserver.unittests.dll" id="de7c333c-dac0-97f8-ce50-bb79962f3356">
      <Execution id="ef980e0b-5b41-4cc8-a5a6-0b49d2b0f2a8" />
      <TestMethod codeBase="D:\actions-runner\_work\XPCO\XPCO\IdentityServer\VideoOS.IdentityServer.UnitTests\bin\Debug\net6.0\win-x64\VideoOS.IdentityServer.UnitTests.dll" adapterTypeName="executor://xunit/VsTestRunner2/netcoreapp" className="VideoOS.IdentityServer.UnitTests.Controllers.LoginProvidersControllerTests" name="Get_LoginProvider_NotFoundError_Failure" />
    </UnitTest>
    <UnitTest name="VideoOS.IdentityServer.UnitTests.Controllers.ClientsControllerTests.RegisterClientAuthorizationCodeFlow_ClientDoesNotExists_ClientIsCreatedAndNoSecretReturned" storage="d:\actions-runner\_work\xpco\xpco\identityserver\videoos.identityserver.unittests\bin\debug\net6.0\win-x64\videoos.identityserver.unittests.dll" id="483bd5d1-7e4f-66ba-7653-fe651ec19642">
      <Execution id="45eaa3c1-09b9-4162-a8fb-effb1eb7f9a3" />
      <TestMethod codeBase="D:\actions-runner\_work\XPCO\XPCO\IdentityServer\VideoOS.IdentityServer.UnitTests\bin\Debug\net6.0\win-x64\VideoOS.IdentityServer.UnitTests.dll" adapterTypeName="executor://xunit/VsTestRunner2/netcoreapp" className="VideoOS.IdentityServer.UnitTests.Controllers.ClientsControllerTests" name="RegisterClientAuthorizationCodeFlow_ClientDoesNotExists_ClientIsCreatedAndNoSecretReturned" />
    </UnitTest>
    <UnitTest name="VideoOS.IdentityServer.UnitTests.NLogConfiguration.NLogConfiguratorTests.AddFilter_LogRuleFound_FilterAdded" storage="d:\actions-runner\_work\xpco\xpco\identityserver\videoos.identityserver.unittests\bin\debug\net6.0\win-x64\videoos.identityserver.unittests.dll" id="c161378b-642a-f85a-4142-ed10deeef57b">
      <Execution id="e1410f45-d6b1-41b2-ae0a-47ecd98d1d5b" />
      <TestMethod codeBase="D:\actions-runner\_work\XPCO\XPCO\IdentityServer\VideoOS.IdentityServer.UnitTests\bin\Debug\net6.0\win-x64\VideoOS.IdentityServer.UnitTests.dll" adapterTypeName="executor://xunit/VsTestRunner2/netcoreapp" className="VideoOS.IdentityServer.UnitTests.NLogConfiguration.NLogConfiguratorTests" name="AddFilter_LogRuleFound_FilterAdded" />
    </UnitTest>
    <UnitTest name="VideoOS.IdentityServer.UnitTests.Attributes.DisallowCharacterAttributeTests.IsValid_ContainsDisallowedCharacters_ReturnsFalse(value: &quot;milestone\\fam&quot;)" storage="d:\actions-runner\_work\xpco\xpco\identityserver\videoos.identityserver.unittests\bin\debug\net6.0\win-x64\videoos.identityserver.unittests.dll" id="734f9566-cbc0-51b2-0263-6214f1a3d5ce">
      <Execution id="48bd3ce0-cfbc-44df-ad17-a685f5c59657" />
      <TestMethod codeBase="D:\actions-runner\_work\XPCO\XPCO\IdentityServer\VideoOS.IdentityServer.UnitTests\bin\Debug\net6.0\win-x64\VideoOS.IdentityServer.UnitTests.dll" adapterTypeName="executor://xunit/VsTestRunner2/netcoreapp" className="VideoOS.IdentityServer.UnitTests.Attributes.DisallowCharacterAttributeTests" name="IsValid_ContainsDisallowedCharacters_ReturnsFalse" />
    </UnitTest>
    <UnitTest name="VideoOS.IdentityServer.UnitTests.GrantValidators.TokenExchangeGrantValidatorTests.ValidateAsync_TokenValidated_ValidResponseReturned" storage="d:\actions-runner\_work\xpco\xpco\identityserver\videoos.identityserver.unittests\bin\debug\net6.0\win-x64\videoos.identityserver.unittests.dll" id="c279d0aa-a1e8-5fbf-52c3-2919c88fb82e">
      <Execution id="a7319f14-9d73-45cc-ab2e-c0e0ca9a25f3" />
      <TestMethod codeBase="D:\actions-runner\_work\XPCO\XPCO\IdentityServer\VideoOS.IdentityServer.UnitTests\bin\Debug\net6.0\win-x64\VideoOS.IdentityServer.UnitTests.dll" adapterTypeName="executor://xunit/VsTestRunner2/netcoreapp" className="VideoOS.IdentityServer.UnitTests.GrantValidators.TokenExchangeGrantValidatorTests" name="ValidateAsync_TokenValidated_ValidResponseReturned" />
    </UnitTest>
    <UnitTest name="VideoOS.IdentityServer.UnitTests.Controllers.UsersControllerTests.Delete_DeleteFails_ReturnBadRequest" storage="d:\actions-runner\_work\xpco\xpco\identityserver\videoos.identityserver.unittests\bin\debug\net6.0\win-x64\videoos.identityserver.unittests.dll" id="92c94542-374a-ed7f-ea63-7a7f6d274b7b">
      <Execution id="4de77397-5e0f-43ca-8ad3-2ab2e4002dd6" />
      <TestMethod codeBase="D:\actions-runner\_work\XPCO\XPCO\IdentityServer\VideoOS.IdentityServer.UnitTests\bin\Debug\net6.0\win-x64\VideoOS.IdentityServer.UnitTests.dll" adapterTypeName="executor://xunit/VsTestRunner2/netcoreapp" className="VideoOS.IdentityServer.UnitTests.Controllers.UsersControllerTests" name="Delete_DeleteFails_ReturnBadRequest" />
    </UnitTest>
    <UnitTest name="VideoOS.IdentityServer.UnitTests.Controllers.UsersControllerTests.Patch_UpdateFails_ReturnBadRequest" storage="d:\actions-runner\_work\xpco\xpco\identityserver\videoos.identityserver.unittests\bin\debug\net6.0\win-x64\videoos.identityserver.unittests.dll" id="fc7d9da9-12c3-859d-7e0a-2f887e4ce1b8">
      <Execution id="51dab09d-5bd2-4364-a8d3-5063b35e6ff1" />
      <TestMethod codeBase="D:\actions-runner\_work\XPCO\XPCO\IdentityServer\VideoOS.IdentityServer.UnitTests\bin\Debug\net6.0\win-x64\VideoOS.IdentityServer.UnitTests.dll" adapterTypeName="executor://xunit/VsTestRunner2/netcoreapp" className="VideoOS.IdentityServer.UnitTests.Controllers.UsersControllerTests" name="Patch_UpdateFails_ReturnBadRequest" />
    </UnitTest>
    <UnitTest name="VideoOS.IdentityServer.UnitTests.Repositories.VmsUserManagerTests.FindByIdsAsync_UsersFound_Users" storage="d:\actions-runner\_work\xpco\xpco\identityserver\videoos.identityserver.unittests\bin\debug\net6.0\win-x64\videoos.identityserver.unittests.dll" id="cb32f69f-efc6-c410-d588-b2c4340f8817">
      <Execution id="d8ed5e4e-a138-456b-91d1-a783ef072f82" />
      <TestMethod codeBase="D:\actions-runner\_work\XPCO\XPCO\IdentityServer\VideoOS.IdentityServer.UnitTests\bin\Debug\net6.0\win-x64\VideoOS.IdentityServer.UnitTests.dll" adapterTypeName="executor://xunit/VsTestRunner2/netcoreapp" className="VideoOS.IdentityServer.UnitTests.Repositories.VmsUserManagerTests" name="FindByIdsAsync_UsersFound_Users" />
    </UnitTest>
    <UnitTest name="VideoOS.IdentityServer.UnitTests.Helper.ExpressionBuilderTests.FromString_DifferentQueriesWithDisallowedSearchNames_ThrowsInvalidOperationException(query: &quot;number eq 4&quot;, allowedSearchNames: [&quot;Name&quot;])" storage="d:\actions-runner\_work\xpco\xpco\identityserver\videoos.identityserver.unittests\bin\debug\net6.0\win-x64\videoos.identityserver.unittests.dll" id="da34095a-4f48-fcf8-49d7-10ec99566230">
      <Execution id="9fc21270-ab2f-47f3-bbfb-e0ee8ff76611" />
      <TestMethod codeBase="D:\actions-runner\_work\XPCO\XPCO\IdentityServer\VideoOS.IdentityServer.UnitTests\bin\Debug\net6.0\win-x64\VideoOS.IdentityServer.UnitTests.dll" adapterTypeName="executor://xunit/VsTestRunner2/netcoreapp" className="VideoOS.IdentityServer.UnitTests.Helper.ExpressionBuilderTests" name="FromString_DifferentQueriesWithDisallowedSearchNames_ThrowsInvalidOperationException" />
    </UnitTest>
    <UnitTest name="VideoOS.IdentityServer.UnitTests.Controllers.TrustedIssuersControllerTests.Put_TrustedIssuerDoesnNotExist_TrustedIssuerNotFoundError" storage="d:\actions-runner\_work\xpco\xpco\identityserver\videoos.identityserver.unittests\bin\debug\net6.0\win-x64\videoos.identityserver.unittests.dll" id="e7442daf-39a2-9945-c85a-3f299df6b7ba">
      <Execution id="4e564b4c-78cf-4ec3-84ff-b1704e2f13f5" />
      <TestMethod codeBase="D:\actions-runner\_work\XPCO\XPCO\IdentityServer\VideoOS.IdentityServer.UnitTests\bin\Debug\net6.0\win-x64\VideoOS.IdentityServer.UnitTests.dll" adapterTypeName="executor://xunit/VsTestRunner2/netcoreapp" className="VideoOS.IdentityServer.UnitTests.Controllers.TrustedIssuersControllerTests" name="Put_TrustedIssuerDoesnNotExist_TrustedIssuerNotFoundError" />
    </UnitTest>
    <UnitTest name="VideoOS.IdentityServer.UnitTests.Services.UserProvisionerTests.CreateOrUpdateUser_UserExistsUpdateExternalClaims_ExpectedClaimsAsInput" storage="d:\actions-runner\_work\xpco\xpco\identityserver\videoos.identityserver.unittests\bin\debug\net6.0\win-x64\videoos.identityserver.unittests.dll" id="363fcb95-f3be-f992-3fe9-9ea3d3b0fe13">
      <Execution id="a6b9801c-6e06-45c2-a462-7b71b90b284d" />
      <TestMethod codeBase="D:\actions-runner\_work\XPCO\XPCO\IdentityServer\VideoOS.IdentityServer.UnitTests\bin\Debug\net6.0\win-x64\VideoOS.IdentityServer.UnitTests.dll" adapterTypeName="executor://xunit/VsTestRunner2/netcoreapp" className="VideoOS.IdentityServer.UnitTests.Services.UserProvisionerTests" name="CreateOrUpdateUser_UserExistsUpdateExternalClaims_ExpectedClaimsAsInput" />
    </UnitTest>
    <UnitTest name="VideoOS.IdentityServer.UnitTests.GrantValidators.TokenExchangeGrantValidatorTests.ValidateAsync_ValidateAndExtractSubjectTokenFailed_InvalidRequestReturned" storage="d:\actions-runner\_work\xpco\xpco\identityserver\videoos.identityserver.unittests\bin\debug\net6.0\win-x64\videoos.identityserver.unittests.dll" id="4a1359fc-72ed-3e9b-62c1-570e98338ddd">
      <Execution id="536cb85d-c662-4e33-890f-5a456b9f6b3f" />
      <TestMethod codeBase="D:\actions-runner\_work\XPCO\XPCO\IdentityServer\VideoOS.IdentityServer.UnitTests\bin\Debug\net6.0\win-x64\VideoOS.IdentityServer.UnitTests.dll" adapterTypeName="executor://xunit/VsTestRunner2/netcoreapp" className="VideoOS.IdentityServer.UnitTests.GrantValidators.TokenExchangeGrantValidatorTests" name="ValidateAsync_ValidateAndExtractSubjectTokenFailed_InvalidRequestReturned" />
    </UnitTest>
    <UnitTest name="VideoOS.IdentityServer.UnitTests.Controllers.ExternalProviderManagerTests.UpdateProvider_LoginProvider_Enabled_NoSecret_AlreadyExists_RemovesConfiguration" storage="d:\actions-runner\_work\xpco\xpco\identityserver\videoos.identityserver.unittests\bin\debug\net6.0\win-x64\videoos.identityserver.unittests.dll" id="b15cbe91-1a7c-3e51-ee2d-df5d041497fc">
      <Execution id="9af33a55-3a46-4ee4-91b3-d7eabef89f83" />
      <TestMethod codeBase="D:\actions-runner\_work\XPCO\XPCO\IdentityServer\VideoOS.IdentityServer.UnitTests\bin\Debug\net6.0\win-x64\VideoOS.IdentityServer.UnitTests.dll" adapterTypeName="executor://xunit/VsTestRunner2/netcoreapp" className="VideoOS.IdentityServer.UnitTests.Controllers.ExternalProviderManagerTests" name="UpdateProvider_LoginProvider_Enabled_NoSecret_AlreadyExists_RemovesConfiguration" />
    </UnitTest>
    <UnitTest name="VideoOS.IdentityServer.UnitTests.Extensions.IQueryAbleExtensionsTests.Paginate_ArgumentNotOrdered_ThrowArgumentException" storage="d:\actions-runner\_work\xpco\xpco\identityserver\videoos.identityserver.unittests\bin\debug\net6.0\win-x64\videoos.identityserver.unittests.dll" id="24c04284-064f-8992-4640-f51fd7e9f897">
      <Execution id="2c414205-2807-42e0-b741-6bbe30fdcb48" />
      <TestMethod codeBase="D:\actions-runner\_work\XPCO\XPCO\IdentityServer\VideoOS.IdentityServer.UnitTests\bin\Debug\net6.0\win-x64\VideoOS.IdentityServer.UnitTests.dll" adapterTypeName="executor://xunit/VsTestRunner2/netcoreapp" className="VideoOS.IdentityServer.UnitTests.Extensions.IQueryAbleExtensionsTests" name="Paginate_ArgumentNotOrdered_ThrowArgumentException" />
    </UnitTest>
  </TestDefinitions>
  <TestEntries>
    <TestEntry testId="17a17d61-3693-4beb-a69c-da690ff6fcd4" executionId="598b1a60-34ed-48ba-93b0-94b70cf2ce76" testListId="8c84fa94-04c1-424b-9868-57a2d4851a1d" />
    <TestEntry testId="6852fa0d-96bc-81d2-59b0-8e8004a5deb8" executionId="44f31286-2def-407f-b26b-1ba5fe4d25b0" testListId="8c84fa94-04c1-424b-9868-57a2d4851a1d" />
    <TestEntry testId="7144b9cd-8b82-fd81-0514-67816e952a1b" executionId="57d04d25-0b64-4a00-a3c4-522da380f055" testListId="8c84fa94-04c1-424b-9868-57a2d4851a1d" />
    <TestEntry testId="3ce805ef-0df2-a3e6-ebeb-47289be70483" executionId="fad6a1ef-11e3-467e-9760-af5326a880b7" testListId="8c84fa94-04c1-424b-9868-57a2d4851a1d" />
    <TestEntry testId="32695111-f0d1-5117-1ea3-fba755aaec22" executionId="8d530fd9-5acd-45f8-bfbf-5d1cd0975674" testListId="8c84fa94-04c1-424b-9868-57a2d4851a1d" />
    <TestEntry testId="d2484591-128b-24ef-8f52-6d83f7bc2c3f" executionId="6176cf72-1802-40c7-bfd1-2eaf01b95ab8" testListId="8c84fa94-04c1-424b-9868-57a2d4851a1d" />
    <TestEntry testId="6d4dcff1-e71e-7eba-b747-dc0d28b69028" executionId="c2f2471f-07db-4c2a-8dda-58f7d7049efb" testListId="8c84fa94-04c1-424b-9868-57a2d4851a1d" />
    <TestEntry testId="2c26c12f-3ca5-522d-9529-d126717062be" executionId="a489a8d1-90ac-4a58-8d71-716d15dad3a2" testListId="8c84fa94-04c1-424b-9868-57a2d4851a1d" />
    <TestEntry testId="79d67e59-7fbf-c07f-2150-4782871231d6" executionId="971682ae-361b-4269-a3b7-f183f628da7a" testListId="8c84fa94-04c1-424b-9868-57a2d4851a1d" />
    <TestEntry testId="8efb1ec5-b7e8-b3c6-0ad4-6500f872cd9c" executionId="8b07f41e-549d-403f-aead-74c7fcea40ba" testListId="8c84fa94-04c1-424b-9868-57a2d4851a1d" />
    <TestEntry testId="0d85d1a5-4587-cde5-d4f6-a2747cae77f0" executionId="e55f0c1c-30c1-4ffc-9a7f-acca2e7197ed" testListId="8c84fa94-04c1-424b-9868-57a2d4851a1d" />
    <TestEntry testId="d5541448-b537-d06e-8c14-f0a217384950" executionId="c383a869-ea1f-4d78-be55-b4bb7bfad802" testListId="8c84fa94-04c1-424b-9868-57a2d4851a1d" />
    <TestEntry testId="4a7b3dd0-e4cf-93e6-ea32-71b917028e9d" executionId="9fca3fee-6179-4972-8442-7da009b3c00f" testListId="8c84fa94-04c1-424b-9868-57a2d4851a1d" />
    <TestEntry testId="00d7f6e7-1681-b470-5943-2b2a47f76c10" executionId="0453393b-7a45-4f0b-9b01-7716b7c438c4" testListId="8c84fa94-04c1-424b-9868-57a2d4851a1d" />
    <TestEntry testId="473a3c80-3ea8-a077-65a6-e1d2c4bcc082" executionId="9226b984-a659-4ade-87e3-83b35fc00b92" testListId="8c84fa94-04c1-424b-9868-57a2d4851a1d" />
    <TestEntry testId="670ae904-55a3-8185-fd54-c63dd045f796" executionId="7124a1e5-b73c-4396-aae5-39dc9bb3108d" testListId="8c84fa94-04c1-424b-9868-57a2d4851a1d" />
    <TestEntry testId="492dace9-3b0a-d697-1385-c13f3d43e0e4" executionId="a418ea2b-abb4-425d-9ea0-05d5c3c899c3" testListId="8c84fa94-04c1-424b-9868-57a2d4851a1d" />
    <TestEntry testId="f2ce5a84-ec77-f411-f0d1-52ef065f2825" executionId="5959ad4d-97d5-4ec8-b77b-071b8c58d30b" testListId="8c84fa94-04c1-424b-9868-57a2d4851a1d" />
    <TestEntry testId="36459205-3fff-99ea-a8bb-b5596965c4e0" executionId="41869d58-b697-448a-90e4-2ba0feedd856" testListId="8c84fa94-04c1-424b-9868-57a2d4851a1d" />
    <TestEntry testId="32d31b65-fa07-6661-d591-50910694ecd1" executionId="475b32b4-580b-4f29-8546-ef19db358813" testListId="8c84fa94-04c1-424b-9868-57a2d4851a1d" />
    <TestEntry testId="21d411b8-728d-403f-1163-65295fe6c37a" executionId="e2648b1f-d27f-452d-b309-7c805a9a329c" testListId="8c84fa94-04c1-424b-9868-57a2d4851a1d" />
    <TestEntry testId="453ac4b1-ff13-2691-3fe8-455ba35d7332" executionId="05538978-282e-4dca-bcfe-a4caed39e959" testListId="8c84fa94-04c1-424b-9868-57a2d4851a1d" />
    <TestEntry testId="d46eeb73-e964-e08a-1fbd-08c1223b20cd" executionId="28dd9a40-52f7-471b-9814-f3bebcb1afb6" testListId="8c84fa94-04c1-424b-9868-57a2d4851a1d" />
    <TestEntry testId="5de2ac4a-ce20-5c4a-e02b-66d9452032da" executionId="eb780ef6-6a15-4ee2-82b9-ed8e66cc75cb" testListId="8c84fa94-04c1-424b-9868-57a2d4851a1d" />
    <TestEntry testId="f1dd52a8-3970-8b00-915d-53f41e6de369" executionId="0c3717b8-37d6-4dcb-aba0-07858b106951" testListId="8c84fa94-04c1-424b-9868-57a2d4851a1d" />
    <TestEntry testId="3675eaec-c59e-9a8e-9bcb-78e436b9d77d" executionId="c7b67af1-e567-49a8-8a24-73c86a434768" testListId="8c84fa94-04c1-424b-9868-57a2d4851a1d" />
    <TestEntry testId="2ef36e24-191a-4027-ef03-9d31e948af8b" executionId="a6014e8b-20c8-458f-bd6b-50d9073f2b9e" testListId="8c84fa94-04c1-424b-9868-57a2d4851a1d" />
    <TestEntry testId="1d389ffb-2e11-5848-1632-d0c27e2b06c9" executionId="32376bda-26b6-4fb9-909a-8e9763480f09" testListId="8c84fa94-04c1-424b-9868-57a2d4851a1d" />
    <TestEntry testId="8e8cb7e0-78e5-ded1-0e93-cda5bf51d581" executionId="48fe76e5-809a-4346-b115-03f0c40e61de" testListId="8c84fa94-04c1-424b-9868-57a2d4851a1d" />
    <TestEntry testId="7afc244c-1882-5877-2a81-7cbc434e16a6" executionId="7cbaf870-a2af-42c5-a334-628a166036b9" testListId="8c84fa94-04c1-424b-9868-57a2d4851a1d" />
    <TestEntry testId="fc7d9da9-12c3-859d-7e0a-2f887e4ce1b8" executionId="51dab09d-5bd2-4364-a8d3-5063b35e6ff1" testListId="8c84fa94-04c1-424b-9868-57a2d4851a1d" />
    <TestEntry testId="4a1359fc-72ed-3e9b-62c1-570e98338ddd" executionId="536cb85d-c662-4e33-890f-5a456b9f6b3f" testListId="8c84fa94-04c1-424b-9868-57a2d4851a1d" />
    <TestEntry testId="c285aa96-6560-5b1c-5ee3-ecc88bb64559" executionId="5957f22c-dc47-46ca-9422-6648db1fb1bf" testListId="8c84fa94-04c1-424b-9868-57a2d4851a1d" />
    <TestEntry testId="55d780a0-2673-7fac-c57d-1246cf3e308f" executionId="c6e64b92-f9d8-4618-b6b3-5fa5c467c117" testListId="8c84fa94-04c1-424b-9868-57a2d4851a1d" />
    <TestEntry testId="4593cd33-2e03-9acc-1ca8-9687f0404b31" executionId="c43827bc-5501-490a-86da-6b2cbe8b1f1a" testListId="8c84fa94-04c1-424b-9868-57a2d4851a1d" />
    <TestEntry testId="f9f9c1a9-026b-519c-10d7-173536d70fa9" executionId="39c42786-f86b-4e90-a52d-281ca4a01ada" testListId="8c84fa94-04c1-424b-9868-57a2d4851a1d" />
    <TestEntry testId="93cfa45e-50b0-604c-c09c-2e5001172962" executionId="83dbbd35-fd4b-47bd-885a-5a9ba73aacf5" testListId="8c84fa94-04c1-424b-9868-57a2d4851a1d" />
    <TestEntry testId="13a66c9f-2eb4-db3a-7de2-27ae71a16c10" executionId="f6025e37-dae1-43b6-9a76-2cd9be44e5a9" testListId="8c84fa94-04c1-424b-9868-57a2d4851a1d" />
    <TestEntry testId="0ba0d8ee-e084-2fae-4304-de087e848ec3" executionId="7a69a5dc-fc26-4eef-8a29-f20f47db0d65" testListId="8c84fa94-04c1-424b-9868-57a2d4851a1d" />
    <TestEntry testId="8077f55b-866c-8b6a-e210-2bf14ffef320" executionId="c7db676a-fce2-4e3a-9502-d1f9e38c0cb6" testListId="8c84fa94-04c1-424b-9868-57a2d4851a1d" />
    <TestEntry testId="9dc45e64-4511-e60b-b229-5c6fc36d1771" executionId="9d150284-07a9-4bdd-b2f1-b62572d0577d" testListId="8c84fa94-04c1-424b-9868-57a2d4851a1d" />
    <TestEntry testId="37c2b8ed-5307-fd14-fb78-5826ba25894d" executionId="4154be0f-c76a-44f4-b82e-301320b68d35" testListId="8c84fa94-04c1-424b-9868-57a2d4851a1d" />
    <TestEntry testId="fa378fcf-ab9c-4481-d1e8-d9cef920ea0f" executionId="cacaefef-5d93-4d8a-b51c-fb993e185e90" testListId="8c84fa94-04c1-424b-9868-57a2d4851a1d" />
    <TestEntry testId="9168d8da-a349-31dd-2b45-0a6d377d0f4c" executionId="18507f79-abe6-435f-b98c-9017540e0b11" testListId="8c84fa94-04c1-424b-9868-57a2d4851a1d" />
    <TestEntry testId="054a59ea-182f-5736-1129-9e52b20b70d3" executionId="ef8f2467-11cd-4109-a6ff-966a4fced8b1" testListId="8c84fa94-04c1-424b-9868-57a2d4851a1d" />
    <TestEntry testId="726e7ea3-087e-6d58-bc91-81673a1be569" executionId="7e4af271-4dd6-4dfc-a378-25e239cf3ba2" testListId="8c84fa94-04c1-424b-9868-57a2d4851a1d" />
    <TestEntry testId="60f49aec-c5b4-99ea-1acb-b873f5055301" executionId="e65a951f-50a4-406b-97b4-20f67c9772ab" testListId="8c84fa94-04c1-424b-9868-57a2d4851a1d" />
    <TestEntry testId="4f5a6cc6-1969-6f9b-ec83-8d5bda87395f" executionId="d7091ef5-e73f-460d-8c2f-979a6cf5d6e4" testListId="8c84fa94-04c1-424b-9868-57a2d4851a1d" />
    <TestEntry testId="7c38c405-6200-5a1a-0fda-e13867787aa4" executionId="655ca421-0bde-4c9f-96e1-3b81a005f7ce" testListId="8c84fa94-04c1-424b-9868-57a2d4851a1d" />
    <TestEntry testId="01433ef2-8b3d-c050-4c37-ad60206b679e" executionId="ec61cfac-a0d8-415f-b8aa-2c935fcd4de4" testListId="8c84fa94-04c1-424b-9868-57a2d4851a1d" />
    <TestEntry testId="609c826a-3755-6de6-3e90-3398130aa650" executionId="a857dc4e-a948-45ba-b0ff-5915ad8674e2" testListId="8c84fa94-04c1-424b-9868-57a2d4851a1d" />
    <TestEntry testId="c3d62fdb-9f77-4aa5-0654-aae86222d252" executionId="f3372d32-f340-4902-9c27-99c4f7ce8355" testListId="8c84fa94-04c1-424b-9868-57a2d4851a1d" />
    <TestEntry testId="85bf3866-403f-6cdd-9f23-280601254ec9" executionId="d6b30d22-c206-40a5-aee8-ebc831198eb8" testListId="8c84fa94-04c1-424b-9868-57a2d4851a1d" />
    <TestEntry testId="88de0f63-ba78-57ec-2506-bc07443ca376" executionId="ad6ef279-9709-40ed-9e36-1edbeeef844d" testListId="8c84fa94-04c1-424b-9868-57a2d4851a1d" />
    <TestEntry testId="1fc6513f-0401-0907-ea53-a69e52aa54a2" executionId="319271f4-bda5-4f27-9d04-68b189a6d153" testListId="8c84fa94-04c1-424b-9868-57a2d4851a1d" />
    <TestEntry testId="87f4d9b7-2d7e-23c1-4003-883f358f7c2a" executionId="fd940747-b35d-49de-9482-0946652fed7b" testListId="8c84fa94-04c1-424b-9868-57a2d4851a1d" />
    <TestEntry testId="3e1add04-de3f-c9f0-b251-36e0ce7c9141" executionId="f1171945-45bd-426a-ab5e-df6592fd1b08" testListId="8c84fa94-04c1-424b-9868-57a2d4851a1d" />
    <TestEntry testId="d798ebf8-5eb5-d224-24ef-355e17a6ee53" executionId="c0e2d19d-2c62-4eea-bd21-5d0121579a98" testListId="8c84fa94-04c1-424b-9868-57a2d4851a1d" />
    <TestEntry testId="f745d7c9-1b6e-8536-9e6d-7f308c1a00c6" executionId="e8450887-e605-4adf-b611-edab92006564" testListId="8c84fa94-04c1-424b-9868-57a2d4851a1d" />
    <TestEntry testId="eba938f9-1de9-a6d2-1cc3-c22477755358" executionId="e577ee7e-b1fd-4589-8b46-122f0e137c95" testListId="8c84fa94-04c1-424b-9868-57a2d4851a1d" />
    <TestEntry testId="9805a00b-17c2-ac10-b04e-31770952e806" executionId="cd20c321-3186-424d-948c-8128e1550e7b" testListId="8c84fa94-04c1-424b-9868-57a2d4851a1d" />
    <TestEntry testId="363fcb95-f3be-f992-3fe9-9ea3d3b0fe13" executionId="39b55ae2-26c8-499c-895b-392f850b5108" testListId="8c84fa94-04c1-424b-9868-57a2d4851a1d" />
    <TestEntry testId="8bed271a-762f-7749-24bd-471c01a4f81b" executionId="93c94eab-1a4e-445b-bde9-378d68b6197d" testListId="8c84fa94-04c1-424b-9868-57a2d4851a1d" />
    <TestEntry testId="43197df3-7437-0ac0-2a16-3d7ff5077152" executionId="d41887bb-2455-41b9-903a-f0bd48c1ed76" testListId="8c84fa94-04c1-424b-9868-57a2d4851a1d" />
    <TestEntry testId="019ddef2-79b7-3e6f-c319-8751953491cf" executionId="65a5ea4e-93e6-4023-8878-4240387aa767" testListId="8c84fa94-04c1-424b-9868-57a2d4851a1d" />
    <TestEntry testId="8827fc4b-9473-8119-896d-eed4bf525c64" executionId="bb79a7f6-6ece-456d-aa6d-7fe967ed6252" testListId="8c84fa94-04c1-424b-9868-57a2d4851a1d" />
    <TestEntry testId="19419903-3bc3-a8cc-7415-7803df6439d8" executionId="6eb54cc4-ea5a-4687-898d-af5428eadc98" testListId="8c84fa94-04c1-424b-9868-57a2d4851a1d" />
    <TestEntry testId="d9266e78-bee1-2a29-f233-9658bb6cbdf0" executionId="3e98f11b-7e46-4920-a7ea-cb12cf8d3af0" testListId="8c84fa94-04c1-424b-9868-57a2d4851a1d" />
    <TestEntry testId="53e33bfa-4472-50f1-ad88-06723b773ced" executionId="43ffd9f5-d062-4cbb-8776-cdf9a663f809" testListId="8c84fa94-04c1-424b-9868-57a2d4851a1d" />
    <TestEntry testId="454207ce-e227-03f9-a503-fae7cc260b73" executionId="03aed179-e35f-4b4c-b1ca-3ac3f0051266" testListId="8c84fa94-04c1-424b-9868-57a2d4851a1d" />
    <TestEntry testId="554bc2dc-5683-0353-ab18-b38abe873c7a" executionId="39b1729d-f8c4-425b-92eb-7bb934181693" testListId="8c84fa94-04c1-424b-9868-57a2d4851a1d" />
    <TestEntry testId="7710bff0-8d19-9987-cfcb-d6d3fac71252" executionId="5f0d9bcb-6a18-400d-9458-7530c58dbdca" testListId="8c84fa94-04c1-424b-9868-57a2d4851a1d" />
    <TestEntry testId="73af1a05-910c-f0d8-d5f3-cfbb3860e5f2" executionId="56bb3107-1984-4310-80e8-a0e87a26017f" testListId="8c84fa94-04c1-424b-9868-57a2d4851a1d" />
    <TestEntry testId="c7b38266-3989-17e5-633a-0b7d19afb4c4" executionId="87ecfa17-d06c-4006-9621-7f4638eec05d" testListId="8c84fa94-04c1-424b-9868-57a2d4851a1d" />
    <TestEntry testId="0f441947-64c0-3c8f-c58e-90fe1a065165" executionId="98cce6c0-fab4-4fcd-9e0e-45ebeccd96f6" testListId="8c84fa94-04c1-424b-9868-57a2d4851a1d" />
    <TestEntry testId="18fa64fa-97ab-ff66-4700-6c977c6610be" executionId="20f82818-6e3d-422d-84ff-51a4b2ba786d" testListId="8c84fa94-04c1-424b-9868-57a2d4851a1d" />
    <TestEntry testId="c2a30588-211f-3067-d90d-ea2b0f188d42" executionId="fec0e7e4-417d-4280-9100-151c2f917dc3" testListId="8c84fa94-04c1-424b-9868-57a2d4851a1d" />
    <TestEntry testId="e7442daf-39a2-9945-c85a-3f299df6b7ba" executionId="4e564b4c-78cf-4ec3-84ff-b1704e2f13f5" testListId="8c84fa94-04c1-424b-9868-57a2d4851a1d" />
    <TestEntry testId="59ddccc5-1796-d0db-aa60-e975ef3b526d" executionId="22d479ad-79dd-412e-9101-7094f2fa0bf4" testListId="8c84fa94-04c1-424b-9868-57a2d4851a1d" />
    <TestEntry testId="a4e9e6d8-4075-3279-3fca-8bde89c4eb77" executionId="23964774-af0e-4854-81c8-6bed8760cd86" testListId="8c84fa94-04c1-424b-9868-57a2d4851a1d" />
    <TestEntry testId="f6517591-3689-63fc-d500-3583198fed0d" executionId="a30c5e1b-5eff-4e4b-9639-faa3238bcae5" testListId="8c84fa94-04c1-424b-9868-57a2d4851a1d" />
    <TestEntry testId="1b1c617e-e8c3-892a-0a73-9823ff0526e1" executionId="f6798df4-946d-4728-8be1-3d83a605d9fa" testListId="8c84fa94-04c1-424b-9868-57a2d4851a1d" />
    <TestEntry testId="a6c5fa75-cea3-5603-d1cb-2b654429ae90" executionId="6d17ed19-2931-4fd1-9dbe-9277f5ce004e" testListId="8c84fa94-04c1-424b-9868-57a2d4851a1d" />
    <TestEntry testId="ec2ada40-681f-61bd-0d28-7b6f8dc30809" executionId="5ccc6294-bd97-4ada-8cf7-2b96dd486bfb" testListId="8c84fa94-04c1-424b-9868-57a2d4851a1d" />
    <TestEntry testId="d317f81f-bce9-b89e-fa54-8643b71e0922" executionId="c3b07d7c-0f7e-43ed-8512-f62ed11be501" testListId="8c84fa94-04c1-424b-9868-57a2d4851a1d" />
    <TestEntry testId="174d39b0-bd84-a0df-73ab-c147dfe89409" executionId="4e7cceb5-c526-4ec3-a13a-3696e8044189" testListId="8c84fa94-04c1-424b-9868-57a2d4851a1d" />
    <TestEntry testId="eb1887f2-99e8-2199-5e42-44d49a96c712" executionId="d2cfcd55-22e1-4670-8c9c-26d65ca2e438" testListId="8c84fa94-04c1-424b-9868-57a2d4851a1d" />
    <TestEntry testId="b76ba26d-44b3-e26c-27b8-2e42a199bd90" executionId="5ebf254e-08aa-42a9-9146-0948e291afae" testListId="8c84fa94-04c1-424b-9868-57a2d4851a1d" />
    <TestEntry testId="bca552ad-4711-dd0b-15ca-0ec01c5a338b" executionId="4b4a6b6e-3f6c-4278-9c7a-ad32d352e9cf" testListId="8c84fa94-04c1-424b-9868-57a2d4851a1d" />
    <TestEntry testId="3ca046f6-2934-db24-a17c-dfba6a65a4d4" executionId="f3a1ff72-82d6-408a-a39c-26b3da353c14" testListId="8c84fa94-04c1-424b-9868-57a2d4851a1d" />
    <TestEntry testId="2295bf5f-54b2-7009-b249-bb8ff450a189" executionId="9a0c19c5-fa12-42e8-abb1-c2fe3759bd28" testListId="8c84fa94-04c1-424b-9868-57a2d4851a1d" />
    <TestEntry testId="09bd1177-f0ac-b268-be1b-885ab1f4828a" executionId="214ce57e-2a24-4853-b485-ba62cdf11df7" testListId="8c84fa94-04c1-424b-9868-57a2d4851a1d" />
    <TestEntry testId="5079d3fc-6790-cdcd-e37e-18fc2e9b3433" executionId="351aa061-7a17-4e33-8d14-69792a5ba69a" testListId="8c84fa94-04c1-424b-9868-57a2d4851a1d" />
    <TestEntry testId="2191f6dd-5015-945f-601a-a7b0a8fde314" executionId="1c9708ae-5d43-4da9-bfbc-f6efc77868ca" testListId="8c84fa94-04c1-424b-9868-57a2d4851a1d" />
    <TestEntry testId="865331f5-7c91-bdd2-0d8a-285f3542c5e4" executionId="13885756-df08-445e-8f6b-fb6a2a1a7f3d" testListId="8c84fa94-04c1-424b-9868-57a2d4851a1d" />
    <TestEntry testId="916b12d7-8610-3d11-74fa-814e50a8b226" executionId="e56c5445-fba6-465b-93b5-d3e356c0d038" testListId="8c84fa94-04c1-424b-9868-57a2d4851a1d" />
    <TestEntry testId="7f59dbcd-75fe-db1e-8ad0-2f58f53f04a1" executionId="ab51821b-5a04-46a8-9908-2911cc7ef5aa" testListId="8c84fa94-04c1-424b-9868-57a2d4851a1d" />
    <TestEntry testId="4f5a6cc6-1969-6f9b-ec83-8d5bda87395f" executionId="2e83a77c-5074-4fd8-9dd9-c80bae023858" testListId="8c84fa94-04c1-424b-9868-57a2d4851a1d" />
    <TestEntry testId="7c812c75-8698-739c-a3b1-a7c2920998be" executionId="6a889b0d-dd34-48f6-9b31-7abcd124bb12" testListId="8c84fa94-04c1-424b-9868-57a2d4851a1d" />
    <TestEntry testId="c6ece820-8868-fea0-1530-fea93176d268" executionId="d97b7145-3b97-4ede-892a-9607ece2a864" testListId="8c84fa94-04c1-424b-9868-57a2d4851a1d" />
    <TestEntry testId="5be0f320-a152-b431-cfb2-bf34547301b1" executionId="9e7d2497-f429-4c77-9813-89daca0c98e4" testListId="8c84fa94-04c1-424b-9868-57a2d4851a1d" />
    <TestEntry testId="93cfa45e-50b0-604c-c09c-2e5001172962" executionId="2693a01d-097c-4f7d-b51c-c1e53981d493" testListId="8c84fa94-04c1-424b-9868-57a2d4851a1d" />
    <TestEntry testId="b84beae9-8212-fbc1-9d19-d4118dca21e2" executionId="e19ffe56-91bf-4f95-bd0f-6ad4554c91a6" testListId="8c84fa94-04c1-424b-9868-57a2d4851a1d" />
    <TestEntry testId="4718eeb0-d826-53ff-d747-fb40212f3413" executionId="2de13c7d-f0d0-4608-8311-ae0e4ee3c3c2" testListId="8c84fa94-04c1-424b-9868-57a2d4851a1d" />
    <TestEntry testId="e9cda017-59c6-0e25-c577-52365991f63e" executionId="e1b96b22-c731-41b3-bd66-98ce1d51ac4e" testListId="8c84fa94-04c1-424b-9868-57a2d4851a1d" />
    <TestEntry testId="0183fccb-d77a-a03a-5714-d0062038a2df" executionId="dd64aaa0-1c75-4812-a696-2cbd88f39b15" testListId="8c84fa94-04c1-424b-9868-57a2d4851a1d" />
    <TestEntry testId="05b4c97b-2e9a-ed5e-1129-08f3eee81585" executionId="f1ac0dc1-c595-4c43-93b6-7d54d5e65a5d" testListId="8c84fa94-04c1-424b-9868-57a2d4851a1d" />
    <TestEntry testId="c2d60633-e143-4b6e-562f-197396df32c7" executionId="4936e29b-5c6b-4c2e-bde2-1e1457496a0e" testListId="8c84fa94-04c1-424b-9868-57a2d4851a1d" />
    <TestEntry testId="7e8832a1-6e32-0798-a936-7af59dafc611" executionId="9fa27e80-27fd-46c9-a684-b6b0217c5bab" testListId="8c84fa94-04c1-424b-9868-57a2d4851a1d" />
    <TestEntry testId="4b49fa3b-9e0e-e541-f50c-ee289c4e0302" executionId="b2bc33b9-0d99-40c0-86d9-769df570acbe" testListId="8c84fa94-04c1-424b-9868-57a2d4851a1d" />
    <TestEntry testId="c0f52448-2499-65d8-37b3-2be993414d1d" executionId="e51a9159-4d87-482b-9700-72ded478f2f3" testListId="8c84fa94-04c1-424b-9868-57a2d4851a1d" />
    <TestEntry testId="151a6d7d-62b0-0dab-d4be-0184b6258435" executionId="e2e42887-a48a-4f22-9301-a3d80f2f33be" testListId="8c84fa94-04c1-424b-9868-57a2d4851a1d" />
    <TestEntry testId="4796b15c-52f0-172e-3ce3-f76b2ed4d370" executionId="9288f419-a88e-4a80-936f-71ef7ab06eb9" testListId="8c84fa94-04c1-424b-9868-57a2d4851a1d" />
    <TestEntry testId="7c229fdd-c6e1-ff68-c8ed-5a8c5da3638d" executionId="ca069906-eb36-4b5c-a239-0e84abdef9c7" testListId="8c84fa94-04c1-424b-9868-57a2d4851a1d" />
    <TestEntry testId="b75fb83c-335f-c4a6-1eb4-272ad4739498" executionId="826901f2-f3e0-4cc2-9ca5-243ac4d3eb53" testListId="8c84fa94-04c1-424b-9868-57a2d4851a1d" />
    <TestEntry testId="082e2d3a-9113-fbed-5f14-fb2a15bd14ea" executionId="c98c2481-2069-4f4b-b232-8d63beadcbb3" testListId="8c84fa94-04c1-424b-9868-57a2d4851a1d" />
    <TestEntry testId="15835881-44f2-8459-7a5b-9f6f9e507bac" executionId="11348795-77ae-47e5-b6ac-3a0ded2bf100" testListId="8c84fa94-04c1-424b-9868-57a2d4851a1d" />
    <TestEntry testId="2bd2b7de-07b8-6957-99b3-e959f37311d0" executionId="1b8a9f37-cd7d-41d5-9a60-12ad3bfd996b" testListId="8c84fa94-04c1-424b-9868-57a2d4851a1d" />
    <TestEntry testId="2e898c72-c1a3-bc6e-005d-827c55556ffd" executionId="dc6fba61-381a-44dc-ab07-a0b0c23a43e6" testListId="8c84fa94-04c1-424b-9868-57a2d4851a1d" />
    <TestEntry testId="6f4eb697-3e07-ede3-abd7-09e7ac68274c" executionId="bf448457-4bdb-499e-ac1a-e3d3621dc84e" testListId="8c84fa94-04c1-424b-9868-57a2d4851a1d" />
    <TestEntry testId="21586175-584b-4451-cebd-1ccf3d32985f" executionId="90b1e2cb-92fd-4974-8f02-f4577ab1216b" testListId="8c84fa94-04c1-424b-9868-57a2d4851a1d" />
    <TestEntry testId="b26e4236-793d-10b2-39ca-a954bf509a01" executionId="f2b38ac6-4116-4e10-ad9c-ec48ca526971" testListId="8c84fa94-04c1-424b-9868-57a2d4851a1d" />
    <TestEntry testId="8c34430d-d39b-8a75-da42-c94626fb3592" executionId="f31d575b-96ae-44e2-98ad-42fa8388a6d6" testListId="8c84fa94-04c1-424b-9868-57a2d4851a1d" />
    <TestEntry testId="c6010e29-17a3-a56b-9f48-27de2c404872" executionId="5778bd6b-d16f-4164-980b-8eb10c23f407" testListId="8c84fa94-04c1-424b-9868-57a2d4851a1d" />
    <TestEntry testId="d5a56717-e9ce-6498-18fd-77539cebf38b" executionId="c624f320-f226-40f1-a147-43b6f5ea696a" testListId="8c84fa94-04c1-424b-9868-57a2d4851a1d" />
    <TestEntry testId="325340e9-20ac-29ae-a6eb-326801d899cc" executionId="1b561bef-4251-4e00-a49d-08b395f5ca77" testListId="8c84fa94-04c1-424b-9868-57a2d4851a1d" />
    <TestEntry testId="c4f9ff86-5734-0f3a-d18e-ebe9e44a2911" executionId="35cc50a5-482e-456f-aa07-f94801f66125" testListId="8c84fa94-04c1-424b-9868-57a2d4851a1d" />
    <TestEntry testId="2191f6dd-5015-945f-601a-a7b0a8fde314" executionId="9657faef-508e-447e-94f7-4cce3adf8f47" testListId="8c84fa94-04c1-424b-9868-57a2d4851a1d" />
    <TestEntry testId="d684d514-6ff7-26d9-ef45-6a901aa92573" executionId="c3ef9428-328d-4375-b4d3-93f4273d89cb" testListId="8c84fa94-04c1-424b-9868-57a2d4851a1d" />
    <TestEntry testId="f089c3d9-d7a7-8fe8-6b31-2f96d60268c8" executionId="29913f0f-9da7-4037-ba2a-59e703fb0a75" testListId="8c84fa94-04c1-424b-9868-57a2d4851a1d" />
    <TestEntry testId="12da9981-a027-e01f-77a5-00298def904b" executionId="924d7af4-702b-46d3-9fd4-79a73bf0ed4d" testListId="8c84fa94-04c1-424b-9868-57a2d4851a1d" />
    <TestEntry testId="1289cca3-a43e-b970-cb00-89521f8436c8" executionId="495e47d1-c701-4443-8706-9bd66f488d4e" testListId="8c84fa94-04c1-424b-9868-57a2d4851a1d" />
    <TestEntry testId="66c4ec48-8b26-bd82-bdd3-8f0cd78ada77" executionId="6a655406-5f1a-4a85-828f-83d80a150d52" testListId="8c84fa94-04c1-424b-9868-57a2d4851a1d" />
    <TestEntry testId="0dd32194-079f-14b9-f79d-a47e9b479a8d" executionId="2cc2349f-fd03-4bcc-a7c8-2bff92897787" testListId="8c84fa94-04c1-424b-9868-57a2d4851a1d" />
    <TestEntry testId="d40e2701-458d-e2b9-f497-37927a0f0a85" executionId="c6561893-2cfd-478a-824e-1ab7d8f411cc" testListId="8c84fa94-04c1-424b-9868-57a2d4851a1d" />
    <TestEntry testId="b18394c6-84c0-7182-e15a-0ec6b0ee5981" executionId="bffab462-a482-4abf-af42-274ac5896d23" testListId="8c84fa94-04c1-424b-9868-57a2d4851a1d" />
    <TestEntry testId="ada794ff-b8f3-39d4-c1d3-ac159ff90320" executionId="44858cdd-d2a1-4244-a5b3-df2e9db7a4cc" testListId="8c84fa94-04c1-424b-9868-57a2d4851a1d" />
    <TestEntry testId="45d3a797-f67c-21fc-e7a9-af6ed19a1606" executionId="5d987807-4ee2-4463-af87-4653c6a5a3e9" testListId="8c84fa94-04c1-424b-9868-57a2d4851a1d" />
    <TestEntry testId="5373f050-6135-5a6d-df4f-e2461319f873" executionId="7ba30970-6d35-4382-8ca3-c3472e03ea77" testListId="8c84fa94-04c1-424b-9868-57a2d4851a1d" />
    <TestEntry testId="23e33eef-24b9-2a18-0758-b3fa92dab418" executionId="368f93a8-79ca-4325-97c7-57462a525b96" testListId="8c84fa94-04c1-424b-9868-57a2d4851a1d" />
    <TestEntry testId="cb5ec61f-e221-b5b8-b0a1-1fc232a63b0f" executionId="1aaa63cb-1ae3-40e2-bb55-907bd8df4659" testListId="8c84fa94-04c1-424b-9868-57a2d4851a1d" />
    <TestEntry testId="f9dbaf2d-8319-3cb6-d10e-e8e4da1e14d6" executionId="3a44e75c-bb1b-4ebe-834f-38933c3ff723" testListId="8c84fa94-04c1-424b-9868-57a2d4851a1d" />
    <TestEntry testId="eb1887f2-99e8-2199-5e42-44d49a96c712" executionId="6ad17d76-21d7-4aaa-9ce6-7bb621832f9f" testListId="8c84fa94-04c1-424b-9868-57a2d4851a1d" />
    <TestEntry testId="4afd93b3-0dbd-977d-9326-df2e15851723" executionId="fa16a1ac-4348-493e-8677-e8d7672f15c2" testListId="8c84fa94-04c1-424b-9868-57a2d4851a1d" />
    <TestEntry testId="07e8a25f-7197-c209-719f-f588cfb085f1" executionId="d4b15e67-a742-4403-8f6a-2b7acf566372" testListId="8c84fa94-04c1-424b-9868-57a2d4851a1d" />
    <TestEntry testId="999969fd-2340-af1e-c41b-51a612d4b506" executionId="e86dbd39-fe05-41e4-a6d7-afab2c832e5d" testListId="8c84fa94-04c1-424b-9868-57a2d4851a1d" />
    <TestEntry testId="5ae210e3-e23b-93eb-c3be-675944e83729" executionId="ac4a98f9-154b-42fc-82fa-3ae4abaa3e56" testListId="8c84fa94-04c1-424b-9868-57a2d4851a1d" />
    <TestEntry testId="701b9407-2bc9-d9c2-65dd-033db64cd63b" executionId="252d9151-0d27-4108-8b5b-68cd00ad3f34" testListId="8c84fa94-04c1-424b-9868-57a2d4851a1d" />
    <TestEntry testId="2b2206f7-9187-eae9-c01f-3d3853c0ca71" executionId="b08085e5-2030-482e-acef-735205188a27" testListId="8c84fa94-04c1-424b-9868-57a2d4851a1d" />
    <TestEntry testId="2b0d43ee-5a30-eeab-0382-8a8c5d521a0a" executionId="0709d821-6520-4266-907c-7a6fe9c13eb3" testListId="8c84fa94-04c1-424b-9868-57a2d4851a1d" />
    <TestEntry testId="4132f6e7-e401-244e-b327-d74900dc4106" executionId="4e34c133-a784-48e9-afd8-a3f9bb82a0f9" testListId="8c84fa94-04c1-424b-9868-57a2d4851a1d" />
    <TestEntry testId="efe6e41e-f107-8576-56fa-4fe56f26d072" executionId="e3dd5872-13c5-4745-9dce-aa87271bed82" testListId="8c84fa94-04c1-424b-9868-57a2d4851a1d" />
    <TestEntry testId="4bfae0fd-12aa-8da0-8477-e5814b23f285" executionId="99b186bb-48e8-40de-b90b-f23c5bfadef8" testListId="8c84fa94-04c1-424b-9868-57a2d4851a1d" />
    <TestEntry testId="ed05ce08-564e-9f53-e870-0bd02308d7fd" executionId="500d0e76-6864-4ea6-beeb-e150ede1c4a5" testListId="8c84fa94-04c1-424b-9868-57a2d4851a1d" />
    <TestEntry testId="0527f1d7-19e5-cacc-4c2f-9cf02e02d316" executionId="c4676e1d-771c-496a-87c6-d5c916896fa0" testListId="8c84fa94-04c1-424b-9868-57a2d4851a1d" />
    <TestEntry testId="923bbb9b-001f-218b-483b-924b42d8eab3" executionId="9e4d29d1-71d9-4c3c-a30b-6caa29effd04" testListId="8c84fa94-04c1-424b-9868-57a2d4851a1d" />
    <TestEntry testId="eb1887f2-99e8-2199-5e42-44d49a96c712" executionId="dbef5cbe-4ba4-4521-9595-aed57247e248" testListId="8c84fa94-04c1-424b-9868-57a2d4851a1d" />
    <TestEntry testId="7a650886-b796-7794-1000-8b637771079b" executionId="0ea8acea-3eb3-499d-bb3d-fa9421428474" testListId="8c84fa94-04c1-424b-9868-57a2d4851a1d" />
    <TestEntry testId="bf64ab71-1c25-b603-8586-eaa6f35927ac" executionId="95307e61-112d-4401-afc4-b55d6b029d34" testListId="8c84fa94-04c1-424b-9868-57a2d4851a1d" />
    <TestEntry testId="f0769189-46ba-dd7f-13e5-7e6afa6117a7" executionId="1ac402b4-41f7-45d1-aead-e24c8712d591" testListId="8c84fa94-04c1-424b-9868-57a2d4851a1d" />
    <TestEntry testId="09390f4d-0b0d-dc1c-1268-43edcd861ff3" executionId="4bd08bb2-cc23-4ee5-aea1-b0b6dde843b0" testListId="8c84fa94-04c1-424b-9868-57a2d4851a1d" />
    <TestEntry testId="f92c6b6d-e73e-777e-805f-32a982387f8e" executionId="aec0ba5d-ebba-48c3-9183-2181f1d87c02" testListId="8c84fa94-04c1-424b-9868-57a2d4851a1d" />
    <TestEntry testId="da34095a-4f48-fcf8-49d7-10ec99566230" executionId="9fc21270-ab2f-47f3-bbfb-e0ee8ff76611" testListId="8c84fa94-04c1-424b-9868-57a2d4851a1d" />
    <TestEntry testId="901a6d56-fae7-98f6-ab1b-7cb37539a449" executionId="37bd6945-ccd2-4db7-9d21-2dad13f7a521" testListId="8c84fa94-04c1-424b-9868-57a2d4851a1d" />
    <TestEntry testId="753803f6-06be-eef0-d662-c5a41595644a" executionId="fecf0126-4843-4d8d-97d6-c167a9cf6e45" testListId="8c84fa94-04c1-424b-9868-57a2d4851a1d" />
    <TestEntry testId="b4580218-8da8-9647-793a-06cfab52bf03" executionId="68abf7bb-db2f-4f85-a1e1-02f25a14b872" testListId="8c84fa94-04c1-424b-9868-57a2d4851a1d" />
    <TestEntry testId="889e6f9b-0246-8302-3a49-afd2bfd230d1" executionId="b26c8835-3d9e-4e75-ba57-6f5d566771b7" testListId="8c84fa94-04c1-424b-9868-57a2d4851a1d" />
    <TestEntry testId="e818b1a2-e1c4-6691-71e3-65849a1507e6" executionId="53cd93bf-3292-4f65-baaf-3b27e02a3b2b" testListId="8c84fa94-04c1-424b-9868-57a2d4851a1d" />
    <TestEntry testId="652efa43-6827-5751-0b78-2bbbfaca6803" executionId="fbc69f28-e391-4be3-a07e-d7918ae3462f" testListId="8c84fa94-04c1-424b-9868-57a2d4851a1d" />
    <TestEntry testId="014351e4-7bfa-ccb3-8272-e98f933a2890" executionId="613b7165-0f11-40aa-a9a4-56b006b72332" testListId="8c84fa94-04c1-424b-9868-57a2d4851a1d" />
    <TestEntry testId="93cfa45e-50b0-604c-c09c-2e5001172962" executionId="3d5e86a6-617d-451d-a151-45094c4f46a5" testListId="8c84fa94-04c1-424b-9868-57a2d4851a1d" />
    <TestEntry testId="43adfb70-1852-8758-f791-ff3f745050ab" executionId="c87ca8fa-c62a-403c-b723-fc17c4f69108" testListId="8c84fa94-04c1-424b-9868-57a2d4851a1d" />
    <TestEntry testId="91011207-5e68-cefc-db4a-1c463e66d00e" executionId="6ac567e4-e842-4375-b6ba-c7330b619b7a" testListId="8c84fa94-04c1-424b-9868-57a2d4851a1d" />
    <TestEntry testId="3c28b699-7e42-a387-ebec-ae8f09e7595c" executionId="79ab79e0-46b5-4aa0-8085-0d5e23e056fd" testListId="8c84fa94-04c1-424b-9868-57a2d4851a1d" />
    <TestEntry testId="1e35a39e-d0e8-d4ab-bfb0-af910179f3e2" executionId="2739e6c1-812c-4694-8245-394680e0d1db" testListId="8c84fa94-04c1-424b-9868-57a2d4851a1d" />
    <TestEntry testId="c4fabfc6-aea7-ce5f-c9bf-0e383b17ae93" executionId="20437656-7f98-4981-adab-8c598746da06" testListId="8c84fa94-04c1-424b-9868-57a2d4851a1d" />
    <TestEntry testId="bb0bd953-5bc3-d778-28dc-7d027690da77" executionId="2fcf8d1c-2309-473f-b1fa-a8a038f3f5d1" testListId="8c84fa94-04c1-424b-9868-57a2d4851a1d" />
    <TestEntry testId="a3257af4-4d9b-2be4-9396-cdf188ad3e8d" executionId="ce1a7da3-6dce-4cfa-99fe-931562c283a8" testListId="8c84fa94-04c1-424b-9868-57a2d4851a1d" />
    <TestEntry testId="2fbd5cb9-8d43-e652-c6c4-785c5c4ad1d3" executionId="bd329ea8-5b40-47b1-966f-cbd8d0e783ca" testListId="8c84fa94-04c1-424b-9868-57a2d4851a1d" />
    <TestEntry testId="b4bc320f-be69-44b8-e6e1-f7b7a62d2525" executionId="40dcd9d0-bd0d-4435-92cf-9f046408c2ce" testListId="8c84fa94-04c1-424b-9868-57a2d4851a1d" />
    <TestEntry testId="c9a0429d-69fe-4b0b-b274-ff7774c3a549" executionId="0387c7e7-8ee8-440b-842a-e8ac3aa89579" testListId="8c84fa94-04c1-424b-9868-57a2d4851a1d" />
    <TestEntry testId="e76a2e3b-0926-9f69-c216-95e505062603" executionId="cf02bddc-58f7-4ce5-bec3-f8fd7101c872" testListId="8c84fa94-04c1-424b-9868-57a2d4851a1d" />
    <TestEntry testId="e4fc7a1f-da76-3fea-0cdd-b220789e02fa" executionId="62ededba-2f81-4cd9-9283-e98b9291cb2b" testListId="8c84fa94-04c1-424b-9868-57a2d4851a1d" />
    <TestEntry testId="452784ba-aacc-ffe6-5b8d-b1163443f304" executionId="ac16997d-8455-4f27-a3dd-ec23827e195a" testListId="8c84fa94-04c1-424b-9868-57a2d4851a1d" />
    <TestEntry testId="da2b0da1-6076-2fbe-2022-7beb2bbf7e43" executionId="a292552a-0992-4990-bd2b-1dd0073f3eff" testListId="8c84fa94-04c1-424b-9868-57a2d4851a1d" />
    <TestEntry testId="743f8a96-9897-3e88-3289-fb27a4e4447a" executionId="fa5bde5f-c97f-49f5-84e4-e6b8119db235" testListId="8c84fa94-04c1-424b-9868-57a2d4851a1d" />
    <TestEntry testId="c7205d22-c981-88a1-80a2-12e8b7e19a0f" executionId="a1a2cb26-c6b8-4b4d-b6dd-40e7154b6d73" testListId="8c84fa94-04c1-424b-9868-57a2d4851a1d" />
    <TestEntry testId="5007d108-09c8-61e4-2444-dd302e15e3e9" executionId="cba2a373-85f4-4c98-b996-612b2c1c8e3b" testListId="8c84fa94-04c1-424b-9868-57a2d4851a1d" />
    <TestEntry testId="32a63d0f-1518-258d-79a6-5db3d0ff3aaa" executionId="1e031343-99c6-4c3f-906b-7596c1a9bb13" testListId="8c84fa94-04c1-424b-9868-57a2d4851a1d" />
    <TestEntry testId="63bf71a7-1c76-c096-70d9-c487f1a1c964" executionId="c9af2f80-5fbc-4822-9731-7d342f773fb3" testListId="8c84fa94-04c1-424b-9868-57a2d4851a1d" />
    <TestEntry testId="46f0f36c-7d3e-9fc6-0e91-a8eb7e670908" executionId="f18c5b4b-d660-4f49-9b21-8d4502019d85" testListId="8c84fa94-04c1-424b-9868-57a2d4851a1d" />
    <TestEntry testId="eb1887f2-99e8-2199-5e42-44d49a96c712" executionId="f6496afc-9cd4-4ba9-b5f9-90ae3a1b321f" testListId="8c84fa94-04c1-424b-9868-57a2d4851a1d" />
    <TestEntry testId="b6ef847f-9b72-0da6-abe0-39563d4a303a" executionId="0ce6af22-a20c-4923-9107-65407dccd405" testListId="8c84fa94-04c1-424b-9868-57a2d4851a1d" />
    <TestEntry testId="9624a031-7855-a4af-5a12-0841cb0c62b4" executionId="647a09c9-bbc6-44b4-9291-80783e4d0cb9" testListId="8c84fa94-04c1-424b-9868-57a2d4851a1d" />
    <TestEntry testId="8bd3647f-8cd2-e043-7189-ba9c29073c25" executionId="eec62dd7-ddd1-4685-a3c6-41be2a152db2" testListId="8c84fa94-04c1-424b-9868-57a2d4851a1d" />
    <TestEntry testId="6e8e25c7-63cf-5e6a-6ab4-b39d8c6c18f8" executionId="f91253d5-5046-48d7-89c2-0773b2b56523" testListId="8c84fa94-04c1-424b-9868-57a2d4851a1d" />
    <TestEntry testId="8b71f50e-ae38-d60f-498f-8315a9dbb08d" executionId="c9dcda8e-5112-4377-8af7-7a33027800f2" testListId="8c84fa94-04c1-424b-9868-57a2d4851a1d" />
    <TestEntry testId="cc6cc5d5-3a4d-b157-d5f3-1b1b3db88479" executionId="6906de4d-4007-4881-9354-afa7b60f835f" testListId="8c84fa94-04c1-424b-9868-57a2d4851a1d" />
    <TestEntry testId="9f9c6084-f03d-db9c-e06a-4171b07ef539" executionId="c41c0661-73e1-484d-9da0-fb8a60e6f6c9" testListId="8c84fa94-04c1-424b-9868-57a2d4851a1d" />
    <TestEntry testId="873ff879-5a57-44f1-cc90-acd6a24dbc43" executionId="ae6a1213-9b43-42e4-be26-63841c00da14" testListId="8c84fa94-04c1-424b-9868-57a2d4851a1d" />
    <TestEntry testId="655efde5-eb67-b8e4-b0fe-7bf0264f6e1d" executionId="04117d72-e107-472e-9913-fd7fc0f607db" testListId="8c84fa94-04c1-424b-9868-57a2d4851a1d" />
    <TestEntry testId="035b8cee-9291-e6da-9b8e-5ead340080fc" executionId="d3d0f268-4ae9-4790-a9e3-7ec5a6994d19" testListId="8c84fa94-04c1-424b-9868-57a2d4851a1d" />
    <TestEntry testId="792d04f1-cdf3-a8f4-9e01-3aa112fc487d" executionId="4d7ff8c5-2196-47b8-a61d-402dfd5c9eae" testListId="8c84fa94-04c1-424b-9868-57a2d4851a1d" />
    <TestEntry testId="a299b8f6-2b36-89aa-132a-c0c17bb7acb2" executionId="0dec9a28-b859-4a59-a4ab-8bbcf318b499" testListId="8c84fa94-04c1-424b-9868-57a2d4851a1d" />
    <TestEntry testId="ec079d06-2a8d-026f-a72e-697634a6ae4e" executionId="62395f05-a144-4f1d-95a8-094d352fb8ba" testListId="8c84fa94-04c1-424b-9868-57a2d4851a1d" />
    <TestEntry testId="ec443f4e-ff99-0070-b1f5-921b6a5a9db1" executionId="60884511-e080-4294-b8ce-c4f1d6409dfd" testListId="8c84fa94-04c1-424b-9868-57a2d4851a1d" />
    <TestEntry testId="ebf24ca4-25fe-9d91-009b-2a977adb2d06" executionId="65074492-2f5a-4759-a0e7-68f69f7b160c" testListId="8c84fa94-04c1-424b-9868-57a2d4851a1d" />
    <TestEntry testId="c90c323b-6fae-869b-14eb-05786760e218" executionId="e4f7455a-f1e2-4369-8248-dcf4dba2028f" testListId="8c84fa94-04c1-424b-9868-57a2d4851a1d" />
    <TestEntry testId="099c2cc4-9649-b53a-17b6-e9c80e929555" executionId="15725d71-f062-4132-97c9-99ff020919e6" testListId="8c84fa94-04c1-424b-9868-57a2d4851a1d" />
    <TestEntry testId="0183fccb-d77a-a03a-5714-d0062038a2df" executionId="0e3f0a99-0b0c-41b4-bff2-e901799e8c5d" testListId="8c84fa94-04c1-424b-9868-57a2d4851a1d" />
    <TestEntry testId="3e5751fd-bef9-cbe8-22ed-24370fbfaf62" executionId="59afec9d-c6cd-4ac6-abce-003177d8abfc" testListId="8c84fa94-04c1-424b-9868-57a2d4851a1d" />
    <TestEntry testId="2bce7dd0-b1a6-dec2-bec3-b5fa8c6f5870" executionId="b84ec63c-f40f-4bc9-8966-ec7bbec8145c" testListId="8c84fa94-04c1-424b-9868-57a2d4851a1d" />
    <TestEntry testId="dcfd8432-adf7-5236-cec9-8539318aaff2" executionId="cc53a4e3-7153-443c-ac5c-af95129a0129" testListId="8c84fa94-04c1-424b-9868-57a2d4851a1d" />
    <TestEntry testId="244a44f0-246a-794e-7d4e-ee72bda98bd0" executionId="86f5e826-dd18-4def-917b-e985feb68c71" testListId="8c84fa94-04c1-424b-9868-57a2d4851a1d" />
    <TestEntry testId="6ae30df7-1365-ca5c-775a-88da868b4325" executionId="beda4b2c-1f70-4f3e-89d2-13a9516d982b" testListId="8c84fa94-04c1-424b-9868-57a2d4851a1d" />
    <TestEntry testId="93219c7c-8c54-78f0-c93d-da4407676ef0" executionId="6ad9ae18-9072-4139-8ec4-a9212f4db2ee" testListId="8c84fa94-04c1-424b-9868-57a2d4851a1d" />
    <TestEntry testId="454ee311-5500-61f0-bfbf-eb31f090e7db" executionId="3dc5ab96-ae95-4be8-952a-fae6a9bf4dc2" testListId="8c84fa94-04c1-424b-9868-57a2d4851a1d" />
    <TestEntry testId="a915ae1e-25c2-6917-da6e-07b0380337af" executionId="a1b08a1d-83d2-4acf-9a80-1bb487de0bb7" testListId="8c84fa94-04c1-424b-9868-57a2d4851a1d" />
    <TestEntry testId="9eba4420-fab6-f18a-0c59-5d7c61d27948" executionId="3a093356-599f-4552-844b-8d2361a70211" testListId="8c84fa94-04c1-424b-9868-57a2d4851a1d" />
    <TestEntry testId="cde29e6a-85aa-838a-d88f-e083f65086be" executionId="554fea8f-755d-440f-9bc6-096067a8bb2f" testListId="8c84fa94-04c1-424b-9868-57a2d4851a1d" />
    <TestEntry testId="ae3f62f7-e5b3-a8a3-5e08-b3e3c5abc5d8" executionId="77bc64b6-8c60-4996-83da-f491484e36c7" testListId="8c84fa94-04c1-424b-9868-57a2d4851a1d" />
    <TestEntry testId="92c94542-374a-ed7f-ea63-7a7f6d274b7b" executionId="4de77397-5e0f-43ca-8ad3-2ab2e4002dd6" testListId="8c84fa94-04c1-424b-9868-57a2d4851a1d" />
    <TestEntry testId="e1a480f7-1879-820c-92c7-55ac426d0357" executionId="6dcb2e57-f287-42a7-ae9c-0149a53c7978" testListId="8c84fa94-04c1-424b-9868-57a2d4851a1d" />
    <TestEntry testId="e7845d4a-9c88-9f03-59fc-c92a5ceeca9a" executionId="05b110a0-ac24-46f1-93bd-6b96aac34af5" testListId="8c84fa94-04c1-424b-9868-57a2d4851a1d" />
    <TestEntry testId="4960d619-9637-97cb-79a8-c27b6f1b58a2" executionId="438fda5c-a03c-4651-a644-84fc5db8c543" testListId="8c84fa94-04c1-424b-9868-57a2d4851a1d" />
    <TestEntry testId="2c25d92f-b6d9-f67b-f9fb-1c50b91346d4" executionId="ea1fafed-5adc-4411-963c-5654f0674080" testListId="8c84fa94-04c1-424b-9868-57a2d4851a1d" />
    <TestEntry testId="bd4d040a-362e-315d-9db8-79afcca6e531" executionId="dfb47652-9bfa-49ad-9712-aba115d7769c" testListId="8c84fa94-04c1-424b-9868-57a2d4851a1d" />
    <TestEntry testId="fe8caa31-dca9-eb84-ef3f-1e3d38758c51" executionId="68523a94-37aa-4998-bf84-dca83cd0cc25" testListId="8c84fa94-04c1-424b-9868-57a2d4851a1d" />
    <TestEntry testId="23a0aadf-8602-0c4f-747c-73f2e22aefb8" executionId="71b0e2d1-431e-4bdd-9ce4-974aac1f7c87" testListId="8c84fa94-04c1-424b-9868-57a2d4851a1d" />
    <TestEntry testId="2ede7152-24c8-7202-fc29-669fff21e646" executionId="534a27de-da67-49f8-847d-93b42c6d3515" testListId="8c84fa94-04c1-424b-9868-57a2d4851a1d" />
    <TestEntry testId="ebac9683-6a2b-566e-3770-780405485cc2" executionId="ed36bbb3-a431-40ae-bd86-11e5daf6eb8e" testListId="8c84fa94-04c1-424b-9868-57a2d4851a1d" />
    <TestEntry testId="b38a5a04-b6dd-2a0a-6408-c160def365f0" executionId="d7b57484-9d4c-4d58-99f0-4251a070c626" testListId="8c84fa94-04c1-424b-9868-57a2d4851a1d" />
    <TestEntry testId="758bca7f-8d6e-e391-8dbc-fe668434ed80" executionId="173eae14-c6cc-44ad-8a30-6a46b66536a3" testListId="8c84fa94-04c1-424b-9868-57a2d4851a1d" />
    <TestEntry testId="4f5a6cc6-1969-6f9b-ec83-8d5bda87395f" executionId="4f17ec00-926f-4d1d-8749-23fa6072b761" testListId="8c84fa94-04c1-424b-9868-57a2d4851a1d" />
    <TestEntry testId="25d2bd93-a823-6d38-10a4-14830854d44d" executionId="48eea272-df41-470e-87bc-ed5006a621d7" testListId="8c84fa94-04c1-424b-9868-57a2d4851a1d" />
    <TestEntry testId="889e6f9b-0246-8302-3a49-afd2bfd230d1" executionId="987937e3-10ef-41ee-b58f-c39aac5cebb8" testListId="8c84fa94-04c1-424b-9868-57a2d4851a1d" />
    <TestEntry testId="37aab818-d8de-5e76-26b8-9c05be444d79" executionId="502830fe-651d-4c8a-9bdb-1ccf3c1693eb" testListId="8c84fa94-04c1-424b-9868-57a2d4851a1d" />
    <TestEntry testId="ec55700f-d34f-7d48-8c52-a5a7d96f3059" executionId="7e056483-97fa-4b72-8f30-d2a2def5ba44" testListId="8c84fa94-04c1-424b-9868-57a2d4851a1d" />
    <TestEntry testId="e10bc392-ff62-30ee-5e25-68f07f7ccdfb" executionId="2e3591e9-fb79-4d02-97a2-6b089e7bb9cd" testListId="8c84fa94-04c1-424b-9868-57a2d4851a1d" />
    <TestEntry testId="021b65a3-5a24-d0a2-2bab-f8b5bb6bca2d" executionId="f6a220ec-3c1d-48cf-a72b-ddad38d66777" testListId="8c84fa94-04c1-424b-9868-57a2d4851a1d" />
    <TestEntry testId="734f9566-cbc0-51b2-0263-6214f1a3d5ce" executionId="48bd3ce0-cfbc-44df-ad17-a685f5c59657" testListId="8c84fa94-04c1-424b-9868-57a2d4851a1d" />
    <TestEntry testId="c5a08dea-4572-0d74-7cd4-dd8bde384377" executionId="7e9791b7-9c01-4619-b052-4bf3cd354f12" testListId="8c84fa94-04c1-424b-9868-57a2d4851a1d" />
    <TestEntry testId="9b11fbbf-e6b6-bf83-4a06-e41bb2807b4e" executionId="0cbdc01f-0be5-455b-8a02-dc35f0fd45e4" testListId="8c84fa94-04c1-424b-9868-57a2d4851a1d" />
    <TestEntry testId="d35acd00-2480-6a26-845c-4b07b64b1632" executionId="af649132-b53c-4491-af32-4e89c8e2bd80" testListId="8c84fa94-04c1-424b-9868-57a2d4851a1d" />
    <TestEntry testId="8ede8484-1e67-a40d-1a4b-5a875507f93a" executionId="d0c9db1c-d5eb-40e8-ac17-ae591e5ba1d0" testListId="8c84fa94-04c1-424b-9868-57a2d4851a1d" />
    <TestEntry testId="ca4e076f-26ca-800e-cace-65cc67d85c78" executionId="9e861fd1-89c1-463e-96e6-e5f03ad4310f" testListId="8c84fa94-04c1-424b-9868-57a2d4851a1d" />
    <TestEntry testId="d7da64a4-55b6-ed43-be57-9d181f7abde0" executionId="4d68c3f5-e63d-4db8-b5cf-294f114f2db6" testListId="8c84fa94-04c1-424b-9868-57a2d4851a1d" />
    <TestEntry testId="eb1887f2-99e8-2199-5e42-44d49a96c712" executionId="71a8198c-75c0-4d59-ae2c-7f944988b209" testListId="8c84fa94-04c1-424b-9868-57a2d4851a1d" />
    <TestEntry testId="fd525cc0-7096-f2ae-e8d9-24ea20fe7cfe" executionId="2f3d0457-d2e7-4c7c-99b5-fece87ed6e48" testListId="8c84fa94-04c1-424b-9868-57a2d4851a1d" />
    <TestEntry testId="da209cf0-6094-274f-e78f-8889bf2f8ba5" executionId="9bcf65e4-94c1-427a-aecc-6e77b56ba2d6" testListId="8c84fa94-04c1-424b-9868-57a2d4851a1d" />
    <TestEntry testId="889e6f9b-0246-8302-3a49-afd2bfd230d1" executionId="70bc229d-b6d2-4d4f-8a3f-6580bcdbe52b" testListId="8c84fa94-04c1-424b-9868-57a2d4851a1d" />
    <TestEntry testId="32be16a7-ee49-b10f-4c61-b754df927f5e" executionId="bc00fcb2-ff98-4dea-9383-1fd54fb4a1a3" testListId="8c84fa94-04c1-424b-9868-57a2d4851a1d" />
    <TestEntry testId="94b10ab9-7d67-26b0-9391-9076ee44183e" executionId="9e419733-9459-4c39-91b2-e1f70066f2e0" testListId="8c84fa94-04c1-424b-9868-57a2d4851a1d" />
    <TestEntry testId="483bd5d1-7e4f-66ba-7653-fe651ec19642" executionId="45eaa3c1-09b9-4162-a8fb-effb1eb7f9a3" testListId="8c84fa94-04c1-424b-9868-57a2d4851a1d" />
    <TestEntry testId="dce055c4-2491-c727-d725-c728829ca56d" executionId="d2fb9ac5-c302-41f8-a2ff-fb07e1b41922" testListId="8c84fa94-04c1-424b-9868-57a2d4851a1d" />
    <TestEntry testId="889e6f9b-0246-8302-3a49-afd2bfd230d1" executionId="95b34cd1-941f-4894-94ec-9be4d6e55ec9" testListId="8c84fa94-04c1-424b-9868-57a2d4851a1d" />
    <TestEntry testId="4c4d8ff2-30d2-4a6d-00b2-cb966c21c095" executionId="49d1f370-a49c-4e16-bead-72cae098cd28" testListId="8c84fa94-04c1-424b-9868-57a2d4851a1d" />
    <TestEntry testId="b09ec01e-490e-3eea-658f-8b98c142e321" executionId="8c6604fd-62b3-4d3f-8608-73729f637346" testListId="8c84fa94-04c1-424b-9868-57a2d4851a1d" />
    <TestEntry testId="5a59b2f7-dfbd-5ad9-04a9-ec8735995b0c" executionId="39a6bc61-7af0-44b6-a341-19bf21760295" testListId="8c84fa94-04c1-424b-9868-57a2d4851a1d" />
    <TestEntry testId="70aed50b-f6e8-8391-d1ef-bd034c71575d" executionId="6ad1dea3-9c9f-49a1-8212-291c3d9f6df7" testListId="8c84fa94-04c1-424b-9868-57a2d4851a1d" />
    <TestEntry testId="8a8d9965-d9e6-321a-030d-efcea28da45a" executionId="dcb9cb03-02de-41ef-9dda-8db4a82610b7" testListId="8c84fa94-04c1-424b-9868-57a2d4851a1d" />
    <TestEntry testId="a18732da-0733-f277-254f-d26d899992fb" executionId="90253ab8-037d-49b4-8574-5bb91dfcbfef" testListId="8c84fa94-04c1-424b-9868-57a2d4851a1d" />
    <TestEntry testId="edfabe8d-87a1-c5f6-b625-f078fdcb2be5" executionId="628c2b53-06f9-4c73-bb3e-4d026cfb930e" testListId="8c84fa94-04c1-424b-9868-57a2d4851a1d" />
    <TestEntry testId="efa8a8ad-4c39-271b-053b-041e97cad04b" executionId="4e6e69b1-9e10-41dd-8acb-762f70eb1919" testListId="8c84fa94-04c1-424b-9868-57a2d4851a1d" />
    <TestEntry testId="2abf9b7c-9eea-ba2a-86cb-c537064ec32e" executionId="a12c73f9-6f88-46a3-b646-c86e1eaf0a18" testListId="8c84fa94-04c1-424b-9868-57a2d4851a1d" />
    <TestEntry testId="51fba3e8-b429-1223-77b1-e3bb21414eed" executionId="76bca1fe-c16f-46b2-b55c-5becd4cd2060" testListId="8c84fa94-04c1-424b-9868-57a2d4851a1d" />
    <TestEntry testId="562a5e2f-1dc4-5ed5-76f9-9fbbb991c9a3" executionId="3828f896-2f05-49be-9931-c475c33fd95a" testListId="8c84fa94-04c1-424b-9868-57a2d4851a1d" />
    <TestEntry testId="c910e7ec-42ca-2065-e546-d4cce50c61f4" executionId="77d433ce-556b-46cc-bd0d-6ffea17524b2" testListId="8c84fa94-04c1-424b-9868-57a2d4851a1d" />
    <TestEntry testId="494fe934-5722-db55-08f0-f3b411426110" executionId="19984019-7e9b-417f-b91e-77c73994888d" testListId="8c84fa94-04c1-424b-9868-57a2d4851a1d" />
    <TestEntry testId="4edce983-a8ad-5e6e-4f80-9784107f39d4" executionId="40458e42-141b-437e-ad19-2d87296e1f32" testListId="8c84fa94-04c1-424b-9868-57a2d4851a1d" />
    <TestEntry testId="e9b5c39a-de14-2511-2085-e1767b97fd6e" executionId="75e6ee6a-e201-44b4-9550-7f050dbe586b" testListId="8c84fa94-04c1-424b-9868-57a2d4851a1d" />
    <TestEntry testId="f3406bcb-028f-939e-eacc-5f1134271147" executionId="d4157f18-f04e-4833-ae95-658077e436c8" testListId="8c84fa94-04c1-424b-9868-57a2d4851a1d" />
    <TestEntry testId="d1ba2313-0906-8d41-2715-24c6e5c1c48a" executionId="db9cbccf-acc1-4b7c-b69d-3345efe69e65" testListId="8c84fa94-04c1-424b-9868-57a2d4851a1d" />
    <TestEntry testId="dcdbc362-f707-20d9-792c-fa37630f61d4" executionId="fde0b2d1-9fd2-49a3-a86c-343f12974fda" testListId="8c84fa94-04c1-424b-9868-57a2d4851a1d" />
    <TestEntry testId="57018c6c-77e8-b9db-09ff-723e1a88f49b" executionId="6e611f75-e4ef-4261-a2aa-c2ac0e7aef33" testListId="8c84fa94-04c1-424b-9868-57a2d4851a1d" />
    <TestEntry testId="acc53fd7-cdff-7f0e-a754-d76e03bf679b" executionId="063b0a8c-c794-4212-a433-03eb4e191b83" testListId="8c84fa94-04c1-424b-9868-57a2d4851a1d" />
    <TestEntry testId="cc5bbe87-bdd6-95f4-293a-8634b9585240" executionId="5eacfcf9-7310-4296-a227-5b3caa050271" testListId="8c84fa94-04c1-424b-9868-57a2d4851a1d" />
    <TestEntry testId="920313dd-dbe4-45e4-85c7-ced5e63d5d71" executionId="433da344-e3d2-421c-bf97-ed1968c696b3" testListId="8c84fa94-04c1-424b-9868-57a2d4851a1d" />
    <TestEntry testId="2676003b-16e9-f7dd-6bd4-b590eaeb20a6" executionId="eb84a7f3-e6e9-4c23-9f1e-a5f23e89d3a1" testListId="8c84fa94-04c1-424b-9868-57a2d4851a1d" />
    <TestEntry testId="3f988e2b-f56d-5783-b962-79eb401ba4b2" executionId="edcf6c97-e62d-4b55-b7e1-3dd218e813d7" testListId="8c84fa94-04c1-424b-9868-57a2d4851a1d" />
    <TestEntry testId="d58e1e3b-9c5e-8d57-a411-37f659ceb48c" executionId="ea2700d1-a57c-4880-b859-78f42962adbd" testListId="8c84fa94-04c1-424b-9868-57a2d4851a1d" />
    <TestEntry testId="4f5a6cc6-1969-6f9b-ec83-8d5bda87395f" executionId="fcffede6-c583-462a-b460-be8cd5cfa5fd" testListId="8c84fa94-04c1-424b-9868-57a2d4851a1d" />
    <TestEntry testId="9dd8b317-666b-324d-19e4-ee5c6bd1749b" executionId="26473834-8e0c-4a34-bd95-840a8b47f882" testListId="8c84fa94-04c1-424b-9868-57a2d4851a1d" />
    <TestEntry testId="05d3f044-5331-7ce3-623e-9916ab55f9e4" executionId="76e0057c-ce60-4025-b7c5-f8d51ddb3411" testListId="8c84fa94-04c1-424b-9868-57a2d4851a1d" />
    <TestEntry testId="207a906e-a774-4b05-3722-9a9c77877e13" executionId="c504ec10-8634-4fe7-b7b0-fd6434b4f0e3" testListId="8c84fa94-04c1-424b-9868-57a2d4851a1d" />
    <TestEntry testId="6f78a48d-2ed9-1510-c50f-6e3222827d4c" executionId="55b63773-7564-401f-8798-9cf13b1d9d14" testListId="8c84fa94-04c1-424b-9868-57a2d4851a1d" />
    <TestEntry testId="971a56ac-d06c-4071-e005-797f93846783" executionId="0e3fc705-76fc-4ca4-a527-b893c934aa93" testListId="8c84fa94-04c1-424b-9868-57a2d4851a1d" />
    <TestEntry testId="ed61d1f5-ecc7-8188-17ce-af4246429e4f" executionId="b1f23a07-f55c-4de4-8d4d-fe216f0389a9" testListId="8c84fa94-04c1-424b-9868-57a2d4851a1d" />
    <TestEntry testId="4914b9f0-e8f8-58ce-422e-a75ec7ab88aa" executionId="a870550e-89ac-4d9f-b82d-363c721c60df" testListId="8c84fa94-04c1-424b-9868-57a2d4851a1d" />
    <TestEntry testId="94fdd69e-99e9-224e-c61d-362311610dbb" executionId="023c5d44-6113-4be3-a7fb-c7ff405fb033" testListId="8c84fa94-04c1-424b-9868-57a2d4851a1d" />
    <TestEntry testId="06cbdd2b-1fec-3c68-def1-b3f41187d09c" executionId="64c95962-0a46-489d-be54-19f6f09009d7" testListId="8c84fa94-04c1-424b-9868-57a2d4851a1d" />
    <TestEntry testId="ce371133-7439-cc22-575e-2f8e96becb2d" executionId="8e31991f-c7d7-46ec-abb4-db88e8fb0a2e" testListId="8c84fa94-04c1-424b-9868-57a2d4851a1d" />
    <TestEntry testId="b2cdec7c-a312-2276-76f1-238abf52a1cd" executionId="ea8e7321-a9ef-4f6e-a50f-8144e9c2719d" testListId="8c84fa94-04c1-424b-9868-57a2d4851a1d" />
    <TestEntry testId="2191f6dd-5015-945f-601a-a7b0a8fde314" executionId="9f91be64-8593-439c-833b-03c60da62e2e" testListId="8c84fa94-04c1-424b-9868-57a2d4851a1d" />
    <TestEntry testId="c161378b-642a-f85a-4142-ed10deeef57b" executionId="e1410f45-d6b1-41b2-ae0a-47ecd98d1d5b" testListId="8c84fa94-04c1-424b-9868-57a2d4851a1d" />
    <TestEntry testId="86e63197-ee39-e9eb-fea5-38017d6dea21" executionId="00a19e82-361b-46d3-9cca-afa55ddf9bc6" testListId="8c84fa94-04c1-424b-9868-57a2d4851a1d" />
    <TestEntry testId="eb1887f2-99e8-2199-5e42-44d49a96c712" executionId="ec5e91ad-0568-465e-8a19-9ce6f9742b1e" testListId="8c84fa94-04c1-424b-9868-57a2d4851a1d" />
    <TestEntry testId="e8a747f9-6a0f-1c7f-4cda-994c6ff1eb58" executionId="21f92c01-0a13-4576-9208-cc0bc4994864" testListId="8c84fa94-04c1-424b-9868-57a2d4851a1d" />
    <TestEntry testId="7be300ea-073a-38be-afa7-93ec42c13925" executionId="be9d9f4d-567f-41cc-87e1-0a6a35d67e96" testListId="8c84fa94-04c1-424b-9868-57a2d4851a1d" />
    <TestEntry testId="18d87a86-c288-0d65-b334-9ae3feb83fd4" executionId="c787bfda-52a4-449c-882f-240c6e9da18c" testListId="8c84fa94-04c1-424b-9868-57a2d4851a1d" />
    <TestEntry testId="7770c141-8c93-cfa1-e2a9-574fba3e123b" executionId="eb7989fb-1abf-4203-907d-932eeec1883f" testListId="8c84fa94-04c1-424b-9868-57a2d4851a1d" />
    <TestEntry testId="b50992fa-5125-9c48-09b0-58c5626cfd46" executionId="725044f1-00f0-4b59-9ff2-3baac9e528a0" testListId="8c84fa94-04c1-424b-9868-57a2d4851a1d" />
    <TestEntry testId="e926b7aa-0d60-f438-49eb-df0c89b7356d" executionId="e7ac0c6d-924b-4ab3-ac8f-2ade96db021e" testListId="8c84fa94-04c1-424b-9868-57a2d4851a1d" />
    <TestEntry testId="c279d0aa-a1e8-5fbf-52c3-2919c88fb82e" executionId="a7319f14-9d73-45cc-ab2e-c0e0ca9a25f3" testListId="8c84fa94-04c1-424b-9868-57a2d4851a1d" />
    <TestEntry testId="14ee1d5b-5645-b066-f21e-b6c725200105" executionId="f5a231fe-7e78-412d-bd6d-c79579f0f36f" testListId="8c84fa94-04c1-424b-9868-57a2d4851a1d" />
    <TestEntry testId="35fe19db-7a3f-051f-fc38-6b2b26be791d" executionId="10f6411c-0855-4c45-b5e5-714ede537751" testListId="8c84fa94-04c1-424b-9868-57a2d4851a1d" />
    <TestEntry testId="7b099417-e68b-369a-98ea-81252ffe367b" executionId="74ef8775-f7f6-4470-81f9-a0da3e8b04d4" testListId="8c84fa94-04c1-424b-9868-57a2d4851a1d" />
    <TestEntry testId="62971434-d070-05e9-7e2e-67339cd457cc" executionId="f4c3c930-b3ad-4b8f-a516-1ef0df60d5b7" testListId="8c84fa94-04c1-424b-9868-57a2d4851a1d" />
    <TestEntry testId="b4f75590-92df-872c-f70b-31c329cd70f3" executionId="9191a7a9-9deb-4d10-ac1e-38b81d856eb0" testListId="8c84fa94-04c1-424b-9868-57a2d4851a1d" />
    <TestEntry testId="45929646-9446-9747-d2c1-ef5315a080a9" executionId="618f0b05-f070-4e51-ba0f-5dd3adc91384" testListId="8c84fa94-04c1-424b-9868-57a2d4851a1d" />
    <TestEntry testId="56a56574-d434-69ef-6d61-031b81bda2e8" executionId="22691715-3a2a-4016-8005-bea7e113f456" testListId="8c84fa94-04c1-424b-9868-57a2d4851a1d" />
    <TestEntry testId="5e7f1967-19b9-699d-65df-1c953ee285e7" executionId="e5b8db15-8526-4ced-a289-ba37c2fcada2" testListId="8c84fa94-04c1-424b-9868-57a2d4851a1d" />
    <TestEntry testId="7b78af51-a07c-4233-2f94-eac0ee2c6a72" executionId="28d99d52-9e91-43a6-a04f-9ec3043d89f7" testListId="8c84fa94-04c1-424b-9868-57a2d4851a1d" />
    <TestEntry testId="889e6f9b-0246-8302-3a49-afd2bfd230d1" executionId="ae74d175-3b31-4a61-9f6e-df6513ec81b0" testListId="8c84fa94-04c1-424b-9868-57a2d4851a1d" />
    <TestEntry testId="c3846fc0-2007-2b3f-c098-4deb9354cadc" executionId="e2f76ae5-62d4-4384-8702-38c20e40ef17" testListId="8c84fa94-04c1-424b-9868-57a2d4851a1d" />
    <TestEntry testId="8a308586-3301-ed69-850b-aa82f3858b75" executionId="e3c385a3-111d-43a0-97eb-371b300b310b" testListId="8c84fa94-04c1-424b-9868-57a2d4851a1d" />
    <TestEntry testId="45129488-13fb-76bf-a100-0cf810f72436" executionId="6d12fc39-d476-4f7e-b37d-c3553fea4ef1" testListId="8c84fa94-04c1-424b-9868-57a2d4851a1d" />
    <TestEntry testId="a864dae9-9a72-ae9f-08f5-8d9ce3da9877" executionId="0dcb3338-6c4b-47a1-83c9-b9bd85d997b9" testListId="8c84fa94-04c1-424b-9868-57a2d4851a1d" />
    <TestEntry testId="a9ca7c6c-7750-96d8-7871-98f181c65f98" executionId="f802fda9-505d-4a57-b9ce-dea0c065d34b" testListId="8c84fa94-04c1-424b-9868-57a2d4851a1d" />
    <TestEntry testId="889e6f9b-0246-8302-3a49-afd2bfd230d1" executionId="fe31e116-5fb1-4c8b-880e-55b1327689c5" testListId="8c84fa94-04c1-424b-9868-57a2d4851a1d" />
    <TestEntry testId="1be1a000-d2fa-6c0f-c045-ff2861f84d37" executionId="7556d897-5328-4481-aedd-47eeb2b8c4fd" testListId="8c84fa94-04c1-424b-9868-57a2d4851a1d" />
    <TestEntry testId="69f352d7-7fe9-aeb4-1818-5444cf458f62" executionId="66fdb149-e1ff-4dbe-8d1d-fe575037986d" testListId="8c84fa94-04c1-424b-9868-57a2d4851a1d" />
    <TestEntry testId="b122f024-4d62-5fa9-117a-e786ca27ba96" executionId="a9150d5f-2527-4c9d-bbd8-b8ef00b87840" testListId="8c84fa94-04c1-424b-9868-57a2d4851a1d" />
    <TestEntry testId="6efb504e-4ae8-2274-7967-1c3a08e9f2db" executionId="1832cace-0594-4a7d-af41-b0fb4939dea3" testListId="8c84fa94-04c1-424b-9868-57a2d4851a1d" />
    <TestEntry testId="304d6567-2592-ea3e-227f-6d5fbe6f4a9a" executionId="9e6caeb8-5090-4dac-a5f1-98a674aa988d" testListId="8c84fa94-04c1-424b-9868-57a2d4851a1d" />
    <TestEntry testId="509721b0-7be3-708d-26fd-3599c008d1d3" executionId="cd8c0286-b434-4a4c-8b98-273bd866c82d" testListId="8c84fa94-04c1-424b-9868-57a2d4851a1d" />
    <TestEntry testId="82a9957a-9f0d-e17c-0934-62601657a2fc" executionId="157a16f5-ae6d-4be0-9410-588745371928" testListId="8c84fa94-04c1-424b-9868-57a2d4851a1d" />
    <TestEntry testId="50caac75-59c5-2982-763d-8bf5dea4f197" executionId="de542832-c561-4e2a-b0ec-fe3f959b294a" testListId="8c84fa94-04c1-424b-9868-57a2d4851a1d" />
    <TestEntry testId="889e6f9b-0246-8302-3a49-afd2bfd230d1" executionId="6cb46e20-6004-4f91-a02f-1725f99594ee" testListId="8c84fa94-04c1-424b-9868-57a2d4851a1d" />
    <TestEntry testId="93cfa45e-50b0-604c-c09c-2e5001172962" executionId="024b632e-54ea-45e2-bc91-8a5a26515433" testListId="8c84fa94-04c1-424b-9868-57a2d4851a1d" />
    <TestEntry testId="d839e357-7c87-cc97-99c7-06808fbc4ba9" executionId="f0751fe6-3c1a-408b-82f4-43726ed76eb6" testListId="8c84fa94-04c1-424b-9868-57a2d4851a1d" />
    <TestEntry testId="24c04284-064f-8992-4640-f51fd7e9f897" executionId="2c414205-2807-42e0-b741-6bbe30fdcb48" testListId="8c84fa94-04c1-424b-9868-57a2d4851a1d" />
    <TestEntry testId="76f95199-b523-5f95-e287-8c3c372bacef" executionId="8dca5ff8-b506-437e-b9a8-0c35dc7eb375" testListId="8c84fa94-04c1-424b-9868-57a2d4851a1d" />
    <TestEntry testId="b2bc26c4-1fb2-72c6-2cd4-9ee8e92adced" executionId="c5b2fa9f-63e8-43e0-a570-8084fdae6e83" testListId="8c84fa94-04c1-424b-9868-57a2d4851a1d" />
    <TestEntry testId="5a0d5dfe-96bc-4a66-bdea-1ea02d9e96dd" executionId="1a98bd21-72dc-48da-82e9-fbb56d6b7660" testListId="8c84fa94-04c1-424b-9868-57a2d4851a1d" />
    <TestEntry testId="33d30ad4-3561-4a28-4f49-bcdce7341bfd" executionId="81ce9955-09ef-4c7e-8d1a-5c6a3d7eaef2" testListId="8c84fa94-04c1-424b-9868-57a2d4851a1d" />
    <TestEntry testId="889e6f9b-0246-8302-3a49-afd2bfd230d1" executionId="5f0334d5-8e3a-4b82-ad1c-c68219b65a41" testListId="8c84fa94-04c1-424b-9868-57a2d4851a1d" />
    <TestEntry testId="af815e99-2b63-05e9-7ea1-bfc6de0216ca" executionId="31929b38-c483-4b46-bb5f-63f61ca3dc9d" testListId="8c84fa94-04c1-424b-9868-57a2d4851a1d" />
    <TestEntry testId="28b7f218-7471-42e4-aaa6-832342c6ecca" executionId="8aeb733c-6dc8-4bd5-a1f7-8f68dad19ba9" testListId="8c84fa94-04c1-424b-9868-57a2d4851a1d" />
    <TestEntry testId="7ade7f6d-dbf6-7d1f-d7f6-b39a969b31ff" executionId="74282aee-1886-4da7-8c6f-6beab3ced29d" testListId="8c84fa94-04c1-424b-9868-57a2d4851a1d" />
    <TestEntry testId="4f5a6cc6-1969-6f9b-ec83-8d5bda87395f" executionId="aaf83234-355c-4622-8ebc-21ed1df6a333" testListId="8c84fa94-04c1-424b-9868-57a2d4851a1d" />
    <TestEntry testId="3d1bcbae-e51f-a190-3e37-f7e57c802225" executionId="4319a54b-11e9-4a0a-982c-248c3e946565" testListId="8c84fa94-04c1-424b-9868-57a2d4851a1d" />
    <TestEntry testId="9bc04b5a-96f6-a6a5-aeb9-c7c2c465389f" executionId="3339af88-9e84-412d-8e2c-341211574877" testListId="8c84fa94-04c1-424b-9868-57a2d4851a1d" />
    <TestEntry testId="4122a9f9-946d-6675-5b2d-e3d415694cb1" executionId="0cb5903d-ff06-469a-8c0f-89b6bf82e118" testListId="8c84fa94-04c1-424b-9868-57a2d4851a1d" />
    <TestEntry testId="e63c8da7-36bc-0278-9da1-1f7a23301408" executionId="0a43656f-e065-46e0-b071-d7b96bcd20e0" testListId="8c84fa94-04c1-424b-9868-57a2d4851a1d" />
    <TestEntry testId="02f245e3-c0c3-9cda-b0f9-6e617d61377c" executionId="f7c5a230-f1e4-4093-b4aa-922eb60c5330" testListId="8c84fa94-04c1-424b-9868-57a2d4851a1d" />
    <TestEntry testId="363fcb95-f3be-f992-3fe9-9ea3d3b0fe13" executionId="a6b9801c-6e06-45c2-a462-7b71b90b284d" testListId="8c84fa94-04c1-424b-9868-57a2d4851a1d" />
    <TestEntry testId="93cfa45e-50b0-604c-c09c-2e5001172962" executionId="d84da06b-5583-4d51-bd4c-1d1602126233" testListId="8c84fa94-04c1-424b-9868-57a2d4851a1d" />
    <TestEntry testId="efff05e3-3b5a-b327-7cd0-0aaf390483f8" executionId="d968f7fb-3f9d-4748-85c3-0ae3c752eda1" testListId="8c84fa94-04c1-424b-9868-57a2d4851a1d" />
    <TestEntry testId="0183fccb-d77a-a03a-5714-d0062038a2df" executionId="aaddee8b-86f8-4032-b433-4ffcd212f922" testListId="8c84fa94-04c1-424b-9868-57a2d4851a1d" />
    <TestEntry testId="89eca625-e205-1852-94e5-9163f58047b8" executionId="e9239dc0-d915-4cb3-a05f-a52e68c18840" testListId="8c84fa94-04c1-424b-9868-57a2d4851a1d" />
    <TestEntry testId="5733c725-74f6-0e64-1c02-0d0e954418ad" executionId="948be6cc-9304-4f26-b06e-2b6bf2e944e1" testListId="8c84fa94-04c1-424b-9868-57a2d4851a1d" />
    <TestEntry testId="a8887616-d21a-2760-ae8d-12c4008e3d23" executionId="89d8ee66-0dce-43c5-b92f-f8c501620757" testListId="8c84fa94-04c1-424b-9868-57a2d4851a1d" />
    <TestEntry testId="2ebee47b-2482-8e0c-4c0b-8a9204b6c22b" executionId="8b03831e-c0ea-4d2a-8049-51762b2dd54c" testListId="8c84fa94-04c1-424b-9868-57a2d4851a1d" />
    <TestEntry testId="f20f88d2-f202-ea07-a9ea-ba84e7e02e5a" executionId="aed2dd33-29ac-415e-953b-34c5add0a1bd" testListId="8c84fa94-04c1-424b-9868-57a2d4851a1d" />
    <TestEntry testId="49e20756-5db1-2639-cc27-281c3d6c399d" executionId="85b1a407-5fe0-4c3a-af8e-ae625c9245dc" testListId="8c84fa94-04c1-424b-9868-57a2d4851a1d" />
    <TestEntry testId="3fd21a6e-edee-a13a-0c5f-a3ec8d98d388" executionId="a142292a-cd40-4960-92c7-cd7cd7bf18aa" testListId="8c84fa94-04c1-424b-9868-57a2d4851a1d" />
    <TestEntry testId="e407b8a0-22ba-2a63-6c33-cfdfd1359996" executionId="e22ab66c-5f71-44a3-bce8-baf8c4f0c0a4" testListId="8c84fa94-04c1-424b-9868-57a2d4851a1d" />
    <TestEntry testId="2098fa07-0e88-c42b-6751-748860141601" executionId="9a539ccc-a9de-4248-84c1-ce7de0c39f6d" testListId="8c84fa94-04c1-424b-9868-57a2d4851a1d" />
    <TestEntry testId="8a8a5963-5d44-f88c-9732-1f2ad3922525" executionId="b3de2d39-8abd-45fb-9c48-0b987790a859" testListId="8c84fa94-04c1-424b-9868-57a2d4851a1d" />
    <TestEntry testId="dac6b22d-9d2e-9a3d-f7af-5d832c196a8d" executionId="8849c4da-e955-4da7-9b60-ffbbc486535b" testListId="8c84fa94-04c1-424b-9868-57a2d4851a1d" />
    <TestEntry testId="d3785e46-fff2-840c-edea-a1fef358fc3e" executionId="71576d33-1a71-430e-9c69-93908cdefb80" testListId="8c84fa94-04c1-424b-9868-57a2d4851a1d" />
    <TestEntry testId="2b1c4864-9a39-5786-f28c-09b1dd762b25" executionId="e6af1c13-09df-423c-8d09-f5424f3a2d1b" testListId="8c84fa94-04c1-424b-9868-57a2d4851a1d" />
    <TestEntry testId="c2138e76-9f7f-8d2f-2ac2-891c3e25ac1f" executionId="f2e54d13-abc8-472a-8be2-33794fe7ff84" testListId="8c84fa94-04c1-424b-9868-57a2d4851a1d" />
    <TestEntry testId="7441f6f9-bcec-0df2-f536-62b5e6253144" executionId="5a8375d2-a8cf-4823-8390-73e87d1fc9fd" testListId="8c84fa94-04c1-424b-9868-57a2d4851a1d" />
    <TestEntry testId="0f7868bc-3682-bc6b-9f38-1769de49a115" executionId="ddb01657-dc8c-4e9c-b6c2-defaffc845c9" testListId="8c84fa94-04c1-424b-9868-57a2d4851a1d" />
    <TestEntry testId="38622752-e42e-50b5-44f2-47149b16f855" executionId="e456d2fe-034b-4198-9e85-dd7c9b7806b5" testListId="8c84fa94-04c1-424b-9868-57a2d4851a1d" />
    <TestEntry testId="f11c9c08-493c-8d49-9530-a630d17cabb2" executionId="12c2dbec-ac50-48b9-8676-b680a309e80c" testListId="8c84fa94-04c1-424b-9868-57a2d4851a1d" />
    <TestEntry testId="3abf4ce5-5742-a81f-318e-c7a4efd05d94" executionId="1b48f62e-af4f-4bea-9c27-66648185fec1" testListId="8c84fa94-04c1-424b-9868-57a2d4851a1d" />
    <TestEntry testId="25862255-ea15-c4b2-f192-75ff61711a25" executionId="73c80574-ab70-4632-a564-7c3f7d06e049" testListId="8c84fa94-04c1-424b-9868-57a2d4851a1d" />
    <TestEntry testId="cb32f69f-efc6-c410-d588-b2c4340f8817" executionId="d8ed5e4e-a138-456b-91d1-a783ef072f82" testListId="8c84fa94-04c1-424b-9868-57a2d4851a1d" />
    <TestEntry testId="bfb5848e-8f53-4c56-005c-ad410f1cc5e2" executionId="47189052-9d0f-4bf1-8f99-783db5820fe0" testListId="8c84fa94-04c1-424b-9868-57a2d4851a1d" />
    <TestEntry testId="f254dd66-bf9e-9655-0d51-85c7a35aad72" executionId="f1e871ca-b863-4022-ad3c-351d41c0d878" testListId="8c84fa94-04c1-424b-9868-57a2d4851a1d" />
    <TestEntry testId="293f329e-27b6-4f11-0ed8-c60eb66e54e3" executionId="49289902-734a-4944-bb4b-65355643e246" testListId="8c84fa94-04c1-424b-9868-57a2d4851a1d" />
    <TestEntry testId="65be61bd-48d1-7d05-8d35-0ef84b0e73f8" executionId="e79a3f21-9ef3-4a68-8283-436f27cdf07e" testListId="8c84fa94-04c1-424b-9868-57a2d4851a1d" />
    <TestEntry testId="234fab66-fa93-b8bf-27d2-973372feba11" executionId="815e1f06-a958-4fb7-a2ba-888655b9d132" testListId="8c84fa94-04c1-424b-9868-57a2d4851a1d" />
    <TestEntry testId="85443d53-4669-f0d4-0fb2-8edbb618f253" executionId="349ba55d-eda7-41c1-b7b1-e4452df39228" testListId="8c84fa94-04c1-424b-9868-57a2d4851a1d" />
    <TestEntry testId="de7c333c-dac0-97f8-ce50-bb79962f3356" executionId="ef980e0b-5b41-4cc8-a5a6-0b49d2b0f2a8" testListId="8c84fa94-04c1-424b-9868-57a2d4851a1d" />
    <TestEntry testId="d0f32a3a-7617-9ed0-ef0e-dd198d75d8fc" executionId="b68f7784-f83e-4603-a19a-7ed8368b6a55" testListId="8c84fa94-04c1-424b-9868-57a2d4851a1d" />
    <TestEntry testId="fe25b75f-22e9-6a8f-5657-47130db3d928" executionId="63784b90-08fb-4db5-9764-26d387c2f082" testListId="8c84fa94-04c1-424b-9868-57a2d4851a1d" />
    <TestEntry testId="cfc7accd-2ffc-e599-985f-e81f83f1ff99" executionId="138834f9-9a74-4c26-bf4f-778899da042b" testListId="8c84fa94-04c1-424b-9868-57a2d4851a1d" />
    <TestEntry testId="93cfa45e-50b0-604c-c09c-2e5001172962" executionId="ebe6afd5-02e1-4cf2-a2e8-b0a87ff26140" testListId="8c84fa94-04c1-424b-9868-57a2d4851a1d" />
    <TestEntry testId="06c58579-c702-4e23-3f60-256bc8b3f2e6" executionId="ce524eae-b6b8-49be-b31b-a9b9ab0a41f9" testListId="8c84fa94-04c1-424b-9868-57a2d4851a1d" />
    <TestEntry testId="33483d30-0e90-c1ed-4ad0-47cc19ee7fbc" executionId="a2fd1f13-f46b-4266-a871-ca22270b9663" testListId="8c84fa94-04c1-424b-9868-57a2d4851a1d" />
    <TestEntry testId="bd21bf91-6772-b618-cf7a-086f9bcbb72d" executionId="06ff3b9e-3e53-488d-8f56-3259d00978fb" testListId="8c84fa94-04c1-424b-9868-57a2d4851a1d" />
    <TestEntry testId="6df617a3-480b-b950-cc83-439ce7b442c8" executionId="d6c25e92-02d9-4880-9b58-33c08670caf5" testListId="8c84fa94-04c1-424b-9868-57a2d4851a1d" />
    <TestEntry testId="b01c36f9-4c33-cbd8-7177-84aa9e0cdaac" executionId="2ca2ce52-e2de-4f2b-89aa-d4e14407bd7e" testListId="8c84fa94-04c1-424b-9868-57a2d4851a1d" />
    <TestEntry testId="0ecdd210-0357-ae0e-cf0e-09be7386e5ed" executionId="71d72688-085c-481a-a884-8a502c87682d" testListId="8c84fa94-04c1-424b-9868-57a2d4851a1d" />
    <TestEntry testId="2f335b89-37f3-f36a-5c93-c7b3e39d8a38" executionId="359e779c-2157-4b8d-905b-4cb729b42f16" testListId="8c84fa94-04c1-424b-9868-57a2d4851a1d" />
    <TestEntry testId="b15cbe91-1a7c-3e51-ee2d-df5d041497fc" executionId="9af33a55-3a46-4ee4-91b3-d7eabef89f83" testListId="8c84fa94-04c1-424b-9868-57a2d4851a1d" />
    <TestEntry testId="1c67d741-c9ce-dfc2-5f5a-2144a38e5ef7" executionId="96dacec7-dc55-4702-9f77-ea269177dfa1" testListId="8c84fa94-04c1-424b-9868-57a2d4851a1d" />
    <TestEntry testId="1516a435-f2df-7974-adb8-b2d5f187527e" executionId="b532d4b3-f7ce-4b3c-b296-ca1130cd1151" testListId="8c84fa94-04c1-424b-9868-57a2d4851a1d" />
    <TestEntry testId="2e73cdd6-5f0d-f8db-f31d-394aad188358" executionId="ebdb2826-7c1f-47f6-bb69-5e7ee0f2dcc3" testListId="8c84fa94-04c1-424b-9868-57a2d4851a1d" />
    <TestEntry testId="eb1887f2-99e8-2199-5e42-44d49a96c712" executionId="b5349d32-71cd-4c89-b7bf-10c62049876d" testListId="8c84fa94-04c1-424b-9868-57a2d4851a1d" />
    <TestEntry testId="aad812c8-11ae-299e-c062-2f91c6e51f5b" executionId="1b00b339-c5ad-4289-a9d6-36cecccc93ca" testListId="8c84fa94-04c1-424b-9868-57a2d4851a1d" />
    <TestEntry testId="12137ac2-48bd-a902-d16c-541fa106b158" executionId="34c66316-34f1-49ca-9fb7-5840a0fd6b1c" testListId="8c84fa94-04c1-424b-9868-57a2d4851a1d" />
    <TestEntry testId="3f520ac0-c8cd-5212-c1e5-a71c6ce7b1d8" executionId="f9ad7c57-9c38-4c82-b6c0-92412122fc5f" testListId="8c84fa94-04c1-424b-9868-57a2d4851a1d" />
    <TestEntry testId="064adfe8-7f74-1859-2ce4-4280d3e48d69" executionId="2da52fe2-828c-4a78-8c26-c441b4dab12f" testListId="8c84fa94-04c1-424b-9868-57a2d4851a1d" />
    <TestEntry testId="622f516f-ccbb-6e8c-01d1-b3762c647c4e" executionId="6e47f0df-dcf2-4163-a8d3-39e4ac04dddd" testListId="8c84fa94-04c1-424b-9868-57a2d4851a1d" />
    <TestEntry testId="3fdce964-b125-48a8-5647-b9bf4f10a233" executionId="5e8f11ec-cc33-478b-9263-1b788c39e87a" testListId="8c84fa94-04c1-424b-9868-57a2d4851a1d" />
    <TestEntry testId="42b682b6-b6d6-d89b-7937-0116f3c39906" executionId="a48b4556-30a5-456e-898c-b0e4597c7564" testListId="8c84fa94-04c1-424b-9868-57a2d4851a1d" />
    <TestEntry testId="b8fb9772-bdb5-0007-d81b-1364d88469ef" executionId="ef1df4b7-e682-405f-b58f-83f8a70642b9" testListId="8c84fa94-04c1-424b-9868-57a2d4851a1d" />
    <TestEntry testId="db4ea747-3596-9bab-adc1-387fe867531d" executionId="e214cf0f-faec-4a11-8a99-bdcb4e3ccb7f" testListId="8c84fa94-04c1-424b-9868-57a2d4851a1d" />
    <TestEntry testId="b946c6b2-48d3-48c0-dba1-87be276acdd4" executionId="23909085-5689-47e1-b169-d356ee31c2fd" testListId="8c84fa94-04c1-424b-9868-57a2d4851a1d" />
    <TestEntry testId="37c7947a-3966-decd-629f-d603f8981b34" executionId="2edf8936-b372-4241-ac65-76faffabc4b0" testListId="8c84fa94-04c1-424b-9868-57a2d4851a1d" />
    <TestEntry testId="3def9f2b-e5b3-ad6a-4e4f-3569812f3ca2" executionId="d3393233-c6a7-435b-89f7-7b994cd69b9b" testListId="8c84fa94-04c1-424b-9868-57a2d4851a1d" />
    <TestEntry testId="93cfa45e-50b0-604c-c09c-2e5001172962" executionId="b89eabbf-15a8-4402-97ea-c316e737d202" testListId="8c84fa94-04c1-424b-9868-57a2d4851a1d" />
    <TestEntry testId="3714d8f5-188d-b81f-4d47-9936a4191a8f" executionId="01e978fd-b3cd-421a-97dd-c366dd50d9b6" testListId="8c84fa94-04c1-424b-9868-57a2d4851a1d" />
  </TestEntries>
  <TestLists>
    <TestList name="Results Not in a List" id="8c84fa94-04c1-424b-9868-57a2d4851a1d" />
    <TestList name="All Loaded Results" id="19431567-8539-422a-85d7-44ee4e166bda" />
  </TestLists>
  <ResultSummary outcome="Completed">
    <Counters total="408" executed="408" passed="408" failed="0" error="0" timeout="0" aborted="0" inconclusive="0" passedButRunAborted="0" notRunnable="0" notExecuted="0" disconnected="0" warning="0" completed="0" inProgress="0" pending="0" />
    <Output>
      <StdOut>[xUnit.net 00:00:00.00] xUnit.net VSTest Adapter v2.4.3+1b45f5407b (64-bit .NET 6.0.25)&#xD;
[xUnit.net 00:00:04.38]   Discovering: VideoOS.IdentityServer.UnitTests&#xD;
[xUnit.net 00:00:04.59]   Discovered:  VideoOS.IdentityServer.UnitTests&#xD;
[xUnit.net 00:00:04.59]   Starting:    VideoOS.IdentityServer.UnitTests&#xD;
[xUnit.net 00:00:07.20]   Finished:    VideoOS.IdentityServer.UnitTests&#xD;
</StdOut>
    </Output>
  </ResultSummary>
</TestRun>