<?xml version="1.0" encoding="utf-8"?>
<TestRun id="e13ef3ea-b649-485a-b0cb-dba19c061e99" name="DKSR-EFI-06$@DKSR-EFI-06 2024-01-09 15:44:38" runUser="NT AUTHORITY\NETWORK SERVICE" xmlns="http://microsoft.com/schemas/VisualStudio/TeamTest/2010">
  <Times creation="2024-01-09T15:44:38.1386904+01:00" queuing="2024-01-09T15:44:38.1386904+01:00" start="2024-01-09T15:44:25.5918093+01:00" finish="2024-01-09T15:45:39.4200459+01:00" />
  <TestSettings name="default" id="6861a833-7273-46c2-9c6e-01a98179e1d1">
    <Deployment runDeploymentRoot="DKSR-EFI-06$_DKSR-EFI-06_2024-01-09_15_44_38" />
  </TestSettings>
  <Results>
    <UnitTestResult executionId="2d454bf7-f82b-4aa4-a4d8-fb3d4d48694b" testId="2e3bd7fd-edea-fa2f-1e47-cb4acde20649" testName="GetMatchingObjects_ShouldReturnEmptyCollection_IfItContainsNoMatchingObjects" computerName="DKSR-EFI-06" duration="00:00:00.0024209" startTime="2024-01-09T15:44:51.0762322+01:00" endTime="2024-01-09T15:44:51.0918537+01:00" testType="13cdc9d9-ddb5-4fa4-a97d-d965ccfc6d4b" outcome="Passed" testListId="8c84fa94-04c1-424b-9868-57a2d4851a1d" relativeResultsDirectory="2d454bf7-f82b-4aa4-a4d8-fb3d4d48694b" />
    <UnitTestResult executionId="bce5597b-6d47-42a1-b2d9-c30e03c450eb" testId="b929885d-21cf-5047-5a72-9591e713803c" testName="IsMatch_ShouldReturnTrue_WhenObjectElementHasFullyMatchingPropertyRegardsOfOrderIsSecond" computerName="DKSR-EFI-06" duration="00:00:00.0016312" startTime="2024-01-09T15:44:42.8105760+01:00" endTime="2024-01-09T15:44:42.8105760+01:00" testType="13cdc9d9-ddb5-4fa4-a97d-d965ccfc6d4b" outcome="Passed" testListId="8c84fa94-04c1-424b-9868-57a2d4851a1d" relativeResultsDirectory="bce5597b-6d47-42a1-b2d9-c30e03c450eb" />
    <UnitTestResult executionId="a7f5cf3d-7d8b-4974-ab72-a2f1ba10575c" testId="efd3ecff-7860-677d-ee0a-05f7d0dd6e15" testName="Parse_ShouldReturnMetadataFrame_WhenGivenValidConfigAndXml" computerName="DKSR-EFI-06" duration="00:00:00.0026124" startTime="2024-01-09T15:44:51.1387308+01:00" endTime="2024-01-09T15:44:51.1387308+01:00" testType="13cdc9d9-ddb5-4fa4-a97d-d965ccfc6d4b" outcome="Passed" testListId="8c84fa94-04c1-424b-9868-57a2d4851a1d" relativeResultsDirectory="a7f5cf3d-7d8b-4974-ab72-a2f1ba10575c" />
    <UnitTestResult executionId="0daa5813-c68c-4c05-a24e-eeb9fed15e0e" testId="f394434a-220f-bf7d-5d5b-299ea39adc6a" testName="Constructors_ShouldNotAllowInjectionOfNulls" computerName="DKSR-EFI-06" duration="00:00:00.0016268" startTime="2024-01-09T15:44:51.1543550+01:00" endTime="2024-01-09T15:44:51.1543550+01:00" testType="13cdc9d9-ddb5-4fa4-a97d-d965ccfc6d4b" outcome="Passed" testListId="8c84fa94-04c1-424b-9868-57a2d4851a1d" relativeResultsDirectory="0daa5813-c68c-4c05-a24e-eeb9fed15e0e" />
    <UnitTestResult executionId="ce7c4621-5f3f-4a74-a2dc-6503a2845ae5" testId="a50f5d16-337a-357a-0781-682166a9c3a4" testName="IsMatch_ShouldReturnCorrectMatchingProperties_WhenObjectElementHasPartiallyMatchingPropertyRegardsOfOrderIsSecond" computerName="DKSR-EFI-06" duration="00:00:00.0014556" startTime="2024-01-09T15:44:42.7637012+01:00" endTime="2024-01-09T15:44:42.7637012+01:00" testType="13cdc9d9-ddb5-4fa4-a97d-d965ccfc6d4b" outcome="Passed" testListId="8c84fa94-04c1-424b-9868-57a2d4851a1d" relativeResultsDirectory="ce7c4621-5f3f-4a74-a2dc-6503a2845ae5" />
    <UnitTestResult executionId="1cce2c34-ca2f-45b0-b121-ddd21bb8bff5" testId="0f1de36e-d4d0-1d46-2d17-139a941ec6fd" testName="GetCustomFilters_ShouldReturnEmptyCollection_WhenThereAreNoFiltersInTheCategory" computerName="DKSR-EFI-06" duration="00:00:00.0119269" startTime="2024-01-09T15:45:38.7794182+01:00" endTime="2024-01-09T15:45:38.7950452+01:00" testType="13cdc9d9-ddb5-4fa4-a97d-d965ccfc6d4b" outcome="Passed" testListId="8c84fa94-04c1-424b-9868-57a2d4851a1d" relativeResultsDirectory="1cce2c34-ca2f-45b0-b121-ddd21bb8bff5" />
    <UnitTestResult executionId="75b6dea1-4839-4b97-8b30-e9df8d8474fa" testId="0b71c0e3-a86d-bb75-3905-c8d1b5aeb91a" testName="GetBoundingPolygon_ShouldReturnNull_WhenGivenFrameObjectWithNoPolygon" computerName="DKSR-EFI-06" duration="00:00:00.0013400" startTime="2024-01-09T15:44:40.0918144+01:00" endTime="2024-01-09T15:44:40.0918144+01:00" testType="13cdc9d9-ddb5-4fa4-a97d-d965ccfc6d4b" outcome="Passed" testListId="8c84fa94-04c1-424b-9868-57a2d4851a1d" relativeResultsDirectory="75b6dea1-4839-4b97-8b30-e9df8d8474fa" />
    <UnitTestResult executionId="3e9964d9-1621-493b-9f6d-97ec17326b50" testId="fa250182-9873-e1c4-5d09-117e7d101da5" testName="GetFilterValues_ShouldReturnEmptyEnumeration_WhenValueIsEmpty" computerName="DKSR-EFI-06" duration="00:00:00.0008559" startTime="2024-01-09T15:44:39.2636868+01:00" endTime="2024-01-09T15:44:39.2636868+01:00" testType="13cdc9d9-ddb5-4fa4-a97d-d965ccfc6d4b" outcome="Passed" testListId="8c84fa94-04c1-424b-9868-57a2d4851a1d" relativeResultsDirectory="3e9964d9-1621-493b-9f6d-97ec17326b50" />
    <UnitTestResult executionId="b9129717-39a3-41fa-9075-92fd94b5a27b" testId="ec31edd8-efda-9e8e-45c9-3573e057a69c" testName="GetValue_ShouldReturnAValue_WhenCalledWithKnownFilterIds (4c6aeecb-d705-44bf-8bea-2d866fbd3ba8)" computerName="DKSR-EFI-06" duration="00:00:00.0000082" startTime="2024-01-09T15:45:38.8575448+01:00" endTime="2024-01-09T15:45:38.8575448+01:00" testType="13cdc9d9-ddb5-4fa4-a97d-d965ccfc6d4b" outcome="Passed" testListId="8c84fa94-04c1-424b-9868-57a2d4851a1d" relativeResultsDirectory="b9129717-39a3-41fa-9075-92fd94b5a27b" />
    <UnitTestResult executionId="83d83c98-c595-40aa-8c18-60b6c0374dbe" testId="5dd3de1a-edfb-d8fd-bf35-2bfaa455e028" testName="IsMatch_ShouldReturnFalse_WhenObjectElementHasPartiallyMatchingProperty" computerName="DKSR-EFI-06" duration="00:00:00.0013237" startTime="2024-01-09T15:44:42.7949514+01:00" endTime="2024-01-09T15:44:42.7949514+01:00" testType="13cdc9d9-ddb5-4fa4-a97d-d965ccfc6d4b" outcome="Passed" testListId="8c84fa94-04c1-424b-9868-57a2d4851a1d" relativeResultsDirectory="83d83c98-c595-40aa-8c18-60b6c0374dbe" />
    <UnitTestResult executionId="41afad20-0a49-41b6-beec-78a7e850712b" testId="85dfb615-5a2b-c9e8-954a-1ca3cda0ed50" testName="CreateGuid_ShouldReturnGuid_WhenDeviceIdIsNull" computerName="DKSR-EFI-06" duration="00:00:00.0157461" startTime="2024-01-09T15:44:40.4199448+01:00" endTime="2024-01-09T15:44:40.4511944+01:00" testType="13cdc9d9-ddb5-4fa4-a97d-d965ccfc6d4b" outcome="Passed" testListId="8c84fa94-04c1-424b-9868-57a2d4851a1d" relativeResultsDirectory="41afad20-0a49-41b6-beec-78a7e850712b" />
    <UnitTestResult executionId="94ba39d0-260b-4335-bb42-2046a713ee12" testId="f7aa2147-5554-d3fb-fab3-5dd7cafa21ae" testName="IsMatch_ShouldReturnTrue_WhenProvidedPredicateSetIsEmpty" computerName="DKSR-EFI-06" duration="00:00:00.0005462" startTime="2024-01-09T15:44:42.7168264+01:00" endTime="2024-01-09T15:44:42.7168264+01:00" testType="13cdc9d9-ddb5-4fa4-a97d-d965ccfc6d4b" outcome="Passed" testListId="8c84fa94-04c1-424b-9868-57a2d4851a1d" relativeResultsDirectory="94ba39d0-260b-4335-bb42-2046a713ee12" />
    <UnitTestResult executionId="257b9b32-efb8-4b8e-806b-767497a2bcde" testId="ba0f9304-7ca7-2370-1639-f2cf0cd868b8" testName="GetBoundingShapesAsync_ShouldUseBoundingBox_WhenGivenFrameObjectWithOnlyBoundingBox" computerName="DKSR-EFI-06" duration="00:00:00.0131321" startTime="2024-01-09T15:44:42.3574490+01:00" endTime="2024-01-09T15:44:42.3730728+01:00" testType="13cdc9d9-ddb5-4fa4-a97d-d965ccfc6d4b" outcome="Passed" testListId="8c84fa94-04c1-424b-9868-57a2d4851a1d" relativeResultsDirectory="257b9b32-efb8-4b8e-806b-767497a2bcde" />
    <UnitTestResult executionId="62c23524-b8db-4a48-a475-3654b5f26be2" testId="6bce575e-8f07-a06a-d4e9-7baf381097ed" testName="IsMatch_ShouldReturnTrue_WhenAllPredicatesAreMatched" computerName="DKSR-EFI-06" duration="00:00:00.0022833" startTime="2024-01-09T15:44:42.4355738+01:00" endTime="2024-01-09T15:44:42.4355738+01:00" testType="13cdc9d9-ddb5-4fa4-a97d-d965ccfc6d4b" outcome="Passed" testListId="8c84fa94-04c1-424b-9868-57a2d4851a1d" relativeResultsDirectory="62c23524-b8db-4a48-a475-3654b5f26be2" />
    <UnitTestResult executionId="9c293a8e-fc0c-44e7-9e16-271d3b13fab5" testId="7325018e-56fb-f385-2d1a-ff4306c3d376" testName="InvalidateLatitude_ShouldTurnInvalidToFalse_WhenCalledOnValidValue" computerName="DKSR-EFI-06" duration="00:00:00.0008365" startTime="2024-01-09T15:44:39.4824354+01:00" endTime="2024-01-09T15:44:39.4824354+01:00" testType="13cdc9d9-ddb5-4fa4-a97d-d965ccfc6d4b" outcome="Passed" testListId="8c84fa94-04c1-424b-9868-57a2d4851a1d" relativeResultsDirectory="9c293a8e-fc0c-44e7-9e16-271d3b13fab5" />
    <UnitTestResult executionId="fc95014d-18d6-48fd-8169-19f88028116a" testId="fe163e62-ffab-5521-2098-76fd9b17d8bd" testName="IsSet_ShouldBeTrue_WhenValueIsValid" computerName="DKSR-EFI-06" duration="00:00:00.0024161" startTime="2024-01-09T15:44:39.8886910+01:00" endTime="2024-01-09T15:44:39.8886910+01:00" testType="13cdc9d9-ddb5-4fa4-a97d-d965ccfc6d4b" outcome="Passed" testListId="8c84fa94-04c1-424b-9868-57a2d4851a1d" relativeResultsDirectory="fc95014d-18d6-48fd-8169-19f88028116a" />
    <UnitTestResult executionId="4e353496-1c09-4ae3-a277-066e99241fa8" testId="081f9a08-6053-6399-57df-5083103f0ed1" testName="GetProperty_ShouldReturnValue_WhenPropertyExists (Foo,Bar)" computerName="DKSR-EFI-06" duration="00:00:00.0090020" startTime="2024-01-09T15:44:51.0606054+01:00" endTime="2024-01-09T15:44:51.0762322+01:00" testType="13cdc9d9-ddb5-4fa4-a97d-d965ccfc6d4b" outcome="Passed" testListId="8c84fa94-04c1-424b-9868-57a2d4851a1d" relativeResultsDirectory="4e353496-1c09-4ae3-a277-066e99241fa8" />
    <UnitTestResult executionId="a2716b86-9482-4bc8-9983-4dbec76b9993" testId="db53a8e9-007c-687c-dd4d-36e806275ba8" testName="Constructors_ShouldNotAllowInjectionOfNulls" computerName="DKSR-EFI-06" duration="00:00:00.0023376" startTime="2024-01-09T15:44:42.7012008+01:00" endTime="2024-01-09T15:44:42.7168264+01:00" testType="13cdc9d9-ddb5-4fa4-a97d-d965ccfc6d4b" outcome="Passed" testListId="8c84fa94-04c1-424b-9868-57a2d4851a1d" relativeResultsDirectory="a2716b86-9482-4bc8-9983-4dbec76b9993" />
    <UnitTestResult executionId="b1e9a1ae-fabf-45da-88f6-d9bf32417559" testId="a0fecfc4-55af-bb90-a20d-49a14375d376" testName="GetValue_ShouldReturnAValue_WhenCalledWithKnownFilterIds (ecdcb7ff-0a4b-4b4c-9272-a2fd23639070)" computerName="DKSR-EFI-06" duration="00:00:00.0000087" startTime="2024-01-09T15:45:38.8575448+01:00" endTime="2024-01-09T15:45:38.8575448+01:00" testType="13cdc9d9-ddb5-4fa4-a97d-d965ccfc6d4b" outcome="Passed" testListId="8c84fa94-04c1-424b-9868-57a2d4851a1d" relativeResultsDirectory="b1e9a1ae-fabf-45da-88f6-d9bf32417559" />
    <UnitTestResult executionId="67b22ab5-41d5-46e0-8c64-4de6ea4b9159" testId="27c656ed-af7a-6dcb-a54c-8684fabb981f" testName="GetFilterValues_ShouldReturnEmptyEnumeration_WhenValueIsNull" computerName="DKSR-EFI-06" duration="00:00:00.0032587" startTime="2024-01-09T15:44:39.2480637+01:00" endTime="2024-01-09T15:44:39.2636868+01:00" testType="13cdc9d9-ddb5-4fa4-a97d-d965ccfc6d4b" outcome="Passed" testListId="8c84fa94-04c1-424b-9868-57a2d4851a1d" relativeResultsDirectory="67b22ab5-41d5-46e0-8c64-4de6ea4b9159" />
    <UnitTestResult executionId="c409abf4-0bed-4fca-8ba8-03a3a4d36da4" testId="4ad0f67f-332b-bbe3-a5c7-2a02d9b7e9fc" testName="GetFilterValues_ShouldReturnLowAndHighValues_WhenValueIsValid" computerName="DKSR-EFI-06" duration="00:00:00.2292427" startTime="2024-01-09T15:44:38.7793117+01:00" endTime="2024-01-09T15:44:39.0136885+01:00" testType="13cdc9d9-ddb5-4fa4-a97d-d965ccfc6d4b" outcome="Passed" testListId="8c84fa94-04c1-424b-9868-57a2d4851a1d" relativeResultsDirectory="c409abf4-0bed-4fca-8ba8-03a3a4d36da4" />
    <UnitTestResult executionId="885b4048-fa8c-4f86-a2a0-cc788325db5c" testId="f2977152-27e1-99c2-0ed4-b1108eb41ea8" testName="GetFilterValues_ShouldReturnSelectedValues_WhenValueIsValid" computerName="DKSR-EFI-06" duration="00:00:00.0407843" startTime="2024-01-09T15:44:39.0761873+01:00" endTime="2024-01-09T15:44:39.1230614+01:00" testType="13cdc9d9-ddb5-4fa4-a97d-d965ccfc6d4b" outcome="Passed" testListId="8c84fa94-04c1-424b-9868-57a2d4851a1d" relativeResultsDirectory="885b4048-fa8c-4f86-a2a0-cc788325db5c" />
    <UnitTestResult executionId="eba33841-a373-4629-82e6-1e621f28e728" testId="05c53389-de63-4c38-3cc1-2c1bee04f6df" testName="GetItemValue_ShouldThrowException_WhenIdIsNotFound" computerName="DKSR-EFI-06" duration="00:00:00.0046985" startTime="2024-01-09T15:44:39.4356880+01:00" endTime="2024-01-09T15:44:39.4511876+01:00" testType="13cdc9d9-ddb5-4fa4-a97d-d965ccfc6d4b" outcome="Passed" testListId="8c84fa94-04c1-424b-9868-57a2d4851a1d" relativeResultsDirectory="eba33841-a373-4629-82e6-1e621f28e728" />
    <UnitTestResult executionId="5a836d25-f855-4466-9bed-8d5727457492" testId="5fd39ef6-9234-df81-0f71-277429bc7c32" testName="IsMatch_ShouldReturnFalse_WhenObjectElementHasPartiallyMatchingValue" computerName="DKSR-EFI-06" duration="00:00:00.0012296" startTime="2024-01-09T15:44:42.7637012+01:00" endTime="2024-01-09T15:44:42.7637012+01:00" testType="13cdc9d9-ddb5-4fa4-a97d-d965ccfc6d4b" outcome="Passed" testListId="8c84fa94-04c1-424b-9868-57a2d4851a1d" relativeResultsDirectory="5a836d25-f855-4466-9bed-8d5727457492" />
    <UnitTestResult executionId="8e29b578-c7d1-43bd-b62f-41f5e386b8f2" testId="05a0b56b-824a-235d-7575-9dc9bb5e2ed7" testName="IsMatch_ShouldReturnCorrectMatchingProperties_WhenObjectElementHasPartiallyMatchingPropertyRegardsOfOrderIsFirst" computerName="DKSR-EFI-06" duration="00:00:00.0013385" startTime="2024-01-09T15:44:42.7637012+01:00" endTime="2024-01-09T15:44:42.7637012+01:00" testType="13cdc9d9-ddb5-4fa4-a97d-d965ccfc6d4b" outcome="Passed" testListId="8c84fa94-04c1-424b-9868-57a2d4851a1d" relativeResultsDirectory="8e29b578-c7d1-43bd-b62f-41f5e386b8f2" />
    <UnitTestResult executionId="d3b0c584-12a0-4f78-a5ba-38df50617976" testId="59cd6aa8-5529-82a6-681d-5b634e1a1c2b" testName="DoSearch_ShouldFindPeople_WhenGenderPropertyIsPresent" computerName="DKSR-EFI-06" duration="00:00:02.7367731" startTime="2024-01-09T15:45:10.2481336+01:00" endTime="2024-01-09T15:45:12.9825148+01:00" testType="13cdc9d9-ddb5-4fa4-a97d-d965ccfc6d4b" outcome="Passed" testListId="8c84fa94-04c1-424b-9868-57a2d4851a1d" relativeResultsDirectory="d3b0c584-12a0-4f78-a5ba-38df50617976" />
    <UnitTestResult executionId="bbc0b61b-c457-47aa-bc27-2746ae96325a" testId="fc92dcdb-aa20-edf8-3be9-ce9746fdc4a5" testName="Constructors_ShouldNotAllowInjectionOfNulls" computerName="DKSR-EFI-06" duration="00:00:00.0814276" startTime="2024-01-09T15:44:38.6543092+01:00" endTime="2024-01-09T15:44:38.7324386+01:00" testType="13cdc9d9-ddb5-4fa4-a97d-d965ccfc6d4b" outcome="Passed" testListId="8c84fa94-04c1-424b-9868-57a2d4851a1d" relativeResultsDirectory="bbc0b61b-c457-47aa-bc27-2746ae96325a" />
    <UnitTestResult executionId="3ca8293f-4749-46f4-ae11-51c48cc34f38" testId="b84f0c41-67d3-2b8c-1b37-48680bcaa3f1" testName="LicensePlateShouldBeParsed" computerName="DKSR-EFI-06" duration="00:00:00.0129173" startTime="2024-01-09T15:44:51.0918537+01:00" endTime="2024-01-09T15:44:51.1074819+01:00" testType="13cdc9d9-ddb5-4fa4-a97d-d965ccfc6d4b" outcome="Passed" testListId="8c84fa94-04c1-424b-9868-57a2d4851a1d" relativeResultsDirectory="3ca8293f-4749-46f4-ae11-51c48cc34f38" />
    <UnitTestResult executionId="aabf5b64-e7e0-4a39-b86e-42b88ab78c67" testId="a96913c2-5c94-25aa-aa92-a4b494985e51" testName="TryParseColor_ShouldSucceed_WhenColorspaceComesFromProperties" computerName="DKSR-EFI-06" duration="00:00:00.0033656" startTime="2024-01-09T15:44:42.9199534+01:00" endTime="2024-01-09T15:44:42.9355781+01:00" testType="13cdc9d9-ddb5-4fa4-a97d-d965ccfc6d4b" outcome="Passed" testListId="8c84fa94-04c1-424b-9868-57a2d4851a1d" relativeResultsDirectory="aabf5b64-e7e0-4a39-b86e-42b88ab78c67" />
    <UnitTestResult executionId="373aa0b7-6706-4d52-9363-aa596ed506ea" testId="718bfcb4-43b7-ecd7-3287-19035bc44f45" testName="IsMatch_ShouldCompareDistanceCorrectly_WhenGivenValidPropertyValues (44.401012,-73.848847,44.400888,-73.849034,0,False)" computerName="DKSR-EFI-06" duration="00:00:00.0034029" startTime="2024-01-09T15:44:42.6699520+01:00" endTime="2024-01-09T15:44:42.6699520+01:00" testType="13cdc9d9-ddb5-4fa4-a97d-d965ccfc6d4b" outcome="Passed" testListId="8c84fa94-04c1-424b-9868-57a2d4851a1d" relativeResultsDirectory="373aa0b7-6706-4d52-9363-aa596ed506ea" />
    <UnitTestResult executionId="73d05764-d4b4-4510-9cec-2cc44c7acf68" testId="36f65028-a17e-012e-79af-b69bd9d0ea50" testName="GetBoundingShapesAsync_ShouldUsePolygons_WhenGivenFrameObjectWithBothPolygonAndBoundingBox" computerName="DKSR-EFI-06" duration="00:00:01.7959139" startTime="2024-01-09T15:44:40.5605684+01:00" endTime="2024-01-09T15:44:42.3574490+01:00" testType="13cdc9d9-ddb5-4fa4-a97d-d965ccfc6d4b" outcome="Passed" testListId="8c84fa94-04c1-424b-9868-57a2d4851a1d" relativeResultsDirectory="73d05764-d4b4-4510-9cec-2cc44c7acf68" />
    <UnitTestResult executionId="858123d8-c13a-432f-9a8b-42caee36373b" testId="6ba255de-dbf0-eb3f-02fb-2c64c42b1682" testName="GetValue_ShouldReturnAValue_WhenCalledWithKnownVehicleTypeIds (ff222f02-f1af-4dcb-b93b-272e36ed4050)" computerName="DKSR-EFI-06" duration="00:00:00.0000100" startTime="2024-01-09T15:45:38.8419182+01:00" endTime="2024-01-09T15:45:38.8419182+01:00" testType="13cdc9d9-ddb5-4fa4-a97d-d965ccfc6d4b" outcome="Passed" testListId="8c84fa94-04c1-424b-9868-57a2d4851a1d" relativeResultsDirectory="858123d8-c13a-432f-9a8b-42caee36373b" />
    <UnitTestResult executionId="67273441-12b0-4505-8d15-12560778bab9" testId="10bc45ca-5f3a-22e8-73e5-0f5118bba111" testName="IsMatch_ShouldReturnTrue_WhenObjectElementHasFullyMatchingPropertyRegardsOfOrderIsFirst" computerName="DKSR-EFI-06" duration="00:00:00.0013152" startTime="2024-01-09T15:44:42.7949514+01:00" endTime="2024-01-09T15:44:42.7949514+01:00" testType="13cdc9d9-ddb5-4fa4-a97d-d965ccfc6d4b" outcome="Passed" testListId="8c84fa94-04c1-424b-9868-57a2d4851a1d" relativeResultsDirectory="67273441-12b0-4505-8d15-12560778bab9" />
    <UnitTestResult executionId="46591020-774c-424d-80d7-68f75f7e8a21" testId="f9f3012a-eb0a-d94a-26f7-f14f0af44576" testName="Constructors_ShouldNotAllowInjectionOfNulls" computerName="DKSR-EFI-06" duration="00:00:00.0015538" startTime="2024-01-09T15:44:42.6230757+01:00" endTime="2024-01-09T15:44:42.6230757+01:00" testType="13cdc9d9-ddb5-4fa4-a97d-d965ccfc6d4b" outcome="Passed" testListId="8c84fa94-04c1-424b-9868-57a2d4851a1d" relativeResultsDirectory="46591020-774c-424d-80d7-68f75f7e8a21" />
    <UnitTestResult executionId="88855bff-969d-4b64-99fa-e2a8a2dc9ed1" testId="f839b0cd-3a0c-4f3b-f356-c2c389932835" testName="GetValue_ShouldThrowException_WhenCalledWithUnknownId" computerName="DKSR-EFI-06" duration="00:00:00.0008264" startTime="2024-01-09T15:45:38.8731697+01:00" endTime="2024-01-09T15:45:38.8731697+01:00" testType="13cdc9d9-ddb5-4fa4-a97d-d965ccfc6d4b" outcome="Passed" testListId="8c84fa94-04c1-424b-9868-57a2d4851a1d" relativeResultsDirectory="88855bff-969d-4b64-99fa-e2a8a2dc9ed1" />
    <UnitTestResult executionId="e26046e0-69cc-43eb-89e4-e1ae9e05f8f7" testId="79964680-7b27-ee1a-edaf-5448c3abcf5b" testName="IsSet_ShouldBeTrue_WhenValueIsValid" computerName="DKSR-EFI-06" duration="00:00:00.0514662" startTime="2024-01-09T15:44:39.7949386+01:00" endTime="2024-01-09T15:44:39.8418161+01:00" testType="13cdc9d9-ddb5-4fa4-a97d-d965ccfc6d4b" outcome="Passed" testListId="8c84fa94-04c1-424b-9868-57a2d4851a1d" relativeResultsDirectory="e26046e0-69cc-43eb-89e4-e1ae9e05f8f7" />
    <UnitTestResult executionId="f653c4a6-5bc8-4ea7-9b4f-193574f553ba" testId="fa9a6086-20f9-011d-55f0-761280e00db8" testName="DoSearch_ShouldFindVehicle_WhenVehicleTypePropertyIsPresent" computerName="DKSR-EFI-06" duration="00:00:03.3045420" startTime="2024-01-09T15:45:21.7637871+01:00" endTime="2024-01-09T15:45:25.0762908+01:00" testType="13cdc9d9-ddb5-4fa4-a97d-d965ccfc6d4b" outcome="Passed" testListId="8c84fa94-04c1-424b-9868-57a2d4851a1d" relativeResultsDirectory="f653c4a6-5bc8-4ea7-9b4f-193574f553ba" />
    <UnitTestResult executionId="a2add487-6086-4618-85d3-01c49b214c7e" testId="87cc0ff4-d648-edd4-cbb7-3dc53c271bbb" testName="GetFilterValues_ShouldReturnLowAndHighValuesScaled_WhenScaleIsProvided" computerName="DKSR-EFI-06" duration="00:00:00.0253302" startTime="2024-01-09T15:44:39.0136885+01:00" endTime="2024-01-09T15:44:39.0449359+01:00" testType="13cdc9d9-ddb5-4fa4-a97d-d965ccfc6d4b" outcome="Passed" testListId="8c84fa94-04c1-424b-9868-57a2d4851a1d" relativeResultsDirectory="a2add487-6086-4618-85d3-01c49b214c7e" />
    <UnitTestResult executionId="1d1fb014-345d-468c-bb82-155eee8fc8c9" testId="a2d0f19c-1f20-39e9-8df1-851eaee0c877" testName="GetMatchingObjects_ShouldReturnMatchingObject_IfItContainsAny" computerName="DKSR-EFI-06" duration="00:00:00.0022918" startTime="2024-01-09T15:44:51.0918537+01:00" endTime="2024-01-09T15:44:51.0918537+01:00" testType="13cdc9d9-ddb5-4fa4-a97d-d965ccfc6d4b" outcome="Passed" testListId="8c84fa94-04c1-424b-9868-57a2d4851a1d" relativeResultsDirectory="1d1fb014-345d-468c-bb82-155eee8fc8c9" />
    <UnitTestResult executionId="88c22e5a-44d3-44a1-819d-b7f6daf748c5" testId="bf0c1894-6f4d-81b2-526e-1928d7391f12" testName="DoSearch_ShouldFireErrorCallback_WhenUnknownExceptionOccurs" computerName="DKSR-EFI-06" duration="00:00:00.0083153" startTime="2024-01-09T15:44:40.3574866+01:00" endTime="2024-01-09T15:44:40.3574866+01:00" testType="13cdc9d9-ddb5-4fa4-a97d-d965ccfc6d4b" outcome="Passed" testListId="8c84fa94-04c1-424b-9868-57a2d4851a1d" relativeResultsDirectory="88c22e5a-44d3-44a1-819d-b7f6daf748c5" />
    <UnitTestResult executionId="f3a0902b-650e-415b-982b-b708c807ac40" testId="3d846fdd-cac0-f6b0-bd5c-acbce67091e3" testName="IsMatch_ShouldCompareDistanceCorrectly_WhenGivenValidPropertyValues (44.401012,-73.848847,44.378859,-73.834729,2.72,True)" computerName="DKSR-EFI-06" duration="00:00:00.0032027" startTime="2024-01-09T15:44:42.6855767+01:00" endTime="2024-01-09T15:44:42.6855767+01:00" testType="13cdc9d9-ddb5-4fa4-a97d-d965ccfc6d4b" outcome="Passed" testListId="8c84fa94-04c1-424b-9868-57a2d4851a1d" relativeResultsDirectory="f3a0902b-650e-415b-982b-b708c807ac40" />
    <UnitTestResult executionId="f3d2d80d-1a93-4e47-a7c0-f56c397c7daa" testId="ebe2eab7-197f-2527-3878-ceffe8948ed4" testName="GetEnabledFilters_ShouldReturnAllEnabledFilters" computerName="DKSR-EFI-06" duration="00:00:00.0026197" startTime="2024-01-09T15:45:38.7169231+01:00" endTime="2024-01-09T15:45:38.7169231+01:00" testType="13cdc9d9-ddb5-4fa4-a97d-d965ccfc6d4b" outcome="Passed" testListId="8c84fa94-04c1-424b-9868-57a2d4851a1d" relativeResultsDirectory="f3d2d80d-1a93-4e47-a7c0-f56c397c7daa" />
    <UnitTestResult executionId="6f31cf16-2535-4026-bd51-fbd46d953b59" testId="a1b74b0b-009e-e0a3-33bb-93ec2d1ed879" testName="IsMatch_ShouldReturnTrue_WhenObjectElementExists" computerName="DKSR-EFI-06" duration="00:00:00.0022818" startTime="2024-01-09T15:44:42.6074504+01:00" endTime="2024-01-09T15:44:42.6074504+01:00" testType="13cdc9d9-ddb5-4fa4-a97d-d965ccfc6d4b" outcome="Passed" testListId="8c84fa94-04c1-424b-9868-57a2d4851a1d" relativeResultsDirectory="6f31cf16-2535-4026-bd51-fbd46d953b59" />
    <UnitTestResult executionId="4f0ef8ae-9c89-41db-9532-13d216ece7b1" testId="628d6dc9-f203-b82c-a7dd-e7b1ec243513" testName="IsSet_ShouldBeFalse_WhenValueIsNull" computerName="DKSR-EFI-06" duration="00:00:00.0012399" startTime="2024-01-09T15:44:39.7793137+01:00" endTime="2024-01-09T15:44:39.7793137+01:00" testType="13cdc9d9-ddb5-4fa4-a97d-d965ccfc6d4b" outcome="Passed" testListId="8c84fa94-04c1-424b-9868-57a2d4851a1d" relativeResultsDirectory="4f0ef8ae-9c89-41db-9532-13d216ece7b1" />
    <UnitTestResult executionId="af8167a4-0eb3-4b50-8bf7-8b05ca47d966" testId="2b8047c1-d301-a5ca-65e6-92f6b8de82c4" testName="GetFrames_ShouldReturnFramesInTheSpecifiedTimeRange (True)" computerName="DKSR-EFI-06" duration="00:00:01.7777243" startTime="2024-01-09T15:44:42.9980778+01:00" endTime="2024-01-09T15:44:44.7793355+01:00" testType="13cdc9d9-ddb5-4fa4-a97d-d965ccfc6d4b" outcome="Passed" testListId="8c84fa94-04c1-424b-9868-57a2d4851a1d" relativeResultsDirectory="af8167a4-0eb3-4b50-8bf7-8b05ca47d966" />
    <UnitTestResult executionId="f0a2a755-e2bf-4c4f-8c25-abe7eaf5a592" testId="eea25713-cebe-4a9c-36f2-1d260048678f" testName="Constructors_ShouldNotAllowInjectionOfNulls" computerName="DKSR-EFI-06" duration="00:00:00.0071835" startTime="2024-01-09T15:44:42.9824529+01:00" endTime="2024-01-09T15:44:42.9980778+01:00" testType="13cdc9d9-ddb5-4fa4-a97d-d965ccfc6d4b" outcome="Passed" testListId="8c84fa94-04c1-424b-9868-57a2d4851a1d" relativeResultsDirectory="f0a2a755-e2bf-4c4f-8c25-abe7eaf5a592" />
    <UnitTestResult executionId="b718bfff-549e-404c-ab16-f687cd601c83" testId="4b7aac72-14f7-a940-2faa-21a3faf7d26d" testName="Constructors_ShouldNotAllowInjectionOfNulls" computerName="DKSR-EFI-06" duration="00:00:00.0143504" startTime="2024-01-09T15:44:39.5605611+01:00" endTime="2024-01-09T15:44:39.5761877+01:00" testType="13cdc9d9-ddb5-4fa4-a97d-d965ccfc6d4b" outcome="Passed" testListId="8c84fa94-04c1-424b-9868-57a2d4851a1d" relativeResultsDirectory="b718bfff-549e-404c-ab16-f687cd601c83" />
    <UnitTestResult executionId="713e0c82-b122-458e-a709-8dcc0c0374ad" testId="45918056-178b-bae7-e87d-d8a65e50daaf" testName="CreateValue_ShouldUse_ConfigurationValues" computerName="DKSR-EFI-06" duration="00:00:00.0015439" startTime="2024-01-09T15:44:39.5605611+01:00" endTime="2024-01-09T15:44:39.5605611+01:00" testType="13cdc9d9-ddb5-4fa4-a97d-d965ccfc6d4b" outcome="Passed" testListId="8c84fa94-04c1-424b-9868-57a2d4851a1d" relativeResultsDirectory="713e0c82-b122-458e-a709-8dcc0c0374ad" />
    <UnitTestResult executionId="b6811e1e-b19b-4034-84c9-324c84ec4326" testId="06458756-5b0f-8871-2aee-d4f934cd1724" testName="IsMatch_ShouldCompareDistanceCorrectly_WhenGivenValidPropertyValues (33.390901,55.211361,-62.737736,-84.959958,44.400888,-73.849034,0.1,False)" computerName="DKSR-EFI-06" duration="00:00:00.0032441" startTime="2024-01-09T15:44:42.6543252+01:00" endTime="2024-01-09T15:44:42.6699520+01:00" testType="13cdc9d9-ddb5-4fa4-a97d-d965ccfc6d4b" outcome="Passed" testListId="8c84fa94-04c1-424b-9868-57a2d4851a1d" relativeResultsDirectory="b6811e1e-b19b-4034-84c9-324c84ec4326" />
    <UnitTestResult executionId="05c9bf3c-9ebe-43e6-af95-61a21ca454cc" testId="74ddc7c3-02ad-d786-3e81-678bef6c5666" testName="IsMatch_ShouldReturnTrue_WhenValueIsWhitinRange" computerName="DKSR-EFI-06" duration="00:00:00.0027016" startTime="2024-01-09T15:44:42.5762009+01:00" endTime="2024-01-09T15:44:42.5762009+01:00" testType="13cdc9d9-ddb5-4fa4-a97d-d965ccfc6d4b" outcome="Passed" testListId="8c84fa94-04c1-424b-9868-57a2d4851a1d" relativeResultsDirectory="05c9bf3c-9ebe-43e6-af95-61a21ca454cc" />
    <UnitTestResult executionId="23748bfe-cb10-40a4-b315-133d5e9d39dc" testId="9bf617e2-5acb-b3f1-22d6-cb663ae2d525" testName="GetValue_ShouldReturnAValue_WhenCalledWithKnownVehicleTypeIds (4d4fe47d-7a6a-47ac-9653-4316d92000f6)" computerName="DKSR-EFI-06" duration="00:00:00.0003828" startTime="2024-01-09T15:45:38.8419182+01:00" endTime="2024-01-09T15:45:38.8419182+01:00" testType="13cdc9d9-ddb5-4fa4-a97d-d965ccfc6d4b" outcome="Passed" testListId="8c84fa94-04c1-424b-9868-57a2d4851a1d" relativeResultsDirectory="23748bfe-cb10-40a4-b315-133d5e9d39dc" />
    <UnitTestResult executionId="bf2605e2-1c2b-4a3e-883a-33d12513da85" testId="1198cd49-d17f-f7fe-663c-17c2d2fa73bb" testName="FallbackDisplayValue_ShouldReturnStringWithAllTheValues" computerName="DKSR-EFI-06" duration="00:00:00.0046124" startTime="2024-01-09T15:44:39.4668107+01:00" endTime="2024-01-09T15:44:39.4824354+01:00" testType="13cdc9d9-ddb5-4fa4-a97d-d965ccfc6d4b" outcome="Passed" testListId="8c84fa94-04c1-424b-9868-57a2d4851a1d" relativeResultsDirectory="bf2605e2-1c2b-4a3e-883a-33d12513da85" />
    <UnitTestResult executionId="353e7c85-4dac-4248-aded-9de459573eb6" testId="46c75eb8-fd65-ecab-1ed7-a7d0d0575fbb" testName="With results" computerName="DKSR-EFI-06" duration="00:00:00.0381040" startTime="2024-01-09T15:44:40.3105664+01:00" endTime="2024-01-09T15:44:40.3574866+01:00" testType="13cdc9d9-ddb5-4fa4-a97d-d965ccfc6d4b" outcome="Passed" testListId="8c84fa94-04c1-424b-9868-57a2d4851a1d" relativeResultsDirectory="353e7c85-4dac-4248-aded-9de459573eb6" />
    <UnitTestResult executionId="89b65b79-97db-449a-9f50-2ea69b086724" testId="8c94c5b6-fb6c-7a45-ee15-4616938c4c84" testName="GetBuiltInVehicleFilters_ShouldIncludeColor_WhenColorFilterIsVisible" computerName="DKSR-EFI-06" duration="00:00:00.0008574" startTime="2024-01-09T15:45:38.7637939+01:00" endTime="2024-01-09T15:45:38.7637939+01:00" testType="13cdc9d9-ddb5-4fa4-a97d-d965ccfc6d4b" outcome="Passed" testListId="8c84fa94-04c1-424b-9868-57a2d4851a1d" relativeResultsDirectory="89b65b79-97db-449a-9f50-2ea69b086724" />
    <UnitTestResult executionId="382a252b-b6d7-438b-8fa7-f610d132cb4d" testId="ca3ad786-fc2b-5e0b-f471-5c443b2905f9" testName="GetValue_ShouldReturnAValue_WhenCalledWithKnownFilterIds (621feb37-b0a1-4c63-9f0a-e78b1ac1966d)" computerName="DKSR-EFI-06" duration="00:00:00.0000105" startTime="2024-01-09T15:45:38.8731697+01:00" endTime="2024-01-09T15:45:38.8731697+01:00" testType="13cdc9d9-ddb5-4fa4-a97d-d965ccfc6d4b" outcome="Passed" testListId="8c84fa94-04c1-424b-9868-57a2d4851a1d" relativeResultsDirectory="382a252b-b6d7-438b-8fa7-f610d132cb4d" />
    <UnitTestResult executionId="9b730f30-dbd1-4202-a35e-43d950b1ba70" testId="45834d49-53e1-d4c2-01f8-62e2b8637be2" testName="GetFrames_ShouldReturnReturnEmptyCollection_WhenThereAreNoFramesInTheSpecifiedTimeRange (True)" computerName="DKSR-EFI-06" duration="00:00:00.1211244" startTime="2024-01-09T15:44:46.5918417+01:00" endTime="2024-01-09T15:44:46.7168427+01:00" testType="13cdc9d9-ddb5-4fa4-a97d-d965ccfc6d4b" outcome="Passed" testListId="8c84fa94-04c1-424b-9868-57a2d4851a1d" relativeResultsDirectory="9b730f30-dbd1-4202-a35e-43d950b1ba70" />
    <UnitTestResult executionId="8d049b24-4e45-4816-bef3-3646031766a4" testId="c4674444-4d27-381d-2d13-af16095b495c" testName="TryParseColor_ShouldReturn_CorrectResult (&lt;?xml version=&quot;1.0&quot;?&gt; &lt;tt:Color xmlns:tt=&quot;http://www.onvif.org/ver10/schema&quot; Y = &quot;169&quot; X = &quot;169&quot; Colorspace = &quot;RGB&quot; /&gt;,False)" computerName="DKSR-EFI-06" duration="00:00:00.0001439" startTime="2024-01-09T15:44:42.9199534+01:00" endTime="2024-01-09T15:44:42.9199534+01:00" testType="13cdc9d9-ddb5-4fa4-a97d-d965ccfc6d4b" outcome="Passed" testListId="8c84fa94-04c1-424b-9868-57a2d4851a1d" relativeResultsDirectory="8d049b24-4e45-4816-bef3-3646031766a4" />
    <UnitTestResult executionId="d1c93f89-955c-4f5a-aeea-b8cba43da20c" testId="72c72434-2456-838e-2559-d67e1d9e9594" testName="IsSet_ShouldBeTrue_WhenValueIsValid" computerName="DKSR-EFI-06" duration="00:00:00.0023831" startTime="2024-01-09T15:44:39.6699390+01:00" endTime="2024-01-09T15:44:39.6699390+01:00" testType="13cdc9d9-ddb5-4fa4-a97d-d965ccfc6d4b" outcome="Passed" testListId="8c84fa94-04c1-424b-9868-57a2d4851a1d" relativeResultsDirectory="d1c93f89-955c-4f5a-aeea-b8cba43da20c" />
    <UnitTestResult executionId="a7c69f5f-fa11-4ffd-ae2e-c163c550b95d" testId="85427ad8-31e0-c3b9-0e23-976f97093aa1" testName="IsMatch_ShouldReturnFalse_WhenGivenFrameObjectWithMissingProperties" computerName="DKSR-EFI-06" duration="00:00:00.0024242" startTime="2024-01-09T15:44:42.4512009+01:00" endTime="2024-01-09T15:44:42.4512009+01:00" testType="13cdc9d9-ddb5-4fa4-a97d-d965ccfc6d4b" outcome="Passed" testListId="8c84fa94-04c1-424b-9868-57a2d4851a1d" relativeResultsDirectory="a7c69f5f-fa11-4ffd-ae2e-c163c550b95d" />
    <UnitTestResult executionId="0ee05f0e-2f5b-4d71-9893-aedeb2baebec" testId="7a8a5ded-cb87-18f8-4f57-cf67880a1526" testName="TryParseColor_ShouldReturn_CorrectResult (&lt;?xml version=&quot;1.0&quot;?&gt; &lt;tt:Color xmlns:tt=&quot;http://www.onvif.org/ver10/schema&quot; Z = &quot;169&quot; Y = &quot;169&quot; X = &quot;169&quot; Colorspace = &quot;YCbCr&quot; /&gt;,True)" computerName="DKSR-EFI-06" duration="00:00:00.0007820" startTime="2024-01-09T15:44:42.8887030+01:00" endTime="2024-01-09T15:44:42.8887030+01:00" testType="13cdc9d9-ddb5-4fa4-a97d-d965ccfc6d4b" outcome="Passed" testListId="8c84fa94-04c1-424b-9868-57a2d4851a1d" relativeResultsDirectory="0ee05f0e-2f5b-4d71-9893-aedeb2baebec" />
    <UnitTestResult executionId="dde52e55-3245-4f54-a01e-c6e35d111c31" testId="58184755-b208-0d97-c83b-7bc984073520" testName="Constructors_ShouldNotAllowInjectionOfNulls" computerName="DKSR-EFI-06" duration="00:00:00.0019455" startTime="2024-01-09T15:45:38.8106683+01:00" endTime="2024-01-09T15:45:38.8262943+01:00" testType="13cdc9d9-ddb5-4fa4-a97d-d965ccfc6d4b" outcome="Passed" testListId="8c84fa94-04c1-424b-9868-57a2d4851a1d" relativeResultsDirectory="dde52e55-3245-4f54-a01e-c6e35d111c31" />
    <UnitTestResult executionId="8373ad27-b6b0-4ae1-8eab-7ab3e9f91dfd" testId="7f95389e-5d08-9393-a9f4-f26437af2aaf" testName="IsMatch_ShouldReturnTrue_WhenValueEqualsHighValue" computerName="DKSR-EFI-06" duration="00:00:00.0014361" startTime="2024-01-09T15:44:42.5762009+01:00" endTime="2024-01-09T15:44:42.5762009+01:00" testType="13cdc9d9-ddb5-4fa4-a97d-d965ccfc6d4b" outcome="Passed" testListId="8c84fa94-04c1-424b-9868-57a2d4851a1d" relativeResultsDirectory="8373ad27-b6b0-4ae1-8eab-7ab3e9f91dfd" />
    <UnitTestResult executionId="9d7a28f1-3a23-4794-b596-d11e43606927" testId="6b102470-5fe0-736b-da07-26881a2f19de" testName="DoSearch_ShouldFindPeople_WhenClassIsHuman" computerName="DKSR-EFI-06" duration="00:00:03.0059151" startTime="2024-01-09T15:44:56.1543646+01:00" endTime="2024-01-09T15:44:59.1543771+01:00" testType="13cdc9d9-ddb5-4fa4-a97d-d965ccfc6d4b" outcome="Passed" testListId="8c84fa94-04c1-424b-9868-57a2d4851a1d" relativeResultsDirectory="9d7a28f1-3a23-4794-b596-d11e43606927" />
    <UnitTestResult executionId="fe31b95c-ed49-413f-b7c2-e3645e49aba8" testId="d5d88cf7-59d6-0627-e03d-5fa28db84154" testName="GetValue_ShouldReturnAValue_WhenCalledWithKnownFilterIds (e07ef69f-f064-48fa-b2ea-2c0c6f1f19fc)" computerName="DKSR-EFI-06" duration="00:00:00.0000097" startTime="2024-01-09T15:45:38.8731697+01:00" endTime="2024-01-09T15:45:38.8731697+01:00" testType="13cdc9d9-ddb5-4fa4-a97d-d965ccfc6d4b" outcome="Passed" testListId="8c84fa94-04c1-424b-9868-57a2d4851a1d" relativeResultsDirectory="fe31b95c-ed49-413f-b7c2-e3645e49aba8" />
    <UnitTestResult executionId="4c54514b-13c0-4c47-87d0-e0201f541c95" testId="2fa26119-f0d4-f02f-aad4-4159385bd8d6" testName="TryParseColor_ShouldReturn_CorrectResult (&lt;?xml version=&quot;1.0&quot;?&gt; &lt;tt:Color xmlns:tt=&quot;http://www.onvif.org/ver10/schema&quot; Z = &quot;169&quot; Colorspace = &quot;YCbCr&quot; /&gt;,False)" computerName="DKSR-EFI-06" duration="00:00:00.0001294" startTime="2024-01-09T15:44:42.9043271+01:00" endTime="2024-01-09T15:44:42.9043271+01:00" testType="13cdc9d9-ddb5-4fa4-a97d-d965ccfc6d4b" outcome="Passed" testListId="8c84fa94-04c1-424b-9868-57a2d4851a1d" relativeResultsDirectory="4c54514b-13c0-4c47-87d0-e0201f541c95" />
    <UnitTestResult executionId="15a97429-18e7-4ad0-aae9-00bd503f66e4" testId="dd40257d-2bab-f5c0-7a32-ca7122b04e5d" testName="GetBoundingPolygon_ShouldClipPolygons_WhenGivenCoordinatesThatFallOutsideRange (System.Double[])" computerName="DKSR-EFI-06" duration="00:00:00.0015264" startTime="2024-01-09T15:44:40.0761923+01:00" endTime="2024-01-09T15:44:40.0918144+01:00" testType="13cdc9d9-ddb5-4fa4-a97d-d965ccfc6d4b" outcome="Passed" testListId="8c84fa94-04c1-424b-9868-57a2d4851a1d" relativeResultsDirectory="15a97429-18e7-4ad0-aae9-00bd503f66e4" />
    <UnitTestResult executionId="93974047-f913-4394-9c54-f7728ced9998" testId="9d12b1c9-082e-453c-ce1a-ef9a889a54e6" testName="IsMatch_ShouldReturnFalse_WhenClassIsMissingAndPropertiesAreMissing" computerName="DKSR-EFI-06" duration="00:00:00.0057482" startTime="2024-01-09T15:44:38.5918114+01:00" endTime="2024-01-09T15:44:38.5918114+01:00" testType="13cdc9d9-ddb5-4fa4-a97d-d965ccfc6d4b" outcome="Passed" testListId="8c84fa94-04c1-424b-9868-57a2d4851a1d" relativeResultsDirectory="93974047-f913-4394-9c54-f7728ced9998" />
    <UnitTestResult executionId="84cedb4c-abda-4552-b83a-38bc3deabc47" testId="60320f70-4a9f-70f1-7c28-e93af772c6f1" testName="Constructors_ShouldNotAllowInjectionOfNulls" computerName="DKSR-EFI-06" duration="00:00:00.0027631" startTime="2024-01-09T15:44:42.4355738+01:00" endTime="2024-01-09T15:44:42.4355738+01:00" testType="13cdc9d9-ddb5-4fa4-a97d-d965ccfc6d4b" outcome="Passed" testListId="8c84fa94-04c1-424b-9868-57a2d4851a1d" relativeResultsDirectory="84cedb4c-abda-4552-b83a-38bc3deabc47" />
    <UnitTestResult executionId="aebc40f5-f9df-4d1e-806f-afb9a22a3cc3" testId="31f6c340-8f74-bf05-8d87-89447c5395e8" testName="BoundingShape_ShouldReturnNull_WhenObjectIdIncludedInXml" computerName="DKSR-EFI-06" duration="00:00:00.0006819" startTime="2024-01-09T15:44:40.0918144+01:00" endTime="2024-01-09T15:44:40.0918144+01:00" testType="13cdc9d9-ddb5-4fa4-a97d-d965ccfc6d4b" outcome="Passed" testListId="8c84fa94-04c1-424b-9868-57a2d4851a1d" relativeResultsDirectory="aebc40f5-f9df-4d1e-806f-afb9a22a3cc3" />
    <UnitTestResult executionId="f8e2803d-9c8d-4df5-bcd6-83826dec29a2" testId="50a0983d-6292-84b3-28a0-0abe5c4262ea" testName="CreateGuid_ShouldReturnDifferentGuid_WhenUsingDifferentEndTimeInMilliseconds" computerName="DKSR-EFI-06" duration="00:00:00.0013729" startTime="2024-01-09T15:44:40.4980666+01:00" endTime="2024-01-09T15:44:40.4980666+01:00" testType="13cdc9d9-ddb5-4fa4-a97d-d965ccfc6d4b" outcome="Passed" testListId="8c84fa94-04c1-424b-9868-57a2d4851a1d" relativeResultsDirectory="f8e2803d-9c8d-4df5-bcd6-83826dec29a2" />
    <UnitTestResult executionId="7c3a6cd0-b65d-49e0-b65e-785e589d0c57" testId="693f356a-9e20-f5a7-48b2-6e45b1e254de" testName="GetCategorySearchPredicate_ShouldReturnEmptyPredicate_WhenThereAreNoFiltersNorClassCandidates" computerName="DKSR-EFI-06" duration="00:00:00.0011498" startTime="2024-01-09T15:45:38.7012963+01:00" endTime="2024-01-09T15:45:38.7012963+01:00" testType="13cdc9d9-ddb5-4fa4-a97d-d965ccfc6d4b" outcome="Passed" testListId="8c84fa94-04c1-424b-9868-57a2d4851a1d" relativeResultsDirectory="7c3a6cd0-b65d-49e0-b65e-785e589d0c57" />
    <UnitTestResult executionId="d50d4d18-38f7-4953-abab-2b685dbbce8d" testId="5e2b3fca-2ca1-d90c-02a1-154ec6ad9626" testName="IsMatch_ShouldReturnTrue_WhenAnyOfThePredicatesIsMatched" computerName="DKSR-EFI-06" duration="00:00:00.0008700" startTime="2024-01-09T15:44:42.4355738+01:00" endTime="2024-01-09T15:44:42.4512009+01:00" testType="13cdc9d9-ddb5-4fa4-a97d-d965ccfc6d4b" outcome="Passed" testListId="8c84fa94-04c1-424b-9868-57a2d4851a1d" relativeResultsDirectory="d50d4d18-38f7-4953-abab-2b685dbbce8d" />
    <UnitTestResult executionId="cf016532-9a2a-4dec-b66d-1d47d9518b40" testId="2a169332-c89e-b0ad-5290-2cc42d47ba08" testName="IsMatch_ShouldReturnTrue_WhenAnyClassIsPresent" computerName="DKSR-EFI-06" duration="00:00:00.0008953" startTime="2024-01-09T15:44:38.5605615+01:00" endTime="2024-01-09T15:44:38.5605615+01:00" testType="13cdc9d9-ddb5-4fa4-a97d-d965ccfc6d4b" outcome="Passed" testListId="8c84fa94-04c1-424b-9868-57a2d4851a1d" relativeResultsDirectory="cf016532-9a2a-4dec-b66d-1d47d9518b40" />
    <UnitTestResult executionId="8f5f34bb-368f-4d43-bdaa-a7394c850168" testId="7f6a0ab9-500f-44ab-cca2-a1538b8ddd70" testName="GetFilterValues_ShouldReturnColorValues_WhenValueIsValid" computerName="DKSR-EFI-06" duration="00:00:00.0193144" startTime="2024-01-09T15:44:39.1855627+01:00" endTime="2024-01-09T15:44:39.2011881+01:00" testType="13cdc9d9-ddb5-4fa4-a97d-d965ccfc6d4b" outcome="Passed" testListId="8c84fa94-04c1-424b-9868-57a2d4851a1d" relativeResultsDirectory="8f5f34bb-368f-4d43-bdaa-a7394c850168" />
    <UnitTestResult executionId="8ec928f6-b4a3-495b-a003-69ccbcf315a2" testId="3c71a71a-64e9-0c40-7c68-aae717f8ecc4" testName="Constructors_ShouldNotAllowInjectionOfNulls" computerName="DKSR-EFI-06" duration="00:00:00.0031814" startTime="2024-01-09T15:44:39.8418161+01:00" endTime="2024-01-09T15:44:39.8418161+01:00" testType="13cdc9d9-ddb5-4fa4-a97d-d965ccfc6d4b" outcome="Passed" testListId="8c84fa94-04c1-424b-9868-57a2d4851a1d" relativeResultsDirectory="8ec928f6-b4a3-495b-a003-69ccbcf315a2" />
    <UnitTestResult executionId="38fa18b0-c794-48d2-be6d-13429e304d60" testId="2ad18b2a-145c-930c-a74b-77d486e1e107" testName="DoSearch_ShouldFindLocation_WhenLatitudeAndLongitudePresent" computerName="DKSR-EFI-06" duration="00:00:02.3761018" startTime="2024-01-09T15:45:33.5138599+01:00" endTime="2024-01-09T15:45:35.8887949+01:00" testType="13cdc9d9-ddb5-4fa4-a97d-d965ccfc6d4b" outcome="Passed" testListId="8c84fa94-04c1-424b-9868-57a2d4851a1d" relativeResultsDirectory="38fa18b0-c794-48d2-be6d-13429e304d60" />
    <UnitTestResult executionId="99fedbf0-cda3-4cdf-bf44-c69b377c8383" testId="46056992-99e2-330a-1f60-3d45cd3bc2e6" testName="GetFilterValues_ShouldReturnEmptyEnumeration_WhenValueIsNull" computerName="DKSR-EFI-06" duration="00:00:00.0042694" startTime="2024-01-09T15:44:39.2324350+01:00" endTime="2024-01-09T15:44:39.2324350+01:00" testType="13cdc9d9-ddb5-4fa4-a97d-d965ccfc6d4b" outcome="Passed" testListId="8c84fa94-04c1-424b-9868-57a2d4851a1d" relativeResultsDirectory="99fedbf0-cda3-4cdf-bf44-c69b377c8383" />
    <UnitTestResult executionId="c87f46c7-f91b-49a8-9e6a-3f587e3868a4" testId="46ca0726-a369-f193-6fc9-9d395c0e1a5f" testName="TryParseColor_ShouldReturn_CorrectResult (&lt;?xml version=&quot;1.0&quot;?&gt; &lt;tt:Color xmlns:tt=&quot;http://www.onvif.org/ver10/schema&quot; Z = &quot;169&quot; Y = &quot;169&quot; X = &quot;169&quot; /&gt; ,True)" computerName="DKSR-EFI-06" duration="00:00:00.0001768" startTime="2024-01-09T15:44:42.8887030+01:00" endTime="2024-01-09T15:44:42.8887030+01:00" testType="13cdc9d9-ddb5-4fa4-a97d-d965ccfc6d4b" outcome="Passed" testListId="8c84fa94-04c1-424b-9868-57a2d4851a1d" relativeResultsDirectory="c87f46c7-f91b-49a8-9e6a-3f587e3868a4" />
    <UnitTestResult executionId="d219679e-e35c-4158-ab28-239f46a9ef79" testId="d36eae41-8262-e7e1-541f-b2641f83204d" testName="FilterObjects_ShouldReturnSequenceWithCorrectTimeRange_WhenGivenConsecutiveFramesWithObjects" computerName="DKSR-EFI-06" duration="00:00:00.0056160" startTime="2024-01-09T15:44:40.5449452+01:00" endTime="2024-01-09T15:44:40.5449452+01:00" testType="13cdc9d9-ddb5-4fa4-a97d-d965ccfc6d4b" outcome="Passed" testListId="8c84fa94-04c1-424b-9868-57a2d4851a1d" relativeResultsDirectory="d219679e-e35c-4158-ab28-239f46a9ef79" />
    <UnitTestResult executionId="32277bf3-c931-455e-9780-58534fd00828" testId="6f1935e6-71e3-6bf5-f235-e04c973cfbb6" testName="IsValid_ShouldBeTrue_WhenBothLatitudeAndLongitudeAreSet" computerName="DKSR-EFI-06" duration="00:00:00.0006108" startTime="2024-01-09T15:44:39.4824354+01:00" endTime="2024-01-09T15:44:39.4824354+01:00" testType="13cdc9d9-ddb5-4fa4-a97d-d965ccfc6d4b" outcome="Passed" testListId="8c84fa94-04c1-424b-9868-57a2d4851a1d" relativeResultsDirectory="32277bf3-c931-455e-9780-58534fd00828" />
    <UnitTestResult executionId="616efa8c-98f2-4b81-94c9-b807ea9dd986" testId="cf4dde5a-6cbd-8ba1-e980-ad5342d492f2" testName="IsMatch_ShouldReturnFalse_WhenNoneOfTheValuesAreValidNumber" computerName="DKSR-EFI-06" duration="00:00:00.0013735" startTime="2024-01-09T15:44:42.6074504+01:00" endTime="2024-01-09T15:44:42.6074504+01:00" testType="13cdc9d9-ddb5-4fa4-a97d-d965ccfc6d4b" outcome="Passed" testListId="8c84fa94-04c1-424b-9868-57a2d4851a1d" relativeResultsDirectory="616efa8c-98f2-4b81-94c9-b807ea9dd986" />
    <UnitTestResult executionId="9f5f4313-f499-408d-a9bd-c3d16820f1bd" testId="df00f2a2-8dd6-7f1c-e1c7-cdfd2a7aa321" testName="CreateValue_ShouldReturnNewGeoCoordinatesFilterValue" computerName="DKSR-EFI-06" duration="00:00:00.0170329" startTime="2024-01-09T15:44:39.2949364+01:00" endTime="2024-01-09T15:44:39.3261876+01:00" testType="13cdc9d9-ddb5-4fa4-a97d-d965ccfc6d4b" outcome="Passed" testListId="8c84fa94-04c1-424b-9868-57a2d4851a1d" relativeResultsDirectory="9f5f4313-f499-408d-a9bd-c3d16820f1bd" />
    <UnitTestResult executionId="63207d87-0209-4811-a07c-5204e394577a" testId="49098cf6-4b99-a929-7a99-e90252e62938" testName="IsMatch_ShouldReturnFalse_WhenNoneOfTheObjectsMatchThePredicate" computerName="DKSR-EFI-06" duration="00:00:00.0024095" startTime="2024-01-09T15:44:51.1699810+01:00" endTime="2024-01-09T15:44:51.1699810+01:00" testType="13cdc9d9-ddb5-4fa4-a97d-d965ccfc6d4b" outcome="Passed" testListId="8c84fa94-04c1-424b-9868-57a2d4851a1d" relativeResultsDirectory="63207d87-0209-4811-a07c-5204e394577a" />
    <UnitTestResult executionId="1528b283-00c3-42ed-8eab-bff9c7d26704" testId="39fef2cd-ac5e-2add-56e7-48f1bbc6f043" testName="IsSet_ShouldBeFalse_WhenValueIsEmptyString" computerName="DKSR-EFI-06" duration="00:00:00.0011771" startTime="2024-01-09T15:44:39.8886910+01:00" endTime="2024-01-09T15:44:39.8886910+01:00" testType="13cdc9d9-ddb5-4fa4-a97d-d965ccfc6d4b" outcome="Passed" testListId="8c84fa94-04c1-424b-9868-57a2d4851a1d" relativeResultsDirectory="1528b283-00c3-42ed-8eab-bff9c7d26704" />
    <UnitTestResult executionId="03cee08e-56d6-477a-a4cd-baafda497048" testId="35e5231a-f380-9de4-2b13-d1fef7d2d8b2" testName="GetProperty_ShouldReturnNull_WhenNoPropertiesExist" computerName="DKSR-EFI-06" duration="00:00:00.0108235" startTime="2024-01-09T15:44:51.0449804+01:00" endTime="2024-01-09T15:44:51.0449804+01:00" testType="13cdc9d9-ddb5-4fa4-a97d-d965ccfc6d4b" outcome="Passed" testListId="8c84fa94-04c1-424b-9868-57a2d4851a1d" relativeResultsDirectory="03cee08e-56d6-477a-a4cd-baafda497048" />
    <UnitTestResult executionId="635ff36e-6949-4b28-8bc4-bfcfead8108f" testId="8cabdb07-673a-5d18-1dcc-cca760c80f50" testName="GetBoundingBox_ShouldReturnBoundingShapeInSmartClientCoordinateSystem_WhenGivenOnvifCoordinateSystem (0.73,0.245,0.14,0.505)" computerName="DKSR-EFI-06" duration="00:00:00.1532461" startTime="2024-01-09T15:44:39.8886910+01:00" endTime="2024-01-09T15:44:40.0449387+01:00" testType="13cdc9d9-ddb5-4fa4-a97d-d965ccfc6d4b" outcome="Passed" testListId="8c84fa94-04c1-424b-9868-57a2d4851a1d" relativeResultsDirectory="635ff36e-6949-4b28-8bc4-bfcfead8108f" />
    <UnitTestResult executionId="aada7e30-94b0-4122-b6e3-7a8630efaed5" testId="2970a02d-9e23-b896-727a-254279f6780a" testName="GetBuiltInVehicleFilters_ShouldReturnNone_WhenCategoryIsNotVehicle" computerName="DKSR-EFI-06" duration="00:00:00.0026287" startTime="2024-01-09T15:45:38.7637939+01:00" endTime="2024-01-09T15:45:38.7637939+01:00" testType="13cdc9d9-ddb5-4fa4-a97d-d965ccfc6d4b" outcome="Passed" testListId="8c84fa94-04c1-424b-9868-57a2d4851a1d" relativeResultsDirectory="aada7e30-94b0-4122-b6e3-7a8630efaed5" />
    <UnitTestResult executionId="8acec60d-7248-4f00-a0db-2c480716ecea" testId="df54c472-f704-3a98-5845-930939f7342f" testName="IsMatch_ShouldCompareDistanceCorrectly_WhenGivenValidPropertyValues (44.401012,-73.848847,44.400888,-73.849034,0.1,True)" computerName="DKSR-EFI-06" duration="00:00:00.0031920" startTime="2024-01-09T15:44:42.6699520+01:00" endTime="2024-01-09T15:44:42.6699520+01:00" testType="13cdc9d9-ddb5-4fa4-a97d-d965ccfc6d4b" outcome="Passed" testListId="8c84fa94-04c1-424b-9868-57a2d4851a1d" relativeResultsDirectory="8acec60d-7248-4f00-a0db-2c480716ecea" />
    <UnitTestResult executionId="7fee1eda-aeea-4be1-98ea-18c3230ffeee" testId="789286e0-4787-dac5-b9f7-2ee7d3b6df7f" testName="IsEmpty_ShouldReturnBase_WhenSearchingWithoutDefaults (0,10,0,10,True)" computerName="DKSR-EFI-06" duration="00:00:00.0014079" startTime="2024-01-09T15:44:39.5449349+01:00" endTime="2024-01-09T15:44:39.5449349+01:00" testType="13cdc9d9-ddb5-4fa4-a97d-d965ccfc6d4b" outcome="Passed" testListId="8c84fa94-04c1-424b-9868-57a2d4851a1d" relativeResultsDirectory="7fee1eda-aeea-4be1-98ea-18c3230ffeee" />
    <UnitTestResult executionId="de957be5-563a-4cc5-a8e4-b7c12f8ea1bd" testId="048064ce-9700-10d9-1f79-bb81092b89b1" testName="InvalidateLongitude_ShouldTurnInvalidToFalse_WhenCalledOnValidValue" computerName="DKSR-EFI-06" duration="00:00:00.0008934" startTime="2024-01-09T15:44:39.4824354+01:00" endTime="2024-01-09T15:44:39.4980600+01:00" testType="13cdc9d9-ddb5-4fa4-a97d-d965ccfc6d4b" outcome="Passed" testListId="8c84fa94-04c1-424b-9868-57a2d4851a1d" relativeResultsDirectory="de957be5-563a-4cc5-a8e4-b7c12f8ea1bd" />
    <UnitTestResult executionId="8d319f46-54bb-4322-a2f0-83ada90103d8" testId="c6db83e7-5e77-1b6b-d1cd-a0dc3dc0562d" testName="IsMatch_ShouldReturnTrue_WhenClassIsMatch" computerName="DKSR-EFI-06" duration="00:00:00.7159109" startTime="2024-01-09T15:44:37.5293098+01:00" endTime="2024-01-09T15:44:38.4980620+01:00" testType="13cdc9d9-ddb5-4fa4-a97d-d965ccfc6d4b" outcome="Passed" testListId="8c84fa94-04c1-424b-9868-57a2d4851a1d" relativeResultsDirectory="8d319f46-54bb-4322-a2f0-83ada90103d8" />
    <UnitTestResult executionId="953c2afe-20f7-4d5c-83c7-336ee9d20bb0" testId="c7ef4322-b543-7b5e-59f2-cad8df662276" testName="GetFilterValues_ShouldReturnEmptyEnumeration_WhenValueIsNull" computerName="DKSR-EFI-06" duration="00:00:00.0532521" startTime="2024-01-09T15:44:39.1230614+01:00" endTime="2024-01-09T15:44:39.1855627+01:00" testType="13cdc9d9-ddb5-4fa4-a97d-d965ccfc6d4b" outcome="Passed" testListId="8c84fa94-04c1-424b-9868-57a2d4851a1d" relativeResultsDirectory="953c2afe-20f7-4d5c-83c7-336ee9d20bb0" />
    <UnitTestResult executionId="25a73be1-f8cf-44f8-b546-bf96d179c8fa" testId="6284c07a-1926-8d31-c1a2-15de191e68d7" testName="GetEnabledFilters_ShouldReturnEmptyCollection_WhenCategoryHasNoFilters" computerName="DKSR-EFI-06" duration="00:00:00.0009938" startTime="2024-01-09T15:45:38.7169231+01:00" endTime="2024-01-09T15:45:38.7169231+01:00" testType="13cdc9d9-ddb5-4fa4-a97d-d965ccfc6d4b" outcome="Passed" testListId="8c84fa94-04c1-424b-9868-57a2d4851a1d" relativeResultsDirectory="25a73be1-f8cf-44f8-b546-bf96d179c8fa" />
    <UnitTestResult executionId="cc68ec51-704d-47d3-b072-427d919d2873" testId="1c6c1ac8-e79d-2b72-ded6-e5c6615f559e" testName="DoSearch_ShouldFindPeople_WhenClassIsPeople" computerName="DKSR-EFI-06" duration="00:00:02.6732726" startTime="2024-01-09T15:44:59.1543771+01:00" endTime="2024-01-09T15:45:01.8262946+01:00" testType="13cdc9d9-ddb5-4fa4-a97d-d965ccfc6d4b" outcome="Passed" testListId="8c84fa94-04c1-424b-9868-57a2d4851a1d" relativeResultsDirectory="cc68ec51-704d-47d3-b072-427d919d2873" />
    <UnitTestResult executionId="9d7b21d2-8384-4155-896c-1e4bfabc2db5" testId="1c94ba47-9023-7143-4a8e-fb67768a6f84" testName="IsMatch_ShouldReturnTrue_WhenObjectElementHasFullyMatchingPropertyNameAndValue" computerName="DKSR-EFI-06" duration="00:00:00.0018192" startTime="2024-01-09T15:44:42.7480747+01:00" endTime="2024-01-09T15:44:42.7480747+01:00" testType="13cdc9d9-ddb5-4fa4-a97d-d965ccfc6d4b" outcome="Passed" testListId="8c84fa94-04c1-424b-9868-57a2d4851a1d" relativeResultsDirectory="9d7b21d2-8384-4155-896c-1e4bfabc2db5" />
    <UnitTestResult executionId="163728f7-0bbd-4420-a7fc-914c519d3f03" testId="dbb96aaf-a96a-17ef-183f-86b91f19180a" testName="GetItemValue_ShouldReturnValueOfItem" computerName="DKSR-EFI-06" duration="00:00:00.0059104" startTime="2024-01-09T15:44:39.4356880+01:00" endTime="2024-01-09T15:44:39.4356880+01:00" testType="13cdc9d9-ddb5-4fa4-a97d-d965ccfc6d4b" outcome="Passed" testListId="8c84fa94-04c1-424b-9868-57a2d4851a1d" relativeResultsDirectory="163728f7-0bbd-4420-a7fc-914c519d3f03" />
    <UnitTestResult executionId="7b4d2ac0-6f9e-406a-9601-e09553b1dd62" testId="fd262f28-513a-06d4-2128-ee1905d76942" testName="FilterObjects_ShouldReturnSeparatelyGroupedResults_WhenGivenConsecutiveFramesWithDifferentObjects" computerName="DKSR-EFI-06" duration="00:00:00.0066287" startTime="2024-01-09T15:44:40.5605684+01:00" endTime="2024-01-09T15:44:40.5605684+01:00" testType="13cdc9d9-ddb5-4fa4-a97d-d965ccfc6d4b" outcome="Passed" testListId="8c84fa94-04c1-424b-9868-57a2d4851a1d" relativeResultsDirectory="7b4d2ac0-6f9e-406a-9601-e09553b1dd62" />
    <UnitTestResult executionId="b1ee4923-b44c-4cc1-8092-e5aba3288de9" testId="293f3170-f5e3-ae68-2fe6-f1a2050d9406" testName="TryParseColor_ShouldReturn_CorrectResult (&lt;?xml version=&quot;1.0&quot;?&gt; &lt;tt:Color xmlns:tt=&quot;http://www.onvif.org/ver10/schema&quot; Z = &quot;169&quot; Y = &quot;400&quot; X = &quot;169&quot; Colorspace = &quot;RGB&quot; /&gt;,False)" computerName="DKSR-EFI-06" duration="00:00:00.0002188" startTime="2024-01-09T15:44:42.8887030+01:00" endTime="2024-01-09T15:44:42.8887030+01:00" testType="13cdc9d9-ddb5-4fa4-a97d-d965ccfc6d4b" outcome="Passed" testListId="8c84fa94-04c1-424b-9868-57a2d4851a1d" relativeResultsDirectory="b1ee4923-b44c-4cc1-8092-e5aba3288de9" />
    <UnitTestResult executionId="6a020d17-2fed-4e06-8ca0-3703fb78a77f" testId="05b207a0-127a-402c-e97d-064a61ed8417" testName="GetFilterValues_ShouldReturnEmptyEnumeration_WhenValueIsNull" computerName="DKSR-EFI-06" duration="00:00:00.0318185" startTime="2024-01-09T15:44:38.7324386+01:00" endTime="2024-01-09T15:44:38.7793117+01:00" testType="13cdc9d9-ddb5-4fa4-a97d-d965ccfc6d4b" outcome="Passed" testListId="8c84fa94-04c1-424b-9868-57a2d4851a1d" relativeResultsDirectory="6a020d17-2fed-4e06-8ca0-3703fb78a77f" />
    <UnitTestResult executionId="2a090d3e-ebcf-4258-852d-86a9def3531f" testId="37f7b479-437b-e4ed-4de3-0b10106b72a3" testName="DoSearch_ShouldFindVehicle_WhenClassIsVehicle" computerName="DKSR-EFI-06" duration="00:00:02.6845883" startTime="2024-01-09T15:45:15.8887780+01:00" endTime="2024-01-09T15:45:18.5762806+01:00" testType="13cdc9d9-ddb5-4fa4-a97d-d965ccfc6d4b" outcome="Passed" testListId="8c84fa94-04c1-424b-9868-57a2d4851a1d" relativeResultsDirectory="2a090d3e-ebcf-4258-852d-86a9def3531f" />
    <UnitTestResult executionId="73c0c571-3f06-4397-8cc6-c1af1f0516af" testId="104b8812-b45f-fec0-59d2-ecf4497b6979" testName="Constructors_ShouldNotAllowInjectionOfNulls" computerName="DKSR-EFI-06" duration="00:00:00.0015637" startTime="2024-01-09T15:44:40.4199448+01:00" endTime="2024-01-09T15:44:40.4199448+01:00" testType="13cdc9d9-ddb5-4fa4-a97d-d965ccfc6d4b" outcome="Passed" testListId="8c84fa94-04c1-424b-9868-57a2d4851a1d" relativeResultsDirectory="73c0c571-3f06-4397-8cc6-c1af1f0516af" />
    <UnitTestResult executionId="1f4e68b0-9d8d-459f-ac1f-881d2c24ef88" testId="c7bca7c9-5f22-da07-220a-3e48b96be5f4" testName="TryParseColor_ShouldConvertCorrectly_FromYCbCrToRGB (&lt;?xml version=&quot;1.0&quot;?&gt; &lt;tt:Color xmlns:tt=&quot;http://www.onvif.org/ver10/schema&quot; Z = &quot;169&quot; Y = &quot;169&quot; X = &quot;169&quot; Colorspace = &quot;YCbCr&quot; /&gt;,226,125,241)" computerName="DKSR-EFI-06" duration="00:00:00.0017352" startTime="2024-01-09T15:44:42.9199534+01:00" endTime="2024-01-09T15:44:42.9199534+01:00" testType="13cdc9d9-ddb5-4fa4-a97d-d965ccfc6d4b" outcome="Passed" testListId="8c84fa94-04c1-424b-9868-57a2d4851a1d" relativeResultsDirectory="1f4e68b0-9d8d-459f-ac1f-881d2c24ef88" />
    <UnitTestResult executionId="8890f54a-43cb-48bd-af11-249590d14a24" testId="d39aff74-8c42-bf59-caa2-c3772e0bdee4" testName="TryParseColor_ShouldReturn_CorrectResult (blue,True)" computerName="DKSR-EFI-06" duration="00:00:00.0034294" startTime="2024-01-09T15:44:42.8105760+01:00" endTime="2024-01-09T15:44:42.8262011+01:00" testType="13cdc9d9-ddb5-4fa4-a97d-d965ccfc6d4b" outcome="Passed" testListId="8c84fa94-04c1-424b-9868-57a2d4851a1d" relativeResultsDirectory="8890f54a-43cb-48bd-af11-249590d14a24" />
    <UnitTestResult executionId="34cd2935-a0c8-4c46-8ec3-8231a0c20084" testId="622ddc1e-1b08-2724-a4a8-117fa310d9d4" testName="SerializeRoundtrip_ShouldReturnSameProperties" computerName="DKSR-EFI-06" duration="00:00:00.0074098" startTime="2024-01-09T15:44:39.4511876+01:00" endTime="2024-01-09T15:44:39.4511876+01:00" testType="13cdc9d9-ddb5-4fa4-a97d-d965ccfc6d4b" outcome="Passed" testListId="8c84fa94-04c1-424b-9868-57a2d4851a1d" relativeResultsDirectory="34cd2935-a0c8-4c46-8ec3-8231a0c20084" />
    <UnitTestResult executionId="64ae8853-954e-46ac-a56a-19830b21480d" testId="ee4196a5-3fd9-23c9-5f93-141479c13ec5" testName="IsMatch_ShouldReturnFalse_WhenPropertyIsPartialHit" computerName="DKSR-EFI-06" duration="00:00:00.0035525" startTime="2024-01-09T15:44:38.6074361+01:00" endTime="2024-01-09T15:44:38.6230624+01:00" testType="13cdc9d9-ddb5-4fa4-a97d-d965ccfc6d4b" outcome="Passed" testListId="8c84fa94-04c1-424b-9868-57a2d4851a1d" relativeResultsDirectory="64ae8853-954e-46ac-a56a-19830b21480d" />
    <UnitTestResult executionId="bfe04833-b66a-41fc-bb15-ba5b2335d330" testId="8b9dd64c-a604-c45d-c8b1-ae6e34fb50fb" testName="ParsingShouldGenerateOnlyOneObject" computerName="DKSR-EFI-06" duration="00:00:00.0029651" startTime="2024-01-09T15:45:38.6856708+01:00" endTime="2024-01-09T15:45:38.6856708+01:00" testType="13cdc9d9-ddb5-4fa4-a97d-d965ccfc6d4b" outcome="Passed" testListId="8c84fa94-04c1-424b-9868-57a2d4851a1d" relativeResultsDirectory="bfe04833-b66a-41fc-bb15-ba5b2335d330" />
    <UnitTestResult executionId="d1fe9231-f083-4fd3-9c19-a58a3934774e" testId="2bd57cff-23ad-c458-936d-f4a1df7f2174" testName="GetBuiltInPersonFilters_ShouldReturnNone_WhenThereAreNoFilters" computerName="DKSR-EFI-06" duration="00:00:00.0008620" startTime="2024-01-09T15:45:38.7481676+01:00" endTime="2024-01-09T15:45:38.7481676+01:00" testType="13cdc9d9-ddb5-4fa4-a97d-d965ccfc6d4b" outcome="Passed" testListId="8c84fa94-04c1-424b-9868-57a2d4851a1d" relativeResultsDirectory="d1fe9231-f083-4fd3-9c19-a58a3934774e" />
    <UnitTestResult executionId="2930ee7b-039b-4bab-880d-a78ed4d17ca2" testId="dd82dfe3-d3c1-ce94-6d6a-ce65289a7e16" testName="GetProperty_ShouldReturnFalse_WhenPropertyDoesNotExist" computerName="DKSR-EFI-06" duration="00:00:00.0021378" startTime="2024-01-09T15:44:51.0606054+01:00" endTime="2024-01-09T15:44:51.0606054+01:00" testType="13cdc9d9-ddb5-4fa4-a97d-d965ccfc6d4b" outcome="Passed" testListId="8c84fa94-04c1-424b-9868-57a2d4851a1d" relativeResultsDirectory="2930ee7b-039b-4bab-880d-a78ed4d17ca2" />
    <UnitTestResult executionId="b08c4781-f447-4a4f-9fc8-15b50110eacc" testId="476dbf68-b3f3-1c60-c1c7-02ae7be3f88c" testName="Constructors_ShouldNotAllowInjectionOfNulls" computerName="DKSR-EFI-06" duration="00:00:00.4439160" startTime="2024-01-09T15:44:36.6074379+01:00" endTime="2024-01-09T15:44:37.4511882+01:00" testType="13cdc9d9-ddb5-4fa4-a97d-d965ccfc6d4b" outcome="Passed" testListId="8c84fa94-04c1-424b-9868-57a2d4851a1d" relativeResultsDirectory="b08c4781-f447-4a4f-9fc8-15b50110eacc" />
    <UnitTestResult executionId="92f3d913-01d9-4c24-a7e1-7d23fd542c87" testId="cf18dd52-6916-12e2-2fed-58d3cb34a544" testName="IsMatch_ShouldReturnTrue_WhenObjectElementHasCorrectValueWithSuffix" computerName="DKSR-EFI-06" duration="00:00:00.0013722" startTime="2024-01-09T15:44:42.7480747+01:00" endTime="2024-01-09T15:44:42.7480747+01:00" testType="13cdc9d9-ddb5-4fa4-a97d-d965ccfc6d4b" outcome="Passed" testListId="8c84fa94-04c1-424b-9868-57a2d4851a1d" relativeResultsDirectory="92f3d913-01d9-4c24-a7e1-7d23fd542c87" />
    <UnitTestResult executionId="980779c6-6a60-42aa-81e6-bf7ef0f17ad4" testId="bdb7e663-b622-2087-7954-8ebc47f08947" testName="IsEmpty_ShouldReturnTrue_WhenThereAreNoFramesInTheSpecifiedTimeRange (False)" computerName="DKSR-EFI-06" duration="00:00:00.1167469" startTime="2024-01-09T15:44:46.9824671+01:00" endTime="2024-01-09T15:44:47.0918441+01:00" testType="13cdc9d9-ddb5-4fa4-a97d-d965ccfc6d4b" outcome="Passed" testListId="8c84fa94-04c1-424b-9868-57a2d4851a1d" relativeResultsDirectory="980779c6-6a60-42aa-81e6-bf7ef0f17ad4" />
    <UnitTestResult executionId="ad90bd37-bef4-4744-b8cb-86377916f5a1" testId="9635697e-518f-1126-78dd-8f6bc8a13908" testName="GetFilterConfiguration_ShouldReturnItemsWithAllDisplayValues" computerName="DKSR-EFI-06" duration="00:00:00.0300029" startTime="2024-01-09T15:44:39.3444283+01:00" endTime="2024-01-09T15:44:39.3730625+01:00" testType="13cdc9d9-ddb5-4fa4-a97d-d965ccfc6d4b" outcome="Passed" testListId="8c84fa94-04c1-424b-9868-57a2d4851a1d" relativeResultsDirectory="ad90bd37-bef4-4744-b8cb-86377916f5a1" />
    <UnitTestResult executionId="54e19a61-c05b-4ba6-a77e-9ac2e058fa92" testId="7a083692-b64b-4188-e6f5-07c2948d71a3" testName="CreateGuid_ShouldReturnDifferentGuid_WhenUsingDifferentStartTime" computerName="DKSR-EFI-06" duration="00:00:00.0036769" startTime="2024-01-09T15:44:40.4824438+01:00" endTime="2024-01-09T15:44:40.4824438+01:00" testType="13cdc9d9-ddb5-4fa4-a97d-d965ccfc6d4b" outcome="Passed" testListId="8c84fa94-04c1-424b-9868-57a2d4851a1d" relativeResultsDirectory="54e19a61-c05b-4ba6-a77e-9ac2e058fa92" />
    <UnitTestResult executionId="61ad4761-9ff8-4e81-a187-40235ed2dfa6" testId="1464a866-1467-976e-29bd-6b7a26b0e079" testName="GetCategorySearchPredicate_ShouldReturnPredicateWithClassCandidates_WhenClassCandidatesAreProvided" computerName="DKSR-EFI-06" duration="00:00:00.0007453" startTime="2024-01-09T15:45:38.7012963+01:00" endTime="2024-01-09T15:45:38.7012963+01:00" testType="13cdc9d9-ddb5-4fa4-a97d-d965ccfc6d4b" outcome="Passed" testListId="8c84fa94-04c1-424b-9868-57a2d4851a1d" relativeResultsDirectory="61ad4761-9ff8-4e81-a187-40235ed2dfa6" />
    <UnitTestResult executionId="0729ac79-b394-4672-980d-2a2dd48b128b" testId="7d722e1e-4b06-2bcd-088b-bc5b5722c0b1" testName="SearchingForHumans_ShouldReturnHumans_WhenThereAreMultipleClassesCandidatesFound" computerName="DKSR-EFI-06" duration="00:00:00.0061671" startTime="2024-01-09T15:45:38.6700422+01:00" endTime="2024-01-09T15:45:38.6856708+01:00" testType="13cdc9d9-ddb5-4fa4-a97d-d965ccfc6d4b" outcome="Passed" testListId="8c84fa94-04c1-424b-9868-57a2d4851a1d" relativeResultsDirectory="0729ac79-b394-4672-980d-2a2dd48b128b" />
    <UnitTestResult executionId="e4608954-2572-4466-b46c-7c94818d142a" testId="a70f7772-2e5d-d839-25f4-6b6201671e24" testName="Deserialize_ShouldReturnFalse_WhenInputContainsTooManyParameters" computerName="DKSR-EFI-06" duration="00:00:00.0004982" startTime="2024-01-09T15:44:39.4668107+01:00" endTime="2024-01-09T15:44:39.4668107+01:00" testType="13cdc9d9-ddb5-4fa4-a97d-d965ccfc6d4b" outcome="Passed" testListId="8c84fa94-04c1-424b-9868-57a2d4851a1d" relativeResultsDirectory="e4608954-2572-4466-b46c-7c94818d142a" />
    <UnitTestResult executionId="9f520cd7-cc69-4413-bb28-9be06b23691f" testId="3a791062-b0f7-227a-0df0-e0cbc8866366" testName="DoSearch_ShouldReturnAllSearchResults_WhenGivenItemWithMultipleDataStreams (System.Int32[])" computerName="DKSR-EFI-06" duration="00:00:00.0102728" startTime="2024-01-09T15:44:40.3574866+01:00" endTime="2024-01-09T15:44:40.3730682+01:00" testType="13cdc9d9-ddb5-4fa4-a97d-d965ccfc6d4b" outcome="Passed" testListId="8c84fa94-04c1-424b-9868-57a2d4851a1d" relativeResultsDirectory="9f520cd7-cc69-4413-bb28-9be06b23691f" />
    <UnitTestResult executionId="7a33d094-b238-4dd7-b3ec-88695db5c003" testId="806115df-70cd-0935-7c36-279bceac0ca7" testName="GetFrames_ShouldContinueReturningFrames_WhenThereIsNoMIPContent (False)" computerName="DKSR-EFI-06" duration="00:00:01.2418554" startTime="2024-01-09T15:44:48.7324737+01:00" endTime="2024-01-09T15:44:49.9824772+01:00" testType="13cdc9d9-ddb5-4fa4-a97d-d965ccfc6d4b" outcome="Passed" testListId="8c84fa94-04c1-424b-9868-57a2d4851a1d" relativeResultsDirectory="7a33d094-b238-4dd7-b3ec-88695db5c003" />
    <UnitTestResult executionId="4ed356c5-9511-4e6d-bd40-b325b45a6dd4" testId="6ec1a2c8-6831-bb68-1dd4-6d5d9dedc3a6" testName="TryParseColor_ShouldReturn_CorrectResult (Red,True)" computerName="DKSR-EFI-06" duration="00:00:00.0004749" startTime="2024-01-09T15:44:42.8262011+01:00" endTime="2024-01-09T15:44:42.8262011+01:00" testType="13cdc9d9-ddb5-4fa4-a97d-d965ccfc6d4b" outcome="Passed" testListId="8c84fa94-04c1-424b-9868-57a2d4851a1d" relativeResultsDirectory="4ed356c5-9511-4e6d-bd40-b325b45a6dd4" />
    <UnitTestResult executionId="2a3cd209-c568-44a3-8cbd-f9cf9bf613ae" testId="3412d315-2f63-2c73-32e0-66d79e50d939" testName="GetFrames_ShouldNotContinueFetchingFrames_WhenTokenSourceIsCancelled (True)" computerName="DKSR-EFI-06" duration="00:00:00.5094774" startTime="2024-01-09T15:44:49.9824772+01:00" endTime="2024-01-09T15:44:50.4981028+01:00" testType="13cdc9d9-ddb5-4fa4-a97d-d965ccfc6d4b" outcome="Passed" testListId="8c84fa94-04c1-424b-9868-57a2d4851a1d" relativeResultsDirectory="2a3cd209-c568-44a3-8cbd-f9cf9bf613ae" />
    <UnitTestResult executionId="95794272-325f-4a4d-bb01-426541bf0cd7" testId="1329d898-9649-815e-5362-7bf6b42f39cd" testName="ObjectCount_ShouldReturnTheNumberOfObjects" computerName="DKSR-EFI-06" duration="00:00:00.0027945" startTime="2024-01-09T15:44:51.1856040+01:00" endTime="2024-01-09T15:44:51.1856040+01:00" testType="13cdc9d9-ddb5-4fa4-a97d-d965ccfc6d4b" outcome="Passed" testListId="8c84fa94-04c1-424b-9868-57a2d4851a1d" relativeResultsDirectory="95794272-325f-4a4d-bb01-426541bf0cd7" />
    <UnitTestResult executionId="4566ae4f-d8be-4480-a51a-64619785b449" testId="f552b4f4-8e74-85b1-e3fc-9b9d2ec4af7c" testName="Constructors_ShouldNotAllowInjectionOfNulls" computerName="DKSR-EFI-06" duration="00:00:00.0030675" startTime="2024-01-09T15:44:39.3418134+01:00" endTime="2024-01-09T15:44:39.3444283+01:00" testType="13cdc9d9-ddb5-4fa4-a97d-d965ccfc6d4b" outcome="Passed" testListId="8c84fa94-04c1-424b-9868-57a2d4851a1d" relativeResultsDirectory="4566ae4f-d8be-4480-a51a-64619785b449" />
    <UnitTestResult executionId="1866129b-27d4-4a37-9264-f21164b1075c" testId="a45e84a9-9441-4c6e-5f47-d3e3ab1875f4" testName="IsMatch_ShouldCompareDistanceCorrectly_WhenGivenValidPropertyValues (44.401012,-73.848847,45.549302,-73.632118,130,True)" computerName="DKSR-EFI-06" duration="00:00:00.0034444" startTime="2024-01-09T15:44:42.7012008+01:00" endTime="2024-01-09T15:44:42.7012008+01:00" testType="13cdc9d9-ddb5-4fa4-a97d-d965ccfc6d4b" outcome="Passed" testListId="8c84fa94-04c1-424b-9868-57a2d4851a1d" relativeResultsDirectory="1866129b-27d4-4a37-9264-f21164b1075c" />
    <UnitTestResult executionId="22e670b9-f97a-4a83-863e-65d54ec256d8" testId="9adca215-6bcc-d33f-cff0-1fcf7e438639" testName="WrongTopicShouldBeIgnored" computerName="DKSR-EFI-06" duration="00:00:00.0019221" startTime="2024-01-09T15:44:51.1074819+01:00" endTime="2024-01-09T15:44:51.1074819+01:00" testType="13cdc9d9-ddb5-4fa4-a97d-d965ccfc6d4b" outcome="Passed" testListId="8c84fa94-04c1-424b-9868-57a2d4851a1d" relativeResultsDirectory="22e670b9-f97a-4a83-863e-65d54ec256d8" />
    <UnitTestResult executionId="282c7372-c27f-4940-ad53-ac612959b545" testId="21b24ead-c473-1e4e-ffbc-f0ab0c62907e" testName="IsMatch_ShouldComparecolorCorrectly_WhenGivenValidPropertyValues (white,Red,red,True)" computerName="DKSR-EFI-06" duration="00:00:00.0007733" startTime="2024-01-09T15:44:42.5449509+01:00" endTime="2024-01-09T15:44:42.5449509+01:00" testType="13cdc9d9-ddb5-4fa4-a97d-d965ccfc6d4b" outcome="Passed" testListId="8c84fa94-04c1-424b-9868-57a2d4851a1d" relativeResultsDirectory="282c7372-c27f-4940-ad53-ac612959b545" />
    <UnitTestResult executionId="e0edae5a-5b49-4afd-9513-0385546ebc43" testId="30715c07-4fcc-996e-e86c-8332d5c7179e" testName="CreateGuid_ShouldReturnGuid_WhenObjectIdIsNull" computerName="DKSR-EFI-06" duration="00:00:00.0009409" startTime="2024-01-09T15:44:40.4511944+01:00" endTime="2024-01-09T15:44:40.4511944+01:00" testType="13cdc9d9-ddb5-4fa4-a97d-d965ccfc6d4b" outcome="Passed" testListId="8c84fa94-04c1-424b-9868-57a2d4851a1d" relativeResultsDirectory="e0edae5a-5b49-4afd-9513-0385546ebc43" />
    <UnitTestResult executionId="eafe487b-6d5b-48a3-a83a-cbd30aa7abd1" testId="6ee49bb0-e452-61ca-926c-b4a022bb2d2c" testName="SearchingForHumans_ShouldReturnCorrectGroupedSequence" computerName="DKSR-EFI-06" duration="00:00:00.0303599" startTime="2024-01-09T15:45:38.5919189+01:00" endTime="2024-01-09T15:45:38.6231694+01:00" testType="13cdc9d9-ddb5-4fa4-a97d-d965ccfc6d4b" outcome="Passed" testListId="8c84fa94-04c1-424b-9868-57a2d4851a1d" relativeResultsDirectory="eafe487b-6d5b-48a3-a83a-cbd30aa7abd1" />
    <UnitTestResult executionId="f3f63750-befa-41f7-a830-02faf48f54b8" testId="17ed2963-dfb1-7714-e286-6e03123b6d08" testName="MultipleClassesShouldBeParsed" computerName="DKSR-EFI-06" duration="00:00:00.0013723" startTime="2024-01-09T15:44:51.2012299+01:00" endTime="2024-01-09T15:44:51.2168550+01:00" testType="13cdc9d9-ddb5-4fa4-a97d-d965ccfc6d4b" outcome="Passed" testListId="8c84fa94-04c1-424b-9868-57a2d4851a1d" relativeResultsDirectory="f3f63750-befa-41f7-a830-02faf48f54b8" />
    <UnitTestResult executionId="be4f373a-5d79-44ca-8340-04e35362e439" testId="02e911c5-d11b-dead-a23d-a86892fd7e08" testName="Deserialize_ShouldReturnTrue_WhenInputIsValid" computerName="DKSR-EFI-06" duration="00:00:00.0027767" startTime="2024-01-09T15:44:39.4668107+01:00" endTime="2024-01-09T15:44:39.4668107+01:00" testType="13cdc9d9-ddb5-4fa4-a97d-d965ccfc6d4b" outcome="Passed" testListId="8c84fa94-04c1-424b-9868-57a2d4851a1d" relativeResultsDirectory="be4f373a-5d79-44ca-8340-04e35362e439" />
    <UnitTestResult executionId="dfe87ea1-85ab-447e-9fa7-7e2d20d17587" testId="4c6ad706-e0e9-b0ae-79be-604b6cfef79e" testName="GetValue_ShouldReturnAValue_WhenCalledWithKnownFilterIds (97b0bd8a-719d-4235-959a-76b7cb8ffae2)" computerName="DKSR-EFI-06" duration="00:00:00.0000108" startTime="2024-01-09T15:45:38.8731697+01:00" endTime="2024-01-09T15:45:38.8731697+01:00" testType="13cdc9d9-ddb5-4fa4-a97d-d965ccfc6d4b" outcome="Passed" testListId="8c84fa94-04c1-424b-9868-57a2d4851a1d" relativeResultsDirectory="dfe87ea1-85ab-447e-9fa7-7e2d20d17587" />
    <UnitTestResult executionId="f9e22356-c42c-4565-bedf-477ba921d9df" testId="30d61bb6-0190-9ee4-4480-999650ab018e" testName="IsEmpty_ShouldReturnBase_WhenSearchingWithoutDefaults (0,10,1,10,False)" computerName="DKSR-EFI-06" duration="00:00:00.0002617" startTime="2024-01-09T15:44:39.5449349+01:00" endTime="2024-01-09T15:44:39.5449349+01:00" testType="13cdc9d9-ddb5-4fa4-a97d-d965ccfc6d4b" outcome="Passed" testListId="8c84fa94-04c1-424b-9868-57a2d4851a1d" relativeResultsDirectory="f9e22356-c42c-4565-bedf-477ba921d9df" />
    <UnitTestResult executionId="6f4d016c-b476-4c15-96d9-b8f741312514" testId="0ab6afe1-8f50-2019-59a3-4ac5c5d9a9e7" testName="TryParseColor_ShouldReturn_CorrectResult (&lt;?xml version=&quot;1.0&quot;?&gt; &lt;tt:Color xmlns:tt=&quot;http://www.onvif.org/ver10/schema&quot; Z = &quot;169&quot; Y = &quot;169&quot; X = &quot;169&quot; Colorspace = &quot;RGB&quot; /&gt;,True)" computerName="DKSR-EFI-06" duration="00:00:00.0261537" startTime="2024-01-09T15:44:42.8574509+01:00" endTime="2024-01-09T15:44:42.8887030+01:00" testType="13cdc9d9-ddb5-4fa4-a97d-d965ccfc6d4b" outcome="Passed" testListId="8c84fa94-04c1-424b-9868-57a2d4851a1d" relativeResultsDirectory="6f4d016c-b476-4c15-96d9-b8f741312514" />
    <UnitTestResult executionId="72f92da1-da3e-463a-a483-e0b135baeb65" testId="45faaf94-8fe8-d7c5-c835-ecc201e7d932" testName="IsMatch_ShouldReturnTrue_WhenNestedPredicateReturnsFalse" computerName="DKSR-EFI-06" duration="00:00:00.0186264" startTime="2024-01-09T15:44:38.6230624+01:00" endTime="2024-01-09T15:44:38.6543092+01:00" testType="13cdc9d9-ddb5-4fa4-a97d-d965ccfc6d4b" outcome="Passed" testListId="8c84fa94-04c1-424b-9868-57a2d4851a1d" relativeResultsDirectory="72f92da1-da3e-463a-a483-e0b135baeb65" />
    <UnitTestResult executionId="9dc89a6a-66b2-4a2f-98f2-0bcc160205bd" testId="059c606f-3d60-53df-72c9-24d2e6e21c99" testName="Dispose_ShouldClosePlaybackSource" computerName="DKSR-EFI-06" duration="00:00:00.0030176" startTime="2024-01-09T15:44:47.1074695+01:00" endTime="2024-01-09T15:44:47.1074695+01:00" testType="13cdc9d9-ddb5-4fa4-a97d-d965ccfc6d4b" outcome="Passed" testListId="8c84fa94-04c1-424b-9868-57a2d4851a1d" relativeResultsDirectory="9dc89a6a-66b2-4a2f-98f2-0bcc160205bd" />
    <UnitTestResult executionId="ee1b7f7d-b13f-4408-9599-38dcc24a17f4" testId="666e6c5a-d69b-6714-d634-2a3c90ca8e96" testName="IsMatch_ShouldReturnTrue_WhenAllPredicatesAreMatched" computerName="DKSR-EFI-06" duration="00:00:00.0021920" startTime="2024-01-09T15:44:42.7168264+01:00" endTime="2024-01-09T15:44:42.7168264+01:00" testType="13cdc9d9-ddb5-4fa4-a97d-d965ccfc6d4b" outcome="Passed" testListId="8c84fa94-04c1-424b-9868-57a2d4851a1d" relativeResultsDirectory="ee1b7f7d-b13f-4408-9599-38dcc24a17f4" />
    <UnitTestResult executionId="31878092-8d32-4cd0-9830-ee6bb930e39e" testId="1f38bd57-035e-1e74-9518-5bce9e6a0126" testName="TryParseColor_ShouldReturn_CorrectResult (&lt;?xml version=&quot;1.0&quot;?&gt; &lt;tt:Color xmlns:tt=&quot;http://www.onvif.org/ver10/schema&quot; Z = &quot;169&quot; Y = &quot;169&quot; X = &quot;169&quot; Colorspace = &quot;SomeRandomColorSpace&quot; /&gt;,False)" computerName="DKSR-EFI-06" duration="00:00:00.0001402" startTime="2024-01-09T15:44:42.9199534+01:00" endTime="2024-01-09T15:44:42.9199534+01:00" testType="13cdc9d9-ddb5-4fa4-a97d-d965ccfc6d4b" outcome="Passed" testListId="8c84fa94-04c1-424b-9868-57a2d4851a1d" relativeResultsDirectory="31878092-8d32-4cd0-9830-ee6bb930e39e" />
    <UnitTestResult executionId="8052cf72-d239-4827-9389-fa44c372c172" testId="1114ef88-3a8d-00e8-b05f-9d946af3b862" testName="GetSearchPredicate_ShouldReturnPredicateFromFactory" computerName="DKSR-EFI-06" duration="00:00:00.0028162" startTime="2024-01-09T15:44:39.8574374+01:00" endTime="2024-01-09T15:44:39.8730631+01:00" testType="13cdc9d9-ddb5-4fa4-a97d-d965ccfc6d4b" outcome="Passed" testListId="8c84fa94-04c1-424b-9868-57a2d4851a1d" relativeResultsDirectory="8052cf72-d239-4827-9389-fa44c372c172" />
    <UnitTestResult executionId="b3e748c6-7a1e-426a-b7bc-24c5032213ac" testId="267d02d9-05c8-4da9-a5bc-ecd135ec8233" testName="IsMatch_ShouldCompareDistanceCorrectly_WhenGivenValidPropertyValues (55.211361,44.401012,-84.959958,-73.848847,44.400888,-73.849034,0.1,True)" computerName="DKSR-EFI-06" duration="00:00:00.0061265" startTime="2024-01-09T15:44:42.6387005+01:00" endTime="2024-01-09T15:44:42.6543252+01:00" testType="13cdc9d9-ddb5-4fa4-a97d-d965ccfc6d4b" outcome="Passed" testListId="8c84fa94-04c1-424b-9868-57a2d4851a1d" relativeResultsDirectory="b3e748c6-7a1e-426a-b7bc-24c5032213ac" />
    <UnitTestResult executionId="2e01d5b2-4963-4e49-bfca-ee6e15b045c5" testId="6bd8ce04-325e-7279-fc5b-efad87b87bbc" testName="GetValue_ShouldThrowException_WhenCalledWithUnknownId" computerName="DKSR-EFI-06" duration="00:00:00.0007254" startTime="2024-01-09T15:45:38.8887942+01:00" endTime="2024-01-09T15:45:38.8887942+01:00" testType="13cdc9d9-ddb5-4fa4-a97d-d965ccfc6d4b" outcome="Passed" testListId="8c84fa94-04c1-424b-9868-57a2d4851a1d" relativeResultsDirectory="2e01d5b2-4963-4e49-bfca-ee6e15b045c5" />
    <UnitTestResult executionId="b9f9800f-f080-4286-acd1-56da2f5a8d0f" testId="78ff2a97-3337-f054-99af-d529beab7408" testName="CreateGuid_ShouldReturnDifferentGuid_WhenUsingDifferentStartTimeInMilliseconds" computerName="DKSR-EFI-06" duration="00:00:00.0041189" startTime="2024-01-09T15:44:40.4824438+01:00" endTime="2024-01-09T15:44:40.4980666+01:00" testType="13cdc9d9-ddb5-4fa4-a97d-d965ccfc6d4b" outcome="Passed" testListId="8c84fa94-04c1-424b-9868-57a2d4851a1d" relativeResultsDirectory="b9f9800f-f080-4286-acd1-56da2f5a8d0f" />
    <UnitTestResult executionId="28f9e1da-6133-46ab-92f6-bbd3a414b8ea" testId="4fc46eab-328b-438f-06cc-fd33a8131bbf" testName="GetValue_ShouldReturnAValue_WhenCalledWithKnownCategoryIds (4e22b171-b878-4751-8184-dd87b2dd65f1)" computerName="DKSR-EFI-06" duration="00:00:00.0000085" startTime="2024-01-09T15:45:38.8887942+01:00" endTime="2024-01-09T15:45:38.8887942+01:00" testType="13cdc9d9-ddb5-4fa4-a97d-d965ccfc6d4b" outcome="Passed" testListId="8c84fa94-04c1-424b-9868-57a2d4851a1d" relativeResultsDirectory="28f9e1da-6133-46ab-92f6-bbd3a414b8ea" />
    <UnitTestResult executionId="1c8e0d83-bb2c-4111-b1cd-2fe29f4a33f5" testId="b55d9ab7-b50d-8694-076c-cd1ae02a1830" testName="GetSearchPredicate_ShouldCallFactoryWithAllValuesFromValueProvider" computerName="DKSR-EFI-06" duration="00:00:00.0162831" startTime="2024-01-09T15:44:39.5761877+01:00" endTime="2024-01-09T15:44:39.5918116+01:00" testType="13cdc9d9-ddb5-4fa4-a97d-d965ccfc6d4b" outcome="Passed" testListId="8c84fa94-04c1-424b-9868-57a2d4851a1d" relativeResultsDirectory="1c8e0d83-bb2c-4111-b1cd-2fe29f4a33f5" />
    <UnitTestResult executionId="7c8d37a6-4bd3-47a5-b6d8-8cd3855431b5" testId="80b7e897-b10d-fad4-023d-830b189c8e11" testName="Constructors_ShouldNotAllowInjectionOfNulls" computerName="DKSR-EFI-06" duration="00:00:00.0013961" startTime="2024-01-09T15:44:42.5605752+01:00" endTime="2024-01-09T15:44:42.5605752+01:00" testType="13cdc9d9-ddb5-4fa4-a97d-d965ccfc6d4b" outcome="Passed" testListId="8c84fa94-04c1-424b-9868-57a2d4851a1d" relativeResultsDirectory="7c8d37a6-4bd3-47a5-b6d8-8cd3855431b5" />
    <UnitTestResult executionId="4bb2e01c-e502-4d26-b713-06d3b25d602e" testId="96748469-9f77-293e-9024-c4beadff4ef6" testName="GetFrames_ShouldReturnFramesInTheSpecifiedTimeRange (False)" computerName="DKSR-EFI-06" duration="00:00:01.7886504" startTime="2024-01-09T15:44:44.7793355+01:00" endTime="2024-01-09T15:44:46.5605925+01:00" testType="13cdc9d9-ddb5-4fa4-a97d-d965ccfc6d4b" outcome="Passed" testListId="8c84fa94-04c1-424b-9868-57a2d4851a1d" relativeResultsDirectory="4bb2e01c-e502-4d26-b713-06d3b25d602e" />
    <UnitTestResult executionId="d74b45b2-ee9e-485f-abc4-59e4ac5db2a8" testId="a87d0b30-1b50-ed18-a106-3c32a9d0d116" testName="IsEmpty_ShouldReturnTrue_WhenThereAreNoFramesInTheSpecifiedTimeRange (True)" computerName="DKSR-EFI-06" duration="00:00:00.1262520" startTime="2024-01-09T15:44:46.8418420+01:00" endTime="2024-01-09T15:44:46.9824671+01:00" testType="13cdc9d9-ddb5-4fa4-a97d-d965ccfc6d4b" outcome="Passed" testListId="8c84fa94-04c1-424b-9868-57a2d4851a1d" relativeResultsDirectory="d74b45b2-ee9e-485f-abc4-59e4ac5db2a8" />
    <UnitTestResult executionId="a515585a-62ba-4041-822b-741803649e52" testId="516c01d6-57b7-d676-abbc-5c0620a39685" testName="GetFrames_ShouldNotContinueFetchingFrames_WhenTokenSourceIsCancelled (False)" computerName="DKSR-EFI-06" duration="00:00:00.5160108" startTime="2024-01-09T15:44:50.5137295+01:00" endTime="2024-01-09T15:44:51.0293568+01:00" testType="13cdc9d9-ddb5-4fa4-a97d-d965ccfc6d4b" outcome="Passed" testListId="8c84fa94-04c1-424b-9868-57a2d4851a1d" relativeResultsDirectory="a515585a-62ba-4041-822b-741803649e52" />
    <UnitTestResult executionId="a40aca42-141c-4834-b7b0-de8264bdd34d" testId="db6b037b-68db-78d4-ca62-6240f561f66d" testName="IsMatch_ShouldReturnTrue_WhenAnyPropertyIsPresent" computerName="DKSR-EFI-06" duration="00:00:00.0093776" startTime="2024-01-09T15:44:38.5293118+01:00" endTime="2024-01-09T15:44:38.5293118+01:00" testType="13cdc9d9-ddb5-4fa4-a97d-d965ccfc6d4b" outcome="Passed" testListId="8c84fa94-04c1-424b-9868-57a2d4851a1d" relativeResultsDirectory="a40aca42-141c-4834-b7b0-de8264bdd34d" />
    <UnitTestResult executionId="1aff2ca5-3a8c-485e-bcff-790ce322e055" testId="a78aa3f2-532a-6d0f-d478-72348a03be8f" testName="GetCategorySearchPredicate_ShouldReturnPredicateWithoutRelatedProperties_WhenEnabledFilterHasNoRelatedProperties" computerName="DKSR-EFI-06" duration="00:00:00.0009426" startTime="2024-01-09T15:45:38.7012963+01:00" endTime="2024-01-09T15:45:38.7012963+01:00" testType="13cdc9d9-ddb5-4fa4-a97d-d965ccfc6d4b" outcome="Passed" testListId="8c84fa94-04c1-424b-9868-57a2d4851a1d" relativeResultsDirectory="1aff2ca5-3a8c-485e-bcff-790ce322e055" />
    <UnitTestResult executionId="d578c235-9c7a-49aa-a500-3740df54a140" testId="d8059ece-3501-e7a1-9762-33f51ac89fd9" testName="DoSearch_ShouldUseCorrectSessionId_WhenReturningSearchResults (10)" computerName="DKSR-EFI-06" duration="00:00:00.0127340" startTime="2024-01-09T15:44:40.4043189+01:00" endTime="2024-01-09T15:44:40.4199448+01:00" testType="13cdc9d9-ddb5-4fa4-a97d-d965ccfc6d4b" outcome="Passed" testListId="8c84fa94-04c1-424b-9868-57a2d4851a1d" relativeResultsDirectory="d578c235-9c7a-49aa-a500-3740df54a140" />
    <UnitTestResult executionId="8eb8c447-24b8-4e21-89d5-13d978532be6" testId="6bf5dd0b-e802-8692-f239-0f93367d3b0f" testName="GetCategorySearchPredicate_ShouldReturnPredicateWithoutRelatedProperties_WhenAllFiltersAreDisabled" computerName="DKSR-EFI-06" duration="00:00:00.0010649" startTime="2024-01-09T15:45:38.7012963+01:00" endTime="2024-01-09T15:45:38.7012963+01:00" testType="13cdc9d9-ddb5-4fa4-a97d-d965ccfc6d4b" outcome="Passed" testListId="8c84fa94-04c1-424b-9868-57a2d4851a1d" relativeResultsDirectory="8eb8c447-24b8-4e21-89d5-13d978532be6" />
    <UnitTestResult executionId="046e5220-8d8b-4f04-a83f-6c70aecb67d8" testId="00af2491-392a-89dc-55bf-452540374856" testName="Parse_ShouldHandleXml_WithProperties" computerName="DKSR-EFI-06" duration="00:00:00.0012576" startTime="2024-01-09T15:44:51.1231044+01:00" endTime="2024-01-09T15:44:51.1387308+01:00" testType="13cdc9d9-ddb5-4fa4-a97d-d965ccfc6d4b" outcome="Passed" testListId="8c84fa94-04c1-424b-9868-57a2d4851a1d" relativeResultsDirectory="046e5220-8d8b-4f04-a83f-6c70aecb67d8" />
    <UnitTestResult executionId="66efc643-e89b-4566-be40-af972dc5b9e4" testId="89af6bd0-6213-2f85-a07a-cb8660be99ac" testName="GetFrames_ShouldContinueReturningFrames_WhenParsingThrowsAnException (False)" computerName="DKSR-EFI-06" duration="00:00:00.1621591" startTime="2024-01-09T15:44:47.2637227+01:00" endTime="2024-01-09T15:44:47.4199699+01:00" testType="13cdc9d9-ddb5-4fa4-a97d-d965ccfc6d4b" outcome="Passed" testListId="8c84fa94-04c1-424b-9868-57a2d4851a1d" relativeResultsDirectory="66efc643-e89b-4566-be40-af972dc5b9e4" />
    <UnitTestResult executionId="33c7b478-fe9d-49a2-b794-856b7d5598da" testId="8669e8bd-171b-0309-d338-338ea257b72c" testName="TryParseColor_ShouldReturn_CorrectResult (&lt;?xml version=&quot;1.0&quot;?&gt; &lt;tt:Color xmlns:tt=&quot;http://www.onvif.org/ver10/schema&quot; Z = &quot;400&quot; Y = &quot;169&quot; X = &quot;169&quot; Colorspace = &quot;YCbCr&quot; /&gt;,False)" computerName="DKSR-EFI-06" duration="00:00:00.0001804" startTime="2024-01-09T15:44:42.9043271+01:00" endTime="2024-01-09T15:44:42.9043271+01:00" testType="13cdc9d9-ddb5-4fa4-a97d-d965ccfc6d4b" outcome="Passed" testListId="8c84fa94-04c1-424b-9868-57a2d4851a1d" relativeResultsDirectory="33c7b478-fe9d-49a2-b794-856b7d5598da" />
    <UnitTestResult executionId="7de18bca-b6ee-449e-a3bd-3d00fa5c4c5d" testId="1a7083a0-9599-4acf-a742-89d847f8a235" testName="IsMatch_ShouldReturnTrue_WhenAnyOfTheValuesAreInRange" computerName="DKSR-EFI-06" duration="00:00:00.0013523" startTime="2024-01-09T15:44:42.5918263+01:00" endTime="2024-01-09T15:44:42.5918263+01:00" testType="13cdc9d9-ddb5-4fa4-a97d-d965ccfc6d4b" outcome="Passed" testListId="8c84fa94-04c1-424b-9868-57a2d4851a1d" relativeResultsDirectory="7de18bca-b6ee-449e-a3bd-3d00fa5c4c5d" />
    <UnitTestResult executionId="015dea56-0e35-438f-9ea7-69c275b3dd0c" testId="fcbb423c-ed06-b4d7-14bd-d38414b9f6f4" testName="DoSearch_ShouldFindVehicle_WhenSpeedPropertyIsPresent" computerName="DKSR-EFI-06" duration="00:00:02.5838704" startTime="2024-01-09T15:45:27.9356691+01:00" endTime="2024-01-09T15:45:30.5137924+01:00" testType="13cdc9d9-ddb5-4fa4-a97d-d965ccfc6d4b" outcome="Passed" testListId="8c84fa94-04c1-424b-9868-57a2d4851a1d" relativeResultsDirectory="015dea56-0e35-438f-9ea7-69c275b3dd0c" />
    <UnitTestResult executionId="89e1219c-9485-4c86-822f-8dec48df1047" testId="049fecbe-b74a-80f6-43d3-60a266b9c40e" testName="CreateAgents_ShouldReturnAllAgents_WhenAllAreEnabled" computerName="DKSR-EFI-06" duration="00:00:00.0384053" startTime="2024-01-09T15:44:42.9355781+01:00" endTime="2024-01-09T15:44:42.9668276+01:00" testType="13cdc9d9-ddb5-4fa4-a97d-d965ccfc6d4b" outcome="Passed" testListId="8c84fa94-04c1-424b-9868-57a2d4851a1d" relativeResultsDirectory="89e1219c-9485-4c86-822f-8dec48df1047" />
    <UnitTestResult executionId="2ffdceec-d2a4-4953-a71d-474555664c7d" testId="fbe66c33-cc97-ad02-071b-4f8342a00418" testName="GetValue_ShouldAlwaysReturnAValidString" computerName="DKSR-EFI-06" duration="00:00:00.0008622" startTime="2024-01-09T15:45:38.8419182+01:00" endTime="2024-01-09T15:45:38.8419182+01:00" testType="13cdc9d9-ddb5-4fa4-a97d-d965ccfc6d4b" outcome="Passed" testListId="8c84fa94-04c1-424b-9868-57a2d4851a1d" relativeResultsDirectory="2ffdceec-d2a4-4953-a71d-474555664c7d" />
    <UnitTestResult executionId="d19c21b9-c721-47c9-8a9e-bb33414ae5dc" testId="f10901f3-9edb-d90f-86a4-6970680289f4" testName="TryParseColor_ShouldReturn_CorrectResult (&lt;?xml version=&quot;1.0&quot;?&gt; &lt;tt:Color xmlns:tt=&quot;http://www.onvif.org/ver10/schema&quot; Z = &quot;169&quot; Y = &quot;169&quot; X = &quot;400&quot; Colorspace = &quot;RGB&quot; /&gt;,False)" computerName="DKSR-EFI-06" duration="00:00:00.0001994" startTime="2024-01-09T15:44:42.9043271+01:00" endTime="2024-01-09T15:44:42.9043271+01:00" testType="13cdc9d9-ddb5-4fa4-a97d-d965ccfc6d4b" outcome="Passed" testListId="8c84fa94-04c1-424b-9868-57a2d4851a1d" relativeResultsDirectory="d19c21b9-c721-47c9-8a9e-bb33414ae5dc" />
    <UnitTestResult executionId="1b128d88-bd8d-4548-b836-bbfcc36a1c88" testId="6ddec006-acc4-d8c3-8434-6d90efa02ea6" testName="SearchingForHumanOrFace_ShouldReturnAllHumansInFrame_WhenSecondClassDetectedOnFirstFrame" computerName="DKSR-EFI-06" duration="00:00:00.0045887" startTime="2024-01-09T15:45:38.6544191+01:00" endTime="2024-01-09T15:45:38.6544191+01:00" testType="13cdc9d9-ddb5-4fa4-a97d-d965ccfc6d4b" outcome="Passed" testListId="8c84fa94-04c1-424b-9868-57a2d4851a1d" relativeResultsDirectory="1b128d88-bd8d-4548-b836-bbfcc36a1c88" />
    <UnitTestResult executionId="f588d0a2-24f9-4f45-9002-f583df631f6c" testId="c68ddbd6-426b-5ffa-ffe4-e499794b6aaa" testName="SearchingForHumans_ShouldReturnNothing_WhenThereAreNoHumans" computerName="DKSR-EFI-06" duration="00:00:00.0044990" startTime="2024-01-09T15:45:38.6231694+01:00" endTime="2024-01-09T15:45:38.6387935+01:00" testType="13cdc9d9-ddb5-4fa4-a97d-d965ccfc6d4b" outcome="Passed" testListId="8c84fa94-04c1-424b-9868-57a2d4851a1d" relativeResultsDirectory="f588d0a2-24f9-4f45-9002-f583df631f6c" />
    <UnitTestResult executionId="1c155f70-8cdb-439b-b63e-21a5e684464e" testId="2a1acbde-48f0-baca-6a56-3f8f9f063c87" testName="TryParseColor_ShouldReturn_CorrectResult (,False)" computerName="DKSR-EFI-06" duration="00:00:00.0000077" startTime="2024-01-09T15:44:42.8574509+01:00" endTime="2024-01-09T15:44:42.8574509+01:00" testType="13cdc9d9-ddb5-4fa4-a97d-d965ccfc6d4b" outcome="Passed" testListId="8c84fa94-04c1-424b-9868-57a2d4851a1d" relativeResultsDirectory="1c155f70-8cdb-439b-b63e-21a5e684464e" />
    <UnitTestResult executionId="4bb52af6-a6f2-4084-a64c-c7abea1468d2" testId="b8e713b0-e424-b91d-eaad-d7c6c1adfcba" testName="IsMatch_ShouldReturnFalse_WhenClassIsPartialHit" computerName="DKSR-EFI-06" duration="00:00:00.0008452" startTime="2024-01-09T15:44:38.6074361+01:00" endTime="2024-01-09T15:44:38.6074361+01:00" testType="13cdc9d9-ddb5-4fa4-a97d-d965ccfc6d4b" outcome="Passed" testListId="8c84fa94-04c1-424b-9868-57a2d4851a1d" relativeResultsDirectory="4bb52af6-a6f2-4084-a64c-c7abea1468d2" />
    <UnitTestResult executionId="a1a28758-03df-4f1e-b435-bdd9974502cc" testId="14abc2b8-998a-7ca5-f1be-36d249e1c57b" testName="TryParseColor_ShouldReturn_CorrectResult (&lt;?xml version=&quot;1.0&quot;?&gt; &lt;tt:Color xmlns:tt=&quot;http://www.onvif.org/ver10/schema&quot; X = &quot;400&quot; Colorspace = &quot;RGB&quot; /&gt;,False)" computerName="DKSR-EFI-06" duration="00:00:00.0001319" startTime="2024-01-09T15:44:42.9043271+01:00" endTime="2024-01-09T15:44:42.9199534+01:00" testType="13cdc9d9-ddb5-4fa4-a97d-d965ccfc6d4b" outcome="Passed" testListId="8c84fa94-04c1-424b-9868-57a2d4851a1d" relativeResultsDirectory="a1a28758-03df-4f1e-b435-bdd9974502cc" />
    <UnitTestResult executionId="fa7ee4c2-4d3b-49ae-83f7-1eb58cab7b77" testId="d511afe6-6d49-375f-49ca-80d7ddc44f44" testName="IsValid_ShouldBeFalse_WhenCreated" computerName="DKSR-EFI-06" duration="00:00:00.0003170" startTime="2024-01-09T15:44:39.4824354+01:00" endTime="2024-01-09T15:44:39.4824354+01:00" testType="13cdc9d9-ddb5-4fa4-a97d-d965ccfc6d4b" outcome="Passed" testListId="8c84fa94-04c1-424b-9868-57a2d4851a1d" relativeResultsDirectory="fa7ee4c2-4d3b-49ae-83f7-1eb58cab7b77" />
    <UnitTestResult executionId="b7d752d8-e6b9-4cdd-aa50-5ca29eabb3b0" testId="6a961c02-718c-8949-3956-b0d5d43fedad" testName="CreateGuid_ShouldReturnDifferentGuid_WhenUsingDifferentEndTime" computerName="DKSR-EFI-06" duration="00:00:00.0013144" startTime="2024-01-09T15:44:40.4824438+01:00" endTime="2024-01-09T15:44:40.4824438+01:00" testType="13cdc9d9-ddb5-4fa4-a97d-d965ccfc6d4b" outcome="Passed" testListId="8c84fa94-04c1-424b-9868-57a2d4851a1d" relativeResultsDirectory="b7d752d8-e6b9-4cdd-aa50-5ca29eabb3b0" />
    <UnitTestResult executionId="a2881b3a-0d01-46bb-9bce-262f92c9a930" testId="9d6481ea-4f00-a1b9-12b6-4537a285077c" testName="Constructors_ShouldNotAllowInjectionOfNulls" computerName="DKSR-EFI-06" duration="00:00:00.0076658" startTime="2024-01-09T15:45:38.8262943+01:00" endTime="2024-01-09T15:45:38.8262943+01:00" testType="13cdc9d9-ddb5-4fa4-a97d-d965ccfc6d4b" outcome="Passed" testListId="8c84fa94-04c1-424b-9868-57a2d4851a1d" relativeResultsDirectory="a2881b3a-0d01-46bb-9bce-262f92c9a930" />
    <UnitTestResult executionId="c864520c-0086-4ff9-ada9-2c31fead0132" testId="bb800a38-74b6-a1ae-2290-f5b2e1bb54b0" testName="GetBuiltInVehicleFilters_ShouldIncludeLicensePlateAndColor_WhenBothArePresent" computerName="DKSR-EFI-06" duration="00:00:00.0010541" startTime="2024-01-09T15:45:38.7794182+01:00" endTime="2024-01-09T15:45:38.7794182+01:00" testType="13cdc9d9-ddb5-4fa4-a97d-d965ccfc6d4b" outcome="Passed" testListId="8c84fa94-04c1-424b-9868-57a2d4851a1d" relativeResultsDirectory="c864520c-0086-4ff9-ada9-2c31fead0132" />
    <UnitTestResult executionId="9c4b40d8-bcd0-4fd0-b29c-97283309994f" testId="c29fcd0e-f083-bd43-f71f-bc203a875a9f" testName="GetFilterValues_ShouldReturnEmptyEnumeration_WhenValueIsEmpty" computerName="DKSR-EFI-06" duration="00:00:00.0009360" startTime="2024-01-09T15:44:39.2168118+01:00" endTime="2024-01-09T15:44:39.2168118+01:00" testType="13cdc9d9-ddb5-4fa4-a97d-d965ccfc6d4b" outcome="Passed" testListId="8c84fa94-04c1-424b-9868-57a2d4851a1d" relativeResultsDirectory="9c4b40d8-bcd0-4fd0-b29c-97283309994f" />
    <UnitTestResult executionId="aad44dc6-fb75-4c41-a9e1-009b1e7a2210" testId="7c8f3ab1-db42-a00e-13a0-5ab0038cf7ca" testName="GetBuiltInPersonFilters_ShouldIncludeGenderAndAge_WhenBothArePresent" computerName="DKSR-EFI-06" duration="00:00:00.0009468" startTime="2024-01-09T15:45:38.7481676+01:00" endTime="2024-01-09T15:45:38.7481676+01:00" testType="13cdc9d9-ddb5-4fa4-a97d-d965ccfc6d4b" outcome="Passed" testListId="8c84fa94-04c1-424b-9868-57a2d4851a1d" relativeResultsDirectory="aad44dc6-fb75-4c41-a9e1-009b1e7a2210" />
    <UnitTestResult executionId="b58173ae-5e18-4f8f-8f3f-783f94083153" testId="d4452252-777d-7430-b8a1-f0e1693e31c3" testName="IsMatch_ShouldReturnFalse_WhenGivenFrameObjectWithInvalidProperties" computerName="DKSR-EFI-06" duration="00:00:00.0020950" startTime="2024-01-09T15:44:42.4668248+01:00" endTime="2024-01-09T15:44:42.4668248+01:00" testType="13cdc9d9-ddb5-4fa4-a97d-d965ccfc6d4b" outcome="Passed" testListId="8c84fa94-04c1-424b-9868-57a2d4851a1d" relativeResultsDirectory="b58173ae-5e18-4f8f-8f3f-783f94083153" />
    <UnitTestResult executionId="41258fa3-50f0-450f-beb1-8b0c7a178f96" testId="be55f5e0-b7f0-9aff-ed43-349928d3ded4" testName="GetValue_ShouldReturnAValue_WhenCalledWithKnownVehicleTypeIds (20b19e23-6e48-4207-b033-1fdf3b48f167)" computerName="DKSR-EFI-06" duration="00:00:00.0000128" startTime="2024-01-09T15:45:38.8419182+01:00" endTime="2024-01-09T15:45:38.8419182+01:00" testType="13cdc9d9-ddb5-4fa4-a97d-d965ccfc6d4b" outcome="Passed" testListId="8c84fa94-04c1-424b-9868-57a2d4851a1d" relativeResultsDirectory="41258fa3-50f0-450f-beb1-8b0c7a178f96" />
    <UnitTestResult executionId="e12ed67b-9066-40bc-9e41-f271e85b3aa2" testId="e529d133-0f3d-876f-a8c8-1fb567bd9f45" testName="IsMatch_ShouldCompareDistanceCorrectly_WhenGivenValidPropertyValues (44.401012,-73.848847,44.378859,-73.834729,2.66,False)" computerName="DKSR-EFI-06" duration="00:00:00.0031437" startTime="2024-01-09T15:44:42.6855767+01:00" endTime="2024-01-09T15:44:42.6855767+01:00" testType="13cdc9d9-ddb5-4fa4-a97d-d965ccfc6d4b" outcome="Passed" testListId="8c84fa94-04c1-424b-9868-57a2d4851a1d" relativeResultsDirectory="e12ed67b-9066-40bc-9e41-f271e85b3aa2" />
    <UnitTestResult executionId="78a07d45-2003-4caa-bbe6-8cfab0d1917e" testId="7dd1026a-a50b-ddbc-d23f-84539626dc02" testName="IsMatch_ShouldReturnFalse_WhenObjectElementDoNotExists" computerName="DKSR-EFI-06" duration="00:00:00.0013869" startTime="2024-01-09T15:44:42.6230757+01:00" endTime="2024-01-09T15:44:42.6230757+01:00" testType="13cdc9d9-ddb5-4fa4-a97d-d965ccfc6d4b" outcome="Passed" testListId="8c84fa94-04c1-424b-9868-57a2d4851a1d" relativeResultsDirectory="78a07d45-2003-4caa-bbe6-8cfab0d1917e" />
    <UnitTestResult executionId="370eff53-1e7c-490b-a2b6-a1264904a726" testId="86ac4d5c-e64c-3eeb-48f6-3f5e7495ec74" testName="GetValue_ShouldThrowException_WhenCalledWithUnknownId" computerName="DKSR-EFI-06" duration="00:00:00.0017302" startTime="2024-01-09T15:45:38.8575448+01:00" endTime="2024-01-09T15:45:38.8575448+01:00" testType="13cdc9d9-ddb5-4fa4-a97d-d965ccfc6d4b" outcome="Passed" testListId="8c84fa94-04c1-424b-9868-57a2d4851a1d" relativeResultsDirectory="370eff53-1e7c-490b-a2b6-a1264904a726" />
    <UnitTestResult executionId="873e45ff-7256-4d2d-b1ad-773fc5a391fc" testId="6e522d0e-7368-12e3-1e06-d55f273f4474" testName="GetFrames_ShouldContinueReturningFrames_WhenParsingThrowsAnException (True)" computerName="DKSR-EFI-06" duration="00:00:00.1514382" startTime="2024-01-09T15:44:47.1074695+01:00" endTime="2024-01-09T15:44:47.2637227+01:00" testType="13cdc9d9-ddb5-4fa4-a97d-d965ccfc6d4b" outcome="Passed" testListId="8c84fa94-04c1-424b-9868-57a2d4851a1d" relativeResultsDirectory="873e45ff-7256-4d2d-b1ad-773fc5a391fc" />
    <UnitTestResult executionId="e5d06666-168d-4fc1-b224-8aab892081f3" testId="ff22b8bc-5bd3-865e-7cf1-849b0fbeafa6" testName="FilterObjects_ShouldReturnTwoSequences_WhenObjectIdDisappearsFromFrameAndAppearsAgain" computerName="DKSR-EFI-06" duration="00:00:00.0047270" startTime="2024-01-09T15:44:40.5449452+01:00" endTime="2024-01-09T15:44:40.5605684+01:00" testType="13cdc9d9-ddb5-4fa4-a97d-d965ccfc6d4b" outcome="Passed" testListId="8c84fa94-04c1-424b-9868-57a2d4851a1d" relativeResultsDirectory="e5d06666-168d-4fc1-b224-8aab892081f3" />
    <UnitTestResult executionId="a680e640-2fa8-4f79-956e-be90a1d72539" testId="6cea7a68-2d4a-ad1a-d57a-b963a4194056" testName="IsSet_ShouldBeFalse_WhenValueProviderHasNoValues" computerName="DKSR-EFI-06" duration="00:00:00.0059650" startTime="2024-01-09T15:44:39.8730631+01:00" endTime="2024-01-09T15:44:39.8730631+01:00" testType="13cdc9d9-ddb5-4fa4-a97d-d965ccfc6d4b" outcome="Passed" testListId="8c84fa94-04c1-424b-9868-57a2d4851a1d" relativeResultsDirectory="a680e640-2fa8-4f79-956e-be90a1d72539" />
    <UnitTestResult executionId="12d1ea9c-f524-4561-bc52-5e7ebad0eb15" testId="4ec0f1dc-5ce3-d774-1746-20005e913961" testName="IsMatch_ShouldReturnFalse_WhenObjectElementPropertyWithDifferentValue" computerName="DKSR-EFI-06" duration="00:00:00.0012530" startTime="2024-01-09T15:44:42.7637012+01:00" endTime="2024-01-09T15:44:42.7637012+01:00" testType="13cdc9d9-ddb5-4fa4-a97d-d965ccfc6d4b" outcome="Passed" testListId="8c84fa94-04c1-424b-9868-57a2d4851a1d" relativeResultsDirectory="12d1ea9c-f524-4561-bc52-5e7ebad0eb15" />
    <UnitTestResult executionId="2a29702d-5e59-4acb-83ac-430d60159f9f" testId="c570b34b-e51d-8b89-43e6-8631970d32ae" testName="Parse_ShouldNotFindMetadataFrameObjectProperties_WhenGivenConfigWithInvalidObjectRoot" computerName="DKSR-EFI-06" duration="00:00:00.0015479" startTime="2024-01-09T15:44:51.1387308+01:00" endTime="2024-01-09T15:44:51.1387308+01:00" testType="13cdc9d9-ddb5-4fa4-a97d-d965ccfc6d4b" outcome="Passed" testListId="8c84fa94-04c1-424b-9868-57a2d4851a1d" relativeResultsDirectory="2a29702d-5e59-4acb-83ac-430d60159f9f" />
    <UnitTestResult executionId="22ce0b1f-d974-4195-8fe3-ad04eeb8b156" testId="9ff14ff7-ddbc-8331-9543-ba15085b4176" testName="IsSet_ShouldBeFalse_WhenValueProviderHasNoValues" computerName="DKSR-EFI-06" duration="00:00:00.0028623" startTime="2024-01-09T15:44:39.6543149+01:00" endTime="2024-01-09T15:44:39.6699390+01:00" testType="13cdc9d9-ddb5-4fa4-a97d-d965ccfc6d4b" outcome="Passed" testListId="8c84fa94-04c1-424b-9868-57a2d4851a1d" relativeResultsDirectory="22ce0b1f-d974-4195-8fe3-ad04eeb8b156" />
    <UnitTestResult executionId="2519039c-174b-402e-86ac-85935dde576c" testId="07889f0a-a2d0-659d-2063-b520e6f36367" testName="GetSearchPredicate_ShouldThrowException_WhenValueIsInvalid" computerName="DKSR-EFI-06" duration="00:00:00.0027014" startTime="2024-01-09T15:44:39.7793137+01:00" endTime="2024-01-09T15:44:39.7793137+01:00" testType="13cdc9d9-ddb5-4fa4-a97d-d965ccfc6d4b" outcome="Passed" testListId="8c84fa94-04c1-424b-9868-57a2d4851a1d" relativeResultsDirectory="2519039c-174b-402e-86ac-85935dde576c" />
    <UnitTestResult executionId="7376ac7f-79ca-4c58-84fd-c09aa610308c" testId="e2c3c3ed-baa6-bf03-a21a-f2de5cbab20b" testName="IsMatch_ShouldReturnFalse_WhenPropertyIsNotPresent" computerName="DKSR-EFI-06" duration="00:00:00.0013768" startTime="2024-01-09T15:44:42.5918263+01:00" endTime="2024-01-09T15:44:42.5918263+01:00" testType="13cdc9d9-ddb5-4fa4-a97d-d965ccfc6d4b" outcome="Passed" testListId="8c84fa94-04c1-424b-9868-57a2d4851a1d" relativeResultsDirectory="7376ac7f-79ca-4c58-84fd-c09aa610308c" />
    <UnitTestResult executionId="bdae82c1-e601-433d-a310-a2abc7d3df16" testId="43066919-b5f1-9fa5-bab8-3882b0953a51" testName="Parse_ShouldUseNamespaceDictionaryToLookup_WhenGivenNonEmptyNamespaceCollection (xyz)" computerName="DKSR-EFI-06" duration="00:00:00.0066322" startTime="2024-01-09T15:44:51.1387308+01:00" endTime="2024-01-09T15:44:51.1543550+01:00" testType="13cdc9d9-ddb5-4fa4-a97d-d965ccfc6d4b" outcome="Passed" testListId="8c84fa94-04c1-424b-9868-57a2d4851a1d" relativeResultsDirectory="bdae82c1-e601-433d-a310-a2abc7d3df16" />
    <UnitTestResult executionId="9c251aca-44eb-4b7b-9d5f-1c4ae8cf877b" testId="b8b1ab27-8a4e-efd8-aa9b-16e67226c1d8" testName="SearchingForHumanOrFace_ShouldReturnAllHumansInFrame_WhenSecondClassDetectedOnSecondFrame" computerName="DKSR-EFI-06" duration="00:00:00.0044435" startTime="2024-01-09T15:45:38.6544191+01:00" endTime="2024-01-09T15:45:38.6544191+01:00" testType="13cdc9d9-ddb5-4fa4-a97d-d965ccfc6d4b" outcome="Passed" testListId="8c84fa94-04c1-424b-9868-57a2d4851a1d" relativeResultsDirectory="9c251aca-44eb-4b7b-9d5f-1c4ae8cf877b" />
    <UnitTestResult executionId="169b538e-8b93-46b4-b270-e1f48da44653" testId="44ac5fce-cdcc-eed0-5459-65516580a0bf" testName="GetSearchPredicate_ShouldCallFactoryWithValueFromValueProvider" computerName="DKSR-EFI-06" duration="00:00:00.0048554" startTime="2024-01-09T15:44:39.8574374+01:00" endTime="2024-01-09T15:44:39.8574374+01:00" testType="13cdc9d9-ddb5-4fa4-a97d-d965ccfc6d4b" outcome="Passed" testListId="8c84fa94-04c1-424b-9868-57a2d4851a1d" relativeResultsDirectory="169b538e-8b93-46b4-b270-e1f48da44653" />
    <UnitTestResult executionId="2c0e026a-3ac0-4675-a1b0-f1a767eea32a" testId="58e7aa30-50ca-258e-dfcf-c11ea51ee0b7" testName="GetValue_ShouldReturnAValue_WhenCalledWithKnownFilterIds (2d812f0d-ed3e-4553-b3fa-642bdc95d886)" computerName="DKSR-EFI-06" duration="00:00:00.0000081" startTime="2024-01-09T15:45:38.8731697+01:00" endTime="2024-01-09T15:45:38.8731697+01:00" testType="13cdc9d9-ddb5-4fa4-a97d-d965ccfc6d4b" outcome="Passed" testListId="8c84fa94-04c1-424b-9868-57a2d4851a1d" relativeResultsDirectory="2c0e026a-3ac0-4675-a1b0-f1a767eea32a" />
    <UnitTestResult executionId="382a2c12-cd82-475a-9991-7c94cc0a2691" testId="4eedc99a-8571-7659-b7c0-30be5370ac1a" testName="IsMatch_ShouldReturnFalse_WhenGivenFrameObjectWithMissingProperties" computerName="DKSR-EFI-06" duration="00:00:00.0019095" startTime="2024-01-09T15:44:42.6230757+01:00" endTime="2024-01-09T15:44:42.6387005+01:00" testType="13cdc9d9-ddb5-4fa4-a97d-d965ccfc6d4b" outcome="Passed" testListId="8c84fa94-04c1-424b-9868-57a2d4851a1d" relativeResultsDirectory="382a2c12-cd82-475a-9991-7c94cc0a2691" />
    <UnitTestResult executionId="77933735-282c-4d9a-8804-e2505a3fb5ca" testId="86772793-9b9c-cd53-07e7-ef942f102493" testName="GetBuiltInVehicleFilters_ShouldReturnNone_WhenThereAreNoFilters" computerName="DKSR-EFI-06" duration="00:00:00.0006072" startTime="2024-01-09T15:45:38.7637939+01:00" endTime="2024-01-09T15:45:38.7637939+01:00" testType="13cdc9d9-ddb5-4fa4-a97d-d965ccfc6d4b" outcome="Passed" testListId="8c84fa94-04c1-424b-9868-57a2d4851a1d" relativeResultsDirectory="77933735-282c-4d9a-8804-e2505a3fb5ca" />
    <UnitTestResult executionId="d6c95053-8dea-4904-a945-c15a94af8f9d" testId="b871a1c3-a33f-a67a-5049-b2b99c52d2bb" testName="Constructors_ShouldNotAllowInjectionOfNulls" computerName="DKSR-EFI-06" duration="00:00:00.0079101" startTime="2024-01-09T15:44:39.2949364+01:00" endTime="2024-01-09T15:44:39.2949364+01:00" testType="13cdc9d9-ddb5-4fa4-a97d-d965ccfc6d4b" outcome="Passed" testListId="8c84fa94-04c1-424b-9868-57a2d4851a1d" relativeResultsDirectory="d6c95053-8dea-4904-a945-c15a94af8f9d" />
    <UnitTestResult executionId="fbcc9d8c-77e9-4f16-a2c4-bfacf8cb1162" testId="118175ae-7bae-7040-c3f4-c9ec7f8f4e4d" testName="FilterObjects_ShouldReturnGroupedResult_WhenGivenConsecutiveFramesWithObjects" computerName="DKSR-EFI-06" duration="00:00:00.0311459" startTime="2024-01-09T15:44:40.4980666+01:00" endTime="2024-01-09T15:44:40.5293193+01:00" testType="13cdc9d9-ddb5-4fa4-a97d-d965ccfc6d4b" outcome="Passed" testListId="8c84fa94-04c1-424b-9868-57a2d4851a1d" relativeResultsDirectory="fbcc9d8c-77e9-4f16-a2c4-bfacf8cb1162" />
    <UnitTestResult executionId="ee024ff1-5a78-408e-995d-2517512f8c33" testId="f4b46825-b9e2-3b64-1c89-d0861b1de671" testName="IsMatch_ShouldComparecolorCorrectly_WhenGivenValidPropertyValues (red,white,False)" computerName="DKSR-EFI-06" duration="00:00:00.0007500" startTime="2024-01-09T15:44:42.5605752+01:00" endTime="2024-01-09T15:44:42.5605752+01:00" testType="13cdc9d9-ddb5-4fa4-a97d-d965ccfc6d4b" outcome="Passed" testListId="8c84fa94-04c1-424b-9868-57a2d4851a1d" relativeResultsDirectory="ee024ff1-5a78-408e-995d-2517512f8c33" />
    <UnitTestResult executionId="8f0c1101-1543-40cb-8327-b5bd8ee83d6c" testId="9060ef63-7e3c-7dab-8fd8-e26076a59f0b" testName="SearchingForHumanOrFace_ShouldReturnAllHumansInFrame_WhenSecondClassDetectedOnThierdFrame" computerName="DKSR-EFI-06" duration="00:00:00.0064276" startTime="2024-01-09T15:45:38.6700422+01:00" endTime="2024-01-09T15:45:38.6700422+01:00" testType="13cdc9d9-ddb5-4fa4-a97d-d965ccfc6d4b" outcome="Passed" testListId="8c84fa94-04c1-424b-9868-57a2d4851a1d" relativeResultsDirectory="8f0c1101-1543-40cb-8327-b5bd8ee83d6c" />
    <UnitTestResult executionId="404de65b-806d-4e4a-9c5f-4f43268e3ce6" testId="ad2e6f77-2ae3-4682-28c1-677f96916d9e" testName="SearchingForHumans_ShouldReturnOnlyHumans_WhenThereAreMultipleClassesDetected" computerName="DKSR-EFI-06" duration="00:00:00.0044962" startTime="2024-01-09T15:45:38.6387935+01:00" endTime="2024-01-09T15:45:38.6544191+01:00" testType="13cdc9d9-ddb5-4fa4-a97d-d965ccfc6d4b" outcome="Passed" testListId="8c84fa94-04c1-424b-9868-57a2d4851a1d" relativeResultsDirectory="404de65b-806d-4e4a-9c5f-4f43268e3ce6" />
    <UnitTestResult executionId="747d0c9e-fb10-4272-ba47-e6b57642d770" testId="7fd059d1-2ac1-bd30-ae00-56941e5683da" testName="IsMatch_ShouldReturnTrue_WhenClassIsMissingButSomePropertiesArePresent" computerName="DKSR-EFI-06" duration="00:00:00.0115177" startTime="2024-01-09T15:44:38.5136848+01:00" endTime="2024-01-09T15:44:38.5293118+01:00" testType="13cdc9d9-ddb5-4fa4-a97d-d965ccfc6d4b" outcome="Passed" testListId="8c84fa94-04c1-424b-9868-57a2d4851a1d" relativeResultsDirectory="747d0c9e-fb10-4272-ba47-e6b57642d770" />
    <UnitTestResult executionId="3451afd5-cac3-421e-a4e8-956e2dd6df91" testId="1feeea98-0cc7-d0ba-3efb-f1a2c25d93d9" testName="GetCustomFilters_ShouldReturnEmptyCollection_WhenFiltersAreDisabled" computerName="DKSR-EFI-06" duration="00:00:00.0018722" startTime="2024-01-09T15:45:38.7950452+01:00" endTime="2024-01-09T15:45:38.7950452+01:00" testType="13cdc9d9-ddb5-4fa4-a97d-d965ccfc6d4b" outcome="Passed" testListId="8c84fa94-04c1-424b-9868-57a2d4851a1d" relativeResultsDirectory="3451afd5-cac3-421e-a4e8-956e2dd6df91" />
    <UnitTestResult executionId="8cccd151-17ae-4c04-b2cf-6301103b7137" testId="64e5d08c-4855-37f0-f6ca-e931b091af78" testName="IsSet_ShouldBeFalse_WhenValueProviderHasNoValues" computerName="DKSR-EFI-06" duration="00:00:00.0027309" startTime="2024-01-09T15:44:39.7480647+01:00" endTime="2024-01-09T15:44:39.7480647+01:00" testType="13cdc9d9-ddb5-4fa4-a97d-d965ccfc6d4b" outcome="Passed" testListId="8c84fa94-04c1-424b-9868-57a2d4851a1d" relativeResultsDirectory="8cccd151-17ae-4c04-b2cf-6301103b7137" />
    <UnitTestResult executionId="67f19713-14cd-44b2-a7fe-ba4f421e9cad" testId="05af5647-014b-c33b-f3b5-de49c30b7af3" testName="IsEmpty_ShouldReturnFalse_WhenSearchingWithDefaults (0,10,0,9)" computerName="DKSR-EFI-06" duration="00:00:00.0004358" startTime="2024-01-09T15:44:39.5293092+01:00" endTime="2024-01-09T15:44:39.5293092+01:00" testType="13cdc9d9-ddb5-4fa4-a97d-d965ccfc6d4b" outcome="Passed" testListId="8c84fa94-04c1-424b-9868-57a2d4851a1d" relativeResultsDirectory="67f19713-14cd-44b2-a7fe-ba4f421e9cad" />
    <UnitTestResult executionId="40c60ae6-3125-4b1c-8f70-da864652c0f7" testId="472d74bc-0e25-9967-e04d-e876b91d5046" testName="IsEmpty_ShouldReturnFalse_WhenSearchingWithDefaults (0,10,1,9)" computerName="DKSR-EFI-06" duration="00:00:00.0003814" startTime="2024-01-09T15:44:39.5293092+01:00" endTime="2024-01-09T15:44:39.5293092+01:00" testType="13cdc9d9-ddb5-4fa4-a97d-d965ccfc6d4b" outcome="Passed" testListId="8c84fa94-04c1-424b-9868-57a2d4851a1d" relativeResultsDirectory="40c60ae6-3125-4b1c-8f70-da864652c0f7" />
    <UnitTestResult executionId="1358c6f1-21e4-47cc-abbd-6cc0495e53ea" testId="5024eb4a-19e1-7911-199c-b491c15e76d4" testName="GetBuiltInPersonFilters_ShouldReturnNone_WhenFiltersAreDisabled" computerName="DKSR-EFI-06" duration="00:00:00.0010875" startTime="2024-01-09T15:45:38.7481676+01:00" endTime="2024-01-09T15:45:38.7481676+01:00" testType="13cdc9d9-ddb5-4fa4-a97d-d965ccfc6d4b" outcome="Passed" testListId="8c84fa94-04c1-424b-9868-57a2d4851a1d" relativeResultsDirectory="1358c6f1-21e4-47cc-abbd-6cc0495e53ea" />
    <UnitTestResult executionId="436df845-7f8e-45c5-a606-e14799889922" testId="93ea16db-974c-28e1-088c-a5dbcd9e57e6" testName="GetValue_ShouldReturnAValue_WhenCalledWithKnownCategoryIds (7c4765c6-bd67-45a1-9e0b-84313207379c)" computerName="DKSR-EFI-06" duration="00:00:00.0002394" startTime="2024-01-09T15:45:38.8887942+01:00" endTime="2024-01-09T15:45:38.8887942+01:00" testType="13cdc9d9-ddb5-4fa4-a97d-d965ccfc6d4b" outcome="Passed" testListId="8c84fa94-04c1-424b-9868-57a2d4851a1d" relativeResultsDirectory="436df845-7f8e-45c5-a606-e14799889922" />
    <UnitTestResult executionId="60ac154a-fc5f-4135-baef-871f886466e1" testId="9f6ddcdf-929b-cb02-8911-903094987d1a" testName="IsReset_ShouldBeFalse_WhenValueIsSet" computerName="DKSR-EFI-06" duration="00:00:00.0004279" startTime="2024-01-09T15:44:39.4980600+01:00" endTime="2024-01-09T15:44:39.4980600+01:00" testType="13cdc9d9-ddb5-4fa4-a97d-d965ccfc6d4b" outcome="Passed" testListId="8c84fa94-04c1-424b-9868-57a2d4851a1d" relativeResultsDirectory="60ac154a-fc5f-4135-baef-871f886466e1" />
    <UnitTestResult executionId="e07a0aea-63ca-4fa1-9316-6377624a65b6" testId="d70d2c50-35a8-153b-b0fd-6a7b07a52dc4" testName="Parse_ShouldIgnoreElements_WhenElementPathIsNotInDeviceProfile" computerName="DKSR-EFI-06" duration="00:00:00.0008644" startTime="2024-01-09T15:44:51.1387308+01:00" endTime="2024-01-09T15:44:51.1387308+01:00" testType="13cdc9d9-ddb5-4fa4-a97d-d965ccfc6d4b" outcome="Passed" testListId="8c84fa94-04c1-424b-9868-57a2d4851a1d" relativeResultsDirectory="e07a0aea-63ca-4fa1-9316-6377624a65b6" />
    <UnitTestResult executionId="adfb48c4-d1d1-46a2-8e83-c3e076b896f8" testId="2c296588-7371-0f8d-10f8-d4e75c377bcf" testName="IsMatch_ShouldReturnTrue_WhenClassIsMatchAndThereIsNoProperties" computerName="DKSR-EFI-06" duration="00:00:00.0017580" startTime="2024-01-09T15:44:38.4980620+01:00" endTime="2024-01-09T15:44:38.5136848+01:00" testType="13cdc9d9-ddb5-4fa4-a97d-d965ccfc6d4b" outcome="Passed" testListId="8c84fa94-04c1-424b-9868-57a2d4851a1d" relativeResultsDirectory="adfb48c4-d1d1-46a2-8e83-c3e076b896f8" />
    <UnitTestResult executionId="c90b73bc-364b-4cf7-b072-38fd8996bd54" testId="75a62d1d-a8c9-5e1b-d60b-36256a029b10" testName="GetFilterValues_ShouldReturnGendersValues_WhenValueIsValid" computerName="DKSR-EFI-06" duration="00:00:00.0142985" startTime="2024-01-09T15:44:39.2324350+01:00" endTime="2024-01-09T15:44:39.2480637+01:00" testType="13cdc9d9-ddb5-4fa4-a97d-d965ccfc6d4b" outcome="Passed" testListId="8c84fa94-04c1-424b-9868-57a2d4851a1d" relativeResultsDirectory="c90b73bc-364b-4cf7-b072-38fd8996bd54" />
    <UnitTestResult executionId="4850be42-3034-4336-854a-b68bdc71b513" testId="5fdf73d2-a6c3-1d96-993b-9adde6849458" testName="Constructors_ShouldNotAllowInjectionOfNulls" computerName="DKSR-EFI-06" duration="00:00:00.0056016" startTime="2024-01-09T15:44:42.4512009+01:00" endTime="2024-01-09T15:44:42.4512009+01:00" testType="13cdc9d9-ddb5-4fa4-a97d-d965ccfc6d4b" outcome="Passed" testListId="8c84fa94-04c1-424b-9868-57a2d4851a1d" relativeResultsDirectory="4850be42-3034-4336-854a-b68bdc71b513" />
    <UnitTestResult executionId="9df73507-7693-4223-9209-eb84ee8ea894" testId="59ae0831-de2b-eb5f-53e6-48eefe23d498" testName="GetFilterValues_ShouldReturnLicensePlateValues_WhenValueIsValid" computerName="DKSR-EFI-06" duration="00:00:00.0023249" startTime="2024-01-09T15:44:39.2168118+01:00" endTime="2024-01-09T15:44:39.2168118+01:00" testType="13cdc9d9-ddb5-4fa4-a97d-d965ccfc6d4b" outcome="Passed" testListId="8c84fa94-04c1-424b-9868-57a2d4851a1d" relativeResultsDirectory="9df73507-7693-4223-9209-eb84ee8ea894" />
    <UnitTestResult executionId="5dc2490c-2e6c-4a8f-8852-86e2f7fce1b0" testId="7387974b-3fe4-d79e-08a1-e261ef11c329" testName="DoSearch_ShouldFindPeople_WhenFacePropertyIsPresent" computerName="DKSR-EFI-06" duration="00:00:02.9001369" startTime="2024-01-09T15:45:12.9825148+01:00" endTime="2024-01-09T15:45:15.8887780+01:00" testType="13cdc9d9-ddb5-4fa4-a97d-d965ccfc6d4b" outcome="Passed" testListId="8c84fa94-04c1-424b-9868-57a2d4851a1d" relativeResultsDirectory="5dc2490c-2e6c-4a8f-8852-86e2f7fce1b0" />
    <UnitTestResult executionId="d02aea09-6f3b-498d-b3cb-c8da8eb6a799" testId="c49530c6-fd33-8c08-4d62-78ab11b3b62d" testName="IsEmpty_ShouldReturnFalse_WhenSearchingWithDefaults (0,10,1,10)" computerName="DKSR-EFI-06" duration="00:00:00.0002850" startTime="2024-01-09T15:44:39.5449349+01:00" endTime="2024-01-09T15:44:39.5449349+01:00" testType="13cdc9d9-ddb5-4fa4-a97d-d965ccfc6d4b" outcome="Passed" testListId="8c84fa94-04c1-424b-9868-57a2d4851a1d" relativeResultsDirectory="d02aea09-6f3b-498d-b3cb-c8da8eb6a799" />
    <UnitTestResult executionId="11030a0d-4bc5-43e3-991b-7f28870322c7" testId="ff560f06-4b43-636c-19f0-b8b0482a5cbe" testName="Parse_ShouldThrowNamespaceException_WhenUsingUndefinedNamespace (xyz)" computerName="DKSR-EFI-06" duration="00:00:00.0024957" startTime="2024-01-09T15:44:51.1543550+01:00" endTime="2024-01-09T15:44:51.1543550+01:00" testType="13cdc9d9-ddb5-4fa4-a97d-d965ccfc6d4b" outcome="Passed" testListId="8c84fa94-04c1-424b-9868-57a2d4851a1d" relativeResultsDirectory="11030a0d-4bc5-43e3-991b-7f28870322c7" />
    <UnitTestResult executionId="6baf650a-b935-4142-b5ee-e59a4c29e70b" testId="e2c22c5f-f9e5-d636-66e8-9b5c5a9cf166" testName="DoSearch_ShouldFindVehicle_WhenColorPropertyIsPresent" computerName="DKSR-EFI-06" duration="00:00:02.8536044" startTime="2024-01-09T15:45:25.0762908+01:00" endTime="2024-01-09T15:45:27.9356691+01:00" testType="13cdc9d9-ddb5-4fa4-a97d-d965ccfc6d4b" outcome="Passed" testListId="8c84fa94-04c1-424b-9868-57a2d4851a1d" relativeResultsDirectory="6baf650a-b935-4142-b5ee-e59a4c29e70b" />
    <UnitTestResult executionId="1d4f42d5-1c6b-492c-afc4-9213098a1ae3" testId="daa10cf4-f353-3c5b-898c-b6f69a98a915" testName="IsMatch_ShouldReturnTrue_WhenAnyPropertyIsPresent" computerName="DKSR-EFI-06" duration="00:00:00.0154390" startTime="2024-01-09T15:44:38.5449361+01:00" endTime="2024-01-09T15:44:38.5605615+01:00" testType="13cdc9d9-ddb5-4fa4-a97d-d965ccfc6d4b" outcome="Passed" testListId="8c84fa94-04c1-424b-9868-57a2d4851a1d" relativeResultsDirectory="1d4f42d5-1c6b-492c-afc4-9213098a1ae3" />
    <UnitTestResult executionId="ddc5b867-a84c-4a66-8331-d6a2bee14f31" testId="a9418999-2eed-9cdf-8bb5-11564b28e54f" testName="TryParseColor_ShouldReturn_CorrectResult (&lt;?xml version=&quot;1.0&quot;?&gt; &lt;tt:Color xmlns:tt=&quot;http://www.onvif.org/ver10/schema&quot; Z = &quot;169&quot; Y = &quot;400&quot; X = &quot;169&quot; Colorspace = &quot;YCbCr&quot; /&gt;,False)" computerName="DKSR-EFI-06" duration="00:00:00.0001937" startTime="2024-01-09T15:44:42.9043271+01:00" endTime="2024-01-09T15:44:42.9043271+01:00" testType="13cdc9d9-ddb5-4fa4-a97d-d965ccfc6d4b" outcome="Passed" testListId="8c84fa94-04c1-424b-9868-57a2d4851a1d" relativeResultsDirectory="ddc5b867-a84c-4a66-8331-d6a2bee14f31" />
    <UnitTestResult executionId="9303019a-995d-405c-96fa-dcbbf2e44a67" testId="319e4aca-e1b2-abee-a664-806325ea8bcf" testName="IsMatch_ShouldReturnTrue_WhenAnyOfTheObjectsMatchThePredicate" computerName="DKSR-EFI-06" duration="00:00:00.0026051" startTime="2024-01-09T15:44:51.1699810+01:00" endTime="2024-01-09T15:44:51.1856040+01:00" testType="13cdc9d9-ddb5-4fa4-a97d-d965ccfc6d4b" outcome="Passed" testListId="8c84fa94-04c1-424b-9868-57a2d4851a1d" relativeResultsDirectory="9303019a-995d-405c-96fa-dcbbf2e44a67" />
    <UnitTestResult executionId="2d8c0f48-e679-4644-a8e5-f6599608f3a9" testId="26835654-3462-527e-b5f4-c2660674a536" testName="IsMatch_ShouldComparecolorCorrectly_WhenGivenValidPropertyValues (white,white,True)" computerName="DKSR-EFI-06" duration="00:00:00.0010029" startTime="2024-01-09T15:44:42.5449509+01:00" endTime="2024-01-09T15:44:42.5449509+01:00" testType="13cdc9d9-ddb5-4fa4-a97d-d965ccfc6d4b" outcome="Passed" testListId="8c84fa94-04c1-424b-9868-57a2d4851a1d" relativeResultsDirectory="2d8c0f48-e679-4644-a8e5-f6599608f3a9" />
    <UnitTestResult executionId="a4448eb1-127d-4608-9140-0a2a95f2f90c" testId="a8544f70-e74c-4651-b3a5-938eee84946c" testName="Constructors_ShouldNotAllowInjectionOfNulls" computerName="DKSR-EFI-06" duration="00:00:00.0015878" startTime="2024-01-09T15:45:38.8106683+01:00" endTime="2024-01-09T15:45:38.8106683+01:00" testType="13cdc9d9-ddb5-4fa4-a97d-d965ccfc6d4b" outcome="Passed" testListId="8c84fa94-04c1-424b-9868-57a2d4851a1d" relativeResultsDirectory="a4448eb1-127d-4608-9140-0a2a95f2f90c" />
    <UnitTestResult executionId="5832da56-bb51-4846-a2d0-7d0ff911b918" testId="7726250d-1a84-61d9-048c-e6c55a2403b1" testName="GetBuiltInPersonFilters_ShouldIncludeGender_WhenGenderFilterIsVisible" computerName="DKSR-EFI-06" duration="00:00:00.0007668" startTime="2024-01-09T15:45:38.7481676+01:00" endTime="2024-01-09T15:45:38.7481676+01:00" testType="13cdc9d9-ddb5-4fa4-a97d-d965ccfc6d4b" outcome="Passed" testListId="8c84fa94-04c1-424b-9868-57a2d4851a1d" relativeResultsDirectory="5832da56-bb51-4846-a2d0-7d0ff911b918" />
    <UnitTestResult executionId="8558cf3c-372a-482a-9c78-a8c309fd8618" testId="a2a230c0-8213-023a-c64e-825786530df6" testName="IsMatch_ShouldReturnFalse_WhenNestedPredicateReturnsTrue" computerName="DKSR-EFI-06" duration="00:00:00.0009131" startTime="2024-01-09T15:44:38.6543092+01:00" endTime="2024-01-09T15:44:38.6543092+01:00" testType="13cdc9d9-ddb5-4fa4-a97d-d965ccfc6d4b" outcome="Passed" testListId="8c84fa94-04c1-424b-9868-57a2d4851a1d" relativeResultsDirectory="8558cf3c-372a-482a-9c78-a8c309fd8618" />
    <UnitTestResult executionId="a44dddb9-d644-4b50-9fda-e820a374d7b0" testId="1b6fb41b-ddea-df7a-5182-4b37b5fea72f" testName="IsMatch_ShouldReturnTrue_WhenObjectElementHasCorrectValueWithPrefix" computerName="DKSR-EFI-06" duration="00:00:00.0013236" startTime="2024-01-09T15:44:42.7480747+01:00" endTime="2024-01-09T15:44:42.7480747+01:00" testType="13cdc9d9-ddb5-4fa4-a97d-d965ccfc6d4b" outcome="Passed" testListId="8c84fa94-04c1-424b-9868-57a2d4851a1d" relativeResultsDirectory="a44dddb9-d644-4b50-9fda-e820a374d7b0" />
    <UnitTestResult executionId="23cbc704-bb42-444d-8fe8-319a04156ee4" testId="3b462b8a-5d11-83b0-229a-e2949d34ba78" testName="ResetValue_ShouldSet_ConfigurationValues" computerName="DKSR-EFI-06" duration="00:00:00.0018672" startTime="2024-01-09T15:44:39.5136877+01:00" endTime="2024-01-09T15:44:39.5136877+01:00" testType="13cdc9d9-ddb5-4fa4-a97d-d965ccfc6d4b" outcome="Passed" testListId="8c84fa94-04c1-424b-9868-57a2d4851a1d" relativeResultsDirectory="23cbc704-bb42-444d-8fe8-319a04156ee4" />
    <UnitTestResult executionId="076f2057-14b8-4665-9351-584a7a6211d5" testId="d008ea7c-7946-fcc4-ce52-21d8e24e6514" testName="GetEnabledFilters_ShouldReturnEmptyCollection_WhenAllFiltersAreDisabled" computerName="DKSR-EFI-06" duration="00:00:00.0012421" startTime="2024-01-09T15:45:38.7325436+01:00" endTime="2024-01-09T15:45:38.7325436+01:00" testType="13cdc9d9-ddb5-4fa4-a97d-d965ccfc6d4b" outcome="Passed" testListId="8c84fa94-04c1-424b-9868-57a2d4851a1d" relativeResultsDirectory="076f2057-14b8-4665-9351-584a7a6211d5" />
    <UnitTestResult executionId="211113fe-7b54-4266-bdca-876ceaab15a0" testId="d4442990-a3df-baa3-1e90-cb79c9f1e4b8" testName="IsMatch_ShouldReturnFalse_WhenClassIsNotMatchButPropertiesMatch" computerName="DKSR-EFI-06" duration="00:00:00.0048876" startTime="2024-01-09T15:44:38.5761861+01:00" endTime="2024-01-09T15:44:38.5918114+01:00" testType="13cdc9d9-ddb5-4fa4-a97d-d965ccfc6d4b" outcome="Passed" testListId="8c84fa94-04c1-424b-9868-57a2d4851a1d" relativeResultsDirectory="211113fe-7b54-4266-bdca-876ceaab15a0" />
    <UnitTestResult executionId="3c6a7fd8-06c5-4e24-8f80-b6d83512f809" testId="08b1bf9e-be72-ae61-10ac-a223a01bc21f" testName="ProcessNewFrame_ShouldReturnSequences_WhenObjectNotSeenOnLastFrame" computerName="DKSR-EFI-06" duration="00:00:00.0030704" startTime="2024-01-09T15:44:42.4199500+01:00" endTime="2024-01-09T15:44:42.4199500+01:00" testType="13cdc9d9-ddb5-4fa4-a97d-d965ccfc6d4b" outcome="Passed" testListId="8c84fa94-04c1-424b-9868-57a2d4851a1d" relativeResultsDirectory="3c6a7fd8-06c5-4e24-8f80-b6d83512f809" />
    <UnitTestResult executionId="6a890991-9897-4368-a577-12ca63e9743a" testId="99836a99-a682-ea7d-351b-10435293e2a3" testName="GetBuiltInPersonFilters_ShouldReturnNone_WhenCategoryIsNotPeople" computerName="DKSR-EFI-06" duration="00:00:00.0035779" startTime="2024-01-09T15:45:38.7325436+01:00" endTime="2024-01-09T15:45:38.7325436+01:00" testType="13cdc9d9-ddb5-4fa4-a97d-d965ccfc6d4b" outcome="Passed" testListId="8c84fa94-04c1-424b-9868-57a2d4851a1d" relativeResultsDirectory="6a890991-9897-4368-a577-12ca63e9743a" />
    <UnitTestResult executionId="4644e08f-216f-4221-a74d-474b6bcc9166" testId="39802328-f556-6b54-5599-280cc970a40a" testName="Reset_ShouldTurnAllValuesToZero" computerName="DKSR-EFI-06" duration="00:00:00.0008477" startTime="2024-01-09T15:44:39.4980600+01:00" endTime="2024-01-09T15:44:39.4980600+01:00" testType="13cdc9d9-ddb5-4fa4-a97d-d965ccfc6d4b" outcome="Passed" testListId="8c84fa94-04c1-424b-9868-57a2d4851a1d" relativeResultsDirectory="4644e08f-216f-4221-a74d-474b6bcc9166" />
    <UnitTestResult executionId="dfe49d12-9cd2-4874-915a-cd6358e1941b" testId="8e47cb19-d8fb-e1bd-4851-85aa2bb18d82" testName="IsMatch_ShouldComparecolorCorrectly_WhenGivenValidPropertyValues (white,red,False)" computerName="DKSR-EFI-06" duration="00:00:00.0007872" startTime="2024-01-09T15:44:42.5605752+01:00" endTime="2024-01-09T15:44:42.5605752+01:00" testType="13cdc9d9-ddb5-4fa4-a97d-d965ccfc6d4b" outcome="Passed" testListId="8c84fa94-04c1-424b-9868-57a2d4851a1d" relativeResultsDirectory="dfe49d12-9cd2-4874-915a-cd6358e1941b" />
    <UnitTestResult executionId="8a50051f-def8-4cd3-a8d6-ddc78c7f71a3" testId="4717940b-70e7-af53-87ae-1477ce157ab3" testName="IsMatch_ShouldReturnFalse_WhenObjectElementHasNoProperty" computerName="DKSR-EFI-06" duration="00:00:00.0026069" startTime="2024-01-09T15:44:42.7793282+01:00" endTime="2024-01-09T15:44:42.7793282+01:00" testType="13cdc9d9-ddb5-4fa4-a97d-d965ccfc6d4b" outcome="Passed" testListId="8c84fa94-04c1-424b-9868-57a2d4851a1d" relativeResultsDirectory="8a50051f-def8-4cd3-a8d6-ddc78c7f71a3" />
    <UnitTestResult executionId="aeb45e4a-6ba0-40bd-9ee5-15384a82db1c" testId="bc20fac5-e535-e107-1517-42154988b39f" testName="CreateGuid_ShouldReturnGuid_WhenDeviceIdIsEmptyString" computerName="DKSR-EFI-06" duration="00:00:00.0008742" startTime="2024-01-09T15:44:40.4511944+01:00" endTime="2024-01-09T15:44:40.4511944+01:00" testType="13cdc9d9-ddb5-4fa4-a97d-d965ccfc6d4b" outcome="Passed" testListId="8c84fa94-04c1-424b-9868-57a2d4851a1d" relativeResultsDirectory="aeb45e4a-6ba0-40bd-9ee5-15384a82db1c" />
    <UnitTestResult executionId="21753311-34c8-4cc3-bbb7-6fbc9617e113" testId="acd20d9c-932c-04b3-af3f-0c21e5fe86ad" testName="GetBoundingBox_ShouldReturnNull_WhenGivenFrameObjectWithNoPolygon" computerName="DKSR-EFI-06" duration="00:00:00.0007266" startTime="2024-01-09T15:44:40.0918144+01:00" endTime="2024-01-09T15:44:40.0918144+01:00" testType="13cdc9d9-ddb5-4fa4-a97d-d965ccfc6d4b" outcome="Passed" testListId="8c84fa94-04c1-424b-9868-57a2d4851a1d" relativeResultsDirectory="21753311-34c8-4cc3-bbb7-6fbc9617e113" />
    <UnitTestResult executionId="8c80e9ed-86bf-4941-978a-d44b8a4322da" testId="a3f171ab-0da7-1470-4237-86f0955fbc3d" testName="CreateValue_ShouldReturnEmptySelectionFilterValue" computerName="DKSR-EFI-06" duration="00:00:00.0124033" startTime="2024-01-09T15:44:39.3730625+01:00" endTime="2024-01-09T15:44:39.3886879+01:00" testType="13cdc9d9-ddb5-4fa4-a97d-d965ccfc6d4b" outcome="Passed" testListId="8c84fa94-04c1-424b-9868-57a2d4851a1d" relativeResultsDirectory="8c80e9ed-86bf-4941-978a-d44b8a4322da" />
    <UnitTestResult executionId="860959a2-447b-44dd-b09a-60dbe86ce583" testId="c7d0d433-8fb4-b311-73f3-25f624bf7e4f" testName="IsMatch_ShouldCompareDistanceCorrectly_WhenGivenValidPropertyValues (44.401012,55.211361,-73.848847,-84.959958,44.400888,-73.849034,0.1,True)" computerName="DKSR-EFI-06" duration="00:00:00.0035204" startTime="2024-01-09T15:44:42.6543252+01:00" endTime="2024-01-09T15:44:42.6543252+01:00" testType="13cdc9d9-ddb5-4fa4-a97d-d965ccfc6d4b" outcome="Passed" testListId="8c84fa94-04c1-424b-9868-57a2d4851a1d" relativeResultsDirectory="860959a2-447b-44dd-b09a-60dbe86ce583" />
    <UnitTestResult executionId="74dbb967-d68f-4fc9-8499-a939cc2aeef1" testId="98cc04cf-3e04-5ceb-eb18-d3c46c9a9b8c" testName="ObjectId_ShouldBeTheIdOfFirstObject" computerName="DKSR-EFI-06" duration="00:00:00.0011137" startTime="2024-01-09T15:44:51.2012299+01:00" endTime="2024-01-09T15:44:51.2012299+01:00" testType="13cdc9d9-ddb5-4fa4-a97d-d965ccfc6d4b" outcome="Passed" testListId="8c84fa94-04c1-424b-9868-57a2d4851a1d" relativeResultsDirectory="74dbb967-d68f-4fc9-8499-a939cc2aeef1" />
    <UnitTestResult executionId="9c8d4755-9e17-4f1e-ada6-cc78406c9e06" testId="6e7ac689-cb41-501a-56e5-e412d3681949" testName="Constructors_ShouldNotAllowInjectionOfNulls" computerName="DKSR-EFI-06" duration="00:00:00.0006305" startTime="2024-01-09T15:44:51.0293568+01:00" endTime="2024-01-09T15:44:51.0293568+01:00" testType="13cdc9d9-ddb5-4fa4-a97d-d965ccfc6d4b" outcome="Passed" testListId="8c84fa94-04c1-424b-9868-57a2d4851a1d" relativeResultsDirectory="9c8d4755-9e17-4f1e-ada6-cc78406c9e06" />
    <UnitTestResult executionId="bcd7a7fd-79b9-4a24-85c2-655a16cd68c0" testId="e3b5a555-0dc0-d931-7cf8-f77a2a46c06d" testName="IsMatch_ShouldReturnTrue_WhenValueHasDecimalDot" computerName="DKSR-EFI-06" duration="00:00:00.0013970" startTime="2024-01-09T15:44:42.5762009+01:00" endTime="2024-01-09T15:44:42.5762009+01:00" testType="13cdc9d9-ddb5-4fa4-a97d-d965ccfc6d4b" outcome="Passed" testListId="8c84fa94-04c1-424b-9868-57a2d4851a1d" relativeResultsDirectory="bcd7a7fd-79b9-4a24-85c2-655a16cd68c0" />
    <UnitTestResult executionId="5e748ec9-7840-4ddd-953e-8b2f0e77e83c" testId="0a5e01e2-9d0f-c7b5-ebf8-fbb00b3697b9" testName="GetValue_ShouldReturnAValue_WhenCalledWithKnownCategoryIds (de799eaa-7564-4882-8e86-b0fa85919559)" computerName="DKSR-EFI-06" duration="00:00:00.0000095" startTime="2024-01-09T15:45:38.8887942+01:00" endTime="2024-01-09T15:45:38.8887942+01:00" testType="13cdc9d9-ddb5-4fa4-a97d-d965ccfc6d4b" outcome="Passed" testListId="8c84fa94-04c1-424b-9868-57a2d4851a1d" relativeResultsDirectory="5e748ec9-7840-4ddd-953e-8b2f0e77e83c" />
    <UnitTestResult executionId="97f6fbfd-e302-42b4-b1e5-2c6b9987c186" testId="59dac37e-2ea8-9db7-5b85-e17ebf1e786c" testName="IsSet_ShouldBeFalse_WhenValueProviderHasNoValues" computerName="DKSR-EFI-06" duration="00:00:00.0017126" startTime="2024-01-09T15:44:39.7793137+01:00" endTime="2024-01-09T15:44:39.7793137+01:00" testType="13cdc9d9-ddb5-4fa4-a97d-d965ccfc6d4b" outcome="Passed" testListId="8c84fa94-04c1-424b-9868-57a2d4851a1d" relativeResultsDirectory="97f6fbfd-e302-42b4-b1e5-2c6b9987c186" />
    <UnitTestResult executionId="aaa34545-b6f4-469d-a707-436446c551a9" testId="759c07ed-5743-04f3-61c1-8ed09d840e87" testName="GetMetadataObjectsAsync_ShouldReturnMetadataObject_WithCorrectId" computerName="DKSR-EFI-06" duration="00:00:00.0137299" startTime="2024-01-09T15:44:42.3887411+01:00" endTime="2024-01-09T15:44:42.4043246+01:00" testType="13cdc9d9-ddb5-4fa4-a97d-d965ccfc6d4b" outcome="Passed" testListId="8c84fa94-04c1-424b-9868-57a2d4851a1d" relativeResultsDirectory="aaa34545-b6f4-469d-a707-436446c551a9" />
    <UnitTestResult executionId="0ac90945-a60b-45d1-80fe-7f21995a1775" testId="715f99b4-c869-387c-2b86-3b537d7fcdc6" testName="GetFilterValues_ShouldReturnEmptyEnumeration_WhenValueIsNull" computerName="DKSR-EFI-06" duration="00:00:00.0030475" startTime="2024-01-09T15:44:39.2168118+01:00" endTime="2024-01-09T15:44:39.2168118+01:00" testType="13cdc9d9-ddb5-4fa4-a97d-d965ccfc6d4b" outcome="Passed" testListId="8c84fa94-04c1-424b-9868-57a2d4851a1d" relativeResultsDirectory="0ac90945-a60b-45d1-80fe-7f21995a1775" />
    <UnitTestResult executionId="67b18c60-e4a0-4af5-a24c-9768f12f2ffb" testId="0debfba1-dbbf-07fb-f280-fce96076f293" testName="TryParseColor_ShouldReturn_CorrectResult (#FF00FFFF,False)" computerName="DKSR-EFI-06" duration="00:00:00.0001180" startTime="2024-01-09T15:44:42.9199534+01:00" endTime="2024-01-09T15:44:42.9199534+01:00" testType="13cdc9d9-ddb5-4fa4-a97d-d965ccfc6d4b" outcome="Passed" testListId="8c84fa94-04c1-424b-9868-57a2d4851a1d" relativeResultsDirectory="67b18c60-e4a0-4af5-a24c-9768f12f2ffb" />
    <UnitTestResult executionId="d354a6a9-e9af-4de6-b79f-917269cc2f0e" testId="20ec1541-8979-9379-2a80-d7b4208b9361" testName="Constructors_ShouldNotAllowInjectionOfNulls" computerName="DKSR-EFI-06" duration="00:00:00.0171590" startTime="2024-01-09T15:44:39.0449359+01:00" endTime="2024-01-09T15:44:39.0605646+01:00" testType="13cdc9d9-ddb5-4fa4-a97d-d965ccfc6d4b" outcome="Passed" testListId="8c84fa94-04c1-424b-9868-57a2d4851a1d" relativeResultsDirectory="d354a6a9-e9af-4de6-b79f-917269cc2f0e" />
    <UnitTestResult executionId="011983f8-e743-4e14-a4c6-92c3e7da974d" testId="88d00cd5-71b0-b9c3-46be-f4b881b44514" testName="GetCustomFilters_ShouldReturnAllEnabledFilters" computerName="DKSR-EFI-06" duration="00:00:00.0029286" startTime="2024-01-09T15:45:38.7950452+01:00" endTime="2024-01-09T15:45:38.7950452+01:00" testType="13cdc9d9-ddb5-4fa4-a97d-d965ccfc6d4b" outcome="Passed" testListId="8c84fa94-04c1-424b-9868-57a2d4851a1d" relativeResultsDirectory="011983f8-e743-4e14-a4c6-92c3e7da974d" />
    <UnitTestResult executionId="c38a939d-56c3-4e47-90e3-9cd59d1529c9" testId="15df3a5f-787a-e106-63fa-d3d5eddfdf0c" testName="Constructors_ShouldNotAllowInjectionOfNulls_ForProperties" computerName="DKSR-EFI-06" duration="00:00:00.0012079" startTime="2024-01-09T15:44:51.0449804+01:00" endTime="2024-01-09T15:44:51.0449804+01:00" testType="13cdc9d9-ddb5-4fa4-a97d-d965ccfc6d4b" outcome="Passed" testListId="8c84fa94-04c1-424b-9868-57a2d4851a1d" relativeResultsDirectory="c38a939d-56c3-4e47-90e3-9cd59d1529c9" />
    <UnitTestResult executionId="9f29a25a-0f58-4f6b-aa9b-cf0abf979a1f" testId="127108ad-a23a-01af-0f57-d0e23c2fc6ee" testName="CreateAgents_ShouldNotShowCategory_WhenNotSpecifiedInConfiguration" computerName="DKSR-EFI-06" duration="00:00:00.0020104" startTime="2024-01-09T15:44:42.9824529+01:00" endTime="2024-01-09T15:44:42.9824529+01:00" testType="13cdc9d9-ddb5-4fa4-a97d-d965ccfc6d4b" outcome="Passed" testListId="8c84fa94-04c1-424b-9868-57a2d4851a1d" relativeResultsDirectory="9f29a25a-0f58-4f6b-aa9b-cf0abf979a1f" />
    <UnitTestResult executionId="a4967a0b-ef0a-4059-bf1d-0f0b5b60d7b6" testId="80063462-e74f-69b5-ae3f-439fe54d3096" testName="GetSearchPredicate_ShouldCallFactoryWithCorrectPropertyName" computerName="DKSR-EFI-06" duration="00:00:00.0146659" startTime="2024-01-09T15:44:39.7168112+01:00" endTime="2024-01-09T15:44:39.7324423+01:00" testType="13cdc9d9-ddb5-4fa4-a97d-d965ccfc6d4b" outcome="Passed" testListId="8c84fa94-04c1-424b-9868-57a2d4851a1d" relativeResultsDirectory="a4967a0b-ef0a-4059-bf1d-0f0b5b60d7b6" />
    <UnitTestResult executionId="3fba4adf-eaca-4562-bf3b-ab483ee1f28c" testId="f2e5dcae-4196-f969-0006-b52c9b394114" testName="TryParseColor_ShouldReturn_CorrectResult (#ff220011,True)" computerName="DKSR-EFI-06" duration="00:00:00.0096270" startTime="2024-01-09T15:44:42.8262011+01:00" endTime="2024-01-09T15:44:42.8418282+01:00" testType="13cdc9d9-ddb5-4fa4-a97d-d965ccfc6d4b" outcome="Passed" testListId="8c84fa94-04c1-424b-9868-57a2d4851a1d" relativeResultsDirectory="3fba4adf-eaca-4562-bf3b-ab483ee1f28c" />
    <UnitTestResult executionId="8a13bd52-9f84-4c29-b72e-6ab7fe0937b8" testId="16a27c04-08e6-c7c5-778f-2dd89f9d8f2c" testName="DoSearch_ShouldContinueSearching_WhenFrameContainsNonWellFormedXml" computerName="DKSR-EFI-06" duration="00:00:02.4545794" startTime="2024-01-09T15:44:51.2168550+01:00" endTime="2024-01-09T15:44:53.6699848+01:00" testType="13cdc9d9-ddb5-4fa4-a97d-d965ccfc6d4b" outcome="Passed" testListId="8c84fa94-04c1-424b-9868-57a2d4851a1d" relativeResultsDirectory="8a13bd52-9f84-4c29-b72e-6ab7fe0937b8" />
    <UnitTestResult executionId="260f37d5-5ad3-4884-8d30-a8c603e83ab0" testId="8bb1fdac-bd2f-7ceb-1472-b2242404b945" testName="Constructors_ShouldNotAllowInjectionOfNulls" computerName="DKSR-EFI-06" duration="00:00:00.0023120" startTime="2024-01-09T15:44:51.0762322+01:00" endTime="2024-01-09T15:44:51.0762322+01:00" testType="13cdc9d9-ddb5-4fa4-a97d-d965ccfc6d4b" outcome="Passed" testListId="8c84fa94-04c1-424b-9868-57a2d4851a1d" relativeResultsDirectory="260f37d5-5ad3-4884-8d30-a8c603e83ab0" />
    <UnitTestResult executionId="23644f0b-77ee-4914-b03a-ad799a97ad9d" testId="43632830-56b5-2c25-4520-e4973c4ca2ed" testName="BoundingShape_ShouldBeTheBoundingShapeOfFirstObject" computerName="DKSR-EFI-06" duration="00:00:00.0019639" startTime="2024-01-09T15:44:51.2012299+01:00" endTime="2024-01-09T15:44:51.2012299+01:00" testType="13cdc9d9-ddb5-4fa4-a97d-d965ccfc6d4b" outcome="Passed" testListId="8c84fa94-04c1-424b-9868-57a2d4851a1d" relativeResultsDirectory="23644f0b-77ee-4914-b03a-ad799a97ad9d" />
    <UnitTestResult executionId="d3d191ee-272c-4825-a1c4-97185ee9fcb9" testId="e41f9d28-d915-2bd2-26d6-870d7a6aa89e" testName="Parse_ShouldHandleXml_WithoutProperties" computerName="DKSR-EFI-06" duration="00:00:00.0026556" startTime="2024-01-09T15:44:51.1231044+01:00" endTime="2024-01-09T15:44:51.1231044+01:00" testType="13cdc9d9-ddb5-4fa4-a97d-d965ccfc6d4b" outcome="Passed" testListId="8c84fa94-04c1-424b-9868-57a2d4851a1d" relativeResultsDirectory="d3d191ee-272c-4825-a1c4-97185ee9fcb9" />
    <UnitTestResult executionId="023bc248-5f0a-4fa2-8e0d-66acb2589fd7" testId="c6780686-1c61-1715-7689-c3e60389158d" testName="TryParseColor_ShouldReturn_CorrectResult (&lt;?xml version=&quot;1.0&quot;?&gt; &lt;tt:Color xmlns:tt=&quot;http://www.onvif.org/ver10/schema&quot; Z = &quot;169&quot; Y = &quot;169&quot; X = &quot;400&quot; Colorspace = &quot;YCbCr&quot; /&gt;,False)" computerName="DKSR-EFI-06" duration="00:00:00.0001878" startTime="2024-01-09T15:44:42.9043271+01:00" endTime="2024-01-09T15:44:42.9043271+01:00" testType="13cdc9d9-ddb5-4fa4-a97d-d965ccfc6d4b" outcome="Passed" testListId="8c84fa94-04c1-424b-9868-57a2d4851a1d" relativeResultsDirectory="023bc248-5f0a-4fa2-8e0d-66acb2589fd7" />
    <UnitTestResult executionId="c6ffbf80-22c0-430a-9808-e94685b2d9f0" testId="0d1382de-8a3f-49e3-aa2b-30b95d9909dc" testName="GetFilterValues_ShouldReturnEmptyEnumeration_WhenValueIsEmpty" computerName="DKSR-EFI-06" duration="00:00:00.0027702" startTime="2024-01-09T15:44:38.7793117+01:00" endTime="2024-01-09T15:44:38.7793117+01:00" testType="13cdc9d9-ddb5-4fa4-a97d-d965ccfc6d4b" outcome="Passed" testListId="8c84fa94-04c1-424b-9868-57a2d4851a1d" relativeResultsDirectory="c6ffbf80-22c0-430a-9808-e94685b2d9f0" />
    <UnitTestResult executionId="67c1f6db-be71-494c-8718-68ad07a2c161" testId="1aa1508b-28e5-149e-b5d8-a4a3199d0e66" testName="DoSearch_ShouldFindCorrectPeopleSequenceGrouping_WhenAgePropertyIsPresent" computerName="DKSR-EFI-06" duration="00:00:02.4747233" startTime="2024-01-09T15:44:53.6699848+01:00" endTime="2024-01-09T15:44:56.1387416+01:00" testType="13cdc9d9-ddb5-4fa4-a97d-d965ccfc6d4b" outcome="Passed" testListId="8c84fa94-04c1-424b-9868-57a2d4851a1d" relativeResultsDirectory="67c1f6db-be71-494c-8718-68ad07a2c161" />
    <UnitTestResult executionId="2fa05432-f9c9-492f-92c6-89863af6f68c" testId="fd7a8bbd-54c4-4946-4b33-4404ccf9c270" testName="Constructors_ShouldNotAllowInjectionOfNulls" computerName="DKSR-EFI-06" duration="00:00:00.0050934" startTime="2024-01-09T15:44:51.1231044+01:00" endTime="2024-01-09T15:44:51.1231044+01:00" testType="13cdc9d9-ddb5-4fa4-a97d-d965ccfc6d4b" outcome="Passed" testListId="8c84fa94-04c1-424b-9868-57a2d4851a1d" relativeResultsDirectory="2fa05432-f9c9-492f-92c6-89863af6f68c" />
    <UnitTestResult executionId="d579b297-032d-4b56-ac6b-0e480efa0cea" testId="02f53f5d-cdf9-1de7-3874-5dd51d152c85" testName="GetBoundingShapesAsync_ShouldReturnNull_WhenGivenFrameObjectWithNoBoundingShapes" computerName="DKSR-EFI-06" duration="00:00:00.0035355" startTime="2024-01-09T15:44:42.3730728+01:00" endTime="2024-01-09T15:44:42.3887411+01:00" testType="13cdc9d9-ddb5-4fa4-a97d-d965ccfc6d4b" outcome="Passed" testListId="8c84fa94-04c1-424b-9868-57a2d4851a1d" relativeResultsDirectory="d579b297-032d-4b56-ac6b-0e480efa0cea" />
    <UnitTestResult executionId="c568d5b3-7a0c-4054-b192-83e5a157bd9f" testId="62422b45-6ca8-e5f2-acdb-9028e1f7779e" testName="ResetValue_ShouldResetValue" computerName="DKSR-EFI-06" duration="00:00:00.0025175" startTime="2024-01-09T15:44:39.3261876+01:00" endTime="2024-01-09T15:44:39.3261876+01:00" testType="13cdc9d9-ddb5-4fa4-a97d-d965ccfc6d4b" outcome="Passed" testListId="8c84fa94-04c1-424b-9868-57a2d4851a1d" relativeResultsDirectory="c568d5b3-7a0c-4054-b192-83e5a157bd9f" />
    <UnitTestResult executionId="2e576cb9-cf5c-4bee-8947-ca4bf3492382" testId="886227de-8ea1-2ab6-c107-f15ffa23f1e2" testName="Reset_ShouldMakeIsResetTrue" computerName="DKSR-EFI-06" duration="00:00:00.0003273" startTime="2024-01-09T15:44:39.4980600+01:00" endTime="2024-01-09T15:44:39.4980600+01:00" testType="13cdc9d9-ddb5-4fa4-a97d-d965ccfc6d4b" outcome="Passed" testListId="8c84fa94-04c1-424b-9868-57a2d4851a1d" relativeResultsDirectory="2e576cb9-cf5c-4bee-8947-ca4bf3492382" />
    <UnitTestResult executionId="a8aaa322-cfc3-43e2-a4bd-b4efe5852543" testId="4159a119-791f-95a8-3b26-2311b7b6e23a" testName="IsMatch_ShouldReturnFalse_WhenClassIsNotMatch" computerName="DKSR-EFI-06" duration="00:00:00.0056158" startTime="2024-01-09T15:44:38.5605615+01:00" endTime="2024-01-09T15:44:38.5761861+01:00" testType="13cdc9d9-ddb5-4fa4-a97d-d965ccfc6d4b" outcome="Passed" testListId="8c84fa94-04c1-424b-9868-57a2d4851a1d" relativeResultsDirectory="a8aaa322-cfc3-43e2-a4bd-b4efe5852543" />
    <UnitTestResult executionId="59601e50-017e-4714-96af-7ba27ce69420" testId="a88a4f36-9fe9-3a9d-de99-ff643074a031" testName="DoSearch_ShouldFindPeople_WhenClassIsPerson" computerName="DKSR-EFI-06" duration="00:00:02.7450126" startTime="2024-01-09T15:45:01.8262946+01:00" endTime="2024-01-09T15:45:04.5762522+01:00" testType="13cdc9d9-ddb5-4fa4-a97d-d965ccfc6d4b" outcome="Passed" testListId="8c84fa94-04c1-424b-9868-57a2d4851a1d" relativeResultsDirectory="59601e50-017e-4714-96af-7ba27ce69420" />
    <UnitTestResult executionId="d297915c-9372-4956-bfae-3b32e7360a2b" testId="31a9e5b9-5dae-2169-816a-49e71f1970b4" testName="Constructors_ShouldNotAllowInjectionOfNulls" computerName="DKSR-EFI-06" duration="00:00:00.0068604" startTime="2024-01-09T15:44:38.6230624+01:00" endTime="2024-01-09T15:44:38.6230624+01:00" testType="13cdc9d9-ddb5-4fa4-a97d-d965ccfc6d4b" outcome="Passed" testListId="8c84fa94-04c1-424b-9868-57a2d4851a1d" relativeResultsDirectory="d297915c-9372-4956-bfae-3b32e7360a2b" />
    <UnitTestResult executionId="6206de36-c6de-428f-a023-e5cb34b04774" testId="293b32bd-fbf2-4184-a225-176afa528e30" testName="IsMatch_ShouldCompareDistanceCorrectly_WhenGivenValidPropertyValues (44.401012,-73.848847,45.549302,-73.632118,0.1,False)" computerName="DKSR-EFI-06" duration="00:00:00.0032930" startTime="2024-01-09T15:44:42.7012008+01:00" endTime="2024-01-09T15:44:42.7012008+01:00" testType="13cdc9d9-ddb5-4fa4-a97d-d965ccfc6d4b" outcome="Passed" testListId="8c84fa94-04c1-424b-9868-57a2d4851a1d" relativeResultsDirectory="6206de36-c6de-428f-a023-e5cb34b04774" />
    <UnitTestResult executionId="6f309adb-97a3-45eb-869b-cf3a2a6fd006" testId="d0dea217-f485-5464-00b4-b2caf40f1cdd" testName="IsSet_ShouldBeTrue_WhenValueIsValid" computerName="DKSR-EFI-06" duration="00:00:00.0029310" startTime="2024-01-09T15:44:39.7480647+01:00" endTime="2024-01-09T15:44:39.7480647+01:00" testType="13cdc9d9-ddb5-4fa4-a97d-d965ccfc6d4b" outcome="Passed" testListId="8c84fa94-04c1-424b-9868-57a2d4851a1d" relativeResultsDirectory="6f309adb-97a3-45eb-869b-cf3a2a6fd006" />
    <UnitTestResult executionId="aba7a366-b004-41e2-b96e-6a3b34593ac5" testId="bf1c7396-458f-abe1-7cd5-70f800f62e68" testName="GetBuiltInVehicleFilters_ShouldReturnNone_WhenFiltersAreDisabled" computerName="DKSR-EFI-06" duration="00:00:00.0009111" startTime="2024-01-09T15:45:38.7637939+01:00" endTime="2024-01-09T15:45:38.7637939+01:00" testType="13cdc9d9-ddb5-4fa4-a97d-d965ccfc6d4b" outcome="Passed" testListId="8c84fa94-04c1-424b-9868-57a2d4851a1d" relativeResultsDirectory="aba7a366-b004-41e2-b96e-6a3b34593ac5" />
    <UnitTestResult executionId="6c3ce359-38a8-4f72-b3f7-c9c7b7101fe7" testId="921f7712-02a5-e3f4-e3d7-c54c64e6988d" testName="GetSearchPredicate_ShouldReturnPredicateFromFactory" computerName="DKSR-EFI-06" duration="00:00:00.0067507" startTime="2024-01-09T15:44:39.7324423+01:00" endTime="2024-01-09T15:44:39.7480647+01:00" testType="13cdc9d9-ddb5-4fa4-a97d-d965ccfc6d4b" outcome="Passed" testListId="8c84fa94-04c1-424b-9868-57a2d4851a1d" relativeResultsDirectory="6c3ce359-38a8-4f72-b3f7-c9c7b7101fe7" />
    <UnitTestResult executionId="2f4c0003-68f8-4d0e-846c-a6932d045114" testId="02e92061-ff27-3ac2-c64c-a7dea7592a97" testName="IsMatch_ShouldComparecolorCorrectly_WhenGivenValidPropertyValues (white,Red,white,True)" computerName="DKSR-EFI-06" duration="00:00:00.0008425" startTime="2024-01-09T15:44:42.5449509+01:00" endTime="2024-01-09T15:44:42.5449509+01:00" testType="13cdc9d9-ddb5-4fa4-a97d-d965ccfc6d4b" outcome="Passed" testListId="8c84fa94-04c1-424b-9868-57a2d4851a1d" relativeResultsDirectory="2f4c0003-68f8-4d0e-846c-a6932d045114" />
    <UnitTestResult executionId="b310e519-b570-4ab2-9979-cec7901e457f" testId="84a6a636-074f-0b50-475c-d1c3182a365f" testName="IsMatch_ShouldReturnTrue_WhenObjectElementHasFullyMatchingProperty" computerName="DKSR-EFI-06" duration="00:00:00.0014285" startTime="2024-01-09T15:44:42.7793282+01:00" endTime="2024-01-09T15:44:42.7793282+01:00" testType="13cdc9d9-ddb5-4fa4-a97d-d965ccfc6d4b" outcome="Passed" testListId="8c84fa94-04c1-424b-9868-57a2d4851a1d" relativeResultsDirectory="b310e519-b570-4ab2-9979-cec7901e457f" />
    <UnitTestResult executionId="5ce7fe37-0cf9-4a94-9893-c90522e92e03" testId="ec446803-cb19-fae8-612f-032138cfb6cb" testName="DoSearch_ShouldFindPeople_WhenHeightPropertyIsPresent" computerName="DKSR-EFI-06" duration="00:00:02.6486429" startTime="2024-01-09T15:45:07.5918787+01:00" endTime="2024-01-09T15:45:10.2481336+01:00" testType="13cdc9d9-ddb5-4fa4-a97d-d965ccfc6d4b" outcome="Passed" testListId="8c84fa94-04c1-424b-9868-57a2d4851a1d" relativeResultsDirectory="5ce7fe37-0cf9-4a94-9893-c90522e92e03" />
    <UnitTestResult executionId="e8f46fd7-4607-4ad5-ba8c-4cb641e98a05" testId="5a5e812e-c4e9-175f-6bcb-96456d94eb2a" testName="DoSearch_ShouldFindLocation_WhenCategoryPresent" computerName="DKSR-EFI-06" duration="00:00:02.6957036" startTime="2024-01-09T15:45:35.9044194+01:00" endTime="2024-01-09T15:45:38.5919189+01:00" testType="13cdc9d9-ddb5-4fa4-a97d-d965ccfc6d4b" outcome="Passed" testListId="8c84fa94-04c1-424b-9868-57a2d4851a1d" relativeResultsDirectory="e8f46fd7-4607-4ad5-ba8c-4cb641e98a05" />
    <UnitTestResult executionId="64d175d9-7ae3-4e8c-ab89-48a4a15445a8" testId="9d10d3f2-3073-a06b-e5b7-c3d98c547c35" testName="GetMatchingObjects_ShouldReturnEmptyCollection_IfItContainsNoObjects" computerName="DKSR-EFI-06" duration="00:00:00.0022258" startTime="2024-01-09T15:44:51.0762322+01:00" endTime="2024-01-09T15:44:51.0762322+01:00" testType="13cdc9d9-ddb5-4fa4-a97d-d965ccfc6d4b" outcome="Passed" testListId="8c84fa94-04c1-424b-9868-57a2d4851a1d" relativeResultsDirectory="64d175d9-7ae3-4e8c-ab89-48a4a15445a8" />
    <UnitTestResult executionId="88384d9b-1c83-4a4b-a31e-e4d35fbe26e0" testId="5816afd1-0423-3367-459b-a9396f53d5e9" testName="GetFilterValues_ShouldReturnEmptyEnumeration_WhenValueIsEmpty" computerName="DKSR-EFI-06" duration="00:00:00.0030865" startTime="2024-01-09T15:44:39.0761873+01:00" endTime="2024-01-09T15:44:39.0761873+01:00" testType="13cdc9d9-ddb5-4fa4-a97d-d965ccfc6d4b" outcome="Passed" testListId="8c84fa94-04c1-424b-9868-57a2d4851a1d" relativeResultsDirectory="88384d9b-1c83-4a4b-a31e-e4d35fbe26e0" />
    <UnitTestResult executionId="dbd0585e-50ac-47a9-bef4-c4fb3113fd3d" testId="d04aa2de-baae-d86e-f0a1-20911f2062f5" testName="Constructors_ShouldNotAllowInjectionOfNulls" computerName="DKSR-EFI-06" duration="00:00:00.0016718" startTime="2024-01-09T15:44:42.7324506+01:00" endTime="2024-01-09T15:44:42.7324506+01:00" testType="13cdc9d9-ddb5-4fa4-a97d-d965ccfc6d4b" outcome="Passed" testListId="8c84fa94-04c1-424b-9868-57a2d4851a1d" relativeResultsDirectory="dbd0585e-50ac-47a9-bef4-c4fb3113fd3d" />
    <UnitTestResult executionId="84414473-df9e-4f11-b880-de43256f873d" testId="c543770d-cf9b-0ea4-1d34-a2012d05fa48" testName="GetFilterValues_ShouldReturnMinAndMaxValues_WhenValueIsValid" computerName="DKSR-EFI-06" duration="00:00:00.0233206" startTime="2024-01-09T15:44:39.2636868+01:00" endTime="2024-01-09T15:44:39.2949364+01:00" testType="13cdc9d9-ddb5-4fa4-a97d-d965ccfc6d4b" outcome="Passed" testListId="8c84fa94-04c1-424b-9868-57a2d4851a1d" relativeResultsDirectory="84414473-df9e-4f11-b880-de43256f873d" />
    <UnitTestResult executionId="baf8b61e-1454-425b-a19c-615b2abdbde6" testId="f919a662-c6a0-0a13-fdf0-e25b22fd7d03" testName="TryParseColor_ShouldReturn_CorrectResult (#FF00FF,True)" computerName="DKSR-EFI-06" duration="00:00:00.0010622" startTime="2024-01-09T15:44:42.8262011+01:00" endTime="2024-01-09T15:44:42.8262011+01:00" testType="13cdc9d9-ddb5-4fa4-a97d-d965ccfc6d4b" outcome="Passed" testListId="8c84fa94-04c1-424b-9868-57a2d4851a1d" relativeResultsDirectory="baf8b61e-1454-425b-a19c-615b2abdbde6" />
    <UnitTestResult executionId="8286d1df-916f-42bd-a6a4-e38010626a01" testId="914093fc-0ae9-8737-896a-2c2db34dfcfc" testName="SearchingForHumans_ShouldReturnAllHumansInFrame_WhenThereAreMultiple" computerName="DKSR-EFI-06" duration="00:00:00.0046120" startTime="2024-01-09T15:45:38.6387935+01:00" endTime="2024-01-09T15:45:38.6387935+01:00" testType="13cdc9d9-ddb5-4fa4-a97d-d965ccfc6d4b" outcome="Passed" testListId="8c84fa94-04c1-424b-9868-57a2d4851a1d" relativeResultsDirectory="8286d1df-916f-42bd-a6a4-e38010626a01" />
    <UnitTestResult executionId="5060230a-8162-442a-b568-8cf3d3daaa9d" testId="81599604-d3ee-c1a6-f35a-965ea15cee27" testName="GetFrames_ShouldContinueReturningFrames_WhenThereIsNoMIPContent (True)" computerName="DKSR-EFI-06" duration="00:00:01.3039089" startTime="2024-01-09T15:44:47.4199699+01:00" endTime="2024-01-09T15:44:48.7324737+01:00" testType="13cdc9d9-ddb5-4fa4-a97d-d965ccfc6d4b" outcome="Passed" testListId="8c84fa94-04c1-424b-9868-57a2d4851a1d" relativeResultsDirectory="5060230a-8162-442a-b568-8cf3d3daaa9d" />
    <UnitTestResult executionId="a63823ff-acd7-4d56-a11c-1870c8e4e7d3" testId="9a625620-1442-cae3-01b8-69e7f94fe29f" testName="IsMatch_ShouldReturnFalse_WhenProvidedPredicateSetIsEmpty" computerName="DKSR-EFI-06" duration="00:00:00.0005856" startTime="2024-01-09T15:44:42.4355738+01:00" endTime="2024-01-09T15:44:42.4355738+01:00" testType="13cdc9d9-ddb5-4fa4-a97d-d965ccfc6d4b" outcome="Passed" testListId="8c84fa94-04c1-424b-9868-57a2d4851a1d" relativeResultsDirectory="a63823ff-acd7-4d56-a11c-1870c8e4e7d3" />
    <UnitTestResult executionId="1085df7d-1122-45d5-b5ef-7263eb42b333" testId="25411f35-8f83-3321-ba71-f6de7c006911" testName="DoSearch_ShouldUseCorrectSessionId_WhenReturningSearchResults (0)" computerName="DKSR-EFI-06" duration="00:00:00.0093999" startTime="2024-01-09T15:44:40.3730682+01:00" endTime="2024-01-09T15:44:40.3886920+01:00" testType="13cdc9d9-ddb5-4fa4-a97d-d965ccfc6d4b" outcome="Passed" testListId="8c84fa94-04c1-424b-9868-57a2d4851a1d" relativeResultsDirectory="1085df7d-1122-45d5-b5ef-7263eb42b333" />
    <UnitTestResult executionId="f2b6fc47-4ae5-453d-b060-104837fc4b04" testId="ec8c7afb-c9ce-679d-154d-23c5e4f31ed0" testName="GetFrames_ShouldReturnReturnEmptyCollection_WhenThereAreNoFramesInTheSpecifiedTimeRange (False)" computerName="DKSR-EFI-06" duration="00:00:00.1228219" startTime="2024-01-09T15:44:46.7168427+01:00" endTime="2024-01-09T15:44:46.8418420+01:00" testType="13cdc9d9-ddb5-4fa4-a97d-d965ccfc6d4b" outcome="Passed" testListId="8c84fa94-04c1-424b-9868-57a2d4851a1d" relativeResultsDirectory="f2b6fc47-4ae5-453d-b060-104837fc4b04" />
    <UnitTestResult executionId="5dabc345-e706-4972-b0cd-29ea520cf1bc" testId="9249a644-df85-6985-2ed1-3f912cd56e59" testName="IsMatch_ShouldReturnFalse_WhenNoneOfThePredicatesIsMatched" computerName="DKSR-EFI-06" duration="00:00:00.0009574" startTime="2024-01-09T15:44:42.7324506+01:00" endTime="2024-01-09T15:44:42.7324506+01:00" testType="13cdc9d9-ddb5-4fa4-a97d-d965ccfc6d4b" outcome="Passed" testListId="8c84fa94-04c1-424b-9868-57a2d4851a1d" relativeResultsDirectory="5dabc345-e706-4972-b0cd-29ea520cf1bc" />
    <UnitTestResult executionId="77cfc7d9-dad8-4255-bacc-b8248350ea67" testId="005446dd-de59-fb40-05c8-15ff101ff62b" testName="GetSearchPredicate_ShouldCallFactoryWithCorrectPropertyName" computerName="DKSR-EFI-06" duration="00:00:00.0418890" startTime="2024-01-09T15:44:39.5918116+01:00" endTime="2024-01-09T15:44:39.6386913+01:00" testType="13cdc9d9-ddb5-4fa4-a97d-d965ccfc6d4b" outcome="Passed" testListId="8c84fa94-04c1-424b-9868-57a2d4851a1d" relativeResultsDirectory="77cfc7d9-dad8-4255-bacc-b8248350ea67" />
    <UnitTestResult executionId="53b38873-af0d-41aa-a967-ad11c3e4826a" testId="94d54531-3073-4e4a-4bfc-5551f60b5f70" testName="CreateGuid_ShouldReturnDifferentGuid_WhenUsingDifferentDeviceId" computerName="DKSR-EFI-06" duration="00:00:00.0120006" startTime="2024-01-09T15:44:40.4511944+01:00" endTime="2024-01-09T15:44:40.4668193+01:00" testType="13cdc9d9-ddb5-4fa4-a97d-d965ccfc6d4b" outcome="Passed" testListId="8c84fa94-04c1-424b-9868-57a2d4851a1d" relativeResultsDirectory="53b38873-af0d-41aa-a967-ad11c3e4826a" />
    <UnitTestResult executionId="9c0a3b2e-29d0-46a3-b63d-ff783959bd89" testId="47436b86-681d-e7ad-2168-9b49e9b5df4c" testName="IsMatch_ShouldCompareDistanceCorrectly_WhenGivenValidPropertyValues (44.401012,-73.848847,45.549302,-73.632118,20,False)" computerName="DKSR-EFI-06" duration="00:00:00.0030999" startTime="2024-01-09T15:44:42.6855767+01:00" endTime="2024-01-09T15:44:42.7012008+01:00" testType="13cdc9d9-ddb5-4fa4-a97d-d965ccfc6d4b" outcome="Passed" testListId="8c84fa94-04c1-424b-9868-57a2d4851a1d" relativeResultsDirectory="9c0a3b2e-29d0-46a3-b63d-ff783959bd89" />
    <UnitTestResult executionId="04a22100-ef33-48eb-83b1-2d1c359a665f" testId="cb07d75a-8724-b8aa-941b-2cf713e8859e" testName="Constructors_ShouldNotAllowInjectionOfNulls" computerName="DKSR-EFI-06" duration="00:00:00.0020497" startTime="2024-01-09T15:45:38.8106683+01:00" endTime="2024-01-09T15:45:38.8106683+01:00" testType="13cdc9d9-ddb5-4fa4-a97d-d965ccfc6d4b" outcome="Passed" testListId="8c84fa94-04c1-424b-9868-57a2d4851a1d" relativeResultsDirectory="04a22100-ef33-48eb-83b1-2d1c359a665f" />
    <UnitTestResult executionId="f2aa150a-d4cb-4e2b-9b10-89eba7aea914" testId="9dffeaf5-3c04-9b65-28b8-eebb297c98d7" testName="GetSearchPredicate_ShouldCallFactoryWithValueFromValueProvider" computerName="DKSR-EFI-06" duration="00:00:00.0261200" startTime="2024-01-09T15:44:39.6855667+01:00" endTime="2024-01-09T15:44:39.7168112+01:00" testType="13cdc9d9-ddb5-4fa4-a97d-d965ccfc6d4b" outcome="Passed" testListId="8c84fa94-04c1-424b-9868-57a2d4851a1d" relativeResultsDirectory="f2aa150a-d4cb-4e2b-9b10-89eba7aea914" />
    <UnitTestResult executionId="766bb304-119d-4f04-a2ea-09271e99e36d" testId="6d4fd784-147c-7b7e-6b2f-ce54d2eb99eb" testName="IsMatch_ShouldReturnTrue_WhenAnyOfTheValuesAreValidNumber" computerName="DKSR-EFI-06" duration="00:00:00.0013972" startTime="2024-01-09T15:44:42.5918263+01:00" endTime="2024-01-09T15:44:42.5918263+01:00" testType="13cdc9d9-ddb5-4fa4-a97d-d965ccfc6d4b" outcome="Passed" testListId="8c84fa94-04c1-424b-9868-57a2d4851a1d" relativeResultsDirectory="766bb304-119d-4f04-a2ea-09271e99e36d" />
    <UnitTestResult executionId="e20245fe-5b91-444e-a963-57f919243cdd" testId="4c871f69-a914-b0d2-8d33-43029baf7204" testName="GetBoundingBox_ShouldClipBoundingShape_WhenGivenCoordinatesThatFallOutsideRange (0.73,0,0.14,0.75)" computerName="DKSR-EFI-06" duration="00:00:00.0010797" startTime="2024-01-09T15:44:40.0605626+01:00" endTime="2024-01-09T15:44:40.0605626+01:00" testType="13cdc9d9-ddb5-4fa4-a97d-d965ccfc6d4b" outcome="Passed" testListId="8c84fa94-04c1-424b-9868-57a2d4851a1d" relativeResultsDirectory="e20245fe-5b91-444e-a963-57f919243cdd" />
    <UnitTestResult executionId="1ec59579-8f5c-422d-bf4a-37dd1f700377" testId="cf0a79cb-e6b1-ecdf-0b83-90c17c08f100" testName="GetFilterValues_ShouldReturnEmptyEnumeration_WhenValueIsEmpty" computerName="DKSR-EFI-06" duration="00:00:00.0009170" startTime="2024-01-09T15:44:39.2324350+01:00" endTime="2024-01-09T15:44:39.2324350+01:00" testType="13cdc9d9-ddb5-4fa4-a97d-d965ccfc6d4b" outcome="Passed" testListId="8c84fa94-04c1-424b-9868-57a2d4851a1d" relativeResultsDirectory="1ec59579-8f5c-422d-bf4a-37dd1f700377" />
    <UnitTestResult executionId="d002ebb0-c2e4-4d63-a6a3-b873c02af1c5" testId="a002aa07-fe8b-e44c-e8cc-f84260c4048a" testName="IsSet_ShouldBeFalse_WhenValueIsNull" computerName="DKSR-EFI-06" duration="00:00:00.0022587" startTime="2024-01-09T15:44:39.8730631+01:00" endTime="2024-01-09T15:44:39.8886910+01:00" testType="13cdc9d9-ddb5-4fa4-a97d-d965ccfc6d4b" outcome="Passed" testListId="8c84fa94-04c1-424b-9868-57a2d4851a1d" relativeResultsDirectory="d002ebb0-c2e4-4d63-a6a3-b873c02af1c5" />
    <UnitTestResult executionId="0b6f9179-ba97-4789-bd7a-f7cfdb3eccc0" testId="f4b9b371-0f1d-68d9-e3fb-5bd02fbeac79" testName="EndTime_ShouldBeTheTimeStampOfLastObject" computerName="DKSR-EFI-06" duration="00:00:00.0010353" startTime="2024-01-09T15:44:51.1856040+01:00" endTime="2024-01-09T15:44:51.1856040+01:00" testType="13cdc9d9-ddb5-4fa4-a97d-d965ccfc6d4b" outcome="Passed" testListId="8c84fa94-04c1-424b-9868-57a2d4851a1d" relativeResultsDirectory="0b6f9179-ba97-4789-bd7a-f7cfdb3eccc0" />
    <UnitTestResult executionId="9c237642-4b0a-405b-8646-1d38fc587fbe" testId="bc770a97-6739-784f-a860-7cf7562b7ec2" testName="GetSearchPredicate_ShouldCreatePredicateWithCorrectValues" computerName="DKSR-EFI-06" duration="00:00:00.0076544" startTime="2024-01-09T15:44:39.7636878+01:00" endTime="2024-01-09T15:44:39.7793137+01:00" testType="13cdc9d9-ddb5-4fa4-a97d-d965ccfc6d4b" outcome="Passed" testListId="8c84fa94-04c1-424b-9868-57a2d4851a1d" relativeResultsDirectory="9c237642-4b0a-405b-8646-1d38fc587fbe" />
    <UnitTestResult executionId="52fc3ebb-8105-451a-adf1-e0e772b3ae2f" testId="1e30a6fe-0ec1-0d5c-110b-fb1627d937fd" testName="TryParseColor_ShouldReturn_CorrectResult (,False)" computerName="DKSR-EFI-06" duration="00:00:00.0000098" startTime="2024-01-09T15:44:42.8418282+01:00" endTime="2024-01-09T15:44:42.8418282+01:00" testType="13cdc9d9-ddb5-4fa4-a97d-d965ccfc6d4b" outcome="Passed" testListId="8c84fa94-04c1-424b-9868-57a2d4851a1d" relativeResultsDirectory="52fc3ebb-8105-451a-adf1-e0e772b3ae2f" />
    <UnitTestResult executionId="ac9f446d-f6cc-4137-a374-08adb7f0b60c" testId="f3a96a40-44b5-892e-469d-980fc130c6ee" testName="GetBuiltInPersonFilters_ShouldIncludeAge_WhenAgeFilterIsVisible" computerName="DKSR-EFI-06" duration="00:00:00.0008711" startTime="2024-01-09T15:45:38.7481676+01:00" endTime="2024-01-09T15:45:38.7481676+01:00" testType="13cdc9d9-ddb5-4fa4-a97d-d965ccfc6d4b" outcome="Passed" testListId="8c84fa94-04c1-424b-9868-57a2d4851a1d" relativeResultsDirectory="ac9f446d-f6cc-4137-a374-08adb7f0b60c" />
    <UnitTestResult executionId="86ead02c-4b4a-4776-ae98-4eb5f7eb24f8" testId="ac0bc991-7dad-3bbf-19c9-5fb30129fe8b" testName="ResetValue_ShouldSetSelectedIdsToEmptySet" computerName="DKSR-EFI-06" duration="00:00:00.0144435" startTime="2024-01-09T15:44:39.3886879+01:00" endTime="2024-01-09T15:44:39.4043132+01:00" testType="13cdc9d9-ddb5-4fa4-a97d-d965ccfc6d4b" outcome="Passed" testListId="8c84fa94-04c1-424b-9868-57a2d4851a1d" relativeResultsDirectory="86ead02c-4b4a-4776-ae98-4eb5f7eb24f8" />
    <UnitTestResult executionId="59d21bcb-3ea6-4274-80b1-cf5787291bb6" testId="d3b09615-1a45-b103-fa28-b14a8987e6d6" testName="GetValue_ShouldReturnAValue_WhenCalledWithKnownVehicleTypeIds (f7dddebb-09f7-4a07-aaa3-53c00fc6c151)" computerName="DKSR-EFI-06" duration="00:00:00.0000089" startTime="2024-01-09T15:45:38.8575448+01:00" endTime="2024-01-09T15:45:38.8575448+01:00" testType="13cdc9d9-ddb5-4fa4-a97d-d965ccfc6d4b" outcome="Passed" testListId="8c84fa94-04c1-424b-9868-57a2d4851a1d" relativeResultsDirectory="59d21bcb-3ea6-4274-80b1-cf5787291bb6" />
    <UnitTestResult executionId="468efcf3-a390-424c-acf0-5a649989760c" testId="ff7a89d5-2ad1-f7d4-61e5-9da8eeef957d" testName="GetFilterValues_ShouldReturnEmptyEnumeration_WhenValueIsNull" computerName="DKSR-EFI-06" duration="00:00:00.0073673" startTime="2024-01-09T15:44:39.0605646+01:00" endTime="2024-01-09T15:44:39.0761873+01:00" testType="13cdc9d9-ddb5-4fa4-a97d-d965ccfc6d4b" outcome="Passed" testListId="8c84fa94-04c1-424b-9868-57a2d4851a1d" relativeResultsDirectory="468efcf3-a390-424c-acf0-5a649989760c" />
    <UnitTestResult executionId="a46da935-dbc2-4bd9-998c-cca6f209b919" testId="9d101f44-0905-1aab-02aa-fb6b719f6e5a" testName="IsEmpty_ShouldReturnFalse_WhenSearchingWithDefaults (0,10,0,10)" computerName="DKSR-EFI-06" duration="00:00:00.0009322" startTime="2024-01-09T15:44:39.5293092+01:00" endTime="2024-01-09T15:44:39.5293092+01:00" testType="13cdc9d9-ddb5-4fa4-a97d-d965ccfc6d4b" outcome="Passed" testListId="8c84fa94-04c1-424b-9868-57a2d4851a1d" relativeResultsDirectory="a46da935-dbc2-4bd9-998c-cca6f209b919" />
    <UnitTestResult executionId="31cf7034-e876-444d-b422-60335488cc40" testId="c8e69239-6298-e629-41af-f2978db9a1f2" testName="IsEmpty_ShouldReturnBase_WhenSearchingWithoutDefaults (0,10,1,9,False)" computerName="DKSR-EFI-06" duration="00:00:00.0002790" startTime="2024-01-09T15:44:39.5449349+01:00" endTime="2024-01-09T15:44:39.5449349+01:00" testType="13cdc9d9-ddb5-4fa4-a97d-d965ccfc6d4b" outcome="Passed" testListId="8c84fa94-04c1-424b-9868-57a2d4851a1d" relativeResultsDirectory="31cf7034-e876-444d-b422-60335488cc40" />
    <UnitTestResult executionId="c492c0bc-38af-4f6f-ba8c-ad5ec4af9a58" testId="834857ff-d25a-9617-9d0f-3d5b42b7024b" testName="GetValue_ShouldReturnAValue_WhenCalledWithKnownFilterIds (c592f9f6-4ce7-4cee-b7c3-fc18b58e8b36)" computerName="DKSR-EFI-06" duration="00:00:00.0000097" startTime="2024-01-09T15:45:38.8575448+01:00" endTime="2024-01-09T15:45:38.8575448+01:00" testType="13cdc9d9-ddb5-4fa4-a97d-d965ccfc6d4b" outcome="Passed" testListId="8c84fa94-04c1-424b-9868-57a2d4851a1d" relativeResultsDirectory="c492c0bc-38af-4f6f-ba8c-ad5ec4af9a58" />
    <UnitTestResult executionId="2025f8db-5ef7-43f0-b39f-5bb39e665356" testId="a020b393-815a-fe21-c070-1466a8ed63a6" testName="Deserialize_ShouldReturnFalse_WhenInputIsInvalid" computerName="DKSR-EFI-06" duration="00:00:00.0019888" startTime="2024-01-09T15:44:39.4511876+01:00" endTime="2024-01-09T15:44:39.4668107+01:00" testType="13cdc9d9-ddb5-4fa4-a97d-d965ccfc6d4b" outcome="Passed" testListId="8c84fa94-04c1-424b-9868-57a2d4851a1d" relativeResultsDirectory="2025f8db-5ef7-43f0-b39f-5bb39e665356" />
    <UnitTestResult executionId="83426878-f41b-4dc3-9578-86efe057627e" testId="b4084ff7-36a0-65d4-0c78-ecb397769e59" testName="GetCategorySearchPredicate_ShouldReturnPredicateWithAllRelatedProperties_WhenFilterHasMultipleProperties" computerName="DKSR-EFI-06" duration="00:00:00.0009149" startTime="2024-01-09T15:45:38.7169231+01:00" endTime="2024-01-09T15:45:38.7169231+01:00" testType="13cdc9d9-ddb5-4fa4-a97d-d965ccfc6d4b" outcome="Passed" testListId="8c84fa94-04c1-424b-9868-57a2d4851a1d" relativeResultsDirectory="83426878-f41b-4dc3-9578-86efe057627e" />
    <UnitTestResult executionId="aa814aa4-b206-43d3-8492-e652953c43db" testId="fbc80e7a-8473-118b-62b8-644255659168" testName="Constructors_ShouldNotAllowInjectionOfNulls" computerName="DKSR-EFI-06" duration="00:00:00.0091539" startTime="2024-01-09T15:44:39.4980600+01:00" endTime="2024-01-09T15:44:39.5136877+01:00" testType="13cdc9d9-ddb5-4fa4-a97d-d965ccfc6d4b" outcome="Passed" testListId="8c84fa94-04c1-424b-9868-57a2d4851a1d" relativeResultsDirectory="aa814aa4-b206-43d3-8492-e652953c43db" />
    <UnitTestResult executionId="bb0c5f91-1ebc-48e6-afa5-99a953a83210" testId="6f37c244-6378-502b-d0e2-1f46ae00798a" testName="IsMatch_ShouldThrowArgumentNullException_WhenGivenNullFrameObject" computerName="DKSR-EFI-06" duration="00:00:00.0026886" startTime="2024-01-09T15:44:42.6230757+01:00" endTime="2024-01-09T15:44:42.6230757+01:00" testType="13cdc9d9-ddb5-4fa4-a97d-d965ccfc6d4b" outcome="Passed" testListId="8c84fa94-04c1-424b-9868-57a2d4851a1d" relativeResultsDirectory="bb0c5f91-1ebc-48e6-afa5-99a953a83210" />
    <UnitTestResult executionId="c87df5c7-167a-45cf-a0ee-314d027ef8b0" testId="1236468a-4c51-72ef-bd09-269985382945" testName="Constructors_ShouldNotAllowInjectionOfNulls" computerName="DKSR-EFI-06" duration="00:00:00.0017083" startTime="2024-01-09T15:45:38.8262943+01:00" endTime="2024-01-09T15:45:38.8262943+01:00" testType="13cdc9d9-ddb5-4fa4-a97d-d965ccfc6d4b" outcome="Passed" testListId="8c84fa94-04c1-424b-9868-57a2d4851a1d" relativeResultsDirectory="c87df5c7-167a-45cf-a0ee-314d027ef8b0" />
    <UnitTestResult executionId="9356f752-8076-4671-9bea-a37f063e558d" testId="82d24403-7845-d860-1c38-6d3acb1891b0" testName="ResetValue_ShouldThrowException_WhenValueIsNotSelectionFilterValue" computerName="DKSR-EFI-06" duration="00:00:00.0209557" startTime="2024-01-09T15:44:39.4043132+01:00" endTime="2024-01-09T15:44:39.4199392+01:00" testType="13cdc9d9-ddb5-4fa4-a97d-d965ccfc6d4b" outcome="Passed" testListId="8c84fa94-04c1-424b-9868-57a2d4851a1d" relativeResultsDirectory="9356f752-8076-4671-9bea-a37f063e558d" />
    <UnitTestResult executionId="0ba6a64d-9b53-432e-a63b-51de0bddc119" testId="fd38c7b1-c83c-db8b-eabd-1021787b943a" testName="ProcessNewFrame_ShouldGroupObjectsAsSequence" computerName="DKSR-EFI-06" duration="00:00:00.0024580" startTime="2024-01-09T15:44:42.4199500+01:00" endTime="2024-01-09T15:44:42.4199500+01:00" testType="13cdc9d9-ddb5-4fa4-a97d-d965ccfc6d4b" outcome="Passed" testListId="8c84fa94-04c1-424b-9868-57a2d4851a1d" relativeResultsDirectory="0ba6a64d-9b53-432e-a63b-51de0bddc119" />
    <UnitTestResult executionId="b731b904-7073-4599-beac-8d3014aabc80" testId="d55b7815-d829-5919-09b3-d89ab9a5012f" testName="TryParseColor_ShouldReturn_CorrectResult (&lt;?xml version=&quot;1.0&quot;?&gt; &lt;tt:Color xmlns:tt=&quot;http://www.onvif.org/ver10/schema&quot; Z = &quot;400&quot; Y = &quot;169&quot; X = &quot;169&quot; Colorspace = &quot;RGB&quot; /&gt;,False)" computerName="DKSR-EFI-06" duration="00:00:00.0013410" startTime="2024-01-09T15:44:42.8887030+01:00" endTime="2024-01-09T15:44:42.8887030+01:00" testType="13cdc9d9-ddb5-4fa4-a97d-d965ccfc6d4b" outcome="Passed" testListId="8c84fa94-04c1-424b-9868-57a2d4851a1d" relativeResultsDirectory="b731b904-7073-4599-beac-8d3014aabc80" />
    <UnitTestResult executionId="0d624e4b-251f-4254-9982-60540e2318c5" testId="7fb14702-51a2-930f-968e-cf2878154e79" testName="GetClosestBucket_ShouldReturnClosestBucket" computerName="DKSR-EFI-06" duration="00:00:00.0047321" startTime="2024-01-09T15:44:42.8105760+01:00" endTime="2024-01-09T15:44:42.8105760+01:00" testType="13cdc9d9-ddb5-4fa4-a97d-d965ccfc6d4b" outcome="Passed" testListId="8c84fa94-04c1-424b-9868-57a2d4851a1d" relativeResultsDirectory="0d624e4b-251f-4254-9982-60540e2318c5" />
    <UnitTestResult executionId="76981563-ba6f-4a8b-935b-cb6dab459fc6" testId="783c61b8-9979-7e4d-dff3-17f24aca21ff" testName="GetSearchPredicate_ShouldCallFactoryWithCorrectPropertyName" computerName="DKSR-EFI-06" duration="00:00:00.0038930" startTime="2024-01-09T15:44:39.8574374+01:00" endTime="2024-01-09T15:44:39.8574374+01:00" testType="13cdc9d9-ddb5-4fa4-a97d-d965ccfc6d4b" outcome="Passed" testListId="8c84fa94-04c1-424b-9868-57a2d4851a1d" relativeResultsDirectory="76981563-ba6f-4a8b-935b-cb6dab459fc6" />
    <UnitTestResult executionId="12c5e90a-1c2e-4c88-b14a-9e6c4f0a4cc4" testId="6465bbca-6052-91bc-2374-2a90ed08534d" testName="Constructors_ShouldNotAllowInjectionOfNulls" computerName="DKSR-EFI-06" duration="00:00:00.0127489" startTime="2024-01-09T15:44:39.6699390+01:00" endTime="2024-01-09T15:44:39.6855667+01:00" testType="13cdc9d9-ddb5-4fa4-a97d-d965ccfc6d4b" outcome="Passed" testListId="8c84fa94-04c1-424b-9868-57a2d4851a1d" relativeResultsDirectory="12c5e90a-1c2e-4c88-b14a-9e6c4f0a4cc4" />
    <UnitTestResult executionId="7f471a01-6274-4dbe-a2ee-82244dbfb615" testId="0f0e6972-06c8-db8d-1b86-f2ea4c948042" testName="DoSearch_ShouldFindVehicle_WhenLicensePlatePropertyIsPresent" computerName="DKSR-EFI-06" duration="00:00:02.9913009" startTime="2024-01-09T15:45:30.5294177+01:00" endTime="2024-01-09T15:45:33.5138599+01:00" testType="13cdc9d9-ddb5-4fa4-a97d-d965ccfc6d4b" outcome="Passed" testListId="8c84fa94-04c1-424b-9868-57a2d4851a1d" relativeResultsDirectory="7f471a01-6274-4dbe-a2ee-82244dbfb615" />
    <UnitTestResult executionId="67791b27-ee17-4ab2-a217-0f1cc60c200c" testId="85ac4351-05ae-c462-6fbc-c2a9712dcfbb" testName="IsMatch_ShouldReturnFalse_WhenNoneOfThePredicatesIsMatched" computerName="DKSR-EFI-06" duration="00:00:00.0007995" startTime="2024-01-09T15:44:42.4512009+01:00" endTime="2024-01-09T15:44:42.4512009+01:00" testType="13cdc9d9-ddb5-4fa4-a97d-d965ccfc6d4b" outcome="Passed" testListId="8c84fa94-04c1-424b-9868-57a2d4851a1d" relativeResultsDirectory="67791b27-ee17-4ab2-a217-0f1cc60c200c" />
    <UnitTestResult executionId="7ec77da6-ce93-4381-99bd-e8ab473efa19" testId="155fd501-48dd-974a-89ed-642a7f2b89c6" testName="GetBuiltInVehicleFilters_ShouldIncludeLicensePlate_WhenLicensePlateFilterIsVisible" computerName="DKSR-EFI-06" duration="00:00:00.0008029" startTime="2024-01-09T15:45:38.7637939+01:00" endTime="2024-01-09T15:45:38.7794182+01:00" testType="13cdc9d9-ddb5-4fa4-a97d-d965ccfc6d4b" outcome="Passed" testListId="8c84fa94-04c1-424b-9868-57a2d4851a1d" relativeResultsDirectory="7ec77da6-ce93-4381-99bd-e8ab473efa19" />
    <UnitTestResult executionId="4df42a50-4c9a-410f-b5bd-61a131a7dd9e" testId="ea2e82c5-a347-018b-9a24-a661f3fdcf08" testName="FinalizeRemainingSequences_ShouldReturnAllSequences" computerName="DKSR-EFI-06" duration="00:00:00.0022094" startTime="2024-01-09T15:44:42.4199500+01:00" endTime="2024-01-09T15:44:42.4199500+01:00" testType="13cdc9d9-ddb5-4fa4-a97d-d965ccfc6d4b" outcome="Passed" testListId="8c84fa94-04c1-424b-9868-57a2d4851a1d" relativeResultsDirectory="4df42a50-4c9a-410f-b5bd-61a131a7dd9e" />
    <UnitTestResult executionId="298d36ed-6823-4115-aa97-b8163b495405" testId="18aa6cde-18fc-4518-3423-4b806131fd5b" testName="Constructors_ShouldNotAllowInjectionOfNulls" computerName="DKSR-EFI-06" duration="00:00:00.0014612" startTime="2024-01-09T15:44:42.7793282+01:00" endTime="2024-01-09T15:44:42.7793282+01:00" testType="13cdc9d9-ddb5-4fa4-a97d-d965ccfc6d4b" outcome="Passed" testListId="8c84fa94-04c1-424b-9868-57a2d4851a1d" relativeResultsDirectory="298d36ed-6823-4115-aa97-b8163b495405" />
    <UnitTestResult executionId="ea156b77-8b30-4bfb-938a-a36c45580bba" testId="8a2012f5-edd4-0ac2-d029-f45f835a7797" testName="CreateGuid_ShouldReturnDifferentGuid_WhenUsingDifferentSearchAgentId_ButSameParams" computerName="DKSR-EFI-06" duration="00:00:00.0010119" startTime="2024-01-09T15:44:40.4980666+01:00" endTime="2024-01-09T15:44:40.4980666+01:00" testType="13cdc9d9-ddb5-4fa4-a97d-d965ccfc6d4b" outcome="Passed" testListId="8c84fa94-04c1-424b-9868-57a2d4851a1d" relativeResultsDirectory="ea156b77-8b30-4bfb-938a-a36c45580bba" />
    <UnitTestResult executionId="5b587c2a-0648-407e-9e3d-9b5b8d8b119a" testId="f9ad3391-df48-f95d-f3f7-6ee8131f3855" testName="StartTime_ShouldBeTheTimeStampOfFirstObject" computerName="DKSR-EFI-06" duration="00:00:00.0009381" startTime="2024-01-09T15:44:51.1856040+01:00" endTime="2024-01-09T15:44:51.1856040+01:00" testType="13cdc9d9-ddb5-4fa4-a97d-d965ccfc6d4b" outcome="Passed" testListId="8c84fa94-04c1-424b-9868-57a2d4851a1d" relativeResultsDirectory="5b587c2a-0648-407e-9e3d-9b5b8d8b119a" />
    <UnitTestResult executionId="b59e6105-47fa-4f19-9bd1-2bfa484e946e" testId="9bdb0662-1da6-dcfb-f42f-a6f76e640bc7" testName="CreateAgents_ShouldNotReturnVehicles_WhenCategoryIsDisabled" computerName="DKSR-EFI-06" duration="00:00:00.0031356" startTime="2024-01-09T15:44:42.9824529+01:00" endTime="2024-01-09T15:44:42.9824529+01:00" testType="13cdc9d9-ddb5-4fa4-a97d-d965ccfc6d4b" outcome="Passed" testListId="8c84fa94-04c1-424b-9868-57a2d4851a1d" relativeResultsDirectory="b59e6105-47fa-4f19-9bd1-2bfa484e946e" />
    <UnitTestResult executionId="ab73394c-e57d-4daf-a26e-cc3134b10a41" testId="78c6ac56-439c-936d-9bc8-d75c96ae27cf" testName="IsMatch_ShouldReturnFalse_WhenObjectElementHasNoMatchingProperty" computerName="DKSR-EFI-06" duration="00:00:00.0025691" startTime="2024-01-09T15:44:42.7324506+01:00" endTime="2024-01-09T15:44:42.7324506+01:00" testType="13cdc9d9-ddb5-4fa4-a97d-d965ccfc6d4b" outcome="Passed" testListId="8c84fa94-04c1-424b-9868-57a2d4851a1d" relativeResultsDirectory="ab73394c-e57d-4daf-a26e-cc3134b10a41" />
    <UnitTestResult executionId="050e128e-a182-41a3-b4e0-b1417c33e8df" testId="423c6999-647a-cca0-d470-31ebbf4aa8bb" testName="GetCategorySearchPredicate_ShouldReturnPredicateWithAllRelatedProperties_WhenSomeFiltersAreEnabled" computerName="DKSR-EFI-06" duration="00:00:00.0010375" startTime="2024-01-09T15:45:38.7012963+01:00" endTime="2024-01-09T15:45:38.7012963+01:00" testType="13cdc9d9-ddb5-4fa4-a97d-d965ccfc6d4b" outcome="Passed" testListId="8c84fa94-04c1-424b-9868-57a2d4851a1d" relativeResultsDirectory="050e128e-a182-41a3-b4e0-b1417c33e8df" />
    <UnitTestResult executionId="d9a76a70-ee26-43ab-b9ea-24a5783f9ad2" testId="ba0ae2f6-3f07-8af4-bb67-ddd2feeb73bd" testName="With no results" computerName="DKSR-EFI-06" duration="00:00:00.2076383" startTime="2024-01-09T15:44:40.0918144+01:00" endTime="2024-01-09T15:44:40.3105664+01:00" testType="13cdc9d9-ddb5-4fa4-a97d-d965ccfc6d4b" outcome="Passed" testListId="8c84fa94-04c1-424b-9868-57a2d4851a1d" relativeResultsDirectory="d9a76a70-ee26-43ab-b9ea-24a5783f9ad2" />
    <UnitTestResult executionId="e7b5feca-78c9-41df-b0b5-54babaa959f1" testId="e3176b8a-be66-d0ad-14ec-c6e732fd4611" testName="GetFilterValues_ShouldReturnEmptyEnumeration_WhenValueIsEmpty" computerName="DKSR-EFI-06" duration="00:00:00.0010167" startTime="2024-01-09T15:44:39.1855627+01:00" endTime="2024-01-09T15:44:39.1855627+01:00" testType="13cdc9d9-ddb5-4fa4-a97d-d965ccfc6d4b" outcome="Passed" testListId="8c84fa94-04c1-424b-9868-57a2d4851a1d" relativeResultsDirectory="e7b5feca-78c9-41df-b0b5-54babaa959f1" />
    <UnitTestResult executionId="76bf132a-c8bb-475f-8512-6c003fad7922" testId="28b01a3a-706b-dde8-a699-edd417a1c862" testName="TryParseColor_ShouldReturn_CorrectResult (SomeNonColor,False)" computerName="DKSR-EFI-06" duration="00:00:00.0012203" startTime="2024-01-09T15:44:42.8418282+01:00" endTime="2024-01-09T15:44:42.8418282+01:00" testType="13cdc9d9-ddb5-4fa4-a97d-d965ccfc6d4b" outcome="Passed" testListId="8c84fa94-04c1-424b-9868-57a2d4851a1d" relativeResultsDirectory="76bf132a-c8bb-475f-8512-6c003fad7922" />
    <UnitTestResult executionId="645e0804-66a7-4b5a-9e66-92edd1e1edff" testId="3529e793-10fd-a9f5-8d1f-80b8415525e0" testName="Reset_ShouldMakeTheValueInvalid" computerName="DKSR-EFI-06" duration="00:00:00.0006196" startTime="2024-01-09T15:44:39.4980600+01:00" endTime="2024-01-09T15:44:39.4980600+01:00" testType="13cdc9d9-ddb5-4fa4-a97d-d965ccfc6d4b" outcome="Passed" testListId="8c84fa94-04c1-424b-9868-57a2d4851a1d" relativeResultsDirectory="645e0804-66a7-4b5a-9e66-92edd1e1edff" />
    <UnitTestResult executionId="7b9fd7d5-7799-475e-9eb2-23bf1bb9a5fd" testId="e1ffa54c-eb80-0f12-fd51-b14ee6e33404" testName="IsMatch_ShouldReturnTrue_WhenValueEqualsLowValue" computerName="DKSR-EFI-06" duration="00:00:00.0013295" startTime="2024-01-09T15:44:42.5918263+01:00" endTime="2024-01-09T15:44:42.5918263+01:00" testType="13cdc9d9-ddb5-4fa4-a97d-d965ccfc6d4b" outcome="Passed" testListId="8c84fa94-04c1-424b-9868-57a2d4851a1d" relativeResultsDirectory="7b9fd7d5-7799-475e-9eb2-23bf1bb9a5fd" />
    <UnitTestResult executionId="7a939796-8d5d-4199-b093-8c830d4505e2" testId="a006c8c5-5fc9-d8c0-bf2b-0aa03737e1af" testName="GetValue_ShouldReturnAValue_WhenCalledWithKnownFilterIds (489a1205-5119-40b7-b1ba-c9a3f6dc2e92)" computerName="DKSR-EFI-06" duration="00:00:00.0000092" startTime="2024-01-09T15:45:38.8575448+01:00" endTime="2024-01-09T15:45:38.8731697+01:00" testType="13cdc9d9-ddb5-4fa4-a97d-d965ccfc6d4b" outcome="Passed" testListId="8c84fa94-04c1-424b-9868-57a2d4851a1d" relativeResultsDirectory="7a939796-8d5d-4199-b093-8c830d4505e2" />
    <UnitTestResult executionId="82049db6-a307-49d1-8639-b09ed5177a88" testId="2c8e1508-e46b-f83f-a9ec-af77f3f725ce" testName="IsMatch_ShouldReturnFalse_WhenNoClassNorPropertyIsPresent" computerName="DKSR-EFI-06" duration="00:00:00.0008866" startTime="2024-01-09T15:44:38.6074361+01:00" endTime="2024-01-09T15:44:38.6074361+01:00" testType="13cdc9d9-ddb5-4fa4-a97d-d965ccfc6d4b" outcome="Passed" testListId="8c84fa94-04c1-424b-9868-57a2d4851a1d" relativeResultsDirectory="82049db6-a307-49d1-8639-b09ed5177a88" />
    <UnitTestResult executionId="fc06885d-c3bb-469f-a750-aa655d4c5a66" testId="f6772c2d-e583-5311-5f0b-5c7150760516" testName="IsMatch_ShouldReturnFalse_WhenObjectElementHasPropertyLargerThanTheSearch" computerName="DKSR-EFI-06" duration="00:00:00.0013548" startTime="2024-01-09T15:44:42.7949514+01:00" endTime="2024-01-09T15:44:42.7949514+01:00" testType="13cdc9d9-ddb5-4fa4-a97d-d965ccfc6d4b" outcome="Passed" testListId="8c84fa94-04c1-424b-9868-57a2d4851a1d" relativeResultsDirectory="fc06885d-c3bb-469f-a750-aa655d4c5a66" />
    <UnitTestResult executionId="481b2e39-f1e7-4e44-8369-c074dae113cf" testId="d003ebe1-0b55-00f6-3259-6dd8c0c81c36" testName="GetValue_ShouldReturnAValue_WhenCalledWithKnownFilterIds (59fe8653-4335-497b-8bf2-490867dd6973)" computerName="DKSR-EFI-06" duration="00:00:00.0003365" startTime="2024-01-09T15:45:38.8575448+01:00" endTime="2024-01-09T15:45:38.8575448+01:00" testType="13cdc9d9-ddb5-4fa4-a97d-d965ccfc6d4b" outcome="Passed" testListId="8c84fa94-04c1-424b-9868-57a2d4851a1d" relativeResultsDirectory="481b2e39-f1e7-4e44-8369-c074dae113cf" />
    <UnitTestResult executionId="874a8b0c-b234-44f6-a6a4-9aeda6ecd07b" testId="d74bb234-b535-f88e-af7d-f7d8dd2a6a63" testName="DoSearch_ShouldUseCorrectSessionId_WhenReturningSearchResults (1)" computerName="DKSR-EFI-06" duration="00:00:00.0097022" startTime="2024-01-09T15:44:40.3886920+01:00" endTime="2024-01-09T15:44:40.4043189+01:00" testType="13cdc9d9-ddb5-4fa4-a97d-d965ccfc6d4b" outcome="Passed" testListId="8c84fa94-04c1-424b-9868-57a2d4851a1d" relativeResultsDirectory="874a8b0c-b234-44f6-a6a4-9aeda6ecd07b" />
    <UnitTestResult executionId="f290c6f3-52ca-470a-88a9-eae271eb1a40" testId="12a9b3ec-3da9-8003-0320-e5511579bdf6" testName="Constructors_ShouldNotAllowInjectionOfNulls" computerName="DKSR-EFI-06" duration="00:00:00.0040942" startTime="2024-01-09T15:44:39.7636878+01:00" endTime="2024-01-09T15:44:39.7636878+01:00" testType="13cdc9d9-ddb5-4fa4-a97d-d965ccfc6d4b" outcome="Passed" testListId="8c84fa94-04c1-424b-9868-57a2d4851a1d" relativeResultsDirectory="f290c6f3-52ca-470a-88a9-eae271eb1a40" />
    <UnitTestResult executionId="762f44c7-e0cb-455f-aef9-e66f89a5ccdc" testId="9c178939-b4e7-f84c-5be2-4463cc337601" testName="IsMatch_ShouldComparecolorCorrectly_WhenGivenValidPropertyValues (white,Red,blue,False)" computerName="DKSR-EFI-06" duration="00:00:00.0739382" startTime="2024-01-09T15:44:42.4668248+01:00" endTime="2024-01-09T15:44:42.5449509+01:00" testType="13cdc9d9-ddb5-4fa4-a97d-d965ccfc6d4b" outcome="Passed" testListId="8c84fa94-04c1-424b-9868-57a2d4851a1d" relativeResultsDirectory="762f44c7-e0cb-455f-aef9-e66f89a5ccdc" />
    <UnitTestResult executionId="c8b8c979-840f-40de-a8ef-3c8079bf07df" testId="3f3f2b4f-7275-5a9d-e8aa-76a35c9894f2" testName="GetMetadataObjectsAsync_ShouldThrowTaskCanceledException_WhenCancelled" computerName="DKSR-EFI-06" duration="00:00:00.0104054" startTime="2024-01-09T15:44:42.4043246+01:00" endTime="2024-01-09T15:44:42.4199500+01:00" testType="13cdc9d9-ddb5-4fa4-a97d-d965ccfc6d4b" outcome="Passed" testListId="8c84fa94-04c1-424b-9868-57a2d4851a1d" relativeResultsDirectory="c8b8c979-840f-40de-a8ef-3c8079bf07df" />
    <UnitTestResult executionId="55d18f74-4923-4cba-a06b-e50bc7262b2f" testId="55f041d7-d67d-7c07-3d7c-8e2b2951c8af" testName="IsMatch_ShouldReturnFalse_WhenAnyOfThePredicatesIsNotMatched" computerName="DKSR-EFI-06" duration="00:00:00.0013284" startTime="2024-01-09T15:44:42.7324506+01:00" endTime="2024-01-09T15:44:42.7324506+01:00" testType="13cdc9d9-ddb5-4fa4-a97d-d965ccfc6d4b" outcome="Passed" testListId="8c84fa94-04c1-424b-9868-57a2d4851a1d" relativeResultsDirectory="55d18f74-4923-4cba-a06b-e50bc7262b2f" />
    <UnitTestResult executionId="228e8f5c-02e3-44de-92ef-152c66fdbf0b" testId="1b003f1d-3402-4d19-d525-b44547391f1a" testName="GetSearchPredicate_ShouldReturnPredicateFromFactory" computerName="DKSR-EFI-06" duration="00:00:00.0171897" startTime="2024-01-09T15:44:39.6386913+01:00" endTime="2024-01-09T15:44:39.6543149+01:00" testType="13cdc9d9-ddb5-4fa4-a97d-d965ccfc6d4b" outcome="Passed" testListId="8c84fa94-04c1-424b-9868-57a2d4851a1d" relativeResultsDirectory="228e8f5c-02e3-44de-92ef-152c66fdbf0b" />
    <UnitTestResult executionId="eaacb7eb-19af-4187-8e5c-c9e943bc496d" testId="aae80a07-bba1-9961-65be-939c18637c0f" testName="IsMatch_ShouldComparecolorCorrectly_WhenGivenValidPropertyValues (red,red,True)" computerName="DKSR-EFI-06" duration="00:00:00.0007047" startTime="2024-01-09T15:44:42.5605752+01:00" endTime="2024-01-09T15:44:42.5605752+01:00" testType="13cdc9d9-ddb5-4fa4-a97d-d965ccfc6d4b" outcome="Passed" testListId="8c84fa94-04c1-424b-9868-57a2d4851a1d" relativeResultsDirectory="eaacb7eb-19af-4187-8e5c-c9e943bc496d" />
    <UnitTestResult executionId="c004367c-3bbc-4fbf-b07d-f74e534e15cd" testId="98151138-966d-edaa-0ea5-0884f806fbe3" testName="GetBoundingPolygon_ShouldReturnPolygonsInSmartClientCoordinateSystem_WhenGivenOnvifCoordinateSystem (System.Double[])" computerName="DKSR-EFI-06" duration="00:00:00.0119181" startTime="2024-01-09T15:44:40.0605626+01:00" endTime="2024-01-09T15:44:40.0761923+01:00" testType="13cdc9d9-ddb5-4fa4-a97d-d965ccfc6d4b" outcome="Passed" testListId="8c84fa94-04c1-424b-9868-57a2d4851a1d" relativeResultsDirectory="c004367c-3bbc-4fbf-b07d-f74e534e15cd" />
    <UnitTestResult executionId="7ffbb984-1b83-403f-89d2-85f2821ec9e4" testId="37587483-e18a-a534-2d93-a854d07444cf" testName="IsEmpty_ShouldReturnBase_WhenSearchingWithoutDefaults (0,10,0,9,False)" computerName="DKSR-EFI-06" duration="00:00:00.0002871" startTime="2024-01-09T15:44:39.5449349+01:00" endTime="2024-01-09T15:44:39.5449349+01:00" testType="13cdc9d9-ddb5-4fa4-a97d-d965ccfc6d4b" outcome="Passed" testListId="8c84fa94-04c1-424b-9868-57a2d4851a1d" relativeResultsDirectory="7ffbb984-1b83-403f-89d2-85f2821ec9e4" />
    <UnitTestResult executionId="86953ad4-2461-4aa4-9a94-101212de9178" testId="9edf38d2-10df-1285-f1e9-196bcd9988f8" testName="Constructors_ShouldNotAllowInjectionOfNulls" computerName="DKSR-EFI-06" duration="00:00:00.0018179" startTime="2024-01-09T15:44:40.4980666+01:00" endTime="2024-01-09T15:44:40.4980666+01:00" testType="13cdc9d9-ddb5-4fa4-a97d-d965ccfc6d4b" outcome="Passed" testListId="8c84fa94-04c1-424b-9868-57a2d4851a1d" relativeResultsDirectory="86953ad4-2461-4aa4-9a94-101212de9178" />
    <UnitTestResult executionId="d30b12a2-9c78-46f7-9698-4926e24a8ce1" testId="ded8f92d-102b-0358-7b5e-2828b919f24e" testName="CreateGuid_ShouldReturnDifferentGuid_WhenUsingDifferentObjectId" computerName="DKSR-EFI-06" duration="00:00:00.0013715" startTime="2024-01-09T15:44:40.4668193+01:00" endTime="2024-01-09T15:44:40.4668193+01:00" testType="13cdc9d9-ddb5-4fa4-a97d-d965ccfc6d4b" outcome="Passed" testListId="8c84fa94-04c1-424b-9868-57a2d4851a1d" relativeResultsDirectory="d30b12a2-9c78-46f7-9698-4926e24a8ce1" />
    <UnitTestResult executionId="28c4d46f-d564-4edd-999e-9c250751b7b5" testId="46208886-2822-7a4d-9f45-2594097b10ac" testName="GetCustomFilters_ShouldReturnEmptyCollection_WhenThereAreNoCustomFilters" computerName="DKSR-EFI-06" duration="00:00:00.0011272" startTime="2024-01-09T15:45:38.7950452+01:00" endTime="2024-01-09T15:45:38.7950452+01:00" testType="13cdc9d9-ddb5-4fa4-a97d-d965ccfc6d4b" outcome="Passed" testListId="8c84fa94-04c1-424b-9868-57a2d4851a1d" relativeResultsDirectory="28c4d46f-d564-4edd-999e-9c250751b7b5" />
    <UnitTestResult executionId="1a40cc6b-3ec1-4fa4-ad82-594b1d2fbe2d" testId="ca147646-4355-af9f-461b-7fc1ef6c9150" testName="DoSearch_ShouldFindPeople_WhenAgePropertyIsPresent" computerName="DKSR-EFI-06" duration="00:00:02.9968683" startTime="2024-01-09T15:45:04.5918755+01:00" endTime="2024-01-09T15:45:07.5918787+01:00" testType="13cdc9d9-ddb5-4fa4-a97d-d965ccfc6d4b" outcome="Passed" testListId="8c84fa94-04c1-424b-9868-57a2d4851a1d" relativeResultsDirectory="1a40cc6b-3ec1-4fa4-ad82-594b1d2fbe2d" />
    <UnitTestResult executionId="d9975f21-22b5-42f3-a1f4-6c7853f7f3e1" testId="305d7ad1-754b-b20e-e365-f6184e1cc97e" testName="Constructors_ShouldNotAllowInjectionOfNulls" computerName="DKSR-EFI-06" duration="00:00:00.0029692" startTime="2024-01-09T15:45:38.6856708+01:00" endTime="2024-01-09T15:45:38.6856708+01:00" testType="13cdc9d9-ddb5-4fa4-a97d-d965ccfc6d4b" outcome="Passed" testListId="8c84fa94-04c1-424b-9868-57a2d4851a1d" relativeResultsDirectory="d9975f21-22b5-42f3-a1f4-6c7853f7f3e1" />
    <UnitTestResult executionId="411da37c-4b75-47a7-ad0f-c1b67469d635" testId="793c7d39-7106-ac74-be73-1143bc1bfdf9" testName="CreateGuid_ShouldReturnGuid_WhenObjectIdEmptyString" computerName="DKSR-EFI-06" duration="00:00:00.0008551" startTime="2024-01-09T15:44:40.4511944+01:00" endTime="2024-01-09T15:44:40.4511944+01:00" testType="13cdc9d9-ddb5-4fa4-a97d-d965ccfc6d4b" outcome="Passed" testListId="8c84fa94-04c1-424b-9868-57a2d4851a1d" relativeResultsDirectory="411da37c-4b75-47a7-ad0f-c1b67469d635" />
    <UnitTestResult executionId="762faa8e-3ac0-4011-a069-111a320c9246" testId="4f67632a-4e3f-54e2-bbbb-b46e8211d145" testName="CreateAgents_ShouldNotReturnPeople_WhenCategoryIsDisabled" computerName="DKSR-EFI-06" duration="00:00:00.0034351" startTime="2024-01-09T15:44:42.9668276+01:00" endTime="2024-01-09T15:44:42.9824529+01:00" testType="13cdc9d9-ddb5-4fa4-a97d-d965ccfc6d4b" outcome="Passed" testListId="8c84fa94-04c1-424b-9868-57a2d4851a1d" relativeResultsDirectory="762faa8e-3ac0-4011-a069-111a320c9246" />
    <UnitTestResult executionId="6c41821a-64fb-49e7-afde-9ece2c5bd3fa" testId="60e80acb-4b4f-9012-dd83-8197d27088df" testName="IsMatch_ShouldReturnTrue_WhenObjectElementHasFullyMatchingClassWithCaseMissmatchInPropertyValue" computerName="DKSR-EFI-06" duration="00:00:00.0012828" startTime="2024-01-09T15:44:42.7480747+01:00" endTime="2024-01-09T15:44:42.7480747+01:00" testType="13cdc9d9-ddb5-4fa4-a97d-d965ccfc6d4b" outcome="Passed" testListId="8c84fa94-04c1-424b-9868-57a2d4851a1d" relativeResultsDirectory="6c41821a-64fb-49e7-afde-9ece2c5bd3fa" />
    <UnitTestResult executionId="8a1f3c68-92c8-4486-bc1a-8bac1bc4f512" testId="385e9e4e-5151-54c2-b1cc-cc27d181a957" testName="IsMatch_ShouldReturnFalse_WhenNonOfTheValuesAreInRange" computerName="DKSR-EFI-06" duration="00:00:00.0013547" startTime="2024-01-09T15:44:42.6074504+01:00" endTime="2024-01-09T15:44:42.6074504+01:00" testType="13cdc9d9-ddb5-4fa4-a97d-d965ccfc6d4b" outcome="Passed" testListId="8c84fa94-04c1-424b-9868-57a2d4851a1d" relativeResultsDirectory="8a1f3c68-92c8-4486-bc1a-8bac1bc4f512" />
    <UnitTestResult executionId="5b8358a2-b3fa-4304-bbef-f0c9a4b3904b" testId="ad937d21-993c-7f1a-8fa0-80c5eedeab97" testName="IsMatch_ShouldReturnFalse_WhenGivenFrameObjectWithInvalidProperties" computerName="DKSR-EFI-06" duration="00:00:00.0082923" startTime="2024-01-09T15:44:42.6387005+01:00" endTime="2024-01-09T15:44:42.6387005+01:00" testType="13cdc9d9-ddb5-4fa4-a97d-d965ccfc6d4b" outcome="Passed" testListId="8c84fa94-04c1-424b-9868-57a2d4851a1d" relativeResultsDirectory="5b8358a2-b3fa-4304-bbef-f0c9a4b3904b" />
    <UnitTestResult executionId="3ea4a076-2ad1-44f7-8da0-942d2804a23d" testId="817b77eb-bf56-7bdc-eb38-c60ea94fbfb5" testName="GetValue_ShouldReturnAValue_WhenCalledWithKnownVehicleTypeIds (e3e361ea-8750-4b83-b503-d78ddacd1fe0)" computerName="DKSR-EFI-06" duration="00:00:00.0000099" startTime="2024-01-09T15:45:38.8419182+01:00" endTime="2024-01-09T15:45:38.8419182+01:00" testType="13cdc9d9-ddb5-4fa4-a97d-d965ccfc6d4b" outcome="Passed" testListId="8c84fa94-04c1-424b-9868-57a2d4851a1d" relativeResultsDirectory="3ea4a076-2ad1-44f7-8da0-942d2804a23d" />
    <UnitTestResult executionId="1d5989a7-0411-44f5-b83d-1728dd194da3" testId="52b3e7e8-c4a5-3878-cfaf-52c526b4299d" testName="DoSearch_ShouldFindVehicle_WhenClassIsVehical" computerName="DKSR-EFI-06" duration="00:00:03.1851808" startTime="2024-01-09T15:45:18.5762806+01:00" endTime="2024-01-09T15:45:21.7637871+01:00" testType="13cdc9d9-ddb5-4fa4-a97d-d965ccfc6d4b" outcome="Passed" testListId="8c84fa94-04c1-424b-9868-57a2d4851a1d" relativeResultsDirectory="1d5989a7-0411-44f5-b83d-1728dd194da3" />
    <UnitTestResult executionId="f5df6915-5e77-4f92-aa01-179005ac211c" testId="d8c2e320-6190-1b72-f66d-bb30497b2432" testName="IsMatch_ShouldReturnTrue_WhenAnyClassIsPresent" computerName="DKSR-EFI-06" duration="00:00:00.0009205" startTime="2024-01-09T15:44:38.5605615+01:00" endTime="2024-01-09T15:44:38.5605615+01:00" testType="13cdc9d9-ddb5-4fa4-a97d-d965ccfc6d4b" outcome="Passed" testListId="8c84fa94-04c1-424b-9868-57a2d4851a1d" relativeResultsDirectory="f5df6915-5e77-4f92-aa01-179005ac211c" />
    <UnitTestResult executionId="939ea8a7-198e-4949-bafc-de9597e86ceb" testId="6568c19e-8bf2-d34d-5eef-b1a22db6673c" testName="Constructors_ShouldNotAllowInjectionOfNulls" computerName="DKSR-EFI-06" duration="00:00:00.0009557" startTime="2024-01-09T15:44:42.6074504+01:00" endTime="2024-01-09T15:44:42.6074504+01:00" testType="13cdc9d9-ddb5-4fa4-a97d-d965ccfc6d4b" outcome="Passed" testListId="8c84fa94-04c1-424b-9868-57a2d4851a1d" relativeResultsDirectory="939ea8a7-198e-4949-bafc-de9597e86ceb" />
    <UnitTestResult executionId="9f3f08a1-6fba-4827-addb-5ea9ad189a08" testId="7c79ce62-edca-d66d-7a06-5b9a9eacd5c6" testName="Constructors_ShouldNotAllowInjectionOfEmptyObjectCollection" computerName="DKSR-EFI-06" duration="00:00:00.0014740" startTime="2024-01-09T15:44:51.1699810+01:00" endTime="2024-01-09T15:44:51.1699810+01:00" testType="13cdc9d9-ddb5-4fa4-a97d-d965ccfc6d4b" outcome="Passed" testListId="8c84fa94-04c1-424b-9868-57a2d4851a1d" relativeResultsDirectory="9f3f08a1-6fba-4827-addb-5ea9ad189a08" />
    <UnitTestResult executionId="4038e7bf-f90d-447c-9411-1792ef51466d" testId="81b93e8e-482e-e408-eee4-d9aa0556e6f0" testName="IsMatch_ShouldReturnTrue_WhenObjectElementHasFullyMatchingPropertyWithCaseMissmatch" computerName="DKSR-EFI-06" duration="00:00:00.0013040" startTime="2024-01-09T15:44:42.7949514+01:00" endTime="2024-01-09T15:44:42.7949514+01:00" testType="13cdc9d9-ddb5-4fa4-a97d-d965ccfc6d4b" outcome="Passed" testListId="8c84fa94-04c1-424b-9868-57a2d4851a1d" relativeResultsDirectory="4038e7bf-f90d-447c-9411-1792ef51466d" />
    <UnitTestResult executionId="a2198b77-0e0a-4e42-8eb1-b724db953d6b" testId="eac2e640-9ce9-7c4d-f7fa-c93756d8fd21" testName="IsMatch_ShouldReturnFalse_WhenObjectIsNull" computerName="DKSR-EFI-06" duration="00:00:00.0011351" startTime="2024-01-09T15:44:42.5605752+01:00" endTime="2024-01-09T15:44:42.5605752+01:00" testType="13cdc9d9-ddb5-4fa4-a97d-d965ccfc6d4b" outcome="Passed" testListId="8c84fa94-04c1-424b-9868-57a2d4851a1d" relativeResultsDirectory="a2198b77-0e0a-4e42-8eb1-b724db953d6b" />
  </Results>
  <TestDefinitions>
    <UnitTest name="SearchingForHumans_ShouldReturnAllHumansInFrame_WhenThereAreMultiple" storage="d:\actions-runner\_work\xpco\xpco\metadatasearch\plugin.tests\bin\debug\plugin.tests.dll" id="914093fc-0ae9-8737-896a-2c2db34dfcfc">
      <Execution id="8286d1df-916f-42bd-a6a4-e38010626a01" />
      <TestMethod codeBase="D:\actions-runner\_work\XPCO\XPCO\MetadataSearch\Plugin.Tests\bin\Debug\Plugin.Tests.dll" adapterTypeName="executor://mstestadapter/v2" className="VideoOS.MetadataSearch.Plugin.Tests.FunctionalTests.SearchTests" name="SearchingForHumans_ShouldReturnAllHumansInFrame_WhenThereAreMultiple" />
    </UnitTest>
    <UnitTest name="TryParseColor_ShouldReturn_CorrectResult (Red,True)" storage="d:\actions-runner\_work\xpco\xpco\metadatasearch\plugin.tests\bin\debug\plugin.tests.dll" id="6ec1a2c8-6831-bb68-1dd4-6d5d9dedc3a6">
      <Execution id="4ed356c5-9511-4e6d-bd40-b325b45a6dd4" />
      <TestMethod codeBase="D:\actions-runner\_work\XPCO\XPCO\MetadataSearch\Plugin.Tests\bin\Debug\Plugin.Tests.dll" adapterTypeName="executor://mstestadapter/v2" className="VideoOS.MetadataSearch.Plugin.Tests.Search.ColorHandling.MilestoneColorParserTests" name="TryParseColor_ShouldReturn_CorrectResult" />
    </UnitTest>
    <UnitTest name="FilterObjects_ShouldReturnSequenceWithCorrectTimeRange_WhenGivenConsecutiveFramesWithObjects" storage="d:\actions-runner\_work\xpco\xpco\metadatasearch\plugin.tests\bin\debug\plugin.tests.dll" id="d36eae41-8262-e7e1-541f-b2641f83204d">
      <Execution id="d219679e-e35c-4158-ab28-239f46a9ef79" />
      <TestMethod codeBase="D:\actions-runner\_work\XPCO\XPCO\MetadataSearch\Plugin.Tests\bin\Debug\Plugin.Tests.dll" adapterTypeName="executor://mstestadapter/v2" className="VideoOS.MetadataSearch.Plugin.Tests.MetadataSearchEngineTests" name="FilterObjects_ShouldReturnSequenceWithCorrectTimeRange_WhenGivenConsecutiveFramesWithObjects" />
    </UnitTest>
    <UnitTest name="SearchingForHumans_ShouldReturnHumans_WhenThereAreMultipleClassesCandidatesFound" storage="d:\actions-runner\_work\xpco\xpco\metadatasearch\plugin.tests\bin\debug\plugin.tests.dll" id="7d722e1e-4b06-2bcd-088b-bc5b5722c0b1">
      <Execution id="0729ac79-b394-4672-980d-2a2dd48b128b" />
      <TestMethod codeBase="D:\actions-runner\_work\XPCO\XPCO\MetadataSearch\Plugin.Tests\bin\Debug\Plugin.Tests.dll" adapterTypeName="executor://mstestadapter/v2" className="VideoOS.MetadataSearch.Plugin.Tests.FunctionalTests.SearchTests" name="SearchingForHumans_ShouldReturnHumans_WhenThereAreMultipleClassesCandidatesFound" />
    </UnitTest>
    <UnitTest name="IsMatch_ShouldReturnTrue_WhenValueIsWhitinRange" storage="d:\actions-runner\_work\xpco\xpco\metadatasearch\plugin.tests\bin\debug\plugin.tests.dll" id="74ddc7c3-02ad-d786-3e81-678bef6c5666">
      <Execution id="05c9bf3c-9ebe-43e6-af95-61a21ca454cc" />
      <TestMethod codeBase="D:\actions-runner\_work\XPCO\XPCO\MetadataSearch\Plugin.Tests\bin\Debug\Plugin.Tests.dll" adapterTypeName="executor://mstestadapter/v2" className="VideoOS.MetadataSearch.Plugin.Tests.Search.Predicates.RangeSearchPredicateTests" name="IsMatch_ShouldWorkJustFine" />
    </UnitTest>
    <UnitTest name="IsEmpty_ShouldReturnTrue_WhenThereAreNoFramesInTheSpecifiedTimeRange (False)" storage="d:\actions-runner\_work\xpco\xpco\metadatasearch\plugin.tests\bin\debug\plugin.tests.dll" id="bdb7e663-b622-2087-7954-8ebc47f08947">
      <Execution id="980779c6-6a60-42aa-81e6-bf7ef0f17ad4" />
      <TestMethod codeBase="D:\actions-runner\_work\XPCO\XPCO\MetadataSearch\Plugin.Tests\bin\Debug\Plugin.Tests.dll" adapterTypeName="executor://mstestadapter/v2" className="VideoOS.MetadataSearch.Plugin.Tests.SearchAgent.MIPMetadataObjectSourceTests" name="IsEmpty_ShouldReturnTrue_WhenThereAreNoFramesInTheSpecifiedTimeRange" />
    </UnitTest>
    <UnitTest name="Constructors_ShouldNotAllowInjectionOfNulls" storage="d:\actions-runner\_work\xpco\xpco\metadatasearch\plugin.tests\bin\debug\plugin.tests.dll" id="58184755-b208-0d97-c83b-7bc984073520">
      <Execution id="dde52e55-3245-4f54-a01e-c6e35d111c31" />
      <TestMethod codeBase="D:\actions-runner\_work\XPCO\XPCO\MetadataSearch\Plugin.Tests\bin\Debug\Plugin.Tests.dll" adapterTypeName="executor://mstestadapter/v2" className="VideoOS.MetadataSearch.Plugin.Configuration.Tests.MetadataObjectDefinitionTests" name="Constructors_ShouldNotAllowInjectionOfNulls" />
    </UnitTest>
    <UnitTest name="IsEmpty_ShouldReturnBase_WhenSearchingWithoutDefaults (0,10,0,9,False)" storage="d:\actions-runner\_work\xpco\xpco\metadatasearch\plugin.tests\bin\debug\plugin.tests.dll" id="37587483-e18a-a534-2d93-a854d07444cf">
      <Execution id="7ffbb984-1b83-403f-89d2-85f2821ec9e4" />
      <TestMethod codeBase="D:\actions-runner\_work\XPCO\XPCO\MetadataSearch\Plugin.Tests\bin\Debug\Plugin.Tests.dll" adapterTypeName="executor://mstestadapter/v2" className="VideoOS.MetadataSearch.Plugin.Search.Filters.Tests.RangeSearchFilterTests" name="IsEmpty_ShouldReturnBase_WhenSearchingWithoutDefaults" />
    </UnitTest>
    <UnitTest name="GetFilterValues_ShouldReturnGendersValues_WhenValueIsValid" storage="d:\actions-runner\_work\xpco\xpco\metadatasearch\plugin.tests\bin\debug\plugin.tests.dll" id="75a62d1d-a8c9-5e1b-d60b-36256a029b10">
      <Execution id="c90b73bc-364b-4cf7-b072-38fd8996bd54" />
      <TestMethod codeBase="D:\actions-runner\_work\XPCO\XPCO\MetadataSearch\Plugin.Tests\bin\Debug\Plugin.Tests.dll" adapterTypeName="executor://mstestadapter/v2" className="VideoOS.MetadataSearch.Plugin.Search.FilterValueProviders.Tests.GenderValueProviderTests" name="GetFilterValues_ShouldReturnGendersValues_WhenValueIsValid" />
    </UnitTest>
    <UnitTest name="IsMatch_ShouldReturnFalse_WhenPropertyIsPartialHit" storage="d:\actions-runner\_work\xpco\xpco\metadatasearch\plugin.tests\bin\debug\plugin.tests.dll" id="ee4196a5-3fd9-23c9-5f93-141479c13ec5">
      <Execution id="64ae8853-954e-46ac-a56a-19830b21480d" />
      <TestMethod codeBase="D:\actions-runner\_work\XPCO\XPCO\MetadataSearch\Plugin.Tests\bin\Debug\Plugin.Tests.dll" adapterTypeName="executor://mstestadapter/v2" className="VideoOS.MetadataSearch.Plugin.Search.Tests.Predicates.CategorySearchPredicateTests" name="IsMatch_ShouldReturnCorrectResult" />
    </UnitTest>
    <UnitTest name="Constructors_ShouldNotAllowInjectionOfNulls" storage="d:\actions-runner\_work\xpco\xpco\metadatasearch\plugin.tests\bin\debug\plugin.tests.dll" id="a8544f70-e74c-4651-b3a5-938eee84946c">
      <Execution id="a4448eb1-127d-4608-9140-0a2a95f2f90c" />
      <TestMethod codeBase="D:\actions-runner\_work\XPCO\XPCO\MetadataSearch\Plugin.Tests\bin\Debug\Plugin.Tests.dll" adapterTypeName="executor://mstestadapter/v2" className="VideoOS.MetadataSearch.Plugin.Configuration.Tests.MetadataSearchNamespaceTests" name="Constructors_ShouldNotAllowInjectionOfNulls" />
    </UnitTest>
    <UnitTest name="ResetValue_ShouldResetValue" storage="d:\actions-runner\_work\xpco\xpco\metadatasearch\plugin.tests\bin\debug\plugin.tests.dll" id="62422b45-6ca8-e5f2-acdb-9028e1f7779e">
      <Execution id="c568d5b3-7a0c-4054-b192-83e5a157bd9f" />
      <TestMethod codeBase="D:\actions-runner\_work\XPCO\XPCO\MetadataSearch\Plugin.Tests\bin\Debug\Plugin.Tests.dll" adapterTypeName="executor://mstestadapter/v2" className="VideoOS.MetadataSearch.Plugin.Search.Filters.Tests.GeoCoordinatesSearchFilterTests" name="ResetValue_ShouldResetValue" />
    </UnitTest>
    <UnitTest name="SerializeRoundtrip_ShouldReturnSameProperties" storage="d:\actions-runner\_work\xpco\xpco\metadatasearch\plugin.tests\bin\debug\plugin.tests.dll" id="622ddc1e-1b08-2724-a4a8-117fa310d9d4">
      <Execution id="34cd2935-a0c8-4c46-8ec3-8231a0c20084" />
      <TestMethod codeBase="D:\actions-runner\_work\XPCO\XPCO\MetadataSearch\Plugin.Tests\bin\Debug\Plugin.Tests.dll" adapterTypeName="executor://mstestadapter/v2" className="VideoOS.MetadataSearch.Plugin.Search.Filters.Tests.GeoCoordinatesFilterValueTests" name="SerializeRoundtrip_ShouldReturnSameProperties" />
    </UnitTest>
    <UnitTest name="CreateGuid_ShouldReturnDifferentGuid_WhenUsingDifferentEndTime" storage="d:\actions-runner\_work\xpco\xpco\metadatasearch\plugin.tests\bin\debug\plugin.tests.dll" id="6a961c02-718c-8949-3956-b0d5d43fedad">
      <Execution id="b7d752d8-e6b9-4cdd-aa50-5ca29eabb3b0" />
      <TestMethod codeBase="D:\actions-runner\_work\XPCO\XPCO\MetadataSearch\Plugin.Tests\bin\Debug\Plugin.Tests.dll" adapterTypeName="executor://mstestadapter/v2" className="VideoOS.MetadataSearch.Plugin.Tests.IdGeneratorTests" name="CreateGuid_ShouldReturnDifferentGuid_WhenUsingDifferentEndTime" />
    </UnitTest>
    <UnitTest name="FilterObjects_ShouldReturnSeparatelyGroupedResults_WhenGivenConsecutiveFramesWithDifferentObjects" storage="d:\actions-runner\_work\xpco\xpco\metadatasearch\plugin.tests\bin\debug\plugin.tests.dll" id="fd262f28-513a-06d4-2128-ee1905d76942">
      <Execution id="7b4d2ac0-6f9e-406a-9601-e09553b1dd62" />
      <TestMethod codeBase="D:\actions-runner\_work\XPCO\XPCO\MetadataSearch\Plugin.Tests\bin\Debug\Plugin.Tests.dll" adapterTypeName="executor://mstestadapter/v2" className="VideoOS.MetadataSearch.Plugin.Tests.MetadataSearchEngineTests" name="FilterObjects_ShouldReturnSeparatelyGroupedResults_WhenGivenConsecutiveFramesWithDifferentObjects" />
    </UnitTest>
    <UnitTest name="IsMatch_ShouldReturnTrue_WhenObjectElementHasFullyMatchingProperty" storage="d:\actions-runner\_work\xpco\xpco\metadatasearch\plugin.tests\bin\debug\plugin.tests.dll" id="84a6a636-074f-0b50-475c-d1c3182a365f">
      <Execution id="b310e519-b570-4ab2-9979-cec7901e457f" />
      <TestMethod codeBase="D:\actions-runner\_work\XPCO\XPCO\MetadataSearch\Plugin.Tests\bin\Debug\Plugin.Tests.dll" adapterTypeName="executor://mstestadapter/v2" className="VideoOS.MetadataSearch.Plugin.Tests.Search.Predicates.FullMatchSearchPredicateTests" name="IsMatch_ShouldWorkJustFine" />
    </UnitTest>
    <UnitTest name="GetBuiltInVehicleFilters_ShouldIncludeLicensePlateAndColor_WhenBothArePresent" storage="d:\actions-runner\_work\xpco\xpco\metadatasearch\plugin.tests\bin\debug\plugin.tests.dll" id="bb800a38-74b6-a1ae-2290-f5b2e1bb54b0">
      <Execution id="c864520c-0086-4ff9-ada9-2c31fead0132" />
      <TestMethod codeBase="D:\actions-runner\_work\XPCO\XPCO\MetadataSearch\Plugin.Tests\bin\Debug\Plugin.Tests.dll" adapterTypeName="executor://mstestadapter/v2" className="VideoOS.MetadataSearch.Plugin.Configuration.Tests.MetadataCategoryTests" name="GetBuiltInVehicleFilters_ShouldIncludeLicensePlateAndColor_WhenBothArePresent" />
    </UnitTest>
    <UnitTest name="Constructors_ShouldNotAllowInjectionOfNulls" storage="d:\actions-runner\_work\xpco\xpco\metadatasearch\plugin.tests\bin\debug\plugin.tests.dll" id="5fdf73d2-a6c3-1d96-993b-9adde6849458">
      <Execution id="4850be42-3034-4336-854a-b68bdc71b513" />
      <TestMethod codeBase="D:\actions-runner\_work\XPCO\XPCO\MetadataSearch\Plugin.Tests\bin\Debug\Plugin.Tests.dll" adapterTypeName="executor://mstestadapter/v2" className="VideoOS.MetadataSearch.Plugin.Tests.Search.Predicates.ColorPredicateTests" name="Constructors_ShouldNotAllowInjectionOfNulls" />
    </UnitTest>
    <UnitTest name="IsMatch_ShouldReturnFalse_WhenClassIsNotMatch" storage="d:\actions-runner\_work\xpco\xpco\metadatasearch\plugin.tests\bin\debug\plugin.tests.dll" id="4159a119-791f-95a8-3b26-2311b7b6e23a">
      <Execution id="a8aaa322-cfc3-43e2-a4bd-b4efe5852543" />
      <TestMethod codeBase="D:\actions-runner\_work\XPCO\XPCO\MetadataSearch\Plugin.Tests\bin\Debug\Plugin.Tests.dll" adapterTypeName="executor://mstestadapter/v2" className="VideoOS.MetadataSearch.Plugin.Search.Tests.Predicates.CategorySearchPredicateTests" name="IsMatch_ShouldReturnCorrectResult" />
    </UnitTest>
    <UnitTest name="GetFilterValues_ShouldReturnLowAndHighValues_WhenValueIsValid" storage="d:\actions-runner\_work\xpco\xpco\metadatasearch\plugin.tests\bin\debug\plugin.tests.dll" id="4ad0f67f-332b-bbe3-a5c7-2a02d9b7e9fc">
      <Execution id="c409abf4-0bed-4fca-8ba8-03a3a4d36da4" />
      <TestMethod codeBase="D:\actions-runner\_work\XPCO\XPCO\MetadataSearch\Plugin.Tests\bin\Debug\Plugin.Tests.dll" adapterTypeName="executor://mstestadapter/v2" className="VideoOS.MetadataSearch.Plugin.Search.FilterValueProviders.Tests.RangeFilterValueProviderTests" name="GetFilterValues_ShouldReturnLowAndHighValues_WhenValueIsValid" />
    </UnitTest>
    <UnitTest name="GetCustomFilters_ShouldReturnEmptyCollection_WhenThereAreNoFiltersInTheCategory" storage="d:\actions-runner\_work\xpco\xpco\metadatasearch\plugin.tests\bin\debug\plugin.tests.dll" id="0f1de36e-d4d0-1d46-2d17-139a941ec6fd">
      <Execution id="1cce2c34-ca2f-45b0-b121-ddd21bb8bff5" />
      <TestMethod codeBase="D:\actions-runner\_work\XPCO\XPCO\MetadataSearch\Plugin.Tests\bin\Debug\Plugin.Tests.dll" adapterTypeName="executor://mstestadapter/v2" className="VideoOS.MetadataSearch.Plugin.Configuration.Tests.MetadataCategoryTests" name="GetCustomFilters_ShouldReturnEmptyCollection_WhenThereAreNoFiltersInTheCategory" />
    </UnitTest>
    <UnitTest name="IsMatch_ShouldReturnFalse_WhenGivenFrameObjectWithMissingProperties" storage="d:\actions-runner\_work\xpco\xpco\metadatasearch\plugin.tests\bin\debug\plugin.tests.dll" id="4eedc99a-8571-7659-b7c0-30be5370ac1a">
      <Execution id="382a2c12-cd82-475a-9991-7c94cc0a2691" />
      <TestMethod codeBase="D:\actions-runner\_work\XPCO\XPCO\MetadataSearch\Plugin.Tests\bin\Debug\Plugin.Tests.dll" adapterTypeName="executor://mstestadapter/v2" className="VideoOS.MetadataSearch.Plugin.Tests.Search.Predicates.GeoCoordinatesPredicateTests" name="IsMatch_ShouldReturnFalse_WhenGivenFrameObjectWithMissingProperties" />
    </UnitTest>
    <UnitTest name="GetCategorySearchPredicate_ShouldReturnEmptyPredicate_WhenThereAreNoFiltersNorClassCandidates" storage="d:\actions-runner\_work\xpco\xpco\metadatasearch\plugin.tests\bin\debug\plugin.tests.dll" id="693f356a-9e20-f5a7-48b2-6e45b1e254de">
      <Execution id="7c3a6cd0-b65d-49e0-b65e-785e589d0c57" />
      <TestMethod codeBase="D:\actions-runner\_work\XPCO\XPCO\MetadataSearch\Plugin.Tests\bin\Debug\Plugin.Tests.dll" adapterTypeName="executor://mstestadapter/v2" className="VideoOS.MetadataSearch.Plugin.Configuration.Tests.MetadataCategoryTests" name="GetCategorySearchPredicate_ShouldReturnEmptyPredicate_WhenThereAreNoFiltersNorClassCandidates" />
    </UnitTest>
    <UnitTest name="Constructors_ShouldNotAllowInjectionOfNulls" storage="d:\actions-runner\_work\xpco\xpco\metadatasearch\plugin.tests\bin\debug\plugin.tests.dll" id="fd7a8bbd-54c4-4946-4b33-4404ccf9c270">
      <Execution id="2fa05432-f9c9-492f-92c6-89863af6f68c" />
      <TestMethod codeBase="D:\actions-runner\_work\XPCO\XPCO\MetadataSearch\Plugin.Tests\bin\Debug\Plugin.Tests.dll" adapterTypeName="executor://mstestadapter/v2" className="VideoOS.MetadataSearch.Plugin.Tests.Data.DeviceProfileTests" name="Constructors_ShouldNotAllowInjectionOfNulls" />
    </UnitTest>
    <UnitTest name="GetMetadataObjectsAsync_ShouldThrowTaskCanceledException_WhenCancelled" storage="d:\actions-runner\_work\xpco\xpco\metadatasearch\plugin.tests\bin\debug\plugin.tests.dll" id="3f3f2b4f-7275-5a9d-e8aa-76a35c9894f2">
      <Execution id="c8b8c979-840f-40de-a8ef-3c8079bf07df" />
      <TestMethod codeBase="D:\actions-runner\_work\XPCO\XPCO\MetadataSearch\Plugin.Tests\bin\Debug\Plugin.Tests.dll" adapterTypeName="executor://mstestadapter/v2" className="VideoOS.MetadataSearch.Plugin.Tests.MetadataSearchResultDataTests" name="GetMetadataObjectsAsync_ShouldThrowTaskCanceledException_WhenCancelled" />
    </UnitTest>
    <UnitTest name="GetBoundingBox_ShouldReturnNull_WhenGivenFrameObjectWithNoPolygon" storage="d:\actions-runner\_work\xpco\xpco\metadatasearch\plugin.tests\bin\debug\plugin.tests.dll" id="acd20d9c-932c-04b3-af3f-0c21e5fe86ad">
      <Execution id="21753311-34c8-4cc3-bbb7-6fbc9617e113" />
      <TestMethod codeBase="D:\actions-runner\_work\XPCO\XPCO\MetadataSearch\Plugin.Tests\bin\Debug\Plugin.Tests.dll" adapterTypeName="executor://mstestadapter/v2" className="VideoOS.MetadataSearch.Plugin.Tests.MetadataBoundingShapeTests" name="GetBoundingBox_ShouldReturnNull_WhenGivenFrameObjectWithNoPolygon" />
    </UnitTest>
    <UnitTest name="DoSearch_ShouldContinueSearching_WhenFrameContainsNonWellFormedXml" storage="d:\actions-runner\_work\xpco\xpco\metadatasearch\plugin.tests\bin\debug\plugin.tests.dll" id="16a27c04-08e6-c7c5-778f-2dd89f9d8f2c">
      <Execution id="8a13bd52-9f84-4c29-b72e-6ab7fe0937b8" />
      <TestMethod codeBase="D:\actions-runner\_work\XPCO\XPCO\MetadataSearch\Plugin.Tests\bin\Debug\Plugin.Tests.dll" adapterTypeName="executor://mstestadapter/v2" className="VideoOS.MetadataSearch.Plugin.Tests.FunctionalTests.FullPluginTests" name="DoSearch_ShouldContinueSearching_WhenFrameContainsNonWellFormedXml" />
    </UnitTest>
    <UnitTest name="IsMatch_ShouldReturnTrue_WhenObjectElementHasCorrectValueWithSuffix" storage="d:\actions-runner\_work\xpco\xpco\metadatasearch\plugin.tests\bin\debug\plugin.tests.dll" id="cf18dd52-6916-12e2-2fed-58d3cb34a544">
      <Execution id="92f3d913-01d9-4c24-a7e1-7d23fd542c87" />
      <TestMethod codeBase="D:\actions-runner\_work\XPCO\XPCO\MetadataSearch\Plugin.Tests\bin\Debug\Plugin.Tests.dll" adapterTypeName="executor://mstestadapter/v2" className="VideoOS.MetadataSearch.Plugin.Tests.Search.Predicates.PartialMatchSearchPredicateTests" name="IsMatch_ShouldWorkCorrectly" />
    </UnitTest>
    <UnitTest name="SearchingForHumanOrFace_ShouldReturnAllHumansInFrame_WhenSecondClassDetectedOnThierdFrame" storage="d:\actions-runner\_work\xpco\xpco\metadatasearch\plugin.tests\bin\debug\plugin.tests.dll" id="9060ef63-7e3c-7dab-8fd8-e26076a59f0b">
      <Execution id="8f0c1101-1543-40cb-8327-b5bd8ee83d6c" />
      <TestMethod codeBase="D:\actions-runner\_work\XPCO\XPCO\MetadataSearch\Plugin.Tests\bin\Debug\Plugin.Tests.dll" adapterTypeName="executor://mstestadapter/v2" className="VideoOS.MetadataSearch.Plugin.Tests.FunctionalTests.SearchTests" name="SearchingForHumanOrFace_ShouldReturnAllHumansInFrame_WhenSecondClassDetectedOnThierdFrame" />
    </UnitTest>
    <UnitTest name="Parse_ShouldHandleXml_WithoutProperties" storage="d:\actions-runner\_work\xpco\xpco\metadatasearch\plugin.tests\bin\debug\plugin.tests.dll" id="e41f9d28-d915-2bd2-26d6-870d7a6aa89e">
      <Execution id="d3d191ee-272c-4825-a1c4-97185ee9fcb9" />
      <TestMethod codeBase="D:\actions-runner\_work\XPCO\XPCO\MetadataSearch\Plugin.Tests\bin\Debug\Plugin.Tests.dll" adapterTypeName="executor://mstestadapter/v2" className="VideoOS.MetadataSearch.Plugin.Tests.Data.DeviceProfileTests" name="Parse_ShouldHandleXml_WithoutProperties" />
    </UnitTest>
    <UnitTest name="IsMatch_ShouldReturnFalse_WhenNoneOfThePredicatesIsMatched" storage="d:\actions-runner\_work\xpco\xpco\metadatasearch\plugin.tests\bin\debug\plugin.tests.dll" id="85ac4351-05ae-c462-6fbc-c2a9712dcfbb">
      <Execution id="67791b27-ee17-4ab2-a217-0f1cc60c200c" />
      <TestMethod codeBase="D:\actions-runner\_work\XPCO\XPCO\MetadataSearch\Plugin.Tests\bin\Debug\Plugin.Tests.dll" adapterTypeName="executor://mstestadapter/v2" className="VideoOS.MetadataSearch.Plugin.Tests.Search.Predicates.CompositeUnionSearchPredicateTests" name="IsMatch_ShouldWorkCorrectly" />
    </UnitTest>
    <UnitTest name="GetCategorySearchPredicate_ShouldReturnPredicateWithoutRelatedProperties_WhenEnabledFilterHasNoRelatedProperties" storage="d:\actions-runner\_work\xpco\xpco\metadatasearch\plugin.tests\bin\debug\plugin.tests.dll" id="a78aa3f2-532a-6d0f-d478-72348a03be8f">
      <Execution id="1aff2ca5-3a8c-485e-bcff-790ce322e055" />
      <TestMethod codeBase="D:\actions-runner\_work\XPCO\XPCO\MetadataSearch\Plugin.Tests\bin\Debug\Plugin.Tests.dll" adapterTypeName="executor://mstestadapter/v2" className="VideoOS.MetadataSearch.Plugin.Configuration.Tests.MetadataCategoryTests" name="GetCategorySearchPredicate_ShouldReturnPredicateWithoutRelatedProperties_WhenEnabledFilterHasNoRelatedProperties" />
    </UnitTest>
    <UnitTest name="IsMatch_ShouldReturnFalse_WhenNoneOfTheValuesAreValidNumber" storage="d:\actions-runner\_work\xpco\xpco\metadatasearch\plugin.tests\bin\debug\plugin.tests.dll" id="cf4dde5a-6cbd-8ba1-e980-ad5342d492f2">
      <Execution id="616efa8c-98f2-4b81-94c9-b807ea9dd986" />
      <TestMethod codeBase="D:\actions-runner\_work\XPCO\XPCO\MetadataSearch\Plugin.Tests\bin\Debug\Plugin.Tests.dll" adapterTypeName="executor://mstestadapter/v2" className="VideoOS.MetadataSearch.Plugin.Tests.Search.Predicates.RangeSearchPredicateTests" name="IsMatch_ShouldWorkJustFine" />
    </UnitTest>
    <UnitTest name="GetFrames_ShouldReturnReturnEmptyCollection_WhenThereAreNoFramesInTheSpecifiedTimeRange (True)" storage="d:\actions-runner\_work\xpco\xpco\metadatasearch\plugin.tests\bin\debug\plugin.tests.dll" id="45834d49-53e1-d4c2-01f8-62e2b8637be2">
      <Execution id="9b730f30-dbd1-4202-a35e-43d950b1ba70" />
      <TestMethod codeBase="D:\actions-runner\_work\XPCO\XPCO\MetadataSearch\Plugin.Tests\bin\Debug\Plugin.Tests.dll" adapterTypeName="executor://mstestadapter/v2" className="VideoOS.MetadataSearch.Plugin.Tests.SearchAgent.MIPMetadataObjectSourceTests" name="GetFrames_ShouldReturnReturnEmptyCollection_WhenThereAreNoFramesInTheSpecifiedTimeRange" />
    </UnitTest>
    <UnitTest name="IsEmpty_ShouldReturnFalse_WhenSearchingWithDefaults (0,10,0,10)" storage="d:\actions-runner\_work\xpco\xpco\metadatasearch\plugin.tests\bin\debug\plugin.tests.dll" id="9d101f44-0905-1aab-02aa-fb6b719f6e5a">
      <Execution id="a46da935-dbc2-4bd9-998c-cca6f209b919" />
      <TestMethod codeBase="D:\actions-runner\_work\XPCO\XPCO\MetadataSearch\Plugin.Tests\bin\Debug\Plugin.Tests.dll" adapterTypeName="executor://mstestadapter/v2" className="VideoOS.MetadataSearch.Plugin.Search.Filters.Tests.RangeSearchFilterTests" name="IsEmpty_ShouldReturnFalse_WhenSearchingWithDefaults" />
    </UnitTest>
    <UnitTest name="Constructors_ShouldNotAllowInjectionOfNulls" storage="d:\actions-runner\_work\xpco\xpco\metadatasearch\plugin.tests\bin\debug\plugin.tests.dll" id="305d7ad1-754b-b20e-e365-f6184e1cc97e">
      <Execution id="d9975f21-22b5-42f3-a1f4-6c7853f7f3e1" />
      <TestMethod codeBase="D:\actions-runner\_work\XPCO\XPCO\MetadataSearch\Plugin.Tests\bin\Debug\Plugin.Tests.dll" adapterTypeName="executor://mstestadapter/v2" className="VideoOS.MetadataSearch.Plugin.Configuration.Tests.MetadataCategoryTests" name="Constructors_ShouldNotAllowInjectionOfNulls" />
    </UnitTest>
    <UnitTest name="IsMatch_ShouldReturnFalse_WhenObjectElementHasNoMatchingProperty" storage="d:\actions-runner\_work\xpco\xpco\metadatasearch\plugin.tests\bin\debug\plugin.tests.dll" id="78c6ac56-439c-936d-9bc8-d75c96ae27cf">
      <Execution id="ab73394c-e57d-4daf-a26e-cc3134b10a41" />
      <TestMethod codeBase="D:\actions-runner\_work\XPCO\XPCO\MetadataSearch\Plugin.Tests\bin\Debug\Plugin.Tests.dll" adapterTypeName="executor://mstestadapter/v2" className="VideoOS.MetadataSearch.Plugin.Tests.Search.Predicates.PartialMatchSearchPredicateTests" name="IsMatch_ShouldWorkCorrectly" />
    </UnitTest>
    <UnitTest name="CreateGuid_ShouldReturnDifferentGuid_WhenUsingDifferentStartTime" storage="d:\actions-runner\_work\xpco\xpco\metadatasearch\plugin.tests\bin\debug\plugin.tests.dll" id="7a083692-b64b-4188-e6f5-07c2948d71a3">
      <Execution id="54e19a61-c05b-4ba6-a77e-9ac2e058fa92" />
      <TestMethod codeBase="D:\actions-runner\_work\XPCO\XPCO\MetadataSearch\Plugin.Tests\bin\Debug\Plugin.Tests.dll" adapterTypeName="executor://mstestadapter/v2" className="VideoOS.MetadataSearch.Plugin.Tests.IdGeneratorTests" name="CreateGuid_ShouldReturnDifferentGuid_WhenUsingDifferentStartTime" />
    </UnitTest>
    <UnitTest name="DoSearch_ShouldFindLocation_WhenLatitudeAndLongitudePresent" storage="d:\actions-runner\_work\xpco\xpco\metadatasearch\plugin.tests\bin\debug\plugin.tests.dll" id="2ad18b2a-145c-930c-a74b-77d486e1e107">
      <Execution id="38fa18b0-c794-48d2-be6d-13429e304d60" />
      <TestMethod codeBase="D:\actions-runner\_work\XPCO\XPCO\MetadataSearch\Plugin.Tests\bin\Debug\Plugin.Tests.dll" adapterTypeName="executor://mstestadapter/v2" className="VideoOS.MetadataSearch.Plugin.Tests.FunctionalTests.FullPluginTests" name="DoSearch_ShouldFindLocationCategory" />
    </UnitTest>
    <UnitTest name="CreateGuid_ShouldReturnDifferentGuid_WhenUsingDifferentStartTimeInMilliseconds" storage="d:\actions-runner\_work\xpco\xpco\metadatasearch\plugin.tests\bin\debug\plugin.tests.dll" id="78ff2a97-3337-f054-99af-d529beab7408">
      <Execution id="b9f9800f-f080-4286-acd1-56da2f5a8d0f" />
      <TestMethod codeBase="D:\actions-runner\_work\XPCO\XPCO\MetadataSearch\Plugin.Tests\bin\Debug\Plugin.Tests.dll" adapterTypeName="executor://mstestadapter/v2" className="VideoOS.MetadataSearch.Plugin.Tests.IdGeneratorTests" name="CreateGuid_ShouldReturnDifferentGuid_WhenUsingDifferentStartTimeInMilliseconds" />
    </UnitTest>
    <UnitTest name="GetFilterValues_ShouldReturnEmptyEnumeration_WhenValueIsEmpty" storage="d:\actions-runner\_work\xpco\xpco\metadatasearch\plugin.tests\bin\debug\plugin.tests.dll" id="c29fcd0e-f083-bd43-f71f-bc203a875a9f">
      <Execution id="9c4b40d8-bcd0-4fd0-b29c-97283309994f" />
      <TestMethod codeBase="D:\actions-runner\_work\XPCO\XPCO\MetadataSearch\Plugin.Tests\bin\Debug\Plugin.Tests.dll" adapterTypeName="executor://mstestadapter/v2" className="VideoOS.MetadataSearch.Plugin.Search.FilterValueProviders.Tests.LicensePlateValueProviderTests" name="GetFilterValues_ShouldReturnEmptyEnumeration_WhenValueIsEmpty" />
    </UnitTest>
    <UnitTest name="GetFilterValues_ShouldReturnEmptyEnumeration_WhenValueIsNull" storage="d:\actions-runner\_work\xpco\xpco\metadatasearch\plugin.tests\bin\debug\plugin.tests.dll" id="c7ef4322-b543-7b5e-59f2-cad8df662276">
      <Execution id="953c2afe-20f7-4d5c-83c7-336ee9d20bb0" />
      <TestMethod codeBase="D:\actions-runner\_work\XPCO\XPCO\MetadataSearch\Plugin.Tests\bin\Debug\Plugin.Tests.dll" adapterTypeName="executor://mstestadapter/v2" className="VideoOS.MetadataSearch.Plugin.Search.FilterValueProviders.Tests.VehicleColorValueProviderTests" name="GetFilterValues_ShouldReturnEmptyEnumeration_WhenValueIsNull" />
    </UnitTest>
    <UnitTest name="Parse_ShouldIgnoreElements_WhenElementPathIsNotInDeviceProfile" storage="d:\actions-runner\_work\xpco\xpco\metadatasearch\plugin.tests\bin\debug\plugin.tests.dll" id="d70d2c50-35a8-153b-b0fd-6a7b07a52dc4">
      <Execution id="e07a0aea-63ca-4fa1-9316-6377624a65b6" />
      <TestMethod codeBase="D:\actions-runner\_work\XPCO\XPCO\MetadataSearch\Plugin.Tests\bin\Debug\Plugin.Tests.dll" adapterTypeName="executor://mstestadapter/v2" className="VideoOS.MetadataSearch.Plugin.Tests.Data.DeviceProfileTests" name="Parse_ShouldIgnoreElements_WhenElementPathIsNotInDeviceProfile" />
    </UnitTest>
    <UnitTest name="GetBuiltInVehicleFilters_ShouldReturnNone_WhenFiltersAreDisabled" storage="d:\actions-runner\_work\xpco\xpco\metadatasearch\plugin.tests\bin\debug\plugin.tests.dll" id="bf1c7396-458f-abe1-7cd5-70f800f62e68">
      <Execution id="aba7a366-b004-41e2-b96e-6a3b34593ac5" />
      <TestMethod codeBase="D:\actions-runner\_work\XPCO\XPCO\MetadataSearch\Plugin.Tests\bin\Debug\Plugin.Tests.dll" adapterTypeName="executor://mstestadapter/v2" className="VideoOS.MetadataSearch.Plugin.Configuration.Tests.MetadataCategoryTests" name="GetBuiltInVehicleFilters_ShouldReturnNone_WhenFiltersAreDisabled" />
    </UnitTest>
    <UnitTest name="IsMatch_ShouldCompareDistanceCorrectly_WhenGivenValidPropertyValues (33.390901,55.211361,-62.737736,-84.959958,44.400888,-73.849034,0.1,False)" storage="d:\actions-runner\_work\xpco\xpco\metadatasearch\plugin.tests\bin\debug\plugin.tests.dll" id="06458756-5b0f-8871-2aee-d4f934cd1724">
      <Execution id="b6811e1e-b19b-4034-84c9-324c84ec4326" />
      <TestMethod codeBase="D:\actions-runner\_work\XPCO\XPCO\MetadataSearch\Plugin.Tests\bin\Debug\Plugin.Tests.dll" adapterTypeName="executor://mstestadapter/v2" className="VideoOS.MetadataSearch.Plugin.Tests.Search.Predicates.GeoCoordinatesPredicateTests" name="IsMatch_ShouldCompareDistanceCorrectly_WhenGivenValidPropertyValues" />
    </UnitTest>
    <UnitTest name="DoSearch_ShouldUseCorrectSessionId_WhenReturningSearchResults (0)" storage="d:\actions-runner\_work\xpco\xpco\metadatasearch\plugin.tests\bin\debug\plugin.tests.dll" id="25411f35-8f83-3321-ba71-f6de7c006911">
      <Execution id="1085df7d-1122-45d5-b5ef-7263eb42b333" />
      <TestMethod codeBase="D:\actions-runner\_work\XPCO\XPCO\MetadataSearch\Plugin.Tests\bin\Debug\Plugin.Tests.dll" adapterTypeName="executor://mstestadapter/v2" className="VideoOS.MetadataSearch.Plugin.Tests.MetadataSearchDefinitionTests" name="DoSearch_ShouldUseCorrectSessionId_WhenReturningSearchResults" />
    </UnitTest>
    <UnitTest name="IsMatch_ShouldComparecolorCorrectly_WhenGivenValidPropertyValues (white,white,True)" storage="d:\actions-runner\_work\xpco\xpco\metadatasearch\plugin.tests\bin\debug\plugin.tests.dll" id="26835654-3462-527e-b5f4-c2660674a536">
      <Execution id="2d8c0f48-e679-4644-a8e5-f6599608f3a9" />
      <TestMethod codeBase="D:\actions-runner\_work\XPCO\XPCO\MetadataSearch\Plugin.Tests\bin\Debug\Plugin.Tests.dll" adapterTypeName="executor://mstestadapter/v2" className="VideoOS.MetadataSearch.Plugin.Tests.Search.Predicates.ColorPredicateTests" name="IsMatch_ShouldComparecolorCorrectly_WhenGivenValidPropertyValues" />
    </UnitTest>
    <UnitTest name="IsMatch_ShouldReturnTrue_WhenAnyOfThePredicatesIsMatched" storage="d:\actions-runner\_work\xpco\xpco\metadatasearch\plugin.tests\bin\debug\plugin.tests.dll" id="5e2b3fca-2ca1-d90c-02a1-154ec6ad9626">
      <Execution id="d50d4d18-38f7-4953-abab-2b685dbbce8d" />
      <TestMethod codeBase="D:\actions-runner\_work\XPCO\XPCO\MetadataSearch\Plugin.Tests\bin\Debug\Plugin.Tests.dll" adapterTypeName="executor://mstestadapter/v2" className="VideoOS.MetadataSearch.Plugin.Tests.Search.Predicates.CompositeUnionSearchPredicateTests" name="IsMatch_ShouldWorkCorrectly" />
    </UnitTest>
    <UnitTest name="Constructors_ShouldNotAllowInjectionOfNulls" storage="d:\actions-runner\_work\xpco\xpco\metadatasearch\plugin.tests\bin\debug\plugin.tests.dll" id="f552b4f4-8e74-85b1-e3fc-9b9d2ec4af7c">
      <Execution id="4566ae4f-d8be-4480-a51a-64619785b449" />
      <TestMethod codeBase="D:\actions-runner\_work\XPCO\XPCO\MetadataSearch\Plugin.Tests\bin\Debug\Plugin.Tests.dll" adapterTypeName="executor://mstestadapter/v2" className="VideoOS.MetadataSearch.Plugin.Search.Filters.Tests.ListSelectionSearchFilterTests" name="Constructors_ShouldNotAllowInjectionOfNulls" />
    </UnitTest>
    <UnitTest name="DoSearch_ShouldUseCorrectSessionId_WhenReturningSearchResults (10)" storage="d:\actions-runner\_work\xpco\xpco\metadatasearch\plugin.tests\bin\debug\plugin.tests.dll" id="d8059ece-3501-e7a1-9762-33f51ac89fd9">
      <Execution id="d578c235-9c7a-49aa-a500-3740df54a140" />
      <TestMethod codeBase="D:\actions-runner\_work\XPCO\XPCO\MetadataSearch\Plugin.Tests\bin\Debug\Plugin.Tests.dll" adapterTypeName="executor://mstestadapter/v2" className="VideoOS.MetadataSearch.Plugin.Tests.MetadataSearchDefinitionTests" name="DoSearch_ShouldUseCorrectSessionId_WhenReturningSearchResults" />
    </UnitTest>
    <UnitTest name="SearchingForHumans_ShouldReturnNothing_WhenThereAreNoHumans" storage="d:\actions-runner\_work\xpco\xpco\metadatasearch\plugin.tests\bin\debug\plugin.tests.dll" id="c68ddbd6-426b-5ffa-ffe4-e499794b6aaa">
      <Execution id="f588d0a2-24f9-4f45-9002-f583df631f6c" />
      <TestMethod codeBase="D:\actions-runner\_work\XPCO\XPCO\MetadataSearch\Plugin.Tests\bin\Debug\Plugin.Tests.dll" adapterTypeName="executor://mstestadapter/v2" className="VideoOS.MetadataSearch.Plugin.Tests.FunctionalTests.SearchTests" name="SearchingForHumans_ShouldReturnNothing_WhenThereAreNoHumans" />
    </UnitTest>
    <UnitTest name="GetValue_ShouldReturnAValue_WhenCalledWithKnownFilterIds (621feb37-b0a1-4c63-9f0a-e78b1ac1966d)" storage="d:\actions-runner\_work\xpco\xpco\metadatasearch\plugin.tests\bin\debug\plugin.tests.dll" id="ca3ad786-fc2b-5e0b-f471-5c443b2905f9">
      <Execution id="382a252b-b6d7-438b-8fa7-f610d132cb4d" />
      <TestMethod codeBase="D:\actions-runner\_work\XPCO\XPCO\MetadataSearch\Plugin.Tests\bin\Debug\Plugin.Tests.dll" adapterTypeName="executor://mstestadapter/v2" className="VideoOS.MetadataSearch.Common.Tests.FiltersTests" name="GetValue_ShouldReturnAValue_WhenCalledWithKnownFilterIds" />
    </UnitTest>
    <UnitTest name="DoSearch_ShouldReturnAllSearchResults_WhenGivenItemWithMultipleDataStreams (System.Int32[])" storage="d:\actions-runner\_work\xpco\xpco\metadatasearch\plugin.tests\bin\debug\plugin.tests.dll" id="3a791062-b0f7-227a-0df0-e0cbc8866366">
      <Execution id="9f520cd7-cc69-4413-bb28-9be06b23691f" />
      <TestMethod codeBase="D:\actions-runner\_work\XPCO\XPCO\MetadataSearch\Plugin.Tests\bin\Debug\Plugin.Tests.dll" adapterTypeName="executor://mstestadapter/v2" className="VideoOS.MetadataSearch.Plugin.Tests.MetadataSearchDefinitionTests" name="DoSearch_ShouldReturnAllSearchResults_WhenGivenItemWithMultipleDataStreams" />
    </UnitTest>
    <UnitTest name="IsMatch_ShouldComparecolorCorrectly_WhenGivenValidPropertyValues (white,Red,blue,False)" storage="d:\actions-runner\_work\xpco\xpco\metadatasearch\plugin.tests\bin\debug\plugin.tests.dll" id="9c178939-b4e7-f84c-5be2-4463cc337601">
      <Execution id="762f44c7-e0cb-455f-aef9-e66f89a5ccdc" />
      <TestMethod codeBase="D:\actions-runner\_work\XPCO\XPCO\MetadataSearch\Plugin.Tests\bin\Debug\Plugin.Tests.dll" adapterTypeName="executor://mstestadapter/v2" className="VideoOS.MetadataSearch.Plugin.Tests.Search.Predicates.ColorPredicateTests" name="IsMatch_ShouldComparecolorCorrectly_WhenGivenValidPropertyValues" />
    </UnitTest>
    <UnitTest name="SearchingForHumanOrFace_ShouldReturnAllHumansInFrame_WhenSecondClassDetectedOnFirstFrame" storage="d:\actions-runner\_work\xpco\xpco\metadatasearch\plugin.tests\bin\debug\plugin.tests.dll" id="6ddec006-acc4-d8c3-8434-6d90efa02ea6">
      <Execution id="1b128d88-bd8d-4548-b836-bbfcc36a1c88" />
      <TestMethod codeBase="D:\actions-runner\_work\XPCO\XPCO\MetadataSearch\Plugin.Tests\bin\Debug\Plugin.Tests.dll" adapterTypeName="executor://mstestadapter/v2" className="VideoOS.MetadataSearch.Plugin.Tests.FunctionalTests.SearchTests" name="SearchingForHumanOrFace_ShouldReturnAllHumansInFrame_WhenSecondClassDetectedOnFirstFrame" />
    </UnitTest>
    <UnitTest name="GetFilterValues_ShouldReturnEmptyEnumeration_WhenValueIsEmpty" storage="d:\actions-runner\_work\xpco\xpco\metadatasearch\plugin.tests\bin\debug\plugin.tests.dll" id="0d1382de-8a3f-49e3-aa2b-30b95d9909dc">
      <Execution id="c6ffbf80-22c0-430a-9808-e94685b2d9f0" />
      <TestMethod codeBase="D:\actions-runner\_work\XPCO\XPCO\MetadataSearch\Plugin.Tests\bin\Debug\Plugin.Tests.dll" adapterTypeName="executor://mstestadapter/v2" className="VideoOS.MetadataSearch.Plugin.Search.FilterValueProviders.Tests.RangeFilterValueProviderTests" name="GetFilterValues_ShouldReturnEmptyEnumeration_WhenValueIsEmpty" />
    </UnitTest>
    <UnitTest name="IsEmpty_ShouldReturnFalse_WhenSearchingWithDefaults (0,10,1,9)" storage="d:\actions-runner\_work\xpco\xpco\metadatasearch\plugin.tests\bin\debug\plugin.tests.dll" id="472d74bc-0e25-9967-e04d-e876b91d5046">
      <Execution id="40c60ae6-3125-4b1c-8f70-da864652c0f7" />
      <TestMethod codeBase="D:\actions-runner\_work\XPCO\XPCO\MetadataSearch\Plugin.Tests\bin\Debug\Plugin.Tests.dll" adapterTypeName="executor://mstestadapter/v2" className="VideoOS.MetadataSearch.Plugin.Search.Filters.Tests.RangeSearchFilterTests" name="IsEmpty_ShouldReturnFalse_WhenSearchingWithDefaults" />
    </UnitTest>
    <UnitTest name="GetBuiltInPersonFilters_ShouldReturnNone_WhenThereAreNoFilters" storage="d:\actions-runner\_work\xpco\xpco\metadatasearch\plugin.tests\bin\debug\plugin.tests.dll" id="2bd57cff-23ad-c458-936d-f4a1df7f2174">
      <Execution id="d1fe9231-f083-4fd3-9c19-a58a3934774e" />
      <TestMethod codeBase="D:\actions-runner\_work\XPCO\XPCO\MetadataSearch\Plugin.Tests\bin\Debug\Plugin.Tests.dll" adapterTypeName="executor://mstestadapter/v2" className="VideoOS.MetadataSearch.Plugin.Configuration.Tests.MetadataCategoryTests" name="GetBuiltInPersonFilters_ShouldReturnNone_WhenThereAreNoFilters" />
    </UnitTest>
    <UnitTest name="GetCustomFilters_ShouldReturnEmptyCollection_WhenFiltersAreDisabled" storage="d:\actions-runner\_work\xpco\xpco\metadatasearch\plugin.tests\bin\debug\plugin.tests.dll" id="1feeea98-0cc7-d0ba-3efb-f1a2c25d93d9">
      <Execution id="3451afd5-cac3-421e-a4e8-956e2dd6df91" />
      <TestMethod codeBase="D:\actions-runner\_work\XPCO\XPCO\MetadataSearch\Plugin.Tests\bin\Debug\Plugin.Tests.dll" adapterTypeName="executor://mstestadapter/v2" className="VideoOS.MetadataSearch.Plugin.Configuration.Tests.MetadataCategoryTests" name="GetCustomFilters_ShouldReturnEmptyCollection_WhenFiltersAreDisabled" />
    </UnitTest>
    <UnitTest name="GetBuiltInPersonFilters_ShouldIncludeGenderAndAge_WhenBothArePresent" storage="d:\actions-runner\_work\xpco\xpco\metadatasearch\plugin.tests\bin\debug\plugin.tests.dll" id="7c8f3ab1-db42-a00e-13a0-5ab0038cf7ca">
      <Execution id="aad44dc6-fb75-4c41-a9e1-009b1e7a2210" />
      <TestMethod codeBase="D:\actions-runner\_work\XPCO\XPCO\MetadataSearch\Plugin.Tests\bin\Debug\Plugin.Tests.dll" adapterTypeName="executor://mstestadapter/v2" className="VideoOS.MetadataSearch.Plugin.Configuration.Tests.MetadataCategoryTests" name="GetBuiltInPersonFilters_ShouldIncludeGenderAndAge_WhenBothArePresent" />
    </UnitTest>
    <UnitTest name="IsSet_ShouldBeFalse_WhenValueIsNull" storage="d:\actions-runner\_work\xpco\xpco\metadatasearch\plugin.tests\bin\debug\plugin.tests.dll" id="628d6dc9-f203-b82c-a7dd-e7b1ec243513">
      <Execution id="4f0ef8ae-9c89-41db-9532-13d216ece7b1" />
      <TestMethod codeBase="D:\actions-runner\_work\XPCO\XPCO\MetadataSearch\Plugin.Tests\bin\Debug\Plugin.Tests.dll" adapterTypeName="executor://mstestadapter/v2" className="VideoOS.MetadataSearch.Plugin.Search.FilterDefinitions.Tests.GeoCoordinatesFilterDefinitionTests" name="IsSet_ShouldBeFalse_WhenValueIsNull" />
    </UnitTest>
    <UnitTest name="IsMatch_ShouldCompareDistanceCorrectly_WhenGivenValidPropertyValues (44.401012,-73.848847,44.378859,-73.834729,2.66,False)" storage="d:\actions-runner\_work\xpco\xpco\metadatasearch\plugin.tests\bin\debug\plugin.tests.dll" id="e529d133-0f3d-876f-a8c8-1fb567bd9f45">
      <Execution id="e12ed67b-9066-40bc-9e41-f271e85b3aa2" />
      <TestMethod codeBase="D:\actions-runner\_work\XPCO\XPCO\MetadataSearch\Plugin.Tests\bin\Debug\Plugin.Tests.dll" adapterTypeName="executor://mstestadapter/v2" className="VideoOS.MetadataSearch.Plugin.Tests.Search.Predicates.GeoCoordinatesPredicateTests" name="IsMatch_ShouldCompareDistanceCorrectly_WhenGivenValidPropertyValues" />
    </UnitTest>
    <UnitTest name="Constructors_ShouldNotAllowInjectionOfNulls_ForProperties" storage="d:\actions-runner\_work\xpco\xpco\metadatasearch\plugin.tests\bin\debug\plugin.tests.dll" id="15df3a5f-787a-e106-63fa-d3d5eddfdf0c">
      <Execution id="c38a939d-56c3-4e47-90e3-9cd59d1529c9" />
      <TestMethod codeBase="D:\actions-runner\_work\XPCO\XPCO\MetadataSearch\Plugin.Tests\bin\Debug\Plugin.Tests.dll" adapterTypeName="executor://mstestadapter/v2" className="VideoOS.MetadataSearch.Plugin.Tests.Data.MetadataFrameObjectTests" name="Constructors_ShouldNotAllowInjectionOfNulls_ForProperties" />
    </UnitTest>
    <UnitTest name="GetValue_ShouldReturnAValue_WhenCalledWithKnownFilterIds (97b0bd8a-719d-4235-959a-76b7cb8ffae2)" storage="d:\actions-runner\_work\xpco\xpco\metadatasearch\plugin.tests\bin\debug\plugin.tests.dll" id="4c6ad706-e0e9-b0ae-79be-604b6cfef79e">
      <Execution id="dfe87ea1-85ab-447e-9fa7-7e2d20d17587" />
      <TestMethod codeBase="D:\actions-runner\_work\XPCO\XPCO\MetadataSearch\Plugin.Tests\bin\Debug\Plugin.Tests.dll" adapterTypeName="executor://mstestadapter/v2" className="VideoOS.MetadataSearch.Common.Tests.FiltersTests" name="GetValue_ShouldReturnAValue_WhenCalledWithKnownFilterIds" />
    </UnitTest>
    <UnitTest name="TryParseColor_ShouldReturn_CorrectResult (&lt;?xml version=&quot;1.0&quot;?&gt; &lt;tt:Color xmlns:tt=&quot;http://www.onvif.org/ver10/schema&quot; Y = &quot;169&quot; X = &quot;169&quot; Colorspace = &quot;RGB&quot; /&gt;,False)" storage="d:\actions-runner\_work\xpco\xpco\metadatasearch\plugin.tests\bin\debug\plugin.tests.dll" id="c4674444-4d27-381d-2d13-af16095b495c">
      <Execution id="8d049b24-4e45-4816-bef3-3646031766a4" />
      <TestMethod codeBase="D:\actions-runner\_work\XPCO\XPCO\MetadataSearch\Plugin.Tests\bin\Debug\Plugin.Tests.dll" adapterTypeName="executor://mstestadapter/v2" className="VideoOS.MetadataSearch.Plugin.Tests.Search.ColorHandling.OnvifColorParserTests" name="TryParseColor_ShouldReturn_CorrectResult" />
    </UnitTest>
    <UnitTest name="GetSearchPredicate_ShouldCallFactoryWithValueFromValueProvider" storage="d:\actions-runner\_work\xpco\xpco\metadatasearch\plugin.tests\bin\debug\plugin.tests.dll" id="44ac5fce-cdcc-eed0-5459-65516580a0bf">
      <Execution id="169b538e-8b93-46b4-b270-e1f48da44653" />
      <TestMethod codeBase="D:\actions-runner\_work\XPCO\XPCO\MetadataSearch\Plugin.Tests\bin\Debug\Plugin.Tests.dll" adapterTypeName="executor://mstestadapter/v2" className="VideoOS.MetadataSearch.Plugin.Search.FilterDefinitions.Tests.TextFilterDefinitionTests" name="GetSearchPredicate_ShouldCallFactoryWithValueFromValueProvider" />
    </UnitTest>
    <UnitTest name="Parse_ShouldReturnMetadataFrame_WhenGivenValidConfigAndXml" storage="d:\actions-runner\_work\xpco\xpco\metadatasearch\plugin.tests\bin\debug\plugin.tests.dll" id="efd3ecff-7860-677d-ee0a-05f7d0dd6e15">
      <Execution id="a7f5cf3d-7d8b-4974-ab72-a2f1ba10575c" />
      <TestMethod codeBase="D:\actions-runner\_work\XPCO\XPCO\MetadataSearch\Plugin.Tests\bin\Debug\Plugin.Tests.dll" adapterTypeName="executor://mstestadapter/v2" className="VideoOS.MetadataSearch.Plugin.Tests.Data.DeviceProfileTests" name="Parse_ShouldReturnMetadataFrame_WhenGivenValidConfigAndXml" />
    </UnitTest>
    <UnitTest name="LicensePlateShouldBeParsed" storage="d:\actions-runner\_work\xpco\xpco\metadatasearch\plugin.tests\bin\debug\plugin.tests.dll" id="b84f0c41-67d3-2b8c-1b37-48680bcaa3f1">
      <Execution id="3ca8293f-4749-46f4-ae11-51c48cc34f38" />
      <TestMethod codeBase="D:\actions-runner\_work\XPCO\XPCO\MetadataSearch\Plugin.Tests\bin\Debug\Plugin.Tests.dll" adapterTypeName="executor://mstestadapter/v2" className="VideoOS.MetadataSearch.Plugin.Tests.Data.DeviceProfileLicensePlateParsingTests" name="LicensePlateShouldBeParsed" />
    </UnitTest>
    <UnitTest name="CreateGuid_ShouldReturnDifferentGuid_WhenUsingDifferentObjectId" storage="d:\actions-runner\_work\xpco\xpco\metadatasearch\plugin.tests\bin\debug\plugin.tests.dll" id="ded8f92d-102b-0358-7b5e-2828b919f24e">
      <Execution id="d30b12a2-9c78-46f7-9698-4926e24a8ce1" />
      <TestMethod codeBase="D:\actions-runner\_work\XPCO\XPCO\MetadataSearch\Plugin.Tests\bin\Debug\Plugin.Tests.dll" adapterTypeName="executor://mstestadapter/v2" className="VideoOS.MetadataSearch.Plugin.Tests.IdGeneratorTests" name="CreateGuid_ShouldReturnDifferentGuid_WhenUsingDifferentObjectId" />
    </UnitTest>
    <UnitTest name="TryParseColor_ShouldReturn_CorrectResult (&lt;?xml version=&quot;1.0&quot;?&gt; &lt;tt:Color xmlns:tt=&quot;http://www.onvif.org/ver10/schema&quot; Z = &quot;169&quot; Y = &quot;400&quot; X = &quot;169&quot; Colorspace = &quot;RGB&quot; /&gt;,False)" storage="d:\actions-runner\_work\xpco\xpco\metadatasearch\plugin.tests\bin\debug\plugin.tests.dll" id="293f3170-f5e3-ae68-2fe6-f1a2050d9406">
      <Execution id="b1ee4923-b44c-4cc1-8092-e5aba3288de9" />
      <TestMethod codeBase="D:\actions-runner\_work\XPCO\XPCO\MetadataSearch\Plugin.Tests\bin\Debug\Plugin.Tests.dll" adapterTypeName="executor://mstestadapter/v2" className="VideoOS.MetadataSearch.Plugin.Tests.Search.ColorHandling.OnvifColorParserTests" name="TryParseColor_ShouldReturn_CorrectResult" />
    </UnitTest>
    <UnitTest name="GetSearchPredicate_ShouldCreatePredicateWithCorrectValues" storage="d:\actions-runner\_work\xpco\xpco\metadatasearch\plugin.tests\bin\debug\plugin.tests.dll" id="bc770a97-6739-784f-a860-7cf7562b7ec2">
      <Execution id="9c237642-4b0a-405b-8646-1d38fc587fbe" />
      <TestMethod codeBase="D:\actions-runner\_work\XPCO\XPCO\MetadataSearch\Plugin.Tests\bin\Debug\Plugin.Tests.dll" adapterTypeName="executor://mstestadapter/v2" className="VideoOS.MetadataSearch.Plugin.Search.FilterDefinitions.Tests.GeoCoordinatesFilterDefinitionTests" name="GetSearchPredicate_ShouldCreatePredicateWithCorrectValues" />
    </UnitTest>
    <UnitTest name="Reset_ShouldTurnAllValuesToZero" storage="d:\actions-runner\_work\xpco\xpco\metadatasearch\plugin.tests\bin\debug\plugin.tests.dll" id="39802328-f556-6b54-5599-280cc970a40a">
      <Execution id="4644e08f-216f-4221-a74d-474b6bcc9166" />
      <TestMethod codeBase="D:\actions-runner\_work\XPCO\XPCO\MetadataSearch\Plugin.Tests\bin\Debug\Plugin.Tests.dll" adapterTypeName="executor://mstestadapter/v2" className="VideoOS.MetadataSearch.Plugin.Search.Filters.Tests.GeoCoordinatesFilterValueTests" name="Reset_ShouldTurnAllValuesToZero" />
    </UnitTest>
    <UnitTest name="IsSet_ShouldBeTrue_WhenValueIsValid" storage="d:\actions-runner\_work\xpco\xpco\metadatasearch\plugin.tests\bin\debug\plugin.tests.dll" id="d0dea217-f485-5464-00b4-b2caf40f1cdd">
      <Execution id="6f309adb-97a3-45eb-869b-cf3a2a6fd006" />
      <TestMethod codeBase="D:\actions-runner\_work\XPCO\XPCO\MetadataSearch\Plugin.Tests\bin\Debug\Plugin.Tests.dll" adapterTypeName="executor://mstestadapter/v2" className="VideoOS.MetadataSearch.Plugin.Search.FilterDefinitions.Tests.RangeFilterDefinitionTests" name="IsSet_ShouldBeTrue_WhenValueIsValid" />
    </UnitTest>
    <UnitTest name="Constructors_ShouldNotAllowInjectionOfNulls" storage="d:\actions-runner\_work\xpco\xpco\metadatasearch\plugin.tests\bin\debug\plugin.tests.dll" id="6568c19e-8bf2-d34d-5eef-b1a22db6673c">
      <Execution id="939ea8a7-198e-4949-bafc-de9597e86ceb" />
      <TestMethod codeBase="D:\actions-runner\_work\XPCO\XPCO\MetadataSearch\Plugin.Tests\bin\Debug\Plugin.Tests.dll" adapterTypeName="executor://mstestadapter/v2" className="VideoOS.MetadataSearch.Plugin.Tests.Search.Predicates.PropertyExistsPredicateTests" name="Constructors_ShouldNotAllowInjectionOfNulls" />
    </UnitTest>
    <UnitTest name="StartTime_ShouldBeTheTimeStampOfFirstObject" storage="d:\actions-runner\_work\xpco\xpco\metadatasearch\plugin.tests\bin\debug\plugin.tests.dll" id="f9ad3391-df48-f95d-f3f7-6ee8131f3855">
      <Execution id="5b587c2a-0648-407e-9e3d-9b5b8d8b119a" />
      <TestMethod codeBase="D:\actions-runner\_work\XPCO\XPCO\MetadataSearch\Plugin.Tests\bin\Debug\Plugin.Tests.dll" adapterTypeName="executor://mstestadapter/v2" className="VideoOS.MetadataSearch.Plugin.Tests.FunctionalTests.ObjectSequenceTests" name="StartTime_ShouldBeTheTimeStampOfFirstObject" />
    </UnitTest>
    <UnitTest name="GetValue_ShouldReturnAValue_WhenCalledWithKnownCategoryIds (7c4765c6-bd67-45a1-9e0b-84313207379c)" storage="d:\actions-runner\_work\xpco\xpco\metadatasearch\plugin.tests\bin\debug\plugin.tests.dll" id="93ea16db-974c-28e1-088c-a5dbcd9e57e6">
      <Execution id="436df845-7f8e-45c5-a606-e14799889922" />
      <TestMethod codeBase="D:\actions-runner\_work\XPCO\XPCO\MetadataSearch\Plugin.Tests\bin\Debug\Plugin.Tests.dll" adapterTypeName="executor://mstestadapter/v2" className="VideoOS.MetadataSearch.Common.Tests.CategoriesTests" name="GetValue_ShouldReturnAValue_WhenCalledWithKnownCategoryIds" />
    </UnitTest>
    <UnitTest name="Constructors_ShouldNotAllowInjectionOfNulls" storage="d:\actions-runner\_work\xpco\xpco\metadatasearch\plugin.tests\bin\debug\plugin.tests.dll" id="fc92dcdb-aa20-edf8-3be9-ce9746fdc4a5">
      <Execution id="bbc0b61b-c457-47aa-bc27-2746ae96325a" />
      <TestMethod codeBase="D:\actions-runner\_work\XPCO\XPCO\MetadataSearch\Plugin.Tests\bin\Debug\Plugin.Tests.dll" adapterTypeName="executor://mstestadapter/v2" className="VideoOS.MetadataSearch.Plugin.Search.FilterValueProviders.Tests.RangeFilterValueProviderTests" name="Constructors_ShouldNotAllowInjectionOfNulls" />
    </UnitTest>
    <UnitTest name="GetValue_ShouldThrowException_WhenCalledWithUnknownId" storage="d:\actions-runner\_work\xpco\xpco\metadatasearch\plugin.tests\bin\debug\plugin.tests.dll" id="f839b0cd-3a0c-4f3b-f356-c2c389932835">
      <Execution id="88855bff-969d-4b64-99fa-e2a8a2dc9ed1" />
      <TestMethod codeBase="D:\actions-runner\_work\XPCO\XPCO\MetadataSearch\Plugin.Tests\bin\Debug\Plugin.Tests.dll" adapterTypeName="executor://mstestadapter/v2" className="VideoOS.MetadataSearch.Common.Tests.FiltersTests" name="GetValue_ShouldThrowException_WhenCalledWithUnknownId" />
    </UnitTest>
    <UnitTest name="IsMatch_ShouldReturnFalse_WhenObjectElementHasPropertyLargerThanTheSearch" storage="d:\actions-runner\_work\xpco\xpco\metadatasearch\plugin.tests\bin\debug\plugin.tests.dll" id="f6772c2d-e583-5311-5f0b-5c7150760516">
      <Execution id="fc06885d-c3bb-469f-a750-aa655d4c5a66" />
      <TestMethod codeBase="D:\actions-runner\_work\XPCO\XPCO\MetadataSearch\Plugin.Tests\bin\Debug\Plugin.Tests.dll" adapterTypeName="executor://mstestadapter/v2" className="VideoOS.MetadataSearch.Plugin.Tests.Search.Predicates.FullMatchSearchPredicateTests" name="IsMatch_ShouldWorkJustFine" />
    </UnitTest>
    <UnitTest name="Parse_ShouldHandleXml_WithProperties" storage="d:\actions-runner\_work\xpco\xpco\metadatasearch\plugin.tests\bin\debug\plugin.tests.dll" id="00af2491-392a-89dc-55bf-452540374856">
      <Execution id="046e5220-8d8b-4f04-a83f-6c70aecb67d8" />
      <TestMethod codeBase="D:\actions-runner\_work\XPCO\XPCO\MetadataSearch\Plugin.Tests\bin\Debug\Plugin.Tests.dll" adapterTypeName="executor://mstestadapter/v2" className="VideoOS.MetadataSearch.Plugin.Tests.Data.DeviceProfileTests" name="Parse_ShouldHandleXml_WithProperties" />
    </UnitTest>
    <UnitTest name="IsMatch_ShouldReturnTrue_WhenValueHasDecimalDot" storage="d:\actions-runner\_work\xpco\xpco\metadatasearch\plugin.tests\bin\debug\plugin.tests.dll" id="e3b5a555-0dc0-d931-7cf8-f77a2a46c06d">
      <Execution id="bcd7a7fd-79b9-4a24-85c2-655a16cd68c0" />
      <TestMethod codeBase="D:\actions-runner\_work\XPCO\XPCO\MetadataSearch\Plugin.Tests\bin\Debug\Plugin.Tests.dll" adapterTypeName="executor://mstestadapter/v2" className="VideoOS.MetadataSearch.Plugin.Tests.Search.Predicates.RangeSearchPredicateTests" name="IsMatch_ShouldWorkJustFine" />
    </UnitTest>
    <UnitTest name="Constructors_ShouldNotAllowInjectionOfNulls" storage="d:\actions-runner\_work\xpco\xpco\metadatasearch\plugin.tests\bin\debug\plugin.tests.dll" id="8bb1fdac-bd2f-7ceb-1472-b2242404b945">
      <Execution id="260f37d5-5ad3-4884-8d30-a8c603e83ab0" />
      <TestMethod codeBase="D:\actions-runner\_work\XPCO\XPCO\MetadataSearch\Plugin.Tests\bin\Debug\Plugin.Tests.dll" adapterTypeName="executor://mstestadapter/v2" className="VideoOS.MetadataSearch.Plugin.Tests.Data.MetadataFrameTests" name="Constructors_ShouldNotAllowInjectionOfNulls" />
    </UnitTest>
    <UnitTest name="MultipleClassesShouldBeParsed" storage="d:\actions-runner\_work\xpco\xpco\metadatasearch\plugin.tests\bin\debug\plugin.tests.dll" id="17ed2963-dfb1-7714-e286-6e03123b6d08">
      <Execution id="f3f63750-befa-41f7-a830-02faf48f54b8" />
      <TestMethod codeBase="D:\actions-runner\_work\XPCO\XPCO\MetadataSearch\Plugin.Tests\bin\Debug\Plugin.Tests.dll" adapterTypeName="executor://mstestadapter/v2" className="VideoOS.MetadataSearch.Plugin.Tests.FunctionalTests.DeviceProfileMultipleClassesPartingTests" name="MultipleClassesShouldBeParsed" />
    </UnitTest>
    <UnitTest name="GetBuiltInVehicleFilters_ShouldIncludeLicensePlate_WhenLicensePlateFilterIsVisible" storage="d:\actions-runner\_work\xpco\xpco\metadatasearch\plugin.tests\bin\debug\plugin.tests.dll" id="155fd501-48dd-974a-89ed-642a7f2b89c6">
      <Execution id="7ec77da6-ce93-4381-99bd-e8ab473efa19" />
      <TestMethod codeBase="D:\actions-runner\_work\XPCO\XPCO\MetadataSearch\Plugin.Tests\bin\Debug\Plugin.Tests.dll" adapterTypeName="executor://mstestadapter/v2" className="VideoOS.MetadataSearch.Plugin.Configuration.Tests.MetadataCategoryTests" name="GetBuiltInVehicleFilters_ShouldIncludeLicensePlate_WhenLicensePlateFilterIsVisible" />
    </UnitTest>
    <UnitTest name="IsMatch_ShouldReturnFalse_WhenObjectIsNull" storage="d:\actions-runner\_work\xpco\xpco\metadatasearch\plugin.tests\bin\debug\plugin.tests.dll" id="eac2e640-9ce9-7c4d-f7fa-c93756d8fd21">
      <Execution id="a2198b77-0e0a-4e42-8eb1-b724db953d6b" />
      <TestMethod codeBase="D:\actions-runner\_work\XPCO\XPCO\MetadataSearch\Plugin.Tests\bin\Debug\Plugin.Tests.dll" adapterTypeName="executor://mstestadapter/v2" className="VideoOS.MetadataSearch.Plugin.Tests.Search.Predicates.RangeSearchPredicateTests" name="IsMatch_ShouldReturnFalse_WhenObjectIsNull" />
    </UnitTest>
    <UnitTest name="IsMatch_ShouldCompareDistanceCorrectly_WhenGivenValidPropertyValues (44.401012,-73.848847,44.400888,-73.849034,0,False)" storage="d:\actions-runner\_work\xpco\xpco\metadatasearch\plugin.tests\bin\debug\plugin.tests.dll" id="718bfcb4-43b7-ecd7-3287-19035bc44f45">
      <Execution id="373aa0b7-6706-4d52-9363-aa596ed506ea" />
      <TestMethod codeBase="D:\actions-runner\_work\XPCO\XPCO\MetadataSearch\Plugin.Tests\bin\Debug\Plugin.Tests.dll" adapterTypeName="executor://mstestadapter/v2" className="VideoOS.MetadataSearch.Plugin.Tests.Search.Predicates.GeoCoordinatesPredicateTests" name="IsMatch_ShouldCompareDistanceCorrectly_WhenGivenValidPropertyValues" />
    </UnitTest>
    <UnitTest name="TryParseColor_ShouldReturn_CorrectResult (,False)" storage="d:\actions-runner\_work\xpco\xpco\metadatasearch\plugin.tests\bin\debug\plugin.tests.dll" id="1e30a6fe-0ec1-0d5c-110b-fb1627d937fd">
      <Execution id="52fc3ebb-8105-451a-adf1-e0e772b3ae2f" />
      <TestMethod codeBase="D:\actions-runner\_work\XPCO\XPCO\MetadataSearch\Plugin.Tests\bin\Debug\Plugin.Tests.dll" adapterTypeName="executor://mstestadapter/v2" className="VideoOS.MetadataSearch.Plugin.Tests.Search.ColorHandling.MilestoneColorParserTests" name="TryParseColor_ShouldReturn_CorrectResult" />
    </UnitTest>
    <UnitTest name="IsMatch_ShouldReturnTrue_WhenAnyPropertyIsPresent" storage="d:\actions-runner\_work\xpco\xpco\metadatasearch\plugin.tests\bin\debug\plugin.tests.dll" id="daa10cf4-f353-3c5b-898c-b6f69a98a915">
      <Execution id="1d4f42d5-1c6b-492c-afc4-9213098a1ae3" />
      <TestMethod codeBase="D:\actions-runner\_work\XPCO\XPCO\MetadataSearch\Plugin.Tests\bin\Debug\Plugin.Tests.dll" adapterTypeName="executor://mstestadapter/v2" className="VideoOS.MetadataSearch.Plugin.Search.Tests.Predicates.CategorySearchPredicateTests" name="IsMatch_ShouldReturnCorrectResult" />
    </UnitTest>
    <UnitTest name="TryParseColor_ShouldReturn_CorrectResult (#ff220011,True)" storage="d:\actions-runner\_work\xpco\xpco\metadatasearch\plugin.tests\bin\debug\plugin.tests.dll" id="f2e5dcae-4196-f969-0006-b52c9b394114">
      <Execution id="3fba4adf-eaca-4562-bf3b-ab483ee1f28c" />
      <TestMethod codeBase="D:\actions-runner\_work\XPCO\XPCO\MetadataSearch\Plugin.Tests\bin\Debug\Plugin.Tests.dll" adapterTypeName="executor://mstestadapter/v2" className="VideoOS.MetadataSearch.Plugin.Tests.Search.ColorHandling.MilestoneColorParserTests" name="TryParseColor_ShouldReturn_CorrectResult" />
    </UnitTest>
    <UnitTest name="GetFilterValues_ShouldReturnColorValues_WhenValueIsValid" storage="d:\actions-runner\_work\xpco\xpco\metadatasearch\plugin.tests\bin\debug\plugin.tests.dll" id="7f6a0ab9-500f-44ab-cca2-a1538b8ddd70">
      <Execution id="8f5f34bb-368f-4d43-bdaa-a7394c850168" />
      <TestMethod codeBase="D:\actions-runner\_work\XPCO\XPCO\MetadataSearch\Plugin.Tests\bin\Debug\Plugin.Tests.dll" adapterTypeName="executor://mstestadapter/v2" className="VideoOS.MetadataSearch.Plugin.Search.FilterValueProviders.Tests.VehicleColorValueProviderTests" name="GetFilterValues_ShouldReturnColorValues_WhenValueIsValid" />
    </UnitTest>
    <UnitTest name="GetBuiltInPersonFilters_ShouldIncludeGender_WhenGenderFilterIsVisible" storage="d:\actions-runner\_work\xpco\xpco\metadatasearch\plugin.tests\bin\debug\plugin.tests.dll" id="7726250d-1a84-61d9-048c-e6c55a2403b1">
      <Execution id="5832da56-bb51-4846-a2d0-7d0ff911b918" />
      <TestMethod codeBase="D:\actions-runner\_work\XPCO\XPCO\MetadataSearch\Plugin.Tests\bin\Debug\Plugin.Tests.dll" adapterTypeName="executor://mstestadapter/v2" className="VideoOS.MetadataSearch.Plugin.Configuration.Tests.MetadataCategoryTests" name="GetBuiltInPersonFilters_ShouldIncludeGender_WhenGenderFilterIsVisible" />
    </UnitTest>
    <UnitTest name="IsMatch_ShouldReturnFalse_WhenClassIsNotMatchButPropertiesMatch" storage="d:\actions-runner\_work\xpco\xpco\metadatasearch\plugin.tests\bin\debug\plugin.tests.dll" id="d4442990-a3df-baa3-1e90-cb79c9f1e4b8">
      <Execution id="211113fe-7b54-4266-bdca-876ceaab15a0" />
      <TestMethod codeBase="D:\actions-runner\_work\XPCO\XPCO\MetadataSearch\Plugin.Tests\bin\Debug\Plugin.Tests.dll" adapterTypeName="executor://mstestadapter/v2" className="VideoOS.MetadataSearch.Plugin.Search.Tests.Predicates.CategorySearchPredicateTests" name="IsMatch_ShouldReturnCorrectResult" />
    </UnitTest>
    <UnitTest name="CreateGuid_ShouldReturnGuid_WhenObjectIdEmptyString" storage="d:\actions-runner\_work\xpco\xpco\metadatasearch\plugin.tests\bin\debug\plugin.tests.dll" id="793c7d39-7106-ac74-be73-1143bc1bfdf9">
      <Execution id="411da37c-4b75-47a7-ad0f-c1b67469d635" />
      <TestMethod codeBase="D:\actions-runner\_work\XPCO\XPCO\MetadataSearch\Plugin.Tests\bin\Debug\Plugin.Tests.dll" adapterTypeName="executor://mstestadapter/v2" className="VideoOS.MetadataSearch.Plugin.Tests.IdGeneratorTests" name="CreateGuid_ShouldReturnGuid_WhenObjectIdEmptyString" />
    </UnitTest>
    <UnitTest name="Constructors_ShouldNotAllowInjectionOfNulls" storage="d:\actions-runner\_work\xpco\xpco\metadatasearch\plugin.tests\bin\debug\plugin.tests.dll" id="9edf38d2-10df-1285-f1e9-196bcd9988f8">
      <Execution id="86953ad4-2461-4aa4-9a94-101212de9178" />
      <TestMethod codeBase="D:\actions-runner\_work\XPCO\XPCO\MetadataSearch\Plugin.Tests\bin\Debug\Plugin.Tests.dll" adapterTypeName="executor://mstestadapter/v2" className="VideoOS.MetadataSearch.Plugin.Tests.MetadataSearchEngineTests" name="Constructors_ShouldNotAllowInjectionOfNulls" />
    </UnitTest>
    <UnitTest name="Reset_ShouldMakeTheValueInvalid" storage="d:\actions-runner\_work\xpco\xpco\metadatasearch\plugin.tests\bin\debug\plugin.tests.dll" id="3529e793-10fd-a9f5-8d1f-80b8415525e0">
      <Execution id="645e0804-66a7-4b5a-9e66-92edd1e1edff" />
      <TestMethod codeBase="D:\actions-runner\_work\XPCO\XPCO\MetadataSearch\Plugin.Tests\bin\Debug\Plugin.Tests.dll" adapterTypeName="executor://mstestadapter/v2" className="VideoOS.MetadataSearch.Plugin.Search.Filters.Tests.GeoCoordinatesFilterValueTests" name="Reset_ShouldMakeTheValueInvalid" />
    </UnitTest>
    <UnitTest name="GetBoundingPolygon_ShouldReturnNull_WhenGivenFrameObjectWithNoPolygon" storage="d:\actions-runner\_work\xpco\xpco\metadatasearch\plugin.tests\bin\debug\plugin.tests.dll" id="0b71c0e3-a86d-bb75-3905-c8d1b5aeb91a">
      <Execution id="75b6dea1-4839-4b97-8b30-e9df8d8474fa" />
      <TestMethod codeBase="D:\actions-runner\_work\XPCO\XPCO\MetadataSearch\Plugin.Tests\bin\Debug\Plugin.Tests.dll" adapterTypeName="executor://mstestadapter/v2" className="VideoOS.MetadataSearch.Plugin.Tests.MetadataBoundingShapeTests" name="GetBoundingPolygon_ShouldReturnNull_WhenGivenFrameObjectWithNoPolygon" />
    </UnitTest>
    <UnitTest name="GetValue_ShouldThrowException_WhenCalledWithUnknownId" storage="d:\actions-runner\_work\xpco\xpco\metadatasearch\plugin.tests\bin\debug\plugin.tests.dll" id="6bd8ce04-325e-7279-fc5b-efad87b87bbc">
      <Execution id="2e01d5b2-4963-4e49-bfca-ee6e15b045c5" />
      <TestMethod codeBase="D:\actions-runner\_work\XPCO\XPCO\MetadataSearch\Plugin.Tests\bin\Debug\Plugin.Tests.dll" adapterTypeName="executor://mstestadapter/v2" className="VideoOS.MetadataSearch.Common.Tests.CategoriesTests" name="GetValue_ShouldThrowException_WhenCalledWithUnknownId" />
    </UnitTest>
    <UnitTest name="InvalidateLongitude_ShouldTurnInvalidToFalse_WhenCalledOnValidValue" storage="d:\actions-runner\_work\xpco\xpco\metadatasearch\plugin.tests\bin\debug\plugin.tests.dll" id="048064ce-9700-10d9-1f79-bb81092b89b1">
      <Execution id="de957be5-563a-4cc5-a8e4-b7c12f8ea1bd" />
      <TestMethod codeBase="D:\actions-runner\_work\XPCO\XPCO\MetadataSearch\Plugin.Tests\bin\Debug\Plugin.Tests.dll" adapterTypeName="executor://mstestadapter/v2" className="VideoOS.MetadataSearch.Plugin.Search.Filters.Tests.GeoCoordinatesFilterValueTests" name="InvalidateLongitude_ShouldTurnInvalidToFalse_WhenCalledOnValidValue" />
    </UnitTest>
    <UnitTest name="IsEmpty_ShouldReturnBase_WhenSearchingWithoutDefaults (0,10,1,10,False)" storage="d:\actions-runner\_work\xpco\xpco\metadatasearch\plugin.tests\bin\debug\plugin.tests.dll" id="30d61bb6-0190-9ee4-4480-999650ab018e">
      <Execution id="f9e22356-c42c-4565-bedf-477ba921d9df" />
      <TestMethod codeBase="D:\actions-runner\_work\XPCO\XPCO\MetadataSearch\Plugin.Tests\bin\Debug\Plugin.Tests.dll" adapterTypeName="executor://mstestadapter/v2" className="VideoOS.MetadataSearch.Plugin.Search.Filters.Tests.RangeSearchFilterTests" name="IsEmpty_ShouldReturnBase_WhenSearchingWithoutDefaults" />
    </UnitTest>
    <UnitTest name="IsMatch_ShouldReturnFalse_WhenGivenFrameObjectWithInvalidProperties" storage="d:\actions-runner\_work\xpco\xpco\metadatasearch\plugin.tests\bin\debug\plugin.tests.dll" id="d4452252-777d-7430-b8a1-f0e1693e31c3">
      <Execution id="b58173ae-5e18-4f8f-8f3f-783f94083153" />
      <TestMethod codeBase="D:\actions-runner\_work\XPCO\XPCO\MetadataSearch\Plugin.Tests\bin\Debug\Plugin.Tests.dll" adapterTypeName="executor://mstestadapter/v2" className="VideoOS.MetadataSearch.Plugin.Tests.Search.Predicates.ColorPredicateTests" name="IsMatch_ShouldReturnFalse_WhenGivenFrameObjectWithInvalidProperties" />
    </UnitTest>
    <UnitTest name="TryParseColor_ShouldReturn_CorrectResult (&lt;?xml version=&quot;1.0&quot;?&gt; &lt;tt:Color xmlns:tt=&quot;http://www.onvif.org/ver10/schema&quot; X = &quot;400&quot; Colorspace = &quot;RGB&quot; /&gt;,False)" storage="d:\actions-runner\_work\xpco\xpco\metadatasearch\plugin.tests\bin\debug\plugin.tests.dll" id="14abc2b8-998a-7ca5-f1be-36d249e1c57b">
      <Execution id="a1a28758-03df-4f1e-b435-bdd9974502cc" />
      <TestMethod codeBase="D:\actions-runner\_work\XPCO\XPCO\MetadataSearch\Plugin.Tests\bin\Debug\Plugin.Tests.dll" adapterTypeName="executor://mstestadapter/v2" className="VideoOS.MetadataSearch.Plugin.Tests.Search.ColorHandling.OnvifColorParserTests" name="TryParseColor_ShouldReturn_CorrectResult" />
    </UnitTest>
    <UnitTest name="GetFilterValues_ShouldReturnEmptyEnumeration_WhenValueIsNull" storage="d:\actions-runner\_work\xpco\xpco\metadatasearch\plugin.tests\bin\debug\plugin.tests.dll" id="27c656ed-af7a-6dcb-a54c-8684fabb981f">
      <Execution id="67b22ab5-41d5-46e0-8c64-4de6ea4b9159" />
      <TestMethod codeBase="D:\actions-runner\_work\XPCO\XPCO\MetadataSearch\Plugin.Tests\bin\Debug\Plugin.Tests.dll" adapterTypeName="executor://mstestadapter/v2" className="VideoOS.MetadataSearch.Plugin.Search.FilterValueProviders.Tests.AgeValueProviderTests" name="GetFilterValues_ShouldReturnEmptyEnumeration_WhenValueIsNull" />
    </UnitTest>
    <UnitTest name="IsMatch_ShouldReturnTrue_WhenClassIsMatch" storage="d:\actions-runner\_work\xpco\xpco\metadatasearch\plugin.tests\bin\debug\plugin.tests.dll" id="c6db83e7-5e77-1b6b-d1cd-a0dc3dc0562d">
      <Execution id="8d319f46-54bb-4322-a2f0-83ada90103d8" />
      <TestMethod codeBase="D:\actions-runner\_work\XPCO\XPCO\MetadataSearch\Plugin.Tests\bin\Debug\Plugin.Tests.dll" adapterTypeName="executor://mstestadapter/v2" className="VideoOS.MetadataSearch.Plugin.Search.Tests.Predicates.CategorySearchPredicateTests" name="IsMatch_ShouldReturnCorrectResult" />
    </UnitTest>
    <UnitTest name="DoSearch_ShouldFindVehicle_WhenLicensePlatePropertyIsPresent" storage="d:\actions-runner\_work\xpco\xpco\metadatasearch\plugin.tests\bin\debug\plugin.tests.dll" id="0f0e6972-06c8-db8d-1b86-f2ea4c948042">
      <Execution id="7f471a01-6274-4dbe-a2ee-82244dbfb615" />
      <TestMethod codeBase="D:\actions-runner\_work\XPCO\XPCO\MetadataSearch\Plugin.Tests\bin\Debug\Plugin.Tests.dll" adapterTypeName="executor://mstestadapter/v2" className="VideoOS.MetadataSearch.Plugin.Tests.FunctionalTests.FullPluginTests" name="DoSearch_ShouldFindVehicleCategory" />
    </UnitTest>
    <UnitTest name="GetEnabledFilters_ShouldReturnAllEnabledFilters" storage="d:\actions-runner\_work\xpco\xpco\metadatasearch\plugin.tests\bin\debug\plugin.tests.dll" id="ebe2eab7-197f-2527-3878-ceffe8948ed4">
      <Execution id="f3d2d80d-1a93-4e47-a7c0-f56c397c7daa" />
      <TestMethod codeBase="D:\actions-runner\_work\XPCO\XPCO\MetadataSearch\Plugin.Tests\bin\Debug\Plugin.Tests.dll" adapterTypeName="executor://mstestadapter/v2" className="VideoOS.MetadataSearch.Plugin.Configuration.Tests.MetadataCategoryTests" name="GetEnabledFilters_ShouldReturnAllEnabledFilters" />
    </UnitTest>
    <UnitTest name="GetFrames_ShouldReturnFramesInTheSpecifiedTimeRange (False)" storage="d:\actions-runner\_work\xpco\xpco\metadatasearch\plugin.tests\bin\debug\plugin.tests.dll" id="96748469-9f77-293e-9024-c4beadff4ef6">
      <Execution id="4bb2e01c-e502-4d26-b713-06d3b25d602e" />
      <TestMethod codeBase="D:\actions-runner\_work\XPCO\XPCO\MetadataSearch\Plugin.Tests\bin\Debug\Plugin.Tests.dll" adapterTypeName="executor://mstestadapter/v2" className="VideoOS.MetadataSearch.Plugin.Tests.SearchAgent.MIPMetadataObjectSourceTests" name="GetFrames_ShouldReturnFramesInTheSpecifiedTimeRange" />
    </UnitTest>
    <UnitTest name="DoSearch_ShouldFindPeople_WhenFacePropertyIsPresent" storage="d:\actions-runner\_work\xpco\xpco\metadatasearch\plugin.tests\bin\debug\plugin.tests.dll" id="7387974b-3fe4-d79e-08a1-e261ef11c329">
      <Execution id="5dc2490c-2e6c-4a8f-8852-86e2f7fce1b0" />
      <TestMethod codeBase="D:\actions-runner\_work\XPCO\XPCO\MetadataSearch\Plugin.Tests\bin\Debug\Plugin.Tests.dll" adapterTypeName="executor://mstestadapter/v2" className="VideoOS.MetadataSearch.Plugin.Tests.FunctionalTests.FullPluginTests" name="DoSearch_ShouldFindPeopleCategory" />
    </UnitTest>
    <UnitTest name="DoSearch_ShouldFindPeople_WhenClassIsHuman" storage="d:\actions-runner\_work\xpco\xpco\metadatasearch\plugin.tests\bin\debug\plugin.tests.dll" id="6b102470-5fe0-736b-da07-26881a2f19de">
      <Execution id="9d7a28f1-3a23-4794-b596-d11e43606927" />
      <TestMethod codeBase="D:\actions-runner\_work\XPCO\XPCO\MetadataSearch\Plugin.Tests\bin\Debug\Plugin.Tests.dll" adapterTypeName="executor://mstestadapter/v2" className="VideoOS.MetadataSearch.Plugin.Tests.FunctionalTests.FullPluginTests" name="DoSearch_ShouldFindPeopleCategory" />
    </UnitTest>
    <UnitTest name="FinalizeRemainingSequences_ShouldReturnAllSequences" storage="d:\actions-runner\_work\xpco\xpco\metadatasearch\plugin.tests\bin\debug\plugin.tests.dll" id="ea2e82c5-a347-018b-9a24-a661f3fdcf08">
      <Execution id="4df42a50-4c9a-410f-b5bd-61a131a7dd9e" />
      <TestMethod codeBase="D:\actions-runner\_work\XPCO\XPCO\MetadataSearch\Plugin.Tests\bin\Debug\Plugin.Tests.dll" adapterTypeName="executor://mstestadapter/v2" className="VideoOS.MetadataSearch.Plugin.Tests.Search.SequenceBuilderTests" name="FinalizeRemainingSequences_ShouldReturnAllSequences" />
    </UnitTest>
    <UnitTest name="BoundingShape_ShouldBeTheBoundingShapeOfFirstObject" storage="d:\actions-runner\_work\xpco\xpco\metadatasearch\plugin.tests\bin\debug\plugin.tests.dll" id="43632830-56b5-2c25-4520-e4973c4ca2ed">
      <Execution id="23644f0b-77ee-4914-b03a-ad799a97ad9d" />
      <TestMethod codeBase="D:\actions-runner\_work\XPCO\XPCO\MetadataSearch\Plugin.Tests\bin\Debug\Plugin.Tests.dll" adapterTypeName="executor://mstestadapter/v2" className="VideoOS.MetadataSearch.Plugin.Tests.FunctionalTests.ObjectSequenceTests" name="BoundingShape_ShouldBeTheBoundingShapeOfFirstObject" />
    </UnitTest>
    <UnitTest name="DoSearch_ShouldFindVehicle_WhenClassIsVehicle" storage="d:\actions-runner\_work\xpco\xpco\metadatasearch\plugin.tests\bin\debug\plugin.tests.dll" id="37f7b479-437b-e4ed-4de3-0b10106b72a3">
      <Execution id="2a090d3e-ebcf-4258-852d-86a9def3531f" />
      <TestMethod codeBase="D:\actions-runner\_work\XPCO\XPCO\MetadataSearch\Plugin.Tests\bin\Debug\Plugin.Tests.dll" adapterTypeName="executor://mstestadapter/v2" className="VideoOS.MetadataSearch.Plugin.Tests.FunctionalTests.FullPluginTests" name="DoSearch_ShouldFindVehicleCategory" />
    </UnitTest>
    <UnitTest name="IsSet_ShouldBeFalse_WhenValueProviderHasNoValues" storage="d:\actions-runner\_work\xpco\xpco\metadatasearch\plugin.tests\bin\debug\plugin.tests.dll" id="9ff14ff7-ddbc-8331-9543-ba15085b4176">
      <Execution id="22ce0b1f-d974-4195-8fe3-ad04eeb8b156" />
      <TestMethod codeBase="D:\actions-runner\_work\XPCO\XPCO\MetadataSearch\Plugin.Tests\bin\Debug\Plugin.Tests.dll" adapterTypeName="executor://mstestadapter/v2" className="VideoOS.MetadataSearch.Plugin.Search.FilterDefinitions.Tests.ListSelectionFilterDefinitionTests" name="IsSet_ShouldBeFalse_WhenValueProviderHasNoValues" />
    </UnitTest>
    <UnitTest name="GetValue_ShouldReturnAValue_WhenCalledWithKnownVehicleTypeIds (f7dddebb-09f7-4a07-aaa3-53c00fc6c151)" storage="d:\actions-runner\_work\xpco\xpco\metadatasearch\plugin.tests\bin\debug\plugin.tests.dll" id="d3b09615-1a45-b103-fa28-b14a8987e6d6">
      <Execution id="59d21bcb-3ea6-4274-80b1-cf5787291bb6" />
      <TestMethod codeBase="D:\actions-runner\_work\XPCO\XPCO\MetadataSearch\Plugin.Tests\bin\Debug\Plugin.Tests.dll" adapterTypeName="executor://mstestadapter/v2" className="VideoOS.MetadataSearch.Common.Tests.VehicleTypesTests" name="GetValue_ShouldReturnAValue_WhenCalledWithKnownVehicleTypeIds" />
    </UnitTest>
    <UnitTest name="GetBoundingShapesAsync_ShouldUsePolygons_WhenGivenFrameObjectWithBothPolygonAndBoundingBox" storage="d:\actions-runner\_work\xpco\xpco\metadatasearch\plugin.tests\bin\debug\plugin.tests.dll" id="36f65028-a17e-012e-79af-b69bd9d0ea50">
      <Execution id="73d05764-d4b4-4510-9cec-2cc44c7acf68" />
      <TestMethod codeBase="D:\actions-runner\_work\XPCO\XPCO\MetadataSearch\Plugin.Tests\bin\Debug\Plugin.Tests.dll" adapterTypeName="executor://mstestadapter/v2" className="VideoOS.MetadataSearch.Plugin.Tests.MetadataSearchResultDataTests" name="GetBoundingShapesAsync_ShouldUsePolygons_WhenGivenFrameObjectWithBothPolygonAndBoundingBox" />
    </UnitTest>
    <UnitTest name="IsMatch_ShouldReturnFalse_WhenObjectElementHasPartiallyMatchingValue" storage="d:\actions-runner\_work\xpco\xpco\metadatasearch\plugin.tests\bin\debug\plugin.tests.dll" id="5fd39ef6-9234-df81-0f71-277429bc7c32">
      <Execution id="5a836d25-f855-4466-9bed-8d5727457492" />
      <TestMethod codeBase="D:\actions-runner\_work\XPCO\XPCO\MetadataSearch\Plugin.Tests\bin\Debug\Plugin.Tests.dll" adapterTypeName="executor://mstestadapter/v2" className="VideoOS.MetadataSearch.Plugin.Tests.Search.Predicates.PartialMatchSearchPredicateTests" name="IsMatch_ShouldWorkCorrectly" />
    </UnitTest>
    <UnitTest name="IsMatch_ShouldReturnTrue_WhenObjectElementHasFullyMatchingPropertyNameAndValue" storage="d:\actions-runner\_work\xpco\xpco\metadatasearch\plugin.tests\bin\debug\plugin.tests.dll" id="1c94ba47-9023-7143-4a8e-fb67768a6f84">
      <Execution id="9d7b21d2-8384-4155-896c-1e4bfabc2db5" />
      <TestMethod codeBase="D:\actions-runner\_work\XPCO\XPCO\MetadataSearch\Plugin.Tests\bin\Debug\Plugin.Tests.dll" adapterTypeName="executor://mstestadapter/v2" className="VideoOS.MetadataSearch.Plugin.Tests.Search.Predicates.PartialMatchSearchPredicateTests" name="IsMatch_ShouldWorkCorrectly" />
    </UnitTest>
    <UnitTest name="TryParseColor_ShouldSucceed_WhenColorspaceComesFromProperties" storage="d:\actions-runner\_work\xpco\xpco\metadatasearch\plugin.tests\bin\debug\plugin.tests.dll" id="a96913c2-5c94-25aa-aa92-a4b494985e51">
      <Execution id="aabf5b64-e7e0-4a39-b86e-42b88ab78c67" />
      <TestMethod codeBase="D:\actions-runner\_work\XPCO\XPCO\MetadataSearch\Plugin.Tests\bin\Debug\Plugin.Tests.dll" adapterTypeName="executor://mstestadapter/v2" className="VideoOS.MetadataSearch.Plugin.Tests.Search.ColorHandling.OnvifColorParserTests" name="TryParseColor_ShouldSucceed_WhenColorspaceComesFromProperties" />
    </UnitTest>
    <UnitTest name="GetFrames_ShouldContinueReturningFrames_WhenThereIsNoMIPContent (False)" storage="d:\actions-runner\_work\xpco\xpco\metadatasearch\plugin.tests\bin\debug\plugin.tests.dll" id="806115df-70cd-0935-7c36-279bceac0ca7">
      <Execution id="7a33d094-b238-4dd7-b3ec-88695db5c003" />
      <TestMethod codeBase="D:\actions-runner\_work\XPCO\XPCO\MetadataSearch\Plugin.Tests\bin\Debug\Plugin.Tests.dll" adapterTypeName="executor://mstestadapter/v2" className="VideoOS.MetadataSearch.Plugin.Tests.SearchAgent.MIPMetadataObjectSourceTests" name="GetFrames_ShouldContinueReturningFrames_WhenThereIsNoMIPContent" />
    </UnitTest>
    <UnitTest name="IsEmpty_ShouldReturnTrue_WhenThereAreNoFramesInTheSpecifiedTimeRange (True)" storage="d:\actions-runner\_work\xpco\xpco\metadatasearch\plugin.tests\bin\debug\plugin.tests.dll" id="a87d0b30-1b50-ed18-a106-3c32a9d0d116">
      <Execution id="d74b45b2-ee9e-485f-abc4-59e4ac5db2a8" />
      <TestMethod codeBase="D:\actions-runner\_work\XPCO\XPCO\MetadataSearch\Plugin.Tests\bin\Debug\Plugin.Tests.dll" adapterTypeName="executor://mstestadapter/v2" className="VideoOS.MetadataSearch.Plugin.Tests.SearchAgent.MIPMetadataObjectSourceTests" name="IsEmpty_ShouldReturnTrue_WhenThereAreNoFramesInTheSpecifiedTimeRange" />
    </UnitTest>
    <UnitTest name="IsMatch_ShouldReturnTrue_WhenAllPredicatesAreMatched" storage="d:\actions-runner\_work\xpco\xpco\metadatasearch\plugin.tests\bin\debug\plugin.tests.dll" id="6bce575e-8f07-a06a-d4e9-7baf381097ed">
      <Execution id="62c23524-b8db-4a48-a475-3654b5f26be2" />
      <TestMethod codeBase="D:\actions-runner\_work\XPCO\XPCO\MetadataSearch\Plugin.Tests\bin\Debug\Plugin.Tests.dll" adapterTypeName="executor://mstestadapter/v2" className="VideoOS.MetadataSearch.Plugin.Tests.Search.Predicates.CompositeUnionSearchPredicateTests" name="IsMatch_ShouldWorkCorrectly" />
    </UnitTest>
    <UnitTest name="IsMatch_ShouldReturnFalse_WhenAnyOfThePredicatesIsNotMatched" storage="d:\actions-runner\_work\xpco\xpco\metadatasearch\plugin.tests\bin\debug\plugin.tests.dll" id="55f041d7-d67d-7c07-3d7c-8e2b2951c8af">
      <Execution id="55d18f74-4923-4cba-a06b-e50bc7262b2f" />
      <TestMethod codeBase="D:\actions-runner\_work\XPCO\XPCO\MetadataSearch\Plugin.Tests\bin\Debug\Plugin.Tests.dll" adapterTypeName="executor://mstestadapter/v2" className="VideoOS.MetadataSearch.Plugin.Tests.Search.Predicates.CompositeIntersectSearchPredicateTests" name="IsMatch_ShouldWorkCorrectly" />
    </UnitTest>
    <UnitTest name="GetCategorySearchPredicate_ShouldReturnPredicateWithAllRelatedProperties_WhenFilterHasMultipleProperties" storage="d:\actions-runner\_work\xpco\xpco\metadatasearch\plugin.tests\bin\debug\plugin.tests.dll" id="b4084ff7-36a0-65d4-0c78-ecb397769e59">
      <Execution id="83426878-f41b-4dc3-9578-86efe057627e" />
      <TestMethod codeBase="D:\actions-runner\_work\XPCO\XPCO\MetadataSearch\Plugin.Tests\bin\Debug\Plugin.Tests.dll" adapterTypeName="executor://mstestadapter/v2" className="VideoOS.MetadataSearch.Plugin.Configuration.Tests.MetadataCategoryTests" name="GetCategorySearchPredicate_ShouldReturnPredicateWithAllRelatedProperties_WhenFilterHasMultipleProperties" />
    </UnitTest>
    <UnitTest name="IsMatch_ShouldComparecolorCorrectly_WhenGivenValidPropertyValues (white,Red,white,True)" storage="d:\actions-runner\_work\xpco\xpco\metadatasearch\plugin.tests\bin\debug\plugin.tests.dll" id="02e92061-ff27-3ac2-c64c-a7dea7592a97">
      <Execution id="2f4c0003-68f8-4d0e-846c-a6932d045114" />
      <TestMethod codeBase="D:\actions-runner\_work\XPCO\XPCO\MetadataSearch\Plugin.Tests\bin\Debug\Plugin.Tests.dll" adapterTypeName="executor://mstestadapter/v2" className="VideoOS.MetadataSearch.Plugin.Tests.Search.Predicates.ColorPredicateTests" name="IsMatch_ShouldComparecolorCorrectly_WhenGivenValidPropertyValues" />
    </UnitTest>
    <UnitTest name="GetValue_ShouldReturnAValue_WhenCalledWithKnownFilterIds (4c6aeecb-d705-44bf-8bea-2d866fbd3ba8)" storage="d:\actions-runner\_work\xpco\xpco\metadatasearch\plugin.tests\bin\debug\plugin.tests.dll" id="ec31edd8-efda-9e8e-45c9-3573e057a69c">
      <Execution id="b9129717-39a3-41fa-9075-92fd94b5a27b" />
      <TestMethod codeBase="D:\actions-runner\_work\XPCO\XPCO\MetadataSearch\Plugin.Tests\bin\Debug\Plugin.Tests.dll" adapterTypeName="executor://mstestadapter/v2" className="VideoOS.MetadataSearch.Common.Tests.FiltersTests" name="GetValue_ShouldReturnAValue_WhenCalledWithKnownFilterIds" />
    </UnitTest>
    <UnitTest name="IsMatch_ShouldReturnTrue_WhenAllPredicatesAreMatched" storage="d:\actions-runner\_work\xpco\xpco\metadatasearch\plugin.tests\bin\debug\plugin.tests.dll" id="666e6c5a-d69b-6714-d634-2a3c90ca8e96">
      <Execution id="ee1b7f7d-b13f-4408-9599-38dcc24a17f4" />
      <TestMethod codeBase="D:\actions-runner\_work\XPCO\XPCO\MetadataSearch\Plugin.Tests\bin\Debug\Plugin.Tests.dll" adapterTypeName="executor://mstestadapter/v2" className="VideoOS.MetadataSearch.Plugin.Tests.Search.Predicates.CompositeIntersectSearchPredicateTests" name="IsMatch_ShouldWorkCorrectly" />
    </UnitTest>
    <UnitTest name="TryParseColor_ShouldReturn_CorrectResult (&lt;?xml version=&quot;1.0&quot;?&gt; &lt;tt:Color xmlns:tt=&quot;http://www.onvif.org/ver10/schema&quot; Z = &quot;169&quot; Colorspace = &quot;YCbCr&quot; /&gt;,False)" storage="d:\actions-runner\_work\xpco\xpco\metadatasearch\plugin.tests\bin\debug\plugin.tests.dll" id="2fa26119-f0d4-f02f-aad4-4159385bd8d6">
      <Execution id="4c54514b-13c0-4c47-87d0-e0201f541c95" />
      <TestMethod codeBase="D:\actions-runner\_work\XPCO\XPCO\MetadataSearch\Plugin.Tests\bin\Debug\Plugin.Tests.dll" adapterTypeName="executor://mstestadapter/v2" className="VideoOS.MetadataSearch.Plugin.Tests.Search.ColorHandling.OnvifColorParserTests" name="TryParseColor_ShouldReturn_CorrectResult" />
    </UnitTest>
    <UnitTest name="IsMatch_ShouldReturnTrue_WhenClassIsMatchAndThereIsNoProperties" storage="d:\actions-runner\_work\xpco\xpco\metadatasearch\plugin.tests\bin\debug\plugin.tests.dll" id="2c296588-7371-0f8d-10f8-d4e75c377bcf">
      <Execution id="adfb48c4-d1d1-46a2-8e83-c3e076b896f8" />
      <TestMethod codeBase="D:\actions-runner\_work\XPCO\XPCO\MetadataSearch\Plugin.Tests\bin\Debug\Plugin.Tests.dll" adapterTypeName="executor://mstestadapter/v2" className="VideoOS.MetadataSearch.Plugin.Search.Tests.Predicates.CategorySearchPredicateTests" name="IsMatch_ShouldReturnCorrectResult" />
    </UnitTest>
    <UnitTest name="IsMatch_ShouldReturnFalse_WhenGivenFrameObjectWithInvalidProperties" storage="d:\actions-runner\_work\xpco\xpco\metadatasearch\plugin.tests\bin\debug\plugin.tests.dll" id="ad937d21-993c-7f1a-8fa0-80c5eedeab97">
      <Execution id="5b8358a2-b3fa-4304-bbef-f0c9a4b3904b" />
      <TestMethod codeBase="D:\actions-runner\_work\XPCO\XPCO\MetadataSearch\Plugin.Tests\bin\Debug\Plugin.Tests.dll" adapterTypeName="executor://mstestadapter/v2" className="VideoOS.MetadataSearch.Plugin.Tests.Search.Predicates.GeoCoordinatesPredicateTests" name="IsMatch_ShouldReturnFalse_WhenGivenFrameObjectWithInvalidProperties" />
    </UnitTest>
    <UnitTest name="GetValue_ShouldReturnAValue_WhenCalledWithKnownFilterIds (ecdcb7ff-0a4b-4b4c-9272-a2fd23639070)" storage="d:\actions-runner\_work\xpco\xpco\metadatasearch\plugin.tests\bin\debug\plugin.tests.dll" id="a0fecfc4-55af-bb90-a20d-49a14375d376">
      <Execution id="b1e9a1ae-fabf-45da-88f6-d9bf32417559" />
      <TestMethod codeBase="D:\actions-runner\_work\XPCO\XPCO\MetadataSearch\Plugin.Tests\bin\Debug\Plugin.Tests.dll" adapterTypeName="executor://mstestadapter/v2" className="VideoOS.MetadataSearch.Common.Tests.FiltersTests" name="GetValue_ShouldReturnAValue_WhenCalledWithKnownFilterIds" />
    </UnitTest>
    <UnitTest name="DoSearch_ShouldFindVehicle_WhenClassIsVehical" storage="d:\actions-runner\_work\xpco\xpco\metadatasearch\plugin.tests\bin\debug\plugin.tests.dll" id="52b3e7e8-c4a5-3878-cfaf-52c526b4299d">
      <Execution id="1d5989a7-0411-44f5-b83d-1728dd194da3" />
      <TestMethod codeBase="D:\actions-runner\_work\XPCO\XPCO\MetadataSearch\Plugin.Tests\bin\Debug\Plugin.Tests.dll" adapterTypeName="executor://mstestadapter/v2" className="VideoOS.MetadataSearch.Plugin.Tests.FunctionalTests.FullPluginTests" name="DoSearch_ShouldFindVehicleCategory" />
    </UnitTest>
    <UnitTest name="GetSearchPredicate_ShouldCallFactoryWithCorrectPropertyName" storage="d:\actions-runner\_work\xpco\xpco\metadatasearch\plugin.tests\bin\debug\plugin.tests.dll" id="783c61b8-9979-7e4d-dff3-17f24aca21ff">
      <Execution id="76981563-ba6f-4a8b-935b-cb6dab459fc6" />
      <TestMethod codeBase="D:\actions-runner\_work\XPCO\XPCO\MetadataSearch\Plugin.Tests\bin\Debug\Plugin.Tests.dll" adapterTypeName="executor://mstestadapter/v2" className="VideoOS.MetadataSearch.Plugin.Search.FilterDefinitions.Tests.TextFilterDefinitionTests" name="GetSearchPredicate_ShouldCallFactoryWithCorrectPropertyName" />
    </UnitTest>
    <UnitTest name="GetEnabledFilters_ShouldReturnEmptyCollection_WhenCategoryHasNoFilters" storage="d:\actions-runner\_work\xpco\xpco\metadatasearch\plugin.tests\bin\debug\plugin.tests.dll" id="6284c07a-1926-8d31-c1a2-15de191e68d7">
      <Execution id="25a73be1-f8cf-44f8-b546-bf96d179c8fa" />
      <TestMethod codeBase="D:\actions-runner\_work\XPCO\XPCO\MetadataSearch\Plugin.Tests\bin\Debug\Plugin.Tests.dll" adapterTypeName="executor://mstestadapter/v2" className="VideoOS.MetadataSearch.Plugin.Configuration.Tests.MetadataCategoryTests" name="GetEnabledFilters_ShouldReturnEmptyCollection_WhenCategoryHasNoFilters" />
    </UnitTest>
    <UnitTest name="GetFilterValues_ShouldReturnSelectedValues_WhenValueIsValid" storage="d:\actions-runner\_work\xpco\xpco\metadatasearch\plugin.tests\bin\debug\plugin.tests.dll" id="f2977152-27e1-99c2-0ed4-b1108eb41ea8">
      <Execution id="885b4048-fa8c-4f86-a2a0-cc788325db5c" />
      <TestMethod codeBase="D:\actions-runner\_work\XPCO\XPCO\MetadataSearch\Plugin.Tests\bin\Debug\Plugin.Tests.dll" adapterTypeName="executor://mstestadapter/v2" className="VideoOS.MetadataSearch.Plugin.Search.FilterValueProviders.Tests.ListSelectionValueProviderTests" name="GetFilterValues_ShouldReturnSelectedValues_WhenValueIsValid" />
    </UnitTest>
    <UnitTest name="IsMatch_ShouldReturnTrue_WhenObjectElementExists" storage="d:\actions-runner\_work\xpco\xpco\metadatasearch\plugin.tests\bin\debug\plugin.tests.dll" id="a1b74b0b-009e-e0a3-33bb-93ec2d1ed879">
      <Execution id="6f31cf16-2535-4026-bd51-fbd46d953b59" />
      <TestMethod codeBase="D:\actions-runner\_work\XPCO\XPCO\MetadataSearch\Plugin.Tests\bin\Debug\Plugin.Tests.dll" adapterTypeName="executor://mstestadapter/v2" className="VideoOS.MetadataSearch.Plugin.Tests.Search.Predicates.PropertyExistsPredicateTests" name="IsMatch_ShouldWorkJustFine" />
    </UnitTest>
    <UnitTest name="Deserialize_ShouldReturnTrue_WhenInputIsValid" storage="d:\actions-runner\_work\xpco\xpco\metadatasearch\plugin.tests\bin\debug\plugin.tests.dll" id="02e911c5-d11b-dead-a23d-a86892fd7e08">
      <Execution id="be4f373a-5d79-44ca-8340-04e35362e439" />
      <TestMethod codeBase="D:\actions-runner\_work\XPCO\XPCO\MetadataSearch\Plugin.Tests\bin\Debug\Plugin.Tests.dll" adapterTypeName="executor://mstestadapter/v2" className="VideoOS.MetadataSearch.Plugin.Search.Filters.Tests.GeoCoordinatesFilterValueTests" name="Deserialize_ShouldReturnTrue_WhenInputIsValid" />
    </UnitTest>
    <UnitTest name="GetFrames_ShouldNotContinueFetchingFrames_WhenTokenSourceIsCancelled (False)" storage="d:\actions-runner\_work\xpco\xpco\metadatasearch\plugin.tests\bin\debug\plugin.tests.dll" id="516c01d6-57b7-d676-abbc-5c0620a39685">
      <Execution id="a515585a-62ba-4041-822b-741803649e52" />
      <TestMethod codeBase="D:\actions-runner\_work\XPCO\XPCO\MetadataSearch\Plugin.Tests\bin\Debug\Plugin.Tests.dll" adapterTypeName="executor://mstestadapter/v2" className="VideoOS.MetadataSearch.Plugin.Tests.SearchAgent.MIPMetadataObjectSourceTests" name="GetFrames_ShouldNotContinueFetchingFrames_WhenTokenSourceIsCancelled" />
    </UnitTest>
    <UnitTest name="CreateGuid_ShouldReturnDifferentGuid_WhenUsingDifferentSearchAgentId_ButSameParams" storage="d:\actions-runner\_work\xpco\xpco\metadatasearch\plugin.tests\bin\debug\plugin.tests.dll" id="8a2012f5-edd4-0ac2-d029-f45f835a7797">
      <Execution id="ea156b77-8b30-4bfb-938a-a36c45580bba" />
      <TestMethod codeBase="D:\actions-runner\_work\XPCO\XPCO\MetadataSearch\Plugin.Tests\bin\Debug\Plugin.Tests.dll" adapterTypeName="executor://mstestadapter/v2" className="VideoOS.MetadataSearch.Plugin.Tests.IdGeneratorTests" name="CreateGuid_ShouldReturnDifferentGuid_WhenUsingDifferentSearchAgentId_ButSameParams" />
    </UnitTest>
    <UnitTest name="IsEmpty_ShouldReturnFalse_WhenSearchingWithDefaults (0,10,0,9)" storage="d:\actions-runner\_work\xpco\xpco\metadatasearch\plugin.tests\bin\debug\plugin.tests.dll" id="05af5647-014b-c33b-f3b5-de49c30b7af3">
      <Execution id="67f19713-14cd-44b2-a7fe-ba4f421e9cad" />
      <TestMethod codeBase="D:\actions-runner\_work\XPCO\XPCO\MetadataSearch\Plugin.Tests\bin\Debug\Plugin.Tests.dll" adapterTypeName="executor://mstestadapter/v2" className="VideoOS.MetadataSearch.Plugin.Search.Filters.Tests.RangeSearchFilterTests" name="IsEmpty_ShouldReturnFalse_WhenSearchingWithDefaults" />
    </UnitTest>
    <UnitTest name="CreateGuid_ShouldReturnGuid_WhenDeviceIdIsEmptyString" storage="d:\actions-runner\_work\xpco\xpco\metadatasearch\plugin.tests\bin\debug\plugin.tests.dll" id="bc20fac5-e535-e107-1517-42154988b39f">
      <Execution id="aeb45e4a-6ba0-40bd-9ee5-15384a82db1c" />
      <TestMethod codeBase="D:\actions-runner\_work\XPCO\XPCO\MetadataSearch\Plugin.Tests\bin\Debug\Plugin.Tests.dll" adapterTypeName="executor://mstestadapter/v2" className="VideoOS.MetadataSearch.Plugin.Tests.IdGeneratorTests" name="CreateGuid_ShouldReturnGuid_WhenDeviceIdIsEmptyString" />
    </UnitTest>
    <UnitTest name="IsEmpty_ShouldReturnBase_WhenSearchingWithoutDefaults (0,10,0,10,True)" storage="d:\actions-runner\_work\xpco\xpco\metadatasearch\plugin.tests\bin\debug\plugin.tests.dll" id="789286e0-4787-dac5-b9f7-2ee7d3b6df7f">
      <Execution id="7fee1eda-aeea-4be1-98ea-18c3230ffeee" />
      <TestMethod codeBase="D:\actions-runner\_work\XPCO\XPCO\MetadataSearch\Plugin.Tests\bin\Debug\Plugin.Tests.dll" adapterTypeName="executor://mstestadapter/v2" className="VideoOS.MetadataSearch.Plugin.Search.Filters.Tests.RangeSearchFilterTests" name="IsEmpty_ShouldReturnBase_WhenSearchingWithoutDefaults" />
    </UnitTest>
    <UnitTest name="GetCategorySearchPredicate_ShouldReturnPredicateWithAllRelatedProperties_WhenSomeFiltersAreEnabled" storage="d:\actions-runner\_work\xpco\xpco\metadatasearch\plugin.tests\bin\debug\plugin.tests.dll" id="423c6999-647a-cca0-d470-31ebbf4aa8bb">
      <Execution id="050e128e-a182-41a3-b4e0-b1417c33e8df" />
      <TestMethod codeBase="D:\actions-runner\_work\XPCO\XPCO\MetadataSearch\Plugin.Tests\bin\Debug\Plugin.Tests.dll" adapterTypeName="executor://mstestadapter/v2" className="VideoOS.MetadataSearch.Plugin.Configuration.Tests.MetadataCategoryTests" name="GetCategorySearchPredicate_ShouldReturnPredicateWithAllRelatedProperties_WhenSomeFiltersAreEnabled" />
    </UnitTest>
    <UnitTest name="Constructors_ShouldNotAllowInjectionOfNulls" storage="d:\actions-runner\_work\xpco\xpco\metadatasearch\plugin.tests\bin\debug\plugin.tests.dll" id="cb07d75a-8724-b8aa-941b-2cf713e8859e">
      <Execution id="04a22100-ef33-48eb-83b1-2d1c359a665f" />
      <TestMethod codeBase="D:\actions-runner\_work\XPCO\XPCO\MetadataSearch\Plugin.Tests\bin\Debug\Plugin.Tests.dll" adapterTypeName="executor://mstestadapter/v2" className="VideoOS.MetadataSearch.Plugin.Configuration.Tests.MetadataPropertyDefinitionTests" name="Constructors_ShouldNotAllowInjectionOfNulls" />
    </UnitTest>
    <UnitTest name="GetFrames_ShouldContinueReturningFrames_WhenThereIsNoMIPContent (True)" storage="d:\actions-runner\_work\xpco\xpco\metadatasearch\plugin.tests\bin\debug\plugin.tests.dll" id="81599604-d3ee-c1a6-f35a-965ea15cee27">
      <Execution id="5060230a-8162-442a-b568-8cf3d3daaa9d" />
      <TestMethod codeBase="D:\actions-runner\_work\XPCO\XPCO\MetadataSearch\Plugin.Tests\bin\Debug\Plugin.Tests.dll" adapterTypeName="executor://mstestadapter/v2" className="VideoOS.MetadataSearch.Plugin.Tests.SearchAgent.MIPMetadataObjectSourceTests" name="GetFrames_ShouldContinueReturningFrames_WhenThereIsNoMIPContent" />
    </UnitTest>
    <UnitTest name="Deserialize_ShouldReturnFalse_WhenInputContainsTooManyParameters" storage="d:\actions-runner\_work\xpco\xpco\metadatasearch\plugin.tests\bin\debug\plugin.tests.dll" id="a70f7772-2e5d-d839-25f4-6b6201671e24">
      <Execution id="e4608954-2572-4466-b46c-7c94818d142a" />
      <TestMethod codeBase="D:\actions-runner\_work\XPCO\XPCO\MetadataSearch\Plugin.Tests\bin\Debug\Plugin.Tests.dll" adapterTypeName="executor://mstestadapter/v2" className="VideoOS.MetadataSearch.Plugin.Search.Filters.Tests.GeoCoordinatesFilterValueTests" name="Deserialize_ShouldReturnFalse_WhenInputContainsTooManyParameters" />
    </UnitTest>
    <UnitTest name="GetValue_ShouldThrowException_WhenCalledWithUnknownId" storage="d:\actions-runner\_work\xpco\xpco\metadatasearch\plugin.tests\bin\debug\plugin.tests.dll" id="86ac4d5c-e64c-3eeb-48f6-3f5e7495ec74">
      <Execution id="370eff53-1e7c-490b-a2b6-a1264904a726" />
      <TestMethod codeBase="D:\actions-runner\_work\XPCO\XPCO\MetadataSearch\Plugin.Tests\bin\Debug\Plugin.Tests.dll" adapterTypeName="executor://mstestadapter/v2" className="VideoOS.MetadataSearch.Common.Tests.VehicleTypesTests" name="GetValue_ShouldThrowException_WhenCalledWithUnknownId" />
    </UnitTest>
    <UnitTest name="IsMatch_ShouldReturnTrue_WhenClassIsMissingButSomePropertiesArePresent" storage="d:\actions-runner\_work\xpco\xpco\metadatasearch\plugin.tests\bin\debug\plugin.tests.dll" id="7fd059d1-2ac1-bd30-ae00-56941e5683da">
      <Execution id="747d0c9e-fb10-4272-ba47-e6b57642d770" />
      <TestMethod codeBase="D:\actions-runner\_work\XPCO\XPCO\MetadataSearch\Plugin.Tests\bin\Debug\Plugin.Tests.dll" adapterTypeName="executor://mstestadapter/v2" className="VideoOS.MetadataSearch.Plugin.Search.Tests.Predicates.CategorySearchPredicateTests" name="IsMatch_ShouldReturnCorrectResult" />
    </UnitTest>
    <UnitTest name="GetBuiltInVehicleFilters_ShouldReturnNone_WhenCategoryIsNotVehicle" storage="d:\actions-runner\_work\xpco\xpco\metadatasearch\plugin.tests\bin\debug\plugin.tests.dll" id="2970a02d-9e23-b896-727a-254279f6780a">
      <Execution id="aada7e30-94b0-4122-b6e3-7a8630efaed5" />
      <TestMethod codeBase="D:\actions-runner\_work\XPCO\XPCO\MetadataSearch\Plugin.Tests\bin\Debug\Plugin.Tests.dll" adapterTypeName="executor://mstestadapter/v2" className="VideoOS.MetadataSearch.Plugin.Configuration.Tests.MetadataCategoryTests" name="GetBuiltInVehicleFilters_ShouldReturnNone_WhenCategoryIsNotVehicle" />
    </UnitTest>
    <UnitTest name="GetSearchPredicate_ShouldCallFactoryWithCorrectPropertyName" storage="d:\actions-runner\_work\xpco\xpco\metadatasearch\plugin.tests\bin\debug\plugin.tests.dll" id="80063462-e74f-69b5-ae3f-439fe54d3096">
      <Execution id="a4967a0b-ef0a-4059-bf1d-0f0b5b60d7b6" />
      <TestMethod codeBase="D:\actions-runner\_work\XPCO\XPCO\MetadataSearch\Plugin.Tests\bin\Debug\Plugin.Tests.dll" adapterTypeName="executor://mstestadapter/v2" className="VideoOS.MetadataSearch.Plugin.Search.FilterDefinitions.Tests.RangeFilterDefinitionTests" name="GetSearchPredicate_ShouldCallFactoryWithCorrectPropertyName" />
    </UnitTest>
    <UnitTest name="GetFilterValues_ShouldReturnEmptyEnumeration_WhenValueIsEmpty" storage="d:\actions-runner\_work\xpco\xpco\metadatasearch\plugin.tests\bin\debug\plugin.tests.dll" id="cf0a79cb-e6b1-ecdf-0b83-90c17c08f100">
      <Execution id="1ec59579-8f5c-422d-bf4a-37dd1f700377" />
      <TestMethod codeBase="D:\actions-runner\_work\XPCO\XPCO\MetadataSearch\Plugin.Tests\bin\Debug\Plugin.Tests.dll" adapterTypeName="executor://mstestadapter/v2" className="VideoOS.MetadataSearch.Plugin.Search.FilterValueProviders.Tests.GenderValueProviderTests" name="GetFilterValues_ShouldReturnEmptyEnumeration_WhenValueIsEmpty" />
    </UnitTest>
    <UnitTest name="DoSearch_ShouldFindPeople_WhenAgePropertyIsPresent" storage="d:\actions-runner\_work\xpco\xpco\metadatasearch\plugin.tests\bin\debug\plugin.tests.dll" id="ca147646-4355-af9f-461b-7fc1ef6c9150">
      <Execution id="1a40cc6b-3ec1-4fa4-ad82-594b1d2fbe2d" />
      <TestMethod codeBase="D:\actions-runner\_work\XPCO\XPCO\MetadataSearch\Plugin.Tests\bin\Debug\Plugin.Tests.dll" adapterTypeName="executor://mstestadapter/v2" className="VideoOS.MetadataSearch.Plugin.Tests.FunctionalTests.FullPluginTests" name="DoSearch_ShouldFindPeopleCategory" />
    </UnitTest>
    <UnitTest name="IsReset_ShouldBeFalse_WhenValueIsSet" storage="d:\actions-runner\_work\xpco\xpco\metadatasearch\plugin.tests\bin\debug\plugin.tests.dll" id="9f6ddcdf-929b-cb02-8911-903094987d1a">
      <Execution id="60ac154a-fc5f-4135-baef-871f886466e1" />
      <TestMethod codeBase="D:\actions-runner\_work\XPCO\XPCO\MetadataSearch\Plugin.Tests\bin\Debug\Plugin.Tests.dll" adapterTypeName="executor://mstestadapter/v2" className="VideoOS.MetadataSearch.Plugin.Search.Filters.Tests.GeoCoordinatesFilterValueTests" name="IsReset_ShouldBeFalse_WhenValueIsSet" />
    </UnitTest>
    <UnitTest name="TryParseColor_ShouldReturn_CorrectResult (#FF00FF,True)" storage="d:\actions-runner\_work\xpco\xpco\metadatasearch\plugin.tests\bin\debug\plugin.tests.dll" id="f919a662-c6a0-0a13-fdf0-e25b22fd7d03">
      <Execution id="baf8b61e-1454-425b-a19c-615b2abdbde6" />
      <TestMethod codeBase="D:\actions-runner\_work\XPCO\XPCO\MetadataSearch\Plugin.Tests\bin\Debug\Plugin.Tests.dll" adapterTypeName="executor://mstestadapter/v2" className="VideoOS.MetadataSearch.Plugin.Tests.Search.ColorHandling.MilestoneColorParserTests" name="TryParseColor_ShouldReturn_CorrectResult" />
    </UnitTest>
    <UnitTest name="IsSet_ShouldBeFalse_WhenValueProviderHasNoValues" storage="d:\actions-runner\_work\xpco\xpco\metadatasearch\plugin.tests\bin\debug\plugin.tests.dll" id="6cea7a68-2d4a-ad1a-d57a-b963a4194056">
      <Execution id="a680e640-2fa8-4f79-956e-be90a1d72539" />
      <TestMethod codeBase="D:\actions-runner\_work\XPCO\XPCO\MetadataSearch\Plugin.Tests\bin\Debug\Plugin.Tests.dll" adapterTypeName="executor://mstestadapter/v2" className="VideoOS.MetadataSearch.Plugin.Search.FilterDefinitions.Tests.TextFilterDefinitionTests" name="IsSet_ShouldBeFalse_WhenValueProviderHasNoValues" />
    </UnitTest>
    <UnitTest name="IsMatch_ShouldReturnFalse_WhenObjectElementHasPartiallyMatchingProperty" storage="d:\actions-runner\_work\xpco\xpco\metadatasearch\plugin.tests\bin\debug\plugin.tests.dll" id="5dd3de1a-edfb-d8fd-bf35-2bfaa455e028">
      <Execution id="83d83c98-c595-40aa-8c18-60b6c0374dbe" />
      <TestMethod codeBase="D:\actions-runner\_work\XPCO\XPCO\MetadataSearch\Plugin.Tests\bin\Debug\Plugin.Tests.dll" adapterTypeName="executor://mstestadapter/v2" className="VideoOS.MetadataSearch.Plugin.Tests.Search.Predicates.FullMatchSearchPredicateTests" name="IsMatch_ShouldWorkJustFine" />
    </UnitTest>
    <UnitTest name="DoSearch_ShouldUseCorrectSessionId_WhenReturningSearchResults (1)" storage="d:\actions-runner\_work\xpco\xpco\metadatasearch\plugin.tests\bin\debug\plugin.tests.dll" id="d74bb234-b535-f88e-af7d-f7d8dd2a6a63">
      <Execution id="874a8b0c-b234-44f6-a6a4-9aeda6ecd07b" />
      <TestMethod codeBase="D:\actions-runner\_work\XPCO\XPCO\MetadataSearch\Plugin.Tests\bin\Debug\Plugin.Tests.dll" adapterTypeName="executor://mstestadapter/v2" className="VideoOS.MetadataSearch.Plugin.Tests.MetadataSearchDefinitionTests" name="DoSearch_ShouldUseCorrectSessionId_WhenReturningSearchResults" />
    </UnitTest>
    <UnitTest name="CreateAgents_ShouldNotReturnVehicles_WhenCategoryIsDisabled" storage="d:\actions-runner\_work\xpco\xpco\metadatasearch\plugin.tests\bin\debug\plugin.tests.dll" id="9bdb0662-1da6-dcfb-f42f-a6f76e640bc7">
      <Execution id="b59e6105-47fa-4f19-9bd1-2bfa484e946e" />
      <TestMethod codeBase="D:\actions-runner\_work\XPCO\XPCO\MetadataSearch\Plugin.Tests\bin\Debug\Plugin.Tests.dll" adapterTypeName="executor://mstestadapter/v2" className="VideoOS.MetadataSearch.Plugin.Tests.SearchAgent.SearchAgentFactoryTests" name="CreateAgents_ShouldNotReturnVehicles_WhenCategoryIsDisabled" />
    </UnitTest>
    <UnitTest name="Constructors_ShouldNotAllowInjectionOfNulls" storage="d:\actions-runner\_work\xpco\xpco\metadatasearch\plugin.tests\bin\debug\plugin.tests.dll" id="b871a1c3-a33f-a67a-5049-b2b99c52d2bb">
      <Execution id="d6c95053-8dea-4904-a945-c15a94af8f9d" />
      <TestMethod codeBase="D:\actions-runner\_work\XPCO\XPCO\MetadataSearch\Plugin.Tests\bin\Debug\Plugin.Tests.dll" adapterTypeName="executor://mstestadapter/v2" className="VideoOS.MetadataSearch.Plugin.Search.Filters.Tests.GeoCoordinatesSearchFilterTests" name="Constructors_ShouldNotAllowInjectionOfNulls" />
    </UnitTest>
    <UnitTest name="DoSearch_ShouldFindPeople_WhenClassIsPerson" storage="d:\actions-runner\_work\xpco\xpco\metadatasearch\plugin.tests\bin\debug\plugin.tests.dll" id="a88a4f36-9fe9-3a9d-de99-ff643074a031">
      <Execution id="59601e50-017e-4714-96af-7ba27ce69420" />
      <TestMethod codeBase="D:\actions-runner\_work\XPCO\XPCO\MetadataSearch\Plugin.Tests\bin\Debug\Plugin.Tests.dll" adapterTypeName="executor://mstestadapter/v2" className="VideoOS.MetadataSearch.Plugin.Tests.FunctionalTests.FullPluginTests" name="DoSearch_ShouldFindPeopleCategory" />
    </UnitTest>
    <UnitTest name="GetFilterValues_ShouldReturnEmptyEnumeration_WhenValueIsEmpty" storage="d:\actions-runner\_work\xpco\xpco\metadatasearch\plugin.tests\bin\debug\plugin.tests.dll" id="5816afd1-0423-3367-459b-a9396f53d5e9">
      <Execution id="88384d9b-1c83-4a4b-a31e-e4d35fbe26e0" />
      <TestMethod codeBase="D:\actions-runner\_work\XPCO\XPCO\MetadataSearch\Plugin.Tests\bin\Debug\Plugin.Tests.dll" adapterTypeName="executor://mstestadapter/v2" className="VideoOS.MetadataSearch.Plugin.Search.FilterValueProviders.Tests.ListSelectionValueProviderTests" name="GetFilterValues_ShouldReturnEmptyEnumeration_WhenValueIsEmpty" />
    </UnitTest>
    <UnitTest name="IsMatch_ShouldReturnTrue_WhenAnyOfTheObjectsMatchThePredicate" storage="d:\actions-runner\_work\xpco\xpco\metadatasearch\plugin.tests\bin\debug\plugin.tests.dll" id="319e4aca-e1b2-abee-a664-806325ea8bcf">
      <Execution id="9303019a-995d-405c-96fa-dcbbf2e44a67" />
      <TestMethod codeBase="D:\actions-runner\_work\XPCO\XPCO\MetadataSearch\Plugin.Tests\bin\Debug\Plugin.Tests.dll" adapterTypeName="executor://mstestadapter/v2" className="VideoOS.MetadataSearch.Plugin.Tests.FunctionalTests.ObjectSequenceTests" name="IsMatch_ShouldReturnTrue_WhenAnyOfTheObjectsMatchThePredicate" />
    </UnitTest>
    <UnitTest name="IsSet_ShouldBeTrue_WhenValueIsValid" storage="d:\actions-runner\_work\xpco\xpco\metadatasearch\plugin.tests\bin\debug\plugin.tests.dll" id="fe163e62-ffab-5521-2098-76fd9b17d8bd">
      <Execution id="fc95014d-18d6-48fd-8169-19f88028116a" />
      <TestMethod codeBase="D:\actions-runner\_work\XPCO\XPCO\MetadataSearch\Plugin.Tests\bin\Debug\Plugin.Tests.dll" adapterTypeName="executor://mstestadapter/v2" className="VideoOS.MetadataSearch.Plugin.Search.FilterDefinitions.Tests.TextFilterDefinitionTests" name="IsSet_ShouldBeTrue_WhenValueIsValid" />
    </UnitTest>
    <UnitTest name="DoSearch_ShouldFindLocation_WhenCategoryPresent" storage="d:\actions-runner\_work\xpco\xpco\metadatasearch\plugin.tests\bin\debug\plugin.tests.dll" id="5a5e812e-c4e9-175f-6bcb-96456d94eb2a">
      <Execution id="e8f46fd7-4607-4ad5-ba8c-4cb641e98a05" />
      <TestMethod codeBase="D:\actions-runner\_work\XPCO\XPCO\MetadataSearch\Plugin.Tests\bin\Debug\Plugin.Tests.dll" adapterTypeName="executor://mstestadapter/v2" className="VideoOS.MetadataSearch.Plugin.Tests.FunctionalTests.FullPluginTests" name="DoSearch_ShouldFindLocationCategory" />
    </UnitTest>
    <UnitTest name="CreateGuid_ShouldReturnDifferentGuid_WhenUsingDifferentDeviceId" storage="d:\actions-runner\_work\xpco\xpco\metadatasearch\plugin.tests\bin\debug\plugin.tests.dll" id="94d54531-3073-4e4a-4bfc-5551f60b5f70">
      <Execution id="53b38873-af0d-41aa-a967-ad11c3e4826a" />
      <TestMethod codeBase="D:\actions-runner\_work\XPCO\XPCO\MetadataSearch\Plugin.Tests\bin\Debug\Plugin.Tests.dll" adapterTypeName="executor://mstestadapter/v2" className="VideoOS.MetadataSearch.Plugin.Tests.IdGeneratorTests" name="CreateGuid_ShouldReturnDifferentGuid_WhenUsingDifferentDeviceId" />
    </UnitTest>
    <UnitTest name="WrongTopicShouldBeIgnored" storage="d:\actions-runner\_work\xpco\xpco\metadatasearch\plugin.tests\bin\debug\plugin.tests.dll" id="9adca215-6bcc-d33f-cff0-1fcf7e438639">
      <Execution id="22e670b9-f97a-4a83-863e-65d54ec256d8" />
      <TestMethod codeBase="D:\actions-runner\_work\XPCO\XPCO\MetadataSearch\Plugin.Tests\bin\Debug\Plugin.Tests.dll" adapterTypeName="executor://mstestadapter/v2" className="VideoOS.MetadataSearch.Plugin.Tests.Data.DeviceProfileLicensePlateParsingTests" name="WrongTopicShouldBeIgnored" />
    </UnitTest>
    <UnitTest name="IsMatch_ShouldReturnTrue_WhenObjectElementHasCorrectValueWithPrefix" storage="d:\actions-runner\_work\xpco\xpco\metadatasearch\plugin.tests\bin\debug\plugin.tests.dll" id="1b6fb41b-ddea-df7a-5182-4b37b5fea72f">
      <Execution id="a44dddb9-d644-4b50-9fda-e820a374d7b0" />
      <TestMethod codeBase="D:\actions-runner\_work\XPCO\XPCO\MetadataSearch\Plugin.Tests\bin\Debug\Plugin.Tests.dll" adapterTypeName="executor://mstestadapter/v2" className="VideoOS.MetadataSearch.Plugin.Tests.Search.Predicates.PartialMatchSearchPredicateTests" name="IsMatch_ShouldWorkCorrectly" />
    </UnitTest>
    <UnitTest name="GetItemValue_ShouldThrowException_WhenIdIsNotFound" storage="d:\actions-runner\_work\xpco\xpco\metadatasearch\plugin.tests\bin\debug\plugin.tests.dll" id="05c53389-de63-4c38-3cc1-2c1bee04f6df">
      <Execution id="eba33841-a373-4629-82e6-1e621f28e728" />
      <TestMethod codeBase="D:\actions-runner\_work\XPCO\XPCO\MetadataSearch\Plugin.Tests\bin\Debug\Plugin.Tests.dll" adapterTypeName="executor://mstestadapter/v2" className="VideoOS.MetadataSearch.Plugin.Search.Filters.Tests.ListSelectionSearchFilterTests" name="GetItemValue_ShouldThrowException_WhenIdIsNotFound" />
    </UnitTest>
    <UnitTest name="IsMatch_ShouldReturnFalse_WhenNonOfTheValuesAreInRange" storage="d:\actions-runner\_work\xpco\xpco\metadatasearch\plugin.tests\bin\debug\plugin.tests.dll" id="385e9e4e-5151-54c2-b1cc-cc27d181a957">
      <Execution id="8a1f3c68-92c8-4486-bc1a-8bac1bc4f512" />
      <TestMethod codeBase="D:\actions-runner\_work\XPCO\XPCO\MetadataSearch\Plugin.Tests\bin\Debug\Plugin.Tests.dll" adapterTypeName="executor://mstestadapter/v2" className="VideoOS.MetadataSearch.Plugin.Tests.Search.Predicates.RangeSearchPredicateTests" name="IsMatch_ShouldWorkJustFine" />
    </UnitTest>
    <UnitTest name="IsMatch_ShouldReturnTrue_WhenNestedPredicateReturnsFalse" storage="d:\actions-runner\_work\xpco\xpco\metadatasearch\plugin.tests\bin\debug\plugin.tests.dll" id="45faaf94-8fe8-d7c5-c835-ecc201e7d932">
      <Execution id="72f92da1-da3e-463a-a483-e0b135baeb65" />
      <TestMethod codeBase="D:\actions-runner\_work\XPCO\XPCO\MetadataSearch\Plugin.Tests\bin\Debug\Plugin.Tests.dll" adapterTypeName="executor://mstestadapter/v2" className="VideoOS.MetadataSearch.Plugin.Search.Tests.Predicates.NegatingPredicateTests" name="IsMatch_ShouldWorkJustFine" />
    </UnitTest>
    <UnitTest name="GetFrames_ShouldReturnReturnEmptyCollection_WhenThereAreNoFramesInTheSpecifiedTimeRange (False)" storage="d:\actions-runner\_work\xpco\xpco\metadatasearch\plugin.tests\bin\debug\plugin.tests.dll" id="ec8c7afb-c9ce-679d-154d-23c5e4f31ed0">
      <Execution id="f2b6fc47-4ae5-453d-b060-104837fc4b04" />
      <TestMethod codeBase="D:\actions-runner\_work\XPCO\XPCO\MetadataSearch\Plugin.Tests\bin\Debug\Plugin.Tests.dll" adapterTypeName="executor://mstestadapter/v2" className="VideoOS.MetadataSearch.Plugin.Tests.SearchAgent.MIPMetadataObjectSourceTests" name="GetFrames_ShouldReturnReturnEmptyCollection_WhenThereAreNoFramesInTheSpecifiedTimeRange" />
    </UnitTest>
    <UnitTest name="IsMatch_ShouldReturnFalse_WhenGivenFrameObjectWithMissingProperties" storage="d:\actions-runner\_work\xpco\xpco\metadatasearch\plugin.tests\bin\debug\plugin.tests.dll" id="85427ad8-31e0-c3b9-0e23-976f97093aa1">
      <Execution id="a7c69f5f-fa11-4ffd-ae2e-c163c550b95d" />
      <TestMethod codeBase="D:\actions-runner\_work\XPCO\XPCO\MetadataSearch\Plugin.Tests\bin\Debug\Plugin.Tests.dll" adapterTypeName="executor://mstestadapter/v2" className="VideoOS.MetadataSearch.Plugin.Tests.Search.Predicates.ColorPredicateTests" name="IsMatch_ShouldReturnFalse_WhenGivenFrameObjectWithMissingProperties" />
    </UnitTest>
    <UnitTest name="IsSet_ShouldBeFalse_WhenValueProviderHasNoValues" storage="d:\actions-runner\_work\xpco\xpco\metadatasearch\plugin.tests\bin\debug\plugin.tests.dll" id="64e5d08c-4855-37f0-f6ca-e931b091af78">
      <Execution id="8cccd151-17ae-4c04-b2cf-6301103b7137" />
      <TestMethod codeBase="D:\actions-runner\_work\XPCO\XPCO\MetadataSearch\Plugin.Tests\bin\Debug\Plugin.Tests.dll" adapterTypeName="executor://mstestadapter/v2" className="VideoOS.MetadataSearch.Plugin.Search.FilterDefinitions.Tests.RangeFilterDefinitionTests" name="IsSet_ShouldBeFalse_WhenValueProviderHasNoValues" />
    </UnitTest>
    <UnitTest name="IsMatch_ShouldReturnFalse_WhenObjectElementDoNotExists" storage="d:\actions-runner\_work\xpco\xpco\metadatasearch\plugin.tests\bin\debug\plugin.tests.dll" id="7dd1026a-a50b-ddbc-d23f-84539626dc02">
      <Execution id="78a07d45-2003-4caa-bbe6-8cfab0d1917e" />
      <TestMethod codeBase="D:\actions-runner\_work\XPCO\XPCO\MetadataSearch\Plugin.Tests\bin\Debug\Plugin.Tests.dll" adapterTypeName="executor://mstestadapter/v2" className="VideoOS.MetadataSearch.Plugin.Tests.Search.Predicates.PropertyExistsPredicateTests" name="IsMatch_ShouldWorkJustFine" />
    </UnitTest>
    <UnitTest name="TryParseColor_ShouldReturn_CorrectResult (&lt;?xml version=&quot;1.0&quot;?&gt; &lt;tt:Color xmlns:tt=&quot;http://www.onvif.org/ver10/schema&quot; Z = &quot;169&quot; Y = &quot;169&quot; X = &quot;169&quot; Colorspace = &quot;RGB&quot; /&gt;,True)" storage="d:\actions-runner\_work\xpco\xpco\metadatasearch\plugin.tests\bin\debug\plugin.tests.dll" id="0ab6afe1-8f50-2019-59a3-4ac5c5d9a9e7">
      <Execution id="6f4d016c-b476-4c15-96d9-b8f741312514" />
      <TestMethod codeBase="D:\actions-runner\_work\XPCO\XPCO\MetadataSearch\Plugin.Tests\bin\Debug\Plugin.Tests.dll" adapterTypeName="executor://mstestadapter/v2" className="VideoOS.MetadataSearch.Plugin.Tests.Search.ColorHandling.OnvifColorParserTests" name="TryParseColor_ShouldReturn_CorrectResult" />
    </UnitTest>
    <UnitTest name="Constructors_ShouldNotAllowInjectionOfNulls" storage="d:\actions-runner\_work\xpco\xpco\metadatasearch\plugin.tests\bin\debug\plugin.tests.dll" id="476dbf68-b3f3-1c60-c1c7-02ae7be3f88c">
      <Execution id="b08c4781-f447-4a4f-9fc8-15b50110eacc" />
      <TestMethod codeBase="D:\actions-runner\_work\XPCO\XPCO\MetadataSearch\Plugin.Tests\bin\Debug\Plugin.Tests.dll" adapterTypeName="executor://mstestadapter/v2" className="VideoOS.MetadataSearch.Plugin.Search.Tests.Predicates.CategorySearchPredicateTests" name="Constructors_ShouldNotAllowInjectionOfNulls" />
    </UnitTest>
    <UnitTest name="GetSearchPredicate_ShouldReturnPredicateFromFactory" storage="d:\actions-runner\_work\xpco\xpco\metadatasearch\plugin.tests\bin\debug\plugin.tests.dll" id="921f7712-02a5-e3f4-e3d7-c54c64e6988d">
      <Execution id="6c3ce359-38a8-4f72-b3f7-c9c7b7101fe7" />
      <TestMethod codeBase="D:\actions-runner\_work\XPCO\XPCO\MetadataSearch\Plugin.Tests\bin\Debug\Plugin.Tests.dll" adapterTypeName="executor://mstestadapter/v2" className="VideoOS.MetadataSearch.Plugin.Search.FilterDefinitions.Tests.RangeFilterDefinitionTests" name="GetSearchPredicate_ShouldReturnPredicateFromFactory" />
    </UnitTest>
    <UnitTest name="GetFilterConfiguration_ShouldReturnItemsWithAllDisplayValues" storage="d:\actions-runner\_work\xpco\xpco\metadatasearch\plugin.tests\bin\debug\plugin.tests.dll" id="9635697e-518f-1126-78dd-8f6bc8a13908">
      <Execution id="ad90bd37-bef4-4744-b8cb-86377916f5a1" />
      <TestMethod codeBase="D:\actions-runner\_work\XPCO\XPCO\MetadataSearch\Plugin.Tests\bin\Debug\Plugin.Tests.dll" adapterTypeName="executor://mstestadapter/v2" className="VideoOS.MetadataSearch.Plugin.Search.Filters.Tests.ListSelectionSearchFilterTests" name="GetFilterConfiguration_ShouldReturnItemsWithAllDisplayValues" />
    </UnitTest>
    <UnitTest name="GetValue_ShouldReturnAValue_WhenCalledWithKnownFilterIds (c592f9f6-4ce7-4cee-b7c3-fc18b58e8b36)" storage="d:\actions-runner\_work\xpco\xpco\metadatasearch\plugin.tests\bin\debug\plugin.tests.dll" id="834857ff-d25a-9617-9d0f-3d5b42b7024b">
      <Execution id="c492c0bc-38af-4f6f-ba8c-ad5ec4af9a58" />
      <TestMethod codeBase="D:\actions-runner\_work\XPCO\XPCO\MetadataSearch\Plugin.Tests\bin\Debug\Plugin.Tests.dll" adapterTypeName="executor://mstestadapter/v2" className="VideoOS.MetadataSearch.Common.Tests.FiltersTests" name="GetValue_ShouldReturnAValue_WhenCalledWithKnownFilterIds" />
    </UnitTest>
    <UnitTest name="SearchingForHumans_ShouldReturnOnlyHumans_WhenThereAreMultipleClassesDetected" storage="d:\actions-runner\_work\xpco\xpco\metadatasearch\plugin.tests\bin\debug\plugin.tests.dll" id="ad2e6f77-2ae3-4682-28c1-677f96916d9e">
      <Execution id="404de65b-806d-4e4a-9c5f-4f43268e3ce6" />
      <TestMethod codeBase="D:\actions-runner\_work\XPCO\XPCO\MetadataSearch\Plugin.Tests\bin\Debug\Plugin.Tests.dll" adapterTypeName="executor://mstestadapter/v2" className="VideoOS.MetadataSearch.Plugin.Tests.FunctionalTests.SearchTests" name="SearchingForHumans_ShouldReturnOnlyHumans_WhenThereAreMultipleClassesDetected" />
    </UnitTest>
    <UnitTest name="GetValue_ShouldReturnAValue_WhenCalledWithKnownVehicleTypeIds (4d4fe47d-7a6a-47ac-9653-4316d92000f6)" storage="d:\actions-runner\_work\xpco\xpco\metadatasearch\plugin.tests\bin\debug\plugin.tests.dll" id="9bf617e2-5acb-b3f1-22d6-cb663ae2d525">
      <Execution id="23748bfe-cb10-40a4-b315-133d5e9d39dc" />
      <TestMethod codeBase="D:\actions-runner\_work\XPCO\XPCO\MetadataSearch\Plugin.Tests\bin\Debug\Plugin.Tests.dll" adapterTypeName="executor://mstestadapter/v2" className="VideoOS.MetadataSearch.Common.Tests.VehicleTypesTests" name="GetValue_ShouldReturnAValue_WhenCalledWithKnownVehicleTypeIds" />
    </UnitTest>
    <UnitTest name="GetFrames_ShouldContinueReturningFrames_WhenParsingThrowsAnException (False)" storage="d:\actions-runner\_work\xpco\xpco\metadatasearch\plugin.tests\bin\debug\plugin.tests.dll" id="89af6bd0-6213-2f85-a07a-cb8660be99ac">
      <Execution id="66efc643-e89b-4566-be40-af972dc5b9e4" />
      <TestMethod codeBase="D:\actions-runner\_work\XPCO\XPCO\MetadataSearch\Plugin.Tests\bin\Debug\Plugin.Tests.dll" adapterTypeName="executor://mstestadapter/v2" className="VideoOS.MetadataSearch.Plugin.Tests.SearchAgent.MIPMetadataObjectSourceTests" name="GetFrames_ShouldContinueReturningFrames_WhenParsingThrowsAnException" />
    </UnitTest>
    <UnitTest name="GetValue_ShouldReturnAValue_WhenCalledWithKnownCategoryIds (4e22b171-b878-4751-8184-dd87b2dd65f1)" storage="d:\actions-runner\_work\xpco\xpco\metadatasearch\plugin.tests\bin\debug\plugin.tests.dll" id="4fc46eab-328b-438f-06cc-fd33a8131bbf">
      <Execution id="28f9e1da-6133-46ab-92f6-bbd3a414b8ea" />
      <TestMethod codeBase="D:\actions-runner\_work\XPCO\XPCO\MetadataSearch\Plugin.Tests\bin\Debug\Plugin.Tests.dll" adapterTypeName="executor://mstestadapter/v2" className="VideoOS.MetadataSearch.Common.Tests.CategoriesTests" name="GetValue_ShouldReturnAValue_WhenCalledWithKnownCategoryIds" />
    </UnitTest>
    <UnitTest name="DoSearch_ShouldFindVehicle_WhenColorPropertyIsPresent" storage="d:\actions-runner\_work\xpco\xpco\metadatasearch\plugin.tests\bin\debug\plugin.tests.dll" id="e2c22c5f-f9e5-d636-66e8-9b5c5a9cf166">
      <Execution id="6baf650a-b935-4142-b5ee-e59a4c29e70b" />
      <TestMethod codeBase="D:\actions-runner\_work\XPCO\XPCO\MetadataSearch\Plugin.Tests\bin\Debug\Plugin.Tests.dll" adapterTypeName="executor://mstestadapter/v2" className="VideoOS.MetadataSearch.Plugin.Tests.FunctionalTests.FullPluginTests" name="DoSearch_ShouldFindVehicleCategory" />
    </UnitTest>
    <UnitTest name="IsMatch_ShouldReturnFalse_WhenNoneOfTheObjectsMatchThePredicate" storage="d:\actions-runner\_work\xpco\xpco\metadatasearch\plugin.tests\bin\debug\plugin.tests.dll" id="49098cf6-4b99-a929-7a99-e90252e62938">
      <Execution id="63207d87-0209-4811-a07c-5204e394577a" />
      <TestMethod codeBase="D:\actions-runner\_work\XPCO\XPCO\MetadataSearch\Plugin.Tests\bin\Debug\Plugin.Tests.dll" adapterTypeName="executor://mstestadapter/v2" className="VideoOS.MetadataSearch.Plugin.Tests.FunctionalTests.ObjectSequenceTests" name="IsMatch_ShouldReturnFalse_WhenNoneOfTheObjectsMatchThePredicate" />
    </UnitTest>
    <UnitTest name="Constructors_ShouldNotAllowInjectionOfNulls" storage="d:\actions-runner\_work\xpco\xpco\metadatasearch\plugin.tests\bin\debug\plugin.tests.dll" id="12a9b3ec-3da9-8003-0320-e5511579bdf6">
      <Execution id="f290c6f3-52ca-470a-88a9-eae271eb1a40" />
      <TestMethod codeBase="D:\actions-runner\_work\XPCO\XPCO\MetadataSearch\Plugin.Tests\bin\Debug\Plugin.Tests.dll" adapterTypeName="executor://mstestadapter/v2" className="VideoOS.MetadataSearch.Plugin.Search.FilterDefinitions.Tests.GeoCoordinatesFilterDefinitionTests" name="Constructors_ShouldNotAllowInjectionOfNulls" />
    </UnitTest>
    <UnitTest name="GetSearchPredicate_ShouldReturnPredicateFromFactory" storage="d:\actions-runner\_work\xpco\xpco\metadatasearch\plugin.tests\bin\debug\plugin.tests.dll" id="1b003f1d-3402-4d19-d525-b44547391f1a">
      <Execution id="228e8f5c-02e3-44de-92ef-152c66fdbf0b" />
      <TestMethod codeBase="D:\actions-runner\_work\XPCO\XPCO\MetadataSearch\Plugin.Tests\bin\Debug\Plugin.Tests.dll" adapterTypeName="executor://mstestadapter/v2" className="VideoOS.MetadataSearch.Plugin.Search.FilterDefinitions.Tests.ListSelectionFilterDefinitionTests" name="GetSearchPredicate_ShouldReturnPredicateFromFactory" />
    </UnitTest>
    <UnitTest name="GetCustomFilters_ShouldReturnAllEnabledFilters" storage="d:\actions-runner\_work\xpco\xpco\metadatasearch\plugin.tests\bin\debug\plugin.tests.dll" id="88d00cd5-71b0-b9c3-46be-f4b881b44514">
      <Execution id="011983f8-e743-4e14-a4c6-92c3e7da974d" />
      <TestMethod codeBase="D:\actions-runner\_work\XPCO\XPCO\MetadataSearch\Plugin.Tests\bin\Debug\Plugin.Tests.dll" adapterTypeName="executor://mstestadapter/v2" className="VideoOS.MetadataSearch.Plugin.Configuration.Tests.MetadataCategoryTests" name="GetCustomFilters_ShouldReturnAllEnabledFilters" />
    </UnitTest>
    <UnitTest name="Constructors_ShouldNotAllowInjectionOfNulls" storage="d:\actions-runner\_work\xpco\xpco\metadatasearch\plugin.tests\bin\debug\plugin.tests.dll" id="6465bbca-6052-91bc-2374-2a90ed08534d">
      <Execution id="12c5e90a-1c2e-4c88-b14a-9e6c4f0a4cc4" />
      <TestMethod codeBase="D:\actions-runner\_work\XPCO\XPCO\MetadataSearch\Plugin.Tests\bin\Debug\Plugin.Tests.dll" adapterTypeName="executor://mstestadapter/v2" className="VideoOS.MetadataSearch.Plugin.Search.FilterDefinitions.Tests.RangeFilterDefinitionTests" name="Constructors_ShouldNotAllowInjectionOfNulls" />
    </UnitTest>
    <UnitTest name="GetCategorySearchPredicate_ShouldReturnPredicateWithoutRelatedProperties_WhenAllFiltersAreDisabled" storage="d:\actions-runner\_work\xpco\xpco\metadatasearch\plugin.tests\bin\debug\plugin.tests.dll" id="6bf5dd0b-e802-8692-f239-0f93367d3b0f">
      <Execution id="8eb8c447-24b8-4e21-89d5-13d978532be6" />
      <TestMethod codeBase="D:\actions-runner\_work\XPCO\XPCO\MetadataSearch\Plugin.Tests\bin\Debug\Plugin.Tests.dll" adapterTypeName="executor://mstestadapter/v2" className="VideoOS.MetadataSearch.Plugin.Configuration.Tests.MetadataCategoryTests" name="GetCategorySearchPredicate_ShouldReturnPredicateWithoutRelatedProperties_WhenAllFiltersAreDisabled" />
    </UnitTest>
    <UnitTest name="CreateGuid_ShouldReturnGuid_WhenObjectIdIsNull" storage="d:\actions-runner\_work\xpco\xpco\metadatasearch\plugin.tests\bin\debug\plugin.tests.dll" id="30715c07-4fcc-996e-e86c-8332d5c7179e">
      <Execution id="e0edae5a-5b49-4afd-9513-0385546ebc43" />
      <TestMethod codeBase="D:\actions-runner\_work\XPCO\XPCO\MetadataSearch\Plugin.Tests\bin\Debug\Plugin.Tests.dll" adapterTypeName="executor://mstestadapter/v2" className="VideoOS.MetadataSearch.Plugin.Tests.IdGeneratorTests" name="CreateGuid_ShouldReturnGuid_WhenObjectIdIsNull" />
    </UnitTest>
    <UnitTest name="GetItemValue_ShouldReturnValueOfItem" storage="d:\actions-runner\_work\xpco\xpco\metadatasearch\plugin.tests\bin\debug\plugin.tests.dll" id="dbb96aaf-a96a-17ef-183f-86b91f19180a">
      <Execution id="163728f7-0bbd-4420-a7fc-914c519d3f03" />
      <TestMethod codeBase="D:\actions-runner\_work\XPCO\XPCO\MetadataSearch\Plugin.Tests\bin\Debug\Plugin.Tests.dll" adapterTypeName="executor://mstestadapter/v2" className="VideoOS.MetadataSearch.Plugin.Search.Filters.Tests.ListSelectionSearchFilterTests" name="GetItemValue_ShouldReturnValueOfItem" />
    </UnitTest>
    <UnitTest name="GetSearchPredicate_ShouldReturnPredicateFromFactory" storage="d:\actions-runner\_work\xpco\xpco\metadatasearch\plugin.tests\bin\debug\plugin.tests.dll" id="1114ef88-3a8d-00e8-b05f-9d946af3b862">
      <Execution id="8052cf72-d239-4827-9389-fa44c372c172" />
      <TestMethod codeBase="D:\actions-runner\_work\XPCO\XPCO\MetadataSearch\Plugin.Tests\bin\Debug\Plugin.Tests.dll" adapterTypeName="executor://mstestadapter/v2" className="VideoOS.MetadataSearch.Plugin.Search.FilterDefinitions.Tests.TextFilterDefinitionTests" name="GetSearchPredicate_ShouldReturnPredicateFromFactory" />
    </UnitTest>
    <UnitTest name="Constructors_ShouldNotAllowInjectionOfNulls" storage="d:\actions-runner\_work\xpco\xpco\metadatasearch\plugin.tests\bin\debug\plugin.tests.dll" id="db53a8e9-007c-687c-dd4d-36e806275ba8">
      <Execution id="a2716b86-9482-4bc8-9983-4dbec76b9993" />
      <TestMethod codeBase="D:\actions-runner\_work\XPCO\XPCO\MetadataSearch\Plugin.Tests\bin\Debug\Plugin.Tests.dll" adapterTypeName="executor://mstestadapter/v2" className="VideoOS.MetadataSearch.Plugin.Tests.Search.Predicates.CompositeIntersectSearchPredicateTests" name="Constructors_ShouldNotAllowInjectionOfNulls" />
    </UnitTest>
    <UnitTest name="ResetValue_ShouldSetSelectedIdsToEmptySet" storage="d:\actions-runner\_work\xpco\xpco\metadatasearch\plugin.tests\bin\debug\plugin.tests.dll" id="ac0bc991-7dad-3bbf-19c9-5fb30129fe8b">
      <Execution id="86ead02c-4b4a-4776-ae98-4eb5f7eb24f8" />
      <TestMethod codeBase="D:\actions-runner\_work\XPCO\XPCO\MetadataSearch\Plugin.Tests\bin\Debug\Plugin.Tests.dll" adapterTypeName="executor://mstestadapter/v2" className="VideoOS.MetadataSearch.Plugin.Search.Filters.Tests.ListSelectionSearchFilterTests" name="ResetValue_ShouldSetSelectedIdsToEmptySet" />
    </UnitTest>
    <UnitTest name="GetFilterValues_ShouldReturnEmptyEnumeration_WhenValueIsEmpty" storage="d:\actions-runner\_work\xpco\xpco\metadatasearch\plugin.tests\bin\debug\plugin.tests.dll" id="fa250182-9873-e1c4-5d09-117e7d101da5">
      <Execution id="3e9964d9-1621-493b-9f6d-97ec17326b50" />
      <TestMethod codeBase="D:\actions-runner\_work\XPCO\XPCO\MetadataSearch\Plugin.Tests\bin\Debug\Plugin.Tests.dll" adapterTypeName="executor://mstestadapter/v2" className="VideoOS.MetadataSearch.Plugin.Search.FilterValueProviders.Tests.AgeValueProviderTests" name="GetFilterValues_ShouldReturnEmptyEnumeration_WhenValueIsEmpty" />
    </UnitTest>
    <UnitTest name="IsMatch_ShouldReturnTrue_WhenObjectElementHasFullyMatchingPropertyRegardsOfOrderIsFirst" storage="d:\actions-runner\_work\xpco\xpco\metadatasearch\plugin.tests\bin\debug\plugin.tests.dll" id="10bc45ca-5f3a-22e8-73e5-0f5118bba111">
      <Execution id="67273441-12b0-4505-8d15-12560778bab9" />
      <TestMethod codeBase="D:\actions-runner\_work\XPCO\XPCO\MetadataSearch\Plugin.Tests\bin\Debug\Plugin.Tests.dll" adapterTypeName="executor://mstestadapter/v2" className="VideoOS.MetadataSearch.Plugin.Tests.Search.Predicates.FullMatchSearchPredicateTests" name="IsMatch_ShouldWorkJustFine" />
    </UnitTest>
    <UnitTest name="IsMatch_ShouldCompareDistanceCorrectly_WhenGivenValidPropertyValues (44.401012,-73.848847,45.549302,-73.632118,20,False)" storage="d:\actions-runner\_work\xpco\xpco\metadatasearch\plugin.tests\bin\debug\plugin.tests.dll" id="47436b86-681d-e7ad-2168-9b49e9b5df4c">
      <Execution id="9c0a3b2e-29d0-46a3-b63d-ff783959bd89" />
      <TestMethod codeBase="D:\actions-runner\_work\XPCO\XPCO\MetadataSearch\Plugin.Tests\bin\Debug\Plugin.Tests.dll" adapterTypeName="executor://mstestadapter/v2" className="VideoOS.MetadataSearch.Plugin.Tests.Search.Predicates.GeoCoordinatesPredicateTests" name="IsMatch_ShouldCompareDistanceCorrectly_WhenGivenValidPropertyValues" />
    </UnitTest>
    <UnitTest name="GetFilterValues_ShouldReturnMinAndMaxValues_WhenValueIsValid" storage="d:\actions-runner\_work\xpco\xpco\metadatasearch\plugin.tests\bin\debug\plugin.tests.dll" id="c543770d-cf9b-0ea4-1d34-a2012d05fa48">
      <Execution id="84414473-df9e-4f11-b880-de43256f873d" />
      <TestMethod codeBase="D:\actions-runner\_work\XPCO\XPCO\MetadataSearch\Plugin.Tests\bin\Debug\Plugin.Tests.dll" adapterTypeName="executor://mstestadapter/v2" className="VideoOS.MetadataSearch.Plugin.Search.FilterValueProviders.Tests.AgeValueProviderTests" name="GetFilterValues_ShouldReturnMinAndMaxValues_WhenValueIsValid" />
    </UnitTest>
    <UnitTest name="GetFrames_ShouldNotContinueFetchingFrames_WhenTokenSourceIsCancelled (True)" storage="d:\actions-runner\_work\xpco\xpco\metadatasearch\plugin.tests\bin\debug\plugin.tests.dll" id="3412d315-2f63-2c73-32e0-66d79e50d939">
      <Execution id="2a3cd209-c568-44a3-8cbd-f9cf9bf613ae" />
      <TestMethod codeBase="D:\actions-runner\_work\XPCO\XPCO\MetadataSearch\Plugin.Tests\bin\Debug\Plugin.Tests.dll" adapterTypeName="executor://mstestadapter/v2" className="VideoOS.MetadataSearch.Plugin.Tests.SearchAgent.MIPMetadataObjectSourceTests" name="GetFrames_ShouldNotContinueFetchingFrames_WhenTokenSourceIsCancelled" />
    </UnitTest>
    <UnitTest name="IsMatch_ShouldReturnTrue_WhenObjectElementHasFullyMatchingPropertyRegardsOfOrderIsSecond" storage="d:\actions-runner\_work\xpco\xpco\metadatasearch\plugin.tests\bin\debug\plugin.tests.dll" id="b929885d-21cf-5047-5a72-9591e713803c">
      <Execution id="bce5597b-6d47-42a1-b2d9-c30e03c450eb" />
      <TestMethod codeBase="D:\actions-runner\_work\XPCO\XPCO\MetadataSearch\Plugin.Tests\bin\Debug\Plugin.Tests.dll" adapterTypeName="executor://mstestadapter/v2" className="VideoOS.MetadataSearch.Plugin.Tests.Search.Predicates.FullMatchSearchPredicateTests" name="IsMatch_ShouldWorkJustFine" />
    </UnitTest>
    <UnitTest name="GetFrames_ShouldContinueReturningFrames_WhenParsingThrowsAnException (True)" storage="d:\actions-runner\_work\xpco\xpco\metadatasearch\plugin.tests\bin\debug\plugin.tests.dll" id="6e522d0e-7368-12e3-1e06-d55f273f4474">
      <Execution id="873e45ff-7256-4d2d-b1ad-773fc5a391fc" />
      <TestMethod codeBase="D:\actions-runner\_work\XPCO\XPCO\MetadataSearch\Plugin.Tests\bin\Debug\Plugin.Tests.dll" adapterTypeName="executor://mstestadapter/v2" className="VideoOS.MetadataSearch.Plugin.Tests.SearchAgent.MIPMetadataObjectSourceTests" name="GetFrames_ShouldContinueReturningFrames_WhenParsingThrowsAnException" />
    </UnitTest>
    <UnitTest name="ResetValue_ShouldSet_ConfigurationValues" storage="d:\actions-runner\_work\xpco\xpco\metadatasearch\plugin.tests\bin\debug\plugin.tests.dll" id="3b462b8a-5d11-83b0-229a-e2949d34ba78">
      <Execution id="23cbc704-bb42-444d-8fe8-319a04156ee4" />
      <TestMethod codeBase="D:\actions-runner\_work\XPCO\XPCO\MetadataSearch\Plugin.Tests\bin\Debug\Plugin.Tests.dll" adapterTypeName="executor://mstestadapter/v2" className="VideoOS.MetadataSearch.Plugin.Search.Filters.Tests.RangeSearchFilterTests" name="ResetValue_ShouldSet_ConfigurationValues" />
    </UnitTest>
    <UnitTest name="IsEmpty_ShouldReturnFalse_WhenSearchingWithDefaults (0,10,1,10)" storage="d:\actions-runner\_work\xpco\xpco\metadatasearch\plugin.tests\bin\debug\plugin.tests.dll" id="c49530c6-fd33-8c08-4d62-78ab11b3b62d">
      <Execution id="d02aea09-6f3b-498d-b3cb-c8da8eb6a799" />
      <TestMethod codeBase="D:\actions-runner\_work\XPCO\XPCO\MetadataSearch\Plugin.Tests\bin\Debug\Plugin.Tests.dll" adapterTypeName="executor://mstestadapter/v2" className="VideoOS.MetadataSearch.Plugin.Search.Filters.Tests.RangeSearchFilterTests" name="IsEmpty_ShouldReturnFalse_WhenSearchingWithDefaults" />
    </UnitTest>
    <UnitTest name="FilterObjects_ShouldReturnTwoSequences_WhenObjectIdDisappearsFromFrameAndAppearsAgain" storage="d:\actions-runner\_work\xpco\xpco\metadatasearch\plugin.tests\bin\debug\plugin.tests.dll" id="ff22b8bc-5bd3-865e-7cf1-849b0fbeafa6">
      <Execution id="e5d06666-168d-4fc1-b224-8aab892081f3" />
      <TestMethod codeBase="D:\actions-runner\_work\XPCO\XPCO\MetadataSearch\Plugin.Tests\bin\Debug\Plugin.Tests.dll" adapterTypeName="executor://mstestadapter/v2" className="VideoOS.MetadataSearch.Plugin.Tests.MetadataSearchEngineTests" name="FilterObjects_ShouldReturnTwoSequences_WhenObjectIdDisappearsFromFrameAndAppearsAgain" />
    </UnitTest>
    <UnitTest name="Constructors_ShouldNotAllowInjectionOfNulls" storage="d:\actions-runner\_work\xpco\xpco\metadatasearch\plugin.tests\bin\debug\plugin.tests.dll" id="80b7e897-b10d-fad4-023d-830b189c8e11">
      <Execution id="7c8d37a6-4bd3-47a5-b6d8-8cd3855431b5" />
      <TestMethod codeBase="D:\actions-runner\_work\XPCO\XPCO\MetadataSearch\Plugin.Tests\bin\Debug\Plugin.Tests.dll" adapterTypeName="executor://mstestadapter/v2" className="VideoOS.MetadataSearch.Plugin.Tests.Search.Predicates.RangeSearchPredicateTests" name="Constructors_ShouldNotAllowInjectionOfNulls" />
    </UnitTest>
    <UnitTest name="IsMatch_ShouldReturnFalse_WhenNestedPredicateReturnsTrue" storage="d:\actions-runner\_work\xpco\xpco\metadatasearch\plugin.tests\bin\debug\plugin.tests.dll" id="a2a230c0-8213-023a-c64e-825786530df6">
      <Execution id="8558cf3c-372a-482a-9c78-a8c309fd8618" />
      <TestMethod codeBase="D:\actions-runner\_work\XPCO\XPCO\MetadataSearch\Plugin.Tests\bin\Debug\Plugin.Tests.dll" adapterTypeName="executor://mstestadapter/v2" className="VideoOS.MetadataSearch.Plugin.Search.Tests.Predicates.NegatingPredicateTests" name="IsMatch_ShouldWorkJustFine" />
    </UnitTest>
    <UnitTest name="IsMatch_ShouldReturnTrue_WhenAnyPropertyIsPresent" storage="d:\actions-runner\_work\xpco\xpco\metadatasearch\plugin.tests\bin\debug\plugin.tests.dll" id="db6b037b-68db-78d4-ca62-6240f561f66d">
      <Execution id="a40aca42-141c-4834-b7b0-de8264bdd34d" />
      <TestMethod codeBase="D:\actions-runner\_work\XPCO\XPCO\MetadataSearch\Plugin.Tests\bin\Debug\Plugin.Tests.dll" adapterTypeName="executor://mstestadapter/v2" className="VideoOS.MetadataSearch.Plugin.Search.Tests.Predicates.CategorySearchPredicateTests" name="IsMatch_ShouldReturnCorrectResult" />
    </UnitTest>
    <UnitTest name="GetBoundingShapesAsync_ShouldUseBoundingBox_WhenGivenFrameObjectWithOnlyBoundingBox" storage="d:\actions-runner\_work\xpco\xpco\metadatasearch\plugin.tests\bin\debug\plugin.tests.dll" id="ba0f9304-7ca7-2370-1639-f2cf0cd868b8">
      <Execution id="257b9b32-efb8-4b8e-806b-767497a2bcde" />
      <TestMethod codeBase="D:\actions-runner\_work\XPCO\XPCO\MetadataSearch\Plugin.Tests\bin\Debug\Plugin.Tests.dll" adapterTypeName="executor://mstestadapter/v2" className="VideoOS.MetadataSearch.Plugin.Tests.MetadataSearchResultDataTests" name="GetBoundingShapesAsync_ShouldUseBoundingBox_WhenGivenFrameObjectWithOnlyBoundingBox" />
    </UnitTest>
    <UnitTest name="IsMatch_ShouldCompareDistanceCorrectly_WhenGivenValidPropertyValues (44.401012,-73.848847,44.400888,-73.849034,0.1,True)" storage="d:\actions-runner\_work\xpco\xpco\metadatasearch\plugin.tests\bin\debug\plugin.tests.dll" id="df54c472-f704-3a98-5845-930939f7342f">
      <Execution id="8acec60d-7248-4f00-a0db-2c480716ecea" />
      <TestMethod codeBase="D:\actions-runner\_work\XPCO\XPCO\MetadataSearch\Plugin.Tests\bin\Debug\Plugin.Tests.dll" adapterTypeName="executor://mstestadapter/v2" className="VideoOS.MetadataSearch.Plugin.Tests.Search.Predicates.GeoCoordinatesPredicateTests" name="IsMatch_ShouldCompareDistanceCorrectly_WhenGivenValidPropertyValues" />
    </UnitTest>
    <UnitTest name="IsValid_ShouldBeTrue_WhenBothLatitudeAndLongitudeAreSet" storage="d:\actions-runner\_work\xpco\xpco\metadatasearch\plugin.tests\bin\debug\plugin.tests.dll" id="6f1935e6-71e3-6bf5-f235-e04c973cfbb6">
      <Execution id="32277bf3-c931-455e-9780-58534fd00828" />
      <TestMethod codeBase="D:\actions-runner\_work\XPCO\XPCO\MetadataSearch\Plugin.Tests\bin\Debug\Plugin.Tests.dll" adapterTypeName="executor://mstestadapter/v2" className="VideoOS.MetadataSearch.Plugin.Search.Filters.Tests.GeoCoordinatesFilterValueTests" name="IsValid_ShouldBeTrue_WhenBothLatitudeAndLongitudeAreSet" />
    </UnitTest>
    <UnitTest name="TryParseColor_ShouldConvertCorrectly_FromYCbCrToRGB (&lt;?xml version=&quot;1.0&quot;?&gt; &lt;tt:Color xmlns:tt=&quot;http://www.onvif.org/ver10/schema&quot; Z = &quot;169&quot; Y = &quot;169&quot; X = &quot;169&quot; Colorspace = &quot;YCbCr&quot; /&gt;,226,125,241)" storage="d:\actions-runner\_work\xpco\xpco\metadatasearch\plugin.tests\bin\debug\plugin.tests.dll" id="c7bca7c9-5f22-da07-220a-3e48b96be5f4">
      <Execution id="1f4e68b0-9d8d-459f-ac1f-881d2c24ef88" />
      <TestMethod codeBase="D:\actions-runner\_work\XPCO\XPCO\MetadataSearch\Plugin.Tests\bin\Debug\Plugin.Tests.dll" adapterTypeName="executor://mstestadapter/v2" className="VideoOS.MetadataSearch.Plugin.Tests.Search.ColorHandling.OnvifColorParserTests" name="TryParseColor_ShouldConvertCorrectly_FromYCbCrToRGB" />
    </UnitTest>
    <UnitTest name="GetCustomFilters_ShouldReturnEmptyCollection_WhenThereAreNoCustomFilters" storage="d:\actions-runner\_work\xpco\xpco\metadatasearch\plugin.tests\bin\debug\plugin.tests.dll" id="46208886-2822-7a4d-9f45-2594097b10ac">
      <Execution id="28c4d46f-d564-4edd-999e-9c250751b7b5" />
      <TestMethod codeBase="D:\actions-runner\_work\XPCO\XPCO\MetadataSearch\Plugin.Tests\bin\Debug\Plugin.Tests.dll" adapterTypeName="executor://mstestadapter/v2" className="VideoOS.MetadataSearch.Plugin.Configuration.Tests.MetadataCategoryTests" name="GetCustomFilters_ShouldReturnEmptyCollection_WhenThereAreNoCustomFilters" />
    </UnitTest>
    <UnitTest name="IsMatch_ShouldReturnTrue_WhenAnyOfTheValuesAreValidNumber" storage="d:\actions-runner\_work\xpco\xpco\metadatasearch\plugin.tests\bin\debug\plugin.tests.dll" id="6d4fd784-147c-7b7e-6b2f-ce54d2eb99eb">
      <Execution id="766bb304-119d-4f04-a2ea-09271e99e36d" />
      <TestMethod codeBase="D:\actions-runner\_work\XPCO\XPCO\MetadataSearch\Plugin.Tests\bin\Debug\Plugin.Tests.dll" adapterTypeName="executor://mstestadapter/v2" className="VideoOS.MetadataSearch.Plugin.Tests.Search.Predicates.RangeSearchPredicateTests" name="IsMatch_ShouldWorkJustFine" />
    </UnitTest>
    <UnitTest name="GetFilterValues_ShouldReturnLowAndHighValuesScaled_WhenScaleIsProvided" storage="d:\actions-runner\_work\xpco\xpco\metadatasearch\plugin.tests\bin\debug\plugin.tests.dll" id="87cc0ff4-d648-edd4-cbb7-3dc53c271bbb">
      <Execution id="a2add487-6086-4618-85d3-01c49b214c7e" />
      <TestMethod codeBase="D:\actions-runner\_work\XPCO\XPCO\MetadataSearch\Plugin.Tests\bin\Debug\Plugin.Tests.dll" adapterTypeName="executor://mstestadapter/v2" className="VideoOS.MetadataSearch.Plugin.Search.FilterValueProviders.Tests.RangeFilterValueProviderTests" name="GetFilterValues_ShouldReturnLowAndHighValuesScaled_WhenScaleIsProvided" />
    </UnitTest>
    <UnitTest name="IsMatch_ShouldComparecolorCorrectly_WhenGivenValidPropertyValues (red,red,True)" storage="d:\actions-runner\_work\xpco\xpco\metadatasearch\plugin.tests\bin\debug\plugin.tests.dll" id="aae80a07-bba1-9961-65be-939c18637c0f">
      <Execution id="eaacb7eb-19af-4187-8e5c-c9e943bc496d" />
      <TestMethod codeBase="D:\actions-runner\_work\XPCO\XPCO\MetadataSearch\Plugin.Tests\bin\Debug\Plugin.Tests.dll" adapterTypeName="executor://mstestadapter/v2" className="VideoOS.MetadataSearch.Plugin.Tests.Search.Predicates.ColorPredicateTests" name="IsMatch_ShouldComparecolorCorrectly_WhenGivenValidPropertyValues" />
    </UnitTest>
    <UnitTest name="GetValue_ShouldReturnAValue_WhenCalledWithKnownVehicleTypeIds (ff222f02-f1af-4dcb-b93b-272e36ed4050)" storage="d:\actions-runner\_work\xpco\xpco\metadatasearch\plugin.tests\bin\debug\plugin.tests.dll" id="6ba255de-dbf0-eb3f-02fb-2c64c42b1682">
      <Execution id="858123d8-c13a-432f-9a8b-42caee36373b" />
      <TestMethod codeBase="D:\actions-runner\_work\XPCO\XPCO\MetadataSearch\Plugin.Tests\bin\Debug\Plugin.Tests.dll" adapterTypeName="executor://mstestadapter/v2" className="VideoOS.MetadataSearch.Common.Tests.VehicleTypesTests" name="GetValue_ShouldReturnAValue_WhenCalledWithKnownVehicleTypeIds" />
    </UnitTest>
    <UnitTest name="IsMatch_ShouldReturnCorrectMatchingProperties_WhenObjectElementHasPartiallyMatchingPropertyRegardsOfOrderIsSecond" storage="d:\actions-runner\_work\xpco\xpco\metadatasearch\plugin.tests\bin\debug\plugin.tests.dll" id="a50f5d16-337a-357a-0781-682166a9c3a4">
      <Execution id="ce7c4621-5f3f-4a74-a2dc-6503a2845ae5" />
      <TestMethod codeBase="D:\actions-runner\_work\XPCO\XPCO\MetadataSearch\Plugin.Tests\bin\Debug\Plugin.Tests.dll" adapterTypeName="executor://mstestadapter/v2" className="VideoOS.MetadataSearch.Plugin.Tests.Search.Predicates.PartialMatchSearchPredicateTests" name="IsMatch_ShouldWorkCorrectly" />
    </UnitTest>
    <UnitTest name="IsMatch_ShouldComparecolorCorrectly_WhenGivenValidPropertyValues (red,white,False)" storage="d:\actions-runner\_work\xpco\xpco\metadatasearch\plugin.tests\bin\debug\plugin.tests.dll" id="f4b46825-b9e2-3b64-1c89-d0861b1de671">
      <Execution id="ee024ff1-5a78-408e-995d-2517512f8c33" />
      <TestMethod codeBase="D:\actions-runner\_work\XPCO\XPCO\MetadataSearch\Plugin.Tests\bin\Debug\Plugin.Tests.dll" adapterTypeName="executor://mstestadapter/v2" className="VideoOS.MetadataSearch.Plugin.Tests.Search.Predicates.ColorPredicateTests" name="IsMatch_ShouldComparecolorCorrectly_WhenGivenValidPropertyValues" />
    </UnitTest>
    <UnitTest name="Constructors_ShouldNotAllowInjectionOfNulls" storage="d:\actions-runner\_work\xpco\xpco\metadatasearch\plugin.tests\bin\debug\plugin.tests.dll" id="f394434a-220f-bf7d-5d5b-299ea39adc6a">
      <Execution id="0daa5813-c68c-4c05-a24e-eeb9fed15e0e" />
      <TestMethod codeBase="D:\actions-runner\_work\XPCO\XPCO\MetadataSearch\Plugin.Tests\bin\Debug\Plugin.Tests.dll" adapterTypeName="executor://mstestadapter/v2" className="VideoOS.MetadataSearch.Plugin.Tests.FunctionalTests.ObjectSequenceTests" name="Constructors_ShouldNotAllowInjectionOfNulls" />
    </UnitTest>
    <UnitTest name="TryParseColor_ShouldReturn_CorrectResult (&lt;?xml version=&quot;1.0&quot;?&gt; &lt;tt:Color xmlns:tt=&quot;http://www.onvif.org/ver10/schema&quot; Z = &quot;169&quot; Y = &quot;169&quot; X = &quot;169&quot; Colorspace = &quot;YCbCr&quot; /&gt;,True)" storage="d:\actions-runner\_work\xpco\xpco\metadatasearch\plugin.tests\bin\debug\plugin.tests.dll" id="7a8a5ded-cb87-18f8-4f57-cf67880a1526">
      <Execution id="0ee05f0e-2f5b-4d71-9893-aedeb2baebec" />
      <TestMethod codeBase="D:\actions-runner\_work\XPCO\XPCO\MetadataSearch\Plugin.Tests\bin\Debug\Plugin.Tests.dll" adapterTypeName="executor://mstestadapter/v2" className="VideoOS.MetadataSearch.Plugin.Tests.Search.ColorHandling.OnvifColorParserTests" name="TryParseColor_ShouldReturn_CorrectResult" />
    </UnitTest>
    <UnitTest name="IsMatch_ShouldThrowArgumentNullException_WhenGivenNullFrameObject" storage="d:\actions-runner\_work\xpco\xpco\metadatasearch\plugin.tests\bin\debug\plugin.tests.dll" id="6f37c244-6378-502b-d0e2-1f46ae00798a">
      <Execution id="bb0c5f91-1ebc-48e6-afa5-99a953a83210" />
      <TestMethod codeBase="D:\actions-runner\_work\XPCO\XPCO\MetadataSearch\Plugin.Tests\bin\Debug\Plugin.Tests.dll" adapterTypeName="executor://mstestadapter/v2" className="VideoOS.MetadataSearch.Plugin.Tests.Search.Predicates.GeoCoordinatesPredicateTests" name="IsMatch_ShouldThrowArgumentNullException_WhenGivenNullFrameObject" />
    </UnitTest>
    <UnitTest name="GetSearchPredicate_ShouldCallFactoryWithAllValuesFromValueProvider" storage="d:\actions-runner\_work\xpco\xpco\metadatasearch\plugin.tests\bin\debug\plugin.tests.dll" id="b55d9ab7-b50d-8694-076c-cd1ae02a1830">
      <Execution id="1c8e0d83-bb2c-4111-b1cd-2fe29f4a33f5" />
      <TestMethod codeBase="D:\actions-runner\_work\XPCO\XPCO\MetadataSearch\Plugin.Tests\bin\Debug\Plugin.Tests.dll" adapterTypeName="executor://mstestadapter/v2" className="VideoOS.MetadataSearch.Plugin.Search.FilterDefinitions.Tests.ListSelectionFilterDefinitionTests" name="GetSearchPredicate_ShouldCallFactoryWithAllValuesFromValueProvider" />
    </UnitTest>
    <UnitTest name="Constructors_ShouldNotAllowInjectionOfNulls" storage="d:\actions-runner\_work\xpco\xpco\metadatasearch\plugin.tests\bin\debug\plugin.tests.dll" id="31a9e5b9-5dae-2169-816a-49e71f1970b4">
      <Execution id="d297915c-9372-4956-bfae-3b32e7360a2b" />
      <TestMethod codeBase="D:\actions-runner\_work\XPCO\XPCO\MetadataSearch\Plugin.Tests\bin\Debug\Plugin.Tests.dll" adapterTypeName="executor://mstestadapter/v2" className="VideoOS.MetadataSearch.Plugin.Search.Tests.Predicates.NegatingPredicateTests" name="Constructors_ShouldNotAllowInjectionOfNulls" />
    </UnitTest>
    <UnitTest name="With results" storage="d:\actions-runner\_work\xpco\xpco\metadatasearch\plugin.tests\bin\debug\plugin.tests.dll" id="46c75eb8-fd65-ecab-1ed7-a7d0d0575fbb">
      <Execution id="353e7c85-4dac-4248-aded-9de459573eb6" />
      <TestMethod codeBase="D:\actions-runner\_work\XPCO\XPCO\MetadataSearch\Plugin.Tests\bin\Debug\Plugin.Tests.dll" adapterTypeName="executor://mstestadapter/v2" className="VideoOS.MetadataSearch.Plugin.Tests.MetadataSearchDefinitionTests" name="DoSearch_ShouldFireEvents_WhenFindingCorrectSearchResults" />
    </UnitTest>
    <UnitTest name="CreateAgents_ShouldReturnAllAgents_WhenAllAreEnabled" storage="d:\actions-runner\_work\xpco\xpco\metadatasearch\plugin.tests\bin\debug\plugin.tests.dll" id="049fecbe-b74a-80f6-43d3-60a266b9c40e">
      <Execution id="89e1219c-9485-4c86-822f-8dec48df1047" />
      <TestMethod codeBase="D:\actions-runner\_work\XPCO\XPCO\MetadataSearch\Plugin.Tests\bin\Debug\Plugin.Tests.dll" adapterTypeName="executor://mstestadapter/v2" className="VideoOS.MetadataSearch.Plugin.Tests.SearchAgent.SearchAgentFactoryTests" name="CreateAgents_ShouldReturnAllAgents_WhenAllAreEnabled" />
    </UnitTest>
    <UnitTest name="ObjectId_ShouldBeTheIdOfFirstObject" storage="d:\actions-runner\_work\xpco\xpco\metadatasearch\plugin.tests\bin\debug\plugin.tests.dll" id="98cc04cf-3e04-5ceb-eb18-d3c46c9a9b8c">
      <Execution id="74dbb967-d68f-4fc9-8499-a939cc2aeef1" />
      <TestMethod codeBase="D:\actions-runner\_work\XPCO\XPCO\MetadataSearch\Plugin.Tests\bin\Debug\Plugin.Tests.dll" adapterTypeName="executor://mstestadapter/v2" className="VideoOS.MetadataSearch.Plugin.Tests.FunctionalTests.ObjectSequenceTests" name="ObjectId_ShouldBeTheIdOfFirstObject" />
    </UnitTest>
    <UnitTest name="IsEmpty_ShouldReturnBase_WhenSearchingWithoutDefaults (0,10,1,9,False)" storage="d:\actions-runner\_work\xpco\xpco\metadatasearch\plugin.tests\bin\debug\plugin.tests.dll" id="c8e69239-6298-e629-41af-f2978db9a1f2">
      <Execution id="31cf7034-e876-444d-b422-60335488cc40" />
      <TestMethod codeBase="D:\actions-runner\_work\XPCO\XPCO\MetadataSearch\Plugin.Tests\bin\Debug\Plugin.Tests.dll" adapterTypeName="executor://mstestadapter/v2" className="VideoOS.MetadataSearch.Plugin.Search.Filters.Tests.RangeSearchFilterTests" name="IsEmpty_ShouldReturnBase_WhenSearchingWithoutDefaults" />
    </UnitTest>
    <UnitTest name="Constructors_ShouldNotAllowInjectionOfNulls" storage="d:\actions-runner\_work\xpco\xpco\metadatasearch\plugin.tests\bin\debug\plugin.tests.dll" id="104b8812-b45f-fec0-59d2-ecf4497b6979">
      <Execution id="73c0c571-3f06-4397-8cc6-c1af1f0516af" />
      <TestMethod codeBase="D:\actions-runner\_work\XPCO\XPCO\MetadataSearch\Plugin.Tests\bin\Debug\Plugin.Tests.dll" adapterTypeName="executor://mstestadapter/v2" className="VideoOS.MetadataSearch.Plugin.Tests.IdGeneratorTests" name="Constructors_ShouldNotAllowInjectionOfNulls" />
    </UnitTest>
    <UnitTest name="DoSearch_ShouldFindPeople_WhenGenderPropertyIsPresent" storage="d:\actions-runner\_work\xpco\xpco\metadatasearch\plugin.tests\bin\debug\plugin.tests.dll" id="59cd6aa8-5529-82a6-681d-5b634e1a1c2b">
      <Execution id="d3b0c584-12a0-4f78-a5ba-38df50617976" />
      <TestMethod codeBase="D:\actions-runner\_work\XPCO\XPCO\MetadataSearch\Plugin.Tests\bin\Debug\Plugin.Tests.dll" adapterTypeName="executor://mstestadapter/v2" className="VideoOS.MetadataSearch.Plugin.Tests.FunctionalTests.FullPluginTests" name="DoSearch_ShouldFindPeopleCategory" />
    </UnitTest>
    <UnitTest name="GetValue_ShouldReturnAValue_WhenCalledWithKnownVehicleTypeIds (20b19e23-6e48-4207-b033-1fdf3b48f167)" storage="d:\actions-runner\_work\xpco\xpco\metadatasearch\plugin.tests\bin\debug\plugin.tests.dll" id="be55f5e0-b7f0-9aff-ed43-349928d3ded4">
      <Execution id="41258fa3-50f0-450f-beb1-8b0c7a178f96" />
      <TestMethod codeBase="D:\actions-runner\_work\XPCO\XPCO\MetadataSearch\Plugin.Tests\bin\Debug\Plugin.Tests.dll" adapterTypeName="executor://mstestadapter/v2" className="VideoOS.MetadataSearch.Common.Tests.VehicleTypesTests" name="GetValue_ShouldReturnAValue_WhenCalledWithKnownVehicleTypeIds" />
    </UnitTest>
    <UnitTest name="GetValue_ShouldReturnAValue_WhenCalledWithKnownFilterIds (59fe8653-4335-497b-8bf2-490867dd6973)" storage="d:\actions-runner\_work\xpco\xpco\metadatasearch\plugin.tests\bin\debug\plugin.tests.dll" id="d003ebe1-0b55-00f6-3259-6dd8c0c81c36">
      <Execution id="481b2e39-f1e7-4e44-8369-c074dae113cf" />
      <TestMethod codeBase="D:\actions-runner\_work\XPCO\XPCO\MetadataSearch\Plugin.Tests\bin\Debug\Plugin.Tests.dll" adapterTypeName="executor://mstestadapter/v2" className="VideoOS.MetadataSearch.Common.Tests.FiltersTests" name="GetValue_ShouldReturnAValue_WhenCalledWithKnownFilterIds" />
    </UnitTest>
    <UnitTest name="InvalidateLatitude_ShouldTurnInvalidToFalse_WhenCalledOnValidValue" storage="d:\actions-runner\_work\xpco\xpco\metadatasearch\plugin.tests\bin\debug\plugin.tests.dll" id="7325018e-56fb-f385-2d1a-ff4306c3d376">
      <Execution id="9c293a8e-fc0c-44e7-9e16-271d3b13fab5" />
      <TestMethod codeBase="D:\actions-runner\_work\XPCO\XPCO\MetadataSearch\Plugin.Tests\bin\Debug\Plugin.Tests.dll" adapterTypeName="executor://mstestadapter/v2" className="VideoOS.MetadataSearch.Plugin.Search.Filters.Tests.GeoCoordinatesFilterValueTests" name="InvalidateLatitude_ShouldTurnInvalidToFalse_WhenCalledOnValidValue" />
    </UnitTest>
    <UnitTest name="DoSearch_ShouldFireErrorCallback_WhenUnknownExceptionOccurs" storage="d:\actions-runner\_work\xpco\xpco\metadatasearch\plugin.tests\bin\debug\plugin.tests.dll" id="bf0c1894-6f4d-81b2-526e-1928d7391f12">
      <Execution id="88c22e5a-44d3-44a1-819d-b7f6daf748c5" />
      <TestMethod codeBase="D:\actions-runner\_work\XPCO\XPCO\MetadataSearch\Plugin.Tests\bin\Debug\Plugin.Tests.dll" adapterTypeName="executor://mstestadapter/v2" className="VideoOS.MetadataSearch.Plugin.Tests.MetadataSearchDefinitionTests" name="DoSearch_ShouldFireErrorCallback_WhenUnknownExceptionOccurs" />
    </UnitTest>
    <UnitTest name="Constructors_ShouldNotAllowInjectionOfEmptyObjectCollection" storage="d:\actions-runner\_work\xpco\xpco\metadatasearch\plugin.tests\bin\debug\plugin.tests.dll" id="7c79ce62-edca-d66d-7a06-5b9a9eacd5c6">
      <Execution id="9f3f08a1-6fba-4827-addb-5ea9ad189a08" />
      <TestMethod codeBase="D:\actions-runner\_work\XPCO\XPCO\MetadataSearch\Plugin.Tests\bin\Debug\Plugin.Tests.dll" adapterTypeName="executor://mstestadapter/v2" className="VideoOS.MetadataSearch.Plugin.Tests.FunctionalTests.ObjectSequenceTests" name="Constructors_ShouldNotAllowInjectionOfEmptyObjectCollection" />
    </UnitTest>
    <UnitTest name="CreateGuid_ShouldReturnGuid_WhenDeviceIdIsNull" storage="d:\actions-runner\_work\xpco\xpco\metadatasearch\plugin.tests\bin\debug\plugin.tests.dll" id="85dfb615-5a2b-c9e8-954a-1ca3cda0ed50">
      <Execution id="41afad20-0a49-41b6-beec-78a7e850712b" />
      <TestMethod codeBase="D:\actions-runner\_work\XPCO\XPCO\MetadataSearch\Plugin.Tests\bin\Debug\Plugin.Tests.dll" adapterTypeName="executor://mstestadapter/v2" className="VideoOS.MetadataSearch.Plugin.Tests.IdGeneratorTests" name="CreateGuid_ShouldReturnGuid_WhenDeviceIdIsNull" />
    </UnitTest>
    <UnitTest name="CreateValue_ShouldReturnEmptySelectionFilterValue" storage="d:\actions-runner\_work\xpco\xpco\metadatasearch\plugin.tests\bin\debug\plugin.tests.dll" id="a3f171ab-0da7-1470-4237-86f0955fbc3d">
      <Execution id="8c80e9ed-86bf-4941-978a-d44b8a4322da" />
      <TestMethod codeBase="D:\actions-runner\_work\XPCO\XPCO\MetadataSearch\Plugin.Tests\bin\Debug\Plugin.Tests.dll" adapterTypeName="executor://mstestadapter/v2" className="VideoOS.MetadataSearch.Plugin.Search.Filters.Tests.ListSelectionSearchFilterTests" name="CreateValue_ShouldReturnEmptySelectionFilterValue" />
    </UnitTest>
    <UnitTest name="IsMatch_ShouldCompareDistanceCorrectly_WhenGivenValidPropertyValues (44.401012,-73.848847,45.549302,-73.632118,0.1,False)" storage="d:\actions-runner\_work\xpco\xpco\metadatasearch\plugin.tests\bin\debug\plugin.tests.dll" id="293b32bd-fbf2-4184-a225-176afa528e30">
      <Execution id="6206de36-c6de-428f-a023-e5cb34b04774" />
      <TestMethod codeBase="D:\actions-runner\_work\XPCO\XPCO\MetadataSearch\Plugin.Tests\bin\Debug\Plugin.Tests.dll" adapterTypeName="executor://mstestadapter/v2" className="VideoOS.MetadataSearch.Plugin.Tests.Search.Predicates.GeoCoordinatesPredicateTests" name="IsMatch_ShouldCompareDistanceCorrectly_WhenGivenValidPropertyValues" />
    </UnitTest>
    <UnitTest name="CreateValue_ShouldUse_ConfigurationValues" storage="d:\actions-runner\_work\xpco\xpco\metadatasearch\plugin.tests\bin\debug\plugin.tests.dll" id="45918056-178b-bae7-e87d-d8a65e50daaf">
      <Execution id="713e0c82-b122-458e-a709-8dcc0c0374ad" />
      <TestMethod codeBase="D:\actions-runner\_work\XPCO\XPCO\MetadataSearch\Plugin.Tests\bin\Debug\Plugin.Tests.dll" adapterTypeName="executor://mstestadapter/v2" className="VideoOS.MetadataSearch.Plugin.Search.Filters.Tests.RangeSearchFilterTests" name="CreateValue_ShouldUse_ConfigurationValues" />
    </UnitTest>
    <UnitTest name="GetMetadataObjectsAsync_ShouldReturnMetadataObject_WithCorrectId" storage="d:\actions-runner\_work\xpco\xpco\metadatasearch\plugin.tests\bin\debug\plugin.tests.dll" id="759c07ed-5743-04f3-61c1-8ed09d840e87">
      <Execution id="aaa34545-b6f4-469d-a707-436446c551a9" />
      <TestMethod codeBase="D:\actions-runner\_work\XPCO\XPCO\MetadataSearch\Plugin.Tests\bin\Debug\Plugin.Tests.dll" adapterTypeName="executor://mstestadapter/v2" className="VideoOS.MetadataSearch.Plugin.Tests.MetadataSearchResultDataTests" name="GetMetadataObjectsAsync_ShouldReturnMetadataObject_WithCorrectId" />
    </UnitTest>
    <UnitTest name="TryParseColor_ShouldReturn_CorrectResult (#FF00FFFF,False)" storage="d:\actions-runner\_work\xpco\xpco\metadatasearch\plugin.tests\bin\debug\plugin.tests.dll" id="0debfba1-dbbf-07fb-f280-fce96076f293">
      <Execution id="67b18c60-e4a0-4af5-a24c-9768f12f2ffb" />
      <TestMethod codeBase="D:\actions-runner\_work\XPCO\XPCO\MetadataSearch\Plugin.Tests\bin\Debug\Plugin.Tests.dll" adapterTypeName="executor://mstestadapter/v2" className="VideoOS.MetadataSearch.Plugin.Tests.Search.ColorHandling.OnvifColorParserTests" name="TryParseColor_ShouldReturn_CorrectResult" />
    </UnitTest>
    <UnitTest name="IsSet_ShouldBeTrue_WhenValueIsValid" storage="d:\actions-runner\_work\xpco\xpco\metadatasearch\plugin.tests\bin\debug\plugin.tests.dll" id="72c72434-2456-838e-2559-d67e1d9e9594">
      <Execution id="d1c93f89-955c-4f5a-aeea-b8cba43da20c" />
      <TestMethod codeBase="D:\actions-runner\_work\XPCO\XPCO\MetadataSearch\Plugin.Tests\bin\Debug\Plugin.Tests.dll" adapterTypeName="executor://mstestadapter/v2" className="VideoOS.MetadataSearch.Plugin.Search.FilterDefinitions.Tests.ListSelectionFilterDefinitionTests" name="IsSet_ShouldBeTrue_WhenValueIsValid" />
    </UnitTest>
    <UnitTest name="Constructors_ShouldNotAllowInjectionOfNulls" storage="d:\actions-runner\_work\xpco\xpco\metadatasearch\plugin.tests\bin\debug\plugin.tests.dll" id="eea25713-cebe-4a9c-36f2-1d260048678f">
      <Execution id="f0a2a755-e2bf-4c4f-8c25-abe7eaf5a592" />
      <TestMethod codeBase="D:\actions-runner\_work\XPCO\XPCO\MetadataSearch\Plugin.Tests\bin\Debug\Plugin.Tests.dll" adapterTypeName="executor://mstestadapter/v2" className="VideoOS.MetadataSearch.Plugin.Tests.SearchAgent.MIPMetadataObjectSourceTests" name="Constructors_ShouldNotAllowInjectionOfNulls" />
    </UnitTest>
    <UnitTest name="GetCategorySearchPredicate_ShouldReturnPredicateWithClassCandidates_WhenClassCandidatesAreProvided" storage="d:\actions-runner\_work\xpco\xpco\metadatasearch\plugin.tests\bin\debug\plugin.tests.dll" id="1464a866-1467-976e-29bd-6b7a26b0e079">
      <Execution id="61ad4761-9ff8-4e81-a187-40235ed2dfa6" />
      <TestMethod codeBase="D:\actions-runner\_work\XPCO\XPCO\MetadataSearch\Plugin.Tests\bin\Debug\Plugin.Tests.dll" adapterTypeName="executor://mstestadapter/v2" className="VideoOS.MetadataSearch.Plugin.Configuration.Tests.MetadataCategoryTests" name="GetCategorySearchPredicate_ShouldReturnPredicateWithClassCandidates_WhenClassCandidatesAreProvided" />
    </UnitTest>
    <UnitTest name="IsMatch_ShouldComparecolorCorrectly_WhenGivenValidPropertyValues (white,red,False)" storage="d:\actions-runner\_work\xpco\xpco\metadatasearch\plugin.tests\bin\debug\plugin.tests.dll" id="8e47cb19-d8fb-e1bd-4851-85aa2bb18d82">
      <Execution id="dfe49d12-9cd2-4874-915a-cd6358e1941b" />
      <TestMethod codeBase="D:\actions-runner\_work\XPCO\XPCO\MetadataSearch\Plugin.Tests\bin\Debug\Plugin.Tests.dll" adapterTypeName="executor://mstestadapter/v2" className="VideoOS.MetadataSearch.Plugin.Tests.Search.Predicates.ColorPredicateTests" name="IsMatch_ShouldComparecolorCorrectly_WhenGivenValidPropertyValues" />
    </UnitTest>
    <UnitTest name="IsMatch_ShouldReturnTrue_WhenObjectElementHasFullyMatchingPropertyWithCaseMissmatch" storage="d:\actions-runner\_work\xpco\xpco\metadatasearch\plugin.tests\bin\debug\plugin.tests.dll" id="81b93e8e-482e-e408-eee4-d9aa0556e6f0">
      <Execution id="4038e7bf-f90d-447c-9411-1792ef51466d" />
      <TestMethod codeBase="D:\actions-runner\_work\XPCO\XPCO\MetadataSearch\Plugin.Tests\bin\Debug\Plugin.Tests.dll" adapterTypeName="executor://mstestadapter/v2" className="VideoOS.MetadataSearch.Plugin.Tests.Search.Predicates.FullMatchSearchPredicateTests" name="IsMatch_ShouldWorkJustFine" />
    </UnitTest>
    <UnitTest name="GetClosestBucket_ShouldReturnClosestBucket" storage="d:\actions-runner\_work\xpco\xpco\metadatasearch\plugin.tests\bin\debug\plugin.tests.dll" id="7fb14702-51a2-930f-968e-cf2878154e79">
      <Execution id="0d624e4b-251f-4254-9982-60540e2318c5" />
      <TestMethod codeBase="D:\actions-runner\_work\XPCO\XPCO\MetadataSearch\Plugin.Tests\bin\Debug\Plugin.Tests.dll" adapterTypeName="executor://mstestadapter/v2" className="VideoOS.MetadataSearch.Plugin.Tests.Search.ColorHandling.ColorBucketsTests" name="GetClosestBucket_ShouldReturnClosestBucket" />
    </UnitTest>
    <UnitTest name="GetEnabledFilters_ShouldReturnEmptyCollection_WhenAllFiltersAreDisabled" storage="d:\actions-runner\_work\xpco\xpco\metadatasearch\plugin.tests\bin\debug\plugin.tests.dll" id="d008ea7c-7946-fcc4-ce52-21d8e24e6514">
      <Execution id="076f2057-14b8-4665-9351-584a7a6211d5" />
      <TestMethod codeBase="D:\actions-runner\_work\XPCO\XPCO\MetadataSearch\Plugin.Tests\bin\Debug\Plugin.Tests.dll" adapterTypeName="executor://mstestadapter/v2" className="VideoOS.MetadataSearch.Plugin.Configuration.Tests.MetadataCategoryTests" name="GetEnabledFilters_ShouldReturnEmptyCollection_WhenAllFiltersAreDisabled" />
    </UnitTest>
    <UnitTest name="IsMatch_ShouldReturnFalse_WhenClassIsMissingAndPropertiesAreMissing" storage="d:\actions-runner\_work\xpco\xpco\metadatasearch\plugin.tests\bin\debug\plugin.tests.dll" id="9d12b1c9-082e-453c-ce1a-ef9a889a54e6">
      <Execution id="93974047-f913-4394-9c54-f7728ced9998" />
      <TestMethod codeBase="D:\actions-runner\_work\XPCO\XPCO\MetadataSearch\Plugin.Tests\bin\Debug\Plugin.Tests.dll" adapterTypeName="executor://mstestadapter/v2" className="VideoOS.MetadataSearch.Plugin.Search.Tests.Predicates.CategorySearchPredicateTests" name="IsMatch_ShouldReturnCorrectResult" />
    </UnitTest>
    <UnitTest name="IsSet_ShouldBeFalse_WhenValueIsEmptyString" storage="d:\actions-runner\_work\xpco\xpco\metadatasearch\plugin.tests\bin\debug\plugin.tests.dll" id="39fef2cd-ac5e-2add-56e7-48f1bbc6f043">
      <Execution id="1528b283-00c3-42ed-8eab-bff9c7d26704" />
      <TestMethod codeBase="D:\actions-runner\_work\XPCO\XPCO\MetadataSearch\Plugin.Tests\bin\Debug\Plugin.Tests.dll" adapterTypeName="executor://mstestadapter/v2" className="VideoOS.MetadataSearch.Plugin.Search.FilterDefinitions.Tests.TextFilterDefinitionTests" name="IsSet_ShouldBeFalse_WhenValueIsInvalid" />
    </UnitTest>
    <UnitTest name="IsMatch_ShouldReturnFalse_WhenClassIsPartialHit" storage="d:\actions-runner\_work\xpco\xpco\metadatasearch\plugin.tests\bin\debug\plugin.tests.dll" id="b8e713b0-e424-b91d-eaad-d7c6c1adfcba">
      <Execution id="4bb52af6-a6f2-4084-a64c-c7abea1468d2" />
      <TestMethod codeBase="D:\actions-runner\_work\XPCO\XPCO\MetadataSearch\Plugin.Tests\bin\Debug\Plugin.Tests.dll" adapterTypeName="executor://mstestadapter/v2" className="VideoOS.MetadataSearch.Plugin.Search.Tests.Predicates.CategorySearchPredicateTests" name="IsMatch_ShouldReturnCorrectResult" />
    </UnitTest>
    <UnitTest name="SearchingForHumans_ShouldReturnCorrectGroupedSequence" storage="d:\actions-runner\_work\xpco\xpco\metadatasearch\plugin.tests\bin\debug\plugin.tests.dll" id="6ee49bb0-e452-61ca-926c-b4a022bb2d2c">
      <Execution id="eafe487b-6d5b-48a3-a83a-cbd30aa7abd1" />
      <TestMethod codeBase="D:\actions-runner\_work\XPCO\XPCO\MetadataSearch\Plugin.Tests\bin\Debug\Plugin.Tests.dll" adapterTypeName="executor://mstestadapter/v2" className="VideoOS.MetadataSearch.Plugin.Tests.FunctionalTests.SearchTests" name="SearchingForHumans_ShouldReturnCorrectGroupedSequence" />
    </UnitTest>
    <UnitTest name="Deserialize_ShouldReturnFalse_WhenInputIsInvalid" storage="d:\actions-runner\_work\xpco\xpco\metadatasearch\plugin.tests\bin\debug\plugin.tests.dll" id="a020b393-815a-fe21-c070-1466a8ed63a6">
      <Execution id="2025f8db-5ef7-43f0-b39f-5bb39e665356" />
      <TestMethod codeBase="D:\actions-runner\_work\XPCO\XPCO\MetadataSearch\Plugin.Tests\bin\Debug\Plugin.Tests.dll" adapterTypeName="executor://mstestadapter/v2" className="VideoOS.MetadataSearch.Plugin.Search.Filters.Tests.GeoCoordinatesFilterValueTests" name="Deserialize_ShouldReturnFalse_WhenInputIsInvalid" />
    </UnitTest>
    <UnitTest name="TryParseColor_ShouldReturn_CorrectResult (&lt;?xml version=&quot;1.0&quot;?&gt; &lt;tt:Color xmlns:tt=&quot;http://www.onvif.org/ver10/schema&quot; Z = &quot;400&quot; Y = &quot;169&quot; X = &quot;169&quot; Colorspace = &quot;RGB&quot; /&gt;,False)" storage="d:\actions-runner\_work\xpco\xpco\metadatasearch\plugin.tests\bin\debug\plugin.tests.dll" id="d55b7815-d829-5919-09b3-d89ab9a5012f">
      <Execution id="b731b904-7073-4599-beac-8d3014aabc80" />
      <TestMethod codeBase="D:\actions-runner\_work\XPCO\XPCO\MetadataSearch\Plugin.Tests\bin\Debug\Plugin.Tests.dll" adapterTypeName="executor://mstestadapter/v2" className="VideoOS.MetadataSearch.Plugin.Tests.Search.ColorHandling.OnvifColorParserTests" name="TryParseColor_ShouldReturn_CorrectResult" />
    </UnitTest>
    <UnitTest name="CreateValue_ShouldReturnNewGeoCoordinatesFilterValue" storage="d:\actions-runner\_work\xpco\xpco\metadatasearch\plugin.tests\bin\debug\plugin.tests.dll" id="df00f2a2-8dd6-7f1c-e1c7-cdfd2a7aa321">
      <Execution id="9f5f4313-f499-408d-a9bd-c3d16820f1bd" />
      <TestMethod codeBase="D:\actions-runner\_work\XPCO\XPCO\MetadataSearch\Plugin.Tests\bin\Debug\Plugin.Tests.dll" adapterTypeName="executor://mstestadapter/v2" className="VideoOS.MetadataSearch.Plugin.Search.Filters.Tests.GeoCoordinatesSearchFilterTests" name="CreateValue_ShouldReturnNewGeoCoordinatesFilterValue" />
    </UnitTest>
    <UnitTest name="IsMatch_ShouldCompareDistanceCorrectly_WhenGivenValidPropertyValues (44.401012,-73.848847,45.549302,-73.632118,130,True)" storage="d:\actions-runner\_work\xpco\xpco\metadatasearch\plugin.tests\bin\debug\plugin.tests.dll" id="a45e84a9-9441-4c6e-5f47-d3e3ab1875f4">
      <Execution id="1866129b-27d4-4a37-9264-f21164b1075c" />
      <TestMethod codeBase="D:\actions-runner\_work\XPCO\XPCO\MetadataSearch\Plugin.Tests\bin\Debug\Plugin.Tests.dll" adapterTypeName="executor://mstestadapter/v2" className="VideoOS.MetadataSearch.Plugin.Tests.Search.Predicates.GeoCoordinatesPredicateTests" name="IsMatch_ShouldCompareDistanceCorrectly_WhenGivenValidPropertyValues" />
    </UnitTest>
    <UnitTest name="Parse_ShouldThrowNamespaceException_WhenUsingUndefinedNamespace (xyz)" storage="d:\actions-runner\_work\xpco\xpco\metadatasearch\plugin.tests\bin\debug\plugin.tests.dll" id="ff560f06-4b43-636c-19f0-b8b0482a5cbe">
      <Execution id="11030a0d-4bc5-43e3-991b-7f28870322c7" />
      <TestMethod codeBase="D:\actions-runner\_work\XPCO\XPCO\MetadataSearch\Plugin.Tests\bin\Debug\Plugin.Tests.dll" adapterTypeName="executor://mstestadapter/v2" className="VideoOS.MetadataSearch.Plugin.Tests.Data.DeviceProfileTests" name="Parse_ShouldThrowNamespaceException_WhenUsingUndefinedNamespace" />
    </UnitTest>
    <UnitTest name="TryParseColor_ShouldReturn_CorrectResult (&lt;?xml version=&quot;1.0&quot;?&gt; &lt;tt:Color xmlns:tt=&quot;http://www.onvif.org/ver10/schema&quot; Z = &quot;169&quot; Y = &quot;169&quot; X = &quot;169&quot; /&gt; ,True)" storage="d:\actions-runner\_work\xpco\xpco\metadatasearch\plugin.tests\bin\debug\plugin.tests.dll" id="46ca0726-a369-f193-6fc9-9d395c0e1a5f">
      <Execution id="c87f46c7-f91b-49a8-9e6a-3f587e3868a4" />
      <TestMethod codeBase="D:\actions-runner\_work\XPCO\XPCO\MetadataSearch\Plugin.Tests\bin\Debug\Plugin.Tests.dll" adapterTypeName="executor://mstestadapter/v2" className="VideoOS.MetadataSearch.Plugin.Tests.Search.ColorHandling.OnvifColorParserTests" name="TryParseColor_ShouldReturn_CorrectResult" />
    </UnitTest>
    <UnitTest name="GetBuiltInPersonFilters_ShouldIncludeAge_WhenAgeFilterIsVisible" storage="d:\actions-runner\_work\xpco\xpco\metadatasearch\plugin.tests\bin\debug\plugin.tests.dll" id="f3a96a40-44b5-892e-469d-980fc130c6ee">
      <Execution id="ac9f446d-f6cc-4137-a374-08adb7f0b60c" />
      <TestMethod codeBase="D:\actions-runner\_work\XPCO\XPCO\MetadataSearch\Plugin.Tests\bin\Debug\Plugin.Tests.dll" adapterTypeName="executor://mstestadapter/v2" className="VideoOS.MetadataSearch.Plugin.Configuration.Tests.MetadataCategoryTests" name="GetBuiltInPersonFilters_ShouldIncludeAge_WhenAgeFilterIsVisible" />
    </UnitTest>
    <UnitTest name="Constructors_ShouldNotAllowInjectionOfNulls" storage="d:\actions-runner\_work\xpco\xpco\metadatasearch\plugin.tests\bin\debug\plugin.tests.dll" id="f9f3012a-eb0a-d94a-26f7-f14f0af44576">
      <Execution id="46591020-774c-424d-80d7-68f75f7e8a21" />
      <TestMethod codeBase="D:\actions-runner\_work\XPCO\XPCO\MetadataSearch\Plugin.Tests\bin\Debug\Plugin.Tests.dll" adapterTypeName="executor://mstestadapter/v2" className="VideoOS.MetadataSearch.Plugin.Tests.Search.Predicates.GeoCoordinatesPredicateTests" name="Constructors_ShouldNotAllowInjectionOfNulls" />
    </UnitTest>
    <UnitTest name="GetSearchPredicate_ShouldCallFactoryWithValueFromValueProvider" storage="d:\actions-runner\_work\xpco\xpco\metadatasearch\plugin.tests\bin\debug\plugin.tests.dll" id="9dffeaf5-3c04-9b65-28b8-eebb297c98d7">
      <Execution id="f2aa150a-d4cb-4e2b-9b10-89eba7aea914" />
      <TestMethod codeBase="D:\actions-runner\_work\XPCO\XPCO\MetadataSearch\Plugin.Tests\bin\Debug\Plugin.Tests.dll" adapterTypeName="executor://mstestadapter/v2" className="VideoOS.MetadataSearch.Plugin.Search.FilterDefinitions.Tests.RangeFilterDefinitionTests" name="GetSearchPredicate_ShouldCallFactoryWithValueFromValueProvider" />
    </UnitTest>
    <UnitTest name="ParsingShouldGenerateOnlyOneObject" storage="d:\actions-runner\_work\xpco\xpco\metadatasearch\plugin.tests\bin\debug\plugin.tests.dll" id="8b9dd64c-a604-c45d-c8b1-ae6e34fb50fb">
      <Execution id="bfe04833-b66a-41fc-bb15-ba5b2335d330" />
      <TestMethod codeBase="D:\actions-runner\_work\XPCO\XPCO\MetadataSearch\Plugin.Tests\bin\Debug\Plugin.Tests.dll" adapterTypeName="executor://mstestadapter/v2" className="VideoOS.MetadataSearch.Plugin.Tests.FunctionalTests.XmlParsingTests" name="ParsingShouldGenerateOnlyOneObject" />
    </UnitTest>
    <UnitTest name="IsMatch_ShouldComparecolorCorrectly_WhenGivenValidPropertyValues (white,Red,red,True)" storage="d:\actions-runner\_work\xpco\xpco\metadatasearch\plugin.tests\bin\debug\plugin.tests.dll" id="21b24ead-c473-1e4e-ffbc-f0ab0c62907e">
      <Execution id="282c7372-c27f-4940-ad53-ac612959b545" />
      <TestMethod codeBase="D:\actions-runner\_work\XPCO\XPCO\MetadataSearch\Plugin.Tests\bin\Debug\Plugin.Tests.dll" adapterTypeName="executor://mstestadapter/v2" className="VideoOS.MetadataSearch.Plugin.Tests.Search.Predicates.ColorPredicateTests" name="IsMatch_ShouldComparecolorCorrectly_WhenGivenValidPropertyValues" />
    </UnitTest>
    <UnitTest name="Constructors_ShouldNotAllowInjectionOfNulls" storage="d:\actions-runner\_work\xpco\xpco\metadatasearch\plugin.tests\bin\debug\plugin.tests.dll" id="3c71a71a-64e9-0c40-7c68-aae717f8ecc4">
      <Execution id="8ec928f6-b4a3-495b-a003-69ccbcf315a2" />
      <TestMethod codeBase="D:\actions-runner\_work\XPCO\XPCO\MetadataSearch\Plugin.Tests\bin\Debug\Plugin.Tests.dll" adapterTypeName="executor://mstestadapter/v2" className="VideoOS.MetadataSearch.Plugin.Search.FilterDefinitions.Tests.TextFilterDefinitionTests" name="Constructors_ShouldNotAllowInjectionOfNulls" />
    </UnitTest>
    <UnitTest name="IsMatch_ShouldCompareDistanceCorrectly_WhenGivenValidPropertyValues (44.401012,55.211361,-73.848847,-84.959958,44.400888,-73.849034,0.1,True)" storage="d:\actions-runner\_work\xpco\xpco\metadatasearch\plugin.tests\bin\debug\plugin.tests.dll" id="c7d0d433-8fb4-b311-73f3-25f624bf7e4f">
      <Execution id="860959a2-447b-44dd-b09a-60dbe86ce583" />
      <TestMethod codeBase="D:\actions-runner\_work\XPCO\XPCO\MetadataSearch\Plugin.Tests\bin\Debug\Plugin.Tests.dll" adapterTypeName="executor://mstestadapter/v2" className="VideoOS.MetadataSearch.Plugin.Tests.Search.Predicates.GeoCoordinatesPredicateTests" name="IsMatch_ShouldCompareDistanceCorrectly_WhenGivenValidPropertyValues" />
    </UnitTest>
    <UnitTest name="IsMatch_ShouldCompareDistanceCorrectly_WhenGivenValidPropertyValues (44.401012,-73.848847,44.378859,-73.834729,2.72,True)" storage="d:\actions-runner\_work\xpco\xpco\metadatasearch\plugin.tests\bin\debug\plugin.tests.dll" id="3d846fdd-cac0-f6b0-bd5c-acbce67091e3">
      <Execution id="f3a0902b-650e-415b-982b-b708c807ac40" />
      <TestMethod codeBase="D:\actions-runner\_work\XPCO\XPCO\MetadataSearch\Plugin.Tests\bin\Debug\Plugin.Tests.dll" adapterTypeName="executor://mstestadapter/v2" className="VideoOS.MetadataSearch.Plugin.Tests.Search.Predicates.GeoCoordinatesPredicateTests" name="IsMatch_ShouldCompareDistanceCorrectly_WhenGivenValidPropertyValues" />
    </UnitTest>
    <UnitTest name="FallbackDisplayValue_ShouldReturnStringWithAllTheValues" storage="d:\actions-runner\_work\xpco\xpco\metadatasearch\plugin.tests\bin\debug\plugin.tests.dll" id="1198cd49-d17f-f7fe-663c-17c2d2fa73bb">
      <Execution id="bf2605e2-1c2b-4a3e-883a-33d12513da85" />
      <TestMethod codeBase="D:\actions-runner\_work\XPCO\XPCO\MetadataSearch\Plugin.Tests\bin\Debug\Plugin.Tests.dll" adapterTypeName="executor://mstestadapter/v2" className="VideoOS.MetadataSearch.Plugin.Search.Filters.Tests.GeoCoordinatesFilterValueTests" name="FallbackDisplayValue_ShouldReturnStringWithAllTheValues" />
    </UnitTest>
    <UnitTest name="DoSearch_ShouldFindPeople_WhenClassIsPeople" storage="d:\actions-runner\_work\xpco\xpco\metadatasearch\plugin.tests\bin\debug\plugin.tests.dll" id="1c6c1ac8-e79d-2b72-ded6-e5c6615f559e">
      <Execution id="cc68ec51-704d-47d3-b072-427d919d2873" />
      <TestMethod codeBase="D:\actions-runner\_work\XPCO\XPCO\MetadataSearch\Plugin.Tests\bin\Debug\Plugin.Tests.dll" adapterTypeName="executor://mstestadapter/v2" className="VideoOS.MetadataSearch.Plugin.Tests.FunctionalTests.FullPluginTests" name="DoSearch_ShouldFindPeopleCategory" />
    </UnitTest>
    <UnitTest name="BoundingShape_ShouldReturnNull_WhenObjectIdIncludedInXml" storage="d:\actions-runner\_work\xpco\xpco\metadatasearch\plugin.tests\bin\debug\plugin.tests.dll" id="31f6c340-8f74-bf05-8d87-89447c5395e8">
      <Execution id="aebc40f5-f9df-4d1e-806f-afb9a22a3cc3" />
      <TestMethod codeBase="D:\actions-runner\_work\XPCO\XPCO\MetadataSearch\Plugin.Tests\bin\Debug\Plugin.Tests.dll" adapterTypeName="executor://mstestadapter/v2" className="VideoOS.MetadataSearch.Plugin.Tests.MetadataBoundingShapeTests" name="BoundingShape_ShouldReturnNull_WhenObjectIdIncludedInXml" />
    </UnitTest>
    <UnitTest name="IsMatch_ShouldReturnTrue_WhenAnyClassIsPresent" storage="d:\actions-runner\_work\xpco\xpco\metadatasearch\plugin.tests\bin\debug\plugin.tests.dll" id="d8c2e320-6190-1b72-f66d-bb30497b2432">
      <Execution id="f5df6915-5e77-4f92-aa01-179005ac211c" />
      <TestMethod codeBase="D:\actions-runner\_work\XPCO\XPCO\MetadataSearch\Plugin.Tests\bin\Debug\Plugin.Tests.dll" adapterTypeName="executor://mstestadapter/v2" className="VideoOS.MetadataSearch.Plugin.Search.Tests.Predicates.CategorySearchPredicateTests" name="IsMatch_ShouldReturnCorrectResult" />
    </UnitTest>
    <UnitTest name="GetValue_ShouldReturnAValue_WhenCalledWithKnownVehicleTypeIds (e3e361ea-8750-4b83-b503-d78ddacd1fe0)" storage="d:\actions-runner\_work\xpco\xpco\metadatasearch\plugin.tests\bin\debug\plugin.tests.dll" id="817b77eb-bf56-7bdc-eb38-c60ea94fbfb5">
      <Execution id="3ea4a076-2ad1-44f7-8da0-942d2804a23d" />
      <TestMethod codeBase="D:\actions-runner\_work\XPCO\XPCO\MetadataSearch\Plugin.Tests\bin\Debug\Plugin.Tests.dll" adapterTypeName="executor://mstestadapter/v2" className="VideoOS.MetadataSearch.Common.Tests.VehicleTypesTests" name="GetValue_ShouldReturnAValue_WhenCalledWithKnownVehicleTypeIds" />
    </UnitTest>
    <UnitTest name="GetBoundingBox_ShouldClipBoundingShape_WhenGivenCoordinatesThatFallOutsideRange (0.73,0,0.14,0.75)" storage="d:\actions-runner\_work\xpco\xpco\metadatasearch\plugin.tests\bin\debug\plugin.tests.dll" id="4c871f69-a914-b0d2-8d33-43029baf7204">
      <Execution id="e20245fe-5b91-444e-a963-57f919243cdd" />
      <TestMethod codeBase="D:\actions-runner\_work\XPCO\XPCO\MetadataSearch\Plugin.Tests\bin\Debug\Plugin.Tests.dll" adapterTypeName="executor://mstestadapter/v2" className="VideoOS.MetadataSearch.Plugin.Tests.MetadataBoundingShapeTests" name="GetBoundingBox_ShouldClipBoundingShape_WhenGivenCoordinatesThatFallOutsideRange" />
    </UnitTest>
    <UnitTest name="GetBoundingPolygon_ShouldReturnPolygonsInSmartClientCoordinateSystem_WhenGivenOnvifCoordinateSystem (System.Double[])" storage="d:\actions-runner\_work\xpco\xpco\metadatasearch\plugin.tests\bin\debug\plugin.tests.dll" id="98151138-966d-edaa-0ea5-0884f806fbe3">
      <Execution id="c004367c-3bbc-4fbf-b07d-f74e534e15cd" />
      <TestMethod codeBase="D:\actions-runner\_work\XPCO\XPCO\MetadataSearch\Plugin.Tests\bin\Debug\Plugin.Tests.dll" adapterTypeName="executor://mstestadapter/v2" className="VideoOS.MetadataSearch.Plugin.Tests.MetadataBoundingShapeTests" name="GetBoundingPolygon_ShouldReturnPolygonsInSmartClientCoordinateSystem_WhenGivenOnvifCoordinateSystem" />
    </UnitTest>
    <UnitTest name="TryParseColor_ShouldReturn_CorrectResult (&lt;?xml version=&quot;1.0&quot;?&gt; &lt;tt:Color xmlns:tt=&quot;http://www.onvif.org/ver10/schema&quot; Z = &quot;400&quot; Y = &quot;169&quot; X = &quot;169&quot; Colorspace = &quot;YCbCr&quot; /&gt;,False)" storage="d:\actions-runner\_work\xpco\xpco\metadatasearch\plugin.tests\bin\debug\plugin.tests.dll" id="8669e8bd-171b-0309-d338-338ea257b72c">
      <Execution id="33c7b478-fe9d-49a2-b794-856b7d5598da" />
      <TestMethod codeBase="D:\actions-runner\_work\XPCO\XPCO\MetadataSearch\Plugin.Tests\bin\Debug\Plugin.Tests.dll" adapterTypeName="executor://mstestadapter/v2" className="VideoOS.MetadataSearch.Plugin.Tests.Search.ColorHandling.OnvifColorParserTests" name="TryParseColor_ShouldReturn_CorrectResult" />
    </UnitTest>
    <UnitTest name="IsMatch_ShouldReturnTrue_WhenValueEqualsLowValue" storage="d:\actions-runner\_work\xpco\xpco\metadatasearch\plugin.tests\bin\debug\plugin.tests.dll" id="e1ffa54c-eb80-0f12-fd51-b14ee6e33404">
      <Execution id="7b9fd7d5-7799-475e-9eb2-23bf1bb9a5fd" />
      <TestMethod codeBase="D:\actions-runner\_work\XPCO\XPCO\MetadataSearch\Plugin.Tests\bin\Debug\Plugin.Tests.dll" adapterTypeName="executor://mstestadapter/v2" className="VideoOS.MetadataSearch.Plugin.Tests.Search.Predicates.RangeSearchPredicateTests" name="IsMatch_ShouldWorkJustFine" />
    </UnitTest>
    <UnitTest name="GetMatchingObjects_ShouldReturnMatchingObject_IfItContainsAny" storage="d:\actions-runner\_work\xpco\xpco\metadatasearch\plugin.tests\bin\debug\plugin.tests.dll" id="a2d0f19c-1f20-39e9-8df1-851eaee0c877">
      <Execution id="1d1fb014-345d-468c-bb82-155eee8fc8c9" />
      <TestMethod codeBase="D:\actions-runner\_work\XPCO\XPCO\MetadataSearch\Plugin.Tests\bin\Debug\Plugin.Tests.dll" adapterTypeName="executor://mstestadapter/v2" className="VideoOS.MetadataSearch.Plugin.Tests.Data.MetadataFrameTests" name="GetMatchingObjects_ShouldReturnMatchingObject_IfItContainsAny" />
    </UnitTest>
    <UnitTest name="IsMatch_ShouldReturnTrue_WhenObjectElementHasFullyMatchingClassWithCaseMissmatchInPropertyValue" storage="d:\actions-runner\_work\xpco\xpco\metadatasearch\plugin.tests\bin\debug\plugin.tests.dll" id="60e80acb-4b4f-9012-dd83-8197d27088df">
      <Execution id="6c41821a-64fb-49e7-afde-9ece2c5bd3fa" />
      <TestMethod codeBase="D:\actions-runner\_work\XPCO\XPCO\MetadataSearch\Plugin.Tests\bin\Debug\Plugin.Tests.dll" adapterTypeName="executor://mstestadapter/v2" className="VideoOS.MetadataSearch.Plugin.Tests.Search.Predicates.PartialMatchSearchPredicateTests" name="IsMatch_ShouldWorkCorrectly" />
    </UnitTest>
    <UnitTest name="TryParseColor_ShouldReturn_CorrectResult (blue,True)" storage="d:\actions-runner\_work\xpco\xpco\metadatasearch\plugin.tests\bin\debug\plugin.tests.dll" id="d39aff74-8c42-bf59-caa2-c3772e0bdee4">
      <Execution id="8890f54a-43cb-48bd-af11-249590d14a24" />
      <TestMethod codeBase="D:\actions-runner\_work\XPCO\XPCO\MetadataSearch\Plugin.Tests\bin\Debug\Plugin.Tests.dll" adapterTypeName="executor://mstestadapter/v2" className="VideoOS.MetadataSearch.Plugin.Tests.Search.ColorHandling.MilestoneColorParserTests" name="TryParseColor_ShouldReturn_CorrectResult" />
    </UnitTest>
    <UnitTest name="GetMatchingObjects_ShouldReturnEmptyCollection_IfItContainsNoObjects" storage="d:\actions-runner\_work\xpco\xpco\metadatasearch\plugin.tests\bin\debug\plugin.tests.dll" id="9d10d3f2-3073-a06b-e5b7-c3d98c547c35">
      <Execution id="64d175d9-7ae3-4e8c-ab89-48a4a15445a8" />
      <TestMethod codeBase="D:\actions-runner\_work\XPCO\XPCO\MetadataSearch\Plugin.Tests\bin\Debug\Plugin.Tests.dll" adapterTypeName="executor://mstestadapter/v2" className="VideoOS.MetadataSearch.Plugin.Tests.Data.MetadataFrameTests" name="GetMatchingObjects_ShouldReturnEmptyCollection_IfItContainsNoObjects" />
    </UnitTest>
    <UnitTest name="ResetValue_ShouldThrowException_WhenValueIsNotSelectionFilterValue" storage="d:\actions-runner\_work\xpco\xpco\metadatasearch\plugin.tests\bin\debug\plugin.tests.dll" id="82d24403-7845-d860-1c38-6d3acb1891b0">
      <Execution id="9356f752-8076-4671-9bea-a37f063e558d" />
      <TestMethod codeBase="D:\actions-runner\_work\XPCO\XPCO\MetadataSearch\Plugin.Tests\bin\Debug\Plugin.Tests.dll" adapterTypeName="executor://mstestadapter/v2" className="VideoOS.MetadataSearch.Plugin.Search.Filters.Tests.ListSelectionSearchFilterTests" name="ResetValue_ShouldThrowException_WhenValueIsNotSelectionFilterValue" />
    </UnitTest>
    <UnitTest name="GetFilterValues_ShouldReturnLicensePlateValues_WhenValueIsValid" storage="d:\actions-runner\_work\xpco\xpco\metadatasearch\plugin.tests\bin\debug\plugin.tests.dll" id="59ae0831-de2b-eb5f-53e6-48eefe23d498">
      <Execution id="9df73507-7693-4223-9209-eb84ee8ea894" />
      <TestMethod codeBase="D:\actions-runner\_work\XPCO\XPCO\MetadataSearch\Plugin.Tests\bin\Debug\Plugin.Tests.dll" adapterTypeName="executor://mstestadapter/v2" className="VideoOS.MetadataSearch.Plugin.Search.FilterValueProviders.Tests.LicensePlateValueProviderTests" name="GetFilterValues_ShouldReturnLicensePlateValues_WhenValueIsValid" />
    </UnitTest>
    <UnitTest name="IsMatch_ShouldReturnFalse_WhenPropertyIsNotPresent" storage="d:\actions-runner\_work\xpco\xpco\metadatasearch\plugin.tests\bin\debug\plugin.tests.dll" id="e2c3c3ed-baa6-bf03-a21a-f2de5cbab20b">
      <Execution id="7376ac7f-79ca-4c58-84fd-c09aa610308c" />
      <TestMethod codeBase="D:\actions-runner\_work\XPCO\XPCO\MetadataSearch\Plugin.Tests\bin\Debug\Plugin.Tests.dll" adapterTypeName="executor://mstestadapter/v2" className="VideoOS.MetadataSearch.Plugin.Tests.Search.Predicates.RangeSearchPredicateTests" name="IsMatch_ShouldWorkJustFine" />
    </UnitTest>
    <UnitTest name="Parse_ShouldUseNamespaceDictionaryToLookup_WhenGivenNonEmptyNamespaceCollection (xyz)" storage="d:\actions-runner\_work\xpco\xpco\metadatasearch\plugin.tests\bin\debug\plugin.tests.dll" id="43066919-b5f1-9fa5-bab8-3882b0953a51">
      <Execution id="bdae82c1-e601-433d-a310-a2abc7d3df16" />
      <TestMethod codeBase="D:\actions-runner\_work\XPCO\XPCO\MetadataSearch\Plugin.Tests\bin\Debug\Plugin.Tests.dll" adapterTypeName="executor://mstestadapter/v2" className="VideoOS.MetadataSearch.Plugin.Tests.Data.DeviceProfileTests" name="Parse_ShouldUseNamespaceDictionaryToLookup_WhenGivenNonEmptyNamespaceCollection" />
    </UnitTest>
    <UnitTest name="GetFilterValues_ShouldReturnEmptyEnumeration_WhenValueIsEmpty" storage="d:\actions-runner\_work\xpco\xpco\metadatasearch\plugin.tests\bin\debug\plugin.tests.dll" id="e3176b8a-be66-d0ad-14ec-c6e732fd4611">
      <Execution id="e7b5feca-78c9-41df-b0b5-54babaa959f1" />
      <TestMethod codeBase="D:\actions-runner\_work\XPCO\XPCO\MetadataSearch\Plugin.Tests\bin\Debug\Plugin.Tests.dll" adapterTypeName="executor://mstestadapter/v2" className="VideoOS.MetadataSearch.Plugin.Search.FilterValueProviders.Tests.VehicleColorValueProviderTests" name="GetFilterValues_ShouldReturnEmptyEnumeration_WhenValueIsEmpty" />
    </UnitTest>
    <UnitTest name="Constructors_ShouldNotAllowInjectionOfNulls" storage="d:\actions-runner\_work\xpco\xpco\metadatasearch\plugin.tests\bin\debug\plugin.tests.dll" id="1236468a-4c51-72ef-bd09-269985382945">
      <Execution id="c87df5c7-167a-45cf-a0ee-314d027ef8b0" />
      <TestMethod codeBase="D:\actions-runner\_work\XPCO\XPCO\MetadataSearch\Plugin.Tests\bin\Debug\Plugin.Tests.dll" adapterTypeName="executor://mstestadapter/v2" className="VideoOS.MetadataSearch.Plugin.Configuration.Tests.MetadataFilterTests" name="Constructors_ShouldNotAllowInjectionOfNulls" />
    </UnitTest>
    <UnitTest name="IsSet_ShouldBeFalse_WhenValueProviderHasNoValues" storage="d:\actions-runner\_work\xpco\xpco\metadatasearch\plugin.tests\bin\debug\plugin.tests.dll" id="59dac37e-2ea8-9db7-5b85-e17ebf1e786c">
      <Execution id="97f6fbfd-e302-42b4-b1e5-2c6b9987c186" />
      <TestMethod codeBase="D:\actions-runner\_work\XPCO\XPCO\MetadataSearch\Plugin.Tests\bin\Debug\Plugin.Tests.dll" adapterTypeName="executor://mstestadapter/v2" className="VideoOS.MetadataSearch.Plugin.Search.FilterDefinitions.Tests.GeoCoordinatesFilterDefinitionTests" name="IsSet_ShouldBeFalse_WhenValueProviderHasNoValues" />
    </UnitTest>
    <UnitTest name="Constructors_ShouldNotAllowInjectionOfNulls" storage="d:\actions-runner\_work\xpco\xpco\metadatasearch\plugin.tests\bin\debug\plugin.tests.dll" id="fbc80e7a-8473-118b-62b8-644255659168">
      <Execution id="aa814aa4-b206-43d3-8492-e652953c43db" />
      <TestMethod codeBase="D:\actions-runner\_work\XPCO\XPCO\MetadataSearch\Plugin.Tests\bin\Debug\Plugin.Tests.dll" adapterTypeName="executor://mstestadapter/v2" className="VideoOS.MetadataSearch.Plugin.Search.Filters.Tests.RangeSearchFilterTests" name="Constructors_ShouldNotAllowInjectionOfNulls" />
    </UnitTest>
    <UnitTest name="ProcessNewFrame_ShouldReturnSequences_WhenObjectNotSeenOnLastFrame" storage="d:\actions-runner\_work\xpco\xpco\metadatasearch\plugin.tests\bin\debug\plugin.tests.dll" id="08b1bf9e-be72-ae61-10ac-a223a01bc21f">
      <Execution id="3c6a7fd8-06c5-4e24-8f80-b6d83512f809" />
      <TestMethod codeBase="D:\actions-runner\_work\XPCO\XPCO\MetadataSearch\Plugin.Tests\bin\Debug\Plugin.Tests.dll" adapterTypeName="executor://mstestadapter/v2" className="VideoOS.MetadataSearch.Plugin.Tests.Search.SequenceBuilderTests" name="ProcessNewFrame_ShouldReturnSequences_WhenObjectNotSeenOnLastFrame" />
    </UnitTest>
    <UnitTest name="IsMatch_ShouldReturnCorrectMatchingProperties_WhenObjectElementHasPartiallyMatchingPropertyRegardsOfOrderIsFirst" storage="d:\actions-runner\_work\xpco\xpco\metadatasearch\plugin.tests\bin\debug\plugin.tests.dll" id="05a0b56b-824a-235d-7575-9dc9bb5e2ed7">
      <Execution id="8e29b578-c7d1-43bd-b62f-41f5e386b8f2" />
      <TestMethod codeBase="D:\actions-runner\_work\XPCO\XPCO\MetadataSearch\Plugin.Tests\bin\Debug\Plugin.Tests.dll" adapterTypeName="executor://mstestadapter/v2" className="VideoOS.MetadataSearch.Plugin.Tests.Search.Predicates.PartialMatchSearchPredicateTests" name="IsMatch_ShouldWorkCorrectly" />
    </UnitTest>
    <UnitTest name="GetBoundingBox_ShouldReturnBoundingShapeInSmartClientCoordinateSystem_WhenGivenOnvifCoordinateSystem (0.73,0.245,0.14,0.505)" storage="d:\actions-runner\_work\xpco\xpco\metadatasearch\plugin.tests\bin\debug\plugin.tests.dll" id="8cabdb07-673a-5d18-1dcc-cca760c80f50">
      <Execution id="635ff36e-6949-4b28-8bc4-bfcfead8108f" />
      <TestMethod codeBase="D:\actions-runner\_work\XPCO\XPCO\MetadataSearch\Plugin.Tests\bin\Debug\Plugin.Tests.dll" adapterTypeName="executor://mstestadapter/v2" className="VideoOS.MetadataSearch.Plugin.Tests.MetadataBoundingShapeTests" name="GetBoundingBox_ShouldReturnBoundingShapeInSmartClientCoordinateSystem_WhenGivenOnvifCoordinateSystem" />
    </UnitTest>
    <UnitTest name="GetFilterValues_ShouldReturnEmptyEnumeration_WhenValueIsNull" storage="d:\actions-runner\_work\xpco\xpco\metadatasearch\plugin.tests\bin\debug\plugin.tests.dll" id="ff7a89d5-2ad1-f7d4-61e5-9da8eeef957d">
      <Execution id="468efcf3-a390-424c-acf0-5a649989760c" />
      <TestMethod codeBase="D:\actions-runner\_work\XPCO\XPCO\MetadataSearch\Plugin.Tests\bin\Debug\Plugin.Tests.dll" adapterTypeName="executor://mstestadapter/v2" className="VideoOS.MetadataSearch.Plugin.Search.FilterValueProviders.Tests.ListSelectionValueProviderTests" name="GetFilterValues_ShouldReturnEmptyEnumeration_WhenValueIsNull" />
    </UnitTest>
    <UnitTest name="GetFilterValues_ShouldReturnEmptyEnumeration_WhenValueIsNull" storage="d:\actions-runner\_work\xpco\xpco\metadatasearch\plugin.tests\bin\debug\plugin.tests.dll" id="05b207a0-127a-402c-e97d-064a61ed8417">
      <Execution id="6a020d17-2fed-4e06-8ca0-3703fb78a77f" />
      <TestMethod codeBase="D:\actions-runner\_work\XPCO\XPCO\MetadataSearch\Plugin.Tests\bin\Debug\Plugin.Tests.dll" adapterTypeName="executor://mstestadapter/v2" className="VideoOS.MetadataSearch.Plugin.Search.FilterValueProviders.Tests.RangeFilterValueProviderTests" name="GetFilterValues_ShouldReturnEmptyEnumeration_WhenValueIsNull" />
    </UnitTest>
    <UnitTest name="IsMatch_ShouldReturnTrue_WhenAnyClassIsPresent" storage="d:\actions-runner\_work\xpco\xpco\metadatasearch\plugin.tests\bin\debug\plugin.tests.dll" id="2a169332-c89e-b0ad-5290-2cc42d47ba08">
      <Execution id="cf016532-9a2a-4dec-b66d-1d47d9518b40" />
      <TestMethod codeBase="D:\actions-runner\_work\XPCO\XPCO\MetadataSearch\Plugin.Tests\bin\Debug\Plugin.Tests.dll" adapterTypeName="executor://mstestadapter/v2" className="VideoOS.MetadataSearch.Plugin.Search.Tests.Predicates.CategorySearchPredicateTests" name="IsMatch_ShouldReturnCorrectResult" />
    </UnitTest>
    <UnitTest name="IsSet_ShouldBeFalse_WhenValueIsNull" storage="d:\actions-runner\_work\xpco\xpco\metadatasearch\plugin.tests\bin\debug\plugin.tests.dll" id="a002aa07-fe8b-e44c-e8cc-f84260c4048a">
      <Execution id="d002ebb0-c2e4-4d63-a6a3-b873c02af1c5" />
      <TestMethod codeBase="D:\actions-runner\_work\XPCO\XPCO\MetadataSearch\Plugin.Tests\bin\Debug\Plugin.Tests.dll" adapterTypeName="executor://mstestadapter/v2" className="VideoOS.MetadataSearch.Plugin.Search.FilterDefinitions.Tests.TextFilterDefinitionTests" name="IsSet_ShouldBeFalse_WhenValueIsInvalid" />
    </UnitTest>
    <UnitTest name="GetValue_ShouldReturnAValue_WhenCalledWithKnownFilterIds (489a1205-5119-40b7-b1ba-c9a3f6dc2e92)" storage="d:\actions-runner\_work\xpco\xpco\metadatasearch\plugin.tests\bin\debug\plugin.tests.dll" id="a006c8c5-5fc9-d8c0-bf2b-0aa03737e1af">
      <Execution id="7a939796-8d5d-4199-b093-8c830d4505e2" />
      <TestMethod codeBase="D:\actions-runner\_work\XPCO\XPCO\MetadataSearch\Plugin.Tests\bin\Debug\Plugin.Tests.dll" adapterTypeName="executor://mstestadapter/v2" className="VideoOS.MetadataSearch.Common.Tests.FiltersTests" name="GetValue_ShouldReturnAValue_WhenCalledWithKnownFilterIds" />
    </UnitTest>
    <UnitTest name="Dispose_ShouldClosePlaybackSource" storage="d:\actions-runner\_work\xpco\xpco\metadatasearch\plugin.tests\bin\debug\plugin.tests.dll" id="059c606f-3d60-53df-72c9-24d2e6e21c99">
      <Execution id="9dc89a6a-66b2-4a2f-98f2-0bcc160205bd" />
      <TestMethod codeBase="D:\actions-runner\_work\XPCO\XPCO\MetadataSearch\Plugin.Tests\bin\Debug\Plugin.Tests.dll" adapterTypeName="executor://mstestadapter/v2" className="VideoOS.MetadataSearch.Plugin.Tests.SearchAgent.MIPMetadataObjectSourceTests" name="Dispose_ShouldClosePlaybackSource" />
    </UnitTest>
    <UnitTest name="GetValue_ShouldAlwaysReturnAValidString" storage="d:\actions-runner\_work\xpco\xpco\metadatasearch\plugin.tests\bin\debug\plugin.tests.dll" id="fbe66c33-cc97-ad02-071b-4f8342a00418">
      <Execution id="2ffdceec-d2a4-4953-a71d-474555664c7d" />
      <TestMethod codeBase="D:\actions-runner\_work\XPCO\XPCO\MetadataSearch\Plugin.Tests\bin\Debug\Plugin.Tests.dll" adapterTypeName="executor://mstestadapter/v2" className="VideoOS.MetadataSearch.Common.Tests.FaceTests" name="GetValue_ShouldAlwaysReturnAValidString" />
    </UnitTest>
    <UnitTest name="GetSearchPredicate_ShouldThrowException_WhenValueIsInvalid" storage="d:\actions-runner\_work\xpco\xpco\metadatasearch\plugin.tests\bin\debug\plugin.tests.dll" id="07889f0a-a2d0-659d-2063-b520e6f36367">
      <Execution id="2519039c-174b-402e-86ac-85935dde576c" />
      <TestMethod codeBase="D:\actions-runner\_work\XPCO\XPCO\MetadataSearch\Plugin.Tests\bin\Debug\Plugin.Tests.dll" adapterTypeName="executor://mstestadapter/v2" className="VideoOS.MetadataSearch.Plugin.Search.FilterDefinitions.Tests.GeoCoordinatesFilterDefinitionTests" name="GetSearchPredicate_ShouldThrowException_WhenValueIsInvalid" />
    </UnitTest>
    <UnitTest name="TryParseColor_ShouldReturn_CorrectResult (,False)" storage="d:\actions-runner\_work\xpco\xpco\metadatasearch\plugin.tests\bin\debug\plugin.tests.dll" id="2a1acbde-48f0-baca-6a56-3f8f9f063c87">
      <Execution id="1c155f70-8cdb-439b-b63e-21a5e684464e" />
      <TestMethod codeBase="D:\actions-runner\_work\XPCO\XPCO\MetadataSearch\Plugin.Tests\bin\Debug\Plugin.Tests.dll" adapterTypeName="executor://mstestadapter/v2" className="VideoOS.MetadataSearch.Plugin.Tests.Search.ColorHandling.MilestoneColorParserTests" name="TryParseColor_ShouldReturn_CorrectResult" />
    </UnitTest>
    <UnitTest name="Reset_ShouldMakeIsResetTrue" storage="d:\actions-runner\_work\xpco\xpco\metadatasearch\plugin.tests\bin\debug\plugin.tests.dll" id="886227de-8ea1-2ab6-c107-f15ffa23f1e2">
      <Execution id="2e576cb9-cf5c-4bee-8947-ca4bf3492382" />
      <TestMethod codeBase="D:\actions-runner\_work\XPCO\XPCO\MetadataSearch\Plugin.Tests\bin\Debug\Plugin.Tests.dll" adapterTypeName="executor://mstestadapter/v2" className="VideoOS.MetadataSearch.Plugin.Search.Filters.Tests.GeoCoordinatesFilterValueTests" name="Reset_ShouldMakeIsResetTrue" />
    </UnitTest>
    <UnitTest name="GetFrames_ShouldReturnFramesInTheSpecifiedTimeRange (True)" storage="d:\actions-runner\_work\xpco\xpco\metadatasearch\plugin.tests\bin\debug\plugin.tests.dll" id="2b8047c1-d301-a5ca-65e6-92f6b8de82c4">
      <Execution id="af8167a4-0eb3-4b50-8bf7-8b05ca47d966" />
      <TestMethod codeBase="D:\actions-runner\_work\XPCO\XPCO\MetadataSearch\Plugin.Tests\bin\Debug\Plugin.Tests.dll" adapterTypeName="executor://mstestadapter/v2" className="VideoOS.MetadataSearch.Plugin.Tests.SearchAgent.MIPMetadataObjectSourceTests" name="GetFrames_ShouldReturnFramesInTheSpecifiedTimeRange" />
    </UnitTest>
    <UnitTest name="GetBuiltInVehicleFilters_ShouldReturnNone_WhenThereAreNoFilters" storage="d:\actions-runner\_work\xpco\xpco\metadatasearch\plugin.tests\bin\debug\plugin.tests.dll" id="86772793-9b9c-cd53-07e7-ef942f102493">
      <Execution id="77933735-282c-4d9a-8804-e2505a3fb5ca" />
      <TestMethod codeBase="D:\actions-runner\_work\XPCO\XPCO\MetadataSearch\Plugin.Tests\bin\Debug\Plugin.Tests.dll" adapterTypeName="executor://mstestadapter/v2" className="VideoOS.MetadataSearch.Plugin.Configuration.Tests.MetadataCategoryTests" name="GetBuiltInVehicleFilters_ShouldReturnNone_WhenThereAreNoFilters" />
    </UnitTest>
    <UnitTest name="IsMatch_ShouldReturnFalse_WhenObjectElementPropertyWithDifferentValue" storage="d:\actions-runner\_work\xpco\xpco\metadatasearch\plugin.tests\bin\debug\plugin.tests.dll" id="4ec0f1dc-5ce3-d774-1746-20005e913961">
      <Execution id="12d1ea9c-f524-4561-bc52-5e7ebad0eb15" />
      <TestMethod codeBase="D:\actions-runner\_work\XPCO\XPCO\MetadataSearch\Plugin.Tests\bin\Debug\Plugin.Tests.dll" adapterTypeName="executor://mstestadapter/v2" className="VideoOS.MetadataSearch.Plugin.Tests.Search.Predicates.PartialMatchSearchPredicateTests" name="IsMatch_ShouldWorkCorrectly" />
    </UnitTest>
    <UnitTest name="SearchingForHumanOrFace_ShouldReturnAllHumansInFrame_WhenSecondClassDetectedOnSecondFrame" storage="d:\actions-runner\_work\xpco\xpco\metadatasearch\plugin.tests\bin\debug\plugin.tests.dll" id="b8b1ab27-8a4e-efd8-aa9b-16e67226c1d8">
      <Execution id="9c251aca-44eb-4b7b-9d5f-1c4ae8cf877b" />
      <TestMethod codeBase="D:\actions-runner\_work\XPCO\XPCO\MetadataSearch\Plugin.Tests\bin\Debug\Plugin.Tests.dll" adapterTypeName="executor://mstestadapter/v2" className="VideoOS.MetadataSearch.Plugin.Tests.FunctionalTests.SearchTests" name="SearchingForHumanOrFace_ShouldReturnAllHumansInFrame_WhenSecondClassDetectedOnSecondFrame" />
    </UnitTest>
    <UnitTest name="Constructors_ShouldNotAllowInjectionOfNulls" storage="d:\actions-runner\_work\xpco\xpco\metadatasearch\plugin.tests\bin\debug\plugin.tests.dll" id="20ec1541-8979-9379-2a80-d7b4208b9361">
      <Execution id="d354a6a9-e9af-4de6-b79f-917269cc2f0e" />
      <TestMethod codeBase="D:\actions-runner\_work\XPCO\XPCO\MetadataSearch\Plugin.Tests\bin\Debug\Plugin.Tests.dll" adapterTypeName="executor://mstestadapter/v2" className="VideoOS.MetadataSearch.Plugin.Search.FilterValueProviders.Tests.ListSelectionValueProviderTests" name="Constructors_ShouldNotAllowInjectionOfNulls" />
    </UnitTest>
    <UnitTest name="TryParseColor_ShouldReturn_CorrectResult (&lt;?xml version=&quot;1.0&quot;?&gt; &lt;tt:Color xmlns:tt=&quot;http://www.onvif.org/ver10/schema&quot; Z = &quot;169&quot; Y = &quot;169&quot; X = &quot;400&quot; Colorspace = &quot;RGB&quot; /&gt;,False)" storage="d:\actions-runner\_work\xpco\xpco\metadatasearch\plugin.tests\bin\debug\plugin.tests.dll" id="f10901f3-9edb-d90f-86a4-6970680289f4">
      <Execution id="d19c21b9-c721-47c9-8a9e-bb33414ae5dc" />
      <TestMethod codeBase="D:\actions-runner\_work\XPCO\XPCO\MetadataSearch\Plugin.Tests\bin\Debug\Plugin.Tests.dll" adapterTypeName="executor://mstestadapter/v2" className="VideoOS.MetadataSearch.Plugin.Tests.Search.ColorHandling.OnvifColorParserTests" name="TryParseColor_ShouldReturn_CorrectResult" />
    </UnitTest>
    <UnitTest name="DoSearch_ShouldFindVehicle_WhenVehicleTypePropertyIsPresent" storage="d:\actions-runner\_work\xpco\xpco\metadatasearch\plugin.tests\bin\debug\plugin.tests.dll" id="fa9a6086-20f9-011d-55f0-761280e00db8">
      <Execution id="f653c4a6-5bc8-4ea7-9b4f-193574f553ba" />
      <TestMethod codeBase="D:\actions-runner\_work\XPCO\XPCO\MetadataSearch\Plugin.Tests\bin\Debug\Plugin.Tests.dll" adapterTypeName="executor://mstestadapter/v2" className="VideoOS.MetadataSearch.Plugin.Tests.FunctionalTests.FullPluginTests" name="DoSearch_ShouldFindVehicleCategory" />
    </UnitTest>
    <UnitTest name="GetBuiltInPersonFilters_ShouldReturnNone_WhenCategoryIsNotPeople" storage="d:\actions-runner\_work\xpco\xpco\metadatasearch\plugin.tests\bin\debug\plugin.tests.dll" id="99836a99-a682-ea7d-351b-10435293e2a3">
      <Execution id="6a890991-9897-4368-a577-12ca63e9743a" />
      <TestMethod codeBase="D:\actions-runner\_work\XPCO\XPCO\MetadataSearch\Plugin.Tests\bin\Debug\Plugin.Tests.dll" adapterTypeName="executor://mstestadapter/v2" className="VideoOS.MetadataSearch.Plugin.Configuration.Tests.MetadataCategoryTests" name="GetBuiltInPersonFilters_ShouldReturnNone_WhenCategoryIsNotPeople" />
    </UnitTest>
    <UnitTest name="CreateGuid_ShouldReturnDifferentGuid_WhenUsingDifferentEndTimeInMilliseconds" storage="d:\actions-runner\_work\xpco\xpco\metadatasearch\plugin.tests\bin\debug\plugin.tests.dll" id="50a0983d-6292-84b3-28a0-0abe5c4262ea">
      <Execution id="f8e2803d-9c8d-4df5-bcd6-83826dec29a2" />
      <TestMethod codeBase="D:\actions-runner\_work\XPCO\XPCO\MetadataSearch\Plugin.Tests\bin\Debug\Plugin.Tests.dll" adapterTypeName="executor://mstestadapter/v2" className="VideoOS.MetadataSearch.Plugin.Tests.IdGeneratorTests" name="CreateGuid_ShouldReturnDifferentGuid_WhenUsingDifferentEndTimeInMilliseconds" />
    </UnitTest>
    <UnitTest name="GetProperty_ShouldReturnFalse_WhenPropertyDoesNotExist" storage="d:\actions-runner\_work\xpco\xpco\metadatasearch\plugin.tests\bin\debug\plugin.tests.dll" id="dd82dfe3-d3c1-ce94-6d6a-ce65289a7e16">
      <Execution id="2930ee7b-039b-4bab-880d-a78ed4d17ca2" />
      <TestMethod codeBase="D:\actions-runner\_work\XPCO\XPCO\MetadataSearch\Plugin.Tests\bin\Debug\Plugin.Tests.dll" adapterTypeName="executor://mstestadapter/v2" className="VideoOS.MetadataSearch.Plugin.Tests.Data.MetadataFrameObjectTests" name="GetProperty_ShouldReturnFalse_WhenPropertyDoesNotExist" />
    </UnitTest>
    <UnitTest name="IsMatch_ShouldReturnFalse_WhenNoClassNorPropertyIsPresent" storage="d:\actions-runner\_work\xpco\xpco\metadatasearch\plugin.tests\bin\debug\plugin.tests.dll" id="2c8e1508-e46b-f83f-a9ec-af77f3f725ce">
      <Execution id="82049db6-a307-49d1-8639-b09ed5177a88" />
      <TestMethod codeBase="D:\actions-runner\_work\XPCO\XPCO\MetadataSearch\Plugin.Tests\bin\Debug\Plugin.Tests.dll" adapterTypeName="executor://mstestadapter/v2" className="VideoOS.MetadataSearch.Plugin.Search.Tests.Predicates.CategorySearchPredicateTests" name="IsMatch_ShouldReturnCorrectResult" />
    </UnitTest>
    <UnitTest name="TryParseColor_ShouldReturn_CorrectResult (&lt;?xml version=&quot;1.0&quot;?&gt; &lt;tt:Color xmlns:tt=&quot;http://www.onvif.org/ver10/schema&quot; Z = &quot;169&quot; Y = &quot;400&quot; X = &quot;169&quot; Colorspace = &quot;YCbCr&quot; /&gt;,False)" storage="d:\actions-runner\_work\xpco\xpco\metadatasearch\plugin.tests\bin\debug\plugin.tests.dll" id="a9418999-2eed-9cdf-8bb5-11564b28e54f">
      <Execution id="ddc5b867-a84c-4a66-8331-d6a2bee14f31" />
      <TestMethod codeBase="D:\actions-runner\_work\XPCO\XPCO\MetadataSearch\Plugin.Tests\bin\Debug\Plugin.Tests.dll" adapterTypeName="executor://mstestadapter/v2" className="VideoOS.MetadataSearch.Plugin.Tests.Search.ColorHandling.OnvifColorParserTests" name="TryParseColor_ShouldReturn_CorrectResult" />
    </UnitTest>
    <UnitTest name="IsMatch_ShouldReturnTrue_WhenValueEqualsHighValue" storage="d:\actions-runner\_work\xpco\xpco\metadatasearch\plugin.tests\bin\debug\plugin.tests.dll" id="7f95389e-5d08-9393-a9f4-f26437af2aaf">
      <Execution id="8373ad27-b6b0-4ae1-8eab-7ab3e9f91dfd" />
      <TestMethod codeBase="D:\actions-runner\_work\XPCO\XPCO\MetadataSearch\Plugin.Tests\bin\Debug\Plugin.Tests.dll" adapterTypeName="executor://mstestadapter/v2" className="VideoOS.MetadataSearch.Plugin.Tests.Search.Predicates.RangeSearchPredicateTests" name="IsMatch_ShouldWorkJustFine" />
    </UnitTest>
    <UnitTest name="GetProperty_ShouldReturnNull_WhenNoPropertiesExist" storage="d:\actions-runner\_work\xpco\xpco\metadatasearch\plugin.tests\bin\debug\plugin.tests.dll" id="35e5231a-f380-9de4-2b13-d1fef7d2d8b2">
      <Execution id="03cee08e-56d6-477a-a4cd-baafda497048" />
      <TestMethod codeBase="D:\actions-runner\_work\XPCO\XPCO\MetadataSearch\Plugin.Tests\bin\Debug\Plugin.Tests.dll" adapterTypeName="executor://mstestadapter/v2" className="VideoOS.MetadataSearch.Plugin.Tests.Data.MetadataFrameObjectTests" name="GetProperty_ShouldReturnNull_WhenNoPropertiesExist" />
    </UnitTest>
    <UnitTest name="ObjectCount_ShouldReturnTheNumberOfObjects" storage="d:\actions-runner\_work\xpco\xpco\metadatasearch\plugin.tests\bin\debug\plugin.tests.dll" id="1329d898-9649-815e-5362-7bf6b42f39cd">
      <Execution id="95794272-325f-4a4d-bb01-426541bf0cd7" />
      <TestMethod codeBase="D:\actions-runner\_work\XPCO\XPCO\MetadataSearch\Plugin.Tests\bin\Debug\Plugin.Tests.dll" adapterTypeName="executor://mstestadapter/v2" className="VideoOS.MetadataSearch.Plugin.Tests.FunctionalTests.ObjectSequenceTests" name="ObjectCount_ShouldReturnTheNumberOfObjects" />
    </UnitTest>
    <UnitTest name="GetSearchPredicate_ShouldCallFactoryWithCorrectPropertyName" storage="d:\actions-runner\_work\xpco\xpco\metadatasearch\plugin.tests\bin\debug\plugin.tests.dll" id="005446dd-de59-fb40-05c8-15ff101ff62b">
      <Execution id="77cfc7d9-dad8-4255-bacc-b8248350ea67" />
      <TestMethod codeBase="D:\actions-runner\_work\XPCO\XPCO\MetadataSearch\Plugin.Tests\bin\Debug\Plugin.Tests.dll" adapterTypeName="executor://mstestadapter/v2" className="VideoOS.MetadataSearch.Plugin.Search.FilterDefinitions.Tests.ListSelectionFilterDefinitionTests" name="GetSearchPredicate_ShouldCallFactoryWithCorrectPropertyName" />
    </UnitTest>
    <UnitTest name="IsMatch_ShouldReturnFalse_WhenProvidedPredicateSetIsEmpty" storage="d:\actions-runner\_work\xpco\xpco\metadatasearch\plugin.tests\bin\debug\plugin.tests.dll" id="9a625620-1442-cae3-01b8-69e7f94fe29f">
      <Execution id="a63823ff-acd7-4d56-a11c-1870c8e4e7d3" />
      <TestMethod codeBase="D:\actions-runner\_work\XPCO\XPCO\MetadataSearch\Plugin.Tests\bin\Debug\Plugin.Tests.dll" adapterTypeName="executor://mstestadapter/v2" className="VideoOS.MetadataSearch.Plugin.Tests.Search.Predicates.CompositeUnionSearchPredicateTests" name="IsMatch_ShouldReturnFalse_WhenProvidedPredicateSetIsEmpty" />
    </UnitTest>
    <UnitTest name="GetValue_ShouldReturnAValue_WhenCalledWithKnownFilterIds (2d812f0d-ed3e-4553-b3fa-642bdc95d886)" storage="d:\actions-runner\_work\xpco\xpco\metadatasearch\plugin.tests\bin\debug\plugin.tests.dll" id="58e7aa30-50ca-258e-dfcf-c11ea51ee0b7">
      <Execution id="2c0e026a-3ac0-4675-a1b0-f1a767eea32a" />
      <TestMethod codeBase="D:\actions-runner\_work\XPCO\XPCO\MetadataSearch\Plugin.Tests\bin\Debug\Plugin.Tests.dll" adapterTypeName="executor://mstestadapter/v2" className="VideoOS.MetadataSearch.Common.Tests.FiltersTests" name="GetValue_ShouldReturnAValue_WhenCalledWithKnownFilterIds" />
    </UnitTest>
    <UnitTest name="GetMatchingObjects_ShouldReturnEmptyCollection_IfItContainsNoMatchingObjects" storage="d:\actions-runner\_work\xpco\xpco\metadatasearch\plugin.tests\bin\debug\plugin.tests.dll" id="2e3bd7fd-edea-fa2f-1e47-cb4acde20649">
      <Execution id="2d454bf7-f82b-4aa4-a4d8-fb3d4d48694b" />
      <TestMethod codeBase="D:\actions-runner\_work\XPCO\XPCO\MetadataSearch\Plugin.Tests\bin\Debug\Plugin.Tests.dll" adapterTypeName="executor://mstestadapter/v2" className="VideoOS.MetadataSearch.Plugin.Tests.Data.MetadataFrameTests" name="GetMatchingObjects_ShouldReturnEmptyCollection_IfItContainsNoMatchingObjects" />
    </UnitTest>
    <UnitTest name="IsMatch_ShouldReturnFalse_WhenNoneOfThePredicatesIsMatched" storage="d:\actions-runner\_work\xpco\xpco\metadatasearch\plugin.tests\bin\debug\plugin.tests.dll" id="9249a644-df85-6985-2ed1-3f912cd56e59">
      <Execution id="5dabc345-e706-4972-b0cd-29ea520cf1bc" />
      <TestMethod codeBase="D:\actions-runner\_work\XPCO\XPCO\MetadataSearch\Plugin.Tests\bin\Debug\Plugin.Tests.dll" adapterTypeName="executor://mstestadapter/v2" className="VideoOS.MetadataSearch.Plugin.Tests.Search.Predicates.CompositeIntersectSearchPredicateTests" name="IsMatch_ShouldWorkCorrectly" />
    </UnitTest>
    <UnitTest name="Constructors_ShouldNotAllowInjectionOfNulls" storage="d:\actions-runner\_work\xpco\xpco\metadatasearch\plugin.tests\bin\debug\plugin.tests.dll" id="d04aa2de-baae-d86e-f0a1-20911f2062f5">
      <Execution id="dbd0585e-50ac-47a9-bef4-c4fb3113fd3d" />
      <TestMethod codeBase="D:\actions-runner\_work\XPCO\XPCO\MetadataSearch\Plugin.Tests\bin\Debug\Plugin.Tests.dll" adapterTypeName="executor://mstestadapter/v2" className="VideoOS.MetadataSearch.Plugin.Tests.Search.Predicates.PartialMatchSearchPredicateTests" name="Constructors_ShouldNotAllowInjectionOfNulls" />
    </UnitTest>
    <UnitTest name="Parse_ShouldNotFindMetadataFrameObjectProperties_WhenGivenConfigWithInvalidObjectRoot" storage="d:\actions-runner\_work\xpco\xpco\metadatasearch\plugin.tests\bin\debug\plugin.tests.dll" id="c570b34b-e51d-8b89-43e6-8631970d32ae">
      <Execution id="2a29702d-5e59-4acb-83ac-430d60159f9f" />
      <TestMethod codeBase="D:\actions-runner\_work\XPCO\XPCO\MetadataSearch\Plugin.Tests\bin\Debug\Plugin.Tests.dll" adapterTypeName="executor://mstestadapter/v2" className="VideoOS.MetadataSearch.Plugin.Tests.Data.DeviceProfileTests" name="Parse_ShouldNotFindMetadataFrameObjectProperties_WhenGivenConfigWithInvalidObjectRoot" />
    </UnitTest>
    <UnitTest name="DoSearch_ShouldFindCorrectPeopleSequenceGrouping_WhenAgePropertyIsPresent" storage="d:\actions-runner\_work\xpco\xpco\metadatasearch\plugin.tests\bin\debug\plugin.tests.dll" id="1aa1508b-28e5-149e-b5d8-a4a3199d0e66">
      <Execution id="67c1f6db-be71-494c-8718-68ad07a2c161" />
      <TestMethod codeBase="D:\actions-runner\_work\XPCO\XPCO\MetadataSearch\Plugin.Tests\bin\Debug\Plugin.Tests.dll" adapterTypeName="executor://mstestadapter/v2" className="VideoOS.MetadataSearch.Plugin.Tests.FunctionalTests.FullPluginTests" name="DoSearch_ShouldFindCorrectPeopleInSpecificAgeSequence" />
    </UnitTest>
    <UnitTest name="GetBoundingShapesAsync_ShouldReturnNull_WhenGivenFrameObjectWithNoBoundingShapes" storage="d:\actions-runner\_work\xpco\xpco\metadatasearch\plugin.tests\bin\debug\plugin.tests.dll" id="02f53f5d-cdf9-1de7-3874-5dd51d152c85">
      <Execution id="d579b297-032d-4b56-ac6b-0e480efa0cea" />
      <TestMethod codeBase="D:\actions-runner\_work\XPCO\XPCO\MetadataSearch\Plugin.Tests\bin\Debug\Plugin.Tests.dll" adapterTypeName="executor://mstestadapter/v2" className="VideoOS.MetadataSearch.Plugin.Tests.MetadataSearchResultDataTests" name="GetBoundingShapesAsync_ShouldReturnNull_WhenGivenFrameObjectWithNoBoundingShapes" />
    </UnitTest>
    <UnitTest name="Constructors_ShouldNotAllowInjectionOfNulls" storage="d:\actions-runner\_work\xpco\xpco\metadatasearch\plugin.tests\bin\debug\plugin.tests.dll" id="4b7aac72-14f7-a940-2faa-21a3faf7d26d">
      <Execution id="b718bfff-549e-404c-ab16-f687cd601c83" />
      <TestMethod codeBase="D:\actions-runner\_work\XPCO\XPCO\MetadataSearch\Plugin.Tests\bin\Debug\Plugin.Tests.dll" adapterTypeName="executor://mstestadapter/v2" className="VideoOS.MetadataSearch.Plugin.Search.FilterDefinitions.Tests.ListSelectionFilterDefinitionTests" name="Constructors_ShouldNotAllowInjectionOfNulls" />
    </UnitTest>
    <UnitTest name="IsMatch_ShouldReturnTrue_WhenProvidedPredicateSetIsEmpty" storage="d:\actions-runner\_work\xpco\xpco\metadatasearch\plugin.tests\bin\debug\plugin.tests.dll" id="f7aa2147-5554-d3fb-fab3-5dd7cafa21ae">
      <Execution id="94ba39d0-260b-4335-bb42-2046a713ee12" />
      <TestMethod codeBase="D:\actions-runner\_work\XPCO\XPCO\MetadataSearch\Plugin.Tests\bin\Debug\Plugin.Tests.dll" adapterTypeName="executor://mstestadapter/v2" className="VideoOS.MetadataSearch.Plugin.Tests.Search.Predicates.CompositeIntersectSearchPredicateTests" name="IsMatch_ShouldReturnTrue_WhenProvidedPredicateSetIsEmpty" />
    </UnitTest>
    <UnitTest name="IsMatch_ShouldReturnTrue_WhenAnyOfTheValuesAreInRange" storage="d:\actions-runner\_work\xpco\xpco\metadatasearch\plugin.tests\bin\debug\plugin.tests.dll" id="1a7083a0-9599-4acf-a742-89d847f8a235">
      <Execution id="7de18bca-b6ee-449e-a3bd-3d00fa5c4c5d" />
      <TestMethod codeBase="D:\actions-runner\_work\XPCO\XPCO\MetadataSearch\Plugin.Tests\bin\Debug\Plugin.Tests.dll" adapterTypeName="executor://mstestadapter/v2" className="VideoOS.MetadataSearch.Plugin.Tests.Search.Predicates.RangeSearchPredicateTests" name="IsMatch_ShouldWorkJustFine" />
    </UnitTest>
    <UnitTest name="IsMatch_ShouldCompareDistanceCorrectly_WhenGivenValidPropertyValues (55.211361,44.401012,-84.959958,-73.848847,44.400888,-73.849034,0.1,True)" storage="d:\actions-runner\_work\xpco\xpco\metadatasearch\plugin.tests\bin\debug\plugin.tests.dll" id="267d02d9-05c8-4da9-a5bc-ecd135ec8233">
      <Execution id="b3e748c6-7a1e-426a-b7bc-24c5032213ac" />
      <TestMethod codeBase="D:\actions-runner\_work\XPCO\XPCO\MetadataSearch\Plugin.Tests\bin\Debug\Plugin.Tests.dll" adapterTypeName="executor://mstestadapter/v2" className="VideoOS.MetadataSearch.Plugin.Tests.Search.Predicates.GeoCoordinatesPredicateTests" name="IsMatch_ShouldCompareDistanceCorrectly_WhenGivenValidPropertyValues" />
    </UnitTest>
    <UnitTest name="TryParseColor_ShouldReturn_CorrectResult (SomeNonColor,False)" storage="d:\actions-runner\_work\xpco\xpco\metadatasearch\plugin.tests\bin\debug\plugin.tests.dll" id="28b01a3a-706b-dde8-a699-edd417a1c862">
      <Execution id="76bf132a-c8bb-475f-8512-6c003fad7922" />
      <TestMethod codeBase="D:\actions-runner\_work\XPCO\XPCO\MetadataSearch\Plugin.Tests\bin\Debug\Plugin.Tests.dll" adapterTypeName="executor://mstestadapter/v2" className="VideoOS.MetadataSearch.Plugin.Tests.Search.ColorHandling.MilestoneColorParserTests" name="TryParseColor_ShouldReturn_CorrectResult" />
    </UnitTest>
    <UnitTest name="Constructors_ShouldNotAllowInjectionOfNulls" storage="d:\actions-runner\_work\xpco\xpco\metadatasearch\plugin.tests\bin\debug\plugin.tests.dll" id="60320f70-4a9f-70f1-7c28-e93af772c6f1">
      <Execution id="84cedb4c-abda-4552-b83a-38bc3deabc47" />
      <TestMethod codeBase="D:\actions-runner\_work\XPCO\XPCO\MetadataSearch\Plugin.Tests\bin\Debug\Plugin.Tests.dll" adapterTypeName="executor://mstestadapter/v2" className="VideoOS.MetadataSearch.Plugin.Tests.Search.Predicates.CompositeUnionSearchPredicateTests" name="Constructors_ShouldNotAllowInjectionOfNulls" />
    </UnitTest>
    <UnitTest name="GetValue_ShouldReturnAValue_WhenCalledWithKnownFilterIds (e07ef69f-f064-48fa-b2ea-2c0c6f1f19fc)" storage="d:\actions-runner\_work\xpco\xpco\metadatasearch\plugin.tests\bin\debug\plugin.tests.dll" id="d5d88cf7-59d6-0627-e03d-5fa28db84154">
      <Execution id="fe31b95c-ed49-413f-b7c2-e3645e49aba8" />
      <TestMethod codeBase="D:\actions-runner\_work\XPCO\XPCO\MetadataSearch\Plugin.Tests\bin\Debug\Plugin.Tests.dll" adapterTypeName="executor://mstestadapter/v2" className="VideoOS.MetadataSearch.Common.Tests.FiltersTests" name="GetValue_ShouldReturnAValue_WhenCalledWithKnownFilterIds" />
    </UnitTest>
    <UnitTest name="IsValid_ShouldBeFalse_WhenCreated" storage="d:\actions-runner\_work\xpco\xpco\metadatasearch\plugin.tests\bin\debug\plugin.tests.dll" id="d511afe6-6d49-375f-49ca-80d7ddc44f44">
      <Execution id="fa7ee4c2-4d3b-49ae-83f7-1eb58cab7b77" />
      <TestMethod codeBase="D:\actions-runner\_work\XPCO\XPCO\MetadataSearch\Plugin.Tests\bin\Debug\Plugin.Tests.dll" adapterTypeName="executor://mstestadapter/v2" className="VideoOS.MetadataSearch.Plugin.Search.Filters.Tests.GeoCoordinatesFilterValueTests" name="IsValid_ShouldBeFalse_WhenCreated" />
    </UnitTest>
    <UnitTest name="TryParseColor_ShouldReturn_CorrectResult (&lt;?xml version=&quot;1.0&quot;?&gt; &lt;tt:Color xmlns:tt=&quot;http://www.onvif.org/ver10/schema&quot; Z = &quot;169&quot; Y = &quot;169&quot; X = &quot;400&quot; Colorspace = &quot;YCbCr&quot; /&gt;,False)" storage="d:\actions-runner\_work\xpco\xpco\metadatasearch\plugin.tests\bin\debug\plugin.tests.dll" id="c6780686-1c61-1715-7689-c3e60389158d">
      <Execution id="023bc248-5f0a-4fa2-8e0d-66acb2589fd7" />
      <TestMethod codeBase="D:\actions-runner\_work\XPCO\XPCO\MetadataSearch\Plugin.Tests\bin\Debug\Plugin.Tests.dll" adapterTypeName="executor://mstestadapter/v2" className="VideoOS.MetadataSearch.Plugin.Tests.Search.ColorHandling.OnvifColorParserTests" name="TryParseColor_ShouldReturn_CorrectResult" />
    </UnitTest>
    <UnitTest name="CreateAgents_ShouldNotReturnPeople_WhenCategoryIsDisabled" storage="d:\actions-runner\_work\xpco\xpco\metadatasearch\plugin.tests\bin\debug\plugin.tests.dll" id="4f67632a-4e3f-54e2-bbbb-b46e8211d145">
      <Execution id="762faa8e-3ac0-4011-a069-111a320c9246" />
      <TestMethod codeBase="D:\actions-runner\_work\XPCO\XPCO\MetadataSearch\Plugin.Tests\bin\Debug\Plugin.Tests.dll" adapterTypeName="executor://mstestadapter/v2" className="VideoOS.MetadataSearch.Plugin.Tests.SearchAgent.SearchAgentFactoryTests" name="CreateAgents_ShouldNotReturnPeople_WhenCategoryIsDisabled" />
    </UnitTest>
    <UnitTest name="DoSearch_ShouldFindPeople_WhenHeightPropertyIsPresent" storage="d:\actions-runner\_work\xpco\xpco\metadatasearch\plugin.tests\bin\debug\plugin.tests.dll" id="ec446803-cb19-fae8-612f-032138cfb6cb">
      <Execution id="5ce7fe37-0cf9-4a94-9893-c90522e92e03" />
      <TestMethod codeBase="D:\actions-runner\_work\XPCO\XPCO\MetadataSearch\Plugin.Tests\bin\Debug\Plugin.Tests.dll" adapterTypeName="executor://mstestadapter/v2" className="VideoOS.MetadataSearch.Plugin.Tests.FunctionalTests.FullPluginTests" name="DoSearch_ShouldFindPeopleCategory" />
    </UnitTest>
    <UnitTest name="GetProperty_ShouldReturnValue_WhenPropertyExists (Foo,Bar)" storage="d:\actions-runner\_work\xpco\xpco\metadatasearch\plugin.tests\bin\debug\plugin.tests.dll" id="081f9a08-6053-6399-57df-5083103f0ed1">
      <Execution id="4e353496-1c09-4ae3-a277-066e99241fa8" />
      <TestMethod codeBase="D:\actions-runner\_work\XPCO\XPCO\MetadataSearch\Plugin.Tests\bin\Debug\Plugin.Tests.dll" adapterTypeName="executor://mstestadapter/v2" className="VideoOS.MetadataSearch.Plugin.Tests.Data.MetadataFrameObjectTests" name="GetProperty_ShouldReturnValue_WhenPropertyExists" />
    </UnitTest>
    <UnitTest name="EndTime_ShouldBeTheTimeStampOfLastObject" storage="d:\actions-runner\_work\xpco\xpco\metadatasearch\plugin.tests\bin\debug\plugin.tests.dll" id="f4b9b371-0f1d-68d9-e3fb-5bd02fbeac79">
      <Execution id="0b6f9179-ba97-4789-bd7a-f7cfdb3eccc0" />
      <TestMethod codeBase="D:\actions-runner\_work\XPCO\XPCO\MetadataSearch\Plugin.Tests\bin\Debug\Plugin.Tests.dll" adapterTypeName="executor://mstestadapter/v2" className="VideoOS.MetadataSearch.Plugin.Tests.FunctionalTests.ObjectSequenceTests" name="EndTime_ShouldBeTheTimeStampOfLastObject" />
    </UnitTest>
    <UnitTest name="GetFilterValues_ShouldReturnEmptyEnumeration_WhenValueIsNull" storage="d:\actions-runner\_work\xpco\xpco\metadatasearch\plugin.tests\bin\debug\plugin.tests.dll" id="715f99b4-c869-387c-2b86-3b537d7fcdc6">
      <Execution id="0ac90945-a60b-45d1-80fe-7f21995a1775" />
      <TestMethod codeBase="D:\actions-runner\_work\XPCO\XPCO\MetadataSearch\Plugin.Tests\bin\Debug\Plugin.Tests.dll" adapterTypeName="executor://mstestadapter/v2" className="VideoOS.MetadataSearch.Plugin.Search.FilterValueProviders.Tests.LicensePlateValueProviderTests" name="GetFilterValues_ShouldReturnEmptyEnumeration_WhenValueIsNull" />
    </UnitTest>
    <UnitTest name="Constructors_ShouldNotAllowInjectionOfNulls" storage="d:\actions-runner\_work\xpco\xpco\metadatasearch\plugin.tests\bin\debug\plugin.tests.dll" id="18aa6cde-18fc-4518-3423-4b806131fd5b">
      <Execution id="298d36ed-6823-4115-aa97-b8163b495405" />
      <TestMethod codeBase="D:\actions-runner\_work\XPCO\XPCO\MetadataSearch\Plugin.Tests\bin\Debug\Plugin.Tests.dll" adapterTypeName="executor://mstestadapter/v2" className="VideoOS.MetadataSearch.Plugin.Tests.Search.Predicates.FullMatchSearchPredicateTests" name="Constructors_ShouldNotAllowInjectionOfNulls" />
    </UnitTest>
    <UnitTest name="GetBuiltInVehicleFilters_ShouldIncludeColor_WhenColorFilterIsVisible" storage="d:\actions-runner\_work\xpco\xpco\metadatasearch\plugin.tests\bin\debug\plugin.tests.dll" id="8c94c5b6-fb6c-7a45-ee15-4616938c4c84">
      <Execution id="89b65b79-97db-449a-9f50-2ea69b086724" />
      <TestMethod codeBase="D:\actions-runner\_work\XPCO\XPCO\MetadataSearch\Plugin.Tests\bin\Debug\Plugin.Tests.dll" adapterTypeName="executor://mstestadapter/v2" className="VideoOS.MetadataSearch.Plugin.Configuration.Tests.MetadataCategoryTests" name="GetBuiltInVehicleFilters_ShouldIncludeColor_WhenColorFilterIsVisible" />
    </UnitTest>
    <UnitTest name="GetFilterValues_ShouldReturnEmptyEnumeration_WhenValueIsNull" storage="d:\actions-runner\_work\xpco\xpco\metadatasearch\plugin.tests\bin\debug\plugin.tests.dll" id="46056992-99e2-330a-1f60-3d45cd3bc2e6">
      <Execution id="99fedbf0-cda3-4cdf-bf44-c69b377c8383" />
      <TestMethod codeBase="D:\actions-runner\_work\XPCO\XPCO\MetadataSearch\Plugin.Tests\bin\Debug\Plugin.Tests.dll" adapterTypeName="executor://mstestadapter/v2" className="VideoOS.MetadataSearch.Plugin.Search.FilterValueProviders.Tests.GenderValueProviderTests" name="GetFilterValues_ShouldReturnEmptyEnumeration_WhenValueIsNull" />
    </UnitTest>
    <UnitTest name="FilterObjects_ShouldReturnGroupedResult_WhenGivenConsecutiveFramesWithObjects" storage="d:\actions-runner\_work\xpco\xpco\metadatasearch\plugin.tests\bin\debug\plugin.tests.dll" id="118175ae-7bae-7040-c3f4-c9ec7f8f4e4d">
      <Execution id="fbcc9d8c-77e9-4f16-a2c4-bfacf8cb1162" />
      <TestMethod codeBase="D:\actions-runner\_work\XPCO\XPCO\MetadataSearch\Plugin.Tests\bin\Debug\Plugin.Tests.dll" adapterTypeName="executor://mstestadapter/v2" className="VideoOS.MetadataSearch.Plugin.Tests.MetadataSearchEngineTests" name="FilterObjects_ShouldReturnGroupedResult_WhenGivenConsecutiveFramesWithObjects" />
    </UnitTest>
    <UnitTest name="With no results" storage="d:\actions-runner\_work\xpco\xpco\metadatasearch\plugin.tests\bin\debug\plugin.tests.dll" id="ba0ae2f6-3f07-8af4-bb67-ddd2feeb73bd">
      <Execution id="d9a76a70-ee26-43ab-b9ea-24a5783f9ad2" />
      <TestMethod codeBase="D:\actions-runner\_work\XPCO\XPCO\MetadataSearch\Plugin.Tests\bin\Debug\Plugin.Tests.dll" adapterTypeName="executor://mstestadapter/v2" className="VideoOS.MetadataSearch.Plugin.Tests.MetadataSearchDefinitionTests" name="DoSearch_ShouldFireEvents_WhenFindingCorrectSearchResults" />
    </UnitTest>
    <UnitTest name="Constructors_ShouldNotAllowInjectionOfNulls" storage="d:\actions-runner\_work\xpco\xpco\metadatasearch\plugin.tests\bin\debug\plugin.tests.dll" id="9d6481ea-4f00-a1b9-12b6-4537a285077c">
      <Execution id="a2881b3a-0d01-46bb-9bce-262f92c9a930" />
      <TestMethod codeBase="D:\actions-runner\_work\XPCO\XPCO\MetadataSearch\Plugin.Tests\bin\Debug\Plugin.Tests.dll" adapterTypeName="executor://mstestadapter/v2" className="VideoOS.MetadataSearch.Plugin.Configuration.Tests.MetadataSearchConfigurationTests" name="Constructors_ShouldNotAllowInjectionOfNulls" />
    </UnitTest>
    <UnitTest name="TryParseColor_ShouldReturn_CorrectResult (&lt;?xml version=&quot;1.0&quot;?&gt; &lt;tt:Color xmlns:tt=&quot;http://www.onvif.org/ver10/schema&quot; Z = &quot;169&quot; Y = &quot;169&quot; X = &quot;169&quot; Colorspace = &quot;SomeRandomColorSpace&quot; /&gt;,False)" storage="d:\actions-runner\_work\xpco\xpco\metadatasearch\plugin.tests\bin\debug\plugin.tests.dll" id="1f38bd57-035e-1e74-9518-5bce9e6a0126">
      <Execution id="31878092-8d32-4cd0-9830-ee6bb930e39e" />
      <TestMethod codeBase="D:\actions-runner\_work\XPCO\XPCO\MetadataSearch\Plugin.Tests\bin\Debug\Plugin.Tests.dll" adapterTypeName="executor://mstestadapter/v2" className="VideoOS.MetadataSearch.Plugin.Tests.Search.ColorHandling.OnvifColorParserTests" name="TryParseColor_ShouldReturn_CorrectResult" />
    </UnitTest>
    <UnitTest name="Constructors_ShouldNotAllowInjectionOfNulls" storage="d:\actions-runner\_work\xpco\xpco\metadatasearch\plugin.tests\bin\debug\plugin.tests.dll" id="6e7ac689-cb41-501a-56e5-e412d3681949">
      <Execution id="9c8d4755-9e17-4f1e-ada6-cc78406c9e06" />
      <TestMethod codeBase="D:\actions-runner\_work\XPCO\XPCO\MetadataSearch\Plugin.Tests\bin\Debug\Plugin.Tests.dll" adapterTypeName="executor://mstestadapter/v2" className="VideoOS.MetadataSearch.Plugin.Tests.LoginPlugin.ConfigurationManagerTests" name="Constructors_ShouldNotAllowInjectionOfNulls" />
    </UnitTest>
    <UnitTest name="IsSet_ShouldBeTrue_WhenValueIsValid" storage="d:\actions-runner\_work\xpco\xpco\metadatasearch\plugin.tests\bin\debug\plugin.tests.dll" id="79964680-7b27-ee1a-edaf-5448c3abcf5b">
      <Execution id="e26046e0-69cc-43eb-89e4-e1ae9e05f8f7" />
      <TestMethod codeBase="D:\actions-runner\_work\XPCO\XPCO\MetadataSearch\Plugin.Tests\bin\Debug\Plugin.Tests.dll" adapterTypeName="executor://mstestadapter/v2" className="VideoOS.MetadataSearch.Plugin.Search.FilterDefinitions.Tests.GeoCoordinatesFilterDefinitionTests" name="IsSet_ShouldBeTrue_WhenValueIsValid" />
    </UnitTest>
    <UnitTest name="CreateAgents_ShouldNotShowCategory_WhenNotSpecifiedInConfiguration" storage="d:\actions-runner\_work\xpco\xpco\metadatasearch\plugin.tests\bin\debug\plugin.tests.dll" id="127108ad-a23a-01af-0f57-d0e23c2fc6ee">
      <Execution id="9f29a25a-0f58-4f6b-aa9b-cf0abf979a1f" />
      <TestMethod codeBase="D:\actions-runner\_work\XPCO\XPCO\MetadataSearch\Plugin.Tests\bin\Debug\Plugin.Tests.dll" adapterTypeName="executor://mstestadapter/v2" className="VideoOS.MetadataSearch.Plugin.Tests.SearchAgent.SearchAgentFactoryTests" name="CreateAgents_ShouldNotShowCategory_WhenNotSpecifiedInConfiguration" />
    </UnitTest>
    <UnitTest name="DoSearch_ShouldFindVehicle_WhenSpeedPropertyIsPresent" storage="d:\actions-runner\_work\xpco\xpco\metadatasearch\plugin.tests\bin\debug\plugin.tests.dll" id="fcbb423c-ed06-b4d7-14bd-d38414b9f6f4">
      <Execution id="015dea56-0e35-438f-9ea7-69c275b3dd0c" />
      <TestMethod codeBase="D:\actions-runner\_work\XPCO\XPCO\MetadataSearch\Plugin.Tests\bin\Debug\Plugin.Tests.dll" adapterTypeName="executor://mstestadapter/v2" className="VideoOS.MetadataSearch.Plugin.Tests.FunctionalTests.FullPluginTests" name="DoSearch_ShouldFindVehicleCategory" />
    </UnitTest>
    <UnitTest name="GetBuiltInPersonFilters_ShouldReturnNone_WhenFiltersAreDisabled" storage="d:\actions-runner\_work\xpco\xpco\metadatasearch\plugin.tests\bin\debug\plugin.tests.dll" id="5024eb4a-19e1-7911-199c-b491c15e76d4">
      <Execution id="1358c6f1-21e4-47cc-abbd-6cc0495e53ea" />
      <TestMethod codeBase="D:\actions-runner\_work\XPCO\XPCO\MetadataSearch\Plugin.Tests\bin\Debug\Plugin.Tests.dll" adapterTypeName="executor://mstestadapter/v2" className="VideoOS.MetadataSearch.Plugin.Configuration.Tests.MetadataCategoryTests" name="GetBuiltInPersonFilters_ShouldReturnNone_WhenFiltersAreDisabled" />
    </UnitTest>
    <UnitTest name="GetValue_ShouldReturnAValue_WhenCalledWithKnownCategoryIds (de799eaa-7564-4882-8e86-b0fa85919559)" storage="d:\actions-runner\_work\xpco\xpco\metadatasearch\plugin.tests\bin\debug\plugin.tests.dll" id="0a5e01e2-9d0f-c7b5-ebf8-fbb00b3697b9">
      <Execution id="5e748ec9-7840-4ddd-953e-8b2f0e77e83c" />
      <TestMethod codeBase="D:\actions-runner\_work\XPCO\XPCO\MetadataSearch\Plugin.Tests\bin\Debug\Plugin.Tests.dll" adapterTypeName="executor://mstestadapter/v2" className="VideoOS.MetadataSearch.Common.Tests.CategoriesTests" name="GetValue_ShouldReturnAValue_WhenCalledWithKnownCategoryIds" />
    </UnitTest>
    <UnitTest name="IsMatch_ShouldReturnFalse_WhenObjectElementHasNoProperty" storage="d:\actions-runner\_work\xpco\xpco\metadatasearch\plugin.tests\bin\debug\plugin.tests.dll" id="4717940b-70e7-af53-87ae-1477ce157ab3">
      <Execution id="8a50051f-def8-4cd3-a8d6-ddc78c7f71a3" />
      <TestMethod codeBase="D:\actions-runner\_work\XPCO\XPCO\MetadataSearch\Plugin.Tests\bin\Debug\Plugin.Tests.dll" adapterTypeName="executor://mstestadapter/v2" className="VideoOS.MetadataSearch.Plugin.Tests.Search.Predicates.FullMatchSearchPredicateTests" name="IsMatch_ShouldWorkJustFine" />
    </UnitTest>
    <UnitTest name="ProcessNewFrame_ShouldGroupObjectsAsSequence" storage="d:\actions-runner\_work\xpco\xpco\metadatasearch\plugin.tests\bin\debug\plugin.tests.dll" id="fd38c7b1-c83c-db8b-eabd-1021787b943a">
      <Execution id="0ba6a64d-9b53-432e-a63b-51de0bddc119" />
      <TestMethod codeBase="D:\actions-runner\_work\XPCO\XPCO\MetadataSearch\Plugin.Tests\bin\Debug\Plugin.Tests.dll" adapterTypeName="executor://mstestadapter/v2" className="VideoOS.MetadataSearch.Plugin.Tests.Search.SequenceBuilderTests" name="ProcessNewFrame_ShouldGroupObjectsAsSequence" />
    </UnitTest>
    <UnitTest name="GetBoundingPolygon_ShouldClipPolygons_WhenGivenCoordinatesThatFallOutsideRange (System.Double[])" storage="d:\actions-runner\_work\xpco\xpco\metadatasearch\plugin.tests\bin\debug\plugin.tests.dll" id="dd40257d-2bab-f5c0-7a32-ca7122b04e5d">
      <Execution id="15a97429-18e7-4ad0-aae9-00bd503f66e4" />
      <TestMethod codeBase="D:\actions-runner\_work\XPCO\XPCO\MetadataSearch\Plugin.Tests\bin\Debug\Plugin.Tests.dll" adapterTypeName="executor://mstestadapter/v2" className="VideoOS.MetadataSearch.Plugin.Tests.MetadataBoundingShapeTests" name="GetBoundingPolygon_ShouldClipPolygons_WhenGivenCoordinatesThatFallOutsideRange" />
    </UnitTest>
  </TestDefinitions>
  <TestEntries>
    <TestEntry testId="2e3bd7fd-edea-fa2f-1e47-cb4acde20649" executionId="2d454bf7-f82b-4aa4-a4d8-fb3d4d48694b" testListId="8c84fa94-04c1-424b-9868-57a2d4851a1d" />
    <TestEntry testId="b929885d-21cf-5047-5a72-9591e713803c" executionId="bce5597b-6d47-42a1-b2d9-c30e03c450eb" testListId="8c84fa94-04c1-424b-9868-57a2d4851a1d" />
    <TestEntry testId="efd3ecff-7860-677d-ee0a-05f7d0dd6e15" executionId="a7f5cf3d-7d8b-4974-ab72-a2f1ba10575c" testListId="8c84fa94-04c1-424b-9868-57a2d4851a1d" />
    <TestEntry testId="f394434a-220f-bf7d-5d5b-299ea39adc6a" executionId="0daa5813-c68c-4c05-a24e-eeb9fed15e0e" testListId="8c84fa94-04c1-424b-9868-57a2d4851a1d" />
    <TestEntry testId="a50f5d16-337a-357a-0781-682166a9c3a4" executionId="ce7c4621-5f3f-4a74-a2dc-6503a2845ae5" testListId="8c84fa94-04c1-424b-9868-57a2d4851a1d" />
    <TestEntry testId="0f1de36e-d4d0-1d46-2d17-139a941ec6fd" executionId="1cce2c34-ca2f-45b0-b121-ddd21bb8bff5" testListId="8c84fa94-04c1-424b-9868-57a2d4851a1d" />
    <TestEntry testId="0b71c0e3-a86d-bb75-3905-c8d1b5aeb91a" executionId="75b6dea1-4839-4b97-8b30-e9df8d8474fa" testListId="8c84fa94-04c1-424b-9868-57a2d4851a1d" />
    <TestEntry testId="fa250182-9873-e1c4-5d09-117e7d101da5" executionId="3e9964d9-1621-493b-9f6d-97ec17326b50" testListId="8c84fa94-04c1-424b-9868-57a2d4851a1d" />
    <TestEntry testId="ec31edd8-efda-9e8e-45c9-3573e057a69c" executionId="b9129717-39a3-41fa-9075-92fd94b5a27b" testListId="8c84fa94-04c1-424b-9868-57a2d4851a1d" />
    <TestEntry testId="5dd3de1a-edfb-d8fd-bf35-2bfaa455e028" executionId="83d83c98-c595-40aa-8c18-60b6c0374dbe" testListId="8c84fa94-04c1-424b-9868-57a2d4851a1d" />
    <TestEntry testId="85dfb615-5a2b-c9e8-954a-1ca3cda0ed50" executionId="41afad20-0a49-41b6-beec-78a7e850712b" testListId="8c84fa94-04c1-424b-9868-57a2d4851a1d" />
    <TestEntry testId="f7aa2147-5554-d3fb-fab3-5dd7cafa21ae" executionId="94ba39d0-260b-4335-bb42-2046a713ee12" testListId="8c84fa94-04c1-424b-9868-57a2d4851a1d" />
    <TestEntry testId="ba0f9304-7ca7-2370-1639-f2cf0cd868b8" executionId="257b9b32-efb8-4b8e-806b-767497a2bcde" testListId="8c84fa94-04c1-424b-9868-57a2d4851a1d" />
    <TestEntry testId="6bce575e-8f07-a06a-d4e9-7baf381097ed" executionId="62c23524-b8db-4a48-a475-3654b5f26be2" testListId="8c84fa94-04c1-424b-9868-57a2d4851a1d" />
    <TestEntry testId="7325018e-56fb-f385-2d1a-ff4306c3d376" executionId="9c293a8e-fc0c-44e7-9e16-271d3b13fab5" testListId="8c84fa94-04c1-424b-9868-57a2d4851a1d" />
    <TestEntry testId="fe163e62-ffab-5521-2098-76fd9b17d8bd" executionId="fc95014d-18d6-48fd-8169-19f88028116a" testListId="8c84fa94-04c1-424b-9868-57a2d4851a1d" />
    <TestEntry testId="081f9a08-6053-6399-57df-5083103f0ed1" executionId="4e353496-1c09-4ae3-a277-066e99241fa8" testListId="8c84fa94-04c1-424b-9868-57a2d4851a1d" />
    <TestEntry testId="db53a8e9-007c-687c-dd4d-36e806275ba8" executionId="a2716b86-9482-4bc8-9983-4dbec76b9993" testListId="8c84fa94-04c1-424b-9868-57a2d4851a1d" />
    <TestEntry testId="a0fecfc4-55af-bb90-a20d-49a14375d376" executionId="b1e9a1ae-fabf-45da-88f6-d9bf32417559" testListId="8c84fa94-04c1-424b-9868-57a2d4851a1d" />
    <TestEntry testId="27c656ed-af7a-6dcb-a54c-8684fabb981f" executionId="67b22ab5-41d5-46e0-8c64-4de6ea4b9159" testListId="8c84fa94-04c1-424b-9868-57a2d4851a1d" />
    <TestEntry testId="4ad0f67f-332b-bbe3-a5c7-2a02d9b7e9fc" executionId="c409abf4-0bed-4fca-8ba8-03a3a4d36da4" testListId="8c84fa94-04c1-424b-9868-57a2d4851a1d" />
    <TestEntry testId="f2977152-27e1-99c2-0ed4-b1108eb41ea8" executionId="885b4048-fa8c-4f86-a2a0-cc788325db5c" testListId="8c84fa94-04c1-424b-9868-57a2d4851a1d" />
    <TestEntry testId="05c53389-de63-4c38-3cc1-2c1bee04f6df" executionId="eba33841-a373-4629-82e6-1e621f28e728" testListId="8c84fa94-04c1-424b-9868-57a2d4851a1d" />
    <TestEntry testId="5fd39ef6-9234-df81-0f71-277429bc7c32" executionId="5a836d25-f855-4466-9bed-8d5727457492" testListId="8c84fa94-04c1-424b-9868-57a2d4851a1d" />
    <TestEntry testId="05a0b56b-824a-235d-7575-9dc9bb5e2ed7" executionId="8e29b578-c7d1-43bd-b62f-41f5e386b8f2" testListId="8c84fa94-04c1-424b-9868-57a2d4851a1d" />
    <TestEntry testId="59cd6aa8-5529-82a6-681d-5b634e1a1c2b" executionId="d3b0c584-12a0-4f78-a5ba-38df50617976" testListId="8c84fa94-04c1-424b-9868-57a2d4851a1d" />
    <TestEntry testId="fc92dcdb-aa20-edf8-3be9-ce9746fdc4a5" executionId="bbc0b61b-c457-47aa-bc27-2746ae96325a" testListId="8c84fa94-04c1-424b-9868-57a2d4851a1d" />
    <TestEntry testId="b84f0c41-67d3-2b8c-1b37-48680bcaa3f1" executionId="3ca8293f-4749-46f4-ae11-51c48cc34f38" testListId="8c84fa94-04c1-424b-9868-57a2d4851a1d" />
    <TestEntry testId="a96913c2-5c94-25aa-aa92-a4b494985e51" executionId="aabf5b64-e7e0-4a39-b86e-42b88ab78c67" testListId="8c84fa94-04c1-424b-9868-57a2d4851a1d" />
    <TestEntry testId="718bfcb4-43b7-ecd7-3287-19035bc44f45" executionId="373aa0b7-6706-4d52-9363-aa596ed506ea" testListId="8c84fa94-04c1-424b-9868-57a2d4851a1d" />
    <TestEntry testId="36f65028-a17e-012e-79af-b69bd9d0ea50" executionId="73d05764-d4b4-4510-9cec-2cc44c7acf68" testListId="8c84fa94-04c1-424b-9868-57a2d4851a1d" />
    <TestEntry testId="6ba255de-dbf0-eb3f-02fb-2c64c42b1682" executionId="858123d8-c13a-432f-9a8b-42caee36373b" testListId="8c84fa94-04c1-424b-9868-57a2d4851a1d" />
    <TestEntry testId="10bc45ca-5f3a-22e8-73e5-0f5118bba111" executionId="67273441-12b0-4505-8d15-12560778bab9" testListId="8c84fa94-04c1-424b-9868-57a2d4851a1d" />
    <TestEntry testId="f9f3012a-eb0a-d94a-26f7-f14f0af44576" executionId="46591020-774c-424d-80d7-68f75f7e8a21" testListId="8c84fa94-04c1-424b-9868-57a2d4851a1d" />
    <TestEntry testId="f839b0cd-3a0c-4f3b-f356-c2c389932835" executionId="88855bff-969d-4b64-99fa-e2a8a2dc9ed1" testListId="8c84fa94-04c1-424b-9868-57a2d4851a1d" />
    <TestEntry testId="79964680-7b27-ee1a-edaf-5448c3abcf5b" executionId="e26046e0-69cc-43eb-89e4-e1ae9e05f8f7" testListId="8c84fa94-04c1-424b-9868-57a2d4851a1d" />
    <TestEntry testId="fa9a6086-20f9-011d-55f0-761280e00db8" executionId="f653c4a6-5bc8-4ea7-9b4f-193574f553ba" testListId="8c84fa94-04c1-424b-9868-57a2d4851a1d" />
    <TestEntry testId="87cc0ff4-d648-edd4-cbb7-3dc53c271bbb" executionId="a2add487-6086-4618-85d3-01c49b214c7e" testListId="8c84fa94-04c1-424b-9868-57a2d4851a1d" />
    <TestEntry testId="a2d0f19c-1f20-39e9-8df1-851eaee0c877" executionId="1d1fb014-345d-468c-bb82-155eee8fc8c9" testListId="8c84fa94-04c1-424b-9868-57a2d4851a1d" />
    <TestEntry testId="bf0c1894-6f4d-81b2-526e-1928d7391f12" executionId="88c22e5a-44d3-44a1-819d-b7f6daf748c5" testListId="8c84fa94-04c1-424b-9868-57a2d4851a1d" />
    <TestEntry testId="3d846fdd-cac0-f6b0-bd5c-acbce67091e3" executionId="f3a0902b-650e-415b-982b-b708c807ac40" testListId="8c84fa94-04c1-424b-9868-57a2d4851a1d" />
    <TestEntry testId="ebe2eab7-197f-2527-3878-ceffe8948ed4" executionId="f3d2d80d-1a93-4e47-a7c0-f56c397c7daa" testListId="8c84fa94-04c1-424b-9868-57a2d4851a1d" />
    <TestEntry testId="a1b74b0b-009e-e0a3-33bb-93ec2d1ed879" executionId="6f31cf16-2535-4026-bd51-fbd46d953b59" testListId="8c84fa94-04c1-424b-9868-57a2d4851a1d" />
    <TestEntry testId="628d6dc9-f203-b82c-a7dd-e7b1ec243513" executionId="4f0ef8ae-9c89-41db-9532-13d216ece7b1" testListId="8c84fa94-04c1-424b-9868-57a2d4851a1d" />
    <TestEntry testId="2b8047c1-d301-a5ca-65e6-92f6b8de82c4" executionId="af8167a4-0eb3-4b50-8bf7-8b05ca47d966" testListId="8c84fa94-04c1-424b-9868-57a2d4851a1d" />
    <TestEntry testId="eea25713-cebe-4a9c-36f2-1d260048678f" executionId="f0a2a755-e2bf-4c4f-8c25-abe7eaf5a592" testListId="8c84fa94-04c1-424b-9868-57a2d4851a1d" />
    <TestEntry testId="4b7aac72-14f7-a940-2faa-21a3faf7d26d" executionId="b718bfff-549e-404c-ab16-f687cd601c83" testListId="8c84fa94-04c1-424b-9868-57a2d4851a1d" />
    <TestEntry testId="45918056-178b-bae7-e87d-d8a65e50daaf" executionId="713e0c82-b122-458e-a709-8dcc0c0374ad" testListId="8c84fa94-04c1-424b-9868-57a2d4851a1d" />
    <TestEntry testId="06458756-5b0f-8871-2aee-d4f934cd1724" executionId="b6811e1e-b19b-4034-84c9-324c84ec4326" testListId="8c84fa94-04c1-424b-9868-57a2d4851a1d" />
    <TestEntry testId="74ddc7c3-02ad-d786-3e81-678bef6c5666" executionId="05c9bf3c-9ebe-43e6-af95-61a21ca454cc" testListId="8c84fa94-04c1-424b-9868-57a2d4851a1d" />
    <TestEntry testId="9bf617e2-5acb-b3f1-22d6-cb663ae2d525" executionId="23748bfe-cb10-40a4-b315-133d5e9d39dc" testListId="8c84fa94-04c1-424b-9868-57a2d4851a1d" />
    <TestEntry testId="1198cd49-d17f-f7fe-663c-17c2d2fa73bb" executionId="bf2605e2-1c2b-4a3e-883a-33d12513da85" testListId="8c84fa94-04c1-424b-9868-57a2d4851a1d" />
    <TestEntry testId="46c75eb8-fd65-ecab-1ed7-a7d0d0575fbb" executionId="353e7c85-4dac-4248-aded-9de459573eb6" testListId="8c84fa94-04c1-424b-9868-57a2d4851a1d" />
    <TestEntry testId="8c94c5b6-fb6c-7a45-ee15-4616938c4c84" executionId="89b65b79-97db-449a-9f50-2ea69b086724" testListId="8c84fa94-04c1-424b-9868-57a2d4851a1d" />
    <TestEntry testId="ca3ad786-fc2b-5e0b-f471-5c443b2905f9" executionId="382a252b-b6d7-438b-8fa7-f610d132cb4d" testListId="8c84fa94-04c1-424b-9868-57a2d4851a1d" />
    <TestEntry testId="45834d49-53e1-d4c2-01f8-62e2b8637be2" executionId="9b730f30-dbd1-4202-a35e-43d950b1ba70" testListId="8c84fa94-04c1-424b-9868-57a2d4851a1d" />
    <TestEntry testId="c4674444-4d27-381d-2d13-af16095b495c" executionId="8d049b24-4e45-4816-bef3-3646031766a4" testListId="8c84fa94-04c1-424b-9868-57a2d4851a1d" />
    <TestEntry testId="72c72434-2456-838e-2559-d67e1d9e9594" executionId="d1c93f89-955c-4f5a-aeea-b8cba43da20c" testListId="8c84fa94-04c1-424b-9868-57a2d4851a1d" />
    <TestEntry testId="85427ad8-31e0-c3b9-0e23-976f97093aa1" executionId="a7c69f5f-fa11-4ffd-ae2e-c163c550b95d" testListId="8c84fa94-04c1-424b-9868-57a2d4851a1d" />
    <TestEntry testId="7a8a5ded-cb87-18f8-4f57-cf67880a1526" executionId="0ee05f0e-2f5b-4d71-9893-aedeb2baebec" testListId="8c84fa94-04c1-424b-9868-57a2d4851a1d" />
    <TestEntry testId="58184755-b208-0d97-c83b-7bc984073520" executionId="dde52e55-3245-4f54-a01e-c6e35d111c31" testListId="8c84fa94-04c1-424b-9868-57a2d4851a1d" />
    <TestEntry testId="7f95389e-5d08-9393-a9f4-f26437af2aaf" executionId="8373ad27-b6b0-4ae1-8eab-7ab3e9f91dfd" testListId="8c84fa94-04c1-424b-9868-57a2d4851a1d" />
    <TestEntry testId="6b102470-5fe0-736b-da07-26881a2f19de" executionId="9d7a28f1-3a23-4794-b596-d11e43606927" testListId="8c84fa94-04c1-424b-9868-57a2d4851a1d" />
    <TestEntry testId="d5d88cf7-59d6-0627-e03d-5fa28db84154" executionId="fe31b95c-ed49-413f-b7c2-e3645e49aba8" testListId="8c84fa94-04c1-424b-9868-57a2d4851a1d" />
    <TestEntry testId="2fa26119-f0d4-f02f-aad4-4159385bd8d6" executionId="4c54514b-13c0-4c47-87d0-e0201f541c95" testListId="8c84fa94-04c1-424b-9868-57a2d4851a1d" />
    <TestEntry testId="dd40257d-2bab-f5c0-7a32-ca7122b04e5d" executionId="15a97429-18e7-4ad0-aae9-00bd503f66e4" testListId="8c84fa94-04c1-424b-9868-57a2d4851a1d" />
    <TestEntry testId="9d12b1c9-082e-453c-ce1a-ef9a889a54e6" executionId="93974047-f913-4394-9c54-f7728ced9998" testListId="8c84fa94-04c1-424b-9868-57a2d4851a1d" />
    <TestEntry testId="60320f70-4a9f-70f1-7c28-e93af772c6f1" executionId="84cedb4c-abda-4552-b83a-38bc3deabc47" testListId="8c84fa94-04c1-424b-9868-57a2d4851a1d" />
    <TestEntry testId="31f6c340-8f74-bf05-8d87-89447c5395e8" executionId="aebc40f5-f9df-4d1e-806f-afb9a22a3cc3" testListId="8c84fa94-04c1-424b-9868-57a2d4851a1d" />
    <TestEntry testId="50a0983d-6292-84b3-28a0-0abe5c4262ea" executionId="f8e2803d-9c8d-4df5-bcd6-83826dec29a2" testListId="8c84fa94-04c1-424b-9868-57a2d4851a1d" />
    <TestEntry testId="693f356a-9e20-f5a7-48b2-6e45b1e254de" executionId="7c3a6cd0-b65d-49e0-b65e-785e589d0c57" testListId="8c84fa94-04c1-424b-9868-57a2d4851a1d" />
    <TestEntry testId="5e2b3fca-2ca1-d90c-02a1-154ec6ad9626" executionId="d50d4d18-38f7-4953-abab-2b685dbbce8d" testListId="8c84fa94-04c1-424b-9868-57a2d4851a1d" />
    <TestEntry testId="2a169332-c89e-b0ad-5290-2cc42d47ba08" executionId="cf016532-9a2a-4dec-b66d-1d47d9518b40" testListId="8c84fa94-04c1-424b-9868-57a2d4851a1d" />
    <TestEntry testId="7f6a0ab9-500f-44ab-cca2-a1538b8ddd70" executionId="8f5f34bb-368f-4d43-bdaa-a7394c850168" testListId="8c84fa94-04c1-424b-9868-57a2d4851a1d" />
    <TestEntry testId="3c71a71a-64e9-0c40-7c68-aae717f8ecc4" executionId="8ec928f6-b4a3-495b-a003-69ccbcf315a2" testListId="8c84fa94-04c1-424b-9868-57a2d4851a1d" />
    <TestEntry testId="2ad18b2a-145c-930c-a74b-77d486e1e107" executionId="38fa18b0-c794-48d2-be6d-13429e304d60" testListId="8c84fa94-04c1-424b-9868-57a2d4851a1d" />
    <TestEntry testId="46056992-99e2-330a-1f60-3d45cd3bc2e6" executionId="99fedbf0-cda3-4cdf-bf44-c69b377c8383" testListId="8c84fa94-04c1-424b-9868-57a2d4851a1d" />
    <TestEntry testId="46ca0726-a369-f193-6fc9-9d395c0e1a5f" executionId="c87f46c7-f91b-49a8-9e6a-3f587e3868a4" testListId="8c84fa94-04c1-424b-9868-57a2d4851a1d" />
    <TestEntry testId="d36eae41-8262-e7e1-541f-b2641f83204d" executionId="d219679e-e35c-4158-ab28-239f46a9ef79" testListId="8c84fa94-04c1-424b-9868-57a2d4851a1d" />
    <TestEntry testId="6f1935e6-71e3-6bf5-f235-e04c973cfbb6" executionId="32277bf3-c931-455e-9780-58534fd00828" testListId="8c84fa94-04c1-424b-9868-57a2d4851a1d" />
    <TestEntry testId="cf4dde5a-6cbd-8ba1-e980-ad5342d492f2" executionId="616efa8c-98f2-4b81-94c9-b807ea9dd986" testListId="8c84fa94-04c1-424b-9868-57a2d4851a1d" />
    <TestEntry testId="df00f2a2-8dd6-7f1c-e1c7-cdfd2a7aa321" executionId="9f5f4313-f499-408d-a9bd-c3d16820f1bd" testListId="8c84fa94-04c1-424b-9868-57a2d4851a1d" />
    <TestEntry testId="49098cf6-4b99-a929-7a99-e90252e62938" executionId="63207d87-0209-4811-a07c-5204e394577a" testListId="8c84fa94-04c1-424b-9868-57a2d4851a1d" />
    <TestEntry testId="39fef2cd-ac5e-2add-56e7-48f1bbc6f043" executionId="1528b283-00c3-42ed-8eab-bff9c7d26704" testListId="8c84fa94-04c1-424b-9868-57a2d4851a1d" />
    <TestEntry testId="35e5231a-f380-9de4-2b13-d1fef7d2d8b2" executionId="03cee08e-56d6-477a-a4cd-baafda497048" testListId="8c84fa94-04c1-424b-9868-57a2d4851a1d" />
    <TestEntry testId="8cabdb07-673a-5d18-1dcc-cca760c80f50" executionId="635ff36e-6949-4b28-8bc4-bfcfead8108f" testListId="8c84fa94-04c1-424b-9868-57a2d4851a1d" />
    <TestEntry testId="2970a02d-9e23-b896-727a-254279f6780a" executionId="aada7e30-94b0-4122-b6e3-7a8630efaed5" testListId="8c84fa94-04c1-424b-9868-57a2d4851a1d" />
    <TestEntry testId="df54c472-f704-3a98-5845-930939f7342f" executionId="8acec60d-7248-4f00-a0db-2c480716ecea" testListId="8c84fa94-04c1-424b-9868-57a2d4851a1d" />
    <TestEntry testId="789286e0-4787-dac5-b9f7-2ee7d3b6df7f" executionId="7fee1eda-aeea-4be1-98ea-18c3230ffeee" testListId="8c84fa94-04c1-424b-9868-57a2d4851a1d" />
    <TestEntry testId="048064ce-9700-10d9-1f79-bb81092b89b1" executionId="de957be5-563a-4cc5-a8e4-b7c12f8ea1bd" testListId="8c84fa94-04c1-424b-9868-57a2d4851a1d" />
    <TestEntry testId="c6db83e7-5e77-1b6b-d1cd-a0dc3dc0562d" executionId="8d319f46-54bb-4322-a2f0-83ada90103d8" testListId="8c84fa94-04c1-424b-9868-57a2d4851a1d" />
    <TestEntry testId="c7ef4322-b543-7b5e-59f2-cad8df662276" executionId="953c2afe-20f7-4d5c-83c7-336ee9d20bb0" testListId="8c84fa94-04c1-424b-9868-57a2d4851a1d" />
    <TestEntry testId="6284c07a-1926-8d31-c1a2-15de191e68d7" executionId="25a73be1-f8cf-44f8-b546-bf96d179c8fa" testListId="8c84fa94-04c1-424b-9868-57a2d4851a1d" />
    <TestEntry testId="1c6c1ac8-e79d-2b72-ded6-e5c6615f559e" executionId="cc68ec51-704d-47d3-b072-427d919d2873" testListId="8c84fa94-04c1-424b-9868-57a2d4851a1d" />
    <TestEntry testId="1c94ba47-9023-7143-4a8e-fb67768a6f84" executionId="9d7b21d2-8384-4155-896c-1e4bfabc2db5" testListId="8c84fa94-04c1-424b-9868-57a2d4851a1d" />
    <TestEntry testId="dbb96aaf-a96a-17ef-183f-86b91f19180a" executionId="163728f7-0bbd-4420-a7fc-914c519d3f03" testListId="8c84fa94-04c1-424b-9868-57a2d4851a1d" />
    <TestEntry testId="fd262f28-513a-06d4-2128-ee1905d76942" executionId="7b4d2ac0-6f9e-406a-9601-e09553b1dd62" testListId="8c84fa94-04c1-424b-9868-57a2d4851a1d" />
    <TestEntry testId="293f3170-f5e3-ae68-2fe6-f1a2050d9406" executionId="b1ee4923-b44c-4cc1-8092-e5aba3288de9" testListId="8c84fa94-04c1-424b-9868-57a2d4851a1d" />
    <TestEntry testId="05b207a0-127a-402c-e97d-064a61ed8417" executionId="6a020d17-2fed-4e06-8ca0-3703fb78a77f" testListId="8c84fa94-04c1-424b-9868-57a2d4851a1d" />
    <TestEntry testId="37f7b479-437b-e4ed-4de3-0b10106b72a3" executionId="2a090d3e-ebcf-4258-852d-86a9def3531f" testListId="8c84fa94-04c1-424b-9868-57a2d4851a1d" />
    <TestEntry testId="104b8812-b45f-fec0-59d2-ecf4497b6979" executionId="73c0c571-3f06-4397-8cc6-c1af1f0516af" testListId="8c84fa94-04c1-424b-9868-57a2d4851a1d" />
    <TestEntry testId="c7bca7c9-5f22-da07-220a-3e48b96be5f4" executionId="1f4e68b0-9d8d-459f-ac1f-881d2c24ef88" testListId="8c84fa94-04c1-424b-9868-57a2d4851a1d" />
    <TestEntry testId="d39aff74-8c42-bf59-caa2-c3772e0bdee4" executionId="8890f54a-43cb-48bd-af11-249590d14a24" testListId="8c84fa94-04c1-424b-9868-57a2d4851a1d" />
    <TestEntry testId="622ddc1e-1b08-2724-a4a8-117fa310d9d4" executionId="34cd2935-a0c8-4c46-8ec3-8231a0c20084" testListId="8c84fa94-04c1-424b-9868-57a2d4851a1d" />
    <TestEntry testId="ee4196a5-3fd9-23c9-5f93-141479c13ec5" executionId="64ae8853-954e-46ac-a56a-19830b21480d" testListId="8c84fa94-04c1-424b-9868-57a2d4851a1d" />
    <TestEntry testId="8b9dd64c-a604-c45d-c8b1-ae6e34fb50fb" executionId="bfe04833-b66a-41fc-bb15-ba5b2335d330" testListId="8c84fa94-04c1-424b-9868-57a2d4851a1d" />
    <TestEntry testId="2bd57cff-23ad-c458-936d-f4a1df7f2174" executionId="d1fe9231-f083-4fd3-9c19-a58a3934774e" testListId="8c84fa94-04c1-424b-9868-57a2d4851a1d" />
    <TestEntry testId="dd82dfe3-d3c1-ce94-6d6a-ce65289a7e16" executionId="2930ee7b-039b-4bab-880d-a78ed4d17ca2" testListId="8c84fa94-04c1-424b-9868-57a2d4851a1d" />
    <TestEntry testId="476dbf68-b3f3-1c60-c1c7-02ae7be3f88c" executionId="b08c4781-f447-4a4f-9fc8-15b50110eacc" testListId="8c84fa94-04c1-424b-9868-57a2d4851a1d" />
    <TestEntry testId="cf18dd52-6916-12e2-2fed-58d3cb34a544" executionId="92f3d913-01d9-4c24-a7e1-7d23fd542c87" testListId="8c84fa94-04c1-424b-9868-57a2d4851a1d" />
    <TestEntry testId="bdb7e663-b622-2087-7954-8ebc47f08947" executionId="980779c6-6a60-42aa-81e6-bf7ef0f17ad4" testListId="8c84fa94-04c1-424b-9868-57a2d4851a1d" />
    <TestEntry testId="9635697e-518f-1126-78dd-8f6bc8a13908" executionId="ad90bd37-bef4-4744-b8cb-86377916f5a1" testListId="8c84fa94-04c1-424b-9868-57a2d4851a1d" />
    <TestEntry testId="7a083692-b64b-4188-e6f5-07c2948d71a3" executionId="54e19a61-c05b-4ba6-a77e-9ac2e058fa92" testListId="8c84fa94-04c1-424b-9868-57a2d4851a1d" />
    <TestEntry testId="1464a866-1467-976e-29bd-6b7a26b0e079" executionId="61ad4761-9ff8-4e81-a187-40235ed2dfa6" testListId="8c84fa94-04c1-424b-9868-57a2d4851a1d" />
    <TestEntry testId="7d722e1e-4b06-2bcd-088b-bc5b5722c0b1" executionId="0729ac79-b394-4672-980d-2a2dd48b128b" testListId="8c84fa94-04c1-424b-9868-57a2d4851a1d" />
    <TestEntry testId="a70f7772-2e5d-d839-25f4-6b6201671e24" executionId="e4608954-2572-4466-b46c-7c94818d142a" testListId="8c84fa94-04c1-424b-9868-57a2d4851a1d" />
    <TestEntry testId="3a791062-b0f7-227a-0df0-e0cbc8866366" executionId="9f520cd7-cc69-4413-bb28-9be06b23691f" testListId="8c84fa94-04c1-424b-9868-57a2d4851a1d" />
    <TestEntry testId="806115df-70cd-0935-7c36-279bceac0ca7" executionId="7a33d094-b238-4dd7-b3ec-88695db5c003" testListId="8c84fa94-04c1-424b-9868-57a2d4851a1d" />
    <TestEntry testId="6ec1a2c8-6831-bb68-1dd4-6d5d9dedc3a6" executionId="4ed356c5-9511-4e6d-bd40-b325b45a6dd4" testListId="8c84fa94-04c1-424b-9868-57a2d4851a1d" />
    <TestEntry testId="3412d315-2f63-2c73-32e0-66d79e50d939" executionId="2a3cd209-c568-44a3-8cbd-f9cf9bf613ae" testListId="8c84fa94-04c1-424b-9868-57a2d4851a1d" />
    <TestEntry testId="1329d898-9649-815e-5362-7bf6b42f39cd" executionId="95794272-325f-4a4d-bb01-426541bf0cd7" testListId="8c84fa94-04c1-424b-9868-57a2d4851a1d" />
    <TestEntry testId="f552b4f4-8e74-85b1-e3fc-9b9d2ec4af7c" executionId="4566ae4f-d8be-4480-a51a-64619785b449" testListId="8c84fa94-04c1-424b-9868-57a2d4851a1d" />
    <TestEntry testId="a45e84a9-9441-4c6e-5f47-d3e3ab1875f4" executionId="1866129b-27d4-4a37-9264-f21164b1075c" testListId="8c84fa94-04c1-424b-9868-57a2d4851a1d" />
    <TestEntry testId="9adca215-6bcc-d33f-cff0-1fcf7e438639" executionId="22e670b9-f97a-4a83-863e-65d54ec256d8" testListId="8c84fa94-04c1-424b-9868-57a2d4851a1d" />
    <TestEntry testId="21b24ead-c473-1e4e-ffbc-f0ab0c62907e" executionId="282c7372-c27f-4940-ad53-ac612959b545" testListId="8c84fa94-04c1-424b-9868-57a2d4851a1d" />
    <TestEntry testId="30715c07-4fcc-996e-e86c-8332d5c7179e" executionId="e0edae5a-5b49-4afd-9513-0385546ebc43" testListId="8c84fa94-04c1-424b-9868-57a2d4851a1d" />
    <TestEntry testId="6ee49bb0-e452-61ca-926c-b4a022bb2d2c" executionId="eafe487b-6d5b-48a3-a83a-cbd30aa7abd1" testListId="8c84fa94-04c1-424b-9868-57a2d4851a1d" />
    <TestEntry testId="17ed2963-dfb1-7714-e286-6e03123b6d08" executionId="f3f63750-befa-41f7-a830-02faf48f54b8" testListId="8c84fa94-04c1-424b-9868-57a2d4851a1d" />
    <TestEntry testId="02e911c5-d11b-dead-a23d-a86892fd7e08" executionId="be4f373a-5d79-44ca-8340-04e35362e439" testListId="8c84fa94-04c1-424b-9868-57a2d4851a1d" />
    <TestEntry testId="4c6ad706-e0e9-b0ae-79be-604b6cfef79e" executionId="dfe87ea1-85ab-447e-9fa7-7e2d20d17587" testListId="8c84fa94-04c1-424b-9868-57a2d4851a1d" />
    <TestEntry testId="30d61bb6-0190-9ee4-4480-999650ab018e" executionId="f9e22356-c42c-4565-bedf-477ba921d9df" testListId="8c84fa94-04c1-424b-9868-57a2d4851a1d" />
    <TestEntry testId="0ab6afe1-8f50-2019-59a3-4ac5c5d9a9e7" executionId="6f4d016c-b476-4c15-96d9-b8f741312514" testListId="8c84fa94-04c1-424b-9868-57a2d4851a1d" />
    <TestEntry testId="45faaf94-8fe8-d7c5-c835-ecc201e7d932" executionId="72f92da1-da3e-463a-a483-e0b135baeb65" testListId="8c84fa94-04c1-424b-9868-57a2d4851a1d" />
    <TestEntry testId="059c606f-3d60-53df-72c9-24d2e6e21c99" executionId="9dc89a6a-66b2-4a2f-98f2-0bcc160205bd" testListId="8c84fa94-04c1-424b-9868-57a2d4851a1d" />
    <TestEntry testId="666e6c5a-d69b-6714-d634-2a3c90ca8e96" executionId="ee1b7f7d-b13f-4408-9599-38dcc24a17f4" testListId="8c84fa94-04c1-424b-9868-57a2d4851a1d" />
    <TestEntry testId="1f38bd57-035e-1e74-9518-5bce9e6a0126" executionId="31878092-8d32-4cd0-9830-ee6bb930e39e" testListId="8c84fa94-04c1-424b-9868-57a2d4851a1d" />
    <TestEntry testId="1114ef88-3a8d-00e8-b05f-9d946af3b862" executionId="8052cf72-d239-4827-9389-fa44c372c172" testListId="8c84fa94-04c1-424b-9868-57a2d4851a1d" />
    <TestEntry testId="267d02d9-05c8-4da9-a5bc-ecd135ec8233" executionId="b3e748c6-7a1e-426a-b7bc-24c5032213ac" testListId="8c84fa94-04c1-424b-9868-57a2d4851a1d" />
    <TestEntry testId="6bd8ce04-325e-7279-fc5b-efad87b87bbc" executionId="2e01d5b2-4963-4e49-bfca-ee6e15b045c5" testListId="8c84fa94-04c1-424b-9868-57a2d4851a1d" />
    <TestEntry testId="78ff2a97-3337-f054-99af-d529beab7408" executionId="b9f9800f-f080-4286-acd1-56da2f5a8d0f" testListId="8c84fa94-04c1-424b-9868-57a2d4851a1d" />
    <TestEntry testId="4fc46eab-328b-438f-06cc-fd33a8131bbf" executionId="28f9e1da-6133-46ab-92f6-bbd3a414b8ea" testListId="8c84fa94-04c1-424b-9868-57a2d4851a1d" />
    <TestEntry testId="b55d9ab7-b50d-8694-076c-cd1ae02a1830" executionId="1c8e0d83-bb2c-4111-b1cd-2fe29f4a33f5" testListId="8c84fa94-04c1-424b-9868-57a2d4851a1d" />
    <TestEntry testId="80b7e897-b10d-fad4-023d-830b189c8e11" executionId="7c8d37a6-4bd3-47a5-b6d8-8cd3855431b5" testListId="8c84fa94-04c1-424b-9868-57a2d4851a1d" />
    <TestEntry testId="96748469-9f77-293e-9024-c4beadff4ef6" executionId="4bb2e01c-e502-4d26-b713-06d3b25d602e" testListId="8c84fa94-04c1-424b-9868-57a2d4851a1d" />
    <TestEntry testId="a87d0b30-1b50-ed18-a106-3c32a9d0d116" executionId="d74b45b2-ee9e-485f-abc4-59e4ac5db2a8" testListId="8c84fa94-04c1-424b-9868-57a2d4851a1d" />
    <TestEntry testId="516c01d6-57b7-d676-abbc-5c0620a39685" executionId="a515585a-62ba-4041-822b-741803649e52" testListId="8c84fa94-04c1-424b-9868-57a2d4851a1d" />
    <TestEntry testId="db6b037b-68db-78d4-ca62-6240f561f66d" executionId="a40aca42-141c-4834-b7b0-de8264bdd34d" testListId="8c84fa94-04c1-424b-9868-57a2d4851a1d" />
    <TestEntry testId="a78aa3f2-532a-6d0f-d478-72348a03be8f" executionId="1aff2ca5-3a8c-485e-bcff-790ce322e055" testListId="8c84fa94-04c1-424b-9868-57a2d4851a1d" />
    <TestEntry testId="d8059ece-3501-e7a1-9762-33f51ac89fd9" executionId="d578c235-9c7a-49aa-a500-3740df54a140" testListId="8c84fa94-04c1-424b-9868-57a2d4851a1d" />
    <TestEntry testId="6bf5dd0b-e802-8692-f239-0f93367d3b0f" executionId="8eb8c447-24b8-4e21-89d5-13d978532be6" testListId="8c84fa94-04c1-424b-9868-57a2d4851a1d" />
    <TestEntry testId="00af2491-392a-89dc-55bf-452540374856" executionId="046e5220-8d8b-4f04-a83f-6c70aecb67d8" testListId="8c84fa94-04c1-424b-9868-57a2d4851a1d" />
    <TestEntry testId="89af6bd0-6213-2f85-a07a-cb8660be99ac" executionId="66efc643-e89b-4566-be40-af972dc5b9e4" testListId="8c84fa94-04c1-424b-9868-57a2d4851a1d" />
    <TestEntry testId="8669e8bd-171b-0309-d338-338ea257b72c" executionId="33c7b478-fe9d-49a2-b794-856b7d5598da" testListId="8c84fa94-04c1-424b-9868-57a2d4851a1d" />
    <TestEntry testId="1a7083a0-9599-4acf-a742-89d847f8a235" executionId="7de18bca-b6ee-449e-a3bd-3d00fa5c4c5d" testListId="8c84fa94-04c1-424b-9868-57a2d4851a1d" />
    <TestEntry testId="fcbb423c-ed06-b4d7-14bd-d38414b9f6f4" executionId="015dea56-0e35-438f-9ea7-69c275b3dd0c" testListId="8c84fa94-04c1-424b-9868-57a2d4851a1d" />
    <TestEntry testId="049fecbe-b74a-80f6-43d3-60a266b9c40e" executionId="89e1219c-9485-4c86-822f-8dec48df1047" testListId="8c84fa94-04c1-424b-9868-57a2d4851a1d" />
    <TestEntry testId="fbe66c33-cc97-ad02-071b-4f8342a00418" executionId="2ffdceec-d2a4-4953-a71d-474555664c7d" testListId="8c84fa94-04c1-424b-9868-57a2d4851a1d" />
    <TestEntry testId="f10901f3-9edb-d90f-86a4-6970680289f4" executionId="d19c21b9-c721-47c9-8a9e-bb33414ae5dc" testListId="8c84fa94-04c1-424b-9868-57a2d4851a1d" />
    <TestEntry testId="6ddec006-acc4-d8c3-8434-6d90efa02ea6" executionId="1b128d88-bd8d-4548-b836-bbfcc36a1c88" testListId="8c84fa94-04c1-424b-9868-57a2d4851a1d" />
    <TestEntry testId="c68ddbd6-426b-5ffa-ffe4-e499794b6aaa" executionId="f588d0a2-24f9-4f45-9002-f583df631f6c" testListId="8c84fa94-04c1-424b-9868-57a2d4851a1d" />
    <TestEntry testId="2a1acbde-48f0-baca-6a56-3f8f9f063c87" executionId="1c155f70-8cdb-439b-b63e-21a5e684464e" testListId="8c84fa94-04c1-424b-9868-57a2d4851a1d" />
    <TestEntry testId="b8e713b0-e424-b91d-eaad-d7c6c1adfcba" executionId="4bb52af6-a6f2-4084-a64c-c7abea1468d2" testListId="8c84fa94-04c1-424b-9868-57a2d4851a1d" />
    <TestEntry testId="14abc2b8-998a-7ca5-f1be-36d249e1c57b" executionId="a1a28758-03df-4f1e-b435-bdd9974502cc" testListId="8c84fa94-04c1-424b-9868-57a2d4851a1d" />
    <TestEntry testId="d511afe6-6d49-375f-49ca-80d7ddc44f44" executionId="fa7ee4c2-4d3b-49ae-83f7-1eb58cab7b77" testListId="8c84fa94-04c1-424b-9868-57a2d4851a1d" />
    <TestEntry testId="6a961c02-718c-8949-3956-b0d5d43fedad" executionId="b7d752d8-e6b9-4cdd-aa50-5ca29eabb3b0" testListId="8c84fa94-04c1-424b-9868-57a2d4851a1d" />
    <TestEntry testId="9d6481ea-4f00-a1b9-12b6-4537a285077c" executionId="a2881b3a-0d01-46bb-9bce-262f92c9a930" testListId="8c84fa94-04c1-424b-9868-57a2d4851a1d" />
    <TestEntry testId="bb800a38-74b6-a1ae-2290-f5b2e1bb54b0" executionId="c864520c-0086-4ff9-ada9-2c31fead0132" testListId="8c84fa94-04c1-424b-9868-57a2d4851a1d" />
    <TestEntry testId="c29fcd0e-f083-bd43-f71f-bc203a875a9f" executionId="9c4b40d8-bcd0-4fd0-b29c-97283309994f" testListId="8c84fa94-04c1-424b-9868-57a2d4851a1d" />
    <TestEntry testId="7c8f3ab1-db42-a00e-13a0-5ab0038cf7ca" executionId="aad44dc6-fb75-4c41-a9e1-009b1e7a2210" testListId="8c84fa94-04c1-424b-9868-57a2d4851a1d" />
    <TestEntry testId="d4452252-777d-7430-b8a1-f0e1693e31c3" executionId="b58173ae-5e18-4f8f-8f3f-783f94083153" testListId="8c84fa94-04c1-424b-9868-57a2d4851a1d" />
    <TestEntry testId="be55f5e0-b7f0-9aff-ed43-349928d3ded4" executionId="41258fa3-50f0-450f-beb1-8b0c7a178f96" testListId="8c84fa94-04c1-424b-9868-57a2d4851a1d" />
    <TestEntry testId="e529d133-0f3d-876f-a8c8-1fb567bd9f45" executionId="e12ed67b-9066-40bc-9e41-f271e85b3aa2" testListId="8c84fa94-04c1-424b-9868-57a2d4851a1d" />
    <TestEntry testId="7dd1026a-a50b-ddbc-d23f-84539626dc02" executionId="78a07d45-2003-4caa-bbe6-8cfab0d1917e" testListId="8c84fa94-04c1-424b-9868-57a2d4851a1d" />
    <TestEntry testId="86ac4d5c-e64c-3eeb-48f6-3f5e7495ec74" executionId="370eff53-1e7c-490b-a2b6-a1264904a726" testListId="8c84fa94-04c1-424b-9868-57a2d4851a1d" />
    <TestEntry testId="6e522d0e-7368-12e3-1e06-d55f273f4474" executionId="873e45ff-7256-4d2d-b1ad-773fc5a391fc" testListId="8c84fa94-04c1-424b-9868-57a2d4851a1d" />
    <TestEntry testId="ff22b8bc-5bd3-865e-7cf1-849b0fbeafa6" executionId="e5d06666-168d-4fc1-b224-8aab892081f3" testListId="8c84fa94-04c1-424b-9868-57a2d4851a1d" />
    <TestEntry testId="6cea7a68-2d4a-ad1a-d57a-b963a4194056" executionId="a680e640-2fa8-4f79-956e-be90a1d72539" testListId="8c84fa94-04c1-424b-9868-57a2d4851a1d" />
    <TestEntry testId="4ec0f1dc-5ce3-d774-1746-20005e913961" executionId="12d1ea9c-f524-4561-bc52-5e7ebad0eb15" testListId="8c84fa94-04c1-424b-9868-57a2d4851a1d" />
    <TestEntry testId="c570b34b-e51d-8b89-43e6-8631970d32ae" executionId="2a29702d-5e59-4acb-83ac-430d60159f9f" testListId="8c84fa94-04c1-424b-9868-57a2d4851a1d" />
    <TestEntry testId="9ff14ff7-ddbc-8331-9543-ba15085b4176" executionId="22ce0b1f-d974-4195-8fe3-ad04eeb8b156" testListId="8c84fa94-04c1-424b-9868-57a2d4851a1d" />
    <TestEntry testId="07889f0a-a2d0-659d-2063-b520e6f36367" executionId="2519039c-174b-402e-86ac-85935dde576c" testListId="8c84fa94-04c1-424b-9868-57a2d4851a1d" />
    <TestEntry testId="e2c3c3ed-baa6-bf03-a21a-f2de5cbab20b" executionId="7376ac7f-79ca-4c58-84fd-c09aa610308c" testListId="8c84fa94-04c1-424b-9868-57a2d4851a1d" />
    <TestEntry testId="43066919-b5f1-9fa5-bab8-3882b0953a51" executionId="bdae82c1-e601-433d-a310-a2abc7d3df16" testListId="8c84fa94-04c1-424b-9868-57a2d4851a1d" />
    <TestEntry testId="b8b1ab27-8a4e-efd8-aa9b-16e67226c1d8" executionId="9c251aca-44eb-4b7b-9d5f-1c4ae8cf877b" testListId="8c84fa94-04c1-424b-9868-57a2d4851a1d" />
    <TestEntry testId="44ac5fce-cdcc-eed0-5459-65516580a0bf" executionId="169b538e-8b93-46b4-b270-e1f48da44653" testListId="8c84fa94-04c1-424b-9868-57a2d4851a1d" />
    <TestEntry testId="58e7aa30-50ca-258e-dfcf-c11ea51ee0b7" executionId="2c0e026a-3ac0-4675-a1b0-f1a767eea32a" testListId="8c84fa94-04c1-424b-9868-57a2d4851a1d" />
    <TestEntry testId="4eedc99a-8571-7659-b7c0-30be5370ac1a" executionId="382a2c12-cd82-475a-9991-7c94cc0a2691" testListId="8c84fa94-04c1-424b-9868-57a2d4851a1d" />
    <TestEntry testId="86772793-9b9c-cd53-07e7-ef942f102493" executionId="77933735-282c-4d9a-8804-e2505a3fb5ca" testListId="8c84fa94-04c1-424b-9868-57a2d4851a1d" />
    <TestEntry testId="b871a1c3-a33f-a67a-5049-b2b99c52d2bb" executionId="d6c95053-8dea-4904-a945-c15a94af8f9d" testListId="8c84fa94-04c1-424b-9868-57a2d4851a1d" />
    <TestEntry testId="118175ae-7bae-7040-c3f4-c9ec7f8f4e4d" executionId="fbcc9d8c-77e9-4f16-a2c4-bfacf8cb1162" testListId="8c84fa94-04c1-424b-9868-57a2d4851a1d" />
    <TestEntry testId="f4b46825-b9e2-3b64-1c89-d0861b1de671" executionId="ee024ff1-5a78-408e-995d-2517512f8c33" testListId="8c84fa94-04c1-424b-9868-57a2d4851a1d" />
    <TestEntry testId="9060ef63-7e3c-7dab-8fd8-e26076a59f0b" executionId="8f0c1101-1543-40cb-8327-b5bd8ee83d6c" testListId="8c84fa94-04c1-424b-9868-57a2d4851a1d" />
    <TestEntry testId="ad2e6f77-2ae3-4682-28c1-677f96916d9e" executionId="404de65b-806d-4e4a-9c5f-4f43268e3ce6" testListId="8c84fa94-04c1-424b-9868-57a2d4851a1d" />
    <TestEntry testId="7fd059d1-2ac1-bd30-ae00-56941e5683da" executionId="747d0c9e-fb10-4272-ba47-e6b57642d770" testListId="8c84fa94-04c1-424b-9868-57a2d4851a1d" />
    <TestEntry testId="1feeea98-0cc7-d0ba-3efb-f1a2c25d93d9" executionId="3451afd5-cac3-421e-a4e8-956e2dd6df91" testListId="8c84fa94-04c1-424b-9868-57a2d4851a1d" />
    <TestEntry testId="64e5d08c-4855-37f0-f6ca-e931b091af78" executionId="8cccd151-17ae-4c04-b2cf-6301103b7137" testListId="8c84fa94-04c1-424b-9868-57a2d4851a1d" />
    <TestEntry testId="05af5647-014b-c33b-f3b5-de49c30b7af3" executionId="67f19713-14cd-44b2-a7fe-ba4f421e9cad" testListId="8c84fa94-04c1-424b-9868-57a2d4851a1d" />
    <TestEntry testId="472d74bc-0e25-9967-e04d-e876b91d5046" executionId="40c60ae6-3125-4b1c-8f70-da864652c0f7" testListId="8c84fa94-04c1-424b-9868-57a2d4851a1d" />
    <TestEntry testId="5024eb4a-19e1-7911-199c-b491c15e76d4" executionId="1358c6f1-21e4-47cc-abbd-6cc0495e53ea" testListId="8c84fa94-04c1-424b-9868-57a2d4851a1d" />
    <TestEntry testId="93ea16db-974c-28e1-088c-a5dbcd9e57e6" executionId="436df845-7f8e-45c5-a606-e14799889922" testListId="8c84fa94-04c1-424b-9868-57a2d4851a1d" />
    <TestEntry testId="9f6ddcdf-929b-cb02-8911-903094987d1a" executionId="60ac154a-fc5f-4135-baef-871f886466e1" testListId="8c84fa94-04c1-424b-9868-57a2d4851a1d" />
    <TestEntry testId="d70d2c50-35a8-153b-b0fd-6a7b07a52dc4" executionId="e07a0aea-63ca-4fa1-9316-6377624a65b6" testListId="8c84fa94-04c1-424b-9868-57a2d4851a1d" />
    <TestEntry testId="2c296588-7371-0f8d-10f8-d4e75c377bcf" executionId="adfb48c4-d1d1-46a2-8e83-c3e076b896f8" testListId="8c84fa94-04c1-424b-9868-57a2d4851a1d" />
    <TestEntry testId="75a62d1d-a8c9-5e1b-d60b-36256a029b10" executionId="c90b73bc-364b-4cf7-b072-38fd8996bd54" testListId="8c84fa94-04c1-424b-9868-57a2d4851a1d" />
    <TestEntry testId="5fdf73d2-a6c3-1d96-993b-9adde6849458" executionId="4850be42-3034-4336-854a-b68bdc71b513" testListId="8c84fa94-04c1-424b-9868-57a2d4851a1d" />
    <TestEntry testId="59ae0831-de2b-eb5f-53e6-48eefe23d498" executionId="9df73507-7693-4223-9209-eb84ee8ea894" testListId="8c84fa94-04c1-424b-9868-57a2d4851a1d" />
    <TestEntry testId="7387974b-3fe4-d79e-08a1-e261ef11c329" executionId="5dc2490c-2e6c-4a8f-8852-86e2f7fce1b0" testListId="8c84fa94-04c1-424b-9868-57a2d4851a1d" />
    <TestEntry testId="c49530c6-fd33-8c08-4d62-78ab11b3b62d" executionId="d02aea09-6f3b-498d-b3cb-c8da8eb6a799" testListId="8c84fa94-04c1-424b-9868-57a2d4851a1d" />
    <TestEntry testId="ff560f06-4b43-636c-19f0-b8b0482a5cbe" executionId="11030a0d-4bc5-43e3-991b-7f28870322c7" testListId="8c84fa94-04c1-424b-9868-57a2d4851a1d" />
    <TestEntry testId="e2c22c5f-f9e5-d636-66e8-9b5c5a9cf166" executionId="6baf650a-b935-4142-b5ee-e59a4c29e70b" testListId="8c84fa94-04c1-424b-9868-57a2d4851a1d" />
    <TestEntry testId="daa10cf4-f353-3c5b-898c-b6f69a98a915" executionId="1d4f42d5-1c6b-492c-afc4-9213098a1ae3" testListId="8c84fa94-04c1-424b-9868-57a2d4851a1d" />
    <TestEntry testId="a9418999-2eed-9cdf-8bb5-11564b28e54f" executionId="ddc5b867-a84c-4a66-8331-d6a2bee14f31" testListId="8c84fa94-04c1-424b-9868-57a2d4851a1d" />
    <TestEntry testId="319e4aca-e1b2-abee-a664-806325ea8bcf" executionId="9303019a-995d-405c-96fa-dcbbf2e44a67" testListId="8c84fa94-04c1-424b-9868-57a2d4851a1d" />
    <TestEntry testId="26835654-3462-527e-b5f4-c2660674a536" executionId="2d8c0f48-e679-4644-a8e5-f6599608f3a9" testListId="8c84fa94-04c1-424b-9868-57a2d4851a1d" />
    <TestEntry testId="a8544f70-e74c-4651-b3a5-938eee84946c" executionId="a4448eb1-127d-4608-9140-0a2a95f2f90c" testListId="8c84fa94-04c1-424b-9868-57a2d4851a1d" />
    <TestEntry testId="7726250d-1a84-61d9-048c-e6c55a2403b1" executionId="5832da56-bb51-4846-a2d0-7d0ff911b918" testListId="8c84fa94-04c1-424b-9868-57a2d4851a1d" />
    <TestEntry testId="a2a230c0-8213-023a-c64e-825786530df6" executionId="8558cf3c-372a-482a-9c78-a8c309fd8618" testListId="8c84fa94-04c1-424b-9868-57a2d4851a1d" />
    <TestEntry testId="1b6fb41b-ddea-df7a-5182-4b37b5fea72f" executionId="a44dddb9-d644-4b50-9fda-e820a374d7b0" testListId="8c84fa94-04c1-424b-9868-57a2d4851a1d" />
    <TestEntry testId="3b462b8a-5d11-83b0-229a-e2949d34ba78" executionId="23cbc704-bb42-444d-8fe8-319a04156ee4" testListId="8c84fa94-04c1-424b-9868-57a2d4851a1d" />
    <TestEntry testId="d008ea7c-7946-fcc4-ce52-21d8e24e6514" executionId="076f2057-14b8-4665-9351-584a7a6211d5" testListId="8c84fa94-04c1-424b-9868-57a2d4851a1d" />
    <TestEntry testId="d4442990-a3df-baa3-1e90-cb79c9f1e4b8" executionId="211113fe-7b54-4266-bdca-876ceaab15a0" testListId="8c84fa94-04c1-424b-9868-57a2d4851a1d" />
    <TestEntry testId="08b1bf9e-be72-ae61-10ac-a223a01bc21f" executionId="3c6a7fd8-06c5-4e24-8f80-b6d83512f809" testListId="8c84fa94-04c1-424b-9868-57a2d4851a1d" />
    <TestEntry testId="99836a99-a682-ea7d-351b-10435293e2a3" executionId="6a890991-9897-4368-a577-12ca63e9743a" testListId="8c84fa94-04c1-424b-9868-57a2d4851a1d" />
    <TestEntry testId="39802328-f556-6b54-5599-280cc970a40a" executionId="4644e08f-216f-4221-a74d-474b6bcc9166" testListId="8c84fa94-04c1-424b-9868-57a2d4851a1d" />
    <TestEntry testId="8e47cb19-d8fb-e1bd-4851-85aa2bb18d82" executionId="dfe49d12-9cd2-4874-915a-cd6358e1941b" testListId="8c84fa94-04c1-424b-9868-57a2d4851a1d" />
    <TestEntry testId="4717940b-70e7-af53-87ae-1477ce157ab3" executionId="8a50051f-def8-4cd3-a8d6-ddc78c7f71a3" testListId="8c84fa94-04c1-424b-9868-57a2d4851a1d" />
    <TestEntry testId="bc20fac5-e535-e107-1517-42154988b39f" executionId="aeb45e4a-6ba0-40bd-9ee5-15384a82db1c" testListId="8c84fa94-04c1-424b-9868-57a2d4851a1d" />
    <TestEntry testId="acd20d9c-932c-04b3-af3f-0c21e5fe86ad" executionId="21753311-34c8-4cc3-bbb7-6fbc9617e113" testListId="8c84fa94-04c1-424b-9868-57a2d4851a1d" />
    <TestEntry testId="a3f171ab-0da7-1470-4237-86f0955fbc3d" executionId="8c80e9ed-86bf-4941-978a-d44b8a4322da" testListId="8c84fa94-04c1-424b-9868-57a2d4851a1d" />
    <TestEntry testId="c7d0d433-8fb4-b311-73f3-25f624bf7e4f" executionId="860959a2-447b-44dd-b09a-60dbe86ce583" testListId="8c84fa94-04c1-424b-9868-57a2d4851a1d" />
    <TestEntry testId="98cc04cf-3e04-5ceb-eb18-d3c46c9a9b8c" executionId="74dbb967-d68f-4fc9-8499-a939cc2aeef1" testListId="8c84fa94-04c1-424b-9868-57a2d4851a1d" />
    <TestEntry testId="6e7ac689-cb41-501a-56e5-e412d3681949" executionId="9c8d4755-9e17-4f1e-ada6-cc78406c9e06" testListId="8c84fa94-04c1-424b-9868-57a2d4851a1d" />
    <TestEntry testId="e3b5a555-0dc0-d931-7cf8-f77a2a46c06d" executionId="bcd7a7fd-79b9-4a24-85c2-655a16cd68c0" testListId="8c84fa94-04c1-424b-9868-57a2d4851a1d" />
    <TestEntry testId="0a5e01e2-9d0f-c7b5-ebf8-fbb00b3697b9" executionId="5e748ec9-7840-4ddd-953e-8b2f0e77e83c" testListId="8c84fa94-04c1-424b-9868-57a2d4851a1d" />
    <TestEntry testId="59dac37e-2ea8-9db7-5b85-e17ebf1e786c" executionId="97f6fbfd-e302-42b4-b1e5-2c6b9987c186" testListId="8c84fa94-04c1-424b-9868-57a2d4851a1d" />
    <TestEntry testId="759c07ed-5743-04f3-61c1-8ed09d840e87" executionId="aaa34545-b6f4-469d-a707-436446c551a9" testListId="8c84fa94-04c1-424b-9868-57a2d4851a1d" />
    <TestEntry testId="715f99b4-c869-387c-2b86-3b537d7fcdc6" executionId="0ac90945-a60b-45d1-80fe-7f21995a1775" testListId="8c84fa94-04c1-424b-9868-57a2d4851a1d" />
    <TestEntry testId="0debfba1-dbbf-07fb-f280-fce96076f293" executionId="67b18c60-e4a0-4af5-a24c-9768f12f2ffb" testListId="8c84fa94-04c1-424b-9868-57a2d4851a1d" />
    <TestEntry testId="20ec1541-8979-9379-2a80-d7b4208b9361" executionId="d354a6a9-e9af-4de6-b79f-917269cc2f0e" testListId="8c84fa94-04c1-424b-9868-57a2d4851a1d" />
    <TestEntry testId="88d00cd5-71b0-b9c3-46be-f4b881b44514" executionId="011983f8-e743-4e14-a4c6-92c3e7da974d" testListId="8c84fa94-04c1-424b-9868-57a2d4851a1d" />
    <TestEntry testId="15df3a5f-787a-e106-63fa-d3d5eddfdf0c" executionId="c38a939d-56c3-4e47-90e3-9cd59d1529c9" testListId="8c84fa94-04c1-424b-9868-57a2d4851a1d" />
    <TestEntry testId="127108ad-a23a-01af-0f57-d0e23c2fc6ee" executionId="9f29a25a-0f58-4f6b-aa9b-cf0abf979a1f" testListId="8c84fa94-04c1-424b-9868-57a2d4851a1d" />
    <TestEntry testId="80063462-e74f-69b5-ae3f-439fe54d3096" executionId="a4967a0b-ef0a-4059-bf1d-0f0b5b60d7b6" testListId="8c84fa94-04c1-424b-9868-57a2d4851a1d" />
    <TestEntry testId="f2e5dcae-4196-f969-0006-b52c9b394114" executionId="3fba4adf-eaca-4562-bf3b-ab483ee1f28c" testListId="8c84fa94-04c1-424b-9868-57a2d4851a1d" />
    <TestEntry testId="16a27c04-08e6-c7c5-778f-2dd89f9d8f2c" executionId="8a13bd52-9f84-4c29-b72e-6ab7fe0937b8" testListId="8c84fa94-04c1-424b-9868-57a2d4851a1d" />
    <TestEntry testId="8bb1fdac-bd2f-7ceb-1472-b2242404b945" executionId="260f37d5-5ad3-4884-8d30-a8c603e83ab0" testListId="8c84fa94-04c1-424b-9868-57a2d4851a1d" />
    <TestEntry testId="43632830-56b5-2c25-4520-e4973c4ca2ed" executionId="23644f0b-77ee-4914-b03a-ad799a97ad9d" testListId="8c84fa94-04c1-424b-9868-57a2d4851a1d" />
    <TestEntry testId="e41f9d28-d915-2bd2-26d6-870d7a6aa89e" executionId="d3d191ee-272c-4825-a1c4-97185ee9fcb9" testListId="8c84fa94-04c1-424b-9868-57a2d4851a1d" />
    <TestEntry testId="c6780686-1c61-1715-7689-c3e60389158d" executionId="023bc248-5f0a-4fa2-8e0d-66acb2589fd7" testListId="8c84fa94-04c1-424b-9868-57a2d4851a1d" />
    <TestEntry testId="0d1382de-8a3f-49e3-aa2b-30b95d9909dc" executionId="c6ffbf80-22c0-430a-9808-e94685b2d9f0" testListId="8c84fa94-04c1-424b-9868-57a2d4851a1d" />
    <TestEntry testId="1aa1508b-28e5-149e-b5d8-a4a3199d0e66" executionId="67c1f6db-be71-494c-8718-68ad07a2c161" testListId="8c84fa94-04c1-424b-9868-57a2d4851a1d" />
    <TestEntry testId="fd7a8bbd-54c4-4946-4b33-4404ccf9c270" executionId="2fa05432-f9c9-492f-92c6-89863af6f68c" testListId="8c84fa94-04c1-424b-9868-57a2d4851a1d" />
    <TestEntry testId="02f53f5d-cdf9-1de7-3874-5dd51d152c85" executionId="d579b297-032d-4b56-ac6b-0e480efa0cea" testListId="8c84fa94-04c1-424b-9868-57a2d4851a1d" />
    <TestEntry testId="62422b45-6ca8-e5f2-acdb-9028e1f7779e" executionId="c568d5b3-7a0c-4054-b192-83e5a157bd9f" testListId="8c84fa94-04c1-424b-9868-57a2d4851a1d" />
    <TestEntry testId="886227de-8ea1-2ab6-c107-f15ffa23f1e2" executionId="2e576cb9-cf5c-4bee-8947-ca4bf3492382" testListId="8c84fa94-04c1-424b-9868-57a2d4851a1d" />
    <TestEntry testId="4159a119-791f-95a8-3b26-2311b7b6e23a" executionId="a8aaa322-cfc3-43e2-a4bd-b4efe5852543" testListId="8c84fa94-04c1-424b-9868-57a2d4851a1d" />
    <TestEntry testId="a88a4f36-9fe9-3a9d-de99-ff643074a031" executionId="59601e50-017e-4714-96af-7ba27ce69420" testListId="8c84fa94-04c1-424b-9868-57a2d4851a1d" />
    <TestEntry testId="31a9e5b9-5dae-2169-816a-49e71f1970b4" executionId="d297915c-9372-4956-bfae-3b32e7360a2b" testListId="8c84fa94-04c1-424b-9868-57a2d4851a1d" />
    <TestEntry testId="293b32bd-fbf2-4184-a225-176afa528e30" executionId="6206de36-c6de-428f-a023-e5cb34b04774" testListId="8c84fa94-04c1-424b-9868-57a2d4851a1d" />
    <TestEntry testId="d0dea217-f485-5464-00b4-b2caf40f1cdd" executionId="6f309adb-97a3-45eb-869b-cf3a2a6fd006" testListId="8c84fa94-04c1-424b-9868-57a2d4851a1d" />
    <TestEntry testId="bf1c7396-458f-abe1-7cd5-70f800f62e68" executionId="aba7a366-b004-41e2-b96e-6a3b34593ac5" testListId="8c84fa94-04c1-424b-9868-57a2d4851a1d" />
    <TestEntry testId="921f7712-02a5-e3f4-e3d7-c54c64e6988d" executionId="6c3ce359-38a8-4f72-b3f7-c9c7b7101fe7" testListId="8c84fa94-04c1-424b-9868-57a2d4851a1d" />
    <TestEntry testId="02e92061-ff27-3ac2-c64c-a7dea7592a97" executionId="2f4c0003-68f8-4d0e-846c-a6932d045114" testListId="8c84fa94-04c1-424b-9868-57a2d4851a1d" />
    <TestEntry testId="84a6a636-074f-0b50-475c-d1c3182a365f" executionId="b310e519-b570-4ab2-9979-cec7901e457f" testListId="8c84fa94-04c1-424b-9868-57a2d4851a1d" />
    <TestEntry testId="ec446803-cb19-fae8-612f-032138cfb6cb" executionId="5ce7fe37-0cf9-4a94-9893-c90522e92e03" testListId="8c84fa94-04c1-424b-9868-57a2d4851a1d" />
    <TestEntry testId="5a5e812e-c4e9-175f-6bcb-96456d94eb2a" executionId="e8f46fd7-4607-4ad5-ba8c-4cb641e98a05" testListId="8c84fa94-04c1-424b-9868-57a2d4851a1d" />
    <TestEntry testId="9d10d3f2-3073-a06b-e5b7-c3d98c547c35" executionId="64d175d9-7ae3-4e8c-ab89-48a4a15445a8" testListId="8c84fa94-04c1-424b-9868-57a2d4851a1d" />
    <TestEntry testId="5816afd1-0423-3367-459b-a9396f53d5e9" executionId="88384d9b-1c83-4a4b-a31e-e4d35fbe26e0" testListId="8c84fa94-04c1-424b-9868-57a2d4851a1d" />
    <TestEntry testId="d04aa2de-baae-d86e-f0a1-20911f2062f5" executionId="dbd0585e-50ac-47a9-bef4-c4fb3113fd3d" testListId="8c84fa94-04c1-424b-9868-57a2d4851a1d" />
    <TestEntry testId="c543770d-cf9b-0ea4-1d34-a2012d05fa48" executionId="84414473-df9e-4f11-b880-de43256f873d" testListId="8c84fa94-04c1-424b-9868-57a2d4851a1d" />
    <TestEntry testId="f919a662-c6a0-0a13-fdf0-e25b22fd7d03" executionId="baf8b61e-1454-425b-a19c-615b2abdbde6" testListId="8c84fa94-04c1-424b-9868-57a2d4851a1d" />
    <TestEntry testId="914093fc-0ae9-8737-896a-2c2db34dfcfc" executionId="8286d1df-916f-42bd-a6a4-e38010626a01" testListId="8c84fa94-04c1-424b-9868-57a2d4851a1d" />
    <TestEntry testId="81599604-d3ee-c1a6-f35a-965ea15cee27" executionId="5060230a-8162-442a-b568-8cf3d3daaa9d" testListId="8c84fa94-04c1-424b-9868-57a2d4851a1d" />
    <TestEntry testId="9a625620-1442-cae3-01b8-69e7f94fe29f" executionId="a63823ff-acd7-4d56-a11c-1870c8e4e7d3" testListId="8c84fa94-04c1-424b-9868-57a2d4851a1d" />
    <TestEntry testId="25411f35-8f83-3321-ba71-f6de7c006911" executionId="1085df7d-1122-45d5-b5ef-7263eb42b333" testListId="8c84fa94-04c1-424b-9868-57a2d4851a1d" />
    <TestEntry testId="ec8c7afb-c9ce-679d-154d-23c5e4f31ed0" executionId="f2b6fc47-4ae5-453d-b060-104837fc4b04" testListId="8c84fa94-04c1-424b-9868-57a2d4851a1d" />
    <TestEntry testId="9249a644-df85-6985-2ed1-3f912cd56e59" executionId="5dabc345-e706-4972-b0cd-29ea520cf1bc" testListId="8c84fa94-04c1-424b-9868-57a2d4851a1d" />
    <TestEntry testId="005446dd-de59-fb40-05c8-15ff101ff62b" executionId="77cfc7d9-dad8-4255-bacc-b8248350ea67" testListId="8c84fa94-04c1-424b-9868-57a2d4851a1d" />
    <TestEntry testId="94d54531-3073-4e4a-4bfc-5551f60b5f70" executionId="53b38873-af0d-41aa-a967-ad11c3e4826a" testListId="8c84fa94-04c1-424b-9868-57a2d4851a1d" />
    <TestEntry testId="47436b86-681d-e7ad-2168-9b49e9b5df4c" executionId="9c0a3b2e-29d0-46a3-b63d-ff783959bd89" testListId="8c84fa94-04c1-424b-9868-57a2d4851a1d" />
    <TestEntry testId="cb07d75a-8724-b8aa-941b-2cf713e8859e" executionId="04a22100-ef33-48eb-83b1-2d1c359a665f" testListId="8c84fa94-04c1-424b-9868-57a2d4851a1d" />
    <TestEntry testId="9dffeaf5-3c04-9b65-28b8-eebb297c98d7" executionId="f2aa150a-d4cb-4e2b-9b10-89eba7aea914" testListId="8c84fa94-04c1-424b-9868-57a2d4851a1d" />
    <TestEntry testId="6d4fd784-147c-7b7e-6b2f-ce54d2eb99eb" executionId="766bb304-119d-4f04-a2ea-09271e99e36d" testListId="8c84fa94-04c1-424b-9868-57a2d4851a1d" />
    <TestEntry testId="4c871f69-a914-b0d2-8d33-43029baf7204" executionId="e20245fe-5b91-444e-a963-57f919243cdd" testListId="8c84fa94-04c1-424b-9868-57a2d4851a1d" />
    <TestEntry testId="cf0a79cb-e6b1-ecdf-0b83-90c17c08f100" executionId="1ec59579-8f5c-422d-bf4a-37dd1f700377" testListId="8c84fa94-04c1-424b-9868-57a2d4851a1d" />
    <TestEntry testId="a002aa07-fe8b-e44c-e8cc-f84260c4048a" executionId="d002ebb0-c2e4-4d63-a6a3-b873c02af1c5" testListId="8c84fa94-04c1-424b-9868-57a2d4851a1d" />
    <TestEntry testId="f4b9b371-0f1d-68d9-e3fb-5bd02fbeac79" executionId="0b6f9179-ba97-4789-bd7a-f7cfdb3eccc0" testListId="8c84fa94-04c1-424b-9868-57a2d4851a1d" />
    <TestEntry testId="bc770a97-6739-784f-a860-7cf7562b7ec2" executionId="9c237642-4b0a-405b-8646-1d38fc587fbe" testListId="8c84fa94-04c1-424b-9868-57a2d4851a1d" />
    <TestEntry testId="1e30a6fe-0ec1-0d5c-110b-fb1627d937fd" executionId="52fc3ebb-8105-451a-adf1-e0e772b3ae2f" testListId="8c84fa94-04c1-424b-9868-57a2d4851a1d" />
    <TestEntry testId="f3a96a40-44b5-892e-469d-980fc130c6ee" executionId="ac9f446d-f6cc-4137-a374-08adb7f0b60c" testListId="8c84fa94-04c1-424b-9868-57a2d4851a1d" />
    <TestEntry testId="ac0bc991-7dad-3bbf-19c9-5fb30129fe8b" executionId="86ead02c-4b4a-4776-ae98-4eb5f7eb24f8" testListId="8c84fa94-04c1-424b-9868-57a2d4851a1d" />
    <TestEntry testId="d3b09615-1a45-b103-fa28-b14a8987e6d6" executionId="59d21bcb-3ea6-4274-80b1-cf5787291bb6" testListId="8c84fa94-04c1-424b-9868-57a2d4851a1d" />
    <TestEntry testId="ff7a89d5-2ad1-f7d4-61e5-9da8eeef957d" executionId="468efcf3-a390-424c-acf0-5a649989760c" testListId="8c84fa94-04c1-424b-9868-57a2d4851a1d" />
    <TestEntry testId="9d101f44-0905-1aab-02aa-fb6b719f6e5a" executionId="a46da935-dbc2-4bd9-998c-cca6f209b919" testListId="8c84fa94-04c1-424b-9868-57a2d4851a1d" />
    <TestEntry testId="c8e69239-6298-e629-41af-f2978db9a1f2" executionId="31cf7034-e876-444d-b422-60335488cc40" testListId="8c84fa94-04c1-424b-9868-57a2d4851a1d" />
    <TestEntry testId="834857ff-d25a-9617-9d0f-3d5b42b7024b" executionId="c492c0bc-38af-4f6f-ba8c-ad5ec4af9a58" testListId="8c84fa94-04c1-424b-9868-57a2d4851a1d" />
    <TestEntry testId="a020b393-815a-fe21-c070-1466a8ed63a6" executionId="2025f8db-5ef7-43f0-b39f-5bb39e665356" testListId="8c84fa94-04c1-424b-9868-57a2d4851a1d" />
    <TestEntry testId="b4084ff7-36a0-65d4-0c78-ecb397769e59" executionId="83426878-f41b-4dc3-9578-86efe057627e" testListId="8c84fa94-04c1-424b-9868-57a2d4851a1d" />
    <TestEntry testId="fbc80e7a-8473-118b-62b8-644255659168" executionId="aa814aa4-b206-43d3-8492-e652953c43db" testListId="8c84fa94-04c1-424b-9868-57a2d4851a1d" />
    <TestEntry testId="6f37c244-6378-502b-d0e2-1f46ae00798a" executionId="bb0c5f91-1ebc-48e6-afa5-99a953a83210" testListId="8c84fa94-04c1-424b-9868-57a2d4851a1d" />
    <TestEntry testId="1236468a-4c51-72ef-bd09-269985382945" executionId="c87df5c7-167a-45cf-a0ee-314d027ef8b0" testListId="8c84fa94-04c1-424b-9868-57a2d4851a1d" />
    <TestEntry testId="82d24403-7845-d860-1c38-6d3acb1891b0" executionId="9356f752-8076-4671-9bea-a37f063e558d" testListId="8c84fa94-04c1-424b-9868-57a2d4851a1d" />
    <TestEntry testId="fd38c7b1-c83c-db8b-eabd-1021787b943a" executionId="0ba6a64d-9b53-432e-a63b-51de0bddc119" testListId="8c84fa94-04c1-424b-9868-57a2d4851a1d" />
    <TestEntry testId="d55b7815-d829-5919-09b3-d89ab9a5012f" executionId="b731b904-7073-4599-beac-8d3014aabc80" testListId="8c84fa94-04c1-424b-9868-57a2d4851a1d" />
    <TestEntry testId="7fb14702-51a2-930f-968e-cf2878154e79" executionId="0d624e4b-251f-4254-9982-60540e2318c5" testListId="8c84fa94-04c1-424b-9868-57a2d4851a1d" />
    <TestEntry testId="783c61b8-9979-7e4d-dff3-17f24aca21ff" executionId="76981563-ba6f-4a8b-935b-cb6dab459fc6" testListId="8c84fa94-04c1-424b-9868-57a2d4851a1d" />
    <TestEntry testId="6465bbca-6052-91bc-2374-2a90ed08534d" executionId="12c5e90a-1c2e-4c88-b14a-9e6c4f0a4cc4" testListId="8c84fa94-04c1-424b-9868-57a2d4851a1d" />
    <TestEntry testId="0f0e6972-06c8-db8d-1b86-f2ea4c948042" executionId="7f471a01-6274-4dbe-a2ee-82244dbfb615" testListId="8c84fa94-04c1-424b-9868-57a2d4851a1d" />
    <TestEntry testId="85ac4351-05ae-c462-6fbc-c2a9712dcfbb" executionId="67791b27-ee17-4ab2-a217-0f1cc60c200c" testListId="8c84fa94-04c1-424b-9868-57a2d4851a1d" />
    <TestEntry testId="155fd501-48dd-974a-89ed-642a7f2b89c6" executionId="7ec77da6-ce93-4381-99bd-e8ab473efa19" testListId="8c84fa94-04c1-424b-9868-57a2d4851a1d" />
    <TestEntry testId="ea2e82c5-a347-018b-9a24-a661f3fdcf08" executionId="4df42a50-4c9a-410f-b5bd-61a131a7dd9e" testListId="8c84fa94-04c1-424b-9868-57a2d4851a1d" />
    <TestEntry testId="18aa6cde-18fc-4518-3423-4b806131fd5b" executionId="298d36ed-6823-4115-aa97-b8163b495405" testListId="8c84fa94-04c1-424b-9868-57a2d4851a1d" />
    <TestEntry testId="8a2012f5-edd4-0ac2-d029-f45f835a7797" executionId="ea156b77-8b30-4bfb-938a-a36c45580bba" testListId="8c84fa94-04c1-424b-9868-57a2d4851a1d" />
    <TestEntry testId="f9ad3391-df48-f95d-f3f7-6ee8131f3855" executionId="5b587c2a-0648-407e-9e3d-9b5b8d8b119a" testListId="8c84fa94-04c1-424b-9868-57a2d4851a1d" />
    <TestEntry testId="9bdb0662-1da6-dcfb-f42f-a6f76e640bc7" executionId="b59e6105-47fa-4f19-9bd1-2bfa484e946e" testListId="8c84fa94-04c1-424b-9868-57a2d4851a1d" />
    <TestEntry testId="78c6ac56-439c-936d-9bc8-d75c96ae27cf" executionId="ab73394c-e57d-4daf-a26e-cc3134b10a41" testListId="8c84fa94-04c1-424b-9868-57a2d4851a1d" />
    <TestEntry testId="423c6999-647a-cca0-d470-31ebbf4aa8bb" executionId="050e128e-a182-41a3-b4e0-b1417c33e8df" testListId="8c84fa94-04c1-424b-9868-57a2d4851a1d" />
    <TestEntry testId="ba0ae2f6-3f07-8af4-bb67-ddd2feeb73bd" executionId="d9a76a70-ee26-43ab-b9ea-24a5783f9ad2" testListId="8c84fa94-04c1-424b-9868-57a2d4851a1d" />
    <TestEntry testId="e3176b8a-be66-d0ad-14ec-c6e732fd4611" executionId="e7b5feca-78c9-41df-b0b5-54babaa959f1" testListId="8c84fa94-04c1-424b-9868-57a2d4851a1d" />
    <TestEntry testId="28b01a3a-706b-dde8-a699-edd417a1c862" executionId="76bf132a-c8bb-475f-8512-6c003fad7922" testListId="8c84fa94-04c1-424b-9868-57a2d4851a1d" />
    <TestEntry testId="3529e793-10fd-a9f5-8d1f-80b8415525e0" executionId="645e0804-66a7-4b5a-9e66-92edd1e1edff" testListId="8c84fa94-04c1-424b-9868-57a2d4851a1d" />
    <TestEntry testId="e1ffa54c-eb80-0f12-fd51-b14ee6e33404" executionId="7b9fd7d5-7799-475e-9eb2-23bf1bb9a5fd" testListId="8c84fa94-04c1-424b-9868-57a2d4851a1d" />
    <TestEntry testId="a006c8c5-5fc9-d8c0-bf2b-0aa03737e1af" executionId="7a939796-8d5d-4199-b093-8c830d4505e2" testListId="8c84fa94-04c1-424b-9868-57a2d4851a1d" />
    <TestEntry testId="2c8e1508-e46b-f83f-a9ec-af77f3f725ce" executionId="82049db6-a307-49d1-8639-b09ed5177a88" testListId="8c84fa94-04c1-424b-9868-57a2d4851a1d" />
    <TestEntry testId="f6772c2d-e583-5311-5f0b-5c7150760516" executionId="fc06885d-c3bb-469f-a750-aa655d4c5a66" testListId="8c84fa94-04c1-424b-9868-57a2d4851a1d" />
    <TestEntry testId="d003ebe1-0b55-00f6-3259-6dd8c0c81c36" executionId="481b2e39-f1e7-4e44-8369-c074dae113cf" testListId="8c84fa94-04c1-424b-9868-57a2d4851a1d" />
    <TestEntry testId="d74bb234-b535-f88e-af7d-f7d8dd2a6a63" executionId="874a8b0c-b234-44f6-a6a4-9aeda6ecd07b" testListId="8c84fa94-04c1-424b-9868-57a2d4851a1d" />
    <TestEntry testId="12a9b3ec-3da9-8003-0320-e5511579bdf6" executionId="f290c6f3-52ca-470a-88a9-eae271eb1a40" testListId="8c84fa94-04c1-424b-9868-57a2d4851a1d" />
    <TestEntry testId="9c178939-b4e7-f84c-5be2-4463cc337601" executionId="762f44c7-e0cb-455f-aef9-e66f89a5ccdc" testListId="8c84fa94-04c1-424b-9868-57a2d4851a1d" />
    <TestEntry testId="3f3f2b4f-7275-5a9d-e8aa-76a35c9894f2" executionId="c8b8c979-840f-40de-a8ef-3c8079bf07df" testListId="8c84fa94-04c1-424b-9868-57a2d4851a1d" />
    <TestEntry testId="55f041d7-d67d-7c07-3d7c-8e2b2951c8af" executionId="55d18f74-4923-4cba-a06b-e50bc7262b2f" testListId="8c84fa94-04c1-424b-9868-57a2d4851a1d" />
    <TestEntry testId="1b003f1d-3402-4d19-d525-b44547391f1a" executionId="228e8f5c-02e3-44de-92ef-152c66fdbf0b" testListId="8c84fa94-04c1-424b-9868-57a2d4851a1d" />
    <TestEntry testId="aae80a07-bba1-9961-65be-939c18637c0f" executionId="eaacb7eb-19af-4187-8e5c-c9e943bc496d" testListId="8c84fa94-04c1-424b-9868-57a2d4851a1d" />
    <TestEntry testId="98151138-966d-edaa-0ea5-0884f806fbe3" executionId="c004367c-3bbc-4fbf-b07d-f74e534e15cd" testListId="8c84fa94-04c1-424b-9868-57a2d4851a1d" />
    <TestEntry testId="37587483-e18a-a534-2d93-a854d07444cf" executionId="7ffbb984-1b83-403f-89d2-85f2821ec9e4" testListId="8c84fa94-04c1-424b-9868-57a2d4851a1d" />
    <TestEntry testId="9edf38d2-10df-1285-f1e9-196bcd9988f8" executionId="86953ad4-2461-4aa4-9a94-101212de9178" testListId="8c84fa94-04c1-424b-9868-57a2d4851a1d" />
    <TestEntry testId="ded8f92d-102b-0358-7b5e-2828b919f24e" executionId="d30b12a2-9c78-46f7-9698-4926e24a8ce1" testListId="8c84fa94-04c1-424b-9868-57a2d4851a1d" />
    <TestEntry testId="46208886-2822-7a4d-9f45-2594097b10ac" executionId="28c4d46f-d564-4edd-999e-9c250751b7b5" testListId="8c84fa94-04c1-424b-9868-57a2d4851a1d" />
    <TestEntry testId="ca147646-4355-af9f-461b-7fc1ef6c9150" executionId="1a40cc6b-3ec1-4fa4-ad82-594b1d2fbe2d" testListId="8c84fa94-04c1-424b-9868-57a2d4851a1d" />
    <TestEntry testId="305d7ad1-754b-b20e-e365-f6184e1cc97e" executionId="d9975f21-22b5-42f3-a1f4-6c7853f7f3e1" testListId="8c84fa94-04c1-424b-9868-57a2d4851a1d" />
    <TestEntry testId="793c7d39-7106-ac74-be73-1143bc1bfdf9" executionId="411da37c-4b75-47a7-ad0f-c1b67469d635" testListId="8c84fa94-04c1-424b-9868-57a2d4851a1d" />
    <TestEntry testId="4f67632a-4e3f-54e2-bbbb-b46e8211d145" executionId="762faa8e-3ac0-4011-a069-111a320c9246" testListId="8c84fa94-04c1-424b-9868-57a2d4851a1d" />
    <TestEntry testId="60e80acb-4b4f-9012-dd83-8197d27088df" executionId="6c41821a-64fb-49e7-afde-9ece2c5bd3fa" testListId="8c84fa94-04c1-424b-9868-57a2d4851a1d" />
    <TestEntry testId="385e9e4e-5151-54c2-b1cc-cc27d181a957" executionId="8a1f3c68-92c8-4486-bc1a-8bac1bc4f512" testListId="8c84fa94-04c1-424b-9868-57a2d4851a1d" />
    <TestEntry testId="ad937d21-993c-7f1a-8fa0-80c5eedeab97" executionId="5b8358a2-b3fa-4304-bbef-f0c9a4b3904b" testListId="8c84fa94-04c1-424b-9868-57a2d4851a1d" />
    <TestEntry testId="817b77eb-bf56-7bdc-eb38-c60ea94fbfb5" executionId="3ea4a076-2ad1-44f7-8da0-942d2804a23d" testListId="8c84fa94-04c1-424b-9868-57a2d4851a1d" />
    <TestEntry testId="52b3e7e8-c4a5-3878-cfaf-52c526b4299d" executionId="1d5989a7-0411-44f5-b83d-1728dd194da3" testListId="8c84fa94-04c1-424b-9868-57a2d4851a1d" />
    <TestEntry testId="d8c2e320-6190-1b72-f66d-bb30497b2432" executionId="f5df6915-5e77-4f92-aa01-179005ac211c" testListId="8c84fa94-04c1-424b-9868-57a2d4851a1d" />
    <TestEntry testId="6568c19e-8bf2-d34d-5eef-b1a22db6673c" executionId="939ea8a7-198e-4949-bafc-de9597e86ceb" testListId="8c84fa94-04c1-424b-9868-57a2d4851a1d" />
    <TestEntry testId="7c79ce62-edca-d66d-7a06-5b9a9eacd5c6" executionId="9f3f08a1-6fba-4827-addb-5ea9ad189a08" testListId="8c84fa94-04c1-424b-9868-57a2d4851a1d" />
    <TestEntry testId="81b93e8e-482e-e408-eee4-d9aa0556e6f0" executionId="4038e7bf-f90d-447c-9411-1792ef51466d" testListId="8c84fa94-04c1-424b-9868-57a2d4851a1d" />
    <TestEntry testId="eac2e640-9ce9-7c4d-f7fa-c93756d8fd21" executionId="a2198b77-0e0a-4e42-8eb1-b724db953d6b" testListId="8c84fa94-04c1-424b-9868-57a2d4851a1d" />
  </TestEntries>
  <TestLists>
    <TestList name="Results Not in a List" id="8c84fa94-04c1-424b-9868-57a2d4851a1d" />
    <TestList name="All Loaded Results" id="19431567-8539-422a-85d7-44ee4e166bda" />
  </TestLists>
  <ResultSummary outcome="Completed">
    <Counters total="352" executed="352" passed="352" failed="0" error="0" timeout="0" aborted="0" inconclusive="0" passedButRunAborted="0" notRunnable="0" notExecuted="0" disconnected="0" warning="0" completed="0" inProgress="0" pending="0" />
  </ResultSummary>
</TestRun>