<?xml version="1.0" encoding="utf-8"?>
<TestRun id="2f3b7ed2-8984-4672-b66b-4fae2d62a713" name="DKSR-EFI-06$@DKSR-EFI-06 2024-01-09 15:42:45" runUser="NT AUTHORITY\NETWORK SERVICE" xmlns="http://microsoft.com/schemas/VisualStudio/TeamTest/2010">
  <Times creation="2024-01-09T15:42:45.8415342+01:00" queuing="2024-01-09T15:42:45.8415342+01:00" start="2024-01-09T15:42:35.0446159+01:00" finish="2024-01-09T15:42:45.9509075+01:00" />
  <TestSettings name="default" id="58aeb239-093c-4609-a1ff-cd08a59370f1">
    <Deployment runDeploymentRoot="DKSR-EFI-06$_DKSR-EFI-06_2024-01-09_15_42_45" />
  </TestSettings>
  <Results>
    <UnitTestResult executionId="1a350868-5619-498f-a502-511517afab77" testId="b2e08f95-aefa-cba1-4fce-ea03f71df336" testName="AddSystemTest" computerName="DKSR-EFI-06" startTime="2024-01-09T15:42:44.8884067+01:00" endTime="2024-01-09T15:42:44.8884067+01:00" testType="13cdc9d9-ddb5-4fa4-a97d-d965ccfc6d4b" outcome="NotExecuted" testListId="8c84fa94-04c1-424b-9868-57a2d4851a1d" relativeResultsDirectory="1a350868-5619-498f-a502-511517afab77" />
    <UnitTestResult executionId="3c7adfc5-9952-45c2-b1a5-bd6ca28726df" testId="c32f8909-6f6e-4795-9b94-e63a8c391f28" testName="AddInterfaceTest" computerName="DKSR-EFI-06" startTime="2024-01-09T15:42:44.9509078+01:00" endTime="2024-01-09T15:42:44.9509078+01:00" testType="13cdc9d9-ddb5-4fa4-a97d-d965ccfc6d4b" outcome="NotExecuted" testListId="8c84fa94-04c1-424b-9868-57a2d4851a1d" relativeResultsDirectory="3c7adfc5-9952-45c2-b1a5-bd6ca28726df" />
  </Results>
  <TestDefinitions>
    <UnitTest name="AddSystemTest" storage="d:\actions-runner\_work\xpco\xpco\downloadmanager\binaries\sscm.unittest\bin\debug\sscm.unittest.dll" id="b2e08f95-aefa-cba1-4fce-ea03f71df336">
      <Execution id="1a350868-5619-498f-a502-511517afab77" />
      <TestMethod codeBase="D:\actions-runner\_work\XPCO\XPCO\DownloadManager\Binaries\SSCM.UnitTest\bin\Debug\SSCM.UnitTest.dll" adapterTypeName="executor://mstestadapter/v1" className="SSCM.Interface.UnitTest.EngineTest" name="AddSystemTest" />
    </UnitTest>
    <UnitTest name="AddInterfaceTest" storage="d:\actions-runner\_work\xpco\xpco\downloadmanager\binaries\sscm.unittest\bin\debug\sscm.unittest.dll" id="c32f8909-6f6e-4795-9b94-e63a8c391f28">
      <Execution id="3c7adfc5-9952-45c2-b1a5-bd6ca28726df" />
      <TestMethod codeBase="D:\actions-runner\_work\XPCO\XPCO\DownloadManager\Binaries\SSCM.UnitTest\bin\Debug\SSCM.UnitTest.dll" adapterTypeName="executor://mstestadapter/v1" className="SSCM.Interface.UnitTest.EngineTest" name="AddInterfaceTest" />
    </UnitTest>
  </TestDefinitions>
  <TestEntries>
    <TestEntry testId="b2e08f95-aefa-cba1-4fce-ea03f71df336" executionId="1a350868-5619-498f-a502-511517afab77" testListId="8c84fa94-04c1-424b-9868-57a2d4851a1d" />
    <TestEntry testId="c32f8909-6f6e-4795-9b94-e63a8c391f28" executionId="3c7adfc5-9952-45c2-b1a5-bd6ca28726df" testListId="8c84fa94-04c1-424b-9868-57a2d4851a1d" />
  </TestEntries>
  <TestLists>
    <TestList name="Results Not in a List" id="8c84fa94-04c1-424b-9868-57a2d4851a1d" />
    <TestList name="All Loaded Results" id="19431567-8539-422a-85d7-44ee4e166bda" />
  </TestLists>
  <ResultSummary outcome="Completed">
    <Counters total="2" executed="0" passed="0" failed="0" error="0" timeout="0" aborted="0" inconclusive="0" passedButRunAborted="0" notRunnable="0" notExecuted="0" disconnected="0" warning="0" completed="0" inProgress="0" pending="0" />
    <Output>
      <StdOut>Test 'AddSystemTest' was skipped in the test run.&#xD;
Test 'AddInterfaceTest' was skipped in the test run.&#xD;
</StdOut>
    </Output>
  </ResultSummary>
</TestRun>