<?xml version="1.0" encoding="utf-8"?>
<TestRun id="6da80294-aa5d-4447-804e-7691e17333e0" name="DKSR-EFI-06$@DKSR-EFI-06 2024-01-09 15:43:23" runUser="NT AUTHORITY\NETWORK SERVICE" xmlns="http://microsoft.com/schemas/VisualStudio/TeamTest/2010">
  <Times creation="2024-01-09T15:43:23.4197513+01:00" queuing="2024-01-09T15:43:23.4197513+01:00" start="2024-01-09T15:43:12.6697345+01:00" finish="2024-01-09T15:43:25.0916276+01:00" />
  <TestSettings name="default" id="908e9f70-9f5c-4f8f-b5e5-08950de50725">
    <Deployment runDeploymentRoot="DKSR-EFI-06$_DKSR-EFI-06_2024-01-09_15_43_23" />
  </TestSettings>
  <Results>
    <UnitTestResult executionId="a65cee96-df64-4895-84ed-c19efe09d472" testId="e889711b-9389-bbce-3f9e-c45d7c80eb24" testName="NewVersionWithParameter_ReturnsCorrectValue" computerName="DKSR-EFI-06" duration="00:00:00.0022389" startTime="2024-01-09T15:43:23.7322514+01:00" endTime="2024-01-09T15:43:23.7322514+01:00" testType="13cdc9d9-ddb5-4fa4-a97d-d965ccfc6d4b" outcome="Passed" testListId="8c84fa94-04c1-424b-9868-57a2d4851a1d" relativeResultsDirectory="a65cee96-df64-4895-84ed-c19efe09d472" />
    <UnitTestResult executionId="25318b5b-26e2-42ce-822c-ab38a047c499" testId="772a0a3d-9fe0-30bf-0bb1-75531aa26fff" testName="VersionUpdate_ShouldUpdate_WhenCurrentVersionIsLowerThanAssemblyVersion" computerName="DKSR-EFI-06" duration="00:00:00.0144133" startTime="2024-01-09T15:43:24.1541279+01:00" endTime="2024-01-09T15:43:24.1697502+01:00" testType="13cdc9d9-ddb5-4fa4-a97d-d965ccfc6d4b" outcome="Passed" testListId="8c84fa94-04c1-424b-9868-57a2d4851a1d" relativeResultsDirectory="25318b5b-26e2-42ce-822c-ab38a047c499" />
    <UnitTestResult executionId="a3b7b9bc-a142-455e-83c5-b1ce89ebe765" testId="ee999e7b-cd03-6b39-7f2e-d4da2c68e33f" testName="WhenUpdatingServerGroupMembershipTableWithAcGuidsDatabaseSavesAndCommits" computerName="DKSR-EFI-06" duration="00:00:00.3643117" startTime="2024-01-09T15:43:23.2322509+01:00" endTime="2024-01-09T15:43:23.5916270+01:00" testType="13cdc9d9-ddb5-4fa4-a97d-d965ccfc6d4b" outcome="Passed" testListId="8c84fa94-04c1-424b-9868-57a2d4851a1d" relativeResultsDirectory="a3b7b9bc-a142-455e-83c5-b1ce89ebe765" />
    <UnitTestResult executionId="9bb610ae-0520-460a-bf66-df60e6da48ce" testId="3fe3f45b-e7c3-bf44-859f-287ed3d36ea5" testName="WhenUpdatingServerGroupTableWithAcGuidsDatabaseSavesAndCommits" computerName="DKSR-EFI-06" duration="00:00:00.0791771" startTime="2024-01-09T15:43:23.6228758+01:00" endTime="2024-01-09T15:43:23.7166252+01:00" testType="13cdc9d9-ddb5-4fa4-a97d-d965ccfc6d4b" outcome="Passed" testListId="8c84fa94-04c1-424b-9868-57a2d4851a1d" relativeResultsDirectory="9bb610ae-0520-460a-bf66-df60e6da48ce" />
    <UnitTestResult executionId="598441c2-82dd-4652-968e-2d6160c1217a" testId="11f5b8b8-c8a1-2edf-f7a1-b6ad000acce6" testName="NewVersionWithParameter_ThrowsException_WhenResultExcedsMaxVersion" computerName="DKSR-EFI-06" duration="00:00:00.0076177" startTime="2024-01-09T15:43:23.7322514+01:00" endTime="2024-01-09T15:43:23.7478753+01:00" testType="13cdc9d9-ddb5-4fa4-a97d-d965ccfc6d4b" outcome="Passed" testListId="8c84fa94-04c1-424b-9868-57a2d4851a1d" relativeResultsDirectory="598441c2-82dd-4652-968e-2d6160c1217a" />
    <UnitTestResult executionId="570bd572-b698-45e0-9609-123b735467da" testId="d7a17563-a906-bd0d-2cd4-abc94cefacb4" testName="WhenUpdatingServerGroupMembershipTableWithAcGuidsDatabaseFailsAndRollsback" computerName="DKSR-EFI-06" duration="00:00:00.0051459" startTime="2024-01-09T15:43:23.6072504+01:00" endTime="2024-01-09T15:43:23.6072504+01:00" testType="13cdc9d9-ddb5-4fa4-a97d-d965ccfc6d4b" outcome="Passed" testListId="8c84fa94-04c1-424b-9868-57a2d4851a1d" relativeResultsDirectory="570bd572-b698-45e0-9609-123b735467da" />
    <UnitTestResult executionId="626b2dab-040e-487c-9fb4-ac386f3344ec" testId="0a35ac16-856d-a760-34ae-0dece6906df2" testName="UpdateMipObjectTableSavesAndCommitsAndVersionIsSet" computerName="DKSR-EFI-06" duration="00:00:00.0638989" startTime="2024-01-09T15:43:24.0134998+01:00" endTime="2024-01-09T15:43:24.0916293+01:00" testType="13cdc9d9-ddb5-4fa4-a97d-d965ccfc6d4b" outcome="Passed" testListId="8c84fa94-04c1-424b-9868-57a2d4851a1d" relativeResultsDirectory="626b2dab-040e-487c-9fb4-ac386f3344ec" />
    <UnitTestResult executionId="53d33eea-fdfb-46c2-93dc-6c1ce3d4552f" testId="83352bd5-dbe0-7f04-6411-7951149ba2df" testName="TestDomainUserNotLocal" computerName="DKSR-EFI-06" duration="00:00:00.2632942" startTime="2024-01-09T15:43:23.7478753+01:00" endTime="2024-01-09T15:43:24.0134998+01:00" testType="13cdc9d9-ddb5-4fa4-a97d-d965ccfc6d4b" outcome="Passed" testListId="8c84fa94-04c1-424b-9868-57a2d4851a1d" relativeResultsDirectory="53d33eea-fdfb-46c2-93dc-6c1ce3d4552f" />
    <UnitTestResult executionId="8e5587f2-5ca1-47fb-8bc4-78d6642a83fc" testId="c3eb5b3a-79e9-ae13-32c6-d3c06c1792e1" testName="WhenDatabaseVersionPreviousToFipsMigrationThenUpdate" computerName="DKSR-EFI-06" duration="00:00:00.0051503" startTime="2024-01-09T15:43:24.2010019+01:00" endTime="2024-01-09T15:43:24.2010019+01:00" testType="13cdc9d9-ddb5-4fa4-a97d-d965ccfc6d4b" outcome="Passed" testListId="8c84fa94-04c1-424b-9868-57a2d4851a1d" relativeResultsDirectory="8e5587f2-5ca1-47fb-8bc4-78d6642a83fc" />
    <UnitTestResult executionId="595da306-900e-454d-a5cc-26d128084102" testId="72fa82f1-9378-50e6-a1a5-ac3ff67a0c30" testName="WhenSqlConnectionFailsThenSaveMethodFailsAndVersionDoesNotChangeAndRollbackIsCalled" computerName="DKSR-EFI-06" duration="00:00:00.0044398" startTime="2024-01-09T15:43:24.0916293+01:00" endTime="2024-01-09T15:43:24.0916293+01:00" testType="13cdc9d9-ddb5-4fa4-a97d-d965ccfc6d4b" outcome="Passed" testListId="8c84fa94-04c1-424b-9868-57a2d4851a1d" relativeResultsDirectory="595da306-900e-454d-a5cc-26d128084102" />
    <UnitTestResult executionId="b8ade0be-765e-4df7-b888-c4ac06ec2107" testId="59e70bbb-30b4-4c55-5d7a-44ef273e83f8" testName="WhenConfigurationTableUpdateIsCalledThenUpdateEventMessageIsRaised" computerName="DKSR-EFI-06" duration="00:00:00.0157200" startTime="2024-01-09T15:43:24.1853776+01:00" endTime="2024-01-09T15:43:24.2010019+01:00" testType="13cdc9d9-ddb5-4fa4-a97d-d965ccfc6d4b" outcome="Passed" testListId="8c84fa94-04c1-424b-9868-57a2d4851a1d" relativeResultsDirectory="b8ade0be-765e-4df7-b888-c4ac06ec2107" />
    <UnitTestResult executionId="4b692fcf-c85c-4b98-8523-651c6e840b03" testId="28ea4c1d-b8f3-047b-bb33-2ad199648499" testName="ParseSqlScript_WithComments_Success" computerName="DKSR-EFI-06" duration="00:00:00.0005173" startTime="2024-01-09T15:43:24.3572515+01:00" endTime="2024-01-09T15:43:24.3728761+01:00" testType="13cdc9d9-ddb5-4fa4-a97d-d965ccfc6d4b" outcome="Passed" testListId="8c84fa94-04c1-424b-9868-57a2d4851a1d" relativeResultsDirectory="4b692fcf-c85c-4b98-8523-651c6e840b03" />
    <UnitTestResult executionId="0b390b45-7f03-4a59-a41b-bfc33b37f6df" testId="d68886f1-bb44-4540-7114-65c1f3afd982" testName="Update_AllScriptsAreExecuted" computerName="DKSR-EFI-06" duration="00:00:00.0487554" startTime="2024-01-09T15:43:24.0916293+01:00" endTime="2024-01-09T15:43:24.1385037+01:00" testType="13cdc9d9-ddb5-4fa4-a97d-d965ccfc6d4b" outcome="Passed" testListId="8c84fa94-04c1-424b-9868-57a2d4851a1d" relativeResultsDirectory="0b390b45-7f03-4a59-a41b-bfc33b37f6df" />
    <UnitTestResult executionId="1c8127c4-be53-485a-8f5c-5721329a0deb" testId="f1ae17f2-adc1-0543-5bfa-280090ace2ee" testName="WhenUpdatingServerGroupTableWithAcGuidsDatabaseFailsAndRollsback" computerName="DKSR-EFI-06" duration="00:00:00.0056929" startTime="2024-01-09T15:43:23.7166252+01:00" endTime="2024-01-09T15:43:23.7166252+01:00" testType="13cdc9d9-ddb5-4fa4-a97d-d965ccfc6d4b" outcome="Passed" testListId="8c84fa94-04c1-424b-9868-57a2d4851a1d" relativeResultsDirectory="1c8127c4-be53-485a-8f5c-5721329a0deb" />
    <UnitTestResult executionId="3f7d390a-2e29-4166-87ae-e510f350084c" testId="b814a1af-da2f-5f2c-9ffc-2c2401f3e590" testName="NewVersionAndMaxVersion_ReturnCorrectValue" computerName="DKSR-EFI-06" duration="00:00:00.0031048" startTime="2024-01-09T15:43:23.7166252+01:00" endTime="2024-01-09T15:43:23.7322514+01:00" testType="13cdc9d9-ddb5-4fa4-a97d-d965ccfc6d4b" outcome="Passed" testListId="8c84fa94-04c1-424b-9868-57a2d4851a1d" relativeResultsDirectory="3f7d390a-2e29-4166-87ae-e510f350084c" />
    <UnitTestResult executionId="d6ef081a-0c45-4153-b36a-5da9d3b265c1" testId="c3e7de77-bb25-902a-591b-261cc3148e6a" testName="ParseSqlScript_Success" computerName="DKSR-EFI-06" duration="00:00:00.1564162" startTime="2024-01-09T15:43:24.2010019+01:00" endTime="2024-01-09T15:43:24.3572515+01:00" testType="13cdc9d9-ddb5-4fa4-a97d-d965ccfc6d4b" outcome="Passed" testListId="8c84fa94-04c1-424b-9868-57a2d4851a1d" relativeResultsDirectory="d6ef081a-0c45-4153-b36a-5da9d3b265c1" />
    <UnitTestResult executionId="20bc59ba-824f-4159-a20a-ab6392881ba0" testId="fdef8f31-5381-382b-3d70-bf709c4ebffe" testName="WhenUpdatingServerGroupMembershipTableWithNoACGuidsNothingHappens" computerName="DKSR-EFI-06" duration="00:00:00.8048880" startTime="2024-01-09T15:43:21.8884990+01:00" endTime="2024-01-09T15:43:23.1385018+01:00" testType="13cdc9d9-ddb5-4fa4-a97d-d965ccfc6d4b" outcome="Passed" testListId="8c84fa94-04c1-424b-9868-57a2d4851a1d" relativeResultsDirectory="20bc59ba-824f-4159-a20a-ab6392881ba0" />
    <UnitTestResult executionId="777ae33d-0db5-4411-ac20-4f2131e97e56" testId="46aaf99f-e867-4d9d-254c-b3248b290407" testName="SaveMethodWithNullIdsShouldReturnNullReferenceException" computerName="DKSR-EFI-06" duration="00:00:00.0039625" startTime="2024-01-09T15:43:24.0134998+01:00" endTime="2024-01-09T15:43:24.0134998+01:00" testType="13cdc9d9-ddb5-4fa4-a97d-d965ccfc6d4b" outcome="Passed" testListId="8c84fa94-04c1-424b-9868-57a2d4851a1d" relativeResultsDirectory="777ae33d-0db5-4411-ac20-4f2131e97e56" />
    <UnitTestResult executionId="947bee8e-0652-4578-8791-279121a75fac" testId="3173a59a-8f58-9494-16d6-53458e89f4ad" testName="WhenUpdatingServerGroupTableWithNoACGuidsNothingHappens" computerName="DKSR-EFI-06" duration="00:00:00.0080285" startTime="2024-01-09T15:43:23.6072504+01:00" endTime="2024-01-09T15:43:23.6228758+01:00" testType="13cdc9d9-ddb5-4fa4-a97d-d965ccfc6d4b" outcome="Passed" testListId="8c84fa94-04c1-424b-9868-57a2d4851a1d" relativeResultsDirectory="947bee8e-0652-4578-8791-279121a75fac" />
    <UnitTestResult executionId="b7509ca5-c372-42bf-ae4f-b1f4ad93958e" testId="5652cae6-f25a-2503-2a6f-07e5734f4461" testName="VersionUpdate_ShouldNotUpdate_WhenCurrentVersionIsNotLowerThanAssemblyVersion" computerName="DKSR-EFI-06" duration="00:00:00.0039860" startTime="2024-01-09T15:43:24.1697502+01:00" endTime="2024-01-09T15:43:24.1697502+01:00" testType="13cdc9d9-ddb5-4fa4-a97d-d965ccfc6d4b" outcome="Passed" testListId="8c84fa94-04c1-424b-9868-57a2d4851a1d" relativeResultsDirectory="b7509ca5-c372-42bf-ae4f-b1f4ad93958e" />
    <UnitTestResult executionId="dd42e00d-1a67-4fa4-8860-8140df68f5e7" testId="66ae9fda-ed2c-b96a-fb87-1a1c2c9beebc" testName="GetDatabaseName_Success" computerName="DKSR-EFI-06" duration="00:00:00.0007292" startTime="2024-01-09T15:43:24.3728761+01:00" endTime="2024-01-09T15:43:24.3728761+01:00" testType="13cdc9d9-ddb5-4fa4-a97d-d965ccfc6d4b" outcome="Passed" testListId="8c84fa94-04c1-424b-9868-57a2d4851a1d" relativeResultsDirectory="dd42e00d-1a67-4fa4-8860-8140df68f5e7" />
  </Results>
  <TestDefinitions>
    <UnitTest name="WhenUpdatingServerGroupTableWithAcGuidsDatabaseFailsAndRollsback" storage="d:\actions-runner\_work\xpco\xpco\eventserver\server\installer\videoos.eventserver.dbupdate.unittest\bin\debug\videoos.eventserver.dbupdate.unittest.dll" id="f1ae17f2-adc1-0543-5bfa-280090ace2ee">
      <Execution id="1c8127c4-be53-485a-8f5c-5721329a0deb" />
      <TestMethod codeBase="D:\actions-runner\_work\XPCO\XPCO\EventServer\Server\Installer\VideoOS.EventServer.DbUpdate.UnitTest\bin\Debug\VideoOS.EventServer.DbUpdate.UnitTest.dll" adapterTypeName="executor://mstestadapter/v2" className="EventServerDbUpdateTest.DatabaseServerGroupRepositoryTest" name="WhenUpdatingServerGroupTableWithAcGuidsDatabaseFailsAndRollsback" />
    </UnitTest>
    <UnitTest name="WhenUpdatingServerGroupMembershipTableWithAcGuidsDatabaseFailsAndRollsback" storage="d:\actions-runner\_work\xpco\xpco\eventserver\server\installer\videoos.eventserver.dbupdate.unittest\bin\debug\videoos.eventserver.dbupdate.unittest.dll" id="d7a17563-a906-bd0d-2cd4-abc94cefacb4">
      <Execution id="570bd572-b698-45e0-9609-123b735467da" />
      <TestMethod codeBase="D:\actions-runner\_work\XPCO\XPCO\EventServer\Server\Installer\VideoOS.EventServer.DbUpdate.UnitTest\bin\Debug\VideoOS.EventServer.DbUpdate.UnitTest.dll" adapterTypeName="executor://mstestadapter/v2" className="EventServerDbUpdateTest.DatabaseServerGroupMembershipRepositoryTest" name="WhenUpdatingServerGroupMembershipTableWithAcGuidsDatabaseFailsAndRollsback" />
    </UnitTest>
    <UnitTest name="GetDatabaseName_Success" storage="d:\actions-runner\_work\xpco\xpco\eventserver\server\installer\videoos.eventserver.dbupdate.unittest\bin\debug\videoos.eventserver.dbupdate.unittest.dll" id="66ae9fda-ed2c-b96a-fb87-1a1c2c9beebc">
      <Execution id="dd42e00d-1a67-4fa4-8860-8140df68f5e7" />
      <TestMethod codeBase="D:\actions-runner\_work\XPCO\XPCO\EventServer\Server\Installer\VideoOS.EventServer.DbUpdate.UnitTest\bin\Debug\VideoOS.EventServer.DbUpdate.UnitTest.dll" adapterTypeName="executor://mstestadapter/v2" className="EventServerDbUpdateTest.SqlHelpers.SqlExecuteHelperTest" name="GetDatabaseName_Success" />
    </UnitTest>
    <UnitTest name="WhenDatabaseVersionPreviousToFipsMigrationThenUpdate" storage="d:\actions-runner\_work\xpco\xpco\eventserver\server\installer\videoos.eventserver.dbupdate.unittest\bin\debug\videoos.eventserver.dbupdate.unittest.dll" id="c3eb5b3a-79e9-ae13-32c6-d3c06c1792e1">
      <Execution id="8e5587f2-5ca1-47fb-8bc4-78d6642a83fc" />
      <TestMethod codeBase="D:\actions-runner\_work\XPCO\XPCO\EventServer\Server\Installer\VideoOS.EventServer.DbUpdate.UnitTest\bin\Debug\VideoOS.EventServer.DbUpdate.UnitTest.dll" adapterTypeName="executor://mstestadapter/v2" className="EventServerDbUpdateTest.UpdateActions.UpdateContentInXmlTableActionTest" name="WhenDatabaseVersionPreviousToFipsMigrationThenUpdate" />
    </UnitTest>
    <UnitTest name="WhenConfigurationTableUpdateIsCalledThenUpdateEventMessageIsRaised" storage="d:\actions-runner\_work\xpco\xpco\eventserver\server\installer\videoos.eventserver.dbupdate.unittest\bin\debug\videoos.eventserver.dbupdate.unittest.dll" id="59e70bbb-30b4-4c55-5d7a-44ef273e83f8">
      <Execution id="b8ade0be-765e-4df7-b888-c4ac06ec2107" />
      <TestMethod codeBase="D:\actions-runner\_work\XPCO\XPCO\EventServer\Server\Installer\VideoOS.EventServer.DbUpdate.UnitTest\bin\Debug\VideoOS.EventServer.DbUpdate.UnitTest.dll" adapterTypeName="executor://mstestadapter/v2" className="EventServerDbUpdateTest.UpdateActions.UpdateMd5ToSha1InTableTest" name="WhenConfigurationTableUpdateIsCalledThenUpdateEventMessageIsRaised" />
    </UnitTest>
    <UnitTest name="ParseSqlScript_Success" storage="d:\actions-runner\_work\xpco\xpco\eventserver\server\installer\videoos.eventserver.dbupdate.unittest\bin\debug\videoos.eventserver.dbupdate.unittest.dll" id="c3e7de77-bb25-902a-591b-261cc3148e6a">
      <Execution id="d6ef081a-0c45-4153-b36a-5da9d3b265c1" />
      <TestMethod codeBase="D:\actions-runner\_work\XPCO\XPCO\EventServer\Server\Installer\VideoOS.EventServer.DbUpdate.UnitTest\bin\Debug\VideoOS.EventServer.DbUpdate.UnitTest.dll" adapterTypeName="executor://mstestadapter/v2" className="EventServerDbUpdateTest.SqlHelpers.SqlExecuteHelperTest" name="ParseSqlScript_Success" />
    </UnitTest>
    <UnitTest name="WhenSqlConnectionFailsThenSaveMethodFailsAndVersionDoesNotChangeAndRollbackIsCalled" storage="d:\actions-runner\_work\xpco\xpco\eventserver\server\installer\videoos.eventserver.dbupdate.unittest\bin\debug\videoos.eventserver.dbupdate.unittest.dll" id="72fa82f1-9378-50e6-a1a5-ac3ff67a0c30">
      <Execution id="595da306-900e-454d-a5cc-26d128084102" />
      <TestMethod codeBase="D:\actions-runner\_work\XPCO\XPCO\EventServer\Server\Installer\VideoOS.EventServer.DbUpdate.UnitTest\bin\Debug\VideoOS.EventServer.DbUpdate.UnitTest.dll" adapterTypeName="executor://mstestadapter/v2" className="EventServerDbUpdateTest.UpdateActions.DatabaseMipObjectDataRepositoryTests" name="WhenSqlConnectionFailsThenSaveMethodFailsAndVersionDoesNotChangeAndRollbackIsCalled" />
    </UnitTest>
    <UnitTest name="SaveMethodWithNullIdsShouldReturnNullReferenceException" storage="d:\actions-runner\_work\xpco\xpco\eventserver\server\installer\videoos.eventserver.dbupdate.unittest\bin\debug\videoos.eventserver.dbupdate.unittest.dll" id="46aaf99f-e867-4d9d-254c-b3248b290407">
      <Execution id="777ae33d-0db5-4411-ac20-4f2131e97e56" />
      <TestMethod codeBase="D:\actions-runner\_work\XPCO\XPCO\EventServer\Server\Installer\VideoOS.EventServer.DbUpdate.UnitTest\bin\Debug\VideoOS.EventServer.DbUpdate.UnitTest.dll" adapterTypeName="executor://mstestadapter/v2" className="EventServerDbUpdateTest.UpdateActions.DatabaseMipObjectDataRepositoryTests" name="SaveMethodWithNullIdsShouldReturnNullReferenceException" />
    </UnitTest>
    <UnitTest name="WhenUpdatingServerGroupTableWithAcGuidsDatabaseSavesAndCommits" storage="d:\actions-runner\_work\xpco\xpco\eventserver\server\installer\videoos.eventserver.dbupdate.unittest\bin\debug\videoos.eventserver.dbupdate.unittest.dll" id="3fe3f45b-e7c3-bf44-859f-287ed3d36ea5">
      <Execution id="9bb610ae-0520-460a-bf66-df60e6da48ce" />
      <TestMethod codeBase="D:\actions-runner\_work\XPCO\XPCO\EventServer\Server\Installer\VideoOS.EventServer.DbUpdate.UnitTest\bin\Debug\VideoOS.EventServer.DbUpdate.UnitTest.dll" adapterTypeName="executor://mstestadapter/v2" className="EventServerDbUpdateTest.DatabaseServerGroupRepositoryTest" name="WhenUpdatingServerGroupTableWithAcGuidsDatabaseSavesAndCommits" />
    </UnitTest>
    <UnitTest name="UpdateMipObjectTableSavesAndCommitsAndVersionIsSet" storage="d:\actions-runner\_work\xpco\xpco\eventserver\server\installer\videoos.eventserver.dbupdate.unittest\bin\debug\videoos.eventserver.dbupdate.unittest.dll" id="0a35ac16-856d-a760-34ae-0dece6906df2">
      <Execution id="626b2dab-040e-487c-9fb4-ac386f3344ec" />
      <TestMethod codeBase="D:\actions-runner\_work\XPCO\XPCO\EventServer\Server\Installer\VideoOS.EventServer.DbUpdate.UnitTest\bin\Debug\VideoOS.EventServer.DbUpdate.UnitTest.dll" adapterTypeName="executor://mstestadapter/v2" className="EventServerDbUpdateTest.UpdateActions.DatabaseMipObjectDataRepositoryTests" name="UpdateMipObjectTableSavesAndCommitsAndVersionIsSet" />
    </UnitTest>
    <UnitTest name="NewVersionWithParameter_ReturnsCorrectValue" storage="d:\actions-runner\_work\xpco\xpco\eventserver\server\installer\videoos.eventserver.dbupdate.unittest\bin\debug\videoos.eventserver.dbupdate.unittest.dll" id="e889711b-9389-bbce-3f9e-c45d7c80eb24">
      <Execution id="a65cee96-df64-4895-84ed-c19efe09d472" />
      <TestMethod codeBase="D:\actions-runner\_work\XPCO\XPCO\EventServer\Server\Installer\VideoOS.EventServer.DbUpdate.UnitTest\bin\Debug\VideoOS.EventServer.DbUpdate.UnitTest.dll" adapterTypeName="executor://mstestadapter/v2" className="EventServerDbUpdateTest.DatabaseVersionProviderTest" name="NewVersionWithParameter_ReturnsCorrectValue" />
    </UnitTest>
    <UnitTest name="WhenUpdatingServerGroupMembershipTableWithNoACGuidsNothingHappens" storage="d:\actions-runner\_work\xpco\xpco\eventserver\server\installer\videoos.eventserver.dbupdate.unittest\bin\debug\videoos.eventserver.dbupdate.unittest.dll" id="fdef8f31-5381-382b-3d70-bf709c4ebffe">
      <Execution id="20bc59ba-824f-4159-a20a-ab6392881ba0" />
      <TestMethod codeBase="D:\actions-runner\_work\XPCO\XPCO\EventServer\Server\Installer\VideoOS.EventServer.DbUpdate.UnitTest\bin\Debug\VideoOS.EventServer.DbUpdate.UnitTest.dll" adapterTypeName="executor://mstestadapter/v2" className="EventServerDbUpdateTest.DatabaseServerGroupMembershipRepositoryTest" name="WhenUpdatingServerGroupMembershipTableWithNoACGuidsNothingHappens" />
    </UnitTest>
    <UnitTest name="VersionUpdate_ShouldNotUpdate_WhenCurrentVersionIsNotLowerThanAssemblyVersion" storage="d:\actions-runner\_work\xpco\xpco\eventserver\server\installer\videoos.eventserver.dbupdate.unittest\bin\debug\videoos.eventserver.dbupdate.unittest.dll" id="5652cae6-f25a-2503-2a6f-07e5734f4461">
      <Execution id="b7509ca5-c372-42bf-ae4f-b1f4ad93958e" />
      <TestMethod codeBase="D:\actions-runner\_work\XPCO\XPCO\EventServer\Server\Installer\VideoOS.EventServer.DbUpdate.UnitTest\bin\Debug\VideoOS.EventServer.DbUpdate.UnitTest.dll" adapterTypeName="executor://mstestadapter/v2" className="EventServerDbUpdateTest.UpdateActions.DatabaseUpdateActionTest" name="VersionUpdate_ShouldNotUpdate_WhenCurrentVersionIsNotLowerThanAssemblyVersion" />
    </UnitTest>
    <UnitTest name="VersionUpdate_ShouldUpdate_WhenCurrentVersionIsLowerThanAssemblyVersion" storage="d:\actions-runner\_work\xpco\xpco\eventserver\server\installer\videoos.eventserver.dbupdate.unittest\bin\debug\videoos.eventserver.dbupdate.unittest.dll" id="772a0a3d-9fe0-30bf-0bb1-75531aa26fff">
      <Execution id="25318b5b-26e2-42ce-822c-ab38a047c499" />
      <TestMethod codeBase="D:\actions-runner\_work\XPCO\XPCO\EventServer\Server\Installer\VideoOS.EventServer.DbUpdate.UnitTest\bin\Debug\VideoOS.EventServer.DbUpdate.UnitTest.dll" adapterTypeName="executor://mstestadapter/v2" className="EventServerDbUpdateTest.UpdateActions.DatabaseUpdateActionTest" name="VersionUpdate_ShouldUpdate_WhenCurrentVersionIsLowerThanAssemblyVersion" />
    </UnitTest>
    <UnitTest name="ParseSqlScript_WithComments_Success" storage="d:\actions-runner\_work\xpco\xpco\eventserver\server\installer\videoos.eventserver.dbupdate.unittest\bin\debug\videoos.eventserver.dbupdate.unittest.dll" id="28ea4c1d-b8f3-047b-bb33-2ad199648499">
      <Execution id="4b692fcf-c85c-4b98-8523-651c6e840b03" />
      <TestMethod codeBase="D:\actions-runner\_work\XPCO\XPCO\EventServer\Server\Installer\VideoOS.EventServer.DbUpdate.UnitTest\bin\Debug\VideoOS.EventServer.DbUpdate.UnitTest.dll" adapterTypeName="executor://mstestadapter/v2" className="EventServerDbUpdateTest.SqlHelpers.SqlExecuteHelperTest" name="ParseSqlScript_WithComments_Success" />
    </UnitTest>
    <UnitTest name="NewVersionWithParameter_ThrowsException_WhenResultExcedsMaxVersion" storage="d:\actions-runner\_work\xpco\xpco\eventserver\server\installer\videoos.eventserver.dbupdate.unittest\bin\debug\videoos.eventserver.dbupdate.unittest.dll" id="11f5b8b8-c8a1-2edf-f7a1-b6ad000acce6">
      <Execution id="598441c2-82dd-4652-968e-2d6160c1217a" />
      <TestMethod codeBase="D:\actions-runner\_work\XPCO\XPCO\EventServer\Server\Installer\VideoOS.EventServer.DbUpdate.UnitTest\bin\Debug\VideoOS.EventServer.DbUpdate.UnitTest.dll" adapterTypeName="executor://mstestadapter/v2" className="EventServerDbUpdateTest.DatabaseVersionProviderTest" name="NewVersionWithParameter_ThrowsException_WhenResultExcedsMaxVersion" />
    </UnitTest>
    <UnitTest name="WhenUpdatingServerGroupMembershipTableWithAcGuidsDatabaseSavesAndCommits" storage="d:\actions-runner\_work\xpco\xpco\eventserver\server\installer\videoos.eventserver.dbupdate.unittest\bin\debug\videoos.eventserver.dbupdate.unittest.dll" id="ee999e7b-cd03-6b39-7f2e-d4da2c68e33f">
      <Execution id="a3b7b9bc-a142-455e-83c5-b1ce89ebe765" />
      <TestMethod codeBase="D:\actions-runner\_work\XPCO\XPCO\EventServer\Server\Installer\VideoOS.EventServer.DbUpdate.UnitTest\bin\Debug\VideoOS.EventServer.DbUpdate.UnitTest.dll" adapterTypeName="executor://mstestadapter/v2" className="EventServerDbUpdateTest.DatabaseServerGroupMembershipRepositoryTest" name="WhenUpdatingServerGroupMembershipTableWithAcGuidsDatabaseSavesAndCommits" />
    </UnitTest>
    <UnitTest name="WhenUpdatingServerGroupTableWithNoACGuidsNothingHappens" storage="d:\actions-runner\_work\xpco\xpco\eventserver\server\installer\videoos.eventserver.dbupdate.unittest\bin\debug\videoos.eventserver.dbupdate.unittest.dll" id="3173a59a-8f58-9494-16d6-53458e89f4ad">
      <Execution id="947bee8e-0652-4578-8791-279121a75fac" />
      <TestMethod codeBase="D:\actions-runner\_work\XPCO\XPCO\EventServer\Server\Installer\VideoOS.EventServer.DbUpdate.UnitTest\bin\Debug\VideoOS.EventServer.DbUpdate.UnitTest.dll" adapterTypeName="executor://mstestadapter/v2" className="EventServerDbUpdateTest.DatabaseServerGroupRepositoryTest" name="WhenUpdatingServerGroupTableWithNoACGuidsNothingHappens" />
    </UnitTest>
    <UnitTest name="TestDomainUserNotLocal" storage="d:\actions-runner\_work\xpco\xpco\eventserver\server\installer\videoos.eventserver.dbupdate.unittest\bin\debug\videoos.eventserver.dbupdate.unittest.dll" id="83352bd5-dbe0-7f04-6411-7951149ba2df">
      <Execution id="53d33eea-fdfb-46c2-93dc-6c1ce3d4552f" />
      <TestMethod codeBase="D:\actions-runner\_work\XPCO\XPCO\EventServer\Server\Installer\VideoOS.EventServer.DbUpdate.UnitTest\bin\Debug\VideoOS.EventServer.DbUpdate.UnitTest.dll" adapterTypeName="executor://mstestadapter/v2" className="EventServerDbUpdateTest.UpdateActions.AddDbUserActionTest" name="TestDomainUserNotLocal" />
    </UnitTest>
    <UnitTest name="NewVersionAndMaxVersion_ReturnCorrectValue" storage="d:\actions-runner\_work\xpco\xpco\eventserver\server\installer\videoos.eventserver.dbupdate.unittest\bin\debug\videoos.eventserver.dbupdate.unittest.dll" id="b814a1af-da2f-5f2c-9ffc-2c2401f3e590">
      <Execution id="3f7d390a-2e29-4166-87ae-e510f350084c" />
      <TestMethod codeBase="D:\actions-runner\_work\XPCO\XPCO\EventServer\Server\Installer\VideoOS.EventServer.DbUpdate.UnitTest\bin\Debug\VideoOS.EventServer.DbUpdate.UnitTest.dll" adapterTypeName="executor://mstestadapter/v2" className="EventServerDbUpdateTest.DatabaseVersionProviderTest" name="NewVersionAndMaxVersion_ReturnCorrectValue" />
    </UnitTest>
    <UnitTest name="Update_AllScriptsAreExecuted" storage="d:\actions-runner\_work\xpco\xpco\eventserver\server\installer\videoos.eventserver.dbupdate.unittest\bin\debug\videoos.eventserver.dbupdate.unittest.dll" id="d68886f1-bb44-4540-7114-65c1f3afd982">
      <Execution id="0b390b45-7f03-4a59-a41b-bfc33b37f6df" />
      <TestMethod codeBase="D:\actions-runner\_work\XPCO\XPCO\EventServer\Server\Installer\VideoOS.EventServer.DbUpdate.UnitTest\bin\Debug\VideoOS.EventServer.DbUpdate.UnitTest.dll" adapterTypeName="executor://mstestadapter/v2" className="EventServerDbUpdateTest.UpdateActions.DatabaseUpdateActionTest" name="Update_AllScriptsAreExecuted" />
    </UnitTest>
  </TestDefinitions>
  <TestEntries>
    <TestEntry testId="e889711b-9389-bbce-3f9e-c45d7c80eb24" executionId="a65cee96-df64-4895-84ed-c19efe09d472" testListId="8c84fa94-04c1-424b-9868-57a2d4851a1d" />
    <TestEntry testId="772a0a3d-9fe0-30bf-0bb1-75531aa26fff" executionId="25318b5b-26e2-42ce-822c-ab38a047c499" testListId="8c84fa94-04c1-424b-9868-57a2d4851a1d" />
    <TestEntry testId="ee999e7b-cd03-6b39-7f2e-d4da2c68e33f" executionId="a3b7b9bc-a142-455e-83c5-b1ce89ebe765" testListId="8c84fa94-04c1-424b-9868-57a2d4851a1d" />
    <TestEntry testId="3fe3f45b-e7c3-bf44-859f-287ed3d36ea5" executionId="9bb610ae-0520-460a-bf66-df60e6da48ce" testListId="8c84fa94-04c1-424b-9868-57a2d4851a1d" />
    <TestEntry testId="11f5b8b8-c8a1-2edf-f7a1-b6ad000acce6" executionId="598441c2-82dd-4652-968e-2d6160c1217a" testListId="8c84fa94-04c1-424b-9868-57a2d4851a1d" />
    <TestEntry testId="d7a17563-a906-bd0d-2cd4-abc94cefacb4" executionId="570bd572-b698-45e0-9609-123b735467da" testListId="8c84fa94-04c1-424b-9868-57a2d4851a1d" />
    <TestEntry testId="0a35ac16-856d-a760-34ae-0dece6906df2" executionId="626b2dab-040e-487c-9fb4-ac386f3344ec" testListId="8c84fa94-04c1-424b-9868-57a2d4851a1d" />
    <TestEntry testId="83352bd5-dbe0-7f04-6411-7951149ba2df" executionId="53d33eea-fdfb-46c2-93dc-6c1ce3d4552f" testListId="8c84fa94-04c1-424b-9868-57a2d4851a1d" />
    <TestEntry testId="c3eb5b3a-79e9-ae13-32c6-d3c06c1792e1" executionId="8e5587f2-5ca1-47fb-8bc4-78d6642a83fc" testListId="8c84fa94-04c1-424b-9868-57a2d4851a1d" />
    <TestEntry testId="72fa82f1-9378-50e6-a1a5-ac3ff67a0c30" executionId="595da306-900e-454d-a5cc-26d128084102" testListId="8c84fa94-04c1-424b-9868-57a2d4851a1d" />
    <TestEntry testId="59e70bbb-30b4-4c55-5d7a-44ef273e83f8" executionId="b8ade0be-765e-4df7-b888-c4ac06ec2107" testListId="8c84fa94-04c1-424b-9868-57a2d4851a1d" />
    <TestEntry testId="28ea4c1d-b8f3-047b-bb33-2ad199648499" executionId="4b692fcf-c85c-4b98-8523-651c6e840b03" testListId="8c84fa94-04c1-424b-9868-57a2d4851a1d" />
    <TestEntry testId="d68886f1-bb44-4540-7114-65c1f3afd982" executionId="0b390b45-7f03-4a59-a41b-bfc33b37f6df" testListId="8c84fa94-04c1-424b-9868-57a2d4851a1d" />
    <TestEntry testId="f1ae17f2-adc1-0543-5bfa-280090ace2ee" executionId="1c8127c4-be53-485a-8f5c-5721329a0deb" testListId="8c84fa94-04c1-424b-9868-57a2d4851a1d" />
    <TestEntry testId="b814a1af-da2f-5f2c-9ffc-2c2401f3e590" executionId="3f7d390a-2e29-4166-87ae-e510f350084c" testListId="8c84fa94-04c1-424b-9868-57a2d4851a1d" />
    <TestEntry testId="c3e7de77-bb25-902a-591b-261cc3148e6a" executionId="d6ef081a-0c45-4153-b36a-5da9d3b265c1" testListId="8c84fa94-04c1-424b-9868-57a2d4851a1d" />
    <TestEntry testId="fdef8f31-5381-382b-3d70-bf709c4ebffe" executionId="20bc59ba-824f-4159-a20a-ab6392881ba0" testListId="8c84fa94-04c1-424b-9868-57a2d4851a1d" />
    <TestEntry testId="46aaf99f-e867-4d9d-254c-b3248b290407" executionId="777ae33d-0db5-4411-ac20-4f2131e97e56" testListId="8c84fa94-04c1-424b-9868-57a2d4851a1d" />
    <TestEntry testId="3173a59a-8f58-9494-16d6-53458e89f4ad" executionId="947bee8e-0652-4578-8791-279121a75fac" testListId="8c84fa94-04c1-424b-9868-57a2d4851a1d" />
    <TestEntry testId="5652cae6-f25a-2503-2a6f-07e5734f4461" executionId="b7509ca5-c372-42bf-ae4f-b1f4ad93958e" testListId="8c84fa94-04c1-424b-9868-57a2d4851a1d" />
    <TestEntry testId="66ae9fda-ed2c-b96a-fb87-1a1c2c9beebc" executionId="dd42e00d-1a67-4fa4-8860-8140df68f5e7" testListId="8c84fa94-04c1-424b-9868-57a2d4851a1d" />
  </TestEntries>
  <TestLists>
    <TestList name="Results Not in a List" id="8c84fa94-04c1-424b-9868-57a2d4851a1d" />
    <TestList name="All Loaded Results" id="19431567-8539-422a-85d7-44ee4e166bda" />
  </TestLists>
  <ResultSummary outcome="Completed">
    <Counters total="21" executed="21" passed="21" failed="0" error="0" timeout="0" aborted="0" inconclusive="0" passedButRunAborted="0" notRunnable="0" notExecuted="0" disconnected="0" warning="0" completed="0" inProgress="0" pending="0" />
  </ResultSummary>
</TestRun>