<?xml version="1.0" encoding="utf-8"?>
<TestRun id="c225584d-b99e-4c1b-8555-fb6c5fd4be94" name="DKSR-EFI-06$@DKSR-EFI-06 2024-01-09 15:43:40" runUser="NT AUTHORITY\NETWORK SERVICE" xmlns="http://microsoft.com/schemas/VisualStudio/TeamTest/2010">
  <Times creation="2024-01-09T15:43:40.3729525+01:00" queuing="2024-01-09T15:43:40.3729525+01:00" start="2024-01-09T15:43:30.6228768+01:00" finish="2024-01-09T15:43:40.4041583+01:00" />
  <TestSettings name="default" id="26c79b5e-5eed-491f-8be3-eb4559c0575e">
    <Deployment runDeploymentRoot="DKSR-EFI-06$_DKSR-EFI-06_2024-01-09_15_43_40" />
  </TestSettings>
  <Results>
    <UnitTestResult executionId="a575443f-bc00-4e15-8e6d-699d4a43c455" testId="ba737bf2-26d8-fa0d-867c-09db73389ae6" testName="RemoveInstallLogs_UnauthorizedAccessExceptionShouldBeHandled" computerName="DKSR-EFI-06" duration="00:00:00.0044373" startTime="2024-01-09T15:43:39.7479025+01:00" endTime="2024-01-09T15:43:39.7479025+01:00" testType="13cdc9d9-ddb5-4fa4-a97d-d965ccfc6d4b" outcome="Passed" testListId="8c84fa94-04c1-424b-9868-57a2d4851a1d" relativeResultsDirectory="a575443f-bc00-4e15-8e6d-699d4a43c455" />
    <UnitTestResult executionId="28630f9f-7ec5-491a-a070-0e1f42cd8861" testId="998b15bd-6da4-1653-7677-a77513fca24f" testName="RemoveInstallLogs_ShouldRemoveInstallLogFilesSuccessfully" computerName="DKSR-EFI-06" duration="00:00:00.5733412" startTime="2024-01-09T15:43:38.9510244+01:00" endTime="2024-01-09T15:43:39.6385278+01:00" testType="13cdc9d9-ddb5-4fa4-a97d-d965ccfc6d4b" outcome="Passed" testListId="8c84fa94-04c1-424b-9868-57a2d4851a1d" relativeResultsDirectory="28630f9f-7ec5-491a-a070-0e1f42cd8861" />
    <UnitTestResult executionId="cd90e64a-569a-4205-bfa2-4c1c948b7bf8" testId="5b7a429c-a488-a53e-c1ef-55c70adb2f3f" testName="RemoveInstallLogs_IOExceptionShouldBeHandled" computerName="DKSR-EFI-06" duration="00:00:00.0104434" startTime="2024-01-09T15:43:39.7322775+01:00" endTime="2024-01-09T15:43:39.7322775+01:00" testType="13cdc9d9-ddb5-4fa4-a97d-d965ccfc6d4b" outcome="Passed" testListId="8c84fa94-04c1-424b-9868-57a2d4851a1d" relativeResultsDirectory="cd90e64a-569a-4205-bfa2-4c1c948b7bf8" />
    <UnitTestResult executionId="066ab8db-68af-45cc-ab4c-49450913d885" testId="c2c6cdae-74a8-4717-359b-0b3ddfeffba5" testName="RemoveInstallLogs_SecurityExceptionShouldBeHandled" computerName="DKSR-EFI-06" duration="00:00:00.0032146" startTime="2024-01-09T15:43:39.7479025+01:00" endTime="2024-01-09T15:43:39.7479025+01:00" testType="13cdc9d9-ddb5-4fa4-a97d-d965ccfc6d4b" outcome="Passed" testListId="8c84fa94-04c1-424b-9868-57a2d4851a1d" relativeResultsDirectory="066ab8db-68af-45cc-ab4c-49450913d885" />
  </Results>
  <TestDefinitions>
    <UnitTest name="RemoveInstallLogs_SecurityExceptionShouldBeHandled" storage="d:\actions-runner\_work\xpco\xpco\installerframework\videoos.installer.logging.unittests\bin\debug\videoos.installer.logging.unittests.dll" id="c2c6cdae-74a8-4717-359b-0b3ddfeffba5">
      <Execution id="066ab8db-68af-45cc-ab4c-49450913d885" />
      <TestMethod codeBase="D:\actions-runner\_work\XPCO\XPCO\InstallerFramework\VideoOS.Installer.Logging.UnitTests\bin\Debug\VideoOS.Installer.Logging.UnitTests.dll" adapterTypeName="executor://mstestadapter/v1" className="VideoOS.Installer.Logging.UnitTests.LogManagerUnitTest" name="RemoveInstallLogs_SecurityExceptionShouldBeHandled" />
    </UnitTest>
    <UnitTest name="RemoveInstallLogs_ShouldRemoveInstallLogFilesSuccessfully" storage="d:\actions-runner\_work\xpco\xpco\installerframework\videoos.installer.logging.unittests\bin\debug\videoos.installer.logging.unittests.dll" id="998b15bd-6da4-1653-7677-a77513fca24f">
      <Execution id="28630f9f-7ec5-491a-a070-0e1f42cd8861" />
      <TestMethod codeBase="D:\actions-runner\_work\XPCO\XPCO\InstallerFramework\VideoOS.Installer.Logging.UnitTests\bin\Debug\VideoOS.Installer.Logging.UnitTests.dll" adapterTypeName="executor://mstestadapter/v1" className="VideoOS.Installer.Logging.UnitTests.LogManagerUnitTest" name="RemoveInstallLogs_ShouldRemoveInstallLogFilesSuccessfully" />
    </UnitTest>
    <UnitTest name="RemoveInstallLogs_UnauthorizedAccessExceptionShouldBeHandled" storage="d:\actions-runner\_work\xpco\xpco\installerframework\videoos.installer.logging.unittests\bin\debug\videoos.installer.logging.unittests.dll" id="ba737bf2-26d8-fa0d-867c-09db73389ae6">
      <Execution id="a575443f-bc00-4e15-8e6d-699d4a43c455" />
      <TestMethod codeBase="D:\actions-runner\_work\XPCO\XPCO\InstallerFramework\VideoOS.Installer.Logging.UnitTests\bin\Debug\VideoOS.Installer.Logging.UnitTests.dll" adapterTypeName="executor://mstestadapter/v1" className="VideoOS.Installer.Logging.UnitTests.LogManagerUnitTest" name="RemoveInstallLogs_UnauthorizedAccessExceptionShouldBeHandled" />
    </UnitTest>
    <UnitTest name="RemoveInstallLogs_IOExceptionShouldBeHandled" storage="d:\actions-runner\_work\xpco\xpco\installerframework\videoos.installer.logging.unittests\bin\debug\videoos.installer.logging.unittests.dll" id="5b7a429c-a488-a53e-c1ef-55c70adb2f3f">
      <Execution id="cd90e64a-569a-4205-bfa2-4c1c948b7bf8" />
      <TestMethod codeBase="D:\actions-runner\_work\XPCO\XPCO\InstallerFramework\VideoOS.Installer.Logging.UnitTests\bin\Debug\VideoOS.Installer.Logging.UnitTests.dll" adapterTypeName="executor://mstestadapter/v1" className="VideoOS.Installer.Logging.UnitTests.LogManagerUnitTest" name="RemoveInstallLogs_IOExceptionShouldBeHandled" />
    </UnitTest>
  </TestDefinitions>
  <TestEntries>
    <TestEntry testId="ba737bf2-26d8-fa0d-867c-09db73389ae6" executionId="a575443f-bc00-4e15-8e6d-699d4a43c455" testListId="8c84fa94-04c1-424b-9868-57a2d4851a1d" />
    <TestEntry testId="998b15bd-6da4-1653-7677-a77513fca24f" executionId="28630f9f-7ec5-491a-a070-0e1f42cd8861" testListId="8c84fa94-04c1-424b-9868-57a2d4851a1d" />
    <TestEntry testId="5b7a429c-a488-a53e-c1ef-55c70adb2f3f" executionId="cd90e64a-569a-4205-bfa2-4c1c948b7bf8" testListId="8c84fa94-04c1-424b-9868-57a2d4851a1d" />
    <TestEntry testId="c2c6cdae-74a8-4717-359b-0b3ddfeffba5" executionId="066ab8db-68af-45cc-ab4c-49450913d885" testListId="8c84fa94-04c1-424b-9868-57a2d4851a1d" />
  </TestEntries>
  <TestLists>
    <TestList name="Results Not in a List" id="8c84fa94-04c1-424b-9868-57a2d4851a1d" />
    <TestList name="All Loaded Results" id="19431567-8539-422a-85d7-44ee4e166bda" />
  </TestLists>
  <ResultSummary outcome="Completed">
    <Counters total="4" executed="4" passed="4" failed="0" error="0" timeout="0" aborted="0" inconclusive="0" passedButRunAborted="0" notRunnable="0" notExecuted="0" disconnected="0" warning="0" completed="0" inProgress="0" pending="0" />
  </ResultSummary>
</TestRun>