<?xml version="1.0" encoding="utf-8"?>
<TestRun id="67acf890-7b5b-4d56-98ea-f1bb6738eedd" name="DKSR-EFI-06$@DKSR-EFI-06 2024-01-09 15:45:11" runUser="NT AUTHORITY\NETWORK SERVICE" xmlns="http://microsoft.com/schemas/VisualStudio/TeamTest/2010">
  <Times creation="2024-01-09T15:45:11.6543844+01:00" queuing="2024-01-09T15:45:11.6543844+01:00" start="2024-01-09T15:45:09.3731348+01:00" finish="2024-01-09T15:45:11.7950126+01:00" />
  <TestSettings name="default" id="ced60107-3b1e-4a1e-9ae6-0ec1ece48933">
    <Deployment runDeploymentRoot="DKSR-EFI-06$_DKSR-EFI-06_2024-01-09_15_45_11" />
  </TestSettings>
  <Results>
    <UnitTestResult executionId="ed21734a-f0c0-415c-a037-5818ee2b9e73" testId="0ec46184-fb72-fc5b-4e06-0cfd1e5ebc63" testName="WhenFirstFilterIsNullShouldReturnPositive" computerName="DKSR-EFI-06" duration="00:00:00.0021814" startTime="2024-01-09T15:45:11.6700113+01:00" endTime="2024-01-09T15:45:11.6700113+01:00" testType="13cdc9d9-ddb5-4fa4-a97d-d965ccfc6d4b" outcome="Passed" testListId="8c84fa94-04c1-424b-9868-57a2d4851a1d" relativeResultsDirectory="ed21734a-f0c0-415c-a037-5818ee2b9e73" />
    <UnitTestResult executionId="e33d7991-f10c-412c-acd4-d8de2bc28b62" testId="a48c6940-22ee-0e0c-2460-5c580605e976" testName="IsContentValid_ShouldReturnFalse_WhenARuleHasWhiteSpaceAsName" computerName="DKSR-EFI-06" duration="00:00:00.0018891" startTime="2024-01-09T15:45:11.6543844+01:00" endTime="2024-01-09T15:45:11.6543844+01:00" testType="13cdc9d9-ddb5-4fa4-a97d-d965ccfc6d4b" outcome="Passed" testListId="8c84fa94-04c1-424b-9868-57a2d4851a1d" relativeResultsDirectory="e33d7991-f10c-412c-acd4-d8de2bc28b62" />
    <UnitTestResult executionId="b20f630c-f060-4b88-932d-0d6bbb0c69ec" testId="b6be1c36-5d62-95d6-35fa-81af4f295579" testName="WhenSecondFilterGreaterShouldReturnNegative" computerName="DKSR-EFI-06" duration="00:00:00.0003480" startTime="2024-01-09T15:45:11.6856354+01:00" endTime="2024-01-09T15:45:11.6856354+01:00" testType="13cdc9d9-ddb5-4fa4-a97d-d965ccfc6d4b" outcome="Passed" testListId="8c84fa94-04c1-424b-9868-57a2d4851a1d" relativeResultsDirectory="b20f630c-f060-4b88-932d-0d6bbb0c69ec" />
    <UnitTestResult executionId="a757779c-6a3d-4799-adb8-b1ee808de121" testId="610eb476-e9cb-a6a1-cbde-aedc99e5c7a0" testName="WhenSameFilterShouldReturnZero" computerName="DKSR-EFI-06" duration="00:00:00.0002767" startTime="2024-01-09T15:45:11.6856354+01:00" endTime="2024-01-09T15:45:11.6856354+01:00" testType="13cdc9d9-ddb5-4fa4-a97d-d965ccfc6d4b" outcome="Passed" testListId="8c84fa94-04c1-424b-9868-57a2d4851a1d" relativeResultsDirectory="a757779c-6a3d-4799-adb8-b1ee808de121" />
    <UnitTestResult executionId="dff3cfaf-5532-43df-88be-ae459091103b" testId="1b786b4d-2332-0530-ce86-71bd80818152" testName="WhenBothFiltersAreNotSpecialAndFirstFilterIsGreaterShouldReturnPositive" computerName="DKSR-EFI-06" duration="00:00:00.0002981" startTime="2024-01-09T15:45:11.6856354+01:00" endTime="2024-01-09T15:45:11.6856354+01:00" testType="13cdc9d9-ddb5-4fa4-a97d-d965ccfc6d4b" outcome="Passed" testListId="8c84fa94-04c1-424b-9868-57a2d4851a1d" relativeResultsDirectory="dff3cfaf-5532-43df-88be-ae459091103b" />
    <UnitTestResult executionId="c2941964-f9e4-4fc9-b2fd-0a4dc223736b" testId="aab52b8a-f349-d7f0-877a-c4d94bac0b43" testName="IsContentValid_ShouldReturnFalse_WhenRuleNameAreDuplicated" computerName="DKSR-EFI-06" duration="00:00:00.0011808" startTime="2024-01-09T15:45:11.6543844+01:00" endTime="2024-01-09T15:45:11.6543844+01:00" testType="13cdc9d9-ddb5-4fa4-a97d-d965ccfc6d4b" outcome="Passed" testListId="8c84fa94-04c1-424b-9868-57a2d4851a1d" relativeResultsDirectory="c2941964-f9e4-4fc9-b2fd-0a4dc223736b" />
    <UnitTestResult executionId="2f131c49-aa18-4f9d-bc24-b7d661e07d90" testId="4e05a691-4c41-6484-e623-aebbf671304e" testName="IsContentValid_ShouldReturnTrue_WhenARuleHasSearchPatternWithOnlyWhiteSpaces" computerName="DKSR-EFI-06" duration="00:00:00.0016225" startTime="2024-01-09T15:45:11.6543844+01:00" endTime="2024-01-09T15:45:11.6543844+01:00" testType="13cdc9d9-ddb5-4fa4-a97d-d965ccfc6d4b" outcome="Passed" testListId="8c84fa94-04c1-424b-9868-57a2d4851a1d" relativeResultsDirectory="2f131c49-aa18-4f9d-bc24-b7d661e07d90" />
    <UnitTestResult executionId="636eb17c-00ea-43a5-9dda-b0bd30466bd7" testId="386e060e-97d0-db03-8792-34653c905418" testName="WhenBothFiltersAreSpecialAndAreEqualShouldReturnZero" computerName="DKSR-EFI-06" duration="00:00:00.0003594" startTime="2024-01-09T15:45:11.6856354+01:00" endTime="2024-01-09T15:45:11.6856354+01:00" testType="13cdc9d9-ddb5-4fa4-a97d-d965ccfc6d4b" outcome="Passed" testListId="8c84fa94-04c1-424b-9868-57a2d4851a1d" relativeResultsDirectory="636eb17c-00ea-43a5-9dda-b0bd30466bd7" />
    <UnitTestResult executionId="53fb988a-f577-4ea2-933c-ab2331ea1cc5" testId="6f2851d5-e260-71c8-2505-687cecba4c68" testName="WhenBothFiltersAreNullShouldReturnZero" computerName="DKSR-EFI-06" duration="00:00:00.0017958" startTime="2024-01-09T15:45:11.6856354+01:00" endTime="2024-01-09T15:45:11.6856354+01:00" testType="13cdc9d9-ddb5-4fa4-a97d-d965ccfc6d4b" outcome="Passed" testListId="8c84fa94-04c1-424b-9868-57a2d4851a1d" relativeResultsDirectory="53fb988a-f577-4ea2-933c-ab2331ea1cc5" />
    <UnitTestResult executionId="f349f556-4abd-4626-b089-cead59045aa5" testId="5360aa00-0a4c-7096-7942-d24f1e2c2cc1" testName="WhenOnlySecondFilterIsSpecialAndFirstFilterIsGreaterShouldReturnNegative" computerName="DKSR-EFI-06" duration="00:00:00.0002845" startTime="2024-01-09T15:45:11.6856354+01:00" endTime="2024-01-09T15:45:11.6856354+01:00" testType="13cdc9d9-ddb5-4fa4-a97d-d965ccfc6d4b" outcome="Passed" testListId="8c84fa94-04c1-424b-9868-57a2d4851a1d" relativeResultsDirectory="f349f556-4abd-4626-b089-cead59045aa5" />
    <UnitTestResult executionId="2f54d589-f793-432d-9b40-b2d25d30d4d4" testId="f1695d80-156b-4449-6555-93fc7b894361" testName="WhenBothFiltersFilterPropertyIsNullShouldReturnZero" computerName="DKSR-EFI-06" duration="00:00:00.0002721" startTime="2024-01-09T15:45:11.6856354+01:00" endTime="2024-01-09T15:45:11.6856354+01:00" testType="13cdc9d9-ddb5-4fa4-a97d-d965ccfc6d4b" outcome="Passed" testListId="8c84fa94-04c1-424b-9868-57a2d4851a1d" relativeResultsDirectory="2f54d589-f793-432d-9b40-b2d25d30d4d4" />
    <UnitTestResult executionId="c6097ba8-34b8-4200-883d-3154f0c15195" testId="0c172a32-06fe-2b83-98f1-8a2978c222b9" testName="DeleteEventRuleCommand_ShouldRemoveSelectedEvent_WhenExecuted" computerName="DKSR-EFI-06" duration="00:00:00.0020920" startTime="2024-01-09T15:45:11.6387665+01:00" endTime="2024-01-09T15:45:11.6387665+01:00" testType="13cdc9d9-ddb5-4fa4-a97d-d965ccfc6d4b" outcome="Passed" testListId="8c84fa94-04c1-424b-9868-57a2d4851a1d" relativeResultsDirectory="c6097ba8-34b8-4200-883d-3154f0c15195" />
    <UnitTestResult executionId="09d918fa-389b-4856-a856-7317a47bc86e" testId="67dc9346-c4db-affc-575b-c122b74b8e2b" testName="WhenFirstFilterGreaterShouldReturnPositive" computerName="DKSR-EFI-06" duration="00:00:00.0002794" startTime="2024-01-09T15:45:11.6856354+01:00" endTime="2024-01-09T15:45:11.6856354+01:00" testType="13cdc9d9-ddb5-4fa4-a97d-d965ccfc6d4b" outcome="Passed" testListId="8c84fa94-04c1-424b-9868-57a2d4851a1d" relativeResultsDirectory="09d918fa-389b-4856-a856-7317a47bc86e" />
    <UnitTestResult executionId="88cba19f-351d-47ef-9fe2-8d17aef4f98f" testId="fca44b57-8625-169f-d29d-6bff46e6f1d1" testName="IsContentValid_ShouldReturnFalse_WhenRuleNameExistsInOtherTransactDefinition" computerName="DKSR-EFI-06" duration="00:00:00.0114282" startTime="2024-01-09T15:45:11.6543844+01:00" endTime="2024-01-09T15:45:11.6700113+01:00" testType="13cdc9d9-ddb5-4fa4-a97d-d965ccfc6d4b" outcome="Passed" testListId="8c84fa94-04c1-424b-9868-57a2d4851a1d" relativeResultsDirectory="88cba19f-351d-47ef-9fe2-8d17aef4f98f" />
    <UnitTestResult executionId="6d8c4964-31a5-4af3-8eb1-6b9248d85736" testId="cdfd660b-cb8a-bae7-1ae7-e5bf774b16dd" testName="WhenBothFiltersAreNotSpecialAndAreEqualShouldReturnZero" computerName="DKSR-EFI-06" duration="00:00:00.0007524" startTime="2024-01-09T15:45:11.6856354+01:00" endTime="2024-01-09T15:45:11.6856354+01:00" testType="13cdc9d9-ddb5-4fa4-a97d-d965ccfc6d4b" outcome="Passed" testListId="8c84fa94-04c1-424b-9868-57a2d4851a1d" relativeResultsDirectory="6d8c4964-31a5-4af3-8eb1-6b9248d85736" />
    <UnitTestResult executionId="edaf5e0d-8806-4baa-9928-d31b90ec1b0b" testId="a9bc14e3-7d7a-8ce8-b519-7450d60f2cfa" testName="IsContentValid_ShouldReturnFalse_WhenARuleHasSearchPatternThatIsEmpty" computerName="DKSR-EFI-06" duration="00:00:00.0018380" startTime="2024-01-09T15:45:11.6543844+01:00" endTime="2024-01-09T15:45:11.6543844+01:00" testType="13cdc9d9-ddb5-4fa4-a97d-d965ccfc6d4b" outcome="Passed" testListId="8c84fa94-04c1-424b-9868-57a2d4851a1d" relativeResultsDirectory="edaf5e0d-8806-4baa-9928-d31b90ec1b0b" />
    <UnitTestResult executionId="f04173d6-8373-4597-9bd5-800e8edb4fb4" testId="f8508039-d500-2365-1648-7b82d543c90d" testName="DeleteEventRuleCommand_ShouldNotBeExecutable_WhenAnEventIsNotSelected" computerName="DKSR-EFI-06" duration="00:00:00.0017492" startTime="2024-01-09T15:45:11.6231365+01:00" endTime="2024-01-09T15:45:11.6387665+01:00" testType="13cdc9d9-ddb5-4fa4-a97d-d965ccfc6d4b" outcome="Passed" testListId="8c84fa94-04c1-424b-9868-57a2d4851a1d" relativeResultsDirectory="f04173d6-8373-4597-9bd5-800e8edb4fb4" />
    <UnitTestResult executionId="9b2424d2-7227-40c4-95c7-f0e201540a71" testId="edf7c032-3285-ff7e-be58-db560d72d15e" testName="IsContentValid_ShouldReturnTrue_WhenRuleNameDoesNotExistInOtherTransactDefinition" computerName="DKSR-EFI-06" duration="00:00:00.0032257" startTime="2024-01-09T15:45:11.6700113+01:00" endTime="2024-01-09T15:45:11.6700113+01:00" testType="13cdc9d9-ddb5-4fa4-a97d-d965ccfc6d4b" outcome="Passed" testListId="8c84fa94-04c1-424b-9868-57a2d4851a1d" relativeResultsDirectory="9b2424d2-7227-40c4-95c7-f0e201540a71" />
    <UnitTestResult executionId="8001cae3-243c-424a-a98d-0efd65f88e22" testId="fd2ee1ab-4d4b-fac5-b5d5-e55fa82e62b2" testName="WhenSecondFilterFilterPropertyIsNullShouldReturnNegative" computerName="DKSR-EFI-06" duration="00:00:00.0002635" startTime="2024-01-09T15:45:11.6856354+01:00" endTime="2024-01-09T15:45:11.6856354+01:00" testType="13cdc9d9-ddb5-4fa4-a97d-d965ccfc6d4b" outcome="Passed" testListId="8c84fa94-04c1-424b-9868-57a2d4851a1d" relativeResultsDirectory="8001cae3-243c-424a-a98d-0efd65f88e22" />
    <UnitTestResult executionId="3f85589b-29e5-448e-926e-ab084c63926d" testId="bb5afb64-fb69-5bdc-b4fa-4b7a08dce9c5" testName="WhenSecondFilterFilterPropertyIsNullShouldReturnNegative" computerName="DKSR-EFI-06" duration="00:00:00.0002905" startTime="2024-01-09T15:45:11.6700113+01:00" endTime="2024-01-09T15:45:11.6856354+01:00" testType="13cdc9d9-ddb5-4fa4-a97d-d965ccfc6d4b" outcome="Passed" testListId="8c84fa94-04c1-424b-9868-57a2d4851a1d" relativeResultsDirectory="3f85589b-29e5-448e-926e-ab084c63926d" />
    <UnitTestResult executionId="0c1f5ee2-3cd8-4c44-b6e3-0cbd76329e91" testId="bb26ad5a-6c94-a4bb-d37f-a2337f202c2e" testName="WhenSecondFilterIsNullShouldReturnNegative" computerName="DKSR-EFI-06" duration="00:00:00.0014024" startTime="2024-01-09T15:45:11.6700113+01:00" endTime="2024-01-09T15:45:11.6700113+01:00" testType="13cdc9d9-ddb5-4fa4-a97d-d965ccfc6d4b" outcome="Passed" testListId="8c84fa94-04c1-424b-9868-57a2d4851a1d" relativeResultsDirectory="0c1f5ee2-3cd8-4c44-b6e3-0cbd76329e91" />
    <UnitTestResult executionId="a58b91b4-62ed-4310-bee1-9cf08d554b4a" testId="7564cd4d-9d24-07f8-f9ef-a7383f4dd17a" testName="WhenFirstFilterFilterPropertyIsNullShouldReturnPositive" computerName="DKSR-EFI-06" duration="00:00:00.0002791" startTime="2024-01-09T15:45:11.6700113+01:00" endTime="2024-01-09T15:45:11.6700113+01:00" testType="13cdc9d9-ddb5-4fa4-a97d-d965ccfc6d4b" outcome="Passed" testListId="8c84fa94-04c1-424b-9868-57a2d4851a1d" relativeResultsDirectory="a58b91b4-62ed-4310-bee1-9cf08d554b4a" />
    <UnitTestResult executionId="a6f1e7c3-39a1-480e-a7c9-73e0faedd2b0" testId="3893c5e4-915e-5f33-5020-f52e4d0f984d" testName="WhenBothFiltersAreNotSpecialAndSecondFilterIsGreaterShouldReturnNegative" computerName="DKSR-EFI-06" duration="00:00:00.0003327" startTime="2024-01-09T15:45:11.6856354+01:00" endTime="2024-01-09T15:45:11.6856354+01:00" testType="13cdc9d9-ddb5-4fa4-a97d-d965ccfc6d4b" outcome="Passed" testListId="8c84fa94-04c1-424b-9868-57a2d4851a1d" relativeResultsDirectory="a6f1e7c3-39a1-480e-a7c9-73e0faedd2b0" />
    <UnitTestResult executionId="e3ab2de6-4691-4bd3-b05d-ccfee0b9c3d7" testId="090641b2-59e5-ac57-61bd-2bc2524486bb" testName="WhenBothFiltersAreNullShouldReturnZero" computerName="DKSR-EFI-06" duration="00:00:00.0008283" startTime="2024-01-09T15:45:11.6700113+01:00" endTime="2024-01-09T15:45:11.6700113+01:00" testType="13cdc9d9-ddb5-4fa4-a97d-d965ccfc6d4b" outcome="Passed" testListId="8c84fa94-04c1-424b-9868-57a2d4851a1d" relativeResultsDirectory="e3ab2de6-4691-4bd3-b05d-ccfee0b9c3d7" />
    <UnitTestResult executionId="e8e7fb5b-fdd9-4257-b96c-dffc7f0b4ccb" testId="bd1d9e4a-48cb-7e75-c0b2-8c3179bfb4d8" testName="WhenBothFiltersFilterPropertyAreNullShouldReturnZero" computerName="DKSR-EFI-06" duration="00:00:00.0003697" startTime="2024-01-09T15:45:11.6700113+01:00" endTime="2024-01-09T15:45:11.6700113+01:00" testType="13cdc9d9-ddb5-4fa4-a97d-d965ccfc6d4b" outcome="Passed" testListId="8c84fa94-04c1-424b-9868-57a2d4851a1d" relativeResultsDirectory="e8e7fb5b-fdd9-4257-b96c-dffc7f0b4ccb" />
    <UnitTestResult executionId="76e994b7-5757-443a-93a6-89a497a6fa4c" testId="efaaaf46-54e8-6f57-6bd7-b89a299d72f9" testName="WhenBothFiltersAreSpecialAndFirstFilterIsGreaterShouldReturnPositive" computerName="DKSR-EFI-06" duration="00:00:00.0002640" startTime="2024-01-09T15:45:11.6856354+01:00" endTime="2024-01-09T15:45:11.6856354+01:00" testType="13cdc9d9-ddb5-4fa4-a97d-d965ccfc6d4b" outcome="Passed" testListId="8c84fa94-04c1-424b-9868-57a2d4851a1d" relativeResultsDirectory="76e994b7-5757-443a-93a6-89a497a6fa4c" />
    <UnitTestResult executionId="9de93bd5-2004-4537-8757-34b4561fdd90" testId="9510e21e-3b6a-5e78-265b-1ddd34fdf1aa" testName="Constructor_ShouldUseEmptyEventRules_WhenInitialEventRulesAreNull" computerName="DKSR-EFI-06" duration="00:00:00.0049128" startTime="2024-01-09T15:45:11.6075114+01:00" endTime="2024-01-09T15:45:11.6075114+01:00" testType="13cdc9d9-ddb5-4fa4-a97d-d965ccfc6d4b" outcome="Passed" testListId="8c84fa94-04c1-424b-9868-57a2d4851a1d" relativeResultsDirectory="9de93bd5-2004-4537-8757-34b4561fdd90" />
    <UnitTestResult executionId="7a942407-8d9e-4787-8415-3bf3cd4f0b30" testId="32835679-60dd-f5d2-940c-4e02ed24ef29" testName="Constructor_ShouldAddEventRulesToEventRules_WhenThereAreInitialEvents" computerName="DKSR-EFI-06" duration="00:00:00.9762204" startTime="2024-01-09T15:45:10.1700094+01:00" endTime="2024-01-09T15:45:11.5918840+01:00" testType="13cdc9d9-ddb5-4fa4-a97d-d965ccfc6d4b" outcome="Passed" testListId="8c84fa94-04c1-424b-9868-57a2d4851a1d" relativeResultsDirectory="7a942407-8d9e-4787-8415-3bf3cd4f0b30" />
    <UnitTestResult executionId="eacb1774-7dc9-4802-94db-8037e526eba2" testId="d74a169c-37e7-4a28-b82e-c60c86e0b084" testName="AddEventRuleCommand_ShouldBeExecutable_WhenAlways" computerName="DKSR-EFI-06" duration="00:00:00.0165148" startTime="2024-01-09T15:45:11.6075114+01:00" endTime="2024-01-09T15:45:11.6231365+01:00" testType="13cdc9d9-ddb5-4fa4-a97d-d965ccfc6d4b" outcome="Passed" testListId="8c84fa94-04c1-424b-9868-57a2d4851a1d" relativeResultsDirectory="eacb1774-7dc9-4802-94db-8037e526eba2" />
    <UnitTestResult executionId="3a132b20-7ab4-4086-b23f-cb48f5116b31" testId="5e9887ac-016c-3341-4e47-2706dd464daf" testName="DeleteEventRuleCommand_ShouldBeExecutable_WhenAnEventIsSelected" computerName="DKSR-EFI-06" duration="00:00:00.0013174" startTime="2024-01-09T15:45:11.6231365+01:00" endTime="2024-01-09T15:45:11.6231365+01:00" testType="13cdc9d9-ddb5-4fa4-a97d-d965ccfc6d4b" outcome="Passed" testListId="8c84fa94-04c1-424b-9868-57a2d4851a1d" relativeResultsDirectory="3a132b20-7ab4-4086-b23f-cb48f5116b31" />
    <UnitTestResult executionId="e3b95037-527c-48a7-b05f-64fd35db6558" testId="61b2fa0b-71a7-6e53-5c5e-6d8d794de627" testName="WhenOnlyFirstFilterIsSpecialAndFirstFilterIsGreaterShouldReturnPositive" computerName="DKSR-EFI-06" duration="00:00:00.0002722" startTime="2024-01-09T15:45:11.6856354+01:00" endTime="2024-01-09T15:45:11.6856354+01:00" testType="13cdc9d9-ddb5-4fa4-a97d-d965ccfc6d4b" outcome="Passed" testListId="8c84fa94-04c1-424b-9868-57a2d4851a1d" relativeResultsDirectory="e3b95037-527c-48a7-b05f-64fd35db6558" />
    <UnitTestResult executionId="4094a7ab-e477-4c3e-9e59-3728471a317c" testId="7b64f4d6-94c2-723e-3a47-c56952f28937" testName="WhenBothFiltersAreSpecialAndSecondFilterIsGreaterShouldReturnNegative" computerName="DKSR-EFI-06" duration="00:00:00.0002698" startTime="2024-01-09T15:45:11.6856354+01:00" endTime="2024-01-09T15:45:11.6856354+01:00" testType="13cdc9d9-ddb5-4fa4-a97d-d965ccfc6d4b" outcome="Passed" testListId="8c84fa94-04c1-424b-9868-57a2d4851a1d" relativeResultsDirectory="4094a7ab-e477-4c3e-9e59-3728471a317c" />
    <UnitTestResult executionId="45fdda1d-440b-433b-b985-212eec4f8a99" testId="46f5a5d9-7f28-0928-0316-77707701e9f9" testName="AddEventRuleCommand_ShouldAddEmptyRow_WhenExecuted" computerName="DKSR-EFI-06" duration="00:00:00.0039390" startTime="2024-01-09T15:45:11.6231365+01:00" endTime="2024-01-09T15:45:11.6231365+01:00" testType="13cdc9d9-ddb5-4fa4-a97d-d965ccfc6d4b" outcome="Passed" testListId="8c84fa94-04c1-424b-9868-57a2d4851a1d" relativeResultsDirectory="45fdda1d-440b-433b-b985-212eec4f8a99" />
    <UnitTestResult executionId="1670ffc7-ed34-4910-8c77-a9514e2cf38a" testId="7ccd6d6a-3f10-0394-55ae-70c603f05b4d" testName="IsContentValid_ShouldReturnTrue_WhenThereAreNoEventRules" computerName="DKSR-EFI-06" duration="00:00:00.0123417" startTime="2024-01-09T15:45:11.6387665+01:00" endTime="2024-01-09T15:45:11.6543844+01:00" testType="13cdc9d9-ddb5-4fa4-a97d-d965ccfc6d4b" outcome="Passed" testListId="8c84fa94-04c1-424b-9868-57a2d4851a1d" relativeResultsDirectory="1670ffc7-ed34-4910-8c77-a9514e2cf38a" />
    <UnitTestResult executionId="868fe490-d069-4199-86c1-045dac894624" testId="23d934b4-0440-2200-2d79-16dff4e54ac4" testName="WhenSecondFilterIsNullShouldReturnNegative" computerName="DKSR-EFI-06" duration="00:00:00.0002498" startTime="2024-01-09T15:45:11.6856354+01:00" endTime="2024-01-09T15:45:11.6856354+01:00" testType="13cdc9d9-ddb5-4fa4-a97d-d965ccfc6d4b" outcome="Passed" testListId="8c84fa94-04c1-424b-9868-57a2d4851a1d" relativeResultsDirectory="868fe490-d069-4199-86c1-045dac894624" />
    <UnitTestResult executionId="988b9b75-6495-4dd6-ac32-d78221a3f27b" testId="d0a5d30e-26a2-0bb1-e24d-29ccb337f58a" testName="WhenFirstFilterFilterPropertyIsNullShouldReturnPositive" computerName="DKSR-EFI-06" duration="00:00:00.0002658" startTime="2024-01-09T15:45:11.6856354+01:00" endTime="2024-01-09T15:45:11.6856354+01:00" testType="13cdc9d9-ddb5-4fa4-a97d-d965ccfc6d4b" outcome="Passed" testListId="8c84fa94-04c1-424b-9868-57a2d4851a1d" relativeResultsDirectory="988b9b75-6495-4dd6-ac32-d78221a3f27b" />
    <UnitTestResult executionId="e666eef7-673f-48c0-907b-8159c3890c1e" testId="ebb434e0-a97a-3b9c-1bce-b55c834b26f4" testName="WhenFirstFilterIsNullShouldReturnPositive" computerName="DKSR-EFI-06" duration="00:00:00.0002592" startTime="2024-01-09T15:45:11.6856354+01:00" endTime="2024-01-09T15:45:11.6856354+01:00" testType="13cdc9d9-ddb5-4fa4-a97d-d965ccfc6d4b" outcome="Passed" testListId="8c84fa94-04c1-424b-9868-57a2d4851a1d" relativeResultsDirectory="e666eef7-673f-48c0-907b-8159c3890c1e" />
  </Results>
  <TestDefinitions>
    <UnitTest name="WhenSecondFilterGreaterShouldReturnNegative" storage="d:\actions-runner\_work\xpco\xpco\transact\transact\videoos.transact.adminplugin.unittests\bin\debug\videoos.transact.adminplugin.unittests.dll" id="b6be1c36-5d62-95d6-35fa-81af4f295579">
      <Execution id="b20f630c-f060-4b88-932d-0d6bbb0c69ec" />
      <TestMethod codeBase="D:\actions-runner\_work\XPCO\XPCO\Transact\Transact\VideoOS.Transact.AdminPlugin.UnitTests\bin\Debug\VideoOS.Transact.AdminPlugin.UnitTests.dll" adapterTypeName="executor://mstestadapter/v1" className="VideoOS.Transact.AdminPlugin.UnitTests.UserControls.HexEditor.FilterComparerTests" name="WhenSecondFilterGreaterShouldReturnNegative" />
    </UnitTest>
    <UnitTest name="WhenBothFiltersAreSpecialAndAreEqualShouldReturnZero" storage="d:\actions-runner\_work\xpco\xpco\transact\transact\videoos.transact.adminplugin.unittests\bin\debug\videoos.transact.adminplugin.unittests.dll" id="386e060e-97d0-db03-8792-34653c905418">
      <Execution id="636eb17c-00ea-43a5-9dda-b0bd30466bd7" />
      <TestMethod codeBase="D:\actions-runner\_work\XPCO\XPCO\Transact\Transact\VideoOS.Transact.AdminPlugin.UnitTests\bin\Debug\VideoOS.Transact.AdminPlugin.UnitTests.dll" adapterTypeName="executor://mstestadapter/v1" className="VideoOS.Transact.AdminPlugin.UnitTests.UserControls.HexEditor.OmitControlsFilterComparerTests" name="WhenBothFiltersAreSpecialAndAreEqualShouldReturnZero" />
    </UnitTest>
    <UnitTest name="IsContentValid_ShouldReturnTrue_WhenRuleNameDoesNotExistInOtherTransactDefinition" storage="d:\actions-runner\_work\xpco\xpco\transact\transact\videoos.transact.adminplugin.unittests\bin\debug\videoos.transact.adminplugin.unittests.dll" id="edf7c032-3285-ff7e-be58-db560d72d15e">
      <Execution id="9b2424d2-7227-40c4-95c7-f0e201540a71" />
      <TestMethod codeBase="D:\actions-runner\_work\XPCO\XPCO\Transact\Transact\VideoOS.Transact.AdminPlugin.UnitTests\bin\Debug\VideoOS.Transact.AdminPlugin.UnitTests.dll" adapterTypeName="executor://mstestadapter/v1" className="VideoOS.Transact.AdminPlugin.UnitTests.UserControls.ViewModels.AssociatedEventsViewModelTests" name="IsContentValid_ShouldReturnTrue_WhenRuleNameDoesNotExistInOtherTransactDefinition" />
    </UnitTest>
    <UnitTest name="WhenSecondFilterFilterPropertyIsNullShouldReturnNegative" storage="d:\actions-runner\_work\xpco\xpco\transact\transact\videoos.transact.adminplugin.unittests\bin\debug\videoos.transact.adminplugin.unittests.dll" id="bb5afb64-fb69-5bdc-b4fa-4b7a08dce9c5">
      <Execution id="3f85589b-29e5-448e-926e-ab084c63926d" />
      <TestMethod codeBase="D:\actions-runner\_work\XPCO\XPCO\Transact\Transact\VideoOS.Transact.AdminPlugin.UnitTests\bin\Debug\VideoOS.Transact.AdminPlugin.UnitTests.dll" adapterTypeName="executor://mstestadapter/v1" className="VideoOS.Transact.AdminPlugin.UnitTests.UserControls.HexEditor.FilterComparerTests" name="WhenSecondFilterFilterPropertyIsNullShouldReturnNegative" />
    </UnitTest>
    <UnitTest name="Constructor_ShouldUseEmptyEventRules_WhenInitialEventRulesAreNull" storage="d:\actions-runner\_work\xpco\xpco\transact\transact\videoos.transact.adminplugin.unittests\bin\debug\videoos.transact.adminplugin.unittests.dll" id="9510e21e-3b6a-5e78-265b-1ddd34fdf1aa">
      <Execution id="9de93bd5-2004-4537-8757-34b4561fdd90" />
      <TestMethod codeBase="D:\actions-runner\_work\XPCO\XPCO\Transact\Transact\VideoOS.Transact.AdminPlugin.UnitTests\bin\Debug\VideoOS.Transact.AdminPlugin.UnitTests.dll" adapterTypeName="executor://mstestadapter/v1" className="VideoOS.Transact.AdminPlugin.UnitTests.UserControls.ViewModels.AssociatedEventsViewModelTests" name="Constructor_ShouldUseEmptyEventRules_WhenInitialEventRulesAreNull" />
    </UnitTest>
    <UnitTest name="WhenFirstFilterIsNullShouldReturnPositive" storage="d:\actions-runner\_work\xpco\xpco\transact\transact\videoos.transact.adminplugin.unittests\bin\debug\videoos.transact.adminplugin.unittests.dll" id="0ec46184-fb72-fc5b-4e06-0cfd1e5ebc63">
      <Execution id="ed21734a-f0c0-415c-a037-5818ee2b9e73" />
      <TestMethod codeBase="D:\actions-runner\_work\XPCO\XPCO\Transact\Transact\VideoOS.Transact.AdminPlugin.UnitTests\bin\Debug\VideoOS.Transact.AdminPlugin.UnitTests.dll" adapterTypeName="executor://mstestadapter/v1" className="VideoOS.Transact.AdminPlugin.UnitTests.UserControls.HexEditor.FilterComparerTests" name="WhenFirstFilterIsNullShouldReturnPositive" />
    </UnitTest>
    <UnitTest name="WhenBothFiltersAreNotSpecialAndSecondFilterIsGreaterShouldReturnNegative" storage="d:\actions-runner\_work\xpco\xpco\transact\transact\videoos.transact.adminplugin.unittests\bin\debug\videoos.transact.adminplugin.unittests.dll" id="3893c5e4-915e-5f33-5020-f52e4d0f984d">
      <Execution id="a6f1e7c3-39a1-480e-a7c9-73e0faedd2b0" />
      <TestMethod codeBase="D:\actions-runner\_work\XPCO\XPCO\Transact\Transact\VideoOS.Transact.AdminPlugin.UnitTests\bin\Debug\VideoOS.Transact.AdminPlugin.UnitTests.dll" adapterTypeName="executor://mstestadapter/v1" className="VideoOS.Transact.AdminPlugin.UnitTests.UserControls.HexEditor.OmitControlsFilterComparerTests" name="WhenBothFiltersAreNotSpecialAndSecondFilterIsGreaterShouldReturnNegative" />
    </UnitTest>
    <UnitTest name="WhenBothFiltersAreNotSpecialAndFirstFilterIsGreaterShouldReturnPositive" storage="d:\actions-runner\_work\xpco\xpco\transact\transact\videoos.transact.adminplugin.unittests\bin\debug\videoos.transact.adminplugin.unittests.dll" id="1b786b4d-2332-0530-ce86-71bd80818152">
      <Execution id="dff3cfaf-5532-43df-88be-ae459091103b" />
      <TestMethod codeBase="D:\actions-runner\_work\XPCO\XPCO\Transact\Transact\VideoOS.Transact.AdminPlugin.UnitTests\bin\Debug\VideoOS.Transact.AdminPlugin.UnitTests.dll" adapterTypeName="executor://mstestadapter/v1" className="VideoOS.Transact.AdminPlugin.UnitTests.UserControls.HexEditor.OmitControlsFilterComparerTests" name="WhenBothFiltersAreNotSpecialAndFirstFilterIsGreaterShouldReturnPositive" />
    </UnitTest>
    <UnitTest name="WhenFirstFilterFilterPropertyIsNullShouldReturnPositive" storage="d:\actions-runner\_work\xpco\xpco\transact\transact\videoos.transact.adminplugin.unittests\bin\debug\videoos.transact.adminplugin.unittests.dll" id="7564cd4d-9d24-07f8-f9ef-a7383f4dd17a">
      <Execution id="a58b91b4-62ed-4310-bee1-9cf08d554b4a" />
      <TestMethod codeBase="D:\actions-runner\_work\XPCO\XPCO\Transact\Transact\VideoOS.Transact.AdminPlugin.UnitTests\bin\Debug\VideoOS.Transact.AdminPlugin.UnitTests.dll" adapterTypeName="executor://mstestadapter/v1" className="VideoOS.Transact.AdminPlugin.UnitTests.UserControls.HexEditor.FilterComparerTests" name="WhenFirstFilterFilterPropertyIsNullShouldReturnPositive" />
    </UnitTest>
    <UnitTest name="WhenBothFiltersAreNullShouldReturnZero" storage="d:\actions-runner\_work\xpco\xpco\transact\transact\videoos.transact.adminplugin.unittests\bin\debug\videoos.transact.adminplugin.unittests.dll" id="090641b2-59e5-ac57-61bd-2bc2524486bb">
      <Execution id="e3ab2de6-4691-4bd3-b05d-ccfee0b9c3d7" />
      <TestMethod codeBase="D:\actions-runner\_work\XPCO\XPCO\Transact\Transact\VideoOS.Transact.AdminPlugin.UnitTests\bin\Debug\VideoOS.Transact.AdminPlugin.UnitTests.dll" adapterTypeName="executor://mstestadapter/v1" className="VideoOS.Transact.AdminPlugin.UnitTests.UserControls.HexEditor.FilterComparerTests" name="WhenBothFiltersAreNullShouldReturnZero" />
    </UnitTest>
    <UnitTest name="IsContentValid_ShouldReturnFalse_WhenRuleNameExistsInOtherTransactDefinition" storage="d:\actions-runner\_work\xpco\xpco\transact\transact\videoos.transact.adminplugin.unittests\bin\debug\videoos.transact.adminplugin.unittests.dll" id="fca44b57-8625-169f-d29d-6bff46e6f1d1">
      <Execution id="88cba19f-351d-47ef-9fe2-8d17aef4f98f" />
      <TestMethod codeBase="D:\actions-runner\_work\XPCO\XPCO\Transact\Transact\VideoOS.Transact.AdminPlugin.UnitTests\bin\Debug\VideoOS.Transact.AdminPlugin.UnitTests.dll" adapterTypeName="executor://mstestadapter/v1" className="VideoOS.Transact.AdminPlugin.UnitTests.UserControls.ViewModels.AssociatedEventsViewModelTests" name="IsContentValid_ShouldReturnFalse_WhenRuleNameExistsInOtherTransactDefinition" />
    </UnitTest>
    <UnitTest name="DeleteEventRuleCommand_ShouldNotBeExecutable_WhenAnEventIsNotSelected" storage="d:\actions-runner\_work\xpco\xpco\transact\transact\videoos.transact.adminplugin.unittests\bin\debug\videoos.transact.adminplugin.unittests.dll" id="f8508039-d500-2365-1648-7b82d543c90d">
      <Execution id="f04173d6-8373-4597-9bd5-800e8edb4fb4" />
      <TestMethod codeBase="D:\actions-runner\_work\XPCO\XPCO\Transact\Transact\VideoOS.Transact.AdminPlugin.UnitTests\bin\Debug\VideoOS.Transact.AdminPlugin.UnitTests.dll" adapterTypeName="executor://mstestadapter/v1" className="VideoOS.Transact.AdminPlugin.UnitTests.UserControls.ViewModels.AssociatedEventsViewModelTests" name="DeleteEventRuleCommand_ShouldNotBeExecutable_WhenAnEventIsNotSelected" />
    </UnitTest>
    <UnitTest name="IsContentValid_ShouldReturnFalse_WhenARuleHasWhiteSpaceAsName" storage="d:\actions-runner\_work\xpco\xpco\transact\transact\videoos.transact.adminplugin.unittests\bin\debug\videoos.transact.adminplugin.unittests.dll" id="a48c6940-22ee-0e0c-2460-5c580605e976">
      <Execution id="e33d7991-f10c-412c-acd4-d8de2bc28b62" />
      <TestMethod codeBase="D:\actions-runner\_work\XPCO\XPCO\Transact\Transact\VideoOS.Transact.AdminPlugin.UnitTests\bin\Debug\VideoOS.Transact.AdminPlugin.UnitTests.dll" adapterTypeName="executor://mstestadapter/v1" className="VideoOS.Transact.AdminPlugin.UnitTests.UserControls.ViewModels.AssociatedEventsViewModelTests" name="IsContentValid_ShouldReturnFalse_WhenARuleHasWhiteSpaceAsName" />
    </UnitTest>
    <UnitTest name="WhenBothFiltersAreNullShouldReturnZero" storage="d:\actions-runner\_work\xpco\xpco\transact\transact\videoos.transact.adminplugin.unittests\bin\debug\videoos.transact.adminplugin.unittests.dll" id="6f2851d5-e260-71c8-2505-687cecba4c68">
      <Execution id="53fb988a-f577-4ea2-933c-ab2331ea1cc5" />
      <TestMethod codeBase="D:\actions-runner\_work\XPCO\XPCO\Transact\Transact\VideoOS.Transact.AdminPlugin.UnitTests\bin\Debug\VideoOS.Transact.AdminPlugin.UnitTests.dll" adapterTypeName="executor://mstestadapter/v1" className="VideoOS.Transact.AdminPlugin.UnitTests.UserControls.HexEditor.OmitControlsFilterComparerTests" name="WhenBothFiltersAreNullShouldReturnZero" />
    </UnitTest>
    <UnitTest name="WhenFirstFilterIsNullShouldReturnPositive" storage="d:\actions-runner\_work\xpco\xpco\transact\transact\videoos.transact.adminplugin.unittests\bin\debug\videoos.transact.adminplugin.unittests.dll" id="ebb434e0-a97a-3b9c-1bce-b55c834b26f4">
      <Execution id="e666eef7-673f-48c0-907b-8159c3890c1e" />
      <TestMethod codeBase="D:\actions-runner\_work\XPCO\XPCO\Transact\Transact\VideoOS.Transact.AdminPlugin.UnitTests\bin\Debug\VideoOS.Transact.AdminPlugin.UnitTests.dll" adapterTypeName="executor://mstestadapter/v1" className="VideoOS.Transact.AdminPlugin.UnitTests.UserControls.HexEditor.OmitControlsFilterComparerTests" name="WhenFirstFilterIsNullShouldReturnPositive" />
    </UnitTest>
    <UnitTest name="WhenBothFiltersFilterPropertyAreNullShouldReturnZero" storage="d:\actions-runner\_work\xpco\xpco\transact\transact\videoos.transact.adminplugin.unittests\bin\debug\videoos.transact.adminplugin.unittests.dll" id="bd1d9e4a-48cb-7e75-c0b2-8c3179bfb4d8">
      <Execution id="e8e7fb5b-fdd9-4257-b96c-dffc7f0b4ccb" />
      <TestMethod codeBase="D:\actions-runner\_work\XPCO\XPCO\Transact\Transact\VideoOS.Transact.AdminPlugin.UnitTests\bin\Debug\VideoOS.Transact.AdminPlugin.UnitTests.dll" adapterTypeName="executor://mstestadapter/v1" className="VideoOS.Transact.AdminPlugin.UnitTests.UserControls.HexEditor.FilterComparerTests" name="WhenBothFiltersFilterPropertyAreNullShouldReturnZero" />
    </UnitTest>
    <UnitTest name="WhenFirstFilterFilterPropertyIsNullShouldReturnPositive" storage="d:\actions-runner\_work\xpco\xpco\transact\transact\videoos.transact.adminplugin.unittests\bin\debug\videoos.transact.adminplugin.unittests.dll" id="d0a5d30e-26a2-0bb1-e24d-29ccb337f58a">
      <Execution id="988b9b75-6495-4dd6-ac32-d78221a3f27b" />
      <TestMethod codeBase="D:\actions-runner\_work\XPCO\XPCO\Transact\Transact\VideoOS.Transact.AdminPlugin.UnitTests\bin\Debug\VideoOS.Transact.AdminPlugin.UnitTests.dll" adapterTypeName="executor://mstestadapter/v1" className="VideoOS.Transact.AdminPlugin.UnitTests.UserControls.HexEditor.OmitControlsFilterComparerTests" name="WhenFirstFilterFilterPropertyIsNullShouldReturnPositive" />
    </UnitTest>
    <UnitTest name="IsContentValid_ShouldReturnTrue_WhenThereAreNoEventRules" storage="d:\actions-runner\_work\xpco\xpco\transact\transact\videoos.transact.adminplugin.unittests\bin\debug\videoos.transact.adminplugin.unittests.dll" id="7ccd6d6a-3f10-0394-55ae-70c603f05b4d">
      <Execution id="1670ffc7-ed34-4910-8c77-a9514e2cf38a" />
      <TestMethod codeBase="D:\actions-runner\_work\XPCO\XPCO\Transact\Transact\VideoOS.Transact.AdminPlugin.UnitTests\bin\Debug\VideoOS.Transact.AdminPlugin.UnitTests.dll" adapterTypeName="executor://mstestadapter/v1" className="VideoOS.Transact.AdminPlugin.UnitTests.UserControls.ViewModels.AssociatedEventsViewModelTests" name="IsContentValid_ShouldReturnTrue_WhenThereAreNoEventRules" />
    </UnitTest>
    <UnitTest name="WhenBothFiltersAreNotSpecialAndAreEqualShouldReturnZero" storage="d:\actions-runner\_work\xpco\xpco\transact\transact\videoos.transact.adminplugin.unittests\bin\debug\videoos.transact.adminplugin.unittests.dll" id="cdfd660b-cb8a-bae7-1ae7-e5bf774b16dd">
      <Execution id="6d8c4964-31a5-4af3-8eb1-6b9248d85736" />
      <TestMethod codeBase="D:\actions-runner\_work\XPCO\XPCO\Transact\Transact\VideoOS.Transact.AdminPlugin.UnitTests\bin\Debug\VideoOS.Transact.AdminPlugin.UnitTests.dll" adapterTypeName="executor://mstestadapter/v1" className="VideoOS.Transact.AdminPlugin.UnitTests.UserControls.HexEditor.OmitControlsFilterComparerTests" name="WhenBothFiltersAreNotSpecialAndAreEqualShouldReturnZero" />
    </UnitTest>
    <UnitTest name="WhenSecondFilterFilterPropertyIsNullShouldReturnNegative" storage="d:\actions-runner\_work\xpco\xpco\transact\transact\videoos.transact.adminplugin.unittests\bin\debug\videoos.transact.adminplugin.unittests.dll" id="fd2ee1ab-4d4b-fac5-b5d5-e55fa82e62b2">
      <Execution id="8001cae3-243c-424a-a98d-0efd65f88e22" />
      <TestMethod codeBase="D:\actions-runner\_work\XPCO\XPCO\Transact\Transact\VideoOS.Transact.AdminPlugin.UnitTests\bin\Debug\VideoOS.Transact.AdminPlugin.UnitTests.dll" adapterTypeName="executor://mstestadapter/v1" className="VideoOS.Transact.AdminPlugin.UnitTests.UserControls.HexEditor.OmitControlsFilterComparerTests" name="WhenSecondFilterFilterPropertyIsNullShouldReturnNegative" />
    </UnitTest>
    <UnitTest name="DeleteEventRuleCommand_ShouldBeExecutable_WhenAnEventIsSelected" storage="d:\actions-runner\_work\xpco\xpco\transact\transact\videoos.transact.adminplugin.unittests\bin\debug\videoos.transact.adminplugin.unittests.dll" id="5e9887ac-016c-3341-4e47-2706dd464daf">
      <Execution id="3a132b20-7ab4-4086-b23f-cb48f5116b31" />
      <TestMethod codeBase="D:\actions-runner\_work\XPCO\XPCO\Transact\Transact\VideoOS.Transact.AdminPlugin.UnitTests\bin\Debug\VideoOS.Transact.AdminPlugin.UnitTests.dll" adapterTypeName="executor://mstestadapter/v1" className="VideoOS.Transact.AdminPlugin.UnitTests.UserControls.ViewModels.AssociatedEventsViewModelTests" name="DeleteEventRuleCommand_ShouldBeExecutable_WhenAnEventIsSelected" />
    </UnitTest>
    <UnitTest name="WhenSecondFilterIsNullShouldReturnNegative" storage="d:\actions-runner\_work\xpco\xpco\transact\transact\videoos.transact.adminplugin.unittests\bin\debug\videoos.transact.adminplugin.unittests.dll" id="bb26ad5a-6c94-a4bb-d37f-a2337f202c2e">
      <Execution id="0c1f5ee2-3cd8-4c44-b6e3-0cbd76329e91" />
      <TestMethod codeBase="D:\actions-runner\_work\XPCO\XPCO\Transact\Transact\VideoOS.Transact.AdminPlugin.UnitTests\bin\Debug\VideoOS.Transact.AdminPlugin.UnitTests.dll" adapterTypeName="executor://mstestadapter/v1" className="VideoOS.Transact.AdminPlugin.UnitTests.UserControls.HexEditor.FilterComparerTests" name="WhenSecondFilterIsNullShouldReturnNegative" />
    </UnitTest>
    <UnitTest name="WhenBothFiltersAreSpecialAndSecondFilterIsGreaterShouldReturnNegative" storage="d:\actions-runner\_work\xpco\xpco\transact\transact\videoos.transact.adminplugin.unittests\bin\debug\videoos.transact.adminplugin.unittests.dll" id="7b64f4d6-94c2-723e-3a47-c56952f28937">
      <Execution id="4094a7ab-e477-4c3e-9e59-3728471a317c" />
      <TestMethod codeBase="D:\actions-runner\_work\XPCO\XPCO\Transact\Transact\VideoOS.Transact.AdminPlugin.UnitTests\bin\Debug\VideoOS.Transact.AdminPlugin.UnitTests.dll" adapterTypeName="executor://mstestadapter/v1" className="VideoOS.Transact.AdminPlugin.UnitTests.UserControls.HexEditor.OmitControlsFilterComparerTests" name="WhenBothFiltersAreSpecialAndSecondFilterIsGreaterShouldReturnNegative" />
    </UnitTest>
    <UnitTest name="AddEventRuleCommand_ShouldAddEmptyRow_WhenExecuted" storage="d:\actions-runner\_work\xpco\xpco\transact\transact\videoos.transact.adminplugin.unittests\bin\debug\videoos.transact.adminplugin.unittests.dll" id="46f5a5d9-7f28-0928-0316-77707701e9f9">
      <Execution id="45fdda1d-440b-433b-b985-212eec4f8a99" />
      <TestMethod codeBase="D:\actions-runner\_work\XPCO\XPCO\Transact\Transact\VideoOS.Transact.AdminPlugin.UnitTests\bin\Debug\VideoOS.Transact.AdminPlugin.UnitTests.dll" adapterTypeName="executor://mstestadapter/v1" className="VideoOS.Transact.AdminPlugin.UnitTests.UserControls.ViewModels.AssociatedEventsViewModelTests" name="AddEventRuleCommand_ShouldAddEmptyRow_WhenExecuted" />
    </UnitTest>
    <UnitTest name="WhenSameFilterShouldReturnZero" storage="d:\actions-runner\_work\xpco\xpco\transact\transact\videoos.transact.adminplugin.unittests\bin\debug\videoos.transact.adminplugin.unittests.dll" id="610eb476-e9cb-a6a1-cbde-aedc99e5c7a0">
      <Execution id="a757779c-6a3d-4799-adb8-b1ee808de121" />
      <TestMethod codeBase="D:\actions-runner\_work\XPCO\XPCO\Transact\Transact\VideoOS.Transact.AdminPlugin.UnitTests\bin\Debug\VideoOS.Transact.AdminPlugin.UnitTests.dll" adapterTypeName="executor://mstestadapter/v1" className="VideoOS.Transact.AdminPlugin.UnitTests.UserControls.HexEditor.FilterComparerTests" name="WhenSameFilterShouldReturnZero" />
    </UnitTest>
    <UnitTest name="IsContentValid_ShouldReturnFalse_WhenRuleNameAreDuplicated" storage="d:\actions-runner\_work\xpco\xpco\transact\transact\videoos.transact.adminplugin.unittests\bin\debug\videoos.transact.adminplugin.unittests.dll" id="aab52b8a-f349-d7f0-877a-c4d94bac0b43">
      <Execution id="c2941964-f9e4-4fc9-b2fd-0a4dc223736b" />
      <TestMethod codeBase="D:\actions-runner\_work\XPCO\XPCO\Transact\Transact\VideoOS.Transact.AdminPlugin.UnitTests\bin\Debug\VideoOS.Transact.AdminPlugin.UnitTests.dll" adapterTypeName="executor://mstestadapter/v1" className="VideoOS.Transact.AdminPlugin.UnitTests.UserControls.ViewModels.AssociatedEventsViewModelTests" name="IsContentValid_ShouldReturnFalse_WhenRuleNameAreDuplicated" />
    </UnitTest>
    <UnitTest name="AddEventRuleCommand_ShouldBeExecutable_WhenAlways" storage="d:\actions-runner\_work\xpco\xpco\transact\transact\videoos.transact.adminplugin.unittests\bin\debug\videoos.transact.adminplugin.unittests.dll" id="d74a169c-37e7-4a28-b82e-c60c86e0b084">
      <Execution id="eacb1774-7dc9-4802-94db-8037e526eba2" />
      <TestMethod codeBase="D:\actions-runner\_work\XPCO\XPCO\Transact\Transact\VideoOS.Transact.AdminPlugin.UnitTests\bin\Debug\VideoOS.Transact.AdminPlugin.UnitTests.dll" adapterTypeName="executor://mstestadapter/v1" className="VideoOS.Transact.AdminPlugin.UnitTests.UserControls.ViewModels.AssociatedEventsViewModelTests" name="AddEventRuleCommand_ShouldBeExecutable_WhenAlways" />
    </UnitTest>
    <UnitTest name="WhenOnlySecondFilterIsSpecialAndFirstFilterIsGreaterShouldReturnNegative" storage="d:\actions-runner\_work\xpco\xpco\transact\transact\videoos.transact.adminplugin.unittests\bin\debug\videoos.transact.adminplugin.unittests.dll" id="5360aa00-0a4c-7096-7942-d24f1e2c2cc1">
      <Execution id="f349f556-4abd-4626-b089-cead59045aa5" />
      <TestMethod codeBase="D:\actions-runner\_work\XPCO\XPCO\Transact\Transact\VideoOS.Transact.AdminPlugin.UnitTests\bin\Debug\VideoOS.Transact.AdminPlugin.UnitTests.dll" adapterTypeName="executor://mstestadapter/v1" className="VideoOS.Transact.AdminPlugin.UnitTests.UserControls.HexEditor.OmitControlsFilterComparerTests" name="WhenOnlySecondFilterIsSpecialAndFirstFilterIsGreaterShouldReturnNegative" />
    </UnitTest>
    <UnitTest name="IsContentValid_ShouldReturnFalse_WhenARuleHasSearchPatternThatIsEmpty" storage="d:\actions-runner\_work\xpco\xpco\transact\transact\videoos.transact.adminplugin.unittests\bin\debug\videoos.transact.adminplugin.unittests.dll" id="a9bc14e3-7d7a-8ce8-b519-7450d60f2cfa">
      <Execution id="edaf5e0d-8806-4baa-9928-d31b90ec1b0b" />
      <TestMethod codeBase="D:\actions-runner\_work\XPCO\XPCO\Transact\Transact\VideoOS.Transact.AdminPlugin.UnitTests\bin\Debug\VideoOS.Transact.AdminPlugin.UnitTests.dll" adapterTypeName="executor://mstestadapter/v1" className="VideoOS.Transact.AdminPlugin.UnitTests.UserControls.ViewModels.AssociatedEventsViewModelTests" name="IsContentValid_ShouldReturnFalse_WhenARuleHasSearchPatternThatIsEmpty" />
    </UnitTest>
    <UnitTest name="WhenBothFiltersAreSpecialAndFirstFilterIsGreaterShouldReturnPositive" storage="d:\actions-runner\_work\xpco\xpco\transact\transact\videoos.transact.adminplugin.unittests\bin\debug\videoos.transact.adminplugin.unittests.dll" id="efaaaf46-54e8-6f57-6bd7-b89a299d72f9">
      <Execution id="76e994b7-5757-443a-93a6-89a497a6fa4c" />
      <TestMethod codeBase="D:\actions-runner\_work\XPCO\XPCO\Transact\Transact\VideoOS.Transact.AdminPlugin.UnitTests\bin\Debug\VideoOS.Transact.AdminPlugin.UnitTests.dll" adapterTypeName="executor://mstestadapter/v1" className="VideoOS.Transact.AdminPlugin.UnitTests.UserControls.HexEditor.OmitControlsFilterComparerTests" name="WhenBothFiltersAreSpecialAndFirstFilterIsGreaterShouldReturnPositive" />
    </UnitTest>
    <UnitTest name="WhenSecondFilterIsNullShouldReturnNegative" storage="d:\actions-runner\_work\xpco\xpco\transact\transact\videoos.transact.adminplugin.unittests\bin\debug\videoos.transact.adminplugin.unittests.dll" id="23d934b4-0440-2200-2d79-16dff4e54ac4">
      <Execution id="868fe490-d069-4199-86c1-045dac894624" />
      <TestMethod codeBase="D:\actions-runner\_work\XPCO\XPCO\Transact\Transact\VideoOS.Transact.AdminPlugin.UnitTests\bin\Debug\VideoOS.Transact.AdminPlugin.UnitTests.dll" adapterTypeName="executor://mstestadapter/v1" className="VideoOS.Transact.AdminPlugin.UnitTests.UserControls.HexEditor.OmitControlsFilterComparerTests" name="WhenSecondFilterIsNullShouldReturnNegative" />
    </UnitTest>
    <UnitTest name="Constructor_ShouldAddEventRulesToEventRules_WhenThereAreInitialEvents" storage="d:\actions-runner\_work\xpco\xpco\transact\transact\videoos.transact.adminplugin.unittests\bin\debug\videoos.transact.adminplugin.unittests.dll" id="32835679-60dd-f5d2-940c-4e02ed24ef29">
      <Execution id="7a942407-8d9e-4787-8415-3bf3cd4f0b30" />
      <TestMethod codeBase="D:\actions-runner\_work\XPCO\XPCO\Transact\Transact\VideoOS.Transact.AdminPlugin.UnitTests\bin\Debug\VideoOS.Transact.AdminPlugin.UnitTests.dll" adapterTypeName="executor://mstestadapter/v1" className="VideoOS.Transact.AdminPlugin.UnitTests.UserControls.ViewModels.AssociatedEventsViewModelTests" name="Constructor_ShouldAddEventRulesToEventRules_WhenThereAreInitialEvents" />
    </UnitTest>
    <UnitTest name="WhenBothFiltersFilterPropertyIsNullShouldReturnZero" storage="d:\actions-runner\_work\xpco\xpco\transact\transact\videoos.transact.adminplugin.unittests\bin\debug\videoos.transact.adminplugin.unittests.dll" id="f1695d80-156b-4449-6555-93fc7b894361">
      <Execution id="2f54d589-f793-432d-9b40-b2d25d30d4d4" />
      <TestMethod codeBase="D:\actions-runner\_work\XPCO\XPCO\Transact\Transact\VideoOS.Transact.AdminPlugin.UnitTests\bin\Debug\VideoOS.Transact.AdminPlugin.UnitTests.dll" adapterTypeName="executor://mstestadapter/v1" className="VideoOS.Transact.AdminPlugin.UnitTests.UserControls.HexEditor.OmitControlsFilterComparerTests" name="WhenBothFiltersFilterPropertyIsNullShouldReturnZero" />
    </UnitTest>
    <UnitTest name="WhenFirstFilterGreaterShouldReturnPositive" storage="d:\actions-runner\_work\xpco\xpco\transact\transact\videoos.transact.adminplugin.unittests\bin\debug\videoos.transact.adminplugin.unittests.dll" id="67dc9346-c4db-affc-575b-c122b74b8e2b">
      <Execution id="09d918fa-389b-4856-a856-7317a47bc86e" />
      <TestMethod codeBase="D:\actions-runner\_work\XPCO\XPCO\Transact\Transact\VideoOS.Transact.AdminPlugin.UnitTests\bin\Debug\VideoOS.Transact.AdminPlugin.UnitTests.dll" adapterTypeName="executor://mstestadapter/v1" className="VideoOS.Transact.AdminPlugin.UnitTests.UserControls.HexEditor.FilterComparerTests" name="WhenFirstFilterGreaterShouldReturnPositive" />
    </UnitTest>
    <UnitTest name="IsContentValid_ShouldReturnTrue_WhenARuleHasSearchPatternWithOnlyWhiteSpaces" storage="d:\actions-runner\_work\xpco\xpco\transact\transact\videoos.transact.adminplugin.unittests\bin\debug\videoos.transact.adminplugin.unittests.dll" id="4e05a691-4c41-6484-e623-aebbf671304e">
      <Execution id="2f131c49-aa18-4f9d-bc24-b7d661e07d90" />
      <TestMethod codeBase="D:\actions-runner\_work\XPCO\XPCO\Transact\Transact\VideoOS.Transact.AdminPlugin.UnitTests\bin\Debug\VideoOS.Transact.AdminPlugin.UnitTests.dll" adapterTypeName="executor://mstestadapter/v1" className="VideoOS.Transact.AdminPlugin.UnitTests.UserControls.ViewModels.AssociatedEventsViewModelTests" name="IsContentValid_ShouldReturnTrue_WhenARuleHasSearchPatternWithOnlyWhiteSpaces" />
    </UnitTest>
    <UnitTest name="DeleteEventRuleCommand_ShouldRemoveSelectedEvent_WhenExecuted" storage="d:\actions-runner\_work\xpco\xpco\transact\transact\videoos.transact.adminplugin.unittests\bin\debug\videoos.transact.adminplugin.unittests.dll" id="0c172a32-06fe-2b83-98f1-8a2978c222b9">
      <Execution id="c6097ba8-34b8-4200-883d-3154f0c15195" />
      <TestMethod codeBase="D:\actions-runner\_work\XPCO\XPCO\Transact\Transact\VideoOS.Transact.AdminPlugin.UnitTests\bin\Debug\VideoOS.Transact.AdminPlugin.UnitTests.dll" adapterTypeName="executor://mstestadapter/v1" className="VideoOS.Transact.AdminPlugin.UnitTests.UserControls.ViewModels.AssociatedEventsViewModelTests" name="DeleteEventRuleCommand_ShouldRemoveSelectedEvent_WhenExecuted" />
    </UnitTest>
    <UnitTest name="WhenOnlyFirstFilterIsSpecialAndFirstFilterIsGreaterShouldReturnPositive" storage="d:\actions-runner\_work\xpco\xpco\transact\transact\videoos.transact.adminplugin.unittests\bin\debug\videoos.transact.adminplugin.unittests.dll" id="61b2fa0b-71a7-6e53-5c5e-6d8d794de627">
      <Execution id="e3b95037-527c-48a7-b05f-64fd35db6558" />
      <TestMethod codeBase="D:\actions-runner\_work\XPCO\XPCO\Transact\Transact\VideoOS.Transact.AdminPlugin.UnitTests\bin\Debug\VideoOS.Transact.AdminPlugin.UnitTests.dll" adapterTypeName="executor://mstestadapter/v1" className="VideoOS.Transact.AdminPlugin.UnitTests.UserControls.HexEditor.OmitControlsFilterComparerTests" name="WhenOnlyFirstFilterIsSpecialAndFirstFilterIsGreaterShouldReturnPositive" />
    </UnitTest>
  </TestDefinitions>
  <TestEntries>
    <TestEntry testId="0ec46184-fb72-fc5b-4e06-0cfd1e5ebc63" executionId="ed21734a-f0c0-415c-a037-5818ee2b9e73" testListId="8c84fa94-04c1-424b-9868-57a2d4851a1d" />
    <TestEntry testId="a48c6940-22ee-0e0c-2460-5c580605e976" executionId="e33d7991-f10c-412c-acd4-d8de2bc28b62" testListId="8c84fa94-04c1-424b-9868-57a2d4851a1d" />
    <TestEntry testId="b6be1c36-5d62-95d6-35fa-81af4f295579" executionId="b20f630c-f060-4b88-932d-0d6bbb0c69ec" testListId="8c84fa94-04c1-424b-9868-57a2d4851a1d" />
    <TestEntry testId="610eb476-e9cb-a6a1-cbde-aedc99e5c7a0" executionId="a757779c-6a3d-4799-adb8-b1ee808de121" testListId="8c84fa94-04c1-424b-9868-57a2d4851a1d" />
    <TestEntry testId="1b786b4d-2332-0530-ce86-71bd80818152" executionId="dff3cfaf-5532-43df-88be-ae459091103b" testListId="8c84fa94-04c1-424b-9868-57a2d4851a1d" />
    <TestEntry testId="aab52b8a-f349-d7f0-877a-c4d94bac0b43" executionId="c2941964-f9e4-4fc9-b2fd-0a4dc223736b" testListId="8c84fa94-04c1-424b-9868-57a2d4851a1d" />
    <TestEntry testId="4e05a691-4c41-6484-e623-aebbf671304e" executionId="2f131c49-aa18-4f9d-bc24-b7d661e07d90" testListId="8c84fa94-04c1-424b-9868-57a2d4851a1d" />
    <TestEntry testId="386e060e-97d0-db03-8792-34653c905418" executionId="636eb17c-00ea-43a5-9dda-b0bd30466bd7" testListId="8c84fa94-04c1-424b-9868-57a2d4851a1d" />
    <TestEntry testId="6f2851d5-e260-71c8-2505-687cecba4c68" executionId="53fb988a-f577-4ea2-933c-ab2331ea1cc5" testListId="8c84fa94-04c1-424b-9868-57a2d4851a1d" />
    <TestEntry testId="5360aa00-0a4c-7096-7942-d24f1e2c2cc1" executionId="f349f556-4abd-4626-b089-cead59045aa5" testListId="8c84fa94-04c1-424b-9868-57a2d4851a1d" />
    <TestEntry testId="f1695d80-156b-4449-6555-93fc7b894361" executionId="2f54d589-f793-432d-9b40-b2d25d30d4d4" testListId="8c84fa94-04c1-424b-9868-57a2d4851a1d" />
    <TestEntry testId="0c172a32-06fe-2b83-98f1-8a2978c222b9" executionId="c6097ba8-34b8-4200-883d-3154f0c15195" testListId="8c84fa94-04c1-424b-9868-57a2d4851a1d" />
    <TestEntry testId="67dc9346-c4db-affc-575b-c122b74b8e2b" executionId="09d918fa-389b-4856-a856-7317a47bc86e" testListId="8c84fa94-04c1-424b-9868-57a2d4851a1d" />
    <TestEntry testId="fca44b57-8625-169f-d29d-6bff46e6f1d1" executionId="88cba19f-351d-47ef-9fe2-8d17aef4f98f" testListId="8c84fa94-04c1-424b-9868-57a2d4851a1d" />
    <TestEntry testId="cdfd660b-cb8a-bae7-1ae7-e5bf774b16dd" executionId="6d8c4964-31a5-4af3-8eb1-6b9248d85736" testListId="8c84fa94-04c1-424b-9868-57a2d4851a1d" />
    <TestEntry testId="a9bc14e3-7d7a-8ce8-b519-7450d60f2cfa" executionId="edaf5e0d-8806-4baa-9928-d31b90ec1b0b" testListId="8c84fa94-04c1-424b-9868-57a2d4851a1d" />
    <TestEntry testId="f8508039-d500-2365-1648-7b82d543c90d" executionId="f04173d6-8373-4597-9bd5-800e8edb4fb4" testListId="8c84fa94-04c1-424b-9868-57a2d4851a1d" />
    <TestEntry testId="edf7c032-3285-ff7e-be58-db560d72d15e" executionId="9b2424d2-7227-40c4-95c7-f0e201540a71" testListId="8c84fa94-04c1-424b-9868-57a2d4851a1d" />
    <TestEntry testId="fd2ee1ab-4d4b-fac5-b5d5-e55fa82e62b2" executionId="8001cae3-243c-424a-a98d-0efd65f88e22" testListId="8c84fa94-04c1-424b-9868-57a2d4851a1d" />
    <TestEntry testId="bb5afb64-fb69-5bdc-b4fa-4b7a08dce9c5" executionId="3f85589b-29e5-448e-926e-ab084c63926d" testListId="8c84fa94-04c1-424b-9868-57a2d4851a1d" />
    <TestEntry testId="bb26ad5a-6c94-a4bb-d37f-a2337f202c2e" executionId="0c1f5ee2-3cd8-4c44-b6e3-0cbd76329e91" testListId="8c84fa94-04c1-424b-9868-57a2d4851a1d" />
    <TestEntry testId="7564cd4d-9d24-07f8-f9ef-a7383f4dd17a" executionId="a58b91b4-62ed-4310-bee1-9cf08d554b4a" testListId="8c84fa94-04c1-424b-9868-57a2d4851a1d" />
    <TestEntry testId="3893c5e4-915e-5f33-5020-f52e4d0f984d" executionId="a6f1e7c3-39a1-480e-a7c9-73e0faedd2b0" testListId="8c84fa94-04c1-424b-9868-57a2d4851a1d" />
    <TestEntry testId="090641b2-59e5-ac57-61bd-2bc2524486bb" executionId="e3ab2de6-4691-4bd3-b05d-ccfee0b9c3d7" testListId="8c84fa94-04c1-424b-9868-57a2d4851a1d" />
    <TestEntry testId="bd1d9e4a-48cb-7e75-c0b2-8c3179bfb4d8" executionId="e8e7fb5b-fdd9-4257-b96c-dffc7f0b4ccb" testListId="8c84fa94-04c1-424b-9868-57a2d4851a1d" />
    <TestEntry testId="efaaaf46-54e8-6f57-6bd7-b89a299d72f9" executionId="76e994b7-5757-443a-93a6-89a497a6fa4c" testListId="8c84fa94-04c1-424b-9868-57a2d4851a1d" />
    <TestEntry testId="9510e21e-3b6a-5e78-265b-1ddd34fdf1aa" executionId="9de93bd5-2004-4537-8757-34b4561fdd90" testListId="8c84fa94-04c1-424b-9868-57a2d4851a1d" />
    <TestEntry testId="32835679-60dd-f5d2-940c-4e02ed24ef29" executionId="7a942407-8d9e-4787-8415-3bf3cd4f0b30" testListId="8c84fa94-04c1-424b-9868-57a2d4851a1d" />
    <TestEntry testId="d74a169c-37e7-4a28-b82e-c60c86e0b084" executionId="eacb1774-7dc9-4802-94db-8037e526eba2" testListId="8c84fa94-04c1-424b-9868-57a2d4851a1d" />
    <TestEntry testId="5e9887ac-016c-3341-4e47-2706dd464daf" executionId="3a132b20-7ab4-4086-b23f-cb48f5116b31" testListId="8c84fa94-04c1-424b-9868-57a2d4851a1d" />
    <TestEntry testId="61b2fa0b-71a7-6e53-5c5e-6d8d794de627" executionId="e3b95037-527c-48a7-b05f-64fd35db6558" testListId="8c84fa94-04c1-424b-9868-57a2d4851a1d" />
    <TestEntry testId="7b64f4d6-94c2-723e-3a47-c56952f28937" executionId="4094a7ab-e477-4c3e-9e59-3728471a317c" testListId="8c84fa94-04c1-424b-9868-57a2d4851a1d" />
    <TestEntry testId="46f5a5d9-7f28-0928-0316-77707701e9f9" executionId="45fdda1d-440b-433b-b985-212eec4f8a99" testListId="8c84fa94-04c1-424b-9868-57a2d4851a1d" />
    <TestEntry testId="7ccd6d6a-3f10-0394-55ae-70c603f05b4d" executionId="1670ffc7-ed34-4910-8c77-a9514e2cf38a" testListId="8c84fa94-04c1-424b-9868-57a2d4851a1d" />
    <TestEntry testId="23d934b4-0440-2200-2d79-16dff4e54ac4" executionId="868fe490-d069-4199-86c1-045dac894624" testListId="8c84fa94-04c1-424b-9868-57a2d4851a1d" />
    <TestEntry testId="d0a5d30e-26a2-0bb1-e24d-29ccb337f58a" executionId="988b9b75-6495-4dd6-ac32-d78221a3f27b" testListId="8c84fa94-04c1-424b-9868-57a2d4851a1d" />
    <TestEntry testId="ebb434e0-a97a-3b9c-1bce-b55c834b26f4" executionId="e666eef7-673f-48c0-907b-8159c3890c1e" testListId="8c84fa94-04c1-424b-9868-57a2d4851a1d" />
  </TestEntries>
  <TestLists>
    <TestList name="Results Not in a List" id="8c84fa94-04c1-424b-9868-57a2d4851a1d" />
    <TestList name="All Loaded Results" id="19431567-8539-422a-85d7-44ee4e166bda" />
  </TestLists>
  <ResultSummary outcome="Completed">
    <Counters total="37" executed="37" passed="37" failed="0" error="0" timeout="0" aborted="0" inconclusive="0" passedButRunAborted="0" notRunnable="0" notExecuted="0" disconnected="0" warning="0" completed="0" inProgress="0" pending="0" />
  </ResultSummary>
</TestRun>