<?xml version="1.0" encoding="utf-8"?>
<TestRun id="f52c80bf-2be4-4b10-8ab7-f0d2e719de0b" name="DKSR-EFI-06$@DKSR-EFI-06 2024-01-09 15:43:54" runUser="NT AUTHORITY\NETWORK SERVICE" xmlns="http://microsoft.com/schemas/VisualStudio/TeamTest/2010">
  <Times creation="2024-01-09T15:43:54.0292033+01:00" queuing="2024-01-09T15:43:54.0292033+01:00" start="2024-01-09T15:43:45.3416743+01:00" finish="2024-01-09T15:43:57.8573417+01:00" />
  <TestSettings name="default" id="50cb2383-7e6c-49f4-8bc4-d4ac4b03205b">
    <Deployment runDeploymentRoot="DKSR-EFI-06$_DKSR-EFI-06_2024-01-09_15_43_54" />
  </TestSettings>
  <Results>
    <UnitTestResult executionId="219359f5-3d20-42b1-9ed0-6dbf3e6a5b8b" testId="fe49a5d3-e76e-f5f7-c964-48a4b64f0a10" testName="CalculateSettings_ShouldSetDiscardRecognitionsBelowTo80Percent_WhenConfidenceOtherwiseWouldHaveBeenHigher" computerName="DKSR-EFI-06" duration="00:00:00.0123436" startTime="2024-01-09T15:43:56.5917167+01:00" endTime="2024-01-09T15:43:56.6073393+01:00" testType="13cdc9d9-ddb5-4fa4-a97d-d965ccfc6d4b" outcome="Passed" testListId="8c84fa94-04c1-424b-9868-57a2d4851a1d" relativeResultsDirectory="219359f5-3d20-42b1-9ed0-6dbf3e6a5b8b" />
    <UnitTestResult executionId="d439a94a-0837-4c52-b768-42dae8708684" testId="96711e81-3c41-141d-e3e8-8c16a5d5ea21" testName="GetBestPossibleFrameRateValue_ShouldReturnDisable_WhenValueIsDisable" computerName="DKSR-EFI-06" duration="00:00:00.0232427" startTime="2024-01-09T15:43:55.8260864+01:00" endTime="2024-01-09T15:43:55.8417115+01:00" testType="13cdc9d9-ddb5-4fa4-a97d-d965ccfc6d4b" outcome="Passed" testListId="8c84fa94-04c1-424b-9868-57a2d4851a1d" relativeResultsDirectory="d439a94a-0837-4c52-b768-42dae8708684" />
    <UnitTestResult executionId="0569ded3-3f90-41a0-957e-d75f228b92d1" testId="992f93d9-63c9-d3c0-9eaa-62bd7757139c" testName="GetBestPossibleFrameRateValue_ShouldReturn7_WhenValueIs7" computerName="DKSR-EFI-06" duration="00:00:00.0001214" startTime="2024-01-09T15:43:55.8573345+01:00" endTime="2024-01-09T15:43:55.8573345+01:00" testType="13cdc9d9-ddb5-4fa4-a97d-d965ccfc6d4b" outcome="Passed" testListId="8c84fa94-04c1-424b-9868-57a2d4851a1d" relativeResultsDirectory="0569ded3-3f90-41a0-957e-d75f228b92d1" />
    <UnitTestResult executionId="1550d2e6-6d8b-4d42-8b40-2a3f7f23233a" testId="1f346eea-4571-4fa6-0a62-34c91854fb96" testName="ClearLicensePlates_ShouldClearSpecifiedList_WhenListExists" computerName="DKSR-EFI-06" startTime="2024-01-09T15:43:54.0135765+01:00" endTime="2024-01-09T15:43:54.0135765+01:00" testType="13cdc9d9-ddb5-4fa4-a97d-d965ccfc6d4b" outcome="NotExecuted" testListId="8c84fa94-04c1-424b-9868-57a2d4851a1d" relativeResultsDirectory="1550d2e6-6d8b-4d42-8b40-2a3f7f23233a">
      <Output>
        <ErrorInfo>
          <Message>Excluded due to failure, needs DatabaseManager to be mocked or correct DB to be connected</Message>
        </ErrorInfo>
      </Output>
    </UnitTestResult>
    <UnitTestResult executionId="1362a465-f522-412c-ad7d-92f58cc96be3" testId="324cc22a-a236-8b9d-cd29-004c14f03a42" testName="GetBestPossibleFrameRateValue_ShouldReturn3_WhenValueIs2_8" computerName="DKSR-EFI-06" duration="00:00:00.0001234" startTime="2024-01-09T15:43:55.8573345+01:00" endTime="2024-01-09T15:43:55.8573345+01:00" testType="13cdc9d9-ddb5-4fa4-a97d-d965ccfc6d4b" outcome="Passed" testListId="8c84fa94-04c1-424b-9868-57a2d4851a1d" relativeResultsDirectory="1362a465-f522-412c-ad7d-92f58cc96be3" />
    <UnitTestResult executionId="ee89dab8-6736-4d3d-a7fc-35ab75e3a918" testId="d97986ff-1ced-6c7e-014c-48ce186b7019" testName="CalculateSettings_ShouldSetMinimumCharacterHeightToTenPixelsLessThanDetctedHeight_WhenThereIsOneAnalysisResult" computerName="DKSR-EFI-06" duration="00:00:00.0129303" startTime="2024-01-09T15:43:56.7323371+01:00" endTime="2024-01-09T15:43:56.7323371+01:00" testType="13cdc9d9-ddb5-4fa4-a97d-d965ccfc6d4b" outcome="Passed" testListId="8c84fa94-04c1-424b-9868-57a2d4851a1d" relativeResultsDirectory="ee89dab8-6736-4d3d-a7fc-35ab75e3a918" />
    <UnitTestResult executionId="030178b5-16fd-4184-ab6e-65eebbf4405e" testId="b2f84827-570b-51ee-3e89-3d989201894a" testName="CalculateSettings_ShouldSetMaskToSameAsAreaCalculatorCalculateMask_WhenThereIsOneAnalysisResult" computerName="DKSR-EFI-06" duration="00:00:00.0145188" startTime="2024-01-09T15:43:56.8729640+01:00" endTime="2024-01-09T15:43:56.8885906+01:00" testType="13cdc9d9-ddb5-4fa4-a97d-d965ccfc6d4b" outcome="Passed" testListId="8c84fa94-04c1-424b-9868-57a2d4851a1d" relativeResultsDirectory="030178b5-16fd-4184-ab6e-65eebbf4405e" />
    <UnitTestResult executionId="cb52c4db-f18e-4ff6-8260-d2edaebc3d2d" testId="8f62a4ab-8f23-4d6c-16eb-c34caa8255a1" testName="ConvexPolygon_ShouldReturnEmpty_WhenQuadranglesAreEmpty" computerName="DKSR-EFI-06" duration="00:00:00.0158809" startTime="2024-01-09T15:43:56.0917100+01:00" endTime="2024-01-09T15:43:56.1073359+01:00" testType="13cdc9d9-ddb5-4fa4-a97d-d965ccfc6d4b" outcome="Passed" testListId="8c84fa94-04c1-424b-9868-57a2d4851a1d" relativeResultsDirectory="cb52c4db-f18e-4ff6-8260-d2edaebc3d2d" />
    <UnitTestResult executionId="3a107357-af05-4483-9d90-087a64d4a913" testId="b39f9a7e-18cb-b606-0d06-cdb312ca6ef2" testName="ModifyLicensePlateList_ShouldWork_WhenListExists_AndAllColumnsAreSet" computerName="DKSR-EFI-06" startTime="2024-01-09T15:43:53.9667007+01:00" endTime="2024-01-09T15:43:53.9667007+01:00" testType="13cdc9d9-ddb5-4fa4-a97d-d965ccfc6d4b" outcome="NotExecuted" testListId="8c84fa94-04c1-424b-9868-57a2d4851a1d" relativeResultsDirectory="3a107357-af05-4483-9d90-087a64d4a913">
      <Output>
        <ErrorInfo>
          <Message>Excluded due to failure, needs DatabaseManager to be mocked or correct DB to be connected</Message>
        </ErrorInfo>
      </Output>
    </UnitTestResult>
    <UnitTestResult executionId="f82879c6-0b38-4c53-8713-63c9f7281c57" testId="5d7a39fe-9f60-1a88-258a-4522529ccfae" testName="GetLicensePlates_ShouldReturnMatchingPlates_WhenFilterMatchesWildcardPlate" computerName="DKSR-EFI-06" startTime="2024-01-09T15:43:54.0448279+01:00" endTime="2024-01-09T15:43:54.0448279+01:00" testType="13cdc9d9-ddb5-4fa4-a97d-d965ccfc6d4b" outcome="NotExecuted" testListId="8c84fa94-04c1-424b-9868-57a2d4851a1d" relativeResultsDirectory="f82879c6-0b38-4c53-8713-63c9f7281c57">
      <Output>
        <ErrorInfo>
          <Message>Excluded due to failure, needs DatabaseManager to be mocked or correct DB to be connected</Message>
        </ErrorInfo>
      </Output>
    </UnitTestResult>
    <UnitTestResult executionId="307cbab0-d39b-4bec-adff-b9d4d0bdfae5" testId="989a55c6-c085-ab5a-f3da-57af2582bbd2" testName="GetBestPossibleStopRecognitionAboveValue_ShouldReturn99Percent_WhenValueIsOne" computerName="DKSR-EFI-06" duration="00:00:00.0001774" startTime="2024-01-09T15:43:55.9042139+01:00" endTime="2024-01-09T15:43:55.9042139+01:00" testType="13cdc9d9-ddb5-4fa4-a97d-d965ccfc6d4b" outcome="Passed" testListId="8c84fa94-04c1-424b-9868-57a2d4851a1d" relativeResultsDirectory="307cbab0-d39b-4bec-adff-b9d4d0bdfae5" />
    <UnitTestResult executionId="d6c8feae-0104-4247-8914-c758eac0da10" testId="ffdab596-1eb0-f088-0bf4-d0eb96be09b6" testName="ReadAll_ShouldReadCustomData_WhenSingleCustomFieldAreQuoted" computerName="DKSR-EFI-06" duration="00:00:00.0034784" startTime="2024-01-09T15:43:57.1698391+01:00" endTime="2024-01-09T15:43:57.1698391+01:00" testType="13cdc9d9-ddb5-4fa4-a97d-d965ccfc6d4b" outcome="Passed" testListId="8c84fa94-04c1-424b-9868-57a2d4851a1d" relativeResultsDirectory="d6c8feae-0104-4247-8914-c758eac0da10" />
    <UnitTestResult executionId="c688dbbc-6cee-4c4b-a348-1bfcce309122" testId="96a70573-f33f-92f3-d4c3-113637811b4e" testName="GetBestPossibleFrameRateValue_ShouldReturn60_WhenValueIs70" computerName="DKSR-EFI-06" duration="00:00:00.0001785" startTime="2024-01-09T15:43:55.8573345+01:00" endTime="2024-01-09T15:43:55.8573345+01:00" testType="13cdc9d9-ddb5-4fa4-a97d-d965ccfc6d4b" outcome="Passed" testListId="8c84fa94-04c1-424b-9868-57a2d4851a1d" relativeResultsDirectory="c688dbbc-6cee-4c4b-a348-1bfcce309122" />
    <UnitTestResult executionId="d2804244-8b1e-4038-8571-d98e21593165" testId="e4c516c0-7a11-2a03-132f-d592fd296598" testName="ExtendMask_ShouldExtendVertically_WhenVerticalIsSet" computerName="DKSR-EFI-06" duration="00:00:00.0006118" startTime="2024-01-09T15:43:56.3104642+01:00" endTime="2024-01-09T15:43:56.3104642+01:00" testType="13cdc9d9-ddb5-4fa4-a97d-d965ccfc6d4b" outcome="Passed" testListId="8c84fa94-04c1-424b-9868-57a2d4851a1d" relativeResultsDirectory="d2804244-8b1e-4038-8571-d98e21593165" />
    <UnitTestResult executionId="427de579-7edb-4ad4-b9b4-3f55cf27362a" testId="9eff7020-22d4-39f8-848e-954f610df107" testName="DeleteLicensePlateLists_ShouldWork_WithMultipleExistingLists" computerName="DKSR-EFI-06" startTime="2024-01-09T15:43:53.9823262+01:00" endTime="2024-01-09T15:43:53.9823262+01:00" testType="13cdc9d9-ddb5-4fa4-a97d-d965ccfc6d4b" outcome="NotExecuted" testListId="8c84fa94-04c1-424b-9868-57a2d4851a1d" relativeResultsDirectory="427de579-7edb-4ad4-b9b4-3f55cf27362a">
      <Output>
        <ErrorInfo>
          <Message>Excluded due to failure, needs DatabaseManager to be mocked or correct DB to be connected</Message>
        </ErrorInfo>
      </Output>
    </UnitTestResult>
    <UnitTestResult executionId="249774cd-b874-4784-889c-5d2104902f26" testId="d78a2da4-32a4-8617-fa08-9b0da1605823" testName="CalculateSettings_ShouldSetMinimumCharacterHeightToTenPixelsLessThanSmallestCharacterHeight_WhenThereAreMultipleAnalsysisResults" computerName="DKSR-EFI-06" duration="00:00:00.0116866" startTime="2024-01-09T15:43:56.7479630+01:00" endTime="2024-01-09T15:43:56.7479630+01:00" testType="13cdc9d9-ddb5-4fa4-a97d-d965ccfc6d4b" outcome="Passed" testListId="8c84fa94-04c1-424b-9868-57a2d4851a1d" relativeResultsDirectory="249774cd-b874-4784-889c-5d2104902f26" />
    <UnitTestResult executionId="e7817ce1-ddca-4e3f-bb8b-f597d72b150a" testId="ed38d618-870e-2b91-7abc-77b66b3caea8" testName="MaskFromPolygon_ShouldReturnTriangularMask_WhenPolygonIsATriangle" computerName="DKSR-EFI-06" duration="00:00:00.0006789" startTime="2024-01-09T15:43:56.2479613+01:00" endTime="2024-01-09T15:43:56.2479613+01:00" testType="13cdc9d9-ddb5-4fa4-a97d-d965ccfc6d4b" outcome="Passed" testListId="8c84fa94-04c1-424b-9868-57a2d4851a1d" relativeResultsDirectory="e7817ce1-ddca-4e3f-bb8b-f597d72b150a" />
    <UnitTestResult executionId="0f76fb16-ba87-42f1-9fa6-e9490e8f608f" testId="f79d828e-1932-eb38-e3bf-a4aa676ecb52" testName="ScalePolygon_ShouldExtendLine_WhenPolygonIsALine" computerName="DKSR-EFI-06" duration="00:00:00.0010446" startTime="2024-01-09T15:43:56.2635877+01:00" endTime="2024-01-09T15:43:56.2635877+01:00" testType="13cdc9d9-ddb5-4fa4-a97d-d965ccfc6d4b" outcome="Passed" testListId="8c84fa94-04c1-424b-9868-57a2d4851a1d" relativeResultsDirectory="0f76fb16-ba87-42f1-9fa6-e9490e8f608f" />
    <UnitTestResult executionId="b0fae919-550c-425a-a538-413735376509" testId="d8afa319-3c27-deb9-6aa7-34583cc738bc" testName="AddLicensePlateList_ShouldWork" computerName="DKSR-EFI-06" startTime="2024-01-09T15:43:53.9510772+01:00" endTime="2024-01-09T15:43:53.9510772+01:00" testType="13cdc9d9-ddb5-4fa4-a97d-d965ccfc6d4b" outcome="NotExecuted" testListId="8c84fa94-04c1-424b-9868-57a2d4851a1d" relativeResultsDirectory="b0fae919-550c-425a-a538-413735376509">
      <Output>
        <ErrorInfo>
          <Message>Excluded due to failure, needs DatabaseManager to be mocked or correct DB to be connected</Message>
        </ErrorInfo>
      </Output>
    </UnitTestResult>
    <UnitTestResult executionId="aa3f0d02-3b55-4695-a20c-9b44df28118a" testId="9af0e000-46be-1f4c-727e-7d0b1e47d434" testName="ReadAll_ShouldTreatColumnHeaderAsData_WhenThereAreColumnHeadersPresent" computerName="DKSR-EFI-06" duration="00:00:00.0012961" startTime="2024-01-09T15:43:57.1854659+01:00" endTime="2024-01-09T15:43:57.1854659+01:00" testType="13cdc9d9-ddb5-4fa4-a97d-d965ccfc6d4b" outcome="Passed" testListId="8c84fa94-04c1-424b-9868-57a2d4851a1d" relativeResultsDirectory="aa3f0d02-3b55-4695-a20c-9b44df28118a" />
    <UnitTestResult executionId="6efa7a9d-0cb3-4203-a8f8-8b71eb5fdb7d" testId="73096de6-e2f4-25b1-0c29-7c17adcba62a" testName="ReadAll_ShouldReadCustomData_WhenCustomDataIsPresentAndDefinitionsHaveDisplayOrderSameAsIndex" computerName="DKSR-EFI-06" duration="00:00:00.0019077" startTime="2024-01-09T15:43:57.1854659+01:00" endTime="2024-01-09T15:43:57.1854659+01:00" testType="13cdc9d9-ddb5-4fa4-a97d-d965ccfc6d4b" outcome="Passed" testListId="8c84fa94-04c1-424b-9868-57a2d4851a1d" relativeResultsDirectory="6efa7a9d-0cb3-4203-a8f8-8b71eb5fdb7d" />
    <UnitTestResult executionId="571d6006-0f8e-4927-b0fc-22efb6528b0e" testId="c1619ba4-d3fb-6d86-89ee-10b9e32ac90e" testName="GetLicensePlateCount_ShouldReturnPlateCount_WhenFilterIsNull" computerName="DKSR-EFI-06" startTime="2024-01-09T15:43:54.0604537+01:00" endTime="2024-01-09T15:43:54.0604537+01:00" testType="13cdc9d9-ddb5-4fa4-a97d-d965ccfc6d4b" outcome="NotExecuted" testListId="8c84fa94-04c1-424b-9868-57a2d4851a1d" relativeResultsDirectory="571d6006-0f8e-4927-b0fc-22efb6528b0e">
      <Output>
        <ErrorInfo>
          <Message>Excluded due to failure, needs DatabaseManager to be mocked or correct DB to be connected</Message>
        </ErrorInfo>
      </Output>
    </UnitTestResult>
    <UnitTestResult executionId="51e07b6b-7923-488b-acfc-53cf8ba6aa8a" testId="8224854d-aabf-f1a5-444d-e950de2281e9" testName="AddLicensePlates_ShouldReturnAddedCount_WhenAddingSeveralNormalPlates" computerName="DKSR-EFI-06" startTime="2024-01-09T15:43:53.9979549+01:00" endTime="2024-01-09T15:43:53.9979549+01:00" testType="13cdc9d9-ddb5-4fa4-a97d-d965ccfc6d4b" outcome="NotExecuted" testListId="8c84fa94-04c1-424b-9868-57a2d4851a1d" relativeResultsDirectory="51e07b6b-7923-488b-acfc-53cf8ba6aa8a">
      <Output>
        <ErrorInfo>
          <Message>Excluded due to failure, needs DatabaseManager to be mocked or correct DB to be connected</Message>
        </ErrorInfo>
      </Output>
    </UnitTestResult>
    <UnitTestResult executionId="9195b772-c3e0-4591-a0d0-217635217d92" testId="e58d02d0-d056-056c-d8b8-df84eb83afa3" testName="Size_ShouldScaleSoMaskShapeIsSame_WhenQuuadruplingSizeWithRectangleInUpperLeftCorner" computerName="DKSR-EFI-06" duration="00:00:00.0006354" startTime="2024-01-09T15:43:56.9198383+01:00" endTime="2024-01-09T15:43:56.9198383+01:00" testType="13cdc9d9-ddb5-4fa4-a97d-d965ccfc6d4b" outcome="Passed" testListId="8c84fa94-04c1-424b-9868-57a2d4851a1d" relativeResultsDirectory="9195b772-c3e0-4591-a0d0-217635217d92" />
    <UnitTestResult executionId="c1fc8fa1-c79c-4d3f-a933-8d4a57be4434" testId="569e775a-daf1-3423-1afb-dfe57470a6bb" testName="CalculateSettings_ShouldThrowArgumentException_WhenSnapshotsDoNotHaveImage" computerName="DKSR-EFI-06" duration="00:00:00.0032765" startTime="2024-01-09T15:43:56.3729638+01:00" endTime="2024-01-09T15:43:56.3729638+01:00" testType="13cdc9d9-ddb5-4fa4-a97d-d965ccfc6d4b" outcome="Passed" testListId="8c84fa94-04c1-424b-9868-57a2d4851a1d" relativeResultsDirectory="c1fc8fa1-c79c-4d3f-a933-8d4a57be4434" />
    <UnitTestResult executionId="fbc73dcd-8148-47c3-a973-fe745b93c659" testId="00b34f81-2089-3f94-9351-bdc1e40b6f2d" testName="CalculateSettings_ShouldSetMaskSizeTo32x32_WhenThereIsAtLeastOneAnalysisResult" computerName="DKSR-EFI-06" duration="00:00:00.0083216" startTime="2024-01-09T15:43:56.8573391+01:00" endTime="2024-01-09T15:43:56.8729640+01:00" testType="13cdc9d9-ddb5-4fa4-a97d-d965ccfc6d4b" outcome="Passed" testListId="8c84fa94-04c1-424b-9868-57a2d4851a1d" relativeResultsDirectory="fbc73dcd-8148-47c3-a973-fe745b93c659" />
    <UnitTestResult executionId="436018b4-62d5-44c9-bac8-5131e2dcbe76" testId="77ceee32-c5a7-6fe1-e01b-517ada5513cd" testName="Constructor_ShouldThrowArgumentNullException_WhenPropertyDefinitionsIsNull" computerName="DKSR-EFI-06" duration="00:00:00.0032963" startTime="2024-01-09T15:43:56.9354634+01:00" endTime="2024-01-09T15:43:56.9354634+01:00" testType="13cdc9d9-ddb5-4fa4-a97d-d965ccfc6d4b" outcome="Passed" testListId="8c84fa94-04c1-424b-9868-57a2d4851a1d" relativeResultsDirectory="436018b4-62d5-44c9-bac8-5131e2dcbe76" />
    <UnitTestResult executionId="7de05494-0967-4c85-8b9a-cfa20ba99ad8" testId="0c067266-e8a6-fe9d-eea3-02a8cad69fea" testName="GetBestPossibleFrameRateValue_ShouldReturn1_WhenValueIs0" computerName="DKSR-EFI-06" duration="00:00:00.0099308" startTime="2024-01-09T15:43:55.8417115+01:00" endTime="2024-01-09T15:43:55.8573345+01:00" testType="13cdc9d9-ddb5-4fa4-a97d-d965ccfc6d4b" outcome="Passed" testListId="8c84fa94-04c1-424b-9868-57a2d4851a1d" relativeResultsDirectory="7de05494-0967-4c85-8b9a-cfa20ba99ad8" />
    <UnitTestResult executionId="dfc310eb-d20a-4dae-84fe-4c18f30ff97b" testId="995c3521-63dd-9d3e-5473-b176c212e036" testName="CalculateSettings_ShouldSetMinimumCharacterHeightToZero_WhenMinimumCharacterHeightOtherwiseWouldHaveBeenLowerThanZero" computerName="DKSR-EFI-06" duration="00:00:00.0118571" startTime="2024-01-09T15:43:56.7479630+01:00" endTime="2024-01-09T15:43:56.7635895+01:00" testType="13cdc9d9-ddb5-4fa4-a97d-d965ccfc6d4b" outcome="Passed" testListId="8c84fa94-04c1-424b-9868-57a2d4851a1d" relativeResultsDirectory="dfc310eb-d20a-4dae-84fe-4c18f30ff97b" />
    <UnitTestResult executionId="e6fa35e8-bc54-4b37-828d-bbd3d3bc7a94" testId="899d2269-de49-4537-677d-3ab231e29ac1" testName="ExtendMask_ShouldThrowArgumentNullException_WhenMaskIsNull" computerName="DKSR-EFI-06" duration="00:00:00.0016514" startTime="2024-01-09T15:43:56.2948360+01:00" endTime="2024-01-09T15:43:56.3104642+01:00" testType="13cdc9d9-ddb5-4fa4-a97d-d965ccfc6d4b" outcome="Passed" testListId="8c84fa94-04c1-424b-9868-57a2d4851a1d" relativeResultsDirectory="e6fa35e8-bc54-4b37-828d-bbd3d3bc7a94" />
    <UnitTestResult executionId="ef52dc2c-1628-4223-9f16-0b95db8a3f76" testId="3e288abc-9889-2613-0b5d-1ae45d8c7aad" testName="MaskFromPolygon_ShouldReturnEmptyMask_WhenPolygonIsEmpty" computerName="DKSR-EFI-06" duration="00:00:00.0591147" startTime="2024-01-09T15:43:56.1698367+01:00" endTime="2024-01-09T15:43:56.2167114+01:00" testType="13cdc9d9-ddb5-4fa4-a97d-d965ccfc6d4b" outcome="Passed" testListId="8c84fa94-04c1-424b-9868-57a2d4851a1d" relativeResultsDirectory="ef52dc2c-1628-4223-9f16-0b95db8a3f76" />
    <UnitTestResult executionId="a051360b-eae1-44f8-8ec1-20facac5786a" testId="dc1d56ec-eda6-74be-fb67-0be8b87f939b" testName="ScalePolygon_ShouldAllBeCenter_WhenFactorIsZero" computerName="DKSR-EFI-06" duration="00:00:00.0005009" startTime="2024-01-09T15:43:56.2792109+01:00" endTime="2024-01-09T15:43:56.2792109+01:00" testType="13cdc9d9-ddb5-4fa4-a97d-d965ccfc6d4b" outcome="Passed" testListId="8c84fa94-04c1-424b-9868-57a2d4851a1d" relativeResultsDirectory="a051360b-eae1-44f8-8ec1-20facac5786a" />
    <UnitTestResult executionId="158fd438-1934-42a9-8f1a-a44634401e88" testId="d6be2e8b-ff27-d98b-3302-d12ed9eee225" testName="ReadAll_ShouldDiscardLicensePlates_WhenregistrationNumberIsMoreThan21Characters" computerName="DKSR-EFI-06" duration="00:00:00.0010565" startTime="2024-01-09T15:43:57.1542136+01:00" endTime="2024-01-09T15:43:57.1542136+01:00" testType="13cdc9d9-ddb5-4fa4-a97d-d965ccfc6d4b" outcome="Passed" testListId="8c84fa94-04c1-424b-9868-57a2d4851a1d" relativeResultsDirectory="158fd438-1934-42a9-8f1a-a44634401e88" />
    <UnitTestResult executionId="8b84f933-c0d2-4191-8237-1a3e095e4c01" testId="0b6a88dd-de1e-a2ba-ba7f-07012bc3ef87" testName="Size_ShouldScaleEmptyMaskToNewEmptyMaskWithDoubleSize_WhenDoublingSize" computerName="DKSR-EFI-06" duration="00:00:00.0012584" startTime="2024-01-09T15:43:56.9198383+01:00" endTime="2024-01-09T15:43:56.9198383+01:00" testType="13cdc9d9-ddb5-4fa4-a97d-d965ccfc6d4b" outcome="Passed" testListId="8c84fa94-04c1-424b-9868-57a2d4851a1d" relativeResultsDirectory="8b84f933-c0d2-4191-8237-1a3e095e4c01" />
    <UnitTestResult executionId="0e9b6271-89d6-4a13-aa3f-cdaee637282e" testId="88f76bd9-76d6-83da-1d3d-63c7059bf48d" testName="ScalePolygon_ShouldInvertPolygon_WhenFactorIsNegativeOne" computerName="DKSR-EFI-06" duration="00:00:00.0004696" startTime="2024-01-09T15:43:56.2792109+01:00" endTime="2024-01-09T15:43:56.2792109+01:00" testType="13cdc9d9-ddb5-4fa4-a97d-d965ccfc6d4b" outcome="Passed" testListId="8c84fa94-04c1-424b-9868-57a2d4851a1d" relativeResultsDirectory="0e9b6271-89d6-4a13-aa3f-cdaee637282e" />
    <UnitTestResult executionId="04be033c-b050-4873-b0db-a42f4f648b0b" testId="3f6add65-c7ca-4100-2178-6d6bd5ce595e" testName="CalculateSettings_ShouldThrowArgumentException_WhenSnapshotsHaveDifferentSizes" computerName="DKSR-EFI-06" duration="00:00:00.0500256" startTime="2024-01-09T15:43:56.3729638+01:00" endTime="2024-01-09T15:43:56.4198370+01:00" testType="13cdc9d9-ddb5-4fa4-a97d-d965ccfc6d4b" outcome="Passed" testListId="8c84fa94-04c1-424b-9868-57a2d4851a1d" relativeResultsDirectory="04be033c-b050-4873-b0db-a42f4f648b0b" />
    <UnitTestResult executionId="e0d8d9f0-fb1e-4633-b4b4-7f151f40d7a2" testId="8270228f-91ed-1b0d-b8ac-3ab5b5ae95c8" testName="ReadAll_ShouldReadAllData_WhenDelimiterIsComma" computerName="DKSR-EFI-06" duration="00:00:00.0009706" startTime="2024-01-09T15:43:57.2167157+01:00" endTime="2024-01-09T15:43:57.2167157+01:00" testType="13cdc9d9-ddb5-4fa4-a97d-d965ccfc6d4b" outcome="Passed" testListId="8c84fa94-04c1-424b-9868-57a2d4851a1d" relativeResultsDirectory="e0d8d9f0-fb1e-4633-b4b4-7f151f40d7a2" />
    <UnitTestResult executionId="2e239445-996a-4f6a-b7dc-ece8e4953135" testId="53aec4aa-10fd-4b6b-3e2a-4203db7b9fc6" testName="ClearLicensePlates_ShouldReturnDeletedCount_WhenPlatesExist" computerName="DKSR-EFI-06" startTime="2024-01-09T15:43:54.0135765+01:00" endTime="2024-01-09T15:43:54.0135765+01:00" testType="13cdc9d9-ddb5-4fa4-a97d-d965ccfc6d4b" outcome="NotExecuted" testListId="8c84fa94-04c1-424b-9868-57a2d4851a1d" relativeResultsDirectory="2e239445-996a-4f6a-b7dc-ece8e4953135">
      <Output>
        <ErrorInfo>
          <Message>Excluded due to failure, needs DatabaseManager to be mocked or correct DB to be connected</Message>
        </ErrorInfo>
      </Output>
    </UnitTestResult>
    <UnitTestResult executionId="6bf6fed4-61a1-48da-8cbd-efdd856b013e" testId="867e3b84-e8cf-c492-ab5b-3353293556c5" testName="OemResources_ShouldHaveAll_LPRP_Test (Milestone)" computerName="DKSR-EFI-06" duration="00:00:00.0958500" startTime="2024-01-09T15:43:55.1385826+01:00" endTime="2024-01-09T15:43:55.2323311+01:00" testType="13cdc9d9-ddb5-4fa4-a97d-d965ccfc6d4b" outcome="Passed" testListId="8c84fa94-04c1-424b-9868-57a2d4851a1d" relativeResultsDirectory="6bf6fed4-61a1-48da-8cbd-efdd856b013e" />
    <UnitTestResult executionId="d5f2e6c1-84c1-49a6-8e2d-88d88eb6cd20" testId="3d87197c-ec4c-e577-1545-208788ce90af" testName="GetBestPossibleMaxTimePerFrameValue_ShouldReturnDisable_WhenValueIsDisable" computerName="DKSR-EFI-06" duration="00:00:00.0001598" startTime="2024-01-09T15:43:55.8885862+01:00" endTime="2024-01-09T15:43:55.8885862+01:00" testType="13cdc9d9-ddb5-4fa4-a97d-d965ccfc6d4b" outcome="Passed" testListId="8c84fa94-04c1-424b-9868-57a2d4851a1d" relativeResultsDirectory="d5f2e6c1-84c1-49a6-8e2d-88d88eb6cd20" />
    <UnitTestResult executionId="592a9356-1388-41cb-a5a7-57ff6557f37e" testId="b75ee676-9c5c-6697-1e11-717fcba94721" testName="RenameLicensePlateList_ShouldWork_WhenListExists" computerName="DKSR-EFI-06" startTime="2024-01-09T15:43:53.9510772+01:00" endTime="2024-01-09T15:43:53.9510772+01:00" testType="13cdc9d9-ddb5-4fa4-a97d-d965ccfc6d4b" outcome="NotExecuted" testListId="8c84fa94-04c1-424b-9868-57a2d4851a1d" relativeResultsDirectory="592a9356-1388-41cb-a5a7-57ff6557f37e">
      <Output>
        <ErrorInfo>
          <Message>Excluded due to failure, needs DatabaseManager to be mocked or correct DB to be connected</Message>
        </ErrorInfo>
      </Output>
    </UnitTestResult>
    <UnitTestResult executionId="a9eb4480-f215-4759-a5d3-be953ea77c64" testId="1d421e5a-15d0-385b-b59e-df26e894f58a" testName="ReadAll_ShouldReadAllData_WhenDelimiterIsSemicolon" computerName="DKSR-EFI-06" duration="00:00:00.0010364" startTime="2024-01-09T15:43:57.2167157+01:00" endTime="2024-01-09T15:43:57.2167157+01:00" testType="13cdc9d9-ddb5-4fa4-a97d-d965ccfc6d4b" outcome="Passed" testListId="8c84fa94-04c1-424b-9868-57a2d4851a1d" relativeResultsDirectory="a9eb4480-f215-4759-a5d3-be953ea77c64" />
    <UnitTestResult executionId="e011f12a-4eb4-45fb-b3ec-d11e13b36ae1" testId="9f22d4ba-a373-b916-45b6-26f95b995da9" testName="CalculateSettings_ShouldIgnoreAllButTheFirstPlateInARecognitionResult_WhenAlways" computerName="DKSR-EFI-06" duration="00:00:00.0957253" startTime="2024-01-09T15:43:56.4354617+01:00" endTime="2024-01-09T15:43:56.5448402+01:00" testType="13cdc9d9-ddb5-4fa4-a97d-d965ccfc6d4b" outcome="Passed" testListId="8c84fa94-04c1-424b-9868-57a2d4851a1d" relativeResultsDirectory="e011f12a-4eb4-45fb-b3ec-d11e13b36ae1" />
    <UnitTestResult executionId="8ff3ad12-d47a-4357-ab5f-de8691486ecb" testId="e5865cb5-9609-f4d9-fb67-d42089c48ce2" testName="ReadAll_ShouldReadCustomData_WhenSingleCustomFieldIsPresent" computerName="DKSR-EFI-06" duration="00:00:00.0150178" startTime="2024-01-09T15:43:57.1542136+01:00" endTime="2024-01-09T15:43:57.1698391+01:00" testType="13cdc9d9-ddb5-4fa4-a97d-d965ccfc6d4b" outcome="Passed" testListId="8c84fa94-04c1-424b-9868-57a2d4851a1d" relativeResultsDirectory="8ff3ad12-d47a-4357-ab5f-de8691486ecb" />
    <UnitTestResult executionId="8ef774c9-72f8-4c2c-b56c-3e9bc0ee68a5" testId="4275eca9-8594-474d-c71b-6bd41ac517b3" testName="ReadAll_ShouldIgnoreExtraCsvRecords_WhenCsvInputHasMoreColumnsThanCustomFields" computerName="DKSR-EFI-06" duration="00:00:00.0014321" startTime="2024-01-09T15:43:57.2010895+01:00" endTime="2024-01-09T15:43:57.2010895+01:00" testType="13cdc9d9-ddb5-4fa4-a97d-d965ccfc6d4b" outcome="Passed" testListId="8c84fa94-04c1-424b-9868-57a2d4851a1d" relativeResultsDirectory="8ef774c9-72f8-4c2c-b56c-3e9bc0ee68a5" />
    <UnitTestResult executionId="df82071a-9062-46a5-a661-9aa31f58b646" testId="03fd2a6e-9f05-6751-6d54-faf4df0e49bd" testName="GetLicensePlates_ShouldReturnSpecifiedCount_WhenCountIsLessThenTotal" computerName="DKSR-EFI-06" startTime="2024-01-09T15:43:54.0292033+01:00" endTime="2024-01-09T15:43:54.0292033+01:00" testType="13cdc9d9-ddb5-4fa4-a97d-d965ccfc6d4b" outcome="NotExecuted" testListId="8c84fa94-04c1-424b-9868-57a2d4851a1d" relativeResultsDirectory="df82071a-9062-46a5-a661-9aa31f58b646">
      <Output>
        <ErrorInfo>
          <Message>Excluded due to failure, needs DatabaseManager to be mocked or correct DB to be connected</Message>
        </ErrorInfo>
      </Output>
    </UnitTestResult>
    <UnitTestResult executionId="b379a172-5ac9-4bf7-996d-03dc45d8c405" testId="acf43d83-106d-b422-6114-d4ceeba74f2a" testName="CalculateSettings_ShouldThrowArgumentException_WhenSnapshotsHaveZeroHeight" computerName="DKSR-EFI-06" duration="00:00:00.0010601" startTime="2024-01-09T15:43:56.4198370+01:00" endTime="2024-01-09T15:43:56.4354617+01:00" testType="13cdc9d9-ddb5-4fa4-a97d-d965ccfc6d4b" outcome="Passed" testListId="8c84fa94-04c1-424b-9868-57a2d4851a1d" relativeResultsDirectory="b379a172-5ac9-4bf7-996d-03dc45d8c405" />
    <UnitTestResult executionId="0de5dfca-1a81-47b7-802a-124d2eaa2516" testId="238c9c9c-e6ec-b50a-d959-8ee94a6a00b1" testName="GetBestPossibleDiscardRecognitionsBelowValue_ShouldReturnDisable_WhenValueIsDisable" computerName="DKSR-EFI-06" duration="00:00:00.0007072" startTime="2024-01-09T15:43:55.9042139+01:00" endTime="2024-01-09T15:43:55.9042139+01:00" testType="13cdc9d9-ddb5-4fa4-a97d-d965ccfc6d4b" outcome="Passed" testListId="8c84fa94-04c1-424b-9868-57a2d4851a1d" relativeResultsDirectory="0de5dfca-1a81-47b7-802a-124d2eaa2516" />
    <UnitTestResult executionId="9e4b4d4f-fa37-46f1-b080-1351f1694c3c" testId="2d1337b1-7fdd-42e4-fd23-0d9545acef69" testName="ModifyLicensePlateList_ShouldDeletePropertyValues_WhenPropertyIsDeleted" computerName="DKSR-EFI-06" startTime="2024-01-09T15:43:53.9823262+01:00" endTime="2024-01-09T15:43:53.9823262+01:00" testType="13cdc9d9-ddb5-4fa4-a97d-d965ccfc6d4b" outcome="NotExecuted" testListId="8c84fa94-04c1-424b-9868-57a2d4851a1d" relativeResultsDirectory="9e4b4d4f-fa37-46f1-b080-1351f1694c3c">
      <Output>
        <ErrorInfo>
          <Message>Excluded due to failure, needs DatabaseManager to be mocked or correct DB to be connected</Message>
        </ErrorInfo>
      </Output>
    </UnitTestResult>
    <UnitTestResult executionId="2c8b2e2d-d482-409b-b27b-aff699ab2af6" testId="1ab4241f-ca3c-874a-d880-d97fb66b15c4" testName="SetRectangle_ShouldThrowArgumentOutOfRangeException_WhenBottomIsMoreThanOne" computerName="DKSR-EFI-06" duration="00:00:00.0006975" startTime="2024-01-09T15:43:56.8885906+01:00" endTime="2024-01-09T15:43:56.8885906+01:00" testType="13cdc9d9-ddb5-4fa4-a97d-d965ccfc6d4b" outcome="Passed" testListId="8c84fa94-04c1-424b-9868-57a2d4851a1d" relativeResultsDirectory="2c8b2e2d-d482-409b-b27b-aff699ab2af6" />
    <UnitTestResult executionId="62b95b35-6a16-4add-9157-6e1197c68c20" testId="f70e8a19-d875-1371-a3f4-06591d482ed3" testName="CalculateSettings_ShouldThrowArgumentException_WhenSnapshotsDoNotHaveAnalysisResults" computerName="DKSR-EFI-06" duration="00:00:00.0302216" startTime="2024-01-09T15:43:56.3417096+01:00" endTime="2024-01-09T15:43:56.3729638+01:00" testType="13cdc9d9-ddb5-4fa4-a97d-d965ccfc6d4b" outcome="Passed" testListId="8c84fa94-04c1-424b-9868-57a2d4851a1d" relativeResultsDirectory="62b95b35-6a16-4add-9157-6e1197c68c20" />
    <UnitTestResult executionId="b132d9ed-7cd4-4872-a295-1de72b78a3c7" testId="74af225a-45a8-0b7f-1642-6f456e74762d" testName="CalculateSettings_ShouldSnapDiscardRecognitionsBelowToBestPossibleValue_WhenAlways" computerName="DKSR-EFI-06" duration="00:00:00.0120945" startTime="2024-01-09T15:43:56.6073393+01:00" endTime="2024-01-09T15:43:56.6229661+01:00" testType="13cdc9d9-ddb5-4fa4-a97d-d965ccfc6d4b" outcome="Passed" testListId="8c84fa94-04c1-424b-9868-57a2d4851a1d" relativeResultsDirectory="b132d9ed-7cd4-4872-a295-1de72b78a3c7" />
    <UnitTestResult executionId="6ea1e231-6c27-495f-9ba5-0a0d21a7b045" testId="5ae4b282-0980-6e97-af3d-bb0fe0f64019" testName="SetRectangle_ShouldSetPointTouchedByVerySmallRectangleToTrue_WhenVerySmallRectangleTouchesOnlyOnePointAndTouchedPointsShouldBeTrue" computerName="DKSR-EFI-06" duration="00:00:00.0004661" startTime="2024-01-09T15:43:56.9198383+01:00" endTime="2024-01-09T15:43:56.9198383+01:00" testType="13cdc9d9-ddb5-4fa4-a97d-d965ccfc6d4b" outcome="Passed" testListId="8c84fa94-04c1-424b-9868-57a2d4851a1d" relativeResultsDirectory="6ea1e231-6c27-495f-9ba5-0a0d21a7b045" />
    <UnitTestResult executionId="7f61f013-068a-4a0b-9fb0-fe9462a1eaa3" testId="273fc1ee-e0cb-47d8-95a7-2efe72733db9" testName="AddWildcardLicensePlates_ShouldReturnAddedCount_WhenAddingSeveralWildcardPlates" computerName="DKSR-EFI-06" startTime="2024-01-09T15:43:54.0135765+01:00" endTime="2024-01-09T15:43:54.0135765+01:00" testType="13cdc9d9-ddb5-4fa4-a97d-d965ccfc6d4b" outcome="NotExecuted" testListId="8c84fa94-04c1-424b-9868-57a2d4851a1d" relativeResultsDirectory="7f61f013-068a-4a0b-9fb0-fe9462a1eaa3">
      <Output>
        <ErrorInfo>
          <Message>Excluded due to failure, needs DatabaseManager to be mocked or correct DB to be connected</Message>
        </ErrorInfo>
      </Output>
    </UnitTestResult>
    <UnitTestResult executionId="66585b3b-71c9-4a09-b459-535a26ad0663" testId="0582894d-86ed-b03a-31bd-8dcd36498e4d" testName="AddLicensePlates_ShouldOverwriteLicensePlate_WhenLicensePlateExists_AndIsWildcardPlate" computerName="DKSR-EFI-06" startTime="2024-01-09T15:43:54.0135765+01:00" endTime="2024-01-09T15:43:54.0135765+01:00" testType="13cdc9d9-ddb5-4fa4-a97d-d965ccfc6d4b" outcome="NotExecuted" testListId="8c84fa94-04c1-424b-9868-57a2d4851a1d" relativeResultsDirectory="66585b3b-71c9-4a09-b459-535a26ad0663">
      <Output>
        <ErrorInfo>
          <Message>Excluded due to failure, needs DatabaseManager to be mocked or correct DB to be connected</Message>
        </ErrorInfo>
      </Output>
    </UnitTestResult>
    <UnitTestResult executionId="311bed91-2401-41cd-a6d8-4a2c2d88ed66" testId="58c73666-f5e2-b728-7ec4-84320afe35be" testName="OemResources_LPRP_ResourcePackageValidationTest (Pink)" computerName="DKSR-EFI-06" duration="00:00:00.0088723" startTime="2024-01-09T15:43:55.1229592+01:00" endTime="2024-01-09T15:43:55.1229592+01:00" testType="13cdc9d9-ddb5-4fa4-a97d-d965ccfc6d4b" outcome="Passed" testListId="8c84fa94-04c1-424b-9868-57a2d4851a1d" relativeResultsDirectory="311bed91-2401-41cd-a6d8-4a2c2d88ed66" />
    <UnitTestResult executionId="5da146e7-3336-4d6b-b59d-04869b6d3d3d" testId="88c3ddf6-3748-3bf0-7dac-0ec006fca0db" testName="OemResources_ShouldHaveAll_LPRP_Test (Pink)" computerName="DKSR-EFI-06" duration="00:00:00.0005696" startTime="2024-01-09T15:43:55.2323311+01:00" endTime="2024-01-09T15:43:55.2323311+01:00" testType="13cdc9d9-ddb5-4fa4-a97d-d965ccfc6d4b" outcome="Passed" testListId="8c84fa94-04c1-424b-9868-57a2d4851a1d" relativeResultsDirectory="5da146e7-3336-4d6b-b59d-04869b6d3d3d" />
    <UnitTestResult executionId="8359adb3-c1ac-467b-b4a3-7703013e78bf" testId="95a75e6e-d5c0-6e98-20f5-308c1af3f521" testName="SetRectangle_ShouldSetPointsTouchedByRectangleInLowerRightCornerToFalse_WhenRectangleInLowerRightCornerIsnAQuarterAreaAndTouchedPointsShouldBeFalse" computerName="DKSR-EFI-06" duration="00:00:00.0005242" startTime="2024-01-09T15:43:56.9042127+01:00" endTime="2024-01-09T15:43:56.9042127+01:00" testType="13cdc9d9-ddb5-4fa4-a97d-d965ccfc6d4b" outcome="Passed" testListId="8c84fa94-04c1-424b-9868-57a2d4851a1d" relativeResultsDirectory="8359adb3-c1ac-467b-b4a3-7703013e78bf" />
    <UnitTestResult executionId="48167e53-3fc6-4c6a-99b3-22217ef79b32" testId="44146d8e-51a9-2614-b9f7-88f8b588d00b" testName="SetRectangle_ShouldThrowArgumentOutOfRangeException_WhenTopIsLessThanZero" computerName="DKSR-EFI-06" duration="00:00:00.0020980" startTime="2024-01-09T15:43:56.8885906+01:00" endTime="2024-01-09T15:43:56.8885906+01:00" testType="13cdc9d9-ddb5-4fa4-a97d-d965ccfc6d4b" outcome="Passed" testListId="8c84fa94-04c1-424b-9868-57a2d4851a1d" relativeResultsDirectory="48167e53-3fc6-4c6a-99b3-22217ef79b32" />
    <UnitTestResult executionId="6d3aff9a-59e5-4b82-95f7-8b1881c36391" testId="21eb8c28-ad23-ef11-5897-519a6af3fb5d" testName="ExtendMask_ShouldScaleInBothDirections_WhenBothAreSet" computerName="DKSR-EFI-06" duration="00:00:00.0005372" startTime="2024-01-09T15:43:56.3260892+01:00" endTime="2024-01-09T15:43:56.3260892+01:00" testType="13cdc9d9-ddb5-4fa4-a97d-d965ccfc6d4b" outcome="Passed" testListId="8c84fa94-04c1-424b-9868-57a2d4851a1d" relativeResultsDirectory="6d3aff9a-59e5-4b82-95f7-8b1881c36391" />
    <UnitTestResult executionId="6a7e9134-bd6e-4c27-b1f3-8110f54dee85" testId="b55afa51-354b-88e9-3d7a-f6c0d08da3e9" testName="ScalePolygon_ShouldReturnEmpty_WhenPolygonIsEmpty" computerName="DKSR-EFI-06" duration="00:00:00.0052685" startTime="2024-01-09T15:43:56.2479613+01:00" endTime="2024-01-09T15:43:56.2635877+01:00" testType="13cdc9d9-ddb5-4fa4-a97d-d965ccfc6d4b" outcome="Passed" testListId="8c84fa94-04c1-424b-9868-57a2d4851a1d" relativeResultsDirectory="6a7e9134-bd6e-4c27-b1f3-8110f54dee85" />
    <UnitTestResult executionId="0e914898-1bb2-4374-a351-1386bf2d1c72" testId="4811dd58-8288-e733-80c2-7406a0dd8309" testName="ScalePolygon_ShouldReturnPoint_WhenPolygonIsAPoint" computerName="DKSR-EFI-06" duration="00:00:00.0039211" startTime="2024-01-09T15:43:56.2635877+01:00" endTime="2024-01-09T15:43:56.2635877+01:00" testType="13cdc9d9-ddb5-4fa4-a97d-d965ccfc6d4b" outcome="Passed" testListId="8c84fa94-04c1-424b-9868-57a2d4851a1d" relativeResultsDirectory="0e914898-1bb2-4374-a351-1386bf2d1c72" />
    <UnitTestResult executionId="3f2c8d74-da5a-4c2a-b248-103b7fe6d755" testId="4e1de1be-f717-2d71-bf1e-effa69b2942a" testName="CalculateSettings_ShouldThrowArgumentException_WhenSnapshotsAreEmpty" computerName="DKSR-EFI-06" duration="00:00:00.0007837" startTime="2024-01-09T15:43:56.3260892+01:00" endTime="2024-01-09T15:43:56.3260892+01:00" testType="13cdc9d9-ddb5-4fa4-a97d-d965ccfc6d4b" outcome="Passed" testListId="8c84fa94-04c1-424b-9868-57a2d4851a1d" relativeResultsDirectory="3f2c8d74-da5a-4c2a-b248-103b7fe6d755" />
    <UnitTestResult executionId="2c3957e2-cd22-4b53-9022-1e44c535589c" testId="a57ec42b-7749-002c-3ebb-377d48d3a5ac" testName="GetBestPossibleFrameRateValue_ShouldReturn3_WhenValueIs3_5" computerName="DKSR-EFI-06" duration="00:00:00.0001231" startTime="2024-01-09T15:43:55.8729601+01:00" endTime="2024-01-09T15:43:55.8729601+01:00" testType="13cdc9d9-ddb5-4fa4-a97d-d965ccfc6d4b" outcome="Passed" testListId="8c84fa94-04c1-424b-9868-57a2d4851a1d" relativeResultsDirectory="2c3957e2-cd22-4b53-9022-1e44c535589c" />
    <UnitTestResult executionId="a9ec38ee-9446-4d5e-82b1-b35892567d34" testId="ac5ec232-4837-8d42-548d-8b7b2c1cc034" testName="CalculateSettings_ShouldSetMaximumCharacterHeightToOne_WhenMaximumCharacterHeightOtherwiseWouldHaveBeenLargerThanOne" computerName="DKSR-EFI-06" duration="00:00:00.0120707" startTime="2024-01-09T15:43:56.8260884+01:00" endTime="2024-01-09T15:43:56.8417168+01:00" testType="13cdc9d9-ddb5-4fa4-a97d-d965ccfc6d4b" outcome="Passed" testListId="8c84fa94-04c1-424b-9868-57a2d4851a1d" relativeResultsDirectory="a9ec38ee-9446-4d5e-82b1-b35892567d34" />
    <UnitTestResult executionId="fe08c625-7dd6-40ba-89a7-bc82adc787aa" testId="767d4092-9ef8-ccb5-be39-8553a4e4eee0" testName="CalculateSettings_ShouldSetMaximumCharacterHeightToTenPixelsMoreThanLargestCharacterHeight_WhenThereAreMultipleAnalsysisResults" computerName="DKSR-EFI-06" duration="00:00:00.0122179" startTime="2024-01-09T15:43:56.7948384+01:00" endTime="2024-01-09T15:43:56.8104618+01:00" testType="13cdc9d9-ddb5-4fa4-a97d-d965ccfc6d4b" outcome="Passed" testListId="8c84fa94-04c1-424b-9868-57a2d4851a1d" relativeResultsDirectory="fe08c625-7dd6-40ba-89a7-bc82adc787aa" />
    <UnitTestResult executionId="aa7b57c1-e4b3-40a2-9b5f-97bee61f1b44" testId="cb0646e7-a23c-3563-fcf2-2f62755aacd7" testName="DeleteLicensePlateList_ShouldWork_WithExistingList" computerName="DKSR-EFI-06" startTime="2024-01-09T15:43:53.9823262+01:00" endTime="2024-01-09T15:43:53.9823262+01:00" testType="13cdc9d9-ddb5-4fa4-a97d-d965ccfc6d4b" outcome="NotExecuted" testListId="8c84fa94-04c1-424b-9868-57a2d4851a1d" relativeResultsDirectory="aa7b57c1-e4b3-40a2-9b5f-97bee61f1b44">
      <Output>
        <ErrorInfo>
          <Message>Excluded due to failure, needs DatabaseManager to be mocked or correct DB to be connected</Message>
        </ErrorInfo>
      </Output>
    </UnitTestResult>
    <UnitTestResult executionId="9a13f631-6177-47de-9e83-146a3acf1b53" testId="18c67bf3-f174-60ea-06b4-47658d06e53d" testName="CalculateSettings_ShouldSetAreaToEmpty_WhenAnalysisResultIsValid" computerName="DKSR-EFI-06" duration="00:00:00.0089605" startTime="2024-01-09T15:43:56.7010873+01:00" endTime="2024-01-09T15:43:56.7167140+01:00" testType="13cdc9d9-ddb5-4fa4-a97d-d965ccfc6d4b" outcome="Passed" testListId="8c84fa94-04c1-424b-9868-57a2d4851a1d" relativeResultsDirectory="9a13f631-6177-47de-9e83-146a3acf1b53" />
    <UnitTestResult executionId="bb4533fa-de84-4859-b97b-f57ffbef92a6" testId="967343c8-6771-00af-1053-8bb5152d1e5f" testName="GetBestPossibleFrameRateValue_ShouldReturn3_WhenValueIs3_4" computerName="DKSR-EFI-06" duration="00:00:00.0001191" startTime="2024-01-09T15:43:55.8729601+01:00" endTime="2024-01-09T15:43:55.8729601+01:00" testType="13cdc9d9-ddb5-4fa4-a97d-d965ccfc6d4b" outcome="Passed" testListId="8c84fa94-04c1-424b-9868-57a2d4851a1d" relativeResultsDirectory="bb4533fa-de84-4859-b97b-f57ffbef92a6" />
    <UnitTestResult executionId="8eaa35b7-5c79-4e5d-9411-4215fbb718bf" testId="06ac4404-09c5-fe20-a5aa-b2889d485284" testName="GetBestPossibleStopRecognitionAboveValue_ShouldReturnZero_WhenValueIsZero" computerName="DKSR-EFI-06" duration="00:00:00.0009509" startTime="2024-01-09T15:43:55.9042139+01:00" endTime="2024-01-09T15:43:55.9042139+01:00" testType="13cdc9d9-ddb5-4fa4-a97d-d965ccfc6d4b" outcome="Passed" testListId="8c84fa94-04c1-424b-9868-57a2d4851a1d" relativeResultsDirectory="8eaa35b7-5c79-4e5d-9411-4215fbb718bf" />
    <UnitTestResult executionId="5df40ec4-5165-41c4-a2f9-f1920f6377a0" testId="b7771fa3-0215-d7bd-7825-5cdfa885e776" testName="ReadAll_ShouldReturnLicensePlateInfoWithEmptyCustomFields_WhenInputContainsOnlyRegistrationNumbers" computerName="DKSR-EFI-06" duration="00:00:00.0010572" startTime="2024-01-09T15:43:57.1542136+01:00" endTime="2024-01-09T15:43:57.1542136+01:00" testType="13cdc9d9-ddb5-4fa4-a97d-d965ccfc6d4b" outcome="Passed" testListId="8c84fa94-04c1-424b-9868-57a2d4851a1d" relativeResultsDirectory="5df40ec4-5165-41c4-a2f9-f1920f6377a0" />
    <UnitTestResult executionId="e91a33bd-4418-4150-85bb-de00de94ee8f" testId="535040f7-f3a5-9290-1cb5-003df89de012" testName="MaskFromPolygon_ShouldReturnZeroSizeMask_WhenMaskSizeIsEmpty" computerName="DKSR-EFI-06" duration="00:00:00.0010492" startTime="2024-01-09T15:43:56.2323381+01:00" endTime="2024-01-09T15:43:56.2323381+01:00" testType="13cdc9d9-ddb5-4fa4-a97d-d965ccfc6d4b" outcome="Passed" testListId="8c84fa94-04c1-424b-9868-57a2d4851a1d" relativeResultsDirectory="e91a33bd-4418-4150-85bb-de00de94ee8f" />
    <UnitTestResult executionId="b669f77f-bbae-4b70-ade4-40019df14905" testId="f9ac8d75-f37e-3168-2663-364c0ddbd6f9" testName="GetLicensePlates_ShouldReturnFewerPlates_WhenNoMorePlatesAvailable" computerName="DKSR-EFI-06" startTime="2024-01-09T15:43:54.0292033+01:00" endTime="2024-01-09T15:43:54.0292033+01:00" testType="13cdc9d9-ddb5-4fa4-a97d-d965ccfc6d4b" outcome="NotExecuted" testListId="8c84fa94-04c1-424b-9868-57a2d4851a1d" relativeResultsDirectory="b669f77f-bbae-4b70-ade4-40019df14905">
      <Output>
        <ErrorInfo>
          <Message>Excluded due to failure, needs DatabaseManager to be mocked or correct DB to be connected</Message>
        </ErrorInfo>
      </Output>
    </UnitTestResult>
    <UnitTestResult executionId="93956f2a-62e3-4064-ab47-ac50eac812aa" testId="26528825-b163-6e1e-18ae-e9556371739c" testName="CalculateSettings_ShouldSetInterlacedToFalse_WhenAnalysisResultIsValid" computerName="DKSR-EFI-06" duration="00:00:00.0148267" startTime="2024-01-09T15:43:56.6542147+01:00" endTime="2024-01-09T15:43:56.6698400+01:00" testType="13cdc9d9-ddb5-4fa4-a97d-d965ccfc6d4b" outcome="Passed" testListId="8c84fa94-04c1-424b-9868-57a2d4851a1d" relativeResultsDirectory="93956f2a-62e3-4064-ab47-ac50eac812aa" />
    <UnitTestResult executionId="17a71a1b-ef5a-4080-9c1d-7ad99953fddc" testId="cd7e9ee2-6e32-f263-e0de-ebe9ab917813" testName="CalculateSettings_ShouldThrowArgumentException_WhenAnAnalysisResultsDoesNotContainAPlateRecognition" computerName="DKSR-EFI-06" duration="00:00:00.0012235" startTime="2024-01-09T15:43:56.4354617+01:00" endTime="2024-01-09T15:43:56.4354617+01:00" testType="13cdc9d9-ddb5-4fa4-a97d-d965ccfc6d4b" outcome="Passed" testListId="8c84fa94-04c1-424b-9868-57a2d4851a1d" relativeResultsDirectory="17a71a1b-ef5a-4080-9c1d-7ad99953fddc" />
    <UnitTestResult executionId="a04dadd4-726e-476e-afab-15cbff20d4b1" testId="0a1e613f-5a93-7a8e-e917-9f6b5c9af2e7" testName="CalculateSettings_ShouldDisableMaxTimePerFrameBySettingItToMinusOne_WhenAnalysisResultIsValid" computerName="DKSR-EFI-06" duration="00:00:00.0116156" startTime="2024-01-09T15:43:56.6854625+01:00" endTime="2024-01-09T15:43:56.7010873+01:00" testType="13cdc9d9-ddb5-4fa4-a97d-d965ccfc6d4b" outcome="Passed" testListId="8c84fa94-04c1-424b-9868-57a2d4851a1d" relativeResultsDirectory="a04dadd4-726e-476e-afab-15cbff20d4b1" />
    <UnitTestResult executionId="8196d417-4369-4a6b-a443-c3edde8f2ef7" testId="0cf0ce6f-dc77-4040-7512-bdca1ef6f5a0" testName="GetLicensePlates_ShouldReturnMatchingPlates_WhenFilterMatchesNormalPlate" computerName="DKSR-EFI-06" startTime="2024-01-09T15:43:54.0292033+01:00" endTime="2024-01-09T15:43:54.0292033+01:00" testType="13cdc9d9-ddb5-4fa4-a97d-d965ccfc6d4b" outcome="NotExecuted" testListId="8c84fa94-04c1-424b-9868-57a2d4851a1d" relativeResultsDirectory="8196d417-4369-4a6b-a443-c3edde8f2ef7">
      <Output>
        <ErrorInfo>
          <Message>Excluded due to failure, needs DatabaseManager to be mocked or correct DB to be connected</Message>
        </ErrorInfo>
      </Output>
    </UnitTestResult>
    <UnitTestResult executionId="8ac4752b-c0f0-418c-a69e-37bc9be38cab" testId="01eae93f-7e2b-ea9a-7065-08c3b70588c8" testName="SetRectangle_ShouldSetPointsTouchedByRectangleInUpperLeftCornerToFalse_WhenRectangleInUpperLeftCornerIsJustSmallerThanAQuarterAreaAndTouchedPointsShouldBeFalse" computerName="DKSR-EFI-06" duration="00:00:00.0005301" startTime="2024-01-09T15:43:56.9198383+01:00" endTime="2024-01-09T15:43:56.9198383+01:00" testType="13cdc9d9-ddb5-4fa4-a97d-d965ccfc6d4b" outcome="Passed" testListId="8c84fa94-04c1-424b-9868-57a2d4851a1d" relativeResultsDirectory="8ac4752b-c0f0-418c-a69e-37bc9be38cab" />
    <UnitTestResult executionId="d49423a6-13d1-4c95-be45-8d51eaa40878" testId="7185d271-debf-4c9e-1685-470aabbfb638" testName="CalculateSettings_ShouldSnapMinimumCharacterHeightToBestPossibleValue_WhenAlways" computerName="DKSR-EFI-06" duration="00:00:00.0116597" startTime="2024-01-09T15:43:56.7635895+01:00" endTime="2024-01-09T15:43:56.7792130+01:00" testType="13cdc9d9-ddb5-4fa4-a97d-d965ccfc6d4b" outcome="Passed" testListId="8c84fa94-04c1-424b-9868-57a2d4851a1d" relativeResultsDirectory="d49423a6-13d1-4c95-be45-8d51eaa40878" />
    <UnitTestResult executionId="aed0c5ab-3181-4a6c-80b2-c765417002ef" testId="b6cc2179-3195-c255-4d79-d460889a0056" testName="ReadAll_ShouldReturnCorrectLicensePlates_WhenInputContainsOnlyRegistrationNumbers" computerName="DKSR-EFI-06" duration="00:00:00.1438429" startTime="2024-01-09T15:43:56.9979643+01:00" endTime="2024-01-09T15:43:57.1385910+01:00" testType="13cdc9d9-ddb5-4fa4-a97d-d965ccfc6d4b" outcome="Passed" testListId="8c84fa94-04c1-424b-9868-57a2d4851a1d" relativeResultsDirectory="aed0c5ab-3181-4a6c-80b2-c765417002ef" />
    <UnitTestResult executionId="42085b05-296d-4db2-8a89-12d0a6c9f437" testId="38fbd510-9979-2d95-c4b3-de5a785dc181" testName="ConvexPolygon_ShouldReturnQuadrangle_WhenThereIsOneQuadrangle" computerName="DKSR-EFI-06" duration="00:00:00.0005858" startTime="2024-01-09T15:43:56.1542119+01:00" endTime="2024-01-09T15:43:56.1542119+01:00" testType="13cdc9d9-ddb5-4fa4-a97d-d965ccfc6d4b" outcome="Passed" testListId="8c84fa94-04c1-424b-9868-57a2d4851a1d" relativeResultsDirectory="42085b05-296d-4db2-8a89-12d0a6c9f437" />
    <UnitTestResult executionId="0fb44c3e-735d-480f-8dfe-210d5fd6f9c0" testId="774a03b5-9bb4-3dd2-a292-93869a7a2f2c" testName="GetBestPossibleDiscardRecognitionsBelowValue_ShouldReturnOne_WhenValueIsOne" computerName="DKSR-EFI-06" duration="00:00:00.0001401" startTime="2024-01-09T15:43:55.9042139+01:00" endTime="2024-01-09T15:43:55.9042139+01:00" testType="13cdc9d9-ddb5-4fa4-a97d-d965ccfc6d4b" outcome="Passed" testListId="8c84fa94-04c1-424b-9868-57a2d4851a1d" relativeResultsDirectory="0fb44c3e-735d-480f-8dfe-210d5fd6f9c0" />
    <UnitTestResult executionId="d2808828-31bd-4935-ac2c-5564b41c3160" testId="c053d3f3-ca47-37f4-b66c-e8f2a69d3546" testName="SetRectangle_ShouldThrowArgumentOutOfRangeException_WhenRectangleIsEmpty" computerName="DKSR-EFI-06" duration="00:00:00.0006708" startTime="2024-01-09T15:43:56.9042127+01:00" endTime="2024-01-09T15:43:56.9042127+01:00" testType="13cdc9d9-ddb5-4fa4-a97d-d965ccfc6d4b" outcome="Passed" testListId="8c84fa94-04c1-424b-9868-57a2d4851a1d" relativeResultsDirectory="d2808828-31bd-4935-ac2c-5564b41c3160" />
    <UnitTestResult executionId="561d97ff-1c01-4d03-ab8f-e610cb83cb7f" testId="d72817a1-5a5d-b4ba-5444-fc4995b54f10" testName="ClearLicensePlates_ShouldNotClearOtherLists_WhenOtherListsExist" computerName="DKSR-EFI-06" startTime="2024-01-09T15:43:54.0292033+01:00" endTime="2024-01-09T15:43:54.0292033+01:00" testType="13cdc9d9-ddb5-4fa4-a97d-d965ccfc6d4b" outcome="NotExecuted" testListId="8c84fa94-04c1-424b-9868-57a2d4851a1d" relativeResultsDirectory="561d97ff-1c01-4d03-ab8f-e610cb83cb7f">
      <Output>
        <ErrorInfo>
          <Message>Excluded due to failure, needs DatabaseManager to be mocked or correct DB to be connected</Message>
        </ErrorInfo>
      </Output>
    </UnitTestResult>
    <UnitTestResult executionId="ae7d9746-cd85-4b9a-a584-8558c6caa7a8" testId="ddb3e455-e9d6-bcbe-c1af-a679d954c864" testName="GetLicensePlateLists_ShouldContainsOnlyUnregisteredPlateList_Initially" computerName="DKSR-EFI-06" startTime="2024-01-09T15:43:53.5760778+01:00" endTime="2024-01-09T15:43:53.8885768+01:00" testType="13cdc9d9-ddb5-4fa4-a97d-d965ccfc6d4b" outcome="NotExecuted" testListId="8c84fa94-04c1-424b-9868-57a2d4851a1d" relativeResultsDirectory="ae7d9746-cd85-4b9a-a584-8558c6caa7a8">
      <Output>
        <ErrorInfo>
          <Message>Excluded due to failure, needs DatabaseManager to be mocked or correct DB to be connected</Message>
        </ErrorInfo>
      </Output>
    </UnitTestResult>
    <UnitTestResult executionId="b8e74819-851c-415b-b8a6-52ab2bd84c08" testId="2fa3a4d2-418f-da75-84e7-a886262bed85" testName="GetLicensePlates_ShouldNotReturnProperty_WhenPropertyNotDefined" computerName="DKSR-EFI-06" startTime="2024-01-09T15:43:54.0604537+01:00" endTime="2024-01-09T15:43:54.0604537+01:00" testType="13cdc9d9-ddb5-4fa4-a97d-d965ccfc6d4b" outcome="NotExecuted" testListId="8c84fa94-04c1-424b-9868-57a2d4851a1d" relativeResultsDirectory="b8e74819-851c-415b-b8a6-52ab2bd84c08">
      <Output>
        <ErrorInfo>
          <Message>Excluded due to failure, needs DatabaseManager to be mocked or correct DB to be connected</Message>
        </ErrorInfo>
      </Output>
    </UnitTestResult>
    <UnitTestResult executionId="13543992-795a-44f6-bfe3-ed099fb5a101" testId="73c2a408-b507-367b-48ef-10013961abd3" testName="SetRectangle_ShouldThrowArgumentOutOfRangeException_WhenLeftIsLessThanZero" computerName="DKSR-EFI-06" duration="00:00:00.0006761" startTime="2024-01-09T15:43:56.9042127+01:00" endTime="2024-01-09T15:43:56.9042127+01:00" testType="13cdc9d9-ddb5-4fa4-a97d-d965ccfc6d4b" outcome="Passed" testListId="8c84fa94-04c1-424b-9868-57a2d4851a1d" relativeResultsDirectory="13543992-795a-44f6-bfe3-ed099fb5a101" />
    <UnitTestResult executionId="b06edcae-2efb-4992-9b61-5b176270d1f1" testId="b743f662-afd5-1e32-a638-54a206226b67" testName="ConvexPolygon_ShouldReturnConvexPolygon_WhenThereAreFourQuadrangles" computerName="DKSR-EFI-06" duration="00:00:00.0007830" startTime="2024-01-09T15:43:56.1542119+01:00" endTime="2024-01-09T15:43:56.1542119+01:00" testType="13cdc9d9-ddb5-4fa4-a97d-d965ccfc6d4b" outcome="Passed" testListId="8c84fa94-04c1-424b-9868-57a2d4851a1d" relativeResultsDirectory="b06edcae-2efb-4992-9b61-5b176270d1f1" />
    <UnitTestResult executionId="875eb1c9-4e6a-4dd8-aca4-289b97bcc133" testId="2f5e30ac-2e6b-9e02-cab2-2c4d3c3da27e" testName="DeleteLicensePlates_ShouldReturnDeletedCount_WhenPlatesExist" computerName="DKSR-EFI-06" startTime="2024-01-09T15:43:54.0135765+01:00" endTime="2024-01-09T15:43:54.0135765+01:00" testType="13cdc9d9-ddb5-4fa4-a97d-d965ccfc6d4b" outcome="NotExecuted" testListId="8c84fa94-04c1-424b-9868-57a2d4851a1d" relativeResultsDirectory="875eb1c9-4e6a-4dd8-aca4-289b97bcc133">
      <Output>
        <ErrorInfo>
          <Message>Excluded due to failure, needs DatabaseManager to be mocked or correct DB to be connected</Message>
        </ErrorInfo>
      </Output>
    </UnitTestResult>
    <UnitTestResult executionId="0e4b48f0-8106-4874-b2df-822d5c874acd" testId="3023a36a-9a1f-8afb-d8ba-4854e928de27" testName="CalculateSettings_ShouldSetMinimumConfidenceTo80Percent_WhenAnalysisResultIsValid" computerName="DKSR-EFI-06" duration="00:00:00.0082187" startTime="2024-01-09T15:43:56.6854625+01:00" endTime="2024-01-09T15:43:56.6854625+01:00" testType="13cdc9d9-ddb5-4fa4-a97d-d965ccfc6d4b" outcome="Passed" testListId="8c84fa94-04c1-424b-9868-57a2d4851a1d" relativeResultsDirectory="0e4b48f0-8106-4874-b2df-822d5c874acd" />
    <UnitTestResult executionId="dbaad5c8-c011-4ee1-b409-8dac498bd094" testId="22e47dc6-f6fe-a413-ab97-7197681e84c0" testName="ModifyLicensePlateList_ShouldWork_WhenListExists_AndSomeColumnsAreMissing" computerName="DKSR-EFI-06" startTime="2024-01-09T15:43:53.9667007+01:00" endTime="2024-01-09T15:43:53.9823262+01:00" testType="13cdc9d9-ddb5-4fa4-a97d-d965ccfc6d4b" outcome="NotExecuted" testListId="8c84fa94-04c1-424b-9868-57a2d4851a1d" relativeResultsDirectory="dbaad5c8-c011-4ee1-b409-8dac498bd094">
      <Output>
        <ErrorInfo>
          <Message>Excluded due to failure, needs DatabaseManager to be mocked or correct DB to be connected</Message>
        </ErrorInfo>
      </Output>
    </UnitTestResult>
    <UnitTestResult executionId="f03278f1-650d-4106-8bf9-e926cf1a717f" testId="40a58e02-4c9f-9295-67bb-70af85106e7b" testName="GetBestPossibleCharacterHeightValue_ShouldReturnOnePercent_WhenValueIsZero" computerName="DKSR-EFI-06" duration="00:00:00.0006807" startTime="2024-01-09T15:43:55.9198350+01:00" endTime="2024-01-09T15:43:55.9198350+01:00" testType="13cdc9d9-ddb5-4fa4-a97d-d965ccfc6d4b" outcome="Passed" testListId="8c84fa94-04c1-424b-9868-57a2d4851a1d" relativeResultsDirectory="f03278f1-650d-4106-8bf9-e926cf1a717f" />
    <UnitTestResult executionId="98765aae-b653-4d8a-959e-1d255ad7a3ba" testId="6e0f36b1-9acf-813c-d623-6fc47ae0d1eb" testName="MaskFromPolygon_ShouldThrowNullArgumentException_WhenPolygonIsNull" computerName="DKSR-EFI-06" duration="00:00:00.0035757" startTime="2024-01-09T15:43:56.1542119+01:00" endTime="2024-01-09T15:43:56.1698367+01:00" testType="13cdc9d9-ddb5-4fa4-a97d-d965ccfc6d4b" outcome="Passed" testListId="8c84fa94-04c1-424b-9868-57a2d4851a1d" relativeResultsDirectory="98765aae-b653-4d8a-959e-1d255ad7a3ba" />
    <UnitTestResult executionId="e24ab9ac-ebc6-42f5-9152-95c60d74e70e" testId="4f838684-752c-bfa1-7ba0-e8c5c849c03e" testName="CalculateSettings_ShouldSetDiscardRecognitionsBelowToTenPercentLowerThanLowestConfidence_WhenThereAreMultipleAnalsysisResults" computerName="DKSR-EFI-06" duration="00:00:00.0185379" startTime="2024-01-09T15:43:56.5604640+01:00" endTime="2024-01-09T15:43:56.5760893+01:00" testType="13cdc9d9-ddb5-4fa4-a97d-d965ccfc6d4b" outcome="Passed" testListId="8c84fa94-04c1-424b-9868-57a2d4851a1d" relativeResultsDirectory="e24ab9ac-ebc6-42f5-9152-95c60d74e70e" />
    <UnitTestResult executionId="f0a04dc6-6262-47f1-b22c-55435590b987" testId="a3e669b7-926f-8c66-9d34-d19bdcebe42a" testName="GetBestPossibleMaxPlatesValue_ShouldReturnOne_WhenValueIsOne" computerName="DKSR-EFI-06" duration="00:00:00.0002329" startTime="2024-01-09T15:43:55.8885862+01:00" endTime="2024-01-09T15:43:55.8885862+01:00" testType="13cdc9d9-ddb5-4fa4-a97d-d965ccfc6d4b" outcome="Passed" testListId="8c84fa94-04c1-424b-9868-57a2d4851a1d" relativeResultsDirectory="f0a04dc6-6262-47f1-b22c-55435590b987" />
    <UnitTestResult executionId="c28b7aba-10ec-46f0-8e40-d2df368776c7" testId="ce2a7bb6-05f1-a597-72a6-43940ad389ea" testName="ConvexPolygon_ShouldReturnALine_WhenQuadrangleHeightIsZero" computerName="DKSR-EFI-06" duration="00:00:00.0297433" startTime="2024-01-09T15:43:56.1229606+01:00" endTime="2024-01-09T15:43:56.1542119+01:00" testType="13cdc9d9-ddb5-4fa4-a97d-d965ccfc6d4b" outcome="Passed" testListId="8c84fa94-04c1-424b-9868-57a2d4851a1d" relativeResultsDirectory="c28b7aba-10ec-46f0-8e40-d2df368776c7" />
    <UnitTestResult executionId="70e5f140-ff98-45f9-9ae9-1d6c580e8247" testId="1a2deff3-ec02-7fe7-b11f-9b924734f0ac" testName="DeleteLicensePlateList_ShouldNotDeleteOtherLists_WithExistingList" computerName="DKSR-EFI-06" startTime="2024-01-09T15:43:53.9979549+01:00" endTime="2024-01-09T15:43:53.9979549+01:00" testType="13cdc9d9-ddb5-4fa4-a97d-d965ccfc6d4b" outcome="NotExecuted" testListId="8c84fa94-04c1-424b-9868-57a2d4851a1d" relativeResultsDirectory="70e5f140-ff98-45f9-9ae9-1d6c580e8247">
      <Output>
        <ErrorInfo>
          <Message>Excluded due to failure, needs DatabaseManager to be mocked or correct DB to be connected</Message>
        </ErrorInfo>
      </Output>
    </UnitTestResult>
    <UnitTestResult executionId="a2bec461-2a5f-4dec-a687-ce6eb8a1ef0d" testId="7cfb86e6-f70e-9ee3-1c4c-ce7d7f288f6b" testName="ModifyLicensePlateList_ShouldNotDeleteOtherListPropertyValues_WhenPropertyIsDeleted" computerName="DKSR-EFI-06" startTime="2024-01-09T15:43:53.9823262+01:00" endTime="2024-01-09T15:43:53.9823262+01:00" testType="13cdc9d9-ddb5-4fa4-a97d-d965ccfc6d4b" outcome="NotExecuted" testListId="8c84fa94-04c1-424b-9868-57a2d4851a1d" relativeResultsDirectory="a2bec461-2a5f-4dec-a687-ce6eb8a1ef0d">
      <Output>
        <ErrorInfo>
          <Message>Excluded due to failure, needs DatabaseManager to be mocked or correct DB to be connected</Message>
        </ErrorInfo>
      </Output>
    </UnitTestResult>
    <UnitTestResult executionId="034f973b-8829-4e55-92f4-5cd106cedc7c" testId="b7468ef1-5d72-09d6-ee16-83fabf2aa523" testName="CalculateSettings_ShouldSetMaxPlatesToOne_WhenAnalysisResultIsValid" computerName="DKSR-EFI-06" duration="00:00:00.0108044" startTime="2024-01-09T15:43:56.6385885+01:00" endTime="2024-01-09T15:43:56.6385885+01:00" testType="13cdc9d9-ddb5-4fa4-a97d-d965ccfc6d4b" outcome="Passed" testListId="8c84fa94-04c1-424b-9868-57a2d4851a1d" relativeResultsDirectory="034f973b-8829-4e55-92f4-5cd106cedc7c" />
    <UnitTestResult executionId="344c618b-f9f1-4360-926e-a56e340fc02a" testId="e5bad55c-b729-12f2-c54a-9e931daca18b" testName="LookupLicensePlates2_ShouldReturnMatchingLists_WhenPlatesMatchNormalPlates" computerName="DKSR-EFI-06" startTime="2024-01-09T15:43:54.0604537+01:00" endTime="2024-01-09T15:43:54.0604537+01:00" testType="13cdc9d9-ddb5-4fa4-a97d-d965ccfc6d4b" outcome="NotExecuted" testListId="8c84fa94-04c1-424b-9868-57a2d4851a1d" relativeResultsDirectory="344c618b-f9f1-4360-926e-a56e340fc02a">
      <Output>
        <ErrorInfo>
          <Message>Excluded due to failure, needs DatabaseManager to be mocked or correct DB to be connected</Message>
        </ErrorInfo>
      </Output>
    </UnitTestResult>
    <UnitTestResult executionId="a6965aa8-b880-40ee-88a3-7b2308078769" testId="8df9d7d6-8859-8cc0-86c4-201c19eb125a" testName="ConvexPolygon_ShouldThrowArgumentNullException_WhenQuadranglesAreNull" computerName="DKSR-EFI-06" duration="00:00:00.1009309" startTime="2024-01-09T15:43:55.9979616+01:00" endTime="2024-01-09T15:43:56.0917100+01:00" testType="13cdc9d9-ddb5-4fa4-a97d-d965ccfc6d4b" outcome="Passed" testListId="8c84fa94-04c1-424b-9868-57a2d4851a1d" relativeResultsDirectory="a6965aa8-b880-40ee-88a3-7b2308078769" />
    <UnitTestResult executionId="0ad7e38b-b5bd-4ae2-af58-affcadd434b7" testId="3853545d-8624-be4f-7550-68b10c7fd0fe" testName="ScalePolygon_ShouldScaleQuadrangle_WhenPolygonIsAQuadrangle" computerName="DKSR-EFI-06" duration="00:00:00.0005773" startTime="2024-01-09T15:43:56.2635877+01:00" endTime="2024-01-09T15:43:56.2635877+01:00" testType="13cdc9d9-ddb5-4fa4-a97d-d965ccfc6d4b" outcome="Passed" testListId="8c84fa94-04c1-424b-9868-57a2d4851a1d" relativeResultsDirectory="0ad7e38b-b5bd-4ae2-af58-affcadd434b7" />
    <UnitTestResult executionId="57b962c6-2321-44a5-99ed-64e5fe7cf1cb" testId="355d22c2-03f8-6c86-fbf5-3fc2f80ecfcd" testName="GetLicensePlates_ShouldReturnAllAddedPlates_WhenFilterIsNull" computerName="DKSR-EFI-06" startTime="2024-01-09T15:43:54.0292033+01:00" endTime="2024-01-09T15:43:54.0292033+01:00" testType="13cdc9d9-ddb5-4fa4-a97d-d965ccfc6d4b" outcome="NotExecuted" testListId="8c84fa94-04c1-424b-9868-57a2d4851a1d" relativeResultsDirectory="57b962c6-2321-44a5-99ed-64e5fe7cf1cb">
      <Output>
        <ErrorInfo>
          <Message>Excluded due to failure, needs DatabaseManager to be mocked or correct DB to be connected</Message>
        </ErrorInfo>
      </Output>
    </UnitTestResult>
    <UnitTestResult executionId="e122eac9-8b0a-4019-b697-57c6b7e4eece" testId="1d064e0c-9689-2341-f2ae-f87ef219812e" testName="GetLicensePlates_ShouldReturnMatchingPlates_WhenFilterMatchesStartOfPlate" computerName="DKSR-EFI-06" startTime="2024-01-09T15:43:54.0448279+01:00" endTime="2024-01-09T15:43:54.0448279+01:00" testType="13cdc9d9-ddb5-4fa4-a97d-d965ccfc6d4b" outcome="NotExecuted" testListId="8c84fa94-04c1-424b-9868-57a2d4851a1d" relativeResultsDirectory="e122eac9-8b0a-4019-b697-57c6b7e4eece">
      <Output>
        <ErrorInfo>
          <Message>Excluded due to failure, needs DatabaseManager to be mocked or correct DB to be connected</Message>
        </ErrorInfo>
      </Output>
    </UnitTestResult>
    <UnitTestResult executionId="ae5eb75f-1d38-4360-b08e-911adcb753d6" testId="40bd2f77-2558-7975-f0b4-98ed689376e0" testName="ExtendMask_ShouldExtendHorizontally_WhenHorizontalIsSet" computerName="DKSR-EFI-06" duration="00:00:00.0018607" startTime="2024-01-09T15:43:56.3104642+01:00" endTime="2024-01-09T15:43:56.3104642+01:00" testType="13cdc9d9-ddb5-4fa4-a97d-d965ccfc6d4b" outcome="Passed" testListId="8c84fa94-04c1-424b-9868-57a2d4851a1d" relativeResultsDirectory="ae5eb75f-1d38-4360-b08e-911adcb753d6" />
    <UnitTestResult executionId="402eb125-fd86-4a24-bc44-338adcef6878" testId="5f1104aa-3df4-1325-2fb9-d56be8285c65" testName="CalculateSettings_ShouldThrowArgumentNullException_WhenSnapshotsAreNull" computerName="DKSR-EFI-06" duration="00:00:00.0053844" startTime="2024-01-09T15:43:56.3260892+01:00" endTime="2024-01-09T15:43:56.3260892+01:00" testType="13cdc9d9-ddb5-4fa4-a97d-d965ccfc6d4b" outcome="Passed" testListId="8c84fa94-04c1-424b-9868-57a2d4851a1d" relativeResultsDirectory="402eb125-fd86-4a24-bc44-338adcef6878" />
    <UnitTestResult executionId="2118f3d9-d05b-423f-b721-ca9c5cec8908" testId="8ca59149-7d8f-76d5-56ed-8058215457f8" testName="CalculateSettings_ShouldSetMaximumCharacterHeightToTenPixelsMoreThanDetctedHeight_WhenThereIsOneAnalysisResult" computerName="DKSR-EFI-06" duration="00:00:00.0120391" startTime="2024-01-09T15:43:56.7792130+01:00" endTime="2024-01-09T15:43:56.7948384+01:00" testType="13cdc9d9-ddb5-4fa4-a97d-d965ccfc6d4b" outcome="Passed" testListId="8c84fa94-04c1-424b-9868-57a2d4851a1d" relativeResultsDirectory="2118f3d9-d05b-423f-b721-ca9c5cec8908" />
    <UnitTestResult executionId="112c5f2b-2fbd-4e4d-8a69-3b672d547e70" testId="60791372-e83f-561c-5092-5078202b9074" testName="GetLicensePlates_ShouldReturnEmptyProperty_WhenPropertyNotSet" computerName="DKSR-EFI-06" startTime="2024-01-09T15:43:54.0448279+01:00" endTime="2024-01-09T15:43:54.0448279+01:00" testType="13cdc9d9-ddb5-4fa4-a97d-d965ccfc6d4b" outcome="NotExecuted" testListId="8c84fa94-04c1-424b-9868-57a2d4851a1d" relativeResultsDirectory="112c5f2b-2fbd-4e4d-8a69-3b672d547e70">
      <Output>
        <ErrorInfo>
          <Message>Excluded due to failure, needs DatabaseManager to be mocked or correct DB to be connected</Message>
        </ErrorInfo>
      </Output>
    </UnitTestResult>
    <UnitTestResult executionId="fa1dc7fb-a77e-4e87-8fb2-c398298cc6cf" testId="524423e0-edfe-cab4-97da-169ad8ead742" testName="ReadAll_ShouldThrowArgumentNullException_WhenTextReaderIsNull" computerName="DKSR-EFI-06" duration="00:00:00.0635823" startTime="2024-01-09T15:43:56.9354634+01:00" endTime="2024-01-09T15:43:56.9979643+01:00" testType="13cdc9d9-ddb5-4fa4-a97d-d965ccfc6d4b" outcome="Passed" testListId="8c84fa94-04c1-424b-9868-57a2d4851a1d" relativeResultsDirectory="fa1dc7fb-a77e-4e87-8fb2-c398298cc6cf" />
    <UnitTestResult executionId="6604a761-7f19-4391-b013-8a6d32f680ea" testId="a5780bc2-e5cf-d290-dd99-27904b62f74d" testName="CalculateSettings_ShouldSetDiscardRecognitionsBelowToTenPercentLowerThanConfidence_WhenThereIsOneAnalysisResult" computerName="DKSR-EFI-06" duration="00:00:00.0118556" startTime="2024-01-09T15:43:56.5448402+01:00" endTime="2024-01-09T15:43:56.5448402+01:00" testType="13cdc9d9-ddb5-4fa4-a97d-d965ccfc6d4b" outcome="Passed" testListId="8c84fa94-04c1-424b-9868-57a2d4851a1d" relativeResultsDirectory="6604a761-7f19-4391-b013-8a6d32f680ea" />
    <UnitTestResult executionId="388675ee-92af-45ce-b9b7-aba580f95f30" testId="55b4ab3b-9035-1070-2168-6d3442fb1b5a" testName="CalculateSettings_ShouldSnapMaximumCharacterHeightToBestPossibleValue_WhenAlways" computerName="DKSR-EFI-06" duration="00:00:00.0115979" startTime="2024-01-09T15:43:56.8417168+01:00" endTime="2024-01-09T15:43:56.8573391+01:00" testType="13cdc9d9-ddb5-4fa4-a97d-d965ccfc6d4b" outcome="Passed" testListId="8c84fa94-04c1-424b-9868-57a2d4851a1d" relativeResultsDirectory="388675ee-92af-45ce-b9b7-aba580f95f30" />
    <UnitTestResult executionId="729073a1-db07-40bc-bc21-fdab67806f4f" testId="5e7aecc9-275c-b213-88db-4924c3a08510" testName="GetLicensePlates_ShouldReturnSpecifiedPage_WhenStartIndexIsGreaterThan0" computerName="DKSR-EFI-06" startTime="2024-01-09T15:43:54.0292033+01:00" endTime="2024-01-09T15:43:54.0292033+01:00" testType="13cdc9d9-ddb5-4fa4-a97d-d965ccfc6d4b" outcome="NotExecuted" testListId="8c84fa94-04c1-424b-9868-57a2d4851a1d" relativeResultsDirectory="729073a1-db07-40bc-bc21-fdab67806f4f">
      <Output>
        <ErrorInfo>
          <Message>Excluded due to failure, needs DatabaseManager to be mocked or correct DB to be connected</Message>
        </ErrorInfo>
      </Output>
    </UnitTestResult>
    <UnitTestResult executionId="9867e7f3-34a4-42f0-a382-6a039fd45083" testId="ccfb19ea-a68e-2ede-0520-a378256baa7f" testName="GetBestPossibleMaxPlatesValue_ShouldReturnDisable_WhenValueIsDisable" computerName="DKSR-EFI-06" duration="00:00:00.0007811" startTime="2024-01-09T15:43:55.8885862+01:00" endTime="2024-01-09T15:43:55.8885862+01:00" testType="13cdc9d9-ddb5-4fa4-a97d-d965ccfc6d4b" outcome="Passed" testListId="8c84fa94-04c1-424b-9868-57a2d4851a1d" relativeResultsDirectory="9867e7f3-34a4-42f0-a382-6a039fd45083" />
    <UnitTestResult executionId="cd07c002-6f71-4777-ba98-4f625d7da99b" testId="1601fabf-62f6-891c-1f55-b932f09eeb20" testName="MaskFromPolygon_ShouldStillWorkWithinBoundry_WhenPolygonIsOutsideBoundry" computerName="DKSR-EFI-06" duration="00:00:00.0044685" startTime="2024-01-09T15:43:56.2323381+01:00" endTime="2024-01-09T15:43:56.2479613+01:00" testType="13cdc9d9-ddb5-4fa4-a97d-d965ccfc6d4b" outcome="Passed" testListId="8c84fa94-04c1-424b-9868-57a2d4851a1d" relativeResultsDirectory="cd07c002-6f71-4777-ba98-4f625d7da99b" />
    <UnitTestResult executionId="20f43de4-8aa1-45cc-b745-28ba2163068d" testId="a67cbcbe-1484-d73d-7b2c-f19661b2c845" testName="ExpandToSize_ShowExpand_WhenValidInputIsGiven" computerName="DKSR-EFI-06" duration="00:00:00.0751287" startTime="2024-01-09T15:43:55.9198350+01:00" endTime="2024-01-09T15:43:55.9979616+01:00" testType="13cdc9d9-ddb5-4fa4-a97d-d965ccfc6d4b" outcome="Passed" testListId="8c84fa94-04c1-424b-9868-57a2d4851a1d" relativeResultsDirectory="20f43de4-8aa1-45cc-b745-28ba2163068d" />
    <UnitTestResult executionId="e31413be-ca9a-4c92-a188-3bf8cb8c5cdc" testId="5c566e8f-d40f-7110-503e-d17e7bc5167e" testName="LookupLicensePlates_ShouldReturnMatchingLists_WhenPlatesMatchNormalPlates" computerName="DKSR-EFI-06" startTime="2024-01-09T15:43:54.0604537+01:00" endTime="2024-01-09T15:43:54.0604537+01:00" testType="13cdc9d9-ddb5-4fa4-a97d-d965ccfc6d4b" outcome="NotExecuted" testListId="8c84fa94-04c1-424b-9868-57a2d4851a1d" relativeResultsDirectory="e31413be-ca9a-4c92-a188-3bf8cb8c5cdc">
      <Output>
        <ErrorInfo>
          <Message>Excluded due to failure, needs DatabaseManager to be mocked or correct DB to be connected</Message>
        </ErrorInfo>
      </Output>
    </UnitTestResult>
    <UnitTestResult executionId="58f5f353-7224-4c05-af5e-1bbc25ec83d3" testId="ed1896a9-cd63-0fbe-3e6e-ff2c39840503" testName="GetBestPossibleDiscardRecognitionsBelowValue_ShouldReturnOnePercent_WhenValueIsZero" computerName="DKSR-EFI-06" duration="00:00:00.0001486" startTime="2024-01-09T15:43:55.9042139+01:00" endTime="2024-01-09T15:43:55.9042139+01:00" testType="13cdc9d9-ddb5-4fa4-a97d-d965ccfc6d4b" outcome="Passed" testListId="8c84fa94-04c1-424b-9868-57a2d4851a1d" relativeResultsDirectory="58f5f353-7224-4c05-af5e-1bbc25ec83d3" />
    <UnitTestResult executionId="ca2d58ee-3b69-4e50-bfa5-25ff322a67c9" testId="6ac3e2e7-81a3-cad9-bca9-123915148a79" testName="DeleteLicensePlates_ShouldDeletePlates_WhenPlatesExist" computerName="DKSR-EFI-06" startTime="2024-01-09T15:43:54.0135765+01:00" endTime="2024-01-09T15:43:54.0135765+01:00" testType="13cdc9d9-ddb5-4fa4-a97d-d965ccfc6d4b" outcome="NotExecuted" testListId="8c84fa94-04c1-424b-9868-57a2d4851a1d" relativeResultsDirectory="ca2d58ee-3b69-4e50-bfa5-25ff322a67c9">
      <Output>
        <ErrorInfo>
          <Message>Excluded due to failure, needs DatabaseManager to be mocked or correct DB to be connected</Message>
        </ErrorInfo>
      </Output>
    </UnitTestResult>
    <UnitTestResult executionId="67daba78-2fe5-4f3d-9620-df849682fa2b" testId="511f95cc-5a95-1392-8bc9-d3dd5295059a" testName="SetRectangle_ShouldSetPointsTouchedByRectangleInCenterToTrue_WhenCenterRectangleCoversJustLessThanAThirdAndTouchedPointsShouldBeTrue" computerName="DKSR-EFI-06" duration="00:00:00.0015015" startTime="2024-01-09T15:43:56.9042127+01:00" endTime="2024-01-09T15:43:56.9042127+01:00" testType="13cdc9d9-ddb5-4fa4-a97d-d965ccfc6d4b" outcome="Passed" testListId="8c84fa94-04c1-424b-9868-57a2d4851a1d" relativeResultsDirectory="67daba78-2fe5-4f3d-9620-df849682fa2b" />
    <UnitTestResult executionId="e6a6c636-0f8e-4538-94b6-d3dcc3b0e248" testId="b6d26d95-ecbd-37ea-6653-043cdb749c3b" testName="ReadAll_ShouldReadCustomDataInColumnIndexOrder_WhenCustomDataIsPresentAndDefinitionsHaveDifferentDisplayOrderThanIndex" computerName="DKSR-EFI-06" duration="00:00:00.0014516" startTime="2024-01-09T15:43:57.1854659+01:00" endTime="2024-01-09T15:43:57.1854659+01:00" testType="13cdc9d9-ddb5-4fa4-a97d-d965ccfc6d4b" outcome="Passed" testListId="8c84fa94-04c1-424b-9868-57a2d4851a1d" relativeResultsDirectory="e6a6c636-0f8e-4538-94b6-d3dcc3b0e248" />
    <UnitTestResult executionId="c80d5a01-5d67-466c-a457-73e552b27af7" testId="d015b932-ad51-be8c-34e0-7a7c7ed934d5" testName="OemResources_LPRP_ResourcePackageValidationTest (Milestone)" computerName="DKSR-EFI-06" duration="00:00:00.9092966" startTime="2024-01-09T15:43:54.0760763+01:00" endTime="2024-01-09T15:43:55.1229592+01:00" testType="13cdc9d9-ddb5-4fa4-a97d-d965ccfc6d4b" outcome="Passed" testListId="8c84fa94-04c1-424b-9868-57a2d4851a1d" relativeResultsDirectory="c80d5a01-5d67-466c-a457-73e552b27af7" />
    <UnitTestResult executionId="c30ed25c-e736-437e-9c8c-a4c89b38278c" testId="e206b56f-dc68-12e4-63f8-27340bfcfe7d" testName="CalculateSettings_ShouldSetFrameRateToFour_WhenAnalysisResultIsValid" computerName="DKSR-EFI-06" duration="00:00:00.0087872" startTime="2024-01-09T15:43:56.6229661+01:00" endTime="2024-01-09T15:43:56.6229661+01:00" testType="13cdc9d9-ddb5-4fa4-a97d-d965ccfc6d4b" outcome="Passed" testListId="8c84fa94-04c1-424b-9868-57a2d4851a1d" relativeResultsDirectory="c30ed25c-e736-437e-9c8c-a4c89b38278c" />
    <UnitTestResult executionId="a4d4cea0-b977-403a-867c-84493fef3b2b" testId="40508888-2cc6-bb30-bca2-25b88be69dfa" testName="CalculateSettings_ShouldSetMaskToSameAsAreaCalculatorCalculateMask_WhenThereAreMultipleAnalsysisResults" computerName="DKSR-EFI-06" duration="00:00:00.0017760" startTime="2024-01-09T15:43:56.8885906+01:00" endTime="2024-01-09T15:43:56.8885906+01:00" testType="13cdc9d9-ddb5-4fa4-a97d-d965ccfc6d4b" outcome="Passed" testListId="8c84fa94-04c1-424b-9868-57a2d4851a1d" relativeResultsDirectory="a4d4cea0-b977-403a-867c-84493fef3b2b" />
    <UnitTestResult executionId="18bb7f21-dfb0-4611-b56c-af5cdeea5846" testId="66a16479-9a7a-3054-93f5-87e5fc88149a" testName="AnalyticEventObjectData_ShouldContainPlateStyleInJson" computerName="DKSR-EFI-06" duration="00:00:00.5757723" startTime="2024-01-09T15:43:55.2323311+01:00" endTime="2024-01-09T15:43:55.8104874+01:00" testType="13cdc9d9-ddb5-4fa4-a97d-d965ccfc6d4b" outcome="Passed" testListId="8c84fa94-04c1-424b-9868-57a2d4851a1d" relativeResultsDirectory="18bb7f21-dfb0-4611-b56c-af5cdeea5846" />
    <UnitTestResult executionId="add3a003-0cdc-4c83-ab06-9c5926b89d3d" testId="f02c5fc7-6cc1-336a-6c43-2cc307b6b18f" testName="GetBestPossibleCharacterHeightValue_ShouldReturn50Percent_WhenValueIsMoreThan50Percent" computerName="DKSR-EFI-06" duration="00:00:00.0001174" startTime="2024-01-09T15:43:55.9198350+01:00" endTime="2024-01-09T15:43:55.9198350+01:00" testType="13cdc9d9-ddb5-4fa4-a97d-d965ccfc6d4b" outcome="Passed" testListId="8c84fa94-04c1-424b-9868-57a2d4851a1d" relativeResultsDirectory="add3a003-0cdc-4c83-ab06-9c5926b89d3d" />
    <UnitTestResult executionId="a8819340-08f7-4b2c-8875-1c9b90391aad" testId="9fe3e248-53fc-8800-f8f1-26ef0d2a7e38" testName="Size_ShouldScaleSoMaskShapeIsSame_WhenDoublingSizeWithRectangleInMiddle" computerName="DKSR-EFI-06" duration="00:00:00.0010001" startTime="2024-01-09T15:43:56.9198383+01:00" endTime="2024-01-09T15:43:56.9198383+01:00" testType="13cdc9d9-ddb5-4fa4-a97d-d965ccfc6d4b" outcome="Passed" testListId="8c84fa94-04c1-424b-9868-57a2d4851a1d" relativeResultsDirectory="a8819340-08f7-4b2c-8875-1c9b90391aad" />
    <UnitTestResult executionId="3df469f5-fed3-40e1-9416-2a393353d9ea" testId="4a5d1081-d3e3-3857-3cea-97ca2cea9202" testName="GetLicensePlateCount_ShouldReturnMatchingPlateCount_WhenFilterMatchesStartOfPlate" computerName="DKSR-EFI-06" startTime="2024-01-09T15:43:54.0604537+01:00" endTime="2024-01-09T15:43:54.0604537+01:00" testType="13cdc9d9-ddb5-4fa4-a97d-d965ccfc6d4b" outcome="NotExecuted" testListId="8c84fa94-04c1-424b-9868-57a2d4851a1d" relativeResultsDirectory="3df469f5-fed3-40e1-9416-2a393353d9ea">
      <Output>
        <ErrorInfo>
          <Message>Excluded due to failure, needs DatabaseManager to be mocked or correct DB to be connected</Message>
        </ErrorInfo>
      </Output>
    </UnitTestResult>
    <UnitTestResult executionId="4759a13e-da55-41cf-84ff-be71bb112b2d" testId="19a51d20-0ac4-8aaa-9bd8-2d8a47fc57a2" testName="ReadAll_ShouldSetCorrectColumndIndexOnMissingValues_WhenCsvInputHasFewerColumnsThanCustomFields" computerName="DKSR-EFI-06" duration="00:00:00.0012901" startTime="2024-01-09T15:43:57.2010895+01:00" endTime="2024-01-09T15:43:57.2167157+01:00" testType="13cdc9d9-ddb5-4fa4-a97d-d965ccfc6d4b" outcome="Passed" testListId="8c84fa94-04c1-424b-9868-57a2d4851a1d" relativeResultsDirectory="4759a13e-da55-41cf-84ff-be71bb112b2d" />
    <UnitTestResult executionId="b0728d1b-bd1d-4695-875e-3df212f29593" testId="7e1855bf-6108-737d-d4a2-dc561e85969f" testName="CalculateSettings_ShouldThrowArgumentException_WhenAnAnalysisResultsContainEmptyPlateRecognition" computerName="DKSR-EFI-06" duration="00:00:00.0013386" startTime="2024-01-09T15:43:56.4354617+01:00" endTime="2024-01-09T15:43:56.4354617+01:00" testType="13cdc9d9-ddb5-4fa4-a97d-d965ccfc6d4b" outcome="Passed" testListId="8c84fa94-04c1-424b-9868-57a2d4851a1d" relativeResultsDirectory="b0728d1b-bd1d-4695-875e-3df212f29593" />
    <UnitTestResult executionId="6d07e371-b7bf-49a3-a23d-fb6ef1d6765c" testId="8f7d0cae-de01-8864-5035-d8f16196b9c2" testName="LookupLicensePlates_ShouldReturnEmpty_WhenPlatesDoNotExists" computerName="DKSR-EFI-06" startTime="2024-01-09T15:43:54.0604537+01:00" endTime="2024-01-09T15:43:54.0604537+01:00" testType="13cdc9d9-ddb5-4fa4-a97d-d965ccfc6d4b" outcome="NotExecuted" testListId="8c84fa94-04c1-424b-9868-57a2d4851a1d" relativeResultsDirectory="6d07e371-b7bf-49a3-a23d-fb6ef1d6765c">
      <Output>
        <ErrorInfo>
          <Message>Excluded due to failure, needs DatabaseManager to be mocked or correct DB to be connected</Message>
        </ErrorInfo>
      </Output>
    </UnitTestResult>
    <UnitTestResult executionId="c88f667a-fa66-4a99-91c6-4daefe48890c" testId="e3bc5aaf-a95f-a75f-5c18-448aba031700" testName="GetBestPossibleMaxTimePerFrameValue_ShouldReturn100_WhenValueIs1" computerName="DKSR-EFI-06" duration="00:00:00.0108970" startTime="2024-01-09T15:43:55.8729601+01:00" endTime="2024-01-09T15:43:55.8885862+01:00" testType="13cdc9d9-ddb5-4fa4-a97d-d965ccfc6d4b" outcome="Passed" testListId="8c84fa94-04c1-424b-9868-57a2d4851a1d" relativeResultsDirectory="c88f667a-fa66-4a99-91c6-4daefe48890c" />
    <UnitTestResult executionId="13137148-73c0-4051-b9e9-c81d9b6e15d3" testId="26f0646f-1ecf-68a0-d246-ae7f5cbc8810" testName="ReadAll_ShouldSetExtraCustomFieldValuesToNull_WhenCsvInputHasFewerColumnsThanCustomFields" computerName="DKSR-EFI-06" duration="00:00:00.0034316" startTime="2024-01-09T15:43:57.2010895+01:00" endTime="2024-01-09T15:43:57.2010895+01:00" testType="13cdc9d9-ddb5-4fa4-a97d-d965ccfc6d4b" outcome="Passed" testListId="8c84fa94-04c1-424b-9868-57a2d4851a1d" relativeResultsDirectory="13137148-73c0-4051-b9e9-c81d9b6e15d3" />
    <UnitTestResult executionId="a9724aad-fdd4-4174-9407-920f467fd3a7" testId="7c08b041-e758-d71b-bc56-920a73158a2c" testName="GetLicensePlates_ShouldReturnMatchingPlates_WhenFilterContainsWildcard" computerName="DKSR-EFI-06" startTime="2024-01-09T15:43:54.0448279+01:00" endTime="2024-01-09T15:43:54.0448279+01:00" testType="13cdc9d9-ddb5-4fa4-a97d-d965ccfc6d4b" outcome="NotExecuted" testListId="8c84fa94-04c1-424b-9868-57a2d4851a1d" relativeResultsDirectory="a9724aad-fdd4-4174-9407-920f467fd3a7">
      <Output>
        <ErrorInfo>
          <Message>Excluded due to failure, needs DatabaseManager to be mocked or correct DB to be connected</Message>
        </ErrorInfo>
      </Output>
    </UnitTestResult>
    <UnitTestResult executionId="e44138d5-3b28-4574-a0cd-1cec7e016b8a" testId="8cb9001c-6357-3178-d04d-84669caf2111" testName="MaskFromPolygon_ShouldThrowArgumentException_WhenPolygonIsNotOrderedCorrectly" computerName="DKSR-EFI-06" duration="00:00:00.0036329" startTime="2024-01-09T15:43:56.2323381+01:00" endTime="2024-01-09T15:43:56.2323381+01:00" testType="13cdc9d9-ddb5-4fa4-a97d-d965ccfc6d4b" outcome="Passed" testListId="8c84fa94-04c1-424b-9868-57a2d4851a1d" relativeResultsDirectory="e44138d5-3b28-4574-a0cd-1cec7e016b8a" />
    <UnitTestResult executionId="4666636d-90b3-4515-8153-79d111902492" testId="beb596e7-f18b-af95-fbdb-3895347a42c8" testName="CalculateSettings_ShouldSetDiscardRecognitionsBelowToZero_WhenConfidenceOtherwiseWouldHaveBeenLowerThanZero" computerName="DKSR-EFI-06" duration="00:00:00.0119208" startTime="2024-01-09T15:43:56.5760893+01:00" endTime="2024-01-09T15:43:56.5917167+01:00" testType="13cdc9d9-ddb5-4fa4-a97d-d965ccfc6d4b" outcome="Passed" testListId="8c84fa94-04c1-424b-9868-57a2d4851a1d" relativeResultsDirectory="4666636d-90b3-4515-8153-79d111902492" />
    <UnitTestResult executionId="b3a92e5a-f844-4e0f-ac89-090a5838b712" testId="034cfddf-36c4-9df7-5be2-9ad9edb1c44c" testName="ReadAll_ShouldSetColumnIndexToValueFromDefinition_WhenIndexesAreNotConsecutive" computerName="DKSR-EFI-06" duration="00:00:00.0012661" startTime="2024-01-09T15:43:57.2010895+01:00" endTime="2024-01-09T15:43:57.2010895+01:00" testType="13cdc9d9-ddb5-4fa4-a97d-d965ccfc6d4b" outcome="Passed" testListId="8c84fa94-04c1-424b-9868-57a2d4851a1d" relativeResultsDirectory="b3a92e5a-f844-4e0f-ac89-090a5838b712" />
    <UnitTestResult executionId="eaeeaeef-98ed-4b02-ad29-a6220bd98af9" testId="5943b9ff-e2e2-b85f-93a2-4fa21552fd07" testName="AddLicensePlates_ShouldOverwriteLicensePlate_WhenLicensePlateExists" computerName="DKSR-EFI-06" startTime="2024-01-09T15:43:54.0135765+01:00" endTime="2024-01-09T15:43:54.0135765+01:00" testType="13cdc9d9-ddb5-4fa4-a97d-d965ccfc6d4b" outcome="NotExecuted" testListId="8c84fa94-04c1-424b-9868-57a2d4851a1d" relativeResultsDirectory="eaeeaeef-98ed-4b02-ad29-a6220bd98af9">
      <Output>
        <ErrorInfo>
          <Message>Excluded due to failure, needs DatabaseManager to be mocked or correct DB to be connected</Message>
        </ErrorInfo>
      </Output>
    </UnitTestResult>
    <UnitTestResult executionId="0805240d-4115-475d-86a8-5a79efc6e76a" testId="8ce0d05e-8474-6d22-5f3d-cdd2bd2069f3" testName="SetRectangle_ShouldThrowArgumentOutOfRangeException_WhenRightIsMoreThanOne" computerName="DKSR-EFI-06" duration="00:00:00.0006551" startTime="2024-01-09T15:43:56.9042127+01:00" endTime="2024-01-09T15:43:56.9042127+01:00" testType="13cdc9d9-ddb5-4fa4-a97d-d965ccfc6d4b" outcome="Passed" testListId="8c84fa94-04c1-424b-9868-57a2d4851a1d" relativeResultsDirectory="0805240d-4115-475d-86a8-5a79efc6e76a" />
    <UnitTestResult executionId="bfe3ea9c-47d5-4d02-ab77-a303696a7beb" testId="69c4b06d-cbaf-baf3-0ed6-1567f0f85722" testName="ScalePolygon_ShouldNotScale_WhenFactorIsOne" computerName="DKSR-EFI-06" duration="00:00:00.0003950" startTime="2024-01-09T15:43:56.2635877+01:00" endTime="2024-01-09T15:43:56.2792109+01:00" testType="13cdc9d9-ddb5-4fa4-a97d-d965ccfc6d4b" outcome="Passed" testListId="8c84fa94-04c1-424b-9868-57a2d4851a1d" relativeResultsDirectory="bfe3ea9c-47d5-4d02-ab77-a303696a7beb" />
    <UnitTestResult executionId="51603a27-4ca2-4fa2-a5d6-57e8d304ba69" testId="5d9f3303-c807-5c5c-8783-f57612f8d3d9" testName="ScalePolygon_ShouldThrowNullArgumentException_WhenPolygonIsNull" computerName="DKSR-EFI-06" duration="00:00:00.0020097" startTime="2024-01-09T15:43:56.2479613+01:00" endTime="2024-01-09T15:43:56.2479613+01:00" testType="13cdc9d9-ddb5-4fa4-a97d-d965ccfc6d4b" outcome="Passed" testListId="8c84fa94-04c1-424b-9868-57a2d4851a1d" relativeResultsDirectory="51603a27-4ca2-4fa2-a5d6-57e8d304ba69" />
    <UnitTestResult executionId="5dbb63db-8994-4de3-b293-3ed2e0f0d596" testId="89653ee9-f2d3-8562-1e33-3609a029ac65" testName="GetBestPossibleStopRecognitionAboveValue_ShouldReturnDisable_WhenValueIsDisable" computerName="DKSR-EFI-06" duration="00:00:00.0007464" startTime="2024-01-09T15:43:55.8885862+01:00" endTime="2024-01-09T15:43:55.8885862+01:00" testType="13cdc9d9-ddb5-4fa4-a97d-d965ccfc6d4b" outcome="Passed" testListId="8c84fa94-04c1-424b-9868-57a2d4851a1d" relativeResultsDirectory="5dbb63db-8994-4de3-b293-3ed2e0f0d596" />
  </Results>
  <TestDefinitions>
    <UnitTest name="CalculateSettings_ShouldThrowArgumentNullException_WhenSnapshotsAreNull" storage="d:\actions-runner\_work\xpco\xpco\lpr\components\analytics\videoos.lpr.plugin.tests\bin\x64\debug\videoos.lpr.plugin.tests.dll" id="5f1104aa-3df4-1325-2fb9-d56be8285c65">
      <Execution id="402eb125-fd86-4a24-bc44-338adcef6878" />
      <TestMethod codeBase="D:\actions-runner\_work\XPCO\XPCO\LPR\Components\Analytics\VideoOS.LPR.Plugin.Tests\bin\x64\Debug\VideoOS.LPR.Plugin.Tests.dll" adapterTypeName="executor://mstestadapter/v2" className="VideoOS.LPR.Plugin.Tests.Admin.Wizard.LprSettingsCalculatorTests" name="CalculateSettings_ShouldThrowArgumentNullException_WhenSnapshotsAreNull" />
    </UnitTest>
    <UnitTest name="GetLicensePlates_ShouldReturnSpecifiedPage_WhenStartIndexIsGreaterThan0" storage="d:\actions-runner\_work\xpco\xpco\lpr\components\analytics\videoos.lpr.plugin.tests\bin\x64\debug\videoos.lpr.plugin.tests.dll" id="5e7aecc9-275c-b213-88db-4924c3a08510">
      <TestCategory>
        <TestCategoryItem TestCategory="IntegrationTest" />
      </TestCategory>
      <Execution id="729073a1-db07-40bc-bc21-fdab67806f4f" />
      <TestMethod codeBase="D:\actions-runner\_work\XPCO\XPCO\LPR\Components\Analytics\VideoOS.LPR.Plugin.Tests\bin\x64\Debug\VideoOS.LPR.Plugin.Tests.dll" adapterTypeName="executor://mstestadapter/v2" className="VideoOS.LPR.Plugin.Tests.PlateLists.DBLicensePlateListsIntegrationTests" name="GetLicensePlates_ShouldReturnSpecifiedPage_WhenStartIndexIsGreaterThan0" />
    </UnitTest>
    <UnitTest name="ReadAll_ShouldReadCustomData_WhenSingleCustomFieldIsPresent" storage="d:\actions-runner\_work\xpco\xpco\lpr\components\analytics\videoos.lpr.plugin.tests\bin\x64\debug\videoos.lpr.plugin.tests.dll" id="e5865cb5-9609-f4d9-fb67-d42089c48ce2">
      <Execution id="8ff3ad12-d47a-4357-ab5f-de8691486ecb" />
      <TestMethod codeBase="D:\actions-runner\_work\XPCO\XPCO\LPR\Components\Analytics\VideoOS.LPR.Plugin.Tests\bin\x64\Debug\VideoOS.LPR.Plugin.Tests.dll" adapterTypeName="executor://mstestadapter/v2" className="VideoOS.LPR.Plugin.Tests.Admin.PlateLists.LicensePlateCsvParserTests" name="ReadAll_ShouldReadCustomData_WhenSingleCustomFieldIsPresent" />
    </UnitTest>
    <UnitTest name="MaskFromPolygon_ShouldThrowNullArgumentException_WhenPolygonIsNull" storage="d:\actions-runner\_work\xpco\xpco\lpr\components\analytics\videoos.lpr.plugin.tests\bin\x64\debug\videoos.lpr.plugin.tests.dll" id="6e0f36b1-9acf-813c-d623-6fc47ae0d1eb">
      <Execution id="98765aae-b653-4d8a-959e-1d255ad7a3ba" />
      <TestMethod codeBase="D:\actions-runner\_work\XPCO\XPCO\LPR\Components\Analytics\VideoOS.LPR.Plugin.Tests\bin\x64\Debug\VideoOS.LPR.Plugin.Tests.dll" adapterTypeName="executor://mstestadapter/v2" className="VideoOS.LPR.Plugin.Tests.Admin.Wizard.AreaCalculatorTest" name="MaskFromPolygon_ShouldThrowNullArgumentException_WhenPolygonIsNull" />
    </UnitTest>
    <UnitTest name="CalculateSettings_ShouldIgnoreAllButTheFirstPlateInARecognitionResult_WhenAlways" storage="d:\actions-runner\_work\xpco\xpco\lpr\components\analytics\videoos.lpr.plugin.tests\bin\x64\debug\videoos.lpr.plugin.tests.dll" id="9f22d4ba-a373-b916-45b6-26f95b995da9">
      <Execution id="e011f12a-4eb4-45fb-b3ec-d11e13b36ae1" />
      <TestMethod codeBase="D:\actions-runner\_work\XPCO\XPCO\LPR\Components\Analytics\VideoOS.LPR.Plugin.Tests\bin\x64\Debug\VideoOS.LPR.Plugin.Tests.dll" adapterTypeName="executor://mstestadapter/v2" className="VideoOS.LPR.Plugin.Tests.Admin.Wizard.LprSettingsCalculatorTests" name="CalculateSettings_ShouldIgnoreAllButTheFirstPlateInARecognitionResult_WhenAlways" />
    </UnitTest>
    <UnitTest name="GetLicensePlates_ShouldReturnMatchingPlates_WhenFilterMatchesNormalPlate" storage="d:\actions-runner\_work\xpco\xpco\lpr\components\analytics\videoos.lpr.plugin.tests\bin\x64\debug\videoos.lpr.plugin.tests.dll" id="0cf0ce6f-dc77-4040-7512-bdca1ef6f5a0">
      <TestCategory>
        <TestCategoryItem TestCategory="IntegrationTest" />
      </TestCategory>
      <Execution id="8196d417-4369-4a6b-a443-c3edde8f2ef7" />
      <TestMethod codeBase="D:\actions-runner\_work\XPCO\XPCO\LPR\Components\Analytics\VideoOS.LPR.Plugin.Tests\bin\x64\Debug\VideoOS.LPR.Plugin.Tests.dll" adapterTypeName="executor://mstestadapter/v2" className="VideoOS.LPR.Plugin.Tests.PlateLists.DBLicensePlateListsIntegrationTests" name="GetLicensePlates_ShouldReturnMatchingPlates_WhenFilterMatchesNormalPlate" />
    </UnitTest>
    <UnitTest name="ExtendMask_ShouldExtendVertically_WhenVerticalIsSet" storage="d:\actions-runner\_work\xpco\xpco\lpr\components\analytics\videoos.lpr.plugin.tests\bin\x64\debug\videoos.lpr.plugin.tests.dll" id="e4c516c0-7a11-2a03-132f-d592fd296598">
      <Execution id="d2804244-8b1e-4038-8571-d98e21593165" />
      <TestMethod codeBase="D:\actions-runner\_work\XPCO\XPCO\LPR\Components\Analytics\VideoOS.LPR.Plugin.Tests\bin\x64\Debug\VideoOS.LPR.Plugin.Tests.dll" adapterTypeName="executor://mstestadapter/v2" className="VideoOS.LPR.Plugin.Tests.Admin.Wizard.AreaCalculatorTest" name="ExtendMask_ShouldExtendVertically_WhenVerticalIsSet" />
    </UnitTest>
    <UnitTest name="DeleteLicensePlateList_ShouldNotDeleteOtherLists_WithExistingList" storage="d:\actions-runner\_work\xpco\xpco\lpr\components\analytics\videoos.lpr.plugin.tests\bin\x64\debug\videoos.lpr.plugin.tests.dll" id="1a2deff3-ec02-7fe7-b11f-9b924734f0ac">
      <TestCategory>
        <TestCategoryItem TestCategory="IntegrationTest" />
      </TestCategory>
      <Execution id="70e5f140-ff98-45f9-9ae9-1d6c580e8247" />
      <TestMethod codeBase="D:\actions-runner\_work\XPCO\XPCO\LPR\Components\Analytics\VideoOS.LPR.Plugin.Tests\bin\x64\Debug\VideoOS.LPR.Plugin.Tests.dll" adapterTypeName="executor://mstestadapter/v2" className="VideoOS.LPR.Plugin.Tests.PlateLists.DBLicensePlateListsIntegrationTests" name="DeleteLicensePlateList_ShouldNotDeleteOtherLists_WithExistingList" />
    </UnitTest>
    <UnitTest name="SetRectangle_ShouldSetPointsTouchedByRectangleInUpperLeftCornerToFalse_WhenRectangleInUpperLeftCornerIsJustSmallerThanAQuarterAreaAndTouchedPointsShouldBeFalse" storage="d:\actions-runner\_work\xpco\xpco\lpr\components\analytics\videoos.lpr.plugin.tests\bin\x64\debug\videoos.lpr.plugin.tests.dll" id="01eae93f-7e2b-ea9a-7065-08c3b70588c8">
      <Execution id="8ac4752b-c0f0-418c-a69e-37bc9be38cab" />
      <TestMethod codeBase="D:\actions-runner\_work\XPCO\XPCO\LPR\Components\Analytics\VideoOS.LPR.Plugin.Tests\bin\x64\Debug\VideoOS.LPR.Plugin.Tests.dll" adapterTypeName="executor://mstestadapter/v2" className="VideoOS.LPR.Plugin.Tests.Admin.VideoSource.MaskTests" name="SetRectangle_ShouldSetPointsTouchedByRectangleInUpperLeftCornerToFalse_WhenRectangleInUpperLeftCornerIsJustSmallerThanAQuarterAreaAndTouchedPointsShouldBeFalse" />
    </UnitTest>
    <UnitTest name="ReadAll_ShouldReadCustomDataInColumnIndexOrder_WhenCustomDataIsPresentAndDefinitionsHaveDifferentDisplayOrderThanIndex" storage="d:\actions-runner\_work\xpco\xpco\lpr\components\analytics\videoos.lpr.plugin.tests\bin\x64\debug\videoos.lpr.plugin.tests.dll" id="b6d26d95-ecbd-37ea-6653-043cdb749c3b">
      <Execution id="e6a6c636-0f8e-4538-94b6-d3dcc3b0e248" />
      <TestMethod codeBase="D:\actions-runner\_work\XPCO\XPCO\LPR\Components\Analytics\VideoOS.LPR.Plugin.Tests\bin\x64\Debug\VideoOS.LPR.Plugin.Tests.dll" adapterTypeName="executor://mstestadapter/v2" className="VideoOS.LPR.Plugin.Tests.Admin.PlateLists.LicensePlateCsvParserTests" name="ReadAll_ShouldReadCustomDataInColumnIndexOrder_WhenCustomDataIsPresentAndDefinitionsHaveDifferentDisplayOrderThanIndex" />
    </UnitTest>
    <UnitTest name="ReadAll_ShouldTreatColumnHeaderAsData_WhenThereAreColumnHeadersPresent" storage="d:\actions-runner\_work\xpco\xpco\lpr\components\analytics\videoos.lpr.plugin.tests\bin\x64\debug\videoos.lpr.plugin.tests.dll" id="9af0e000-46be-1f4c-727e-7d0b1e47d434">
      <Execution id="aa3f0d02-3b55-4695-a20c-9b44df28118a" />
      <TestMethod codeBase="D:\actions-runner\_work\XPCO\XPCO\LPR\Components\Analytics\VideoOS.LPR.Plugin.Tests\bin\x64\Debug\VideoOS.LPR.Plugin.Tests.dll" adapterTypeName="executor://mstestadapter/v2" className="VideoOS.LPR.Plugin.Tests.Admin.PlateLists.LicensePlateCsvParserTests" name="ReadAll_ShouldTreatColumnHeaderAsData_WhenThereAreColumnHeadersPresent" />
    </UnitTest>
    <UnitTest name="ConvexPolygon_ShouldReturnALine_WhenQuadrangleHeightIsZero" storage="d:\actions-runner\_work\xpco\xpco\lpr\components\analytics\videoos.lpr.plugin.tests\bin\x64\debug\videoos.lpr.plugin.tests.dll" id="ce2a7bb6-05f1-a597-72a6-43940ad389ea">
      <Execution id="c28b7aba-10ec-46f0-8e40-d2df368776c7" />
      <TestMethod codeBase="D:\actions-runner\_work\XPCO\XPCO\LPR\Components\Analytics\VideoOS.LPR.Plugin.Tests\bin\x64\Debug\VideoOS.LPR.Plugin.Tests.dll" adapterTypeName="executor://mstestadapter/v2" className="VideoOS.LPR.Plugin.Tests.Admin.Wizard.AreaCalculatorTest" name="ConvexPolygon_ShouldReturnALine_WhenQuadrangleHeightIsZero" />
    </UnitTest>
    <UnitTest name="ClearLicensePlates_ShouldReturnDeletedCount_WhenPlatesExist" storage="d:\actions-runner\_work\xpco\xpco\lpr\components\analytics\videoos.lpr.plugin.tests\bin\x64\debug\videoos.lpr.plugin.tests.dll" id="53aec4aa-10fd-4b6b-3e2a-4203db7b9fc6">
      <TestCategory>
        <TestCategoryItem TestCategory="IntegrationTest" />
      </TestCategory>
      <Execution id="2e239445-996a-4f6a-b7dc-ece8e4953135" />
      <TestMethod codeBase="D:\actions-runner\_work\XPCO\XPCO\LPR\Components\Analytics\VideoOS.LPR.Plugin.Tests\bin\x64\Debug\VideoOS.LPR.Plugin.Tests.dll" adapterTypeName="executor://mstestadapter/v2" className="VideoOS.LPR.Plugin.Tests.PlateLists.DBLicensePlateListsIntegrationTests" name="ClearLicensePlates_ShouldReturnDeletedCount_WhenPlatesExist" />
    </UnitTest>
    <UnitTest name="CalculateSettings_ShouldSetMinimumCharacterHeightToTenPixelsLessThanDetctedHeight_WhenThereIsOneAnalysisResult" storage="d:\actions-runner\_work\xpco\xpco\lpr\components\analytics\videoos.lpr.plugin.tests\bin\x64\debug\videoos.lpr.plugin.tests.dll" id="d97986ff-1ced-6c7e-014c-48ce186b7019">
      <Execution id="ee89dab8-6736-4d3d-a7fc-35ab75e3a918" />
      <TestMethod codeBase="D:\actions-runner\_work\XPCO\XPCO\LPR\Components\Analytics\VideoOS.LPR.Plugin.Tests\bin\x64\Debug\VideoOS.LPR.Plugin.Tests.dll" adapterTypeName="executor://mstestadapter/v2" className="VideoOS.LPR.Plugin.Tests.Admin.Wizard.LprSettingsCalculatorTests" name="CalculateSettings_ShouldSetMinimumCharacterHeightToTenPixelsLessThanDetctedHeight_WhenThereIsOneAnalysisResult" />
    </UnitTest>
    <UnitTest name="AddLicensePlateList_ShouldWork" storage="d:\actions-runner\_work\xpco\xpco\lpr\components\analytics\videoos.lpr.plugin.tests\bin\x64\debug\videoos.lpr.plugin.tests.dll" id="d8afa319-3c27-deb9-6aa7-34583cc738bc">
      <TestCategory>
        <TestCategoryItem TestCategory="IntegrationTest" />
      </TestCategory>
      <Execution id="b0fae919-550c-425a-a538-413735376509" />
      <TestMethod codeBase="D:\actions-runner\_work\XPCO\XPCO\LPR\Components\Analytics\VideoOS.LPR.Plugin.Tests\bin\x64\Debug\VideoOS.LPR.Plugin.Tests.dll" adapterTypeName="executor://mstestadapter/v2" className="VideoOS.LPR.Plugin.Tests.PlateLists.DBLicensePlateListsIntegrationTests" name="AddLicensePlateList_ShouldWork" />
    </UnitTest>
    <UnitTest name="Size_ShouldScaleSoMaskShapeIsSame_WhenQuuadruplingSizeWithRectangleInUpperLeftCorner" storage="d:\actions-runner\_work\xpco\xpco\lpr\components\analytics\videoos.lpr.plugin.tests\bin\x64\debug\videoos.lpr.plugin.tests.dll" id="e58d02d0-d056-056c-d8b8-df84eb83afa3">
      <Execution id="9195b772-c3e0-4591-a0d0-217635217d92" />
      <TestMethod codeBase="D:\actions-runner\_work\XPCO\XPCO\LPR\Components\Analytics\VideoOS.LPR.Plugin.Tests\bin\x64\Debug\VideoOS.LPR.Plugin.Tests.dll" adapterTypeName="executor://mstestadapter/v2" className="VideoOS.LPR.Plugin.Tests.Admin.VideoSource.MaskTests" name="Size_ShouldScaleSoMaskShapeIsSame_WhenQuuadruplingSizeWithRectangleInUpperLeftCorner" />
    </UnitTest>
    <UnitTest name="GetLicensePlates_ShouldReturnMatchingPlates_WhenFilterMatchesStartOfPlate" storage="d:\actions-runner\_work\xpco\xpco\lpr\components\analytics\videoos.lpr.plugin.tests\bin\x64\debug\videoos.lpr.plugin.tests.dll" id="1d064e0c-9689-2341-f2ae-f87ef219812e">
      <TestCategory>
        <TestCategoryItem TestCategory="IntegrationTest" />
      </TestCategory>
      <Execution id="e122eac9-8b0a-4019-b697-57c6b7e4eece" />
      <TestMethod codeBase="D:\actions-runner\_work\XPCO\XPCO\LPR\Components\Analytics\VideoOS.LPR.Plugin.Tests\bin\x64\Debug\VideoOS.LPR.Plugin.Tests.dll" adapterTypeName="executor://mstestadapter/v2" className="VideoOS.LPR.Plugin.Tests.PlateLists.DBLicensePlateListsIntegrationTests" name="GetLicensePlates_ShouldReturnMatchingPlates_WhenFilterMatchesStartOfPlate" />
    </UnitTest>
    <UnitTest name="GetBestPossibleStopRecognitionAboveValue_ShouldReturnZero_WhenValueIsZero" storage="d:\actions-runner\_work\xpco\xpco\lpr\components\analytics\videoos.lpr.plugin.tests\bin\x64\debug\videoos.lpr.plugin.tests.dll" id="06ac4404-09c5-fe20-a5aa-b2889d485284">
      <Execution id="8eaa35b7-5c79-4e5d-9411-4215fbb718bf" />
      <TestMethod codeBase="D:\actions-runner\_work\XPCO\XPCO\LPR\Components\Analytics\VideoOS.LPR.Plugin.Tests\bin\x64\Debug\VideoOS.LPR.Plugin.Tests.dll" adapterTypeName="executor://mstestadapter/v2" className="VideoOS.LPR.Plugin.Tests.Admin.Wizard.AllowedConfigurationValuesTests" name="GetBestPossibleStopRecognitionAboveValue_ShouldReturnZero_WhenValueIsZero" />
    </UnitTest>
    <UnitTest name="AddLicensePlates_ShouldOverwriteLicensePlate_WhenLicensePlateExists" storage="d:\actions-runner\_work\xpco\xpco\lpr\components\analytics\videoos.lpr.plugin.tests\bin\x64\debug\videoos.lpr.plugin.tests.dll" id="5943b9ff-e2e2-b85f-93a2-4fa21552fd07">
      <TestCategory>
        <TestCategoryItem TestCategory="IntegrationTest" />
      </TestCategory>
      <Execution id="eaeeaeef-98ed-4b02-ad29-a6220bd98af9" />
      <TestMethod codeBase="D:\actions-runner\_work\XPCO\XPCO\LPR\Components\Analytics\VideoOS.LPR.Plugin.Tests\bin\x64\Debug\VideoOS.LPR.Plugin.Tests.dll" adapterTypeName="executor://mstestadapter/v2" className="VideoOS.LPR.Plugin.Tests.PlateLists.DBLicensePlateListsIntegrationTests" name="AddLicensePlates_ShouldOverwriteLicensePlate_WhenLicensePlateExists" />
    </UnitTest>
    <UnitTest name="GetBestPossibleMaxTimePerFrameValue_ShouldReturnDisable_WhenValueIsDisable" storage="d:\actions-runner\_work\xpco\xpco\lpr\components\analytics\videoos.lpr.plugin.tests\bin\x64\debug\videoos.lpr.plugin.tests.dll" id="3d87197c-ec4c-e577-1545-208788ce90af">
      <Execution id="d5f2e6c1-84c1-49a6-8e2d-88d88eb6cd20" />
      <TestMethod codeBase="D:\actions-runner\_work\XPCO\XPCO\LPR\Components\Analytics\VideoOS.LPR.Plugin.Tests\bin\x64\Debug\VideoOS.LPR.Plugin.Tests.dll" adapterTypeName="executor://mstestadapter/v2" className="VideoOS.LPR.Plugin.Tests.Admin.Wizard.AllowedConfigurationValuesTests" name="GetBestPossibleMaxTimePerFrameValue_ShouldReturnDisable_WhenValueIsDisable" />
    </UnitTest>
    <UnitTest name="ExpandToSize_ShowExpand_WhenValidInputIsGiven" storage="d:\actions-runner\_work\xpco\xpco\lpr\components\analytics\videoos.lpr.plugin.tests\bin\x64\debug\videoos.lpr.plugin.tests.dll" id="a67cbcbe-1484-d73d-7b2c-f19661b2c845">
      <Execution id="20f43de4-8aa1-45cc-b745-28ba2163068d" />
      <TestMethod codeBase="D:\actions-runner\_work\XPCO\XPCO\LPR\Components\Analytics\VideoOS.LPR.Plugin.Tests\bin\x64\Debug\VideoOS.LPR.Plugin.Tests.dll" adapterTypeName="executor://mstestadapter/v2" className="VideoOS.LPR.Plugin.Tests.Admin.Wizard.RectangleToolsTest" name="ExpandToSize_ShowExpand_WhenValidInputIsGiven" />
    </UnitTest>
    <UnitTest name="GetBestPossibleFrameRateValue_ShouldReturn3_WhenValueIs2_8" storage="d:\actions-runner\_work\xpco\xpco\lpr\components\analytics\videoos.lpr.plugin.tests\bin\x64\debug\videoos.lpr.plugin.tests.dll" id="324cc22a-a236-8b9d-cd29-004c14f03a42">
      <Execution id="1362a465-f522-412c-ad7d-92f58cc96be3" />
      <TestMethod codeBase="D:\actions-runner\_work\XPCO\XPCO\LPR\Components\Analytics\VideoOS.LPR.Plugin.Tests\bin\x64\Debug\VideoOS.LPR.Plugin.Tests.dll" adapterTypeName="executor://mstestadapter/v2" className="VideoOS.LPR.Plugin.Tests.Admin.Wizard.AllowedConfigurationValuesTests" name="GetBestPossibleFrameRateValue_ShouldReturn3_WhenValueIs2_8" />
    </UnitTest>
    <UnitTest name="CalculateSettings_ShouldSetMaxPlatesToOne_WhenAnalysisResultIsValid" storage="d:\actions-runner\_work\xpco\xpco\lpr\components\analytics\videoos.lpr.plugin.tests\bin\x64\debug\videoos.lpr.plugin.tests.dll" id="b7468ef1-5d72-09d6-ee16-83fabf2aa523">
      <Execution id="034f973b-8829-4e55-92f4-5cd106cedc7c" />
      <TestMethod codeBase="D:\actions-runner\_work\XPCO\XPCO\LPR\Components\Analytics\VideoOS.LPR.Plugin.Tests\bin\x64\Debug\VideoOS.LPR.Plugin.Tests.dll" adapterTypeName="executor://mstestadapter/v2" className="VideoOS.LPR.Plugin.Tests.Admin.Wizard.LprSettingsCalculatorTests" name="CalculateSettings_ShouldSetMaxPlatesToOne_WhenAnalysisResultIsValid" />
    </UnitTest>
    <UnitTest name="ExtendMask_ShouldExtendHorizontally_WhenHorizontalIsSet" storage="d:\actions-runner\_work\xpco\xpco\lpr\components\analytics\videoos.lpr.plugin.tests\bin\x64\debug\videoos.lpr.plugin.tests.dll" id="40bd2f77-2558-7975-f0b4-98ed689376e0">
      <Execution id="ae5eb75f-1d38-4360-b08e-911adcb753d6" />
      <TestMethod codeBase="D:\actions-runner\_work\XPCO\XPCO\LPR\Components\Analytics\VideoOS.LPR.Plugin.Tests\bin\x64\Debug\VideoOS.LPR.Plugin.Tests.dll" adapterTypeName="executor://mstestadapter/v2" className="VideoOS.LPR.Plugin.Tests.Admin.Wizard.AreaCalculatorTest" name="ExtendMask_ShouldExtendHorizontally_WhenHorizontalIsSet" />
    </UnitTest>
    <UnitTest name="ScalePolygon_ShouldInvertPolygon_WhenFactorIsNegativeOne" storage="d:\actions-runner\_work\xpco\xpco\lpr\components\analytics\videoos.lpr.plugin.tests\bin\x64\debug\videoos.lpr.plugin.tests.dll" id="88f76bd9-76d6-83da-1d3d-63c7059bf48d">
      <Execution id="0e9b6271-89d6-4a13-aa3f-cdaee637282e" />
      <TestMethod codeBase="D:\actions-runner\_work\XPCO\XPCO\LPR\Components\Analytics\VideoOS.LPR.Plugin.Tests\bin\x64\Debug\VideoOS.LPR.Plugin.Tests.dll" adapterTypeName="executor://mstestadapter/v2" className="VideoOS.LPR.Plugin.Tests.Admin.Wizard.AreaCalculatorTest" name="ScalePolygon_ShouldInvertPolygon_WhenFactorIsNegativeOne" />
    </UnitTest>
    <UnitTest name="ScalePolygon_ShouldThrowNullArgumentException_WhenPolygonIsNull" storage="d:\actions-runner\_work\xpco\xpco\lpr\components\analytics\videoos.lpr.plugin.tests\bin\x64\debug\videoos.lpr.plugin.tests.dll" id="5d9f3303-c807-5c5c-8783-f57612f8d3d9">
      <Execution id="51603a27-4ca2-4fa2-a5d6-57e8d304ba69" />
      <TestMethod codeBase="D:\actions-runner\_work\XPCO\XPCO\LPR\Components\Analytics\VideoOS.LPR.Plugin.Tests\bin\x64\Debug\VideoOS.LPR.Plugin.Tests.dll" adapterTypeName="executor://mstestadapter/v2" className="VideoOS.LPR.Plugin.Tests.Admin.Wizard.AreaCalculatorTest" name="ScalePolygon_ShouldThrowNullArgumentException_WhenPolygonIsNull" />
    </UnitTest>
    <UnitTest name="GetBestPossibleFrameRateValue_ShouldReturnDisable_WhenValueIsDisable" storage="d:\actions-runner\_work\xpco\xpco\lpr\components\analytics\videoos.lpr.plugin.tests\bin\x64\debug\videoos.lpr.plugin.tests.dll" id="96711e81-3c41-141d-e3e8-8c16a5d5ea21">
      <Execution id="d439a94a-0837-4c52-b768-42dae8708684" />
      <TestMethod codeBase="D:\actions-runner\_work\XPCO\XPCO\LPR\Components\Analytics\VideoOS.LPR.Plugin.Tests\bin\x64\Debug\VideoOS.LPR.Plugin.Tests.dll" adapterTypeName="executor://mstestadapter/v2" className="VideoOS.LPR.Plugin.Tests.Admin.Wizard.AllowedConfigurationValuesTests" name="GetBestPossibleFrameRateValue_ShouldReturnDisable_WhenValueIsDisable" />
    </UnitTest>
    <UnitTest name="GetBestPossibleCharacterHeightValue_ShouldReturnOnePercent_WhenValueIsZero" storage="d:\actions-runner\_work\xpco\xpco\lpr\components\analytics\videoos.lpr.plugin.tests\bin\x64\debug\videoos.lpr.plugin.tests.dll" id="40a58e02-4c9f-9295-67bb-70af85106e7b">
      <Execution id="f03278f1-650d-4106-8bf9-e926cf1a717f" />
      <TestMethod codeBase="D:\actions-runner\_work\XPCO\XPCO\LPR\Components\Analytics\VideoOS.LPR.Plugin.Tests\bin\x64\Debug\VideoOS.LPR.Plugin.Tests.dll" adapterTypeName="executor://mstestadapter/v2" className="VideoOS.LPR.Plugin.Tests.Admin.Wizard.AllowedConfigurationValuesTests" name="GetBestPossibleCharacterHeightValue_ShouldReturnOnePercent_WhenValueIsZero" />
    </UnitTest>
    <UnitTest name="SetRectangle_ShouldThrowArgumentOutOfRangeException_WhenRightIsMoreThanOne" storage="d:\actions-runner\_work\xpco\xpco\lpr\components\analytics\videoos.lpr.plugin.tests\bin\x64\debug\videoos.lpr.plugin.tests.dll" id="8ce0d05e-8474-6d22-5f3d-cdd2bd2069f3">
      <Execution id="0805240d-4115-475d-86a8-5a79efc6e76a" />
      <TestMethod codeBase="D:\actions-runner\_work\XPCO\XPCO\LPR\Components\Analytics\VideoOS.LPR.Plugin.Tests\bin\x64\Debug\VideoOS.LPR.Plugin.Tests.dll" adapterTypeName="executor://mstestadapter/v2" className="VideoOS.LPR.Plugin.Tests.Admin.VideoSource.MaskTests" name="SetRectangle_ShouldThrowArgumentOutOfRangeException_WhenRightIsMoreThanOne" />
    </UnitTest>
    <UnitTest name="CalculateSettings_ShouldSetMinimumCharacterHeightToTenPixelsLessThanSmallestCharacterHeight_WhenThereAreMultipleAnalsysisResults" storage="d:\actions-runner\_work\xpco\xpco\lpr\components\analytics\videoos.lpr.plugin.tests\bin\x64\debug\videoos.lpr.plugin.tests.dll" id="d78a2da4-32a4-8617-fa08-9b0da1605823">
      <Execution id="249774cd-b874-4784-889c-5d2104902f26" />
      <TestMethod codeBase="D:\actions-runner\_work\XPCO\XPCO\LPR\Components\Analytics\VideoOS.LPR.Plugin.Tests\bin\x64\Debug\VideoOS.LPR.Plugin.Tests.dll" adapterTypeName="executor://mstestadapter/v2" className="VideoOS.LPR.Plugin.Tests.Admin.Wizard.LprSettingsCalculatorTests" name="CalculateSettings_ShouldSetMinimumCharacterHeightToTenPixelsLessThanSmallestCharacterHeight_WhenThereAreMultipleAnalsysisResults" />
    </UnitTest>
    <UnitTest name="GetLicensePlates_ShouldNotReturnProperty_WhenPropertyNotDefined" storage="d:\actions-runner\_work\xpco\xpco\lpr\components\analytics\videoos.lpr.plugin.tests\bin\x64\debug\videoos.lpr.plugin.tests.dll" id="2fa3a4d2-418f-da75-84e7-a886262bed85">
      <TestCategory>
        <TestCategoryItem TestCategory="IntegrationTest" />
      </TestCategory>
      <Execution id="b8e74819-851c-415b-b8a6-52ab2bd84c08" />
      <TestMethod codeBase="D:\actions-runner\_work\XPCO\XPCO\LPR\Components\Analytics\VideoOS.LPR.Plugin.Tests\bin\x64\Debug\VideoOS.LPR.Plugin.Tests.dll" adapterTypeName="executor://mstestadapter/v2" className="VideoOS.LPR.Plugin.Tests.PlateLists.DBLicensePlateListsIntegrationTests" name="GetLicensePlates_ShouldNotReturnProperty_WhenPropertyNotDefined" />
    </UnitTest>
    <UnitTest name="ReadAll_ShouldReturnCorrectLicensePlates_WhenInputContainsOnlyRegistrationNumbers" storage="d:\actions-runner\_work\xpco\xpco\lpr\components\analytics\videoos.lpr.plugin.tests\bin\x64\debug\videoos.lpr.plugin.tests.dll" id="b6cc2179-3195-c255-4d79-d460889a0056">
      <Execution id="aed0c5ab-3181-4a6c-80b2-c765417002ef" />
      <TestMethod codeBase="D:\actions-runner\_work\XPCO\XPCO\LPR\Components\Analytics\VideoOS.LPR.Plugin.Tests\bin\x64\Debug\VideoOS.LPR.Plugin.Tests.dll" adapterTypeName="executor://mstestadapter/v2" className="VideoOS.LPR.Plugin.Tests.Admin.PlateLists.LicensePlateCsvParserTests" name="ReadAll_ShouldReturnCorrectLicensePlates_WhenInputContainsOnlyRegistrationNumbers" />
    </UnitTest>
    <UnitTest name="GetBestPossibleFrameRateValue_ShouldReturn60_WhenValueIs70" storage="d:\actions-runner\_work\xpco\xpco\lpr\components\analytics\videoos.lpr.plugin.tests\bin\x64\debug\videoos.lpr.plugin.tests.dll" id="96a70573-f33f-92f3-d4c3-113637811b4e">
      <Execution id="c688dbbc-6cee-4c4b-a348-1bfcce309122" />
      <TestMethod codeBase="D:\actions-runner\_work\XPCO\XPCO\LPR\Components\Analytics\VideoOS.LPR.Plugin.Tests\bin\x64\Debug\VideoOS.LPR.Plugin.Tests.dll" adapterTypeName="executor://mstestadapter/v2" className="VideoOS.LPR.Plugin.Tests.Admin.Wizard.AllowedConfigurationValuesTests" name="GetBestPossibleFrameRateValue_ShouldReturn60_WhenValueIs70" />
    </UnitTest>
    <UnitTest name="SetRectangle_ShouldSetPointTouchedByVerySmallRectangleToTrue_WhenVerySmallRectangleTouchesOnlyOnePointAndTouchedPointsShouldBeTrue" storage="d:\actions-runner\_work\xpco\xpco\lpr\components\analytics\videoos.lpr.plugin.tests\bin\x64\debug\videoos.lpr.plugin.tests.dll" id="5ae4b282-0980-6e97-af3d-bb0fe0f64019">
      <Execution id="6ea1e231-6c27-495f-9ba5-0a0d21a7b045" />
      <TestMethod codeBase="D:\actions-runner\_work\XPCO\XPCO\LPR\Components\Analytics\VideoOS.LPR.Plugin.Tests\bin\x64\Debug\VideoOS.LPR.Plugin.Tests.dll" adapterTypeName="executor://mstestadapter/v2" className="VideoOS.LPR.Plugin.Tests.Admin.VideoSource.MaskTests" name="SetRectangle_ShouldSetPointTouchedByVerySmallRectangleToTrue_WhenVerySmallRectangleTouchesOnlyOnePointAndTouchedPointsShouldBeTrue" />
    </UnitTest>
    <UnitTest name="CalculateSettings_ShouldThrowArgumentException_WhenSnapshotsHaveZeroHeight" storage="d:\actions-runner\_work\xpco\xpco\lpr\components\analytics\videoos.lpr.plugin.tests\bin\x64\debug\videoos.lpr.plugin.tests.dll" id="acf43d83-106d-b422-6114-d4ceeba74f2a">
      <Execution id="b379a172-5ac9-4bf7-996d-03dc45d8c405" />
      <TestMethod codeBase="D:\actions-runner\_work\XPCO\XPCO\LPR\Components\Analytics\VideoOS.LPR.Plugin.Tests\bin\x64\Debug\VideoOS.LPR.Plugin.Tests.dll" adapterTypeName="executor://mstestadapter/v2" className="VideoOS.LPR.Plugin.Tests.Admin.Wizard.LprSettingsCalculatorTests" name="CalculateSettings_ShouldThrowArgumentException_WhenSnapshotsHaveZeroHeight" />
    </UnitTest>
    <UnitTest name="ModifyLicensePlateList_ShouldNotDeleteOtherListPropertyValues_WhenPropertyIsDeleted" storage="d:\actions-runner\_work\xpco\xpco\lpr\components\analytics\videoos.lpr.plugin.tests\bin\x64\debug\videoos.lpr.plugin.tests.dll" id="7cfb86e6-f70e-9ee3-1c4c-ce7d7f288f6b">
      <TestCategory>
        <TestCategoryItem TestCategory="IntegrationTest" />
      </TestCategory>
      <Execution id="a2bec461-2a5f-4dec-a687-ce6eb8a1ef0d" />
      <TestMethod codeBase="D:\actions-runner\_work\XPCO\XPCO\LPR\Components\Analytics\VideoOS.LPR.Plugin.Tests\bin\x64\Debug\VideoOS.LPR.Plugin.Tests.dll" adapterTypeName="executor://mstestadapter/v2" className="VideoOS.LPR.Plugin.Tests.PlateLists.DBLicensePlateListsIntegrationTests" name="ModifyLicensePlateList_ShouldNotDeleteOtherListPropertyValues_WhenPropertyIsDeleted" />
    </UnitTest>
    <UnitTest name="ReadAll_ShouldSetCorrectColumndIndexOnMissingValues_WhenCsvInputHasFewerColumnsThanCustomFields" storage="d:\actions-runner\_work\xpco\xpco\lpr\components\analytics\videoos.lpr.plugin.tests\bin\x64\debug\videoos.lpr.plugin.tests.dll" id="19a51d20-0ac4-8aaa-9bd8-2d8a47fc57a2">
      <Execution id="4759a13e-da55-41cf-84ff-be71bb112b2d" />
      <TestMethod codeBase="D:\actions-runner\_work\XPCO\XPCO\LPR\Components\Analytics\VideoOS.LPR.Plugin.Tests\bin\x64\Debug\VideoOS.LPR.Plugin.Tests.dll" adapterTypeName="executor://mstestadapter/v2" className="VideoOS.LPR.Plugin.Tests.Admin.PlateLists.LicensePlateCsvParserTests" name="ReadAll_ShouldSetCorrectColumndIndexOnMissingValues_WhenCsvInputHasFewerColumnsThanCustomFields" />
    </UnitTest>
    <UnitTest name="ExtendMask_ShouldScaleInBothDirections_WhenBothAreSet" storage="d:\actions-runner\_work\xpco\xpco\lpr\components\analytics\videoos.lpr.plugin.tests\bin\x64\debug\videoos.lpr.plugin.tests.dll" id="21eb8c28-ad23-ef11-5897-519a6af3fb5d">
      <Execution id="6d3aff9a-59e5-4b82-95f7-8b1881c36391" />
      <TestMethod codeBase="D:\actions-runner\_work\XPCO\XPCO\LPR\Components\Analytics\VideoOS.LPR.Plugin.Tests\bin\x64\Debug\VideoOS.LPR.Plugin.Tests.dll" adapterTypeName="executor://mstestadapter/v2" className="VideoOS.LPR.Plugin.Tests.Admin.Wizard.AreaCalculatorTest" name="ExtendMask_ShouldScaleInBothDirections_WhenBothAreSet" />
    </UnitTest>
    <UnitTest name="CalculateSettings_ShouldSetDiscardRecognitionsBelowTo80Percent_WhenConfidenceOtherwiseWouldHaveBeenHigher" storage="d:\actions-runner\_work\xpco\xpco\lpr\components\analytics\videoos.lpr.plugin.tests\bin\x64\debug\videoos.lpr.plugin.tests.dll" id="fe49a5d3-e76e-f5f7-c964-48a4b64f0a10">
      <Execution id="219359f5-3d20-42b1-9ed0-6dbf3e6a5b8b" />
      <TestMethod codeBase="D:\actions-runner\_work\XPCO\XPCO\LPR\Components\Analytics\VideoOS.LPR.Plugin.Tests\bin\x64\Debug\VideoOS.LPR.Plugin.Tests.dll" adapterTypeName="executor://mstestadapter/v2" className="VideoOS.LPR.Plugin.Tests.Admin.Wizard.LprSettingsCalculatorTests" name="CalculateSettings_ShouldSetDiscardRecognitionsBelowTo80Percent_WhenConfidenceOtherwiseWouldHaveBeenHigher" />
    </UnitTest>
    <UnitTest name="SetRectangle_ShouldThrowArgumentOutOfRangeException_WhenRectangleIsEmpty" storage="d:\actions-runner\_work\xpco\xpco\lpr\components\analytics\videoos.lpr.plugin.tests\bin\x64\debug\videoos.lpr.plugin.tests.dll" id="c053d3f3-ca47-37f4-b66c-e8f2a69d3546">
      <Execution id="d2808828-31bd-4935-ac2c-5564b41c3160" />
      <TestMethod codeBase="D:\actions-runner\_work\XPCO\XPCO\LPR\Components\Analytics\VideoOS.LPR.Plugin.Tests\bin\x64\Debug\VideoOS.LPR.Plugin.Tests.dll" adapterTypeName="executor://mstestadapter/v2" className="VideoOS.LPR.Plugin.Tests.Admin.VideoSource.MaskTests" name="SetRectangle_ShouldThrowArgumentOutOfRangeException_WhenRectangleIsEmpty" />
    </UnitTest>
    <UnitTest name="CalculateSettings_ShouldSetMaskToSameAsAreaCalculatorCalculateMask_WhenThereIsOneAnalysisResult" storage="d:\actions-runner\_work\xpco\xpco\lpr\components\analytics\videoos.lpr.plugin.tests\bin\x64\debug\videoos.lpr.plugin.tests.dll" id="b2f84827-570b-51ee-3e89-3d989201894a">
      <Execution id="030178b5-16fd-4184-ab6e-65eebbf4405e" />
      <TestMethod codeBase="D:\actions-runner\_work\XPCO\XPCO\LPR\Components\Analytics\VideoOS.LPR.Plugin.Tests\bin\x64\Debug\VideoOS.LPR.Plugin.Tests.dll" adapterTypeName="executor://mstestadapter/v2" className="VideoOS.LPR.Plugin.Tests.Admin.Wizard.LprSettingsCalculatorTests" name="CalculateSettings_ShouldSetMaskToSameAsAreaCalculatorCalculateMask_WhenThereIsOneAnalysisResult" />
    </UnitTest>
    <UnitTest name="SetRectangle_ShouldThrowArgumentOutOfRangeException_WhenLeftIsLessThanZero" storage="d:\actions-runner\_work\xpco\xpco\lpr\components\analytics\videoos.lpr.plugin.tests\bin\x64\debug\videoos.lpr.plugin.tests.dll" id="73c2a408-b507-367b-48ef-10013961abd3">
      <Execution id="13543992-795a-44f6-bfe3-ed099fb5a101" />
      <TestMethod codeBase="D:\actions-runner\_work\XPCO\XPCO\LPR\Components\Analytics\VideoOS.LPR.Plugin.Tests\bin\x64\Debug\VideoOS.LPR.Plugin.Tests.dll" adapterTypeName="executor://mstestadapter/v2" className="VideoOS.LPR.Plugin.Tests.Admin.VideoSource.MaskTests" name="SetRectangle_ShouldThrowArgumentOutOfRangeException_WhenLeftIsLessThanZero" />
    </UnitTest>
    <UnitTest name="RenameLicensePlateList_ShouldWork_WhenListExists" storage="d:\actions-runner\_work\xpco\xpco\lpr\components\analytics\videoos.lpr.plugin.tests\bin\x64\debug\videoos.lpr.plugin.tests.dll" id="b75ee676-9c5c-6697-1e11-717fcba94721">
      <TestCategory>
        <TestCategoryItem TestCategory="IntegrationTest" />
      </TestCategory>
      <Execution id="592a9356-1388-41cb-a5a7-57ff6557f37e" />
      <TestMethod codeBase="D:\actions-runner\_work\XPCO\XPCO\LPR\Components\Analytics\VideoOS.LPR.Plugin.Tests\bin\x64\Debug\VideoOS.LPR.Plugin.Tests.dll" adapterTypeName="executor://mstestadapter/v2" className="VideoOS.LPR.Plugin.Tests.PlateLists.DBLicensePlateListsIntegrationTests" name="RenameLicensePlateList_ShouldWork_WhenListExists" />
    </UnitTest>
    <UnitTest name="GetBestPossibleCharacterHeightValue_ShouldReturn50Percent_WhenValueIsMoreThan50Percent" storage="d:\actions-runner\_work\xpco\xpco\lpr\components\analytics\videoos.lpr.plugin.tests\bin\x64\debug\videoos.lpr.plugin.tests.dll" id="f02c5fc7-6cc1-336a-6c43-2cc307b6b18f">
      <Execution id="add3a003-0cdc-4c83-ab06-9c5926b89d3d" />
      <TestMethod codeBase="D:\actions-runner\_work\XPCO\XPCO\LPR\Components\Analytics\VideoOS.LPR.Plugin.Tests\bin\x64\Debug\VideoOS.LPR.Plugin.Tests.dll" adapterTypeName="executor://mstestadapter/v2" className="VideoOS.LPR.Plugin.Tests.Admin.Wizard.AllowedConfigurationValuesTests" name="GetBestPossibleCharacterHeightValue_ShouldReturn50Percent_WhenValueIsMoreThan50Percent" />
    </UnitTest>
    <UnitTest name="AnalyticEventObjectData_ShouldContainPlateStyleInJson" storage="d:\actions-runner\_work\xpco\xpco\lpr\components\analytics\videoos.lpr.plugin.tests\bin\x64\debug\videoos.lpr.plugin.tests.dll" id="66a16479-9a7a-3054-93f5-87e5fc88149a">
      <Execution id="18bb7f21-dfb0-4611-b56c-af5cdeea5846" />
      <TestMethod codeBase="D:\actions-runner\_work\XPCO\XPCO\LPR\Components\Analytics\VideoOS.LPR.Plugin.Tests\bin\x64\Debug\VideoOS.LPR.Plugin.Tests.dll" adapterTypeName="executor://mstestadapter/v2" className="VideoOS.LPR.Plugin.Tests.Background.LPRAnalyticEventBuilderTests" name="AnalyticEventObjectData_ShouldContainPlateStyleInJson" />
    </UnitTest>
    <UnitTest name="SetRectangle_ShouldSetPointsTouchedByRectangleInCenterToTrue_WhenCenterRectangleCoversJustLessThanAThirdAndTouchedPointsShouldBeTrue" storage="d:\actions-runner\_work\xpco\xpco\lpr\components\analytics\videoos.lpr.plugin.tests\bin\x64\debug\videoos.lpr.plugin.tests.dll" id="511f95cc-5a95-1392-8bc9-d3dd5295059a">
      <Execution id="67daba78-2fe5-4f3d-9620-df849682fa2b" />
      <TestMethod codeBase="D:\actions-runner\_work\XPCO\XPCO\LPR\Components\Analytics\VideoOS.LPR.Plugin.Tests\bin\x64\Debug\VideoOS.LPR.Plugin.Tests.dll" adapterTypeName="executor://mstestadapter/v2" className="VideoOS.LPR.Plugin.Tests.Admin.VideoSource.MaskTests" name="SetRectangle_ShouldSetPointsTouchedByRectangleInCenterToTrue_WhenCenterRectangleCoversJustLessThanAThirdAndTouchedPointsShouldBeTrue" />
    </UnitTest>
    <UnitTest name="GetBestPossibleStopRecognitionAboveValue_ShouldReturnDisable_WhenValueIsDisable" storage="d:\actions-runner\_work\xpco\xpco\lpr\components\analytics\videoos.lpr.plugin.tests\bin\x64\debug\videoos.lpr.plugin.tests.dll" id="89653ee9-f2d3-8562-1e33-3609a029ac65">
      <Execution id="5dbb63db-8994-4de3-b293-3ed2e0f0d596" />
      <TestMethod codeBase="D:\actions-runner\_work\XPCO\XPCO\LPR\Components\Analytics\VideoOS.LPR.Plugin.Tests\bin\x64\Debug\VideoOS.LPR.Plugin.Tests.dll" adapterTypeName="executor://mstestadapter/v2" className="VideoOS.LPR.Plugin.Tests.Admin.Wizard.AllowedConfigurationValuesTests" name="GetBestPossibleStopRecognitionAboveValue_ShouldReturnDisable_WhenValueIsDisable" />
    </UnitTest>
    <UnitTest name="ReadAll_ShouldSetExtraCustomFieldValuesToNull_WhenCsvInputHasFewerColumnsThanCustomFields" storage="d:\actions-runner\_work\xpco\xpco\lpr\components\analytics\videoos.lpr.plugin.tests\bin\x64\debug\videoos.lpr.plugin.tests.dll" id="26f0646f-1ecf-68a0-d246-ae7f5cbc8810">
      <Execution id="13137148-73c0-4051-b9e9-c81d9b6e15d3" />
      <TestMethod codeBase="D:\actions-runner\_work\XPCO\XPCO\LPR\Components\Analytics\VideoOS.LPR.Plugin.Tests\bin\x64\Debug\VideoOS.LPR.Plugin.Tests.dll" adapterTypeName="executor://mstestadapter/v2" className="VideoOS.LPR.Plugin.Tests.Admin.PlateLists.LicensePlateCsvParserTests" name="ReadAll_ShouldSetExtraCustomFieldValuesToNull_WhenCsvInputHasFewerColumnsThanCustomFields" />
    </UnitTest>
    <UnitTest name="ClearLicensePlates_ShouldClearSpecifiedList_WhenListExists" storage="d:\actions-runner\_work\xpco\xpco\lpr\components\analytics\videoos.lpr.plugin.tests\bin\x64\debug\videoos.lpr.plugin.tests.dll" id="1f346eea-4571-4fa6-0a62-34c91854fb96">
      <TestCategory>
        <TestCategoryItem TestCategory="IntegrationTest" />
      </TestCategory>
      <Execution id="1550d2e6-6d8b-4d42-8b40-2a3f7f23233a" />
      <TestMethod codeBase="D:\actions-runner\_work\XPCO\XPCO\LPR\Components\Analytics\VideoOS.LPR.Plugin.Tests\bin\x64\Debug\VideoOS.LPR.Plugin.Tests.dll" adapterTypeName="executor://mstestadapter/v2" className="VideoOS.LPR.Plugin.Tests.PlateLists.DBLicensePlateListsIntegrationTests" name="ClearLicensePlates_ShouldClearSpecifiedList_WhenListExists" />
    </UnitTest>
    <UnitTest name="GetLicensePlates_ShouldReturnEmptyProperty_WhenPropertyNotSet" storage="d:\actions-runner\_work\xpco\xpco\lpr\components\analytics\videoos.lpr.plugin.tests\bin\x64\debug\videoos.lpr.plugin.tests.dll" id="60791372-e83f-561c-5092-5078202b9074">
      <TestCategory>
        <TestCategoryItem TestCategory="IntegrationTest" />
      </TestCategory>
      <Execution id="112c5f2b-2fbd-4e4d-8a69-3b672d547e70" />
      <TestMethod codeBase="D:\actions-runner\_work\XPCO\XPCO\LPR\Components\Analytics\VideoOS.LPR.Plugin.Tests\bin\x64\Debug\VideoOS.LPR.Plugin.Tests.dll" adapterTypeName="executor://mstestadapter/v2" className="VideoOS.LPR.Plugin.Tests.PlateLists.DBLicensePlateListsIntegrationTests" name="GetLicensePlates_ShouldReturnEmptyProperty_WhenPropertyNotSet" />
    </UnitTest>
    <UnitTest name="CalculateSettings_ShouldSetMaximumCharacterHeightToTenPixelsMoreThanDetctedHeight_WhenThereIsOneAnalysisResult" storage="d:\actions-runner\_work\xpco\xpco\lpr\components\analytics\videoos.lpr.plugin.tests\bin\x64\debug\videoos.lpr.plugin.tests.dll" id="8ca59149-7d8f-76d5-56ed-8058215457f8">
      <Execution id="2118f3d9-d05b-423f-b721-ca9c5cec8908" />
      <TestMethod codeBase="D:\actions-runner\_work\XPCO\XPCO\LPR\Components\Analytics\VideoOS.LPR.Plugin.Tests\bin\x64\Debug\VideoOS.LPR.Plugin.Tests.dll" adapterTypeName="executor://mstestadapter/v2" className="VideoOS.LPR.Plugin.Tests.Admin.Wizard.LprSettingsCalculatorTests" name="CalculateSettings_ShouldSetMaximumCharacterHeightToTenPixelsMoreThanDetctedHeight_WhenThereIsOneAnalysisResult" />
    </UnitTest>
    <UnitTest name="ClearLicensePlates_ShouldNotClearOtherLists_WhenOtherListsExist" storage="d:\actions-runner\_work\xpco\xpco\lpr\components\analytics\videoos.lpr.plugin.tests\bin\x64\debug\videoos.lpr.plugin.tests.dll" id="d72817a1-5a5d-b4ba-5444-fc4995b54f10">
      <TestCategory>
        <TestCategoryItem TestCategory="IntegrationTest" />
      </TestCategory>
      <Execution id="561d97ff-1c01-4d03-ab8f-e610cb83cb7f" />
      <TestMethod codeBase="D:\actions-runner\_work\XPCO\XPCO\LPR\Components\Analytics\VideoOS.LPR.Plugin.Tests\bin\x64\Debug\VideoOS.LPR.Plugin.Tests.dll" adapterTypeName="executor://mstestadapter/v2" className="VideoOS.LPR.Plugin.Tests.PlateLists.DBLicensePlateListsIntegrationTests" name="ClearLicensePlates_ShouldNotClearOtherLists_WhenOtherListsExist" />
    </UnitTest>
    <UnitTest name="CalculateSettings_ShouldThrowArgumentException_WhenSnapshotsDoNotHaveImage" storage="d:\actions-runner\_work\xpco\xpco\lpr\components\analytics\videoos.lpr.plugin.tests\bin\x64\debug\videoos.lpr.plugin.tests.dll" id="569e775a-daf1-3423-1afb-dfe57470a6bb">
      <Execution id="c1fc8fa1-c79c-4d3f-a933-8d4a57be4434" />
      <TestMethod codeBase="D:\actions-runner\_work\XPCO\XPCO\LPR\Components\Analytics\VideoOS.LPR.Plugin.Tests\bin\x64\Debug\VideoOS.LPR.Plugin.Tests.dll" adapterTypeName="executor://mstestadapter/v2" className="VideoOS.LPR.Plugin.Tests.Admin.Wizard.LprSettingsCalculatorTests" name="CalculateSettings_ShouldThrowArgumentException_WhenSnapshotsDoNotHaveImage" />
    </UnitTest>
    <UnitTest name="AddLicensePlates_ShouldReturnAddedCount_WhenAddingSeveralNormalPlates" storage="d:\actions-runner\_work\xpco\xpco\lpr\components\analytics\videoos.lpr.plugin.tests\bin\x64\debug\videoos.lpr.plugin.tests.dll" id="8224854d-aabf-f1a5-444d-e950de2281e9">
      <TestCategory>
        <TestCategoryItem TestCategory="IntegrationTest" />
      </TestCategory>
      <Execution id="51e07b6b-7923-488b-acfc-53cf8ba6aa8a" />
      <TestMethod codeBase="D:\actions-runner\_work\XPCO\XPCO\LPR\Components\Analytics\VideoOS.LPR.Plugin.Tests\bin\x64\Debug\VideoOS.LPR.Plugin.Tests.dll" adapterTypeName="executor://mstestadapter/v2" className="VideoOS.LPR.Plugin.Tests.PlateLists.DBLicensePlateListsIntegrationTests" name="AddLicensePlates_ShouldReturnAddedCount_WhenAddingSeveralNormalPlates" />
    </UnitTest>
    <UnitTest name="ConvexPolygon_ShouldReturnEmpty_WhenQuadranglesAreEmpty" storage="d:\actions-runner\_work\xpco\xpco\lpr\components\analytics\videoos.lpr.plugin.tests\bin\x64\debug\videoos.lpr.plugin.tests.dll" id="8f62a4ab-8f23-4d6c-16eb-c34caa8255a1">
      <Execution id="cb52c4db-f18e-4ff6-8260-d2edaebc3d2d" />
      <TestMethod codeBase="D:\actions-runner\_work\XPCO\XPCO\LPR\Components\Analytics\VideoOS.LPR.Plugin.Tests\bin\x64\Debug\VideoOS.LPR.Plugin.Tests.dll" adapterTypeName="executor://mstestadapter/v2" className="VideoOS.LPR.Plugin.Tests.Admin.Wizard.AreaCalculatorTest" name="ConvexPolygon_ShouldReturnEmpty_WhenQuadranglesAreEmpty" />
    </UnitTest>
    <UnitTest name="GetLicensePlates_ShouldReturnMatchingPlates_WhenFilterMatchesWildcardPlate" storage="d:\actions-runner\_work\xpco\xpco\lpr\components\analytics\videoos.lpr.plugin.tests\bin\x64\debug\videoos.lpr.plugin.tests.dll" id="5d7a39fe-9f60-1a88-258a-4522529ccfae">
      <TestCategory>
        <TestCategoryItem TestCategory="IntegrationTest" />
      </TestCategory>
      <Execution id="f82879c6-0b38-4c53-8713-63c9f7281c57" />
      <TestMethod codeBase="D:\actions-runner\_work\XPCO\XPCO\LPR\Components\Analytics\VideoOS.LPR.Plugin.Tests\bin\x64\Debug\VideoOS.LPR.Plugin.Tests.dll" adapterTypeName="executor://mstestadapter/v2" className="VideoOS.LPR.Plugin.Tests.PlateLists.DBLicensePlateListsIntegrationTests" name="GetLicensePlates_ShouldReturnMatchingPlates_WhenFilterMatchesWildcardPlate" />
    </UnitTest>
    <UnitTest name="GetLicensePlates_ShouldReturnMatchingPlates_WhenFilterContainsWildcard" storage="d:\actions-runner\_work\xpco\xpco\lpr\components\analytics\videoos.lpr.plugin.tests\bin\x64\debug\videoos.lpr.plugin.tests.dll" id="7c08b041-e758-d71b-bc56-920a73158a2c">
      <TestCategory>
        <TestCategoryItem TestCategory="IntegrationTest" />
      </TestCategory>
      <Execution id="a9724aad-fdd4-4174-9407-920f467fd3a7" />
      <TestMethod codeBase="D:\actions-runner\_work\XPCO\XPCO\LPR\Components\Analytics\VideoOS.LPR.Plugin.Tests\bin\x64\Debug\VideoOS.LPR.Plugin.Tests.dll" adapterTypeName="executor://mstestadapter/v2" className="VideoOS.LPR.Plugin.Tests.PlateLists.DBLicensePlateListsIntegrationTests" name="GetLicensePlates_ShouldReturnMatchingPlates_WhenFilterContainsWildcard" />
    </UnitTest>
    <UnitTest name="CalculateSettings_ShouldSetInterlacedToFalse_WhenAnalysisResultIsValid" storage="d:\actions-runner\_work\xpco\xpco\lpr\components\analytics\videoos.lpr.plugin.tests\bin\x64\debug\videoos.lpr.plugin.tests.dll" id="26528825-b163-6e1e-18ae-e9556371739c">
      <Execution id="93956f2a-62e3-4064-ab47-ac50eac812aa" />
      <TestMethod codeBase="D:\actions-runner\_work\XPCO\XPCO\LPR\Components\Analytics\VideoOS.LPR.Plugin.Tests\bin\x64\Debug\VideoOS.LPR.Plugin.Tests.dll" adapterTypeName="executor://mstestadapter/v2" className="VideoOS.LPR.Plugin.Tests.Admin.Wizard.LprSettingsCalculatorTests" name="CalculateSettings_ShouldSetInterlacedToFalse_WhenAnalysisResultIsValid" />
    </UnitTest>
    <UnitTest name="ScalePolygon_ShouldAllBeCenter_WhenFactorIsZero" storage="d:\actions-runner\_work\xpco\xpco\lpr\components\analytics\videoos.lpr.plugin.tests\bin\x64\debug\videoos.lpr.plugin.tests.dll" id="dc1d56ec-eda6-74be-fb67-0be8b87f939b">
      <Execution id="a051360b-eae1-44f8-8ec1-20facac5786a" />
      <TestMethod codeBase="D:\actions-runner\_work\XPCO\XPCO\LPR\Components\Analytics\VideoOS.LPR.Plugin.Tests\bin\x64\Debug\VideoOS.LPR.Plugin.Tests.dll" adapterTypeName="executor://mstestadapter/v2" className="VideoOS.LPR.Plugin.Tests.Admin.Wizard.AreaCalculatorTest" name="ScalePolygon_ShouldAllBeCenter_WhenFactorIsZero" />
    </UnitTest>
    <UnitTest name="Constructor_ShouldThrowArgumentNullException_WhenPropertyDefinitionsIsNull" storage="d:\actions-runner\_work\xpco\xpco\lpr\components\analytics\videoos.lpr.plugin.tests\bin\x64\debug\videoos.lpr.plugin.tests.dll" id="77ceee32-c5a7-6fe1-e01b-517ada5513cd">
      <Execution id="436018b4-62d5-44c9-bac8-5131e2dcbe76" />
      <TestMethod codeBase="D:\actions-runner\_work\XPCO\XPCO\LPR\Components\Analytics\VideoOS.LPR.Plugin.Tests\bin\x64\Debug\VideoOS.LPR.Plugin.Tests.dll" adapterTypeName="executor://mstestadapter/v2" className="VideoOS.LPR.Plugin.Tests.Admin.PlateLists.LicensePlateCsvParserTests" name="Constructor_ShouldThrowArgumentNullException_WhenPropertyDefinitionsIsNull" />
    </UnitTest>
    <UnitTest name="ReadAll_ShouldThrowArgumentNullException_WhenTextReaderIsNull" storage="d:\actions-runner\_work\xpco\xpco\lpr\components\analytics\videoos.lpr.plugin.tests\bin\x64\debug\videoos.lpr.plugin.tests.dll" id="524423e0-edfe-cab4-97da-169ad8ead742">
      <Execution id="fa1dc7fb-a77e-4e87-8fb2-c398298cc6cf" />
      <TestMethod codeBase="D:\actions-runner\_work\XPCO\XPCO\LPR\Components\Analytics\VideoOS.LPR.Plugin.Tests\bin\x64\Debug\VideoOS.LPR.Plugin.Tests.dll" adapterTypeName="executor://mstestadapter/v2" className="VideoOS.LPR.Plugin.Tests.Admin.PlateLists.LicensePlateCsvParserTests" name="ReadAll_ShouldThrowArgumentNullException_WhenTextReaderIsNull" />
    </UnitTest>
    <UnitTest name="ConvexPolygon_ShouldThrowArgumentNullException_WhenQuadranglesAreNull" storage="d:\actions-runner\_work\xpco\xpco\lpr\components\analytics\videoos.lpr.plugin.tests\bin\x64\debug\videoos.lpr.plugin.tests.dll" id="8df9d7d6-8859-8cc0-86c4-201c19eb125a">
      <Execution id="a6965aa8-b880-40ee-88a3-7b2308078769" />
      <TestMethod codeBase="D:\actions-runner\_work\XPCO\XPCO\LPR\Components\Analytics\VideoOS.LPR.Plugin.Tests\bin\x64\Debug\VideoOS.LPR.Plugin.Tests.dll" adapterTypeName="executor://mstestadapter/v2" className="VideoOS.LPR.Plugin.Tests.Admin.Wizard.AreaCalculatorTest" name="ConvexPolygon_ShouldThrowArgumentNullException_WhenQuadranglesAreNull" />
    </UnitTest>
    <UnitTest name="CalculateSettings_ShouldSetMaskSizeTo32x32_WhenThereIsAtLeastOneAnalysisResult" storage="d:\actions-runner\_work\xpco\xpco\lpr\components\analytics\videoos.lpr.plugin.tests\bin\x64\debug\videoos.lpr.plugin.tests.dll" id="00b34f81-2089-3f94-9351-bdc1e40b6f2d">
      <Execution id="fbc73dcd-8148-47c3-a973-fe745b93c659" />
      <TestMethod codeBase="D:\actions-runner\_work\XPCO\XPCO\LPR\Components\Analytics\VideoOS.LPR.Plugin.Tests\bin\x64\Debug\VideoOS.LPR.Plugin.Tests.dll" adapterTypeName="executor://mstestadapter/v2" className="VideoOS.LPR.Plugin.Tests.Admin.Wizard.LprSettingsCalculatorTests" name="CalculateSettings_ShouldSetMaskSizeTo32x32_WhenThereIsAtLeastOneAnalysisResult" />
    </UnitTest>
    <UnitTest name="LookupLicensePlates_ShouldReturnMatchingLists_WhenPlatesMatchNormalPlates" storage="d:\actions-runner\_work\xpco\xpco\lpr\components\analytics\videoos.lpr.plugin.tests\bin\x64\debug\videoos.lpr.plugin.tests.dll" id="5c566e8f-d40f-7110-503e-d17e7bc5167e">
      <TestCategory>
        <TestCategoryItem TestCategory="IntegrationTest" />
      </TestCategory>
      <Execution id="e31413be-ca9a-4c92-a188-3bf8cb8c5cdc" />
      <TestMethod codeBase="D:\actions-runner\_work\XPCO\XPCO\LPR\Components\Analytics\VideoOS.LPR.Plugin.Tests\bin\x64\Debug\VideoOS.LPR.Plugin.Tests.dll" adapterTypeName="executor://mstestadapter/v2" className="VideoOS.LPR.Plugin.Tests.PlateLists.DBLicensePlateListsIntegrationTests" name="LookupLicensePlates_ShouldReturnMatchingLists_WhenPlatesMatchNormalPlates" />
    </UnitTest>
    <UnitTest name="ConvexPolygon_ShouldReturnQuadrangle_WhenThereIsOneQuadrangle" storage="d:\actions-runner\_work\xpco\xpco\lpr\components\analytics\videoos.lpr.plugin.tests\bin\x64\debug\videoos.lpr.plugin.tests.dll" id="38fbd510-9979-2d95-c4b3-de5a785dc181">
      <Execution id="42085b05-296d-4db2-8a89-12d0a6c9f437" />
      <TestMethod codeBase="D:\actions-runner\_work\XPCO\XPCO\LPR\Components\Analytics\VideoOS.LPR.Plugin.Tests\bin\x64\Debug\VideoOS.LPR.Plugin.Tests.dll" adapterTypeName="executor://mstestadapter/v2" className="VideoOS.LPR.Plugin.Tests.Admin.Wizard.AreaCalculatorTest" name="ConvexPolygon_ShouldReturnQuadrangle_WhenThereIsOneQuadrangle" />
    </UnitTest>
    <UnitTest name="CalculateSettings_ShouldThrowArgumentException_WhenSnapshotsDoNotHaveAnalysisResults" storage="d:\actions-runner\_work\xpco\xpco\lpr\components\analytics\videoos.lpr.plugin.tests\bin\x64\debug\videoos.lpr.plugin.tests.dll" id="f70e8a19-d875-1371-a3f4-06591d482ed3">
      <Execution id="62b95b35-6a16-4add-9157-6e1197c68c20" />
      <TestMethod codeBase="D:\actions-runner\_work\XPCO\XPCO\LPR\Components\Analytics\VideoOS.LPR.Plugin.Tests\bin\x64\Debug\VideoOS.LPR.Plugin.Tests.dll" adapterTypeName="executor://mstestadapter/v2" className="VideoOS.LPR.Plugin.Tests.Admin.Wizard.LprSettingsCalculatorTests" name="CalculateSettings_ShouldThrowArgumentException_WhenSnapshotsDoNotHaveAnalysisResults" />
    </UnitTest>
    <UnitTest name="ScalePolygon_ShouldReturnEmpty_WhenPolygonIsEmpty" storage="d:\actions-runner\_work\xpco\xpco\lpr\components\analytics\videoos.lpr.plugin.tests\bin\x64\debug\videoos.lpr.plugin.tests.dll" id="b55afa51-354b-88e9-3d7a-f6c0d08da3e9">
      <Execution id="6a7e9134-bd6e-4c27-b1f3-8110f54dee85" />
      <TestMethod codeBase="D:\actions-runner\_work\XPCO\XPCO\LPR\Components\Analytics\VideoOS.LPR.Plugin.Tests\bin\x64\Debug\VideoOS.LPR.Plugin.Tests.dll" adapterTypeName="executor://mstestadapter/v2" className="VideoOS.LPR.Plugin.Tests.Admin.Wizard.AreaCalculatorTest" name="ScalePolygon_ShouldReturnEmpty_WhenPolygonIsEmpty" />
    </UnitTest>
    <UnitTest name="GetBestPossibleFrameRateValue_ShouldReturn7_WhenValueIs7" storage="d:\actions-runner\_work\xpco\xpco\lpr\components\analytics\videoos.lpr.plugin.tests\bin\x64\debug\videoos.lpr.plugin.tests.dll" id="992f93d9-63c9-d3c0-9eaa-62bd7757139c">
      <Execution id="0569ded3-3f90-41a0-957e-d75f228b92d1" />
      <TestMethod codeBase="D:\actions-runner\_work\XPCO\XPCO\LPR\Components\Analytics\VideoOS.LPR.Plugin.Tests\bin\x64\Debug\VideoOS.LPR.Plugin.Tests.dll" adapterTypeName="executor://mstestadapter/v2" className="VideoOS.LPR.Plugin.Tests.Admin.Wizard.AllowedConfigurationValuesTests" name="GetBestPossibleFrameRateValue_ShouldReturn7_WhenValueIs7" />
    </UnitTest>
    <UnitTest name="GetLicensePlateLists_ShouldContainsOnlyUnregisteredPlateList_Initially" storage="d:\actions-runner\_work\xpco\xpco\lpr\components\analytics\videoos.lpr.plugin.tests\bin\x64\debug\videoos.lpr.plugin.tests.dll" id="ddb3e455-e9d6-bcbe-c1af-a679d954c864">
      <TestCategory>
        <TestCategoryItem TestCategory="IntegrationTest" />
      </TestCategory>
      <Execution id="ae7d9746-cd85-4b9a-a584-8558c6caa7a8" />
      <TestMethod codeBase="D:\actions-runner\_work\XPCO\XPCO\LPR\Components\Analytics\VideoOS.LPR.Plugin.Tests\bin\x64\Debug\VideoOS.LPR.Plugin.Tests.dll" adapterTypeName="executor://mstestadapter/v2" className="VideoOS.LPR.Plugin.Tests.PlateLists.DBLicensePlateListsIntegrationTests" name="GetLicensePlateLists_ShouldContainsOnlyUnregisteredPlateList_Initially" />
    </UnitTest>
    <UnitTest name="CalculateSettings_ShouldThrowArgumentException_WhenAnAnalysisResultsContainEmptyPlateRecognition" storage="d:\actions-runner\_work\xpco\xpco\lpr\components\analytics\videoos.lpr.plugin.tests\bin\x64\debug\videoos.lpr.plugin.tests.dll" id="7e1855bf-6108-737d-d4a2-dc561e85969f">
      <Execution id="b0728d1b-bd1d-4695-875e-3df212f29593" />
      <TestMethod codeBase="D:\actions-runner\_work\XPCO\XPCO\LPR\Components\Analytics\VideoOS.LPR.Plugin.Tests\bin\x64\Debug\VideoOS.LPR.Plugin.Tests.dll" adapterTypeName="executor://mstestadapter/v2" className="VideoOS.LPR.Plugin.Tests.Admin.Wizard.LprSettingsCalculatorTests" name="CalculateSettings_ShouldThrowArgumentException_WhenAnAnalysisResultsContainEmptyPlateRecognition" />
    </UnitTest>
    <UnitTest name="CalculateSettings_ShouldThrowArgumentException_WhenSnapshotsHaveDifferentSizes" storage="d:\actions-runner\_work\xpco\xpco\lpr\components\analytics\videoos.lpr.plugin.tests\bin\x64\debug\videoos.lpr.plugin.tests.dll" id="3f6add65-c7ca-4100-2178-6d6bd5ce595e">
      <Execution id="04be033c-b050-4873-b0db-a42f4f648b0b" />
      <TestMethod codeBase="D:\actions-runner\_work\XPCO\XPCO\LPR\Components\Analytics\VideoOS.LPR.Plugin.Tests\bin\x64\Debug\VideoOS.LPR.Plugin.Tests.dll" adapterTypeName="executor://mstestadapter/v2" className="VideoOS.LPR.Plugin.Tests.Admin.Wizard.LprSettingsCalculatorTests" name="CalculateSettings_ShouldThrowArgumentException_WhenSnapshotsHaveDifferentSizes" />
    </UnitTest>
    <UnitTest name="ReadAll_ShouldDiscardLicensePlates_WhenregistrationNumberIsMoreThan21Characters" storage="d:\actions-runner\_work\xpco\xpco\lpr\components\analytics\videoos.lpr.plugin.tests\bin\x64\debug\videoos.lpr.plugin.tests.dll" id="d6be2e8b-ff27-d98b-3302-d12ed9eee225">
      <Execution id="158fd438-1934-42a9-8f1a-a44634401e88" />
      <TestMethod codeBase="D:\actions-runner\_work\XPCO\XPCO\LPR\Components\Analytics\VideoOS.LPR.Plugin.Tests\bin\x64\Debug\VideoOS.LPR.Plugin.Tests.dll" adapterTypeName="executor://mstestadapter/v2" className="VideoOS.LPR.Plugin.Tests.Admin.PlateLists.LicensePlateCsvParserTests" name="ReadAll_ShouldDiscardLicensePlates_WhenregistrationNumberIsMoreThan21Characters" />
    </UnitTest>
    <UnitTest name="GetLicensePlateCount_ShouldReturnMatchingPlateCount_WhenFilterMatchesStartOfPlate" storage="d:\actions-runner\_work\xpco\xpco\lpr\components\analytics\videoos.lpr.plugin.tests\bin\x64\debug\videoos.lpr.plugin.tests.dll" id="4a5d1081-d3e3-3857-3cea-97ca2cea9202">
      <TestCategory>
        <TestCategoryItem TestCategory="IntegrationTest" />
      </TestCategory>
      <Execution id="3df469f5-fed3-40e1-9416-2a393353d9ea" />
      <TestMethod codeBase="D:\actions-runner\_work\XPCO\XPCO\LPR\Components\Analytics\VideoOS.LPR.Plugin.Tests\bin\x64\Debug\VideoOS.LPR.Plugin.Tests.dll" adapterTypeName="executor://mstestadapter/v2" className="VideoOS.LPR.Plugin.Tests.PlateLists.DBLicensePlateListsIntegrationTests" name="GetLicensePlateCount_ShouldReturnMatchingPlateCount_WhenFilterMatchesStartOfPlate" />
    </UnitTest>
    <UnitTest name="CalculateSettings_ShouldSnapMinimumCharacterHeightToBestPossibleValue_WhenAlways" storage="d:\actions-runner\_work\xpco\xpco\lpr\components\analytics\videoos.lpr.plugin.tests\bin\x64\debug\videoos.lpr.plugin.tests.dll" id="7185d271-debf-4c9e-1685-470aabbfb638">
      <Execution id="d49423a6-13d1-4c95-be45-8d51eaa40878" />
      <TestMethod codeBase="D:\actions-runner\_work\XPCO\XPCO\LPR\Components\Analytics\VideoOS.LPR.Plugin.Tests\bin\x64\Debug\VideoOS.LPR.Plugin.Tests.dll" adapterTypeName="executor://mstestadapter/v2" className="VideoOS.LPR.Plugin.Tests.Admin.Wizard.LprSettingsCalculatorTests" name="CalculateSettings_ShouldSnapMinimumCharacterHeightToBestPossibleValue_WhenAlways" />
    </UnitTest>
    <UnitTest name="GetBestPossibleStopRecognitionAboveValue_ShouldReturn99Percent_WhenValueIsOne" storage="d:\actions-runner\_work\xpco\xpco\lpr\components\analytics\videoos.lpr.plugin.tests\bin\x64\debug\videoos.lpr.plugin.tests.dll" id="989a55c6-c085-ab5a-f3da-57af2582bbd2">
      <Execution id="307cbab0-d39b-4bec-adff-b9d4d0bdfae5" />
      <TestMethod codeBase="D:\actions-runner\_work\XPCO\XPCO\LPR\Components\Analytics\VideoOS.LPR.Plugin.Tests\bin\x64\Debug\VideoOS.LPR.Plugin.Tests.dll" adapterTypeName="executor://mstestadapter/v2" className="VideoOS.LPR.Plugin.Tests.Admin.Wizard.AllowedConfigurationValuesTests" name="GetBestPossibleStopRecognitionAboveValue_ShouldReturn99Percent_WhenValueIsOne" />
    </UnitTest>
    <UnitTest name="ScalePolygon_ShouldScaleQuadrangle_WhenPolygonIsAQuadrangle" storage="d:\actions-runner\_work\xpco\xpco\lpr\components\analytics\videoos.lpr.plugin.tests\bin\x64\debug\videoos.lpr.plugin.tests.dll" id="3853545d-8624-be4f-7550-68b10c7fd0fe">
      <Execution id="0ad7e38b-b5bd-4ae2-af58-affcadd434b7" />
      <TestMethod codeBase="D:\actions-runner\_work\XPCO\XPCO\LPR\Components\Analytics\VideoOS.LPR.Plugin.Tests\bin\x64\Debug\VideoOS.LPR.Plugin.Tests.dll" adapterTypeName="executor://mstestadapter/v2" className="VideoOS.LPR.Plugin.Tests.Admin.Wizard.AreaCalculatorTest" name="ScalePolygon_ShouldScaleQuadrangle_WhenPolygonIsAQuadrangle" />
    </UnitTest>
    <UnitTest name="DeleteLicensePlates_ShouldDeletePlates_WhenPlatesExist" storage="d:\actions-runner\_work\xpco\xpco\lpr\components\analytics\videoos.lpr.plugin.tests\bin\x64\debug\videoos.lpr.plugin.tests.dll" id="6ac3e2e7-81a3-cad9-bca9-123915148a79">
      <TestCategory>
        <TestCategoryItem TestCategory="IntegrationTest" />
      </TestCategory>
      <Execution id="ca2d58ee-3b69-4e50-bfa5-25ff322a67c9" />
      <TestMethod codeBase="D:\actions-runner\_work\XPCO\XPCO\LPR\Components\Analytics\VideoOS.LPR.Plugin.Tests\bin\x64\Debug\VideoOS.LPR.Plugin.Tests.dll" adapterTypeName="executor://mstestadapter/v2" className="VideoOS.LPR.Plugin.Tests.PlateLists.DBLicensePlateListsIntegrationTests" name="DeleteLicensePlates_ShouldDeletePlates_WhenPlatesExist" />
    </UnitTest>
    <UnitTest name="ReadAll_ShouldReadAllData_WhenDelimiterIsComma" storage="d:\actions-runner\_work\xpco\xpco\lpr\components\analytics\videoos.lpr.plugin.tests\bin\x64\debug\videoos.lpr.plugin.tests.dll" id="8270228f-91ed-1b0d-b8ac-3ab5b5ae95c8">
      <Execution id="e0d8d9f0-fb1e-4633-b4b4-7f151f40d7a2" />
      <TestMethod codeBase="D:\actions-runner\_work\XPCO\XPCO\LPR\Components\Analytics\VideoOS.LPR.Plugin.Tests\bin\x64\Debug\VideoOS.LPR.Plugin.Tests.dll" adapterTypeName="executor://mstestadapter/v2" className="VideoOS.LPR.Plugin.Tests.Admin.PlateLists.LicensePlateCsvParserTests" name="ReadAll_ShouldReadAllData_WhenDelimiterIsComma" />
    </UnitTest>
    <UnitTest name="LookupLicensePlates_ShouldReturnEmpty_WhenPlatesDoNotExists" storage="d:\actions-runner\_work\xpco\xpco\lpr\components\analytics\videoos.lpr.plugin.tests\bin\x64\debug\videoos.lpr.plugin.tests.dll" id="8f7d0cae-de01-8864-5035-d8f16196b9c2">
      <TestCategory>
        <TestCategoryItem TestCategory="IntegrationTest" />
      </TestCategory>
      <Execution id="6d07e371-b7bf-49a3-a23d-fb6ef1d6765c" />
      <TestMethod codeBase="D:\actions-runner\_work\XPCO\XPCO\LPR\Components\Analytics\VideoOS.LPR.Plugin.Tests\bin\x64\Debug\VideoOS.LPR.Plugin.Tests.dll" adapterTypeName="executor://mstestadapter/v2" className="VideoOS.LPR.Plugin.Tests.PlateLists.DBLicensePlateListsIntegrationTests" name="LookupLicensePlates_ShouldReturnEmpty_WhenPlatesDoNotExists" />
    </UnitTest>
    <UnitTest name="DeleteLicensePlateList_ShouldWork_WithExistingList" storage="d:\actions-runner\_work\xpco\xpco\lpr\components\analytics\videoos.lpr.plugin.tests\bin\x64\debug\videoos.lpr.plugin.tests.dll" id="cb0646e7-a23c-3563-fcf2-2f62755aacd7">
      <TestCategory>
        <TestCategoryItem TestCategory="IntegrationTest" />
      </TestCategory>
      <Execution id="aa7b57c1-e4b3-40a2-9b5f-97bee61f1b44" />
      <TestMethod codeBase="D:\actions-runner\_work\XPCO\XPCO\LPR\Components\Analytics\VideoOS.LPR.Plugin.Tests\bin\x64\Debug\VideoOS.LPR.Plugin.Tests.dll" adapterTypeName="executor://mstestadapter/v2" className="VideoOS.LPR.Plugin.Tests.PlateLists.DBLicensePlateListsIntegrationTests" name="DeleteLicensePlateList_ShouldWork_WithExistingList" />
    </UnitTest>
    <UnitTest name="Size_ShouldScaleEmptyMaskToNewEmptyMaskWithDoubleSize_WhenDoublingSize" storage="d:\actions-runner\_work\xpco\xpco\lpr\components\analytics\videoos.lpr.plugin.tests\bin\x64\debug\videoos.lpr.plugin.tests.dll" id="0b6a88dd-de1e-a2ba-ba7f-07012bc3ef87">
      <Execution id="8b84f933-c0d2-4191-8237-1a3e095e4c01" />
      <TestMethod codeBase="D:\actions-runner\_work\XPCO\XPCO\LPR\Components\Analytics\VideoOS.LPR.Plugin.Tests\bin\x64\Debug\VideoOS.LPR.Plugin.Tests.dll" adapterTypeName="executor://mstestadapter/v2" className="VideoOS.LPR.Plugin.Tests.Admin.VideoSource.MaskTests" name="Size_ShouldScaleEmptyMaskToNewEmptyMaskWithDoubleSize_WhenDoublingSize" />
    </UnitTest>
    <UnitTest name="AddWildcardLicensePlates_ShouldReturnAddedCount_WhenAddingSeveralWildcardPlates" storage="d:\actions-runner\_work\xpco\xpco\lpr\components\analytics\videoos.lpr.plugin.tests\bin\x64\debug\videoos.lpr.plugin.tests.dll" id="273fc1ee-e0cb-47d8-95a7-2efe72733db9">
      <TestCategory>
        <TestCategoryItem TestCategory="IntegrationTest" />
      </TestCategory>
      <Execution id="7f61f013-068a-4a0b-9fb0-fe9462a1eaa3" />
      <TestMethod codeBase="D:\actions-runner\_work\XPCO\XPCO\LPR\Components\Analytics\VideoOS.LPR.Plugin.Tests\bin\x64\Debug\VideoOS.LPR.Plugin.Tests.dll" adapterTypeName="executor://mstestadapter/v2" className="VideoOS.LPR.Plugin.Tests.PlateLists.DBLicensePlateListsIntegrationTests" name="AddWildcardLicensePlates_ShouldReturnAddedCount_WhenAddingSeveralWildcardPlates" />
    </UnitTest>
    <UnitTest name="ScalePolygon_ShouldReturnPoint_WhenPolygonIsAPoint" storage="d:\actions-runner\_work\xpco\xpco\lpr\components\analytics\videoos.lpr.plugin.tests\bin\x64\debug\videoos.lpr.plugin.tests.dll" id="4811dd58-8288-e733-80c2-7406a0dd8309">
      <Execution id="0e914898-1bb2-4374-a351-1386bf2d1c72" />
      <TestMethod codeBase="D:\actions-runner\_work\XPCO\XPCO\LPR\Components\Analytics\VideoOS.LPR.Plugin.Tests\bin\x64\Debug\VideoOS.LPR.Plugin.Tests.dll" adapterTypeName="executor://mstestadapter/v2" className="VideoOS.LPR.Plugin.Tests.Admin.Wizard.AreaCalculatorTest" name="ScalePolygon_ShouldReturnPoint_WhenPolygonIsAPoint" />
    </UnitTest>
    <UnitTest name="MaskFromPolygon_ShouldReturnTriangularMask_WhenPolygonIsATriangle" storage="d:\actions-runner\_work\xpco\xpco\lpr\components\analytics\videoos.lpr.plugin.tests\bin\x64\debug\videoos.lpr.plugin.tests.dll" id="ed38d618-870e-2b91-7abc-77b66b3caea8">
      <Execution id="e7817ce1-ddca-4e3f-bb8b-f597d72b150a" />
      <TestMethod codeBase="D:\actions-runner\_work\XPCO\XPCO\LPR\Components\Analytics\VideoOS.LPR.Plugin.Tests\bin\x64\Debug\VideoOS.LPR.Plugin.Tests.dll" adapterTypeName="executor://mstestadapter/v2" className="VideoOS.LPR.Plugin.Tests.Admin.Wizard.AreaCalculatorTest" name="MaskFromPolygon_ShouldReturnTriangularMask_WhenPolygonIsATriangle" />
    </UnitTest>
    <UnitTest name="GetBestPossibleDiscardRecognitionsBelowValue_ShouldReturnOnePercent_WhenValueIsZero" storage="d:\actions-runner\_work\xpco\xpco\lpr\components\analytics\videoos.lpr.plugin.tests\bin\x64\debug\videoos.lpr.plugin.tests.dll" id="ed1896a9-cd63-0fbe-3e6e-ff2c39840503">
      <Execution id="58f5f353-7224-4c05-af5e-1bbc25ec83d3" />
      <TestMethod codeBase="D:\actions-runner\_work\XPCO\XPCO\LPR\Components\Analytics\VideoOS.LPR.Plugin.Tests\bin\x64\Debug\VideoOS.LPR.Plugin.Tests.dll" adapterTypeName="executor://mstestadapter/v2" className="VideoOS.LPR.Plugin.Tests.Admin.Wizard.AllowedConfigurationValuesTests" name="GetBestPossibleDiscardRecognitionsBelowValue_ShouldReturnOnePercent_WhenValueIsZero" />
    </UnitTest>
    <UnitTest name="CalculateSettings_ShouldSetMaximumCharacterHeightToOne_WhenMaximumCharacterHeightOtherwiseWouldHaveBeenLargerThanOne" storage="d:\actions-runner\_work\xpco\xpco\lpr\components\analytics\videoos.lpr.plugin.tests\bin\x64\debug\videoos.lpr.plugin.tests.dll" id="ac5ec232-4837-8d42-548d-8b7b2c1cc034">
      <Execution id="a9ec38ee-9446-4d5e-82b1-b35892567d34" />
      <TestMethod codeBase="D:\actions-runner\_work\XPCO\XPCO\LPR\Components\Analytics\VideoOS.LPR.Plugin.Tests\bin\x64\Debug\VideoOS.LPR.Plugin.Tests.dll" adapterTypeName="executor://mstestadapter/v2" className="VideoOS.LPR.Plugin.Tests.Admin.Wizard.LprSettingsCalculatorTests" name="CalculateSettings_ShouldSetMaximumCharacterHeightToOne_WhenMaximumCharacterHeightOtherwiseWouldHaveBeenLargerThanOne" />
    </UnitTest>
    <UnitTest name="CalculateSettings_ShouldSetFrameRateToFour_WhenAnalysisResultIsValid" storage="d:\actions-runner\_work\xpco\xpco\lpr\components\analytics\videoos.lpr.plugin.tests\bin\x64\debug\videoos.lpr.plugin.tests.dll" id="e206b56f-dc68-12e4-63f8-27340bfcfe7d">
      <Execution id="c30ed25c-e736-437e-9c8c-a4c89b38278c" />
      <TestMethod codeBase="D:\actions-runner\_work\XPCO\XPCO\LPR\Components\Analytics\VideoOS.LPR.Plugin.Tests\bin\x64\Debug\VideoOS.LPR.Plugin.Tests.dll" adapterTypeName="executor://mstestadapter/v2" className="VideoOS.LPR.Plugin.Tests.Admin.Wizard.LprSettingsCalculatorTests" name="CalculateSettings_ShouldSetFrameRateToFour_WhenAnalysisResultIsValid" />
    </UnitTest>
    <UnitTest name="ReadAll_ShouldReturnLicensePlateInfoWithEmptyCustomFields_WhenInputContainsOnlyRegistrationNumbers" storage="d:\actions-runner\_work\xpco\xpco\lpr\components\analytics\videoos.lpr.plugin.tests\bin\x64\debug\videoos.lpr.plugin.tests.dll" id="b7771fa3-0215-d7bd-7825-5cdfa885e776">
      <Execution id="5df40ec4-5165-41c4-a2f9-f1920f6377a0" />
      <TestMethod codeBase="D:\actions-runner\_work\XPCO\XPCO\LPR\Components\Analytics\VideoOS.LPR.Plugin.Tests\bin\x64\Debug\VideoOS.LPR.Plugin.Tests.dll" adapterTypeName="executor://mstestadapter/v2" className="VideoOS.LPR.Plugin.Tests.Admin.PlateLists.LicensePlateCsvParserTests" name="ReadAll_ShouldReturnLicensePlateInfoWithEmptyCustomFields_WhenInputContainsOnlyRegistrationNumbers" />
    </UnitTest>
    <UnitTest name="ScalePolygon_ShouldNotScale_WhenFactorIsOne" storage="d:\actions-runner\_work\xpco\xpco\lpr\components\analytics\videoos.lpr.plugin.tests\bin\x64\debug\videoos.lpr.plugin.tests.dll" id="69c4b06d-cbaf-baf3-0ed6-1567f0f85722">
      <Execution id="bfe3ea9c-47d5-4d02-ab77-a303696a7beb" />
      <TestMethod codeBase="D:\actions-runner\_work\XPCO\XPCO\LPR\Components\Analytics\VideoOS.LPR.Plugin.Tests\bin\x64\Debug\VideoOS.LPR.Plugin.Tests.dll" adapterTypeName="executor://mstestadapter/v2" className="VideoOS.LPR.Plugin.Tests.Admin.Wizard.AreaCalculatorTest" name="ScalePolygon_ShouldNotScale_WhenFactorIsOne" />
    </UnitTest>
    <UnitTest name="GetBestPossibleFrameRateValue_ShouldReturn3_WhenValueIs3_4" storage="d:\actions-runner\_work\xpco\xpco\lpr\components\analytics\videoos.lpr.plugin.tests\bin\x64\debug\videoos.lpr.plugin.tests.dll" id="967343c8-6771-00af-1053-8bb5152d1e5f">
      <Execution id="bb4533fa-de84-4859-b97b-f57ffbef92a6" />
      <TestMethod codeBase="D:\actions-runner\_work\XPCO\XPCO\LPR\Components\Analytics\VideoOS.LPR.Plugin.Tests\bin\x64\Debug\VideoOS.LPR.Plugin.Tests.dll" adapterTypeName="executor://mstestadapter/v2" className="VideoOS.LPR.Plugin.Tests.Admin.Wizard.AllowedConfigurationValuesTests" name="GetBestPossibleFrameRateValue_ShouldReturn3_WhenValueIs3_4" />
    </UnitTest>
    <UnitTest name="CalculateSettings_ShouldThrowArgumentException_WhenAnAnalysisResultsDoesNotContainAPlateRecognition" storage="d:\actions-runner\_work\xpco\xpco\lpr\components\analytics\videoos.lpr.plugin.tests\bin\x64\debug\videoos.lpr.plugin.tests.dll" id="cd7e9ee2-6e32-f263-e0de-ebe9ab917813">
      <Execution id="17a71a1b-ef5a-4080-9c1d-7ad99953fddc" />
      <TestMethod codeBase="D:\actions-runner\_work\XPCO\XPCO\LPR\Components\Analytics\VideoOS.LPR.Plugin.Tests\bin\x64\Debug\VideoOS.LPR.Plugin.Tests.dll" adapterTypeName="executor://mstestadapter/v2" className="VideoOS.LPR.Plugin.Tests.Admin.Wizard.LprSettingsCalculatorTests" name="CalculateSettings_ShouldThrowArgumentException_WhenAnAnalysisResultsDoesNotContainAPlateRecognition" />
    </UnitTest>
    <UnitTest name="ReadAll_ShouldReadCustomData_WhenCustomDataIsPresentAndDefinitionsHaveDisplayOrderSameAsIndex" storage="d:\actions-runner\_work\xpco\xpco\lpr\components\analytics\videoos.lpr.plugin.tests\bin\x64\debug\videoos.lpr.plugin.tests.dll" id="73096de6-e2f4-25b1-0c29-7c17adcba62a">
      <Execution id="6efa7a9d-0cb3-4203-a8f8-8b71eb5fdb7d" />
      <TestMethod codeBase="D:\actions-runner\_work\XPCO\XPCO\LPR\Components\Analytics\VideoOS.LPR.Plugin.Tests\bin\x64\Debug\VideoOS.LPR.Plugin.Tests.dll" adapterTypeName="executor://mstestadapter/v2" className="VideoOS.LPR.Plugin.Tests.Admin.PlateLists.LicensePlateCsvParserTests" name="ReadAll_ShouldReadCustomData_WhenCustomDataIsPresentAndDefinitionsHaveDisplayOrderSameAsIndex" />
    </UnitTest>
    <UnitTest name="ReadAll_ShouldSetColumnIndexToValueFromDefinition_WhenIndexesAreNotConsecutive" storage="d:\actions-runner\_work\xpco\xpco\lpr\components\analytics\videoos.lpr.plugin.tests\bin\x64\debug\videoos.lpr.plugin.tests.dll" id="034cfddf-36c4-9df7-5be2-9ad9edb1c44c">
      <Execution id="b3a92e5a-f844-4e0f-ac89-090a5838b712" />
      <TestMethod codeBase="D:\actions-runner\_work\XPCO\XPCO\LPR\Components\Analytics\VideoOS.LPR.Plugin.Tests\bin\x64\Debug\VideoOS.LPR.Plugin.Tests.dll" adapterTypeName="executor://mstestadapter/v2" className="VideoOS.LPR.Plugin.Tests.Admin.PlateLists.LicensePlateCsvParserTests" name="ReadAll_ShouldSetColumnIndexToValueFromDefinition_WhenIndexesAreNotConsecutive" />
    </UnitTest>
    <UnitTest name="MaskFromPolygon_ShouldReturnEmptyMask_WhenPolygonIsEmpty" storage="d:\actions-runner\_work\xpco\xpco\lpr\components\analytics\videoos.lpr.plugin.tests\bin\x64\debug\videoos.lpr.plugin.tests.dll" id="3e288abc-9889-2613-0b5d-1ae45d8c7aad">
      <Execution id="ef52dc2c-1628-4223-9f16-0b95db8a3f76" />
      <TestMethod codeBase="D:\actions-runner\_work\XPCO\XPCO\LPR\Components\Analytics\VideoOS.LPR.Plugin.Tests\bin\x64\Debug\VideoOS.LPR.Plugin.Tests.dll" adapterTypeName="executor://mstestadapter/v2" className="VideoOS.LPR.Plugin.Tests.Admin.Wizard.AreaCalculatorTest" name="MaskFromPolygon_ShouldReturnEmptyMask_WhenPolygonIsEmpty" />
    </UnitTest>
    <UnitTest name="ReadAll_ShouldReadAllData_WhenDelimiterIsSemicolon" storage="d:\actions-runner\_work\xpco\xpco\lpr\components\analytics\videoos.lpr.plugin.tests\bin\x64\debug\videoos.lpr.plugin.tests.dll" id="1d421e5a-15d0-385b-b59e-df26e894f58a">
      <Execution id="a9eb4480-f215-4759-a5d3-be953ea77c64" />
      <TestMethod codeBase="D:\actions-runner\_work\XPCO\XPCO\LPR\Components\Analytics\VideoOS.LPR.Plugin.Tests\bin\x64\Debug\VideoOS.LPR.Plugin.Tests.dll" adapterTypeName="executor://mstestadapter/v2" className="VideoOS.LPR.Plugin.Tests.Admin.PlateLists.LicensePlateCsvParserTests" name="ReadAll_ShouldReadAllData_WhenDelimiterIsSemicolon" />
    </UnitTest>
    <UnitTest name="DeleteLicensePlates_ShouldReturnDeletedCount_WhenPlatesExist" storage="d:\actions-runner\_work\xpco\xpco\lpr\components\analytics\videoos.lpr.plugin.tests\bin\x64\debug\videoos.lpr.plugin.tests.dll" id="2f5e30ac-2e6b-9e02-cab2-2c4d3c3da27e">
      <TestCategory>
        <TestCategoryItem TestCategory="IntegrationTest" />
      </TestCategory>
      <Execution id="875eb1c9-4e6a-4dd8-aca4-289b97bcc133" />
      <TestMethod codeBase="D:\actions-runner\_work\XPCO\XPCO\LPR\Components\Analytics\VideoOS.LPR.Plugin.Tests\bin\x64\Debug\VideoOS.LPR.Plugin.Tests.dll" adapterTypeName="executor://mstestadapter/v2" className="VideoOS.LPR.Plugin.Tests.PlateLists.DBLicensePlateListsIntegrationTests" name="DeleteLicensePlates_ShouldReturnDeletedCount_WhenPlatesExist" />
    </UnitTest>
    <UnitTest name="GetBestPossibleFrameRateValue_ShouldReturn1_WhenValueIs0" storage="d:\actions-runner\_work\xpco\xpco\lpr\components\analytics\videoos.lpr.plugin.tests\bin\x64\debug\videoos.lpr.plugin.tests.dll" id="0c067266-e8a6-fe9d-eea3-02a8cad69fea">
      <Execution id="7de05494-0967-4c85-8b9a-cfa20ba99ad8" />
      <TestMethod codeBase="D:\actions-runner\_work\XPCO\XPCO\LPR\Components\Analytics\VideoOS.LPR.Plugin.Tests\bin\x64\Debug\VideoOS.LPR.Plugin.Tests.dll" adapterTypeName="executor://mstestadapter/v2" className="VideoOS.LPR.Plugin.Tests.Admin.Wizard.AllowedConfigurationValuesTests" name="GetBestPossibleFrameRateValue_ShouldReturn1_WhenValueIs0" />
    </UnitTest>
    <UnitTest name="CalculateSettings_ShouldSetMaskToSameAsAreaCalculatorCalculateMask_WhenThereAreMultipleAnalsysisResults" storage="d:\actions-runner\_work\xpco\xpco\lpr\components\analytics\videoos.lpr.plugin.tests\bin\x64\debug\videoos.lpr.plugin.tests.dll" id="40508888-2cc6-bb30-bca2-25b88be69dfa">
      <Execution id="a4d4cea0-b977-403a-867c-84493fef3b2b" />
      <TestMethod codeBase="D:\actions-runner\_work\XPCO\XPCO\LPR\Components\Analytics\VideoOS.LPR.Plugin.Tests\bin\x64\Debug\VideoOS.LPR.Plugin.Tests.dll" adapterTypeName="executor://mstestadapter/v2" className="VideoOS.LPR.Plugin.Tests.Admin.Wizard.LprSettingsCalculatorTests" name="CalculateSettings_ShouldSetMaskToSameAsAreaCalculatorCalculateMask_WhenThereAreMultipleAnalsysisResults" />
    </UnitTest>
    <UnitTest name="ModifyLicensePlateList_ShouldWork_WhenListExists_AndAllColumnsAreSet" storage="d:\actions-runner\_work\xpco\xpco\lpr\components\analytics\videoos.lpr.plugin.tests\bin\x64\debug\videoos.lpr.plugin.tests.dll" id="b39f9a7e-18cb-b606-0d06-cdb312ca6ef2">
      <TestCategory>
        <TestCategoryItem TestCategory="IntegrationTest" />
      </TestCategory>
      <Execution id="3a107357-af05-4483-9d90-087a64d4a913" />
      <TestMethod codeBase="D:\actions-runner\_work\XPCO\XPCO\LPR\Components\Analytics\VideoOS.LPR.Plugin.Tests\bin\x64\Debug\VideoOS.LPR.Plugin.Tests.dll" adapterTypeName="executor://mstestadapter/v2" className="VideoOS.LPR.Plugin.Tests.PlateLists.DBLicensePlateListsIntegrationTests" name="ModifyLicensePlateList_ShouldWork_WhenListExists_AndAllColumnsAreSet" />
    </UnitTest>
    <UnitTest name="GetLicensePlates_ShouldReturnFewerPlates_WhenNoMorePlatesAvailable" storage="d:\actions-runner\_work\xpco\xpco\lpr\components\analytics\videoos.lpr.plugin.tests\bin\x64\debug\videoos.lpr.plugin.tests.dll" id="f9ac8d75-f37e-3168-2663-364c0ddbd6f9">
      <TestCategory>
        <TestCategoryItem TestCategory="IntegrationTest" />
      </TestCategory>
      <Execution id="b669f77f-bbae-4b70-ade4-40019df14905" />
      <TestMethod codeBase="D:\actions-runner\_work\XPCO\XPCO\LPR\Components\Analytics\VideoOS.LPR.Plugin.Tests\bin\x64\Debug\VideoOS.LPR.Plugin.Tests.dll" adapterTypeName="executor://mstestadapter/v2" className="VideoOS.LPR.Plugin.Tests.PlateLists.DBLicensePlateListsIntegrationTests" name="GetLicensePlates_ShouldReturnFewerPlates_WhenNoMorePlatesAvailable" />
    </UnitTest>
    <UnitTest name="LookupLicensePlates2_ShouldReturnMatchingLists_WhenPlatesMatchNormalPlates" storage="d:\actions-runner\_work\xpco\xpco\lpr\components\analytics\videoos.lpr.plugin.tests\bin\x64\debug\videoos.lpr.plugin.tests.dll" id="e5bad55c-b729-12f2-c54a-9e931daca18b">
      <TestCategory>
        <TestCategoryItem TestCategory="IntegrationTest" />
      </TestCategory>
      <Execution id="344c618b-f9f1-4360-926e-a56e340fc02a" />
      <TestMethod codeBase="D:\actions-runner\_work\XPCO\XPCO\LPR\Components\Analytics\VideoOS.LPR.Plugin.Tests\bin\x64\Debug\VideoOS.LPR.Plugin.Tests.dll" adapterTypeName="executor://mstestadapter/v2" className="VideoOS.LPR.Plugin.Tests.PlateLists.DBLicensePlateListsIntegrationTests" name="LookupLicensePlates2_ShouldReturnMatchingLists_WhenPlatesMatchNormalPlates" />
    </UnitTest>
    <UnitTest name="ReadAll_ShouldIgnoreExtraCsvRecords_WhenCsvInputHasMoreColumnsThanCustomFields" storage="d:\actions-runner\_work\xpco\xpco\lpr\components\analytics\videoos.lpr.plugin.tests\bin\x64\debug\videoos.lpr.plugin.tests.dll" id="4275eca9-8594-474d-c71b-6bd41ac517b3">
      <Execution id="8ef774c9-72f8-4c2c-b56c-3e9bc0ee68a5" />
      <TestMethod codeBase="D:\actions-runner\_work\XPCO\XPCO\LPR\Components\Analytics\VideoOS.LPR.Plugin.Tests\bin\x64\Debug\VideoOS.LPR.Plugin.Tests.dll" adapterTypeName="executor://mstestadapter/v2" className="VideoOS.LPR.Plugin.Tests.Admin.PlateLists.LicensePlateCsvParserTests" name="ReadAll_ShouldIgnoreExtraCsvRecords_WhenCsvInputHasMoreColumnsThanCustomFields" />
    </UnitTest>
    <UnitTest name="CalculateSettings_ShouldSetDiscardRecognitionsBelowToZero_WhenConfidenceOtherwiseWouldHaveBeenLowerThanZero" storage="d:\actions-runner\_work\xpco\xpco\lpr\components\analytics\videoos.lpr.plugin.tests\bin\x64\debug\videoos.lpr.plugin.tests.dll" id="beb596e7-f18b-af95-fbdb-3895347a42c8">
      <Execution id="4666636d-90b3-4515-8153-79d111902492" />
      <TestMethod codeBase="D:\actions-runner\_work\XPCO\XPCO\LPR\Components\Analytics\VideoOS.LPR.Plugin.Tests\bin\x64\Debug\VideoOS.LPR.Plugin.Tests.dll" adapterTypeName="executor://mstestadapter/v2" className="VideoOS.LPR.Plugin.Tests.Admin.Wizard.LprSettingsCalculatorTests" name="CalculateSettings_ShouldSetDiscardRecognitionsBelowToZero_WhenConfidenceOtherwiseWouldHaveBeenLowerThanZero" />
    </UnitTest>
    <UnitTest name="GetBestPossibleDiscardRecognitionsBelowValue_ShouldReturnOne_WhenValueIsOne" storage="d:\actions-runner\_work\xpco\xpco\lpr\components\analytics\videoos.lpr.plugin.tests\bin\x64\debug\videoos.lpr.plugin.tests.dll" id="774a03b5-9bb4-3dd2-a292-93869a7a2f2c">
      <Execution id="0fb44c3e-735d-480f-8dfe-210d5fd6f9c0" />
      <TestMethod codeBase="D:\actions-runner\_work\XPCO\XPCO\LPR\Components\Analytics\VideoOS.LPR.Plugin.Tests\bin\x64\Debug\VideoOS.LPR.Plugin.Tests.dll" adapterTypeName="executor://mstestadapter/v2" className="VideoOS.LPR.Plugin.Tests.Admin.Wizard.AllowedConfigurationValuesTests" name="GetBestPossibleDiscardRecognitionsBelowValue_ShouldReturnOne_WhenValueIsOne" />
    </UnitTest>
    <UnitTest name="GetBestPossibleMaxTimePerFrameValue_ShouldReturn100_WhenValueIs1" storage="d:\actions-runner\_work\xpco\xpco\lpr\components\analytics\videoos.lpr.plugin.tests\bin\x64\debug\videoos.lpr.plugin.tests.dll" id="e3bc5aaf-a95f-a75f-5c18-448aba031700">
      <Execution id="c88f667a-fa66-4a99-91c6-4daefe48890c" />
      <TestMethod codeBase="D:\actions-runner\_work\XPCO\XPCO\LPR\Components\Analytics\VideoOS.LPR.Plugin.Tests\bin\x64\Debug\VideoOS.LPR.Plugin.Tests.dll" adapterTypeName="executor://mstestadapter/v2" className="VideoOS.LPR.Plugin.Tests.Admin.Wizard.AllowedConfigurationValuesTests" name="GetBestPossibleMaxTimePerFrameValue_ShouldReturn100_WhenValueIs1" />
    </UnitTest>
    <UnitTest name="ModifyLicensePlateList_ShouldDeletePropertyValues_WhenPropertyIsDeleted" storage="d:\actions-runner\_work\xpco\xpco\lpr\components\analytics\videoos.lpr.plugin.tests\bin\x64\debug\videoos.lpr.plugin.tests.dll" id="2d1337b1-7fdd-42e4-fd23-0d9545acef69">
      <TestCategory>
        <TestCategoryItem TestCategory="IntegrationTest" />
      </TestCategory>
      <Execution id="9e4b4d4f-fa37-46f1-b080-1351f1694c3c" />
      <TestMethod codeBase="D:\actions-runner\_work\XPCO\XPCO\LPR\Components\Analytics\VideoOS.LPR.Plugin.Tests\bin\x64\Debug\VideoOS.LPR.Plugin.Tests.dll" adapterTypeName="executor://mstestadapter/v2" className="VideoOS.LPR.Plugin.Tests.PlateLists.DBLicensePlateListsIntegrationTests" name="ModifyLicensePlateList_ShouldDeletePropertyValues_WhenPropertyIsDeleted" />
    </UnitTest>
    <UnitTest name="MaskFromPolygon_ShouldReturnZeroSizeMask_WhenMaskSizeIsEmpty" storage="d:\actions-runner\_work\xpco\xpco\lpr\components\analytics\videoos.lpr.plugin.tests\bin\x64\debug\videoos.lpr.plugin.tests.dll" id="535040f7-f3a5-9290-1cb5-003df89de012">
      <Execution id="e91a33bd-4418-4150-85bb-de00de94ee8f" />
      <TestMethod codeBase="D:\actions-runner\_work\XPCO\XPCO\LPR\Components\Analytics\VideoOS.LPR.Plugin.Tests\bin\x64\Debug\VideoOS.LPR.Plugin.Tests.dll" adapterTypeName="executor://mstestadapter/v2" className="VideoOS.LPR.Plugin.Tests.Admin.Wizard.AreaCalculatorTest" name="MaskFromPolygon_ShouldReturnZeroSizeMask_WhenMaskSizeIsEmpty" />
    </UnitTest>
    <UnitTest name="OemResources_ShouldHaveAll_LPRP_Test (Pink)" storage="d:\actions-runner\_work\xpco\xpco\lpr\components\analytics\videoos.lpr.plugin.tests\bin\x64\debug\videoos.lpr.plugin.tests.dll" id="88c3ddf6-3748-3bf0-7dac-0ec006fca0db">
      <Execution id="5da146e7-3336-4d6b-b59d-04869b6d3d3d" />
      <TestMethod codeBase="D:\actions-runner\_work\XPCO\XPCO\LPR\Components\Analytics\VideoOS.LPR.Plugin.Tests\bin\x64\Debug\VideoOS.LPR.Plugin.Tests.dll" adapterTypeName="executor://mstestadapter/v2" className="VideoOS.LPR.Plugin.Tests.Oem.OemPResourcesUnitTest" name="OemResources_ShouldHaveAll_LPRP_Test" />
    </UnitTest>
    <UnitTest name="GetBestPossibleMaxPlatesValue_ShouldReturnOne_WhenValueIsOne" storage="d:\actions-runner\_work\xpco\xpco\lpr\components\analytics\videoos.lpr.plugin.tests\bin\x64\debug\videoos.lpr.plugin.tests.dll" id="a3e669b7-926f-8c66-9d34-d19bdcebe42a">
      <Execution id="f0a04dc6-6262-47f1-b22c-55435590b987" />
      <TestMethod codeBase="D:\actions-runner\_work\XPCO\XPCO\LPR\Components\Analytics\VideoOS.LPR.Plugin.Tests\bin\x64\Debug\VideoOS.LPR.Plugin.Tests.dll" adapterTypeName="executor://mstestadapter/v2" className="VideoOS.LPR.Plugin.Tests.Admin.Wizard.AllowedConfigurationValuesTests" name="GetBestPossibleMaxPlatesValue_ShouldReturnOne_WhenValueIsOne" />
    </UnitTest>
    <UnitTest name="MaskFromPolygon_ShouldThrowArgumentException_WhenPolygonIsNotOrderedCorrectly" storage="d:\actions-runner\_work\xpco\xpco\lpr\components\analytics\videoos.lpr.plugin.tests\bin\x64\debug\videoos.lpr.plugin.tests.dll" id="8cb9001c-6357-3178-d04d-84669caf2111">
      <Execution id="e44138d5-3b28-4574-a0cd-1cec7e016b8a" />
      <TestMethod codeBase="D:\actions-runner\_work\XPCO\XPCO\LPR\Components\Analytics\VideoOS.LPR.Plugin.Tests\bin\x64\Debug\VideoOS.LPR.Plugin.Tests.dll" adapterTypeName="executor://mstestadapter/v2" className="VideoOS.LPR.Plugin.Tests.Admin.Wizard.AreaCalculatorTest" name="MaskFromPolygon_ShouldThrowArgumentException_WhenPolygonIsNotOrderedCorrectly" />
    </UnitTest>
    <UnitTest name="OemResources_LPRP_ResourcePackageValidationTest (Pink)" storage="d:\actions-runner\_work\xpco\xpco\lpr\components\analytics\videoos.lpr.plugin.tests\bin\x64\debug\videoos.lpr.plugin.tests.dll" id="58c73666-f5e2-b728-7ec4-84320afe35be">
      <Execution id="311bed91-2401-41cd-a6d8-4a2c2d88ed66" />
      <TestMethod codeBase="D:\actions-runner\_work\XPCO\XPCO\LPR\Components\Analytics\VideoOS.LPR.Plugin.Tests\bin\x64\Debug\VideoOS.LPR.Plugin.Tests.dll" adapterTypeName="executor://mstestadapter/v2" className="VideoOS.LPR.Plugin.Tests.Oem.OemPResourcesUnitTest" name="OemResources_LPRP_ResourcePackageValidationTest" />
    </UnitTest>
    <UnitTest name="GetBestPossibleMaxPlatesValue_ShouldReturnDisable_WhenValueIsDisable" storage="d:\actions-runner\_work\xpco\xpco\lpr\components\analytics\videoos.lpr.plugin.tests\bin\x64\debug\videoos.lpr.plugin.tests.dll" id="ccfb19ea-a68e-2ede-0520-a378256baa7f">
      <Execution id="9867e7f3-34a4-42f0-a382-6a039fd45083" />
      <TestMethod codeBase="D:\actions-runner\_work\XPCO\XPCO\LPR\Components\Analytics\VideoOS.LPR.Plugin.Tests\bin\x64\Debug\VideoOS.LPR.Plugin.Tests.dll" adapterTypeName="executor://mstestadapter/v2" className="VideoOS.LPR.Plugin.Tests.Admin.Wizard.AllowedConfigurationValuesTests" name="GetBestPossibleMaxPlatesValue_ShouldReturnDisable_WhenValueIsDisable" />
    </UnitTest>
    <UnitTest name="CalculateSettings_ShouldDisableMaxTimePerFrameBySettingItToMinusOne_WhenAnalysisResultIsValid" storage="d:\actions-runner\_work\xpco\xpco\lpr\components\analytics\videoos.lpr.plugin.tests\bin\x64\debug\videoos.lpr.plugin.tests.dll" id="0a1e613f-5a93-7a8e-e917-9f6b5c9af2e7">
      <Execution id="a04dadd4-726e-476e-afab-15cbff20d4b1" />
      <TestMethod codeBase="D:\actions-runner\_work\XPCO\XPCO\LPR\Components\Analytics\VideoOS.LPR.Plugin.Tests\bin\x64\Debug\VideoOS.LPR.Plugin.Tests.dll" adapterTypeName="executor://mstestadapter/v2" className="VideoOS.LPR.Plugin.Tests.Admin.Wizard.LprSettingsCalculatorTests" name="CalculateSettings_ShouldDisableMaxTimePerFrameBySettingItToMinusOne_WhenAnalysisResultIsValid" />
    </UnitTest>
    <UnitTest name="GetBestPossibleDiscardRecognitionsBelowValue_ShouldReturnDisable_WhenValueIsDisable" storage="d:\actions-runner\_work\xpco\xpco\lpr\components\analytics\videoos.lpr.plugin.tests\bin\x64\debug\videoos.lpr.plugin.tests.dll" id="238c9c9c-e6ec-b50a-d959-8ee94a6a00b1">
      <Execution id="0de5dfca-1a81-47b7-802a-124d2eaa2516" />
      <TestMethod codeBase="D:\actions-runner\_work\XPCO\XPCO\LPR\Components\Analytics\VideoOS.LPR.Plugin.Tests\bin\x64\Debug\VideoOS.LPR.Plugin.Tests.dll" adapterTypeName="executor://mstestadapter/v2" className="VideoOS.LPR.Plugin.Tests.Admin.Wizard.AllowedConfigurationValuesTests" name="GetBestPossibleDiscardRecognitionsBelowValue_ShouldReturnDisable_WhenValueIsDisable" />
    </UnitTest>
    <UnitTest name="GetBestPossibleFrameRateValue_ShouldReturn3_WhenValueIs3_5" storage="d:\actions-runner\_work\xpco\xpco\lpr\components\analytics\videoos.lpr.plugin.tests\bin\x64\debug\videoos.lpr.plugin.tests.dll" id="a57ec42b-7749-002c-3ebb-377d48d3a5ac">
      <Execution id="2c3957e2-cd22-4b53-9022-1e44c535589c" />
      <TestMethod codeBase="D:\actions-runner\_work\XPCO\XPCO\LPR\Components\Analytics\VideoOS.LPR.Plugin.Tests\bin\x64\Debug\VideoOS.LPR.Plugin.Tests.dll" adapterTypeName="executor://mstestadapter/v2" className="VideoOS.LPR.Plugin.Tests.Admin.Wizard.AllowedConfigurationValuesTests" name="GetBestPossibleFrameRateValue_ShouldReturn3_WhenValueIs3_5" />
    </UnitTest>
    <UnitTest name="CalculateSettings_ShouldSetAreaToEmpty_WhenAnalysisResultIsValid" storage="d:\actions-runner\_work\xpco\xpco\lpr\components\analytics\videoos.lpr.plugin.tests\bin\x64\debug\videoos.lpr.plugin.tests.dll" id="18c67bf3-f174-60ea-06b4-47658d06e53d">
      <Execution id="9a13f631-6177-47de-9e83-146a3acf1b53" />
      <TestMethod codeBase="D:\actions-runner\_work\XPCO\XPCO\LPR\Components\Analytics\VideoOS.LPR.Plugin.Tests\bin\x64\Debug\VideoOS.LPR.Plugin.Tests.dll" adapterTypeName="executor://mstestadapter/v2" className="VideoOS.LPR.Plugin.Tests.Admin.Wizard.LprSettingsCalculatorTests" name="CalculateSettings_ShouldSetAreaToEmpty_WhenAnalysisResultIsValid" />
    </UnitTest>
    <UnitTest name="MaskFromPolygon_ShouldStillWorkWithinBoundry_WhenPolygonIsOutsideBoundry" storage="d:\actions-runner\_work\xpco\xpco\lpr\components\analytics\videoos.lpr.plugin.tests\bin\x64\debug\videoos.lpr.plugin.tests.dll" id="1601fabf-62f6-891c-1f55-b932f09eeb20">
      <Execution id="cd07c002-6f71-4777-ba98-4f625d7da99b" />
      <TestMethod codeBase="D:\actions-runner\_work\XPCO\XPCO\LPR\Components\Analytics\VideoOS.LPR.Plugin.Tests\bin\x64\Debug\VideoOS.LPR.Plugin.Tests.dll" adapterTypeName="executor://mstestadapter/v2" className="VideoOS.LPR.Plugin.Tests.Admin.Wizard.AreaCalculatorTest" name="MaskFromPolygon_ShouldStillWorkWithinBoundry_WhenPolygonIsOutsideBoundry" />
    </UnitTest>
    <UnitTest name="CalculateSettings_ShouldThrowArgumentException_WhenSnapshotsAreEmpty" storage="d:\actions-runner\_work\xpco\xpco\lpr\components\analytics\videoos.lpr.plugin.tests\bin\x64\debug\videoos.lpr.plugin.tests.dll" id="4e1de1be-f717-2d71-bf1e-effa69b2942a">
      <Execution id="3f2c8d74-da5a-4c2a-b248-103b7fe6d755" />
      <TestMethod codeBase="D:\actions-runner\_work\XPCO\XPCO\LPR\Components\Analytics\VideoOS.LPR.Plugin.Tests\bin\x64\Debug\VideoOS.LPR.Plugin.Tests.dll" adapterTypeName="executor://mstestadapter/v2" className="VideoOS.LPR.Plugin.Tests.Admin.Wizard.LprSettingsCalculatorTests" name="CalculateSettings_ShouldThrowArgumentException_WhenSnapshotsAreEmpty" />
    </UnitTest>
    <UnitTest name="SetRectangle_ShouldThrowArgumentOutOfRangeException_WhenTopIsLessThanZero" storage="d:\actions-runner\_work\xpco\xpco\lpr\components\analytics\videoos.lpr.plugin.tests\bin\x64\debug\videoos.lpr.plugin.tests.dll" id="44146d8e-51a9-2614-b9f7-88f8b588d00b">
      <Execution id="48167e53-3fc6-4c6a-99b3-22217ef79b32" />
      <TestMethod codeBase="D:\actions-runner\_work\XPCO\XPCO\LPR\Components\Analytics\VideoOS.LPR.Plugin.Tests\bin\x64\Debug\VideoOS.LPR.Plugin.Tests.dll" adapterTypeName="executor://mstestadapter/v2" className="VideoOS.LPR.Plugin.Tests.Admin.VideoSource.MaskTests" name="SetRectangle_ShouldThrowArgumentOutOfRangeException_WhenTopIsLessThanZero" />
    </UnitTest>
    <UnitTest name="CalculateSettings_ShouldSetMinimumConfidenceTo80Percent_WhenAnalysisResultIsValid" storage="d:\actions-runner\_work\xpco\xpco\lpr\components\analytics\videoos.lpr.plugin.tests\bin\x64\debug\videoos.lpr.plugin.tests.dll" id="3023a36a-9a1f-8afb-d8ba-4854e928de27">
      <Execution id="0e4b48f0-8106-4874-b2df-822d5c874acd" />
      <TestMethod codeBase="D:\actions-runner\_work\XPCO\XPCO\LPR\Components\Analytics\VideoOS.LPR.Plugin.Tests\bin\x64\Debug\VideoOS.LPR.Plugin.Tests.dll" adapterTypeName="executor://mstestadapter/v2" className="VideoOS.LPR.Plugin.Tests.Admin.Wizard.LprSettingsCalculatorTests" name="CalculateSettings_ShouldSetMinimumConfidenceTo80Percent_WhenAnalysisResultIsValid" />
    </UnitTest>
    <UnitTest name="SetRectangle_ShouldThrowArgumentOutOfRangeException_WhenBottomIsMoreThanOne" storage="d:\actions-runner\_work\xpco\xpco\lpr\components\analytics\videoos.lpr.plugin.tests\bin\x64\debug\videoos.lpr.plugin.tests.dll" id="1ab4241f-ca3c-874a-d880-d97fb66b15c4">
      <Execution id="2c8b2e2d-d482-409b-b27b-aff699ab2af6" />
      <TestMethod codeBase="D:\actions-runner\_work\XPCO\XPCO\LPR\Components\Analytics\VideoOS.LPR.Plugin.Tests\bin\x64\Debug\VideoOS.LPR.Plugin.Tests.dll" adapterTypeName="executor://mstestadapter/v2" className="VideoOS.LPR.Plugin.Tests.Admin.VideoSource.MaskTests" name="SetRectangle_ShouldThrowArgumentOutOfRangeException_WhenBottomIsMoreThanOne" />
    </UnitTest>
    <UnitTest name="ConvexPolygon_ShouldReturnConvexPolygon_WhenThereAreFourQuadrangles" storage="d:\actions-runner\_work\xpco\xpco\lpr\components\analytics\videoos.lpr.plugin.tests\bin\x64\debug\videoos.lpr.plugin.tests.dll" id="b743f662-afd5-1e32-a638-54a206226b67">
      <Execution id="b06edcae-2efb-4992-9b61-5b176270d1f1" />
      <TestMethod codeBase="D:\actions-runner\_work\XPCO\XPCO\LPR\Components\Analytics\VideoOS.LPR.Plugin.Tests\bin\x64\Debug\VideoOS.LPR.Plugin.Tests.dll" adapterTypeName="executor://mstestadapter/v2" className="VideoOS.LPR.Plugin.Tests.Admin.Wizard.AreaCalculatorTest" name="ConvexPolygon_ShouldReturnConvexPolygon_WhenThereAreFourQuadrangles" />
    </UnitTest>
    <UnitTest name="ModifyLicensePlateList_ShouldWork_WhenListExists_AndSomeColumnsAreMissing" storage="d:\actions-runner\_work\xpco\xpco\lpr\components\analytics\videoos.lpr.plugin.tests\bin\x64\debug\videoos.lpr.plugin.tests.dll" id="22e47dc6-f6fe-a413-ab97-7197681e84c0">
      <TestCategory>
        <TestCategoryItem TestCategory="IntegrationTest" />
      </TestCategory>
      <Execution id="dbaad5c8-c011-4ee1-b409-8dac498bd094" />
      <TestMethod codeBase="D:\actions-runner\_work\XPCO\XPCO\LPR\Components\Analytics\VideoOS.LPR.Plugin.Tests\bin\x64\Debug\VideoOS.LPR.Plugin.Tests.dll" adapterTypeName="executor://mstestadapter/v2" className="VideoOS.LPR.Plugin.Tests.PlateLists.DBLicensePlateListsIntegrationTests" name="ModifyLicensePlateList_ShouldWork_WhenListExists_AndSomeColumnsAreMissing" />
    </UnitTest>
    <UnitTest name="GetLicensePlates_ShouldReturnSpecifiedCount_WhenCountIsLessThenTotal" storage="d:\actions-runner\_work\xpco\xpco\lpr\components\analytics\videoos.lpr.plugin.tests\bin\x64\debug\videoos.lpr.plugin.tests.dll" id="03fd2a6e-9f05-6751-6d54-faf4df0e49bd">
      <TestCategory>
        <TestCategoryItem TestCategory="IntegrationTest" />
      </TestCategory>
      <Execution id="df82071a-9062-46a5-a661-9aa31f58b646" />
      <TestMethod codeBase="D:\actions-runner\_work\XPCO\XPCO\LPR\Components\Analytics\VideoOS.LPR.Plugin.Tests\bin\x64\Debug\VideoOS.LPR.Plugin.Tests.dll" adapterTypeName="executor://mstestadapter/v2" className="VideoOS.LPR.Plugin.Tests.PlateLists.DBLicensePlateListsIntegrationTests" name="GetLicensePlates_ShouldReturnSpecifiedCount_WhenCountIsLessThenTotal" />
    </UnitTest>
    <UnitTest name="GetLicensePlates_ShouldReturnAllAddedPlates_WhenFilterIsNull" storage="d:\actions-runner\_work\xpco\xpco\lpr\components\analytics\videoos.lpr.plugin.tests\bin\x64\debug\videoos.lpr.plugin.tests.dll" id="355d22c2-03f8-6c86-fbf5-3fc2f80ecfcd">
      <TestCategory>
        <TestCategoryItem TestCategory="IntegrationTest" />
      </TestCategory>
      <Execution id="57b962c6-2321-44a5-99ed-64e5fe7cf1cb" />
      <TestMethod codeBase="D:\actions-runner\_work\XPCO\XPCO\LPR\Components\Analytics\VideoOS.LPR.Plugin.Tests\bin\x64\Debug\VideoOS.LPR.Plugin.Tests.dll" adapterTypeName="executor://mstestadapter/v2" className="VideoOS.LPR.Plugin.Tests.PlateLists.DBLicensePlateListsIntegrationTests" name="GetLicensePlates_ShouldReturnAllAddedPlates_WhenFilterIsNull" />
    </UnitTest>
    <UnitTest name="AddLicensePlates_ShouldOverwriteLicensePlate_WhenLicensePlateExists_AndIsWildcardPlate" storage="d:\actions-runner\_work\xpco\xpco\lpr\components\analytics\videoos.lpr.plugin.tests\bin\x64\debug\videoos.lpr.plugin.tests.dll" id="0582894d-86ed-b03a-31bd-8dcd36498e4d">
      <TestCategory>
        <TestCategoryItem TestCategory="IntegrationTest" />
      </TestCategory>
      <Execution id="66585b3b-71c9-4a09-b459-535a26ad0663" />
      <TestMethod codeBase="D:\actions-runner\_work\XPCO\XPCO\LPR\Components\Analytics\VideoOS.LPR.Plugin.Tests\bin\x64\Debug\VideoOS.LPR.Plugin.Tests.dll" adapterTypeName="executor://mstestadapter/v2" className="VideoOS.LPR.Plugin.Tests.PlateLists.DBLicensePlateListsIntegrationTests" name="AddLicensePlates_ShouldOverwriteLicensePlate_WhenLicensePlateExists_AndIsWildcardPlate" />
    </UnitTest>
    <UnitTest name="ExtendMask_ShouldThrowArgumentNullException_WhenMaskIsNull" storage="d:\actions-runner\_work\xpco\xpco\lpr\components\analytics\videoos.lpr.plugin.tests\bin\x64\debug\videoos.lpr.plugin.tests.dll" id="899d2269-de49-4537-677d-3ab231e29ac1">
      <Execution id="e6fa35e8-bc54-4b37-828d-bbd3d3bc7a94" />
      <TestMethod codeBase="D:\actions-runner\_work\XPCO\XPCO\LPR\Components\Analytics\VideoOS.LPR.Plugin.Tests\bin\x64\Debug\VideoOS.LPR.Plugin.Tests.dll" adapterTypeName="executor://mstestadapter/v2" className="VideoOS.LPR.Plugin.Tests.Admin.Wizard.AreaCalculatorTest" name="ExtendMask_ShouldThrowArgumentNullException_WhenMaskIsNull" />
    </UnitTest>
    <UnitTest name="CalculateSettings_ShouldSetDiscardRecognitionsBelowToTenPercentLowerThanConfidence_WhenThereIsOneAnalysisResult" storage="d:\actions-runner\_work\xpco\xpco\lpr\components\analytics\videoos.lpr.plugin.tests\bin\x64\debug\videoos.lpr.plugin.tests.dll" id="a5780bc2-e5cf-d290-dd99-27904b62f74d">
      <Execution id="6604a761-7f19-4391-b013-8a6d32f680ea" />
      <TestMethod codeBase="D:\actions-runner\_work\XPCO\XPCO\LPR\Components\Analytics\VideoOS.LPR.Plugin.Tests\bin\x64\Debug\VideoOS.LPR.Plugin.Tests.dll" adapterTypeName="executor://mstestadapter/v2" className="VideoOS.LPR.Plugin.Tests.Admin.Wizard.LprSettingsCalculatorTests" name="CalculateSettings_ShouldSetDiscardRecognitionsBelowToTenPercentLowerThanConfidence_WhenThereIsOneAnalysisResult" />
    </UnitTest>
    <UnitTest name="Size_ShouldScaleSoMaskShapeIsSame_WhenDoublingSizeWithRectangleInMiddle" storage="d:\actions-runner\_work\xpco\xpco\lpr\components\analytics\videoos.lpr.plugin.tests\bin\x64\debug\videoos.lpr.plugin.tests.dll" id="9fe3e248-53fc-8800-f8f1-26ef0d2a7e38">
      <Execution id="a8819340-08f7-4b2c-8875-1c9b90391aad" />
      <TestMethod codeBase="D:\actions-runner\_work\XPCO\XPCO\LPR\Components\Analytics\VideoOS.LPR.Plugin.Tests\bin\x64\Debug\VideoOS.LPR.Plugin.Tests.dll" adapterTypeName="executor://mstestadapter/v2" className="VideoOS.LPR.Plugin.Tests.Admin.VideoSource.MaskTests" name="Size_ShouldScaleSoMaskShapeIsSame_WhenDoublingSizeWithRectangleInMiddle" />
    </UnitTest>
    <UnitTest name="CalculateSettings_ShouldSetDiscardRecognitionsBelowToTenPercentLowerThanLowestConfidence_WhenThereAreMultipleAnalsysisResults" storage="d:\actions-runner\_work\xpco\xpco\lpr\components\analytics\videoos.lpr.plugin.tests\bin\x64\debug\videoos.lpr.plugin.tests.dll" id="4f838684-752c-bfa1-7ba0-e8c5c849c03e">
      <Execution id="e24ab9ac-ebc6-42f5-9152-95c60d74e70e" />
      <TestMethod codeBase="D:\actions-runner\_work\XPCO\XPCO\LPR\Components\Analytics\VideoOS.LPR.Plugin.Tests\bin\x64\Debug\VideoOS.LPR.Plugin.Tests.dll" adapterTypeName="executor://mstestadapter/v2" className="VideoOS.LPR.Plugin.Tests.Admin.Wizard.LprSettingsCalculatorTests" name="CalculateSettings_ShouldSetDiscardRecognitionsBelowToTenPercentLowerThanLowestConfidence_WhenThereAreMultipleAnalsysisResults" />
    </UnitTest>
    <UnitTest name="CalculateSettings_ShouldSetMinimumCharacterHeightToZero_WhenMinimumCharacterHeightOtherwiseWouldHaveBeenLowerThanZero" storage="d:\actions-runner\_work\xpco\xpco\lpr\components\analytics\videoos.lpr.plugin.tests\bin\x64\debug\videoos.lpr.plugin.tests.dll" id="995c3521-63dd-9d3e-5473-b176c212e036">
      <Execution id="dfc310eb-d20a-4dae-84fe-4c18f30ff97b" />
      <TestMethod codeBase="D:\actions-runner\_work\XPCO\XPCO\LPR\Components\Analytics\VideoOS.LPR.Plugin.Tests\bin\x64\Debug\VideoOS.LPR.Plugin.Tests.dll" adapterTypeName="executor://mstestadapter/v2" className="VideoOS.LPR.Plugin.Tests.Admin.Wizard.LprSettingsCalculatorTests" name="CalculateSettings_ShouldSetMinimumCharacterHeightToZero_WhenMinimumCharacterHeightOtherwiseWouldHaveBeenLowerThanZero" />
    </UnitTest>
    <UnitTest name="CalculateSettings_ShouldSetMaximumCharacterHeightToTenPixelsMoreThanLargestCharacterHeight_WhenThereAreMultipleAnalsysisResults" storage="d:\actions-runner\_work\xpco\xpco\lpr\components\analytics\videoos.lpr.plugin.tests\bin\x64\debug\videoos.lpr.plugin.tests.dll" id="767d4092-9ef8-ccb5-be39-8553a4e4eee0">
      <Execution id="fe08c625-7dd6-40ba-89a7-bc82adc787aa" />
      <TestMethod codeBase="D:\actions-runner\_work\XPCO\XPCO\LPR\Components\Analytics\VideoOS.LPR.Plugin.Tests\bin\x64\Debug\VideoOS.LPR.Plugin.Tests.dll" adapterTypeName="executor://mstestadapter/v2" className="VideoOS.LPR.Plugin.Tests.Admin.Wizard.LprSettingsCalculatorTests" name="CalculateSettings_ShouldSetMaximumCharacterHeightToTenPixelsMoreThanLargestCharacterHeight_WhenThereAreMultipleAnalsysisResults" />
    </UnitTest>
    <UnitTest name="SetRectangle_ShouldSetPointsTouchedByRectangleInLowerRightCornerToFalse_WhenRectangleInLowerRightCornerIsnAQuarterAreaAndTouchedPointsShouldBeFalse" storage="d:\actions-runner\_work\xpco\xpco\lpr\components\analytics\videoos.lpr.plugin.tests\bin\x64\debug\videoos.lpr.plugin.tests.dll" id="95a75e6e-d5c0-6e98-20f5-308c1af3f521">
      <Execution id="8359adb3-c1ac-467b-b4a3-7703013e78bf" />
      <TestMethod codeBase="D:\actions-runner\_work\XPCO\XPCO\LPR\Components\Analytics\VideoOS.LPR.Plugin.Tests\bin\x64\Debug\VideoOS.LPR.Plugin.Tests.dll" adapterTypeName="executor://mstestadapter/v2" className="VideoOS.LPR.Plugin.Tests.Admin.VideoSource.MaskTests" name="SetRectangle_ShouldSetPointsTouchedByRectangleInLowerRightCornerToFalse_WhenRectangleInLowerRightCornerIsnAQuarterAreaAndTouchedPointsShouldBeFalse" />
    </UnitTest>
    <UnitTest name="CalculateSettings_ShouldSnapDiscardRecognitionsBelowToBestPossibleValue_WhenAlways" storage="d:\actions-runner\_work\xpco\xpco\lpr\components\analytics\videoos.lpr.plugin.tests\bin\x64\debug\videoos.lpr.plugin.tests.dll" id="74af225a-45a8-0b7f-1642-6f456e74762d">
      <Execution id="b132d9ed-7cd4-4872-a295-1de72b78a3c7" />
      <TestMethod codeBase="D:\actions-runner\_work\XPCO\XPCO\LPR\Components\Analytics\VideoOS.LPR.Plugin.Tests\bin\x64\Debug\VideoOS.LPR.Plugin.Tests.dll" adapterTypeName="executor://mstestadapter/v2" className="VideoOS.LPR.Plugin.Tests.Admin.Wizard.LprSettingsCalculatorTests" name="CalculateSettings_ShouldSnapDiscardRecognitionsBelowToBestPossibleValue_WhenAlways" />
    </UnitTest>
    <UnitTest name="ScalePolygon_ShouldExtendLine_WhenPolygonIsALine" storage="d:\actions-runner\_work\xpco\xpco\lpr\components\analytics\videoos.lpr.plugin.tests\bin\x64\debug\videoos.lpr.plugin.tests.dll" id="f79d828e-1932-eb38-e3bf-a4aa676ecb52">
      <Execution id="0f76fb16-ba87-42f1-9fa6-e9490e8f608f" />
      <TestMethod codeBase="D:\actions-runner\_work\XPCO\XPCO\LPR\Components\Analytics\VideoOS.LPR.Plugin.Tests\bin\x64\Debug\VideoOS.LPR.Plugin.Tests.dll" adapterTypeName="executor://mstestadapter/v2" className="VideoOS.LPR.Plugin.Tests.Admin.Wizard.AreaCalculatorTest" name="ScalePolygon_ShouldExtendLine_WhenPolygonIsALine" />
    </UnitTest>
    <UnitTest name="ReadAll_ShouldReadCustomData_WhenSingleCustomFieldAreQuoted" storage="d:\actions-runner\_work\xpco\xpco\lpr\components\analytics\videoos.lpr.plugin.tests\bin\x64\debug\videoos.lpr.plugin.tests.dll" id="ffdab596-1eb0-f088-0bf4-d0eb96be09b6">
      <Execution id="d6c8feae-0104-4247-8914-c758eac0da10" />
      <TestMethod codeBase="D:\actions-runner\_work\XPCO\XPCO\LPR\Components\Analytics\VideoOS.LPR.Plugin.Tests\bin\x64\Debug\VideoOS.LPR.Plugin.Tests.dll" adapterTypeName="executor://mstestadapter/v2" className="VideoOS.LPR.Plugin.Tests.Admin.PlateLists.LicensePlateCsvParserTests" name="ReadAll_ShouldReadCustomData_WhenSingleCustomFieldAreQuoted" />
    </UnitTest>
    <UnitTest name="OemResources_LPRP_ResourcePackageValidationTest (Milestone)" storage="d:\actions-runner\_work\xpco\xpco\lpr\components\analytics\videoos.lpr.plugin.tests\bin\x64\debug\videoos.lpr.plugin.tests.dll" id="d015b932-ad51-be8c-34e0-7a7c7ed934d5">
      <Execution id="c80d5a01-5d67-466c-a457-73e552b27af7" />
      <TestMethod codeBase="D:\actions-runner\_work\XPCO\XPCO\LPR\Components\Analytics\VideoOS.LPR.Plugin.Tests\bin\x64\Debug\VideoOS.LPR.Plugin.Tests.dll" adapterTypeName="executor://mstestadapter/v2" className="VideoOS.LPR.Plugin.Tests.Oem.OemPResourcesUnitTest" name="OemResources_LPRP_ResourcePackageValidationTest" />
    </UnitTest>
    <UnitTest name="DeleteLicensePlateLists_ShouldWork_WithMultipleExistingLists" storage="d:\actions-runner\_work\xpco\xpco\lpr\components\analytics\videoos.lpr.plugin.tests\bin\x64\debug\videoos.lpr.plugin.tests.dll" id="9eff7020-22d4-39f8-848e-954f610df107">
      <TestCategory>
        <TestCategoryItem TestCategory="IntegrationTest" />
      </TestCategory>
      <Execution id="427de579-7edb-4ad4-b9b4-3f55cf27362a" />
      <TestMethod codeBase="D:\actions-runner\_work\XPCO\XPCO\LPR\Components\Analytics\VideoOS.LPR.Plugin.Tests\bin\x64\Debug\VideoOS.LPR.Plugin.Tests.dll" adapterTypeName="executor://mstestadapter/v2" className="VideoOS.LPR.Plugin.Tests.PlateLists.DBLicensePlateListsIntegrationTests" name="DeleteLicensePlateLists_ShouldWork_WithMultipleExistingLists" />
    </UnitTest>
    <UnitTest name="GetLicensePlateCount_ShouldReturnPlateCount_WhenFilterIsNull" storage="d:\actions-runner\_work\xpco\xpco\lpr\components\analytics\videoos.lpr.plugin.tests\bin\x64\debug\videoos.lpr.plugin.tests.dll" id="c1619ba4-d3fb-6d86-89ee-10b9e32ac90e">
      <TestCategory>
        <TestCategoryItem TestCategory="IntegrationTest" />
      </TestCategory>
      <Execution id="571d6006-0f8e-4927-b0fc-22efb6528b0e" />
      <TestMethod codeBase="D:\actions-runner\_work\XPCO\XPCO\LPR\Components\Analytics\VideoOS.LPR.Plugin.Tests\bin\x64\Debug\VideoOS.LPR.Plugin.Tests.dll" adapterTypeName="executor://mstestadapter/v2" className="VideoOS.LPR.Plugin.Tests.PlateLists.DBLicensePlateListsIntegrationTests" name="GetLicensePlateCount_ShouldReturnPlateCount_WhenFilterIsNull" />
    </UnitTest>
    <UnitTest name="CalculateSettings_ShouldSnapMaximumCharacterHeightToBestPossibleValue_WhenAlways" storage="d:\actions-runner\_work\xpco\xpco\lpr\components\analytics\videoos.lpr.plugin.tests\bin\x64\debug\videoos.lpr.plugin.tests.dll" id="55b4ab3b-9035-1070-2168-6d3442fb1b5a">
      <Execution id="388675ee-92af-45ce-b9b7-aba580f95f30" />
      <TestMethod codeBase="D:\actions-runner\_work\XPCO\XPCO\LPR\Components\Analytics\VideoOS.LPR.Plugin.Tests\bin\x64\Debug\VideoOS.LPR.Plugin.Tests.dll" adapterTypeName="executor://mstestadapter/v2" className="VideoOS.LPR.Plugin.Tests.Admin.Wizard.LprSettingsCalculatorTests" name="CalculateSettings_ShouldSnapMaximumCharacterHeightToBestPossibleValue_WhenAlways" />
    </UnitTest>
    <UnitTest name="OemResources_ShouldHaveAll_LPRP_Test (Milestone)" storage="d:\actions-runner\_work\xpco\xpco\lpr\components\analytics\videoos.lpr.plugin.tests\bin\x64\debug\videoos.lpr.plugin.tests.dll" id="867e3b84-e8cf-c492-ab5b-3353293556c5">
      <Execution id="6bf6fed4-61a1-48da-8cbd-efdd856b013e" />
      <TestMethod codeBase="D:\actions-runner\_work\XPCO\XPCO\LPR\Components\Analytics\VideoOS.LPR.Plugin.Tests\bin\x64\Debug\VideoOS.LPR.Plugin.Tests.dll" adapterTypeName="executor://mstestadapter/v2" className="VideoOS.LPR.Plugin.Tests.Oem.OemPResourcesUnitTest" name="OemResources_ShouldHaveAll_LPRP_Test" />
    </UnitTest>
  </TestDefinitions>
  <TestEntries>
    <TestEntry testId="fe49a5d3-e76e-f5f7-c964-48a4b64f0a10" executionId="219359f5-3d20-42b1-9ed0-6dbf3e6a5b8b" testListId="8c84fa94-04c1-424b-9868-57a2d4851a1d" />
    <TestEntry testId="96711e81-3c41-141d-e3e8-8c16a5d5ea21" executionId="d439a94a-0837-4c52-b768-42dae8708684" testListId="8c84fa94-04c1-424b-9868-57a2d4851a1d" />
    <TestEntry testId="992f93d9-63c9-d3c0-9eaa-62bd7757139c" executionId="0569ded3-3f90-41a0-957e-d75f228b92d1" testListId="8c84fa94-04c1-424b-9868-57a2d4851a1d" />
    <TestEntry testId="1f346eea-4571-4fa6-0a62-34c91854fb96" executionId="1550d2e6-6d8b-4d42-8b40-2a3f7f23233a" testListId="8c84fa94-04c1-424b-9868-57a2d4851a1d" />
    <TestEntry testId="324cc22a-a236-8b9d-cd29-004c14f03a42" executionId="1362a465-f522-412c-ad7d-92f58cc96be3" testListId="8c84fa94-04c1-424b-9868-57a2d4851a1d" />
    <TestEntry testId="d97986ff-1ced-6c7e-014c-48ce186b7019" executionId="ee89dab8-6736-4d3d-a7fc-35ab75e3a918" testListId="8c84fa94-04c1-424b-9868-57a2d4851a1d" />
    <TestEntry testId="b2f84827-570b-51ee-3e89-3d989201894a" executionId="030178b5-16fd-4184-ab6e-65eebbf4405e" testListId="8c84fa94-04c1-424b-9868-57a2d4851a1d" />
    <TestEntry testId="8f62a4ab-8f23-4d6c-16eb-c34caa8255a1" executionId="cb52c4db-f18e-4ff6-8260-d2edaebc3d2d" testListId="8c84fa94-04c1-424b-9868-57a2d4851a1d" />
    <TestEntry testId="b39f9a7e-18cb-b606-0d06-cdb312ca6ef2" executionId="3a107357-af05-4483-9d90-087a64d4a913" testListId="8c84fa94-04c1-424b-9868-57a2d4851a1d" />
    <TestEntry testId="5d7a39fe-9f60-1a88-258a-4522529ccfae" executionId="f82879c6-0b38-4c53-8713-63c9f7281c57" testListId="8c84fa94-04c1-424b-9868-57a2d4851a1d" />
    <TestEntry testId="989a55c6-c085-ab5a-f3da-57af2582bbd2" executionId="307cbab0-d39b-4bec-adff-b9d4d0bdfae5" testListId="8c84fa94-04c1-424b-9868-57a2d4851a1d" />
    <TestEntry testId="ffdab596-1eb0-f088-0bf4-d0eb96be09b6" executionId="d6c8feae-0104-4247-8914-c758eac0da10" testListId="8c84fa94-04c1-424b-9868-57a2d4851a1d" />
    <TestEntry testId="96a70573-f33f-92f3-d4c3-113637811b4e" executionId="c688dbbc-6cee-4c4b-a348-1bfcce309122" testListId="8c84fa94-04c1-424b-9868-57a2d4851a1d" />
    <TestEntry testId="e4c516c0-7a11-2a03-132f-d592fd296598" executionId="d2804244-8b1e-4038-8571-d98e21593165" testListId="8c84fa94-04c1-424b-9868-57a2d4851a1d" />
    <TestEntry testId="9eff7020-22d4-39f8-848e-954f610df107" executionId="427de579-7edb-4ad4-b9b4-3f55cf27362a" testListId="8c84fa94-04c1-424b-9868-57a2d4851a1d" />
    <TestEntry testId="d78a2da4-32a4-8617-fa08-9b0da1605823" executionId="249774cd-b874-4784-889c-5d2104902f26" testListId="8c84fa94-04c1-424b-9868-57a2d4851a1d" />
    <TestEntry testId="ed38d618-870e-2b91-7abc-77b66b3caea8" executionId="e7817ce1-ddca-4e3f-bb8b-f597d72b150a" testListId="8c84fa94-04c1-424b-9868-57a2d4851a1d" />
    <TestEntry testId="f79d828e-1932-eb38-e3bf-a4aa676ecb52" executionId="0f76fb16-ba87-42f1-9fa6-e9490e8f608f" testListId="8c84fa94-04c1-424b-9868-57a2d4851a1d" />
    <TestEntry testId="d8afa319-3c27-deb9-6aa7-34583cc738bc" executionId="b0fae919-550c-425a-a538-413735376509" testListId="8c84fa94-04c1-424b-9868-57a2d4851a1d" />
    <TestEntry testId="9af0e000-46be-1f4c-727e-7d0b1e47d434" executionId="aa3f0d02-3b55-4695-a20c-9b44df28118a" testListId="8c84fa94-04c1-424b-9868-57a2d4851a1d" />
    <TestEntry testId="73096de6-e2f4-25b1-0c29-7c17adcba62a" executionId="6efa7a9d-0cb3-4203-a8f8-8b71eb5fdb7d" testListId="8c84fa94-04c1-424b-9868-57a2d4851a1d" />
    <TestEntry testId="c1619ba4-d3fb-6d86-89ee-10b9e32ac90e" executionId="571d6006-0f8e-4927-b0fc-22efb6528b0e" testListId="8c84fa94-04c1-424b-9868-57a2d4851a1d" />
    <TestEntry testId="8224854d-aabf-f1a5-444d-e950de2281e9" executionId="51e07b6b-7923-488b-acfc-53cf8ba6aa8a" testListId="8c84fa94-04c1-424b-9868-57a2d4851a1d" />
    <TestEntry testId="e58d02d0-d056-056c-d8b8-df84eb83afa3" executionId="9195b772-c3e0-4591-a0d0-217635217d92" testListId="8c84fa94-04c1-424b-9868-57a2d4851a1d" />
    <TestEntry testId="569e775a-daf1-3423-1afb-dfe57470a6bb" executionId="c1fc8fa1-c79c-4d3f-a933-8d4a57be4434" testListId="8c84fa94-04c1-424b-9868-57a2d4851a1d" />
    <TestEntry testId="00b34f81-2089-3f94-9351-bdc1e40b6f2d" executionId="fbc73dcd-8148-47c3-a973-fe745b93c659" testListId="8c84fa94-04c1-424b-9868-57a2d4851a1d" />
    <TestEntry testId="77ceee32-c5a7-6fe1-e01b-517ada5513cd" executionId="436018b4-62d5-44c9-bac8-5131e2dcbe76" testListId="8c84fa94-04c1-424b-9868-57a2d4851a1d" />
    <TestEntry testId="0c067266-e8a6-fe9d-eea3-02a8cad69fea" executionId="7de05494-0967-4c85-8b9a-cfa20ba99ad8" testListId="8c84fa94-04c1-424b-9868-57a2d4851a1d" />
    <TestEntry testId="995c3521-63dd-9d3e-5473-b176c212e036" executionId="dfc310eb-d20a-4dae-84fe-4c18f30ff97b" testListId="8c84fa94-04c1-424b-9868-57a2d4851a1d" />
    <TestEntry testId="899d2269-de49-4537-677d-3ab231e29ac1" executionId="e6fa35e8-bc54-4b37-828d-bbd3d3bc7a94" testListId="8c84fa94-04c1-424b-9868-57a2d4851a1d" />
    <TestEntry testId="3e288abc-9889-2613-0b5d-1ae45d8c7aad" executionId="ef52dc2c-1628-4223-9f16-0b95db8a3f76" testListId="8c84fa94-04c1-424b-9868-57a2d4851a1d" />
    <TestEntry testId="dc1d56ec-eda6-74be-fb67-0be8b87f939b" executionId="a051360b-eae1-44f8-8ec1-20facac5786a" testListId="8c84fa94-04c1-424b-9868-57a2d4851a1d" />
    <TestEntry testId="d6be2e8b-ff27-d98b-3302-d12ed9eee225" executionId="158fd438-1934-42a9-8f1a-a44634401e88" testListId="8c84fa94-04c1-424b-9868-57a2d4851a1d" />
    <TestEntry testId="0b6a88dd-de1e-a2ba-ba7f-07012bc3ef87" executionId="8b84f933-c0d2-4191-8237-1a3e095e4c01" testListId="8c84fa94-04c1-424b-9868-57a2d4851a1d" />
    <TestEntry testId="88f76bd9-76d6-83da-1d3d-63c7059bf48d" executionId="0e9b6271-89d6-4a13-aa3f-cdaee637282e" testListId="8c84fa94-04c1-424b-9868-57a2d4851a1d" />
    <TestEntry testId="3f6add65-c7ca-4100-2178-6d6bd5ce595e" executionId="04be033c-b050-4873-b0db-a42f4f648b0b" testListId="8c84fa94-04c1-424b-9868-57a2d4851a1d" />
    <TestEntry testId="8270228f-91ed-1b0d-b8ac-3ab5b5ae95c8" executionId="e0d8d9f0-fb1e-4633-b4b4-7f151f40d7a2" testListId="8c84fa94-04c1-424b-9868-57a2d4851a1d" />
    <TestEntry testId="53aec4aa-10fd-4b6b-3e2a-4203db7b9fc6" executionId="2e239445-996a-4f6a-b7dc-ece8e4953135" testListId="8c84fa94-04c1-424b-9868-57a2d4851a1d" />
    <TestEntry testId="867e3b84-e8cf-c492-ab5b-3353293556c5" executionId="6bf6fed4-61a1-48da-8cbd-efdd856b013e" testListId="8c84fa94-04c1-424b-9868-57a2d4851a1d" />
    <TestEntry testId="3d87197c-ec4c-e577-1545-208788ce90af" executionId="d5f2e6c1-84c1-49a6-8e2d-88d88eb6cd20" testListId="8c84fa94-04c1-424b-9868-57a2d4851a1d" />
    <TestEntry testId="b75ee676-9c5c-6697-1e11-717fcba94721" executionId="592a9356-1388-41cb-a5a7-57ff6557f37e" testListId="8c84fa94-04c1-424b-9868-57a2d4851a1d" />
    <TestEntry testId="1d421e5a-15d0-385b-b59e-df26e894f58a" executionId="a9eb4480-f215-4759-a5d3-be953ea77c64" testListId="8c84fa94-04c1-424b-9868-57a2d4851a1d" />
    <TestEntry testId="9f22d4ba-a373-b916-45b6-26f95b995da9" executionId="e011f12a-4eb4-45fb-b3ec-d11e13b36ae1" testListId="8c84fa94-04c1-424b-9868-57a2d4851a1d" />
    <TestEntry testId="e5865cb5-9609-f4d9-fb67-d42089c48ce2" executionId="8ff3ad12-d47a-4357-ab5f-de8691486ecb" testListId="8c84fa94-04c1-424b-9868-57a2d4851a1d" />
    <TestEntry testId="4275eca9-8594-474d-c71b-6bd41ac517b3" executionId="8ef774c9-72f8-4c2c-b56c-3e9bc0ee68a5" testListId="8c84fa94-04c1-424b-9868-57a2d4851a1d" />
    <TestEntry testId="03fd2a6e-9f05-6751-6d54-faf4df0e49bd" executionId="df82071a-9062-46a5-a661-9aa31f58b646" testListId="8c84fa94-04c1-424b-9868-57a2d4851a1d" />
    <TestEntry testId="acf43d83-106d-b422-6114-d4ceeba74f2a" executionId="b379a172-5ac9-4bf7-996d-03dc45d8c405" testListId="8c84fa94-04c1-424b-9868-57a2d4851a1d" />
    <TestEntry testId="238c9c9c-e6ec-b50a-d959-8ee94a6a00b1" executionId="0de5dfca-1a81-47b7-802a-124d2eaa2516" testListId="8c84fa94-04c1-424b-9868-57a2d4851a1d" />
    <TestEntry testId="2d1337b1-7fdd-42e4-fd23-0d9545acef69" executionId="9e4b4d4f-fa37-46f1-b080-1351f1694c3c" testListId="8c84fa94-04c1-424b-9868-57a2d4851a1d" />
    <TestEntry testId="1ab4241f-ca3c-874a-d880-d97fb66b15c4" executionId="2c8b2e2d-d482-409b-b27b-aff699ab2af6" testListId="8c84fa94-04c1-424b-9868-57a2d4851a1d" />
    <TestEntry testId="f70e8a19-d875-1371-a3f4-06591d482ed3" executionId="62b95b35-6a16-4add-9157-6e1197c68c20" testListId="8c84fa94-04c1-424b-9868-57a2d4851a1d" />
    <TestEntry testId="74af225a-45a8-0b7f-1642-6f456e74762d" executionId="b132d9ed-7cd4-4872-a295-1de72b78a3c7" testListId="8c84fa94-04c1-424b-9868-57a2d4851a1d" />
    <TestEntry testId="5ae4b282-0980-6e97-af3d-bb0fe0f64019" executionId="6ea1e231-6c27-495f-9ba5-0a0d21a7b045" testListId="8c84fa94-04c1-424b-9868-57a2d4851a1d" />
    <TestEntry testId="273fc1ee-e0cb-47d8-95a7-2efe72733db9" executionId="7f61f013-068a-4a0b-9fb0-fe9462a1eaa3" testListId="8c84fa94-04c1-424b-9868-57a2d4851a1d" />
    <TestEntry testId="0582894d-86ed-b03a-31bd-8dcd36498e4d" executionId="66585b3b-71c9-4a09-b459-535a26ad0663" testListId="8c84fa94-04c1-424b-9868-57a2d4851a1d" />
    <TestEntry testId="58c73666-f5e2-b728-7ec4-84320afe35be" executionId="311bed91-2401-41cd-a6d8-4a2c2d88ed66" testListId="8c84fa94-04c1-424b-9868-57a2d4851a1d" />
    <TestEntry testId="88c3ddf6-3748-3bf0-7dac-0ec006fca0db" executionId="5da146e7-3336-4d6b-b59d-04869b6d3d3d" testListId="8c84fa94-04c1-424b-9868-57a2d4851a1d" />
    <TestEntry testId="95a75e6e-d5c0-6e98-20f5-308c1af3f521" executionId="8359adb3-c1ac-467b-b4a3-7703013e78bf" testListId="8c84fa94-04c1-424b-9868-57a2d4851a1d" />
    <TestEntry testId="44146d8e-51a9-2614-b9f7-88f8b588d00b" executionId="48167e53-3fc6-4c6a-99b3-22217ef79b32" testListId="8c84fa94-04c1-424b-9868-57a2d4851a1d" />
    <TestEntry testId="21eb8c28-ad23-ef11-5897-519a6af3fb5d" executionId="6d3aff9a-59e5-4b82-95f7-8b1881c36391" testListId="8c84fa94-04c1-424b-9868-57a2d4851a1d" />
    <TestEntry testId="b55afa51-354b-88e9-3d7a-f6c0d08da3e9" executionId="6a7e9134-bd6e-4c27-b1f3-8110f54dee85" testListId="8c84fa94-04c1-424b-9868-57a2d4851a1d" />
    <TestEntry testId="4811dd58-8288-e733-80c2-7406a0dd8309" executionId="0e914898-1bb2-4374-a351-1386bf2d1c72" testListId="8c84fa94-04c1-424b-9868-57a2d4851a1d" />
    <TestEntry testId="4e1de1be-f717-2d71-bf1e-effa69b2942a" executionId="3f2c8d74-da5a-4c2a-b248-103b7fe6d755" testListId="8c84fa94-04c1-424b-9868-57a2d4851a1d" />
    <TestEntry testId="a57ec42b-7749-002c-3ebb-377d48d3a5ac" executionId="2c3957e2-cd22-4b53-9022-1e44c535589c" testListId="8c84fa94-04c1-424b-9868-57a2d4851a1d" />
    <TestEntry testId="ac5ec232-4837-8d42-548d-8b7b2c1cc034" executionId="a9ec38ee-9446-4d5e-82b1-b35892567d34" testListId="8c84fa94-04c1-424b-9868-57a2d4851a1d" />
    <TestEntry testId="767d4092-9ef8-ccb5-be39-8553a4e4eee0" executionId="fe08c625-7dd6-40ba-89a7-bc82adc787aa" testListId="8c84fa94-04c1-424b-9868-57a2d4851a1d" />
    <TestEntry testId="cb0646e7-a23c-3563-fcf2-2f62755aacd7" executionId="aa7b57c1-e4b3-40a2-9b5f-97bee61f1b44" testListId="8c84fa94-04c1-424b-9868-57a2d4851a1d" />
    <TestEntry testId="18c67bf3-f174-60ea-06b4-47658d06e53d" executionId="9a13f631-6177-47de-9e83-146a3acf1b53" testListId="8c84fa94-04c1-424b-9868-57a2d4851a1d" />
    <TestEntry testId="967343c8-6771-00af-1053-8bb5152d1e5f" executionId="bb4533fa-de84-4859-b97b-f57ffbef92a6" testListId="8c84fa94-04c1-424b-9868-57a2d4851a1d" />
    <TestEntry testId="06ac4404-09c5-fe20-a5aa-b2889d485284" executionId="8eaa35b7-5c79-4e5d-9411-4215fbb718bf" testListId="8c84fa94-04c1-424b-9868-57a2d4851a1d" />
    <TestEntry testId="b7771fa3-0215-d7bd-7825-5cdfa885e776" executionId="5df40ec4-5165-41c4-a2f9-f1920f6377a0" testListId="8c84fa94-04c1-424b-9868-57a2d4851a1d" />
    <TestEntry testId="535040f7-f3a5-9290-1cb5-003df89de012" executionId="e91a33bd-4418-4150-85bb-de00de94ee8f" testListId="8c84fa94-04c1-424b-9868-57a2d4851a1d" />
    <TestEntry testId="f9ac8d75-f37e-3168-2663-364c0ddbd6f9" executionId="b669f77f-bbae-4b70-ade4-40019df14905" testListId="8c84fa94-04c1-424b-9868-57a2d4851a1d" />
    <TestEntry testId="26528825-b163-6e1e-18ae-e9556371739c" executionId="93956f2a-62e3-4064-ab47-ac50eac812aa" testListId="8c84fa94-04c1-424b-9868-57a2d4851a1d" />
    <TestEntry testId="cd7e9ee2-6e32-f263-e0de-ebe9ab917813" executionId="17a71a1b-ef5a-4080-9c1d-7ad99953fddc" testListId="8c84fa94-04c1-424b-9868-57a2d4851a1d" />
    <TestEntry testId="0a1e613f-5a93-7a8e-e917-9f6b5c9af2e7" executionId="a04dadd4-726e-476e-afab-15cbff20d4b1" testListId="8c84fa94-04c1-424b-9868-57a2d4851a1d" />
    <TestEntry testId="0cf0ce6f-dc77-4040-7512-bdca1ef6f5a0" executionId="8196d417-4369-4a6b-a443-c3edde8f2ef7" testListId="8c84fa94-04c1-424b-9868-57a2d4851a1d" />
    <TestEntry testId="01eae93f-7e2b-ea9a-7065-08c3b70588c8" executionId="8ac4752b-c0f0-418c-a69e-37bc9be38cab" testListId="8c84fa94-04c1-424b-9868-57a2d4851a1d" />
    <TestEntry testId="7185d271-debf-4c9e-1685-470aabbfb638" executionId="d49423a6-13d1-4c95-be45-8d51eaa40878" testListId="8c84fa94-04c1-424b-9868-57a2d4851a1d" />
    <TestEntry testId="b6cc2179-3195-c255-4d79-d460889a0056" executionId="aed0c5ab-3181-4a6c-80b2-c765417002ef" testListId="8c84fa94-04c1-424b-9868-57a2d4851a1d" />
    <TestEntry testId="38fbd510-9979-2d95-c4b3-de5a785dc181" executionId="42085b05-296d-4db2-8a89-12d0a6c9f437" testListId="8c84fa94-04c1-424b-9868-57a2d4851a1d" />
    <TestEntry testId="774a03b5-9bb4-3dd2-a292-93869a7a2f2c" executionId="0fb44c3e-735d-480f-8dfe-210d5fd6f9c0" testListId="8c84fa94-04c1-424b-9868-57a2d4851a1d" />
    <TestEntry testId="c053d3f3-ca47-37f4-b66c-e8f2a69d3546" executionId="d2808828-31bd-4935-ac2c-5564b41c3160" testListId="8c84fa94-04c1-424b-9868-57a2d4851a1d" />
    <TestEntry testId="d72817a1-5a5d-b4ba-5444-fc4995b54f10" executionId="561d97ff-1c01-4d03-ab8f-e610cb83cb7f" testListId="8c84fa94-04c1-424b-9868-57a2d4851a1d" />
    <TestEntry testId="ddb3e455-e9d6-bcbe-c1af-a679d954c864" executionId="ae7d9746-cd85-4b9a-a584-8558c6caa7a8" testListId="8c84fa94-04c1-424b-9868-57a2d4851a1d" />
    <TestEntry testId="2fa3a4d2-418f-da75-84e7-a886262bed85" executionId="b8e74819-851c-415b-b8a6-52ab2bd84c08" testListId="8c84fa94-04c1-424b-9868-57a2d4851a1d" />
    <TestEntry testId="73c2a408-b507-367b-48ef-10013961abd3" executionId="13543992-795a-44f6-bfe3-ed099fb5a101" testListId="8c84fa94-04c1-424b-9868-57a2d4851a1d" />
    <TestEntry testId="b743f662-afd5-1e32-a638-54a206226b67" executionId="b06edcae-2efb-4992-9b61-5b176270d1f1" testListId="8c84fa94-04c1-424b-9868-57a2d4851a1d" />
    <TestEntry testId="2f5e30ac-2e6b-9e02-cab2-2c4d3c3da27e" executionId="875eb1c9-4e6a-4dd8-aca4-289b97bcc133" testListId="8c84fa94-04c1-424b-9868-57a2d4851a1d" />
    <TestEntry testId="3023a36a-9a1f-8afb-d8ba-4854e928de27" executionId="0e4b48f0-8106-4874-b2df-822d5c874acd" testListId="8c84fa94-04c1-424b-9868-57a2d4851a1d" />
    <TestEntry testId="22e47dc6-f6fe-a413-ab97-7197681e84c0" executionId="dbaad5c8-c011-4ee1-b409-8dac498bd094" testListId="8c84fa94-04c1-424b-9868-57a2d4851a1d" />
    <TestEntry testId="40a58e02-4c9f-9295-67bb-70af85106e7b" executionId="f03278f1-650d-4106-8bf9-e926cf1a717f" testListId="8c84fa94-04c1-424b-9868-57a2d4851a1d" />
    <TestEntry testId="6e0f36b1-9acf-813c-d623-6fc47ae0d1eb" executionId="98765aae-b653-4d8a-959e-1d255ad7a3ba" testListId="8c84fa94-04c1-424b-9868-57a2d4851a1d" />
    <TestEntry testId="4f838684-752c-bfa1-7ba0-e8c5c849c03e" executionId="e24ab9ac-ebc6-42f5-9152-95c60d74e70e" testListId="8c84fa94-04c1-424b-9868-57a2d4851a1d" />
    <TestEntry testId="a3e669b7-926f-8c66-9d34-d19bdcebe42a" executionId="f0a04dc6-6262-47f1-b22c-55435590b987" testListId="8c84fa94-04c1-424b-9868-57a2d4851a1d" />
    <TestEntry testId="ce2a7bb6-05f1-a597-72a6-43940ad389ea" executionId="c28b7aba-10ec-46f0-8e40-d2df368776c7" testListId="8c84fa94-04c1-424b-9868-57a2d4851a1d" />
    <TestEntry testId="1a2deff3-ec02-7fe7-b11f-9b924734f0ac" executionId="70e5f140-ff98-45f9-9ae9-1d6c580e8247" testListId="8c84fa94-04c1-424b-9868-57a2d4851a1d" />
    <TestEntry testId="7cfb86e6-f70e-9ee3-1c4c-ce7d7f288f6b" executionId="a2bec461-2a5f-4dec-a687-ce6eb8a1ef0d" testListId="8c84fa94-04c1-424b-9868-57a2d4851a1d" />
    <TestEntry testId="b7468ef1-5d72-09d6-ee16-83fabf2aa523" executionId="034f973b-8829-4e55-92f4-5cd106cedc7c" testListId="8c84fa94-04c1-424b-9868-57a2d4851a1d" />
    <TestEntry testId="e5bad55c-b729-12f2-c54a-9e931daca18b" executionId="344c618b-f9f1-4360-926e-a56e340fc02a" testListId="8c84fa94-04c1-424b-9868-57a2d4851a1d" />
    <TestEntry testId="8df9d7d6-8859-8cc0-86c4-201c19eb125a" executionId="a6965aa8-b880-40ee-88a3-7b2308078769" testListId="8c84fa94-04c1-424b-9868-57a2d4851a1d" />
    <TestEntry testId="3853545d-8624-be4f-7550-68b10c7fd0fe" executionId="0ad7e38b-b5bd-4ae2-af58-affcadd434b7" testListId="8c84fa94-04c1-424b-9868-57a2d4851a1d" />
    <TestEntry testId="355d22c2-03f8-6c86-fbf5-3fc2f80ecfcd" executionId="57b962c6-2321-44a5-99ed-64e5fe7cf1cb" testListId="8c84fa94-04c1-424b-9868-57a2d4851a1d" />
    <TestEntry testId="1d064e0c-9689-2341-f2ae-f87ef219812e" executionId="e122eac9-8b0a-4019-b697-57c6b7e4eece" testListId="8c84fa94-04c1-424b-9868-57a2d4851a1d" />
    <TestEntry testId="40bd2f77-2558-7975-f0b4-98ed689376e0" executionId="ae5eb75f-1d38-4360-b08e-911adcb753d6" testListId="8c84fa94-04c1-424b-9868-57a2d4851a1d" />
    <TestEntry testId="5f1104aa-3df4-1325-2fb9-d56be8285c65" executionId="402eb125-fd86-4a24-bc44-338adcef6878" testListId="8c84fa94-04c1-424b-9868-57a2d4851a1d" />
    <TestEntry testId="8ca59149-7d8f-76d5-56ed-8058215457f8" executionId="2118f3d9-d05b-423f-b721-ca9c5cec8908" testListId="8c84fa94-04c1-424b-9868-57a2d4851a1d" />
    <TestEntry testId="60791372-e83f-561c-5092-5078202b9074" executionId="112c5f2b-2fbd-4e4d-8a69-3b672d547e70" testListId="8c84fa94-04c1-424b-9868-57a2d4851a1d" />
    <TestEntry testId="524423e0-edfe-cab4-97da-169ad8ead742" executionId="fa1dc7fb-a77e-4e87-8fb2-c398298cc6cf" testListId="8c84fa94-04c1-424b-9868-57a2d4851a1d" />
    <TestEntry testId="a5780bc2-e5cf-d290-dd99-27904b62f74d" executionId="6604a761-7f19-4391-b013-8a6d32f680ea" testListId="8c84fa94-04c1-424b-9868-57a2d4851a1d" />
    <TestEntry testId="55b4ab3b-9035-1070-2168-6d3442fb1b5a" executionId="388675ee-92af-45ce-b9b7-aba580f95f30" testListId="8c84fa94-04c1-424b-9868-57a2d4851a1d" />
    <TestEntry testId="5e7aecc9-275c-b213-88db-4924c3a08510" executionId="729073a1-db07-40bc-bc21-fdab67806f4f" testListId="8c84fa94-04c1-424b-9868-57a2d4851a1d" />
    <TestEntry testId="ccfb19ea-a68e-2ede-0520-a378256baa7f" executionId="9867e7f3-34a4-42f0-a382-6a039fd45083" testListId="8c84fa94-04c1-424b-9868-57a2d4851a1d" />
    <TestEntry testId="1601fabf-62f6-891c-1f55-b932f09eeb20" executionId="cd07c002-6f71-4777-ba98-4f625d7da99b" testListId="8c84fa94-04c1-424b-9868-57a2d4851a1d" />
    <TestEntry testId="a67cbcbe-1484-d73d-7b2c-f19661b2c845" executionId="20f43de4-8aa1-45cc-b745-28ba2163068d" testListId="8c84fa94-04c1-424b-9868-57a2d4851a1d" />
    <TestEntry testId="5c566e8f-d40f-7110-503e-d17e7bc5167e" executionId="e31413be-ca9a-4c92-a188-3bf8cb8c5cdc" testListId="8c84fa94-04c1-424b-9868-57a2d4851a1d" />
    <TestEntry testId="ed1896a9-cd63-0fbe-3e6e-ff2c39840503" executionId="58f5f353-7224-4c05-af5e-1bbc25ec83d3" testListId="8c84fa94-04c1-424b-9868-57a2d4851a1d" />
    <TestEntry testId="6ac3e2e7-81a3-cad9-bca9-123915148a79" executionId="ca2d58ee-3b69-4e50-bfa5-25ff322a67c9" testListId="8c84fa94-04c1-424b-9868-57a2d4851a1d" />
    <TestEntry testId="511f95cc-5a95-1392-8bc9-d3dd5295059a" executionId="67daba78-2fe5-4f3d-9620-df849682fa2b" testListId="8c84fa94-04c1-424b-9868-57a2d4851a1d" />
    <TestEntry testId="b6d26d95-ecbd-37ea-6653-043cdb749c3b" executionId="e6a6c636-0f8e-4538-94b6-d3dcc3b0e248" testListId="8c84fa94-04c1-424b-9868-57a2d4851a1d" />
    <TestEntry testId="d015b932-ad51-be8c-34e0-7a7c7ed934d5" executionId="c80d5a01-5d67-466c-a457-73e552b27af7" testListId="8c84fa94-04c1-424b-9868-57a2d4851a1d" />
    <TestEntry testId="e206b56f-dc68-12e4-63f8-27340bfcfe7d" executionId="c30ed25c-e736-437e-9c8c-a4c89b38278c" testListId="8c84fa94-04c1-424b-9868-57a2d4851a1d" />
    <TestEntry testId="40508888-2cc6-bb30-bca2-25b88be69dfa" executionId="a4d4cea0-b977-403a-867c-84493fef3b2b" testListId="8c84fa94-04c1-424b-9868-57a2d4851a1d" />
    <TestEntry testId="66a16479-9a7a-3054-93f5-87e5fc88149a" executionId="18bb7f21-dfb0-4611-b56c-af5cdeea5846" testListId="8c84fa94-04c1-424b-9868-57a2d4851a1d" />
    <TestEntry testId="f02c5fc7-6cc1-336a-6c43-2cc307b6b18f" executionId="add3a003-0cdc-4c83-ab06-9c5926b89d3d" testListId="8c84fa94-04c1-424b-9868-57a2d4851a1d" />
    <TestEntry testId="9fe3e248-53fc-8800-f8f1-26ef0d2a7e38" executionId="a8819340-08f7-4b2c-8875-1c9b90391aad" testListId="8c84fa94-04c1-424b-9868-57a2d4851a1d" />
    <TestEntry testId="4a5d1081-d3e3-3857-3cea-97ca2cea9202" executionId="3df469f5-fed3-40e1-9416-2a393353d9ea" testListId="8c84fa94-04c1-424b-9868-57a2d4851a1d" />
    <TestEntry testId="19a51d20-0ac4-8aaa-9bd8-2d8a47fc57a2" executionId="4759a13e-da55-41cf-84ff-be71bb112b2d" testListId="8c84fa94-04c1-424b-9868-57a2d4851a1d" />
    <TestEntry testId="7e1855bf-6108-737d-d4a2-dc561e85969f" executionId="b0728d1b-bd1d-4695-875e-3df212f29593" testListId="8c84fa94-04c1-424b-9868-57a2d4851a1d" />
    <TestEntry testId="8f7d0cae-de01-8864-5035-d8f16196b9c2" executionId="6d07e371-b7bf-49a3-a23d-fb6ef1d6765c" testListId="8c84fa94-04c1-424b-9868-57a2d4851a1d" />
    <TestEntry testId="e3bc5aaf-a95f-a75f-5c18-448aba031700" executionId="c88f667a-fa66-4a99-91c6-4daefe48890c" testListId="8c84fa94-04c1-424b-9868-57a2d4851a1d" />
    <TestEntry testId="26f0646f-1ecf-68a0-d246-ae7f5cbc8810" executionId="13137148-73c0-4051-b9e9-c81d9b6e15d3" testListId="8c84fa94-04c1-424b-9868-57a2d4851a1d" />
    <TestEntry testId="7c08b041-e758-d71b-bc56-920a73158a2c" executionId="a9724aad-fdd4-4174-9407-920f467fd3a7" testListId="8c84fa94-04c1-424b-9868-57a2d4851a1d" />
    <TestEntry testId="8cb9001c-6357-3178-d04d-84669caf2111" executionId="e44138d5-3b28-4574-a0cd-1cec7e016b8a" testListId="8c84fa94-04c1-424b-9868-57a2d4851a1d" />
    <TestEntry testId="beb596e7-f18b-af95-fbdb-3895347a42c8" executionId="4666636d-90b3-4515-8153-79d111902492" testListId="8c84fa94-04c1-424b-9868-57a2d4851a1d" />
    <TestEntry testId="034cfddf-36c4-9df7-5be2-9ad9edb1c44c" executionId="b3a92e5a-f844-4e0f-ac89-090a5838b712" testListId="8c84fa94-04c1-424b-9868-57a2d4851a1d" />
    <TestEntry testId="5943b9ff-e2e2-b85f-93a2-4fa21552fd07" executionId="eaeeaeef-98ed-4b02-ad29-a6220bd98af9" testListId="8c84fa94-04c1-424b-9868-57a2d4851a1d" />
    <TestEntry testId="8ce0d05e-8474-6d22-5f3d-cdd2bd2069f3" executionId="0805240d-4115-475d-86a8-5a79efc6e76a" testListId="8c84fa94-04c1-424b-9868-57a2d4851a1d" />
    <TestEntry testId="69c4b06d-cbaf-baf3-0ed6-1567f0f85722" executionId="bfe3ea9c-47d5-4d02-ab77-a303696a7beb" testListId="8c84fa94-04c1-424b-9868-57a2d4851a1d" />
    <TestEntry testId="5d9f3303-c807-5c5c-8783-f57612f8d3d9" executionId="51603a27-4ca2-4fa2-a5d6-57e8d304ba69" testListId="8c84fa94-04c1-424b-9868-57a2d4851a1d" />
    <TestEntry testId="89653ee9-f2d3-8562-1e33-3609a029ac65" executionId="5dbb63db-8994-4de3-b293-3ed2e0f0d596" testListId="8c84fa94-04c1-424b-9868-57a2d4851a1d" />
  </TestEntries>
  <TestLists>
    <TestList name="Results Not in a List" id="8c84fa94-04c1-424b-9868-57a2d4851a1d" />
    <TestList name="All Loaded Results" id="19431567-8539-422a-85d7-44ee4e166bda" />
  </TestLists>
  <ResultSummary outcome="Completed">
    <Counters total="141" executed="107" passed="107" failed="0" error="0" timeout="0" aborted="0" inconclusive="0" passedButRunAborted="0" notRunnable="0" notExecuted="0" disconnected="0" warning="0" completed="0" inProgress="0" pending="0" />
    <Output>
      <StdOut>Test 'GetLicensePlateLists_ShouldContainsOnlyUnregisteredPlateList_Initially' was skipped in the test run.&#xD;
Test 'AddLicensePlateList_ShouldWork' was skipped in the test run.&#xD;
Test 'RenameLicensePlateList_ShouldWork_WhenListExists' was skipped in the test run.&#xD;
Test 'ModifyLicensePlateList_ShouldWork_WhenListExists_AndAllColumnsAreSet' was skipped in the test run.&#xD;
Test 'ModifyLicensePlateList_ShouldWork_WhenListExists_AndSomeColumnsAreMissing' was skipped in the test run.&#xD;
Test 'ModifyLicensePlateList_ShouldDeletePropertyValues_WhenPropertyIsDeleted' was skipped in the test run.&#xD;
Test 'ModifyLicensePlateList_ShouldNotDeleteOtherListPropertyValues_WhenPropertyIsDeleted' was skipped in the test run.&#xD;
Test 'DeleteLicensePlateList_ShouldWork_WithExistingList' was skipped in the test run.&#xD;
Test 'DeleteLicensePlateLists_ShouldWork_WithMultipleExistingLists' was skipped in the test run.&#xD;
Test 'DeleteLicensePlateList_ShouldNotDeleteOtherLists_WithExistingList' was skipped in the test run.&#xD;
Test 'AddLicensePlates_ShouldReturnAddedCount_WhenAddingSeveralNormalPlates' was skipped in the test run.&#xD;
Test 'AddWildcardLicensePlates_ShouldReturnAddedCount_WhenAddingSeveralWildcardPlates' was skipped in the test run.&#xD;
Test 'AddLicensePlates_ShouldOverwriteLicensePlate_WhenLicensePlateExists' was skipped in the test run.&#xD;
Test 'AddLicensePlates_ShouldOverwriteLicensePlate_WhenLicensePlateExists_AndIsWildcardPlate' was skipped in the test run.&#xD;
Test 'DeleteLicensePlates_ShouldReturnDeletedCount_WhenPlatesExist' was skipped in the test run.&#xD;
Test 'DeleteLicensePlates_ShouldDeletePlates_WhenPlatesExist' was skipped in the test run.&#xD;
Test 'ClearLicensePlates_ShouldReturnDeletedCount_WhenPlatesExist' was skipped in the test run.&#xD;
Test 'ClearLicensePlates_ShouldClearSpecifiedList_WhenListExists' was skipped in the test run.&#xD;
Test 'ClearLicensePlates_ShouldNotClearOtherLists_WhenOtherListsExist' was skipped in the test run.&#xD;
Test 'GetLicensePlates_ShouldReturnAllAddedPlates_WhenFilterIsNull' was skipped in the test run.&#xD;
Test 'GetLicensePlates_ShouldReturnSpecifiedCount_WhenCountIsLessThenTotal' was skipped in the test run.&#xD;
Test 'GetLicensePlates_ShouldReturnSpecifiedPage_WhenStartIndexIsGreaterThan0' was skipped in the test run.&#xD;
Test 'GetLicensePlates_ShouldReturnFewerPlates_WhenNoMorePlatesAvailable' was skipped in the test run.&#xD;
Test 'GetLicensePlates_ShouldReturnMatchingPlates_WhenFilterMatchesNormalPlate' was skipped in the test run.&#xD;
Test 'GetLicensePlates_ShouldReturnMatchingPlates_WhenFilterMatchesWildcardPlate' was skipped in the test run.&#xD;
Test 'GetLicensePlates_ShouldReturnMatchingPlates_WhenFilterMatchesStartOfPlate' was skipped in the test run.&#xD;
Test 'GetLicensePlates_ShouldReturnMatchingPlates_WhenFilterContainsWildcard' was skipped in the test run.&#xD;
Test 'GetLicensePlates_ShouldReturnEmptyProperty_WhenPropertyNotSet' was skipped in the test run.&#xD;
Test 'GetLicensePlates_ShouldNotReturnProperty_WhenPropertyNotDefined' was skipped in the test run.&#xD;
Test 'GetLicensePlateCount_ShouldReturnPlateCount_WhenFilterIsNull' was skipped in the test run.&#xD;
Test 'GetLicensePlateCount_ShouldReturnMatchingPlateCount_WhenFilterMatchesStartOfPlate' was skipped in the test run.&#xD;
Test 'LookupLicensePlates_ShouldReturnMatchingLists_WhenPlatesMatchNormalPlates' was skipped in the test run.&#xD;
Test 'LookupLicensePlates_ShouldReturnEmpty_WhenPlatesDoNotExists' was skipped in the test run.&#xD;
Test 'LookupLicensePlates2_ShouldReturnMatchingLists_WhenPlatesMatchNormalPlates' was skipped in the test run.&#xD;
</StdOut>
    </Output>
  </ResultSummary>
</TestRun>