<?xml version="1.0" encoding="utf-8"?>
<TestRun id="372fede1-aad5-4524-8b4d-85ecfc7a67de" name="DKSR-EFI-06$@DKSR-EFI-06 2024-01-09 15:41:04" runUser="NT AUTHORITY\NETWORK SERVICE" xmlns="http://microsoft.com/schemas/VisualStudio/TeamTest/2010">
  <Times creation="2024-01-09T15:41:04.4193849+01:00" queuing="2024-01-09T15:41:04.4193849+01:00" start="2024-01-09T15:41:02.1537486+01:00" finish="2024-01-09T15:42:46.2321609+01:00" />
  <TestSettings name="default" id="f57a5bee-9db8-486a-8361-8d3e18190892">
    <Deployment runDeploymentRoot="DKSR-EFI-06$_DKSR-EFI-06_2024-01-09_15_41_04" />
  </TestSettings>
  <Results>
    <UnitTestResult executionId="ab24922b-6fae-4846-82b4-9a9b79c680f1" testId="d3aefef5-c41d-952b-949f-1b0db02ec76d" testName="PreExecute_StopServiceThrowsException_ServiceConfigurationExceptionThrown" computerName="DKSR-EFI-06" duration="00:00:00.0023079" startTime="2024-01-09T15:42:45.6227821+01:00" endTime="2024-01-09T15:42:45.6227821+01:00" testType="13cdc9d9-ddb5-4fa4-a97d-d965ccfc6d4b" outcome="Passed" testListId="8c84fa94-04c1-424b-9868-57a2d4851a1d" relativeResultsDirectory="ab24922b-6fae-4846-82b4-9a9b79c680f1" />
    <UnitTestResult executionId="4036c15a-8295-4e37-a9f6-a33144cac404" testId="9bf51f39-7b99-ae61-e144-e563cf172e93" testName="RegisterClient_RegisterClientThrowsHttpRequestException_AuthorizationServerNotFoundIsReturned" computerName="DKSR-EFI-06" duration="00:00:30.1241105" startTime="2024-01-09T15:41:14.7475367+01:00" endTime="2024-01-09T15:41:44.8726514+01:00" testType="13cdc9d9-ddb5-4fa4-a97d-d965ccfc6d4b" outcome="Passed" testListId="8c84fa94-04c1-424b-9868-57a2d4851a1d" relativeResultsDirectory="4036c15a-8295-4e37-a9f6-a33144cac404" />
    <UnitTestResult executionId="c38920d2-b747-4852-85bd-ec04dc794ae5" testId="5818bfd6-f7d1-a08c-dce1-112f30fa95f7" testName="RegisterClientWithRetry_Success" computerName="DKSR-EFI-06" duration="00:00:00.2846783" startTime="2024-01-09T15:41:04.1381380+01:00" endTime="2024-01-09T15:41:04.4193849+01:00" testType="13cdc9d9-ddb5-4fa4-a97d-d965ccfc6d4b" outcome="Passed" testListId="8c84fa94-04c1-424b-9868-57a2d4851a1d" relativeResultsDirectory="c38920d2-b747-4852-85bd-ec04dc794ae5" />
    <UnitTestResult executionId="75c1ca6f-d918-4ac7-a624-2ff9a9d5e209" testId="52b604cd-1b5f-3fea-5be0-4a4e1ecb76b6" testName="Given_ClassThatInheritsBaseClass_When_SettingAnAddressThatIsPresentWithWebExceptionWithNotFound_Then_RegistrationReturnsMsNotFound" computerName="DKSR-EFI-06" duration="00:00:00.0015659" startTime="2024-01-09T15:42:45.5602831+01:00" endTime="2024-01-09T15:42:45.5759070+01:00" testType="13cdc9d9-ddb5-4fa4-a97d-d965ccfc6d4b" outcome="Passed" testListId="8c84fa94-04c1-424b-9868-57a2d4851a1d" relativeResultsDirectory="75c1ca6f-d918-4ac7-a624-2ff9a9d5e209" />
    <UnitTestResult executionId="284b845b-133e-451d-992a-3c6770c96cc6" testId="0279fe0a-9bc6-8f00-7ac7-de06e6aceb8a" testName="Given_ClassThatInheritsBaseClass_When_SettingAnAddressThatIsPresentWithWebExceptionInsufficientCredentials_Then_RegistrationSucceedsAndNoWarningsAreLogged" computerName="DKSR-EFI-06" duration="00:00:00.0040058" startTime="2024-01-09T15:42:45.5602831+01:00" endTime="2024-01-09T15:42:45.5602831+01:00" testType="13cdc9d9-ddb5-4fa4-a97d-d965ccfc6d4b" outcome="Passed" testListId="8c84fa94-04c1-424b-9868-57a2d4851a1d" relativeResultsDirectory="284b845b-133e-451d-992a-3c6770c96cc6" />
    <UnitTestResult executionId="785ac9dd-7182-40d6-aa7e-128d2cc15d59" testId="a6b15578-45a2-ca78-3a0d-4cb04c7bfe7b" testName="ServerRegisterServiceBase_RegisterThisService_NewManagementServerAddressIsNull_ArgumentNullExceptionIsThrown" computerName="DKSR-EFI-06" duration="00:00:00.0023888" startTime="2024-01-09T15:42:45.4196591+01:00" endTime="2024-01-09T15:42:45.4196591+01:00" testType="13cdc9d9-ddb5-4fa4-a97d-d965ccfc6d4b" outcome="Passed" testListId="8c84fa94-04c1-424b-9868-57a2d4851a1d" relativeResultsDirectory="785ac9dd-7182-40d6-aa7e-128d2cc15d59" />
    <UnitTestResult executionId="a20cf405-13bd-46dc-bb1e-ca33eb7afac1" testId="a00e88e6-9cdf-83e8-2144-390a93546611" testName="ServerRegisterServiceBase_RegisterThisService_ServiceAlreadyRegistered_Success" computerName="DKSR-EFI-06" duration="00:00:00.0125272" startTime="2024-01-09T15:42:45.4509076+01:00" endTime="2024-01-09T15:42:45.4665326+01:00" testType="13cdc9d9-ddb5-4fa4-a97d-d965ccfc6d4b" outcome="Passed" testListId="8c84fa94-04c1-424b-9868-57a2d4851a1d" relativeResultsDirectory="a20cf405-13bd-46dc-bb1e-ca33eb7afac1" />
    <UnitTestResult executionId="268a8ada-43b9-42b5-8136-6bcaf3ce5648" testId="76ac24d3-c0e1-918b-ed89-0c9a580f78bf" testName="PreExecute_StopServiceThrowsException_ServiceIsAlreadyStopped_Succeeds" computerName="DKSR-EFI-06" duration="00:00:00.0024199" startTime="2024-01-09T15:42:45.6227821+01:00" endTime="2024-01-09T15:42:45.6227821+01:00" testType="13cdc9d9-ddb5-4fa4-a97d-d965ccfc6d4b" outcome="Passed" testListId="8c84fa94-04c1-424b-9868-57a2d4851a1d" relativeResultsDirectory="268a8ada-43b9-42b5-8136-6bcaf3ce5648" />
    <UnitTestResult executionId="189c99b0-6a30-4ff0-89f2-c14a059ad5e9" testId="a6f2ab1f-d156-c9ba-26f5-29d8052f340f" testName="ServerRegisterServiceBase_RegisterThisService_CredentialsIsNull_Success" computerName="DKSR-EFI-06" duration="00:00:00.0191775" startTime="2024-01-09T15:42:45.4352839+01:00" endTime="2024-01-09T15:42:45.4509076+01:00" testType="13cdc9d9-ddb5-4fa4-a97d-d965ccfc6d4b" outcome="Passed" testListId="8c84fa94-04c1-424b-9868-57a2d4851a1d" relativeResultsDirectory="189c99b0-6a30-4ff0-89f2-c14a059ad5e9" />
    <UnitTestResult executionId="489f2571-c63c-409c-802e-2d84c459336b" testId="8f8e16be-c28a-5688-50d4-e05e47e3b951" testName="ServerRegisterServiceBase_Ctor_WithIServiceRegistrationServiceFactory_Success" computerName="DKSR-EFI-06" duration="00:00:00.0006125" startTime="2024-01-09T15:42:45.4196591+01:00" endTime="2024-01-09T15:42:45.4196591+01:00" testType="13cdc9d9-ddb5-4fa4-a97d-d965ccfc6d4b" outcome="Passed" testListId="8c84fa94-04c1-424b-9868-57a2d4851a1d" relativeResultsDirectory="489f2571-c63c-409c-802e-2d84c459336b" />
    <UnitTestResult executionId="8574dcc8-eb20-4abf-a326-53bb29aea035" testId="6964b6fa-a7c6-635e-0fdc-50dce4181e47" testName="EndpointRegistrarBase_IRegistrationParametersHandlerIsNull_ArgumentNullExceptionIsThrown" computerName="DKSR-EFI-06" duration="00:00:00.0015761" startTime="2024-01-09T15:41:04.0131330+01:00" endTime="2024-01-09T15:41:04.0131330+01:00" testType="13cdc9d9-ddb5-4fa4-a97d-d965ccfc6d4b" outcome="Passed" testListId="8c84fa94-04c1-424b-9868-57a2d4851a1d" relativeResultsDirectory="8574dcc8-eb20-4abf-a326-53bb29aea035" />
    <UnitTestResult executionId="11a11dcc-81b6-4ea5-9ba4-c912afad5019" testId="6191fff3-03bb-cef0-9e31-b12d5ce38c25" testName="RegisterClient_UnsuccessfulHttpStatus_CorrectErrorCodeIsReturned (Unauthorized,VmsAdminCredentialsNeeded)" computerName="DKSR-EFI-06" duration="00:00:30.1289837" startTime="2024-01-09T15:41:44.8726514+01:00" endTime="2024-01-09T15:42:15.0133297+01:00" testType="13cdc9d9-ddb5-4fa4-a97d-d965ccfc6d4b" outcome="Passed" testListId="8c84fa94-04c1-424b-9868-57a2d4851a1d" relativeResultsDirectory="11a11dcc-81b6-4ea5-9ba4-c912afad5019" />
    <UnitTestResult executionId="34b1d411-3505-419e-b811-5f95639ca435" testId="ffdd7d7c-e933-fc49-2354-9d6ee3484422" testName="SaveSettings_EncryptionEnabledIsTrueMultipleRelativeUris_EnforceSslConfigurationAndUrlReservationIsCalledAndSchemeIsHttps_AndAllRelativeUriAreSet" computerName="DKSR-EFI-06" duration="00:00:00.0129600" startTime="2024-01-09T15:42:45.2477828+01:00" endTime="2024-01-09T15:42:45.2634083+01:00" testType="13cdc9d9-ddb5-4fa4-a97d-d965ccfc6d4b" outcome="Passed" testListId="8c84fa94-04c1-424b-9868-57a2d4851a1d" relativeResultsDirectory="34b1d411-3505-419e-b811-5f95639ca435" />
    <UnitTestResult executionId="6525356b-d6fe-49dd-acb3-6adc50965122" testId="93662373-249d-c98c-580e-bfcc9245381a" testName="PreExecute_ReturnStatusThatCauseStop_SuccessStatusReturned" computerName="DKSR-EFI-06" duration="00:00:00.0090316" startTime="2024-01-09T15:42:45.5915330+01:00" endTime="2024-01-09T15:42:45.6071594+01:00" testType="13cdc9d9-ddb5-4fa4-a97d-d965ccfc6d4b" outcome="Passed" testListId="8c84fa94-04c1-424b-9868-57a2d4851a1d" relativeResultsDirectory="6525356b-d6fe-49dd-acb3-6adc50965122" />
    <UnitTestResult executionId="e69a8ac9-7da2-41bb-ac89-12cb414b6f1a" testId="9091d5ba-96b7-561c-ce33-e1546bd1b67d" testName="SaveSettings_ExistingConfigsExists_DeleteAllExistingConfigsBeforeNewConfigIsSaved" computerName="DKSR-EFI-06" duration="00:00:00.0639517" startTime="2024-01-09T15:42:45.1227854+01:00" endTime="2024-01-09T15:42:45.2009105+01:00" testType="13cdc9d9-ddb5-4fa4-a97d-d965ccfc6d4b" outcome="Passed" testListId="8c84fa94-04c1-424b-9868-57a2d4851a1d" relativeResultsDirectory="e69a8ac9-7da2-41bb-ac89-12cb414b6f1a" />
    <UnitTestResult executionId="585ce06e-af67-4074-ba5b-b623ef4daab7" testId="c6e46d5f-b233-bbc8-1cfb-8a1367cf9a66" testName="SaveSettings_DeleteSslThrowsWin32Exception_ThrowsChangeEncryptionException" computerName="DKSR-EFI-06" duration="00:00:00.0027381" startTime="2024-01-09T15:42:45.2009105+01:00" endTime="2024-01-09T15:42:45.2009105+01:00" testType="13cdc9d9-ddb5-4fa4-a97d-d965ccfc6d4b" outcome="Passed" testListId="8c84fa94-04c1-424b-9868-57a2d4851a1d" relativeResultsDirectory="585ce06e-af67-4074-ba5b-b623ef4daab7" />
    <UnitTestResult executionId="7f5a7ce7-4e9a-4d69-bee4-1ba452aa3102" testId="ee65ac4c-4fd5-efa2-3e0b-0ff33493e8e1" testName="RegisterClient_authorizationServiceIsNull_OtherErrorStatusCodeIsReturned" computerName="DKSR-EFI-06" duration="00:00:00.0618532" startTime="2024-01-09T15:41:04.0287592+01:00" endTime="2024-01-09T15:41:04.0912569+01:00" testType="13cdc9d9-ddb5-4fa4-a97d-d965ccfc6d4b" outcome="Passed" testListId="8c84fa94-04c1-424b-9868-57a2d4851a1d" relativeResultsDirectory="7f5a7ce7-4e9a-4d69-bee4-1ba452aa3102" />
    <UnitTestResult executionId="e82a557c-2938-454e-8a46-f7069e704470" testId="5e1d8673-9b0b-62e0-5fef-8b49ff4efd9b" testName="ServerRegisterServiceBase_RegisterThisService_HostToRegisterIsNull_ArgumentNullExceptionIsThrown" computerName="DKSR-EFI-06" duration="00:00:00.0020118" startTime="2024-01-09T15:42:45.4196591+01:00" endTime="2024-01-09T15:42:45.4352839+01:00" testType="13cdc9d9-ddb5-4fa4-a97d-d965ccfc6d4b" outcome="Passed" testListId="8c84fa94-04c1-424b-9868-57a2d4851a1d" relativeResultsDirectory="e82a557c-2938-454e-8a46-f7069e704470" />
    <UnitTestResult executionId="b423f465-d3e4-4967-86c4-8f8e264231ef" testId="2e9ee066-e092-20e5-4abe-7784b9a0b75a" testName="Ctor_SecurityIdentifierIsNull_ThrowsArgumentNullException" computerName="DKSR-EFI-06" duration="00:00:00.0007963" startTime="2024-01-09T15:42:45.2946597+01:00" endTime="2024-01-09T15:42:45.2946597+01:00" testType="13cdc9d9-ddb5-4fa4-a97d-d965ccfc6d4b" outcome="Passed" testListId="8c84fa94-04c1-424b-9868-57a2d4851a1d" relativeResultsDirectory="b423f465-d3e4-4967-86c4-8f8e264231ef" />
    <UnitTestResult executionId="a1d886d9-2ded-4ddf-8588-e560064004db" testId="d595de9b-f478-19dd-5366-22b13b7c2fbc" testName="ServerRegisterServiceBase_RegisterThisService_UriFormatInvalid_Success" computerName="DKSR-EFI-06" duration="00:00:00.0195855" startTime="2024-01-09T15:42:45.4665326+01:00" endTime="2024-01-09T15:42:45.4977826+01:00" testType="13cdc9d9-ddb5-4fa4-a97d-d965ccfc6d4b" outcome="Passed" testListId="8c84fa94-04c1-424b-9868-57a2d4851a1d" relativeResultsDirectory="a1d886d9-2ded-4ddf-8588-e560064004db" />
    <UnitTestResult executionId="8034f11f-2ea7-4d77-9b52-edad7ff303f0" testId="c61eb568-f5a6-31e5-0a7b-14df01247acc" testName="ServerRegisterServiceBase_ServiceNameIsNull_ArgumentNullExceptionIsThrown" computerName="DKSR-EFI-06" duration="00:00:00.0240797" startTime="2024-01-09T15:42:45.3884091+01:00" endTime="2024-01-09T15:42:45.4196591+01:00" testType="13cdc9d9-ddb5-4fa4-a97d-d965ccfc6d4b" outcome="Passed" testListId="8c84fa94-04c1-424b-9868-57a2d4851a1d" relativeResultsDirectory="8034f11f-2ea7-4d77-9b52-edad7ff303f0" />
    <UnitTestResult executionId="afc17b49-9d53-413e-a279-a887d9d3bfeb" testId="d10521e7-0254-d22a-eb52-f9ef6c889d29" testName="PostExecute_ServiceRunningStartServiceThrowsException_AlreadyRunning_RestartsService" computerName="DKSR-EFI-06" duration="00:00:00.0051176" startTime="2024-01-09T15:42:45.6384090+01:00" endTime="2024-01-09T15:42:45.6540321+01:00" testType="13cdc9d9-ddb5-4fa4-a97d-d965ccfc6d4b" outcome="Passed" testListId="8c84fa94-04c1-424b-9868-57a2d4851a1d" relativeResultsDirectory="afc17b49-9d53-413e-a279-a887d9d3bfeb" />
    <UnitTestResult executionId="f705789a-f50a-4afb-88b1-3281b2870f75" testId="819155bf-efc3-b828-a24c-39ad69922a8f" testName="ServerRegisterServiceBase_Ctor_Success" computerName="DKSR-EFI-06" duration="00:00:00.0006727" startTime="2024-01-09T15:42:45.4196591+01:00" endTime="2024-01-09T15:42:45.4196591+01:00" testType="13cdc9d9-ddb5-4fa4-a97d-d965ccfc6d4b" outcome="Passed" testListId="8c84fa94-04c1-424b-9868-57a2d4851a1d" relativeResultsDirectory="f705789a-f50a-4afb-88b1-3281b2870f75" />
    <UnitTestResult executionId="6eb0458c-50db-4aa6-881a-13c23c80ba93" testId="da3ae52e-52ca-a63c-541e-980271333f51" testName="Initialize_ValidLogger_SuccessStatusReturned" computerName="DKSR-EFI-06" duration="00:00:00.0006517" startTime="2024-01-09T15:42:45.5915330+01:00" endTime="2024-01-09T15:42:45.5915330+01:00" testType="13cdc9d9-ddb5-4fa4-a97d-d965ccfc6d4b" outcome="Passed" testListId="8c84fa94-04c1-424b-9868-57a2d4851a1d" relativeResultsDirectory="6eb0458c-50db-4aa6-881a-13c23c80ba93" />
    <UnitTestResult executionId="00fec2c4-e097-4477-b0bb-9628e3172c24" testId="79a493f3-eadd-d3ad-d16d-72b9a5373ac2" testName="DeleteSettings_EncryptionEnabledIsFalse_SchemeIsHttp" computerName="DKSR-EFI-06" duration="00:00:00.0028184" startTime="2024-01-09T15:42:45.2790345+01:00" endTime="2024-01-09T15:42:45.2946597+01:00" testType="13cdc9d9-ddb5-4fa4-a97d-d965ccfc6d4b" outcome="Passed" testListId="8c84fa94-04c1-424b-9868-57a2d4851a1d" relativeResultsDirectory="00fec2c4-e097-4477-b0bb-9628e3172c24" />
    <UnitTestResult executionId="8d1a6cc9-b481-4c3f-9663-9593e92e38dc" testId="c596cb99-d491-23fb-19f4-94635ef51e88" testName="DeleteSettings_DeleteSslConfigurationThrowsWin32Exception_ThrowsChangeEncryptionException" computerName="DKSR-EFI-06" duration="00:00:00.0015767" startTime="2024-01-09T15:42:45.2634083+01:00" endTime="2024-01-09T15:42:45.2634083+01:00" testType="13cdc9d9-ddb5-4fa4-a97d-d965ccfc6d4b" outcome="Passed" testListId="8c84fa94-04c1-424b-9868-57a2d4851a1d" relativeResultsDirectory="8d1a6cc9-b481-4c3f-9663-9593e92e38dc" />
    <UnitTestResult executionId="ad7d4431-3b53-4528-b6f6-975af1641dd7" testId="ddd8fc2e-643b-51d9-c33a-6ba5ae8a764a" testName="Given_NetworkCredentials_When_SerializedAndDeserialized_Then_InformationIsMaintained" computerName="DKSR-EFI-06" duration="00:00:00.0034067" startTime="2024-01-09T15:42:45.6540321+01:00" endTime="2024-01-09T15:42:45.6696575+01:00" testType="13cdc9d9-ddb5-4fa4-a97d-d965ccfc6d4b" outcome="Passed" testListId="8c84fa94-04c1-424b-9868-57a2d4851a1d" relativeResultsDirectory="ad7d4431-3b53-4528-b6f6-975af1641dd7" />
    <UnitTestResult executionId="dbfb3720-8328-4d57-9257-83b0bacac936" testId="fb7cfadb-664e-f34b-c0ad-4418e7050a8e" testName="SaveSettings_CertificateCannotBeFound_ThrowsChangeEncryptionException" computerName="DKSR-EFI-06" duration="00:00:00.0037819" startTime="2024-01-09T15:42:45.2009105+01:00" endTime="2024-01-09T15:42:45.2009105+01:00" testType="13cdc9d9-ddb5-4fa4-a97d-d965ccfc6d4b" outcome="Passed" testListId="8c84fa94-04c1-424b-9868-57a2d4851a1d" relativeResultsDirectory="dbfb3720-8328-4d57-9257-83b0bacac936" />
    <UnitTestResult executionId="2c4a32bc-f441-4da4-8c06-6033df8c54f7" testId="047c9a72-711d-4fb1-a112-f93b115bf550" testName="SaveSettings_EncryptionEnabledIsTrue_EnforceSslConfigurationAndUrlReservationIsCalledAndSchemeIsHttps_AndRelativeUriIsSet" computerName="DKSR-EFI-06" duration="00:00:00.0052518" startTime="2024-01-09T15:42:45.2321594+01:00" endTime="2024-01-09T15:42:45.2477828+01:00" testType="13cdc9d9-ddb5-4fa4-a97d-d965ccfc6d4b" outcome="Passed" testListId="8c84fa94-04c1-424b-9868-57a2d4851a1d" relativeResultsDirectory="2c4a32bc-f441-4da4-8c06-6033df8c54f7" />
    <UnitTestResult executionId="7a266344-3152-46ce-8f19-d1b2d131bb72" testId="bd257202-dc8f-dd22-ad23-824e7be45ac8" testName="PostExecute_ServiceRunningWaitForServiceTimeOut_ErrorStatusLoggedAndReturned" computerName="DKSR-EFI-06" duration="00:00:00.0034211" startTime="2024-01-09T15:42:45.6540321+01:00" endTime="2024-01-09T15:42:45.6540321+01:00" testType="13cdc9d9-ddb5-4fa4-a97d-d965ccfc6d4b" outcome="Passed" testListId="8c84fa94-04c1-424b-9868-57a2d4851a1d" relativeResultsDirectory="7a266344-3152-46ce-8f19-d1b2d131bb72" />
    <UnitTestResult executionId="f14e7968-767b-4cfd-a616-024535f805cd" testId="72c3da66-9cb0-806f-8f0c-a8488919ac76" testName="RegisterClient_SecretExceptionThrown_OtherErrorReturned" computerName="DKSR-EFI-06" duration="00:00:00.1400321" startTime="2024-01-09T15:41:14.6069131+01:00" endTime="2024-01-09T15:41:14.7475367+01:00" testType="13cdc9d9-ddb5-4fa4-a97d-d965ccfc6d4b" outcome="Passed" testListId="8c84fa94-04c1-424b-9868-57a2d4851a1d" relativeResultsDirectory="f14e7968-767b-4cfd-a616-024535f805cd" />
    <UnitTestResult executionId="ec1958b5-6277-4f1d-ba35-f29e853cd745" testId="942b3a55-0786-1462-9c63-fbf4500edeb7" testName="Ctor_PortIsLessThan1OrGreaterThan65535_ThrowsArgumentOutOfRangeException (65536)" computerName="DKSR-EFI-06" duration="00:00:00.0000538" startTime="2024-01-09T15:42:45.2946597+01:00" endTime="2024-01-09T15:42:45.2946597+01:00" testType="13cdc9d9-ddb5-4fa4-a97d-d965ccfc6d4b" outcome="Passed" testListId="8c84fa94-04c1-424b-9868-57a2d4851a1d" relativeResultsDirectory="ec1958b5-6277-4f1d-ba35-f29e853cd745" />
    <UnitTestResult executionId="5afe69f1-7869-4554-91d4-a31266e50852" testId="1912aad4-2051-492f-0e84-575be58a058c" testName="PreExecute_WaitForServiceTimeOut_ErrorStatusLoggedAndReturned" computerName="DKSR-EFI-06" duration="00:00:00.0033104" startTime="2024-01-09T15:42:45.6227821+01:00" endTime="2024-01-09T15:42:45.6227821+01:00" testType="13cdc9d9-ddb5-4fa4-a97d-d965ccfc6d4b" outcome="Passed" testListId="8c84fa94-04c1-424b-9868-57a2d4851a1d" relativeResultsDirectory="5afe69f1-7869-4554-91d4-a31266e50852" />
    <UnitTestResult executionId="6ffa2261-bcc8-4d98-aec7-feb1d088dc13" testId="0f07d21c-9388-5d5f-6dea-c0c8b6b2970e" testName="RegisterClientWithExtendedRetry_Success" computerName="DKSR-EFI-06" duration="00:00:10.1836051" startTime="2024-01-09T15:41:04.4193849+01:00" endTime="2024-01-09T15:41:14.6069131+01:00" testType="13cdc9d9-ddb5-4fa4-a97d-d965ccfc6d4b" outcome="Passed" testListId="8c84fa94-04c1-424b-9868-57a2d4851a1d" relativeResultsDirectory="6ffa2261-bcc8-4d98-aec7-feb1d088dc13" />
    <UnitTestResult executionId="f807bf84-a250-4d62-8243-f4398a165dba" testId="23879a03-12d4-2581-a786-b22dbbdf4df8" testName="ServerRegisterServiceBase_RegisterThisService_ChangeToIsSecure_Success" computerName="DKSR-EFI-06" duration="00:00:00.0108241" startTime="2024-01-09T15:42:45.5134067+01:00" endTime="2024-01-09T15:42:45.5134067+01:00" testType="13cdc9d9-ddb5-4fa4-a97d-d965ccfc6d4b" outcome="Passed" testListId="8c84fa94-04c1-424b-9868-57a2d4851a1d" relativeResultsDirectory="f807bf84-a250-4d62-8243-f4398a165dba" />
    <UnitTestResult executionId="3c1c9759-3bc5-4dd3-b485-770b60b0cfad" testId="cd4cf7d8-3296-7ad2-cab9-81cbe1ddb98d" testName="WindowsServiceConfiguratorBase_Construction_Success" computerName="DKSR-EFI-06" duration="00:00:00.0136878" startTime="2024-01-09T15:42:45.5759070+01:00" endTime="2024-01-09T15:42:45.5915330+01:00" testType="13cdc9d9-ddb5-4fa4-a97d-d965ccfc6d4b" outcome="Passed" testListId="8c84fa94-04c1-424b-9868-57a2d4851a1d" relativeResultsDirectory="3c1c9759-3bc5-4dd3-b485-770b60b0cfad" />
    <UnitTestResult executionId="d0ff7225-71f2-414d-8de0-5873ed412545" testId="a21fdb2e-3655-b9f0-5ff0-63b04dd2fe77" testName="Ctor_ServicenNameIsNull_ThrowsArgumentNullException" computerName="DKSR-EFI-06" duration="00:00:00.0009733" startTime="2024-01-09T15:42:45.2946597+01:00" endTime="2024-01-09T15:42:45.2946597+01:00" testType="13cdc9d9-ddb5-4fa4-a97d-d965ccfc6d4b" outcome="Passed" testListId="8c84fa94-04c1-424b-9868-57a2d4851a1d" relativeResultsDirectory="d0ff7225-71f2-414d-8de0-5873ed412545" />
    <UnitTestResult executionId="e3880dc0-9145-4c39-bdc7-b29c80685c0a" testId="59dbfecd-600b-5bb3-9816-f92b1ad66171" testName="Ctor_InstanceCountIsZero_ThrowsArgumentOutOfRangeException" computerName="DKSR-EFI-06" duration="00:00:00.0006225" startTime="2024-01-09T15:42:45.1227854+01:00" endTime="2024-01-09T15:42:45.1227854+01:00" testType="13cdc9d9-ddb5-4fa4-a97d-d965ccfc6d4b" outcome="Passed" testListId="8c84fa94-04c1-424b-9868-57a2d4851a1d" relativeResultsDirectory="e3880dc0-9145-4c39-bdc7-b29c80685c0a" />
    <UnitTestResult executionId="9c2c39e1-a48f-4def-b476-074d4468ae3c" testId="5e0d969e-0f96-a043-44ac-2e76cc53e20c" testName="ApplyCertificate_HttpSysSettingsThrowsException_StatusCodeIsOtherError" computerName="DKSR-EFI-06" duration="00:00:00.0042877" startTime="2024-01-09T15:42:45.3728268+01:00" endTime="2024-01-09T15:42:45.3884091+01:00" testType="13cdc9d9-ddb5-4fa4-a97d-d965ccfc6d4b" outcome="Passed" testListId="8c84fa94-04c1-424b-9868-57a2d4851a1d" relativeResultsDirectory="9c2c39e1-a48f-4def-b476-074d4468ae3c" />
    <UnitTestResult executionId="4903ef3b-6e78-40b2-9162-f01c0f98ec47" testId="595d7717-ca1a-5969-045c-60a9db03b983" testName="RegisterClient_UnsuccessfulHttpStatus_CorrectErrorCodeIsReturned (BadRequest,UnspecifiedErrorRegistration)" computerName="DKSR-EFI-06" duration="00:00:30.0911596" startTime="2024-01-09T15:42:15.0133297+01:00" endTime="2024-01-09T15:42:45.1071579+01:00" testType="13cdc9d9-ddb5-4fa4-a97d-d965ccfc6d4b" outcome="Passed" testListId="8c84fa94-04c1-424b-9868-57a2d4851a1d" relativeResultsDirectory="4903ef3b-6e78-40b2-9162-f01c0f98ec47" />
    <UnitTestResult executionId="e972f90d-92c9-4bbd-ac26-df9159d7cab0" testId="018dc1a8-8462-d200-b509-6808e488dc2e" testName="DeleteSettings_EncryptionEnabledIsTrue_SchemeIsHttps" computerName="DKSR-EFI-06" duration="00:00:00.0135953" startTime="2024-01-09T15:42:45.2634083+01:00" endTime="2024-01-09T15:42:45.2790345+01:00" testType="13cdc9d9-ddb5-4fa4-a97d-d965ccfc6d4b" outcome="Passed" testListId="8c84fa94-04c1-424b-9868-57a2d4851a1d" relativeResultsDirectory="e972f90d-92c9-4bbd-ac26-df9159d7cab0" />
    <UnitTestResult executionId="ea1db18f-21ea-4915-894f-5c0dcaae4fb1" testId="2250117e-e5e3-16cb-d339-b1e5deef55da" testName="Given_ClassThatInheritsBaseClass_When_SettingAnAddressThatIsPresentWithNonWebExceptionWithNonHttpResponse_Then_RegistrationReturnsUnknownError" computerName="DKSR-EFI-06" duration="00:00:00.0043895" startTime="2024-01-09T15:42:45.5759070+01:00" endTime="2024-01-09T15:42:45.5759070+01:00" testType="13cdc9d9-ddb5-4fa4-a97d-d965ccfc6d4b" outcome="Passed" testListId="8c84fa94-04c1-424b-9868-57a2d4851a1d" relativeResultsDirectory="ea1db18f-21ea-4915-894f-5c0dcaae4fb1" />
    <UnitTestResult executionId="3f9dc4a9-193c-4a84-92fb-fdfec627b1a7" testId="c307961e-bdf6-8c7d-dc1f-0d292a27cf88" testName="Given_ClassThatInheritsBaseClass_When_SettingAnAddressThatIsPresent_Then_RegistrationSucceeds" computerName="DKSR-EFI-06" duration="00:00:00.0403242" startTime="2024-01-09T15:42:45.5134067+01:00" endTime="2024-01-09T15:42:45.5602831+01:00" testType="13cdc9d9-ddb5-4fa4-a97d-d965ccfc6d4b" outcome="Passed" testListId="8c84fa94-04c1-424b-9868-57a2d4851a1d" relativeResultsDirectory="3f9dc4a9-193c-4a84-92fb-fdfec627b1a7" />
    <UnitTestResult executionId="793174f3-5206-4c9b-8a61-54bb63f33109" testId="f0374c79-6b39-0925-2c11-25d9bbfeae10" testName="Initialize_NullLogger_ArgumentNullException" computerName="DKSR-EFI-06" duration="00:00:00.0008752" startTime="2024-01-09T15:42:45.5915330+01:00" endTime="2024-01-09T15:42:45.5915330+01:00" testType="13cdc9d9-ddb5-4fa4-a97d-d965ccfc6d4b" outcome="Passed" testListId="8c84fa94-04c1-424b-9868-57a2d4851a1d" relativeResultsDirectory="793174f3-5206-4c9b-8a61-54bb63f33109" />
    <UnitTestResult executionId="3e475e5a-fac6-480a-8ee7-ddb8585b0686" testId="c9707235-f6b6-27f5-c54e-a3831ed29fe5" testName="ServerRegisterServiceBase_RegisteredServiceNameIsNull_ArgumentNullExceptionIsThrown" computerName="DKSR-EFI-06" duration="00:00:00.0011757" startTime="2024-01-09T15:42:45.4196591+01:00" endTime="2024-01-09T15:42:45.4196591+01:00" testType="13cdc9d9-ddb5-4fa4-a97d-d965ccfc6d4b" outcome="Passed" testListId="8c84fa94-04c1-424b-9868-57a2d4851a1d" relativeResultsDirectory="3e475e5a-fac6-480a-8ee7-ddb8585b0686" />
    <UnitTestResult executionId="c374e851-29d8-4764-aa33-165559ad0bd5" testId="639bf11a-4e66-0eec-6005-1b15ab2dca23" testName="Given_ClassThatInheritsBaseClass_When_SettingAnAddressThatIsNotPresent_Then_RegistrationReturnsMsNotFound" computerName="DKSR-EFI-06" duration="00:00:00.0014415" startTime="2024-01-09T15:42:45.5602831+01:00" endTime="2024-01-09T15:42:45.5602831+01:00" testType="13cdc9d9-ddb5-4fa4-a97d-d965ccfc6d4b" outcome="Passed" testListId="8c84fa94-04c1-424b-9868-57a2d4851a1d" relativeResultsDirectory="c374e851-29d8-4764-aa33-165559ad0bd5" />
    <UnitTestResult executionId="08bdf2d7-4bf1-4409-befa-8c6f3183de63" testId="76dd7e59-7646-177d-90dd-4a3d85085a70" testName="Ctor_PortIsLessThan1OrGreaterThan65535_ThrowsArgumentOutOfRangeException (0)" computerName="DKSR-EFI-06" duration="00:00:00.0003299" startTime="2024-01-09T15:42:45.2946597+01:00" endTime="2024-01-09T15:42:45.2946597+01:00" testType="13cdc9d9-ddb5-4fa4-a97d-d965ccfc6d4b" outcome="Passed" testListId="8c84fa94-04c1-424b-9868-57a2d4851a1d" relativeResultsDirectory="08bdf2d7-4bf1-4409-befa-8c6f3183de63" />
    <UnitTestResult executionId="8157f981-36ce-4135-843c-7e9c040b8001" testId="ae5dc155-54b8-fb2f-5161-45627538006b" testName="PostExecute_ServiceNotRunning_SuccessStatusReturned" computerName="DKSR-EFI-06" duration="00:00:00.0009997" startTime="2024-01-09T15:42:45.6227821+01:00" endTime="2024-01-09T15:42:45.6227821+01:00" testType="13cdc9d9-ddb5-4fa4-a97d-d965ccfc6d4b" outcome="Passed" testListId="8c84fa94-04c1-424b-9868-57a2d4851a1d" relativeResultsDirectory="8157f981-36ce-4135-843c-7e9c040b8001" />
    <UnitTestResult executionId="77ce7905-47be-468c-95d7-7a31f7640eb1" testId="c50e0311-b229-85ce-5199-799e657d5a38" testName="ServerRegisterServiceBase_RegisterThisService_AuthenticationFailed_Success" computerName="DKSR-EFI-06" duration="00:00:00.0138645" startTime="2024-01-09T15:42:45.4977826+01:00" endTime="2024-01-09T15:42:45.5134067+01:00" testType="13cdc9d9-ddb5-4fa4-a97d-d965ccfc6d4b" outcome="Passed" testListId="8c84fa94-04c1-424b-9868-57a2d4851a1d" relativeResultsDirectory="77ce7905-47be-468c-95d7-7a31f7640eb1" />
    <UnitTestResult executionId="672844e9-339d-4a75-ad62-a875f24b82ce" testId="b8045e97-71a3-0991-705f-c4c6df756ba2" testName="ServerRegisterServiceBase_RegisterThisService_NoServiceRegistered_Fails" computerName="DKSR-EFI-06" duration="00:00:00.0100132" startTime="2024-01-09T15:42:45.4665326+01:00" endTime="2024-01-09T15:42:45.4665326+01:00" testType="13cdc9d9-ddb5-4fa4-a97d-d965ccfc6d4b" outcome="Passed" testListId="8c84fa94-04c1-424b-9868-57a2d4851a1d" relativeResultsDirectory="672844e9-339d-4a75-ad62-a875f24b82ce" />
    <UnitTestResult executionId="f074de8e-29b7-4c6e-a185-783a660c7247" testId="737f180e-adc2-9bd5-b15b-cce3f0786bbd" testName="LoggedErrorStatus_NullException_ErrorLoggedAndReturned" computerName="DKSR-EFI-06" duration="00:00:00.0010564" startTime="2024-01-09T15:42:45.6540321+01:00" endTime="2024-01-09T15:42:45.6540321+01:00" testType="13cdc9d9-ddb5-4fa4-a97d-d965ccfc6d4b" outcome="Passed" testListId="8c84fa94-04c1-424b-9868-57a2d4851a1d" relativeResultsDirectory="f074de8e-29b7-4c6e-a185-783a660c7247" />
    <UnitTestResult executionId="b9ff519d-81e7-4288-a669-062ee5f344c9" testId="b39d4aab-e093-ee5c-26fd-fbbd19df8121" testName="RegisterClient_CantWriteRegistrationParameters_OtherErrorReturned" computerName="DKSR-EFI-06" duration="00:00:00.0038062" startTime="2024-01-09T15:41:14.7475367+01:00" endTime="2024-01-09T15:41:14.7475367+01:00" testType="13cdc9d9-ddb5-4fa4-a97d-d965ccfc6d4b" outcome="Passed" testListId="8c84fa94-04c1-424b-9868-57a2d4851a1d" relativeResultsDirectory="b9ff519d-81e7-4288-a669-062ee5f344c9" />
    <UnitTestResult executionId="950ccb64-587f-47ea-9cba-2221f54680d6" testId="39ba04e7-164a-6477-93f0-f5a8e149b210" testName="EndpointRegistrarBase_Ctor_Success" computerName="DKSR-EFI-06" duration="00:00:00.0004873" startTime="2024-01-09T15:41:04.0287592+01:00" endTime="2024-01-09T15:41:04.0287592+01:00" testType="13cdc9d9-ddb5-4fa4-a97d-d965ccfc6d4b" outcome="Passed" testListId="8c84fa94-04c1-424b-9868-57a2d4851a1d" relativeResultsDirectory="950ccb64-587f-47ea-9cba-2221f54680d6" />
    <UnitTestResult executionId="e6d72c52-b37c-4c67-be30-ea9779000115" testId="2b13c4e7-5c64-3950-b286-557e015b795d" testName="ServerRegisterServiceBase_ServiceTypeIsEmpty_ArgumentNullExceptionIsThrown" computerName="DKSR-EFI-06" duration="00:00:00.0010481" startTime="2024-01-09T15:42:45.4196591+01:00" endTime="2024-01-09T15:42:45.4196591+01:00" testType="13cdc9d9-ddb5-4fa4-a97d-d965ccfc6d4b" outcome="Passed" testListId="8c84fa94-04c1-424b-9868-57a2d4851a1d" relativeResultsDirectory="e6d72c52-b37c-4c67-be30-ea9779000115" />
    <UnitTestResult executionId="a590b48e-aa8f-4017-ae29-1097624a7df2" testId="f9bdecf0-46ba-5440-79ea-fec367d5c9f3" testName="DeleteSettings_ExistingConfigsExists_DeleteAllExistingConfigs" computerName="DKSR-EFI-06" duration="00:00:00.0029585" startTime="2024-01-09T15:42:45.2634083+01:00" endTime="2024-01-09T15:42:45.2634083+01:00" testType="13cdc9d9-ddb5-4fa4-a97d-d965ccfc6d4b" outcome="Passed" testListId="8c84fa94-04c1-424b-9868-57a2d4851a1d" relativeResultsDirectory="a590b48e-aa8f-4017-ae29-1097624a7df2" />
    <UnitTestResult executionId="3ca21082-a6bb-42bc-96d5-e78cd4515054" testId="3a255943-38fd-65a0-06e8-f98bd5bb6ead" testName="SaveSettings_EncryptionEnabledIsTrue_EnforceSslConfigurationAndUrlReservationIsCalledAndSchemeIsHttps" computerName="DKSR-EFI-06" duration="00:00:00.0085846" startTime="2024-01-09T15:42:45.2009105+01:00" endTime="2024-01-09T15:42:45.2165327+01:00" testType="13cdc9d9-ddb5-4fa4-a97d-d965ccfc6d4b" outcome="Passed" testListId="8c84fa94-04c1-424b-9868-57a2d4851a1d" relativeResultsDirectory="3ca21082-a6bb-42bc-96d5-e78cd4515054" />
    <UnitTestResult executionId="e9a81f01-53c6-4b28-945f-7d03a03456cf" testId="58bcb3f3-5a47-0466-b490-f461c9cdbf2d" testName="SaveSettings_EncryptionEnabledIsTrue_EnforceSslConfigurationAndUrlReservationIsCalledAndSchemeIsHttps_AndRelativeUriIsSetToNull" computerName="DKSR-EFI-06" duration="00:00:00.0152995" startTime="2024-01-09T15:42:45.2165327+01:00" endTime="2024-01-09T15:42:45.2321594+01:00" testType="13cdc9d9-ddb5-4fa4-a97d-d965ccfc6d4b" outcome="Passed" testListId="8c84fa94-04c1-424b-9868-57a2d4851a1d" relativeResultsDirectory="e9a81f01-53c6-4b28-945f-7d03a03456cf" />
    <UnitTestResult executionId="3b648687-6cb7-462b-b7ce-43a479a3b689" testId="f457056a-e799-374b-e836-e89749008681" testName="SaveSettings_EnforceSslConfigurationThrowsWin32Exception_ThrowsChangeEncryptionSettings" computerName="DKSR-EFI-06" duration="00:00:00.0024062" startTime="2024-01-09T15:42:45.2634083+01:00" endTime="2024-01-09T15:42:45.2634083+01:00" testType="13cdc9d9-ddb5-4fa4-a97d-d965ccfc6d4b" outcome="Passed" testListId="8c84fa94-04c1-424b-9868-57a2d4851a1d" relativeResultsDirectory="3b648687-6cb7-462b-b7ce-43a479a3b689" />
    <UnitTestResult executionId="752b4bb7-172e-4d77-afff-8dbee4b888b8" testId="020a06c9-565c-908c-7da2-72b9df169a4f" testName="RegisterClient_Success" computerName="DKSR-EFI-06" duration="00:00:00.0504627" startTime="2024-01-09T15:41:04.0912569+01:00" endTime="2024-01-09T15:41:04.1381380+01:00" testType="13cdc9d9-ddb5-4fa4-a97d-d965ccfc6d4b" outcome="Passed" testListId="8c84fa94-04c1-424b-9868-57a2d4851a1d" relativeResultsDirectory="752b4bb7-172e-4d77-afff-8dbee4b888b8" />
    <UnitTestResult executionId="fa778eb6-5fc3-4b52-b26a-0ed70d44a60f" testId="9a7c718b-4e91-68ce-413e-16147ce1afc3" testName="ServerRegisterServiceBase_IServiceRegistrationServiceFactoryIsNull_ArgumentNullExceptionIsThrown" computerName="DKSR-EFI-06" duration="00:00:00.0124620" startTime="2024-01-09T15:42:45.3884091+01:00" endTime="2024-01-09T15:42:45.3884091+01:00" testType="13cdc9d9-ddb5-4fa4-a97d-d965ccfc6d4b" outcome="Passed" testListId="8c84fa94-04c1-424b-9868-57a2d4851a1d" relativeResultsDirectory="fa778eb6-5fc3-4b52-b26a-0ed70d44a60f" />
    <UnitTestResult executionId="51d7b522-2c53-440e-9f71-834edf8712b2" testId="11ed481f-2bf0-7b21-5d86-b1d7653af84a" testName="EndpointRegistrarBase_IRegistrationClientFactoryIsNull_ArgumentNullExceptionIsThrown" computerName="DKSR-EFI-06" duration="00:00:00.4744986" startTime="2024-01-09T15:41:03.4193831+01:00" endTime="2024-01-09T15:41:03.9975084+01:00" testType="13cdc9d9-ddb5-4fa4-a97d-d965ccfc6d4b" outcome="Passed" testListId="8c84fa94-04c1-424b-9868-57a2d4851a1d" relativeResultsDirectory="51d7b522-2c53-440e-9f71-834edf8712b2" />
    <UnitTestResult executionId="1f7cb1e0-f037-41a0-9e36-36caa085ae7c" testId="a81a929a-7470-e799-7aa1-1de8890f9d73" testName="Given_ClassThatInheritsBaseClass_When_SettingAnAddressThatIsPresentWithInsufficientCredentials_Then_RegistrationSucceedsAndNoWarningsAreLogged" computerName="DKSR-EFI-06" duration="00:00:00.0036393" startTime="2024-01-09T15:42:45.5602831+01:00" endTime="2024-01-09T15:42:45.5602831+01:00" testType="13cdc9d9-ddb5-4fa4-a97d-d965ccfc6d4b" outcome="Passed" testListId="8c84fa94-04c1-424b-9868-57a2d4851a1d" relativeResultsDirectory="1f7cb1e0-f037-41a0-9e36-36caa085ae7c" />
    <UnitTestResult executionId="73b62fd8-9d15-4860-bd2d-8a6695bacf35" testId="4b0c3f35-2ec1-4356-d8bb-ee6fd4c7baca" testName="EndpointRegistrarBase_ISecretProviderIsNull_ArgumentNullExceptionThrown" computerName="DKSR-EFI-06" duration="00:00:00.0005758" startTime="2024-01-09T15:41:04.0131330+01:00" endTime="2024-01-09T15:41:04.0131330+01:00" testType="13cdc9d9-ddb5-4fa4-a97d-d965ccfc6d4b" outcome="Passed" testListId="8c84fa94-04c1-424b-9868-57a2d4851a1d" relativeResultsDirectory="73b62fd8-9d15-4860-bd2d-8a6695bacf35" />
    <UnitTestResult executionId="5bdc545a-ca6f-4a07-accb-205a22bc4d2f" testId="a7260dbe-6ca1-e92d-0885-182405233700" testName="PostExecute_ServiceRunningStartServiceThrowsException_ServiceConfigurationExceptionThrown" computerName="DKSR-EFI-06" duration="00:00:00.0035295" startTime="2024-01-09T15:42:45.6384090+01:00" endTime="2024-01-09T15:42:45.6384090+01:00" testType="13cdc9d9-ddb5-4fa4-a97d-d965ccfc6d4b" outcome="Passed" testListId="8c84fa94-04c1-424b-9868-57a2d4851a1d" relativeResultsDirectory="5bdc545a-ca6f-4a07-accb-205a22bc4d2f" />
    <UnitTestResult executionId="93b1c357-8ad3-42cf-8717-e7efbbc8dfdf" testId="266ce242-890f-c8a2-6c3c-861d38ff4a4a" testName="ApplyCertificate_ThumbprintIsPassed_StatusCodeIsSuccess" computerName="DKSR-EFI-06" duration="00:00:00.0843973" startTime="2024-01-09T15:42:45.2946597+01:00" endTime="2024-01-09T15:42:45.3728268+01:00" testType="13cdc9d9-ddb5-4fa4-a97d-d965ccfc6d4b" outcome="Passed" testListId="8c84fa94-04c1-424b-9868-57a2d4851a1d" relativeResultsDirectory="93b1c357-8ad3-42cf-8717-e7efbbc8dfdf" />
    <UnitTestResult executionId="0898a175-42fb-4534-ad7f-419e1318c825" testId="a5d03c54-5883-3feb-b41e-22112af4551c" testName="EndpointRegistrarBase_ServiceNameIsEmpty_ArgumentExceptionIsThrown" computerName="DKSR-EFI-06" duration="00:00:00.0005248" startTime="2024-01-09T15:41:04.0287592+01:00" endTime="2024-01-09T15:41:04.0287592+01:00" testType="13cdc9d9-ddb5-4fa4-a97d-d965ccfc6d4b" outcome="Passed" testListId="8c84fa94-04c1-424b-9868-57a2d4851a1d" relativeResultsDirectory="0898a175-42fb-4534-ad7f-419e1318c825" />
    <UnitTestResult executionId="b0d1596e-fd5f-4005-aa0d-1255ca842894" testId="2e5069bf-b8e6-f8ea-21f9-17cee9c2bdd0" testName="LoggedErrorStatus_VailedException_ErrorLoggedAndReturned" computerName="DKSR-EFI-06" duration="00:00:00.0019158" startTime="2024-01-09T15:42:45.6540321+01:00" endTime="2024-01-09T15:42:45.6540321+01:00" testType="13cdc9d9-ddb5-4fa4-a97d-d965ccfc6d4b" outcome="Passed" testListId="8c84fa94-04c1-424b-9868-57a2d4851a1d" relativeResultsDirectory="b0d1596e-fd5f-4005-aa0d-1255ca842894" />
    <UnitTestResult executionId="66a71a6a-49e2-4090-9ce2-ab9b75240c4c" testId="bb154a6e-c619-4b5b-8062-cde96a10b4ce" testName="PostExecute_ServiceRunning_ServiceStartedSuccessStatusLoggedAndReturned" computerName="DKSR-EFI-06" duration="00:00:00.0128590" startTime="2024-01-09T15:42:45.6227821+01:00" endTime="2024-01-09T15:42:45.6384090+01:00" testType="13cdc9d9-ddb5-4fa4-a97d-d965ccfc6d4b" outcome="Passed" testListId="8c84fa94-04c1-424b-9868-57a2d4851a1d" relativeResultsDirectory="66a71a6a-49e2-4090-9ce2-ab9b75240c4c" />
    <UnitTestResult executionId="b3fe5117-9aec-474d-a6c6-12910725b5c8" testId="781c0c5a-15aa-b878-d316-875348e8af34" testName="EndpointRegistrarBase_ServiceNameIsNull_ArgumentNullExceptionThrown" computerName="DKSR-EFI-06" duration="00:00:00.0005542" startTime="2024-01-09T15:41:04.0131330+01:00" endTime="2024-01-09T15:41:04.0287592+01:00" testType="13cdc9d9-ddb5-4fa4-a97d-d965ccfc6d4b" outcome="Passed" testListId="8c84fa94-04c1-424b-9868-57a2d4851a1d" relativeResultsDirectory="b3fe5117-9aec-474d-a6c6-12910725b5c8" />
    <UnitTestResult executionId="cc8f4bfc-2865-4997-ae32-7b6e918be46d" testId="f81c868c-286b-5c1a-f39f-e860976698e9" testName="SaveSettings_EncryptionEnabledIsFalse_UrlReservationIsCalledAndSchemeIsHttpButEnforceSslConfigurationIsNot" computerName="DKSR-EFI-06" duration="00:00:00.0051898" startTime="2024-01-09T15:42:45.2634083+01:00" endTime="2024-01-09T15:42:45.2634083+01:00" testType="13cdc9d9-ddb5-4fa4-a97d-d965ccfc6d4b" outcome="Passed" testListId="8c84fa94-04c1-424b-9868-57a2d4851a1d" relativeResultsDirectory="cc8f4bfc-2865-4997-ae32-7b6e918be46d" />
    <UnitTestResult executionId="fa19fb00-a168-4efa-8351-bc6dc5f59d8c" testId="75177370-ff6c-8337-c81e-033ee713647f" testName="PreExecute_ReturnStatusThatCauseNoStop_SuccessStatusReturned" computerName="DKSR-EFI-06" duration="00:00:00.0119541" startTime="2024-01-09T15:42:45.6071594+01:00" endTime="2024-01-09T15:42:45.6071594+01:00" testType="13cdc9d9-ddb5-4fa4-a97d-d965ccfc6d4b" outcome="Passed" testListId="8c84fa94-04c1-424b-9868-57a2d4851a1d" relativeResultsDirectory="fa19fb00-a168-4efa-8351-bc6dc5f59d8c" />
    <UnitTestResult executionId="c5abb50d-a3d9-49df-8953-e1d26aa25f7d" testId="c8961633-bbe2-bc57-729b-12f0b92c7eef" testName="PreExecute_StatusIsStopped_NoServiceStopSuccessStatusReturned" computerName="DKSR-EFI-06" duration="00:00:00.0034076" startTime="2024-01-09T15:42:45.6071594+01:00" endTime="2024-01-09T15:42:45.6227821+01:00" testType="13cdc9d9-ddb5-4fa4-a97d-d965ccfc6d4b" outcome="Passed" testListId="8c84fa94-04c1-424b-9868-57a2d4851a1d" relativeResultsDirectory="c5abb50d-a3d9-49df-8953-e1d26aa25f7d" />
    <UnitTestResult executionId="8f4c0bf0-b6f7-4427-8e93-853d9182a89e" testId="42c7552f-fa39-b5a6-d594-2f086cd6dd52" testName="Ctor_NoServiceNameAndNotWellKnownAppGuid_ThrowsArgumentException" computerName="DKSR-EFI-06" duration="00:00:00.0172080" startTime="2024-01-09T15:42:45.1071579+01:00" endTime="2024-01-09T15:42:45.1227854+01:00" testType="13cdc9d9-ddb5-4fa4-a97d-d965ccfc6d4b" outcome="Passed" testListId="8c84fa94-04c1-424b-9868-57a2d4851a1d" relativeResultsDirectory="8f4c0bf0-b6f7-4427-8e93-853d9182a89e" />
  </Results>
  <TestDefinitions>
    <UnitTest name="Ctor_PortIsLessThan1OrGreaterThan65535_ThrowsArgumentOutOfRangeException (0)" storage="d:\actions-runner\_work\xpco\xpco\common\videoos.certificateregistration.common\videoos.certificateregistration.common.unittests\bin\debug\videoos.certificateregistration.common.unittests.dll" id="76dd7e59-7646-177d-90dd-4a3d85085a70">
      <Execution id="08bdf2d7-4bf1-4409-befa-8c6f3183de63" />
      <TestMethod codeBase="D:\actions-runner\_work\XPCO\XPCO\Common\VideoOS.CertificateRegistration.Common\VideoOS.CertificateRegistration.Common.UnitTests\bin\Debug\VideoOS.CertificateRegistration.Common.UnitTests.dll" adapterTypeName="executor://mstestadapter/v2" className="VideoOS.CertificateRegistration.Common.UnitTests.ServerEndpointRegistrarBaseTests" name="Ctor_PortIsLessThan1OrGreaterThan65535_ThrowsArgumentOutOfRangeException" />
    </UnitTest>
    <UnitTest name="RegisterClient_RegisterClientThrowsHttpRequestException_AuthorizationServerNotFoundIsReturned" storage="d:\actions-runner\_work\xpco\xpco\common\videoos.certificateregistration.common\videoos.certificateregistration.common.unittests\bin\debug\videoos.certificateregistration.common.unittests.dll" id="9bf51f39-7b99-ae61-e144-e563cf172e93">
      <Execution id="4036c15a-8295-4e37-a9f6-a33144cac404" />
      <TestMethod codeBase="D:\actions-runner\_work\XPCO\XPCO\Common\VideoOS.CertificateRegistration.Common\VideoOS.CertificateRegistration.Common.UnitTests\bin\Debug\VideoOS.CertificateRegistration.Common.UnitTests.dll" adapterTypeName="executor://mstestadapter/v2" className="VideoOS.CertificateRegistration.Common.UnitTests.CleintEndpointRegistrarBaseUnitTests" name="RegisterClient_RegisterClientThrowsHttpRequestException_AuthorizationServerNotFoundIsReturned" />
    </UnitTest>
    <UnitTest name="RegisterClient_Success" storage="d:\actions-runner\_work\xpco\xpco\common\videoos.certificateregistration.common\videoos.certificateregistration.common.unittests\bin\debug\videoos.certificateregistration.common.unittests.dll" id="020a06c9-565c-908c-7da2-72b9df169a4f">
      <Execution id="752b4bb7-172e-4d77-afff-8dbee4b888b8" />
      <TestMethod codeBase="D:\actions-runner\_work\XPCO\XPCO\Common\VideoOS.CertificateRegistration.Common\VideoOS.CertificateRegistration.Common.UnitTests\bin\Debug\VideoOS.CertificateRegistration.Common.UnitTests.dll" adapterTypeName="executor://mstestadapter/v2" className="VideoOS.CertificateRegistration.Common.UnitTests.CleintEndpointRegistrarBaseUnitTests" name="RegisterClient_Success" />
    </UnitTest>
    <UnitTest name="SaveSettings_EncryptionEnabledIsFalse_UrlReservationIsCalledAndSchemeIsHttpButEnforceSslConfigurationIsNot" storage="d:\actions-runner\_work\xpco\xpco\common\videoos.certificateregistration.common\videoos.certificateregistration.common.unittests\bin\debug\videoos.certificateregistration.common.unittests.dll" id="f81c868c-286b-5c1a-f39f-e860976698e9">
      <Execution id="cc8f4bfc-2865-4997-ae32-7b6e918be46d" />
      <TestMethod codeBase="D:\actions-runner\_work\XPCO\XPCO\Common\VideoOS.CertificateRegistration.Common\VideoOS.CertificateRegistration.Common.UnitTests\bin\Debug\VideoOS.CertificateRegistration.Common.UnitTests.dll" adapterTypeName="executor://mstestadapter/v2" className="VideoOS.CertificateRegistration.Common.UnitTests.HttpSysSettingsTests" name="SaveSettings_EncryptionEnabledIsFalse_UrlReservationIsCalledAndSchemeIsHttpButEnforceSslConfigurationIsNot" />
    </UnitTest>
    <UnitTest name="Given_ClassThatInheritsBaseClass_When_SettingAnAddressThatIsPresentWithInsufficientCredentials_Then_RegistrationSucceedsAndNoWarningsAreLogged" storage="d:\actions-runner\_work\xpco\xpco\common\videoos.certificateregistration.common\videoos.certificateregistration.common.unittests\bin\debug\videoos.certificateregistration.common.unittests.dll" id="a81a929a-7470-e799-7aa1-1de8890f9d73">
      <Execution id="1f7cb1e0-f037-41a0-9e36-36caa085ae7c" />
      <TestMethod codeBase="D:\actions-runner\_work\XPCO\XPCO\Common\VideoOS.CertificateRegistration.Common\VideoOS.CertificateRegistration.Common.UnitTests\bin\Debug\VideoOS.CertificateRegistration.Common.UnitTests.dll" adapterTypeName="executor://mstestadapter/v2" className="VideoOS.CertificateRegistration.Common.UnitTests.SetManagementServerBaseTest" name="Given_ClassThatInheritsBaseClass_When_SettingAnAddressThatIsPresentWithInsufficientCredentials_Then_RegistrationSucceedsAndNoWarningsAreLogged" />
    </UnitTest>
    <UnitTest name="PostExecute_ServiceRunning_ServiceStartedSuccessStatusLoggedAndReturned" storage="d:\actions-runner\_work\xpco\xpco\common\videoos.certificateregistration.common\videoos.certificateregistration.common.unittests\bin\debug\videoos.certificateregistration.common.unittests.dll" id="bb154a6e-c619-4b5b-8062-cde96a10b4ce">
      <Execution id="66a71a6a-49e2-4090-9ce2-ab9b75240c4c" />
      <TestMethod codeBase="D:\actions-runner\_work\XPCO\XPCO\Common\VideoOS.CertificateRegistration.Common\VideoOS.CertificateRegistration.Common.UnitTests\bin\Debug\VideoOS.CertificateRegistration.Common.UnitTests.dll" adapterTypeName="executor://mstestadapter/v2" className="VideoOS.CertificateRegistration.Common.UnitTests.WindowsServiceConfiguratorBaseTests" name="PostExecute_ServiceRunning_ServiceStartedSuccessStatusLoggedAndReturned" />
    </UnitTest>
    <UnitTest name="PostExecute_ServiceRunningStartServiceThrowsException_AlreadyRunning_RestartsService" storage="d:\actions-runner\_work\xpco\xpco\common\videoos.certificateregistration.common\videoos.certificateregistration.common.unittests\bin\debug\videoos.certificateregistration.common.unittests.dll" id="d10521e7-0254-d22a-eb52-f9ef6c889d29">
      <Execution id="afc17b49-9d53-413e-a279-a887d9d3bfeb" />
      <TestMethod codeBase="D:\actions-runner\_work\XPCO\XPCO\Common\VideoOS.CertificateRegistration.Common\VideoOS.CertificateRegistration.Common.UnitTests\bin\Debug\VideoOS.CertificateRegistration.Common.UnitTests.dll" adapterTypeName="executor://mstestadapter/v2" className="VideoOS.CertificateRegistration.Common.UnitTests.WindowsServiceConfiguratorBaseTests" name="PostExecute_ServiceRunningStartServiceThrowsException_AlreadyRunning_RestartsService" />
    </UnitTest>
    <UnitTest name="PostExecute_ServiceRunningStartServiceThrowsException_ServiceConfigurationExceptionThrown" storage="d:\actions-runner\_work\xpco\xpco\common\videoos.certificateregistration.common\videoos.certificateregistration.common.unittests\bin\debug\videoos.certificateregistration.common.unittests.dll" id="a7260dbe-6ca1-e92d-0885-182405233700">
      <Execution id="5bdc545a-ca6f-4a07-accb-205a22bc4d2f" />
      <TestMethod codeBase="D:\actions-runner\_work\XPCO\XPCO\Common\VideoOS.CertificateRegistration.Common\VideoOS.CertificateRegistration.Common.UnitTests\bin\Debug\VideoOS.CertificateRegistration.Common.UnitTests.dll" adapterTypeName="executor://mstestadapter/v2" className="VideoOS.CertificateRegistration.Common.UnitTests.WindowsServiceConfiguratorBaseTests" name="PostExecute_ServiceRunningStartServiceThrowsException_ServiceConfigurationExceptionThrown" />
    </UnitTest>
    <UnitTest name="Given_ClassThatInheritsBaseClass_When_SettingAnAddressThatIsPresentWithWebExceptionInsufficientCredentials_Then_RegistrationSucceedsAndNoWarningsAreLogged" storage="d:\actions-runner\_work\xpco\xpco\common\videoos.certificateregistration.common\videoos.certificateregistration.common.unittests\bin\debug\videoos.certificateregistration.common.unittests.dll" id="0279fe0a-9bc6-8f00-7ac7-de06e6aceb8a">
      <Execution id="284b845b-133e-451d-992a-3c6770c96cc6" />
      <TestMethod codeBase="D:\actions-runner\_work\XPCO\XPCO\Common\VideoOS.CertificateRegistration.Common\VideoOS.CertificateRegistration.Common.UnitTests\bin\Debug\VideoOS.CertificateRegistration.Common.UnitTests.dll" adapterTypeName="executor://mstestadapter/v2" className="VideoOS.CertificateRegistration.Common.UnitTests.SetManagementServerBaseTest" name="Given_ClassThatInheritsBaseClass_When_SettingAnAddressThatIsPresentWithWebExceptionInsufficientCredentials_Then_RegistrationSucceedsAndNoWarningsAreLogged" />
    </UnitTest>
    <UnitTest name="PreExecute_ReturnStatusThatCauseStop_SuccessStatusReturned" storage="d:\actions-runner\_work\xpco\xpco\common\videoos.certificateregistration.common\videoos.certificateregistration.common.unittests\bin\debug\videoos.certificateregistration.common.unittests.dll" id="93662373-249d-c98c-580e-bfcc9245381a">
      <Execution id="6525356b-d6fe-49dd-acb3-6adc50965122" />
      <TestMethod codeBase="D:\actions-runner\_work\XPCO\XPCO\Common\VideoOS.CertificateRegistration.Common\VideoOS.CertificateRegistration.Common.UnitTests\bin\Debug\VideoOS.CertificateRegistration.Common.UnitTests.dll" adapterTypeName="executor://mstestadapter/v2" className="VideoOS.CertificateRegistration.Common.UnitTests.WindowsServiceConfiguratorBaseTests" name="PreExecute_ReturnStatusThatCauseStop_SuccessStatusReturned" />
    </UnitTest>
    <UnitTest name="Ctor_NoServiceNameAndNotWellKnownAppGuid_ThrowsArgumentException" storage="d:\actions-runner\_work\xpco\xpco\common\videoos.certificateregistration.common\videoos.certificateregistration.common.unittests\bin\debug\videoos.certificateregistration.common.unittests.dll" id="42c7552f-fa39-b5a6-d594-2f086cd6dd52">
      <Execution id="8f4c0bf0-b6f7-4427-8e93-853d9182a89e" />
      <TestMethod codeBase="D:\actions-runner\_work\XPCO\XPCO\Common\VideoOS.CertificateRegistration.Common\VideoOS.CertificateRegistration.Common.UnitTests\bin\Debug\VideoOS.CertificateRegistration.Common.UnitTests.dll" adapterTypeName="executor://mstestadapter/v2" className="VideoOS.CertificateRegistration.Common.UnitTests.HttpSysSettingsTests" name="Ctor_NoServiceNameAndNotWellKnownAppGuid_ThrowsArgumentException" />
    </UnitTest>
    <UnitTest name="PreExecute_WaitForServiceTimeOut_ErrorStatusLoggedAndReturned" storage="d:\actions-runner\_work\xpco\xpco\common\videoos.certificateregistration.common\videoos.certificateregistration.common.unittests\bin\debug\videoos.certificateregistration.common.unittests.dll" id="1912aad4-2051-492f-0e84-575be58a058c">
      <Execution id="5afe69f1-7869-4554-91d4-a31266e50852" />
      <TestMethod codeBase="D:\actions-runner\_work\XPCO\XPCO\Common\VideoOS.CertificateRegistration.Common\VideoOS.CertificateRegistration.Common.UnitTests\bin\Debug\VideoOS.CertificateRegistration.Common.UnitTests.dll" adapterTypeName="executor://mstestadapter/v2" className="VideoOS.CertificateRegistration.Common.UnitTests.WindowsServiceConfiguratorBaseTests" name="PreExecute_WaitForServiceTimeOut_ErrorStatusLoggedAndReturned" />
    </UnitTest>
    <UnitTest name="DeleteSettings_DeleteSslConfigurationThrowsWin32Exception_ThrowsChangeEncryptionException" storage="d:\actions-runner\_work\xpco\xpco\common\videoos.certificateregistration.common\videoos.certificateregistration.common.unittests\bin\debug\videoos.certificateregistration.common.unittests.dll" id="c596cb99-d491-23fb-19f4-94635ef51e88">
      <Execution id="8d1a6cc9-b481-4c3f-9663-9593e92e38dc" />
      <TestMethod codeBase="D:\actions-runner\_work\XPCO\XPCO\Common\VideoOS.CertificateRegistration.Common\VideoOS.CertificateRegistration.Common.UnitTests\bin\Debug\VideoOS.CertificateRegistration.Common.UnitTests.dll" adapterTypeName="executor://mstestadapter/v2" className="VideoOS.CertificateRegistration.Common.UnitTests.HttpSysSettingsTests" name="DeleteSettings_DeleteSslConfigurationThrowsWin32Exception_ThrowsChangeEncryptionException" />
    </UnitTest>
    <UnitTest name="ServerRegisterServiceBase_RegisterThisService_NoServiceRegistered_Fails" storage="d:\actions-runner\_work\xpco\xpco\common\videoos.certificateregistration.common\videoos.certificateregistration.common.unittests\bin\debug\videoos.certificateregistration.common.unittests.dll" id="b8045e97-71a3-0991-705f-c4c6df756ba2">
      <Execution id="672844e9-339d-4a75-ad62-a875f24b82ce" />
      <TestMethod codeBase="D:\actions-runner\_work\XPCO\XPCO\Common\VideoOS.CertificateRegistration.Common\VideoOS.CertificateRegistration.Common.UnitTests\bin\Debug\VideoOS.CertificateRegistration.Common.UnitTests.dll" adapterTypeName="executor://mstestadapter/v2" className="VideoOS.CertificateRegistration.Common.UnitTests.ServerRegisterServiceBaseTests" name="ServerRegisterServiceBase_RegisterThisService_NoServiceRegistered_Fails" />
    </UnitTest>
    <UnitTest name="RegisterClientWithExtendedRetry_Success" storage="d:\actions-runner\_work\xpco\xpco\common\videoos.certificateregistration.common\videoos.certificateregistration.common.unittests\bin\debug\videoos.certificateregistration.common.unittests.dll" id="0f07d21c-9388-5d5f-6dea-c0c8b6b2970e">
      <Execution id="6ffa2261-bcc8-4d98-aec7-feb1d088dc13" />
      <TestMethod codeBase="D:\actions-runner\_work\XPCO\XPCO\Common\VideoOS.CertificateRegistration.Common\VideoOS.CertificateRegistration.Common.UnitTests\bin\Debug\VideoOS.CertificateRegistration.Common.UnitTests.dll" adapterTypeName="executor://mstestadapter/v2" className="VideoOS.CertificateRegistration.Common.UnitTests.CleintEndpointRegistrarBaseUnitTests" name="RegisterClientWithExtendedRetry_Success" />
    </UnitTest>
    <UnitTest name="RegisterClient_authorizationServiceIsNull_OtherErrorStatusCodeIsReturned" storage="d:\actions-runner\_work\xpco\xpco\common\videoos.certificateregistration.common\videoos.certificateregistration.common.unittests\bin\debug\videoos.certificateregistration.common.unittests.dll" id="ee65ac4c-4fd5-efa2-3e0b-0ff33493e8e1">
      <Execution id="7f5a7ce7-4e9a-4d69-bee4-1ba452aa3102" />
      <TestMethod codeBase="D:\actions-runner\_work\XPCO\XPCO\Common\VideoOS.CertificateRegistration.Common\VideoOS.CertificateRegistration.Common.UnitTests\bin\Debug\VideoOS.CertificateRegistration.Common.UnitTests.dll" adapterTypeName="executor://mstestadapter/v2" className="VideoOS.CertificateRegistration.Common.UnitTests.CleintEndpointRegistrarBaseUnitTests" name="RegisterClient_authorizationServiceIsNull_OtherErrorStatusCodeIsReturned" />
    </UnitTest>
    <UnitTest name="EndpointRegistrarBase_ServiceNameIsNull_ArgumentNullExceptionThrown" storage="d:\actions-runner\_work\xpco\xpco\common\videoos.certificateregistration.common\videoos.certificateregistration.common.unittests\bin\debug\videoos.certificateregistration.common.unittests.dll" id="781c0c5a-15aa-b878-d316-875348e8af34">
      <Execution id="b3fe5117-9aec-474d-a6c6-12910725b5c8" />
      <TestMethod codeBase="D:\actions-runner\_work\XPCO\XPCO\Common\VideoOS.CertificateRegistration.Common\VideoOS.CertificateRegistration.Common.UnitTests\bin\Debug\VideoOS.CertificateRegistration.Common.UnitTests.dll" adapterTypeName="executor://mstestadapter/v2" className="VideoOS.CertificateRegistration.Common.UnitTests.CleintEndpointRegistrarBaseUnitTests" name="EndpointRegistrarBase_ServiceNameIsNull_ArgumentNullExceptionThrown" />
    </UnitTest>
    <UnitTest name="PreExecute_StatusIsStopped_NoServiceStopSuccessStatusReturned" storage="d:\actions-runner\_work\xpco\xpco\common\videoos.certificateregistration.common\videoos.certificateregistration.common.unittests\bin\debug\videoos.certificateregistration.common.unittests.dll" id="c8961633-bbe2-bc57-729b-12f0b92c7eef">
      <Execution id="c5abb50d-a3d9-49df-8953-e1d26aa25f7d" />
      <TestMethod codeBase="D:\actions-runner\_work\XPCO\XPCO\Common\VideoOS.CertificateRegistration.Common\VideoOS.CertificateRegistration.Common.UnitTests\bin\Debug\VideoOS.CertificateRegistration.Common.UnitTests.dll" adapterTypeName="executor://mstestadapter/v2" className="VideoOS.CertificateRegistration.Common.UnitTests.WindowsServiceConfiguratorBaseTests" name="PreExecute_StatusIsStopped_NoServiceStopSuccessStatusReturned" />
    </UnitTest>
    <UnitTest name="ServerRegisterServiceBase_ServiceNameIsNull_ArgumentNullExceptionIsThrown" storage="d:\actions-runner\_work\xpco\xpco\common\videoos.certificateregistration.common\videoos.certificateregistration.common.unittests\bin\debug\videoos.certificateregistration.common.unittests.dll" id="c61eb568-f5a6-31e5-0a7b-14df01247acc">
      <Execution id="8034f11f-2ea7-4d77-9b52-edad7ff303f0" />
      <TestMethod codeBase="D:\actions-runner\_work\XPCO\XPCO\Common\VideoOS.CertificateRegistration.Common\VideoOS.CertificateRegistration.Common.UnitTests\bin\Debug\VideoOS.CertificateRegistration.Common.UnitTests.dll" adapterTypeName="executor://mstestadapter/v2" className="VideoOS.CertificateRegistration.Common.UnitTests.ServerRegisterServiceBaseTests" name="ServerRegisterServiceBase_ServiceNameIsNull_ArgumentNullExceptionIsThrown" />
    </UnitTest>
    <UnitTest name="ServerRegisterServiceBase_RegisterThisService_NewManagementServerAddressIsNull_ArgumentNullExceptionIsThrown" storage="d:\actions-runner\_work\xpco\xpco\common\videoos.certificateregistration.common\videoos.certificateregistration.common.unittests\bin\debug\videoos.certificateregistration.common.unittests.dll" id="a6b15578-45a2-ca78-3a0d-4cb04c7bfe7b">
      <Execution id="785ac9dd-7182-40d6-aa7e-128d2cc15d59" />
      <TestMethod codeBase="D:\actions-runner\_work\XPCO\XPCO\Common\VideoOS.CertificateRegistration.Common\VideoOS.CertificateRegistration.Common.UnitTests\bin\Debug\VideoOS.CertificateRegistration.Common.UnitTests.dll" adapterTypeName="executor://mstestadapter/v2" className="VideoOS.CertificateRegistration.Common.UnitTests.ServerRegisterServiceBaseTests" name="ServerRegisterServiceBase_RegisterThisService_NewManagementServerAddressIsNull_ArgumentNullExceptionIsThrown" />
    </UnitTest>
    <UnitTest name="DeleteSettings_ExistingConfigsExists_DeleteAllExistingConfigs" storage="d:\actions-runner\_work\xpco\xpco\common\videoos.certificateregistration.common\videoos.certificateregistration.common.unittests\bin\debug\videoos.certificateregistration.common.unittests.dll" id="f9bdecf0-46ba-5440-79ea-fec367d5c9f3">
      <Execution id="a590b48e-aa8f-4017-ae29-1097624a7df2" />
      <TestMethod codeBase="D:\actions-runner\_work\XPCO\XPCO\Common\VideoOS.CertificateRegistration.Common\VideoOS.CertificateRegistration.Common.UnitTests\bin\Debug\VideoOS.CertificateRegistration.Common.UnitTests.dll" adapterTypeName="executor://mstestadapter/v2" className="VideoOS.CertificateRegistration.Common.UnitTests.HttpSysSettingsTests" name="DeleteSettings_ExistingConfigsExists_DeleteAllExistingConfigs" />
    </UnitTest>
    <UnitTest name="SaveSettings_EncryptionEnabledIsTrue_EnforceSslConfigurationAndUrlReservationIsCalledAndSchemeIsHttps_AndRelativeUriIsSetToNull" storage="d:\actions-runner\_work\xpco\xpco\common\videoos.certificateregistration.common\videoos.certificateregistration.common.unittests\bin\debug\videoos.certificateregistration.common.unittests.dll" id="58bcb3f3-5a47-0466-b490-f461c9cdbf2d">
      <Execution id="e9a81f01-53c6-4b28-945f-7d03a03456cf" />
      <TestMethod codeBase="D:\actions-runner\_work\XPCO\XPCO\Common\VideoOS.CertificateRegistration.Common\VideoOS.CertificateRegistration.Common.UnitTests\bin\Debug\VideoOS.CertificateRegistration.Common.UnitTests.dll" adapterTypeName="executor://mstestadapter/v2" className="VideoOS.CertificateRegistration.Common.UnitTests.HttpSysSettingsTests" name="SaveSettings_EncryptionEnabledIsTrue_EnforceSslConfigurationAndUrlReservationIsCalledAndSchemeIsHttps_AndRelativeUriIsSetToNull" />
    </UnitTest>
    <UnitTest name="WindowsServiceConfiguratorBase_Construction_Success" storage="d:\actions-runner\_work\xpco\xpco\common\videoos.certificateregistration.common\videoos.certificateregistration.common.unittests\bin\debug\videoos.certificateregistration.common.unittests.dll" id="cd4cf7d8-3296-7ad2-cab9-81cbe1ddb98d">
      <Execution id="3c1c9759-3bc5-4dd3-b485-770b60b0cfad" />
      <TestMethod codeBase="D:\actions-runner\_work\XPCO\XPCO\Common\VideoOS.CertificateRegistration.Common\VideoOS.CertificateRegistration.Common.UnitTests\bin\Debug\VideoOS.CertificateRegistration.Common.UnitTests.dll" adapterTypeName="executor://mstestadapter/v2" className="VideoOS.CertificateRegistration.Common.UnitTests.WindowsServiceConfiguratorBaseTests" name="WindowsServiceConfiguratorBase_Construction_Success" />
    </UnitTest>
    <UnitTest name="ApplyCertificate_ThumbprintIsPassed_StatusCodeIsSuccess" storage="d:\actions-runner\_work\xpco\xpco\common\videoos.certificateregistration.common\videoos.certificateregistration.common.unittests\bin\debug\videoos.certificateregistration.common.unittests.dll" id="266ce242-890f-c8a2-6c3c-861d38ff4a4a">
      <Execution id="93b1c357-8ad3-42cf-8717-e7efbbc8dfdf" />
      <TestMethod codeBase="D:\actions-runner\_work\XPCO\XPCO\Common\VideoOS.CertificateRegistration.Common\VideoOS.CertificateRegistration.Common.UnitTests\bin\Debug\VideoOS.CertificateRegistration.Common.UnitTests.dll" adapterTypeName="executor://mstestadapter/v2" className="VideoOS.CertificateRegistration.Common.UnitTests.ServerEndpointRegistrarBaseTests" name="ApplyCertificate_ThumbprintIsPassed_StatusCodeIsSuccess" />
    </UnitTest>
    <UnitTest name="EndpointRegistrarBase_Ctor_Success" storage="d:\actions-runner\_work\xpco\xpco\common\videoos.certificateregistration.common\videoos.certificateregistration.common.unittests\bin\debug\videoos.certificateregistration.common.unittests.dll" id="39ba04e7-164a-6477-93f0-f5a8e149b210">
      <Execution id="950ccb64-587f-47ea-9cba-2221f54680d6" />
      <TestMethod codeBase="D:\actions-runner\_work\XPCO\XPCO\Common\VideoOS.CertificateRegistration.Common\VideoOS.CertificateRegistration.Common.UnitTests\bin\Debug\VideoOS.CertificateRegistration.Common.UnitTests.dll" adapterTypeName="executor://mstestadapter/v2" className="VideoOS.CertificateRegistration.Common.UnitTests.CleintEndpointRegistrarBaseUnitTests" name="EndpointRegistrarBase_Ctor_Success" />
    </UnitTest>
    <UnitTest name="RegisterClient_CantWriteRegistrationParameters_OtherErrorReturned" storage="d:\actions-runner\_work\xpco\xpco\common\videoos.certificateregistration.common\videoos.certificateregistration.common.unittests\bin\debug\videoos.certificateregistration.common.unittests.dll" id="b39d4aab-e093-ee5c-26fd-fbbd19df8121">
      <Execution id="b9ff519d-81e7-4288-a669-062ee5f344c9" />
      <TestMethod codeBase="D:\actions-runner\_work\XPCO\XPCO\Common\VideoOS.CertificateRegistration.Common\VideoOS.CertificateRegistration.Common.UnitTests\bin\Debug\VideoOS.CertificateRegistration.Common.UnitTests.dll" adapterTypeName="executor://mstestadapter/v2" className="VideoOS.CertificateRegistration.Common.UnitTests.CleintEndpointRegistrarBaseUnitTests" name="RegisterClient_CantWriteRegistrationParameters_OtherErrorReturned" />
    </UnitTest>
    <UnitTest name="PreExecute_StopServiceThrowsException_ServiceConfigurationExceptionThrown" storage="d:\actions-runner\_work\xpco\xpco\common\videoos.certificateregistration.common\videoos.certificateregistration.common.unittests\bin\debug\videoos.certificateregistration.common.unittests.dll" id="d3aefef5-c41d-952b-949f-1b0db02ec76d">
      <Execution id="ab24922b-6fae-4846-82b4-9a9b79c680f1" />
      <TestMethod codeBase="D:\actions-runner\_work\XPCO\XPCO\Common\VideoOS.CertificateRegistration.Common\VideoOS.CertificateRegistration.Common.UnitTests\bin\Debug\VideoOS.CertificateRegistration.Common.UnitTests.dll" adapterTypeName="executor://mstestadapter/v2" className="VideoOS.CertificateRegistration.Common.UnitTests.WindowsServiceConfiguratorBaseTests" name="PreExecute_StopServiceThrowsException_ServiceConfigurationExceptionThrown" />
    </UnitTest>
    <UnitTest name="ServerRegisterServiceBase_IServiceRegistrationServiceFactoryIsNull_ArgumentNullExceptionIsThrown" storage="d:\actions-runner\_work\xpco\xpco\common\videoos.certificateregistration.common\videoos.certificateregistration.common.unittests\bin\debug\videoos.certificateregistration.common.unittests.dll" id="9a7c718b-4e91-68ce-413e-16147ce1afc3">
      <Execution id="fa778eb6-5fc3-4b52-b26a-0ed70d44a60f" />
      <TestMethod codeBase="D:\actions-runner\_work\XPCO\XPCO\Common\VideoOS.CertificateRegistration.Common\VideoOS.CertificateRegistration.Common.UnitTests\bin\Debug\VideoOS.CertificateRegistration.Common.UnitTests.dll" adapterTypeName="executor://mstestadapter/v2" className="VideoOS.CertificateRegistration.Common.UnitTests.ServerRegisterServiceBaseTests" name="ServerRegisterServiceBase_IServiceRegistrationServiceFactoryIsNull_ArgumentNullExceptionIsThrown" />
    </UnitTest>
    <UnitTest name="Initialize_ValidLogger_SuccessStatusReturned" storage="d:\actions-runner\_work\xpco\xpco\common\videoos.certificateregistration.common\videoos.certificateregistration.common.unittests\bin\debug\videoos.certificateregistration.common.unittests.dll" id="da3ae52e-52ca-a63c-541e-980271333f51">
      <Execution id="6eb0458c-50db-4aa6-881a-13c23c80ba93" />
      <TestMethod codeBase="D:\actions-runner\_work\XPCO\XPCO\Common\VideoOS.CertificateRegistration.Common\VideoOS.CertificateRegistration.Common.UnitTests\bin\Debug\VideoOS.CertificateRegistration.Common.UnitTests.dll" adapterTypeName="executor://mstestadapter/v2" className="VideoOS.CertificateRegistration.Common.UnitTests.WindowsServiceConfiguratorBaseTests" name="Initialize_ValidLogger_SuccessStatusReturned" />
    </UnitTest>
    <UnitTest name="DeleteSettings_EncryptionEnabledIsTrue_SchemeIsHttps" storage="d:\actions-runner\_work\xpco\xpco\common\videoos.certificateregistration.common\videoos.certificateregistration.common.unittests\bin\debug\videoos.certificateregistration.common.unittests.dll" id="018dc1a8-8462-d200-b509-6808e488dc2e">
      <Execution id="e972f90d-92c9-4bbd-ac26-df9159d7cab0" />
      <TestMethod codeBase="D:\actions-runner\_work\XPCO\XPCO\Common\VideoOS.CertificateRegistration.Common\VideoOS.CertificateRegistration.Common.UnitTests\bin\Debug\VideoOS.CertificateRegistration.Common.UnitTests.dll" adapterTypeName="executor://mstestadapter/v2" className="VideoOS.CertificateRegistration.Common.UnitTests.HttpSysSettingsTests" name="DeleteSettings_EncryptionEnabledIsTrue_SchemeIsHttps" />
    </UnitTest>
    <UnitTest name="DeleteSettings_EncryptionEnabledIsFalse_SchemeIsHttp" storage="d:\actions-runner\_work\xpco\xpco\common\videoos.certificateregistration.common\videoos.certificateregistration.common.unittests\bin\debug\videoos.certificateregistration.common.unittests.dll" id="79a493f3-eadd-d3ad-d16d-72b9a5373ac2">
      <Execution id="00fec2c4-e097-4477-b0bb-9628e3172c24" />
      <TestMethod codeBase="D:\actions-runner\_work\XPCO\XPCO\Common\VideoOS.CertificateRegistration.Common\VideoOS.CertificateRegistration.Common.UnitTests\bin\Debug\VideoOS.CertificateRegistration.Common.UnitTests.dll" adapterTypeName="executor://mstestadapter/v2" className="VideoOS.CertificateRegistration.Common.UnitTests.HttpSysSettingsTests" name="DeleteSettings_EncryptionEnabledIsFalse_SchemeIsHttp" />
    </UnitTest>
    <UnitTest name="PostExecute_ServiceRunningWaitForServiceTimeOut_ErrorStatusLoggedAndReturned" storage="d:\actions-runner\_work\xpco\xpco\common\videoos.certificateregistration.common\videoos.certificateregistration.common.unittests\bin\debug\videoos.certificateregistration.common.unittests.dll" id="bd257202-dc8f-dd22-ad23-824e7be45ac8">
      <Execution id="7a266344-3152-46ce-8f19-d1b2d131bb72" />
      <TestMethod codeBase="D:\actions-runner\_work\XPCO\XPCO\Common\VideoOS.CertificateRegistration.Common\VideoOS.CertificateRegistration.Common.UnitTests\bin\Debug\VideoOS.CertificateRegistration.Common.UnitTests.dll" adapterTypeName="executor://mstestadapter/v2" className="VideoOS.CertificateRegistration.Common.UnitTests.WindowsServiceConfiguratorBaseTests" name="PostExecute_ServiceRunningWaitForServiceTimeOut_ErrorStatusLoggedAndReturned" />
    </UnitTest>
    <UnitTest name="RegisterClient_UnsuccessfulHttpStatus_CorrectErrorCodeIsReturned (Unauthorized,VmsAdminCredentialsNeeded)" storage="d:\actions-runner\_work\xpco\xpco\common\videoos.certificateregistration.common\videoos.certificateregistration.common.unittests\bin\debug\videoos.certificateregistration.common.unittests.dll" id="6191fff3-03bb-cef0-9e31-b12d5ce38c25">
      <Execution id="11a11dcc-81b6-4ea5-9ba4-c912afad5019" />
      <TestMethod codeBase="D:\actions-runner\_work\XPCO\XPCO\Common\VideoOS.CertificateRegistration.Common\VideoOS.CertificateRegistration.Common.UnitTests\bin\Debug\VideoOS.CertificateRegistration.Common.UnitTests.dll" adapterTypeName="executor://mstestadapter/v2" className="VideoOS.CertificateRegistration.Common.UnitTests.CleintEndpointRegistrarBaseUnitTests" name="RegisterClient_UnsuccessfulHttpStatus_CorrectErrorCodeIsReturned" />
    </UnitTest>
    <UnitTest name="SaveSettings_EncryptionEnabledIsTrue_EnforceSslConfigurationAndUrlReservationIsCalledAndSchemeIsHttps" storage="d:\actions-runner\_work\xpco\xpco\common\videoos.certificateregistration.common\videoos.certificateregistration.common.unittests\bin\debug\videoos.certificateregistration.common.unittests.dll" id="3a255943-38fd-65a0-06e8-f98bd5bb6ead">
      <Execution id="3ca21082-a6bb-42bc-96d5-e78cd4515054" />
      <TestMethod codeBase="D:\actions-runner\_work\XPCO\XPCO\Common\VideoOS.CertificateRegistration.Common\VideoOS.CertificateRegistration.Common.UnitTests\bin\Debug\VideoOS.CertificateRegistration.Common.UnitTests.dll" adapterTypeName="executor://mstestadapter/v2" className="VideoOS.CertificateRegistration.Common.UnitTests.HttpSysSettingsTests" name="SaveSettings_EncryptionEnabledIsTrue_EnforceSslConfigurationAndUrlReservationIsCalledAndSchemeIsHttps" />
    </UnitTest>
    <UnitTest name="Ctor_PortIsLessThan1OrGreaterThan65535_ThrowsArgumentOutOfRangeException (65536)" storage="d:\actions-runner\_work\xpco\xpco\common\videoos.certificateregistration.common\videoos.certificateregistration.common.unittests\bin\debug\videoos.certificateregistration.common.unittests.dll" id="942b3a55-0786-1462-9c63-fbf4500edeb7">
      <Execution id="ec1958b5-6277-4f1d-ba35-f29e853cd745" />
      <TestMethod codeBase="D:\actions-runner\_work\XPCO\XPCO\Common\VideoOS.CertificateRegistration.Common\VideoOS.CertificateRegistration.Common.UnitTests\bin\Debug\VideoOS.CertificateRegistration.Common.UnitTests.dll" adapterTypeName="executor://mstestadapter/v2" className="VideoOS.CertificateRegistration.Common.UnitTests.ServerEndpointRegistrarBaseTests" name="Ctor_PortIsLessThan1OrGreaterThan65535_ThrowsArgumentOutOfRangeException" />
    </UnitTest>
    <UnitTest name="EndpointRegistrarBase_ServiceNameIsEmpty_ArgumentExceptionIsThrown" storage="d:\actions-runner\_work\xpco\xpco\common\videoos.certificateregistration.common\videoos.certificateregistration.common.unittests\bin\debug\videoos.certificateregistration.common.unittests.dll" id="a5d03c54-5883-3feb-b41e-22112af4551c">
      <Execution id="0898a175-42fb-4534-ad7f-419e1318c825" />
      <TestMethod codeBase="D:\actions-runner\_work\XPCO\XPCO\Common\VideoOS.CertificateRegistration.Common\VideoOS.CertificateRegistration.Common.UnitTests\bin\Debug\VideoOS.CertificateRegistration.Common.UnitTests.dll" adapterTypeName="executor://mstestadapter/v2" className="VideoOS.CertificateRegistration.Common.UnitTests.CleintEndpointRegistrarBaseUnitTests" name="EndpointRegistrarBase_ServiceNameIsEmpty_ArgumentExceptionIsThrown" />
    </UnitTest>
    <UnitTest name="SaveSettings_DeleteSslThrowsWin32Exception_ThrowsChangeEncryptionException" storage="d:\actions-runner\_work\xpco\xpco\common\videoos.certificateregistration.common\videoos.certificateregistration.common.unittests\bin\debug\videoos.certificateregistration.common.unittests.dll" id="c6e46d5f-b233-bbc8-1cfb-8a1367cf9a66">
      <Execution id="585ce06e-af67-4074-ba5b-b623ef4daab7" />
      <TestMethod codeBase="D:\actions-runner\_work\XPCO\XPCO\Common\VideoOS.CertificateRegistration.Common\VideoOS.CertificateRegistration.Common.UnitTests\bin\Debug\VideoOS.CertificateRegistration.Common.UnitTests.dll" adapterTypeName="executor://mstestadapter/v2" className="VideoOS.CertificateRegistration.Common.UnitTests.HttpSysSettingsTests" name="SaveSettings_DeleteSslThrowsWin32Exception_ThrowsChangeEncryptionException" />
    </UnitTest>
    <UnitTest name="ServerRegisterServiceBase_ServiceTypeIsEmpty_ArgumentNullExceptionIsThrown" storage="d:\actions-runner\_work\xpco\xpco\common\videoos.certificateregistration.common\videoos.certificateregistration.common.unittests\bin\debug\videoos.certificateregistration.common.unittests.dll" id="2b13c4e7-5c64-3950-b286-557e015b795d">
      <Execution id="e6d72c52-b37c-4c67-be30-ea9779000115" />
      <TestMethod codeBase="D:\actions-runner\_work\XPCO\XPCO\Common\VideoOS.CertificateRegistration.Common\VideoOS.CertificateRegistration.Common.UnitTests\bin\Debug\VideoOS.CertificateRegistration.Common.UnitTests.dll" adapterTypeName="executor://mstestadapter/v2" className="VideoOS.CertificateRegistration.Common.UnitTests.ServerRegisterServiceBaseTests" name="ServerRegisterServiceBase_ServiceTypeIsEmpty_ArgumentNullExceptionIsThrown" />
    </UnitTest>
    <UnitTest name="ServerRegisterServiceBase_Ctor_WithIServiceRegistrationServiceFactory_Success" storage="d:\actions-runner\_work\xpco\xpco\common\videoos.certificateregistration.common\videoos.certificateregistration.common.unittests\bin\debug\videoos.certificateregistration.common.unittests.dll" id="8f8e16be-c28a-5688-50d4-e05e47e3b951">
      <Execution id="489f2571-c63c-409c-802e-2d84c459336b" />
      <TestMethod codeBase="D:\actions-runner\_work\XPCO\XPCO\Common\VideoOS.CertificateRegistration.Common\VideoOS.CertificateRegistration.Common.UnitTests\bin\Debug\VideoOS.CertificateRegistration.Common.UnitTests.dll" adapterTypeName="executor://mstestadapter/v2" className="VideoOS.CertificateRegistration.Common.UnitTests.ServerRegisterServiceBaseTests" name="ServerRegisterServiceBase_Ctor_WithIServiceRegistrationServiceFactory_Success" />
    </UnitTest>
    <UnitTest name="RegisterClient_SecretExceptionThrown_OtherErrorReturned" storage="d:\actions-runner\_work\xpco\xpco\common\videoos.certificateregistration.common\videoos.certificateregistration.common.unittests\bin\debug\videoos.certificateregistration.common.unittests.dll" id="72c3da66-9cb0-806f-8f0c-a8488919ac76">
      <Execution id="f14e7968-767b-4cfd-a616-024535f805cd" />
      <TestMethod codeBase="D:\actions-runner\_work\XPCO\XPCO\Common\VideoOS.CertificateRegistration.Common\VideoOS.CertificateRegistration.Common.UnitTests\bin\Debug\VideoOS.CertificateRegistration.Common.UnitTests.dll" adapterTypeName="executor://mstestadapter/v2" className="VideoOS.CertificateRegistration.Common.UnitTests.CleintEndpointRegistrarBaseUnitTests" name="RegisterClient_SecretExceptionThrown_OtherErrorReturned" />
    </UnitTest>
    <UnitTest name="ApplyCertificate_HttpSysSettingsThrowsException_StatusCodeIsOtherError" storage="d:\actions-runner\_work\xpco\xpco\common\videoos.certificateregistration.common\videoos.certificateregistration.common.unittests\bin\debug\videoos.certificateregistration.common.unittests.dll" id="5e0d969e-0f96-a043-44ac-2e76cc53e20c">
      <Execution id="9c2c39e1-a48f-4def-b476-074d4468ae3c" />
      <TestMethod codeBase="D:\actions-runner\_work\XPCO\XPCO\Common\VideoOS.CertificateRegistration.Common\VideoOS.CertificateRegistration.Common.UnitTests\bin\Debug\VideoOS.CertificateRegistration.Common.UnitTests.dll" adapterTypeName="executor://mstestadapter/v2" className="VideoOS.CertificateRegistration.Common.UnitTests.ServerEndpointRegistrarBaseTests" name="ApplyCertificate_HttpSysSettingsThrowsException_StatusCodeIsOtherError" />
    </UnitTest>
    <UnitTest name="RegisterClientWithRetry_Success" storage="d:\actions-runner\_work\xpco\xpco\common\videoos.certificateregistration.common\videoos.certificateregistration.common.unittests\bin\debug\videoos.certificateregistration.common.unittests.dll" id="5818bfd6-f7d1-a08c-dce1-112f30fa95f7">
      <Execution id="c38920d2-b747-4852-85bd-ec04dc794ae5" />
      <TestMethod codeBase="D:\actions-runner\_work\XPCO\XPCO\Common\VideoOS.CertificateRegistration.Common\VideoOS.CertificateRegistration.Common.UnitTests\bin\Debug\VideoOS.CertificateRegistration.Common.UnitTests.dll" adapterTypeName="executor://mstestadapter/v2" className="VideoOS.CertificateRegistration.Common.UnitTests.CleintEndpointRegistrarBaseUnitTests" name="RegisterClientWithRetry_Success" />
    </UnitTest>
    <UnitTest name="Given_NetworkCredentials_When_SerializedAndDeserialized_Then_InformationIsMaintained" storage="d:\actions-runner\_work\xpco\xpco\common\videoos.certificateregistration.common\videoos.certificateregistration.common.unittests\bin\debug\videoos.certificateregistration.common.unittests.dll" id="ddd8fc2e-643b-51d9-c33a-6ba5ae8a764a">
      <Execution id="ad7d4431-3b53-4528-b6f6-975af1641dd7" />
      <TestMethod codeBase="D:\actions-runner\_work\XPCO\XPCO\Common\VideoOS.CertificateRegistration.Common\VideoOS.CertificateRegistration.Common.UnitTests\bin\Debug\VideoOS.CertificateRegistration.Common.UnitTests.dll" adapterTypeName="executor://mstestadapter/v2" className="VideoOS.CertificateRegistration.Common.UnitTests.WindowsServiceConfiguratorBaseTests" name="Given_NetworkCredentials_When_SerializedAndDeserialized_Then_InformationIsMaintained" />
    </UnitTest>
    <UnitTest name="Ctor_ServicenNameIsNull_ThrowsArgumentNullException" storage="d:\actions-runner\_work\xpco\xpco\common\videoos.certificateregistration.common\videoos.certificateregistration.common.unittests\bin\debug\videoos.certificateregistration.common.unittests.dll" id="a21fdb2e-3655-b9f0-5ff0-63b04dd2fe77">
      <Execution id="d0ff7225-71f2-414d-8de0-5873ed412545" />
      <TestMethod codeBase="D:\actions-runner\_work\XPCO\XPCO\Common\VideoOS.CertificateRegistration.Common\VideoOS.CertificateRegistration.Common.UnitTests\bin\Debug\VideoOS.CertificateRegistration.Common.UnitTests.dll" adapterTypeName="executor://mstestadapter/v2" className="VideoOS.CertificateRegistration.Common.UnitTests.ServerEndpointRegistrarBaseTests" name="Ctor_ServicenNameIsNull_ThrowsArgumentNullException" />
    </UnitTest>
    <UnitTest name="SaveSettings_EncryptionEnabledIsTrueMultipleRelativeUris_EnforceSslConfigurationAndUrlReservationIsCalledAndSchemeIsHttps_AndAllRelativeUriAreSet" storage="d:\actions-runner\_work\xpco\xpco\common\videoos.certificateregistration.common\videoos.certificateregistration.common.unittests\bin\debug\videoos.certificateregistration.common.unittests.dll" id="ffdd7d7c-e933-fc49-2354-9d6ee3484422">
      <Execution id="34b1d411-3505-419e-b811-5f95639ca435" />
      <TestMethod codeBase="D:\actions-runner\_work\XPCO\XPCO\Common\VideoOS.CertificateRegistration.Common\VideoOS.CertificateRegistration.Common.UnitTests\bin\Debug\VideoOS.CertificateRegistration.Common.UnitTests.dll" adapterTypeName="executor://mstestadapter/v2" className="VideoOS.CertificateRegistration.Common.UnitTests.HttpSysSettingsTests" name="SaveSettings_EncryptionEnabledIsTrueMultipleRelativeUris_EnforceSslConfigurationAndUrlReservationIsCalledAndSchemeIsHttps_AndAllRelativeUriAreSet" />
    </UnitTest>
    <UnitTest name="SaveSettings_EnforceSslConfigurationThrowsWin32Exception_ThrowsChangeEncryptionSettings" storage="d:\actions-runner\_work\xpco\xpco\common\videoos.certificateregistration.common\videoos.certificateregistration.common.unittests\bin\debug\videoos.certificateregistration.common.unittests.dll" id="f457056a-e799-374b-e836-e89749008681">
      <Execution id="3b648687-6cb7-462b-b7ce-43a479a3b689" />
      <TestMethod codeBase="D:\actions-runner\_work\XPCO\XPCO\Common\VideoOS.CertificateRegistration.Common\VideoOS.CertificateRegistration.Common.UnitTests\bin\Debug\VideoOS.CertificateRegistration.Common.UnitTests.dll" adapterTypeName="executor://mstestadapter/v2" className="VideoOS.CertificateRegistration.Common.UnitTests.HttpSysSettingsTests" name="SaveSettings_EnforceSslConfigurationThrowsWin32Exception_ThrowsChangeEncryptionSettings" />
    </UnitTest>
    <UnitTest name="Initialize_NullLogger_ArgumentNullException" storage="d:\actions-runner\_work\xpco\xpco\common\videoos.certificateregistration.common\videoos.certificateregistration.common.unittests\bin\debug\videoos.certificateregistration.common.unittests.dll" id="f0374c79-6b39-0925-2c11-25d9bbfeae10">
      <Execution id="793174f3-5206-4c9b-8a61-54bb63f33109" />
      <TestMethod codeBase="D:\actions-runner\_work\XPCO\XPCO\Common\VideoOS.CertificateRegistration.Common\VideoOS.CertificateRegistration.Common.UnitTests\bin\Debug\VideoOS.CertificateRegistration.Common.UnitTests.dll" adapterTypeName="executor://mstestadapter/v2" className="VideoOS.CertificateRegistration.Common.UnitTests.WindowsServiceConfiguratorBaseTests" name="Initialize_NullLogger_ArgumentNullException" />
    </UnitTest>
    <UnitTest name="SaveSettings_CertificateCannotBeFound_ThrowsChangeEncryptionException" storage="d:\actions-runner\_work\xpco\xpco\common\videoos.certificateregistration.common\videoos.certificateregistration.common.unittests\bin\debug\videoos.certificateregistration.common.unittests.dll" id="fb7cfadb-664e-f34b-c0ad-4418e7050a8e">
      <Execution id="dbfb3720-8328-4d57-9257-83b0bacac936" />
      <TestMethod codeBase="D:\actions-runner\_work\XPCO\XPCO\Common\VideoOS.CertificateRegistration.Common\VideoOS.CertificateRegistration.Common.UnitTests\bin\Debug\VideoOS.CertificateRegistration.Common.UnitTests.dll" adapterTypeName="executor://mstestadapter/v2" className="VideoOS.CertificateRegistration.Common.UnitTests.HttpSysSettingsTests" name="SaveSettings_CertificateCannotBeFound_ThrowsChangeEncryptionException" />
    </UnitTest>
    <UnitTest name="LoggedErrorStatus_NullException_ErrorLoggedAndReturned" storage="d:\actions-runner\_work\xpco\xpco\common\videoos.certificateregistration.common\videoos.certificateregistration.common.unittests\bin\debug\videoos.certificateregistration.common.unittests.dll" id="737f180e-adc2-9bd5-b15b-cce3f0786bbd">
      <Execution id="f074de8e-29b7-4c6e-a185-783a660c7247" />
      <TestMethod codeBase="D:\actions-runner\_work\XPCO\XPCO\Common\VideoOS.CertificateRegistration.Common\VideoOS.CertificateRegistration.Common.UnitTests\bin\Debug\VideoOS.CertificateRegistration.Common.UnitTests.dll" adapterTypeName="executor://mstestadapter/v2" className="VideoOS.CertificateRegistration.Common.UnitTests.WindowsServiceConfiguratorBaseTests" name="LoggedErrorStatus_NullException_ErrorLoggedAndReturned" />
    </UnitTest>
    <UnitTest name="ServerRegisterServiceBase_RegisterThisService_CredentialsIsNull_Success" storage="d:\actions-runner\_work\xpco\xpco\common\videoos.certificateregistration.common\videoos.certificateregistration.common.unittests\bin\debug\videoos.certificateregistration.common.unittests.dll" id="a6f2ab1f-d156-c9ba-26f5-29d8052f340f">
      <Execution id="189c99b0-6a30-4ff0-89f2-c14a059ad5e9" />
      <TestMethod codeBase="D:\actions-runner\_work\XPCO\XPCO\Common\VideoOS.CertificateRegistration.Common\VideoOS.CertificateRegistration.Common.UnitTests\bin\Debug\VideoOS.CertificateRegistration.Common.UnitTests.dll" adapterTypeName="executor://mstestadapter/v2" className="VideoOS.CertificateRegistration.Common.UnitTests.ServerRegisterServiceBaseTests" name="ServerRegisterServiceBase_RegisterThisService_CredentialsIsNull_Success" />
    </UnitTest>
    <UnitTest name="PreExecute_StopServiceThrowsException_ServiceIsAlreadyStopped_Succeeds" storage="d:\actions-runner\_work\xpco\xpco\common\videoos.certificateregistration.common\videoos.certificateregistration.common.unittests\bin\debug\videoos.certificateregistration.common.unittests.dll" id="76ac24d3-c0e1-918b-ed89-0c9a580f78bf">
      <Execution id="268a8ada-43b9-42b5-8136-6bcaf3ce5648" />
      <TestMethod codeBase="D:\actions-runner\_work\XPCO\XPCO\Common\VideoOS.CertificateRegistration.Common\VideoOS.CertificateRegistration.Common.UnitTests\bin\Debug\VideoOS.CertificateRegistration.Common.UnitTests.dll" adapterTypeName="executor://mstestadapter/v2" className="VideoOS.CertificateRegistration.Common.UnitTests.WindowsServiceConfiguratorBaseTests" name="PreExecute_StopServiceThrowsException_ServiceIsAlreadyStopped_Succeeds" />
    </UnitTest>
    <UnitTest name="EndpointRegistrarBase_IRegistrationParametersHandlerIsNull_ArgumentNullExceptionIsThrown" storage="d:\actions-runner\_work\xpco\xpco\common\videoos.certificateregistration.common\videoos.certificateregistration.common.unittests\bin\debug\videoos.certificateregistration.common.unittests.dll" id="6964b6fa-a7c6-635e-0fdc-50dce4181e47">
      <Execution id="8574dcc8-eb20-4abf-a326-53bb29aea035" />
      <TestMethod codeBase="D:\actions-runner\_work\XPCO\XPCO\Common\VideoOS.CertificateRegistration.Common\VideoOS.CertificateRegistration.Common.UnitTests\bin\Debug\VideoOS.CertificateRegistration.Common.UnitTests.dll" adapterTypeName="executor://mstestadapter/v2" className="VideoOS.CertificateRegistration.Common.UnitTests.CleintEndpointRegistrarBaseUnitTests" name="EndpointRegistrarBase_IRegistrationParametersHandlerIsNull_ArgumentNullExceptionIsThrown" />
    </UnitTest>
    <UnitTest name="SaveSettings_EncryptionEnabledIsTrue_EnforceSslConfigurationAndUrlReservationIsCalledAndSchemeIsHttps_AndRelativeUriIsSet" storage="d:\actions-runner\_work\xpco\xpco\common\videoos.certificateregistration.common\videoos.certificateregistration.common.unittests\bin\debug\videoos.certificateregistration.common.unittests.dll" id="047c9a72-711d-4fb1-a112-f93b115bf550">
      <Execution id="2c4a32bc-f441-4da4-8c06-6033df8c54f7" />
      <TestMethod codeBase="D:\actions-runner\_work\XPCO\XPCO\Common\VideoOS.CertificateRegistration.Common\VideoOS.CertificateRegistration.Common.UnitTests\bin\Debug\VideoOS.CertificateRegistration.Common.UnitTests.dll" adapterTypeName="executor://mstestadapter/v2" className="VideoOS.CertificateRegistration.Common.UnitTests.HttpSysSettingsTests" name="SaveSettings_EncryptionEnabledIsTrue_EnforceSslConfigurationAndUrlReservationIsCalledAndSchemeIsHttps_AndRelativeUriIsSet" />
    </UnitTest>
    <UnitTest name="Ctor_SecurityIdentifierIsNull_ThrowsArgumentNullException" storage="d:\actions-runner\_work\xpco\xpco\common\videoos.certificateregistration.common\videoos.certificateregistration.common.unittests\bin\debug\videoos.certificateregistration.common.unittests.dll" id="2e9ee066-e092-20e5-4abe-7784b9a0b75a">
      <Execution id="b423f465-d3e4-4967-86c4-8f8e264231ef" />
      <TestMethod codeBase="D:\actions-runner\_work\XPCO\XPCO\Common\VideoOS.CertificateRegistration.Common\VideoOS.CertificateRegistration.Common.UnitTests\bin\Debug\VideoOS.CertificateRegistration.Common.UnitTests.dll" adapterTypeName="executor://mstestadapter/v2" className="VideoOS.CertificateRegistration.Common.UnitTests.ServerEndpointRegistrarBaseTests" name="Ctor_SecurityIdentifierIsNull_ThrowsArgumentNullException" />
    </UnitTest>
    <UnitTest name="RegisterClient_UnsuccessfulHttpStatus_CorrectErrorCodeIsReturned (BadRequest,UnspecifiedErrorRegistration)" storage="d:\actions-runner\_work\xpco\xpco\common\videoos.certificateregistration.common\videoos.certificateregistration.common.unittests\bin\debug\videoos.certificateregistration.common.unittests.dll" id="595d7717-ca1a-5969-045c-60a9db03b983">
      <Execution id="4903ef3b-6e78-40b2-9162-f01c0f98ec47" />
      <TestMethod codeBase="D:\actions-runner\_work\XPCO\XPCO\Common\VideoOS.CertificateRegistration.Common\VideoOS.CertificateRegistration.Common.UnitTests\bin\Debug\VideoOS.CertificateRegistration.Common.UnitTests.dll" adapterTypeName="executor://mstestadapter/v2" className="VideoOS.CertificateRegistration.Common.UnitTests.CleintEndpointRegistrarBaseUnitTests" name="RegisterClient_UnsuccessfulHttpStatus_CorrectErrorCodeIsReturned" />
    </UnitTest>
    <UnitTest name="Given_ClassThatInheritsBaseClass_When_SettingAnAddressThatIsPresentWithWebExceptionWithNotFound_Then_RegistrationReturnsMsNotFound" storage="d:\actions-runner\_work\xpco\xpco\common\videoos.certificateregistration.common\videoos.certificateregistration.common.unittests\bin\debug\videoos.certificateregistration.common.unittests.dll" id="52b604cd-1b5f-3fea-5be0-4a4e1ecb76b6">
      <Execution id="75c1ca6f-d918-4ac7-a624-2ff9a9d5e209" />
      <TestMethod codeBase="D:\actions-runner\_work\XPCO\XPCO\Common\VideoOS.CertificateRegistration.Common\VideoOS.CertificateRegistration.Common.UnitTests\bin\Debug\VideoOS.CertificateRegistration.Common.UnitTests.dll" adapterTypeName="executor://mstestadapter/v2" className="VideoOS.CertificateRegistration.Common.UnitTests.SetManagementServerBaseTest" name="Given_ClassThatInheritsBaseClass_When_SettingAnAddressThatIsPresentWithWebExceptionWithNotFound_Then_RegistrationReturnsMsNotFound" />
    </UnitTest>
    <UnitTest name="ServerRegisterServiceBase_RegisterThisService_AuthenticationFailed_Success" storage="d:\actions-runner\_work\xpco\xpco\common\videoos.certificateregistration.common\videoos.certificateregistration.common.unittests\bin\debug\videoos.certificateregistration.common.unittests.dll" id="c50e0311-b229-85ce-5199-799e657d5a38">
      <Execution id="77ce7905-47be-468c-95d7-7a31f7640eb1" />
      <TestMethod codeBase="D:\actions-runner\_work\XPCO\XPCO\Common\VideoOS.CertificateRegistration.Common\VideoOS.CertificateRegistration.Common.UnitTests\bin\Debug\VideoOS.CertificateRegistration.Common.UnitTests.dll" adapterTypeName="executor://mstestadapter/v2" className="VideoOS.CertificateRegistration.Common.UnitTests.ServerRegisterServiceBaseTests" name="ServerRegisterServiceBase_RegisterThisService_AuthenticationFailed_Success" />
    </UnitTest>
    <UnitTest name="Given_ClassThatInheritsBaseClass_When_SettingAnAddressThatIsPresentWithNonWebExceptionWithNonHttpResponse_Then_RegistrationReturnsUnknownError" storage="d:\actions-runner\_work\xpco\xpco\common\videoos.certificateregistration.common\videoos.certificateregistration.common.unittests\bin\debug\videoos.certificateregistration.common.unittests.dll" id="2250117e-e5e3-16cb-d339-b1e5deef55da">
      <Execution id="ea1db18f-21ea-4915-894f-5c0dcaae4fb1" />
      <TestMethod codeBase="D:\actions-runner\_work\XPCO\XPCO\Common\VideoOS.CertificateRegistration.Common\VideoOS.CertificateRegistration.Common.UnitTests\bin\Debug\VideoOS.CertificateRegistration.Common.UnitTests.dll" adapterTypeName="executor://mstestadapter/v2" className="VideoOS.CertificateRegistration.Common.UnitTests.SetManagementServerBaseTest" name="Given_ClassThatInheritsBaseClass_When_SettingAnAddressThatIsPresentWithNonWebExceptionWithNonHttpResponse_Then_RegistrationReturnsUnknownError" />
    </UnitTest>
    <UnitTest name="SaveSettings_ExistingConfigsExists_DeleteAllExistingConfigsBeforeNewConfigIsSaved" storage="d:\actions-runner\_work\xpco\xpco\common\videoos.certificateregistration.common\videoos.certificateregistration.common.unittests\bin\debug\videoos.certificateregistration.common.unittests.dll" id="9091d5ba-96b7-561c-ce33-e1546bd1b67d">
      <Execution id="e69a8ac9-7da2-41bb-ac89-12cb414b6f1a" />
      <TestMethod codeBase="D:\actions-runner\_work\XPCO\XPCO\Common\VideoOS.CertificateRegistration.Common\VideoOS.CertificateRegistration.Common.UnitTests\bin\Debug\VideoOS.CertificateRegistration.Common.UnitTests.dll" adapterTypeName="executor://mstestadapter/v2" className="VideoOS.CertificateRegistration.Common.UnitTests.HttpSysSettingsTests" name="SaveSettings_ExistingConfigsExists_DeleteAllExistingConfigsBeforeNewConfigIsSaved" />
    </UnitTest>
    <UnitTest name="Given_ClassThatInheritsBaseClass_When_SettingAnAddressThatIsPresent_Then_RegistrationSucceeds" storage="d:\actions-runner\_work\xpco\xpco\common\videoos.certificateregistration.common\videoos.certificateregistration.common.unittests\bin\debug\videoos.certificateregistration.common.unittests.dll" id="c307961e-bdf6-8c7d-dc1f-0d292a27cf88">
      <Execution id="3f9dc4a9-193c-4a84-92fb-fdfec627b1a7" />
      <TestMethod codeBase="D:\actions-runner\_work\XPCO\XPCO\Common\VideoOS.CertificateRegistration.Common\VideoOS.CertificateRegistration.Common.UnitTests\bin\Debug\VideoOS.CertificateRegistration.Common.UnitTests.dll" adapterTypeName="executor://mstestadapter/v2" className="VideoOS.CertificateRegistration.Common.UnitTests.SetManagementServerBaseTest" name="Given_ClassThatInheritsBaseClass_When_SettingAnAddressThatIsPresent_Then_RegistrationSucceeds" />
    </UnitTest>
    <UnitTest name="ServerRegisterServiceBase_RegisteredServiceNameIsNull_ArgumentNullExceptionIsThrown" storage="d:\actions-runner\_work\xpco\xpco\common\videoos.certificateregistration.common\videoos.certificateregistration.common.unittests\bin\debug\videoos.certificateregistration.common.unittests.dll" id="c9707235-f6b6-27f5-c54e-a3831ed29fe5">
      <Execution id="3e475e5a-fac6-480a-8ee7-ddb8585b0686" />
      <TestMethod codeBase="D:\actions-runner\_work\XPCO\XPCO\Common\VideoOS.CertificateRegistration.Common\VideoOS.CertificateRegistration.Common.UnitTests\bin\Debug\VideoOS.CertificateRegistration.Common.UnitTests.dll" adapterTypeName="executor://mstestadapter/v2" className="VideoOS.CertificateRegistration.Common.UnitTests.ServerRegisterServiceBaseTests" name="ServerRegisterServiceBase_RegisteredServiceNameIsNull_ArgumentNullExceptionIsThrown" />
    </UnitTest>
    <UnitTest name="ServerRegisterServiceBase_RegisterThisService_ChangeToIsSecure_Success" storage="d:\actions-runner\_work\xpco\xpco\common\videoos.certificateregistration.common\videoos.certificateregistration.common.unittests\bin\debug\videoos.certificateregistration.common.unittests.dll" id="23879a03-12d4-2581-a786-b22dbbdf4df8">
      <Execution id="f807bf84-a250-4d62-8243-f4398a165dba" />
      <TestMethod codeBase="D:\actions-runner\_work\XPCO\XPCO\Common\VideoOS.CertificateRegistration.Common\VideoOS.CertificateRegistration.Common.UnitTests\bin\Debug\VideoOS.CertificateRegistration.Common.UnitTests.dll" adapterTypeName="executor://mstestadapter/v2" className="VideoOS.CertificateRegistration.Common.UnitTests.ServerRegisterServiceBaseTests" name="ServerRegisterServiceBase_RegisterThisService_ChangeToIsSecure_Success" />
    </UnitTest>
    <UnitTest name="LoggedErrorStatus_VailedException_ErrorLoggedAndReturned" storage="d:\actions-runner\_work\xpco\xpco\common\videoos.certificateregistration.common\videoos.certificateregistration.common.unittests\bin\debug\videoos.certificateregistration.common.unittests.dll" id="2e5069bf-b8e6-f8ea-21f9-17cee9c2bdd0">
      <Execution id="b0d1596e-fd5f-4005-aa0d-1255ca842894" />
      <TestMethod codeBase="D:\actions-runner\_work\XPCO\XPCO\Common\VideoOS.CertificateRegistration.Common\VideoOS.CertificateRegistration.Common.UnitTests\bin\Debug\VideoOS.CertificateRegistration.Common.UnitTests.dll" adapterTypeName="executor://mstestadapter/v2" className="VideoOS.CertificateRegistration.Common.UnitTests.WindowsServiceConfiguratorBaseTests" name="LoggedErrorStatus_VailedException_ErrorLoggedAndReturned" />
    </UnitTest>
    <UnitTest name="EndpointRegistrarBase_ISecretProviderIsNull_ArgumentNullExceptionThrown" storage="d:\actions-runner\_work\xpco\xpco\common\videoos.certificateregistration.common\videoos.certificateregistration.common.unittests\bin\debug\videoos.certificateregistration.common.unittests.dll" id="4b0c3f35-2ec1-4356-d8bb-ee6fd4c7baca">
      <Execution id="73b62fd8-9d15-4860-bd2d-8a6695bacf35" />
      <TestMethod codeBase="D:\actions-runner\_work\XPCO\XPCO\Common\VideoOS.CertificateRegistration.Common\VideoOS.CertificateRegistration.Common.UnitTests\bin\Debug\VideoOS.CertificateRegistration.Common.UnitTests.dll" adapterTypeName="executor://mstestadapter/v2" className="VideoOS.CertificateRegistration.Common.UnitTests.CleintEndpointRegistrarBaseUnitTests" name="EndpointRegistrarBase_ISecretProviderIsNull_ArgumentNullExceptionThrown" />
    </UnitTest>
    <UnitTest name="Given_ClassThatInheritsBaseClass_When_SettingAnAddressThatIsNotPresent_Then_RegistrationReturnsMsNotFound" storage="d:\actions-runner\_work\xpco\xpco\common\videoos.certificateregistration.common\videoos.certificateregistration.common.unittests\bin\debug\videoos.certificateregistration.common.unittests.dll" id="639bf11a-4e66-0eec-6005-1b15ab2dca23">
      <Execution id="c374e851-29d8-4764-aa33-165559ad0bd5" />
      <TestMethod codeBase="D:\actions-runner\_work\XPCO\XPCO\Common\VideoOS.CertificateRegistration.Common\VideoOS.CertificateRegistration.Common.UnitTests\bin\Debug\VideoOS.CertificateRegistration.Common.UnitTests.dll" adapterTypeName="executor://mstestadapter/v2" className="VideoOS.CertificateRegistration.Common.UnitTests.SetManagementServerBaseTest" name="Given_ClassThatInheritsBaseClass_When_SettingAnAddressThatIsNotPresent_Then_RegistrationReturnsMsNotFound" />
    </UnitTest>
    <UnitTest name="ServerRegisterServiceBase_RegisterThisService_UriFormatInvalid_Success" storage="d:\actions-runner\_work\xpco\xpco\common\videoos.certificateregistration.common\videoos.certificateregistration.common.unittests\bin\debug\videoos.certificateregistration.common.unittests.dll" id="d595de9b-f478-19dd-5366-22b13b7c2fbc">
      <Execution id="a1d886d9-2ded-4ddf-8588-e560064004db" />
      <TestMethod codeBase="D:\actions-runner\_work\XPCO\XPCO\Common\VideoOS.CertificateRegistration.Common\VideoOS.CertificateRegistration.Common.UnitTests\bin\Debug\VideoOS.CertificateRegistration.Common.UnitTests.dll" adapterTypeName="executor://mstestadapter/v2" className="VideoOS.CertificateRegistration.Common.UnitTests.ServerRegisterServiceBaseTests" name="ServerRegisterServiceBase_RegisterThisService_UriFormatInvalid_Success" />
    </UnitTest>
    <UnitTest name="ServerRegisterServiceBase_RegisterThisService_ServiceAlreadyRegistered_Success" storage="d:\actions-runner\_work\xpco\xpco\common\videoos.certificateregistration.common\videoos.certificateregistration.common.unittests\bin\debug\videoos.certificateregistration.common.unittests.dll" id="a00e88e6-9cdf-83e8-2144-390a93546611">
      <Execution id="a20cf405-13bd-46dc-bb1e-ca33eb7afac1" />
      <TestMethod codeBase="D:\actions-runner\_work\XPCO\XPCO\Common\VideoOS.CertificateRegistration.Common\VideoOS.CertificateRegistration.Common.UnitTests\bin\Debug\VideoOS.CertificateRegistration.Common.UnitTests.dll" adapterTypeName="executor://mstestadapter/v2" className="VideoOS.CertificateRegistration.Common.UnitTests.ServerRegisterServiceBaseTests" name="ServerRegisterServiceBase_RegisterThisService_ServiceAlreadyRegistered_Success" />
    </UnitTest>
    <UnitTest name="PreExecute_ReturnStatusThatCauseNoStop_SuccessStatusReturned" storage="d:\actions-runner\_work\xpco\xpco\common\videoos.certificateregistration.common\videoos.certificateregistration.common.unittests\bin\debug\videoos.certificateregistration.common.unittests.dll" id="75177370-ff6c-8337-c81e-033ee713647f">
      <Execution id="fa19fb00-a168-4efa-8351-bc6dc5f59d8c" />
      <TestMethod codeBase="D:\actions-runner\_work\XPCO\XPCO\Common\VideoOS.CertificateRegistration.Common\VideoOS.CertificateRegistration.Common.UnitTests\bin\Debug\VideoOS.CertificateRegistration.Common.UnitTests.dll" adapterTypeName="executor://mstestadapter/v2" className="VideoOS.CertificateRegistration.Common.UnitTests.WindowsServiceConfiguratorBaseTests" name="PreExecute_ReturnStatusThatCauseNoStop_SuccessStatusReturned" />
    </UnitTest>
    <UnitTest name="PostExecute_ServiceNotRunning_SuccessStatusReturned" storage="d:\actions-runner\_work\xpco\xpco\common\videoos.certificateregistration.common\videoos.certificateregistration.common.unittests\bin\debug\videoos.certificateregistration.common.unittests.dll" id="ae5dc155-54b8-fb2f-5161-45627538006b">
      <Execution id="8157f981-36ce-4135-843c-7e9c040b8001" />
      <TestMethod codeBase="D:\actions-runner\_work\XPCO\XPCO\Common\VideoOS.CertificateRegistration.Common\VideoOS.CertificateRegistration.Common.UnitTests\bin\Debug\VideoOS.CertificateRegistration.Common.UnitTests.dll" adapterTypeName="executor://mstestadapter/v2" className="VideoOS.CertificateRegistration.Common.UnitTests.WindowsServiceConfiguratorBaseTests" name="PostExecute_ServiceNotRunning_SuccessStatusReturned" />
    </UnitTest>
    <UnitTest name="EndpointRegistrarBase_IRegistrationClientFactoryIsNull_ArgumentNullExceptionIsThrown" storage="d:\actions-runner\_work\xpco\xpco\common\videoos.certificateregistration.common\videoos.certificateregistration.common.unittests\bin\debug\videoos.certificateregistration.common.unittests.dll" id="11ed481f-2bf0-7b21-5d86-b1d7653af84a">
      <Execution id="51d7b522-2c53-440e-9f71-834edf8712b2" />
      <TestMethod codeBase="D:\actions-runner\_work\XPCO\XPCO\Common\VideoOS.CertificateRegistration.Common\VideoOS.CertificateRegistration.Common.UnitTests\bin\Debug\VideoOS.CertificateRegistration.Common.UnitTests.dll" adapterTypeName="executor://mstestadapter/v2" className="VideoOS.CertificateRegistration.Common.UnitTests.CleintEndpointRegistrarBaseUnitTests" name="EndpointRegistrarBase_IRegistrationClientFactoryIsNull_ArgumentNullExceptionIsThrown" />
    </UnitTest>
    <UnitTest name="Ctor_InstanceCountIsZero_ThrowsArgumentOutOfRangeException" storage="d:\actions-runner\_work\xpco\xpco\common\videoos.certificateregistration.common\videoos.certificateregistration.common.unittests\bin\debug\videoos.certificateregistration.common.unittests.dll" id="59dbfecd-600b-5bb3-9816-f92b1ad66171">
      <Execution id="e3880dc0-9145-4c39-bdc7-b29c80685c0a" />
      <TestMethod codeBase="D:\actions-runner\_work\XPCO\XPCO\Common\VideoOS.CertificateRegistration.Common\VideoOS.CertificateRegistration.Common.UnitTests\bin\Debug\VideoOS.CertificateRegistration.Common.UnitTests.dll" adapterTypeName="executor://mstestadapter/v2" className="VideoOS.CertificateRegistration.Common.UnitTests.HttpSysSettingsTests" name="Ctor_InstanceCountIsZero_ThrowsArgumentOutOfRangeException" />
    </UnitTest>
    <UnitTest name="ServerRegisterServiceBase_RegisterThisService_HostToRegisterIsNull_ArgumentNullExceptionIsThrown" storage="d:\actions-runner\_work\xpco\xpco\common\videoos.certificateregistration.common\videoos.certificateregistration.common.unittests\bin\debug\videoos.certificateregistration.common.unittests.dll" id="5e1d8673-9b0b-62e0-5fef-8b49ff4efd9b">
      <Execution id="e82a557c-2938-454e-8a46-f7069e704470" />
      <TestMethod codeBase="D:\actions-runner\_work\XPCO\XPCO\Common\VideoOS.CertificateRegistration.Common\VideoOS.CertificateRegistration.Common.UnitTests\bin\Debug\VideoOS.CertificateRegistration.Common.UnitTests.dll" adapterTypeName="executor://mstestadapter/v2" className="VideoOS.CertificateRegistration.Common.UnitTests.ServerRegisterServiceBaseTests" name="ServerRegisterServiceBase_RegisterThisService_HostToRegisterIsNull_ArgumentNullExceptionIsThrown" />
    </UnitTest>
    <UnitTest name="ServerRegisterServiceBase_Ctor_Success" storage="d:\actions-runner\_work\xpco\xpco\common\videoos.certificateregistration.common\videoos.certificateregistration.common.unittests\bin\debug\videoos.certificateregistration.common.unittests.dll" id="819155bf-efc3-b828-a24c-39ad69922a8f">
      <Execution id="f705789a-f50a-4afb-88b1-3281b2870f75" />
      <TestMethod codeBase="D:\actions-runner\_work\XPCO\XPCO\Common\VideoOS.CertificateRegistration.Common\VideoOS.CertificateRegistration.Common.UnitTests\bin\Debug\VideoOS.CertificateRegistration.Common.UnitTests.dll" adapterTypeName="executor://mstestadapter/v2" className="VideoOS.CertificateRegistration.Common.UnitTests.ServerRegisterServiceBaseTests" name="ServerRegisterServiceBase_Ctor_Success" />
    </UnitTest>
  </TestDefinitions>
  <TestEntries>
    <TestEntry testId="d3aefef5-c41d-952b-949f-1b0db02ec76d" executionId="ab24922b-6fae-4846-82b4-9a9b79c680f1" testListId="8c84fa94-04c1-424b-9868-57a2d4851a1d" />
    <TestEntry testId="9bf51f39-7b99-ae61-e144-e563cf172e93" executionId="4036c15a-8295-4e37-a9f6-a33144cac404" testListId="8c84fa94-04c1-424b-9868-57a2d4851a1d" />
    <TestEntry testId="5818bfd6-f7d1-a08c-dce1-112f30fa95f7" executionId="c38920d2-b747-4852-85bd-ec04dc794ae5" testListId="8c84fa94-04c1-424b-9868-57a2d4851a1d" />
    <TestEntry testId="52b604cd-1b5f-3fea-5be0-4a4e1ecb76b6" executionId="75c1ca6f-d918-4ac7-a624-2ff9a9d5e209" testListId="8c84fa94-04c1-424b-9868-57a2d4851a1d" />
    <TestEntry testId="0279fe0a-9bc6-8f00-7ac7-de06e6aceb8a" executionId="284b845b-133e-451d-992a-3c6770c96cc6" testListId="8c84fa94-04c1-424b-9868-57a2d4851a1d" />
    <TestEntry testId="a6b15578-45a2-ca78-3a0d-4cb04c7bfe7b" executionId="785ac9dd-7182-40d6-aa7e-128d2cc15d59" testListId="8c84fa94-04c1-424b-9868-57a2d4851a1d" />
    <TestEntry testId="a00e88e6-9cdf-83e8-2144-390a93546611" executionId="a20cf405-13bd-46dc-bb1e-ca33eb7afac1" testListId="8c84fa94-04c1-424b-9868-57a2d4851a1d" />
    <TestEntry testId="76ac24d3-c0e1-918b-ed89-0c9a580f78bf" executionId="268a8ada-43b9-42b5-8136-6bcaf3ce5648" testListId="8c84fa94-04c1-424b-9868-57a2d4851a1d" />
    <TestEntry testId="a6f2ab1f-d156-c9ba-26f5-29d8052f340f" executionId="189c99b0-6a30-4ff0-89f2-c14a059ad5e9" testListId="8c84fa94-04c1-424b-9868-57a2d4851a1d" />
    <TestEntry testId="8f8e16be-c28a-5688-50d4-e05e47e3b951" executionId="489f2571-c63c-409c-802e-2d84c459336b" testListId="8c84fa94-04c1-424b-9868-57a2d4851a1d" />
    <TestEntry testId="6964b6fa-a7c6-635e-0fdc-50dce4181e47" executionId="8574dcc8-eb20-4abf-a326-53bb29aea035" testListId="8c84fa94-04c1-424b-9868-57a2d4851a1d" />
    <TestEntry testId="6191fff3-03bb-cef0-9e31-b12d5ce38c25" executionId="11a11dcc-81b6-4ea5-9ba4-c912afad5019" testListId="8c84fa94-04c1-424b-9868-57a2d4851a1d" />
    <TestEntry testId="ffdd7d7c-e933-fc49-2354-9d6ee3484422" executionId="34b1d411-3505-419e-b811-5f95639ca435" testListId="8c84fa94-04c1-424b-9868-57a2d4851a1d" />
    <TestEntry testId="93662373-249d-c98c-580e-bfcc9245381a" executionId="6525356b-d6fe-49dd-acb3-6adc50965122" testListId="8c84fa94-04c1-424b-9868-57a2d4851a1d" />
    <TestEntry testId="9091d5ba-96b7-561c-ce33-e1546bd1b67d" executionId="e69a8ac9-7da2-41bb-ac89-12cb414b6f1a" testListId="8c84fa94-04c1-424b-9868-57a2d4851a1d" />
    <TestEntry testId="c6e46d5f-b233-bbc8-1cfb-8a1367cf9a66" executionId="585ce06e-af67-4074-ba5b-b623ef4daab7" testListId="8c84fa94-04c1-424b-9868-57a2d4851a1d" />
    <TestEntry testId="ee65ac4c-4fd5-efa2-3e0b-0ff33493e8e1" executionId="7f5a7ce7-4e9a-4d69-bee4-1ba452aa3102" testListId="8c84fa94-04c1-424b-9868-57a2d4851a1d" />
    <TestEntry testId="5e1d8673-9b0b-62e0-5fef-8b49ff4efd9b" executionId="e82a557c-2938-454e-8a46-f7069e704470" testListId="8c84fa94-04c1-424b-9868-57a2d4851a1d" />
    <TestEntry testId="2e9ee066-e092-20e5-4abe-7784b9a0b75a" executionId="b423f465-d3e4-4967-86c4-8f8e264231ef" testListId="8c84fa94-04c1-424b-9868-57a2d4851a1d" />
    <TestEntry testId="d595de9b-f478-19dd-5366-22b13b7c2fbc" executionId="a1d886d9-2ded-4ddf-8588-e560064004db" testListId="8c84fa94-04c1-424b-9868-57a2d4851a1d" />
    <TestEntry testId="c61eb568-f5a6-31e5-0a7b-14df01247acc" executionId="8034f11f-2ea7-4d77-9b52-edad7ff303f0" testListId="8c84fa94-04c1-424b-9868-57a2d4851a1d" />
    <TestEntry testId="d10521e7-0254-d22a-eb52-f9ef6c889d29" executionId="afc17b49-9d53-413e-a279-a887d9d3bfeb" testListId="8c84fa94-04c1-424b-9868-57a2d4851a1d" />
    <TestEntry testId="819155bf-efc3-b828-a24c-39ad69922a8f" executionId="f705789a-f50a-4afb-88b1-3281b2870f75" testListId="8c84fa94-04c1-424b-9868-57a2d4851a1d" />
    <TestEntry testId="da3ae52e-52ca-a63c-541e-980271333f51" executionId="6eb0458c-50db-4aa6-881a-13c23c80ba93" testListId="8c84fa94-04c1-424b-9868-57a2d4851a1d" />
    <TestEntry testId="79a493f3-eadd-d3ad-d16d-72b9a5373ac2" executionId="00fec2c4-e097-4477-b0bb-9628e3172c24" testListId="8c84fa94-04c1-424b-9868-57a2d4851a1d" />
    <TestEntry testId="c596cb99-d491-23fb-19f4-94635ef51e88" executionId="8d1a6cc9-b481-4c3f-9663-9593e92e38dc" testListId="8c84fa94-04c1-424b-9868-57a2d4851a1d" />
    <TestEntry testId="ddd8fc2e-643b-51d9-c33a-6ba5ae8a764a" executionId="ad7d4431-3b53-4528-b6f6-975af1641dd7" testListId="8c84fa94-04c1-424b-9868-57a2d4851a1d" />
    <TestEntry testId="fb7cfadb-664e-f34b-c0ad-4418e7050a8e" executionId="dbfb3720-8328-4d57-9257-83b0bacac936" testListId="8c84fa94-04c1-424b-9868-57a2d4851a1d" />
    <TestEntry testId="047c9a72-711d-4fb1-a112-f93b115bf550" executionId="2c4a32bc-f441-4da4-8c06-6033df8c54f7" testListId="8c84fa94-04c1-424b-9868-57a2d4851a1d" />
    <TestEntry testId="bd257202-dc8f-dd22-ad23-824e7be45ac8" executionId="7a266344-3152-46ce-8f19-d1b2d131bb72" testListId="8c84fa94-04c1-424b-9868-57a2d4851a1d" />
    <TestEntry testId="72c3da66-9cb0-806f-8f0c-a8488919ac76" executionId="f14e7968-767b-4cfd-a616-024535f805cd" testListId="8c84fa94-04c1-424b-9868-57a2d4851a1d" />
    <TestEntry testId="942b3a55-0786-1462-9c63-fbf4500edeb7" executionId="ec1958b5-6277-4f1d-ba35-f29e853cd745" testListId="8c84fa94-04c1-424b-9868-57a2d4851a1d" />
    <TestEntry testId="1912aad4-2051-492f-0e84-575be58a058c" executionId="5afe69f1-7869-4554-91d4-a31266e50852" testListId="8c84fa94-04c1-424b-9868-57a2d4851a1d" />
    <TestEntry testId="0f07d21c-9388-5d5f-6dea-c0c8b6b2970e" executionId="6ffa2261-bcc8-4d98-aec7-feb1d088dc13" testListId="8c84fa94-04c1-424b-9868-57a2d4851a1d" />
    <TestEntry testId="23879a03-12d4-2581-a786-b22dbbdf4df8" executionId="f807bf84-a250-4d62-8243-f4398a165dba" testListId="8c84fa94-04c1-424b-9868-57a2d4851a1d" />
    <TestEntry testId="cd4cf7d8-3296-7ad2-cab9-81cbe1ddb98d" executionId="3c1c9759-3bc5-4dd3-b485-770b60b0cfad" testListId="8c84fa94-04c1-424b-9868-57a2d4851a1d" />
    <TestEntry testId="a21fdb2e-3655-b9f0-5ff0-63b04dd2fe77" executionId="d0ff7225-71f2-414d-8de0-5873ed412545" testListId="8c84fa94-04c1-424b-9868-57a2d4851a1d" />
    <TestEntry testId="59dbfecd-600b-5bb3-9816-f92b1ad66171" executionId="e3880dc0-9145-4c39-bdc7-b29c80685c0a" testListId="8c84fa94-04c1-424b-9868-57a2d4851a1d" />
    <TestEntry testId="5e0d969e-0f96-a043-44ac-2e76cc53e20c" executionId="9c2c39e1-a48f-4def-b476-074d4468ae3c" testListId="8c84fa94-04c1-424b-9868-57a2d4851a1d" />
    <TestEntry testId="595d7717-ca1a-5969-045c-60a9db03b983" executionId="4903ef3b-6e78-40b2-9162-f01c0f98ec47" testListId="8c84fa94-04c1-424b-9868-57a2d4851a1d" />
    <TestEntry testId="018dc1a8-8462-d200-b509-6808e488dc2e" executionId="e972f90d-92c9-4bbd-ac26-df9159d7cab0" testListId="8c84fa94-04c1-424b-9868-57a2d4851a1d" />
    <TestEntry testId="2250117e-e5e3-16cb-d339-b1e5deef55da" executionId="ea1db18f-21ea-4915-894f-5c0dcaae4fb1" testListId="8c84fa94-04c1-424b-9868-57a2d4851a1d" />
    <TestEntry testId="c307961e-bdf6-8c7d-dc1f-0d292a27cf88" executionId="3f9dc4a9-193c-4a84-92fb-fdfec627b1a7" testListId="8c84fa94-04c1-424b-9868-57a2d4851a1d" />
    <TestEntry testId="f0374c79-6b39-0925-2c11-25d9bbfeae10" executionId="793174f3-5206-4c9b-8a61-54bb63f33109" testListId="8c84fa94-04c1-424b-9868-57a2d4851a1d" />
    <TestEntry testId="c9707235-f6b6-27f5-c54e-a3831ed29fe5" executionId="3e475e5a-fac6-480a-8ee7-ddb8585b0686" testListId="8c84fa94-04c1-424b-9868-57a2d4851a1d" />
    <TestEntry testId="639bf11a-4e66-0eec-6005-1b15ab2dca23" executionId="c374e851-29d8-4764-aa33-165559ad0bd5" testListId="8c84fa94-04c1-424b-9868-57a2d4851a1d" />
    <TestEntry testId="76dd7e59-7646-177d-90dd-4a3d85085a70" executionId="08bdf2d7-4bf1-4409-befa-8c6f3183de63" testListId="8c84fa94-04c1-424b-9868-57a2d4851a1d" />
    <TestEntry testId="ae5dc155-54b8-fb2f-5161-45627538006b" executionId="8157f981-36ce-4135-843c-7e9c040b8001" testListId="8c84fa94-04c1-424b-9868-57a2d4851a1d" />
    <TestEntry testId="c50e0311-b229-85ce-5199-799e657d5a38" executionId="77ce7905-47be-468c-95d7-7a31f7640eb1" testListId="8c84fa94-04c1-424b-9868-57a2d4851a1d" />
    <TestEntry testId="b8045e97-71a3-0991-705f-c4c6df756ba2" executionId="672844e9-339d-4a75-ad62-a875f24b82ce" testListId="8c84fa94-04c1-424b-9868-57a2d4851a1d" />
    <TestEntry testId="737f180e-adc2-9bd5-b15b-cce3f0786bbd" executionId="f074de8e-29b7-4c6e-a185-783a660c7247" testListId="8c84fa94-04c1-424b-9868-57a2d4851a1d" />
    <TestEntry testId="b39d4aab-e093-ee5c-26fd-fbbd19df8121" executionId="b9ff519d-81e7-4288-a669-062ee5f344c9" testListId="8c84fa94-04c1-424b-9868-57a2d4851a1d" />
    <TestEntry testId="39ba04e7-164a-6477-93f0-f5a8e149b210" executionId="950ccb64-587f-47ea-9cba-2221f54680d6" testListId="8c84fa94-04c1-424b-9868-57a2d4851a1d" />
    <TestEntry testId="2b13c4e7-5c64-3950-b286-557e015b795d" executionId="e6d72c52-b37c-4c67-be30-ea9779000115" testListId="8c84fa94-04c1-424b-9868-57a2d4851a1d" />
    <TestEntry testId="f9bdecf0-46ba-5440-79ea-fec367d5c9f3" executionId="a590b48e-aa8f-4017-ae29-1097624a7df2" testListId="8c84fa94-04c1-424b-9868-57a2d4851a1d" />
    <TestEntry testId="3a255943-38fd-65a0-06e8-f98bd5bb6ead" executionId="3ca21082-a6bb-42bc-96d5-e78cd4515054" testListId="8c84fa94-04c1-424b-9868-57a2d4851a1d" />
    <TestEntry testId="58bcb3f3-5a47-0466-b490-f461c9cdbf2d" executionId="e9a81f01-53c6-4b28-945f-7d03a03456cf" testListId="8c84fa94-04c1-424b-9868-57a2d4851a1d" />
    <TestEntry testId="f457056a-e799-374b-e836-e89749008681" executionId="3b648687-6cb7-462b-b7ce-43a479a3b689" testListId="8c84fa94-04c1-424b-9868-57a2d4851a1d" />
    <TestEntry testId="020a06c9-565c-908c-7da2-72b9df169a4f" executionId="752b4bb7-172e-4d77-afff-8dbee4b888b8" testListId="8c84fa94-04c1-424b-9868-57a2d4851a1d" />
    <TestEntry testId="9a7c718b-4e91-68ce-413e-16147ce1afc3" executionId="fa778eb6-5fc3-4b52-b26a-0ed70d44a60f" testListId="8c84fa94-04c1-424b-9868-57a2d4851a1d" />
    <TestEntry testId="11ed481f-2bf0-7b21-5d86-b1d7653af84a" executionId="51d7b522-2c53-440e-9f71-834edf8712b2" testListId="8c84fa94-04c1-424b-9868-57a2d4851a1d" />
    <TestEntry testId="a81a929a-7470-e799-7aa1-1de8890f9d73" executionId="1f7cb1e0-f037-41a0-9e36-36caa085ae7c" testListId="8c84fa94-04c1-424b-9868-57a2d4851a1d" />
    <TestEntry testId="4b0c3f35-2ec1-4356-d8bb-ee6fd4c7baca" executionId="73b62fd8-9d15-4860-bd2d-8a6695bacf35" testListId="8c84fa94-04c1-424b-9868-57a2d4851a1d" />
    <TestEntry testId="a7260dbe-6ca1-e92d-0885-182405233700" executionId="5bdc545a-ca6f-4a07-accb-205a22bc4d2f" testListId="8c84fa94-04c1-424b-9868-57a2d4851a1d" />
    <TestEntry testId="266ce242-890f-c8a2-6c3c-861d38ff4a4a" executionId="93b1c357-8ad3-42cf-8717-e7efbbc8dfdf" testListId="8c84fa94-04c1-424b-9868-57a2d4851a1d" />
    <TestEntry testId="a5d03c54-5883-3feb-b41e-22112af4551c" executionId="0898a175-42fb-4534-ad7f-419e1318c825" testListId="8c84fa94-04c1-424b-9868-57a2d4851a1d" />
    <TestEntry testId="2e5069bf-b8e6-f8ea-21f9-17cee9c2bdd0" executionId="b0d1596e-fd5f-4005-aa0d-1255ca842894" testListId="8c84fa94-04c1-424b-9868-57a2d4851a1d" />
    <TestEntry testId="bb154a6e-c619-4b5b-8062-cde96a10b4ce" executionId="66a71a6a-49e2-4090-9ce2-ab9b75240c4c" testListId="8c84fa94-04c1-424b-9868-57a2d4851a1d" />
    <TestEntry testId="781c0c5a-15aa-b878-d316-875348e8af34" executionId="b3fe5117-9aec-474d-a6c6-12910725b5c8" testListId="8c84fa94-04c1-424b-9868-57a2d4851a1d" />
    <TestEntry testId="f81c868c-286b-5c1a-f39f-e860976698e9" executionId="cc8f4bfc-2865-4997-ae32-7b6e918be46d" testListId="8c84fa94-04c1-424b-9868-57a2d4851a1d" />
    <TestEntry testId="75177370-ff6c-8337-c81e-033ee713647f" executionId="fa19fb00-a168-4efa-8351-bc6dc5f59d8c" testListId="8c84fa94-04c1-424b-9868-57a2d4851a1d" />
    <TestEntry testId="c8961633-bbe2-bc57-729b-12f0b92c7eef" executionId="c5abb50d-a3d9-49df-8953-e1d26aa25f7d" testListId="8c84fa94-04c1-424b-9868-57a2d4851a1d" />
    <TestEntry testId="42c7552f-fa39-b5a6-d594-2f086cd6dd52" executionId="8f4c0bf0-b6f7-4427-8e93-853d9182a89e" testListId="8c84fa94-04c1-424b-9868-57a2d4851a1d" />
  </TestEntries>
  <TestLists>
    <TestList name="Results Not in a List" id="8c84fa94-04c1-424b-9868-57a2d4851a1d" />
    <TestList name="All Loaded Results" id="19431567-8539-422a-85d7-44ee4e166bda" />
  </TestLists>
  <ResultSummary outcome="Completed">
    <Counters total="73" executed="73" passed="73" failed="0" error="0" timeout="0" aborted="0" inconclusive="0" passedButRunAborted="0" notRunnable="0" notExecuted="0" disconnected="0" warning="0" completed="0" inProgress="0" pending="0" />
  </ResultSummary>
</TestRun>