<?xml version="1.0" encoding="utf-8"?>
<TestRun id="cb349e5d-3c4d-4c4a-b6b8-fd2019624dd2" name="DKSR-EFI-06$@DKSR-EFI-06 2024-01-09 15:44:02" runUser="NT AUTHORITY\NETWORK SERVICE" xmlns="http://microsoft.com/schemas/VisualStudio/TeamTest/2010">
  <Times creation="2024-01-09T15:44:02.8886335+01:00" queuing="2024-01-09T15:44:02.8886335+01:00" start="2024-01-09T15:43:52.4979457+01:00" finish="2024-01-09T15:44:03.6230116+01:00" />
  <TestSettings name="default" id="9b9f96a7-d471-4111-8fd0-857c955d8f88">
    <Deployment runDeploymentRoot="DKSR-EFI-06$_DKSR-EFI-06_2024-01-09_15_44_02" />
  </TestSettings>
  <Results>
    <UnitTestResult executionId="b6ea3b4f-cb6d-4254-a7d2-7f80b89326e0" testId="6e21dd9d-f4a3-3496-ce03-e91a52453667" testName="SearchResult_TriggerTime_Is_Not_Within_The_Sequence (15)" computerName="DKSR-EFI-06" duration="00:00:00.0000348" startTime="2024-01-09T15:44:03.1698840+01:00" endTime="2024-01-09T15:44:03.1698840+01:00" testType="13cdc9d9-ddb5-4fa4-a97d-d965ccfc6d4b" outcome="Passed" testListId="8c84fa94-04c1-424b-9868-57a2d4851a1d" relativeResultsDirectory="b6ea3b4f-cb6d-4254-a7d2-7f80b89326e0" />
    <UnitTestResult executionId="c9b58765-f876-40fc-8192-53fec417bd66" testId="c003bd0c-cf83-68bd-c479-6527b8fab5d9" testName="SearchShouldFireSearchResultsReadyEventForEachLPRServer" computerName="DKSR-EFI-06" duration="00:00:00.0442127" startTime="2024-01-09T15:44:02.6855106+01:00" endTime="2024-01-09T15:44:02.7323850+01:00" testType="13cdc9d9-ddb5-4fa4-a97d-d965ccfc6d4b" outcome="Passed" testListId="8c84fa94-04c1-424b-9868-57a2d4851a1d" relativeResultsDirectory="c9b58765-f876-40fc-8192-53fec417bd66" />
    <UnitTestResult executionId="833a32ea-3fd6-4a62-9219-e89343ae79c5" testId="0e722232-3997-724c-62cc-4d2dfb716cc4" testName="SearchDoesNotThrowFilterError" computerName="DKSR-EFI-06" duration="00:00:00.0035225" startTime="2024-01-09T15:44:02.7323850+01:00" endTime="2024-01-09T15:44:02.7323850+01:00" testType="13cdc9d9-ddb5-4fa4-a97d-d965ccfc6d4b" outcome="Passed" testListId="8c84fa94-04c1-424b-9868-57a2d4851a1d" relativeResultsDirectory="833a32ea-3fd6-4a62-9219-e89343ae79c5" />
    <UnitTestResult executionId="f38c85ac-7eb2-41d2-895d-1ae908282f46" testId="123f3580-e43f-7478-741a-fda9bd021d8c" testName="LicensePlateMatchListsFilter_Returns_List_Of_Items" computerName="DKSR-EFI-06" duration="00:00:00.0100702" startTime="2024-01-09T15:44:02.9511326+01:00" endTime="2024-01-09T15:44:02.9511326+01:00" testType="13cdc9d9-ddb5-4fa4-a97d-d965ccfc6d4b" outcome="Passed" testListId="8c84fa94-04c1-424b-9868-57a2d4851a1d" relativeResultsDirectory="f38c85ac-7eb2-41d2-895d-1ae908282f46" />
    <UnitTestResult executionId="fb4b119c-eed3-4ae1-8190-26cc64574b91" testId="1a7b40e3-122e-9fba-687b-c262d14780fe" testName="AlarmProvider_Throws_Exception" computerName="DKSR-EFI-06" duration="00:00:00.0077540" startTime="2024-01-09T15:44:02.7948846+01:00" endTime="2024-01-09T15:44:02.7948846+01:00" testType="13cdc9d9-ddb5-4fa4-a97d-d965ccfc6d4b" outcome="Passed" testListId="8c84fa94-04c1-424b-9868-57a2d4851a1d" relativeResultsDirectory="fb4b119c-eed3-4ae1-8190-26cc64574b91" />
    <UnitTestResult executionId="acbb555a-3abc-4f00-8f2c-13fcb7f1d6da" testId="975c1464-f029-87b1-517c-e80e08416138" testName="ConstructorShouldThrowExceptionWhenSearchResultDataCreatorIsNull" computerName="DKSR-EFI-06" duration="00:00:00.0027793" startTime="2024-01-09T15:44:02.6855106+01:00" endTime="2024-01-09T15:44:02.6855106+01:00" testType="13cdc9d9-ddb5-4fa4-a97d-d965ccfc6d4b" outcome="Passed" testListId="8c84fa94-04c1-424b-9868-57a2d4851a1d" relativeResultsDirectory="acbb555a-3abc-4f00-8f2c-13fcb7f1d6da" />
    <UnitTestResult executionId="03bac417-b59f-4e7d-b9dd-45ca53d754d2" testId="632cdb86-f302-a476-1031-f30f70eec871" testName="Cancel_Before_Fetching_Data" computerName="DKSR-EFI-06" duration="00:00:00.0100703" startTime="2024-01-09T15:44:02.7480092+01:00" endTime="2024-01-09T15:44:02.7480092+01:00" testType="13cdc9d9-ddb5-4fa4-a97d-d965ccfc6d4b" outcome="Passed" testListId="8c84fa94-04c1-424b-9868-57a2d4851a1d" relativeResultsDirectory="03bac417-b59f-4e7d-b9dd-45ca53d754d2" />
    <UnitTestResult executionId="d719cb27-93c1-435c-98c6-b70e36b0b089" testId="3d6a32d2-ffdd-8af1-77cf-261a72808d77" testName="IdShouldBeCorrect" computerName="DKSR-EFI-06" duration="00:00:00.0018345" startTime="2024-01-09T15:44:02.8730091+01:00" endTime="2024-01-09T15:44:02.8730091+01:00" testType="13cdc9d9-ddb5-4fa4-a97d-d965ccfc6d4b" outcome="Passed" testListId="8c84fa94-04c1-424b-9868-57a2d4851a1d" relativeResultsDirectory="d719cb27-93c1-435c-98c6-b70e36b0b089" />
    <UnitTestResult executionId="293214be-35a0-4acb-802f-4281a713a30e" testId="d8d24bde-a0f1-f36f-2395-5796b693028a" testName="ResetValueShouldThrowExceptionIfParameterIsNotSelectionFilterValue" computerName="DKSR-EFI-06" duration="00:00:00.0004648" startTime="2024-01-09T15:44:02.9980084+01:00" endTime="2024-01-09T15:44:03.0136342+01:00" testType="13cdc9d9-ddb5-4fa4-a97d-d965ccfc6d4b" outcome="Passed" testListId="8c84fa94-04c1-424b-9868-57a2d4851a1d" relativeResultsDirectory="293214be-35a0-4acb-802f-4281a713a30e" />
    <UnitTestResult executionId="ab394754-a70a-4573-81bb-3274dfb4c001" testId="32f716b9-3cf1-d38f-9aa3-e77e398c96ad" testName="ResetValueShouldThrowExceptionIfParameterIsNotSelectionFilterValue" computerName="DKSR-EFI-06" duration="00:00:00.0045248" startTime="2024-01-09T15:44:02.9667611+01:00" endTime="2024-01-09T15:44:02.9823878+01:00" testType="13cdc9d9-ddb5-4fa4-a97d-d965ccfc6d4b" outcome="Passed" testListId="8c84fa94-04c1-424b-9868-57a2d4851a1d" relativeResultsDirectory="ab394754-a70a-4573-81bb-3274dfb4c001" />
    <UnitTestResult executionId="7e6ad976-47cf-4eb9-8327-300633d0a059" testId="aa079623-4e41-a7ec-27b6-e6844b304a9b" testName="ConstructorShouldThrowExceptionWhenSearchResultProviderIsNull" computerName="DKSR-EFI-06" duration="00:00:00.0359260" startTime="2024-01-09T15:44:02.6386330+01:00" endTime="2024-01-09T15:44:02.6855106+01:00" testType="13cdc9d9-ddb5-4fa4-a97d-d965ccfc6d4b" outcome="Passed" testListId="8c84fa94-04c1-424b-9868-57a2d4851a1d" relativeResultsDirectory="7e6ad976-47cf-4eb9-8327-300633d0a059" />
    <UnitTestResult executionId="7463e88d-968c-4ea1-9bfd-c79b7e8da8a7" testId="e6c7887d-49c8-3fb4-2c68-52039b5d6adc" testName="SearchResultDataCreator_Throws_Exception" computerName="DKSR-EFI-06" duration="00:00:00.0240516" startTime="2024-01-09T15:44:02.7636325+01:00" endTime="2024-01-09T15:44:02.7792582+01:00" testType="13cdc9d9-ddb5-4fa4-a97d-d965ccfc6d4b" outcome="Passed" testListId="8c84fa94-04c1-424b-9868-57a2d4851a1d" relativeResultsDirectory="7463e88d-968c-4ea1-9bfd-c79b7e8da8a7" />
    <UnitTestResult executionId="88f2e739-7c4a-4fc5-a7ea-95cfb6628333" testId="f9dff0e6-aea5-5950-2fba-6b211b4c7476" testName="IsLicensePlateMatchListsFilterVisibleShouldBeFalseWhenThereIsNoItems" computerName="DKSR-EFI-06" duration="00:00:00.0006316" startTime="2024-01-09T15:44:02.8886335+01:00" endTime="2024-01-09T15:44:02.8886335+01:00" testType="13cdc9d9-ddb5-4fa4-a97d-d965ccfc6d4b" outcome="Passed" testListId="8c84fa94-04c1-424b-9868-57a2d4851a1d" relativeResultsDirectory="88f2e739-7c4a-4fc5-a7ea-95cfb6628333" />
    <UnitTestResult executionId="35e44e3f-858f-4482-b94f-49732e14b7f4" testId="987e7f3c-4277-a5fa-2a09-e201bf767302" testName="GetFilterConfigurationShouldBeListSelectionFilterConfiguration" computerName="DKSR-EFI-06" duration="00:00:00.0076997" startTime="2024-01-09T15:44:02.9667611+01:00" endTime="2024-01-09T15:44:02.9667611+01:00" testType="13cdc9d9-ddb5-4fa4-a97d-d965ccfc6d4b" outcome="Passed" testListId="8c84fa94-04c1-424b-9868-57a2d4851a1d" relativeResultsDirectory="35e44e3f-858f-4482-b94f-49732e14b7f4" />
    <UnitTestResult executionId="ab42458f-a990-4769-9469-7f879b3d25fc" testId="54bd6bda-888a-8aae-d3da-2cc4990c1aef" testName="NameShouldBeCorrect" computerName="DKSR-EFI-06" duration="00:00:00.0542158" startTime="2024-01-09T15:44:02.7948846+01:00" endTime="2024-01-09T15:44:02.8573845+01:00" testType="13cdc9d9-ddb5-4fa4-a97d-d965ccfc6d4b" outcome="Passed" testListId="8c84fa94-04c1-424b-9868-57a2d4851a1d" relativeResultsDirectory="ab42458f-a990-4769-9469-7f879b3d25fc" />
    <UnitTestResult executionId="52380474-f554-464b-bec9-3af510fc679e" testId="3d26dcdf-c07c-d3b2-d3a6-250a74ee3824" testName="SearchResult_TriggerTime_Is_Within_The_Sequence (1,5)" computerName="DKSR-EFI-06" duration="00:00:00.0000296" startTime="2024-01-09T15:44:03.1542600+01:00" endTime="2024-01-09T15:44:03.1542600+01:00" testType="13cdc9d9-ddb5-4fa4-a97d-d965ccfc6d4b" outcome="Passed" testListId="8c84fa94-04c1-424b-9868-57a2d4851a1d" relativeResultsDirectory="52380474-f554-464b-bec9-3af510fc679e" />
    <UnitTestResult executionId="0f220a9b-65d5-495c-bbd9-76a44200854b" testId="485f82ea-da5c-9df4-9253-4976c1990b34" testName="SearchResult_TriggerTime_Is_Within_The_Sequence (3,5)" computerName="DKSR-EFI-06" duration="00:00:00.0000674" startTime="2024-01-09T15:44:03.1542600+01:00" endTime="2024-01-09T15:44:03.1542600+01:00" testType="13cdc9d9-ddb5-4fa4-a97d-d965ccfc6d4b" outcome="Passed" testListId="8c84fa94-04c1-424b-9868-57a2d4851a1d" relativeResultsDirectory="0f220a9b-65d5-495c-bbd9-76a44200854b" />
    <UnitTestResult executionId="da13580f-dbb2-47c6-b625-1b25f3e1b784" testId="6359bc04-b752-000a-9b20-4c7f88756974" testName="SearchResult_TriggerTime_Is_Within_The_Sequence (3,3)" computerName="DKSR-EFI-06" duration="00:00:00.0068107" startTime="2024-01-09T15:44:03.0292601+01:00" endTime="2024-01-09T15:44:03.1542600+01:00" testType="13cdc9d9-ddb5-4fa4-a97d-d965ccfc6d4b" outcome="Passed" testListId="8c84fa94-04c1-424b-9868-57a2d4851a1d" relativeResultsDirectory="da13580f-dbb2-47c6-b625-1b25f3e1b784" />
    <UnitTestResult executionId="2d885f7d-0ecd-4f65-8a85-e7461c32068e" testId="1d8e1a6a-80ec-f5e4-120c-7406bfbf88c8" testName="CreateTestDefinitionShouldReturnLPRSearchDefinition" computerName="DKSR-EFI-06" duration="00:00:00.0009019" startTime="2024-01-09T15:44:02.8730091+01:00" endTime="2024-01-09T15:44:02.8730091+01:00" testType="13cdc9d9-ddb5-4fa4-a97d-d965ccfc6d4b" outcome="Passed" testListId="8c84fa94-04c1-424b-9868-57a2d4851a1d" relativeResultsDirectory="2d885f7d-0ecd-4f65-8a85-e7461c32068e" />
    <UnitTestResult executionId="a9a8c303-21cb-43ac-a43b-f49574f76ac2" testId="05aa6814-b84b-0004-03fa-5e2b95631f29" testName="SearchResult_TriggerTime_Is_Not_Within_The_Sequence (2)" computerName="DKSR-EFI-06" duration="00:00:00.0006611" startTime="2024-01-09T15:44:03.1698840+01:00" endTime="2024-01-09T15:44:03.1698840+01:00" testType="13cdc9d9-ddb5-4fa4-a97d-d965ccfc6d4b" outcome="Passed" testListId="8c84fa94-04c1-424b-9868-57a2d4851a1d" relativeResultsDirectory="a9a8c303-21cb-43ac-a43b-f49574f76ac2" />
    <UnitTestResult executionId="e8d941f0-1fc3-4add-82f6-255ee4d8b23b" testId="1a1a6dd6-1ea0-16b9-f674-b24ef84d2d63" testName="IsLicensePlateMatchListsFilterVisibleShouldBeTrueWhenThereIsMatchListsWithTwoItems" computerName="DKSR-EFI-06" duration="00:00:00.0029032" startTime="2024-01-09T15:44:02.8886335+01:00" endTime="2024-01-09T15:44:02.9042582+01:00" testType="13cdc9d9-ddb5-4fa4-a97d-d965ccfc6d4b" outcome="Passed" testListId="8c84fa94-04c1-424b-9868-57a2d4851a1d" relativeResultsDirectory="e8d941f0-1fc3-4add-82f6-255ee4d8b23b" />
    <UnitTestResult executionId="820421fe-da91-4879-8066-11826886e9cd" testId="f3f83635-a8de-fa20-07d6-08d2e3292978" testName="Throws_Exception_When_SearchResultData_Is_Empty" computerName="DKSR-EFI-06" duration="00:00:00.0122710" startTime="2024-01-09T15:44:03.0136342+01:00" endTime="2024-01-09T15:44:03.0292601+01:00" testType="13cdc9d9-ddb5-4fa4-a97d-d965ccfc6d4b" outcome="Passed" testListId="8c84fa94-04c1-424b-9868-57a2d4851a1d" relativeResultsDirectory="820421fe-da91-4879-8066-11826886e9cd" />
    <UnitTestResult executionId="094c0af8-53a1-4b31-b6b6-2ce24a590235" testId="e6dab691-d08b-7a55-f528-5ecba82da0e4" testName="ResetValueShouldClearFilterValueParameter" computerName="DKSR-EFI-06" duration="00:00:00.0002988" startTime="2024-01-09T15:44:03.0136342+01:00" endTime="2024-01-09T15:44:03.0136342+01:00" testType="13cdc9d9-ddb5-4fa4-a97d-d965ccfc6d4b" outcome="Passed" testListId="8c84fa94-04c1-424b-9868-57a2d4851a1d" relativeResultsDirectory="094c0af8-53a1-4b31-b6b6-2ce24a590235" />
    <UnitTestResult executionId="5d101cf4-e396-49a3-8804-e81cef71f52e" testId="03d553f9-a087-c8a6-80f5-3b6b10648763" testName="GetFilterConfigurationShouldBeListSelectionFilterConfiguration" computerName="DKSR-EFI-06" duration="00:00:00.0010738" startTime="2024-01-09T15:44:02.9980084+01:00" endTime="2024-01-09T15:44:02.9980084+01:00" testType="13cdc9d9-ddb5-4fa4-a97d-d965ccfc6d4b" outcome="Passed" testListId="8c84fa94-04c1-424b-9868-57a2d4851a1d" relativeResultsDirectory="5d101cf4-e396-49a3-8804-e81cef71f52e" />
    <UnitTestResult executionId="f4ee1da4-ce82-4424-a274-f1836f0ddd6d" testId="1da133c2-ddac-896f-f84c-46a1f8fc10ae" testName="FilterConfigurationItemsShouldHaveGUIDsPassedBYParameter" computerName="DKSR-EFI-06" duration="00:00:00.0054174" startTime="2024-01-09T15:44:02.9823878+01:00" endTime="2024-01-09T15:44:02.9980084+01:00" testType="13cdc9d9-ddb5-4fa4-a97d-d965ccfc6d4b" outcome="Passed" testListId="8c84fa94-04c1-424b-9868-57a2d4851a1d" relativeResultsDirectory="f4ee1da4-ce82-4424-a274-f1836f0ddd6d" />
    <UnitTestResult executionId="adb6ef7f-bb7a-4086-96e9-02577aa4039b" testId="389cde7a-68b9-7a9c-bccb-18843e504c53" testName="ConstructorShouldThrowExceptionWhenSearchScopeIsNull" computerName="DKSR-EFI-06" duration="00:00:00.6825665" startTime="2024-01-09T15:44:01.5761312+01:00" endTime="2024-01-09T15:44:02.5761324+01:00" testType="13cdc9d9-ddb5-4fa4-a97d-d965ccfc6d4b" outcome="Passed" testListId="8c84fa94-04c1-424b-9868-57a2d4851a1d" relativeResultsDirectory="adb6ef7f-bb7a-4086-96e9-02577aa4039b" />
    <UnitTestResult executionId="bf9d3d7a-e5ca-486a-9252-7bab248f86be" testId="dee6b552-dad3-4308-0d60-b8a6d66aff94" testName="CloseShouldNotThrowExceptionWhenInitNotCalled" computerName="DKSR-EFI-06" duration="00:00:00.0006440" startTime="2024-01-09T15:44:02.8886335+01:00" endTime="2024-01-09T15:44:02.8886335+01:00" testType="13cdc9d9-ddb5-4fa4-a97d-d965ccfc6d4b" outcome="Passed" testListId="8c84fa94-04c1-424b-9868-57a2d4851a1d" relativeResultsDirectory="bf9d3d7a-e5ca-486a-9252-7bab248f86be" />
    <UnitTestResult executionId="6a584b19-9056-4fbb-add4-ec9055b87bd3" testId="f3988674-9eba-8872-19a9-26190c627f13" testName="SearchFilterCategoryIconShouldNotBeNull" computerName="DKSR-EFI-06" duration="00:00:00.0010374" startTime="2024-01-09T15:44:02.8886335+01:00" endTime="2024-01-09T15:44:02.8886335+01:00" testType="13cdc9d9-ddb5-4fa4-a97d-d965ccfc6d4b" outcome="Passed" testListId="8c84fa94-04c1-424b-9868-57a2d4851a1d" relativeResultsDirectory="6a584b19-9056-4fbb-add4-ec9055b87bd3" />
    <UnitTestResult executionId="295fc0e3-e616-4d53-a612-28fc39bcd571" testId="a509b90d-92fd-cd10-1812-de773e0d954e" testName="ResetValueShouldClearFilterValueParameter" computerName="DKSR-EFI-06" duration="00:00:00.0079137" startTime="2024-01-09T15:44:02.9823878+01:00" endTime="2024-01-09T15:44:02.9823878+01:00" testType="13cdc9d9-ddb5-4fa4-a97d-d965ccfc6d4b" outcome="Passed" testListId="8c84fa94-04c1-424b-9868-57a2d4851a1d" relativeResultsDirectory="295fc0e3-e616-4d53-a612-28fc39bcd571" />
    <UnitTestResult executionId="98e636d8-a8c6-48e5-b7b6-08bb47db45db" testId="91501503-9bbc-58ef-af05-9024b071aca4" testName="SearchFilterCategoryShouldNotBeNull" computerName="DKSR-EFI-06" duration="00:00:00.0008661" startTime="2024-01-09T15:44:02.8886335+01:00" endTime="2024-01-09T15:44:02.8886335+01:00" testType="13cdc9d9-ddb5-4fa4-a97d-d965ccfc6d4b" outcome="Passed" testListId="8c84fa94-04c1-424b-9868-57a2d4851a1d" relativeResultsDirectory="98e636d8-a8c6-48e5-b7b6-08bb47db45db" />
    <UnitTestResult executionId="462059c5-5fcd-4116-bd3d-2b8610b65ed4" testId="55d10a34-6cae-ceb5-ea8f-4b0937077a0e" testName="UnlistedNameShouldAppearWhenUnlistedGuidPassedByParameter" computerName="DKSR-EFI-06" duration="00:00:00.0015325" startTime="2024-01-09T15:44:02.9980084+01:00" endTime="2024-01-09T15:44:02.9980084+01:00" testType="13cdc9d9-ddb5-4fa4-a97d-d965ccfc6d4b" outcome="Passed" testListId="8c84fa94-04c1-424b-9868-57a2d4851a1d" relativeResultsDirectory="462059c5-5fcd-4116-bd3d-2b8610b65ed4" />
    <UnitTestResult executionId="916ee794-04b5-4cb4-a257-118f91180c46" testId="b86bab78-d8c5-1f56-b089-75093ec383fa" testName="FilterConfigurationItemsShouldHaveGUIDsPassedByParameter" computerName="DKSR-EFI-06" duration="00:00:00.0011288" startTime="2024-01-09T15:44:03.0136342+01:00" endTime="2024-01-09T15:44:03.0136342+01:00" testType="13cdc9d9-ddb5-4fa4-a97d-d965ccfc6d4b" outcome="Passed" testListId="8c84fa94-04c1-424b-9868-57a2d4851a1d" relativeResultsDirectory="916ee794-04b5-4cb4-a257-118f91180c46" />
    <UnitTestResult executionId="3b43d362-e728-462e-9c6b-b3612e09c2aa" testId="b1fd0712-1bab-3c4b-273a-0941da4b8e59" testName="LicensePlateCountriesFilter_Returns_List_Of_Items" computerName="DKSR-EFI-06" duration="00:00:00.0411502" startTime="2024-01-09T15:44:02.9042582+01:00" endTime="2024-01-09T15:44:02.9355087+01:00" testType="13cdc9d9-ddb5-4fa4-a97d-d965ccfc6d4b" outcome="Passed" testListId="8c84fa94-04c1-424b-9868-57a2d4851a1d" relativeResultsDirectory="3b43d362-e728-462e-9c6b-b3612e09c2aa" />
    <UnitTestResult executionId="6b8ce31a-1cfd-4f62-9828-69c5a213abc7" testId="ff7dc4de-b35d-a1c5-c8ca-b7185a136424" testName="Throws_Exception_When_VideoSequence_Is_Empty" computerName="DKSR-EFI-06" duration="00:00:00.0008798" startTime="2024-01-09T15:44:03.0292601+01:00" endTime="2024-01-09T15:44:03.0292601+01:00" testType="13cdc9d9-ddb5-4fa4-a97d-d965ccfc6d4b" outcome="Passed" testListId="8c84fa94-04c1-424b-9868-57a2d4851a1d" relativeResultsDirectory="6b8ce31a-1cfd-4f62-9828-69c5a213abc7" />
    <UnitTestResult executionId="3eecdcf8-4b23-41ec-9a38-7c32002b09b6" testId="1a104066-6419-ba3b-0692-00d3e753da3b" testName="SearchResult_TriggerTime_Is_Within_The_Sequence (1,3)" computerName="DKSR-EFI-06" duration="00:00:00.0000397" startTime="2024-01-09T15:44:03.1542600+01:00" endTime="2024-01-09T15:44:03.1542600+01:00" testType="13cdc9d9-ddb5-4fa4-a97d-d965ccfc6d4b" outcome="Passed" testListId="8c84fa94-04c1-424b-9868-57a2d4851a1d" relativeResultsDirectory="3eecdcf8-4b23-41ec-9a38-7c32002b09b6" />
  </Results>
  <TestDefinitions>
    <UnitTest name="SearchFilterCategoryIconShouldNotBeNull" storage="d:\actions-runner\_work\xpco\xpco\lpr\components\analytics\videoos.searchagents.lpr.tests\bin\x64\debug\videoos.searchagents.lpr.tests.dll" id="f3988674-9eba-8872-19a9-26190c627f13">
      <TestCategory>
        <TestCategoryItem TestCategory="LPRAgent" />
      </TestCategory>
      <Execution id="6a584b19-9056-4fbb-add4-ec9055b87bd3" />
      <TestMethod codeBase="D:\actions-runner\_work\XPCO\XPCO\LPR\Components\Analytics\VideoOS.SearchAgents.LPR.Tests\bin\x64\Debug\VideoOS.SearchAgents.LPR.Tests.dll" adapterTypeName="executor://mstestadapter/v2" className="VideoOS.SearchAgents.LPR.Tests.LPRSearchAgentPluginTest" name="SearchFilterCategoryIconShouldNotBeNull" />
    </UnitTest>
    <UnitTest name="LicensePlateMatchListsFilter_Returns_List_Of_Items" storage="d:\actions-runner\_work\xpco\xpco\lpr\components\analytics\videoos.searchagents.lpr.tests\bin\x64\debug\videoos.searchagents.lpr.tests.dll" id="123f3580-e43f-7478-741a-fda9bd021d8c">
      <TestCategory>
        <TestCategoryItem TestCategory="LPRAgent" />
      </TestCategory>
      <Execution id="f38c85ac-7eb2-41d2-895d-1ae908282f46" />
      <TestMethod codeBase="D:\actions-runner\_work\XPCO\XPCO\LPR\Components\Analytics\VideoOS.SearchAgents.LPR.Tests\bin\x64\Debug\VideoOS.SearchAgents.LPR.Tests.dll" adapterTypeName="executor://mstestadapter/v2" className="VideoOS.SearchAgents.LPR.Tests.LPRSearchAgentPluginTest" name="LicensePlateMatchListsFilter_Returns_List_Of_Items" />
    </UnitTest>
    <UnitTest name="IsLicensePlateMatchListsFilterVisibleShouldBeTrueWhenThereIsMatchListsWithTwoItems" storage="d:\actions-runner\_work\xpco\xpco\lpr\components\analytics\videoos.searchagents.lpr.tests\bin\x64\debug\videoos.searchagents.lpr.tests.dll" id="1a1a6dd6-1ea0-16b9-f674-b24ef84d2d63">
      <TestCategory>
        <TestCategoryItem TestCategory="LPRAgent" />
      </TestCategory>
      <Execution id="e8d941f0-1fc3-4add-82f6-255ee4d8b23b" />
      <TestMethod codeBase="D:\actions-runner\_work\XPCO\XPCO\LPR\Components\Analytics\VideoOS.SearchAgents.LPR.Tests\bin\x64\Debug\VideoOS.SearchAgents.LPR.Tests.dll" adapterTypeName="executor://mstestadapter/v2" className="VideoOS.SearchAgents.LPR.Tests.LPRSearchAgentPluginTest" name="IsLicensePlateMatchListsFilterVisibleShouldBeTrueWhenThereIsMatchListsWithTwoItems" />
    </UnitTest>
    <UnitTest name="CreateTestDefinitionShouldReturnLPRSearchDefinition" storage="d:\actions-runner\_work\xpco\xpco\lpr\components\analytics\videoos.searchagents.lpr.tests\bin\x64\debug\videoos.searchagents.lpr.tests.dll" id="1d8e1a6a-80ec-f5e4-120c-7406bfbf88c8">
      <TestCategory>
        <TestCategoryItem TestCategory="LPRAgent" />
      </TestCategory>
      <Execution id="2d885f7d-0ecd-4f65-8a85-e7461c32068e" />
      <TestMethod codeBase="D:\actions-runner\_work\XPCO\XPCO\LPR\Components\Analytics\VideoOS.SearchAgents.LPR.Tests\bin\x64\Debug\VideoOS.SearchAgents.LPR.Tests.dll" adapterTypeName="executor://mstestadapter/v2" className="VideoOS.SearchAgents.LPR.Tests.LPRSearchAgentPluginTest" name="CreateTestDefinitionShouldReturnLPRSearchDefinition" />
    </UnitTest>
    <UnitTest name="SearchShouldFireSearchResultsReadyEventForEachLPRServer" storage="d:\actions-runner\_work\xpco\xpco\lpr\components\analytics\videoos.searchagents.lpr.tests\bin\x64\debug\videoos.searchagents.lpr.tests.dll" id="c003bd0c-cf83-68bd-c479-6527b8fab5d9">
      <TestCategory>
        <TestCategoryItem TestCategory="LPRAgent" />
      </TestCategory>
      <Execution id="c9b58765-f876-40fc-8192-53fec417bd66" />
      <TestMethod codeBase="D:\actions-runner\_work\XPCO\XPCO\LPR\Components\Analytics\VideoOS.SearchAgents.LPR.Tests\bin\x64\Debug\VideoOS.SearchAgents.LPR.Tests.dll" adapterTypeName="executor://mstestadapter/v2" className="VideoOS.SearchAgents.LPR.Tests.LPRSearchAgentDefinitionTest" name="SearchShouldFireSearchResultsReadyEventForEachLPRServer" />
    </UnitTest>
    <UnitTest name="SearchResult_TriggerTime_Is_Not_Within_The_Sequence (15)" storage="d:\actions-runner\_work\xpco\xpco\lpr\components\analytics\videoos.searchagents.lpr.tests\bin\x64\debug\videoos.searchagents.lpr.tests.dll" id="6e21dd9d-f4a3-3496-ce03-e91a52453667">
      <Execution id="b6ea3b4f-cb6d-4254-a7d2-7f80b89326e0" />
      <TestMethod codeBase="D:\actions-runner\_work\XPCO\XPCO\LPR\Components\Analytics\VideoOS.SearchAgents.LPR.Tests\bin\x64\Debug\VideoOS.SearchAgents.LPR.Tests.dll" adapterTypeName="executor://mstestadapter/v2" className="VideoOS.SearchAgents.LPR.Tests.SearchAgentShared.SearchResultTimeUpdaterTest" name="SearchResult_TriggerTime_Is_Not_Within_The_Sequence" />
    </UnitTest>
    <UnitTest name="GetFilterConfigurationShouldBeListSelectionFilterConfiguration" storage="d:\actions-runner\_work\xpco\xpco\lpr\components\analytics\videoos.searchagents.lpr.tests\bin\x64\debug\videoos.searchagents.lpr.tests.dll" id="987e7f3c-4277-a5fa-2a09-e201bf767302">
      <TestCategory>
        <TestCategoryItem TestCategory="LPRAgent" />
      </TestCategory>
      <Execution id="35e44e3f-858f-4482-b94f-49732e14b7f4" />
      <TestMethod codeBase="D:\actions-runner\_work\XPCO\XPCO\LPR\Components\Analytics\VideoOS.SearchAgents.LPR.Tests\bin\x64\Debug\VideoOS.SearchAgents.LPR.Tests.dll" adapterTypeName="executor://mstestadapter/v2" className="VideoOS.SearchAgents.LPR.Tests.LicensePlateMatchListsFilterTest" name="GetFilterConfigurationShouldBeListSelectionFilterConfiguration" />
    </UnitTest>
    <UnitTest name="ResetValueShouldThrowExceptionIfParameterIsNotSelectionFilterValue" storage="d:\actions-runner\_work\xpco\xpco\lpr\components\analytics\videoos.searchagents.lpr.tests\bin\x64\debug\videoos.searchagents.lpr.tests.dll" id="d8d24bde-a0f1-f36f-2395-5796b693028a">
      <TestCategory>
        <TestCategoryItem TestCategory="LPRAgent" />
      </TestCategory>
      <Execution id="293214be-35a0-4acb-802f-4281a713a30e" />
      <TestMethod codeBase="D:\actions-runner\_work\XPCO\XPCO\LPR\Components\Analytics\VideoOS.SearchAgents.LPR.Tests\bin\x64\Debug\VideoOS.SearchAgents.LPR.Tests.dll" adapterTypeName="executor://mstestadapter/v2" className="VideoOS.SearchAgents.LPR.Tests.LicensePlateCountriesFilterTest" name="ResetValueShouldThrowExceptionIfParameterIsNotSelectionFilterValue" />
    </UnitTest>
    <UnitTest name="ConstructorShouldThrowExceptionWhenSearchScopeIsNull" storage="d:\actions-runner\_work\xpco\xpco\lpr\components\analytics\videoos.searchagents.lpr.tests\bin\x64\debug\videoos.searchagents.lpr.tests.dll" id="389cde7a-68b9-7a9c-bccb-18843e504c53">
      <TestCategory>
        <TestCategoryItem TestCategory="LPRAgent" />
      </TestCategory>
      <Execution id="adb6ef7f-bb7a-4086-96e9-02577aa4039b" />
      <TestMethod codeBase="D:\actions-runner\_work\XPCO\XPCO\LPR\Components\Analytics\VideoOS.SearchAgents.LPR.Tests\bin\x64\Debug\VideoOS.SearchAgents.LPR.Tests.dll" adapterTypeName="executor://mstestadapter/v2" className="VideoOS.SearchAgents.LPR.Tests.LPRSearchAgentDefinitionTest" name="ConstructorShouldThrowExceptionWhenSearchScopeIsNull" />
    </UnitTest>
    <UnitTest name="IdShouldBeCorrect" storage="d:\actions-runner\_work\xpco\xpco\lpr\components\analytics\videoos.searchagents.lpr.tests\bin\x64\debug\videoos.searchagents.lpr.tests.dll" id="3d6a32d2-ffdd-8af1-77cf-261a72808d77">
      <TestCategory>
        <TestCategoryItem TestCategory="LPRAgent" />
      </TestCategory>
      <Execution id="d719cb27-93c1-435c-98c6-b70e36b0b089" />
      <TestMethod codeBase="D:\actions-runner\_work\XPCO\XPCO\LPR\Components\Analytics\VideoOS.SearchAgents.LPR.Tests\bin\x64\Debug\VideoOS.SearchAgents.LPR.Tests.dll" adapterTypeName="executor://mstestadapter/v2" className="VideoOS.SearchAgents.LPR.Tests.LPRSearchAgentPluginTest" name="IdShouldBeCorrect" />
    </UnitTest>
    <UnitTest name="SearchResult_TriggerTime_Is_Within_The_Sequence (1,5)" storage="d:\actions-runner\_work\xpco\xpco\lpr\components\analytics\videoos.searchagents.lpr.tests\bin\x64\debug\videoos.searchagents.lpr.tests.dll" id="3d26dcdf-c07c-d3b2-d3a6-250a74ee3824">
      <TestCategory>
        <TestCategoryItem TestCategory="SearchAgentsShared" />
      </TestCategory>
      <Execution id="52380474-f554-464b-bec9-3af510fc679e" />
      <TestMethod codeBase="D:\actions-runner\_work\XPCO\XPCO\LPR\Components\Analytics\VideoOS.SearchAgents.LPR.Tests\bin\x64\Debug\VideoOS.SearchAgents.LPR.Tests.dll" adapterTypeName="executor://mstestadapter/v2" className="VideoOS.SearchAgents.LPR.Tests.SearchAgentShared.SearchResultTimeUpdaterTest" name="SearchResult_TriggerTime_Is_Within_The_Sequence" />
    </UnitTest>
    <UnitTest name="GetFilterConfigurationShouldBeListSelectionFilterConfiguration" storage="d:\actions-runner\_work\xpco\xpco\lpr\components\analytics\videoos.searchagents.lpr.tests\bin\x64\debug\videoos.searchagents.lpr.tests.dll" id="03d553f9-a087-c8a6-80f5-3b6b10648763">
      <TestCategory>
        <TestCategoryItem TestCategory="LPRAgent" />
      </TestCategory>
      <Execution id="5d101cf4-e396-49a3-8804-e81cef71f52e" />
      <TestMethod codeBase="D:\actions-runner\_work\XPCO\XPCO\LPR\Components\Analytics\VideoOS.SearchAgents.LPR.Tests\bin\x64\Debug\VideoOS.SearchAgents.LPR.Tests.dll" adapterTypeName="executor://mstestadapter/v2" className="VideoOS.SearchAgents.LPR.Tests.LicensePlateCountriesFilterTest" name="GetFilterConfigurationShouldBeListSelectionFilterConfiguration" />
    </UnitTest>
    <UnitTest name="CloseShouldNotThrowExceptionWhenInitNotCalled" storage="d:\actions-runner\_work\xpco\xpco\lpr\components\analytics\videoos.searchagents.lpr.tests\bin\x64\debug\videoos.searchagents.lpr.tests.dll" id="dee6b552-dad3-4308-0d60-b8a6d66aff94">
      <TestCategory>
        <TestCategoryItem TestCategory="LPRAgent" />
      </TestCategory>
      <Execution id="bf9d3d7a-e5ca-486a-9252-7bab248f86be" />
      <TestMethod codeBase="D:\actions-runner\_work\XPCO\XPCO\LPR\Components\Analytics\VideoOS.SearchAgents.LPR.Tests\bin\x64\Debug\VideoOS.SearchAgents.LPR.Tests.dll" adapterTypeName="executor://mstestadapter/v2" className="VideoOS.SearchAgents.LPR.Tests.LPRSearchAgentPluginTest" name="CloseShouldNotThrowExceptionWhenInitNotCalled" />
    </UnitTest>
    <UnitTest name="SearchResultDataCreator_Throws_Exception" storage="d:\actions-runner\_work\xpco\xpco\lpr\components\analytics\videoos.searchagents.lpr.tests\bin\x64\debug\videoos.searchagents.lpr.tests.dll" id="e6c7887d-49c8-3fb4-2c68-52039b5d6adc">
      <TestCategory>
        <TestCategoryItem TestCategory="LPRAgent" />
      </TestCategory>
      <Execution id="7463e88d-968c-4ea1-9bfd-c79b7e8da8a7" />
      <TestMethod codeBase="D:\actions-runner\_work\XPCO\XPCO\LPR\Components\Analytics\VideoOS.SearchAgents.LPR.Tests\bin\x64\Debug\VideoOS.SearchAgents.LPR.Tests.dll" adapterTypeName="executor://mstestadapter/v2" className="VideoOS.SearchAgents.LPR.Tests.LPRSearchAgentDefinitionTest" name="SearchResultDataCreator_Throws_Exception" />
    </UnitTest>
    <UnitTest name="SearchResult_TriggerTime_Is_Within_The_Sequence (1,3)" storage="d:\actions-runner\_work\xpco\xpco\lpr\components\analytics\videoos.searchagents.lpr.tests\bin\x64\debug\videoos.searchagents.lpr.tests.dll" id="1a104066-6419-ba3b-0692-00d3e753da3b">
      <TestCategory>
        <TestCategoryItem TestCategory="SearchAgentsShared" />
      </TestCategory>
      <Execution id="3eecdcf8-4b23-41ec-9a38-7c32002b09b6" />
      <TestMethod codeBase="D:\actions-runner\_work\XPCO\XPCO\LPR\Components\Analytics\VideoOS.SearchAgents.LPR.Tests\bin\x64\Debug\VideoOS.SearchAgents.LPR.Tests.dll" adapterTypeName="executor://mstestadapter/v2" className="VideoOS.SearchAgents.LPR.Tests.SearchAgentShared.SearchResultTimeUpdaterTest" name="SearchResult_TriggerTime_Is_Within_The_Sequence" />
    </UnitTest>
    <UnitTest name="FilterConfigurationItemsShouldHaveGUIDsPassedByParameter" storage="d:\actions-runner\_work\xpco\xpco\lpr\components\analytics\videoos.searchagents.lpr.tests\bin\x64\debug\videoos.searchagents.lpr.tests.dll" id="b86bab78-d8c5-1f56-b089-75093ec383fa">
      <TestCategory>
        <TestCategoryItem TestCategory="LPRAgent" />
      </TestCategory>
      <Execution id="916ee794-04b5-4cb4-a257-118f91180c46" />
      <TestMethod codeBase="D:\actions-runner\_work\XPCO\XPCO\LPR\Components\Analytics\VideoOS.SearchAgents.LPR.Tests\bin\x64\Debug\VideoOS.SearchAgents.LPR.Tests.dll" adapterTypeName="executor://mstestadapter/v2" className="VideoOS.SearchAgents.LPR.Tests.LicensePlateCountriesFilterTest" name="FilterConfigurationItemsShouldHaveGUIDsPassedByParameter" />
    </UnitTest>
    <UnitTest name="SearchResult_TriggerTime_Is_Not_Within_The_Sequence (2)" storage="d:\actions-runner\_work\xpco\xpco\lpr\components\analytics\videoos.searchagents.lpr.tests\bin\x64\debug\videoos.searchagents.lpr.tests.dll" id="05aa6814-b84b-0004-03fa-5e2b95631f29">
      <Execution id="a9a8c303-21cb-43ac-a43b-f49574f76ac2" />
      <TestMethod codeBase="D:\actions-runner\_work\XPCO\XPCO\LPR\Components\Analytics\VideoOS.SearchAgents.LPR.Tests\bin\x64\Debug\VideoOS.SearchAgents.LPR.Tests.dll" adapterTypeName="executor://mstestadapter/v2" className="VideoOS.SearchAgents.LPR.Tests.SearchAgentShared.SearchResultTimeUpdaterTest" name="SearchResult_TriggerTime_Is_Not_Within_The_Sequence" />
    </UnitTest>
    <UnitTest name="SearchResult_TriggerTime_Is_Within_The_Sequence (3,5)" storage="d:\actions-runner\_work\xpco\xpco\lpr\components\analytics\videoos.searchagents.lpr.tests\bin\x64\debug\videoos.searchagents.lpr.tests.dll" id="485f82ea-da5c-9df4-9253-4976c1990b34">
      <TestCategory>
        <TestCategoryItem TestCategory="SearchAgentsShared" />
      </TestCategory>
      <Execution id="0f220a9b-65d5-495c-bbd9-76a44200854b" />
      <TestMethod codeBase="D:\actions-runner\_work\XPCO\XPCO\LPR\Components\Analytics\VideoOS.SearchAgents.LPR.Tests\bin\x64\Debug\VideoOS.SearchAgents.LPR.Tests.dll" adapterTypeName="executor://mstestadapter/v2" className="VideoOS.SearchAgents.LPR.Tests.SearchAgentShared.SearchResultTimeUpdaterTest" name="SearchResult_TriggerTime_Is_Within_The_Sequence" />
    </UnitTest>
    <UnitTest name="SearchResult_TriggerTime_Is_Within_The_Sequence (3,3)" storage="d:\actions-runner\_work\xpco\xpco\lpr\components\analytics\videoos.searchagents.lpr.tests\bin\x64\debug\videoos.searchagents.lpr.tests.dll" id="6359bc04-b752-000a-9b20-4c7f88756974">
      <TestCategory>
        <TestCategoryItem TestCategory="SearchAgentsShared" />
      </TestCategory>
      <Execution id="da13580f-dbb2-47c6-b625-1b25f3e1b784" />
      <TestMethod codeBase="D:\actions-runner\_work\XPCO\XPCO\LPR\Components\Analytics\VideoOS.SearchAgents.LPR.Tests\bin\x64\Debug\VideoOS.SearchAgents.LPR.Tests.dll" adapterTypeName="executor://mstestadapter/v2" className="VideoOS.SearchAgents.LPR.Tests.SearchAgentShared.SearchResultTimeUpdaterTest" name="SearchResult_TriggerTime_Is_Within_The_Sequence" />
    </UnitTest>
    <UnitTest name="IsLicensePlateMatchListsFilterVisibleShouldBeFalseWhenThereIsNoItems" storage="d:\actions-runner\_work\xpco\xpco\lpr\components\analytics\videoos.searchagents.lpr.tests\bin\x64\debug\videoos.searchagents.lpr.tests.dll" id="f9dff0e6-aea5-5950-2fba-6b211b4c7476">
      <TestCategory>
        <TestCategoryItem TestCategory="LPRAgent" />
      </TestCategory>
      <Execution id="88f2e739-7c4a-4fc5-a7ea-95cfb6628333" />
      <TestMethod codeBase="D:\actions-runner\_work\XPCO\XPCO\LPR\Components\Analytics\VideoOS.SearchAgents.LPR.Tests\bin\x64\Debug\VideoOS.SearchAgents.LPR.Tests.dll" adapterTypeName="executor://mstestadapter/v2" className="VideoOS.SearchAgents.LPR.Tests.LPRSearchAgentPluginTest" name="IsLicensePlateMatchListsFilterVisibleShouldBeFalseWhenThereIsNoItems" />
    </UnitTest>
    <UnitTest name="ConstructorShouldThrowExceptionWhenSearchResultDataCreatorIsNull" storage="d:\actions-runner\_work\xpco\xpco\lpr\components\analytics\videoos.searchagents.lpr.tests\bin\x64\debug\videoos.searchagents.lpr.tests.dll" id="975c1464-f029-87b1-517c-e80e08416138">
      <TestCategory>
        <TestCategoryItem TestCategory="LPRAgent" />
      </TestCategory>
      <Execution id="acbb555a-3abc-4f00-8f2c-13fcb7f1d6da" />
      <TestMethod codeBase="D:\actions-runner\_work\XPCO\XPCO\LPR\Components\Analytics\VideoOS.SearchAgents.LPR.Tests\bin\x64\Debug\VideoOS.SearchAgents.LPR.Tests.dll" adapterTypeName="executor://mstestadapter/v2" className="VideoOS.SearchAgents.LPR.Tests.LPRSearchAgentDefinitionTest" name="ConstructorShouldThrowExceptionWhenSearchResultDataCreatorIsNull" />
    </UnitTest>
    <UnitTest name="ConstructorShouldThrowExceptionWhenSearchResultProviderIsNull" storage="d:\actions-runner\_work\xpco\xpco\lpr\components\analytics\videoos.searchagents.lpr.tests\bin\x64\debug\videoos.searchagents.lpr.tests.dll" id="aa079623-4e41-a7ec-27b6-e6844b304a9b">
      <TestCategory>
        <TestCategoryItem TestCategory="LPRAgent" />
      </TestCategory>
      <Execution id="7e6ad976-47cf-4eb9-8327-300633d0a059" />
      <TestMethod codeBase="D:\actions-runner\_work\XPCO\XPCO\LPR\Components\Analytics\VideoOS.SearchAgents.LPR.Tests\bin\x64\Debug\VideoOS.SearchAgents.LPR.Tests.dll" adapterTypeName="executor://mstestadapter/v2" className="VideoOS.SearchAgents.LPR.Tests.LPRSearchAgentDefinitionTest" name="ConstructorShouldThrowExceptionWhenSearchResultProviderIsNull" />
    </UnitTest>
    <UnitTest name="Throws_Exception_When_SearchResultData_Is_Empty" storage="d:\actions-runner\_work\xpco\xpco\lpr\components\analytics\videoos.searchagents.lpr.tests\bin\x64\debug\videoos.searchagents.lpr.tests.dll" id="f3f83635-a8de-fa20-07d6-08d2e3292978">
      <TestCategory>
        <TestCategoryItem TestCategory="SearchAgentsShared" />
      </TestCategory>
      <Execution id="820421fe-da91-4879-8066-11826886e9cd" />
      <TestMethod codeBase="D:\actions-runner\_work\XPCO\XPCO\LPR\Components\Analytics\VideoOS.SearchAgents.LPR.Tests\bin\x64\Debug\VideoOS.SearchAgents.LPR.Tests.dll" adapterTypeName="executor://mstestadapter/v2" className="VideoOS.SearchAgents.LPR.Tests.SearchAgentShared.SearchResultTimeUpdaterTest" name="Throws_Exception_When_SearchResultData_Is_Empty" />
    </UnitTest>
    <UnitTest name="ResetValueShouldClearFilterValueParameter" storage="d:\actions-runner\_work\xpco\xpco\lpr\components\analytics\videoos.searchagents.lpr.tests\bin\x64\debug\videoos.searchagents.lpr.tests.dll" id="a509b90d-92fd-cd10-1812-de773e0d954e">
      <TestCategory>
        <TestCategoryItem TestCategory="LPRAgent" />
      </TestCategory>
      <Execution id="295fc0e3-e616-4d53-a612-28fc39bcd571" />
      <TestMethod codeBase="D:\actions-runner\_work\XPCO\XPCO\LPR\Components\Analytics\VideoOS.SearchAgents.LPR.Tests\bin\x64\Debug\VideoOS.SearchAgents.LPR.Tests.dll" adapterTypeName="executor://mstestadapter/v2" className="VideoOS.SearchAgents.LPR.Tests.LicensePlateMatchListsFilterTest" name="ResetValueShouldClearFilterValueParameter" />
    </UnitTest>
    <UnitTest name="ResetValueShouldThrowExceptionIfParameterIsNotSelectionFilterValue" storage="d:\actions-runner\_work\xpco\xpco\lpr\components\analytics\videoos.searchagents.lpr.tests\bin\x64\debug\videoos.searchagents.lpr.tests.dll" id="32f716b9-3cf1-d38f-9aa3-e77e398c96ad">
      <TestCategory>
        <TestCategoryItem TestCategory="LPRAgent" />
      </TestCategory>
      <Execution id="ab394754-a70a-4573-81bb-3274dfb4c001" />
      <TestMethod codeBase="D:\actions-runner\_work\XPCO\XPCO\LPR\Components\Analytics\VideoOS.SearchAgents.LPR.Tests\bin\x64\Debug\VideoOS.SearchAgents.LPR.Tests.dll" adapterTypeName="executor://mstestadapter/v2" className="VideoOS.SearchAgents.LPR.Tests.LicensePlateMatchListsFilterTest" name="ResetValueShouldThrowExceptionIfParameterIsNotSelectionFilterValue" />
    </UnitTest>
    <UnitTest name="Cancel_Before_Fetching_Data" storage="d:\actions-runner\_work\xpco\xpco\lpr\components\analytics\videoos.searchagents.lpr.tests\bin\x64\debug\videoos.searchagents.lpr.tests.dll" id="632cdb86-f302-a476-1031-f30f70eec871">
      <TestCategory>
        <TestCategoryItem TestCategory="LPRAgent" />
      </TestCategory>
      <Execution id="03bac417-b59f-4e7d-b9dd-45ca53d754d2" />
      <TestMethod codeBase="D:\actions-runner\_work\XPCO\XPCO\LPR\Components\Analytics\VideoOS.SearchAgents.LPR.Tests\bin\x64\Debug\VideoOS.SearchAgents.LPR.Tests.dll" adapterTypeName="executor://mstestadapter/v2" className="VideoOS.SearchAgents.LPR.Tests.LPRSearchAgentDefinitionTest" name="Cancel_Before_Fetching_Data" />
    </UnitTest>
    <UnitTest name="LicensePlateCountriesFilter_Returns_List_Of_Items" storage="d:\actions-runner\_work\xpco\xpco\lpr\components\analytics\videoos.searchagents.lpr.tests\bin\x64\debug\videoos.searchagents.lpr.tests.dll" id="b1fd0712-1bab-3c4b-273a-0941da4b8e59">
      <TestCategory>
        <TestCategoryItem TestCategory="LPRAgent" />
      </TestCategory>
      <Execution id="3b43d362-e728-462e-9c6b-b3612e09c2aa" />
      <TestMethod codeBase="D:\actions-runner\_work\XPCO\XPCO\LPR\Components\Analytics\VideoOS.SearchAgents.LPR.Tests\bin\x64\Debug\VideoOS.SearchAgents.LPR.Tests.dll" adapterTypeName="executor://mstestadapter/v2" className="VideoOS.SearchAgents.LPR.Tests.LPRSearchAgentPluginTest" name="LicensePlateCountriesFilter_Returns_List_Of_Items" />
    </UnitTest>
    <UnitTest name="SearchFilterCategoryShouldNotBeNull" storage="d:\actions-runner\_work\xpco\xpco\lpr\components\analytics\videoos.searchagents.lpr.tests\bin\x64\debug\videoos.searchagents.lpr.tests.dll" id="91501503-9bbc-58ef-af05-9024b071aca4">
      <TestCategory>
        <TestCategoryItem TestCategory="LPRAgent" />
      </TestCategory>
      <Execution id="98e636d8-a8c6-48e5-b7b6-08bb47db45db" />
      <TestMethod codeBase="D:\actions-runner\_work\XPCO\XPCO\LPR\Components\Analytics\VideoOS.SearchAgents.LPR.Tests\bin\x64\Debug\VideoOS.SearchAgents.LPR.Tests.dll" adapterTypeName="executor://mstestadapter/v2" className="VideoOS.SearchAgents.LPR.Tests.LPRSearchAgentPluginTest" name="SearchFilterCategoryShouldNotBeNull" />
    </UnitTest>
    <UnitTest name="UnlistedNameShouldAppearWhenUnlistedGuidPassedByParameter" storage="d:\actions-runner\_work\xpco\xpco\lpr\components\analytics\videoos.searchagents.lpr.tests\bin\x64\debug\videoos.searchagents.lpr.tests.dll" id="55d10a34-6cae-ceb5-ea8f-4b0937077a0e">
      <TestCategory>
        <TestCategoryItem TestCategory="LPRAgent" />
      </TestCategory>
      <Execution id="462059c5-5fcd-4116-bd3d-2b8610b65ed4" />
      <TestMethod codeBase="D:\actions-runner\_work\XPCO\XPCO\LPR\Components\Analytics\VideoOS.SearchAgents.LPR.Tests\bin\x64\Debug\VideoOS.SearchAgents.LPR.Tests.dll" adapterTypeName="executor://mstestadapter/v2" className="VideoOS.SearchAgents.LPR.Tests.LicensePlateMatchListsFilterTest" name="UnlistedNameShouldAppearWhenUnlistedGuidPassedByParameter" />
    </UnitTest>
    <UnitTest name="ResetValueShouldClearFilterValueParameter" storage="d:\actions-runner\_work\xpco\xpco\lpr\components\analytics\videoos.searchagents.lpr.tests\bin\x64\debug\videoos.searchagents.lpr.tests.dll" id="e6dab691-d08b-7a55-f528-5ecba82da0e4">
      <TestCategory>
        <TestCategoryItem TestCategory="LPRAgent" />
      </TestCategory>
      <Execution id="094c0af8-53a1-4b31-b6b6-2ce24a590235" />
      <TestMethod codeBase="D:\actions-runner\_work\XPCO\XPCO\LPR\Components\Analytics\VideoOS.SearchAgents.LPR.Tests\bin\x64\Debug\VideoOS.SearchAgents.LPR.Tests.dll" adapterTypeName="executor://mstestadapter/v2" className="VideoOS.SearchAgents.LPR.Tests.LicensePlateCountriesFilterTest" name="ResetValueShouldClearFilterValueParameter" />
    </UnitTest>
    <UnitTest name="AlarmProvider_Throws_Exception" storage="d:\actions-runner\_work\xpco\xpco\lpr\components\analytics\videoos.searchagents.lpr.tests\bin\x64\debug\videoos.searchagents.lpr.tests.dll" id="1a7b40e3-122e-9fba-687b-c262d14780fe">
      <TestCategory>
        <TestCategoryItem TestCategory="LPRAgent" />
      </TestCategory>
      <Execution id="fb4b119c-eed3-4ae1-8190-26cc64574b91" />
      <TestMethod codeBase="D:\actions-runner\_work\XPCO\XPCO\LPR\Components\Analytics\VideoOS.SearchAgents.LPR.Tests\bin\x64\Debug\VideoOS.SearchAgents.LPR.Tests.dll" adapterTypeName="executor://mstestadapter/v2" className="VideoOS.SearchAgents.LPR.Tests.LPRSearchAgentDefinitionTest" name="AlarmProvider_Throws_Exception" />
    </UnitTest>
    <UnitTest name="Throws_Exception_When_VideoSequence_Is_Empty" storage="d:\actions-runner\_work\xpco\xpco\lpr\components\analytics\videoos.searchagents.lpr.tests\bin\x64\debug\videoos.searchagents.lpr.tests.dll" id="ff7dc4de-b35d-a1c5-c8ca-b7185a136424">
      <TestCategory>
        <TestCategoryItem TestCategory="SearchAgentsShared" />
      </TestCategory>
      <Execution id="6b8ce31a-1cfd-4f62-9828-69c5a213abc7" />
      <TestMethod codeBase="D:\actions-runner\_work\XPCO\XPCO\LPR\Components\Analytics\VideoOS.SearchAgents.LPR.Tests\bin\x64\Debug\VideoOS.SearchAgents.LPR.Tests.dll" adapterTypeName="executor://mstestadapter/v2" className="VideoOS.SearchAgents.LPR.Tests.SearchAgentShared.SearchResultTimeUpdaterTest" name="Throws_Exception_When_VideoSequence_Is_Empty" />
    </UnitTest>
    <UnitTest name="NameShouldBeCorrect" storage="d:\actions-runner\_work\xpco\xpco\lpr\components\analytics\videoos.searchagents.lpr.tests\bin\x64\debug\videoos.searchagents.lpr.tests.dll" id="54bd6bda-888a-8aae-d3da-2cc4990c1aef">
      <TestCategory>
        <TestCategoryItem TestCategory="LPRAgent" />
      </TestCategory>
      <Execution id="ab42458f-a990-4769-9469-7f879b3d25fc" />
      <TestMethod codeBase="D:\actions-runner\_work\XPCO\XPCO\LPR\Components\Analytics\VideoOS.SearchAgents.LPR.Tests\bin\x64\Debug\VideoOS.SearchAgents.LPR.Tests.dll" adapterTypeName="executor://mstestadapter/v2" className="VideoOS.SearchAgents.LPR.Tests.LPRSearchAgentPluginTest" name="NameShouldBeCorrect" />
    </UnitTest>
    <UnitTest name="FilterConfigurationItemsShouldHaveGUIDsPassedBYParameter" storage="d:\actions-runner\_work\xpco\xpco\lpr\components\analytics\videoos.searchagents.lpr.tests\bin\x64\debug\videoos.searchagents.lpr.tests.dll" id="1da133c2-ddac-896f-f84c-46a1f8fc10ae">
      <TestCategory>
        <TestCategoryItem TestCategory="LPRAgent" />
      </TestCategory>
      <Execution id="f4ee1da4-ce82-4424-a274-f1836f0ddd6d" />
      <TestMethod codeBase="D:\actions-runner\_work\XPCO\XPCO\LPR\Components\Analytics\VideoOS.SearchAgents.LPR.Tests\bin\x64\Debug\VideoOS.SearchAgents.LPR.Tests.dll" adapterTypeName="executor://mstestadapter/v2" className="VideoOS.SearchAgents.LPR.Tests.LicensePlateMatchListsFilterTest" name="FilterConfigurationItemsShouldHaveGUIDsPassedBYParameter" />
    </UnitTest>
    <UnitTest name="SearchDoesNotThrowFilterError" storage="d:\actions-runner\_work\xpco\xpco\lpr\components\analytics\videoos.searchagents.lpr.tests\bin\x64\debug\videoos.searchagents.lpr.tests.dll" id="0e722232-3997-724c-62cc-4d2dfb716cc4">
      <TestCategory>
        <TestCategoryItem TestCategory="LPRAgent" />
      </TestCategory>
      <Execution id="833a32ea-3fd6-4a62-9219-e89343ae79c5" />
      <TestMethod codeBase="D:\actions-runner\_work\XPCO\XPCO\LPR\Components\Analytics\VideoOS.SearchAgents.LPR.Tests\bin\x64\Debug\VideoOS.SearchAgents.LPR.Tests.dll" adapterTypeName="executor://mstestadapter/v2" className="VideoOS.SearchAgents.LPR.Tests.LPRSearchAgentDefinitionTest" name="SearchDoesNotThrowFilterError" />
    </UnitTest>
  </TestDefinitions>
  <TestEntries>
    <TestEntry testId="6e21dd9d-f4a3-3496-ce03-e91a52453667" executionId="b6ea3b4f-cb6d-4254-a7d2-7f80b89326e0" testListId="8c84fa94-04c1-424b-9868-57a2d4851a1d" />
    <TestEntry testId="c003bd0c-cf83-68bd-c479-6527b8fab5d9" executionId="c9b58765-f876-40fc-8192-53fec417bd66" testListId="8c84fa94-04c1-424b-9868-57a2d4851a1d" />
    <TestEntry testId="0e722232-3997-724c-62cc-4d2dfb716cc4" executionId="833a32ea-3fd6-4a62-9219-e89343ae79c5" testListId="8c84fa94-04c1-424b-9868-57a2d4851a1d" />
    <TestEntry testId="123f3580-e43f-7478-741a-fda9bd021d8c" executionId="f38c85ac-7eb2-41d2-895d-1ae908282f46" testListId="8c84fa94-04c1-424b-9868-57a2d4851a1d" />
    <TestEntry testId="1a7b40e3-122e-9fba-687b-c262d14780fe" executionId="fb4b119c-eed3-4ae1-8190-26cc64574b91" testListId="8c84fa94-04c1-424b-9868-57a2d4851a1d" />
    <TestEntry testId="975c1464-f029-87b1-517c-e80e08416138" executionId="acbb555a-3abc-4f00-8f2c-13fcb7f1d6da" testListId="8c84fa94-04c1-424b-9868-57a2d4851a1d" />
    <TestEntry testId="632cdb86-f302-a476-1031-f30f70eec871" executionId="03bac417-b59f-4e7d-b9dd-45ca53d754d2" testListId="8c84fa94-04c1-424b-9868-57a2d4851a1d" />
    <TestEntry testId="3d6a32d2-ffdd-8af1-77cf-261a72808d77" executionId="d719cb27-93c1-435c-98c6-b70e36b0b089" testListId="8c84fa94-04c1-424b-9868-57a2d4851a1d" />
    <TestEntry testId="d8d24bde-a0f1-f36f-2395-5796b693028a" executionId="293214be-35a0-4acb-802f-4281a713a30e" testListId="8c84fa94-04c1-424b-9868-57a2d4851a1d" />
    <TestEntry testId="32f716b9-3cf1-d38f-9aa3-e77e398c96ad" executionId="ab394754-a70a-4573-81bb-3274dfb4c001" testListId="8c84fa94-04c1-424b-9868-57a2d4851a1d" />
    <TestEntry testId="aa079623-4e41-a7ec-27b6-e6844b304a9b" executionId="7e6ad976-47cf-4eb9-8327-300633d0a059" testListId="8c84fa94-04c1-424b-9868-57a2d4851a1d" />
    <TestEntry testId="e6c7887d-49c8-3fb4-2c68-52039b5d6adc" executionId="7463e88d-968c-4ea1-9bfd-c79b7e8da8a7" testListId="8c84fa94-04c1-424b-9868-57a2d4851a1d" />
    <TestEntry testId="f9dff0e6-aea5-5950-2fba-6b211b4c7476" executionId="88f2e739-7c4a-4fc5-a7ea-95cfb6628333" testListId="8c84fa94-04c1-424b-9868-57a2d4851a1d" />
    <TestEntry testId="987e7f3c-4277-a5fa-2a09-e201bf767302" executionId="35e44e3f-858f-4482-b94f-49732e14b7f4" testListId="8c84fa94-04c1-424b-9868-57a2d4851a1d" />
    <TestEntry testId="54bd6bda-888a-8aae-d3da-2cc4990c1aef" executionId="ab42458f-a990-4769-9469-7f879b3d25fc" testListId="8c84fa94-04c1-424b-9868-57a2d4851a1d" />
    <TestEntry testId="3d26dcdf-c07c-d3b2-d3a6-250a74ee3824" executionId="52380474-f554-464b-bec9-3af510fc679e" testListId="8c84fa94-04c1-424b-9868-57a2d4851a1d" />
    <TestEntry testId="485f82ea-da5c-9df4-9253-4976c1990b34" executionId="0f220a9b-65d5-495c-bbd9-76a44200854b" testListId="8c84fa94-04c1-424b-9868-57a2d4851a1d" />
    <TestEntry testId="6359bc04-b752-000a-9b20-4c7f88756974" executionId="da13580f-dbb2-47c6-b625-1b25f3e1b784" testListId="8c84fa94-04c1-424b-9868-57a2d4851a1d" />
    <TestEntry testId="1d8e1a6a-80ec-f5e4-120c-7406bfbf88c8" executionId="2d885f7d-0ecd-4f65-8a85-e7461c32068e" testListId="8c84fa94-04c1-424b-9868-57a2d4851a1d" />
    <TestEntry testId="05aa6814-b84b-0004-03fa-5e2b95631f29" executionId="a9a8c303-21cb-43ac-a43b-f49574f76ac2" testListId="8c84fa94-04c1-424b-9868-57a2d4851a1d" />
    <TestEntry testId="1a1a6dd6-1ea0-16b9-f674-b24ef84d2d63" executionId="e8d941f0-1fc3-4add-82f6-255ee4d8b23b" testListId="8c84fa94-04c1-424b-9868-57a2d4851a1d" />
    <TestEntry testId="f3f83635-a8de-fa20-07d6-08d2e3292978" executionId="820421fe-da91-4879-8066-11826886e9cd" testListId="8c84fa94-04c1-424b-9868-57a2d4851a1d" />
    <TestEntry testId="e6dab691-d08b-7a55-f528-5ecba82da0e4" executionId="094c0af8-53a1-4b31-b6b6-2ce24a590235" testListId="8c84fa94-04c1-424b-9868-57a2d4851a1d" />
    <TestEntry testId="03d553f9-a087-c8a6-80f5-3b6b10648763" executionId="5d101cf4-e396-49a3-8804-e81cef71f52e" testListId="8c84fa94-04c1-424b-9868-57a2d4851a1d" />
    <TestEntry testId="1da133c2-ddac-896f-f84c-46a1f8fc10ae" executionId="f4ee1da4-ce82-4424-a274-f1836f0ddd6d" testListId="8c84fa94-04c1-424b-9868-57a2d4851a1d" />
    <TestEntry testId="389cde7a-68b9-7a9c-bccb-18843e504c53" executionId="adb6ef7f-bb7a-4086-96e9-02577aa4039b" testListId="8c84fa94-04c1-424b-9868-57a2d4851a1d" />
    <TestEntry testId="dee6b552-dad3-4308-0d60-b8a6d66aff94" executionId="bf9d3d7a-e5ca-486a-9252-7bab248f86be" testListId="8c84fa94-04c1-424b-9868-57a2d4851a1d" />
    <TestEntry testId="f3988674-9eba-8872-19a9-26190c627f13" executionId="6a584b19-9056-4fbb-add4-ec9055b87bd3" testListId="8c84fa94-04c1-424b-9868-57a2d4851a1d" />
    <TestEntry testId="a509b90d-92fd-cd10-1812-de773e0d954e" executionId="295fc0e3-e616-4d53-a612-28fc39bcd571" testListId="8c84fa94-04c1-424b-9868-57a2d4851a1d" />
    <TestEntry testId="91501503-9bbc-58ef-af05-9024b071aca4" executionId="98e636d8-a8c6-48e5-b7b6-08bb47db45db" testListId="8c84fa94-04c1-424b-9868-57a2d4851a1d" />
    <TestEntry testId="55d10a34-6cae-ceb5-ea8f-4b0937077a0e" executionId="462059c5-5fcd-4116-bd3d-2b8610b65ed4" testListId="8c84fa94-04c1-424b-9868-57a2d4851a1d" />
    <TestEntry testId="b86bab78-d8c5-1f56-b089-75093ec383fa" executionId="916ee794-04b5-4cb4-a257-118f91180c46" testListId="8c84fa94-04c1-424b-9868-57a2d4851a1d" />
    <TestEntry testId="b1fd0712-1bab-3c4b-273a-0941da4b8e59" executionId="3b43d362-e728-462e-9c6b-b3612e09c2aa" testListId="8c84fa94-04c1-424b-9868-57a2d4851a1d" />
    <TestEntry testId="ff7dc4de-b35d-a1c5-c8ca-b7185a136424" executionId="6b8ce31a-1cfd-4f62-9828-69c5a213abc7" testListId="8c84fa94-04c1-424b-9868-57a2d4851a1d" />
    <TestEntry testId="1a104066-6419-ba3b-0692-00d3e753da3b" executionId="3eecdcf8-4b23-41ec-9a38-7c32002b09b6" testListId="8c84fa94-04c1-424b-9868-57a2d4851a1d" />
  </TestEntries>
  <TestLists>
    <TestList name="Results Not in a List" id="8c84fa94-04c1-424b-9868-57a2d4851a1d" />
    <TestList name="All Loaded Results" id="19431567-8539-422a-85d7-44ee4e166bda" />
  </TestLists>
  <ResultSummary outcome="Completed">
    <Counters total="35" executed="35" passed="35" failed="0" error="0" timeout="0" aborted="0" inconclusive="0" passedButRunAborted="0" notRunnable="0" notExecuted="0" disconnected="0" warning="0" completed="0" inProgress="0" pending="0" />
  </ResultSummary>
</TestRun>