<?xml version="1.0" encoding="utf-8"?>
<TestRun id="95fcafb4-d820-4d1d-88c4-9b816143d494" name="DKSR-EFI-06$@DKSR-EFI-06 2024-01-09 15:42:24" runUser="NT AUTHORITY\NETWORK SERVICE" xmlns="http://microsoft.com/schemas/VisualStudio/TeamTest/2010">
  <Times creation="2024-01-09T15:42:24.4664631+01:00" queuing="2024-01-09T15:42:24.4664631+01:00" start="2024-01-09T15:42:23.2164649+01:00" finish="2024-01-09T15:42:24.5602165+01:00" />
  <TestSettings name="default" id="03d52146-a266-4b21-aa3f-257e7f86e827">
    <Deployment runDeploymentRoot="DKSR-EFI-06$_DKSR-EFI-06_2024-01-09_15_42_24" />
  </TestSettings>
  <Results>
    <UnitTestResult executionId="572f7a28-fce1-48b8-9abc-2ff9513921bd" testId="466faf04-4dd2-798c-a31b-0180f666fb07" testName="TestForAssemblyCoverage" computerName="DKSR-EFI-06" duration="00:00:00.0178639" startTime="2024-01-09T15:42:23.9508393+01:00" endTime="2024-01-09T15:42:24.0445915+01:00" testType="13cdc9d9-ddb5-4fa4-a97d-d965ccfc6d4b" outcome="Passed" testListId="8c84fa94-04c1-424b-9868-57a2d4851a1d" relativeResultsDirectory="572f7a28-fce1-48b8-9abc-2ff9513921bd" />
  </Results>
  <TestDefinitions>
    <UnitTest name="TestForAssemblyCoverage" storage="d:\actions-runner\_work\xpco\xpco\corporate\videoos.server.remoteclient.unittests\bin\x64\debug\videoos.server.remoteclient.unittests.dll" id="466faf04-4dd2-798c-a31b-0180f666fb07">
      <Execution id="572f7a28-fce1-48b8-9abc-2ff9513921bd" />
      <TestMethod codeBase="D:\actions-runner\_work\XPCO\XPCO\Corporate\VideoOS.Server.RemoteClient.UnitTests\bin\x64\Debug\VideoOS.Server.RemoteClient.UnitTests.dll" adapterTypeName="executor://mstestadapter/v2" className="VideoOS.Server.RemoteClient.UnitTests.UnitTest1" name="TestForAssemblyCoverage" />
    </UnitTest>
  </TestDefinitions>
  <TestEntries>
    <TestEntry testId="466faf04-4dd2-798c-a31b-0180f666fb07" executionId="572f7a28-fce1-48b8-9abc-2ff9513921bd" testListId="8c84fa94-04c1-424b-9868-57a2d4851a1d" />
  </TestEntries>
  <TestLists>
    <TestList name="Results Not in a List" id="8c84fa94-04c1-424b-9868-57a2d4851a1d" />
    <TestList name="All Loaded Results" id="19431567-8539-422a-85d7-44ee4e166bda" />
  </TestLists>
  <ResultSummary outcome="Completed">
    <Counters total="1" executed="1" passed="1" failed="0" error="0" timeout="0" aborted="0" inconclusive="0" passedButRunAborted="0" notRunnable="0" notExecuted="0" disconnected="0" warning="0" completed="0" inProgress="0" pending="0" />
  </ResultSummary>
</TestRun>