<?xml version="1.0" encoding="utf-8"?>
<TestRun id="5723c16e-3622-45a9-a9b0-227e4f4faac4" name="DKSR-EFI-06$@DKSR-EFI-06 2024-01-09 15:43:23" runUser="NT AUTHORITY\NETWORK SERVICE" xmlns="http://microsoft.com/schemas/VisualStudio/TeamTest/2010">
  <Times creation="2024-01-09T15:43:23.3572518+01:00" queuing="2024-01-09T15:43:23.3572518+01:00" start="2024-01-09T15:43:12.4353592+01:00" finish="2024-01-09T15:43:27.4510043+01:00" />
  <TestSettings name="default" id="67673008-f375-48d7-a5a7-57d1388bb234">
    <Deployment runDeploymentRoot="DKSR-EFI-06$_DKSR-EFI-06_2024-01-09_15_43_23" />
  </TestSettings>
  <Results>
    <UnitTestResult executionId="fd70856d-8073-4ba9-9d0a-4fbcdf4d2707" testId="9444a3d0-2bca-958e-8350-6b0b6b57ca5f" testName="SetupPerformanceCounters_ShouldReturnFailure_IfCategoryAlreadyExists" computerName="DKSR-EFI-06" duration="00:00:00.1887138" startTime="2024-01-09T15:43:26.0916255+01:00" endTime="2024-01-09T15:43:26.2791275+01:00" testType="13cdc9d9-ddb5-4fa4-a97d-d965ccfc6d4b" outcome="Passed" testListId="8c84fa94-04c1-424b-9868-57a2d4851a1d" relativeResultsDirectory="fd70856d-8073-4ba9-9d0a-4fbcdf4d2707" />
    <UnitTestResult executionId="0d0b22af-7d8f-40e0-b66e-4b7f6239f490" testId="43a8f5c3-988b-1020-639b-670734ef49f6" testName="SetupPerformanceCounters_ShouldCreateCounters" computerName="DKSR-EFI-06" duration="00:00:03.5569870" startTime="2024-01-09T15:43:22.5291237+01:00" endTime="2024-01-09T15:43:26.0916255+01:00" testType="13cdc9d9-ddb5-4fa4-a97d-d965ccfc6d4b" outcome="Passed" testListId="8c84fa94-04c1-424b-9868-57a2d4851a1d" relativeResultsDirectory="0d0b22af-7d8f-40e0-b66e-4b7f6239f490" />
    <UnitTestResult executionId="8bc3e4a7-f144-4891-8736-6ef226279195" testId="dc1a8b41-d5f9-dc72-bf0a-5906418af4e6" testName="SetupPerformanceCounters_ShouldThrowArgumentNullException_IfSessionIsNull" computerName="DKSR-EFI-06" duration="00:00:00.1434852" startTime="2024-01-09T15:43:21.7947491+01:00" endTime="2024-01-09T15:43:22.4666236+01:00" testType="13cdc9d9-ddb5-4fa4-a97d-d965ccfc6d4b" outcome="Passed" testListId="8c84fa94-04c1-424b-9868-57a2d4851a1d" relativeResultsDirectory="8bc3e4a7-f144-4891-8736-6ef226279195" />
    <UnitTestResult executionId="50a67264-810f-4177-8da0-1febb55b9fbb" testId="1ad9beab-64b4-03d2-5e5b-e1823db2515c" testName="DeletePerformanceCounters_ShouldReturnSuccess_IfCategoryDoesNotExist" computerName="DKSR-EFI-06" duration="00:00:00.0016231" startTime="2024-01-09T15:43:26.2791275+01:00" endTime="2024-01-09T15:43:26.2791275+01:00" testType="13cdc9d9-ddb5-4fa4-a97d-d965ccfc6d4b" outcome="Passed" testListId="8c84fa94-04c1-424b-9868-57a2d4851a1d" relativeResultsDirectory="50a67264-810f-4177-8da0-1febb55b9fbb" />
    <UnitTestResult executionId="0c0f744f-8ff0-49e9-910a-e01b42a07d6d" testId="bfac2b17-ae98-9506-641a-d1714f5c16dc" testName="DeletePerformanceCounters_ShouldReturnFailure_IfDeletionFails" computerName="DKSR-EFI-06" duration="00:00:00.6089661" startTime="2024-01-09T15:43:26.3103786+01:00" endTime="2024-01-09T15:43:26.9197534+01:00" testType="13cdc9d9-ddb5-4fa4-a97d-d965ccfc6d4b" outcome="Passed" testListId="8c84fa94-04c1-424b-9868-57a2d4851a1d" relativeResultsDirectory="0c0f744f-8ff0-49e9-910a-e01b42a07d6d" />
    <UnitTestResult executionId="8a6f063b-1094-4b20-b42b-e41dfd78352c" testId="b6bfeaef-1f7f-483c-fcd7-1388ea90df11" testName="DeletePerformanceCounters_ShouldDeleteCounters_IfCategoryExists" computerName="DKSR-EFI-06" duration="00:00:00.0029320" startTime="2024-01-09T15:43:26.2947525+01:00" endTime="2024-01-09T15:43:26.2947525+01:00" testType="13cdc9d9-ddb5-4fa4-a97d-d965ccfc6d4b" outcome="Passed" testListId="8c84fa94-04c1-424b-9868-57a2d4851a1d" relativeResultsDirectory="8a6f063b-1094-4b20-b42b-e41dfd78352c" />
  </Results>
  <TestDefinitions>
    <UnitTest name="DeletePerformanceCounters_ShouldReturnSuccess_IfCategoryDoesNotExist" storage="d:\actions-runner\_work\xpco\xpco\eventserver\server\installer\videoos.eventserver.customactions.tests\bin\x64\debug\videoos.eventserver.customactions.tests.dll" id="1ad9beab-64b4-03d2-5e5b-e1823db2515c">
      <Execution id="50a67264-810f-4177-8da0-1febb55b9fbb" />
      <TestMethod codeBase="D:\actions-runner\_work\XPCO\XPCO\EventServer\Server\Installer\VideoOS.EventServer.CustomActions.Tests\bin\x64\Debug\VideoOS.EventServer.CustomActions.Tests.dll" adapterTypeName="executor://mstestadapter/v2" className="VideoOS.EventServer.CustomActions.Tests.PerformanceCountersCustomActionsTests" name="DeletePerformanceCounters_ShouldReturnSuccess_IfCategoryDoesNotExist" />
    </UnitTest>
    <UnitTest name="SetupPerformanceCounters_ShouldCreateCounters" storage="d:\actions-runner\_work\xpco\xpco\eventserver\server\installer\videoos.eventserver.customactions.tests\bin\x64\debug\videoos.eventserver.customactions.tests.dll" id="43a8f5c3-988b-1020-639b-670734ef49f6">
      <Execution id="0d0b22af-7d8f-40e0-b66e-4b7f6239f490" />
      <TestMethod codeBase="D:\actions-runner\_work\XPCO\XPCO\EventServer\Server\Installer\VideoOS.EventServer.CustomActions.Tests\bin\x64\Debug\VideoOS.EventServer.CustomActions.Tests.dll" adapterTypeName="executor://mstestadapter/v2" className="VideoOS.EventServer.CustomActions.Tests.PerformanceCountersCustomActionsTests" name="SetupPerformanceCounters_ShouldCreateCounters" />
    </UnitTest>
    <UnitTest name="DeletePerformanceCounters_ShouldReturnFailure_IfDeletionFails" storage="d:\actions-runner\_work\xpco\xpco\eventserver\server\installer\videoos.eventserver.customactions.tests\bin\x64\debug\videoos.eventserver.customactions.tests.dll" id="bfac2b17-ae98-9506-641a-d1714f5c16dc">
      <Execution id="0c0f744f-8ff0-49e9-910a-e01b42a07d6d" />
      <TestMethod codeBase="D:\actions-runner\_work\XPCO\XPCO\EventServer\Server\Installer\VideoOS.EventServer.CustomActions.Tests\bin\x64\Debug\VideoOS.EventServer.CustomActions.Tests.dll" adapterTypeName="executor://mstestadapter/v2" className="VideoOS.EventServer.CustomActions.Tests.PerformanceCountersCustomActionsTests" name="DeletePerformanceCounters_ShouldReturnFailure_IfDeletionFails" />
    </UnitTest>
    <UnitTest name="SetupPerformanceCounters_ShouldThrowArgumentNullException_IfSessionIsNull" storage="d:\actions-runner\_work\xpco\xpco\eventserver\server\installer\videoos.eventserver.customactions.tests\bin\x64\debug\videoos.eventserver.customactions.tests.dll" id="dc1a8b41-d5f9-dc72-bf0a-5906418af4e6">
      <Execution id="8bc3e4a7-f144-4891-8736-6ef226279195" />
      <TestMethod codeBase="D:\actions-runner\_work\XPCO\XPCO\EventServer\Server\Installer\VideoOS.EventServer.CustomActions.Tests\bin\x64\Debug\VideoOS.EventServer.CustomActions.Tests.dll" adapterTypeName="executor://mstestadapter/v2" className="VideoOS.EventServer.CustomActions.Tests.PerformanceCountersCustomActionsTests" name="SetupPerformanceCounters_ShouldThrowArgumentNullException_IfSessionIsNull" />
    </UnitTest>
    <UnitTest name="DeletePerformanceCounters_ShouldDeleteCounters_IfCategoryExists" storage="d:\actions-runner\_work\xpco\xpco\eventserver\server\installer\videoos.eventserver.customactions.tests\bin\x64\debug\videoos.eventserver.customactions.tests.dll" id="b6bfeaef-1f7f-483c-fcd7-1388ea90df11">
      <Execution id="8a6f063b-1094-4b20-b42b-e41dfd78352c" />
      <TestMethod codeBase="D:\actions-runner\_work\XPCO\XPCO\EventServer\Server\Installer\VideoOS.EventServer.CustomActions.Tests\bin\x64\Debug\VideoOS.EventServer.CustomActions.Tests.dll" adapterTypeName="executor://mstestadapter/v2" className="VideoOS.EventServer.CustomActions.Tests.PerformanceCountersCustomActionsTests" name="DeletePerformanceCounters_ShouldDeleteCounters_IfCategoryExists" />
    </UnitTest>
    <UnitTest name="SetupPerformanceCounters_ShouldReturnFailure_IfCategoryAlreadyExists" storage="d:\actions-runner\_work\xpco\xpco\eventserver\server\installer\videoos.eventserver.customactions.tests\bin\x64\debug\videoos.eventserver.customactions.tests.dll" id="9444a3d0-2bca-958e-8350-6b0b6b57ca5f">
      <Execution id="fd70856d-8073-4ba9-9d0a-4fbcdf4d2707" />
      <TestMethod codeBase="D:\actions-runner\_work\XPCO\XPCO\EventServer\Server\Installer\VideoOS.EventServer.CustomActions.Tests\bin\x64\Debug\VideoOS.EventServer.CustomActions.Tests.dll" adapterTypeName="executor://mstestadapter/v2" className="VideoOS.EventServer.CustomActions.Tests.PerformanceCountersCustomActionsTests" name="SetupPerformanceCounters_ShouldReturnFailure_IfCategoryAlreadyExists" />
    </UnitTest>
  </TestDefinitions>
  <TestEntries>
    <TestEntry testId="9444a3d0-2bca-958e-8350-6b0b6b57ca5f" executionId="fd70856d-8073-4ba9-9d0a-4fbcdf4d2707" testListId="8c84fa94-04c1-424b-9868-57a2d4851a1d" />
    <TestEntry testId="43a8f5c3-988b-1020-639b-670734ef49f6" executionId="0d0b22af-7d8f-40e0-b66e-4b7f6239f490" testListId="8c84fa94-04c1-424b-9868-57a2d4851a1d" />
    <TestEntry testId="dc1a8b41-d5f9-dc72-bf0a-5906418af4e6" executionId="8bc3e4a7-f144-4891-8736-6ef226279195" testListId="8c84fa94-04c1-424b-9868-57a2d4851a1d" />
    <TestEntry testId="1ad9beab-64b4-03d2-5e5b-e1823db2515c" executionId="50a67264-810f-4177-8da0-1febb55b9fbb" testListId="8c84fa94-04c1-424b-9868-57a2d4851a1d" />
    <TestEntry testId="bfac2b17-ae98-9506-641a-d1714f5c16dc" executionId="0c0f744f-8ff0-49e9-910a-e01b42a07d6d" testListId="8c84fa94-04c1-424b-9868-57a2d4851a1d" />
    <TestEntry testId="b6bfeaef-1f7f-483c-fcd7-1388ea90df11" executionId="8a6f063b-1094-4b20-b42b-e41dfd78352c" testListId="8c84fa94-04c1-424b-9868-57a2d4851a1d" />
  </TestEntries>
  <TestLists>
    <TestList name="Results Not in a List" id="8c84fa94-04c1-424b-9868-57a2d4851a1d" />
    <TestList name="All Loaded Results" id="19431567-8539-422a-85d7-44ee4e166bda" />
  </TestLists>
  <ResultSummary outcome="Completed">
    <Counters total="6" executed="6" passed="6" failed="0" error="0" timeout="0" aborted="0" inconclusive="0" passedButRunAborted="0" notRunnable="0" notExecuted="0" disconnected="0" warning="0" completed="0" inProgress="0" pending="0" />
  </ResultSummary>
</TestRun>