<?xml version="1.0" encoding="utf-8"?>
<TestRun id="407330ce-8f02-45b6-8ca0-069c52eda1bd" name="DKSR-EFI-06$@DKSR-EFI-06 2024-01-09 15:44:46" runUser="NT AUTHORITY\NETWORK SERVICE" xmlns="http://microsoft.com/schemas/VisualStudio/TeamTest/2010">
  <Times creation="2024-01-09T15:44:46.8262176+01:00" queuing="2024-01-09T15:44:46.8262176+01:00" start="2024-01-09T15:44:45.6855894+01:00" finish="2024-01-09T15:44:46.9980938+01:00" />
  <TestSettings name="default" id="aaeb9ad6-ebb9-4184-9d2a-4d38b9302cb8">
    <Deployment runDeploymentRoot="DKSR-EFI-06$_DKSR-EFI-06_2024-01-09_15_44_46" />
  </TestSettings>
  <Results>
    <UnitTestResult executionId="f1500041-1916-402e-a41e-b5d284846ce3" testId="d19923ab-c282-cbe5-1459-29873b8f43dd" testName="TestConfigSerialization" computerName="DKSR-EFI-06" duration="00:00:00.0205404" startTime="2024-01-09T15:44:46.6543402+01:00" endTime="2024-01-09T15:44:46.6855913+01:00" testType="13cdc9d9-ddb5-4fa4-a97d-d965ccfc6d4b" outcome="Passed" testListId="8c84fa94-04c1-424b-9868-57a2d4851a1d" relativeResultsDirectory="f1500041-1916-402e-a41e-b5d284846ce3" />
    <UnitTestResult executionId="53170f1e-ee6a-4299-96fd-63f74da6a0af" testId="6062b026-ce95-9894-3a96-f55ec7b8ccee" testName="TestMicPropsParseString" computerName="DKSR-EFI-06" duration="00:00:00.0049794" startTime="2024-01-09T15:44:46.5293431+01:00" endTime="2024-01-09T15:44:46.6387183+01:00" testType="13cdc9d9-ddb5-4fa4-a97d-d965ccfc6d4b" outcome="Passed" testListId="8c84fa94-04c1-424b-9868-57a2d4851a1d" relativeResultsDirectory="53170f1e-ee6a-4299-96fd-63f74da6a0af" />
  </Results>
  <TestDefinitions>
    <UnitTest name="TestMicPropsParseString" storage="d:\actions-runner\_work\xpco\xpco\onvifbridge\onvifgatewaybinaries\videoos.onvifgateway.onvifmiplibrary.test\bin\x64\debug\videoos.onvifgateway.onvifmiplibrary.test.dll" id="6062b026-ce95-9894-3a96-f55ec7b8ccee">
      <Execution id="53170f1e-ee6a-4299-96fd-63f74da6a0af" />
      <TestMethod codeBase="D:\actions-runner\_work\XPCO\XPCO\OnvifBridge\OnvifGatewayBinaries\VideoOS.OnvifGateway.OnvifMipLibrary.Test\bin\x64\Debug\VideoOS.OnvifGateway.OnvifMipLibrary.Test.dll" adapterTypeName="executor://mstestadapter/v1" className="VideoOS.OnvifGateway.OnvifMipLibrary.Test.MicrophonePropertiesTest" name="TestMicPropsParseString" />
    </UnitTest>
    <UnitTest name="TestConfigSerialization" storage="d:\actions-runner\_work\xpco\xpco\onvifbridge\onvifgatewaybinaries\videoos.onvifgateway.onvifmiplibrary.test\bin\x64\debug\videoos.onvifgateway.onvifmiplibrary.test.dll" id="d19923ab-c282-cbe5-1459-29873b8f43dd">
      <Execution id="f1500041-1916-402e-a41e-b5d284846ce3" />
      <TestMethod codeBase="D:\actions-runner\_work\XPCO\XPCO\OnvifBridge\OnvifGatewayBinaries\VideoOS.OnvifGateway.OnvifMipLibrary.Test\bin\x64\Debug\VideoOS.OnvifGateway.OnvifMipLibrary.Test.dll" adapterTypeName="executor://mstestadapter/v1" className="VideoOS.OnvifGateway.OnvifMipLibrary.Test.MIP.ConfigTest" name="TestConfigSerialization" />
    </UnitTest>
  </TestDefinitions>
  <TestEntries>
    <TestEntry testId="d19923ab-c282-cbe5-1459-29873b8f43dd" executionId="f1500041-1916-402e-a41e-b5d284846ce3" testListId="8c84fa94-04c1-424b-9868-57a2d4851a1d" />
    <TestEntry testId="6062b026-ce95-9894-3a96-f55ec7b8ccee" executionId="53170f1e-ee6a-4299-96fd-63f74da6a0af" testListId="8c84fa94-04c1-424b-9868-57a2d4851a1d" />
  </TestEntries>
  <TestLists>
    <TestList name="Results Not in a List" id="8c84fa94-04c1-424b-9868-57a2d4851a1d" />
    <TestList name="All Loaded Results" id="19431567-8539-422a-85d7-44ee4e166bda" />
  </TestLists>
  <ResultSummary outcome="Completed">
    <Counters total="2" executed="2" passed="2" failed="0" error="0" timeout="0" aborted="0" inconclusive="0" passedButRunAborted="0" notRunnable="0" notExecuted="0" disconnected="0" warning="0" completed="0" inProgress="0" pending="0" />
  </ResultSummary>
</TestRun>