<?xml version="1.0" encoding="utf-8"?>
<TestRun id="95d9d74a-89da-4b6e-b51b-ce555616d803" name="DKSR-EFI-06$@DKSR-EFI-06 2024-01-09 15:43:49" runUser="NT AUTHORITY\NETWORK SERVICE" xmlns="http://microsoft.com/schemas/VisualStudio/TeamTest/2010">
  <Times creation="2024-01-09T15:43:49.2791845+01:00" queuing="2024-01-09T15:43:49.2791845+01:00" start="2024-01-09T15:43:47.7010569+01:00" finish="2024-01-09T15:43:49.3260604+01:00" />
  <TestSettings name="default" id="1692c090-525e-4b95-ad90-ce67bf3fd7bd">
    <Deployment runDeploymentRoot="DKSR-EFI-06$_DKSR-EFI-06_2024-01-09_15_43_49" />
  </TestSettings>
  <Results>
    <UnitTestResult executionId="a9ea93d0-1465-4156-b3a2-16d1ce805db8" testId="ecf28b89-cc64-b19b-3a9b-217bccebb616" testName="UpdateSettingsFieldsChecksAndCreatesFileWhenFileIsMissing" computerName="DKSR-EFI-06" duration="00:00:00.7589987" startTime="2024-01-09T15:43:48.4041818+01:00" endTime="2024-01-09T15:43:49.2166838+01:00" testType="13cdc9d9-ddb5-4fa4-a97d-d965ccfc6d4b" outcome="Passed" testListId="8c84fa94-04c1-424b-9868-57a2d4851a1d" relativeResultsDirectory="a9ea93d0-1465-4156-b3a2-16d1ce805db8" />
    <UnitTestResult executionId="df77391e-4cc4-43be-bea7-19c82dea80cc" testId="618a1171-d0fa-4365-2e91-c4c44b5cae73" testName="SecureEnableTrueOnSettingsFileWWhenCertificateSet" computerName="DKSR-EFI-06" duration="00:00:00.0065505" startTime="2024-01-09T15:43:49.2323094+01:00" endTime="2024-01-09T15:43:49.2323094+01:00" testType="13cdc9d9-ddb5-4fa4-a97d-d965ccfc6d4b" outcome="Passed" testListId="8c84fa94-04c1-424b-9868-57a2d4851a1d" relativeResultsDirectory="df77391e-4cc4-43be-bea7-19c82dea80cc" />
    <UnitTestResult executionId="13017b9c-a41e-4e69-8416-7c38f1506e99" testId="fb417d58-863d-6b5f-f1bb-cf395cfc09a3" testName="SecureEnabledFalseOnSettingsFileWhenNoCertificateSet" computerName="DKSR-EFI-06" duration="00:00:00.0024963" startTime="2024-01-09T15:43:49.2323094+01:00" endTime="2024-01-09T15:43:49.2479360+01:00" testType="13cdc9d9-ddb5-4fa4-a97d-d965ccfc6d4b" outcome="Passed" testListId="8c84fa94-04c1-424b-9868-57a2d4851a1d" relativeResultsDirectory="13017b9c-a41e-4e69-8416-7c38f1506e99" />
  </Results>
  <TestDefinitions>
    <UnitTest name="SecureEnableTrueOnSettingsFileWWhenCertificateSet" storage="d:\actions-runner\_work\xpco\xpco\lpr\components\analytics\videoos.lpr.server.registrars.tests\bin\x64\debug\videoos.lpr.server.registrars.tests.dll" id="618a1171-d0fa-4365-2e91-c4c44b5cae73">
      <Execution id="df77391e-4cc4-43be-bea7-19c82dea80cc" />
      <TestMethod codeBase="D:\actions-runner\_work\XPCO\XPCO\LPR\Components\Analytics\VideoOS.LPR.Server.Registrars.Tests\bin\x64\Debug\VideoOS.LPR.Server.Registrars.Tests.dll" adapterTypeName="executor://mstestadapter/v1" className="VideoOS.LPR.Server.Registrars.Tests.LPRServerEndpointRegistrarTest" name="SecureEnableTrueOnSettingsFileWWhenCertificateSet" />
    </UnitTest>
    <UnitTest name="UpdateSettingsFieldsChecksAndCreatesFileWhenFileIsMissing" storage="d:\actions-runner\_work\xpco\xpco\lpr\components\analytics\videoos.lpr.server.registrars.tests\bin\x64\debug\videoos.lpr.server.registrars.tests.dll" id="ecf28b89-cc64-b19b-3a9b-217bccebb616">
      <Execution id="a9ea93d0-1465-4156-b3a2-16d1ce805db8" />
      <TestMethod codeBase="D:\actions-runner\_work\XPCO\XPCO\LPR\Components\Analytics\VideoOS.LPR.Server.Registrars.Tests\bin\x64\Debug\VideoOS.LPR.Server.Registrars.Tests.dll" adapterTypeName="executor://mstestadapter/v1" className="VideoOS.LPR.Server.Registrars.Tests.LPRServerEndpointRegistrarTest" name="UpdateSettingsFieldsChecksAndCreatesFileWhenFileIsMissing" />
    </UnitTest>
    <UnitTest name="SecureEnabledFalseOnSettingsFileWhenNoCertificateSet" storage="d:\actions-runner\_work\xpco\xpco\lpr\components\analytics\videoos.lpr.server.registrars.tests\bin\x64\debug\videoos.lpr.server.registrars.tests.dll" id="fb417d58-863d-6b5f-f1bb-cf395cfc09a3">
      <Execution id="13017b9c-a41e-4e69-8416-7c38f1506e99" />
      <TestMethod codeBase="D:\actions-runner\_work\XPCO\XPCO\LPR\Components\Analytics\VideoOS.LPR.Server.Registrars.Tests\bin\x64\Debug\VideoOS.LPR.Server.Registrars.Tests.dll" adapterTypeName="executor://mstestadapter/v1" className="VideoOS.LPR.Server.Registrars.Tests.LPRServerEndpointRegistrarTest" name="SecureEnabledFalseOnSettingsFileWhenNoCertificateSet" />
    </UnitTest>
  </TestDefinitions>
  <TestEntries>
    <TestEntry testId="ecf28b89-cc64-b19b-3a9b-217bccebb616" executionId="a9ea93d0-1465-4156-b3a2-16d1ce805db8" testListId="8c84fa94-04c1-424b-9868-57a2d4851a1d" />
    <TestEntry testId="618a1171-d0fa-4365-2e91-c4c44b5cae73" executionId="df77391e-4cc4-43be-bea7-19c82dea80cc" testListId="8c84fa94-04c1-424b-9868-57a2d4851a1d" />
    <TestEntry testId="fb417d58-863d-6b5f-f1bb-cf395cfc09a3" executionId="13017b9c-a41e-4e69-8416-7c38f1506e99" testListId="8c84fa94-04c1-424b-9868-57a2d4851a1d" />
  </TestEntries>
  <TestLists>
    <TestList name="Results Not in a List" id="8c84fa94-04c1-424b-9868-57a2d4851a1d" />
    <TestList name="All Loaded Results" id="19431567-8539-422a-85d7-44ee4e166bda" />
  </TestLists>
  <ResultSummary outcome="Completed">
    <Counters total="3" executed="3" passed="3" failed="0" error="0" timeout="0" aborted="0" inconclusive="0" passedButRunAborted="0" notRunnable="0" notExecuted="0" disconnected="0" warning="0" completed="0" inProgress="0" pending="0" />
  </ResultSummary>
</TestRun>