<?xml version="1.0" encoding="utf-8"?>
<TestRun id="39522241-d85b-4e3e-9625-0bea1540f47f" name="DKSR-EFI-06$@DKSR-EFI-06 2024-01-09 15:44:53" runUser="NT AUTHORITY\NETWORK SERVICE" xmlns="http://microsoft.com/schemas/VisualStudio/TeamTest/2010">
  <Times creation="2024-01-09T15:44:53.4356097+01:00" queuing="2024-01-09T15:44:53.4356097+01:00" start="2024-01-09T15:44:51.6699812+01:00" finish="2024-01-09T15:44:55.2481115+01:00" />
  <TestSettings name="default" id="aaa8cd33-ab64-41bf-b837-8d0063034bcb">
    <Deployment runDeploymentRoot="DKSR-EFI-06$_DKSR-EFI-06_2024-01-09_15_44_53" />
  </TestSettings>
  <Results>
    <UnitTestResult executionId="4f9e0d3d-90a7-4098-af73-691512cda836" testId="c4953b1a-ad6e-63ae-ded3-d69a037b146e" testName="Given_DataModelWithACertificateGroupAnAServerRegisteredToTheGroup_When_InstantiatingViewModel_Then_TheViewModelContainsACertificateGroup" computerName="DKSR-EFI-06" duration="00:00:00.0198873" startTime="2024-01-09T15:44:54.2637353+01:00" endTime="2024-01-09T15:44:54.2793600+01:00" testType="13cdc9d9-ddb5-4fa4-a97d-d965ccfc6d4b" outcome="Passed" testListId="8c84fa94-04c1-424b-9868-57a2d4851a1d" relativeResultsDirectory="4f9e0d3d-90a7-4098-af73-691512cda836" />
    <UnitTestResult executionId="95bced6d-422f-4f29-bf72-f6f71f606404" testId="5c011186-5871-7d32-073d-b8049d80e48b" testName="Given_ModelContainsACertificateGroupSpecifyingAPresenterThatCannotBeCreated_When_ModelIsUpdated_ThenAFakePresenterIsUsedToTranslate" computerName="DKSR-EFI-06" duration="00:00:00.0371179" startTime="2024-01-09T15:44:54.6231109+01:00" endTime="2024-01-09T15:44:54.6543608+01:00" testType="13cdc9d9-ddb5-4fa4-a97d-d965ccfc6d4b" outcome="Passed" testListId="8c84fa94-04c1-424b-9868-57a2d4851a1d" relativeResultsDirectory="95bced6d-422f-4f29-bf72-f6f71f606404" />
    <UnitTestResult executionId="44effc93-13e1-4cb3-ad78-23919ee3242e" testId="e4de43ce-3c56-6314-3ea6-619e72793ad2" testName="Given_DependentServerGroupIsUnencrypted_When_EnteringAnHttpsScheme_Then_ItIsAutomaticallyChangedToHttpScheme" computerName="DKSR-EFI-06" duration="00:00:00.0157035" startTime="2024-01-09T15:44:53.8106087+01:00" endTime="2024-01-09T15:44:53.8262337+01:00" testType="13cdc9d9-ddb5-4fa4-a97d-d965ccfc6d4b" outcome="Passed" testListId="8c84fa94-04c1-424b-9868-57a2d4851a1d" relativeResultsDirectory="44effc93-13e1-4cb3-ad78-23919ee3242e" />
    <UnitTestResult executionId="868a3e1b-0504-4a6d-8d9b-bc5adcad06cc" testId="f124baa4-dddc-ae04-9093-d7f8f3c498da" testName="Given_ViewModelInstantiatedWithOneCertificateGroupWithAValidCertificateApplyCommandIsExecuted_When_MessageBoxResponseIsOK_Then_ApplyActionIsExecutedAndModelIsSaved" computerName="DKSR-EFI-06" duration="00:00:00.0580445" startTime="2024-01-09T15:44:54.4825319+01:00" endTime="2024-01-09T15:44:54.5449854+01:00" testType="13cdc9d9-ddb5-4fa4-a97d-d965ccfc6d4b" outcome="Passed" testListId="8c84fa94-04c1-424b-9868-57a2d4851a1d" relativeResultsDirectory="868a3e1b-0504-4a6d-8d9b-bc5adcad06cc" />
    <UnitTestResult executionId="b55db96e-6647-4cdc-a79c-7455aac58839" testId="78b888da-80ef-b2d7-4417-e0adaa775413" testName="Given_EmptyDataModel_When_InstantiatingViewModel_Then_TheViewModelIsEmpty" computerName="DKSR-EFI-06" duration="00:00:00.1554907" startTime="2024-01-09T15:44:53.8418585+01:00" endTime="2024-01-09T15:44:53.9981145+01:00" testType="13cdc9d9-ddb5-4fa4-a97d-d965ccfc6d4b" outcome="Passed" testListId="8c84fa94-04c1-424b-9868-57a2d4851a1d" relativeResultsDirectory="b55db96e-6647-4cdc-a79c-7455aac58839" />
    <UnitTestResult executionId="f97daddc-af37-47a0-8aad-c2d0dc835dd0" testId="4ed3e2f2-4209-a567-2e02-cf56d314e637" testName="Given_daDK_svSE_deDESupported_When_GettingAvailableLanguages_DanskSvenskaDeutschIsReturned" computerName="DKSR-EFI-06" duration="00:00:00.4924180" startTime="2024-01-09T15:44:54.6543608+01:00" endTime="2024-01-09T15:44:55.1543626+01:00" testType="13cdc9d9-ddb5-4fa4-a97d-d965ccfc6d4b" outcome="Passed" testListId="8c84fa94-04c1-424b-9868-57a2d4851a1d" relativeResultsDirectory="f97daddc-af37-47a0-8aad-c2d0dc835dd0" />
    <UnitTestResult executionId="16ad80df-274a-4ede-8765-20a91c6733d8" testId="a79a8e27-a829-5849-f605-34402b35faca" testName="Given_ViewModelInstantiatedWithOneCertificateGroupWithAnInvalidCertificate_When_ApplyCommandIsExecuted_Then_NothingHappens" computerName="DKSR-EFI-06" duration="00:00:00.0539945" startTime="2024-01-09T15:44:54.5449854+01:00" endTime="2024-01-09T15:44:54.6074868+01:00" testType="13cdc9d9-ddb5-4fa4-a97d-d965ccfc6d4b" outcome="Passed" testListId="8c84fa94-04c1-424b-9868-57a2d4851a1d" relativeResultsDirectory="16ad80df-274a-4ede-8765-20a91c6733d8" />
    <UnitTestResult executionId="b7c5dec0-163c-4dfa-bcce-f7ed5bf90ce3" testId="5aef8300-b96c-d5a5-4f76-c46ec973c7e2" testName="Given_EmptyDataModel_When_AddingJustACertificateGroup_Then_TheViewModelRemainsEmptyAndNoCollectionChangedEventsAreFired" computerName="DKSR-EFI-06" duration="00:00:00.0042633" startTime="2024-01-09T15:44:54.3106105+01:00" endTime="2024-01-09T15:44:54.3262363+01:00" testType="13cdc9d9-ddb5-4fa4-a97d-d965ccfc6d4b" outcome="Passed" testListId="8c84fa94-04c1-424b-9868-57a2d4851a1d" relativeResultsDirectory="b7c5dec0-163c-4dfa-bcce-f7ed5bf90ce3" />
    <UnitTestResult executionId="0c46fcc6-a5b5-4502-a030-668ed6d90633" testId="d8ad9de4-2491-4c7e-0584-70cda2e333f2" testName="Given_TestResultIsSuccess_when_GettingNumericResultAndCreatingNewResult_then_NumericResultIs0andResultsAreIdentical" computerName="DKSR-EFI-06" duration="00:00:00.0317721" startTime="2024-01-09T15:44:52.8418577+01:00" endTime="2024-01-09T15:44:52.8731082+01:00" testType="13cdc9d9-ddb5-4fa4-a97d-d965ccfc6d4b" outcome="Passed" testListId="8c84fa94-04c1-424b-9868-57a2d4851a1d" relativeResultsDirectory="0c46fcc6-a5b5-4502-a030-668ed6d90633" />
    <UnitTestResult executionId="4cf86b5c-060e-4969-9983-b50c1ab64529" testId="03c0eec5-40a7-6e7c-7873-0fe85ea32c6e" testName="Given_daDK_daGL_svAXSupported_When_GettingAvailableLanguages_DanskDanmarkDanskGrønlandSvenskaIsReturned" computerName="DKSR-EFI-06" duration="00:00:00.0026996" startTime="2024-01-09T15:44:55.1543626+01:00" endTime="2024-01-09T15:44:55.1543626+01:00" testType="13cdc9d9-ddb5-4fa4-a97d-d965ccfc6d4b" outcome="Passed" testListId="8c84fa94-04c1-424b-9868-57a2d4851a1d" relativeResultsDirectory="4cf86b5c-060e-4969-9983-b50c1ab64529" />
    <UnitTestResult executionId="4768335f-081e-4906-94be-a21a76b95af0" testId="bb04daf8-fe3f-6c1e-75bb-ec93cfc91620" testName="Given_ViewModelInstantiatedWithOneCertificateGroup_When_ChangingUseEncryption_Then_TheSetEncryptionIsCalledOnCommandModel" computerName="DKSR-EFI-06" duration="00:00:00.0073686" startTime="2024-01-09T15:44:54.3262363+01:00" endTime="2024-01-09T15:44:54.3262363+01:00" testType="13cdc9d9-ddb5-4fa4-a97d-d965ccfc6d4b" outcome="Passed" testListId="8c84fa94-04c1-424b-9868-57a2d4851a1d" relativeResultsDirectory="4768335f-081e-4906-94be-a21a76b95af0" />
    <UnitTestResult executionId="a5ee83e2-2c86-4081-bbb5-d7ba336aa555" testId="1df8ea6e-f6c2-cbd2-fed7-07bb36aa5e94" testName="UpdateKeyedItems_ShouldMakeObservableCollectionResembleInputCollection_AndUpdateItemsPresentInBoth" computerName="DKSR-EFI-06" duration="00:00:00.0081280" startTime="2024-01-09T15:44:52.8262326+01:00" endTime="2024-01-09T15:44:52.8418577+01:00" testType="13cdc9d9-ddb5-4fa4-a97d-d965ccfc6d4b" outcome="Passed" testListId="8c84fa94-04c1-424b-9868-57a2d4851a1d" relativeResultsDirectory="a5ee83e2-2c86-4081-bbb5-d7ba336aa555" />
    <UnitTestResult executionId="f3d5859b-c7f6-4a4d-a328-596e5b9e593a" testId="e1564ccb-c450-b77a-edf0-d3f4be95cc82" testName="When_OriginalContains_AB_AndAdditionalContains_AC_When_ConcatDistinct_ThenResultIsOriginal_A_Original_B_andAdditional_C" computerName="DKSR-EFI-06" duration="00:00:00.1497705" startTime="2024-01-09T15:44:52.5449802+01:00" endTime="2024-01-09T15:44:52.8106098+01:00" testType="13cdc9d9-ddb5-4fa4-a97d-d965ccfc6d4b" outcome="Passed" testListId="8c84fa94-04c1-424b-9868-57a2d4851a1d" relativeResultsDirectory="f3d5859b-c7f6-4a4d-a328-596e5b9e593a" />
    <UnitTestResult executionId="3e8b5d88-307b-4bf2-8561-237e8960a7d9" testId="0c6a3b47-bb97-61a0-6f59-3b6dae5052c4" testName="Given_ViewModelInstantiatedWithOneCertificateGroupWithAValidCertificate_When_Nothing_Then_CanApplyIsTrue" computerName="DKSR-EFI-06" duration="00:00:00.0040400" startTime="2024-01-09T15:44:54.4043599+01:00" endTime="2024-01-09T15:44:54.4199845+01:00" testType="13cdc9d9-ddb5-4fa4-a97d-d965ccfc6d4b" outcome="Passed" testListId="8c84fa94-04c1-424b-9868-57a2d4851a1d" relativeResultsDirectory="3e8b5d88-307b-4bf2-8561-237e8960a7d9" />
    <UnitTestResult executionId="e411929d-29e5-44e7-94fb-f441d9e23917" testId="4ea5d19f-a1e4-c681-6018-78790c58ee7c" testName="Given_ModelContainsACertificateGroup_When_ModelIsUpdated_ThenAPresenterIsUsedTotranslate" computerName="DKSR-EFI-06" duration="00:00:00.0026940" startTime="2024-01-09T15:44:54.6231109+01:00" endTime="2024-01-09T15:44:54.6231109+01:00" testType="13cdc9d9-ddb5-4fa4-a97d-d965ccfc6d4b" outcome="Passed" testListId="8c84fa94-04c1-424b-9868-57a2d4851a1d" relativeResultsDirectory="e411929d-29e5-44e7-94fb-f441d9e23917" />
    <UnitTestResult executionId="f7d2675d-e6a6-4aef-a4ac-3ad242de579d" testId="22739165-14e9-5877-cf73-1fc1dead22da" testName="Given_DependentServerGroupIsUnencrypted_When_EnteringAnHttpsAddressWithExplicitPortNo_Then_TheSchemeIsAutomaticallyChangedToHttpAndThePortNoRemainsUnchanged" computerName="DKSR-EFI-06" duration="00:00:00.0033330" startTime="2024-01-09T15:44:53.8106087+01:00" endTime="2024-01-09T15:44:53.8106087+01:00" testType="13cdc9d9-ddb5-4fa4-a97d-d965ccfc6d4b" outcome="Passed" testListId="8c84fa94-04c1-424b-9868-57a2d4851a1d" relativeResultsDirectory="f7d2675d-e6a6-4aef-a4ac-3ad242de579d" />
    <UnitTestResult executionId="39e8b86e-3347-44db-8f59-46e2cead21ce" testId="d31c338a-375f-1dcd-4e4c-14bc0bf00443" testName="Given_DataModelWithACertificateGroupButNoServers_When_InstantiatingViewModel_Then_TheViewModelIsEmpty" computerName="DKSR-EFI-06" duration="00:00:00.2609623" startTime="2024-01-09T15:44:53.9981145+01:00" endTime="2024-01-09T15:44:54.2637353+01:00" testType="13cdc9d9-ddb5-4fa4-a97d-d965ccfc6d4b" outcome="Passed" testListId="8c84fa94-04c1-424b-9868-57a2d4851a1d" relativeResultsDirectory="39e8b86e-3347-44db-8f59-46e2cead21ce" />
    <UnitTestResult executionId="9b51452a-8083-488c-9063-9210995619f3" testId="1e20ef67-a282-7162-815f-b64ea02a82cc" testName="Given_ViewModelInstantiatedWithOneCertificateGroupWithAnInvalidCertificate_When_Nothing_Then_CanApplyIsFalse" computerName="DKSR-EFI-06" duration="00:00:00.0235151" startTime="2024-01-09T15:44:54.4199845+01:00" endTime="2024-01-09T15:44:54.4356081+01:00" testType="13cdc9d9-ddb5-4fa4-a97d-d965ccfc6d4b" outcome="Passed" testListId="8c84fa94-04c1-424b-9868-57a2d4851a1d" relativeResultsDirectory="9b51452a-8083-488c-9063-9210995619f3" />
    <UnitTestResult executionId="a41d0a84-a9e6-4be4-8e78-30ac8310206d" testId="6b237297-1d1f-285f-fcf1-74e55612c34b" testName="Given_DependentServerGroupDoesNotHaveAnyServers_When_EnteringAnHttpsScheme_Then_TheSchemeIsNotAltered" computerName="DKSR-EFI-06" duration="00:00:00.0042868" startTime="2024-01-09T15:44:53.8262337+01:00" endTime="2024-01-09T15:44:53.8262337+01:00" testType="13cdc9d9-ddb5-4fa4-a97d-d965ccfc6d4b" outcome="Passed" testListId="8c84fa94-04c1-424b-9868-57a2d4851a1d" relativeResultsDirectory="a41d0a84-a9e6-4be4-8e78-30ac8310206d" />
    <UnitTestResult executionId="f14e668b-222c-490d-b9e7-1c242124f0f7" testId="e97399d4-8c00-cec5-dcdd-a04a68385323" testName="Given_DependentServerGroupIsUnencrypted_When_EnteringAnHttpsAddressWithImplicitPortNo_Then_TheSchemeIsAutomaticallyChangedToHttpAndThePortNoIsChangeToTheDefaultHttpPort" computerName="DKSR-EFI-06" duration="00:00:00.0340452" startTime="2024-01-09T15:44:53.7637341+01:00" endTime="2024-01-09T15:44:53.8106087+01:00" testType="13cdc9d9-ddb5-4fa4-a97d-d965ccfc6d4b" outcome="Passed" testListId="8c84fa94-04c1-424b-9868-57a2d4851a1d" relativeResultsDirectory="f14e668b-222c-490d-b9e7-1c242124f0f7" />
    <UnitTestResult executionId="0b5ff343-faa0-43bb-98db-8aabd0e47029" testId="76364163-6028-be37-9e14-7a6318b2cf08" testName="Given_TestResultWithWarning_when_GettingWarning_then_ResultTypeIsWarning" computerName="DKSR-EFI-06" duration="00:00:00.0002893" startTime="2024-01-09T15:44:52.8731082+01:00" endTime="2024-01-09T15:44:52.8731082+01:00" testType="13cdc9d9-ddb5-4fa4-a97d-d965ccfc6d4b" outcome="Passed" testListId="8c84fa94-04c1-424b-9868-57a2d4851a1d" relativeResultsDirectory="0b5ff343-faa0-43bb-98db-8aabd0e47029" />
    <UnitTestResult executionId="771030a7-e4e5-4c51-8953-3f92111464c0" testId="d3d43c19-b1c6-f168-4695-3b225221f757" testName="Given_ViewModelInstantiatedWithOneCertificateGroupWithAValidCertificate_When_ApplyCommandIsExecuted_Then_MessageBoxViewModelIsSet" computerName="DKSR-EFI-06" duration="00:00:00.0055648" startTime="2024-01-09T15:44:54.4356081+01:00" endTime="2024-01-09T15:44:54.4512375+01:00" testType="13cdc9d9-ddb5-4fa4-a97d-d965ccfc6d4b" outcome="Passed" testListId="8c84fa94-04c1-424b-9868-57a2d4851a1d" relativeResultsDirectory="771030a7-e4e5-4c51-8953-3f92111464c0" />
    <UnitTestResult executionId="be3aae0c-3b03-49df-abff-f20423499425" testId="bcae9553-36b8-f2d0-82ce-bac3c720f8ad" testName="Given_ViewModelInstantiatedWithOneCertificateGroupWithAValidCertificate_When_ApplyCommandWithFailureIsExecuted_Then_ErrorMessageIsSet" computerName="DKSR-EFI-06" duration="00:00:00.0370478" startTime="2024-01-09T15:44:54.4512375+01:00" endTime="2024-01-09T15:44:54.4825319+01:00" testType="13cdc9d9-ddb5-4fa4-a97d-d965ccfc6d4b" outcome="Passed" testListId="8c84fa94-04c1-424b-9868-57a2d4851a1d" relativeResultsDirectory="be3aae0c-3b03-49df-abff-f20423499425" />
    <UnitTestResult executionId="a23a6440-4795-4d3a-9ff5-dea78e10bb98" testId="09c037f0-d693-d8b7-58fb-c13e67ed558f" testName="Given_AuthorizationServerNotFound_When_RegisterIsExecuted_Then_UserIsNotPromptedForCredentialsAndRegistrationFails" computerName="DKSR-EFI-06" duration="00:00:00.7833466" startTime="2024-01-09T15:44:52.8731082+01:00" endTime="2024-01-09T15:44:53.6543573+01:00" testType="13cdc9d9-ddb5-4fa4-a97d-d965ccfc6d4b" outcome="Passed" testListId="8c84fa94-04c1-424b-9868-57a2d4851a1d" relativeResultsDirectory="a23a6440-4795-4d3a-9ff5-dea78e10bb98" />
    <UnitTestResult executionId="5117fd38-c00f-4112-952f-f858e65b0f0e" testId="775a59ac-924e-e6e8-fb1c-4cc97dca1855" testName="Given_StoredInsufficientCredentials_When_RegisterIsExecuted_Then_UserIsPromptedForCredentialsAndRegistrationSucceeds" computerName="DKSR-EFI-06" duration="00:00:00.1146461" startTime="2024-01-09T15:44:53.6543573+01:00" endTime="2024-01-09T15:44:53.7637341+01:00" testType="13cdc9d9-ddb5-4fa4-a97d-d965ccfc6d4b" outcome="Passed" testListId="8c84fa94-04c1-424b-9868-57a2d4851a1d" relativeResultsDirectory="5117fd38-c00f-4112-952f-f858e65b0f0e" />
    <UnitTestResult executionId="ce64a46c-55e0-4fba-adcf-dfa4700c5c77" testId="6e8dd491-4569-811e-8fc2-f4619544ad83" testName="Given_LocalManagementServer_When_EditManagementServerAddressWarningMessageBoxConfirmed_Then_LocalManagementServerOverridden" computerName="DKSR-EFI-06" duration="00:00:00.0135283" startTime="2024-01-09T15:44:53.8262337+01:00" endTime="2024-01-09T15:44:53.8418585+01:00" testType="13cdc9d9-ddb5-4fa4-a97d-d965ccfc6d4b" outcome="Passed" testListId="8c84fa94-04c1-424b-9868-57a2d4851a1d" relativeResultsDirectory="ce64a46c-55e0-4fba-adcf-dfa4700c5c77" />
    <UnitTestResult executionId="a68fe346-6b56-4059-b5e9-b97386003c19" testId="0f8172f8-d727-388e-a3c2-8c538e8a0c27" testName="Given_ViewModelInstantiatedWithOneCertificateGroup_When_AddingAServerRegisteredToTheGroup_Then_TheViewModelIsUpdatedAndCollectionChangedEventsIsFiredOnce" computerName="DKSR-EFI-06" duration="00:00:00.0351691" startTime="2024-01-09T15:44:54.2793600+01:00" endTime="2024-01-09T15:44:54.3106105+01:00" testType="13cdc9d9-ddb5-4fa4-a97d-d965ccfc6d4b" outcome="Passed" testListId="8c84fa94-04c1-424b-9868-57a2d4851a1d" relativeResultsDirectory="a68fe346-6b56-4059-b5e9-b97386003c19" />
    <UnitTestResult executionId="64625318-346b-498f-9b6a-8708fb5af6d7" testId="0d152648-8b6e-8463-b1f0-51d6066d2ecf" testName="Given_ViewModelInstantiated_When_DataModelChangesOnAWorkerTHread_Then_TheCallIsSynchronizedToMainThread" computerName="DKSR-EFI-06" duration="00:00:00.0164951" startTime="2024-01-09T15:44:54.6074868+01:00" endTime="2024-01-09T15:44:54.6231109+01:00" testType="13cdc9d9-ddb5-4fa4-a97d-d965ccfc6d4b" outcome="Passed" testListId="8c84fa94-04c1-424b-9868-57a2d4851a1d" relativeResultsDirectory="64625318-346b-498f-9b6a-8708fb5af6d7" />
    <UnitTestResult executionId="e580e17c-72a0-414d-8bca-ecc09b93d213" testId="832b5475-3a21-25de-7fce-80d3a555f2b3" testName="Given_TestResult_when_GettingNumericResultAndCreatingNewResult_then_ResultsAreIdentical" computerName="DKSR-EFI-06" duration="00:00:00.0006266" startTime="2024-01-09T15:44:52.8731082+01:00" endTime="2024-01-09T15:44:52.8731082+01:00" testType="13cdc9d9-ddb5-4fa4-a97d-d965ccfc6d4b" outcome="Passed" testListId="8c84fa94-04c1-424b-9868-57a2d4851a1d" relativeResultsDirectory="e580e17c-72a0-414d-8bca-ecc09b93d213" />
    <UnitTestResult executionId="0171c624-8eaf-4bb6-a89c-97c36bb0ad02" testId="fe058f95-1942-225a-172b-bc40b2703913" testName="Given_ViewModelInstantiatedWithOneCertificateGroupWithAValidCertificate_When_Nothing_Then_TheViewModelContaintsACertificateWithACorrectDisplayInfo" computerName="DKSR-EFI-06" duration="00:00:00.0033614" startTime="2024-01-09T15:44:54.4199845+01:00" endTime="2024-01-09T15:44:54.4199845+01:00" testType="13cdc9d9-ddb5-4fa4-a97d-d965ccfc6d4b" outcome="Passed" testListId="8c84fa94-04c1-424b-9868-57a2d4851a1d" relativeResultsDirectory="0171c624-8eaf-4bb6-a89c-97c36bb0ad02" />
    <UnitTestResult executionId="8d058f60-d732-4484-b846-8d2c84fb1ce0" testId="f3b4d837-bb65-212f-61fa-e8d212ee1481" testName="Given_ViewModelInstantiatedWithOneCertificateGroup_When_ChangingCertificateSelection_Then_TheSetCertificateIsCalledOnCommandModel" computerName="DKSR-EFI-06" duration="00:00:00.0819632" startTime="2024-01-09T15:44:54.3262363+01:00" endTime="2024-01-09T15:44:54.4043599+01:00" testType="13cdc9d9-ddb5-4fa4-a97d-d965ccfc6d4b" outcome="Passed" testListId="8c84fa94-04c1-424b-9868-57a2d4851a1d" relativeResultsDirectory="8d058f60-d732-4484-b846-8d2c84fb1ce0" />
    <UnitTestResult executionId="bd29900b-8373-4e58-a263-2af9f8ade404" testId="31c984d5-5e6c-13e3-6116-25957e7fb633" testName="Given_ViewModelInstantiatedWithOneCertificateGroupWithAValidCertificateApplyCommandIsExecuted_When_MessageBoxResponseIsCancel_Then_ApplyActionIsNotExecuted" computerName="DKSR-EFI-06" duration="00:00:00.0034966" startTime="2024-01-09T15:44:54.5449854+01:00" endTime="2024-01-09T15:44:54.5449854+01:00" testType="13cdc9d9-ddb5-4fa4-a97d-d965ccfc6d4b" outcome="Passed" testListId="8c84fa94-04c1-424b-9868-57a2d4851a1d" relativeResultsDirectory="bd29900b-8373-4e58-a263-2af9f8ade404" />
    <UnitTestResult executionId="948bf65a-73ed-49a0-8428-96263d33a8ec" testId="715f5696-0418-8d2f-7f75-19f814df6b3d" testName="Given_TestResultWithConsistencyError_when_GettingNumericResultAndCreatingNewResult_then_ResultsAreIdentical" computerName="DKSR-EFI-06" duration="00:00:00.0004084" startTime="2024-01-09T15:44:52.8731082+01:00" endTime="2024-01-09T15:44:52.8731082+01:00" testType="13cdc9d9-ddb5-4fa4-a97d-d965ccfc6d4b" outcome="Passed" testListId="8c84fa94-04c1-424b-9868-57a2d4851a1d" relativeResultsDirectory="948bf65a-73ed-49a0-8428-96263d33a8ec" />
  </Results>
  <TestDefinitions>
    <UnitTest name="Given_EmptyDataModel_When_InstantiatingViewModel_Then_TheViewModelIsEmpty" storage="d:\actions-runner\_work\xpco\xpco\serverconfigurator\binaries\videoos.serverconfigurator.certificateconfigurator.ui.unittest\bin\debug\videoos.serverconfigurator.certificateconfigurator.ui.unittest.dll" id="78b888da-80ef-b2d7-4417-e0adaa775413">
      <Execution id="b55db96e-6647-4cdc-a79c-7455aac58839" />
      <TestMethod codeBase="D:\actions-runner\_work\XPCO\XPCO\ServerConfigurator\Binaries\VideoOS.ServerConfigurator.CertificateConfigurator.UI.UnitTest\bin\Debug\VideoOS.ServerConfigurator.CertificateConfigurator.UI.UnitTest.dll" adapterTypeName="executor://mstestadapter/v1" className="VideoOS.ServerConfigurator.CertificateConfigurator.UI.UnitTest.ServerEncryptionViewModelTest" name="Given_EmptyDataModel_When_InstantiatingViewModel_Then_TheViewModelIsEmpty" />
    </UnitTest>
    <UnitTest name="Given_ViewModelInstantiatedWithOneCertificateGroupWithAValidCertificateApplyCommandIsExecuted_When_MessageBoxResponseIsCancel_Then_ApplyActionIsNotExecuted" storage="d:\actions-runner\_work\xpco\xpco\serverconfigurator\binaries\videoos.serverconfigurator.certificateconfigurator.ui.unittest\bin\debug\videoos.serverconfigurator.certificateconfigurator.ui.unittest.dll" id="31c984d5-5e6c-13e3-6116-25957e7fb633">
      <Execution id="bd29900b-8373-4e58-a263-2af9f8ade404" />
      <TestMethod codeBase="D:\actions-runner\_work\XPCO\XPCO\ServerConfigurator\Binaries\VideoOS.ServerConfigurator.CertificateConfigurator.UI.UnitTest\bin\Debug\VideoOS.ServerConfigurator.CertificateConfigurator.UI.UnitTest.dll" adapterTypeName="executor://mstestadapter/v1" className="VideoOS.ServerConfigurator.CertificateConfigurator.UI.UnitTest.ServerEncryptionViewModelTest" name="Given_ViewModelInstantiatedWithOneCertificateGroupWithAValidCertificateApplyCommandIsExecuted_When_MessageBoxResponseIsCancel_Then_ApplyActionIsNotExecuted" />
    </UnitTest>
    <UnitTest name="Given_DataModelWithACertificateGroupAnAServerRegisteredToTheGroup_When_InstantiatingViewModel_Then_TheViewModelContainsACertificateGroup" storage="d:\actions-runner\_work\xpco\xpco\serverconfigurator\binaries\videoos.serverconfigurator.certificateconfigurator.ui.unittest\bin\debug\videoos.serverconfigurator.certificateconfigurator.ui.unittest.dll" id="c4953b1a-ad6e-63ae-ded3-d69a037b146e">
      <Execution id="4f9e0d3d-90a7-4098-af73-691512cda836" />
      <TestMethod codeBase="D:\actions-runner\_work\XPCO\XPCO\ServerConfigurator\Binaries\VideoOS.ServerConfigurator.CertificateConfigurator.UI.UnitTest\bin\Debug\VideoOS.ServerConfigurator.CertificateConfigurator.UI.UnitTest.dll" adapterTypeName="executor://mstestadapter/v1" className="VideoOS.ServerConfigurator.CertificateConfigurator.UI.UnitTest.ServerEncryptionViewModelTest" name="Given_DataModelWithACertificateGroupAnAServerRegisteredToTheGroup_When_InstantiatingViewModel_Then_TheViewModelContainsACertificateGroup" />
    </UnitTest>
    <UnitTest name="Given_ViewModelInstantiatedWithOneCertificateGroupWithAValidCertificate_When_ApplyCommandIsExecuted_Then_MessageBoxViewModelIsSet" storage="d:\actions-runner\_work\xpco\xpco\serverconfigurator\binaries\videoos.serverconfigurator.certificateconfigurator.ui.unittest\bin\debug\videoos.serverconfigurator.certificateconfigurator.ui.unittest.dll" id="d3d43c19-b1c6-f168-4695-3b225221f757">
      <Execution id="771030a7-e4e5-4c51-8953-3f92111464c0" />
      <TestMethod codeBase="D:\actions-runner\_work\XPCO\XPCO\ServerConfigurator\Binaries\VideoOS.ServerConfigurator.CertificateConfigurator.UI.UnitTest\bin\Debug\VideoOS.ServerConfigurator.CertificateConfigurator.UI.UnitTest.dll" adapterTypeName="executor://mstestadapter/v1" className="VideoOS.ServerConfigurator.CertificateConfigurator.UI.UnitTest.ServerEncryptionViewModelTest" name="Given_ViewModelInstantiatedWithOneCertificateGroupWithAValidCertificate_When_ApplyCommandIsExecuted_Then_MessageBoxViewModelIsSet" />
    </UnitTest>
    <UnitTest name="Given_ViewModelInstantiatedWithOneCertificateGroupWithAnInvalidCertificate_When_ApplyCommandIsExecuted_Then_NothingHappens" storage="d:\actions-runner\_work\xpco\xpco\serverconfigurator\binaries\videoos.serverconfigurator.certificateconfigurator.ui.unittest\bin\debug\videoos.serverconfigurator.certificateconfigurator.ui.unittest.dll" id="a79a8e27-a829-5849-f605-34402b35faca">
      <Execution id="16ad80df-274a-4ede-8765-20a91c6733d8" />
      <TestMethod codeBase="D:\actions-runner\_work\XPCO\XPCO\ServerConfigurator\Binaries\VideoOS.ServerConfigurator.CertificateConfigurator.UI.UnitTest\bin\Debug\VideoOS.ServerConfigurator.CertificateConfigurator.UI.UnitTest.dll" adapterTypeName="executor://mstestadapter/v1" className="VideoOS.ServerConfigurator.CertificateConfigurator.UI.UnitTest.ServerEncryptionViewModelTest" name="Given_ViewModelInstantiatedWithOneCertificateGroupWithAnInvalidCertificate_When_ApplyCommandIsExecuted_Then_NothingHappens" />
    </UnitTest>
    <UnitTest name="Given_DependentServerGroupDoesNotHaveAnyServers_When_EnteringAnHttpsScheme_Then_TheSchemeIsNotAltered" storage="d:\actions-runner\_work\xpco\xpco\serverconfigurator\binaries\videoos.serverconfigurator.certificateconfigurator.ui.unittest\bin\debug\videoos.serverconfigurator.certificateconfigurator.ui.unittest.dll" id="6b237297-1d1f-285f-fcf1-74e55612c34b">
      <Execution id="a41d0a84-a9e6-4be4-8e78-30ac8310206d" />
      <TestMethod codeBase="D:\actions-runner\_work\XPCO\XPCO\ServerConfigurator\Binaries\VideoOS.ServerConfigurator.CertificateConfigurator.UI.UnitTest\bin\Debug\VideoOS.ServerConfigurator.CertificateConfigurator.UI.UnitTest.dll" adapterTypeName="executor://mstestadapter/v1" className="VideoOS.ServerConfigurator.CertificateConfigurator.UI.UnitTest.ServerRegistrationViewModelTest" name="Given_DependentServerGroupDoesNotHaveAnyServers_When_EnteringAnHttpsScheme_Then_TheSchemeIsNotAltered" />
    </UnitTest>
    <UnitTest name="Given_DataModelWithACertificateGroupButNoServers_When_InstantiatingViewModel_Then_TheViewModelIsEmpty" storage="d:\actions-runner\_work\xpco\xpco\serverconfigurator\binaries\videoos.serverconfigurator.certificateconfigurator.ui.unittest\bin\debug\videoos.serverconfigurator.certificateconfigurator.ui.unittest.dll" id="d31c338a-375f-1dcd-4e4c-14bc0bf00443">
      <Execution id="39e8b86e-3347-44db-8f59-46e2cead21ce" />
      <TestMethod codeBase="D:\actions-runner\_work\XPCO\XPCO\ServerConfigurator\Binaries\VideoOS.ServerConfigurator.CertificateConfigurator.UI.UnitTest\bin\Debug\VideoOS.ServerConfigurator.CertificateConfigurator.UI.UnitTest.dll" adapterTypeName="executor://mstestadapter/v1" className="VideoOS.ServerConfigurator.CertificateConfigurator.UI.UnitTest.ServerEncryptionViewModelTest" name="Given_DataModelWithACertificateGroupButNoServers_When_InstantiatingViewModel_Then_TheViewModelIsEmpty" />
    </UnitTest>
    <UnitTest name="Given_daDK_svSE_deDESupported_When_GettingAvailableLanguages_DanskSvenskaDeutschIsReturned" storage="d:\actions-runner\_work\xpco\xpco\serverconfigurator\binaries\videoos.serverconfigurator.certificateconfigurator.ui.unittest\bin\debug\videoos.serverconfigurator.certificateconfigurator.ui.unittest.dll" id="4ed3e2f2-4209-a567-2e02-cf56d314e637">
      <Execution id="f97daddc-af37-47a0-8aad-c2d0dc835dd0" />
      <TestMethod codeBase="D:\actions-runner\_work\XPCO\XPCO\ServerConfigurator\Binaries\VideoOS.ServerConfigurator.CertificateConfigurator.UI.UnitTest\bin\Debug\VideoOS.ServerConfigurator.CertificateConfigurator.UI.UnitTest.dll" adapterTypeName="executor://mstestadapter/v1" className="VideoOS.ServerConfigurator.CertificateConfigurator.UI.UnitTest.SettingsViewModelTest" name="Given_daDK_svSE_deDESupported_When_GettingAvailableLanguages_DanskSvenskaDeutschIsReturned" />
    </UnitTest>
    <UnitTest name="Given_ViewModelInstantiatedWithOneCertificateGroup_When_AddingAServerRegisteredToTheGroup_Then_TheViewModelIsUpdatedAndCollectionChangedEventsIsFiredOnce" storage="d:\actions-runner\_work\xpco\xpco\serverconfigurator\binaries\videoos.serverconfigurator.certificateconfigurator.ui.unittest\bin\debug\videoos.serverconfigurator.certificateconfigurator.ui.unittest.dll" id="0f8172f8-d727-388e-a3c2-8c538e8a0c27">
      <Execution id="a68fe346-6b56-4059-b5e9-b97386003c19" />
      <TestMethod codeBase="D:\actions-runner\_work\XPCO\XPCO\ServerConfigurator\Binaries\VideoOS.ServerConfigurator.CertificateConfigurator.UI.UnitTest\bin\Debug\VideoOS.ServerConfigurator.CertificateConfigurator.UI.UnitTest.dll" adapterTypeName="executor://mstestadapter/v1" className="VideoOS.ServerConfigurator.CertificateConfigurator.UI.UnitTest.ServerEncryptionViewModelTest" name="Given_ViewModelInstantiatedWithOneCertificateGroup_When_AddingAServerRegisteredToTheGroup_Then_TheViewModelIsUpdatedAndCollectionChangedEventsIsFiredOnce" />
    </UnitTest>
    <UnitTest name="Given_EmptyDataModel_When_AddingJustACertificateGroup_Then_TheViewModelRemainsEmptyAndNoCollectionChangedEventsAreFired" storage="d:\actions-runner\_work\xpco\xpco\serverconfigurator\binaries\videoos.serverconfigurator.certificateconfigurator.ui.unittest\bin\debug\videoos.serverconfigurator.certificateconfigurator.ui.unittest.dll" id="5aef8300-b96c-d5a5-4f76-c46ec973c7e2">
      <Execution id="b7c5dec0-163c-4dfa-bcce-f7ed5bf90ce3" />
      <TestMethod codeBase="D:\actions-runner\_work\XPCO\XPCO\ServerConfigurator\Binaries\VideoOS.ServerConfigurator.CertificateConfigurator.UI.UnitTest\bin\Debug\VideoOS.ServerConfigurator.CertificateConfigurator.UI.UnitTest.dll" adapterTypeName="executor://mstestadapter/v1" className="VideoOS.ServerConfigurator.CertificateConfigurator.UI.UnitTest.ServerEncryptionViewModelTest" name="Given_EmptyDataModel_When_AddingJustACertificateGroup_Then_TheViewModelRemainsEmptyAndNoCollectionChangedEventsAreFired" />
    </UnitTest>
    <UnitTest name="When_OriginalContains_AB_AndAdditionalContains_AC_When_ConcatDistinct_ThenResultIsOriginal_A_Original_B_andAdditional_C" storage="d:\actions-runner\_work\xpco\xpco\serverconfigurator\binaries\videoos.serverconfigurator.certificateconfigurator.ui.unittest\bin\debug\videoos.serverconfigurator.certificateconfigurator.ui.unittest.dll" id="e1564ccb-c450-b77a-edf0-d3f4be95cc82">
      <Execution id="f3d5859b-c7f6-4a4d-a328-596e5b9e593a" />
      <TestMethod codeBase="D:\actions-runner\_work\XPCO\XPCO\ServerConfigurator\Binaries\VideoOS.ServerConfigurator.CertificateConfigurator.UI.UnitTest\bin\Debug\VideoOS.ServerConfigurator.CertificateConfigurator.UI.UnitTest.dll" adapterTypeName="executor://mstestadapter/v1" className="VideoOS.ServerConfigurator.CertificateConfigurator.UI.UnitTest.EnumerableExtensionTest" name="When_OriginalContains_AB_AndAdditionalContains_AC_When_ConcatDistinct_ThenResultIsOriginal_A_Original_B_andAdditional_C" />
    </UnitTest>
    <UnitTest name="Given_TestResult_when_GettingNumericResultAndCreatingNewResult_then_ResultsAreIdentical" storage="d:\actions-runner\_work\xpco\xpco\serverconfigurator\binaries\videoos.serverconfigurator.certificateconfigurator.ui.unittest\bin\debug\videoos.serverconfigurator.certificateconfigurator.ui.unittest.dll" id="832b5475-3a21-25de-7fce-80d3a555f2b3">
      <Execution id="e580e17c-72a0-414d-8bca-ecc09b93d213" />
      <TestMethod codeBase="D:\actions-runner\_work\XPCO\XPCO\ServerConfigurator\Binaries\VideoOS.ServerConfigurator.CertificateConfigurator.UI.UnitTest\bin\Debug\VideoOS.ServerConfigurator.CertificateConfigurator.UI.UnitTest.dll" adapterTypeName="executor://mstestadapter/v1" className="VideoOS.ServerConfigurator.CertificateConfigurator.UI.UnitTest.RegistrationResultTest" name="Given_TestResult_when_GettingNumericResultAndCreatingNewResult_then_ResultsAreIdentical" />
    </UnitTest>
    <UnitTest name="Given_daDK_daGL_svAXSupported_When_GettingAvailableLanguages_DanskDanmarkDanskGrønlandSvenskaIsReturned" storage="d:\actions-runner\_work\xpco\xpco\serverconfigurator\binaries\videoos.serverconfigurator.certificateconfigurator.ui.unittest\bin\debug\videoos.serverconfigurator.certificateconfigurator.ui.unittest.dll" id="03c0eec5-40a7-6e7c-7873-0fe85ea32c6e">
      <Execution id="4cf86b5c-060e-4969-9983-b50c1ab64529" />
      <TestMethod codeBase="D:\actions-runner\_work\XPCO\XPCO\ServerConfigurator\Binaries\VideoOS.ServerConfigurator.CertificateConfigurator.UI.UnitTest\bin\Debug\VideoOS.ServerConfigurator.CertificateConfigurator.UI.UnitTest.dll" adapterTypeName="executor://mstestadapter/v1" className="VideoOS.ServerConfigurator.CertificateConfigurator.UI.UnitTest.SettingsViewModelTest" name="Given_daDK_daGL_svAXSupported_When_GettingAvailableLanguages_DanskDanmarkDanskGrønlandSvenskaIsReturned" />
    </UnitTest>
    <UnitTest name="Given_DependentServerGroupIsUnencrypted_When_EnteringAnHttpsAddressWithExplicitPortNo_Then_TheSchemeIsAutomaticallyChangedToHttpAndThePortNoRemainsUnchanged" storage="d:\actions-runner\_work\xpco\xpco\serverconfigurator\binaries\videoos.serverconfigurator.certificateconfigurator.ui.unittest\bin\debug\videoos.serverconfigurator.certificateconfigurator.ui.unittest.dll" id="22739165-14e9-5877-cf73-1fc1dead22da">
      <Execution id="f7d2675d-e6a6-4aef-a4ac-3ad242de579d" />
      <TestMethod codeBase="D:\actions-runner\_work\XPCO\XPCO\ServerConfigurator\Binaries\VideoOS.ServerConfigurator.CertificateConfigurator.UI.UnitTest\bin\Debug\VideoOS.ServerConfigurator.CertificateConfigurator.UI.UnitTest.dll" adapterTypeName="executor://mstestadapter/v1" className="VideoOS.ServerConfigurator.CertificateConfigurator.UI.UnitTest.ServerRegistrationViewModelTest" name="Given_DependentServerGroupIsUnencrypted_When_EnteringAnHttpsAddressWithExplicitPortNo_Then_TheSchemeIsAutomaticallyChangedToHttpAndThePortNoRemainsUnchanged" />
    </UnitTest>
    <UnitTest name="Given_ViewModelInstantiatedWithOneCertificateGroupWithAValidCertificate_When_ApplyCommandWithFailureIsExecuted_Then_ErrorMessageIsSet" storage="d:\actions-runner\_work\xpco\xpco\serverconfigurator\binaries\videoos.serverconfigurator.certificateconfigurator.ui.unittest\bin\debug\videoos.serverconfigurator.certificateconfigurator.ui.unittest.dll" id="bcae9553-36b8-f2d0-82ce-bac3c720f8ad">
      <Execution id="be3aae0c-3b03-49df-abff-f20423499425" />
      <TestMethod codeBase="D:\actions-runner\_work\XPCO\XPCO\ServerConfigurator\Binaries\VideoOS.ServerConfigurator.CertificateConfigurator.UI.UnitTest\bin\Debug\VideoOS.ServerConfigurator.CertificateConfigurator.UI.UnitTest.dll" adapterTypeName="executor://mstestadapter/v1" className="VideoOS.ServerConfigurator.CertificateConfigurator.UI.UnitTest.ServerEncryptionViewModelTest" name="Given_ViewModelInstantiatedWithOneCertificateGroupWithAValidCertificate_When_ApplyCommandWithFailureIsExecuted_Then_ErrorMessageIsSet" />
    </UnitTest>
    <UnitTest name="Given_ViewModelInstantiatedWithOneCertificateGroup_When_ChangingCertificateSelection_Then_TheSetCertificateIsCalledOnCommandModel" storage="d:\actions-runner\_work\xpco\xpco\serverconfigurator\binaries\videoos.serverconfigurator.certificateconfigurator.ui.unittest\bin\debug\videoos.serverconfigurator.certificateconfigurator.ui.unittest.dll" id="f3b4d837-bb65-212f-61fa-e8d212ee1481">
      <Execution id="8d058f60-d732-4484-b846-8d2c84fb1ce0" />
      <TestMethod codeBase="D:\actions-runner\_work\XPCO\XPCO\ServerConfigurator\Binaries\VideoOS.ServerConfigurator.CertificateConfigurator.UI.UnitTest\bin\Debug\VideoOS.ServerConfigurator.CertificateConfigurator.UI.UnitTest.dll" adapterTypeName="executor://mstestadapter/v1" className="VideoOS.ServerConfigurator.CertificateConfigurator.UI.UnitTest.ServerEncryptionViewModelTest" name="Given_ViewModelInstantiatedWithOneCertificateGroup_When_ChangingCertificateSelection_Then_TheSetCertificateIsCalledOnCommandModel" />
    </UnitTest>
    <UnitTest name="Given_TestResultIsSuccess_when_GettingNumericResultAndCreatingNewResult_then_NumericResultIs0andResultsAreIdentical" storage="d:\actions-runner\_work\xpco\xpco\serverconfigurator\binaries\videoos.serverconfigurator.certificateconfigurator.ui.unittest\bin\debug\videoos.serverconfigurator.certificateconfigurator.ui.unittest.dll" id="d8ad9de4-2491-4c7e-0584-70cda2e333f2">
      <Execution id="0c46fcc6-a5b5-4502-a030-668ed6d90633" />
      <TestMethod codeBase="D:\actions-runner\_work\XPCO\XPCO\ServerConfigurator\Binaries\VideoOS.ServerConfigurator.CertificateConfigurator.UI.UnitTest\bin\Debug\VideoOS.ServerConfigurator.CertificateConfigurator.UI.UnitTest.dll" adapterTypeName="executor://mstestadapter/v1" className="VideoOS.ServerConfigurator.CertificateConfigurator.UI.UnitTest.RegistrationResultTest" name="Given_TestResultIsSuccess_when_GettingNumericResultAndCreatingNewResult_then_NumericResultIs0andResultsAreIdentical" />
    </UnitTest>
    <UnitTest name="Given_DependentServerGroupIsUnencrypted_When_EnteringAnHttpsScheme_Then_ItIsAutomaticallyChangedToHttpScheme" storage="d:\actions-runner\_work\xpco\xpco\serverconfigurator\binaries\videoos.serverconfigurator.certificateconfigurator.ui.unittest\bin\debug\videoos.serverconfigurator.certificateconfigurator.ui.unittest.dll" id="e4de43ce-3c56-6314-3ea6-619e72793ad2">
      <Execution id="44effc93-13e1-4cb3-ad78-23919ee3242e" />
      <TestMethod codeBase="D:\actions-runner\_work\XPCO\XPCO\ServerConfigurator\Binaries\VideoOS.ServerConfigurator.CertificateConfigurator.UI.UnitTest\bin\Debug\VideoOS.ServerConfigurator.CertificateConfigurator.UI.UnitTest.dll" adapterTypeName="executor://mstestadapter/v1" className="VideoOS.ServerConfigurator.CertificateConfigurator.UI.UnitTest.ServerRegistrationViewModelTest" name="Given_DependentServerGroupIsUnencrypted_When_EnteringAnHttpsScheme_Then_ItIsAutomaticallyChangedToHttpScheme" />
    </UnitTest>
    <UnitTest name="Given_StoredInsufficientCredentials_When_RegisterIsExecuted_Then_UserIsPromptedForCredentialsAndRegistrationSucceeds" storage="d:\actions-runner\_work\xpco\xpco\serverconfigurator\binaries\videoos.serverconfigurator.certificateconfigurator.ui.unittest\bin\debug\videoos.serverconfigurator.certificateconfigurator.ui.unittest.dll" id="775a59ac-924e-e6e8-fb1c-4cc97dca1855">
      <Execution id="5117fd38-c00f-4112-952f-f858e65b0f0e" />
      <TestMethod codeBase="D:\actions-runner\_work\XPCO\XPCO\ServerConfigurator\Binaries\VideoOS.ServerConfigurator.CertificateConfigurator.UI.UnitTest\bin\Debug\VideoOS.ServerConfigurator.CertificateConfigurator.UI.UnitTest.dll" adapterTypeName="executor://mstestadapter/v1" className="VideoOS.ServerConfigurator.CertificateConfigurator.UI.UnitTest.ServerRegistrationViewModelTest" name="Given_StoredInsufficientCredentials_When_RegisterIsExecuted_Then_UserIsPromptedForCredentialsAndRegistrationSucceeds" />
    </UnitTest>
    <UnitTest name="Given_ViewModelInstantiatedWithOneCertificateGroupWithAValidCertificate_When_Nothing_Then_CanApplyIsTrue" storage="d:\actions-runner\_work\xpco\xpco\serverconfigurator\binaries\videoos.serverconfigurator.certificateconfigurator.ui.unittest\bin\debug\videoos.serverconfigurator.certificateconfigurator.ui.unittest.dll" id="0c6a3b47-bb97-61a0-6f59-3b6dae5052c4">
      <Execution id="3e8b5d88-307b-4bf2-8561-237e8960a7d9" />
      <TestMethod codeBase="D:\actions-runner\_work\XPCO\XPCO\ServerConfigurator\Binaries\VideoOS.ServerConfigurator.CertificateConfigurator.UI.UnitTest\bin\Debug\VideoOS.ServerConfigurator.CertificateConfigurator.UI.UnitTest.dll" adapterTypeName="executor://mstestadapter/v1" className="VideoOS.ServerConfigurator.CertificateConfigurator.UI.UnitTest.ServerEncryptionViewModelTest" name="Given_ViewModelInstantiatedWithOneCertificateGroupWithAValidCertificate_When_Nothing_Then_CanApplyIsTrue" />
    </UnitTest>
    <UnitTest name="Given_ViewModelInstantiatedWithOneCertificateGroup_When_ChangingUseEncryption_Then_TheSetEncryptionIsCalledOnCommandModel" storage="d:\actions-runner\_work\xpco\xpco\serverconfigurator\binaries\videoos.serverconfigurator.certificateconfigurator.ui.unittest\bin\debug\videoos.serverconfigurator.certificateconfigurator.ui.unittest.dll" id="bb04daf8-fe3f-6c1e-75bb-ec93cfc91620">
      <Execution id="4768335f-081e-4906-94be-a21a76b95af0" />
      <TestMethod codeBase="D:\actions-runner\_work\XPCO\XPCO\ServerConfigurator\Binaries\VideoOS.ServerConfigurator.CertificateConfigurator.UI.UnitTest\bin\Debug\VideoOS.ServerConfigurator.CertificateConfigurator.UI.UnitTest.dll" adapterTypeName="executor://mstestadapter/v1" className="VideoOS.ServerConfigurator.CertificateConfigurator.UI.UnitTest.ServerEncryptionViewModelTest" name="Given_ViewModelInstantiatedWithOneCertificateGroup_When_ChangingUseEncryption_Then_TheSetEncryptionIsCalledOnCommandModel" />
    </UnitTest>
    <UnitTest name="Given_TestResultWithWarning_when_GettingWarning_then_ResultTypeIsWarning" storage="d:\actions-runner\_work\xpco\xpco\serverconfigurator\binaries\videoos.serverconfigurator.certificateconfigurator.ui.unittest\bin\debug\videoos.serverconfigurator.certificateconfigurator.ui.unittest.dll" id="76364163-6028-be37-9e14-7a6318b2cf08">
      <Execution id="0b5ff343-faa0-43bb-98db-8aabd0e47029" />
      <TestMethod codeBase="D:\actions-runner\_work\XPCO\XPCO\ServerConfigurator\Binaries\VideoOS.ServerConfigurator.CertificateConfigurator.UI.UnitTest\bin\Debug\VideoOS.ServerConfigurator.CertificateConfigurator.UI.UnitTest.dll" adapterTypeName="executor://mstestadapter/v1" className="VideoOS.ServerConfigurator.CertificateConfigurator.UI.UnitTest.RegistrationResultTest" name="Given_TestResultWithWarning_when_GettingWarning_then_ResultTypeIsWarning" />
    </UnitTest>
    <UnitTest name="Given_DependentServerGroupIsUnencrypted_When_EnteringAnHttpsAddressWithImplicitPortNo_Then_TheSchemeIsAutomaticallyChangedToHttpAndThePortNoIsChangeToTheDefaultHttpPort" storage="d:\actions-runner\_work\xpco\xpco\serverconfigurator\binaries\videoos.serverconfigurator.certificateconfigurator.ui.unittest\bin\debug\videoos.serverconfigurator.certificateconfigurator.ui.unittest.dll" id="e97399d4-8c00-cec5-dcdd-a04a68385323">
      <Execution id="f14e668b-222c-490d-b9e7-1c242124f0f7" />
      <TestMethod codeBase="D:\actions-runner\_work\XPCO\XPCO\ServerConfigurator\Binaries\VideoOS.ServerConfigurator.CertificateConfigurator.UI.UnitTest\bin\Debug\VideoOS.ServerConfigurator.CertificateConfigurator.UI.UnitTest.dll" adapterTypeName="executor://mstestadapter/v1" className="VideoOS.ServerConfigurator.CertificateConfigurator.UI.UnitTest.ServerRegistrationViewModelTest" name="Given_DependentServerGroupIsUnencrypted_When_EnteringAnHttpsAddressWithImplicitPortNo_Then_TheSchemeIsAutomaticallyChangedToHttpAndThePortNoIsChangeToTheDefaultHttpPort" />
    </UnitTest>
    <UnitTest name="Given_LocalManagementServer_When_EditManagementServerAddressWarningMessageBoxConfirmed_Then_LocalManagementServerOverridden" storage="d:\actions-runner\_work\xpco\xpco\serverconfigurator\binaries\videoos.serverconfigurator.certificateconfigurator.ui.unittest\bin\debug\videoos.serverconfigurator.certificateconfigurator.ui.unittest.dll" id="6e8dd491-4569-811e-8fc2-f4619544ad83">
      <Execution id="ce64a46c-55e0-4fba-adcf-dfa4700c5c77" />
      <TestMethod codeBase="D:\actions-runner\_work\XPCO\XPCO\ServerConfigurator\Binaries\VideoOS.ServerConfigurator.CertificateConfigurator.UI.UnitTest\bin\Debug\VideoOS.ServerConfigurator.CertificateConfigurator.UI.UnitTest.dll" adapterTypeName="executor://mstestadapter/v1" className="VideoOS.ServerConfigurator.CertificateConfigurator.UI.UnitTest.ServerRegistrationViewModelTest" name="Given_LocalManagementServer_When_EditManagementServerAddressWarningMessageBoxConfirmed_Then_LocalManagementServerOverridden" />
    </UnitTest>
    <UnitTest name="Given_AuthorizationServerNotFound_When_RegisterIsExecuted_Then_UserIsNotPromptedForCredentialsAndRegistrationFails" storage="d:\actions-runner\_work\xpco\xpco\serverconfigurator\binaries\videoos.serverconfigurator.certificateconfigurator.ui.unittest\bin\debug\videoos.serverconfigurator.certificateconfigurator.ui.unittest.dll" id="09c037f0-d693-d8b7-58fb-c13e67ed558f">
      <Execution id="a23a6440-4795-4d3a-9ff5-dea78e10bb98" />
      <TestMethod codeBase="D:\actions-runner\_work\XPCO\XPCO\ServerConfigurator\Binaries\VideoOS.ServerConfigurator.CertificateConfigurator.UI.UnitTest\bin\Debug\VideoOS.ServerConfigurator.CertificateConfigurator.UI.UnitTest.dll" adapterTypeName="executor://mstestadapter/v1" className="VideoOS.ServerConfigurator.CertificateConfigurator.UI.UnitTest.ServerRegistrationViewModelTest" name="Given_AuthorizationServerNotFound_When_RegisterIsExecuted_Then_UserIsNotPromptedForCredentialsAndRegistrationFails" />
    </UnitTest>
    <UnitTest name="Given_ModelContainsACertificateGroupSpecifyingAPresenterThatCannotBeCreated_When_ModelIsUpdated_ThenAFakePresenterIsUsedToTranslate" storage="d:\actions-runner\_work\xpco\xpco\serverconfigurator\binaries\videoos.serverconfigurator.certificateconfigurator.ui.unittest\bin\debug\videoos.serverconfigurator.certificateconfigurator.ui.unittest.dll" id="5c011186-5871-7d32-073d-b8049d80e48b">
      <Execution id="95bced6d-422f-4f29-bf72-f6f71f606404" />
      <TestMethod codeBase="D:\actions-runner\_work\XPCO\XPCO\ServerConfigurator\Binaries\VideoOS.ServerConfigurator.CertificateConfigurator.UI.UnitTest\bin\Debug\VideoOS.ServerConfigurator.CertificateConfigurator.UI.UnitTest.dll" adapterTypeName="executor://mstestadapter/v1" className="VideoOS.ServerConfigurator.CertificateConfigurator.UI.UnitTest.ServerEncryptionViewModelTest" name="Given_ModelContainsACertificateGroupSpecifyingAPresenterThatCannotBeCreated_When_ModelIsUpdated_ThenAFakePresenterIsUsedToTranslate" />
    </UnitTest>
    <UnitTest name="Given_ModelContainsACertificateGroup_When_ModelIsUpdated_ThenAPresenterIsUsedTotranslate" storage="d:\actions-runner\_work\xpco\xpco\serverconfigurator\binaries\videoos.serverconfigurator.certificateconfigurator.ui.unittest\bin\debug\videoos.serverconfigurator.certificateconfigurator.ui.unittest.dll" id="4ea5d19f-a1e4-c681-6018-78790c58ee7c">
      <Execution id="e411929d-29e5-44e7-94fb-f441d9e23917" />
      <TestMethod codeBase="D:\actions-runner\_work\XPCO\XPCO\ServerConfigurator\Binaries\VideoOS.ServerConfigurator.CertificateConfigurator.UI.UnitTest\bin\Debug\VideoOS.ServerConfigurator.CertificateConfigurator.UI.UnitTest.dll" adapterTypeName="executor://mstestadapter/v1" className="VideoOS.ServerConfigurator.CertificateConfigurator.UI.UnitTest.ServerEncryptionViewModelTest" name="Given_ModelContainsACertificateGroup_When_ModelIsUpdated_ThenAPresenterIsUsedTotranslate" />
    </UnitTest>
    <UnitTest name="Given_ViewModelInstantiatedWithOneCertificateGroupWithAValidCertificate_When_Nothing_Then_TheViewModelContaintsACertificateWithACorrectDisplayInfo" storage="d:\actions-runner\_work\xpco\xpco\serverconfigurator\binaries\videoos.serverconfigurator.certificateconfigurator.ui.unittest\bin\debug\videoos.serverconfigurator.certificateconfigurator.ui.unittest.dll" id="fe058f95-1942-225a-172b-bc40b2703913">
      <Execution id="0171c624-8eaf-4bb6-a89c-97c36bb0ad02" />
      <TestMethod codeBase="D:\actions-runner\_work\XPCO\XPCO\ServerConfigurator\Binaries\VideoOS.ServerConfigurator.CertificateConfigurator.UI.UnitTest\bin\Debug\VideoOS.ServerConfigurator.CertificateConfigurator.UI.UnitTest.dll" adapterTypeName="executor://mstestadapter/v1" className="VideoOS.ServerConfigurator.CertificateConfigurator.UI.UnitTest.ServerEncryptionViewModelTest" name="Given_ViewModelInstantiatedWithOneCertificateGroupWithAValidCertificate_When_Nothing_Then_TheViewModelContaintsACertificateWithACorrectDisplayInfo" />
    </UnitTest>
    <UnitTest name="UpdateKeyedItems_ShouldMakeObservableCollectionResembleInputCollection_AndUpdateItemsPresentInBoth" storage="d:\actions-runner\_work\xpco\xpco\serverconfigurator\binaries\videoos.serverconfigurator.certificateconfigurator.ui.unittest\bin\debug\videoos.serverconfigurator.certificateconfigurator.ui.unittest.dll" id="1df8ea6e-f6c2-cbd2-fed7-07bb36aa5e94">
      <Execution id="a5ee83e2-2c86-4081-bbb5-d7ba336aa555" />
      <TestMethod codeBase="D:\actions-runner\_work\XPCO\XPCO\ServerConfigurator\Binaries\VideoOS.ServerConfigurator.CertificateConfigurator.UI.UnitTest\bin\Debug\VideoOS.ServerConfigurator.CertificateConfigurator.UI.UnitTest.dll" adapterTypeName="executor://mstestadapter/v1" className="VideoOS.ServerConfigurator.CertificateConfigurator.UI.UnitTest.ObservableCollectionExtensionsTest" name="UpdateKeyedItems_ShouldMakeObservableCollectionResembleInputCollection_AndUpdateItemsPresentInBoth" />
    </UnitTest>
    <UnitTest name="Given_TestResultWithConsistencyError_when_GettingNumericResultAndCreatingNewResult_then_ResultsAreIdentical" storage="d:\actions-runner\_work\xpco\xpco\serverconfigurator\binaries\videoos.serverconfigurator.certificateconfigurator.ui.unittest\bin\debug\videoos.serverconfigurator.certificateconfigurator.ui.unittest.dll" id="715f5696-0418-8d2f-7f75-19f814df6b3d">
      <Execution id="948bf65a-73ed-49a0-8428-96263d33a8ec" />
      <TestMethod codeBase="D:\actions-runner\_work\XPCO\XPCO\ServerConfigurator\Binaries\VideoOS.ServerConfigurator.CertificateConfigurator.UI.UnitTest\bin\Debug\VideoOS.ServerConfigurator.CertificateConfigurator.UI.UnitTest.dll" adapterTypeName="executor://mstestadapter/v1" className="VideoOS.ServerConfigurator.CertificateConfigurator.UI.UnitTest.RegistrationResultTest" name="Given_TestResultWithConsistencyError_when_GettingNumericResultAndCreatingNewResult_then_ResultsAreIdentical" />
    </UnitTest>
    <UnitTest name="Given_ViewModelInstantiated_When_DataModelChangesOnAWorkerTHread_Then_TheCallIsSynchronizedToMainThread" storage="d:\actions-runner\_work\xpco\xpco\serverconfigurator\binaries\videoos.serverconfigurator.certificateconfigurator.ui.unittest\bin\debug\videoos.serverconfigurator.certificateconfigurator.ui.unittest.dll" id="0d152648-8b6e-8463-b1f0-51d6066d2ecf">
      <Execution id="64625318-346b-498f-9b6a-8708fb5af6d7" />
      <TestMethod codeBase="D:\actions-runner\_work\XPCO\XPCO\ServerConfigurator\Binaries\VideoOS.ServerConfigurator.CertificateConfigurator.UI.UnitTest\bin\Debug\VideoOS.ServerConfigurator.CertificateConfigurator.UI.UnitTest.dll" adapterTypeName="executor://mstestadapter/v1" className="VideoOS.ServerConfigurator.CertificateConfigurator.UI.UnitTest.ServerEncryptionViewModelTest" name="Given_ViewModelInstantiated_When_DataModelChangesOnAWorkerTHread_Then_TheCallIsSynchronizedToMainThread" />
    </UnitTest>
    <UnitTest name="Given_ViewModelInstantiatedWithOneCertificateGroupWithAValidCertificateApplyCommandIsExecuted_When_MessageBoxResponseIsOK_Then_ApplyActionIsExecutedAndModelIsSaved" storage="d:\actions-runner\_work\xpco\xpco\serverconfigurator\binaries\videoos.serverconfigurator.certificateconfigurator.ui.unittest\bin\debug\videoos.serverconfigurator.certificateconfigurator.ui.unittest.dll" id="f124baa4-dddc-ae04-9093-d7f8f3c498da">
      <Execution id="868a3e1b-0504-4a6d-8d9b-bc5adcad06cc" />
      <TestMethod codeBase="D:\actions-runner\_work\XPCO\XPCO\ServerConfigurator\Binaries\VideoOS.ServerConfigurator.CertificateConfigurator.UI.UnitTest\bin\Debug\VideoOS.ServerConfigurator.CertificateConfigurator.UI.UnitTest.dll" adapterTypeName="executor://mstestadapter/v1" className="VideoOS.ServerConfigurator.CertificateConfigurator.UI.UnitTest.ServerEncryptionViewModelTest" name="Given_ViewModelInstantiatedWithOneCertificateGroupWithAValidCertificateApplyCommandIsExecuted_When_MessageBoxResponseIsOK_Then_ApplyActionIsExecutedAndModelIsSaved" />
    </UnitTest>
    <UnitTest name="Given_ViewModelInstantiatedWithOneCertificateGroupWithAnInvalidCertificate_When_Nothing_Then_CanApplyIsFalse" storage="d:\actions-runner\_work\xpco\xpco\serverconfigurator\binaries\videoos.serverconfigurator.certificateconfigurator.ui.unittest\bin\debug\videoos.serverconfigurator.certificateconfigurator.ui.unittest.dll" id="1e20ef67-a282-7162-815f-b64ea02a82cc">
      <Execution id="9b51452a-8083-488c-9063-9210995619f3" />
      <TestMethod codeBase="D:\actions-runner\_work\XPCO\XPCO\ServerConfigurator\Binaries\VideoOS.ServerConfigurator.CertificateConfigurator.UI.UnitTest\bin\Debug\VideoOS.ServerConfigurator.CertificateConfigurator.UI.UnitTest.dll" adapterTypeName="executor://mstestadapter/v1" className="VideoOS.ServerConfigurator.CertificateConfigurator.UI.UnitTest.ServerEncryptionViewModelTest" name="Given_ViewModelInstantiatedWithOneCertificateGroupWithAnInvalidCertificate_When_Nothing_Then_CanApplyIsFalse" />
    </UnitTest>
  </TestDefinitions>
  <TestEntries>
    <TestEntry testId="c4953b1a-ad6e-63ae-ded3-d69a037b146e" executionId="4f9e0d3d-90a7-4098-af73-691512cda836" testListId="8c84fa94-04c1-424b-9868-57a2d4851a1d" />
    <TestEntry testId="5c011186-5871-7d32-073d-b8049d80e48b" executionId="95bced6d-422f-4f29-bf72-f6f71f606404" testListId="8c84fa94-04c1-424b-9868-57a2d4851a1d" />
    <TestEntry testId="e4de43ce-3c56-6314-3ea6-619e72793ad2" executionId="44effc93-13e1-4cb3-ad78-23919ee3242e" testListId="8c84fa94-04c1-424b-9868-57a2d4851a1d" />
    <TestEntry testId="f124baa4-dddc-ae04-9093-d7f8f3c498da" executionId="868a3e1b-0504-4a6d-8d9b-bc5adcad06cc" testListId="8c84fa94-04c1-424b-9868-57a2d4851a1d" />
    <TestEntry testId="78b888da-80ef-b2d7-4417-e0adaa775413" executionId="b55db96e-6647-4cdc-a79c-7455aac58839" testListId="8c84fa94-04c1-424b-9868-57a2d4851a1d" />
    <TestEntry testId="4ed3e2f2-4209-a567-2e02-cf56d314e637" executionId="f97daddc-af37-47a0-8aad-c2d0dc835dd0" testListId="8c84fa94-04c1-424b-9868-57a2d4851a1d" />
    <TestEntry testId="a79a8e27-a829-5849-f605-34402b35faca" executionId="16ad80df-274a-4ede-8765-20a91c6733d8" testListId="8c84fa94-04c1-424b-9868-57a2d4851a1d" />
    <TestEntry testId="5aef8300-b96c-d5a5-4f76-c46ec973c7e2" executionId="b7c5dec0-163c-4dfa-bcce-f7ed5bf90ce3" testListId="8c84fa94-04c1-424b-9868-57a2d4851a1d" />
    <TestEntry testId="d8ad9de4-2491-4c7e-0584-70cda2e333f2" executionId="0c46fcc6-a5b5-4502-a030-668ed6d90633" testListId="8c84fa94-04c1-424b-9868-57a2d4851a1d" />
    <TestEntry testId="03c0eec5-40a7-6e7c-7873-0fe85ea32c6e" executionId="4cf86b5c-060e-4969-9983-b50c1ab64529" testListId="8c84fa94-04c1-424b-9868-57a2d4851a1d" />
    <TestEntry testId="bb04daf8-fe3f-6c1e-75bb-ec93cfc91620" executionId="4768335f-081e-4906-94be-a21a76b95af0" testListId="8c84fa94-04c1-424b-9868-57a2d4851a1d" />
    <TestEntry testId="1df8ea6e-f6c2-cbd2-fed7-07bb36aa5e94" executionId="a5ee83e2-2c86-4081-bbb5-d7ba336aa555" testListId="8c84fa94-04c1-424b-9868-57a2d4851a1d" />
    <TestEntry testId="e1564ccb-c450-b77a-edf0-d3f4be95cc82" executionId="f3d5859b-c7f6-4a4d-a328-596e5b9e593a" testListId="8c84fa94-04c1-424b-9868-57a2d4851a1d" />
    <TestEntry testId="0c6a3b47-bb97-61a0-6f59-3b6dae5052c4" executionId="3e8b5d88-307b-4bf2-8561-237e8960a7d9" testListId="8c84fa94-04c1-424b-9868-57a2d4851a1d" />
    <TestEntry testId="4ea5d19f-a1e4-c681-6018-78790c58ee7c" executionId="e411929d-29e5-44e7-94fb-f441d9e23917" testListId="8c84fa94-04c1-424b-9868-57a2d4851a1d" />
    <TestEntry testId="22739165-14e9-5877-cf73-1fc1dead22da" executionId="f7d2675d-e6a6-4aef-a4ac-3ad242de579d" testListId="8c84fa94-04c1-424b-9868-57a2d4851a1d" />
    <TestEntry testId="d31c338a-375f-1dcd-4e4c-14bc0bf00443" executionId="39e8b86e-3347-44db-8f59-46e2cead21ce" testListId="8c84fa94-04c1-424b-9868-57a2d4851a1d" />
    <TestEntry testId="1e20ef67-a282-7162-815f-b64ea02a82cc" executionId="9b51452a-8083-488c-9063-9210995619f3" testListId="8c84fa94-04c1-424b-9868-57a2d4851a1d" />
    <TestEntry testId="6b237297-1d1f-285f-fcf1-74e55612c34b" executionId="a41d0a84-a9e6-4be4-8e78-30ac8310206d" testListId="8c84fa94-04c1-424b-9868-57a2d4851a1d" />
    <TestEntry testId="e97399d4-8c00-cec5-dcdd-a04a68385323" executionId="f14e668b-222c-490d-b9e7-1c242124f0f7" testListId="8c84fa94-04c1-424b-9868-57a2d4851a1d" />
    <TestEntry testId="76364163-6028-be37-9e14-7a6318b2cf08" executionId="0b5ff343-faa0-43bb-98db-8aabd0e47029" testListId="8c84fa94-04c1-424b-9868-57a2d4851a1d" />
    <TestEntry testId="d3d43c19-b1c6-f168-4695-3b225221f757" executionId="771030a7-e4e5-4c51-8953-3f92111464c0" testListId="8c84fa94-04c1-424b-9868-57a2d4851a1d" />
    <TestEntry testId="bcae9553-36b8-f2d0-82ce-bac3c720f8ad" executionId="be3aae0c-3b03-49df-abff-f20423499425" testListId="8c84fa94-04c1-424b-9868-57a2d4851a1d" />
    <TestEntry testId="09c037f0-d693-d8b7-58fb-c13e67ed558f" executionId="a23a6440-4795-4d3a-9ff5-dea78e10bb98" testListId="8c84fa94-04c1-424b-9868-57a2d4851a1d" />
    <TestEntry testId="775a59ac-924e-e6e8-fb1c-4cc97dca1855" executionId="5117fd38-c00f-4112-952f-f858e65b0f0e" testListId="8c84fa94-04c1-424b-9868-57a2d4851a1d" />
    <TestEntry testId="6e8dd491-4569-811e-8fc2-f4619544ad83" executionId="ce64a46c-55e0-4fba-adcf-dfa4700c5c77" testListId="8c84fa94-04c1-424b-9868-57a2d4851a1d" />
    <TestEntry testId="0f8172f8-d727-388e-a3c2-8c538e8a0c27" executionId="a68fe346-6b56-4059-b5e9-b97386003c19" testListId="8c84fa94-04c1-424b-9868-57a2d4851a1d" />
    <TestEntry testId="0d152648-8b6e-8463-b1f0-51d6066d2ecf" executionId="64625318-346b-498f-9b6a-8708fb5af6d7" testListId="8c84fa94-04c1-424b-9868-57a2d4851a1d" />
    <TestEntry testId="832b5475-3a21-25de-7fce-80d3a555f2b3" executionId="e580e17c-72a0-414d-8bca-ecc09b93d213" testListId="8c84fa94-04c1-424b-9868-57a2d4851a1d" />
    <TestEntry testId="fe058f95-1942-225a-172b-bc40b2703913" executionId="0171c624-8eaf-4bb6-a89c-97c36bb0ad02" testListId="8c84fa94-04c1-424b-9868-57a2d4851a1d" />
    <TestEntry testId="f3b4d837-bb65-212f-61fa-e8d212ee1481" executionId="8d058f60-d732-4484-b846-8d2c84fb1ce0" testListId="8c84fa94-04c1-424b-9868-57a2d4851a1d" />
    <TestEntry testId="31c984d5-5e6c-13e3-6116-25957e7fb633" executionId="bd29900b-8373-4e58-a263-2af9f8ade404" testListId="8c84fa94-04c1-424b-9868-57a2d4851a1d" />
    <TestEntry testId="715f5696-0418-8d2f-7f75-19f814df6b3d" executionId="948bf65a-73ed-49a0-8428-96263d33a8ec" testListId="8c84fa94-04c1-424b-9868-57a2d4851a1d" />
  </TestEntries>
  <TestLists>
    <TestList name="Results Not in a List" id="8c84fa94-04c1-424b-9868-57a2d4851a1d" />
    <TestList name="All Loaded Results" id="19431567-8539-422a-85d7-44ee4e166bda" />
  </TestLists>
  <ResultSummary outcome="Completed">
    <Counters total="33" executed="33" passed="33" failed="0" error="0" timeout="0" aborted="0" inconclusive="0" passedButRunAborted="0" notRunnable="0" notExecuted="0" disconnected="0" warning="0" completed="0" inProgress="0" pending="0" />
  </ResultSummary>
</TestRun>