<?xml version="1.0" encoding="utf-8"?>
<TestRun id="0405a31a-4a83-4f63-a832-0589fcbff58e" name="DKSR-EFI-06$@DKSR-EFI-06 2024-01-09 15:44:04" runUser="NT AUTHORITY\NETWORK SERVICE" xmlns="http://microsoft.com/schemas/VisualStudio/TeamTest/2010">
  <Times creation="2024-01-09T15:44:04.7480129+01:00" queuing="2024-01-09T15:44:04.7480129+01:00" start="2024-01-09T15:43:53.8104503+01:00" finish="2024-01-09T15:44:23.5293076+01:00" />
  <TestSettings name="default" id="278d97e1-69e5-48e8-9d07-58dd86728f26">
    <Deployment runDeploymentRoot="DKSR-EFI-06$_DKSR-EFI-06_2024-01-09_15_44_04" />
  </TestSettings>
  <Results>
    <UnitTestResult executionId="83d2072c-fe72-4e85-8bf9-1ddd914cb3d4" testId="659ea7ef-7a9e-011e-503e-a43b4fac0d99" testName="CallAsync_ShouldNotRetryCall_WhenFuncThrowsNotCommunicationException (System.TimeoutException)" computerName="DKSR-EFI-06" duration="00:00:00.0015676" startTime="2024-01-09T15:44:04.6855126+01:00" endTime="2024-01-09T15:44:04.7011379+01:00" testType="13cdc9d9-ddb5-4fa4-a97d-d965ccfc6d4b" outcome="Passed" testListId="8c84fa94-04c1-424b-9868-57a2d4851a1d" relativeResultsDirectory="83d2072c-fe72-4e85-8bf9-1ddd914cb3d4" />
    <UnitTestResult executionId="cefc01d0-bc1a-4fb4-bd6a-7ca87df9bd3e" testId="abf80a45-5b9f-b76b-f7bf-162512472b99" testName="Create_ShouldThrowInvalidOperationException_IfMIPEnvironmentIsNotInitializedAndUriIsNotGiven" computerName="DKSR-EFI-06" duration="00:00:00.0075816" startTime="2024-01-09T15:44:21.8574297+01:00" endTime="2024-01-09T15:44:21.8730556+01:00" testType="13cdc9d9-ddb5-4fa4-a97d-d965ccfc6d4b" outcome="Passed" testListId="8c84fa94-04c1-424b-9868-57a2d4851a1d" relativeResultsDirectory="cefc01d0-bc1a-4fb4-bd6a-7ca87df9bd3e" />
    <UnitTestResult executionId="890cc7e9-caf1-4afa-b7f0-2157a7165cd6" testId="77b01a8c-e14a-3262-a753-f3778f469516" testName="Create_ShouldSetEndpointAddressFromRegisteredServices_IfMIPEnvironmentIsInitialized" computerName="DKSR-EFI-06" duration="00:00:00.1780757" startTime="2024-01-09T15:44:21.8730556+01:00" endTime="2024-01-09T15:44:22.0605544+01:00" testType="13cdc9d9-ddb5-4fa4-a97d-d965ccfc6d4b" outcome="Passed" testListId="8c84fa94-04c1-424b-9868-57a2d4851a1d" relativeResultsDirectory="890cc7e9-caf1-4afa-b7f0-2157a7165cd6" />
    <UnitTestResult executionId="31f4635e-5aa9-467c-9fe1-4bc4189e8765" testId="bec962ea-d868-333e-e3ba-591adbfdf268" testName="RegisterSourceTypeTokenAsync_ShouldPassCorrectParams" computerName="DKSR-EFI-06" duration="00:00:00.2776048" startTime="2024-01-09T15:44:08.8261478+01:00" endTime="2024-01-09T15:44:09.1073988+01:00" testType="13cdc9d9-ddb5-4fa4-a97d-d965ccfc6d4b" outcome="Passed" testListId="8c84fa94-04c1-424b-9868-57a2d4851a1d" relativeResultsDirectory="31f4635e-5aa9-467c-9fe1-4bc4189e8765" />
    <UnitTestResult executionId="a2f7b758-f17e-438a-afc9-4658380bed22" testId="e9232fa6-3e04-4173-b6d8-c5fec7124fe8" testName="ExtractMessagesFromXml_ShouldReturnExpectedNumberOfCategories (TestFiles\TestXMLs\Large520.xml,0)" computerName="DKSR-EFI-06" duration="00:00:00.0059043" startTime="2024-01-09T15:44:13.7167889+01:00" endTime="2024-01-09T15:44:13.7324153+01:00" testType="13cdc9d9-ddb5-4fa4-a97d-d965ccfc6d4b" outcome="Passed" testListId="8c84fa94-04c1-424b-9868-57a2d4851a1d" relativeResultsDirectory="a2f7b758-f17e-438a-afc9-4658380bed22">
      <Output>
        <StdOut>en-US</StdOut>
      </Output>
    </UnitTestResult>
    <UnitTestResult executionId="fcced6bb-6765-4ce5-8424-fe095e2b2dbe" testId="70bea485-ec86-6f83-5a24-575e32c4eae9" testName="Config_LogConfigurationClientBindingSendTimeoutCanBeConfiguredFromAppSettings" computerName="DKSR-EFI-06" duration="00:00:00.0773492" startTime="2024-01-09T15:44:22.1543061+01:00" endTime="2024-01-09T15:44:22.2324293+01:00" testType="13cdc9d9-ddb5-4fa4-a97d-d965ccfc6d4b" outcome="Passed" testListId="8c84fa94-04c1-424b-9868-57a2d4851a1d" relativeResultsDirectory="fcced6bb-6765-4ce5-8424-fe095e2b2dbe" />
    <UnitTestResult executionId="7222c404-9746-4fb4-b836-70cab6753882" testId="bed9dd5e-8bd4-8ed7-a13e-9199e5447b8d" testName="ExtractMessagesFromXml_ShouldSetCorrectSourceTypeOnEntry (TestFiles\TestXMLs\CombinedGroups48.xml,ExportAVICameraCompleted,Camera)" computerName="DKSR-EFI-06" duration="00:00:00.0037041" startTime="2024-01-09T15:44:14.0605402+01:00" endTime="2024-01-09T15:44:14.0605402+01:00" testType="13cdc9d9-ddb5-4fa4-a97d-d965ccfc6d4b" outcome="Passed" testListId="8c84fa94-04c1-424b-9868-57a2d4851a1d" relativeResultsDirectory="7222c404-9746-4fb4-b836-70cab6753882">
      <Output>
        <StdOut>en-US</StdOut>
      </Output>
    </UnitTestResult>
    <UnitTestResult executionId="94b1e72f-313d-49ae-b8f5-d38941a599e1" testId="994f87cc-c58d-8744-77e4-ee22b9e9254a" testName="Close_StopsLambdasInTheQueue" computerName="DKSR-EFI-06" duration="00:00:00.0801647" startTime="2024-01-09T15:44:05.6386397+01:00" endTime="2024-01-09T15:44:05.7167642+01:00" testType="13cdc9d9-ddb5-4fa4-a97d-d965ccfc6d4b" outcome="Passed" testListId="8c84fa94-04c1-424b-9868-57a2d4851a1d" relativeResultsDirectory="94b1e72f-313d-49ae-b8f5-d38941a599e1" />
    <UnitTestResult executionId="f8dae6a7-b8ee-438d-897b-07763347a121" testId="b42052b4-be9c-180e-d224-1ca4f236874a" testName="EndQuerySessionAsync_ShouldNotDoAnything_IfQuerySessionHasNotBeenStarted" computerName="DKSR-EFI-06" duration="00:00:00.2439526" startTime="2024-01-09T15:44:18.9980528+01:00" endTime="2024-01-09T15:44:19.2480491+01:00" testType="13cdc9d9-ddb5-4fa4-a97d-d965ccfc6d4b" outcome="Passed" testListId="8c84fa94-04c1-424b-9868-57a2d4851a1d" relativeResultsDirectory="f8dae6a7-b8ee-438d-897b-07763347a121" />
    <UnitTestResult executionId="a39a3fad-c6f2-4ad7-a9da-814b7770acf2" testId="ce2d18e0-6ebb-4810-6841-4de51ae1651c" testName="Create_ShouldSetEndpointAddressFromRegisteredServices_IfMIPEnvironmentIsInitialized" computerName="DKSR-EFI-06" duration="00:00:00.0069609" startTime="2024-01-09T15:44:22.8886824+01:00" endTime="2024-01-09T15:44:22.9043053+01:00" testType="13cdc9d9-ddb5-4fa4-a97d-d965ccfc6d4b" outcome="Passed" testListId="8c84fa94-04c1-424b-9868-57a2d4851a1d" relativeResultsDirectory="a39a3fad-c6f2-4ad7-a9da-814b7770acf2" />
    <UnitTestResult executionId="a0100894-dd49-465a-9582-cd749d7a5e98" testId="f4a2467a-bab6-af14-8890-246822964e7c" testName="ExtractMessagesFromXml_ShouldReturnExpectedNumberOfSourceTypes (TestFiles\TestXMLs\Simple9.xml,3)" computerName="DKSR-EFI-06" duration="00:00:00.0082347" startTime="2024-01-09T15:44:13.7324153+01:00" endTime="2024-01-09T15:44:13.7324153+01:00" testType="13cdc9d9-ddb5-4fa4-a97d-d965ccfc6d4b" outcome="Passed" testListId="8c84fa94-04c1-424b-9868-57a2d4851a1d" relativeResultsDirectory="a0100894-dd49-465a-9582-cd749d7a5e98">
      <Output>
        <StdOut>en-US</StdOut>
      </Output>
    </UnitTestResult>
    <UnitTestResult executionId="0dcd6987-a097-499a-a562-d406da7d87c9" testId="f4a5978d-2acb-8d50-1d62-7f498820825e" testName="Close_StopsRetrying_EvenIfCallbackIsBeingExecuted" computerName="DKSR-EFI-06" duration="00:00:00.0570429" startTime="2024-01-09T15:44:05.5761387+01:00" endTime="2024-01-09T15:44:05.6386397+01:00" testType="13cdc9d9-ddb5-4fa4-a97d-d965ccfc6d4b" outcome="Passed" testListId="8c84fa94-04c1-424b-9868-57a2d4851a1d" relativeResultsDirectory="0dcd6987-a097-499a-a562-d406da7d87c9" />
    <UnitTestResult executionId="5f74fa53-1f0b-4d62-bb57-bec03dbc444e" testId="b5134cc5-1541-e082-3a10-e53fede7a5f6" testName="FetchSystemLoglinesTokenAsync_ShouldReturnLoglines" computerName="DKSR-EFI-06" duration="00:00:00.2917860" startTime="2024-01-09T15:44:17.9824255+01:00" endTime="2024-01-09T15:44:18.2793014+01:00" testType="13cdc9d9-ddb5-4fa4-a97d-d965ccfc6d4b" outcome="Passed" testListId="8c84fa94-04c1-424b-9868-57a2d4851a1d" relativeResultsDirectory="5f74fa53-1f0b-4d62-bb57-bec03dbc444e" />
    <UnitTestResult executionId="d31c46b6-0b50-4505-b34b-3f87af04f486" testId="2b4a8ff9-760c-f83c-5f78-a42564dac98b" testName="EndQuerySessionAsync_ShouldClearQuerySession_WhenPreviouslyRunningSessionIsStopped" computerName="DKSR-EFI-06" duration="00:00:00.0199820" startTime="2024-01-09T15:44:19.3261762+01:00" endTime="2024-01-09T15:44:19.3418034+01:00" testType="13cdc9d9-ddb5-4fa4-a97d-d965ccfc6d4b" outcome="Passed" testListId="8c84fa94-04c1-424b-9868-57a2d4851a1d" relativeResultsDirectory="d31c46b6-0b50-4505-b34b-3f87af04f486" />
    <UnitTestResult executionId="bf62d3bb-8464-43ef-bed9-6f39c9b579d1" testId="f4ffd983-c05b-593d-74f8-17a463f4a926" testName="RetryCount_ShouldThrowException_IfValueToBeSetIsLessThanZero" computerName="DKSR-EFI-06" duration="00:00:00.0041884" startTime="2024-01-09T15:44:04.7480129+01:00" endTime="2024-01-09T15:44:04.7480129+01:00" testType="13cdc9d9-ddb5-4fa4-a97d-d965ccfc6d4b" outcome="Passed" testListId="8c84fa94-04c1-424b-9868-57a2d4851a1d" relativeResultsDirectory="bf62d3bb-8464-43ef-bed9-6f39c9b579d1" />
    <UnitTestResult executionId="33bc7ac9-cccb-4919-a265-19cb2712cd02" testId="22a87947-cdd9-4a2f-100a-e5ec8ff12ee0" testName="ExtractMessagesFromXml_ShouldReturnExpectedNumberOfSourceTypes (TestFiles\TestXMLs\CombinedGroups48.xml,7)" computerName="DKSR-EFI-06" duration="00:00:00.0011685" startTime="2024-01-09T15:44:13.7636653+01:00" endTime="2024-01-09T15:44:13.7636653+01:00" testType="13cdc9d9-ddb5-4fa4-a97d-d965ccfc6d4b" outcome="Passed" testListId="8c84fa94-04c1-424b-9868-57a2d4851a1d" relativeResultsDirectory="33bc7ac9-cccb-4919-a265-19cb2712cd02">
      <Output>
        <StdOut>en-US</StdOut>
      </Output>
    </UnitTestResult>
    <UnitTestResult executionId="f2296881-d379-43cc-a45e-9ec7fdbe9160" testId="e449cf0b-5d9a-14de-4691-aaebce969eef" testName="EndQuerySessionAsync_ShouldUseCorrectQuerySessionId_WhenTryingToStopRunningSession" computerName="DKSR-EFI-06" duration="00:00:00.0076778" startTime="2024-01-09T15:44:19.7480517+01:00" endTime="2024-01-09T15:44:19.7480517+01:00" testType="13cdc9d9-ddb5-4fa4-a97d-d965ccfc6d4b" outcome="Passed" testListId="8c84fa94-04c1-424b-9868-57a2d4851a1d" relativeResultsDirectory="f2296881-d379-43cc-a45e-9ec7fdbe9160" />
    <UnitTestResult executionId="96b2976a-b88b-49e8-a712-a2d3dc27ef5c" testId="a1845fd6-f487-cb4b-470b-f538a85bb597" testName="FetchRuleLoglinesTokenAsync_ShouldUseCorrectQuerySessionId_AfterStartQuerySessionAsync" computerName="DKSR-EFI-06" duration="00:00:00.1760822" startTime="2024-01-09T15:44:18.8105516+01:00" endTime="2024-01-09T15:44:18.9824300+01:00" testType="13cdc9d9-ddb5-4fa4-a97d-d965ccfc6d4b" outcome="Passed" testListId="8c84fa94-04c1-424b-9868-57a2d4851a1d" relativeResultsDirectory="96b2976a-b88b-49e8-a712-a2d3dc27ef5c" />
    <UnitTestResult executionId="bfb622ff-5b02-4b40-aca6-820ecac7336a" testId="b60e37b6-aafb-0d71-39f0-b9035421a460" testName="FetchAuditLoglinesAsync_ShouldReturnLoglines" computerName="DKSR-EFI-06" duration="00:00:00.5729417" startTime="2024-01-09T15:44:16.8261727+01:00" endTime="2024-01-09T15:44:17.4042969+01:00" testType="13cdc9d9-ddb5-4fa4-a97d-d965ccfc6d4b" outcome="Passed" testListId="8c84fa94-04c1-424b-9868-57a2d4851a1d" relativeResultsDirectory="bfb622ff-5b02-4b40-aca6-820ecac7336a" />
    <UnitTestResult executionId="243eb0e4-d784-46ec-bad5-9db0a9277489" testId="3366b6f3-e16d-5095-ef9c-b2a681634322" testName="DoUploadCultureFiles_ShouldRegisterWithTokenValidation_IfUserIsBasicUser" computerName="DKSR-EFI-06" duration="00:00:00.2096257" startTime="2024-01-09T15:44:16.3261718+01:00" endTime="2024-01-09T15:44:16.5292971+01:00" testType="13cdc9d9-ddb5-4fa4-a97d-d965ccfc6d4b" outcome="Passed" testListId="8c84fa94-04c1-424b-9868-57a2d4851a1d" relativeResultsDirectory="243eb0e4-d784-46ec-bad5-9db0a9277489">
      <Output>
        <StdOut>en-US&#xD;
en-US</StdOut>
      </Output>
    </UnitTestResult>
    <UnitTestResult executionId="5599daa7-a1e4-400d-9120-5132fc28dfa8" testId="5568778f-0158-0285-fa35-319d0b4f764e" testName="StartQuerySessionTokenAsync_ShouldUseCorrectFilters" computerName="DKSR-EFI-06" duration="00:00:00.1932596" startTime="2024-01-09T15:44:16.6230449+01:00" endTime="2024-01-09T15:44:16.8261727+01:00" testType="13cdc9d9-ddb5-4fa4-a97d-d965ccfc6d4b" outcome="Passed" testListId="8c84fa94-04c1-424b-9868-57a2d4851a1d" relativeResultsDirectory="5599daa7-a1e4-400d-9120-5132fc28dfa8" />
    <UnitTestResult executionId="15a997f0-1871-4915-a54e-7b4d351dc3a5" testId="24c3220b-1c1f-47f8-e7ad-b6854efd1570" testName="ExtractMessagesFromXml_ShouldSetCorrectCulture (TestFiles\TestXMLs\Simple9.xml,en-US)" computerName="DKSR-EFI-06" duration="00:00:00.0010930" startTime="2024-01-09T15:44:13.9042911+01:00" endTime="2024-01-09T15:44:13.9199167+01:00" testType="13cdc9d9-ddb5-4fa4-a97d-d965ccfc6d4b" outcome="Passed" testListId="8c84fa94-04c1-424b-9868-57a2d4851a1d" relativeResultsDirectory="15a997f0-1871-4915-a54e-7b4d351dc3a5">
      <Output>
        <StdOut>en-US</StdOut>
      </Output>
    </UnitTestResult>
    <UnitTestResult executionId="e75a1954-65ff-4bf5-a10a-092b068bf504" testId="9617b6cc-73f3-9d59-f2da-862ee903bd8c" testName="CallAsync_ShouldThrowCommunicationServiceException_WhenFuncThrowsExpectedException (System.ServiceModel.CommunicationException)" computerName="DKSR-EFI-06" duration="00:00:00.0053273" startTime="2024-01-09T15:44:04.3730121+01:00" endTime="2024-01-09T15:44:04.5136360+01:00" testType="13cdc9d9-ddb5-4fa4-a97d-d965ccfc6d4b" outcome="Passed" testListId="8c84fa94-04c1-424b-9868-57a2d4851a1d" relativeResultsDirectory="e75a1954-65ff-4bf5-a10a-092b068bf504" />
    <UnitTestResult executionId="81b55d51-3315-42ed-b00d-b4188c80b455" testId="659ea7ef-7a9e-011e-503e-a43b4fac0d99" testName="CallAsync_ShouldNotRetryCall_WhenFuncThrowsNotCommunicationException (System.ServiceModel.FaultException)" computerName="DKSR-EFI-06" duration="00:00:00.0052777" startTime="2024-01-09T15:44:04.6855126+01:00" endTime="2024-01-09T15:44:04.7011379+01:00" testType="13cdc9d9-ddb5-4fa4-a97d-d965ccfc6d4b" outcome="Passed" testListId="8c84fa94-04c1-424b-9868-57a2d4851a1d" relativeResultsDirectory="81b55d51-3315-42ed-b00d-b4188c80b455" />
    <UnitTestResult executionId="adf24f61-4238-4c78-9f03-1b1fd1595dd6" testId="1adc8a7a-23e3-07aa-2488-b1b0ec1bd11d" testName="EndQuerySessionTokenAsync_ShouldClearQuerySession_WhenPreviouslyRunningSessionIsStopped" computerName="DKSR-EFI-06" duration="00:00:00.3368329" startTime="2024-01-09T15:44:19.4043013+01:00" endTime="2024-01-09T15:44:19.7324259+01:00" testType="13cdc9d9-ddb5-4fa4-a97d-d965ccfc6d4b" outcome="Passed" testListId="8c84fa94-04c1-424b-9868-57a2d4851a1d" relativeResultsDirectory="adf24f61-4238-4c78-9f03-1b1fd1595dd6" />
    <UnitTestResult executionId="e99d2e24-9c40-47f6-8c6f-a3c4426fabac" testId="bb423a2d-e77e-922e-7cca-ac4e6e500c2c" testName="DoUploadCultureFiles_ShouldReturnFalse_IfDirectoryIsNull" computerName="DKSR-EFI-06" duration="00:00:00.0012554" startTime="2024-01-09T15:44:16.2636699+01:00" endTime="2024-01-09T15:44:16.2636699+01:00" testType="13cdc9d9-ddb5-4fa4-a97d-d965ccfc6d4b" outcome="Passed" testListId="8c84fa94-04c1-424b-9868-57a2d4851a1d" relativeResultsDirectory="e99d2e24-9c40-47f6-8c6f-a3c4426fabac" />
    <UnitTestResult executionId="e030d7c0-61b9-4003-84b0-3d39e23160c1" testId="0207a84d-d678-80a4-374f-019cfa942cab" testName="StartQuerySessionAsync_ShouldUseCorrectFilters" computerName="DKSR-EFI-06" duration="00:00:00.0072837" startTime="2024-01-09T15:44:16.6074233+01:00" endTime="2024-01-09T15:44:16.6074233+01:00" testType="13cdc9d9-ddb5-4fa4-a97d-d965ccfc6d4b" outcome="Passed" testListId="8c84fa94-04c1-424b-9868-57a2d4851a1d" relativeResultsDirectory="e030d7c0-61b9-4003-84b0-3d39e23160c1" />
    <UnitTestResult executionId="4ca50b6c-cd75-4d7f-8495-e6e8b2ba49e3" testId="736dbfb6-8744-07bc-2cc4-274557ee8f7b" testName="EndQuerySessionTokenAsync_ShouldNotDoAnything_IfQuerySessionHasNotBeenStarted" computerName="DKSR-EFI-06" duration="00:00:00.0638731" startTime="2024-01-09T15:44:19.2480491+01:00" endTime="2024-01-09T15:44:19.3105539+01:00" testType="13cdc9d9-ddb5-4fa4-a97d-d965ccfc6d4b" outcome="Passed" testListId="8c84fa94-04c1-424b-9868-57a2d4851a1d" relativeResultsDirectory="4ca50b6c-cd75-4d7f-8495-e6e8b2ba49e3" />
    <UnitTestResult executionId="d41c2913-0428-4161-827f-da393dcb6da2" testId="bf160454-ca42-37cd-a218-b3a0050d0c04" testName="Create_ShouldSetCredentialsToLoginSettingsNetworkCredentials_IfMIPEnvironmentIsInitialized" computerName="DKSR-EFI-06" duration="00:00:00.0569953" startTime="2024-01-09T15:44:22.5136823+01:00" endTime="2024-01-09T15:44:22.5761808+01:00" testType="13cdc9d9-ddb5-4fa4-a97d-d965ccfc6d4b" outcome="Passed" testListId="8c84fa94-04c1-424b-9868-57a2d4851a1d" relativeResultsDirectory="d41c2913-0428-4161-827f-da393dcb6da2" />
    <UnitTestResult executionId="d477eb20-a8f8-4865-a05e-954ed41df927" testId="08310f4d-f672-ad80-35c5-5cb19e182b35" testName="Constructors_ShouldNotAllowInjectionOfNulls" computerName="DKSR-EFI-06" duration="00:00:00.0082995" startTime="2024-01-09T15:44:22.2793049+01:00" endTime="2024-01-09T15:44:22.2793049+01:00" testType="13cdc9d9-ddb5-4fa4-a97d-d965ccfc6d4b" outcome="Passed" testListId="8c84fa94-04c1-424b-9868-57a2d4851a1d" relativeResultsDirectory="d477eb20-a8f8-4865-a05e-954ed41df927" />
    <UnitTestResult executionId="90780160-f327-45b5-bf55-2f7a9e44dbc9" testId="93cf8303-d6e5-db71-c919-018ef89f83c3" testName="ToLogMessages_ShouldTransformEntriesToLogMessages_WithCorrectId" computerName="DKSR-EFI-06" duration="00:00:00.0085373" startTime="2024-01-09T15:44:20.3730541+01:00" endTime="2024-01-09T15:44:20.3886790+01:00" testType="13cdc9d9-ddb5-4fa4-a97d-d965ccfc6d4b" outcome="Passed" testListId="8c84fa94-04c1-424b-9868-57a2d4851a1d" relativeResultsDirectory="90780160-f327-45b5-bf55-2f7a9e44dbc9" />
    <UnitTestResult executionId="ed60de8a-5a36-4e7c-8630-c68d8ed54cd8" testId="4599eece-b7e5-f53a-c36d-650dc3db0644" testName="WriteLegacyLoglineTokenAsync_ShouldPassCorrectParams" computerName="DKSR-EFI-06" duration="00:00:00.0494068" startTime="2024-01-09T15:44:10.0605373+01:00" endTime="2024-01-09T15:44:10.1074015+01:00" testType="13cdc9d9-ddb5-4fa4-a97d-d965ccfc6d4b" outcome="Passed" testListId="8c84fa94-04c1-424b-9868-57a2d4851a1d" relativeResultsDirectory="ed60de8a-5a36-4e7c-8630-c68d8ed54cd8" />
    <UnitTestResult executionId="4c28601a-4e81-40c3-870a-f7eb7fdf9cb0" testId="85a0c911-4d9b-f0cf-2307-5d56b2c855c8" testName="WriteLegacyLoglineAsync_ShouldPassCorrectParams" computerName="DKSR-EFI-06" duration="00:00:00.1688273" startTime="2024-01-09T15:44:09.8886510+01:00" endTime="2024-01-09T15:44:10.0605373+01:00" testType="13cdc9d9-ddb5-4fa4-a97d-d965ccfc6d4b" outcome="Passed" testListId="8c84fa94-04c1-424b-9868-57a2d4851a1d" relativeResultsDirectory="4c28601a-4e81-40c3-870a-f7eb7fdf9cb0" />
    <UnitTestResult executionId="1d8c95eb-69ac-4832-a0a4-85c44b2b717d" testId="b6dc9525-01a3-e0c4-451e-0f867a5ce453" testName="Create_ShouldSetCorrectEndpointAddress" computerName="DKSR-EFI-06" duration="00:00:00.0190335" startTime="2024-01-09T15:44:22.4355548+01:00" endTime="2024-01-09T15:44:22.4511792+01:00" testType="13cdc9d9-ddb5-4fa4-a97d-d965ccfc6d4b" outcome="Passed" testListId="8c84fa94-04c1-424b-9868-57a2d4851a1d" relativeResultsDirectory="1d8c95eb-69ac-4832-a0a4-85c44b2b717d" />
    <UnitTestResult executionId="8616074d-5350-4ad7-b6f0-f101140a3363" testId="6b895964-d16f-3cba-4299-1aaa4256aaac" testName="GetFilterValuesTokenAsync_ShouldReturnFilterValues" computerName="DKSR-EFI-06" duration="00:00:00.0405352" startTime="2024-01-09T15:44:20.1230523+01:00" endTime="2024-01-09T15:44:20.1699279+01:00" testType="13cdc9d9-ddb5-4fa4-a97d-d965ccfc6d4b" outcome="Passed" testListId="8c84fa94-04c1-424b-9868-57a2d4851a1d" relativeResultsDirectory="8616074d-5350-4ad7-b6f0-f101140a3363" />
    <UnitTestResult executionId="734ea4fd-df98-42c6-80cc-5844e19349b6" testId="6bd4e64a-403b-2246-3e7d-bff3950d867e" testName="ExtractMessagesFromXml_ShouldReturnExpectedNumberOfSourceTypes (TestFiles\TestXMLs\Large520.xml,41)" computerName="DKSR-EFI-06" duration="00:00:00.0082081" startTime="2024-01-09T15:44:13.8730425+01:00" endTime="2024-01-09T15:44:13.8886673+01:00" testType="13cdc9d9-ddb5-4fa4-a97d-d965ccfc6d4b" outcome="Passed" testListId="8c84fa94-04c1-424b-9868-57a2d4851a1d" relativeResultsDirectory="734ea4fd-df98-42c6-80cc-5844e19349b6">
      <Output>
        <StdOut>en-US</StdOut>
      </Output>
    </UnitTestResult>
    <UnitTestResult executionId="40eabbb2-a3f3-49b8-a9c3-04d4c0e41f11" testId="fe908b2a-47cc-1a75-6b07-95579f1ff3bd" testName="DoUploadCultureFile_ShouldRegisterWithCredentialValidation_IfMIPEnvironmentIsNotInitialized" computerName="DKSR-EFI-06" duration="00:00:00.0053762" startTime="2024-01-09T15:44:16.2480464+01:00" endTime="2024-01-09T15:44:16.2480464+01:00" testType="13cdc9d9-ddb5-4fa4-a97d-d965ccfc6d4b" outcome="Passed" testListId="8c84fa94-04c1-424b-9868-57a2d4851a1d" relativeResultsDirectory="40eabbb2-a3f3-49b8-a9c3-04d4c0e41f11">
      <Output>
        <StdOut>en-US</StdOut>
      </Output>
    </UnitTestResult>
    <UnitTestResult executionId="8b6d4aa9-cfcb-49f2-ac75-119064c68e03" testId="6907c083-38d4-a0e4-dacd-80087df0da9e" testName="RegisterCategoryTokenAsync_ShouldPassCorrectParams" computerName="DKSR-EFI-06" duration="00:00:00.4240144" startTime="2024-01-09T15:44:07.8886446+01:00" endTime="2024-01-09T15:44:08.3105212+01:00" testType="13cdc9d9-ddb5-4fa4-a97d-d965ccfc6d4b" outcome="Passed" testListId="8c84fa94-04c1-424b-9868-57a2d4851a1d" relativeResultsDirectory="8b6d4aa9-cfcb-49f2-ac75-119064c68e03" />
    <UnitTestResult executionId="4bb1d616-d17e-4cc9-966d-5bc5cd0b7356" testId="bca8daf8-450d-5dd2-5d1b-77cc155869d6" testName="ExtractMessagesFromXml_ShouldSetCorrectSourceTypeOnEntry (TestFiles\TestXMLs\SimpleKR9.xml,LPREventSearch,LPR)" computerName="DKSR-EFI-06" duration="00:00:00.0025408" startTime="2024-01-09T15:44:14.1699155+01:00" endTime="2024-01-09T15:44:14.1699155+01:00" testType="13cdc9d9-ddb5-4fa4-a97d-d965ccfc6d4b" outcome="Passed" testListId="8c84fa94-04c1-424b-9868-57a2d4851a1d" relativeResultsDirectory="4bb1d616-d17e-4cc9-966d-5bc5cd0b7356">
      <Output>
        <StdOut>ko-KR</StdOut>
      </Output>
    </UnitTestResult>
    <UnitTestResult executionId="f18cd9d0-a85b-4d98-8864-4c7e36b346b1" testId="d27e985f-2267-0a49-87ad-5eb3ad9a770e" testName="ExtractMessagesFromXml_ShouldSetCorrectLogTypeOnEntry (ExportBegun,System)" computerName="DKSR-EFI-06" duration="00:00:00.0066823" startTime="2024-01-09T15:44:13.4511630+01:00" endTime="2024-01-09T15:44:13.6699152+01:00" testType="13cdc9d9-ddb5-4fa4-a97d-d965ccfc6d4b" outcome="Passed" testListId="8c84fa94-04c1-424b-9868-57a2d4851a1d" relativeResultsDirectory="f18cd9d0-a85b-4d98-8864-4c7e36b346b1">
      <Output>
        <StdOut>en-US</StdOut>
      </Output>
    </UnitTestResult>
    <UnitTestResult executionId="976d91ad-1739-444d-9b00-ff0a0630ee5c" testId="5bc88eec-e68a-c6be-64e3-ba75f927987e" testName="DoUploadCultureFile_ShouldReturnFalse_IfFileDoesNotExist" computerName="DKSR-EFI-06" duration="00:00:00.0020450" startTime="2024-01-09T15:44:15.9199183+01:00" endTime="2024-01-09T15:44:15.9199183+01:00" testType="13cdc9d9-ddb5-4fa4-a97d-d965ccfc6d4b" outcome="Passed" testListId="8c84fa94-04c1-424b-9868-57a2d4851a1d" relativeResultsDirectory="976d91ad-1739-444d-9b00-ff0a0630ee5c" />
    <UnitTestResult executionId="81df7164-e7c5-430f-ad15-3b278c764987" testId="bdd8d4fe-4058-aef2-0d58-025fc8ab2d74" testName="RegisterLogMessagesAsync_ShouldPassCorrectParams" computerName="DKSR-EFI-06" duration="00:00:01.5715048" startTime="2024-01-09T15:44:05.7167642+01:00" endTime="2024-01-09T15:44:07.3417676+01:00" testType="13cdc9d9-ddb5-4fa4-a97d-d965ccfc6d4b" outcome="Passed" testListId="8c84fa94-04c1-424b-9868-57a2d4851a1d" relativeResultsDirectory="81df7164-e7c5-430f-ad15-3b278c764987" />
    <UnitTestResult executionId="fcdd508e-5ace-451b-9bd6-0a8c5ee9886f" testId="a9befe5e-a1fe-4335-a2a4-b001dfe290b4" testName="Create_ShouldSetCredentialsToLoginSettingsNetworkCredentials_IfMIPEnvironmentIsInitialized" computerName="DKSR-EFI-06" duration="00:00:01.3943532" startTime="2024-01-09T15:44:20.4043036+01:00" endTime="2024-01-09T15:44:21.8105556+01:00" testType="13cdc9d9-ddb5-4fa4-a97d-d965ccfc6d4b" outcome="Passed" testListId="8c84fa94-04c1-424b-9868-57a2d4851a1d" relativeResultsDirectory="fcdd508e-5ace-451b-9bd6-0a8c5ee9886f" />
    <UnitTestResult executionId="52f02a27-a030-4c10-9bb7-7f4a742cad54" testId="a8364fbb-b5a2-ea12-610f-86d32b76c759" testName="ExtractMessagesFromXml_ShouldReturnExpectedNumberOfEntries (TestFiles\TestXMLs\CombinedGroups48.xml,48)" computerName="DKSR-EFI-06" duration="00:00:00.0061524" startTime="2024-01-09T15:44:13.4199130+01:00" endTime="2024-01-09T15:44:13.4199130+01:00" testType="13cdc9d9-ddb5-4fa4-a97d-d965ccfc6d4b" outcome="Passed" testListId="8c84fa94-04c1-424b-9868-57a2d4851a1d" relativeResultsDirectory="52f02a27-a030-4c10-9bb7-7f4a742cad54">
      <Output>
        <StdOut>en-US</StdOut>
      </Output>
    </UnitTestResult>
    <UnitTestResult executionId="a3ce6856-2da9-4bcf-a627-6c9dc9308d1b" testId="badbd886-4256-36d6-b407-7caca836cddf" testName="CallWithRetryAsync_CallsAllLambdasUntilTheyPass_IfThereAreMultipleLambdas" computerName="DKSR-EFI-06" duration="00:00:00.1599566" startTime="2024-01-09T15:44:04.9511390+01:00" endTime="2024-01-09T15:44:05.1073897+01:00" testType="13cdc9d9-ddb5-4fa4-a97d-d965ccfc6d4b" outcome="Passed" testListId="8c84fa94-04c1-424b-9868-57a2d4851a1d" relativeResultsDirectory="a3ce6856-2da9-4bcf-a627-6c9dc9308d1b" />
    <UnitTestResult executionId="d8f044d7-93c3-49f8-9999-798d89732e29" testId="9617b6cc-73f3-9d59-f2da-862ee903bd8c" testName="CallAsync_ShouldThrowCommunicationServiceException_WhenFuncThrowsExpectedException (System.TimeoutException)" computerName="DKSR-EFI-06" duration="00:00:00.0009601" startTime="2024-01-09T15:44:04.3730121+01:00" endTime="2024-01-09T15:44:04.5136360+01:00" testType="13cdc9d9-ddb5-4fa4-a97d-d965ccfc6d4b" outcome="Passed" testListId="8c84fa94-04c1-424b-9868-57a2d4851a1d" relativeResultsDirectory="d8f044d7-93c3-49f8-9999-798d89732e29" />
    <UnitTestResult executionId="08a89291-89cc-4e59-a7fb-42f9d3eb0b8a" testId="2d5548d0-1b64-5fe8-35aa-ef8cb319ee22" testName="CallAsync_ShouldThrowArgumentNullException_WhenParameterIsNull" computerName="DKSR-EFI-06" duration="00:00:00.1186542" startTime="2024-01-09T15:44:04.2480129+01:00" endTime="2024-01-09T15:44:04.3730121+01:00" testType="13cdc9d9-ddb5-4fa4-a97d-d965ccfc6d4b" outcome="Passed" testListId="8c84fa94-04c1-424b-9868-57a2d4851a1d" relativeResultsDirectory="08a89291-89cc-4e59-a7fb-42f9d3eb0b8a" />
    <UnitTestResult executionId="3bdc588e-eff6-4524-b44d-523ed89e5903" testId="77f6d4a2-86d9-b896-3535-74c1b7eccbc6" testName="ExtractMessagesFromXml_ShouldSetCorrectLogTypeOnEntry (MonitorLayoutCameraPlaced,Rule)" computerName="DKSR-EFI-06" duration="00:00:00.0017520" startTime="2024-01-09T15:44:13.6855389+01:00" endTime="2024-01-09T15:44:13.6855389+01:00" testType="13cdc9d9-ddb5-4fa4-a97d-d965ccfc6d4b" outcome="Passed" testListId="8c84fa94-04c1-424b-9868-57a2d4851a1d" relativeResultsDirectory="3bdc588e-eff6-4524-b44d-523ed89e5903">
      <Output>
        <StdOut>en-US</StdOut>
      </Output>
    </UnitTestResult>
    <UnitTestResult executionId="2f3ea20d-5a0b-4a03-a711-9f2bcf0c5b80" testId="c63998ff-057d-127a-a599-7bd00fbae3de" testName="ExtractMessagesFromXml_ShouldSetCorrectCategoryOnEntry (MapNavigationServerChanged,)" computerName="DKSR-EFI-06" duration="00:00:00.0038852" startTime="2024-01-09T15:44:13.9824158+01:00" endTime="2024-01-09T15:44:13.9980389+01:00" testType="13cdc9d9-ddb5-4fa4-a97d-d965ccfc6d4b" outcome="Passed" testListId="8c84fa94-04c1-424b-9868-57a2d4851a1d" relativeResultsDirectory="2f3ea20d-5a0b-4a03-a711-9f2bcf0c5b80">
      <Output>
        <StdOut>en-US</StdOut>
      </Output>
    </UnitTestResult>
    <UnitTestResult executionId="0f64c713-ce9d-4110-ad92-0da4922dd3e5" testId="942a3e80-1eab-4a73-7cbf-0148511dbcf7" testName="RegisterLogMessagesTokenAsync_ShouldPassCorrectParams" computerName="DKSR-EFI-06" duration="00:00:00.3103936" startTime="2024-01-09T15:44:07.3417676+01:00" endTime="2024-01-09T15:44:07.6542671+01:00" testType="13cdc9d9-ddb5-4fa4-a97d-d965ccfc6d4b" outcome="Passed" testListId="8c84fa94-04c1-424b-9868-57a2d4851a1d" relativeResultsDirectory="0f64c713-ce9d-4110-ad92-0da4922dd3e5" />
    <UnitTestResult executionId="592c84b9-0e72-4705-bedb-c004b6f5ae23" testId="7edf0f60-8715-664d-d672-6e3b8e74effc" testName="Config_LogWriterClientBindingSendTimeoutSetToDefault" computerName="DKSR-EFI-06" duration="00:00:00.0117869" startTime="2024-01-09T15:44:22.9511807+01:00" endTime="2024-01-09T15:44:22.9824303+01:00" testType="13cdc9d9-ddb5-4fa4-a97d-d965ccfc6d4b" outcome="Passed" testListId="8c84fa94-04c1-424b-9868-57a2d4851a1d" relativeResultsDirectory="592c84b9-0e72-4705-bedb-c004b6f5ae23" />
    <UnitTestResult executionId="4c313dea-7edd-4c07-8f5b-dba666a380cc" testId="6a99f0b0-dccf-d59e-1ea3-8eedac771201" testName="ExtractMessagesFromXml_ShouldSetCorrectVersion (TestFiles\TestXMLs\Simple9.xml,4.0.14)" computerName="DKSR-EFI-06" duration="00:00:00.0016214" startTime="2024-01-09T15:44:13.8886673+01:00" endTime="2024-01-09T15:44:13.8886673+01:00" testType="13cdc9d9-ddb5-4fa4-a97d-d965ccfc6d4b" outcome="Passed" testListId="8c84fa94-04c1-424b-9868-57a2d4851a1d" relativeResultsDirectory="4c313dea-7edd-4c07-8f5b-dba666a380cc">
      <Output>
        <StdOut>en-US</StdOut>
      </Output>
    </UnitTestResult>
    <UnitTestResult executionId="6ae4893b-dd68-4916-bf32-026835482f10" testId="9be429ed-7966-1558-1657-ef41e01e86b9" testName="Config_LogReaderClientBindingReceiveTimeoutCanBeConfiguredFromAppSettings" computerName="DKSR-EFI-06" duration="00:00:00.0273724" startTime="2024-01-09T15:44:22.4511792+01:00" endTime="2024-01-09T15:44:22.4824329+01:00" testType="13cdc9d9-ddb5-4fa4-a97d-d965ccfc6d4b" outcome="Passed" testListId="8c84fa94-04c1-424b-9868-57a2d4851a1d" relativeResultsDirectory="6ae4893b-dd68-4916-bf32-026835482f10" />
    <UnitTestResult executionId="f6a85847-728f-4bc7-b925-8988f2360ae2" testId="13048096-8df1-a404-1131-b9b028c5de3a" testName="ExtractMessagesFromXml_ShouldSetCorrectSourceTypeOnEntry (TestFiles\TestXMLs\Large520.xml,RecorderStarted,)" computerName="DKSR-EFI-06" duration="00:00:00.0239320" startTime="2024-01-09T15:44:14.0292916+01:00" endTime="2024-01-09T15:44:14.0605402+01:00" testType="13cdc9d9-ddb5-4fa4-a97d-d965ccfc6d4b" outcome="Passed" testListId="8c84fa94-04c1-424b-9868-57a2d4851a1d" relativeResultsDirectory="f6a85847-728f-4bc7-b925-8988f2360ae2">
      <Output>
        <StdOut>en-US</StdOut>
      </Output>
    </UnitTestResult>
    <UnitTestResult executionId="40b2bdba-15f2-4524-9131-851fa9a9c31d" testId="48279b0f-faf7-b592-4f52-51dcac4755c3" testName="FetchRuleLoglinesTokenAsync_ShouldReturnLoglines" computerName="DKSR-EFI-06" duration="00:00:00.0574201" startTime="2024-01-09T15:44:18.7324268+01:00" endTime="2024-01-09T15:44:18.7949270+01:00" testType="13cdc9d9-ddb5-4fa4-a97d-d965ccfc6d4b" outcome="Passed" testListId="8c84fa94-04c1-424b-9868-57a2d4851a1d" relativeResultsDirectory="40b2bdba-15f2-4524-9131-851fa9a9c31d" />
    <UnitTestResult executionId="8a508e27-e1ae-40e1-b50e-138469116b0d" testId="91a1044a-970f-5ce4-c09f-c08d99389089" testName="DoUploadCultureFiles_ShouldRegisterWithCredentialValidation_IfUserIsNotBasicUser" computerName="DKSR-EFI-06" duration="00:00:00.0093879" startTime="2024-01-09T15:44:16.5449241+01:00" endTime="2024-01-09T15:44:16.5449241+01:00" testType="13cdc9d9-ddb5-4fa4-a97d-d965ccfc6d4b" outcome="Passed" testListId="8c84fa94-04c1-424b-9868-57a2d4851a1d" relativeResultsDirectory="8a508e27-e1ae-40e1-b50e-138469116b0d">
      <Output>
        <StdOut>en-US&#xD;
en-US</StdOut>
      </Output>
    </UnitTestResult>
    <UnitTestResult executionId="de11758b-9c02-408f-9d3d-a0363444afd5" testId="b4c67156-b25e-38b0-705c-d5a9b034170b" testName="ExtractMessagesFromXml_ShouldSetCorrectCulture (TestFiles\TestXMLs\SimpleKR9.xml,ko-KR)" computerName="DKSR-EFI-06" duration="00:00:00.0010438" startTime="2024-01-09T15:44:13.9355401+01:00" endTime="2024-01-09T15:44:13.9355401+01:00" testType="13cdc9d9-ddb5-4fa4-a97d-d965ccfc6d4b" outcome="Passed" testListId="8c84fa94-04c1-424b-9868-57a2d4851a1d" relativeResultsDirectory="de11758b-9c02-408f-9d3d-a0363444afd5">
      <Output>
        <StdOut>ko-KR</StdOut>
      </Output>
    </UnitTestResult>
    <UnitTestResult executionId="9378a658-a7ab-42ba-9b18-5316733662cb" testId="a3ce31ce-a70a-12fd-1790-3e015d94bf1b" testName="FetchRuleLoglinesAsync_ShouldUseCorrectQuerySessionId_AfterStartQuerySessionAsync" computerName="DKSR-EFI-06" duration="00:00:00.0116811" startTime="2024-01-09T15:44:18.7949270+01:00" endTime="2024-01-09T15:44:18.8105516+01:00" testType="13cdc9d9-ddb5-4fa4-a97d-d965ccfc6d4b" outcome="Passed" testListId="8c84fa94-04c1-424b-9868-57a2d4851a1d" relativeResultsDirectory="9378a658-a7ab-42ba-9b18-5316733662cb" />
    <UnitTestResult executionId="a3c89e0f-3119-4011-9932-cc7a140cae9a" testId="8b3db817-aa30-ea6d-4629-f6f2628b1e34" testName="ExtractMessagesFromXml_ShouldSetCorrectCulture (TestFiles\TestXMLs\CombinedGroups48.xml,en-US)" computerName="DKSR-EFI-06" duration="00:00:00.0011704" startTime="2024-01-09T15:44:13.9199167+01:00" endTime="2024-01-09T15:44:13.9199167+01:00" testType="13cdc9d9-ddb5-4fa4-a97d-d965ccfc6d4b" outcome="Passed" testListId="8c84fa94-04c1-424b-9868-57a2d4851a1d" relativeResultsDirectory="a3c89e0f-3119-4011-9932-cc7a140cae9a">
      <Output>
        <StdOut>en-US</StdOut>
      </Output>
    </UnitTestResult>
    <UnitTestResult executionId="c47cfec6-55fc-43ae-b5d9-db03da7036ca" testId="bcfcd220-0633-2a7a-a358-b24f28ae5a72" testName="Config_LogWriterClientBindingOpenTimeoutCanBeConfiguredFromAppSettings" computerName="DKSR-EFI-06" duration="00:00:00.0285860" startTime="2024-01-09T15:44:22.9199335+01:00" endTime="2024-01-09T15:44:22.9355576+01:00" testType="13cdc9d9-ddb5-4fa4-a97d-d965ccfc6d4b" outcome="Passed" testListId="8c84fa94-04c1-424b-9868-57a2d4851a1d" relativeResultsDirectory="c47cfec6-55fc-43ae-b5d9-db03da7036ca" />
    <UnitTestResult executionId="4d09d03b-5255-47dc-83ee-d9d0f45ed48d" testId="883115cd-0053-c36c-1a96-151e09055999" testName="ToLogMessages_ShouldTransformEntriesToLogMessages_WithCorrectCulture" computerName="DKSR-EFI-06" duration="00:00:00.1700086" startTime="2024-01-09T15:44:20.2011766+01:00" endTime="2024-01-09T15:44:20.3730541+01:00" testType="13cdc9d9-ddb5-4fa4-a97d-d965ccfc6d4b" outcome="Passed" testListId="8c84fa94-04c1-424b-9868-57a2d4851a1d" relativeResultsDirectory="4d09d03b-5255-47dc-83ee-d9d0f45ed48d" />
    <UnitTestResult executionId="4d547ae8-354c-4e9f-b9e0-ad5d57ab09a5" testId="b86f95fe-b8eb-93b5-85ac-c4b377aa3ab2" testName="CallAsync_ShouldRethrowException_WhenFuncThrowsUnexpectedException" computerName="DKSR-EFI-06" duration="00:00:00.0030580" startTime="2024-01-09T15:44:04.5136360+01:00" endTime="2024-01-09T15:44:04.5136360+01:00" testType="13cdc9d9-ddb5-4fa4-a97d-d965ccfc6d4b" outcome="Passed" testListId="8c84fa94-04c1-424b-9868-57a2d4851a1d" relativeResultsDirectory="4d547ae8-354c-4e9f-b9e0-ad5d57ab09a5" />
    <UnitTestResult executionId="4b9325ef-41a7-46ff-8be6-c8d8e65a2f4a" testId="674d8125-a7aa-840d-f0bd-15e06befbf23" testName="StartQuerySessionAsync_ShouldSetTotalLoglinesCount" computerName="DKSR-EFI-06" duration="00:00:00.0235472" startTime="2024-01-09T15:44:16.5449241+01:00" endTime="2024-01-09T15:44:16.5761704+01:00" testType="13cdc9d9-ddb5-4fa4-a97d-d965ccfc6d4b" outcome="Passed" testListId="8c84fa94-04c1-424b-9868-57a2d4851a1d" relativeResultsDirectory="4b9325ef-41a7-46ff-8be6-c8d8e65a2f4a" />
    <UnitTestResult executionId="99edeefc-afa7-4015-9e4f-1b31744da03a" testId="ef0c6ab2-43d5-3d91-1f2c-f2e69a8694fc" testName="ToLogMessages_ShouldTransformEntriesToLogMessages_WithCorrectMessageText" computerName="DKSR-EFI-06" duration="00:00:00.0035674" startTime="2024-01-09T15:44:20.4043036+01:00" endTime="2024-01-09T15:44:20.4043036+01:00" testType="13cdc9d9-ddb5-4fa4-a97d-d965ccfc6d4b" outcome="Passed" testListId="8c84fa94-04c1-424b-9868-57a2d4851a1d" relativeResultsDirectory="99edeefc-afa7-4015-9e4f-1b31744da03a" />
    <UnitTestResult executionId="d941c2ad-6c29-40c5-8beb-baa44df34259" testId="875327b0-fa5d-7205-4d8d-e58b1043343b" testName="Create_ShouldSetEndpointAddressUsingLogServerUri_IfMIPEnvironmentIsNotInitializedAndUriIsGiven" computerName="DKSR-EFI-06" duration="00:00:00.0043092" startTime="2024-01-09T15:44:22.9043053+01:00" endTime="2024-01-09T15:44:22.9043053+01:00" testType="13cdc9d9-ddb5-4fa4-a97d-d965ccfc6d4b" outcome="Passed" testListId="8c84fa94-04c1-424b-9868-57a2d4851a1d" relativeResultsDirectory="d941c2ad-6c29-40c5-8beb-baa44df34259" />
    <UnitTestResult executionId="42e2e98c-e446-4ef4-b38c-63e22910c542" testId="dddbaefa-c058-6c4c-31ba-74cab88a0422" testName="Config_LogConfigurationClientBindingCloseTimeoutSetToDefault" computerName="DKSR-EFI-06" duration="00:00:00.0239944" startTime="2024-01-09T15:44:22.2480565+01:00" endTime="2024-01-09T15:44:22.2793049+01:00" testType="13cdc9d9-ddb5-4fa4-a97d-d965ccfc6d4b" outcome="Passed" testListId="8c84fa94-04c1-424b-9868-57a2d4851a1d" relativeResultsDirectory="42e2e98c-e446-4ef4-b38c-63e22910c542" />
    <UnitTestResult executionId="e18727e9-c319-4bba-a460-eeffee0262a8" testId="73bac923-e59e-0327-f38b-88570fb14315" testName="WriteLoglineAsync_ShouldPassCorrectParams" computerName="DKSR-EFI-06" duration="00:00:00.3365803" startTime="2024-01-09T15:44:09.5136494+01:00" endTime="2024-01-09T15:44:09.8574004+01:00" testType="13cdc9d9-ddb5-4fa4-a97d-d965ccfc6d4b" outcome="Passed" testListId="8c84fa94-04c1-424b-9868-57a2d4851a1d" relativeResultsDirectory="e18727e9-c319-4bba-a460-eeffee0262a8" />
    <UnitTestResult executionId="ae9dab91-3fab-4e3a-9d23-d7b4ecbf2f4d" testId="b26ef1a0-ca7c-5175-29dd-e3e02c9d2b2e" testName="ExtractMessagesFromXml_ShouldSetCorrectVersion (TestFiles\TestXMLs\CombinedGroups48.xml,12.0.2)" computerName="DKSR-EFI-06" duration="00:00:00.0011234" startTime="2024-01-09T15:44:13.8886673+01:00" endTime="2024-01-09T15:44:13.8886673+01:00" testType="13cdc9d9-ddb5-4fa4-a97d-d965ccfc6d4b" outcome="Passed" testListId="8c84fa94-04c1-424b-9868-57a2d4851a1d" relativeResultsDirectory="ae9dab91-3fab-4e3a-9d23-d7b4ecbf2f4d">
      <Output>
        <StdOut>en-US</StdOut>
      </Output>
    </UnitTestResult>
    <UnitTestResult executionId="6674df77-0959-4b19-bcd6-0ec0f24e58ad" testId="539e7ed0-1a6b-b0d1-b826-cc429641c877" testName="ExtractMessagesFromXml_ShouldSetCorrectVersion (TestFiles\TestXMLs\Large520.xml,)" computerName="DKSR-EFI-06" duration="00:00:00.0077663" startTime="2024-01-09T15:44:13.9042911+01:00" endTime="2024-01-09T15:44:13.9042911+01:00" testType="13cdc9d9-ddb5-4fa4-a97d-d965ccfc6d4b" outcome="Passed" testListId="8c84fa94-04c1-424b-9868-57a2d4851a1d" relativeResultsDirectory="6674df77-0959-4b19-bcd6-0ec0f24e58ad">
      <Output>
        <StdOut>en-US</StdOut>
      </Output>
    </UnitTestResult>
    <UnitTestResult executionId="0e8b8f71-cb9f-4c89-a400-cd929fc08150" testId="b27e714f-fc99-1bd2-c3e6-37ebae722373" testName="WriteLoglineTokenAsync_ShouldPassCorrectParams" computerName="DKSR-EFI-06" duration="00:00:00.0272364" startTime="2024-01-09T15:44:09.8574004+01:00" endTime="2024-01-09T15:44:09.8886510+01:00" testType="13cdc9d9-ddb5-4fa4-a97d-d965ccfc6d4b" outcome="Passed" testListId="8c84fa94-04c1-424b-9868-57a2d4851a1d" relativeResultsDirectory="0e8b8f71-cb9f-4c89-a400-cd929fc08150" />
    <UnitTestResult executionId="363b581b-495c-4de8-b13b-80ac56b01163" testId="e8891b59-88d5-e758-a453-beadcaf25e22" testName="FetchSystemLoglinesTokenAsync_ShouldUseCorrectQuerySessionId_AfterStartQuerySessionAsync" computerName="DKSR-EFI-06" duration="00:00:00.0529773" startTime="2024-01-09T15:44:18.5449281+01:00" endTime="2024-01-09T15:44:18.5918009+01:00" testType="13cdc9d9-ddb5-4fa4-a97d-d965ccfc6d4b" outcome="Passed" testListId="8c84fa94-04c1-424b-9868-57a2d4851a1d" relativeResultsDirectory="363b581b-495c-4de8-b13b-80ac56b01163" />
    <UnitTestResult executionId="085df111-4a4c-45c2-985b-7d202e9c0cf2" testId="446a9572-a221-3e10-2ac5-6b6981646eca" testName="ExtractMessagesFromXml_ShouldSetCorrectSourceTypeOnEntry (TestFiles\TestXMLs\CombinedGroups48.xml,ExportBegun,Export)" computerName="DKSR-EFI-06" duration="00:00:00.0793131" startTime="2024-01-09T15:44:14.0761672+01:00" endTime="2024-01-09T15:44:14.1542899+01:00" testType="13cdc9d9-ddb5-4fa4-a97d-d965ccfc6d4b" outcome="Passed" testListId="8c84fa94-04c1-424b-9868-57a2d4851a1d" relativeResultsDirectory="085df111-4a4c-45c2-985b-7d202e9c0cf2">
      <Output>
        <StdOut>en-US</StdOut>
      </Output>
    </UnitTestResult>
    <UnitTestResult executionId="4d19a7f4-e686-44b2-814e-e6af5f07b4b8" testId="bb6f7b91-945f-b496-b78b-57eb63b9763f" testName="CallAsync_ShouldNotRecreateClient_WhenNoExceptionsThrown" computerName="DKSR-EFI-06" duration="00:00:00.0132191" startTime="2024-01-09T15:44:04.7323874+01:00" endTime="2024-01-09T15:44:04.7323874+01:00" testType="13cdc9d9-ddb5-4fa4-a97d-d965ccfc6d4b" outcome="Passed" testListId="8c84fa94-04c1-424b-9868-57a2d4851a1d" relativeResultsDirectory="4d19a7f4-e686-44b2-814e-e6af5f07b4b8" />
    <UnitTestResult executionId="e2bb0f73-8b4a-4362-bb85-325a658fe9c8" testId="cd450799-898f-7592-470a-680a22fc3b31" testName="ExtractMessagesFromXml_ShouldReturnExpectedNumberOfEntries (TestFiles\TestXMLs\Large520.xml,520)" computerName="DKSR-EFI-06" duration="00:00:00.0159079" startTime="2024-01-09T15:44:13.4355393+01:00" endTime="2024-01-09T15:44:13.4511630+01:00" testType="13cdc9d9-ddb5-4fa4-a97d-d965ccfc6d4b" outcome="Passed" testListId="8c84fa94-04c1-424b-9868-57a2d4851a1d" relativeResultsDirectory="e2bb0f73-8b4a-4362-bb85-325a658fe9c8">
      <Output>
        <StdOut>en-US</StdOut>
      </Output>
    </UnitTestResult>
    <UnitTestResult executionId="106e0825-a96c-4ac6-bc25-5af4d9bc7ac1" testId="779652e4-8fbe-3b7e-110d-d5f43eed27ad" testName="Create_ShouldSetCredentialsToDefaultNetworkCredentials_IfMIPEnvironmentIsNotInitializedAndUriIsGiven" computerName="DKSR-EFI-06" duration="00:00:00.0498380" startTime="2024-01-09T15:44:21.8105556+01:00" endTime="2024-01-09T15:44:21.8574297+01:00" testType="13cdc9d9-ddb5-4fa4-a97d-d965ccfc6d4b" outcome="Passed" testListId="8c84fa94-04c1-424b-9868-57a2d4851a1d" relativeResultsDirectory="106e0825-a96c-4ac6-bc25-5af4d9bc7ac1" />
    <UnitTestResult executionId="5327c62e-d5bb-4193-a281-361d42aa5413" testId="feb5d8b3-90c1-1a40-7ce8-c06bb192fe75" testName="ExtractMessagesFromXml_ShouldSetCorrectSourceTypeOnEntry (TestFiles\TestXMLs\Simple9.xml,LPREventSearch,LPR)" computerName="DKSR-EFI-06" duration="00:00:00.0009636" startTime="2024-01-09T15:44:14.1855385+01:00" endTime="2024-01-09T15:44:14.1855385+01:00" testType="13cdc9d9-ddb5-4fa4-a97d-d965ccfc6d4b" outcome="Passed" testListId="8c84fa94-04c1-424b-9868-57a2d4851a1d" relativeResultsDirectory="5327c62e-d5bb-4193-a281-361d42aa5413">
      <Output>
        <StdOut>en-US</StdOut>
      </Output>
    </UnitTestResult>
    <UnitTestResult executionId="e2094c87-105c-46f3-baf2-49026de92631" testId="659ea7ef-7a9e-011e-503e-a43b4fac0d99" testName="CallAsync_ShouldNotRetryCall_WhenFuncThrowsNotCommunicationException (System.OutOfMemoryException)" computerName="DKSR-EFI-06" duration="00:00:00.0015814" startTime="2024-01-09T15:44:04.6855126+01:00" endTime="2024-01-09T15:44:04.7011379+01:00" testType="13cdc9d9-ddb5-4fa4-a97d-d965ccfc6d4b" outcome="Passed" testListId="8c84fa94-04c1-424b-9868-57a2d4851a1d" relativeResultsDirectory="e2094c87-105c-46f3-baf2-49026de92631" />
    <UnitTestResult executionId="ef80fef9-2bf8-4a57-9561-06ff258cc8d7" testId="1293f5e2-447e-305e-3427-6c7f78f01ac9" testName="Create_ShouldSetCorrectCredentials" computerName="DKSR-EFI-06" duration="00:00:00.1377420" startTime="2024-01-09T15:44:22.2793049+01:00" endTime="2024-01-09T15:44:22.4199287+01:00" testType="13cdc9d9-ddb5-4fa4-a97d-d965ccfc6d4b" outcome="Passed" testListId="8c84fa94-04c1-424b-9868-57a2d4851a1d" relativeResultsDirectory="ef80fef9-2bf8-4a57-9561-06ff258cc8d7" />
    <UnitTestResult executionId="8eb18382-7e66-4c90-9bb5-91bcdb1633b2" testId="3c41982f-e495-367d-236b-2f52da3f812e" testName="IsQuerySessionStarted_ShouldBeFalse_ByDefault" computerName="DKSR-EFI-06" duration="00:00:00.0014581" startTime="2024-01-09T15:44:18.9980528+01:00" endTime="2024-01-09T15:44:18.9980528+01:00" testType="13cdc9d9-ddb5-4fa4-a97d-d965ccfc6d4b" outcome="Passed" testListId="8c84fa94-04c1-424b-9868-57a2d4851a1d" relativeResultsDirectory="8eb18382-7e66-4c90-9bb5-91bcdb1633b2" />
    <UnitTestResult executionId="c775fb59-fe8e-4bdb-aa99-6a9445baab16" testId="1098abe6-c55a-a368-12bc-c2ed2e00256b" testName="StartQuerySessionTokenAsync_ShouldSetIsQuerySessionStarted" computerName="DKSR-EFI-06" duration="00:00:00.0037155" startTime="2024-01-09T15:44:16.5917950+01:00" endTime="2024-01-09T15:44:16.6074233+01:00" testType="13cdc9d9-ddb5-4fa4-a97d-d965ccfc6d4b" outcome="Passed" testListId="8c84fa94-04c1-424b-9868-57a2d4851a1d" relativeResultsDirectory="c775fb59-fe8e-4bdb-aa99-6a9445baab16" />
    <UnitTestResult executionId="c2b31af6-1c67-4959-8da2-ba1632492929" testId="e9dceb4c-247f-b92b-575c-87dcfdd7e26d" testName="GetFilterValuesTimestampAsync_ShouldReturnFilterValues" computerName="DKSR-EFI-06" duration="00:00:00.0180794" startTime="2024-01-09T15:44:20.1699279+01:00" endTime="2024-01-09T15:44:20.2011766+01:00" testType="13cdc9d9-ddb5-4fa4-a97d-d965ccfc6d4b" outcome="Passed" testListId="8c84fa94-04c1-424b-9868-57a2d4851a1d" relativeResultsDirectory="c2b31af6-1c67-4959-8da2-ba1632492929" />
    <UnitTestResult executionId="9400d6a2-5ce6-48c8-afd2-b696ba1f54a0" testId="d12f19f0-2377-0b81-6775-97d89862ddb4" testName="DoUploadCultureFile_ShouldRegisterWithTokenValidation_IfUserIsBasicUser" computerName="DKSR-EFI-06" duration="00:00:00.2695845" startTime="2024-01-09T15:44:15.9667952+01:00" endTime="2024-01-09T15:44:16.2480464+01:00" testType="13cdc9d9-ddb5-4fa4-a97d-d965ccfc6d4b" outcome="Passed" testListId="8c84fa94-04c1-424b-9868-57a2d4851a1d" relativeResultsDirectory="9400d6a2-5ce6-48c8-afd2-b696ba1f54a0">
      <Output>
        <StdOut>en-US</StdOut>
      </Output>
    </UnitTestResult>
    <UnitTestResult executionId="df2c21ec-cb0d-408c-8e38-0fc93db7b072" testId="1c619f85-d91b-ea60-2757-6679c81d96dc" testName="DoUploadCultureFile_ShouldReturnFalse_IfRegistrationFails" computerName="DKSR-EFI-06" duration="00:00:00.0026281" startTime="2024-01-09T15:44:15.9511695+01:00" endTime="2024-01-09T15:44:15.9511695+01:00" testType="13cdc9d9-ddb5-4fa4-a97d-d965ccfc6d4b" outcome="Passed" testListId="8c84fa94-04c1-424b-9868-57a2d4851a1d" relativeResultsDirectory="df2c21ec-cb0d-408c-8e38-0fc93db7b072" />
    <UnitTestResult executionId="1295d86d-abde-479e-bac3-9b5cba1b59bc" testId="6df9d8fe-99b1-520f-3539-fe9a729cb9bf" testName="Constructors_ShouldNotAllowInjectionOfNulls" computerName="DKSR-EFI-06" duration="00:00:00.4913697" startTime="2024-01-09T15:44:03.3417609+01:00" endTime="2024-01-09T15:44:04.1855127+01:00" testType="13cdc9d9-ddb5-4fa4-a97d-d965ccfc6d4b" outcome="Passed" testListId="8c84fa94-04c1-424b-9868-57a2d4851a1d" relativeResultsDirectory="1295d86d-abde-479e-bac3-9b5cba1b59bc" />
    <UnitTestResult executionId="736d8709-cc4d-4163-b866-1207ef5b382d" testId="a836b8aa-0561-a3b3-cf59-73ebce5adc53" testName="FetchRuleLoglinesAsync_ShouldReturnLoglines" computerName="DKSR-EFI-06" duration="00:00:00.1053279" startTime="2024-01-09T15:44:18.6230495+01:00" endTime="2024-01-09T15:44:18.7168040+01:00" testType="13cdc9d9-ddb5-4fa4-a97d-d965ccfc6d4b" outcome="Passed" testListId="8c84fa94-04c1-424b-9868-57a2d4851a1d" relativeResultsDirectory="736d8709-cc4d-4163-b866-1207ef5b382d" />
    <UnitTestResult executionId="ad629725-b7d8-43d0-8d52-8217cf721a1d" testId="b77e9d26-baf8-42e8-fb66-14b9ede40aaf" testName="FetchAuditLoglinesAsync_ShouldUseCorrectQuerySessionId_AfterStartQuerySessionAsync" computerName="DKSR-EFI-06" duration="00:00:00.0577843" startTime="2024-01-09T15:44:17.7011755+01:00" endTime="2024-01-09T15:44:17.7636735+01:00" testType="13cdc9d9-ddb5-4fa4-a97d-d965ccfc6d4b" outcome="Passed" testListId="8c84fa94-04c1-424b-9868-57a2d4851a1d" relativeResultsDirectory="ad629725-b7d8-43d0-8d52-8217cf721a1d" />
    <UnitTestResult executionId="3d566006-c3f5-4e5e-bb39-0dbcac3337a6" testId="4eb367ab-5c42-6b05-7bc5-20146f5c9dce" testName="CallWithRetryAsync_OnlyCallsLambdaOnce_IfItSucceeds" computerName="DKSR-EFI-06" duration="00:00:00.0688687" startTime="2024-01-09T15:44:04.7480129+01:00" endTime="2024-01-09T15:44:04.8261385+01:00" testType="13cdc9d9-ddb5-4fa4-a97d-d965ccfc6d4b" outcome="Passed" testListId="8c84fa94-04c1-424b-9868-57a2d4851a1d" relativeResultsDirectory="3d566006-c3f5-4e5e-bb39-0dbcac3337a6" />
    <UnitTestResult executionId="ac53419d-0cd0-475c-8466-acdf79685b3e" testId="94fee7c4-80c8-1c86-3576-94ca601ec732" testName="CallWithRetryAsync_CallsLambdaMultipleTimes_IfFailed" computerName="DKSR-EFI-06" duration="00:00:00.1272909" startTime="2024-01-09T15:44:04.8261385+01:00" endTime="2024-01-09T15:44:04.9511390+01:00" testType="13cdc9d9-ddb5-4fa4-a97d-d965ccfc6d4b" outcome="Passed" testListId="8c84fa94-04c1-424b-9868-57a2d4851a1d" relativeResultsDirectory="ac53419d-0cd0-475c-8466-acdf79685b3e" />
    <UnitTestResult executionId="1dd4c427-2727-4150-9c87-e62b0e9752dd" testId="63016393-1767-4228-6fb0-e9e5bee4a5e3" testName="EndQuerySessionTokenAsync_ShouldUseCorrectQuerySessionId_WhenTryingToStopRunningSession" computerName="DKSR-EFI-06" duration="00:00:00.0063099" startTime="2024-01-09T15:44:19.7480517+01:00" endTime="2024-01-09T15:44:19.7636775+01:00" testType="13cdc9d9-ddb5-4fa4-a97d-d965ccfc6d4b" outcome="Passed" testListId="8c84fa94-04c1-424b-9868-57a2d4851a1d" relativeResultsDirectory="1dd4c427-2727-4150-9c87-e62b0e9752dd" />
    <UnitTestResult executionId="4ec3d420-f6db-4c7a-93f4-afd96dd6e5a6" testId="df5bf18e-4764-6f88-4a5a-f2abba3536b3" testName="Create_ShouldThrowInvalidOperationException_IfMIPEnvironmentIsNotInitializedAndUriIsNotGiven" computerName="DKSR-EFI-06" duration="00:00:00.1241773" startTime="2024-01-09T15:44:22.7636817+01:00" endTime="2024-01-09T15:44:22.8886824+01:00" testType="13cdc9d9-ddb5-4fa4-a97d-d965ccfc6d4b" outcome="Passed" testListId="8c84fa94-04c1-424b-9868-57a2d4851a1d" relativeResultsDirectory="4ec3d420-f6db-4c7a-93f4-afd96dd6e5a6" />
    <UnitTestResult executionId="aff06873-c08e-45af-a223-d4d3baf0ae91" testId="8edee7b7-26f0-8660-7c2c-d2a8f9901f02" testName="DoUploadCultureFile_ShouldReturnTrue_IfRegistrationSucceeds" computerName="DKSR-EFI-06" duration="00:00:00.0127506" startTime="2024-01-09T15:44:15.9511695+01:00" endTime="2024-01-09T15:44:15.9667952+01:00" testType="13cdc9d9-ddb5-4fa4-a97d-d965ccfc6d4b" outcome="Passed" testListId="8c84fa94-04c1-424b-9868-57a2d4851a1d" relativeResultsDirectory="aff06873-c08e-45af-a223-d4d3baf0ae91">
      <Output>
        <StdOut>en-US</StdOut>
      </Output>
    </UnitTestResult>
    <UnitTestResult executionId="e57f0255-2cac-4707-9c3c-ba9058d1acf5" testId="5343f541-ab32-23f3-6d69-fb3a240652c8" testName="ExtractMessagesFromXml_ShouldSetCorrectCategoryOnEntry (MonitorLayoutCameraPlaced,VideoWallControl)" computerName="DKSR-EFI-06" duration="00:00:00.0035978" startTime="2024-01-09T15:44:13.9824158+01:00" endTime="2024-01-09T15:44:13.9824158+01:00" testType="13cdc9d9-ddb5-4fa4-a97d-d965ccfc6d4b" outcome="Passed" testListId="8c84fa94-04c1-424b-9868-57a2d4851a1d" relativeResultsDirectory="e57f0255-2cac-4707-9c3c-ba9058d1acf5">
      <Output>
        <StdOut>en-US</StdOut>
      </Output>
    </UnitTestResult>
    <UnitTestResult executionId="bf67d28b-e4a6-4c42-b6aa-90f68ece335d" testId="67f28808-ddff-e982-aee0-d9b5dbc005e2" testName="CallAsync_ShouldRetryCallCountTimes_WhenFuncThrowsCommunicationException" computerName="DKSR-EFI-06" duration="00:00:00.1670210" startTime="2024-01-09T15:44:04.5136360+01:00" endTime="2024-01-09T15:44:04.6855126+01:00" testType="13cdc9d9-ddb5-4fa4-a97d-d965ccfc6d4b" outcome="Passed" testListId="8c84fa94-04c1-424b-9868-57a2d4851a1d" relativeResultsDirectory="bf67d28b-e4a6-4c42-b6aa-90f68ece335d" />
    <UnitTestResult executionId="bf949d26-aede-455a-ba32-1300d56e5dd8" testId="35668b70-00eb-0d99-67ee-63ec7a6b9daf" testName="ExtractMessagesFromXml_ShouldThrowLegacyMessageXmlParserException_IfXmlIsInvalid" computerName="DKSR-EFI-06" duration="00:00:00.0134281" startTime="2024-01-09T15:44:10.1542773+01:00" endTime="2024-01-09T15:44:10.1699018+01:00" testType="13cdc9d9-ddb5-4fa4-a97d-d965ccfc6d4b" outcome="Passed" testListId="8c84fa94-04c1-424b-9868-57a2d4851a1d" relativeResultsDirectory="bf949d26-aede-455a-ba32-1300d56e5dd8" />
    <UnitTestResult executionId="14d8b66b-3c14-4295-98d4-792bb06bb305" testId="623d185f-9cda-e09d-884d-8336bb2e4251" testName="ExtractMessagesFromXml_ShouldSetCorrectSourceTypeOnEntry (TestFiles\TestXMLs\Simple9.xml,ServiceStarted,LPRService)" computerName="DKSR-EFI-06" duration="00:00:00.0038698" startTime="2024-01-09T15:44:14.1699155+01:00" endTime="2024-01-09T15:44:14.1699155+01:00" testType="13cdc9d9-ddb5-4fa4-a97d-d965ccfc6d4b" outcome="Passed" testListId="8c84fa94-04c1-424b-9868-57a2d4851a1d" relativeResultsDirectory="14d8b66b-3c14-4295-98d4-792bb06bb305">
      <Output>
        <StdOut>en-US</StdOut>
      </Output>
    </UnitTestResult>
    <UnitTestResult executionId="b876cacb-4a67-40ff-87f7-9451f12dd047" testId="fd6a6596-e9bc-820d-bbb1-d6004688c36f" testName="DoUploadCultureFile_ShouldRegisterWithCredentialValidation_IfUserIsNotBasicUser" computerName="DKSR-EFI-06" duration="00:00:00.0126159" startTime="2024-01-09T15:44:16.2480464+01:00" endTime="2024-01-09T15:44:16.2636699+01:00" testType="13cdc9d9-ddb5-4fa4-a97d-d965ccfc6d4b" outcome="Passed" testListId="8c84fa94-04c1-424b-9868-57a2d4851a1d" relativeResultsDirectory="b876cacb-4a67-40ff-87f7-9451f12dd047">
      <Output>
        <StdOut>en-US</StdOut>
      </Output>
    </UnitTestResult>
    <UnitTestResult executionId="de59c042-9929-466d-aa9e-8ae4b5af6f99" testId="7e96b009-8ba0-c755-7d30-7f328804b614" testName="RegisterLegacyLogMessagesTokenAsync_ShouldPassCorrectParams" computerName="DKSR-EFI-06" duration="00:00:00.1225045" startTime="2024-01-09T15:44:09.3730792+01:00" endTime="2024-01-09T15:44:09.4980246+01:00" testType="13cdc9d9-ddb5-4fa4-a97d-d965ccfc6d4b" outcome="Passed" testListId="8c84fa94-04c1-424b-9868-57a2d4851a1d" relativeResultsDirectory="de59c042-9929-466d-aa9e-8ae4b5af6f99" />
    <UnitTestResult executionId="76e2b960-0ea1-4e03-87f4-012f81afa5de" testId="0ef49951-f77d-7256-b3ae-66f175c85645" testName="ExtractMessagesFromXml_ShouldReturnExpectedNumberOfEntries (TestFiles\TestXMLs\DiscardedGroupTypes9.xml,9)" computerName="DKSR-EFI-06" duration="00:00:00.0039172" startTime="2024-01-09T15:44:13.4043311+01:00" endTime="2024-01-09T15:44:13.4199130+01:00" testType="13cdc9d9-ddb5-4fa4-a97d-d965ccfc6d4b" outcome="Passed" testListId="8c84fa94-04c1-424b-9868-57a2d4851a1d" relativeResultsDirectory="76e2b960-0ea1-4e03-87f4-012f81afa5de">
      <Output>
        <StdOut>en-US</StdOut>
      </Output>
    </UnitTestResult>
    <UnitTestResult executionId="4e659be8-b567-4d71-ab6e-9bbc87f6c1e1" testId="4e12d753-1090-f46e-514e-2259465dc69b" testName="DoUploadCultureFiles_ShouldReturnFalse_IfDirectoryDoesNotExist" computerName="DKSR-EFI-06" duration="00:00:00.0356280" startTime="2024-01-09T15:44:16.2792946+01:00" endTime="2024-01-09T15:44:16.3105452+01:00" testType="13cdc9d9-ddb5-4fa4-a97d-d965ccfc6d4b" outcome="Passed" testListId="8c84fa94-04c1-424b-9868-57a2d4851a1d" relativeResultsDirectory="4e659be8-b567-4d71-ab6e-9bbc87f6c1e1" />
    <UnitTestResult executionId="c7d16e6f-4cc5-4399-affd-a7706da543bd" testId="b23c055a-115b-f4d2-24a2-c22528b67dba" testName="ExtractMessagesFromXml_ShouldSetCorrectCategoryOnEntry (ExportBegun,Export)" computerName="DKSR-EFI-06" duration="00:00:00.0020630" startTime="2024-01-09T15:44:13.9511660+01:00" endTime="2024-01-09T15:44:13.9511660+01:00" testType="13cdc9d9-ddb5-4fa4-a97d-d965ccfc6d4b" outcome="Passed" testListId="8c84fa94-04c1-424b-9868-57a2d4851a1d" relativeResultsDirectory="c7d16e6f-4cc5-4399-affd-a7706da543bd">
      <Output>
        <StdOut>en-US</StdOut>
      </Output>
    </UnitTestResult>
    <UnitTestResult executionId="0c074ea6-db29-4419-be2d-15ab2036413a" testId="7a6cd571-9c4a-6008-8337-b391a3317369" testName="ExtractMessagesFromXml_ShouldSetCorrectCategoryOnEntry (ExportAVICameraCompleted,Export)" computerName="DKSR-EFI-06" duration="00:00:00.0218209" startTime="2024-01-09T15:44:13.9511660+01:00" endTime="2024-01-09T15:44:13.9824158+01:00" testType="13cdc9d9-ddb5-4fa4-a97d-d965ccfc6d4b" outcome="Passed" testListId="8c84fa94-04c1-424b-9868-57a2d4851a1d" relativeResultsDirectory="0c074ea6-db29-4419-be2d-15ab2036413a">
      <Output>
        <StdOut>en-US</StdOut>
      </Output>
    </UnitTestResult>
    <UnitTestResult executionId="cf90166b-a5de-4168-b0de-33ef37200c8a" testId="6941bc2c-9833-5d26-b03a-41c7ade36d6e" testName="DoUploadCultureFiles_ShouldReturnTrue_IfRegistrationSucceeds" computerName="DKSR-EFI-06" duration="00:00:00.0012313" startTime="2024-01-09T15:44:16.3105452+01:00" endTime="2024-01-09T15:44:16.3105452+01:00" testType="13cdc9d9-ddb5-4fa4-a97d-d965ccfc6d4b" outcome="Passed" testListId="8c84fa94-04c1-424b-9868-57a2d4851a1d" relativeResultsDirectory="cf90166b-a5de-4168-b0de-33ef37200c8a" />
    <UnitTestResult executionId="c6141747-933e-40ee-9633-eeecf7cdb2d4" testId="34e137e8-304a-9ff8-1905-6ddd28de6345" testName="DoUploadCultureFiles_ShouldReturnTrue_IfRegistrationFails" computerName="DKSR-EFI-06" duration="00:00:00.0029760" startTime="2024-01-09T15:44:16.3105452+01:00" endTime="2024-01-09T15:44:16.3105452+01:00" testType="13cdc9d9-ddb5-4fa4-a97d-d965ccfc6d4b" outcome="Passed" testListId="8c84fa94-04c1-424b-9868-57a2d4851a1d" relativeResultsDirectory="c6141747-933e-40ee-9633-eeecf7cdb2d4" />
    <UnitTestResult executionId="b91095d0-b302-46e4-b7c5-69acc9311e2b" testId="ba00b31f-c24d-b850-f3e7-f52e1b18f60a" testName="CallWithRetryAsync_ThrowsAwayRetries_IfMoreThanMaxLimit" computerName="DKSR-EFI-06" duration="00:00:00.1544196" startTime="2024-01-09T15:44:05.3105140+01:00" endTime="2024-01-09T15:44:05.4667649+01:00" testType="13cdc9d9-ddb5-4fa4-a97d-d965ccfc6d4b" outcome="Passed" testListId="8c84fa94-04c1-424b-9868-57a2d4851a1d" relativeResultsDirectory="b91095d0-b302-46e4-b7c5-69acc9311e2b" />
    <UnitTestResult executionId="845e564a-fb30-47ac-94f8-36b8a8617386" testId="66a36c9d-488e-cd9d-ffa8-da2feeea8136" testName="FetchAuditLoglinesTokenAsync_ShouldUseCorrectQuerySessionId_AfterStartQuerySessionAsync" computerName="DKSR-EFI-06" duration="00:00:00.0677326" startTime="2024-01-09T15:44:17.8105484+01:00" endTime="2024-01-09T15:44:17.8730486+01:00" testType="13cdc9d9-ddb5-4fa4-a97d-d965ccfc6d4b" outcome="Passed" testListId="8c84fa94-04c1-424b-9868-57a2d4851a1d" relativeResultsDirectory="845e564a-fb30-47ac-94f8-36b8a8617386" />
    <UnitTestResult executionId="9f4dbdab-21dc-49b9-89b2-79b447570a5f" testId="94919045-55eb-c6a8-9422-0d7750bdb297" testName="ExtractMessagesFromXml_ShouldReturnExpectedNumberOfCategories (TestFiles\TestXMLs\Simple9.xml,2)" computerName="DKSR-EFI-06" duration="00:00:00.0014034" startTime="2024-01-09T15:44:13.7011636+01:00" endTime="2024-01-09T15:44:13.7011636+01:00" testType="13cdc9d9-ddb5-4fa4-a97d-d965ccfc6d4b" outcome="Passed" testListId="8c84fa94-04c1-424b-9868-57a2d4851a1d" relativeResultsDirectory="9f4dbdab-21dc-49b9-89b2-79b447570a5f">
      <Output>
        <StdOut>en-US</StdOut>
      </Output>
    </UnitTestResult>
    <UnitTestResult executionId="a6aac3e5-125d-446d-8119-54b8919cf0d0" testId="9617b6cc-73f3-9d59-f2da-862ee903bd8c" testName="CallAsync_ShouldThrowCommunicationServiceException_WhenFuncThrowsExpectedException (System.ServiceModel.FaultException)" computerName="DKSR-EFI-06" duration="00:00:00.0606965" startTime="2024-01-09T15:44:04.3730121+01:00" endTime="2024-01-09T15:44:04.5136360+01:00" testType="13cdc9d9-ddb5-4fa4-a97d-d965ccfc6d4b" outcome="Passed" testListId="8c84fa94-04c1-424b-9868-57a2d4851a1d" relativeResultsDirectory="a6aac3e5-125d-446d-8119-54b8919cf0d0" />
    <UnitTestResult executionId="5e715dbb-71eb-4073-8d38-97fb6bdbc490" testId="67eab2a5-7d43-d4c3-41cf-be4c77d695b4" testName="DoUploadCultureFiles_ShouldRegisterWithCredentialValidation_IfMIPEnvironmentIsNotInitialized" computerName="DKSR-EFI-06" duration="00:00:00.0069887" startTime="2024-01-09T15:44:16.5292971+01:00" endTime="2024-01-09T15:44:16.5449241+01:00" testType="13cdc9d9-ddb5-4fa4-a97d-d965ccfc6d4b" outcome="Passed" testListId="8c84fa94-04c1-424b-9868-57a2d4851a1d" relativeResultsDirectory="5e715dbb-71eb-4073-8d38-97fb6bdbc490">
      <Output>
        <StdOut>en-US&#xD;
en-US</StdOut>
      </Output>
    </UnitTestResult>
    <UnitTestResult executionId="501304ce-d6ab-4d94-b27f-748494b5144c" testId="659ea7ef-7a9e-011e-503e-a43b4fac0d99" testName="CallAsync_ShouldNotRetryCall_WhenFuncThrowsNotCommunicationException (System.Exception)" computerName="DKSR-EFI-06" duration="00:00:00.0014103" startTime="2024-01-09T15:44:04.6855126+01:00" endTime="2024-01-09T15:44:04.7011379+01:00" testType="13cdc9d9-ddb5-4fa4-a97d-d965ccfc6d4b" outcome="Passed" testListId="8c84fa94-04c1-424b-9868-57a2d4851a1d" relativeResultsDirectory="501304ce-d6ab-4d94-b27f-748494b5144c" />
    <UnitTestResult executionId="7eead07d-36c4-418a-89ed-55eefad0cc79" testId="01d14afd-25f5-291d-8634-feb90cef42b3" testName="RegisterLegacyLogMessagesAsync_ShouldPassCorrectParams" computerName="DKSR-EFI-06" duration="00:00:00.2632591" startTime="2024-01-09T15:44:09.1073988+01:00" endTime="2024-01-09T15:44:09.3730792+01:00" testType="13cdc9d9-ddb5-4fa4-a97d-d965ccfc6d4b" outcome="Passed" testListId="8c84fa94-04c1-424b-9868-57a2d4851a1d" relativeResultsDirectory="7eead07d-36c4-418a-89ed-55eefad0cc79" />
    <UnitTestResult executionId="ff9d73e1-305d-41f9-846e-0222fd28f2ab" testId="fb07781e-2617-ff30-208d-de0ad28ddaf5" testName="ExtractMessagesFromXml_ShouldReturnExpectedNumberOfEntries (TestFiles\TestXMLs\Simple9.xml,9)" computerName="DKSR-EFI-06" duration="00:00:02.9027703" startTime="2024-01-09T15:44:10.1699018+01:00" endTime="2024-01-09T15:44:13.4043311+01:00" testType="13cdc9d9-ddb5-4fa4-a97d-d965ccfc6d4b" outcome="Passed" testListId="8c84fa94-04c1-424b-9868-57a2d4851a1d" relativeResultsDirectory="ff9d73e1-305d-41f9-846e-0222fd28f2ab">
      <Output>
        <StdOut>en-US</StdOut>
      </Output>
    </UnitTestResult>
    <UnitTestResult executionId="29d394b3-0bcc-49b3-90fd-a35ba1593444" testId="670a5985-b1d4-84ed-1197-21514b4e468f" testName="DoUploadCultureFile_ShouldReturnFalse_IfFileIsNull" computerName="DKSR-EFI-06" duration="00:00:01.7377211" startTime="2024-01-09T15:44:14.1855385+01:00" endTime="2024-01-09T15:44:15.9199183+01:00" testType="13cdc9d9-ddb5-4fa4-a97d-d965ccfc6d4b" outcome="Passed" testListId="8c84fa94-04c1-424b-9868-57a2d4851a1d" relativeResultsDirectory="29d394b3-0bcc-49b3-90fd-a35ba1593444" />
    <UnitTestResult executionId="b6fba669-1012-400b-b438-f466aa24d31a" testId="3262192e-5f84-166d-d0c4-36e7145dfffb" testName="Create_ShouldSetCredentialsToDefaultNetworkCredentials_IfMIPEnvironmentIsNotInitializedAndUriIsGiven" computerName="DKSR-EFI-06" duration="00:00:00.1803842" startTime="2024-01-09T15:44:22.5918065+01:00" endTime="2024-01-09T15:44:22.7636817+01:00" testType="13cdc9d9-ddb5-4fa4-a97d-d965ccfc6d4b" outcome="Passed" testListId="8c84fa94-04c1-424b-9868-57a2d4851a1d" relativeResultsDirectory="b6fba669-1012-400b-b438-f466aa24d31a" />
    <UnitTestResult executionId="5841fd4f-e385-4f49-8016-0952670d8833" testId="22ec705d-08b4-1246-93f7-3ae9421d40cf" testName="Create_ShouldSetEndpointAddressUsingLogServerUri_IfMIPEnvironmentIsNotInitializedAndUriIsGiven" computerName="DKSR-EFI-06" duration="00:00:00.0897233" startTime="2024-01-09T15:44:22.0605544+01:00" endTime="2024-01-09T15:44:22.1543061+01:00" testType="13cdc9d9-ddb5-4fa4-a97d-d965ccfc6d4b" outcome="Passed" testListId="8c84fa94-04c1-424b-9868-57a2d4851a1d" relativeResultsDirectory="5841fd4f-e385-4f49-8016-0952670d8833" />
    <UnitTestResult executionId="686f39fb-dc93-49d8-85b0-091e84a7c51c" testId="d68f307d-16d8-190c-0927-9645a2d42c9c" testName="CallWithRetryAsync_CallsLambdaNoMoreThanMaxLimit_IfFails" computerName="DKSR-EFI-06" duration="00:00:00.1705542" startTime="2024-01-09T15:44:05.1386380+01:00" endTime="2024-01-09T15:44:05.3105140+01:00" testType="13cdc9d9-ddb5-4fa4-a97d-d965ccfc6d4b" outcome="Passed" testListId="8c84fa94-04c1-424b-9868-57a2d4851a1d" relativeResultsDirectory="686f39fb-dc93-49d8-85b0-091e84a7c51c" />
    <UnitTestResult executionId="8da58d3d-2630-4e73-b662-903e5ad70729" testId="839d2cfc-e75d-f020-6f81-04dfe00ec40e" testName="ExtractMessagesFromXml_ShouldSetCorrectLogTypeOnEntry (MapNavigationServerChanged,Audit)" computerName="DKSR-EFI-06" duration="00:00:00.0019647" startTime="2024-01-09T15:44:13.7011636+01:00" endTime="2024-01-09T15:44:13.7011636+01:00" testType="13cdc9d9-ddb5-4fa4-a97d-d965ccfc6d4b" outcome="Passed" testListId="8c84fa94-04c1-424b-9868-57a2d4851a1d" relativeResultsDirectory="8da58d3d-2630-4e73-b662-903e5ad70729">
      <Output>
        <StdOut>en-US</StdOut>
      </Output>
    </UnitTestResult>
    <UnitTestResult executionId="b5fa5c70-d1b0-40f9-8cbc-d337484588a8" testId="23a705e2-484b-b365-a7c7-b41d608b3f4b" testName="ExtractMessagesFromXml_ShouldReturnExpectedNumberOfSourceTypes (TestFiles\TestXMLs\DiscardedGroupTypes9.xml,2)" computerName="DKSR-EFI-06" duration="00:00:00.0024110" startTime="2024-01-09T15:44:13.7480403+01:00" endTime="2024-01-09T15:44:13.7480403+01:00" testType="13cdc9d9-ddb5-4fa4-a97d-d965ccfc6d4b" outcome="Passed" testListId="8c84fa94-04c1-424b-9868-57a2d4851a1d" relativeResultsDirectory="b5fa5c70-d1b0-40f9-8cbc-d337484588a8">
      <Output>
        <StdOut>en-US</StdOut>
      </Output>
    </UnitTestResult>
    <UnitTestResult executionId="35b45995-3c1c-450c-8c66-4d45ea97c048" testId="6cd08c0d-0742-bf94-2384-45ba342e745a" testName="FetchSystemLoglinesAsync_ShouldUseCorrectQuerySessionId_AfterStartQuerySessionAsync" computerName="DKSR-EFI-06" duration="00:00:00.1591247" startTime="2024-01-09T15:44:18.2793014+01:00" endTime="2024-01-09T15:44:18.4356004+01:00" testType="13cdc9d9-ddb5-4fa4-a97d-d965ccfc6d4b" outcome="Passed" testListId="8c84fa94-04c1-424b-9868-57a2d4851a1d" relativeResultsDirectory="35b45995-3c1c-450c-8c66-4d45ea97c048" />
    <UnitTestResult executionId="2565cf09-eda6-4773-b836-afdde9e634cf" testId="5440beed-f4da-5c54-5eab-04f5d48242b3" testName="ExtractMessagesFromXml_ShouldSetCorrectSourceTypeOnEntry (TestFiles\TestXMLs\Simple9.xml,LPRListsAdd,)" computerName="DKSR-EFI-06" duration="00:00:00.0009484" startTime="2024-01-09T15:44:14.1542899+01:00" endTime="2024-01-09T15:44:14.1542899+01:00" testType="13cdc9d9-ddb5-4fa4-a97d-d965ccfc6d4b" outcome="Passed" testListId="8c84fa94-04c1-424b-9868-57a2d4851a1d" relativeResultsDirectory="2565cf09-eda6-4773-b836-afdde9e634cf">
      <Output>
        <StdOut>en-US</StdOut>
      </Output>
    </UnitTestResult>
    <UnitTestResult executionId="b350095c-489a-4fd6-ab7e-c24f224343b5" testId="7c031690-d33c-ac25-a380-c8faa4e938c9" testName="ToLogMessages_ShouldTransformEntriesToLogMessages_WithCorrectLogType" computerName="DKSR-EFI-06" duration="00:00:00.0179183" startTime="2024-01-09T15:44:20.3886790+01:00" endTime="2024-01-09T15:44:20.4043036+01:00" testType="13cdc9d9-ddb5-4fa4-a97d-d965ccfc6d4b" outcome="Passed" testListId="8c84fa94-04c1-424b-9868-57a2d4851a1d" relativeResultsDirectory="b350095c-489a-4fd6-ab7e-c24f224343b5" />
    <UnitTestResult executionId="06def8dd-6c08-40bc-8a44-6396c90215f7" testId="69f89350-67d1-88c5-1fb3-1403510533d5" testName="ExtractMessagesFromXml_ShouldReturnExpectedNumberOfCategories (TestFiles\TestXMLs\CombinedGroups48.xml,6)" computerName="DKSR-EFI-06" duration="00:00:00.0029713" startTime="2024-01-09T15:44:13.7011636+01:00" endTime="2024-01-09T15:44:13.7167889+01:00" testType="13cdc9d9-ddb5-4fa4-a97d-d965ccfc6d4b" outcome="Passed" testListId="8c84fa94-04c1-424b-9868-57a2d4851a1d" relativeResultsDirectory="06def8dd-6c08-40bc-8a44-6396c90215f7">
      <Output>
        <StdOut>en-US</StdOut>
      </Output>
    </UnitTestResult>
    <UnitTestResult executionId="607b1fa1-f57f-4f36-9000-229675301c41" testId="8ac78330-b240-db28-9493-e73a1cb6d6a1" testName="RegisterSourceTypeAsync_ShouldPassCorrectParams" computerName="DKSR-EFI-06" duration="00:00:00.3808522" startTime="2024-01-09T15:44:08.4355212+01:00" endTime="2024-01-09T15:44:08.8261478+01:00" testType="13cdc9d9-ddb5-4fa4-a97d-d965ccfc6d4b" outcome="Passed" testListId="8c84fa94-04c1-424b-9868-57a2d4851a1d" relativeResultsDirectory="607b1fa1-f57f-4f36-9000-229675301c41" />
    <UnitTestResult executionId="16753ec1-1313-4df7-959f-1375d1f8f032" testId="68917092-20dd-c73b-53c5-158af009c721" testName="GetFilterValuesAsync_ShouldReturnFilterValues" computerName="DKSR-EFI-06" duration="00:00:00.3549791" startTime="2024-01-09T15:44:19.7636775+01:00" endTime="2024-01-09T15:44:20.1230523+01:00" testType="13cdc9d9-ddb5-4fa4-a97d-d965ccfc6d4b" outcome="Passed" testListId="8c84fa94-04c1-424b-9868-57a2d4851a1d" relativeResultsDirectory="16753ec1-1313-4df7-959f-1375d1f8f032" />
    <UnitTestResult executionId="00dcc1fb-de6b-4214-91bd-4e676b5c1854" testId="e6f3beaf-3123-0f99-2920-ed37fa7d8180" testName="ExtractMessagesFromXml_ShouldSetCorrectCulture (TestFiles\TestXMLs\Large520.xml,en-US)" computerName="DKSR-EFI-06" duration="00:00:00.0106952" startTime="2024-01-09T15:44:13.9199167+01:00" endTime="2024-01-09T15:44:13.9355401+01:00" testType="13cdc9d9-ddb5-4fa4-a97d-d965ccfc6d4b" outcome="Passed" testListId="8c84fa94-04c1-424b-9868-57a2d4851a1d" relativeResultsDirectory="00dcc1fb-de6b-4214-91bd-4e676b5c1854">
      <Output>
        <StdOut>en-US</StdOut>
      </Output>
    </UnitTestResult>
    <UnitTestResult executionId="7fe42453-a706-4202-866d-0bdf6e1e2c6a" testId="308ca1e2-fb9c-1586-8871-264314d0c4f4" testName="Close_StopsRetrying" computerName="DKSR-EFI-06" duration="00:00:00.1006365" startTime="2024-01-09T15:44:05.4667649+01:00" endTime="2024-01-09T15:44:05.5761387+01:00" testType="13cdc9d9-ddb5-4fa4-a97d-d965ccfc6d4b" outcome="Passed" testListId="8c84fa94-04c1-424b-9868-57a2d4851a1d" relativeResultsDirectory="7fe42453-a706-4202-866d-0bdf6e1e2c6a" />
    <UnitTestResult executionId="3fa60dd1-66a3-4532-b33c-16455339479a" testId="88101cee-6ea8-96b1-12f3-d1d1a85b48ac" testName="ExtractMessagesFromXml_ShouldSetCorrectLogTypeOnEntry (ExportAVICameraCompleted,Audit)" computerName="DKSR-EFI-06" duration="00:00:00.0016552" startTime="2024-01-09T15:44:13.6855389+01:00" endTime="2024-01-09T15:44:13.6855389+01:00" testType="13cdc9d9-ddb5-4fa4-a97d-d965ccfc6d4b" outcome="Passed" testListId="8c84fa94-04c1-424b-9868-57a2d4851a1d" relativeResultsDirectory="3fa60dd1-66a3-4532-b33c-16455339479a">
      <Output>
        <StdOut>en-US</StdOut>
      </Output>
    </UnitTestResult>
    <UnitTestResult executionId="c746a829-4dd4-4f95-b7c9-0f1b016e55ce" testId="76fa7ffb-8dc1-9469-9f7b-117eeef95d31" testName="Config_LogReaderClientBindingOpenTimeoutSetToDefault" computerName="DKSR-EFI-06" duration="00:00:00.0306102" startTime="2024-01-09T15:44:22.4824329+01:00" endTime="2024-01-09T15:44:22.5136823+01:00" testType="13cdc9d9-ddb5-4fa4-a97d-d965ccfc6d4b" outcome="Passed" testListId="8c84fa94-04c1-424b-9868-57a2d4851a1d" relativeResultsDirectory="c746a829-4dd4-4f95-b7c9-0f1b016e55ce" />
    <UnitTestResult executionId="8f15f4fd-1e0b-415e-9a1f-db8101f926b5" testId="6b738107-d14a-ccb5-66a7-02b527511cb9" testName="DoUploadCultureFiles_ShouldReturnTrue_WhenDoUploadCultureFileAsyncIsCalled" computerName="DKSR-EFI-06" duration="00:00:00.0228180" startTime="2024-01-09T15:44:15.9199183+01:00" endTime="2024-01-09T15:44:15.9511695+01:00" testType="13cdc9d9-ddb5-4fa4-a97d-d965ccfc6d4b" outcome="Passed" testListId="8c84fa94-04c1-424b-9868-57a2d4851a1d" relativeResultsDirectory="8f15f4fd-1e0b-415e-9a1f-db8101f926b5" />
    <UnitTestResult executionId="a0bfde07-e760-462c-b54c-72dc12a8d1f1" testId="5ac99301-633e-24de-53c4-f924fb7beb39" testName="ExtractMessagesFromXml_ShouldThrowLegacyMessageXmlParserException_IfParameterIsNull" computerName="DKSR-EFI-06" duration="00:00:00.0261485" startTime="2024-01-09T15:44:10.1230258+01:00" endTime="2024-01-09T15:44:10.1386520+01:00" testType="13cdc9d9-ddb5-4fa4-a97d-d965ccfc6d4b" outcome="Passed" testListId="8c84fa94-04c1-424b-9868-57a2d4851a1d" relativeResultsDirectory="a0bfde07-e760-462c-b54c-72dc12a8d1f1" />
    <UnitTestResult executionId="15310988-ac2c-4a4b-93b5-118265e641e2" testId="2feab54c-bbc9-49d3-d942-19447743f92b" testName="StartQuerySessionAsync_ShouldSetIsQuerySessionStarted" computerName="DKSR-EFI-06" duration="00:00:00.0041222" startTime="2024-01-09T15:44:16.5917950+01:00" endTime="2024-01-09T15:44:16.5917950+01:00" testType="13cdc9d9-ddb5-4fa4-a97d-d965ccfc6d4b" outcome="Passed" testListId="8c84fa94-04c1-424b-9868-57a2d4851a1d" relativeResultsDirectory="15310988-ac2c-4a4b-93b5-118265e641e2" />
    <UnitTestResult executionId="c654e2fd-4b94-427d-81e1-b8187ffa04d2" testId="99846132-b201-f087-ceb0-64f7de6690c1" testName="StartQuerySessionTokenAsync_ShouldSetTotalLoglinesCount" computerName="DKSR-EFI-06" duration="00:00:00.0075213" startTime="2024-01-09T15:44:16.5761704+01:00" endTime="2024-01-09T15:44:16.5917950+01:00" testType="13cdc9d9-ddb5-4fa4-a97d-d965ccfc6d4b" outcome="Passed" testListId="8c84fa94-04c1-424b-9868-57a2d4851a1d" relativeResultsDirectory="c654e2fd-4b94-427d-81e1-b8187ffa04d2" />
    <UnitTestResult executionId="a6992a78-72f8-4ece-ae3a-9955ec19b8f0" testId="edb84373-2ee9-486d-e1f9-41adfa649f07" testName="FetchSystemLoglinesAsync_ShouldReturnLoglines" computerName="DKSR-EFI-06" duration="00:00:00.0834632" startTime="2024-01-09T15:44:17.8730486+01:00" endTime="2024-01-09T15:44:17.9511769+01:00" testType="13cdc9d9-ddb5-4fa4-a97d-d965ccfc6d4b" outcome="Passed" testListId="8c84fa94-04c1-424b-9868-57a2d4851a1d" relativeResultsDirectory="a6992a78-72f8-4ece-ae3a-9955ec19b8f0" />
    <UnitTestResult executionId="978aa2ff-ed04-4bcc-aa62-520bdde62188" testId="b37d0b5a-29a0-16c3-b349-b420d71ef9b0" testName="FetchAuditLoglinesTokenAsync_ShouldReturnLoglines" computerName="DKSR-EFI-06" duration="00:00:00.1174051" startTime="2024-01-09T15:44:17.5761736+01:00" endTime="2024-01-09T15:44:17.7011755+01:00" testType="13cdc9d9-ddb5-4fa4-a97d-d965ccfc6d4b" outcome="Passed" testListId="8c84fa94-04c1-424b-9868-57a2d4851a1d" relativeResultsDirectory="978aa2ff-ed04-4bcc-aa62-520bdde62188" />
    <UnitTestResult executionId="cddeea8b-da23-4c18-8f8c-5ab1da0b819e" testId="e771bc46-6417-b43e-afec-8d68fd676ce1" testName="RegisterCategoryAsync_ShouldPassCorrectParams" computerName="DKSR-EFI-06" duration="00:00:00.2355094" startTime="2024-01-09T15:44:07.6542671+01:00" endTime="2024-01-09T15:44:07.8886446+01:00" testType="13cdc9d9-ddb5-4fa4-a97d-d965ccfc6d4b" outcome="Passed" testListId="8c84fa94-04c1-424b-9868-57a2d4851a1d" relativeResultsDirectory="cddeea8b-da23-4c18-8f8c-5ab1da0b819e" />
  </Results>
  <TestDefinitions>
    <UnitTest name="Create_ShouldThrowInvalidOperationException_IfMIPEnvironmentIsNotInitializedAndUriIsNotGiven" storage="d:\actions-runner\_work\xpco\xpco\logserver\communication\videoos.logserver.communication.tests\bin\debug\videoos.logserver.communication.tests.dll" id="df5bf18e-4764-6f88-4a5a-f2abba3536b3">
      <Execution id="4ec3d420-f6db-4c7a-93f4-afd96dd6e5a6" />
      <TestMethod codeBase="D:\actions-runner\_work\XPCO\XPCO\LogServer\Communication\VideoOS.LogServer.Communication.Tests\bin\Debug\VideoOS.LogServer.Communication.Tests.dll" adapterTypeName="executor://mstestadapter/v2" className="VideoOS.LogServer.Communication.Tests.Communication.LogWriterServiceClientFactoryTests" name="Create_ShouldThrowInvalidOperationException_IfMIPEnvironmentIsNotInitializedAndUriIsNotGiven" />
    </UnitTest>
    <UnitTest name="ExtractMessagesFromXml_ShouldReturnExpectedNumberOfEntries (TestFiles\TestXMLs\Simple9.xml,9)" storage="d:\actions-runner\_work\xpco\xpco\logserver\communication\videoos.logserver.communication.tests\bin\debug\videoos.logserver.communication.tests.dll" id="fb07781e-2617-ff30-208d-de0ad28ddaf5">
      <Execution id="ff9d73e1-305d-41f9-846e-0222fd28f2ab" />
      <TestMethod codeBase="D:\actions-runner\_work\XPCO\XPCO\LogServer\Communication\VideoOS.LogServer.Communication.Tests\bin\Debug\VideoOS.LogServer.Communication.Tests.dll" adapterTypeName="executor://mstestadapter/v2" className="VideoOS.LogServer.Communication.Tests.Legacy.LegacyMessageRegistrationTests" name="ExtractMessagesFromXml_ShouldReturnExpectedNumberOfEntries" />
    </UnitTest>
    <UnitTest name="ExtractMessagesFromXml_ShouldReturnExpectedNumberOfEntries (TestFiles\TestXMLs\CombinedGroups48.xml,48)" storage="d:\actions-runner\_work\xpco\xpco\logserver\communication\videoos.logserver.communication.tests\bin\debug\videoos.logserver.communication.tests.dll" id="a8364fbb-b5a2-ea12-610f-86d32b76c759">
      <Execution id="52f02a27-a030-4c10-9bb7-7f4a742cad54" />
      <TestMethod codeBase="D:\actions-runner\_work\XPCO\XPCO\LogServer\Communication\VideoOS.LogServer.Communication.Tests\bin\Debug\VideoOS.LogServer.Communication.Tests.dll" adapterTypeName="executor://mstestadapter/v2" className="VideoOS.LogServer.Communication.Tests.Legacy.LegacyMessageRegistrationTests" name="ExtractMessagesFromXml_ShouldReturnExpectedNumberOfEntries" />
    </UnitTest>
    <UnitTest name="ExtractMessagesFromXml_ShouldSetCorrectSourceTypeOnEntry (TestFiles\TestXMLs\CombinedGroups48.xml,ExportAVICameraCompleted,Camera)" storage="d:\actions-runner\_work\xpco\xpco\logserver\communication\videoos.logserver.communication.tests\bin\debug\videoos.logserver.communication.tests.dll" id="bed9dd5e-8bd4-8ed7-a13e-9199e5447b8d">
      <Execution id="7222c404-9746-4fb4-b836-70cab6753882" />
      <TestMethod codeBase="D:\actions-runner\_work\XPCO\XPCO\LogServer\Communication\VideoOS.LogServer.Communication.Tests\bin\Debug\VideoOS.LogServer.Communication.Tests.dll" adapterTypeName="executor://mstestadapter/v2" className="VideoOS.LogServer.Communication.Tests.Legacy.LegacyMessageRegistrationTests" name="ExtractMessagesFromXml_ShouldSetCorrectSourceTypeOnEntry" />
    </UnitTest>
    <UnitTest name="Config_LogReaderClientBindingReceiveTimeoutCanBeConfiguredFromAppSettings" storage="d:\actions-runner\_work\xpco\xpco\logserver\communication\videoos.logserver.communication.tests\bin\debug\videoos.logserver.communication.tests.dll" id="9be429ed-7966-1558-1657-ef41e01e86b9">
      <Execution id="6ae4893b-dd68-4916-bf32-026835482f10" />
      <TestMethod codeBase="D:\actions-runner\_work\XPCO\XPCO\LogServer\Communication\VideoOS.LogServer.Communication.Tests\bin\Debug\VideoOS.LogServer.Communication.Tests.dll" adapterTypeName="executor://mstestadapter/v2" className="VideoOS.LogServer.Communication.Tests.Communication.LogReaderServiceClientFactoryTests" name="Config_LogReaderClientBindingReceiveTimeoutCanBeConfiguredFromAppSettings" />
    </UnitTest>
    <UnitTest name="WriteLoglineTokenAsync_ShouldPassCorrectParams" storage="d:\actions-runner\_work\xpco\xpco\logserver\communication\videoos.logserver.communication.tests\bin\debug\videoos.logserver.communication.tests.dll" id="b27e714f-fc99-1bd2-c3e6-37ebae722373">
      <Execution id="0e8b8f71-cb9f-4c89-a400-cd929fc08150" />
      <TestMethod codeBase="D:\actions-runner\_work\XPCO\XPCO\LogServer\Communication\VideoOS.LogServer.Communication.Tests\bin\Debug\VideoOS.LogServer.Communication.Tests.dll" adapterTypeName="executor://mstestadapter/v2" className="VideoOS.LogServer.Communication.Tests.Writers.LogWriterTests" name="WriteLoglineTokenAsync_ShouldPassCorrectParams" />
    </UnitTest>
    <UnitTest name="FetchSystemLoglinesAsync_ShouldUseCorrectQuerySessionId_AfterStartQuerySessionAsync" storage="d:\actions-runner\_work\xpco\xpco\logserver\communication\videoos.logserver.communication.tests\bin\debug\videoos.logserver.communication.tests.dll" id="6cd08c0d-0742-bf94-2384-45ba342e745a">
      <Execution id="35b45995-3c1c-450c-8c66-4d45ea97c048" />
      <TestMethod codeBase="D:\actions-runner\_work\XPCO\XPCO\LogServer\Communication\VideoOS.LogServer.Communication.Tests\bin\Debug\VideoOS.LogServer.Communication.Tests.dll" adapterTypeName="executor://mstestadapter/v2" className="VideoOS.LogServer.Communication.Tests.Readers.LogReaderTests" name="FetchSystemLoglinesAsync_ShouldUseCorrectQuerySessionId_AfterStartQuerySessionAsync" />
    </UnitTest>
    <UnitTest name="FetchAuditLoglinesTokenAsync_ShouldUseCorrectQuerySessionId_AfterStartQuerySessionAsync" storage="d:\actions-runner\_work\xpco\xpco\logserver\communication\videoos.logserver.communication.tests\bin\debug\videoos.logserver.communication.tests.dll" id="66a36c9d-488e-cd9d-ffa8-da2feeea8136">
      <Execution id="845e564a-fb30-47ac-94f8-36b8a8617386" />
      <TestMethod codeBase="D:\actions-runner\_work\XPCO\XPCO\LogServer\Communication\VideoOS.LogServer.Communication.Tests\bin\Debug\VideoOS.LogServer.Communication.Tests.dll" adapterTypeName="executor://mstestadapter/v2" className="VideoOS.LogServer.Communication.Tests.Readers.LogReaderTests" name="FetchAuditLoglinesTokenAsync_ShouldUseCorrectQuerySessionId_AfterStartQuerySessionAsync" />
    </UnitTest>
    <UnitTest name="ExtractMessagesFromXml_ShouldSetCorrectCategoryOnEntry (MonitorLayoutCameraPlaced,VideoWallControl)" storage="d:\actions-runner\_work\xpco\xpco\logserver\communication\videoos.logserver.communication.tests\bin\debug\videoos.logserver.communication.tests.dll" id="5343f541-ab32-23f3-6d69-fb3a240652c8">
      <Execution id="e57f0255-2cac-4707-9c3c-ba9058d1acf5" />
      <TestMethod codeBase="D:\actions-runner\_work\XPCO\XPCO\LogServer\Communication\VideoOS.LogServer.Communication.Tests\bin\Debug\VideoOS.LogServer.Communication.Tests.dll" adapterTypeName="executor://mstestadapter/v2" className="VideoOS.LogServer.Communication.Tests.Legacy.LegacyMessageRegistrationTests" name="ExtractMessagesFromXml_ShouldSetCorrectCategoryOnEntry" />
    </UnitTest>
    <UnitTest name="GetFilterValuesTimestampAsync_ShouldReturnFilterValues" storage="d:\actions-runner\_work\xpco\xpco\logserver\communication\videoos.logserver.communication.tests\bin\debug\videoos.logserver.communication.tests.dll" id="e9dceb4c-247f-b92b-575c-87dcfdd7e26d">
      <Execution id="c2b31af6-1c67-4959-8da2-ba1632492929" />
      <TestMethod codeBase="D:\actions-runner\_work\XPCO\XPCO\LogServer\Communication\VideoOS.LogServer.Communication.Tests\bin\Debug\VideoOS.LogServer.Communication.Tests.dll" adapterTypeName="executor://mstestadapter/v2" className="VideoOS.LogServer.Communication.Tests.Readers.LogReaderTests" name="GetFilterValuesTimestampAsync_ShouldReturnFilterValues" />
    </UnitTest>
    <UnitTest name="Create_ShouldSetCorrectCredentials" storage="d:\actions-runner\_work\xpco\xpco\logserver\communication\videoos.logserver.communication.tests\bin\debug\videoos.logserver.communication.tests.dll" id="1293f5e2-447e-305e-3427-6c7f78f01ac9">
      <Execution id="ef80fef9-2bf8-4a57-9561-06ff258cc8d7" />
      <TestMethod codeBase="D:\actions-runner\_work\XPCO\XPCO\LogServer\Communication\VideoOS.LogServer.Communication.Tests\bin\Debug\VideoOS.LogServer.Communication.Tests.dll" adapterTypeName="executor://mstestadapter/v2" className="VideoOS.LogServer.Communication.Tests.Communication.LogReaderServiceClientFactoryTests" name="Create_ShouldSetCorrectCredentials" />
    </UnitTest>
    <UnitTest name="ExtractMessagesFromXml_ShouldSetCorrectCulture (TestFiles\TestXMLs\Simple9.xml,en-US)" storage="d:\actions-runner\_work\xpco\xpco\logserver\communication\videoos.logserver.communication.tests\bin\debug\videoos.logserver.communication.tests.dll" id="24c3220b-1c1f-47f8-e7ad-b6854efd1570">
      <Execution id="15a997f0-1871-4915-a54e-7b4d351dc3a5" />
      <TestMethod codeBase="D:\actions-runner\_work\XPCO\XPCO\LogServer\Communication\VideoOS.LogServer.Communication.Tests\bin\Debug\VideoOS.LogServer.Communication.Tests.dll" adapterTypeName="executor://mstestadapter/v2" className="VideoOS.LogServer.Communication.Tests.Legacy.LegacyMessageRegistrationTests" name="ExtractMessagesFromXml_ShouldSetCorrectCulture" />
    </UnitTest>
    <UnitTest name="FetchAuditLoglinesTokenAsync_ShouldReturnLoglines" storage="d:\actions-runner\_work\xpco\xpco\logserver\communication\videoos.logserver.communication.tests\bin\debug\videoos.logserver.communication.tests.dll" id="b37d0b5a-29a0-16c3-b349-b420d71ef9b0">
      <Execution id="978aa2ff-ed04-4bcc-aa62-520bdde62188" />
      <TestMethod codeBase="D:\actions-runner\_work\XPCO\XPCO\LogServer\Communication\VideoOS.LogServer.Communication.Tests\bin\Debug\VideoOS.LogServer.Communication.Tests.dll" adapterTypeName="executor://mstestadapter/v2" className="VideoOS.LogServer.Communication.Tests.Readers.LogReaderTests" name="FetchAuditLoglinesTokenAsync_ShouldReturnLoglines" />
    </UnitTest>
    <UnitTest name="ExtractMessagesFromXml_ShouldSetCorrectVersion (TestFiles\TestXMLs\CombinedGroups48.xml,12.0.2)" storage="d:\actions-runner\_work\xpco\xpco\logserver\communication\videoos.logserver.communication.tests\bin\debug\videoos.logserver.communication.tests.dll" id="b26ef1a0-ca7c-5175-29dd-e3e02c9d2b2e">
      <Execution id="ae9dab91-3fab-4e3a-9d23-d7b4ecbf2f4d" />
      <TestMethod codeBase="D:\actions-runner\_work\XPCO\XPCO\LogServer\Communication\VideoOS.LogServer.Communication.Tests\bin\Debug\VideoOS.LogServer.Communication.Tests.dll" adapterTypeName="executor://mstestadapter/v2" className="VideoOS.LogServer.Communication.Tests.Legacy.LegacyMessageRegistrationTests" name="ExtractMessagesFromXml_ShouldSetCorrectVersion" />
    </UnitTest>
    <UnitTest name="CallAsync_ShouldRethrowException_WhenFuncThrowsUnexpectedException" storage="d:\actions-runner\_work\xpco\xpco\logserver\communication\videoos.logserver.communication.tests\bin\debug\videoos.logserver.communication.tests.dll" id="b86f95fe-b8eb-93b5-85ac-c4b377aa3ab2">
      <Execution id="4d547ae8-354c-4e9f-b9e0-ad5d57ab09a5" />
      <TestMethod codeBase="D:\actions-runner\_work\XPCO\XPCO\LogServer\Communication\VideoOS.LogServer.Communication.Tests\bin\Debug\VideoOS.LogServer.Communication.Tests.dll" adapterTypeName="executor://mstestadapter/v2" className="VideoOS.LogServer.Communication.Tests.ClientWrapperTests" name="CallAsync_ShouldRethrowException_WhenFuncThrowsUnexpectedException" />
    </UnitTest>
    <UnitTest name="EndQuerySessionTokenAsync_ShouldClearQuerySession_WhenPreviouslyRunningSessionIsStopped" storage="d:\actions-runner\_work\xpco\xpco\logserver\communication\videoos.logserver.communication.tests\bin\debug\videoos.logserver.communication.tests.dll" id="1adc8a7a-23e3-07aa-2488-b1b0ec1bd11d">
      <Execution id="adf24f61-4238-4c78-9f03-1b1fd1595dd6" />
      <TestMethod codeBase="D:\actions-runner\_work\XPCO\XPCO\LogServer\Communication\VideoOS.LogServer.Communication.Tests\bin\Debug\VideoOS.LogServer.Communication.Tests.dll" adapterTypeName="executor://mstestadapter/v2" className="VideoOS.LogServer.Communication.Tests.Readers.LogReaderTests" name="EndQuerySessionTokenAsync_ShouldClearQuerySession_WhenPreviouslyRunningSessionIsStopped" />
    </UnitTest>
    <UnitTest name="ExtractMessagesFromXml_ShouldSetCorrectSourceTypeOnEntry (TestFiles\TestXMLs\CombinedGroups48.xml,ExportBegun,Export)" storage="d:\actions-runner\_work\xpco\xpco\logserver\communication\videoos.logserver.communication.tests\bin\debug\videoos.logserver.communication.tests.dll" id="446a9572-a221-3e10-2ac5-6b6981646eca">
      <Execution id="085df111-4a4c-45c2-985b-7d202e9c0cf2" />
      <TestMethod codeBase="D:\actions-runner\_work\XPCO\XPCO\LogServer\Communication\VideoOS.LogServer.Communication.Tests\bin\Debug\VideoOS.LogServer.Communication.Tests.dll" adapterTypeName="executor://mstestadapter/v2" className="VideoOS.LogServer.Communication.Tests.Legacy.LegacyMessageRegistrationTests" name="ExtractMessagesFromXml_ShouldSetCorrectSourceTypeOnEntry" />
    </UnitTest>
    <UnitTest name="Create_ShouldSetCredentialsToDefaultNetworkCredentials_IfMIPEnvironmentIsNotInitializedAndUriIsGiven" storage="d:\actions-runner\_work\xpco\xpco\logserver\communication\videoos.logserver.communication.tests\bin\debug\videoos.logserver.communication.tests.dll" id="779652e4-8fbe-3b7e-110d-d5f43eed27ad">
      <Execution id="106e0825-a96c-4ac6-bc25-5af4d9bc7ac1" />
      <TestMethod codeBase="D:\actions-runner\_work\XPCO\XPCO\LogServer\Communication\VideoOS.LogServer.Communication.Tests\bin\Debug\VideoOS.LogServer.Communication.Tests.dll" adapterTypeName="executor://mstestadapter/v2" className="VideoOS.LogServer.Communication.Tests.Communication.LogConfigurationServiceClientFactoryTests" name="Create_ShouldSetCredentialsToDefaultNetworkCredentials_IfMIPEnvironmentIsNotInitializedAndUriIsGiven" />
    </UnitTest>
    <UnitTest name="ExtractMessagesFromXml_ShouldReturnExpectedNumberOfCategories (TestFiles\TestXMLs\CombinedGroups48.xml,6)" storage="d:\actions-runner\_work\xpco\xpco\logserver\communication\videoos.logserver.communication.tests\bin\debug\videoos.logserver.communication.tests.dll" id="69f89350-67d1-88c5-1fb3-1403510533d5">
      <Execution id="06def8dd-6c08-40bc-8a44-6396c90215f7" />
      <TestMethod codeBase="D:\actions-runner\_work\XPCO\XPCO\LogServer\Communication\VideoOS.LogServer.Communication.Tests\bin\Debug\VideoOS.LogServer.Communication.Tests.dll" adapterTypeName="executor://mstestadapter/v2" className="VideoOS.LogServer.Communication.Tests.Legacy.LegacyMessageRegistrationTests" name="ExtractMessagesFromXml_ShouldReturnExpectedNumberOfCategories" />
    </UnitTest>
    <UnitTest name="DoUploadCultureFiles_ShouldReturnTrue_IfRegistrationSucceeds" storage="d:\actions-runner\_work\xpco\xpco\logserver\communication\videoos.logserver.communication.tests\bin\debug\videoos.logserver.communication.tests.dll" id="6941bc2c-9833-5d26-b03a-41c7ade36d6e">
      <Execution id="cf90166b-a5de-4168-b0de-33ef37200c8a" />
      <TestMethod codeBase="D:\actions-runner\_work\XPCO\XPCO\LogServer\Communication\VideoOS.LogServer.Communication.Tests\bin\Debug\VideoOS.LogServer.Communication.Tests.dll" adapterTypeName="executor://mstestadapter/v2" className="VideoOS.LogServer.Communication.Tests.Legacy.Client.LogClientInternalTests" name="DoUploadCultureFiles_ShouldReturnTrue_IfRegistrationSucceeds" />
    </UnitTest>
    <UnitTest name="EndQuerySessionTokenAsync_ShouldUseCorrectQuerySessionId_WhenTryingToStopRunningSession" storage="d:\actions-runner\_work\xpco\xpco\logserver\communication\videoos.logserver.communication.tests\bin\debug\videoos.logserver.communication.tests.dll" id="63016393-1767-4228-6fb0-e9e5bee4a5e3">
      <Execution id="1dd4c427-2727-4150-9c87-e62b0e9752dd" />
      <TestMethod codeBase="D:\actions-runner\_work\XPCO\XPCO\LogServer\Communication\VideoOS.LogServer.Communication.Tests\bin\Debug\VideoOS.LogServer.Communication.Tests.dll" adapterTypeName="executor://mstestadapter/v2" className="VideoOS.LogServer.Communication.Tests.Readers.LogReaderTests" name="EndQuerySessionTokenAsync_ShouldUseCorrectQuerySessionId_WhenTryingToStopRunningSession" />
    </UnitTest>
    <UnitTest name="Close_StopsRetrying" storage="d:\actions-runner\_work\xpco\xpco\logserver\communication\videoos.logserver.communication.tests\bin\debug\videoos.logserver.communication.tests.dll" id="308ca1e2-fb9c-1586-8871-264314d0c4f4">
      <Execution id="7fe42453-a706-4202-866d-0bdf6e1e2c6a" />
      <TestMethod codeBase="D:\actions-runner\_work\XPCO\XPCO\LogServer\Communication\VideoOS.LogServer.Communication.Tests\bin\Debug\VideoOS.LogServer.Communication.Tests.dll" adapterTypeName="executor://mstestadapter/v2" className="VideoOS.LogServer.Communication.Tests.QueueingClientWrapperTests" name="Close_StopsRetrying" />
    </UnitTest>
    <UnitTest name="ExtractMessagesFromXml_ShouldSetCorrectCulture (TestFiles\TestXMLs\CombinedGroups48.xml,en-US)" storage="d:\actions-runner\_work\xpco\xpco\logserver\communication\videoos.logserver.communication.tests\bin\debug\videoos.logserver.communication.tests.dll" id="8b3db817-aa30-ea6d-4629-f6f2628b1e34">
      <Execution id="a3c89e0f-3119-4011-9932-cc7a140cae9a" />
      <TestMethod codeBase="D:\actions-runner\_work\XPCO\XPCO\LogServer\Communication\VideoOS.LogServer.Communication.Tests\bin\Debug\VideoOS.LogServer.Communication.Tests.dll" adapterTypeName="executor://mstestadapter/v2" className="VideoOS.LogServer.Communication.Tests.Legacy.LegacyMessageRegistrationTests" name="ExtractMessagesFromXml_ShouldSetCorrectCulture" />
    </UnitTest>
    <UnitTest name="RegisterLegacyLogMessagesAsync_ShouldPassCorrectParams" storage="d:\actions-runner\_work\xpco\xpco\logserver\communication\videoos.logserver.communication.tests\bin\debug\videoos.logserver.communication.tests.dll" id="01d14afd-25f5-291d-8634-feb90cef42b3">
      <Execution id="7eead07d-36c4-418a-89ed-55eefad0cc79" />
      <TestMethod codeBase="D:\actions-runner\_work\XPCO\XPCO\LogServer\Communication\VideoOS.LogServer.Communication.Tests\bin\Debug\VideoOS.LogServer.Communication.Tests.dll" adapterTypeName="executor://mstestadapter/v2" className="VideoOS.LogServer.Communication.Tests.Writers.LogWriterTests" name="RegisterLegacyLogMessagesAsync_ShouldPassCorrectParams" />
    </UnitTest>
    <UnitTest name="CallWithRetryAsync_CallsLambdaMultipleTimes_IfFailed" storage="d:\actions-runner\_work\xpco\xpco\logserver\communication\videoos.logserver.communication.tests\bin\debug\videoos.logserver.communication.tests.dll" id="94fee7c4-80c8-1c86-3576-94ca601ec732">
      <Execution id="ac53419d-0cd0-475c-8466-acdf79685b3e" />
      <TestMethod codeBase="D:\actions-runner\_work\XPCO\XPCO\LogServer\Communication\VideoOS.LogServer.Communication.Tests\bin\Debug\VideoOS.LogServer.Communication.Tests.dll" adapterTypeName="executor://mstestadapter/v2" className="VideoOS.LogServer.Communication.Tests.QueueingClientWrapperTests" name="CallWithRetryAsync_CallsLambdaMultipleTimes_IfFailed" />
    </UnitTest>
    <UnitTest name="RegisterLegacyLogMessagesTokenAsync_ShouldPassCorrectParams" storage="d:\actions-runner\_work\xpco\xpco\logserver\communication\videoos.logserver.communication.tests\bin\debug\videoos.logserver.communication.tests.dll" id="7e96b009-8ba0-c755-7d30-7f328804b614">
      <Execution id="de59c042-9929-466d-aa9e-8ae4b5af6f99" />
      <TestMethod codeBase="D:\actions-runner\_work\XPCO\XPCO\LogServer\Communication\VideoOS.LogServer.Communication.Tests\bin\Debug\VideoOS.LogServer.Communication.Tests.dll" adapterTypeName="executor://mstestadapter/v2" className="VideoOS.LogServer.Communication.Tests.Writers.LogWriterTests" name="RegisterLegacyLogMessagesTokenAsync_ShouldPassCorrectParams" />
    </UnitTest>
    <UnitTest name="ExtractMessagesFromXml_ShouldSetCorrectCulture (TestFiles\TestXMLs\SimpleKR9.xml,ko-KR)" storage="d:\actions-runner\_work\xpco\xpco\logserver\communication\videoos.logserver.communication.tests\bin\debug\videoos.logserver.communication.tests.dll" id="b4c67156-b25e-38b0-705c-d5a9b034170b">
      <Execution id="de11758b-9c02-408f-9d3d-a0363444afd5" />
      <TestMethod codeBase="D:\actions-runner\_work\XPCO\XPCO\LogServer\Communication\VideoOS.LogServer.Communication.Tests\bin\Debug\VideoOS.LogServer.Communication.Tests.dll" adapterTypeName="executor://mstestadapter/v2" className="VideoOS.LogServer.Communication.Tests.Legacy.LegacyMessageRegistrationTests" name="ExtractMessagesFromXml_ShouldSetCorrectCulture" />
    </UnitTest>
    <UnitTest name="DoUploadCultureFile_ShouldRegisterWithCredentialValidation_IfUserIsNotBasicUser" storage="d:\actions-runner\_work\xpco\xpco\logserver\communication\videoos.logserver.communication.tests\bin\debug\videoos.logserver.communication.tests.dll" id="fd6a6596-e9bc-820d-bbb1-d6004688c36f">
      <Execution id="b876cacb-4a67-40ff-87f7-9451f12dd047" />
      <TestMethod codeBase="D:\actions-runner\_work\XPCO\XPCO\LogServer\Communication\VideoOS.LogServer.Communication.Tests\bin\Debug\VideoOS.LogServer.Communication.Tests.dll" adapterTypeName="executor://mstestadapter/v2" className="VideoOS.LogServer.Communication.Tests.Legacy.Client.LogClientInternalTests" name="DoUploadCultureFile_ShouldRegisterWithCredentialValidation_IfUserIsNotBasicUser" />
    </UnitTest>
    <UnitTest name="EndQuerySessionAsync_ShouldNotDoAnything_IfQuerySessionHasNotBeenStarted" storage="d:\actions-runner\_work\xpco\xpco\logserver\communication\videoos.logserver.communication.tests\bin\debug\videoos.logserver.communication.tests.dll" id="b42052b4-be9c-180e-d224-1ca4f236874a">
      <Execution id="f8dae6a7-b8ee-438d-897b-07763347a121" />
      <TestMethod codeBase="D:\actions-runner\_work\XPCO\XPCO\LogServer\Communication\VideoOS.LogServer.Communication.Tests\bin\Debug\VideoOS.LogServer.Communication.Tests.dll" adapterTypeName="executor://mstestadapter/v2" className="VideoOS.LogServer.Communication.Tests.Readers.LogReaderTests" name="EndQuerySessionAsync_ShouldNotDoAnything_IfQuerySessionHasNotBeenStarted" />
    </UnitTest>
    <UnitTest name="CallAsync_ShouldRetryCallCountTimes_WhenFuncThrowsCommunicationException" storage="d:\actions-runner\_work\xpco\xpco\logserver\communication\videoos.logserver.communication.tests\bin\debug\videoos.logserver.communication.tests.dll" id="67f28808-ddff-e982-aee0-d9b5dbc005e2">
      <Execution id="bf67d28b-e4a6-4c42-b6aa-90f68ece335d" />
      <TestMethod codeBase="D:\actions-runner\_work\XPCO\XPCO\LogServer\Communication\VideoOS.LogServer.Communication.Tests\bin\Debug\VideoOS.LogServer.Communication.Tests.dll" adapterTypeName="executor://mstestadapter/v2" className="VideoOS.LogServer.Communication.Tests.ClientWrapperTests" name="CallAsync_ShouldRetryCallCountTimes_WhenFuncThrowsCommunicationException" />
    </UnitTest>
    <UnitTest name="RegisterSourceTypeTokenAsync_ShouldPassCorrectParams" storage="d:\actions-runner\_work\xpco\xpco\logserver\communication\videoos.logserver.communication.tests\bin\debug\videoos.logserver.communication.tests.dll" id="bec962ea-d868-333e-e3ba-591adbfdf268">
      <Execution id="31f4635e-5aa9-467c-9fe1-4bc4189e8765" />
      <TestMethod codeBase="D:\actions-runner\_work\XPCO\XPCO\LogServer\Communication\VideoOS.LogServer.Communication.Tests\bin\Debug\VideoOS.LogServer.Communication.Tests.dll" adapterTypeName="executor://mstestadapter/v2" className="VideoOS.LogServer.Communication.Tests.Writers.LogWriterTests" name="RegisterSourceTypeTokenAsync_ShouldPassCorrectParams" />
    </UnitTest>
    <UnitTest name="FetchRuleLoglinesTokenAsync_ShouldReturnLoglines" storage="d:\actions-runner\_work\xpco\xpco\logserver\communication\videoos.logserver.communication.tests\bin\debug\videoos.logserver.communication.tests.dll" id="48279b0f-faf7-b592-4f52-51dcac4755c3">
      <Execution id="40b2bdba-15f2-4524-9131-851fa9a9c31d" />
      <TestMethod codeBase="D:\actions-runner\_work\XPCO\XPCO\LogServer\Communication\VideoOS.LogServer.Communication.Tests\bin\Debug\VideoOS.LogServer.Communication.Tests.dll" adapterTypeName="executor://mstestadapter/v2" className="VideoOS.LogServer.Communication.Tests.Readers.LogReaderTests" name="FetchRuleLoglinesTokenAsync_ShouldReturnLoglines" />
    </UnitTest>
    <UnitTest name="ExtractMessagesFromXml_ShouldSetCorrectCategoryOnEntry (MapNavigationServerChanged,)" storage="d:\actions-runner\_work\xpco\xpco\logserver\communication\videoos.logserver.communication.tests\bin\debug\videoos.logserver.communication.tests.dll" id="c63998ff-057d-127a-a599-7bd00fbae3de">
      <Execution id="2f3ea20d-5a0b-4a03-a711-9f2bcf0c5b80" />
      <TestMethod codeBase="D:\actions-runner\_work\XPCO\XPCO\LogServer\Communication\VideoOS.LogServer.Communication.Tests\bin\Debug\VideoOS.LogServer.Communication.Tests.dll" adapterTypeName="executor://mstestadapter/v2" className="VideoOS.LogServer.Communication.Tests.Legacy.LegacyMessageRegistrationTests" name="ExtractMessagesFromXml_ShouldSetCorrectCategoryOnEntry" />
    </UnitTest>
    <UnitTest name="Create_ShouldSetCredentialsToDefaultNetworkCredentials_IfMIPEnvironmentIsNotInitializedAndUriIsGiven" storage="d:\actions-runner\_work\xpco\xpco\logserver\communication\videoos.logserver.communication.tests\bin\debug\videoos.logserver.communication.tests.dll" id="3262192e-5f84-166d-d0c4-36e7145dfffb">
      <Execution id="b6fba669-1012-400b-b438-f466aa24d31a" />
      <TestMethod codeBase="D:\actions-runner\_work\XPCO\XPCO\LogServer\Communication\VideoOS.LogServer.Communication.Tests\bin\Debug\VideoOS.LogServer.Communication.Tests.dll" adapterTypeName="executor://mstestadapter/v2" className="VideoOS.LogServer.Communication.Tests.Communication.LogWriterServiceClientFactoryTests" name="Create_ShouldSetCredentialsToDefaultNetworkCredentials_IfMIPEnvironmentIsNotInitializedAndUriIsGiven" />
    </UnitTest>
    <UnitTest name="ExtractMessagesFromXml_ShouldSetCorrectCategoryOnEntry (ExportBegun,Export)" storage="d:\actions-runner\_work\xpco\xpco\logserver\communication\videoos.logserver.communication.tests\bin\debug\videoos.logserver.communication.tests.dll" id="b23c055a-115b-f4d2-24a2-c22528b67dba">
      <Execution id="c7d16e6f-4cc5-4399-affd-a7706da543bd" />
      <TestMethod codeBase="D:\actions-runner\_work\XPCO\XPCO\LogServer\Communication\VideoOS.LogServer.Communication.Tests\bin\Debug\VideoOS.LogServer.Communication.Tests.dll" adapterTypeName="executor://mstestadapter/v2" className="VideoOS.LogServer.Communication.Tests.Legacy.LegacyMessageRegistrationTests" name="ExtractMessagesFromXml_ShouldSetCorrectCategoryOnEntry" />
    </UnitTest>
    <UnitTest name="Create_ShouldSetEndpointAddressUsingLogServerUri_IfMIPEnvironmentIsNotInitializedAndUriIsGiven" storage="d:\actions-runner\_work\xpco\xpco\logserver\communication\videoos.logserver.communication.tests\bin\debug\videoos.logserver.communication.tests.dll" id="22ec705d-08b4-1246-93f7-3ae9421d40cf">
      <Execution id="5841fd4f-e385-4f49-8016-0952670d8833" />
      <TestMethod codeBase="D:\actions-runner\_work\XPCO\XPCO\LogServer\Communication\VideoOS.LogServer.Communication.Tests\bin\Debug\VideoOS.LogServer.Communication.Tests.dll" adapterTypeName="executor://mstestadapter/v2" className="VideoOS.LogServer.Communication.Tests.Communication.LogConfigurationServiceClientFactoryTests" name="Create_ShouldSetEndpointAddressUsingLogServerUri_IfMIPEnvironmentIsNotInitializedAndUriIsGiven" />
    </UnitTest>
    <UnitTest name="GetFilterValuesAsync_ShouldReturnFilterValues" storage="d:\actions-runner\_work\xpco\xpco\logserver\communication\videoos.logserver.communication.tests\bin\debug\videoos.logserver.communication.tests.dll" id="68917092-20dd-c73b-53c5-158af009c721">
      <Execution id="16753ec1-1313-4df7-959f-1375d1f8f032" />
      <TestMethod codeBase="D:\actions-runner\_work\XPCO\XPCO\LogServer\Communication\VideoOS.LogServer.Communication.Tests\bin\Debug\VideoOS.LogServer.Communication.Tests.dll" adapterTypeName="executor://mstestadapter/v2" className="VideoOS.LogServer.Communication.Tests.Readers.LogReaderTests" name="GetFilterValuesAsync_ShouldReturnFilterValues" />
    </UnitTest>
    <UnitTest name="IsQuerySessionStarted_ShouldBeFalse_ByDefault" storage="d:\actions-runner\_work\xpco\xpco\logserver\communication\videoos.logserver.communication.tests\bin\debug\videoos.logserver.communication.tests.dll" id="3c41982f-e495-367d-236b-2f52da3f812e">
      <Execution id="8eb18382-7e66-4c90-9bb5-91bcdb1633b2" />
      <TestMethod codeBase="D:\actions-runner\_work\XPCO\XPCO\LogServer\Communication\VideoOS.LogServer.Communication.Tests\bin\Debug\VideoOS.LogServer.Communication.Tests.dll" adapterTypeName="executor://mstestadapter/v2" className="VideoOS.LogServer.Communication.Tests.Readers.LogReaderTests" name="IsQuerySessionStarted_ShouldBeFalse_ByDefault" />
    </UnitTest>
    <UnitTest name="ExtractMessagesFromXml_ShouldSetCorrectLogTypeOnEntry (ExportAVICameraCompleted,Audit)" storage="d:\actions-runner\_work\xpco\xpco\logserver\communication\videoos.logserver.communication.tests\bin\debug\videoos.logserver.communication.tests.dll" id="88101cee-6ea8-96b1-12f3-d1d1a85b48ac">
      <Execution id="3fa60dd1-66a3-4532-b33c-16455339479a" />
      <TestMethod codeBase="D:\actions-runner\_work\XPCO\XPCO\LogServer\Communication\VideoOS.LogServer.Communication.Tests\bin\Debug\VideoOS.LogServer.Communication.Tests.dll" adapterTypeName="executor://mstestadapter/v2" className="VideoOS.LogServer.Communication.Tests.Legacy.LegacyMessageRegistrationTests" name="ExtractMessagesFromXml_ShouldSetCorrectLogTypeOnEntry" />
    </UnitTest>
    <UnitTest name="CallWithRetryAsync_OnlyCallsLambdaOnce_IfItSucceeds" storage="d:\actions-runner\_work\xpco\xpco\logserver\communication\videoos.logserver.communication.tests\bin\debug\videoos.logserver.communication.tests.dll" id="4eb367ab-5c42-6b05-7bc5-20146f5c9dce">
      <Execution id="3d566006-c3f5-4e5e-bb39-0dbcac3337a6" />
      <TestMethod codeBase="D:\actions-runner\_work\XPCO\XPCO\LogServer\Communication\VideoOS.LogServer.Communication.Tests\bin\Debug\VideoOS.LogServer.Communication.Tests.dll" adapterTypeName="executor://mstestadapter/v2" className="VideoOS.LogServer.Communication.Tests.QueueingClientWrapperTests" name="CallWithRetryAsync_OnlyCallsLambdaOnce_IfItSucceeds" />
    </UnitTest>
    <UnitTest name="Create_ShouldSetCredentialsToLoginSettingsNetworkCredentials_IfMIPEnvironmentIsInitialized" storage="d:\actions-runner\_work\xpco\xpco\logserver\communication\videoos.logserver.communication.tests\bin\debug\videoos.logserver.communication.tests.dll" id="a9befe5e-a1fe-4335-a2a4-b001dfe290b4">
      <Execution id="fcdd508e-5ace-451b-9bd6-0a8c5ee9886f" />
      <TestMethod codeBase="D:\actions-runner\_work\XPCO\XPCO\LogServer\Communication\VideoOS.LogServer.Communication.Tests\bin\Debug\VideoOS.LogServer.Communication.Tests.dll" adapterTypeName="executor://mstestadapter/v2" className="VideoOS.LogServer.Communication.Tests.Communication.LogConfigurationServiceClientFactoryTests" name="Create_ShouldSetCredentialsToLoginSettingsNetworkCredentials_IfMIPEnvironmentIsInitialized" />
    </UnitTest>
    <UnitTest name="CallWithRetryAsync_CallsAllLambdasUntilTheyPass_IfThereAreMultipleLambdas" storage="d:\actions-runner\_work\xpco\xpco\logserver\communication\videoos.logserver.communication.tests\bin\debug\videoos.logserver.communication.tests.dll" id="badbd886-4256-36d6-b407-7caca836cddf">
      <Execution id="a3ce6856-2da9-4bcf-a627-6c9dc9308d1b" />
      <TestMethod codeBase="D:\actions-runner\_work\XPCO\XPCO\LogServer\Communication\VideoOS.LogServer.Communication.Tests\bin\Debug\VideoOS.LogServer.Communication.Tests.dll" adapterTypeName="executor://mstestadapter/v2" className="VideoOS.LogServer.Communication.Tests.QueueingClientWrapperTests" name="CallWithRetryAsync_CallsAllLambdasUntilTheyPass_IfThereAreMultipleLambdas" />
    </UnitTest>
    <UnitTest name="Config_LogWriterClientBindingSendTimeoutSetToDefault" storage="d:\actions-runner\_work\xpco\xpco\logserver\communication\videoos.logserver.communication.tests\bin\debug\videoos.logserver.communication.tests.dll" id="7edf0f60-8715-664d-d672-6e3b8e74effc">
      <Execution id="592c84b9-0e72-4705-bedb-c004b6f5ae23" />
      <TestMethod codeBase="D:\actions-runner\_work\XPCO\XPCO\LogServer\Communication\VideoOS.LogServer.Communication.Tests\bin\Debug\VideoOS.LogServer.Communication.Tests.dll" adapterTypeName="executor://mstestadapter/v2" className="VideoOS.LogServer.Communication.Tests.Communication.LogWriterServiceClientFactoryTests" name="Config_LogWriterClientBindingSendTimeoutSetToDefault" />
    </UnitTest>
    <UnitTest name="Config_LogConfigurationClientBindingSendTimeoutCanBeConfiguredFromAppSettings" storage="d:\actions-runner\_work\xpco\xpco\logserver\communication\videoos.logserver.communication.tests\bin\debug\videoos.logserver.communication.tests.dll" id="70bea485-ec86-6f83-5a24-575e32c4eae9">
      <Execution id="fcced6bb-6765-4ce5-8424-fe095e2b2dbe" />
      <TestMethod codeBase="D:\actions-runner\_work\XPCO\XPCO\LogServer\Communication\VideoOS.LogServer.Communication.Tests\bin\Debug\VideoOS.LogServer.Communication.Tests.dll" adapterTypeName="executor://mstestadapter/v2" className="VideoOS.LogServer.Communication.Tests.Communication.LogConfigurationServiceClientFactoryTests" name="Config_LogConfigurationClientBindingSendTimeoutCanBeConfiguredFromAppSettings" />
    </UnitTest>
    <UnitTest name="ExtractMessagesFromXml_ShouldReturnExpectedNumberOfSourceTypes (TestFiles\TestXMLs\Large520.xml,41)" storage="d:\actions-runner\_work\xpco\xpco\logserver\communication\videoos.logserver.communication.tests\bin\debug\videoos.logserver.communication.tests.dll" id="6bd4e64a-403b-2246-3e7d-bff3950d867e">
      <Execution id="734ea4fd-df98-42c6-80cc-5844e19349b6" />
      <TestMethod codeBase="D:\actions-runner\_work\XPCO\XPCO\LogServer\Communication\VideoOS.LogServer.Communication.Tests\bin\Debug\VideoOS.LogServer.Communication.Tests.dll" adapterTypeName="executor://mstestadapter/v2" className="VideoOS.LogServer.Communication.Tests.Legacy.LegacyMessageRegistrationTests" name="ExtractMessagesFromXml_ShouldReturnExpectedNumberOfSourceTypes" />
    </UnitTest>
    <UnitTest name="RegisterCategoryTokenAsync_ShouldPassCorrectParams" storage="d:\actions-runner\_work\xpco\xpco\logserver\communication\videoos.logserver.communication.tests\bin\debug\videoos.logserver.communication.tests.dll" id="6907c083-38d4-a0e4-dacd-80087df0da9e">
      <Execution id="8b6d4aa9-cfcb-49f2-ac75-119064c68e03" />
      <TestMethod codeBase="D:\actions-runner\_work\XPCO\XPCO\LogServer\Communication\VideoOS.LogServer.Communication.Tests\bin\Debug\VideoOS.LogServer.Communication.Tests.dll" adapterTypeName="executor://mstestadapter/v2" className="VideoOS.LogServer.Communication.Tests.Writers.LogWriterTests" name="RegisterCategoryTokenAsync_ShouldPassCorrectParams" />
    </UnitTest>
    <UnitTest name="WriteLegacyLoglineAsync_ShouldPassCorrectParams" storage="d:\actions-runner\_work\xpco\xpco\logserver\communication\videoos.logserver.communication.tests\bin\debug\videoos.logserver.communication.tests.dll" id="85a0c911-4d9b-f0cf-2307-5d56b2c855c8">
      <Execution id="4c28601a-4e81-40c3-870a-f7eb7fdf9cb0" />
      <TestMethod codeBase="D:\actions-runner\_work\XPCO\XPCO\LogServer\Communication\VideoOS.LogServer.Communication.Tests\bin\Debug\VideoOS.LogServer.Communication.Tests.dll" adapterTypeName="executor://mstestadapter/v2" className="VideoOS.LogServer.Communication.Tests.Writers.LogWriterTests" name="WriteLegacyLoglineAsync_ShouldPassCorrectParams" />
    </UnitTest>
    <UnitTest name="ExtractMessagesFromXml_ShouldReturnExpectedNumberOfEntries (TestFiles\TestXMLs\Large520.xml,520)" storage="d:\actions-runner\_work\xpco\xpco\logserver\communication\videoos.logserver.communication.tests\bin\debug\videoos.logserver.communication.tests.dll" id="cd450799-898f-7592-470a-680a22fc3b31">
      <Execution id="e2bb0f73-8b4a-4362-bb85-325a658fe9c8" />
      <TestMethod codeBase="D:\actions-runner\_work\XPCO\XPCO\LogServer\Communication\VideoOS.LogServer.Communication.Tests\bin\Debug\VideoOS.LogServer.Communication.Tests.dll" adapterTypeName="executor://mstestadapter/v2" className="VideoOS.LogServer.Communication.Tests.Legacy.LegacyMessageRegistrationTests" name="ExtractMessagesFromXml_ShouldReturnExpectedNumberOfEntries" />
    </UnitTest>
    <UnitTest name="CallAsync_ShouldNotRetryCall_WhenFuncThrowsNotCommunicationException" storage="d:\actions-runner\_work\xpco\xpco\logserver\communication\videoos.logserver.communication.tests\bin\debug\videoos.logserver.communication.tests.dll" id="659ea7ef-7a9e-011e-503e-a43b4fac0d99">
      <Execution id="81b55d51-3315-42ed-b00d-b4188c80b455" />
      <TestMethod codeBase="D:\actions-runner\_work\XPCO\XPCO\LogServer\Communication\VideoOS.LogServer.Communication.Tests\bin\Debug\VideoOS.LogServer.Communication.Tests.dll" adapterTypeName="executor://mstestadapter/v2" className="VideoOS.LogServer.Communication.Tests.ClientWrapperTests" name="CallAsync_ShouldNotRetryCall_WhenFuncThrowsNotCommunicationException" />
    </UnitTest>
    <UnitTest name="FetchRuleLoglinesAsync_ShouldReturnLoglines" storage="d:\actions-runner\_work\xpco\xpco\logserver\communication\videoos.logserver.communication.tests\bin\debug\videoos.logserver.communication.tests.dll" id="a836b8aa-0561-a3b3-cf59-73ebce5adc53">
      <Execution id="736d8709-cc4d-4163-b866-1207ef5b382d" />
      <TestMethod codeBase="D:\actions-runner\_work\XPCO\XPCO\LogServer\Communication\VideoOS.LogServer.Communication.Tests\bin\Debug\VideoOS.LogServer.Communication.Tests.dll" adapterTypeName="executor://mstestadapter/v2" className="VideoOS.LogServer.Communication.Tests.Readers.LogReaderTests" name="FetchRuleLoglinesAsync_ShouldReturnLoglines" />
    </UnitTest>
    <UnitTest name="ExtractMessagesFromXml_ShouldReturnExpectedNumberOfEntries (TestFiles\TestXMLs\DiscardedGroupTypes9.xml,9)" storage="d:\actions-runner\_work\xpco\xpco\logserver\communication\videoos.logserver.communication.tests\bin\debug\videoos.logserver.communication.tests.dll" id="0ef49951-f77d-7256-b3ae-66f175c85645">
      <Execution id="76e2b960-0ea1-4e03-87f4-012f81afa5de" />
      <TestMethod codeBase="D:\actions-runner\_work\XPCO\XPCO\LogServer\Communication\VideoOS.LogServer.Communication.Tests\bin\Debug\VideoOS.LogServer.Communication.Tests.dll" adapterTypeName="executor://mstestadapter/v2" className="VideoOS.LogServer.Communication.Tests.Legacy.LegacyMessageRegistrationTests" name="ExtractMessagesFromXml_ShouldReturnExpectedNumberOfEntries" />
    </UnitTest>
    <UnitTest name="Create_ShouldSetCredentialsToLoginSettingsNetworkCredentials_IfMIPEnvironmentIsInitialized" storage="d:\actions-runner\_work\xpco\xpco\logserver\communication\videoos.logserver.communication.tests\bin\debug\videoos.logserver.communication.tests.dll" id="bf160454-ca42-37cd-a218-b3a0050d0c04">
      <Execution id="d41c2913-0428-4161-827f-da393dcb6da2" />
      <TestMethod codeBase="D:\actions-runner\_work\XPCO\XPCO\LogServer\Communication\VideoOS.LogServer.Communication.Tests\bin\Debug\VideoOS.LogServer.Communication.Tests.dll" adapterTypeName="executor://mstestadapter/v2" className="VideoOS.LogServer.Communication.Tests.Communication.LogWriterServiceClientFactoryTests" name="Create_ShouldSetCredentialsToLoginSettingsNetworkCredentials_IfMIPEnvironmentIsInitialized" />
    </UnitTest>
    <UnitTest name="ToLogMessages_ShouldTransformEntriesToLogMessages_WithCorrectId" storage="d:\actions-runner\_work\xpco\xpco\logserver\communication\videoos.logserver.communication.tests\bin\debug\videoos.logserver.communication.tests.dll" id="93cf8303-d6e5-db71-c919-018ef89f83c3">
      <Execution id="90780160-f327-45b5-bf55-2f7a9e44dbc9" />
      <TestMethod codeBase="D:\actions-runner\_work\XPCO\XPCO\LogServer\Communication\VideoOS.LogServer.Communication.Tests\bin\Debug\VideoOS.LogServer.Communication.Tests.dll" adapterTypeName="executor://mstestadapter/v2" className="VideoOS.LogServer.Communication.Tests.Extensions.LegacyMessageXmlExtensionsTests" name="ToLogMessages_ShouldTransformEntriesToLogMessages_WithCorrectId" />
    </UnitTest>
    <UnitTest name="RegisterLogMessagesAsync_ShouldPassCorrectParams" storage="d:\actions-runner\_work\xpco\xpco\logserver\communication\videoos.logserver.communication.tests\bin\debug\videoos.logserver.communication.tests.dll" id="bdd8d4fe-4058-aef2-0d58-025fc8ab2d74">
      <Execution id="81df7164-e7c5-430f-ad15-3b278c764987" />
      <TestMethod codeBase="D:\actions-runner\_work\XPCO\XPCO\LogServer\Communication\VideoOS.LogServer.Communication.Tests\bin\Debug\VideoOS.LogServer.Communication.Tests.dll" adapterTypeName="executor://mstestadapter/v2" className="VideoOS.LogServer.Communication.Tests.Writers.LogWriterTests" name="RegisterLogMessagesAsync_ShouldPassCorrectParams" />
    </UnitTest>
    <UnitTest name="FetchAuditLoglinesAsync_ShouldReturnLoglines" storage="d:\actions-runner\_work\xpco\xpco\logserver\communication\videoos.logserver.communication.tests\bin\debug\videoos.logserver.communication.tests.dll" id="b60e37b6-aafb-0d71-39f0-b9035421a460">
      <Execution id="bfb622ff-5b02-4b40-aca6-820ecac7336a" />
      <TestMethod codeBase="D:\actions-runner\_work\XPCO\XPCO\LogServer\Communication\VideoOS.LogServer.Communication.Tests\bin\Debug\VideoOS.LogServer.Communication.Tests.dll" adapterTypeName="executor://mstestadapter/v2" className="VideoOS.LogServer.Communication.Tests.Readers.LogReaderTests" name="FetchAuditLoglinesAsync_ShouldReturnLoglines" />
    </UnitTest>
    <UnitTest name="DoUploadCultureFile_ShouldRegisterWithCredentialValidation_IfMIPEnvironmentIsNotInitialized" storage="d:\actions-runner\_work\xpco\xpco\logserver\communication\videoos.logserver.communication.tests\bin\debug\videoos.logserver.communication.tests.dll" id="fe908b2a-47cc-1a75-6b07-95579f1ff3bd">
      <Execution id="40eabbb2-a3f3-49b8-a9c3-04d4c0e41f11" />
      <TestMethod codeBase="D:\actions-runner\_work\XPCO\XPCO\LogServer\Communication\VideoOS.LogServer.Communication.Tests\bin\Debug\VideoOS.LogServer.Communication.Tests.dll" adapterTypeName="executor://mstestadapter/v2" className="VideoOS.LogServer.Communication.Tests.Legacy.Client.LogClientInternalTests" name="DoUploadCultureFile_ShouldRegisterWithCredentialValidation_IfMIPEnvironmentIsNotInitialized" />
    </UnitTest>
    <UnitTest name="DoUploadCultureFile_ShouldReturnFalse_IfFileDoesNotExist" storage="d:\actions-runner\_work\xpco\xpco\logserver\communication\videoos.logserver.communication.tests\bin\debug\videoos.logserver.communication.tests.dll" id="5bc88eec-e68a-c6be-64e3-ba75f927987e">
      <Execution id="976d91ad-1739-444d-9b00-ff0a0630ee5c" />
      <TestMethod codeBase="D:\actions-runner\_work\XPCO\XPCO\LogServer\Communication\VideoOS.LogServer.Communication.Tests\bin\Debug\VideoOS.LogServer.Communication.Tests.dll" adapterTypeName="executor://mstestadapter/v2" className="VideoOS.LogServer.Communication.Tests.Legacy.Client.LogClientInternalTests" name="DoUploadCultureFile_ShouldReturnFalse_IfFileDoesNotExist" />
    </UnitTest>
    <UnitTest name="ExtractMessagesFromXml_ShouldSetCorrectLogTypeOnEntry (MonitorLayoutCameraPlaced,Rule)" storage="d:\actions-runner\_work\xpco\xpco\logserver\communication\videoos.logserver.communication.tests\bin\debug\videoos.logserver.communication.tests.dll" id="77f6d4a2-86d9-b896-3535-74c1b7eccbc6">
      <Execution id="3bdc588e-eff6-4524-b44d-523ed89e5903" />
      <TestMethod codeBase="D:\actions-runner\_work\XPCO\XPCO\LogServer\Communication\VideoOS.LogServer.Communication.Tests\bin\Debug\VideoOS.LogServer.Communication.Tests.dll" adapterTypeName="executor://mstestadapter/v2" className="VideoOS.LogServer.Communication.Tests.Legacy.LegacyMessageRegistrationTests" name="ExtractMessagesFromXml_ShouldSetCorrectLogTypeOnEntry" />
    </UnitTest>
    <UnitTest name="DoUploadCultureFiles_ShouldRegisterWithCredentialValidation_IfUserIsNotBasicUser" storage="d:\actions-runner\_work\xpco\xpco\logserver\communication\videoos.logserver.communication.tests\bin\debug\videoos.logserver.communication.tests.dll" id="91a1044a-970f-5ce4-c09f-c08d99389089">
      <Execution id="8a508e27-e1ae-40e1-b50e-138469116b0d" />
      <TestMethod codeBase="D:\actions-runner\_work\XPCO\XPCO\LogServer\Communication\VideoOS.LogServer.Communication.Tests\bin\Debug\VideoOS.LogServer.Communication.Tests.dll" adapterTypeName="executor://mstestadapter/v2" className="VideoOS.LogServer.Communication.Tests.Legacy.Client.LogClientInternalTests" name="DoUploadCultureFiles_ShouldRegisterWithCredentialValidation_IfUserIsNotBasicUser" />
    </UnitTest>
    <UnitTest name="ExtractMessagesFromXml_ShouldReturnExpectedNumberOfCategories (TestFiles\TestXMLs\Simple9.xml,2)" storage="d:\actions-runner\_work\xpco\xpco\logserver\communication\videoos.logserver.communication.tests\bin\debug\videoos.logserver.communication.tests.dll" id="94919045-55eb-c6a8-9422-0d7750bdb297">
      <Execution id="9f4dbdab-21dc-49b9-89b2-79b447570a5f" />
      <TestMethod codeBase="D:\actions-runner\_work\XPCO\XPCO\LogServer\Communication\VideoOS.LogServer.Communication.Tests\bin\Debug\VideoOS.LogServer.Communication.Tests.dll" adapterTypeName="executor://mstestadapter/v2" className="VideoOS.LogServer.Communication.Tests.Legacy.LegacyMessageRegistrationTests" name="ExtractMessagesFromXml_ShouldReturnExpectedNumberOfCategories" />
    </UnitTest>
    <UnitTest name="DoUploadCultureFiles_ShouldReturnFalse_IfDirectoryIsNull" storage="d:\actions-runner\_work\xpco\xpco\logserver\communication\videoos.logserver.communication.tests\bin\debug\videoos.logserver.communication.tests.dll" id="bb423a2d-e77e-922e-7cca-ac4e6e500c2c">
      <Execution id="e99d2e24-9c40-47f6-8c6f-a3c4426fabac" />
      <TestMethod codeBase="D:\actions-runner\_work\XPCO\XPCO\LogServer\Communication\VideoOS.LogServer.Communication.Tests\bin\Debug\VideoOS.LogServer.Communication.Tests.dll" adapterTypeName="executor://mstestadapter/v2" className="VideoOS.LogServer.Communication.Tests.Legacy.Client.LogClientInternalTests" name="DoUploadCultureFiles_ShouldReturnFalse_IfDirectoryIsNull" />
    </UnitTest>
    <UnitTest name="StartQuerySessionTokenAsync_ShouldSetIsQuerySessionStarted" storage="d:\actions-runner\_work\xpco\xpco\logserver\communication\videoos.logserver.communication.tests\bin\debug\videoos.logserver.communication.tests.dll" id="1098abe6-c55a-a368-12bc-c2ed2e00256b">
      <Execution id="c775fb59-fe8e-4bdb-aa99-6a9445baab16" />
      <TestMethod codeBase="D:\actions-runner\_work\XPCO\XPCO\LogServer\Communication\VideoOS.LogServer.Communication.Tests\bin\Debug\VideoOS.LogServer.Communication.Tests.dll" adapterTypeName="executor://mstestadapter/v2" className="VideoOS.LogServer.Communication.Tests.Readers.LogReaderTests" name="StartQuerySessionTokenAsync_ShouldSetIsQuerySessionStarted" />
    </UnitTest>
    <UnitTest name="FetchRuleLoglinesAsync_ShouldUseCorrectQuerySessionId_AfterStartQuerySessionAsync" storage="d:\actions-runner\_work\xpco\xpco\logserver\communication\videoos.logserver.communication.tests\bin\debug\videoos.logserver.communication.tests.dll" id="a3ce31ce-a70a-12fd-1790-3e015d94bf1b">
      <Execution id="9378a658-a7ab-42ba-9b18-5316733662cb" />
      <TestMethod codeBase="D:\actions-runner\_work\XPCO\XPCO\LogServer\Communication\VideoOS.LogServer.Communication.Tests\bin\Debug\VideoOS.LogServer.Communication.Tests.dll" adapterTypeName="executor://mstestadapter/v2" className="VideoOS.LogServer.Communication.Tests.Readers.LogReaderTests" name="FetchRuleLoglinesAsync_ShouldUseCorrectQuerySessionId_AfterStartQuerySessionAsync" />
    </UnitTest>
    <UnitTest name="ExtractMessagesFromXml_ShouldThrowLegacyMessageXmlParserException_IfParameterIsNull" storage="d:\actions-runner\_work\xpco\xpco\logserver\communication\videoos.logserver.communication.tests\bin\debug\videoos.logserver.communication.tests.dll" id="5ac99301-633e-24de-53c4-f924fb7beb39">
      <Execution id="a0bfde07-e760-462c-b54c-72dc12a8d1f1" />
      <TestMethod codeBase="D:\actions-runner\_work\XPCO\XPCO\LogServer\Communication\VideoOS.LogServer.Communication.Tests\bin\Debug\VideoOS.LogServer.Communication.Tests.dll" adapterTypeName="executor://mstestadapter/v2" className="VideoOS.LogServer.Communication.Tests.Legacy.LegacyMessageRegistrationTests" name="ExtractMessagesFromXml_ShouldThrowLegacyMessageXmlParserException_IfParameterIsNull" />
    </UnitTest>
    <UnitTest name="ExtractMessagesFromXml_ShouldReturnExpectedNumberOfCategories (TestFiles\TestXMLs\Large520.xml,0)" storage="d:\actions-runner\_work\xpco\xpco\logserver\communication\videoos.logserver.communication.tests\bin\debug\videoos.logserver.communication.tests.dll" id="e9232fa6-3e04-4173-b6d8-c5fec7124fe8">
      <Execution id="a2f7b758-f17e-438a-afc9-4658380bed22" />
      <TestMethod codeBase="D:\actions-runner\_work\XPCO\XPCO\LogServer\Communication\VideoOS.LogServer.Communication.Tests\bin\Debug\VideoOS.LogServer.Communication.Tests.dll" adapterTypeName="executor://mstestadapter/v2" className="VideoOS.LogServer.Communication.Tests.Legacy.LegacyMessageRegistrationTests" name="ExtractMessagesFromXml_ShouldReturnExpectedNumberOfCategories" />
    </UnitTest>
    <UnitTest name="ExtractMessagesFromXml_ShouldSetCorrectVersion (TestFiles\TestXMLs\Simple9.xml,4.0.14)" storage="d:\actions-runner\_work\xpco\xpco\logserver\communication\videoos.logserver.communication.tests\bin\debug\videoos.logserver.communication.tests.dll" id="6a99f0b0-dccf-d59e-1ea3-8eedac771201">
      <Execution id="4c313dea-7edd-4c07-8f5b-dba666a380cc" />
      <TestMethod codeBase="D:\actions-runner\_work\XPCO\XPCO\LogServer\Communication\VideoOS.LogServer.Communication.Tests\bin\Debug\VideoOS.LogServer.Communication.Tests.dll" adapterTypeName="executor://mstestadapter/v2" className="VideoOS.LogServer.Communication.Tests.Legacy.LegacyMessageRegistrationTests" name="ExtractMessagesFromXml_ShouldSetCorrectVersion" />
    </UnitTest>
    <UnitTest name="StartQuerySessionAsync_ShouldUseCorrectFilters" storage="d:\actions-runner\_work\xpco\xpco\logserver\communication\videoos.logserver.communication.tests\bin\debug\videoos.logserver.communication.tests.dll" id="0207a84d-d678-80a4-374f-019cfa942cab">
      <Execution id="e030d7c0-61b9-4003-84b0-3d39e23160c1" />
      <TestMethod codeBase="D:\actions-runner\_work\XPCO\XPCO\LogServer\Communication\VideoOS.LogServer.Communication.Tests\bin\Debug\VideoOS.LogServer.Communication.Tests.dll" adapterTypeName="executor://mstestadapter/v2" className="VideoOS.LogServer.Communication.Tests.Readers.LogReaderTests" name="StartQuerySessionAsync_ShouldUseCorrectFilters" />
    </UnitTest>
    <UnitTest name="Create_ShouldSetCorrectEndpointAddress" storage="d:\actions-runner\_work\xpco\xpco\logserver\communication\videoos.logserver.communication.tests\bin\debug\videoos.logserver.communication.tests.dll" id="b6dc9525-01a3-e0c4-451e-0f867a5ce453">
      <Execution id="1d8c95eb-69ac-4832-a0a4-85c44b2b717d" />
      <TestMethod codeBase="D:\actions-runner\_work\XPCO\XPCO\LogServer\Communication\VideoOS.LogServer.Communication.Tests\bin\Debug\VideoOS.LogServer.Communication.Tests.dll" adapterTypeName="executor://mstestadapter/v2" className="VideoOS.LogServer.Communication.Tests.Communication.LogReaderServiceClientFactoryTests" name="Create_ShouldSetCorrectEndpointAddress" />
    </UnitTest>
    <UnitTest name="DoUploadCultureFile_ShouldReturnFalse_IfFileIsNull" storage="d:\actions-runner\_work\xpco\xpco\logserver\communication\videoos.logserver.communication.tests\bin\debug\videoos.logserver.communication.tests.dll" id="670a5985-b1d4-84ed-1197-21514b4e468f">
      <Execution id="29d394b3-0bcc-49b3-90fd-a35ba1593444" />
      <TestMethod codeBase="D:\actions-runner\_work\XPCO\XPCO\LogServer\Communication\VideoOS.LogServer.Communication.Tests\bin\Debug\VideoOS.LogServer.Communication.Tests.dll" adapterTypeName="executor://mstestadapter/v2" className="VideoOS.LogServer.Communication.Tests.Legacy.Client.LogClientInternalTests" name="DoUploadCultureFile_ShouldReturnFalse_IfFileIsNull" />
    </UnitTest>
    <UnitTest name="ExtractMessagesFromXml_ShouldSetCorrectSourceTypeOnEntry (TestFiles\TestXMLs\Large520.xml,RecorderStarted,)" storage="d:\actions-runner\_work\xpco\xpco\logserver\communication\videoos.logserver.communication.tests\bin\debug\videoos.logserver.communication.tests.dll" id="13048096-8df1-a404-1131-b9b028c5de3a">
      <Execution id="f6a85847-728f-4bc7-b925-8988f2360ae2" />
      <TestMethod codeBase="D:\actions-runner\_work\XPCO\XPCO\LogServer\Communication\VideoOS.LogServer.Communication.Tests\bin\Debug\VideoOS.LogServer.Communication.Tests.dll" adapterTypeName="executor://mstestadapter/v2" className="VideoOS.LogServer.Communication.Tests.Legacy.LegacyMessageRegistrationTests" name="ExtractMessagesFromXml_ShouldSetCorrectSourceTypeOnEntry" />
    </UnitTest>
    <UnitTest name="ToLogMessages_ShouldTransformEntriesToLogMessages_WithCorrectCulture" storage="d:\actions-runner\_work\xpco\xpco\logserver\communication\videoos.logserver.communication.tests\bin\debug\videoos.logserver.communication.tests.dll" id="883115cd-0053-c36c-1a96-151e09055999">
      <Execution id="4d09d03b-5255-47dc-83ee-d9d0f45ed48d" />
      <TestMethod codeBase="D:\actions-runner\_work\XPCO\XPCO\LogServer\Communication\VideoOS.LogServer.Communication.Tests\bin\Debug\VideoOS.LogServer.Communication.Tests.dll" adapterTypeName="executor://mstestadapter/v2" className="VideoOS.LogServer.Communication.Tests.Extensions.LegacyMessageXmlExtensionsTests" name="ToLogMessages_ShouldTransformEntriesToLogMessages_WithCorrectCulture" />
    </UnitTest>
    <UnitTest name="Create_ShouldSetEndpointAddressFromRegisteredServices_IfMIPEnvironmentIsInitialized" storage="d:\actions-runner\_work\xpco\xpco\logserver\communication\videoos.logserver.communication.tests\bin\debug\videoos.logserver.communication.tests.dll" id="ce2d18e0-6ebb-4810-6841-4de51ae1651c">
      <Execution id="a39a3fad-c6f2-4ad7-a9da-814b7770acf2" />
      <TestMethod codeBase="D:\actions-runner\_work\XPCO\XPCO\LogServer\Communication\VideoOS.LogServer.Communication.Tests\bin\Debug\VideoOS.LogServer.Communication.Tests.dll" adapterTypeName="executor://mstestadapter/v2" className="VideoOS.LogServer.Communication.Tests.Communication.LogWriterServiceClientFactoryTests" name="Create_ShouldSetEndpointAddressFromRegisteredServices_IfMIPEnvironmentIsInitialized" />
    </UnitTest>
    <UnitTest name="EndQuerySessionAsync_ShouldUseCorrectQuerySessionId_WhenTryingToStopRunningSession" storage="d:\actions-runner\_work\xpco\xpco\logserver\communication\videoos.logserver.communication.tests\bin\debug\videoos.logserver.communication.tests.dll" id="e449cf0b-5d9a-14de-4691-aaebce969eef">
      <Execution id="f2296881-d379-43cc-a45e-9ec7fdbe9160" />
      <TestMethod codeBase="D:\actions-runner\_work\XPCO\XPCO\LogServer\Communication\VideoOS.LogServer.Communication.Tests\bin\Debug\VideoOS.LogServer.Communication.Tests.dll" adapterTypeName="executor://mstestadapter/v2" className="VideoOS.LogServer.Communication.Tests.Readers.LogReaderTests" name="EndQuerySessionAsync_ShouldUseCorrectQuerySessionId_WhenTryingToStopRunningSession" />
    </UnitTest>
    <UnitTest name="RegisterCategoryAsync_ShouldPassCorrectParams" storage="d:\actions-runner\_work\xpco\xpco\logserver\communication\videoos.logserver.communication.tests\bin\debug\videoos.logserver.communication.tests.dll" id="e771bc46-6417-b43e-afec-8d68fd676ce1">
      <Execution id="cddeea8b-da23-4c18-8f8c-5ab1da0b819e" />
      <TestMethod codeBase="D:\actions-runner\_work\XPCO\XPCO\LogServer\Communication\VideoOS.LogServer.Communication.Tests\bin\Debug\VideoOS.LogServer.Communication.Tests.dll" adapterTypeName="executor://mstestadapter/v2" className="VideoOS.LogServer.Communication.Tests.Writers.LogWriterTests" name="RegisterCategoryAsync_ShouldPassCorrectParams" />
    </UnitTest>
    <UnitTest name="FetchRuleLoglinesTokenAsync_ShouldUseCorrectQuerySessionId_AfterStartQuerySessionAsync" storage="d:\actions-runner\_work\xpco\xpco\logserver\communication\videoos.logserver.communication.tests\bin\debug\videoos.logserver.communication.tests.dll" id="a1845fd6-f487-cb4b-470b-f538a85bb597">
      <Execution id="96b2976a-b88b-49e8-a712-a2d3dc27ef5c" />
      <TestMethod codeBase="D:\actions-runner\_work\XPCO\XPCO\LogServer\Communication\VideoOS.LogServer.Communication.Tests\bin\Debug\VideoOS.LogServer.Communication.Tests.dll" adapterTypeName="executor://mstestadapter/v2" className="VideoOS.LogServer.Communication.Tests.Readers.LogReaderTests" name="FetchRuleLoglinesTokenAsync_ShouldUseCorrectQuerySessionId_AfterStartQuerySessionAsync" />
    </UnitTest>
    <UnitTest name="Config_LogConfigurationClientBindingCloseTimeoutSetToDefault" storage="d:\actions-runner\_work\xpco\xpco\logserver\communication\videoos.logserver.communication.tests\bin\debug\videoos.logserver.communication.tests.dll" id="dddbaefa-c058-6c4c-31ba-74cab88a0422">
      <Execution id="42e2e98c-e446-4ef4-b38c-63e22910c542" />
      <TestMethod codeBase="D:\actions-runner\_work\XPCO\XPCO\LogServer\Communication\VideoOS.LogServer.Communication.Tests\bin\Debug\VideoOS.LogServer.Communication.Tests.dll" adapterTypeName="executor://mstestadapter/v2" className="VideoOS.LogServer.Communication.Tests.Communication.LogConfigurationServiceClientFactoryTests" name="Config_LogConfigurationClientBindingCloseTimeoutSetToDefault" />
    </UnitTest>
    <UnitTest name="DoUploadCultureFile_ShouldReturnTrue_IfRegistrationSucceeds" storage="d:\actions-runner\_work\xpco\xpco\logserver\communication\videoos.logserver.communication.tests\bin\debug\videoos.logserver.communication.tests.dll" id="8edee7b7-26f0-8660-7c2c-d2a8f9901f02">
      <Execution id="aff06873-c08e-45af-a223-d4d3baf0ae91" />
      <TestMethod codeBase="D:\actions-runner\_work\XPCO\XPCO\LogServer\Communication\VideoOS.LogServer.Communication.Tests\bin\Debug\VideoOS.LogServer.Communication.Tests.dll" adapterTypeName="executor://mstestadapter/v2" className="VideoOS.LogServer.Communication.Tests.Legacy.Client.LogClientInternalTests" name="DoUploadCultureFile_ShouldReturnTrue_IfRegistrationSucceeds" />
    </UnitTest>
    <UnitTest name="ExtractMessagesFromXml_ShouldSetCorrectCategoryOnEntry (ExportAVICameraCompleted,Export)" storage="d:\actions-runner\_work\xpco\xpco\logserver\communication\videoos.logserver.communication.tests\bin\debug\videoos.logserver.communication.tests.dll" id="7a6cd571-9c4a-6008-8337-b391a3317369">
      <Execution id="0c074ea6-db29-4419-be2d-15ab2036413a" />
      <TestMethod codeBase="D:\actions-runner\_work\XPCO\XPCO\LogServer\Communication\VideoOS.LogServer.Communication.Tests\bin\Debug\VideoOS.LogServer.Communication.Tests.dll" adapterTypeName="executor://mstestadapter/v2" className="VideoOS.LogServer.Communication.Tests.Legacy.LegacyMessageRegistrationTests" name="ExtractMessagesFromXml_ShouldSetCorrectCategoryOnEntry" />
    </UnitTest>
    <UnitTest name="EndQuerySessionAsync_ShouldClearQuerySession_WhenPreviouslyRunningSessionIsStopped" storage="d:\actions-runner\_work\xpco\xpco\logserver\communication\videoos.logserver.communication.tests\bin\debug\videoos.logserver.communication.tests.dll" id="2b4a8ff9-760c-f83c-5f78-a42564dac98b">
      <Execution id="d31c46b6-0b50-4505-b34b-3f87af04f486" />
      <TestMethod codeBase="D:\actions-runner\_work\XPCO\XPCO\LogServer\Communication\VideoOS.LogServer.Communication.Tests\bin\Debug\VideoOS.LogServer.Communication.Tests.dll" adapterTypeName="executor://mstestadapter/v2" className="VideoOS.LogServer.Communication.Tests.Readers.LogReaderTests" name="EndQuerySessionAsync_ShouldClearQuerySession_WhenPreviouslyRunningSessionIsStopped" />
    </UnitTest>
    <UnitTest name="ExtractMessagesFromXml_ShouldReturnExpectedNumberOfSourceTypes (TestFiles\TestXMLs\DiscardedGroupTypes9.xml,2)" storage="d:\actions-runner\_work\xpco\xpco\logserver\communication\videoos.logserver.communication.tests\bin\debug\videoos.logserver.communication.tests.dll" id="23a705e2-484b-b365-a7c7-b41d608b3f4b">
      <Execution id="b5fa5c70-d1b0-40f9-8cbc-d337484588a8" />
      <TestMethod codeBase="D:\actions-runner\_work\XPCO\XPCO\LogServer\Communication\VideoOS.LogServer.Communication.Tests\bin\Debug\VideoOS.LogServer.Communication.Tests.dll" adapterTypeName="executor://mstestadapter/v2" className="VideoOS.LogServer.Communication.Tests.Legacy.LegacyMessageRegistrationTests" name="ExtractMessagesFromXml_ShouldReturnExpectedNumberOfSourceTypes" />
    </UnitTest>
    <UnitTest name="CallWithRetryAsync_CallsLambdaNoMoreThanMaxLimit_IfFails" storage="d:\actions-runner\_work\xpco\xpco\logserver\communication\videoos.logserver.communication.tests\bin\debug\videoos.logserver.communication.tests.dll" id="d68f307d-16d8-190c-0927-9645a2d42c9c">
      <Execution id="686f39fb-dc93-49d8-85b0-091e84a7c51c" />
      <TestMethod codeBase="D:\actions-runner\_work\XPCO\XPCO\LogServer\Communication\VideoOS.LogServer.Communication.Tests\bin\Debug\VideoOS.LogServer.Communication.Tests.dll" adapterTypeName="executor://mstestadapter/v2" className="VideoOS.LogServer.Communication.Tests.QueueingClientWrapperTests" name="CallWithRetryAsync_CallsLambdaNoMoreThanMaxLimit_IfFails" />
    </UnitTest>
    <UnitTest name="ExtractMessagesFromXml_ShouldSetCorrectSourceTypeOnEntry (TestFiles\TestXMLs\Simple9.xml,LPRListsAdd,)" storage="d:\actions-runner\_work\xpco\xpco\logserver\communication\videoos.logserver.communication.tests\bin\debug\videoos.logserver.communication.tests.dll" id="5440beed-f4da-5c54-5eab-04f5d48242b3">
      <Execution id="2565cf09-eda6-4773-b836-afdde9e634cf" />
      <TestMethod codeBase="D:\actions-runner\_work\XPCO\XPCO\LogServer\Communication\VideoOS.LogServer.Communication.Tests\bin\Debug\VideoOS.LogServer.Communication.Tests.dll" adapterTypeName="executor://mstestadapter/v2" className="VideoOS.LogServer.Communication.Tests.Legacy.LegacyMessageRegistrationTests" name="ExtractMessagesFromXml_ShouldSetCorrectSourceTypeOnEntry" />
    </UnitTest>
    <UnitTest name="ExtractMessagesFromXml_ShouldSetCorrectSourceTypeOnEntry (TestFiles\TestXMLs\SimpleKR9.xml,LPREventSearch,LPR)" storage="d:\actions-runner\_work\xpco\xpco\logserver\communication\videoos.logserver.communication.tests\bin\debug\videoos.logserver.communication.tests.dll" id="bca8daf8-450d-5dd2-5d1b-77cc155869d6">
      <Execution id="4bb1d616-d17e-4cc9-966d-5bc5cd0b7356" />
      <TestMethod codeBase="D:\actions-runner\_work\XPCO\XPCO\LogServer\Communication\VideoOS.LogServer.Communication.Tests\bin\Debug\VideoOS.LogServer.Communication.Tests.dll" adapterTypeName="executor://mstestadapter/v2" className="VideoOS.LogServer.Communication.Tests.Legacy.LegacyMessageRegistrationTests" name="ExtractMessagesFromXml_ShouldSetCorrectSourceTypeOnEntry" />
    </UnitTest>
    <UnitTest name="ExtractMessagesFromXml_ShouldSetCorrectLogTypeOnEntry (ExportBegun,System)" storage="d:\actions-runner\_work\xpco\xpco\logserver\communication\videoos.logserver.communication.tests\bin\debug\videoos.logserver.communication.tests.dll" id="d27e985f-2267-0a49-87ad-5eb3ad9a770e">
      <Execution id="f18cd9d0-a85b-4d98-8864-4c7e36b346b1" />
      <TestMethod codeBase="D:\actions-runner\_work\XPCO\XPCO\LogServer\Communication\VideoOS.LogServer.Communication.Tests\bin\Debug\VideoOS.LogServer.Communication.Tests.dll" adapterTypeName="executor://mstestadapter/v2" className="VideoOS.LogServer.Communication.Tests.Legacy.LegacyMessageRegistrationTests" name="ExtractMessagesFromXml_ShouldSetCorrectLogTypeOnEntry" />
    </UnitTest>
    <UnitTest name="ExtractMessagesFromXml_ShouldThrowLegacyMessageXmlParserException_IfXmlIsInvalid" storage="d:\actions-runner\_work\xpco\xpco\logserver\communication\videoos.logserver.communication.tests\bin\debug\videoos.logserver.communication.tests.dll" id="35668b70-00eb-0d99-67ee-63ec7a6b9daf">
      <Execution id="bf949d26-aede-455a-ba32-1300d56e5dd8" />
      <TestMethod codeBase="D:\actions-runner\_work\XPCO\XPCO\LogServer\Communication\VideoOS.LogServer.Communication.Tests\bin\Debug\VideoOS.LogServer.Communication.Tests.dll" adapterTypeName="executor://mstestadapter/v2" className="VideoOS.LogServer.Communication.Tests.Legacy.LegacyMessageRegistrationTests" name="ExtractMessagesFromXml_ShouldThrowLegacyMessageXmlParserException_IfXmlIsInvalid" />
    </UnitTest>
    <UnitTest name="CallWithRetryAsync_ThrowsAwayRetries_IfMoreThanMaxLimit" storage="d:\actions-runner\_work\xpco\xpco\logserver\communication\videoos.logserver.communication.tests\bin\debug\videoos.logserver.communication.tests.dll" id="ba00b31f-c24d-b850-f3e7-f52e1b18f60a">
      <Execution id="b91095d0-b302-46e4-b7c5-69acc9311e2b" />
      <TestMethod codeBase="D:\actions-runner\_work\XPCO\XPCO\LogServer\Communication\VideoOS.LogServer.Communication.Tests\bin\Debug\VideoOS.LogServer.Communication.Tests.dll" adapterTypeName="executor://mstestadapter/v2" className="VideoOS.LogServer.Communication.Tests.QueueingClientWrapperTests" name="CallWithRetryAsync_ThrowsAwayRetries_IfMoreThanMaxLimit" />
    </UnitTest>
    <UnitTest name="ExtractMessagesFromXml_ShouldSetCorrectVersion (TestFiles\TestXMLs\Large520.xml,)" storage="d:\actions-runner\_work\xpco\xpco\logserver\communication\videoos.logserver.communication.tests\bin\debug\videoos.logserver.communication.tests.dll" id="539e7ed0-1a6b-b0d1-b826-cc429641c877">
      <Execution id="6674df77-0959-4b19-bcd6-0ec0f24e58ad" />
      <TestMethod codeBase="D:\actions-runner\_work\XPCO\XPCO\LogServer\Communication\VideoOS.LogServer.Communication.Tests\bin\Debug\VideoOS.LogServer.Communication.Tests.dll" adapterTypeName="executor://mstestadapter/v2" className="VideoOS.LogServer.Communication.Tests.Legacy.LegacyMessageRegistrationTests" name="ExtractMessagesFromXml_ShouldSetCorrectVersion" />
    </UnitTest>
    <UnitTest name="StartQuerySessionTokenAsync_ShouldUseCorrectFilters" storage="d:\actions-runner\_work\xpco\xpco\logserver\communication\videoos.logserver.communication.tests\bin\debug\videoos.logserver.communication.tests.dll" id="5568778f-0158-0285-fa35-319d0b4f764e">
      <Execution id="5599daa7-a1e4-400d-9120-5132fc28dfa8" />
      <TestMethod codeBase="D:\actions-runner\_work\XPCO\XPCO\LogServer\Communication\VideoOS.LogServer.Communication.Tests\bin\Debug\VideoOS.LogServer.Communication.Tests.dll" adapterTypeName="executor://mstestadapter/v2" className="VideoOS.LogServer.Communication.Tests.Readers.LogReaderTests" name="StartQuerySessionTokenAsync_ShouldUseCorrectFilters" />
    </UnitTest>
    <UnitTest name="Config_LogReaderClientBindingOpenTimeoutSetToDefault" storage="d:\actions-runner\_work\xpco\xpco\logserver\communication\videoos.logserver.communication.tests\bin\debug\videoos.logserver.communication.tests.dll" id="76fa7ffb-8dc1-9469-9f7b-117eeef95d31">
      <Execution id="c746a829-4dd4-4f95-b7c9-0f1b016e55ce" />
      <TestMethod codeBase="D:\actions-runner\_work\XPCO\XPCO\LogServer\Communication\VideoOS.LogServer.Communication.Tests\bin\Debug\VideoOS.LogServer.Communication.Tests.dll" adapterTypeName="executor://mstestadapter/v2" className="VideoOS.LogServer.Communication.Tests.Communication.LogReaderServiceClientFactoryTests" name="Config_LogReaderClientBindingOpenTimeoutSetToDefault" />
    </UnitTest>
    <UnitTest name="Create_ShouldSetEndpointAddressFromRegisteredServices_IfMIPEnvironmentIsInitialized" storage="d:\actions-runner\_work\xpco\xpco\logserver\communication\videoos.logserver.communication.tests\bin\debug\videoos.logserver.communication.tests.dll" id="77b01a8c-e14a-3262-a753-f3778f469516">
      <Execution id="890cc7e9-caf1-4afa-b7f0-2157a7165cd6" />
      <TestMethod codeBase="D:\actions-runner\_work\XPCO\XPCO\LogServer\Communication\VideoOS.LogServer.Communication.Tests\bin\Debug\VideoOS.LogServer.Communication.Tests.dll" adapterTypeName="executor://mstestadapter/v2" className="VideoOS.LogServer.Communication.Tests.Communication.LogConfigurationServiceClientFactoryTests" name="Create_ShouldSetEndpointAddressFromRegisteredServices_IfMIPEnvironmentIsInitialized" />
    </UnitTest>
    <UnitTest name="RegisterLogMessagesTokenAsync_ShouldPassCorrectParams" storage="d:\actions-runner\_work\xpco\xpco\logserver\communication\videoos.logserver.communication.tests\bin\debug\videoos.logserver.communication.tests.dll" id="942a3e80-1eab-4a73-7cbf-0148511dbcf7">
      <Execution id="0f64c713-ce9d-4110-ad92-0da4922dd3e5" />
      <TestMethod codeBase="D:\actions-runner\_work\XPCO\XPCO\LogServer\Communication\VideoOS.LogServer.Communication.Tests\bin\Debug\VideoOS.LogServer.Communication.Tests.dll" adapterTypeName="executor://mstestadapter/v2" className="VideoOS.LogServer.Communication.Tests.Writers.LogWriterTests" name="RegisterLogMessagesTokenAsync_ShouldPassCorrectParams" />
    </UnitTest>
    <UnitTest name="DoUploadCultureFiles_ShouldReturnFalse_IfDirectoryDoesNotExist" storage="d:\actions-runner\_work\xpco\xpco\logserver\communication\videoos.logserver.communication.tests\bin\debug\videoos.logserver.communication.tests.dll" id="4e12d753-1090-f46e-514e-2259465dc69b">
      <Execution id="4e659be8-b567-4d71-ab6e-9bbc87f6c1e1" />
      <TestMethod codeBase="D:\actions-runner\_work\XPCO\XPCO\LogServer\Communication\VideoOS.LogServer.Communication.Tests\bin\Debug\VideoOS.LogServer.Communication.Tests.dll" adapterTypeName="executor://mstestadapter/v2" className="VideoOS.LogServer.Communication.Tests.Legacy.Client.LogClientInternalTests" name="DoUploadCultureFiles_ShouldReturnFalse_IfDirectoryDoesNotExist" />
    </UnitTest>
    <UnitTest name="Create_ShouldSetEndpointAddressUsingLogServerUri_IfMIPEnvironmentIsNotInitializedAndUriIsGiven" storage="d:\actions-runner\_work\xpco\xpco\logserver\communication\videoos.logserver.communication.tests\bin\debug\videoos.logserver.communication.tests.dll" id="875327b0-fa5d-7205-4d8d-e58b1043343b">
      <Execution id="d941c2ad-6c29-40c5-8beb-baa44df34259" />
      <TestMethod codeBase="D:\actions-runner\_work\XPCO\XPCO\LogServer\Communication\VideoOS.LogServer.Communication.Tests\bin\Debug\VideoOS.LogServer.Communication.Tests.dll" adapterTypeName="executor://mstestadapter/v2" className="VideoOS.LogServer.Communication.Tests.Communication.LogWriterServiceClientFactoryTests" name="Create_ShouldSetEndpointAddressUsingLogServerUri_IfMIPEnvironmentIsNotInitializedAndUriIsGiven" />
    </UnitTest>
    <UnitTest name="ToLogMessages_ShouldTransformEntriesToLogMessages_WithCorrectLogType" storage="d:\actions-runner\_work\xpco\xpco\logserver\communication\videoos.logserver.communication.tests\bin\debug\videoos.logserver.communication.tests.dll" id="7c031690-d33c-ac25-a380-c8faa4e938c9">
      <Execution id="b350095c-489a-4fd6-ab7e-c24f224343b5" />
      <TestMethod codeBase="D:\actions-runner\_work\XPCO\XPCO\LogServer\Communication\VideoOS.LogServer.Communication.Tests\bin\Debug\VideoOS.LogServer.Communication.Tests.dll" adapterTypeName="executor://mstestadapter/v2" className="VideoOS.LogServer.Communication.Tests.Extensions.LegacyMessageXmlExtensionsTests" name="ToLogMessages_ShouldTransformEntriesToLogMessages_WithCorrectLogType" />
    </UnitTest>
    <UnitTest name="Constructors_ShouldNotAllowInjectionOfNulls" storage="d:\actions-runner\_work\xpco\xpco\logserver\communication\videoos.logserver.communication.tests\bin\debug\videoos.logserver.communication.tests.dll" id="6df9d8fe-99b1-520f-3539-fe9a729cb9bf">
      <Execution id="1295d86d-abde-479e-bac3-9b5cba1b59bc" />
      <TestMethod codeBase="D:\actions-runner\_work\XPCO\XPCO\LogServer\Communication\VideoOS.LogServer.Communication.Tests\bin\Debug\VideoOS.LogServer.Communication.Tests.dll" adapterTypeName="executor://mstestadapter/v2" className="VideoOS.LogServer.Communication.Tests.ClientWrapperTests" name="Constructors_ShouldNotAllowInjectionOfNulls" />
    </UnitTest>
    <UnitTest name="DoUploadCultureFiles_ShouldReturnTrue_WhenDoUploadCultureFileAsyncIsCalled" storage="d:\actions-runner\_work\xpco\xpco\logserver\communication\videoos.logserver.communication.tests\bin\debug\videoos.logserver.communication.tests.dll" id="6b738107-d14a-ccb5-66a7-02b527511cb9">
      <Execution id="8f15f4fd-1e0b-415e-9a1f-db8101f926b5" />
      <TestMethod codeBase="D:\actions-runner\_work\XPCO\XPCO\LogServer\Communication\VideoOS.LogServer.Communication.Tests\bin\Debug\VideoOS.LogServer.Communication.Tests.dll" adapterTypeName="executor://mstestadapter/v2" className="VideoOS.LogServer.Communication.Tests.Legacy.Client.LogClientInternalTests" name="DoUploadCultureFiles_ShouldReturnTrue_WhenDoUploadCultureFileAsyncIsCalled" />
    </UnitTest>
    <UnitTest name="GetFilterValuesTokenAsync_ShouldReturnFilterValues" storage="d:\actions-runner\_work\xpco\xpco\logserver\communication\videoos.logserver.communication.tests\bin\debug\videoos.logserver.communication.tests.dll" id="6b895964-d16f-3cba-4299-1aaa4256aaac">
      <Execution id="8616074d-5350-4ad7-b6f0-f101140a3363" />
      <TestMethod codeBase="D:\actions-runner\_work\XPCO\XPCO\LogServer\Communication\VideoOS.LogServer.Communication.Tests\bin\Debug\VideoOS.LogServer.Communication.Tests.dll" adapterTypeName="executor://mstestadapter/v2" className="VideoOS.LogServer.Communication.Tests.Readers.LogReaderTests" name="GetFilterValuesTokenAsync_ShouldReturnFilterValues" />
    </UnitTest>
    <UnitTest name="RetryCount_ShouldThrowException_IfValueToBeSetIsLessThanZero" storage="d:\actions-runner\_work\xpco\xpco\logserver\communication\videoos.logserver.communication.tests\bin\debug\videoos.logserver.communication.tests.dll" id="f4ffd983-c05b-593d-74f8-17a463f4a926">
      <Execution id="bf62d3bb-8464-43ef-bed9-6f39c9b579d1" />
      <TestMethod codeBase="D:\actions-runner\_work\XPCO\XPCO\LogServer\Communication\VideoOS.LogServer.Communication.Tests\bin\Debug\VideoOS.LogServer.Communication.Tests.dll" adapterTypeName="executor://mstestadapter/v2" className="VideoOS.LogServer.Communication.Tests.ClientWrapperTests" name="RetryCount_ShouldThrowException_IfValueToBeSetIsLessThanZero" />
    </UnitTest>
    <UnitTest name="DoUploadCultureFile_ShouldRegisterWithTokenValidation_IfUserIsBasicUser" storage="d:\actions-runner\_work\xpco\xpco\logserver\communication\videoos.logserver.communication.tests\bin\debug\videoos.logserver.communication.tests.dll" id="d12f19f0-2377-0b81-6775-97d89862ddb4">
      <Execution id="9400d6a2-5ce6-48c8-afd2-b696ba1f54a0" />
      <TestMethod codeBase="D:\actions-runner\_work\XPCO\XPCO\LogServer\Communication\VideoOS.LogServer.Communication.Tests\bin\Debug\VideoOS.LogServer.Communication.Tests.dll" adapterTypeName="executor://mstestadapter/v2" className="VideoOS.LogServer.Communication.Tests.Legacy.Client.LogClientInternalTests" name="DoUploadCultureFile_ShouldRegisterWithTokenValidation_IfUserIsBasicUser" />
    </UnitTest>
    <UnitTest name="ExtractMessagesFromXml_ShouldSetCorrectLogTypeOnEntry (MapNavigationServerChanged,Audit)" storage="d:\actions-runner\_work\xpco\xpco\logserver\communication\videoos.logserver.communication.tests\bin\debug\videoos.logserver.communication.tests.dll" id="839d2cfc-e75d-f020-6f81-04dfe00ec40e">
      <Execution id="8da58d3d-2630-4e73-b662-903e5ad70729" />
      <TestMethod codeBase="D:\actions-runner\_work\XPCO\XPCO\LogServer\Communication\VideoOS.LogServer.Communication.Tests\bin\Debug\VideoOS.LogServer.Communication.Tests.dll" adapterTypeName="executor://mstestadapter/v2" className="VideoOS.LogServer.Communication.Tests.Legacy.LegacyMessageRegistrationTests" name="ExtractMessagesFromXml_ShouldSetCorrectLogTypeOnEntry" />
    </UnitTest>
    <UnitTest name="StartQuerySessionTokenAsync_ShouldSetTotalLoglinesCount" storage="d:\actions-runner\_work\xpco\xpco\logserver\communication\videoos.logserver.communication.tests\bin\debug\videoos.logserver.communication.tests.dll" id="99846132-b201-f087-ceb0-64f7de6690c1">
      <Execution id="c654e2fd-4b94-427d-81e1-b8187ffa04d2" />
      <TestMethod codeBase="D:\actions-runner\_work\XPCO\XPCO\LogServer\Communication\VideoOS.LogServer.Communication.Tests\bin\Debug\VideoOS.LogServer.Communication.Tests.dll" adapterTypeName="executor://mstestadapter/v2" className="VideoOS.LogServer.Communication.Tests.Readers.LogReaderTests" name="StartQuerySessionTokenAsync_ShouldSetTotalLoglinesCount" />
    </UnitTest>
    <UnitTest name="EndQuerySessionTokenAsync_ShouldNotDoAnything_IfQuerySessionHasNotBeenStarted" storage="d:\actions-runner\_work\xpco\xpco\logserver\communication\videoos.logserver.communication.tests\bin\debug\videoos.logserver.communication.tests.dll" id="736dbfb6-8744-07bc-2cc4-274557ee8f7b">
      <Execution id="4ca50b6c-cd75-4d7f-8495-e6e8b2ba49e3" />
      <TestMethod codeBase="D:\actions-runner\_work\XPCO\XPCO\LogServer\Communication\VideoOS.LogServer.Communication.Tests\bin\Debug\VideoOS.LogServer.Communication.Tests.dll" adapterTypeName="executor://mstestadapter/v2" className="VideoOS.LogServer.Communication.Tests.Readers.LogReaderTests" name="EndQuerySessionTokenAsync_ShouldNotDoAnything_IfQuerySessionHasNotBeenStarted" />
    </UnitTest>
    <UnitTest name="ToLogMessages_ShouldTransformEntriesToLogMessages_WithCorrectMessageText" storage="d:\actions-runner\_work\xpco\xpco\logserver\communication\videoos.logserver.communication.tests\bin\debug\videoos.logserver.communication.tests.dll" id="ef0c6ab2-43d5-3d91-1f2c-f2e69a8694fc">
      <Execution id="99edeefc-afa7-4015-9e4f-1b31744da03a" />
      <TestMethod codeBase="D:\actions-runner\_work\XPCO\XPCO\LogServer\Communication\VideoOS.LogServer.Communication.Tests\bin\Debug\VideoOS.LogServer.Communication.Tests.dll" adapterTypeName="executor://mstestadapter/v2" className="VideoOS.LogServer.Communication.Tests.Extensions.LegacyMessageXmlExtensionsTests" name="ToLogMessages_ShouldTransformEntriesToLogMessages_WithCorrectMessageText" />
    </UnitTest>
    <UnitTest name="FetchSystemLoglinesAsync_ShouldReturnLoglines" storage="d:\actions-runner\_work\xpco\xpco\logserver\communication\videoos.logserver.communication.tests\bin\debug\videoos.logserver.communication.tests.dll" id="edb84373-2ee9-486d-e1f9-41adfa649f07">
      <Execution id="a6992a78-72f8-4ece-ae3a-9955ec19b8f0" />
      <TestMethod codeBase="D:\actions-runner\_work\XPCO\XPCO\LogServer\Communication\VideoOS.LogServer.Communication.Tests\bin\Debug\VideoOS.LogServer.Communication.Tests.dll" adapterTypeName="executor://mstestadapter/v2" className="VideoOS.LogServer.Communication.Tests.Readers.LogReaderTests" name="FetchSystemLoglinesAsync_ShouldReturnLoglines" />
    </UnitTest>
    <UnitTest name="ExtractMessagesFromXml_ShouldSetCorrectSourceTypeOnEntry (TestFiles\TestXMLs\Simple9.xml,ServiceStarted,LPRService)" storage="d:\actions-runner\_work\xpco\xpco\logserver\communication\videoos.logserver.communication.tests\bin\debug\videoos.logserver.communication.tests.dll" id="623d185f-9cda-e09d-884d-8336bb2e4251">
      <Execution id="14d8b66b-3c14-4295-98d4-792bb06bb305" />
      <TestMethod codeBase="D:\actions-runner\_work\XPCO\XPCO\LogServer\Communication\VideoOS.LogServer.Communication.Tests\bin\Debug\VideoOS.LogServer.Communication.Tests.dll" adapterTypeName="executor://mstestadapter/v2" className="VideoOS.LogServer.Communication.Tests.Legacy.LegacyMessageRegistrationTests" name="ExtractMessagesFromXml_ShouldSetCorrectSourceTypeOnEntry" />
    </UnitTest>
    <UnitTest name="FetchAuditLoglinesAsync_ShouldUseCorrectQuerySessionId_AfterStartQuerySessionAsync" storage="d:\actions-runner\_work\xpco\xpco\logserver\communication\videoos.logserver.communication.tests\bin\debug\videoos.logserver.communication.tests.dll" id="b77e9d26-baf8-42e8-fb66-14b9ede40aaf">
      <Execution id="ad629725-b7d8-43d0-8d52-8217cf721a1d" />
      <TestMethod codeBase="D:\actions-runner\_work\XPCO\XPCO\LogServer\Communication\VideoOS.LogServer.Communication.Tests\bin\Debug\VideoOS.LogServer.Communication.Tests.dll" adapterTypeName="executor://mstestadapter/v2" className="VideoOS.LogServer.Communication.Tests.Readers.LogReaderTests" name="FetchAuditLoglinesAsync_ShouldUseCorrectQuerySessionId_AfterStartQuerySessionAsync" />
    </UnitTest>
    <UnitTest name="WriteLoglineAsync_ShouldPassCorrectParams" storage="d:\actions-runner\_work\xpco\xpco\logserver\communication\videoos.logserver.communication.tests\bin\debug\videoos.logserver.communication.tests.dll" id="73bac923-e59e-0327-f38b-88570fb14315">
      <Execution id="e18727e9-c319-4bba-a460-eeffee0262a8" />
      <TestMethod codeBase="D:\actions-runner\_work\XPCO\XPCO\LogServer\Communication\VideoOS.LogServer.Communication.Tests\bin\Debug\VideoOS.LogServer.Communication.Tests.dll" adapterTypeName="executor://mstestadapter/v2" className="VideoOS.LogServer.Communication.Tests.Writers.LogWriterTests" name="WriteLoglineAsync_ShouldPassCorrectParams" />
    </UnitTest>
    <UnitTest name="Config_LogWriterClientBindingOpenTimeoutCanBeConfiguredFromAppSettings" storage="d:\actions-runner\_work\xpco\xpco\logserver\communication\videoos.logserver.communication.tests\bin\debug\videoos.logserver.communication.tests.dll" id="bcfcd220-0633-2a7a-a358-b24f28ae5a72">
      <Execution id="c47cfec6-55fc-43ae-b5d9-db03da7036ca" />
      <TestMethod codeBase="D:\actions-runner\_work\XPCO\XPCO\LogServer\Communication\VideoOS.LogServer.Communication.Tests\bin\Debug\VideoOS.LogServer.Communication.Tests.dll" adapterTypeName="executor://mstestadapter/v2" className="VideoOS.LogServer.Communication.Tests.Communication.LogWriterServiceClientFactoryTests" name="Config_LogWriterClientBindingOpenTimeoutCanBeConfiguredFromAppSettings" />
    </UnitTest>
    <UnitTest name="ExtractMessagesFromXml_ShouldReturnExpectedNumberOfSourceTypes (TestFiles\TestXMLs\Simple9.xml,3)" storage="d:\actions-runner\_work\xpco\xpco\logserver\communication\videoos.logserver.communication.tests\bin\debug\videoos.logserver.communication.tests.dll" id="f4a2467a-bab6-af14-8890-246822964e7c">
      <Execution id="a0100894-dd49-465a-9582-cd749d7a5e98" />
      <TestMethod codeBase="D:\actions-runner\_work\XPCO\XPCO\LogServer\Communication\VideoOS.LogServer.Communication.Tests\bin\Debug\VideoOS.LogServer.Communication.Tests.dll" adapterTypeName="executor://mstestadapter/v2" className="VideoOS.LogServer.Communication.Tests.Legacy.LegacyMessageRegistrationTests" name="ExtractMessagesFromXml_ShouldReturnExpectedNumberOfSourceTypes" />
    </UnitTest>
    <UnitTest name="RegisterSourceTypeAsync_ShouldPassCorrectParams" storage="d:\actions-runner\_work\xpco\xpco\logserver\communication\videoos.logserver.communication.tests\bin\debug\videoos.logserver.communication.tests.dll" id="8ac78330-b240-db28-9493-e73a1cb6d6a1">
      <Execution id="607b1fa1-f57f-4f36-9000-229675301c41" />
      <TestMethod codeBase="D:\actions-runner\_work\XPCO\XPCO\LogServer\Communication\VideoOS.LogServer.Communication.Tests\bin\Debug\VideoOS.LogServer.Communication.Tests.dll" adapterTypeName="executor://mstestadapter/v2" className="VideoOS.LogServer.Communication.Tests.Writers.LogWriterTests" name="RegisterSourceTypeAsync_ShouldPassCorrectParams" />
    </UnitTest>
    <UnitTest name="CallAsync_ShouldThrowCommunicationServiceException_WhenFuncThrowsExpectedException" storage="d:\actions-runner\_work\xpco\xpco\logserver\communication\videoos.logserver.communication.tests\bin\debug\videoos.logserver.communication.tests.dll" id="9617b6cc-73f3-9d59-f2da-862ee903bd8c">
      <Execution id="a6aac3e5-125d-446d-8119-54b8919cf0d0" />
      <TestMethod codeBase="D:\actions-runner\_work\XPCO\XPCO\LogServer\Communication\VideoOS.LogServer.Communication.Tests\bin\Debug\VideoOS.LogServer.Communication.Tests.dll" adapterTypeName="executor://mstestadapter/v2" className="VideoOS.LogServer.Communication.Tests.ClientWrapperTests" name="CallAsync_ShouldThrowCommunicationServiceException_WhenFuncThrowsExpectedException" />
    </UnitTest>
    <UnitTest name="CallAsync_ShouldNotRecreateClient_WhenNoExceptionsThrown" storage="d:\actions-runner\_work\xpco\xpco\logserver\communication\videoos.logserver.communication.tests\bin\debug\videoos.logserver.communication.tests.dll" id="bb6f7b91-945f-b496-b78b-57eb63b9763f">
      <Execution id="4d19a7f4-e686-44b2-814e-e6af5f07b4b8" />
      <TestMethod codeBase="D:\actions-runner\_work\XPCO\XPCO\LogServer\Communication\VideoOS.LogServer.Communication.Tests\bin\Debug\VideoOS.LogServer.Communication.Tests.dll" adapterTypeName="executor://mstestadapter/v2" className="VideoOS.LogServer.Communication.Tests.ClientWrapperTests" name="CallAsync_ShouldNotRecreateClient_WhenNoExceptionsThrown" />
    </UnitTest>
    <UnitTest name="ExtractMessagesFromXml_ShouldSetCorrectCulture (TestFiles\TestXMLs\Large520.xml,en-US)" storage="d:\actions-runner\_work\xpco\xpco\logserver\communication\videoos.logserver.communication.tests\bin\debug\videoos.logserver.communication.tests.dll" id="e6f3beaf-3123-0f99-2920-ed37fa7d8180">
      <Execution id="00dcc1fb-de6b-4214-91bd-4e676b5c1854" />
      <TestMethod codeBase="D:\actions-runner\_work\XPCO\XPCO\LogServer\Communication\VideoOS.LogServer.Communication.Tests\bin\Debug\VideoOS.LogServer.Communication.Tests.dll" adapterTypeName="executor://mstestadapter/v2" className="VideoOS.LogServer.Communication.Tests.Legacy.LegacyMessageRegistrationTests" name="ExtractMessagesFromXml_ShouldSetCorrectCulture" />
    </UnitTest>
    <UnitTest name="DoUploadCultureFiles_ShouldRegisterWithTokenValidation_IfUserIsBasicUser" storage="d:\actions-runner\_work\xpco\xpco\logserver\communication\videoos.logserver.communication.tests\bin\debug\videoos.logserver.communication.tests.dll" id="3366b6f3-e16d-5095-ef9c-b2a681634322">
      <Execution id="243eb0e4-d784-46ec-bad5-9db0a9277489" />
      <TestMethod codeBase="D:\actions-runner\_work\XPCO\XPCO\LogServer\Communication\VideoOS.LogServer.Communication.Tests\bin\Debug\VideoOS.LogServer.Communication.Tests.dll" adapterTypeName="executor://mstestadapter/v2" className="VideoOS.LogServer.Communication.Tests.Legacy.Client.LogClientInternalTests" name="DoUploadCultureFiles_ShouldRegisterWithTokenValidation_IfUserIsBasicUser" />
    </UnitTest>
    <UnitTest name="ExtractMessagesFromXml_ShouldSetCorrectSourceTypeOnEntry (TestFiles\TestXMLs\Simple9.xml,LPREventSearch,LPR)" storage="d:\actions-runner\_work\xpco\xpco\logserver\communication\videoos.logserver.communication.tests\bin\debug\videoos.logserver.communication.tests.dll" id="feb5d8b3-90c1-1a40-7ce8-c06bb192fe75">
      <Execution id="5327c62e-d5bb-4193-a281-361d42aa5413" />
      <TestMethod codeBase="D:\actions-runner\_work\XPCO\XPCO\LogServer\Communication\VideoOS.LogServer.Communication.Tests\bin\Debug\VideoOS.LogServer.Communication.Tests.dll" adapterTypeName="executor://mstestadapter/v2" className="VideoOS.LogServer.Communication.Tests.Legacy.LegacyMessageRegistrationTests" name="ExtractMessagesFromXml_ShouldSetCorrectSourceTypeOnEntry" />
    </UnitTest>
    <UnitTest name="DoUploadCultureFile_ShouldReturnFalse_IfRegistrationFails" storage="d:\actions-runner\_work\xpco\xpco\logserver\communication\videoos.logserver.communication.tests\bin\debug\videoos.logserver.communication.tests.dll" id="1c619f85-d91b-ea60-2757-6679c81d96dc">
      <Execution id="df2c21ec-cb0d-408c-8e38-0fc93db7b072" />
      <TestMethod codeBase="D:\actions-runner\_work\XPCO\XPCO\LogServer\Communication\VideoOS.LogServer.Communication.Tests\bin\Debug\VideoOS.LogServer.Communication.Tests.dll" adapterTypeName="executor://mstestadapter/v2" className="VideoOS.LogServer.Communication.Tests.Legacy.Client.LogClientInternalTests" name="DoUploadCultureFile_ShouldReturnFalse_IfRegistrationFails" />
    </UnitTest>
    <UnitTest name="ExtractMessagesFromXml_ShouldReturnExpectedNumberOfSourceTypes (TestFiles\TestXMLs\CombinedGroups48.xml,7)" storage="d:\actions-runner\_work\xpco\xpco\logserver\communication\videoos.logserver.communication.tests\bin\debug\videoos.logserver.communication.tests.dll" id="22a87947-cdd9-4a2f-100a-e5ec8ff12ee0">
      <Execution id="33bc7ac9-cccb-4919-a265-19cb2712cd02" />
      <TestMethod codeBase="D:\actions-runner\_work\XPCO\XPCO\LogServer\Communication\VideoOS.LogServer.Communication.Tests\bin\Debug\VideoOS.LogServer.Communication.Tests.dll" adapterTypeName="executor://mstestadapter/v2" className="VideoOS.LogServer.Communication.Tests.Legacy.LegacyMessageRegistrationTests" name="ExtractMessagesFromXml_ShouldReturnExpectedNumberOfSourceTypes" />
    </UnitTest>
    <UnitTest name="StartQuerySessionAsync_ShouldSetTotalLoglinesCount" storage="d:\actions-runner\_work\xpco\xpco\logserver\communication\videoos.logserver.communication.tests\bin\debug\videoos.logserver.communication.tests.dll" id="674d8125-a7aa-840d-f0bd-15e06befbf23">
      <Execution id="4b9325ef-41a7-46ff-8be6-c8d8e65a2f4a" />
      <TestMethod codeBase="D:\actions-runner\_work\XPCO\XPCO\LogServer\Communication\VideoOS.LogServer.Communication.Tests\bin\Debug\VideoOS.LogServer.Communication.Tests.dll" adapterTypeName="executor://mstestadapter/v2" className="VideoOS.LogServer.Communication.Tests.Readers.LogReaderTests" name="StartQuerySessionAsync_ShouldSetTotalLoglinesCount" />
    </UnitTest>
    <UnitTest name="DoUploadCultureFiles_ShouldRegisterWithCredentialValidation_IfMIPEnvironmentIsNotInitialized" storage="d:\actions-runner\_work\xpco\xpco\logserver\communication\videoos.logserver.communication.tests\bin\debug\videoos.logserver.communication.tests.dll" id="67eab2a5-7d43-d4c3-41cf-be4c77d695b4">
      <Execution id="5e715dbb-71eb-4073-8d38-97fb6bdbc490" />
      <TestMethod codeBase="D:\actions-runner\_work\XPCO\XPCO\LogServer\Communication\VideoOS.LogServer.Communication.Tests\bin\Debug\VideoOS.LogServer.Communication.Tests.dll" adapterTypeName="executor://mstestadapter/v2" className="VideoOS.LogServer.Communication.Tests.Legacy.Client.LogClientInternalTests" name="DoUploadCultureFiles_ShouldRegisterWithCredentialValidation_IfMIPEnvironmentIsNotInitialized" />
    </UnitTest>
    <UnitTest name="Create_ShouldThrowInvalidOperationException_IfMIPEnvironmentIsNotInitializedAndUriIsNotGiven" storage="d:\actions-runner\_work\xpco\xpco\logserver\communication\videoos.logserver.communication.tests\bin\debug\videoos.logserver.communication.tests.dll" id="abf80a45-5b9f-b76b-f7bf-162512472b99">
      <Execution id="cefc01d0-bc1a-4fb4-bd6a-7ca87df9bd3e" />
      <TestMethod codeBase="D:\actions-runner\_work\XPCO\XPCO\LogServer\Communication\VideoOS.LogServer.Communication.Tests\bin\Debug\VideoOS.LogServer.Communication.Tests.dll" adapterTypeName="executor://mstestadapter/v2" className="VideoOS.LogServer.Communication.Tests.Communication.LogConfigurationServiceClientFactoryTests" name="Create_ShouldThrowInvalidOperationException_IfMIPEnvironmentIsNotInitializedAndUriIsNotGiven" />
    </UnitTest>
    <UnitTest name="DoUploadCultureFiles_ShouldReturnTrue_IfRegistrationFails" storage="d:\actions-runner\_work\xpco\xpco\logserver\communication\videoos.logserver.communication.tests\bin\debug\videoos.logserver.communication.tests.dll" id="34e137e8-304a-9ff8-1905-6ddd28de6345">
      <Execution id="c6141747-933e-40ee-9633-eeecf7cdb2d4" />
      <TestMethod codeBase="D:\actions-runner\_work\XPCO\XPCO\LogServer\Communication\VideoOS.LogServer.Communication.Tests\bin\Debug\VideoOS.LogServer.Communication.Tests.dll" adapterTypeName="executor://mstestadapter/v2" className="VideoOS.LogServer.Communication.Tests.Legacy.Client.LogClientInternalTests" name="DoUploadCultureFiles_ShouldReturnTrue_IfRegistrationFails" />
    </UnitTest>
    <UnitTest name="Close_StopsLambdasInTheQueue" storage="d:\actions-runner\_work\xpco\xpco\logserver\communication\videoos.logserver.communication.tests\bin\debug\videoos.logserver.communication.tests.dll" id="994f87cc-c58d-8744-77e4-ee22b9e9254a">
      <Execution id="94b1e72f-313d-49ae-b8f5-d38941a599e1" />
      <TestMethod codeBase="D:\actions-runner\_work\XPCO\XPCO\LogServer\Communication\VideoOS.LogServer.Communication.Tests\bin\Debug\VideoOS.LogServer.Communication.Tests.dll" adapterTypeName="executor://mstestadapter/v2" className="VideoOS.LogServer.Communication.Tests.QueueingClientWrapperTests" name="Close_StopsLambdasInTheQueue" />
    </UnitTest>
    <UnitTest name="Close_StopsRetrying_EvenIfCallbackIsBeingExecuted" storage="d:\actions-runner\_work\xpco\xpco\logserver\communication\videoos.logserver.communication.tests\bin\debug\videoos.logserver.communication.tests.dll" id="f4a5978d-2acb-8d50-1d62-7f498820825e">
      <Execution id="0dcd6987-a097-499a-a562-d406da7d87c9" />
      <TestMethod codeBase="D:\actions-runner\_work\XPCO\XPCO\LogServer\Communication\VideoOS.LogServer.Communication.Tests\bin\Debug\VideoOS.LogServer.Communication.Tests.dll" adapterTypeName="executor://mstestadapter/v2" className="VideoOS.LogServer.Communication.Tests.QueueingClientWrapperTests" name="Close_StopsRetrying_EvenIfCallbackIsBeingExecuted" />
    </UnitTest>
    <UnitTest name="WriteLegacyLoglineTokenAsync_ShouldPassCorrectParams" storage="d:\actions-runner\_work\xpco\xpco\logserver\communication\videoos.logserver.communication.tests\bin\debug\videoos.logserver.communication.tests.dll" id="4599eece-b7e5-f53a-c36d-650dc3db0644">
      <Execution id="ed60de8a-5a36-4e7c-8630-c68d8ed54cd8" />
      <TestMethod codeBase="D:\actions-runner\_work\XPCO\XPCO\LogServer\Communication\VideoOS.LogServer.Communication.Tests\bin\Debug\VideoOS.LogServer.Communication.Tests.dll" adapterTypeName="executor://mstestadapter/v2" className="VideoOS.LogServer.Communication.Tests.Writers.LogWriterTests" name="WriteLegacyLoglineTokenAsync_ShouldPassCorrectParams" />
    </UnitTest>
    <UnitTest name="FetchSystemLoglinesTokenAsync_ShouldUseCorrectQuerySessionId_AfterStartQuerySessionAsync" storage="d:\actions-runner\_work\xpco\xpco\logserver\communication\videoos.logserver.communication.tests\bin\debug\videoos.logserver.communication.tests.dll" id="e8891b59-88d5-e758-a453-beadcaf25e22">
      <Execution id="363b581b-495c-4de8-b13b-80ac56b01163" />
      <TestMethod codeBase="D:\actions-runner\_work\XPCO\XPCO\LogServer\Communication\VideoOS.LogServer.Communication.Tests\bin\Debug\VideoOS.LogServer.Communication.Tests.dll" adapterTypeName="executor://mstestadapter/v2" className="VideoOS.LogServer.Communication.Tests.Readers.LogReaderTests" name="FetchSystemLoglinesTokenAsync_ShouldUseCorrectQuerySessionId_AfterStartQuerySessionAsync" />
    </UnitTest>
    <UnitTest name="FetchSystemLoglinesTokenAsync_ShouldReturnLoglines" storage="d:\actions-runner\_work\xpco\xpco\logserver\communication\videoos.logserver.communication.tests\bin\debug\videoos.logserver.communication.tests.dll" id="b5134cc5-1541-e082-3a10-e53fede7a5f6">
      <Execution id="5f74fa53-1f0b-4d62-bb57-bec03dbc444e" />
      <TestMethod codeBase="D:\actions-runner\_work\XPCO\XPCO\LogServer\Communication\VideoOS.LogServer.Communication.Tests\bin\Debug\VideoOS.LogServer.Communication.Tests.dll" adapterTypeName="executor://mstestadapter/v2" className="VideoOS.LogServer.Communication.Tests.Readers.LogReaderTests" name="FetchSystemLoglinesTokenAsync_ShouldReturnLoglines" />
    </UnitTest>
    <UnitTest name="StartQuerySessionAsync_ShouldSetIsQuerySessionStarted" storage="d:\actions-runner\_work\xpco\xpco\logserver\communication\videoos.logserver.communication.tests\bin\debug\videoos.logserver.communication.tests.dll" id="2feab54c-bbc9-49d3-d942-19447743f92b">
      <Execution id="15310988-ac2c-4a4b-93b5-118265e641e2" />
      <TestMethod codeBase="D:\actions-runner\_work\XPCO\XPCO\LogServer\Communication\VideoOS.LogServer.Communication.Tests\bin\Debug\VideoOS.LogServer.Communication.Tests.dll" adapterTypeName="executor://mstestadapter/v2" className="VideoOS.LogServer.Communication.Tests.Readers.LogReaderTests" name="StartQuerySessionAsync_ShouldSetIsQuerySessionStarted" />
    </UnitTest>
    <UnitTest name="CallAsync_ShouldThrowArgumentNullException_WhenParameterIsNull" storage="d:\actions-runner\_work\xpco\xpco\logserver\communication\videoos.logserver.communication.tests\bin\debug\videoos.logserver.communication.tests.dll" id="2d5548d0-1b64-5fe8-35aa-ef8cb319ee22">
      <Execution id="08a89291-89cc-4e59-a7fb-42f9d3eb0b8a" />
      <TestMethod codeBase="D:\actions-runner\_work\XPCO\XPCO\LogServer\Communication\VideoOS.LogServer.Communication.Tests\bin\Debug\VideoOS.LogServer.Communication.Tests.dll" adapterTypeName="executor://mstestadapter/v2" className="VideoOS.LogServer.Communication.Tests.ClientWrapperTests" name="CallAsync_ShouldThrowArgumentNullException_WhenParameterIsNull" />
    </UnitTest>
    <UnitTest name="Constructors_ShouldNotAllowInjectionOfNulls" storage="d:\actions-runner\_work\xpco\xpco\logserver\communication\videoos.logserver.communication.tests\bin\debug\videoos.logserver.communication.tests.dll" id="08310f4d-f672-ad80-35c5-5cb19e182b35">
      <Execution id="d477eb20-a8f8-4865-a05e-954ed41df927" />
      <TestMethod codeBase="D:\actions-runner\_work\XPCO\XPCO\LogServer\Communication\VideoOS.LogServer.Communication.Tests\bin\Debug\VideoOS.LogServer.Communication.Tests.dll" adapterTypeName="executor://mstestadapter/v2" className="VideoOS.LogServer.Communication.Tests.Communication.LogReaderServiceClientFactoryTests" name="Constructors_ShouldNotAllowInjectionOfNulls" />
    </UnitTest>
  </TestDefinitions>
  <TestEntries>
    <TestEntry testId="659ea7ef-7a9e-011e-503e-a43b4fac0d99" executionId="83d2072c-fe72-4e85-8bf9-1ddd914cb3d4" testListId="8c84fa94-04c1-424b-9868-57a2d4851a1d" />
    <TestEntry testId="abf80a45-5b9f-b76b-f7bf-162512472b99" executionId="cefc01d0-bc1a-4fb4-bd6a-7ca87df9bd3e" testListId="8c84fa94-04c1-424b-9868-57a2d4851a1d" />
    <TestEntry testId="77b01a8c-e14a-3262-a753-f3778f469516" executionId="890cc7e9-caf1-4afa-b7f0-2157a7165cd6" testListId="8c84fa94-04c1-424b-9868-57a2d4851a1d" />
    <TestEntry testId="bec962ea-d868-333e-e3ba-591adbfdf268" executionId="31f4635e-5aa9-467c-9fe1-4bc4189e8765" testListId="8c84fa94-04c1-424b-9868-57a2d4851a1d" />
    <TestEntry testId="e9232fa6-3e04-4173-b6d8-c5fec7124fe8" executionId="a2f7b758-f17e-438a-afc9-4658380bed22" testListId="8c84fa94-04c1-424b-9868-57a2d4851a1d" />
    <TestEntry testId="70bea485-ec86-6f83-5a24-575e32c4eae9" executionId="fcced6bb-6765-4ce5-8424-fe095e2b2dbe" testListId="8c84fa94-04c1-424b-9868-57a2d4851a1d" />
    <TestEntry testId="bed9dd5e-8bd4-8ed7-a13e-9199e5447b8d" executionId="7222c404-9746-4fb4-b836-70cab6753882" testListId="8c84fa94-04c1-424b-9868-57a2d4851a1d" />
    <TestEntry testId="994f87cc-c58d-8744-77e4-ee22b9e9254a" executionId="94b1e72f-313d-49ae-b8f5-d38941a599e1" testListId="8c84fa94-04c1-424b-9868-57a2d4851a1d" />
    <TestEntry testId="b42052b4-be9c-180e-d224-1ca4f236874a" executionId="f8dae6a7-b8ee-438d-897b-07763347a121" testListId="8c84fa94-04c1-424b-9868-57a2d4851a1d" />
    <TestEntry testId="ce2d18e0-6ebb-4810-6841-4de51ae1651c" executionId="a39a3fad-c6f2-4ad7-a9da-814b7770acf2" testListId="8c84fa94-04c1-424b-9868-57a2d4851a1d" />
    <TestEntry testId="f4a2467a-bab6-af14-8890-246822964e7c" executionId="a0100894-dd49-465a-9582-cd749d7a5e98" testListId="8c84fa94-04c1-424b-9868-57a2d4851a1d" />
    <TestEntry testId="f4a5978d-2acb-8d50-1d62-7f498820825e" executionId="0dcd6987-a097-499a-a562-d406da7d87c9" testListId="8c84fa94-04c1-424b-9868-57a2d4851a1d" />
    <TestEntry testId="b5134cc5-1541-e082-3a10-e53fede7a5f6" executionId="5f74fa53-1f0b-4d62-bb57-bec03dbc444e" testListId="8c84fa94-04c1-424b-9868-57a2d4851a1d" />
    <TestEntry testId="2b4a8ff9-760c-f83c-5f78-a42564dac98b" executionId="d31c46b6-0b50-4505-b34b-3f87af04f486" testListId="8c84fa94-04c1-424b-9868-57a2d4851a1d" />
    <TestEntry testId="f4ffd983-c05b-593d-74f8-17a463f4a926" executionId="bf62d3bb-8464-43ef-bed9-6f39c9b579d1" testListId="8c84fa94-04c1-424b-9868-57a2d4851a1d" />
    <TestEntry testId="22a87947-cdd9-4a2f-100a-e5ec8ff12ee0" executionId="33bc7ac9-cccb-4919-a265-19cb2712cd02" testListId="8c84fa94-04c1-424b-9868-57a2d4851a1d" />
    <TestEntry testId="e449cf0b-5d9a-14de-4691-aaebce969eef" executionId="f2296881-d379-43cc-a45e-9ec7fdbe9160" testListId="8c84fa94-04c1-424b-9868-57a2d4851a1d" />
    <TestEntry testId="a1845fd6-f487-cb4b-470b-f538a85bb597" executionId="96b2976a-b88b-49e8-a712-a2d3dc27ef5c" testListId="8c84fa94-04c1-424b-9868-57a2d4851a1d" />
    <TestEntry testId="b60e37b6-aafb-0d71-39f0-b9035421a460" executionId="bfb622ff-5b02-4b40-aca6-820ecac7336a" testListId="8c84fa94-04c1-424b-9868-57a2d4851a1d" />
    <TestEntry testId="3366b6f3-e16d-5095-ef9c-b2a681634322" executionId="243eb0e4-d784-46ec-bad5-9db0a9277489" testListId="8c84fa94-04c1-424b-9868-57a2d4851a1d" />
    <TestEntry testId="5568778f-0158-0285-fa35-319d0b4f764e" executionId="5599daa7-a1e4-400d-9120-5132fc28dfa8" testListId="8c84fa94-04c1-424b-9868-57a2d4851a1d" />
    <TestEntry testId="24c3220b-1c1f-47f8-e7ad-b6854efd1570" executionId="15a997f0-1871-4915-a54e-7b4d351dc3a5" testListId="8c84fa94-04c1-424b-9868-57a2d4851a1d" />
    <TestEntry testId="9617b6cc-73f3-9d59-f2da-862ee903bd8c" executionId="e75a1954-65ff-4bf5-a10a-092b068bf504" testListId="8c84fa94-04c1-424b-9868-57a2d4851a1d" />
    <TestEntry testId="659ea7ef-7a9e-011e-503e-a43b4fac0d99" executionId="81b55d51-3315-42ed-b00d-b4188c80b455" testListId="8c84fa94-04c1-424b-9868-57a2d4851a1d" />
    <TestEntry testId="1adc8a7a-23e3-07aa-2488-b1b0ec1bd11d" executionId="adf24f61-4238-4c78-9f03-1b1fd1595dd6" testListId="8c84fa94-04c1-424b-9868-57a2d4851a1d" />
    <TestEntry testId="bb423a2d-e77e-922e-7cca-ac4e6e500c2c" executionId="e99d2e24-9c40-47f6-8c6f-a3c4426fabac" testListId="8c84fa94-04c1-424b-9868-57a2d4851a1d" />
    <TestEntry testId="0207a84d-d678-80a4-374f-019cfa942cab" executionId="e030d7c0-61b9-4003-84b0-3d39e23160c1" testListId="8c84fa94-04c1-424b-9868-57a2d4851a1d" />
    <TestEntry testId="736dbfb6-8744-07bc-2cc4-274557ee8f7b" executionId="4ca50b6c-cd75-4d7f-8495-e6e8b2ba49e3" testListId="8c84fa94-04c1-424b-9868-57a2d4851a1d" />
    <TestEntry testId="bf160454-ca42-37cd-a218-b3a0050d0c04" executionId="d41c2913-0428-4161-827f-da393dcb6da2" testListId="8c84fa94-04c1-424b-9868-57a2d4851a1d" />
    <TestEntry testId="08310f4d-f672-ad80-35c5-5cb19e182b35" executionId="d477eb20-a8f8-4865-a05e-954ed41df927" testListId="8c84fa94-04c1-424b-9868-57a2d4851a1d" />
    <TestEntry testId="93cf8303-d6e5-db71-c919-018ef89f83c3" executionId="90780160-f327-45b5-bf55-2f7a9e44dbc9" testListId="8c84fa94-04c1-424b-9868-57a2d4851a1d" />
    <TestEntry testId="4599eece-b7e5-f53a-c36d-650dc3db0644" executionId="ed60de8a-5a36-4e7c-8630-c68d8ed54cd8" testListId="8c84fa94-04c1-424b-9868-57a2d4851a1d" />
    <TestEntry testId="85a0c911-4d9b-f0cf-2307-5d56b2c855c8" executionId="4c28601a-4e81-40c3-870a-f7eb7fdf9cb0" testListId="8c84fa94-04c1-424b-9868-57a2d4851a1d" />
    <TestEntry testId="b6dc9525-01a3-e0c4-451e-0f867a5ce453" executionId="1d8c95eb-69ac-4832-a0a4-85c44b2b717d" testListId="8c84fa94-04c1-424b-9868-57a2d4851a1d" />
    <TestEntry testId="6b895964-d16f-3cba-4299-1aaa4256aaac" executionId="8616074d-5350-4ad7-b6f0-f101140a3363" testListId="8c84fa94-04c1-424b-9868-57a2d4851a1d" />
    <TestEntry testId="6bd4e64a-403b-2246-3e7d-bff3950d867e" executionId="734ea4fd-df98-42c6-80cc-5844e19349b6" testListId="8c84fa94-04c1-424b-9868-57a2d4851a1d" />
    <TestEntry testId="fe908b2a-47cc-1a75-6b07-95579f1ff3bd" executionId="40eabbb2-a3f3-49b8-a9c3-04d4c0e41f11" testListId="8c84fa94-04c1-424b-9868-57a2d4851a1d" />
    <TestEntry testId="6907c083-38d4-a0e4-dacd-80087df0da9e" executionId="8b6d4aa9-cfcb-49f2-ac75-119064c68e03" testListId="8c84fa94-04c1-424b-9868-57a2d4851a1d" />
    <TestEntry testId="bca8daf8-450d-5dd2-5d1b-77cc155869d6" executionId="4bb1d616-d17e-4cc9-966d-5bc5cd0b7356" testListId="8c84fa94-04c1-424b-9868-57a2d4851a1d" />
    <TestEntry testId="d27e985f-2267-0a49-87ad-5eb3ad9a770e" executionId="f18cd9d0-a85b-4d98-8864-4c7e36b346b1" testListId="8c84fa94-04c1-424b-9868-57a2d4851a1d" />
    <TestEntry testId="5bc88eec-e68a-c6be-64e3-ba75f927987e" executionId="976d91ad-1739-444d-9b00-ff0a0630ee5c" testListId="8c84fa94-04c1-424b-9868-57a2d4851a1d" />
    <TestEntry testId="bdd8d4fe-4058-aef2-0d58-025fc8ab2d74" executionId="81df7164-e7c5-430f-ad15-3b278c764987" testListId="8c84fa94-04c1-424b-9868-57a2d4851a1d" />
    <TestEntry testId="a9befe5e-a1fe-4335-a2a4-b001dfe290b4" executionId="fcdd508e-5ace-451b-9bd6-0a8c5ee9886f" testListId="8c84fa94-04c1-424b-9868-57a2d4851a1d" />
    <TestEntry testId="a8364fbb-b5a2-ea12-610f-86d32b76c759" executionId="52f02a27-a030-4c10-9bb7-7f4a742cad54" testListId="8c84fa94-04c1-424b-9868-57a2d4851a1d" />
    <TestEntry testId="badbd886-4256-36d6-b407-7caca836cddf" executionId="a3ce6856-2da9-4bcf-a627-6c9dc9308d1b" testListId="8c84fa94-04c1-424b-9868-57a2d4851a1d" />
    <TestEntry testId="9617b6cc-73f3-9d59-f2da-862ee903bd8c" executionId="d8f044d7-93c3-49f8-9999-798d89732e29" testListId="8c84fa94-04c1-424b-9868-57a2d4851a1d" />
    <TestEntry testId="2d5548d0-1b64-5fe8-35aa-ef8cb319ee22" executionId="08a89291-89cc-4e59-a7fb-42f9d3eb0b8a" testListId="8c84fa94-04c1-424b-9868-57a2d4851a1d" />
    <TestEntry testId="77f6d4a2-86d9-b896-3535-74c1b7eccbc6" executionId="3bdc588e-eff6-4524-b44d-523ed89e5903" testListId="8c84fa94-04c1-424b-9868-57a2d4851a1d" />
    <TestEntry testId="c63998ff-057d-127a-a599-7bd00fbae3de" executionId="2f3ea20d-5a0b-4a03-a711-9f2bcf0c5b80" testListId="8c84fa94-04c1-424b-9868-57a2d4851a1d" />
    <TestEntry testId="942a3e80-1eab-4a73-7cbf-0148511dbcf7" executionId="0f64c713-ce9d-4110-ad92-0da4922dd3e5" testListId="8c84fa94-04c1-424b-9868-57a2d4851a1d" />
    <TestEntry testId="7edf0f60-8715-664d-d672-6e3b8e74effc" executionId="592c84b9-0e72-4705-bedb-c004b6f5ae23" testListId="8c84fa94-04c1-424b-9868-57a2d4851a1d" />
    <TestEntry testId="6a99f0b0-dccf-d59e-1ea3-8eedac771201" executionId="4c313dea-7edd-4c07-8f5b-dba666a380cc" testListId="8c84fa94-04c1-424b-9868-57a2d4851a1d" />
    <TestEntry testId="9be429ed-7966-1558-1657-ef41e01e86b9" executionId="6ae4893b-dd68-4916-bf32-026835482f10" testListId="8c84fa94-04c1-424b-9868-57a2d4851a1d" />
    <TestEntry testId="13048096-8df1-a404-1131-b9b028c5de3a" executionId="f6a85847-728f-4bc7-b925-8988f2360ae2" testListId="8c84fa94-04c1-424b-9868-57a2d4851a1d" />
    <TestEntry testId="48279b0f-faf7-b592-4f52-51dcac4755c3" executionId="40b2bdba-15f2-4524-9131-851fa9a9c31d" testListId="8c84fa94-04c1-424b-9868-57a2d4851a1d" />
    <TestEntry testId="91a1044a-970f-5ce4-c09f-c08d99389089" executionId="8a508e27-e1ae-40e1-b50e-138469116b0d" testListId="8c84fa94-04c1-424b-9868-57a2d4851a1d" />
    <TestEntry testId="b4c67156-b25e-38b0-705c-d5a9b034170b" executionId="de11758b-9c02-408f-9d3d-a0363444afd5" testListId="8c84fa94-04c1-424b-9868-57a2d4851a1d" />
    <TestEntry testId="a3ce31ce-a70a-12fd-1790-3e015d94bf1b" executionId="9378a658-a7ab-42ba-9b18-5316733662cb" testListId="8c84fa94-04c1-424b-9868-57a2d4851a1d" />
    <TestEntry testId="8b3db817-aa30-ea6d-4629-f6f2628b1e34" executionId="a3c89e0f-3119-4011-9932-cc7a140cae9a" testListId="8c84fa94-04c1-424b-9868-57a2d4851a1d" />
    <TestEntry testId="bcfcd220-0633-2a7a-a358-b24f28ae5a72" executionId="c47cfec6-55fc-43ae-b5d9-db03da7036ca" testListId="8c84fa94-04c1-424b-9868-57a2d4851a1d" />
    <TestEntry testId="883115cd-0053-c36c-1a96-151e09055999" executionId="4d09d03b-5255-47dc-83ee-d9d0f45ed48d" testListId="8c84fa94-04c1-424b-9868-57a2d4851a1d" />
    <TestEntry testId="b86f95fe-b8eb-93b5-85ac-c4b377aa3ab2" executionId="4d547ae8-354c-4e9f-b9e0-ad5d57ab09a5" testListId="8c84fa94-04c1-424b-9868-57a2d4851a1d" />
    <TestEntry testId="674d8125-a7aa-840d-f0bd-15e06befbf23" executionId="4b9325ef-41a7-46ff-8be6-c8d8e65a2f4a" testListId="8c84fa94-04c1-424b-9868-57a2d4851a1d" />
    <TestEntry testId="ef0c6ab2-43d5-3d91-1f2c-f2e69a8694fc" executionId="99edeefc-afa7-4015-9e4f-1b31744da03a" testListId="8c84fa94-04c1-424b-9868-57a2d4851a1d" />
    <TestEntry testId="875327b0-fa5d-7205-4d8d-e58b1043343b" executionId="d941c2ad-6c29-40c5-8beb-baa44df34259" testListId="8c84fa94-04c1-424b-9868-57a2d4851a1d" />
    <TestEntry testId="dddbaefa-c058-6c4c-31ba-74cab88a0422" executionId="42e2e98c-e446-4ef4-b38c-63e22910c542" testListId="8c84fa94-04c1-424b-9868-57a2d4851a1d" />
    <TestEntry testId="73bac923-e59e-0327-f38b-88570fb14315" executionId="e18727e9-c319-4bba-a460-eeffee0262a8" testListId="8c84fa94-04c1-424b-9868-57a2d4851a1d" />
    <TestEntry testId="b26ef1a0-ca7c-5175-29dd-e3e02c9d2b2e" executionId="ae9dab91-3fab-4e3a-9d23-d7b4ecbf2f4d" testListId="8c84fa94-04c1-424b-9868-57a2d4851a1d" />
    <TestEntry testId="539e7ed0-1a6b-b0d1-b826-cc429641c877" executionId="6674df77-0959-4b19-bcd6-0ec0f24e58ad" testListId="8c84fa94-04c1-424b-9868-57a2d4851a1d" />
    <TestEntry testId="b27e714f-fc99-1bd2-c3e6-37ebae722373" executionId="0e8b8f71-cb9f-4c89-a400-cd929fc08150" testListId="8c84fa94-04c1-424b-9868-57a2d4851a1d" />
    <TestEntry testId="e8891b59-88d5-e758-a453-beadcaf25e22" executionId="363b581b-495c-4de8-b13b-80ac56b01163" testListId="8c84fa94-04c1-424b-9868-57a2d4851a1d" />
    <TestEntry testId="446a9572-a221-3e10-2ac5-6b6981646eca" executionId="085df111-4a4c-45c2-985b-7d202e9c0cf2" testListId="8c84fa94-04c1-424b-9868-57a2d4851a1d" />
    <TestEntry testId="bb6f7b91-945f-b496-b78b-57eb63b9763f" executionId="4d19a7f4-e686-44b2-814e-e6af5f07b4b8" testListId="8c84fa94-04c1-424b-9868-57a2d4851a1d" />
    <TestEntry testId="cd450799-898f-7592-470a-680a22fc3b31" executionId="e2bb0f73-8b4a-4362-bb85-325a658fe9c8" testListId="8c84fa94-04c1-424b-9868-57a2d4851a1d" />
    <TestEntry testId="779652e4-8fbe-3b7e-110d-d5f43eed27ad" executionId="106e0825-a96c-4ac6-bc25-5af4d9bc7ac1" testListId="8c84fa94-04c1-424b-9868-57a2d4851a1d" />
    <TestEntry testId="feb5d8b3-90c1-1a40-7ce8-c06bb192fe75" executionId="5327c62e-d5bb-4193-a281-361d42aa5413" testListId="8c84fa94-04c1-424b-9868-57a2d4851a1d" />
    <TestEntry testId="659ea7ef-7a9e-011e-503e-a43b4fac0d99" executionId="e2094c87-105c-46f3-baf2-49026de92631" testListId="8c84fa94-04c1-424b-9868-57a2d4851a1d" />
    <TestEntry testId="1293f5e2-447e-305e-3427-6c7f78f01ac9" executionId="ef80fef9-2bf8-4a57-9561-06ff258cc8d7" testListId="8c84fa94-04c1-424b-9868-57a2d4851a1d" />
    <TestEntry testId="3c41982f-e495-367d-236b-2f52da3f812e" executionId="8eb18382-7e66-4c90-9bb5-91bcdb1633b2" testListId="8c84fa94-04c1-424b-9868-57a2d4851a1d" />
    <TestEntry testId="1098abe6-c55a-a368-12bc-c2ed2e00256b" executionId="c775fb59-fe8e-4bdb-aa99-6a9445baab16" testListId="8c84fa94-04c1-424b-9868-57a2d4851a1d" />
    <TestEntry testId="e9dceb4c-247f-b92b-575c-87dcfdd7e26d" executionId="c2b31af6-1c67-4959-8da2-ba1632492929" testListId="8c84fa94-04c1-424b-9868-57a2d4851a1d" />
    <TestEntry testId="d12f19f0-2377-0b81-6775-97d89862ddb4" executionId="9400d6a2-5ce6-48c8-afd2-b696ba1f54a0" testListId="8c84fa94-04c1-424b-9868-57a2d4851a1d" />
    <TestEntry testId="1c619f85-d91b-ea60-2757-6679c81d96dc" executionId="df2c21ec-cb0d-408c-8e38-0fc93db7b072" testListId="8c84fa94-04c1-424b-9868-57a2d4851a1d" />
    <TestEntry testId="6df9d8fe-99b1-520f-3539-fe9a729cb9bf" executionId="1295d86d-abde-479e-bac3-9b5cba1b59bc" testListId="8c84fa94-04c1-424b-9868-57a2d4851a1d" />
    <TestEntry testId="a836b8aa-0561-a3b3-cf59-73ebce5adc53" executionId="736d8709-cc4d-4163-b866-1207ef5b382d" testListId="8c84fa94-04c1-424b-9868-57a2d4851a1d" />
    <TestEntry testId="b77e9d26-baf8-42e8-fb66-14b9ede40aaf" executionId="ad629725-b7d8-43d0-8d52-8217cf721a1d" testListId="8c84fa94-04c1-424b-9868-57a2d4851a1d" />
    <TestEntry testId="4eb367ab-5c42-6b05-7bc5-20146f5c9dce" executionId="3d566006-c3f5-4e5e-bb39-0dbcac3337a6" testListId="8c84fa94-04c1-424b-9868-57a2d4851a1d" />
    <TestEntry testId="94fee7c4-80c8-1c86-3576-94ca601ec732" executionId="ac53419d-0cd0-475c-8466-acdf79685b3e" testListId="8c84fa94-04c1-424b-9868-57a2d4851a1d" />
    <TestEntry testId="63016393-1767-4228-6fb0-e9e5bee4a5e3" executionId="1dd4c427-2727-4150-9c87-e62b0e9752dd" testListId="8c84fa94-04c1-424b-9868-57a2d4851a1d" />
    <TestEntry testId="df5bf18e-4764-6f88-4a5a-f2abba3536b3" executionId="4ec3d420-f6db-4c7a-93f4-afd96dd6e5a6" testListId="8c84fa94-04c1-424b-9868-57a2d4851a1d" />
    <TestEntry testId="8edee7b7-26f0-8660-7c2c-d2a8f9901f02" executionId="aff06873-c08e-45af-a223-d4d3baf0ae91" testListId="8c84fa94-04c1-424b-9868-57a2d4851a1d" />
    <TestEntry testId="5343f541-ab32-23f3-6d69-fb3a240652c8" executionId="e57f0255-2cac-4707-9c3c-ba9058d1acf5" testListId="8c84fa94-04c1-424b-9868-57a2d4851a1d" />
    <TestEntry testId="67f28808-ddff-e982-aee0-d9b5dbc005e2" executionId="bf67d28b-e4a6-4c42-b6aa-90f68ece335d" testListId="8c84fa94-04c1-424b-9868-57a2d4851a1d" />
    <TestEntry testId="35668b70-00eb-0d99-67ee-63ec7a6b9daf" executionId="bf949d26-aede-455a-ba32-1300d56e5dd8" testListId="8c84fa94-04c1-424b-9868-57a2d4851a1d" />
    <TestEntry testId="623d185f-9cda-e09d-884d-8336bb2e4251" executionId="14d8b66b-3c14-4295-98d4-792bb06bb305" testListId="8c84fa94-04c1-424b-9868-57a2d4851a1d" />
    <TestEntry testId="fd6a6596-e9bc-820d-bbb1-d6004688c36f" executionId="b876cacb-4a67-40ff-87f7-9451f12dd047" testListId="8c84fa94-04c1-424b-9868-57a2d4851a1d" />
    <TestEntry testId="7e96b009-8ba0-c755-7d30-7f328804b614" executionId="de59c042-9929-466d-aa9e-8ae4b5af6f99" testListId="8c84fa94-04c1-424b-9868-57a2d4851a1d" />
    <TestEntry testId="0ef49951-f77d-7256-b3ae-66f175c85645" executionId="76e2b960-0ea1-4e03-87f4-012f81afa5de" testListId="8c84fa94-04c1-424b-9868-57a2d4851a1d" />
    <TestEntry testId="4e12d753-1090-f46e-514e-2259465dc69b" executionId="4e659be8-b567-4d71-ab6e-9bbc87f6c1e1" testListId="8c84fa94-04c1-424b-9868-57a2d4851a1d" />
    <TestEntry testId="b23c055a-115b-f4d2-24a2-c22528b67dba" executionId="c7d16e6f-4cc5-4399-affd-a7706da543bd" testListId="8c84fa94-04c1-424b-9868-57a2d4851a1d" />
    <TestEntry testId="7a6cd571-9c4a-6008-8337-b391a3317369" executionId="0c074ea6-db29-4419-be2d-15ab2036413a" testListId="8c84fa94-04c1-424b-9868-57a2d4851a1d" />
    <TestEntry testId="6941bc2c-9833-5d26-b03a-41c7ade36d6e" executionId="cf90166b-a5de-4168-b0de-33ef37200c8a" testListId="8c84fa94-04c1-424b-9868-57a2d4851a1d" />
    <TestEntry testId="34e137e8-304a-9ff8-1905-6ddd28de6345" executionId="c6141747-933e-40ee-9633-eeecf7cdb2d4" testListId="8c84fa94-04c1-424b-9868-57a2d4851a1d" />
    <TestEntry testId="ba00b31f-c24d-b850-f3e7-f52e1b18f60a" executionId="b91095d0-b302-46e4-b7c5-69acc9311e2b" testListId="8c84fa94-04c1-424b-9868-57a2d4851a1d" />
    <TestEntry testId="66a36c9d-488e-cd9d-ffa8-da2feeea8136" executionId="845e564a-fb30-47ac-94f8-36b8a8617386" testListId="8c84fa94-04c1-424b-9868-57a2d4851a1d" />
    <TestEntry testId="94919045-55eb-c6a8-9422-0d7750bdb297" executionId="9f4dbdab-21dc-49b9-89b2-79b447570a5f" testListId="8c84fa94-04c1-424b-9868-57a2d4851a1d" />
    <TestEntry testId="9617b6cc-73f3-9d59-f2da-862ee903bd8c" executionId="a6aac3e5-125d-446d-8119-54b8919cf0d0" testListId="8c84fa94-04c1-424b-9868-57a2d4851a1d" />
    <TestEntry testId="67eab2a5-7d43-d4c3-41cf-be4c77d695b4" executionId="5e715dbb-71eb-4073-8d38-97fb6bdbc490" testListId="8c84fa94-04c1-424b-9868-57a2d4851a1d" />
    <TestEntry testId="659ea7ef-7a9e-011e-503e-a43b4fac0d99" executionId="501304ce-d6ab-4d94-b27f-748494b5144c" testListId="8c84fa94-04c1-424b-9868-57a2d4851a1d" />
    <TestEntry testId="01d14afd-25f5-291d-8634-feb90cef42b3" executionId="7eead07d-36c4-418a-89ed-55eefad0cc79" testListId="8c84fa94-04c1-424b-9868-57a2d4851a1d" />
    <TestEntry testId="fb07781e-2617-ff30-208d-de0ad28ddaf5" executionId="ff9d73e1-305d-41f9-846e-0222fd28f2ab" testListId="8c84fa94-04c1-424b-9868-57a2d4851a1d" />
    <TestEntry testId="670a5985-b1d4-84ed-1197-21514b4e468f" executionId="29d394b3-0bcc-49b3-90fd-a35ba1593444" testListId="8c84fa94-04c1-424b-9868-57a2d4851a1d" />
    <TestEntry testId="3262192e-5f84-166d-d0c4-36e7145dfffb" executionId="b6fba669-1012-400b-b438-f466aa24d31a" testListId="8c84fa94-04c1-424b-9868-57a2d4851a1d" />
    <TestEntry testId="22ec705d-08b4-1246-93f7-3ae9421d40cf" executionId="5841fd4f-e385-4f49-8016-0952670d8833" testListId="8c84fa94-04c1-424b-9868-57a2d4851a1d" />
    <TestEntry testId="d68f307d-16d8-190c-0927-9645a2d42c9c" executionId="686f39fb-dc93-49d8-85b0-091e84a7c51c" testListId="8c84fa94-04c1-424b-9868-57a2d4851a1d" />
    <TestEntry testId="839d2cfc-e75d-f020-6f81-04dfe00ec40e" executionId="8da58d3d-2630-4e73-b662-903e5ad70729" testListId="8c84fa94-04c1-424b-9868-57a2d4851a1d" />
    <TestEntry testId="23a705e2-484b-b365-a7c7-b41d608b3f4b" executionId="b5fa5c70-d1b0-40f9-8cbc-d337484588a8" testListId="8c84fa94-04c1-424b-9868-57a2d4851a1d" />
    <TestEntry testId="6cd08c0d-0742-bf94-2384-45ba342e745a" executionId="35b45995-3c1c-450c-8c66-4d45ea97c048" testListId="8c84fa94-04c1-424b-9868-57a2d4851a1d" />
    <TestEntry testId="5440beed-f4da-5c54-5eab-04f5d48242b3" executionId="2565cf09-eda6-4773-b836-afdde9e634cf" testListId="8c84fa94-04c1-424b-9868-57a2d4851a1d" />
    <TestEntry testId="7c031690-d33c-ac25-a380-c8faa4e938c9" executionId="b350095c-489a-4fd6-ab7e-c24f224343b5" testListId="8c84fa94-04c1-424b-9868-57a2d4851a1d" />
    <TestEntry testId="69f89350-67d1-88c5-1fb3-1403510533d5" executionId="06def8dd-6c08-40bc-8a44-6396c90215f7" testListId="8c84fa94-04c1-424b-9868-57a2d4851a1d" />
    <TestEntry testId="8ac78330-b240-db28-9493-e73a1cb6d6a1" executionId="607b1fa1-f57f-4f36-9000-229675301c41" testListId="8c84fa94-04c1-424b-9868-57a2d4851a1d" />
    <TestEntry testId="68917092-20dd-c73b-53c5-158af009c721" executionId="16753ec1-1313-4df7-959f-1375d1f8f032" testListId="8c84fa94-04c1-424b-9868-57a2d4851a1d" />
    <TestEntry testId="e6f3beaf-3123-0f99-2920-ed37fa7d8180" executionId="00dcc1fb-de6b-4214-91bd-4e676b5c1854" testListId="8c84fa94-04c1-424b-9868-57a2d4851a1d" />
    <TestEntry testId="308ca1e2-fb9c-1586-8871-264314d0c4f4" executionId="7fe42453-a706-4202-866d-0bdf6e1e2c6a" testListId="8c84fa94-04c1-424b-9868-57a2d4851a1d" />
    <TestEntry testId="88101cee-6ea8-96b1-12f3-d1d1a85b48ac" executionId="3fa60dd1-66a3-4532-b33c-16455339479a" testListId="8c84fa94-04c1-424b-9868-57a2d4851a1d" />
    <TestEntry testId="76fa7ffb-8dc1-9469-9f7b-117eeef95d31" executionId="c746a829-4dd4-4f95-b7c9-0f1b016e55ce" testListId="8c84fa94-04c1-424b-9868-57a2d4851a1d" />
    <TestEntry testId="6b738107-d14a-ccb5-66a7-02b527511cb9" executionId="8f15f4fd-1e0b-415e-9a1f-db8101f926b5" testListId="8c84fa94-04c1-424b-9868-57a2d4851a1d" />
    <TestEntry testId="5ac99301-633e-24de-53c4-f924fb7beb39" executionId="a0bfde07-e760-462c-b54c-72dc12a8d1f1" testListId="8c84fa94-04c1-424b-9868-57a2d4851a1d" />
    <TestEntry testId="2feab54c-bbc9-49d3-d942-19447743f92b" executionId="15310988-ac2c-4a4b-93b5-118265e641e2" testListId="8c84fa94-04c1-424b-9868-57a2d4851a1d" />
    <TestEntry testId="99846132-b201-f087-ceb0-64f7de6690c1" executionId="c654e2fd-4b94-427d-81e1-b8187ffa04d2" testListId="8c84fa94-04c1-424b-9868-57a2d4851a1d" />
    <TestEntry testId="edb84373-2ee9-486d-e1f9-41adfa649f07" executionId="a6992a78-72f8-4ece-ae3a-9955ec19b8f0" testListId="8c84fa94-04c1-424b-9868-57a2d4851a1d" />
    <TestEntry testId="b37d0b5a-29a0-16c3-b349-b420d71ef9b0" executionId="978aa2ff-ed04-4bcc-aa62-520bdde62188" testListId="8c84fa94-04c1-424b-9868-57a2d4851a1d" />
    <TestEntry testId="e771bc46-6417-b43e-afec-8d68fd676ce1" executionId="cddeea8b-da23-4c18-8f8c-5ab1da0b819e" testListId="8c84fa94-04c1-424b-9868-57a2d4851a1d" />
  </TestEntries>
  <TestLists>
    <TestList name="Results Not in a List" id="8c84fa94-04c1-424b-9868-57a2d4851a1d" />
    <TestList name="All Loaded Results" id="19431567-8539-422a-85d7-44ee4e166bda" />
  </TestLists>
  <ResultSummary outcome="Completed">
    <Counters total="134" executed="134" passed="134" failed="0" error="0" timeout="0" aborted="0" inconclusive="0" passedButRunAborted="0" notRunnable="0" notExecuted="0" disconnected="0" warning="0" completed="0" inProgress="0" pending="0" />
  </ResultSummary>
</TestRun>