<?xml version="1.0" encoding="utf-8"?>
<TestRun id="2bfd749b-cd0f-4536-8e5b-36c495a99a8d" name="DKSR-EFI-06$@DKSR-EFI-06 2024-01-09 15:40:59" runUser="NT AUTHORITY\NETWORK SERVICE" xmlns="http://microsoft.com/schemas/VisualStudio/TeamTest/2010">
  <Times creation="2024-01-09T15:40:59.7734573+01:00" queuing="2024-01-09T15:40:59.7734573+01:00" start="2024-01-09T15:40:58.9297025+01:00" finish="2024-01-09T15:40:59.9765827+01:00" />
  <TestSettings name="default" id="d668d657-4113-4e60-bc35-454ba9f9436e">
    <Deployment runDeploymentRoot="DKSR-EFI-06$_DKSR-EFI-06_2024-01-09_15_40_59" />
  </TestSettings>
  <Results>
    <UnitTestResult executionId="d14ef594-0e79-4ceb-8b87-91783af4bc4e" testId="bb538686-730a-a900-6e65-e2f15b6e0fe9" testName="TestConstructor_ErrorDescription_Success" computerName="DKSR-EFI-06" duration="00:00:00.0002498" startTime="2024-01-09T15:40:59.9297082+01:00" endTime="2024-01-09T15:40:59.9453345+01:00" testType="13cdc9d9-ddb5-4fa4-a97d-d965ccfc6d4b" outcome="Passed" testListId="8c84fa94-04c1-424b-9868-57a2d4851a1d" relativeResultsDirectory="d14ef594-0e79-4ceb-8b87-91783af4bc4e" />
    <UnitTestResult executionId="5877ca5b-7246-4354-a3ae-c72c33ccbc6b" testId="0eac311d-2d52-35b9-ece5-69fa5a600a88" testName="TestConstructor_ErrorDescription_Success" computerName="DKSR-EFI-06" duration="00:00:00.0001922" startTime="2024-01-09T15:40:59.8828309+01:00" endTime="2024-01-09T15:40:59.8828309+01:00" testType="13cdc9d9-ddb5-4fa4-a97d-d965ccfc6d4b" outcome="Passed" testListId="8c84fa94-04c1-424b-9868-57a2d4851a1d" relativeResultsDirectory="5877ca5b-7246-4354-a3ae-c72c33ccbc6b" />
    <UnitTestResult executionId="0c1ba566-9b12-4c5d-8eb1-5a4af6533c30" testId="f01d14db-ae66-1739-f96b-f5d13d5b2653" testName="OnDeserializedWithUnknownArrayClassPropertyNotRootLevel_Success" computerName="DKSR-EFI-06" duration="00:00:00.0016211" startTime="2024-01-09T15:40:59.8359573+01:00" endTime="2024-01-09T15:40:59.8359573+01:00" testType="13cdc9d9-ddb5-4fa4-a97d-d965ccfc6d4b" outcome="Passed" testListId="8c84fa94-04c1-424b-9868-57a2d4851a1d" relativeResultsDirectory="0c1ba566-9b12-4c5d-8eb1-5a4af6533c30" />
    <UnitTestResult executionId="98040445-9355-4be1-8765-9ecc70f2fdff" testId="92697b63-84ef-b7db-203a-f190091e235a" testName="TestConstructor_ErrorDescription_Success" computerName="DKSR-EFI-06" duration="00:00:00.0001838" startTime="2024-01-09T15:40:59.8672088+01:00" endTime="2024-01-09T15:40:59.8672088+01:00" testType="13cdc9d9-ddb5-4fa4-a97d-d965ccfc6d4b" outcome="Passed" testListId="8c84fa94-04c1-424b-9868-57a2d4851a1d" relativeResultsDirectory="98040445-9355-4be1-8765-9ecc70f2fdff" />
    <UnitTestResult executionId="2b2a451a-9700-424f-999c-b5d8885bd94b" testId="18c95fe0-49ec-7340-ce28-f77f0bc14643" testName="TestConstructor_NoParameters_Success" computerName="DKSR-EFI-06" duration="00:00:00.0002305" startTime="2024-01-09T15:40:59.9297082+01:00" endTime="2024-01-09T15:40:59.9297082+01:00" testType="13cdc9d9-ddb5-4fa4-a97d-d965ccfc6d4b" outcome="Passed" testListId="8c84fa94-04c1-424b-9868-57a2d4851a1d" relativeResultsDirectory="2b2a451a-9700-424f-999c-b5d8885bd94b" />
    <UnitTestResult executionId="d1a20977-1c15-4fac-86ec-65ab1b63f84c" testId="acee9974-f93a-f84c-51bf-9aae43ff78e0" testName="OnDeserializedWithStringRefrenceTypes_Success" computerName="DKSR-EFI-06" duration="00:00:00.0002300" startTime="2024-01-09T15:40:59.8359573+01:00" endTime="2024-01-09T15:40:59.8359573+01:00" testType="13cdc9d9-ddb5-4fa4-a97d-d965ccfc6d4b" outcome="Passed" testListId="8c84fa94-04c1-424b-9868-57a2d4851a1d" relativeResultsDirectory="d1a20977-1c15-4fac-86ec-65ab1b63f84c" />
    <UnitTestResult executionId="11fe663f-e4eb-4174-9117-aae70e279006" testId="6e634b16-6e1f-4e04-489c-46e2b5a78bc9" testName="OnDeserializedWithArrayValueTypes_Success" computerName="DKSR-EFI-06" duration="00:00:00.0009250" startTime="2024-01-09T15:40:59.8359573+01:00" endTime="2024-01-09T15:40:59.8359573+01:00" testType="13cdc9d9-ddb5-4fa4-a97d-d965ccfc6d4b" outcome="Passed" testListId="8c84fa94-04c1-424b-9868-57a2d4851a1d" relativeResultsDirectory="11fe663f-e4eb-4174-9117-aae70e279006" />
    <UnitTestResult executionId="183f4c24-4f42-49cd-82f5-5536418053f1" testId="78341228-1f98-b2cc-27df-b48d8c6bbfb9" testName="TestConstructor_NoParameters_Success" computerName="DKSR-EFI-06" duration="00:00:00.0002503" startTime="2024-01-09T15:40:59.8828309+01:00" endTime="2024-01-09T15:40:59.8984578+01:00" testType="13cdc9d9-ddb5-4fa4-a97d-d965ccfc6d4b" outcome="Passed" testListId="8c84fa94-04c1-424b-9868-57a2d4851a1d" relativeResultsDirectory="183f4c24-4f42-49cd-82f5-5536418053f1" />
    <UnitTestResult executionId="debc7b21-d9f8-4f35-b3f9-8bb6c07b8799" testId="4272dc86-6448-aa9d-a94e-380471543b88" testName="TestConstructorErrorDescription" computerName="DKSR-EFI-06" duration="00:00:00.0001950" startTime="2024-01-09T15:40:59.8672088+01:00" endTime="2024-01-09T15:40:59.8672088+01:00" testType="13cdc9d9-ddb5-4fa4-a97d-d965ccfc6d4b" outcome="Passed" testListId="8c84fa94-04c1-424b-9868-57a2d4851a1d" relativeResultsDirectory="debc7b21-d9f8-4f35-b3f9-8bb6c07b8799" />
    <UnitTestResult executionId="a1ff0ba9-eef5-4e85-9dd4-f37c28514da3" testId="515905de-2da1-0621-8ddb-e60fb4ec60d5" testName="TestConstructor_ErrorDescription_Success" computerName="DKSR-EFI-06" duration="00:00:00.0002477" startTime="2024-01-09T15:40:59.8984578+01:00" endTime="2024-01-09T15:40:59.8984578+01:00" testType="13cdc9d9-ddb5-4fa4-a97d-d965ccfc6d4b" outcome="Passed" testListId="8c84fa94-04c1-424b-9868-57a2d4851a1d" relativeResultsDirectory="a1ff0ba9-eef5-4e85-9dd4-f37c28514da3" />
    <UnitTestResult executionId="4d97a8d3-4b3a-4021-af14-596267da5f46" testId="bb5aac5c-9e31-e153-955d-dda6c3cd8a29" testName="TestAttributeExists_Success" computerName="DKSR-EFI-06" duration="00:00:00.0008110" startTime="2024-01-09T15:40:59.9297082+01:00" endTime="2024-01-09T15:40:59.9297082+01:00" testType="13cdc9d9-ddb5-4fa4-a97d-d965ccfc6d4b" outcome="Passed" testListId="8c84fa94-04c1-424b-9868-57a2d4851a1d" relativeResultsDirectory="4d97a8d3-4b3a-4021-af14-596267da5f46" />
    <UnitTestResult executionId="cc4bc8aa-1121-4f51-9165-5b13c20f49b1" testId="75f1ef40-284a-e0e3-d3c6-0f3aebb56444" testName="TestConstructor_NoParameters_Success" computerName="DKSR-EFI-06" duration="00:00:00.0002473" startTime="2024-01-09T15:40:59.8672088+01:00" endTime="2024-01-09T15:40:59.8672088+01:00" testType="13cdc9d9-ddb5-4fa4-a97d-d965ccfc6d4b" outcome="Passed" testListId="8c84fa94-04c1-424b-9868-57a2d4851a1d" relativeResultsDirectory="cc4bc8aa-1121-4f51-9165-5b13c20f49b1" />
    <UnitTestResult executionId="0aa59605-c6a6-467b-9377-800c75fa9513" testId="ed8cddc5-6dad-eb4a-440b-86ac633efe46" testName="TestConstructor_ErrorDescriptionAndInnerException_Success" computerName="DKSR-EFI-06" duration="00:00:00.0002580" startTime="2024-01-09T15:40:59.9140823+01:00" endTime="2024-01-09T15:40:59.9140823+01:00" testType="13cdc9d9-ddb5-4fa4-a97d-d965ccfc6d4b" outcome="Passed" testListId="8c84fa94-04c1-424b-9868-57a2d4851a1d" relativeResultsDirectory="0aa59605-c6a6-467b-9377-800c75fa9513" />
    <UnitTestResult executionId="0b6feefa-4b7b-4d3a-a31e-b94d28cfd868" testId="93171284-da1b-6880-cab4-616aaa4da299" testName="TestConstructor_NoParameters_Success" computerName="DKSR-EFI-06" duration="00:00:00.0005300" startTime="2024-01-09T15:40:59.8672088+01:00" endTime="2024-01-09T15:40:59.8828309+01:00" testType="13cdc9d9-ddb5-4fa4-a97d-d965ccfc6d4b" outcome="Passed" testListId="8c84fa94-04c1-424b-9868-57a2d4851a1d" relativeResultsDirectory="0b6feefa-4b7b-4d3a-a31e-b94d28cfd868" />
    <UnitTestResult executionId="122d5fd5-df53-4918-a384-8902ee6d42d6" testId="009013d5-fea3-af91-9eb7-d87eadc466fd" testName="TestConstructor_ViewPointId_Success" computerName="DKSR-EFI-06" duration="00:00:00.0002999" startTime="2024-01-09T15:40:59.9297082+01:00" endTime="2024-01-09T15:40:59.9297082+01:00" testType="13cdc9d9-ddb5-4fa4-a97d-d965ccfc6d4b" outcome="Passed" testListId="8c84fa94-04c1-424b-9868-57a2d4851a1d" relativeResultsDirectory="122d5fd5-df53-4918-a384-8902ee6d42d6" />
    <UnitTestResult executionId="b79b6ced-5f0d-439f-ba10-5748245bfc36" testId="18415cb1-f30b-1a53-2bfa-913f36be6b9f" testName="TestAttributeExists_Success" computerName="DKSR-EFI-06" duration="00:00:00.0008139" startTime="2024-01-09T15:40:59.9140823+01:00" endTime="2024-01-09T15:40:59.9140823+01:00" testType="13cdc9d9-ddb5-4fa4-a97d-d965ccfc6d4b" outcome="Passed" testListId="8c84fa94-04c1-424b-9868-57a2d4851a1d" relativeResultsDirectory="b79b6ced-5f0d-439f-ba10-5748245bfc36" />
    <UnitTestResult executionId="48953626-0bb0-4d7d-bbff-b1023bc272da" testId="f0ecbe33-7074-ef18-1bfc-d58bdf57b236" testName="OnDeserializedWithValueTypes_Success" computerName="DKSR-EFI-06" duration="00:00:00.0054369" startTime="2024-01-09T15:40:59.8203319+01:00" endTime="2024-01-09T15:40:59.8359573+01:00" testType="13cdc9d9-ddb5-4fa4-a97d-d965ccfc6d4b" outcome="Passed" testListId="8c84fa94-04c1-424b-9868-57a2d4851a1d" relativeResultsDirectory="48953626-0bb0-4d7d-bbff-b1023bc272da" />
    <UnitTestResult executionId="def99bbe-a3e7-4c68-9415-668fe6265074" testId="f866f2e4-459a-2239-c4e5-97d252abda62" testName="TestConstructor_ErrorDescriptionAndViewPointId_Success" computerName="DKSR-EFI-06" duration="00:00:00.0002995" startTime="2024-01-09T15:40:59.9453345+01:00" endTime="2024-01-09T15:40:59.9453345+01:00" testType="13cdc9d9-ddb5-4fa4-a97d-d965ccfc6d4b" outcome="Passed" testListId="8c84fa94-04c1-424b-9868-57a2d4851a1d" relativeResultsDirectory="def99bbe-a3e7-4c68-9415-668fe6265074" />
    <UnitTestResult executionId="69510c6d-ec83-4150-b196-67f55f20f54f" testId="fdbae078-1446-ebe1-792d-e0a8f563a8a9" testName="TestConstructorNoParameters" computerName="DKSR-EFI-06" duration="00:00:00.0002714" startTime="2024-01-09T15:40:59.8672088+01:00" endTime="2024-01-09T15:40:59.8672088+01:00" testType="13cdc9d9-ddb5-4fa4-a97d-d965ccfc6d4b" outcome="Passed" testListId="8c84fa94-04c1-424b-9868-57a2d4851a1d" relativeResultsDirectory="69510c6d-ec83-4150-b196-67f55f20f54f" />
    <UnitTestResult executionId="1d90b9e5-3393-4d24-b949-0d779436b112" testId="6690a5e5-55ea-006e-2746-8035f4f1552a" testName="TestConstructor_ErrorDescriptionAndInnerException_Success" computerName="DKSR-EFI-06" duration="00:00:00.0002412" startTime="2024-01-09T15:40:59.9297082+01:00" endTime="2024-01-09T15:40:59.9297082+01:00" testType="13cdc9d9-ddb5-4fa4-a97d-d965ccfc6d4b" outcome="Passed" testListId="8c84fa94-04c1-424b-9868-57a2d4851a1d" relativeResultsDirectory="1d90b9e5-3393-4d24-b949-0d779436b112" />
    <UnitTestResult executionId="0019c774-2bbd-456c-b5cf-e7f06a708712" testId="7fdf6317-47f2-9ce1-b041-a711b45d1e1c" testName="TestConstructor_NoParameters_Success" computerName="DKSR-EFI-06" duration="00:00:00.0002293" startTime="2024-01-09T15:40:59.9297082+01:00" endTime="2024-01-09T15:40:59.9297082+01:00" testType="13cdc9d9-ddb5-4fa4-a97d-d965ccfc6d4b" outcome="Passed" testListId="8c84fa94-04c1-424b-9868-57a2d4851a1d" relativeResultsDirectory="0019c774-2bbd-456c-b5cf-e7f06a708712" />
    <UnitTestResult executionId="18f1f443-94dc-44af-ba24-3682de9b0d1a" testId="28373339-424d-4fa5-b1a9-7715725e7339" testName="TestAttributeExists_Success" computerName="DKSR-EFI-06" duration="00:00:00.0008757" startTime="2024-01-09T15:40:59.8672088+01:00" endTime="2024-01-09T15:40:59.8672088+01:00" testType="13cdc9d9-ddb5-4fa4-a97d-d965ccfc6d4b" outcome="Passed" testListId="8c84fa94-04c1-424b-9868-57a2d4851a1d" relativeResultsDirectory="18f1f443-94dc-44af-ba24-3682de9b0d1a" />
    <UnitTestResult executionId="7d7f6f28-c159-4633-9905-2924c33dc82b" testId="ab77c1df-4bd2-a183-5223-0cae854ab859" testName="TestConstructor_NoParameters_Success" computerName="DKSR-EFI-06" duration="00:00:00.0002293" startTime="2024-01-09T15:40:59.8984578+01:00" endTime="2024-01-09T15:40:59.8984578+01:00" testType="13cdc9d9-ddb5-4fa4-a97d-d965ccfc6d4b" outcome="Passed" testListId="8c84fa94-04c1-424b-9868-57a2d4851a1d" relativeResultsDirectory="7d7f6f28-c159-4633-9905-2924c33dc82b" />
    <UnitTestResult executionId="a23617f9-20ae-43ce-9d16-a509090ba81f" testId="8ec5d7f7-1b49-9ed3-d00e-af262c17469d" testName="TestConstructor_NoParameters_Success" computerName="DKSR-EFI-06" duration="00:00:00.0006035" startTime="2024-01-09T15:40:59.8515819+01:00" endTime="2024-01-09T15:40:59.8515819+01:00" testType="13cdc9d9-ddb5-4fa4-a97d-d965ccfc6d4b" outcome="Passed" testListId="8c84fa94-04c1-424b-9868-57a2d4851a1d" relativeResultsDirectory="a23617f9-20ae-43ce-9d16-a509090ba81f" />
    <UnitTestResult executionId="ac8c1807-2ef4-4e64-9831-2838c3f2361a" testId="d917af11-a672-fe91-a06a-ba8a57852e9c" testName="TestAttributeExists_Success" computerName="DKSR-EFI-06" duration="00:00:00.0008565" startTime="2024-01-09T15:40:59.8828309+01:00" endTime="2024-01-09T15:40:59.8828309+01:00" testType="13cdc9d9-ddb5-4fa4-a97d-d965ccfc6d4b" outcome="Passed" testListId="8c84fa94-04c1-424b-9868-57a2d4851a1d" relativeResultsDirectory="ac8c1807-2ef4-4e64-9831-2838c3f2361a" />
    <UnitTestResult executionId="198a9884-fd10-485f-ac6d-558eaefe7dd1" testId="30ca6209-6922-5367-0168-f91ffe6b8b66" testName="TestAttributeExists_Success" computerName="DKSR-EFI-06" duration="00:00:00.0031127" startTime="2024-01-09T15:40:59.8515819+01:00" endTime="2024-01-09T15:40:59.8515819+01:00" testType="13cdc9d9-ddb5-4fa4-a97d-d965ccfc6d4b" outcome="Passed" testListId="8c84fa94-04c1-424b-9868-57a2d4851a1d" relativeResultsDirectory="198a9884-fd10-485f-ac6d-558eaefe7dd1" />
    <UnitTestResult executionId="ca7d6a8d-5c98-4721-9e79-d668e7d14a77" testId="7cb257d8-1b1f-9dda-127a-c15c9b8691a4" testName="TestConstructor_ErrorDescription_Success" computerName="DKSR-EFI-06" duration="00:00:00.0001959" startTime="2024-01-09T15:40:59.8984578+01:00" endTime="2024-01-09T15:40:59.8984578+01:00" testType="13cdc9d9-ddb5-4fa4-a97d-d965ccfc6d4b" outcome="Passed" testListId="8c84fa94-04c1-424b-9868-57a2d4851a1d" relativeResultsDirectory="ca7d6a8d-5c98-4721-9e79-d668e7d14a77" />
    <UnitTestResult executionId="e805a5e9-d8ef-4b05-8c76-ab96319f403f" testId="fb6f57a1-5272-f30b-b7e2-9c0ad25cd45b" testName="LayerModifiersUtil_IsGeographic_Read_Success" computerName="DKSR-EFI-06" duration="00:00:00.0003248" startTime="2024-01-09T15:40:59.7578314+01:00" endTime="2024-01-09T15:40:59.7578314+01:00" testType="13cdc9d9-ddb5-4fa4-a97d-d965ccfc6d4b" outcome="Passed" testListId="8c84fa94-04c1-424b-9868-57a2d4851a1d" relativeResultsDirectory="e805a5e9-d8ef-4b05-8c76-ab96319f403f" />
    <UnitTestResult executionId="bb89e596-858d-4e61-9923-8c17e88ee39a" testId="cd7c1d30-7ea9-63a7-fa29-5d82a1c54c46" testName="TestConstructor_BuildingId_Success" computerName="DKSR-EFI-06" duration="00:00:00.0004017" startTime="2024-01-09T15:40:59.8515819+01:00" endTime="2024-01-09T15:40:59.8515819+01:00" testType="13cdc9d9-ddb5-4fa4-a97d-d965ccfc6d4b" outcome="Passed" testListId="8c84fa94-04c1-424b-9868-57a2d4851a1d" relativeResultsDirectory="bb89e596-858d-4e61-9923-8c17e88ee39a" />
    <UnitTestResult executionId="f05fde46-199e-4144-ab19-045c393263c5" testId="26db9ca3-2a8f-4ae7-4a54-9eb6f6f69514" testName="TestAttributeExists_Success" computerName="DKSR-EFI-06" duration="00:00:00.0007886" startTime="2024-01-09T15:40:59.9140823+01:00" endTime="2024-01-09T15:40:59.9140823+01:00" testType="13cdc9d9-ddb5-4fa4-a97d-d965ccfc6d4b" outcome="Passed" testListId="8c84fa94-04c1-424b-9868-57a2d4851a1d" relativeResultsDirectory="f05fde46-199e-4144-ab19-045c393263c5" />
    <UnitTestResult executionId="e6e362e7-e2a6-4667-a598-7fa8cd8abace" testId="cf2a7e04-e15f-02bb-c084-691a39b49b93" testName="TestAttributeExists_Success" computerName="DKSR-EFI-06" duration="00:00:00.0009069" startTime="2024-01-09T15:40:59.9140823+01:00" endTime="2024-01-09T15:40:59.9140823+01:00" testType="13cdc9d9-ddb5-4fa4-a97d-d965ccfc6d4b" outcome="Passed" testListId="8c84fa94-04c1-424b-9868-57a2d4851a1d" relativeResultsDirectory="e6e362e7-e2a6-4667-a598-7fa8cd8abace" />
    <UnitTestResult executionId="c6e4c961-c240-48a0-93af-6ed91e30895a" testId="b549e11e-725c-0230-e06a-a9771680cc9f" testName="TestConstructor_ErrorDescription_Success" computerName="DKSR-EFI-06" duration="00:00:00.0001843" startTime="2024-01-09T15:40:59.8672088+01:00" endTime="2024-01-09T15:40:59.8672088+01:00" testType="13cdc9d9-ddb5-4fa4-a97d-d965ccfc6d4b" outcome="Passed" testListId="8c84fa94-04c1-424b-9868-57a2d4851a1d" relativeResultsDirectory="c6e4c961-c240-48a0-93af-6ed91e30895a" />
    <UnitTestResult executionId="5de21f7c-14e9-4e3e-aeb9-ffc825cf63ce" testId="b8c1d960-d981-e959-4b75-35666a309479" testName="OnSerializingWithNullStringRefrenceTypes_Success" computerName="DKSR-EFI-06" duration="00:00:00.0002869" startTime="2024-01-09T15:40:59.8047062+01:00" endTime="2024-01-09T15:40:59.8047062+01:00" testType="13cdc9d9-ddb5-4fa4-a97d-d965ccfc6d4b" outcome="Passed" testListId="8c84fa94-04c1-424b-9868-57a2d4851a1d" relativeResultsDirectory="5de21f7c-14e9-4e3e-aeb9-ffc825cf63ce" />
    <UnitTestResult executionId="840e48a6-4f6e-4571-a1aa-4cf739273554" testId="d25606fa-1c10-0505-7905-5091ccf60f29" testName="TestConstructor_ErrorDescription_Success" computerName="DKSR-EFI-06" duration="00:00:00.0001910" startTime="2024-01-09T15:40:59.9453345+01:00" endTime="2024-01-09T15:40:59.9453345+01:00" testType="13cdc9d9-ddb5-4fa4-a97d-d965ccfc6d4b" outcome="Passed" testListId="8c84fa94-04c1-424b-9868-57a2d4851a1d" relativeResultsDirectory="840e48a6-4f6e-4571-a1aa-4cf739273554" />
    <UnitTestResult executionId="ddbfda43-c3aa-43d0-a402-be059254d462" testId="48a63da7-c29c-2c58-db40-489bb2805b1d" testName="OnSerializingWithClassArrayContainerNull" computerName="DKSR-EFI-06" duration="00:00:00.0020018" startTime="2024-01-09T15:40:59.8203319+01:00" endTime="2024-01-09T15:40:59.8203319+01:00" testType="13cdc9d9-ddb5-4fa4-a97d-d965ccfc6d4b" outcome="Passed" testListId="8c84fa94-04c1-424b-9868-57a2d4851a1d" relativeResultsDirectory="ddbfda43-c3aa-43d0-a402-be059254d462" />
    <UnitTestResult executionId="63c8aa48-c2bf-4fbe-8670-965e12abad12" testId="94e7edba-670f-d7b7-71b5-b01347d8f1f1" testName="OnDeserializedWithUnknownNullObject_Success" computerName="DKSR-EFI-06" duration="00:00:00.0006465" startTime="2024-01-09T15:40:59.8359573+01:00" endTime="2024-01-09T15:40:59.8359573+01:00" testType="13cdc9d9-ddb5-4fa4-a97d-d965ccfc6d4b" outcome="Passed" testListId="8c84fa94-04c1-424b-9868-57a2d4851a1d" relativeResultsDirectory="63c8aa48-c2bf-4fbe-8670-965e12abad12" />
    <UnitTestResult executionId="17518faf-ba53-4151-a6fe-95da6453601e" testId="4ba8d0a6-7295-4098-c411-171f633d93a1" testName="TestConstructor_ErrorDescriptionAndInnerException_Success" computerName="DKSR-EFI-06" duration="00:00:00.0003745" startTime="2024-01-09T15:40:59.8515819+01:00" endTime="2024-01-09T15:40:59.8515819+01:00" testType="13cdc9d9-ddb5-4fa4-a97d-d965ccfc6d4b" outcome="Passed" testListId="8c84fa94-04c1-424b-9868-57a2d4851a1d" relativeResultsDirectory="17518faf-ba53-4151-a6fe-95da6453601e" />
    <UnitTestResult executionId="715bc66a-989f-49a5-9418-1e3567ed10cb" testId="d8302d20-c4fe-706a-b731-5d3573ae6958" testName="OnDeserializedWithArrayStringRefrenceTypes_Success" computerName="DKSR-EFI-06" duration="00:00:00.0005670" startTime="2024-01-09T15:40:59.8359573+01:00" endTime="2024-01-09T15:40:59.8359573+01:00" testType="13cdc9d9-ddb5-4fa4-a97d-d965ccfc6d4b" outcome="Passed" testListId="8c84fa94-04c1-424b-9868-57a2d4851a1d" relativeResultsDirectory="715bc66a-989f-49a5-9418-1e3567ed10cb" />
    <UnitTestResult executionId="63871b30-9e24-4d69-ae20-74000f53d72b" testId="743ebe21-74d1-294d-ab97-8ad88d88a47a" testName="TestConstructorErrorDescriptionAndInnerException" computerName="DKSR-EFI-06" duration="00:00:00.0002537" startTime="2024-01-09T15:40:59.8672088+01:00" endTime="2024-01-09T15:40:59.8672088+01:00" testType="13cdc9d9-ddb5-4fa4-a97d-d965ccfc6d4b" outcome="Passed" testListId="8c84fa94-04c1-424b-9868-57a2d4851a1d" relativeResultsDirectory="63871b30-9e24-4d69-ae20-74000f53d72b" />
    <UnitTestResult executionId="1e5500d9-430f-42c3-89ba-1d7a549ec2c3" testId="3b6c1610-deaf-f64a-248d-1d720f04042d" testName="TestConstructor_ErrorDescriptionAndInnerException_Success" computerName="DKSR-EFI-06" duration="00:00:00.0002491" startTime="2024-01-09T15:40:59.8828309+01:00" endTime="2024-01-09T15:40:59.8828309+01:00" testType="13cdc9d9-ddb5-4fa4-a97d-d965ccfc6d4b" outcome="Passed" testListId="8c84fa94-04c1-424b-9868-57a2d4851a1d" relativeResultsDirectory="1e5500d9-430f-42c3-89ba-1d7a549ec2c3" />
    <UnitTestResult executionId="7d727fb7-a958-4b4e-96bc-6d3c609b9b9b" testId="62159787-4524-b94c-85db-4443daf6e58b" testName="TestConstructor_ErrorDescriptionAndBuildingId_Success" computerName="DKSR-EFI-06" duration="00:00:00.0002920" startTime="2024-01-09T15:40:59.8515819+01:00" endTime="2024-01-09T15:40:59.8515819+01:00" testType="13cdc9d9-ddb5-4fa4-a97d-d965ccfc6d4b" outcome="Passed" testListId="8c84fa94-04c1-424b-9868-57a2d4851a1d" relativeResultsDirectory="7d727fb7-a958-4b4e-96bc-6d3c609b9b9b" />
    <UnitTestResult executionId="cc866bfc-4ffd-47d9-8096-a346f8539eed" testId="9cb65467-c4f2-4545-39c9-b37964cf6c6f" testName="TestCopyMatchingProperties_Type1NotSourceType_Failure" computerName="DKSR-EFI-06" duration="00:00:00.0034547" startTime="2024-01-09T15:40:59.7578314+01:00" endTime="2024-01-09T15:40:59.7578314+01:00" testType="13cdc9d9-ddb5-4fa4-a97d-d965ccfc6d4b" outcome="Passed" testListId="8c84fa94-04c1-424b-9868-57a2d4851a1d" relativeResultsDirectory="cc866bfc-4ffd-47d9-8096-a346f8539eed" />
    <UnitTestResult executionId="d2eeb22d-3b40-40fa-b946-d8c0c7437948" testId="097e3290-628c-79f1-298b-e467814955d1" testName="TestConstructor_ErrorDescription_Success" computerName="DKSR-EFI-06" duration="00:00:00.0001778" startTime="2024-01-09T15:40:59.9297082+01:00" endTime="2024-01-09T15:40:59.9297082+01:00" testType="13cdc9d9-ddb5-4fa4-a97d-d965ccfc6d4b" outcome="Passed" testListId="8c84fa94-04c1-424b-9868-57a2d4851a1d" relativeResultsDirectory="d2eeb22d-3b40-40fa-b946-d8c0c7437948" />
    <UnitTestResult executionId="4019826f-72cd-4b12-bab5-875fccfec0a7" testId="c9415fb6-cb2e-6ac6-43df-04839a7158f5" testName="TestCopyMatchingProperties_CopyInheritedType1PropertiesToType2_Success" computerName="DKSR-EFI-06" duration="00:00:00.0196353" startTime="2024-01-09T15:40:59.6640833+01:00" endTime="2024-01-09T15:40:59.7265824+01:00" testType="13cdc9d9-ddb5-4fa4-a97d-d965ccfc6d4b" outcome="Passed" testListId="8c84fa94-04c1-424b-9868-57a2d4851a1d" relativeResultsDirectory="4019826f-72cd-4b12-bab5-875fccfec0a7" />
    <UnitTestResult executionId="32911db2-fc2f-4a3e-95ff-7b437c219513" testId="c34e4386-ca6b-97c5-aead-09efd148f3b6" testName="TestAttributeExists_Success" computerName="DKSR-EFI-06" duration="00:00:00.0008346" startTime="2024-01-09T15:40:59.8672088+01:00" endTime="2024-01-09T15:40:59.8672088+01:00" testType="13cdc9d9-ddb5-4fa4-a97d-d965ccfc6d4b" outcome="Passed" testListId="8c84fa94-04c1-424b-9868-57a2d4851a1d" relativeResultsDirectory="32911db2-fc2f-4a3e-95ff-7b437c219513" />
    <UnitTestResult executionId="06930e92-20af-4f3f-a373-e84705a002c5" testId="f0b76e53-cc7c-7748-9728-6daa9ee04def" testName="OnDeserializedWithNullStringRefrenceTypes_Success" computerName="DKSR-EFI-06" duration="00:00:00.0002321" startTime="2024-01-09T15:40:59.8359573+01:00" endTime="2024-01-09T15:40:59.8359573+01:00" testType="13cdc9d9-ddb5-4fa4-a97d-d965ccfc6d4b" outcome="Passed" testListId="8c84fa94-04c1-424b-9868-57a2d4851a1d" relativeResultsDirectory="06930e92-20af-4f3f-a373-e84705a002c5" />
    <UnitTestResult executionId="6007cef8-a9c8-42a4-943b-757a1ca48955" testId="aff77587-7ac4-ac64-887e-62e1feb1af7e" testName="TestConstructor_ErrorDescriptionInnerExceptionAndBuildingId_Success" computerName="DKSR-EFI-06" duration="00:00:00.0003702" startTime="2024-01-09T15:40:59.8984578+01:00" endTime="2024-01-09T15:40:59.8984578+01:00" testType="13cdc9d9-ddb5-4fa4-a97d-d965ccfc6d4b" outcome="Passed" testListId="8c84fa94-04c1-424b-9868-57a2d4851a1d" relativeResultsDirectory="6007cef8-a9c8-42a4-943b-757a1ca48955" />
    <UnitTestResult executionId="ea7785b3-cb4b-4c3c-8a69-1038c4576615" testId="e19062c1-4f6f-d433-b9ca-3855fc1e7bab" testName="TestAttributeExists_Success" computerName="DKSR-EFI-06" duration="00:00:00.0008522" startTime="2024-01-09T15:40:59.9297082+01:00" endTime="2024-01-09T15:40:59.9297082+01:00" testType="13cdc9d9-ddb5-4fa4-a97d-d965ccfc6d4b" outcome="Passed" testListId="8c84fa94-04c1-424b-9868-57a2d4851a1d" relativeResultsDirectory="ea7785b3-cb4b-4c3c-8a69-1038c4576615" />
    <UnitTestResult executionId="1e0a58c2-bf94-4902-b1d8-8a8b9ee3a575" testId="fb04c5d9-1ddd-1523-6d2a-09af016fb134" testName="TestAttributeExists_Success" computerName="DKSR-EFI-06" duration="00:00:00.0007576" startTime="2024-01-09T15:40:59.9297082+01:00" endTime="2024-01-09T15:40:59.9297082+01:00" testType="13cdc9d9-ddb5-4fa4-a97d-d965ccfc6d4b" outcome="Passed" testListId="8c84fa94-04c1-424b-9868-57a2d4851a1d" relativeResultsDirectory="1e0a58c2-bf94-4902-b1d8-8a8b9ee3a575" />
    <UnitTestResult executionId="3c9e3157-b075-4ff8-9317-bdb6465e5453" testId="7a13931a-2a57-dd25-3394-5b0fba70fbfc" testName="TestConstructor_ErrorDescriptionAndInnerException_Success" computerName="DKSR-EFI-06" duration="00:00:00.0002718" startTime="2024-01-09T15:40:59.8672088+01:00" endTime="2024-01-09T15:40:59.8672088+01:00" testType="13cdc9d9-ddb5-4fa4-a97d-d965ccfc6d4b" outcome="Passed" testListId="8c84fa94-04c1-424b-9868-57a2d4851a1d" relativeResultsDirectory="3c9e3157-b075-4ff8-9317-bdb6465e5453" />
    <UnitTestResult executionId="3dd10df2-67ef-4662-a921-1099ff532a93" testId="0a229a26-16c6-8d4d-d95d-c83efc70ac1c" testName="OnSerializingWithUnknownValueTypeRootLevel_Success" computerName="DKSR-EFI-06" duration="00:00:00.0008870" startTime="2024-01-09T15:40:59.8203319+01:00" endTime="2024-01-09T15:40:59.8203319+01:00" testType="13cdc9d9-ddb5-4fa4-a97d-d965ccfc6d4b" outcome="Passed" testListId="8c84fa94-04c1-424b-9868-57a2d4851a1d" relativeResultsDirectory="3dd10df2-67ef-4662-a921-1099ff532a93" />
    <UnitTestResult executionId="341f8d53-8720-4790-9fae-a041c107f0f9" testId="f0945819-a243-b646-8f75-0e857c4da7fc" testName="TestCopyMatchingProperties_CopyDeclaredOnlyType1PropertiesToType2_Success" computerName="DKSR-EFI-06" duration="00:00:00.0012453" startTime="2024-01-09T15:40:59.7578314+01:00" endTime="2024-01-09T15:40:59.7578314+01:00" testType="13cdc9d9-ddb5-4fa4-a97d-d965ccfc6d4b" outcome="Passed" testListId="8c84fa94-04c1-424b-9868-57a2d4851a1d" relativeResultsDirectory="341f8d53-8720-4790-9fae-a041c107f0f9" />
    <UnitTestResult executionId="3452d99a-c168-4cca-9db7-083774345822" testId="4d5ffecd-1cb6-cd68-defe-d419264f867e" testName="TestConstructor_MapId_Success" computerName="DKSR-EFI-06" duration="00:00:00.0003093" startTime="2024-01-09T15:40:59.8984578+01:00" endTime="2024-01-09T15:40:59.8984578+01:00" testType="13cdc9d9-ddb5-4fa4-a97d-d965ccfc6d4b" outcome="Passed" testListId="8c84fa94-04c1-424b-9868-57a2d4851a1d" relativeResultsDirectory="3452d99a-c168-4cca-9db7-083774345822" />
    <UnitTestResult executionId="e92da985-de00-4773-8c86-194baec3b486" testId="db84b391-2083-9181-608b-6ae459a74b14" testName="OnSerializingWithStringRefrenceTypes_Success" computerName="DKSR-EFI-06" duration="00:00:00.0005965" startTime="2024-01-09T15:40:59.8047062+01:00" endTime="2024-01-09T15:40:59.8047062+01:00" testType="13cdc9d9-ddb5-4fa4-a97d-d965ccfc6d4b" outcome="Passed" testListId="8c84fa94-04c1-424b-9868-57a2d4851a1d" relativeResultsDirectory="e92da985-de00-4773-8c86-194baec3b486" />
    <UnitTestResult executionId="48939ebe-d190-4f12-88d9-00d59d807e78" testId="7fa5a87a-7b24-fd57-18b1-2703a72bb8b3" testName="TestConstructor_ErrorDescription_Success" computerName="DKSR-EFI-06" duration="00:00:00.0002039" startTime="2024-01-09T15:40:59.8515819+01:00" endTime="2024-01-09T15:40:59.8515819+01:00" testType="13cdc9d9-ddb5-4fa4-a97d-d965ccfc6d4b" outcome="Passed" testListId="8c84fa94-04c1-424b-9868-57a2d4851a1d" relativeResultsDirectory="48939ebe-d190-4f12-88d9-00d59d807e78" />
    <UnitTestResult executionId="a358fba8-0e0b-4f54-a415-980db57c2ec6" testId="d6d917e7-2336-9291-8c8f-e7abd98f970a" testName="TestConstructor_ErrorDescription_Success" computerName="DKSR-EFI-06" duration="00:00:00.0002435" startTime="2024-01-09T15:40:59.8828309+01:00" endTime="2024-01-09T15:40:59.8828309+01:00" testType="13cdc9d9-ddb5-4fa4-a97d-d965ccfc6d4b" outcome="Passed" testListId="8c84fa94-04c1-424b-9868-57a2d4851a1d" relativeResultsDirectory="a358fba8-0e0b-4f54-a415-980db57c2ec6" />
    <UnitTestResult executionId="d893523d-1e7b-49fd-bf55-bd37797186c0" testId="f48319ab-decd-3d5b-168c-0dab4b1ab9bf" testName="TestConstructor_ErrorDescriptionAndInnerException_Success" computerName="DKSR-EFI-06" duration="00:00:00.0002620" startTime="2024-01-09T15:40:59.9453345+01:00" endTime="2024-01-09T15:40:59.9453345+01:00" testType="13cdc9d9-ddb5-4fa4-a97d-d965ccfc6d4b" outcome="Passed" testListId="8c84fa94-04c1-424b-9868-57a2d4851a1d" relativeResultsDirectory="d893523d-1e7b-49fd-bf55-bd37797186c0" />
    <UnitTestResult executionId="d4ab76e3-a24e-401d-837b-629d3e9248c8" testId="da74c1fb-d050-254a-d8cd-b13361d66545" testName="TestAttributeExists_Success" computerName="DKSR-EFI-06" duration="00:00:00.0008914" startTime="2024-01-09T15:40:59.8984578+01:00" endTime="2024-01-09T15:40:59.8984578+01:00" testType="13cdc9d9-ddb5-4fa4-a97d-d965ccfc6d4b" outcome="Passed" testListId="8c84fa94-04c1-424b-9868-57a2d4851a1d" relativeResultsDirectory="d4ab76e3-a24e-401d-837b-629d3e9248c8" />
    <UnitTestResult executionId="8d7b2b0e-77e3-4333-b022-b5071ac03c32" testId="20aebe3e-4510-5727-c483-614a7d667a4e" testName="TestConstructor_ErrorDescriptionAndInnerException_Success" computerName="DKSR-EFI-06" duration="00:00:00.0002503" startTime="2024-01-09T15:40:59.8984578+01:00" endTime="2024-01-09T15:40:59.8984578+01:00" testType="13cdc9d9-ddb5-4fa4-a97d-d965ccfc6d4b" outcome="Passed" testListId="8c84fa94-04c1-424b-9868-57a2d4851a1d" relativeResultsDirectory="8d7b2b0e-77e3-4333-b022-b5071ac03c32" />
    <UnitTestResult executionId="7901ebc0-5141-4f4a-890c-58b0fa4955d6" testId="fa67df6a-d136-6eec-393d-ec4a305abe26" testName="TestConstructor_ErrorDescriptionAndInnerException_Success" computerName="DKSR-EFI-06" duration="00:00:00.0002419" startTime="2024-01-09T15:40:59.9297082+01:00" endTime="2024-01-09T15:40:59.9297082+01:00" testType="13cdc9d9-ddb5-4fa4-a97d-d965ccfc6d4b" outcome="Passed" testListId="8c84fa94-04c1-424b-9868-57a2d4851a1d" relativeResultsDirectory="7901ebc0-5141-4f4a-890c-58b0fa4955d6" />
    <UnitTestResult executionId="a3e20a76-bd6d-4f0f-a062-c7fc5556c5d3" testId="89db94f9-da05-009a-fdcf-deff6b001e66" testName="TestConstructor_NoParameters_Success" computerName="DKSR-EFI-06" duration="00:00:00.0002479" startTime="2024-01-09T15:40:59.9297082+01:00" endTime="2024-01-09T15:40:59.9297082+01:00" testType="13cdc9d9-ddb5-4fa4-a97d-d965ccfc6d4b" outcome="Passed" testListId="8c84fa94-04c1-424b-9868-57a2d4851a1d" relativeResultsDirectory="a3e20a76-bd6d-4f0f-a062-c7fc5556c5d3" />
    <UnitTestResult executionId="c10ff1fa-60d0-41dd-84d4-95c5404682fb" testId="8b101637-b7dd-d631-f32d-e18673f192b9" testName="TestConstructor_ErrorDescriptionInnerExceptionAndItemId_Success" computerName="DKSR-EFI-06" duration="00:00:00.0004599" startTime="2024-01-09T15:40:59.8828309+01:00" endTime="2024-01-09T15:40:59.8828309+01:00" testType="13cdc9d9-ddb5-4fa4-a97d-d965ccfc6d4b" outcome="Passed" testListId="8c84fa94-04c1-424b-9868-57a2d4851a1d" relativeResultsDirectory="c10ff1fa-60d0-41dd-84d4-95c5404682fb" />
    <UnitTestResult executionId="e93dd2b3-5462-44b9-9e4b-cd2c66b40a6c" testId="e70f68ca-ac2d-b0ec-750e-39f788b4a0d7" testName="TestConstructor_ErrorDescriptionAndInnerException_Success" computerName="DKSR-EFI-06" duration="00:00:00.0003056" startTime="2024-01-09T15:40:59.9453345+01:00" endTime="2024-01-09T15:40:59.9453345+01:00" testType="13cdc9d9-ddb5-4fa4-a97d-d965ccfc6d4b" outcome="Passed" testListId="8c84fa94-04c1-424b-9868-57a2d4851a1d" relativeResultsDirectory="e93dd2b3-5462-44b9-9e4b-cd2c66b40a6c" />
    <UnitTestResult executionId="7259e634-c781-4f0c-acd5-11ed01ead128" testId="e8e7b6ff-daa9-9553-3f18-d1e9c2a386bb" testName="TestConstructor_ErrorDescriptionAndInnerException_Success" computerName="DKSR-EFI-06" duration="00:00:00.0002675" startTime="2024-01-09T15:40:59.9140823+01:00" endTime="2024-01-09T15:40:59.9140823+01:00" testType="13cdc9d9-ddb5-4fa4-a97d-d965ccfc6d4b" outcome="Passed" testListId="8c84fa94-04c1-424b-9868-57a2d4851a1d" relativeResultsDirectory="7259e634-c781-4f0c-acd5-11ed01ead128" />
    <UnitTestResult executionId="3755caa6-b825-43d9-b772-8aa3161bea14" testId="3e3de984-b158-332c-9e83-071b2fd89bb7" testName="TestConstructor_ErrorDescriptionAndInnerException_Success" computerName="DKSR-EFI-06" duration="00:00:00.0002506" startTime="2024-01-09T15:40:59.8828309+01:00" endTime="2024-01-09T15:40:59.8828309+01:00" testType="13cdc9d9-ddb5-4fa4-a97d-d965ccfc6d4b" outcome="Passed" testListId="8c84fa94-04c1-424b-9868-57a2d4851a1d" relativeResultsDirectory="3755caa6-b825-43d9-b772-8aa3161bea14" />
    <UnitTestResult executionId="f4fae054-90ff-4ffc-97c5-52b3ef1a7dfd" testId="1e951778-088f-2cbf-a7ac-7b524963ef42" testName="TestConstructor_NoParameters_Success" computerName="DKSR-EFI-06" duration="00:00:00.0002373" startTime="2024-01-09T15:40:59.9140823+01:00" endTime="2024-01-09T15:40:59.9140823+01:00" testType="13cdc9d9-ddb5-4fa4-a97d-d965ccfc6d4b" outcome="Passed" testListId="8c84fa94-04c1-424b-9868-57a2d4851a1d" relativeResultsDirectory="f4fae054-90ff-4ffc-97c5-52b3ef1a7dfd" />
    <UnitTestResult executionId="b97e4cb2-cea5-470f-9f1d-bdf689fc2aaf" testId="bd2fe3ac-2647-e36c-5c07-a95ef84f3351" testName="TestConstructor_NoParameters_Success" computerName="DKSR-EFI-06" duration="00:00:00.0004053" startTime="2024-01-09T15:40:59.9297082+01:00" endTime="2024-01-09T15:40:59.9297082+01:00" testType="13cdc9d9-ddb5-4fa4-a97d-d965ccfc6d4b" outcome="Passed" testListId="8c84fa94-04c1-424b-9868-57a2d4851a1d" relativeResultsDirectory="b97e4cb2-cea5-470f-9f1d-bdf689fc2aaf" />
    <UnitTestResult executionId="0b15b7ee-29b3-4241-ade5-6b2488c7dd9d" testId="d05d989c-c6be-219d-c885-3eb3552876d5" testName="OnSerializingClassPropertyFullTree_Success" computerName="DKSR-EFI-06" duration="00:00:00.0074582" startTime="2024-01-09T15:40:59.8047062+01:00" endTime="2024-01-09T15:40:59.8203319+01:00" testType="13cdc9d9-ddb5-4fa4-a97d-d965ccfc6d4b" outcome="Passed" testListId="8c84fa94-04c1-424b-9868-57a2d4851a1d" relativeResultsDirectory="0b15b7ee-29b3-4241-ade5-6b2488c7dd9d" />
    <UnitTestResult executionId="0d466221-a1b9-49c4-83c2-88027cb5c272" testId="20dc8e45-031a-2048-62d0-602902b8d973" testName="TestCopyMatchingProperties_CopyInheritedType2PropertiesToType1_Success" computerName="DKSR-EFI-06" duration="00:00:00.0018011" startTime="2024-01-09T15:40:59.7578314+01:00" endTime="2024-01-09T15:40:59.7578314+01:00" testType="13cdc9d9-ddb5-4fa4-a97d-d965ccfc6d4b" outcome="Passed" testListId="8c84fa94-04c1-424b-9868-57a2d4851a1d" relativeResultsDirectory="0d466221-a1b9-49c4-83c2-88027cb5c272" />
    <UnitTestResult executionId="ecc2dc4e-b369-40f0-80ca-3fef8010c7d9" testId="a55ddb66-42e1-5812-aeda-1ccb1a6ac5e6" testName="TestConstructor_NoParameters_Success" computerName="DKSR-EFI-06" duration="00:00:00.0004165" startTime="2024-01-09T15:40:59.8984578+01:00" endTime="2024-01-09T15:40:59.8984578+01:00" testType="13cdc9d9-ddb5-4fa4-a97d-d965ccfc6d4b" outcome="Passed" testListId="8c84fa94-04c1-424b-9868-57a2d4851a1d" relativeResultsDirectory="ecc2dc4e-b369-40f0-80ca-3fef8010c7d9" />
    <UnitTestResult executionId="69619df5-2655-4eec-877b-59d4e8f8ab8c" testId="e381c0fb-5353-6eeb-9f97-490140e80ec5" testName="TestConstructor_LayerId_Success" computerName="DKSR-EFI-06" duration="00:00:00.0002787" startTime="2024-01-09T15:40:59.8828309+01:00" endTime="2024-01-09T15:40:59.8828309+01:00" testType="13cdc9d9-ddb5-4fa4-a97d-d965ccfc6d4b" outcome="Passed" testListId="8c84fa94-04c1-424b-9868-57a2d4851a1d" relativeResultsDirectory="69619df5-2655-4eec-877b-59d4e8f8ab8c" />
    <UnitTestResult executionId="fb024204-ab8a-4846-98db-435fa6f3e2fe" testId="65839743-eedc-7435-519f-96be683d749b" testName="TestConstructor_NoParameters_Success" computerName="DKSR-EFI-06" duration="00:00:00.0002479" startTime="2024-01-09T15:40:59.8828309+01:00" endTime="2024-01-09T15:40:59.8828309+01:00" testType="13cdc9d9-ddb5-4fa4-a97d-d965ccfc6d4b" outcome="Passed" testListId="8c84fa94-04c1-424b-9868-57a2d4851a1d" relativeResultsDirectory="fb024204-ab8a-4846-98db-435fa6f3e2fe" />
    <UnitTestResult executionId="8a2f22eb-c7d4-440b-9599-34aec15a1f10" testId="2e892999-add2-3a86-61f4-f822b68e1788" testName="TestConstructor_ErrorDescriptionAndInnerException_Success" computerName="DKSR-EFI-06" duration="00:00:00.0002474" startTime="2024-01-09T15:40:59.9140823+01:00" endTime="2024-01-09T15:40:59.9140823+01:00" testType="13cdc9d9-ddb5-4fa4-a97d-d965ccfc6d4b" outcome="Passed" testListId="8c84fa94-04c1-424b-9868-57a2d4851a1d" relativeResultsDirectory="8a2f22eb-c7d4-440b-9599-34aec15a1f10" />
    <UnitTestResult executionId="8d5fc7d0-66e2-485c-bd9e-f44ddae119e2" testId="3780b401-471f-5e39-74d3-5034ce8d6175" testName="TestConstructor_ErrorDescriptionAndInnerException_Success" computerName="DKSR-EFI-06" duration="00:00:00.0002316" startTime="2024-01-09T15:40:59.9297082+01:00" endTime="2024-01-09T15:40:59.9297082+01:00" testType="13cdc9d9-ddb5-4fa4-a97d-d965ccfc6d4b" outcome="Passed" testListId="8c84fa94-04c1-424b-9868-57a2d4851a1d" relativeResultsDirectory="8d5fc7d0-66e2-485c-bd9e-f44ddae119e2" />
    <UnitTestResult executionId="b489bb98-a164-4d8f-ba35-52db599b3097" testId="dca047c4-a1d1-64c8-21df-94b21d4d1b0a" testName="TestAttributeExists_Success" computerName="DKSR-EFI-06" duration="00:00:00.0008389" startTime="2024-01-09T15:40:59.8672088+01:00" endTime="2024-01-09T15:40:59.8672088+01:00" testType="13cdc9d9-ddb5-4fa4-a97d-d965ccfc6d4b" outcome="Passed" testListId="8c84fa94-04c1-424b-9868-57a2d4851a1d" relativeResultsDirectory="b489bb98-a164-4d8f-ba35-52db599b3097" />
    <UnitTestResult executionId="e0912b38-7224-4937-adbc-a99649f2e281" testId="4975163f-e2a2-98dd-c14a-2c4a0100004f" testName="TestConstructor_NoParameters_Success" computerName="DKSR-EFI-06" duration="00:00:00.0002167" startTime="2024-01-09T15:40:59.9297082+01:00" endTime="2024-01-09T15:40:59.9297082+01:00" testType="13cdc9d9-ddb5-4fa4-a97d-d965ccfc6d4b" outcome="Passed" testListId="8c84fa94-04c1-424b-9868-57a2d4851a1d" relativeResultsDirectory="e0912b38-7224-4937-adbc-a99649f2e281" />
    <UnitTestResult executionId="73145673-6e5a-4693-a927-52ea3cfce64d" testId="3d3e5d00-fe6d-eaa1-184f-d87c1b5b6276" testName="TestCopyMatchingProperties_CopyDeclaredOnlyType2PropertiesToType1_Success" computerName="DKSR-EFI-06" duration="00:00:00.0011573" startTime="2024-01-09T15:40:59.7578314+01:00" endTime="2024-01-09T15:40:59.7578314+01:00" testType="13cdc9d9-ddb5-4fa4-a97d-d965ccfc6d4b" outcome="Passed" testListId="8c84fa94-04c1-424b-9868-57a2d4851a1d" relativeResultsDirectory="73145673-6e5a-4693-a927-52ea3cfce64d" />
    <UnitTestResult executionId="4d16a5ab-67bb-45f3-a025-715fc6b04f56" testId="e3c31892-5554-b114-2cec-c85e1c2bc61c" testName="TestConstructor_ErrorDescriptionAndMapId_Success" computerName="DKSR-EFI-06" duration="00:00:00.0003124" startTime="2024-01-09T15:40:59.8984578+01:00" endTime="2024-01-09T15:40:59.8984578+01:00" testType="13cdc9d9-ddb5-4fa4-a97d-d965ccfc6d4b" outcome="Passed" testListId="8c84fa94-04c1-424b-9868-57a2d4851a1d" relativeResultsDirectory="4d16a5ab-67bb-45f3-a025-715fc6b04f56" />
    <UnitTestResult executionId="f6a80361-a87a-4706-95c8-d6eb8f7e51b6" testId="11dc1696-abf2-582d-6c14-3c3ec02b0b90" testName="TestConstructor_ErrorDescription_Success" computerName="DKSR-EFI-06" duration="00:00:00.0001871" startTime="2024-01-09T15:40:59.8672088+01:00" endTime="2024-01-09T15:40:59.8672088+01:00" testType="13cdc9d9-ddb5-4fa4-a97d-d965ccfc6d4b" outcome="Passed" testListId="8c84fa94-04c1-424b-9868-57a2d4851a1d" relativeResultsDirectory="f6a80361-a87a-4706-95c8-d6eb8f7e51b6" />
    <UnitTestResult executionId="29728075-cab8-48c9-a136-42886940b980" testId="e57e473b-308f-633f-28db-c08e7fd00576" testName="TestAttributeExists_Success" computerName="DKSR-EFI-06" duration="00:00:00.0008078" startTime="2024-01-09T15:40:59.9297082+01:00" endTime="2024-01-09T15:40:59.9297082+01:00" testType="13cdc9d9-ddb5-4fa4-a97d-d965ccfc6d4b" outcome="Passed" testListId="8c84fa94-04c1-424b-9868-57a2d4851a1d" relativeResultsDirectory="29728075-cab8-48c9-a136-42886940b980" />
    <UnitTestResult executionId="aa299c1a-1295-4f8a-8a45-2650e2805839" testId="184a3a51-f871-d2ab-a74c-c3bd6163228d" testName="TestConstructor_NoParameters_Success" computerName="DKSR-EFI-06" duration="00:00:00.0004204" startTime="2024-01-09T15:40:59.8828309+01:00" endTime="2024-01-09T15:40:59.8828309+01:00" testType="13cdc9d9-ddb5-4fa4-a97d-d965ccfc6d4b" outcome="Passed" testListId="8c84fa94-04c1-424b-9868-57a2d4851a1d" relativeResultsDirectory="aa299c1a-1295-4f8a-8a45-2650e2805839" />
    <UnitTestResult executionId="e749a809-ac9c-4a01-a8c3-c24d9fcd9048" testId="28c80379-1446-414c-9c0b-7b5f3964d318" testName="TestConstructor_ErrorDescription_Success" computerName="DKSR-EFI-06" duration="00:00:00.0001903" startTime="2024-01-09T15:40:59.9297082+01:00" endTime="2024-01-09T15:40:59.9297082+01:00" testType="13cdc9d9-ddb5-4fa4-a97d-d965ccfc6d4b" outcome="Passed" testListId="8c84fa94-04c1-424b-9868-57a2d4851a1d" relativeResultsDirectory="e749a809-ac9c-4a01-a8c3-c24d9fcd9048" />
    <UnitTestResult executionId="71ac43fd-6b30-425f-82d0-1322ae568f92" testId="caf00ca8-5a5f-4e7f-c9eb-b30f1f21088a" testName="TestAttributeExists_Success" computerName="DKSR-EFI-06" duration="00:00:00.0009138" startTime="2024-01-09T15:40:59.8828309+01:00" endTime="2024-01-09T15:40:59.8828309+01:00" testType="13cdc9d9-ddb5-4fa4-a97d-d965ccfc6d4b" outcome="Passed" testListId="8c84fa94-04c1-424b-9868-57a2d4851a1d" relativeResultsDirectory="71ac43fd-6b30-425f-82d0-1322ae568f92" />
    <UnitTestResult executionId="3670f60b-a28f-448e-a265-b30636989c17" testId="3b5a222e-8087-b757-38fe-19c65e85ad9b" testName="TestConstructor_ErrorDescriptionInnerExceptionAndMapId_Success" computerName="DKSR-EFI-06" duration="00:00:00.0003564" startTime="2024-01-09T15:40:59.8984578+01:00" endTime="2024-01-09T15:40:59.8984578+01:00" testType="13cdc9d9-ddb5-4fa4-a97d-d965ccfc6d4b" outcome="Passed" testListId="8c84fa94-04c1-424b-9868-57a2d4851a1d" relativeResultsDirectory="3670f60b-a28f-448e-a265-b30636989c17" />
    <UnitTestResult executionId="6b155c37-05f3-4669-8e7b-3f6af3c3f1d6" testId="853b350e-fcee-0b8c-6fe2-83301fd0bf0f" testName="TestConstructor_ErrorDescription_Success" computerName="DKSR-EFI-06" duration="00:00:00.0001898" startTime="2024-01-09T15:40:59.9297082+01:00" endTime="2024-01-09T15:40:59.9297082+01:00" testType="13cdc9d9-ddb5-4fa4-a97d-d965ccfc6d4b" outcome="Passed" testListId="8c84fa94-04c1-424b-9868-57a2d4851a1d" relativeResultsDirectory="6b155c37-05f3-4669-8e7b-3f6af3c3f1d6" />
    <UnitTestResult executionId="f553411d-a718-426a-b5ea-37bb4bfe0d8f" testId="528197dd-d3f1-c776-dfa6-b0912a60f0a8" testName="OnDeserializedWithUnknownClassPropertyNotRootLevel_Success" computerName="DKSR-EFI-06" duration="00:00:00.0018415" startTime="2024-01-09T15:40:59.8359573+01:00" endTime="2024-01-09T15:40:59.8359573+01:00" testType="13cdc9d9-ddb5-4fa4-a97d-d965ccfc6d4b" outcome="Passed" testListId="8c84fa94-04c1-424b-9868-57a2d4851a1d" relativeResultsDirectory="f553411d-a718-426a-b5ea-37bb4bfe0d8f" />
    <UnitTestResult executionId="9d135697-1d0a-4ef1-94eb-631a7c3a7353" testId="a4a6df87-1d53-2fee-ac08-7a6fd9d043b0" testName="TestConstructor_NoParameters_Success" computerName="DKSR-EFI-06" duration="00:00:00.0002354" startTime="2024-01-09T15:40:59.8828309+01:00" endTime="2024-01-09T15:40:59.8828309+01:00" testType="13cdc9d9-ddb5-4fa4-a97d-d965ccfc6d4b" outcome="Passed" testListId="8c84fa94-04c1-424b-9868-57a2d4851a1d" relativeResultsDirectory="9d135697-1d0a-4ef1-94eb-631a7c3a7353" />
    <UnitTestResult executionId="0e2422c1-2e14-489d-bb01-e72fba37ff38" testId="f035aadd-ec2b-1e2b-d012-fe50d483205b" testName="TestAttributeExists_Success" computerName="DKSR-EFI-06" duration="00:00:00.0011278" startTime="2024-01-09T15:40:59.8672088+01:00" endTime="2024-01-09T15:40:59.8672088+01:00" testType="13cdc9d9-ddb5-4fa4-a97d-d965ccfc6d4b" outcome="Passed" testListId="8c84fa94-04c1-424b-9868-57a2d4851a1d" relativeResultsDirectory="0e2422c1-2e14-489d-bb01-e72fba37ff38" />
    <UnitTestResult executionId="4b9c06e2-2fa7-4112-9f61-2e9f5117baf0" testId="39b87cb6-8943-8703-e79b-928509672861" testName="TestAttributeExists_Success" computerName="DKSR-EFI-06" duration="00:00:00.0008932" startTime="2024-01-09T15:40:59.8828309+01:00" endTime="2024-01-09T15:40:59.8828309+01:00" testType="13cdc9d9-ddb5-4fa4-a97d-d965ccfc6d4b" outcome="Passed" testListId="8c84fa94-04c1-424b-9868-57a2d4851a1d" relativeResultsDirectory="4b9c06e2-2fa7-4112-9f61-2e9f5117baf0" />
    <UnitTestResult executionId="9b595d5c-411c-45db-b0eb-3c66c967c3c6" testId="3fed7463-7bb8-980c-edec-58f6e5bf16ed" testName="TestConstructor_ErrorDescription_Success" computerName="DKSR-EFI-06" duration="00:00:00.0001900" startTime="2024-01-09T15:40:59.9140823+01:00" endTime="2024-01-09T15:40:59.9140823+01:00" testType="13cdc9d9-ddb5-4fa4-a97d-d965ccfc6d4b" outcome="Passed" testListId="8c84fa94-04c1-424b-9868-57a2d4851a1d" relativeResultsDirectory="9b595d5c-411c-45db-b0eb-3c66c967c3c6" />
    <UnitTestResult executionId="e9f28dbc-f97d-4df3-9dbf-b6feff03de85" testId="876fcdd6-8a71-69b7-f63a-602fda82f658" testName="OnDeserializedWithUnknownValueTypeRootLevel_Success" computerName="DKSR-EFI-06" duration="00:00:00.0008829" startTime="2024-01-09T15:40:59.8359573+01:00" endTime="2024-01-09T15:40:59.8359573+01:00" testType="13cdc9d9-ddb5-4fa4-a97d-d965ccfc6d4b" outcome="Passed" testListId="8c84fa94-04c1-424b-9868-57a2d4851a1d" relativeResultsDirectory="e9f28dbc-f97d-4df3-9dbf-b6feff03de85" />
    <UnitTestResult executionId="de12d1a1-a1ff-4644-accc-e5865fbe3933" testId="fedb921b-b397-97cc-e1c7-1b725a9aa4dd" testName="TestConstructor_NoParameters_Success" computerName="DKSR-EFI-06" duration="00:00:00.0002879" startTime="2024-01-09T15:40:59.8672088+01:00" endTime="2024-01-09T15:40:59.8672088+01:00" testType="13cdc9d9-ddb5-4fa4-a97d-d965ccfc6d4b" outcome="Passed" testListId="8c84fa94-04c1-424b-9868-57a2d4851a1d" relativeResultsDirectory="de12d1a1-a1ff-4644-accc-e5865fbe3933" />
    <UnitTestResult executionId="6a163c4e-bd04-493d-b27c-62479b32385d" testId="ba4efa3e-0766-d90d-3aef-adbd4439580e" testName="TestConstructor_ItemId_Success" computerName="DKSR-EFI-06" duration="00:00:00.0003260" startTime="2024-01-09T15:40:59.8828309+01:00" endTime="2024-01-09T15:40:59.8828309+01:00" testType="13cdc9d9-ddb5-4fa4-a97d-d965ccfc6d4b" outcome="Passed" testListId="8c84fa94-04c1-424b-9868-57a2d4851a1d" relativeResultsDirectory="6a163c4e-bd04-493d-b27c-62479b32385d" />
    <UnitTestResult executionId="d05589f1-1bb9-406b-95b6-84be3d9d7c3b" testId="6fa820d4-ce1e-430e-efba-6d1bf8eb0cea" testName="TestConstructor_ErrorDescription_Success" computerName="DKSR-EFI-06" duration="00:00:00.0001965" startTime="2024-01-09T15:40:59.8828309+01:00" endTime="2024-01-09T15:40:59.8828309+01:00" testType="13cdc9d9-ddb5-4fa4-a97d-d965ccfc6d4b" outcome="Passed" testListId="8c84fa94-04c1-424b-9868-57a2d4851a1d" relativeResultsDirectory="d05589f1-1bb9-406b-95b6-84be3d9d7c3b" />
    <UnitTestResult executionId="03606c37-0016-468c-82f7-2767e626fbef" testId="b6437183-953c-7d59-a42a-4cc2d4a19e24" testName="TestConstructor_NoParameters_Success" computerName="DKSR-EFI-06" duration="00:00:00.0002426" startTime="2024-01-09T15:40:59.9140823+01:00" endTime="2024-01-09T15:40:59.9140823+01:00" testType="13cdc9d9-ddb5-4fa4-a97d-d965ccfc6d4b" outcome="Passed" testListId="8c84fa94-04c1-424b-9868-57a2d4851a1d" relativeResultsDirectory="03606c37-0016-468c-82f7-2767e626fbef" />
    <UnitTestResult executionId="fecea3ea-458d-4327-950c-fd383d77e894" testId="9f9a3775-bca6-42e6-d927-061df44ced88" testName="TestAttributeExists_Success" computerName="DKSR-EFI-06" duration="00:00:00.0008686" startTime="2024-01-09T15:40:59.9140823+01:00" endTime="2024-01-09T15:40:59.9140823+01:00" testType="13cdc9d9-ddb5-4fa4-a97d-d965ccfc6d4b" outcome="Passed" testListId="8c84fa94-04c1-424b-9868-57a2d4851a1d" relativeResultsDirectory="fecea3ea-458d-4327-950c-fd383d77e894" />
    <UnitTestResult executionId="d5724c70-983d-42f3-b6ec-75be97c3a0ff" testId="83478276-8795-46e5-a4fa-6d110de12a41" testName="LayerModifiersUtil_IsGeographic_Unset_Success" computerName="DKSR-EFI-06" duration="00:00:00.0001359" startTime="2024-01-09T15:40:59.7578314+01:00" endTime="2024-01-09T15:40:59.7578314+01:00" testType="13cdc9d9-ddb5-4fa4-a97d-d965ccfc6d4b" outcome="Passed" testListId="8c84fa94-04c1-424b-9868-57a2d4851a1d" relativeResultsDirectory="d5724c70-983d-42f3-b6ec-75be97c3a0ff" />
    <UnitTestResult executionId="0612ec0d-36ce-4274-ba2b-76a4f77d0bba" testId="ea71d23a-1026-ea2c-f1e2-50eac38dac0d" testName="TestConstructor_ErrorDescriptionAndInnerException_Success" computerName="DKSR-EFI-06" duration="00:00:00.0002552" startTime="2024-01-09T15:40:59.8828309+01:00" endTime="2024-01-09T15:40:59.8828309+01:00" testType="13cdc9d9-ddb5-4fa4-a97d-d965ccfc6d4b" outcome="Passed" testListId="8c84fa94-04c1-424b-9868-57a2d4851a1d" relativeResultsDirectory="0612ec0d-36ce-4274-ba2b-76a4f77d0bba" />
    <UnitTestResult executionId="ffcab100-6143-4572-bf45-47698539fb6a" testId="7a1fd523-bc4d-f7ca-2a8b-8078c4b0c9de" testName="TestAttributeExists_Success" computerName="DKSR-EFI-06" duration="00:00:00.0008422" startTime="2024-01-09T15:40:59.9453345+01:00" endTime="2024-01-09T15:40:59.9453345+01:00" testType="13cdc9d9-ddb5-4fa4-a97d-d965ccfc6d4b" outcome="Passed" testListId="8c84fa94-04c1-424b-9868-57a2d4851a1d" relativeResultsDirectory="ffcab100-6143-4572-bf45-47698539fb6a" />
    <UnitTestResult executionId="45dd8fc5-9209-4613-96e0-f60361d527bd" testId="4bd0f159-9896-a4fd-1597-28748cd21d98" testName="TestConstructor_ErrorDescriptionInnerExceptionAndLayerId_Success" computerName="DKSR-EFI-06" duration="00:00:00.0004136" startTime="2024-01-09T15:40:59.8828309+01:00" endTime="2024-01-09T15:40:59.8828309+01:00" testType="13cdc9d9-ddb5-4fa4-a97d-d965ccfc6d4b" outcome="Passed" testListId="8c84fa94-04c1-424b-9868-57a2d4851a1d" relativeResultsDirectory="45dd8fc5-9209-4613-96e0-f60361d527bd" />
    <UnitTestResult executionId="1c81dd88-8f40-4c19-981d-0ed9c0383bc6" testId="c8461022-b9ec-d747-8816-6abe2479ad23" testName="TestCopyMatchingProperties_Type2NotTargetType_Failure" computerName="DKSR-EFI-06" duration="00:00:00.0005273" startTime="2024-01-09T15:40:59.7578314+01:00" endTime="2024-01-09T15:40:59.7578314+01:00" testType="13cdc9d9-ddb5-4fa4-a97d-d965ccfc6d4b" outcome="Passed" testListId="8c84fa94-04c1-424b-9868-57a2d4851a1d" relativeResultsDirectory="1c81dd88-8f40-4c19-981d-0ed9c0383bc6" />
    <UnitTestResult executionId="b2650313-d257-4334-b256-aac1748002a7" testId="4ff28219-9499-01b7-e059-536dcd81e10f" testName="TestConstructor_NoParameters_Success" computerName="DKSR-EFI-06" duration="00:00:00.0002477" startTime="2024-01-09T15:40:59.8672088+01:00" endTime="2024-01-09T15:40:59.8672088+01:00" testType="13cdc9d9-ddb5-4fa4-a97d-d965ccfc6d4b" outcome="Passed" testListId="8c84fa94-04c1-424b-9868-57a2d4851a1d" relativeResultsDirectory="b2650313-d257-4334-b256-aac1748002a7" />
    <UnitTestResult executionId="ee01dd02-7347-4150-aaeb-22f18322ad26" testId="7cd06677-8dee-eb99-412a-eda01e5da3a1" testName="TestConstructor_ErrorDescriptionAndInnerException_Success" computerName="DKSR-EFI-06" duration="00:00:00.0002632" startTime="2024-01-09T15:40:59.8672088+01:00" endTime="2024-01-09T15:40:59.8672088+01:00" testType="13cdc9d9-ddb5-4fa4-a97d-d965ccfc6d4b" outcome="Passed" testListId="8c84fa94-04c1-424b-9868-57a2d4851a1d" relativeResultsDirectory="ee01dd02-7347-4150-aaeb-22f18322ad26" />
    <UnitTestResult executionId="2babc279-0ccb-4e0f-84d4-58dd64b0ddf3" testId="c9a2a0f4-5052-9f35-6fa1-d26cec5d9b2e" testName="TestConstructor_ErrorDescriptionAndInnerException_Success" computerName="DKSR-EFI-06" duration="00:00:00.0002479" startTime="2024-01-09T15:40:59.9297082+01:00" endTime="2024-01-09T15:40:59.9297082+01:00" testType="13cdc9d9-ddb5-4fa4-a97d-d965ccfc6d4b" outcome="Passed" testListId="8c84fa94-04c1-424b-9868-57a2d4851a1d" relativeResultsDirectory="2babc279-0ccb-4e0f-84d4-58dd64b0ddf3" />
    <UnitTestResult executionId="0ca75ab2-4928-422c-af2e-bd261931db31" testId="68f86fb5-457e-33c8-a227-fb3fb0b55b27" testName="TestConstructor_NoParameters_Success" computerName="DKSR-EFI-06" duration="00:00:00.0002091" startTime="2024-01-09T15:40:59.8672088+01:00" endTime="2024-01-09T15:40:59.8672088+01:00" testType="13cdc9d9-ddb5-4fa4-a97d-d965ccfc6d4b" outcome="Passed" testListId="8c84fa94-04c1-424b-9868-57a2d4851a1d" relativeResultsDirectory="0ca75ab2-4928-422c-af2e-bd261931db31" />
    <UnitTestResult executionId="1d40a011-95ce-44de-93dc-9e0ea03d1801" testId="5124fb47-994c-706e-1ac8-9ad3e825c8f1" testName="TestForUniqueDataContracts_Success" computerName="DKSR-EFI-06" duration="00:00:00.0037535" startTime="2024-01-09T15:40:59.8515819+01:00" endTime="2024-01-09T15:40:59.8515819+01:00" testType="13cdc9d9-ddb5-4fa4-a97d-d965ccfc6d4b" outcome="Passed" testListId="8c84fa94-04c1-424b-9868-57a2d4851a1d" relativeResultsDirectory="1d40a011-95ce-44de-93dc-9e0ea03d1801" />
    <UnitTestResult executionId="2d4e2878-fc24-4edd-97b8-e7e65dadd74d" testId="149ec407-0928-82ee-8619-4ccac6f672b7" testName="OnSerializingNullClassProperty_Success" computerName="DKSR-EFI-06" duration="00:00:00.0002799" startTime="2024-01-09T15:40:59.8203319+01:00" endTime="2024-01-09T15:40:59.8203319+01:00" testType="13cdc9d9-ddb5-4fa4-a97d-d965ccfc6d4b" outcome="Passed" testListId="8c84fa94-04c1-424b-9868-57a2d4851a1d" relativeResultsDirectory="2d4e2878-fc24-4edd-97b8-e7e65dadd74d" />
    <UnitTestResult executionId="ce76be1d-fcd6-4306-b25c-047bbbe64de8" testId="331ba981-1c07-70b7-d56d-e91f56ab0af1" testName="TestConstructor_ErrorDescription_Success" computerName="DKSR-EFI-06" duration="00:00:00.0002081" startTime="2024-01-09T15:40:59.8672088+01:00" endTime="2024-01-09T15:40:59.8672088+01:00" testType="13cdc9d9-ddb5-4fa4-a97d-d965ccfc6d4b" outcome="Passed" testListId="8c84fa94-04c1-424b-9868-57a2d4851a1d" relativeResultsDirectory="ce76be1d-fcd6-4306-b25c-047bbbe64de8" />
    <UnitTestResult executionId="feafdebe-c33e-48d9-b790-830bc9be7bf5" testId="3cf18d3d-b31e-20fa-5f1f-1414e6fb166c" testName="TestConstructor_ErrorDescription_Success" computerName="DKSR-EFI-06" duration="00:00:00.0001825" startTime="2024-01-09T15:40:59.8828309+01:00" endTime="2024-01-09T15:40:59.8828309+01:00" testType="13cdc9d9-ddb5-4fa4-a97d-d965ccfc6d4b" outcome="Passed" testListId="8c84fa94-04c1-424b-9868-57a2d4851a1d" relativeResultsDirectory="feafdebe-c33e-48d9-b790-830bc9be7bf5" />
    <UnitTestResult executionId="6bbe43ce-6231-4a83-9862-be2944d7550a" testId="53a5fcc8-b550-2ee9-ab98-5559f531eb74" testName="TestConstructor_ErrorDescription_Success" computerName="DKSR-EFI-06" duration="00:00:00.0001838" startTime="2024-01-09T15:40:59.9297082+01:00" endTime="2024-01-09T15:40:59.9297082+01:00" testType="13cdc9d9-ddb5-4fa4-a97d-d965ccfc6d4b" outcome="Passed" testListId="8c84fa94-04c1-424b-9868-57a2d4851a1d" relativeResultsDirectory="6bbe43ce-6231-4a83-9862-be2944d7550a" />
    <UnitTestResult executionId="66cfb9dd-dfcf-4954-8f27-51f965f5feb7" testId="d02efcb3-fba3-c4d3-499c-8de0f28a4a19" testName="TestConstructorErrorDescriptionAndErrorReason" computerName="DKSR-EFI-06" duration="00:00:00.0001263" startTime="2024-01-09T15:40:59.8672088+01:00" endTime="2024-01-09T15:40:59.8672088+01:00" testType="13cdc9d9-ddb5-4fa4-a97d-d965ccfc6d4b" outcome="Passed" testListId="8c84fa94-04c1-424b-9868-57a2d4851a1d" relativeResultsDirectory="66cfb9dd-dfcf-4954-8f27-51f965f5feb7" />
    <UnitTestResult executionId="f25fbb0a-b8a0-4a5c-b276-c1889a2159ae" testId="a197526b-8363-3cfa-d897-f9de0fdcf070" testName="CheckAllDataContractsForIUnknownDataPropertiesInterface_Success" computerName="DKSR-EFI-06" duration="00:00:00.0250383" startTime="2024-01-09T15:40:59.7734573+01:00" endTime="2024-01-09T15:40:59.7890811+01:00" testType="13cdc9d9-ddb5-4fa4-a97d-d965ccfc6d4b" outcome="Passed" testListId="8c84fa94-04c1-424b-9868-57a2d4851a1d" relativeResultsDirectory="f25fbb0a-b8a0-4a5c-b276-c1889a2159ae" />
    <UnitTestResult executionId="afe05b55-7a50-4780-98dc-c42088794f16" testId="5f66a694-24a9-8fe8-709a-d2e4e28abe92" testName="TestConstructor_ErrorDescriptionAndInnerException_Success" computerName="DKSR-EFI-06" duration="00:00:00.0003600" startTime="2024-01-09T15:40:59.9297082+01:00" endTime="2024-01-09T15:40:59.9297082+01:00" testType="13cdc9d9-ddb5-4fa4-a97d-d965ccfc6d4b" outcome="Passed" testListId="8c84fa94-04c1-424b-9868-57a2d4851a1d" relativeResultsDirectory="afe05b55-7a50-4780-98dc-c42088794f16" />
    <UnitTestResult executionId="c04191a4-5d3a-4fe9-bfa3-46c8b1b45415" testId="9dae148e-8f2c-6058-7353-33e92fc4f3e9" testName="TestConstructor_ErrorDescriptionAndBuildingId_Success" computerName="DKSR-EFI-06" duration="00:00:00.0002958" startTime="2024-01-09T15:40:59.8984578+01:00" endTime="2024-01-09T15:40:59.8984578+01:00" testType="13cdc9d9-ddb5-4fa4-a97d-d965ccfc6d4b" outcome="Passed" testListId="8c84fa94-04c1-424b-9868-57a2d4851a1d" relativeResultsDirectory="c04191a4-5d3a-4fe9-bfa3-46c8b1b45415" />
    <UnitTestResult executionId="9319316b-0b7c-4841-ae9e-c718221faaf8" testId="f410af74-3fc1-e30d-3d9f-798dac046972" testName="TestAttributeExists_Success" computerName="DKSR-EFI-06" duration="00:00:00.0008858" startTime="2024-01-09T15:40:59.8828309+01:00" endTime="2024-01-09T15:40:59.8828309+01:00" testType="13cdc9d9-ddb5-4fa4-a97d-d965ccfc6d4b" outcome="Passed" testListId="8c84fa94-04c1-424b-9868-57a2d4851a1d" relativeResultsDirectory="9319316b-0b7c-4841-ae9e-c718221faaf8" />
    <UnitTestResult executionId="65413697-0a7b-4831-95e6-e32dddb86d5a" testId="098211ab-360c-6735-e129-129009030b36" testName="TestConstructor_ErrorDescription_Success" computerName="DKSR-EFI-06" duration="00:00:00.0001861" startTime="2024-01-09T15:40:59.9140823+01:00" endTime="2024-01-09T15:40:59.9140823+01:00" testType="13cdc9d9-ddb5-4fa4-a97d-d965ccfc6d4b" outcome="Passed" testListId="8c84fa94-04c1-424b-9868-57a2d4851a1d" relativeResultsDirectory="65413697-0a7b-4831-95e6-e32dddb86d5a" />
    <UnitTestResult executionId="bf57c30c-3598-4bba-8e01-3c53b2b6e20f" testId="76fc855d-59dc-3b6e-3e6e-e6a15465cefb" testName="TestConstructor_ErrorDescriptionAndInnerException_Success" computerName="DKSR-EFI-06" duration="00:00:00.0002552" startTime="2024-01-09T15:40:59.9140823+01:00" endTime="2024-01-09T15:40:59.9140823+01:00" testType="13cdc9d9-ddb5-4fa4-a97d-d965ccfc6d4b" outcome="Passed" testListId="8c84fa94-04c1-424b-9868-57a2d4851a1d" relativeResultsDirectory="bf57c30c-3598-4bba-8e01-3c53b2b6e20f" />
    <UnitTestResult executionId="4c34ecc2-e6a7-4a0d-9a80-a2532d068882" testId="c2a39777-0ad8-fefd-0057-3357ef036012" testName="TestConstructor_NoParameters_Success" computerName="DKSR-EFI-06" duration="00:00:00.0006857" startTime="2024-01-09T15:40:59.8515819+01:00" endTime="2024-01-09T15:40:59.8515819+01:00" testType="13cdc9d9-ddb5-4fa4-a97d-d965ccfc6d4b" outcome="Passed" testListId="8c84fa94-04c1-424b-9868-57a2d4851a1d" relativeResultsDirectory="4c34ecc2-e6a7-4a0d-9a80-a2532d068882" />
    <UnitTestResult executionId="e6e967b6-89c2-4855-abb0-c240b8bee037" testId="30226e45-9c63-3571-b067-16983df31b28" testName="TestConstructor_NoParameters_Success" computerName="DKSR-EFI-06" duration="00:00:00.0004210" startTime="2024-01-09T15:40:59.8984578+01:00" endTime="2024-01-09T15:40:59.8984578+01:00" testType="13cdc9d9-ddb5-4fa4-a97d-d965ccfc6d4b" outcome="Passed" testListId="8c84fa94-04c1-424b-9868-57a2d4851a1d" relativeResultsDirectory="e6e967b6-89c2-4855-abb0-c240b8bee037" />
    <UnitTestResult executionId="c507ef66-9870-4192-bd6b-3603d3890bc4" testId="7d6278e6-9b80-4a7f-182f-c03d036ad28d" testName="TestConstructorNoParameters" computerName="DKSR-EFI-06" duration="00:00:00.0002703" startTime="2024-01-09T15:40:59.8672088+01:00" endTime="2024-01-09T15:40:59.8672088+01:00" testType="13cdc9d9-ddb5-4fa4-a97d-d965ccfc6d4b" outcome="Passed" testListId="8c84fa94-04c1-424b-9868-57a2d4851a1d" relativeResultsDirectory="c507ef66-9870-4192-bd6b-3603d3890bc4" />
    <UnitTestResult executionId="c48e61ff-31fb-433c-a344-bf314c54ced2" testId="b74660fc-35dd-abf6-6ed9-4b1145809cd6" testName="TestAttributeExists_Success" computerName="DKSR-EFI-06" duration="00:00:00.0008437" startTime="2024-01-09T15:40:59.8672088+01:00" endTime="2024-01-09T15:40:59.8672088+01:00" testType="13cdc9d9-ddb5-4fa4-a97d-d965ccfc6d4b" outcome="Passed" testListId="8c84fa94-04c1-424b-9868-57a2d4851a1d" relativeResultsDirectory="c48e61ff-31fb-433c-a344-bf314c54ced2" />
    <UnitTestResult executionId="6dca8ccb-cafb-464a-a124-bda2dc4d088f" testId="afb3bdd0-0f99-d747-7bae-de50bf6b9b89" testName="TestConstructor_ErrorDescriptionAndInnerException_Success" computerName="DKSR-EFI-06" duration="00:00:00.0003366" startTime="2024-01-09T15:40:59.8515819+01:00" endTime="2024-01-09T15:40:59.8515819+01:00" testType="13cdc9d9-ddb5-4fa4-a97d-d965ccfc6d4b" outcome="Passed" testListId="8c84fa94-04c1-424b-9868-57a2d4851a1d" relativeResultsDirectory="6dca8ccb-cafb-464a-a124-bda2dc4d088f" />
    <UnitTestResult executionId="cd417728-3f86-4326-9f1e-f99dec59789c" testId="84d248da-6a06-72cc-45f9-01bbeda7f19d" testName="TestConstructor_NoParameters_Success" computerName="DKSR-EFI-06" duration="00:00:00.0002366" startTime="2024-01-09T15:40:59.9453345+01:00" endTime="2024-01-09T15:40:59.9453345+01:00" testType="13cdc9d9-ddb5-4fa4-a97d-d965ccfc6d4b" outcome="Passed" testListId="8c84fa94-04c1-424b-9868-57a2d4851a1d" relativeResultsDirectory="cd417728-3f86-4326-9f1e-f99dec59789c" />
    <UnitTestResult executionId="3fd4888f-3210-4b9e-8dc7-9a18759482f9" testId="3bd0d3b8-7840-6a04-f2da-406d55f8be8f" testName="TestConstructor_ErrorDescription_Success" computerName="DKSR-EFI-06" duration="00:00:00.0001938" startTime="2024-01-09T15:40:59.9140823+01:00" endTime="2024-01-09T15:40:59.9140823+01:00" testType="13cdc9d9-ddb5-4fa4-a97d-d965ccfc6d4b" outcome="Passed" testListId="8c84fa94-04c1-424b-9868-57a2d4851a1d" relativeResultsDirectory="3fd4888f-3210-4b9e-8dc7-9a18759482f9" />
    <UnitTestResult executionId="fff3509d-f857-42b0-996b-1c3d8f864778" testId="e417ce80-657a-b524-fab0-906a563cfcef" testName="TestAttributeExists_Success" computerName="DKSR-EFI-06" duration="00:00:00.0008838" startTime="2024-01-09T15:40:59.8984578+01:00" endTime="2024-01-09T15:40:59.8984578+01:00" testType="13cdc9d9-ddb5-4fa4-a97d-d965ccfc6d4b" outcome="Passed" testListId="8c84fa94-04c1-424b-9868-57a2d4851a1d" relativeResultsDirectory="fff3509d-f857-42b0-996b-1c3d8f864778" />
    <UnitTestResult executionId="eead8f92-f14f-4404-969f-5caaa512250f" testId="ff1589c0-3b3d-31e7-bf1b-90ee55b237ec" testName="TestConstructor_ErrorDescription_Success" computerName="DKSR-EFI-06" duration="00:00:00.0001900" startTime="2024-01-09T15:40:59.9140823+01:00" endTime="2024-01-09T15:40:59.9140823+01:00" testType="13cdc9d9-ddb5-4fa4-a97d-d965ccfc6d4b" outcome="Passed" testListId="8c84fa94-04c1-424b-9868-57a2d4851a1d" relativeResultsDirectory="eead8f92-f14f-4404-969f-5caaa512250f" />
    <UnitTestResult executionId="59504804-130a-45d1-b34a-9a00c55c6226" testId="a579e24a-b3b3-0e74-d0ad-623787297a42" testName="TestConstructor_ErrorDescription_Success" computerName="DKSR-EFI-06" duration="00:00:00.0002473" startTime="2024-01-09T15:40:59.8828309+01:00" endTime="2024-01-09T15:40:59.8828309+01:00" testType="13cdc9d9-ddb5-4fa4-a97d-d965ccfc6d4b" outcome="Passed" testListId="8c84fa94-04c1-424b-9868-57a2d4851a1d" relativeResultsDirectory="59504804-130a-45d1-b34a-9a00c55c6226" />
    <UnitTestResult executionId="0103209e-402c-453b-b569-640b70b45660" testId="33693c06-087a-f3a1-d4b4-928368c2b14b" testName="OnSerializingWithArrayStringRefrenceTypes_Success" computerName="DKSR-EFI-06" duration="00:00:00.0007958" startTime="2024-01-09T15:40:59.8047062+01:00" endTime="2024-01-09T15:40:59.8047062+01:00" testType="13cdc9d9-ddb5-4fa4-a97d-d965ccfc6d4b" outcome="Passed" testListId="8c84fa94-04c1-424b-9868-57a2d4851a1d" relativeResultsDirectory="0103209e-402c-453b-b569-640b70b45660" />
    <UnitTestResult executionId="d4f2ca7b-1399-48e5-91ff-ecd76d575e64" testId="8a18b369-b564-de78-237f-e905d4c9f3c9" testName="TestConstructor_ErrorDescriptionAndInnerException_Success" computerName="DKSR-EFI-06" duration="00:00:00.0003097" startTime="2024-01-09T15:40:59.8984578+01:00" endTime="2024-01-09T15:40:59.8984578+01:00" testType="13cdc9d9-ddb5-4fa4-a97d-d965ccfc6d4b" outcome="Passed" testListId="8c84fa94-04c1-424b-9868-57a2d4851a1d" relativeResultsDirectory="d4f2ca7b-1399-48e5-91ff-ecd76d575e64" />
    <UnitTestResult executionId="8ace256e-b1b1-4cb9-ac85-8248aea2eb79" testId="356ef46b-0e5b-af0f-427e-ba7096785440" testName="OnSerializingWithUnknownValueTypeNotRootLevel_Success" computerName="DKSR-EFI-06" duration="00:00:00.0014999" startTime="2024-01-09T15:40:59.8203319+01:00" endTime="2024-01-09T15:40:59.8203319+01:00" testType="13cdc9d9-ddb5-4fa4-a97d-d965ccfc6d4b" outcome="Passed" testListId="8c84fa94-04c1-424b-9868-57a2d4851a1d" relativeResultsDirectory="8ace256e-b1b1-4cb9-ac85-8248aea2eb79" />
    <UnitTestResult executionId="cf4ec2b2-b6ff-42c2-ac1f-a0c26f283201" testId="6fa46d58-19b0-5161-6030-bd719f461f08" testName="TestConstructor_ErrorDescriptionInnerExceptionAndRepositoryId_Success" computerName="DKSR-EFI-06" duration="00:00:00.0003840" startTime="2024-01-09T15:40:59.9297082+01:00" endTime="2024-01-09T15:40:59.9297082+01:00" testType="13cdc9d9-ddb5-4fa4-a97d-d965ccfc6d4b" outcome="Passed" testListId="8c84fa94-04c1-424b-9868-57a2d4851a1d" relativeResultsDirectory="cf4ec2b2-b6ff-42c2-ac1f-a0c26f283201" />
    <UnitTestResult executionId="9219682f-925e-4b1d-a6c5-4ee10bb7ed49" testId="f1d99d53-05dc-2288-565b-a754435d0819" testName="TestConstructor_LevelId_Success" computerName="DKSR-EFI-06" duration="00:00:00.0002964" startTime="2024-01-09T15:40:59.8984578+01:00" endTime="2024-01-09T15:40:59.8984578+01:00" testType="13cdc9d9-ddb5-4fa4-a97d-d965ccfc6d4b" outcome="Passed" testListId="8c84fa94-04c1-424b-9868-57a2d4851a1d" relativeResultsDirectory="9219682f-925e-4b1d-a6c5-4ee10bb7ed49" />
    <UnitTestResult executionId="731f9872-0fbe-48d6-9242-10cafa7f3dff" testId="7f2a4e61-7aea-02bf-432d-46d9066bb1ba" testName="TestAttributeExists_Success" computerName="DKSR-EFI-06" duration="00:00:00.0008243" startTime="2024-01-09T15:40:59.9297082+01:00" endTime="2024-01-09T15:40:59.9297082+01:00" testType="13cdc9d9-ddb5-4fa4-a97d-d965ccfc6d4b" outcome="Passed" testListId="8c84fa94-04c1-424b-9868-57a2d4851a1d" relativeResultsDirectory="731f9872-0fbe-48d6-9242-10cafa7f3dff" />
    <UnitTestResult executionId="7e2ba3df-ee87-464c-951c-f20ed133389b" testId="73f10034-290b-8e1a-12a8-dce66caaebbe" testName="TestAttributeExists_Success" computerName="DKSR-EFI-06" duration="00:00:00.0008384" startTime="2024-01-09T15:40:59.8515819+01:00" endTime="2024-01-09T15:40:59.8672088+01:00" testType="13cdc9d9-ddb5-4fa4-a97d-d965ccfc6d4b" outcome="Passed" testListId="8c84fa94-04c1-424b-9868-57a2d4851a1d" relativeResultsDirectory="7e2ba3df-ee87-464c-951c-f20ed133389b" />
    <UnitTestResult executionId="e348f5b0-604c-4f7b-86a8-cfa53dfa0f7f" testId="282f6cdd-d62d-2b34-55d2-a4eb56661e41" testName="TestConstructor_ErrorDescription_Success" computerName="DKSR-EFI-06" duration="00:00:00.0002611" startTime="2024-01-09T15:40:59.8515819+01:00" endTime="2024-01-09T15:40:59.8515819+01:00" testType="13cdc9d9-ddb5-4fa4-a97d-d965ccfc6d4b" outcome="Passed" testListId="8c84fa94-04c1-424b-9868-57a2d4851a1d" relativeResultsDirectory="e348f5b0-604c-4f7b-86a8-cfa53dfa0f7f" />
    <UnitTestResult executionId="8aa62db9-d8bc-43d3-83dc-1f5be8a1f958" testId="63f594bb-866c-1740-3625-759d01b0ee2b" testName="TestConstructor_ErrorDescriptionAndInnerException_Success" computerName="DKSR-EFI-06" duration="00:00:00.0003128" startTime="2024-01-09T15:40:59.8828309+01:00" endTime="2024-01-09T15:40:59.8828309+01:00" testType="13cdc9d9-ddb5-4fa4-a97d-d965ccfc6d4b" outcome="Passed" testListId="8c84fa94-04c1-424b-9868-57a2d4851a1d" relativeResultsDirectory="8aa62db9-d8bc-43d3-83dc-1f5be8a1f958" />
    <UnitTestResult executionId="73fae0ff-5842-47c4-9a1b-73f593748cf1" testId="e802653e-f2ed-f7c6-a5fb-e01e28492882" testName="OnDeserializedClassPropertyFullTree_Success" computerName="DKSR-EFI-06" duration="00:00:00.0029574" startTime="2024-01-09T15:40:59.8359573+01:00" endTime="2024-01-09T15:40:59.8359573+01:00" testType="13cdc9d9-ddb5-4fa4-a97d-d965ccfc6d4b" outcome="Passed" testListId="8c84fa94-04c1-424b-9868-57a2d4851a1d" relativeResultsDirectory="73fae0ff-5842-47c4-9a1b-73f593748cf1" />
    <UnitTestResult executionId="8e398294-25d7-4849-9061-ad50bdbc5cc0" testId="3a2b1bad-0152-208e-122a-993b408719f7" testName="TestConstructor_ErrorDescriptionAndInnerException_Success" computerName="DKSR-EFI-06" duration="00:00:00.0002610" startTime="2024-01-09T15:40:59.9297082+01:00" endTime="2024-01-09T15:40:59.9297082+01:00" testType="13cdc9d9-ddb5-4fa4-a97d-d965ccfc6d4b" outcome="Passed" testListId="8c84fa94-04c1-424b-9868-57a2d4851a1d" relativeResultsDirectory="8e398294-25d7-4849-9061-ad50bdbc5cc0" />
    <UnitTestResult executionId="d34523dc-b72e-4795-9846-1a244f1cf5d9" testId="5f38dc30-d0a8-499e-d516-ebda9a426621" testName="TestConstructor_ErrorDescription_Success" computerName="DKSR-EFI-06" duration="00:00:00.0001995" startTime="2024-01-09T15:40:59.9140823+01:00" endTime="2024-01-09T15:40:59.9140823+01:00" testType="13cdc9d9-ddb5-4fa4-a97d-d965ccfc6d4b" outcome="Passed" testListId="8c84fa94-04c1-424b-9868-57a2d4851a1d" relativeResultsDirectory="d34523dc-b72e-4795-9846-1a244f1cf5d9" />
    <UnitTestResult executionId="6af38c6c-2d5e-414f-ad46-08cb4f2ab5a5" testId="aba1de11-7f09-b69c-fe49-87b17aeb0112" testName="TestConstructor_ErrorDescriptionAndInnerException_Success" computerName="DKSR-EFI-06" duration="00:00:00.0003337" startTime="2024-01-09T15:40:59.8984578+01:00" endTime="2024-01-09T15:40:59.8984578+01:00" testType="13cdc9d9-ddb5-4fa4-a97d-d965ccfc6d4b" outcome="Passed" testListId="8c84fa94-04c1-424b-9868-57a2d4851a1d" relativeResultsDirectory="6af38c6c-2d5e-414f-ad46-08cb4f2ab5a5" />
    <UnitTestResult executionId="e3027552-e263-4433-b3cf-250e19adb379" testId="20cc738a-ac27-cc4a-9255-03102e452047" testName="TestConstructor_NoParameters_Success" computerName="DKSR-EFI-06" duration="00:00:00.0002260" startTime="2024-01-09T15:40:59.9140823+01:00" endTime="2024-01-09T15:40:59.9297082+01:00" testType="13cdc9d9-ddb5-4fa4-a97d-d965ccfc6d4b" outcome="Passed" testListId="8c84fa94-04c1-424b-9868-57a2d4851a1d" relativeResultsDirectory="e3027552-e263-4433-b3cf-250e19adb379" />
    <UnitTestResult executionId="14abf231-122e-4507-b0d3-4e900757dcc3" testId="90b58c10-d579-c9fe-3398-dc3c361ed0b4" testName="TestAttributeExists_Success" computerName="DKSR-EFI-06" duration="00:00:00.0076157" startTime="2024-01-09T15:40:59.8984578+01:00" endTime="2024-01-09T15:40:59.9140823+01:00" testType="13cdc9d9-ddb5-4fa4-a97d-d965ccfc6d4b" outcome="Passed" testListId="8c84fa94-04c1-424b-9868-57a2d4851a1d" relativeResultsDirectory="14abf231-122e-4507-b0d3-4e900757dcc3" />
    <UnitTestResult executionId="5c8adc7a-2c42-4c56-93a7-743f74fbb465" testId="39f3c974-5903-b0c2-d4d5-4e8cf3b0f1fb" testName="TestConstructor_NoParameters_Success" computerName="DKSR-EFI-06" duration="00:00:00.0002349" startTime="2024-01-09T15:40:59.9140823+01:00" endTime="2024-01-09T15:40:59.9140823+01:00" testType="13cdc9d9-ddb5-4fa4-a97d-d965ccfc6d4b" outcome="Passed" testListId="8c84fa94-04c1-424b-9868-57a2d4851a1d" relativeResultsDirectory="5c8adc7a-2c42-4c56-93a7-743f74fbb465" />
    <UnitTestResult executionId="1fa26050-f7b8-4a92-b9a3-46c50a06c168" testId="4ca54b1a-2f71-bed7-94b6-34df043645bc" testName="TestAttributeExists_Success" computerName="DKSR-EFI-06" duration="00:00:00.0009280" startTime="2024-01-09T15:40:59.8984578+01:00" endTime="2024-01-09T15:40:59.8984578+01:00" testType="13cdc9d9-ddb5-4fa4-a97d-d965ccfc6d4b" outcome="Passed" testListId="8c84fa94-04c1-424b-9868-57a2d4851a1d" relativeResultsDirectory="1fa26050-f7b8-4a92-b9a3-46c50a06c168" />
    <UnitTestResult executionId="3445044d-0bf2-4a03-babb-c18ec6edb5e1" testId="34ac2d36-8678-0a6e-f55d-3bb582e5502b" testName="TestConstructor_ErrorDescriptionInnerExceptionAndViewPointId_Success" computerName="DKSR-EFI-06" duration="00:00:00.0003620" startTime="2024-01-09T15:40:59.9453345+01:00" endTime="2024-01-09T15:40:59.9453345+01:00" testType="13cdc9d9-ddb5-4fa4-a97d-d965ccfc6d4b" outcome="Passed" testListId="8c84fa94-04c1-424b-9868-57a2d4851a1d" relativeResultsDirectory="3445044d-0bf2-4a03-babb-c18ec6edb5e1" />
    <UnitTestResult executionId="f2ea8ae6-70a5-41fc-9f9c-0b1a2b9dddd7" testId="7218a292-f480-07b9-25a0-49fc20e696e0" testName="OnSerializingWithValueTypes_Success" computerName="DKSR-EFI-06" duration="00:00:00.0102792" startTime="2024-01-09T15:40:59.7890811+01:00" endTime="2024-01-09T15:40:59.8047062+01:00" testType="13cdc9d9-ddb5-4fa4-a97d-d965ccfc6d4b" outcome="Passed" testListId="8c84fa94-04c1-424b-9868-57a2d4851a1d" relativeResultsDirectory="f2ea8ae6-70a5-41fc-9f9c-0b1a2b9dddd7" />
    <UnitTestResult executionId="59ccd4c9-7674-402a-ae0a-c83929a30be6" testId="7f0c8b03-44ec-d73b-cae3-862acebe79ab" testName="OnSerializingWithUnknownClassPropertyRootLevel_Success" computerName="DKSR-EFI-06" duration="00:00:00.0009578" startTime="2024-01-09T15:40:59.8203319+01:00" endTime="2024-01-09T15:40:59.8203319+01:00" testType="13cdc9d9-ddb5-4fa4-a97d-d965ccfc6d4b" outcome="Passed" testListId="8c84fa94-04c1-424b-9868-57a2d4851a1d" relativeResultsDirectory="59ccd4c9-7674-402a-ae0a-c83929a30be6" />
    <UnitTestResult executionId="305f68b8-7041-4da6-8d43-26327124947c" testId="83e306ad-0720-17dd-8153-763a9cf1f945" testName="TestAttributeExists_Success" computerName="DKSR-EFI-06" duration="00:00:00.0008565" startTime="2024-01-09T15:40:59.9453345+01:00" endTime="2024-01-09T15:40:59.9453345+01:00" testType="13cdc9d9-ddb5-4fa4-a97d-d965ccfc6d4b" outcome="Passed" testListId="8c84fa94-04c1-424b-9868-57a2d4851a1d" relativeResultsDirectory="305f68b8-7041-4da6-8d43-26327124947c" />
    <UnitTestResult executionId="438a9957-68c3-49c5-8836-d9366e4320c6" testId="10c01568-98c2-f651-4062-0ab025fe90b9" testName="TestConstructor_RepositoryId_Success" computerName="DKSR-EFI-06" duration="00:00:00.0002558" startTime="2024-01-09T15:40:59.9297082+01:00" endTime="2024-01-09T15:40:59.9297082+01:00" testType="13cdc9d9-ddb5-4fa4-a97d-d965ccfc6d4b" outcome="Passed" testListId="8c84fa94-04c1-424b-9868-57a2d4851a1d" relativeResultsDirectory="438a9957-68c3-49c5-8836-d9366e4320c6" />
    <UnitTestResult executionId="2c70b3f6-6f0d-4e6f-b336-0e205fa6b4fe" testId="c46b813b-2864-a54e-27f6-c2d2946ee618" testName="TestAttributeExists_Success" computerName="DKSR-EFI-06" duration="00:00:00.0008489" startTime="2024-01-09T15:40:59.9140823+01:00" endTime="2024-01-09T15:40:59.9140823+01:00" testType="13cdc9d9-ddb5-4fa4-a97d-d965ccfc6d4b" outcome="Passed" testListId="8c84fa94-04c1-424b-9868-57a2d4851a1d" relativeResultsDirectory="2c70b3f6-6f0d-4e6f-b336-0e205fa6b4fe" />
    <UnitTestResult executionId="ed9d13fb-0dee-4da9-964c-93826e3d353d" testId="cdb81642-ea0b-a3d0-9125-47311a6a6119" testName="TestConstructor_ErrorDescription_Success" computerName="DKSR-EFI-06" duration="00:00:00.0002498" startTime="2024-01-09T15:40:59.8984578+01:00" endTime="2024-01-09T15:40:59.8984578+01:00" testType="13cdc9d9-ddb5-4fa4-a97d-d965ccfc6d4b" outcome="Passed" testListId="8c84fa94-04c1-424b-9868-57a2d4851a1d" relativeResultsDirectory="ed9d13fb-0dee-4da9-964c-93826e3d353d" />
    <UnitTestResult executionId="a0577903-6ab1-4d17-9404-afaab4de4f72" testId="56f0a806-4ae7-f3bf-f230-fcbf2a919631" testName="TestConstructor_NoParameters_Success" computerName="DKSR-EFI-06" duration="00:00:00.0002476" startTime="2024-01-09T15:40:59.9140823+01:00" endTime="2024-01-09T15:40:59.9140823+01:00" testType="13cdc9d9-ddb5-4fa4-a97d-d965ccfc6d4b" outcome="Passed" testListId="8c84fa94-04c1-424b-9868-57a2d4851a1d" relativeResultsDirectory="a0577903-6ab1-4d17-9404-afaab4de4f72" />
    <UnitTestResult executionId="964416b8-b7fd-4057-a73f-5cfd226c0deb" testId="c24c28c7-9433-8c3c-0318-acd1909dbbfc" testName="OnSerializingWithArrayValueTypes_Success" computerName="DKSR-EFI-06" duration="00:00:00.0024503" startTime="2024-01-09T15:40:59.8047062+01:00" endTime="2024-01-09T15:40:59.8047062+01:00" testType="13cdc9d9-ddb5-4fa4-a97d-d965ccfc6d4b" outcome="Passed" testListId="8c84fa94-04c1-424b-9868-57a2d4851a1d" relativeResultsDirectory="964416b8-b7fd-4057-a73f-5cfd226c0deb" />
    <UnitTestResult executionId="6d7c97f6-5a3f-4a78-b7c4-6df373d7f04e" testId="309b5967-5591-957f-758c-1c585a3a83f9" testName="TestConstructorErrorDescriptionAndInnerException" computerName="DKSR-EFI-06" duration="00:00:00.0002862" startTime="2024-01-09T15:40:59.8672088+01:00" endTime="2024-01-09T15:40:59.8672088+01:00" testType="13cdc9d9-ddb5-4fa4-a97d-d965ccfc6d4b" outcome="Passed" testListId="8c84fa94-04c1-424b-9868-57a2d4851a1d" relativeResultsDirectory="6d7c97f6-5a3f-4a78-b7c4-6df373d7f04e" />
    <UnitTestResult executionId="738658c0-4900-4816-9f7d-7ded0d87475c" testId="3cfb6536-349c-526f-f130-8610257d022a" testName="TestConstructor_ErrorDescriptionAndInnerException_Success" computerName="DKSR-EFI-06" duration="00:00:00.0002484" startTime="2024-01-09T15:40:59.8984578+01:00" endTime="2024-01-09T15:40:59.8984578+01:00" testType="13cdc9d9-ddb5-4fa4-a97d-d965ccfc6d4b" outcome="Passed" testListId="8c84fa94-04c1-424b-9868-57a2d4851a1d" relativeResultsDirectory="738658c0-4900-4816-9f7d-7ded0d87475c" />
    <UnitTestResult executionId="78f521e2-ea9a-4744-884e-4533ff24588c" testId="f7713007-f1ae-c35f-1114-7e8f84e93ed8" testName="TestConstructor_ErrorDescription_Success" computerName="DKSR-EFI-06" duration="00:00:00.0001909" startTime="2024-01-09T15:40:59.8984578+01:00" endTime="2024-01-09T15:40:59.8984578+01:00" testType="13cdc9d9-ddb5-4fa4-a97d-d965ccfc6d4b" outcome="Passed" testListId="8c84fa94-04c1-424b-9868-57a2d4851a1d" relativeResultsDirectory="78f521e2-ea9a-4744-884e-4533ff24588c" />
    <UnitTestResult executionId="7d28365c-5445-4545-a7a5-870fe7453e2f" testId="983cd1f3-5dee-cccf-20ee-82d7f5bee7cf" testName="TestConstructorErrorDescription" computerName="DKSR-EFI-06" duration="00:00:00.0001932" startTime="2024-01-09T15:40:59.8672088+01:00" endTime="2024-01-09T15:40:59.8672088+01:00" testType="13cdc9d9-ddb5-4fa4-a97d-d965ccfc6d4b" outcome="Passed" testListId="8c84fa94-04c1-424b-9868-57a2d4851a1d" relativeResultsDirectory="7d28365c-5445-4545-a7a5-870fe7453e2f" />
    <UnitTestResult executionId="24d2e275-54e3-44e5-845e-8ee8529640fa" testId="d55efac6-8dbf-3356-751a-54b4424e775e" testName="TestAttributeExists_Success" computerName="DKSR-EFI-06" duration="00:00:00.0008112" startTime="2024-01-09T15:40:59.9297082+01:00" endTime="2024-01-09T15:40:59.9297082+01:00" testType="13cdc9d9-ddb5-4fa4-a97d-d965ccfc6d4b" outcome="Passed" testListId="8c84fa94-04c1-424b-9868-57a2d4851a1d" relativeResultsDirectory="24d2e275-54e3-44e5-845e-8ee8529640fa" />
    <UnitTestResult executionId="9bb443ff-cb51-4f09-8d35-fe2698684316" testId="8374ccfe-aa64-5418-f90e-b570eb1f8f8e" testName="TestConstructor_ErrorDescriptionAndInnerException_Success" computerName="DKSR-EFI-06" duration="00:00:00.0002610" startTime="2024-01-09T15:40:59.8672088+01:00" endTime="2024-01-09T15:40:59.8672088+01:00" testType="13cdc9d9-ddb5-4fa4-a97d-d965ccfc6d4b" outcome="Passed" testListId="8c84fa94-04c1-424b-9868-57a2d4851a1d" relativeResultsDirectory="9bb443ff-cb51-4f09-8d35-fe2698684316" />
    <UnitTestResult executionId="953ade42-83c7-4cba-b0eb-30daee984419" testId="09aac61e-00b9-e150-5c37-a82f1ca0878b" testName="TestConstructor_ErrorDescriptionAndInnerException_Success" computerName="DKSR-EFI-06" duration="00:00:00.0002494" startTime="2024-01-09T15:40:59.9140823+01:00" endTime="2024-01-09T15:40:59.9140823+01:00" testType="13cdc9d9-ddb5-4fa4-a97d-d965ccfc6d4b" outcome="Passed" testListId="8c84fa94-04c1-424b-9868-57a2d4851a1d" relativeResultsDirectory="953ade42-83c7-4cba-b0eb-30daee984419" />
    <UnitTestResult executionId="f7cc127b-b75c-4be2-94f8-75b6c1ffe632" testId="574c04a2-fb84-4909-614e-299c2d1af45e" testName="TestConstructor_ErrorDescriptionAndInnerException_Success" computerName="DKSR-EFI-06" duration="00:00:00.0003579" startTime="2024-01-09T15:40:59.8828309+01:00" endTime="2024-01-09T15:40:59.8828309+01:00" testType="13cdc9d9-ddb5-4fa4-a97d-d965ccfc6d4b" outcome="Passed" testListId="8c84fa94-04c1-424b-9868-57a2d4851a1d" relativeResultsDirectory="f7cc127b-b75c-4be2-94f8-75b6c1ffe632" />
    <UnitTestResult executionId="c4d0c6bc-2b41-44a6-9ded-84eb5f7c3add" testId="b8f5e07c-999a-e6f5-8468-ed22e1a19fb2" testName="TestConstructor_NoParameters_Success" computerName="DKSR-EFI-06" duration="00:00:00.0003496" startTime="2024-01-09T15:40:59.9297082+01:00" endTime="2024-01-09T15:40:59.9297082+01:00" testType="13cdc9d9-ddb5-4fa4-a97d-d965ccfc6d4b" outcome="Passed" testListId="8c84fa94-04c1-424b-9868-57a2d4851a1d" relativeResultsDirectory="c4d0c6bc-2b41-44a6-9ded-84eb5f7c3add" />
    <UnitTestResult executionId="092c5058-1678-4652-b444-684e83492539" testId="552d887d-3c8c-5d22-5fc7-acb212ea98a5" testName="LayerModifiersUtil_IsGeographic_Set_Success" computerName="DKSR-EFI-06" duration="00:00:00.0002083" startTime="2024-01-09T15:40:59.7578314+01:00" endTime="2024-01-09T15:40:59.7578314+01:00" testType="13cdc9d9-ddb5-4fa4-a97d-d965ccfc6d4b" outcome="Passed" testListId="8c84fa94-04c1-424b-9868-57a2d4851a1d" relativeResultsDirectory="092c5058-1678-4652-b444-684e83492539" />
    <UnitTestResult executionId="e5acd471-0c7c-4298-a74d-560532b08426" testId="46a7b3d5-55a4-eee5-42d8-d374ad148f41" testName="TestConstructor_ErrorDescription_Success" computerName="DKSR-EFI-06" duration="00:00:00.0001861" startTime="2024-01-09T15:40:59.9297082+01:00" endTime="2024-01-09T15:40:59.9297082+01:00" testType="13cdc9d9-ddb5-4fa4-a97d-d965ccfc6d4b" outcome="Passed" testListId="8c84fa94-04c1-424b-9868-57a2d4851a1d" relativeResultsDirectory="e5acd471-0c7c-4298-a74d-560532b08426" />
    <UnitTestResult executionId="15e3a23f-48c3-4281-afd2-3cbd4a882561" testId="ab0894c0-226b-103c-3a51-a5533d4b718c" testName="TestAttributeExists_Success" computerName="DKSR-EFI-06" duration="00:00:00.0008581" startTime="2024-01-09T15:40:59.8828309+01:00" endTime="2024-01-09T15:40:59.8828309+01:00" testType="13cdc9d9-ddb5-4fa4-a97d-d965ccfc6d4b" outcome="Passed" testListId="8c84fa94-04c1-424b-9868-57a2d4851a1d" relativeResultsDirectory="15e3a23f-48c3-4281-afd2-3cbd4a882561" />
    <UnitTestResult executionId="8c88460c-5c87-4218-bb98-786546bc5c78" testId="92bd870f-71b7-aaed-1fef-9e9609e1d162" testName="TestConstructor_NoParameters_Success" computerName="DKSR-EFI-06" duration="00:00:00.0002393" startTime="2024-01-09T15:40:59.8828309+01:00" endTime="2024-01-09T15:40:59.8828309+01:00" testType="13cdc9d9-ddb5-4fa4-a97d-d965ccfc6d4b" outcome="Passed" testListId="8c84fa94-04c1-424b-9868-57a2d4851a1d" relativeResultsDirectory="8c88460c-5c87-4218-bb98-786546bc5c78" />
    <UnitTestResult executionId="5709a222-10fa-4f0f-90dd-062b2a8dcb29" testId="ab023b5e-edf5-d1ff-95c4-4dae2c305106" testName="TestConstructorErrorDescriptionErrorReasonAndInnerException" computerName="DKSR-EFI-06" duration="00:00:00.0001716" startTime="2024-01-09T15:40:59.8672088+01:00" endTime="2024-01-09T15:40:59.8672088+01:00" testType="13cdc9d9-ddb5-4fa4-a97d-d965ccfc6d4b" outcome="Passed" testListId="8c84fa94-04c1-424b-9868-57a2d4851a1d" relativeResultsDirectory="5709a222-10fa-4f0f-90dd-062b2a8dcb29" />
    <UnitTestResult executionId="fe1feb4f-b025-4ebf-a53f-a993c64bdc31" testId="5e020671-df3b-8924-3300-17b048ed033b" testName="TestConstructor_ErrorDescriptionInnerExceptionAndBuildingId_Success" computerName="DKSR-EFI-06" duration="00:00:00.0003943" startTime="2024-01-09T15:40:59.8515819+01:00" endTime="2024-01-09T15:40:59.8515819+01:00" testType="13cdc9d9-ddb5-4fa4-a97d-d965ccfc6d4b" outcome="Passed" testListId="8c84fa94-04c1-424b-9868-57a2d4851a1d" relativeResultsDirectory="fe1feb4f-b025-4ebf-a53f-a993c64bdc31" />
    <UnitTestResult executionId="3a70566c-22e2-4428-9739-a59b9202b2d8" testId="5375bfa0-1528-17ef-08aa-49a10d63bcca" testName="OnDeserializedClassArrayWithNull_Success" computerName="DKSR-EFI-06" duration="00:00:00.0022734" startTime="2024-01-09T15:40:59.8359573+01:00" endTime="2024-01-09T15:40:59.8515819+01:00" testType="13cdc9d9-ddb5-4fa4-a97d-d965ccfc6d4b" outcome="Passed" testListId="8c84fa94-04c1-424b-9868-57a2d4851a1d" relativeResultsDirectory="3a70566c-22e2-4428-9739-a59b9202b2d8" />
    <UnitTestResult executionId="92588bbc-3f07-4e3a-a679-2c321fec73c4" testId="d7e0d2a6-c9b7-a220-16e3-7348b7831c17" testName="TestAttributeExists_Success" computerName="DKSR-EFI-06" duration="00:00:00.0008571" startTime="2024-01-09T15:40:59.8672088+01:00" endTime="2024-01-09T15:40:59.8672088+01:00" testType="13cdc9d9-ddb5-4fa4-a97d-d965ccfc6d4b" outcome="Passed" testListId="8c84fa94-04c1-424b-9868-57a2d4851a1d" relativeResultsDirectory="92588bbc-3f07-4e3a-a679-2c321fec73c4" />
    <UnitTestResult executionId="8b78106f-2f03-454c-b879-84dd8d2ccda3" testId="480811c1-6c02-e540-e71d-bf889c898b59" testName="TestConstructor_ErrorDescription_Success" computerName="DKSR-EFI-06" duration="00:00:00.0002050" startTime="2024-01-09T15:40:59.9297082+01:00" endTime="2024-01-09T15:40:59.9297082+01:00" testType="13cdc9d9-ddb5-4fa4-a97d-d965ccfc6d4b" outcome="Passed" testListId="8c84fa94-04c1-424b-9868-57a2d4851a1d" relativeResultsDirectory="8b78106f-2f03-454c-b879-84dd8d2ccda3" />
    <UnitTestResult executionId="6bfec056-0219-4014-a3d0-b4ce54509812" testId="51bb8925-8db3-1f91-aa59-d60dd31b89f9" testName="TestConstructor_ErrorDescriptionAndInnerException_Success" computerName="DKSR-EFI-06" duration="00:00:00.0002468" startTime="2024-01-09T15:40:59.8672088+01:00" endTime="2024-01-09T15:40:59.8672088+01:00" testType="13cdc9d9-ddb5-4fa4-a97d-d965ccfc6d4b" outcome="Passed" testListId="8c84fa94-04c1-424b-9868-57a2d4851a1d" relativeResultsDirectory="6bfec056-0219-4014-a3d0-b4ce54509812" />
    <UnitTestResult executionId="3e167e96-d362-4359-856d-7f258631b172" testId="341e2993-dd9b-b335-097f-377cdba79b28" testName="TestConstructor_ErrorDescriptionAndItemId_Success" computerName="DKSR-EFI-06" duration="00:00:00.0003262" startTime="2024-01-09T15:40:59.8828309+01:00" endTime="2024-01-09T15:40:59.8828309+01:00" testType="13cdc9d9-ddb5-4fa4-a97d-d965ccfc6d4b" outcome="Passed" testListId="8c84fa94-04c1-424b-9868-57a2d4851a1d" relativeResultsDirectory="3e167e96-d362-4359-856d-7f258631b172" />
    <UnitTestResult executionId="812b1921-039f-4b0a-b606-4edfb3b3c0fa" testId="0c995c67-007b-2af2-d89b-ff45e480678e" testName="TestConstructor_ErrorDescriptionAndLayerId_Success" computerName="DKSR-EFI-06" duration="00:00:00.0003082" startTime="2024-01-09T15:40:59.8828309+01:00" endTime="2024-01-09T15:40:59.8828309+01:00" testType="13cdc9d9-ddb5-4fa4-a97d-d965ccfc6d4b" outcome="Passed" testListId="8c84fa94-04c1-424b-9868-57a2d4851a1d" relativeResultsDirectory="812b1921-039f-4b0a-b606-4edfb3b3c0fa" />
    <UnitTestResult executionId="e8b9de0f-3e23-4d8e-8dbc-396cc0506a8e" testId="212bfad4-dce4-f8dd-f6fa-eb7895153fa0" testName="TestConstructor_ErrorDescriptionAndRepositoryId_Success" computerName="DKSR-EFI-06" duration="00:00:00.0002826" startTime="2024-01-09T15:40:59.9297082+01:00" endTime="2024-01-09T15:40:59.9297082+01:00" testType="13cdc9d9-ddb5-4fa4-a97d-d965ccfc6d4b" outcome="Passed" testListId="8c84fa94-04c1-424b-9868-57a2d4851a1d" relativeResultsDirectory="e8b9de0f-3e23-4d8e-8dbc-396cc0506a8e" />
    <UnitTestResult executionId="fca6ee22-0639-4c96-8c81-22bdad21b27f" testId="635105b3-b470-2f08-fc44-9f29c4bfd7f6" testName="TestConstructor_NoParameters_Success" computerName="DKSR-EFI-06" duration="00:00:00.0002624" startTime="2024-01-09T15:40:59.9140823+01:00" endTime="2024-01-09T15:40:59.9140823+01:00" testType="13cdc9d9-ddb5-4fa4-a97d-d965ccfc6d4b" outcome="Passed" testListId="8c84fa94-04c1-424b-9868-57a2d4851a1d" relativeResultsDirectory="fca6ee22-0639-4c96-8c81-22bdad21b27f" />
  </Results>
  <TestDefinitions>
    <UnitTest name="LayerModifiersUtil_IsGeographic_Set_Success" storage="d:\actions-runner\_work\xpco\xpco\common\gismapshareddata\videoos.gismapshareddata.unittest\bin\debug\videoos.gismapshareddata.unittest.dll" id="552d887d-3c8c-5d22-5fc7-acb212ea98a5">
      <Execution id="092c5058-1678-4652-b444-684e83492539" />
      <TestMethod codeBase="D:\actions-runner\_work\XPCO\XPCO\Common\GisMapSharedData\VideoOS.GisMapSharedData.UnitTest\bin\Debug\VideoOS.GisMapSharedData.UnitTest.dll" adapterTypeName="executor://mstestadapter/v1" className="VideoOS.GisMapSharedData.UnitTest.Utilities.LayerModifiersUtilTests" name="LayerModifiersUtil_IsGeographic_Set_Success" />
    </UnitTest>
    <UnitTest name="TestConstructor_ErrorDescription_Success" storage="d:\actions-runner\_work\xpco\xpco\common\gismapshareddata\videoos.gismapshareddata.unittest\bin\debug\videoos.gismapshareddata.unittest.dll" id="282f6cdd-d62d-2b34-55d2-a4eb56661e41">
      <TestCategory>
        <TestCategoryItem TestCategory="MapCommandException" />
      </TestCategory>
      <Execution id="e348f5b0-604c-4f7b-86a8-cfa53dfa0f7f" />
      <TestMethod codeBase="D:\actions-runner\_work\XPCO\XPCO\Common\GisMapSharedData\VideoOS.GisMapSharedData.UnitTest\bin\Debug\VideoOS.GisMapSharedData.UnitTest.dll" adapterTypeName="executor://mstestadapter/v1" className="VideoOS.GisMapSharedData.UnitTest.CommandExceptions.MapCommandBuildingAlreadyExistsExceptionTest" name="TestConstructor_ErrorDescription_Success" />
    </UnitTest>
    <UnitTest name="TestAttributeExists_Success" storage="d:\actions-runner\_work\xpco\xpco\common\gismapshareddata\videoos.gismapshareddata.unittest\bin\debug\videoos.gismapshareddata.unittest.dll" id="7a1fd523-bc4d-f7ca-2a8b-8078c4b0c9de">
      <TestCategory>
        <TestCategoryItem TestCategory="MapCommandException" />
      </TestCategory>
      <Execution id="ffcab100-6143-4572-bf45-47698539fb6a" />
      <TestMethod codeBase="D:\actions-runner\_work\XPCO\XPCO\Common\GisMapSharedData\VideoOS.GisMapSharedData.UnitTest\bin\Debug\VideoOS.GisMapSharedData.UnitTest.dll" adapterTypeName="executor://mstestadapter/v1" className="VideoOS.GisMapSharedData.UnitTest.CommandExceptions.MapCommandViewPointAlreadyExistsExceptionTest" name="TestAttributeExists_Success" />
    </UnitTest>
    <UnitTest name="TestConstructorErrorDescriptionErrorReasonAndInnerException" storage="d:\actions-runner\_work\xpco\xpco\common\gismapshareddata\videoos.gismapshareddata.unittest\bin\debug\videoos.gismapshareddata.unittest.dll" id="ab023b5e-edf5-d1ff-95c4-4dae2c305106">
      <TestCategory>
        <TestCategoryItem TestCategory="MapCommandException" />
      </TestCategory>
      <Execution id="5709a222-10fa-4f0f-90dd-062b2a8dcb29" />
      <TestMethod codeBase="D:\actions-runner\_work\XPCO\XPCO\Common\GisMapSharedData\VideoOS.GisMapSharedData.UnitTest\bin\Debug\VideoOS.GisMapSharedData.UnitTest.dll" adapterTypeName="executor://mstestadapter/v1" className="VideoOS.GisMapSharedData.UnitTest.CommandExceptions.MapCommandExceptionTest" name="TestConstructorErrorDescriptionErrorReasonAndInnerException" />
    </UnitTest>
    <UnitTest name="TestConstructor_ErrorDescription_Success" storage="d:\actions-runner\_work\xpco\xpco\common\gismapshareddata\videoos.gismapshareddata.unittest\bin\debug\videoos.gismapshareddata.unittest.dll" id="3bd0d3b8-7840-6a04-f2da-406d55f8be8f">
      <TestCategory>
        <TestCategoryItem TestCategory="MapCommandException" />
      </TestCategory>
      <Execution id="3fd4888f-3210-4b9e-8dc7-9a18759482f9" />
      <TestMethod codeBase="D:\actions-runner\_work\XPCO\XPCO\Common\GisMapSharedData\VideoOS.GisMapSharedData.UnitTest\bin\Debug\VideoOS.GisMapSharedData.UnitTest.dll" adapterTypeName="executor://mstestadapter/v1" className="VideoOS.GisMapSharedData.UnitTest.CommandExceptions.MapCommandNonUniqueMapIdExceptionTest" name="TestConstructor_ErrorDescription_Success" />
    </UnitTest>
    <UnitTest name="TestConstructor_NoParameters_Success" storage="d:\actions-runner\_work\xpco\xpco\common\gismapshareddata\videoos.gismapshareddata.unittest\bin\debug\videoos.gismapshareddata.unittest.dll" id="56f0a806-4ae7-f3bf-f230-fcbf2a919631">
      <TestCategory>
        <TestCategoryItem TestCategory="MapCommandException" />
      </TestCategory>
      <Execution id="a0577903-6ab1-4d17-9404-afaab4de4f72" />
      <TestMethod codeBase="D:\actions-runner\_work\XPCO\XPCO\Common\GisMapSharedData\VideoOS.GisMapSharedData.UnitTest\bin\Debug\VideoOS.GisMapSharedData.UnitTest.dll" adapterTypeName="executor://mstestadapter/v1" className="VideoOS.GisMapSharedData.UnitTest.CommandExceptions.MapCommandNonUniqueMapIdExceptionTest" name="TestConstructor_NoParameters_Success" />
    </UnitTest>
    <UnitTest name="TestConstructor_ErrorDescriptionAndInnerException_Success" storage="d:\actions-runner\_work\xpco\xpco\common\gismapshareddata\videoos.gismapshareddata.unittest\bin\debug\videoos.gismapshareddata.unittest.dll" id="76fc855d-59dc-3b6e-3e6e-e6a15465cefb">
      <TestCategory>
        <TestCategoryItem TestCategory="MapCommandException" />
      </TestCategory>
      <Execution id="bf57c30c-3598-4bba-8e01-3c53b2b6e20f" />
      <TestMethod codeBase="D:\actions-runner\_work\XPCO\XPCO\Common\GisMapSharedData\VideoOS.GisMapSharedData.UnitTest\bin\Debug\VideoOS.GisMapSharedData.UnitTest.dll" adapterTypeName="executor://mstestadapter/v1" className="VideoOS.GisMapSharedData.UnitTest.CommandExceptions.MapCommandObsoleteItemTypeExceptionTest" name="TestConstructor_ErrorDescriptionAndInnerException_Success" />
    </UnitTest>
    <UnitTest name="OnSerializingWithNullStringRefrenceTypes_Success" storage="d:\actions-runner\_work\xpco\xpco\common\gismapshareddata\videoos.gismapshareddata.unittest\bin\debug\videoos.gismapshareddata.unittest.dll" id="b8c1d960-d981-e959-4b75-35666a309479">
      <Execution id="5de21f7c-14e9-4e3e-aeb9-ffc825cf63ce" />
      <TestMethod codeBase="D:\actions-runner\_work\XPCO\XPCO\Common\GisMapSharedData\VideoOS.GisMapSharedData.UnitTest\bin\Debug\VideoOS.GisMapSharedData.UnitTest.dll" adapterTypeName="executor://mstestadapter/v1" className="VideoOS.GisMapSharedData.UnitTest.DataContracts.ParamsRespBaseTest" name="OnSerializingWithNullStringRefrenceTypes_Success" />
    </UnitTest>
    <UnitTest name="TestConstructor_ErrorDescriptionAndInnerException_Success" storage="d:\actions-runner\_work\xpco\xpco\common\gismapshareddata\videoos.gismapshareddata.unittest\bin\debug\videoos.gismapshareddata.unittest.dll" id="3780b401-471f-5e39-74d3-5034ce8d6175">
      <TestCategory>
        <TestCategoryItem TestCategory="MapCommandException" />
      </TestCategory>
      <Execution id="8d5fc7d0-66e2-485c-bd9e-f44ddae119e2" />
      <TestMethod codeBase="D:\actions-runner\_work\XPCO\XPCO\Common\GisMapSharedData\VideoOS.GisMapSharedData.UnitTest\bin\Debug\VideoOS.GisMapSharedData.UnitTest.dll" adapterTypeName="executor://mstestadapter/v1" className="VideoOS.GisMapSharedData.UnitTest.CommandExceptions.MapCommandSqlDatabaseExceptionTest" name="TestConstructor_ErrorDescriptionAndInnerException_Success" />
    </UnitTest>
    <UnitTest name="TestConstructorErrorDescription" storage="d:\actions-runner\_work\xpco\xpco\common\gismapshareddata\videoos.gismapshareddata.unittest\bin\debug\videoos.gismapshareddata.unittest.dll" id="983cd1f3-5dee-cccf-20ee-82d7f5bee7cf">
      <TestCategory>
        <TestCategoryItem TestCategory="MapCommandException" />
      </TestCategory>
      <Execution id="7d28365c-5445-4545-a7a5-870fe7453e2f" />
      <TestMethod codeBase="D:\actions-runner\_work\XPCO\XPCO\Common\GisMapSharedData\VideoOS.GisMapSharedData.UnitTest\bin\Debug\VideoOS.GisMapSharedData.UnitTest.dll" adapterTypeName="executor://mstestadapter/v1" className="VideoOS.GisMapSharedData.UnitTest.CommandExceptions.MapCommandInvalidAuthenticationExceptionTest" name="TestConstructorErrorDescription" />
    </UnitTest>
    <UnitTest name="TestConstructor_NoParameters_Success" storage="d:\actions-runner\_work\xpco\xpco\common\gismapshareddata\videoos.gismapshareddata.unittest\bin\debug\videoos.gismapshareddata.unittest.dll" id="78341228-1f98-b2cc-27df-b48d8c6bbfb9">
      <TestCategory>
        <TestCategoryItem TestCategory="MapCommandException" />
      </TestCategory>
      <Execution id="183f4c24-4f42-49cd-82f5-5536418053f1" />
      <TestMethod codeBase="D:\actions-runner\_work\XPCO\XPCO\Common\GisMapSharedData\VideoOS.GisMapSharedData.UnitTest\bin\Debug\VideoOS.GisMapSharedData.UnitTest.dll" adapterTypeName="executor://mstestadapter/v1" className="VideoOS.GisMapSharedData.UnitTest.CommandExceptions.MapCommandLayerOrderGapFoundExceptionTest" name="TestConstructor_NoParameters_Success" />
    </UnitTest>
    <UnitTest name="TestConstructor_ErrorDescriptionAndInnerException_Success" storage="d:\actions-runner\_work\xpco\xpco\common\gismapshareddata\videoos.gismapshareddata.unittest\bin\debug\videoos.gismapshareddata.unittest.dll" id="e70f68ca-ac2d-b0ec-750e-39f788b4a0d7">
      <TestCategory>
        <TestCategoryItem TestCategory="MapCommandException" />
      </TestCategory>
      <Execution id="e93dd2b3-5462-44b9-9e4b-cd2c66b40a6c" />
      <TestMethod codeBase="D:\actions-runner\_work\XPCO\XPCO\Common\GisMapSharedData\VideoOS.GisMapSharedData.UnitTest\bin\Debug\VideoOS.GisMapSharedData.UnitTest.dll" adapterTypeName="executor://mstestadapter/v1" className="VideoOS.GisMapSharedData.UnitTest.CommandExceptions.MapCommandViewPointAlreadyExistsExceptionTest" name="TestConstructor_ErrorDescriptionAndInnerException_Success" />
    </UnitTest>
    <UnitTest name="TestConstructor_NoParameters_Success" storage="d:\actions-runner\_work\xpco\xpco\common\gismapshareddata\videoos.gismapshareddata.unittest\bin\debug\videoos.gismapshareddata.unittest.dll" id="1e951778-088f-2cbf-a7ac-7b524963ef42">
      <TestCategory>
        <TestCategoryItem TestCategory="MapCommandException" />
      </TestCategory>
      <Execution id="f4fae054-90ff-4ffc-97c5-52b3ef1a7dfd" />
      <TestMethod codeBase="D:\actions-runner\_work\XPCO\XPCO\Common\GisMapSharedData\VideoOS.GisMapSharedData.UnitTest\bin\Debug\VideoOS.GisMapSharedData.UnitTest.dll" adapterTypeName="executor://mstestadapter/v1" className="VideoOS.GisMapSharedData.UnitTest.CommandExceptions.MapCommandObsoleteItemTypeExceptionTest" name="TestConstructor_NoParameters_Success" />
    </UnitTest>
    <UnitTest name="TestConstructor_ErrorDescriptionAndInnerException_Success" storage="d:\actions-runner\_work\xpco\xpco\common\gismapshareddata\videoos.gismapshareddata.unittest\bin\debug\videoos.gismapshareddata.unittest.dll" id="09aac61e-00b9-e150-5c37-a82f1ca0878b">
      <TestCategory>
        <TestCategoryItem TestCategory="MapCommandException" />
      </TestCategory>
      <Execution id="953ade42-83c7-4cba-b0eb-30daee984419" />
      <TestMethod codeBase="D:\actions-runner\_work\XPCO\XPCO\Common\GisMapSharedData\VideoOS.GisMapSharedData.UnitTest\bin\Debug\VideoOS.GisMapSharedData.UnitTest.dll" adapterTypeName="executor://mstestadapter/v1" className="VideoOS.GisMapSharedData.UnitTest.CommandExceptions.MapCommandOperationNotSupportedExceptionTest" name="TestConstructor_ErrorDescriptionAndInnerException_Success" />
    </UnitTest>
    <UnitTest name="TestAttributeExists_Success" storage="d:\actions-runner\_work\xpco\xpco\common\gismapshareddata\videoos.gismapshareddata.unittest\bin\debug\videoos.gismapshareddata.unittest.dll" id="39b87cb6-8943-8703-e79b-928509672861">
      <TestCategory>
        <TestCategoryItem TestCategory="MapCommandException" />
      </TestCategory>
      <Execution id="4b9c06e2-2fa7-4112-9f61-2e9f5117baf0" />
      <TestMethod codeBase="D:\actions-runner\_work\XPCO\XPCO\Common\GisMapSharedData\VideoOS.GisMapSharedData.UnitTest\bin\Debug\VideoOS.GisMapSharedData.UnitTest.dll" adapterTypeName="executor://mstestadapter/v1" className="VideoOS.GisMapSharedData.UnitTest.CommandExceptions.MapCommandLayerNotFoundExceptionTest" name="TestAttributeExists_Success" />
    </UnitTest>
    <UnitTest name="TestConstructor_NoParameters_Success" storage="d:\actions-runner\_work\xpco\xpco\common\gismapshareddata\videoos.gismapshareddata.unittest\bin\debug\videoos.gismapshareddata.unittest.dll" id="89db94f9-da05-009a-fdcf-deff6b001e66">
      <TestCategory>
        <TestCategoryItem TestCategory="MapCommandException" />
      </TestCategory>
      <Execution id="a3e20a76-bd6d-4f0f-a062-c7fc5556c5d3" />
      <TestMethod codeBase="D:\actions-runner\_work\XPCO\XPCO\Common\GisMapSharedData\VideoOS.GisMapSharedData.UnitTest\bin\Debug\VideoOS.GisMapSharedData.UnitTest.dll" adapterTypeName="executor://mstestadapter/v1" className="VideoOS.GisMapSharedData.UnitTest.CommandExceptions.MapCommandSanityCheckFailedExceptionTest" name="TestConstructor_NoParameters_Success" />
    </UnitTest>
    <UnitTest name="TestAttributeExists_Success" storage="d:\actions-runner\_work\xpco\xpco\common\gismapshareddata\videoos.gismapshareddata.unittest\bin\debug\videoos.gismapshareddata.unittest.dll" id="cf2a7e04-e15f-02bb-c084-691a39b49b93">
      <TestCategory>
        <TestCategoryItem TestCategory="MapCommandException" />
      </TestCategory>
      <Execution id="e6e362e7-e2a6-4667-a598-7fa8cd8abace" />
      <TestMethod codeBase="D:\actions-runner\_work\XPCO\XPCO\Common\GisMapSharedData\VideoOS.GisMapSharedData.UnitTest\bin\Debug\VideoOS.GisMapSharedData.UnitTest.dll" adapterTypeName="executor://mstestadapter/v1" className="VideoOS.GisMapSharedData.UnitTest.CommandExceptions.MapCommandNonUniqueMapIdExceptionTest" name="TestAttributeExists_Success" />
    </UnitTest>
    <UnitTest name="TestConstructor_ErrorDescription_Success" storage="d:\actions-runner\_work\xpco\xpco\common\gismapshareddata\videoos.gismapshareddata.unittest\bin\debug\videoos.gismapshareddata.unittest.dll" id="a579e24a-b3b3-0e74-d0ad-623787297a42">
      <TestCategory>
        <TestCategoryItem TestCategory="MapCommandException" />
      </TestCategory>
      <Execution id="59504804-130a-45d1-b34a-9a00c55c6226" />
      <TestMethod codeBase="D:\actions-runner\_work\XPCO\XPCO\Common\GisMapSharedData\VideoOS.GisMapSharedData.UnitTest\bin\Debug\VideoOS.GisMapSharedData.UnitTest.dll" adapterTypeName="executor://mstestadapter/v1" className="VideoOS.GisMapSharedData.UnitTest.CommandExceptions.MapCommandItemAlreadyExistsExceptionTest" name="TestConstructor_ErrorDescription_Success" />
    </UnitTest>
    <UnitTest name="TestAttributeExists_Success" storage="d:\actions-runner\_work\xpco\xpco\common\gismapshareddata\videoos.gismapshareddata.unittest\bin\debug\videoos.gismapshareddata.unittest.dll" id="d55efac6-8dbf-3356-751a-54b4424e775e">
      <TestCategory>
        <TestCategoryItem TestCategory="MapCommandException" />
      </TestCategory>
      <Execution id="24d2e275-54e3-44e5-845e-8ee8529640fa" />
      <TestMethod codeBase="D:\actions-runner\_work\XPCO\XPCO\Common\GisMapSharedData\VideoOS.GisMapSharedData.UnitTest\bin\Debug\VideoOS.GisMapSharedData.UnitTest.dll" adapterTypeName="executor://mstestadapter/v1" className="VideoOS.GisMapSharedData.UnitTest.CommandExceptions.MapCommandMapNotFoundExceptionTest" name="TestAttributeExists_Success" />
    </UnitTest>
    <UnitTest name="TestAttributeExists_Success" storage="d:\actions-runner\_work\xpco\xpco\common\gismapshareddata\videoos.gismapshareddata.unittest\bin\debug\videoos.gismapshareddata.unittest.dll" id="b74660fc-35dd-abf6-6ed9-4b1145809cd6">
      <TestCategory>
        <TestCategoryItem TestCategory="MapCommandException" />
      </TestCategory>
      <Execution id="c48e61ff-31fb-433c-a344-bf314c54ced2" />
      <TestMethod codeBase="D:\actions-runner\_work\XPCO\XPCO\Common\GisMapSharedData\VideoOS.GisMapSharedData.UnitTest\bin\Debug\VideoOS.GisMapSharedData.UnitTest.dll" adapterTypeName="executor://mstestadapter/v1" className="VideoOS.GisMapSharedData.UnitTest.CommandExceptions.MapCommandExceptionTest" name="TestAttributeExists_Success" />
    </UnitTest>
    <UnitTest name="TestConstructor_ErrorDescriptionAndInnerException_Success" storage="d:\actions-runner\_work\xpco\xpco\common\gismapshareddata\videoos.gismapshareddata.unittest\bin\debug\videoos.gismapshareddata.unittest.dll" id="51bb8925-8db3-1f91-aa59-d60dd31b89f9">
      <TestCategory>
        <TestCategoryItem TestCategory="MapCommandException" />
      </TestCategory>
      <Execution id="6bfec056-0219-4014-a3d0-b4ce54509812" />
      <TestMethod codeBase="D:\actions-runner\_work\XPCO\XPCO\Common\GisMapSharedData\VideoOS.GisMapSharedData.UnitTest\bin\Debug\VideoOS.GisMapSharedData.UnitTest.dll" adapterTypeName="executor://mstestadapter/v1" className="VideoOS.GisMapSharedData.UnitTest.CommandExceptions.MapCommandInvalidTypeExceptionTest" name="TestConstructor_ErrorDescriptionAndInnerException_Success" />
    </UnitTest>
    <UnitTest name="TestConstructor_ErrorDescriptionAndItemId_Success" storage="d:\actions-runner\_work\xpco\xpco\common\gismapshareddata\videoos.gismapshareddata.unittest\bin\debug\videoos.gismapshareddata.unittest.dll" id="341e2993-dd9b-b335-097f-377cdba79b28">
      <TestCategory>
        <TestCategoryItem TestCategory="MapCommandException" />
      </TestCategory>
      <Execution id="3e167e96-d362-4359-856d-7f258631b172" />
      <TestMethod codeBase="D:\actions-runner\_work\XPCO\XPCO\Common\GisMapSharedData\VideoOS.GisMapSharedData.UnitTest\bin\Debug\VideoOS.GisMapSharedData.UnitTest.dll" adapterTypeName="executor://mstestadapter/v1" className="VideoOS.GisMapSharedData.UnitTest.CommandExceptions.MapCommandItemAlreadyExistsExceptionTest" name="TestConstructor_ErrorDescriptionAndItemId_Success" />
    </UnitTest>
    <UnitTest name="TestConstructor_ErrorDescription_Success" storage="d:\actions-runner\_work\xpco\xpco\common\gismapshareddata\videoos.gismapshareddata.unittest\bin\debug\videoos.gismapshareddata.unittest.dll" id="5f38dc30-d0a8-499e-d516-ebda9a426621">
      <TestCategory>
        <TestCategoryItem TestCategory="MapCommandException" />
      </TestCategory>
      <Execution id="d34523dc-b72e-4795-9846-1a244f1cf5d9" />
      <TestMethod codeBase="D:\actions-runner\_work\XPCO\XPCO\Common\GisMapSharedData\VideoOS.GisMapSharedData.UnitTest\bin\Debug\VideoOS.GisMapSharedData.UnitTest.dll" adapterTypeName="executor://mstestadapter/v1" className="VideoOS.GisMapSharedData.UnitTest.CommandExceptions.MapCommandNonUniqueBuildingIdExceptionTest" name="TestConstructor_ErrorDescription_Success" />
    </UnitTest>
    <UnitTest name="TestConstructor_ErrorDescription_Success" storage="d:\actions-runner\_work\xpco\xpco\common\gismapshareddata\videoos.gismapshareddata.unittest\bin\debug\videoos.gismapshareddata.unittest.dll" id="46a7b3d5-55a4-eee5-42d8-d374ad148f41">
      <TestCategory>
        <TestCategoryItem TestCategory="MapCommandException" />
      </TestCategory>
      <Execution id="e5acd471-0c7c-4298-a74d-560532b08426" />
      <TestMethod codeBase="D:\actions-runner\_work\XPCO\XPCO\Common\GisMapSharedData\VideoOS.GisMapSharedData.UnitTest\bin\Debug\VideoOS.GisMapSharedData.UnitTest.dll" adapterTypeName="executor://mstestadapter/v1" className="VideoOS.GisMapSharedData.UnitTest.CommandExceptions.MapCommandOrderGapFoundExceptionTest" name="TestConstructor_ErrorDescription_Success" />
    </UnitTest>
    <UnitTest name="TestConstructor_ErrorDescriptionAndInnerException_Success" storage="d:\actions-runner\_work\xpco\xpco\common\gismapshareddata\videoos.gismapshareddata.unittest\bin\debug\videoos.gismapshareddata.unittest.dll" id="20aebe3e-4510-5727-c483-614a7d667a4e">
      <TestCategory>
        <TestCategoryItem TestCategory="MapCommandException" />
      </TestCategory>
      <Execution id="8d7b2b0e-77e3-4333-b022-b5071ac03c32" />
      <TestMethod codeBase="D:\actions-runner\_work\XPCO\XPCO\Common\GisMapSharedData\VideoOS.GisMapSharedData.UnitTest\bin\Debug\VideoOS.GisMapSharedData.UnitTest.dll" adapterTypeName="executor://mstestadapter/v1" className="VideoOS.GisMapSharedData.UnitTest.CommandExceptions.MapCommandLayerOrderGapFoundExceptionTest" name="TestConstructor_ErrorDescriptionAndInnerException_Success" />
    </UnitTest>
    <UnitTest name="TestConstructor_ErrorDescription_Success" storage="d:\actions-runner\_work\xpco\xpco\common\gismapshareddata\videoos.gismapshareddata.unittest\bin\debug\videoos.gismapshareddata.unittest.dll" id="d25606fa-1c10-0505-7905-5091ccf60f29">
      <TestCategory>
        <TestCategoryItem TestCategory="MapCommandException" />
      </TestCategory>
      <Execution id="840e48a6-4f6e-4571-a1aa-4cf739273554" />
      <TestMethod codeBase="D:\actions-runner\_work\XPCO\XPCO\Common\GisMapSharedData\VideoOS.GisMapSharedData.UnitTest\bin\Debug\VideoOS.GisMapSharedData.UnitTest.dll" adapterTypeName="executor://mstestadapter/v1" className="VideoOS.GisMapSharedData.UnitTest.CommandExceptions.MapCommandViewPointNotFoundExceptionTest" name="TestConstructor_ErrorDescription_Success" />
    </UnitTest>
    <UnitTest name="TestConstructor_ErrorDescriptionAndInnerException_Success" storage="d:\actions-runner\_work\xpco\xpco\common\gismapshareddata\videoos.gismapshareddata.unittest\bin\debug\videoos.gismapshareddata.unittest.dll" id="c9a2a0f4-5052-9f35-6fa1-d26cec5d9b2e">
      <TestCategory>
        <TestCategoryItem TestCategory="MapCommandException" />
      </TestCategory>
      <Execution id="2babc279-0ccb-4e0f-84d4-58dd64b0ddf3" />
      <TestMethod codeBase="D:\actions-runner\_work\XPCO\XPCO\Common\GisMapSharedData\VideoOS.GisMapSharedData.UnitTest\bin\Debug\VideoOS.GisMapSharedData.UnitTest.dll" adapterTypeName="executor://mstestadapter/v1" className="VideoOS.GisMapSharedData.UnitTest.CommandExceptions.MapCommandRepositoryNotFoundExceptionTest" name="TestConstructor_ErrorDescriptionAndInnerException_Success" />
    </UnitTest>
    <UnitTest name="TestForUniqueDataContracts_Success" storage="d:\actions-runner\_work\xpco\xpco\common\gismapshareddata\videoos.gismapshareddata.unittest\bin\debug\videoos.gismapshareddata.unittest.dll" id="5124fb47-994c-706e-1ac8-9ad3e825c8f1">
      <Execution id="1d40a011-95ce-44de-93dc-9e0ea03d1801" />
      <TestMethod codeBase="D:\actions-runner\_work\XPCO\XPCO\Common\GisMapSharedData\VideoOS.GisMapSharedData.UnitTest\bin\Debug\VideoOS.GisMapSharedData.UnitTest.dll" adapterTypeName="executor://mstestadapter/v1" className="VideoOS.GisMapSharedData.UnitTest.DataContracts.UniqueDataContractTest" name="TestForUniqueDataContracts_Success" />
    </UnitTest>
    <UnitTest name="OnDeserializedClassPropertyFullTree_Success" storage="d:\actions-runner\_work\xpco\xpco\common\gismapshareddata\videoos.gismapshareddata.unittest\bin\debug\videoos.gismapshareddata.unittest.dll" id="e802653e-f2ed-f7c6-a5fb-e01e28492882">
      <Execution id="73fae0ff-5842-47c4-9a1b-73f593748cf1" />
      <TestMethod codeBase="D:\actions-runner\_work\XPCO\XPCO\Common\GisMapSharedData\VideoOS.GisMapSharedData.UnitTest\bin\Debug\VideoOS.GisMapSharedData.UnitTest.dll" adapterTypeName="executor://mstestadapter/v1" className="VideoOS.GisMapSharedData.UnitTest.DataContracts.ParamsRespBaseTest" name="OnDeserializedClassPropertyFullTree_Success" />
    </UnitTest>
    <UnitTest name="CheckAllDataContractsForIUnknownDataPropertiesInterface_Success" storage="d:\actions-runner\_work\xpco\xpco\common\gismapshareddata\videoos.gismapshareddata.unittest\bin\debug\videoos.gismapshareddata.unittest.dll" id="a197526b-8363-3cfa-d897-f9de0fdcf070">
      <Execution id="f25fbb0a-b8a0-4a5c-b276-c1889a2159ae" />
      <TestMethod codeBase="D:\actions-runner\_work\XPCO\XPCO\Common\GisMapSharedData\VideoOS.GisMapSharedData.UnitTest\bin\Debug\VideoOS.GisMapSharedData.UnitTest.dll" adapterTypeName="executor://mstestadapter/v1" className="VideoOS.GisMapSharedData.UnitTest.DataContracts.IUnknownDataPropertiesTest" name="CheckAllDataContractsForIUnknownDataPropertiesInterface_Success" />
    </UnitTest>
    <UnitTest name="TestAttributeExists_Success" storage="d:\actions-runner\_work\xpco\xpco\common\gismapshareddata\videoos.gismapshareddata.unittest\bin\debug\videoos.gismapshareddata.unittest.dll" id="90b58c10-d579-c9fe-3398-dc3c361ed0b4">
      <TestCategory>
        <TestCategoryItem TestCategory="MapCommandException" />
      </TestCategory>
      <Execution id="14abf231-122e-4507-b0d3-4e900757dcc3" />
      <TestMethod codeBase="D:\actions-runner\_work\XPCO\XPCO\Common\GisMapSharedData\VideoOS.GisMapSharedData.UnitTest\bin\Debug\VideoOS.GisMapSharedData.UnitTest.dll" adapterTypeName="executor://mstestadapter/v1" className="VideoOS.GisMapSharedData.UnitTest.CommandExceptions.MapCommandMapAlreadyExistsExceptionTest" name="TestAttributeExists_Success" />
    </UnitTest>
    <UnitTest name="TestConstructor_ErrorDescriptionAndInnerException_Success" storage="d:\actions-runner\_work\xpco\xpco\common\gismapshareddata\videoos.gismapshareddata.unittest\bin\debug\videoos.gismapshareddata.unittest.dll" id="3a2b1bad-0152-208e-122a-993b408719f7">
      <TestCategory>
        <TestCategoryItem TestCategory="MapCommandException" />
      </TestCategory>
      <Execution id="8e398294-25d7-4849-9061-ad50bdbc5cc0" />
      <TestMethod codeBase="D:\actions-runner\_work\XPCO\XPCO\Common\GisMapSharedData\VideoOS.GisMapSharedData.UnitTest\bin\Debug\VideoOS.GisMapSharedData.UnitTest.dll" adapterTypeName="executor://mstestadapter/v1" className="VideoOS.GisMapSharedData.UnitTest.CommandExceptions.MapCommandOrderGapFoundExceptionTest" name="TestConstructor_ErrorDescriptionAndInnerException_Success" />
    </UnitTest>
    <UnitTest name="TestConstructor_ErrorDescription_Success" storage="d:\actions-runner\_work\xpco\xpco\common\gismapshareddata\videoos.gismapshareddata.unittest\bin\debug\videoos.gismapshareddata.unittest.dll" id="cdb81642-ea0b-a3d0-9125-47311a6a6119">
      <TestCategory>
        <TestCategoryItem TestCategory="MapCommandException" />
      </TestCategory>
      <Execution id="ed9d13fb-0dee-4da9-964c-93826e3d353d" />
      <TestMethod codeBase="D:\actions-runner\_work\XPCO\XPCO\Common\GisMapSharedData\VideoOS.GisMapSharedData.UnitTest\bin\Debug\VideoOS.GisMapSharedData.UnitTest.dll" adapterTypeName="executor://mstestadapter/v1" className="VideoOS.GisMapSharedData.UnitTest.CommandExceptions.MapCommandMapAlreadyExistsExceptionTest" name="TestConstructor_ErrorDescription_Success" />
    </UnitTest>
    <UnitTest name="TestConstructor_ErrorDescriptionAndInnerException_Success" storage="d:\actions-runner\_work\xpco\xpco\common\gismapshareddata\videoos.gismapshareddata.unittest\bin\debug\videoos.gismapshareddata.unittest.dll" id="63f594bb-866c-1740-3625-759d01b0ee2b">
      <TestCategory>
        <TestCategoryItem TestCategory="MapCommandException" />
      </TestCategory>
      <Execution id="8aa62db9-d8bc-43d3-83dc-1f5be8a1f958" />
      <TestMethod codeBase="D:\actions-runner\_work\XPCO\XPCO\Common\GisMapSharedData\VideoOS.GisMapSharedData.UnitTest\bin\Debug\VideoOS.GisMapSharedData.UnitTest.dll" adapterTypeName="executor://mstestadapter/v1" className="VideoOS.GisMapSharedData.UnitTest.CommandExceptions.MapCommandItemAlreadyExistsExceptionTest" name="TestConstructor_ErrorDescriptionAndInnerException_Success" />
    </UnitTest>
    <UnitTest name="TestConstructor_NoParameters_Success" storage="d:\actions-runner\_work\xpco\xpco\common\gismapshareddata\videoos.gismapshareddata.unittest\bin\debug\videoos.gismapshareddata.unittest.dll" id="7fdf6317-47f2-9ce1-b041-a711b45d1e1c">
      <TestCategory>
        <TestCategoryItem TestCategory="MapCommandException" />
      </TestCategory>
      <Execution id="0019c774-2bbd-456c-b5cf-e7f06a708712" />
      <TestMethod codeBase="D:\actions-runner\_work\XPCO\XPCO\Common\GisMapSharedData\VideoOS.GisMapSharedData.UnitTest\bin\Debug\VideoOS.GisMapSharedData.UnitTest.dll" adapterTypeName="executor://mstestadapter/v1" className="VideoOS.GisMapSharedData.UnitTest.CommandExceptions.MapCommandRepositoryNotFoundExceptionTest" name="TestConstructor_NoParameters_Success" />
    </UnitTest>
    <UnitTest name="TestConstructor_ErrorDescriptionAndInnerException_Success" storage="d:\actions-runner\_work\xpco\xpco\common\gismapshareddata\videoos.gismapshareddata.unittest\bin\debug\videoos.gismapshareddata.unittest.dll" id="3e3de984-b158-332c-9e83-071b2fd89bb7">
      <TestCategory>
        <TestCategoryItem TestCategory="MapCommandException" />
      </TestCategory>
      <Execution id="3755caa6-b825-43d9-b772-8aa3161bea14" />
      <TestMethod codeBase="D:\actions-runner\_work\XPCO\XPCO\Common\GisMapSharedData\VideoOS.GisMapSharedData.UnitTest\bin\Debug\VideoOS.GisMapSharedData.UnitTest.dll" adapterTypeName="executor://mstestadapter/v1" className="VideoOS.GisMapSharedData.UnitTest.CommandExceptions.MapCommandLayerNotFoundExceptionTest" name="TestConstructor_ErrorDescriptionAndInnerException_Success" />
    </UnitTest>
    <UnitTest name="OnDeserializedWithUnknownNullObject_Success" storage="d:\actions-runner\_work\xpco\xpco\common\gismapshareddata\videoos.gismapshareddata.unittest\bin\debug\videoos.gismapshareddata.unittest.dll" id="94e7edba-670f-d7b7-71b5-b01347d8f1f1">
      <Execution id="63c8aa48-c2bf-4fbe-8670-965e12abad12" />
      <TestMethod codeBase="D:\actions-runner\_work\XPCO\XPCO\Common\GisMapSharedData\VideoOS.GisMapSharedData.UnitTest\bin\Debug\VideoOS.GisMapSharedData.UnitTest.dll" adapterTypeName="executor://mstestadapter/v1" className="VideoOS.GisMapSharedData.UnitTest.DataContracts.ParamsRespBaseTest" name="OnDeserializedWithUnknownNullObject_Success" />
    </UnitTest>
    <UnitTest name="TestAttributeExists_Success" storage="d:\actions-runner\_work\xpco\xpco\common\gismapshareddata\videoos.gismapshareddata.unittest\bin\debug\videoos.gismapshareddata.unittest.dll" id="4ca54b1a-2f71-bed7-94b6-34df043645bc">
      <TestCategory>
        <TestCategoryItem TestCategory="MapCommandException" />
      </TestCategory>
      <Execution id="1fa26050-f7b8-4a92-b9a3-46c50a06c168" />
      <TestMethod codeBase="D:\actions-runner\_work\XPCO\XPCO\Common\GisMapSharedData\VideoOS.GisMapSharedData.UnitTest\bin\Debug\VideoOS.GisMapSharedData.UnitTest.dll" adapterTypeName="executor://mstestadapter/v1" className="VideoOS.GisMapSharedData.UnitTest.CommandExceptions.MapCommandLevelNotFoundExceptionTest" name="TestAttributeExists_Success" />
    </UnitTest>
    <UnitTest name="TestConstructor_RepositoryId_Success" storage="d:\actions-runner\_work\xpco\xpco\common\gismapshareddata\videoos.gismapshareddata.unittest\bin\debug\videoos.gismapshareddata.unittest.dll" id="10c01568-98c2-f651-4062-0ab025fe90b9">
      <TestCategory>
        <TestCategoryItem TestCategory="MapCommandException" />
      </TestCategory>
      <Execution id="438a9957-68c3-49c5-8836-d9366e4320c6" />
      <TestMethod codeBase="D:\actions-runner\_work\XPCO\XPCO\Common\GisMapSharedData\VideoOS.GisMapSharedData.UnitTest\bin\Debug\VideoOS.GisMapSharedData.UnitTest.dll" adapterTypeName="executor://mstestadapter/v1" className="VideoOS.GisMapSharedData.UnitTest.CommandExceptions.MapCommandRepositoryAlreadyExistsExceptionTest" name="TestConstructor_RepositoryId_Success" />
    </UnitTest>
    <UnitTest name="TestConstructor_ErrorDescription_Success" storage="d:\actions-runner\_work\xpco\xpco\common\gismapshareddata\videoos.gismapshareddata.unittest\bin\debug\videoos.gismapshareddata.unittest.dll" id="0eac311d-2d52-35b9-ece5-69fa5a600a88">
      <TestCategory>
        <TestCategoryItem TestCategory="MapCommandException" />
      </TestCategory>
      <Execution id="5877ca5b-7246-4354-a3ae-c72c33ccbc6b" />
      <TestMethod codeBase="D:\actions-runner\_work\XPCO\XPCO\Common\GisMapSharedData\VideoOS.GisMapSharedData.UnitTest\bin\Debug\VideoOS.GisMapSharedData.UnitTest.dll" adapterTypeName="executor://mstestadapter/v1" className="VideoOS.GisMapSharedData.UnitTest.CommandExceptions.MapCommandLayerNotFoundExceptionTest" name="TestConstructor_ErrorDescription_Success" />
    </UnitTest>
    <UnitTest name="TestConstructor_ErrorDescriptionAndInnerException_Success" storage="d:\actions-runner\_work\xpco\xpco\common\gismapshareddata\videoos.gismapshareddata.unittest\bin\debug\videoos.gismapshareddata.unittest.dll" id="8a18b369-b564-de78-237f-e905d4c9f3c9">
      <TestCategory>
        <TestCategoryItem TestCategory="MapCommandException" />
      </TestCategory>
      <Execution id="d4f2ca7b-1399-48e5-91ff-ecd76d575e64" />
      <TestMethod codeBase="D:\actions-runner\_work\XPCO\XPCO\Common\GisMapSharedData\VideoOS.GisMapSharedData.UnitTest\bin\Debug\VideoOS.GisMapSharedData.UnitTest.dll" adapterTypeName="executor://mstestadapter/v1" className="VideoOS.GisMapSharedData.UnitTest.CommandExceptions.MapCommandMapAlreadyExistsExceptionTest" name="TestConstructor_ErrorDescriptionAndInnerException_Success" />
    </UnitTest>
    <UnitTest name="TestAttributeExists_Success" storage="d:\actions-runner\_work\xpco\xpco\common\gismapshareddata\videoos.gismapshareddata.unittest\bin\debug\videoos.gismapshareddata.unittest.dll" id="28373339-424d-4fa5-b1a9-7715725e7339">
      <TestCategory>
        <TestCategoryItem TestCategory="MapCommandException" />
      </TestCategory>
      <Execution id="18f1f443-94dc-44af-ba24-3682de9b0d1a" />
      <TestMethod codeBase="D:\actions-runner\_work\XPCO\XPCO\Common\GisMapSharedData\VideoOS.GisMapSharedData.UnitTest\bin\Debug\VideoOS.GisMapSharedData.UnitTest.dll" adapterTypeName="executor://mstestadapter/v1" className="VideoOS.GisMapSharedData.UnitTest.CommandExceptions.MapCommandDatabaseExtraRowsExceptionTest" name="TestAttributeExists_Success" />
    </UnitTest>
    <UnitTest name="TestAttributeExists_Success" storage="d:\actions-runner\_work\xpco\xpco\common\gismapshareddata\videoos.gismapshareddata.unittest\bin\debug\videoos.gismapshareddata.unittest.dll" id="c34e4386-ca6b-97c5-aead-09efd148f3b6">
      <TestCategory>
        <TestCategoryItem TestCategory="MapCommandException" />
      </TestCategory>
      <Execution id="32911db2-fc2f-4a3e-95ff-7b437c219513" />
      <TestMethod codeBase="D:\actions-runner\_work\XPCO\XPCO\Common\GisMapSharedData\VideoOS.GisMapSharedData.UnitTest\bin\Debug\VideoOS.GisMapSharedData.UnitTest.dll" adapterTypeName="executor://mstestadapter/v1" className="VideoOS.GisMapSharedData.UnitTest.CommandExceptions.MapCommandBuildingNotFoundExceptionTest" name="TestAttributeExists_Success" />
    </UnitTest>
    <UnitTest name="TestConstructorNoParameters" storage="d:\actions-runner\_work\xpco\xpco\common\gismapshareddata\videoos.gismapshareddata.unittest\bin\debug\videoos.gismapshareddata.unittest.dll" id="fdbae078-1446-ebe1-792d-e0a8f563a8a9">
      <TestCategory>
        <TestCategoryItem TestCategory="MapCommandException" />
      </TestCategory>
      <Execution id="69510c6d-ec83-4150-b196-67f55f20f54f" />
      <TestMethod codeBase="D:\actions-runner\_work\XPCO\XPCO\Common\GisMapSharedData\VideoOS.GisMapSharedData.UnitTest\bin\Debug\VideoOS.GisMapSharedData.UnitTest.dll" adapterTypeName="executor://mstestadapter/v1" className="VideoOS.GisMapSharedData.UnitTest.CommandExceptions.MapCommandExceptionTest" name="TestConstructorNoParameters" />
    </UnitTest>
    <UnitTest name="TestConstructor_NoParameters_Success" storage="d:\actions-runner\_work\xpco\xpco\common\gismapshareddata\videoos.gismapshareddata.unittest\bin\debug\videoos.gismapshareddata.unittest.dll" id="93171284-da1b-6880-cab4-616aaa4da299">
      <TestCategory>
        <TestCategoryItem TestCategory="MapCommandException" />
      </TestCategory>
      <Execution id="0b6feefa-4b7b-4d3a-a31e-b94d28cfd868" />
      <TestMethod codeBase="D:\actions-runner\_work\XPCO\XPCO\Common\GisMapSharedData\VideoOS.GisMapSharedData.UnitTest\bin\Debug\VideoOS.GisMapSharedData.UnitTest.dll" adapterTypeName="executor://mstestadapter/v1" className="VideoOS.GisMapSharedData.UnitTest.CommandExceptions.MapCommandItemAlreadyExistsExceptionTest" name="TestConstructor_NoParameters_Success" />
    </UnitTest>
    <UnitTest name="TestConstructor_NoParameters_Success" storage="d:\actions-runner\_work\xpco\xpco\common\gismapshareddata\videoos.gismapshareddata.unittest\bin\debug\videoos.gismapshareddata.unittest.dll" id="8ec5d7f7-1b49-9ed3-d00e-af262c17469d">
      <TestCategory>
        <TestCategoryItem TestCategory="MapCommandException" />
      </TestCategory>
      <Execution id="a23617f9-20ae-43ce-9d16-a509090ba81f" />
      <TestMethod codeBase="D:\actions-runner\_work\XPCO\XPCO\Common\GisMapSharedData\VideoOS.GisMapSharedData.UnitTest\bin\Debug\VideoOS.GisMapSharedData.UnitTest.dll" adapterTypeName="executor://mstestadapter/v1" className="VideoOS.GisMapSharedData.UnitTest.CommandExceptions.MapCommandBuildingAlreadyExistsExceptionTest" name="TestConstructor_NoParameters_Success" />
    </UnitTest>
    <UnitTest name="TestConstructor_ErrorDescription_Success" storage="d:\actions-runner\_work\xpco\xpco\common\gismapshareddata\videoos.gismapshareddata.unittest\bin\debug\videoos.gismapshareddata.unittest.dll" id="11dc1696-abf2-582d-6c14-3c3ec02b0b90">
      <TestCategory>
        <TestCategoryItem TestCategory="MapCommandException" />
      </TestCategory>
      <Execution id="f6a80361-a87a-4706-95c8-d6eb8f7e51b6" />
      <TestMethod codeBase="D:\actions-runner\_work\XPCO\XPCO\Common\GisMapSharedData\VideoOS.GisMapSharedData.UnitTest\bin\Debug\VideoOS.GisMapSharedData.UnitTest.dll" adapterTypeName="executor://mstestadapter/v1" className="VideoOS.GisMapSharedData.UnitTest.CommandExceptions.MapCommandInvalidAuthorizationExceptionTest" name="TestConstructor_ErrorDescription_Success" />
    </UnitTest>
    <UnitTest name="TestAttributeExists_Success" storage="d:\actions-runner\_work\xpco\xpco\common\gismapshareddata\videoos.gismapshareddata.unittest\bin\debug\videoos.gismapshareddata.unittest.dll" id="73f10034-290b-8e1a-12a8-dce66caaebbe">
      <TestCategory>
        <TestCategoryItem TestCategory="MapCommandException" />
      </TestCategory>
      <Execution id="7e2ba3df-ee87-464c-951c-f20ed133389b" />
      <TestMethod codeBase="D:\actions-runner\_work\XPCO\XPCO\Common\GisMapSharedData\VideoOS.GisMapSharedData.UnitTest\bin\Debug\VideoOS.GisMapSharedData.UnitTest.dll" adapterTypeName="executor://mstestadapter/v1" className="VideoOS.GisMapSharedData.UnitTest.CommandExceptions.MapCommandBuildingAlreadyExistsExceptionTest" name="TestAttributeExists_Success" />
    </UnitTest>
    <UnitTest name="TestConstructor_NoParameters_Success" storage="d:\actions-runner\_work\xpco\xpco\common\gismapshareddata\videoos.gismapshareddata.unittest\bin\debug\videoos.gismapshareddata.unittest.dll" id="b8f5e07c-999a-e6f5-8468-ed22e1a19fb2">
      <TestCategory>
        <TestCategoryItem TestCategory="MapCommandException" />
      </TestCategory>
      <Execution id="c4d0c6bc-2b41-44a6-9ded-84eb5f7c3add" />
      <TestMethod codeBase="D:\actions-runner\_work\XPCO\XPCO\Common\GisMapSharedData\VideoOS.GisMapSharedData.UnitTest\bin\Debug\VideoOS.GisMapSharedData.UnitTest.dll" adapterTypeName="executor://mstestadapter/v1" className="VideoOS.GisMapSharedData.UnitTest.CommandExceptions.MapCommandRepositoryAlreadyExistsExceptionTest" name="TestConstructor_NoParameters_Success" />
    </UnitTest>
    <UnitTest name="OnSerializingWithUnknownClassPropertyRootLevel_Success" storage="d:\actions-runner\_work\xpco\xpco\common\gismapshareddata\videoos.gismapshareddata.unittest\bin\debug\videoos.gismapshareddata.unittest.dll" id="7f0c8b03-44ec-d73b-cae3-862acebe79ab">
      <Execution id="59ccd4c9-7674-402a-ae0a-c83929a30be6" />
      <TestMethod codeBase="D:\actions-runner\_work\XPCO\XPCO\Common\GisMapSharedData\VideoOS.GisMapSharedData.UnitTest\bin\Debug\VideoOS.GisMapSharedData.UnitTest.dll" adapterTypeName="executor://mstestadapter/v1" className="VideoOS.GisMapSharedData.UnitTest.DataContracts.ParamsRespBaseTest" name="OnSerializingWithUnknownClassPropertyRootLevel_Success" />
    </UnitTest>
    <UnitTest name="TestConstructor_ErrorDescriptionInnerExceptionAndLayerId_Success" storage="d:\actions-runner\_work\xpco\xpco\common\gismapshareddata\videoos.gismapshareddata.unittest\bin\debug\videoos.gismapshareddata.unittest.dll" id="4bd0f159-9896-a4fd-1597-28748cd21d98">
      <TestCategory>
        <TestCategoryItem TestCategory="MapCommandException" />
      </TestCategory>
      <Execution id="45dd8fc5-9209-4613-96e0-f60361d527bd" />
      <TestMethod codeBase="D:\actions-runner\_work\XPCO\XPCO\Common\GisMapSharedData\VideoOS.GisMapSharedData.UnitTest\bin\Debug\VideoOS.GisMapSharedData.UnitTest.dll" adapterTypeName="executor://mstestadapter/v1" className="VideoOS.GisMapSharedData.UnitTest.CommandExceptions.MapCommandLayerAlreadyExistsExceptionTest" name="TestConstructor_ErrorDescriptionInnerExceptionAndLayerId_Success" />
    </UnitTest>
    <UnitTest name="TestConstructor_ErrorDescriptionInnerExceptionAndBuildingId_Success" storage="d:\actions-runner\_work\xpco\xpco\common\gismapshareddata\videoos.gismapshareddata.unittest\bin\debug\videoos.gismapshareddata.unittest.dll" id="5e020671-df3b-8924-3300-17b048ed033b">
      <TestCategory>
        <TestCategoryItem TestCategory="MapCommandException" />
      </TestCategory>
      <Execution id="fe1feb4f-b025-4ebf-a53f-a993c64bdc31" />
      <TestMethod codeBase="D:\actions-runner\_work\XPCO\XPCO\Common\GisMapSharedData\VideoOS.GisMapSharedData.UnitTest\bin\Debug\VideoOS.GisMapSharedData.UnitTest.dll" adapterTypeName="executor://mstestadapter/v1" className="VideoOS.GisMapSharedData.UnitTest.CommandExceptions.MapCommandBuildingAlreadyExistsExceptionTest" name="TestConstructor_ErrorDescriptionInnerExceptionAndBuildingId_Success" />
    </UnitTest>
    <UnitTest name="TestConstructor_ErrorDescriptionAndViewPointId_Success" storage="d:\actions-runner\_work\xpco\xpco\common\gismapshareddata\videoos.gismapshareddata.unittest\bin\debug\videoos.gismapshareddata.unittest.dll" id="f866f2e4-459a-2239-c4e5-97d252abda62">
      <TestCategory>
        <TestCategoryItem TestCategory="MapCommandException" />
      </TestCategory>
      <Execution id="def99bbe-a3e7-4c68-9415-668fe6265074" />
      <TestMethod codeBase="D:\actions-runner\_work\XPCO\XPCO\Common\GisMapSharedData\VideoOS.GisMapSharedData.UnitTest\bin\Debug\VideoOS.GisMapSharedData.UnitTest.dll" adapterTypeName="executor://mstestadapter/v1" className="VideoOS.GisMapSharedData.UnitTest.CommandExceptions.MapCommandViewPointAlreadyExistsExceptionTest" name="TestConstructor_ErrorDescriptionAndViewPointId_Success" />
    </UnitTest>
    <UnitTest name="TestAttributeExists_Success" storage="d:\actions-runner\_work\xpco\xpco\common\gismapshareddata\videoos.gismapshareddata.unittest\bin\debug\videoos.gismapshareddata.unittest.dll" id="9f9a3775-bca6-42e6-d927-061df44ced88">
      <TestCategory>
        <TestCategoryItem TestCategory="MapCommandException" />
      </TestCategory>
      <Execution id="fecea3ea-458d-4327-950c-fd383d77e894" />
      <TestMethod codeBase="D:\actions-runner\_work\XPCO\XPCO\Common\GisMapSharedData\VideoOS.GisMapSharedData.UnitTest\bin\Debug\VideoOS.GisMapSharedData.UnitTest.dll" adapterTypeName="executor://mstestadapter/v1" className="VideoOS.GisMapSharedData.UnitTest.CommandExceptions.MapCommandNonUniqueBuildingIdExceptionTest" name="TestAttributeExists_Success" />
    </UnitTest>
    <UnitTest name="TestConstructor_ErrorDescriptionAndInnerException_Success" storage="d:\actions-runner\_work\xpco\xpco\common\gismapshareddata\videoos.gismapshareddata.unittest\bin\debug\videoos.gismapshareddata.unittest.dll" id="5f66a694-24a9-8fe8-709a-d2e4e28abe92">
      <TestCategory>
        <TestCategoryItem TestCategory="MapCommandException" />
      </TestCategory>
      <Execution id="afe05b55-7a50-4780-98dc-c42088794f16" />
      <TestMethod codeBase="D:\actions-runner\_work\XPCO\XPCO\Common\GisMapSharedData\VideoOS.GisMapSharedData.UnitTest\bin\Debug\VideoOS.GisMapSharedData.UnitTest.dll" adapterTypeName="executor://mstestadapter/v1" className="VideoOS.GisMapSharedData.UnitTest.CommandExceptions.MapCommandRepositoryAlreadyExistsExceptionTest" name="TestConstructor_ErrorDescriptionAndInnerException_Success" />
    </UnitTest>
    <UnitTest name="TestConstructor_NoParameters_Success" storage="d:\actions-runner\_work\xpco\xpco\common\gismapshareddata\videoos.gismapshareddata.unittest\bin\debug\videoos.gismapshareddata.unittest.dll" id="184a3a51-f871-d2ab-a74c-c3bd6163228d">
      <TestCategory>
        <TestCategoryItem TestCategory="MapCommandException" />
      </TestCategory>
      <Execution id="aa299c1a-1295-4f8a-8a45-2650e2805839" />
      <TestMethod codeBase="D:\actions-runner\_work\XPCO\XPCO\Common\GisMapSharedData\VideoOS.GisMapSharedData.UnitTest\bin\Debug\VideoOS.GisMapSharedData.UnitTest.dll" adapterTypeName="executor://mstestadapter/v1" className="VideoOS.GisMapSharedData.UnitTest.CommandExceptions.MapCommandLayerAlreadyExistsExceptionTest" name="TestConstructor_NoParameters_Success" />
    </UnitTest>
    <UnitTest name="TestAttributeExists_Success" storage="d:\actions-runner\_work\xpco\xpco\common\gismapshareddata\videoos.gismapshareddata.unittest\bin\debug\videoos.gismapshareddata.unittest.dll" id="83e306ad-0720-17dd-8153-763a9cf1f945">
      <TestCategory>
        <TestCategoryItem TestCategory="MapCommandException" />
      </TestCategory>
      <Execution id="305f68b8-7041-4da6-8d43-26327124947c" />
      <TestMethod codeBase="D:\actions-runner\_work\XPCO\XPCO\Common\GisMapSharedData\VideoOS.GisMapSharedData.UnitTest\bin\Debug\VideoOS.GisMapSharedData.UnitTest.dll" adapterTypeName="executor://mstestadapter/v1" className="VideoOS.GisMapSharedData.UnitTest.CommandExceptions.MapCommandViewPointNotFoundExceptionTest" name="TestAttributeExists_Success" />
    </UnitTest>
    <UnitTest name="TestConstructor_ErrorDescription_Success" storage="d:\actions-runner\_work\xpco\xpco\common\gismapshareddata\videoos.gismapshareddata.unittest\bin\debug\videoos.gismapshareddata.unittest.dll" id="480811c1-6c02-e540-e71d-bf889c898b59">
      <TestCategory>
        <TestCategoryItem TestCategory="MapCommandException" />
      </TestCategory>
      <Execution id="8b78106f-2f03-454c-b879-84dd8d2ccda3" />
      <TestMethod codeBase="D:\actions-runner\_work\XPCO\XPCO\Common\GisMapSharedData\VideoOS.GisMapSharedData.UnitTest\bin\Debug\VideoOS.GisMapSharedData.UnitTest.dll" adapterTypeName="executor://mstestadapter/v1" className="VideoOS.GisMapSharedData.UnitTest.CommandExceptions.MapCommandRepositoryAlreadyExistsExceptionTest" name="TestConstructor_ErrorDescription_Success" />
    </UnitTest>
    <UnitTest name="TestConstructor_ErrorDescriptionAndInnerException_Success" storage="d:\actions-runner\_work\xpco\xpco\common\gismapshareddata\videoos.gismapshareddata.unittest\bin\debug\videoos.gismapshareddata.unittest.dll" id="e8e7b6ff-daa9-9553-3f18-d1e9c2a386bb">
      <TestCategory>
        <TestCategoryItem TestCategory="MapCommandException" />
      </TestCategory>
      <Execution id="7259e634-c781-4f0c-acd5-11ed01ead128" />
      <TestMethod codeBase="D:\actions-runner\_work\XPCO\XPCO\Common\GisMapSharedData\VideoOS.GisMapSharedData.UnitTest\bin\Debug\VideoOS.GisMapSharedData.UnitTest.dll" adapterTypeName="executor://mstestadapter/v1" className="VideoOS.GisMapSharedData.UnitTest.CommandExceptions.MapCommandOrderDuplicateFoundExceptionTest" name="TestConstructor_ErrorDescriptionAndInnerException_Success" />
    </UnitTest>
    <UnitTest name="TestConstructor_NoParameters_Success" storage="d:\actions-runner\_work\xpco\xpco\common\gismapshareddata\videoos.gismapshareddata.unittest\bin\debug\videoos.gismapshareddata.unittest.dll" id="a4a6df87-1d53-2fee-ac08-7a6fd9d043b0">
      <TestCategory>
        <TestCategoryItem TestCategory="MapCommandException" />
      </TestCategory>
      <Execution id="9d135697-1d0a-4ef1-94eb-631a7c3a7353" />
      <TestMethod codeBase="D:\actions-runner\_work\XPCO\XPCO\Common\GisMapSharedData\VideoOS.GisMapSharedData.UnitTest\bin\Debug\VideoOS.GisMapSharedData.UnitTest.dll" adapterTypeName="executor://mstestadapter/v1" className="VideoOS.GisMapSharedData.UnitTest.CommandExceptions.MapCommandItemNotFoundExceptionTest" name="TestConstructor_NoParameters_Success" />
    </UnitTest>
    <UnitTest name="TestConstructor_ItemId_Success" storage="d:\actions-runner\_work\xpco\xpco\common\gismapshareddata\videoos.gismapshareddata.unittest\bin\debug\videoos.gismapshareddata.unittest.dll" id="ba4efa3e-0766-d90d-3aef-adbd4439580e">
      <TestCategory>
        <TestCategoryItem TestCategory="MapCommandException" />
      </TestCategory>
      <Execution id="6a163c4e-bd04-493d-b27c-62479b32385d" />
      <TestMethod codeBase="D:\actions-runner\_work\XPCO\XPCO\Common\GisMapSharedData\VideoOS.GisMapSharedData.UnitTest\bin\Debug\VideoOS.GisMapSharedData.UnitTest.dll" adapterTypeName="executor://mstestadapter/v1" className="VideoOS.GisMapSharedData.UnitTest.CommandExceptions.MapCommandItemAlreadyExistsExceptionTest" name="TestConstructor_ItemId_Success" />
    </UnitTest>
    <UnitTest name="TestConstructor_ErrorDescriptionAndBuildingId_Success" storage="d:\actions-runner\_work\xpco\xpco\common\gismapshareddata\videoos.gismapshareddata.unittest\bin\debug\videoos.gismapshareddata.unittest.dll" id="9dae148e-8f2c-6058-7353-33e92fc4f3e9">
      <TestCategory>
        <TestCategoryItem TestCategory="MapCommandException" />
      </TestCategory>
      <Execution id="c04191a4-5d3a-4fe9-bfa3-46c8b1b45415" />
      <TestMethod codeBase="D:\actions-runner\_work\XPCO\XPCO\Common\GisMapSharedData\VideoOS.GisMapSharedData.UnitTest\bin\Debug\VideoOS.GisMapSharedData.UnitTest.dll" adapterTypeName="executor://mstestadapter/v1" className="VideoOS.GisMapSharedData.UnitTest.CommandExceptions.MapCommandLevelAlreadyExistsExceptionTest" name="TestConstructor_ErrorDescriptionAndBuildingId_Success" />
    </UnitTest>
    <UnitTest name="OnDeserializedWithNullStringRefrenceTypes_Success" storage="d:\actions-runner\_work\xpco\xpco\common\gismapshareddata\videoos.gismapshareddata.unittest\bin\debug\videoos.gismapshareddata.unittest.dll" id="f0b76e53-cc7c-7748-9728-6daa9ee04def">
      <Execution id="06930e92-20af-4f3f-a373-e84705a002c5" />
      <TestMethod codeBase="D:\actions-runner\_work\XPCO\XPCO\Common\GisMapSharedData\VideoOS.GisMapSharedData.UnitTest\bin\Debug\VideoOS.GisMapSharedData.UnitTest.dll" adapterTypeName="executor://mstestadapter/v1" className="VideoOS.GisMapSharedData.UnitTest.DataContracts.ParamsRespBaseTest" name="OnDeserializedWithNullStringRefrenceTypes_Success" />
    </UnitTest>
    <UnitTest name="TestConstructor_ErrorDescription_Success" storage="d:\actions-runner\_work\xpco\xpco\common\gismapshareddata\videoos.gismapshareddata.unittest\bin\debug\videoos.gismapshareddata.unittest.dll" id="097e3290-628c-79f1-298b-e467814955d1">
      <TestCategory>
        <TestCategoryItem TestCategory="MapCommandException" />
      </TestCategory>
      <Execution id="d2eeb22d-3b40-40fa-b946-d8c0c7437948" />
      <TestMethod codeBase="D:\actions-runner\_work\XPCO\XPCO\Common\GisMapSharedData\VideoOS.GisMapSharedData.UnitTest\bin\Debug\VideoOS.GisMapSharedData.UnitTest.dll" adapterTypeName="executor://mstestadapter/v1" className="VideoOS.GisMapSharedData.UnitTest.CommandExceptions.MapCommandMapNotFoundExceptionTest" name="TestConstructor_ErrorDescription_Success" />
    </UnitTest>
    <UnitTest name="TestConstructor_ErrorDescriptionAndBuildingId_Success" storage="d:\actions-runner\_work\xpco\xpco\common\gismapshareddata\videoos.gismapshareddata.unittest\bin\debug\videoos.gismapshareddata.unittest.dll" id="62159787-4524-b94c-85db-4443daf6e58b">
      <TestCategory>
        <TestCategoryItem TestCategory="MapCommandException" />
      </TestCategory>
      <Execution id="7d727fb7-a958-4b4e-96bc-6d3c609b9b9b" />
      <TestMethod codeBase="D:\actions-runner\_work\XPCO\XPCO\Common\GisMapSharedData\VideoOS.GisMapSharedData.UnitTest\bin\Debug\VideoOS.GisMapSharedData.UnitTest.dll" adapterTypeName="executor://mstestadapter/v1" className="VideoOS.GisMapSharedData.UnitTest.CommandExceptions.MapCommandBuildingAlreadyExistsExceptionTest" name="TestConstructor_ErrorDescriptionAndBuildingId_Success" />
    </UnitTest>
    <UnitTest name="TestConstructor_NoParameters_Success" storage="d:\actions-runner\_work\xpco\xpco\common\gismapshareddata\videoos.gismapshareddata.unittest\bin\debug\videoos.gismapshareddata.unittest.dll" id="a55ddb66-42e1-5812-aeda-1ccb1a6ac5e6">
      <TestCategory>
        <TestCategoryItem TestCategory="MapCommandException" />
      </TestCategory>
      <Execution id="ecc2dc4e-b369-40f0-80ca-3fef8010c7d9" />
      <TestMethod codeBase="D:\actions-runner\_work\XPCO\XPCO\Common\GisMapSharedData\VideoOS.GisMapSharedData.UnitTest\bin\Debug\VideoOS.GisMapSharedData.UnitTest.dll" adapterTypeName="executor://mstestadapter/v1" className="VideoOS.GisMapSharedData.UnitTest.CommandExceptions.MapCommandMapAlreadyExistsExceptionTest" name="TestConstructor_NoParameters_Success" />
    </UnitTest>
    <UnitTest name="OnDeserializedWithArrayStringRefrenceTypes_Success" storage="d:\actions-runner\_work\xpco\xpco\common\gismapshareddata\videoos.gismapshareddata.unittest\bin\debug\videoos.gismapshareddata.unittest.dll" id="d8302d20-c4fe-706a-b731-5d3573ae6958">
      <Execution id="715bc66a-989f-49a5-9418-1e3567ed10cb" />
      <TestMethod codeBase="D:\actions-runner\_work\XPCO\XPCO\Common\GisMapSharedData\VideoOS.GisMapSharedData.UnitTest\bin\Debug\VideoOS.GisMapSharedData.UnitTest.dll" adapterTypeName="executor://mstestadapter/v1" className="VideoOS.GisMapSharedData.UnitTest.DataContracts.ParamsRespBaseTest" name="OnDeserializedWithArrayStringRefrenceTypes_Success" />
    </UnitTest>
    <UnitTest name="TestConstructor_NoParameters_Success" storage="d:\actions-runner\_work\xpco\xpco\common\gismapshareddata\videoos.gismapshareddata.unittest\bin\debug\videoos.gismapshareddata.unittest.dll" id="4ff28219-9499-01b7-e059-536dcd81e10f">
      <TestCategory>
        <TestCategoryItem TestCategory="MapCommandException" />
      </TestCategory>
      <Execution id="b2650313-d257-4334-b256-aac1748002a7" />
      <TestMethod codeBase="D:\actions-runner\_work\XPCO\XPCO\Common\GisMapSharedData\VideoOS.GisMapSharedData.UnitTest\bin\Debug\VideoOS.GisMapSharedData.UnitTest.dll" adapterTypeName="executor://mstestadapter/v1" className="VideoOS.GisMapSharedData.UnitTest.CommandExceptions.MapCommandBuildingNotFoundExceptionTest" name="TestConstructor_NoParameters_Success" />
    </UnitTest>
    <UnitTest name="TestConstructor_LayerId_Success" storage="d:\actions-runner\_work\xpco\xpco\common\gismapshareddata\videoos.gismapshareddata.unittest\bin\debug\videoos.gismapshareddata.unittest.dll" id="e381c0fb-5353-6eeb-9f97-490140e80ec5">
      <TestCategory>
        <TestCategoryItem TestCategory="MapCommandException" />
      </TestCategory>
      <Execution id="69619df5-2655-4eec-877b-59d4e8f8ab8c" />
      <TestMethod codeBase="D:\actions-runner\_work\XPCO\XPCO\Common\GisMapSharedData\VideoOS.GisMapSharedData.UnitTest\bin\Debug\VideoOS.GisMapSharedData.UnitTest.dll" adapterTypeName="executor://mstestadapter/v1" className="VideoOS.GisMapSharedData.UnitTest.CommandExceptions.MapCommandLayerAlreadyExistsExceptionTest" name="TestConstructor_LayerId_Success" />
    </UnitTest>
    <UnitTest name="TestAttributeExists_Success" storage="d:\actions-runner\_work\xpco\xpco\common\gismapshareddata\videoos.gismapshareddata.unittest\bin\debug\videoos.gismapshareddata.unittest.dll" id="d917af11-a672-fe91-a06a-ba8a57852e9c">
      <TestCategory>
        <TestCategoryItem TestCategory="MapCommandException" />
      </TestCategory>
      <Execution id="ac8c1807-2ef4-4e64-9831-2838c3f2361a" />
      <TestMethod codeBase="D:\actions-runner\_work\XPCO\XPCO\Common\GisMapSharedData\VideoOS.GisMapSharedData.UnitTest\bin\Debug\VideoOS.GisMapSharedData.UnitTest.dll" adapterTypeName="executor://mstestadapter/v1" className="VideoOS.GisMapSharedData.UnitTest.CommandExceptions.MapCommandItemNotFoundExceptionTest" name="TestAttributeExists_Success" />
    </UnitTest>
    <UnitTest name="TestConstructor_ErrorDescriptionAndInnerException_Success" storage="d:\actions-runner\_work\xpco\xpco\common\gismapshareddata\videoos.gismapshareddata.unittest\bin\debug\videoos.gismapshareddata.unittest.dll" id="f48319ab-decd-3d5b-168c-0dab4b1ab9bf">
      <TestCategory>
        <TestCategoryItem TestCategory="MapCommandException" />
      </TestCategory>
      <Execution id="d893523d-1e7b-49fd-bf55-bd37797186c0" />
      <TestMethod codeBase="D:\actions-runner\_work\XPCO\XPCO\Common\GisMapSharedData\VideoOS.GisMapSharedData.UnitTest\bin\Debug\VideoOS.GisMapSharedData.UnitTest.dll" adapterTypeName="executor://mstestadapter/v1" className="VideoOS.GisMapSharedData.UnitTest.CommandExceptions.MapCommandViewPointNotFoundExceptionTest" name="TestConstructor_ErrorDescriptionAndInnerException_Success" />
    </UnitTest>
    <UnitTest name="TestCopyMatchingProperties_CopyDeclaredOnlyType2PropertiesToType1_Success" storage="d:\actions-runner\_work\xpco\xpco\common\gismapshareddata\videoos.gismapshareddata.unittest\bin\debug\videoos.gismapshareddata.unittest.dll" id="3d3e5d00-fe6d-eaa1-184f-d87c1b5b6276">
      <TestCategory>
        <TestCategoryItem TestCategory="CopyPropertyTool" />
      </TestCategory>
      <Execution id="73145673-6e5a-4693-a927-52ea3cfce64d" />
      <TestMethod codeBase="D:\actions-runner\_work\XPCO\XPCO\Common\GisMapSharedData\VideoOS.GisMapSharedData.UnitTest\bin\Debug\VideoOS.GisMapSharedData.UnitTest.dll" adapterTypeName="executor://mstestadapter/v1" className="VideoOS.GisMapSharedData.UnitTest.Utilities.ClassPropertyHelperTest" name="TestCopyMatchingProperties_CopyDeclaredOnlyType2PropertiesToType1_Success" />
    </UnitTest>
    <UnitTest name="TestConstructor_ErrorDescription_Success" storage="d:\actions-runner\_work\xpco\xpco\common\gismapshareddata\videoos.gismapshareddata.unittest\bin\debug\videoos.gismapshareddata.unittest.dll" id="515905de-2da1-0621-8ddb-e60fb4ec60d5">
      <TestCategory>
        <TestCategoryItem TestCategory="MapCommandException" />
      </TestCategory>
      <Execution id="a1ff0ba9-eef5-4e85-9dd4-f37c28514da3" />
      <TestMethod codeBase="D:\actions-runner\_work\XPCO\XPCO\Common\GisMapSharedData\VideoOS.GisMapSharedData.UnitTest\bin\Debug\VideoOS.GisMapSharedData.UnitTest.dll" adapterTypeName="executor://mstestadapter/v1" className="VideoOS.GisMapSharedData.UnitTest.CommandExceptions.MapCommandLevelAlreadyExistsExceptionTest" name="TestConstructor_ErrorDescription_Success" />
    </UnitTest>
    <UnitTest name="TestAttributeExists_Success" storage="d:\actions-runner\_work\xpco\xpco\common\gismapshareddata\videoos.gismapshareddata.unittest\bin\debug\videoos.gismapshareddata.unittest.dll" id="f410af74-3fc1-e30d-3d9f-798dac046972">
      <TestCategory>
        <TestCategoryItem TestCategory="MapCommandException" />
      </TestCategory>
      <Execution id="9319316b-0b7c-4841-ae9e-c718221faaf8" />
      <TestMethod codeBase="D:\actions-runner\_work\XPCO\XPCO\Common\GisMapSharedData\VideoOS.GisMapSharedData.UnitTest\bin\Debug\VideoOS.GisMapSharedData.UnitTest.dll" adapterTypeName="executor://mstestadapter/v1" className="VideoOS.GisMapSharedData.UnitTest.CommandExceptions.MapCommandLayerAlreadyExistsExceptionTest" name="TestAttributeExists_Success" />
    </UnitTest>
    <UnitTest name="OnSerializingWithArrayValueTypes_Success" storage="d:\actions-runner\_work\xpco\xpco\common\gismapshareddata\videoos.gismapshareddata.unittest\bin\debug\videoos.gismapshareddata.unittest.dll" id="c24c28c7-9433-8c3c-0318-acd1909dbbfc">
      <Execution id="964416b8-b7fd-4057-a73f-5cfd226c0deb" />
      <TestMethod codeBase="D:\actions-runner\_work\XPCO\XPCO\Common\GisMapSharedData\VideoOS.GisMapSharedData.UnitTest\bin\Debug\VideoOS.GisMapSharedData.UnitTest.dll" adapterTypeName="executor://mstestadapter/v1" className="VideoOS.GisMapSharedData.UnitTest.DataContracts.ParamsRespBaseTest" name="OnSerializingWithArrayValueTypes_Success" />
    </UnitTest>
    <UnitTest name="TestConstructor_ErrorDescriptionAndInnerException_Success" storage="d:\actions-runner\_work\xpco\xpco\common\gismapshareddata\videoos.gismapshareddata.unittest\bin\debug\videoos.gismapshareddata.unittest.dll" id="7a13931a-2a57-dd25-3394-5b0fba70fbfc">
      <TestCategory>
        <TestCategoryItem TestCategory="MapCommandException" />
      </TestCategory>
      <Execution id="3c9e3157-b075-4ff8-9317-bdb6465e5453" />
      <TestMethod codeBase="D:\actions-runner\_work\XPCO\XPCO\Common\GisMapSharedData\VideoOS.GisMapSharedData.UnitTest\bin\Debug\VideoOS.GisMapSharedData.UnitTest.dll" adapterTypeName="executor://mstestadapter/v1" className="VideoOS.GisMapSharedData.UnitTest.CommandExceptions.MapCommandBuildingNotFoundExceptionTest" name="TestConstructor_ErrorDescriptionAndInnerException_Success" />
    </UnitTest>
    <UnitTest name="TestAttributeExists_Success" storage="d:\actions-runner\_work\xpco\xpco\common\gismapshareddata\videoos.gismapshareddata.unittest\bin\debug\videoos.gismapshareddata.unittest.dll" id="dca047c4-a1d1-64c8-21df-94b21d4d1b0a">
      <TestCategory>
        <TestCategoryItem TestCategory="MapCommandException" />
      </TestCategory>
      <Execution id="b489bb98-a164-4d8f-ba35-52db599b3097" />
      <TestMethod codeBase="D:\actions-runner\_work\XPCO\XPCO\Common\GisMapSharedData\VideoOS.GisMapSharedData.UnitTest\bin\Debug\VideoOS.GisMapSharedData.UnitTest.dll" adapterTypeName="executor://mstestadapter/v1" className="VideoOS.GisMapSharedData.UnitTest.CommandExceptions.MapCommandInvalidAuthorizationExceptionTest" name="TestAttributeExists_Success" />
    </UnitTest>
    <UnitTest name="TestConstructorErrorDescriptionAndInnerException" storage="d:\actions-runner\_work\xpco\xpco\common\gismapshareddata\videoos.gismapshareddata.unittest\bin\debug\videoos.gismapshareddata.unittest.dll" id="309b5967-5591-957f-758c-1c585a3a83f9">
      <TestCategory>
        <TestCategoryItem TestCategory="MapCommandException" />
      </TestCategory>
      <Execution id="6d7c97f6-5a3f-4a78-b7c4-6df373d7f04e" />
      <TestMethod codeBase="D:\actions-runner\_work\XPCO\XPCO\Common\GisMapSharedData\VideoOS.GisMapSharedData.UnitTest\bin\Debug\VideoOS.GisMapSharedData.UnitTest.dll" adapterTypeName="executor://mstestadapter/v1" className="VideoOS.GisMapSharedData.UnitTest.CommandExceptions.MapCommandInvalidAuthenticationExceptionTest" name="TestConstructorErrorDescriptionAndInnerException" />
    </UnitTest>
    <UnitTest name="TestAttributeExists_Success" storage="d:\actions-runner\_work\xpco\xpco\common\gismapshareddata\videoos.gismapshareddata.unittest\bin\debug\videoos.gismapshareddata.unittest.dll" id="caf00ca8-5a5f-4e7f-c9eb-b30f1f21088a">
      <TestCategory>
        <TestCategoryItem TestCategory="MapCommandException" />
      </TestCategory>
      <Execution id="71ac43fd-6b30-425f-82d0-1322ae568f92" />
      <TestMethod codeBase="D:\actions-runner\_work\XPCO\XPCO\Common\GisMapSharedData\VideoOS.GisMapSharedData.UnitTest\bin\Debug\VideoOS.GisMapSharedData.UnitTest.dll" adapterTypeName="executor://mstestadapter/v1" className="VideoOS.GisMapSharedData.UnitTest.CommandExceptions.MapCommandLayerOrderDuplicateFoundExceptionTest" name="TestAttributeExists_Success" />
    </UnitTest>
    <UnitTest name="TestConstructor_ErrorDescriptionInnerExceptionAndItemId_Success" storage="d:\actions-runner\_work\xpco\xpco\common\gismapshareddata\videoos.gismapshareddata.unittest\bin\debug\videoos.gismapshareddata.unittest.dll" id="8b101637-b7dd-d631-f32d-e18673f192b9">
      <TestCategory>
        <TestCategoryItem TestCategory="MapCommandException" />
      </TestCategory>
      <Execution id="c10ff1fa-60d0-41dd-84d4-95c5404682fb" />
      <TestMethod codeBase="D:\actions-runner\_work\XPCO\XPCO\Common\GisMapSharedData\VideoOS.GisMapSharedData.UnitTest\bin\Debug\VideoOS.GisMapSharedData.UnitTest.dll" adapterTypeName="executor://mstestadapter/v1" className="VideoOS.GisMapSharedData.UnitTest.CommandExceptions.MapCommandItemAlreadyExistsExceptionTest" name="TestConstructor_ErrorDescriptionInnerExceptionAndItemId_Success" />
    </UnitTest>
    <UnitTest name="TestCopyMatchingProperties_CopyDeclaredOnlyType1PropertiesToType2_Success" storage="d:\actions-runner\_work\xpco\xpco\common\gismapshareddata\videoos.gismapshareddata.unittest\bin\debug\videoos.gismapshareddata.unittest.dll" id="f0945819-a243-b646-8f75-0e857c4da7fc">
      <TestCategory>
        <TestCategoryItem TestCategory="CopyPropertyTool" />
      </TestCategory>
      <Execution id="341f8d53-8720-4790-9fae-a041c107f0f9" />
      <TestMethod codeBase="D:\actions-runner\_work\XPCO\XPCO\Common\GisMapSharedData\VideoOS.GisMapSharedData.UnitTest\bin\Debug\VideoOS.GisMapSharedData.UnitTest.dll" adapterTypeName="executor://mstestadapter/v1" className="VideoOS.GisMapSharedData.UnitTest.Utilities.ClassPropertyHelperTest" name="TestCopyMatchingProperties_CopyDeclaredOnlyType1PropertiesToType2_Success" />
    </UnitTest>
    <UnitTest name="TestConstructor_NoParameters_Success" storage="d:\actions-runner\_work\xpco\xpco\common\gismapshareddata\videoos.gismapshareddata.unittest\bin\debug\videoos.gismapshareddata.unittest.dll" id="fedb921b-b397-97cc-e1c7-1b725a9aa4dd">
      <TestCategory>
        <TestCategoryItem TestCategory="MapCommandException" />
      </TestCategory>
      <Execution id="de12d1a1-a1ff-4644-accc-e5865fbe3933" />
      <TestMethod codeBase="D:\actions-runner\_work\XPCO\XPCO\Common\GisMapSharedData\VideoOS.GisMapSharedData.UnitTest\bin\Debug\VideoOS.GisMapSharedData.UnitTest.dll" adapterTypeName="executor://mstestadapter/v1" className="VideoOS.GisMapSharedData.UnitTest.CommandExceptions.MapCommandInvalidAuthorizationExceptionTest" name="TestConstructor_NoParameters_Success" />
    </UnitTest>
    <UnitTest name="TestConstructor_ErrorDescription_Success" storage="d:\actions-runner\_work\xpco\xpco\common\gismapshareddata\videoos.gismapshareddata.unittest\bin\debug\videoos.gismapshareddata.unittest.dll" id="853b350e-fcee-0b8c-6fe2-83301fd0bf0f">
      <TestCategory>
        <TestCategoryItem TestCategory="MapCommandException" />
      </TestCategory>
      <Execution id="6b155c37-05f3-4669-8e7b-3f6af3c3f1d6" />
      <TestMethod codeBase="D:\actions-runner\_work\XPCO\XPCO\Common\GisMapSharedData\VideoOS.GisMapSharedData.UnitTest\bin\Debug\VideoOS.GisMapSharedData.UnitTest.dll" adapterTypeName="executor://mstestadapter/v1" className="VideoOS.GisMapSharedData.UnitTest.CommandExceptions.MapCommandRepositoryNotFoundExceptionTest" name="TestConstructor_ErrorDescription_Success" />
    </UnitTest>
    <UnitTest name="TestConstructor_ErrorDescriptionInnerExceptionAndMapId_Success" storage="d:\actions-runner\_work\xpco\xpco\common\gismapshareddata\videoos.gismapshareddata.unittest\bin\debug\videoos.gismapshareddata.unittest.dll" id="3b5a222e-8087-b757-38fe-19c65e85ad9b">
      <TestCategory>
        <TestCategoryItem TestCategory="MapCommandException" />
      </TestCategory>
      <Execution id="3670f60b-a28f-448e-a265-b30636989c17" />
      <TestMethod codeBase="D:\actions-runner\_work\XPCO\XPCO\Common\GisMapSharedData\VideoOS.GisMapSharedData.UnitTest\bin\Debug\VideoOS.GisMapSharedData.UnitTest.dll" adapterTypeName="executor://mstestadapter/v1" className="VideoOS.GisMapSharedData.UnitTest.CommandExceptions.MapCommandMapAlreadyExistsExceptionTest" name="TestConstructor_ErrorDescriptionInnerExceptionAndMapId_Success" />
    </UnitTest>
    <UnitTest name="TestConstructor_LevelId_Success" storage="d:\actions-runner\_work\xpco\xpco\common\gismapshareddata\videoos.gismapshareddata.unittest\bin\debug\videoos.gismapshareddata.unittest.dll" id="f1d99d53-05dc-2288-565b-a754435d0819">
      <TestCategory>
        <TestCategoryItem TestCategory="MapCommandException" />
      </TestCategory>
      <Execution id="9219682f-925e-4b1d-a6c5-4ee10bb7ed49" />
      <TestMethod codeBase="D:\actions-runner\_work\XPCO\XPCO\Common\GisMapSharedData\VideoOS.GisMapSharedData.UnitTest\bin\Debug\VideoOS.GisMapSharedData.UnitTest.dll" adapterTypeName="executor://mstestadapter/v1" className="VideoOS.GisMapSharedData.UnitTest.CommandExceptions.MapCommandLevelAlreadyExistsExceptionTest" name="TestConstructor_LevelId_Success" />
    </UnitTest>
    <UnitTest name="TestConstructor_ErrorDescriptionAndInnerException_Success" storage="d:\actions-runner\_work\xpco\xpco\common\gismapshareddata\videoos.gismapshareddata.unittest\bin\debug\videoos.gismapshareddata.unittest.dll" id="ea71d23a-1026-ea2c-f1e2-50eac38dac0d">
      <TestCategory>
        <TestCategoryItem TestCategory="MapCommandException" />
      </TestCategory>
      <Execution id="0612ec0d-36ce-4274-ba2b-76a4f77d0bba" />
      <TestMethod codeBase="D:\actions-runner\_work\XPCO\XPCO\Common\GisMapSharedData\VideoOS.GisMapSharedData.UnitTest\bin\Debug\VideoOS.GisMapSharedData.UnitTest.dll" adapterTypeName="executor://mstestadapter/v1" className="VideoOS.GisMapSharedData.UnitTest.CommandExceptions.MapCommandItemNotFoundExceptionTest" name="TestConstructor_ErrorDescriptionAndInnerException_Success" />
    </UnitTest>
    <UnitTest name="TestConstructor_ErrorDescriptionAndRepositoryId_Success" storage="d:\actions-runner\_work\xpco\xpco\common\gismapshareddata\videoos.gismapshareddata.unittest\bin\debug\videoos.gismapshareddata.unittest.dll" id="212bfad4-dce4-f8dd-f6fa-eb7895153fa0">
      <TestCategory>
        <TestCategoryItem TestCategory="MapCommandException" />
      </TestCategory>
      <Execution id="e8b9de0f-3e23-4d8e-8dbc-396cc0506a8e" />
      <TestMethod codeBase="D:\actions-runner\_work\XPCO\XPCO\Common\GisMapSharedData\VideoOS.GisMapSharedData.UnitTest\bin\Debug\VideoOS.GisMapSharedData.UnitTest.dll" adapterTypeName="executor://mstestadapter/v1" className="VideoOS.GisMapSharedData.UnitTest.CommandExceptions.MapCommandRepositoryAlreadyExistsExceptionTest" name="TestConstructor_ErrorDescriptionAndRepositoryId_Success" />
    </UnitTest>
    <UnitTest name="TestConstructor_ErrorDescriptionInnerExceptionAndRepositoryId_Success" storage="d:\actions-runner\_work\xpco\xpco\common\gismapshareddata\videoos.gismapshareddata.unittest\bin\debug\videoos.gismapshareddata.unittest.dll" id="6fa46d58-19b0-5161-6030-bd719f461f08">
      <TestCategory>
        <TestCategoryItem TestCategory="MapCommandException" />
      </TestCategory>
      <Execution id="cf4ec2b2-b6ff-42c2-ac1f-a0c26f283201" />
      <TestMethod codeBase="D:\actions-runner\_work\XPCO\XPCO\Common\GisMapSharedData\VideoOS.GisMapSharedData.UnitTest\bin\Debug\VideoOS.GisMapSharedData.UnitTest.dll" adapterTypeName="executor://mstestadapter/v1" className="VideoOS.GisMapSharedData.UnitTest.CommandExceptions.MapCommandRepositoryAlreadyExistsExceptionTest" name="TestConstructor_ErrorDescriptionInnerExceptionAndRepositoryId_Success" />
    </UnitTest>
    <UnitTest name="TestConstructor_ErrorDescription_Success" storage="d:\actions-runner\_work\xpco\xpco\common\gismapshareddata\videoos.gismapshareddata.unittest\bin\debug\videoos.gismapshareddata.unittest.dll" id="098211ab-360c-6735-e129-129009030b36">
      <TestCategory>
        <TestCategoryItem TestCategory="MapCommandException" />
      </TestCategory>
      <Execution id="65413697-0a7b-4831-95e6-e32dddb86d5a" />
      <TestMethod codeBase="D:\actions-runner\_work\XPCO\XPCO\Common\GisMapSharedData\VideoOS.GisMapSharedData.UnitTest\bin\Debug\VideoOS.GisMapSharedData.UnitTest.dll" adapterTypeName="executor://mstestadapter/v1" className="VideoOS.GisMapSharedData.UnitTest.CommandExceptions.MapCommandOrderDuplicateFoundExceptionTest" name="TestConstructor_ErrorDescription_Success" />
    </UnitTest>
    <UnitTest name="OnSerializingWithUnknownValueTypeNotRootLevel_Success" storage="d:\actions-runner\_work\xpco\xpco\common\gismapshareddata\videoos.gismapshareddata.unittest\bin\debug\videoos.gismapshareddata.unittest.dll" id="356ef46b-0e5b-af0f-427e-ba7096785440">
      <Execution id="8ace256e-b1b1-4cb9-ac85-8248aea2eb79" />
      <TestMethod codeBase="D:\actions-runner\_work\XPCO\XPCO\Common\GisMapSharedData\VideoOS.GisMapSharedData.UnitTest\bin\Debug\VideoOS.GisMapSharedData.UnitTest.dll" adapterTypeName="executor://mstestadapter/v1" className="VideoOS.GisMapSharedData.UnitTest.DataContracts.ParamsRespBaseTest" name="OnSerializingWithUnknownValueTypeNotRootLevel_Success" />
    </UnitTest>
    <UnitTest name="TestConstructor_ErrorDescriptionAndInnerException_Success" storage="d:\actions-runner\_work\xpco\xpco\common\gismapshareddata\videoos.gismapshareddata.unittest\bin\debug\videoos.gismapshareddata.unittest.dll" id="8374ccfe-aa64-5418-f90e-b570eb1f8f8e">
      <TestCategory>
        <TestCategoryItem TestCategory="MapCommandException" />
      </TestCategory>
      <Execution id="9bb443ff-cb51-4f09-8d35-fe2698684316" />
      <TestMethod codeBase="D:\actions-runner\_work\XPCO\XPCO\Common\GisMapSharedData\VideoOS.GisMapSharedData.UnitTest\bin\Debug\VideoOS.GisMapSharedData.UnitTest.dll" adapterTypeName="executor://mstestadapter/v1" className="VideoOS.GisMapSharedData.UnitTest.CommandExceptions.MapCommandDatabaseExtraRowsExceptionTest" name="TestConstructor_ErrorDescriptionAndInnerException_Success" />
    </UnitTest>
    <UnitTest name="TestConstructor_ErrorDescriptionAndMapId_Success" storage="d:\actions-runner\_work\xpco\xpco\common\gismapshareddata\videoos.gismapshareddata.unittest\bin\debug\videoos.gismapshareddata.unittest.dll" id="e3c31892-5554-b114-2cec-c85e1c2bc61c">
      <TestCategory>
        <TestCategoryItem TestCategory="MapCommandException" />
      </TestCategory>
      <Execution id="4d16a5ab-67bb-45f3-a025-715fc6b04f56" />
      <TestMethod codeBase="D:\actions-runner\_work\XPCO\XPCO\Common\GisMapSharedData\VideoOS.GisMapSharedData.UnitTest\bin\Debug\VideoOS.GisMapSharedData.UnitTest.dll" adapterTypeName="executor://mstestadapter/v1" className="VideoOS.GisMapSharedData.UnitTest.CommandExceptions.MapCommandMapAlreadyExistsExceptionTest" name="TestConstructor_ErrorDescriptionAndMapId_Success" />
    </UnitTest>
    <UnitTest name="TestConstructor_ErrorDescriptionAndInnerException_Success" storage="d:\actions-runner\_work\xpco\xpco\common\gismapshareddata\videoos.gismapshareddata.unittest\bin\debug\videoos.gismapshareddata.unittest.dll" id="afb3bdd0-0f99-d747-7bae-de50bf6b9b89">
      <TestCategory>
        <TestCategoryItem TestCategory="MapCommandException" />
      </TestCategory>
      <Execution id="6dca8ccb-cafb-464a-a124-bda2dc4d088f" />
      <TestMethod codeBase="D:\actions-runner\_work\XPCO\XPCO\Common\GisMapSharedData\VideoOS.GisMapSharedData.UnitTest\bin\Debug\VideoOS.GisMapSharedData.UnitTest.dll" adapterTypeName="executor://mstestadapter/v1" className="VideoOS.GisMapSharedData.UnitTest.CommandExceptions.MapCommandBuildingAlreadyExistsExceptionTest" name="TestConstructor_ErrorDescriptionAndInnerException_Success" />
    </UnitTest>
    <UnitTest name="TestAttributeExists_Success" storage="d:\actions-runner\_work\xpco\xpco\common\gismapshareddata\videoos.gismapshareddata.unittest\bin\debug\videoos.gismapshareddata.unittest.dll" id="18415cb1-f30b-1a53-2bfa-913f36be6b9f">
      <TestCategory>
        <TestCategoryItem TestCategory="MapCommandException" />
      </TestCategory>
      <Execution id="b79b6ced-5f0d-439f-ba10-5748245bfc36" />
      <TestMethod codeBase="D:\actions-runner\_work\XPCO\XPCO\Common\GisMapSharedData\VideoOS.GisMapSharedData.UnitTest\bin\Debug\VideoOS.GisMapSharedData.UnitTest.dll" adapterTypeName="executor://mstestadapter/v1" className="VideoOS.GisMapSharedData.UnitTest.CommandExceptions.MapCommandObsoleteItemTypeExceptionTest" name="TestAttributeExists_Success" />
    </UnitTest>
    <UnitTest name="TestConstructorErrorDescriptionAndErrorReason" storage="d:\actions-runner\_work\xpco\xpco\common\gismapshareddata\videoos.gismapshareddata.unittest\bin\debug\videoos.gismapshareddata.unittest.dll" id="d02efcb3-fba3-c4d3-499c-8de0f28a4a19">
      <TestCategory>
        <TestCategoryItem TestCategory="MapCommandException" />
      </TestCategory>
      <Execution id="66cfb9dd-dfcf-4954-8f27-51f965f5feb7" />
      <TestMethod codeBase="D:\actions-runner\_work\XPCO\XPCO\Common\GisMapSharedData\VideoOS.GisMapSharedData.UnitTest\bin\Debug\VideoOS.GisMapSharedData.UnitTest.dll" adapterTypeName="executor://mstestadapter/v1" className="VideoOS.GisMapSharedData.UnitTest.CommandExceptions.MapCommandExceptionTest" name="TestConstructorErrorDescriptionAndErrorReason" />
    </UnitTest>
    <UnitTest name="TestConstructor_ErrorDescription_Success" storage="d:\actions-runner\_work\xpco\xpco\common\gismapshareddata\videoos.gismapshareddata.unittest\bin\debug\videoos.gismapshareddata.unittest.dll" id="3cf18d3d-b31e-20fa-5f1f-1414e6fb166c">
      <TestCategory>
        <TestCategoryItem TestCategory="MapCommandException" />
      </TestCategory>
      <Execution id="feafdebe-c33e-48d9-b790-830bc9be7bf5" />
      <TestMethod codeBase="D:\actions-runner\_work\XPCO\XPCO\Common\GisMapSharedData\VideoOS.GisMapSharedData.UnitTest\bin\Debug\VideoOS.GisMapSharedData.UnitTest.dll" adapterTypeName="executor://mstestadapter/v1" className="VideoOS.GisMapSharedData.UnitTest.CommandExceptions.MapCommandItemNotFoundExceptionTest" name="TestConstructor_ErrorDescription_Success" />
    </UnitTest>
    <UnitTest name="TestConstructor_NoParameters_Success" storage="d:\actions-runner\_work\xpco\xpco\common\gismapshareddata\videoos.gismapshareddata.unittest\bin\debug\videoos.gismapshareddata.unittest.dll" id="84d248da-6a06-72cc-45f9-01bbeda7f19d">
      <TestCategory>
        <TestCategoryItem TestCategory="MapCommandException" />
      </TestCategory>
      <Execution id="cd417728-3f86-4326-9f1e-f99dec59789c" />
      <TestMethod codeBase="D:\actions-runner\_work\XPCO\XPCO\Common\GisMapSharedData\VideoOS.GisMapSharedData.UnitTest\bin\Debug\VideoOS.GisMapSharedData.UnitTest.dll" adapterTypeName="executor://mstestadapter/v1" className="VideoOS.GisMapSharedData.UnitTest.CommandExceptions.MapCommandViewPointNotFoundExceptionTest" name="TestConstructor_NoParameters_Success" />
    </UnitTest>
    <UnitTest name="TestConstructor_ErrorDescription_Success" storage="d:\actions-runner\_work\xpco\xpco\common\gismapshareddata\videoos.gismapshareddata.unittest\bin\debug\videoos.gismapshareddata.unittest.dll" id="53a5fcc8-b550-2ee9-ab98-5559f531eb74">
      <TestCategory>
        <TestCategoryItem TestCategory="MapCommandException" />
      </TestCategory>
      <Execution id="6bbe43ce-6231-4a83-9862-be2944d7550a" />
      <TestMethod codeBase="D:\actions-runner\_work\XPCO\XPCO\Common\GisMapSharedData\VideoOS.GisMapSharedData.UnitTest\bin\Debug\VideoOS.GisMapSharedData.UnitTest.dll" adapterTypeName="executor://mstestadapter/v1" className="VideoOS.GisMapSharedData.UnitTest.CommandExceptions.MapCommandSqlDatabaseExceptionTest" name="TestConstructor_ErrorDescription_Success" />
    </UnitTest>
    <UnitTest name="TestConstructor_NoParameters_Success" storage="d:\actions-runner\_work\xpco\xpco\common\gismapshareddata\videoos.gismapshareddata.unittest\bin\debug\videoos.gismapshareddata.unittest.dll" id="bd2fe3ac-2647-e36c-5c07-a95ef84f3351">
      <TestCategory>
        <TestCategoryItem TestCategory="MapCommandException" />
      </TestCategory>
      <Execution id="b97e4cb2-cea5-470f-9f1d-bdf689fc2aaf" />
      <TestMethod codeBase="D:\actions-runner\_work\XPCO\XPCO\Common\GisMapSharedData\VideoOS.GisMapSharedData.UnitTest\bin\Debug\VideoOS.GisMapSharedData.UnitTest.dll" adapterTypeName="executor://mstestadapter/v1" className="VideoOS.GisMapSharedData.UnitTest.CommandExceptions.MapCommandViewPointAlreadyExistsExceptionTest" name="TestConstructor_NoParameters_Success" />
    </UnitTest>
    <UnitTest name="TestConstructorNoParameters" storage="d:\actions-runner\_work\xpco\xpco\common\gismapshareddata\videoos.gismapshareddata.unittest\bin\debug\videoos.gismapshareddata.unittest.dll" id="7d6278e6-9b80-4a7f-182f-c03d036ad28d">
      <TestCategory>
        <TestCategoryItem TestCategory="MapCommandException" />
      </TestCategory>
      <Execution id="c507ef66-9870-4192-bd6b-3603d3890bc4" />
      <TestMethod codeBase="D:\actions-runner\_work\XPCO\XPCO\Common\GisMapSharedData\VideoOS.GisMapSharedData.UnitTest\bin\Debug\VideoOS.GisMapSharedData.UnitTest.dll" adapterTypeName="executor://mstestadapter/v1" className="VideoOS.GisMapSharedData.UnitTest.CommandExceptions.MapCommandInvalidAuthenticationExceptionTest" name="TestConstructorNoParameters" />
    </UnitTest>
    <UnitTest name="TestConstructor_NoParameters_Success" storage="d:\actions-runner\_work\xpco\xpco\common\gismapshareddata\videoos.gismapshareddata.unittest\bin\debug\videoos.gismapshareddata.unittest.dll" id="b6437183-953c-7d59-a42a-4cc2d4a19e24">
      <TestCategory>
        <TestCategoryItem TestCategory="MapCommandException" />
      </TestCategory>
      <Execution id="03606c37-0016-468c-82f7-2767e626fbef" />
      <TestMethod codeBase="D:\actions-runner\_work\XPCO\XPCO\Common\GisMapSharedData\VideoOS.GisMapSharedData.UnitTest\bin\Debug\VideoOS.GisMapSharedData.UnitTest.dll" adapterTypeName="executor://mstestadapter/v1" className="VideoOS.GisMapSharedData.UnitTest.CommandExceptions.MapCommandOrderDuplicateFoundExceptionTest" name="TestConstructor_NoParameters_Success" />
    </UnitTest>
    <UnitTest name="TestConstructor_NoParameters_Success" storage="d:\actions-runner\_work\xpco\xpco\common\gismapshareddata\videoos.gismapshareddata.unittest\bin\debug\videoos.gismapshareddata.unittest.dll" id="c2a39777-0ad8-fefd-0057-3357ef036012">
      <TestCategory>
        <TestCategoryItem TestCategory="MapCommandException" />
      </TestCategory>
      <Execution id="4c34ecc2-e6a7-4a0d-9a80-a2532d068882" />
      <TestMethod codeBase="D:\actions-runner\_work\XPCO\XPCO\Common\GisMapSharedData\VideoOS.GisMapSharedData.UnitTest\bin\Debug\VideoOS.GisMapSharedData.UnitTest.dll" adapterTypeName="executor://mstestadapter/v1" className="VideoOS.GisMapSharedData.UnitTest.CommandExceptions.MapCommandArgumentNullExceptionTest" name="TestConstructor_NoParameters_Success" />
    </UnitTest>
    <UnitTest name="TestConstructor_ErrorDescription_Success" storage="d:\actions-runner\_work\xpco\xpco\common\gismapshareddata\videoos.gismapshareddata.unittest\bin\debug\videoos.gismapshareddata.unittest.dll" id="3fed7463-7bb8-980c-edec-58f6e5bf16ed">
      <TestCategory>
        <TestCategoryItem TestCategory="MapCommandException" />
      </TestCategory>
      <Execution id="9b595d5c-411c-45db-b0eb-3c66c967c3c6" />
      <TestMethod codeBase="D:\actions-runner\_work\XPCO\XPCO\Common\GisMapSharedData\VideoOS.GisMapSharedData.UnitTest\bin\Debug\VideoOS.GisMapSharedData.UnitTest.dll" adapterTypeName="executor://mstestadapter/v1" className="VideoOS.GisMapSharedData.UnitTest.CommandExceptions.MapCommandOperationNotSupportedExceptionTest" name="TestConstructor_ErrorDescription_Success" />
    </UnitTest>
    <UnitTest name="TestAttributeExists_Success" storage="d:\actions-runner\_work\xpco\xpco\common\gismapshareddata\videoos.gismapshareddata.unittest\bin\debug\videoos.gismapshareddata.unittest.dll" id="d7e0d2a6-c9b7-a220-16e3-7348b7831c17">
      <TestCategory>
        <TestCategoryItem TestCategory="MapCommandException" />
      </TestCategory>
      <Execution id="92588bbc-3f07-4e3a-a679-2c321fec73c4" />
      <TestMethod codeBase="D:\actions-runner\_work\XPCO\XPCO\Common\GisMapSharedData\VideoOS.GisMapSharedData.UnitTest\bin\Debug\VideoOS.GisMapSharedData.UnitTest.dll" adapterTypeName="executor://mstestadapter/v1" className="VideoOS.GisMapSharedData.UnitTest.CommandExceptions.MapCommandInvalidTypeExceptionTest" name="TestAttributeExists_Success" />
    </UnitTest>
    <UnitTest name="OnDeserializedWithArrayValueTypes_Success" storage="d:\actions-runner\_work\xpco\xpco\common\gismapshareddata\videoos.gismapshareddata.unittest\bin\debug\videoos.gismapshareddata.unittest.dll" id="6e634b16-6e1f-4e04-489c-46e2b5a78bc9">
      <Execution id="11fe663f-e4eb-4174-9117-aae70e279006" />
      <TestMethod codeBase="D:\actions-runner\_work\XPCO\XPCO\Common\GisMapSharedData\VideoOS.GisMapSharedData.UnitTest\bin\Debug\VideoOS.GisMapSharedData.UnitTest.dll" adapterTypeName="executor://mstestadapter/v1" className="VideoOS.GisMapSharedData.UnitTest.DataContracts.ParamsRespBaseTest" name="OnDeserializedWithArrayValueTypes_Success" />
    </UnitTest>
    <UnitTest name="OnDeserializedWithUnknownClassPropertyNotRootLevel_Success" storage="d:\actions-runner\_work\xpco\xpco\common\gismapshareddata\videoos.gismapshareddata.unittest\bin\debug\videoos.gismapshareddata.unittest.dll" id="528197dd-d3f1-c776-dfa6-b0912a60f0a8">
      <Execution id="f553411d-a718-426a-b5ea-37bb4bfe0d8f" />
      <TestMethod codeBase="D:\actions-runner\_work\XPCO\XPCO\Common\GisMapSharedData\VideoOS.GisMapSharedData.UnitTest\bin\Debug\VideoOS.GisMapSharedData.UnitTest.dll" adapterTypeName="executor://mstestadapter/v1" className="VideoOS.GisMapSharedData.UnitTest.DataContracts.ParamsRespBaseTest" name="OnDeserializedWithUnknownClassPropertyNotRootLevel_Success" />
    </UnitTest>
    <UnitTest name="TestConstructor_ErrorDescriptionAndInnerException_Success" storage="d:\actions-runner\_work\xpco\xpco\common\gismapshareddata\videoos.gismapshareddata.unittest\bin\debug\videoos.gismapshareddata.unittest.dll" id="3b6c1610-deaf-f64a-248d-1d720f04042d">
      <TestCategory>
        <TestCategoryItem TestCategory="MapCommandException" />
      </TestCategory>
      <Execution id="1e5500d9-430f-42c3-89ba-1d7a549ec2c3" />
      <TestMethod codeBase="D:\actions-runner\_work\XPCO\XPCO\Common\GisMapSharedData\VideoOS.GisMapSharedData.UnitTest\bin\Debug\VideoOS.GisMapSharedData.UnitTest.dll" adapterTypeName="executor://mstestadapter/v1" className="VideoOS.GisMapSharedData.UnitTest.CommandExceptions.MapCommandLayerOrderDuplicateFoundExceptionTest" name="TestConstructor_ErrorDescriptionAndInnerException_Success" />
    </UnitTest>
    <UnitTest name="TestConstructor_NoParameters_Success" storage="d:\actions-runner\_work\xpco\xpco\common\gismapshareddata\videoos.gismapshareddata.unittest\bin\debug\videoos.gismapshareddata.unittest.dll" id="18c95fe0-49ec-7340-ce28-f77f0bc14643">
      <TestCategory>
        <TestCategoryItem TestCategory="MapCommandException" />
      </TestCategory>
      <Execution id="2b2a451a-9700-424f-999c-b5d8885bd94b" />
      <TestMethod codeBase="D:\actions-runner\_work\XPCO\XPCO\Common\GisMapSharedData\VideoOS.GisMapSharedData.UnitTest\bin\Debug\VideoOS.GisMapSharedData.UnitTest.dll" adapterTypeName="executor://mstestadapter/v1" className="VideoOS.GisMapSharedData.UnitTest.CommandExceptions.MapCommandSqlDatabaseExceptionTest" name="TestConstructor_NoParameters_Success" />
    </UnitTest>
    <UnitTest name="TestConstructorErrorDescriptionAndInnerException" storage="d:\actions-runner\_work\xpco\xpco\common\gismapshareddata\videoos.gismapshareddata.unittest\bin\debug\videoos.gismapshareddata.unittest.dll" id="743ebe21-74d1-294d-ab97-8ad88d88a47a">
      <TestCategory>
        <TestCategoryItem TestCategory="MapCommandException" />
      </TestCategory>
      <Execution id="63871b30-9e24-4d69-ae20-74000f53d72b" />
      <TestMethod codeBase="D:\actions-runner\_work\XPCO\XPCO\Common\GisMapSharedData\VideoOS.GisMapSharedData.UnitTest\bin\Debug\VideoOS.GisMapSharedData.UnitTest.dll" adapterTypeName="executor://mstestadapter/v1" className="VideoOS.GisMapSharedData.UnitTest.CommandExceptions.MapCommandExceptionTest" name="TestConstructorErrorDescriptionAndInnerException" />
    </UnitTest>
    <UnitTest name="TestAttributeExists_Success" storage="d:\actions-runner\_work\xpco\xpco\common\gismapshareddata\videoos.gismapshareddata.unittest\bin\debug\videoos.gismapshareddata.unittest.dll" id="e19062c1-4f6f-d433-b9ca-3855fc1e7bab">
      <TestCategory>
        <TestCategoryItem TestCategory="MapCommandException" />
      </TestCategory>
      <Execution id="ea7785b3-cb4b-4c3c-8a69-1038c4576615" />
      <TestMethod codeBase="D:\actions-runner\_work\XPCO\XPCO\Common\GisMapSharedData\VideoOS.GisMapSharedData.UnitTest\bin\Debug\VideoOS.GisMapSharedData.UnitTest.dll" adapterTypeName="executor://mstestadapter/v1" className="VideoOS.GisMapSharedData.UnitTest.CommandExceptions.MapCommandRepositoryAlreadyExistsExceptionTest" name="TestAttributeExists_Success" />
    </UnitTest>
    <UnitTest name="TestAttributeExists_Success" storage="d:\actions-runner\_work\xpco\xpco\common\gismapshareddata\videoos.gismapshareddata.unittest\bin\debug\videoos.gismapshareddata.unittest.dll" id="c46b813b-2864-a54e-27f6-c2d2946ee618">
      <TestCategory>
        <TestCategoryItem TestCategory="MapCommandException" />
      </TestCategory>
      <Execution id="2c70b3f6-6f0d-4e6f-b336-0e205fa6b4fe" />
      <TestMethod codeBase="D:\actions-runner\_work\XPCO\XPCO\Common\GisMapSharedData\VideoOS.GisMapSharedData.UnitTest\bin\Debug\VideoOS.GisMapSharedData.UnitTest.dll" adapterTypeName="executor://mstestadapter/v1" className="VideoOS.GisMapSharedData.UnitTest.CommandExceptions.MapCommandOrderDuplicateFoundExceptionTest" name="TestAttributeExists_Success" />
    </UnitTest>
    <UnitTest name="OnSerializingWithValueTypes_Success" storage="d:\actions-runner\_work\xpco\xpco\common\gismapshareddata\videoos.gismapshareddata.unittest\bin\debug\videoos.gismapshareddata.unittest.dll" id="7218a292-f480-07b9-25a0-49fc20e696e0">
      <Execution id="f2ea8ae6-70a5-41fc-9f9c-0b1a2b9dddd7" />
      <TestMethod codeBase="D:\actions-runner\_work\XPCO\XPCO\Common\GisMapSharedData\VideoOS.GisMapSharedData.UnitTest\bin\Debug\VideoOS.GisMapSharedData.UnitTest.dll" adapterTypeName="executor://mstestadapter/v1" className="VideoOS.GisMapSharedData.UnitTest.DataContracts.ParamsRespBaseTest" name="OnSerializingWithValueTypes_Success" />
    </UnitTest>
    <UnitTest name="LayerModifiersUtil_IsGeographic_Read_Success" storage="d:\actions-runner\_work\xpco\xpco\common\gismapshareddata\videoos.gismapshareddata.unittest\bin\debug\videoos.gismapshareddata.unittest.dll" id="fb6f57a1-5272-f30b-b7e2-9c0ad25cd45b">
      <Execution id="e805a5e9-d8ef-4b05-8c76-ab96319f403f" />
      <TestMethod codeBase="D:\actions-runner\_work\XPCO\XPCO\Common\GisMapSharedData\VideoOS.GisMapSharedData.UnitTest\bin\Debug\VideoOS.GisMapSharedData.UnitTest.dll" adapterTypeName="executor://mstestadapter/v1" className="VideoOS.GisMapSharedData.UnitTest.Utilities.LayerModifiersUtilTests" name="LayerModifiersUtil_IsGeographic_Read_Success" />
    </UnitTest>
    <UnitTest name="TestConstructor_ErrorDescriptionAndInnerException_Success" storage="d:\actions-runner\_work\xpco\xpco\common\gismapshareddata\videoos.gismapshareddata.unittest\bin\debug\videoos.gismapshareddata.unittest.dll" id="7cd06677-8dee-eb99-412a-eda01e5da3a1">
      <TestCategory>
        <TestCategoryItem TestCategory="MapCommandException" />
      </TestCategory>
      <Execution id="ee01dd02-7347-4150-aaeb-22f18322ad26" />
      <TestMethod codeBase="D:\actions-runner\_work\XPCO\XPCO\Common\GisMapSharedData\VideoOS.GisMapSharedData.UnitTest\bin\Debug\VideoOS.GisMapSharedData.UnitTest.dll" adapterTypeName="executor://mstestadapter/v1" className="VideoOS.GisMapSharedData.UnitTest.CommandExceptions.MapCommandInvalidAuthorizationExceptionTest" name="TestConstructor_ErrorDescriptionAndInnerException_Success" />
    </UnitTest>
    <UnitTest name="LayerModifiersUtil_IsGeographic_Unset_Success" storage="d:\actions-runner\_work\xpco\xpco\common\gismapshareddata\videoos.gismapshareddata.unittest\bin\debug\videoos.gismapshareddata.unittest.dll" id="83478276-8795-46e5-a4fa-6d110de12a41">
      <Execution id="d5724c70-983d-42f3-b6ec-75be97c3a0ff" />
      <TestMethod codeBase="D:\actions-runner\_work\XPCO\XPCO\Common\GisMapSharedData\VideoOS.GisMapSharedData.UnitTest\bin\Debug\VideoOS.GisMapSharedData.UnitTest.dll" adapterTypeName="executor://mstestadapter/v1" className="VideoOS.GisMapSharedData.UnitTest.Utilities.LayerModifiersUtilTests" name="LayerModifiersUtil_IsGeographic_Unset_Success" />
    </UnitTest>
    <UnitTest name="TestConstructor_ErrorDescriptionAndInnerException_Success" storage="d:\actions-runner\_work\xpco\xpco\common\gismapshareddata\videoos.gismapshareddata.unittest\bin\debug\videoos.gismapshareddata.unittest.dll" id="4ba8d0a6-7295-4098-c411-171f633d93a1">
      <TestCategory>
        <TestCategoryItem TestCategory="MapCommandException" />
      </TestCategory>
      <Execution id="17518faf-ba53-4151-a6fe-95da6453601e" />
      <TestMethod codeBase="D:\actions-runner\_work\XPCO\XPCO\Common\GisMapSharedData\VideoOS.GisMapSharedData.UnitTest\bin\Debug\VideoOS.GisMapSharedData.UnitTest.dll" adapterTypeName="executor://mstestadapter/v1" className="VideoOS.GisMapSharedData.UnitTest.CommandExceptions.MapCommandArgumentNullExceptionTest" name="TestConstructor_ErrorDescriptionAndInnerException_Success" />
    </UnitTest>
    <UnitTest name="OnSerializingWithUnknownValueTypeRootLevel_Success" storage="d:\actions-runner\_work\xpco\xpco\common\gismapshareddata\videoos.gismapshareddata.unittest\bin\debug\videoos.gismapshareddata.unittest.dll" id="0a229a26-16c6-8d4d-d95d-c83efc70ac1c">
      <Execution id="3dd10df2-67ef-4662-a921-1099ff532a93" />
      <TestMethod codeBase="D:\actions-runner\_work\XPCO\XPCO\Common\GisMapSharedData\VideoOS.GisMapSharedData.UnitTest\bin\Debug\VideoOS.GisMapSharedData.UnitTest.dll" adapterTypeName="executor://mstestadapter/v1" className="VideoOS.GisMapSharedData.UnitTest.DataContracts.ParamsRespBaseTest" name="OnSerializingWithUnknownValueTypeRootLevel_Success" />
    </UnitTest>
    <UnitTest name="TestAttributeExists_Success" storage="d:\actions-runner\_work\xpco\xpco\common\gismapshareddata\videoos.gismapshareddata.unittest\bin\debug\videoos.gismapshareddata.unittest.dll" id="e57e473b-308f-633f-28db-c08e7fd00576">
      <TestCategory>
        <TestCategoryItem TestCategory="MapCommandException" />
      </TestCategory>
      <Execution id="29728075-cab8-48c9-a136-42886940b980" />
      <TestMethod codeBase="D:\actions-runner\_work\XPCO\XPCO\Common\GisMapSharedData\VideoOS.GisMapSharedData.UnitTest\bin\Debug\VideoOS.GisMapSharedData.UnitTest.dll" adapterTypeName="executor://mstestadapter/v1" className="VideoOS.GisMapSharedData.UnitTest.CommandExceptions.MapCommandSqlDatabaseExceptionTest" name="TestAttributeExists_Success" />
    </UnitTest>
    <UnitTest name="OnSerializingWithStringRefrenceTypes_Success" storage="d:\actions-runner\_work\xpco\xpco\common\gismapshareddata\videoos.gismapshareddata.unittest\bin\debug\videoos.gismapshareddata.unittest.dll" id="db84b391-2083-9181-608b-6ae459a74b14">
      <Execution id="e92da985-de00-4773-8c86-194baec3b486" />
      <TestMethod codeBase="D:\actions-runner\_work\XPCO\XPCO\Common\GisMapSharedData\VideoOS.GisMapSharedData.UnitTest\bin\Debug\VideoOS.GisMapSharedData.UnitTest.dll" adapterTypeName="executor://mstestadapter/v1" className="VideoOS.GisMapSharedData.UnitTest.DataContracts.ParamsRespBaseTest" name="OnSerializingWithStringRefrenceTypes_Success" />
    </UnitTest>
    <UnitTest name="TestConstructor_MapId_Success" storage="d:\actions-runner\_work\xpco\xpco\common\gismapshareddata\videoos.gismapshareddata.unittest\bin\debug\videoos.gismapshareddata.unittest.dll" id="4d5ffecd-1cb6-cd68-defe-d419264f867e">
      <TestCategory>
        <TestCategoryItem TestCategory="MapCommandException" />
      </TestCategory>
      <Execution id="3452d99a-c168-4cca-9db7-083774345822" />
      <TestMethod codeBase="D:\actions-runner\_work\XPCO\XPCO\Common\GisMapSharedData\VideoOS.GisMapSharedData.UnitTest\bin\Debug\VideoOS.GisMapSharedData.UnitTest.dll" adapterTypeName="executor://mstestadapter/v1" className="VideoOS.GisMapSharedData.UnitTest.CommandExceptions.MapCommandMapAlreadyExistsExceptionTest" name="TestConstructor_MapId_Success" />
    </UnitTest>
    <UnitTest name="TestConstructor_ErrorDescription_Success" storage="d:\actions-runner\_work\xpco\xpco\common\gismapshareddata\videoos.gismapshareddata.unittest\bin\debug\videoos.gismapshareddata.unittest.dll" id="b549e11e-725c-0230-e06a-a9771680cc9f">
      <TestCategory>
        <TestCategoryItem TestCategory="MapCommandException" />
      </TestCategory>
      <Execution id="c6e4c961-c240-48a0-93af-6ed91e30895a" />
      <TestMethod codeBase="D:\actions-runner\_work\XPCO\XPCO\Common\GisMapSharedData\VideoOS.GisMapSharedData.UnitTest\bin\Debug\VideoOS.GisMapSharedData.UnitTest.dll" adapterTypeName="executor://mstestadapter/v1" className="VideoOS.GisMapSharedData.UnitTest.CommandExceptions.MapCommandDatabaseExtraRowsExceptionTest" name="TestConstructor_ErrorDescription_Success" />
    </UnitTest>
    <UnitTest name="TestConstructor_ErrorDescriptionInnerExceptionAndBuildingId_Success" storage="d:\actions-runner\_work\xpco\xpco\common\gismapshareddata\videoos.gismapshareddata.unittest\bin\debug\videoos.gismapshareddata.unittest.dll" id="aff77587-7ac4-ac64-887e-62e1feb1af7e">
      <TestCategory>
        <TestCategoryItem TestCategory="MapCommandException" />
      </TestCategory>
      <Execution id="6007cef8-a9c8-42a4-943b-757a1ca48955" />
      <TestMethod codeBase="D:\actions-runner\_work\XPCO\XPCO\Common\GisMapSharedData\VideoOS.GisMapSharedData.UnitTest\bin\Debug\VideoOS.GisMapSharedData.UnitTest.dll" adapterTypeName="executor://mstestadapter/v1" className="VideoOS.GisMapSharedData.UnitTest.CommandExceptions.MapCommandLevelAlreadyExistsExceptionTest" name="TestConstructor_ErrorDescriptionInnerExceptionAndBuildingId_Success" />
    </UnitTest>
    <UnitTest name="TestConstructor_NoParameters_Success" storage="d:\actions-runner\_work\xpco\xpco\common\gismapshareddata\videoos.gismapshareddata.unittest\bin\debug\videoos.gismapshareddata.unittest.dll" id="ab77c1df-4bd2-a183-5223-0cae854ab859">
      <TestCategory>
        <TestCategoryItem TestCategory="MapCommandException" />
      </TestCategory>
      <Execution id="7d7f6f28-c159-4633-9905-2924c33dc82b" />
      <TestMethod codeBase="D:\actions-runner\_work\XPCO\XPCO\Common\GisMapSharedData\VideoOS.GisMapSharedData.UnitTest\bin\Debug\VideoOS.GisMapSharedData.UnitTest.dll" adapterTypeName="executor://mstestadapter/v1" className="VideoOS.GisMapSharedData.UnitTest.CommandExceptions.MapCommandLevelNotFoundExceptionTest" name="TestConstructor_NoParameters_Success" />
    </UnitTest>
    <UnitTest name="OnSerializingWithArrayStringRefrenceTypes_Success" storage="d:\actions-runner\_work\xpco\xpco\common\gismapshareddata\videoos.gismapshareddata.unittest\bin\debug\videoos.gismapshareddata.unittest.dll" id="33693c06-087a-f3a1-d4b4-928368c2b14b">
      <Execution id="0103209e-402c-453b-b569-640b70b45660" />
      <TestMethod codeBase="D:\actions-runner\_work\XPCO\XPCO\Common\GisMapSharedData\VideoOS.GisMapSharedData.UnitTest\bin\Debug\VideoOS.GisMapSharedData.UnitTest.dll" adapterTypeName="executor://mstestadapter/v1" className="VideoOS.GisMapSharedData.UnitTest.DataContracts.ParamsRespBaseTest" name="OnSerializingWithArrayStringRefrenceTypes_Success" />
    </UnitTest>
    <UnitTest name="OnDeserializedWithUnknownArrayClassPropertyNotRootLevel_Success" storage="d:\actions-runner\_work\xpco\xpco\common\gismapshareddata\videoos.gismapshareddata.unittest\bin\debug\videoos.gismapshareddata.unittest.dll" id="f01d14db-ae66-1739-f96b-f5d13d5b2653">
      <Execution id="0c1ba566-9b12-4c5d-8eb1-5a4af6533c30" />
      <TestMethod codeBase="D:\actions-runner\_work\XPCO\XPCO\Common\GisMapSharedData\VideoOS.GisMapSharedData.UnitTest\bin\Debug\VideoOS.GisMapSharedData.UnitTest.dll" adapterTypeName="executor://mstestadapter/v1" className="VideoOS.GisMapSharedData.UnitTest.DataContracts.ParamsRespBaseTest" name="OnDeserializedWithUnknownArrayClassPropertyNotRootLevel_Success" />
    </UnitTest>
    <UnitTest name="TestAttributeExists_Success" storage="d:\actions-runner\_work\xpco\xpco\common\gismapshareddata\videoos.gismapshareddata.unittest\bin\debug\videoos.gismapshareddata.unittest.dll" id="da74c1fb-d050-254a-d8cd-b13361d66545">
      <TestCategory>
        <TestCategoryItem TestCategory="MapCommandException" />
      </TestCategory>
      <Execution id="d4ab76e3-a24e-401d-837b-629d3e9248c8" />
      <TestMethod codeBase="D:\actions-runner\_work\XPCO\XPCO\Common\GisMapSharedData\VideoOS.GisMapSharedData.UnitTest\bin\Debug\VideoOS.GisMapSharedData.UnitTest.dll" adapterTypeName="executor://mstestadapter/v1" className="VideoOS.GisMapSharedData.UnitTest.CommandExceptions.MapCommandLevelAlreadyExistsExceptionTest" name="TestAttributeExists_Success" />
    </UnitTest>
    <UnitTest name="TestConstructor_ErrorDescription_Success" storage="d:\actions-runner\_work\xpco\xpco\common\gismapshareddata\videoos.gismapshareddata.unittest\bin\debug\videoos.gismapshareddata.unittest.dll" id="7cb257d8-1b1f-9dda-127a-c15c9b8691a4">
      <TestCategory>
        <TestCategoryItem TestCategory="MapCommandException" />
      </TestCategory>
      <Execution id="ca7d6a8d-5c98-4721-9e79-d668e7d14a77" />
      <TestMethod codeBase="D:\actions-runner\_work\XPCO\XPCO\Common\GisMapSharedData\VideoOS.GisMapSharedData.UnitTest\bin\Debug\VideoOS.GisMapSharedData.UnitTest.dll" adapterTypeName="executor://mstestadapter/v1" className="VideoOS.GisMapSharedData.UnitTest.CommandExceptions.MapCommandLevelNotFoundExceptionTest" name="TestConstructor_ErrorDescription_Success" />
    </UnitTest>
    <UnitTest name="TestCopyMatchingProperties_CopyInheritedType1PropertiesToType2_Success" storage="d:\actions-runner\_work\xpco\xpco\common\gismapshareddata\videoos.gismapshareddata.unittest\bin\debug\videoos.gismapshareddata.unittest.dll" id="c9415fb6-cb2e-6ac6-43df-04839a7158f5">
      <TestCategory>
        <TestCategoryItem TestCategory="CopyPropertyTool" />
      </TestCategory>
      <Execution id="4019826f-72cd-4b12-bab5-875fccfec0a7" />
      <TestMethod codeBase="D:\actions-runner\_work\XPCO\XPCO\Common\GisMapSharedData\VideoOS.GisMapSharedData.UnitTest\bin\Debug\VideoOS.GisMapSharedData.UnitTest.dll" adapterTypeName="executor://mstestadapter/v1" className="VideoOS.GisMapSharedData.UnitTest.Utilities.ClassPropertyHelperTest" name="TestCopyMatchingProperties_CopyInheritedType1PropertiesToType2_Success" />
    </UnitTest>
    <UnitTest name="TestConstructor_NoParameters_Success" storage="d:\actions-runner\_work\xpco\xpco\common\gismapshareddata\videoos.gismapshareddata.unittest\bin\debug\videoos.gismapshareddata.unittest.dll" id="635105b3-b470-2f08-fc44-9f29c4bfd7f6">
      <TestCategory>
        <TestCategoryItem TestCategory="MapCommandException" />
      </TestCategory>
      <Execution id="fca6ee22-0639-4c96-8c81-22bdad21b27f" />
      <TestMethod codeBase="D:\actions-runner\_work\XPCO\XPCO\Common\GisMapSharedData\VideoOS.GisMapSharedData.UnitTest\bin\Debug\VideoOS.GisMapSharedData.UnitTest.dll" adapterTypeName="executor://mstestadapter/v1" className="VideoOS.GisMapSharedData.UnitTest.CommandExceptions.MapCommandNonUniqueBuildingIdExceptionTest" name="TestConstructor_NoParameters_Success" />
    </UnitTest>
    <UnitTest name="TestConstructor_NoParameters_Success" storage="d:\actions-runner\_work\xpco\xpco\common\gismapshareddata\videoos.gismapshareddata.unittest\bin\debug\videoos.gismapshareddata.unittest.dll" id="68f86fb5-457e-33c8-a227-fb3fb0b55b27">
      <TestCategory>
        <TestCategoryItem TestCategory="MapCommandException" />
      </TestCategory>
      <Execution id="0ca75ab2-4928-422c-af2e-bd261931db31" />
      <TestMethod codeBase="D:\actions-runner\_work\XPCO\XPCO\Common\GisMapSharedData\VideoOS.GisMapSharedData.UnitTest\bin\Debug\VideoOS.GisMapSharedData.UnitTest.dll" adapterTypeName="executor://mstestadapter/v1" className="VideoOS.GisMapSharedData.UnitTest.CommandExceptions.MapCommandInvalidTypeExceptionTest" name="TestConstructor_NoParameters_Success" />
    </UnitTest>
    <UnitTest name="TestConstructor_ErrorDescription_Success" storage="d:\actions-runner\_work\xpco\xpco\common\gismapshareddata\videoos.gismapshareddata.unittest\bin\debug\videoos.gismapshareddata.unittest.dll" id="bb538686-730a-a900-6e65-e2f15b6e0fe9">
      <TestCategory>
        <TestCategoryItem TestCategory="MapCommandException" />
      </TestCategory>
      <Execution id="d14ef594-0e79-4ceb-8b87-91783af4bc4e" />
      <TestMethod codeBase="D:\actions-runner\_work\XPCO\XPCO\Common\GisMapSharedData\VideoOS.GisMapSharedData.UnitTest\bin\Debug\VideoOS.GisMapSharedData.UnitTest.dll" adapterTypeName="executor://mstestadapter/v1" className="VideoOS.GisMapSharedData.UnitTest.CommandExceptions.MapCommandViewPointAlreadyExistsExceptionTest" name="TestConstructor_ErrorDescription_Success" />
    </UnitTest>
    <UnitTest name="TestConstructor_ErrorDescription_Success" storage="d:\actions-runner\_work\xpco\xpco\common\gismapshareddata\videoos.gismapshareddata.unittest\bin\debug\videoos.gismapshareddata.unittest.dll" id="331ba981-1c07-70b7-d56d-e91f56ab0af1">
      <TestCategory>
        <TestCategoryItem TestCategory="MapCommandException" />
      </TestCategory>
      <Execution id="ce76be1d-fcd6-4306-b25c-047bbbe64de8" />
      <TestMethod codeBase="D:\actions-runner\_work\XPCO\XPCO\Common\GisMapSharedData\VideoOS.GisMapSharedData.UnitTest\bin\Debug\VideoOS.GisMapSharedData.UnitTest.dll" adapterTypeName="executor://mstestadapter/v1" className="VideoOS.GisMapSharedData.UnitTest.CommandExceptions.MapCommandBuildingNotFoundExceptionTest" name="TestConstructor_ErrorDescription_Success" />
    </UnitTest>
    <UnitTest name="TestAttributeExists_Success" storage="d:\actions-runner\_work\xpco\xpco\common\gismapshareddata\videoos.gismapshareddata.unittest\bin\debug\videoos.gismapshareddata.unittest.dll" id="ab0894c0-226b-103c-3a51-a5533d4b718c">
      <TestCategory>
        <TestCategoryItem TestCategory="MapCommandException" />
      </TestCategory>
      <Execution id="15e3a23f-48c3-4281-afd2-3cbd4a882561" />
      <TestMethod codeBase="D:\actions-runner\_work\XPCO\XPCO\Common\GisMapSharedData\VideoOS.GisMapSharedData.UnitTest\bin\Debug\VideoOS.GisMapSharedData.UnitTest.dll" adapterTypeName="executor://mstestadapter/v1" className="VideoOS.GisMapSharedData.UnitTest.CommandExceptions.MapCommandItemAlreadyExistsExceptionTest" name="TestAttributeExists_Success" />
    </UnitTest>
    <UnitTest name="TestConstructor_ErrorDescriptionAndInnerException_Success" storage="d:\actions-runner\_work\xpco\xpco\common\gismapshareddata\videoos.gismapshareddata.unittest\bin\debug\videoos.gismapshareddata.unittest.dll" id="3cfb6536-349c-526f-f130-8610257d022a">
      <TestCategory>
        <TestCategoryItem TestCategory="MapCommandException" />
      </TestCategory>
      <Execution id="738658c0-4900-4816-9f7d-7ded0d87475c" />
      <TestMethod codeBase="D:\actions-runner\_work\XPCO\XPCO\Common\GisMapSharedData\VideoOS.GisMapSharedData.UnitTest\bin\Debug\VideoOS.GisMapSharedData.UnitTest.dll" adapterTypeName="executor://mstestadapter/v1" className="VideoOS.GisMapSharedData.UnitTest.CommandExceptions.MapCommandLevelNotFoundExceptionTest" name="TestConstructor_ErrorDescriptionAndInnerException_Success" />
    </UnitTest>
    <UnitTest name="TestConstructor_ErrorDescriptionAndInnerException_Success" storage="d:\actions-runner\_work\xpco\xpco\common\gismapshareddata\videoos.gismapshareddata.unittest\bin\debug\videoos.gismapshareddata.unittest.dll" id="aba1de11-7f09-b69c-fe49-87b17aeb0112">
      <TestCategory>
        <TestCategoryItem TestCategory="MapCommandException" />
      </TestCategory>
      <Execution id="6af38c6c-2d5e-414f-ad46-08cb4f2ab5a5" />
      <TestMethod codeBase="D:\actions-runner\_work\XPCO\XPCO\Common\GisMapSharedData\VideoOS.GisMapSharedData.UnitTest\bin\Debug\VideoOS.GisMapSharedData.UnitTest.dll" adapterTypeName="executor://mstestadapter/v1" className="VideoOS.GisMapSharedData.UnitTest.CommandExceptions.MapCommandLevelAlreadyExistsExceptionTest" name="TestConstructor_ErrorDescriptionAndInnerException_Success" />
    </UnitTest>
    <UnitTest name="TestConstructor_ErrorDescription_Success" storage="d:\actions-runner\_work\xpco\xpco\common\gismapshareddata\videoos.gismapshareddata.unittest\bin\debug\videoos.gismapshareddata.unittest.dll" id="6fa820d4-ce1e-430e-efba-6d1bf8eb0cea">
      <TestCategory>
        <TestCategoryItem TestCategory="MapCommandException" />
      </TestCategory>
      <Execution id="d05589f1-1bb9-406b-95b6-84be3d9d7c3b" />
      <TestMethod codeBase="D:\actions-runner\_work\XPCO\XPCO\Common\GisMapSharedData\VideoOS.GisMapSharedData.UnitTest\bin\Debug\VideoOS.GisMapSharedData.UnitTest.dll" adapterTypeName="executor://mstestadapter/v1" className="VideoOS.GisMapSharedData.UnitTest.CommandExceptions.MapCommandLayerOrderDuplicateFoundExceptionTest" name="TestConstructor_ErrorDescription_Success" />
    </UnitTest>
    <UnitTest name="OnDeserializedWithValueTypes_Success" storage="d:\actions-runner\_work\xpco\xpco\common\gismapshareddata\videoos.gismapshareddata.unittest\bin\debug\videoos.gismapshareddata.unittest.dll" id="f0ecbe33-7074-ef18-1bfc-d58bdf57b236">
      <Execution id="48953626-0bb0-4d7d-bbff-b1023bc272da" />
      <TestMethod codeBase="D:\actions-runner\_work\XPCO\XPCO\Common\GisMapSharedData\VideoOS.GisMapSharedData.UnitTest\bin\Debug\VideoOS.GisMapSharedData.UnitTest.dll" adapterTypeName="executor://mstestadapter/v1" className="VideoOS.GisMapSharedData.UnitTest.DataContracts.ParamsRespBaseTest" name="OnDeserializedWithValueTypes_Success" />
    </UnitTest>
    <UnitTest name="TestConstructor_ErrorDescriptionAndLayerId_Success" storage="d:\actions-runner\_work\xpco\xpco\common\gismapshareddata\videoos.gismapshareddata.unittest\bin\debug\videoos.gismapshareddata.unittest.dll" id="0c995c67-007b-2af2-d89b-ff45e480678e">
      <TestCategory>
        <TestCategoryItem TestCategory="MapCommandException" />
      </TestCategory>
      <Execution id="812b1921-039f-4b0a-b606-4edfb3b3c0fa" />
      <TestMethod codeBase="D:\actions-runner\_work\XPCO\XPCO\Common\GisMapSharedData\VideoOS.GisMapSharedData.UnitTest\bin\Debug\VideoOS.GisMapSharedData.UnitTest.dll" adapterTypeName="executor://mstestadapter/v1" className="VideoOS.GisMapSharedData.UnitTest.CommandExceptions.MapCommandLayerAlreadyExistsExceptionTest" name="TestConstructor_ErrorDescriptionAndLayerId_Success" />
    </UnitTest>
    <UnitTest name="OnDeserializedWithUnknownValueTypeRootLevel_Success" storage="d:\actions-runner\_work\xpco\xpco\common\gismapshareddata\videoos.gismapshareddata.unittest\bin\debug\videoos.gismapshareddata.unittest.dll" id="876fcdd6-8a71-69b7-f63a-602fda82f658">
      <Execution id="e9f28dbc-f97d-4df3-9dbf-b6feff03de85" />
      <TestMethod codeBase="D:\actions-runner\_work\XPCO\XPCO\Common\GisMapSharedData\VideoOS.GisMapSharedData.UnitTest\bin\Debug\VideoOS.GisMapSharedData.UnitTest.dll" adapterTypeName="executor://mstestadapter/v1" className="VideoOS.GisMapSharedData.UnitTest.DataContracts.ParamsRespBaseTest" name="OnDeserializedWithUnknownValueTypeRootLevel_Success" />
    </UnitTest>
    <UnitTest name="TestCopyMatchingProperties_Type2NotTargetType_Failure" storage="d:\actions-runner\_work\xpco\xpco\common\gismapshareddata\videoos.gismapshareddata.unittest\bin\debug\videoos.gismapshareddata.unittest.dll" id="c8461022-b9ec-d747-8816-6abe2479ad23">
      <TestCategory>
        <TestCategoryItem TestCategory="CopyPropertyTool" />
      </TestCategory>
      <Execution id="1c81dd88-8f40-4c19-981d-0ed9c0383bc6" />
      <TestMethod codeBase="D:\actions-runner\_work\XPCO\XPCO\Common\GisMapSharedData\VideoOS.GisMapSharedData.UnitTest\bin\Debug\VideoOS.GisMapSharedData.UnitTest.dll" adapterTypeName="executor://mstestadapter/v1" className="VideoOS.GisMapSharedData.UnitTest.Utilities.ClassPropertyHelperTest" name="TestCopyMatchingProperties_Type2NotTargetType_Failure" />
    </UnitTest>
    <UnitTest name="TestAttributeExists_Success" storage="d:\actions-runner\_work\xpco\xpco\common\gismapshareddata\videoos.gismapshareddata.unittest\bin\debug\videoos.gismapshareddata.unittest.dll" id="7f2a4e61-7aea-02bf-432d-46d9066bb1ba">
      <TestCategory>
        <TestCategoryItem TestCategory="MapCommandException" />
      </TestCategory>
      <Execution id="731f9872-0fbe-48d6-9242-10cafa7f3dff" />
      <TestMethod codeBase="D:\actions-runner\_work\XPCO\XPCO\Common\GisMapSharedData\VideoOS.GisMapSharedData.UnitTest\bin\Debug\VideoOS.GisMapSharedData.UnitTest.dll" adapterTypeName="executor://mstestadapter/v1" className="VideoOS.GisMapSharedData.UnitTest.CommandExceptions.MapCommandRepositoryNotFoundExceptionTest" name="TestAttributeExists_Success" />
    </UnitTest>
    <UnitTest name="TestConstructor_ErrorDescription_Success" storage="d:\actions-runner\_work\xpco\xpco\common\gismapshareddata\videoos.gismapshareddata.unittest\bin\debug\videoos.gismapshareddata.unittest.dll" id="f7713007-f1ae-c35f-1114-7e8f84e93ed8">
      <TestCategory>
        <TestCategoryItem TestCategory="MapCommandException" />
      </TestCategory>
      <Execution id="78f521e2-ea9a-4744-884e-4533ff24588c" />
      <TestMethod codeBase="D:\actions-runner\_work\XPCO\XPCO\Common\GisMapSharedData\VideoOS.GisMapSharedData.UnitTest\bin\Debug\VideoOS.GisMapSharedData.UnitTest.dll" adapterTypeName="executor://mstestadapter/v1" className="VideoOS.GisMapSharedData.UnitTest.CommandExceptions.MapCommandLayerOrderGapFoundExceptionTest" name="TestConstructor_ErrorDescription_Success" />
    </UnitTest>
    <UnitTest name="TestConstructor_NoParameters_Success" storage="d:\actions-runner\_work\xpco\xpco\common\gismapshareddata\videoos.gismapshareddata.unittest\bin\debug\videoos.gismapshareddata.unittest.dll" id="30226e45-9c63-3571-b067-16983df31b28">
      <TestCategory>
        <TestCategoryItem TestCategory="MapCommandException" />
      </TestCategory>
      <Execution id="e6e967b6-89c2-4855-abb0-c240b8bee037" />
      <TestMethod codeBase="D:\actions-runner\_work\XPCO\XPCO\Common\GisMapSharedData\VideoOS.GisMapSharedData.UnitTest\bin\Debug\VideoOS.GisMapSharedData.UnitTest.dll" adapterTypeName="executor://mstestadapter/v1" className="VideoOS.GisMapSharedData.UnitTest.CommandExceptions.MapCommandLevelAlreadyExistsExceptionTest" name="TestConstructor_NoParameters_Success" />
    </UnitTest>
    <UnitTest name="OnDeserializedClassArrayWithNull_Success" storage="d:\actions-runner\_work\xpco\xpco\common\gismapshareddata\videoos.gismapshareddata.unittest\bin\debug\videoos.gismapshareddata.unittest.dll" id="5375bfa0-1528-17ef-08aa-49a10d63bcca">
      <Execution id="3a70566c-22e2-4428-9739-a59b9202b2d8" />
      <TestMethod codeBase="D:\actions-runner\_work\XPCO\XPCO\Common\GisMapSharedData\VideoOS.GisMapSharedData.UnitTest\bin\Debug\VideoOS.GisMapSharedData.UnitTest.dll" adapterTypeName="executor://mstestadapter/v1" className="VideoOS.GisMapSharedData.UnitTest.DataContracts.ParamsRespBaseTest" name="OnDeserializedClassArrayWithNull_Success" />
    </UnitTest>
    <UnitTest name="TestConstructor_NoParameters_Success" storage="d:\actions-runner\_work\xpco\xpco\common\gismapshareddata\videoos.gismapshareddata.unittest\bin\debug\videoos.gismapshareddata.unittest.dll" id="75f1ef40-284a-e0e3-d3c6-0f3aebb56444">
      <TestCategory>
        <TestCategoryItem TestCategory="MapCommandException" />
      </TestCategory>
      <Execution id="cc4bc8aa-1121-4f51-9165-5b13c20f49b1" />
      <TestMethod codeBase="D:\actions-runner\_work\XPCO\XPCO\Common\GisMapSharedData\VideoOS.GisMapSharedData.UnitTest\bin\Debug\VideoOS.GisMapSharedData.UnitTest.dll" adapterTypeName="executor://mstestadapter/v1" className="VideoOS.GisMapSharedData.UnitTest.CommandExceptions.MapCommandDatabaseExtraRowsExceptionTest" name="TestConstructor_NoParameters_Success" />
    </UnitTest>
    <UnitTest name="TestAttributeExists_Success" storage="d:\actions-runner\_work\xpco\xpco\common\gismapshareddata\videoos.gismapshareddata.unittest\bin\debug\videoos.gismapshareddata.unittest.dll" id="fb04c5d9-1ddd-1523-6d2a-09af016fb134">
      <TestCategory>
        <TestCategoryItem TestCategory="MapCommandException" />
      </TestCategory>
      <Execution id="1e0a58c2-bf94-4902-b1d8-8a8b9ee3a575" />
      <TestMethod codeBase="D:\actions-runner\_work\XPCO\XPCO\Common\GisMapSharedData\VideoOS.GisMapSharedData.UnitTest\bin\Debug\VideoOS.GisMapSharedData.UnitTest.dll" adapterTypeName="executor://mstestadapter/v1" className="VideoOS.GisMapSharedData.UnitTest.CommandExceptions.MapCommandOrderGapFoundExceptionTest" name="TestAttributeExists_Success" />
    </UnitTest>
    <UnitTest name="TestConstructor_NoParameters_Success" storage="d:\actions-runner\_work\xpco\xpco\common\gismapshareddata\videoos.gismapshareddata.unittest\bin\debug\videoos.gismapshareddata.unittest.dll" id="92bd870f-71b7-aaed-1fef-9e9609e1d162">
      <TestCategory>
        <TestCategoryItem TestCategory="MapCommandException" />
      </TestCategory>
      <Execution id="8c88460c-5c87-4218-bb98-786546bc5c78" />
      <TestMethod codeBase="D:\actions-runner\_work\XPCO\XPCO\Common\GisMapSharedData\VideoOS.GisMapSharedData.UnitTest\bin\Debug\VideoOS.GisMapSharedData.UnitTest.dll" adapterTypeName="executor://mstestadapter/v1" className="VideoOS.GisMapSharedData.UnitTest.CommandExceptions.MapCommandLayerNotFoundExceptionTest" name="TestConstructor_NoParameters_Success" />
    </UnitTest>
    <UnitTest name="TestConstructor_BuildingId_Success" storage="d:\actions-runner\_work\xpco\xpco\common\gismapshareddata\videoos.gismapshareddata.unittest\bin\debug\videoos.gismapshareddata.unittest.dll" id="cd7c1d30-7ea9-63a7-fa29-5d82a1c54c46">
      <TestCategory>
        <TestCategoryItem TestCategory="MapCommandException" />
      </TestCategory>
      <Execution id="bb89e596-858d-4e61-9923-8c17e88ee39a" />
      <TestMethod codeBase="D:\actions-runner\_work\XPCO\XPCO\Common\GisMapSharedData\VideoOS.GisMapSharedData.UnitTest\bin\Debug\VideoOS.GisMapSharedData.UnitTest.dll" adapterTypeName="executor://mstestadapter/v1" className="VideoOS.GisMapSharedData.UnitTest.CommandExceptions.MapCommandBuildingAlreadyExistsExceptionTest" name="TestConstructor_BuildingId_Success" />
    </UnitTest>
    <UnitTest name="TestCopyMatchingProperties_CopyInheritedType2PropertiesToType1_Success" storage="d:\actions-runner\_work\xpco\xpco\common\gismapshareddata\videoos.gismapshareddata.unittest\bin\debug\videoos.gismapshareddata.unittest.dll" id="20dc8e45-031a-2048-62d0-602902b8d973">
      <TestCategory>
        <TestCategoryItem TestCategory="CopyPropertyTool" />
      </TestCategory>
      <Execution id="0d466221-a1b9-49c4-83c2-88027cb5c272" />
      <TestMethod codeBase="D:\actions-runner\_work\XPCO\XPCO\Common\GisMapSharedData\VideoOS.GisMapSharedData.UnitTest\bin\Debug\VideoOS.GisMapSharedData.UnitTest.dll" adapterTypeName="executor://mstestadapter/v1" className="VideoOS.GisMapSharedData.UnitTest.Utilities.ClassPropertyHelperTest" name="TestCopyMatchingProperties_CopyInheritedType2PropertiesToType1_Success" />
    </UnitTest>
    <UnitTest name="TestConstructor_ErrorDescriptionInnerExceptionAndViewPointId_Success" storage="d:\actions-runner\_work\xpco\xpco\common\gismapshareddata\videoos.gismapshareddata.unittest\bin\debug\videoos.gismapshareddata.unittest.dll" id="34ac2d36-8678-0a6e-f55d-3bb582e5502b">
      <TestCategory>
        <TestCategoryItem TestCategory="MapCommandException" />
      </TestCategory>
      <Execution id="3445044d-0bf2-4a03-babb-c18ec6edb5e1" />
      <TestMethod codeBase="D:\actions-runner\_work\XPCO\XPCO\Common\GisMapSharedData\VideoOS.GisMapSharedData.UnitTest\bin\Debug\VideoOS.GisMapSharedData.UnitTest.dll" adapterTypeName="executor://mstestadapter/v1" className="VideoOS.GisMapSharedData.UnitTest.CommandExceptions.MapCommandViewPointAlreadyExistsExceptionTest" name="TestConstructor_ErrorDescriptionInnerExceptionAndViewPointId_Success" />
    </UnitTest>
    <UnitTest name="TestConstructor_ErrorDescription_Success" storage="d:\actions-runner\_work\xpco\xpco\common\gismapshareddata\videoos.gismapshareddata.unittest\bin\debug\videoos.gismapshareddata.unittest.dll" id="28c80379-1446-414c-9c0b-7b5f3964d318">
      <TestCategory>
        <TestCategoryItem TestCategory="MapCommandException" />
      </TestCategory>
      <Execution id="e749a809-ac9c-4a01-a8c3-c24d9fcd9048" />
      <TestMethod codeBase="D:\actions-runner\_work\XPCO\XPCO\Common\GisMapSharedData\VideoOS.GisMapSharedData.UnitTest\bin\Debug\VideoOS.GisMapSharedData.UnitTest.dll" adapterTypeName="executor://mstestadapter/v1" className="VideoOS.GisMapSharedData.UnitTest.CommandExceptions.MapCommandSanityCheckFailedExceptionTest" name="TestConstructor_ErrorDescription_Success" />
    </UnitTest>
    <UnitTest name="TestConstructor_NoParameters_Success" storage="d:\actions-runner\_work\xpco\xpco\common\gismapshareddata\videoos.gismapshareddata.unittest\bin\debug\videoos.gismapshareddata.unittest.dll" id="65839743-eedc-7435-519f-96be683d749b">
      <TestCategory>
        <TestCategoryItem TestCategory="MapCommandException" />
      </TestCategory>
      <Execution id="fb024204-ab8a-4846-98db-435fa6f3e2fe" />
      <TestMethod codeBase="D:\actions-runner\_work\XPCO\XPCO\Common\GisMapSharedData\VideoOS.GisMapSharedData.UnitTest\bin\Debug\VideoOS.GisMapSharedData.UnitTest.dll" adapterTypeName="executor://mstestadapter/v1" className="VideoOS.GisMapSharedData.UnitTest.CommandExceptions.MapCommandLayerOrderDuplicateFoundExceptionTest" name="TestConstructor_NoParameters_Success" />
    </UnitTest>
    <UnitTest name="TestConstructor_ErrorDescriptionAndInnerException_Success" storage="d:\actions-runner\_work\xpco\xpco\common\gismapshareddata\videoos.gismapshareddata.unittest\bin\debug\videoos.gismapshareddata.unittest.dll" id="6690a5e5-55ea-006e-2746-8035f4f1552a">
      <TestCategory>
        <TestCategoryItem TestCategory="MapCommandException" />
      </TestCategory>
      <Execution id="1d90b9e5-3393-4d24-b949-0d779436b112" />
      <TestMethod codeBase="D:\actions-runner\_work\XPCO\XPCO\Common\GisMapSharedData\VideoOS.GisMapSharedData.UnitTest\bin\Debug\VideoOS.GisMapSharedData.UnitTest.dll" adapterTypeName="executor://mstestadapter/v1" className="VideoOS.GisMapSharedData.UnitTest.CommandExceptions.MapCommandMapNotFoundExceptionTest" name="TestConstructor_ErrorDescriptionAndInnerException_Success" />
    </UnitTest>
    <UnitTest name="TestConstructor_ErrorDescriptionAndInnerException_Success" storage="d:\actions-runner\_work\xpco\xpco\common\gismapshareddata\videoos.gismapshareddata.unittest\bin\debug\videoos.gismapshareddata.unittest.dll" id="fa67df6a-d136-6eec-393d-ec4a305abe26">
      <TestCategory>
        <TestCategoryItem TestCategory="MapCommandException" />
      </TestCategory>
      <Execution id="7901ebc0-5141-4f4a-890c-58b0fa4955d6" />
      <TestMethod codeBase="D:\actions-runner\_work\XPCO\XPCO\Common\GisMapSharedData\VideoOS.GisMapSharedData.UnitTest\bin\Debug\VideoOS.GisMapSharedData.UnitTest.dll" adapterTypeName="executor://mstestadapter/v1" className="VideoOS.GisMapSharedData.UnitTest.CommandExceptions.MapCommandSanityCheckFailedExceptionTest" name="TestConstructor_ErrorDescriptionAndInnerException_Success" />
    </UnitTest>
    <UnitTest name="TestConstructor_NoParameters_Success" storage="d:\actions-runner\_work\xpco\xpco\common\gismapshareddata\videoos.gismapshareddata.unittest\bin\debug\videoos.gismapshareddata.unittest.dll" id="39f3c974-5903-b0c2-d4d5-4e8cf3b0f1fb">
      <TestCategory>
        <TestCategoryItem TestCategory="MapCommandException" />
      </TestCategory>
      <Execution id="5c8adc7a-2c42-4c56-93a7-743f74fbb465" />
      <TestMethod codeBase="D:\actions-runner\_work\XPCO\XPCO\Common\GisMapSharedData\VideoOS.GisMapSharedData.UnitTest\bin\Debug\VideoOS.GisMapSharedData.UnitTest.dll" adapterTypeName="executor://mstestadapter/v1" className="VideoOS.GisMapSharedData.UnitTest.CommandExceptions.MapCommandOperationNotSupportedExceptionTest" name="TestConstructor_NoParameters_Success" />
    </UnitTest>
    <UnitTest name="OnSerializingNullClassProperty_Success" storage="d:\actions-runner\_work\xpco\xpco\common\gismapshareddata\videoos.gismapshareddata.unittest\bin\debug\videoos.gismapshareddata.unittest.dll" id="149ec407-0928-82ee-8619-4ccac6f672b7">
      <Execution id="2d4e2878-fc24-4edd-97b8-e7e65dadd74d" />
      <TestMethod codeBase="D:\actions-runner\_work\XPCO\XPCO\Common\GisMapSharedData\VideoOS.GisMapSharedData.UnitTest\bin\Debug\VideoOS.GisMapSharedData.UnitTest.dll" adapterTypeName="executor://mstestadapter/v1" className="VideoOS.GisMapSharedData.UnitTest.DataContracts.ParamsRespBaseTest" name="OnSerializingNullClassProperty_Success" />
    </UnitTest>
    <UnitTest name="TestConstructor_NoParameters_Success" storage="d:\actions-runner\_work\xpco\xpco\common\gismapshareddata\videoos.gismapshareddata.unittest\bin\debug\videoos.gismapshareddata.unittest.dll" id="4975163f-e2a2-98dd-c14a-2c4a0100004f">
      <TestCategory>
        <TestCategoryItem TestCategory="MapCommandException" />
      </TestCategory>
      <Execution id="e0912b38-7224-4937-adbc-a99649f2e281" />
      <TestMethod codeBase="D:\actions-runner\_work\XPCO\XPCO\Common\GisMapSharedData\VideoOS.GisMapSharedData.UnitTest\bin\Debug\VideoOS.GisMapSharedData.UnitTest.dll" adapterTypeName="executor://mstestadapter/v1" className="VideoOS.GisMapSharedData.UnitTest.CommandExceptions.MapCommandMapNotFoundExceptionTest" name="TestConstructor_NoParameters_Success" />
    </UnitTest>
    <UnitTest name="TestAttributeExists_Success" storage="d:\actions-runner\_work\xpco\xpco\common\gismapshareddata\videoos.gismapshareddata.unittest\bin\debug\videoos.gismapshareddata.unittest.dll" id="f035aadd-ec2b-1e2b-d012-fe50d483205b">
      <TestCategory>
        <TestCategoryItem TestCategory="MapCommandException" />
      </TestCategory>
      <Execution id="0e2422c1-2e14-489d-bb01-e72fba37ff38" />
      <TestMethod codeBase="D:\actions-runner\_work\XPCO\XPCO\Common\GisMapSharedData\VideoOS.GisMapSharedData.UnitTest\bin\Debug\VideoOS.GisMapSharedData.UnitTest.dll" adapterTypeName="executor://mstestadapter/v1" className="VideoOS.GisMapSharedData.UnitTest.CommandExceptions.MapCommandInvalidAuthenticationExceptionTest" name="TestAttributeExists_Success" />
    </UnitTest>
    <UnitTest name="TestAttributeExists_Success" storage="d:\actions-runner\_work\xpco\xpco\common\gismapshareddata\videoos.gismapshareddata.unittest\bin\debug\videoos.gismapshareddata.unittest.dll" id="e417ce80-657a-b524-fab0-906a563cfcef">
      <TestCategory>
        <TestCategoryItem TestCategory="MapCommandException" />
      </TestCategory>
      <Execution id="fff3509d-f857-42b0-996b-1c3d8f864778" />
      <TestMethod codeBase="D:\actions-runner\_work\XPCO\XPCO\Common\GisMapSharedData\VideoOS.GisMapSharedData.UnitTest\bin\Debug\VideoOS.GisMapSharedData.UnitTest.dll" adapterTypeName="executor://mstestadapter/v1" className="VideoOS.GisMapSharedData.UnitTest.CommandExceptions.MapCommandLayerOrderGapFoundExceptionTest" name="TestAttributeExists_Success" />
    </UnitTest>
    <UnitTest name="TestAttributeExists_Success" storage="d:\actions-runner\_work\xpco\xpco\common\gismapshareddata\videoos.gismapshareddata.unittest\bin\debug\videoos.gismapshareddata.unittest.dll" id="bb5aac5c-9e31-e153-955d-dda6c3cd8a29">
      <TestCategory>
        <TestCategoryItem TestCategory="MapCommandException" />
      </TestCategory>
      <Execution id="4d97a8d3-4b3a-4021-af14-596267da5f46" />
      <TestMethod codeBase="D:\actions-runner\_work\XPCO\XPCO\Common\GisMapSharedData\VideoOS.GisMapSharedData.UnitTest\bin\Debug\VideoOS.GisMapSharedData.UnitTest.dll" adapterTypeName="executor://mstestadapter/v1" className="VideoOS.GisMapSharedData.UnitTest.CommandExceptions.MapCommandSanityCheckFailedExceptionTest" name="TestAttributeExists_Success" />
    </UnitTest>
    <UnitTest name="TestConstructorErrorDescription" storage="d:\actions-runner\_work\xpco\xpco\common\gismapshareddata\videoos.gismapshareddata.unittest\bin\debug\videoos.gismapshareddata.unittest.dll" id="4272dc86-6448-aa9d-a94e-380471543b88">
      <TestCategory>
        <TestCategoryItem TestCategory="MapCommandException" />
      </TestCategory>
      <Execution id="debc7b21-d9f8-4f35-b3f9-8bb6c07b8799" />
      <TestMethod codeBase="D:\actions-runner\_work\XPCO\XPCO\Common\GisMapSharedData\VideoOS.GisMapSharedData.UnitTest\bin\Debug\VideoOS.GisMapSharedData.UnitTest.dll" adapterTypeName="executor://mstestadapter/v1" className="VideoOS.GisMapSharedData.UnitTest.CommandExceptions.MapCommandExceptionTest" name="TestConstructorErrorDescription" />
    </UnitTest>
    <UnitTest name="TestConstructor_ErrorDescriptionAndInnerException_Success" storage="d:\actions-runner\_work\xpco\xpco\common\gismapshareddata\videoos.gismapshareddata.unittest\bin\debug\videoos.gismapshareddata.unittest.dll" id="ed8cddc5-6dad-eb4a-440b-86ac633efe46">
      <TestCategory>
        <TestCategoryItem TestCategory="MapCommandException" />
      </TestCategory>
      <Execution id="0aa59605-c6a6-467b-9377-800c75fa9513" />
      <TestMethod codeBase="D:\actions-runner\_work\XPCO\XPCO\Common\GisMapSharedData\VideoOS.GisMapSharedData.UnitTest\bin\Debug\VideoOS.GisMapSharedData.UnitTest.dll" adapterTypeName="executor://mstestadapter/v1" className="VideoOS.GisMapSharedData.UnitTest.CommandExceptions.MapCommandNonUniqueBuildingIdExceptionTest" name="TestConstructor_ErrorDescriptionAndInnerException_Success" />
    </UnitTest>
    <UnitTest name="TestConstructor_ErrorDescription_Success" storage="d:\actions-runner\_work\xpco\xpco\common\gismapshareddata\videoos.gismapshareddata.unittest\bin\debug\videoos.gismapshareddata.unittest.dll" id="7fa5a87a-7b24-fd57-18b1-2703a72bb8b3">
      <TestCategory>
        <TestCategoryItem TestCategory="MapCommandException" />
      </TestCategory>
      <Execution id="48939ebe-d190-4f12-88d9-00d59d807e78" />
      <TestMethod codeBase="D:\actions-runner\_work\XPCO\XPCO\Common\GisMapSharedData\VideoOS.GisMapSharedData.UnitTest\bin\Debug\VideoOS.GisMapSharedData.UnitTest.dll" adapterTypeName="executor://mstestadapter/v1" className="VideoOS.GisMapSharedData.UnitTest.CommandExceptions.MapCommandArgumentNullExceptionTest" name="TestConstructor_ErrorDescription_Success" />
    </UnitTest>
    <UnitTest name="TestConstructor_ErrorDescription_Success" storage="d:\actions-runner\_work\xpco\xpco\common\gismapshareddata\videoos.gismapshareddata.unittest\bin\debug\videoos.gismapshareddata.unittest.dll" id="d6d917e7-2336-9291-8c8f-e7abd98f970a">
      <TestCategory>
        <TestCategoryItem TestCategory="MapCommandException" />
      </TestCategory>
      <Execution id="a358fba8-0e0b-4f54-a415-980db57c2ec6" />
      <TestMethod codeBase="D:\actions-runner\_work\XPCO\XPCO\Common\GisMapSharedData\VideoOS.GisMapSharedData.UnitTest\bin\Debug\VideoOS.GisMapSharedData.UnitTest.dll" adapterTypeName="executor://mstestadapter/v1" className="VideoOS.GisMapSharedData.UnitTest.CommandExceptions.MapCommandLayerAlreadyExistsExceptionTest" name="TestConstructor_ErrorDescription_Success" />
    </UnitTest>
    <UnitTest name="OnSerializingClassPropertyFullTree_Success" storage="d:\actions-runner\_work\xpco\xpco\common\gismapshareddata\videoos.gismapshareddata.unittest\bin\debug\videoos.gismapshareddata.unittest.dll" id="d05d989c-c6be-219d-c885-3eb3552876d5">
      <Execution id="0b15b7ee-29b3-4241-ade5-6b2488c7dd9d" />
      <TestMethod codeBase="D:\actions-runner\_work\XPCO\XPCO\Common\GisMapSharedData\VideoOS.GisMapSharedData.UnitTest\bin\Debug\VideoOS.GisMapSharedData.UnitTest.dll" adapterTypeName="executor://mstestadapter/v1" className="VideoOS.GisMapSharedData.UnitTest.DataContracts.ParamsRespBaseTest" name="OnSerializingClassPropertyFullTree_Success" />
    </UnitTest>
    <UnitTest name="OnDeserializedWithStringRefrenceTypes_Success" storage="d:\actions-runner\_work\xpco\xpco\common\gismapshareddata\videoos.gismapshareddata.unittest\bin\debug\videoos.gismapshareddata.unittest.dll" id="acee9974-f93a-f84c-51bf-9aae43ff78e0">
      <Execution id="d1a20977-1c15-4fac-86ec-65ab1b63f84c" />
      <TestMethod codeBase="D:\actions-runner\_work\XPCO\XPCO\Common\GisMapSharedData\VideoOS.GisMapSharedData.UnitTest\bin\Debug\VideoOS.GisMapSharedData.UnitTest.dll" adapterTypeName="executor://mstestadapter/v1" className="VideoOS.GisMapSharedData.UnitTest.DataContracts.ParamsRespBaseTest" name="OnDeserializedWithStringRefrenceTypes_Success" />
    </UnitTest>
    <UnitTest name="TestConstructor_ErrorDescriptionAndInnerException_Success" storage="d:\actions-runner\_work\xpco\xpco\common\gismapshareddata\videoos.gismapshareddata.unittest\bin\debug\videoos.gismapshareddata.unittest.dll" id="574c04a2-fb84-4909-614e-299c2d1af45e">
      <TestCategory>
        <TestCategoryItem TestCategory="MapCommandException" />
      </TestCategory>
      <Execution id="f7cc127b-b75c-4be2-94f8-75b6c1ffe632" />
      <TestMethod codeBase="D:\actions-runner\_work\XPCO\XPCO\Common\GisMapSharedData\VideoOS.GisMapSharedData.UnitTest\bin\Debug\VideoOS.GisMapSharedData.UnitTest.dll" adapterTypeName="executor://mstestadapter/v1" className="VideoOS.GisMapSharedData.UnitTest.CommandExceptions.MapCommandLayerAlreadyExistsExceptionTest" name="TestConstructor_ErrorDescriptionAndInnerException_Success" />
    </UnitTest>
    <UnitTest name="TestCopyMatchingProperties_Type1NotSourceType_Failure" storage="d:\actions-runner\_work\xpco\xpco\common\gismapshareddata\videoos.gismapshareddata.unittest\bin\debug\videoos.gismapshareddata.unittest.dll" id="9cb65467-c4f2-4545-39c9-b37964cf6c6f">
      <TestCategory>
        <TestCategoryItem TestCategory="CopyPropertyTool" />
      </TestCategory>
      <Execution id="cc866bfc-4ffd-47d9-8096-a346f8539eed" />
      <TestMethod codeBase="D:\actions-runner\_work\XPCO\XPCO\Common\GisMapSharedData\VideoOS.GisMapSharedData.UnitTest\bin\Debug\VideoOS.GisMapSharedData.UnitTest.dll" adapterTypeName="executor://mstestadapter/v1" className="VideoOS.GisMapSharedData.UnitTest.Utilities.ClassPropertyHelperTest" name="TestCopyMatchingProperties_Type1NotSourceType_Failure" />
    </UnitTest>
    <UnitTest name="TestConstructor_ErrorDescription_Success" storage="d:\actions-runner\_work\xpco\xpco\common\gismapshareddata\videoos.gismapshareddata.unittest\bin\debug\videoos.gismapshareddata.unittest.dll" id="92697b63-84ef-b7db-203a-f190091e235a">
      <TestCategory>
        <TestCategoryItem TestCategory="MapCommandException" />
      </TestCategory>
      <Execution id="98040445-9355-4be1-8765-9ecc70f2fdff" />
      <TestMethod codeBase="D:\actions-runner\_work\XPCO\XPCO\Common\GisMapSharedData\VideoOS.GisMapSharedData.UnitTest\bin\Debug\VideoOS.GisMapSharedData.UnitTest.dll" adapterTypeName="executor://mstestadapter/v1" className="VideoOS.GisMapSharedData.UnitTest.CommandExceptions.MapCommandInvalidTypeExceptionTest" name="TestConstructor_ErrorDescription_Success" />
    </UnitTest>
    <UnitTest name="OnSerializingWithClassArrayContainerNull" storage="d:\actions-runner\_work\xpco\xpco\common\gismapshareddata\videoos.gismapshareddata.unittest\bin\debug\videoos.gismapshareddata.unittest.dll" id="48a63da7-c29c-2c58-db40-489bb2805b1d">
      <Execution id="ddbfda43-c3aa-43d0-a402-be059254d462" />
      <TestMethod codeBase="D:\actions-runner\_work\XPCO\XPCO\Common\GisMapSharedData\VideoOS.GisMapSharedData.UnitTest\bin\Debug\VideoOS.GisMapSharedData.UnitTest.dll" adapterTypeName="executor://mstestadapter/v1" className="VideoOS.GisMapSharedData.UnitTest.DataContracts.ParamsRespBaseTest" name="OnSerializingWithClassArrayContainerNull" />
    </UnitTest>
    <UnitTest name="TestConstructor_NoParameters_Success" storage="d:\actions-runner\_work\xpco\xpco\common\gismapshareddata\videoos.gismapshareddata.unittest\bin\debug\videoos.gismapshareddata.unittest.dll" id="20cc738a-ac27-cc4a-9255-03102e452047">
      <TestCategory>
        <TestCategoryItem TestCategory="MapCommandException" />
      </TestCategory>
      <Execution id="e3027552-e263-4433-b3cf-250e19adb379" />
      <TestMethod codeBase="D:\actions-runner\_work\XPCO\XPCO\Common\GisMapSharedData\VideoOS.GisMapSharedData.UnitTest\bin\Debug\VideoOS.GisMapSharedData.UnitTest.dll" adapterTypeName="executor://mstestadapter/v1" className="VideoOS.GisMapSharedData.UnitTest.CommandExceptions.MapCommandOrderGapFoundExceptionTest" name="TestConstructor_NoParameters_Success" />
    </UnitTest>
    <UnitTest name="TestConstructor_ErrorDescription_Success" storage="d:\actions-runner\_work\xpco\xpco\common\gismapshareddata\videoos.gismapshareddata.unittest\bin\debug\videoos.gismapshareddata.unittest.dll" id="ff1589c0-3b3d-31e7-bf1b-90ee55b237ec">
      <TestCategory>
        <TestCategoryItem TestCategory="MapCommandException" />
      </TestCategory>
      <Execution id="eead8f92-f14f-4404-969f-5caaa512250f" />
      <TestMethod codeBase="D:\actions-runner\_work\XPCO\XPCO\Common\GisMapSharedData\VideoOS.GisMapSharedData.UnitTest\bin\Debug\VideoOS.GisMapSharedData.UnitTest.dll" adapterTypeName="executor://mstestadapter/v1" className="VideoOS.GisMapSharedData.UnitTest.CommandExceptions.MapCommandObsoleteItemTypeExceptionTest" name="TestConstructor_ErrorDescription_Success" />
    </UnitTest>
    <UnitTest name="TestConstructor_ViewPointId_Success" storage="d:\actions-runner\_work\xpco\xpco\common\gismapshareddata\videoos.gismapshareddata.unittest\bin\debug\videoos.gismapshareddata.unittest.dll" id="009013d5-fea3-af91-9eb7-d87eadc466fd">
      <TestCategory>
        <TestCategoryItem TestCategory="MapCommandException" />
      </TestCategory>
      <Execution id="122d5fd5-df53-4918-a384-8902ee6d42d6" />
      <TestMethod codeBase="D:\actions-runner\_work\XPCO\XPCO\Common\GisMapSharedData\VideoOS.GisMapSharedData.UnitTest\bin\Debug\VideoOS.GisMapSharedData.UnitTest.dll" adapterTypeName="executor://mstestadapter/v1" className="VideoOS.GisMapSharedData.UnitTest.CommandExceptions.MapCommandViewPointAlreadyExistsExceptionTest" name="TestConstructor_ViewPointId_Success" />
    </UnitTest>
    <UnitTest name="TestConstructor_ErrorDescriptionAndInnerException_Success" storage="d:\actions-runner\_work\xpco\xpco\common\gismapshareddata\videoos.gismapshareddata.unittest\bin\debug\videoos.gismapshareddata.unittest.dll" id="2e892999-add2-3a86-61f4-f822b68e1788">
      <TestCategory>
        <TestCategoryItem TestCategory="MapCommandException" />
      </TestCategory>
      <Execution id="8a2f22eb-c7d4-440b-9599-34aec15a1f10" />
      <TestMethod codeBase="D:\actions-runner\_work\XPCO\XPCO\Common\GisMapSharedData\VideoOS.GisMapSharedData.UnitTest\bin\Debug\VideoOS.GisMapSharedData.UnitTest.dll" adapterTypeName="executor://mstestadapter/v1" className="VideoOS.GisMapSharedData.UnitTest.CommandExceptions.MapCommandNonUniqueMapIdExceptionTest" name="TestConstructor_ErrorDescriptionAndInnerException_Success" />
    </UnitTest>
    <UnitTest name="TestAttributeExists_Success" storage="d:\actions-runner\_work\xpco\xpco\common\gismapshareddata\videoos.gismapshareddata.unittest\bin\debug\videoos.gismapshareddata.unittest.dll" id="26db9ca3-2a8f-4ae7-4a54-9eb6f6f69514">
      <TestCategory>
        <TestCategoryItem TestCategory="MapCommandException" />
      </TestCategory>
      <Execution id="f05fde46-199e-4144-ab19-045c393263c5" />
      <TestMethod codeBase="D:\actions-runner\_work\XPCO\XPCO\Common\GisMapSharedData\VideoOS.GisMapSharedData.UnitTest\bin\Debug\VideoOS.GisMapSharedData.UnitTest.dll" adapterTypeName="executor://mstestadapter/v1" className="VideoOS.GisMapSharedData.UnitTest.CommandExceptions.MapCommandOperationNotSupportedExceptionTest" name="TestAttributeExists_Success" />
    </UnitTest>
    <UnitTest name="TestAttributeExists_Success" storage="d:\actions-runner\_work\xpco\xpco\common\gismapshareddata\videoos.gismapshareddata.unittest\bin\debug\videoos.gismapshareddata.unittest.dll" id="30ca6209-6922-5367-0168-f91ffe6b8b66">
      <TestCategory>
        <TestCategoryItem TestCategory="MapCommandException" />
      </TestCategory>
      <Execution id="198a9884-fd10-485f-ac6d-558eaefe7dd1" />
      <TestMethod codeBase="D:\actions-runner\_work\XPCO\XPCO\Common\GisMapSharedData\VideoOS.GisMapSharedData.UnitTest\bin\Debug\VideoOS.GisMapSharedData.UnitTest.dll" adapterTypeName="executor://mstestadapter/v1" className="VideoOS.GisMapSharedData.UnitTest.CommandExceptions.MapCommandArgumentNullExceptionTest" name="TestAttributeExists_Success" />
    </UnitTest>
  </TestDefinitions>
  <TestEntries>
    <TestEntry testId="bb538686-730a-a900-6e65-e2f15b6e0fe9" executionId="d14ef594-0e79-4ceb-8b87-91783af4bc4e" testListId="8c84fa94-04c1-424b-9868-57a2d4851a1d" />
    <TestEntry testId="0eac311d-2d52-35b9-ece5-69fa5a600a88" executionId="5877ca5b-7246-4354-a3ae-c72c33ccbc6b" testListId="8c84fa94-04c1-424b-9868-57a2d4851a1d" />
    <TestEntry testId="f01d14db-ae66-1739-f96b-f5d13d5b2653" executionId="0c1ba566-9b12-4c5d-8eb1-5a4af6533c30" testListId="8c84fa94-04c1-424b-9868-57a2d4851a1d" />
    <TestEntry testId="92697b63-84ef-b7db-203a-f190091e235a" executionId="98040445-9355-4be1-8765-9ecc70f2fdff" testListId="8c84fa94-04c1-424b-9868-57a2d4851a1d" />
    <TestEntry testId="18c95fe0-49ec-7340-ce28-f77f0bc14643" executionId="2b2a451a-9700-424f-999c-b5d8885bd94b" testListId="8c84fa94-04c1-424b-9868-57a2d4851a1d" />
    <TestEntry testId="acee9974-f93a-f84c-51bf-9aae43ff78e0" executionId="d1a20977-1c15-4fac-86ec-65ab1b63f84c" testListId="8c84fa94-04c1-424b-9868-57a2d4851a1d" />
    <TestEntry testId="6e634b16-6e1f-4e04-489c-46e2b5a78bc9" executionId="11fe663f-e4eb-4174-9117-aae70e279006" testListId="8c84fa94-04c1-424b-9868-57a2d4851a1d" />
    <TestEntry testId="78341228-1f98-b2cc-27df-b48d8c6bbfb9" executionId="183f4c24-4f42-49cd-82f5-5536418053f1" testListId="8c84fa94-04c1-424b-9868-57a2d4851a1d" />
    <TestEntry testId="4272dc86-6448-aa9d-a94e-380471543b88" executionId="debc7b21-d9f8-4f35-b3f9-8bb6c07b8799" testListId="8c84fa94-04c1-424b-9868-57a2d4851a1d" />
    <TestEntry testId="515905de-2da1-0621-8ddb-e60fb4ec60d5" executionId="a1ff0ba9-eef5-4e85-9dd4-f37c28514da3" testListId="8c84fa94-04c1-424b-9868-57a2d4851a1d" />
    <TestEntry testId="bb5aac5c-9e31-e153-955d-dda6c3cd8a29" executionId="4d97a8d3-4b3a-4021-af14-596267da5f46" testListId="8c84fa94-04c1-424b-9868-57a2d4851a1d" />
    <TestEntry testId="75f1ef40-284a-e0e3-d3c6-0f3aebb56444" executionId="cc4bc8aa-1121-4f51-9165-5b13c20f49b1" testListId="8c84fa94-04c1-424b-9868-57a2d4851a1d" />
    <TestEntry testId="ed8cddc5-6dad-eb4a-440b-86ac633efe46" executionId="0aa59605-c6a6-467b-9377-800c75fa9513" testListId="8c84fa94-04c1-424b-9868-57a2d4851a1d" />
    <TestEntry testId="93171284-da1b-6880-cab4-616aaa4da299" executionId="0b6feefa-4b7b-4d3a-a31e-b94d28cfd868" testListId="8c84fa94-04c1-424b-9868-57a2d4851a1d" />
    <TestEntry testId="009013d5-fea3-af91-9eb7-d87eadc466fd" executionId="122d5fd5-df53-4918-a384-8902ee6d42d6" testListId="8c84fa94-04c1-424b-9868-57a2d4851a1d" />
    <TestEntry testId="18415cb1-f30b-1a53-2bfa-913f36be6b9f" executionId="b79b6ced-5f0d-439f-ba10-5748245bfc36" testListId="8c84fa94-04c1-424b-9868-57a2d4851a1d" />
    <TestEntry testId="f0ecbe33-7074-ef18-1bfc-d58bdf57b236" executionId="48953626-0bb0-4d7d-bbff-b1023bc272da" testListId="8c84fa94-04c1-424b-9868-57a2d4851a1d" />
    <TestEntry testId="f866f2e4-459a-2239-c4e5-97d252abda62" executionId="def99bbe-a3e7-4c68-9415-668fe6265074" testListId="8c84fa94-04c1-424b-9868-57a2d4851a1d" />
    <TestEntry testId="fdbae078-1446-ebe1-792d-e0a8f563a8a9" executionId="69510c6d-ec83-4150-b196-67f55f20f54f" testListId="8c84fa94-04c1-424b-9868-57a2d4851a1d" />
    <TestEntry testId="6690a5e5-55ea-006e-2746-8035f4f1552a" executionId="1d90b9e5-3393-4d24-b949-0d779436b112" testListId="8c84fa94-04c1-424b-9868-57a2d4851a1d" />
    <TestEntry testId="7fdf6317-47f2-9ce1-b041-a711b45d1e1c" executionId="0019c774-2bbd-456c-b5cf-e7f06a708712" testListId="8c84fa94-04c1-424b-9868-57a2d4851a1d" />
    <TestEntry testId="28373339-424d-4fa5-b1a9-7715725e7339" executionId="18f1f443-94dc-44af-ba24-3682de9b0d1a" testListId="8c84fa94-04c1-424b-9868-57a2d4851a1d" />
    <TestEntry testId="ab77c1df-4bd2-a183-5223-0cae854ab859" executionId="7d7f6f28-c159-4633-9905-2924c33dc82b" testListId="8c84fa94-04c1-424b-9868-57a2d4851a1d" />
    <TestEntry testId="8ec5d7f7-1b49-9ed3-d00e-af262c17469d" executionId="a23617f9-20ae-43ce-9d16-a509090ba81f" testListId="8c84fa94-04c1-424b-9868-57a2d4851a1d" />
    <TestEntry testId="d917af11-a672-fe91-a06a-ba8a57852e9c" executionId="ac8c1807-2ef4-4e64-9831-2838c3f2361a" testListId="8c84fa94-04c1-424b-9868-57a2d4851a1d" />
    <TestEntry testId="30ca6209-6922-5367-0168-f91ffe6b8b66" executionId="198a9884-fd10-485f-ac6d-558eaefe7dd1" testListId="8c84fa94-04c1-424b-9868-57a2d4851a1d" />
    <TestEntry testId="7cb257d8-1b1f-9dda-127a-c15c9b8691a4" executionId="ca7d6a8d-5c98-4721-9e79-d668e7d14a77" testListId="8c84fa94-04c1-424b-9868-57a2d4851a1d" />
    <TestEntry testId="fb6f57a1-5272-f30b-b7e2-9c0ad25cd45b" executionId="e805a5e9-d8ef-4b05-8c76-ab96319f403f" testListId="8c84fa94-04c1-424b-9868-57a2d4851a1d" />
    <TestEntry testId="cd7c1d30-7ea9-63a7-fa29-5d82a1c54c46" executionId="bb89e596-858d-4e61-9923-8c17e88ee39a" testListId="8c84fa94-04c1-424b-9868-57a2d4851a1d" />
    <TestEntry testId="26db9ca3-2a8f-4ae7-4a54-9eb6f6f69514" executionId="f05fde46-199e-4144-ab19-045c393263c5" testListId="8c84fa94-04c1-424b-9868-57a2d4851a1d" />
    <TestEntry testId="cf2a7e04-e15f-02bb-c084-691a39b49b93" executionId="e6e362e7-e2a6-4667-a598-7fa8cd8abace" testListId="8c84fa94-04c1-424b-9868-57a2d4851a1d" />
    <TestEntry testId="b549e11e-725c-0230-e06a-a9771680cc9f" executionId="c6e4c961-c240-48a0-93af-6ed91e30895a" testListId="8c84fa94-04c1-424b-9868-57a2d4851a1d" />
    <TestEntry testId="b8c1d960-d981-e959-4b75-35666a309479" executionId="5de21f7c-14e9-4e3e-aeb9-ffc825cf63ce" testListId="8c84fa94-04c1-424b-9868-57a2d4851a1d" />
    <TestEntry testId="d25606fa-1c10-0505-7905-5091ccf60f29" executionId="840e48a6-4f6e-4571-a1aa-4cf739273554" testListId="8c84fa94-04c1-424b-9868-57a2d4851a1d" />
    <TestEntry testId="48a63da7-c29c-2c58-db40-489bb2805b1d" executionId="ddbfda43-c3aa-43d0-a402-be059254d462" testListId="8c84fa94-04c1-424b-9868-57a2d4851a1d" />
    <TestEntry testId="94e7edba-670f-d7b7-71b5-b01347d8f1f1" executionId="63c8aa48-c2bf-4fbe-8670-965e12abad12" testListId="8c84fa94-04c1-424b-9868-57a2d4851a1d" />
    <TestEntry testId="4ba8d0a6-7295-4098-c411-171f633d93a1" executionId="17518faf-ba53-4151-a6fe-95da6453601e" testListId="8c84fa94-04c1-424b-9868-57a2d4851a1d" />
    <TestEntry testId="d8302d20-c4fe-706a-b731-5d3573ae6958" executionId="715bc66a-989f-49a5-9418-1e3567ed10cb" testListId="8c84fa94-04c1-424b-9868-57a2d4851a1d" />
    <TestEntry testId="743ebe21-74d1-294d-ab97-8ad88d88a47a" executionId="63871b30-9e24-4d69-ae20-74000f53d72b" testListId="8c84fa94-04c1-424b-9868-57a2d4851a1d" />
    <TestEntry testId="3b6c1610-deaf-f64a-248d-1d720f04042d" executionId="1e5500d9-430f-42c3-89ba-1d7a549ec2c3" testListId="8c84fa94-04c1-424b-9868-57a2d4851a1d" />
    <TestEntry testId="62159787-4524-b94c-85db-4443daf6e58b" executionId="7d727fb7-a958-4b4e-96bc-6d3c609b9b9b" testListId="8c84fa94-04c1-424b-9868-57a2d4851a1d" />
    <TestEntry testId="9cb65467-c4f2-4545-39c9-b37964cf6c6f" executionId="cc866bfc-4ffd-47d9-8096-a346f8539eed" testListId="8c84fa94-04c1-424b-9868-57a2d4851a1d" />
    <TestEntry testId="097e3290-628c-79f1-298b-e467814955d1" executionId="d2eeb22d-3b40-40fa-b946-d8c0c7437948" testListId="8c84fa94-04c1-424b-9868-57a2d4851a1d" />
    <TestEntry testId="c9415fb6-cb2e-6ac6-43df-04839a7158f5" executionId="4019826f-72cd-4b12-bab5-875fccfec0a7" testListId="8c84fa94-04c1-424b-9868-57a2d4851a1d" />
    <TestEntry testId="c34e4386-ca6b-97c5-aead-09efd148f3b6" executionId="32911db2-fc2f-4a3e-95ff-7b437c219513" testListId="8c84fa94-04c1-424b-9868-57a2d4851a1d" />
    <TestEntry testId="f0b76e53-cc7c-7748-9728-6daa9ee04def" executionId="06930e92-20af-4f3f-a373-e84705a002c5" testListId="8c84fa94-04c1-424b-9868-57a2d4851a1d" />
    <TestEntry testId="aff77587-7ac4-ac64-887e-62e1feb1af7e" executionId="6007cef8-a9c8-42a4-943b-757a1ca48955" testListId="8c84fa94-04c1-424b-9868-57a2d4851a1d" />
    <TestEntry testId="e19062c1-4f6f-d433-b9ca-3855fc1e7bab" executionId="ea7785b3-cb4b-4c3c-8a69-1038c4576615" testListId="8c84fa94-04c1-424b-9868-57a2d4851a1d" />
    <TestEntry testId="fb04c5d9-1ddd-1523-6d2a-09af016fb134" executionId="1e0a58c2-bf94-4902-b1d8-8a8b9ee3a575" testListId="8c84fa94-04c1-424b-9868-57a2d4851a1d" />
    <TestEntry testId="7a13931a-2a57-dd25-3394-5b0fba70fbfc" executionId="3c9e3157-b075-4ff8-9317-bdb6465e5453" testListId="8c84fa94-04c1-424b-9868-57a2d4851a1d" />
    <TestEntry testId="0a229a26-16c6-8d4d-d95d-c83efc70ac1c" executionId="3dd10df2-67ef-4662-a921-1099ff532a93" testListId="8c84fa94-04c1-424b-9868-57a2d4851a1d" />
    <TestEntry testId="f0945819-a243-b646-8f75-0e857c4da7fc" executionId="341f8d53-8720-4790-9fae-a041c107f0f9" testListId="8c84fa94-04c1-424b-9868-57a2d4851a1d" />
    <TestEntry testId="4d5ffecd-1cb6-cd68-defe-d419264f867e" executionId="3452d99a-c168-4cca-9db7-083774345822" testListId="8c84fa94-04c1-424b-9868-57a2d4851a1d" />
    <TestEntry testId="db84b391-2083-9181-608b-6ae459a74b14" executionId="e92da985-de00-4773-8c86-194baec3b486" testListId="8c84fa94-04c1-424b-9868-57a2d4851a1d" />
    <TestEntry testId="7fa5a87a-7b24-fd57-18b1-2703a72bb8b3" executionId="48939ebe-d190-4f12-88d9-00d59d807e78" testListId="8c84fa94-04c1-424b-9868-57a2d4851a1d" />
    <TestEntry testId="d6d917e7-2336-9291-8c8f-e7abd98f970a" executionId="a358fba8-0e0b-4f54-a415-980db57c2ec6" testListId="8c84fa94-04c1-424b-9868-57a2d4851a1d" />
    <TestEntry testId="f48319ab-decd-3d5b-168c-0dab4b1ab9bf" executionId="d893523d-1e7b-49fd-bf55-bd37797186c0" testListId="8c84fa94-04c1-424b-9868-57a2d4851a1d" />
    <TestEntry testId="da74c1fb-d050-254a-d8cd-b13361d66545" executionId="d4ab76e3-a24e-401d-837b-629d3e9248c8" testListId="8c84fa94-04c1-424b-9868-57a2d4851a1d" />
    <TestEntry testId="20aebe3e-4510-5727-c483-614a7d667a4e" executionId="8d7b2b0e-77e3-4333-b022-b5071ac03c32" testListId="8c84fa94-04c1-424b-9868-57a2d4851a1d" />
    <TestEntry testId="fa67df6a-d136-6eec-393d-ec4a305abe26" executionId="7901ebc0-5141-4f4a-890c-58b0fa4955d6" testListId="8c84fa94-04c1-424b-9868-57a2d4851a1d" />
    <TestEntry testId="89db94f9-da05-009a-fdcf-deff6b001e66" executionId="a3e20a76-bd6d-4f0f-a062-c7fc5556c5d3" testListId="8c84fa94-04c1-424b-9868-57a2d4851a1d" />
    <TestEntry testId="8b101637-b7dd-d631-f32d-e18673f192b9" executionId="c10ff1fa-60d0-41dd-84d4-95c5404682fb" testListId="8c84fa94-04c1-424b-9868-57a2d4851a1d" />
    <TestEntry testId="e70f68ca-ac2d-b0ec-750e-39f788b4a0d7" executionId="e93dd2b3-5462-44b9-9e4b-cd2c66b40a6c" testListId="8c84fa94-04c1-424b-9868-57a2d4851a1d" />
    <TestEntry testId="e8e7b6ff-daa9-9553-3f18-d1e9c2a386bb" executionId="7259e634-c781-4f0c-acd5-11ed01ead128" testListId="8c84fa94-04c1-424b-9868-57a2d4851a1d" />
    <TestEntry testId="3e3de984-b158-332c-9e83-071b2fd89bb7" executionId="3755caa6-b825-43d9-b772-8aa3161bea14" testListId="8c84fa94-04c1-424b-9868-57a2d4851a1d" />
    <TestEntry testId="1e951778-088f-2cbf-a7ac-7b524963ef42" executionId="f4fae054-90ff-4ffc-97c5-52b3ef1a7dfd" testListId="8c84fa94-04c1-424b-9868-57a2d4851a1d" />
    <TestEntry testId="bd2fe3ac-2647-e36c-5c07-a95ef84f3351" executionId="b97e4cb2-cea5-470f-9f1d-bdf689fc2aaf" testListId="8c84fa94-04c1-424b-9868-57a2d4851a1d" />
    <TestEntry testId="d05d989c-c6be-219d-c885-3eb3552876d5" executionId="0b15b7ee-29b3-4241-ade5-6b2488c7dd9d" testListId="8c84fa94-04c1-424b-9868-57a2d4851a1d" />
    <TestEntry testId="20dc8e45-031a-2048-62d0-602902b8d973" executionId="0d466221-a1b9-49c4-83c2-88027cb5c272" testListId="8c84fa94-04c1-424b-9868-57a2d4851a1d" />
    <TestEntry testId="a55ddb66-42e1-5812-aeda-1ccb1a6ac5e6" executionId="ecc2dc4e-b369-40f0-80ca-3fef8010c7d9" testListId="8c84fa94-04c1-424b-9868-57a2d4851a1d" />
    <TestEntry testId="e381c0fb-5353-6eeb-9f97-490140e80ec5" executionId="69619df5-2655-4eec-877b-59d4e8f8ab8c" testListId="8c84fa94-04c1-424b-9868-57a2d4851a1d" />
    <TestEntry testId="65839743-eedc-7435-519f-96be683d749b" executionId="fb024204-ab8a-4846-98db-435fa6f3e2fe" testListId="8c84fa94-04c1-424b-9868-57a2d4851a1d" />
    <TestEntry testId="2e892999-add2-3a86-61f4-f822b68e1788" executionId="8a2f22eb-c7d4-440b-9599-34aec15a1f10" testListId="8c84fa94-04c1-424b-9868-57a2d4851a1d" />
    <TestEntry testId="3780b401-471f-5e39-74d3-5034ce8d6175" executionId="8d5fc7d0-66e2-485c-bd9e-f44ddae119e2" testListId="8c84fa94-04c1-424b-9868-57a2d4851a1d" />
    <TestEntry testId="dca047c4-a1d1-64c8-21df-94b21d4d1b0a" executionId="b489bb98-a164-4d8f-ba35-52db599b3097" testListId="8c84fa94-04c1-424b-9868-57a2d4851a1d" />
    <TestEntry testId="4975163f-e2a2-98dd-c14a-2c4a0100004f" executionId="e0912b38-7224-4937-adbc-a99649f2e281" testListId="8c84fa94-04c1-424b-9868-57a2d4851a1d" />
    <TestEntry testId="3d3e5d00-fe6d-eaa1-184f-d87c1b5b6276" executionId="73145673-6e5a-4693-a927-52ea3cfce64d" testListId="8c84fa94-04c1-424b-9868-57a2d4851a1d" />
    <TestEntry testId="e3c31892-5554-b114-2cec-c85e1c2bc61c" executionId="4d16a5ab-67bb-45f3-a025-715fc6b04f56" testListId="8c84fa94-04c1-424b-9868-57a2d4851a1d" />
    <TestEntry testId="11dc1696-abf2-582d-6c14-3c3ec02b0b90" executionId="f6a80361-a87a-4706-95c8-d6eb8f7e51b6" testListId="8c84fa94-04c1-424b-9868-57a2d4851a1d" />
    <TestEntry testId="e57e473b-308f-633f-28db-c08e7fd00576" executionId="29728075-cab8-48c9-a136-42886940b980" testListId="8c84fa94-04c1-424b-9868-57a2d4851a1d" />
    <TestEntry testId="184a3a51-f871-d2ab-a74c-c3bd6163228d" executionId="aa299c1a-1295-4f8a-8a45-2650e2805839" testListId="8c84fa94-04c1-424b-9868-57a2d4851a1d" />
    <TestEntry testId="28c80379-1446-414c-9c0b-7b5f3964d318" executionId="e749a809-ac9c-4a01-a8c3-c24d9fcd9048" testListId="8c84fa94-04c1-424b-9868-57a2d4851a1d" />
    <TestEntry testId="caf00ca8-5a5f-4e7f-c9eb-b30f1f21088a" executionId="71ac43fd-6b30-425f-82d0-1322ae568f92" testListId="8c84fa94-04c1-424b-9868-57a2d4851a1d" />
    <TestEntry testId="3b5a222e-8087-b757-38fe-19c65e85ad9b" executionId="3670f60b-a28f-448e-a265-b30636989c17" testListId="8c84fa94-04c1-424b-9868-57a2d4851a1d" />
    <TestEntry testId="853b350e-fcee-0b8c-6fe2-83301fd0bf0f" executionId="6b155c37-05f3-4669-8e7b-3f6af3c3f1d6" testListId="8c84fa94-04c1-424b-9868-57a2d4851a1d" />
    <TestEntry testId="528197dd-d3f1-c776-dfa6-b0912a60f0a8" executionId="f553411d-a718-426a-b5ea-37bb4bfe0d8f" testListId="8c84fa94-04c1-424b-9868-57a2d4851a1d" />
    <TestEntry testId="a4a6df87-1d53-2fee-ac08-7a6fd9d043b0" executionId="9d135697-1d0a-4ef1-94eb-631a7c3a7353" testListId="8c84fa94-04c1-424b-9868-57a2d4851a1d" />
    <TestEntry testId="f035aadd-ec2b-1e2b-d012-fe50d483205b" executionId="0e2422c1-2e14-489d-bb01-e72fba37ff38" testListId="8c84fa94-04c1-424b-9868-57a2d4851a1d" />
    <TestEntry testId="39b87cb6-8943-8703-e79b-928509672861" executionId="4b9c06e2-2fa7-4112-9f61-2e9f5117baf0" testListId="8c84fa94-04c1-424b-9868-57a2d4851a1d" />
    <TestEntry testId="3fed7463-7bb8-980c-edec-58f6e5bf16ed" executionId="9b595d5c-411c-45db-b0eb-3c66c967c3c6" testListId="8c84fa94-04c1-424b-9868-57a2d4851a1d" />
    <TestEntry testId="876fcdd6-8a71-69b7-f63a-602fda82f658" executionId="e9f28dbc-f97d-4df3-9dbf-b6feff03de85" testListId="8c84fa94-04c1-424b-9868-57a2d4851a1d" />
    <TestEntry testId="fedb921b-b397-97cc-e1c7-1b725a9aa4dd" executionId="de12d1a1-a1ff-4644-accc-e5865fbe3933" testListId="8c84fa94-04c1-424b-9868-57a2d4851a1d" />
    <TestEntry testId="ba4efa3e-0766-d90d-3aef-adbd4439580e" executionId="6a163c4e-bd04-493d-b27c-62479b32385d" testListId="8c84fa94-04c1-424b-9868-57a2d4851a1d" />
    <TestEntry testId="6fa820d4-ce1e-430e-efba-6d1bf8eb0cea" executionId="d05589f1-1bb9-406b-95b6-84be3d9d7c3b" testListId="8c84fa94-04c1-424b-9868-57a2d4851a1d" />
    <TestEntry testId="b6437183-953c-7d59-a42a-4cc2d4a19e24" executionId="03606c37-0016-468c-82f7-2767e626fbef" testListId="8c84fa94-04c1-424b-9868-57a2d4851a1d" />
    <TestEntry testId="9f9a3775-bca6-42e6-d927-061df44ced88" executionId="fecea3ea-458d-4327-950c-fd383d77e894" testListId="8c84fa94-04c1-424b-9868-57a2d4851a1d" />
    <TestEntry testId="83478276-8795-46e5-a4fa-6d110de12a41" executionId="d5724c70-983d-42f3-b6ec-75be97c3a0ff" testListId="8c84fa94-04c1-424b-9868-57a2d4851a1d" />
    <TestEntry testId="ea71d23a-1026-ea2c-f1e2-50eac38dac0d" executionId="0612ec0d-36ce-4274-ba2b-76a4f77d0bba" testListId="8c84fa94-04c1-424b-9868-57a2d4851a1d" />
    <TestEntry testId="7a1fd523-bc4d-f7ca-2a8b-8078c4b0c9de" executionId="ffcab100-6143-4572-bf45-47698539fb6a" testListId="8c84fa94-04c1-424b-9868-57a2d4851a1d" />
    <TestEntry testId="4bd0f159-9896-a4fd-1597-28748cd21d98" executionId="45dd8fc5-9209-4613-96e0-f60361d527bd" testListId="8c84fa94-04c1-424b-9868-57a2d4851a1d" />
    <TestEntry testId="c8461022-b9ec-d747-8816-6abe2479ad23" executionId="1c81dd88-8f40-4c19-981d-0ed9c0383bc6" testListId="8c84fa94-04c1-424b-9868-57a2d4851a1d" />
    <TestEntry testId="4ff28219-9499-01b7-e059-536dcd81e10f" executionId="b2650313-d257-4334-b256-aac1748002a7" testListId="8c84fa94-04c1-424b-9868-57a2d4851a1d" />
    <TestEntry testId="7cd06677-8dee-eb99-412a-eda01e5da3a1" executionId="ee01dd02-7347-4150-aaeb-22f18322ad26" testListId="8c84fa94-04c1-424b-9868-57a2d4851a1d" />
    <TestEntry testId="c9a2a0f4-5052-9f35-6fa1-d26cec5d9b2e" executionId="2babc279-0ccb-4e0f-84d4-58dd64b0ddf3" testListId="8c84fa94-04c1-424b-9868-57a2d4851a1d" />
    <TestEntry testId="68f86fb5-457e-33c8-a227-fb3fb0b55b27" executionId="0ca75ab2-4928-422c-af2e-bd261931db31" testListId="8c84fa94-04c1-424b-9868-57a2d4851a1d" />
    <TestEntry testId="5124fb47-994c-706e-1ac8-9ad3e825c8f1" executionId="1d40a011-95ce-44de-93dc-9e0ea03d1801" testListId="8c84fa94-04c1-424b-9868-57a2d4851a1d" />
    <TestEntry testId="149ec407-0928-82ee-8619-4ccac6f672b7" executionId="2d4e2878-fc24-4edd-97b8-e7e65dadd74d" testListId="8c84fa94-04c1-424b-9868-57a2d4851a1d" />
    <TestEntry testId="331ba981-1c07-70b7-d56d-e91f56ab0af1" executionId="ce76be1d-fcd6-4306-b25c-047bbbe64de8" testListId="8c84fa94-04c1-424b-9868-57a2d4851a1d" />
    <TestEntry testId="3cf18d3d-b31e-20fa-5f1f-1414e6fb166c" executionId="feafdebe-c33e-48d9-b790-830bc9be7bf5" testListId="8c84fa94-04c1-424b-9868-57a2d4851a1d" />
    <TestEntry testId="53a5fcc8-b550-2ee9-ab98-5559f531eb74" executionId="6bbe43ce-6231-4a83-9862-be2944d7550a" testListId="8c84fa94-04c1-424b-9868-57a2d4851a1d" />
    <TestEntry testId="d02efcb3-fba3-c4d3-499c-8de0f28a4a19" executionId="66cfb9dd-dfcf-4954-8f27-51f965f5feb7" testListId="8c84fa94-04c1-424b-9868-57a2d4851a1d" />
    <TestEntry testId="a197526b-8363-3cfa-d897-f9de0fdcf070" executionId="f25fbb0a-b8a0-4a5c-b276-c1889a2159ae" testListId="8c84fa94-04c1-424b-9868-57a2d4851a1d" />
    <TestEntry testId="5f66a694-24a9-8fe8-709a-d2e4e28abe92" executionId="afe05b55-7a50-4780-98dc-c42088794f16" testListId="8c84fa94-04c1-424b-9868-57a2d4851a1d" />
    <TestEntry testId="9dae148e-8f2c-6058-7353-33e92fc4f3e9" executionId="c04191a4-5d3a-4fe9-bfa3-46c8b1b45415" testListId="8c84fa94-04c1-424b-9868-57a2d4851a1d" />
    <TestEntry testId="f410af74-3fc1-e30d-3d9f-798dac046972" executionId="9319316b-0b7c-4841-ae9e-c718221faaf8" testListId="8c84fa94-04c1-424b-9868-57a2d4851a1d" />
    <TestEntry testId="098211ab-360c-6735-e129-129009030b36" executionId="65413697-0a7b-4831-95e6-e32dddb86d5a" testListId="8c84fa94-04c1-424b-9868-57a2d4851a1d" />
    <TestEntry testId="76fc855d-59dc-3b6e-3e6e-e6a15465cefb" executionId="bf57c30c-3598-4bba-8e01-3c53b2b6e20f" testListId="8c84fa94-04c1-424b-9868-57a2d4851a1d" />
    <TestEntry testId="c2a39777-0ad8-fefd-0057-3357ef036012" executionId="4c34ecc2-e6a7-4a0d-9a80-a2532d068882" testListId="8c84fa94-04c1-424b-9868-57a2d4851a1d" />
    <TestEntry testId="30226e45-9c63-3571-b067-16983df31b28" executionId="e6e967b6-89c2-4855-abb0-c240b8bee037" testListId="8c84fa94-04c1-424b-9868-57a2d4851a1d" />
    <TestEntry testId="7d6278e6-9b80-4a7f-182f-c03d036ad28d" executionId="c507ef66-9870-4192-bd6b-3603d3890bc4" testListId="8c84fa94-04c1-424b-9868-57a2d4851a1d" />
    <TestEntry testId="b74660fc-35dd-abf6-6ed9-4b1145809cd6" executionId="c48e61ff-31fb-433c-a344-bf314c54ced2" testListId="8c84fa94-04c1-424b-9868-57a2d4851a1d" />
    <TestEntry testId="afb3bdd0-0f99-d747-7bae-de50bf6b9b89" executionId="6dca8ccb-cafb-464a-a124-bda2dc4d088f" testListId="8c84fa94-04c1-424b-9868-57a2d4851a1d" />
    <TestEntry testId="84d248da-6a06-72cc-45f9-01bbeda7f19d" executionId="cd417728-3f86-4326-9f1e-f99dec59789c" testListId="8c84fa94-04c1-424b-9868-57a2d4851a1d" />
    <TestEntry testId="3bd0d3b8-7840-6a04-f2da-406d55f8be8f" executionId="3fd4888f-3210-4b9e-8dc7-9a18759482f9" testListId="8c84fa94-04c1-424b-9868-57a2d4851a1d" />
    <TestEntry testId="e417ce80-657a-b524-fab0-906a563cfcef" executionId="fff3509d-f857-42b0-996b-1c3d8f864778" testListId="8c84fa94-04c1-424b-9868-57a2d4851a1d" />
    <TestEntry testId="ff1589c0-3b3d-31e7-bf1b-90ee55b237ec" executionId="eead8f92-f14f-4404-969f-5caaa512250f" testListId="8c84fa94-04c1-424b-9868-57a2d4851a1d" />
    <TestEntry testId="a579e24a-b3b3-0e74-d0ad-623787297a42" executionId="59504804-130a-45d1-b34a-9a00c55c6226" testListId="8c84fa94-04c1-424b-9868-57a2d4851a1d" />
    <TestEntry testId="33693c06-087a-f3a1-d4b4-928368c2b14b" executionId="0103209e-402c-453b-b569-640b70b45660" testListId="8c84fa94-04c1-424b-9868-57a2d4851a1d" />
    <TestEntry testId="8a18b369-b564-de78-237f-e905d4c9f3c9" executionId="d4f2ca7b-1399-48e5-91ff-ecd76d575e64" testListId="8c84fa94-04c1-424b-9868-57a2d4851a1d" />
    <TestEntry testId="356ef46b-0e5b-af0f-427e-ba7096785440" executionId="8ace256e-b1b1-4cb9-ac85-8248aea2eb79" testListId="8c84fa94-04c1-424b-9868-57a2d4851a1d" />
    <TestEntry testId="6fa46d58-19b0-5161-6030-bd719f461f08" executionId="cf4ec2b2-b6ff-42c2-ac1f-a0c26f283201" testListId="8c84fa94-04c1-424b-9868-57a2d4851a1d" />
    <TestEntry testId="f1d99d53-05dc-2288-565b-a754435d0819" executionId="9219682f-925e-4b1d-a6c5-4ee10bb7ed49" testListId="8c84fa94-04c1-424b-9868-57a2d4851a1d" />
    <TestEntry testId="7f2a4e61-7aea-02bf-432d-46d9066bb1ba" executionId="731f9872-0fbe-48d6-9242-10cafa7f3dff" testListId="8c84fa94-04c1-424b-9868-57a2d4851a1d" />
    <TestEntry testId="73f10034-290b-8e1a-12a8-dce66caaebbe" executionId="7e2ba3df-ee87-464c-951c-f20ed133389b" testListId="8c84fa94-04c1-424b-9868-57a2d4851a1d" />
    <TestEntry testId="282f6cdd-d62d-2b34-55d2-a4eb56661e41" executionId="e348f5b0-604c-4f7b-86a8-cfa53dfa0f7f" testListId="8c84fa94-04c1-424b-9868-57a2d4851a1d" />
    <TestEntry testId="63f594bb-866c-1740-3625-759d01b0ee2b" executionId="8aa62db9-d8bc-43d3-83dc-1f5be8a1f958" testListId="8c84fa94-04c1-424b-9868-57a2d4851a1d" />
    <TestEntry testId="e802653e-f2ed-f7c6-a5fb-e01e28492882" executionId="73fae0ff-5842-47c4-9a1b-73f593748cf1" testListId="8c84fa94-04c1-424b-9868-57a2d4851a1d" />
    <TestEntry testId="3a2b1bad-0152-208e-122a-993b408719f7" executionId="8e398294-25d7-4849-9061-ad50bdbc5cc0" testListId="8c84fa94-04c1-424b-9868-57a2d4851a1d" />
    <TestEntry testId="5f38dc30-d0a8-499e-d516-ebda9a426621" executionId="d34523dc-b72e-4795-9846-1a244f1cf5d9" testListId="8c84fa94-04c1-424b-9868-57a2d4851a1d" />
    <TestEntry testId="aba1de11-7f09-b69c-fe49-87b17aeb0112" executionId="6af38c6c-2d5e-414f-ad46-08cb4f2ab5a5" testListId="8c84fa94-04c1-424b-9868-57a2d4851a1d" />
    <TestEntry testId="20cc738a-ac27-cc4a-9255-03102e452047" executionId="e3027552-e263-4433-b3cf-250e19adb379" testListId="8c84fa94-04c1-424b-9868-57a2d4851a1d" />
    <TestEntry testId="90b58c10-d579-c9fe-3398-dc3c361ed0b4" executionId="14abf231-122e-4507-b0d3-4e900757dcc3" testListId="8c84fa94-04c1-424b-9868-57a2d4851a1d" />
    <TestEntry testId="39f3c974-5903-b0c2-d4d5-4e8cf3b0f1fb" executionId="5c8adc7a-2c42-4c56-93a7-743f74fbb465" testListId="8c84fa94-04c1-424b-9868-57a2d4851a1d" />
    <TestEntry testId="4ca54b1a-2f71-bed7-94b6-34df043645bc" executionId="1fa26050-f7b8-4a92-b9a3-46c50a06c168" testListId="8c84fa94-04c1-424b-9868-57a2d4851a1d" />
    <TestEntry testId="34ac2d36-8678-0a6e-f55d-3bb582e5502b" executionId="3445044d-0bf2-4a03-babb-c18ec6edb5e1" testListId="8c84fa94-04c1-424b-9868-57a2d4851a1d" />
    <TestEntry testId="7218a292-f480-07b9-25a0-49fc20e696e0" executionId="f2ea8ae6-70a5-41fc-9f9c-0b1a2b9dddd7" testListId="8c84fa94-04c1-424b-9868-57a2d4851a1d" />
    <TestEntry testId="7f0c8b03-44ec-d73b-cae3-862acebe79ab" executionId="59ccd4c9-7674-402a-ae0a-c83929a30be6" testListId="8c84fa94-04c1-424b-9868-57a2d4851a1d" />
    <TestEntry testId="83e306ad-0720-17dd-8153-763a9cf1f945" executionId="305f68b8-7041-4da6-8d43-26327124947c" testListId="8c84fa94-04c1-424b-9868-57a2d4851a1d" />
    <TestEntry testId="10c01568-98c2-f651-4062-0ab025fe90b9" executionId="438a9957-68c3-49c5-8836-d9366e4320c6" testListId="8c84fa94-04c1-424b-9868-57a2d4851a1d" />
    <TestEntry testId="c46b813b-2864-a54e-27f6-c2d2946ee618" executionId="2c70b3f6-6f0d-4e6f-b336-0e205fa6b4fe" testListId="8c84fa94-04c1-424b-9868-57a2d4851a1d" />
    <TestEntry testId="cdb81642-ea0b-a3d0-9125-47311a6a6119" executionId="ed9d13fb-0dee-4da9-964c-93826e3d353d" testListId="8c84fa94-04c1-424b-9868-57a2d4851a1d" />
    <TestEntry testId="56f0a806-4ae7-f3bf-f230-fcbf2a919631" executionId="a0577903-6ab1-4d17-9404-afaab4de4f72" testListId="8c84fa94-04c1-424b-9868-57a2d4851a1d" />
    <TestEntry testId="c24c28c7-9433-8c3c-0318-acd1909dbbfc" executionId="964416b8-b7fd-4057-a73f-5cfd226c0deb" testListId="8c84fa94-04c1-424b-9868-57a2d4851a1d" />
    <TestEntry testId="309b5967-5591-957f-758c-1c585a3a83f9" executionId="6d7c97f6-5a3f-4a78-b7c4-6df373d7f04e" testListId="8c84fa94-04c1-424b-9868-57a2d4851a1d" />
    <TestEntry testId="3cfb6536-349c-526f-f130-8610257d022a" executionId="738658c0-4900-4816-9f7d-7ded0d87475c" testListId="8c84fa94-04c1-424b-9868-57a2d4851a1d" />
    <TestEntry testId="f7713007-f1ae-c35f-1114-7e8f84e93ed8" executionId="78f521e2-ea9a-4744-884e-4533ff24588c" testListId="8c84fa94-04c1-424b-9868-57a2d4851a1d" />
    <TestEntry testId="983cd1f3-5dee-cccf-20ee-82d7f5bee7cf" executionId="7d28365c-5445-4545-a7a5-870fe7453e2f" testListId="8c84fa94-04c1-424b-9868-57a2d4851a1d" />
    <TestEntry testId="d55efac6-8dbf-3356-751a-54b4424e775e" executionId="24d2e275-54e3-44e5-845e-8ee8529640fa" testListId="8c84fa94-04c1-424b-9868-57a2d4851a1d" />
    <TestEntry testId="8374ccfe-aa64-5418-f90e-b570eb1f8f8e" executionId="9bb443ff-cb51-4f09-8d35-fe2698684316" testListId="8c84fa94-04c1-424b-9868-57a2d4851a1d" />
    <TestEntry testId="09aac61e-00b9-e150-5c37-a82f1ca0878b" executionId="953ade42-83c7-4cba-b0eb-30daee984419" testListId="8c84fa94-04c1-424b-9868-57a2d4851a1d" />
    <TestEntry testId="574c04a2-fb84-4909-614e-299c2d1af45e" executionId="f7cc127b-b75c-4be2-94f8-75b6c1ffe632" testListId="8c84fa94-04c1-424b-9868-57a2d4851a1d" />
    <TestEntry testId="b8f5e07c-999a-e6f5-8468-ed22e1a19fb2" executionId="c4d0c6bc-2b41-44a6-9ded-84eb5f7c3add" testListId="8c84fa94-04c1-424b-9868-57a2d4851a1d" />
    <TestEntry testId="552d887d-3c8c-5d22-5fc7-acb212ea98a5" executionId="092c5058-1678-4652-b444-684e83492539" testListId="8c84fa94-04c1-424b-9868-57a2d4851a1d" />
    <TestEntry testId="46a7b3d5-55a4-eee5-42d8-d374ad148f41" executionId="e5acd471-0c7c-4298-a74d-560532b08426" testListId="8c84fa94-04c1-424b-9868-57a2d4851a1d" />
    <TestEntry testId="ab0894c0-226b-103c-3a51-a5533d4b718c" executionId="15e3a23f-48c3-4281-afd2-3cbd4a882561" testListId="8c84fa94-04c1-424b-9868-57a2d4851a1d" />
    <TestEntry testId="92bd870f-71b7-aaed-1fef-9e9609e1d162" executionId="8c88460c-5c87-4218-bb98-786546bc5c78" testListId="8c84fa94-04c1-424b-9868-57a2d4851a1d" />
    <TestEntry testId="ab023b5e-edf5-d1ff-95c4-4dae2c305106" executionId="5709a222-10fa-4f0f-90dd-062b2a8dcb29" testListId="8c84fa94-04c1-424b-9868-57a2d4851a1d" />
    <TestEntry testId="5e020671-df3b-8924-3300-17b048ed033b" executionId="fe1feb4f-b025-4ebf-a53f-a993c64bdc31" testListId="8c84fa94-04c1-424b-9868-57a2d4851a1d" />
    <TestEntry testId="5375bfa0-1528-17ef-08aa-49a10d63bcca" executionId="3a70566c-22e2-4428-9739-a59b9202b2d8" testListId="8c84fa94-04c1-424b-9868-57a2d4851a1d" />
    <TestEntry testId="d7e0d2a6-c9b7-a220-16e3-7348b7831c17" executionId="92588bbc-3f07-4e3a-a679-2c321fec73c4" testListId="8c84fa94-04c1-424b-9868-57a2d4851a1d" />
    <TestEntry testId="480811c1-6c02-e540-e71d-bf889c898b59" executionId="8b78106f-2f03-454c-b879-84dd8d2ccda3" testListId="8c84fa94-04c1-424b-9868-57a2d4851a1d" />
    <TestEntry testId="51bb8925-8db3-1f91-aa59-d60dd31b89f9" executionId="6bfec056-0219-4014-a3d0-b4ce54509812" testListId="8c84fa94-04c1-424b-9868-57a2d4851a1d" />
    <TestEntry testId="341e2993-dd9b-b335-097f-377cdba79b28" executionId="3e167e96-d362-4359-856d-7f258631b172" testListId="8c84fa94-04c1-424b-9868-57a2d4851a1d" />
    <TestEntry testId="0c995c67-007b-2af2-d89b-ff45e480678e" executionId="812b1921-039f-4b0a-b606-4edfb3b3c0fa" testListId="8c84fa94-04c1-424b-9868-57a2d4851a1d" />
    <TestEntry testId="212bfad4-dce4-f8dd-f6fa-eb7895153fa0" executionId="e8b9de0f-3e23-4d8e-8dbc-396cc0506a8e" testListId="8c84fa94-04c1-424b-9868-57a2d4851a1d" />
    <TestEntry testId="635105b3-b470-2f08-fc44-9f29c4bfd7f6" executionId="fca6ee22-0639-4c96-8c81-22bdad21b27f" testListId="8c84fa94-04c1-424b-9868-57a2d4851a1d" />
  </TestEntries>
  <TestLists>
    <TestList name="Results Not in a List" id="8c84fa94-04c1-424b-9868-57a2d4851a1d" />
    <TestList name="All Loaded Results" id="19431567-8539-422a-85d7-44ee4e166bda" />
  </TestLists>
  <ResultSummary outcome="Completed">
    <Counters total="176" executed="176" passed="176" failed="0" error="0" timeout="0" aborted="0" inconclusive="0" passedButRunAborted="0" notRunnable="0" notExecuted="0" disconnected="0" warning="0" completed="0" inProgress="0" pending="0" />
  </ResultSummary>
</TestRun>