<?xml version="1.0" encoding="utf-8"?>
<TestRun id="83ab7d4e-c16f-484b-9efb-2f813d0e4f09" name="DKSR-EFI-06$@DKSR-EFI-06 2024-01-09 15:45:25" runUser="NT AUTHORITY\NETWORK SERVICE" xmlns="http://microsoft.com/schemas/VisualStudio/TeamTest/2010">
  <Times creation="2024-01-09T15:45:25.7794150+01:00" queuing="2024-01-09T15:45:25.7794150+01:00" start="2024-01-09T15:45:12.7793897+01:00" finish="2024-01-09T15:45:28.9981663+01:00" />
  <TestSettings name="default" id="bb9ce585-f7e4-410e-9d44-8e2309298e61">
    <Deployment runDeploymentRoot="DKSR-EFI-06$_DKSR-EFI-06_2024-01-09_15_45_25" />
  </TestSettings>
  <Results>
    <UnitTestResult executionId="056cab12-edb4-4305-b33c-0fbc7ad76349" testId="0593a5af-3ee1-1a46-0846-71d1bf830ba0" testName="Transform_ShouldOutputEmptyFragment_WhenFragementHasNoCharactersButLineTerminator" computerName="DKSR-EFI-06" duration="00:00:00.0015930" startTime="2024-01-09T15:45:26.5450408+01:00" endTime="2024-01-09T15:45:26.5606641+01:00" testType="13cdc9d9-ddb5-4fa4-a97d-d965ccfc6d4b" outcome="Passed" testListId="8c84fa94-04c1-424b-9868-57a2d4851a1d" relativeResultsDirectory="056cab12-edb4-4305-b33c-0fbc7ad76349" />
    <UnitTestResult executionId="72913597-ed5d-4d2b-ae7e-8299368f4847" testId="2cbbbdf9-605c-3e8d-5f56-ca62e8614ca0" testName="Constructor_ShouldThrowArgumentException_WhenOldValueIsEmpty" computerName="DKSR-EFI-06" duration="00:00:00.0004961" startTime="2024-01-09T15:45:26.8106659+01:00" endTime="2024-01-09T15:45:26.8106659+01:00" testType="13cdc9d9-ddb5-4fa4-a97d-d965ccfc6d4b" outcome="Passed" testListId="8c84fa94-04c1-424b-9868-57a2d4851a1d" relativeResultsDirectory="72913597-ed5d-4d2b-ae7e-8299368f4847" />
    <UnitTestResult executionId="d2c8e3b7-785a-498f-8c48-d437de893f2b" testId="81494542-cc3d-c83c-5741-9e075c8858f7" testName="RemovePartialMatch_ShouldCreateEmptyBuffer_WhenNoPartialMatch" computerName="DKSR-EFI-06" duration="00:00:00.0002755" startTime="2024-01-09T15:45:26.5762879+01:00" endTime="2024-01-09T15:45:26.5762879+01:00" testType="13cdc9d9-ddb5-4fa4-a97d-d965ccfc6d4b" outcome="Passed" testListId="8c84fa94-04c1-424b-9868-57a2d4851a1d" relativeResultsDirectory="d2c8e3b7-785a-498f-8c48-d437de893f2b" />
    <UnitTestResult executionId="0e8e1b27-8398-4854-b270-d92b61e9feb1" testId="b080b689-0485-3441-2d53-ec8da2c5f783" testName="TakeAvailableAsText_ShouldReturnDataWithLatestTimestampsInTwoCalls_WhenThreePiecesOfRawDataAddedAndLastHasGreaterTimeGap" computerName="DKSR-EFI-06" duration="00:00:00.0544020" startTime="2024-01-09T15:45:27.7481678+01:00" endTime="2024-01-09T15:45:27.8106675+01:00" testType="13cdc9d9-ddb5-4fa4-a97d-d965ccfc6d4b" outcome="Passed" testListId="8c84fa94-04c1-424b-9868-57a2d4851a1d" relativeResultsDirectory="0e8e1b27-8398-4854-b270-d92b61e9feb1" />
    <UnitTestResult executionId="6e468f4e-a485-49b1-8235-244fcba1fdb5" testId="e50c205b-16f9-aa91-d6bf-665d8a5e846b" testName="TryGetLiveSession_ShouldReturnStartedSession" computerName="DKSR-EFI-06" duration="00:00:00.0163400" startTime="2024-01-09T15:45:27.9669148+01:00" endTime="2024-01-09T15:45:27.9825448+01:00" testType="13cdc9d9-ddb5-4fa4-a97d-d965ccfc6d4b" outcome="Passed" testListId="8c84fa94-04c1-424b-9868-57a2d4851a1d" relativeResultsDirectory="6e468f4e-a485-49b1-8235-244fcba1fdb5" />
    <UnitTestResult executionId="f27ba52d-8fa4-4492-a64b-65de73235f33" testId="4f34f848-a2f3-61fb-e85b-a5427940e2ef" testName="WriteRawData_ShouldSucceedAfterInit_WhenDatabaseExceptionsAreThrownInitially" computerName="DKSR-EFI-06" duration="00:00:00.0071369" startTime="2024-01-09T15:45:27.5606683+01:00" endTime="2024-01-09T15:45:27.5762920+01:00" testType="13cdc9d9-ddb5-4fa4-a97d-d965ccfc6d4b" outcome="Passed" testListId="8c84fa94-04c1-424b-9868-57a2d4851a1d" relativeResultsDirectory="f27ba52d-8fa4-4492-a64b-65de73235f33" />
    <UnitTestResult executionId="f01635ac-3563-4991-96f9-5da78e27bc95" testId="eb2c50c7-1b7a-4904-79a5-09a5fd0ec1ba" testName="GetInterceptedData_ShouldReturnEmptyString_WhenDataIsBeingInterceptedButThereIsNoData" computerName="DKSR-EFI-06" duration="00:00:00.0114968" startTime="2024-01-09T15:45:26.9515578+01:00" endTime="2024-01-09T15:45:26.9669160+01:00" testType="13cdc9d9-ddb5-4fa4-a97d-d965ccfc6d4b" outcome="Passed" testListId="8c84fa94-04c1-424b-9868-57a2d4851a1d" relativeResultsDirectory="f01635ac-3563-4991-96f9-5da78e27bc95" />
    <UnitTestResult executionId="8c008f8b-517b-4917-b0a9-4d96e9e9e8a4" testId="49c7df0f-7fe3-aa2c-7f86-9690e56df752" testName="Transform_ShouldBufferCharactersWhenPotentialMatchAcrossFragmentsAndFragmentShorterThanOldValue_WhenLineIsNotTerminated" computerName="DKSR-EFI-06" duration="00:00:00.0019035" startTime="2024-01-09T15:45:26.8419153+01:00" endTime="2024-01-09T15:45:26.8419153+01:00" testType="13cdc9d9-ddb5-4fa4-a97d-d965ccfc6d4b" outcome="Passed" testListId="8c84fa94-04c1-424b-9868-57a2d4851a1d" relativeResultsDirectory="8c008f8b-517b-4917-b0a9-4d96e9e9e8a4" />
    <UnitTestResult executionId="668e0d35-befa-4649-8a7b-3ac1dbf392e5" testId="bfb58406-1059-2587-a22a-e82069a12c40" testName="TakeAvailableAsText_ShouldReturnDataWithDifferentTimestampsInTwoCalls_WhenTwoPiecesOfRawDataAddedWithGreaterTimeGap" computerName="DKSR-EFI-06" duration="00:00:00.0729432" startTime="2024-01-09T15:45:27.6544166+01:00" endTime="2024-01-09T15:45:27.7325410+01:00" testType="13cdc9d9-ddb5-4fa4-a97d-d965ccfc6d4b" outcome="Passed" testListId="8c84fa94-04c1-424b-9868-57a2d4851a1d" relativeResultsDirectory="668e0d35-befa-4649-8a7b-3ac1dbf392e5" />
    <UnitTestResult executionId="c8a0fa83-f5a3-4e19-b61d-9a2c7c50a877" testId="4e00747b-a45d-f7a9-a796-8a9227c23416" testName="Transform_ShouldReplaceAcrossFragmentsAndReturnLatestTimestamp_WhenThereAreMatchesAcrossFragmentsAndLastFragmentLineIsNotTerminated" computerName="DKSR-EFI-06" duration="00:00:00.0012897" startTime="2024-01-09T15:45:26.8575403+01:00" endTime="2024-01-09T15:45:26.8575403+01:00" testType="13cdc9d9-ddb5-4fa4-a97d-d965ccfc6d4b" outcome="Passed" testListId="8c84fa94-04c1-424b-9868-57a2d4851a1d" relativeResultsDirectory="c8a0fa83-f5a3-4e19-b61d-9a2c7c50a877" />
    <UnitTestResult executionId="02a37a32-f209-4f32-8572-d62fa993aeff" testId="90359306-825c-3372-0280-3a7580c3f407" testName="Transform_ShouldGenerateNoEvents_WhenOneWildcardRuleDefinedAndInputDoesNotMatch" computerName="DKSR-EFI-06" duration="00:00:00.0045836" startTime="2024-01-09T15:45:25.7012897+01:00" endTime="2024-01-09T15:45:25.7012897+01:00" testType="13cdc9d9-ddb5-4fa4-a97d-d965ccfc6d4b" outcome="Passed" testListId="8c84fa94-04c1-424b-9868-57a2d4851a1d" relativeResultsDirectory="02a37a32-f209-4f32-8572-d62fa993aeff" />
    <UnitTestResult executionId="150dbba1-941c-4187-9dfb-e57a143e257d" testId="14a84fce-dbcc-cfe9-d2c2-26774cfe944f" testName="SessionGetLines_ShouldCompleteFirstTask_IfConcurrentCallsAreMade" computerName="DKSR-EFI-06" duration="00:00:00.0038875" startTime="2024-01-09T15:45:28.0450410+01:00" endTime="2024-01-09T15:45:28.0606683+01:00" testType="13cdc9d9-ddb5-4fa4-a97d-d965ccfc6d4b" outcome="Passed" testListId="8c84fa94-04c1-424b-9868-57a2d4851a1d" relativeResultsDirectory="150dbba1-941c-4187-9dfb-e57a143e257d" />
    <UnitTestResult executionId="706e7a80-8c44-4920-a643-979dbcc71e23" testId="642e8293-c97a-16ba-76c0-ecc345738412" testName="Transform_ShouldKeepLastCharactersWhenPotentialMatchAcrossFragments_WhenLineIsNotTerminated" computerName="DKSR-EFI-06" duration="00:00:00.0009750" startTime="2024-01-09T15:45:26.8419153+01:00" endTime="2024-01-09T15:45:26.8419153+01:00" testType="13cdc9d9-ddb5-4fa4-a97d-d965ccfc6d4b" outcome="Passed" testListId="8c84fa94-04c1-424b-9868-57a2d4851a1d" relativeResultsDirectory="706e7a80-8c44-4920-a643-979dbcc71e23" />
    <UnitTestResult executionId="1ed75866-c527-41c0-9f83-e4c0425a5be3" testId="72e7ef80-de32-4641-85c5-2228d7c93066" testName="Transform_ShouldGenerateEvent_WhenOneWildcardRuleDefinedAndInputMatches" computerName="DKSR-EFI-06" duration="00:00:00.0145935" startTime="2024-01-09T15:45:25.7169152+01:00" endTime="2024-01-09T15:45:25.7169152+01:00" testType="13cdc9d9-ddb5-4fa4-a97d-d965ccfc6d4b" outcome="Passed" testListId="8c84fa94-04c1-424b-9868-57a2d4851a1d" relativeResultsDirectory="1ed75866-c527-41c0-9f83-e4c0425a5be3" />
    <UnitTestResult executionId="655f4060-0f92-49f9-9c62-393966f5bae2" testId="f8683395-40ab-cede-a6f4-5fcc49fea731" testName="StartInterception_ShouldReturnTrue_WhenInterceptionHasBeenStartedAndStopped" computerName="DKSR-EFI-06" duration="00:00:00.0014216" startTime="2024-01-09T15:45:26.9515578+01:00" endTime="2024-01-09T15:45:26.9515578+01:00" testType="13cdc9d9-ddb5-4fa4-a97d-d965ccfc6d4b" outcome="Passed" testListId="8c84fa94-04c1-424b-9868-57a2d4851a1d" relativeResultsDirectory="655f4060-0f92-49f9-9c62-393966f5bae2" />
    <UnitTestResult executionId="9d4ba795-e737-4671-896d-fee198f0e547" testId="9b3ebac1-5acc-a7c9-3f5b-72b7c91041d0" testName="TakeAvailableAsText_ShouldReturnAllDataAndTimestamp_WhenOnePieceOfRawDataAdded" computerName="DKSR-EFI-06" duration="00:00:00.0699569" startTime="2024-01-09T15:45:27.5762920+01:00" endTime="2024-01-09T15:45:27.6387903+01:00" testType="13cdc9d9-ddb5-4fa4-a97d-d965ccfc6d4b" outcome="Passed" testListId="8c84fa94-04c1-424b-9868-57a2d4851a1d" relativeResultsDirectory="9d4ba795-e737-4671-896d-fee198f0e547" />
    <UnitTestResult executionId="4abf5ed7-0f90-407f-a742-63e3d9f7678b" testId="d8628026-b8f5-fe11-e190-294ed2a1ff6b" testName="WriteData_ShouldThrowArgumentException_IfTimestampIsEarlierThanAcceptedByStorage" computerName="DKSR-EFI-06" duration="00:00:00.0652281" startTime="2024-01-09T15:45:27.1700449+01:00" endTime="2024-01-09T15:45:27.2325429+01:00" testType="13cdc9d9-ddb5-4fa4-a97d-d965ccfc6d4b" outcome="Passed" testListId="8c84fa94-04c1-424b-9868-57a2d4851a1d" relativeResultsDirectory="4abf5ed7-0f90-407f-a742-63e3d9f7678b" />
    <UnitTestResult executionId="d0549268-e811-4fbb-88cd-9c04739de114" testId="22d0fe75-e370-1cbe-c036-77c4eafc190d" testName="Transform_ShouldGenerateNoEvents_WhenLineIsNotTerminated" computerName="DKSR-EFI-06" duration="00:00:00.0012635" startTime="2024-01-09T15:45:25.7325403+01:00" endTime="2024-01-09T15:45:25.7325403+01:00" testType="13cdc9d9-ddb5-4fa4-a97d-d965ccfc6d4b" outcome="Passed" testListId="8c84fa94-04c1-424b-9868-57a2d4851a1d" relativeResultsDirectory="d0549268-e811-4fbb-88cd-9c04739de114" />
    <UnitTestResult executionId="13bd6210-e7c4-46ea-9226-cc731648a95a" testId="c11acfa3-2997-0877-812a-f1a3f7dedeb9" testName="RemovePartialMatch_ShouldCreateBufferWithTwoCharacters_WhenPartialMatchIsTwoCharacters" computerName="DKSR-EFI-06" duration="00:00:00.0003087" startTime="2024-01-09T15:45:26.5762879+01:00" endTime="2024-01-09T15:45:26.5762879+01:00" testType="13cdc9d9-ddb5-4fa4-a97d-d965ccfc6d4b" outcome="Passed" testListId="8c84fa94-04c1-424b-9868-57a2d4851a1d" relativeResultsDirectory="13bd6210-e7c4-46ea-9226-cc731648a95a" />
    <UnitTestResult executionId="fcb31f5c-08d9-49a2-bce8-36e8025b675d" testId="5294ebc6-444c-0263-1f7f-b27bdfbf6356" testName="Constructor_ShouldThrowArgumentException_WhenLineTerminatorIsEmpty" computerName="DKSR-EFI-06" duration="00:00:00.0008789" startTime="2024-01-09T15:45:25.7950405+01:00" endTime="2024-01-09T15:45:25.7950405+01:00" testType="13cdc9d9-ddb5-4fa4-a97d-d965ccfc6d4b" outcome="Passed" testListId="8c84fa94-04c1-424b-9868-57a2d4851a1d" relativeResultsDirectory="fcb31f5c-08d9-49a2-bce8-36e8025b675d" />
    <UnitTestResult executionId="567a5cc5-22ba-4471-801e-5569705c0b0b" testId="5b09f83f-ec01-494a-3516-52b14d97ee80" testName="GetInterceptedData_ShouldReturnNull_WhenDataIsNotBeingIntercepted" computerName="DKSR-EFI-06" duration="00:00:00.0031617" startTime="2024-01-09T15:45:26.9515578+01:00" endTime="2024-01-09T15:45:26.9515578+01:00" testType="13cdc9d9-ddb5-4fa4-a97d-d965ccfc6d4b" outcome="Passed" testListId="8c84fa94-04c1-424b-9868-57a2d4851a1d" relativeResultsDirectory="567a5cc5-22ba-4471-801e-5569705c0b0b" />
    <UnitTestResult executionId="762374a3-4c1e-4f99-b857-e13d5d749c33" testId="cc228297-5a70-935b-0d39-ea49f784d436" testName="Constructor_ShouldThrowArgumentNullException_WhenOldValueIsNull" computerName="DKSR-EFI-06" duration="00:00:00.0011009" startTime="2024-01-09T15:45:26.8106659+01:00" endTime="2024-01-09T15:45:26.8106659+01:00" testType="13cdc9d9-ddb5-4fa4-a97d-d965ccfc6d4b" outcome="Passed" testListId="8c84fa94-04c1-424b-9868-57a2d4851a1d" relativeResultsDirectory="762374a3-4c1e-4f99-b857-e13d5d749c33" />
    <UnitTestResult executionId="627881ee-15f4-49fa-976a-3e9934d59025" testId="9c9ba8ae-f395-fa0d-c168-ae26e7d3daf5" testName="SessionGetLines_ShouldReturnEmpty_WhenTimedout" computerName="DKSR-EFI-06" duration="00:00:00.0080977" startTime="2024-01-09T15:45:28.0606683+01:00" endTime="2024-01-09T15:45:28.0606683+01:00" testType="13cdc9d9-ddb5-4fa4-a97d-d965ccfc6d4b" outcome="Passed" testListId="8c84fa94-04c1-424b-9868-57a2d4851a1d" relativeResultsDirectory="627881ee-15f4-49fa-976a-3e9934d59025" />
    <UnitTestResult executionId="fc4ea939-2806-4a11-a357-23f04ba0845f" testId="c4aaeb45-fc9b-f429-2242-9447175aae74" testName="StartInterception_ShouldReturnTrue_WhenDataIsNotBeingIntercepted" computerName="DKSR-EFI-06" duration="00:00:00.0739581" startTime="2024-01-09T15:45:26.8731649+01:00" endTime="2024-01-09T15:45:26.9356682+01:00" testType="13cdc9d9-ddb5-4fa4-a97d-d965ccfc6d4b" outcome="Passed" testListId="8c84fa94-04c1-424b-9868-57a2d4851a1d" relativeResultsDirectory="fc4ea939-2806-4a11-a357-23f04ba0845f" />
    <UnitTestResult executionId="ea8d9f07-472e-49b7-b813-3bebcfbde22d" testId="3a647f49-e084-0825-4c53-69bd1aba4a10" testName="Transform_ShouldNotCallNextProcessingStep_WhenInputIsConsumedCompletely" computerName="DKSR-EFI-06" duration="00:00:00.0038170" startTime="2024-01-09T15:45:26.8262903+01:00" endTime="2024-01-09T15:45:26.8262903+01:00" testType="13cdc9d9-ddb5-4fa4-a97d-d965ccfc6d4b" outcome="Passed" testListId="8c84fa94-04c1-424b-9868-57a2d4851a1d" relativeResultsDirectory="ea8d9f07-472e-49b7-b813-3bebcfbde22d" />
    <UnitTestResult executionId="691cb280-2ace-462e-a674-2be8e43af338" testId="c86a834e-1e30-bcb3-b2cb-0e826291319a" testName="Transform_ShouldNotCallTerminateLine_WhenTransformFragmentIsCalled" computerName="DKSR-EFI-06" duration="00:00:00.0050053" startTime="2024-01-09T15:45:26.8106659+01:00" endTime="2024-01-09T15:45:26.8106659+01:00" testType="13cdc9d9-ddb5-4fa4-a97d-d965ccfc6d4b" outcome="Passed" testListId="8c84fa94-04c1-424b-9868-57a2d4851a1d" relativeResultsDirectory="691cb280-2ace-462e-a674-2be8e43af338" />
    <UnitTestResult executionId="2f78b6df-8a29-40f0-946d-a0bf84048e1c" testId="f22349db-c383-c558-964c-614d0e948c2d" testName="GetInterceptedData_ShouldClearInterceptedData_WhenDataHasBeenRead" computerName="DKSR-EFI-06" duration="00:00:00.0016365" startTime="2024-01-09T15:45:27.0606662+01:00" endTime="2024-01-09T15:45:27.0606662+01:00" testType="13cdc9d9-ddb5-4fa4-a97d-d965ccfc6d4b" outcome="Passed" testListId="8c84fa94-04c1-424b-9868-57a2d4851a1d" relativeResultsDirectory="2f78b6df-8a29-40f0-946d-a0bf84048e1c" />
    <UnitTestResult executionId="4c393923-9f09-4cf7-b8e4-07260a171ffa" testId="b53914e0-aa94-3ea8-0ec8-6c4fb08dd151" testName="Transform_ShouldGenerateTwoEvents_WhenOneExactMatchRuleAndOneRegexRuleDefinedAndInputMatchesBothRules" computerName="DKSR-EFI-06" duration="00:00:00.0091013" startTime="2024-01-09T15:45:25.7637888+01:00" endTime="2024-01-09T15:45:25.7637888+01:00" testType="13cdc9d9-ddb5-4fa4-a97d-d965ccfc6d4b" outcome="Passed" testListId="8c84fa94-04c1-424b-9868-57a2d4851a1d" relativeResultsDirectory="4c393923-9f09-4cf7-b8e4-07260a171ffa" />
    <UnitTestResult executionId="f028466f-6237-4e9b-a5e5-d6244e3a3ce4" testId="3238b50e-2d35-7cb8-024f-404c01dd1a08" testName="Transform_ShouldStopExistingTransactionAndStartAndStopNextTransactionAndWriteALine_WhenLineContainsBothStartAndStopAndTransactionAlreadyStarted" computerName="DKSR-EFI-06" duration="00:00:00.0984113" startTime="2024-01-09T15:45:26.7012900+01:00" endTime="2024-01-09T15:45:26.7950398+01:00" testType="13cdc9d9-ddb5-4fa4-a97d-d965ccfc6d4b" outcome="Passed" testListId="8c84fa94-04c1-424b-9868-57a2d4851a1d" relativeResultsDirectory="f028466f-6237-4e9b-a5e5-d6244e3a3ce4" />
    <UnitTestResult executionId="faac45ee-c804-4ca5-843a-ee395b8eb23d" testId="58de8b22-529c-8a15-139e-365841d1d26a" testName="TakeAvailableAsText_ShouldReturnAllDataAndLatestTimestamp_WhenTwoPiecesOfRawDataAddedWithinTimeGap" computerName="DKSR-EFI-06" duration="00:00:00.0034022" startTime="2024-01-09T15:45:27.6387903+01:00" endTime="2024-01-09T15:45:27.6544166+01:00" testType="13cdc9d9-ddb5-4fa4-a97d-d965ccfc6d4b" outcome="Passed" testListId="8c84fa94-04c1-424b-9868-57a2d4851a1d" relativeResultsDirectory="faac45ee-c804-4ca5-843a-ee395b8eb23d" />
    <UnitTestResult executionId="264fff96-b336-4ce1-a534-1dda623410ae" testId="228a2088-d4ae-d605-240f-ddf50040e1c9" testName="RemovePartialMatch_ShouldCreateBufferWithOneCharacter_WhenPartialMatchIsOneCharacter" computerName="DKSR-EFI-06" duration="00:00:00.0003264" startTime="2024-01-09T15:45:26.5762879+01:00" endTime="2024-01-09T15:45:26.5762879+01:00" testType="13cdc9d9-ddb5-4fa4-a97d-d965ccfc6d4b" outcome="Passed" testListId="8c84fa94-04c1-424b-9868-57a2d4851a1d" relativeResultsDirectory="264fff96-b336-4ce1-a534-1dda623410ae" />
    <UnitTestResult executionId="12959413-0e8b-44fd-a899-2a43d4415135" testId="ca387e96-f9eb-ec6e-d49c-e5de5957bb87" testName="SessionShouldBeRemoved_WhenSessionClosed" computerName="DKSR-EFI-06" duration="00:00:00.0003464" startTime="2024-01-09T15:45:28.0919168+01:00" endTime="2024-01-09T15:45:28.0919168+01:00" testType="13cdc9d9-ddb5-4fa4-a97d-d965ccfc6d4b" outcome="Passed" testListId="8c84fa94-04c1-424b-9868-57a2d4851a1d" relativeResultsDirectory="12959413-0e8b-44fd-a899-2a43d4415135" />
    <UnitTestResult executionId="e1bf8a39-072e-45f8-8ad2-c082f5d3cf03" testId="94bc7455-6884-b5fb-63b2-bd769fbf6de7" testName="Transform_ShouldReplaceInputString_WhenThereAreMatches" computerName="DKSR-EFI-06" duration="00:00:00.0010083" startTime="2024-01-09T15:45:26.8262903+01:00" endTime="2024-01-09T15:45:26.8419153+01:00" testType="13cdc9d9-ddb5-4fa4-a97d-d965ccfc6d4b" outcome="Passed" testListId="8c84fa94-04c1-424b-9868-57a2d4851a1d" relativeResultsDirectory="e1bf8a39-072e-45f8-8ad2-c082f5d3cf03" />
    <UnitTestResult executionId="056057fd-b4cc-4110-91cb-76e9049569e1" testId="66f3332a-8e3d-5a9c-36f4-ed67b244e165" testName="SessionShouldBeClosedAndRemoved_WhenSessionManagerIsClosed" computerName="DKSR-EFI-06" duration="00:00:00.0056459" startTime="2024-01-09T15:45:28.0919168+01:00" endTime="2024-01-09T15:45:28.0919168+01:00" testType="13cdc9d9-ddb5-4fa4-a97d-d965ccfc6d4b" outcome="Passed" testListId="8c84fa94-04c1-424b-9868-57a2d4851a1d" relativeResultsDirectory="056057fd-b4cc-4110-91cb-76e9049569e1" />
    <UnitTestResult executionId="e108dda6-eec8-47f0-b29d-91cdda9e762b" testId="b74af8d5-6c83-c445-ed47-52d8f8fdd866" testName="TryGetLiveSession_ShouldFail_WhenNoSessionWasAdded" computerName="DKSR-EFI-06" duration="00:00:00.0003980" startTime="2024-01-09T15:45:27.9825448+01:00" endTime="2024-01-09T15:45:27.9825448+01:00" testType="13cdc9d9-ddb5-4fa4-a97d-d965ccfc6d4b" outcome="Passed" testListId="8c84fa94-04c1-424b-9868-57a2d4851a1d" relativeResultsDirectory="e108dda6-eec8-47f0-b29d-91cdda9e762b" />
    <UnitTestResult executionId="1eab8e8e-22a9-4159-a7f5-67a534c09ebb" testId="5b78de17-fb0a-c559-53bb-3d4e58a8b4b7" testName="StopInterception_ShouldClearInterceptedData_WhenDataHasNotBeenRead" computerName="DKSR-EFI-06" duration="00:00:00.0014409" startTime="2024-01-09T15:45:27.0762902+01:00" endTime="2024-01-09T15:45:27.0762902+01:00" testType="13cdc9d9-ddb5-4fa4-a97d-d965ccfc6d4b" outcome="Passed" testListId="8c84fa94-04c1-424b-9868-57a2d4851a1d" relativeResultsDirectory="1eab8e8e-22a9-4159-a7f5-67a534c09ebb" />
    <UnitTestResult executionId="3dbb825b-1f94-463e-a561-e27e161ae759" testId="05fc66a3-5dd1-1e56-b519-dbe598b38d33" testName="Transform_ShouldCallTerminateLine_WhenInputContainsLineTerminator" computerName="DKSR-EFI-06" duration="00:00:00.0023230" startTime="2024-01-09T15:45:26.5450408+01:00" endTime="2024-01-09T15:45:26.5450408+01:00" testType="13cdc9d9-ddb5-4fa4-a97d-d965ccfc6d4b" outcome="Passed" testListId="8c84fa94-04c1-424b-9868-57a2d4851a1d" relativeResultsDirectory="3dbb825b-1f94-463e-a561-e27e161ae759" />
    <UnitTestResult executionId="1659ba42-3dc5-4b54-91d4-027670749c30" testId="80fdd500-5454-4e27-d3cb-c70bffe8582f" testName="SessionGetLines_ShouldHangUntilLinesAreAvailable" computerName="DKSR-EFI-06" duration="00:00:00.0143425" startTime="2024-01-09T15:45:28.0294160+01:00" endTime="2024-01-09T15:45:28.0450410+01:00" testType="13cdc9d9-ddb5-4fa4-a97d-d965ccfc6d4b" outcome="Passed" testListId="8c84fa94-04c1-424b-9868-57a2d4851a1d" relativeResultsDirectory="1659ba42-3dc5-4b54-91d4-027670749c30" />
    <UnitTestResult executionId="a2e40a44-849f-44a1-98b7-3255904bdea0" testId="10815712-4e5a-582f-d075-bcf1d237d83f" testName="Transform_ShouldBufferPartOfInput_WhenMatchIsStillPossible" computerName="DKSR-EFI-06" duration="00:00:00.0094429" startTime="2024-01-09T15:45:26.5606641+01:00" endTime="2024-01-09T15:45:26.5606641+01:00" testType="13cdc9d9-ddb5-4fa4-a97d-d965ccfc6d4b" outcome="Passed" testListId="8c84fa94-04c1-424b-9868-57a2d4851a1d" relativeResultsDirectory="a2e40a44-849f-44a1-98b7-3255904bdea0" />
    <UnitTestResult executionId="cfe35425-0e18-452c-b112-dab02f615bf0" testId="9969c3f1-076b-56ef-55a9-286f899020a7" testName="Transform_ShouldCompletelyProcessInputAndNotKeepPotentialMatches_WhenLineIsTerminated" computerName="DKSR-EFI-06" duration="00:00:00.0011605" startTime="2024-01-09T15:45:26.8419153+01:00" endTime="2024-01-09T15:45:26.8419153+01:00" testType="13cdc9d9-ddb5-4fa4-a97d-d965ccfc6d4b" outcome="Passed" testListId="8c84fa94-04c1-424b-9868-57a2d4851a1d" relativeResultsDirectory="cfe35425-0e18-452c-b112-dab02f615bf0" />
    <UnitTestResult executionId="2217c30f-0ab4-47d3-8f81-96f976373823" testId="b64a0550-9df5-dac1-52db-ef437e524048" testName="TakeAvailableAsText_ShouldReturnDataAndLatestTimestampsInThreeCalls_WhenSevenPiecesOfRawDataAddedWithinThreeTimeGaps" computerName="DKSR-EFI-06" duration="00:00:00.0241703" startTime="2024-01-09T15:45:27.8106675+01:00" endTime="2024-01-09T15:45:27.8419184+01:00" testType="13cdc9d9-ddb5-4fa4-a97d-d965ccfc6d4b" outcome="Passed" testListId="8c84fa94-04c1-424b-9868-57a2d4851a1d" relativeResultsDirectory="2217c30f-0ab4-47d3-8f81-96f976373823" />
    <UnitTestResult executionId="8d74b81a-f3eb-49e4-893d-31c57ec6f300" testId="b3a30128-50bf-9454-7123-47261e587fa1" testName="Transform_ShouldGenerateEvent_WhenOneRegexRuleDefinedAndInputMatches" computerName="DKSR-EFI-06" duration="00:00:00.0028223" startTime="2024-01-09T15:45:25.7325403+01:00" endTime="2024-01-09T15:45:25.7325403+01:00" testType="13cdc9d9-ddb5-4fa4-a97d-d965ccfc6d4b" outcome="Passed" testListId="8c84fa94-04c1-424b-9868-57a2d4851a1d" relativeResultsDirectory="8d74b81a-f3eb-49e4-893d-31c57ec6f300" />
    <UnitTestResult executionId="50206b95-a2b1-46c4-87ce-c3ad5049e936" testId="d4a4352c-822b-1bd5-0602-4c17c3dae18f" testName="Constructor_ShouldThrowArgumentNullException_WhenLineTerminatorIsNull" computerName="DKSR-EFI-06" duration="00:00:00.0250954" startTime="2024-01-09T15:45:25.7637888+01:00" endTime="2024-01-09T15:45:25.7950405+01:00" testType="13cdc9d9-ddb5-4fa4-a97d-d965ccfc6d4b" outcome="Passed" testListId="8c84fa94-04c1-424b-9868-57a2d4851a1d" relativeResultsDirectory="50206b95-a2b1-46c4-87ce-c3ad5049e936" />
    <UnitTestResult executionId="ee8ba312-5b36-44db-a5cf-9fbe9cdd56a4" testId="daea5307-2563-1b65-9a3e-fbcb4676eecf" testName="Transform_ShouldGenerateNoEvents_WhenOneRegexRuleDefinedAndInputDoesNotMatch" computerName="DKSR-EFI-06" duration="00:00:00.0014588" startTime="2024-01-09T15:45:25.7325403+01:00" endTime="2024-01-09T15:45:25.7325403+01:00" testType="13cdc9d9-ddb5-4fa4-a97d-d965ccfc6d4b" outcome="Passed" testListId="8c84fa94-04c1-424b-9868-57a2d4851a1d" relativeResultsDirectory="ee8ba312-5b36-44db-a5cf-9fbe9cdd56a4" />
    <UnitTestResult executionId="ace03bbf-e6d8-4c20-be04-2b815513721b" testId="58d9e156-141d-14ae-f2dc-f99b28248716" testName="TakeAvailableAsText_ShouldReturnEarly_WhenCancelletionIsRequested" computerName="DKSR-EFI-06" duration="00:00:00.0133673" startTime="2024-01-09T15:45:27.8419184+01:00" endTime="2024-01-09T15:45:27.9669148+01:00" testType="13cdc9d9-ddb5-4fa4-a97d-d965ccfc6d4b" outcome="Passed" testListId="8c84fa94-04c1-424b-9868-57a2d4851a1d" relativeResultsDirectory="ace03bbf-e6d8-4c20-be04-2b815513721b" />
    <UnitTestResult executionId="ebfc8afd-71e7-47b4-bb2e-963f4e63da2f" testId="2f0c2e7f-642b-1626-96fb-b0c1224bd4d6" testName="Transform_ShouldReplaceOverManyFragmentsCharacterAndReturnLatestTimestamp_WhenLineIsNotTerminated" computerName="DKSR-EFI-06" duration="00:00:00.0017581" startTime="2024-01-09T15:45:26.8575403+01:00" endTime="2024-01-09T15:45:26.8575403+01:00" testType="13cdc9d9-ddb5-4fa4-a97d-d965ccfc6d4b" outcome="Passed" testListId="8c84fa94-04c1-424b-9868-57a2d4851a1d" relativeResultsDirectory="ebfc8afd-71e7-47b4-bb2e-963f4e63da2f" />
    <UnitTestResult executionId="f8ada38e-8baa-42c1-ad78-37c8c89b444f" testId="d87b8793-d339-c127-bb00-5d0dd4dd2dab" testName="Transform_ShouldNotMatchOnReplacedCharacter_WhenAlways" computerName="DKSR-EFI-06" duration="00:00:00.0010698" startTime="2024-01-09T15:45:26.8575403+01:00" endTime="2024-01-09T15:45:26.8575403+01:00" testType="13cdc9d9-ddb5-4fa4-a97d-d965ccfc6d4b" outcome="Passed" testListId="8c84fa94-04c1-424b-9868-57a2d4851a1d" relativeResultsDirectory="f8ada38e-8baa-42c1-ad78-37c8c89b444f" />
    <UnitTestResult executionId="2622b67d-a5c7-41b6-9c37-89158082e6d5" testId="8254a2bb-7951-b00c-5017-d70b5a07517a" testName="WriteData_ShouldThrowArgumentException_IfTimestampsAreDecreasing" computerName="DKSR-EFI-06" duration="00:00:00.0853614" startTime="2024-01-09T15:45:27.0762902+01:00" endTime="2024-01-09T15:45:27.1700449+01:00" testType="13cdc9d9-ddb5-4fa4-a97d-d965ccfc6d4b" outcome="Passed" testListId="8c84fa94-04c1-424b-9868-57a2d4851a1d" relativeResultsDirectory="2622b67d-a5c7-41b6-9c37-89158082e6d5" />
    <UnitTestResult executionId="c0177815-0577-44ec-a4d3-6cfd49ac3be4" testId="6ff82bed-2128-d7c7-097e-b3211c20990e" testName="Transform_ShouldReplaceAcrossFragmentsAndReturnLatestTimestamp_WhenThereAreMatchesAcrossFregments" computerName="DKSR-EFI-06" duration="00:00:00.0013052" startTime="2024-01-09T15:45:26.8419153+01:00" endTime="2024-01-09T15:45:26.8419153+01:00" testType="13cdc9d9-ddb5-4fa4-a97d-d965ccfc6d4b" outcome="Passed" testListId="8c84fa94-04c1-424b-9868-57a2d4851a1d" relativeResultsDirectory="c0177815-0577-44ec-a4d3-6cfd49ac3be4" />
    <UnitTestResult executionId="8d1a60d3-9baa-400a-9598-a11ff8c5e21e" testId="43c74d81-9ac5-3f35-b163-da57a752dbe0" testName="StartInterception_ShouldReturnFalse_WhenDataIsBeingIntercepted" computerName="DKSR-EFI-06" duration="00:00:00.0014135" startTime="2024-01-09T15:45:26.9515578+01:00" endTime="2024-01-09T15:45:26.9515578+01:00" testType="13cdc9d9-ddb5-4fa4-a97d-d965ccfc6d4b" outcome="Passed" testListId="8c84fa94-04c1-424b-9868-57a2d4851a1d" relativeResultsDirectory="8d1a60d3-9baa-400a-9598-a11ff8c5e21e" />
    <UnitTestResult executionId="e7d91273-45ab-4bd8-8c99-6287b16c731e" testId="cf13da9b-93ab-b877-a93e-f00f897aa33c" testName="Transform_ShouldGenerateOneEvent_WhenOneExactMatchRuleAndOneRegexRuleDefinedAndInputMatchesExactMatchRule" computerName="DKSR-EFI-06" duration="00:00:00.0029616" startTime="2024-01-09T15:45:25.7325403+01:00" endTime="2024-01-09T15:45:25.7481660+01:00" testType="13cdc9d9-ddb5-4fa4-a97d-d965ccfc6d4b" outcome="Passed" testListId="8c84fa94-04c1-424b-9868-57a2d4851a1d" relativeResultsDirectory="e7d91273-45ab-4bd8-8c99-6287b16c731e" />
    <UnitTestResult executionId="3ac10f30-25bd-4a01-b9a6-e9e8fb793b9e" testId="32b729fb-68af-fc79-31e7-a2a850967292" testName="MinimalAcceptedTimestamp_ShouldReturnValueFromStorage_WhenDataHasNotBeenWritten" computerName="DKSR-EFI-06" duration="00:00:00.1027803" startTime="2024-01-09T15:45:27.3731730+01:00" endTime="2024-01-09T15:45:27.4825428+01:00" testType="13cdc9d9-ddb5-4fa4-a97d-d965ccfc6d4b" outcome="Passed" testListId="8c84fa94-04c1-424b-9868-57a2d4851a1d" relativeResultsDirectory="3ac10f30-25bd-4a01-b9a6-e9e8fb793b9e" />
    <UnitTestResult executionId="db286d79-df40-4935-b43c-0d7967513c9e" testId="d5fda41e-5e9e-b07d-1a31-ba273872aa62" testName="Constructor_ShouldThrowArgumentNullException_WhenNewValueIsNull" computerName="DKSR-EFI-06" duration="00:00:00.0004552" startTime="2024-01-09T15:45:26.8106659+01:00" endTime="2024-01-09T15:45:26.8106659+01:00" testType="13cdc9d9-ddb5-4fa4-a97d-d965ccfc6d4b" outcome="Passed" testListId="8c84fa94-04c1-424b-9868-57a2d4851a1d" relativeResultsDirectory="db286d79-df40-4935-b43c-0d7967513c9e" />
    <UnitTestResult executionId="e34d716d-4be2-4c33-8207-d81f1f3ab61b" testId="ea5f45ed-e04e-b1a5-8ecd-26984f1beb91" testName="WriteData_ShouldThrowArgumentException_IfTimestampIsNotUtc" computerName="DKSR-EFI-06" duration="00:00:00.0038572" startTime="2024-01-09T15:45:27.0762902+01:00" endTime="2024-01-09T15:45:27.0762902+01:00" testType="13cdc9d9-ddb5-4fa4-a97d-d965ccfc6d4b" outcome="Passed" testListId="8c84fa94-04c1-424b-9868-57a2d4851a1d" relativeResultsDirectory="e34d716d-4be2-4c33-8207-d81f1f3ab61b" />
    <UnitTestResult executionId="275eecf0-6226-48ab-ad66-a520e04d509a" testId="ecb60056-9a44-222b-a041-c08bb110af82" testName="Transform_ShouldStartAndStopTransactionAndWriteALine_WhenLineContainsBothStartAndStopAndTransactionNotStarted" computerName="DKSR-EFI-06" duration="00:00:00.1217934" startTime="2024-01-09T15:45:26.5762879+01:00" endTime="2024-01-09T15:45:26.7012900+01:00" testType="13cdc9d9-ddb5-4fa4-a97d-d965ccfc6d4b" outcome="Passed" testListId="8c84fa94-04c1-424b-9868-57a2d4851a1d" relativeResultsDirectory="275eecf0-6226-48ab-ad66-a520e04d509a" />
    <UnitTestResult executionId="d3af6429-7b9f-457e-908e-ef38fdb4acf7" testId="51502d20-0c1f-d343-0f9a-7489de333b1b" testName="WriteData_ShouldAcceptData_IfTimestampIsLaterThanAcceptedByStorage" computerName="DKSR-EFI-06" duration="00:00:00.1349928" startTime="2024-01-09T15:45:27.2325429+01:00" endTime="2024-01-09T15:45:27.3731730+01:00" testType="13cdc9d9-ddb5-4fa4-a97d-d965ccfc6d4b" outcome="Passed" testListId="8c84fa94-04c1-424b-9868-57a2d4851a1d" relativeResultsDirectory="d3af6429-7b9f-457e-908e-ef38fdb4acf7" />
    <UnitTestResult executionId="f8e5e46f-6d8e-43ed-b5ee-2e080465472b" testId="c18df7c7-ab40-9ee9-e9f4-c4f1f4418945" testName="GetInterceptedData_ShouldReturnInterceptedData_WhenDataIsBeingInterceptedAndDataHasBeenWritten" computerName="DKSR-EFI-06" duration="00:00:00.0801066" startTime="2024-01-09T15:45:26.9825389+01:00" endTime="2024-01-09T15:45:27.0606662+01:00" testType="13cdc9d9-ddb5-4fa4-a97d-d965ccfc6d4b" outcome="Passed" testListId="8c84fa94-04c1-424b-9868-57a2d4851a1d" relativeResultsDirectory="f8e5e46f-6d8e-43ed-b5ee-2e080465472b" />
    <UnitTestResult executionId="8061e122-6ff5-469f-82e5-482605dda878" testId="85930f32-0fe9-146d-487a-ff5e1166cffe" testName="Transform_ShouldGenerateEvent_WhenOneExactMatchRuleDefinedAndInputMatches" computerName="DKSR-EFI-06" duration="00:00:00.1667453" startTime="2024-01-09T15:45:25.5294151+01:00" endTime="2024-01-09T15:45:25.7012897+01:00" testType="13cdc9d9-ddb5-4fa4-a97d-d965ccfc6d4b" outcome="Passed" testListId="8c84fa94-04c1-424b-9868-57a2d4851a1d" relativeResultsDirectory="8061e122-6ff5-469f-82e5-482605dda878" />
    <UnitTestResult executionId="29d114f1-7f14-4912-9f35-6ac2bc1474d6" testId="60db660f-dedb-00de-92d9-4659c1a48868" testName="Transform_ShouldCallTerminateLine_WhenTerminateLineIsCalled" computerName="DKSR-EFI-06" duration="00:00:00.0025842" startTime="2024-01-09T15:45:26.8262903+01:00" endTime="2024-01-09T15:45:26.8262903+01:00" testType="13cdc9d9-ddb5-4fa4-a97d-d965ccfc6d4b" outcome="Passed" testListId="8c84fa94-04c1-424b-9868-57a2d4851a1d" relativeResultsDirectory="29d114f1-7f14-4912-9f35-6ac2bc1474d6" />
    <UnitTestResult executionId="b89da626-8f08-4faf-b7d9-f2e6b686d5af" testId="33e20544-301f-3339-5942-67c00f908220" testName="SessionGetLines_ShouldReturnEmpty_WhenClosed" computerName="DKSR-EFI-06" duration="00:00:00.0012926" startTime="2024-01-09T15:45:28.0781033+01:00" endTime="2024-01-09T15:45:28.0781033+01:00" testType="13cdc9d9-ddb5-4fa4-a97d-d965ccfc6d4b" outcome="Passed" testListId="8c84fa94-04c1-424b-9868-57a2d4851a1d" relativeResultsDirectory="b89da626-8f08-4faf-b7d9-f2e6b686d5af" />
    <UnitTestResult executionId="ec721cba-7214-420a-8515-8bd6f593e101" testId="e7c24e53-29a7-e6fd-1e0f-8740f39dbe0e" testName="SessionGetLines_ShouldThrow_WhenClosed" computerName="DKSR-EFI-06" duration="00:00:00.0057052" startTime="2024-01-09T15:45:28.0294160+01:00" endTime="2024-01-09T15:45:28.0294160+01:00" testType="13cdc9d9-ddb5-4fa4-a97d-d965ccfc6d4b" outcome="Passed" testListId="8c84fa94-04c1-424b-9868-57a2d4851a1d" relativeResultsDirectory="ec721cba-7214-420a-8515-8bd6f593e101" />
    <UnitTestResult executionId="832f3ba6-f237-4fd0-a81a-48fb26d4906a" testId="c74e642b-dcf1-c985-bb9f-0ba50c299c24" testName="Transform_ShouldNeverBufferMoreCharactersThanPatternLengthAndReturnLatestTimestamp_WhenLineIsNotTerminated" computerName="DKSR-EFI-06" duration="00:00:00.0017103" startTime="2024-01-09T15:45:26.8575403+01:00" endTime="2024-01-09T15:45:26.8575403+01:00" testType="13cdc9d9-ddb5-4fa4-a97d-d965ccfc6d4b" outcome="Passed" testListId="8c84fa94-04c1-424b-9868-57a2d4851a1d" relativeResultsDirectory="832f3ba6-f237-4fd0-a81a-48fb26d4906a" />
    <UnitTestResult executionId="0060bef0-c6d5-4621-ac1c-20fe8dea146b" testId="db6ed369-4c0f-6f53-363c-132771c04dc7" testName="MinimalAcceptedTimestamp_ShouldReturnValueFromLatestValidWrittenData_WhenDataHasBeenWritten" computerName="DKSR-EFI-06" duration="00:00:00.0822655" startTime="2024-01-09T15:45:27.4825428+01:00" endTime="2024-01-09T15:45:27.5606683+01:00" testType="13cdc9d9-ddb5-4fa4-a97d-d965ccfc6d4b" outcome="Passed" testListId="8c84fa94-04c1-424b-9868-57a2d4851a1d" relativeResultsDirectory="0060bef0-c6d5-4621-ac1c-20fe8dea146b" />
    <UnitTestResult executionId="2ea475b2-c826-4ad1-9585-6d4858ccbfe0" testId="909d1fe9-6d09-e0a3-b86e-993c3fb74825" testName="Transform_ShouldPassInput_WhenInputHasNoLineTerminator" computerName="DKSR-EFI-06" duration="00:00:00.0043026" startTime="2024-01-09T15:45:25.7950405+01:00" endTime="2024-01-09T15:45:25.8106648+01:00" testType="13cdc9d9-ddb5-4fa4-a97d-d965ccfc6d4b" outcome="Passed" testListId="8c84fa94-04c1-424b-9868-57a2d4851a1d" relativeResultsDirectory="2ea475b2-c826-4ad1-9585-6d4858ccbfe0" />
    <UnitTestResult executionId="000121a6-4650-45b6-880d-b5c668253c73" testId="b8aa26cd-89aa-0fd5-80b7-5cd9160d2c45" testName="Transform_ShouldOutputInputString_WhenThereAreNoMatches" computerName="DKSR-EFI-06" duration="00:00:00.0011571" startTime="2024-01-09T15:45:26.8262903+01:00" endTime="2024-01-09T15:45:26.8262903+01:00" testType="13cdc9d9-ddb5-4fa4-a97d-d965ccfc6d4b" outcome="Passed" testListId="8c84fa94-04c1-424b-9868-57a2d4851a1d" relativeResultsDirectory="000121a6-4650-45b6-880d-b5c668253c73" />
    <UnitTestResult executionId="ecc0ce10-e71f-447c-9d52-f3d3408cb130" testId="dacc9d25-f6fb-c880-00e9-f3eb43dc75d8" testName="Transform_ShouldGenerateNoEvents_WhenOneExactMatchRuleDefinedAndInputDoesNotMatch" computerName="DKSR-EFI-06" duration="00:00:00.0544742" startTime="2024-01-09T15:45:25.4669135+01:00" endTime="2024-01-09T15:45:25.5294151+01:00" testType="13cdc9d9-ddb5-4fa4-a97d-d965ccfc6d4b" outcome="Passed" testListId="8c84fa94-04c1-424b-9868-57a2d4851a1d" relativeResultsDirectory="ecc0ce10-e71f-447c-9d52-f3d3408cb130" />
    <UnitTestResult executionId="7901be99-5cf2-4f6e-ad32-e4924559ec7f" testId="054a6585-6c57-7f00-4c7a-27f0a2f41908" testName="TakeAvailableAsText_ShouldReturnDataWithLatestTimestampsInTwoCalls_WhenThreePiecesOfRawDataAddedAndLastHasBoundaryTimeGap" computerName="DKSR-EFI-06" duration="00:00:00.0239260" startTime="2024-01-09T15:45:27.7325410+01:00" endTime="2024-01-09T15:45:27.7481678+01:00" testType="13cdc9d9-ddb5-4fa4-a97d-d965ccfc6d4b" outcome="Passed" testListId="8c84fa94-04c1-424b-9868-57a2d4851a1d" relativeResultsDirectory="7901be99-5cf2-4f6e-ad32-e4924559ec7f" />
    <UnitTestResult executionId="e9b311e7-416f-438b-ab7b-4d5c5f34ddd9" testId="d945746d-16e5-bedd-636f-70d4b425a50c" testName="Transform_ShouldOutputFragmentForEachLine_WhenInputHasMulitpleLineTerminators" computerName="DKSR-EFI-06" duration="00:00:00.7350439" startTime="2024-01-09T15:45:25.8106648+01:00" endTime="2024-01-09T15:45:26.5450408+01:00" testType="13cdc9d9-ddb5-4fa4-a97d-d965ccfc6d4b" outcome="Passed" testListId="8c84fa94-04c1-424b-9868-57a2d4851a1d" relativeResultsDirectory="e9b311e7-416f-438b-ab7b-4d5c5f34ddd9" />
    <UnitTestResult executionId="673b8ec4-1e8f-4380-96fb-8d68212c6b68" testId="f7d5bcd1-2aa5-4eb0-2144-8e600f57c50e" testName="GetInterceptedData_ShouldConcatanateInterceptedData_WhenDataIsWrittenMultipleTime" computerName="DKSR-EFI-06" duration="00:00:00.0049025" startTime="2024-01-09T15:45:27.0606662+01:00" endTime="2024-01-09T15:45:27.0606662+01:00" testType="13cdc9d9-ddb5-4fa4-a97d-d965ccfc6d4b" outcome="Passed" testListId="8c84fa94-04c1-424b-9868-57a2d4851a1d" relativeResultsDirectory="673b8ec4-1e8f-4380-96fb-8d68212c6b68" />
    <UnitTestResult executionId="15177971-be4f-46b0-8e59-e27f9c4ce487" testId="2f97f6d8-f13c-8c3a-27d7-74e857f27964" testName="SessionGetLines_ShouldReturnLinesOnSource" computerName="DKSR-EFI-06" duration="00:00:00.0321196" startTime="2024-01-09T15:45:27.9981655+01:00" endTime="2024-01-09T15:45:28.0294160+01:00" testType="13cdc9d9-ddb5-4fa4-a97d-d965ccfc6d4b" outcome="Passed" testListId="8c84fa94-04c1-424b-9868-57a2d4851a1d" relativeResultsDirectory="15177971-be4f-46b0-8e59-e27f9c4ce487" />
    <UnitTestResult executionId="33cf9b39-736f-46a0-a4a0-25db3a20734f" testId="24881670-f284-e5a0-aa9b-2f66592fa681" testName="Transform_ShouldGenerateNoEvents_WhenNoEventRulesDefined" computerName="DKSR-EFI-06" duration="00:00:00.4332496" startTime="2024-01-09T15:45:24.7325396+01:00" endTime="2024-01-09T15:45:25.4200386+01:00" testType="13cdc9d9-ddb5-4fa4-a97d-d965ccfc6d4b" outcome="Passed" testListId="8c84fa94-04c1-424b-9868-57a2d4851a1d" relativeResultsDirectory="33cf9b39-736f-46a0-a4a0-25db3a20734f" />
  </Results>
  <TestDefinitions>
    <UnitTest name="TakeAvailableAsText_ShouldReturnAllDataAndTimestamp_WhenOnePieceOfRawDataAdded" storage="d:\actions-runner\_work\xpco\xpco\transact\transact\videoos.transact.server.tests\bin\debug\videoos.transact.server.tests.dll" id="9b3ebac1-5acc-a7c9-3f5b-72b7c91041d0">
      <Execution id="9d4ba795-e737-4671-896d-fee198f0e547" />
      <TestMethod codeBase="D:\actions-runner\_work\XPCO\XPCO\Transact\Transact\VideoOS.Transact.Server.Tests\bin\Debug\VideoOS.Transact.Server.Tests.dll" adapterTypeName="executor://mstestadapter/v1" className="VideoOS.Transact.Server.Tests.Sources.RawDataBufferTest" name="TakeAvailableAsText_ShouldReturnAllDataAndTimestamp_WhenOnePieceOfRawDataAdded" />
    </UnitTest>
    <UnitTest name="SessionShouldBeClosedAndRemoved_WhenSessionManagerIsClosed" storage="d:\actions-runner\_work\xpco\xpco\transact\transact\videoos.transact.server.tests\bin\debug\videoos.transact.server.tests.dll" id="66f3332a-8e3d-5a9c-36f4-ed67b244e165">
      <Execution id="056057fd-b4cc-4110-91cb-76e9049569e1" />
      <TestMethod codeBase="D:\actions-runner\_work\XPCO\XPCO\Transact\Transact\VideoOS.Transact.Server.Tests\bin\Debug\VideoOS.Transact.Server.Tests.dll" adapterTypeName="executor://mstestadapter/v1" className="VideoOS.Transact.Server.Tests.Session.LiveSessionHandlerTests" name="SessionShouldBeClosedAndRemoved_WhenSessionManagerIsClosed" />
    </UnitTest>
    <UnitTest name="GetInterceptedData_ShouldReturnEmptyString_WhenDataIsBeingInterceptedButThereIsNoData" storage="d:\actions-runner\_work\xpco\xpco\transact\transact\videoos.transact.server.tests\bin\debug\videoos.transact.server.tests.dll" id="eb2c50c7-1b7a-4904-79a5-09a5fd0ec1ba">
      <Execution id="f01635ac-3563-4991-96f9-5da78e27bc95" />
      <TestMethod codeBase="D:\actions-runner\_work\XPCO\XPCO\Transact\Transact\VideoOS.Transact.Server.Tests\bin\Debug\VideoOS.Transact.Server.Tests.dll" adapterTypeName="executor://mstestadapter/v1" className="VideoOS.Transact.Server.Tests.Sources.TransactionSourceTests" name="GetInterceptedData_ShouldReturnEmptyString_WhenDataIsBeingInterceptedButThereIsNoData" />
    </UnitTest>
    <UnitTest name="TryGetLiveSession_ShouldFail_WhenNoSessionWasAdded" storage="d:\actions-runner\_work\xpco\xpco\transact\transact\videoos.transact.server.tests\bin\debug\videoos.transact.server.tests.dll" id="b74af8d5-6c83-c445-ed47-52d8f8fdd866">
      <Execution id="e108dda6-eec8-47f0-b29d-91cdda9e762b" />
      <TestMethod codeBase="D:\actions-runner\_work\XPCO\XPCO\Transact\Transact\VideoOS.Transact.Server.Tests\bin\Debug\VideoOS.Transact.Server.Tests.dll" adapterTypeName="executor://mstestadapter/v1" className="VideoOS.Transact.Server.Tests.Session.LiveSessionHandlerTests" name="TryGetLiveSession_ShouldFail_WhenNoSessionWasAdded" />
    </UnitTest>
    <UnitTest name="Transform_ShouldNotMatchOnReplacedCharacter_WhenAlways" storage="d:\actions-runner\_work\xpco\xpco\transact\transact\videoos.transact.server.tests\bin\debug\videoos.transact.server.tests.dll" id="d87b8793-d339-c127-bb00-5d0dd4dd2dab">
      <Execution id="f8ada38e-8baa-42c1-ad78-37c8c89b444f" />
      <TestMethod codeBase="D:\actions-runner\_work\XPCO\XPCO\Transact\Transact\VideoOS.Transact.Server.Tests\bin\Debug\VideoOS.Transact.Server.Tests.dll" adapterTypeName="executor://mstestadapter/v1" className="VideoOS.Transact.Server.Tests.Sources.ReplaceTransformerTests" name="Transform_ShouldNotMatchOnReplacedCharacter_WhenAlways" />
    </UnitTest>
    <UnitTest name="Transform_ShouldGenerateNoEvents_WhenNoEventRulesDefined" storage="d:\actions-runner\_work\xpco\xpco\transact\transact\videoos.transact.server.tests\bin\debug\videoos.transact.server.tests.dll" id="24881670-f284-e5a0-aa9b-2f66592fa681">
      <Execution id="33cf9b39-736f-46a0-a4a0-25db3a20734f" />
      <TestMethod codeBase="D:\actions-runner\_work\XPCO\XPCO\Transact\Transact\VideoOS.Transact.Server.Tests\bin\Debug\VideoOS.Transact.Server.Tests.dll" adapterTypeName="executor://mstestadapter/v1" className="VideoOS.Transact.Server.Tests.Sources.EventTransformerTest" name="Transform_ShouldGenerateNoEvents_WhenNoEventRulesDefined" />
    </UnitTest>
    <UnitTest name="StartInterception_ShouldReturnTrue_WhenInterceptionHasBeenStartedAndStopped" storage="d:\actions-runner\_work\xpco\xpco\transact\transact\videoos.transact.server.tests\bin\debug\videoos.transact.server.tests.dll" id="f8683395-40ab-cede-a6f4-5fcc49fea731">
      <Execution id="655f4060-0f92-49f9-9c62-393966f5bae2" />
      <TestMethod codeBase="D:\actions-runner\_work\XPCO\XPCO\Transact\Transact\VideoOS.Transact.Server.Tests\bin\Debug\VideoOS.Transact.Server.Tests.dll" adapterTypeName="executor://mstestadapter/v1" className="VideoOS.Transact.Server.Tests.Sources.TransactionSourceTests" name="StartInterception_ShouldReturnTrue_WhenInterceptionHasBeenStartedAndStopped" />
    </UnitTest>
    <UnitTest name="Transform_ShouldBufferPartOfInput_WhenMatchIsStillPossible" storage="d:\actions-runner\_work\xpco\xpco\transact\transact\videoos.transact.server.tests\bin\debug\videoos.transact.server.tests.dll" id="10815712-4e5a-582f-d075-bcf1d237d83f">
      <Execution id="a2e40a44-849f-44a1-98b7-3255904bdea0" />
      <TestMethod codeBase="D:\actions-runner\_work\XPCO\XPCO\Transact\Transact\VideoOS.Transact.Server.Tests\bin\Debug\VideoOS.Transact.Server.Tests.dll" adapterTypeName="executor://mstestadapter/v1" className="VideoOS.Transact.Server.Tests.Sources.LineTerminatorTransformerTests" name="Transform_ShouldBufferPartOfInput_WhenMatchIsStillPossible" />
    </UnitTest>
    <UnitTest name="TakeAvailableAsText_ShouldReturnDataWithLatestTimestampsInTwoCalls_WhenThreePiecesOfRawDataAddedAndLastHasGreaterTimeGap" storage="d:\actions-runner\_work\xpco\xpco\transact\transact\videoos.transact.server.tests\bin\debug\videoos.transact.server.tests.dll" id="b080b689-0485-3441-2d53-ec8da2c5f783">
      <Execution id="0e8e1b27-8398-4854-b270-d92b61e9feb1" />
      <TestMethod codeBase="D:\actions-runner\_work\XPCO\XPCO\Transact\Transact\VideoOS.Transact.Server.Tests\bin\Debug\VideoOS.Transact.Server.Tests.dll" adapterTypeName="executor://mstestadapter/v1" className="VideoOS.Transact.Server.Tests.Sources.RawDataBufferTest" name="TakeAvailableAsText_ShouldReturnDataWithLatestTimestampsInTwoCalls_WhenThreePiecesOfRawDataAddedAndLastHasGreaterTimeGap" />
    </UnitTest>
    <UnitTest name="WriteRawData_ShouldSucceedAfterInit_WhenDatabaseExceptionsAreThrownInitially" storage="d:\actions-runner\_work\xpco\xpco\transact\transact\videoos.transact.server.tests\bin\debug\videoos.transact.server.tests.dll" id="4f34f848-a2f3-61fb-e85b-a5427940e2ef">
      <Execution id="f27ba52d-8fa4-4492-a64b-65de73235f33" />
      <TestMethod codeBase="D:\actions-runner\_work\XPCO\XPCO\Transact\Transact\VideoOS.Transact.Server.Tests\bin\Debug\VideoOS.Transact.Server.Tests.dll" adapterTypeName="executor://mstestadapter/v1" className="VideoOS.Transact.Server.Tests.Sources.TransactionSourceTests" name="WriteRawData_ShouldSucceedAfterInit_WhenDatabaseExceptionsAreThrownInitially" />
    </UnitTest>
    <UnitTest name="Constructor_ShouldThrowArgumentNullException_WhenLineTerminatorIsNull" storage="d:\actions-runner\_work\xpco\xpco\transact\transact\videoos.transact.server.tests\bin\debug\videoos.transact.server.tests.dll" id="d4a4352c-822b-1bd5-0602-4c17c3dae18f">
      <Execution id="50206b95-a2b1-46c4-87ce-c3ad5049e936" />
      <TestMethod codeBase="D:\actions-runner\_work\XPCO\XPCO\Transact\Transact\VideoOS.Transact.Server.Tests\bin\Debug\VideoOS.Transact.Server.Tests.dll" adapterTypeName="executor://mstestadapter/v1" className="VideoOS.Transact.Server.Tests.Sources.LineTerminatorTransformerTests" name="Constructor_ShouldThrowArgumentNullException_WhenLineTerminatorIsNull" />
    </UnitTest>
    <UnitTest name="Transform_ShouldNotCallTerminateLine_WhenTransformFragmentIsCalled" storage="d:\actions-runner\_work\xpco\xpco\transact\transact\videoos.transact.server.tests\bin\debug\videoos.transact.server.tests.dll" id="c86a834e-1e30-bcb3-b2cb-0e826291319a">
      <Execution id="691cb280-2ace-462e-a674-2be8e43af338" />
      <TestMethod codeBase="D:\actions-runner\_work\XPCO\XPCO\Transact\Transact\VideoOS.Transact.Server.Tests\bin\Debug\VideoOS.Transact.Server.Tests.dll" adapterTypeName="executor://mstestadapter/v1" className="VideoOS.Transact.Server.Tests.Sources.ReplaceTransformerTests" name="Transform_ShouldNotCallTerminateLine_WhenTransformFragmentIsCalled" />
    </UnitTest>
    <UnitTest name="Constructor_ShouldThrowArgumentException_WhenOldValueIsEmpty" storage="d:\actions-runner\_work\xpco\xpco\transact\transact\videoos.transact.server.tests\bin\debug\videoos.transact.server.tests.dll" id="2cbbbdf9-605c-3e8d-5f56-ca62e8614ca0">
      <Execution id="72913597-ed5d-4d2b-ae7e-8299368f4847" />
      <TestMethod codeBase="D:\actions-runner\_work\XPCO\XPCO\Transact\Transact\VideoOS.Transact.Server.Tests\bin\Debug\VideoOS.Transact.Server.Tests.dll" adapterTypeName="executor://mstestadapter/v1" className="VideoOS.Transact.Server.Tests.Sources.ReplaceTransformerTests" name="Constructor_ShouldThrowArgumentException_WhenOldValueIsEmpty" />
    </UnitTest>
    <UnitTest name="Transform_ShouldOutputInputString_WhenThereAreNoMatches" storage="d:\actions-runner\_work\xpco\xpco\transact\transact\videoos.transact.server.tests\bin\debug\videoos.transact.server.tests.dll" id="b8aa26cd-89aa-0fd5-80b7-5cd9160d2c45">
      <Execution id="000121a6-4650-45b6-880d-b5c668253c73" />
      <TestMethod codeBase="D:\actions-runner\_work\XPCO\XPCO\Transact\Transact\VideoOS.Transact.Server.Tests\bin\Debug\VideoOS.Transact.Server.Tests.dll" adapterTypeName="executor://mstestadapter/v1" className="VideoOS.Transact.Server.Tests.Sources.ReplaceTransformerTests" name="Transform_ShouldOutputInputString_WhenThereAreNoMatches" />
    </UnitTest>
    <UnitTest name="MinimalAcceptedTimestamp_ShouldReturnValueFromLatestValidWrittenData_WhenDataHasBeenWritten" storage="d:\actions-runner\_work\xpco\xpco\transact\transact\videoos.transact.server.tests\bin\debug\videoos.transact.server.tests.dll" id="db6ed369-4c0f-6f53-363c-132771c04dc7">
      <Execution id="0060bef0-c6d5-4621-ac1c-20fe8dea146b" />
      <TestMethod codeBase="D:\actions-runner\_work\XPCO\XPCO\Transact\Transact\VideoOS.Transact.Server.Tests\bin\Debug\VideoOS.Transact.Server.Tests.dll" adapterTypeName="executor://mstestadapter/v1" className="VideoOS.Transact.Server.Tests.Sources.TransactionSourceTests" name="MinimalAcceptedTimestamp_ShouldReturnValueFromLatestValidWrittenData_WhenDataHasBeenWritten" />
    </UnitTest>
    <UnitTest name="TakeAvailableAsText_ShouldReturnDataAndLatestTimestampsInThreeCalls_WhenSevenPiecesOfRawDataAddedWithinThreeTimeGaps" storage="d:\actions-runner\_work\xpco\xpco\transact\transact\videoos.transact.server.tests\bin\debug\videoos.transact.server.tests.dll" id="b64a0550-9df5-dac1-52db-ef437e524048">
      <Execution id="2217c30f-0ab4-47d3-8f81-96f976373823" />
      <TestMethod codeBase="D:\actions-runner\_work\XPCO\XPCO\Transact\Transact\VideoOS.Transact.Server.Tests\bin\Debug\VideoOS.Transact.Server.Tests.dll" adapterTypeName="executor://mstestadapter/v1" className="VideoOS.Transact.Server.Tests.Sources.RawDataBufferTest" name="TakeAvailableAsText_ShouldReturnDataAndLatestTimestampsInThreeCalls_WhenSevenPiecesOfRawDataAddedWithinThreeTimeGaps" />
    </UnitTest>
    <UnitTest name="Transform_ShouldGenerateTwoEvents_WhenOneExactMatchRuleAndOneRegexRuleDefinedAndInputMatchesBothRules" storage="d:\actions-runner\_work\xpco\xpco\transact\transact\videoos.transact.server.tests\bin\debug\videoos.transact.server.tests.dll" id="b53914e0-aa94-3ea8-0ec8-6c4fb08dd151">
      <Execution id="4c393923-9f09-4cf7-b8e4-07260a171ffa" />
      <TestMethod codeBase="D:\actions-runner\_work\XPCO\XPCO\Transact\Transact\VideoOS.Transact.Server.Tests\bin\Debug\VideoOS.Transact.Server.Tests.dll" adapterTypeName="executor://mstestadapter/v1" className="VideoOS.Transact.Server.Tests.Sources.EventTransformerTest" name="Transform_ShouldGenerateTwoEvents_WhenOneExactMatchRuleAndOneRegexRuleDefinedAndInputMatchesBothRules" />
    </UnitTest>
    <UnitTest name="Transform_ShouldOutputFragmentForEachLine_WhenInputHasMulitpleLineTerminators" storage="d:\actions-runner\_work\xpco\xpco\transact\transact\videoos.transact.server.tests\bin\debug\videoos.transact.server.tests.dll" id="d945746d-16e5-bedd-636f-70d4b425a50c">
      <Execution id="e9b311e7-416f-438b-ab7b-4d5c5f34ddd9" />
      <TestMethod codeBase="D:\actions-runner\_work\XPCO\XPCO\Transact\Transact\VideoOS.Transact.Server.Tests\bin\Debug\VideoOS.Transact.Server.Tests.dll" adapterTypeName="executor://mstestadapter/v1" className="VideoOS.Transact.Server.Tests.Sources.LineTerminatorTransformerTests" name="Transform_ShouldOutputFragmentForEachLine_WhenInputHasMulitpleLineTerminators" />
    </UnitTest>
    <UnitTest name="StopInterception_ShouldClearInterceptedData_WhenDataHasNotBeenRead" storage="d:\actions-runner\_work\xpco\xpco\transact\transact\videoos.transact.server.tests\bin\debug\videoos.transact.server.tests.dll" id="5b78de17-fb0a-c559-53bb-3d4e58a8b4b7">
      <Execution id="1eab8e8e-22a9-4159-a7f5-67a534c09ebb" />
      <TestMethod codeBase="D:\actions-runner\_work\XPCO\XPCO\Transact\Transact\VideoOS.Transact.Server.Tests\bin\Debug\VideoOS.Transact.Server.Tests.dll" adapterTypeName="executor://mstestadapter/v1" className="VideoOS.Transact.Server.Tests.Sources.TransactionSourceTests" name="StopInterception_ShouldClearInterceptedData_WhenDataHasNotBeenRead" />
    </UnitTest>
    <UnitTest name="Transform_ShouldGenerateNoEvents_WhenOneWildcardRuleDefinedAndInputDoesNotMatch" storage="d:\actions-runner\_work\xpco\xpco\transact\transact\videoos.transact.server.tests\bin\debug\videoos.transact.server.tests.dll" id="90359306-825c-3372-0280-3a7580c3f407">
      <Execution id="02a37a32-f209-4f32-8572-d62fa993aeff" />
      <TestMethod codeBase="D:\actions-runner\_work\XPCO\XPCO\Transact\Transact\VideoOS.Transact.Server.Tests\bin\Debug\VideoOS.Transact.Server.Tests.dll" adapterTypeName="executor://mstestadapter/v1" className="VideoOS.Transact.Server.Tests.Sources.EventTransformerTest" name="Transform_ShouldGenerateNoEvents_WhenOneWildcardRuleDefinedAndInputDoesNotMatch" />
    </UnitTest>
    <UnitTest name="Transform_ShouldBufferCharactersWhenPotentialMatchAcrossFragmentsAndFragmentShorterThanOldValue_WhenLineIsNotTerminated" storage="d:\actions-runner\_work\xpco\xpco\transact\transact\videoos.transact.server.tests\bin\debug\videoos.transact.server.tests.dll" id="49c7df0f-7fe3-aa2c-7f86-9690e56df752">
      <Execution id="8c008f8b-517b-4917-b0a9-4d96e9e9e8a4" />
      <TestMethod codeBase="D:\actions-runner\_work\XPCO\XPCO\Transact\Transact\VideoOS.Transact.Server.Tests\bin\Debug\VideoOS.Transact.Server.Tests.dll" adapterTypeName="executor://mstestadapter/v1" className="VideoOS.Transact.Server.Tests.Sources.ReplaceTransformerTests" name="Transform_ShouldBufferCharactersWhenPotentialMatchAcrossFragmentsAndFragmentShorterThanOldValue_WhenLineIsNotTerminated" />
    </UnitTest>
    <UnitTest name="Transform_ShouldPassInput_WhenInputHasNoLineTerminator" storage="d:\actions-runner\_work\xpco\xpco\transact\transact\videoos.transact.server.tests\bin\debug\videoos.transact.server.tests.dll" id="909d1fe9-6d09-e0a3-b86e-993c3fb74825">
      <Execution id="2ea475b2-c826-4ad1-9585-6d4858ccbfe0" />
      <TestMethod codeBase="D:\actions-runner\_work\XPCO\XPCO\Transact\Transact\VideoOS.Transact.Server.Tests\bin\Debug\VideoOS.Transact.Server.Tests.dll" adapterTypeName="executor://mstestadapter/v1" className="VideoOS.Transact.Server.Tests.Sources.LineTerminatorTransformerTests" name="Transform_ShouldPassInput_WhenInputHasNoLineTerminator" />
    </UnitTest>
    <UnitTest name="SessionGetLines_ShouldThrow_WhenClosed" storage="d:\actions-runner\_work\xpco\xpco\transact\transact\videoos.transact.server.tests\bin\debug\videoos.transact.server.tests.dll" id="e7c24e53-29a7-e6fd-1e0f-8740f39dbe0e">
      <Execution id="ec721cba-7214-420a-8515-8bd6f593e101" />
      <TestMethod codeBase="D:\actions-runner\_work\XPCO\XPCO\Transact\Transact\VideoOS.Transact.Server.Tests\bin\Debug\VideoOS.Transact.Server.Tests.dll" adapterTypeName="executor://mstestadapter/v1" className="VideoOS.Transact.Server.Tests.Session.LiveSessionHandlerTests" name="SessionGetLines_ShouldThrow_WhenClosed" />
    </UnitTest>
    <UnitTest name="Transform_ShouldCallTerminateLine_WhenInputContainsLineTerminator" storage="d:\actions-runner\_work\xpco\xpco\transact\transact\videoos.transact.server.tests\bin\debug\videoos.transact.server.tests.dll" id="05fc66a3-5dd1-1e56-b519-dbe598b38d33">
      <Execution id="3dbb825b-1f94-463e-a561-e27e161ae759" />
      <TestMethod codeBase="D:\actions-runner\_work\XPCO\XPCO\Transact\Transact\VideoOS.Transact.Server.Tests\bin\Debug\VideoOS.Transact.Server.Tests.dll" adapterTypeName="executor://mstestadapter/v1" className="VideoOS.Transact.Server.Tests.Sources.LineTerminatorTransformerTests" name="Transform_ShouldCallTerminateLine_WhenInputContainsLineTerminator" />
    </UnitTest>
    <UnitTest name="Transform_ShouldGenerateNoEvents_WhenLineIsNotTerminated" storage="d:\actions-runner\_work\xpco\xpco\transact\transact\videoos.transact.server.tests\bin\debug\videoos.transact.server.tests.dll" id="22d0fe75-e370-1cbe-c036-77c4eafc190d">
      <Execution id="d0549268-e811-4fbb-88cd-9c04739de114" />
      <TestMethod codeBase="D:\actions-runner\_work\XPCO\XPCO\Transact\Transact\VideoOS.Transact.Server.Tests\bin\Debug\VideoOS.Transact.Server.Tests.dll" adapterTypeName="executor://mstestadapter/v1" className="VideoOS.Transact.Server.Tests.Sources.EventTransformerTest" name="Transform_ShouldGenerateNoEvents_WhenLineIsNotTerminated" />
    </UnitTest>
    <UnitTest name="SessionGetLines_ShouldReturnLinesOnSource" storage="d:\actions-runner\_work\xpco\xpco\transact\transact\videoos.transact.server.tests\bin\debug\videoos.transact.server.tests.dll" id="2f97f6d8-f13c-8c3a-27d7-74e857f27964">
      <Execution id="15177971-be4f-46b0-8e59-e27f9c4ce487" />
      <TestMethod codeBase="D:\actions-runner\_work\XPCO\XPCO\Transact\Transact\VideoOS.Transact.Server.Tests\bin\Debug\VideoOS.Transact.Server.Tests.dll" adapterTypeName="executor://mstestadapter/v1" className="VideoOS.Transact.Server.Tests.Session.LiveSessionHandlerTests" name="SessionGetLines_ShouldReturnLinesOnSource" />
    </UnitTest>
    <UnitTest name="TakeAvailableAsText_ShouldReturnAllDataAndLatestTimestamp_WhenTwoPiecesOfRawDataAddedWithinTimeGap" storage="d:\actions-runner\_work\xpco\xpco\transact\transact\videoos.transact.server.tests\bin\debug\videoos.transact.server.tests.dll" id="58de8b22-529c-8a15-139e-365841d1d26a">
      <Execution id="faac45ee-c804-4ca5-843a-ee395b8eb23d" />
      <TestMethod codeBase="D:\actions-runner\_work\XPCO\XPCO\Transact\Transact\VideoOS.Transact.Server.Tests\bin\Debug\VideoOS.Transact.Server.Tests.dll" adapterTypeName="executor://mstestadapter/v1" className="VideoOS.Transact.Server.Tests.Sources.RawDataBufferTest" name="TakeAvailableAsText_ShouldReturnAllDataAndLatestTimestamp_WhenTwoPiecesOfRawDataAddedWithinTimeGap" />
    </UnitTest>
    <UnitTest name="Constructor_ShouldThrowArgumentException_WhenLineTerminatorIsEmpty" storage="d:\actions-runner\_work\xpco\xpco\transact\transact\videoos.transact.server.tests\bin\debug\videoos.transact.server.tests.dll" id="5294ebc6-444c-0263-1f7f-b27bdfbf6356">
      <Execution id="fcb31f5c-08d9-49a2-bce8-36e8025b675d" />
      <TestMethod codeBase="D:\actions-runner\_work\XPCO\XPCO\Transact\Transact\VideoOS.Transact.Server.Tests\bin\Debug\VideoOS.Transact.Server.Tests.dll" adapterTypeName="executor://mstestadapter/v1" className="VideoOS.Transact.Server.Tests.Sources.LineTerminatorTransformerTests" name="Constructor_ShouldThrowArgumentException_WhenLineTerminatorIsEmpty" />
    </UnitTest>
    <UnitTest name="TryGetLiveSession_ShouldReturnStartedSession" storage="d:\actions-runner\_work\xpco\xpco\transact\transact\videoos.transact.server.tests\bin\debug\videoos.transact.server.tests.dll" id="e50c205b-16f9-aa91-d6bf-665d8a5e846b">
      <Execution id="6e468f4e-a485-49b1-8235-244fcba1fdb5" />
      <TestMethod codeBase="D:\actions-runner\_work\XPCO\XPCO\Transact\Transact\VideoOS.Transact.Server.Tests\bin\Debug\VideoOS.Transact.Server.Tests.dll" adapterTypeName="executor://mstestadapter/v1" className="VideoOS.Transact.Server.Tests.Session.LiveSessionHandlerTests" name="TryGetLiveSession_ShouldReturnStartedSession" />
    </UnitTest>
    <UnitTest name="Transform_ShouldReplaceAcrossFragmentsAndReturnLatestTimestamp_WhenThereAreMatchesAcrossFragmentsAndLastFragmentLineIsNotTerminated" storage="d:\actions-runner\_work\xpco\xpco\transact\transact\videoos.transact.server.tests\bin\debug\videoos.transact.server.tests.dll" id="4e00747b-a45d-f7a9-a796-8a9227c23416">
      <Execution id="c8a0fa83-f5a3-4e19-b61d-9a2c7c50a877" />
      <TestMethod codeBase="D:\actions-runner\_work\XPCO\XPCO\Transact\Transact\VideoOS.Transact.Server.Tests\bin\Debug\VideoOS.Transact.Server.Tests.dll" adapterTypeName="executor://mstestadapter/v1" className="VideoOS.Transact.Server.Tests.Sources.ReplaceTransformerTests" name="Transform_ShouldReplaceAcrossFragmentsAndReturnLatestTimestamp_WhenThereAreMatchesAcrossFragmentsAndLastFragmentLineIsNotTerminated" />
    </UnitTest>
    <UnitTest name="Transform_ShouldGenerateNoEvents_WhenOneRegexRuleDefinedAndInputDoesNotMatch" storage="d:\actions-runner\_work\xpco\xpco\transact\transact\videoos.transact.server.tests\bin\debug\videoos.transact.server.tests.dll" id="daea5307-2563-1b65-9a3e-fbcb4676eecf">
      <Execution id="ee8ba312-5b36-44db-a5cf-9fbe9cdd56a4" />
      <TestMethod codeBase="D:\actions-runner\_work\XPCO\XPCO\Transact\Transact\VideoOS.Transact.Server.Tests\bin\Debug\VideoOS.Transact.Server.Tests.dll" adapterTypeName="executor://mstestadapter/v1" className="VideoOS.Transact.Server.Tests.Sources.EventTransformerTest" name="Transform_ShouldGenerateNoEvents_WhenOneRegexRuleDefinedAndInputDoesNotMatch" />
    </UnitTest>
    <UnitTest name="Transform_ShouldGenerateEvent_WhenOneExactMatchRuleDefinedAndInputMatches" storage="d:\actions-runner\_work\xpco\xpco\transact\transact\videoos.transact.server.tests\bin\debug\videoos.transact.server.tests.dll" id="85930f32-0fe9-146d-487a-ff5e1166cffe">
      <Execution id="8061e122-6ff5-469f-82e5-482605dda878" />
      <TestMethod codeBase="D:\actions-runner\_work\XPCO\XPCO\Transact\Transact\VideoOS.Transact.Server.Tests\bin\Debug\VideoOS.Transact.Server.Tests.dll" adapterTypeName="executor://mstestadapter/v1" className="VideoOS.Transact.Server.Tests.Sources.EventTransformerTest" name="Transform_ShouldGenerateEvent_WhenOneExactMatchRuleDefinedAndInputMatches" />
    </UnitTest>
    <UnitTest name="SessionGetLines_ShouldHangUntilLinesAreAvailable" storage="d:\actions-runner\_work\xpco\xpco\transact\transact\videoos.transact.server.tests\bin\debug\videoos.transact.server.tests.dll" id="80fdd500-5454-4e27-d3cb-c70bffe8582f">
      <Execution id="1659ba42-3dc5-4b54-91d4-027670749c30" />
      <TestMethod codeBase="D:\actions-runner\_work\XPCO\XPCO\Transact\Transact\VideoOS.Transact.Server.Tests\bin\Debug\VideoOS.Transact.Server.Tests.dll" adapterTypeName="executor://mstestadapter/v1" className="VideoOS.Transact.Server.Tests.Session.LiveSessionHandlerTests" name="SessionGetLines_ShouldHangUntilLinesAreAvailable" />
    </UnitTest>
    <UnitTest name="RemovePartialMatch_ShouldCreateEmptyBuffer_WhenNoPartialMatch" storage="d:\actions-runner\_work\xpco\xpco\transact\transact\videoos.transact.server.tests\bin\debug\videoos.transact.server.tests.dll" id="81494542-cc3d-c83c-5741-9e075c8858f7">
      <Execution id="d2c8e3b7-785a-498f-8c48-d437de893f2b" />
      <TestMethod codeBase="D:\actions-runner\_work\XPCO\XPCO\Transact\Transact\VideoOS.Transact.Server.Tests\bin\Debug\VideoOS.Transact.Server.Tests.dll" adapterTypeName="executor://mstestadapter/v1" className="VideoOS.Transact.Server.Tests.Sources.StringBuilderExtensionsTest" name="RemovePartialMatch_ShouldCreateEmptyBuffer_WhenNoPartialMatch" />
    </UnitTest>
    <UnitTest name="MinimalAcceptedTimestamp_ShouldReturnValueFromStorage_WhenDataHasNotBeenWritten" storage="d:\actions-runner\_work\xpco\xpco\transact\transact\videoos.transact.server.tests\bin\debug\videoos.transact.server.tests.dll" id="32b729fb-68af-fc79-31e7-a2a850967292">
      <Execution id="3ac10f30-25bd-4a01-b9a6-e9e8fb793b9e" />
      <TestMethod codeBase="D:\actions-runner\_work\XPCO\XPCO\Transact\Transact\VideoOS.Transact.Server.Tests\bin\Debug\VideoOS.Transact.Server.Tests.dll" adapterTypeName="executor://mstestadapter/v1" className="VideoOS.Transact.Server.Tests.Sources.TransactionSourceTests" name="MinimalAcceptedTimestamp_ShouldReturnValueFromStorage_WhenDataHasNotBeenWritten" />
    </UnitTest>
    <UnitTest name="Transform_ShouldReplaceInputString_WhenThereAreMatches" storage="d:\actions-runner\_work\xpco\xpco\transact\transact\videoos.transact.server.tests\bin\debug\videoos.transact.server.tests.dll" id="94bc7455-6884-b5fb-63b2-bd769fbf6de7">
      <Execution id="e1bf8a39-072e-45f8-8ad2-c082f5d3cf03" />
      <TestMethod codeBase="D:\actions-runner\_work\XPCO\XPCO\Transact\Transact\VideoOS.Transact.Server.Tests\bin\Debug\VideoOS.Transact.Server.Tests.dll" adapterTypeName="executor://mstestadapter/v1" className="VideoOS.Transact.Server.Tests.Sources.ReplaceTransformerTests" name="Transform_ShouldReplaceInputString_WhenThereAreMatches" />
    </UnitTest>
    <UnitTest name="GetInterceptedData_ShouldReturnInterceptedData_WhenDataIsBeingInterceptedAndDataHasBeenWritten" storage="d:\actions-runner\_work\xpco\xpco\transact\transact\videoos.transact.server.tests\bin\debug\videoos.transact.server.tests.dll" id="c18df7c7-ab40-9ee9-e9f4-c4f1f4418945">
      <Execution id="f8e5e46f-6d8e-43ed-b5ee-2e080465472b" />
      <TestMethod codeBase="D:\actions-runner\_work\XPCO\XPCO\Transact\Transact\VideoOS.Transact.Server.Tests\bin\Debug\VideoOS.Transact.Server.Tests.dll" adapterTypeName="executor://mstestadapter/v1" className="VideoOS.Transact.Server.Tests.Sources.TransactionSourceTests" name="GetInterceptedData_ShouldReturnInterceptedData_WhenDataIsBeingInterceptedAndDataHasBeenWritten" />
    </UnitTest>
    <UnitTest name="Constructor_ShouldThrowArgumentNullException_WhenNewValueIsNull" storage="d:\actions-runner\_work\xpco\xpco\transact\transact\videoos.transact.server.tests\bin\debug\videoos.transact.server.tests.dll" id="d5fda41e-5e9e-b07d-1a31-ba273872aa62">
      <Execution id="db286d79-df40-4935-b43c-0d7967513c9e" />
      <TestMethod codeBase="D:\actions-runner\_work\XPCO\XPCO\Transact\Transact\VideoOS.Transact.Server.Tests\bin\Debug\VideoOS.Transact.Server.Tests.dll" adapterTypeName="executor://mstestadapter/v1" className="VideoOS.Transact.Server.Tests.Sources.ReplaceTransformerTests" name="Constructor_ShouldThrowArgumentNullException_WhenNewValueIsNull" />
    </UnitTest>
    <UnitTest name="Transform_ShouldCallTerminateLine_WhenTerminateLineIsCalled" storage="d:\actions-runner\_work\xpco\xpco\transact\transact\videoos.transact.server.tests\bin\debug\videoos.transact.server.tests.dll" id="60db660f-dedb-00de-92d9-4659c1a48868">
      <Execution id="29d114f1-7f14-4912-9f35-6ac2bc1474d6" />
      <TestMethod codeBase="D:\actions-runner\_work\XPCO\XPCO\Transact\Transact\VideoOS.Transact.Server.Tests\bin\Debug\VideoOS.Transact.Server.Tests.dll" adapterTypeName="executor://mstestadapter/v1" className="VideoOS.Transact.Server.Tests.Sources.ReplaceTransformerTests" name="Transform_ShouldCallTerminateLine_WhenTerminateLineIsCalled" />
    </UnitTest>
    <UnitTest name="GetInterceptedData_ShouldConcatanateInterceptedData_WhenDataIsWrittenMultipleTime" storage="d:\actions-runner\_work\xpco\xpco\transact\transact\videoos.transact.server.tests\bin\debug\videoos.transact.server.tests.dll" id="f7d5bcd1-2aa5-4eb0-2144-8e600f57c50e">
      <Execution id="673b8ec4-1e8f-4380-96fb-8d68212c6b68" />
      <TestMethod codeBase="D:\actions-runner\_work\XPCO\XPCO\Transact\Transact\VideoOS.Transact.Server.Tests\bin\Debug\VideoOS.Transact.Server.Tests.dll" adapterTypeName="executor://mstestadapter/v1" className="VideoOS.Transact.Server.Tests.Sources.TransactionSourceTests" name="GetInterceptedData_ShouldConcatanateInterceptedData_WhenDataIsWrittenMultipleTime" />
    </UnitTest>
    <UnitTest name="Transform_ShouldKeepLastCharactersWhenPotentialMatchAcrossFragments_WhenLineIsNotTerminated" storage="d:\actions-runner\_work\xpco\xpco\transact\transact\videoos.transact.server.tests\bin\debug\videoos.transact.server.tests.dll" id="642e8293-c97a-16ba-76c0-ecc345738412">
      <Execution id="706e7a80-8c44-4920-a643-979dbcc71e23" />
      <TestMethod codeBase="D:\actions-runner\_work\XPCO\XPCO\Transact\Transact\VideoOS.Transact.Server.Tests\bin\Debug\VideoOS.Transact.Server.Tests.dll" adapterTypeName="executor://mstestadapter/v1" className="VideoOS.Transact.Server.Tests.Sources.ReplaceTransformerTests" name="Transform_ShouldKeepLastCharactersWhenPotentialMatchAcrossFragments_WhenLineIsNotTerminated" />
    </UnitTest>
    <UnitTest name="Transform_ShouldStopExistingTransactionAndStartAndStopNextTransactionAndWriteALine_WhenLineContainsBothStartAndStopAndTransactionAlreadyStarted" storage="d:\actions-runner\_work\xpco\xpco\transact\transact\videoos.transact.server.tests\bin\debug\videoos.transact.server.tests.dll" id="3238b50e-2d35-7cb8-024f-404c01dd1a08">
      <Execution id="f028466f-6237-4e9b-a5e5-d6244e3a3ce4" />
      <TestMethod codeBase="D:\actions-runner\_work\XPCO\XPCO\Transact\Transact\VideoOS.Transact.Server.Tests\bin\Debug\VideoOS.Transact.Server.Tests.dll" adapterTypeName="executor://mstestadapter/v1" className="VideoOS.Transact.Server.Tests.Sources.PersistenceTransformerTests" name="Transform_ShouldStopExistingTransactionAndStartAndStopNextTransactionAndWriteALine_WhenLineContainsBothStartAndStopAndTransactionAlreadyStarted" />
    </UnitTest>
    <UnitTest name="SessionGetLines_ShouldCompleteFirstTask_IfConcurrentCallsAreMade" storage="d:\actions-runner\_work\xpco\xpco\transact\transact\videoos.transact.server.tests\bin\debug\videoos.transact.server.tests.dll" id="14a84fce-dbcc-cfe9-d2c2-26774cfe944f">
      <Execution id="150dbba1-941c-4187-9dfb-e57a143e257d" />
      <TestMethod codeBase="D:\actions-runner\_work\XPCO\XPCO\Transact\Transact\VideoOS.Transact.Server.Tests\bin\Debug\VideoOS.Transact.Server.Tests.dll" adapterTypeName="executor://mstestadapter/v1" className="VideoOS.Transact.Server.Tests.Session.LiveSessionHandlerTests" name="SessionGetLines_ShouldCompleteFirstTask_IfConcurrentCallsAreMade" />
    </UnitTest>
    <UnitTest name="StartInterception_ShouldReturnFalse_WhenDataIsBeingIntercepted" storage="d:\actions-runner\_work\xpco\xpco\transact\transact\videoos.transact.server.tests\bin\debug\videoos.transact.server.tests.dll" id="43c74d81-9ac5-3f35-b163-da57a752dbe0">
      <Execution id="8d1a60d3-9baa-400a-9598-a11ff8c5e21e" />
      <TestMethod codeBase="D:\actions-runner\_work\XPCO\XPCO\Transact\Transact\VideoOS.Transact.Server.Tests\bin\Debug\VideoOS.Transact.Server.Tests.dll" adapterTypeName="executor://mstestadapter/v1" className="VideoOS.Transact.Server.Tests.Sources.TransactionSourceTests" name="StartInterception_ShouldReturnFalse_WhenDataIsBeingIntercepted" />
    </UnitTest>
    <UnitTest name="WriteData_ShouldThrowArgumentException_IfTimestampIsEarlierThanAcceptedByStorage" storage="d:\actions-runner\_work\xpco\xpco\transact\transact\videoos.transact.server.tests\bin\debug\videoos.transact.server.tests.dll" id="d8628026-b8f5-fe11-e190-294ed2a1ff6b">
      <Execution id="4abf5ed7-0f90-407f-a742-63e3d9f7678b" />
      <TestMethod codeBase="D:\actions-runner\_work\XPCO\XPCO\Transact\Transact\VideoOS.Transact.Server.Tests\bin\Debug\VideoOS.Transact.Server.Tests.dll" adapterTypeName="executor://mstestadapter/v1" className="VideoOS.Transact.Server.Tests.Sources.TransactionSourceTests" name="WriteData_ShouldThrowArgumentException_IfTimestampIsEarlierThanAcceptedByStorage" />
    </UnitTest>
    <UnitTest name="WriteData_ShouldThrowArgumentException_IfTimestampIsNotUtc" storage="d:\actions-runner\_work\xpco\xpco\transact\transact\videoos.transact.server.tests\bin\debug\videoos.transact.server.tests.dll" id="ea5f45ed-e04e-b1a5-8ecd-26984f1beb91">
      <Execution id="e34d716d-4be2-4c33-8207-d81f1f3ab61b" />
      <TestMethod codeBase="D:\actions-runner\_work\XPCO\XPCO\Transact\Transact\VideoOS.Transact.Server.Tests\bin\Debug\VideoOS.Transact.Server.Tests.dll" adapterTypeName="executor://mstestadapter/v1" className="VideoOS.Transact.Server.Tests.Sources.TransactionSourceTests" name="WriteData_ShouldThrowArgumentException_IfTimestampIsNotUtc" />
    </UnitTest>
    <UnitTest name="GetInterceptedData_ShouldClearInterceptedData_WhenDataHasBeenRead" storage="d:\actions-runner\_work\xpco\xpco\transact\transact\videoos.transact.server.tests\bin\debug\videoos.transact.server.tests.dll" id="f22349db-c383-c558-964c-614d0e948c2d">
      <Execution id="2f78b6df-8a29-40f0-946d-a0bf84048e1c" />
      <TestMethod codeBase="D:\actions-runner\_work\XPCO\XPCO\Transact\Transact\VideoOS.Transact.Server.Tests\bin\Debug\VideoOS.Transact.Server.Tests.dll" adapterTypeName="executor://mstestadapter/v1" className="VideoOS.Transact.Server.Tests.Sources.TransactionSourceTests" name="GetInterceptedData_ShouldClearInterceptedData_WhenDataHasBeenRead" />
    </UnitTest>
    <UnitTest name="Transform_ShouldGenerateNoEvents_WhenOneExactMatchRuleDefinedAndInputDoesNotMatch" storage="d:\actions-runner\_work\xpco\xpco\transact\transact\videoos.transact.server.tests\bin\debug\videoos.transact.server.tests.dll" id="dacc9d25-f6fb-c880-00e9-f3eb43dc75d8">
      <Execution id="ecc0ce10-e71f-447c-9d52-f3d3408cb130" />
      <TestMethod codeBase="D:\actions-runner\_work\XPCO\XPCO\Transact\Transact\VideoOS.Transact.Server.Tests\bin\Debug\VideoOS.Transact.Server.Tests.dll" adapterTypeName="executor://mstestadapter/v1" className="VideoOS.Transact.Server.Tests.Sources.EventTransformerTest" name="Transform_ShouldGenerateNoEvents_WhenOneExactMatchRuleDefinedAndInputDoesNotMatch" />
    </UnitTest>
    <UnitTest name="Transform_ShouldGenerateOneEvent_WhenOneExactMatchRuleAndOneRegexRuleDefinedAndInputMatchesExactMatchRule" storage="d:\actions-runner\_work\xpco\xpco\transact\transact\videoos.transact.server.tests\bin\debug\videoos.transact.server.tests.dll" id="cf13da9b-93ab-b877-a93e-f00f897aa33c">
      <Execution id="e7d91273-45ab-4bd8-8c99-6287b16c731e" />
      <TestMethod codeBase="D:\actions-runner\_work\XPCO\XPCO\Transact\Transact\VideoOS.Transact.Server.Tests\bin\Debug\VideoOS.Transact.Server.Tests.dll" adapterTypeName="executor://mstestadapter/v1" className="VideoOS.Transact.Server.Tests.Sources.EventTransformerTest" name="Transform_ShouldGenerateOneEvent_WhenOneExactMatchRuleAndOneRegexRuleDefinedAndInputMatchesExactMatchRule" />
    </UnitTest>
    <UnitTest name="Transform_ShouldCompletelyProcessInputAndNotKeepPotentialMatches_WhenLineIsTerminated" storage="d:\actions-runner\_work\xpco\xpco\transact\transact\videoos.transact.server.tests\bin\debug\videoos.transact.server.tests.dll" id="9969c3f1-076b-56ef-55a9-286f899020a7">
      <Execution id="cfe35425-0e18-452c-b112-dab02f615bf0" />
      <TestMethod codeBase="D:\actions-runner\_work\XPCO\XPCO\Transact\Transact\VideoOS.Transact.Server.Tests\bin\Debug\VideoOS.Transact.Server.Tests.dll" adapterTypeName="executor://mstestadapter/v1" className="VideoOS.Transact.Server.Tests.Sources.ReplaceTransformerTests" name="Transform_ShouldCompletelyProcessInputAndNotKeepPotentialMatches_WhenLineIsTerminated" />
    </UnitTest>
    <UnitTest name="Transform_ShouldGenerateEvent_WhenOneRegexRuleDefinedAndInputMatches" storage="d:\actions-runner\_work\xpco\xpco\transact\transact\videoos.transact.server.tests\bin\debug\videoos.transact.server.tests.dll" id="b3a30128-50bf-9454-7123-47261e587fa1">
      <Execution id="8d74b81a-f3eb-49e4-893d-31c57ec6f300" />
      <TestMethod codeBase="D:\actions-runner\_work\XPCO\XPCO\Transact\Transact\VideoOS.Transact.Server.Tests\bin\Debug\VideoOS.Transact.Server.Tests.dll" adapterTypeName="executor://mstestadapter/v1" className="VideoOS.Transact.Server.Tests.Sources.EventTransformerTest" name="Transform_ShouldGenerateEvent_WhenOneRegexRuleDefinedAndInputMatches" />
    </UnitTest>
    <UnitTest name="Transform_ShouldGenerateEvent_WhenOneWildcardRuleDefinedAndInputMatches" storage="d:\actions-runner\_work\xpco\xpco\transact\transact\videoos.transact.server.tests\bin\debug\videoos.transact.server.tests.dll" id="72e7ef80-de32-4641-85c5-2228d7c93066">
      <Execution id="1ed75866-c527-41c0-9f83-e4c0425a5be3" />
      <TestMethod codeBase="D:\actions-runner\_work\XPCO\XPCO\Transact\Transact\VideoOS.Transact.Server.Tests\bin\Debug\VideoOS.Transact.Server.Tests.dll" adapterTypeName="executor://mstestadapter/v1" className="VideoOS.Transact.Server.Tests.Sources.EventTransformerTest" name="Transform_ShouldGenerateEvent_WhenOneWildcardRuleDefinedAndInputMatches" />
    </UnitTest>
    <UnitTest name="SessionShouldBeRemoved_WhenSessionClosed" storage="d:\actions-runner\_work\xpco\xpco\transact\transact\videoos.transact.server.tests\bin\debug\videoos.transact.server.tests.dll" id="ca387e96-f9eb-ec6e-d49c-e5de5957bb87">
      <Execution id="12959413-0e8b-44fd-a899-2a43d4415135" />
      <TestMethod codeBase="D:\actions-runner\_work\XPCO\XPCO\Transact\Transact\VideoOS.Transact.Server.Tests\bin\Debug\VideoOS.Transact.Server.Tests.dll" adapterTypeName="executor://mstestadapter/v1" className="VideoOS.Transact.Server.Tests.Session.LiveSessionHandlerTests" name="SessionShouldBeRemoved_WhenSessionClosed" />
    </UnitTest>
    <UnitTest name="TakeAvailableAsText_ShouldReturnDataWithLatestTimestampsInTwoCalls_WhenThreePiecesOfRawDataAddedAndLastHasBoundaryTimeGap" storage="d:\actions-runner\_work\xpco\xpco\transact\transact\videoos.transact.server.tests\bin\debug\videoos.transact.server.tests.dll" id="054a6585-6c57-7f00-4c7a-27f0a2f41908">
      <Execution id="7901be99-5cf2-4f6e-ad32-e4924559ec7f" />
      <TestMethod codeBase="D:\actions-runner\_work\XPCO\XPCO\Transact\Transact\VideoOS.Transact.Server.Tests\bin\Debug\VideoOS.Transact.Server.Tests.dll" adapterTypeName="executor://mstestadapter/v1" className="VideoOS.Transact.Server.Tests.Sources.RawDataBufferTest" name="TakeAvailableAsText_ShouldReturnDataWithLatestTimestampsInTwoCalls_WhenThreePiecesOfRawDataAddedAndLastHasBoundaryTimeGap" />
    </UnitTest>
    <UnitTest name="RemovePartialMatch_ShouldCreateBufferWithOneCharacter_WhenPartialMatchIsOneCharacter" storage="d:\actions-runner\_work\xpco\xpco\transact\transact\videoos.transact.server.tests\bin\debug\videoos.transact.server.tests.dll" id="228a2088-d4ae-d605-240f-ddf50040e1c9">
      <Execution id="264fff96-b336-4ce1-a534-1dda623410ae" />
      <TestMethod codeBase="D:\actions-runner\_work\XPCO\XPCO\Transact\Transact\VideoOS.Transact.Server.Tests\bin\Debug\VideoOS.Transact.Server.Tests.dll" adapterTypeName="executor://mstestadapter/v1" className="VideoOS.Transact.Server.Tests.Sources.StringBuilderExtensionsTest" name="RemovePartialMatch_ShouldCreateBufferWithOneCharacter_WhenPartialMatchIsOneCharacter" />
    </UnitTest>
    <UnitTest name="Transform_ShouldNeverBufferMoreCharactersThanPatternLengthAndReturnLatestTimestamp_WhenLineIsNotTerminated" storage="d:\actions-runner\_work\xpco\xpco\transact\transact\videoos.transact.server.tests\bin\debug\videoos.transact.server.tests.dll" id="c74e642b-dcf1-c985-bb9f-0ba50c299c24">
      <Execution id="832f3ba6-f237-4fd0-a81a-48fb26d4906a" />
      <TestMethod codeBase="D:\actions-runner\_work\XPCO\XPCO\Transact\Transact\VideoOS.Transact.Server.Tests\bin\Debug\VideoOS.Transact.Server.Tests.dll" adapterTypeName="executor://mstestadapter/v1" className="VideoOS.Transact.Server.Tests.Sources.ReplaceTransformerTests" name="Transform_ShouldNeverBufferMoreCharactersThanPatternLengthAndReturnLatestTimestamp_WhenLineIsNotTerminated" />
    </UnitTest>
    <UnitTest name="RemovePartialMatch_ShouldCreateBufferWithTwoCharacters_WhenPartialMatchIsTwoCharacters" storage="d:\actions-runner\_work\xpco\xpco\transact\transact\videoos.transact.server.tests\bin\debug\videoos.transact.server.tests.dll" id="c11acfa3-2997-0877-812a-f1a3f7dedeb9">
      <Execution id="13bd6210-e7c4-46ea-9226-cc731648a95a" />
      <TestMethod codeBase="D:\actions-runner\_work\XPCO\XPCO\Transact\Transact\VideoOS.Transact.Server.Tests\bin\Debug\VideoOS.Transact.Server.Tests.dll" adapterTypeName="executor://mstestadapter/v1" className="VideoOS.Transact.Server.Tests.Sources.StringBuilderExtensionsTest" name="RemovePartialMatch_ShouldCreateBufferWithTwoCharacters_WhenPartialMatchIsTwoCharacters" />
    </UnitTest>
    <UnitTest name="Transform_ShouldReplaceOverManyFragmentsCharacterAndReturnLatestTimestamp_WhenLineIsNotTerminated" storage="d:\actions-runner\_work\xpco\xpco\transact\transact\videoos.transact.server.tests\bin\debug\videoos.transact.server.tests.dll" id="2f0c2e7f-642b-1626-96fb-b0c1224bd4d6">
      <Execution id="ebfc8afd-71e7-47b4-bb2e-963f4e63da2f" />
      <TestMethod codeBase="D:\actions-runner\_work\XPCO\XPCO\Transact\Transact\VideoOS.Transact.Server.Tests\bin\Debug\VideoOS.Transact.Server.Tests.dll" adapterTypeName="executor://mstestadapter/v1" className="VideoOS.Transact.Server.Tests.Sources.ReplaceTransformerTests" name="Transform_ShouldReplaceOverManyFragmentsCharacterAndReturnLatestTimestamp_WhenLineIsNotTerminated" />
    </UnitTest>
    <UnitTest name="Transform_ShouldReplaceAcrossFragmentsAndReturnLatestTimestamp_WhenThereAreMatchesAcrossFregments" storage="d:\actions-runner\_work\xpco\xpco\transact\transact\videoos.transact.server.tests\bin\debug\videoos.transact.server.tests.dll" id="6ff82bed-2128-d7c7-097e-b3211c20990e">
      <Execution id="c0177815-0577-44ec-a4d3-6cfd49ac3be4" />
      <TestMethod codeBase="D:\actions-runner\_work\XPCO\XPCO\Transact\Transact\VideoOS.Transact.Server.Tests\bin\Debug\VideoOS.Transact.Server.Tests.dll" adapterTypeName="executor://mstestadapter/v1" className="VideoOS.Transact.Server.Tests.Sources.ReplaceTransformerTests" name="Transform_ShouldReplaceAcrossFragmentsAndReturnLatestTimestamp_WhenThereAreMatchesAcrossFregments" />
    </UnitTest>
    <UnitTest name="TakeAvailableAsText_ShouldReturnEarly_WhenCancelletionIsRequested" storage="d:\actions-runner\_work\xpco\xpco\transact\transact\videoos.transact.server.tests\bin\debug\videoos.transact.server.tests.dll" id="58d9e156-141d-14ae-f2dc-f99b28248716">
      <Execution id="ace03bbf-e6d8-4c20-be04-2b815513721b" />
      <TestMethod codeBase="D:\actions-runner\_work\XPCO\XPCO\Transact\Transact\VideoOS.Transact.Server.Tests\bin\Debug\VideoOS.Transact.Server.Tests.dll" adapterTypeName="executor://mstestadapter/v1" className="VideoOS.Transact.Server.Tests.Sources.RawDataBufferTest" name="TakeAvailableAsText_ShouldReturnEarly_WhenCancelletionIsRequested" />
    </UnitTest>
    <UnitTest name="WriteData_ShouldThrowArgumentException_IfTimestampsAreDecreasing" storage="d:\actions-runner\_work\xpco\xpco\transact\transact\videoos.transact.server.tests\bin\debug\videoos.transact.server.tests.dll" id="8254a2bb-7951-b00c-5017-d70b5a07517a">
      <Execution id="2622b67d-a5c7-41b6-9c37-89158082e6d5" />
      <TestMethod codeBase="D:\actions-runner\_work\XPCO\XPCO\Transact\Transact\VideoOS.Transact.Server.Tests\bin\Debug\VideoOS.Transact.Server.Tests.dll" adapterTypeName="executor://mstestadapter/v1" className="VideoOS.Transact.Server.Tests.Sources.TransactionSourceTests" name="WriteData_ShouldThrowArgumentException_IfTimestampsAreDecreasing" />
    </UnitTest>
    <UnitTest name="Transform_ShouldOutputEmptyFragment_WhenFragementHasNoCharactersButLineTerminator" storage="d:\actions-runner\_work\xpco\xpco\transact\transact\videoos.transact.server.tests\bin\debug\videoos.transact.server.tests.dll" id="0593a5af-3ee1-1a46-0846-71d1bf830ba0">
      <Execution id="056cab12-edb4-4305-b33c-0fbc7ad76349" />
      <TestMethod codeBase="D:\actions-runner\_work\XPCO\XPCO\Transact\Transact\VideoOS.Transact.Server.Tests\bin\Debug\VideoOS.Transact.Server.Tests.dll" adapterTypeName="executor://mstestadapter/v1" className="VideoOS.Transact.Server.Tests.Sources.LineTerminatorTransformerTests" name="Transform_ShouldOutputEmptyFragment_WhenFragementHasNoCharactersButLineTerminator" />
    </UnitTest>
    <UnitTest name="Constructor_ShouldThrowArgumentNullException_WhenOldValueIsNull" storage="d:\actions-runner\_work\xpco\xpco\transact\transact\videoos.transact.server.tests\bin\debug\videoos.transact.server.tests.dll" id="cc228297-5a70-935b-0d39-ea49f784d436">
      <Execution id="762374a3-4c1e-4f99-b857-e13d5d749c33" />
      <TestMethod codeBase="D:\actions-runner\_work\XPCO\XPCO\Transact\Transact\VideoOS.Transact.Server.Tests\bin\Debug\VideoOS.Transact.Server.Tests.dll" adapterTypeName="executor://mstestadapter/v1" className="VideoOS.Transact.Server.Tests.Sources.ReplaceTransformerTests" name="Constructor_ShouldThrowArgumentNullException_WhenOldValueIsNull" />
    </UnitTest>
    <UnitTest name="StartInterception_ShouldReturnTrue_WhenDataIsNotBeingIntercepted" storage="d:\actions-runner\_work\xpco\xpco\transact\transact\videoos.transact.server.tests\bin\debug\videoos.transact.server.tests.dll" id="c4aaeb45-fc9b-f429-2242-9447175aae74">
      <Execution id="fc4ea939-2806-4a11-a357-23f04ba0845f" />
      <TestMethod codeBase="D:\actions-runner\_work\XPCO\XPCO\Transact\Transact\VideoOS.Transact.Server.Tests\bin\Debug\VideoOS.Transact.Server.Tests.dll" adapterTypeName="executor://mstestadapter/v1" className="VideoOS.Transact.Server.Tests.Sources.TransactionSourceTests" name="StartInterception_ShouldReturnTrue_WhenDataIsNotBeingIntercepted" />
    </UnitTest>
    <UnitTest name="GetInterceptedData_ShouldReturnNull_WhenDataIsNotBeingIntercepted" storage="d:\actions-runner\_work\xpco\xpco\transact\transact\videoos.transact.server.tests\bin\debug\videoos.transact.server.tests.dll" id="5b09f83f-ec01-494a-3516-52b14d97ee80">
      <Execution id="567a5cc5-22ba-4471-801e-5569705c0b0b" />
      <TestMethod codeBase="D:\actions-runner\_work\XPCO\XPCO\Transact\Transact\VideoOS.Transact.Server.Tests\bin\Debug\VideoOS.Transact.Server.Tests.dll" adapterTypeName="executor://mstestadapter/v1" className="VideoOS.Transact.Server.Tests.Sources.TransactionSourceTests" name="GetInterceptedData_ShouldReturnNull_WhenDataIsNotBeingIntercepted" />
    </UnitTest>
    <UnitTest name="SessionGetLines_ShouldReturnEmpty_WhenTimedout" storage="d:\actions-runner\_work\xpco\xpco\transact\transact\videoos.transact.server.tests\bin\debug\videoos.transact.server.tests.dll" id="9c9ba8ae-f395-fa0d-c168-ae26e7d3daf5">
      <Execution id="627881ee-15f4-49fa-976a-3e9934d59025" />
      <TestMethod codeBase="D:\actions-runner\_work\XPCO\XPCO\Transact\Transact\VideoOS.Transact.Server.Tests\bin\Debug\VideoOS.Transact.Server.Tests.dll" adapterTypeName="executor://mstestadapter/v1" className="VideoOS.Transact.Server.Tests.Session.LiveSessionHandlerTests" name="SessionGetLines_ShouldReturnEmpty_WhenTimedout" />
    </UnitTest>
    <UnitTest name="TakeAvailableAsText_ShouldReturnDataWithDifferentTimestampsInTwoCalls_WhenTwoPiecesOfRawDataAddedWithGreaterTimeGap" storage="d:\actions-runner\_work\xpco\xpco\transact\transact\videoos.transact.server.tests\bin\debug\videoos.transact.server.tests.dll" id="bfb58406-1059-2587-a22a-e82069a12c40">
      <Execution id="668e0d35-befa-4649-8a7b-3ac1dbf392e5" />
      <TestMethod codeBase="D:\actions-runner\_work\XPCO\XPCO\Transact\Transact\VideoOS.Transact.Server.Tests\bin\Debug\VideoOS.Transact.Server.Tests.dll" adapterTypeName="executor://mstestadapter/v1" className="VideoOS.Transact.Server.Tests.Sources.RawDataBufferTest" name="TakeAvailableAsText_ShouldReturnDataWithDifferentTimestampsInTwoCalls_WhenTwoPiecesOfRawDataAddedWithGreaterTimeGap" />
    </UnitTest>
    <UnitTest name="Transform_ShouldStartAndStopTransactionAndWriteALine_WhenLineContainsBothStartAndStopAndTransactionNotStarted" storage="d:\actions-runner\_work\xpco\xpco\transact\transact\videoos.transact.server.tests\bin\debug\videoos.transact.server.tests.dll" id="ecb60056-9a44-222b-a041-c08bb110af82">
      <Execution id="275eecf0-6226-48ab-ad66-a520e04d509a" />
      <TestMethod codeBase="D:\actions-runner\_work\XPCO\XPCO\Transact\Transact\VideoOS.Transact.Server.Tests\bin\Debug\VideoOS.Transact.Server.Tests.dll" adapterTypeName="executor://mstestadapter/v1" className="VideoOS.Transact.Server.Tests.Sources.PersistenceTransformerTests" name="Transform_ShouldStartAndStopTransactionAndWriteALine_WhenLineContainsBothStartAndStopAndTransactionNotStarted" />
    </UnitTest>
    <UnitTest name="SessionGetLines_ShouldReturnEmpty_WhenClosed" storage="d:\actions-runner\_work\xpco\xpco\transact\transact\videoos.transact.server.tests\bin\debug\videoos.transact.server.tests.dll" id="33e20544-301f-3339-5942-67c00f908220">
      <Execution id="b89da626-8f08-4faf-b7d9-f2e6b686d5af" />
      <TestMethod codeBase="D:\actions-runner\_work\XPCO\XPCO\Transact\Transact\VideoOS.Transact.Server.Tests\bin\Debug\VideoOS.Transact.Server.Tests.dll" adapterTypeName="executor://mstestadapter/v1" className="VideoOS.Transact.Server.Tests.Session.LiveSessionHandlerTests" name="SessionGetLines_ShouldReturnEmpty_WhenClosed" />
    </UnitTest>
    <UnitTest name="Transform_ShouldNotCallNextProcessingStep_WhenInputIsConsumedCompletely" storage="d:\actions-runner\_work\xpco\xpco\transact\transact\videoos.transact.server.tests\bin\debug\videoos.transact.server.tests.dll" id="3a647f49-e084-0825-4c53-69bd1aba4a10">
      <Execution id="ea8d9f07-472e-49b7-b813-3bebcfbde22d" />
      <TestMethod codeBase="D:\actions-runner\_work\XPCO\XPCO\Transact\Transact\VideoOS.Transact.Server.Tests\bin\Debug\VideoOS.Transact.Server.Tests.dll" adapterTypeName="executor://mstestadapter/v1" className="VideoOS.Transact.Server.Tests.Sources.ReplaceTransformerTests" name="Transform_ShouldNotCallNextProcessingStep_WhenInputIsConsumedCompletely" />
    </UnitTest>
    <UnitTest name="WriteData_ShouldAcceptData_IfTimestampIsLaterThanAcceptedByStorage" storage="d:\actions-runner\_work\xpco\xpco\transact\transact\videoos.transact.server.tests\bin\debug\videoos.transact.server.tests.dll" id="51502d20-0c1f-d343-0f9a-7489de333b1b">
      <Execution id="d3af6429-7b9f-457e-908e-ef38fdb4acf7" />
      <TestMethod codeBase="D:\actions-runner\_work\XPCO\XPCO\Transact\Transact\VideoOS.Transact.Server.Tests\bin\Debug\VideoOS.Transact.Server.Tests.dll" adapterTypeName="executor://mstestadapter/v1" className="VideoOS.Transact.Server.Tests.Sources.TransactionSourceTests" name="WriteData_ShouldAcceptData_IfTimestampIsLaterThanAcceptedByStorage" />
    </UnitTest>
  </TestDefinitions>
  <TestEntries>
    <TestEntry testId="0593a5af-3ee1-1a46-0846-71d1bf830ba0" executionId="056cab12-edb4-4305-b33c-0fbc7ad76349" testListId="8c84fa94-04c1-424b-9868-57a2d4851a1d" />
    <TestEntry testId="2cbbbdf9-605c-3e8d-5f56-ca62e8614ca0" executionId="72913597-ed5d-4d2b-ae7e-8299368f4847" testListId="8c84fa94-04c1-424b-9868-57a2d4851a1d" />
    <TestEntry testId="81494542-cc3d-c83c-5741-9e075c8858f7" executionId="d2c8e3b7-785a-498f-8c48-d437de893f2b" testListId="8c84fa94-04c1-424b-9868-57a2d4851a1d" />
    <TestEntry testId="b080b689-0485-3441-2d53-ec8da2c5f783" executionId="0e8e1b27-8398-4854-b270-d92b61e9feb1" testListId="8c84fa94-04c1-424b-9868-57a2d4851a1d" />
    <TestEntry testId="e50c205b-16f9-aa91-d6bf-665d8a5e846b" executionId="6e468f4e-a485-49b1-8235-244fcba1fdb5" testListId="8c84fa94-04c1-424b-9868-57a2d4851a1d" />
    <TestEntry testId="4f34f848-a2f3-61fb-e85b-a5427940e2ef" executionId="f27ba52d-8fa4-4492-a64b-65de73235f33" testListId="8c84fa94-04c1-424b-9868-57a2d4851a1d" />
    <TestEntry testId="eb2c50c7-1b7a-4904-79a5-09a5fd0ec1ba" executionId="f01635ac-3563-4991-96f9-5da78e27bc95" testListId="8c84fa94-04c1-424b-9868-57a2d4851a1d" />
    <TestEntry testId="49c7df0f-7fe3-aa2c-7f86-9690e56df752" executionId="8c008f8b-517b-4917-b0a9-4d96e9e9e8a4" testListId="8c84fa94-04c1-424b-9868-57a2d4851a1d" />
    <TestEntry testId="bfb58406-1059-2587-a22a-e82069a12c40" executionId="668e0d35-befa-4649-8a7b-3ac1dbf392e5" testListId="8c84fa94-04c1-424b-9868-57a2d4851a1d" />
    <TestEntry testId="4e00747b-a45d-f7a9-a796-8a9227c23416" executionId="c8a0fa83-f5a3-4e19-b61d-9a2c7c50a877" testListId="8c84fa94-04c1-424b-9868-57a2d4851a1d" />
    <TestEntry testId="90359306-825c-3372-0280-3a7580c3f407" executionId="02a37a32-f209-4f32-8572-d62fa993aeff" testListId="8c84fa94-04c1-424b-9868-57a2d4851a1d" />
    <TestEntry testId="14a84fce-dbcc-cfe9-d2c2-26774cfe944f" executionId="150dbba1-941c-4187-9dfb-e57a143e257d" testListId="8c84fa94-04c1-424b-9868-57a2d4851a1d" />
    <TestEntry testId="642e8293-c97a-16ba-76c0-ecc345738412" executionId="706e7a80-8c44-4920-a643-979dbcc71e23" testListId="8c84fa94-04c1-424b-9868-57a2d4851a1d" />
    <TestEntry testId="72e7ef80-de32-4641-85c5-2228d7c93066" executionId="1ed75866-c527-41c0-9f83-e4c0425a5be3" testListId="8c84fa94-04c1-424b-9868-57a2d4851a1d" />
    <TestEntry testId="f8683395-40ab-cede-a6f4-5fcc49fea731" executionId="655f4060-0f92-49f9-9c62-393966f5bae2" testListId="8c84fa94-04c1-424b-9868-57a2d4851a1d" />
    <TestEntry testId="9b3ebac1-5acc-a7c9-3f5b-72b7c91041d0" executionId="9d4ba795-e737-4671-896d-fee198f0e547" testListId="8c84fa94-04c1-424b-9868-57a2d4851a1d" />
    <TestEntry testId="d8628026-b8f5-fe11-e190-294ed2a1ff6b" executionId="4abf5ed7-0f90-407f-a742-63e3d9f7678b" testListId="8c84fa94-04c1-424b-9868-57a2d4851a1d" />
    <TestEntry testId="22d0fe75-e370-1cbe-c036-77c4eafc190d" executionId="d0549268-e811-4fbb-88cd-9c04739de114" testListId="8c84fa94-04c1-424b-9868-57a2d4851a1d" />
    <TestEntry testId="c11acfa3-2997-0877-812a-f1a3f7dedeb9" executionId="13bd6210-e7c4-46ea-9226-cc731648a95a" testListId="8c84fa94-04c1-424b-9868-57a2d4851a1d" />
    <TestEntry testId="5294ebc6-444c-0263-1f7f-b27bdfbf6356" executionId="fcb31f5c-08d9-49a2-bce8-36e8025b675d" testListId="8c84fa94-04c1-424b-9868-57a2d4851a1d" />
    <TestEntry testId="5b09f83f-ec01-494a-3516-52b14d97ee80" executionId="567a5cc5-22ba-4471-801e-5569705c0b0b" testListId="8c84fa94-04c1-424b-9868-57a2d4851a1d" />
    <TestEntry testId="cc228297-5a70-935b-0d39-ea49f784d436" executionId="762374a3-4c1e-4f99-b857-e13d5d749c33" testListId="8c84fa94-04c1-424b-9868-57a2d4851a1d" />
    <TestEntry testId="9c9ba8ae-f395-fa0d-c168-ae26e7d3daf5" executionId="627881ee-15f4-49fa-976a-3e9934d59025" testListId="8c84fa94-04c1-424b-9868-57a2d4851a1d" />
    <TestEntry testId="c4aaeb45-fc9b-f429-2242-9447175aae74" executionId="fc4ea939-2806-4a11-a357-23f04ba0845f" testListId="8c84fa94-04c1-424b-9868-57a2d4851a1d" />
    <TestEntry testId="3a647f49-e084-0825-4c53-69bd1aba4a10" executionId="ea8d9f07-472e-49b7-b813-3bebcfbde22d" testListId="8c84fa94-04c1-424b-9868-57a2d4851a1d" />
    <TestEntry testId="c86a834e-1e30-bcb3-b2cb-0e826291319a" executionId="691cb280-2ace-462e-a674-2be8e43af338" testListId="8c84fa94-04c1-424b-9868-57a2d4851a1d" />
    <TestEntry testId="f22349db-c383-c558-964c-614d0e948c2d" executionId="2f78b6df-8a29-40f0-946d-a0bf84048e1c" testListId="8c84fa94-04c1-424b-9868-57a2d4851a1d" />
    <TestEntry testId="b53914e0-aa94-3ea8-0ec8-6c4fb08dd151" executionId="4c393923-9f09-4cf7-b8e4-07260a171ffa" testListId="8c84fa94-04c1-424b-9868-57a2d4851a1d" />
    <TestEntry testId="3238b50e-2d35-7cb8-024f-404c01dd1a08" executionId="f028466f-6237-4e9b-a5e5-d6244e3a3ce4" testListId="8c84fa94-04c1-424b-9868-57a2d4851a1d" />
    <TestEntry testId="58de8b22-529c-8a15-139e-365841d1d26a" executionId="faac45ee-c804-4ca5-843a-ee395b8eb23d" testListId="8c84fa94-04c1-424b-9868-57a2d4851a1d" />
    <TestEntry testId="228a2088-d4ae-d605-240f-ddf50040e1c9" executionId="264fff96-b336-4ce1-a534-1dda623410ae" testListId="8c84fa94-04c1-424b-9868-57a2d4851a1d" />
    <TestEntry testId="ca387e96-f9eb-ec6e-d49c-e5de5957bb87" executionId="12959413-0e8b-44fd-a899-2a43d4415135" testListId="8c84fa94-04c1-424b-9868-57a2d4851a1d" />
    <TestEntry testId="94bc7455-6884-b5fb-63b2-bd769fbf6de7" executionId="e1bf8a39-072e-45f8-8ad2-c082f5d3cf03" testListId="8c84fa94-04c1-424b-9868-57a2d4851a1d" />
    <TestEntry testId="66f3332a-8e3d-5a9c-36f4-ed67b244e165" executionId="056057fd-b4cc-4110-91cb-76e9049569e1" testListId="8c84fa94-04c1-424b-9868-57a2d4851a1d" />
    <TestEntry testId="b74af8d5-6c83-c445-ed47-52d8f8fdd866" executionId="e108dda6-eec8-47f0-b29d-91cdda9e762b" testListId="8c84fa94-04c1-424b-9868-57a2d4851a1d" />
    <TestEntry testId="5b78de17-fb0a-c559-53bb-3d4e58a8b4b7" executionId="1eab8e8e-22a9-4159-a7f5-67a534c09ebb" testListId="8c84fa94-04c1-424b-9868-57a2d4851a1d" />
    <TestEntry testId="05fc66a3-5dd1-1e56-b519-dbe598b38d33" executionId="3dbb825b-1f94-463e-a561-e27e161ae759" testListId="8c84fa94-04c1-424b-9868-57a2d4851a1d" />
    <TestEntry testId="80fdd500-5454-4e27-d3cb-c70bffe8582f" executionId="1659ba42-3dc5-4b54-91d4-027670749c30" testListId="8c84fa94-04c1-424b-9868-57a2d4851a1d" />
    <TestEntry testId="10815712-4e5a-582f-d075-bcf1d237d83f" executionId="a2e40a44-849f-44a1-98b7-3255904bdea0" testListId="8c84fa94-04c1-424b-9868-57a2d4851a1d" />
    <TestEntry testId="9969c3f1-076b-56ef-55a9-286f899020a7" executionId="cfe35425-0e18-452c-b112-dab02f615bf0" testListId="8c84fa94-04c1-424b-9868-57a2d4851a1d" />
    <TestEntry testId="b64a0550-9df5-dac1-52db-ef437e524048" executionId="2217c30f-0ab4-47d3-8f81-96f976373823" testListId="8c84fa94-04c1-424b-9868-57a2d4851a1d" />
    <TestEntry testId="b3a30128-50bf-9454-7123-47261e587fa1" executionId="8d74b81a-f3eb-49e4-893d-31c57ec6f300" testListId="8c84fa94-04c1-424b-9868-57a2d4851a1d" />
    <TestEntry testId="d4a4352c-822b-1bd5-0602-4c17c3dae18f" executionId="50206b95-a2b1-46c4-87ce-c3ad5049e936" testListId="8c84fa94-04c1-424b-9868-57a2d4851a1d" />
    <TestEntry testId="daea5307-2563-1b65-9a3e-fbcb4676eecf" executionId="ee8ba312-5b36-44db-a5cf-9fbe9cdd56a4" testListId="8c84fa94-04c1-424b-9868-57a2d4851a1d" />
    <TestEntry testId="58d9e156-141d-14ae-f2dc-f99b28248716" executionId="ace03bbf-e6d8-4c20-be04-2b815513721b" testListId="8c84fa94-04c1-424b-9868-57a2d4851a1d" />
    <TestEntry testId="2f0c2e7f-642b-1626-96fb-b0c1224bd4d6" executionId="ebfc8afd-71e7-47b4-bb2e-963f4e63da2f" testListId="8c84fa94-04c1-424b-9868-57a2d4851a1d" />
    <TestEntry testId="d87b8793-d339-c127-bb00-5d0dd4dd2dab" executionId="f8ada38e-8baa-42c1-ad78-37c8c89b444f" testListId="8c84fa94-04c1-424b-9868-57a2d4851a1d" />
    <TestEntry testId="8254a2bb-7951-b00c-5017-d70b5a07517a" executionId="2622b67d-a5c7-41b6-9c37-89158082e6d5" testListId="8c84fa94-04c1-424b-9868-57a2d4851a1d" />
    <TestEntry testId="6ff82bed-2128-d7c7-097e-b3211c20990e" executionId="c0177815-0577-44ec-a4d3-6cfd49ac3be4" testListId="8c84fa94-04c1-424b-9868-57a2d4851a1d" />
    <TestEntry testId="43c74d81-9ac5-3f35-b163-da57a752dbe0" executionId="8d1a60d3-9baa-400a-9598-a11ff8c5e21e" testListId="8c84fa94-04c1-424b-9868-57a2d4851a1d" />
    <TestEntry testId="cf13da9b-93ab-b877-a93e-f00f897aa33c" executionId="e7d91273-45ab-4bd8-8c99-6287b16c731e" testListId="8c84fa94-04c1-424b-9868-57a2d4851a1d" />
    <TestEntry testId="32b729fb-68af-fc79-31e7-a2a850967292" executionId="3ac10f30-25bd-4a01-b9a6-e9e8fb793b9e" testListId="8c84fa94-04c1-424b-9868-57a2d4851a1d" />
    <TestEntry testId="d5fda41e-5e9e-b07d-1a31-ba273872aa62" executionId="db286d79-df40-4935-b43c-0d7967513c9e" testListId="8c84fa94-04c1-424b-9868-57a2d4851a1d" />
    <TestEntry testId="ea5f45ed-e04e-b1a5-8ecd-26984f1beb91" executionId="e34d716d-4be2-4c33-8207-d81f1f3ab61b" testListId="8c84fa94-04c1-424b-9868-57a2d4851a1d" />
    <TestEntry testId="ecb60056-9a44-222b-a041-c08bb110af82" executionId="275eecf0-6226-48ab-ad66-a520e04d509a" testListId="8c84fa94-04c1-424b-9868-57a2d4851a1d" />
    <TestEntry testId="51502d20-0c1f-d343-0f9a-7489de333b1b" executionId="d3af6429-7b9f-457e-908e-ef38fdb4acf7" testListId="8c84fa94-04c1-424b-9868-57a2d4851a1d" />
    <TestEntry testId="c18df7c7-ab40-9ee9-e9f4-c4f1f4418945" executionId="f8e5e46f-6d8e-43ed-b5ee-2e080465472b" testListId="8c84fa94-04c1-424b-9868-57a2d4851a1d" />
    <TestEntry testId="85930f32-0fe9-146d-487a-ff5e1166cffe" executionId="8061e122-6ff5-469f-82e5-482605dda878" testListId="8c84fa94-04c1-424b-9868-57a2d4851a1d" />
    <TestEntry testId="60db660f-dedb-00de-92d9-4659c1a48868" executionId="29d114f1-7f14-4912-9f35-6ac2bc1474d6" testListId="8c84fa94-04c1-424b-9868-57a2d4851a1d" />
    <TestEntry testId="33e20544-301f-3339-5942-67c00f908220" executionId="b89da626-8f08-4faf-b7d9-f2e6b686d5af" testListId="8c84fa94-04c1-424b-9868-57a2d4851a1d" />
    <TestEntry testId="e7c24e53-29a7-e6fd-1e0f-8740f39dbe0e" executionId="ec721cba-7214-420a-8515-8bd6f593e101" testListId="8c84fa94-04c1-424b-9868-57a2d4851a1d" />
    <TestEntry testId="c74e642b-dcf1-c985-bb9f-0ba50c299c24" executionId="832f3ba6-f237-4fd0-a81a-48fb26d4906a" testListId="8c84fa94-04c1-424b-9868-57a2d4851a1d" />
    <TestEntry testId="db6ed369-4c0f-6f53-363c-132771c04dc7" executionId="0060bef0-c6d5-4621-ac1c-20fe8dea146b" testListId="8c84fa94-04c1-424b-9868-57a2d4851a1d" />
    <TestEntry testId="909d1fe9-6d09-e0a3-b86e-993c3fb74825" executionId="2ea475b2-c826-4ad1-9585-6d4858ccbfe0" testListId="8c84fa94-04c1-424b-9868-57a2d4851a1d" />
    <TestEntry testId="b8aa26cd-89aa-0fd5-80b7-5cd9160d2c45" executionId="000121a6-4650-45b6-880d-b5c668253c73" testListId="8c84fa94-04c1-424b-9868-57a2d4851a1d" />
    <TestEntry testId="dacc9d25-f6fb-c880-00e9-f3eb43dc75d8" executionId="ecc0ce10-e71f-447c-9d52-f3d3408cb130" testListId="8c84fa94-04c1-424b-9868-57a2d4851a1d" />
    <TestEntry testId="054a6585-6c57-7f00-4c7a-27f0a2f41908" executionId="7901be99-5cf2-4f6e-ad32-e4924559ec7f" testListId="8c84fa94-04c1-424b-9868-57a2d4851a1d" />
    <TestEntry testId="d945746d-16e5-bedd-636f-70d4b425a50c" executionId="e9b311e7-416f-438b-ab7b-4d5c5f34ddd9" testListId="8c84fa94-04c1-424b-9868-57a2d4851a1d" />
    <TestEntry testId="f7d5bcd1-2aa5-4eb0-2144-8e600f57c50e" executionId="673b8ec4-1e8f-4380-96fb-8d68212c6b68" testListId="8c84fa94-04c1-424b-9868-57a2d4851a1d" />
    <TestEntry testId="2f97f6d8-f13c-8c3a-27d7-74e857f27964" executionId="15177971-be4f-46b0-8e59-e27f9c4ce487" testListId="8c84fa94-04c1-424b-9868-57a2d4851a1d" />
    <TestEntry testId="24881670-f284-e5a0-aa9b-2f66592fa681" executionId="33cf9b39-736f-46a0-a4a0-25db3a20734f" testListId="8c84fa94-04c1-424b-9868-57a2d4851a1d" />
  </TestEntries>
  <TestLists>
    <TestList name="Results Not in a List" id="8c84fa94-04c1-424b-9868-57a2d4851a1d" />
    <TestList name="All Loaded Results" id="19431567-8539-422a-85d7-44ee4e166bda" />
  </TestLists>
  <ResultSummary outcome="Completed">
    <Counters total="71" executed="71" passed="71" failed="0" error="0" timeout="0" aborted="0" inconclusive="0" passedButRunAborted="0" notRunnable="0" notExecuted="0" disconnected="0" warning="0" completed="0" inProgress="0" pending="0" />
  </ResultSummary>
</TestRun>