<?xml version="1.0" encoding="utf-8"?>
<TestRun id="4815fcab-55d6-48c9-a131-b0b4c40175a3" name="DKSR-EFI-06$@DKSR-EFI-06 2024-01-09 15:42:20" runUser="NT AUTHORITY\NETWORK SERVICE" xmlns="http://microsoft.com/schemas/VisualStudio/TeamTest/2010">
  <Times creation="2024-01-09T15:42:20.3570883+01:00" queuing="2024-01-09T15:42:20.3570883+01:00" start="2024-01-09T15:42:17.6070840+01:00" finish="2024-01-09T15:42:20.4039615+01:00" />
  <TestSettings name="default" id="b204f8b0-31af-466f-9bcd-5fc4ba6d391c">
    <Deployment runDeploymentRoot="DKSR-EFI-06$_DKSR-EFI-06_2024-01-09_15_42_20" />
  </TestSettings>
  <Results>
    <UnitTestResult executionId="ed4ce54e-f16c-47e0-8897-7d19656aeb66" testId="4701a7ae-c97e-2c06-b10b-ed5a2147049b" testName="TestForAssemblyCoverage" computerName="DKSR-EFI-06" duration="00:00:00.0716543" startTime="2024-01-09T15:42:19.5445885+01:00" endTime="2024-01-09T15:42:19.8258373+01:00" testType="13cdc9d9-ddb5-4fa4-a97d-d965ccfc6d4b" outcome="Passed" testListId="8c84fa94-04c1-424b-9868-57a2d4851a1d" relativeResultsDirectory="ed4ce54e-f16c-47e0-8897-7d19656aeb66" />
  </Results>
  <TestDefinitions>
    <UnitTest name="TestForAssemblyCoverage" storage="d:\actions-runner\_work\xpco\xpco\corporate\videoos.server.commandapi.webservice.unittests\bin\x64\debug\videoos.server.commandapi.webservice.unittests.dll" id="4701a7ae-c97e-2c06-b10b-ed5a2147049b">
      <Execution id="ed4ce54e-f16c-47e0-8897-7d19656aeb66" />
      <TestMethod codeBase="D:\actions-runner\_work\XPCO\XPCO\Corporate\VideoOS.Server.CommandAPI.WebService.UnitTests\bin\x64\Debug\VideoOS.Server.CommandAPI.WebService.UnitTests.dll" adapterTypeName="executor://mstestadapter/v2" className="VideoOS.Server.CommandAPI.WebService.UnitTests.UnitTest1" name="TestForAssemblyCoverage" />
    </UnitTest>
  </TestDefinitions>
  <TestEntries>
    <TestEntry testId="4701a7ae-c97e-2c06-b10b-ed5a2147049b" executionId="ed4ce54e-f16c-47e0-8897-7d19656aeb66" testListId="8c84fa94-04c1-424b-9868-57a2d4851a1d" />
  </TestEntries>
  <TestLists>
    <TestList name="Results Not in a List" id="8c84fa94-04c1-424b-9868-57a2d4851a1d" />
    <TestList name="All Loaded Results" id="19431567-8539-422a-85d7-44ee4e166bda" />
  </TestLists>
  <ResultSummary outcome="Completed">
    <Counters total="1" executed="1" passed="1" failed="0" error="0" timeout="0" aborted="0" inconclusive="0" passedButRunAborted="0" notRunnable="0" notExecuted="0" disconnected="0" warning="0" completed="0" inProgress="0" pending="0" />
  </ResultSummary>
</TestRun>