<?xml version="1.0" encoding="utf-8"?>
<TestRun id="f4e6a40b-b80a-4708-bd5c-6dc34b41eaa5" name="DKSR-EFI-06$@DKSR-EFI-06 2024-01-09 15:43:41" runUser="NT AUTHORITY\NETWORK SERVICE" xmlns="http://microsoft.com/schemas/VisualStudio/TeamTest/2010">
  <Times creation="2024-01-09T15:43:41.7010394+01:00" queuing="2024-01-09T15:43:41.7010394+01:00" start="2024-01-09T15:43:32.9822524+01:00" finish="2024-01-09T15:43:41.7635356+01:00" />
  <TestSettings name="default" id="633f3493-c0bd-4530-8c5c-e6b9c41285e1">
    <Deployment runDeploymentRoot="DKSR-EFI-06$_DKSR-EFI-06_2024-01-09_15_43_41" />
  </TestSettings>
  <Results>
    <UnitTestResult executionId="37226aea-bc1f-48a9-ac6c-c3e5388e86cb" testId="b238c48e-4c74-a598-16e8-6db875b5a8fb" testName="CheckPrerequisites_ShouldNotFail_WhenPrerequisitesIsNull" computerName="DKSR-EFI-06" duration="00:00:00.1588044" startTime="2024-01-09T15:43:40.3260331+01:00" endTime="2024-01-09T15:43:40.9041594+01:00" testType="13cdc9d9-ddb5-4fa4-a97d-d965ccfc6d4b" outcome="Passed" testListId="8c84fa94-04c1-424b-9868-57a2d4851a1d" relativeResultsDirectory="37226aea-bc1f-48a9-ac6c-c3e5388e86cb" />
    <UnitTestResult executionId="3cf14a9c-9b29-4b93-a8d3-688fc08d1da3" testId="18abe6a7-ff85-1db7-8e41-329487c1219a" testName="CheckInstallerPrerequisites_ShouldFail_WhenProductCodeIsDisallowed (Microsoft.Windows.Installer.4.5)" computerName="DKSR-EFI-06" duration="00:00:00.0233636" startTime="2024-01-09T15:43:41.3416603+01:00" endTime="2024-01-09T15:43:41.3729575+01:00" testType="13cdc9d9-ddb5-4fa4-a97d-d965ccfc6d4b" outcome="Passed" testListId="8c84fa94-04c1-424b-9868-57a2d4851a1d" relativeResultsDirectory="3cf14a9c-9b29-4b93-a8d3-688fc08d1da3">
      <Output>
        <StdOut>Debug Trace:&#xD;
Installer Prerequisites 'Microsoft.Windows.Installer.4.5' is not allowed. Global .NET and Windows Installer prerequisites are enforced by the installer framework!</StdOut>
      </Output>
    </UnitTestResult>
    <UnitTestResult executionId="c7e74772-db51-4212-9b38-3a9c1673d5af" testId="a655af90-f6e8-cd7c-af56-316616d4bbfe" testName="CheckPrerequisites_ShouldFail_WhenProductCodeIsDisallowed (.NETFramework,Version=v4.6.2)" computerName="DKSR-EFI-06" duration="00:00:00.0814500" startTime="2024-01-09T15:43:41.0135338+01:00" endTime="2024-01-09T15:43:41.2322862+01:00" testType="13cdc9d9-ddb5-4fa4-a97d-d965ccfc6d4b" outcome="Passed" testListId="8c84fa94-04c1-424b-9868-57a2d4851a1d" relativeResultsDirectory="c7e74772-db51-4212-9b38-3a9c1673d5af">
      <Output>
        <StdOut>Debug Trace:&#xD;
Prerequisites '.NETFramework,Version=v4.6.2' in package 'df13cb2c-0eb5-4b7b-99ab-cc5a7a92883b' is not allowed. Global .NET and Windows Installer prerequisites are enforced by the installer framework!</StdOut>
      </Output>
    </UnitTestResult>
    <UnitTestResult executionId="782b357b-1132-4ddc-bfe0-9ce893127b8c" testId="4e69e7b8-754b-6663-f501-ed38b31b0480" testName="CheckInstallerPrerequisites_ShouldFail_WhenProductCodeIsDisallowed (.NETFramework,Version=v4.6.2)" computerName="DKSR-EFI-06" duration="00:00:00.0264063" startTime="2024-01-09T15:43:41.3104157+01:00" endTime="2024-01-09T15:43:41.3416603+01:00" testType="13cdc9d9-ddb5-4fa4-a97d-d965ccfc6d4b" outcome="Passed" testListId="8c84fa94-04c1-424b-9868-57a2d4851a1d" relativeResultsDirectory="782b357b-1132-4ddc-bfe0-9ce893127b8c">
      <Output>
        <StdOut>Debug Trace:&#xD;
Installer Prerequisites '.NETFramework,Version=v4.6.2' is not allowed. Global .NET and Windows Installer prerequisites are enforced by the installer framework!</StdOut>
      </Output>
    </UnitTestResult>
    <UnitTestResult executionId="e00b9990-f195-4d26-b9d2-a80cda6fea8a" testId="42fe15f3-cf0b-16d3-a32a-7a3d7450925d" testName="CheckPrerequisites_ShouldNotFail_WhenProductCodeIsNotDotNet4x" computerName="DKSR-EFI-06" duration="00:00:00.0585989" startTime="2024-01-09T15:43:40.9510347+01:00" endTime="2024-01-09T15:43:41.0135338+01:00" testType="13cdc9d9-ddb5-4fa4-a97d-d965ccfc6d4b" outcome="Passed" testListId="8c84fa94-04c1-424b-9868-57a2d4851a1d" relativeResultsDirectory="e00b9990-f195-4d26-b9d2-a80cda6fea8a" />
    <UnitTestResult executionId="9108e2fb-5abf-4d33-b474-29322ba98f40" testId="0fe2b01e-4901-3441-5b49-39e50b05a84f" testName="CheckInstallerPrerequisites_ShouldNotFail_WhenPrerequisitesIsNull" computerName="DKSR-EFI-06" duration="00:00:00.0008103" startTime="2024-01-09T15:43:41.2791595+01:00" endTime="2024-01-09T15:43:41.2791595+01:00" testType="13cdc9d9-ddb5-4fa4-a97d-d965ccfc6d4b" outcome="Passed" testListId="8c84fa94-04c1-424b-9868-57a2d4851a1d" relativeResultsDirectory="9108e2fb-5abf-4d33-b474-29322ba98f40" />
    <UnitTestResult executionId="f0d05544-b437-400a-b19e-2c360afc054b" testId="148c225a-3b5a-3466-12a7-43369c009f63" testName="CheckInstallerPrerequisites_ShouldNotFail_WhenProductCodeIsNotDotNet4x" computerName="DKSR-EFI-06" duration="00:00:00.0270728" startTime="2024-01-09T15:43:41.2791595+01:00" endTime="2024-01-09T15:43:41.3104157+01:00" testType="13cdc9d9-ddb5-4fa4-a97d-d965ccfc6d4b" outcome="Passed" testListId="8c84fa94-04c1-424b-9868-57a2d4851a1d" relativeResultsDirectory="f0d05544-b437-400a-b19e-2c360afc054b" />
    <UnitTestResult executionId="740db1db-7f6d-470e-8b56-3e3bcbfb4d7f" testId="0fbbb648-ea3f-4b71-686b-3d07b1bed148" testName="CheckPrerequisites_ShouldFail_WhenProductCodeIsDisallowed (Microsoft.Windows.Installer.4.5)" computerName="DKSR-EFI-06" duration="00:00:00.0300127" startTime="2024-01-09T15:43:41.2322862+01:00" endTime="2024-01-09T15:43:41.2635352+01:00" testType="13cdc9d9-ddb5-4fa4-a97d-d965ccfc6d4b" outcome="Passed" testListId="8c84fa94-04c1-424b-9868-57a2d4851a1d" relativeResultsDirectory="740db1db-7f6d-470e-8b56-3e3bcbfb4d7f">
      <Output>
        <StdOut>Debug Trace:&#xD;
Prerequisites 'Microsoft.Windows.Installer.4.5' in package 'cc4914ea-c4a8-4d27-941a-679281b98e4d' is not allowed. Global .NET and Windows Installer prerequisites are enforced by the installer framework!</StdOut>
      </Output>
    </UnitTestResult>
  </Results>
  <TestDefinitions>
    <UnitTest name="CheckPrerequisites_ShouldNotFail_WhenProductCodeIsNotDotNet4x" storage="d:\actions-runner\_work\xpco\xpco\installerframework\videoos.installer.prerequisites.unittests\bin\debug\videoos.installer.prerequisites.unittests.dll" id="42fe15f3-cf0b-16d3-a32a-7a3d7450925d">
      <Execution id="e00b9990-f195-4d26-b9d2-a80cda6fea8a" />
      <TestMethod codeBase="D:\actions-runner\_work\XPCO\XPCO\InstallerFramework\VideoOS.Installer.Prerequisites.UnitTests\bin\Debug\VideoOS.Installer.Prerequisites.UnitTests.dll" adapterTypeName="executor://mstestadapter/v2" className="VideoOS.Installer.Prerequisites.UnitTests.PrerequisitesValidatorTests" name="CheckPrerequisites_ShouldNotFail_WhenProductCodeIsNotDotNet4x" />
    </UnitTest>
    <UnitTest name="CheckInstallerPrerequisites_ShouldFail_WhenProductCodeIsDisallowed (Microsoft.Windows.Installer.4.5)" storage="d:\actions-runner\_work\xpco\xpco\installerframework\videoos.installer.prerequisites.unittests\bin\debug\videoos.installer.prerequisites.unittests.dll" id="18abe6a7-ff85-1db7-8e41-329487c1219a">
      <Execution id="3cf14a9c-9b29-4b93-a8d3-688fc08d1da3" />
      <TestMethod codeBase="D:\actions-runner\_work\XPCO\XPCO\InstallerFramework\VideoOS.Installer.Prerequisites.UnitTests\bin\Debug\VideoOS.Installer.Prerequisites.UnitTests.dll" adapterTypeName="executor://mstestadapter/v2" className="VideoOS.Installer.Prerequisites.UnitTests.PrerequisitesValidatorTests" name="CheckInstallerPrerequisites_ShouldFail_WhenProductCodeIsDisallowed" />
    </UnitTest>
    <UnitTest name="CheckPrerequisites_ShouldFail_WhenProductCodeIsDisallowed (.NETFramework,Version=v4.6.2)" storage="d:\actions-runner\_work\xpco\xpco\installerframework\videoos.installer.prerequisites.unittests\bin\debug\videoos.installer.prerequisites.unittests.dll" id="a655af90-f6e8-cd7c-af56-316616d4bbfe">
      <Execution id="c7e74772-db51-4212-9b38-3a9c1673d5af" />
      <TestMethod codeBase="D:\actions-runner\_work\XPCO\XPCO\InstallerFramework\VideoOS.Installer.Prerequisites.UnitTests\bin\Debug\VideoOS.Installer.Prerequisites.UnitTests.dll" adapterTypeName="executor://mstestadapter/v2" className="VideoOS.Installer.Prerequisites.UnitTests.PrerequisitesValidatorTests" name="CheckPrerequisites_ShouldFail_WhenProductCodeIsDisallowed" />
    </UnitTest>
    <UnitTest name="CheckInstallerPrerequisites_ShouldNotFail_WhenProductCodeIsNotDotNet4x" storage="d:\actions-runner\_work\xpco\xpco\installerframework\videoos.installer.prerequisites.unittests\bin\debug\videoos.installer.prerequisites.unittests.dll" id="148c225a-3b5a-3466-12a7-43369c009f63">
      <Execution id="f0d05544-b437-400a-b19e-2c360afc054b" />
      <TestMethod codeBase="D:\actions-runner\_work\XPCO\XPCO\InstallerFramework\VideoOS.Installer.Prerequisites.UnitTests\bin\Debug\VideoOS.Installer.Prerequisites.UnitTests.dll" adapterTypeName="executor://mstestadapter/v2" className="VideoOS.Installer.Prerequisites.UnitTests.PrerequisitesValidatorTests" name="CheckInstallerPrerequisites_ShouldNotFail_WhenProductCodeIsNotDotNet4x" />
    </UnitTest>
    <UnitTest name="CheckPrerequisites_ShouldNotFail_WhenPrerequisitesIsNull" storage="d:\actions-runner\_work\xpco\xpco\installerframework\videoos.installer.prerequisites.unittests\bin\debug\videoos.installer.prerequisites.unittests.dll" id="b238c48e-4c74-a598-16e8-6db875b5a8fb">
      <Execution id="37226aea-bc1f-48a9-ac6c-c3e5388e86cb" />
      <TestMethod codeBase="D:\actions-runner\_work\XPCO\XPCO\InstallerFramework\VideoOS.Installer.Prerequisites.UnitTests\bin\Debug\VideoOS.Installer.Prerequisites.UnitTests.dll" adapterTypeName="executor://mstestadapter/v2" className="VideoOS.Installer.Prerequisites.UnitTests.PrerequisitesValidatorTests" name="CheckPrerequisites_ShouldNotFail_WhenPrerequisitesIsNull" />
    </UnitTest>
    <UnitTest name="CheckInstallerPrerequisites_ShouldNotFail_WhenPrerequisitesIsNull" storage="d:\actions-runner\_work\xpco\xpco\installerframework\videoos.installer.prerequisites.unittests\bin\debug\videoos.installer.prerequisites.unittests.dll" id="0fe2b01e-4901-3441-5b49-39e50b05a84f">
      <Execution id="9108e2fb-5abf-4d33-b474-29322ba98f40" />
      <TestMethod codeBase="D:\actions-runner\_work\XPCO\XPCO\InstallerFramework\VideoOS.Installer.Prerequisites.UnitTests\bin\Debug\VideoOS.Installer.Prerequisites.UnitTests.dll" adapterTypeName="executor://mstestadapter/v2" className="VideoOS.Installer.Prerequisites.UnitTests.PrerequisitesValidatorTests" name="CheckInstallerPrerequisites_ShouldNotFail_WhenPrerequisitesIsNull" />
    </UnitTest>
    <UnitTest name="CheckInstallerPrerequisites_ShouldFail_WhenProductCodeIsDisallowed (.NETFramework,Version=v4.6.2)" storage="d:\actions-runner\_work\xpco\xpco\installerframework\videoos.installer.prerequisites.unittests\bin\debug\videoos.installer.prerequisites.unittests.dll" id="4e69e7b8-754b-6663-f501-ed38b31b0480">
      <Execution id="782b357b-1132-4ddc-bfe0-9ce893127b8c" />
      <TestMethod codeBase="D:\actions-runner\_work\XPCO\XPCO\InstallerFramework\VideoOS.Installer.Prerequisites.UnitTests\bin\Debug\VideoOS.Installer.Prerequisites.UnitTests.dll" adapterTypeName="executor://mstestadapter/v2" className="VideoOS.Installer.Prerequisites.UnitTests.PrerequisitesValidatorTests" name="CheckInstallerPrerequisites_ShouldFail_WhenProductCodeIsDisallowed" />
    </UnitTest>
    <UnitTest name="CheckPrerequisites_ShouldFail_WhenProductCodeIsDisallowed (Microsoft.Windows.Installer.4.5)" storage="d:\actions-runner\_work\xpco\xpco\installerframework\videoos.installer.prerequisites.unittests\bin\debug\videoos.installer.prerequisites.unittests.dll" id="0fbbb648-ea3f-4b71-686b-3d07b1bed148">
      <Execution id="740db1db-7f6d-470e-8b56-3e3bcbfb4d7f" />
      <TestMethod codeBase="D:\actions-runner\_work\XPCO\XPCO\InstallerFramework\VideoOS.Installer.Prerequisites.UnitTests\bin\Debug\VideoOS.Installer.Prerequisites.UnitTests.dll" adapterTypeName="executor://mstestadapter/v2" className="VideoOS.Installer.Prerequisites.UnitTests.PrerequisitesValidatorTests" name="CheckPrerequisites_ShouldFail_WhenProductCodeIsDisallowed" />
    </UnitTest>
  </TestDefinitions>
  <TestEntries>
    <TestEntry testId="b238c48e-4c74-a598-16e8-6db875b5a8fb" executionId="37226aea-bc1f-48a9-ac6c-c3e5388e86cb" testListId="8c84fa94-04c1-424b-9868-57a2d4851a1d" />
    <TestEntry testId="18abe6a7-ff85-1db7-8e41-329487c1219a" executionId="3cf14a9c-9b29-4b93-a8d3-688fc08d1da3" testListId="8c84fa94-04c1-424b-9868-57a2d4851a1d" />
    <TestEntry testId="a655af90-f6e8-cd7c-af56-316616d4bbfe" executionId="c7e74772-db51-4212-9b38-3a9c1673d5af" testListId="8c84fa94-04c1-424b-9868-57a2d4851a1d" />
    <TestEntry testId="4e69e7b8-754b-6663-f501-ed38b31b0480" executionId="782b357b-1132-4ddc-bfe0-9ce893127b8c" testListId="8c84fa94-04c1-424b-9868-57a2d4851a1d" />
    <TestEntry testId="42fe15f3-cf0b-16d3-a32a-7a3d7450925d" executionId="e00b9990-f195-4d26-b9d2-a80cda6fea8a" testListId="8c84fa94-04c1-424b-9868-57a2d4851a1d" />
    <TestEntry testId="0fe2b01e-4901-3441-5b49-39e50b05a84f" executionId="9108e2fb-5abf-4d33-b474-29322ba98f40" testListId="8c84fa94-04c1-424b-9868-57a2d4851a1d" />
    <TestEntry testId="148c225a-3b5a-3466-12a7-43369c009f63" executionId="f0d05544-b437-400a-b19e-2c360afc054b" testListId="8c84fa94-04c1-424b-9868-57a2d4851a1d" />
    <TestEntry testId="0fbbb648-ea3f-4b71-686b-3d07b1bed148" executionId="740db1db-7f6d-470e-8b56-3e3bcbfb4d7f" testListId="8c84fa94-04c1-424b-9868-57a2d4851a1d" />
  </TestEntries>
  <TestLists>
    <TestList name="Results Not in a List" id="8c84fa94-04c1-424b-9868-57a2d4851a1d" />
    <TestList name="All Loaded Results" id="19431567-8539-422a-85d7-44ee4e166bda" />
  </TestLists>
  <ResultSummary outcome="Completed">
    <Counters total="8" executed="8" passed="8" failed="0" error="0" timeout="0" aborted="0" inconclusive="0" passedButRunAborted="0" notRunnable="0" notExecuted="0" disconnected="0" warning="0" completed="0" inProgress="0" pending="0" />
  </ResultSummary>
</TestRun>