<?xml version="1.0" encoding="utf-8"?>
<TestRun id="06168e82-3f8d-4e92-bdb7-b718a23d5f15" name="DKSR-EFI-06$@DKSR-EFI-06 2024-01-09 15:45:22" runUser="NT AUTHORITY\NETWORK SERVICE" xmlns="http://microsoft.com/schemas/VisualStudio/TeamTest/2010">
  <Times creation="2024-01-09T15:45:22.4512895+01:00" queuing="2024-01-09T15:45:22.4512895+01:00" start="2024-01-09T15:45:10.5137601+01:00" finish="2024-01-09T15:45:30.7012935+01:00" />
  <TestSettings name="default" id="9b8a81e9-67e0-4116-a761-8106c7b93576">
    <Deployment runDeploymentRoot="DKSR-EFI-06$_DKSR-EFI-06_2024-01-09_15_45_22" />
  </TestSettings>
  <Results>
    <UnitTestResult executionId="b254f22e-0e89-4b72-9b7f-b4082aba9be8" testId="c0dbfae1-0b38-861e-ebdb-fd825f5de8c6" testName="Search_ShouldReturnCommandThatCanExcecute_WhenSearchTextIsNotEmpty" computerName="DKSR-EFI-06" duration="00:00:00.0004263" startTime="2024-01-09T15:45:22.4981640+01:00" endTime="2024-01-09T15:45:22.4981640+01:00" testType="13cdc9d9-ddb5-4fa4-a97d-d965ccfc6d4b" outcome="Passed" testListId="8c84fa94-04c1-424b-9868-57a2d4851a1d" relativeResultsDirectory="b254f22e-0e89-4b72-9b7f-b4082aba9be8" />
    <UnitTestResult executionId="5979ae5c-caf2-466c-9555-12a558701cfd" testId="54928638-2568-65ae-5999-583f64a18b9f" testName="PageText_ShouldShowEntryNumbers_WhenSearchReturnsPageSize" computerName="DKSR-EFI-06" duration="00:00:00.0012471" startTime="2024-01-09T15:45:22.8419108+01:00" endTime="2024-01-09T15:45:22.8419108+01:00" testType="13cdc9d9-ddb5-4fa4-a97d-d965ccfc6d4b" outcome="Passed" testListId="8c84fa94-04c1-424b-9868-57a2d4851a1d" relativeResultsDirectory="5979ae5c-caf2-466c-9555-12a558701cfd" />
    <UnitTestResult executionId="c40acb6a-939e-4980-8361-0fb0e30a4d90" testId="c2fa16a7-725a-7cf5-3dad-4ac04e2c9754" testName="Search_ShouldReturnCommandThatCanExcecute_WhenSearchTextIsEmpty" computerName="DKSR-EFI-06" duration="00:00:00.0013375" startTime="2024-01-09T15:45:22.4512895+01:00" endTime="2024-01-09T15:45:22.4512895+01:00" testType="13cdc9d9-ddb5-4fa4-a97d-d965ccfc6d4b" outcome="Passed" testListId="8c84fa94-04c1-424b-9868-57a2d4851a1d" relativeResultsDirectory="c40acb6a-939e-4980-8361-0fb0e30a4d90" />
    <UnitTestResult executionId="1e0bf2af-1c4e-4cb0-a364-87364df425f6" testId="98289b2f-0bf4-66e4-4adb-b25fac300a25" testName="PreviousPage_ShouldReturnCommandThatCannotExcecute_WhenThereAreServerErrors" computerName="DKSR-EFI-06" duration="00:00:00.0016640" startTime="2024-01-09T15:45:22.7169151+01:00" endTime="2024-01-09T15:45:22.7325397+01:00" testType="13cdc9d9-ddb5-4fa4-a97d-d965ccfc6d4b" outcome="Passed" testListId="8c84fa94-04c1-424b-9868-57a2d4851a1d" relativeResultsDirectory="1e0bf2af-1c4e-4cb0-a364-87364df425f6" />
    <UnitTestResult executionId="8483a5e6-16db-4d04-b837-294fcc77bcd1" testId="22ec90da-07bb-fb58-5bf6-1e9c6d345dde" testName="GetLinesForSourceByLineIdAsync_ShouldResultInFirstLines_WhenRequestingFollowingFromBeforeStart" computerName="DKSR-EFI-06" duration="00:00:00.0276874" startTime="2024-01-09T15:45:29.9669185+01:00" endTime="2024-01-09T15:45:29.9825424+01:00" testType="13cdc9d9-ddb5-4fa4-a97d-d965ccfc6d4b" outcome="Passed" testListId="8c84fa94-04c1-424b-9868-57a2d4851a1d" relativeResultsDirectory="8483a5e6-16db-4d04-b837-294fcc77bcd1" />
    <UnitTestResult executionId="ed8c5876-f13a-45f6-8a27-aef21f4a36c3" testId="5d879328-b3d8-5764-d638-2d5734819ed6" testName="SetTime_TransactionLinesAreUpdated_FirstTime" computerName="DKSR-EFI-06" duration="00:00:00.1298003" startTime="2024-01-09T15:45:23.6075391+01:00" endTime="2024-01-09T15:45:23.7481641+01:00" testType="13cdc9d9-ddb5-4fa4-a97d-d965ccfc6d4b" outcome="Passed" testListId="8c84fa94-04c1-424b-9868-57a2d4851a1d" relativeResultsDirectory="ed8c5876-f13a-45f6-8a27-aef21f4a36c3" />
    <UnitTestResult executionId="8438d76c-a994-4e65-9912-775dabdb35f3" testId="eed27256-aeca-55d8-05d8-3e45354f2130" testName="SetTime_TransactionLinesAreUpdated_WhenPlayingBackwards_AndLinesAreOverlapping" computerName="DKSR-EFI-06" duration="00:00:00.0114373" startTime="2024-01-09T15:45:23.7950390+01:00" endTime="2024-01-09T15:45:23.7950390+01:00" testType="13cdc9d9-ddb5-4fa4-a97d-d965ccfc6d4b" outcome="Passed" testListId="8c84fa94-04c1-424b-9868-57a2d4851a1d" relativeResultsDirectory="8438d76c-a994-4e65-9912-775dabdb35f3" />
    <UnitTestResult executionId="b22b550f-8646-462b-bfaf-4464bfbca384" testId="50227152-efbc-161d-ea7a-fcb13b698e63" testName="WhenFontSizeIsMediumNextShouldBeLarge" computerName="DKSR-EFI-06" duration="00:00:00.0001474" startTime="2024-01-09T15:45:23.8419132+01:00" endTime="2024-01-09T15:45:23.8419132+01:00" testType="13cdc9d9-ddb5-4fa4-a97d-d965ccfc6d4b" outcome="Passed" testListId="8c84fa94-04c1-424b-9868-57a2d4851a1d" relativeResultsDirectory="b22b550f-8646-462b-bfaf-4464bfbca384" />
    <UnitTestResult executionId="a018e4c7-b891-4917-8330-6a109a34f14d" testId="6ed6b643-18e6-5de5-247c-b95c1e2d88c0" testName="CurrentProgress_ShouldBe25_When2TasksAnd2SubTasksCompleted" computerName="DKSR-EFI-06" duration="00:00:00.0003540" startTime="2024-01-09T15:45:30.1075426+01:00" endTime="2024-01-09T15:45:30.1231687+01:00" testType="13cdc9d9-ddb5-4fa4-a97d-d965ccfc6d4b" outcome="Passed" testListId="8c84fa94-04c1-424b-9868-57a2d4851a1d" relativeResultsDirectory="a018e4c7-b891-4917-8330-6a109a34f14d" />
    <UnitTestResult executionId="4800eb6c-06b9-4739-a114-82ce277530f9" testId="06b94576-ac2f-691e-878a-93d59d26df7e" testName="GetLinesForSourceByTimeAsync_ShouldResultInLastLines_WhenRequestingPrecedingingFromAfterEnd" computerName="DKSR-EFI-06" duration="00:00:00.0286246" startTime="2024-01-09T15:45:29.8419193+01:00" endTime="2024-01-09T15:45:29.8575416+01:00" testType="13cdc9d9-ddb5-4fa4-a97d-d965ccfc6d4b" outcome="Passed" testListId="8c84fa94-04c1-424b-9868-57a2d4851a1d" relativeResultsDirectory="4800eb6c-06b9-4739-a114-82ce277530f9" />
    <UnitTestResult executionId="4f634413-7b9e-4708-9bd2-277768c855f4" testId="dbdafad0-a854-c313-35c9-c37a148bb75a" testName="SetTime_TransactionLinesAreUpdated_WhenPLayingForwards_AndLinesAreNotOverlapping" computerName="DKSR-EFI-06" duration="00:00:00.0148100" startTime="2024-01-09T15:45:23.7481641+01:00" endTime="2024-01-09T15:45:23.7637892+01:00" testType="13cdc9d9-ddb5-4fa4-a97d-d965ccfc6d4b" outcome="Passed" testListId="8c84fa94-04c1-424b-9868-57a2d4851a1d" relativeResultsDirectory="4f634413-7b9e-4708-9bd2-277768c855f4" />
    <UnitTestResult executionId="424fb0a7-6704-4041-83d1-d947d2113225" testId="022957a4-67f3-1b37-fc0c-3e42a75582c4" testName="PageText_ShouldShowEntryNumbersForNextPage_WhenNextPageReturnedLessThanPageSize" computerName="DKSR-EFI-06" duration="00:00:00.0015003" startTime="2024-01-09T15:45:22.8419108+01:00" endTime="2024-01-09T15:45:22.8575377+01:00" testType="13cdc9d9-ddb5-4fa4-a97d-d965ccfc6d4b" outcome="Passed" testListId="8c84fa94-04c1-424b-9868-57a2d4851a1d" relativeResultsDirectory="424fb0a7-6704-4041-83d1-d947d2113225" />
    <UnitTestResult executionId="85e5b05a-137b-41e8-8b02-f3ff5f108e75" testId="a1ae6be9-61cf-954c-fefe-9710703bcd87" testName="NextPage_ShouldReturnCommandThatCannotExcecute_WhenLastSearchReturnedLessThanOneHundredElements" computerName="DKSR-EFI-06" duration="00:00:00.0012397" startTime="2024-01-09T15:45:22.8106632+01:00" endTime="2024-01-09T15:45:22.8106632+01:00" testType="13cdc9d9-ddb5-4fa4-a97d-d965ccfc6d4b" outcome="Passed" testListId="8c84fa94-04c1-424b-9868-57a2d4851a1d" relativeResultsDirectory="85e5b05a-137b-41e8-8b02-f3ff5f108e75" />
    <UnitTestResult executionId="1f9c4bfe-761f-4cf2-9f92-59144644460e" testId="cec12963-d7a5-1e67-e933-679b07b0669b" testName="GetLinesAsync_ShouldRequestWhatsNeeded_WhenMoreDataIsRequested" computerName="DKSR-EFI-06" duration="00:00:00.0048242" startTime="2024-01-09T15:45:30.1391439+01:00" endTime="2024-01-09T15:45:30.1544169+01:00" testType="13cdc9d9-ddb5-4fa4-a97d-d965ccfc6d4b" outcome="Passed" testListId="8c84fa94-04c1-424b-9868-57a2d4851a1d" relativeResultsDirectory="1f9c4bfe-761f-4cf2-9f92-59144644460e" />
    <UnitTestResult executionId="d092defb-eb1f-4dab-adf0-8c19511e089c" testId="561b608d-4e8d-ea98-ea40-5fdfde4d6acb" testName="WhenFontSizeIsSmallNextShouldBeMedium" computerName="DKSR-EFI-06" duration="00:00:00.0014032" startTime="2024-01-09T15:45:23.8419132+01:00" endTime="2024-01-09T15:45:23.8419132+01:00" testType="13cdc9d9-ddb5-4fa4-a97d-d965ccfc6d4b" outcome="Passed" testListId="8c84fa94-04c1-424b-9868-57a2d4851a1d" relativeResultsDirectory="d092defb-eb1f-4dab-adf0-8c19511e089c" />
    <UnitTestResult executionId="1cb10d37-1b28-4ebd-9654-b07a60f4e82a" testId="f25b8f69-d174-906a-dbdb-9388572b10dd" testName="SearchTimeIntervalBegin_ShouldBeConvertedToUtc_WhenPerformingSearch" computerName="DKSR-EFI-06" duration="00:00:00.0117596" startTime="2024-01-09T15:45:22.8575377+01:00" endTime="2024-01-09T15:45:22.8731624+01:00" testType="13cdc9d9-ddb5-4fa4-a97d-d965ccfc6d4b" outcome="Passed" testListId="8c84fa94-04c1-424b-9868-57a2d4851a1d" relativeResultsDirectory="1cb10d37-1b28-4ebd-9654-b07a60f4e82a" />
    <UnitTestResult executionId="a595962d-1a03-42fa-b02c-62d6c2924b37" testId="0603e2b7-7c9b-e027-d930-f5b2af218438" testName="SetTransaction_TransactionLinesAreUpdated_FirstTime" computerName="DKSR-EFI-06" duration="00:00:00.0221633" startTime="2024-01-09T15:45:23.8106662+01:00" endTime="2024-01-09T15:45:23.8262900+01:00" testType="13cdc9d9-ddb5-4fa4-a97d-d965ccfc6d4b" outcome="Passed" testListId="8c84fa94-04c1-424b-9868-57a2d4851a1d" relativeResultsDirectory="a595962d-1a03-42fa-b02c-62d6c2924b37" />
    <UnitTestResult executionId="1525e322-4f5d-4268-9f0e-3be676b9e233" testId="3405c98c-126d-2f24-898a-27eb7dc0e4ee" testName="Play_CompletesWhenStopIsCalled_AndGetLiveLinesDoesNotSupportCancellation" computerName="DKSR-EFI-06" duration="00:00:00.0057383" startTime="2024-01-09T15:45:23.5762895+01:00" endTime="2024-01-09T15:45:23.5762895+01:00" testType="13cdc9d9-ddb5-4fa4-a97d-d965ccfc6d4b" outcome="Passed" testListId="8c84fa94-04c1-424b-9868-57a2d4851a1d" relativeResultsDirectory="1525e322-4f5d-4268-9f0e-3be676b9e233" />
    <UnitTestResult executionId="0d242057-2101-48a3-8396-a5bc8ba539dc" testId="5ffc2b66-7bc2-9b41-6b8b-201871db1876" testName="CurrentProgress_ShouldBe15_When1TaskAndAHalfSubTaskCompleted" computerName="DKSR-EFI-06" duration="00:00:00.0002471" startTime="2024-01-09T15:45:30.1231687+01:00" endTime="2024-01-09T15:45:30.1231687+01:00" testType="13cdc9d9-ddb5-4fa4-a97d-d965ccfc6d4b" outcome="Passed" testListId="8c84fa94-04c1-424b-9868-57a2d4851a1d" relativeResultsDirectory="0d242057-2101-48a3-8396-a5bc8ba539dc" />
    <UnitTestResult executionId="63848aa6-52eb-4426-b004-b2a4803f3a05" testId="2e8cc522-735d-0a91-e16d-8e9b72087b38" testName="CurrentProgress_ShouldBe0_WhenJustStarted" computerName="DKSR-EFI-06" duration="00:00:00.0004315" startTime="2024-01-09T15:45:30.1075426+01:00" endTime="2024-01-09T15:45:30.1075426+01:00" testType="13cdc9d9-ddb5-4fa4-a97d-d965ccfc6d4b" outcome="Passed" testListId="8c84fa94-04c1-424b-9868-57a2d4851a1d" relativeResultsDirectory="63848aa6-52eb-4426-b004-b2a4803f3a05" />
    <UnitTestResult executionId="89d7c044-11db-4038-98ac-9e412a00cffb" testId="d3789f4a-7cc7-3cf1-c1d0-436837961bad" testName="CurrentProgress_ShouldBe100_WhenStartedWithZeroTasks" computerName="DKSR-EFI-06" duration="00:00:00.0001619" startTime="2024-01-09T15:45:30.1075426+01:00" endTime="2024-01-09T15:45:30.1075426+01:00" testType="13cdc9d9-ddb5-4fa4-a97d-d965ccfc6d4b" outcome="Passed" testListId="8c84fa94-04c1-424b-9868-57a2d4851a1d" relativeResultsDirectory="89d7c044-11db-4038-98ac-9e412a00cffb" />
    <UnitTestResult executionId="f016b6cf-23e7-4e4d-ac6a-ffab07742703" testId="bf058910-06dc-7988-3440-8bc7563a8f08" testName="SetTime_TransactionLinesAreUpdated_WhenPlayingBackwards_AndLinesAreNotOverlapping" computerName="DKSR-EFI-06" duration="00:00:00.0116644" startTime="2024-01-09T15:45:23.7794137+01:00" endTime="2024-01-09T15:45:23.7950390+01:00" testType="13cdc9d9-ddb5-4fa4-a97d-d965ccfc6d4b" outcome="Passed" testListId="8c84fa94-04c1-424b-9868-57a2d4851a1d" relativeResultsDirectory="f016b6cf-23e7-4e4d-ac6a-ffab07742703" />
    <UnitTestResult executionId="ec43a085-ff5c-4049-9b85-4a813f84c644" testId="a7c055bf-156d-70d4-9082-e9e71683bbef" testName="PreviousPage_ShouldReturnCommandThatCannotExcecute_WhenOnFirstPage" computerName="DKSR-EFI-06" duration="00:00:00.0005592" startTime="2024-01-09T15:45:22.7169151+01:00" endTime="2024-01-09T15:45:22.7169151+01:00" testType="13cdc9d9-ddb5-4fa4-a97d-d965ccfc6d4b" outcome="Passed" testListId="8c84fa94-04c1-424b-9868-57a2d4851a1d" relativeResultsDirectory="ec43a085-ff5c-4049-9b85-4a813f84c644" />
    <UnitTestResult executionId="4ea7d5e5-45f3-441f-b586-ec9e439ba5cd" testId="f491c0bd-4063-3417-0a4c-1e7d3b9c9490" testName="GetTransactionsInfoAsync_ShouldReturnSubset_WhenRequestingLimitedInterval" computerName="DKSR-EFI-06" duration="00:00:00.0249090" startTime="2024-01-09T15:45:30.0776206+01:00" endTime="2024-01-09T15:45:30.1075426+01:00" testType="13cdc9d9-ddb5-4fa4-a97d-d965ccfc6d4b" outcome="Passed" testListId="8c84fa94-04c1-424b-9868-57a2d4851a1d" relativeResultsDirectory="4ea7d5e5-45f3-441f-b586-ec9e439ba5cd" />
    <UnitTestResult executionId="3898d90a-e70d-45fc-ac14-40acebc9c293" testId="04f1a62c-7e9d-57e9-b61a-190d14a83710" testName="SearchTimeIntervalEnd_ShouldBeConvertedToUtc_WhenPerformingSearch" computerName="DKSR-EFI-06" duration="00:00:00.0029334" startTime="2024-01-09T15:45:22.8731624+01:00" endTime="2024-01-09T15:45:22.8731624+01:00" testType="13cdc9d9-ddb5-4fa4-a97d-d965ccfc6d4b" outcome="Passed" testListId="8c84fa94-04c1-424b-9868-57a2d4851a1d" relativeResultsDirectory="3898d90a-e70d-45fc-ac14-40acebc9c293" />
    <UnitTestResult executionId="e740c3c8-aceb-4d74-a3e5-194f4ee58fd6" testId="1debab6c-ee51-579e-3dae-f4680190cba7" testName="Search_ShouldSetServerError_WhenCallFails" computerName="DKSR-EFI-06" duration="00:00:00.0103694" startTime="2024-01-09T15:45:22.6387878+01:00" endTime="2024-01-09T15:45:22.6544131+01:00" testType="13cdc9d9-ddb5-4fa4-a97d-d965ccfc6d4b" outcome="Passed" testListId="8c84fa94-04c1-424b-9868-57a2d4851a1d" relativeResultsDirectory="e740c3c8-aceb-4d74-a3e5-194f4ee58fd6" />
    <UnitTestResult executionId="4147aded-aa00-4e35-9cb5-e46a92d003de" testId="ac2119fe-a976-2f66-f87c-bdfe9b93afa4" testName="WhenFontSizeIsLargeNextShouldBeSmall" computerName="DKSR-EFI-06" duration="00:00:00.0001328" startTime="2024-01-09T15:45:23.8419132+01:00" endTime="2024-01-09T15:45:23.8419132+01:00" testType="13cdc9d9-ddb5-4fa4-a97d-d965ccfc6d4b" outcome="Passed" testListId="8c84fa94-04c1-424b-9868-57a2d4851a1d" relativeResultsDirectory="4147aded-aa00-4e35-9cb5-e46a92d003de" />
    <UnitTestResult executionId="a49e1756-c114-41f0-a546-c11bfc750275" testId="38712231-f662-899d-bcbf-e9a7ec558e5a" testName="PreviousPage_ShouldReturnCommandThatCanExcecute_WhenNotOnFirstPage" computerName="DKSR-EFI-06" duration="00:00:00.0016978" startTime="2024-01-09T15:45:22.7325397+01:00" endTime="2024-01-09T15:45:22.7325397+01:00" testType="13cdc9d9-ddb5-4fa4-a97d-d965ccfc6d4b" outcome="Passed" testListId="8c84fa94-04c1-424b-9868-57a2d4851a1d" relativeResultsDirectory="a49e1756-c114-41f0-a546-c11bfc750275" />
    <UnitTestResult executionId="f45e01a3-e230-4933-b808-07f307a87e9f" testId="e5e15daa-9102-455c-36f1-d368cdad4b51" testName="PageText_ShouldReturnEmptyString_WhenSearchFails" computerName="DKSR-EFI-06" duration="00:00:00.0013891" startTime="2024-01-09T15:45:22.8262873+01:00" endTime="2024-01-09T15:45:22.8262873+01:00" testType="13cdc9d9-ddb5-4fa4-a97d-d965ccfc6d4b" outcome="Passed" testListId="8c84fa94-04c1-424b-9868-57a2d4851a1d" relativeResultsDirectory="f45e01a3-e230-4933-b808-07f307a87e9f" />
    <UnitTestResult executionId="015b0d77-781e-4592-873a-31b101efdfca" testId="7298d026-cf68-74f2-b11a-e476e308bc9c" testName="GetLinesForSourceByLineIdAsync_ShouldResultInEmptyResult_WhenRequestCoveringIntervalBeforeData" computerName="DKSR-EFI-06" duration="00:00:00.0120463" startTime="2024-01-09T15:45:29.9512921+01:00" endTime="2024-01-09T15:45:29.9512921+01:00" testType="13cdc9d9-ddb5-4fa4-a97d-d965ccfc6d4b" outcome="Passed" testListId="8c84fa94-04c1-424b-9868-57a2d4851a1d" relativeResultsDirectory="015b0d77-781e-4592-873a-31b101efdfca" />
    <UnitTestResult executionId="38d38625-ac2c-41b0-b6f5-65cd80805d17" testId="4bf46454-2b5a-cedc-0dd2-7bcef48116d5" testName="PageText_ShouldReturnEmptyString_WhenThereAreNoSearchResults" computerName="DKSR-EFI-06" duration="00:00:00.0015143" startTime="2024-01-09T15:45:22.8262873+01:00" endTime="2024-01-09T15:45:22.8262873+01:00" testType="13cdc9d9-ddb5-4fa4-a97d-d965ccfc6d4b" outcome="Passed" testListId="8c84fa94-04c1-424b-9868-57a2d4851a1d" relativeResultsDirectory="38d38625-ac2c-41b0-b6f5-65cd80805d17" />
    <UnitTestResult executionId="67f40443-241a-4a7e-bfd7-0fe63fa49a5e" testId="8776b360-933b-be4c-2933-875c04ad0019" testName="PreviousPage_ShouldPopulateTransactLines_WhenSuccessful" computerName="DKSR-EFI-06" duration="00:00:00.0144627" startTime="2024-01-09T15:45:22.7325397+01:00" endTime="2024-01-09T15:45:22.7481632+01:00" testType="13cdc9d9-ddb5-4fa4-a97d-d965ccfc6d4b" outcome="Passed" testListId="8c84fa94-04c1-424b-9868-57a2d4851a1d" relativeResultsDirectory="67f40443-241a-4a7e-bfd7-0fe63fa49a5e" />
    <UnitTestResult executionId="59c00b67-6a39-4d2f-8924-0219ccca85d2" testId="86f28ff2-1114-c11a-e789-738714c14443" testName="GetLinesAsync_ShouldReturnRequestedData_WhenAvailable" computerName="DKSR-EFI-06" duration="00:00:00.0141662" startTime="2024-01-09T15:45:30.1231687+01:00" endTime="2024-01-09T15:45:30.1391439+01:00" testType="13cdc9d9-ddb5-4fa4-a97d-d965ccfc6d4b" outcome="Passed" testListId="8c84fa94-04c1-424b-9868-57a2d4851a1d" relativeResultsDirectory="59c00b67-6a39-4d2f-8924-0219ccca85d2" />
    <UnitTestResult executionId="d1ea471a-d426-41d1-8768-0d5456258463" testId="f217624a-6dcb-6294-99b6-4796ec39f82c" testName="Play_CompletesWhenStopIsCalled_AndGetLiveLinesSupportCancellation" computerName="DKSR-EFI-06" duration="00:00:00.0692075" startTime="2024-01-09T15:45:23.4825858+01:00" endTime="2024-01-09T15:45:23.5450396+01:00" testType="13cdc9d9-ddb5-4fa4-a97d-d965ccfc6d4b" outcome="Passed" testListId="8c84fa94-04c1-424b-9868-57a2d4851a1d" relativeResultsDirectory="d1ea471a-d426-41d1-8768-0d5456258463" />
    <UnitTestResult executionId="0169f2b5-7373-4bb4-8187-dfb9366008b0" testId="289cc288-6d1f-0e0e-91ad-c922d6835c22" testName="CurrentProgress_ShouldBe100_WhenEnded" computerName="DKSR-EFI-06" duration="00:00:00.0002118" startTime="2024-01-09T15:45:30.1075426+01:00" endTime="2024-01-09T15:45:30.1075426+01:00" testType="13cdc9d9-ddb5-4fa4-a97d-d965ccfc6d4b" outcome="Passed" testListId="8c84fa94-04c1-424b-9868-57a2d4851a1d" relativeResultsDirectory="0169f2b5-7373-4bb4-8187-dfb9366008b0" />
    <UnitTestResult executionId="24b20966-6eb6-417b-bcfb-cd5a8a976ea9" testId="db01b85a-cbd6-3400-8c7b-8d4c339ad3b6" testName="PageText_ShouldReturnEmptyString_WhenSearchReturnsZeroLines" computerName="DKSR-EFI-06" duration="00:00:00.0013013" startTime="2024-01-09T15:45:22.8419108+01:00" endTime="2024-01-09T15:45:22.8419108+01:00" testType="13cdc9d9-ddb5-4fa4-a97d-d965ccfc6d4b" outcome="Passed" testListId="8c84fa94-04c1-424b-9868-57a2d4851a1d" relativeResultsDirectory="24b20966-6eb6-417b-bcfb-cd5a8a976ea9" />
    <UnitTestResult executionId="1b59997a-aa87-40ef-8ed3-2c063c999cb3" testId="540ecc0e-4fc1-6dac-ce56-448d90dd146a" testName="CurrentProgress_ShouldBe100_WhenStartedWithOneTaskWithZeroSubTasksAndTaskEnded" computerName="DKSR-EFI-06" duration="00:00:00.0002869" startTime="2024-01-09T15:45:30.1075426+01:00" endTime="2024-01-09T15:45:30.1075426+01:00" testType="13cdc9d9-ddb5-4fa4-a97d-d965ccfc6d4b" outcome="Passed" testListId="8c84fa94-04c1-424b-9868-57a2d4851a1d" relativeResultsDirectory="1b59997a-aa87-40ef-8ed3-2c063c999cb3" />
    <UnitTestResult executionId="2ee8b0f2-c450-431a-b253-b35e2e33b443" testId="82c24d76-4e7f-530f-b93c-c0d9c48bd87b" testName="Search_ShouldReturnCommandThatCanExcecute_WhenSearchTextIsNull" computerName="DKSR-EFI-06" duration="00:00:01.0306731" startTime="2024-01-09T15:45:20.9825348+01:00" endTime="2024-01-09T15:45:22.3575400+01:00" testType="13cdc9d9-ddb5-4fa4-a97d-d965ccfc6d4b" outcome="Passed" testListId="8c84fa94-04c1-424b-9868-57a2d4851a1d" relativeResultsDirectory="2ee8b0f2-c450-431a-b253-b35e2e33b443" />
    <UnitTestResult executionId="0136def3-54e9-4e33-8a16-7d98046ac11d" testId="a265e357-20fd-bd47-5dd2-47d828981f83" testName="Play_TransactionLines_ShouldBeLastNLines" computerName="DKSR-EFI-06" duration="00:00:00.0227527" startTime="2024-01-09T15:45:23.5919151+01:00" endTime="2024-01-09T15:45:23.6075391+01:00" testType="13cdc9d9-ddb5-4fa4-a97d-d965ccfc6d4b" outcome="Passed" testListId="8c84fa94-04c1-424b-9868-57a2d4851a1d" relativeResultsDirectory="0136def3-54e9-4e33-8a16-7d98046ac11d" />
    <UnitTestResult executionId="22d5e9d0-2ea7-4d7e-b26b-710beb80eb10" testId="073432d5-d739-5d0b-cbb4-c2ad95f5e7a1" testName="SelectedLineVideo_ShouldBeUpdated_WhenSelectedLineIsUpdated" computerName="DKSR-EFI-06" duration="00:00:00.5972761" startTime="2024-01-09T15:45:22.8731624+01:00" endTime="2024-01-09T15:45:23.4669137+01:00" testType="13cdc9d9-ddb5-4fa4-a97d-d965ccfc6d4b" outcome="Passed" testListId="8c84fa94-04c1-424b-9868-57a2d4851a1d" relativeResultsDirectory="22d5e9d0-2ea7-4d7e-b26b-710beb80eb10" />
    <UnitTestResult executionId="367bab81-95c5-4962-bcff-ac3db6e4d92c" testId="21a97a74-540e-f920-94c0-f99e6e81cf20" testName="SetTransaction_TransactionLinesAreUpdated_SecondTime" computerName="DKSR-EFI-06" duration="00:00:00.0056281" startTime="2024-01-09T15:45:23.8262900+01:00" endTime="2024-01-09T15:45:23.8419132+01:00" testType="13cdc9d9-ddb5-4fa4-a97d-d965ccfc6d4b" outcome="Passed" testListId="8c84fa94-04c1-424b-9868-57a2d4851a1d" relativeResultsDirectory="367bab81-95c5-4962-bcff-ac3db6e4d92c" />
    <UnitTestResult executionId="d06943ab-f0cf-4e6f-b126-39a1fc46e7ea" testId="cffa361f-e9d7-80da-76db-696841df71f2" testName="NextPage_ShouldPopulateTransactLines_WhenSuccessful" computerName="DKSR-EFI-06" duration="00:00:00.0027957" startTime="2024-01-09T15:45:22.8106632+01:00" endTime="2024-01-09T15:45:22.8106632+01:00" testType="13cdc9d9-ddb5-4fa4-a97d-d965ccfc6d4b" outcome="Passed" testListId="8c84fa94-04c1-424b-9868-57a2d4851a1d" relativeResultsDirectory="d06943ab-f0cf-4e6f-b126-39a1fc46e7ea" />
    <UnitTestResult executionId="d07653dc-aee0-4465-be8a-9c116c96fca9" testId="f89291ce-a835-1e89-0ecc-c778c1f9427a" testName="CurrentProgress_ShouldBe30_When3TasksCompleted" computerName="DKSR-EFI-06" duration="00:00:00.0001918" startTime="2024-01-09T15:45:30.1075426+01:00" endTime="2024-01-09T15:45:30.1075426+01:00" testType="13cdc9d9-ddb5-4fa4-a97d-d965ccfc6d4b" outcome="Passed" testListId="8c84fa94-04c1-424b-9868-57a2d4851a1d" relativeResultsDirectory="d07653dc-aee0-4465-be8a-9c116c96fca9" />
    <UnitTestResult executionId="222f00fc-646f-4fcf-aa78-097049621d32" testId="72169bd1-391e-477c-f100-71909bab1526" testName="Search_ShouldResetServerError_WhenCallSucceedsAfterFailedCall" computerName="DKSR-EFI-06" duration="00:00:00.0074548" startTime="2024-01-09T15:45:22.6544131+01:00" endTime="2024-01-09T15:45:22.6544131+01:00" testType="13cdc9d9-ddb5-4fa4-a97d-d965ccfc6d4b" outcome="Passed" testListId="8c84fa94-04c1-424b-9868-57a2d4851a1d" relativeResultsDirectory="222f00fc-646f-4fcf-aa78-097049621d32" />
    <UnitTestResult executionId="946cf515-5853-4e46-9804-4abf4ff6f065" testId="0c31ad45-b949-ad41-4595-01d0d8224217" testName="SetTime_TransactionLinesAreUpdated_WhenPLayingForwards_AndLinesAreOverlapping" computerName="DKSR-EFI-06" duration="00:00:00.0117675" startTime="2024-01-09T15:45:23.7637892+01:00" endTime="2024-01-09T15:45:23.7794137+01:00" testType="13cdc9d9-ddb5-4fa4-a97d-d965ccfc6d4b" outcome="Passed" testListId="8c84fa94-04c1-424b-9868-57a2d4851a1d" relativeResultsDirectory="946cf515-5853-4e46-9804-4abf4ff6f065" />
    <UnitTestResult executionId="5b097fd4-155d-48cf-9962-5d578aa1b274" testId="e71adaa2-29b2-4a22-695b-d3ef2bbefe61" testName="PreviousPage_ShouldPerformSearchWithDecreasedPageCount_WhenCommandIsExecuted" computerName="DKSR-EFI-06" duration="00:00:00.0029333" startTime="2024-01-09T15:45:22.7950388+01:00" endTime="2024-01-09T15:45:22.7950388+01:00" testType="13cdc9d9-ddb5-4fa4-a97d-d965ccfc6d4b" outcome="Passed" testListId="8c84fa94-04c1-424b-9868-57a2d4851a1d" relativeResultsDirectory="5b097fd4-155d-48cf-9962-5d578aa1b274" />
    <UnitTestResult executionId="5204c488-4294-4389-b4a1-2d93ac1d5826" testId="7f347f46-c374-378f-329f-9607c6be45b8" testName="NextPage_ShouldReturnCommandThatCannotExcecute_WhenThereAreServerErrors" computerName="DKSR-EFI-06" duration="00:00:00.0015058" startTime="2024-01-09T15:45:22.7950388+01:00" endTime="2024-01-09T15:45:22.8106632+01:00" testType="13cdc9d9-ddb5-4fa4-a97d-d965ccfc6d4b" outcome="Passed" testListId="8c84fa94-04c1-424b-9868-57a2d4851a1d" relativeResultsDirectory="5204c488-4294-4389-b4a1-2d93ac1d5826" />
    <UnitTestResult executionId="bd29eca0-952c-4113-baee-10dff38fb681" testId="2de13ac9-f68a-8607-2fbc-6bc3836fe78e" testName="Search_ShouldPopulateTransactLines_WhenSuccessful" computerName="DKSR-EFI-06" duration="00:00:00.1321547" startTime="2024-01-09T15:45:22.4981640+01:00" endTime="2024-01-09T15:45:22.6387878+01:00" testType="13cdc9d9-ddb5-4fa4-a97d-d965ccfc6d4b" outcome="Passed" testListId="8c84fa94-04c1-424b-9868-57a2d4851a1d" relativeResultsDirectory="bd29eca0-952c-4113-baee-10dff38fb681" />
    <UnitTestResult executionId="e4efa665-027b-4bcd-a5d9-0543deadfaa9" testId="0d775d26-5092-1b7a-bd51-0919604e34db" testName="GetLinesForSourceByTimeAsync_ShouldResultInOriginalInput_WhenRequestCoveringFullInterval" computerName="DKSR-EFI-06" duration="00:00:05.9283664" startTime="2024-01-09T15:45:23.8419132+01:00" endTime="2024-01-09T15:45:29.7794172+01:00" testType="13cdc9d9-ddb5-4fa4-a97d-d965ccfc6d4b" outcome="Passed" testListId="8c84fa94-04c1-424b-9868-57a2d4851a1d" relativeResultsDirectory="e4efa665-027b-4bcd-a5d9-0543deadfaa9" />
    <UnitTestResult executionId="64294281-428e-4d11-9fe8-ac1e5035e3fd" testId="f66c1d75-1e47-485f-c647-5a3268d99186" testName="PageText_ShouldShowEntryNumbersForNextPage_WhenNextPageReturnedPageSize" computerName="DKSR-EFI-06" duration="00:00:00.0013316" startTime="2024-01-09T15:45:22.8575377+01:00" endTime="2024-01-09T15:45:22.8575377+01:00" testType="13cdc9d9-ddb5-4fa4-a97d-d965ccfc6d4b" outcome="Passed" testListId="8c84fa94-04c1-424b-9868-57a2d4851a1d" relativeResultsDirectory="64294281-428e-4d11-9fe8-ac1e5035e3fd" />
    <UnitTestResult executionId="c6f9ae17-3e99-4bc0-80a5-68d58510d390" testId="1fb00b6e-d4c8-96b1-09f1-80f42162968a" testName="GetLinesForSourceByTimeAsync_ShouldResultInFirstLines_WhenRequestingFollowingFromBeforeStart" computerName="DKSR-EFI-06" duration="00:00:00.0258976" startTime="2024-01-09T15:45:29.8106710+01:00" endTime="2024-01-09T15:45:29.8262915+01:00" testType="13cdc9d9-ddb5-4fa4-a97d-d965ccfc6d4b" outcome="Passed" testListId="8c84fa94-04c1-424b-9868-57a2d4851a1d" relativeResultsDirectory="c6f9ae17-3e99-4bc0-80a5-68d58510d390" />
    <UnitTestResult executionId="077e1046-d049-4b74-a2e0-52adb8f6a167" testId="0daceb7c-e260-5834-018c-1b915068c3e8" testName="GetTransactionsInfoAsync_ShouldRequestDataFromServer_WhenDataIsRequested" computerName="DKSR-EFI-06" duration="00:00:00.0099123" startTime="2024-01-09T15:45:30.1544169+01:00" endTime="2024-01-09T15:45:30.1544169+01:00" testType="13cdc9d9-ddb5-4fa4-a97d-d965ccfc6d4b" outcome="Passed" testListId="8c84fa94-04c1-424b-9868-57a2d4851a1d" relativeResultsDirectory="077e1046-d049-4b74-a2e0-52adb8f6a167" />
    <UnitTestResult executionId="02f494ed-e237-417d-b5ea-e32a9a7afa74" testId="ffe6dd83-b0a2-dcd2-2aff-f8760429c701" testName="GetTransactionsInfoAsync_ShouldReturnEverything_WhenRequestingFullyCoveringInterval" computerName="DKSR-EFI-06" duration="00:00:00.0462705" startTime="2024-01-09T15:45:30.0294196+01:00" endTime="2024-01-09T15:45:30.0776206+01:00" testType="13cdc9d9-ddb5-4fa4-a97d-d965ccfc6d4b" outcome="Passed" testListId="8c84fa94-04c1-424b-9868-57a2d4851a1d" relativeResultsDirectory="02f494ed-e237-417d-b5ea-e32a9a7afa74" />
    <UnitTestResult executionId="462205c0-7bf2-4f2f-8fd7-55a94fb491b0" testId="86a9c020-071d-d74b-dbca-704b46f936dd" testName="Search_ShouldUsePageSizeOfOneHundred_WhenPerformingSearch" computerName="DKSR-EFI-06" duration="00:00:00.0026377" startTime="2024-01-09T15:45:22.7169151+01:00" endTime="2024-01-09T15:45:22.7169151+01:00" testType="13cdc9d9-ddb5-4fa4-a97d-d965ccfc6d4b" outcome="Passed" testListId="8c84fa94-04c1-424b-9868-57a2d4851a1d" relativeResultsDirectory="462205c0-7bf2-4f2f-8fd7-55a94fb491b0" />
    <UnitTestResult executionId="e14f9cee-1501-49f1-b548-5c3bd77b133c" testId="f780e2f0-8aa4-fbc9-1b70-c4596059ec15" testName="GetLinesForSourceByLineIdAsync_ShouldResultInLastLines_WhenRequestingPrecedingingFromAfterEnd" computerName="DKSR-EFI-06" duration="00:00:00.0326111" startTime="2024-01-09T15:45:29.9825424+01:00" endTime="2024-01-09T15:45:30.0294196+01:00" testType="13cdc9d9-ddb5-4fa4-a97d-d965ccfc6d4b" outcome="Passed" testListId="8c84fa94-04c1-424b-9868-57a2d4851a1d" relativeResultsDirectory="e14f9cee-1501-49f1-b548-5c3bd77b133c" />
    <UnitTestResult executionId="71b9aeb3-d92f-45d2-a58a-8ed64668133a" testId="f65eea7d-5154-389f-6f56-5eb356ffe94c" testName="NextPage_ShouldReturnCommandThatCanExcecute_WhenLastPageReturnedOneHundredElement" computerName="DKSR-EFI-06" duration="00:00:00.0011533" startTime="2024-01-09T15:45:22.8106632+01:00" endTime="2024-01-09T15:45:22.8106632+01:00" testType="13cdc9d9-ddb5-4fa4-a97d-d965ccfc6d4b" outcome="Passed" testListId="8c84fa94-04c1-424b-9868-57a2d4851a1d" relativeResultsDirectory="71b9aeb3-d92f-45d2-a58a-8ed64668133a" />
    <UnitTestResult executionId="73041ae0-6e3c-47d8-804e-68d266b1a346" testId="c350466b-1192-9ca3-d315-3d257d386282" testName="PageText_ShouldShowEntryNumbers_WhenSearchReturnsLessThanPageSize" computerName="DKSR-EFI-06" duration="00:00:00.0056450" startTime="2024-01-09T15:45:22.8419108+01:00" endTime="2024-01-09T15:45:22.8419108+01:00" testType="13cdc9d9-ddb5-4fa4-a97d-d965ccfc6d4b" outcome="Passed" testListId="8c84fa94-04c1-424b-9868-57a2d4851a1d" relativeResultsDirectory="73041ae0-6e3c-47d8-804e-68d266b1a346" />
    <UnitTestResult executionId="f0a83715-2c0f-4e6b-b7e4-b7582f370ee6" testId="06850c2e-13d1-77d9-3e5b-14454315bee5" testName="GetLinesAsync_ShouldOnlyRequestDataOnce_IfParametersAreClose" computerName="DKSR-EFI-06" duration="00:00:00.0041669" startTime="2024-01-09T15:45:30.1391439+01:00" endTime="2024-01-09T15:45:30.1391439+01:00" testType="13cdc9d9-ddb5-4fa4-a97d-d965ccfc6d4b" outcome="Passed" testListId="8c84fa94-04c1-424b-9868-57a2d4851a1d" relativeResultsDirectory="f0a83715-2c0f-4e6b-b7e4-b7582f370ee6" />
    <UnitTestResult executionId="2dcaf456-9c95-496b-9bed-7f6ae94f07eb" testId="171927ae-c569-1a36-856b-1abd1ef10dda" testName="NextPage_ShouldPerformSearchWithIncreasedPageCount_WhenCommandIsExecuted" computerName="DKSR-EFI-06" duration="00:00:00.0024357" startTime="2024-01-09T15:45:22.8262873+01:00" endTime="2024-01-09T15:45:22.8262873+01:00" testType="13cdc9d9-ddb5-4fa4-a97d-d965ccfc6d4b" outcome="Passed" testListId="8c84fa94-04c1-424b-9868-57a2d4851a1d" relativeResultsDirectory="2dcaf456-9c95-496b-9bed-7f6ae94f07eb" />
    <UnitTestResult executionId="0e154c04-54c2-4d90-b991-0881a4ab6fab" testId="02ba2c5d-c561-7ba7-6391-9bb827e359b7" testName="GetLinesForSourceByLineIdAsync_ShouldResultInOriginalInput_WhenRequestCoveringFullInterval" computerName="DKSR-EFI-06" duration="00:00:00.0736878" startTime="2024-01-09T15:45:29.8731687+01:00" endTime="2024-01-09T15:45:29.9356687+01:00" testType="13cdc9d9-ddb5-4fa4-a97d-d965ccfc6d4b" outcome="Passed" testListId="8c84fa94-04c1-424b-9868-57a2d4851a1d" relativeResultsDirectory="0e154c04-54c2-4d90-b991-0881a4ab6fab" />
    <UnitTestResult executionId="e51c3615-4093-42c2-b3d7-948f970b4684" testId="d4315414-e190-857a-319e-156f1b576ea2" testName="Search_ShouldResetPaging_WhenPerformingSearch" computerName="DKSR-EFI-06" duration="00:00:00.0500925" startTime="2024-01-09T15:45:22.6700392+01:00" endTime="2024-01-09T15:45:22.7169151+01:00" testType="13cdc9d9-ddb5-4fa4-a97d-d965ccfc6d4b" outcome="Passed" testListId="8c84fa94-04c1-424b-9868-57a2d4851a1d" relativeResultsDirectory="e51c3615-4093-42c2-b3d7-948f970b4684" />
    <UnitTestResult executionId="5f85b33d-09f9-4ccb-b9d1-087556ca375e" testId="87a1bf2e-e767-b71b-ad32-b63379f32408" testName="GetLinesForSourceByTimeAsync_ShouldResultInEmptyResult_WhenRequestCoveringIntervalBeforeData" computerName="DKSR-EFI-06" duration="00:00:00.0121267" startTime="2024-01-09T15:45:29.7794172+01:00" endTime="2024-01-09T15:45:29.7950423+01:00" testType="13cdc9d9-ddb5-4fa4-a97d-d965ccfc6d4b" outcome="Passed" testListId="8c84fa94-04c1-424b-9868-57a2d4851a1d" relativeResultsDirectory="5f85b33d-09f9-4ccb-b9d1-087556ca375e" />
    <UnitTestResult executionId="ccb18309-6759-4631-bc21-90f4a76e2227" testId="1d7faf5e-5545-cb61-91eb-2b9f7a94ab4f" testName="NextPage_ShouldReturnCommandThatCannotExcecute_WhenThereAreNoSearchResults" computerName="DKSR-EFI-06" duration="00:00:00.0005217" startTime="2024-01-09T15:45:22.7950388+01:00" endTime="2024-01-09T15:45:22.7950388+01:00" testType="13cdc9d9-ddb5-4fa4-a97d-d965ccfc6d4b" outcome="Passed" testListId="8c84fa94-04c1-424b-9868-57a2d4851a1d" relativeResultsDirectory="ccb18309-6759-4631-bc21-90f4a76e2227" />
  </Results>
  <TestDefinitions>
    <UnitTest name="Play_CompletesWhenStopIsCalled_AndGetLiveLinesSupportCancellation" storage="d:\actions-runner\_work\xpco\xpco\transact\transact\videoos.transact.clientplugin.unittests\bin\debug\videoos.transact.clientplugin.unittests.dll" id="f217624a-6dcb-6294-99b6-4796ec39f82c">
      <Execution id="d1ea471a-d426-41d1-8768-0d5456258463" />
      <TestMethod codeBase="D:\actions-runner\_work\XPCO\XPCO\Transact\Transact\VideoOS.Transact.ClientPlugin.UnitTests\bin\Debug\VideoOS.Transact.ClientPlugin.UnitTests.dll" adapterTypeName="executor://mstestadapter/v1" className="VideoOS.Transact.ClientPlugin.UnitTests.ReceiptControl.LiveReceiptViewModelTests" name="Play_CompletesWhenStopIsCalled_AndGetLiveLinesSupportCancellation" />
    </UnitTest>
    <UnitTest name="CurrentProgress_ShouldBe100_WhenStartedWithZeroTasks" storage="d:\actions-runner\_work\xpco\xpco\transact\transact\videoos.transact.clientplugin.unittests\bin\debug\videoos.transact.clientplugin.unittests.dll" id="d3789f4a-7cc7-3cf1-c1d0-436837961bad">
      <Execution id="89d7c044-11db-4038-98ac-9e412a00cffb" />
      <TestMethod codeBase="D:\actions-runner\_work\XPCO\XPCO\Transact\Transact\VideoOS.Transact.ClientPlugin.UnitTests\bin\Debug\VideoOS.Transact.ClientPlugin.UnitTests.dll" adapterTypeName="executor://mstestadapter/v1" className="VideoOS.Transact.ClientPlugin.UnitTests.Export.ProgressCalculatorTests" name="CurrentProgress_ShouldBe100_WhenStartedWithZeroTasks" />
    </UnitTest>
    <UnitTest name="GetLinesAsync_ShouldRequestWhatsNeeded_WhenMoreDataIsRequested" storage="d:\actions-runner\_work\xpco\xpco\transact\transact\videoos.transact.clientplugin.unittests\bin\debug\videoos.transact.clientplugin.unittests.dll" id="cec12963-d7a5-1e67-e933-679b07b0669b">
      <Execution id="1f9c4bfe-761f-4cf2-9f92-59144644460e" />
      <TestMethod codeBase="D:\actions-runner\_work\XPCO\XPCO\Transact\Transact\VideoOS.Transact.ClientPlugin.UnitTests\bin\Debug\VideoOS.Transact.ClientPlugin.UnitTests.dll" adapterTypeName="executor://mstestadapter/v1" className="VideoOS.Transact.ClientPlugin.UnitTests.DataAccess.PlaybackDataAccessTest" name="GetLinesAsync_ShouldRequestWhatsNeeded_WhenMoreDataIsRequested" />
    </UnitTest>
    <UnitTest name="GetLinesAsync_ShouldOnlyRequestDataOnce_IfParametersAreClose" storage="d:\actions-runner\_work\xpco\xpco\transact\transact\videoos.transact.clientplugin.unittests\bin\debug\videoos.transact.clientplugin.unittests.dll" id="06850c2e-13d1-77d9-3e5b-14454315bee5">
      <Execution id="f0a83715-2c0f-4e6b-b7e4-b7582f370ee6" />
      <TestMethod codeBase="D:\actions-runner\_work\XPCO\XPCO\Transact\Transact\VideoOS.Transact.ClientPlugin.UnitTests\bin\Debug\VideoOS.Transact.ClientPlugin.UnitTests.dll" adapterTypeName="executor://mstestadapter/v1" className="VideoOS.Transact.ClientPlugin.UnitTests.DataAccess.PlaybackDataAccessTest" name="GetLinesAsync_ShouldOnlyRequestDataOnce_IfParametersAreClose" />
    </UnitTest>
    <UnitTest name="PageText_ShouldShowEntryNumbers_WhenSearchReturnsPageSize" storage="d:\actions-runner\_work\xpco\xpco\transact\transact\videoos.transact.clientplugin.unittests\bin\debug\videoos.transact.clientplugin.unittests.dll" id="54928638-2568-65ae-5999-583f64a18b9f">
      <Execution id="5979ae5c-caf2-466c-9555-12a558701cfd" />
      <TestMethod codeBase="D:\actions-runner\_work\XPCO\XPCO\Transact\Transact\VideoOS.Transact.ClientPlugin.UnitTests\bin\Debug\VideoOS.Transact.ClientPlugin.UnitTests.dll" adapterTypeName="executor://mstestadapter/v1" className="VideoOS.Transact.ClientPlugin.UnitTests.WorkspaceViewItem.ViewModels.TransactWorkspaceViewModelTests" name="PageText_ShouldShowEntryNumbers_WhenSearchReturnsPageSize" />
    </UnitTest>
    <UnitTest name="SetTime_TransactionLinesAreUpdated_WhenPlayingBackwards_AndLinesAreNotOverlapping" storage="d:\actions-runner\_work\xpco\xpco\transact\transact\videoos.transact.clientplugin.unittests\bin\debug\videoos.transact.clientplugin.unittests.dll" id="bf058910-06dc-7988-3440-8bc7563a8f08">
      <Execution id="f016b6cf-23e7-4e4d-ac6a-ffab07742703" />
      <TestMethod codeBase="D:\actions-runner\_work\XPCO\XPCO\Transact\Transact\VideoOS.Transact.ClientPlugin.UnitTests\bin\Debug\VideoOS.Transact.ClientPlugin.UnitTests.dll" adapterTypeName="executor://mstestadapter/v1" className="VideoOS.Transact.ClientPlugin.UnitTests.ReceiptControl.PlaybackReceiptViewModelTests" name="SetTime_TransactionLinesAreUpdated_WhenPlayingBackwards_AndLinesAreNotOverlapping" />
    </UnitTest>
    <UnitTest name="SetTransaction_TransactionLinesAreUpdated_SecondTime" storage="d:\actions-runner\_work\xpco\xpco\transact\transact\videoos.transact.clientplugin.unittests\bin\debug\videoos.transact.clientplugin.unittests.dll" id="21a97a74-540e-f920-94c0-f99e6e81cf20">
      <Execution id="367bab81-95c5-4962-bcff-ac3db6e4d92c" />
      <TestMethod codeBase="D:\actions-runner\_work\XPCO\XPCO\Transact\Transact\VideoOS.Transact.ClientPlugin.UnitTests\bin\Debug\VideoOS.Transact.ClientPlugin.UnitTests.dll" adapterTypeName="executor://mstestadapter/v1" className="VideoOS.Transact.ClientPlugin.UnitTests.ReceiptControl.TransactionReceiptViewModelTests" name="SetTransaction_TransactionLinesAreUpdated_SecondTime" />
    </UnitTest>
    <UnitTest name="GetLinesForSourceByLineIdAsync_ShouldResultInFirstLines_WhenRequestingFollowingFromBeforeStart" storage="d:\actions-runner\_work\xpco\xpco\transact\transact\videoos.transact.clientplugin.unittests\bin\debug\videoos.transact.clientplugin.unittests.dll" id="22ec90da-07bb-fb58-5bf6-1e9c6d345dde">
      <TestCategory>
        <TestCategoryItem TestCategory="IntegrationTest" />
      </TestCategory>
      <Execution id="8483a5e6-16db-4d04-b837-294fcc77bcd1" />
      <TestMethod codeBase="D:\actions-runner\_work\XPCO\XPCO\Transact\Transact\VideoOS.Transact.ClientPlugin.UnitTests\bin\Debug\VideoOS.Transact.ClientPlugin.UnitTests.dll" adapterTypeName="executor://mstestadapter/v1" className="VideoOS.Transact.ClientPlugin.UnitTests.Export.OfflineFileManagerTests" name="GetLinesForSourceByLineIdAsync_ShouldResultInFirstLines_WhenRequestingFollowingFromBeforeStart" />
    </UnitTest>
    <UnitTest name="PageText_ShouldShowEntryNumbersForNextPage_WhenNextPageReturnedLessThanPageSize" storage="d:\actions-runner\_work\xpco\xpco\transact\transact\videoos.transact.clientplugin.unittests\bin\debug\videoos.transact.clientplugin.unittests.dll" id="022957a4-67f3-1b37-fc0c-3e42a75582c4">
      <Execution id="424fb0a7-6704-4041-83d1-d947d2113225" />
      <TestMethod codeBase="D:\actions-runner\_work\XPCO\XPCO\Transact\Transact\VideoOS.Transact.ClientPlugin.UnitTests\bin\Debug\VideoOS.Transact.ClientPlugin.UnitTests.dll" adapterTypeName="executor://mstestadapter/v1" className="VideoOS.Transact.ClientPlugin.UnitTests.WorkspaceViewItem.ViewModels.TransactWorkspaceViewModelTests" name="PageText_ShouldShowEntryNumbersForNextPage_WhenNextPageReturnedLessThanPageSize" />
    </UnitTest>
    <UnitTest name="NextPage_ShouldReturnCommandThatCanExcecute_WhenLastPageReturnedOneHundredElement" storage="d:\actions-runner\_work\xpco\xpco\transact\transact\videoos.transact.clientplugin.unittests\bin\debug\videoos.transact.clientplugin.unittests.dll" id="f65eea7d-5154-389f-6f56-5eb356ffe94c">
      <Execution id="71b9aeb3-d92f-45d2-a58a-8ed64668133a" />
      <TestMethod codeBase="D:\actions-runner\_work\XPCO\XPCO\Transact\Transact\VideoOS.Transact.ClientPlugin.UnitTests\bin\Debug\VideoOS.Transact.ClientPlugin.UnitTests.dll" adapterTypeName="executor://mstestadapter/v1" className="VideoOS.Transact.ClientPlugin.UnitTests.WorkspaceViewItem.ViewModels.TransactWorkspaceViewModelTests" name="NextPage_ShouldReturnCommandThatCanExcecute_WhenLastPageReturnedOneHundredElement" />
    </UnitTest>
    <UnitTest name="NextPage_ShouldReturnCommandThatCannotExcecute_WhenThereAreNoSearchResults" storage="d:\actions-runner\_work\xpco\xpco\transact\transact\videoos.transact.clientplugin.unittests\bin\debug\videoos.transact.clientplugin.unittests.dll" id="1d7faf5e-5545-cb61-91eb-2b9f7a94ab4f">
      <Execution id="ccb18309-6759-4631-bc21-90f4a76e2227" />
      <TestMethod codeBase="D:\actions-runner\_work\XPCO\XPCO\Transact\Transact\VideoOS.Transact.ClientPlugin.UnitTests\bin\Debug\VideoOS.Transact.ClientPlugin.UnitTests.dll" adapterTypeName="executor://mstestadapter/v1" className="VideoOS.Transact.ClientPlugin.UnitTests.WorkspaceViewItem.ViewModels.TransactWorkspaceViewModelTests" name="NextPage_ShouldReturnCommandThatCannotExcecute_WhenThereAreNoSearchResults" />
    </UnitTest>
    <UnitTest name="PreviousPage_ShouldReturnCommandThatCanExcecute_WhenNotOnFirstPage" storage="d:\actions-runner\_work\xpco\xpco\transact\transact\videoos.transact.clientplugin.unittests\bin\debug\videoos.transact.clientplugin.unittests.dll" id="38712231-f662-899d-bcbf-e9a7ec558e5a">
      <Execution id="a49e1756-c114-41f0-a546-c11bfc750275" />
      <TestMethod codeBase="D:\actions-runner\_work\XPCO\XPCO\Transact\Transact\VideoOS.Transact.ClientPlugin.UnitTests\bin\Debug\VideoOS.Transact.ClientPlugin.UnitTests.dll" adapterTypeName="executor://mstestadapter/v1" className="VideoOS.Transact.ClientPlugin.UnitTests.WorkspaceViewItem.ViewModels.TransactWorkspaceViewModelTests" name="PreviousPage_ShouldReturnCommandThatCanExcecute_WhenNotOnFirstPage" />
    </UnitTest>
    <UnitTest name="PageText_ShouldReturnEmptyString_WhenSearchFails" storage="d:\actions-runner\_work\xpco\xpco\transact\transact\videoos.transact.clientplugin.unittests\bin\debug\videoos.transact.clientplugin.unittests.dll" id="e5e15daa-9102-455c-36f1-d368cdad4b51">
      <Execution id="f45e01a3-e230-4933-b808-07f307a87e9f" />
      <TestMethod codeBase="D:\actions-runner\_work\XPCO\XPCO\Transact\Transact\VideoOS.Transact.ClientPlugin.UnitTests\bin\Debug\VideoOS.Transact.ClientPlugin.UnitTests.dll" adapterTypeName="executor://mstestadapter/v1" className="VideoOS.Transact.ClientPlugin.UnitTests.WorkspaceViewItem.ViewModels.TransactWorkspaceViewModelTests" name="PageText_ShouldReturnEmptyString_WhenSearchFails" />
    </UnitTest>
    <UnitTest name="CurrentProgress_ShouldBe30_When3TasksCompleted" storage="d:\actions-runner\_work\xpco\xpco\transact\transact\videoos.transact.clientplugin.unittests\bin\debug\videoos.transact.clientplugin.unittests.dll" id="f89291ce-a835-1e89-0ecc-c778c1f9427a">
      <Execution id="d07653dc-aee0-4465-be8a-9c116c96fca9" />
      <TestMethod codeBase="D:\actions-runner\_work\XPCO\XPCO\Transact\Transact\VideoOS.Transact.ClientPlugin.UnitTests\bin\Debug\VideoOS.Transact.ClientPlugin.UnitTests.dll" adapterTypeName="executor://mstestadapter/v1" className="VideoOS.Transact.ClientPlugin.UnitTests.Export.ProgressCalculatorTests" name="CurrentProgress_ShouldBe30_When3TasksCompleted" />
    </UnitTest>
    <UnitTest name="Search_ShouldSetServerError_WhenCallFails" storage="d:\actions-runner\_work\xpco\xpco\transact\transact\videoos.transact.clientplugin.unittests\bin\debug\videoos.transact.clientplugin.unittests.dll" id="1debab6c-ee51-579e-3dae-f4680190cba7">
      <Execution id="e740c3c8-aceb-4d74-a3e5-194f4ee58fd6" />
      <TestMethod codeBase="D:\actions-runner\_work\XPCO\XPCO\Transact\Transact\VideoOS.Transact.ClientPlugin.UnitTests\bin\Debug\VideoOS.Transact.ClientPlugin.UnitTests.dll" adapterTypeName="executor://mstestadapter/v1" className="VideoOS.Transact.ClientPlugin.UnitTests.WorkspaceViewItem.ViewModels.TransactWorkspaceViewModelTests" name="Search_ShouldSetServerError_WhenCallFails" />
    </UnitTest>
    <UnitTest name="Search_ShouldResetPaging_WhenPerformingSearch" storage="d:\actions-runner\_work\xpco\xpco\transact\transact\videoos.transact.clientplugin.unittests\bin\debug\videoos.transact.clientplugin.unittests.dll" id="d4315414-e190-857a-319e-156f1b576ea2">
      <Execution id="e51c3615-4093-42c2-b3d7-948f970b4684" />
      <TestMethod codeBase="D:\actions-runner\_work\XPCO\XPCO\Transact\Transact\VideoOS.Transact.ClientPlugin.UnitTests\bin\Debug\VideoOS.Transact.ClientPlugin.UnitTests.dll" adapterTypeName="executor://mstestadapter/v1" className="VideoOS.Transact.ClientPlugin.UnitTests.WorkspaceViewItem.ViewModels.TransactWorkspaceViewModelTests" name="Search_ShouldResetPaging_WhenPerformingSearch" />
    </UnitTest>
    <UnitTest name="SetTime_TransactionLinesAreUpdated_WhenPlayingBackwards_AndLinesAreOverlapping" storage="d:\actions-runner\_work\xpco\xpco\transact\transact\videoos.transact.clientplugin.unittests\bin\debug\videoos.transact.clientplugin.unittests.dll" id="eed27256-aeca-55d8-05d8-3e45354f2130">
      <Execution id="8438d76c-a994-4e65-9912-775dabdb35f3" />
      <TestMethod codeBase="D:\actions-runner\_work\XPCO\XPCO\Transact\Transact\VideoOS.Transact.ClientPlugin.UnitTests\bin\Debug\VideoOS.Transact.ClientPlugin.UnitTests.dll" adapterTypeName="executor://mstestadapter/v1" className="VideoOS.Transact.ClientPlugin.UnitTests.ReceiptControl.PlaybackReceiptViewModelTests" name="SetTime_TransactionLinesAreUpdated_WhenPlayingBackwards_AndLinesAreOverlapping" />
    </UnitTest>
    <UnitTest name="GetLinesForSourceByLineIdAsync_ShouldResultInEmptyResult_WhenRequestCoveringIntervalBeforeData" storage="d:\actions-runner\_work\xpco\xpco\transact\transact\videoos.transact.clientplugin.unittests\bin\debug\videoos.transact.clientplugin.unittests.dll" id="7298d026-cf68-74f2-b11a-e476e308bc9c">
      <TestCategory>
        <TestCategoryItem TestCategory="IntegrationTest" />
      </TestCategory>
      <Execution id="015b0d77-781e-4592-873a-31b101efdfca" />
      <TestMethod codeBase="D:\actions-runner\_work\XPCO\XPCO\Transact\Transact\VideoOS.Transact.ClientPlugin.UnitTests\bin\Debug\VideoOS.Transact.ClientPlugin.UnitTests.dll" adapterTypeName="executor://mstestadapter/v1" className="VideoOS.Transact.ClientPlugin.UnitTests.Export.OfflineFileManagerTests" name="GetLinesForSourceByLineIdAsync_ShouldResultInEmptyResult_WhenRequestCoveringIntervalBeforeData" />
    </UnitTest>
    <UnitTest name="GetLinesForSourceByTimeAsync_ShouldResultInOriginalInput_WhenRequestCoveringFullInterval" storage="d:\actions-runner\_work\xpco\xpco\transact\transact\videoos.transact.clientplugin.unittests\bin\debug\videoos.transact.clientplugin.unittests.dll" id="0d775d26-5092-1b7a-bd51-0919604e34db">
      <TestCategory>
        <TestCategoryItem TestCategory="IntegrationTest" />
      </TestCategory>
      <Execution id="e4efa665-027b-4bcd-a5d9-0543deadfaa9" />
      <TestMethod codeBase="D:\actions-runner\_work\XPCO\XPCO\Transact\Transact\VideoOS.Transact.ClientPlugin.UnitTests\bin\Debug\VideoOS.Transact.ClientPlugin.UnitTests.dll" adapterTypeName="executor://mstestadapter/v1" className="VideoOS.Transact.ClientPlugin.UnitTests.Export.OfflineFileManagerTests" name="GetLinesForSourceByTimeAsync_ShouldResultInOriginalInput_WhenRequestCoveringFullInterval" />
    </UnitTest>
    <UnitTest name="WhenFontSizeIsLargeNextShouldBeSmall" storage="d:\actions-runner\_work\xpco\xpco\transact\transact\videoos.transact.clientplugin.unittests\bin\debug\videoos.transact.clientplugin.unittests.dll" id="ac2119fe-a976-2f66-f87c-bdfe9b93afa4">
      <Execution id="4147aded-aa00-4e35-9cb5-e46a92d003de" />
      <TestMethod codeBase="D:\actions-runner\_work\XPCO\XPCO\Transact\Transact\VideoOS.Transact.ClientPlugin.UnitTests\bin\Debug\VideoOS.Transact.ClientPlugin.UnitTests.dll" adapterTypeName="executor://mstestadapter/v1" className="VideoOS.Transact.ClientPlugin.UnitTests.ReceiptControl.FontSizeIteratorTests" name="WhenFontSizeIsLargeNextShouldBeSmall" />
    </UnitTest>
    <UnitTest name="WhenFontSizeIsSmallNextShouldBeMedium" storage="d:\actions-runner\_work\xpco\xpco\transact\transact\videoos.transact.clientplugin.unittests\bin\debug\videoos.transact.clientplugin.unittests.dll" id="561b608d-4e8d-ea98-ea40-5fdfde4d6acb">
      <Execution id="d092defb-eb1f-4dab-adf0-8c19511e089c" />
      <TestMethod codeBase="D:\actions-runner\_work\XPCO\XPCO\Transact\Transact\VideoOS.Transact.ClientPlugin.UnitTests\bin\Debug\VideoOS.Transact.ClientPlugin.UnitTests.dll" adapterTypeName="executor://mstestadapter/v1" className="VideoOS.Transact.ClientPlugin.UnitTests.ReceiptControl.FontSizeIteratorTests" name="WhenFontSizeIsSmallNextShouldBeMedium" />
    </UnitTest>
    <UnitTest name="Search_ShouldReturnCommandThatCanExcecute_WhenSearchTextIsNull" storage="d:\actions-runner\_work\xpco\xpco\transact\transact\videoos.transact.clientplugin.unittests\bin\debug\videoos.transact.clientplugin.unittests.dll" id="82c24d76-4e7f-530f-b93c-c0d9c48bd87b">
      <Execution id="2ee8b0f2-c450-431a-b253-b35e2e33b443" />
      <TestMethod codeBase="D:\actions-runner\_work\XPCO\XPCO\Transact\Transact\VideoOS.Transact.ClientPlugin.UnitTests\bin\Debug\VideoOS.Transact.ClientPlugin.UnitTests.dll" adapterTypeName="executor://mstestadapter/v1" className="VideoOS.Transact.ClientPlugin.UnitTests.WorkspaceViewItem.ViewModels.TransactWorkspaceViewModelTests" name="Search_ShouldReturnCommandThatCanExcecute_WhenSearchTextIsNull" />
    </UnitTest>
    <UnitTest name="Search_ShouldResetServerError_WhenCallSucceedsAfterFailedCall" storage="d:\actions-runner\_work\xpco\xpco\transact\transact\videoos.transact.clientplugin.unittests\bin\debug\videoos.transact.clientplugin.unittests.dll" id="72169bd1-391e-477c-f100-71909bab1526">
      <Execution id="222f00fc-646f-4fcf-aa78-097049621d32" />
      <TestMethod codeBase="D:\actions-runner\_work\XPCO\XPCO\Transact\Transact\VideoOS.Transact.ClientPlugin.UnitTests\bin\Debug\VideoOS.Transact.ClientPlugin.UnitTests.dll" adapterTypeName="executor://mstestadapter/v1" className="VideoOS.Transact.ClientPlugin.UnitTests.WorkspaceViewItem.ViewModels.TransactWorkspaceViewModelTests" name="Search_ShouldResetServerError_WhenCallSucceedsAfterFailedCall" />
    </UnitTest>
    <UnitTest name="SearchTimeIntervalBegin_ShouldBeConvertedToUtc_WhenPerformingSearch" storage="d:\actions-runner\_work\xpco\xpco\transact\transact\videoos.transact.clientplugin.unittests\bin\debug\videoos.transact.clientplugin.unittests.dll" id="f25b8f69-d174-906a-dbdb-9388572b10dd">
      <Execution id="1cb10d37-1b28-4ebd-9654-b07a60f4e82a" />
      <TestMethod codeBase="D:\actions-runner\_work\XPCO\XPCO\Transact\Transact\VideoOS.Transact.ClientPlugin.UnitTests\bin\Debug\VideoOS.Transact.ClientPlugin.UnitTests.dll" adapterTypeName="executor://mstestadapter/v1" className="VideoOS.Transact.ClientPlugin.UnitTests.WorkspaceViewItem.ViewModels.TransactWorkspaceViewModelTests" name="SearchTimeIntervalBegin_ShouldBeConvertedToUtc_WhenPerformingSearch" />
    </UnitTest>
    <UnitTest name="CurrentProgress_ShouldBe100_WhenEnded" storage="d:\actions-runner\_work\xpco\xpco\transact\transact\videoos.transact.clientplugin.unittests\bin\debug\videoos.transact.clientplugin.unittests.dll" id="289cc288-6d1f-0e0e-91ad-c922d6835c22">
      <Execution id="0169f2b5-7373-4bb4-8187-dfb9366008b0" />
      <TestMethod codeBase="D:\actions-runner\_work\XPCO\XPCO\Transact\Transact\VideoOS.Transact.ClientPlugin.UnitTests\bin\Debug\VideoOS.Transact.ClientPlugin.UnitTests.dll" adapterTypeName="executor://mstestadapter/v1" className="VideoOS.Transact.ClientPlugin.UnitTests.Export.ProgressCalculatorTests" name="CurrentProgress_ShouldBe100_WhenEnded" />
    </UnitTest>
    <UnitTest name="GetLinesForSourceByLineIdAsync_ShouldResultInOriginalInput_WhenRequestCoveringFullInterval" storage="d:\actions-runner\_work\xpco\xpco\transact\transact\videoos.transact.clientplugin.unittests\bin\debug\videoos.transact.clientplugin.unittests.dll" id="02ba2c5d-c561-7ba7-6391-9bb827e359b7">
      <TestCategory>
        <TestCategoryItem TestCategory="IntegrationTest" />
      </TestCategory>
      <Execution id="0e154c04-54c2-4d90-b991-0881a4ab6fab" />
      <TestMethod codeBase="D:\actions-runner\_work\XPCO\XPCO\Transact\Transact\VideoOS.Transact.ClientPlugin.UnitTests\bin\Debug\VideoOS.Transact.ClientPlugin.UnitTests.dll" adapterTypeName="executor://mstestadapter/v1" className="VideoOS.Transact.ClientPlugin.UnitTests.Export.OfflineFileManagerTests" name="GetLinesForSourceByLineIdAsync_ShouldResultInOriginalInput_WhenRequestCoveringFullInterval" />
    </UnitTest>
    <UnitTest name="Play_TransactionLines_ShouldBeLastNLines" storage="d:\actions-runner\_work\xpco\xpco\transact\transact\videoos.transact.clientplugin.unittests\bin\debug\videoos.transact.clientplugin.unittests.dll" id="a265e357-20fd-bd47-5dd2-47d828981f83">
      <Execution id="0136def3-54e9-4e33-8a16-7d98046ac11d" />
      <TestMethod codeBase="D:\actions-runner\_work\XPCO\XPCO\Transact\Transact\VideoOS.Transact.ClientPlugin.UnitTests\bin\Debug\VideoOS.Transact.ClientPlugin.UnitTests.dll" adapterTypeName="executor://mstestadapter/v1" className="VideoOS.Transact.ClientPlugin.UnitTests.ReceiptControl.LiveReceiptViewModelTests" name="Play_TransactionLines_ShouldBeLastNLines" />
    </UnitTest>
    <UnitTest name="SetTime_TransactionLinesAreUpdated_WhenPLayingForwards_AndLinesAreNotOverlapping" storage="d:\actions-runner\_work\xpco\xpco\transact\transact\videoos.transact.clientplugin.unittests\bin\debug\videoos.transact.clientplugin.unittests.dll" id="dbdafad0-a854-c313-35c9-c37a148bb75a">
      <Execution id="4f634413-7b9e-4708-9bd2-277768c855f4" />
      <TestMethod codeBase="D:\actions-runner\_work\XPCO\XPCO\Transact\Transact\VideoOS.Transact.ClientPlugin.UnitTests\bin\Debug\VideoOS.Transact.ClientPlugin.UnitTests.dll" adapterTypeName="executor://mstestadapter/v1" className="VideoOS.Transact.ClientPlugin.UnitTests.ReceiptControl.PlaybackReceiptViewModelTests" name="SetTime_TransactionLinesAreUpdated_WhenPLayingForwards_AndLinesAreNotOverlapping" />
    </UnitTest>
    <UnitTest name="PageText_ShouldShowEntryNumbers_WhenSearchReturnsLessThanPageSize" storage="d:\actions-runner\_work\xpco\xpco\transact\transact\videoos.transact.clientplugin.unittests\bin\debug\videoos.transact.clientplugin.unittests.dll" id="c350466b-1192-9ca3-d315-3d257d386282">
      <Execution id="73041ae0-6e3c-47d8-804e-68d266b1a346" />
      <TestMethod codeBase="D:\actions-runner\_work\XPCO\XPCO\Transact\Transact\VideoOS.Transact.ClientPlugin.UnitTests\bin\Debug\VideoOS.Transact.ClientPlugin.UnitTests.dll" adapterTypeName="executor://mstestadapter/v1" className="VideoOS.Transact.ClientPlugin.UnitTests.WorkspaceViewItem.ViewModels.TransactWorkspaceViewModelTests" name="PageText_ShouldShowEntryNumbers_WhenSearchReturnsLessThanPageSize" />
    </UnitTest>
    <UnitTest name="Search_ShouldUsePageSizeOfOneHundred_WhenPerformingSearch" storage="d:\actions-runner\_work\xpco\xpco\transact\transact\videoos.transact.clientplugin.unittests\bin\debug\videoos.transact.clientplugin.unittests.dll" id="86a9c020-071d-d74b-dbca-704b46f936dd">
      <Execution id="462205c0-7bf2-4f2f-8fd7-55a94fb491b0" />
      <TestMethod codeBase="D:\actions-runner\_work\XPCO\XPCO\Transact\Transact\VideoOS.Transact.ClientPlugin.UnitTests\bin\Debug\VideoOS.Transact.ClientPlugin.UnitTests.dll" adapterTypeName="executor://mstestadapter/v1" className="VideoOS.Transact.ClientPlugin.UnitTests.WorkspaceViewItem.ViewModels.TransactWorkspaceViewModelTests" name="Search_ShouldUsePageSizeOfOneHundred_WhenPerformingSearch" />
    </UnitTest>
    <UnitTest name="GetTransactionsInfoAsync_ShouldRequestDataFromServer_WhenDataIsRequested" storage="d:\actions-runner\_work\xpco\xpco\transact\transact\videoos.transact.clientplugin.unittests\bin\debug\videoos.transact.clientplugin.unittests.dll" id="0daceb7c-e260-5834-018c-1b915068c3e8">
      <Execution id="077e1046-d049-4b74-a2e0-52adb8f6a167" />
      <TestMethod codeBase="D:\actions-runner\_work\XPCO\XPCO\Transact\Transact\VideoOS.Transact.ClientPlugin.UnitTests\bin\Debug\VideoOS.Transact.ClientPlugin.UnitTests.dll" adapterTypeName="executor://mstestadapter/v1" className="VideoOS.Transact.ClientPlugin.UnitTests.DataAccess.PlaybackDataAccessTest" name="GetTransactionsInfoAsync_ShouldRequestDataFromServer_WhenDataIsRequested" />
    </UnitTest>
    <UnitTest name="Search_ShouldPopulateTransactLines_WhenSuccessful" storage="d:\actions-runner\_work\xpco\xpco\transact\transact\videoos.transact.clientplugin.unittests\bin\debug\videoos.transact.clientplugin.unittests.dll" id="2de13ac9-f68a-8607-2fbc-6bc3836fe78e">
      <Execution id="bd29eca0-952c-4113-baee-10dff38fb681" />
      <TestMethod codeBase="D:\actions-runner\_work\XPCO\XPCO\Transact\Transact\VideoOS.Transact.ClientPlugin.UnitTests\bin\Debug\VideoOS.Transact.ClientPlugin.UnitTests.dll" adapterTypeName="executor://mstestadapter/v1" className="VideoOS.Transact.ClientPlugin.UnitTests.WorkspaceViewItem.ViewModels.TransactWorkspaceViewModelTests" name="Search_ShouldPopulateTransactLines_WhenSuccessful" />
    </UnitTest>
    <UnitTest name="SearchTimeIntervalEnd_ShouldBeConvertedToUtc_WhenPerformingSearch" storage="d:\actions-runner\_work\xpco\xpco\transact\transact\videoos.transact.clientplugin.unittests\bin\debug\videoos.transact.clientplugin.unittests.dll" id="04f1a62c-7e9d-57e9-b61a-190d14a83710">
      <Execution id="3898d90a-e70d-45fc-ac14-40acebc9c293" />
      <TestMethod codeBase="D:\actions-runner\_work\XPCO\XPCO\Transact\Transact\VideoOS.Transact.ClientPlugin.UnitTests\bin\Debug\VideoOS.Transact.ClientPlugin.UnitTests.dll" adapterTypeName="executor://mstestadapter/v1" className="VideoOS.Transact.ClientPlugin.UnitTests.WorkspaceViewItem.ViewModels.TransactWorkspaceViewModelTests" name="SearchTimeIntervalEnd_ShouldBeConvertedToUtc_WhenPerformingSearch" />
    </UnitTest>
    <UnitTest name="GetLinesAsync_ShouldReturnRequestedData_WhenAvailable" storage="d:\actions-runner\_work\xpco\xpco\transact\transact\videoos.transact.clientplugin.unittests\bin\debug\videoos.transact.clientplugin.unittests.dll" id="86f28ff2-1114-c11a-e789-738714c14443">
      <Execution id="59c00b67-6a39-4d2f-8924-0219ccca85d2" />
      <TestMethod codeBase="D:\actions-runner\_work\XPCO\XPCO\Transact\Transact\VideoOS.Transact.ClientPlugin.UnitTests\bin\Debug\VideoOS.Transact.ClientPlugin.UnitTests.dll" adapterTypeName="executor://mstestadapter/v1" className="VideoOS.Transact.ClientPlugin.UnitTests.DataAccess.PlaybackDataAccessTest" name="GetLinesAsync_ShouldReturnRequestedData_WhenAvailable" />
    </UnitTest>
    <UnitTest name="PreviousPage_ShouldPopulateTransactLines_WhenSuccessful" storage="d:\actions-runner\_work\xpco\xpco\transact\transact\videoos.transact.clientplugin.unittests\bin\debug\videoos.transact.clientplugin.unittests.dll" id="8776b360-933b-be4c-2933-875c04ad0019">
      <Execution id="67f40443-241a-4a7e-bfd7-0fe63fa49a5e" />
      <TestMethod codeBase="D:\actions-runner\_work\XPCO\XPCO\Transact\Transact\VideoOS.Transact.ClientPlugin.UnitTests\bin\Debug\VideoOS.Transact.ClientPlugin.UnitTests.dll" adapterTypeName="executor://mstestadapter/v1" className="VideoOS.Transact.ClientPlugin.UnitTests.WorkspaceViewItem.ViewModels.TransactWorkspaceViewModelTests" name="PreviousPage_ShouldPopulateTransactLines_WhenSuccessful" />
    </UnitTest>
    <UnitTest name="GetLinesForSourceByTimeAsync_ShouldResultInEmptyResult_WhenRequestCoveringIntervalBeforeData" storage="d:\actions-runner\_work\xpco\xpco\transact\transact\videoos.transact.clientplugin.unittests\bin\debug\videoos.transact.clientplugin.unittests.dll" id="87a1bf2e-e767-b71b-ad32-b63379f32408">
      <TestCategory>
        <TestCategoryItem TestCategory="IntegrationTest" />
      </TestCategory>
      <Execution id="5f85b33d-09f9-4ccb-b9d1-087556ca375e" />
      <TestMethod codeBase="D:\actions-runner\_work\XPCO\XPCO\Transact\Transact\VideoOS.Transact.ClientPlugin.UnitTests\bin\Debug\VideoOS.Transact.ClientPlugin.UnitTests.dll" adapterTypeName="executor://mstestadapter/v1" className="VideoOS.Transact.ClientPlugin.UnitTests.Export.OfflineFileManagerTests" name="GetLinesForSourceByTimeAsync_ShouldResultInEmptyResult_WhenRequestCoveringIntervalBeforeData" />
    </UnitTest>
    <UnitTest name="SetTime_TransactionLinesAreUpdated_WhenPLayingForwards_AndLinesAreOverlapping" storage="d:\actions-runner\_work\xpco\xpco\transact\transact\videoos.transact.clientplugin.unittests\bin\debug\videoos.transact.clientplugin.unittests.dll" id="0c31ad45-b949-ad41-4595-01d0d8224217">
      <Execution id="946cf515-5853-4e46-9804-4abf4ff6f065" />
      <TestMethod codeBase="D:\actions-runner\_work\XPCO\XPCO\Transact\Transact\VideoOS.Transact.ClientPlugin.UnitTests\bin\Debug\VideoOS.Transact.ClientPlugin.UnitTests.dll" adapterTypeName="executor://mstestadapter/v1" className="VideoOS.Transact.ClientPlugin.UnitTests.ReceiptControl.PlaybackReceiptViewModelTests" name="SetTime_TransactionLinesAreUpdated_WhenPLayingForwards_AndLinesAreOverlapping" />
    </UnitTest>
    <UnitTest name="CurrentProgress_ShouldBe0_WhenJustStarted" storage="d:\actions-runner\_work\xpco\xpco\transact\transact\videoos.transact.clientplugin.unittests\bin\debug\videoos.transact.clientplugin.unittests.dll" id="2e8cc522-735d-0a91-e16d-8e9b72087b38">
      <Execution id="63848aa6-52eb-4426-b004-b2a4803f3a05" />
      <TestMethod codeBase="D:\actions-runner\_work\XPCO\XPCO\Transact\Transact\VideoOS.Transact.ClientPlugin.UnitTests\bin\Debug\VideoOS.Transact.ClientPlugin.UnitTests.dll" adapterTypeName="executor://mstestadapter/v1" className="VideoOS.Transact.ClientPlugin.UnitTests.Export.ProgressCalculatorTests" name="CurrentProgress_ShouldBe0_WhenJustStarted" />
    </UnitTest>
    <UnitTest name="NextPage_ShouldReturnCommandThatCannotExcecute_WhenLastSearchReturnedLessThanOneHundredElements" storage="d:\actions-runner\_work\xpco\xpco\transact\transact\videoos.transact.clientplugin.unittests\bin\debug\videoos.transact.clientplugin.unittests.dll" id="a1ae6be9-61cf-954c-fefe-9710703bcd87">
      <Execution id="85e5b05a-137b-41e8-8b02-f3ff5f108e75" />
      <TestMethod codeBase="D:\actions-runner\_work\XPCO\XPCO\Transact\Transact\VideoOS.Transact.ClientPlugin.UnitTests\bin\Debug\VideoOS.Transact.ClientPlugin.UnitTests.dll" adapterTypeName="executor://mstestadapter/v1" className="VideoOS.Transact.ClientPlugin.UnitTests.WorkspaceViewItem.ViewModels.TransactWorkspaceViewModelTests" name="NextPage_ShouldReturnCommandThatCannotExcecute_WhenLastSearchReturnedLessThanOneHundredElements" />
    </UnitTest>
    <UnitTest name="PreviousPage_ShouldReturnCommandThatCannotExcecute_WhenThereAreServerErrors" storage="d:\actions-runner\_work\xpco\xpco\transact\transact\videoos.transact.clientplugin.unittests\bin\debug\videoos.transact.clientplugin.unittests.dll" id="98289b2f-0bf4-66e4-4adb-b25fac300a25">
      <Execution id="1e0bf2af-1c4e-4cb0-a364-87364df425f6" />
      <TestMethod codeBase="D:\actions-runner\_work\XPCO\XPCO\Transact\Transact\VideoOS.Transact.ClientPlugin.UnitTests\bin\Debug\VideoOS.Transact.ClientPlugin.UnitTests.dll" adapterTypeName="executor://mstestadapter/v1" className="VideoOS.Transact.ClientPlugin.UnitTests.WorkspaceViewItem.ViewModels.TransactWorkspaceViewModelTests" name="PreviousPage_ShouldReturnCommandThatCannotExcecute_WhenThereAreServerErrors" />
    </UnitTest>
    <UnitTest name="GetTransactionsInfoAsync_ShouldReturnEverything_WhenRequestingFullyCoveringInterval" storage="d:\actions-runner\_work\xpco\xpco\transact\transact\videoos.transact.clientplugin.unittests\bin\debug\videoos.transact.clientplugin.unittests.dll" id="ffe6dd83-b0a2-dcd2-2aff-f8760429c701">
      <TestCategory>
        <TestCategoryItem TestCategory="IntegrationTest" />
      </TestCategory>
      <Execution id="02f494ed-e237-417d-b5ea-e32a9a7afa74" />
      <TestMethod codeBase="D:\actions-runner\_work\XPCO\XPCO\Transact\Transact\VideoOS.Transact.ClientPlugin.UnitTests\bin\Debug\VideoOS.Transact.ClientPlugin.UnitTests.dll" adapterTypeName="executor://mstestadapter/v1" className="VideoOS.Transact.ClientPlugin.UnitTests.Export.OfflineFileManagerTests" name="GetTransactionsInfoAsync_ShouldReturnEverything_WhenRequestingFullyCoveringInterval" />
    </UnitTest>
    <UnitTest name="NextPage_ShouldReturnCommandThatCannotExcecute_WhenThereAreServerErrors" storage="d:\actions-runner\_work\xpco\xpco\transact\transact\videoos.transact.clientplugin.unittests\bin\debug\videoos.transact.clientplugin.unittests.dll" id="7f347f46-c374-378f-329f-9607c6be45b8">
      <Execution id="5204c488-4294-4389-b4a1-2d93ac1d5826" />
      <TestMethod codeBase="D:\actions-runner\_work\XPCO\XPCO\Transact\Transact\VideoOS.Transact.ClientPlugin.UnitTests\bin\Debug\VideoOS.Transact.ClientPlugin.UnitTests.dll" adapterTypeName="executor://mstestadapter/v1" className="VideoOS.Transact.ClientPlugin.UnitTests.WorkspaceViewItem.ViewModels.TransactWorkspaceViewModelTests" name="NextPage_ShouldReturnCommandThatCannotExcecute_WhenThereAreServerErrors" />
    </UnitTest>
    <UnitTest name="PreviousPage_ShouldReturnCommandThatCannotExcecute_WhenOnFirstPage" storage="d:\actions-runner\_work\xpco\xpco\transact\transact\videoos.transact.clientplugin.unittests\bin\debug\videoos.transact.clientplugin.unittests.dll" id="a7c055bf-156d-70d4-9082-e9e71683bbef">
      <Execution id="ec43a085-ff5c-4049-9b85-4a813f84c644" />
      <TestMethod codeBase="D:\actions-runner\_work\XPCO\XPCO\Transact\Transact\VideoOS.Transact.ClientPlugin.UnitTests\bin\Debug\VideoOS.Transact.ClientPlugin.UnitTests.dll" adapterTypeName="executor://mstestadapter/v1" className="VideoOS.Transact.ClientPlugin.UnitTests.WorkspaceViewItem.ViewModels.TransactWorkspaceViewModelTests" name="PreviousPage_ShouldReturnCommandThatCannotExcecute_WhenOnFirstPage" />
    </UnitTest>
    <UnitTest name="NextPage_ShouldPerformSearchWithIncreasedPageCount_WhenCommandIsExecuted" storage="d:\actions-runner\_work\xpco\xpco\transact\transact\videoos.transact.clientplugin.unittests\bin\debug\videoos.transact.clientplugin.unittests.dll" id="171927ae-c569-1a36-856b-1abd1ef10dda">
      <Execution id="2dcaf456-9c95-496b-9bed-7f6ae94f07eb" />
      <TestMethod codeBase="D:\actions-runner\_work\XPCO\XPCO\Transact\Transact\VideoOS.Transact.ClientPlugin.UnitTests\bin\Debug\VideoOS.Transact.ClientPlugin.UnitTests.dll" adapterTypeName="executor://mstestadapter/v1" className="VideoOS.Transact.ClientPlugin.UnitTests.WorkspaceViewItem.ViewModels.TransactWorkspaceViewModelTests" name="NextPage_ShouldPerformSearchWithIncreasedPageCount_WhenCommandIsExecuted" />
    </UnitTest>
    <UnitTest name="CurrentProgress_ShouldBe25_When2TasksAnd2SubTasksCompleted" storage="d:\actions-runner\_work\xpco\xpco\transact\transact\videoos.transact.clientplugin.unittests\bin\debug\videoos.transact.clientplugin.unittests.dll" id="6ed6b643-18e6-5de5-247c-b95c1e2d88c0">
      <Execution id="a018e4c7-b891-4917-8330-6a109a34f14d" />
      <TestMethod codeBase="D:\actions-runner\_work\XPCO\XPCO\Transact\Transact\VideoOS.Transact.ClientPlugin.UnitTests\bin\Debug\VideoOS.Transact.ClientPlugin.UnitTests.dll" adapterTypeName="executor://mstestadapter/v1" className="VideoOS.Transact.ClientPlugin.UnitTests.Export.ProgressCalculatorTests" name="CurrentProgress_ShouldBe25_When2TasksAnd2SubTasksCompleted" />
    </UnitTest>
    <UnitTest name="PageText_ShouldReturnEmptyString_WhenThereAreNoSearchResults" storage="d:\actions-runner\_work\xpco\xpco\transact\transact\videoos.transact.clientplugin.unittests\bin\debug\videoos.transact.clientplugin.unittests.dll" id="4bf46454-2b5a-cedc-0dd2-7bcef48116d5">
      <Execution id="38d38625-ac2c-41b0-b6f5-65cd80805d17" />
      <TestMethod codeBase="D:\actions-runner\_work\XPCO\XPCO\Transact\Transact\VideoOS.Transact.ClientPlugin.UnitTests\bin\Debug\VideoOS.Transact.ClientPlugin.UnitTests.dll" adapterTypeName="executor://mstestadapter/v1" className="VideoOS.Transact.ClientPlugin.UnitTests.WorkspaceViewItem.ViewModels.TransactWorkspaceViewModelTests" name="PageText_ShouldReturnEmptyString_WhenThereAreNoSearchResults" />
    </UnitTest>
    <UnitTest name="GetTransactionsInfoAsync_ShouldReturnSubset_WhenRequestingLimitedInterval" storage="d:\actions-runner\_work\xpco\xpco\transact\transact\videoos.transact.clientplugin.unittests\bin\debug\videoos.transact.clientplugin.unittests.dll" id="f491c0bd-4063-3417-0a4c-1e7d3b9c9490">
      <TestCategory>
        <TestCategoryItem TestCategory="IntegrationTest" />
      </TestCategory>
      <Execution id="4ea7d5e5-45f3-441f-b586-ec9e439ba5cd" />
      <TestMethod codeBase="D:\actions-runner\_work\XPCO\XPCO\Transact\Transact\VideoOS.Transact.ClientPlugin.UnitTests\bin\Debug\VideoOS.Transact.ClientPlugin.UnitTests.dll" adapterTypeName="executor://mstestadapter/v1" className="VideoOS.Transact.ClientPlugin.UnitTests.Export.OfflineFileManagerTests" name="GetTransactionsInfoAsync_ShouldReturnSubset_WhenRequestingLimitedInterval" />
    </UnitTest>
    <UnitTest name="PreviousPage_ShouldPerformSearchWithDecreasedPageCount_WhenCommandIsExecuted" storage="d:\actions-runner\_work\xpco\xpco\transact\transact\videoos.transact.clientplugin.unittests\bin\debug\videoos.transact.clientplugin.unittests.dll" id="e71adaa2-29b2-4a22-695b-d3ef2bbefe61">
      <Execution id="5b097fd4-155d-48cf-9962-5d578aa1b274" />
      <TestMethod codeBase="D:\actions-runner\_work\XPCO\XPCO\Transact\Transact\VideoOS.Transact.ClientPlugin.UnitTests\bin\Debug\VideoOS.Transact.ClientPlugin.UnitTests.dll" adapterTypeName="executor://mstestadapter/v1" className="VideoOS.Transact.ClientPlugin.UnitTests.WorkspaceViewItem.ViewModels.TransactWorkspaceViewModelTests" name="PreviousPage_ShouldPerformSearchWithDecreasedPageCount_WhenCommandIsExecuted" />
    </UnitTest>
    <UnitTest name="Search_ShouldReturnCommandThatCanExcecute_WhenSearchTextIsNotEmpty" storage="d:\actions-runner\_work\xpco\xpco\transact\transact\videoos.transact.clientplugin.unittests\bin\debug\videoos.transact.clientplugin.unittests.dll" id="c0dbfae1-0b38-861e-ebdb-fd825f5de8c6">
      <Execution id="b254f22e-0e89-4b72-9b7f-b4082aba9be8" />
      <TestMethod codeBase="D:\actions-runner\_work\XPCO\XPCO\Transact\Transact\VideoOS.Transact.ClientPlugin.UnitTests\bin\Debug\VideoOS.Transact.ClientPlugin.UnitTests.dll" adapterTypeName="executor://mstestadapter/v1" className="VideoOS.Transact.ClientPlugin.UnitTests.WorkspaceViewItem.ViewModels.TransactWorkspaceViewModelTests" name="Search_ShouldReturnCommandThatCanExcecute_WhenSearchTextIsNotEmpty" />
    </UnitTest>
    <UnitTest name="NextPage_ShouldPopulateTransactLines_WhenSuccessful" storage="d:\actions-runner\_work\xpco\xpco\transact\transact\videoos.transact.clientplugin.unittests\bin\debug\videoos.transact.clientplugin.unittests.dll" id="cffa361f-e9d7-80da-76db-696841df71f2">
      <Execution id="d06943ab-f0cf-4e6f-b126-39a1fc46e7ea" />
      <TestMethod codeBase="D:\actions-runner\_work\XPCO\XPCO\Transact\Transact\VideoOS.Transact.ClientPlugin.UnitTests\bin\Debug\VideoOS.Transact.ClientPlugin.UnitTests.dll" adapterTypeName="executor://mstestadapter/v1" className="VideoOS.Transact.ClientPlugin.UnitTests.WorkspaceViewItem.ViewModels.TransactWorkspaceViewModelTests" name="NextPage_ShouldPopulateTransactLines_WhenSuccessful" />
    </UnitTest>
    <UnitTest name="GetLinesForSourceByTimeAsync_ShouldResultInLastLines_WhenRequestingPrecedingingFromAfterEnd" storage="d:\actions-runner\_work\xpco\xpco\transact\transact\videoos.transact.clientplugin.unittests\bin\debug\videoos.transact.clientplugin.unittests.dll" id="06b94576-ac2f-691e-878a-93d59d26df7e">
      <TestCategory>
        <TestCategoryItem TestCategory="IntegrationTest" />
      </TestCategory>
      <Execution id="4800eb6c-06b9-4739-a114-82ce277530f9" />
      <TestMethod codeBase="D:\actions-runner\_work\XPCO\XPCO\Transact\Transact\VideoOS.Transact.ClientPlugin.UnitTests\bin\Debug\VideoOS.Transact.ClientPlugin.UnitTests.dll" adapterTypeName="executor://mstestadapter/v1" className="VideoOS.Transact.ClientPlugin.UnitTests.Export.OfflineFileManagerTests" name="GetLinesForSourceByTimeAsync_ShouldResultInLastLines_WhenRequestingPrecedingingFromAfterEnd" />
    </UnitTest>
    <UnitTest name="Search_ShouldReturnCommandThatCanExcecute_WhenSearchTextIsEmpty" storage="d:\actions-runner\_work\xpco\xpco\transact\transact\videoos.transact.clientplugin.unittests\bin\debug\videoos.transact.clientplugin.unittests.dll" id="c2fa16a7-725a-7cf5-3dad-4ac04e2c9754">
      <Execution id="c40acb6a-939e-4980-8361-0fb0e30a4d90" />
      <TestMethod codeBase="D:\actions-runner\_work\XPCO\XPCO\Transact\Transact\VideoOS.Transact.ClientPlugin.UnitTests\bin\Debug\VideoOS.Transact.ClientPlugin.UnitTests.dll" adapterTypeName="executor://mstestadapter/v1" className="VideoOS.Transact.ClientPlugin.UnitTests.WorkspaceViewItem.ViewModels.TransactWorkspaceViewModelTests" name="Search_ShouldReturnCommandThatCanExcecute_WhenSearchTextIsEmpty" />
    </UnitTest>
    <UnitTest name="WhenFontSizeIsMediumNextShouldBeLarge" storage="d:\actions-runner\_work\xpco\xpco\transact\transact\videoos.transact.clientplugin.unittests\bin\debug\videoos.transact.clientplugin.unittests.dll" id="50227152-efbc-161d-ea7a-fcb13b698e63">
      <Execution id="b22b550f-8646-462b-bfaf-4464bfbca384" />
      <TestMethod codeBase="D:\actions-runner\_work\XPCO\XPCO\Transact\Transact\VideoOS.Transact.ClientPlugin.UnitTests\bin\Debug\VideoOS.Transact.ClientPlugin.UnitTests.dll" adapterTypeName="executor://mstestadapter/v1" className="VideoOS.Transact.ClientPlugin.UnitTests.ReceiptControl.FontSizeIteratorTests" name="WhenFontSizeIsMediumNextShouldBeLarge" />
    </UnitTest>
    <UnitTest name="GetLinesForSourceByLineIdAsync_ShouldResultInLastLines_WhenRequestingPrecedingingFromAfterEnd" storage="d:\actions-runner\_work\xpco\xpco\transact\transact\videoos.transact.clientplugin.unittests\bin\debug\videoos.transact.clientplugin.unittests.dll" id="f780e2f0-8aa4-fbc9-1b70-c4596059ec15">
      <TestCategory>
        <TestCategoryItem TestCategory="IntegrationTest" />
      </TestCategory>
      <Execution id="e14f9cee-1501-49f1-b548-5c3bd77b133c" />
      <TestMethod codeBase="D:\actions-runner\_work\XPCO\XPCO\Transact\Transact\VideoOS.Transact.ClientPlugin.UnitTests\bin\Debug\VideoOS.Transact.ClientPlugin.UnitTests.dll" adapterTypeName="executor://mstestadapter/v1" className="VideoOS.Transact.ClientPlugin.UnitTests.Export.OfflineFileManagerTests" name="GetLinesForSourceByLineIdAsync_ShouldResultInLastLines_WhenRequestingPrecedingingFromAfterEnd" />
    </UnitTest>
    <UnitTest name="CurrentProgress_ShouldBe100_WhenStartedWithOneTaskWithZeroSubTasksAndTaskEnded" storage="d:\actions-runner\_work\xpco\xpco\transact\transact\videoos.transact.clientplugin.unittests\bin\debug\videoos.transact.clientplugin.unittests.dll" id="540ecc0e-4fc1-6dac-ce56-448d90dd146a">
      <Execution id="1b59997a-aa87-40ef-8ed3-2c063c999cb3" />
      <TestMethod codeBase="D:\actions-runner\_work\XPCO\XPCO\Transact\Transact\VideoOS.Transact.ClientPlugin.UnitTests\bin\Debug\VideoOS.Transact.ClientPlugin.UnitTests.dll" adapterTypeName="executor://mstestadapter/v1" className="VideoOS.Transact.ClientPlugin.UnitTests.Export.ProgressCalculatorTests" name="CurrentProgress_ShouldBe100_WhenStartedWithOneTaskWithZeroSubTasksAndTaskEnded" />
    </UnitTest>
    <UnitTest name="SetTime_TransactionLinesAreUpdated_FirstTime" storage="d:\actions-runner\_work\xpco\xpco\transact\transact\videoos.transact.clientplugin.unittests\bin\debug\videoos.transact.clientplugin.unittests.dll" id="5d879328-b3d8-5764-d638-2d5734819ed6">
      <Execution id="ed8c5876-f13a-45f6-8a27-aef21f4a36c3" />
      <TestMethod codeBase="D:\actions-runner\_work\XPCO\XPCO\Transact\Transact\VideoOS.Transact.ClientPlugin.UnitTests\bin\Debug\VideoOS.Transact.ClientPlugin.UnitTests.dll" adapterTypeName="executor://mstestadapter/v1" className="VideoOS.Transact.ClientPlugin.UnitTests.ReceiptControl.PlaybackReceiptViewModelTests" name="SetTime_TransactionLinesAreUpdated_FirstTime" />
    </UnitTest>
    <UnitTest name="CurrentProgress_ShouldBe15_When1TaskAndAHalfSubTaskCompleted" storage="d:\actions-runner\_work\xpco\xpco\transact\transact\videoos.transact.clientplugin.unittests\bin\debug\videoos.transact.clientplugin.unittests.dll" id="5ffc2b66-7bc2-9b41-6b8b-201871db1876">
      <Execution id="0d242057-2101-48a3-8396-a5bc8ba539dc" />
      <TestMethod codeBase="D:\actions-runner\_work\XPCO\XPCO\Transact\Transact\VideoOS.Transact.ClientPlugin.UnitTests\bin\Debug\VideoOS.Transact.ClientPlugin.UnitTests.dll" adapterTypeName="executor://mstestadapter/v1" className="VideoOS.Transact.ClientPlugin.UnitTests.Export.ProgressCalculatorTests" name="CurrentProgress_ShouldBe15_When1TaskAndAHalfSubTaskCompleted" />
    </UnitTest>
    <UnitTest name="SelectedLineVideo_ShouldBeUpdated_WhenSelectedLineIsUpdated" storage="d:\actions-runner\_work\xpco\xpco\transact\transact\videoos.transact.clientplugin.unittests\bin\debug\videoos.transact.clientplugin.unittests.dll" id="073432d5-d739-5d0b-cbb4-c2ad95f5e7a1">
      <Execution id="22d5e9d0-2ea7-4d7e-b26b-710beb80eb10" />
      <TestMethod codeBase="D:\actions-runner\_work\XPCO\XPCO\Transact\Transact\VideoOS.Transact.ClientPlugin.UnitTests\bin\Debug\VideoOS.Transact.ClientPlugin.UnitTests.dll" adapterTypeName="executor://mstestadapter/v1" className="VideoOS.Transact.ClientPlugin.UnitTests.WorkspaceViewItem.ViewModels.TransactWorkspaceViewModelTests" name="SelectedLineVideo_ShouldBeUpdated_WhenSelectedLineIsUpdated" />
    </UnitTest>
    <UnitTest name="SetTransaction_TransactionLinesAreUpdated_FirstTime" storage="d:\actions-runner\_work\xpco\xpco\transact\transact\videoos.transact.clientplugin.unittests\bin\debug\videoos.transact.clientplugin.unittests.dll" id="0603e2b7-7c9b-e027-d930-f5b2af218438">
      <Execution id="a595962d-1a03-42fa-b02c-62d6c2924b37" />
      <TestMethod codeBase="D:\actions-runner\_work\XPCO\XPCO\Transact\Transact\VideoOS.Transact.ClientPlugin.UnitTests\bin\Debug\VideoOS.Transact.ClientPlugin.UnitTests.dll" adapterTypeName="executor://mstestadapter/v1" className="VideoOS.Transact.ClientPlugin.UnitTests.ReceiptControl.TransactionReceiptViewModelTests" name="SetTransaction_TransactionLinesAreUpdated_FirstTime" />
    </UnitTest>
    <UnitTest name="Play_CompletesWhenStopIsCalled_AndGetLiveLinesDoesNotSupportCancellation" storage="d:\actions-runner\_work\xpco\xpco\transact\transact\videoos.transact.clientplugin.unittests\bin\debug\videoos.transact.clientplugin.unittests.dll" id="3405c98c-126d-2f24-898a-27eb7dc0e4ee">
      <Execution id="1525e322-4f5d-4268-9f0e-3be676b9e233" />
      <TestMethod codeBase="D:\actions-runner\_work\XPCO\XPCO\Transact\Transact\VideoOS.Transact.ClientPlugin.UnitTests\bin\Debug\VideoOS.Transact.ClientPlugin.UnitTests.dll" adapterTypeName="executor://mstestadapter/v1" className="VideoOS.Transact.ClientPlugin.UnitTests.ReceiptControl.LiveReceiptViewModelTests" name="Play_CompletesWhenStopIsCalled_AndGetLiveLinesDoesNotSupportCancellation" />
    </UnitTest>
    <UnitTest name="GetLinesForSourceByTimeAsync_ShouldResultInFirstLines_WhenRequestingFollowingFromBeforeStart" storage="d:\actions-runner\_work\xpco\xpco\transact\transact\videoos.transact.clientplugin.unittests\bin\debug\videoos.transact.clientplugin.unittests.dll" id="1fb00b6e-d4c8-96b1-09f1-80f42162968a">
      <TestCategory>
        <TestCategoryItem TestCategory="IntegrationTest" />
      </TestCategory>
      <Execution id="c6f9ae17-3e99-4bc0-80a5-68d58510d390" />
      <TestMethod codeBase="D:\actions-runner\_work\XPCO\XPCO\Transact\Transact\VideoOS.Transact.ClientPlugin.UnitTests\bin\Debug\VideoOS.Transact.ClientPlugin.UnitTests.dll" adapterTypeName="executor://mstestadapter/v1" className="VideoOS.Transact.ClientPlugin.UnitTests.Export.OfflineFileManagerTests" name="GetLinesForSourceByTimeAsync_ShouldResultInFirstLines_WhenRequestingFollowingFromBeforeStart" />
    </UnitTest>
    <UnitTest name="PageText_ShouldReturnEmptyString_WhenSearchReturnsZeroLines" storage="d:\actions-runner\_work\xpco\xpco\transact\transact\videoos.transact.clientplugin.unittests\bin\debug\videoos.transact.clientplugin.unittests.dll" id="db01b85a-cbd6-3400-8c7b-8d4c339ad3b6">
      <Execution id="24b20966-6eb6-417b-bcfb-cd5a8a976ea9" />
      <TestMethod codeBase="D:\actions-runner\_work\XPCO\XPCO\Transact\Transact\VideoOS.Transact.ClientPlugin.UnitTests\bin\Debug\VideoOS.Transact.ClientPlugin.UnitTests.dll" adapterTypeName="executor://mstestadapter/v1" className="VideoOS.Transact.ClientPlugin.UnitTests.WorkspaceViewItem.ViewModels.TransactWorkspaceViewModelTests" name="PageText_ShouldReturnEmptyString_WhenSearchReturnsZeroLines" />
    </UnitTest>
    <UnitTest name="PageText_ShouldShowEntryNumbersForNextPage_WhenNextPageReturnedPageSize" storage="d:\actions-runner\_work\xpco\xpco\transact\transact\videoos.transact.clientplugin.unittests\bin\debug\videoos.transact.clientplugin.unittests.dll" id="f66c1d75-1e47-485f-c647-5a3268d99186">
      <Execution id="64294281-428e-4d11-9fe8-ac1e5035e3fd" />
      <TestMethod codeBase="D:\actions-runner\_work\XPCO\XPCO\Transact\Transact\VideoOS.Transact.ClientPlugin.UnitTests\bin\Debug\VideoOS.Transact.ClientPlugin.UnitTests.dll" adapterTypeName="executor://mstestadapter/v1" className="VideoOS.Transact.ClientPlugin.UnitTests.WorkspaceViewItem.ViewModels.TransactWorkspaceViewModelTests" name="PageText_ShouldShowEntryNumbersForNextPage_WhenNextPageReturnedPageSize" />
    </UnitTest>
  </TestDefinitions>
  <TestEntries>
    <TestEntry testId="c0dbfae1-0b38-861e-ebdb-fd825f5de8c6" executionId="b254f22e-0e89-4b72-9b7f-b4082aba9be8" testListId="8c84fa94-04c1-424b-9868-57a2d4851a1d" />
    <TestEntry testId="54928638-2568-65ae-5999-583f64a18b9f" executionId="5979ae5c-caf2-466c-9555-12a558701cfd" testListId="8c84fa94-04c1-424b-9868-57a2d4851a1d" />
    <TestEntry testId="c2fa16a7-725a-7cf5-3dad-4ac04e2c9754" executionId="c40acb6a-939e-4980-8361-0fb0e30a4d90" testListId="8c84fa94-04c1-424b-9868-57a2d4851a1d" />
    <TestEntry testId="98289b2f-0bf4-66e4-4adb-b25fac300a25" executionId="1e0bf2af-1c4e-4cb0-a364-87364df425f6" testListId="8c84fa94-04c1-424b-9868-57a2d4851a1d" />
    <TestEntry testId="22ec90da-07bb-fb58-5bf6-1e9c6d345dde" executionId="8483a5e6-16db-4d04-b837-294fcc77bcd1" testListId="8c84fa94-04c1-424b-9868-57a2d4851a1d" />
    <TestEntry testId="5d879328-b3d8-5764-d638-2d5734819ed6" executionId="ed8c5876-f13a-45f6-8a27-aef21f4a36c3" testListId="8c84fa94-04c1-424b-9868-57a2d4851a1d" />
    <TestEntry testId="eed27256-aeca-55d8-05d8-3e45354f2130" executionId="8438d76c-a994-4e65-9912-775dabdb35f3" testListId="8c84fa94-04c1-424b-9868-57a2d4851a1d" />
    <TestEntry testId="50227152-efbc-161d-ea7a-fcb13b698e63" executionId="b22b550f-8646-462b-bfaf-4464bfbca384" testListId="8c84fa94-04c1-424b-9868-57a2d4851a1d" />
    <TestEntry testId="6ed6b643-18e6-5de5-247c-b95c1e2d88c0" executionId="a018e4c7-b891-4917-8330-6a109a34f14d" testListId="8c84fa94-04c1-424b-9868-57a2d4851a1d" />
    <TestEntry testId="06b94576-ac2f-691e-878a-93d59d26df7e" executionId="4800eb6c-06b9-4739-a114-82ce277530f9" testListId="8c84fa94-04c1-424b-9868-57a2d4851a1d" />
    <TestEntry testId="dbdafad0-a854-c313-35c9-c37a148bb75a" executionId="4f634413-7b9e-4708-9bd2-277768c855f4" testListId="8c84fa94-04c1-424b-9868-57a2d4851a1d" />
    <TestEntry testId="022957a4-67f3-1b37-fc0c-3e42a75582c4" executionId="424fb0a7-6704-4041-83d1-d947d2113225" testListId="8c84fa94-04c1-424b-9868-57a2d4851a1d" />
    <TestEntry testId="a1ae6be9-61cf-954c-fefe-9710703bcd87" executionId="85e5b05a-137b-41e8-8b02-f3ff5f108e75" testListId="8c84fa94-04c1-424b-9868-57a2d4851a1d" />
    <TestEntry testId="cec12963-d7a5-1e67-e933-679b07b0669b" executionId="1f9c4bfe-761f-4cf2-9f92-59144644460e" testListId="8c84fa94-04c1-424b-9868-57a2d4851a1d" />
    <TestEntry testId="561b608d-4e8d-ea98-ea40-5fdfde4d6acb" executionId="d092defb-eb1f-4dab-adf0-8c19511e089c" testListId="8c84fa94-04c1-424b-9868-57a2d4851a1d" />
    <TestEntry testId="f25b8f69-d174-906a-dbdb-9388572b10dd" executionId="1cb10d37-1b28-4ebd-9654-b07a60f4e82a" testListId="8c84fa94-04c1-424b-9868-57a2d4851a1d" />
    <TestEntry testId="0603e2b7-7c9b-e027-d930-f5b2af218438" executionId="a595962d-1a03-42fa-b02c-62d6c2924b37" testListId="8c84fa94-04c1-424b-9868-57a2d4851a1d" />
    <TestEntry testId="3405c98c-126d-2f24-898a-27eb7dc0e4ee" executionId="1525e322-4f5d-4268-9f0e-3be676b9e233" testListId="8c84fa94-04c1-424b-9868-57a2d4851a1d" />
    <TestEntry testId="5ffc2b66-7bc2-9b41-6b8b-201871db1876" executionId="0d242057-2101-48a3-8396-a5bc8ba539dc" testListId="8c84fa94-04c1-424b-9868-57a2d4851a1d" />
    <TestEntry testId="2e8cc522-735d-0a91-e16d-8e9b72087b38" executionId="63848aa6-52eb-4426-b004-b2a4803f3a05" testListId="8c84fa94-04c1-424b-9868-57a2d4851a1d" />
    <TestEntry testId="d3789f4a-7cc7-3cf1-c1d0-436837961bad" executionId="89d7c044-11db-4038-98ac-9e412a00cffb" testListId="8c84fa94-04c1-424b-9868-57a2d4851a1d" />
    <TestEntry testId="bf058910-06dc-7988-3440-8bc7563a8f08" executionId="f016b6cf-23e7-4e4d-ac6a-ffab07742703" testListId="8c84fa94-04c1-424b-9868-57a2d4851a1d" />
    <TestEntry testId="a7c055bf-156d-70d4-9082-e9e71683bbef" executionId="ec43a085-ff5c-4049-9b85-4a813f84c644" testListId="8c84fa94-04c1-424b-9868-57a2d4851a1d" />
    <TestEntry testId="f491c0bd-4063-3417-0a4c-1e7d3b9c9490" executionId="4ea7d5e5-45f3-441f-b586-ec9e439ba5cd" testListId="8c84fa94-04c1-424b-9868-57a2d4851a1d" />
    <TestEntry testId="04f1a62c-7e9d-57e9-b61a-190d14a83710" executionId="3898d90a-e70d-45fc-ac14-40acebc9c293" testListId="8c84fa94-04c1-424b-9868-57a2d4851a1d" />
    <TestEntry testId="1debab6c-ee51-579e-3dae-f4680190cba7" executionId="e740c3c8-aceb-4d74-a3e5-194f4ee58fd6" testListId="8c84fa94-04c1-424b-9868-57a2d4851a1d" />
    <TestEntry testId="ac2119fe-a976-2f66-f87c-bdfe9b93afa4" executionId="4147aded-aa00-4e35-9cb5-e46a92d003de" testListId="8c84fa94-04c1-424b-9868-57a2d4851a1d" />
    <TestEntry testId="38712231-f662-899d-bcbf-e9a7ec558e5a" executionId="a49e1756-c114-41f0-a546-c11bfc750275" testListId="8c84fa94-04c1-424b-9868-57a2d4851a1d" />
    <TestEntry testId="e5e15daa-9102-455c-36f1-d368cdad4b51" executionId="f45e01a3-e230-4933-b808-07f307a87e9f" testListId="8c84fa94-04c1-424b-9868-57a2d4851a1d" />
    <TestEntry testId="7298d026-cf68-74f2-b11a-e476e308bc9c" executionId="015b0d77-781e-4592-873a-31b101efdfca" testListId="8c84fa94-04c1-424b-9868-57a2d4851a1d" />
    <TestEntry testId="4bf46454-2b5a-cedc-0dd2-7bcef48116d5" executionId="38d38625-ac2c-41b0-b6f5-65cd80805d17" testListId="8c84fa94-04c1-424b-9868-57a2d4851a1d" />
    <TestEntry testId="8776b360-933b-be4c-2933-875c04ad0019" executionId="67f40443-241a-4a7e-bfd7-0fe63fa49a5e" testListId="8c84fa94-04c1-424b-9868-57a2d4851a1d" />
    <TestEntry testId="86f28ff2-1114-c11a-e789-738714c14443" executionId="59c00b67-6a39-4d2f-8924-0219ccca85d2" testListId="8c84fa94-04c1-424b-9868-57a2d4851a1d" />
    <TestEntry testId="f217624a-6dcb-6294-99b6-4796ec39f82c" executionId="d1ea471a-d426-41d1-8768-0d5456258463" testListId="8c84fa94-04c1-424b-9868-57a2d4851a1d" />
    <TestEntry testId="289cc288-6d1f-0e0e-91ad-c922d6835c22" executionId="0169f2b5-7373-4bb4-8187-dfb9366008b0" testListId="8c84fa94-04c1-424b-9868-57a2d4851a1d" />
    <TestEntry testId="db01b85a-cbd6-3400-8c7b-8d4c339ad3b6" executionId="24b20966-6eb6-417b-bcfb-cd5a8a976ea9" testListId="8c84fa94-04c1-424b-9868-57a2d4851a1d" />
    <TestEntry testId="540ecc0e-4fc1-6dac-ce56-448d90dd146a" executionId="1b59997a-aa87-40ef-8ed3-2c063c999cb3" testListId="8c84fa94-04c1-424b-9868-57a2d4851a1d" />
    <TestEntry testId="82c24d76-4e7f-530f-b93c-c0d9c48bd87b" executionId="2ee8b0f2-c450-431a-b253-b35e2e33b443" testListId="8c84fa94-04c1-424b-9868-57a2d4851a1d" />
    <TestEntry testId="a265e357-20fd-bd47-5dd2-47d828981f83" executionId="0136def3-54e9-4e33-8a16-7d98046ac11d" testListId="8c84fa94-04c1-424b-9868-57a2d4851a1d" />
    <TestEntry testId="073432d5-d739-5d0b-cbb4-c2ad95f5e7a1" executionId="22d5e9d0-2ea7-4d7e-b26b-710beb80eb10" testListId="8c84fa94-04c1-424b-9868-57a2d4851a1d" />
    <TestEntry testId="21a97a74-540e-f920-94c0-f99e6e81cf20" executionId="367bab81-95c5-4962-bcff-ac3db6e4d92c" testListId="8c84fa94-04c1-424b-9868-57a2d4851a1d" />
    <TestEntry testId="cffa361f-e9d7-80da-76db-696841df71f2" executionId="d06943ab-f0cf-4e6f-b126-39a1fc46e7ea" testListId="8c84fa94-04c1-424b-9868-57a2d4851a1d" />
    <TestEntry testId="f89291ce-a835-1e89-0ecc-c778c1f9427a" executionId="d07653dc-aee0-4465-be8a-9c116c96fca9" testListId="8c84fa94-04c1-424b-9868-57a2d4851a1d" />
    <TestEntry testId="72169bd1-391e-477c-f100-71909bab1526" executionId="222f00fc-646f-4fcf-aa78-097049621d32" testListId="8c84fa94-04c1-424b-9868-57a2d4851a1d" />
    <TestEntry testId="0c31ad45-b949-ad41-4595-01d0d8224217" executionId="946cf515-5853-4e46-9804-4abf4ff6f065" testListId="8c84fa94-04c1-424b-9868-57a2d4851a1d" />
    <TestEntry testId="e71adaa2-29b2-4a22-695b-d3ef2bbefe61" executionId="5b097fd4-155d-48cf-9962-5d578aa1b274" testListId="8c84fa94-04c1-424b-9868-57a2d4851a1d" />
    <TestEntry testId="7f347f46-c374-378f-329f-9607c6be45b8" executionId="5204c488-4294-4389-b4a1-2d93ac1d5826" testListId="8c84fa94-04c1-424b-9868-57a2d4851a1d" />
    <TestEntry testId="2de13ac9-f68a-8607-2fbc-6bc3836fe78e" executionId="bd29eca0-952c-4113-baee-10dff38fb681" testListId="8c84fa94-04c1-424b-9868-57a2d4851a1d" />
    <TestEntry testId="0d775d26-5092-1b7a-bd51-0919604e34db" executionId="e4efa665-027b-4bcd-a5d9-0543deadfaa9" testListId="8c84fa94-04c1-424b-9868-57a2d4851a1d" />
    <TestEntry testId="f66c1d75-1e47-485f-c647-5a3268d99186" executionId="64294281-428e-4d11-9fe8-ac1e5035e3fd" testListId="8c84fa94-04c1-424b-9868-57a2d4851a1d" />
    <TestEntry testId="1fb00b6e-d4c8-96b1-09f1-80f42162968a" executionId="c6f9ae17-3e99-4bc0-80a5-68d58510d390" testListId="8c84fa94-04c1-424b-9868-57a2d4851a1d" />
    <TestEntry testId="0daceb7c-e260-5834-018c-1b915068c3e8" executionId="077e1046-d049-4b74-a2e0-52adb8f6a167" testListId="8c84fa94-04c1-424b-9868-57a2d4851a1d" />
    <TestEntry testId="ffe6dd83-b0a2-dcd2-2aff-f8760429c701" executionId="02f494ed-e237-417d-b5ea-e32a9a7afa74" testListId="8c84fa94-04c1-424b-9868-57a2d4851a1d" />
    <TestEntry testId="86a9c020-071d-d74b-dbca-704b46f936dd" executionId="462205c0-7bf2-4f2f-8fd7-55a94fb491b0" testListId="8c84fa94-04c1-424b-9868-57a2d4851a1d" />
    <TestEntry testId="f780e2f0-8aa4-fbc9-1b70-c4596059ec15" executionId="e14f9cee-1501-49f1-b548-5c3bd77b133c" testListId="8c84fa94-04c1-424b-9868-57a2d4851a1d" />
    <TestEntry testId="f65eea7d-5154-389f-6f56-5eb356ffe94c" executionId="71b9aeb3-d92f-45d2-a58a-8ed64668133a" testListId="8c84fa94-04c1-424b-9868-57a2d4851a1d" />
    <TestEntry testId="c350466b-1192-9ca3-d315-3d257d386282" executionId="73041ae0-6e3c-47d8-804e-68d266b1a346" testListId="8c84fa94-04c1-424b-9868-57a2d4851a1d" />
    <TestEntry testId="06850c2e-13d1-77d9-3e5b-14454315bee5" executionId="f0a83715-2c0f-4e6b-b7e4-b7582f370ee6" testListId="8c84fa94-04c1-424b-9868-57a2d4851a1d" />
    <TestEntry testId="171927ae-c569-1a36-856b-1abd1ef10dda" executionId="2dcaf456-9c95-496b-9bed-7f6ae94f07eb" testListId="8c84fa94-04c1-424b-9868-57a2d4851a1d" />
    <TestEntry testId="02ba2c5d-c561-7ba7-6391-9bb827e359b7" executionId="0e154c04-54c2-4d90-b991-0881a4ab6fab" testListId="8c84fa94-04c1-424b-9868-57a2d4851a1d" />
    <TestEntry testId="d4315414-e190-857a-319e-156f1b576ea2" executionId="e51c3615-4093-42c2-b3d7-948f970b4684" testListId="8c84fa94-04c1-424b-9868-57a2d4851a1d" />
    <TestEntry testId="87a1bf2e-e767-b71b-ad32-b63379f32408" executionId="5f85b33d-09f9-4ccb-b9d1-087556ca375e" testListId="8c84fa94-04c1-424b-9868-57a2d4851a1d" />
    <TestEntry testId="1d7faf5e-5545-cb61-91eb-2b9f7a94ab4f" executionId="ccb18309-6759-4631-bc21-90f4a76e2227" testListId="8c84fa94-04c1-424b-9868-57a2d4851a1d" />
  </TestEntries>
  <TestLists>
    <TestList name="Results Not in a List" id="8c84fa94-04c1-424b-9868-57a2d4851a1d" />
    <TestList name="All Loaded Results" id="19431567-8539-422a-85d7-44ee4e166bda" />
  </TestLists>
  <ResultSummary outcome="Completed">
    <Counters total="63" executed="63" passed="63" failed="0" error="0" timeout="0" aborted="0" inconclusive="0" passedButRunAborted="0" notRunnable="0" notExecuted="0" disconnected="0" warning="0" completed="0" inProgress="0" pending="0" />
  </ResultSummary>
</TestRun>