<?xml version="1.0" encoding="utf-8"?>
<TestRun id="cc7961ea-d8f6-4997-b7b5-5d6334e5e64d" name="DKSR-EFI-06$@DKSR-EFI-06 2024-01-09 15:44:08" runUser="NT AUTHORITY\NETWORK SERVICE" xmlns="http://microsoft.com/schemas/VisualStudio/TeamTest/2010">
  <Times creation="2024-01-09T15:44:08.9667746+01:00" queuing="2024-01-09T15:44:08.9667746+01:00" start="2024-01-09T15:43:59.2323459+01:00" finish="2024-01-09T15:44:18.0917997+01:00" />
  <TestSettings name="default" id="f6295b9c-3a6a-43d0-a6a1-4144ccd811a4">
    <Deployment runDeploymentRoot="DKSR-EFI-06$_DKSR-EFI-06_2024-01-09_15_44_08" />
  </TestSettings>
  <Results>
    <UnitTestResult executionId="3eeb6572-61df-4334-b328-80bd3325b115" testId="ca8c6453-f447-4daf-d9fb-b1c25b833c99" testName="Stop_ShouldLogStoppedMessage" computerName="DKSR-EFI-06" duration="00:00:00.0650261" startTime="2024-01-09T15:44:09.1542769+01:00" endTime="2024-01-09T15:44:09.2167770+01:00" testType="13cdc9d9-ddb5-4fa4-a97d-d965ccfc6d4b" outcome="Passed" testListId="8c84fa94-04c1-424b-9868-57a2d4851a1d" relativeResultsDirectory="3eeb6572-61df-4334-b328-80bd3325b115" />
    <UnitTestResult executionId="7c790ddf-f2e0-46ed-855a-1313e4a3aa66" testId="eed15939-ffcf-310c-bebd-d8744180c853" testName="Increment_ShouldCallPerformanceCounterIncrement" computerName="DKSR-EFI-06" duration="00:00:00.0053566" startTime="2024-01-09T15:44:13.3261643+01:00" endTime="2024-01-09T15:44:13.3261643+01:00" testType="13cdc9d9-ddb5-4fa4-a97d-d965ccfc6d4b" outcome="Passed" testListId="8c84fa94-04c1-424b-9868-57a2d4851a1d" relativeResultsDirectory="7c790ddf-f2e0-46ed-855a-1313e4a3aa66" />
    <UnitTestResult executionId="b42dbfef-3e2d-4985-8b13-b2b77884443a" testId="e0c38d3c-a9f1-ff9d-5a77-3424aaf56715" testName="LogMessage_ToStorage_PropertiesAreTransferred" computerName="DKSR-EFI-06" duration="00:00:00.0046060" startTime="2024-01-09T15:44:13.5292894+01:00" endTime="2024-01-09T15:44:13.5292894+01:00" testType="13cdc9d9-ddb5-4fa4-a97d-d965ccfc6d4b" outcome="Passed" testListId="8c84fa94-04c1-424b-9868-57a2d4851a1d" relativeResultsDirectory="b42dbfef-3e2d-4985-8b13-b2b77884443a" />
    <UnitTestResult executionId="5e65c68d-c3d8-48f9-acd9-a0c76adb136e" testId="2347406b-1f21-d4b0-29e0-f164709c1d55" testName="WriteLegacyLoglineAsync_ShouldIncreaseUptimeLogCountCounter" computerName="DKSR-EFI-06" duration="00:00:00.0127499" startTime="2024-01-09T15:44:09.7324013+01:00" endTime="2024-01-09T15:44:09.7480817+01:00" testType="13cdc9d9-ddb5-4fa4-a97d-d965ccfc6d4b" outcome="Passed" testListId="8c84fa94-04c1-424b-9868-57a2d4851a1d" relativeResultsDirectory="5e65c68d-c3d8-48f9-acd9-a0c76adb136e" />
    <UnitTestResult executionId="459277a3-ddcd-484e-859d-73fc4855206b" testId="ff6ed03e-5c0c-1c4c-7536-d6a67d772e66" testName="Set_ShouldRemoveItemFromCache_IfValueIsNull" computerName="DKSR-EFI-06" duration="00:00:00.0042013" startTime="2024-01-09T15:44:16.0292960+01:00" endTime="2024-01-09T15:44:16.0292960+01:00" testType="13cdc9d9-ddb5-4fa4-a97d-d965ccfc6d4b" outcome="Passed" testListId="8c84fa94-04c1-424b-9868-57a2d4851a1d" relativeResultsDirectory="459277a3-ddcd-484e-859d-73fc4855206b" />
    <UnitTestResult executionId="7b6843b4-bd65-459a-80ec-3f0ca5487224" testId="15f38082-3978-be6b-6ce4-4ddc9ad73d7c" testName="WriteLoglineAsync_ShouldIncreaseUptimeLogCountCounter" computerName="DKSR-EFI-06" duration="00:00:00.0211399" startTime="2024-01-09T15:44:09.6698989+01:00" endTime="2024-01-09T15:44:09.6855254+01:00" testType="13cdc9d9-ddb5-4fa4-a97d-d965ccfc6d4b" outcome="Passed" testListId="8c84fa94-04c1-424b-9868-57a2d4851a1d" relativeResultsDirectory="7b6843b4-bd65-459a-80ec-3f0ca5487224" />
    <UnitTestResult executionId="06042cf5-7e61-48e5-b012-7d396f53c343" testId="eff2ccef-2650-b7c7-0276-9c5212c56bf2" testName="GetLogsWriteTimeout_ShouldReturnIntValue_WhenConfiguredValueIsValid" computerName="DKSR-EFI-06" duration="00:00:00.0013585" startTime="2024-01-09T15:44:15.1386680+01:00" endTime="2024-01-09T15:44:15.1386680+01:00" testType="13cdc9d9-ddb5-4fa4-a97d-d965ccfc6d4b" outcome="Passed" testListId="8c84fa94-04c1-424b-9868-57a2d4851a1d" relativeResultsDirectory="06042cf5-7e61-48e5-b012-7d396f53c343" />
    <UnitTestResult executionId="7088e340-ed6e-4b88-8560-6f344229167d" testId="3ae3f7c0-817c-c46f-7f30-fb70276f86d4" testName="UpdateAnonymousLoggingAsync_ShouldNotChangeAnonymousLoggingAsync_WhenUpdateFails" computerName="DKSR-EFI-06" duration="00:00:00.0098585" startTime="2024-01-09T15:44:15.9199183+01:00" endTime="2024-01-09T15:44:15.9199183+01:00" testType="13cdc9d9-ddb5-4fa4-a97d-d965ccfc6d4b" outcome="Passed" testListId="8c84fa94-04c1-424b-9868-57a2d4851a1d" relativeResultsDirectory="7088e340-ed6e-4b88-8560-6f344229167d" />
    <UnitTestResult executionId="788b85c9-be12-44ac-844e-32ba402dfb1e" testId="55a0608f-8d13-6bdb-b154-6dea375beecf" testName="FetchLoglinesAsync_ShouldReturnAuditLoglines" computerName="DKSR-EFI-06" duration="00:00:00.0115510" startTime="2024-01-09T15:44:12.6542868+01:00" endTime="2024-01-09T15:44:12.6699135+01:00" testType="13cdc9d9-ddb5-4fa4-a97d-d965ccfc6d4b" outcome="Passed" testListId="8c84fa94-04c1-424b-9868-57a2d4851a1d" relativeResultsDirectory="788b85c9-be12-44ac-844e-32ba402dfb1e" />
    <UnitTestResult executionId="5e67876a-479c-4fc9-9218-66e4d975c3a7" testId="f9a60e15-31b1-2c2e-503f-7b6ac4a26afb" testName="StopService_ShouldSetStatusTextToStopped_OnceServiceIsStopped" computerName="DKSR-EFI-06" duration="00:00:00.0178166" startTime="2024-01-09T15:44:12.2636620+01:00" endTime="2024-01-09T15:44:12.2792859+01:00" testType="13cdc9d9-ddb5-4fa4-a97d-d965ccfc6d4b" outcome="Passed" testListId="8c84fa94-04c1-424b-9868-57a2d4851a1d" relativeResultsDirectory="5e67876a-479c-4fc9-9218-66e4d975c3a7" />
    <UnitTestResult executionId="1a642e40-5c71-4a1b-a975-aacb9e51ebe7" testId="9f00e005-cce3-cdb2-14c8-d1de22204abe" testName="RegisterCategories_ShouldPassParametersToLogWriter (True)" computerName="DKSR-EFI-06" duration="00:00:00.0549377" startTime="2024-01-09T15:44:11.7792827+01:00" endTime="2024-01-09T15:44:11.8261587+01:00" testType="13cdc9d9-ddb5-4fa4-a97d-d965ccfc6d4b" outcome="Passed" testListId="8c84fa94-04c1-424b-9868-57a2d4851a1d" relativeResultsDirectory="1a642e40-5c71-4a1b-a975-aacb9e51ebe7" />
    <UnitTestResult executionId="7b8985ef-8aef-47e1-ae4d-c7fdfa421f75" testId="bb8f7a4d-59e3-abee-b90b-17cf48cfb47e" testName="Constructors_ShouldNotAllowInjectionOfNulls" computerName="DKSR-EFI-06" duration="00:00:00.0408318" startTime="2024-01-09T15:44:12.7949111+01:00" endTime="2024-01-09T15:44:12.8417888+01:00" testType="13cdc9d9-ddb5-4fa4-a97d-d965ccfc6d4b" outcome="Passed" testListId="8c84fa94-04c1-424b-9868-57a2d4851a1d" relativeResultsDirectory="7b8985ef-8aef-47e1-ae4d-c7fdfa421f75" />
    <UnitTestResult executionId="cf2a18ae-07df-4643-b0e6-05d485e0f91f" testId="7d82980f-9419-1c88-bc1e-848905fe6f9e" testName="Stop_ShouldLogErrorsAndHandleCommunicationExceptions_IfErrorHappensWhileClosingAllServiceCommunications" computerName="DKSR-EFI-06" duration="00:00:00.0153372" startTime="2024-01-09T15:44:09.2324004+01:00" endTime="2024-01-09T15:44:09.2480264+01:00" testType="13cdc9d9-ddb5-4fa4-a97d-d965ccfc6d4b" outcome="Passed" testListId="8c84fa94-04c1-424b-9868-57a2d4851a1d" relativeResultsDirectory="cf2a18ae-07df-4643-b0e6-05d485e0f91f" />
    <UnitTestResult executionId="e2ab7e1b-e081-4fb9-93c4-b77ae8eccc8a" testId="04abea50-601f-4fca-95f4-bec5b318346d" testName="WriteLoglineAsync_ShouldPassParametersToLogWriter (False)" computerName="DKSR-EFI-06" duration="00:00:00.0275572" startTime="2024-01-09T15:44:11.4824067+01:00" endTime="2024-01-09T15:44:11.5136576+01:00" testType="13cdc9d9-ddb5-4fa4-a97d-d965ccfc6d4b" outcome="Passed" testListId="8c84fa94-04c1-424b-9868-57a2d4851a1d" relativeResultsDirectory="e2ab7e1b-e081-4fb9-93c4-b77ae8eccc8a" />
    <UnitTestResult executionId="f04ed2e3-4de9-48be-9919-0378bca87585" testId="df10cae5-aa05-e478-ca06-77c2867d5871" testName="ExtractLogMessageSourceTypes_ShouldExtract_WithCorrectId" computerName="DKSR-EFI-06" duration="00:00:00.0066163" startTime="2024-01-09T15:44:13.6699152+01:00" endTime="2024-01-09T15:44:13.6699152+01:00" testType="13cdc9d9-ddb5-4fa4-a97d-d965ccfc6d4b" outcome="Passed" testListId="8c84fa94-04c1-424b-9868-57a2d4851a1d" relativeResultsDirectory="f04ed2e3-4de9-48be-9919-0378bca87585" />
    <UnitTestResult executionId="910d5df5-a1a8-4bbd-8275-afd0b2794eef" testId="0b5cc70f-749a-b034-c5da-8bb157930f2b" testName="CreateDefaultLogger_ShouldLogToEventLog_WhenLogMangerThrowsException" computerName="DKSR-EFI-06" duration="00:00:00.0060057" startTime="2024-01-09T15:44:13.4824142+01:00" endTime="2024-01-09T15:44:13.4980400+01:00" testType="13cdc9d9-ddb5-4fa4-a97d-d965ccfc6d4b" outcome="Passed" testListId="8c84fa94-04c1-424b-9868-57a2d4851a1d" relativeResultsDirectory="910d5df5-a1a8-4bbd-8275-afd0b2794eef" />
    <UnitTestResult executionId="c123c915-f4a6-4335-b962-72e1cef43108" testId="4d0f2489-9d84-33a3-5b67-62d70ee6015e" testName="Dispose_ShouldDisposeTimer" computerName="DKSR-EFI-06" duration="00:00:00.0031030" startTime="2024-01-09T15:44:15.7324193+01:00" endTime="2024-01-09T15:44:15.7324193+01:00" testType="13cdc9d9-ddb5-4fa4-a97d-d965ccfc6d4b" outcome="Passed" testListId="8c84fa94-04c1-424b-9868-57a2d4851a1d" relativeResultsDirectory="c123c915-f4a6-4335-b962-72e1cef43108" />
    <UnitTestResult executionId="e330f97a-f624-416b-9ef4-c6dd54bb68b3" testId="e023df46-a47e-1116-5e44-412910eb8941" testName="StartQuerySessionAsync_ShouldReturnInstanceCount" computerName="DKSR-EFI-06" duration="00:00:00.0053311" startTime="2024-01-09T15:44:13.1855387+01:00" endTime="2024-01-09T15:44:13.2011615+01:00" testType="13cdc9d9-ddb5-4fa4-a97d-d965ccfc6d4b" outcome="Passed" testListId="8c84fa94-04c1-424b-9868-57a2d4851a1d" relativeResultsDirectory="e330f97a-f624-416b-9ef4-c6dd54bb68b3" />
    <UnitTestResult executionId="5f464cb6-1fee-4a13-bca6-25ac4fe46750" testId="6ccb7f14-4526-1e72-22ab-ff6986b81548" testName="Constructors_ShouldNotAllowInjectionOfNulls" computerName="DKSR-EFI-06" duration="00:00:00.0732350" startTime="2024-01-09T15:44:09.3261494+01:00" endTime="2024-01-09T15:44:09.4042732+01:00" testType="13cdc9d9-ddb5-4fa4-a97d-d965ccfc6d4b" outcome="Passed" testListId="8c84fa94-04c1-424b-9868-57a2d4851a1d" relativeResultsDirectory="5f464cb6-1fee-4a13-bca6-25ac4fe46750" />
    <UnitTestResult executionId="cf91c68e-14e1-4faf-ac7f-ec9e678ceb49" testId="63177222-c257-3243-2f59-3b5d93a22579" testName="LoadAsync_ShouldSetGuaranteedDeletionTimestamp" computerName="DKSR-EFI-06" duration="00:00:00.0056750" startTime="2024-01-09T15:44:15.8574200+01:00" endTime="2024-01-09T15:44:15.8574200+01:00" testType="13cdc9d9-ddb5-4fa4-a97d-d965ccfc6d4b" outcome="Passed" testListId="8c84fa94-04c1-424b-9868-57a2d4851a1d" relativeResultsDirectory="cf91c68e-14e1-4faf-ac7f-ec9e678ceb49" />
    <UnitTestResult executionId="d0784142-f2c4-4281-b577-0242a56f7bbc" testId="aaea86df-0d0c-d8a7-d4f9-4994d6d91722" testName="ExecuteGuaranteedDeletion_ShouldUpdateLastGuaranteedDeletionTimestamp_WhenExecutionSuccessful" computerName="DKSR-EFI-06" duration="00:00:00.0060377" startTime="2024-01-09T15:44:15.6386695+01:00" endTime="2024-01-09T15:44:15.6386695+01:00" testType="13cdc9d9-ddb5-4fa4-a97d-d965ccfc6d4b" outcome="Passed" testListId="8c84fa94-04c1-424b-9868-57a2d4851a1d" relativeResultsDirectory="d0784142-f2c4-4281-b577-0242a56f7bbc" />
    <UnitTestResult executionId="548e3a4c-541e-45fb-a347-14fc5cfebd0f" testId="307c719f-30cf-7d90-9f76-a6cd3ef5924b" testName="LoadAsync_ShouldUseCachedValuesForConfiguration_WhenCalledSecondTime" computerName="DKSR-EFI-06" duration="00:00:00.0068262" startTime="2024-01-09T15:44:15.7636710+01:00" endTime="2024-01-09T15:44:15.7792959+01:00" testType="13cdc9d9-ddb5-4fa4-a97d-d965ccfc6d4b" outcome="Passed" testListId="8c84fa94-04c1-424b-9868-57a2d4851a1d" relativeResultsDirectory="548e3a4c-541e-45fb-a347-14fc5cfebd0f" />
    <UnitTestResult executionId="c8dfb1a0-5c45-421f-9296-21a018f204ea" testId="c3861471-0359-9699-67ca-50c7ac19cd0c" testName="QueryWithParameters_ShouldThrowDatabaseException_WhenProcedureNameIsUnknown" computerName="DKSR-EFI-06" duration="00:00:00.0239838" startTime="2024-01-09T15:44:14.9667918+01:00" endTime="2024-01-09T15:44:14.9824172+01:00" testType="13cdc9d9-ddb5-4fa4-a97d-d965ccfc6d4b" outcome="Passed" testListId="8c84fa94-04c1-424b-9868-57a2d4851a1d" relativeResultsDirectory="c8dfb1a0-5c45-421f-9296-21a018f204ea" />
    <UnitTestResult executionId="d758d38f-25ca-4063-9ed6-5309edeb14f1" testId="dc897bff-bb2f-6be5-4f79-9be874adc658" testName="Constructors_ShouldNotAllowInjectionOfNulls" computerName="DKSR-EFI-06" duration="00:00:00.0026144" startTime="2024-01-09T15:44:12.6855382+01:00" endTime="2024-01-09T15:44:12.6855382+01:00" testType="13cdc9d9-ddb5-4fa4-a97d-d965ccfc6d4b" outcome="Passed" testListId="8c84fa94-04c1-424b-9868-57a2d4851a1d" relativeResultsDirectory="d758d38f-25ca-4063-9ed6-5309edeb14f1" />
    <UnitTestResult executionId="9a67d18b-e718-45ca-a1c5-3dc738d9d326" testId="e790f465-ba71-7866-1439-99e46147feec" testName="WriteLoglineAsync_ShouldPassParametersToLogWriter (True)" computerName="DKSR-EFI-06" duration="00:00:00.0351660" startTime="2024-01-09T15:44:11.4511578+01:00" endTime="2024-01-09T15:44:11.4824067+01:00" testType="13cdc9d9-ddb5-4fa4-a97d-d965ccfc6d4b" outcome="Passed" testListId="8c84fa94-04c1-424b-9868-57a2d4851a1d" relativeResultsDirectory="9a67d18b-e718-45ca-a1c5-3dc738d9d326" />
    <UnitTestResult executionId="82a4e7bc-ea0f-4d39-a57e-b451fb9373e3" testId="b90272c4-28cc-f78f-c86d-730ccea5a8c7" testName="FetchAuditLoglinesAsync_ShouldNotModify_WhatAuditLogReaderProvides (False)" computerName="DKSR-EFI-06" duration="00:00:00.0293850" startTime="2024-01-09T15:44:10.3730288+01:00" endTime="2024-01-09T15:44:10.4042781+01:00" testType="13cdc9d9-ddb5-4fa4-a97d-d965ccfc6d4b" outcome="Passed" testListId="8c84fa94-04c1-424b-9868-57a2d4851a1d" relativeResultsDirectory="82a4e7bc-ea0f-4d39-a57e-b451fb9373e3" />
    <UnitTestResult executionId="b773fa57-977f-4928-9051-413b6fcd278b" testId="ebd8a66e-f49a-baa9-37a7-b6af92c9ad1b" testName="Start_ShouldFallbackToOneHourCheckPeriod_IfLogDeletionCheckPeriodSettingIsNotAvailable" computerName="DKSR-EFI-06" duration="00:00:00.0087601" startTime="2024-01-09T15:44:15.4824202+01:00" endTime="2024-01-09T15:44:15.4980447+01:00" testType="13cdc9d9-ddb5-4fa4-a97d-d965ccfc6d4b" outcome="Passed" testListId="8c84fa94-04c1-424b-9868-57a2d4851a1d" relativeResultsDirectory="b773fa57-977f-4928-9051-413b6fcd278b" />
    <UnitTestResult executionId="4bbb74d1-5d44-4ba2-af19-cab5e09dd278" testId="e3a96d4b-d363-d4b8-dd89-641e33983249" testName="LoadAsync_ShouldUseCachedValuesForRetention_WhenCalledSecondTime" computerName="DKSR-EFI-06" duration="00:00:00.0171019" startTime="2024-01-09T15:44:15.7480428+01:00" endTime="2024-01-09T15:44:15.7636710+01:00" testType="13cdc9d9-ddb5-4fa4-a97d-d965ccfc6d4b" outcome="Passed" testListId="8c84fa94-04c1-424b-9868-57a2d4851a1d" relativeResultsDirectory="4bbb74d1-5d44-4ba2-af19-cab5e09dd278" />
    <UnitTestResult executionId="f54226cb-1b14-401d-adf1-625a40edd028" testId="10045a5b-f7a6-9eb3-3774-e020672cce38" testName="GetLogsWriteTimeout_ShouldReturnNull_IfNoValueIsConfigured" computerName="DKSR-EFI-06" duration="00:00:00.0010599" startTime="2024-01-09T15:44:15.1230444+01:00" endTime="2024-01-09T15:44:15.1230444+01:00" testType="13cdc9d9-ddb5-4fa4-a97d-d965ccfc6d4b" outcome="Passed" testListId="8c84fa94-04c1-424b-9868-57a2d4851a1d" relativeResultsDirectory="f54226cb-1b14-401d-adf1-625a40edd028" />
    <UnitTestResult executionId="b70b5e17-de66-40fb-a8a3-4ee95cffd0b2" testId="666d7316-f136-b529-fef1-83626943c0db" testName="FetchLoglinesAsync_ShouldThrowInvalidLogTypeException_IfCalledWithRuleLoglineParameter" computerName="DKSR-EFI-06" duration="00:00:00.0043033" startTime="2024-01-09T15:44:13.2324115+01:00" endTime="2024-01-09T15:44:13.2480385+01:00" testType="13cdc9d9-ddb5-4fa4-a97d-d965ccfc6d4b" outcome="Passed" testListId="8c84fa94-04c1-424b-9868-57a2d4851a1d" relativeResultsDirectory="b70b5e17-de66-40fb-a8a3-4ee95cffd0b2" />
    <UnitTestResult executionId="fe6d7eee-4695-4033-8ee6-e53e33f18d2d" testId="1eaa3911-d375-d2a3-a9ce-14bc46f454ff" testName="UpdateRetentionsAsync_ShouldLoadRetentions_IfNotAlreadyLoaded" computerName="DKSR-EFI-06" duration="00:00:00.0111123" startTime="2024-01-09T15:44:15.8574200+01:00" endTime="2024-01-09T15:44:15.8730425+01:00" testType="13cdc9d9-ddb5-4fa4-a97d-d965ccfc6d4b" outcome="Passed" testListId="8c84fa94-04c1-424b-9868-57a2d4851a1d" relativeResultsDirectory="fe6d7eee-4695-4033-8ee6-e53e33f18d2d" />
    <UnitTestResult executionId="2739d2a6-dabd-40f8-85e1-d6049f60885a" testId="f765b43e-1a0c-c1c2-d68f-3b5463d41105" testName="EndQuerySessionAsync_ShouldNotDoAnything_WhenQuerySessionIsUnknown" computerName="DKSR-EFI-06" duration="00:00:00.0117134" startTime="2024-01-09T15:44:13.1386638+01:00" endTime="2024-01-09T15:44:13.1542884+01:00" testType="13cdc9d9-ddb5-4fa4-a97d-d965ccfc6d4b" outcome="Passed" testListId="8c84fa94-04c1-424b-9868-57a2d4851a1d" relativeResultsDirectory="2739d2a6-dabd-40f8-85e1-d6049f60885a" />
    <UnitTestResult executionId="c25966c2-5f91-4a64-ac86-8b88b9bc2336" testId="0d8c9d17-016f-a417-c529-9b9385c3f369" testName="GetFilterValuesAsync_ShouldUseTimeoutFromTimeoutConfiguration" computerName="DKSR-EFI-06" duration="00:00:00.0130512" startTime="2024-01-09T15:44:12.7792869+01:00" endTime="2024-01-09T15:44:12.7949111+01:00" testType="13cdc9d9-ddb5-4fa4-a97d-d965ccfc6d4b" outcome="Passed" testListId="8c84fa94-04c1-424b-9868-57a2d4851a1d" relativeResultsDirectory="c25966c2-5f91-4a64-ac86-8b88b9bc2336" />
    <UnitTestResult executionId="1f4dd1c1-d59e-4d06-90bc-eb244cb872f9" testId="8ee0b5c9-ec1f-765c-1842-43684d1e80b8" testName="ReadLogStarted_ShouldRegisterCategory" computerName="DKSR-EFI-06" duration="00:00:00.0808049" startTime="2024-01-09T15:44:16.1232461+01:00" endTime="2024-01-09T15:44:16.2011718+01:00" testType="13cdc9d9-ddb5-4fa4-a97d-d965ccfc6d4b" outcome="Passed" testListId="8c84fa94-04c1-424b-9868-57a2d4851a1d" relativeResultsDirectory="1f4dd1c1-d59e-4d06-90bc-eb244cb872f9" />
    <UnitTestResult executionId="28fc8a5c-3a57-415c-83fa-ac562f09c9a5" testId="99d378a4-954f-6041-63cb-6656cd516a7b" testName="WriteLegacyLoglineAsync_ShouldCallWriteMessageInstanceLegacySP" computerName="DKSR-EFI-06" duration="00:00:00.0184531" startTime="2024-01-09T15:44:09.7011505+01:00" endTime="2024-01-09T15:44:09.7324013+01:00" testType="13cdc9d9-ddb5-4fa4-a97d-d965ccfc6d4b" outcome="Passed" testListId="8c84fa94-04c1-424b-9868-57a2d4851a1d" relativeResultsDirectory="28fc8a5c-3a57-415c-83fa-ac562f09c9a5" />
    <UnitTestResult executionId="859105fc-2934-4cdc-9648-463b4929c086" testId="8b335792-52d1-7c1c-8357-b3c880b2af3f" testName="UpdateLastGuaranteedDeletionAsync_ShouldChangeExistingLastGuaranteedDeletion_WhenDifferentFromExisting" computerName="DKSR-EFI-06" duration="00:00:00.0071390" startTime="2024-01-09T15:44:15.9511695+01:00" endTime="2024-01-09T15:44:15.9667952+01:00" testType="13cdc9d9-ddb5-4fa4-a97d-d965ccfc6d4b" outcome="Passed" testListId="8c84fa94-04c1-424b-9868-57a2d4851a1d" relativeResultsDirectory="859105fc-2934-4cdc-9648-463b4929c086" />
    <UnitTestResult executionId="fd3696bb-c8b9-40d6-9fd8-41e7b8d209ea" testId="11b31334-e5c4-af6d-5877-40b3343d2759" testName="LoadAsync_ShouldSetAnonymousLoggingToDefault_IfDatabaseCallFail" computerName="DKSR-EFI-06" duration="00:00:00.0088211" startTime="2024-01-09T15:44:15.7949193+01:00" endTime="2024-01-09T15:44:15.8105449+01:00" testType="13cdc9d9-ddb5-4fa4-a97d-d965ccfc6d4b" outcome="Passed" testListId="8c84fa94-04c1-424b-9868-57a2d4851a1d" relativeResultsDirectory="fd3696bb-c8b9-40d6-9fd8-41e7b8d209ea" />
    <UnitTestResult executionId="9d9dc733-c9ef-4b71-b1b1-70c4aaef798e" testId="99eed9ea-8a82-587e-fd3f-287a3c8371d2" testName="ExtractLogMessageSourceTypes_ShouldExtract_WithCorrectLanguageCode" computerName="DKSR-EFI-06" duration="00:00:00.0053319" startTime="2024-01-09T15:44:13.7480403+01:00" endTime="2024-01-09T15:44:13.7480403+01:00" testType="13cdc9d9-ddb5-4fa4-a97d-d965ccfc6d4b" outcome="Passed" testListId="8c84fa94-04c1-424b-9868-57a2d4851a1d" relativeResultsDirectory="9d9dc733-c9ef-4b71-b1b1-70c4aaef798e" />
    <UnitTestResult executionId="82c5f9e1-608b-4663-a0eb-dc0081590bb5" testId="0351c8a2-b22f-dd03-eb84-36ecc3688bf1" testName="FetchLoglinesAsync_ShouldThrowInvalidLogTypeException_IfCalledWithSystemLoglineParameter" computerName="DKSR-EFI-06" duration="00:00:00.0022103" startTime="2024-01-09T15:44:13.2011615+01:00" endTime="2024-01-09T15:44:13.2011615+01:00" testType="13cdc9d9-ddb5-4fa4-a97d-d965ccfc6d4b" outcome="Passed" testListId="8c84fa94-04c1-424b-9868-57a2d4851a1d" relativeResultsDirectory="82c5f9e1-608b-4663-a0eb-dc0081590bb5" />
    <UnitTestResult executionId="abf7cae0-7db4-4a16-bf00-52f7153df309" testId="8cb478d3-f744-d4b7-5077-671009e6d428" testName="ToLogMessages_ShouldTransformEntriesToLogMessages_WithCorrectCulture" computerName="DKSR-EFI-06" duration="00:00:00.0189956" startTime="2024-01-09T15:44:13.5605398+01:00" endTime="2024-01-09T15:44:13.5917891+01:00" testType="13cdc9d9-ddb5-4fa4-a97d-d965ccfc6d4b" outcome="Passed" testListId="8c84fa94-04c1-424b-9868-57a2d4851a1d" relativeResultsDirectory="abf7cae0-7db4-4a16-bf00-52f7153df309" />
    <UnitTestResult executionId="7c1aa94b-fe3a-42b9-a905-62ba93b9e375" testId="e3ba00bc-5adb-f0fc-8ae0-6c82b7114db8" testName="ReadLogStarted_ShouldRegisterMessages" computerName="DKSR-EFI-06" duration="00:00:00.0226668" startTime="2024-01-09T15:44:16.2324225+01:00" endTime="2024-01-09T15:44:16.2480464+01:00" testType="13cdc9d9-ddb5-4fa4-a97d-d965ccfc6d4b" outcome="Passed" testListId="8c84fa94-04c1-424b-9868-57a2d4851a1d" relativeResultsDirectory="7c1aa94b-fe3a-42b9-a905-62ba93b9e375" />
    <UnitTestResult executionId="f2728fda-eb43-4210-8761-56f6ef964761" testId="aa5fdb42-6163-3cac-f313-8b68e7bf0b72" testName="Set_ShouldOverwriteCachedValue_ForKnownId" computerName="DKSR-EFI-06" duration="00:00:00.0496230" startTime="2024-01-09T15:44:16.0449195+01:00" endTime="2024-01-09T15:44:16.0917947+01:00" testType="13cdc9d9-ddb5-4fa4-a97d-d965ccfc6d4b" outcome="Passed" testListId="8c84fa94-04c1-424b-9868-57a2d4851a1d" relativeResultsDirectory="f2728fda-eb43-4210-8761-56f6ef964761" />
    <UnitTestResult executionId="0a869430-49a6-4fab-875a-c1227f4d3486" testId="8ceac98d-25bb-5d13-8fc3-0784f2217baf" testName="Constructor_ShouldAddEventHandlerToModifyLogPath_OnlyWhenKeyIsFileAndLogTypeIsFilenameOrArchive (File,Filename,,~/test/,C:\ProgramData\MyCompany\MyProduct\test\)" computerName="DKSR-EFI-06" duration="00:00:00.0034643" startTime="2024-01-09T15:44:13.3886633+01:00" endTime="2024-01-09T15:44:13.3886633+01:00" testType="13cdc9d9-ddb5-4fa4-a97d-d965ccfc6d4b" outcome="Passed" testListId="8c84fa94-04c1-424b-9868-57a2d4851a1d" relativeResultsDirectory="0a869430-49a6-4fab-875a-c1227f4d3486" />
    <UnitTestResult executionId="dff84749-3eb3-44b4-bf22-0ee9b2892e14" testId="8d6f159a-d3b6-803f-2d76-53607f783811" testName="Method_ShouldCallValidateToken_WithAction_WithCorrectToken (FetchAuditLoglinesTokenAsync,VideoOS.LogServer.WebService.DataContracts.FetchLoglinesParams)" computerName="DKSR-EFI-06" duration="00:00:00.0155751" startTime="2024-01-09T15:44:11.1699062+01:00" endTime="2024-01-09T15:44:11.2636555+01:00" testType="13cdc9d9-ddb5-4fa4-a97d-d965ccfc6d4b" outcome="Passed" testListId="8c84fa94-04c1-424b-9868-57a2d4851a1d" relativeResultsDirectory="dff84749-3eb3-44b4-bf22-0ee9b2892e14" />
    <UnitTestResult executionId="dc76c793-b127-46e5-b530-bb88a8dda987" testId="9646d898-950c-f77e-17d4-11b5b9a00117" testName="GetFilterValuesAsync_ShouldCallFilterValueReader" computerName="DKSR-EFI-06" duration="00:00:00.0187988" startTime="2024-01-09T15:44:13.1542884+01:00" endTime="2024-01-09T15:44:13.1855387+01:00" testType="13cdc9d9-ddb5-4fa4-a97d-d965ccfc6d4b" outcome="Passed" testListId="8c84fa94-04c1-424b-9868-57a2d4851a1d" relativeResultsDirectory="dc76c793-b127-46e5-b530-bb88a8dda987" />
    <UnitTestResult executionId="8ec6e60e-a843-4c4e-8884-52edc6d2d76b" testId="5db55629-0a21-092e-739e-5af2926f9b3e" testName="RegisterSourceTypes_ShouldPassParametersToLogWriter (False)" computerName="DKSR-EFI-06" duration="00:00:00.0353570" startTime="2024-01-09T15:44:11.9199072+01:00" endTime="2024-01-09T15:44:11.9511594+01:00" testType="13cdc9d9-ddb5-4fa4-a97d-d965ccfc6d4b" outcome="Passed" testListId="8c84fa94-04c1-424b-9868-57a2d4851a1d" relativeResultsDirectory="8ec6e60e-a843-4c4e-8884-52edc6d2d76b" />
    <UnitTestResult executionId="9ae6a2d0-cd3f-46f1-b039-aaf5f09e9b23" testId="de304ae7-741c-cdcb-a860-9ece0501a6a6" testName="RegisterLegacyLogMessagesAsync_ShouldPassLogMessagesToLogWriter (True)" computerName="DKSR-EFI-06" duration="00:00:00.0529563" startTime="2024-01-09T15:44:11.9511594+01:00" endTime="2024-01-09T15:44:12.0136591+01:00" testType="13cdc9d9-ddb5-4fa4-a97d-d965ccfc6d4b" outcome="Passed" testListId="8c84fa94-04c1-424b-9868-57a2d4851a1d" relativeResultsDirectory="9ae6a2d0-cd3f-46f1-b039-aaf5f09e9b23" />
    <UnitTestResult executionId="e7fbc29e-f959-44ee-a4eb-73c5803e06fa" testId="31490885-ba4b-19a1-eee4-7c3bd386df8b" testName="ReadLogStarted_ShouldGenerateCorrectParameters" computerName="DKSR-EFI-06" duration="00:00:00.0286374" startTime="2024-01-09T15:44:16.4355901+01:00" endTime="2024-01-09T15:44:16.4667981+01:00" testType="13cdc9d9-ddb5-4fa4-a97d-d965ccfc6d4b" outcome="Passed" testListId="8c84fa94-04c1-424b-9868-57a2d4851a1d" relativeResultsDirectory="e7fbc29e-f959-44ee-a4eb-73c5803e06fa" />
    <UnitTestResult executionId="eeaecbdd-6b9f-4d59-bea5-c875915f2f2d" testId="fbeaa9cd-75c8-4720-ec04-b4c5799961cc" testName="FetchRuleLoglinesAsync_ShouldThrowFaultException_WhenSessionIsUnknown" computerName="DKSR-EFI-06" duration="00:00:00.0304522" startTime="2024-01-09T15:44:10.7324037+01:00" endTime="2024-01-09T15:44:10.7636544+01:00" testType="13cdc9d9-ddb5-4fa4-a97d-d965ccfc6d4b" outcome="Passed" testListId="8c84fa94-04c1-424b-9868-57a2d4851a1d" relativeResultsDirectory="eeaecbdd-6b9f-4d59-bea5-c875915f2f2d" />
    <UnitTestResult executionId="7b49fc5f-5590-4d64-a21d-d7555646d068" testId="02bc80bd-3783-5926-af95-29f845f91552" testName="Constructor_ShouldAddEventHandlerToModifyLogPath_OnlyWhenKeyIsFileAndLogTypeIsFilenameOrArchive (X,Filename,value,~/test/,value)" computerName="DKSR-EFI-06" duration="00:00:00.0032954" startTime="2024-01-09T15:44:13.4043311+01:00" endTime="2024-01-09T15:44:13.4043311+01:00" testType="13cdc9d9-ddb5-4fa4-a97d-d965ccfc6d4b" outcome="Passed" testListId="8c84fa94-04c1-424b-9868-57a2d4851a1d" relativeResultsDirectory="7b49fc5f-5590-4d64-a21d-d7555646d068" />
    <UnitTestResult executionId="9ff7f53d-572c-4ebe-8335-df4080e58858" testId="e873daae-88ef-27cd-c921-914f2a5e398a" testName="ReadLogStarted_ShouldRegisterMessageIn2LanguagesIfFound" computerName="DKSR-EFI-06" duration="00:00:00.1494682" startTime="2024-01-09T15:44:16.2636699+01:00" endTime="2024-01-09T15:44:16.4042961+01:00" testType="13cdc9d9-ddb5-4fa4-a97d-d965ccfc6d4b" outcome="Passed" testListId="8c84fa94-04c1-424b-9868-57a2d4851a1d" relativeResultsDirectory="9ff7f53d-572c-4ebe-8335-df4080e58858" />
    <UnitTestResult executionId="8a80c535-8ce6-4332-8f44-c08c18a26246" testId="bd042076-2402-fb19-56c3-223eeac85ec4" testName="Method_ShouldCallValidateToken_WithCorrectToken (RegisterCategoryTokenAsync,VideoOS.LogServer.WebService.DataContracts.RegisterCategoryParams)" computerName="DKSR-EFI-06" duration="00:00:00.0157532" startTime="2024-01-09T15:44:12.1386599+01:00" endTime="2024-01-09T15:44:12.2324106+01:00" testType="13cdc9d9-ddb5-4fa4-a97d-d965ccfc6d4b" outcome="Passed" testListId="8c84fa94-04c1-424b-9868-57a2d4851a1d" relativeResultsDirectory="8a80c535-8ce6-4332-8f44-c08c18a26246" />
    <UnitTestResult executionId="8fd99b28-368c-464f-bbe2-6bf591c75fe5" testId="c795af14-5387-85dc-b055-637824d79e17" testName="ExtractAsync_ShouldReplaceParameters" computerName="DKSR-EFI-06" duration="00:00:00.0210022" startTime="2024-01-09T15:44:15.2636711+01:00" endTime="2024-01-09T15:44:15.2792958+01:00" testType="13cdc9d9-ddb5-4fa4-a97d-d965ccfc6d4b" outcome="Passed" testListId="8c84fa94-04c1-424b-9868-57a2d4851a1d" relativeResultsDirectory="8fd99b28-368c-464f-bbe2-6bf591c75fe5" />
    <UnitTestResult executionId="7a24ba62-8dac-4e64-9068-316c8875f55f" testId="bd042076-2402-fb19-56c3-223eeac85ec4" testName="Method_ShouldCallValidateToken_WithCorrectToken (RegisterLogMessagesTokenAsync,VideoOS.LogServer.WebService.DataContracts.RegisterLogMessagesParams)" computerName="DKSR-EFI-06" duration="00:00:00.0185576" startTime="2024-01-09T15:44:12.1386599+01:00" endTime="2024-01-09T15:44:12.2324106+01:00" testType="13cdc9d9-ddb5-4fa4-a97d-d965ccfc6d4b" outcome="Passed" testListId="8c84fa94-04c1-424b-9868-57a2d4851a1d" relativeResultsDirectory="7a24ba62-8dac-4e64-9068-316c8875f55f" />
    <UnitTestResult executionId="bde4d9bf-01b1-4881-9e29-c1189eeb996a" testId="e0450b35-a530-0b19-160d-abbdc4fe2859" testName="Constructor_ShouldAddEventHandlerToModifyLogPath_OnlyWhenKeyIsFileAndLogTypeIsFilenameOrArchive (File,Archive,,~/test/,C:\ProgramData\MyCompany\MyProduct\test\)" computerName="DKSR-EFI-06" duration="00:00:00.0032369" startTime="2024-01-09T15:44:13.3886633+01:00" endTime="2024-01-09T15:44:13.3886633+01:00" testType="13cdc9d9-ddb5-4fa4-a97d-d965ccfc6d4b" outcome="Passed" testListId="8c84fa94-04c1-424b-9868-57a2d4851a1d" relativeResultsDirectory="bde4d9bf-01b1-4881-9e29-c1189eeb996a" />
    <UnitTestResult executionId="73e5fa50-b083-46c3-9fad-002aa9f45451" testId="8e05f9e1-4bc3-7f4d-839a-2cb3629e60a3" testName="GetFiltersTimeout_ShouldReturnNull_IfNoValueIsConfigured" computerName="DKSR-EFI-06" duration="00:00:00.0231603" startTime="2024-01-09T15:44:15.0605419+01:00" endTime="2024-01-09T15:44:15.0917934+01:00" testType="13cdc9d9-ddb5-4fa4-a97d-d965ccfc6d4b" outcome="Passed" testListId="8c84fa94-04c1-424b-9868-57a2d4851a1d" relativeResultsDirectory="73e5fa50-b083-46c3-9fad-002aa9f45451" />
    <UnitTestResult executionId="81b044f6-c02d-4465-95a2-e144388c29c2" testId="56400346-c5a4-1881-ce9b-b5d081332051" testName="GetFilterValuesAsync_ShouldPassParameters" computerName="DKSR-EFI-06" duration="00:00:00.0528730" startTime="2024-01-09T15:44:12.6855382+01:00" endTime="2024-01-09T15:44:12.7480374+01:00" testType="13cdc9d9-ddb5-4fa4-a97d-d965ccfc6d4b" outcome="Passed" testListId="8c84fa94-04c1-424b-9868-57a2d4851a1d" relativeResultsDirectory="81b044f6-c02d-4465-95a2-e144388c29c2" />
    <UnitTestResult executionId="7a3e32df-0b8f-4203-99db-6148624be67a" testId="d8396111-7662-0714-d2b4-b09fefb77529" testName="CreateLogWriter_ShouldCreateAnInstanceOfSqlServerLogWriter" computerName="DKSR-EFI-06" duration="00:00:00.0077071" startTime="2024-01-09T15:44:12.4511628+01:00" endTime="2024-01-09T15:44:12.4511628+01:00" testType="13cdc9d9-ddb5-4fa4-a97d-d965ccfc6d4b" outcome="Passed" testListId="8c84fa94-04c1-424b-9868-57a2d4851a1d" relativeResultsDirectory="7a3e32df-0b8f-4203-99db-6148624be67a" />
    <UnitTestResult executionId="5585bdbb-8beb-4e42-9fc6-e537cedaa68f" testId="71acd907-f8ef-f266-25aa-19cdaafdf552" testName="QueryWithParameters_ShouldExecuteProcedureWithGivenParameters" computerName="DKSR-EFI-06" duration="00:00:00.0105223" startTime="2024-01-09T15:44:15.0449188+01:00" endTime="2024-01-09T15:44:15.0605419+01:00" testType="13cdc9d9-ddb5-4fa4-a97d-d965ccfc6d4b" outcome="Passed" testListId="8c84fa94-04c1-424b-9868-57a2d4851a1d" relativeResultsDirectory="5585bdbb-8beb-4e42-9fc6-e537cedaa68f" />
    <UnitTestResult executionId="46b090b3-6298-4e39-99b0-2c9da699c66c" testId="1d285f27-5632-9018-bf50-97df4afa185d" testName="StartQuerySessionAsync_ShouldNotModify_WhatILogReaderProvides (False)" computerName="DKSR-EFI-06" duration="00:00:00.0291550" startTime="2024-01-09T15:44:10.0917760+01:00" endTime="2024-01-09T15:44:10.1230258+01:00" testType="13cdc9d9-ddb5-4fa4-a97d-d965ccfc6d4b" outcome="Passed" testListId="8c84fa94-04c1-424b-9868-57a2d4851a1d" relativeResultsDirectory="46b090b3-6298-4e39-99b0-2c9da699c66c" />
    <UnitTestResult executionId="3271c3bd-a044-400d-9fa3-d8254f8613f7" testId="5d6f1e7d-1135-423f-a794-21a2d3d974f9" testName="ExecuteWithParameters_ShouldExecuteProcedureWithGivenParameters" computerName="DKSR-EFI-06" duration="00:00:00.0176907" startTime="2024-01-09T15:44:14.7636679+01:00" endTime="2024-01-09T15:44:14.7792927+01:00" testType="13cdc9d9-ddb5-4fa4-a97d-d965ccfc6d4b" outcome="Passed" testListId="8c84fa94-04c1-424b-9868-57a2d4851a1d" relativeResultsDirectory="3271c3bd-a044-400d-9fa3-d8254f8613f7" />
    <UnitTestResult executionId="3ef33545-1e2c-42bc-897a-01c9aa1ab655" testId="be35e1b7-f2ff-7028-5c3e-477704901cf6" testName="FetchAuditLoglinesAsync_ShouldThrowFaultException_WhenSessionIsUnknown" computerName="DKSR-EFI-06" duration="00:00:00.0579834" startTime="2024-01-09T15:44:10.4199024+01:00" endTime="2024-01-09T15:44:10.4667783+01:00" testType="13cdc9d9-ddb5-4fa4-a97d-d965ccfc6d4b" outcome="Passed" testListId="8c84fa94-04c1-424b-9868-57a2d4851a1d" relativeResultsDirectory="3ef33545-1e2c-42bc-897a-01c9aa1ab655" />
    <UnitTestResult executionId="30932ef6-83f5-4dc3-b111-568415b1f58d" testId="37590392-479e-4f5b-0bf5-d812c9ae600f" testName="FetchRuleLoglinesAsync_ShouldThrowFaultException_WhenSqlQueriesTimeout" computerName="DKSR-EFI-06" duration="00:00:00.0517340" startTime="2024-01-09T15:44:10.7636544+01:00" endTime="2024-01-09T15:44:10.8105292+01:00" testType="13cdc9d9-ddb5-4fa4-a97d-d965ccfc6d4b" outcome="Passed" testListId="8c84fa94-04c1-424b-9868-57a2d4851a1d" relativeResultsDirectory="30932ef6-83f5-4dc3-b111-568415b1f58d" />
    <UnitTestResult executionId="dfd3718a-877f-4f03-9c49-4ddd8712e2f3" testId="d9cc0df3-0afc-2f4c-9784-3c9795fb77c7" testName="RegisterCategoryAsync_ShouldCallRegisterCategoriesSP" computerName="DKSR-EFI-06" duration="00:00:00.0320960" startTime="2024-01-09T15:44:09.5605245+01:00" endTime="2024-01-09T15:44:09.5917741+01:00" testType="13cdc9d9-ddb5-4fa4-a97d-d965ccfc6d4b" outcome="Passed" testListId="8c84fa94-04c1-424b-9868-57a2d4851a1d" relativeResultsDirectory="dfd3718a-877f-4f03-9c49-4ddd8712e2f3" />
    <UnitTestResult executionId="1b1f61e3-2052-4e45-a408-48872b746d33" testId="bf326b4d-2898-a8f0-57ed-daad32be2325" testName="GetFiltersTimeout_ShouldReturnNull_WhenConfiguredValueIsInvalid" computerName="DKSR-EFI-06" duration="00:00:00.0013100" startTime="2024-01-09T15:44:15.1074175+01:00" endTime="2024-01-09T15:44:15.1230444+01:00" testType="13cdc9d9-ddb5-4fa4-a97d-d965ccfc6d4b" outcome="Passed" testListId="8c84fa94-04c1-424b-9868-57a2d4851a1d" relativeResultsDirectory="1b1f61e3-2052-4e45-a408-48872b746d33" />
    <UnitTestResult executionId="a76610db-eb98-4019-bc74-8d4fd5f85946" testId="90b3d8fc-ad9f-655d-a1ef-4881249ed9ab" testName="Set_ShouldAddItemToTheCache_IfIdIsNotEmptyAndValueIsNotNull" computerName="DKSR-EFI-06" duration="00:00:00.0538677" startTime="2024-01-09T15:44:15.9667952+01:00" endTime="2024-01-09T15:44:16.0136704+01:00" testType="13cdc9d9-ddb5-4fa4-a97d-d965ccfc6d4b" outcome="Passed" testListId="8c84fa94-04c1-424b-9868-57a2d4851a1d" relativeResultsDirectory="a76610db-eb98-4019-bc74-8d4fd5f85946" />
    <UnitTestResult executionId="ae847eb4-354f-405c-b265-04bc7bf4bac4" testId="a226c0a5-ca0f-248c-3924-69b935bb5567" testName="LogMessageSourceType_ToStorage_ShouldThrowArgumentNullException_IfValueIsNull" computerName="DKSR-EFI-06" duration="00:00:00.0007585" startTime="2024-01-09T15:44:13.5449141+01:00" endTime="2024-01-09T15:44:13.5449141+01:00" testType="13cdc9d9-ddb5-4fa4-a97d-d965ccfc6d4b" outcome="Passed" testListId="8c84fa94-04c1-424b-9868-57a2d4851a1d" relativeResultsDirectory="ae847eb4-354f-405c-b265-04bc7bf4bac4" />
    <UnitTestResult executionId="d7bd4707-5056-4378-8f99-d9ed3dd25137" testId="ef1c7cb9-a3bf-ea46-735f-36f55ce06156" testName="FetchLoglinesAsync_ShouldReturnMoreData_OnSubsequentCalls" computerName="DKSR-EFI-06" duration="00:00:00.2267490" startTime="2024-01-09T15:44:12.9042866+01:00" endTime="2024-01-09T15:44:13.1230381+01:00" testType="13cdc9d9-ddb5-4fa4-a97d-d965ccfc6d4b" outcome="Passed" testListId="8c84fa94-04c1-424b-9868-57a2d4851a1d" relativeResultsDirectory="d7bd4707-5056-4378-8f99-d9ed3dd25137" />
    <UnitTestResult executionId="f9be91de-64a9-43e2-bb70-b9aec5fe179d" testId="000d7efd-fe4d-9380-87e2-a7d9311ce1c3" testName="Dispose_ShouldBeCalledForEachCounter" computerName="DKSR-EFI-06" duration="00:00:00.0441837" startTime="2024-01-09T15:44:13.2792869+01:00" endTime="2024-01-09T15:44:13.3105388+01:00" testType="13cdc9d9-ddb5-4fa4-a97d-d965ccfc6d4b" outcome="Passed" testListId="8c84fa94-04c1-424b-9868-57a2d4851a1d" relativeResultsDirectory="f9be91de-64a9-43e2-bb70-b9aec5fe179d" />
    <UnitTestResult executionId="6f139ee0-1896-498f-9a1e-af3a8ce06d88" testId="d9cef8c8-00c4-6a94-c81e-31ea6d3b548d" testName="QueryInstanceCount_ShouldExecuteProcedureWithGivenParameters" computerName="DKSR-EFI-06" duration="00:00:00.0063539" startTime="2024-01-09T15:44:14.9355456+01:00" endTime="2024-01-09T15:44:14.9355456+01:00" testType="13cdc9d9-ddb5-4fa4-a97d-d965ccfc6d4b" outcome="Passed" testListId="8c84fa94-04c1-424b-9868-57a2d4851a1d" relativeResultsDirectory="6f139ee0-1896-498f-9a1e-af3a8ce06d88" />
    <UnitTestResult executionId="41c4cb81-7bb2-4389-91f1-1fb45c679510" testId="473ecaf0-d961-6edb-b84a-a553cbcdae03" testName="LoadAsync_ShouldSetAuditLogRetentionToDefault_IfDatabaseCallFail" computerName="DKSR-EFI-06" duration="00:00:00.0055845" startTime="2024-01-09T15:44:15.7792959+01:00" endTime="2024-01-09T15:44:15.7792959+01:00" testType="13cdc9d9-ddb5-4fa4-a97d-d965ccfc6d4b" outcome="Passed" testListId="8c84fa94-04c1-424b-9868-57a2d4851a1d" relativeResultsDirectory="41c4cb81-7bb2-4389-91f1-1fb45c679510" />
    <UnitTestResult executionId="2d1d3871-1f46-415b-ab4a-77622c8af360" testId="461c532f-c917-e381-5c12-bc45dd58a2e6" testName="ToLogMessages_ShouldTransformEntriesToLogMessages_WithCorrectMessageText" computerName="DKSR-EFI-06" duration="00:00:00.0036085" startTime="2024-01-09T15:44:13.6230384+01:00" endTime="2024-01-09T15:44:13.6230384+01:00" testType="13cdc9d9-ddb5-4fa4-a97d-d965ccfc6d4b" outcome="Passed" testListId="8c84fa94-04c1-424b-9868-57a2d4851a1d" relativeResultsDirectory="2d1d3871-1f46-415b-ab4a-77622c8af360" />
    <UnitTestResult executionId="594a543f-6430-4694-9fd3-e8da8459953a" testId="80720161-619f-46b7-b5e9-b9360c5333b5" testName="UpdateRetentionsAsync_ShouldUpdateExpirationDates_Twice" computerName="DKSR-EFI-06" duration="00:00:00.0067520" startTime="2024-01-09T15:44:15.6855442+01:00" endTime="2024-01-09T15:44:15.7011714+01:00" testType="13cdc9d9-ddb5-4fa4-a97d-d965ccfc6d4b" outcome="Passed" testListId="8c84fa94-04c1-424b-9868-57a2d4851a1d" relativeResultsDirectory="594a543f-6430-4694-9fd3-e8da8459953a" />
    <UnitTestResult executionId="d351ff9b-b9ba-401f-881d-a622d7f2fe4a" testId="fa67d7c5-5148-0d9e-b865-b4a92d28e8a2" testName="Property_ShouldThrowMissingOemResourceException_WhenResourceDoesNotExist" computerName="DKSR-EFI-06" duration="00:00:00.0265879" startTime="2024-01-09T15:44:12.5449115+01:00" endTime="2024-01-09T15:44:12.5761627+01:00" testType="13cdc9d9-ddb5-4fa4-a97d-d965ccfc6d4b" outcome="Passed" testListId="8c84fa94-04c1-424b-9868-57a2d4851a1d" relativeResultsDirectory="d351ff9b-b9ba-401f-881d-a622d7f2fe4a" />
    <UnitTestResult executionId="c0e6178e-db6f-4927-8637-62bd227673fb" testId="c81109bf-0139-7963-fa88-926e3f3e7d76" testName="ExtractLogMessageCategories_ShouldExtract_WithCorrectText" computerName="DKSR-EFI-06" duration="00:00:00.0060609" startTime="2024-01-09T15:44:13.6386631+01:00" endTime="2024-01-09T15:44:13.6386631+01:00" testType="13cdc9d9-ddb5-4fa4-a97d-d965ccfc6d4b" outcome="Passed" testListId="8c84fa94-04c1-424b-9868-57a2d4851a1d" relativeResultsDirectory="c0e6178e-db6f-4927-8637-62bd227673fb" />
    <UnitTestResult executionId="7e461d28-e725-425e-9be4-d4023623ec98" testId="8d6f159a-d3b6-803f-2d76-53607f783811" testName="Method_ShouldCallValidateToken_WithAction_WithCorrectToken (StartQuerySessionTokenAsync,VideoOS.LogServer.WebService.StartQuerySessionParams)" computerName="DKSR-EFI-06" duration="00:00:00.0162992" startTime="2024-01-09T15:44:11.1699062+01:00" endTime="2024-01-09T15:44:11.2636555+01:00" testType="13cdc9d9-ddb5-4fa4-a97d-d965ccfc6d4b" outcome="Passed" testListId="8c84fa94-04c1-424b-9868-57a2d4851a1d" relativeResultsDirectory="7e461d28-e725-425e-9be4-d4023623ec98" />
    <UnitTestResult executionId="d0325811-ac9e-4790-b57f-06492cea284f" testId="d622b72b-ae76-b477-c7df-e2dbe34cdc3a" testName="Start_ShouldPerformCheckForExpiredLogs_WithAppSettingsSpecifiedPeriod" computerName="DKSR-EFI-06" duration="00:00:00.0035816" startTime="2024-01-09T15:44:15.5136683+01:00" endTime="2024-01-09T15:44:15.5136683+01:00" testType="13cdc9d9-ddb5-4fa4-a97d-d965ccfc6d4b" outcome="Passed" testListId="8c84fa94-04c1-424b-9868-57a2d4851a1d" relativeResultsDirectory="d0325811-ac9e-4790-b57f-06492cea284f" />
    <UnitTestResult executionId="8e53f860-fd96-4b10-807f-aee0949cf38e" testId="bd880de7-2db0-f960-3aa9-a32e94eaeebf" testName="LoadAsync_ShouldSetAuditLogRetention" computerName="DKSR-EFI-06" duration="00:00:00.0061240" startTime="2024-01-09T15:44:15.8261725+01:00" endTime="2024-01-09T15:44:15.8261725+01:00" testType="13cdc9d9-ddb5-4fa4-a97d-d965ccfc6d4b" outcome="Passed" testListId="8c84fa94-04c1-424b-9868-57a2d4851a1d" relativeResultsDirectory="8e53f860-fd96-4b10-807f-aee0949cf38e" />
    <UnitTestResult executionId="9dc7bfce-3f80-4c7c-88d9-dd0ee354868c" testId="9a1d635d-40c5-c203-487d-681910583bd1" testName="ExtractAsync_ShouldReadValues" computerName="DKSR-EFI-06" duration="00:00:00.0076927" startTime="2024-01-09T15:44:15.2167954+01:00" endTime="2024-01-09T15:44:15.2167954+01:00" testType="13cdc9d9-ddb5-4fa4-a97d-d965ccfc6d4b" outcome="Passed" testListId="8c84fa94-04c1-424b-9868-57a2d4851a1d" relativeResultsDirectory="9dc7bfce-3f80-4c7c-88d9-dd0ee354868c" />
    <UnitTestResult executionId="11c8c28f-ad2a-47d8-a343-c4314221b2cf" testId="ff13db3a-5d1a-447d-aeaa-7c59d00e898a" testName="ExtractAsync_ShouldDropLoglines_WhenLogLevelIsDbNull" computerName="DKSR-EFI-06" duration="00:00:00.0112606" startTime="2024-01-09T15:44:15.3105436+01:00" endTime="2024-01-09T15:44:15.3261699+01:00" testType="13cdc9d9-ddb5-4fa4-a97d-d965ccfc6d4b" outcome="Passed" testListId="8c84fa94-04c1-424b-9868-57a2d4851a1d" relativeResultsDirectory="11c8c28f-ad2a-47d8-a343-c4314221b2cf" />
    <UnitTestResult executionId="bab23b43-ffb9-4ad8-8bfe-562d23c7ee31" testId="1f8d7007-ecd8-fb58-342a-54b2bcf0707f" testName="QueryFilters_ToStorage_ShouldThrowArgumentNullException_IfValueIsNull" computerName="DKSR-EFI-06" duration="00:00:00.0026241" startTime="2024-01-09T15:44:13.4980400+01:00" endTime="2024-01-09T15:44:13.4980400+01:00" testType="13cdc9d9-ddb5-4fa4-a97d-d965ccfc6d4b" outcome="Passed" testListId="8c84fa94-04c1-424b-9868-57a2d4851a1d" relativeResultsDirectory="bab23b43-ffb9-4ad8-8bfe-562d23c7ee31" />
    <UnitTestResult executionId="cfd0fb85-46ed-45b9-9760-8cc204ae83d7" testId="94ffbcce-875a-dbeb-c436-becb66351dc4" testName="FetchRuleLoglinesAsync_ShouldNotModify_WhatRuleLogReaderProvides (True)" computerName="DKSR-EFI-06" duration="00:00:00.0375544" startTime="2024-01-09T15:44:10.6542777+01:00" endTime="2024-01-09T15:44:10.6855297+01:00" testType="13cdc9d9-ddb5-4fa4-a97d-d965ccfc6d4b" outcome="Passed" testListId="8c84fa94-04c1-424b-9868-57a2d4851a1d" relativeResultsDirectory="cfd0fb85-46ed-45b9-9760-8cc204ae83d7" />
    <UnitTestResult executionId="85409dcf-ede5-4e63-95fa-f5903e0325b6" testId="bd7bf742-374f-b829-39d1-dc907ba3e53d" testName="QueryWithParameters_ShouldSetCommandTimeout_WhenATimeoutIsSpecified" computerName="DKSR-EFI-06" duration="00:00:00.0108186" startTime="2024-01-09T15:44:15.0136663+01:00" endTime="2024-01-09T15:44:15.0292937+01:00" testType="13cdc9d9-ddb5-4fa4-a97d-d965ccfc6d4b" outcome="Passed" testListId="8c84fa94-04c1-424b-9868-57a2d4851a1d" relativeResultsDirectory="85409dcf-ede5-4e63-95fa-f5903e0325b6" />
    <UnitTestResult executionId="e1bcca81-77fa-4dc7-9e12-9c791d2728a6" testId="d5a29a2a-1299-b2e0-d86d-f058067dd199" testName="FetchLoglinesAsync_ShouldIncreasePerformanceCounter" computerName="DKSR-EFI-06" duration="00:00:00.0084483" startTime="2024-01-09T15:44:13.2636646+01:00" endTime="2024-01-09T15:44:13.2636646+01:00" testType="13cdc9d9-ddb5-4fa4-a97d-d965ccfc6d4b" outcome="Passed" testListId="8c84fa94-04c1-424b-9868-57a2d4851a1d" relativeResultsDirectory="e1bcca81-77fa-4dc7-9e12-9c791d2728a6" />
    <UnitTestResult executionId="7651739e-5696-44e2-be4d-37d96526519c" testId="bd042076-2402-fb19-56c3-223eeac85ec4" testName="Method_ShouldCallValidateToken_WithCorrectToken (WriteLegacyLoglineTokenAsync,VideoOS.LogServer.WebService.DataContracts.WriteLegacyLoglineParams)" computerName="DKSR-EFI-06" duration="00:00:00.0139417" startTime="2024-01-09T15:44:12.1386599+01:00" endTime="2024-01-09T15:44:12.2324106+01:00" testType="13cdc9d9-ddb5-4fa4-a97d-d965ccfc6d4b" outcome="Passed" testListId="8c84fa94-04c1-424b-9868-57a2d4851a1d" relativeResultsDirectory="7651739e-5696-44e2-be4d-37d96526519c" />
    <UnitTestResult executionId="a9d906d4-8202-472c-a313-1a46790d88d4" testId="5afd063a-4f14-3665-0935-af7ec06a876e" testName="Start_ShouldUseDefaultGuaranteedDeletionPeriodValue_WhenMissingFromConfig" computerName="DKSR-EFI-06" duration="00:00:00.0024751" startTime="2024-01-09T15:44:15.5292920+01:00" endTime="2024-01-09T15:44:15.5292920+01:00" testType="13cdc9d9-ddb5-4fa4-a97d-d965ccfc6d4b" outcome="Passed" testListId="8c84fa94-04c1-424b-9868-57a2d4851a1d" relativeResultsDirectory="a9d906d4-8202-472c-a313-1a46790d88d4" />
    <UnitTestResult executionId="d0b52817-6479-42ba-943c-8524919e44e9" testId="f37e5f5b-a609-fcf3-c453-9f411a15eaeb" testName="Method_ShouldCallValidateCredentials (RegisterLogMessagesAsync,VideoOS.LogServer.WebService.DataContracts.RegisterLogMessagesParams)" computerName="DKSR-EFI-06" duration="00:00:00.0151544" startTime="2024-01-09T15:44:12.0449090+01:00" endTime="2024-01-09T15:44:12.1386599+01:00" testType="13cdc9d9-ddb5-4fa4-a97d-d965ccfc6d4b" outcome="Passed" testListId="8c84fa94-04c1-424b-9868-57a2d4851a1d" relativeResultsDirectory="d0b52817-6479-42ba-943c-8524919e44e9" />
    <UnitTestResult executionId="4d377525-7320-4f0f-b274-bc37d5d1e04a" testId="60b6538b-8aa3-6bd5-f8a1-fd661ad27c0e" testName="LogMessageSourceType_ToStorage_PropertiesAreTransferred" computerName="DKSR-EFI-06" duration="00:00:00.0018691" startTime="2024-01-09T15:44:13.5449141+01:00" endTime="2024-01-09T15:44:13.5449141+01:00" testType="13cdc9d9-ddb5-4fa4-a97d-d965ccfc6d4b" outcome="Passed" testListId="8c84fa94-04c1-424b-9868-57a2d4851a1d" relativeResultsDirectory="4d377525-7320-4f0f-b274-bc37d5d1e04a" />
    <UnitTestResult executionId="4052b595-c509-43dc-80b1-d9f9a49e413d" testId="c0fed45b-6475-73e7-3be9-95b5ff37691a" testName="Stop_ShouldNotHandleGeneralException_IfErrorHappensWhileClosingServiceCommunications" computerName="DKSR-EFI-06" duration="00:00:00.0538156" startTime="2024-01-09T15:44:09.2636510+01:00" endTime="2024-01-09T15:44:09.3261494+01:00" testType="13cdc9d9-ddb5-4fa4-a97d-d965ccfc6d4b" outcome="Passed" testListId="8c84fa94-04c1-424b-9868-57a2d4851a1d" relativeResultsDirectory="4052b595-c509-43dc-80b1-d9f9a49e413d" />
    <UnitTestResult executionId="429d009e-bbe3-46ab-aed0-34e7e6e6bc69" testId="13e3c154-da82-5764-8f2d-8e5e58a32b04" testName="GetLogConfigurationTimeout_ShouldReturnNull_WhenConfiguredValueIsInvalid" computerName="DKSR-EFI-06" duration="00:00:00.0010679" startTime="2024-01-09T15:44:15.1542922+01:00" endTime="2024-01-09T15:44:15.1542922+01:00" testType="13cdc9d9-ddb5-4fa4-a97d-d965ccfc6d4b" outcome="Passed" testListId="8c84fa94-04c1-424b-9868-57a2d4851a1d" relativeResultsDirectory="429d009e-bbe3-46ab-aed0-34e7e6e6bc69" />
    <UnitTestResult executionId="5ed7427e-c41d-4fe0-bbb6-8405be15fb96" testId="3fa1efea-04df-0715-5224-3faefa634d4c" testName="WriteLoglineAsync_ShouldIncreaseWritingFrequencyCounter" computerName="DKSR-EFI-06" duration="00:00:00.0123523" startTime="2024-01-09T15:44:09.6855254+01:00" endTime="2024-01-09T15:44:09.7011505+01:00" testType="13cdc9d9-ddb5-4fa4-a97d-d965ccfc6d4b" outcome="Passed" testListId="8c84fa94-04c1-424b-9868-57a2d4851a1d" relativeResultsDirectory="5ed7427e-c41d-4fe0-bbb6-8405be15fb96" />
    <UnitTestResult executionId="c48eade4-87ca-445c-bd4d-0cfe7694b9fe" testId="81416636-ae21-0fe9-fa1b-1c1f2587f04a" testName="FetchRuleLoglinesAsync_ShouldNotModify_WhatRuleLogReaderProvides (False)" computerName="DKSR-EFI-06" duration="00:00:00.0289702" startTime="2024-01-09T15:44:10.7011534+01:00" endTime="2024-01-09T15:44:10.7324037+01:00" testType="13cdc9d9-ddb5-4fa4-a97d-d965ccfc6d4b" outcome="Passed" testListId="8c84fa94-04c1-424b-9868-57a2d4851a1d" relativeResultsDirectory="c48eade4-87ca-445c-bd4d-0cfe7694b9fe" />
    <UnitTestResult executionId="5234733d-16d5-4a1f-bdba-2554c57b8acc" testId="8d6f159a-d3b6-803f-2d76-53607f783811" testName="Method_ShouldCallValidateToken_WithAction_WithCorrectToken (FetchSystemLoglinesTokenAsync,VideoOS.LogServer.WebService.DataContracts.FetchLoglinesParams)" computerName="DKSR-EFI-06" duration="00:00:00.0145177" startTime="2024-01-09T15:44:11.1699062+01:00" endTime="2024-01-09T15:44:11.2636555+01:00" testType="13cdc9d9-ddb5-4fa4-a97d-d965ccfc6d4b" outcome="Passed" testListId="8c84fa94-04c1-424b-9868-57a2d4851a1d" relativeResultsDirectory="5234733d-16d5-4a1f-bdba-2554c57b8acc" />
    <UnitTestResult executionId="13339732-8d81-45bb-bd62-918c41f53379" testId="7547e2f0-a27a-ad11-8e1c-5f9423a18546" testName="LoadConfigurationAsync_ShouldLoadLogRetentionConfiguration" computerName="DKSR-EFI-06" duration="00:00:00.0032698" startTime="2024-01-09T15:44:15.6542938+01:00" endTime="2024-01-09T15:44:15.6699175+01:00" testType="13cdc9d9-ddb5-4fa4-a97d-d965ccfc6d4b" outcome="Passed" testListId="8c84fa94-04c1-424b-9868-57a2d4851a1d" relativeResultsDirectory="13339732-8d81-45bb-bd62-918c41f53379" />
    <UnitTestResult executionId="fc122045-519d-4a58-ba3d-80a9c917f30a" testId="dfffea35-c158-b556-c3df-bc3a8c5f52e9" testName="GetFilterValuesAsync_ShouldNotModify_WhatFilterValueReaderProvides (False)" computerName="DKSR-EFI-06" duration="00:00:00.0366604" startTime="2024-01-09T15:44:10.9355298+01:00" endTime="2024-01-09T15:44:10.9824058+01:00" testType="13cdc9d9-ddb5-4fa4-a97d-d965ccfc6d4b" outcome="Passed" testListId="8c84fa94-04c1-424b-9868-57a2d4851a1d" relativeResultsDirectory="fc122045-519d-4a58-ba3d-80a9c917f30a" />
    <UnitTestResult executionId="4b8bf674-d515-4d7b-9df2-42af5fcd9f7d" testId="ffd661dd-2186-86c0-0b38-244ae7c977ae" testName="QueryWithParameters_ShouldExecuteProcedureWithGivenName" computerName="DKSR-EFI-06" duration="00:00:00.0120117" startTime="2024-01-09T15:44:14.9980431+01:00" endTime="2024-01-09T15:44:15.0136663+01:00" testType="13cdc9d9-ddb5-4fa4-a97d-d965ccfc6d4b" outcome="Passed" testListId="8c84fa94-04c1-424b-9868-57a2d4851a1d" relativeResultsDirectory="4b8bf674-d515-4d7b-9df2-42af5fcd9f7d" />
    <UnitTestResult executionId="f19beb0e-64c9-4143-a0d4-f902054e07e9" testId="6abe45a8-0c82-1d3d-9c9c-537a19e5f511" testName="UpdateLogRetentionsAsync_ShouldPassParametersToLogRetentionHandler" computerName="DKSR-EFI-06" duration="00:00:00.0045728" startTime="2024-01-09T15:44:11.3887116+01:00" endTime="2024-01-09T15:44:11.3887116+01:00" testType="13cdc9d9-ddb5-4fa4-a97d-d965ccfc6d4b" outcome="Passed" testListId="8c84fa94-04c1-424b-9868-57a2d4851a1d" relativeResultsDirectory="f19beb0e-64c9-4143-a0d4-f902054e07e9" />
    <UnitTestResult executionId="72aa4cdc-1c33-4d9b-ad6d-e4f392b1fdf8" testId="aa656f82-9e44-5a1a-276d-38427026194d" testName="Property_ShouldSucceed_WhenResourceIsAString" computerName="DKSR-EFI-06" duration="00:00:00.0040262" startTime="2024-01-09T15:44:12.6074128+01:00" endTime="2024-01-09T15:44:12.6074128+01:00" testType="13cdc9d9-ddb5-4fa4-a97d-d965ccfc6d4b" outcome="Passed" testListId="8c84fa94-04c1-424b-9868-57a2d4851a1d" relativeResultsDirectory="72aa4cdc-1c33-4d9b-ad6d-e4f392b1fdf8" />
    <UnitTestResult executionId="c4a98b01-cef7-4d36-9884-723f3c8527da" testId="02cb074b-5330-23f6-0c4a-4c0ddce8264e" testName="QueryWithParameters_ShouldThrowDatabaseException_IfQueryExecutionFails" computerName="DKSR-EFI-06" duration="00:00:00.0102753" startTime="2024-01-09T15:44:14.9824172+01:00" endTime="2024-01-09T15:44:14.9980431+01:00" testType="13cdc9d9-ddb5-4fa4-a97d-d965ccfc6d4b" outcome="Passed" testListId="8c84fa94-04c1-424b-9868-57a2d4851a1d" relativeResultsDirectory="c4a98b01-cef7-4d36-9884-723f3c8527da" />
    <UnitTestResult executionId="96391522-67b9-48d9-86cd-d30a43af293b" testId="0e0350ed-eb6e-22cb-e94e-3cfe45921651" testName="Dispose_ShouldCallPerformanceCounterDispose" computerName="DKSR-EFI-06" duration="00:00:00.0008047" startTime="2024-01-09T15:44:13.3417871+01:00" endTime="2024-01-09T15:44:13.3417871+01:00" testType="13cdc9d9-ddb5-4fa4-a97d-d965ccfc6d4b" outcome="Passed" testListId="8c84fa94-04c1-424b-9868-57a2d4851a1d" relativeResultsDirectory="96391522-67b9-48d9-86cd-d30a43af293b" />
    <UnitTestResult executionId="4d749615-c0ce-4681-b2fa-db67b642d9f4" testId="b055a2b4-2834-79b3-2886-461414c1b62e" testName="IncrementBy_ShouldCallPerformanceCounterIncrementBy" computerName="DKSR-EFI-06" duration="00:00:00.0033527" startTime="2024-01-09T15:44:13.3261643+01:00" endTime="2024-01-09T15:44:13.3417871+01:00" testType="13cdc9d9-ddb5-4fa4-a97d-d965ccfc6d4b" outcome="Passed" testListId="8c84fa94-04c1-424b-9868-57a2d4851a1d" relativeResultsDirectory="4d749615-c0ce-4681-b2fa-db67b642d9f4" />
    <UnitTestResult executionId="57ccb1f7-0c46-449e-a018-725d0a4e1a09" testId="5d5dffd7-04ce-db57-4a78-6b61a3cdc6f9" testName="ReadLogStarted_ShouldWriteLogline" computerName="DKSR-EFI-06" duration="00:00:00.0109915" startTime="2024-01-09T15:44:16.4042961+01:00" endTime="2024-01-09T15:44:16.4199219+01:00" testType="13cdc9d9-ddb5-4fa4-a97d-d965ccfc6d4b" outcome="Passed" testListId="8c84fa94-04c1-424b-9868-57a2d4851a1d" relativeResultsDirectory="57ccb1f7-0c46-449e-a018-725d0a4e1a09" />
    <UnitTestResult executionId="5e395026-ae08-410c-acc3-e95d8c3dddcb" testId="eef69d7e-2e3f-3b2c-b176-747c2fdc2b03" testName="GetLogsReadTimeout_ShouldReturnIntValue_WhenConfiguredValueIsValid" computerName="DKSR-EFI-06" duration="00:00:00.0010661" startTime="2024-01-09T15:44:15.1230444+01:00" endTime="2024-01-09T15:44:15.1230444+01:00" testType="13cdc9d9-ddb5-4fa4-a97d-d965ccfc6d4b" outcome="Passed" testListId="8c84fa94-04c1-424b-9868-57a2d4851a1d" relativeResultsDirectory="5e395026-ae08-410c-acc3-e95d8c3dddcb" />
    <UnitTestResult executionId="ba826962-cc38-4c22-bb4c-226fb8ef7001" testId="28b6ad06-97da-62ac-35c6-52354334fb8a" testName="ExecuteWithParameters_ShouldExecuteProcedureWithGivenName" computerName="DKSR-EFI-06" duration="00:00:00.0279589" startTime="2024-01-09T15:44:14.7324163+01:00" endTime="2024-01-09T15:44:14.7636679+01:00" testType="13cdc9d9-ddb5-4fa4-a97d-d965ccfc6d4b" outcome="Passed" testListId="8c84fa94-04c1-424b-9868-57a2d4851a1d" relativeResultsDirectory="ba826962-cc38-4c22-bb4c-226fb8ef7001" />
    <UnitTestResult executionId="c2f0c04f-2a0a-4f19-8077-ac0d513b2442" testId="8b6809f5-ea39-8a2b-ea7b-725a677db564" testName="ExtractAsync_ShouldSplitLoglines" computerName="DKSR-EFI-06" duration="00:00:00.0107589" startTime="2024-01-09T15:44:15.2011712+01:00" endTime="2024-01-09T15:44:15.2167954+01:00" testType="13cdc9d9-ddb5-4fa4-a97d-d965ccfc6d4b" outcome="Passed" testListId="8c84fa94-04c1-424b-9868-57a2d4851a1d" relativeResultsDirectory="c2f0c04f-2a0a-4f19-8077-ac0d513b2442" />
    <UnitTestResult executionId="5f7bf96a-0bf1-4ae1-9f02-e5f54a13edb4" testId="e25cad79-0d2e-c930-5d8e-127920e179b7" testName="UpdateAnonymousLoggingAsync_ShouldChangeExistingAnonymousLogging_WhenDifferentFromExisting" computerName="DKSR-EFI-06" duration="00:00:00.0073014" startTime="2024-01-09T15:44:15.9511695+01:00" endTime="2024-01-09T15:44:15.9511695+01:00" testType="13cdc9d9-ddb5-4fa4-a97d-d965ccfc6d4b" outcome="Passed" testListId="8c84fa94-04c1-424b-9868-57a2d4851a1d" relativeResultsDirectory="5f7bf96a-0bf1-4ae1-9f02-e5f54a13edb4" />
    <UnitTestResult executionId="ce55218b-9c71-4319-b944-876bcb7c761e" testId="f37e5f5b-a609-fcf3-c453-9f411a15eaeb" testName="Method_ShouldCallValidateCredentials (WriteLoglineAsync,VideoOS.LogServer.WebService.DataContracts.WriteLoglineParams)" computerName="DKSR-EFI-06" duration="00:00:00.0130274" startTime="2024-01-09T15:44:12.0449090+01:00" endTime="2024-01-09T15:44:12.1386599+01:00" testType="13cdc9d9-ddb5-4fa4-a97d-d965ccfc6d4b" outcome="Passed" testListId="8c84fa94-04c1-424b-9868-57a2d4851a1d" relativeResultsDirectory="ce55218b-9c71-4319-b944-876bcb7c761e" />
    <UnitTestResult executionId="6680c6c2-a656-4477-b4ec-806c595cd640" testId="c05e16e2-e983-c815-b7da-7916fbfbd4a5" testName="LoadAsync_ShouldSetSystemLogRetentionToDefault_IfDatabaseCallFail" computerName="DKSR-EFI-06" duration="00:00:00.0054198" startTime="2024-01-09T15:44:15.7792959+01:00" endTime="2024-01-09T15:44:15.7949193+01:00" testType="13cdc9d9-ddb5-4fa4-a97d-d965ccfc6d4b" outcome="Passed" testListId="8c84fa94-04c1-424b-9868-57a2d4851a1d" relativeResultsDirectory="6680c6c2-a656-4477-b4ec-806c595cd640" />
    <UnitTestResult executionId="61d2dab2-a285-4c11-96f1-45968249418d" testId="8c625aee-fbc4-80d9-7e5b-5e824be75ac3" testName="EndQuerySessionAsync_ShouldTerminateSession_WithProvidedQuerySessionId (False)" computerName="DKSR-EFI-06" duration="00:00:00.0290697" startTime="2024-01-09T15:44:10.8574047+01:00" endTime="2024-01-09T15:44:10.8886557+01:00" testType="13cdc9d9-ddb5-4fa4-a97d-d965ccfc6d4b" outcome="Passed" testListId="8c84fa94-04c1-424b-9868-57a2d4851a1d" relativeResultsDirectory="61d2dab2-a285-4c11-96f1-45968249418d" />
    <UnitTestResult executionId="6320119a-f8c7-4fd6-bfa2-0216f9def308" testId="eb23929e-f5e4-df55-4e3b-cd8c91dbb810" testName="QueryWithParameters_ShouldReturnParsedLoglines" computerName="DKSR-EFI-06" duration="00:00:00.0076171" startTime="2024-01-09T15:44:15.0605419+01:00" endTime="2024-01-09T15:44:15.0605419+01:00" testType="13cdc9d9-ddb5-4fa4-a97d-d965ccfc6d4b" outcome="Passed" testListId="8c84fa94-04c1-424b-9868-57a2d4851a1d" relativeResultsDirectory="6320119a-f8c7-4fd6-bfa2-0216f9def308" />
    <UnitTestResult executionId="c25bb5f8-a78a-4fbd-87ce-d0419d35214f" testId="8d6f159a-d3b6-803f-2d76-53607f783811" testName="Method_ShouldCallValidateToken_WithAction_WithCorrectToken (GetFilterValuesTokenAsync,VideoOS.LogServer.WebService.DataContracts.GetFilterValuesParams)" computerName="DKSR-EFI-06" duration="00:00:00.0177056" startTime="2024-01-09T15:44:11.1699062+01:00" endTime="2024-01-09T15:44:11.2636555+01:00" testType="13cdc9d9-ddb5-4fa4-a97d-d965ccfc6d4b" outcome="Passed" testListId="8c84fa94-04c1-424b-9868-57a2d4851a1d" relativeResultsDirectory="c25bb5f8-a78a-4fbd-87ce-d0419d35214f" />
    <UnitTestResult executionId="1a7e3158-ac33-4f59-bbb9-5c16f9892f76" testId="d632cdc5-3816-40d4-b1cd-2097ef26d2ca" testName="Start_ShouldNotHandleException_IfErrorHappensWhileRunningProvideServiceHosts" computerName="DKSR-EFI-06" duration="00:00:00.0661168" startTime="2024-01-09T15:44:09.0605257+01:00" endTime="2024-01-09T15:44:09.1386496+01:00" testType="13cdc9d9-ddb5-4fa4-a97d-d965ccfc6d4b" outcome="Passed" testListId="8c84fa94-04c1-424b-9868-57a2d4851a1d" relativeResultsDirectory="1a7e3158-ac33-4f59-bbb9-5c16f9892f76" />
    <UnitTestResult executionId="b7a45caa-5a3a-44f5-800d-61cad959b03b" testId="ef4209df-d36b-9f3f-baf5-b24e22c78dd6" testName="UpdateRetentionsAsync_ShouldNotChangeSystemLogRetention_WhenUpdateFails" computerName="DKSR-EFI-06" duration="00:00:00.0077381" startTime="2024-01-09T15:44:15.8886696+01:00" endTime="2024-01-09T15:44:15.9042948+01:00" testType="13cdc9d9-ddb5-4fa4-a97d-d965ccfc6d4b" outcome="Passed" testListId="8c84fa94-04c1-424b-9868-57a2d4851a1d" relativeResultsDirectory="b7a45caa-5a3a-44f5-800d-61cad959b03b" />
    <UnitTestResult executionId="eb142628-8bd3-4cea-ba66-b2109c1990bc" testId="946a28bb-cef1-c7e1-e310-e2732dc76671" testName="StartQuerySessionAsync_ShouldNotModify_WhatILogReaderProvides (True)" computerName="DKSR-EFI-06" duration="00:00:00.1318687" startTime="2024-01-09T15:44:09.8417940+01:00" endTime="2024-01-09T15:44:10.0761736+01:00" testType="13cdc9d9-ddb5-4fa4-a97d-d965ccfc6d4b" outcome="Passed" testListId="8c84fa94-04c1-424b-9868-57a2d4851a1d" relativeResultsDirectory="eb142628-8bd3-4cea-ba66-b2109c1990bc" />
    <UnitTestResult executionId="033cb58b-139d-4f3a-afc2-7ec45c24a4d7" testId="2fb6e8aa-2eaa-4b12-09c9-b2f35cc72765" testName="StartService_ShouldSetStatusTextToStarted_OnceServiceIsUpAndRunning" computerName="DKSR-EFI-06" duration="00:00:00.0233126" startTime="2024-01-09T15:44:12.2324106+01:00" endTime="2024-01-09T15:44:12.2636620+01:00" testType="13cdc9d9-ddb5-4fa4-a97d-d965ccfc6d4b" outcome="Passed" testListId="8c84fa94-04c1-424b-9868-57a2d4851a1d" relativeResultsDirectory="033cb58b-139d-4f3a-afc2-7ec45c24a4d7" />
    <UnitTestResult executionId="91b99d20-51f4-4419-8663-cdc418827b5a" testId="b7f2eec2-b919-f581-118e-ba5b29993614" testName="FetchSystemLoglinesAsync_ShouldThrowFaultException_WhenSqlQueriesTimeout" computerName="DKSR-EFI-06" duration="00:00:00.0343850" startTime="2024-01-09T15:44:10.6230289+01:00" endTime="2024-01-09T15:44:10.6542777+01:00" testType="13cdc9d9-ddb5-4fa4-a97d-d965ccfc6d4b" outcome="Passed" testListId="8c84fa94-04c1-424b-9868-57a2d4851a1d" relativeResultsDirectory="91b99d20-51f4-4419-8663-cdc418827b5a" />
    <UnitTestResult executionId="163395c0-bf2c-4a7f-9629-939dacf4427b" testId="e3c4b40a-0e55-2e38-08a1-45c503b97faf" testName="WriteLoglineAsync_ShouldCallWriteMessageInstanceSP" computerName="DKSR-EFI-06" duration="00:00:00.0521072" startTime="2024-01-09T15:44:09.6073997+01:00" endTime="2024-01-09T15:44:09.6698989+01:00" testType="13cdc9d9-ddb5-4fa4-a97d-d965ccfc6d4b" outcome="Passed" testListId="8c84fa94-04c1-424b-9868-57a2d4851a1d" relativeResultsDirectory="163395c0-bf2c-4a7f-9629-939dacf4427b" />
    <UnitTestResult executionId="b7000cca-392c-4459-997e-75d3c091123e" testId="5c261d7e-2571-7b3d-897f-b6bb7590d37a" testName="UpdateRetentionsAsync_ShouldNotDoAnything_IfNewValuesAreAllZeros" computerName="DKSR-EFI-06" duration="00:00:00.0061272" startTime="2024-01-09T15:44:15.6699175+01:00" endTime="2024-01-09T15:44:15.6699175+01:00" testType="13cdc9d9-ddb5-4fa4-a97d-d965ccfc6d4b" outcome="Passed" testListId="8c84fa94-04c1-424b-9868-57a2d4851a1d" relativeResultsDirectory="b7000cca-392c-4459-997e-75d3c091123e" />
    <UnitTestResult executionId="2bb2692f-8c5e-4c15-9099-d1af42b1cdac" testId="c914f34a-d6c3-0148-c866-12cf46093edb" testName="QueryInstanceCount_ShouldExecuteProcedureWithGivenName" computerName="DKSR-EFI-06" duration="00:00:00.0118752" startTime="2024-01-09T15:44:14.8886668+01:00" endTime="2024-01-09T15:44:14.9042929+01:00" testType="13cdc9d9-ddb5-4fa4-a97d-d965ccfc6d4b" outcome="Passed" testListId="8c84fa94-04c1-424b-9868-57a2d4851a1d" relativeResultsDirectory="2bb2692f-8c5e-4c15-9099-d1af42b1cdac" />
    <UnitTestResult executionId="e7243a80-3a2c-42bc-b9a3-13001212fdf9" testId="cf38e776-71ee-984e-0a9c-7c7875e54549" testName="Constructors_ShouldNotAllowInjectionOfNulls" computerName="DKSR-EFI-06" duration="00:00:00.0080269" startTime="2024-01-09T15:44:15.7324193+01:00" endTime="2024-01-09T15:44:15.7480428+01:00" testType="13cdc9d9-ddb5-4fa4-a97d-d965ccfc6d4b" outcome="Passed" testListId="8c84fa94-04c1-424b-9868-57a2d4851a1d" relativeResultsDirectory="e7243a80-3a2c-42bc-b9a3-13001212fdf9" />
    <UnitTestResult executionId="fd392f8a-56c6-46b1-a3c8-ea0a94227ca4" testId="00c949e9-3282-e9a3-1397-e04412ea8166" testName="Method_ShouldCallValidateCredentials_WithAction (FetchAuditLoglinesAsync,VideoOS.LogServer.WebService.DataContracts.FetchLoglinesParams)" computerName="DKSR-EFI-06" duration="00:00:00.0530768" startTime="2024-01-09T15:44:11.0136554+01:00" endTime="2024-01-09T15:44:11.1699062+01:00" testType="13cdc9d9-ddb5-4fa4-a97d-d965ccfc6d4b" outcome="Passed" testListId="8c84fa94-04c1-424b-9868-57a2d4851a1d" relativeResultsDirectory="fd392f8a-56c6-46b1-a3c8-ea0a94227ca4" />
    <UnitTestResult executionId="261b86b5-5c42-4ffb-89ab-98e0f548fddd" testId="5ea27412-d887-9544-5a93-57d49722b12e" testName="LoadAsync_ShouldSetRuleLogRetention" computerName="DKSR-EFI-06" duration="00:00:00.0063263" startTime="2024-01-09T15:44:15.8417946+01:00" endTime="2024-01-09T15:44:15.8417946+01:00" testType="13cdc9d9-ddb5-4fa4-a97d-d965ccfc6d4b" outcome="Passed" testListId="8c84fa94-04c1-424b-9868-57a2d4851a1d" relativeResultsDirectory="261b86b5-5c42-4ffb-89ab-98e0f548fddd" />
    <UnitTestResult executionId="2c851947-94ef-42e8-b651-18b0b795b6cf" testId="2d1376f0-c9ba-c269-4739-9431be71f2bf" testName="OemResource_ShouldThrowInvalidOemResourceException_WhenSignatureIsInvalid" computerName="DKSR-EFI-06" duration="00:00:00.0166172" startTime="2024-01-09T15:44:12.4824121+01:00" endTime="2024-01-09T15:44:12.4980381+01:00" testType="13cdc9d9-ddb5-4fa4-a97d-d965ccfc6d4b" outcome="Passed" testListId="8c84fa94-04c1-424b-9868-57a2d4851a1d" relativeResultsDirectory="2c851947-94ef-42e8-b651-18b0b795b6cf" />
    <UnitTestResult executionId="c7fda140-5c2f-4197-a9ab-0d685b4e994e" testId="f37e5f5b-a609-fcf3-c453-9f411a15eaeb" testName="Method_ShouldCallValidateCredentials (WriteLegacyLoglineAsync,VideoOS.LogServer.WebService.DataContracts.WriteLegacyLoglineParams)" computerName="DKSR-EFI-06" duration="00:00:00.0129652" startTime="2024-01-09T15:44:12.0449090+01:00" endTime="2024-01-09T15:44:12.1386599+01:00" testType="13cdc9d9-ddb5-4fa4-a97d-d965ccfc6d4b" outcome="Passed" testListId="8c84fa94-04c1-424b-9868-57a2d4851a1d" relativeResultsDirectory="c7fda140-5c2f-4197-a9ab-0d685b4e994e" />
    <UnitTestResult executionId="39a1cc01-60a7-413b-bf4e-2e326182d5fd" testId="70b86e9d-2393-9129-f216-951feb713fd8" testName="FetchLoglinesAsync_ShouldThrowInvalidLogTypeException_IfCalledWithRuleLoglineParameter" computerName="DKSR-EFI-06" duration="00:00:00.0043812" startTime="2024-01-09T15:44:12.6386624+01:00" endTime="2024-01-09T15:44:12.6542868+01:00" testType="13cdc9d9-ddb5-4fa4-a97d-d965ccfc6d4b" outcome="Passed" testListId="8c84fa94-04c1-424b-9868-57a2d4851a1d" relativeResultsDirectory="39a1cc01-60a7-413b-bf4e-2e326182d5fd" />
    <UnitTestResult executionId="c00ebad1-74fc-43dc-bd79-a1e948698fdb" testId="d59656c0-8234-107d-6ab0-cb62a900f180" testName="GetLogConfigurationTimeout_ShouldReturnNull_IfNoValueIsConfigured" computerName="DKSR-EFI-06" duration="00:00:00.0010652" startTime="2024-01-09T15:44:15.1386680+01:00" endTime="2024-01-09T15:44:15.1386680+01:00" testType="13cdc9d9-ddb5-4fa4-a97d-d965ccfc6d4b" outcome="Passed" testListId="8c84fa94-04c1-424b-9868-57a2d4851a1d" relativeResultsDirectory="c00ebad1-74fc-43dc-bd79-a1e948698fdb" />
    <UnitTestResult executionId="69655566-6c07-43be-a020-0ee13c4b0018" testId="fe6a14e4-4ab3-2bc0-d28b-2bdd79ecc62e" testName="GetLogsWriteTimeout_ShouldReturnNull_WhenConfiguredValueIsInvalid" computerName="DKSR-EFI-06" duration="00:00:00.0011119" startTime="2024-01-09T15:44:15.1386680+01:00" endTime="2024-01-09T15:44:15.1386680+01:00" testType="13cdc9d9-ddb5-4fa4-a97d-d965ccfc6d4b" outcome="Passed" testListId="8c84fa94-04c1-424b-9868-57a2d4851a1d" relativeResultsDirectory="69655566-6c07-43be-a020-0ee13c4b0018" />
    <UnitTestResult executionId="b321b586-6092-46b2-b012-e1e7b8e7f81e" testId="5ff4af90-916a-99f9-1123-cb2981b00f4f" testName="FetchSystemLoglinesAsync_ShouldNotModify_WhatSystemLogReaderProvides (False)" computerName="DKSR-EFI-06" duration="00:00:00.0303825" startTime="2024-01-09T15:44:10.5449028+01:00" endTime="2024-01-09T15:44:10.5761527+01:00" testType="13cdc9d9-ddb5-4fa4-a97d-d965ccfc6d4b" outcome="Passed" testListId="8c84fa94-04c1-424b-9868-57a2d4851a1d" relativeResultsDirectory="b321b586-6092-46b2-b012-e1e7b8e7f81e" />
    <UnitTestResult executionId="53f3ea1a-a32c-4845-90e5-d60ea0d0a9b8" testId="dc3472a0-aafe-d3df-bf54-2cbe31211e86" testName="GetLogRetentionsAsync_ShouldReturnRetentionValuesFromConfiguration" computerName="DKSR-EFI-06" duration="00:00:00.0529720" startTime="2024-01-09T15:44:11.2949044+01:00" endTime="2024-01-09T15:44:11.3574262+01:00" testType="13cdc9d9-ddb5-4fa4-a97d-d965ccfc6d4b" outcome="Passed" testListId="8c84fa94-04c1-424b-9868-57a2d4851a1d" relativeResultsDirectory="53f3ea1a-a32c-4845-90e5-d60ea0d0a9b8" />
    <UnitTestResult executionId="3ac8a5cc-dcca-478f-9e0b-efb3fd321f33" testId="471a0c29-86d4-0274-e84d-7a9540515c1f" testName="GetLogRetentionsAsync_ShouldValidateUser_WithAction" computerName="DKSR-EFI-06" duration="00:00:00.0179182" startTime="2024-01-09T15:44:11.2792815+01:00" endTime="2024-01-09T15:44:11.2949044+01:00" testType="13cdc9d9-ddb5-4fa4-a97d-d965ccfc6d4b" outcome="Passed" testListId="8c84fa94-04c1-424b-9868-57a2d4851a1d" relativeResultsDirectory="3ac8a5cc-dcca-478f-9e0b-efb3fd321f33" />
    <UnitTestResult executionId="02db53f2-7287-4104-af54-eb6da2f92835" testId="eb37f6b5-fbef-e348-651e-fd70328f3cab" testName="LegacyLogMessage_ToStorage_ShouldThrowArgumentNullException_IfValueIsNull" computerName="DKSR-EFI-06" duration="00:00:00.0007941" startTime="2024-01-09T15:44:13.5292894+01:00" endTime="2024-01-09T15:44:13.5292894+01:00" testType="13cdc9d9-ddb5-4fa4-a97d-d965ccfc6d4b" outcome="Passed" testListId="8c84fa94-04c1-424b-9868-57a2d4851a1d" relativeResultsDirectory="02db53f2-7287-4104-af54-eb6da2f92835" />
    <UnitTestResult executionId="1ab213c7-6b14-49bd-bf03-dd0920cef96a" testId="943e2f0c-a2c5-7818-775b-e40db3dfc88b" testName="FetchLoglinesAsync_ShouldThrowInvalidLogTypeException_IfCalledWithAuditLoglineParameter" computerName="DKSR-EFI-06" duration="00:00:00.0025114" startTime="2024-01-09T15:44:13.2480385+01:00" endTime="2024-01-09T15:44:13.2480385+01:00" testType="13cdc9d9-ddb5-4fa4-a97d-d965ccfc6d4b" outcome="Passed" testListId="8c84fa94-04c1-424b-9868-57a2d4851a1d" relativeResultsDirectory="1ab213c7-6b14-49bd-bf03-dd0920cef96a" />
    <UnitTestResult executionId="4ce11294-b57e-4256-841f-1533ed7487d6" testId="bf374353-52a0-cca6-1475-c57e771fd438" testName="RemoveExpired_ShouldForceDeletion_WhenForcedDeleteIsTrueAndLastDeletedGreaterThan12Hours" computerName="DKSR-EFI-06" duration="00:00:00.0070179" startTime="2024-01-09T15:44:15.7011714+01:00" endTime="2024-01-09T15:44:15.7011714+01:00" testType="13cdc9d9-ddb5-4fa4-a97d-d965ccfc6d4b" outcome="Passed" testListId="8c84fa94-04c1-424b-9868-57a2d4851a1d" relativeResultsDirectory="4ce11294-b57e-4256-841f-1533ed7487d6" />
    <UnitTestResult executionId="2d7a50a0-14b5-44df-aead-631d28637b30" testId="67674565-a205-af8e-ea43-872acf0efcc5" testName="UpdateRetentionsAsync_ShouldUpdateRetentionsInConfiguration" computerName="DKSR-EFI-06" duration="00:00:00.0087060" startTime="2024-01-09T15:44:15.6699175+01:00" endTime="2024-01-09T15:44:15.6855442+01:00" testType="13cdc9d9-ddb5-4fa4-a97d-d965ccfc6d4b" outcome="Passed" testListId="8c84fa94-04c1-424b-9868-57a2d4851a1d" relativeResultsDirectory="2d7a50a0-14b5-44df-aead-631d28637b30" />
    <UnitTestResult executionId="34440070-1f38-4db2-94de-dcda035900e0" testId="33f0f1bd-017b-4deb-1129-02ec0474525f" testName="StartShouldUsePeriodValueFromConfig_WhenStartingGuaranteedDeletionTimer (-1,7)" computerName="DKSR-EFI-06" duration="00:00:00.0013922" startTime="2024-01-09T15:44:15.5292920+01:00" endTime="2024-01-09T15:44:15.5292920+01:00" testType="13cdc9d9-ddb5-4fa4-a97d-d965ccfc6d4b" outcome="Passed" testListId="8c84fa94-04c1-424b-9868-57a2d4851a1d" relativeResultsDirectory="34440070-1f38-4db2-94de-dcda035900e0" />
    <UnitTestResult executionId="4299a7cd-7c11-462c-b77d-a662b0533f72" testId="b458b4ef-295e-cc97-1665-694d3d255142" testName="ExecuteGuaranteedDeletion_ShouldCallRemoveExpiredTwice_WhenConfigurationsAreCorrect" computerName="DKSR-EFI-06" duration="00:00:00.0135740" startTime="2024-01-09T15:44:15.6230442+01:00" endTime="2024-01-09T15:44:15.6386695+01:00" testType="13cdc9d9-ddb5-4fa4-a97d-d965ccfc6d4b" outcome="Passed" testListId="8c84fa94-04c1-424b-9868-57a2d4851a1d" relativeResultsDirectory="4299a7cd-7c11-462c-b77d-a662b0533f72" />
    <UnitTestResult executionId="677d5bd7-027d-41da-b030-82cad7556b0e" testId="7bd295c4-7050-79ba-455e-7999ded93129" testName="Start_ShouldLogStartedMessage" computerName="DKSR-EFI-06" duration="00:00:00.0478533" startTime="2024-01-09T15:44:08.9355262+01:00" endTime="2024-01-09T15:44:08.9824005+01:00" testType="13cdc9d9-ddb5-4fa4-a97d-d965ccfc6d4b" outcome="Passed" testListId="8c84fa94-04c1-424b-9868-57a2d4851a1d" relativeResultsDirectory="677d5bd7-027d-41da-b030-82cad7556b0e" />
    <UnitTestResult executionId="2c76c7ce-fe97-4fcc-80e0-7481ddf11632" testId="00c949e9-3282-e9a3-1397-e04412ea8166" testName="Method_ShouldCallValidateCredentials_WithAction (GetFilterValuesAsync,VideoOS.LogServer.WebService.DataContracts.GetFilterValuesParams)" computerName="DKSR-EFI-06" duration="00:00:00.0153195" startTime="2024-01-09T15:44:11.0136554+01:00" endTime="2024-01-09T15:44:11.1699062+01:00" testType="13cdc9d9-ddb5-4fa4-a97d-d965ccfc6d4b" outcome="Passed" testListId="8c84fa94-04c1-424b-9868-57a2d4851a1d" relativeResultsDirectory="2c76c7ce-fe97-4fcc-80e0-7481ddf11632" />
    <UnitTestResult executionId="494ae36f-c7a8-4a32-b577-a8ee88c69fcf" testId="31eec4c0-9b41-3b48-5e19-7bf8b5fda2c4" testName="RegisterSourceTypeAsync_ShouldCallRegisterSourceTypesSP" computerName="DKSR-EFI-06" duration="00:00:00.0173051" startTime="2024-01-09T15:44:09.5917741+01:00" endTime="2024-01-09T15:44:09.6073997+01:00" testType="13cdc9d9-ddb5-4fa4-a97d-d965ccfc6d4b" outcome="Passed" testListId="8c84fa94-04c1-424b-9868-57a2d4851a1d" relativeResultsDirectory="494ae36f-c7a8-4a32-b577-a8ee88c69fcf" />
    <UnitTestResult executionId="55d784a3-8609-4fde-9663-44c0a59543a3" testId="0e721204-f277-1283-5632-da19123225cd" testName="LogMessageCategory_ToStorage_ShouldThrowArgumentNullException_IfValueIsNull" computerName="DKSR-EFI-06" duration="00:00:00.0007482" startTime="2024-01-09T15:44:13.5449141+01:00" endTime="2024-01-09T15:44:13.5449141+01:00" testType="13cdc9d9-ddb5-4fa4-a97d-d965ccfc6d4b" outcome="Passed" testListId="8c84fa94-04c1-424b-9868-57a2d4851a1d" relativeResultsDirectory="55d784a3-8609-4fde-9663-44c0a59543a3" />
    <UnitTestResult executionId="3af95cd8-31ef-4fef-a153-1907f38a3d73" testId="0106d28e-bf03-64db-0cdd-28f5a5e82267" testName="FetchLoglinesAsync_ShouldIncreasePerformanceCounter" computerName="DKSR-EFI-06" duration="00:00:00.0084528" startTime="2024-01-09T15:44:13.2167883+01:00" endTime="2024-01-09T15:44:13.2167883+01:00" testType="13cdc9d9-ddb5-4fa4-a97d-d965ccfc6d4b" outcome="Passed" testListId="8c84fa94-04c1-424b-9868-57a2d4851a1d" relativeResultsDirectory="3af95cd8-31ef-4fef-a153-1907f38a3d73" />
    <UnitTestResult executionId="86a7050b-84e8-4c4c-81b4-0cd1e996dfbe" testId="8b383180-dbd7-0c21-f30b-f2b8a219d9d7" testName="Constructors_ShouldNotAllowInjectionOfNulls" computerName="DKSR-EFI-06" duration="00:00:00.0129698" startTime="2024-01-09T15:44:11.2636555+01:00" endTime="2024-01-09T15:44:11.2792815+01:00" testType="13cdc9d9-ddb5-4fa4-a97d-d965ccfc6d4b" outcome="Passed" testListId="8c84fa94-04c1-424b-9868-57a2d4851a1d" relativeResultsDirectory="86a7050b-84e8-4c4c-81b4-0cd1e996dfbe" />
    <UnitTestResult executionId="da1dec6a-a2f7-494d-8b55-befe69c452a3" testId="a19b043f-34ab-f306-e3b1-fbcc0632edd0" testName="StartQuerySessionAsync_ShouldReturnInstanceCount" computerName="DKSR-EFI-06" duration="00:00:00.0128323" startTime="2024-01-09T15:44:12.6230371+01:00" endTime="2024-01-09T15:44:12.6386624+01:00" testType="13cdc9d9-ddb5-4fa4-a97d-d965ccfc6d4b" outcome="Passed" testListId="8c84fa94-04c1-424b-9868-57a2d4851a1d" relativeResultsDirectory="da1dec6a-a2f7-494d-8b55-befe69c452a3" />
    <UnitTestResult executionId="d576efc3-5b19-4aa5-923f-006b895d3549" testId="2a11bb12-efdc-c74b-5abf-05799bc83f80" testName="GetLogsReadTimeout_ShouldReturnNull_WhenConfiguredValueIsInvalid" computerName="DKSR-EFI-06" duration="00:00:00.0010919" startTime="2024-01-09T15:44:15.1230444+01:00" endTime="2024-01-09T15:44:15.1230444+01:00" testType="13cdc9d9-ddb5-4fa4-a97d-d965ccfc6d4b" outcome="Passed" testListId="8c84fa94-04c1-424b-9868-57a2d4851a1d" relativeResultsDirectory="d576efc3-5b19-4aa5-923f-006b895d3549" />
    <UnitTestResult executionId="f0e3ae35-c7f0-44f3-ac97-3ce9c511e6cd" testId="bd042076-2402-fb19-56c3-223eeac85ec4" testName="Method_ShouldCallValidateToken_WithCorrectToken (WriteLoglineTokenAsync,VideoOS.LogServer.WebService.DataContracts.WriteLoglineParams)" computerName="DKSR-EFI-06" duration="00:00:00.0139445" startTime="2024-01-09T15:44:12.1386599+01:00" endTime="2024-01-09T15:44:12.2324106+01:00" testType="13cdc9d9-ddb5-4fa4-a97d-d965ccfc6d4b" outcome="Passed" testListId="8c84fa94-04c1-424b-9868-57a2d4851a1d" relativeResultsDirectory="f0e3ae35-c7f0-44f3-ac97-3ce9c511e6cd" />
    <UnitTestResult executionId="8476fd38-943a-457d-93f7-777d548f49fb" testId="aa2f4fa1-f304-2f55-fe5b-f96f38564ce4" testName="WriteLegacyLoglineAsync_ShouldIncreaseWritingFrequencyCounter" computerName="DKSR-EFI-06" duration="00:00:00.0147274" startTime="2024-01-09T15:44:09.7480817+01:00" endTime="2024-01-09T15:44:09.7636510+01:00" testType="13cdc9d9-ddb5-4fa4-a97d-d965ccfc6d4b" outcome="Passed" testListId="8c84fa94-04c1-424b-9868-57a2d4851a1d" relativeResultsDirectory="8476fd38-943a-457d-93f7-777d548f49fb" />
    <UnitTestResult executionId="7665cd30-0f4c-43f7-8c12-0bc672223867" testId="5fc17e84-80e5-347f-82bf-f4b8c35d584c" testName="Constructor_ShouldAddEventHandlerToModifyLogPath_OnlyWhenKeyIsFileAndLogTypeIsFilenameOrArchive (File,X,value,~/test/,value)" computerName="DKSR-EFI-06" duration="00:00:00.0036405" startTime="2024-01-09T15:44:13.4043311+01:00" endTime="2024-01-09T15:44:13.4043311+01:00" testType="13cdc9d9-ddb5-4fa4-a97d-d965ccfc6d4b" outcome="Passed" testListId="8c84fa94-04c1-424b-9868-57a2d4851a1d" relativeResultsDirectory="7665cd30-0f4c-43f7-8c12-0bc672223867" />
    <UnitTestResult executionId="d1da415b-d6b8-4468-bef4-66c229fe7657" testId="49b9fc86-6497-bb44-b669-e85a21571c3b" testName="UpdateRetentionsAsync_ShouldNotChangeAuditLogRetention_WhenUpdateFails" computerName="DKSR-EFI-06" duration="00:00:00.0080938" startTime="2024-01-09T15:44:15.8730425+01:00" endTime="2024-01-09T15:44:15.8886696+01:00" testType="13cdc9d9-ddb5-4fa4-a97d-d965ccfc6d4b" outcome="Passed" testListId="8c84fa94-04c1-424b-9868-57a2d4851a1d" relativeResultsDirectory="d1da415b-d6b8-4468-bef4-66c229fe7657" />
    <UnitTestResult executionId="514385ac-e2f3-4d7f-8a38-c306db9c7dcb" testId="2aed5c1c-004f-a3e4-3408-a089f3a767e6" testName="LogMessageText_ToStorage_ShouldThrowArgumentNullException_IfValueIsNull" computerName="DKSR-EFI-06" duration="00:00:00.0007935" startTime="2024-01-09T15:44:13.5136646+01:00" endTime="2024-01-09T15:44:13.5136646+01:00" testType="13cdc9d9-ddb5-4fa4-a97d-d965ccfc6d4b" outcome="Passed" testListId="8c84fa94-04c1-424b-9868-57a2d4851a1d" relativeResultsDirectory="514385ac-e2f3-4d7f-8a38-c306db9c7dcb" />
    <UnitTestResult executionId="bdb6ef0c-be55-49f5-a274-cc54aa2a0b39" testId="fe86095b-1383-1998-6dba-cd3929e0d39e" testName="Stop_ShouldLogErrorsAndHandleTimeoutExceptions_IfErrorHappensWhileClosingAllServiceCommunications" computerName="DKSR-EFI-06" duration="00:00:00.0110288" startTime="2024-01-09T15:44:09.2480264+01:00" endTime="2024-01-09T15:44:09.2636510+01:00" testType="13cdc9d9-ddb5-4fa4-a97d-d965ccfc6d4b" outcome="Passed" testListId="8c84fa94-04c1-424b-9868-57a2d4851a1d" relativeResultsDirectory="bdb6ef0c-be55-49f5-a274-cc54aa2a0b39" />
    <UnitTestResult executionId="dc6152d5-17ca-4560-8a0f-819d49577777" testId="f9377692-5a31-5e3e-733e-9be489c69418" testName="UpdateLogRetentionsTokenAsync_ShouldPassParametersToLogRetentionHandler" computerName="DKSR-EFI-06" duration="00:00:00.0079642" startTime="2024-01-09T15:44:11.4042812+01:00" endTime="2024-01-09T15:44:11.4042812+01:00" testType="13cdc9d9-ddb5-4fa4-a97d-d965ccfc6d4b" outcome="Passed" testListId="8c84fa94-04c1-424b-9868-57a2d4851a1d" relativeResultsDirectory="dc6152d5-17ca-4560-8a0f-819d49577777" />
    <UnitTestResult executionId="70de86e9-2765-45c8-a2e9-2a1111221a96" testId="ed35b6ba-0e4e-de79-7444-85543e310409" testName="LogServerServiceNameProperty_ShouldReturnCompanyNameShortSpaceLogServerDisplayName" computerName="DKSR-EFI-06" duration="00:00:00.0051255" startTime="2024-01-09T15:44:12.6074128+01:00" endTime="2024-01-09T15:44:12.6230371+01:00" testType="13cdc9d9-ddb5-4fa4-a97d-d965ccfc6d4b" outcome="Passed" testListId="8c84fa94-04c1-424b-9868-57a2d4851a1d" relativeResultsDirectory="70de86e9-2765-45c8-a2e9-2a1111221a96" />
    <UnitTestResult executionId="5041841d-fb6b-4abb-96b8-111d76fab5b1" testId="1e9930e6-df25-f1fc-c1bc-7280798ad83a" testName="CommonApplicationDataFolderProperty_ShouldReturnNonemptyString" computerName="DKSR-EFI-06" duration="00:00:00.0032482" startTime="2024-01-09T15:44:12.6074128+01:00" endTime="2024-01-09T15:44:12.6074128+01:00" testType="13cdc9d9-ddb5-4fa4-a97d-d965ccfc6d4b" outcome="Passed" testListId="8c84fa94-04c1-424b-9868-57a2d4851a1d" relativeResultsDirectory="5041841d-fb6b-4abb-96b8-111d76fab5b1" />
    <UnitTestResult executionId="08136522-b73f-417c-ba60-3f56a5d3d85b" testId="cf441dff-2cc3-5209-8459-b5882be4aab7" testName="GetLogRetentionsTokenAsync_ShouldValidateUser_WithAction" computerName="DKSR-EFI-06" duration="00:00:00.0052836" startTime="2024-01-09T15:44:11.3574262+01:00" endTime="2024-01-09T15:44:11.3574262+01:00" testType="13cdc9d9-ddb5-4fa4-a97d-d965ccfc6d4b" outcome="Passed" testListId="8c84fa94-04c1-424b-9868-57a2d4851a1d" relativeResultsDirectory="08136522-b73f-417c-ba60-3f56a5d3d85b" />
    <UnitTestResult executionId="55fc8874-d841-443a-a2a4-ba4794cd5005" testId="411ef798-cb8c-a1d1-d48a-32b58a5b9a61" testName="Constructors_ShouldNotAllowInjectionOfNulls" computerName="DKSR-EFI-06" duration="00:00:00.9867293" startTime="2024-01-09T15:44:07.3730186+01:00" endTime="2024-01-09T15:44:08.8573980+01:00" testType="13cdc9d9-ddb5-4fa4-a97d-d965ccfc6d4b" outcome="Passed" testListId="8c84fa94-04c1-424b-9868-57a2d4851a1d" relativeResultsDirectory="55fc8874-d841-443a-a2a4-ba4794cd5005" />
    <UnitTestResult executionId="6e636609-3782-4c7e-9cf3-e76b2521282e" testId="4fe139b8-f81b-8dad-3915-fb4e2e0fd0c9" testName="OemResource_ShouldThrowArgumentNullException_WhenArgumentIsNull" computerName="DKSR-EFI-06" duration="00:00:00.0260130" startTime="2024-01-09T15:44:12.4511628+01:00" endTime="2024-01-09T15:44:12.4824121+01:00" testType="13cdc9d9-ddb5-4fa4-a97d-d965ccfc6d4b" outcome="Passed" testListId="8c84fa94-04c1-424b-9868-57a2d4851a1d" relativeResultsDirectory="6e636609-3782-4c7e-9cf3-e76b2521282e" />
    <UnitTestResult executionId="c7911cba-113e-43d5-b9c5-38beb8e333ab" testId="168c8704-06a5-6904-ffc8-4fda5ecb8a2b" testName="FetchLoglinesAsync_ShouldReturnSystemLoglines" computerName="DKSR-EFI-06" duration="00:00:00.0074324" startTime="2024-01-09T15:44:13.2480385+01:00" endTime="2024-01-09T15:44:13.2636646+01:00" testType="13cdc9d9-ddb5-4fa4-a97d-d965ccfc6d4b" outcome="Passed" testListId="8c84fa94-04c1-424b-9868-57a2d4851a1d" relativeResultsDirectory="c7911cba-113e-43d5-b9c5-38beb8e333ab" />
    <UnitTestResult executionId="70aee79e-6556-4f3e-a124-cf47bd6390d3" testId="1bd328d2-e8fe-2c90-417e-2456c5ceb080" testName="RemoveExpiredAsync_ShouldReturnFalse_IfDeletionFails" computerName="DKSR-EFI-06" duration="00:00:00.0051493" startTime="2024-01-09T15:44:15.3574167+01:00" endTime="2024-01-09T15:44:15.3730436+01:00" testType="13cdc9d9-ddb5-4fa4-a97d-d965ccfc6d4b" outcome="Passed" testListId="8c84fa94-04c1-424b-9868-57a2d4851a1d" relativeResultsDirectory="70aee79e-6556-4f3e-a124-cf47bd6390d3" />
    <UnitTestResult executionId="50de2d2d-6ed2-41d3-aec8-585b90e1869b" testId="a30ebe19-dbb4-ace3-f5fb-f5c55ebecfa0" testName="PerformDeletionIfDue_ShouldCall_UpdateLastGuaranteedDeletionAsync_Correctly (11/11/2023 00:00:00,11/01/2023 00:00:00,0,True)" computerName="DKSR-EFI-06" duration="00:00:00.0044593" startTime="2024-01-09T15:44:15.6074197+01:00" endTime="2024-01-09T15:44:15.6074197+01:00" testType="13cdc9d9-ddb5-4fa4-a97d-d965ccfc6d4b" outcome="Passed" testListId="8c84fa94-04c1-424b-9868-57a2d4851a1d" relativeResultsDirectory="50de2d2d-6ed2-41d3-aec8-585b90e1869b" />
    <UnitTestResult executionId="48e8fbbb-7cf3-421a-a886-8b9916130822" testId="74035522-8f62-d593-ff80-df7415d7973b" testName="ExtractLogMessageCategories_ShouldExtract_WithCorrectLanguageCode" computerName="DKSR-EFI-06" duration="00:00:00.0167866" startTime="2024-01-09T15:44:13.6542886+01:00" endTime="2024-01-09T15:44:13.6699152+01:00" testType="13cdc9d9-ddb5-4fa4-a97d-d965ccfc6d4b" outcome="Passed" testListId="8c84fa94-04c1-424b-9868-57a2d4851a1d" relativeResultsDirectory="48e8fbbb-7cf3-421a-a886-8b9916130822" />
    <UnitTestResult executionId="8fbe6bed-8ffa-4e44-9c03-a7e38f164951" testId="2a282dd0-4c79-0f43-d28a-2a8356b63131" testName="PerformDeletionIfDue_ShouldCall_UpdateLastGuaranteedDeletionAsync_Correctly (11/11/2023 00:00:00,11/10/2023 01:00:00,5,False)" computerName="DKSR-EFI-06" duration="00:00:00.0046455" startTime="2024-01-09T15:44:15.6074197+01:00" endTime="2024-01-09T15:44:15.6074197+01:00" testType="13cdc9d9-ddb5-4fa4-a97d-d965ccfc6d4b" outcome="Passed" testListId="8c84fa94-04c1-424b-9868-57a2d4851a1d" relativeResultsDirectory="8fbe6bed-8ffa-4e44-9c03-a7e38f164951" />
    <UnitTestResult executionId="677ac6b3-3a79-4648-a093-16e1849ff9ae" testId="87fca37b-f6ce-3528-cec2-ea48ccea60fb" testName="Start_ShouldTriggerGuaranteedDeletionImmediately_WhenLogConfigurationLastGuaranteedDeletion_IsDefault" computerName="DKSR-EFI-06" duration="00:00:00.0042285" startTime="2024-01-09T15:44:15.6230442+01:00" endTime="2024-01-09T15:44:15.6230442+01:00" testType="13cdc9d9-ddb5-4fa4-a97d-d965ccfc6d4b" outcome="Passed" testListId="8c84fa94-04c1-424b-9868-57a2d4851a1d" relativeResultsDirectory="677ac6b3-3a79-4648-a093-16e1849ff9ae" />
    <UnitTestResult executionId="ad733aa5-d0a0-4429-9dae-4d64d5955e07" testId="66f1caca-fb0c-9fd2-aeb7-dae3262d3988" testName="GetLogConfigurationTimeout_ShouldReturnIntValue_WhenConfiguredValueIsValid" computerName="DKSR-EFI-06" duration="00:00:00.0012219" startTime="2024-01-09T15:44:15.1542922+01:00" endTime="2024-01-09T15:44:15.1542922+01:00" testType="13cdc9d9-ddb5-4fa4-a97d-d965ccfc6d4b" outcome="Passed" testListId="8c84fa94-04c1-424b-9868-57a2d4851a1d" relativeResultsDirectory="ad733aa5-d0a0-4429-9dae-4d64d5955e07" />
    <UnitTestResult executionId="556636ea-c924-4caf-81c0-c1f78971fdd4" testId="55942c13-e5ff-2d5d-73a9-b4e10adff844" testName="RemoveExpired_ShouldNotForceDeletion_WhenForcedDeleteIsFalse" computerName="DKSR-EFI-06" duration="00:00:00.0134787" startTime="2024-01-09T15:44:15.7011714+01:00" endTime="2024-01-09T15:44:15.7167937+01:00" testType="13cdc9d9-ddb5-4fa4-a97d-d965ccfc6d4b" outcome="Passed" testListId="8c84fa94-04c1-424b-9868-57a2d4851a1d" relativeResultsDirectory="556636ea-c924-4caf-81c0-c1f78971fdd4" />
    <UnitTestResult executionId="c04d8a43-8aa1-4b1d-afbf-7e62586e77f8" testId="058a41c1-39c5-da85-0de2-460d5b19181a" testName="QueryInstanceCount_ShouldThrowDatabaseException_WhenProcedureNameIsUnknown" computerName="DKSR-EFI-06" duration="00:00:00.0340761" startTime="2024-01-09T15:44:14.7792927+01:00" endTime="2024-01-09T15:44:14.8261680+01:00" testType="13cdc9d9-ddb5-4fa4-a97d-d965ccfc6d4b" outcome="Passed" testListId="8c84fa94-04c1-424b-9868-57a2d4851a1d" relativeResultsDirectory="c04d8a43-8aa1-4b1d-afbf-7e62586e77f8" />
    <UnitTestResult executionId="f18381e4-82d1-4683-bff3-cd1729e8a0f6" testId="1bb758f0-9b2b-d230-33bf-65cd26e8c59b" testName="ExtractAsync_ShouldSplitLoglines" computerName="DKSR-EFI-06" duration="00:00:00.0094711" startTime="2024-01-09T15:44:15.2480445+01:00" endTime="2024-01-09T15:44:15.2480445+01:00" testType="13cdc9d9-ddb5-4fa4-a97d-d965ccfc6d4b" outcome="Passed" testListId="8c84fa94-04c1-424b-9868-57a2d4851a1d" relativeResultsDirectory="f18381e4-82d1-4683-bff3-cd1729e8a0f6" />
    <UnitTestResult executionId="2a774fc4-eae6-474d-9fea-31df57fc06b6" testId="e74b3aa3-19f2-6b8f-b72a-a91f68fa6b58" testName="EndQuerySessionAsync_ShouldRemoveCachedQuerySession_WhenQuerySessionIsKnown" computerName="DKSR-EFI-06" duration="00:00:00.0131061" startTime="2024-01-09T15:44:13.1230381+01:00" endTime="2024-01-09T15:44:13.1386638+01:00" testType="13cdc9d9-ddb5-4fa4-a97d-d965ccfc6d4b" outcome="Passed" testListId="8c84fa94-04c1-424b-9868-57a2d4851a1d" relativeResultsDirectory="2a774fc4-eae6-474d-9fea-31df57fc06b6" />
    <UnitTestResult executionId="6864c18a-0a3f-47df-b2e5-e19063dbb349" testId="08d23c4a-537a-0689-fcea-9b2316443b98" testName="SystemLogline_ToDataContract_ShouldTransformSystemLoglineDataObject" computerName="DKSR-EFI-06" duration="00:00:00.0036114" startTime="2024-01-09T15:44:13.7636653+01:00" endTime="2024-01-09T15:44:13.7636653+01:00" testType="13cdc9d9-ddb5-4fa4-a97d-d965ccfc6d4b" outcome="Passed" testListId="8c84fa94-04c1-424b-9868-57a2d4851a1d" relativeResultsDirectory="6864c18a-0a3f-47df-b2e5-e19063dbb349" />
    <UnitTestResult executionId="1060a540-f9bd-49d7-9aba-18518af7e902" testId="f218a013-d567-804d-981e-71f0aa1bae88" testName="RegisterLegacyLogMessagesAsync_ShouldCallRegisterMessagesLegacySP" computerName="DKSR-EFI-06" duration="00:00:00.0182786" startTime="2024-01-09T15:44:09.5448996+01:00" endTime="2024-01-09T15:44:09.5605245+01:00" testType="13cdc9d9-ddb5-4fa4-a97d-d965ccfc6d4b" outcome="Passed" testListId="8c84fa94-04c1-424b-9868-57a2d4851a1d" relativeResultsDirectory="1060a540-f9bd-49d7-9aba-18518af7e902" />
    <UnitTestResult executionId="d544e23b-5ddf-43b4-a5fa-600eb8722024" testId="6c32ca26-271c-23dd-a27c-d4a2a3825194" testName="RegisterLegacyLogMessagesAsync_ShouldPassLogMessagesToLogWriter (False)" computerName="DKSR-EFI-06" duration="00:00:00.0302900" startTime="2024-01-09T15:44:12.0136591+01:00" endTime="2024-01-09T15:44:12.0449090+01:00" testType="13cdc9d9-ddb5-4fa4-a97d-d965ccfc6d4b" outcome="Passed" testListId="8c84fa94-04c1-424b-9868-57a2d4851a1d" relativeResultsDirectory="d544e23b-5ddf-43b4-a5fa-600eb8722024" />
    <UnitTestResult executionId="02c5be5a-a39c-48b6-b081-bc1f4856d32b" testId="a4711565-c39e-01d4-d39b-fc6ccc993f1c" testName="LoadAsync_ShouldSetAnonymousLogging" computerName="DKSR-EFI-06" duration="00:00:00.0056876" startTime="2024-01-09T15:44:15.8417946+01:00" endTime="2024-01-09T15:44:15.8574200+01:00" testType="13cdc9d9-ddb5-4fa4-a97d-d965ccfc6d4b" outcome="Passed" testListId="8c84fa94-04c1-424b-9868-57a2d4851a1d" relativeResultsDirectory="02c5be5a-a39c-48b6-b081-bc1f4856d32b" />
    <UnitTestResult executionId="dee27cff-b7eb-4a0b-ba4b-faa6101629d7" testId="553395dc-bb03-555b-488b-5938f91b85ac" testName="LogRetentions_ToStorage_ShouldThrowArgumentNullException_IfValueIsNull" computerName="DKSR-EFI-06" duration="00:00:00.0008359" startTime="2024-01-09T15:44:13.5605398+01:00" endTime="2024-01-09T15:44:13.5605398+01:00" testType="13cdc9d9-ddb5-4fa4-a97d-d965ccfc6d4b" outcome="Passed" testListId="8c84fa94-04c1-424b-9868-57a2d4851a1d" relativeResultsDirectory="dee27cff-b7eb-4a0b-ba4b-faa6101629d7" />
    <UnitTestResult executionId="48626112-f7b2-47a2-9de8-ec202dcf7387" testId="07edff7e-2d83-ef27-daec-2fa8cb68d183" testName="CreateLogReader_ShouldCreateRuleLogReader_WhenRuleLogTypeIsProvided" computerName="DKSR-EFI-06" duration="00:00:00.0073948" startTime="2024-01-09T15:44:12.4199110+01:00" endTime="2024-01-09T15:44:12.4355355+01:00" testType="13cdc9d9-ddb5-4fa4-a97d-d965ccfc6d4b" outcome="Passed" testListId="8c84fa94-04c1-424b-9868-57a2d4851a1d" relativeResultsDirectory="48626112-f7b2-47a2-9de8-ec202dcf7387" />
    <UnitTestResult executionId="04c19a24-4421-42e4-9dc1-1e6a90b8cd74" testId="2449653f-1ee0-d329-f5fa-8a52d6be79de" testName="FetchLoglinesAsync_ShouldReturnRuleLoglines" computerName="DKSR-EFI-06" duration="00:00:00.0068891" startTime="2024-01-09T15:44:13.2011615+01:00" endTime="2024-01-09T15:44:13.2167883+01:00" testType="13cdc9d9-ddb5-4fa4-a97d-d965ccfc6d4b" outcome="Passed" testListId="8c84fa94-04c1-424b-9868-57a2d4851a1d" relativeResultsDirectory="04c19a24-4421-42e4-9dc1-1e6a90b8cd74" />
    <UnitTestResult executionId="5c09c69a-bf22-4df1-ac7e-8dec43610d0b" testId="e152907d-3f69-67ca-ed1b-d6c79f16ab25" testName="GetFilterValuesAsync_ShouldNotModify_WhatFilterValueReaderProvides (True)" computerName="DKSR-EFI-06" duration="00:00:00.0506457" startTime="2024-01-09T15:44:10.8886557+01:00" endTime="2024-01-09T15:44:10.9355298+01:00" testType="13cdc9d9-ddb5-4fa4-a97d-d965ccfc6d4b" outcome="Passed" testListId="8c84fa94-04c1-424b-9868-57a2d4851a1d" relativeResultsDirectory="5c09c69a-bf22-4df1-ac7e-8dec43610d0b" />
    <UnitTestResult executionId="31dc4e98-6aff-407a-bb7d-79e5ae52d68d" testId="41d7df4a-0629-000b-8311-bf011ae2313f" testName="GetLogsReadTimeout_ShouldReturnNull_IfNoValueIsConfigured" computerName="DKSR-EFI-06" duration="00:00:00.0011339" startTime="2024-01-09T15:44:15.1230444+01:00" endTime="2024-01-09T15:44:15.1230444+01:00" testType="13cdc9d9-ddb5-4fa4-a97d-d965ccfc6d4b" outcome="Passed" testListId="8c84fa94-04c1-424b-9868-57a2d4851a1d" relativeResultsDirectory="31dc4e98-6aff-407a-bb7d-79e5ae52d68d" />
    <UnitTestResult executionId="3ce1542e-1e62-46a5-b23c-76ef4d038540" testId="2e52c2e6-863c-13fb-2355-91f921288631" testName="UpdateExpirationDatesAsync_ShouldReturnFalse_IfDeletionFails" computerName="DKSR-EFI-06" duration="00:00:00.0042799" startTime="2024-01-09T15:44:15.4042942+01:00" endTime="2024-01-09T15:44:15.4199192+01:00" testType="13cdc9d9-ddb5-4fa4-a97d-d965ccfc6d4b" outcome="Passed" testListId="8c84fa94-04c1-424b-9868-57a2d4851a1d" relativeResultsDirectory="3ce1542e-1e62-46a5-b23c-76ef4d038540" />
    <UnitTestResult executionId="5f5092c9-d6b8-4f07-86b3-e621f36aea6d" testId="561c2bd5-2116-9dc1-6a9c-8f2d90e7de51" testName="RegisterCategories_ShouldPassParametersToLogWriter (False)" computerName="DKSR-EFI-06" duration="00:00:00.0306643" startTime="2024-01-09T15:44:11.8417828+01:00" endTime="2024-01-09T15:44:11.8730347+01:00" testType="13cdc9d9-ddb5-4fa4-a97d-d965ccfc6d4b" outcome="Passed" testListId="8c84fa94-04c1-424b-9868-57a2d4851a1d" relativeResultsDirectory="5f5092c9-d6b8-4f07-86b3-e621f36aea6d" />
    <UnitTestResult executionId="faf775e9-9263-4bbc-95b7-302346dc67dd" testId="a9f9e3bb-433e-c350-5ed2-674fc5fabd0c" testName="Get_ShouldReturnItemValue_ForKnownId" computerName="DKSR-EFI-06" duration="00:00:00.0038891" startTime="2024-01-09T15:44:16.0917947+01:00" endTime="2024-01-09T15:44:16.0917947+01:00" testType="13cdc9d9-ddb5-4fa4-a97d-d965ccfc6d4b" outcome="Passed" testListId="8c84fa94-04c1-424b-9868-57a2d4851a1d" relativeResultsDirectory="faf775e9-9263-4bbc-95b7-302346dc67dd" />
    <UnitTestResult executionId="d1d33c7f-8ed3-47fa-8369-a3f5fb91106b" testId="434d5d16-c87e-a025-7ce9-81c34044ed64" testName="Constructors_ShouldNotAllowInjectionOfNulls" computerName="DKSR-EFI-06" duration="00:00:00.0038771" startTime="2024-01-09T15:44:13.1855387+01:00" endTime="2024-01-09T15:44:13.1855387+01:00" testType="13cdc9d9-ddb5-4fa4-a97d-d965ccfc6d4b" outcome="Passed" testListId="8c84fa94-04c1-424b-9868-57a2d4851a1d" relativeResultsDirectory="d1d33c7f-8ed3-47fa-8369-a3f5fb91106b" />
    <UnitTestResult executionId="fff02e18-0a16-4201-a0f0-2736f28c3153" testId="3db29240-7b7b-2518-544c-91b19e924265" testName="LoadAsync_ShouldSetRuleLogRetentionToDefault_IfDatabaseCallFail" computerName="DKSR-EFI-06" duration="00:00:00.0057313" startTime="2024-01-09T15:44:15.7949193+01:00" endTime="2024-01-09T15:44:15.7949193+01:00" testType="13cdc9d9-ddb5-4fa4-a97d-d965ccfc6d4b" outcome="Passed" testListId="8c84fa94-04c1-424b-9868-57a2d4851a1d" relativeResultsDirectory="fff02e18-0a16-4201-a0f0-2736f28c3153" />
    <UnitTestResult executionId="5921c609-6b6f-4605-9948-e10098ca36e3" testId="253e05e6-184d-d60b-b20a-241b5dc0495a" testName="Constructors_ShouldNotAllowInjectionOfNulls" computerName="DKSR-EFI-06" duration="00:00:00.0309568" startTime="2024-01-09T15:44:11.4042812+01:00" endTime="2024-01-09T15:44:11.4355323+01:00" testType="13cdc9d9-ddb5-4fa4-a97d-d965ccfc6d4b" outcome="Passed" testListId="8c84fa94-04c1-424b-9868-57a2d4851a1d" relativeResultsDirectory="5921c609-6b6f-4605-9948-e10098ca36e3" />
    <UnitTestResult executionId="d6205343-7008-45d2-8ebc-de897f3590e8" testId="cad41b5c-b5cf-535b-0e25-9943c1f6e70e" testName="Set_ShouldThrowException_IfIdIsEmpty" computerName="DKSR-EFI-06" duration="00:00:00.0043363" startTime="2024-01-09T15:44:16.0292960+01:00" endTime="2024-01-09T15:44:16.0292960+01:00" testType="13cdc9d9-ddb5-4fa4-a97d-d965ccfc6d4b" outcome="Passed" testListId="8c84fa94-04c1-424b-9868-57a2d4851a1d" relativeResultsDirectory="d6205343-7008-45d2-8ebc-de897f3590e8" />
    <UnitTestResult executionId="d317e46b-9d7f-44e0-a83c-c0bdc0e19ce8" testId="316b3d85-b774-80ff-225e-2f91405af64b" testName="Stop_ShouldCloseAllServiceCommunications" computerName="DKSR-EFI-06" duration="00:00:00.0114785" startTime="2024-01-09T15:44:09.2167770+01:00" endTime="2024-01-09T15:44:09.2324004+01:00" testType="13cdc9d9-ddb5-4fa4-a97d-d965ccfc6d4b" outcome="Passed" testListId="8c84fa94-04c1-424b-9868-57a2d4851a1d" relativeResultsDirectory="d317e46b-9d7f-44e0-a83c-c0bdc0e19ce8" />
    <UnitTestResult executionId="1186aa88-95a1-46be-adab-6f343f2c089f" testId="305e11f7-5a75-0362-db1d-52ee6cd4fe20" testName="RemoveExpiredAsync_ShouldCallDeleteExpiredMessageInstancesStoredProcedure_WithCorrectParams" computerName="DKSR-EFI-06" duration="00:00:00.0118114" startTime="2024-01-09T15:44:15.3261699+01:00" endTime="2024-01-09T15:44:15.3417917+01:00" testType="13cdc9d9-ddb5-4fa4-a97d-d965ccfc6d4b" outcome="Passed" testListId="8c84fa94-04c1-424b-9868-57a2d4851a1d" relativeResultsDirectory="1186aa88-95a1-46be-adab-6f343f2c089f" />
    <UnitTestResult executionId="f3ed361b-e9ca-4d1f-a95f-2de62a7f79bb" testId="108dcd5c-98ce-f87a-50aa-f132528938a1" testName="ToLogMessages_ShouldTransformEntriesToLogMessages_WithCorrectId" computerName="DKSR-EFI-06" duration="00:00:00.0093332" startTime="2024-01-09T15:44:13.5917891+01:00" endTime="2024-01-09T15:44:13.5917891+01:00" testType="13cdc9d9-ddb5-4fa4-a97d-d965ccfc6d4b" outcome="Passed" testListId="8c84fa94-04c1-424b-9868-57a2d4851a1d" relativeResultsDirectory="f3ed361b-e9ca-4d1f-a95f-2de62a7f79bb" />
    <UnitTestResult executionId="528a5fc1-826f-42d6-867b-52d8bdd3de5b" testId="842c86a1-ecb7-268a-9f84-8ca2e7464f0e" testName="Constructors_ShouldNotAllowInjectionOfNulls" computerName="DKSR-EFI-06" duration="00:00:00.0022911" startTime="2024-01-09T15:44:15.3261699+01:00" endTime="2024-01-09T15:44:15.3261699+01:00" testType="13cdc9d9-ddb5-4fa4-a97d-d965ccfc6d4b" outcome="Passed" testListId="8c84fa94-04c1-424b-9868-57a2d4851a1d" relativeResultsDirectory="528a5fc1-826f-42d6-867b-52d8bdd3de5b" />
    <UnitTestResult executionId="fef63a70-5003-470a-b99e-3309c44ea1f0" testId="41187636-9e2d-2549-8287-32d315144000" testName="LegacyLogMessage_ToStorage_PropertiesAreTransferred" computerName="DKSR-EFI-06" duration="00:00:00.0045280" startTime="2024-01-09T15:44:13.5292894+01:00" endTime="2024-01-09T15:44:13.5449141+01:00" testType="13cdc9d9-ddb5-4fa4-a97d-d965ccfc6d4b" outcome="Passed" testListId="8c84fa94-04c1-424b-9868-57a2d4851a1d" relativeResultsDirectory="fef63a70-5003-470a-b99e-3309c44ea1f0" />
    <UnitTestResult executionId="68ee2076-b12b-462c-824b-d9d435b80354" testId="5c92e3a1-9732-0609-d397-b423210d7b4f" testName="UpdateLogRetentionsTokenAsync_ShouldValidateUser_WithAction" computerName="DKSR-EFI-06" duration="00:00:00.0076659" startTime="2024-01-09T15:44:11.3887116+01:00" endTime="2024-01-09T15:44:11.4042812+01:00" testType="13cdc9d9-ddb5-4fa4-a97d-d965ccfc6d4b" outcome="Passed" testListId="8c84fa94-04c1-424b-9868-57a2d4851a1d" relativeResultsDirectory="68ee2076-b12b-462c-824b-d9d435b80354" />
    <UnitTestResult executionId="89eee8f8-ae39-49b6-bcb9-ceda9a304c2e" testId="c4161db0-d4b3-9385-7583-e8fb2cab9691" testName="PerformDeletionIfDue_ShouldCall_UpdateLastGuaranteedDeletionAsync_Correctly (11/11/2023 00:00:00,11/01/2023 00:00:00,3,True)" computerName="DKSR-EFI-06" duration="00:00:00.0607934" startTime="2024-01-09T15:44:15.5449189+01:00" endTime="2024-01-09T15:44:15.5917951+01:00" testType="13cdc9d9-ddb5-4fa4-a97d-d965ccfc6d4b" outcome="Passed" testListId="8c84fa94-04c1-424b-9868-57a2d4851a1d" relativeResultsDirectory="89eee8f8-ae39-49b6-bcb9-ceda9a304c2e" />
    <UnitTestResult executionId="47d29daa-1ffd-491b-83d0-e9dfc18008ce" testId="51f83135-22d8-0f2c-86a1-deac58a265dc" testName="Constructors_ShouldNotAllowInjectionOfNulls" computerName="DKSR-EFI-06" duration="00:00:00.0013917" startTime="2024-01-09T15:44:13.3261643+01:00" endTime="2024-01-09T15:44:13.3261643+01:00" testType="13cdc9d9-ddb5-4fa4-a97d-d965ccfc6d4b" outcome="Passed" testListId="8c84fa94-04c1-424b-9868-57a2d4851a1d" relativeResultsDirectory="47d29daa-1ffd-491b-83d0-e9dfc18008ce" />
    <UnitTestResult executionId="e8a5b207-ece6-435d-8092-697175e0a2da" testId="f37e5f5b-a609-fcf3-c453-9f411a15eaeb" testName="Method_ShouldCallValidateCredentials (RegisterSourceTypeAsync,VideoOS.LogServer.WebService.DataContracts.RegisterSourceTypeParams)" computerName="DKSR-EFI-06" duration="00:00:00.0169965" startTime="2024-01-09T15:44:12.0449090+01:00" endTime="2024-01-09T15:44:12.1386599+01:00" testType="13cdc9d9-ddb5-4fa4-a97d-d965ccfc6d4b" outcome="Passed" testListId="8c84fa94-04c1-424b-9868-57a2d4851a1d" relativeResultsDirectory="e8a5b207-ece6-435d-8092-697175e0a2da" />
    <UnitTestResult executionId="f25ca95b-b5b4-4dac-8e0e-611b8d59581e" testId="17636107-a8c8-7ac7-acfc-b964eff07fab" testName="StartQuerySessionAsync_ShouldReturnInstanceCount" computerName="DKSR-EFI-06" duration="00:00:00.0047865" startTime="2024-01-09T15:44:13.2324115+01:00" endTime="2024-01-09T15:44:13.2324115+01:00" testType="13cdc9d9-ddb5-4fa4-a97d-d965ccfc6d4b" outcome="Passed" testListId="8c84fa94-04c1-424b-9868-57a2d4851a1d" relativeResultsDirectory="f25ca95b-b5b4-4dac-8e0e-611b8d59581e" />
    <UnitTestResult executionId="0228c69e-c8f8-46d5-bbea-447f2c7e2d97" testId="abd88dde-2d40-b182-a901-78a57c691a17" testName="GetLogRetentionsTokenAsync_ShouldReturnRetentionValuesFromConfiguration" computerName="DKSR-EFI-06" duration="00:00:00.0049672" startTime="2024-01-09T15:44:11.3574262+01:00" endTime="2024-01-09T15:44:11.3730321+01:00" testType="13cdc9d9-ddb5-4fa4-a97d-d965ccfc6d4b" outcome="Passed" testListId="8c84fa94-04c1-424b-9868-57a2d4851a1d" relativeResultsDirectory="0228c69e-c8f8-46d5-bbea-447f2c7e2d97" />
    <UnitTestResult executionId="e2db3e1f-6015-46be-a080-057eb7ebdee1" testId="8d6f159a-d3b6-803f-2d76-53607f783811" testName="Method_ShouldCallValidateToken_WithAction_WithCorrectToken (FetchRuleLoglinesTokenAsync,VideoOS.LogServer.WebService.DataContracts.FetchLoglinesParams)" computerName="DKSR-EFI-06" duration="00:00:00.0230981" startTime="2024-01-09T15:44:11.1699062+01:00" endTime="2024-01-09T15:44:11.2636555+01:00" testType="13cdc9d9-ddb5-4fa4-a97d-d965ccfc6d4b" outcome="Passed" testListId="8c84fa94-04c1-424b-9868-57a2d4851a1d" relativeResultsDirectory="e2db3e1f-6015-46be-a080-057eb7ebdee1" />
    <UnitTestResult executionId="fe76afd8-fe62-44e2-b764-ebcd915c6594" testId="5ced3b67-bdc3-a9a2-2162-f5e61b69b1f4" testName="GetFilterValuesAsync_ShouldReturnExpectedResult" computerName="DKSR-EFI-06" duration="00:00:00.0185310" startTime="2024-01-09T15:44:12.7636610+01:00" endTime="2024-01-09T15:44:12.7792869+01:00" testType="13cdc9d9-ddb5-4fa4-a97d-d965ccfc6d4b" outcome="Passed" testListId="8c84fa94-04c1-424b-9868-57a2d4851a1d" relativeResultsDirectory="fe76afd8-fe62-44e2-b764-ebcd915c6594" />
    <UnitTestResult executionId="b2a8147f-8372-43b0-a177-4dfe75bc7410" testId="859f32db-1a3b-11dc-3b90-77670f4af2f7" testName="CreateLogReader_ShouldCreateAuditLogReader_WhenAuditLogTypeIsProvided" computerName="DKSR-EFI-06" duration="00:00:00.0139026" startTime="2024-01-09T15:44:12.4043264+01:00" endTime="2024-01-09T15:44:12.4199110+01:00" testType="13cdc9d9-ddb5-4fa4-a97d-d965ccfc6d4b" outcome="Passed" testListId="8c84fa94-04c1-424b-9868-57a2d4851a1d" relativeResultsDirectory="b2a8147f-8372-43b0-a177-4dfe75bc7410" />
    <UnitTestResult executionId="dcbbc207-572c-4453-a060-287a53885a59" testId="36606ff2-0697-4884-12b1-9866e64ddefa" testName="FetchSystemLoglinesAsync_ShouldNotModify_WhatSystemLogReaderProvides (True)" computerName="DKSR-EFI-06" duration="00:00:00.0363460" startTime="2024-01-09T15:44:10.5136530+01:00" endTime="2024-01-09T15:44:10.5449028+01:00" testType="13cdc9d9-ddb5-4fa4-a97d-d965ccfc6d4b" outcome="Passed" testListId="8c84fa94-04c1-424b-9868-57a2d4851a1d" relativeResultsDirectory="dcbbc207-572c-4453-a060-287a53885a59" />
    <UnitTestResult executionId="596e13c9-84de-463a-a45a-d6d0b3b66569" testId="aa0f12fd-d492-cc14-3d80-226514d8d323" testName="StartShouldUsePeriodValueFromConfig_WhenStartingGuaranteedDeletionTimer (0,7)" computerName="DKSR-EFI-06" duration="00:00:00.0015809" startTime="2024-01-09T15:44:15.5292920+01:00" endTime="2024-01-09T15:44:15.5292920+01:00" testType="13cdc9d9-ddb5-4fa4-a97d-d965ccfc6d4b" outcome="Passed" testListId="8c84fa94-04c1-424b-9868-57a2d4851a1d" relativeResultsDirectory="596e13c9-84de-463a-a45a-d6d0b3b66569" />
    <UnitTestResult executionId="f09597ba-9ece-4305-9d5c-7512a64fc8fb" testId="f6ab9d4a-d579-dc1a-1929-3452282f04c6" testName="Start_ShouldPerformCheckForExpiredLogs_WithAppSettingsSpecifiedDelay" computerName="DKSR-EFI-06" duration="00:00:00.0084968" startTime="2024-01-09T15:44:15.4980447+01:00" endTime="2024-01-09T15:44:15.4980447+01:00" testType="13cdc9d9-ddb5-4fa4-a97d-d965ccfc6d4b" outcome="Passed" testListId="8c84fa94-04c1-424b-9868-57a2d4851a1d" relativeResultsDirectory="f09597ba-9ece-4305-9d5c-7512a64fc8fb" />
    <UnitTestResult executionId="62a930b5-620a-4684-84b9-c7bf004e3b57" testId="00c949e9-3282-e9a3-1397-e04412ea8166" testName="Method_ShouldCallValidateCredentials_WithAction (GetFilterValuesTimestampAsync,VideoOS.LogServer.WebService.DataContracts.GetFilterValuesTimestampParams)" computerName="DKSR-EFI-06" duration="00:00:00.0150701" startTime="2024-01-09T15:44:11.0136554+01:00" endTime="2024-01-09T15:44:11.1699062+01:00" testType="13cdc9d9-ddb5-4fa4-a97d-d965ccfc6d4b" outcome="Passed" testListId="8c84fa94-04c1-424b-9868-57a2d4851a1d" relativeResultsDirectory="62a930b5-620a-4684-84b9-c7bf004e3b57" />
    <UnitTestResult executionId="b7f5aaee-c493-4666-9eee-37b6f1667de9" testId="e08762d0-503a-66d0-2e75-de0a18674fda" testName="FetchAuditLoglinesAsync_ShouldNotModify_WhatAuditLogReaderProvides (True)" computerName="DKSR-EFI-06" duration="00:00:00.2476083" startTime="2024-01-09T15:44:10.1230258+01:00" endTime="2024-01-09T15:44:10.3730288+01:00" testType="13cdc9d9-ddb5-4fa4-a97d-d965ccfc6d4b" outcome="Passed" testListId="8c84fa94-04c1-424b-9868-57a2d4851a1d" relativeResultsDirectory="b7f5aaee-c493-4666-9eee-37b6f1667de9" />
    <UnitTestResult executionId="19599652-393b-420c-b2db-f15623afc175" testId="8a128c2a-9be9-0578-d56f-9e431b92e4d6" testName="Constructors_ShouldNotAllowInjectionOfNulls" computerName="DKSR-EFI-06" duration="00:00:00.0654657" startTime="2024-01-09T15:44:09.7636510+01:00" endTime="2024-01-09T15:44:09.8417940+01:00" testType="13cdc9d9-ddb5-4fa4-a97d-d965ccfc6d4b" outcome="Passed" testListId="8c84fa94-04c1-424b-9868-57a2d4851a1d" relativeResultsDirectory="19599652-393b-420c-b2db-f15623afc175" />
    <UnitTestResult executionId="3b6d39cd-645b-4980-8b28-b58e5fccae1b" testId="bd042076-2402-fb19-56c3-223eeac85ec4" testName="Method_ShouldCallValidateToken_WithCorrectToken (RegisterLegacyLogMessagesTokenAsync,VideoOS.LogServer.WebService.DataContracts.RegisterLegacyLogMessagesParams)" computerName="DKSR-EFI-06" duration="00:00:00.0161699" startTime="2024-01-09T15:44:12.1386599+01:00" endTime="2024-01-09T15:44:12.2324106+01:00" testType="13cdc9d9-ddb5-4fa4-a97d-d965ccfc6d4b" outcome="Passed" testListId="8c84fa94-04c1-424b-9868-57a2d4851a1d" relativeResultsDirectory="3b6d39cd-645b-4980-8b28-b58e5fccae1b" />
    <UnitTestResult executionId="b4f0448d-4073-4ae5-8649-75cf383e49d7" testId="c4518886-96b4-4ca3-17d4-3e626078fabd" testName="LoadAsync_ShouldSetSystemLogRetention" computerName="DKSR-EFI-06" duration="00:00:00.0060967" startTime="2024-01-09T15:44:15.8261725+01:00" endTime="2024-01-09T15:44:15.8417946+01:00" testType="13cdc9d9-ddb5-4fa4-a97d-d965ccfc6d4b" outcome="Passed" testListId="8c84fa94-04c1-424b-9868-57a2d4851a1d" relativeResultsDirectory="b4f0448d-4073-4ae5-8649-75cf383e49d7" />
    <UnitTestResult executionId="8f8f165e-da68-42d6-a520-3272c6072866" testId="9d33ed5e-f5fb-ad1d-d757-74f4bdb891c0" testName="RegisterSourceTypes_ShouldPassParametersToLogWriter (True)" computerName="DKSR-EFI-06" duration="00:00:00.0477586" startTime="2024-01-09T15:44:11.8730347+01:00" endTime="2024-01-09T15:44:11.9199072+01:00" testType="13cdc9d9-ddb5-4fa4-a97d-d965ccfc6d4b" outcome="Passed" testListId="8c84fa94-04c1-424b-9868-57a2d4851a1d" relativeResultsDirectory="8f8f165e-da68-42d6-a520-3272c6072866" />
    <UnitTestResult executionId="92ebff7f-f130-4d26-84d3-fd85b08f9cbe" testId="5a1a84db-7006-9963-4753-4851c53b4910" testName="ToLogMessages_ShouldTransformEntriesToLogMessages_WithCorrectLogType" computerName="DKSR-EFI-06" duration="00:00:00.0204167" startTime="2024-01-09T15:44:13.6074115+01:00" endTime="2024-01-09T15:44:13.6230384+01:00" testType="13cdc9d9-ddb5-4fa4-a97d-d965ccfc6d4b" outcome="Passed" testListId="8c84fa94-04c1-424b-9868-57a2d4851a1d" relativeResultsDirectory="92ebff7f-f130-4d26-84d3-fd85b08f9cbe" />
    <UnitTestResult executionId="ae4b91a8-2615-4242-a031-c66ed2f5f39e" testId="1ce32296-e7d9-6827-d72c-bed461602764" testName="RegisterLogMessages_ShouldPassParametersToLogWriter (False)" computerName="DKSR-EFI-06" duration="00:00:00.0325177" startTime="2024-01-09T15:44:11.7480321+01:00" endTime="2024-01-09T15:44:11.7792827+01:00" testType="13cdc9d9-ddb5-4fa4-a97d-d965ccfc6d4b" outcome="Passed" testListId="8c84fa94-04c1-424b-9868-57a2d4851a1d" relativeResultsDirectory="ae4b91a8-2615-4242-a031-c66ed2f5f39e" />
    <UnitTestResult executionId="009c356a-fdca-4725-bd91-a611c00d47ed" testId="e492894a-cccd-7ecf-f73c-f66be96368f6" testName="ReplaceParameter_ShouldDoNothingIfParameterIsNotFound" computerName="DKSR-EFI-06" duration="00:00:00.0010311" startTime="2024-01-09T15:44:13.7792889+01:00" endTime="2024-01-09T15:44:13.7792889+01:00" testType="13cdc9d9-ddb5-4fa4-a97d-d965ccfc6d4b" outcome="Passed" testListId="8c84fa94-04c1-424b-9868-57a2d4851a1d" relativeResultsDirectory="009c356a-fdca-4725-bd91-a611c00d47ed" />
    <UnitTestResult executionId="1bb2375a-6b0d-40e7-9400-58d31a1fe638" testId="5b8cb0cc-991a-8d88-b28b-30f30391b7ee" testName="UpdateLogRetentionsAsync_ShouldValidateUser_WithAction" computerName="DKSR-EFI-06" duration="00:00:00.0111301" startTime="2024-01-09T15:44:11.3730321+01:00" endTime="2024-01-09T15:44:11.3887116+01:00" testType="13cdc9d9-ddb5-4fa4-a97d-d965ccfc6d4b" outcome="Passed" testListId="8c84fa94-04c1-424b-9868-57a2d4851a1d" relativeResultsDirectory="1bb2375a-6b0d-40e7-9400-58d31a1fe638" />
    <UnitTestResult executionId="a399ab05-dba5-4ca4-81ef-f93e5c032245" testId="7c92f7d2-750f-6fb3-35f0-07a2f2ea94a0" testName="Constructors_ShouldNotAllowInjectionOfNulls" computerName="DKSR-EFI-06" duration="00:00:00.0159654" startTime="2024-01-09T15:44:16.1074184+01:00" endTime="2024-01-09T15:44:16.1232461+01:00" testType="13cdc9d9-ddb5-4fa4-a97d-d965ccfc6d4b" outcome="Passed" testListId="8c84fa94-04c1-424b-9868-57a2d4851a1d" relativeResultsDirectory="a399ab05-dba5-4ca4-81ef-f93e5c032245" />
    <UnitTestResult executionId="0e2f812b-7cee-40df-84a4-734824170273" testId="a1724ea1-1bb7-a267-4fdb-012e86858c5c" testName="Constructors_ShouldNotAllowInjectionOfNulls" computerName="DKSR-EFI-06" duration="00:00:00.0017261" startTime="2024-01-09T15:44:15.2636711+01:00" endTime="2024-01-09T15:44:15.2636711+01:00" testType="13cdc9d9-ddb5-4fa4-a97d-d965ccfc6d4b" outcome="Passed" testListId="8c84fa94-04c1-424b-9868-57a2d4851a1d" relativeResultsDirectory="0e2f812b-7cee-40df-84a4-734824170273" />
    <UnitTestResult executionId="a7c621b2-0de0-4022-a1df-c9ea5784752e" testId="8ef54b66-f4ff-cd9d-a72d-1d83aa210c52" testName="StartShouldUsePeriodValueFromConfig_WhenStartingGuaranteedDeletionTimer (3,3)" computerName="DKSR-EFI-06" duration="00:00:00.0027761" startTime="2024-01-09T15:44:15.5136683+01:00" endTime="2024-01-09T15:44:15.5136683+01:00" testType="13cdc9d9-ddb5-4fa4-a97d-d965ccfc6d4b" outcome="Passed" testListId="8c84fa94-04c1-424b-9868-57a2d4851a1d" relativeResultsDirectory="a7c621b2-0de0-4022-a1df-c9ea5784752e" />
    <UnitTestResult executionId="abb2d530-057a-4bc7-9109-3001adf388a2" testId="00c949e9-3282-e9a3-1397-e04412ea8166" testName="Method_ShouldCallValidateCredentials_WithAction (FetchRuleLoglinesAsync,VideoOS.LogServer.WebService.DataContracts.FetchLoglinesParams)" computerName="DKSR-EFI-06" duration="00:00:00.0224057" startTime="2024-01-09T15:44:11.0136554+01:00" endTime="2024-01-09T15:44:11.1699062+01:00" testType="13cdc9d9-ddb5-4fa4-a97d-d965ccfc6d4b" outcome="Passed" testListId="8c84fa94-04c1-424b-9868-57a2d4851a1d" relativeResultsDirectory="abb2d530-057a-4bc7-9109-3001adf388a2" />
    <UnitTestResult executionId="5f6e43ca-6e0c-4e3b-9196-9f25e0a9d982" testId="c2df6d5b-653a-5889-f473-81c078643a2c" testName="FetchLoglinesAsync_ShouldIncreasePerformanceCounter" computerName="DKSR-EFI-06" duration="00:00:00.0115995" startTime="2024-01-09T15:44:12.6699135+01:00" endTime="2024-01-09T15:44:12.6855382+01:00" testType="13cdc9d9-ddb5-4fa4-a97d-d965ccfc6d4b" outcome="Passed" testListId="8c84fa94-04c1-424b-9868-57a2d4851a1d" relativeResultsDirectory="5f6e43ca-6e0c-4e3b-9196-9f25e0a9d982" />
    <UnitTestResult executionId="48aed0e4-c9c1-4231-be4f-0e56fedf7a23" testId="e2ad2a9d-57f7-b89c-f98d-52105b0ccf10" testName="Constructors_ShouldNotAllowInjectionOfNulls" computerName="DKSR-EFI-06" duration="00:00:00.0028432" startTime="2024-01-09T15:44:13.2324115+01:00" endTime="2024-01-09T15:44:13.2324115+01:00" testType="13cdc9d9-ddb5-4fa4-a97d-d965ccfc6d4b" outcome="Passed" testListId="8c84fa94-04c1-424b-9868-57a2d4851a1d" relativeResultsDirectory="48aed0e4-c9c1-4231-be4f-0e56fedf7a23" />
    <UnitTestResult executionId="be895ac6-8fe6-4dc1-965c-b5da0b4ec8d8" testId="f37e5f5b-a609-fcf3-c453-9f411a15eaeb" testName="Method_ShouldCallValidateCredentials (RegisterLegacyLogMessagesAsync,VideoOS.LogServer.WebService.DataContracts.RegisterLegacyLogMessagesParams)" computerName="DKSR-EFI-06" duration="00:00:00.0141195" startTime="2024-01-09T15:44:12.0449090+01:00" endTime="2024-01-09T15:44:12.1386599+01:00" testType="13cdc9d9-ddb5-4fa4-a97d-d965ccfc6d4b" outcome="Passed" testListId="8c84fa94-04c1-424b-9868-57a2d4851a1d" relativeResultsDirectory="be895ac6-8fe6-4dc1-965c-b5da0b4ec8d8" />
    <UnitTestResult executionId="fa0b96e4-167e-4398-9f9f-91bd296ec28b" testId="6a99bca0-c2eb-0657-a66f-bc7316c77725" testName="FetchLoglinesAsync_ShouldRemoveItemFromCache_WhenAllQueryDataHasBeenRead" computerName="DKSR-EFI-06" duration="00:00:00.0174367" startTime="2024-01-09T15:44:12.8730380+01:00" endTime="2024-01-09T15:44:12.8886623+01:00" testType="13cdc9d9-ddb5-4fa4-a97d-d965ccfc6d4b" outcome="Passed" testListId="8c84fa94-04c1-424b-9868-57a2d4851a1d" relativeResultsDirectory="fa0b96e4-167e-4398-9f9f-91bd296ec28b" />
    <UnitTestResult executionId="479d18bf-36d0-4cc5-949c-f8382a26fba6" testId="9df08586-0c98-2de0-0fcb-bf84a51fc678" testName="UpdateExpirationDatesAsync_ShouldCallDeleteExpiredMessageInstancesStoredProcedure_WithCorrectParams" computerName="DKSR-EFI-06" duration="00:00:00.0122671" startTime="2024-01-09T15:44:15.3886693+01:00" endTime="2024-01-09T15:44:15.4042942+01:00" testType="13cdc9d9-ddb5-4fa4-a97d-d965ccfc6d4b" outcome="Passed" testListId="8c84fa94-04c1-424b-9868-57a2d4851a1d" relativeResultsDirectory="479d18bf-36d0-4cc5-949c-f8382a26fba6" />
    <UnitTestResult executionId="682dfd52-a057-410d-894f-0534cd3e2946" testId="eb6434ce-42e2-9e2d-cb9f-a724e0d3ca92" testName="ExtractAsync_ShouldReplaceParameters" computerName="DKSR-EFI-06" duration="00:00:00.0161852" startTime="2024-01-09T15:44:15.2324196+01:00" endTime="2024-01-09T15:44:15.2480445+01:00" testType="13cdc9d9-ddb5-4fa4-a97d-d965ccfc6d4b" outcome="Passed" testListId="8c84fa94-04c1-424b-9868-57a2d4851a1d" relativeResultsDirectory="682dfd52-a057-410d-894f-0534cd3e2946" />
    <UnitTestResult executionId="59048ccb-b2b7-4079-b587-72bf69c93137" testId="cbe84446-e59b-ce9f-f734-cd5097869c15" testName="GetFilterValuesAsync_ShouldCallCorrectStoredProcedures" computerName="DKSR-EFI-06" duration="00:00:00.0124808" startTime="2024-01-09T15:44:12.7480374+01:00" endTime="2024-01-09T15:44:12.7636610+01:00" testType="13cdc9d9-ddb5-4fa4-a97d-d965ccfc6d4b" outcome="Passed" testListId="8c84fa94-04c1-424b-9868-57a2d4851a1d" relativeResultsDirectory="59048ccb-b2b7-4079-b587-72bf69c93137" />
    <UnitTestResult executionId="6e057cfa-7166-4eb5-8c4d-dac22c4f665f" testId="3351f5e9-cdac-da2d-bb1d-2add348898aa" testName="FetchSystemLoglinesAsync_ShouldThrowFaultException_WhenSessionIsUnknown" computerName="DKSR-EFI-06" duration="00:00:00.0285019" startTime="2024-01-09T15:44:10.5917776+01:00" endTime="2024-01-09T15:44:10.6074035+01:00" testType="13cdc9d9-ddb5-4fa4-a97d-d965ccfc6d4b" outcome="Passed" testListId="8c84fa94-04c1-424b-9868-57a2d4851a1d" relativeResultsDirectory="6e057cfa-7166-4eb5-8c4d-dac22c4f665f" />
    <UnitTestResult executionId="8e98b38a-3784-4be6-a8a4-a2266e7e3331" testId="dae8775c-1981-9cd5-13c3-ed6cd104261a" testName="QueryInstanceCount_ShouldThrowDatabaseException_IfQueryExecutionFails" computerName="DKSR-EFI-06" duration="00:00:00.0665185" startTime="2024-01-09T15:44:14.8261680+01:00" endTime="2024-01-09T15:44:14.8886668+01:00" testType="13cdc9d9-ddb5-4fa4-a97d-d965ccfc6d4b" outcome="Passed" testListId="8c84fa94-04c1-424b-9868-57a2d4851a1d" relativeResultsDirectory="8e98b38a-3784-4be6-a8a4-a2266e7e3331" />
    <UnitTestResult executionId="abd4c7f8-a699-4b33-b088-3d55d0c69f0a" testId="582aee11-df26-12ed-7724-adef6f5ccabb" testName="ReplaceParameter_ShouldReplaceParameterIfFound" computerName="DKSR-EFI-06" duration="00:00:00.0017406" startTime="2024-01-09T15:44:13.7792889+01:00" endTime="2024-01-09T15:44:13.7792889+01:00" testType="13cdc9d9-ddb5-4fa4-a97d-d965ccfc6d4b" outcome="Passed" testListId="8c84fa94-04c1-424b-9868-57a2d4851a1d" relativeResultsDirectory="abd4c7f8-a699-4b33-b088-3d55d0c69f0a" />
    <UnitTestResult executionId="66b2e907-641a-4a07-914f-351e3c679e37" testId="a854d2bf-1c93-0b5f-3dc6-286d7894c488" testName="Constructors_ShouldNotAllowInjectionOfNulls" computerName="DKSR-EFI-06" duration="00:00:00.0019707" startTime="2024-01-09T15:44:13.7792889+01:00" endTime="2024-01-09T15:44:13.7792889+01:00" testType="13cdc9d9-ddb5-4fa4-a97d-d965ccfc6d4b" outcome="Passed" testListId="8c84fa94-04c1-424b-9868-57a2d4851a1d" relativeResultsDirectory="66b2e907-641a-4a07-914f-351e3c679e37" />
    <UnitTestResult executionId="556bb3c7-4351-4e85-90c0-cfd07baf82d3" testId="a73fdf17-7e0f-43f1-ab09-1060d267b31c" testName="CreateDefaultLogger_ShouldUseLogManagerToGetLogger" computerName="DKSR-EFI-06" duration="00:00:00.0148262" startTime="2024-01-09T15:44:13.4355393+01:00" endTime="2024-01-09T15:44:13.4355393+01:00" testType="13cdc9d9-ddb5-4fa4-a97d-d965ccfc6d4b" outcome="Passed" testListId="8c84fa94-04c1-424b-9868-57a2d4851a1d" relativeResultsDirectory="556bb3c7-4351-4e85-90c0-cfd07baf82d3" />
    <UnitTestResult executionId="a6a4baf8-8dd0-4031-99aa-a2c353da2c26" testId="00c949e9-3282-e9a3-1397-e04412ea8166" testName="Method_ShouldCallValidateCredentials_WithAction (StartQuerySessionAsync,VideoOS.LogServer.WebService.StartQuerySessionParams)" computerName="DKSR-EFI-06" duration="00:00:00.0156971" startTime="2024-01-09T15:44:11.0136554+01:00" endTime="2024-01-09T15:44:11.1699062+01:00" testType="13cdc9d9-ddb5-4fa4-a97d-d965ccfc6d4b" outcome="Passed" testListId="8c84fa94-04c1-424b-9868-57a2d4851a1d" relativeResultsDirectory="a6a4baf8-8dd0-4031-99aa-a2c353da2c26" />
    <UnitTestResult executionId="ac7b0873-0451-471d-9af8-3e4c3caf906a" testId="9df0aa7c-aee5-5d5c-d02e-0d611a59a855" testName="FetchLoglinesAsync_ShouldThrowInvalidLogTypeException_IfCalledWithSystemLoglineParameter" computerName="DKSR-EFI-06" duration="00:00:00.0024206" startTime="2024-01-09T15:44:12.6542868+01:00" endTime="2024-01-09T15:44:12.6542868+01:00" testType="13cdc9d9-ddb5-4fa4-a97d-d965ccfc6d4b" outcome="Passed" testListId="8c84fa94-04c1-424b-9868-57a2d4851a1d" relativeResultsDirectory="ac7b0873-0451-471d-9af8-3e4c3caf906a" />
    <UnitTestResult executionId="debd3406-c245-4a94-8539-36a4f0c08af3" testId="00c949e9-3282-e9a3-1397-e04412ea8166" testName="Method_ShouldCallValidateCredentials_WithAction (FetchSystemLoglinesAsync,VideoOS.LogServer.WebService.DataContracts.FetchLoglinesParams)" computerName="DKSR-EFI-06" duration="00:00:00.0255631" startTime="2024-01-09T15:44:11.0136554+01:00" endTime="2024-01-09T15:44:11.1699062+01:00" testType="13cdc9d9-ddb5-4fa4-a97d-d965ccfc6d4b" outcome="Passed" testListId="8c84fa94-04c1-424b-9868-57a2d4851a1d" relativeResultsDirectory="debd3406-c245-4a94-8539-36a4f0c08af3" />
    <UnitTestResult executionId="81f89172-d9c0-4703-afb4-cd0856052997" testId="063ab08e-8f53-7d15-0708-d6c1607b08ab" testName="ExecuteWithParameters_ShouldThrowDatabaseException_IfCommandExecutionFails" computerName="DKSR-EFI-06" duration="00:00:00.9364669" startTime="2024-01-09T15:44:13.7949155+01:00" endTime="2024-01-09T15:44:14.7167903+01:00" testType="13cdc9d9-ddb5-4fa4-a97d-d965ccfc6d4b" outcome="Passed" testListId="8c84fa94-04c1-424b-9868-57a2d4851a1d" relativeResultsDirectory="81f89172-d9c0-4703-afb4-cd0856052997" />
    <UnitTestResult executionId="9d622dc7-538f-4bdd-95b8-aa73e64bddb3" testId="d996c347-7097-0c09-0ebe-01ed60715001" testName="StartQuerySessionAsync_ShouldCacheNewlyCreatedQuerySession" computerName="DKSR-EFI-06" duration="00:00:00.0190216" startTime="2024-01-09T15:44:12.8417888+01:00" endTime="2024-01-09T15:44:12.8574137+01:00" testType="13cdc9d9-ddb5-4fa4-a97d-d965ccfc6d4b" outcome="Passed" testListId="8c84fa94-04c1-424b-9868-57a2d4851a1d" relativeResultsDirectory="9d622dc7-538f-4bdd-95b8-aa73e64bddb3" />
    <UnitTestResult executionId="acffb0be-006d-4c67-bd77-10805a7ca76c" testId="b8848f78-e431-d152-97ed-aff7460a0c3b" testName="LogRetentions_ToStorage_PropertiesAreTransferred" computerName="DKSR-EFI-06" duration="00:00:00.0069647" startTime="2024-01-09T15:44:13.5605398+01:00" endTime="2024-01-09T15:44:13.5605398+01:00" testType="13cdc9d9-ddb5-4fa4-a97d-d965ccfc6d4b" outcome="Passed" testListId="8c84fa94-04c1-424b-9868-57a2d4851a1d" relativeResultsDirectory="acffb0be-006d-4c67-bd77-10805a7ca76c" />
    <UnitTestResult executionId="a55322b9-f310-44c0-8e6b-6e2692ad9073" testId="29b4ed19-a443-122a-977f-10b5190fb08c" testName="RegisterLogMessages_ShouldPassParametersToLogWriter (True)" computerName="DKSR-EFI-06" duration="00:00:00.1453280" startTime="2024-01-09T15:44:11.5917821+01:00" endTime="2024-01-09T15:44:11.7324092+01:00" testType="13cdc9d9-ddb5-4fa4-a97d-d965ccfc6d4b" outcome="Passed" testListId="8c84fa94-04c1-424b-9868-57a2d4851a1d" relativeResultsDirectory="a55322b9-f310-44c0-8e6b-6e2692ad9073" />
    <UnitTestResult executionId="b2800923-8158-418f-9478-96665823ff53" testId="f37e5f5b-a609-fcf3-c453-9f411a15eaeb" testName="Method_ShouldCallValidateCredentials (RegisterCategoryAsync,VideoOS.LogServer.WebService.DataContracts.RegisterCategoryParams)" computerName="DKSR-EFI-06" duration="00:00:00.0148539" startTime="2024-01-09T15:44:12.0449090+01:00" endTime="2024-01-09T15:44:12.1386599+01:00" testType="13cdc9d9-ddb5-4fa4-a97d-d965ccfc6d4b" outcome="Passed" testListId="8c84fa94-04c1-424b-9868-57a2d4851a1d" relativeResultsDirectory="b2800923-8158-418f-9478-96665823ff53" />
    <UnitTestResult executionId="d508962a-35bb-40a7-89a3-efbdd1327f7d" testId="570542cd-d8b4-7656-273b-2efef5a67393" testName="LoadAsync_ShouldSetGuaranteedDeletionTimestampToDefault_IfDatabaseCallFail" computerName="DKSR-EFI-06" duration="00:00:00.0079107" startTime="2024-01-09T15:44:15.8105449+01:00" endTime="2024-01-09T15:44:15.8261725+01:00" testType="13cdc9d9-ddb5-4fa4-a97d-d965ccfc6d4b" outcome="Passed" testListId="8c84fa94-04c1-424b-9868-57a2d4851a1d" relativeResultsDirectory="d508962a-35bb-40a7-89a3-efbdd1327f7d" />
    <UnitTestResult executionId="289d1b09-8660-4204-8dda-eeb621c5ee16" testId="e1527d17-03fa-35ef-30a9-f04fa15d08f8" testName="ReadLogStarted_ShouldNotWriteLogline_WhenLogTypeIsDifferentThanAudit" computerName="DKSR-EFI-06" duration="00:00:00.0064858" startTime="2024-01-09T15:44:16.4199219+01:00" endTime="2024-01-09T15:44:16.4355901+01:00" testType="13cdc9d9-ddb5-4fa4-a97d-d965ccfc6d4b" outcome="Passed" testListId="8c84fa94-04c1-424b-9868-57a2d4851a1d" relativeResultsDirectory="289d1b09-8660-4204-8dda-eeb621c5ee16" />
    <UnitTestResult executionId="a7bb41be-a55b-4426-9758-a06144ad1492" testId="7e81edc0-98c0-3051-1037-7c2397d6818d" testName="ExtractAsync_ShouldReplaceParameters" computerName="DKSR-EFI-06" duration="00:00:00.0420183" startTime="2024-01-09T15:44:15.1542922+01:00" endTime="2024-01-09T15:44:15.2011712+01:00" testType="13cdc9d9-ddb5-4fa4-a97d-d965ccfc6d4b" outcome="Passed" testListId="8c84fa94-04c1-424b-9868-57a2d4851a1d" relativeResultsDirectory="a7bb41be-a55b-4426-9758-a06144ad1492" />
    <UnitTestResult executionId="d02eb933-d92c-4867-a962-c6f1b75650a9" testId="88fcd86f-0e3d-db6a-d7f9-489c25ca28c7" testName="Get_ShouldReturnNull_IfIdIsUnknown" computerName="DKSR-EFI-06" duration="00:00:00.0025360" startTime="2024-01-09T15:44:16.0917947+01:00" endTime="2024-01-09T15:44:16.0917947+01:00" testType="13cdc9d9-ddb5-4fa4-a97d-d965ccfc6d4b" outcome="Passed" testListId="8c84fa94-04c1-424b-9868-57a2d4851a1d" relativeResultsDirectory="d02eb933-d92c-4867-a962-c6f1b75650a9" />
    <UnitTestResult executionId="64db6a95-fa24-49c1-8be7-e76a5c81da7a" testId="56696622-b5e5-b790-e230-d1b455492afb" testName="LogMessage_ToStorage_ShouldThrowArgumentNullException_IfValueIsNull" computerName="DKSR-EFI-06" duration="00:00:00.0007169" startTime="2024-01-09T15:44:13.5136646+01:00" endTime="2024-01-09T15:44:13.5292894+01:00" testType="13cdc9d9-ddb5-4fa4-a97d-d965ccfc6d4b" outcome="Passed" testListId="8c84fa94-04c1-424b-9868-57a2d4851a1d" relativeResultsDirectory="64db6a95-fa24-49c1-8be7-e76a5c81da7a" />
    <UnitTestResult executionId="978e4706-7d56-4f79-b215-9384e6daff16" testId="6e5007f9-68b1-9358-3a04-1d615453a078" testName="FetchAuditLoglinesAsync_ShouldThrowFaultException_WhenSqlQueriesTimeout" computerName="DKSR-EFI-06" duration="00:00:00.0342780" startTime="2024-01-09T15:44:10.4667783+01:00" endTime="2024-01-09T15:44:10.5136530+01:00" testType="13cdc9d9-ddb5-4fa4-a97d-d965ccfc6d4b" outcome="Passed" testListId="8c84fa94-04c1-424b-9868-57a2d4851a1d" relativeResultsDirectory="978e4706-7d56-4f79-b215-9384e6daff16" />
    <UnitTestResult executionId="e2cbc2a4-7257-485f-be9f-b1c87517b22d" testId="aa2fb8ce-cab7-86e3-1845-4df1cb9a3c2d" testName="Constructors_ShouldNotAllowInjectionOfNulls" computerName="DKSR-EFI-06" duration="00:00:00.0665102" startTime="2024-01-09T15:44:15.4199192+01:00" endTime="2024-01-09T15:44:15.4824202+01:00" testType="13cdc9d9-ddb5-4fa4-a97d-d965ccfc6d4b" outcome="Passed" testListId="8c84fa94-04c1-424b-9868-57a2d4851a1d" relativeResultsDirectory="e2cbc2a4-7257-485f-be9f-b1c87517b22d" />
    <UnitTestResult executionId="0365acc9-0da1-4943-8578-70d34d4d8c67" testId="d633fadc-a142-d041-07db-fefdc3bad19e" testName="ExtractAsync_ShouldSplitLoglines" computerName="DKSR-EFI-06" duration="00:00:00.0209864" startTime="2024-01-09T15:44:15.2949197+01:00" endTime="2024-01-09T15:44:15.3105436+01:00" testType="13cdc9d9-ddb5-4fa4-a97d-d965ccfc6d4b" outcome="Passed" testListId="8c84fa94-04c1-424b-9868-57a2d4851a1d" relativeResultsDirectory="0365acc9-0da1-4943-8578-70d34d4d8c67" />
    <UnitTestResult executionId="c12033b7-20d6-43de-b70a-ac64b49f44d0" testId="349eca6e-b1f6-6ab4-c396-e8c299476d7b" testName="FetchLoglinesAsync_ShouldThrowException_WhenCalledWithInvalidQuerySession" computerName="DKSR-EFI-06" duration="00:00:00.0126988" startTime="2024-01-09T15:44:12.8574137+01:00" endTime="2024-01-09T15:44:12.8730380+01:00" testType="13cdc9d9-ddb5-4fa4-a97d-d965ccfc6d4b" outcome="Passed" testListId="8c84fa94-04c1-424b-9868-57a2d4851a1d" relativeResultsDirectory="c12033b7-20d6-43de-b70a-ac64b49f44d0" />
    <UnitTestResult executionId="5d7c5c48-f55b-4ade-a959-90b46d4bc305" testId="56227e59-e610-2fbb-fcac-afd2e7ca1254" testName="Property_ShouldThrowMissingOemResourceException_WhenResourceIsNotAString" computerName="DKSR-EFI-06" duration="00:00:00.0210640" startTime="2024-01-09T15:44:12.5761627+01:00" endTime="2024-01-09T15:44:12.6074128+01:00" testType="13cdc9d9-ddb5-4fa4-a97d-d965ccfc6d4b" outcome="Passed" testListId="8c84fa94-04c1-424b-9868-57a2d4851a1d" relativeResultsDirectory="5d7c5c48-f55b-4ade-a959-90b46d4bc305" />
    <UnitTestResult executionId="a18f47e5-a131-49da-9408-223276fb6d95" testId="76f15ad2-398a-ff53-5ced-0734278d432f" testName="GetFiltersTimeout_ShouldReturnIntValue_WhenConfiguredValueIsValid" computerName="DKSR-EFI-06" duration="00:00:00.0019598" startTime="2024-01-09T15:44:15.0917934+01:00" endTime="2024-01-09T15:44:15.1074175+01:00" testType="13cdc9d9-ddb5-4fa4-a97d-d965ccfc6d4b" outcome="Passed" testListId="8c84fa94-04c1-424b-9868-57a2d4851a1d" relativeResultsDirectory="a18f47e5-a131-49da-9408-223276fb6d95" />
    <UnitTestResult executionId="aa49ac8a-2bca-4805-bbee-2ddde6e9d1a5" testId="0bc23585-fa65-a6ca-e28c-80585ee94be9" testName="ExecuteGuaranteedDeletionShouldRescheduleTimer_WhenFirstRemoveExpiredAsyncFails_WithCorrectPeriod" computerName="DKSR-EFI-06" duration="00:00:00.0042959" startTime="2024-01-09T15:44:15.6542938+01:00" endTime="2024-01-09T15:44:15.6542938+01:00" testType="13cdc9d9-ddb5-4fa4-a97d-d965ccfc6d4b" outcome="Passed" testListId="8c84fa94-04c1-424b-9868-57a2d4851a1d" relativeResultsDirectory="aa49ac8a-2bca-4805-bbee-2ddde6e9d1a5" />
    <UnitTestResult executionId="6fe9352e-53d0-4351-b30f-651661f48176" testId="29b446c8-895d-c6f8-de01-0594f2a1c587" testName="UpdateLastGuaranteedDeletionAsync_ShouldNotChangeGuaranteedDeletion_WhenUpdateFails" computerName="DKSR-EFI-06" duration="00:00:00.0086599" startTime="2024-01-09T15:44:15.9199183+01:00" endTime="2024-01-09T15:44:15.9355449+01:00" testType="13cdc9d9-ddb5-4fa4-a97d-d965ccfc6d4b" outcome="Passed" testListId="8c84fa94-04c1-424b-9868-57a2d4851a1d" relativeResultsDirectory="6fe9352e-53d0-4351-b30f-651661f48176" />
    <UnitTestResult executionId="40a8a178-4fdf-49fa-ac36-0eaf8eef3de7" testId="fd8e593e-8f71-af4a-b9f2-d3973c4c8bcf" testName="WriteLegacyLoglineAsync_ShouldPassParametersToLogWriter (True)" computerName="DKSR-EFI-06" duration="00:00:00.0340558" startTime="2024-01-09T15:44:11.5136576+01:00" endTime="2024-01-09T15:44:11.5449077+01:00" testType="13cdc9d9-ddb5-4fa4-a97d-d965ccfc6d4b" outcome="Passed" testListId="8c84fa94-04c1-424b-9868-57a2d4851a1d" relativeResultsDirectory="40a8a178-4fdf-49fa-ac36-0eaf8eef3de7" />
    <UnitTestResult executionId="12509420-d896-4773-82c1-3173aab4d9a0" testId="f079971a-4d79-a080-8093-06198478cda6" testName="UpdateAnonymousLoggingAsync_ShouldUpdateAnonymousLoggingInConfiguration" computerName="DKSR-EFI-06" duration="00:00:00.0042729" startTime="2024-01-09T15:44:15.7324193+01:00" endTime="2024-01-09T15:44:15.7324193+01:00" testType="13cdc9d9-ddb5-4fa4-a97d-d965ccfc6d4b" outcome="Passed" testListId="8c84fa94-04c1-424b-9868-57a2d4851a1d" relativeResultsDirectory="12509420-d896-4773-82c1-3173aab4d9a0" />
    <UnitTestResult executionId="e08057f1-984b-4971-b728-1427760d237f" testId="2815fd0e-2035-074b-4aa9-1f9f75c6afe5" testName="AuditLogline_ToDataContract_ShouldTransformAuditLoglineDataObject" computerName="DKSR-EFI-06" duration="00:00:00.0045146" startTime="2024-01-09T15:44:13.7480403+01:00" endTime="2024-01-09T15:44:13.7636653+01:00" testType="13cdc9d9-ddb5-4fa4-a97d-d965ccfc6d4b" outcome="Passed" testListId="8c84fa94-04c1-424b-9868-57a2d4851a1d" relativeResultsDirectory="e08057f1-984b-4971-b728-1427760d237f" />
    <UnitTestResult executionId="ebf04f82-5265-48dc-adbc-351c565a6cb6" testId="cb82c75a-3db4-85f2-ca1b-1e464e003f7d" testName="RegisterLogMessagesAsync_ShouldCallRegisterMessagesSP" computerName="DKSR-EFI-06" duration="00:00:00.1165316" startTime="2024-01-09T15:44:09.4042732+01:00" endTime="2024-01-09T15:44:09.5136494+01:00" testType="13cdc9d9-ddb5-4fa4-a97d-d965ccfc6d4b" outcome="Passed" testListId="8c84fa94-04c1-424b-9868-57a2d4851a1d" relativeResultsDirectory="ebf04f82-5265-48dc-adbc-351c565a6cb6" />
    <UnitTestResult executionId="16038b38-e720-4e1e-bbd7-3845acd35c34" testId="22e58096-f246-6686-73c3-5ccc37847f7a" testName="ExecuteGuaranteedDeletionShouldRescheduleTimer_WhenSecondRemoveExpiredAsyncFails_WithCorrectPeriod" computerName="DKSR-EFI-06" duration="00:00:00.0044455" startTime="2024-01-09T15:44:15.6542938+01:00" endTime="2024-01-09T15:44:15.6542938+01:00" testType="13cdc9d9-ddb5-4fa4-a97d-d965ccfc6d4b" outcome="Passed" testListId="8c84fa94-04c1-424b-9868-57a2d4851a1d" relativeResultsDirectory="16038b38-e720-4e1e-bbd7-3845acd35c34" />
    <UnitTestResult executionId="21ac3f47-20bc-4532-9e12-bc458c7a4331" testId="68e281b9-9a49-3611-3114-3d9c71e194e5" testName="ExtractLogMessageCategories_ShouldExtract_WithCorrectId" computerName="DKSR-EFI-06" duration="00:00:00.0071223" startTime="2024-01-09T15:44:13.6230384+01:00" endTime="2024-01-09T15:44:13.6386631+01:00" testType="13cdc9d9-ddb5-4fa4-a97d-d965ccfc6d4b" outcome="Passed" testListId="8c84fa94-04c1-424b-9868-57a2d4851a1d" relativeResultsDirectory="21ac3f47-20bc-4532-9e12-bc458c7a4331" />
    <UnitTestResult executionId="48ba7c9a-2884-4dba-883c-5d04b95214ee" testId="85149784-22e1-7b52-2013-f8a168237ee4" testName="FetchLoglinesAsync_ShouldThrowInvalidLogTypeException_IfCalledWithAuditLoglineParameter" computerName="DKSR-EFI-06" duration="00:00:00.0040974" startTime="2024-01-09T15:44:13.2011615+01:00" endTime="2024-01-09T15:44:13.2011615+01:00" testType="13cdc9d9-ddb5-4fa4-a97d-d965ccfc6d4b" outcome="Passed" testListId="8c84fa94-04c1-424b-9868-57a2d4851a1d" relativeResultsDirectory="48ba7c9a-2884-4dba-883c-5d04b95214ee" />
    <UnitTestResult executionId="b32d10ed-6267-4366-961b-22095dbb0d53" testId="35a417d9-e7fe-01c4-bcf3-a18f85f83168" testName="EndQuerySessionAsync_ShouldTerminateSession_WithProvidedQuerySessionId (True)" computerName="DKSR-EFI-06" duration="00:00:00.0355661" startTime="2024-01-09T15:44:10.8105292+01:00" endTime="2024-01-09T15:44:10.8574047+01:00" testType="13cdc9d9-ddb5-4fa4-a97d-d965ccfc6d4b" outcome="Passed" testListId="8c84fa94-04c1-424b-9868-57a2d4851a1d" relativeResultsDirectory="b32d10ed-6267-4366-961b-22095dbb0d53" />
    <UnitTestResult executionId="37498f2e-9d9f-49dd-9dde-bec916f59918" testId="55cb4b4b-24f7-b469-407f-6f678f27f86a" testName="QueryWithParameters_ShouldNotSetCommandTimeout_WhenATimeoutIsNotSpecified" computerName="DKSR-EFI-06" duration="00:00:00.0099949" startTime="2024-01-09T15:44:15.0292937+01:00" endTime="2024-01-09T15:44:15.0449188+01:00" testType="13cdc9d9-ddb5-4fa4-a97d-d965ccfc6d4b" outcome="Passed" testListId="8c84fa94-04c1-424b-9868-57a2d4851a1d" relativeResultsDirectory="37498f2e-9d9f-49dd-9dde-bec916f59918" />
    <UnitTestResult executionId="8cd331db-b1ba-4e0c-87ce-622e0778e85f" testId="47879ec5-ea7f-5a14-7b18-2063323c882f" testName="RuleLogline_ToDataContract_ShouldTransformRuleLoglineDataObject" computerName="DKSR-EFI-06" duration="00:00:00.0063120" startTime="2024-01-09T15:44:13.7636653+01:00" endTime="2024-01-09T15:44:13.7792889+01:00" testType="13cdc9d9-ddb5-4fa4-a97d-d965ccfc6d4b" outcome="Passed" testListId="8c84fa94-04c1-424b-9868-57a2d4851a1d" relativeResultsDirectory="8cd331db-b1ba-4e0c-87ce-622e0778e85f" />
    <UnitTestResult executionId="bc602367-fc33-4005-9673-8258a5798f0a" testId="c8caf0b8-a6ad-0ab7-d506-cf621c69f103" testName="ReadLogStarted_ShouldRegisterSourceType" computerName="DKSR-EFI-06" duration="00:00:00.0222854" startTime="2024-01-09T15:44:16.2011718+01:00" endTime="2024-01-09T15:44:16.2324225+01:00" testType="13cdc9d9-ddb5-4fa4-a97d-d965ccfc6d4b" outcome="Passed" testListId="8c84fa94-04c1-424b-9868-57a2d4851a1d" relativeResultsDirectory="bc602367-fc33-4005-9673-8258a5798f0a" />
    <UnitTestResult executionId="0787f540-1643-4b0e-83c8-04fae76c6de9" testId="e59a91f4-e261-7412-d22f-9e023a35acfb" testName="CreateLogReader_ShouldThrowInvalidLogTypeException_WhenUnknownLogTypeIsProvided" computerName="DKSR-EFI-06" duration="00:00:00.0081122" startTime="2024-01-09T15:44:12.4355355+01:00" endTime="2024-01-09T15:44:12.4355355+01:00" testType="13cdc9d9-ddb5-4fa4-a97d-d965ccfc6d4b" outcome="Passed" testListId="8c84fa94-04c1-424b-9868-57a2d4851a1d" relativeResultsDirectory="0787f540-1643-4b0e-83c8-04fae76c6de9" />
    <UnitTestResult executionId="edc0c096-1e0d-463d-a4bd-b3bac2aafe84" testId="a5714d74-d9c1-e9f2-4b22-07d73f18f04b" testName="LogMessageText_ToStorage_PropertiesAreTransferred" computerName="DKSR-EFI-06" duration="00:00:00.0040841" startTime="2024-01-09T15:44:13.5136646+01:00" endTime="2024-01-09T15:44:13.5136646+01:00" testType="13cdc9d9-ddb5-4fa4-a97d-d965ccfc6d4b" outcome="Passed" testListId="8c84fa94-04c1-424b-9868-57a2d4851a1d" relativeResultsDirectory="edc0c096-1e0d-463d-a4bd-b3bac2aafe84" />
    <UnitTestResult executionId="93bf8c7c-7845-4ca1-9d78-ae5ff3ee483d" testId="ae67d189-8768-4d42-e0db-575f082bf6ef" testName="Constructors_ShouldNotAllowInjectionOfNulls" computerName="DKSR-EFI-06" duration="00:00:00.0029262" startTime="2024-01-09T15:44:12.6230371+01:00" endTime="2024-01-09T15:44:12.6230371+01:00" testType="13cdc9d9-ddb5-4fa4-a97d-d965ccfc6d4b" outcome="Passed" testListId="8c84fa94-04c1-424b-9868-57a2d4851a1d" relativeResultsDirectory="93bf8c7c-7845-4ca1-9d78-ae5ff3ee483d" />
    <UnitTestResult executionId="0953e879-a18c-49bb-a73f-69a06216b292" testId="c13a9523-0595-8c5b-2b1c-d16391be043b" testName="QueryFilters_ToStorage_PropertiesAreTransferred" computerName="DKSR-EFI-06" duration="00:00:00.0053179" startTime="2024-01-09T15:44:13.4980400+01:00" endTime="2024-01-09T15:44:13.5136646+01:00" testType="13cdc9d9-ddb5-4fa4-a97d-d965ccfc6d4b" outcome="Passed" testListId="8c84fa94-04c1-424b-9868-57a2d4851a1d" relativeResultsDirectory="0953e879-a18c-49bb-a73f-69a06216b292" />
    <UnitTestResult executionId="cfe79257-43d7-4aae-8627-56eb5761825c" testId="bc6d7cfc-cb52-ba92-1bd8-c41e7c733d5b" testName="GetFilterValuesTimestampAsync_ShouldNotModify_WhatFilterValueReaderProvides" computerName="DKSR-EFI-06" duration="00:00:00.0346763" startTime="2024-01-09T15:44:10.9824058+01:00" endTime="2024-01-09T15:44:11.0136554+01:00" testType="13cdc9d9-ddb5-4fa4-a97d-d965ccfc6d4b" outcome="Passed" testListId="8c84fa94-04c1-424b-9868-57a2d4851a1d" relativeResultsDirectory="cfe79257-43d7-4aae-8627-56eb5761825c" />
    <UnitTestResult executionId="2a69170d-d277-4481-8496-ac38061db037" testId="397fcd6d-c615-3497-e06b-0e9047287291" testName="UpdateRetentionsAsync_ShouldNotChangeRuleLogRetention_WhenUpdateFails" computerName="DKSR-EFI-06" duration="00:00:00.0102598" startTime="2024-01-09T15:44:15.9042948+01:00" endTime="2024-01-09T15:44:15.9042948+01:00" testType="13cdc9d9-ddb5-4fa4-a97d-d965ccfc6d4b" outcome="Passed" testListId="8c84fa94-04c1-424b-9868-57a2d4851a1d" relativeResultsDirectory="2a69170d-d277-4481-8496-ac38061db037" />
    <UnitTestResult executionId="803df67d-3c92-4745-803b-8241f4d253c0" testId="5188e0f4-7b43-a7a7-9af4-9615345ef5dc" testName="LogMessageCategory_ToStorage_PropertiesAreTransferred" computerName="DKSR-EFI-06" duration="00:00:00.0019402" startTime="2024-01-09T15:44:13.5449141+01:00" endTime="2024-01-09T15:44:13.5449141+01:00" testType="13cdc9d9-ddb5-4fa4-a97d-d965ccfc6d4b" outcome="Passed" testListId="8c84fa94-04c1-424b-9868-57a2d4851a1d" relativeResultsDirectory="803df67d-3c92-4745-803b-8241f4d253c0" />
    <UnitTestResult executionId="35b3b9e2-719f-47b8-93cd-2c6c1f1ba950" testId="a7c59d28-f7b4-04db-916c-04fdcd3621d0" testName="Dispose_ShouldFlushAndCloseLogger" computerName="DKSR-EFI-06" duration="00:00:00.0043419" startTime="2024-01-09T15:44:13.4199130+01:00" endTime="2024-01-09T15:44:13.4199130+01:00" testType="13cdc9d9-ddb5-4fa4-a97d-d965ccfc6d4b" outcome="Passed" testListId="8c84fa94-04c1-424b-9868-57a2d4851a1d" relativeResultsDirectory="35b3b9e2-719f-47b8-93cd-2c6c1f1ba950" />
    <UnitTestResult executionId="bdedff93-cb47-4f24-ac48-0d0d8ced92a6" testId="768fab34-b3b5-1dae-3ecc-919d464dc3af" testName="UpdateRetentionsAsync_ShouldChangeExistingRetentions" computerName="DKSR-EFI-06" duration="00:00:00.0072211" startTime="2024-01-09T15:44:15.9355449+01:00" endTime="2024-01-09T15:44:15.9511695+01:00" testType="13cdc9d9-ddb5-4fa4-a97d-d965ccfc6d4b" outcome="Passed" testListId="8c84fa94-04c1-424b-9868-57a2d4851a1d" relativeResultsDirectory="bdedff93-cb47-4f24-ac48-0d0d8ced92a6" />
    <UnitTestResult executionId="726b7530-b7e7-4654-a218-8451781116bb" testId="cd5c0b91-28eb-4ef8-3860-86dc1f965d32" testName="CreateLogReader_ShouldCreateSystemLogReader_WhenSystemLogTypeIsProvided" computerName="DKSR-EFI-06" duration="00:00:00.0074356" startTime="2024-01-09T15:44:12.4199110+01:00" endTime="2024-01-09T15:44:12.4199110+01:00" testType="13cdc9d9-ddb5-4fa4-a97d-d965ccfc6d4b" outcome="Passed" testListId="8c84fa94-04c1-424b-9868-57a2d4851a1d" relativeResultsDirectory="726b7530-b7e7-4654-a218-8451781116bb" />
    <UnitTestResult executionId="c813adfc-4b7a-4fa0-ada8-a081f1297dfe" testId="486f415c-3ba1-957b-777c-0f50023bdae5" testName="Constructors_ShouldNotAllowInjectionOfNulls" computerName="DKSR-EFI-06" duration="00:00:00.1144560" startTime="2024-01-09T15:44:12.2792859+01:00" endTime="2024-01-09T15:44:12.3886620+01:00" testType="13cdc9d9-ddb5-4fa4-a97d-d965ccfc6d4b" outcome="Passed" testListId="8c84fa94-04c1-424b-9868-57a2d4851a1d" relativeResultsDirectory="c813adfc-4b7a-4fa0-ada8-a081f1297dfe" />
    <UnitTestResult executionId="2fdba87e-6f8d-4c84-bf29-5838dbecc44b" testId="dbfafe45-1966-a1e8-66e8-e85f80b3159a" testName="CreateDefaultLogger_ShouldFallbackToEmptyLogger_WhenLogMangerThrowsException" computerName="DKSR-EFI-06" duration="00:00:00.0386201" startTime="2024-01-09T15:44:13.4511630+01:00" endTime="2024-01-09T15:44:13.4824142+01:00" testType="13cdc9d9-ddb5-4fa4-a97d-d965ccfc6d4b" outcome="Passed" testListId="8c84fa94-04c1-424b-9868-57a2d4851a1d" relativeResultsDirectory="2fdba87e-6f8d-4c84-bf29-5838dbecc44b" />
    <UnitTestResult executionId="491ec5cb-7ea3-4396-afbe-8f205408b742" testId="2bc256b5-9049-1b35-f2a0-106c8a652036" testName="WriteLegacyLoglineAsync_ShouldPassParametersToLogWriter (False)" computerName="DKSR-EFI-06" duration="00:00:00.0327302" startTime="2024-01-09T15:44:11.5605614+01:00" endTime="2024-01-09T15:44:11.5917821+01:00" testType="13cdc9d9-ddb5-4fa4-a97d-d965ccfc6d4b" outcome="Passed" testListId="8c84fa94-04c1-424b-9868-57a2d4851a1d" relativeResultsDirectory="491ec5cb-7ea3-4396-afbe-8f205408b742" />
    <UnitTestResult executionId="8647e6dd-6dae-4b05-b86d-d537e43e97ec" testId="94070b35-32b5-2e82-c707-731cc4904ee4" testName="Constructor_ShouldAddEventHandlerToModifyLogPath_OnlyWhenKeyIsFileAndLogTypeIsFilenameOrArchive (File,Filename,,C:\test,C:\test)" computerName="DKSR-EFI-06" duration="00:00:00.0239754" startTime="2024-01-09T15:44:13.3417871+01:00" endTime="2024-01-09T15:44:13.3730391+01:00" testType="13cdc9d9-ddb5-4fa4-a97d-d965ccfc6d4b" outcome="Passed" testListId="8c84fa94-04c1-424b-9868-57a2d4851a1d" relativeResultsDirectory="8647e6dd-6dae-4b05-b86d-d537e43e97ec" />
    <UnitTestResult executionId="2d815afd-26d4-45cb-9254-0ebe20dfcaf1" testId="48d7d92d-1cba-4cb4-04f0-21a16fc7eb30" testName="ExtractLogMessageSourceTypes_ShouldExtract_WithCorrectText" computerName="DKSR-EFI-06" duration="00:00:00.0043607" startTime="2024-01-09T15:44:13.6855389+01:00" endTime="2024-01-09T15:44:13.6855389+01:00" testType="13cdc9d9-ddb5-4fa4-a97d-d965ccfc6d4b" outcome="Passed" testListId="8c84fa94-04c1-424b-9868-57a2d4851a1d" relativeResultsDirectory="2d815afd-26d4-45cb-9254-0ebe20dfcaf1" />
    <UnitTestResult executionId="572723be-2af5-4206-bcda-f0395154272b" testId="43fb071e-017a-60e3-56a1-11cd5a259516" testName="Start_ShouldOpenAllServiceCommunications" computerName="DKSR-EFI-06" duration="00:00:00.0719145" startTime="2024-01-09T15:44:08.9980245+01:00" endTime="2024-01-09T15:44:09.0605257+01:00" testType="13cdc9d9-ddb5-4fa4-a97d-d965ccfc6d4b" outcome="Passed" testListId="8c84fa94-04c1-424b-9868-57a2d4851a1d" relativeResultsDirectory="572723be-2af5-4206-bcda-f0395154272b" />
    <UnitTestResult executionId="3bfa76e4-e706-48cf-8838-edd68b24c4fa" testId="b1cbd388-6b2e-06c4-0688-0ec373c3c29e" testName="Start_ShouldNotHandleGeneralException_IfErrorHappensWhileOpeningServiceCommunications" computerName="DKSR-EFI-06" duration="00:00:00.0108047" startTime="2024-01-09T15:44:09.1386496+01:00" endTime="2024-01-09T15:44:09.1542769+01:00" testType="13cdc9d9-ddb5-4fa4-a97d-d965ccfc6d4b" outcome="Passed" testListId="8c84fa94-04c1-424b-9868-57a2d4851a1d" relativeResultsDirectory="3bfa76e4-e706-48cf-8838-edd68b24c4fa" />
    <UnitTestResult executionId="0d4ac0e8-be5f-42d0-a20d-89a24a9cb0a8" testId="01264600-f5eb-00d5-cb59-6b297068518d" testName="Constructors_ShouldNotAllowInjectionOfNulls" computerName="DKSR-EFI-06" duration="00:00:00.0020290" startTime="2024-01-09T15:44:14.7792927+01:00" endTime="2024-01-09T15:44:14.7792927+01:00" testType="13cdc9d9-ddb5-4fa4-a97d-d965ccfc6d4b" outcome="Passed" testListId="8c84fa94-04c1-424b-9868-57a2d4851a1d" relativeResultsDirectory="0d4ac0e8-be5f-42d0-a20d-89a24a9cb0a8" />
    <UnitTestResult executionId="68cb445e-a809-42e9-af1e-ea6f30c54b94" testId="bd042076-2402-fb19-56c3-223eeac85ec4" testName="Method_ShouldCallValidateToken_WithCorrectToken (RegisterSourceTypeTokenAsync,VideoOS.LogServer.WebService.DataContracts.RegisterSourceTypeParams)" computerName="DKSR-EFI-06" duration="00:00:00.0144429" startTime="2024-01-09T15:44:12.1386599+01:00" endTime="2024-01-09T15:44:12.2324106+01:00" testType="13cdc9d9-ddb5-4fa4-a97d-d965ccfc6d4b" outcome="Passed" testListId="8c84fa94-04c1-424b-9868-57a2d4851a1d" relativeResultsDirectory="68cb445e-a809-42e9-af1e-ea6f30c54b94" />
  </Results>
  <TestDefinitions>
    <UnitTest name="GetFilterValuesAsync_ShouldReturnExpectedResult" storage="d:\actions-runner\_work\xpco\xpco\logserver\server\videoos.logserver.tests\bin\debug\videoos.logserver.tests.dll" id="5ced3b67-bdc3-a9a2-2162-f5e61b69b1f4">
      <Execution id="fe76afd8-fe62-44e2-b764-ebcd915c6594" />
      <TestMethod codeBase="D:\actions-runner\_work\XPCO\XPCO\LogServer\Server\VideoOS.LogServer.Tests\bin\Debug\VideoOS.LogServer.Tests.dll" adapterTypeName="executor://mstestadapter/v2" className="VideoOS.LogServer.Tests.Readers.FilterValueReaderTests" name="GetFilterValuesAsync_ShouldReturnExpectedResult" />
    </UnitTest>
    <UnitTest name="FetchRuleLoglinesAsync_ShouldThrowFaultException_WhenSessionIsUnknown" storage="d:\actions-runner\_work\xpco\xpco\logserver\server\videoos.logserver.tests\bin\debug\videoos.logserver.tests.dll" id="fbeaa9cd-75c8-4720-ec04-b4c5799961cc">
      <Execution id="eeaecbdd-6b9f-4d59-bea5-c875915f2f2d" />
      <TestMethod codeBase="D:\actions-runner\_work\XPCO\XPCO\LogServer\Server\VideoOS.LogServer.Tests\bin\Debug\VideoOS.LogServer.Tests.dll" adapterTypeName="executor://mstestadapter/v2" className="VideoOS.LogServer.Tests.WebService.LogReaderServiceTests" name="FetchRuleLoglinesAsync_ShouldThrowFaultException_WhenSessionIsUnknown" />
    </UnitTest>
    <UnitTest name="ExtractAsync_ShouldReplaceParameters" storage="d:\actions-runner\_work\xpco\xpco\logserver\server\videoos.logserver.tests\bin\debug\videoos.logserver.tests.dll" id="7e81edc0-98c0-3051-1037-7c2397d6818d">
      <Execution id="a7bb41be-a55b-4426-9758-a06144ad1492" />
      <TestMethod codeBase="D:\actions-runner\_work\XPCO\XPCO\LogServer\Server\VideoOS.LogServer.Tests\bin\Debug\VideoOS.LogServer.Tests.dll" adapterTypeName="executor://mstestadapter/v2" className="VideoOS.LogServer.Tests.DB.ColumnParsers.AuditLogColumnParserTests" name="ExtractAsync_ShouldReplaceParameters" />
    </UnitTest>
    <UnitTest name="FetchLoglinesAsync_ShouldThrowInvalidLogTypeException_IfCalledWithAuditLoglineParameter" storage="d:\actions-runner\_work\xpco\xpco\logserver\server\videoos.logserver.tests\bin\debug\videoos.logserver.tests.dll" id="943e2f0c-a2c5-7818-775b-e40db3dfc88b">
      <Execution id="1ab213c7-6b14-49bd-bf03-dd0920cef96a" />
      <TestMethod codeBase="D:\actions-runner\_work\XPCO\XPCO\LogServer\Server\VideoOS.LogServer.Tests\bin\Debug\VideoOS.LogServer.Tests.dll" adapterTypeName="executor://mstestadapter/v2" className="VideoOS.LogServer.Tests.Readers.SystemLogReaderTests" name="FetchLoglinesAsync_ShouldThrowInvalidLogTypeException_IfCalledWithAuditLoglineParameter" />
    </UnitTest>
    <UnitTest name="StartShouldUsePeriodValueFromConfig_WhenStartingGuaranteedDeletionTimer (3,3)" storage="d:\actions-runner\_work\xpco\xpco\logserver\server\videoos.logserver.tests\bin\debug\videoos.logserver.tests.dll" id="8ef54b66-f4ff-cd9d-a72d-1d83aa210c52">
      <Execution id="a7c621b2-0de0-4022-a1df-c9ea5784752e" />
      <TestMethod codeBase="D:\actions-runner\_work\XPCO\XPCO\LogServer\Server\VideoOS.LogServer.Tests\bin\Debug\VideoOS.LogServer.Tests.dll" adapterTypeName="executor://mstestadapter/v2" className="VideoOS.LogServer.Tests.Configuration.LogConfigurationHandlerTests" name="StartShouldUsePeriodValueFromConfig_WhenStartingGuaranteedDeletionTimer" />
    </UnitTest>
    <UnitTest name="FetchAuditLoglinesAsync_ShouldNotModify_WhatAuditLogReaderProvides (True)" storage="d:\actions-runner\_work\xpco\xpco\logserver\server\videoos.logserver.tests\bin\debug\videoos.logserver.tests.dll" id="e08762d0-503a-66d0-2e75-de0a18674fda">
      <Execution id="b7f5aaee-c493-4666-9eee-37b6f1667de9" />
      <TestMethod codeBase="D:\actions-runner\_work\XPCO\XPCO\LogServer\Server\VideoOS.LogServer.Tests\bin\Debug\VideoOS.LogServer.Tests.dll" adapterTypeName="executor://mstestadapter/v2" className="VideoOS.LogServer.Tests.WebService.LogReaderServiceTests" name="FetchAuditLoglinesAsync_ShouldNotModify_WhatAuditLogReaderProvides" />
    </UnitTest>
    <UnitTest name="Get_ShouldReturnItemValue_ForKnownId" storage="d:\actions-runner\_work\xpco\xpco\logserver\server\videoos.logserver.tests\bin\debug\videoos.logserver.tests.dll" id="a9f9e3bb-433e-c350-5ed2-674fc5fabd0c">
      <Execution id="faf775e9-9263-4bbc-95b7-302346dc67dd" />
      <TestMethod codeBase="D:\actions-runner\_work\XPCO\XPCO\LogServer\Server\VideoOS.LogServer.Tests\bin\Debug\VideoOS.LogServer.Tests.dll" adapterTypeName="executor://mstestadapter/v2" className="VideoOS.LogServer.Tests.Cache.MemoryCacheWrapperTests" name="Get_ShouldReturnItemValue_ForKnownId" />
    </UnitTest>
    <UnitTest name="Constructors_ShouldNotAllowInjectionOfNulls" storage="d:\actions-runner\_work\xpco\xpco\logserver\server\videoos.logserver.tests\bin\debug\videoos.logserver.tests.dll" id="aa2fb8ce-cab7-86e3-1845-4df1cb9a3c2d">
      <Execution id="e2cbc2a4-7257-485f-be9f-b1c87517b22d" />
      <TestMethod codeBase="D:\actions-runner\_work\XPCO\XPCO\LogServer\Server\VideoOS.LogServer.Tests\bin\Debug\VideoOS.LogServer.Tests.dll" adapterTypeName="executor://mstestadapter/v2" className="VideoOS.LogServer.Tests.Configuration.LogConfigurationHandlerTests" name="Constructors_ShouldNotAllowInjectionOfNulls" />
    </UnitTest>
    <UnitTest name="Increment_ShouldCallPerformanceCounterIncrement" storage="d:\actions-runner\_work\xpco\xpco\logserver\server\videoos.logserver.tests\bin\debug\videoos.logserver.tests.dll" id="eed15939-ffcf-310c-bebd-d8744180c853">
      <Execution id="7c790ddf-f2e0-46ed-855a-1313e4a3aa66" />
      <TestMethod codeBase="D:\actions-runner\_work\XPCO\XPCO\LogServer\Server\VideoOS.LogServer.Tests\bin\Debug\VideoOS.LogServer.Tests.dll" adapterTypeName="executor://mstestadapter/v2" className="VideoOS.LogServer.Tests.PerformanceCounters.PerformanceCounterWrapperTests" name="Increment_ShouldCallPerformanceCounterIncrement" />
    </UnitTest>
    <UnitTest name="GetFilterValuesTimestampAsync_ShouldNotModify_WhatFilterValueReaderProvides" storage="d:\actions-runner\_work\xpco\xpco\logserver\server\videoos.logserver.tests\bin\debug\videoos.logserver.tests.dll" id="bc6d7cfc-cb52-ba92-1bd8-c41e7c733d5b">
      <Execution id="cfe79257-43d7-4aae-8627-56eb5761825c" />
      <TestMethod codeBase="D:\actions-runner\_work\XPCO\XPCO\LogServer\Server\VideoOS.LogServer.Tests\bin\Debug\VideoOS.LogServer.Tests.dll" adapterTypeName="executor://mstestadapter/v2" className="VideoOS.LogServer.Tests.WebService.LogReaderServiceTests" name="GetFilterValuesTimestampAsync_ShouldNotModify_WhatFilterValueReaderProvides" />
    </UnitTest>
    <UnitTest name="Start_ShouldPerformCheckForExpiredLogs_WithAppSettingsSpecifiedDelay" storage="d:\actions-runner\_work\xpco\xpco\logserver\server\videoos.logserver.tests\bin\debug\videoos.logserver.tests.dll" id="f6ab9d4a-d579-dc1a-1929-3452282f04c6">
      <Execution id="f09597ba-9ece-4305-9d5c-7512a64fc8fb" />
      <TestMethod codeBase="D:\actions-runner\_work\XPCO\XPCO\LogServer\Server\VideoOS.LogServer.Tests\bin\Debug\VideoOS.LogServer.Tests.dll" adapterTypeName="executor://mstestadapter/v2" className="VideoOS.LogServer.Tests.Configuration.LogConfigurationHandlerTests" name="Start_ShouldPerformCheckForExpiredLogs_WithAppSettingsSpecifiedDelay" />
    </UnitTest>
    <UnitTest name="ReadLogStarted_ShouldRegisterMessages" storage="d:\actions-runner\_work\xpco\xpco\logserver\server\videoos.logserver.tests\bin\debug\videoos.logserver.tests.dll" id="e3ba00bc-5adb-f0fc-8ae0-6c82b7114db8">
      <Execution id="7c1aa94b-fe3a-42b9-a905-62ba93b9e375" />
      <TestMethod codeBase="D:\actions-runner\_work\XPCO\XPCO\LogServer\Server\VideoOS.LogServer.Tests\bin\Debug\VideoOS.LogServer.Tests.dll" adapterTypeName="executor://mstestadapter/v2" className="VideoOS.LogServer.Tests.AuditLog.AuditLoggerTests" name="ReadLogStarted_ShouldRegisterMessages" />
    </UnitTest>
    <UnitTest name="GetLogsWriteTimeout_ShouldReturnIntValue_WhenConfiguredValueIsValid" storage="d:\actions-runner\_work\xpco\xpco\logserver\server\videoos.logserver.tests\bin\debug\videoos.logserver.tests.dll" id="eff2ccef-2650-b7c7-0276-9c5212c56bf2">
      <Execution id="06042cf5-7e61-48e5-b012-7d396f53c343" />
      <TestMethod codeBase="D:\actions-runner\_work\XPCO\XPCO\LogServer\Server\VideoOS.LogServer.Tests\bin\Debug\VideoOS.LogServer.Tests.dll" adapterTypeName="executor://mstestadapter/v2" className="VideoOS.LogServer.Tests.DB.TimeoutConfigurationTest" name="GetLogsWriteTimeout_ShouldReturnIntValue_WhenConfiguredValueIsValid" />
    </UnitTest>
    <UnitTest name="LogMessage_ToStorage_PropertiesAreTransferred" storage="d:\actions-runner\_work\xpco\xpco\logserver\server\videoos.logserver.tests\bin\debug\videoos.logserver.tests.dll" id="e0c38d3c-a9f1-ff9d-5a77-3424aaf56715">
      <Execution id="b42dbfef-3e2d-4985-8b13-b2b77884443a" />
      <TestMethod codeBase="D:\actions-runner\_work\XPCO\XPCO\LogServer\Server\VideoOS.LogServer.Tests\bin\Debug\VideoOS.LogServer.Tests.dll" adapterTypeName="executor://mstestadapter/v2" className="VideoOS.LogServer.Tests.Extensions.DataContractExtensionsTests" name="LogMessage_ToStorage_PropertiesAreTransferred" />
    </UnitTest>
    <UnitTest name="QueryInstanceCount_ShouldExecuteProcedureWithGivenName" storage="d:\actions-runner\_work\xpco\xpco\logserver\server\videoos.logserver.tests\bin\debug\videoos.logserver.tests.dll" id="c914f34a-d6c3-0148-c866-12cf46093edb">
      <Execution id="2bb2692f-8c5e-4c15-9099-d1af42b1cdac" />
      <TestMethod codeBase="D:\actions-runner\_work\XPCO\XPCO\LogServer\Server\VideoOS.LogServer.Tests\bin\Debug\VideoOS.LogServer.Tests.dll" adapterTypeName="executor://mstestadapter/v2" className="VideoOS.LogServer.Tests.DB.StoredProcedureQueryHandlerTests" name="QueryInstanceCount_ShouldExecuteProcedureWithGivenName" />
    </UnitTest>
    <UnitTest name="CreateDefaultLogger_ShouldUseLogManagerToGetLogger" storage="d:\actions-runner\_work\xpco\xpco\logserver\server\videoos.logserver.tests\bin\debug\videoos.logserver.tests.dll" id="a73fdf17-7e0f-43f1-ab09-1060d267b31c">
      <Execution id="556bb3c7-4351-4e85-90c0-cfd07baf82d3" />
      <TestMethod codeBase="D:\actions-runner\_work\XPCO\XPCO\LogServer\Server\VideoOS.LogServer.Tests\bin\Debug\VideoOS.LogServer.Tests.dll" adapterTypeName="executor://mstestadapter/v2" className="VideoOS.LogServer.Tests.Logging.LogFactoryTests" name="CreateDefaultLogger_ShouldUseLogManagerToGetLogger" />
    </UnitTest>
    <UnitTest name="FetchLoglinesAsync_ShouldReturnAuditLoglines" storage="d:\actions-runner\_work\xpco\xpco\logserver\server\videoos.logserver.tests\bin\debug\videoos.logserver.tests.dll" id="55a0608f-8d13-6bdb-b154-6dea375beecf">
      <Execution id="788b85c9-be12-44ac-844e-32ba402dfb1e" />
      <TestMethod codeBase="D:\actions-runner\_work\XPCO\XPCO\LogServer\Server\VideoOS.LogServer.Tests\bin\Debug\VideoOS.LogServer.Tests.dll" adapterTypeName="executor://mstestadapter/v2" className="VideoOS.LogServer.Tests.Readers.AuditLogReaderTests" name="FetchLoglinesAsync_ShouldReturnAuditLoglines" />
    </UnitTest>
    <UnitTest name="RegisterSourceTypes_ShouldPassParametersToLogWriter (False)" storage="d:\actions-runner\_work\xpco\xpco\logserver\server\videoos.logserver.tests\bin\debug\videoos.logserver.tests.dll" id="5db55629-0a21-092e-739e-5af2926f9b3e">
      <Execution id="8ec6e60e-a843-4c4e-8884-52edc6d2d76b" />
      <TestMethod codeBase="D:\actions-runner\_work\XPCO\XPCO\LogServer\Server\VideoOS.LogServer.Tests\bin\Debug\VideoOS.LogServer.Tests.dll" adapterTypeName="executor://mstestadapter/v2" className="VideoOS.LogServer.Tests.WebService.LogWriterServiceTests" name="RegisterSourceTypes_ShouldPassParametersToLogWriter" />
    </UnitTest>
    <UnitTest name="Stop_ShouldCloseAllServiceCommunications" storage="d:\actions-runner\_work\xpco\xpco\logserver\server\videoos.logserver.tests\bin\debug\videoos.logserver.tests.dll" id="316b3d85-b774-80ff-225e-2f91405af64b">
      <Execution id="d317e46b-9d7f-44e0-a83c-c0bdc0e19ce8" />
      <TestMethod codeBase="D:\actions-runner\_work\XPCO\XPCO\LogServer\Server\VideoOS.LogServer.Tests\bin\Debug\VideoOS.LogServer.Tests.dll" adapterTypeName="executor://mstestadapter/v2" className="VideoOS.LogServer.Tests.ServiceTests" name="Stop_ShouldCloseAllServiceCommunications" />
    </UnitTest>
    <UnitTest name="EndQuerySessionAsync_ShouldRemoveCachedQuerySession_WhenQuerySessionIsKnown" storage="d:\actions-runner\_work\xpco\xpco\logserver\server\videoos.logserver.tests\bin\debug\videoos.logserver.tests.dll" id="e74b3aa3-19f2-6b8f-b72a-a91f68fa6b58">
      <Execution id="2a774fc4-eae6-474d-9fea-31df57fc06b6" />
      <TestMethod codeBase="D:\actions-runner\_work\XPCO\XPCO\LogServer\Server\VideoOS.LogServer.Tests\bin\Debug\VideoOS.LogServer.Tests.dll" adapterTypeName="executor://mstestadapter/v2" className="VideoOS.LogServer.Tests.Readers.QuerySessionLogReaderTests" name="EndQuerySessionAsync_ShouldRemoveCachedQuerySession_WhenQuerySessionIsKnown" />
    </UnitTest>
    <UnitTest name="LogServerServiceNameProperty_ShouldReturnCompanyNameShortSpaceLogServerDisplayName" storage="d:\actions-runner\_work\xpco\xpco\logserver\server\videoos.logserver.tests\bin\debug\videoos.logserver.tests.dll" id="ed35b6ba-0e4e-de79-7444-85543e310409">
      <Execution id="70de86e9-2765-45c8-a2e9-2a1111221a96" />
      <TestMethod codeBase="D:\actions-runner\_work\XPCO\XPCO\LogServer\Server\VideoOS.LogServer.Tests\bin\Debug\VideoOS.LogServer.Tests.dll" adapterTypeName="executor://mstestadapter/v2" className="VideoOS.LogServer.Tests.Resources.OemResourcesTests" name="LogServerServiceNameProperty_ShouldReturnCompanyNameShortSpaceLogServerDisplayName" />
    </UnitTest>
    <UnitTest name="CommonApplicationDataFolderProperty_ShouldReturnNonemptyString" storage="d:\actions-runner\_work\xpco\xpco\logserver\server\videoos.logserver.tests\bin\debug\videoos.logserver.tests.dll" id="1e9930e6-df25-f1fc-c1bc-7280798ad83a">
      <Execution id="5041841d-fb6b-4abb-96b8-111d76fab5b1" />
      <TestMethod codeBase="D:\actions-runner\_work\XPCO\XPCO\LogServer\Server\VideoOS.LogServer.Tests\bin\Debug\VideoOS.LogServer.Tests.dll" adapterTypeName="executor://mstestadapter/v2" className="VideoOS.LogServer.Tests.Resources.OemResourcesTests" name="CommonApplicationDataFolderProperty_ShouldReturnNonemptyString" />
    </UnitTest>
    <UnitTest name="GetFilterValuesAsync_ShouldNotModify_WhatFilterValueReaderProvides (True)" storage="d:\actions-runner\_work\xpco\xpco\logserver\server\videoos.logserver.tests\bin\debug\videoos.logserver.tests.dll" id="e152907d-3f69-67ca-ed1b-d6c79f16ab25">
      <Execution id="5c09c69a-bf22-4df1-ac7e-8dec43610d0b" />
      <TestMethod codeBase="D:\actions-runner\_work\XPCO\XPCO\LogServer\Server\VideoOS.LogServer.Tests\bin\Debug\VideoOS.LogServer.Tests.dll" adapterTypeName="executor://mstestadapter/v2" className="VideoOS.LogServer.Tests.WebService.LogReaderServiceTests" name="GetFilterValuesAsync_ShouldNotModify_WhatFilterValueReaderProvides" />
    </UnitTest>
    <UnitTest name="ReadLogStarted_ShouldRegisterSourceType" storage="d:\actions-runner\_work\xpco\xpco\logserver\server\videoos.logserver.tests\bin\debug\videoos.logserver.tests.dll" id="c8caf0b8-a6ad-0ab7-d506-cf621c69f103">
      <Execution id="bc602367-fc33-4005-9673-8258a5798f0a" />
      <TestMethod codeBase="D:\actions-runner\_work\XPCO\XPCO\LogServer\Server\VideoOS.LogServer.Tests\bin\Debug\VideoOS.LogServer.Tests.dll" adapterTypeName="executor://mstestadapter/v2" className="VideoOS.LogServer.Tests.AuditLog.AuditLoggerTests" name="ReadLogStarted_ShouldRegisterSourceType" />
    </UnitTest>
    <UnitTest name="LogRetentions_ToStorage_ShouldThrowArgumentNullException_IfValueIsNull" storage="d:\actions-runner\_work\xpco\xpco\logserver\server\videoos.logserver.tests\bin\debug\videoos.logserver.tests.dll" id="553395dc-bb03-555b-488b-5938f91b85ac">
      <Execution id="dee27cff-b7eb-4a0b-ba4b-faa6101629d7" />
      <TestMethod codeBase="D:\actions-runner\_work\XPCO\XPCO\LogServer\Server\VideoOS.LogServer.Tests\bin\Debug\VideoOS.LogServer.Tests.dll" adapterTypeName="executor://mstestadapter/v2" className="VideoOS.LogServer.Tests.Extensions.DataContractExtensionsTests" name="LogRetentions_ToStorage_ShouldThrowArgumentNullException_IfValueIsNull" />
    </UnitTest>
    <UnitTest name="ExtractAsync_ShouldReplaceParameters" storage="d:\actions-runner\_work\xpco\xpco\logserver\server\videoos.logserver.tests\bin\debug\videoos.logserver.tests.dll" id="eb6434ce-42e2-9e2d-cb9f-a724e0d3ca92">
      <Execution id="682dfd52-a057-410d-894f-0534cd3e2946" />
      <TestMethod codeBase="D:\actions-runner\_work\XPCO\XPCO\LogServer\Server\VideoOS.LogServer.Tests\bin\Debug\VideoOS.LogServer.Tests.dll" adapterTypeName="executor://mstestadapter/v2" className="VideoOS.LogServer.Tests.DB.ColumnParsers.RuleLogColumnParserTests" name="ExtractAsync_ShouldReplaceParameters" />
    </UnitTest>
    <UnitTest name="LogMessageCategory_ToStorage_ShouldThrowArgumentNullException_IfValueIsNull" storage="d:\actions-runner\_work\xpco\xpco\logserver\server\videoos.logserver.tests\bin\debug\videoos.logserver.tests.dll" id="0e721204-f277-1283-5632-da19123225cd">
      <Execution id="55d784a3-8609-4fde-9663-44c0a59543a3" />
      <TestMethod codeBase="D:\actions-runner\_work\XPCO\XPCO\LogServer\Server\VideoOS.LogServer.Tests\bin\Debug\VideoOS.LogServer.Tests.dll" adapterTypeName="executor://mstestadapter/v2" className="VideoOS.LogServer.Tests.Extensions.DataContractExtensionsTests" name="LogMessageCategory_ToStorage_ShouldThrowArgumentNullException_IfValueIsNull" />
    </UnitTest>
    <UnitTest name="GetLogsReadTimeout_ShouldReturnNull_IfNoValueIsConfigured" storage="d:\actions-runner\_work\xpco\xpco\logserver\server\videoos.logserver.tests\bin\debug\videoos.logserver.tests.dll" id="41d7df4a-0629-000b-8311-bf011ae2313f">
      <Execution id="31dc4e98-6aff-407a-bb7d-79e5ae52d68d" />
      <TestMethod codeBase="D:\actions-runner\_work\XPCO\XPCO\LogServer\Server\VideoOS.LogServer.Tests\bin\Debug\VideoOS.LogServer.Tests.dll" adapterTypeName="executor://mstestadapter/v2" className="VideoOS.LogServer.Tests.DB.TimeoutConfigurationTest" name="GetLogsReadTimeout_ShouldReturnNull_IfNoValueIsConfigured" />
    </UnitTest>
    <UnitTest name="WriteLegacyLoglineAsync_ShouldIncreaseWritingFrequencyCounter" storage="d:\actions-runner\_work\xpco\xpco\logserver\server\videoos.logserver.tests\bin\debug\videoos.logserver.tests.dll" id="aa2f4fa1-f304-2f55-fe5b-f96f38564ce4">
      <Execution id="8476fd38-943a-457d-93f7-777d548f49fb" />
      <TestMethod codeBase="D:\actions-runner\_work\XPCO\XPCO\LogServer\Server\VideoOS.LogServer.Tests\bin\Debug\VideoOS.LogServer.Tests.dll" adapterTypeName="executor://mstestadapter/v2" className="VideoOS.LogServer.Tests.Writers.SqlServerLogWriterTests" name="WriteLegacyLoglineAsync_ShouldIncreaseWritingFrequencyCounter" />
    </UnitTest>
    <UnitTest name="Constructor_ShouldAddEventHandlerToModifyLogPath_OnlyWhenKeyIsFileAndLogTypeIsFilenameOrArchive (File,X,value,~/test/,value)" storage="d:\actions-runner\_work\xpco\xpco\logserver\server\videoos.logserver.tests\bin\debug\videoos.logserver.tests.dll" id="5fc17e84-80e5-347f-82bf-f4b8c35d584c">
      <Execution id="7665cd30-0f4c-43f7-8c12-0bc672223867" />
      <TestMethod codeBase="D:\actions-runner\_work\XPCO\XPCO\LogServer\Server\VideoOS.LogServer.Tests\bin\Debug\VideoOS.LogServer.Tests.dll" adapterTypeName="executor://mstestadapter/v2" className="VideoOS.LogServer.Tests.Logging.LogFactoryTests" name="Constructor_ShouldAddEventHandlerToModifyLogPath_OnlyWhenKeyIsFileAndLogTypeIsFilenameOrArchive" />
    </UnitTest>
    <UnitTest name="UpdateExpirationDatesAsync_ShouldReturnFalse_IfDeletionFails" storage="d:\actions-runner\_work\xpco\xpco\logserver\server\videoos.logserver.tests\bin\debug\videoos.logserver.tests.dll" id="2e52c2e6-863c-13fb-2355-91f921288631">
      <Execution id="3ce1542e-1e62-46a5-b23c-76ef4d038540" />
      <TestMethod codeBase="D:\actions-runner\_work\XPCO\XPCO\LogServer\Server\VideoOS.LogServer.Tests\bin\Debug\VideoOS.LogServer.Tests.dll" adapterTypeName="executor://mstestadapter/v2" className="VideoOS.LogServer.Tests.Configuration.LogCleanupHandlerTests" name="UpdateExpirationDatesAsync_ShouldReturnFalse_IfDeletionFails" />
    </UnitTest>
    <UnitTest name="QueryFilters_ToStorage_PropertiesAreTransferred" storage="d:\actions-runner\_work\xpco\xpco\logserver\server\videoos.logserver.tests\bin\debug\videoos.logserver.tests.dll" id="c13a9523-0595-8c5b-2b1c-d16391be043b">
      <Execution id="0953e879-a18c-49bb-a73f-69a06216b292" />
      <TestMethod codeBase="D:\actions-runner\_work\XPCO\XPCO\LogServer\Server\VideoOS.LogServer.Tests\bin\Debug\VideoOS.LogServer.Tests.dll" adapterTypeName="executor://mstestadapter/v2" className="VideoOS.LogServer.Tests.Extensions.DataContractExtensionsTests" name="QueryFilters_ToStorage_PropertiesAreTransferred" />
    </UnitTest>
    <UnitTest name="IncrementBy_ShouldCallPerformanceCounterIncrementBy" storage="d:\actions-runner\_work\xpco\xpco\logserver\server\videoos.logserver.tests\bin\debug\videoos.logserver.tests.dll" id="b055a2b4-2834-79b3-2886-461414c1b62e">
      <Execution id="4d749615-c0ce-4681-b2fa-db67b642d9f4" />
      <TestMethod codeBase="D:\actions-runner\_work\XPCO\XPCO\LogServer\Server\VideoOS.LogServer.Tests\bin\Debug\VideoOS.LogServer.Tests.dll" adapterTypeName="executor://mstestadapter/v2" className="VideoOS.LogServer.Tests.PerformanceCounters.PerformanceCounterWrapperTests" name="IncrementBy_ShouldCallPerformanceCounterIncrementBy" />
    </UnitTest>
    <UnitTest name="Constructors_ShouldNotAllowInjectionOfNulls" storage="d:\actions-runner\_work\xpco\xpco\logserver\server\videoos.logserver.tests\bin\debug\videoos.logserver.tests.dll" id="7c92f7d2-750f-6fb3-35f0-07a2f2ea94a0">
      <Execution id="a399ab05-dba5-4ca4-81ef-f93e5c032245" />
      <TestMethod codeBase="D:\actions-runner\_work\XPCO\XPCO\LogServer\Server\VideoOS.LogServer.Tests\bin\Debug\VideoOS.LogServer.Tests.dll" adapterTypeName="executor://mstestadapter/v2" className="VideoOS.LogServer.Tests.AuditLog.AuditLoggerTests" name="Constructors_ShouldNotAllowInjectionOfNulls" />
    </UnitTest>
    <UnitTest name="GetLogRetentionsAsync_ShouldValidateUser_WithAction" storage="d:\actions-runner\_work\xpco\xpco\logserver\server\videoos.logserver.tests\bin\debug\videoos.logserver.tests.dll" id="471a0c29-86d4-0274-e84d-7a9540515c1f">
      <Execution id="3ac8a5cc-dcca-478f-9e0b-efb3fd321f33" />
      <TestMethod codeBase="D:\actions-runner\_work\XPCO\XPCO\LogServer\Server\VideoOS.LogServer.Tests\bin\Debug\VideoOS.LogServer.Tests.dll" adapterTypeName="executor://mstestadapter/v2" className="VideoOS.LogServer.Tests.WebService.LogRetentionServiceTests" name="GetLogRetentionsAsync_ShouldValidateUser_WithAction" />
    </UnitTest>
    <UnitTest name="QueryWithParameters_ShouldNotSetCommandTimeout_WhenATimeoutIsNotSpecified" storage="d:\actions-runner\_work\xpco\xpco\logserver\server\videoos.logserver.tests\bin\debug\videoos.logserver.tests.dll" id="55cb4b4b-24f7-b469-407f-6f678f27f86a">
      <Execution id="37498f2e-9d9f-49dd-9dde-bec916f59918" />
      <TestMethod codeBase="D:\actions-runner\_work\XPCO\XPCO\LogServer\Server\VideoOS.LogServer.Tests\bin\Debug\VideoOS.LogServer.Tests.dll" adapterTypeName="executor://mstestadapter/v2" className="VideoOS.LogServer.Tests.DB.StoredProcedureQueryHandlerTests" name="QueryWithParameters_ShouldNotSetCommandTimeout_WhenATimeoutIsNotSpecified" />
    </UnitTest>
    <UnitTest name="FetchLoglinesAsync_ShouldThrowInvalidLogTypeException_IfCalledWithAuditLoglineParameter" storage="d:\actions-runner\_work\xpco\xpco\logserver\server\videoos.logserver.tests\bin\debug\videoos.logserver.tests.dll" id="85149784-22e1-7b52-2013-f8a168237ee4">
      <Execution id="48ba7c9a-2884-4dba-883c-5d04b95214ee" />
      <TestMethod codeBase="D:\actions-runner\_work\XPCO\XPCO\LogServer\Server\VideoOS.LogServer.Tests\bin\Debug\VideoOS.LogServer.Tests.dll" adapterTypeName="executor://mstestadapter/v2" className="VideoOS.LogServer.Tests.Readers.RuleLogReaderTests" name="FetchLoglinesAsync_ShouldThrowInvalidLogTypeException_IfCalledWithAuditLoglineParameter" />
    </UnitTest>
    <UnitTest name="Dispose_ShouldDisposeTimer" storage="d:\actions-runner\_work\xpco\xpco\logserver\server\videoos.logserver.tests\bin\debug\videoos.logserver.tests.dll" id="4d0f2489-9d84-33a3-5b67-62d70ee6015e">
      <Execution id="c123c915-f4a6-4335-b962-72e1cef43108" />
      <TestMethod codeBase="D:\actions-runner\_work\XPCO\XPCO\LogServer\Server\VideoOS.LogServer.Tests\bin\Debug\VideoOS.LogServer.Tests.dll" adapterTypeName="executor://mstestadapter/v2" className="VideoOS.LogServer.Tests.Configuration.LogConfigurationHandlerTests" name="Dispose_ShouldDisposeTimer" />
    </UnitTest>
    <UnitTest name="LogRetentions_ToStorage_PropertiesAreTransferred" storage="d:\actions-runner\_work\xpco\xpco\logserver\server\videoos.logserver.tests\bin\debug\videoos.logserver.tests.dll" id="b8848f78-e431-d152-97ed-aff7460a0c3b">
      <Execution id="acffb0be-006d-4c67-bd77-10805a7ca76c" />
      <TestMethod codeBase="D:\actions-runner\_work\XPCO\XPCO\LogServer\Server\VideoOS.LogServer.Tests\bin\Debug\VideoOS.LogServer.Tests.dll" adapterTypeName="executor://mstestadapter/v2" className="VideoOS.LogServer.Tests.Extensions.DataContractExtensionsTests" name="LogRetentions_ToStorage_PropertiesAreTransferred" />
    </UnitTest>
    <UnitTest name="Constructors_ShouldNotAllowInjectionOfNulls" storage="d:\actions-runner\_work\xpco\xpco\logserver\server\videoos.logserver.tests\bin\debug\videoos.logserver.tests.dll" id="cf38e776-71ee-984e-0a9c-7c7875e54549">
      <Execution id="e7243a80-3a2c-42bc-b9a3-13001212fdf9" />
      <TestMethod codeBase="D:\actions-runner\_work\XPCO\XPCO\LogServer\Server\VideoOS.LogServer.Tests\bin\Debug\VideoOS.LogServer.Tests.dll" adapterTypeName="executor://mstestadapter/v2" className="VideoOS.LogServer.Tests.Configuration.LogConfigurationTests" name="Constructors_ShouldNotAllowInjectionOfNulls" />
    </UnitTest>
    <UnitTest name="UpdateLogRetentionsAsync_ShouldValidateUser_WithAction" storage="d:\actions-runner\_work\xpco\xpco\logserver\server\videoos.logserver.tests\bin\debug\videoos.logserver.tests.dll" id="5b8cb0cc-991a-8d88-b28b-30f30391b7ee">
      <Execution id="1bb2375a-6b0d-40e7-9400-58d31a1fe638" />
      <TestMethod codeBase="D:\actions-runner\_work\XPCO\XPCO\LogServer\Server\VideoOS.LogServer.Tests\bin\Debug\VideoOS.LogServer.Tests.dll" adapterTypeName="executor://mstestadapter/v2" className="VideoOS.LogServer.Tests.WebService.LogRetentionServiceTests" name="UpdateLogRetentionsAsync_ShouldValidateUser_WithAction" />
    </UnitTest>
    <UnitTest name="LoadAsync_ShouldSetSystemLogRetention" storage="d:\actions-runner\_work\xpco\xpco\logserver\server\videoos.logserver.tests\bin\debug\videoos.logserver.tests.dll" id="c4518886-96b4-4ca3-17d4-3e626078fabd">
      <Execution id="b4f0448d-4073-4ae5-8649-75cf383e49d7" />
      <TestMethod codeBase="D:\actions-runner\_work\XPCO\XPCO\LogServer\Server\VideoOS.LogServer.Tests\bin\Debug\VideoOS.LogServer.Tests.dll" adapterTypeName="executor://mstestadapter/v2" className="VideoOS.LogServer.Tests.Configuration.LogConfigurationTests" name="LoadAsync_ShouldSetSystemLogRetention" />
    </UnitTest>
    <UnitTest name="LogMessageCategory_ToStorage_PropertiesAreTransferred" storage="d:\actions-runner\_work\xpco\xpco\logserver\server\videoos.logserver.tests\bin\debug\videoos.logserver.tests.dll" id="5188e0f4-7b43-a7a7-9af4-9615345ef5dc">
      <Execution id="803df67d-3c92-4745-803b-8241f4d253c0" />
      <TestMethod codeBase="D:\actions-runner\_work\XPCO\XPCO\LogServer\Server\VideoOS.LogServer.Tests\bin\Debug\VideoOS.LogServer.Tests.dll" adapterTypeName="executor://mstestadapter/v2" className="VideoOS.LogServer.Tests.Extensions.DataContractExtensionsTests" name="LogMessageCategory_ToStorage_PropertiesAreTransferred" />
    </UnitTest>
    <UnitTest name="OemResource_ShouldThrowArgumentNullException_WhenArgumentIsNull" storage="d:\actions-runner\_work\xpco\xpco\logserver\server\videoos.logserver.tests\bin\debug\videoos.logserver.tests.dll" id="4fe139b8-f81b-8dad-3915-fb4e2e0fd0c9">
      <Execution id="6e636609-3782-4c7e-9cf3-e76b2521282e" />
      <TestMethod codeBase="D:\actions-runner\_work\XPCO\XPCO\LogServer\Server\VideoOS.LogServer.Tests\bin\Debug\VideoOS.LogServer.Tests.dll" adapterTypeName="executor://mstestadapter/v2" className="VideoOS.LogServer.Tests.Resources.OemResourcesTests" name="OemResource_ShouldThrowArgumentNullException_WhenArgumentIsNull" />
    </UnitTest>
    <UnitTest name="UpdateRetentionsAsync_ShouldLoadRetentions_IfNotAlreadyLoaded" storage="d:\actions-runner\_work\xpco\xpco\logserver\server\videoos.logserver.tests\bin\debug\videoos.logserver.tests.dll" id="1eaa3911-d375-d2a3-a9ce-14bc46f454ff">
      <Execution id="fe6d7eee-4695-4033-8ee6-e53e33f18d2d" />
      <TestMethod codeBase="D:\actions-runner\_work\XPCO\XPCO\LogServer\Server\VideoOS.LogServer.Tests\bin\Debug\VideoOS.LogServer.Tests.dll" adapterTypeName="executor://mstestadapter/v2" className="VideoOS.LogServer.Tests.Configuration.LogConfigurationTests" name="UpdateRetentionsAsync_ShouldLoadRetentions_IfNotAlreadyLoaded" />
    </UnitTest>
    <UnitTest name="LoadAsync_ShouldUseCachedValuesForRetention_WhenCalledSecondTime" storage="d:\actions-runner\_work\xpco\xpco\logserver\server\videoos.logserver.tests\bin\debug\videoos.logserver.tests.dll" id="e3a96d4b-d363-d4b8-dd89-641e33983249">
      <Execution id="4bbb74d1-5d44-4ba2-af19-cab5e09dd278" />
      <TestMethod codeBase="D:\actions-runner\_work\XPCO\XPCO\LogServer\Server\VideoOS.LogServer.Tests\bin\Debug\VideoOS.LogServer.Tests.dll" adapterTypeName="executor://mstestadapter/v2" className="VideoOS.LogServer.Tests.Configuration.LogConfigurationTests" name="LoadAsync_ShouldUseCachedValuesForRetention_WhenCalledSecondTime" />
    </UnitTest>
    <UnitTest name="ExecuteGuaranteedDeletion_ShouldUpdateLastGuaranteedDeletionTimestamp_WhenExecutionSuccessful" storage="d:\actions-runner\_work\xpco\xpco\logserver\server\videoos.logserver.tests\bin\debug\videoos.logserver.tests.dll" id="aaea86df-0d0c-d8a7-d4f9-4994d6d91722">
      <Execution id="d0784142-f2c4-4281-b577-0242a56f7bbc" />
      <TestMethod codeBase="D:\actions-runner\_work\XPCO\XPCO\LogServer\Server\VideoOS.LogServer.Tests\bin\Debug\VideoOS.LogServer.Tests.dll" adapterTypeName="executor://mstestadapter/v2" className="VideoOS.LogServer.Tests.Configuration.LogConfigurationHandlerTests" name="ExecuteGuaranteedDeletion_ShouldUpdateLastGuaranteedDeletionTimestamp_WhenExecutionSuccessful" />
    </UnitTest>
    <UnitTest name="CreateLogWriter_ShouldCreateAnInstanceOfSqlServerLogWriter" storage="d:\actions-runner\_work\xpco\xpco\logserver\server\videoos.logserver.tests\bin\debug\videoos.logserver.tests.dll" id="d8396111-7662-0714-d2b4-b09fefb77529">
      <Execution id="7a3e32df-0b8f-4203-99db-6148624be67a" />
      <TestMethod codeBase="D:\actions-runner\_work\XPCO\XPCO\LogServer\Server\VideoOS.LogServer.Tests\bin\Debug\VideoOS.LogServer.Tests.dll" adapterTypeName="executor://mstestadapter/v2" className="VideoOS.LogServer.Tests.Storage.SqlServerFactoryTests" name="CreateLogWriter_ShouldCreateAnInstanceOfSqlServerLogWriter" />
    </UnitTest>
    <UnitTest name="ExecuteGuaranteedDeletionShouldRescheduleTimer_WhenFirstRemoveExpiredAsyncFails_WithCorrectPeriod" storage="d:\actions-runner\_work\xpco\xpco\logserver\server\videoos.logserver.tests\bin\debug\videoos.logserver.tests.dll" id="0bc23585-fa65-a6ca-e28c-80585ee94be9">
      <Execution id="aa49ac8a-2bca-4805-bbee-2ddde6e9d1a5" />
      <TestMethod codeBase="D:\actions-runner\_work\XPCO\XPCO\LogServer\Server\VideoOS.LogServer.Tests\bin\Debug\VideoOS.LogServer.Tests.dll" adapterTypeName="executor://mstestadapter/v2" className="VideoOS.LogServer.Tests.Configuration.LogConfigurationHandlerTests" name="ExecuteGuaranteedDeletionShouldRescheduleTimer_WhenFirstRemoveExpiredAsyncFails_WithCorrectPeriod" />
    </UnitTest>
    <UnitTest name="LoadAsync_ShouldSetGuaranteedDeletionTimestamp" storage="d:\actions-runner\_work\xpco\xpco\logserver\server\videoos.logserver.tests\bin\debug\videoos.logserver.tests.dll" id="63177222-c257-3243-2f59-3b5d93a22579">
      <Execution id="cf91c68e-14e1-4faf-ac7f-ec9e678ceb49" />
      <TestMethod codeBase="D:\actions-runner\_work\XPCO\XPCO\LogServer\Server\VideoOS.LogServer.Tests\bin\Debug\VideoOS.LogServer.Tests.dll" adapterTypeName="executor://mstestadapter/v2" className="VideoOS.LogServer.Tests.Configuration.LogConfigurationTests" name="LoadAsync_ShouldSetGuaranteedDeletionTimestamp" />
    </UnitTest>
    <UnitTest name="Set_ShouldOverwriteCachedValue_ForKnownId" storage="d:\actions-runner\_work\xpco\xpco\logserver\server\videoos.logserver.tests\bin\debug\videoos.logserver.tests.dll" id="aa5fdb42-6163-3cac-f313-8b68e7bf0b72">
      <Execution id="f2728fda-eb43-4210-8761-56f6ef964761" />
      <TestMethod codeBase="D:\actions-runner\_work\XPCO\XPCO\LogServer\Server\VideoOS.LogServer.Tests\bin\Debug\VideoOS.LogServer.Tests.dll" adapterTypeName="executor://mstestadapter/v2" className="VideoOS.LogServer.Tests.Cache.MemoryCacheWrapperTests" name="Set_ShouldOverwriteCachedValue_ForKnownId" />
    </UnitTest>
    <UnitTest name="LogMessage_ToStorage_ShouldThrowArgumentNullException_IfValueIsNull" storage="d:\actions-runner\_work\xpco\xpco\logserver\server\videoos.logserver.tests\bin\debug\videoos.logserver.tests.dll" id="56696622-b5e5-b790-e230-d1b455492afb">
      <Execution id="64db6a95-fa24-49c1-8be7-e76a5c81da7a" />
      <TestMethod codeBase="D:\actions-runner\_work\XPCO\XPCO\LogServer\Server\VideoOS.LogServer.Tests\bin\Debug\VideoOS.LogServer.Tests.dll" adapterTypeName="executor://mstestadapter/v2" className="VideoOS.LogServer.Tests.Extensions.DataContractExtensionsTests" name="LogMessage_ToStorage_ShouldThrowArgumentNullException_IfValueIsNull" />
    </UnitTest>
    <UnitTest name="RegisterLogMessages_ShouldPassParametersToLogWriter (False)" storage="d:\actions-runner\_work\xpco\xpco\logserver\server\videoos.logserver.tests\bin\debug\videoos.logserver.tests.dll" id="1ce32296-e7d9-6827-d72c-bed461602764">
      <Execution id="ae4b91a8-2615-4242-a031-c66ed2f5f39e" />
      <TestMethod codeBase="D:\actions-runner\_work\XPCO\XPCO\LogServer\Server\VideoOS.LogServer.Tests\bin\Debug\VideoOS.LogServer.Tests.dll" adapterTypeName="executor://mstestadapter/v2" className="VideoOS.LogServer.Tests.WebService.LogWriterServiceTests" name="RegisterLogMessages_ShouldPassParametersToLogWriter" />
    </UnitTest>
    <UnitTest name="StartService_ShouldSetStatusTextToStarted_OnceServiceIsUpAndRunning" storage="d:\actions-runner\_work\xpco\xpco\logserver\server\videoos.logserver.tests\bin\debug\videoos.logserver.tests.dll" id="2fb6e8aa-2eaa-4b12-09c9-b2f35cc72765">
      <Execution id="033cb58b-139d-4f3a-afc2-7ec45c24a4d7" />
      <TestMethod codeBase="D:\actions-runner\_work\XPCO\XPCO\LogServer\Server\VideoOS.LogServer.Tests\bin\Debug\VideoOS.LogServer.Tests.dll" adapterTypeName="executor://mstestadapter/v2" className="VideoOS.LogServer.Tests.UI.ServiceWindowViewModelTests" name="StartService_ShouldSetStatusTextToStarted_OnceServiceIsUpAndRunning" />
    </UnitTest>
    <UnitTest name="LoadConfigurationAsync_ShouldLoadLogRetentionConfiguration" storage="d:\actions-runner\_work\xpco\xpco\logserver\server\videoos.logserver.tests\bin\debug\videoos.logserver.tests.dll" id="7547e2f0-a27a-ad11-8e1c-5f9423a18546">
      <Execution id="13339732-8d81-45bb-bd62-918c41f53379" />
      <TestMethod codeBase="D:\actions-runner\_work\XPCO\XPCO\LogServer\Server\VideoOS.LogServer.Tests\bin\Debug\VideoOS.LogServer.Tests.dll" adapterTypeName="executor://mstestadapter/v2" className="VideoOS.LogServer.Tests.Configuration.LogConfigurationHandlerTests" name="LoadConfigurationAsync_ShouldLoadLogRetentionConfiguration" />
    </UnitTest>
    <UnitTest name="FetchSystemLoglinesAsync_ShouldThrowFaultException_WhenSessionIsUnknown" storage="d:\actions-runner\_work\xpco\xpco\logserver\server\videoos.logserver.tests\bin\debug\videoos.logserver.tests.dll" id="3351f5e9-cdac-da2d-bb1d-2add348898aa">
      <Execution id="6e057cfa-7166-4eb5-8c4d-dac22c4f665f" />
      <TestMethod codeBase="D:\actions-runner\_work\XPCO\XPCO\LogServer\Server\VideoOS.LogServer.Tests\bin\Debug\VideoOS.LogServer.Tests.dll" adapterTypeName="executor://mstestadapter/v2" className="VideoOS.LogServer.Tests.WebService.LogReaderServiceTests" name="FetchSystemLoglinesAsync_ShouldThrowFaultException_WhenSessionIsUnknown" />
    </UnitTest>
    <UnitTest name="LoadAsync_ShouldSetAnonymousLogging" storage="d:\actions-runner\_work\xpco\xpco\logserver\server\videoos.logserver.tests\bin\debug\videoos.logserver.tests.dll" id="a4711565-c39e-01d4-d39b-fc6ccc993f1c">
      <Execution id="02c5be5a-a39c-48b6-b081-bc1f4856d32b" />
      <TestMethod codeBase="D:\actions-runner\_work\XPCO\XPCO\LogServer\Server\VideoOS.LogServer.Tests\bin\Debug\VideoOS.LogServer.Tests.dll" adapterTypeName="executor://mstestadapter/v2" className="VideoOS.LogServer.Tests.Configuration.LogConfigurationTests" name="LoadAsync_ShouldSetAnonymousLogging" />
    </UnitTest>
    <UnitTest name="ReplaceParameter_ShouldReplaceParameterIfFound" storage="d:\actions-runner\_work\xpco\xpco\logserver\server\videoos.logserver.tests\bin\debug\videoos.logserver.tests.dll" id="582aee11-df26-12ed-7724-adef6f5ccabb">
      <Execution id="abd4c7f8-a699-4b33-b088-3d55d0c69f0a" />
      <TestMethod codeBase="D:\actions-runner\_work\XPCO\XPCO\LogServer\Server\VideoOS.LogServer.Tests\bin\Debug\VideoOS.LogServer.Tests.dll" adapterTypeName="executor://mstestadapter/v2" className="VideoOS.LogServer.Tests.Extensions.StringExtensionsTests" name="ReplaceParameter_ShouldReplaceParameterIfFound" />
    </UnitTest>
    <UnitTest name="FetchRuleLoglinesAsync_ShouldNotModify_WhatRuleLogReaderProvides (False)" storage="d:\actions-runner\_work\xpco\xpco\logserver\server\videoos.logserver.tests\bin\debug\videoos.logserver.tests.dll" id="81416636-ae21-0fe9-fa1b-1c1f2587f04a">
      <Execution id="c48eade4-87ca-445c-bd4d-0cfe7694b9fe" />
      <TestMethod codeBase="D:\actions-runner\_work\XPCO\XPCO\LogServer\Server\VideoOS.LogServer.Tests\bin\Debug\VideoOS.LogServer.Tests.dll" adapterTypeName="executor://mstestadapter/v2" className="VideoOS.LogServer.Tests.WebService.LogReaderServiceTests" name="FetchRuleLoglinesAsync_ShouldNotModify_WhatRuleLogReaderProvides" />
    </UnitTest>
    <UnitTest name="UpdateAnonymousLoggingAsync_ShouldUpdateAnonymousLoggingInConfiguration" storage="d:\actions-runner\_work\xpco\xpco\logserver\server\videoos.logserver.tests\bin\debug\videoos.logserver.tests.dll" id="f079971a-4d79-a080-8093-06198478cda6">
      <Execution id="12509420-d896-4773-82c1-3173aab4d9a0" />
      <TestMethod codeBase="D:\actions-runner\_work\XPCO\XPCO\LogServer\Server\VideoOS.LogServer.Tests\bin\Debug\VideoOS.LogServer.Tests.dll" adapterTypeName="executor://mstestadapter/v2" className="VideoOS.LogServer.Tests.Configuration.LogConfigurationHandlerTests" name="UpdateAnonymousLoggingAsync_ShouldUpdateAnonymousLoggingInConfiguration" />
    </UnitTest>
    <UnitTest name="Constructors_ShouldNotAllowInjectionOfNulls" storage="d:\actions-runner\_work\xpco\xpco\logserver\server\videoos.logserver.tests\bin\debug\videoos.logserver.tests.dll" id="486f415c-3ba1-957b-777c-0f50023bdae5">
      <Execution id="c813adfc-4b7a-4fa0-ada8-a081f1297dfe" />
      <TestMethod codeBase="D:\actions-runner\_work\XPCO\XPCO\LogServer\Server\VideoOS.LogServer.Tests\bin\Debug\VideoOS.LogServer.Tests.dll" adapterTypeName="executor://mstestadapter/v2" className="VideoOS.LogServer.Tests.Storage.SqlServerFactoryTests" name="Constructors_ShouldNotAllowInjectionOfNulls" />
    </UnitTest>
    <UnitTest name="ToLogMessages_ShouldTransformEntriesToLogMessages_WithCorrectCulture" storage="d:\actions-runner\_work\xpco\xpco\logserver\server\videoos.logserver.tests\bin\debug\videoos.logserver.tests.dll" id="8cb478d3-f744-d4b7-5077-671009e6d428">
      <Execution id="abf7cae0-7db4-4a16-bf00-52f7153df309" />
      <TestMethod codeBase="D:\actions-runner\_work\XPCO\XPCO\LogServer\Server\VideoOS.LogServer.Tests\bin\Debug\VideoOS.LogServer.Tests.dll" adapterTypeName="executor://mstestadapter/v2" className="VideoOS.LogServer.Tests.Extensions.LegacyMessageXmlExtensionsTests" name="ToLogMessages_ShouldTransformEntriesToLogMessages_WithCorrectCulture" />
    </UnitTest>
    <UnitTest name="LoadAsync_ShouldUseCachedValuesForConfiguration_WhenCalledSecondTime" storage="d:\actions-runner\_work\xpco\xpco\logserver\server\videoos.logserver.tests\bin\debug\videoos.logserver.tests.dll" id="307c719f-30cf-7d90-9f76-a6cd3ef5924b">
      <Execution id="548e3a4c-541e-45fb-a347-14fc5cfebd0f" />
      <TestMethod codeBase="D:\actions-runner\_work\XPCO\XPCO\LogServer\Server\VideoOS.LogServer.Tests\bin\Debug\VideoOS.LogServer.Tests.dll" adapterTypeName="executor://mstestadapter/v2" className="VideoOS.LogServer.Tests.Configuration.LogConfigurationTests" name="LoadAsync_ShouldUseCachedValuesForConfiguration_WhenCalledSecondTime" />
    </UnitTest>
    <UnitTest name="ToLogMessages_ShouldTransformEntriesToLogMessages_WithCorrectLogType" storage="d:\actions-runner\_work\xpco\xpco\logserver\server\videoos.logserver.tests\bin\debug\videoos.logserver.tests.dll" id="5a1a84db-7006-9963-4753-4851c53b4910">
      <Execution id="92ebff7f-f130-4d26-84d3-fd85b08f9cbe" />
      <TestMethod codeBase="D:\actions-runner\_work\XPCO\XPCO\LogServer\Server\VideoOS.LogServer.Tests\bin\Debug\VideoOS.LogServer.Tests.dll" adapterTypeName="executor://mstestadapter/v2" className="VideoOS.LogServer.Tests.Extensions.LegacyMessageXmlExtensionsTests" name="ToLogMessages_ShouldTransformEntriesToLogMessages_WithCorrectLogType" />
    </UnitTest>
    <UnitTest name="Start_ShouldLogStartedMessage" storage="d:\actions-runner\_work\xpco\xpco\logserver\server\videoos.logserver.tests\bin\debug\videoos.logserver.tests.dll" id="7bd295c4-7050-79ba-455e-7999ded93129">
      <Execution id="677d5bd7-027d-41da-b030-82cad7556b0e" />
      <TestMethod codeBase="D:\actions-runner\_work\XPCO\XPCO\LogServer\Server\VideoOS.LogServer.Tests\bin\Debug\VideoOS.LogServer.Tests.dll" adapterTypeName="executor://mstestadapter/v2" className="VideoOS.LogServer.Tests.ServiceTests" name="Start_ShouldLogStartedMessage" />
    </UnitTest>
    <UnitTest name="Constructors_ShouldNotAllowInjectionOfNulls" storage="d:\actions-runner\_work\xpco\xpco\logserver\server\videoos.logserver.tests\bin\debug\videoos.logserver.tests.dll" id="842c86a1-ecb7-268a-9f84-8ca2e7464f0e">
      <Execution id="528a5fc1-826f-42d6-867b-52d8bdd3de5b" />
      <TestMethod codeBase="D:\actions-runner\_work\XPCO\XPCO\LogServer\Server\VideoOS.LogServer.Tests\bin\Debug\VideoOS.LogServer.Tests.dll" adapterTypeName="executor://mstestadapter/v2" className="VideoOS.LogServer.Tests.Configuration.LogCleanupHandlerTests" name="Constructors_ShouldNotAllowInjectionOfNulls" />
    </UnitTest>
    <UnitTest name="ExtractLogMessageCategories_ShouldExtract_WithCorrectId" storage="d:\actions-runner\_work\xpco\xpco\logserver\server\videoos.logserver.tests\bin\debug\videoos.logserver.tests.dll" id="68e281b9-9a49-3611-3114-3d9c71e194e5">
      <Execution id="21ac3f47-20bc-4532-9e12-bc458c7a4331" />
      <TestMethod codeBase="D:\actions-runner\_work\XPCO\XPCO\LogServer\Server\VideoOS.LogServer.Tests\bin\Debug\VideoOS.LogServer.Tests.dll" adapterTypeName="executor://mstestadapter/v2" className="VideoOS.LogServer.Tests.Extensions.LegacyMessageXmlExtensionsTests" name="ExtractLogMessageCategories_ShouldExtract_WithCorrectId" />
    </UnitTest>
    <UnitTest name="LogMessageSourceType_ToStorage_PropertiesAreTransferred" storage="d:\actions-runner\_work\xpco\xpco\logserver\server\videoos.logserver.tests\bin\debug\videoos.logserver.tests.dll" id="60b6538b-8aa3-6bd5-f8a1-fd661ad27c0e">
      <Execution id="4d377525-7320-4f0f-b274-bc37d5d1e04a" />
      <TestMethod codeBase="D:\actions-runner\_work\XPCO\XPCO\LogServer\Server\VideoOS.LogServer.Tests\bin\Debug\VideoOS.LogServer.Tests.dll" adapterTypeName="executor://mstestadapter/v2" className="VideoOS.LogServer.Tests.Extensions.DataContractExtensionsTests" name="LogMessageSourceType_ToStorage_PropertiesAreTransferred" />
    </UnitTest>
    <UnitTest name="EndQuerySessionAsync_ShouldTerminateSession_WithProvidedQuerySessionId (True)" storage="d:\actions-runner\_work\xpco\xpco\logserver\server\videoos.logserver.tests\bin\debug\videoos.logserver.tests.dll" id="35a417d9-e7fe-01c4-bcf3-a18f85f83168">
      <Execution id="b32d10ed-6267-4366-961b-22095dbb0d53" />
      <TestMethod codeBase="D:\actions-runner\_work\XPCO\XPCO\LogServer\Server\VideoOS.LogServer.Tests\bin\Debug\VideoOS.LogServer.Tests.dll" adapterTypeName="executor://mstestadapter/v2" className="VideoOS.LogServer.Tests.WebService.LogReaderServiceTests" name="EndQuerySessionAsync_ShouldTerminateSession_WithProvidedQuerySessionId" />
    </UnitTest>
    <UnitTest name="FetchAuditLoglinesAsync_ShouldNotModify_WhatAuditLogReaderProvides (False)" storage="d:\actions-runner\_work\xpco\xpco\logserver\server\videoos.logserver.tests\bin\debug\videoos.logserver.tests.dll" id="b90272c4-28cc-f78f-c86d-730ccea5a8c7">
      <Execution id="82a4e7bc-ea0f-4d39-a57e-b451fb9373e3" />
      <TestMethod codeBase="D:\actions-runner\_work\XPCO\XPCO\LogServer\Server\VideoOS.LogServer.Tests\bin\Debug\VideoOS.LogServer.Tests.dll" adapterTypeName="executor://mstestadapter/v2" className="VideoOS.LogServer.Tests.WebService.LogReaderServiceTests" name="FetchAuditLoglinesAsync_ShouldNotModify_WhatAuditLogReaderProvides" />
    </UnitTest>
    <UnitTest name="QueryInstanceCount_ShouldExecuteProcedureWithGivenParameters" storage="d:\actions-runner\_work\xpco\xpco\logserver\server\videoos.logserver.tests\bin\debug\videoos.logserver.tests.dll" id="d9cef8c8-00c4-6a94-c81e-31ea6d3b548d">
      <Execution id="6f139ee0-1896-498f-9a1e-af3a8ce06d88" />
      <TestMethod codeBase="D:\actions-runner\_work\XPCO\XPCO\LogServer\Server\VideoOS.LogServer.Tests\bin\Debug\VideoOS.LogServer.Tests.dll" adapterTypeName="executor://mstestadapter/v2" className="VideoOS.LogServer.Tests.DB.StoredProcedureQueryHandlerTests" name="QueryInstanceCount_ShouldExecuteProcedureWithGivenParameters" />
    </UnitTest>
    <UnitTest name="QueryFilters_ToStorage_ShouldThrowArgumentNullException_IfValueIsNull" storage="d:\actions-runner\_work\xpco\xpco\logserver\server\videoos.logserver.tests\bin\debug\videoos.logserver.tests.dll" id="1f8d7007-ecd8-fb58-342a-54b2bcf0707f">
      <Execution id="bab23b43-ffb9-4ad8-8bfe-562d23c7ee31" />
      <TestMethod codeBase="D:\actions-runner\_work\XPCO\XPCO\LogServer\Server\VideoOS.LogServer.Tests\bin\Debug\VideoOS.LogServer.Tests.dll" adapterTypeName="executor://mstestadapter/v2" className="VideoOS.LogServer.Tests.Extensions.DataContractExtensionsTests" name="QueryFilters_ToStorage_ShouldThrowArgumentNullException_IfValueIsNull" />
    </UnitTest>
    <UnitTest name="PerformDeletionIfDue_ShouldCall_UpdateLastGuaranteedDeletionAsync_Correctly (11/11/2023 00:00:00,11/01/2023 00:00:00,3,True)" storage="d:\actions-runner\_work\xpco\xpco\logserver\server\videoos.logserver.tests\bin\debug\videoos.logserver.tests.dll" id="c4161db0-d4b3-9385-7583-e8fb2cab9691">
      <Execution id="89eee8f8-ae39-49b6-bcb9-ceda9a304c2e" />
      <TestMethod codeBase="D:\actions-runner\_work\XPCO\XPCO\LogServer\Server\VideoOS.LogServer.Tests\bin\Debug\VideoOS.LogServer.Tests.dll" adapterTypeName="executor://mstestadapter/v2" className="VideoOS.LogServer.Tests.Configuration.LogConfigurationHandlerTests" name="PerformDeletionIfDue_ShouldCall_UpdateLastGuaranteedDeletionAsync_Correctly" />
    </UnitTest>
    <UnitTest name="CreateLogReader_ShouldCreateSystemLogReader_WhenSystemLogTypeIsProvided" storage="d:\actions-runner\_work\xpco\xpco\logserver\server\videoos.logserver.tests\bin\debug\videoos.logserver.tests.dll" id="cd5c0b91-28eb-4ef8-3860-86dc1f965d32">
      <Execution id="726b7530-b7e7-4654-a218-8451781116bb" />
      <TestMethod codeBase="D:\actions-runner\_work\XPCO\XPCO\LogServer\Server\VideoOS.LogServer.Tests\bin\Debug\VideoOS.LogServer.Tests.dll" adapterTypeName="executor://mstestadapter/v2" className="VideoOS.LogServer.Tests.Storage.SqlServerFactoryTests" name="CreateLogReader_ShouldCreateSystemLogReader_WhenSystemLogTypeIsProvided" />
    </UnitTest>
    <UnitTest name="ExtractLogMessageCategories_ShouldExtract_WithCorrectLanguageCode" storage="d:\actions-runner\_work\xpco\xpco\logserver\server\videoos.logserver.tests\bin\debug\videoos.logserver.tests.dll" id="74035522-8f62-d593-ff80-df7415d7973b">
      <Execution id="48e8fbbb-7cf3-421a-a886-8b9916130822" />
      <TestMethod codeBase="D:\actions-runner\_work\XPCO\XPCO\LogServer\Server\VideoOS.LogServer.Tests\bin\Debug\VideoOS.LogServer.Tests.dll" adapterTypeName="executor://mstestadapter/v2" className="VideoOS.LogServer.Tests.Extensions.LegacyMessageXmlExtensionsTests" name="ExtractLogMessageCategories_ShouldExtract_WithCorrectLanguageCode" />
    </UnitTest>
    <UnitTest name="GetLogRetentionsAsync_ShouldReturnRetentionValuesFromConfiguration" storage="d:\actions-runner\_work\xpco\xpco\logserver\server\videoos.logserver.tests\bin\debug\videoos.logserver.tests.dll" id="dc3472a0-aafe-d3df-bf54-2cbe31211e86">
      <Execution id="53f3ea1a-a32c-4845-90e5-d60ea0d0a9b8" />
      <TestMethod codeBase="D:\actions-runner\_work\XPCO\XPCO\LogServer\Server\VideoOS.LogServer.Tests\bin\Debug\VideoOS.LogServer.Tests.dll" adapterTypeName="executor://mstestadapter/v2" className="VideoOS.LogServer.Tests.WebService.LogRetentionServiceTests" name="GetLogRetentionsAsync_ShouldReturnRetentionValuesFromConfiguration" />
    </UnitTest>
    <UnitTest name="Constructors_ShouldNotAllowInjectionOfNulls" storage="d:\actions-runner\_work\xpco\xpco\logserver\server\videoos.logserver.tests\bin\debug\videoos.logserver.tests.dll" id="51f83135-22d8-0f2c-86a1-deac58a265dc">
      <Execution id="47d29daa-1ffd-491b-83d0-e9dfc18008ce" />
      <TestMethod codeBase="D:\actions-runner\_work\XPCO\XPCO\LogServer\Server\VideoOS.LogServer.Tests\bin\Debug\VideoOS.LogServer.Tests.dll" adapterTypeName="executor://mstestadapter/v2" className="VideoOS.LogServer.Tests.PerformanceCounters.PerformanceCounterWrapperTests" name="Constructors_ShouldNotAllowInjectionOfNulls" />
    </UnitTest>
    <UnitTest name="RegisterSourceTypeAsync_ShouldCallRegisterSourceTypesSP" storage="d:\actions-runner\_work\xpco\xpco\logserver\server\videoos.logserver.tests\bin\debug\videoos.logserver.tests.dll" id="31eec4c0-9b41-3b48-5e19-7bf8b5fda2c4">
      <Execution id="494ae36f-c7a8-4a32-b577-a8ee88c69fcf" />
      <TestMethod codeBase="D:\actions-runner\_work\XPCO\XPCO\LogServer\Server\VideoOS.LogServer.Tests\bin\Debug\VideoOS.LogServer.Tests.dll" adapterTypeName="executor://mstestadapter/v2" className="VideoOS.LogServer.Tests.Writers.SqlServerLogWriterTests" name="RegisterSourceTypeAsync_ShouldCallRegisterSourceTypesSP" />
    </UnitTest>
    <UnitTest name="StartQuerySessionAsync_ShouldReturnInstanceCount" storage="d:\actions-runner\_work\xpco\xpco\logserver\server\videoos.logserver.tests\bin\debug\videoos.logserver.tests.dll" id="17636107-a8c8-7ac7-acfc-b964eff07fab">
      <Execution id="f25ca95b-b5b4-4dac-8e0e-611b8d59581e" />
      <TestMethod codeBase="D:\actions-runner\_work\XPCO\XPCO\LogServer\Server\VideoOS.LogServer.Tests\bin\Debug\VideoOS.LogServer.Tests.dll" adapterTypeName="executor://mstestadapter/v2" className="VideoOS.LogServer.Tests.Readers.SystemLogReaderTests" name="StartQuerySessionAsync_ShouldReturnInstanceCount" />
    </UnitTest>
    <UnitTest name="ExtractAsync_ShouldReadValues" storage="d:\actions-runner\_work\xpco\xpco\logserver\server\videoos.logserver.tests\bin\debug\videoos.logserver.tests.dll" id="9a1d635d-40c5-c203-487d-681910583bd1">
      <Execution id="9dc7bfce-3f80-4c7c-88d9-dd0ee354868c" />
      <TestMethod codeBase="D:\actions-runner\_work\XPCO\XPCO\LogServer\Server\VideoOS.LogServer.Tests\bin\Debug\VideoOS.LogServer.Tests.dll" adapterTypeName="executor://mstestadapter/v2" className="VideoOS.LogServer.Tests.DB.ColumnParsers.FilterValueColumnParserTests" name="ExtractAsync_ShouldReadValues" />
    </UnitTest>
    <UnitTest name="Constructors_ShouldNotAllowInjectionOfNulls" storage="d:\actions-runner\_work\xpco\xpco\logserver\server\videoos.logserver.tests\bin\debug\videoos.logserver.tests.dll" id="01264600-f5eb-00d5-cb59-6b297068518d">
      <Execution id="0d4ac0e8-be5f-42d0-a20d-89a24a9cb0a8" />
      <TestMethod codeBase="D:\actions-runner\_work\XPCO\XPCO\LogServer\Server\VideoOS.LogServer.Tests\bin\Debug\VideoOS.LogServer.Tests.dll" adapterTypeName="executor://mstestadapter/v2" className="VideoOS.LogServer.Tests.DB.StoredProcedureQueryHandlerTests" name="Constructors_ShouldNotAllowInjectionOfNulls" />
    </UnitTest>
    <UnitTest name="RegisterSourceTypes_ShouldPassParametersToLogWriter (True)" storage="d:\actions-runner\_work\xpco\xpco\logserver\server\videoos.logserver.tests\bin\debug\videoos.logserver.tests.dll" id="9d33ed5e-f5fb-ad1d-d757-74f4bdb891c0">
      <Execution id="8f8f165e-da68-42d6-a520-3272c6072866" />
      <TestMethod codeBase="D:\actions-runner\_work\XPCO\XPCO\LogServer\Server\VideoOS.LogServer.Tests\bin\Debug\VideoOS.LogServer.Tests.dll" adapterTypeName="executor://mstestadapter/v2" className="VideoOS.LogServer.Tests.WebService.LogWriterServiceTests" name="RegisterSourceTypes_ShouldPassParametersToLogWriter" />
    </UnitTest>
    <UnitTest name="WriteLegacyLoglineAsync_ShouldPassParametersToLogWriter (False)" storage="d:\actions-runner\_work\xpco\xpco\logserver\server\videoos.logserver.tests\bin\debug\videoos.logserver.tests.dll" id="2bc256b5-9049-1b35-f2a0-106c8a652036">
      <Execution id="491ec5cb-7ea3-4396-afbe-8f205408b742" />
      <TestMethod codeBase="D:\actions-runner\_work\XPCO\XPCO\LogServer\Server\VideoOS.LogServer.Tests\bin\Debug\VideoOS.LogServer.Tests.dll" adapterTypeName="executor://mstestadapter/v2" className="VideoOS.LogServer.Tests.WebService.LogWriterServiceTests" name="WriteLegacyLoglineAsync_ShouldPassParametersToLogWriter" />
    </UnitTest>
    <UnitTest name="Set_ShouldRemoveItemFromCache_IfValueIsNull" storage="d:\actions-runner\_work\xpco\xpco\logserver\server\videoos.logserver.tests\bin\debug\videoos.logserver.tests.dll" id="ff6ed03e-5c0c-1c4c-7536-d6a67d772e66">
      <Execution id="459277a3-ddcd-484e-859d-73fc4855206b" />
      <TestMethod codeBase="D:\actions-runner\_work\XPCO\XPCO\LogServer\Server\VideoOS.LogServer.Tests\bin\Debug\VideoOS.LogServer.Tests.dll" adapterTypeName="executor://mstestadapter/v2" className="VideoOS.LogServer.Tests.Cache.MemoryCacheWrapperTests" name="Set_ShouldRemoveItemFromCache_IfValueIsNull" />
    </UnitTest>
    <UnitTest name="FetchLoglinesAsync_ShouldIncreasePerformanceCounter" storage="d:\actions-runner\_work\xpco\xpco\logserver\server\videoos.logserver.tests\bin\debug\videoos.logserver.tests.dll" id="c2df6d5b-653a-5889-f473-81c078643a2c">
      <Execution id="5f6e43ca-6e0c-4e3b-9196-9f25e0a9d982" />
      <TestMethod codeBase="D:\actions-runner\_work\XPCO\XPCO\LogServer\Server\VideoOS.LogServer.Tests\bin\Debug\VideoOS.LogServer.Tests.dll" adapterTypeName="executor://mstestadapter/v2" className="VideoOS.LogServer.Tests.Readers.AuditLogReaderTests" name="FetchLoglinesAsync_ShouldIncreasePerformanceCounter" />
    </UnitTest>
    <UnitTest name="FetchAuditLoglinesAsync_ShouldThrowFaultException_WhenSessionIsUnknown" storage="d:\actions-runner\_work\xpco\xpco\logserver\server\videoos.logserver.tests\bin\debug\videoos.logserver.tests.dll" id="be35e1b7-f2ff-7028-5c3e-477704901cf6">
      <Execution id="3ef33545-1e2c-42bc-897a-01c9aa1ab655" />
      <TestMethod codeBase="D:\actions-runner\_work\XPCO\XPCO\LogServer\Server\VideoOS.LogServer.Tests\bin\Debug\VideoOS.LogServer.Tests.dll" adapterTypeName="executor://mstestadapter/v2" className="VideoOS.LogServer.Tests.WebService.LogReaderServiceTests" name="FetchAuditLoglinesAsync_ShouldThrowFaultException_WhenSessionIsUnknown" />
    </UnitTest>
    <UnitTest name="StartQuerySessionAsync_ShouldReturnInstanceCount" storage="d:\actions-runner\_work\xpco\xpco\logserver\server\videoos.logserver.tests\bin\debug\videoos.logserver.tests.dll" id="e023df46-a47e-1116-5e44-412910eb8941">
      <Execution id="e330f97a-f624-416b-9ef4-c6dd54bb68b3" />
      <TestMethod codeBase="D:\actions-runner\_work\XPCO\XPCO\LogServer\Server\VideoOS.LogServer.Tests\bin\Debug\VideoOS.LogServer.Tests.dll" adapterTypeName="executor://mstestadapter/v2" className="VideoOS.LogServer.Tests.Readers.RuleLogReaderTests" name="StartQuerySessionAsync_ShouldReturnInstanceCount" />
    </UnitTest>
    <UnitTest name="FetchSystemLoglinesAsync_ShouldNotModify_WhatSystemLogReaderProvides (False)" storage="d:\actions-runner\_work\xpco\xpco\logserver\server\videoos.logserver.tests\bin\debug\videoos.logserver.tests.dll" id="5ff4af90-916a-99f9-1123-cb2981b00f4f">
      <Execution id="b321b586-6092-46b2-b012-e1e7b8e7f81e" />
      <TestMethod codeBase="D:\actions-runner\_work\XPCO\XPCO\LogServer\Server\VideoOS.LogServer.Tests\bin\Debug\VideoOS.LogServer.Tests.dll" adapterTypeName="executor://mstestadapter/v2" className="VideoOS.LogServer.Tests.WebService.LogReaderServiceTests" name="FetchSystemLoglinesAsync_ShouldNotModify_WhatSystemLogReaderProvides" />
    </UnitTest>
    <UnitTest name="RegisterCategories_ShouldPassParametersToLogWriter (False)" storage="d:\actions-runner\_work\xpco\xpco\logserver\server\videoos.logserver.tests\bin\debug\videoos.logserver.tests.dll" id="561c2bd5-2116-9dc1-6a9c-8f2d90e7de51">
      <Execution id="5f5092c9-d6b8-4f07-86b3-e621f36aea6d" />
      <TestMethod codeBase="D:\actions-runner\_work\XPCO\XPCO\LogServer\Server\VideoOS.LogServer.Tests\bin\Debug\VideoOS.LogServer.Tests.dll" adapterTypeName="executor://mstestadapter/v2" className="VideoOS.LogServer.Tests.WebService.LogWriterServiceTests" name="RegisterCategories_ShouldPassParametersToLogWriter" />
    </UnitTest>
    <UnitTest name="UpdateRetentionsAsync_ShouldUpdateExpirationDates_Twice" storage="d:\actions-runner\_work\xpco\xpco\logserver\server\videoos.logserver.tests\bin\debug\videoos.logserver.tests.dll" id="80720161-619f-46b7-b5e9-b9360c5333b5">
      <Execution id="594a543f-6430-4694-9fd3-e8da8459953a" />
      <TestMethod codeBase="D:\actions-runner\_work\XPCO\XPCO\LogServer\Server\VideoOS.LogServer.Tests\bin\Debug\VideoOS.LogServer.Tests.dll" adapterTypeName="executor://mstestadapter/v2" className="VideoOS.LogServer.Tests.Configuration.LogConfigurationHandlerTests" name="UpdateRetentionsAsync_ShouldUpdateExpirationDates_Twice" />
    </UnitTest>
    <UnitTest name="ReadLogStarted_ShouldWriteLogline" storage="d:\actions-runner\_work\xpco\xpco\logserver\server\videoos.logserver.tests\bin\debug\videoos.logserver.tests.dll" id="5d5dffd7-04ce-db57-4a78-6b61a3cdc6f9">
      <Execution id="57ccb1f7-0c46-449e-a018-725d0a4e1a09" />
      <TestMethod codeBase="D:\actions-runner\_work\XPCO\XPCO\LogServer\Server\VideoOS.LogServer.Tests\bin\Debug\VideoOS.LogServer.Tests.dll" adapterTypeName="executor://mstestadapter/v2" className="VideoOS.LogServer.Tests.AuditLog.AuditLoggerTests" name="ReadLogStarted_ShouldWriteLogline" />
    </UnitTest>
    <UnitTest name="Constructors_ShouldNotAllowInjectionOfNulls" storage="d:\actions-runner\_work\xpco\xpco\logserver\server\videoos.logserver.tests\bin\debug\videoos.logserver.tests.dll" id="a1724ea1-1bb7-a267-4fdb-012e86858c5c">
      <Execution id="0e2f812b-7cee-40df-84a4-734824170273" />
      <TestMethod codeBase="D:\actions-runner\_work\XPCO\XPCO\LogServer\Server\VideoOS.LogServer.Tests\bin\Debug\VideoOS.LogServer.Tests.dll" adapterTypeName="executor://mstestadapter/v2" className="VideoOS.LogServer.Tests.DB.ColumnParsers.SystemLogColumnParserTests" name="Constructors_ShouldNotAllowInjectionOfNulls" />
    </UnitTest>
    <UnitTest name="LoadAsync_ShouldSetRuleLogRetentionToDefault_IfDatabaseCallFail" storage="d:\actions-runner\_work\xpco\xpco\logserver\server\videoos.logserver.tests\bin\debug\videoos.logserver.tests.dll" id="3db29240-7b7b-2518-544c-91b19e924265">
      <Execution id="fff02e18-0a16-4201-a0f0-2736f28c3153" />
      <TestMethod codeBase="D:\actions-runner\_work\XPCO\XPCO\LogServer\Server\VideoOS.LogServer.Tests\bin\Debug\VideoOS.LogServer.Tests.dll" adapterTypeName="executor://mstestadapter/v2" className="VideoOS.LogServer.Tests.Configuration.LogConfigurationTests" name="LoadAsync_ShouldSetRuleLogRetentionToDefault_IfDatabaseCallFail" />
    </UnitTest>
    <UnitTest name="Method_ShouldCallValidateCredentials_WithAction" storage="d:\actions-runner\_work\xpco\xpco\logserver\server\videoos.logserver.tests\bin\debug\videoos.logserver.tests.dll" id="00c949e9-3282-e9a3-1397-e04412ea8166">
      <Execution id="a6a4baf8-8dd0-4031-99aa-a2c353da2c26" />
      <TestMethod codeBase="D:\actions-runner\_work\XPCO\XPCO\LogServer\Server\VideoOS.LogServer.Tests\bin\Debug\VideoOS.LogServer.Tests.dll" adapterTypeName="executor://mstestadapter/v2" className="VideoOS.LogServer.Tests.WebService.LogReaderServiceTests" name="Method_ShouldCallValidateCredentials_WithAction" />
    </UnitTest>
    <UnitTest name="RegisterLegacyLogMessagesAsync_ShouldPassLogMessagesToLogWriter (True)" storage="d:\actions-runner\_work\xpco\xpco\logserver\server\videoos.logserver.tests\bin\debug\videoos.logserver.tests.dll" id="de304ae7-741c-cdcb-a860-9ece0501a6a6">
      <Execution id="9ae6a2d0-cd3f-46f1-b039-aaf5f09e9b23" />
      <TestMethod codeBase="D:\actions-runner\_work\XPCO\XPCO\LogServer\Server\VideoOS.LogServer.Tests\bin\Debug\VideoOS.LogServer.Tests.dll" adapterTypeName="executor://mstestadapter/v2" className="VideoOS.LogServer.Tests.WebService.LogWriterServiceTests" name="RegisterLegacyLogMessagesAsync_ShouldPassLogMessagesToLogWriter" />
    </UnitTest>
    <UnitTest name="GetFilterValuesAsync_ShouldCallCorrectStoredProcedures" storage="d:\actions-runner\_work\xpco\xpco\logserver\server\videoos.logserver.tests\bin\debug\videoos.logserver.tests.dll" id="cbe84446-e59b-ce9f-f734-cd5097869c15">
      <Execution id="59048ccb-b2b7-4079-b587-72bf69c93137" />
      <TestMethod codeBase="D:\actions-runner\_work\XPCO\XPCO\LogServer\Server\VideoOS.LogServer.Tests\bin\Debug\VideoOS.LogServer.Tests.dll" adapterTypeName="executor://mstestadapter/v2" className="VideoOS.LogServer.Tests.Readers.FilterValueReaderTests" name="GetFilterValuesAsync_ShouldCallCorrectStoredProcedures" />
    </UnitTest>
    <UnitTest name="Method_ShouldCallValidateCredentials" storage="d:\actions-runner\_work\xpco\xpco\logserver\server\videoos.logserver.tests\bin\debug\videoos.logserver.tests.dll" id="f37e5f5b-a609-fcf3-c453-9f411a15eaeb">
      <Execution id="b2800923-8158-418f-9478-96665823ff53" />
      <TestMethod codeBase="D:\actions-runner\_work\XPCO\XPCO\LogServer\Server\VideoOS.LogServer.Tests\bin\Debug\VideoOS.LogServer.Tests.dll" adapterTypeName="executor://mstestadapter/v2" className="VideoOS.LogServer.Tests.WebService.LogWriterServiceTests" name="Method_ShouldCallValidateCredentials" />
    </UnitTest>
    <UnitTest name="ExecuteGuaranteedDeletionShouldRescheduleTimer_WhenSecondRemoveExpiredAsyncFails_WithCorrectPeriod" storage="d:\actions-runner\_work\xpco\xpco\logserver\server\videoos.logserver.tests\bin\debug\videoos.logserver.tests.dll" id="22e58096-f246-6686-73c3-5ccc37847f7a">
      <Execution id="16038b38-e720-4e1e-bbd7-3845acd35c34" />
      <TestMethod codeBase="D:\actions-runner\_work\XPCO\XPCO\LogServer\Server\VideoOS.LogServer.Tests\bin\Debug\VideoOS.LogServer.Tests.dll" adapterTypeName="executor://mstestadapter/v2" className="VideoOS.LogServer.Tests.Configuration.LogConfigurationHandlerTests" name="ExecuteGuaranteedDeletionShouldRescheduleTimer_WhenSecondRemoveExpiredAsyncFails_WithCorrectPeriod" />
    </UnitTest>
    <UnitTest name="RegisterCategoryAsync_ShouldCallRegisterCategoriesSP" storage="d:\actions-runner\_work\xpco\xpco\logserver\server\videoos.logserver.tests\bin\debug\videoos.logserver.tests.dll" id="d9cc0df3-0afc-2f4c-9784-3c9795fb77c7">
      <Execution id="dfd3718a-877f-4f03-9c49-4ddd8712e2f3" />
      <TestMethod codeBase="D:\actions-runner\_work\XPCO\XPCO\LogServer\Server\VideoOS.LogServer.Tests\bin\Debug\VideoOS.LogServer.Tests.dll" adapterTypeName="executor://mstestadapter/v2" className="VideoOS.LogServer.Tests.Writers.SqlServerLogWriterTests" name="RegisterCategoryAsync_ShouldCallRegisterCategoriesSP" />
    </UnitTest>
    <UnitTest name="ExtractLogMessageSourceTypes_ShouldExtract_WithCorrectLanguageCode" storage="d:\actions-runner\_work\xpco\xpco\logserver\server\videoos.logserver.tests\bin\debug\videoos.logserver.tests.dll" id="99eed9ea-8a82-587e-fd3f-287a3c8371d2">
      <Execution id="9d9dc733-c9ef-4b71-b1b1-70c4aaef798e" />
      <TestMethod codeBase="D:\actions-runner\_work\XPCO\XPCO\LogServer\Server\VideoOS.LogServer.Tests\bin\Debug\VideoOS.LogServer.Tests.dll" adapterTypeName="executor://mstestadapter/v2" className="VideoOS.LogServer.Tests.Extensions.LegacyMessageXmlExtensionsTests" name="ExtractLogMessageSourceTypes_ShouldExtract_WithCorrectLanguageCode" />
    </UnitTest>
    <UnitTest name="FetchRuleLoglinesAsync_ShouldThrowFaultException_WhenSqlQueriesTimeout" storage="d:\actions-runner\_work\xpco\xpco\logserver\server\videoos.logserver.tests\bin\debug\videoos.logserver.tests.dll" id="37590392-479e-4f5b-0bf5-d812c9ae600f">
      <Execution id="30932ef6-83f5-4dc3-b111-568415b1f58d" />
      <TestMethod codeBase="D:\actions-runner\_work\XPCO\XPCO\LogServer\Server\VideoOS.LogServer.Tests\bin\Debug\VideoOS.LogServer.Tests.dll" adapterTypeName="executor://mstestadapter/v2" className="VideoOS.LogServer.Tests.WebService.LogReaderServiceTests" name="FetchRuleLoglinesAsync_ShouldThrowFaultException_WhenSqlQueriesTimeout" />
    </UnitTest>
    <UnitTest name="StartShouldUsePeriodValueFromConfig_WhenStartingGuaranteedDeletionTimer (-1,7)" storage="d:\actions-runner\_work\xpco\xpco\logserver\server\videoos.logserver.tests\bin\debug\videoos.logserver.tests.dll" id="33f0f1bd-017b-4deb-1129-02ec0474525f">
      <Execution id="34440070-1f38-4db2-94de-dcda035900e0" />
      <TestMethod codeBase="D:\actions-runner\_work\XPCO\XPCO\LogServer\Server\VideoOS.LogServer.Tests\bin\Debug\VideoOS.LogServer.Tests.dll" adapterTypeName="executor://mstestadapter/v2" className="VideoOS.LogServer.Tests.Configuration.LogConfigurationHandlerTests" name="StartShouldUsePeriodValueFromConfig_WhenStartingGuaranteedDeletionTimer" />
    </UnitTest>
    <UnitTest name="Start_ShouldTriggerGuaranteedDeletionImmediately_WhenLogConfigurationLastGuaranteedDeletion_IsDefault" storage="d:\actions-runner\_work\xpco\xpco\logserver\server\videoos.logserver.tests\bin\debug\videoos.logserver.tests.dll" id="87fca37b-f6ce-3528-cec2-ea48ccea60fb">
      <Execution id="677ac6b3-3a79-4648-a093-16e1849ff9ae" />
      <TestMethod codeBase="D:\actions-runner\_work\XPCO\XPCO\LogServer\Server\VideoOS.LogServer.Tests\bin\Debug\VideoOS.LogServer.Tests.dll" adapterTypeName="executor://mstestadapter/v2" className="VideoOS.LogServer.Tests.Configuration.LogConfigurationHandlerTests" name="Start_ShouldTriggerGuaranteedDeletionImmediately_WhenLogConfigurationLastGuaranteedDeletion_IsDefault" />
    </UnitTest>
    <UnitTest name="Stop_ShouldLogErrorsAndHandleTimeoutExceptions_IfErrorHappensWhileClosingAllServiceCommunications" storage="d:\actions-runner\_work\xpco\xpco\logserver\server\videoos.logserver.tests\bin\debug\videoos.logserver.tests.dll" id="fe86095b-1383-1998-6dba-cd3929e0d39e">
      <Execution id="bdb6ef0c-be55-49f5-a274-cc54aa2a0b39" />
      <TestMethod codeBase="D:\actions-runner\_work\XPCO\XPCO\LogServer\Server\VideoOS.LogServer.Tests\bin\Debug\VideoOS.LogServer.Tests.dll" adapterTypeName="executor://mstestadapter/v2" className="VideoOS.LogServer.Tests.ServiceTests" name="Stop_ShouldLogErrorsAndHandleTimeoutExceptions_IfErrorHappensWhileClosingAllServiceCommunications" />
    </UnitTest>
    <UnitTest name="Stop_ShouldLogErrorsAndHandleCommunicationExceptions_IfErrorHappensWhileClosingAllServiceCommunications" storage="d:\actions-runner\_work\xpco\xpco\logserver\server\videoos.logserver.tests\bin\debug\videoos.logserver.tests.dll" id="7d82980f-9419-1c88-bc1e-848905fe6f9e">
      <Execution id="cf2a18ae-07df-4643-b0e6-05d485e0f91f" />
      <TestMethod codeBase="D:\actions-runner\_work\XPCO\XPCO\LogServer\Server\VideoOS.LogServer.Tests\bin\Debug\VideoOS.LogServer.Tests.dll" adapterTypeName="executor://mstestadapter/v2" className="VideoOS.LogServer.Tests.ServiceTests" name="Stop_ShouldLogErrorsAndHandleCommunicationExceptions_IfErrorHappensWhileClosingAllServiceCommunications" />
    </UnitTest>
    <UnitTest name="FetchLoglinesAsync_ShouldThrowInvalidLogTypeException_IfCalledWithSystemLoglineParameter" storage="d:\actions-runner\_work\xpco\xpco\logserver\server\videoos.logserver.tests\bin\debug\videoos.logserver.tests.dll" id="9df0aa7c-aee5-5d5c-d02e-0d611a59a855">
      <Execution id="ac7b0873-0451-471d-9af8-3e4c3caf906a" />
      <TestMethod codeBase="D:\actions-runner\_work\XPCO\XPCO\LogServer\Server\VideoOS.LogServer.Tests\bin\Debug\VideoOS.LogServer.Tests.dll" adapterTypeName="executor://mstestadapter/v2" className="VideoOS.LogServer.Tests.Readers.AuditLogReaderTests" name="FetchLoglinesAsync_ShouldThrowInvalidLogTypeException_IfCalledWithSystemLoglineParameter" />
    </UnitTest>
    <UnitTest name="Property_ShouldThrowMissingOemResourceException_WhenResourceIsNotAString" storage="d:\actions-runner\_work\xpco\xpco\logserver\server\videoos.logserver.tests\bin\debug\videoos.logserver.tests.dll" id="56227e59-e610-2fbb-fcac-afd2e7ca1254">
      <Execution id="5d7c5c48-f55b-4ade-a959-90b46d4bc305" />
      <TestMethod codeBase="D:\actions-runner\_work\XPCO\XPCO\LogServer\Server\VideoOS.LogServer.Tests\bin\Debug\VideoOS.LogServer.Tests.dll" adapterTypeName="executor://mstestadapter/v2" className="VideoOS.LogServer.Tests.Resources.OemResourcesTests" name="Property_ShouldThrowMissingOemResourceException_WhenResourceIsNotAString" />
    </UnitTest>
    <UnitTest name="Start_ShouldFallbackToOneHourCheckPeriod_IfLogDeletionCheckPeriodSettingIsNotAvailable" storage="d:\actions-runner\_work\xpco\xpco\logserver\server\videoos.logserver.tests\bin\debug\videoos.logserver.tests.dll" id="ebd8a66e-f49a-baa9-37a7-b6af92c9ad1b">
      <Execution id="b773fa57-977f-4928-9051-413b6fcd278b" />
      <TestMethod codeBase="D:\actions-runner\_work\XPCO\XPCO\LogServer\Server\VideoOS.LogServer.Tests\bin\Debug\VideoOS.LogServer.Tests.dll" adapterTypeName="executor://mstestadapter/v2" className="VideoOS.LogServer.Tests.Configuration.LogConfigurationHandlerTests" name="Start_ShouldFallbackToOneHourCheckPeriod_IfLogDeletionCheckPeriodSettingIsNotAvailable" />
    </UnitTest>
    <UnitTest name="ToLogMessages_ShouldTransformEntriesToLogMessages_WithCorrectId" storage="d:\actions-runner\_work\xpco\xpco\logserver\server\videoos.logserver.tests\bin\debug\videoos.logserver.tests.dll" id="108dcd5c-98ce-f87a-50aa-f132528938a1">
      <Execution id="f3ed361b-e9ca-4d1f-a95f-2de62a7f79bb" />
      <TestMethod codeBase="D:\actions-runner\_work\XPCO\XPCO\LogServer\Server\VideoOS.LogServer.Tests\bin\Debug\VideoOS.LogServer.Tests.dll" adapterTypeName="executor://mstestadapter/v2" className="VideoOS.LogServer.Tests.Extensions.LegacyMessageXmlExtensionsTests" name="ToLogMessages_ShouldTransformEntriesToLogMessages_WithCorrectId" />
    </UnitTest>
    <UnitTest name="GetLogRetentionsTokenAsync_ShouldValidateUser_WithAction" storage="d:\actions-runner\_work\xpco\xpco\logserver\server\videoos.logserver.tests\bin\debug\videoos.logserver.tests.dll" id="cf441dff-2cc3-5209-8459-b5882be4aab7">
      <Execution id="08136522-b73f-417c-ba60-3f56a5d3d85b" />
      <TestMethod codeBase="D:\actions-runner\_work\XPCO\XPCO\LogServer\Server\VideoOS.LogServer.Tests\bin\Debug\VideoOS.LogServer.Tests.dll" adapterTypeName="executor://mstestadapter/v2" className="VideoOS.LogServer.Tests.WebService.LogRetentionServiceTests" name="GetLogRetentionsTokenAsync_ShouldValidateUser_WithAction" />
    </UnitTest>
    <UnitTest name="EndQuerySessionAsync_ShouldNotDoAnything_WhenQuerySessionIsUnknown" storage="d:\actions-runner\_work\xpco\xpco\logserver\server\videoos.logserver.tests\bin\debug\videoos.logserver.tests.dll" id="f765b43e-1a0c-c1c2-d68f-3b5463d41105">
      <Execution id="2739d2a6-dabd-40f8-85e1-d6049f60885a" />
      <TestMethod codeBase="D:\actions-runner\_work\XPCO\XPCO\LogServer\Server\VideoOS.LogServer.Tests\bin\Debug\VideoOS.LogServer.Tests.dll" adapterTypeName="executor://mstestadapter/v2" className="VideoOS.LogServer.Tests.Readers.QuerySessionLogReaderTests" name="EndQuerySessionAsync_ShouldNotDoAnything_WhenQuerySessionIsUnknown" />
    </UnitTest>
    <UnitTest name="Start_ShouldPerformCheckForExpiredLogs_WithAppSettingsSpecifiedPeriod" storage="d:\actions-runner\_work\xpco\xpco\logserver\server\videoos.logserver.tests\bin\debug\videoos.logserver.tests.dll" id="d622b72b-ae76-b477-c7df-e2dbe34cdc3a">
      <Execution id="d0325811-ac9e-4790-b57f-06492cea284f" />
      <TestMethod codeBase="D:\actions-runner\_work\XPCO\XPCO\LogServer\Server\VideoOS.LogServer.Tests\bin\Debug\VideoOS.LogServer.Tests.dll" adapterTypeName="executor://mstestadapter/v2" className="VideoOS.LogServer.Tests.Configuration.LogConfigurationHandlerTests" name="Start_ShouldPerformCheckForExpiredLogs_WithAppSettingsSpecifiedPeriod" />
    </UnitTest>
    <UnitTest name="WriteLegacyLoglineAsync_ShouldIncreaseUptimeLogCountCounter" storage="d:\actions-runner\_work\xpco\xpco\logserver\server\videoos.logserver.tests\bin\debug\videoos.logserver.tests.dll" id="2347406b-1f21-d4b0-29e0-f164709c1d55">
      <Execution id="5e65c68d-c3d8-48f9-acd9-a0c76adb136e" />
      <TestMethod codeBase="D:\actions-runner\_work\XPCO\XPCO\LogServer\Server\VideoOS.LogServer.Tests\bin\Debug\VideoOS.LogServer.Tests.dll" adapterTypeName="executor://mstestadapter/v2" className="VideoOS.LogServer.Tests.Writers.SqlServerLogWriterTests" name="WriteLegacyLoglineAsync_ShouldIncreaseUptimeLogCountCounter" />
    </UnitTest>
    <UnitTest name="UpdateLogRetentionsTokenAsync_ShouldPassParametersToLogRetentionHandler" storage="d:\actions-runner\_work\xpco\xpco\logserver\server\videoos.logserver.tests\bin\debug\videoos.logserver.tests.dll" id="f9377692-5a31-5e3e-733e-9be489c69418">
      <Execution id="dc6152d5-17ca-4560-8a0f-819d49577777" />
      <TestMethod codeBase="D:\actions-runner\_work\XPCO\XPCO\LogServer\Server\VideoOS.LogServer.Tests\bin\Debug\VideoOS.LogServer.Tests.dll" adapterTypeName="executor://mstestadapter/v2" className="VideoOS.LogServer.Tests.WebService.LogRetentionServiceTests" name="UpdateLogRetentionsTokenAsync_ShouldPassParametersToLogRetentionHandler" />
    </UnitTest>
    <UnitTest name="FetchLoglinesAsync_ShouldRemoveItemFromCache_WhenAllQueryDataHasBeenRead" storage="d:\actions-runner\_work\xpco\xpco\logserver\server\videoos.logserver.tests\bin\debug\videoos.logserver.tests.dll" id="6a99bca0-c2eb-0657-a66f-bc7316c77725">
      <Execution id="fa0b96e4-167e-4398-9f9f-91bd296ec28b" />
      <TestMethod codeBase="D:\actions-runner\_work\XPCO\XPCO\LogServer\Server\VideoOS.LogServer.Tests\bin\Debug\VideoOS.LogServer.Tests.dll" adapterTypeName="executor://mstestadapter/v2" className="VideoOS.LogServer.Tests.Readers.QuerySessionLogReaderTests" name="FetchLoglinesAsync_ShouldRemoveItemFromCache_WhenAllQueryDataHasBeenRead" />
    </UnitTest>
    <UnitTest name="GetFilterValuesAsync_ShouldUseTimeoutFromTimeoutConfiguration" storage="d:\actions-runner\_work\xpco\xpco\logserver\server\videoos.logserver.tests\bin\debug\videoos.logserver.tests.dll" id="0d8c9d17-016f-a417-c529-9b9385c3f369">
      <Execution id="c25966c2-5f91-4a64-ac86-8b88b9bc2336" />
      <TestMethod codeBase="D:\actions-runner\_work\XPCO\XPCO\LogServer\Server\VideoOS.LogServer.Tests\bin\Debug\VideoOS.LogServer.Tests.dll" adapterTypeName="executor://mstestadapter/v2" className="VideoOS.LogServer.Tests.Readers.FilterValueReaderTests" name="GetFilterValuesAsync_ShouldUseTimeoutFromTimeoutConfiguration" />
    </UnitTest>
    <UnitTest name="CreateDefaultLogger_ShouldLogToEventLog_WhenLogMangerThrowsException" storage="d:\actions-runner\_work\xpco\xpco\logserver\server\videoos.logserver.tests\bin\debug\videoos.logserver.tests.dll" id="0b5cc70f-749a-b034-c5da-8bb157930f2b">
      <Execution id="910d5df5-a1a8-4bbd-8275-afd0b2794eef" />
      <TestMethod codeBase="D:\actions-runner\_work\XPCO\XPCO\LogServer\Server\VideoOS.LogServer.Tests\bin\Debug\VideoOS.LogServer.Tests.dll" adapterTypeName="executor://mstestadapter/v2" className="VideoOS.LogServer.Tests.Logging.LogFactoryTests" name="CreateDefaultLogger_ShouldLogToEventLog_WhenLogMangerThrowsException" />
    </UnitTest>
    <UnitTest name="ExecuteWithParameters_ShouldExecuteProcedureWithGivenParameters" storage="d:\actions-runner\_work\xpco\xpco\logserver\server\videoos.logserver.tests\bin\debug\videoos.logserver.tests.dll" id="5d6f1e7d-1135-423f-a794-21a2d3d974f9">
      <Execution id="3271c3bd-a044-400d-9fa3-d8254f8613f7" />
      <TestMethod codeBase="D:\actions-runner\_work\XPCO\XPCO\LogServer\Server\VideoOS.LogServer.Tests\bin\Debug\VideoOS.LogServer.Tests.dll" adapterTypeName="executor://mstestadapter/v2" className="VideoOS.LogServer.Tests.DB.StoredProcedureCommandHandlerTests" name="ExecuteWithParameters_ShouldExecuteProcedureWithGivenParameters" />
    </UnitTest>
    <UnitTest name="RegisterLogMessagesAsync_ShouldCallRegisterMessagesSP" storage="d:\actions-runner\_work\xpco\xpco\logserver\server\videoos.logserver.tests\bin\debug\videoos.logserver.tests.dll" id="cb82c75a-3db4-85f2-ca1b-1e464e003f7d">
      <Execution id="ebf04f82-5265-48dc-adbc-351c565a6cb6" />
      <TestMethod codeBase="D:\actions-runner\_work\XPCO\XPCO\LogServer\Server\VideoOS.LogServer.Tests\bin\Debug\VideoOS.LogServer.Tests.dll" adapterTypeName="executor://mstestadapter/v2" className="VideoOS.LogServer.Tests.Writers.SqlServerLogWriterTests" name="RegisterLogMessagesAsync_ShouldCallRegisterMessagesSP" />
    </UnitTest>
    <UnitTest name="UpdateRetentionsAsync_ShouldNotChangeSystemLogRetention_WhenUpdateFails" storage="d:\actions-runner\_work\xpco\xpco\logserver\server\videoos.logserver.tests\bin\debug\videoos.logserver.tests.dll" id="ef4209df-d36b-9f3f-baf5-b24e22c78dd6">
      <Execution id="b7a45caa-5a3a-44f5-800d-61cad959b03b" />
      <TestMethod codeBase="D:\actions-runner\_work\XPCO\XPCO\LogServer\Server\VideoOS.LogServer.Tests\bin\Debug\VideoOS.LogServer.Tests.dll" adapterTypeName="executor://mstestadapter/v2" className="VideoOS.LogServer.Tests.Configuration.LogConfigurationTests" name="UpdateRetentionsAsync_ShouldNotChangeSystemLogRetention_WhenUpdateFails" />
    </UnitTest>
    <UnitTest name="QueryInstanceCount_ShouldThrowDatabaseException_IfQueryExecutionFails" storage="d:\actions-runner\_work\xpco\xpco\logserver\server\videoos.logserver.tests\bin\debug\videoos.logserver.tests.dll" id="dae8775c-1981-9cd5-13c3-ed6cd104261a">
      <Execution id="8e98b38a-3784-4be6-a8a4-a2266e7e3331" />
      <TestMethod codeBase="D:\actions-runner\_work\XPCO\XPCO\LogServer\Server\VideoOS.LogServer.Tests\bin\Debug\VideoOS.LogServer.Tests.dll" adapterTypeName="executor://mstestadapter/v2" className="VideoOS.LogServer.Tests.DB.StoredProcedureQueryHandlerTests" name="QueryInstanceCount_ShouldThrowDatabaseException_IfQueryExecutionFails" />
    </UnitTest>
    <UnitTest name="Constructor_ShouldAddEventHandlerToModifyLogPath_OnlyWhenKeyIsFileAndLogTypeIsFilenameOrArchive (X,Filename,value,~/test/,value)" storage="d:\actions-runner\_work\xpco\xpco\logserver\server\videoos.logserver.tests\bin\debug\videoos.logserver.tests.dll" id="02bc80bd-3783-5926-af95-29f845f91552">
      <Execution id="7b49fc5f-5590-4d64-a21d-d7555646d068" />
      <TestMethod codeBase="D:\actions-runner\_work\XPCO\XPCO\LogServer\Server\VideoOS.LogServer.Tests\bin\Debug\VideoOS.LogServer.Tests.dll" adapterTypeName="executor://mstestadapter/v2" className="VideoOS.LogServer.Tests.Logging.LogFactoryTests" name="Constructor_ShouldAddEventHandlerToModifyLogPath_OnlyWhenKeyIsFileAndLogTypeIsFilenameOrArchive" />
    </UnitTest>
    <UnitTest name="Dispose_ShouldCallPerformanceCounterDispose" storage="d:\actions-runner\_work\xpco\xpco\logserver\server\videoos.logserver.tests\bin\debug\videoos.logserver.tests.dll" id="0e0350ed-eb6e-22cb-e94e-3cfe45921651">
      <Execution id="96391522-67b9-48d9-86cd-d30a43af293b" />
      <TestMethod codeBase="D:\actions-runner\_work\XPCO\XPCO\LogServer\Server\VideoOS.LogServer.Tests\bin\Debug\VideoOS.LogServer.Tests.dll" adapterTypeName="executor://mstestadapter/v2" className="VideoOS.LogServer.Tests.PerformanceCounters.PerformanceCounterWrapperTests" name="Dispose_ShouldCallPerformanceCounterDispose" />
    </UnitTest>
    <UnitTest name="FetchSystemLoglinesAsync_ShouldThrowFaultException_WhenSqlQueriesTimeout" storage="d:\actions-runner\_work\xpco\xpco\logserver\server\videoos.logserver.tests\bin\debug\videoos.logserver.tests.dll" id="b7f2eec2-b919-f581-118e-ba5b29993614">
      <Execution id="91b99d20-51f4-4419-8663-cdc418827b5a" />
      <TestMethod codeBase="D:\actions-runner\_work\XPCO\XPCO\LogServer\Server\VideoOS.LogServer.Tests\bin\Debug\VideoOS.LogServer.Tests.dll" adapterTypeName="executor://mstestadapter/v2" className="VideoOS.LogServer.Tests.WebService.LogReaderServiceTests" name="FetchSystemLoglinesAsync_ShouldThrowFaultException_WhenSqlQueriesTimeout" />
    </UnitTest>
    <UnitTest name="ExecuteGuaranteedDeletion_ShouldCallRemoveExpiredTwice_WhenConfigurationsAreCorrect" storage="d:\actions-runner\_work\xpco\xpco\logserver\server\videoos.logserver.tests\bin\debug\videoos.logserver.tests.dll" id="b458b4ef-295e-cc97-1665-694d3d255142">
      <Execution id="4299a7cd-7c11-462c-b77d-a662b0533f72" />
      <TestMethod codeBase="D:\actions-runner\_work\XPCO\XPCO\LogServer\Server\VideoOS.LogServer.Tests\bin\Debug\VideoOS.LogServer.Tests.dll" adapterTypeName="executor://mstestadapter/v2" className="VideoOS.LogServer.Tests.Configuration.LogConfigurationHandlerTests" name="ExecuteGuaranteedDeletion_ShouldCallRemoveExpiredTwice_WhenConfigurationsAreCorrect" />
    </UnitTest>
    <UnitTest name="Dispose_ShouldBeCalledForEachCounter" storage="d:\actions-runner\_work\xpco\xpco\logserver\server\videoos.logserver.tests\bin\debug\videoos.logserver.tests.dll" id="000d7efd-fe4d-9380-87e2-a7d9311ce1c3">
      <Execution id="f9be91de-64a9-43e2-bb70-b9aec5fe179d" />
      <TestMethod codeBase="D:\actions-runner\_work\XPCO\XPCO\LogServer\Server\VideoOS.LogServer.Tests\bin\Debug\VideoOS.LogServer.Tests.dll" adapterTypeName="executor://mstestadapter/v2" className="VideoOS.LogServer.Tests.PerformanceCounters.PerformanceCountersHandlerTests" name="Dispose_ShouldBeCalledForEachCounter" />
    </UnitTest>
    <UnitTest name="RegisterLegacyLogMessagesAsync_ShouldPassLogMessagesToLogWriter (False)" storage="d:\actions-runner\_work\xpco\xpco\logserver\server\videoos.logserver.tests\bin\debug\videoos.logserver.tests.dll" id="6c32ca26-271c-23dd-a27c-d4a2a3825194">
      <Execution id="d544e23b-5ddf-43b4-a5fa-600eb8722024" />
      <TestMethod codeBase="D:\actions-runner\_work\XPCO\XPCO\LogServer\Server\VideoOS.LogServer.Tests\bin\Debug\VideoOS.LogServer.Tests.dll" adapterTypeName="executor://mstestadapter/v2" className="VideoOS.LogServer.Tests.WebService.LogWriterServiceTests" name="RegisterLegacyLogMessagesAsync_ShouldPassLogMessagesToLogWriter" />
    </UnitTest>
    <UnitTest name="Constructor_ShouldAddEventHandlerToModifyLogPath_OnlyWhenKeyIsFileAndLogTypeIsFilenameOrArchive (File,Filename,,~/test/,C:\ProgramData\MyCompany\MyProduct\test\)" storage="d:\actions-runner\_work\xpco\xpco\logserver\server\videoos.logserver.tests\bin\debug\videoos.logserver.tests.dll" id="8ceac98d-25bb-5d13-8fc3-0784f2217baf">
      <Execution id="0a869430-49a6-4fab-875a-c1227f4d3486" />
      <TestMethod codeBase="D:\actions-runner\_work\XPCO\XPCO\LogServer\Server\VideoOS.LogServer.Tests\bin\Debug\VideoOS.LogServer.Tests.dll" adapterTypeName="executor://mstestadapter/v2" className="VideoOS.LogServer.Tests.Logging.LogFactoryTests" name="Constructor_ShouldAddEventHandlerToModifyLogPath_OnlyWhenKeyIsFileAndLogTypeIsFilenameOrArchive" />
    </UnitTest>
    <UnitTest name="FetchLoglinesAsync_ShouldIncreasePerformanceCounter" storage="d:\actions-runner\_work\xpco\xpco\logserver\server\videoos.logserver.tests\bin\debug\videoos.logserver.tests.dll" id="d5a29a2a-1299-b2e0-d86d-f058067dd199">
      <Execution id="e1bcca81-77fa-4dc7-9e12-9c791d2728a6" />
      <TestMethod codeBase="D:\actions-runner\_work\XPCO\XPCO\LogServer\Server\VideoOS.LogServer.Tests\bin\Debug\VideoOS.LogServer.Tests.dll" adapterTypeName="executor://mstestadapter/v2" className="VideoOS.LogServer.Tests.Readers.SystemLogReaderTests" name="FetchLoglinesAsync_ShouldIncreasePerformanceCounter" />
    </UnitTest>
    <UnitTest name="Property_ShouldThrowMissingOemResourceException_WhenResourceDoesNotExist" storage="d:\actions-runner\_work\xpco\xpco\logserver\server\videoos.logserver.tests\bin\debug\videoos.logserver.tests.dll" id="fa67d7c5-5148-0d9e-b865-b4a92d28e8a2">
      <Execution id="d351ff9b-b9ba-401f-881d-a622d7f2fe4a" />
      <TestMethod codeBase="D:\actions-runner\_work\XPCO\XPCO\LogServer\Server\VideoOS.LogServer.Tests\bin\Debug\VideoOS.LogServer.Tests.dll" adapterTypeName="executor://mstestadapter/v2" className="VideoOS.LogServer.Tests.Resources.OemResourcesTests" name="Property_ShouldThrowMissingOemResourceException_WhenResourceDoesNotExist" />
    </UnitTest>
    <UnitTest name="Dispose_ShouldFlushAndCloseLogger" storage="d:\actions-runner\_work\xpco\xpco\logserver\server\videoos.logserver.tests\bin\debug\videoos.logserver.tests.dll" id="a7c59d28-f7b4-04db-916c-04fdcd3621d0">
      <Execution id="35b3b9e2-719f-47b8-93cd-2c6c1f1ba950" />
      <TestMethod codeBase="D:\actions-runner\_work\XPCO\XPCO\LogServer\Server\VideoOS.LogServer.Tests\bin\Debug\VideoOS.LogServer.Tests.dll" adapterTypeName="executor://mstestadapter/v2" className="VideoOS.LogServer.Tests.Logging.LogFactoryTests" name="Dispose_ShouldFlushAndCloseLogger" />
    </UnitTest>
    <UnitTest name="FetchLoglinesAsync_ShouldThrowInvalidLogTypeException_IfCalledWithSystemLoglineParameter" storage="d:\actions-runner\_work\xpco\xpco\logserver\server\videoos.logserver.tests\bin\debug\videoos.logserver.tests.dll" id="0351c8a2-b22f-dd03-eb84-36ecc3688bf1">
      <Execution id="82c5f9e1-608b-4663-a0eb-dc0081590bb5" />
      <TestMethod codeBase="D:\actions-runner\_work\XPCO\XPCO\LogServer\Server\VideoOS.LogServer.Tests\bin\Debug\VideoOS.LogServer.Tests.dll" adapterTypeName="executor://mstestadapter/v2" className="VideoOS.LogServer.Tests.Readers.RuleLogReaderTests" name="FetchLoglinesAsync_ShouldThrowInvalidLogTypeException_IfCalledWithSystemLoglineParameter" />
    </UnitTest>
    <UnitTest name="UpdateLastGuaranteedDeletionAsync_ShouldChangeExistingLastGuaranteedDeletion_WhenDifferentFromExisting" storage="d:\actions-runner\_work\xpco\xpco\logserver\server\videoos.logserver.tests\bin\debug\videoos.logserver.tests.dll" id="8b335792-52d1-7c1c-8357-b3c880b2af3f">
      <Execution id="859105fc-2934-4cdc-9648-463b4929c086" />
      <TestMethod codeBase="D:\actions-runner\_work\XPCO\XPCO\LogServer\Server\VideoOS.LogServer.Tests\bin\Debug\VideoOS.LogServer.Tests.dll" adapterTypeName="executor://mstestadapter/v2" className="VideoOS.LogServer.Tests.Configuration.LogConfigurationTests" name="UpdateLastGuaranteedDeletionAsync_ShouldChangeExistingLastGuaranteedDeletion_WhenDifferentFromExisting" />
    </UnitTest>
    <UnitTest name="Get_ShouldReturnNull_IfIdIsUnknown" storage="d:\actions-runner\_work\xpco\xpco\logserver\server\videoos.logserver.tests\bin\debug\videoos.logserver.tests.dll" id="88fcd86f-0e3d-db6a-d7f9-489c25ca28c7">
      <Execution id="d02eb933-d92c-4867-a962-c6f1b75650a9" />
      <TestMethod codeBase="D:\actions-runner\_work\XPCO\XPCO\LogServer\Server\VideoOS.LogServer.Tests\bin\Debug\VideoOS.LogServer.Tests.dll" adapterTypeName="executor://mstestadapter/v2" className="VideoOS.LogServer.Tests.Cache.MemoryCacheWrapperTests" name="Get_ShouldReturnNull_IfIdIsUnknown" />
    </UnitTest>
    <UnitTest name="StartQuerySessionAsync_ShouldNotModify_WhatILogReaderProvides (False)" storage="d:\actions-runner\_work\xpco\xpco\logserver\server\videoos.logserver.tests\bin\debug\videoos.logserver.tests.dll" id="1d285f27-5632-9018-bf50-97df4afa185d">
      <Execution id="46b090b3-6298-4e39-99b0-2c9da699c66c" />
      <TestMethod codeBase="D:\actions-runner\_work\XPCO\XPCO\LogServer\Server\VideoOS.LogServer.Tests\bin\Debug\VideoOS.LogServer.Tests.dll" adapterTypeName="executor://mstestadapter/v2" className="VideoOS.LogServer.Tests.WebService.LogReaderServiceTests" name="StartQuerySessionAsync_ShouldNotModify_WhatILogReaderProvides" />
    </UnitTest>
    <UnitTest name="Constructors_ShouldNotAllowInjectionOfNulls" storage="d:\actions-runner\_work\xpco\xpco\logserver\server\videoos.logserver.tests\bin\debug\videoos.logserver.tests.dll" id="dc897bff-bb2f-6be5-4f79-9be874adc658">
      <Execution id="d758d38f-25ca-4063-9ed6-5309edeb14f1" />
      <TestMethod codeBase="D:\actions-runner\_work\XPCO\XPCO\LogServer\Server\VideoOS.LogServer.Tests\bin\Debug\VideoOS.LogServer.Tests.dll" adapterTypeName="executor://mstestadapter/v2" className="VideoOS.LogServer.Tests.Readers.FilterValueReaderTests" name="Constructors_ShouldNotAllowInjectionOfNulls" />
    </UnitTest>
    <UnitTest name="StopService_ShouldSetStatusTextToStopped_OnceServiceIsStopped" storage="d:\actions-runner\_work\xpco\xpco\logserver\server\videoos.logserver.tests\bin\debug\videoos.logserver.tests.dll" id="f9a60e15-31b1-2c2e-503f-7b6ac4a26afb">
      <Execution id="5e67876a-479c-4fc9-9218-66e4d975c3a7" />
      <TestMethod codeBase="D:\actions-runner\_work\XPCO\XPCO\LogServer\Server\VideoOS.LogServer.Tests\bin\Debug\VideoOS.LogServer.Tests.dll" adapterTypeName="executor://mstestadapter/v2" className="VideoOS.LogServer.Tests.UI.ServiceWindowViewModelTests" name="StopService_ShouldSetStatusTextToStopped_OnceServiceIsStopped" />
    </UnitTest>
    <UnitTest name="ExtractAsync_ShouldSplitLoglines" storage="d:\actions-runner\_work\xpco\xpco\logserver\server\videoos.logserver.tests\bin\debug\videoos.logserver.tests.dll" id="1bb758f0-9b2b-d230-33bf-65cd26e8c59b">
      <Execution id="f18381e4-82d1-4683-bff3-cd1729e8a0f6" />
      <TestMethod codeBase="D:\actions-runner\_work\XPCO\XPCO\LogServer\Server\VideoOS.LogServer.Tests\bin\Debug\VideoOS.LogServer.Tests.dll" adapterTypeName="executor://mstestadapter/v2" className="VideoOS.LogServer.Tests.DB.ColumnParsers.RuleLogColumnParserTests" name="ExtractAsync_ShouldSplitLoglines" />
    </UnitTest>
    <UnitTest name="Constructor_ShouldAddEventHandlerToModifyLogPath_OnlyWhenKeyIsFileAndLogTypeIsFilenameOrArchive (File,Archive,,~/test/,C:\ProgramData\MyCompany\MyProduct\test\)" storage="d:\actions-runner\_work\xpco\xpco\logserver\server\videoos.logserver.tests\bin\debug\videoos.logserver.tests.dll" id="e0450b35-a530-0b19-160d-abbdc4fe2859">
      <Execution id="bde4d9bf-01b1-4881-9e29-c1189eeb996a" />
      <TestMethod codeBase="D:\actions-runner\_work\XPCO\XPCO\LogServer\Server\VideoOS.LogServer.Tests\bin\Debug\VideoOS.LogServer.Tests.dll" adapterTypeName="executor://mstestadapter/v2" className="VideoOS.LogServer.Tests.Logging.LogFactoryTests" name="Constructor_ShouldAddEventHandlerToModifyLogPath_OnlyWhenKeyIsFileAndLogTypeIsFilenameOrArchive" />
    </UnitTest>
    <UnitTest name="QueryWithParameters_ShouldExecuteProcedureWithGivenName" storage="d:\actions-runner\_work\xpco\xpco\logserver\server\videoos.logserver.tests\bin\debug\videoos.logserver.tests.dll" id="ffd661dd-2186-86c0-0b38-244ae7c977ae">
      <Execution id="4b8bf674-d515-4d7b-9df2-42af5fcd9f7d" />
      <TestMethod codeBase="D:\actions-runner\_work\XPCO\XPCO\LogServer\Server\VideoOS.LogServer.Tests\bin\Debug\VideoOS.LogServer.Tests.dll" adapterTypeName="executor://mstestadapter/v2" className="VideoOS.LogServer.Tests.DB.StoredProcedureQueryHandlerTests" name="QueryWithParameters_ShouldExecuteProcedureWithGivenName" />
    </UnitTest>
    <UnitTest name="GetFilterValuesAsync_ShouldPassParameters" storage="d:\actions-runner\_work\xpco\xpco\logserver\server\videoos.logserver.tests\bin\debug\videoos.logserver.tests.dll" id="56400346-c5a4-1881-ce9b-b5d081332051">
      <Execution id="81b044f6-c02d-4465-95a2-e144388c29c2" />
      <TestMethod codeBase="D:\actions-runner\_work\XPCO\XPCO\LogServer\Server\VideoOS.LogServer.Tests\bin\Debug\VideoOS.LogServer.Tests.dll" adapterTypeName="executor://mstestadapter/v2" className="VideoOS.LogServer.Tests.Readers.FilterValueReaderTests" name="GetFilterValuesAsync_ShouldPassParameters" />
    </UnitTest>
    <UnitTest name="CreateLogReader_ShouldThrowInvalidLogTypeException_WhenUnknownLogTypeIsProvided" storage="d:\actions-runner\_work\xpco\xpco\logserver\server\videoos.logserver.tests\bin\debug\videoos.logserver.tests.dll" id="e59a91f4-e261-7412-d22f-9e023a35acfb">
      <Execution id="0787f540-1643-4b0e-83c8-04fae76c6de9" />
      <TestMethod codeBase="D:\actions-runner\_work\XPCO\XPCO\LogServer\Server\VideoOS.LogServer.Tests\bin\Debug\VideoOS.LogServer.Tests.dll" adapterTypeName="executor://mstestadapter/v2" className="VideoOS.LogServer.Tests.Storage.SqlServerFactoryTests" name="CreateLogReader_ShouldThrowInvalidLogTypeException_WhenUnknownLogTypeIsProvided" />
    </UnitTest>
    <UnitTest name="Method_ShouldCallValidateToken_WithAction_WithCorrectToken" storage="d:\actions-runner\_work\xpco\xpco\logserver\server\videoos.logserver.tests\bin\debug\videoos.logserver.tests.dll" id="8d6f159a-d3b6-803f-2d76-53607f783811">
      <Execution id="7e461d28-e725-425e-9be4-d4023623ec98" />
      <TestMethod codeBase="D:\actions-runner\_work\XPCO\XPCO\LogServer\Server\VideoOS.LogServer.Tests\bin\Debug\VideoOS.LogServer.Tests.dll" adapterTypeName="executor://mstestadapter/v2" className="VideoOS.LogServer.Tests.WebService.LogReaderServiceTests" name="Method_ShouldCallValidateToken_WithAction_WithCorrectToken" />
    </UnitTest>
    <UnitTest name="RemoveExpiredAsync_ShouldReturnFalse_IfDeletionFails" storage="d:\actions-runner\_work\xpco\xpco\logserver\server\videoos.logserver.tests\bin\debug\videoos.logserver.tests.dll" id="1bd328d2-e8fe-2c90-417e-2456c5ceb080">
      <Execution id="70aee79e-6556-4f3e-a124-cf47bd6390d3" />
      <TestMethod codeBase="D:\actions-runner\_work\XPCO\XPCO\LogServer\Server\VideoOS.LogServer.Tests\bin\Debug\VideoOS.LogServer.Tests.dll" adapterTypeName="executor://mstestadapter/v2" className="VideoOS.LogServer.Tests.Configuration.LogCleanupHandlerTests" name="RemoveExpiredAsync_ShouldReturnFalse_IfDeletionFails" />
    </UnitTest>
    <UnitTest name="ExtractLogMessageCategories_ShouldExtract_WithCorrectText" storage="d:\actions-runner\_work\xpco\xpco\logserver\server\videoos.logserver.tests\bin\debug\videoos.logserver.tests.dll" id="c81109bf-0139-7963-fa88-926e3f3e7d76">
      <Execution id="c0e6178e-db6f-4927-8637-62bd227673fb" />
      <TestMethod codeBase="D:\actions-runner\_work\XPCO\XPCO\LogServer\Server\VideoOS.LogServer.Tests\bin\Debug\VideoOS.LogServer.Tests.dll" adapterTypeName="executor://mstestadapter/v2" className="VideoOS.LogServer.Tests.Extensions.LegacyMessageXmlExtensionsTests" name="ExtractLogMessageCategories_ShouldExtract_WithCorrectText" />
    </UnitTest>
    <UnitTest name="LoadAsync_ShouldSetAuditLogRetention" storage="d:\actions-runner\_work\xpco\xpco\logserver\server\videoos.logserver.tests\bin\debug\videoos.logserver.tests.dll" id="bd880de7-2db0-f960-3aa9-a32e94eaeebf">
      <Execution id="8e53f860-fd96-4b10-807f-aee0949cf38e" />
      <TestMethod codeBase="D:\actions-runner\_work\XPCO\XPCO\LogServer\Server\VideoOS.LogServer.Tests\bin\Debug\VideoOS.LogServer.Tests.dll" adapterTypeName="executor://mstestadapter/v2" className="VideoOS.LogServer.Tests.Configuration.LogConfigurationTests" name="LoadAsync_ShouldSetAuditLogRetention" />
    </UnitTest>
    <UnitTest name="Start_ShouldNotHandleException_IfErrorHappensWhileRunningProvideServiceHosts" storage="d:\actions-runner\_work\xpco\xpco\logserver\server\videoos.logserver.tests\bin\debug\videoos.logserver.tests.dll" id="d632cdc5-3816-40d4-b1cd-2097ef26d2ca">
      <Execution id="1a7e3158-ac33-4f59-bbb9-5c16f9892f76" />
      <TestMethod codeBase="D:\actions-runner\_work\XPCO\XPCO\LogServer\Server\VideoOS.LogServer.Tests\bin\Debug\VideoOS.LogServer.Tests.dll" adapterTypeName="executor://mstestadapter/v2" className="VideoOS.LogServer.Tests.ServiceTests" name="Start_ShouldNotHandleException_IfErrorHappensWhileRunningProvideServiceHosts" />
    </UnitTest>
    <UnitTest name="ExtractLogMessageSourceTypes_ShouldExtract_WithCorrectText" storage="d:\actions-runner\_work\xpco\xpco\logserver\server\videoos.logserver.tests\bin\debug\videoos.logserver.tests.dll" id="48d7d92d-1cba-4cb4-04f0-21a16fc7eb30">
      <Execution id="2d815afd-26d4-45cb-9254-0ebe20dfcaf1" />
      <TestMethod codeBase="D:\actions-runner\_work\XPCO\XPCO\LogServer\Server\VideoOS.LogServer.Tests\bin\Debug\VideoOS.LogServer.Tests.dll" adapterTypeName="executor://mstestadapter/v2" className="VideoOS.LogServer.Tests.Extensions.LegacyMessageXmlExtensionsTests" name="ExtractLogMessageSourceTypes_ShouldExtract_WithCorrectText" />
    </UnitTest>
    <UnitTest name="RemoveExpired_ShouldForceDeletion_WhenForcedDeleteIsTrueAndLastDeletedGreaterThan12Hours" storage="d:\actions-runner\_work\xpco\xpco\logserver\server\videoos.logserver.tests\bin\debug\videoos.logserver.tests.dll" id="bf374353-52a0-cca6-1475-c57e771fd438">
      <Execution id="4ce11294-b57e-4256-841f-1533ed7487d6" />
      <TestMethod codeBase="D:\actions-runner\_work\XPCO\XPCO\LogServer\Server\VideoOS.LogServer.Tests\bin\Debug\VideoOS.LogServer.Tests.dll" adapterTypeName="executor://mstestadapter/v2" className="VideoOS.LogServer.Tests.Configuration.LogConfigurationHandlerTests" name="RemoveExpired_ShouldForceDeletion_WhenForcedDeleteIsTrueAndLastDeletedGreaterThan12Hours" />
    </UnitTest>
    <UnitTest name="Property_ShouldSucceed_WhenResourceIsAString" storage="d:\actions-runner\_work\xpco\xpco\logserver\server\videoos.logserver.tests\bin\debug\videoos.logserver.tests.dll" id="aa656f82-9e44-5a1a-276d-38427026194d">
      <Execution id="72aa4cdc-1c33-4d9b-ad6d-e4f392b1fdf8" />
      <TestMethod codeBase="D:\actions-runner\_work\XPCO\XPCO\LogServer\Server\VideoOS.LogServer.Tests\bin\Debug\VideoOS.LogServer.Tests.dll" adapterTypeName="executor://mstestadapter/v2" className="VideoOS.LogServer.Tests.Resources.OemResourcesTests" name="Property_ShouldSucceed_WhenResourceIsAString" />
    </UnitTest>
    <UnitTest name="PerformDeletionIfDue_ShouldCall_UpdateLastGuaranteedDeletionAsync_Correctly (11/11/2023 00:00:00,11/10/2023 01:00:00,5,False)" storage="d:\actions-runner\_work\xpco\xpco\logserver\server\videoos.logserver.tests\bin\debug\videoos.logserver.tests.dll" id="2a282dd0-4c79-0f43-d28a-2a8356b63131">
      <Execution id="8fbe6bed-8ffa-4e44-9c03-a7e38f164951" />
      <TestMethod codeBase="D:\actions-runner\_work\XPCO\XPCO\LogServer\Server\VideoOS.LogServer.Tests\bin\Debug\VideoOS.LogServer.Tests.dll" adapterTypeName="executor://mstestadapter/v2" className="VideoOS.LogServer.Tests.Configuration.LogConfigurationHandlerTests" name="PerformDeletionIfDue_ShouldCall_UpdateLastGuaranteedDeletionAsync_Correctly" />
    </UnitTest>
    <UnitTest name="Constructors_ShouldNotAllowInjectionOfNulls" storage="d:\actions-runner\_work\xpco\xpco\logserver\server\videoos.logserver.tests\bin\debug\videoos.logserver.tests.dll" id="bb8f7a4d-59e3-abee-b90b-17cf48cfb47e">
      <Execution id="7b8985ef-8aef-47e1-ae4d-c7fdfa421f75" />
      <TestMethod codeBase="D:\actions-runner\_work\XPCO\XPCO\LogServer\Server\VideoOS.LogServer.Tests\bin\Debug\VideoOS.LogServer.Tests.dll" adapterTypeName="executor://mstestadapter/v2" className="VideoOS.LogServer.Tests.Readers.QuerySessionLogReaderTests" name="Constructors_ShouldNotAllowInjectionOfNulls" />
    </UnitTest>
    <UnitTest name="CreateLogReader_ShouldCreateRuleLogReader_WhenRuleLogTypeIsProvided" storage="d:\actions-runner\_work\xpco\xpco\logserver\server\videoos.logserver.tests\bin\debug\videoos.logserver.tests.dll" id="07edff7e-2d83-ef27-daec-2fa8cb68d183">
      <Execution id="48626112-f7b2-47a2-9de8-ec202dcf7387" />
      <TestMethod codeBase="D:\actions-runner\_work\XPCO\XPCO\LogServer\Server\VideoOS.LogServer.Tests\bin\Debug\VideoOS.LogServer.Tests.dll" adapterTypeName="executor://mstestadapter/v2" className="VideoOS.LogServer.Tests.Storage.SqlServerFactoryTests" name="CreateLogReader_ShouldCreateRuleLogReader_WhenRuleLogTypeIsProvided" />
    </UnitTest>
    <UnitTest name="Constructors_ShouldNotAllowInjectionOfNulls" storage="d:\actions-runner\_work\xpco\xpco\logserver\server\videoos.logserver.tests\bin\debug\videoos.logserver.tests.dll" id="411ef798-cb8c-a1d1-d48a-32b58a5b9a61">
      <Execution id="55fc8874-d841-443a-a2a4-ba4794cd5005" />
      <TestMethod codeBase="D:\actions-runner\_work\XPCO\XPCO\LogServer\Server\VideoOS.LogServer.Tests\bin\Debug\VideoOS.LogServer.Tests.dll" adapterTypeName="executor://mstestadapter/v2" className="VideoOS.LogServer.Tests.ServiceTests" name="Constructors_ShouldNotAllowInjectionOfNulls" />
    </UnitTest>
    <UnitTest name="WriteLoglineAsync_ShouldCallWriteMessageInstanceSP" storage="d:\actions-runner\_work\xpco\xpco\logserver\server\videoos.logserver.tests\bin\debug\videoos.logserver.tests.dll" id="e3c4b40a-0e55-2e38-08a1-45c503b97faf">
      <Execution id="163395c0-bf2c-4a7f-9629-939dacf4427b" />
      <TestMethod codeBase="D:\actions-runner\_work\XPCO\XPCO\LogServer\Server\VideoOS.LogServer.Tests\bin\Debug\VideoOS.LogServer.Tests.dll" adapterTypeName="executor://mstestadapter/v2" className="VideoOS.LogServer.Tests.Writers.SqlServerLogWriterTests" name="WriteLoglineAsync_ShouldCallWriteMessageInstanceSP" />
    </UnitTest>
    <UnitTest name="FetchLoglinesAsync_ShouldReturnSystemLoglines" storage="d:\actions-runner\_work\xpco\xpco\logserver\server\videoos.logserver.tests\bin\debug\videoos.logserver.tests.dll" id="168c8704-06a5-6904-ffc8-4fda5ecb8a2b">
      <Execution id="c7911cba-113e-43d5-b9c5-38beb8e333ab" />
      <TestMethod codeBase="D:\actions-runner\_work\XPCO\XPCO\LogServer\Server\VideoOS.LogServer.Tests\bin\Debug\VideoOS.LogServer.Tests.dll" adapterTypeName="executor://mstestadapter/v2" className="VideoOS.LogServer.Tests.Readers.SystemLogReaderTests" name="FetchLoglinesAsync_ShouldReturnSystemLoglines" />
    </UnitTest>
    <UnitTest name="RegisterCategories_ShouldPassParametersToLogWriter (True)" storage="d:\actions-runner\_work\xpco\xpco\logserver\server\videoos.logserver.tests\bin\debug\videoos.logserver.tests.dll" id="9f00e005-cce3-cdb2-14c8-d1de22204abe">
      <Execution id="1a642e40-5c71-4a1b-a975-aacb9e51ebe7" />
      <TestMethod codeBase="D:\actions-runner\_work\XPCO\XPCO\LogServer\Server\VideoOS.LogServer.Tests\bin\Debug\VideoOS.LogServer.Tests.dll" adapterTypeName="executor://mstestadapter/v2" className="VideoOS.LogServer.Tests.WebService.LogWriterServiceTests" name="RegisterCategories_ShouldPassParametersToLogWriter" />
    </UnitTest>
    <UnitTest name="ExecuteWithParameters_ShouldThrowDatabaseException_IfCommandExecutionFails" storage="d:\actions-runner\_work\xpco\xpco\logserver\server\videoos.logserver.tests\bin\debug\videoos.logserver.tests.dll" id="063ab08e-8f53-7d15-0708-d6c1607b08ab">
      <Execution id="81f89172-d9c0-4703-afb4-cd0856052997" />
      <TestMethod codeBase="D:\actions-runner\_work\XPCO\XPCO\LogServer\Server\VideoOS.LogServer.Tests\bin\Debug\VideoOS.LogServer.Tests.dll" adapterTypeName="executor://mstestadapter/v2" className="VideoOS.LogServer.Tests.DB.StoredProcedureCommandHandlerTests" name="ExecuteWithParameters_ShouldThrowDatabaseException_IfCommandExecutionFails" />
    </UnitTest>
    <UnitTest name="LogMessageSourceType_ToStorage_ShouldThrowArgumentNullException_IfValueIsNull" storage="d:\actions-runner\_work\xpco\xpco\logserver\server\videoos.logserver.tests\bin\debug\videoos.logserver.tests.dll" id="a226c0a5-ca0f-248c-3924-69b935bb5567">
      <Execution id="ae847eb4-354f-405c-b265-04bc7bf4bac4" />
      <TestMethod codeBase="D:\actions-runner\_work\XPCO\XPCO\LogServer\Server\VideoOS.LogServer.Tests\bin\Debug\VideoOS.LogServer.Tests.dll" adapterTypeName="executor://mstestadapter/v2" className="VideoOS.LogServer.Tests.Extensions.DataContractExtensionsTests" name="LogMessageSourceType_ToStorage_ShouldThrowArgumentNullException_IfValueIsNull" />
    </UnitTest>
    <UnitTest name="UpdateAnonymousLoggingAsync_ShouldNotChangeAnonymousLoggingAsync_WhenUpdateFails" storage="d:\actions-runner\_work\xpco\xpco\logserver\server\videoos.logserver.tests\bin\debug\videoos.logserver.tests.dll" id="3ae3f7c0-817c-c46f-7f30-fb70276f86d4">
      <Execution id="7088e340-ed6e-4b88-8560-6f344229167d" />
      <TestMethod codeBase="D:\actions-runner\_work\XPCO\XPCO\LogServer\Server\VideoOS.LogServer.Tests\bin\Debug\VideoOS.LogServer.Tests.dll" adapterTypeName="executor://mstestadapter/v2" className="VideoOS.LogServer.Tests.Configuration.LogConfigurationTests" name="UpdateAnonymousLoggingAsync_ShouldNotChangeAnonymousLoggingAsync_WhenUpdateFails" />
    </UnitTest>
    <UnitTest name="WriteLoglineAsync_ShouldPassParametersToLogWriter (False)" storage="d:\actions-runner\_work\xpco\xpco\logserver\server\videoos.logserver.tests\bin\debug\videoos.logserver.tests.dll" id="04abea50-601f-4fca-95f4-bec5b318346d">
      <Execution id="e2ab7e1b-e081-4fb9-93c4-b77ae8eccc8a" />
      <TestMethod codeBase="D:\actions-runner\_work\XPCO\XPCO\LogServer\Server\VideoOS.LogServer.Tests\bin\Debug\VideoOS.LogServer.Tests.dll" adapterTypeName="executor://mstestadapter/v2" className="VideoOS.LogServer.Tests.WebService.LogWriterServiceTests" name="WriteLoglineAsync_ShouldPassParametersToLogWriter" />
    </UnitTest>
    <UnitTest name="UpdateRetentionsAsync_ShouldNotDoAnything_IfNewValuesAreAllZeros" storage="d:\actions-runner\_work\xpco\xpco\logserver\server\videoos.logserver.tests\bin\debug\videoos.logserver.tests.dll" id="5c261d7e-2571-7b3d-897f-b6bb7590d37a">
      <Execution id="b7000cca-392c-4459-997e-75d3c091123e" />
      <TestMethod codeBase="D:\actions-runner\_work\XPCO\XPCO\LogServer\Server\VideoOS.LogServer.Tests\bin\Debug\VideoOS.LogServer.Tests.dll" adapterTypeName="executor://mstestadapter/v2" className="VideoOS.LogServer.Tests.Configuration.LogConfigurationHandlerTests" name="UpdateRetentionsAsync_ShouldNotDoAnything_IfNewValuesAreAllZeros" />
    </UnitTest>
    <UnitTest name="UpdateLastGuaranteedDeletionAsync_ShouldNotChangeGuaranteedDeletion_WhenUpdateFails" storage="d:\actions-runner\_work\xpco\xpco\logserver\server\videoos.logserver.tests\bin\debug\videoos.logserver.tests.dll" id="29b446c8-895d-c6f8-de01-0594f2a1c587">
      <Execution id="6fe9352e-53d0-4351-b30f-651661f48176" />
      <TestMethod codeBase="D:\actions-runner\_work\XPCO\XPCO\LogServer\Server\VideoOS.LogServer.Tests\bin\Debug\VideoOS.LogServer.Tests.dll" adapterTypeName="executor://mstestadapter/v2" className="VideoOS.LogServer.Tests.Configuration.LogConfigurationTests" name="UpdateLastGuaranteedDeletionAsync_ShouldNotChangeGuaranteedDeletion_WhenUpdateFails" />
    </UnitTest>
    <UnitTest name="GetLogsReadTimeout_ShouldReturnNull_WhenConfiguredValueIsInvalid" storage="d:\actions-runner\_work\xpco\xpco\logserver\server\videoos.logserver.tests\bin\debug\videoos.logserver.tests.dll" id="2a11bb12-efdc-c74b-5abf-05799bc83f80">
      <Execution id="d576efc3-5b19-4aa5-923f-006b895d3549" />
      <TestMethod codeBase="D:\actions-runner\_work\XPCO\XPCO\LogServer\Server\VideoOS.LogServer.Tests\bin\Debug\VideoOS.LogServer.Tests.dll" adapterTypeName="executor://mstestadapter/v2" className="VideoOS.LogServer.Tests.DB.TimeoutConfigurationTest" name="GetLogsReadTimeout_ShouldReturnNull_WhenConfiguredValueIsInvalid" />
    </UnitTest>
    <UnitTest name="WriteLegacyLoglineAsync_ShouldCallWriteMessageInstanceLegacySP" storage="d:\actions-runner\_work\xpco\xpco\logserver\server\videoos.logserver.tests\bin\debug\videoos.logserver.tests.dll" id="99d378a4-954f-6041-63cb-6656cd516a7b">
      <Execution id="28fc8a5c-3a57-415c-83fa-ac562f09c9a5" />
      <TestMethod codeBase="D:\actions-runner\_work\XPCO\XPCO\LogServer\Server\VideoOS.LogServer.Tests\bin\Debug\VideoOS.LogServer.Tests.dll" adapterTypeName="executor://mstestadapter/v2" className="VideoOS.LogServer.Tests.Writers.SqlServerLogWriterTests" name="WriteLegacyLoglineAsync_ShouldCallWriteMessageInstanceLegacySP" />
    </UnitTest>
    <UnitTest name="UpdateRetentionsAsync_ShouldChangeExistingRetentions" storage="d:\actions-runner\_work\xpco\xpco\logserver\server\videoos.logserver.tests\bin\debug\videoos.logserver.tests.dll" id="768fab34-b3b5-1dae-3ecc-919d464dc3af">
      <Execution id="bdedff93-cb47-4f24-ac48-0d0d8ced92a6" />
      <TestMethod codeBase="D:\actions-runner\_work\XPCO\XPCO\LogServer\Server\VideoOS.LogServer.Tests\bin\Debug\VideoOS.LogServer.Tests.dll" adapterTypeName="executor://mstestadapter/v2" className="VideoOS.LogServer.Tests.Configuration.LogConfigurationTests" name="UpdateRetentionsAsync_ShouldChangeExistingRetentions" />
    </UnitTest>
    <UnitTest name="WriteLoglineAsync_ShouldIncreaseWritingFrequencyCounter" storage="d:\actions-runner\_work\xpco\xpco\logserver\server\videoos.logserver.tests\bin\debug\videoos.logserver.tests.dll" id="3fa1efea-04df-0715-5224-3faefa634d4c">
      <Execution id="5ed7427e-c41d-4fe0-bbb6-8405be15fb96" />
      <TestMethod codeBase="D:\actions-runner\_work\XPCO\XPCO\LogServer\Server\VideoOS.LogServer.Tests\bin\Debug\VideoOS.LogServer.Tests.dll" adapterTypeName="executor://mstestadapter/v2" className="VideoOS.LogServer.Tests.Writers.SqlServerLogWriterTests" name="WriteLoglineAsync_ShouldIncreaseWritingFrequencyCounter" />
    </UnitTest>
    <UnitTest name="Constructors_ShouldNotAllowInjectionOfNulls" storage="d:\actions-runner\_work\xpco\xpco\logserver\server\videoos.logserver.tests\bin\debug\videoos.logserver.tests.dll" id="8b383180-dbd7-0c21-f30b-f2b8a219d9d7">
      <Execution id="86a7050b-84e8-4c4c-81b4-0cd1e996dfbe" />
      <TestMethod codeBase="D:\actions-runner\_work\XPCO\XPCO\LogServer\Server\VideoOS.LogServer.Tests\bin\Debug\VideoOS.LogServer.Tests.dll" adapterTypeName="executor://mstestadapter/v2" className="VideoOS.LogServer.Tests.WebService.LogRetentionServiceTests" name="Constructors_ShouldNotAllowInjectionOfNulls" />
    </UnitTest>
    <UnitTest name="RemoveExpired_ShouldNotForceDeletion_WhenForcedDeleteIsFalse" storage="d:\actions-runner\_work\xpco\xpco\logserver\server\videoos.logserver.tests\bin\debug\videoos.logserver.tests.dll" id="55942c13-e5ff-2d5d-73a9-b4e10adff844">
      <Execution id="556636ea-c924-4caf-81c0-c1f78971fdd4" />
      <TestMethod codeBase="D:\actions-runner\_work\XPCO\XPCO\LogServer\Server\VideoOS.LogServer.Tests\bin\Debug\VideoOS.LogServer.Tests.dll" adapterTypeName="executor://mstestadapter/v2" className="VideoOS.LogServer.Tests.Configuration.LogConfigurationHandlerTests" name="RemoveExpired_ShouldNotForceDeletion_WhenForcedDeleteIsFalse" />
    </UnitTest>
    <UnitTest name="LoadAsync_ShouldSetRuleLogRetention" storage="d:\actions-runner\_work\xpco\xpco\logserver\server\videoos.logserver.tests\bin\debug\videoos.logserver.tests.dll" id="5ea27412-d887-9544-5a93-57d49722b12e">
      <Execution id="261b86b5-5c42-4ffb-89ab-98e0f548fddd" />
      <TestMethod codeBase="D:\actions-runner\_work\XPCO\XPCO\LogServer\Server\VideoOS.LogServer.Tests\bin\Debug\VideoOS.LogServer.Tests.dll" adapterTypeName="executor://mstestadapter/v2" className="VideoOS.LogServer.Tests.Configuration.LogConfigurationTests" name="LoadAsync_ShouldSetRuleLogRetention" />
    </UnitTest>
    <UnitTest name="EndQuerySessionAsync_ShouldTerminateSession_WithProvidedQuerySessionId (False)" storage="d:\actions-runner\_work\xpco\xpco\logserver\server\videoos.logserver.tests\bin\debug\videoos.logserver.tests.dll" id="8c625aee-fbc4-80d9-7e5b-5e824be75ac3">
      <Execution id="61d2dab2-a285-4c11-96f1-45968249418d" />
      <TestMethod codeBase="D:\actions-runner\_work\XPCO\XPCO\LogServer\Server\VideoOS.LogServer.Tests\bin\Debug\VideoOS.LogServer.Tests.dll" adapterTypeName="executor://mstestadapter/v2" className="VideoOS.LogServer.Tests.WebService.LogReaderServiceTests" name="EndQuerySessionAsync_ShouldTerminateSession_WithProvidedQuerySessionId" />
    </UnitTest>
    <UnitTest name="WriteLegacyLoglineAsync_ShouldPassParametersToLogWriter (True)" storage="d:\actions-runner\_work\xpco\xpco\logserver\server\videoos.logserver.tests\bin\debug\videoos.logserver.tests.dll" id="fd8e593e-8f71-af4a-b9f2-d3973c4c8bcf">
      <Execution id="40a8a178-4fdf-49fa-ac36-0eaf8eef3de7" />
      <TestMethod codeBase="D:\actions-runner\_work\XPCO\XPCO\LogServer\Server\VideoOS.LogServer.Tests\bin\Debug\VideoOS.LogServer.Tests.dll" adapterTypeName="executor://mstestadapter/v2" className="VideoOS.LogServer.Tests.WebService.LogWriterServiceTests" name="WriteLegacyLoglineAsync_ShouldPassParametersToLogWriter" />
    </UnitTest>
    <UnitTest name="ToLogMessages_ShouldTransformEntriesToLogMessages_WithCorrectMessageText" storage="d:\actions-runner\_work\xpco\xpco\logserver\server\videoos.logserver.tests\bin\debug\videoos.logserver.tests.dll" id="461c532f-c917-e381-5c12-bc45dd58a2e6">
      <Execution id="2d1d3871-1f46-415b-ab4a-77622c8af360" />
      <TestMethod codeBase="D:\actions-runner\_work\XPCO\XPCO\LogServer\Server\VideoOS.LogServer.Tests\bin\Debug\VideoOS.LogServer.Tests.dll" adapterTypeName="executor://mstestadapter/v2" className="VideoOS.LogServer.Tests.Extensions.LegacyMessageXmlExtensionsTests" name="ToLogMessages_ShouldTransformEntriesToLogMessages_WithCorrectMessageText" />
    </UnitTest>
    <UnitTest name="Constructors_ShouldNotAllowInjectionOfNulls" storage="d:\actions-runner\_work\xpco\xpco\logserver\server\videoos.logserver.tests\bin\debug\videoos.logserver.tests.dll" id="ae67d189-8768-4d42-e0db-575f082bf6ef">
      <Execution id="93bf8c7c-7845-4ca1-9d78-ae5ff3ee483d" />
      <TestMethod codeBase="D:\actions-runner\_work\XPCO\XPCO\LogServer\Server\VideoOS.LogServer.Tests\bin\Debug\VideoOS.LogServer.Tests.dll" adapterTypeName="executor://mstestadapter/v2" className="VideoOS.LogServer.Tests.Readers.AuditLogReaderTests" name="Constructors_ShouldNotAllowInjectionOfNulls" />
    </UnitTest>
    <UnitTest name="LegacyLogMessage_ToStorage_ShouldThrowArgumentNullException_IfValueIsNull" storage="d:\actions-runner\_work\xpco\xpco\logserver\server\videoos.logserver.tests\bin\debug\videoos.logserver.tests.dll" id="eb37f6b5-fbef-e348-651e-fd70328f3cab">
      <Execution id="02db53f2-7287-4104-af54-eb6da2f92835" />
      <TestMethod codeBase="D:\actions-runner\_work\XPCO\XPCO\LogServer\Server\VideoOS.LogServer.Tests\bin\Debug\VideoOS.LogServer.Tests.dll" adapterTypeName="executor://mstestadapter/v2" className="VideoOS.LogServer.Tests.Extensions.DataContractExtensionsTests" name="LegacyLogMessage_ToStorage_ShouldThrowArgumentNullException_IfValueIsNull" />
    </UnitTest>
    <UnitTest name="Constructors_ShouldNotAllowInjectionOfNulls" storage="d:\actions-runner\_work\xpco\xpco\logserver\server\videoos.logserver.tests\bin\debug\videoos.logserver.tests.dll" id="8a128c2a-9be9-0578-d56f-9e431b92e4d6">
      <Execution id="19599652-393b-420c-b2db-f15623afc175" />
      <TestMethod codeBase="D:\actions-runner\_work\XPCO\XPCO\LogServer\Server\VideoOS.LogServer.Tests\bin\Debug\VideoOS.LogServer.Tests.dll" adapterTypeName="executor://mstestadapter/v2" className="VideoOS.LogServer.Tests.WebService.LogReaderServiceTests" name="Constructors_ShouldNotAllowInjectionOfNulls" />
    </UnitTest>
    <UnitTest name="Stop_ShouldNotHandleGeneralException_IfErrorHappensWhileClosingServiceCommunications" storage="d:\actions-runner\_work\xpco\xpco\logserver\server\videoos.logserver.tests\bin\debug\videoos.logserver.tests.dll" id="c0fed45b-6475-73e7-3be9-95b5ff37691a">
      <Execution id="4052b595-c509-43dc-80b1-d9f9a49e413d" />
      <TestMethod codeBase="D:\actions-runner\_work\XPCO\XPCO\LogServer\Server\VideoOS.LogServer.Tests\bin\Debug\VideoOS.LogServer.Tests.dll" adapterTypeName="executor://mstestadapter/v2" className="VideoOS.LogServer.Tests.ServiceTests" name="Stop_ShouldNotHandleGeneralException_IfErrorHappensWhileClosingServiceCommunications" />
    </UnitTest>
    <UnitTest name="SystemLogline_ToDataContract_ShouldTransformSystemLoglineDataObject" storage="d:\actions-runner\_work\xpco\xpco\logserver\server\videoos.logserver.tests\bin\debug\videoos.logserver.tests.dll" id="08d23c4a-537a-0689-fcea-9b2316443b98">
      <Execution id="6864c18a-0a3f-47df-b2e5-e19063dbb349" />
      <TestMethod codeBase="D:\actions-runner\_work\XPCO\XPCO\LogServer\Server\VideoOS.LogServer.Tests\bin\Debug\VideoOS.LogServer.Tests.dll" adapterTypeName="executor://mstestadapter/v2" className="VideoOS.LogServer.Tests.Extensions.StorageExtensionsTests" name="SystemLogline_ToDataContract_ShouldTransformSystemLoglineDataObject" />
    </UnitTest>
    <UnitTest name="RuleLogline_ToDataContract_ShouldTransformRuleLoglineDataObject" storage="d:\actions-runner\_work\xpco\xpco\logserver\server\videoos.logserver.tests\bin\debug\videoos.logserver.tests.dll" id="47879ec5-ea7f-5a14-7b18-2063323c882f">
      <Execution id="8cd331db-b1ba-4e0c-87ce-622e0778e85f" />
      <TestMethod codeBase="D:\actions-runner\_work\XPCO\XPCO\LogServer\Server\VideoOS.LogServer.Tests\bin\Debug\VideoOS.LogServer.Tests.dll" adapterTypeName="executor://mstestadapter/v2" className="VideoOS.LogServer.Tests.Extensions.StorageExtensionsTests" name="RuleLogline_ToDataContract_ShouldTransformRuleLoglineDataObject" />
    </UnitTest>
    <UnitTest name="RemoveExpiredAsync_ShouldCallDeleteExpiredMessageInstancesStoredProcedure_WithCorrectParams" storage="d:\actions-runner\_work\xpco\xpco\logserver\server\videoos.logserver.tests\bin\debug\videoos.logserver.tests.dll" id="305e11f7-5a75-0362-db1d-52ee6cd4fe20">
      <Execution id="1186aa88-95a1-46be-adab-6f343f2c089f" />
      <TestMethod codeBase="D:\actions-runner\_work\XPCO\XPCO\LogServer\Server\VideoOS.LogServer.Tests\bin\Debug\VideoOS.LogServer.Tests.dll" adapterTypeName="executor://mstestadapter/v2" className="VideoOS.LogServer.Tests.Configuration.LogCleanupHandlerTests" name="RemoveExpiredAsync_ShouldCallDeleteExpiredMessageInstancesStoredProcedure_WithCorrectParams" />
    </UnitTest>
    <UnitTest name="ExtractAsync_ShouldSplitLoglines" storage="d:\actions-runner\_work\xpco\xpco\logserver\server\videoos.logserver.tests\bin\debug\videoos.logserver.tests.dll" id="8b6809f5-ea39-8a2b-ea7b-725a677db564">
      <Execution id="c2f0c04f-2a0a-4f19-8077-ac0d513b2442" />
      <TestMethod codeBase="D:\actions-runner\_work\XPCO\XPCO\LogServer\Server\VideoOS.LogServer.Tests\bin\Debug\VideoOS.LogServer.Tests.dll" adapterTypeName="executor://mstestadapter/v2" className="VideoOS.LogServer.Tests.DB.ColumnParsers.AuditLogColumnParserTests" name="ExtractAsync_ShouldSplitLoglines" />
    </UnitTest>
    <UnitTest name="LogMessageText_ToStorage_PropertiesAreTransferred" storage="d:\actions-runner\_work\xpco\xpco\logserver\server\videoos.logserver.tests\bin\debug\videoos.logserver.tests.dll" id="a5714d74-d9c1-e9f2-4b22-07d73f18f04b">
      <Execution id="edc0c096-1e0d-463d-a4bd-b3bac2aafe84" />
      <TestMethod codeBase="D:\actions-runner\_work\XPCO\XPCO\LogServer\Server\VideoOS.LogServer.Tests\bin\Debug\VideoOS.LogServer.Tests.dll" adapterTypeName="executor://mstestadapter/v2" className="VideoOS.LogServer.Tests.Extensions.DataContractExtensionsTests" name="LogMessageText_ToStorage_PropertiesAreTransferred" />
    </UnitTest>
    <UnitTest name="Method_ShouldCallValidateToken_WithCorrectToken" storage="d:\actions-runner\_work\xpco\xpco\logserver\server\videoos.logserver.tests\bin\debug\videoos.logserver.tests.dll" id="bd042076-2402-fb19-56c3-223eeac85ec4">
      <Execution id="8a80c535-8ce6-4332-8f44-c08c18a26246" />
      <TestMethod codeBase="D:\actions-runner\_work\XPCO\XPCO\LogServer\Server\VideoOS.LogServer.Tests\bin\Debug\VideoOS.LogServer.Tests.dll" adapterTypeName="executor://mstestadapter/v2" className="VideoOS.LogServer.Tests.WebService.LogWriterServiceTests" name="Method_ShouldCallValidateToken_WithCorrectToken" />
    </UnitTest>
    <UnitTest name="LogMessageText_ToStorage_ShouldThrowArgumentNullException_IfValueIsNull" storage="d:\actions-runner\_work\xpco\xpco\logserver\server\videoos.logserver.tests\bin\debug\videoos.logserver.tests.dll" id="2aed5c1c-004f-a3e4-3408-a089f3a767e6">
      <Execution id="514385ac-e2f3-4d7f-8a38-c306db9c7dcb" />
      <TestMethod codeBase="D:\actions-runner\_work\XPCO\XPCO\LogServer\Server\VideoOS.LogServer.Tests\bin\Debug\VideoOS.LogServer.Tests.dll" adapterTypeName="executor://mstestadapter/v2" className="VideoOS.LogServer.Tests.Extensions.DataContractExtensionsTests" name="LogMessageText_ToStorage_ShouldThrowArgumentNullException_IfValueIsNull" />
    </UnitTest>
    <UnitTest name="Set_ShouldThrowException_IfIdIsEmpty" storage="d:\actions-runner\_work\xpco\xpco\logserver\server\videoos.logserver.tests\bin\debug\videoos.logserver.tests.dll" id="cad41b5c-b5cf-535b-0e25-9943c1f6e70e">
      <Execution id="d6205343-7008-45d2-8ebc-de897f3590e8" />
      <TestMethod codeBase="D:\actions-runner\_work\XPCO\XPCO\LogServer\Server\VideoOS.LogServer.Tests\bin\Debug\VideoOS.LogServer.Tests.dll" adapterTypeName="executor://mstestadapter/v2" className="VideoOS.LogServer.Tests.Cache.MemoryCacheWrapperTests" name="Set_ShouldThrowException_IfIdIsEmpty" />
    </UnitTest>
    <UnitTest name="ExtractLogMessageSourceTypes_ShouldExtract_WithCorrectId" storage="d:\actions-runner\_work\xpco\xpco\logserver\server\videoos.logserver.tests\bin\debug\videoos.logserver.tests.dll" id="df10cae5-aa05-e478-ca06-77c2867d5871">
      <Execution id="f04ed2e3-4de9-48be-9919-0378bca87585" />
      <TestMethod codeBase="D:\actions-runner\_work\XPCO\XPCO\LogServer\Server\VideoOS.LogServer.Tests\bin\Debug\VideoOS.LogServer.Tests.dll" adapterTypeName="executor://mstestadapter/v2" className="VideoOS.LogServer.Tests.Extensions.LegacyMessageXmlExtensionsTests" name="ExtractLogMessageSourceTypes_ShouldExtract_WithCorrectId" />
    </UnitTest>
    <UnitTest name="UpdateRetentionsAsync_ShouldUpdateRetentionsInConfiguration" storage="d:\actions-runner\_work\xpco\xpco\logserver\server\videoos.logserver.tests\bin\debug\videoos.logserver.tests.dll" id="67674565-a205-af8e-ea43-872acf0efcc5">
      <Execution id="2d7a50a0-14b5-44df-aead-631d28637b30" />
      <TestMethod codeBase="D:\actions-runner\_work\XPCO\XPCO\LogServer\Server\VideoOS.LogServer.Tests\bin\Debug\VideoOS.LogServer.Tests.dll" adapterTypeName="executor://mstestadapter/v2" className="VideoOS.LogServer.Tests.Configuration.LogConfigurationHandlerTests" name="UpdateRetentionsAsync_ShouldUpdateRetentionsInConfiguration" />
    </UnitTest>
    <UnitTest name="OemResource_ShouldThrowInvalidOemResourceException_WhenSignatureIsInvalid" storage="d:\actions-runner\_work\xpco\xpco\logserver\server\videoos.logserver.tests\bin\debug\videoos.logserver.tests.dll" id="2d1376f0-c9ba-c269-4739-9431be71f2bf">
      <Execution id="2c851947-94ef-42e8-b651-18b0b795b6cf" />
      <TestMethod codeBase="D:\actions-runner\_work\XPCO\XPCO\LogServer\Server\VideoOS.LogServer.Tests\bin\Debug\VideoOS.LogServer.Tests.dll" adapterTypeName="executor://mstestadapter/v2" className="VideoOS.LogServer.Tests.Resources.OemResourcesTests" name="OemResource_ShouldThrowInvalidOemResourceException_WhenSignatureIsInvalid" />
    </UnitTest>
    <UnitTest name="UpdateRetentionsAsync_ShouldNotChangeRuleLogRetention_WhenUpdateFails" storage="d:\actions-runner\_work\xpco\xpco\logserver\server\videoos.logserver.tests\bin\debug\videoos.logserver.tests.dll" id="397fcd6d-c615-3497-e06b-0e9047287291">
      <Execution id="2a69170d-d277-4481-8496-ac38061db037" />
      <TestMethod codeBase="D:\actions-runner\_work\XPCO\XPCO\LogServer\Server\VideoOS.LogServer.Tests\bin\Debug\VideoOS.LogServer.Tests.dll" adapterTypeName="executor://mstestadapter/v2" className="VideoOS.LogServer.Tests.Configuration.LogConfigurationTests" name="UpdateRetentionsAsync_ShouldNotChangeRuleLogRetention_WhenUpdateFails" />
    </UnitTest>
    <UnitTest name="FetchLoglinesAsync_ShouldReturnRuleLoglines" storage="d:\actions-runner\_work\xpco\xpco\logserver\server\videoos.logserver.tests\bin\debug\videoos.logserver.tests.dll" id="2449653f-1ee0-d329-f5fa-8a52d6be79de">
      <Execution id="04c19a24-4421-42e4-9dc1-1e6a90b8cd74" />
      <TestMethod codeBase="D:\actions-runner\_work\XPCO\XPCO\LogServer\Server\VideoOS.LogServer.Tests\bin\Debug\VideoOS.LogServer.Tests.dll" adapterTypeName="executor://mstestadapter/v2" className="VideoOS.LogServer.Tests.Readers.RuleLogReaderTests" name="FetchLoglinesAsync_ShouldReturnRuleLoglines" />
    </UnitTest>
    <UnitTest name="PerformDeletionIfDue_ShouldCall_UpdateLastGuaranteedDeletionAsync_Correctly (11/11/2023 00:00:00,11/01/2023 00:00:00,0,True)" storage="d:\actions-runner\_work\xpco\xpco\logserver\server\videoos.logserver.tests\bin\debug\videoos.logserver.tests.dll" id="a30ebe19-dbb4-ace3-f5fb-f5c55ebecfa0">
      <Execution id="50de2d2d-6ed2-41d3-aec8-585b90e1869b" />
      <TestMethod codeBase="D:\actions-runner\_work\XPCO\XPCO\LogServer\Server\VideoOS.LogServer.Tests\bin\Debug\VideoOS.LogServer.Tests.dll" adapterTypeName="executor://mstestadapter/v2" className="VideoOS.LogServer.Tests.Configuration.LogConfigurationHandlerTests" name="PerformDeletionIfDue_ShouldCall_UpdateLastGuaranteedDeletionAsync_Correctly" />
    </UnitTest>
    <UnitTest name="ReadLogStarted_ShouldRegisterMessageIn2LanguagesIfFound" storage="d:\actions-runner\_work\xpco\xpco\logserver\server\videoos.logserver.tests\bin\debug\videoos.logserver.tests.dll" id="e873daae-88ef-27cd-c921-914f2a5e398a">
      <Execution id="9ff7f53d-572c-4ebe-8335-df4080e58858" />
      <TestMethod codeBase="D:\actions-runner\_work\XPCO\XPCO\LogServer\Server\VideoOS.LogServer.Tests\bin\Debug\VideoOS.LogServer.Tests.dll" adapterTypeName="executor://mstestadapter/v2" className="VideoOS.LogServer.Tests.AuditLog.AuditLoggerTests" name="ReadLogStarted_ShouldRegisterMessageIn2LanguagesIfFound" />
    </UnitTest>
    <UnitTest name="ReadLogStarted_ShouldGenerateCorrectParameters" storage="d:\actions-runner\_work\xpco\xpco\logserver\server\videoos.logserver.tests\bin\debug\videoos.logserver.tests.dll" id="31490885-ba4b-19a1-eee4-7c3bd386df8b">
      <Execution id="e7fbc29e-f959-44ee-a4eb-73c5803e06fa" />
      <TestMethod codeBase="D:\actions-runner\_work\XPCO\XPCO\LogServer\Server\VideoOS.LogServer.Tests\bin\Debug\VideoOS.LogServer.Tests.dll" adapterTypeName="executor://mstestadapter/v2" className="VideoOS.LogServer.Tests.AuditLog.AuditLoggerTests" name="ReadLogStarted_ShouldGenerateCorrectParameters" />
    </UnitTest>
    <UnitTest name="ReplaceParameter_ShouldDoNothingIfParameterIsNotFound" storage="d:\actions-runner\_work\xpco\xpco\logserver\server\videoos.logserver.tests\bin\debug\videoos.logserver.tests.dll" id="e492894a-cccd-7ecf-f73c-f66be96368f6">
      <Execution id="009c356a-fdca-4725-bd91-a611c00d47ed" />
      <TestMethod codeBase="D:\actions-runner\_work\XPCO\XPCO\LogServer\Server\VideoOS.LogServer.Tests\bin\Debug\VideoOS.LogServer.Tests.dll" adapterTypeName="executor://mstestadapter/v2" className="VideoOS.LogServer.Tests.Extensions.StringExtensionsTests" name="ReplaceParameter_ShouldDoNothingIfParameterIsNotFound" />
    </UnitTest>
    <UnitTest name="QueryWithParameters_ShouldSetCommandTimeout_WhenATimeoutIsSpecified" storage="d:\actions-runner\_work\xpco\xpco\logserver\server\videoos.logserver.tests\bin\debug\videoos.logserver.tests.dll" id="bd7bf742-374f-b829-39d1-dc907ba3e53d">
      <Execution id="85409dcf-ede5-4e63-95fa-f5903e0325b6" />
      <TestMethod codeBase="D:\actions-runner\_work\XPCO\XPCO\LogServer\Server\VideoOS.LogServer.Tests\bin\Debug\VideoOS.LogServer.Tests.dll" adapterTypeName="executor://mstestadapter/v2" className="VideoOS.LogServer.Tests.DB.StoredProcedureQueryHandlerTests" name="QueryWithParameters_ShouldSetCommandTimeout_WhenATimeoutIsSpecified" />
    </UnitTest>
    <UnitTest name="CreateLogReader_ShouldCreateAuditLogReader_WhenAuditLogTypeIsProvided" storage="d:\actions-runner\_work\xpco\xpco\logserver\server\videoos.logserver.tests\bin\debug\videoos.logserver.tests.dll" id="859f32db-1a3b-11dc-3b90-77670f4af2f7">
      <Execution id="b2a8147f-8372-43b0-a177-4dfe75bc7410" />
      <TestMethod codeBase="D:\actions-runner\_work\XPCO\XPCO\LogServer\Server\VideoOS.LogServer.Tests\bin\Debug\VideoOS.LogServer.Tests.dll" adapterTypeName="executor://mstestadapter/v2" className="VideoOS.LogServer.Tests.Storage.SqlServerFactoryTests" name="CreateLogReader_ShouldCreateAuditLogReader_WhenAuditLogTypeIsProvided" />
    </UnitTest>
    <UnitTest name="Start_ShouldOpenAllServiceCommunications" storage="d:\actions-runner\_work\xpco\xpco\logserver\server\videoos.logserver.tests\bin\debug\videoos.logserver.tests.dll" id="43fb071e-017a-60e3-56a1-11cd5a259516">
      <Execution id="572723be-2af5-4206-bcda-f0395154272b" />
      <TestMethod codeBase="D:\actions-runner\_work\XPCO\XPCO\LogServer\Server\VideoOS.LogServer.Tests\bin\Debug\VideoOS.LogServer.Tests.dll" adapterTypeName="executor://mstestadapter/v2" className="VideoOS.LogServer.Tests.ServiceTests" name="Start_ShouldOpenAllServiceCommunications" />
    </UnitTest>
    <UnitTest name="Constructors_ShouldNotAllowInjectionOfNulls" storage="d:\actions-runner\_work\xpco\xpco\logserver\server\videoos.logserver.tests\bin\debug\videoos.logserver.tests.dll" id="434d5d16-c87e-a025-7ce9-81c34044ed64">
      <Execution id="d1d33c7f-8ed3-47fa-8369-a3f5fb91106b" />
      <TestMethod codeBase="D:\actions-runner\_work\XPCO\XPCO\LogServer\Server\VideoOS.LogServer.Tests\bin\Debug\VideoOS.LogServer.Tests.dll" adapterTypeName="executor://mstestadapter/v2" className="VideoOS.LogServer.Tests.Readers.RuleLogReaderTests" name="Constructors_ShouldNotAllowInjectionOfNulls" />
    </UnitTest>
    <UnitTest name="GetFiltersTimeout_ShouldReturnIntValue_WhenConfiguredValueIsValid" storage="d:\actions-runner\_work\xpco\xpco\logserver\server\videoos.logserver.tests\bin\debug\videoos.logserver.tests.dll" id="76f15ad2-398a-ff53-5ced-0734278d432f">
      <Execution id="a18f47e5-a131-49da-9408-223276fb6d95" />
      <TestMethod codeBase="D:\actions-runner\_work\XPCO\XPCO\LogServer\Server\VideoOS.LogServer.Tests\bin\Debug\VideoOS.LogServer.Tests.dll" adapterTypeName="executor://mstestadapter/v2" className="VideoOS.LogServer.Tests.DB.TimeoutConfigurationTest" name="GetFiltersTimeout_ShouldReturnIntValue_WhenConfiguredValueIsValid" />
    </UnitTest>
    <UnitTest name="LoadAsync_ShouldSetSystemLogRetentionToDefault_IfDatabaseCallFail" storage="d:\actions-runner\_work\xpco\xpco\logserver\server\videoos.logserver.tests\bin\debug\videoos.logserver.tests.dll" id="c05e16e2-e983-c815-b7da-7916fbfbd4a5">
      <Execution id="6680c6c2-a656-4477-b4ec-806c595cd640" />
      <TestMethod codeBase="D:\actions-runner\_work\XPCO\XPCO\LogServer\Server\VideoOS.LogServer.Tests\bin\Debug\VideoOS.LogServer.Tests.dll" adapterTypeName="executor://mstestadapter/v2" className="VideoOS.LogServer.Tests.Configuration.LogConfigurationTests" name="LoadAsync_ShouldSetSystemLogRetentionToDefault_IfDatabaseCallFail" />
    </UnitTest>
    <UnitTest name="AuditLogline_ToDataContract_ShouldTransformAuditLoglineDataObject" storage="d:\actions-runner\_work\xpco\xpco\logserver\server\videoos.logserver.tests\bin\debug\videoos.logserver.tests.dll" id="2815fd0e-2035-074b-4aa9-1f9f75c6afe5">
      <Execution id="e08057f1-984b-4971-b728-1427760d237f" />
      <TestMethod codeBase="D:\actions-runner\_work\XPCO\XPCO\LogServer\Server\VideoOS.LogServer.Tests\bin\Debug\VideoOS.LogServer.Tests.dll" adapterTypeName="executor://mstestadapter/v2" className="VideoOS.LogServer.Tests.Extensions.StorageExtensionsTests" name="AuditLogline_ToDataContract_ShouldTransformAuditLoglineDataObject" />
    </UnitTest>
    <UnitTest name="QueryWithParameters_ShouldExecuteProcedureWithGivenParameters" storage="d:\actions-runner\_work\xpco\xpco\logserver\server\videoos.logserver.tests\bin\debug\videoos.logserver.tests.dll" id="71acd907-f8ef-f266-25aa-19cdaafdf552">
      <Execution id="5585bdbb-8beb-4e42-9fc6-e537cedaa68f" />
      <TestMethod codeBase="D:\actions-runner\_work\XPCO\XPCO\LogServer\Server\VideoOS.LogServer.Tests\bin\Debug\VideoOS.LogServer.Tests.dll" adapterTypeName="executor://mstestadapter/v2" className="VideoOS.LogServer.Tests.DB.StoredProcedureQueryHandlerTests" name="QueryWithParameters_ShouldExecuteProcedureWithGivenParameters" />
    </UnitTest>
    <UnitTest name="LoadAsync_ShouldSetGuaranteedDeletionTimestampToDefault_IfDatabaseCallFail" storage="d:\actions-runner\_work\xpco\xpco\logserver\server\videoos.logserver.tests\bin\debug\videoos.logserver.tests.dll" id="570542cd-d8b4-7656-273b-2efef5a67393">
      <Execution id="d508962a-35bb-40a7-89a3-efbdd1327f7d" />
      <TestMethod codeBase="D:\actions-runner\_work\XPCO\XPCO\LogServer\Server\VideoOS.LogServer.Tests\bin\Debug\VideoOS.LogServer.Tests.dll" adapterTypeName="executor://mstestadapter/v2" className="VideoOS.LogServer.Tests.Configuration.LogConfigurationTests" name="LoadAsync_ShouldSetGuaranteedDeletionTimestampToDefault_IfDatabaseCallFail" />
    </UnitTest>
    <UnitTest name="QueryInstanceCount_ShouldThrowDatabaseException_WhenProcedureNameIsUnknown" storage="d:\actions-runner\_work\xpco\xpco\logserver\server\videoos.logserver.tests\bin\debug\videoos.logserver.tests.dll" id="058a41c1-39c5-da85-0de2-460d5b19181a">
      <Execution id="c04d8a43-8aa1-4b1d-afbf-7e62586e77f8" />
      <TestMethod codeBase="D:\actions-runner\_work\XPCO\XPCO\LogServer\Server\VideoOS.LogServer.Tests\bin\Debug\VideoOS.LogServer.Tests.dll" adapterTypeName="executor://mstestadapter/v2" className="VideoOS.LogServer.Tests.DB.StoredProcedureQueryHandlerTests" name="QueryInstanceCount_ShouldThrowDatabaseException_WhenProcedureNameIsUnknown" />
    </UnitTest>
    <UnitTest name="Constructor_ShouldAddEventHandlerToModifyLogPath_OnlyWhenKeyIsFileAndLogTypeIsFilenameOrArchive (File,Filename,,C:\test,C:\test)" storage="d:\actions-runner\_work\xpco\xpco\logserver\server\videoos.logserver.tests\bin\debug\videoos.logserver.tests.dll" id="94070b35-32b5-2e82-c707-731cc4904ee4">
      <Execution id="8647e6dd-6dae-4b05-b86d-d537e43e97ec" />
      <TestMethod codeBase="D:\actions-runner\_work\XPCO\XPCO\LogServer\Server\VideoOS.LogServer.Tests\bin\Debug\VideoOS.LogServer.Tests.dll" adapterTypeName="executor://mstestadapter/v2" className="VideoOS.LogServer.Tests.Logging.LogFactoryTests" name="Constructor_ShouldAddEventHandlerToModifyLogPath_OnlyWhenKeyIsFileAndLogTypeIsFilenameOrArchive" />
    </UnitTest>
    <UnitTest name="UpdateLogRetentionsTokenAsync_ShouldValidateUser_WithAction" storage="d:\actions-runner\_work\xpco\xpco\logserver\server\videoos.logserver.tests\bin\debug\videoos.logserver.tests.dll" id="5c92e3a1-9732-0609-d397-b423210d7b4f">
      <Execution id="68ee2076-b12b-462c-824b-d9d435b80354" />
      <TestMethod codeBase="D:\actions-runner\_work\XPCO\XPCO\LogServer\Server\VideoOS.LogServer.Tests\bin\Debug\VideoOS.LogServer.Tests.dll" adapterTypeName="executor://mstestadapter/v2" className="VideoOS.LogServer.Tests.WebService.LogRetentionServiceTests" name="UpdateLogRetentionsTokenAsync_ShouldValidateUser_WithAction" />
    </UnitTest>
    <UnitTest name="Start_ShouldUseDefaultGuaranteedDeletionPeriodValue_WhenMissingFromConfig" storage="d:\actions-runner\_work\xpco\xpco\logserver\server\videoos.logserver.tests\bin\debug\videoos.logserver.tests.dll" id="5afd063a-4f14-3665-0935-af7ec06a876e">
      <Execution id="a9d906d4-8202-472c-a313-1a46790d88d4" />
      <TestMethod codeBase="D:\actions-runner\_work\XPCO\XPCO\LogServer\Server\VideoOS.LogServer.Tests\bin\Debug\VideoOS.LogServer.Tests.dll" adapterTypeName="executor://mstestadapter/v2" className="VideoOS.LogServer.Tests.Configuration.LogConfigurationHandlerTests" name="Start_ShouldUseDefaultGuaranteedDeletionPeriodValue_WhenMissingFromConfig" />
    </UnitTest>
    <UnitTest name="StartQuerySessionAsync_ShouldReturnInstanceCount" storage="d:\actions-runner\_work\xpco\xpco\logserver\server\videoos.logserver.tests\bin\debug\videoos.logserver.tests.dll" id="a19b043f-34ab-f306-e3b1-fbcc0632edd0">
      <Execution id="da1dec6a-a2f7-494d-8b55-befe69c452a3" />
      <TestMethod codeBase="D:\actions-runner\_work\XPCO\XPCO\LogServer\Server\VideoOS.LogServer.Tests\bin\Debug\VideoOS.LogServer.Tests.dll" adapterTypeName="executor://mstestadapter/v2" className="VideoOS.LogServer.Tests.Readers.AuditLogReaderTests" name="StartQuerySessionAsync_ShouldReturnInstanceCount" />
    </UnitTest>
    <UnitTest name="RegisterLegacyLogMessagesAsync_ShouldCallRegisterMessagesLegacySP" storage="d:\actions-runner\_work\xpco\xpco\logserver\server\videoos.logserver.tests\bin\debug\videoos.logserver.tests.dll" id="f218a013-d567-804d-981e-71f0aa1bae88">
      <Execution id="1060a540-f9bd-49d7-9aba-18518af7e902" />
      <TestMethod codeBase="D:\actions-runner\_work\XPCO\XPCO\LogServer\Server\VideoOS.LogServer.Tests\bin\Debug\VideoOS.LogServer.Tests.dll" adapterTypeName="executor://mstestadapter/v2" className="VideoOS.LogServer.Tests.Writers.SqlServerLogWriterTests" name="RegisterLegacyLogMessagesAsync_ShouldCallRegisterMessagesLegacySP" />
    </UnitTest>
    <UnitTest name="WriteLoglineAsync_ShouldIncreaseUptimeLogCountCounter" storage="d:\actions-runner\_work\xpco\xpco\logserver\server\videoos.logserver.tests\bin\debug\videoos.logserver.tests.dll" id="15f38082-3978-be6b-6ce4-4ddc9ad73d7c">
      <Execution id="7b6843b4-bd65-459a-80ec-3f0ca5487224" />
      <TestMethod codeBase="D:\actions-runner\_work\XPCO\XPCO\LogServer\Server\VideoOS.LogServer.Tests\bin\Debug\VideoOS.LogServer.Tests.dll" adapterTypeName="executor://mstestadapter/v2" className="VideoOS.LogServer.Tests.Writers.SqlServerLogWriterTests" name="WriteLoglineAsync_ShouldIncreaseUptimeLogCountCounter" />
    </UnitTest>
    <UnitTest name="ExtractAsync_ShouldDropLoglines_WhenLogLevelIsDbNull" storage="d:\actions-runner\_work\xpco\xpco\logserver\server\videoos.logserver.tests\bin\debug\videoos.logserver.tests.dll" id="ff13db3a-5d1a-447d-aeaa-7c59d00e898a">
      <Execution id="11c8c28f-ad2a-47d8-a343-c4314221b2cf" />
      <TestMethod codeBase="D:\actions-runner\_work\XPCO\XPCO\LogServer\Server\VideoOS.LogServer.Tests\bin\Debug\VideoOS.LogServer.Tests.dll" adapterTypeName="executor://mstestadapter/v2" className="VideoOS.LogServer.Tests.DB.ColumnParsers.SystemLogColumnParserTests" name="ExtractAsync_ShouldDropLoglines_WhenLogLevelIsDbNull" />
    </UnitTest>
    <UnitTest name="FetchRuleLoglinesAsync_ShouldNotModify_WhatRuleLogReaderProvides (True)" storage="d:\actions-runner\_work\xpco\xpco\logserver\server\videoos.logserver.tests\bin\debug\videoos.logserver.tests.dll" id="94ffbcce-875a-dbeb-c436-becb66351dc4">
      <Execution id="cfd0fb85-46ed-45b9-9760-8cc204ae83d7" />
      <TestMethod codeBase="D:\actions-runner\_work\XPCO\XPCO\LogServer\Server\VideoOS.LogServer.Tests\bin\Debug\VideoOS.LogServer.Tests.dll" adapterTypeName="executor://mstestadapter/v2" className="VideoOS.LogServer.Tests.WebService.LogReaderServiceTests" name="FetchRuleLoglinesAsync_ShouldNotModify_WhatRuleLogReaderProvides" />
    </UnitTest>
    <UnitTest name="ExtractAsync_ShouldSplitLoglines" storage="d:\actions-runner\_work\xpco\xpco\logserver\server\videoos.logserver.tests\bin\debug\videoos.logserver.tests.dll" id="d633fadc-a142-d041-07db-fefdc3bad19e">
      <Execution id="0365acc9-0da1-4943-8578-70d34d4d8c67" />
      <TestMethod codeBase="D:\actions-runner\_work\XPCO\XPCO\LogServer\Server\VideoOS.LogServer.Tests\bin\Debug\VideoOS.LogServer.Tests.dll" adapterTypeName="executor://mstestadapter/v2" className="VideoOS.LogServer.Tests.DB.ColumnParsers.SystemLogColumnParserTests" name="ExtractAsync_ShouldSplitLoglines" />
    </UnitTest>
    <UnitTest name="UpdateExpirationDatesAsync_ShouldCallDeleteExpiredMessageInstancesStoredProcedure_WithCorrectParams" storage="d:\actions-runner\_work\xpco\xpco\logserver\server\videoos.logserver.tests\bin\debug\videoos.logserver.tests.dll" id="9df08586-0c98-2de0-0fcb-bf84a51fc678">
      <Execution id="479d18bf-36d0-4cc5-949c-f8382a26fba6" />
      <TestMethod codeBase="D:\actions-runner\_work\XPCO\XPCO\LogServer\Server\VideoOS.LogServer.Tests\bin\Debug\VideoOS.LogServer.Tests.dll" adapterTypeName="executor://mstestadapter/v2" className="VideoOS.LogServer.Tests.Configuration.LogCleanupHandlerTests" name="UpdateExpirationDatesAsync_ShouldCallDeleteExpiredMessageInstancesStoredProcedure_WithCorrectParams" />
    </UnitTest>
    <UnitTest name="StartQuerySessionAsync_ShouldNotModify_WhatILogReaderProvides (True)" storage="d:\actions-runner\_work\xpco\xpco\logserver\server\videoos.logserver.tests\bin\debug\videoos.logserver.tests.dll" id="946a28bb-cef1-c7e1-e310-e2732dc76671">
      <Execution id="eb142628-8bd3-4cea-ba66-b2109c1990bc" />
      <TestMethod codeBase="D:\actions-runner\_work\XPCO\XPCO\LogServer\Server\VideoOS.LogServer.Tests\bin\Debug\VideoOS.LogServer.Tests.dll" adapterTypeName="executor://mstestadapter/v2" className="VideoOS.LogServer.Tests.WebService.LogReaderServiceTests" name="StartQuerySessionAsync_ShouldNotModify_WhatILogReaderProvides" />
    </UnitTest>
    <UnitTest name="Set_ShouldAddItemToTheCache_IfIdIsNotEmptyAndValueIsNotNull" storage="d:\actions-runner\_work\xpco\xpco\logserver\server\videoos.logserver.tests\bin\debug\videoos.logserver.tests.dll" id="90b3d8fc-ad9f-655d-a1ef-4881249ed9ab">
      <Execution id="a76610db-eb98-4019-bc74-8d4fd5f85946" />
      <TestMethod codeBase="D:\actions-runner\_work\XPCO\XPCO\LogServer\Server\VideoOS.LogServer.Tests\bin\Debug\VideoOS.LogServer.Tests.dll" adapterTypeName="executor://mstestadapter/v2" className="VideoOS.LogServer.Tests.Cache.MemoryCacheWrapperTests" name="Set_ShouldAddItemToTheCache_IfIdIsNotEmptyAndValueIsNotNull" />
    </UnitTest>
    <UnitTest name="Start_ShouldNotHandleGeneralException_IfErrorHappensWhileOpeningServiceCommunications" storage="d:\actions-runner\_work\xpco\xpco\logserver\server\videoos.logserver.tests\bin\debug\videoos.logserver.tests.dll" id="b1cbd388-6b2e-06c4-0688-0ec373c3c29e">
      <Execution id="3bfa76e4-e706-48cf-8838-edd68b24c4fa" />
      <TestMethod codeBase="D:\actions-runner\_work\XPCO\XPCO\LogServer\Server\VideoOS.LogServer.Tests\bin\Debug\VideoOS.LogServer.Tests.dll" adapterTypeName="executor://mstestadapter/v2" className="VideoOS.LogServer.Tests.ServiceTests" name="Start_ShouldNotHandleGeneralException_IfErrorHappensWhileOpeningServiceCommunications" />
    </UnitTest>
    <UnitTest name="RegisterLogMessages_ShouldPassParametersToLogWriter (True)" storage="d:\actions-runner\_work\xpco\xpco\logserver\server\videoos.logserver.tests\bin\debug\videoos.logserver.tests.dll" id="29b4ed19-a443-122a-977f-10b5190fb08c">
      <Execution id="a55322b9-f310-44c0-8e6b-6e2692ad9073" />
      <TestMethod codeBase="D:\actions-runner\_work\XPCO\XPCO\LogServer\Server\VideoOS.LogServer.Tests\bin\Debug\VideoOS.LogServer.Tests.dll" adapterTypeName="executor://mstestadapter/v2" className="VideoOS.LogServer.Tests.WebService.LogWriterServiceTests" name="RegisterLogMessages_ShouldPassParametersToLogWriter" />
    </UnitTest>
    <UnitTest name="LoadAsync_ShouldSetAuditLogRetentionToDefault_IfDatabaseCallFail" storage="d:\actions-runner\_work\xpco\xpco\logserver\server\videoos.logserver.tests\bin\debug\videoos.logserver.tests.dll" id="473ecaf0-d961-6edb-b84a-a553cbcdae03">
      <Execution id="41c4cb81-7bb2-4389-91f1-1fb45c679510" />
      <TestMethod codeBase="D:\actions-runner\_work\XPCO\XPCO\LogServer\Server\VideoOS.LogServer.Tests\bin\Debug\VideoOS.LogServer.Tests.dll" adapterTypeName="executor://mstestadapter/v2" className="VideoOS.LogServer.Tests.Configuration.LogConfigurationTests" name="LoadAsync_ShouldSetAuditLogRetentionToDefault_IfDatabaseCallFail" />
    </UnitTest>
    <UnitTest name="FetchLoglinesAsync_ShouldThrowInvalidLogTypeException_IfCalledWithRuleLoglineParameter" storage="d:\actions-runner\_work\xpco\xpco\logserver\server\videoos.logserver.tests\bin\debug\videoos.logserver.tests.dll" id="666d7316-f136-b529-fef1-83626943c0db">
      <Execution id="b70b5e17-de66-40fb-a8a3-4ee95cffd0b2" />
      <TestMethod codeBase="D:\actions-runner\_work\XPCO\XPCO\LogServer\Server\VideoOS.LogServer.Tests\bin\Debug\VideoOS.LogServer.Tests.dll" adapterTypeName="executor://mstestadapter/v2" className="VideoOS.LogServer.Tests.Readers.SystemLogReaderTests" name="FetchLoglinesAsync_ShouldThrowInvalidLogTypeException_IfCalledWithRuleLoglineParameter" />
    </UnitTest>
    <UnitTest name="GetLogConfigurationTimeout_ShouldReturnNull_WhenConfiguredValueIsInvalid" storage="d:\actions-runner\_work\xpco\xpco\logserver\server\videoos.logserver.tests\bin\debug\videoos.logserver.tests.dll" id="13e3c154-da82-5764-8f2d-8e5e58a32b04">
      <Execution id="429d009e-bbe3-46ab-aed0-34e7e6e6bc69" />
      <TestMethod codeBase="D:\actions-runner\_work\XPCO\XPCO\LogServer\Server\VideoOS.LogServer.Tests\bin\Debug\VideoOS.LogServer.Tests.dll" adapterTypeName="executor://mstestadapter/v2" className="VideoOS.LogServer.Tests.DB.TimeoutConfigurationTest" name="GetLogConfigurationTimeout_ShouldReturnNull_WhenConfiguredValueIsInvalid" />
    </UnitTest>
    <UnitTest name="Constructors_ShouldNotAllowInjectionOfNulls" storage="d:\actions-runner\_work\xpco\xpco\logserver\server\videoos.logserver.tests\bin\debug\videoos.logserver.tests.dll" id="6ccb7f14-4526-1e72-22ab-ff6986b81548">
      <Execution id="5f464cb6-1fee-4a13-bca6-25ac4fe46750" />
      <TestMethod codeBase="D:\actions-runner\_work\XPCO\XPCO\LogServer\Server\VideoOS.LogServer.Tests\bin\Debug\VideoOS.LogServer.Tests.dll" adapterTypeName="executor://mstestadapter/v2" className="VideoOS.LogServer.Tests.Writers.SqlServerLogWriterTests" name="Constructors_ShouldNotAllowInjectionOfNulls" />
    </UnitTest>
    <UnitTest name="LegacyLogMessage_ToStorage_PropertiesAreTransferred" storage="d:\actions-runner\_work\xpco\xpco\logserver\server\videoos.logserver.tests\bin\debug\videoos.logserver.tests.dll" id="41187636-9e2d-2549-8287-32d315144000">
      <Execution id="fef63a70-5003-470a-b99e-3309c44ea1f0" />
      <TestMethod codeBase="D:\actions-runner\_work\XPCO\XPCO\LogServer\Server\VideoOS.LogServer.Tests\bin\Debug\VideoOS.LogServer.Tests.dll" adapterTypeName="executor://mstestadapter/v2" className="VideoOS.LogServer.Tests.Extensions.DataContractExtensionsTests" name="LegacyLogMessage_ToStorage_PropertiesAreTransferred" />
    </UnitTest>
    <UnitTest name="GetLogsWriteTimeout_ShouldReturnNull_WhenConfiguredValueIsInvalid" storage="d:\actions-runner\_work\xpco\xpco\logserver\server\videoos.logserver.tests\bin\debug\videoos.logserver.tests.dll" id="fe6a14e4-4ab3-2bc0-d28b-2bdd79ecc62e">
      <Execution id="69655566-6c07-43be-a020-0ee13c4b0018" />
      <TestMethod codeBase="D:\actions-runner\_work\XPCO\XPCO\LogServer\Server\VideoOS.LogServer.Tests\bin\Debug\VideoOS.LogServer.Tests.dll" adapterTypeName="executor://mstestadapter/v2" className="VideoOS.LogServer.Tests.DB.TimeoutConfigurationTest" name="GetLogsWriteTimeout_ShouldReturnNull_WhenConfiguredValueIsInvalid" />
    </UnitTest>
    <UnitTest name="FetchLoglinesAsync_ShouldIncreasePerformanceCounter" storage="d:\actions-runner\_work\xpco\xpco\logserver\server\videoos.logserver.tests\bin\debug\videoos.logserver.tests.dll" id="0106d28e-bf03-64db-0cdd-28f5a5e82267">
      <Execution id="3af95cd8-31ef-4fef-a153-1907f38a3d73" />
      <TestMethod codeBase="D:\actions-runner\_work\XPCO\XPCO\LogServer\Server\VideoOS.LogServer.Tests\bin\Debug\VideoOS.LogServer.Tests.dll" adapterTypeName="executor://mstestadapter/v2" className="VideoOS.LogServer.Tests.Readers.RuleLogReaderTests" name="FetchLoglinesAsync_ShouldIncreasePerformanceCounter" />
    </UnitTest>
    <UnitTest name="GetFiltersTimeout_ShouldReturnNull_WhenConfiguredValueIsInvalid" storage="d:\actions-runner\_work\xpco\xpco\logserver\server\videoos.logserver.tests\bin\debug\videoos.logserver.tests.dll" id="bf326b4d-2898-a8f0-57ed-daad32be2325">
      <Execution id="1b1f61e3-2052-4e45-a408-48872b746d33" />
      <TestMethod codeBase="D:\actions-runner\_work\XPCO\XPCO\LogServer\Server\VideoOS.LogServer.Tests\bin\Debug\VideoOS.LogServer.Tests.dll" adapterTypeName="executor://mstestadapter/v2" className="VideoOS.LogServer.Tests.DB.TimeoutConfigurationTest" name="GetFiltersTimeout_ShouldReturnNull_WhenConfiguredValueIsInvalid" />
    </UnitTest>
    <UnitTest name="FetchAuditLoglinesAsync_ShouldThrowFaultException_WhenSqlQueriesTimeout" storage="d:\actions-runner\_work\xpco\xpco\logserver\server\videoos.logserver.tests\bin\debug\videoos.logserver.tests.dll" id="6e5007f9-68b1-9358-3a04-1d615453a078">
      <Execution id="978e4706-7d56-4f79-b215-9384e6daff16" />
      <TestMethod codeBase="D:\actions-runner\_work\XPCO\XPCO\LogServer\Server\VideoOS.LogServer.Tests\bin\Debug\VideoOS.LogServer.Tests.dll" adapterTypeName="executor://mstestadapter/v2" className="VideoOS.LogServer.Tests.WebService.LogReaderServiceTests" name="FetchAuditLoglinesAsync_ShouldThrowFaultException_WhenSqlQueriesTimeout" />
    </UnitTest>
    <UnitTest name="QueryWithParameters_ShouldThrowDatabaseException_WhenProcedureNameIsUnknown" storage="d:\actions-runner\_work\xpco\xpco\logserver\server\videoos.logserver.tests\bin\debug\videoos.logserver.tests.dll" id="c3861471-0359-9699-67ca-50c7ac19cd0c">
      <Execution id="c8dfb1a0-5c45-421f-9296-21a018f204ea" />
      <TestMethod codeBase="D:\actions-runner\_work\XPCO\XPCO\LogServer\Server\VideoOS.LogServer.Tests\bin\Debug\VideoOS.LogServer.Tests.dll" adapterTypeName="executor://mstestadapter/v2" className="VideoOS.LogServer.Tests.DB.StoredProcedureQueryHandlerTests" name="QueryWithParameters_ShouldThrowDatabaseException_WhenProcedureNameIsUnknown" />
    </UnitTest>
    <UnitTest name="ExtractAsync_ShouldReplaceParameters" storage="d:\actions-runner\_work\xpco\xpco\logserver\server\videoos.logserver.tests\bin\debug\videoos.logserver.tests.dll" id="c795af14-5387-85dc-b055-637824d79e17">
      <Execution id="8fd99b28-368c-464f-bbe2-6bf591c75fe5" />
      <TestMethod codeBase="D:\actions-runner\_work\XPCO\XPCO\LogServer\Server\VideoOS.LogServer.Tests\bin\Debug\VideoOS.LogServer.Tests.dll" adapterTypeName="executor://mstestadapter/v2" className="VideoOS.LogServer.Tests.DB.ColumnParsers.SystemLogColumnParserTests" name="ExtractAsync_ShouldReplaceParameters" />
    </UnitTest>
    <UnitTest name="GetFilterValuesAsync_ShouldNotModify_WhatFilterValueReaderProvides (False)" storage="d:\actions-runner\_work\xpco\xpco\logserver\server\videoos.logserver.tests\bin\debug\videoos.logserver.tests.dll" id="dfffea35-c158-b556-c3df-bc3a8c5f52e9">
      <Execution id="fc122045-519d-4a58-ba3d-80a9c917f30a" />
      <TestMethod codeBase="D:\actions-runner\_work\XPCO\XPCO\LogServer\Server\VideoOS.LogServer.Tests\bin\Debug\VideoOS.LogServer.Tests.dll" adapterTypeName="executor://mstestadapter/v2" className="VideoOS.LogServer.Tests.WebService.LogReaderServiceTests" name="GetFilterValuesAsync_ShouldNotModify_WhatFilterValueReaderProvides" />
    </UnitTest>
    <UnitTest name="CreateDefaultLogger_ShouldFallbackToEmptyLogger_WhenLogMangerThrowsException" storage="d:\actions-runner\_work\xpco\xpco\logserver\server\videoos.logserver.tests\bin\debug\videoos.logserver.tests.dll" id="dbfafe45-1966-a1e8-66e8-e85f80b3159a">
      <Execution id="2fdba87e-6f8d-4c84-bf29-5838dbecc44b" />
      <TestMethod codeBase="D:\actions-runner\_work\XPCO\XPCO\LogServer\Server\VideoOS.LogServer.Tests\bin\Debug\VideoOS.LogServer.Tests.dll" adapterTypeName="executor://mstestadapter/v2" className="VideoOS.LogServer.Tests.Logging.LogFactoryTests" name="CreateDefaultLogger_ShouldFallbackToEmptyLogger_WhenLogMangerThrowsException" />
    </UnitTest>
    <UnitTest name="Stop_ShouldLogStoppedMessage" storage="d:\actions-runner\_work\xpco\xpco\logserver\server\videoos.logserver.tests\bin\debug\videoos.logserver.tests.dll" id="ca8c6453-f447-4daf-d9fb-b1c25b833c99">
      <Execution id="3eeb6572-61df-4334-b328-80bd3325b115" />
      <TestMethod codeBase="D:\actions-runner\_work\XPCO\XPCO\LogServer\Server\VideoOS.LogServer.Tests\bin\Debug\VideoOS.LogServer.Tests.dll" adapterTypeName="executor://mstestadapter/v2" className="VideoOS.LogServer.Tests.ServiceTests" name="Stop_ShouldLogStoppedMessage" />
    </UnitTest>
    <UnitTest name="UpdateAnonymousLoggingAsync_ShouldChangeExistingAnonymousLogging_WhenDifferentFromExisting" storage="d:\actions-runner\_work\xpco\xpco\logserver\server\videoos.logserver.tests\bin\debug\videoos.logserver.tests.dll" id="e25cad79-0d2e-c930-5d8e-127920e179b7">
      <Execution id="5f7bf96a-0bf1-4ae1-9f02-e5f54a13edb4" />
      <TestMethod codeBase="D:\actions-runner\_work\XPCO\XPCO\LogServer\Server\VideoOS.LogServer.Tests\bin\Debug\VideoOS.LogServer.Tests.dll" adapterTypeName="executor://mstestadapter/v2" className="VideoOS.LogServer.Tests.Configuration.LogConfigurationTests" name="UpdateAnonymousLoggingAsync_ShouldChangeExistingAnonymousLogging_WhenDifferentFromExisting" />
    </UnitTest>
    <UnitTest name="LoadAsync_ShouldSetAnonymousLoggingToDefault_IfDatabaseCallFail" storage="d:\actions-runner\_work\xpco\xpco\logserver\server\videoos.logserver.tests\bin\debug\videoos.logserver.tests.dll" id="11b31334-e5c4-af6d-5877-40b3343d2759">
      <Execution id="fd3696bb-c8b9-40d6-9fd8-41e7b8d209ea" />
      <TestMethod codeBase="D:\actions-runner\_work\XPCO\XPCO\LogServer\Server\VideoOS.LogServer.Tests\bin\Debug\VideoOS.LogServer.Tests.dll" adapterTypeName="executor://mstestadapter/v2" className="VideoOS.LogServer.Tests.Configuration.LogConfigurationTests" name="LoadAsync_ShouldSetAnonymousLoggingToDefault_IfDatabaseCallFail" />
    </UnitTest>
    <UnitTest name="GetLogRetentionsTokenAsync_ShouldReturnRetentionValuesFromConfiguration" storage="d:\actions-runner\_work\xpco\xpco\logserver\server\videoos.logserver.tests\bin\debug\videoos.logserver.tests.dll" id="abd88dde-2d40-b182-a901-78a57c691a17">
      <Execution id="0228c69e-c8f8-46d5-bbea-447f2c7e2d97" />
      <TestMethod codeBase="D:\actions-runner\_work\XPCO\XPCO\LogServer\Server\VideoOS.LogServer.Tests\bin\Debug\VideoOS.LogServer.Tests.dll" adapterTypeName="executor://mstestadapter/v2" className="VideoOS.LogServer.Tests.WebService.LogRetentionServiceTests" name="GetLogRetentionsTokenAsync_ShouldReturnRetentionValuesFromConfiguration" />
    </UnitTest>
    <UnitTest name="GetLogsWriteTimeout_ShouldReturnNull_IfNoValueIsConfigured" storage="d:\actions-runner\_work\xpco\xpco\logserver\server\videoos.logserver.tests\bin\debug\videoos.logserver.tests.dll" id="10045a5b-f7a6-9eb3-3774-e020672cce38">
      <Execution id="f54226cb-1b14-401d-adf1-625a40edd028" />
      <TestMethod codeBase="D:\actions-runner\_work\XPCO\XPCO\LogServer\Server\VideoOS.LogServer.Tests\bin\Debug\VideoOS.LogServer.Tests.dll" adapterTypeName="executor://mstestadapter/v2" className="VideoOS.LogServer.Tests.DB.TimeoutConfigurationTest" name="GetLogsWriteTimeout_ShouldReturnNull_IfNoValueIsConfigured" />
    </UnitTest>
    <UnitTest name="GetLogConfigurationTimeout_ShouldReturnNull_IfNoValueIsConfigured" storage="d:\actions-runner\_work\xpco\xpco\logserver\server\videoos.logserver.tests\bin\debug\videoos.logserver.tests.dll" id="d59656c0-8234-107d-6ab0-cb62a900f180">
      <Execution id="c00ebad1-74fc-43dc-bd79-a1e948698fdb" />
      <TestMethod codeBase="D:\actions-runner\_work\XPCO\XPCO\LogServer\Server\VideoOS.LogServer.Tests\bin\Debug\VideoOS.LogServer.Tests.dll" adapterTypeName="executor://mstestadapter/v2" className="VideoOS.LogServer.Tests.DB.TimeoutConfigurationTest" name="GetLogConfigurationTimeout_ShouldReturnNull_IfNoValueIsConfigured" />
    </UnitTest>
    <UnitTest name="FetchSystemLoglinesAsync_ShouldNotModify_WhatSystemLogReaderProvides (True)" storage="d:\actions-runner\_work\xpco\xpco\logserver\server\videoos.logserver.tests\bin\debug\videoos.logserver.tests.dll" id="36606ff2-0697-4884-12b1-9866e64ddefa">
      <Execution id="dcbbc207-572c-4453-a060-287a53885a59" />
      <TestMethod codeBase="D:\actions-runner\_work\XPCO\XPCO\LogServer\Server\VideoOS.LogServer.Tests\bin\Debug\VideoOS.LogServer.Tests.dll" adapterTypeName="executor://mstestadapter/v2" className="VideoOS.LogServer.Tests.WebService.LogReaderServiceTests" name="FetchSystemLoglinesAsync_ShouldNotModify_WhatSystemLogReaderProvides" />
    </UnitTest>
    <UnitTest name="WriteLoglineAsync_ShouldPassParametersToLogWriter (True)" storage="d:\actions-runner\_work\xpco\xpco\logserver\server\videoos.logserver.tests\bin\debug\videoos.logserver.tests.dll" id="e790f465-ba71-7866-1439-99e46147feec">
      <Execution id="9a67d18b-e718-45ca-a1c5-3dc738d9d326" />
      <TestMethod codeBase="D:\actions-runner\_work\XPCO\XPCO\LogServer\Server\VideoOS.LogServer.Tests\bin\Debug\VideoOS.LogServer.Tests.dll" adapterTypeName="executor://mstestadapter/v2" className="VideoOS.LogServer.Tests.WebService.LogWriterServiceTests" name="WriteLoglineAsync_ShouldPassParametersToLogWriter" />
    </UnitTest>
    <UnitTest name="QueryWithParameters_ShouldReturnParsedLoglines" storage="d:\actions-runner\_work\xpco\xpco\logserver\server\videoos.logserver.tests\bin\debug\videoos.logserver.tests.dll" id="eb23929e-f5e4-df55-4e3b-cd8c91dbb810">
      <Execution id="6320119a-f8c7-4fd6-bfa2-0216f9def308" />
      <TestMethod codeBase="D:\actions-runner\_work\XPCO\XPCO\LogServer\Server\VideoOS.LogServer.Tests\bin\Debug\VideoOS.LogServer.Tests.dll" adapterTypeName="executor://mstestadapter/v2" className="VideoOS.LogServer.Tests.DB.StoredProcedureQueryHandlerTests" name="QueryWithParameters_ShouldReturnParsedLoglines" />
    </UnitTest>
    <UnitTest name="FetchLoglinesAsync_ShouldThrowException_WhenCalledWithInvalidQuerySession" storage="d:\actions-runner\_work\xpco\xpco\logserver\server\videoos.logserver.tests\bin\debug\videoos.logserver.tests.dll" id="349eca6e-b1f6-6ab4-c396-e8c299476d7b">
      <Execution id="c12033b7-20d6-43de-b70a-ac64b49f44d0" />
      <TestMethod codeBase="D:\actions-runner\_work\XPCO\XPCO\LogServer\Server\VideoOS.LogServer.Tests\bin\Debug\VideoOS.LogServer.Tests.dll" adapterTypeName="executor://mstestadapter/v2" className="VideoOS.LogServer.Tests.Readers.QuerySessionLogReaderTests" name="FetchLoglinesAsync_ShouldThrowException_WhenCalledWithInvalidQuerySession" />
    </UnitTest>
    <UnitTest name="ReadLogStarted_ShouldNotWriteLogline_WhenLogTypeIsDifferentThanAudit" storage="d:\actions-runner\_work\xpco\xpco\logserver\server\videoos.logserver.tests\bin\debug\videoos.logserver.tests.dll" id="e1527d17-03fa-35ef-30a9-f04fa15d08f8">
      <Execution id="289d1b09-8660-4204-8dda-eeb621c5ee16" />
      <TestMethod codeBase="D:\actions-runner\_work\XPCO\XPCO\LogServer\Server\VideoOS.LogServer.Tests\bin\Debug\VideoOS.LogServer.Tests.dll" adapterTypeName="executor://mstestadapter/v2" className="VideoOS.LogServer.Tests.AuditLog.AuditLoggerTests" name="ReadLogStarted_ShouldNotWriteLogline_WhenLogTypeIsDifferentThanAudit" />
    </UnitTest>
    <UnitTest name="ExecuteWithParameters_ShouldExecuteProcedureWithGivenName" storage="d:\actions-runner\_work\xpco\xpco\logserver\server\videoos.logserver.tests\bin\debug\videoos.logserver.tests.dll" id="28b6ad06-97da-62ac-35c6-52354334fb8a">
      <Execution id="ba826962-cc38-4c22-bb4c-226fb8ef7001" />
      <TestMethod codeBase="D:\actions-runner\_work\XPCO\XPCO\LogServer\Server\VideoOS.LogServer.Tests\bin\Debug\VideoOS.LogServer.Tests.dll" adapterTypeName="executor://mstestadapter/v2" className="VideoOS.LogServer.Tests.DB.StoredProcedureCommandHandlerTests" name="ExecuteWithParameters_ShouldExecuteProcedureWithGivenName" />
    </UnitTest>
    <UnitTest name="QueryWithParameters_ShouldThrowDatabaseException_IfQueryExecutionFails" storage="d:\actions-runner\_work\xpco\xpco\logserver\server\videoos.logserver.tests\bin\debug\videoos.logserver.tests.dll" id="02cb074b-5330-23f6-0c4a-4c0ddce8264e">
      <Execution id="c4a98b01-cef7-4d36-9884-723f3c8527da" />
      <TestMethod codeBase="D:\actions-runner\_work\XPCO\XPCO\LogServer\Server\VideoOS.LogServer.Tests\bin\Debug\VideoOS.LogServer.Tests.dll" adapterTypeName="executor://mstestadapter/v2" className="VideoOS.LogServer.Tests.DB.StoredProcedureQueryHandlerTests" name="QueryWithParameters_ShouldThrowDatabaseException_IfQueryExecutionFails" />
    </UnitTest>
    <UnitTest name="Constructors_ShouldNotAllowInjectionOfNulls" storage="d:\actions-runner\_work\xpco\xpco\logserver\server\videoos.logserver.tests\bin\debug\videoos.logserver.tests.dll" id="a854d2bf-1c93-0b5f-3dc6-286d7894c488">
      <Execution id="66b2e907-641a-4a07-914f-351e3c679e37" />
      <TestMethod codeBase="D:\actions-runner\_work\XPCO\XPCO\LogServer\Server\VideoOS.LogServer.Tests\bin\Debug\VideoOS.LogServer.Tests.dll" adapterTypeName="executor://mstestadapter/v2" className="VideoOS.LogServer.Tests.DB.StoredProcedureCommandHandlerTests" name="Constructors_ShouldNotAllowInjectionOfNulls" />
    </UnitTest>
    <UnitTest name="StartQuerySessionAsync_ShouldCacheNewlyCreatedQuerySession" storage="d:\actions-runner\_work\xpco\xpco\logserver\server\videoos.logserver.tests\bin\debug\videoos.logserver.tests.dll" id="d996c347-7097-0c09-0ebe-01ed60715001">
      <Execution id="9d622dc7-538f-4bdd-95b8-aa73e64bddb3" />
      <TestMethod codeBase="D:\actions-runner\_work\XPCO\XPCO\LogServer\Server\VideoOS.LogServer.Tests\bin\Debug\VideoOS.LogServer.Tests.dll" adapterTypeName="executor://mstestadapter/v2" className="VideoOS.LogServer.Tests.Readers.QuerySessionLogReaderTests" name="StartQuerySessionAsync_ShouldCacheNewlyCreatedQuerySession" />
    </UnitTest>
    <UnitTest name="GetFilterValuesAsync_ShouldCallFilterValueReader" storage="d:\actions-runner\_work\xpco\xpco\logserver\server\videoos.logserver.tests\bin\debug\videoos.logserver.tests.dll" id="9646d898-950c-f77e-17d4-11b5b9a00117">
      <Execution id="dc76c793-b127-46e5-b530-bb88a8dda987" />
      <TestMethod codeBase="D:\actions-runner\_work\XPCO\XPCO\LogServer\Server\VideoOS.LogServer.Tests\bin\Debug\VideoOS.LogServer.Tests.dll" adapterTypeName="executor://mstestadapter/v2" className="VideoOS.LogServer.Tests.Readers.QuerySessionLogReaderTests" name="GetFilterValuesAsync_ShouldCallFilterValueReader" />
    </UnitTest>
    <UnitTest name="StartShouldUsePeriodValueFromConfig_WhenStartingGuaranteedDeletionTimer (0,7)" storage="d:\actions-runner\_work\xpco\xpco\logserver\server\videoos.logserver.tests\bin\debug\videoos.logserver.tests.dll" id="aa0f12fd-d492-cc14-3d80-226514d8d323">
      <Execution id="596e13c9-84de-463a-a45a-d6d0b3b66569" />
      <TestMethod codeBase="D:\actions-runner\_work\XPCO\XPCO\LogServer\Server\VideoOS.LogServer.Tests\bin\Debug\VideoOS.LogServer.Tests.dll" adapterTypeName="executor://mstestadapter/v2" className="VideoOS.LogServer.Tests.Configuration.LogConfigurationHandlerTests" name="StartShouldUsePeriodValueFromConfig_WhenStartingGuaranteedDeletionTimer" />
    </UnitTest>
    <UnitTest name="GetLogConfigurationTimeout_ShouldReturnIntValue_WhenConfiguredValueIsValid" storage="d:\actions-runner\_work\xpco\xpco\logserver\server\videoos.logserver.tests\bin\debug\videoos.logserver.tests.dll" id="66f1caca-fb0c-9fd2-aeb7-dae3262d3988">
      <Execution id="ad733aa5-d0a0-4429-9dae-4d64d5955e07" />
      <TestMethod codeBase="D:\actions-runner\_work\XPCO\XPCO\LogServer\Server\VideoOS.LogServer.Tests\bin\Debug\VideoOS.LogServer.Tests.dll" adapterTypeName="executor://mstestadapter/v2" className="VideoOS.LogServer.Tests.DB.TimeoutConfigurationTest" name="GetLogConfigurationTimeout_ShouldReturnIntValue_WhenConfiguredValueIsValid" />
    </UnitTest>
    <UnitTest name="GetFiltersTimeout_ShouldReturnNull_IfNoValueIsConfigured" storage="d:\actions-runner\_work\xpco\xpco\logserver\server\videoos.logserver.tests\bin\debug\videoos.logserver.tests.dll" id="8e05f9e1-4bc3-7f4d-839a-2cb3629e60a3">
      <Execution id="73e5fa50-b083-46c3-9fad-002aa9f45451" />
      <TestMethod codeBase="D:\actions-runner\_work\XPCO\XPCO\LogServer\Server\VideoOS.LogServer.Tests\bin\Debug\VideoOS.LogServer.Tests.dll" adapterTypeName="executor://mstestadapter/v2" className="VideoOS.LogServer.Tests.DB.TimeoutConfigurationTest" name="GetFiltersTimeout_ShouldReturnNull_IfNoValueIsConfigured" />
    </UnitTest>
    <UnitTest name="Constructors_ShouldNotAllowInjectionOfNulls" storage="d:\actions-runner\_work\xpco\xpco\logserver\server\videoos.logserver.tests\bin\debug\videoos.logserver.tests.dll" id="253e05e6-184d-d60b-b20a-241b5dc0495a">
      <Execution id="5921c609-6b6f-4605-9948-e10098ca36e3" />
      <TestMethod codeBase="D:\actions-runner\_work\XPCO\XPCO\LogServer\Server\VideoOS.LogServer.Tests\bin\Debug\VideoOS.LogServer.Tests.dll" adapterTypeName="executor://mstestadapter/v2" className="VideoOS.LogServer.Tests.WebService.LogWriterServiceTests" name="Constructors_ShouldNotAllowInjectionOfNulls" />
    </UnitTest>
    <UnitTest name="Constructors_ShouldNotAllowInjectionOfNulls" storage="d:\actions-runner\_work\xpco\xpco\logserver\server\videoos.logserver.tests\bin\debug\videoos.logserver.tests.dll" id="e2ad2a9d-57f7-b89c-f98d-52105b0ccf10">
      <Execution id="48aed0e4-c9c1-4231-be4f-0e56fedf7a23" />
      <TestMethod codeBase="D:\actions-runner\_work\XPCO\XPCO\LogServer\Server\VideoOS.LogServer.Tests\bin\Debug\VideoOS.LogServer.Tests.dll" adapterTypeName="executor://mstestadapter/v2" className="VideoOS.LogServer.Tests.Readers.SystemLogReaderTests" name="Constructors_ShouldNotAllowInjectionOfNulls" />
    </UnitTest>
    <UnitTest name="UpdateRetentionsAsync_ShouldNotChangeAuditLogRetention_WhenUpdateFails" storage="d:\actions-runner\_work\xpco\xpco\logserver\server\videoos.logserver.tests\bin\debug\videoos.logserver.tests.dll" id="49b9fc86-6497-bb44-b669-e85a21571c3b">
      <Execution id="d1da415b-d6b8-4468-bef4-66c229fe7657" />
      <TestMethod codeBase="D:\actions-runner\_work\XPCO\XPCO\LogServer\Server\VideoOS.LogServer.Tests\bin\Debug\VideoOS.LogServer.Tests.dll" adapterTypeName="executor://mstestadapter/v2" className="VideoOS.LogServer.Tests.Configuration.LogConfigurationTests" name="UpdateRetentionsAsync_ShouldNotChangeAuditLogRetention_WhenUpdateFails" />
    </UnitTest>
    <UnitTest name="GetLogsReadTimeout_ShouldReturnIntValue_WhenConfiguredValueIsValid" storage="d:\actions-runner\_work\xpco\xpco\logserver\server\videoos.logserver.tests\bin\debug\videoos.logserver.tests.dll" id="eef69d7e-2e3f-3b2c-b176-747c2fdc2b03">
      <Execution id="5e395026-ae08-410c-acc3-e95d8c3dddcb" />
      <TestMethod codeBase="D:\actions-runner\_work\XPCO\XPCO\LogServer\Server\VideoOS.LogServer.Tests\bin\Debug\VideoOS.LogServer.Tests.dll" adapterTypeName="executor://mstestadapter/v2" className="VideoOS.LogServer.Tests.DB.TimeoutConfigurationTest" name="GetLogsReadTimeout_ShouldReturnIntValue_WhenConfiguredValueIsValid" />
    </UnitTest>
    <UnitTest name="FetchLoglinesAsync_ShouldThrowInvalidLogTypeException_IfCalledWithRuleLoglineParameter" storage="d:\actions-runner\_work\xpco\xpco\logserver\server\videoos.logserver.tests\bin\debug\videoos.logserver.tests.dll" id="70b86e9d-2393-9129-f216-951feb713fd8">
      <Execution id="39a1cc01-60a7-413b-bf4e-2e326182d5fd" />
      <TestMethod codeBase="D:\actions-runner\_work\XPCO\XPCO\LogServer\Server\VideoOS.LogServer.Tests\bin\Debug\VideoOS.LogServer.Tests.dll" adapterTypeName="executor://mstestadapter/v2" className="VideoOS.LogServer.Tests.Readers.AuditLogReaderTests" name="FetchLoglinesAsync_ShouldThrowInvalidLogTypeException_IfCalledWithRuleLoglineParameter" />
    </UnitTest>
    <UnitTest name="UpdateLogRetentionsAsync_ShouldPassParametersToLogRetentionHandler" storage="d:\actions-runner\_work\xpco\xpco\logserver\server\videoos.logserver.tests\bin\debug\videoos.logserver.tests.dll" id="6abe45a8-0c82-1d3d-9c9c-537a19e5f511">
      <Execution id="f19beb0e-64c9-4143-a0d4-f902054e07e9" />
      <TestMethod codeBase="D:\actions-runner\_work\XPCO\XPCO\LogServer\Server\VideoOS.LogServer.Tests\bin\Debug\VideoOS.LogServer.Tests.dll" adapterTypeName="executor://mstestadapter/v2" className="VideoOS.LogServer.Tests.WebService.LogRetentionServiceTests" name="UpdateLogRetentionsAsync_ShouldPassParametersToLogRetentionHandler" />
    </UnitTest>
    <UnitTest name="ReadLogStarted_ShouldRegisterCategory" storage="d:\actions-runner\_work\xpco\xpco\logserver\server\videoos.logserver.tests\bin\debug\videoos.logserver.tests.dll" id="8ee0b5c9-ec1f-765c-1842-43684d1e80b8">
      <Execution id="1f4dd1c1-d59e-4d06-90bc-eb244cb872f9" />
      <TestMethod codeBase="D:\actions-runner\_work\XPCO\XPCO\LogServer\Server\VideoOS.LogServer.Tests\bin\Debug\VideoOS.LogServer.Tests.dll" adapterTypeName="executor://mstestadapter/v2" className="VideoOS.LogServer.Tests.AuditLog.AuditLoggerTests" name="ReadLogStarted_ShouldRegisterCategory" />
    </UnitTest>
    <UnitTest name="FetchLoglinesAsync_ShouldReturnMoreData_OnSubsequentCalls" storage="d:\actions-runner\_work\xpco\xpco\logserver\server\videoos.logserver.tests\bin\debug\videoos.logserver.tests.dll" id="ef1c7cb9-a3bf-ea46-735f-36f55ce06156">
      <Execution id="d7bd4707-5056-4378-8f99-d9ed3dd25137" />
      <TestMethod codeBase="D:\actions-runner\_work\XPCO\XPCO\LogServer\Server\VideoOS.LogServer.Tests\bin\Debug\VideoOS.LogServer.Tests.dll" adapterTypeName="executor://mstestadapter/v2" className="VideoOS.LogServer.Tests.Readers.QuerySessionLogReaderTests" name="FetchLoglinesAsync_ShouldReturnMoreData_OnSubsequentCalls" />
    </UnitTest>
  </TestDefinitions>
  <TestEntries>
    <TestEntry testId="ca8c6453-f447-4daf-d9fb-b1c25b833c99" executionId="3eeb6572-61df-4334-b328-80bd3325b115" testListId="8c84fa94-04c1-424b-9868-57a2d4851a1d" />
    <TestEntry testId="eed15939-ffcf-310c-bebd-d8744180c853" executionId="7c790ddf-f2e0-46ed-855a-1313e4a3aa66" testListId="8c84fa94-04c1-424b-9868-57a2d4851a1d" />
    <TestEntry testId="e0c38d3c-a9f1-ff9d-5a77-3424aaf56715" executionId="b42dbfef-3e2d-4985-8b13-b2b77884443a" testListId="8c84fa94-04c1-424b-9868-57a2d4851a1d" />
    <TestEntry testId="2347406b-1f21-d4b0-29e0-f164709c1d55" executionId="5e65c68d-c3d8-48f9-acd9-a0c76adb136e" testListId="8c84fa94-04c1-424b-9868-57a2d4851a1d" />
    <TestEntry testId="ff6ed03e-5c0c-1c4c-7536-d6a67d772e66" executionId="459277a3-ddcd-484e-859d-73fc4855206b" testListId="8c84fa94-04c1-424b-9868-57a2d4851a1d" />
    <TestEntry testId="15f38082-3978-be6b-6ce4-4ddc9ad73d7c" executionId="7b6843b4-bd65-459a-80ec-3f0ca5487224" testListId="8c84fa94-04c1-424b-9868-57a2d4851a1d" />
    <TestEntry testId="eff2ccef-2650-b7c7-0276-9c5212c56bf2" executionId="06042cf5-7e61-48e5-b012-7d396f53c343" testListId="8c84fa94-04c1-424b-9868-57a2d4851a1d" />
    <TestEntry testId="3ae3f7c0-817c-c46f-7f30-fb70276f86d4" executionId="7088e340-ed6e-4b88-8560-6f344229167d" testListId="8c84fa94-04c1-424b-9868-57a2d4851a1d" />
    <TestEntry testId="55a0608f-8d13-6bdb-b154-6dea375beecf" executionId="788b85c9-be12-44ac-844e-32ba402dfb1e" testListId="8c84fa94-04c1-424b-9868-57a2d4851a1d" />
    <TestEntry testId="f9a60e15-31b1-2c2e-503f-7b6ac4a26afb" executionId="5e67876a-479c-4fc9-9218-66e4d975c3a7" testListId="8c84fa94-04c1-424b-9868-57a2d4851a1d" />
    <TestEntry testId="9f00e005-cce3-cdb2-14c8-d1de22204abe" executionId="1a642e40-5c71-4a1b-a975-aacb9e51ebe7" testListId="8c84fa94-04c1-424b-9868-57a2d4851a1d" />
    <TestEntry testId="bb8f7a4d-59e3-abee-b90b-17cf48cfb47e" executionId="7b8985ef-8aef-47e1-ae4d-c7fdfa421f75" testListId="8c84fa94-04c1-424b-9868-57a2d4851a1d" />
    <TestEntry testId="7d82980f-9419-1c88-bc1e-848905fe6f9e" executionId="cf2a18ae-07df-4643-b0e6-05d485e0f91f" testListId="8c84fa94-04c1-424b-9868-57a2d4851a1d" />
    <TestEntry testId="04abea50-601f-4fca-95f4-bec5b318346d" executionId="e2ab7e1b-e081-4fb9-93c4-b77ae8eccc8a" testListId="8c84fa94-04c1-424b-9868-57a2d4851a1d" />
    <TestEntry testId="df10cae5-aa05-e478-ca06-77c2867d5871" executionId="f04ed2e3-4de9-48be-9919-0378bca87585" testListId="8c84fa94-04c1-424b-9868-57a2d4851a1d" />
    <TestEntry testId="0b5cc70f-749a-b034-c5da-8bb157930f2b" executionId="910d5df5-a1a8-4bbd-8275-afd0b2794eef" testListId="8c84fa94-04c1-424b-9868-57a2d4851a1d" />
    <TestEntry testId="4d0f2489-9d84-33a3-5b67-62d70ee6015e" executionId="c123c915-f4a6-4335-b962-72e1cef43108" testListId="8c84fa94-04c1-424b-9868-57a2d4851a1d" />
    <TestEntry testId="e023df46-a47e-1116-5e44-412910eb8941" executionId="e330f97a-f624-416b-9ef4-c6dd54bb68b3" testListId="8c84fa94-04c1-424b-9868-57a2d4851a1d" />
    <TestEntry testId="6ccb7f14-4526-1e72-22ab-ff6986b81548" executionId="5f464cb6-1fee-4a13-bca6-25ac4fe46750" testListId="8c84fa94-04c1-424b-9868-57a2d4851a1d" />
    <TestEntry testId="63177222-c257-3243-2f59-3b5d93a22579" executionId="cf91c68e-14e1-4faf-ac7f-ec9e678ceb49" testListId="8c84fa94-04c1-424b-9868-57a2d4851a1d" />
    <TestEntry testId="aaea86df-0d0c-d8a7-d4f9-4994d6d91722" executionId="d0784142-f2c4-4281-b577-0242a56f7bbc" testListId="8c84fa94-04c1-424b-9868-57a2d4851a1d" />
    <TestEntry testId="307c719f-30cf-7d90-9f76-a6cd3ef5924b" executionId="548e3a4c-541e-45fb-a347-14fc5cfebd0f" testListId="8c84fa94-04c1-424b-9868-57a2d4851a1d" />
    <TestEntry testId="c3861471-0359-9699-67ca-50c7ac19cd0c" executionId="c8dfb1a0-5c45-421f-9296-21a018f204ea" testListId="8c84fa94-04c1-424b-9868-57a2d4851a1d" />
    <TestEntry testId="dc897bff-bb2f-6be5-4f79-9be874adc658" executionId="d758d38f-25ca-4063-9ed6-5309edeb14f1" testListId="8c84fa94-04c1-424b-9868-57a2d4851a1d" />
    <TestEntry testId="e790f465-ba71-7866-1439-99e46147feec" executionId="9a67d18b-e718-45ca-a1c5-3dc738d9d326" testListId="8c84fa94-04c1-424b-9868-57a2d4851a1d" />
    <TestEntry testId="b90272c4-28cc-f78f-c86d-730ccea5a8c7" executionId="82a4e7bc-ea0f-4d39-a57e-b451fb9373e3" testListId="8c84fa94-04c1-424b-9868-57a2d4851a1d" />
    <TestEntry testId="ebd8a66e-f49a-baa9-37a7-b6af92c9ad1b" executionId="b773fa57-977f-4928-9051-413b6fcd278b" testListId="8c84fa94-04c1-424b-9868-57a2d4851a1d" />
    <TestEntry testId="e3a96d4b-d363-d4b8-dd89-641e33983249" executionId="4bbb74d1-5d44-4ba2-af19-cab5e09dd278" testListId="8c84fa94-04c1-424b-9868-57a2d4851a1d" />
    <TestEntry testId="10045a5b-f7a6-9eb3-3774-e020672cce38" executionId="f54226cb-1b14-401d-adf1-625a40edd028" testListId="8c84fa94-04c1-424b-9868-57a2d4851a1d" />
    <TestEntry testId="666d7316-f136-b529-fef1-83626943c0db" executionId="b70b5e17-de66-40fb-a8a3-4ee95cffd0b2" testListId="8c84fa94-04c1-424b-9868-57a2d4851a1d" />
    <TestEntry testId="1eaa3911-d375-d2a3-a9ce-14bc46f454ff" executionId="fe6d7eee-4695-4033-8ee6-e53e33f18d2d" testListId="8c84fa94-04c1-424b-9868-57a2d4851a1d" />
    <TestEntry testId="f765b43e-1a0c-c1c2-d68f-3b5463d41105" executionId="2739d2a6-dabd-40f8-85e1-d6049f60885a" testListId="8c84fa94-04c1-424b-9868-57a2d4851a1d" />
    <TestEntry testId="0d8c9d17-016f-a417-c529-9b9385c3f369" executionId="c25966c2-5f91-4a64-ac86-8b88b9bc2336" testListId="8c84fa94-04c1-424b-9868-57a2d4851a1d" />
    <TestEntry testId="8ee0b5c9-ec1f-765c-1842-43684d1e80b8" executionId="1f4dd1c1-d59e-4d06-90bc-eb244cb872f9" testListId="8c84fa94-04c1-424b-9868-57a2d4851a1d" />
    <TestEntry testId="99d378a4-954f-6041-63cb-6656cd516a7b" executionId="28fc8a5c-3a57-415c-83fa-ac562f09c9a5" testListId="8c84fa94-04c1-424b-9868-57a2d4851a1d" />
    <TestEntry testId="8b335792-52d1-7c1c-8357-b3c880b2af3f" executionId="859105fc-2934-4cdc-9648-463b4929c086" testListId="8c84fa94-04c1-424b-9868-57a2d4851a1d" />
    <TestEntry testId="11b31334-e5c4-af6d-5877-40b3343d2759" executionId="fd3696bb-c8b9-40d6-9fd8-41e7b8d209ea" testListId="8c84fa94-04c1-424b-9868-57a2d4851a1d" />
    <TestEntry testId="99eed9ea-8a82-587e-fd3f-287a3c8371d2" executionId="9d9dc733-c9ef-4b71-b1b1-70c4aaef798e" testListId="8c84fa94-04c1-424b-9868-57a2d4851a1d" />
    <TestEntry testId="0351c8a2-b22f-dd03-eb84-36ecc3688bf1" executionId="82c5f9e1-608b-4663-a0eb-dc0081590bb5" testListId="8c84fa94-04c1-424b-9868-57a2d4851a1d" />
    <TestEntry testId="8cb478d3-f744-d4b7-5077-671009e6d428" executionId="abf7cae0-7db4-4a16-bf00-52f7153df309" testListId="8c84fa94-04c1-424b-9868-57a2d4851a1d" />
    <TestEntry testId="e3ba00bc-5adb-f0fc-8ae0-6c82b7114db8" executionId="7c1aa94b-fe3a-42b9-a905-62ba93b9e375" testListId="8c84fa94-04c1-424b-9868-57a2d4851a1d" />
    <TestEntry testId="aa5fdb42-6163-3cac-f313-8b68e7bf0b72" executionId="f2728fda-eb43-4210-8761-56f6ef964761" testListId="8c84fa94-04c1-424b-9868-57a2d4851a1d" />
    <TestEntry testId="8ceac98d-25bb-5d13-8fc3-0784f2217baf" executionId="0a869430-49a6-4fab-875a-c1227f4d3486" testListId="8c84fa94-04c1-424b-9868-57a2d4851a1d" />
    <TestEntry testId="8d6f159a-d3b6-803f-2d76-53607f783811" executionId="dff84749-3eb3-44b4-bf22-0ee9b2892e14" testListId="8c84fa94-04c1-424b-9868-57a2d4851a1d" />
    <TestEntry testId="9646d898-950c-f77e-17d4-11b5b9a00117" executionId="dc76c793-b127-46e5-b530-bb88a8dda987" testListId="8c84fa94-04c1-424b-9868-57a2d4851a1d" />
    <TestEntry testId="5db55629-0a21-092e-739e-5af2926f9b3e" executionId="8ec6e60e-a843-4c4e-8884-52edc6d2d76b" testListId="8c84fa94-04c1-424b-9868-57a2d4851a1d" />
    <TestEntry testId="de304ae7-741c-cdcb-a860-9ece0501a6a6" executionId="9ae6a2d0-cd3f-46f1-b039-aaf5f09e9b23" testListId="8c84fa94-04c1-424b-9868-57a2d4851a1d" />
    <TestEntry testId="31490885-ba4b-19a1-eee4-7c3bd386df8b" executionId="e7fbc29e-f959-44ee-a4eb-73c5803e06fa" testListId="8c84fa94-04c1-424b-9868-57a2d4851a1d" />
    <TestEntry testId="fbeaa9cd-75c8-4720-ec04-b4c5799961cc" executionId="eeaecbdd-6b9f-4d59-bea5-c875915f2f2d" testListId="8c84fa94-04c1-424b-9868-57a2d4851a1d" />
    <TestEntry testId="02bc80bd-3783-5926-af95-29f845f91552" executionId="7b49fc5f-5590-4d64-a21d-d7555646d068" testListId="8c84fa94-04c1-424b-9868-57a2d4851a1d" />
    <TestEntry testId="e873daae-88ef-27cd-c921-914f2a5e398a" executionId="9ff7f53d-572c-4ebe-8335-df4080e58858" testListId="8c84fa94-04c1-424b-9868-57a2d4851a1d" />
    <TestEntry testId="bd042076-2402-fb19-56c3-223eeac85ec4" executionId="8a80c535-8ce6-4332-8f44-c08c18a26246" testListId="8c84fa94-04c1-424b-9868-57a2d4851a1d" />
    <TestEntry testId="c795af14-5387-85dc-b055-637824d79e17" executionId="8fd99b28-368c-464f-bbe2-6bf591c75fe5" testListId="8c84fa94-04c1-424b-9868-57a2d4851a1d" />
    <TestEntry testId="bd042076-2402-fb19-56c3-223eeac85ec4" executionId="7a24ba62-8dac-4e64-9068-316c8875f55f" testListId="8c84fa94-04c1-424b-9868-57a2d4851a1d" />
    <TestEntry testId="e0450b35-a530-0b19-160d-abbdc4fe2859" executionId="bde4d9bf-01b1-4881-9e29-c1189eeb996a" testListId="8c84fa94-04c1-424b-9868-57a2d4851a1d" />
    <TestEntry testId="8e05f9e1-4bc3-7f4d-839a-2cb3629e60a3" executionId="73e5fa50-b083-46c3-9fad-002aa9f45451" testListId="8c84fa94-04c1-424b-9868-57a2d4851a1d" />
    <TestEntry testId="56400346-c5a4-1881-ce9b-b5d081332051" executionId="81b044f6-c02d-4465-95a2-e144388c29c2" testListId="8c84fa94-04c1-424b-9868-57a2d4851a1d" />
    <TestEntry testId="d8396111-7662-0714-d2b4-b09fefb77529" executionId="7a3e32df-0b8f-4203-99db-6148624be67a" testListId="8c84fa94-04c1-424b-9868-57a2d4851a1d" />
    <TestEntry testId="71acd907-f8ef-f266-25aa-19cdaafdf552" executionId="5585bdbb-8beb-4e42-9fc6-e537cedaa68f" testListId="8c84fa94-04c1-424b-9868-57a2d4851a1d" />
    <TestEntry testId="1d285f27-5632-9018-bf50-97df4afa185d" executionId="46b090b3-6298-4e39-99b0-2c9da699c66c" testListId="8c84fa94-04c1-424b-9868-57a2d4851a1d" />
    <TestEntry testId="5d6f1e7d-1135-423f-a794-21a2d3d974f9" executionId="3271c3bd-a044-400d-9fa3-d8254f8613f7" testListId="8c84fa94-04c1-424b-9868-57a2d4851a1d" />
    <TestEntry testId="be35e1b7-f2ff-7028-5c3e-477704901cf6" executionId="3ef33545-1e2c-42bc-897a-01c9aa1ab655" testListId="8c84fa94-04c1-424b-9868-57a2d4851a1d" />
    <TestEntry testId="37590392-479e-4f5b-0bf5-d812c9ae600f" executionId="30932ef6-83f5-4dc3-b111-568415b1f58d" testListId="8c84fa94-04c1-424b-9868-57a2d4851a1d" />
    <TestEntry testId="d9cc0df3-0afc-2f4c-9784-3c9795fb77c7" executionId="dfd3718a-877f-4f03-9c49-4ddd8712e2f3" testListId="8c84fa94-04c1-424b-9868-57a2d4851a1d" />
    <TestEntry testId="bf326b4d-2898-a8f0-57ed-daad32be2325" executionId="1b1f61e3-2052-4e45-a408-48872b746d33" testListId="8c84fa94-04c1-424b-9868-57a2d4851a1d" />
    <TestEntry testId="90b3d8fc-ad9f-655d-a1ef-4881249ed9ab" executionId="a76610db-eb98-4019-bc74-8d4fd5f85946" testListId="8c84fa94-04c1-424b-9868-57a2d4851a1d" />
    <TestEntry testId="a226c0a5-ca0f-248c-3924-69b935bb5567" executionId="ae847eb4-354f-405c-b265-04bc7bf4bac4" testListId="8c84fa94-04c1-424b-9868-57a2d4851a1d" />
    <TestEntry testId="ef1c7cb9-a3bf-ea46-735f-36f55ce06156" executionId="d7bd4707-5056-4378-8f99-d9ed3dd25137" testListId="8c84fa94-04c1-424b-9868-57a2d4851a1d" />
    <TestEntry testId="000d7efd-fe4d-9380-87e2-a7d9311ce1c3" executionId="f9be91de-64a9-43e2-bb70-b9aec5fe179d" testListId="8c84fa94-04c1-424b-9868-57a2d4851a1d" />
    <TestEntry testId="d9cef8c8-00c4-6a94-c81e-31ea6d3b548d" executionId="6f139ee0-1896-498f-9a1e-af3a8ce06d88" testListId="8c84fa94-04c1-424b-9868-57a2d4851a1d" />
    <TestEntry testId="473ecaf0-d961-6edb-b84a-a553cbcdae03" executionId="41c4cb81-7bb2-4389-91f1-1fb45c679510" testListId="8c84fa94-04c1-424b-9868-57a2d4851a1d" />
    <TestEntry testId="461c532f-c917-e381-5c12-bc45dd58a2e6" executionId="2d1d3871-1f46-415b-ab4a-77622c8af360" testListId="8c84fa94-04c1-424b-9868-57a2d4851a1d" />
    <TestEntry testId="80720161-619f-46b7-b5e9-b9360c5333b5" executionId="594a543f-6430-4694-9fd3-e8da8459953a" testListId="8c84fa94-04c1-424b-9868-57a2d4851a1d" />
    <TestEntry testId="fa67d7c5-5148-0d9e-b865-b4a92d28e8a2" executionId="d351ff9b-b9ba-401f-881d-a622d7f2fe4a" testListId="8c84fa94-04c1-424b-9868-57a2d4851a1d" />
    <TestEntry testId="c81109bf-0139-7963-fa88-926e3f3e7d76" executionId="c0e6178e-db6f-4927-8637-62bd227673fb" testListId="8c84fa94-04c1-424b-9868-57a2d4851a1d" />
    <TestEntry testId="8d6f159a-d3b6-803f-2d76-53607f783811" executionId="7e461d28-e725-425e-9be4-d4023623ec98" testListId="8c84fa94-04c1-424b-9868-57a2d4851a1d" />
    <TestEntry testId="d622b72b-ae76-b477-c7df-e2dbe34cdc3a" executionId="d0325811-ac9e-4790-b57f-06492cea284f" testListId="8c84fa94-04c1-424b-9868-57a2d4851a1d" />
    <TestEntry testId="bd880de7-2db0-f960-3aa9-a32e94eaeebf" executionId="8e53f860-fd96-4b10-807f-aee0949cf38e" testListId="8c84fa94-04c1-424b-9868-57a2d4851a1d" />
    <TestEntry testId="9a1d635d-40c5-c203-487d-681910583bd1" executionId="9dc7bfce-3f80-4c7c-88d9-dd0ee354868c" testListId="8c84fa94-04c1-424b-9868-57a2d4851a1d" />
    <TestEntry testId="ff13db3a-5d1a-447d-aeaa-7c59d00e898a" executionId="11c8c28f-ad2a-47d8-a343-c4314221b2cf" testListId="8c84fa94-04c1-424b-9868-57a2d4851a1d" />
    <TestEntry testId="1f8d7007-ecd8-fb58-342a-54b2bcf0707f" executionId="bab23b43-ffb9-4ad8-8bfe-562d23c7ee31" testListId="8c84fa94-04c1-424b-9868-57a2d4851a1d" />
    <TestEntry testId="94ffbcce-875a-dbeb-c436-becb66351dc4" executionId="cfd0fb85-46ed-45b9-9760-8cc204ae83d7" testListId="8c84fa94-04c1-424b-9868-57a2d4851a1d" />
    <TestEntry testId="bd7bf742-374f-b829-39d1-dc907ba3e53d" executionId="85409dcf-ede5-4e63-95fa-f5903e0325b6" testListId="8c84fa94-04c1-424b-9868-57a2d4851a1d" />
    <TestEntry testId="d5a29a2a-1299-b2e0-d86d-f058067dd199" executionId="e1bcca81-77fa-4dc7-9e12-9c791d2728a6" testListId="8c84fa94-04c1-424b-9868-57a2d4851a1d" />
    <TestEntry testId="bd042076-2402-fb19-56c3-223eeac85ec4" executionId="7651739e-5696-44e2-be4d-37d96526519c" testListId="8c84fa94-04c1-424b-9868-57a2d4851a1d" />
    <TestEntry testId="5afd063a-4f14-3665-0935-af7ec06a876e" executionId="a9d906d4-8202-472c-a313-1a46790d88d4" testListId="8c84fa94-04c1-424b-9868-57a2d4851a1d" />
    <TestEntry testId="f37e5f5b-a609-fcf3-c453-9f411a15eaeb" executionId="d0b52817-6479-42ba-943c-8524919e44e9" testListId="8c84fa94-04c1-424b-9868-57a2d4851a1d" />
    <TestEntry testId="60b6538b-8aa3-6bd5-f8a1-fd661ad27c0e" executionId="4d377525-7320-4f0f-b274-bc37d5d1e04a" testListId="8c84fa94-04c1-424b-9868-57a2d4851a1d" />
    <TestEntry testId="c0fed45b-6475-73e7-3be9-95b5ff37691a" executionId="4052b595-c509-43dc-80b1-d9f9a49e413d" testListId="8c84fa94-04c1-424b-9868-57a2d4851a1d" />
    <TestEntry testId="13e3c154-da82-5764-8f2d-8e5e58a32b04" executionId="429d009e-bbe3-46ab-aed0-34e7e6e6bc69" testListId="8c84fa94-04c1-424b-9868-57a2d4851a1d" />
    <TestEntry testId="3fa1efea-04df-0715-5224-3faefa634d4c" executionId="5ed7427e-c41d-4fe0-bbb6-8405be15fb96" testListId="8c84fa94-04c1-424b-9868-57a2d4851a1d" />
    <TestEntry testId="81416636-ae21-0fe9-fa1b-1c1f2587f04a" executionId="c48eade4-87ca-445c-bd4d-0cfe7694b9fe" testListId="8c84fa94-04c1-424b-9868-57a2d4851a1d" />
    <TestEntry testId="8d6f159a-d3b6-803f-2d76-53607f783811" executionId="5234733d-16d5-4a1f-bdba-2554c57b8acc" testListId="8c84fa94-04c1-424b-9868-57a2d4851a1d" />
    <TestEntry testId="7547e2f0-a27a-ad11-8e1c-5f9423a18546" executionId="13339732-8d81-45bb-bd62-918c41f53379" testListId="8c84fa94-04c1-424b-9868-57a2d4851a1d" />
    <TestEntry testId="dfffea35-c158-b556-c3df-bc3a8c5f52e9" executionId="fc122045-519d-4a58-ba3d-80a9c917f30a" testListId="8c84fa94-04c1-424b-9868-57a2d4851a1d" />
    <TestEntry testId="ffd661dd-2186-86c0-0b38-244ae7c977ae" executionId="4b8bf674-d515-4d7b-9df2-42af5fcd9f7d" testListId="8c84fa94-04c1-424b-9868-57a2d4851a1d" />
    <TestEntry testId="6abe45a8-0c82-1d3d-9c9c-537a19e5f511" executionId="f19beb0e-64c9-4143-a0d4-f902054e07e9" testListId="8c84fa94-04c1-424b-9868-57a2d4851a1d" />
    <TestEntry testId="aa656f82-9e44-5a1a-276d-38427026194d" executionId="72aa4cdc-1c33-4d9b-ad6d-e4f392b1fdf8" testListId="8c84fa94-04c1-424b-9868-57a2d4851a1d" />
    <TestEntry testId="02cb074b-5330-23f6-0c4a-4c0ddce8264e" executionId="c4a98b01-cef7-4d36-9884-723f3c8527da" testListId="8c84fa94-04c1-424b-9868-57a2d4851a1d" />
    <TestEntry testId="0e0350ed-eb6e-22cb-e94e-3cfe45921651" executionId="96391522-67b9-48d9-86cd-d30a43af293b" testListId="8c84fa94-04c1-424b-9868-57a2d4851a1d" />
    <TestEntry testId="b055a2b4-2834-79b3-2886-461414c1b62e" executionId="4d749615-c0ce-4681-b2fa-db67b642d9f4" testListId="8c84fa94-04c1-424b-9868-57a2d4851a1d" />
    <TestEntry testId="5d5dffd7-04ce-db57-4a78-6b61a3cdc6f9" executionId="57ccb1f7-0c46-449e-a018-725d0a4e1a09" testListId="8c84fa94-04c1-424b-9868-57a2d4851a1d" />
    <TestEntry testId="eef69d7e-2e3f-3b2c-b176-747c2fdc2b03" executionId="5e395026-ae08-410c-acc3-e95d8c3dddcb" testListId="8c84fa94-04c1-424b-9868-57a2d4851a1d" />
    <TestEntry testId="28b6ad06-97da-62ac-35c6-52354334fb8a" executionId="ba826962-cc38-4c22-bb4c-226fb8ef7001" testListId="8c84fa94-04c1-424b-9868-57a2d4851a1d" />
    <TestEntry testId="8b6809f5-ea39-8a2b-ea7b-725a677db564" executionId="c2f0c04f-2a0a-4f19-8077-ac0d513b2442" testListId="8c84fa94-04c1-424b-9868-57a2d4851a1d" />
    <TestEntry testId="e25cad79-0d2e-c930-5d8e-127920e179b7" executionId="5f7bf96a-0bf1-4ae1-9f02-e5f54a13edb4" testListId="8c84fa94-04c1-424b-9868-57a2d4851a1d" />
    <TestEntry testId="f37e5f5b-a609-fcf3-c453-9f411a15eaeb" executionId="ce55218b-9c71-4319-b944-876bcb7c761e" testListId="8c84fa94-04c1-424b-9868-57a2d4851a1d" />
    <TestEntry testId="c05e16e2-e983-c815-b7da-7916fbfbd4a5" executionId="6680c6c2-a656-4477-b4ec-806c595cd640" testListId="8c84fa94-04c1-424b-9868-57a2d4851a1d" />
    <TestEntry testId="8c625aee-fbc4-80d9-7e5b-5e824be75ac3" executionId="61d2dab2-a285-4c11-96f1-45968249418d" testListId="8c84fa94-04c1-424b-9868-57a2d4851a1d" />
    <TestEntry testId="eb23929e-f5e4-df55-4e3b-cd8c91dbb810" executionId="6320119a-f8c7-4fd6-bfa2-0216f9def308" testListId="8c84fa94-04c1-424b-9868-57a2d4851a1d" />
    <TestEntry testId="8d6f159a-d3b6-803f-2d76-53607f783811" executionId="c25bb5f8-a78a-4fbd-87ce-d0419d35214f" testListId="8c84fa94-04c1-424b-9868-57a2d4851a1d" />
    <TestEntry testId="d632cdc5-3816-40d4-b1cd-2097ef26d2ca" executionId="1a7e3158-ac33-4f59-bbb9-5c16f9892f76" testListId="8c84fa94-04c1-424b-9868-57a2d4851a1d" />
    <TestEntry testId="ef4209df-d36b-9f3f-baf5-b24e22c78dd6" executionId="b7a45caa-5a3a-44f5-800d-61cad959b03b" testListId="8c84fa94-04c1-424b-9868-57a2d4851a1d" />
    <TestEntry testId="946a28bb-cef1-c7e1-e310-e2732dc76671" executionId="eb142628-8bd3-4cea-ba66-b2109c1990bc" testListId="8c84fa94-04c1-424b-9868-57a2d4851a1d" />
    <TestEntry testId="2fb6e8aa-2eaa-4b12-09c9-b2f35cc72765" executionId="033cb58b-139d-4f3a-afc2-7ec45c24a4d7" testListId="8c84fa94-04c1-424b-9868-57a2d4851a1d" />
    <TestEntry testId="b7f2eec2-b919-f581-118e-ba5b29993614" executionId="91b99d20-51f4-4419-8663-cdc418827b5a" testListId="8c84fa94-04c1-424b-9868-57a2d4851a1d" />
    <TestEntry testId="e3c4b40a-0e55-2e38-08a1-45c503b97faf" executionId="163395c0-bf2c-4a7f-9629-939dacf4427b" testListId="8c84fa94-04c1-424b-9868-57a2d4851a1d" />
    <TestEntry testId="5c261d7e-2571-7b3d-897f-b6bb7590d37a" executionId="b7000cca-392c-4459-997e-75d3c091123e" testListId="8c84fa94-04c1-424b-9868-57a2d4851a1d" />
    <TestEntry testId="c914f34a-d6c3-0148-c866-12cf46093edb" executionId="2bb2692f-8c5e-4c15-9099-d1af42b1cdac" testListId="8c84fa94-04c1-424b-9868-57a2d4851a1d" />
    <TestEntry testId="cf38e776-71ee-984e-0a9c-7c7875e54549" executionId="e7243a80-3a2c-42bc-b9a3-13001212fdf9" testListId="8c84fa94-04c1-424b-9868-57a2d4851a1d" />
    <TestEntry testId="00c949e9-3282-e9a3-1397-e04412ea8166" executionId="fd392f8a-56c6-46b1-a3c8-ea0a94227ca4" testListId="8c84fa94-04c1-424b-9868-57a2d4851a1d" />
    <TestEntry testId="5ea27412-d887-9544-5a93-57d49722b12e" executionId="261b86b5-5c42-4ffb-89ab-98e0f548fddd" testListId="8c84fa94-04c1-424b-9868-57a2d4851a1d" />
    <TestEntry testId="2d1376f0-c9ba-c269-4739-9431be71f2bf" executionId="2c851947-94ef-42e8-b651-18b0b795b6cf" testListId="8c84fa94-04c1-424b-9868-57a2d4851a1d" />
    <TestEntry testId="f37e5f5b-a609-fcf3-c453-9f411a15eaeb" executionId="c7fda140-5c2f-4197-a9ab-0d685b4e994e" testListId="8c84fa94-04c1-424b-9868-57a2d4851a1d" />
    <TestEntry testId="70b86e9d-2393-9129-f216-951feb713fd8" executionId="39a1cc01-60a7-413b-bf4e-2e326182d5fd" testListId="8c84fa94-04c1-424b-9868-57a2d4851a1d" />
    <TestEntry testId="d59656c0-8234-107d-6ab0-cb62a900f180" executionId="c00ebad1-74fc-43dc-bd79-a1e948698fdb" testListId="8c84fa94-04c1-424b-9868-57a2d4851a1d" />
    <TestEntry testId="fe6a14e4-4ab3-2bc0-d28b-2bdd79ecc62e" executionId="69655566-6c07-43be-a020-0ee13c4b0018" testListId="8c84fa94-04c1-424b-9868-57a2d4851a1d" />
    <TestEntry testId="5ff4af90-916a-99f9-1123-cb2981b00f4f" executionId="b321b586-6092-46b2-b012-e1e7b8e7f81e" testListId="8c84fa94-04c1-424b-9868-57a2d4851a1d" />
    <TestEntry testId="dc3472a0-aafe-d3df-bf54-2cbe31211e86" executionId="53f3ea1a-a32c-4845-90e5-d60ea0d0a9b8" testListId="8c84fa94-04c1-424b-9868-57a2d4851a1d" />
    <TestEntry testId="471a0c29-86d4-0274-e84d-7a9540515c1f" executionId="3ac8a5cc-dcca-478f-9e0b-efb3fd321f33" testListId="8c84fa94-04c1-424b-9868-57a2d4851a1d" />
    <TestEntry testId="eb37f6b5-fbef-e348-651e-fd70328f3cab" executionId="02db53f2-7287-4104-af54-eb6da2f92835" testListId="8c84fa94-04c1-424b-9868-57a2d4851a1d" />
    <TestEntry testId="943e2f0c-a2c5-7818-775b-e40db3dfc88b" executionId="1ab213c7-6b14-49bd-bf03-dd0920cef96a" testListId="8c84fa94-04c1-424b-9868-57a2d4851a1d" />
    <TestEntry testId="bf374353-52a0-cca6-1475-c57e771fd438" executionId="4ce11294-b57e-4256-841f-1533ed7487d6" testListId="8c84fa94-04c1-424b-9868-57a2d4851a1d" />
    <TestEntry testId="67674565-a205-af8e-ea43-872acf0efcc5" executionId="2d7a50a0-14b5-44df-aead-631d28637b30" testListId="8c84fa94-04c1-424b-9868-57a2d4851a1d" />
    <TestEntry testId="33f0f1bd-017b-4deb-1129-02ec0474525f" executionId="34440070-1f38-4db2-94de-dcda035900e0" testListId="8c84fa94-04c1-424b-9868-57a2d4851a1d" />
    <TestEntry testId="b458b4ef-295e-cc97-1665-694d3d255142" executionId="4299a7cd-7c11-462c-b77d-a662b0533f72" testListId="8c84fa94-04c1-424b-9868-57a2d4851a1d" />
    <TestEntry testId="7bd295c4-7050-79ba-455e-7999ded93129" executionId="677d5bd7-027d-41da-b030-82cad7556b0e" testListId="8c84fa94-04c1-424b-9868-57a2d4851a1d" />
    <TestEntry testId="00c949e9-3282-e9a3-1397-e04412ea8166" executionId="2c76c7ce-fe97-4fcc-80e0-7481ddf11632" testListId="8c84fa94-04c1-424b-9868-57a2d4851a1d" />
    <TestEntry testId="31eec4c0-9b41-3b48-5e19-7bf8b5fda2c4" executionId="494ae36f-c7a8-4a32-b577-a8ee88c69fcf" testListId="8c84fa94-04c1-424b-9868-57a2d4851a1d" />
    <TestEntry testId="0e721204-f277-1283-5632-da19123225cd" executionId="55d784a3-8609-4fde-9663-44c0a59543a3" testListId="8c84fa94-04c1-424b-9868-57a2d4851a1d" />
    <TestEntry testId="0106d28e-bf03-64db-0cdd-28f5a5e82267" executionId="3af95cd8-31ef-4fef-a153-1907f38a3d73" testListId="8c84fa94-04c1-424b-9868-57a2d4851a1d" />
    <TestEntry testId="8b383180-dbd7-0c21-f30b-f2b8a219d9d7" executionId="86a7050b-84e8-4c4c-81b4-0cd1e996dfbe" testListId="8c84fa94-04c1-424b-9868-57a2d4851a1d" />
    <TestEntry testId="a19b043f-34ab-f306-e3b1-fbcc0632edd0" executionId="da1dec6a-a2f7-494d-8b55-befe69c452a3" testListId="8c84fa94-04c1-424b-9868-57a2d4851a1d" />
    <TestEntry testId="2a11bb12-efdc-c74b-5abf-05799bc83f80" executionId="d576efc3-5b19-4aa5-923f-006b895d3549" testListId="8c84fa94-04c1-424b-9868-57a2d4851a1d" />
    <TestEntry testId="bd042076-2402-fb19-56c3-223eeac85ec4" executionId="f0e3ae35-c7f0-44f3-ac97-3ce9c511e6cd" testListId="8c84fa94-04c1-424b-9868-57a2d4851a1d" />
    <TestEntry testId="aa2f4fa1-f304-2f55-fe5b-f96f38564ce4" executionId="8476fd38-943a-457d-93f7-777d548f49fb" testListId="8c84fa94-04c1-424b-9868-57a2d4851a1d" />
    <TestEntry testId="5fc17e84-80e5-347f-82bf-f4b8c35d584c" executionId="7665cd30-0f4c-43f7-8c12-0bc672223867" testListId="8c84fa94-04c1-424b-9868-57a2d4851a1d" />
    <TestEntry testId="49b9fc86-6497-bb44-b669-e85a21571c3b" executionId="d1da415b-d6b8-4468-bef4-66c229fe7657" testListId="8c84fa94-04c1-424b-9868-57a2d4851a1d" />
    <TestEntry testId="2aed5c1c-004f-a3e4-3408-a089f3a767e6" executionId="514385ac-e2f3-4d7f-8a38-c306db9c7dcb" testListId="8c84fa94-04c1-424b-9868-57a2d4851a1d" />
    <TestEntry testId="fe86095b-1383-1998-6dba-cd3929e0d39e" executionId="bdb6ef0c-be55-49f5-a274-cc54aa2a0b39" testListId="8c84fa94-04c1-424b-9868-57a2d4851a1d" />
    <TestEntry testId="f9377692-5a31-5e3e-733e-9be489c69418" executionId="dc6152d5-17ca-4560-8a0f-819d49577777" testListId="8c84fa94-04c1-424b-9868-57a2d4851a1d" />
    <TestEntry testId="ed35b6ba-0e4e-de79-7444-85543e310409" executionId="70de86e9-2765-45c8-a2e9-2a1111221a96" testListId="8c84fa94-04c1-424b-9868-57a2d4851a1d" />
    <TestEntry testId="1e9930e6-df25-f1fc-c1bc-7280798ad83a" executionId="5041841d-fb6b-4abb-96b8-111d76fab5b1" testListId="8c84fa94-04c1-424b-9868-57a2d4851a1d" />
    <TestEntry testId="cf441dff-2cc3-5209-8459-b5882be4aab7" executionId="08136522-b73f-417c-ba60-3f56a5d3d85b" testListId="8c84fa94-04c1-424b-9868-57a2d4851a1d" />
    <TestEntry testId="411ef798-cb8c-a1d1-d48a-32b58a5b9a61" executionId="55fc8874-d841-443a-a2a4-ba4794cd5005" testListId="8c84fa94-04c1-424b-9868-57a2d4851a1d" />
    <TestEntry testId="4fe139b8-f81b-8dad-3915-fb4e2e0fd0c9" executionId="6e636609-3782-4c7e-9cf3-e76b2521282e" testListId="8c84fa94-04c1-424b-9868-57a2d4851a1d" />
    <TestEntry testId="168c8704-06a5-6904-ffc8-4fda5ecb8a2b" executionId="c7911cba-113e-43d5-b9c5-38beb8e333ab" testListId="8c84fa94-04c1-424b-9868-57a2d4851a1d" />
    <TestEntry testId="1bd328d2-e8fe-2c90-417e-2456c5ceb080" executionId="70aee79e-6556-4f3e-a124-cf47bd6390d3" testListId="8c84fa94-04c1-424b-9868-57a2d4851a1d" />
    <TestEntry testId="a30ebe19-dbb4-ace3-f5fb-f5c55ebecfa0" executionId="50de2d2d-6ed2-41d3-aec8-585b90e1869b" testListId="8c84fa94-04c1-424b-9868-57a2d4851a1d" />
    <TestEntry testId="74035522-8f62-d593-ff80-df7415d7973b" executionId="48e8fbbb-7cf3-421a-a886-8b9916130822" testListId="8c84fa94-04c1-424b-9868-57a2d4851a1d" />
    <TestEntry testId="2a282dd0-4c79-0f43-d28a-2a8356b63131" executionId="8fbe6bed-8ffa-4e44-9c03-a7e38f164951" testListId="8c84fa94-04c1-424b-9868-57a2d4851a1d" />
    <TestEntry testId="87fca37b-f6ce-3528-cec2-ea48ccea60fb" executionId="677ac6b3-3a79-4648-a093-16e1849ff9ae" testListId="8c84fa94-04c1-424b-9868-57a2d4851a1d" />
    <TestEntry testId="66f1caca-fb0c-9fd2-aeb7-dae3262d3988" executionId="ad733aa5-d0a0-4429-9dae-4d64d5955e07" testListId="8c84fa94-04c1-424b-9868-57a2d4851a1d" />
    <TestEntry testId="55942c13-e5ff-2d5d-73a9-b4e10adff844" executionId="556636ea-c924-4caf-81c0-c1f78971fdd4" testListId="8c84fa94-04c1-424b-9868-57a2d4851a1d" />
    <TestEntry testId="058a41c1-39c5-da85-0de2-460d5b19181a" executionId="c04d8a43-8aa1-4b1d-afbf-7e62586e77f8" testListId="8c84fa94-04c1-424b-9868-57a2d4851a1d" />
    <TestEntry testId="1bb758f0-9b2b-d230-33bf-65cd26e8c59b" executionId="f18381e4-82d1-4683-bff3-cd1729e8a0f6" testListId="8c84fa94-04c1-424b-9868-57a2d4851a1d" />
    <TestEntry testId="e74b3aa3-19f2-6b8f-b72a-a91f68fa6b58" executionId="2a774fc4-eae6-474d-9fea-31df57fc06b6" testListId="8c84fa94-04c1-424b-9868-57a2d4851a1d" />
    <TestEntry testId="08d23c4a-537a-0689-fcea-9b2316443b98" executionId="6864c18a-0a3f-47df-b2e5-e19063dbb349" testListId="8c84fa94-04c1-424b-9868-57a2d4851a1d" />
    <TestEntry testId="f218a013-d567-804d-981e-71f0aa1bae88" executionId="1060a540-f9bd-49d7-9aba-18518af7e902" testListId="8c84fa94-04c1-424b-9868-57a2d4851a1d" />
    <TestEntry testId="6c32ca26-271c-23dd-a27c-d4a2a3825194" executionId="d544e23b-5ddf-43b4-a5fa-600eb8722024" testListId="8c84fa94-04c1-424b-9868-57a2d4851a1d" />
    <TestEntry testId="a4711565-c39e-01d4-d39b-fc6ccc993f1c" executionId="02c5be5a-a39c-48b6-b081-bc1f4856d32b" testListId="8c84fa94-04c1-424b-9868-57a2d4851a1d" />
    <TestEntry testId="553395dc-bb03-555b-488b-5938f91b85ac" executionId="dee27cff-b7eb-4a0b-ba4b-faa6101629d7" testListId="8c84fa94-04c1-424b-9868-57a2d4851a1d" />
    <TestEntry testId="07edff7e-2d83-ef27-daec-2fa8cb68d183" executionId="48626112-f7b2-47a2-9de8-ec202dcf7387" testListId="8c84fa94-04c1-424b-9868-57a2d4851a1d" />
    <TestEntry testId="2449653f-1ee0-d329-f5fa-8a52d6be79de" executionId="04c19a24-4421-42e4-9dc1-1e6a90b8cd74" testListId="8c84fa94-04c1-424b-9868-57a2d4851a1d" />
    <TestEntry testId="e152907d-3f69-67ca-ed1b-d6c79f16ab25" executionId="5c09c69a-bf22-4df1-ac7e-8dec43610d0b" testListId="8c84fa94-04c1-424b-9868-57a2d4851a1d" />
    <TestEntry testId="41d7df4a-0629-000b-8311-bf011ae2313f" executionId="31dc4e98-6aff-407a-bb7d-79e5ae52d68d" testListId="8c84fa94-04c1-424b-9868-57a2d4851a1d" />
    <TestEntry testId="2e52c2e6-863c-13fb-2355-91f921288631" executionId="3ce1542e-1e62-46a5-b23c-76ef4d038540" testListId="8c84fa94-04c1-424b-9868-57a2d4851a1d" />
    <TestEntry testId="561c2bd5-2116-9dc1-6a9c-8f2d90e7de51" executionId="5f5092c9-d6b8-4f07-86b3-e621f36aea6d" testListId="8c84fa94-04c1-424b-9868-57a2d4851a1d" />
    <TestEntry testId="a9f9e3bb-433e-c350-5ed2-674fc5fabd0c" executionId="faf775e9-9263-4bbc-95b7-302346dc67dd" testListId="8c84fa94-04c1-424b-9868-57a2d4851a1d" />
    <TestEntry testId="434d5d16-c87e-a025-7ce9-81c34044ed64" executionId="d1d33c7f-8ed3-47fa-8369-a3f5fb91106b" testListId="8c84fa94-04c1-424b-9868-57a2d4851a1d" />
    <TestEntry testId="3db29240-7b7b-2518-544c-91b19e924265" executionId="fff02e18-0a16-4201-a0f0-2736f28c3153" testListId="8c84fa94-04c1-424b-9868-57a2d4851a1d" />
    <TestEntry testId="253e05e6-184d-d60b-b20a-241b5dc0495a" executionId="5921c609-6b6f-4605-9948-e10098ca36e3" testListId="8c84fa94-04c1-424b-9868-57a2d4851a1d" />
    <TestEntry testId="cad41b5c-b5cf-535b-0e25-9943c1f6e70e" executionId="d6205343-7008-45d2-8ebc-de897f3590e8" testListId="8c84fa94-04c1-424b-9868-57a2d4851a1d" />
    <TestEntry testId="316b3d85-b774-80ff-225e-2f91405af64b" executionId="d317e46b-9d7f-44e0-a83c-c0bdc0e19ce8" testListId="8c84fa94-04c1-424b-9868-57a2d4851a1d" />
    <TestEntry testId="305e11f7-5a75-0362-db1d-52ee6cd4fe20" executionId="1186aa88-95a1-46be-adab-6f343f2c089f" testListId="8c84fa94-04c1-424b-9868-57a2d4851a1d" />
    <TestEntry testId="108dcd5c-98ce-f87a-50aa-f132528938a1" executionId="f3ed361b-e9ca-4d1f-a95f-2de62a7f79bb" testListId="8c84fa94-04c1-424b-9868-57a2d4851a1d" />
    <TestEntry testId="842c86a1-ecb7-268a-9f84-8ca2e7464f0e" executionId="528a5fc1-826f-42d6-867b-52d8bdd3de5b" testListId="8c84fa94-04c1-424b-9868-57a2d4851a1d" />
    <TestEntry testId="41187636-9e2d-2549-8287-32d315144000" executionId="fef63a70-5003-470a-b99e-3309c44ea1f0" testListId="8c84fa94-04c1-424b-9868-57a2d4851a1d" />
    <TestEntry testId="5c92e3a1-9732-0609-d397-b423210d7b4f" executionId="68ee2076-b12b-462c-824b-d9d435b80354" testListId="8c84fa94-04c1-424b-9868-57a2d4851a1d" />
    <TestEntry testId="c4161db0-d4b3-9385-7583-e8fb2cab9691" executionId="89eee8f8-ae39-49b6-bcb9-ceda9a304c2e" testListId="8c84fa94-04c1-424b-9868-57a2d4851a1d" />
    <TestEntry testId="51f83135-22d8-0f2c-86a1-deac58a265dc" executionId="47d29daa-1ffd-491b-83d0-e9dfc18008ce" testListId="8c84fa94-04c1-424b-9868-57a2d4851a1d" />
    <TestEntry testId="f37e5f5b-a609-fcf3-c453-9f411a15eaeb" executionId="e8a5b207-ece6-435d-8092-697175e0a2da" testListId="8c84fa94-04c1-424b-9868-57a2d4851a1d" />
    <TestEntry testId="17636107-a8c8-7ac7-acfc-b964eff07fab" executionId="f25ca95b-b5b4-4dac-8e0e-611b8d59581e" testListId="8c84fa94-04c1-424b-9868-57a2d4851a1d" />
    <TestEntry testId="abd88dde-2d40-b182-a901-78a57c691a17" executionId="0228c69e-c8f8-46d5-bbea-447f2c7e2d97" testListId="8c84fa94-04c1-424b-9868-57a2d4851a1d" />
    <TestEntry testId="8d6f159a-d3b6-803f-2d76-53607f783811" executionId="e2db3e1f-6015-46be-a080-057eb7ebdee1" testListId="8c84fa94-04c1-424b-9868-57a2d4851a1d" />
    <TestEntry testId="5ced3b67-bdc3-a9a2-2162-f5e61b69b1f4" executionId="fe76afd8-fe62-44e2-b764-ebcd915c6594" testListId="8c84fa94-04c1-424b-9868-57a2d4851a1d" />
    <TestEntry testId="859f32db-1a3b-11dc-3b90-77670f4af2f7" executionId="b2a8147f-8372-43b0-a177-4dfe75bc7410" testListId="8c84fa94-04c1-424b-9868-57a2d4851a1d" />
    <TestEntry testId="36606ff2-0697-4884-12b1-9866e64ddefa" executionId="dcbbc207-572c-4453-a060-287a53885a59" testListId="8c84fa94-04c1-424b-9868-57a2d4851a1d" />
    <TestEntry testId="aa0f12fd-d492-cc14-3d80-226514d8d323" executionId="596e13c9-84de-463a-a45a-d6d0b3b66569" testListId="8c84fa94-04c1-424b-9868-57a2d4851a1d" />
    <TestEntry testId="f6ab9d4a-d579-dc1a-1929-3452282f04c6" executionId="f09597ba-9ece-4305-9d5c-7512a64fc8fb" testListId="8c84fa94-04c1-424b-9868-57a2d4851a1d" />
    <TestEntry testId="00c949e9-3282-e9a3-1397-e04412ea8166" executionId="62a930b5-620a-4684-84b9-c7bf004e3b57" testListId="8c84fa94-04c1-424b-9868-57a2d4851a1d" />
    <TestEntry testId="e08762d0-503a-66d0-2e75-de0a18674fda" executionId="b7f5aaee-c493-4666-9eee-37b6f1667de9" testListId="8c84fa94-04c1-424b-9868-57a2d4851a1d" />
    <TestEntry testId="8a128c2a-9be9-0578-d56f-9e431b92e4d6" executionId="19599652-393b-420c-b2db-f15623afc175" testListId="8c84fa94-04c1-424b-9868-57a2d4851a1d" />
    <TestEntry testId="bd042076-2402-fb19-56c3-223eeac85ec4" executionId="3b6d39cd-645b-4980-8b28-b58e5fccae1b" testListId="8c84fa94-04c1-424b-9868-57a2d4851a1d" />
    <TestEntry testId="c4518886-96b4-4ca3-17d4-3e626078fabd" executionId="b4f0448d-4073-4ae5-8649-75cf383e49d7" testListId="8c84fa94-04c1-424b-9868-57a2d4851a1d" />
    <TestEntry testId="9d33ed5e-f5fb-ad1d-d757-74f4bdb891c0" executionId="8f8f165e-da68-42d6-a520-3272c6072866" testListId="8c84fa94-04c1-424b-9868-57a2d4851a1d" />
    <TestEntry testId="5a1a84db-7006-9963-4753-4851c53b4910" executionId="92ebff7f-f130-4d26-84d3-fd85b08f9cbe" testListId="8c84fa94-04c1-424b-9868-57a2d4851a1d" />
    <TestEntry testId="1ce32296-e7d9-6827-d72c-bed461602764" executionId="ae4b91a8-2615-4242-a031-c66ed2f5f39e" testListId="8c84fa94-04c1-424b-9868-57a2d4851a1d" />
    <TestEntry testId="e492894a-cccd-7ecf-f73c-f66be96368f6" executionId="009c356a-fdca-4725-bd91-a611c00d47ed" testListId="8c84fa94-04c1-424b-9868-57a2d4851a1d" />
    <TestEntry testId="5b8cb0cc-991a-8d88-b28b-30f30391b7ee" executionId="1bb2375a-6b0d-40e7-9400-58d31a1fe638" testListId="8c84fa94-04c1-424b-9868-57a2d4851a1d" />
    <TestEntry testId="7c92f7d2-750f-6fb3-35f0-07a2f2ea94a0" executionId="a399ab05-dba5-4ca4-81ef-f93e5c032245" testListId="8c84fa94-04c1-424b-9868-57a2d4851a1d" />
    <TestEntry testId="a1724ea1-1bb7-a267-4fdb-012e86858c5c" executionId="0e2f812b-7cee-40df-84a4-734824170273" testListId="8c84fa94-04c1-424b-9868-57a2d4851a1d" />
    <TestEntry testId="8ef54b66-f4ff-cd9d-a72d-1d83aa210c52" executionId="a7c621b2-0de0-4022-a1df-c9ea5784752e" testListId="8c84fa94-04c1-424b-9868-57a2d4851a1d" />
    <TestEntry testId="00c949e9-3282-e9a3-1397-e04412ea8166" executionId="abb2d530-057a-4bc7-9109-3001adf388a2" testListId="8c84fa94-04c1-424b-9868-57a2d4851a1d" />
    <TestEntry testId="c2df6d5b-653a-5889-f473-81c078643a2c" executionId="5f6e43ca-6e0c-4e3b-9196-9f25e0a9d982" testListId="8c84fa94-04c1-424b-9868-57a2d4851a1d" />
    <TestEntry testId="e2ad2a9d-57f7-b89c-f98d-52105b0ccf10" executionId="48aed0e4-c9c1-4231-be4f-0e56fedf7a23" testListId="8c84fa94-04c1-424b-9868-57a2d4851a1d" />
    <TestEntry testId="f37e5f5b-a609-fcf3-c453-9f411a15eaeb" executionId="be895ac6-8fe6-4dc1-965c-b5da0b4ec8d8" testListId="8c84fa94-04c1-424b-9868-57a2d4851a1d" />
    <TestEntry testId="6a99bca0-c2eb-0657-a66f-bc7316c77725" executionId="fa0b96e4-167e-4398-9f9f-91bd296ec28b" testListId="8c84fa94-04c1-424b-9868-57a2d4851a1d" />
    <TestEntry testId="9df08586-0c98-2de0-0fcb-bf84a51fc678" executionId="479d18bf-36d0-4cc5-949c-f8382a26fba6" testListId="8c84fa94-04c1-424b-9868-57a2d4851a1d" />
    <TestEntry testId="eb6434ce-42e2-9e2d-cb9f-a724e0d3ca92" executionId="682dfd52-a057-410d-894f-0534cd3e2946" testListId="8c84fa94-04c1-424b-9868-57a2d4851a1d" />
    <TestEntry testId="cbe84446-e59b-ce9f-f734-cd5097869c15" executionId="59048ccb-b2b7-4079-b587-72bf69c93137" testListId="8c84fa94-04c1-424b-9868-57a2d4851a1d" />
    <TestEntry testId="3351f5e9-cdac-da2d-bb1d-2add348898aa" executionId="6e057cfa-7166-4eb5-8c4d-dac22c4f665f" testListId="8c84fa94-04c1-424b-9868-57a2d4851a1d" />
    <TestEntry testId="dae8775c-1981-9cd5-13c3-ed6cd104261a" executionId="8e98b38a-3784-4be6-a8a4-a2266e7e3331" testListId="8c84fa94-04c1-424b-9868-57a2d4851a1d" />
    <TestEntry testId="582aee11-df26-12ed-7724-adef6f5ccabb" executionId="abd4c7f8-a699-4b33-b088-3d55d0c69f0a" testListId="8c84fa94-04c1-424b-9868-57a2d4851a1d" />
    <TestEntry testId="a854d2bf-1c93-0b5f-3dc6-286d7894c488" executionId="66b2e907-641a-4a07-914f-351e3c679e37" testListId="8c84fa94-04c1-424b-9868-57a2d4851a1d" />
    <TestEntry testId="a73fdf17-7e0f-43f1-ab09-1060d267b31c" executionId="556bb3c7-4351-4e85-90c0-cfd07baf82d3" testListId="8c84fa94-04c1-424b-9868-57a2d4851a1d" />
    <TestEntry testId="00c949e9-3282-e9a3-1397-e04412ea8166" executionId="a6a4baf8-8dd0-4031-99aa-a2c353da2c26" testListId="8c84fa94-04c1-424b-9868-57a2d4851a1d" />
    <TestEntry testId="9df0aa7c-aee5-5d5c-d02e-0d611a59a855" executionId="ac7b0873-0451-471d-9af8-3e4c3caf906a" testListId="8c84fa94-04c1-424b-9868-57a2d4851a1d" />
    <TestEntry testId="00c949e9-3282-e9a3-1397-e04412ea8166" executionId="debd3406-c245-4a94-8539-36a4f0c08af3" testListId="8c84fa94-04c1-424b-9868-57a2d4851a1d" />
    <TestEntry testId="063ab08e-8f53-7d15-0708-d6c1607b08ab" executionId="81f89172-d9c0-4703-afb4-cd0856052997" testListId="8c84fa94-04c1-424b-9868-57a2d4851a1d" />
    <TestEntry testId="d996c347-7097-0c09-0ebe-01ed60715001" executionId="9d622dc7-538f-4bdd-95b8-aa73e64bddb3" testListId="8c84fa94-04c1-424b-9868-57a2d4851a1d" />
    <TestEntry testId="b8848f78-e431-d152-97ed-aff7460a0c3b" executionId="acffb0be-006d-4c67-bd77-10805a7ca76c" testListId="8c84fa94-04c1-424b-9868-57a2d4851a1d" />
    <TestEntry testId="29b4ed19-a443-122a-977f-10b5190fb08c" executionId="a55322b9-f310-44c0-8e6b-6e2692ad9073" testListId="8c84fa94-04c1-424b-9868-57a2d4851a1d" />
    <TestEntry testId="f37e5f5b-a609-fcf3-c453-9f411a15eaeb" executionId="b2800923-8158-418f-9478-96665823ff53" testListId="8c84fa94-04c1-424b-9868-57a2d4851a1d" />
    <TestEntry testId="570542cd-d8b4-7656-273b-2efef5a67393" executionId="d508962a-35bb-40a7-89a3-efbdd1327f7d" testListId="8c84fa94-04c1-424b-9868-57a2d4851a1d" />
    <TestEntry testId="e1527d17-03fa-35ef-30a9-f04fa15d08f8" executionId="289d1b09-8660-4204-8dda-eeb621c5ee16" testListId="8c84fa94-04c1-424b-9868-57a2d4851a1d" />
    <TestEntry testId="7e81edc0-98c0-3051-1037-7c2397d6818d" executionId="a7bb41be-a55b-4426-9758-a06144ad1492" testListId="8c84fa94-04c1-424b-9868-57a2d4851a1d" />
    <TestEntry testId="88fcd86f-0e3d-db6a-d7f9-489c25ca28c7" executionId="d02eb933-d92c-4867-a962-c6f1b75650a9" testListId="8c84fa94-04c1-424b-9868-57a2d4851a1d" />
    <TestEntry testId="56696622-b5e5-b790-e230-d1b455492afb" executionId="64db6a95-fa24-49c1-8be7-e76a5c81da7a" testListId="8c84fa94-04c1-424b-9868-57a2d4851a1d" />
    <TestEntry testId="6e5007f9-68b1-9358-3a04-1d615453a078" executionId="978e4706-7d56-4f79-b215-9384e6daff16" testListId="8c84fa94-04c1-424b-9868-57a2d4851a1d" />
    <TestEntry testId="aa2fb8ce-cab7-86e3-1845-4df1cb9a3c2d" executionId="e2cbc2a4-7257-485f-be9f-b1c87517b22d" testListId="8c84fa94-04c1-424b-9868-57a2d4851a1d" />
    <TestEntry testId="d633fadc-a142-d041-07db-fefdc3bad19e" executionId="0365acc9-0da1-4943-8578-70d34d4d8c67" testListId="8c84fa94-04c1-424b-9868-57a2d4851a1d" />
    <TestEntry testId="349eca6e-b1f6-6ab4-c396-e8c299476d7b" executionId="c12033b7-20d6-43de-b70a-ac64b49f44d0" testListId="8c84fa94-04c1-424b-9868-57a2d4851a1d" />
    <TestEntry testId="56227e59-e610-2fbb-fcac-afd2e7ca1254" executionId="5d7c5c48-f55b-4ade-a959-90b46d4bc305" testListId="8c84fa94-04c1-424b-9868-57a2d4851a1d" />
    <TestEntry testId="76f15ad2-398a-ff53-5ced-0734278d432f" executionId="a18f47e5-a131-49da-9408-223276fb6d95" testListId="8c84fa94-04c1-424b-9868-57a2d4851a1d" />
    <TestEntry testId="0bc23585-fa65-a6ca-e28c-80585ee94be9" executionId="aa49ac8a-2bca-4805-bbee-2ddde6e9d1a5" testListId="8c84fa94-04c1-424b-9868-57a2d4851a1d" />
    <TestEntry testId="29b446c8-895d-c6f8-de01-0594f2a1c587" executionId="6fe9352e-53d0-4351-b30f-651661f48176" testListId="8c84fa94-04c1-424b-9868-57a2d4851a1d" />
    <TestEntry testId="fd8e593e-8f71-af4a-b9f2-d3973c4c8bcf" executionId="40a8a178-4fdf-49fa-ac36-0eaf8eef3de7" testListId="8c84fa94-04c1-424b-9868-57a2d4851a1d" />
    <TestEntry testId="f079971a-4d79-a080-8093-06198478cda6" executionId="12509420-d896-4773-82c1-3173aab4d9a0" testListId="8c84fa94-04c1-424b-9868-57a2d4851a1d" />
    <TestEntry testId="2815fd0e-2035-074b-4aa9-1f9f75c6afe5" executionId="e08057f1-984b-4971-b728-1427760d237f" testListId="8c84fa94-04c1-424b-9868-57a2d4851a1d" />
    <TestEntry testId="cb82c75a-3db4-85f2-ca1b-1e464e003f7d" executionId="ebf04f82-5265-48dc-adbc-351c565a6cb6" testListId="8c84fa94-04c1-424b-9868-57a2d4851a1d" />
    <TestEntry testId="22e58096-f246-6686-73c3-5ccc37847f7a" executionId="16038b38-e720-4e1e-bbd7-3845acd35c34" testListId="8c84fa94-04c1-424b-9868-57a2d4851a1d" />
    <TestEntry testId="68e281b9-9a49-3611-3114-3d9c71e194e5" executionId="21ac3f47-20bc-4532-9e12-bc458c7a4331" testListId="8c84fa94-04c1-424b-9868-57a2d4851a1d" />
    <TestEntry testId="85149784-22e1-7b52-2013-f8a168237ee4" executionId="48ba7c9a-2884-4dba-883c-5d04b95214ee" testListId="8c84fa94-04c1-424b-9868-57a2d4851a1d" />
    <TestEntry testId="35a417d9-e7fe-01c4-bcf3-a18f85f83168" executionId="b32d10ed-6267-4366-961b-22095dbb0d53" testListId="8c84fa94-04c1-424b-9868-57a2d4851a1d" />
    <TestEntry testId="55cb4b4b-24f7-b469-407f-6f678f27f86a" executionId="37498f2e-9d9f-49dd-9dde-bec916f59918" testListId="8c84fa94-04c1-424b-9868-57a2d4851a1d" />
    <TestEntry testId="47879ec5-ea7f-5a14-7b18-2063323c882f" executionId="8cd331db-b1ba-4e0c-87ce-622e0778e85f" testListId="8c84fa94-04c1-424b-9868-57a2d4851a1d" />
    <TestEntry testId="c8caf0b8-a6ad-0ab7-d506-cf621c69f103" executionId="bc602367-fc33-4005-9673-8258a5798f0a" testListId="8c84fa94-04c1-424b-9868-57a2d4851a1d" />
    <TestEntry testId="e59a91f4-e261-7412-d22f-9e023a35acfb" executionId="0787f540-1643-4b0e-83c8-04fae76c6de9" testListId="8c84fa94-04c1-424b-9868-57a2d4851a1d" />
    <TestEntry testId="a5714d74-d9c1-e9f2-4b22-07d73f18f04b" executionId="edc0c096-1e0d-463d-a4bd-b3bac2aafe84" testListId="8c84fa94-04c1-424b-9868-57a2d4851a1d" />
    <TestEntry testId="ae67d189-8768-4d42-e0db-575f082bf6ef" executionId="93bf8c7c-7845-4ca1-9d78-ae5ff3ee483d" testListId="8c84fa94-04c1-424b-9868-57a2d4851a1d" />
    <TestEntry testId="c13a9523-0595-8c5b-2b1c-d16391be043b" executionId="0953e879-a18c-49bb-a73f-69a06216b292" testListId="8c84fa94-04c1-424b-9868-57a2d4851a1d" />
    <TestEntry testId="bc6d7cfc-cb52-ba92-1bd8-c41e7c733d5b" executionId="cfe79257-43d7-4aae-8627-56eb5761825c" testListId="8c84fa94-04c1-424b-9868-57a2d4851a1d" />
    <TestEntry testId="397fcd6d-c615-3497-e06b-0e9047287291" executionId="2a69170d-d277-4481-8496-ac38061db037" testListId="8c84fa94-04c1-424b-9868-57a2d4851a1d" />
    <TestEntry testId="5188e0f4-7b43-a7a7-9af4-9615345ef5dc" executionId="803df67d-3c92-4745-803b-8241f4d253c0" testListId="8c84fa94-04c1-424b-9868-57a2d4851a1d" />
    <TestEntry testId="a7c59d28-f7b4-04db-916c-04fdcd3621d0" executionId="35b3b9e2-719f-47b8-93cd-2c6c1f1ba950" testListId="8c84fa94-04c1-424b-9868-57a2d4851a1d" />
    <TestEntry testId="768fab34-b3b5-1dae-3ecc-919d464dc3af" executionId="bdedff93-cb47-4f24-ac48-0d0d8ced92a6" testListId="8c84fa94-04c1-424b-9868-57a2d4851a1d" />
    <TestEntry testId="cd5c0b91-28eb-4ef8-3860-86dc1f965d32" executionId="726b7530-b7e7-4654-a218-8451781116bb" testListId="8c84fa94-04c1-424b-9868-57a2d4851a1d" />
    <TestEntry testId="486f415c-3ba1-957b-777c-0f50023bdae5" executionId="c813adfc-4b7a-4fa0-ada8-a081f1297dfe" testListId="8c84fa94-04c1-424b-9868-57a2d4851a1d" />
    <TestEntry testId="dbfafe45-1966-a1e8-66e8-e85f80b3159a" executionId="2fdba87e-6f8d-4c84-bf29-5838dbecc44b" testListId="8c84fa94-04c1-424b-9868-57a2d4851a1d" />
    <TestEntry testId="2bc256b5-9049-1b35-f2a0-106c8a652036" executionId="491ec5cb-7ea3-4396-afbe-8f205408b742" testListId="8c84fa94-04c1-424b-9868-57a2d4851a1d" />
    <TestEntry testId="94070b35-32b5-2e82-c707-731cc4904ee4" executionId="8647e6dd-6dae-4b05-b86d-d537e43e97ec" testListId="8c84fa94-04c1-424b-9868-57a2d4851a1d" />
    <TestEntry testId="48d7d92d-1cba-4cb4-04f0-21a16fc7eb30" executionId="2d815afd-26d4-45cb-9254-0ebe20dfcaf1" testListId="8c84fa94-04c1-424b-9868-57a2d4851a1d" />
    <TestEntry testId="43fb071e-017a-60e3-56a1-11cd5a259516" executionId="572723be-2af5-4206-bcda-f0395154272b" testListId="8c84fa94-04c1-424b-9868-57a2d4851a1d" />
    <TestEntry testId="b1cbd388-6b2e-06c4-0688-0ec373c3c29e" executionId="3bfa76e4-e706-48cf-8838-edd68b24c4fa" testListId="8c84fa94-04c1-424b-9868-57a2d4851a1d" />
    <TestEntry testId="01264600-f5eb-00d5-cb59-6b297068518d" executionId="0d4ac0e8-be5f-42d0-a20d-89a24a9cb0a8" testListId="8c84fa94-04c1-424b-9868-57a2d4851a1d" />
    <TestEntry testId="bd042076-2402-fb19-56c3-223eeac85ec4" executionId="68cb445e-a809-42e9-af1e-ea6f30c54b94" testListId="8c84fa94-04c1-424b-9868-57a2d4851a1d" />
  </TestEntries>
  <TestLists>
    <TestList name="Results Not in a List" id="8c84fa94-04c1-424b-9868-57a2d4851a1d" />
    <TestList name="All Loaded Results" id="19431567-8539-422a-85d7-44ee4e166bda" />
  </TestLists>
  <ResultSummary outcome="Completed">
    <Counters total="277" executed="277" passed="277" failed="0" error="0" timeout="0" aborted="0" inconclusive="0" passedButRunAborted="0" notRunnable="0" notExecuted="0" disconnected="0" warning="0" completed="0" inProgress="0" pending="0" />
  </ResultSummary>
</TestRun>