<?xml version="1.0" encoding="utf-8"?>
<TestRun id="70e6c6ec-ea02-4681-9513-24bb455bba64" name="DKSR-EFI-06$@DKSR-EFI-06 2024-01-09 15:43:58" runUser="NT AUTHORITY\NETWORK SERVICE" xmlns="http://microsoft.com/schemas/VisualStudio/TeamTest/2010">
  <Times creation="2024-01-09T15:43:58.7479698+01:00" queuing="2024-01-09T15:43:58.7479698+01:00" start="2024-01-09T15:43:48.2948083+01:00" finish="2024-01-09T15:43:59.7479718+01:00" />
  <TestSettings name="default" id="047f0c55-60fd-45c3-954c-e89911178261">
    <Deployment runDeploymentRoot="DKSR-EFI-06$_DKSR-EFI-06_2024-01-09_15_43_58" />
  </TestSettings>
  <Results>
    <UnitTestResult executionId="7415f61d-4266-478f-9a9b-6bae4acec70d" testId="565963e0-7cc3-1b09-abef-4f2d8c36e63f" testName="Exception_Is_Thrown_When_SetLocationOnEndpointToBeInstalled_Returns_Unspecified_Error" computerName="DKSR-EFI-06" duration="00:00:00.0037717" startTime="2024-01-09T15:43:58.9356867+01:00" endTime="2024-01-09T15:43:58.9510971+01:00" testType="13cdc9d9-ddb5-4fa4-a97d-d965ccfc6d4b" outcome="Passed" testListId="8c84fa94-04c1-424b-9868-57a2d4851a1d" relativeResultsDirectory="7415f61d-4266-478f-9a9b-6bae4acec70d" />
    <UnitTestResult executionId="ed404a64-a6ab-4307-a190-d21e871f3149" testId="be6d2966-7183-f4af-8084-474b49ffb0ae" testName="Install_ShouldNotFail" computerName="DKSR-EFI-06" duration="00:00:00.0002225" startTime="2024-01-09T15:43:58.9667202+01:00" endTime="2024-01-09T15:43:58.9667202+01:00" testType="13cdc9d9-ddb5-4fa4-a97d-d965ccfc6d4b" outcome="Passed" testListId="8c84fa94-04c1-424b-9868-57a2d4851a1d" relativeResultsDirectory="ed404a64-a6ab-4307-a190-d21e871f3149" />
    <UnitTestResult executionId="9d806736-634a-44fe-a488-fc0ada3401c0" testId="986960f6-f862-eaeb-4c4e-5be5ddce536c" testName="ApplyCertificatesForEndpointsToBeInstalled_is_called_once" computerName="DKSR-EFI-06" duration="00:00:00.0152636" startTime="2024-01-09T15:43:58.9042215+01:00" endTime="2024-01-09T15:43:58.9198459+01:00" testType="13cdc9d9-ddb5-4fa4-a97d-d965ccfc6d4b" outcome="Passed" testListId="8c84fa94-04c1-424b-9868-57a2d4851a1d" relativeResultsDirectory="9d806736-634a-44fe-a488-fc0ada3401c0" />
    <UnitTestResult executionId="49bb3ec8-45dc-4bcd-a14a-52a1b0b9baa3" testId="ec7825d3-9f37-d7cc-7239-eea4360d4b16" testName="CheckPrequisite_Returns_False" computerName="DKSR-EFI-06" duration="00:00:00.0035696" startTime="2024-01-09T15:43:58.9510971+01:00" endTime="2024-01-09T15:43:58.9510971+01:00" testType="13cdc9d9-ddb5-4fa4-a97d-d965ccfc6d4b" outcome="Passed" testListId="8c84fa94-04c1-424b-9868-57a2d4851a1d" relativeResultsDirectory="49bb3ec8-45dc-4bcd-a14a-52a1b0b9baa3" />
    <UnitTestResult executionId="dfd973c2-c5cd-4532-b984-a5ea79e5f87d" testId="69529860-89fd-2d73-ddbe-16e4154d745b" testName="Uninstall_ShouldNotFail" computerName="DKSR-EFI-06" duration="00:00:00.0002563" startTime="2024-01-09T15:43:57.8885914+01:00" endTime="2024-01-09T15:43:57.8885914+01:00" testType="13cdc9d9-ddb5-4fa4-a97d-d965ccfc6d4b" outcome="Passed" testListId="8c84fa94-04c1-424b-9868-57a2d4851a1d" relativeResultsDirectory="dfd973c2-c5cd-4532-b984-a5ea79e5f87d" />
    <UnitTestResult executionId="f2dd40ca-efc2-441c-8dae-8ce0890a8bdb" testId="79242911-5815-45de-b38a-ed945cabca26" testName="UnregisterLprServerService_Throws_And_Logs_Exception" computerName="DKSR-EFI-06" duration="00:00:00.0165316" startTime="2024-01-09T15:43:59.1542220+01:00" endTime="2024-01-09T15:43:59.1698473+01:00" testType="13cdc9d9-ddb5-4fa4-a97d-d965ccfc6d4b" outcome="Passed" testListId="8c84fa94-04c1-424b-9868-57a2d4851a1d" relativeResultsDirectory="f2dd40ca-efc2-441c-8dae-8ce0890a8bdb" />
    <UnitTestResult executionId="09a3caeb-0e24-4834-9018-0a42f4118e53" testId="1abf1c79-79fc-6142-5bf4-4ca10c3f5f83" testName="Finalize_ShouldNotFail" computerName="DKSR-EFI-06" duration="00:00:00.0002423" startTime="2024-01-09T15:43:57.8573417+01:00" endTime="2024-01-09T15:43:57.8573417+01:00" testType="13cdc9d9-ddb5-4fa4-a97d-d965ccfc6d4b" outcome="Passed" testListId="8c84fa94-04c1-424b-9868-57a2d4851a1d" relativeResultsDirectory="09a3caeb-0e24-4834-9018-0a42f4118e53" />
    <UnitTestResult executionId="1096b865-f150-4aa3-bdf2-ab13a63bd741" testId="7d693414-e846-21e5-9933-d5c3bf24caa9" testName="Start_ShouldUninstallMsi" computerName="DKSR-EFI-06" duration="00:00:00.0062465" startTime="2024-01-09T15:43:58.9667202+01:00" endTime="2024-01-09T15:43:58.9823458+01:00" testType="13cdc9d9-ddb5-4fa4-a97d-d965ccfc6d4b" outcome="Passed" testListId="8c84fa94-04c1-424b-9868-57a2d4851a1d" relativeResultsDirectory="1096b865-f150-4aa3-bdf2-ab13a63bd741" />
    <UnitTestResult executionId="78e01889-edad-4369-8c75-b9434192dff5" testId="ac366e75-ce0e-2a60-0206-4f847079dea7" testName="RemoveCertificateRegistration_is_called_once" computerName="DKSR-EFI-06" duration="00:00:00.0300915" startTime="2024-01-09T15:43:58.9823458+01:00" endTime="2024-01-09T15:43:59.0135957+01:00" testType="13cdc9d9-ddb5-4fa4-a97d-d965ccfc6d4b" outcome="Passed" testListId="8c84fa94-04c1-424b-9868-57a2d4851a1d" relativeResultsDirectory="78e01889-edad-4369-8c75-b9434192dff5" />
    <UnitTestResult executionId="60f19367-5e2f-4793-83ec-0b38d8018051" testId="f3209f4b-1738-a4fc-6351-ad46c1b6c4e9" testName="Initialize_ShouldNotFail" computerName="DKSR-EFI-06" duration="00:00:00.0162336" startTime="2024-01-09T15:43:57.8729673+01:00" endTime="2024-01-09T15:43:57.8885914+01:00" testType="13cdc9d9-ddb5-4fa4-a97d-d965ccfc6d4b" outcome="Passed" testListId="8c84fa94-04c1-424b-9868-57a2d4851a1d" relativeResultsDirectory="60f19367-5e2f-4793-83ec-0b38d8018051" />
    <UnitTestResult executionId="6bbea084-441e-4502-af83-917fdc8c57bd" testId="464eff20-2cf3-387d-afae-3a042bb7d4f6" testName="CheckPrequisite_ShouldReturnFalse" computerName="DKSR-EFI-06" duration="00:00:00.0013997" startTime="2024-01-09T15:43:57.8573417+01:00" endTime="2024-01-09T15:43:57.8573417+01:00" testType="13cdc9d9-ddb5-4fa4-a97d-d965ccfc6d4b" outcome="Passed" testListId="8c84fa94-04c1-424b-9868-57a2d4851a1d" relativeResultsDirectory="6bbea084-441e-4502-af83-917fdc8c57bd" />
    <UnitTestResult executionId="75ad8c31-1651-424f-a6b5-9ab37c451384" testId="f3f679db-ff2f-eb45-1f25-c08c54a10d5d" testName="Initialize_ShouldNotFail" computerName="DKSR-EFI-06" duration="00:00:00.0002267" startTime="2024-01-09T15:43:58.9667202+01:00" endTime="2024-01-09T15:43:58.9667202+01:00" testType="13cdc9d9-ddb5-4fa4-a97d-d965ccfc6d4b" outcome="Passed" testListId="8c84fa94-04c1-424b-9868-57a2d4851a1d" relativeResultsDirectory="75ad8c31-1651-424f-a6b5-9ab37c451384" />
    <UnitTestResult executionId="9a076e20-969c-469c-8c7e-e17f1d2c4a74" testId="c74d7fec-a69f-0d15-3155-53bf821241b7" testName="SetLocationOnEndpointToBeInstalled_is_called_once" computerName="DKSR-EFI-06" duration="00:00:00.0041882" startTime="2024-01-09T15:43:58.9198459+01:00" endTime="2024-01-09T15:43:58.9356867+01:00" testType="13cdc9d9-ddb5-4fa4-a97d-d965ccfc6d4b" outcome="Passed" testListId="8c84fa94-04c1-424b-9868-57a2d4851a1d" relativeResultsDirectory="9a076e20-969c-469c-8c7e-e17f1d2c4a74" />
    <UnitTestResult executionId="5b401a98-f24b-420c-9b48-997c9ce359ac" testId="ba245758-49a0-eeb1-8b49-792ca2de8101" testName="Uninstall_ShouldNotFail" computerName="DKSR-EFI-06" duration="00:00:00.0019475" startTime="2024-01-09T15:43:58.9667202+01:00" endTime="2024-01-09T15:43:58.9667202+01:00" testType="13cdc9d9-ddb5-4fa4-a97d-d965ccfc6d4b" outcome="Passed" testListId="8c84fa94-04c1-424b-9868-57a2d4851a1d" relativeResultsDirectory="5b401a98-f24b-420c-9b48-997c9ce359ac" />
    <UnitTestResult executionId="3c3873bb-7a2d-4d06-8b05-4104bcd97866" testId="5bafbaea-4264-68a2-a07b-4f6791817d77" testName="UnregisterLprServerService_Unregisters_And_Logs_Message_When_Uninstall_mode" computerName="DKSR-EFI-06" duration="00:00:00.0056549" startTime="2024-01-09T15:43:59.1229717+01:00" endTime="2024-01-09T15:43:59.1385971+01:00" testType="13cdc9d9-ddb5-4fa4-a97d-d965ccfc6d4b" outcome="Passed" testListId="8c84fa94-04c1-424b-9868-57a2d4851a1d" relativeResultsDirectory="3c3873bb-7a2d-4d06-8b05-4104bcd97866" />
    <UnitTestResult executionId="edbff84a-de77-4251-b42e-3bd5aeba8ab7" testId="eb930f6b-01fe-c02f-1db2-79cfe93c9092" testName="UnregisterLprServerService_Does_Not_Uninstall_in_Upgrade_mode" computerName="DKSR-EFI-06" duration="00:00:00.0104441" startTime="2024-01-09T15:43:59.1385971+01:00" endTime="2024-01-09T15:43:59.1542220+01:00" testType="13cdc9d9-ddb5-4fa4-a97d-d965ccfc6d4b" outcome="Passed" testListId="8c84fa94-04c1-424b-9868-57a2d4851a1d" relativeResultsDirectory="edbff84a-de77-4251-b42e-3bd5aeba8ab7" />
    <UnitTestResult executionId="457ed123-ee68-4262-ae02-97a385306dd8" testId="99b791f4-f721-aa5c-5736-104bd24371b1" testName="ErrorMessage_Is_Logged_When_RemoveCertificateRegistration_Throws_Exception" computerName="DKSR-EFI-06" duration="00:00:00.1129130" startTime="2024-01-09T15:43:59.0135957+01:00" endTime="2024-01-09T15:43:59.1229717+01:00" testType="13cdc9d9-ddb5-4fa4-a97d-d965ccfc6d4b" outcome="Passed" testListId="8c84fa94-04c1-424b-9868-57a2d4851a1d" relativeResultsDirectory="457ed123-ee68-4262-ae02-97a385306dd8" />
    <UnitTestResult executionId="ed9ddcb6-1478-41a8-838b-bf0308cc8d52" testId="eae5b08f-f58c-0f28-b950-d1fe6597b222" testName="RunInFinalizeMode_ShouldBeTrue" computerName="DKSR-EFI-06" duration="00:00:00.4731931" startTime="2024-01-09T15:43:57.1542136+01:00" endTime="2024-01-09T15:43:57.7792181+01:00" testType="13cdc9d9-ddb5-4fa4-a97d-d965ccfc6d4b" outcome="Passed" testListId="8c84fa94-04c1-424b-9868-57a2d4851a1d" relativeResultsDirectory="ed9ddcb6-1478-41a8-838b-bf0308cc8d52" />
    <UnitTestResult executionId="2ee7b6e5-0ede-4985-9f86-de70e4a93bd3" testId="8d081ad3-cfdc-49a7-757b-d096e2a6bf72" testName="Finalize_ShouldNotFail" computerName="DKSR-EFI-06" duration="00:00:00.0002581" startTime="2024-01-09T15:43:58.9667202+01:00" endTime="2024-01-09T15:43:58.9667202+01:00" testType="13cdc9d9-ddb5-4fa4-a97d-d965ccfc6d4b" outcome="Passed" testListId="8c84fa94-04c1-424b-9868-57a2d4851a1d" relativeResultsDirectory="2ee7b6e5-0ede-4985-9f86-de70e4a93bd3" />
    <UnitTestResult executionId="d5319ad6-3bcb-45ba-9a38-2ca9adc23e9b" testId="85c233a9-63d4-e84f-6e4f-4ad3f00f22c3" testName="Exception_Is_Thrown_When_ApplyCertificatesForEndpointsToBeInstalled_Returns_Unspecified_Error" computerName="DKSR-EFI-06" duration="00:00:01.0146430" startTime="2024-01-09T15:43:57.8885914+01:00" endTime="2024-01-09T15:43:58.9042215+01:00" testType="13cdc9d9-ddb5-4fa4-a97d-d965ccfc6d4b" outcome="Passed" testListId="8c84fa94-04c1-424b-9868-57a2d4851a1d" relativeResultsDirectory="d5319ad6-3bcb-45ba-9a38-2ca9adc23e9b" />
    <UnitTestResult executionId="085e6cf9-3a62-4615-9d41-bf68a277ff59" testId="2531207e-718b-9c63-b164-099209e64f45" testName="Start_ShouldInstallMsi_AndExecuteConfigurators_WhenInNormalMode" computerName="DKSR-EFI-06" duration="00:00:00.0028320" startTime="2024-01-09T15:43:58.9510971+01:00" endTime="2024-01-09T15:43:58.9510971+01:00" testType="13cdc9d9-ddb5-4fa4-a97d-d965ccfc6d4b" outcome="Passed" testListId="8c84fa94-04c1-424b-9868-57a2d4851a1d" relativeResultsDirectory="085e6cf9-3a62-4615-9d41-bf68a277ff59" />
  </Results>
  <TestDefinitions>
    <UnitTest name="Install_ShouldNotFail" storage="d:\actions-runner\_work\xpco\xpco\lpr\components\analytics\videoos.lpr.server.taskplugin.tests\bin\x64\debug\videoos.lpr.server.taskplugin.tests.dll" id="be6d2966-7183-f4af-8084-474b49ffb0ae">
      <Execution id="ed404a64-a6ab-4307-a190-d21e871f3149" />
      <TestMethod codeBase="D:\actions-runner\_work\XPCO\XPCO\LPR\Components\Analytics\VideoOS.LPR.Server.TaskPlugin.Tests\bin\x64\Debug\VideoOS.LPR.Server.TaskPlugin.Tests.dll" adapterTypeName="executor://mstestadapter/v1" className="VideoOS.LPR.Server.TaskPlugin.Tests.LPRServerUninstallerTaskTests" name="Install_ShouldNotFail" />
    </UnitTest>
    <UnitTest name="ApplyCertificatesForEndpointsToBeInstalled_is_called_once" storage="d:\actions-runner\_work\xpco\xpco\lpr\components\analytics\videoos.lpr.server.taskplugin.tests\bin\x64\debug\videoos.lpr.server.taskplugin.tests.dll" id="986960f6-f862-eaeb-4c4e-5be5ddce536c">
      <Execution id="9d806736-634a-44fe-a488-fc0ada3401c0" />
      <TestMethod codeBase="D:\actions-runner\_work\XPCO\XPCO\LPR\Components\Analytics\VideoOS.LPR.Server.TaskPlugin.Tests\bin\x64\Debug\VideoOS.LPR.Server.TaskPlugin.Tests.dll" adapterTypeName="executor://mstestadapter/v1" className="VideoOS.LPR.Server.TaskPlugin.Tests.LPRServerInstallerTaskTests" name="ApplyCertificatesForEndpointsToBeInstalled_is_called_once" />
    </UnitTest>
    <UnitTest name="UnregisterLprServerService_Throws_And_Logs_Exception" storage="d:\actions-runner\_work\xpco\xpco\lpr\components\analytics\videoos.lpr.server.taskplugin.tests\bin\x64\debug\videoos.lpr.server.taskplugin.tests.dll" id="79242911-5815-45de-b38a-ed945cabca26">
      <Execution id="f2dd40ca-efc2-441c-8dae-8ce0890a8bdb" />
      <TestMethod codeBase="D:\actions-runner\_work\XPCO\XPCO\LPR\Components\Analytics\VideoOS.LPR.Server.TaskPlugin.Tests\bin\x64\Debug\VideoOS.LPR.Server.TaskPlugin.Tests.dll" adapterTypeName="executor://mstestadapter/v1" className="VideoOS.LPR.Server.TaskPlugin.Tests.LPRServerUninstallerTaskTests" name="UnregisterLprServerService_Throws_And_Logs_Exception" />
    </UnitTest>
    <UnitTest name="Initialize_ShouldNotFail" storage="d:\actions-runner\_work\xpco\xpco\lpr\components\analytics\videoos.lpr.server.taskplugin.tests\bin\x64\debug\videoos.lpr.server.taskplugin.tests.dll" id="f3209f4b-1738-a4fc-6351-ad46c1b6c4e9">
      <Execution id="60f19367-5e2f-4793-83ec-0b38d8018051" />
      <TestMethod codeBase="D:\actions-runner\_work\XPCO\XPCO\LPR\Components\Analytics\VideoOS.LPR.Server.TaskPlugin.Tests\bin\x64\Debug\VideoOS.LPR.Server.TaskPlugin.Tests.dll" adapterTypeName="executor://mstestadapter/v1" className="VideoOS.LPR.Server.TaskPlugin.Tests.LPRServerInstallerTaskTests" name="Initialize_ShouldNotFail" />
    </UnitTest>
    <UnitTest name="Initialize_ShouldNotFail" storage="d:\actions-runner\_work\xpco\xpco\lpr\components\analytics\videoos.lpr.server.taskplugin.tests\bin\x64\debug\videoos.lpr.server.taskplugin.tests.dll" id="f3f679db-ff2f-eb45-1f25-c08c54a10d5d">
      <Execution id="75ad8c31-1651-424f-a6b5-9ab37c451384" />
      <TestMethod codeBase="D:\actions-runner\_work\XPCO\XPCO\LPR\Components\Analytics\VideoOS.LPR.Server.TaskPlugin.Tests\bin\x64\Debug\VideoOS.LPR.Server.TaskPlugin.Tests.dll" adapterTypeName="executor://mstestadapter/v1" className="VideoOS.LPR.Server.TaskPlugin.Tests.LPRServerUninstallerTaskTests" name="Initialize_ShouldNotFail" />
    </UnitTest>
    <UnitTest name="RemoveCertificateRegistration_is_called_once" storage="d:\actions-runner\_work\xpco\xpco\lpr\components\analytics\videoos.lpr.server.taskplugin.tests\bin\x64\debug\videoos.lpr.server.taskplugin.tests.dll" id="ac366e75-ce0e-2a60-0206-4f847079dea7">
      <Execution id="78e01889-edad-4369-8c75-b9434192dff5" />
      <TestMethod codeBase="D:\actions-runner\_work\XPCO\XPCO\LPR\Components\Analytics\VideoOS.LPR.Server.TaskPlugin.Tests\bin\x64\Debug\VideoOS.LPR.Server.TaskPlugin.Tests.dll" adapterTypeName="executor://mstestadapter/v1" className="VideoOS.LPR.Server.TaskPlugin.Tests.LPRServerUninstallerTaskTests" name="RemoveCertificateRegistration_is_called_once" />
    </UnitTest>
    <UnitTest name="Finalize_ShouldNotFail" storage="d:\actions-runner\_work\xpco\xpco\lpr\components\analytics\videoos.lpr.server.taskplugin.tests\bin\x64\debug\videoos.lpr.server.taskplugin.tests.dll" id="8d081ad3-cfdc-49a7-757b-d096e2a6bf72">
      <Execution id="2ee7b6e5-0ede-4985-9f86-de70e4a93bd3" />
      <TestMethod codeBase="D:\actions-runner\_work\XPCO\XPCO\LPR\Components\Analytics\VideoOS.LPR.Server.TaskPlugin.Tests\bin\x64\Debug\VideoOS.LPR.Server.TaskPlugin.Tests.dll" adapterTypeName="executor://mstestadapter/v1" className="VideoOS.LPR.Server.TaskPlugin.Tests.LPRServerUninstallerTaskTests" name="Finalize_ShouldNotFail" />
    </UnitTest>
    <UnitTest name="UnregisterLprServerService_Does_Not_Uninstall_in_Upgrade_mode" storage="d:\actions-runner\_work\xpco\xpco\lpr\components\analytics\videoos.lpr.server.taskplugin.tests\bin\x64\debug\videoos.lpr.server.taskplugin.tests.dll" id="eb930f6b-01fe-c02f-1db2-79cfe93c9092">
      <Execution id="edbff84a-de77-4251-b42e-3bd5aeba8ab7" />
      <TestMethod codeBase="D:\actions-runner\_work\XPCO\XPCO\LPR\Components\Analytics\VideoOS.LPR.Server.TaskPlugin.Tests\bin\x64\Debug\VideoOS.LPR.Server.TaskPlugin.Tests.dll" adapterTypeName="executor://mstestadapter/v1" className="VideoOS.LPR.Server.TaskPlugin.Tests.LPRServerUninstallerTaskTests" name="UnregisterLprServerService_Does_Not_Uninstall_in_Upgrade_mode" />
    </UnitTest>
    <UnitTest name="Uninstall_ShouldNotFail" storage="d:\actions-runner\_work\xpco\xpco\lpr\components\analytics\videoos.lpr.server.taskplugin.tests\bin\x64\debug\videoos.lpr.server.taskplugin.tests.dll" id="69529860-89fd-2d73-ddbe-16e4154d745b">
      <Execution id="dfd973c2-c5cd-4532-b984-a5ea79e5f87d" />
      <TestMethod codeBase="D:\actions-runner\_work\XPCO\XPCO\LPR\Components\Analytics\VideoOS.LPR.Server.TaskPlugin.Tests\bin\x64\Debug\VideoOS.LPR.Server.TaskPlugin.Tests.dll" adapterTypeName="executor://mstestadapter/v1" className="VideoOS.LPR.Server.TaskPlugin.Tests.LPRServerInstallerTaskTests" name="Uninstall_ShouldNotFail" />
    </UnitTest>
    <UnitTest name="ErrorMessage_Is_Logged_When_RemoveCertificateRegistration_Throws_Exception" storage="d:\actions-runner\_work\xpco\xpco\lpr\components\analytics\videoos.lpr.server.taskplugin.tests\bin\x64\debug\videoos.lpr.server.taskplugin.tests.dll" id="99b791f4-f721-aa5c-5736-104bd24371b1">
      <Execution id="457ed123-ee68-4262-ae02-97a385306dd8" />
      <TestMethod codeBase="D:\actions-runner\_work\XPCO\XPCO\LPR\Components\Analytics\VideoOS.LPR.Server.TaskPlugin.Tests\bin\x64\Debug\VideoOS.LPR.Server.TaskPlugin.Tests.dll" adapterTypeName="executor://mstestadapter/v1" className="VideoOS.LPR.Server.TaskPlugin.Tests.LPRServerUninstallerTaskTests" name="ErrorMessage_Is_Logged_When_RemoveCertificateRegistration_Throws_Exception" />
    </UnitTest>
    <UnitTest name="Exception_Is_Thrown_When_ApplyCertificatesForEndpointsToBeInstalled_Returns_Unspecified_Error" storage="d:\actions-runner\_work\xpco\xpco\lpr\components\analytics\videoos.lpr.server.taskplugin.tests\bin\x64\debug\videoos.lpr.server.taskplugin.tests.dll" id="85c233a9-63d4-e84f-6e4f-4ad3f00f22c3">
      <Execution id="d5319ad6-3bcb-45ba-9a38-2ca9adc23e9b" />
      <TestMethod codeBase="D:\actions-runner\_work\XPCO\XPCO\LPR\Components\Analytics\VideoOS.LPR.Server.TaskPlugin.Tests\bin\x64\Debug\VideoOS.LPR.Server.TaskPlugin.Tests.dll" adapterTypeName="executor://mstestadapter/v1" className="VideoOS.LPR.Server.TaskPlugin.Tests.LPRServerInstallerTaskTests" name="Exception_Is_Thrown_When_ApplyCertificatesForEndpointsToBeInstalled_Returns_Unspecified_Error" />
    </UnitTest>
    <UnitTest name="Exception_Is_Thrown_When_SetLocationOnEndpointToBeInstalled_Returns_Unspecified_Error" storage="d:\actions-runner\_work\xpco\xpco\lpr\components\analytics\videoos.lpr.server.taskplugin.tests\bin\x64\debug\videoos.lpr.server.taskplugin.tests.dll" id="565963e0-7cc3-1b09-abef-4f2d8c36e63f">
      <Execution id="7415f61d-4266-478f-9a9b-6bae4acec70d" />
      <TestMethod codeBase="D:\actions-runner\_work\XPCO\XPCO\LPR\Components\Analytics\VideoOS.LPR.Server.TaskPlugin.Tests\bin\x64\Debug\VideoOS.LPR.Server.TaskPlugin.Tests.dll" adapterTypeName="executor://mstestadapter/v1" className="VideoOS.LPR.Server.TaskPlugin.Tests.LPRServerInstallerTaskTests" name="Exception_Is_Thrown_When_SetLocationOnEndpointToBeInstalled_Returns_Unspecified_Error" />
    </UnitTest>
    <UnitTest name="CheckPrequisite_ShouldReturnFalse" storage="d:\actions-runner\_work\xpco\xpco\lpr\components\analytics\videoos.lpr.server.taskplugin.tests\bin\x64\debug\videoos.lpr.server.taskplugin.tests.dll" id="464eff20-2cf3-387d-afae-3a042bb7d4f6">
      <Execution id="6bbea084-441e-4502-af83-917fdc8c57bd" />
      <TestMethod codeBase="D:\actions-runner\_work\XPCO\XPCO\LPR\Components\Analytics\VideoOS.LPR.Server.TaskPlugin.Tests\bin\x64\Debug\VideoOS.LPR.Server.TaskPlugin.Tests.dll" adapterTypeName="executor://mstestadapter/v1" className="VideoOS.LPR.Server.TaskPlugin.Tests.LPRServerInstallerTaskTests" name="CheckPrequisite_ShouldReturnFalse" />
    </UnitTest>
    <UnitTest name="CheckPrequisite_Returns_False" storage="d:\actions-runner\_work\xpco\xpco\lpr\components\analytics\videoos.lpr.server.taskplugin.tests\bin\x64\debug\videoos.lpr.server.taskplugin.tests.dll" id="ec7825d3-9f37-d7cc-7239-eea4360d4b16">
      <Execution id="49bb3ec8-45dc-4bcd-a14a-52a1b0b9baa3" />
      <TestMethod codeBase="D:\actions-runner\_work\XPCO\XPCO\LPR\Components\Analytics\VideoOS.LPR.Server.TaskPlugin.Tests\bin\x64\Debug\VideoOS.LPR.Server.TaskPlugin.Tests.dll" adapterTypeName="executor://mstestadapter/v1" className="VideoOS.LPR.Server.TaskPlugin.Tests.LPRServerUninstallerTaskTests" name="CheckPrequisite_Returns_False" />
    </UnitTest>
    <UnitTest name="Start_ShouldUninstallMsi" storage="d:\actions-runner\_work\xpco\xpco\lpr\components\analytics\videoos.lpr.server.taskplugin.tests\bin\x64\debug\videoos.lpr.server.taskplugin.tests.dll" id="7d693414-e846-21e5-9933-d5c3bf24caa9">
      <Execution id="1096b865-f150-4aa3-bdf2-ab13a63bd741" />
      <TestMethod codeBase="D:\actions-runner\_work\XPCO\XPCO\LPR\Components\Analytics\VideoOS.LPR.Server.TaskPlugin.Tests\bin\x64\Debug\VideoOS.LPR.Server.TaskPlugin.Tests.dll" adapterTypeName="executor://mstestadapter/v1" className="VideoOS.LPR.Server.TaskPlugin.Tests.LPRServerUninstallerTaskTests" name="Start_ShouldUninstallMsi" />
    </UnitTest>
    <UnitTest name="Finalize_ShouldNotFail" storage="d:\actions-runner\_work\xpco\xpco\lpr\components\analytics\videoos.lpr.server.taskplugin.tests\bin\x64\debug\videoos.lpr.server.taskplugin.tests.dll" id="1abf1c79-79fc-6142-5bf4-4ca10c3f5f83">
      <Execution id="09a3caeb-0e24-4834-9018-0a42f4118e53" />
      <TestMethod codeBase="D:\actions-runner\_work\XPCO\XPCO\LPR\Components\Analytics\VideoOS.LPR.Server.TaskPlugin.Tests\bin\x64\Debug\VideoOS.LPR.Server.TaskPlugin.Tests.dll" adapterTypeName="executor://mstestadapter/v1" className="VideoOS.LPR.Server.TaskPlugin.Tests.LPRServerInstallerTaskTests" name="Finalize_ShouldNotFail" />
    </UnitTest>
    <UnitTest name="SetLocationOnEndpointToBeInstalled_is_called_once" storage="d:\actions-runner\_work\xpco\xpco\lpr\components\analytics\videoos.lpr.server.taskplugin.tests\bin\x64\debug\videoos.lpr.server.taskplugin.tests.dll" id="c74d7fec-a69f-0d15-3155-53bf821241b7">
      <Execution id="9a076e20-969c-469c-8c7e-e17f1d2c4a74" />
      <TestMethod codeBase="D:\actions-runner\_work\XPCO\XPCO\LPR\Components\Analytics\VideoOS.LPR.Server.TaskPlugin.Tests\bin\x64\Debug\VideoOS.LPR.Server.TaskPlugin.Tests.dll" adapterTypeName="executor://mstestadapter/v1" className="VideoOS.LPR.Server.TaskPlugin.Tests.LPRServerInstallerTaskTests" name="SetLocationOnEndpointToBeInstalled_is_called_once" />
    </UnitTest>
    <UnitTest name="RunInFinalizeMode_ShouldBeTrue" storage="d:\actions-runner\_work\xpco\xpco\lpr\components\analytics\videoos.lpr.server.taskplugin.tests\bin\x64\debug\videoos.lpr.server.taskplugin.tests.dll" id="eae5b08f-f58c-0f28-b950-d1fe6597b222">
      <Execution id="ed9ddcb6-1478-41a8-838b-bf0308cc8d52" />
      <TestMethod codeBase="D:\actions-runner\_work\XPCO\XPCO\LPR\Components\Analytics\VideoOS.LPR.Server.TaskPlugin.Tests\bin\x64\Debug\VideoOS.LPR.Server.TaskPlugin.Tests.dll" adapterTypeName="executor://mstestadapter/v1" className="VideoOS.LPR.Server.TaskPlugin.Tests.LPRServerInstallerTaskTests" name="RunInFinalizeMode_ShouldBeTrue" />
    </UnitTest>
    <UnitTest name="Uninstall_ShouldNotFail" storage="d:\actions-runner\_work\xpco\xpco\lpr\components\analytics\videoos.lpr.server.taskplugin.tests\bin\x64\debug\videoos.lpr.server.taskplugin.tests.dll" id="ba245758-49a0-eeb1-8b49-792ca2de8101">
      <Execution id="5b401a98-f24b-420c-9b48-997c9ce359ac" />
      <TestMethod codeBase="D:\actions-runner\_work\XPCO\XPCO\LPR\Components\Analytics\VideoOS.LPR.Server.TaskPlugin.Tests\bin\x64\Debug\VideoOS.LPR.Server.TaskPlugin.Tests.dll" adapterTypeName="executor://mstestadapter/v1" className="VideoOS.LPR.Server.TaskPlugin.Tests.LPRServerUninstallerTaskTests" name="Uninstall_ShouldNotFail" />
    </UnitTest>
    <UnitTest name="Start_ShouldInstallMsi_AndExecuteConfigurators_WhenInNormalMode" storage="d:\actions-runner\_work\xpco\xpco\lpr\components\analytics\videoos.lpr.server.taskplugin.tests\bin\x64\debug\videoos.lpr.server.taskplugin.tests.dll" id="2531207e-718b-9c63-b164-099209e64f45">
      <Execution id="085e6cf9-3a62-4615-9d41-bf68a277ff59" />
      <TestMethod codeBase="D:\actions-runner\_work\XPCO\XPCO\LPR\Components\Analytics\VideoOS.LPR.Server.TaskPlugin.Tests\bin\x64\Debug\VideoOS.LPR.Server.TaskPlugin.Tests.dll" adapterTypeName="executor://mstestadapter/v1" className="VideoOS.LPR.Server.TaskPlugin.Tests.LPRServerInstallerTaskTests" name="Start_ShouldInstallMsi_AndExecuteConfigurators_WhenInNormalMode" />
    </UnitTest>
    <UnitTest name="UnregisterLprServerService_Unregisters_And_Logs_Message_When_Uninstall_mode" storage="d:\actions-runner\_work\xpco\xpco\lpr\components\analytics\videoos.lpr.server.taskplugin.tests\bin\x64\debug\videoos.lpr.server.taskplugin.tests.dll" id="5bafbaea-4264-68a2-a07b-4f6791817d77">
      <Execution id="3c3873bb-7a2d-4d06-8b05-4104bcd97866" />
      <TestMethod codeBase="D:\actions-runner\_work\XPCO\XPCO\LPR\Components\Analytics\VideoOS.LPR.Server.TaskPlugin.Tests\bin\x64\Debug\VideoOS.LPR.Server.TaskPlugin.Tests.dll" adapterTypeName="executor://mstestadapter/v1" className="VideoOS.LPR.Server.TaskPlugin.Tests.LPRServerUninstallerTaskTests" name="UnregisterLprServerService_Unregisters_And_Logs_Message_When_Uninstall_mode" />
    </UnitTest>
  </TestDefinitions>
  <TestEntries>
    <TestEntry testId="565963e0-7cc3-1b09-abef-4f2d8c36e63f" executionId="7415f61d-4266-478f-9a9b-6bae4acec70d" testListId="8c84fa94-04c1-424b-9868-57a2d4851a1d" />
    <TestEntry testId="be6d2966-7183-f4af-8084-474b49ffb0ae" executionId="ed404a64-a6ab-4307-a190-d21e871f3149" testListId="8c84fa94-04c1-424b-9868-57a2d4851a1d" />
    <TestEntry testId="986960f6-f862-eaeb-4c4e-5be5ddce536c" executionId="9d806736-634a-44fe-a488-fc0ada3401c0" testListId="8c84fa94-04c1-424b-9868-57a2d4851a1d" />
    <TestEntry testId="ec7825d3-9f37-d7cc-7239-eea4360d4b16" executionId="49bb3ec8-45dc-4bcd-a14a-52a1b0b9baa3" testListId="8c84fa94-04c1-424b-9868-57a2d4851a1d" />
    <TestEntry testId="69529860-89fd-2d73-ddbe-16e4154d745b" executionId="dfd973c2-c5cd-4532-b984-a5ea79e5f87d" testListId="8c84fa94-04c1-424b-9868-57a2d4851a1d" />
    <TestEntry testId="79242911-5815-45de-b38a-ed945cabca26" executionId="f2dd40ca-efc2-441c-8dae-8ce0890a8bdb" testListId="8c84fa94-04c1-424b-9868-57a2d4851a1d" />
    <TestEntry testId="1abf1c79-79fc-6142-5bf4-4ca10c3f5f83" executionId="09a3caeb-0e24-4834-9018-0a42f4118e53" testListId="8c84fa94-04c1-424b-9868-57a2d4851a1d" />
    <TestEntry testId="7d693414-e846-21e5-9933-d5c3bf24caa9" executionId="1096b865-f150-4aa3-bdf2-ab13a63bd741" testListId="8c84fa94-04c1-424b-9868-57a2d4851a1d" />
    <TestEntry testId="ac366e75-ce0e-2a60-0206-4f847079dea7" executionId="78e01889-edad-4369-8c75-b9434192dff5" testListId="8c84fa94-04c1-424b-9868-57a2d4851a1d" />
    <TestEntry testId="f3209f4b-1738-a4fc-6351-ad46c1b6c4e9" executionId="60f19367-5e2f-4793-83ec-0b38d8018051" testListId="8c84fa94-04c1-424b-9868-57a2d4851a1d" />
    <TestEntry testId="464eff20-2cf3-387d-afae-3a042bb7d4f6" executionId="6bbea084-441e-4502-af83-917fdc8c57bd" testListId="8c84fa94-04c1-424b-9868-57a2d4851a1d" />
    <TestEntry testId="f3f679db-ff2f-eb45-1f25-c08c54a10d5d" executionId="75ad8c31-1651-424f-a6b5-9ab37c451384" testListId="8c84fa94-04c1-424b-9868-57a2d4851a1d" />
    <TestEntry testId="c74d7fec-a69f-0d15-3155-53bf821241b7" executionId="9a076e20-969c-469c-8c7e-e17f1d2c4a74" testListId="8c84fa94-04c1-424b-9868-57a2d4851a1d" />
    <TestEntry testId="ba245758-49a0-eeb1-8b49-792ca2de8101" executionId="5b401a98-f24b-420c-9b48-997c9ce359ac" testListId="8c84fa94-04c1-424b-9868-57a2d4851a1d" />
    <TestEntry testId="5bafbaea-4264-68a2-a07b-4f6791817d77" executionId="3c3873bb-7a2d-4d06-8b05-4104bcd97866" testListId="8c84fa94-04c1-424b-9868-57a2d4851a1d" />
    <TestEntry testId="eb930f6b-01fe-c02f-1db2-79cfe93c9092" executionId="edbff84a-de77-4251-b42e-3bd5aeba8ab7" testListId="8c84fa94-04c1-424b-9868-57a2d4851a1d" />
    <TestEntry testId="99b791f4-f721-aa5c-5736-104bd24371b1" executionId="457ed123-ee68-4262-ae02-97a385306dd8" testListId="8c84fa94-04c1-424b-9868-57a2d4851a1d" />
    <TestEntry testId="eae5b08f-f58c-0f28-b950-d1fe6597b222" executionId="ed9ddcb6-1478-41a8-838b-bf0308cc8d52" testListId="8c84fa94-04c1-424b-9868-57a2d4851a1d" />
    <TestEntry testId="8d081ad3-cfdc-49a7-757b-d096e2a6bf72" executionId="2ee7b6e5-0ede-4985-9f86-de70e4a93bd3" testListId="8c84fa94-04c1-424b-9868-57a2d4851a1d" />
    <TestEntry testId="85c233a9-63d4-e84f-6e4f-4ad3f00f22c3" executionId="d5319ad6-3bcb-45ba-9a38-2ca9adc23e9b" testListId="8c84fa94-04c1-424b-9868-57a2d4851a1d" />
    <TestEntry testId="2531207e-718b-9c63-b164-099209e64f45" executionId="085e6cf9-3a62-4615-9d41-bf68a277ff59" testListId="8c84fa94-04c1-424b-9868-57a2d4851a1d" />
  </TestEntries>
  <TestLists>
    <TestList name="Results Not in a List" id="8c84fa94-04c1-424b-9868-57a2d4851a1d" />
    <TestList name="All Loaded Results" id="19431567-8539-422a-85d7-44ee4e166bda" />
  </TestLists>
  <ResultSummary outcome="Completed">
    <Counters total="21" executed="21" passed="21" failed="0" error="0" timeout="0" aborted="0" inconclusive="0" passedButRunAborted="0" notRunnable="0" notExecuted="0" disconnected="0" warning="0" completed="0" inProgress="0" pending="0" />
  </ResultSummary>
</TestRun>