<?xml version="1.0" encoding="utf-8"?>
<TestRun id="da8e9b1f-75d1-40d0-9a80-82c207094912" name="DKSR-EFI-06$@DKSR-EFI-06 2024-01-09 15:42:23" runUser="NT AUTHORITY\NETWORK SERVICE" xmlns="http://microsoft.com/schemas/VisualStudio/TeamTest/2010">
  <Times creation="2024-01-09T15:42:23.9041630+01:00" queuing="2024-01-09T15:42:23.9041630+01:00" start="2024-01-09T15:42:12.3727046+01:00" finish="2024-01-09T15:42:24.0133400+01:00" />
  <TestSettings name="default" id="a1b0bb2a-8ae4-4659-a282-1131083808bf">
    <Deployment runDeploymentRoot="DKSR-EFI-06$_DKSR-EFI-06_2024-01-09_15_42_23" />
  </TestSettings>
  <Results>
    <UnitTestResult executionId="35c6aebd-8950-4bf1-877c-dd591679c608" testId="e1f51545-27f1-9a6c-6db1-1fc5dd2bd7b9" testName="BackupConfigEventServerComponent_Constructior_Null_ArgumentNullException" computerName="DKSR-EFI-06" duration="00:00:00.1385078" startTime="2024-01-09T15:42:22.6852142+01:00" endTime="2024-01-09T15:42:23.2164649+01:00" testType="13cdc9d9-ddb5-4fa4-a97d-d965ccfc6d4b" outcome="Passed" testListId="8c84fa94-04c1-424b-9868-57a2d4851a1d" relativeResultsDirectory="35c6aebd-8950-4bf1-877c-dd591679c608" />
  </Results>
  <TestDefinitions>
    <UnitTest name="BackupConfigEventServerComponent_Constructior_Null_ArgumentNullException" storage="d:\actions-runner\_work\xpco\xpco\corporate\videoos.server.backuprestorecomponent.unittests\bin\x64\debug\videoos.server.backuprestorecomponent.unittests.dll" id="e1f51545-27f1-9a6c-6db1-1fc5dd2bd7b9">
      <Execution id="35c6aebd-8950-4bf1-877c-dd591679c608" />
      <TestMethod codeBase="D:\actions-runner\_work\XPCO\XPCO\Corporate\VideoOS.Server.BackupRestoreComponent.UnitTests\bin\x64\Debug\VideoOS.Server.BackupRestoreComponent.UnitTests.dll" adapterTypeName="executor://mstestadapter/v2" className="VideoOS.Server.BackupRestoreComponent.UnitTests.BackupConfigEventServerComponentUnitTests" name="BackupConfigEventServerComponent_Constructior_Null_ArgumentNullException" />
    </UnitTest>
  </TestDefinitions>
  <TestEntries>
    <TestEntry testId="e1f51545-27f1-9a6c-6db1-1fc5dd2bd7b9" executionId="35c6aebd-8950-4bf1-877c-dd591679c608" testListId="8c84fa94-04c1-424b-9868-57a2d4851a1d" />
  </TestEntries>
  <TestLists>
    <TestList name="Results Not in a List" id="8c84fa94-04c1-424b-9868-57a2d4851a1d" />
    <TestList name="All Loaded Results" id="19431567-8539-422a-85d7-44ee4e166bda" />
  </TestLists>
  <ResultSummary outcome="Completed">
    <Counters total="1" executed="1" passed="1" failed="0" error="0" timeout="0" aborted="0" inconclusive="0" passedButRunAborted="0" notRunnable="0" notExecuted="0" disconnected="0" warning="0" completed="0" inProgress="0" pending="0" />
  </ResultSummary>
</TestRun>