<?xml version="1.0" encoding="utf-8"?>
<TestRun id="2bb9bc79-242a-47cb-b5e6-ee8ff571ba38" name="DKSR-EFI-06$@DKSR-EFI-06 2024-01-09 15:44:00" runUser="NT AUTHORITY\NETWORK SERVICE" xmlns="http://microsoft.com/schemas/VisualStudio/TeamTest/2010">
  <Times creation="2024-01-09T15:44:00.1385982+01:00" queuing="2024-01-09T15:44:00.1385982+01:00" start="2024-01-09T15:43:48.9354322+01:00" finish="2024-01-09T15:44:02.5761324+01:00" />
  <TestSettings name="default" id="b28ae550-5879-465d-8b1d-6b1b5cfc8414">
    <Deployment runDeploymentRoot="DKSR-EFI-06$_DKSR-EFI-06_2024-01-09_15_44_00" />
  </TestSettings>
  <Results>
    <UnitTestResult executionId="3629018a-543d-45cf-abd4-bd7dd1e637c0" testId="5a9f82cc-c05a-935c-95bc-c7da71130be1" testName="GetIntradaModulesNamesFor_ShouldReturnEmptyList_WhenThereIsNoModuleForContryCode" computerName="DKSR-EFI-06" duration="00:00:00.0055084" startTime="2024-01-09T15:43:59.8885990+01:00" endTime="2024-01-09T15:43:59.9042227+01:00" testType="13cdc9d9-ddb5-4fa4-a97d-d965ccfc6d4b" outcome="Passed" testListId="8c84fa94-04c1-424b-9868-57a2d4851a1d" relativeResultsDirectory="3629018a-543d-45cf-abd4-bd7dd1e637c0" />
    <UnitTestResult executionId="d57f82a2-d7fb-42b5-9419-e8eeaecd367c" testId="0e5db2b9-202b-4f14-eeda-f7692dbbe044" testName="RemovePastPlatesFromCurrent_ShouldDoNothing_WhenCalledFirstTime" computerName="DKSR-EFI-06" duration="00:00:00.1856097" startTime="2024-01-09T15:44:00.7010998+01:00" endTime="2024-01-09T15:44:00.8886004+01:00" testType="13cdc9d9-ddb5-4fa4-a97d-d965ccfc6d4b" outcome="Passed" testListId="8c84fa94-04c1-424b-9868-57a2d4851a1d" relativeResultsDirectory="d57f82a2-d7fb-42b5-9419-e8eeaecd367c" />
    <UnitTestResult executionId="8cfc8d9d-d2a7-4745-a0f4-8ca95fc3eade" testId="7b36356f-c72b-ac12-50dc-a3903bfb4126" testName="RemovePastPlatesFromCurrent_ShouldRemovePlate_WhenCalledWithPartialPlate_BeforeTimeExpires" computerName="DKSR-EFI-06" duration="00:00:00.0444734" startTime="2024-01-09T15:44:01.1074687+01:00" endTime="2024-01-09T15:44:01.1386302+01:00" testType="13cdc9d9-ddb5-4fa4-a97d-d965ccfc6d4b" outcome="Passed" testListId="8c84fa94-04c1-424b-9868-57a2d4851a1d" relativeResultsDirectory="8cfc8d9d-d2a7-4745-a0f4-8ca95fc3eade" />
    <UnitTestResult executionId="6b859ed6-710f-4f46-8e0b-8e8f0ca62161" testId="14c56d87-546c-a482-ce40-a835653021ae" testName="GetIntradaModulesNamesFor_ShouldReturnAllModulesWithCountryCode_WhenThereAreModulesWithAnWithoutNumbers" computerName="DKSR-EFI-06" duration="00:00:00.0007143" startTime="2024-01-09T15:43:59.9042227+01:00" endTime="2024-01-09T15:43:59.9042227+01:00" testType="13cdc9d9-ddb5-4fa4-a97d-d965ccfc6d4b" outcome="Passed" testListId="8c84fa94-04c1-424b-9868-57a2d4851a1d" relativeResultsDirectory="6b859ed6-710f-4f46-8e0b-8e8f0ca62161" />
    <UnitTestResult executionId="c40f5a92-4068-4666-8c50-ee813a9722d9" testId="1433c747-49e6-0b50-9bec-6413a1fa0565" testName="Init_ShouldStartProcess_WhenParametersAreValid (True)" computerName="DKSR-EFI-06" duration="00:00:00.0020221" startTime="2024-01-09T15:44:00.5292244+01:00" endTime="2024-01-09T15:44:00.5292244+01:00" testType="13cdc9d9-ddb5-4fa4-a97d-d965ccfc6d4b" outcome="Passed" testListId="8c84fa94-04c1-424b-9868-57a2d4851a1d" relativeResultsDirectory="c40f5a92-4068-4666-8c50-ee813a9722d9" />
    <UnitTestResult executionId="d9024a54-dd19-46c2-82b6-7d173ec836e9" testId="6d68d37e-5182-fe23-d224-37e9fc627f38" testName="RemovePendingPlatesFromCurrent_RemoveCorrectPlate_WhenFirstDelayIsNotElapsed (AB123,AB123,0.9,0.8,False,True)" computerName="DKSR-EFI-06" duration="00:00:00.0411456" startTime="2024-01-09T15:44:01.6542559+01:00" endTime="2024-01-09T15:44:01.6855080+01:00" testType="13cdc9d9-ddb5-4fa4-a97d-d965ccfc6d4b" outcome="Passed" testListId="8c84fa94-04c1-424b-9868-57a2d4851a1d" relativeResultsDirectory="d9024a54-dd19-46c2-82b6-7d173ec836e9" />
    <UnitTestResult executionId="a76f3d74-c090-40bd-8401-48d9e0f222c9" testId="6b904dc6-759f-e6cc-14f9-606292884672" testName="RemovePendingPlatesFromCurrent_ShouldNotRunToCompletion_WhenDelayIsNonZero" computerName="DKSR-EFI-06" duration="00:00:00.0302689" startTime="2024-01-09T15:44:01.2480060+01:00" endTime="2024-01-09T15:44:01.2792534+01:00" testType="13cdc9d9-ddb5-4fa4-a97d-d965ccfc6d4b" outcome="Passed" testListId="8c84fa94-04c1-424b-9868-57a2d4851a1d" relativeResultsDirectory="a76f3d74-c090-40bd-8401-48d9e0f222c9" />
    <UnitTestResult executionId="cdbe78fe-ab06-473f-b3ec-e5aff540f98d" testId="5a778e5a-a6c0-63d0-8526-fb395413ad56" testName="RemovePendingPlatesFromCurrent_ShouldBeCanceled_AfterCallingDispose" computerName="DKSR-EFI-06" duration="00:00:00.0426351" startTime="2024-01-09T15:44:01.3105062+01:00" endTime="2024-01-09T15:44:01.3573784+01:00" testType="13cdc9d9-ddb5-4fa4-a97d-d965ccfc6d4b" outcome="Passed" testListId="8c84fa94-04c1-424b-9868-57a2d4851a1d" relativeResultsDirectory="cdbe78fe-ab06-473f-b3ec-e5aff540f98d" />
    <UnitTestResult executionId="190ef3e1-f7a2-4bc1-9dc8-8639bf7d1340" testId="9c5d4f82-657d-2c94-1ea3-ffc86c17f26f" testName="Init_ShouldStartProcess_WhenParametersAreValid (False)" computerName="DKSR-EFI-06" duration="00:00:00.0003464" startTime="2024-01-09T15:44:00.5292244+01:00" endTime="2024-01-09T15:44:00.5292244+01:00" testType="13cdc9d9-ddb5-4fa4-a97d-d965ccfc6d4b" outcome="Passed" testListId="8c84fa94-04c1-424b-9868-57a2d4851a1d" relativeResultsDirectory="190ef3e1-f7a2-4bc1-9dc8-8639bf7d1340" />
    <UnitTestResult executionId="4a352d5f-66a8-4ad7-8724-b07fc181c1b8" testId="e49ad6e5-c76d-f1fa-4985-4f28fb5656be" testName="Init_ShouldReturnFaulted_IfCountryModuleListIsEmpty (False)" computerName="DKSR-EFI-06" duration="00:00:00.0015066" startTime="2024-01-09T15:44:00.4510993+01:00" endTime="2024-01-09T15:44:00.4510993+01:00" testType="13cdc9d9-ddb5-4fa4-a97d-d965ccfc6d4b" outcome="Passed" testListId="8c84fa94-04c1-424b-9868-57a2d4851a1d" relativeResultsDirectory="4a352d5f-66a8-4ad7-8724-b07fc181c1b8" />
    <UnitTestResult executionId="20689629-706a-437d-9690-72ef2a0859a3" testId="3d562ae9-ca02-f16c-331e-d37033998430" testName="RemovePendingPlatesFromCurrent_RemoveCorrectPlate_WhenFirstDelayIsNotElapsed (AB123,AB123,0.9,0.9,False,True)" computerName="DKSR-EFI-06" duration="00:00:00.0403733" startTime="2024-01-09T15:44:01.6073814+01:00" endTime="2024-01-09T15:44:01.6386300+01:00" testType="13cdc9d9-ddb5-4fa4-a97d-d965ccfc6d4b" outcome="Passed" testListId="8c84fa94-04c1-424b-9868-57a2d4851a1d" relativeResultsDirectory="20689629-706a-437d-9690-72ef2a0859a3" />
    <UnitTestResult executionId="662e521e-021e-4475-99cd-b28c35ae9ea8" testId="922000a3-586b-9dd7-e3a8-e419dd14f52e" testName="OemResources_ShouldHaveAll_LPRServer_Test (Milestone)" computerName="DKSR-EFI-06" duration="00:00:00.0046964" startTime="2024-01-09T15:44:02.0761324+01:00" endTime="2024-01-09T15:44:02.0761324+01:00" testType="13cdc9d9-ddb5-4fa4-a97d-d965ccfc6d4b" outcome="Passed" testListId="8c84fa94-04c1-424b-9868-57a2d4851a1d" relativeResultsDirectory="662e521e-021e-4475-99cd-b28c35ae9ea8" />
    <UnitTestResult executionId="1dde283c-d5f1-412c-af88-9fa1c18b6d17" testId="18de6444-686e-9b74-50fb-24815bab8a2a" testName="RemovePastPlatesFromCurrent_ShouldDoNothing_WhenCalledWithDuplicatePlate_AfterTimeExpires" computerName="DKSR-EFI-06" duration="00:00:00.0909270" startTime="2024-01-09T15:44:00.9511013+01:00" endTime="2024-01-09T15:44:01.0451530+01:00" testType="13cdc9d9-ddb5-4fa4-a97d-d965ccfc6d4b" outcome="Passed" testListId="8c84fa94-04c1-424b-9868-57a2d4851a1d" relativeResultsDirectory="1dde283c-d5f1-412c-af88-9fa1c18b6d17" />
    <UnitTestResult executionId="20e4b331-0382-4b8a-86ef-7f6a1b652d38" testId="111595ae-1957-52c7-6f65-0d53fe233bcf" testName="OemResources_LPRServer_ResourcePackageValidationTest (Milestone)" computerName="DKSR-EFI-06" duration="00:00:00.3664553" startTime="2024-01-09T15:44:01.7011313+01:00" endTime="2024-01-09T15:44:02.0605077+01:00" testType="13cdc9d9-ddb5-4fa4-a97d-d965ccfc6d4b" outcome="Passed" testListId="8c84fa94-04c1-424b-9868-57a2d4851a1d" relativeResultsDirectory="20e4b331-0382-4b8a-86ef-7f6a1b652d38" />
    <UnitTestResult executionId="0a6710c6-61a4-4d6a-9534-cf4c8b7c79d7" testId="e1fcd776-c057-e92b-21fd-f234e85b7465" testName="RemovePendingPlatesFromCurrent_ShouldRunToCompletion_AfterDelayElapses" computerName="DKSR-EFI-06" duration="00:00:00.0263495" startTime="2024-01-09T15:44:01.2948788+01:00" endTime="2024-01-09T15:44:01.3105062+01:00" testType="13cdc9d9-ddb5-4fa4-a97d-d965ccfc6d4b" outcome="Passed" testListId="8c84fa94-04c1-424b-9868-57a2d4851a1d" relativeResultsDirectory="0a6710c6-61a4-4d6a-9534-cf4c8b7c79d7" />
    <UnitTestResult executionId="52ce56b5-3bc2-4fec-a3b2-235decbe4c42" testId="76279847-d44f-b1b1-8f42-9bcb7a08abb5" testName="GetAndClearReturRecognitionData_ShouldReturnEmpty_Initially (False)" computerName="DKSR-EFI-06" duration="00:00:00.0003763" startTime="2024-01-09T15:44:00.6854745+01:00" endTime="2024-01-09T15:44:00.6854745+01:00" testType="13cdc9d9-ddb5-4fa4-a97d-d965ccfc6d4b" outcome="Passed" testListId="8c84fa94-04c1-424b-9868-57a2d4851a1d" relativeResultsDirectory="52ce56b5-3bc2-4fec-a3b2-235decbe4c42" />
    <UnitTestResult executionId="64ab28d1-0d7d-4448-a69f-285df5162264" testId="72d5b857-2ee2-2958-5160-f74ebcaee252" testName="Init_ShouldReturnFaulted_IfCountryModuleListIsEmpty (True)" computerName="DKSR-EFI-06" duration="00:00:00.4234907" startTime="2024-01-09T15:43:59.9042227+01:00" endTime="2024-01-09T15:44:00.4510993+01:00" testType="13cdc9d9-ddb5-4fa4-a97d-d965ccfc6d4b" outcome="Passed" testListId="8c84fa94-04c1-424b-9868-57a2d4851a1d" relativeResultsDirectory="64ab28d1-0d7d-4448-a69f-285df5162264" />
    <UnitTestResult executionId="0198917c-85b7-48a1-9c7b-e1893b00ff64" testId="29388fd4-e6ce-20d1-060c-84ce3103e546" testName="GetAllCountryCodes_ShouldReturnOneCountryCode_WhenMultipleModulesHaveSameCodeButWithDifferentNumbers" computerName="DKSR-EFI-06" duration="00:00:00.0005655" startTime="2024-01-09T15:43:59.7010993+01:00" endTime="2024-01-09T15:43:59.7010993+01:00" testType="13cdc9d9-ddb5-4fa4-a97d-d965ccfc6d4b" outcome="Passed" testListId="8c84fa94-04c1-424b-9868-57a2d4851a1d" relativeResultsDirectory="0198917c-85b7-48a1-9c7b-e1893b00ff64" />
    <UnitTestResult executionId="af0f679b-7bca-4447-9042-27bd8c575df8" testId="8d0b6841-1bf2-97dd-4a12-fbf2b9518209" testName="RemovePendingPlatesFromCurrent_RemoveCorrectPlate_WhenFirstDelayIsNotElapsed (AB12,AB123,,,True,False)" computerName="DKSR-EFI-06" duration="00:00:00.0418721" startTime="2024-01-09T15:44:01.5136301+01:00" endTime="2024-01-09T15:44:01.5605065+01:00" testType="13cdc9d9-ddb5-4fa4-a97d-d965ccfc6d4b" outcome="Passed" testListId="8c84fa94-04c1-424b-9868-57a2d4851a1d" relativeResultsDirectory="af0f679b-7bca-4447-9042-27bd8c575df8" />
    <UnitTestResult executionId="c26e1724-2e3e-4c90-8820-2469a568dcbe" testId="c046b018-8f0c-bf36-4ff3-6e5b3af0fc4b" testName="GetAndClearReturRecognitionData_ShouldReturnEmpty_WhenCalledTwice (True)" computerName="DKSR-EFI-06" duration="00:00:00.0013732" startTime="2024-01-09T15:44:00.7010998+01:00" endTime="2024-01-09T15:44:00.7010998+01:00" testType="13cdc9d9-ddb5-4fa4-a97d-d965ccfc6d4b" outcome="Passed" testListId="8c84fa94-04c1-424b-9868-57a2d4851a1d" relativeResultsDirectory="c26e1724-2e3e-4c90-8820-2469a568dcbe" />
    <UnitTestResult executionId="0ea60c2e-113a-4a41-b095-be6cfa4c1df5" testId="368fa9c6-1073-fd50-eb1d-b7d86c32c005" testName="Init_ShouldReturnOk_WhenParametersAreValid (True)" computerName="DKSR-EFI-06" duration="00:00:00.0557743" startTime="2024-01-09T15:44:00.4667238+01:00" endTime="2024-01-09T15:44:00.5135985+01:00" testType="13cdc9d9-ddb5-4fa4-a97d-d965ccfc6d4b" outcome="Passed" testListId="8c84fa94-04c1-424b-9868-57a2d4851a1d" relativeResultsDirectory="0ea60c2e-113a-4a41-b095-be6cfa4c1df5" />
    <UnitTestResult executionId="755f8397-4724-4ec3-a02d-b973683eb9b0" testId="fd8fef17-158c-ee86-20cc-203fd3b75d69" testName="RemovePendingPlatesFromCurrent_ShouldRunToCompletion_WhenDelayIsZero" computerName="DKSR-EFI-06" duration="00:00:00.0259289" startTime="2024-01-09T15:44:01.2167538+01:00" endTime="2024-01-09T15:44:01.2323805+01:00" testType="13cdc9d9-ddb5-4fa4-a97d-d965ccfc6d4b" outcome="Passed" testListId="8c84fa94-04c1-424b-9868-57a2d4851a1d" relativeResultsDirectory="755f8397-4724-4ec3-a02d-b973683eb9b0" />
    <UnitTestResult executionId="16581847-984c-420f-84e5-9993bf418d19" testId="28fd640a-f185-ba62-e67a-4e8c2f8f1f86" testName="Init_ShouldCreateAndStartAliveTimer_UsingFirstOverload" computerName="DKSR-EFI-06" duration="00:00:00.0009756" startTime="2024-01-09T15:44:00.5292244+01:00" endTime="2024-01-09T15:44:00.5292244+01:00" testType="13cdc9d9-ddb5-4fa4-a97d-d965ccfc6d4b" outcome="Passed" testListId="8c84fa94-04c1-424b-9868-57a2d4851a1d" relativeResultsDirectory="16581847-984c-420f-84e5-9993bf418d19" />
    <UnitTestResult executionId="fb5ee91b-d8a9-4edb-948e-dc4d4df1c41c" testId="2bf57c15-0c85-7e47-f669-51cea5180a9e" testName="GetAndClearReturRecognitionData_ShouldGetRecognitionData_AfterProcessReturnsRecognitionData (False)" computerName="DKSR-EFI-06" duration="00:00:00.0008332" startTime="2024-01-09T15:44:00.7010998+01:00" endTime="2024-01-09T15:44:00.7010998+01:00" testType="13cdc9d9-ddb5-4fa4-a97d-d965ccfc6d4b" outcome="Passed" testListId="8c84fa94-04c1-424b-9868-57a2d4851a1d" relativeResultsDirectory="fb5ee91b-d8a9-4edb-948e-dc4d4df1c41c" />
    <UnitTestResult executionId="219aafce-7c93-4afd-83c9-0312acd52e11" testId="f05547ed-d334-9b11-66b3-35c6c5e206c7" testName="RemovePastPlatesFromCurrent_ShouldRemovePlate_WhenCalledWithDuplicatePlate_BeforeTimeExpires" computerName="DKSR-EFI-06" duration="00:00:00.0506703" startTime="2024-01-09T15:44:01.0451530+01:00" endTime="2024-01-09T15:44:01.0918274+01:00" testType="13cdc9d9-ddb5-4fa4-a97d-d965ccfc6d4b" outcome="Passed" testListId="8c84fa94-04c1-424b-9868-57a2d4851a1d" relativeResultsDirectory="219aafce-7c93-4afd-83c9-0312acd52e11" />
    <UnitTestResult executionId="c29e5359-d2a3-4953-85c7-d51f2b43df2d" testId="bbcd3274-a3f7-5240-5894-3835548aa70a" testName="GetIntradaModulesNamesFor_ShouldReturnModuleWithCountryCode_WhenThereIsModuleForContryCode" computerName="DKSR-EFI-06" duration="00:00:00.0056881" startTime="2024-01-09T15:43:59.8885990+01:00" endTime="2024-01-09T15:43:59.8885990+01:00" testType="13cdc9d9-ddb5-4fa4-a97d-d965ccfc6d4b" outcome="Passed" testListId="8c84fa94-04c1-424b-9868-57a2d4851a1d" relativeResultsDirectory="c29e5359-d2a3-4953-85c7-d51f2b43df2d" />
    <UnitTestResult executionId="59abdd03-f7f4-48c1-b7c8-acf1f436b69a" testId="e3210b3c-93b3-4aa3-9de4-3dc856781156" testName="GetAllCountryCodes_ShouldReturnCountryCode_WhenModuleNameContainsNumber" computerName="DKSR-EFI-06" duration="00:00:00.0010776" startTime="2024-01-09T15:43:59.7010993+01:00" endTime="2024-01-09T15:43:59.7010993+01:00" testType="13cdc9d9-ddb5-4fa4-a97d-d965ccfc6d4b" outcome="Passed" testListId="8c84fa94-04c1-424b-9868-57a2d4851a1d" relativeResultsDirectory="59abdd03-f7f4-48c1-b7c8-acf1f436b69a" />
    <UnitTestResult executionId="70190043-fbca-4475-9eb0-376a662fb587" testId="7198d556-e383-4b57-4c1b-3303d168e94b" testName="GetStatus_ShouldHaveRecognitionData_AfterProcessReturnsRecognitionData (False)" computerName="DKSR-EFI-06" duration="00:00:00.0006025" startTime="2024-01-09T15:44:00.6698510+01:00" endTime="2024-01-09T15:44:00.6698510+01:00" testType="13cdc9d9-ddb5-4fa4-a97d-d965ccfc6d4b" outcome="Passed" testListId="8c84fa94-04c1-424b-9868-57a2d4851a1d" relativeResultsDirectory="70190043-fbca-4475-9eb0-376a662fb587" />
    <UnitTestResult executionId="0e49bfe4-ee82-459c-b89b-04ea0e93dde8" testId="7221871a-aa14-c301-e30e-62c2710822ff" testName="RemovePastPlatesFromCurrent_ShouldRemovePlate_WhenCalledWithSecondPartialPlate_AfterFirstRecognitionTimeExpires" computerName="DKSR-EFI-06" duration="00:00:00.0623079" startTime="2024-01-09T15:44:01.1542545+01:00" endTime="2024-01-09T15:44:01.2167538+01:00" testType="13cdc9d9-ddb5-4fa4-a97d-d965ccfc6d4b" outcome="Passed" testListId="8c84fa94-04c1-424b-9868-57a2d4851a1d" relativeResultsDirectory="0e49bfe4-ee82-459c-b89b-04ea0e93dde8" />
    <UnitTestResult executionId="51805dac-67dc-46a3-b0ee-5ab1cdf4c5e0" testId="92f94d32-b9e5-da3f-cebf-617801ce4a93" testName="OemResources_ShouldHaveAll_LPRServer_Test (Pink)" computerName="DKSR-EFI-06" duration="00:00:00.0006239" startTime="2024-01-09T15:44:02.0761324+01:00" endTime="2024-01-09T15:44:02.0917588+01:00" testType="13cdc9d9-ddb5-4fa4-a97d-d965ccfc6d4b" outcome="Passed" testListId="8c84fa94-04c1-424b-9868-57a2d4851a1d" relativeResultsDirectory="51805dac-67dc-46a3-b0ee-5ab1cdf4c5e0" />
    <UnitTestResult executionId="d269ec26-71b9-43f9-9d7a-0c3ecb2e31db" testId="c02e9a20-6684-1321-7ed5-a7d72359cb3f" testName="Init_ShouldNotCreateAliveTimer_UsingSecondOverload" computerName="DKSR-EFI-06" duration="00:00:00.0013610" startTime="2024-01-09T15:44:00.5292244+01:00" endTime="2024-01-09T15:44:00.5292244+01:00" testType="13cdc9d9-ddb5-4fa4-a97d-d965ccfc6d4b" outcome="Passed" testListId="8c84fa94-04c1-424b-9868-57a2d4851a1d" relativeResultsDirectory="d269ec26-71b9-43f9-9d7a-0c3ecb2e31db" />
    <UnitTestResult executionId="0037eecb-c0f4-4cbe-9506-68d8a0a897b0" testId="38bd6c1b-4bd1-a65c-7e6d-562513f24f4f" testName="AliveTimerElapsed_ShouldWriteAliveMessageToProcess" computerName="DKSR-EFI-06" duration="00:00:00.0119557" startTime="2024-01-09T15:44:00.5292244+01:00" endTime="2024-01-09T15:44:00.5448483+01:00" testType="13cdc9d9-ddb5-4fa4-a97d-d965ccfc6d4b" outcome="Passed" testListId="8c84fa94-04c1-424b-9868-57a2d4851a1d" relativeResultsDirectory="0037eecb-c0f4-4cbe-9506-68d8a0a897b0" />
    <UnitTestResult executionId="df1d4ed4-50b7-46e1-979a-14b61e735908" testId="ee6505e8-2b86-efad-d8e1-98335f9fe0db" testName="RemovePendingPlatesFromCurrent_RemoveCorrectPlate_WhenFirstDelayIsNotElapsed (AB123,XY123,,,False,False)" computerName="DKSR-EFI-06" duration="00:00:00.0480958" startTime="2024-01-09T15:44:01.4042558+01:00" endTime="2024-01-09T15:44:01.4667571+01:00" testType="13cdc9d9-ddb5-4fa4-a97d-d965ccfc6d4b" outcome="Passed" testListId="8c84fa94-04c1-424b-9868-57a2d4851a1d" relativeResultsDirectory="df1d4ed4-50b7-46e1-979a-14b61e735908" />
    <UnitTestResult executionId="7dd038b1-d2e0-4039-af52-eb6827497d4d" testId="c63388c1-97a6-8db4-95cd-bf2fdee8571f" testName="GetStatus_ShouldNotHaveRecognitionData_Initially (False)" computerName="DKSR-EFI-06" duration="00:00:00.0004250" startTime="2024-01-09T15:44:00.5604756+01:00" endTime="2024-01-09T15:44:00.5604756+01:00" testType="13cdc9d9-ddb5-4fa4-a97d-d965ccfc6d4b" outcome="Passed" testListId="8c84fa94-04c1-424b-9868-57a2d4851a1d" relativeResultsDirectory="7dd038b1-d2e0-4039-af52-eb6827497d4d" />
    <UnitTestResult executionId="610814f5-69dc-4ae4-a752-625e02cbc93b" testId="16241aeb-efa1-6f80-5446-01988b85826f" testName="GetStatus_ShouldHaveRecognitionData_AfterProcessReturnsRecognitionData (True)" computerName="DKSR-EFI-06" duration="00:00:00.1099358" startTime="2024-01-09T15:44:00.5604756+01:00" endTime="2024-01-09T15:44:00.6698510+01:00" testType="13cdc9d9-ddb5-4fa4-a97d-d965ccfc6d4b" outcome="Passed" testListId="8c84fa94-04c1-424b-9868-57a2d4851a1d" relativeResultsDirectory="610814f5-69dc-4ae4-a752-625e02cbc93b" />
    <UnitTestResult executionId="b7d1a6d1-3ce7-403e-ad7c-bfeaf7ee742a" testId="2138506f-514a-3267-c083-1dacf07ca210" testName="GetAllCountryCodes_ShouldReturnTwoCountryCodes_WhenModulesHaveDifferentCountryCodes" computerName="DKSR-EFI-06" duration="00:00:00.1738099" startTime="2024-01-09T15:43:59.7010993+01:00" endTime="2024-01-09T15:43:59.8729727+01:00" testType="13cdc9d9-ddb5-4fa4-a97d-d965ccfc6d4b" outcome="Passed" testListId="8c84fa94-04c1-424b-9868-57a2d4851a1d" relativeResultsDirectory="b7d1a6d1-3ce7-403e-ad7c-bfeaf7ee742a" />
    <UnitTestResult executionId="79a113f2-54f9-4f25-98ac-21fcb3d92f09" testId="3d7f6adb-0b10-f174-f436-1e2db64666e3" testName="Init_ShouldReturnOk_WhenParametersAreValid (False)" computerName="DKSR-EFI-06" duration="00:00:00.0004161" startTime="2024-01-09T15:44:00.5135985+01:00" endTime="2024-01-09T15:44:00.5135985+01:00" testType="13cdc9d9-ddb5-4fa4-a97d-d965ccfc6d4b" outcome="Passed" testListId="8c84fa94-04c1-424b-9868-57a2d4851a1d" relativeResultsDirectory="79a113f2-54f9-4f25-98ac-21fcb3d92f09" />
    <UnitTestResult executionId="8b70113e-a6e9-4a24-afc8-fbf6b7b8d47b" testId="5b65ee90-890f-f759-c390-af97d537b57a" testName="RemovePendingPlatesFromCurrent_RemoveCorrectPlate_WhenFirstDelayIsNotElapsed (AB123,AB12,,,False,True)" computerName="DKSR-EFI-06" duration="00:00:00.0423523" startTime="2024-01-09T15:44:01.4667571+01:00" endTime="2024-01-09T15:44:01.5136301+01:00" testType="13cdc9d9-ddb5-4fa4-a97d-d965ccfc6d4b" outcome="Passed" testListId="8c84fa94-04c1-424b-9868-57a2d4851a1d" relativeResultsDirectory="8b70113e-a6e9-4a24-afc8-fbf6b7b8d47b" />
    <UnitTestResult executionId="cf208b60-ee27-458c-98f0-41e234c82a1f" testId="d7f57f80-c51d-2801-c8d6-b3223a136ece" testName="OemResources_LPRServer_ResourcePackageValidationTest (Pink)" computerName="DKSR-EFI-06" duration="00:00:00.0040798" startTime="2024-01-09T15:44:02.0605077+01:00" endTime="2024-01-09T15:44:02.0761324+01:00" testType="13cdc9d9-ddb5-4fa4-a97d-d965ccfc6d4b" outcome="Passed" testListId="8c84fa94-04c1-424b-9868-57a2d4851a1d" relativeResultsDirectory="cf208b60-ee27-458c-98f0-41e234c82a1f" />
    <UnitTestResult executionId="ad115a20-5a8f-4392-864e-2baf4e3b9bb4" testId="9e502e87-2099-ff51-a81d-b2e47ef15cbf" testName="GetAndClearReturRecognitionData_ShouldReturnEmpty_Initially (True)" computerName="DKSR-EFI-06" duration="00:00:00.0016887" startTime="2024-01-09T15:44:00.6854745+01:00" endTime="2024-01-09T15:44:00.6854745+01:00" testType="13cdc9d9-ddb5-4fa4-a97d-d965ccfc6d4b" outcome="Passed" testListId="8c84fa94-04c1-424b-9868-57a2d4851a1d" relativeResultsDirectory="ad115a20-5a8f-4392-864e-2baf4e3b9bb4" />
    <UnitTestResult executionId="4b36fc75-d147-4760-b198-ced34f502798" testId="dbdbb0b0-b053-272a-8570-b7cce56e700a" testName="GetAndClearReturRecognitionData_ShouldGetRecognitionData_AfterProcessReturnsRecognitionData (True)" computerName="DKSR-EFI-06" duration="00:00:00.0043455" startTime="2024-01-09T15:44:00.6854745+01:00" endTime="2024-01-09T15:44:00.6854745+01:00" testType="13cdc9d9-ddb5-4fa4-a97d-d965ccfc6d4b" outcome="Passed" testListId="8c84fa94-04c1-424b-9868-57a2d4851a1d" relativeResultsDirectory="4b36fc75-d147-4760-b198-ced34f502798" />
    <UnitTestResult executionId="0eb762ec-15da-43cb-bb41-e2e6ab2ba965" testId="378bffa7-cb5f-1f60-c7ff-bd068af1b570" testName="GetAllCountryCodes_ShouldReturnCountryCode_WhenModuleNameDoesNotContainNumber" computerName="DKSR-EFI-06" duration="00:00:00.5321399" startTime="2024-01-09T15:43:58.6542195+01:00" endTime="2024-01-09T15:43:59.6229729+01:00" testType="13cdc9d9-ddb5-4fa4-a97d-d965ccfc6d4b" outcome="Passed" testListId="8c84fa94-04c1-424b-9868-57a2d4851a1d" relativeResultsDirectory="0eb762ec-15da-43cb-bb41-e2e6ab2ba965" />
    <UnitTestResult executionId="d7a717e5-3776-401a-99cc-c91572a19a73" testId="5d2207ee-22a0-274a-b7d7-e711956ba357" testName="GetAllCountryCodes_ShouldReturnOneCountryCode_WhenMultipleModulesHaveSameCodeButWithAndWithoutNumbers" computerName="DKSR-EFI-06" duration="00:00:00.0005784" startTime="2024-01-09T15:43:59.7010993+01:00" endTime="2024-01-09T15:43:59.7010993+01:00" testType="13cdc9d9-ddb5-4fa4-a97d-d965ccfc6d4b" outcome="Passed" testListId="8c84fa94-04c1-424b-9868-57a2d4851a1d" relativeResultsDirectory="d7a717e5-3776-401a-99cc-c91572a19a73" />
    <UnitTestResult executionId="cc93df0a-caeb-4ffc-9b81-b4893810008f" testId="e6a25588-e185-9a6c-f94c-a973b70703e3" testName="RemovePendingPlatesFromCurrent_RemoveCorrectPlate_WhenFirstDelayIsNotElapsed (AB123,AB123,0.8,0.9,True,False)" computerName="DKSR-EFI-06" duration="00:00:00.0404345" startTime="2024-01-09T15:44:01.5605065+01:00" endTime="2024-01-09T15:44:01.6073814+01:00" testType="13cdc9d9-ddb5-4fa4-a97d-d965ccfc6d4b" outcome="Passed" testListId="8c84fa94-04c1-424b-9868-57a2d4851a1d" relativeResultsDirectory="cc93df0a-caeb-4ffc-9b81-b4893810008f" />
    <UnitTestResult executionId="78944730-3783-4d79-93f3-0403c30d6fdf" testId="7f2c426f-4586-45cf-45ea-acad6ef3590b" testName="RemovePendingPlatesFromCurrent_ShouldDoNothing_WhenFirstDelayIsElapsed" computerName="DKSR-EFI-06" duration="00:00:00.0400047" startTime="2024-01-09T15:44:01.3573784+01:00" endTime="2024-01-09T15:44:01.4042558+01:00" testType="13cdc9d9-ddb5-4fa4-a97d-d965ccfc6d4b" outcome="Passed" testListId="8c84fa94-04c1-424b-9868-57a2d4851a1d" relativeResultsDirectory="78944730-3783-4d79-93f3-0403c30d6fdf" />
    <UnitTestResult executionId="7a1d40fd-c4c9-4f52-bbeb-1a5b508d5f83" testId="c1030b7a-37fa-17d8-a15e-8a4b9df371ce" testName="GetStatus_ShouldNotHaveRecognitionData_Initially (True)" computerName="DKSR-EFI-06" duration="00:00:00.0036078" startTime="2024-01-09T15:44:00.5604756+01:00" endTime="2024-01-09T15:44:00.5604756+01:00" testType="13cdc9d9-ddb5-4fa4-a97d-d965ccfc6d4b" outcome="Passed" testListId="8c84fa94-04c1-424b-9868-57a2d4851a1d" relativeResultsDirectory="7a1d40fd-c4c9-4f52-bbeb-1a5b508d5f83" />
    <UnitTestResult executionId="623fbbf6-030b-4ff5-ad2e-aa78bab0b72a" testId="a1d57d56-77ac-84e3-53c3-38fe0ae4f549" testName="GetAndClearReturRecognitionData_ShouldReturnEmpty_WhenCalledTwice (False)" computerName="DKSR-EFI-06" duration="00:00:00.0006851" startTime="2024-01-09T15:44:00.7010998+01:00" endTime="2024-01-09T15:44:00.7010998+01:00" testType="13cdc9d9-ddb5-4fa4-a97d-d965ccfc6d4b" outcome="Passed" testListId="8c84fa94-04c1-424b-9868-57a2d4851a1d" relativeResultsDirectory="623fbbf6-030b-4ff5-ad2e-aa78bab0b72a" />
    <UnitTestResult executionId="03ccf228-4b11-457e-a829-a8a29bb769ca" testId="21d69429-3655-201a-372f-612816a68df2" testName="RemovePastPlatesFromCurrent_ShouldDoNothing_WhenCalledWithDifferentPlates" computerName="DKSR-EFI-06" duration="00:00:00.0548502" startTime="2024-01-09T15:44:00.9042252+01:00" endTime="2024-01-09T15:44:00.9511013+01:00" testType="13cdc9d9-ddb5-4fa4-a97d-d965ccfc6d4b" outcome="Passed" testListId="8c84fa94-04c1-424b-9868-57a2d4851a1d" relativeResultsDirectory="03ccf228-4b11-457e-a829-a8a29bb769ca" />
  </Results>
  <TestDefinitions>
    <UnitTest name="GetAndClearReturRecognitionData_ShouldReturnEmpty_Initially (False)" storage="d:\actions-runner\_work\xpco\xpco\lpr\components\analytics\videoos.lpr.server.tests\bin\x64\debug\videoos.lpr.server.tests.dll" id="76279847-d44f-b1b1-8f42-9bcb7a08abb5">
      <Execution id="52ce56b5-3bc2-4fec-a3b2-235decbe4c42" />
      <TestMethod codeBase="D:\actions-runner\_work\XPCO\XPCO\LPR\Components\Analytics\VideoOS.LPR.Server.Tests\bin\x64\Debug\VideoOS.LPR.Server.Tests.dll" adapterTypeName="executor://mstestadapter/v2" className="VideoOS.LPR.Server.Tests.VideoSources.Engine.EngineProcessTests" name="GetAndClearReturRecognitionData_ShouldReturnEmpty_Initially" />
    </UnitTest>
    <UnitTest name="GetAndClearReturRecognitionData_ShouldReturnEmpty_WhenCalledTwice (False)" storage="d:\actions-runner\_work\xpco\xpco\lpr\components\analytics\videoos.lpr.server.tests\bin\x64\debug\videoos.lpr.server.tests.dll" id="a1d57d56-77ac-84e3-53c3-38fe0ae4f549">
      <Execution id="623fbbf6-030b-4ff5-ad2e-aa78bab0b72a" />
      <TestMethod codeBase="D:\actions-runner\_work\XPCO\XPCO\LPR\Components\Analytics\VideoOS.LPR.Server.Tests\bin\x64\Debug\VideoOS.LPR.Server.Tests.dll" adapterTypeName="executor://mstestadapter/v2" className="VideoOS.LPR.Server.Tests.VideoSources.Engine.EngineProcessTests" name="GetAndClearReturRecognitionData_ShouldReturnEmpty_WhenCalledTwice" />
    </UnitTest>
    <UnitTest name="GetAllCountryCodes_ShouldReturnOneCountryCode_WhenMultipleModulesHaveSameCodeButWithAndWithoutNumbers" storage="d:\actions-runner\_work\xpco\xpco\lpr\components\analytics\videoos.lpr.server.tests\bin\x64\debug\videoos.lpr.server.tests.dll" id="5d2207ee-22a0-274a-b7d7-e711956ba357">
      <Execution id="d7a717e5-3776-401a-99cc-c91572a19a73" />
      <TestMethod codeBase="D:\actions-runner\_work\XPCO\XPCO\LPR\Components\Analytics\VideoOS.LPR.Server.Tests\bin\x64\Debug\VideoOS.LPR.Server.Tests.dll" adapterTypeName="executor://mstestadapter/v2" className="VideoOS.LPR.Server.Tests.VideoSources.Engine.EngineInfoTests" name="GetAllCountryCodes_ShouldReturnOneCountryCode_WhenMultipleModulesHaveSameCodeButWithAndWithoutNumbers" />
    </UnitTest>
    <UnitTest name="GetAllCountryCodes_ShouldReturnCountryCode_WhenModuleNameDoesNotContainNumber" storage="d:\actions-runner\_work\xpco\xpco\lpr\components\analytics\videoos.lpr.server.tests\bin\x64\debug\videoos.lpr.server.tests.dll" id="378bffa7-cb5f-1f60-c7ff-bd068af1b570">
      <Execution id="0eb762ec-15da-43cb-bb41-e2e6ab2ba965" />
      <TestMethod codeBase="D:\actions-runner\_work\XPCO\XPCO\LPR\Components\Analytics\VideoOS.LPR.Server.Tests\bin\x64\Debug\VideoOS.LPR.Server.Tests.dll" adapterTypeName="executor://mstestadapter/v2" className="VideoOS.LPR.Server.Tests.VideoSources.Engine.EngineInfoTests" name="GetAllCountryCodes_ShouldReturnCountryCode_WhenModuleNameDoesNotContainNumber" />
    </UnitTest>
    <UnitTest name="Init_ShouldNotCreateAliveTimer_UsingSecondOverload" storage="d:\actions-runner\_work\xpco\xpco\lpr\components\analytics\videoos.lpr.server.tests\bin\x64\debug\videoos.lpr.server.tests.dll" id="c02e9a20-6684-1321-7ed5-a7d72359cb3f">
      <Execution id="d269ec26-71b9-43f9-9d7a-0c3ecb2e31db" />
      <TestMethod codeBase="D:\actions-runner\_work\XPCO\XPCO\LPR\Components\Analytics\VideoOS.LPR.Server.Tests\bin\x64\Debug\VideoOS.LPR.Server.Tests.dll" adapterTypeName="executor://mstestadapter/v2" className="VideoOS.LPR.Server.Tests.VideoSources.Engine.EngineProcessTests" name="Init_ShouldNotCreateAliveTimer_UsingSecondOverload" />
    </UnitTest>
    <UnitTest name="Init_ShouldReturnFaulted_IfCountryModuleListIsEmpty (False)" storage="d:\actions-runner\_work\xpco\xpco\lpr\components\analytics\videoos.lpr.server.tests\bin\x64\debug\videoos.lpr.server.tests.dll" id="e49ad6e5-c76d-f1fa-4985-4f28fb5656be">
      <Execution id="4a352d5f-66a8-4ad7-8724-b07fc181c1b8" />
      <TestMethod codeBase="D:\actions-runner\_work\XPCO\XPCO\LPR\Components\Analytics\VideoOS.LPR.Server.Tests\bin\x64\Debug\VideoOS.LPR.Server.Tests.dll" adapterTypeName="executor://mstestadapter/v2" className="VideoOS.LPR.Server.Tests.VideoSources.Engine.EngineProcessTests" name="Init_ShouldReturnFaulted_IfCountryModuleListIsEmpty" />
    </UnitTest>
    <UnitTest name="Init_ShouldCreateAndStartAliveTimer_UsingFirstOverload" storage="d:\actions-runner\_work\xpco\xpco\lpr\components\analytics\videoos.lpr.server.tests\bin\x64\debug\videoos.lpr.server.tests.dll" id="28fd640a-f185-ba62-e67a-4e8c2f8f1f86">
      <Execution id="16581847-984c-420f-84e5-9993bf418d19" />
      <TestMethod codeBase="D:\actions-runner\_work\XPCO\XPCO\LPR\Components\Analytics\VideoOS.LPR.Server.Tests\bin\x64\Debug\VideoOS.LPR.Server.Tests.dll" adapterTypeName="executor://mstestadapter/v2" className="VideoOS.LPR.Server.Tests.VideoSources.Engine.EngineProcessTests" name="Init_ShouldCreateAndStartAliveTimer_UsingFirstOverload" />
    </UnitTest>
    <UnitTest name="GetAllCountryCodes_ShouldReturnOneCountryCode_WhenMultipleModulesHaveSameCodeButWithDifferentNumbers" storage="d:\actions-runner\_work\xpco\xpco\lpr\components\analytics\videoos.lpr.server.tests\bin\x64\debug\videoos.lpr.server.tests.dll" id="29388fd4-e6ce-20d1-060c-84ce3103e546">
      <Execution id="0198917c-85b7-48a1-9c7b-e1893b00ff64" />
      <TestMethod codeBase="D:\actions-runner\_work\XPCO\XPCO\LPR\Components\Analytics\VideoOS.LPR.Server.Tests\bin\x64\Debug\VideoOS.LPR.Server.Tests.dll" adapterTypeName="executor://mstestadapter/v2" className="VideoOS.LPR.Server.Tests.VideoSources.Engine.EngineInfoTests" name="GetAllCountryCodes_ShouldReturnOneCountryCode_WhenMultipleModulesHaveSameCodeButWithDifferentNumbers" />
    </UnitTest>
    <UnitTest name="RemovePendingPlatesFromCurrent_ShouldBeCanceled_AfterCallingDispose" storage="d:\actions-runner\_work\xpco\xpco\lpr\components\analytics\videoos.lpr.server.tests\bin\x64\debug\videoos.lpr.server.tests.dll" id="5a778e5a-a6c0-63d0-8526-fb395413ad56">
      <Execution id="cdbe78fe-ab06-473f-b3ec-e5aff540f98d" />
      <TestMethod codeBase="D:\actions-runner\_work\XPCO\XPCO\LPR\Components\Analytics\VideoOS.LPR.Server.Tests\bin\x64\Debug\VideoOS.LPR.Server.Tests.dll" adapterTypeName="executor://mstestadapter/v2" className="VideoOS.LPR.Server.Tests.VideoSources.Engine.RecognitionResultPrunerTests" name="RemovePendingPlatesFromCurrent_ShouldBeCanceled_AfterCallingDispose" />
    </UnitTest>
    <UnitTest name="RemovePendingPlatesFromCurrent_RemoveCorrectPlate_WhenFirstDelayIsNotElapsed (AB123,AB123,0.9,0.9,False,True)" storage="d:\actions-runner\_work\xpco\xpco\lpr\components\analytics\videoos.lpr.server.tests\bin\x64\debug\videoos.lpr.server.tests.dll" id="3d562ae9-ca02-f16c-331e-d37033998430">
      <Execution id="20689629-706a-437d-9690-72ef2a0859a3" />
      <TestMethod codeBase="D:\actions-runner\_work\XPCO\XPCO\LPR\Components\Analytics\VideoOS.LPR.Server.Tests\bin\x64\Debug\VideoOS.LPR.Server.Tests.dll" adapterTypeName="executor://mstestadapter/v2" className="VideoOS.LPR.Server.Tests.VideoSources.Engine.RecognitionResultPrunerTests" name="RemovePendingPlatesFromCurrent_RemoveCorrectPlate_WhenFirstDelayIsNotElapsed" />
    </UnitTest>
    <UnitTest name="RemovePendingPlatesFromCurrent_ShouldDoNothing_WhenFirstDelayIsElapsed" storage="d:\actions-runner\_work\xpco\xpco\lpr\components\analytics\videoos.lpr.server.tests\bin\x64\debug\videoos.lpr.server.tests.dll" id="7f2c426f-4586-45cf-45ea-acad6ef3590b">
      <Execution id="78944730-3783-4d79-93f3-0403c30d6fdf" />
      <TestMethod codeBase="D:\actions-runner\_work\XPCO\XPCO\LPR\Components\Analytics\VideoOS.LPR.Server.Tests\bin\x64\Debug\VideoOS.LPR.Server.Tests.dll" adapterTypeName="executor://mstestadapter/v2" className="VideoOS.LPR.Server.Tests.VideoSources.Engine.RecognitionResultPrunerTests" name="RemovePendingPlatesFromCurrent_ShouldDoNothing_WhenFirstDelayIsElapsed" />
    </UnitTest>
    <UnitTest name="Init_ShouldReturnFaulted_IfCountryModuleListIsEmpty (True)" storage="d:\actions-runner\_work\xpco\xpco\lpr\components\analytics\videoos.lpr.server.tests\bin\x64\debug\videoos.lpr.server.tests.dll" id="72d5b857-2ee2-2958-5160-f74ebcaee252">
      <Execution id="64ab28d1-0d7d-4448-a69f-285df5162264" />
      <TestMethod codeBase="D:\actions-runner\_work\XPCO\XPCO\LPR\Components\Analytics\VideoOS.LPR.Server.Tests\bin\x64\Debug\VideoOS.LPR.Server.Tests.dll" adapterTypeName="executor://mstestadapter/v2" className="VideoOS.LPR.Server.Tests.VideoSources.Engine.EngineProcessTests" name="Init_ShouldReturnFaulted_IfCountryModuleListIsEmpty" />
    </UnitTest>
    <UnitTest name="Init_ShouldStartProcess_WhenParametersAreValid (False)" storage="d:\actions-runner\_work\xpco\xpco\lpr\components\analytics\videoos.lpr.server.tests\bin\x64\debug\videoos.lpr.server.tests.dll" id="9c5d4f82-657d-2c94-1ea3-ffc86c17f26f">
      <Execution id="190ef3e1-f7a2-4bc1-9dc8-8639bf7d1340" />
      <TestMethod codeBase="D:\actions-runner\_work\XPCO\XPCO\LPR\Components\Analytics\VideoOS.LPR.Server.Tests\bin\x64\Debug\VideoOS.LPR.Server.Tests.dll" adapterTypeName="executor://mstestadapter/v2" className="VideoOS.LPR.Server.Tests.VideoSources.Engine.EngineProcessTests" name="Init_ShouldStartProcess_WhenParametersAreValid" />
    </UnitTest>
    <UnitTest name="GetAndClearReturRecognitionData_ShouldReturnEmpty_Initially (True)" storage="d:\actions-runner\_work\xpco\xpco\lpr\components\analytics\videoos.lpr.server.tests\bin\x64\debug\videoos.lpr.server.tests.dll" id="9e502e87-2099-ff51-a81d-b2e47ef15cbf">
      <Execution id="ad115a20-5a8f-4392-864e-2baf4e3b9bb4" />
      <TestMethod codeBase="D:\actions-runner\_work\XPCO\XPCO\LPR\Components\Analytics\VideoOS.LPR.Server.Tests\bin\x64\Debug\VideoOS.LPR.Server.Tests.dll" adapterTypeName="executor://mstestadapter/v2" className="VideoOS.LPR.Server.Tests.VideoSources.Engine.EngineProcessTests" name="GetAndClearReturRecognitionData_ShouldReturnEmpty_Initially" />
    </UnitTest>
    <UnitTest name="RemovePendingPlatesFromCurrent_RemoveCorrectPlate_WhenFirstDelayIsNotElapsed (AB123,AB12,,,False,True)" storage="d:\actions-runner\_work\xpco\xpco\lpr\components\analytics\videoos.lpr.server.tests\bin\x64\debug\videoos.lpr.server.tests.dll" id="5b65ee90-890f-f759-c390-af97d537b57a">
      <Execution id="8b70113e-a6e9-4a24-afc8-fbf6b7b8d47b" />
      <TestMethod codeBase="D:\actions-runner\_work\XPCO\XPCO\LPR\Components\Analytics\VideoOS.LPR.Server.Tests\bin\x64\Debug\VideoOS.LPR.Server.Tests.dll" adapterTypeName="executor://mstestadapter/v2" className="VideoOS.LPR.Server.Tests.VideoSources.Engine.RecognitionResultPrunerTests" name="RemovePendingPlatesFromCurrent_RemoveCorrectPlate_WhenFirstDelayIsNotElapsed" />
    </UnitTest>
    <UnitTest name="Init_ShouldStartProcess_WhenParametersAreValid (True)" storage="d:\actions-runner\_work\xpco\xpco\lpr\components\analytics\videoos.lpr.server.tests\bin\x64\debug\videoos.lpr.server.tests.dll" id="1433c747-49e6-0b50-9bec-6413a1fa0565">
      <Execution id="c40f5a92-4068-4666-8c50-ee813a9722d9" />
      <TestMethod codeBase="D:\actions-runner\_work\XPCO\XPCO\LPR\Components\Analytics\VideoOS.LPR.Server.Tests\bin\x64\Debug\VideoOS.LPR.Server.Tests.dll" adapterTypeName="executor://mstestadapter/v2" className="VideoOS.LPR.Server.Tests.VideoSources.Engine.EngineProcessTests" name="Init_ShouldStartProcess_WhenParametersAreValid" />
    </UnitTest>
    <UnitTest name="GetIntradaModulesNamesFor_ShouldReturnAllModulesWithCountryCode_WhenThereAreModulesWithAnWithoutNumbers" storage="d:\actions-runner\_work\xpco\xpco\lpr\components\analytics\videoos.lpr.server.tests\bin\x64\debug\videoos.lpr.server.tests.dll" id="14c56d87-546c-a482-ce40-a835653021ae">
      <Execution id="6b859ed6-710f-4f46-8e0b-8e8f0ca62161" />
      <TestMethod codeBase="D:\actions-runner\_work\XPCO\XPCO\LPR\Components\Analytics\VideoOS.LPR.Server.Tests\bin\x64\Debug\VideoOS.LPR.Server.Tests.dll" adapterTypeName="executor://mstestadapter/v2" className="VideoOS.LPR.Server.Tests.VideoSources.Engine.EngineInfoTests" name="GetIntradaModulesNamesFor_ShouldReturnAllModulesWithCountryCode_WhenThereAreModulesWithAnWithoutNumbers" />
    </UnitTest>
    <UnitTest name="RemovePendingPlatesFromCurrent_ShouldRunToCompletion_WhenDelayIsZero" storage="d:\actions-runner\_work\xpco\xpco\lpr\components\analytics\videoos.lpr.server.tests\bin\x64\debug\videoos.lpr.server.tests.dll" id="fd8fef17-158c-ee86-20cc-203fd3b75d69">
      <Execution id="755f8397-4724-4ec3-a02d-b973683eb9b0" />
      <TestMethod codeBase="D:\actions-runner\_work\XPCO\XPCO\LPR\Components\Analytics\VideoOS.LPR.Server.Tests\bin\x64\Debug\VideoOS.LPR.Server.Tests.dll" adapterTypeName="executor://mstestadapter/v2" className="VideoOS.LPR.Server.Tests.VideoSources.Engine.RecognitionResultPrunerTests" name="RemovePendingPlatesFromCurrent_ShouldRunToCompletion_WhenDelayIsZero" />
    </UnitTest>
    <UnitTest name="RemovePendingPlatesFromCurrent_RemoveCorrectPlate_WhenFirstDelayIsNotElapsed (AB12,AB123,,,True,False)" storage="d:\actions-runner\_work\xpco\xpco\lpr\components\analytics\videoos.lpr.server.tests\bin\x64\debug\videoos.lpr.server.tests.dll" id="8d0b6841-1bf2-97dd-4a12-fbf2b9518209">
      <Execution id="af0f679b-7bca-4447-9042-27bd8c575df8" />
      <TestMethod codeBase="D:\actions-runner\_work\XPCO\XPCO\LPR\Components\Analytics\VideoOS.LPR.Server.Tests\bin\x64\Debug\VideoOS.LPR.Server.Tests.dll" adapterTypeName="executor://mstestadapter/v2" className="VideoOS.LPR.Server.Tests.VideoSources.Engine.RecognitionResultPrunerTests" name="RemovePendingPlatesFromCurrent_RemoveCorrectPlate_WhenFirstDelayIsNotElapsed" />
    </UnitTest>
    <UnitTest name="GetIntradaModulesNamesFor_ShouldReturnModuleWithCountryCode_WhenThereIsModuleForContryCode" storage="d:\actions-runner\_work\xpco\xpco\lpr\components\analytics\videoos.lpr.server.tests\bin\x64\debug\videoos.lpr.server.tests.dll" id="bbcd3274-a3f7-5240-5894-3835548aa70a">
      <Execution id="c29e5359-d2a3-4953-85c7-d51f2b43df2d" />
      <TestMethod codeBase="D:\actions-runner\_work\XPCO\XPCO\LPR\Components\Analytics\VideoOS.LPR.Server.Tests\bin\x64\Debug\VideoOS.LPR.Server.Tests.dll" adapterTypeName="executor://mstestadapter/v2" className="VideoOS.LPR.Server.Tests.VideoSources.Engine.EngineInfoTests" name="GetIntradaModulesNamesFor_ShouldReturnModuleWithCountryCode_WhenThereIsModuleForContryCode" />
    </UnitTest>
    <UnitTest name="OemResources_LPRServer_ResourcePackageValidationTest (Milestone)" storage="d:\actions-runner\_work\xpco\xpco\lpr\components\analytics\videoos.lpr.server.tests\bin\x64\debug\videoos.lpr.server.tests.dll" id="111595ae-1957-52c7-6f65-0d53fe233bcf">
      <Execution id="20e4b331-0382-4b8a-86ef-7f6a1b652d38" />
      <TestMethod codeBase="D:\actions-runner\_work\XPCO\XPCO\LPR\Components\Analytics\VideoOS.LPR.Server.Tests\bin\x64\Debug\VideoOS.LPR.Server.Tests.dll" adapterTypeName="executor://mstestadapter/v2" className="VideoOS.LPR.Server.Tests.Oem.OemResourcesUnitTest" name="OemResources_LPRServer_ResourcePackageValidationTest" />
    </UnitTest>
    <UnitTest name="RemovePastPlatesFromCurrent_ShouldRemovePlate_WhenCalledWithDuplicatePlate_BeforeTimeExpires" storage="d:\actions-runner\_work\xpco\xpco\lpr\components\analytics\videoos.lpr.server.tests\bin\x64\debug\videoos.lpr.server.tests.dll" id="f05547ed-d334-9b11-66b3-35c6c5e206c7">
      <Execution id="219aafce-7c93-4afd-83c9-0312acd52e11" />
      <TestMethod codeBase="D:\actions-runner\_work\XPCO\XPCO\LPR\Components\Analytics\VideoOS.LPR.Server.Tests\bin\x64\Debug\VideoOS.LPR.Server.Tests.dll" adapterTypeName="executor://mstestadapter/v2" className="VideoOS.LPR.Server.Tests.VideoSources.Engine.RecognitionResultPrunerTests" name="RemovePastPlatesFromCurrent_ShouldRemovePlate_WhenCalledWithDuplicatePlate_BeforeTimeExpires" />
    </UnitTest>
    <UnitTest name="GetIntradaModulesNamesFor_ShouldReturnEmptyList_WhenThereIsNoModuleForContryCode" storage="d:\actions-runner\_work\xpco\xpco\lpr\components\analytics\videoos.lpr.server.tests\bin\x64\debug\videoos.lpr.server.tests.dll" id="5a9f82cc-c05a-935c-95bc-c7da71130be1">
      <Execution id="3629018a-543d-45cf-abd4-bd7dd1e637c0" />
      <TestMethod codeBase="D:\actions-runner\_work\XPCO\XPCO\LPR\Components\Analytics\VideoOS.LPR.Server.Tests\bin\x64\Debug\VideoOS.LPR.Server.Tests.dll" adapterTypeName="executor://mstestadapter/v2" className="VideoOS.LPR.Server.Tests.VideoSources.Engine.EngineInfoTests" name="GetIntradaModulesNamesFor_ShouldReturnEmptyList_WhenThereIsNoModuleForContryCode" />
    </UnitTest>
    <UnitTest name="RemovePastPlatesFromCurrent_ShouldRemovePlate_WhenCalledWithPartialPlate_BeforeTimeExpires" storage="d:\actions-runner\_work\xpco\xpco\lpr\components\analytics\videoos.lpr.server.tests\bin\x64\debug\videoos.lpr.server.tests.dll" id="7b36356f-c72b-ac12-50dc-a3903bfb4126">
      <Execution id="8cfc8d9d-d2a7-4745-a0f4-8ca95fc3eade" />
      <TestMethod codeBase="D:\actions-runner\_work\XPCO\XPCO\LPR\Components\Analytics\VideoOS.LPR.Server.Tests\bin\x64\Debug\VideoOS.LPR.Server.Tests.dll" adapterTypeName="executor://mstestadapter/v2" className="VideoOS.LPR.Server.Tests.VideoSources.Engine.RecognitionResultPrunerTests" name="RemovePastPlatesFromCurrent_ShouldRemovePlate_WhenCalledWithPartialPlate_BeforeTimeExpires" />
    </UnitTest>
    <UnitTest name="RemovePastPlatesFromCurrent_ShouldDoNothing_WhenCalledWithDifferentPlates" storage="d:\actions-runner\_work\xpco\xpco\lpr\components\analytics\videoos.lpr.server.tests\bin\x64\debug\videoos.lpr.server.tests.dll" id="21d69429-3655-201a-372f-612816a68df2">
      <Execution id="03ccf228-4b11-457e-a829-a8a29bb769ca" />
      <TestMethod codeBase="D:\actions-runner\_work\XPCO\XPCO\LPR\Components\Analytics\VideoOS.LPR.Server.Tests\bin\x64\Debug\VideoOS.LPR.Server.Tests.dll" adapterTypeName="executor://mstestadapter/v2" className="VideoOS.LPR.Server.Tests.VideoSources.Engine.RecognitionResultPrunerTests" name="RemovePastPlatesFromCurrent_ShouldDoNothing_WhenCalledWithDifferentPlates" />
    </UnitTest>
    <UnitTest name="RemovePendingPlatesFromCurrent_RemoveCorrectPlate_WhenFirstDelayIsNotElapsed (AB123,AB123,0.8,0.9,True,False)" storage="d:\actions-runner\_work\xpco\xpco\lpr\components\analytics\videoos.lpr.server.tests\bin\x64\debug\videoos.lpr.server.tests.dll" id="e6a25588-e185-9a6c-f94c-a973b70703e3">
      <Execution id="cc93df0a-caeb-4ffc-9b81-b4893810008f" />
      <TestMethod codeBase="D:\actions-runner\_work\XPCO\XPCO\LPR\Components\Analytics\VideoOS.LPR.Server.Tests\bin\x64\Debug\VideoOS.LPR.Server.Tests.dll" adapterTypeName="executor://mstestadapter/v2" className="VideoOS.LPR.Server.Tests.VideoSources.Engine.RecognitionResultPrunerTests" name="RemovePendingPlatesFromCurrent_RemoveCorrectPlate_WhenFirstDelayIsNotElapsed" />
    </UnitTest>
    <UnitTest name="GetStatus_ShouldNotHaveRecognitionData_Initially (False)" storage="d:\actions-runner\_work\xpco\xpco\lpr\components\analytics\videoos.lpr.server.tests\bin\x64\debug\videoos.lpr.server.tests.dll" id="c63388c1-97a6-8db4-95cd-bf2fdee8571f">
      <Execution id="7dd038b1-d2e0-4039-af52-eb6827497d4d" />
      <TestMethod codeBase="D:\actions-runner\_work\XPCO\XPCO\LPR\Components\Analytics\VideoOS.LPR.Server.Tests\bin\x64\Debug\VideoOS.LPR.Server.Tests.dll" adapterTypeName="executor://mstestadapter/v2" className="VideoOS.LPR.Server.Tests.VideoSources.Engine.EngineProcessTests" name="GetStatus_ShouldNotHaveRecognitionData_Initially" />
    </UnitTest>
    <UnitTest name="RemovePastPlatesFromCurrent_ShouldDoNothing_WhenCalledWithDuplicatePlate_AfterTimeExpires" storage="d:\actions-runner\_work\xpco\xpco\lpr\components\analytics\videoos.lpr.server.tests\bin\x64\debug\videoos.lpr.server.tests.dll" id="18de6444-686e-9b74-50fb-24815bab8a2a">
      <Execution id="1dde283c-d5f1-412c-af88-9fa1c18b6d17" />
      <TestMethod codeBase="D:\actions-runner\_work\XPCO\XPCO\LPR\Components\Analytics\VideoOS.LPR.Server.Tests\bin\x64\Debug\VideoOS.LPR.Server.Tests.dll" adapterTypeName="executor://mstestadapter/v2" className="VideoOS.LPR.Server.Tests.VideoSources.Engine.RecognitionResultPrunerTests" name="RemovePastPlatesFromCurrent_ShouldDoNothing_WhenCalledWithDuplicatePlate_AfterTimeExpires" />
    </UnitTest>
    <UnitTest name="AliveTimerElapsed_ShouldWriteAliveMessageToProcess" storage="d:\actions-runner\_work\xpco\xpco\lpr\components\analytics\videoos.lpr.server.tests\bin\x64\debug\videoos.lpr.server.tests.dll" id="38bd6c1b-4bd1-a65c-7e6d-562513f24f4f">
      <Execution id="0037eecb-c0f4-4cbe-9506-68d8a0a897b0" />
      <TestMethod codeBase="D:\actions-runner\_work\XPCO\XPCO\LPR\Components\Analytics\VideoOS.LPR.Server.Tests\bin\x64\Debug\VideoOS.LPR.Server.Tests.dll" adapterTypeName="executor://mstestadapter/v2" className="VideoOS.LPR.Server.Tests.VideoSources.Engine.EngineProcessTests" name="AliveTimerElapsed_ShouldWriteAliveMessageToProcess" />
    </UnitTest>
    <UnitTest name="OemResources_ShouldHaveAll_LPRServer_Test (Pink)" storage="d:\actions-runner\_work\xpco\xpco\lpr\components\analytics\videoos.lpr.server.tests\bin\x64\debug\videoos.lpr.server.tests.dll" id="92f94d32-b9e5-da3f-cebf-617801ce4a93">
      <Execution id="51805dac-67dc-46a3-b0ee-5ab1cdf4c5e0" />
      <TestMethod codeBase="D:\actions-runner\_work\XPCO\XPCO\LPR\Components\Analytics\VideoOS.LPR.Server.Tests\bin\x64\Debug\VideoOS.LPR.Server.Tests.dll" adapterTypeName="executor://mstestadapter/v2" className="VideoOS.LPR.Server.Tests.Oem.OemResourcesUnitTest" name="OemResources_ShouldHaveAll_LPRServer_Test" />
    </UnitTest>
    <UnitTest name="RemovePendingPlatesFromCurrent_RemoveCorrectPlate_WhenFirstDelayIsNotElapsed (AB123,AB123,0.9,0.8,False,True)" storage="d:\actions-runner\_work\xpco\xpco\lpr\components\analytics\videoos.lpr.server.tests\bin\x64\debug\videoos.lpr.server.tests.dll" id="6d68d37e-5182-fe23-d224-37e9fc627f38">
      <Execution id="d9024a54-dd19-46c2-82b6-7d173ec836e9" />
      <TestMethod codeBase="D:\actions-runner\_work\XPCO\XPCO\LPR\Components\Analytics\VideoOS.LPR.Server.Tests\bin\x64\Debug\VideoOS.LPR.Server.Tests.dll" adapterTypeName="executor://mstestadapter/v2" className="VideoOS.LPR.Server.Tests.VideoSources.Engine.RecognitionResultPrunerTests" name="RemovePendingPlatesFromCurrent_RemoveCorrectPlate_WhenFirstDelayIsNotElapsed" />
    </UnitTest>
    <UnitTest name="GetAndClearReturRecognitionData_ShouldGetRecognitionData_AfterProcessReturnsRecognitionData (True)" storage="d:\actions-runner\_work\xpco\xpco\lpr\components\analytics\videoos.lpr.server.tests\bin\x64\debug\videoos.lpr.server.tests.dll" id="dbdbb0b0-b053-272a-8570-b7cce56e700a">
      <Execution id="4b36fc75-d147-4760-b198-ced34f502798" />
      <TestMethod codeBase="D:\actions-runner\_work\XPCO\XPCO\LPR\Components\Analytics\VideoOS.LPR.Server.Tests\bin\x64\Debug\VideoOS.LPR.Server.Tests.dll" adapterTypeName="executor://mstestadapter/v2" className="VideoOS.LPR.Server.Tests.VideoSources.Engine.EngineProcessTests" name="GetAndClearReturRecognitionData_ShouldGetRecognitionData_AfterProcessReturnsRecognitionData" />
    </UnitTest>
    <UnitTest name="GetAndClearReturRecognitionData_ShouldReturnEmpty_WhenCalledTwice (True)" storage="d:\actions-runner\_work\xpco\xpco\lpr\components\analytics\videoos.lpr.server.tests\bin\x64\debug\videoos.lpr.server.tests.dll" id="c046b018-8f0c-bf36-4ff3-6e5b3af0fc4b">
      <Execution id="c26e1724-2e3e-4c90-8820-2469a568dcbe" />
      <TestMethod codeBase="D:\actions-runner\_work\XPCO\XPCO\LPR\Components\Analytics\VideoOS.LPR.Server.Tests\bin\x64\Debug\VideoOS.LPR.Server.Tests.dll" adapterTypeName="executor://mstestadapter/v2" className="VideoOS.LPR.Server.Tests.VideoSources.Engine.EngineProcessTests" name="GetAndClearReturRecognitionData_ShouldReturnEmpty_WhenCalledTwice" />
    </UnitTest>
    <UnitTest name="OemResources_LPRServer_ResourcePackageValidationTest (Pink)" storage="d:\actions-runner\_work\xpco\xpco\lpr\components\analytics\videoos.lpr.server.tests\bin\x64\debug\videoos.lpr.server.tests.dll" id="d7f57f80-c51d-2801-c8d6-b3223a136ece">
      <Execution id="cf208b60-ee27-458c-98f0-41e234c82a1f" />
      <TestMethod codeBase="D:\actions-runner\_work\XPCO\XPCO\LPR\Components\Analytics\VideoOS.LPR.Server.Tests\bin\x64\Debug\VideoOS.LPR.Server.Tests.dll" adapterTypeName="executor://mstestadapter/v2" className="VideoOS.LPR.Server.Tests.Oem.OemResourcesUnitTest" name="OemResources_LPRServer_ResourcePackageValidationTest" />
    </UnitTest>
    <UnitTest name="RemovePendingPlatesFromCurrent_ShouldNotRunToCompletion_WhenDelayIsNonZero" storage="d:\actions-runner\_work\xpco\xpco\lpr\components\analytics\videoos.lpr.server.tests\bin\x64\debug\videoos.lpr.server.tests.dll" id="6b904dc6-759f-e6cc-14f9-606292884672">
      <Execution id="a76f3d74-c090-40bd-8401-48d9e0f222c9" />
      <TestMethod codeBase="D:\actions-runner\_work\XPCO\XPCO\LPR\Components\Analytics\VideoOS.LPR.Server.Tests\bin\x64\Debug\VideoOS.LPR.Server.Tests.dll" adapterTypeName="executor://mstestadapter/v2" className="VideoOS.LPR.Server.Tests.VideoSources.Engine.RecognitionResultPrunerTests" name="RemovePendingPlatesFromCurrent_ShouldNotRunToCompletion_WhenDelayIsNonZero" />
    </UnitTest>
    <UnitTest name="GetAndClearReturRecognitionData_ShouldGetRecognitionData_AfterProcessReturnsRecognitionData (False)" storage="d:\actions-runner\_work\xpco\xpco\lpr\components\analytics\videoos.lpr.server.tests\bin\x64\debug\videoos.lpr.server.tests.dll" id="2bf57c15-0c85-7e47-f669-51cea5180a9e">
      <Execution id="fb5ee91b-d8a9-4edb-948e-dc4d4df1c41c" />
      <TestMethod codeBase="D:\actions-runner\_work\XPCO\XPCO\LPR\Components\Analytics\VideoOS.LPR.Server.Tests\bin\x64\Debug\VideoOS.LPR.Server.Tests.dll" adapterTypeName="executor://mstestadapter/v2" className="VideoOS.LPR.Server.Tests.VideoSources.Engine.EngineProcessTests" name="GetAndClearReturRecognitionData_ShouldGetRecognitionData_AfterProcessReturnsRecognitionData" />
    </UnitTest>
    <UnitTest name="RemovePendingPlatesFromCurrent_ShouldRunToCompletion_AfterDelayElapses" storage="d:\actions-runner\_work\xpco\xpco\lpr\components\analytics\videoos.lpr.server.tests\bin\x64\debug\videoos.lpr.server.tests.dll" id="e1fcd776-c057-e92b-21fd-f234e85b7465">
      <Execution id="0a6710c6-61a4-4d6a-9534-cf4c8b7c79d7" />
      <TestMethod codeBase="D:\actions-runner\_work\XPCO\XPCO\LPR\Components\Analytics\VideoOS.LPR.Server.Tests\bin\x64\Debug\VideoOS.LPR.Server.Tests.dll" adapterTypeName="executor://mstestadapter/v2" className="VideoOS.LPR.Server.Tests.VideoSources.Engine.RecognitionResultPrunerTests" name="RemovePendingPlatesFromCurrent_ShouldRunToCompletion_AfterDelayElapses" />
    </UnitTest>
    <UnitTest name="GetAllCountryCodes_ShouldReturnCountryCode_WhenModuleNameContainsNumber" storage="d:\actions-runner\_work\xpco\xpco\lpr\components\analytics\videoos.lpr.server.tests\bin\x64\debug\videoos.lpr.server.tests.dll" id="e3210b3c-93b3-4aa3-9de4-3dc856781156">
      <Execution id="59abdd03-f7f4-48c1-b7c8-acf1f436b69a" />
      <TestMethod codeBase="D:\actions-runner\_work\XPCO\XPCO\LPR\Components\Analytics\VideoOS.LPR.Server.Tests\bin\x64\Debug\VideoOS.LPR.Server.Tests.dll" adapterTypeName="executor://mstestadapter/v2" className="VideoOS.LPR.Server.Tests.VideoSources.Engine.EngineInfoTests" name="GetAllCountryCodes_ShouldReturnCountryCode_WhenModuleNameContainsNumber" />
    </UnitTest>
    <UnitTest name="OemResources_ShouldHaveAll_LPRServer_Test (Milestone)" storage="d:\actions-runner\_work\xpco\xpco\lpr\components\analytics\videoos.lpr.server.tests\bin\x64\debug\videoos.lpr.server.tests.dll" id="922000a3-586b-9dd7-e3a8-e419dd14f52e">
      <Execution id="662e521e-021e-4475-99cd-b28c35ae9ea8" />
      <TestMethod codeBase="D:\actions-runner\_work\XPCO\XPCO\LPR\Components\Analytics\VideoOS.LPR.Server.Tests\bin\x64\Debug\VideoOS.LPR.Server.Tests.dll" adapterTypeName="executor://mstestadapter/v2" className="VideoOS.LPR.Server.Tests.Oem.OemResourcesUnitTest" name="OemResources_ShouldHaveAll_LPRServer_Test" />
    </UnitTest>
    <UnitTest name="GetStatus_ShouldHaveRecognitionData_AfterProcessReturnsRecognitionData (True)" storage="d:\actions-runner\_work\xpco\xpco\lpr\components\analytics\videoos.lpr.server.tests\bin\x64\debug\videoos.lpr.server.tests.dll" id="16241aeb-efa1-6f80-5446-01988b85826f">
      <Execution id="610814f5-69dc-4ae4-a752-625e02cbc93b" />
      <TestMethod codeBase="D:\actions-runner\_work\XPCO\XPCO\LPR\Components\Analytics\VideoOS.LPR.Server.Tests\bin\x64\Debug\VideoOS.LPR.Server.Tests.dll" adapterTypeName="executor://mstestadapter/v2" className="VideoOS.LPR.Server.Tests.VideoSources.Engine.EngineProcessTests" name="GetStatus_ShouldHaveRecognitionData_AfterProcessReturnsRecognitionData" />
    </UnitTest>
    <UnitTest name="Init_ShouldReturnOk_WhenParametersAreValid (False)" storage="d:\actions-runner\_work\xpco\xpco\lpr\components\analytics\videoos.lpr.server.tests\bin\x64\debug\videoos.lpr.server.tests.dll" id="3d7f6adb-0b10-f174-f436-1e2db64666e3">
      <Execution id="79a113f2-54f9-4f25-98ac-21fcb3d92f09" />
      <TestMethod codeBase="D:\actions-runner\_work\XPCO\XPCO\LPR\Components\Analytics\VideoOS.LPR.Server.Tests\bin\x64\Debug\VideoOS.LPR.Server.Tests.dll" adapterTypeName="executor://mstestadapter/v2" className="VideoOS.LPR.Server.Tests.VideoSources.Engine.EngineProcessTests" name="Init_ShouldReturnOk_WhenParametersAreValid" />
    </UnitTest>
    <UnitTest name="RemovePastPlatesFromCurrent_ShouldRemovePlate_WhenCalledWithSecondPartialPlate_AfterFirstRecognitionTimeExpires" storage="d:\actions-runner\_work\xpco\xpco\lpr\components\analytics\videoos.lpr.server.tests\bin\x64\debug\videoos.lpr.server.tests.dll" id="7221871a-aa14-c301-e30e-62c2710822ff">
      <Execution id="0e49bfe4-ee82-459c-b89b-04ea0e93dde8" />
      <TestMethod codeBase="D:\actions-runner\_work\XPCO\XPCO\LPR\Components\Analytics\VideoOS.LPR.Server.Tests\bin\x64\Debug\VideoOS.LPR.Server.Tests.dll" adapterTypeName="executor://mstestadapter/v2" className="VideoOS.LPR.Server.Tests.VideoSources.Engine.RecognitionResultPrunerTests" name="RemovePastPlatesFromCurrent_ShouldRemovePlate_WhenCalledWithSecondPartialPlate_AfterFirstRecognitionTimeExpires" />
    </UnitTest>
    <UnitTest name="GetAllCountryCodes_ShouldReturnTwoCountryCodes_WhenModulesHaveDifferentCountryCodes" storage="d:\actions-runner\_work\xpco\xpco\lpr\components\analytics\videoos.lpr.server.tests\bin\x64\debug\videoos.lpr.server.tests.dll" id="2138506f-514a-3267-c083-1dacf07ca210">
      <Execution id="b7d1a6d1-3ce7-403e-ad7c-bfeaf7ee742a" />
      <TestMethod codeBase="D:\actions-runner\_work\XPCO\XPCO\LPR\Components\Analytics\VideoOS.LPR.Server.Tests\bin\x64\Debug\VideoOS.LPR.Server.Tests.dll" adapterTypeName="executor://mstestadapter/v2" className="VideoOS.LPR.Server.Tests.VideoSources.Engine.EngineInfoTests" name="GetAllCountryCodes_ShouldReturnTwoCountryCodes_WhenModulesHaveDifferentCountryCodes" />
    </UnitTest>
    <UnitTest name="RemovePendingPlatesFromCurrent_RemoveCorrectPlate_WhenFirstDelayIsNotElapsed (AB123,XY123,,,False,False)" storage="d:\actions-runner\_work\xpco\xpco\lpr\components\analytics\videoos.lpr.server.tests\bin\x64\debug\videoos.lpr.server.tests.dll" id="ee6505e8-2b86-efad-d8e1-98335f9fe0db">
      <Execution id="df1d4ed4-50b7-46e1-979a-14b61e735908" />
      <TestMethod codeBase="D:\actions-runner\_work\XPCO\XPCO\LPR\Components\Analytics\VideoOS.LPR.Server.Tests\bin\x64\Debug\VideoOS.LPR.Server.Tests.dll" adapterTypeName="executor://mstestadapter/v2" className="VideoOS.LPR.Server.Tests.VideoSources.Engine.RecognitionResultPrunerTests" name="RemovePendingPlatesFromCurrent_RemoveCorrectPlate_WhenFirstDelayIsNotElapsed" />
    </UnitTest>
    <UnitTest name="RemovePastPlatesFromCurrent_ShouldDoNothing_WhenCalledFirstTime" storage="d:\actions-runner\_work\xpco\xpco\lpr\components\analytics\videoos.lpr.server.tests\bin\x64\debug\videoos.lpr.server.tests.dll" id="0e5db2b9-202b-4f14-eeda-f7692dbbe044">
      <Execution id="d57f82a2-d7fb-42b5-9419-e8eeaecd367c" />
      <TestMethod codeBase="D:\actions-runner\_work\XPCO\XPCO\LPR\Components\Analytics\VideoOS.LPR.Server.Tests\bin\x64\Debug\VideoOS.LPR.Server.Tests.dll" adapterTypeName="executor://mstestadapter/v2" className="VideoOS.LPR.Server.Tests.VideoSources.Engine.RecognitionResultPrunerTests" name="RemovePastPlatesFromCurrent_ShouldDoNothing_WhenCalledFirstTime" />
    </UnitTest>
    <UnitTest name="GetStatus_ShouldNotHaveRecognitionData_Initially (True)" storage="d:\actions-runner\_work\xpco\xpco\lpr\components\analytics\videoos.lpr.server.tests\bin\x64\debug\videoos.lpr.server.tests.dll" id="c1030b7a-37fa-17d8-a15e-8a4b9df371ce">
      <Execution id="7a1d40fd-c4c9-4f52-bbeb-1a5b508d5f83" />
      <TestMethod codeBase="D:\actions-runner\_work\XPCO\XPCO\LPR\Components\Analytics\VideoOS.LPR.Server.Tests\bin\x64\Debug\VideoOS.LPR.Server.Tests.dll" adapterTypeName="executor://mstestadapter/v2" className="VideoOS.LPR.Server.Tests.VideoSources.Engine.EngineProcessTests" name="GetStatus_ShouldNotHaveRecognitionData_Initially" />
    </UnitTest>
    <UnitTest name="GetStatus_ShouldHaveRecognitionData_AfterProcessReturnsRecognitionData (False)" storage="d:\actions-runner\_work\xpco\xpco\lpr\components\analytics\videoos.lpr.server.tests\bin\x64\debug\videoos.lpr.server.tests.dll" id="7198d556-e383-4b57-4c1b-3303d168e94b">
      <Execution id="70190043-fbca-4475-9eb0-376a662fb587" />
      <TestMethod codeBase="D:\actions-runner\_work\XPCO\XPCO\LPR\Components\Analytics\VideoOS.LPR.Server.Tests\bin\x64\Debug\VideoOS.LPR.Server.Tests.dll" adapterTypeName="executor://mstestadapter/v2" className="VideoOS.LPR.Server.Tests.VideoSources.Engine.EngineProcessTests" name="GetStatus_ShouldHaveRecognitionData_AfterProcessReturnsRecognitionData" />
    </UnitTest>
    <UnitTest name="Init_ShouldReturnOk_WhenParametersAreValid (True)" storage="d:\actions-runner\_work\xpco\xpco\lpr\components\analytics\videoos.lpr.server.tests\bin\x64\debug\videoos.lpr.server.tests.dll" id="368fa9c6-1073-fd50-eb1d-b7d86c32c005">
      <Execution id="0ea60c2e-113a-4a41-b095-be6cfa4c1df5" />
      <TestMethod codeBase="D:\actions-runner\_work\XPCO\XPCO\LPR\Components\Analytics\VideoOS.LPR.Server.Tests\bin\x64\Debug\VideoOS.LPR.Server.Tests.dll" adapterTypeName="executor://mstestadapter/v2" className="VideoOS.LPR.Server.Tests.VideoSources.Engine.EngineProcessTests" name="Init_ShouldReturnOk_WhenParametersAreValid" />
    </UnitTest>
  </TestDefinitions>
  <TestEntries>
    <TestEntry testId="5a9f82cc-c05a-935c-95bc-c7da71130be1" executionId="3629018a-543d-45cf-abd4-bd7dd1e637c0" testListId="8c84fa94-04c1-424b-9868-57a2d4851a1d" />
    <TestEntry testId="0e5db2b9-202b-4f14-eeda-f7692dbbe044" executionId="d57f82a2-d7fb-42b5-9419-e8eeaecd367c" testListId="8c84fa94-04c1-424b-9868-57a2d4851a1d" />
    <TestEntry testId="7b36356f-c72b-ac12-50dc-a3903bfb4126" executionId="8cfc8d9d-d2a7-4745-a0f4-8ca95fc3eade" testListId="8c84fa94-04c1-424b-9868-57a2d4851a1d" />
    <TestEntry testId="14c56d87-546c-a482-ce40-a835653021ae" executionId="6b859ed6-710f-4f46-8e0b-8e8f0ca62161" testListId="8c84fa94-04c1-424b-9868-57a2d4851a1d" />
    <TestEntry testId="1433c747-49e6-0b50-9bec-6413a1fa0565" executionId="c40f5a92-4068-4666-8c50-ee813a9722d9" testListId="8c84fa94-04c1-424b-9868-57a2d4851a1d" />
    <TestEntry testId="6d68d37e-5182-fe23-d224-37e9fc627f38" executionId="d9024a54-dd19-46c2-82b6-7d173ec836e9" testListId="8c84fa94-04c1-424b-9868-57a2d4851a1d" />
    <TestEntry testId="6b904dc6-759f-e6cc-14f9-606292884672" executionId="a76f3d74-c090-40bd-8401-48d9e0f222c9" testListId="8c84fa94-04c1-424b-9868-57a2d4851a1d" />
    <TestEntry testId="5a778e5a-a6c0-63d0-8526-fb395413ad56" executionId="cdbe78fe-ab06-473f-b3ec-e5aff540f98d" testListId="8c84fa94-04c1-424b-9868-57a2d4851a1d" />
    <TestEntry testId="9c5d4f82-657d-2c94-1ea3-ffc86c17f26f" executionId="190ef3e1-f7a2-4bc1-9dc8-8639bf7d1340" testListId="8c84fa94-04c1-424b-9868-57a2d4851a1d" />
    <TestEntry testId="e49ad6e5-c76d-f1fa-4985-4f28fb5656be" executionId="4a352d5f-66a8-4ad7-8724-b07fc181c1b8" testListId="8c84fa94-04c1-424b-9868-57a2d4851a1d" />
    <TestEntry testId="3d562ae9-ca02-f16c-331e-d37033998430" executionId="20689629-706a-437d-9690-72ef2a0859a3" testListId="8c84fa94-04c1-424b-9868-57a2d4851a1d" />
    <TestEntry testId="922000a3-586b-9dd7-e3a8-e419dd14f52e" executionId="662e521e-021e-4475-99cd-b28c35ae9ea8" testListId="8c84fa94-04c1-424b-9868-57a2d4851a1d" />
    <TestEntry testId="18de6444-686e-9b74-50fb-24815bab8a2a" executionId="1dde283c-d5f1-412c-af88-9fa1c18b6d17" testListId="8c84fa94-04c1-424b-9868-57a2d4851a1d" />
    <TestEntry testId="111595ae-1957-52c7-6f65-0d53fe233bcf" executionId="20e4b331-0382-4b8a-86ef-7f6a1b652d38" testListId="8c84fa94-04c1-424b-9868-57a2d4851a1d" />
    <TestEntry testId="e1fcd776-c057-e92b-21fd-f234e85b7465" executionId="0a6710c6-61a4-4d6a-9534-cf4c8b7c79d7" testListId="8c84fa94-04c1-424b-9868-57a2d4851a1d" />
    <TestEntry testId="76279847-d44f-b1b1-8f42-9bcb7a08abb5" executionId="52ce56b5-3bc2-4fec-a3b2-235decbe4c42" testListId="8c84fa94-04c1-424b-9868-57a2d4851a1d" />
    <TestEntry testId="72d5b857-2ee2-2958-5160-f74ebcaee252" executionId="64ab28d1-0d7d-4448-a69f-285df5162264" testListId="8c84fa94-04c1-424b-9868-57a2d4851a1d" />
    <TestEntry testId="29388fd4-e6ce-20d1-060c-84ce3103e546" executionId="0198917c-85b7-48a1-9c7b-e1893b00ff64" testListId="8c84fa94-04c1-424b-9868-57a2d4851a1d" />
    <TestEntry testId="8d0b6841-1bf2-97dd-4a12-fbf2b9518209" executionId="af0f679b-7bca-4447-9042-27bd8c575df8" testListId="8c84fa94-04c1-424b-9868-57a2d4851a1d" />
    <TestEntry testId="c046b018-8f0c-bf36-4ff3-6e5b3af0fc4b" executionId="c26e1724-2e3e-4c90-8820-2469a568dcbe" testListId="8c84fa94-04c1-424b-9868-57a2d4851a1d" />
    <TestEntry testId="368fa9c6-1073-fd50-eb1d-b7d86c32c005" executionId="0ea60c2e-113a-4a41-b095-be6cfa4c1df5" testListId="8c84fa94-04c1-424b-9868-57a2d4851a1d" />
    <TestEntry testId="fd8fef17-158c-ee86-20cc-203fd3b75d69" executionId="755f8397-4724-4ec3-a02d-b973683eb9b0" testListId="8c84fa94-04c1-424b-9868-57a2d4851a1d" />
    <TestEntry testId="28fd640a-f185-ba62-e67a-4e8c2f8f1f86" executionId="16581847-984c-420f-84e5-9993bf418d19" testListId="8c84fa94-04c1-424b-9868-57a2d4851a1d" />
    <TestEntry testId="2bf57c15-0c85-7e47-f669-51cea5180a9e" executionId="fb5ee91b-d8a9-4edb-948e-dc4d4df1c41c" testListId="8c84fa94-04c1-424b-9868-57a2d4851a1d" />
    <TestEntry testId="f05547ed-d334-9b11-66b3-35c6c5e206c7" executionId="219aafce-7c93-4afd-83c9-0312acd52e11" testListId="8c84fa94-04c1-424b-9868-57a2d4851a1d" />
    <TestEntry testId="bbcd3274-a3f7-5240-5894-3835548aa70a" executionId="c29e5359-d2a3-4953-85c7-d51f2b43df2d" testListId="8c84fa94-04c1-424b-9868-57a2d4851a1d" />
    <TestEntry testId="e3210b3c-93b3-4aa3-9de4-3dc856781156" executionId="59abdd03-f7f4-48c1-b7c8-acf1f436b69a" testListId="8c84fa94-04c1-424b-9868-57a2d4851a1d" />
    <TestEntry testId="7198d556-e383-4b57-4c1b-3303d168e94b" executionId="70190043-fbca-4475-9eb0-376a662fb587" testListId="8c84fa94-04c1-424b-9868-57a2d4851a1d" />
    <TestEntry testId="7221871a-aa14-c301-e30e-62c2710822ff" executionId="0e49bfe4-ee82-459c-b89b-04ea0e93dde8" testListId="8c84fa94-04c1-424b-9868-57a2d4851a1d" />
    <TestEntry testId="92f94d32-b9e5-da3f-cebf-617801ce4a93" executionId="51805dac-67dc-46a3-b0ee-5ab1cdf4c5e0" testListId="8c84fa94-04c1-424b-9868-57a2d4851a1d" />
    <TestEntry testId="c02e9a20-6684-1321-7ed5-a7d72359cb3f" executionId="d269ec26-71b9-43f9-9d7a-0c3ecb2e31db" testListId="8c84fa94-04c1-424b-9868-57a2d4851a1d" />
    <TestEntry testId="38bd6c1b-4bd1-a65c-7e6d-562513f24f4f" executionId="0037eecb-c0f4-4cbe-9506-68d8a0a897b0" testListId="8c84fa94-04c1-424b-9868-57a2d4851a1d" />
    <TestEntry testId="ee6505e8-2b86-efad-d8e1-98335f9fe0db" executionId="df1d4ed4-50b7-46e1-979a-14b61e735908" testListId="8c84fa94-04c1-424b-9868-57a2d4851a1d" />
    <TestEntry testId="c63388c1-97a6-8db4-95cd-bf2fdee8571f" executionId="7dd038b1-d2e0-4039-af52-eb6827497d4d" testListId="8c84fa94-04c1-424b-9868-57a2d4851a1d" />
    <TestEntry testId="16241aeb-efa1-6f80-5446-01988b85826f" executionId="610814f5-69dc-4ae4-a752-625e02cbc93b" testListId="8c84fa94-04c1-424b-9868-57a2d4851a1d" />
    <TestEntry testId="2138506f-514a-3267-c083-1dacf07ca210" executionId="b7d1a6d1-3ce7-403e-ad7c-bfeaf7ee742a" testListId="8c84fa94-04c1-424b-9868-57a2d4851a1d" />
    <TestEntry testId="3d7f6adb-0b10-f174-f436-1e2db64666e3" executionId="79a113f2-54f9-4f25-98ac-21fcb3d92f09" testListId="8c84fa94-04c1-424b-9868-57a2d4851a1d" />
    <TestEntry testId="5b65ee90-890f-f759-c390-af97d537b57a" executionId="8b70113e-a6e9-4a24-afc8-fbf6b7b8d47b" testListId="8c84fa94-04c1-424b-9868-57a2d4851a1d" />
    <TestEntry testId="d7f57f80-c51d-2801-c8d6-b3223a136ece" executionId="cf208b60-ee27-458c-98f0-41e234c82a1f" testListId="8c84fa94-04c1-424b-9868-57a2d4851a1d" />
    <TestEntry testId="9e502e87-2099-ff51-a81d-b2e47ef15cbf" executionId="ad115a20-5a8f-4392-864e-2baf4e3b9bb4" testListId="8c84fa94-04c1-424b-9868-57a2d4851a1d" />
    <TestEntry testId="dbdbb0b0-b053-272a-8570-b7cce56e700a" executionId="4b36fc75-d147-4760-b198-ced34f502798" testListId="8c84fa94-04c1-424b-9868-57a2d4851a1d" />
    <TestEntry testId="378bffa7-cb5f-1f60-c7ff-bd068af1b570" executionId="0eb762ec-15da-43cb-bb41-e2e6ab2ba965" testListId="8c84fa94-04c1-424b-9868-57a2d4851a1d" />
    <TestEntry testId="5d2207ee-22a0-274a-b7d7-e711956ba357" executionId="d7a717e5-3776-401a-99cc-c91572a19a73" testListId="8c84fa94-04c1-424b-9868-57a2d4851a1d" />
    <TestEntry testId="e6a25588-e185-9a6c-f94c-a973b70703e3" executionId="cc93df0a-caeb-4ffc-9b81-b4893810008f" testListId="8c84fa94-04c1-424b-9868-57a2d4851a1d" />
    <TestEntry testId="7f2c426f-4586-45cf-45ea-acad6ef3590b" executionId="78944730-3783-4d79-93f3-0403c30d6fdf" testListId="8c84fa94-04c1-424b-9868-57a2d4851a1d" />
    <TestEntry testId="c1030b7a-37fa-17d8-a15e-8a4b9df371ce" executionId="7a1d40fd-c4c9-4f52-bbeb-1a5b508d5f83" testListId="8c84fa94-04c1-424b-9868-57a2d4851a1d" />
    <TestEntry testId="a1d57d56-77ac-84e3-53c3-38fe0ae4f549" executionId="623fbbf6-030b-4ff5-ad2e-aa78bab0b72a" testListId="8c84fa94-04c1-424b-9868-57a2d4851a1d" />
    <TestEntry testId="21d69429-3655-201a-372f-612816a68df2" executionId="03ccf228-4b11-457e-a829-a8a29bb769ca" testListId="8c84fa94-04c1-424b-9868-57a2d4851a1d" />
  </TestEntries>
  <TestLists>
    <TestList name="Results Not in a List" id="8c84fa94-04c1-424b-9868-57a2d4851a1d" />
    <TestList name="All Loaded Results" id="19431567-8539-422a-85d7-44ee4e166bda" />
  </TestLists>
  <ResultSummary outcome="Completed">
    <Counters total="48" executed="48" passed="48" failed="0" error="0" timeout="0" aborted="0" inconclusive="0" passedButRunAborted="0" notRunnable="0" notExecuted="0" disconnected="0" warning="0" completed="0" inProgress="0" pending="0" />
  </ResultSummary>
</TestRun>