<?xml version="1.0" encoding="utf-8"?>
<TestRun id="be6441de-57ea-475e-a2d7-9ee5efe0cae3" name="DKSR-EFI-06$@DKSR-EFI-06 2024-01-09 15:42:27" runUser="NT AUTHORITY\NETWORK SERVICE" xmlns="http://microsoft.com/schemas/VisualStudio/TeamTest/2010">
  <Times creation="2024-01-09T15:42:27.6695912+01:00" queuing="2024-01-09T15:42:27.6695912+01:00" start="2024-01-09T15:42:26.0289646+01:00" finish="2024-01-09T15:42:27.7320899+01:00" />
  <TestSettings name="default" id="b0686f04-a1b5-4e40-ab5e-2e06cde834c6">
    <Deployment runDeploymentRoot="DKSR-EFI-06$_DKSR-EFI-06_2024-01-09_15_42_27" />
  </TestSettings>
  <Results>
    <UnitTestResult executionId="6a99a5a4-3064-4137-883c-2a9586867ebc" testId="be6612d3-baa2-78fc-0d9a-35b6dc39e94e" testName="TestForAssemblyCoverage" computerName="DKSR-EFI-06" duration="00:00:00.0133504" startTime="2024-01-09T15:42:27.1539658+01:00" endTime="2024-01-09T15:42:27.2320889+01:00" testType="13cdc9d9-ddb5-4fa4-a97d-d965ccfc6d4b" outcome="Passed" testListId="8c84fa94-04c1-424b-9868-57a2d4851a1d" relativeResultsDirectory="6a99a5a4-3064-4137-883c-2a9586867ebc" />
  </Results>
  <TestDefinitions>
    <UnitTest name="TestForAssemblyCoverage" storage="d:\actions-runner\_work\xpco\xpco\corporate\videoos.server.service.traycontroller.unittests\bin\x64\debug\videoos.server.service.traycontroller.unittests.dll" id="be6612d3-baa2-78fc-0d9a-35b6dc39e94e">
      <Execution id="6a99a5a4-3064-4137-883c-2a9586867ebc" />
      <TestMethod codeBase="D:\actions-runner\_work\XPCO\XPCO\Corporate\VideoOS.Server.Service.TrayController.UnitTests\bin\x64\Debug\VideoOS.Server.Service.TrayController.UnitTests.dll" adapterTypeName="executor://mstestadapter/v2" className="VideoOS.Server.Service.TrayController.UnitTests.UnitTest1" name="TestForAssemblyCoverage" />
    </UnitTest>
  </TestDefinitions>
  <TestEntries>
    <TestEntry testId="be6612d3-baa2-78fc-0d9a-35b6dc39e94e" executionId="6a99a5a4-3064-4137-883c-2a9586867ebc" testListId="8c84fa94-04c1-424b-9868-57a2d4851a1d" />
  </TestEntries>
  <TestLists>
    <TestList name="Results Not in a List" id="8c84fa94-04c1-424b-9868-57a2d4851a1d" />
    <TestList name="All Loaded Results" id="19431567-8539-422a-85d7-44ee4e166bda" />
  </TestLists>
  <ResultSummary outcome="Completed">
    <Counters total="1" executed="1" passed="1" failed="0" error="0" timeout="0" aborted="0" inconclusive="0" passedButRunAborted="0" notRunnable="0" notExecuted="0" disconnected="0" warning="0" completed="0" inProgress="0" pending="0" />
  </ResultSummary>
</TestRun>