<?xml version="1.0" encoding="utf-8"?>
<TestRun id="18e1f68d-5ffc-4c70-b668-72013df95866" name="DKSR-EFI-06$@DKSR-EFI-06 2024-01-09 15:45:25" runUser="NT AUTHORITY\NETWORK SERVICE" xmlns="http://microsoft.com/schemas/VisualStudio/TeamTest/2010">
  <Times creation="2024-01-09T15:45:25.3419360+01:00" queuing="2024-01-09T15:45:25.3419360+01:00" start="2024-01-09T15:45:11.9825123+01:00" finish="2024-01-09T15:45:27.0762902+01:00" />
  <TestSettings name="default" id="02a66295-b706-4776-9156-d2584100681f">
    <Deployment runDeploymentRoot="DKSR-EFI-06$_DKSR-EFI-06_2024-01-09_15_45_25" />
  </TestSettings>
  <Results>
    <UnitTestResult executionId="f6f44167-370f-4c10-a220-adb3ef6ead97" testId="5ab193eb-a596-fb19-2bd6-0d950167f2c9" testName="LineIsTransactionStop_ShouldReturnFalse_WhenLineDoesNotContainStopPatternRegexAndMatchTypeIsWildcard" computerName="DKSR-EFI-06" duration="00:00:00.0002245" startTime="2024-01-09T15:45:25.8575386+01:00" endTime="2024-01-09T15:45:25.8575386+01:00" testType="13cdc9d9-ddb5-4fa4-a97d-d965ccfc6d4b" outcome="Passed" testListId="8c84fa94-04c1-424b-9868-57a2d4851a1d" relativeResultsDirectory="f6f44167-370f-4c10-a220-adb3ef6ead97" />
    <UnitTestResult executionId="7d1d0040-ff57-4edc-a3f6-7ebe920630db" testId="154eccc6-3150-8d4e-9a08-5db019f4c1fa" testName="TestConnectorPasswordProperty" computerName="DKSR-EFI-06" duration="00:00:00.0246088" startTime="2024-01-09T15:45:25.2169169+01:00" endTime="2024-01-09T15:45:25.2481671+01:00" testType="13cdc9d9-ddb5-4fa4-a97d-d965ccfc6d4b" outcome="Passed" testListId="8c84fa94-04c1-424b-9868-57a2d4851a1d" relativeResultsDirectory="7d1d0040-ff57-4edc-a3f6-7ebe920630db" />
    <UnitTestResult executionId="f5a54633-2bdc-4803-be69-19264332d5c8" testId="44c44ed5-af95-24f7-308a-ba6d21bac030" testName="LineIsTransactionStop_ShouldReturnFalseForAnyInput_WhenStopPatternIsEmpty" computerName="DKSR-EFI-06" duration="00:00:00.0002304" startTime="2024-01-09T15:45:25.8419145+01:00" endTime="2024-01-09T15:45:25.8419145+01:00" testType="13cdc9d9-ddb5-4fa4-a97d-d965ccfc6d4b" outcome="Passed" testListId="8c84fa94-04c1-424b-9868-57a2d4851a1d" relativeResultsDirectory="f5a54633-2bdc-4803-be69-19264332d5c8" />
    <UnitTestResult executionId="a3cc968c-78a7-42ab-ab7f-5722f845e20f" testId="f5e6e372-af05-9743-546d-3cff2121e04b" testName="LineIsTransactionStop_ShouldReturnFalse_WhenLineContainStopPatternWildcardAndMatchTypeIsRegex" computerName="DKSR-EFI-06" duration="00:00:00.0005004" startTime="2024-01-09T15:45:25.8731646+01:00" endTime="2024-01-09T15:45:25.8731646+01:00" testType="13cdc9d9-ddb5-4fa4-a97d-d965ccfc6d4b" outcome="Passed" testListId="8c84fa94-04c1-424b-9868-57a2d4851a1d" relativeResultsDirectory="a3cc968c-78a7-42ab-ab7f-5722f845e20f" />
    <UnitTestResult executionId="56f25324-2e88-459e-bf00-1d802e321c46" testId="2b0a828d-7797-76d1-4cf0-a4a67dcb6a2c" testName="LineIsTransactionStop_ShouldReturnFalse_WhenLineDoesNotContainStopPatternRegexAndMatchTypeIsRegex" computerName="DKSR-EFI-06" duration="00:00:00.0002176" startTime="2024-01-09T15:45:25.8731646+01:00" endTime="2024-01-09T15:45:25.8731646+01:00" testType="13cdc9d9-ddb5-4fa4-a97d-d965ccfc6d4b" outcome="Passed" testListId="8c84fa94-04c1-424b-9868-57a2d4851a1d" relativeResultsDirectory="56f25324-2e88-459e-bf00-1d802e321c46" />
    <UnitTestResult executionId="443d6ba4-68e0-4f27-abe2-29539ab402e8" testId="e7e74449-729a-1f67-9a0f-27d838f30f97" testName="ToString_ShouldWriteFilterTextAndActionWithNewLineSeperator_WhenActionIsOmit" computerName="DKSR-EFI-06" duration="00:00:00.0003248" startTime="2024-01-09T15:45:25.5762895+01:00" endTime="2024-01-09T15:45:25.5762895+01:00" testType="13cdc9d9-ddb5-4fa4-a97d-d965ccfc6d4b" outcome="Passed" testListId="8c84fa94-04c1-424b-9868-57a2d4851a1d" relativeResultsDirectory="443d6ba4-68e0-4f27-abe2-29539ab402e8" />
    <UnitTestResult executionId="fc6e5cd6-d2de-452c-8bf7-2f3286bbeb6e" testId="a5715060-4f9b-6790-94fb-3be72c840bca" testName="Constructor_ShouldThrowArgumentException_WhenStartPatternIsEmpty" computerName="DKSR-EFI-06" duration="00:00:00.0009033" startTime="2024-01-09T15:45:25.8262899+01:00" endTime="2024-01-09T15:45:25.8262899+01:00" testType="13cdc9d9-ddb5-4fa4-a97d-d965ccfc6d4b" outcome="Passed" testListId="8c84fa94-04c1-424b-9868-57a2d4851a1d" relativeResultsDirectory="fc6e5cd6-d2de-452c-8bf7-2f3286bbeb6e" />
    <UnitTestResult executionId="cf00aa3c-47d0-4ab2-900d-364a312eba6d" testId="82aefbee-ba42-5554-835e-e0e160373b1f" testName="ParsedFilterText_ShouldReturnFilterText_WhenFilterTextDoesNotContainEscapedControlCharacters" computerName="DKSR-EFI-06" duration="00:00:00.0703961" startTime="2024-01-09T15:45:25.5919140+01:00" endTime="2024-01-09T15:45:25.6544169+01:00" testType="13cdc9d9-ddb5-4fa4-a97d-d965ccfc6d4b" outcome="Passed" testListId="8c84fa94-04c1-424b-9868-57a2d4851a1d" relativeResultsDirectory="cf00aa3c-47d0-4ab2-900d-364a312eba6d" />
    <UnitTestResult executionId="392b9955-d223-4b8e-b144-da6d7437e331" testId="8eb82862-e4a7-92c6-4ef4-c80b82f5384f" testName="ToString_ShouldWriteFilterTextAndActionWithNewLineSeperator_WhenActionIsNewLine" computerName="DKSR-EFI-06" duration="00:00:00.0002684" startTime="2024-01-09T15:45:25.5762895+01:00" endTime="2024-01-09T15:45:25.5762895+01:00" testType="13cdc9d9-ddb5-4fa4-a97d-d965ccfc6d4b" outcome="Passed" testListId="8c84fa94-04c1-424b-9868-57a2d4851a1d" relativeResultsDirectory="392b9955-d223-4b8e-b144-da6d7437e331" />
    <UnitTestResult executionId="d6834822-141a-4dba-a9ab-fe8388564859" testId="b020f86f-b6a7-3aff-9011-bf1e612c95a4" testName="ParsedFilterText_ShouldReturnNull_WhenFilterTextIsNull" computerName="DKSR-EFI-06" duration="00:00:00.0008798" startTime="2024-01-09T15:45:25.5919140+01:00" endTime="2024-01-09T15:45:25.5919140+01:00" testType="13cdc9d9-ddb5-4fa4-a97d-d965ccfc6d4b" outcome="Passed" testListId="8c84fa94-04c1-424b-9868-57a2d4851a1d" relativeResultsDirectory="d6834822-141a-4dba-a9ab-fe8388564859" />
    <UnitTestResult executionId="83a494cd-9300-4144-9119-a2c62b951a79" testId="5f880452-7aef-aff1-770f-a5f732a45473" testName="TestConnectorInvalidOptionProperty" computerName="DKSR-EFI-06" duration="00:00:00.1064059" startTime="2024-01-09T15:45:25.3731658+01:00" endTime="2024-01-09T15:45:25.4825394+01:00" testType="13cdc9d9-ddb5-4fa4-a97d-d965ccfc6d4b" outcome="Passed" testListId="8c84fa94-04c1-424b-9868-57a2d4851a1d" relativeResultsDirectory="83a494cd-9300-4144-9119-a2c62b951a79" />
    <UnitTestResult executionId="c5ab948e-57fc-4837-8657-c21abf846535" testId="c7313fa7-aa86-7e52-4600-8f96a655898f" testName="TestConnectorIntegerProperty" computerName="DKSR-EFI-06" duration="00:00:00.0056015" startTime="2024-01-09T15:45:25.2169169+01:00" endTime="2024-01-09T15:45:25.2169169+01:00" testType="13cdc9d9-ddb5-4fa4-a97d-d965ccfc6d4b" outcome="Passed" testListId="8c84fa94-04c1-424b-9868-57a2d4851a1d" relativeResultsDirectory="c5ab948e-57fc-4837-8657-c21abf846535" />
    <UnitTestResult executionId="dc043c4e-8b4a-4d03-a4c5-7fbab49825b7" testId="76cb4820-9a28-ddd6-15cb-f9be0f2e9b87" testName="LineIsTransactionStop_ShouldReturnFalse_WhenLineDoesNotContainStopPatternWildcardAndMatchTypeIsWildcard" computerName="DKSR-EFI-06" duration="00:00:00.0002452" startTime="2024-01-09T15:45:25.8575386+01:00" endTime="2024-01-09T15:45:25.8575386+01:00" testType="13cdc9d9-ddb5-4fa4-a97d-d965ccfc6d4b" outcome="Passed" testListId="8c84fa94-04c1-424b-9868-57a2d4851a1d" relativeResultsDirectory="dc043c4e-8b4a-4d03-a4c5-7fbab49825b7" />
    <UnitTestResult executionId="6276a0bf-d600-4cd1-b262-579288e12bc8" testId="8f831222-614d-ef4b-cffa-9f3cc2202009" testName="LineIsTransactionStop_ShouldReturnFalse_WhenLineContainStopPatternegexAndMatchTypeIsExact" computerName="DKSR-EFI-06" duration="00:00:00.0002351" startTime="2024-01-09T15:45:25.8575386+01:00" endTime="2024-01-09T15:45:25.8575386+01:00" testType="13cdc9d9-ddb5-4fa4-a97d-d965ccfc6d4b" outcome="Passed" testListId="8c84fa94-04c1-424b-9868-57a2d4851a1d" relativeResultsDirectory="6276a0bf-d600-4cd1-b262-579288e12bc8" />
    <UnitTestResult executionId="6702bbe1-1013-4dc3-a1e7-0a5c9fc15ba0" testId="d10084db-6a2c-5918-25f6-5056ae5d323d" testName="TestConnectorOptionProperty" computerName="DKSR-EFI-06" duration="00:00:00.0509582" startTime="2024-01-09T15:45:25.2481671+01:00" endTime="2024-01-09T15:45:25.3106651+01:00" testType="13cdc9d9-ddb5-4fa4-a97d-d965ccfc6d4b" outcome="Passed" testListId="8c84fa94-04c1-424b-9868-57a2d4851a1d" relativeResultsDirectory="6702bbe1-1013-4dc3-a1e7-0a5c9fc15ba0" />
    <UnitTestResult executionId="57ff0733-0d41-469f-8a28-6916060450a1" testId="9c8e4a8f-18e9-cf92-6249-8ee346ec90ba" testName="Constructor_ShouldThrowArgumentNullException_WhenStartPatternIsNull" computerName="DKSR-EFI-06" duration="00:00:00.0243636" startTime="2024-01-09T15:45:25.8106648+01:00" endTime="2024-01-09T15:45:25.8262899+01:00" testType="13cdc9d9-ddb5-4fa4-a97d-d965ccfc6d4b" outcome="Passed" testListId="8c84fa94-04c1-424b-9868-57a2d4851a1d" relativeResultsDirectory="57ff0733-0d41-469f-8a28-6916060450a1" />
    <UnitTestResult executionId="898b7ebe-31ee-46ff-9f16-0f0b44270747" testId="9de0c068-df39-f91c-49a4-8a133d690f9e" testName="TestConnectorBooleanProperty" computerName="DKSR-EFI-06" duration="00:00:00.9671490" startTime="2024-01-09T15:45:24.0137886+01:00" endTime="2024-01-09T15:45:25.1387878+01:00" testType="13cdc9d9-ddb5-4fa4-a97d-d965ccfc6d4b" outcome="Passed" testListId="8c84fa94-04c1-424b-9868-57a2d4851a1d" relativeResultsDirectory="898b7ebe-31ee-46ff-9f16-0f0b44270747" />
    <UnitTestResult executionId="65fe0a79-e39b-4982-99dd-b915e99f005a" testId="6f044a00-0a2f-bcb5-aab7-e500c8d66cca" testName="LineIsTransactionStop_ShouldReturnFalse_WhenLineDoesNotContainStopPatternAndMatchTypeIsExact" computerName="DKSR-EFI-06" duration="00:00:00.0007698" startTime="2024-01-09T15:45:25.8575386+01:00" endTime="2024-01-09T15:45:25.8575386+01:00" testType="13cdc9d9-ddb5-4fa4-a97d-d965ccfc6d4b" outcome="Passed" testListId="8c84fa94-04c1-424b-9868-57a2d4851a1d" relativeResultsDirectory="65fe0a79-e39b-4982-99dd-b915e99f005a" />
    <UnitTestResult executionId="fc211dbc-ccd2-485d-bd7c-5a1ba2c63eff" testId="75bf2728-493f-d710-05c1-3a9fcc5ab519" testName="ParsedFilterText_ShouldParseControlCharactersInFilterText_WhenFilterTextContainsEscapedControlCharactersAndNormalText" computerName="DKSR-EFI-06" duration="00:00:00.0002880" startTime="2024-01-09T15:45:25.7012897+01:00" endTime="2024-01-09T15:45:25.7012897+01:00" testType="13cdc9d9-ddb5-4fa4-a97d-d965ccfc6d4b" outcome="Passed" testListId="8c84fa94-04c1-424b-9868-57a2d4851a1d" relativeResultsDirectory="fc211dbc-ccd2-485d-bd7c-5a1ba2c63eff" />
    <UnitTestResult executionId="2e2acbce-d674-4e49-8128-ab4e292cd956" testId="94a99fda-4fd7-7b19-ed63-47eade84c984" testName="ParsedFilterText_ShouldParseControlCharactersInFilterText_WhenFilterTextOnlyContainsEscapedControlCharacters" computerName="DKSR-EFI-06" duration="00:00:00.0304406" startTime="2024-01-09T15:45:25.6700398+01:00" endTime="2024-01-09T15:45:25.7012897+01:00" testType="13cdc9d9-ddb5-4fa4-a97d-d965ccfc6d4b" outcome="Passed" testListId="8c84fa94-04c1-424b-9868-57a2d4851a1d" relativeResultsDirectory="2e2acbce-d674-4e49-8128-ab4e292cd956" />
    <UnitTestResult executionId="074150d5-dd56-4c17-8868-b98590463730" testId="d1d261a4-6ac5-f1b1-dfda-486591cab711" testName="LineIsTransactionStop_ShouldReturnFalseForAnyInput_WhenStopPatternIsNull" computerName="DKSR-EFI-06" duration="00:00:00.0013199" startTime="2024-01-09T15:45:25.8419145+01:00" endTime="2024-01-09T15:45:25.8419145+01:00" testType="13cdc9d9-ddb5-4fa4-a97d-d965ccfc6d4b" outcome="Passed" testListId="8c84fa94-04c1-424b-9868-57a2d4851a1d" relativeResultsDirectory="074150d5-dd56-4c17-8868-b98590463730" />
    <UnitTestResult executionId="88e2fab5-9ee4-4f1f-8822-7b33a9afff8a" testId="55fd7113-0c7c-fd97-3ab0-594166efb950" testName="Constructor_ShouldReadFilterTextAndActionAndSubstitutionWithNewLineSeperator_WhenActionIsSubstitution" computerName="DKSR-EFI-06" duration="00:00:00.0033547" startTime="2024-01-09T15:45:25.5762895+01:00" endTime="2024-01-09T15:45:25.5919140+01:00" testType="13cdc9d9-ddb5-4fa4-a97d-d965ccfc6d4b" outcome="Passed" testListId="8c84fa94-04c1-424b-9868-57a2d4851a1d" relativeResultsDirectory="88e2fab5-9ee4-4f1f-8822-7b33a9afff8a" />
    <UnitTestResult executionId="490ecc20-69ef-464e-8b2b-2e7d13799528" testId="4bc40911-02c7-a14c-f98e-3abfa0b51ee6" testName="LineIsTransactionStop_ShouldReturnTrue_WhenLineContainsStopPatternAndMatchTypeIsExact" computerName="DKSR-EFI-06" duration="00:00:00.0026704" startTime="2024-01-09T15:45:25.8419145+01:00" endTime="2024-01-09T15:45:25.8575386+01:00" testType="13cdc9d9-ddb5-4fa4-a97d-d965ccfc6d4b" outcome="Passed" testListId="8c84fa94-04c1-424b-9868-57a2d4851a1d" relativeResultsDirectory="490ecc20-69ef-464e-8b2b-2e7d13799528" />
    <UnitTestResult executionId="c23a50e0-d8cc-4ead-a8cb-0316894aa11a" testId="7eb3f2d6-c4be-d201-f4cf-134e1a7190e9" testName="LineIsTransactionStop_ShouldReturnTrue_WhenLineContainsStopPatternRegexAndMatchTypeIsRegex" computerName="DKSR-EFI-06" duration="00:00:00.0002410" startTime="2024-01-09T15:45:25.8731646+01:00" endTime="2024-01-09T15:45:25.8731646+01:00" testType="13cdc9d9-ddb5-4fa4-a97d-d965ccfc6d4b" outcome="Passed" testListId="8c84fa94-04c1-424b-9868-57a2d4851a1d" relativeResultsDirectory="c23a50e0-d8cc-4ead-a8cb-0316894aa11a" />
    <UnitTestResult executionId="9ec6b630-d8dc-4832-8284-0d2744cc5fbc" testId="adcaa93c-2349-8b9f-66c5-e52b40d3c795" testName="LineIsTransactionStop_ShouldReturnFalse_WhenLineContainStopPatternWildcardAndMatchTypeIsExact" computerName="DKSR-EFI-06" duration="00:00:00.0002140" startTime="2024-01-09T15:45:25.8575386+01:00" endTime="2024-01-09T15:45:25.8575386+01:00" testType="13cdc9d9-ddb5-4fa4-a97d-d965ccfc6d4b" outcome="Passed" testListId="8c84fa94-04c1-424b-9868-57a2d4851a1d" relativeResultsDirectory="9ec6b630-d8dc-4832-8284-0d2744cc5fbc" />
    <UnitTestResult executionId="076cc09f-ac48-4888-b103-5d34dc4f6d44" testId="c4f371de-6612-be3d-c18e-67dc1e12fddd" testName="LineIsTransactionStop_ShouldReturnTrue_WhenLineContainsStopPatternWildcardAndMatchTypeIsWildcard" computerName="DKSR-EFI-06" duration="00:00:00.0005311" startTime="2024-01-09T15:45:25.8575386+01:00" endTime="2024-01-09T15:45:25.8575386+01:00" testType="13cdc9d9-ddb5-4fa4-a97d-d965ccfc6d4b" outcome="Passed" testListId="8c84fa94-04c1-424b-9868-57a2d4851a1d" relativeResultsDirectory="076cc09f-ac48-4888-b103-5d34dc4f6d44" />
    <UnitTestResult executionId="f445ccf4-ab65-47d2-9d35-a53ed7bf9302" testId="f599128f-b34e-1dde-cae3-53d2303d76e5" testName="ToString_ShouldWriteFilterTextAndActionAndSubstitutionWithNewLineSeperator_WhenActionIsSubstitution" computerName="DKSR-EFI-06" duration="00:00:00.0771091" startTime="2024-01-09T15:45:25.4825394+01:00" endTime="2024-01-09T15:45:25.5606648+01:00" testType="13cdc9d9-ddb5-4fa4-a97d-d965ccfc6d4b" outcome="Passed" testListId="8c84fa94-04c1-424b-9868-57a2d4851a1d" relativeResultsDirectory="f445ccf4-ab65-47d2-9d35-a53ed7bf9302" />
    <UnitTestResult executionId="3bb42337-7293-4492-8bb0-905d86f234e1" testId="2b4c0050-f1f6-7ffb-04ff-8828c596f1a5" testName="LineIsTransactionStop_ShouldThrowArgumentNullException_WhenLineIsNull" computerName="DKSR-EFI-06" duration="00:00:00.0048138" startTime="2024-01-09T15:45:25.8419145+01:00" endTime="2024-01-09T15:45:25.8419145+01:00" testType="13cdc9d9-ddb5-4fa4-a97d-d965ccfc6d4b" outcome="Passed" testListId="8c84fa94-04c1-424b-9868-57a2d4851a1d" relativeResultsDirectory="3bb42337-7293-4492-8bb0-905d86f234e1" />
  </Results>
  <TestDefinitions>
    <UnitTest name="ParsedFilterText_ShouldParseControlCharactersInFilterText_WhenFilterTextContainsEscapedControlCharactersAndNormalText" storage="d:\actions-runner\_work\xpco\xpco\transact\transact\videoos.transact.common.unittests\bin\debug\videoos.transact.common.unittests.dll" id="75bf2728-493f-d710-05c1-3a9fcc5ab519">
      <Execution id="fc211dbc-ccd2-485d-bd7c-5a1ba2c63eff" />
      <TestMethod codeBase="D:\actions-runner\_work\XPCO\XPCO\Transact\Transact\VideoOS.Transact.Common.UnitTests\bin\Debug\VideoOS.Transact.Common.UnitTests.dll" adapterTypeName="executor://mstestadapter/v1" className="VideoOS.Transact.Common.UnitTests.Configuration.TransactFilterTests" name="ParsedFilterText_ShouldParseControlCharactersInFilterText_WhenFilterTextContainsEscapedControlCharactersAndNormalText" />
    </UnitTest>
    <UnitTest name="LineIsTransactionStop_ShouldReturnFalseForAnyInput_WhenStopPatternIsNull" storage="d:\actions-runner\_work\xpco\xpco\transact\transact\videoos.transact.common.unittests\bin\debug\videoos.transact.common.unittests.dll" id="d1d261a4-6ac5-f1b1-dfda-486591cab711">
      <Execution id="074150d5-dd56-4c17-8868-b98590463730" />
      <TestMethod codeBase="D:\actions-runner\_work\XPCO\XPCO\Transact\Transact\VideoOS.Transact.Common.UnitTests\bin\Debug\VideoOS.Transact.Common.UnitTests.dll" adapterTypeName="executor://mstestadapter/v1" className="VideoOS.Transact.Common.UnitTests.Configuration.TransactionDelimiterTests" name="LineIsTransactionStop_ShouldReturnFalseForAnyInput_WhenStopPatternIsNull" />
    </UnitTest>
    <UnitTest name="LineIsTransactionStop_ShouldReturnTrue_WhenLineContainsStopPatternWildcardAndMatchTypeIsWildcard" storage="d:\actions-runner\_work\xpco\xpco\transact\transact\videoos.transact.common.unittests\bin\debug\videoos.transact.common.unittests.dll" id="c4f371de-6612-be3d-c18e-67dc1e12fddd">
      <Execution id="076cc09f-ac48-4888-b103-5d34dc4f6d44" />
      <TestMethod codeBase="D:\actions-runner\_work\XPCO\XPCO\Transact\Transact\VideoOS.Transact.Common.UnitTests\bin\Debug\VideoOS.Transact.Common.UnitTests.dll" adapterTypeName="executor://mstestadapter/v1" className="VideoOS.Transact.Common.UnitTests.Configuration.TransactionDelimiterTests" name="LineIsTransactionStop_ShouldReturnTrue_WhenLineContainsStopPatternWildcardAndMatchTypeIsWildcard" />
    </UnitTest>
    <UnitTest name="LineIsTransactionStop_ShouldReturnFalse_WhenLineDoesNotContainStopPatternRegexAndMatchTypeIsWildcard" storage="d:\actions-runner\_work\xpco\xpco\transact\transact\videoos.transact.common.unittests\bin\debug\videoos.transact.common.unittests.dll" id="5ab193eb-a596-fb19-2bd6-0d950167f2c9">
      <Execution id="f6f44167-370f-4c10-a220-adb3ef6ead97" />
      <TestMethod codeBase="D:\actions-runner\_work\XPCO\XPCO\Transact\Transact\VideoOS.Transact.Common.UnitTests\bin\Debug\VideoOS.Transact.Common.UnitTests.dll" adapterTypeName="executor://mstestadapter/v1" className="VideoOS.Transact.Common.UnitTests.Configuration.TransactionDelimiterTests" name="LineIsTransactionStop_ShouldReturnFalse_WhenLineDoesNotContainStopPatternRegexAndMatchTypeIsWildcard" />
    </UnitTest>
    <UnitTest name="LineIsTransactionStop_ShouldReturnFalse_WhenLineDoesNotContainStopPatternWildcardAndMatchTypeIsWildcard" storage="d:\actions-runner\_work\xpco\xpco\transact\transact\videoos.transact.common.unittests\bin\debug\videoos.transact.common.unittests.dll" id="76cb4820-9a28-ddd6-15cb-f9be0f2e9b87">
      <Execution id="dc043c4e-8b4a-4d03-a4c5-7fbab49825b7" />
      <TestMethod codeBase="D:\actions-runner\_work\XPCO\XPCO\Transact\Transact\VideoOS.Transact.Common.UnitTests\bin\Debug\VideoOS.Transact.Common.UnitTests.dll" adapterTypeName="executor://mstestadapter/v1" className="VideoOS.Transact.Common.UnitTests.Configuration.TransactionDelimiterTests" name="LineIsTransactionStop_ShouldReturnFalse_WhenLineDoesNotContainStopPatternWildcardAndMatchTypeIsWildcard" />
    </UnitTest>
    <UnitTest name="ToString_ShouldWriteFilterTextAndActionWithNewLineSeperator_WhenActionIsNewLine" storage="d:\actions-runner\_work\xpco\xpco\transact\transact\videoos.transact.common.unittests\bin\debug\videoos.transact.common.unittests.dll" id="8eb82862-e4a7-92c6-4ef4-c80b82f5384f">
      <Execution id="392b9955-d223-4b8e-b144-da6d7437e331" />
      <TestMethod codeBase="D:\actions-runner\_work\XPCO\XPCO\Transact\Transact\VideoOS.Transact.Common.UnitTests\bin\Debug\VideoOS.Transact.Common.UnitTests.dll" adapterTypeName="executor://mstestadapter/v1" className="VideoOS.Transact.Common.UnitTests.Configuration.TransactFilterTests" name="ToString_ShouldWriteFilterTextAndActionWithNewLineSeperator_WhenActionIsNewLine" />
    </UnitTest>
    <UnitTest name="Constructor_ShouldReadFilterTextAndActionAndSubstitutionWithNewLineSeperator_WhenActionIsSubstitution" storage="d:\actions-runner\_work\xpco\xpco\transact\transact\videoos.transact.common.unittests\bin\debug\videoos.transact.common.unittests.dll" id="55fd7113-0c7c-fd97-3ab0-594166efb950">
      <Execution id="88e2fab5-9ee4-4f1f-8822-7b33a9afff8a" />
      <TestMethod codeBase="D:\actions-runner\_work\XPCO\XPCO\Transact\Transact\VideoOS.Transact.Common.UnitTests\bin\Debug\VideoOS.Transact.Common.UnitTests.dll" adapterTypeName="executor://mstestadapter/v1" className="VideoOS.Transact.Common.UnitTests.Configuration.TransactFilterTests" name="Constructor_ShouldReadFilterTextAndActionAndSubstitutionWithNewLineSeperator_WhenActionIsSubstitution" />
    </UnitTest>
    <UnitTest name="LineIsTransactionStop_ShouldReturnFalse_WhenLineDoesNotContainStopPatternAndMatchTypeIsExact" storage="d:\actions-runner\_work\xpco\xpco\transact\transact\videoos.transact.common.unittests\bin\debug\videoos.transact.common.unittests.dll" id="6f044a00-0a2f-bcb5-aab7-e500c8d66cca">
      <Execution id="65fe0a79-e39b-4982-99dd-b915e99f005a" />
      <TestMethod codeBase="D:\actions-runner\_work\XPCO\XPCO\Transact\Transact\VideoOS.Transact.Common.UnitTests\bin\Debug\VideoOS.Transact.Common.UnitTests.dll" adapterTypeName="executor://mstestadapter/v1" className="VideoOS.Transact.Common.UnitTests.Configuration.TransactionDelimiterTests" name="LineIsTransactionStop_ShouldReturnFalse_WhenLineDoesNotContainStopPatternAndMatchTypeIsExact" />
    </UnitTest>
    <UnitTest name="LineIsTransactionStop_ShouldReturnFalse_WhenLineContainStopPatternegexAndMatchTypeIsExact" storage="d:\actions-runner\_work\xpco\xpco\transact\transact\videoos.transact.common.unittests\bin\debug\videoos.transact.common.unittests.dll" id="8f831222-614d-ef4b-cffa-9f3cc2202009">
      <Execution id="6276a0bf-d600-4cd1-b262-579288e12bc8" />
      <TestMethod codeBase="D:\actions-runner\_work\XPCO\XPCO\Transact\Transact\VideoOS.Transact.Common.UnitTests\bin\Debug\VideoOS.Transact.Common.UnitTests.dll" adapterTypeName="executor://mstestadapter/v1" className="VideoOS.Transact.Common.UnitTests.Configuration.TransactionDelimiterTests" name="LineIsTransactionStop_ShouldReturnFalse_WhenLineContainStopPatternegexAndMatchTypeIsExact" />
    </UnitTest>
    <UnitTest name="TestConnectorIntegerProperty" storage="d:\actions-runner\_work\xpco\xpco\transact\transact\videoos.transact.common.unittests\bin\debug\videoos.transact.common.unittests.dll" id="c7313fa7-aa86-7e52-4600-8f96a655898f">
      <Execution id="c5ab948e-57fc-4837-8657-c21abf846535" />
      <TestMethod codeBase="D:\actions-runner\_work\XPCO\XPCO\Transact\Transact\VideoOS.Transact.Common.UnitTests\bin\Debug\VideoOS.Transact.Common.UnitTests.dll" adapterTypeName="executor://mstestadapter/v1" className="VideoOS.Transact.Common.UnitTests.Connector.Property.ConnectorPropertySerializationTest" name="TestConnectorIntegerProperty" />
    </UnitTest>
    <UnitTest name="TestConnectorPasswordProperty" storage="d:\actions-runner\_work\xpco\xpco\transact\transact\videoos.transact.common.unittests\bin\debug\videoos.transact.common.unittests.dll" id="154eccc6-3150-8d4e-9a08-5db019f4c1fa">
      <Execution id="7d1d0040-ff57-4edc-a3f6-7ebe920630db" />
      <TestMethod codeBase="D:\actions-runner\_work\XPCO\XPCO\Transact\Transact\VideoOS.Transact.Common.UnitTests\bin\Debug\VideoOS.Transact.Common.UnitTests.dll" adapterTypeName="executor://mstestadapter/v1" className="VideoOS.Transact.Common.UnitTests.Connector.Property.ConnectorPropertySerializationTest" name="TestConnectorPasswordProperty" />
    </UnitTest>
    <UnitTest name="ParsedFilterText_ShouldReturnFilterText_WhenFilterTextDoesNotContainEscapedControlCharacters" storage="d:\actions-runner\_work\xpco\xpco\transact\transact\videoos.transact.common.unittests\bin\debug\videoos.transact.common.unittests.dll" id="82aefbee-ba42-5554-835e-e0e160373b1f">
      <Execution id="cf00aa3c-47d0-4ab2-900d-364a312eba6d" />
      <TestMethod codeBase="D:\actions-runner\_work\XPCO\XPCO\Transact\Transact\VideoOS.Transact.Common.UnitTests\bin\Debug\VideoOS.Transact.Common.UnitTests.dll" adapterTypeName="executor://mstestadapter/v1" className="VideoOS.Transact.Common.UnitTests.Configuration.TransactFilterTests" name="ParsedFilterText_ShouldReturnFilterText_WhenFilterTextDoesNotContainEscapedControlCharacters" />
    </UnitTest>
    <UnitTest name="TestConnectorBooleanProperty" storage="d:\actions-runner\_work\xpco\xpco\transact\transact\videoos.transact.common.unittests\bin\debug\videoos.transact.common.unittests.dll" id="9de0c068-df39-f91c-49a4-8a133d690f9e">
      <Execution id="898b7ebe-31ee-46ff-9f16-0f0b44270747" />
      <TestMethod codeBase="D:\actions-runner\_work\XPCO\XPCO\Transact\Transact\VideoOS.Transact.Common.UnitTests\bin\Debug\VideoOS.Transact.Common.UnitTests.dll" adapterTypeName="executor://mstestadapter/v1" className="VideoOS.Transact.Common.UnitTests.Connector.Property.ConnectorPropertySerializationTest" name="TestConnectorBooleanProperty" />
    </UnitTest>
    <UnitTest name="LineIsTransactionStop_ShouldReturnFalse_WhenLineContainStopPatternWildcardAndMatchTypeIsRegex" storage="d:\actions-runner\_work\xpco\xpco\transact\transact\videoos.transact.common.unittests\bin\debug\videoos.transact.common.unittests.dll" id="f5e6e372-af05-9743-546d-3cff2121e04b">
      <Execution id="a3cc968c-78a7-42ab-ab7f-5722f845e20f" />
      <TestMethod codeBase="D:\actions-runner\_work\XPCO\XPCO\Transact\Transact\VideoOS.Transact.Common.UnitTests\bin\Debug\VideoOS.Transact.Common.UnitTests.dll" adapterTypeName="executor://mstestadapter/v1" className="VideoOS.Transact.Common.UnitTests.Configuration.TransactionDelimiterTests" name="LineIsTransactionStop_ShouldReturnFalse_WhenLineContainStopPatternWildcardAndMatchTypeIsRegex" />
    </UnitTest>
    <UnitTest name="Constructor_ShouldThrowArgumentException_WhenStartPatternIsEmpty" storage="d:\actions-runner\_work\xpco\xpco\transact\transact\videoos.transact.common.unittests\bin\debug\videoos.transact.common.unittests.dll" id="a5715060-4f9b-6790-94fb-3be72c840bca">
      <Execution id="fc6e5cd6-d2de-452c-8bf7-2f3286bbeb6e" />
      <TestMethod codeBase="D:\actions-runner\_work\XPCO\XPCO\Transact\Transact\VideoOS.Transact.Common.UnitTests\bin\Debug\VideoOS.Transact.Common.UnitTests.dll" adapterTypeName="executor://mstestadapter/v1" className="VideoOS.Transact.Common.UnitTests.Configuration.TransactionDelimiterTests" name="Constructor_ShouldThrowArgumentException_WhenStartPatternIsEmpty" />
    </UnitTest>
    <UnitTest name="ToString_ShouldWriteFilterTextAndActionWithNewLineSeperator_WhenActionIsOmit" storage="d:\actions-runner\_work\xpco\xpco\transact\transact\videoos.transact.common.unittests\bin\debug\videoos.transact.common.unittests.dll" id="e7e74449-729a-1f67-9a0f-27d838f30f97">
      <Execution id="443d6ba4-68e0-4f27-abe2-29539ab402e8" />
      <TestMethod codeBase="D:\actions-runner\_work\XPCO\XPCO\Transact\Transact\VideoOS.Transact.Common.UnitTests\bin\Debug\VideoOS.Transact.Common.UnitTests.dll" adapterTypeName="executor://mstestadapter/v1" className="VideoOS.Transact.Common.UnitTests.Configuration.TransactFilterTests" name="ToString_ShouldWriteFilterTextAndActionWithNewLineSeperator_WhenActionIsOmit" />
    </UnitTest>
    <UnitTest name="ParsedFilterText_ShouldParseControlCharactersInFilterText_WhenFilterTextOnlyContainsEscapedControlCharacters" storage="d:\actions-runner\_work\xpco\xpco\transact\transact\videoos.transact.common.unittests\bin\debug\videoos.transact.common.unittests.dll" id="94a99fda-4fd7-7b19-ed63-47eade84c984">
      <Execution id="2e2acbce-d674-4e49-8128-ab4e292cd956" />
      <TestMethod codeBase="D:\actions-runner\_work\XPCO\XPCO\Transact\Transact\VideoOS.Transact.Common.UnitTests\bin\Debug\VideoOS.Transact.Common.UnitTests.dll" adapterTypeName="executor://mstestadapter/v1" className="VideoOS.Transact.Common.UnitTests.Configuration.TransactFilterTests" name="ParsedFilterText_ShouldParseControlCharactersInFilterText_WhenFilterTextOnlyContainsEscapedControlCharacters" />
    </UnitTest>
    <UnitTest name="LineIsTransactionStop_ShouldThrowArgumentNullException_WhenLineIsNull" storage="d:\actions-runner\_work\xpco\xpco\transact\transact\videoos.transact.common.unittests\bin\debug\videoos.transact.common.unittests.dll" id="2b4c0050-f1f6-7ffb-04ff-8828c596f1a5">
      <Execution id="3bb42337-7293-4492-8bb0-905d86f234e1" />
      <TestMethod codeBase="D:\actions-runner\_work\XPCO\XPCO\Transact\Transact\VideoOS.Transact.Common.UnitTests\bin\Debug\VideoOS.Transact.Common.UnitTests.dll" adapterTypeName="executor://mstestadapter/v1" className="VideoOS.Transact.Common.UnitTests.Configuration.TransactionDelimiterTests" name="LineIsTransactionStop_ShouldThrowArgumentNullException_WhenLineIsNull" />
    </UnitTest>
    <UnitTest name="TestConnectorInvalidOptionProperty" storage="d:\actions-runner\_work\xpco\xpco\transact\transact\videoos.transact.common.unittests\bin\debug\videoos.transact.common.unittests.dll" id="5f880452-7aef-aff1-770f-a5f732a45473">
      <Execution id="83a494cd-9300-4144-9119-a2c62b951a79" />
      <TestMethod codeBase="D:\actions-runner\_work\XPCO\XPCO\Transact\Transact\VideoOS.Transact.Common.UnitTests\bin\Debug\VideoOS.Transact.Common.UnitTests.dll" adapterTypeName="executor://mstestadapter/v1" className="VideoOS.Transact.Common.UnitTests.Connector.Property.ConnectorPropertySerializationTest" name="TestConnectorInvalidOptionProperty" />
    </UnitTest>
    <UnitTest name="Constructor_ShouldThrowArgumentNullException_WhenStartPatternIsNull" storage="d:\actions-runner\_work\xpco\xpco\transact\transact\videoos.transact.common.unittests\bin\debug\videoos.transact.common.unittests.dll" id="9c8e4a8f-18e9-cf92-6249-8ee346ec90ba">
      <Execution id="57ff0733-0d41-469f-8a28-6916060450a1" />
      <TestMethod codeBase="D:\actions-runner\_work\XPCO\XPCO\Transact\Transact\VideoOS.Transact.Common.UnitTests\bin\Debug\VideoOS.Transact.Common.UnitTests.dll" adapterTypeName="executor://mstestadapter/v1" className="VideoOS.Transact.Common.UnitTests.Configuration.TransactionDelimiterTests" name="Constructor_ShouldThrowArgumentNullException_WhenStartPatternIsNull" />
    </UnitTest>
    <UnitTest name="LineIsTransactionStop_ShouldReturnTrue_WhenLineContainsStopPatternRegexAndMatchTypeIsRegex" storage="d:\actions-runner\_work\xpco\xpco\transact\transact\videoos.transact.common.unittests\bin\debug\videoos.transact.common.unittests.dll" id="7eb3f2d6-c4be-d201-f4cf-134e1a7190e9">
      <Execution id="c23a50e0-d8cc-4ead-a8cb-0316894aa11a" />
      <TestMethod codeBase="D:\actions-runner\_work\XPCO\XPCO\Transact\Transact\VideoOS.Transact.Common.UnitTests\bin\Debug\VideoOS.Transact.Common.UnitTests.dll" adapterTypeName="executor://mstestadapter/v1" className="VideoOS.Transact.Common.UnitTests.Configuration.TransactionDelimiterTests" name="LineIsTransactionStop_ShouldReturnTrue_WhenLineContainsStopPatternRegexAndMatchTypeIsRegex" />
    </UnitTest>
    <UnitTest name="LineIsTransactionStop_ShouldReturnFalseForAnyInput_WhenStopPatternIsEmpty" storage="d:\actions-runner\_work\xpco\xpco\transact\transact\videoos.transact.common.unittests\bin\debug\videoos.transact.common.unittests.dll" id="44c44ed5-af95-24f7-308a-ba6d21bac030">
      <Execution id="f5a54633-2bdc-4803-be69-19264332d5c8" />
      <TestMethod codeBase="D:\actions-runner\_work\XPCO\XPCO\Transact\Transact\VideoOS.Transact.Common.UnitTests\bin\Debug\VideoOS.Transact.Common.UnitTests.dll" adapterTypeName="executor://mstestadapter/v1" className="VideoOS.Transact.Common.UnitTests.Configuration.TransactionDelimiterTests" name="LineIsTransactionStop_ShouldReturnFalseForAnyInput_WhenStopPatternIsEmpty" />
    </UnitTest>
    <UnitTest name="ParsedFilterText_ShouldReturnNull_WhenFilterTextIsNull" storage="d:\actions-runner\_work\xpco\xpco\transact\transact\videoos.transact.common.unittests\bin\debug\videoos.transact.common.unittests.dll" id="b020f86f-b6a7-3aff-9011-bf1e612c95a4">
      <Execution id="d6834822-141a-4dba-a9ab-fe8388564859" />
      <TestMethod codeBase="D:\actions-runner\_work\XPCO\XPCO\Transact\Transact\VideoOS.Transact.Common.UnitTests\bin\Debug\VideoOS.Transact.Common.UnitTests.dll" adapterTypeName="executor://mstestadapter/v1" className="VideoOS.Transact.Common.UnitTests.Configuration.TransactFilterTests" name="ParsedFilterText_ShouldReturnNull_WhenFilterTextIsNull" />
    </UnitTest>
    <UnitTest name="LineIsTransactionStop_ShouldReturnFalse_WhenLineDoesNotContainStopPatternRegexAndMatchTypeIsRegex" storage="d:\actions-runner\_work\xpco\xpco\transact\transact\videoos.transact.common.unittests\bin\debug\videoos.transact.common.unittests.dll" id="2b0a828d-7797-76d1-4cf0-a4a67dcb6a2c">
      <Execution id="56f25324-2e88-459e-bf00-1d802e321c46" />
      <TestMethod codeBase="D:\actions-runner\_work\XPCO\XPCO\Transact\Transact\VideoOS.Transact.Common.UnitTests\bin\Debug\VideoOS.Transact.Common.UnitTests.dll" adapterTypeName="executor://mstestadapter/v1" className="VideoOS.Transact.Common.UnitTests.Configuration.TransactionDelimiterTests" name="LineIsTransactionStop_ShouldReturnFalse_WhenLineDoesNotContainStopPatternRegexAndMatchTypeIsRegex" />
    </UnitTest>
    <UnitTest name="LineIsTransactionStop_ShouldReturnFalse_WhenLineContainStopPatternWildcardAndMatchTypeIsExact" storage="d:\actions-runner\_work\xpco\xpco\transact\transact\videoos.transact.common.unittests\bin\debug\videoos.transact.common.unittests.dll" id="adcaa93c-2349-8b9f-66c5-e52b40d3c795">
      <Execution id="9ec6b630-d8dc-4832-8284-0d2744cc5fbc" />
      <TestMethod codeBase="D:\actions-runner\_work\XPCO\XPCO\Transact\Transact\VideoOS.Transact.Common.UnitTests\bin\Debug\VideoOS.Transact.Common.UnitTests.dll" adapterTypeName="executor://mstestadapter/v1" className="VideoOS.Transact.Common.UnitTests.Configuration.TransactionDelimiterTests" name="LineIsTransactionStop_ShouldReturnFalse_WhenLineContainStopPatternWildcardAndMatchTypeIsExact" />
    </UnitTest>
    <UnitTest name="ToString_ShouldWriteFilterTextAndActionAndSubstitutionWithNewLineSeperator_WhenActionIsSubstitution" storage="d:\actions-runner\_work\xpco\xpco\transact\transact\videoos.transact.common.unittests\bin\debug\videoos.transact.common.unittests.dll" id="f599128f-b34e-1dde-cae3-53d2303d76e5">
      <Execution id="f445ccf4-ab65-47d2-9d35-a53ed7bf9302" />
      <TestMethod codeBase="D:\actions-runner\_work\XPCO\XPCO\Transact\Transact\VideoOS.Transact.Common.UnitTests\bin\Debug\VideoOS.Transact.Common.UnitTests.dll" adapterTypeName="executor://mstestadapter/v1" className="VideoOS.Transact.Common.UnitTests.Configuration.TransactFilterTests" name="ToString_ShouldWriteFilterTextAndActionAndSubstitutionWithNewLineSeperator_WhenActionIsSubstitution" />
    </UnitTest>
    <UnitTest name="LineIsTransactionStop_ShouldReturnTrue_WhenLineContainsStopPatternAndMatchTypeIsExact" storage="d:\actions-runner\_work\xpco\xpco\transact\transact\videoos.transact.common.unittests\bin\debug\videoos.transact.common.unittests.dll" id="4bc40911-02c7-a14c-f98e-3abfa0b51ee6">
      <Execution id="490ecc20-69ef-464e-8b2b-2e7d13799528" />
      <TestMethod codeBase="D:\actions-runner\_work\XPCO\XPCO\Transact\Transact\VideoOS.Transact.Common.UnitTests\bin\Debug\VideoOS.Transact.Common.UnitTests.dll" adapterTypeName="executor://mstestadapter/v1" className="VideoOS.Transact.Common.UnitTests.Configuration.TransactionDelimiterTests" name="LineIsTransactionStop_ShouldReturnTrue_WhenLineContainsStopPatternAndMatchTypeIsExact" />
    </UnitTest>
    <UnitTest name="TestConnectorOptionProperty" storage="d:\actions-runner\_work\xpco\xpco\transact\transact\videoos.transact.common.unittests\bin\debug\videoos.transact.common.unittests.dll" id="d10084db-6a2c-5918-25f6-5056ae5d323d">
      <Execution id="6702bbe1-1013-4dc3-a1e7-0a5c9fc15ba0" />
      <TestMethod codeBase="D:\actions-runner\_work\XPCO\XPCO\Transact\Transact\VideoOS.Transact.Common.UnitTests\bin\Debug\VideoOS.Transact.Common.UnitTests.dll" adapterTypeName="executor://mstestadapter/v1" className="VideoOS.Transact.Common.UnitTests.Connector.Property.ConnectorPropertySerializationTest" name="TestConnectorOptionProperty" />
    </UnitTest>
  </TestDefinitions>
  <TestEntries>
    <TestEntry testId="5ab193eb-a596-fb19-2bd6-0d950167f2c9" executionId="f6f44167-370f-4c10-a220-adb3ef6ead97" testListId="8c84fa94-04c1-424b-9868-57a2d4851a1d" />
    <TestEntry testId="154eccc6-3150-8d4e-9a08-5db019f4c1fa" executionId="7d1d0040-ff57-4edc-a3f6-7ebe920630db" testListId="8c84fa94-04c1-424b-9868-57a2d4851a1d" />
    <TestEntry testId="44c44ed5-af95-24f7-308a-ba6d21bac030" executionId="f5a54633-2bdc-4803-be69-19264332d5c8" testListId="8c84fa94-04c1-424b-9868-57a2d4851a1d" />
    <TestEntry testId="f5e6e372-af05-9743-546d-3cff2121e04b" executionId="a3cc968c-78a7-42ab-ab7f-5722f845e20f" testListId="8c84fa94-04c1-424b-9868-57a2d4851a1d" />
    <TestEntry testId="2b0a828d-7797-76d1-4cf0-a4a67dcb6a2c" executionId="56f25324-2e88-459e-bf00-1d802e321c46" testListId="8c84fa94-04c1-424b-9868-57a2d4851a1d" />
    <TestEntry testId="e7e74449-729a-1f67-9a0f-27d838f30f97" executionId="443d6ba4-68e0-4f27-abe2-29539ab402e8" testListId="8c84fa94-04c1-424b-9868-57a2d4851a1d" />
    <TestEntry testId="a5715060-4f9b-6790-94fb-3be72c840bca" executionId="fc6e5cd6-d2de-452c-8bf7-2f3286bbeb6e" testListId="8c84fa94-04c1-424b-9868-57a2d4851a1d" />
    <TestEntry testId="82aefbee-ba42-5554-835e-e0e160373b1f" executionId="cf00aa3c-47d0-4ab2-900d-364a312eba6d" testListId="8c84fa94-04c1-424b-9868-57a2d4851a1d" />
    <TestEntry testId="8eb82862-e4a7-92c6-4ef4-c80b82f5384f" executionId="392b9955-d223-4b8e-b144-da6d7437e331" testListId="8c84fa94-04c1-424b-9868-57a2d4851a1d" />
    <TestEntry testId="b020f86f-b6a7-3aff-9011-bf1e612c95a4" executionId="d6834822-141a-4dba-a9ab-fe8388564859" testListId="8c84fa94-04c1-424b-9868-57a2d4851a1d" />
    <TestEntry testId="5f880452-7aef-aff1-770f-a5f732a45473" executionId="83a494cd-9300-4144-9119-a2c62b951a79" testListId="8c84fa94-04c1-424b-9868-57a2d4851a1d" />
    <TestEntry testId="c7313fa7-aa86-7e52-4600-8f96a655898f" executionId="c5ab948e-57fc-4837-8657-c21abf846535" testListId="8c84fa94-04c1-424b-9868-57a2d4851a1d" />
    <TestEntry testId="76cb4820-9a28-ddd6-15cb-f9be0f2e9b87" executionId="dc043c4e-8b4a-4d03-a4c5-7fbab49825b7" testListId="8c84fa94-04c1-424b-9868-57a2d4851a1d" />
    <TestEntry testId="8f831222-614d-ef4b-cffa-9f3cc2202009" executionId="6276a0bf-d600-4cd1-b262-579288e12bc8" testListId="8c84fa94-04c1-424b-9868-57a2d4851a1d" />
    <TestEntry testId="d10084db-6a2c-5918-25f6-5056ae5d323d" executionId="6702bbe1-1013-4dc3-a1e7-0a5c9fc15ba0" testListId="8c84fa94-04c1-424b-9868-57a2d4851a1d" />
    <TestEntry testId="9c8e4a8f-18e9-cf92-6249-8ee346ec90ba" executionId="57ff0733-0d41-469f-8a28-6916060450a1" testListId="8c84fa94-04c1-424b-9868-57a2d4851a1d" />
    <TestEntry testId="9de0c068-df39-f91c-49a4-8a133d690f9e" executionId="898b7ebe-31ee-46ff-9f16-0f0b44270747" testListId="8c84fa94-04c1-424b-9868-57a2d4851a1d" />
    <TestEntry testId="6f044a00-0a2f-bcb5-aab7-e500c8d66cca" executionId="65fe0a79-e39b-4982-99dd-b915e99f005a" testListId="8c84fa94-04c1-424b-9868-57a2d4851a1d" />
    <TestEntry testId="75bf2728-493f-d710-05c1-3a9fcc5ab519" executionId="fc211dbc-ccd2-485d-bd7c-5a1ba2c63eff" testListId="8c84fa94-04c1-424b-9868-57a2d4851a1d" />
    <TestEntry testId="94a99fda-4fd7-7b19-ed63-47eade84c984" executionId="2e2acbce-d674-4e49-8128-ab4e292cd956" testListId="8c84fa94-04c1-424b-9868-57a2d4851a1d" />
    <TestEntry testId="d1d261a4-6ac5-f1b1-dfda-486591cab711" executionId="074150d5-dd56-4c17-8868-b98590463730" testListId="8c84fa94-04c1-424b-9868-57a2d4851a1d" />
    <TestEntry testId="55fd7113-0c7c-fd97-3ab0-594166efb950" executionId="88e2fab5-9ee4-4f1f-8822-7b33a9afff8a" testListId="8c84fa94-04c1-424b-9868-57a2d4851a1d" />
    <TestEntry testId="4bc40911-02c7-a14c-f98e-3abfa0b51ee6" executionId="490ecc20-69ef-464e-8b2b-2e7d13799528" testListId="8c84fa94-04c1-424b-9868-57a2d4851a1d" />
    <TestEntry testId="7eb3f2d6-c4be-d201-f4cf-134e1a7190e9" executionId="c23a50e0-d8cc-4ead-a8cb-0316894aa11a" testListId="8c84fa94-04c1-424b-9868-57a2d4851a1d" />
    <TestEntry testId="adcaa93c-2349-8b9f-66c5-e52b40d3c795" executionId="9ec6b630-d8dc-4832-8284-0d2744cc5fbc" testListId="8c84fa94-04c1-424b-9868-57a2d4851a1d" />
    <TestEntry testId="c4f371de-6612-be3d-c18e-67dc1e12fddd" executionId="076cc09f-ac48-4888-b103-5d34dc4f6d44" testListId="8c84fa94-04c1-424b-9868-57a2d4851a1d" />
    <TestEntry testId="f599128f-b34e-1dde-cae3-53d2303d76e5" executionId="f445ccf4-ab65-47d2-9d35-a53ed7bf9302" testListId="8c84fa94-04c1-424b-9868-57a2d4851a1d" />
    <TestEntry testId="2b4c0050-f1f6-7ffb-04ff-8828c596f1a5" executionId="3bb42337-7293-4492-8bb0-905d86f234e1" testListId="8c84fa94-04c1-424b-9868-57a2d4851a1d" />
  </TestEntries>
  <TestLists>
    <TestList name="Results Not in a List" id="8c84fa94-04c1-424b-9868-57a2d4851a1d" />
    <TestList name="All Loaded Results" id="19431567-8539-422a-85d7-44ee4e166bda" />
  </TestLists>
  <ResultSummary outcome="Completed">
    <Counters total="28" executed="28" passed="28" failed="0" error="0" timeout="0" aborted="0" inconclusive="0" passedButRunAborted="0" notRunnable="0" notExecuted="0" disconnected="0" warning="0" completed="0" inProgress="0" pending="0" />
  </ResultSummary>
</TestRun>