<?xml version="1.0" encoding="utf-8"?>
<TestRun id="6c4f2ccc-8ef3-4e77-9cda-21732649fa6a" name="DKSR-EFI-06$@DKSR-EFI-06 2024-01-09 15:43:25" runUser="NT AUTHORITY\NETWORK SERVICE" xmlns="http://microsoft.com/schemas/VisualStudio/TeamTest/2010">
  <Times creation="2024-01-09T15:43:25.3728785+01:00" queuing="2024-01-09T15:43:25.3728785+01:00" start="2024-01-09T15:43:23.7166252+01:00" finish="2024-01-09T15:43:25.4353766+01:00" />
  <TestSettings name="default" id="edb89d6b-f07c-4d22-b68a-aedfaab5acef">
    <Deployment runDeploymentRoot="DKSR-EFI-06$_DKSR-EFI-06_2024-01-09_15_43_25" />
  </TestSettings>
  <Results>
    <UnitTestResult executionId="18370350-21dc-49df-a0d4-54e5f8bd37b2" testId="22089a79-0d32-06c6-5ac6-6c116de9a3c0" testName="TestThatParameterListCanContainValuesWithDelimiterCharacter" computerName="DKSR-EFI-06" duration="00:00:00.2116985" startTime="2024-01-09T15:43:24.6072518+01:00" endTime="2024-01-09T15:43:24.9978780+01:00" testType="13cdc9d9-ddb5-4fa4-a97d-d965ccfc6d4b" outcome="Passed" testListId="8c84fa94-04c1-424b-9868-57a2d4851a1d" relativeResultsDirectory="18370350-21dc-49df-a0d4-54e5f8bd37b2" />
  </Results>
  <TestDefinitions>
    <UnitTest name="TestThatParameterListCanContainValuesWithDelimiterCharacter" storage="d:\actions-runner\_work\xpco\xpco\installerframework\videoos.installer.bootstrapper.unittest\bin\debug\videoos.installer.bootstrapper.unittest.dll" id="22089a79-0d32-06c6-5ac6-6c116de9a3c0">
      <Execution id="18370350-21dc-49df-a0d4-54e5f8bd37b2" />
      <TestMethod codeBase="D:\actions-runner\_work\XPCO\XPCO\InstallerFramework\VideoOS.Installer.Bootstrapper.UnitTest\bin\Debug\VideoOS.Installer.Bootstrapper.UnitTest.dll" adapterTypeName="executor://mstestadapter/v2" className="VideoOS.Installer.Bootstrapper.UnitTest.OptionsUnitTest" name="TestThatParameterListCanContainValuesWithDelimiterCharacter" />
    </UnitTest>
  </TestDefinitions>
  <TestEntries>
    <TestEntry testId="22089a79-0d32-06c6-5ac6-6c116de9a3c0" executionId="18370350-21dc-49df-a0d4-54e5f8bd37b2" testListId="8c84fa94-04c1-424b-9868-57a2d4851a1d" />
  </TestEntries>
  <TestLists>
    <TestList name="Results Not in a List" id="8c84fa94-04c1-424b-9868-57a2d4851a1d" />
    <TestList name="All Loaded Results" id="19431567-8539-422a-85d7-44ee4e166bda" />
  </TestLists>
  <ResultSummary outcome="Completed">
    <Counters total="1" executed="1" passed="1" failed="0" error="0" timeout="0" aborted="0" inconclusive="0" passedButRunAborted="0" notRunnable="0" notExecuted="0" disconnected="0" warning="0" completed="0" inProgress="0" pending="0" />
  </ResultSummary>
</TestRun>