<?xml version="1.0" encoding="utf-8"?>
<TestRun id="10b3c46b-ee70-4a5e-a786-394c5363db64" name="DKSR-EFI-06$@DKSR-EFI-06 2024-01-09 15:42:54" runUser="NT AUTHORITY\NETWORK SERVICE" xmlns="http://microsoft.com/schemas/VisualStudio/TeamTest/2010">
  <Times creation="2024-01-09T15:42:54.2165724+01:00" queuing="2024-01-09T15:42:54.2165724+01:00" start="2024-01-09T15:42:43.5290276+01:00" finish="2024-01-09T15:42:56.9822092+01:00" />
  <TestSettings name="default" id="55ae3570-0766-44e1-a96f-d8c4c3153983">
    <Deployment runDeploymentRoot="DKSR-EFI-06$_DKSR-EFI-06_2024-01-09_15_42_54" />
  </TestSettings>
  <Results>
    <UnitTestResult executionId="6870b654-1fba-4c2c-82d4-e32b4b39b53e" testId="e553a0d2-ff4a-8cb6-48fb-935bc1cc03fb" testName="GetRandomKeyReturnsBase64EncodedString" computerName="DKSR-EFI-06" duration="00:00:00.0123956" startTime="2024-01-09T15:42:54.3884505+01:00" endTime="2024-01-09T15:42:54.3884505+01:00" testType="13cdc9d9-ddb5-4fa4-a97d-d965ccfc6d4b" outcome="Passed" testListId="8c84fa94-04c1-424b-9868-57a2d4851a1d" relativeResultsDirectory="6870b654-1fba-4c2c-82d4-e32b4b39b53e" />
    <UnitTestResult executionId="cd4e18cb-8b1f-475d-9c19-d0eb46beb35b" testId="1204a390-a7fb-188c-9e06-52d3bde5776a" testName="CUDASender_SendCudaAlarms_Success" computerName="DKSR-EFI-06" duration="00:00:00.0598239" startTime="2024-01-09T15:42:54.6697008+01:00" endTime="2024-01-09T15:42:54.7322019+01:00" testType="13cdc9d9-ddb5-4fa4-a97d-d965ccfc6d4b" outcome="Passed" testListId="8c84fa94-04c1-424b-9868-57a2d4851a1d" relativeResultsDirectory="cd4e18cb-8b1f-475d-9c19-d0eb46beb35b" />
    <UnitTestResult executionId="9a1e9d0e-7a21-4573-b1b1-6af20c146469" testId="01d5750a-9805-0754-9f50-e8460648a4ca" testName="CUDASender_Stop_Success" computerName="DKSR-EFI-06" duration="00:00:00.0027636" startTime="2024-01-09T15:42:54.6697008+01:00" endTime="2024-01-09T15:42:54.6697008+01:00" testType="13cdc9d9-ddb5-4fa4-a97d-d965ccfc6d4b" outcome="Passed" testListId="8c84fa94-04c1-424b-9868-57a2d4851a1d" relativeResultsDirectory="9a1e9d0e-7a21-4573-b1b1-6af20c146469" />
    <UnitTestResult executionId="bb78f2f6-3528-4a86-a879-3089b3318a43" testId="f7756fe2-4410-1d28-2074-8a24da933ebe" testName="DeleteSomeMessages" computerName="DKSR-EFI-06" duration="00:00:00.0096168" startTime="2024-01-09T15:42:56.1384569+01:00" endTime="2024-01-09T15:42:56.1540816+01:00" testType="13cdc9d9-ddb5-4fa4-a97d-d965ccfc6d4b" outcome="Passed" testListId="8c84fa94-04c1-424b-9868-57a2d4851a1d" relativeResultsDirectory="bb78f2f6-3528-4a86-a879-3089b3318a43" />
    <UnitTestResult executionId="96fa4d1f-8995-494f-8352-30aaa05b9c2b" testId="3ade9596-f0f3-b4d1-453a-4ae9059a882e" testName="CUDAData_UpdateEvents_SendingOnValidEvent" computerName="DKSR-EFI-06" duration="00:00:00.1106822" startTime="2024-01-09T15:42:54.8571993+01:00" endTime="2024-01-09T15:42:54.9822028+01:00" testType="13cdc9d9-ddb5-4fa4-a97d-d965ccfc6d4b" outcome="Passed" testListId="8c84fa94-04c1-424b-9868-57a2d4851a1d" relativeResultsDirectory="96fa4d1f-8995-494f-8352-30aaa05b9c2b" />
    <UnitTestResult executionId="352d9bed-3f18-4f0c-9190-0724c58d6ce9" testId="343db540-7994-6ab3-6d43-b2d1a9d36e50" testName="GetSomeMessages" computerName="DKSR-EFI-06" duration="00:00:00.0814343" startTime="2024-01-09T15:42:56.1540816+01:00" endTime="2024-01-09T15:42:56.2322042+01:00" testType="13cdc9d9-ddb5-4fa4-a97d-d965ccfc6d4b" outcome="Passed" testListId="8c84fa94-04c1-424b-9868-57a2d4851a1d" relativeResultsDirectory="352d9bed-3f18-4f0c-9190-0724c58d6ce9" />
    <UnitTestResult executionId="1f9d6b0a-918b-4e9d-a34a-06742d604741" testId="3aafe68a-702f-bf3a-ef6d-9498e28c6bfd" testName="URICanBeControlledByFileInAppDir" computerName="DKSR-EFI-06" duration="00:00:00.6401706" startTime="2024-01-09T15:42:53.1071950+01:00" endTime="2024-01-09T15:42:53.7790721+01:00" testType="13cdc9d9-ddb5-4fa4-a97d-d965ccfc6d4b" outcome="Passed" testListId="8c84fa94-04c1-424b-9868-57a2d4851a1d" relativeResultsDirectory="1f9d6b0a-918b-4e9d-a34a-06742d604741" />
    <UnitTestResult executionId="2019ef24-935c-4310-8ff7-608e877b9aca" testId="b574a4bf-9bf3-235b-1bb8-ca8c629b1fff" testName="CUDAData_GetMessagesToSend_GetGroupedMessage" computerName="DKSR-EFI-06" duration="00:00:00.0091171" startTime="2024-01-09T15:42:55.2009516+01:00" endTime="2024-01-09T15:42:55.2165781+01:00" testType="13cdc9d9-ddb5-4fa4-a97d-d965ccfc6d4b" outcome="Passed" testListId="8c84fa94-04c1-424b-9868-57a2d4851a1d" relativeResultsDirectory="2019ef24-935c-4310-8ff7-608e877b9aca" />
    <UnitTestResult executionId="9e32c691-53a5-4fb6-9334-d9f519efcaee" testId="6eb5c194-2c91-d0f5-64d9-a0833abcd407" testName="NoCudaKeyGetsLoggedWithRelevantOutput" computerName="DKSR-EFI-06" duration="00:00:00.0681419" startTime="2024-01-09T15:42:54.2946990+01:00" endTime="2024-01-09T15:42:54.3728231+01:00" testType="13cdc9d9-ddb5-4fa4-a97d-d965ccfc6d4b" outcome="Passed" testListId="8c84fa94-04c1-424b-9868-57a2d4851a1d" relativeResultsDirectory="9e32c691-53a5-4fb6-9334-d9f519efcaee" />
    <UnitTestResult executionId="9d0d5ba8-0e97-4f5c-bd4c-5b5621da57a0" testId="12387a83-5385-f625-522a-82439a2a51fe" testName="NoExceptionAndResponseIsDefaultTimeSpanWhenCudaPublicKeyIsUnavailableAsEmpty" computerName="DKSR-EFI-06" duration="00:00:00.0268313" startTime="2024-01-09T15:42:54.2634476+01:00" endTime="2024-01-09T15:42:54.2946990+01:00" testType="13cdc9d9-ddb5-4fa4-a97d-d965ccfc6d4b" outcome="Passed" testListId="8c84fa94-04c1-424b-9868-57a2d4851a1d" relativeResultsDirectory="9d0d5ba8-0e97-4f5c-bd4c-5b5621da57a0" />
    <UnitTestResult executionId="8c3ff6d6-b581-4370-bbbc-ac3beccff1f7" testId="87554ba0-45a2-6eac-affd-2be84955b1d3" testName="CUDAData_UpdateEvents_SendingTwoIdenticalinOneBatchEvent_OnlyOneStored" computerName="DKSR-EFI-06" duration="00:00:00.0373026" startTime="2024-01-09T15:42:55.0290761+01:00" endTime="2024-01-09T15:42:55.0759498+01:00" testType="13cdc9d9-ddb5-4fa4-a97d-d965ccfc6d4b" outcome="Passed" testListId="8c84fa94-04c1-424b-9868-57a2d4851a1d" relativeResultsDirectory="8c3ff6d6-b581-4370-bbbc-ac3beccff1f7" />
    <UnitTestResult executionId="a16c0740-f5d7-4cde-bc88-fbfe5987bdd1" testId="9f74f382-4c9b-dc90-0cd9-c0a16063e737" testName="NoExceptionAndResponseIsDefaultTimeSpanWhenCudaPublicKeyIsUnavailableAsNull" computerName="DKSR-EFI-06" duration="00:00:00.2834039" startTime="2024-01-09T15:42:53.9821980+01:00" endTime="2024-01-09T15:42:54.2634476+01:00" testType="13cdc9d9-ddb5-4fa4-a97d-d965ccfc6d4b" outcome="Passed" testListId="8c84fa94-04c1-424b-9868-57a2d4851a1d" relativeResultsDirectory="a16c0740-f5d7-4cde-bc88-fbfe5987bdd1" />
    <UnitTestResult executionId="c2982940-08dd-4d80-961c-95d9f2cc88ea" testId="4a2b6c59-8009-b231-43da-ffc7c7e69b91" testName="UpdateInterval" computerName="DKSR-EFI-06" duration="00:00:00.0081850" startTime="2024-01-09T15:42:56.2322042+01:00" endTime="2024-01-09T15:42:56.2478326+01:00" testType="13cdc9d9-ddb5-4fa4-a97d-d965ccfc6d4b" outcome="Passed" testListId="8c84fa94-04c1-424b-9868-57a2d4851a1d" relativeResultsDirectory="c2982940-08dd-4d80-961c-95d9f2cc88ea" />
    <UnitTestResult executionId="074416ab-08df-4146-a0f5-3a2484fe3ac7" testId="174ea5c5-e42f-ef7d-e496-2c4dbfd10f6f" testName="CUDASender_Constructor_Success" computerName="DKSR-EFI-06" duration="00:00:00.0345114" startTime="2024-01-09T15:42:54.5915761+01:00" endTime="2024-01-09T15:42:54.6228250+01:00" testType="13cdc9d9-ddb5-4fa4-a97d-d965ccfc6d4b" outcome="Passed" testListId="8c84fa94-04c1-424b-9868-57a2d4851a1d" relativeResultsDirectory="074416ab-08df-4146-a0f5-3a2484fe3ac7" />
    <UnitTestResult executionId="625c2ccd-6a63-4782-9b1b-e3114a707ee2" testId="7a1d7930-fe66-c8db-e0df-e55606c6d32e" testName="AddMessagesCreatesOutputTableWithProperDimensionsAndContentsAndCallRelevantProcedure" computerName="DKSR-EFI-06" duration="00:00:00.0189999" startTime="2024-01-09T15:42:56.2478326+01:00" endTime="2024-01-09T15:42:56.2634563+01:00" testType="13cdc9d9-ddb5-4fa4-a97d-d965ccfc6d4b" outcome="Passed" testListId="8c84fa94-04c1-424b-9868-57a2d4851a1d" relativeResultsDirectory="625c2ccd-6a63-4782-9b1b-e3114a707ee2" />
    <UnitTestResult executionId="8c0ba5e0-e8f0-4b51-a6c2-c768e288bdc8" testId="6902898e-93a2-5f24-0415-4344c1392b74" testName="GetRandomKeyReturnsResponseViaHttpCall" computerName="DKSR-EFI-06" duration="00:00:00.0110442" startTime="2024-01-09T15:42:54.3728231+01:00" endTime="2024-01-09T15:42:54.3884505+01:00" testType="13cdc9d9-ddb5-4fa4-a97d-d965ccfc6d4b" outcome="Passed" testListId="8c84fa94-04c1-424b-9868-57a2d4851a1d" relativeResultsDirectory="8c0ba5e0-e8f0-4b51-a6c2-c768e288bdc8" />
    <UnitTestResult executionId="27600be6-764f-4df6-b66a-8dd3bc47b1fd" testId="df3d2f4b-794c-d1a2-a024-4909e792ee48" testName="CUDASender_SendCudaAlarms_FailedTestReAddingEvents" computerName="DKSR-EFI-06" duration="00:00:00.0522368" startTime="2024-01-09T15:42:54.7322019+01:00" endTime="2024-01-09T15:42:54.7790742+01:00" testType="13cdc9d9-ddb5-4fa4-a97d-d965ccfc6d4b" outcome="Passed" testListId="8c84fa94-04c1-424b-9868-57a2d4851a1d" relativeResultsDirectory="27600be6-764f-4df6-b66a-8dd3bc47b1fd" />
    <UnitTestResult executionId="72ee9666-0902-43ef-bc38-f42facb95deb" testId="9c6a15b1-7e4d-38df-4df8-78c2b0b1b4f8" testName="AddSomeMessages" computerName="DKSR-EFI-06" duration="00:00:00.9022844" startTime="2024-01-09T15:42:55.2322025+01:00" endTime="2024-01-09T15:42:56.1384569+01:00" testType="13cdc9d9-ddb5-4fa4-a97d-d965ccfc6d4b" outcome="Passed" testListId="8c84fa94-04c1-424b-9868-57a2d4851a1d" relativeResultsDirectory="72ee9666-0902-43ef-bc38-f42facb95deb" />
    <UnitTestResult executionId="a6dd0a8b-6a14-403e-9fea-4b48200f75eb" testId="b8658e76-d255-be4e-69ac-c29a7be08e85" testName="GetMessagesCallsTheRightProcedureAndReturnsAnAppropriateResultSet" computerName="DKSR-EFI-06" duration="00:00:00.0087102" startTime="2024-01-09T15:42:56.2634563+01:00" endTime="2024-01-09T15:42:56.2790804+01:00" testType="13cdc9d9-ddb5-4fa4-a97d-d965ccfc6d4b" outcome="Passed" testListId="8c84fa94-04c1-424b-9868-57a2d4851a1d" relativeResultsDirectory="a6dd0a8b-6a14-403e-9fea-4b48200f75eb" />
    <UnitTestResult executionId="e5da959a-d4b2-44b0-a26e-79d1eac6ce52" testId="3f8f7389-bf9c-2c70-e857-887b40c8f98f" testName="ServerResponseWithNextCommunicationTimeMustBeWellFormed" computerName="DKSR-EFI-06" duration="00:00:00.0976320" startTime="2024-01-09T15:42:53.8728214+01:00" endTime="2024-01-09T15:42:53.9821980+01:00" testType="13cdc9d9-ddb5-4fa4-a97d-d965ccfc6d4b" outcome="Passed" testListId="8c84fa94-04c1-424b-9868-57a2d4851a1d" relativeResultsDirectory="e5da959a-d4b2-44b0-a26e-79d1eac6ce52" />
    <UnitTestResult executionId="1aa2cf9e-d2f3-4339-b028-26ea058aad5a" testId="ecee5e87-895e-81a9-f470-f1ad348e4947" testName="CUDATimer_TestDefaultTimePerid" computerName="DKSR-EFI-06" duration="00:00:00.0032831" startTime="2024-01-09T15:42:55.2165781+01:00" endTime="2024-01-09T15:42:55.2165781+01:00" testType="13cdc9d9-ddb5-4fa4-a97d-d965ccfc6d4b" outcome="Passed" testListId="8c84fa94-04c1-424b-9868-57a2d4851a1d" relativeResultsDirectory="1aa2cf9e-d2f3-4339-b028-26ea058aad5a" />
    <UnitTestResult executionId="05e95b06-9152-46b4-9ba3-56ffb86741fb" testId="6e7582e6-8a5d-aca4-1f44-5769526dcea8" testName="KeysMustBeCorrectlyXORed" computerName="DKSR-EFI-06" duration="00:00:00.0671323" startTime="2024-01-09T15:42:53.7946977+01:00" endTime="2024-01-09T15:42:53.8571967+01:00" testType="13cdc9d9-ddb5-4fa4-a97d-d965ccfc6d4b" outcome="Passed" testListId="8c84fa94-04c1-424b-9868-57a2d4851a1d" relativeResultsDirectory="05e95b06-9152-46b4-9ba3-56ffb86741fb" />
    <UnitTestResult executionId="24a03623-1f4e-4478-a458-5bad83beb843" testId="fe673a6e-5112-d9dd-079e-567fa7ac584c" testName="ExcludeFromAboutBox_ShouldReturnTrue_WhenCalled" computerName="DKSR-EFI-06" duration="00:00:00.0579228" startTime="2024-01-09T15:42:52.6228177+01:00" endTime="2024-01-09T15:42:52.9978213+01:00" testType="13cdc9d9-ddb5-4fa4-a97d-d965ccfc6d4b" outcome="Passed" testListId="8c84fa94-04c1-424b-9868-57a2d4851a1d" relativeResultsDirectory="24a03623-1f4e-4478-a458-5bad83beb843" />
    <UnitTestResult executionId="627eea68-d6d0-4678-b4ec-84d834485ced" testId="1930ad25-8e17-294a-dac3-db274c5a5918" testName="CUDAData_UpdateStates_SendingStateError" computerName="DKSR-EFI-06" duration="00:00:00.0308575" startTime="2024-01-09T15:42:55.0915776+01:00" endTime="2024-01-09T15:42:55.1228276+01:00" testType="13cdc9d9-ddb5-4fa4-a97d-d965ccfc6d4b" outcome="Passed" testListId="8c84fa94-04c1-424b-9868-57a2d4851a1d" relativeResultsDirectory="627eea68-d6d0-4678-b4ec-84d834485ced" />
    <UnitTestResult executionId="db49310e-fc25-42a7-8b14-52ccf68c09c1" testId="13c70077-fa4a-dc8b-b47d-9bcb0f7c589b" testName="CUDAData_GetMessagesToSend_GetOneMessage" computerName="DKSR-EFI-06" duration="00:00:00.0315598" startTime="2024-01-09T15:42:55.1697000+01:00" endTime="2024-01-09T15:42:55.2009516+01:00" testType="13cdc9d9-ddb5-4fa4-a97d-d965ccfc6d4b" outcome="Passed" testListId="8c84fa94-04c1-424b-9868-57a2d4851a1d" relativeResultsDirectory="db49310e-fc25-42a7-8b14-52ccf68c09c1" />
    <UnitTestResult executionId="17039c7d-0180-477d-a672-f7fa2cdcb65b" testId="e88ecefb-3e1c-8c2a-25b6-fe99318c7d7b" testName="NonStandardErrorCodeResultsInFalseReturnCodeFromCudaClient" computerName="DKSR-EFI-06" duration="00:00:00.0239774" startTime="2024-01-09T15:42:54.4978246+01:00" endTime="2024-01-09T15:42:54.5134503+01:00" testType="13cdc9d9-ddb5-4fa4-a97d-d965ccfc6d4b" outcome="Passed" testListId="8c84fa94-04c1-424b-9868-57a2d4851a1d" relativeResultsDirectory="17039c7d-0180-477d-a672-f7fa2cdcb65b" />
    <UnitTestResult executionId="8d9587c4-9848-46f1-adaf-16e8e6dc113d" testId="84f03161-5693-28f1-fa69-ba3a4114f79e" testName="StandardErrorCodeResultsInTrueReturnCodeFromCudaClient" computerName="DKSR-EFI-06" duration="00:00:00.0634604" startTime="2024-01-09T15:42:54.5290750+01:00" endTime="2024-01-09T15:42:54.5915761+01:00" testType="13cdc9d9-ddb5-4fa4-a97d-d965ccfc6d4b" outcome="Passed" testListId="8c84fa94-04c1-424b-9868-57a2d4851a1d" relativeResultsDirectory="8d9587c4-9848-46f1-adaf-16e8e6dc113d" />
    <UnitTestResult executionId="2b6aff04-1c62-4f8c-a0c0-5c9624d07f7d" testId="9bf27950-6052-b036-149c-0770adf09e18" testName="CUDAData_UpdateEventsAsync_SendingOnValidEvent" computerName="DKSR-EFI-06" duration="00:00:00.0624276" startTime="2024-01-09T15:42:54.7946993+01:00" endTime="2024-01-09T15:42:54.8571993+01:00" testType="13cdc9d9-ddb5-4fa4-a97d-d965ccfc6d4b" outcome="Passed" testListId="8c84fa94-04c1-424b-9868-57a2d4851a1d" relativeResultsDirectory="2b6aff04-1c62-4f8c-a0c0-5c9624d07f7d" />
    <UnitTestResult executionId="acd4fab0-d919-497c-87b2-2265e0eeea4f" testId="d5658108-79d8-8574-88a5-9e12d155f299" testName="CUDAData_UpdateStates_SendingStateNormal" computerName="DKSR-EFI-06" duration="00:00:00.0039018" startTime="2024-01-09T15:42:55.1228276+01:00" endTime="2024-01-09T15:42:55.1228276+01:00" testType="13cdc9d9-ddb5-4fa4-a97d-d965ccfc6d4b" outcome="Passed" testListId="8c84fa94-04c1-424b-9868-57a2d4851a1d" relativeResultsDirectory="acd4fab0-d919-497c-87b2-2265e0eeea4f" />
    <UnitTestResult executionId="f986b11a-8cab-4b84-b1df-bef8244cdde8" testId="acfca315-d4ce-e13e-928e-6fc8005a6f60" testName="NotificationCheckSumIsReturnedInBase64AndIsAValidHash" computerName="DKSR-EFI-06" duration="00:00:00.0133102" startTime="2024-01-09T15:42:53.8571967+01:00" endTime="2024-01-09T15:42:53.8728214+01:00" testType="13cdc9d9-ddb5-4fa4-a97d-d965ccfc6d4b" outcome="Passed" testListId="8c84fa94-04c1-424b-9868-57a2d4851a1d" relativeResultsDirectory="f986b11a-8cab-4b84-b1df-bef8244cdde8" />
    <UnitTestResult executionId="9a8b5c0e-6e25-4995-a35c-fee3f054d4fe" testId="351e6ca3-c2ff-618c-4fd7-d7f376d13759" testName="DeleteAllMessagesCallsTheCorrectProcedure" computerName="DKSR-EFI-06" duration="00:00:00.0062436" startTime="2024-01-09T15:42:56.2947070+01:00" endTime="2024-01-09T15:42:56.2947070+01:00" testType="13cdc9d9-ddb5-4fa4-a97d-d965ccfc6d4b" outcome="Passed" testListId="8c84fa94-04c1-424b-9868-57a2d4851a1d" relativeResultsDirectory="9a8b5c0e-6e25-4995-a35c-fee3f054d4fe" />
    <UnitTestResult executionId="8c1b5597-ae5e-4ee5-a44a-eab1751f2464" testId="452c2adc-bedc-0a29-567f-c05744d2231c" testName="CUDAData_UpdateEvents_SendingTwoIdenticalEvent_OnlyOneStored" computerName="DKSR-EFI-06" duration="00:00:00.0512237" startTime="2024-01-09T15:42:54.9822028+01:00" endTime="2024-01-09T15:42:55.0290761+01:00" testType="13cdc9d9-ddb5-4fa4-a97d-d965ccfc6d4b" outcome="Passed" testListId="8c84fa94-04c1-424b-9868-57a2d4851a1d" relativeResultsDirectory="8c1b5597-ae5e-4ee5-a44a-eab1751f2464" />
    <UnitTestResult executionId="74d35b61-7182-4499-a18b-c39e04de445a" testId="0f43c31f-1b3a-a60b-52c4-4bd56da9459b" testName="HttpResponseContentGetsFetchedOnlyWhenErrorHandlerReturnsTrue" computerName="DKSR-EFI-06" duration="00:00:00.0947004" startTime="2024-01-09T15:42:54.4040745+01:00" endTime="2024-01-09T15:42:54.4978246+01:00" testType="13cdc9d9-ddb5-4fa4-a97d-d965ccfc6d4b" outcome="Passed" testListId="8c84fa94-04c1-424b-9868-57a2d4851a1d" relativeResultsDirectory="74d35b61-7182-4499-a18b-c39e04de445a" />
    <UnitTestResult executionId="7ef2f88e-467a-438c-84c5-9e57126de637" testId="91db1d51-c661-0097-4bc1-d5c3823094f5" testName="CUDATimer_TestDefaultTimePerid_FromTestFile" computerName="DKSR-EFI-06" duration="00:00:00.0067522" startTime="2024-01-09T15:42:55.2322025+01:00" endTime="2024-01-09T15:42:55.2322025+01:00" testType="13cdc9d9-ddb5-4fa4-a97d-d965ccfc6d4b" outcome="Passed" testListId="8c84fa94-04c1-424b-9868-57a2d4851a1d" relativeResultsDirectory="7ef2f88e-467a-438c-84c5-9e57126de637" />
    <UnitTestResult executionId="25f8935b-b220-4fef-b837-71461147b93c" testId="df79c1b9-f779-ac45-04a2-6a7fdb418da2" testName="CUDASender_Start_Success" computerName="DKSR-EFI-06" duration="00:00:00.0124208" startTime="2024-01-09T15:42:54.6384528+01:00" endTime="2024-01-09T15:42:54.6540767+01:00" testType="13cdc9d9-ddb5-4fa4-a97d-d965ccfc6d4b" outcome="Passed" testListId="8c84fa94-04c1-424b-9868-57a2d4851a1d" relativeResultsDirectory="25f8935b-b220-4fef-b837-71461147b93c" />
    <UnitTestResult executionId="48d073ba-897f-439a-b8d2-eb962ad53585" testId="2fc42d3f-aa13-518a-c010-cf791be349ac" testName="UpdateIntervalCallsTheRightProcedureWithAnAppropriateParameter" computerName="DKSR-EFI-06" duration="00:00:00.0067710" startTime="2024-01-09T15:42:56.2790804+01:00" endTime="2024-01-09T15:42:56.2947070+01:00" testType="13cdc9d9-ddb5-4fa4-a97d-d965ccfc6d4b" outcome="Passed" testListId="8c84fa94-04c1-424b-9868-57a2d4851a1d" relativeResultsDirectory="48d073ba-897f-439a-b8d2-eb962ad53585" />
    <UnitTestResult executionId="67fc8a52-f547-4afd-ab84-30b17f888906" testId="40966494-df15-a8d4-2f3f-eb95ead25620" testName="CUDAData_SetTimeInterval" computerName="DKSR-EFI-06" duration="00:00:00.0423679" startTime="2024-01-09T15:42:55.1228276+01:00" endTime="2024-01-09T15:42:55.1697000+01:00" testType="13cdc9d9-ddb5-4fa4-a97d-d965ccfc6d4b" outcome="Passed" testListId="8c84fa94-04c1-424b-9868-57a2d4851a1d" relativeResultsDirectory="67fc8a52-f547-4afd-ab84-30b17f888906" />
    <UnitTestResult executionId="cacbce7f-599b-4d95-bfb4-d7bb4ded630b" testId="3e920c23-e78b-d038-0413-6e0cd32a1efa" testName="CUDAData_UpdateEvents_SendingTwoDifferentEvent_TwoStored" computerName="DKSR-EFI-06" duration="00:00:00.0105637" startTime="2024-01-09T15:42:55.0759498+01:00" endTime="2024-01-09T15:42:55.0759498+01:00" testType="13cdc9d9-ddb5-4fa4-a97d-d965ccfc6d4b" outcome="Passed" testListId="8c84fa94-04c1-424b-9868-57a2d4851a1d" relativeResultsDirectory="cacbce7f-599b-4d95-bfb4-d7bb4ded630b" />
    <UnitTestResult executionId="a3acadf0-25d8-443a-a56b-9683debbde7f" testId="4be629a3-9957-bd62-29e8-1c8f8ebaaa5d" testName="CUDASender_ResetTimer_Success" computerName="DKSR-EFI-06" duration="00:00:00.0082033" startTime="2024-01-09T15:42:54.7946993+01:00" endTime="2024-01-09T15:42:54.7946993+01:00" testType="13cdc9d9-ddb5-4fa4-a97d-d965ccfc6d4b" outcome="Passed" testListId="8c84fa94-04c1-424b-9868-57a2d4851a1d" relativeResultsDirectory="a3acadf0-25d8-443a-a56b-9683debbde7f" />
  </Results>
  <TestDefinitions>
    <UnitTest name="NotificationCheckSumIsReturnedInBase64AndIsAValidHash" storage="d:\actions-runner\_work\xpco\xpco\eventserver\cudaplugin\cudaplugin\videoos.cudaplugin.unittests\bin\debug\videoos.cudaplugin.unittests.dll" id="acfca315-d4ce-e13e-928e-6fc8005a6f60">
      <Execution id="f986b11a-8cab-4b84-b1df-bef8244cdde8" />
      <TestMethod codeBase="D:\actions-runner\_work\XPCO\XPCO\EventServer\CUDAPlugin\CUDAPlugin\VideoOS.CUDAPlugin.UnitTests\bin\Debug\VideoOS.CUDAPlugin.UnitTests.dll" adapterTypeName="executor://mstestadapter/v2" className="VideoOS.CUDAPlugin.UnitTests.CUDAClientTests" name="NotificationCheckSumIsReturnedInBase64AndIsAValidHash" />
    </UnitTest>
    <UnitTest name="DeleteAllMessagesCallsTheCorrectProcedure" storage="d:\actions-runner\_work\xpco\xpco\eventserver\cudaplugin\cudaplugin\videoos.cudaplugin.unittests\bin\debug\videoos.cudaplugin.unittests.dll" id="351e6ca3-c2ff-618c-4fd7-d7f376d13759">
      <Execution id="9a8b5c0e-6e25-4995-a35c-fee3f054d4fe" />
      <TestMethod codeBase="D:\actions-runner\_work\XPCO\XPCO\EventServer\CUDAPlugin\CUDAPlugin\VideoOS.CUDAPlugin.UnitTests\bin\Debug\VideoOS.CUDAPlugin.UnitTests.dll" adapterTypeName="executor://mstestadapter/v2" className="VideoOS.CUDAPlugin.UnitTests.Database.CudaDataBaseManagerTests" name="DeleteAllMessagesCallsTheCorrectProcedure" />
    </UnitTest>
    <UnitTest name="URICanBeControlledByFileInAppDir" storage="d:\actions-runner\_work\xpco\xpco\eventserver\cudaplugin\cudaplugin\videoos.cudaplugin.unittests\bin\debug\videoos.cudaplugin.unittests.dll" id="3aafe68a-702f-bf3a-ef6d-9498e28c6bfd">
      <Execution id="1f9d6b0a-918b-4e9d-a34a-06742d604741" />
      <TestMethod codeBase="D:\actions-runner\_work\XPCO\XPCO\EventServer\CUDAPlugin\CUDAPlugin\VideoOS.CUDAPlugin.UnitTests\bin\Debug\VideoOS.CUDAPlugin.UnitTests.dll" adapterTypeName="executor://mstestadapter/v2" className="VideoOS.CUDAPlugin.UnitTests.CUDAClientTests" name="URICanBeControlledByFileInAppDir" />
    </UnitTest>
    <UnitTest name="NonStandardErrorCodeResultsInFalseReturnCodeFromCudaClient" storage="d:\actions-runner\_work\xpco\xpco\eventserver\cudaplugin\cudaplugin\videoos.cudaplugin.unittests\bin\debug\videoos.cudaplugin.unittests.dll" id="e88ecefb-3e1c-8c2a-25b6-fe99318c7d7b">
      <Execution id="17039c7d-0180-477d-a672-f7fa2cdcb65b" />
      <TestMethod codeBase="D:\actions-runner\_work\XPCO\XPCO\EventServer\CUDAPlugin\CUDAPlugin\VideoOS.CUDAPlugin.UnitTests\bin\Debug\VideoOS.CUDAPlugin.UnitTests.dll" adapterTypeName="executor://mstestadapter/v2" className="VideoOS.CUDAPlugin.UnitTests.CUDAClientTests" name="NonStandardErrorCodeResultsInFalseReturnCodeFromCudaClient" />
    </UnitTest>
    <UnitTest name="NoExceptionAndResponseIsDefaultTimeSpanWhenCudaPublicKeyIsUnavailableAsEmpty" storage="d:\actions-runner\_work\xpco\xpco\eventserver\cudaplugin\cudaplugin\videoos.cudaplugin.unittests\bin\debug\videoos.cudaplugin.unittests.dll" id="12387a83-5385-f625-522a-82439a2a51fe">
      <Execution id="9d0d5ba8-0e97-4f5c-bd4c-5b5621da57a0" />
      <TestMethod codeBase="D:\actions-runner\_work\XPCO\XPCO\EventServer\CUDAPlugin\CUDAPlugin\VideoOS.CUDAPlugin.UnitTests\bin\Debug\VideoOS.CUDAPlugin.UnitTests.dll" adapterTypeName="executor://mstestadapter/v2" className="VideoOS.CUDAPlugin.UnitTests.CUDAClientTests" name="NoExceptionAndResponseIsDefaultTimeSpanWhenCudaPublicKeyIsUnavailableAsEmpty" />
    </UnitTest>
    <UnitTest name="CUDAData_UpdateEvents_SendingTwoIdenticalinOneBatchEvent_OnlyOneStored" storage="d:\actions-runner\_work\xpco\xpco\eventserver\cudaplugin\cudaplugin\videoos.cudaplugin.unittests\bin\debug\videoos.cudaplugin.unittests.dll" id="87554ba0-45a2-6eac-affd-2be84955b1d3">
      <Execution id="8c3ff6d6-b581-4370-bbbc-ac3beccff1f7" />
      <TestMethod codeBase="D:\actions-runner\_work\XPCO\XPCO\EventServer\CUDAPlugin\CUDAPlugin\VideoOS.CUDAPlugin.UnitTests\bin\Debug\VideoOS.CUDAPlugin.UnitTests.dll" adapterTypeName="executor://mstestadapter/v2" className="VideoOS.CUDAPlugin.UnitTests.MessageHandlers.CUDADataTests" name="CUDAData_UpdateEvents_SendingTwoIdenticalinOneBatchEvent_OnlyOneStored" />
    </UnitTest>
    <UnitTest name="CUDASender_Constructor_Success" storage="d:\actions-runner\_work\xpco\xpco\eventserver\cudaplugin\cudaplugin\videoos.cudaplugin.unittests\bin\debug\videoos.cudaplugin.unittests.dll" id="174ea5c5-e42f-ef7d-e496-2c4dbfd10f6f">
      <Execution id="074416ab-08df-4146-a0f5-3a2484fe3ac7" />
      <TestMethod codeBase="D:\actions-runner\_work\XPCO\XPCO\EventServer\CUDAPlugin\CUDAPlugin\VideoOS.CUDAPlugin.UnitTests\bin\Debug\VideoOS.CUDAPlugin.UnitTests.dll" adapterTypeName="executor://mstestadapter/v2" className="VideoOS.CUDAPlugin.UnitTests.MessageHandlers.CUDASenderTests" name="CUDASender_Constructor_Success" />
    </UnitTest>
    <UnitTest name="KeysMustBeCorrectlyXORed" storage="d:\actions-runner\_work\xpco\xpco\eventserver\cudaplugin\cudaplugin\videoos.cudaplugin.unittests\bin\debug\videoos.cudaplugin.unittests.dll" id="6e7582e6-8a5d-aca4-1f44-5769526dcea8">
      <Execution id="05e95b06-9152-46b4-9ba3-56ffb86741fb" />
      <TestMethod codeBase="D:\actions-runner\_work\XPCO\XPCO\EventServer\CUDAPlugin\CUDAPlugin\VideoOS.CUDAPlugin.UnitTests\bin\Debug\VideoOS.CUDAPlugin.UnitTests.dll" adapterTypeName="executor://mstestadapter/v2" className="VideoOS.CUDAPlugin.UnitTests.CUDAClientTests" name="KeysMustBeCorrectlyXORed" />
    </UnitTest>
    <UnitTest name="UpdateIntervalCallsTheRightProcedureWithAnAppropriateParameter" storage="d:\actions-runner\_work\xpco\xpco\eventserver\cudaplugin\cudaplugin\videoos.cudaplugin.unittests\bin\debug\videoos.cudaplugin.unittests.dll" id="2fc42d3f-aa13-518a-c010-cf791be349ac">
      <Execution id="48d073ba-897f-439a-b8d2-eb962ad53585" />
      <TestMethod codeBase="D:\actions-runner\_work\XPCO\XPCO\EventServer\CUDAPlugin\CUDAPlugin\VideoOS.CUDAPlugin.UnitTests\bin\Debug\VideoOS.CUDAPlugin.UnitTests.dll" adapterTypeName="executor://mstestadapter/v2" className="VideoOS.CUDAPlugin.UnitTests.Database.CudaDataBaseManagerTests" name="UpdateIntervalCallsTheRightProcedureWithAnAppropriateParameter" />
    </UnitTest>
    <UnitTest name="GetSomeMessages" storage="d:\actions-runner\_work\xpco\xpco\eventserver\cudaplugin\cudaplugin\videoos.cudaplugin.unittests\bin\debug\videoos.cudaplugin.unittests.dll" id="343db540-7994-6ab3-6d43-b2d1a9d36e50">
      <Execution id="352d9bed-3f18-4f0c-9190-0724c58d6ce9" />
      <TestMethod codeBase="D:\actions-runner\_work\XPCO\XPCO\EventServer\CUDAPlugin\CUDAPlugin\VideoOS.CUDAPlugin.UnitTests\bin\Debug\VideoOS.CUDAPlugin.UnitTests.dll" adapterTypeName="executor://mstestadapter/v2" className="VideoOS.CUDAPlugin.UnitTests.Database.CudaDataBaseManagerTests" name="GetSomeMessages" />
    </UnitTest>
    <UnitTest name="DeleteSomeMessages" storage="d:\actions-runner\_work\xpco\xpco\eventserver\cudaplugin\cudaplugin\videoos.cudaplugin.unittests\bin\debug\videoos.cudaplugin.unittests.dll" id="f7756fe2-4410-1d28-2074-8a24da933ebe">
      <Execution id="bb78f2f6-3528-4a86-a879-3089b3318a43" />
      <TestMethod codeBase="D:\actions-runner\_work\XPCO\XPCO\EventServer\CUDAPlugin\CUDAPlugin\VideoOS.CUDAPlugin.UnitTests\bin\Debug\VideoOS.CUDAPlugin.UnitTests.dll" adapterTypeName="executor://mstestadapter/v2" className="VideoOS.CUDAPlugin.UnitTests.Database.CudaDataBaseManagerTests" name="DeleteSomeMessages" />
    </UnitTest>
    <UnitTest name="CUDATimer_TestDefaultTimePerid_FromTestFile" storage="d:\actions-runner\_work\xpco\xpco\eventserver\cudaplugin\cudaplugin\videoos.cudaplugin.unittests\bin\debug\videoos.cudaplugin.unittests.dll" id="91db1d51-c661-0097-4bc1-d5c3823094f5">
      <Execution id="7ef2f88e-467a-438c-84c5-9e57126de637" />
      <TestMethod codeBase="D:\actions-runner\_work\XPCO\XPCO\EventServer\CUDAPlugin\CUDAPlugin\VideoOS.CUDAPlugin.UnitTests\bin\Debug\VideoOS.CUDAPlugin.UnitTests.dll" adapterTypeName="executor://mstestadapter/v2" className="VideoOS.CUDAPlugin.UnitTests.MessageHandlers.CUDATimerTest" name="CUDATimer_TestDefaultTimePerid_FromTestFile" />
    </UnitTest>
    <UnitTest name="CUDAData_UpdateEventsAsync_SendingOnValidEvent" storage="d:\actions-runner\_work\xpco\xpco\eventserver\cudaplugin\cudaplugin\videoos.cudaplugin.unittests\bin\debug\videoos.cudaplugin.unittests.dll" id="9bf27950-6052-b036-149c-0770adf09e18">
      <Execution id="2b6aff04-1c62-4f8c-a0c0-5c9624d07f7d" />
      <TestMethod codeBase="D:\actions-runner\_work\XPCO\XPCO\EventServer\CUDAPlugin\CUDAPlugin\VideoOS.CUDAPlugin.UnitTests\bin\Debug\VideoOS.CUDAPlugin.UnitTests.dll" adapterTypeName="executor://mstestadapter/v2" className="VideoOS.CUDAPlugin.UnitTests.MessageHandlers.CUDADataTests" name="CUDAData_UpdateEventsAsync_SendingOnValidEvent" />
    </UnitTest>
    <UnitTest name="CUDATimer_TestDefaultTimePerid" storage="d:\actions-runner\_work\xpco\xpco\eventserver\cudaplugin\cudaplugin\videoos.cudaplugin.unittests\bin\debug\videoos.cudaplugin.unittests.dll" id="ecee5e87-895e-81a9-f470-f1ad348e4947">
      <Execution id="1aa2cf9e-d2f3-4339-b028-26ea058aad5a" />
      <TestMethod codeBase="D:\actions-runner\_work\XPCO\XPCO\EventServer\CUDAPlugin\CUDAPlugin\VideoOS.CUDAPlugin.UnitTests\bin\Debug\VideoOS.CUDAPlugin.UnitTests.dll" adapterTypeName="executor://mstestadapter/v2" className="VideoOS.CUDAPlugin.UnitTests.MessageHandlers.CUDATimerTest" name="CUDATimer_TestDefaultTimePerid" />
    </UnitTest>
    <UnitTest name="GetRandomKeyReturnsBase64EncodedString" storage="d:\actions-runner\_work\xpco\xpco\eventserver\cudaplugin\cudaplugin\videoos.cudaplugin.unittests\bin\debug\videoos.cudaplugin.unittests.dll" id="e553a0d2-ff4a-8cb6-48fb-935bc1cc03fb">
      <Execution id="6870b654-1fba-4c2c-82d4-e32b4b39b53e" />
      <TestMethod codeBase="D:\actions-runner\_work\XPCO\XPCO\EventServer\CUDAPlugin\CUDAPlugin\VideoOS.CUDAPlugin.UnitTests\bin\Debug\VideoOS.CUDAPlugin.UnitTests.dll" adapterTypeName="executor://mstestadapter/v2" className="VideoOS.CUDAPlugin.UnitTests.CUDAClientTests" name="GetRandomKeyReturnsBase64EncodedString" />
    </UnitTest>
    <UnitTest name="CUDAData_GetMessagesToSend_GetOneMessage" storage="d:\actions-runner\_work\xpco\xpco\eventserver\cudaplugin\cudaplugin\videoos.cudaplugin.unittests\bin\debug\videoos.cudaplugin.unittests.dll" id="13c70077-fa4a-dc8b-b47d-9bcb0f7c589b">
      <Execution id="db49310e-fc25-42a7-8b14-52ccf68c09c1" />
      <TestMethod codeBase="D:\actions-runner\_work\XPCO\XPCO\EventServer\CUDAPlugin\CUDAPlugin\VideoOS.CUDAPlugin.UnitTests\bin\Debug\VideoOS.CUDAPlugin.UnitTests.dll" adapterTypeName="executor://mstestadapter/v2" className="VideoOS.CUDAPlugin.UnitTests.MessageHandlers.CUDADataTests" name="CUDAData_GetMessagesToSend_GetOneMessage" />
    </UnitTest>
    <UnitTest name="GetRandomKeyReturnsResponseViaHttpCall" storage="d:\actions-runner\_work\xpco\xpco\eventserver\cudaplugin\cudaplugin\videoos.cudaplugin.unittests\bin\debug\videoos.cudaplugin.unittests.dll" id="6902898e-93a2-5f24-0415-4344c1392b74">
      <Execution id="8c0ba5e0-e8f0-4b51-a6c2-c768e288bdc8" />
      <TestMethod codeBase="D:\actions-runner\_work\XPCO\XPCO\EventServer\CUDAPlugin\CUDAPlugin\VideoOS.CUDAPlugin.UnitTests\bin\Debug\VideoOS.CUDAPlugin.UnitTests.dll" adapterTypeName="executor://mstestadapter/v2" className="VideoOS.CUDAPlugin.UnitTests.CUDAClientTests" name="GetRandomKeyReturnsResponseViaHttpCall" />
    </UnitTest>
    <UnitTest name="CUDAData_UpdateStates_SendingStateError" storage="d:\actions-runner\_work\xpco\xpco\eventserver\cudaplugin\cudaplugin\videoos.cudaplugin.unittests\bin\debug\videoos.cudaplugin.unittests.dll" id="1930ad25-8e17-294a-dac3-db274c5a5918">
      <Execution id="627eea68-d6d0-4678-b4ec-84d834485ced" />
      <TestMethod codeBase="D:\actions-runner\_work\XPCO\XPCO\EventServer\CUDAPlugin\CUDAPlugin\VideoOS.CUDAPlugin.UnitTests\bin\Debug\VideoOS.CUDAPlugin.UnitTests.dll" adapterTypeName="executor://mstestadapter/v2" className="VideoOS.CUDAPlugin.UnitTests.MessageHandlers.CUDADataTests" name="CUDAData_UpdateStates_SendingStateError" />
    </UnitTest>
    <UnitTest name="CUDAData_UpdateEvents_SendingTwoIdenticalEvent_OnlyOneStored" storage="d:\actions-runner\_work\xpco\xpco\eventserver\cudaplugin\cudaplugin\videoos.cudaplugin.unittests\bin\debug\videoos.cudaplugin.unittests.dll" id="452c2adc-bedc-0a29-567f-c05744d2231c">
      <Execution id="8c1b5597-ae5e-4ee5-a44a-eab1751f2464" />
      <TestMethod codeBase="D:\actions-runner\_work\XPCO\XPCO\EventServer\CUDAPlugin\CUDAPlugin\VideoOS.CUDAPlugin.UnitTests\bin\Debug\VideoOS.CUDAPlugin.UnitTests.dll" adapterTypeName="executor://mstestadapter/v2" className="VideoOS.CUDAPlugin.UnitTests.MessageHandlers.CUDADataTests" name="CUDAData_UpdateEvents_SendingTwoIdenticalEvent_OnlyOneStored" />
    </UnitTest>
    <UnitTest name="NoExceptionAndResponseIsDefaultTimeSpanWhenCudaPublicKeyIsUnavailableAsNull" storage="d:\actions-runner\_work\xpco\xpco\eventserver\cudaplugin\cudaplugin\videoos.cudaplugin.unittests\bin\debug\videoos.cudaplugin.unittests.dll" id="9f74f382-4c9b-dc90-0cd9-c0a16063e737">
      <Execution id="a16c0740-f5d7-4cde-bc88-fbfe5987bdd1" />
      <TestMethod codeBase="D:\actions-runner\_work\XPCO\XPCO\EventServer\CUDAPlugin\CUDAPlugin\VideoOS.CUDAPlugin.UnitTests\bin\Debug\VideoOS.CUDAPlugin.UnitTests.dll" adapterTypeName="executor://mstestadapter/v2" className="VideoOS.CUDAPlugin.UnitTests.CUDAClientTests" name="NoExceptionAndResponseIsDefaultTimeSpanWhenCudaPublicKeyIsUnavailableAsNull" />
    </UnitTest>
    <UnitTest name="CUDAData_UpdateEvents_SendingTwoDifferentEvent_TwoStored" storage="d:\actions-runner\_work\xpco\xpco\eventserver\cudaplugin\cudaplugin\videoos.cudaplugin.unittests\bin\debug\videoos.cudaplugin.unittests.dll" id="3e920c23-e78b-d038-0413-6e0cd32a1efa">
      <Execution id="cacbce7f-599b-4d95-bfb4-d7bb4ded630b" />
      <TestMethod codeBase="D:\actions-runner\_work\XPCO\XPCO\EventServer\CUDAPlugin\CUDAPlugin\VideoOS.CUDAPlugin.UnitTests\bin\Debug\VideoOS.CUDAPlugin.UnitTests.dll" adapterTypeName="executor://mstestadapter/v2" className="VideoOS.CUDAPlugin.UnitTests.MessageHandlers.CUDADataTests" name="CUDAData_UpdateEvents_SendingTwoDifferentEvent_TwoStored" />
    </UnitTest>
    <UnitTest name="AddSomeMessages" storage="d:\actions-runner\_work\xpco\xpco\eventserver\cudaplugin\cudaplugin\videoos.cudaplugin.unittests\bin\debug\videoos.cudaplugin.unittests.dll" id="9c6a15b1-7e4d-38df-4df8-78c2b0b1b4f8">
      <Execution id="72ee9666-0902-43ef-bc38-f42facb95deb" />
      <TestMethod codeBase="D:\actions-runner\_work\XPCO\XPCO\EventServer\CUDAPlugin\CUDAPlugin\VideoOS.CUDAPlugin.UnitTests\bin\Debug\VideoOS.CUDAPlugin.UnitTests.dll" adapterTypeName="executor://mstestadapter/v2" className="VideoOS.CUDAPlugin.UnitTests.Database.CudaDataBaseManagerTests" name="AddSomeMessages" />
    </UnitTest>
    <UnitTest name="CUDAData_UpdateStates_SendingStateNormal" storage="d:\actions-runner\_work\xpco\xpco\eventserver\cudaplugin\cudaplugin\videoos.cudaplugin.unittests\bin\debug\videoos.cudaplugin.unittests.dll" id="d5658108-79d8-8574-88a5-9e12d155f299">
      <Execution id="acd4fab0-d919-497c-87b2-2265e0eeea4f" />
      <TestMethod codeBase="D:\actions-runner\_work\XPCO\XPCO\EventServer\CUDAPlugin\CUDAPlugin\VideoOS.CUDAPlugin.UnitTests\bin\Debug\VideoOS.CUDAPlugin.UnitTests.dll" adapterTypeName="executor://mstestadapter/v2" className="VideoOS.CUDAPlugin.UnitTests.MessageHandlers.CUDADataTests" name="CUDAData_UpdateStates_SendingStateNormal" />
    </UnitTest>
    <UnitTest name="CUDAData_SetTimeInterval" storage="d:\actions-runner\_work\xpco\xpco\eventserver\cudaplugin\cudaplugin\videoos.cudaplugin.unittests\bin\debug\videoos.cudaplugin.unittests.dll" id="40966494-df15-a8d4-2f3f-eb95ead25620">
      <Execution id="67fc8a52-f547-4afd-ab84-30b17f888906" />
      <TestMethod codeBase="D:\actions-runner\_work\XPCO\XPCO\EventServer\CUDAPlugin\CUDAPlugin\VideoOS.CUDAPlugin.UnitTests\bin\Debug\VideoOS.CUDAPlugin.UnitTests.dll" adapterTypeName="executor://mstestadapter/v2" className="VideoOS.CUDAPlugin.UnitTests.MessageHandlers.CUDADataTests" name="CUDAData_SetTimeInterval" />
    </UnitTest>
    <UnitTest name="CUDASender_Stop_Success" storage="d:\actions-runner\_work\xpco\xpco\eventserver\cudaplugin\cudaplugin\videoos.cudaplugin.unittests\bin\debug\videoos.cudaplugin.unittests.dll" id="01d5750a-9805-0754-9f50-e8460648a4ca">
      <Execution id="9a1e9d0e-7a21-4573-b1b1-6af20c146469" />
      <TestMethod codeBase="D:\actions-runner\_work\XPCO\XPCO\EventServer\CUDAPlugin\CUDAPlugin\VideoOS.CUDAPlugin.UnitTests\bin\Debug\VideoOS.CUDAPlugin.UnitTests.dll" adapterTypeName="executor://mstestadapter/v2" className="VideoOS.CUDAPlugin.UnitTests.MessageHandlers.CUDASenderTests" name="CUDASender_Stop_Success" />
    </UnitTest>
    <UnitTest name="CUDASender_SendCudaAlarms_Success" storage="d:\actions-runner\_work\xpco\xpco\eventserver\cudaplugin\cudaplugin\videoos.cudaplugin.unittests\bin\debug\videoos.cudaplugin.unittests.dll" id="1204a390-a7fb-188c-9e06-52d3bde5776a">
      <Execution id="cd4e18cb-8b1f-475d-9c19-d0eb46beb35b" />
      <TestMethod codeBase="D:\actions-runner\_work\XPCO\XPCO\EventServer\CUDAPlugin\CUDAPlugin\VideoOS.CUDAPlugin.UnitTests\bin\Debug\VideoOS.CUDAPlugin.UnitTests.dll" adapterTypeName="executor://mstestadapter/v2" className="VideoOS.CUDAPlugin.UnitTests.MessageHandlers.CUDASenderTests" name="CUDASender_SendCudaAlarms_Success" />
    </UnitTest>
    <UnitTest name="StandardErrorCodeResultsInTrueReturnCodeFromCudaClient" storage="d:\actions-runner\_work\xpco\xpco\eventserver\cudaplugin\cudaplugin\videoos.cudaplugin.unittests\bin\debug\videoos.cudaplugin.unittests.dll" id="84f03161-5693-28f1-fa69-ba3a4114f79e">
      <Execution id="8d9587c4-9848-46f1-adaf-16e8e6dc113d" />
      <TestMethod codeBase="D:\actions-runner\_work\XPCO\XPCO\EventServer\CUDAPlugin\CUDAPlugin\VideoOS.CUDAPlugin.UnitTests\bin\Debug\VideoOS.CUDAPlugin.UnitTests.dll" adapterTypeName="executor://mstestadapter/v2" className="VideoOS.CUDAPlugin.UnitTests.CUDAClientTests" name="StandardErrorCodeResultsInTrueReturnCodeFromCudaClient" />
    </UnitTest>
    <UnitTest name="ServerResponseWithNextCommunicationTimeMustBeWellFormed" storage="d:\actions-runner\_work\xpco\xpco\eventserver\cudaplugin\cudaplugin\videoos.cudaplugin.unittests\bin\debug\videoos.cudaplugin.unittests.dll" id="3f8f7389-bf9c-2c70-e857-887b40c8f98f">
      <Execution id="e5da959a-d4b2-44b0-a26e-79d1eac6ce52" />
      <TestMethod codeBase="D:\actions-runner\_work\XPCO\XPCO\EventServer\CUDAPlugin\CUDAPlugin\VideoOS.CUDAPlugin.UnitTests\bin\Debug\VideoOS.CUDAPlugin.UnitTests.dll" adapterTypeName="executor://mstestadapter/v2" className="VideoOS.CUDAPlugin.UnitTests.CUDAClientTests" name="ServerResponseWithNextCommunicationTimeMustBeWellFormed" />
    </UnitTest>
    <UnitTest name="CUDASender_Start_Success" storage="d:\actions-runner\_work\xpco\xpco\eventserver\cudaplugin\cudaplugin\videoos.cudaplugin.unittests\bin\debug\videoos.cudaplugin.unittests.dll" id="df79c1b9-f779-ac45-04a2-6a7fdb418da2">
      <Execution id="25f8935b-b220-4fef-b837-71461147b93c" />
      <TestMethod codeBase="D:\actions-runner\_work\XPCO\XPCO\EventServer\CUDAPlugin\CUDAPlugin\VideoOS.CUDAPlugin.UnitTests\bin\Debug\VideoOS.CUDAPlugin.UnitTests.dll" adapterTypeName="executor://mstestadapter/v2" className="VideoOS.CUDAPlugin.UnitTests.MessageHandlers.CUDASenderTests" name="CUDASender_Start_Success" />
    </UnitTest>
    <UnitTest name="CUDAData_GetMessagesToSend_GetGroupedMessage" storage="d:\actions-runner\_work\xpco\xpco\eventserver\cudaplugin\cudaplugin\videoos.cudaplugin.unittests\bin\debug\videoos.cudaplugin.unittests.dll" id="b574a4bf-9bf3-235b-1bb8-ca8c629b1fff">
      <Execution id="2019ef24-935c-4310-8ff7-608e877b9aca" />
      <TestMethod codeBase="D:\actions-runner\_work\XPCO\XPCO\EventServer\CUDAPlugin\CUDAPlugin\VideoOS.CUDAPlugin.UnitTests\bin\Debug\VideoOS.CUDAPlugin.UnitTests.dll" adapterTypeName="executor://mstestadapter/v2" className="VideoOS.CUDAPlugin.UnitTests.MessageHandlers.CUDADataTests" name="CUDAData_GetMessagesToSend_GetGroupedMessage" />
    </UnitTest>
    <UnitTest name="GetMessagesCallsTheRightProcedureAndReturnsAnAppropriateResultSet" storage="d:\actions-runner\_work\xpco\xpco\eventserver\cudaplugin\cudaplugin\videoos.cudaplugin.unittests\bin\debug\videoos.cudaplugin.unittests.dll" id="b8658e76-d255-be4e-69ac-c29a7be08e85">
      <Execution id="a6dd0a8b-6a14-403e-9fea-4b48200f75eb" />
      <TestMethod codeBase="D:\actions-runner\_work\XPCO\XPCO\EventServer\CUDAPlugin\CUDAPlugin\VideoOS.CUDAPlugin.UnitTests\bin\Debug\VideoOS.CUDAPlugin.UnitTests.dll" adapterTypeName="executor://mstestadapter/v2" className="VideoOS.CUDAPlugin.UnitTests.Database.CudaDataBaseManagerTests" name="GetMessagesCallsTheRightProcedureAndReturnsAnAppropriateResultSet" />
    </UnitTest>
    <UnitTest name="CUDASender_SendCudaAlarms_FailedTestReAddingEvents" storage="d:\actions-runner\_work\xpco\xpco\eventserver\cudaplugin\cudaplugin\videoos.cudaplugin.unittests\bin\debug\videoos.cudaplugin.unittests.dll" id="df3d2f4b-794c-d1a2-a024-4909e792ee48">
      <Execution id="27600be6-764f-4df6-b66a-8dd3bc47b1fd" />
      <TestMethod codeBase="D:\actions-runner\_work\XPCO\XPCO\EventServer\CUDAPlugin\CUDAPlugin\VideoOS.CUDAPlugin.UnitTests\bin\Debug\VideoOS.CUDAPlugin.UnitTests.dll" adapterTypeName="executor://mstestadapter/v2" className="VideoOS.CUDAPlugin.UnitTests.MessageHandlers.CUDASenderTests" name="CUDASender_SendCudaAlarms_FailedTestReAddingEvents" />
    </UnitTest>
    <UnitTest name="HttpResponseContentGetsFetchedOnlyWhenErrorHandlerReturnsTrue" storage="d:\actions-runner\_work\xpco\xpco\eventserver\cudaplugin\cudaplugin\videoos.cudaplugin.unittests\bin\debug\videoos.cudaplugin.unittests.dll" id="0f43c31f-1b3a-a60b-52c4-4bd56da9459b">
      <Execution id="74d35b61-7182-4499-a18b-c39e04de445a" />
      <TestMethod codeBase="D:\actions-runner\_work\XPCO\XPCO\EventServer\CUDAPlugin\CUDAPlugin\VideoOS.CUDAPlugin.UnitTests\bin\Debug\VideoOS.CUDAPlugin.UnitTests.dll" adapterTypeName="executor://mstestadapter/v2" className="VideoOS.CUDAPlugin.UnitTests.CUDAClientTests" name="HttpResponseContentGetsFetchedOnlyWhenErrorHandlerReturnsTrue" />
    </UnitTest>
    <UnitTest name="ExcludeFromAboutBox_ShouldReturnTrue_WhenCalled" storage="d:\actions-runner\_work\xpco\xpco\eventserver\cudaplugin\cudaplugin\videoos.cudaplugin.unittests\bin\debug\videoos.cudaplugin.unittests.dll" id="fe673a6e-5112-d9dd-079e-567fa7ac584c">
      <Execution id="24a03623-1f4e-4478-a458-5bad83beb843" />
      <TestMethod codeBase="D:\actions-runner\_work\XPCO\XPCO\EventServer\CUDAPlugin\CUDAPlugin\VideoOS.CUDAPlugin.UnitTests\bin\Debug\VideoOS.CUDAPlugin.UnitTests.dll" adapterTypeName="executor://mstestadapter/v2" className="VideoOS.CUDAPlugin.UnitTests.CUDAPluginDefinitionTests" name="ExcludeFromAboutBox_ShouldReturnTrue_WhenCalled" />
    </UnitTest>
    <UnitTest name="AddMessagesCreatesOutputTableWithProperDimensionsAndContentsAndCallRelevantProcedure" storage="d:\actions-runner\_work\xpco\xpco\eventserver\cudaplugin\cudaplugin\videoos.cudaplugin.unittests\bin\debug\videoos.cudaplugin.unittests.dll" id="7a1d7930-fe66-c8db-e0df-e55606c6d32e">
      <Execution id="625c2ccd-6a63-4782-9b1b-e3114a707ee2" />
      <TestMethod codeBase="D:\actions-runner\_work\XPCO\XPCO\EventServer\CUDAPlugin\CUDAPlugin\VideoOS.CUDAPlugin.UnitTests\bin\Debug\VideoOS.CUDAPlugin.UnitTests.dll" adapterTypeName="executor://mstestadapter/v2" className="VideoOS.CUDAPlugin.UnitTests.Database.CudaDataBaseManagerTests" name="AddMessagesCreatesOutputTableWithProperDimensionsAndContentsAndCallRelevantProcedure" />
    </UnitTest>
    <UnitTest name="CUDAData_UpdateEvents_SendingOnValidEvent" storage="d:\actions-runner\_work\xpco\xpco\eventserver\cudaplugin\cudaplugin\videoos.cudaplugin.unittests\bin\debug\videoos.cudaplugin.unittests.dll" id="3ade9596-f0f3-b4d1-453a-4ae9059a882e">
      <Execution id="96fa4d1f-8995-494f-8352-30aaa05b9c2b" />
      <TestMethod codeBase="D:\actions-runner\_work\XPCO\XPCO\EventServer\CUDAPlugin\CUDAPlugin\VideoOS.CUDAPlugin.UnitTests\bin\Debug\VideoOS.CUDAPlugin.UnitTests.dll" adapterTypeName="executor://mstestadapter/v2" className="VideoOS.CUDAPlugin.UnitTests.MessageHandlers.CUDADataTests" name="CUDAData_UpdateEvents_SendingOnValidEvent" />
    </UnitTest>
    <UnitTest name="NoCudaKeyGetsLoggedWithRelevantOutput" storage="d:\actions-runner\_work\xpco\xpco\eventserver\cudaplugin\cudaplugin\videoos.cudaplugin.unittests\bin\debug\videoos.cudaplugin.unittests.dll" id="6eb5c194-2c91-d0f5-64d9-a0833abcd407">
      <Execution id="9e32c691-53a5-4fb6-9334-d9f519efcaee" />
      <TestMethod codeBase="D:\actions-runner\_work\XPCO\XPCO\EventServer\CUDAPlugin\CUDAPlugin\VideoOS.CUDAPlugin.UnitTests\bin\Debug\VideoOS.CUDAPlugin.UnitTests.dll" adapterTypeName="executor://mstestadapter/v2" className="VideoOS.CUDAPlugin.UnitTests.CUDAClientTests" name="NoCudaKeyGetsLoggedWithRelevantOutput" />
    </UnitTest>
    <UnitTest name="CUDASender_ResetTimer_Success" storage="d:\actions-runner\_work\xpco\xpco\eventserver\cudaplugin\cudaplugin\videoos.cudaplugin.unittests\bin\debug\videoos.cudaplugin.unittests.dll" id="4be629a3-9957-bd62-29e8-1c8f8ebaaa5d">
      <Execution id="a3acadf0-25d8-443a-a56b-9683debbde7f" />
      <TestMethod codeBase="D:\actions-runner\_work\XPCO\XPCO\EventServer\CUDAPlugin\CUDAPlugin\VideoOS.CUDAPlugin.UnitTests\bin\Debug\VideoOS.CUDAPlugin.UnitTests.dll" adapterTypeName="executor://mstestadapter/v2" className="VideoOS.CUDAPlugin.UnitTests.MessageHandlers.CUDASenderTests" name="CUDASender_ResetTimer_Success" />
    </UnitTest>
    <UnitTest name="UpdateInterval" storage="d:\actions-runner\_work\xpco\xpco\eventserver\cudaplugin\cudaplugin\videoos.cudaplugin.unittests\bin\debug\videoos.cudaplugin.unittests.dll" id="4a2b6c59-8009-b231-43da-ffc7c7e69b91">
      <Execution id="c2982940-08dd-4d80-961c-95d9f2cc88ea" />
      <TestMethod codeBase="D:\actions-runner\_work\XPCO\XPCO\EventServer\CUDAPlugin\CUDAPlugin\VideoOS.CUDAPlugin.UnitTests\bin\Debug\VideoOS.CUDAPlugin.UnitTests.dll" adapterTypeName="executor://mstestadapter/v2" className="VideoOS.CUDAPlugin.UnitTests.Database.CudaDataBaseManagerTests" name="UpdateInterval" />
    </UnitTest>
  </TestDefinitions>
  <TestEntries>
    <TestEntry testId="e553a0d2-ff4a-8cb6-48fb-935bc1cc03fb" executionId="6870b654-1fba-4c2c-82d4-e32b4b39b53e" testListId="8c84fa94-04c1-424b-9868-57a2d4851a1d" />
    <TestEntry testId="1204a390-a7fb-188c-9e06-52d3bde5776a" executionId="cd4e18cb-8b1f-475d-9c19-d0eb46beb35b" testListId="8c84fa94-04c1-424b-9868-57a2d4851a1d" />
    <TestEntry testId="01d5750a-9805-0754-9f50-e8460648a4ca" executionId="9a1e9d0e-7a21-4573-b1b1-6af20c146469" testListId="8c84fa94-04c1-424b-9868-57a2d4851a1d" />
    <TestEntry testId="f7756fe2-4410-1d28-2074-8a24da933ebe" executionId="bb78f2f6-3528-4a86-a879-3089b3318a43" testListId="8c84fa94-04c1-424b-9868-57a2d4851a1d" />
    <TestEntry testId="3ade9596-f0f3-b4d1-453a-4ae9059a882e" executionId="96fa4d1f-8995-494f-8352-30aaa05b9c2b" testListId="8c84fa94-04c1-424b-9868-57a2d4851a1d" />
    <TestEntry testId="343db540-7994-6ab3-6d43-b2d1a9d36e50" executionId="352d9bed-3f18-4f0c-9190-0724c58d6ce9" testListId="8c84fa94-04c1-424b-9868-57a2d4851a1d" />
    <TestEntry testId="3aafe68a-702f-bf3a-ef6d-9498e28c6bfd" executionId="1f9d6b0a-918b-4e9d-a34a-06742d604741" testListId="8c84fa94-04c1-424b-9868-57a2d4851a1d" />
    <TestEntry testId="b574a4bf-9bf3-235b-1bb8-ca8c629b1fff" executionId="2019ef24-935c-4310-8ff7-608e877b9aca" testListId="8c84fa94-04c1-424b-9868-57a2d4851a1d" />
    <TestEntry testId="6eb5c194-2c91-d0f5-64d9-a0833abcd407" executionId="9e32c691-53a5-4fb6-9334-d9f519efcaee" testListId="8c84fa94-04c1-424b-9868-57a2d4851a1d" />
    <TestEntry testId="12387a83-5385-f625-522a-82439a2a51fe" executionId="9d0d5ba8-0e97-4f5c-bd4c-5b5621da57a0" testListId="8c84fa94-04c1-424b-9868-57a2d4851a1d" />
    <TestEntry testId="87554ba0-45a2-6eac-affd-2be84955b1d3" executionId="8c3ff6d6-b581-4370-bbbc-ac3beccff1f7" testListId="8c84fa94-04c1-424b-9868-57a2d4851a1d" />
    <TestEntry testId="9f74f382-4c9b-dc90-0cd9-c0a16063e737" executionId="a16c0740-f5d7-4cde-bc88-fbfe5987bdd1" testListId="8c84fa94-04c1-424b-9868-57a2d4851a1d" />
    <TestEntry testId="4a2b6c59-8009-b231-43da-ffc7c7e69b91" executionId="c2982940-08dd-4d80-961c-95d9f2cc88ea" testListId="8c84fa94-04c1-424b-9868-57a2d4851a1d" />
    <TestEntry testId="174ea5c5-e42f-ef7d-e496-2c4dbfd10f6f" executionId="074416ab-08df-4146-a0f5-3a2484fe3ac7" testListId="8c84fa94-04c1-424b-9868-57a2d4851a1d" />
    <TestEntry testId="7a1d7930-fe66-c8db-e0df-e55606c6d32e" executionId="625c2ccd-6a63-4782-9b1b-e3114a707ee2" testListId="8c84fa94-04c1-424b-9868-57a2d4851a1d" />
    <TestEntry testId="6902898e-93a2-5f24-0415-4344c1392b74" executionId="8c0ba5e0-e8f0-4b51-a6c2-c768e288bdc8" testListId="8c84fa94-04c1-424b-9868-57a2d4851a1d" />
    <TestEntry testId="df3d2f4b-794c-d1a2-a024-4909e792ee48" executionId="27600be6-764f-4df6-b66a-8dd3bc47b1fd" testListId="8c84fa94-04c1-424b-9868-57a2d4851a1d" />
    <TestEntry testId="9c6a15b1-7e4d-38df-4df8-78c2b0b1b4f8" executionId="72ee9666-0902-43ef-bc38-f42facb95deb" testListId="8c84fa94-04c1-424b-9868-57a2d4851a1d" />
    <TestEntry testId="b8658e76-d255-be4e-69ac-c29a7be08e85" executionId="a6dd0a8b-6a14-403e-9fea-4b48200f75eb" testListId="8c84fa94-04c1-424b-9868-57a2d4851a1d" />
    <TestEntry testId="3f8f7389-bf9c-2c70-e857-887b40c8f98f" executionId="e5da959a-d4b2-44b0-a26e-79d1eac6ce52" testListId="8c84fa94-04c1-424b-9868-57a2d4851a1d" />
    <TestEntry testId="ecee5e87-895e-81a9-f470-f1ad348e4947" executionId="1aa2cf9e-d2f3-4339-b028-26ea058aad5a" testListId="8c84fa94-04c1-424b-9868-57a2d4851a1d" />
    <TestEntry testId="6e7582e6-8a5d-aca4-1f44-5769526dcea8" executionId="05e95b06-9152-46b4-9ba3-56ffb86741fb" testListId="8c84fa94-04c1-424b-9868-57a2d4851a1d" />
    <TestEntry testId="fe673a6e-5112-d9dd-079e-567fa7ac584c" executionId="24a03623-1f4e-4478-a458-5bad83beb843" testListId="8c84fa94-04c1-424b-9868-57a2d4851a1d" />
    <TestEntry testId="1930ad25-8e17-294a-dac3-db274c5a5918" executionId="627eea68-d6d0-4678-b4ec-84d834485ced" testListId="8c84fa94-04c1-424b-9868-57a2d4851a1d" />
    <TestEntry testId="13c70077-fa4a-dc8b-b47d-9bcb0f7c589b" executionId="db49310e-fc25-42a7-8b14-52ccf68c09c1" testListId="8c84fa94-04c1-424b-9868-57a2d4851a1d" />
    <TestEntry testId="e88ecefb-3e1c-8c2a-25b6-fe99318c7d7b" executionId="17039c7d-0180-477d-a672-f7fa2cdcb65b" testListId="8c84fa94-04c1-424b-9868-57a2d4851a1d" />
    <TestEntry testId="84f03161-5693-28f1-fa69-ba3a4114f79e" executionId="8d9587c4-9848-46f1-adaf-16e8e6dc113d" testListId="8c84fa94-04c1-424b-9868-57a2d4851a1d" />
    <TestEntry testId="9bf27950-6052-b036-149c-0770adf09e18" executionId="2b6aff04-1c62-4f8c-a0c0-5c9624d07f7d" testListId="8c84fa94-04c1-424b-9868-57a2d4851a1d" />
    <TestEntry testId="d5658108-79d8-8574-88a5-9e12d155f299" executionId="acd4fab0-d919-497c-87b2-2265e0eeea4f" testListId="8c84fa94-04c1-424b-9868-57a2d4851a1d" />
    <TestEntry testId="acfca315-d4ce-e13e-928e-6fc8005a6f60" executionId="f986b11a-8cab-4b84-b1df-bef8244cdde8" testListId="8c84fa94-04c1-424b-9868-57a2d4851a1d" />
    <TestEntry testId="351e6ca3-c2ff-618c-4fd7-d7f376d13759" executionId="9a8b5c0e-6e25-4995-a35c-fee3f054d4fe" testListId="8c84fa94-04c1-424b-9868-57a2d4851a1d" />
    <TestEntry testId="452c2adc-bedc-0a29-567f-c05744d2231c" executionId="8c1b5597-ae5e-4ee5-a44a-eab1751f2464" testListId="8c84fa94-04c1-424b-9868-57a2d4851a1d" />
    <TestEntry testId="0f43c31f-1b3a-a60b-52c4-4bd56da9459b" executionId="74d35b61-7182-4499-a18b-c39e04de445a" testListId="8c84fa94-04c1-424b-9868-57a2d4851a1d" />
    <TestEntry testId="91db1d51-c661-0097-4bc1-d5c3823094f5" executionId="7ef2f88e-467a-438c-84c5-9e57126de637" testListId="8c84fa94-04c1-424b-9868-57a2d4851a1d" />
    <TestEntry testId="df79c1b9-f779-ac45-04a2-6a7fdb418da2" executionId="25f8935b-b220-4fef-b837-71461147b93c" testListId="8c84fa94-04c1-424b-9868-57a2d4851a1d" />
    <TestEntry testId="2fc42d3f-aa13-518a-c010-cf791be349ac" executionId="48d073ba-897f-439a-b8d2-eb962ad53585" testListId="8c84fa94-04c1-424b-9868-57a2d4851a1d" />
    <TestEntry testId="40966494-df15-a8d4-2f3f-eb95ead25620" executionId="67fc8a52-f547-4afd-ab84-30b17f888906" testListId="8c84fa94-04c1-424b-9868-57a2d4851a1d" />
    <TestEntry testId="3e920c23-e78b-d038-0413-6e0cd32a1efa" executionId="cacbce7f-599b-4d95-bfb4-d7bb4ded630b" testListId="8c84fa94-04c1-424b-9868-57a2d4851a1d" />
    <TestEntry testId="4be629a3-9957-bd62-29e8-1c8f8ebaaa5d" executionId="a3acadf0-25d8-443a-a56b-9683debbde7f" testListId="8c84fa94-04c1-424b-9868-57a2d4851a1d" />
  </TestEntries>
  <TestLists>
    <TestList name="Results Not in a List" id="8c84fa94-04c1-424b-9868-57a2d4851a1d" />
    <TestList name="All Loaded Results" id="19431567-8539-422a-85d7-44ee4e166bda" />
  </TestLists>
  <ResultSummary outcome="Completed">
    <Counters total="39" executed="39" passed="39" failed="0" error="0" timeout="0" aborted="0" inconclusive="0" passedButRunAborted="0" notRunnable="0" notExecuted="0" disconnected="0" warning="0" completed="0" inProgress="0" pending="0" />
    <RunInfos>
      <RunInfo computerName="DKSR-EFI-06" outcome="Warning" timestamp="2024-01-09T15:42:52.2790667+01:00">
        <Text>[MSTest][Discovery][D:\actions-runner\_work\XPCO\XPCO\AllSolutions\..\EventServer\CUDAPlugin\CUDAPlugin\VideoOS.CUDAPlugin.UnitTests\bin\Debug\VideoOS.CUDAPlugin.UnitTests.dll] UTA007: Method SmokeTests defined in class VideoOS.CUDAPlugin.UnitTests.CUDAClientTests does not have correct signature. Test method marked with the [TestMethod] attribute must be non-static, public, return-type as void  and should not take any parameter. Example: public void Test.Class1.Test(). Additionally, if you are using async-await in test method then return-type must be Task. Example: public async Task Test.Class1.Test2()</Text>
      </RunInfo>
    </RunInfos>
  </ResultSummary>
</TestRun>