<?xml version="1.0" encoding="utf-8"?>
<TestRun id="78af0921-9ed0-4c4b-b77a-215c903824d0" name="DKSR-EFI-06$@DKSR-EFI-06 2024-01-09 15:43:07" runUser="NT AUTHORITY\NETWORK SERVICE" xmlns="http://microsoft.com/schemas/VisualStudio/TeamTest/2010">
  <Times creation="2024-01-09T15:43:07.5134688+01:00" queuing="2024-01-09T15:43:07.5134688+01:00" start="2024-01-09T15:42:57.3415830+01:00" finish="2024-01-09T15:43:32.4353792+01:00" />
  <TestSettings name="default" id="81ef87b4-93d6-4026-8b4f-f75ed501025a">
    <Deployment runDeploymentRoot="DKSR-EFI-06$_DKSR-EFI-06_2024-01-09_15_43_07" />
  </TestSettings>
  <Results>
    <UnitTestResult executionId="2bc0373b-4fe9-4f6f-b340-537a83b41d88" testId="094bba8f-c3e2-d36c-6093-90d928e3ff38" testName="TestMultipleSessionsSingleUserId" computerName="DKSR-EFI-06" duration="00:00:00.0006817" startTime="2024-01-09T15:43:27.0760010+01:00" endTime="2024-01-09T15:43:27.0916291+01:00" testType="13cdc9d9-ddb5-4fa4-a97d-d965ccfc6d4b" outcome="Passed" testListId="8c84fa94-04c1-424b-9868-57a2d4851a1d" relativeResultsDirectory="2bc0373b-4fe9-4f6f-b340-537a83b41d88" />
    <UnitTestResult executionId="b1077e74-c6b7-4193-9da3-ad7d329e249f" testId="d40dc10a-64d0-160e-43ab-7ade16a57465" testName="TestName" computerName="DKSR-EFI-06" duration="00:00:00.0023232" startTime="2024-01-09T15:43:20.3728753+01:00" endTime="2024-01-09T15:43:20.3884995+01:00" testType="13cdc9d9-ddb5-4fa4-a97d-d965ccfc6d4b" outcome="Passed" testListId="8c84fa94-04c1-424b-9868-57a2d4851a1d" relativeResultsDirectory="b1077e74-c6b7-4193-9da3-ad7d329e249f" />
    <UnitTestResult executionId="4c47bd4c-baa5-4ba1-998e-3e96b68587fc" testId="61b1faa6-0efc-af5e-6a9d-e58e6eb783b9" testName="SystemMonitorStatePusher_PushesCurrentCameraState_WhenNewCameraItemIsAdded" computerName="DKSR-EFI-06" duration="00:00:00.1928116" startTime="2024-01-09T15:43:28.9666297+01:00" endTime="2024-01-09T15:43:29.1541279+01:00" testType="13cdc9d9-ddb5-4fa4-a97d-d965ccfc6d4b" outcome="Passed" testListId="8c84fa94-04c1-424b-9868-57a2d4851a1d" relativeResultsDirectory="4c47bd4c-baa5-4ba1-998e-3e96b68587fc" />
    <UnitTestResult executionId="34bc6ae8-37cc-4dee-adcc-9eeb8d6e1b3d" testId="bd13d3be-2b69-2191-9edd-a13c4674c882" testName="TestGetPlugInItemChangesWithInvalidUser" computerName="DKSR-EFI-06" duration="00:00:00.0025809" startTime="2024-01-09T15:43:17.2166171+01:00" endTime="2024-01-09T15:43:17.2322429+01:00" testType="13cdc9d9-ddb5-4fa4-a97d-d965ccfc6d4b" outcome="Passed" testListId="8c84fa94-04c1-424b-9868-57a2d4851a1d" relativeResultsDirectory="34bc6ae8-37cc-4dee-adcc-9eeb8d6e1b3d" />
    <UnitTestResult executionId="8cbfc4f2-2ae0-4669-af13-d9af56350848" testId="d1f7a5c2-3ee0-b6c4-54cf-c0d5f5f43eb3" testName="TestMarkAsDeleted" computerName="DKSR-EFI-06" duration="00:00:00.0024567" startTime="2024-01-09T15:43:25.4197528+01:00" endTime="2024-01-09T15:43:25.4197528+01:00" testType="13cdc9d9-ddb5-4fa4-a97d-d965ccfc6d4b" outcome="Passed" testListId="8c84fa94-04c1-424b-9868-57a2d4851a1d" relativeResultsDirectory="8cbfc4f2-2ae0-4669-af13-d9af56350848" />
    <UnitTestResult executionId="af14b27f-e5e3-4e99-b8ac-25b2e1b34692" testId="40011b60-4048-c1a7-b55d-88f066436383" testName="TestUpdateElementWithTwoRelationsOnSameParentCausingCyclicTree" computerName="DKSR-EFI-06" duration="00:00:00.0070770" startTime="2024-01-09T15:43:23.1072503+01:00" endTime="2024-01-09T15:43:23.1072503+01:00" testType="13cdc9d9-ddb5-4fa4-a97d-d965ccfc6d4b" outcome="Passed" testListId="8c84fa94-04c1-424b-9868-57a2d4851a1d" relativeResultsDirectory="af14b27f-e5e3-4e99-b8ac-25b2e1b34692" />
    <UnitTestResult executionId="46a1fa3e-6755-4923-b99a-54755e87cc9c" testId="d0a15130-1ca6-b7e5-8f44-4b44d16aba65" testName="Handle_ShouldFlattenPriorityValue_WhenValuesIncludePriorityIntAndPriorityNameAndPriority" computerName="DKSR-EFI-06" duration="00:00:00.0027808" startTime="2024-01-09T15:43:30.5135418+01:00" endTime="2024-01-09T15:43:30.5135418+01:00" testType="13cdc9d9-ddb5-4fa4-a97d-d965ccfc6d4b" outcome="Passed" testListId="8c84fa94-04c1-424b-9868-57a2d4851a1d" relativeResultsDirectory="46a1fa3e-6755-4923-b99a-54755e87cc9c" />
    <UnitTestResult executionId="23d65bf7-2dbf-4c1d-9d25-eb35193abc40" testId="cbdeb48c-9946-2f9b-d5ad-e5852245e50b" testName="TestGetIconDataWithInvalidUser" computerName="DKSR-EFI-06" duration="00:00:00.0027034" startTime="2024-01-09T15:43:17.0134944+01:00" endTime="2024-01-09T15:43:17.0291209+01:00" testType="13cdc9d9-ddb5-4fa4-a97d-d965ccfc6d4b" outcome="Passed" testListId="8c84fa94-04c1-424b-9868-57a2d4851a1d" relativeResultsDirectory="23d65bf7-2dbf-4c1d-9d25-eb35193abc40" />
    <UnitTestResult executionId="982bdf3b-1b38-4e8c-abae-19206ff12100" testId="5b4394a3-5514-825f-4826-f5d52800d9d3" testName="TestGetVisualElementChangesWithNegativeTimeout" computerName="DKSR-EFI-06" duration="00:00:00.0039313" startTime="2024-01-09T15:43:18.1853714+01:00" endTime="2024-01-09T15:43:18.1853714+01:00" testType="13cdc9d9-ddb5-4fa4-a97d-d965ccfc6d4b" outcome="Passed" testListId="8c84fa94-04c1-424b-9868-57a2d4851a1d" relativeResultsDirectory="982bdf3b-1b38-4e8c-abae-19206ff12100" />
    <UnitTestResult executionId="ebf1b319-797a-4a28-9395-84537aa17ac1" testId="c31cef10-8516-b9e7-a04d-69b760ded6f6" testName="TestCreateObjectsThrowingUnhandledException" computerName="DKSR-EFI-06" duration="00:00:00.0039342" startTime="2024-01-09T15:43:16.6384944+01:00" endTime="2024-01-09T15:43:16.6384944+01:00" testType="13cdc9d9-ddb5-4fa4-a97d-d965ccfc6d4b" outcome="Passed" testListId="8c84fa94-04c1-424b-9868-57a2d4851a1d" relativeResultsDirectory="ebf1b319-797a-4a28-9395-84537aa17ac1" />
    <UnitTestResult executionId="bc9136b7-9539-4252-9d77-e976ab328770" testId="6d3c75aa-64b1-6ada-2a01-e4e42d5cc21c" testName="WebServiceTest_CreateHTTPBinding" computerName="DKSR-EFI-06" duration="00:00:00.0039042" startTime="2024-01-09T15:43:26.1697529+01:00" endTime="2024-01-09T15:43:26.1697529+01:00" testType="13cdc9d9-ddb5-4fa4-a97d-d965ccfc6d4b" outcome="Passed" testListId="8c84fa94-04c1-424b-9868-57a2d4851a1d" relativeResultsDirectory="bc9136b7-9539-4252-9d77-e976ab328770" />
    <UnitTestResult executionId="b5846aac-ef23-4869-9d96-20b016c89632" testId="b8289cb1-7e5f-64cb-d1b0-4dd9582e9145" testName="TestGetProperties" computerName="DKSR-EFI-06" duration="00:00:00.0034874" startTime="2024-01-09T15:43:20.6228728+01:00" endTime="2024-01-09T15:43:20.6228728+01:00" testType="13cdc9d9-ddb5-4fa4-a97d-d965ccfc6d4b" outcome="Passed" testListId="8c84fa94-04c1-424b-9868-57a2d4851a1d" relativeResultsDirectory="b5846aac-ef23-4869-9d96-20b016c89632" />
    <UnitTestResult executionId="74f4e8b8-4ae8-4a63-8713-80835815c2bb" testId="eb2f2cd7-c193-fc00-42d8-b5c3c4bea8bc" testName="TestConstructorWithVisualElement" computerName="DKSR-EFI-06" duration="00:00:00.0023466" startTime="2024-01-09T15:43:24.4197527+01:00" endTime="2024-01-09T15:43:24.4197527+01:00" testType="13cdc9d9-ddb5-4fa4-a97d-d965ccfc6d4b" outcome="Passed" testListId="8c84fa94-04c1-424b-9868-57a2d4851a1d" relativeResultsDirectory="74f4e8b8-4ae8-4a63-8713-80835815c2bb" />
    <UnitTestResult executionId="8feec11c-3935-4d47-8d71-485cf84e16f4" testId="efd6bd24-441a-3baa-e256-65b8d3cbc0bb" testName="TestUpdateElementWithCyclicRelation" computerName="DKSR-EFI-06" duration="00:00:00.0101551" startTime="2024-01-09T15:43:23.0603769+01:00" endTime="2024-01-09T15:43:23.0760021+01:00" testType="13cdc9d9-ddb5-4fa4-a97d-d965ccfc6d4b" outcome="Passed" testListId="8c84fa94-04c1-424b-9868-57a2d4851a1d" relativeResultsDirectory="8feec11c-3935-4d47-8d71-485cf84e16f4" />
    <UnitTestResult executionId="a009f7e9-8538-4b6c-8f0b-0d5b05ea95f2" testId="fa5b705f-74f1-eb9b-e48e-98b073d14fd2" testName="TestUpdateWithNullParameters" computerName="DKSR-EFI-06" duration="00:00:00.0038547" startTime="2024-01-09T15:43:25.4197528+01:00" endTime="2024-01-09T15:43:25.4197528+01:00" testType="13cdc9d9-ddb5-4fa4-a97d-d965ccfc6d4b" outcome="Passed" testListId="8c84fa94-04c1-424b-9868-57a2d4851a1d" relativeResultsDirectory="a009f7e9-8538-4b6c-8f0b-0d5b05ea95f2" />
    <UnitTestResult executionId="66efed5b-9e04-4fe6-b425-c1fed0954c34" testId="aff30fbf-763f-2f9e-b0cc-a98a35d151b0" testName="TestUpdateElementDisplayXmlWithNonExistingVisualOwnerId" computerName="DKSR-EFI-06" duration="00:00:00.0021135" startTime="2024-01-09T15:43:22.2322488+01:00" endTime="2024-01-09T15:43:22.2322488+01:00" testType="13cdc9d9-ddb5-4fa4-a97d-d965ccfc6d4b" outcome="Passed" testListId="8c84fa94-04c1-424b-9868-57a2d4851a1d" relativeResultsDirectory="66efed5b-9e04-4fe6-b425-c1fed0954c34" />
    <UnitTestResult executionId="2c9dcf13-b892-49c1-9401-32034a830c55" testId="bcc2542f-2068-b622-e2f2-3cc555e9d8ce" testName="GetVisualElementChanges_WithZeroTimeout" computerName="DKSR-EFI-06" duration="00:00:00.0061573" startTime="2024-01-09T15:43:17.0916186+01:00" endTime="2024-01-09T15:43:17.0916186+01:00" testType="13cdc9d9-ddb5-4fa4-a97d-d965ccfc6d4b" outcome="Passed" testListId="8c84fa94-04c1-424b-9868-57a2d4851a1d" relativeResultsDirectory="2c9dcf13-b892-49c1-9401-32034a830c55" />
    <UnitTestResult executionId="794b763e-6580-4df0-94cd-9c541fc6672c" testId="03f3f165-6eb2-c462-06fa-5224fc9ec9a7" testName="GetAllKinds_ShouldReturnCorrectKinds_WithUniqueMembers" computerName="DKSR-EFI-06" duration="00:00:00.0049438" startTime="2024-01-09T15:43:27.5916285+01:00" endTime="2024-01-09T15:43:27.5916285+01:00" testType="13cdc9d9-ddb5-4fa4-a97d-d965ccfc6d4b" outcome="Passed" testListId="8c84fa94-04c1-424b-9868-57a2d4851a1d" relativeResultsDirectory="794b763e-6580-4df0-94cd-9c541fc6672c" />
    <UnitTestResult executionId="05cd8411-aecc-4ded-a253-9179458d9145" testId="22c512ee-e1ec-d3b4-619b-8c4fac598876" testName="TestUpdateElementBoundsWithOwnerElement" computerName="DKSR-EFI-06" duration="00:00:00.0070398" startTime="2024-01-09T15:43:22.2010001+01:00" endTime="2024-01-09T15:43:22.2010001+01:00" testType="13cdc9d9-ddb5-4fa4-a97d-d965ccfc6d4b" outcome="Passed" testListId="8c84fa94-04c1-424b-9868-57a2d4851a1d" relativeResultsDirectory="05cd8411-aecc-4ded-a253-9179458d9145" />
    <UnitTestResult executionId="87f8193a-05ea-4dc1-accd-0298956cfc66" testId="9c86edb1-8421-03ff-f287-850cdcf3d65e" testName="TestGetTypeChangedWithInvalidUser" computerName="DKSR-EFI-06" duration="00:00:00.0027724" startTime="2024-01-09T15:43:17.0447443+01:00" endTime="2024-01-09T15:43:17.0447443+01:00" testType="13cdc9d9-ddb5-4fa4-a97d-d965ccfc6d4b" outcome="Passed" testListId="8c84fa94-04c1-424b-9868-57a2d4851a1d" relativeResultsDirectory="87f8193a-05ea-4dc1-accd-0298956cfc66" />
    <UnitTestResult executionId="e1a351dc-af79-4d56-b468-68f7575f02b4" testId="4f23a621-f756-78e4-ef6d-3087baf6d1ca" testName="TestMultipleSessionsMultipleUserIdsMultipleAdds" computerName="DKSR-EFI-06" duration="00:00:00.0013377" startTime="2024-01-09T15:43:27.0916291+01:00" endTime="2024-01-09T15:43:27.0916291+01:00" testType="13cdc9d9-ddb5-4fa4-a97d-d965ccfc6d4b" outcome="Passed" testListId="8c84fa94-04c1-424b-9868-57a2d4851a1d" relativeResultsDirectory="e1a351dc-af79-4d56-b468-68f7575f02b4" />
    <UnitTestResult executionId="e0001765-b67c-4f39-8291-33ee9b0ca470" testId="4ef9ba7f-9843-68c1-3bd4-4c329c30cec0" testName="Handle_ShouldFlattenPriorityValue_WhenValuesIncludePriorityAndPriorityInt" computerName="DKSR-EFI-06" duration="00:00:00.0023159" startTime="2024-01-09T15:43:30.5291283+01:00" endTime="2024-01-09T15:43:30.5291283+01:00" testType="13cdc9d9-ddb5-4fa4-a97d-d965ccfc6d4b" outcome="Passed" testListId="8c84fa94-04c1-424b-9868-57a2d4851a1d" relativeResultsDirectory="e0001765-b67c-4f39-8291-33ee9b0ca470" />
    <UnitTestResult executionId="02d9824c-3794-4cd8-b691-7fe292d109bd" testId="97b31139-a598-5002-d238-5d4d9f4008d4" testName="TestConstructorWithVisualElementStorageDatabaseAndVisualElementWithObjects" computerName="DKSR-EFI-06" duration="00:00:00.0106709" startTime="2024-01-09T15:43:25.2635001+01:00" endTime="2024-01-09T15:43:25.2635001+01:00" testType="13cdc9d9-ddb5-4fa4-a97d-d965ccfc6d4b" outcome="Passed" testListId="8c84fa94-04c1-424b-9868-57a2d4851a1d" relativeResultsDirectory="02d9824c-3794-4cd8-b691-7fe292d109bd" />
    <UnitTestResult executionId="6fa1e937-c4ab-49e7-a520-cada38759056" testId="728d1115-151c-0e88-82f7-4da6a4daa585" testName="TestLoadXMLWithInvalidDoubles" computerName="DKSR-EFI-06" duration="00:00:00.0011370" startTime="2024-01-09T15:43:24.4822523+01:00" endTime="2024-01-09T15:43:24.4822523+01:00" testType="13cdc9d9-ddb5-4fa4-a97d-d965ccfc6d4b" outcome="Passed" testListId="8c84fa94-04c1-424b-9868-57a2d4851a1d" relativeResultsDirectory="6fa1e937-c4ab-49e7-a520-cada38759056" />
    <UnitTestResult executionId="028bec0a-c0e3-4da0-b665-48e132c1ddc8" testId="fd0ab141-7840-5d96-7618-b67c8b840eee" testName="TestGetDataWithPrune" computerName="DKSR-EFI-06" duration="00:00:00.0075614" startTime="2024-01-09T15:43:13.6072371+01:00" endTime="2024-01-09T15:43:13.6228626+01:00" testType="13cdc9d9-ddb5-4fa4-a97d-d965ccfc6d4b" outcome="Passed" testListId="8c84fa94-04c1-424b-9868-57a2d4851a1d" relativeResultsDirectory="028bec0a-c0e3-4da0-b665-48e132c1ddc8" />
    <UnitTestResult executionId="17b10cef-d925-4aa2-bb14-3b06cc792645" testId="09f25e02-1fea-e16e-0d02-81e3a86fadf2" testName="TestConstructorWithVisualElementStorageDatabase" computerName="DKSR-EFI-06" duration="00:00:00.0105147" startTime="2024-01-09T15:43:25.1853759+01:00" endTime="2024-01-09T15:43:25.2010445+01:00" testType="13cdc9d9-ddb5-4fa4-a97d-d965ccfc6d4b" outcome="Passed" testListId="8c84fa94-04c1-424b-9868-57a2d4851a1d" relativeResultsDirectory="17b10cef-d925-4aa2-bb14-3b06cc792645" />
    <UnitTestResult executionId="0e7eb2c5-1d85-417e-8479-e3c803f470d9" testId="767c499b-6b4e-ed35-1957-484bc25803c1" testName="GetAllObjectIDsOnVisualElement_WithValidParameters" computerName="DKSR-EFI-06" duration="00:00:00.0213201" startTime="2024-01-09T15:43:18.0134953+01:00" endTime="2024-01-09T15:43:18.0291200+01:00" testType="13cdc9d9-ddb5-4fa4-a97d-d965ccfc6d4b" outcome="Passed" testListId="8c84fa94-04c1-424b-9868-57a2d4851a1d" relativeResultsDirectory="0e7eb2c5-1d85-417e-8479-e3c803f470d9" />
    <UnitTestResult executionId="bae07550-151d-4c9d-b882-336e57db486e" testId="1ae86f40-de65-d93c-055b-9239232d7a2e" testName="TestUpdateElementBoundsWithValidParameters" computerName="DKSR-EFI-06" duration="00:00:00.0068512" startTime="2024-01-09T15:43:22.1853751+01:00" endTime="2024-01-09T15:43:22.2010001+01:00" testType="13cdc9d9-ddb5-4fa4-a97d-d965ccfc6d4b" outcome="Passed" testListId="8c84fa94-04c1-424b-9868-57a2d4851a1d" relativeResultsDirectory="bae07550-151d-4c9d-b882-336e57db486e" />
    <UnitTestResult executionId="8042625f-de0c-492e-a3c1-ee3971c38cc7" testId="3f532001-bc00-e7ae-e945-4f15c68b9b8d" testName="CreateInstanceReturnsMipEventIdWhenWhenEventServerTypeIdInMessageId" computerName="DKSR-EFI-06" duration="00:00:00.0078432" startTime="2024-01-09T15:43:28.4197536+01:00" endTime="2024-01-09T15:43:28.4353789+01:00" testType="13cdc9d9-ddb5-4fa4-a97d-d965ccfc6d4b" outcome="Passed" testListId="8c84fa94-04c1-424b-9868-57a2d4851a1d" relativeResultsDirectory="8042625f-de0c-492e-a3c1-ee3971c38cc7" />
    <UnitTestResult executionId="442d8765-f9c8-4078-abe1-185507f2fcab" testId="1615d896-8039-477a-8cb4-89284c760e2c" testName="TestCreateObjectThrowingUnhandledException" computerName="DKSR-EFI-06" duration="00:00:00.0080099" startTime="2024-01-09T15:43:17.2947453+01:00" endTime="2024-01-09T15:43:17.3103713+01:00" testType="13cdc9d9-ddb5-4fa4-a97d-d965ccfc6d4b" outcome="Passed" testListId="8c84fa94-04c1-424b-9868-57a2d4851a1d" relativeResultsDirectory="442d8765-f9c8-4078-abe1-185507f2fcab" />
    <UnitTestResult executionId="e4eb10ca-1ea1-459a-99df-6faf0655e800" testId="d5621eba-cb30-7bb1-a1d1-8acbd8028e45" testName="TestRemoveElementsWithOldTimestamp" computerName="DKSR-EFI-06" duration="00:00:00.0036442" startTime="2024-01-09T15:43:23.8416272+01:00" endTime="2024-01-09T15:43:23.8416272+01:00" testType="13cdc9d9-ddb5-4fa4-a97d-d965ccfc6d4b" outcome="Passed" testListId="8c84fa94-04c1-424b-9868-57a2d4851a1d" relativeResultsDirectory="e4eb10ca-1ea1-459a-99df-6faf0655e800" />
    <UnitTestResult executionId="3d4c87e5-5736-41db-bb82-0f946ed3f171" testId="c9ac8109-a977-5850-df7c-0201cbb26bfc" testName="TestRemoveElementWithElementWithRelationRelationIdRemoved" computerName="DKSR-EFI-06" duration="00:00:00.0112586" startTime="2024-01-09T15:43:23.7166252+01:00" endTime="2024-01-09T15:43:23.7322514+01:00" testType="13cdc9d9-ddb5-4fa4-a97d-d965ccfc6d4b" outcome="Passed" testListId="8c84fa94-04c1-424b-9868-57a2d4851a1d" relativeResultsDirectory="3d4c87e5-5736-41db-bb82-0f946ed3f171" />
    <UnitTestResult executionId="77c88d62-07ae-4e15-ad89-ec28a5908120" testId="452b2ad6-63da-e377-e214-101b481a21fa" testName="TestGetInProgressAlarms" computerName="DKSR-EFI-06" duration="00:00:00.0019845" startTime="2024-01-09T15:43:25.1228752+01:00" endTime="2024-01-09T15:43:25.1228752+01:00" testType="13cdc9d9-ddb5-4fa4-a97d-d965ccfc6d4b" outcome="Passed" testListId="8c84fa94-04c1-424b-9868-57a2d4851a1d" relativeResultsDirectory="77c88d62-07ae-4e15-ad89-ec28a5908120" />
    <UnitTestResult executionId="ab3c8cc1-047f-49dd-8718-34465ef0b362" testId="9688a158-7527-5fc3-8f52-444dcee106fa" testName="TestGetVisualElementChangesWithPositiveTimeout" computerName="DKSR-EFI-06" duration="00:00:00.1316537" startTime="2024-01-09T15:43:14.3884885+01:00" endTime="2024-01-09T15:43:14.5291144+01:00" testType="13cdc9d9-ddb5-4fa4-a97d-d965ccfc6d4b" outcome="Passed" testListId="8c84fa94-04c1-424b-9868-57a2d4851a1d" relativeResultsDirectory="ab3c8cc1-047f-49dd-8718-34465ef0b362" />
    <UnitTestResult executionId="b7993ad8-d6b3-4e29-93d7-e761dd658052" testId="002617bd-a67a-7b4b-5bc6-130c54767026" testName="TestRemoveElementWithOldTimestamp" computerName="DKSR-EFI-06" duration="00:00:00.0033518" startTime="2024-01-09T15:43:23.6853759+01:00" endTime="2024-01-09T15:43:23.6853759+01:00" testType="13cdc9d9-ddb5-4fa4-a97d-d965ccfc6d4b" outcome="Passed" testListId="8c84fa94-04c1-424b-9868-57a2d4851a1d" relativeResultsDirectory="b7993ad8-d6b3-4e29-93d7-e761dd658052" />
    <UnitTestResult executionId="458c23a2-66d5-4e00-860e-c66a52adb4af" testId="f70c4cdf-d4c9-9cde-60f2-7b3846e100d8" testName="EventConverter_ConvertEventStatusToBaseItem_Success_InternalEvent" computerName="DKSR-EFI-06" duration="00:00:00.0419595" startTime="2024-01-09T15:43:26.4512539+01:00" endTime="2024-01-09T15:43:26.4978769+01:00" testType="13cdc9d9-ddb5-4fa4-a97d-d965ccfc6d4b" outcome="Passed" testListId="8c84fa94-04c1-424b-9868-57a2d4851a1d" relativeResultsDirectory="458c23a2-66d5-4e00-860e-c66a52adb4af" />
    <UnitTestResult executionId="3135b9ba-e51e-4ec1-86ce-aa37fd68b849" testId="dd96b905-dcef-c594-5611-ca3036f7f364" testName="TestUpdateNameNotAuthenticated" computerName="DKSR-EFI-06" duration="00:00:00.0017371" startTime="2024-01-09T15:43:17.3728680+01:00" endTime="2024-01-09T15:43:17.3728680+01:00" testType="13cdc9d9-ddb5-4fa4-a97d-d965ccfc6d4b" outcome="Passed" testListId="8c84fa94-04c1-424b-9868-57a2d4851a1d" relativeResultsDirectory="3135b9ba-e51e-4ec1-86ce-aa37fd68b849" />
    <UnitTestResult executionId="864462cf-135e-4a10-a2d1-17824176e9cf" testId="0e5a3475-da9b-1e91-d7bb-1eef45e61a92" testName="TestCreateObjectWithValidParameters" computerName="DKSR-EFI-06" duration="00:00:00.0049002" startTime="2024-01-09T15:43:17.2791186+01:00" endTime="2024-01-09T15:43:17.2947453+01:00" testType="13cdc9d9-ddb5-4fa4-a97d-d965ccfc6d4b" outcome="Passed" testListId="8c84fa94-04c1-424b-9868-57a2d4851a1d" relativeResultsDirectory="864462cf-135e-4a10-a2d1-17824176e9cf" />
    <UnitTestResult executionId="f89f821e-b6b0-411f-8092-545e9436e9d0" testId="b786416e-7d48-adbf-e477-6b331c5b8dce" testName="TestGetSnapshotsException" computerName="DKSR-EFI-06" duration="00:00:00.0038109" startTime="2024-01-09T15:43:18.8572453+01:00" endTime="2024-01-09T15:43:18.8572453+01:00" testType="13cdc9d9-ddb5-4fa4-a97d-d965ccfc6d4b" outcome="Passed" testListId="8c84fa94-04c1-424b-9868-57a2d4851a1d" relativeResultsDirectory="f89f821e-b6b0-411f-8092-545e9436e9d0" />
    <UnitTestResult executionId="fba9d6d4-3f2e-466c-8845-873d65efe2c1" testId="e4485a7b-7692-9572-08b5-73744887a6e6" testName="TestCreateFilteredConfigurationEventsLimited" computerName="DKSR-EFI-06" duration="00:00:00.0011905" startTime="2024-01-09T15:43:31.4822551+01:00" endTime="2024-01-09T15:43:31.4822551+01:00" testType="13cdc9d9-ddb5-4fa4-a97d-d965ccfc6d4b" outcome="Passed" testListId="8c84fa94-04c1-424b-9868-57a2d4851a1d" relativeResultsDirectory="fba9d6d4-3f2e-466c-8845-873d65efe2c1" />
    <UnitTestResult executionId="72a02db3-6857-4bd5-ab0b-ac711f289440" testId="4e83dfb8-d6fa-96b5-e523-9b7e2b677ee8" testName="EventConverter_ConvertBaseItemToBaseEvent_Success_With_Reference_Items" computerName="DKSR-EFI-06" duration="00:00:00.0135119" startTime="2024-01-09T15:43:26.5916282+01:00" endTime="2024-01-09T15:43:26.6072535+01:00" testType="13cdc9d9-ddb5-4fa4-a97d-d965ccfc6d4b" outcome="Passed" testListId="8c84fa94-04c1-424b-9868-57a2d4851a1d" relativeResultsDirectory="72a02db3-6857-4bd5-ab0b-ac711f289440" />
    <UnitTestResult executionId="a2a29c57-5543-4d8b-b64c-4b314d29e6a5" testId="0fd712d9-59b7-cb04-8840-d908f2765c31" testName="TestGetVisualElementChangesWithInvalidUser" computerName="DKSR-EFI-06" duration="00:00:00.0028319" startTime="2024-01-09T15:43:17.0759945+01:00" endTime="2024-01-09T15:43:17.0759945+01:00" testType="13cdc9d9-ddb5-4fa4-a97d-d965ccfc6d4b" outcome="Passed" testListId="8c84fa94-04c1-424b-9868-57a2d4851a1d" relativeResultsDirectory="a2a29c57-5543-4d8b-b64c-4b314d29e6a5" />
    <UnitTestResult executionId="93f027b0-8b4f-43c1-bd15-4fdc2bc9643b" testId="73753696-2533-9426-cb28-017c160d36af" testName="DeleteObject_WithValidParameters" computerName="DKSR-EFI-06" duration="00:00:00.0046555" startTime="2024-01-09T15:43:18.0603701+01:00" endTime="2024-01-09T15:43:18.0603701+01:00" testType="13cdc9d9-ddb5-4fa4-a97d-d965ccfc6d4b" outcome="Passed" testListId="8c84fa94-04c1-424b-9868-57a2d4851a1d" relativeResultsDirectory="93f027b0-8b4f-43c1-bd15-4fdc2bc9643b" />
    <UnitTestResult executionId="87a28223-2c8c-4876-bd61-ceba7414b3ab" testId="decbdcfc-adb8-130c-8096-ad9c64fb6a0e" testName="TestGetObjectsWithinGPSAreaWithInvalidUser" computerName="DKSR-EFI-06" duration="00:00:00.0027726" startTime="2024-01-09T15:43:16.7634921+01:00" endTime="2024-01-09T15:43:16.7634921+01:00" testType="13cdc9d9-ddb5-4fa4-a97d-d965ccfc6d4b" outcome="Passed" testListId="8c84fa94-04c1-424b-9868-57a2d4851a1d" relativeResultsDirectory="87a28223-2c8c-4876-bd61-ceba7414b3ab" />
    <UnitTestResult executionId="01660108-99d7-4bb1-83d7-def881622bbb" testId="47d6cddf-c885-e67b-0599-3e5be2206dbc" testName="TestInsertElementsWithSameRelationIdAsExistingElement" computerName="DKSR-EFI-06" duration="00:00:00.0036066" startTime="2024-01-09T15:43:22.9041258+01:00" endTime="2024-01-09T15:43:22.9041258+01:00" testType="13cdc9d9-ddb5-4fa4-a97d-d965ccfc6d4b" outcome="Passed" testListId="8c84fa94-04c1-424b-9868-57a2d4851a1d" relativeResultsDirectory="01660108-99d7-4bb1-83d7-def881622bbb" />
    <UnitTestResult executionId="ff225b90-9573-44a5-9975-3957e6b83008" testId="6320ea53-85ae-967c-2d46-ad563b7772c4" testName="DeleteObject_WithValidParameters" computerName="DKSR-EFI-06" duration="00:00:00.0047079" startTime="2024-01-09T15:43:16.8416182+01:00" endTime="2024-01-09T15:43:16.8416182+01:00" testType="13cdc9d9-ddb5-4fa4-a97d-d965ccfc6d4b" outcome="Passed" testListId="8c84fa94-04c1-424b-9868-57a2d4851a1d" relativeResultsDirectory="ff225b90-9573-44a5-9975-3957e6b83008" />
    <UnitTestResult executionId="3ec2ac3e-15c2-41c9-9522-03a7544305f4" testId="6488b4e1-85d5-895b-3547-5a9de2e90989" testName="TestID" computerName="DKSR-EFI-06" duration="00:00:00.0024690" startTime="2024-01-09T15:43:19.3416236+01:00" endTime="2024-01-09T15:43:19.3416236+01:00" testType="13cdc9d9-ddb5-4fa4-a97d-d965ccfc6d4b" outcome="Passed" testListId="8c84fa94-04c1-424b-9868-57a2d4851a1d" relativeResultsDirectory="3ec2ac3e-15c2-41c9-9522-03a7544305f4" />
    <UnitTestResult executionId="c08f1e68-4495-4029-a157-c7422a4db487" testId="0fd024f0-12ba-7ea7-b690-018972738db2" testName="TestStartWithNoConfigHosts" computerName="DKSR-EFI-06" duration="00:00:00.0009178" startTime="2024-01-09T15:43:27.4197534+01:00" endTime="2024-01-09T15:43:27.4197534+01:00" testType="13cdc9d9-ddb5-4fa4-a97d-d965ccfc6d4b" outcome="Passed" testListId="8c84fa94-04c1-424b-9868-57a2d4851a1d" relativeResultsDirectory="c08f1e68-4495-4029-a157-c7422a4db487" />
    <UnitTestResult executionId="55a40df0-41fd-4c9b-80a6-49733e478e3a" testId="a0c28440-3fc9-873a-2f7d-9443bb37c937" testName="GetAllObjectsOnVisualElement_FilteringAllDifferentServerRelations" computerName="DKSR-EFI-06" duration="00:00:00.0066107" startTime="2024-01-09T15:43:17.9666208+01:00" endTime="2024-01-09T15:43:17.9666208+01:00" testType="13cdc9d9-ddb5-4fa4-a97d-d965ccfc6d4b" outcome="Passed" testListId="8c84fa94-04c1-424b-9868-57a2d4851a1d" relativeResultsDirectory="55a40df0-41fd-4c9b-80a6-49733e478e3a" />
    <UnitTestResult executionId="ab6bb648-8022-4318-aa16-bea25e340f0b" testId="8a008f19-8c0c-1ccf-7f84-a2d6bcee30d0" testName="TestCheckAccessWithForce" computerName="DKSR-EFI-06" duration="00:00:00.0040410" startTime="2024-01-09T15:43:24.3103765+01:00" endTime="2024-01-09T15:43:24.3260041+01:00" testType="13cdc9d9-ddb5-4fa4-a97d-d965ccfc6d4b" outcome="Passed" testListId="8c84fa94-04c1-424b-9868-57a2d4851a1d" relativeResultsDirectory="ab6bb648-8022-4318-aa16-bea25e340f0b" />
    <UnitTestResult executionId="4ba1e9fd-f274-4867-9127-15eb9b9f4f2f" testId="be97b11f-8dc8-1eaa-e222-f5f0d93061d2" testName="CreateObjects_WithValidParameters" computerName="DKSR-EFI-06" duration="00:00:00.0046681" startTime="2024-01-09T15:43:17.7791189+01:00" endTime="2024-01-09T15:43:17.7791189+01:00" testType="13cdc9d9-ddb5-4fa4-a97d-d965ccfc6d4b" outcome="Passed" testListId="8c84fa94-04c1-424b-9868-57a2d4851a1d" relativeResultsDirectory="4ba1e9fd-f274-4867-9127-15eb9b9f4f2f" />
    <UnitTestResult executionId="22de3d5f-2c19-4c21-935d-60bf942b4898" testId="edcfd9c3-452b-274d-975f-fbc155d6a6ed" testName="WhenAlarmSearchCriteriaWithCorrectDataThenCorrectString" computerName="DKSR-EFI-06" duration="00:00:00.0015685" startTime="2024-01-09T15:43:26.3572522+01:00" endTime="2024-01-09T15:43:26.3572522+01:00" testType="13cdc9d9-ddb5-4fa4-a97d-d965ccfc6d4b" outcome="Passed" testListId="8c84fa94-04c1-424b-9868-57a2d4851a1d" relativeResultsDirectory="22de3d5f-2c19-4c21-935d-60bf942b4898" />
    <UnitTestResult executionId="56e58d48-7aa4-4778-a3fa-dd5ee6f83f2f" testId="57fccb87-67ac-d6c7-5c1d-5dac0961ade9" testName="TestUpdateAlarmWithComment" computerName="DKSR-EFI-06" duration="00:00:00.0129944" startTime="2024-01-09T15:43:18.9822490+01:00" endTime="2024-01-09T15:43:18.9978745+01:00" testType="13cdc9d9-ddb5-4fa4-a97d-d965ccfc6d4b" outcome="Passed" testListId="8c84fa94-04c1-424b-9868-57a2d4851a1d" relativeResultsDirectory="56e58d48-7aa4-4778-a3fa-dd5ee6f83f2f" />
    <UnitTestResult executionId="c4f58c58-1386-483c-b4f8-25311b307c70" testId="fba6c5d6-f67e-b778-3f6d-40b264f20da7" testName="TestGetTypeChanged" computerName="DKSR-EFI-06" duration="00:00:00.0041951" startTime="2024-01-09T15:43:24.1853776+01:00" endTime="2024-01-09T15:43:24.2010019+01:00" testType="13cdc9d9-ddb5-4fa4-a97d-d965ccfc6d4b" outcome="Passed" testListId="8c84fa94-04c1-424b-9868-57a2d4851a1d" relativeResultsDirectory="c4f58c58-1386-483c-b4f8-25311b307c70" />
    <UnitTestResult executionId="68883db0-5632-43ce-889d-75e235a28244" testId="ccb9bfbc-3d59-3184-7e4f-081f9ce17556" testName="TestGetVisualElementChangesWithSubElements" computerName="DKSR-EFI-06" duration="00:00:00.0141254" startTime="2024-01-09T15:43:24.2323028+01:00" endTime="2024-01-09T15:43:24.2478780+01:00" testType="13cdc9d9-ddb5-4fa4-a97d-d965ccfc6d4b" outcome="Passed" testListId="8c84fa94-04c1-424b-9868-57a2d4851a1d" relativeResultsDirectory="68883db0-5632-43ce-889d-75e235a28244" />
    <UnitTestResult executionId="4c377554-626f-4b8f-a914-c6240e8ab96a" testId="09333fb6-02c4-4782-382c-b2f2c7a30637" testName="TestGetNewAlarms" computerName="DKSR-EFI-06" duration="00:00:00.0010071" startTime="2024-01-09T15:43:25.1228752+01:00" endTime="2024-01-09T15:43:25.1228752+01:00" testType="13cdc9d9-ddb5-4fa4-a97d-d965ccfc6d4b" outcome="Passed" testListId="8c84fa94-04c1-424b-9868-57a2d4851a1d" relativeResultsDirectory="4c377554-626f-4b8f-a914-c6240e8ab96a" />
    <UnitTestResult executionId="5afce79d-bc56-4393-bd15-916f698b411c" testId="96abae70-804e-22a1-b798-693289176733" testName="TestRemoveElementAndChildElementsWithRelationsToDifferentServers" computerName="DKSR-EFI-06" duration="00:00:00.0234524" startTime="2024-01-09T15:43:24.1697502+01:00" endTime="2024-01-09T15:43:24.1853776+01:00" testType="13cdc9d9-ddb5-4fa4-a97d-d965ccfc6d4b" outcome="Passed" testListId="8c84fa94-04c1-424b-9868-57a2d4851a1d" relativeResultsDirectory="5afce79d-bc56-4393-bd15-916f698b411c" />
    <UnitTestResult executionId="c39ebef5-47fd-4ddf-addc-151c531e26a3" testId="f47618c5-722e-6e57-bc97-ac13a004d957" testName="TestAccessControlConfigHostAdded" computerName="DKSR-EFI-06" duration="00:00:00.0054304" startTime="2024-01-09T15:43:27.4353768+01:00" endTime="2024-01-09T15:43:27.4353768+01:00" testType="13cdc9d9-ddb5-4fa4-a97d-d965ccfc6d4b" outcome="Passed" testListId="8c84fa94-04c1-424b-9868-57a2d4851a1d" relativeResultsDirectory="c39ebef5-47fd-4ddf-addc-151c531e26a3" />
    <UnitTestResult executionId="efaae7c1-2b51-47f7-a21d-98edb4f0857e" testId="1a12a332-e73f-ef96-40a4-64a398ff0092" testName="WhenAlarmSearchCriteriaWithNoValuesThenEmptyString" computerName="DKSR-EFI-06" duration="00:00:00.0002190" startTime="2024-01-09T15:43:26.3728775+01:00" endTime="2024-01-09T15:43:26.3728775+01:00" testType="13cdc9d9-ddb5-4fa4-a97d-d965ccfc6d4b" outcome="Passed" testListId="8c84fa94-04c1-424b-9868-57a2d4851a1d" relativeResultsDirectory="efaae7c1-2b51-47f7-a21d-98edb4f0857e" />
    <UnitTestResult executionId="78562860-83b8-45d1-9e32-6b99cfc24415" testId="22e094aa-8588-2993-1ed3-ae0f3e830978" testName="Constructor_ShouldRaiseArgumentNullException_WhenKeyManagerIsNull" computerName="DKSR-EFI-06" duration="00:00:00.0033248" startTime="2024-01-09T15:43:27.3572550+01:00" endTime="2024-01-09T15:43:27.3572550+01:00" testType="13cdc9d9-ddb5-4fa4-a97d-d965ccfc6d4b" outcome="Passed" testListId="8c84fa94-04c1-424b-9868-57a2d4851a1d" relativeResultsDirectory="78562860-83b8-45d1-9e32-6b99cfc24415" />
    <UnitTestResult executionId="54979cc4-cd9f-462b-99d6-0b411207c9c1" testId="c326596e-7b75-36be-fcbf-3e9d3f28c73d" testName="TestUpdateElementBoundsWithOldTimestamp" computerName="DKSR-EFI-06" duration="00:00:00.0026238" startTime="2024-01-09T15:43:22.2010001+01:00" endTime="2024-01-09T15:43:22.2166245+01:00" testType="13cdc9d9-ddb5-4fa4-a97d-d965ccfc6d4b" outcome="Passed" testListId="8c84fa94-04c1-424b-9868-57a2d4851a1d" relativeResultsDirectory="54979cc4-cd9f-462b-99d6-0b411207c9c1" />
    <UnitTestResult executionId="661c3ce8-90b3-44c5-bfca-2debc0583438" testId="6f4aa358-fb39-bf15-74d6-cff7bf6dc736" testName="TestClose" computerName="DKSR-EFI-06" duration="00:00:00.0038600" startTime="2024-01-09T15:43:27.4666713+01:00" endTime="2024-01-09T15:43:27.4666713+01:00" testType="13cdc9d9-ddb5-4fa4-a97d-d965ccfc6d4b" outcome="Passed" testListId="8c84fa94-04c1-424b-9868-57a2d4851a1d" relativeResultsDirectory="661c3ce8-90b3-44c5-bfca-2debc0583438" />
    <UnitTestResult executionId="ec5e2b34-19b9-45cb-9c72-9a226c47da29" testId="ca460ab7-0633-570a-3f65-82ba50f53cf4" testName="TestActionHandlerStopNotStarted" computerName="DKSR-EFI-06" duration="00:00:00.0011894" startTime="2024-01-09T15:43:26.0291290+01:00" endTime="2024-01-09T15:43:26.0291290+01:00" testType="13cdc9d9-ddb5-4fa4-a97d-d965ccfc6d4b" outcome="Passed" testListId="8c84fa94-04c1-424b-9868-57a2d4851a1d" relativeResultsDirectory="ec5e2b34-19b9-45cb-9c72-9a226c47da29" />
    <UnitTestResult executionId="24249470-1705-4968-94c4-e46d65e6665b" testId="80738fc9-f45c-b37e-24ed-0c0f3e31a8eb" testName="WebServiceCommandBaseTest_VmoAdminUserValidation" computerName="DKSR-EFI-06" duration="00:00:00.0018483" startTime="2024-01-09T15:43:26.2166286+01:00" endTime="2024-01-09T15:43:26.2166286+01:00" testType="13cdc9d9-ddb5-4fa4-a97d-d965ccfc6d4b" outcome="Passed" testListId="8c84fa94-04c1-424b-9868-57a2d4851a1d" relativeResultsDirectory="24249470-1705-4968-94c4-e46d65e6665b" />
    <UnitTestResult executionId="220c6133-631e-4141-9f1b-f652b4fb492c" testId="4920ef1a-ec63-940a-6c12-3ff42fd4dece" testName="TestGetVisualizationNotAuthenticated" computerName="DKSR-EFI-06" duration="00:00:00.0016912" startTime="2024-01-09T15:43:14.3728616+01:00" endTime="2024-01-09T15:43:14.3728616+01:00" testType="13cdc9d9-ddb5-4fa4-a97d-d965ccfc6d4b" outcome="Passed" testListId="8c84fa94-04c1-424b-9868-57a2d4851a1d" relativeResultsDirectory="220c6133-631e-4141-9f1b-f652b4fb492c" />
    <UnitTestResult executionId="9b6aee81-3066-49b3-9f56-50e70e0dba38" testId="5c9176a2-10c0-60f1-d8ea-56e9bf838835" testName="TestGetAllObjectsOnVisualElementThrowingUnhandledException" computerName="DKSR-EFI-06" duration="00:00:00.0039089" startTime="2024-01-09T15:43:17.4822454+01:00" endTime="2024-01-09T15:43:17.4822454+01:00" testType="13cdc9d9-ddb5-4fa4-a97d-d965ccfc6d4b" outcome="Passed" testListId="8c84fa94-04c1-424b-9868-57a2d4851a1d" relativeResultsDirectory="9b6aee81-3066-49b3-9f56-50e70e0dba38" />
    <UnitTestResult executionId="7f24f51a-00a7-4c79-976c-c811245b6b00" testId="fae7770e-a34c-d24e-3dc4-4c8b734ea8bd" testName="TestCheckAuthorizationWithCorporateBasicUser" computerName="DKSR-EFI-06" duration="00:00:00.0020580" startTime="2024-01-09T15:43:27.2791462+01:00" endTime="2024-01-09T15:43:27.2947532+01:00" testType="13cdc9d9-ddb5-4fa4-a97d-d965ccfc6d4b" outcome="Passed" testListId="8c84fa94-04c1-424b-9868-57a2d4851a1d" relativeResultsDirectory="7f24f51a-00a7-4c79-976c-c811245b6b00" />
    <UnitTestResult executionId="99d654e4-924f-47b3-ab00-58b26c5738fe" testId="36da37d2-4bc2-9801-a72b-ccfc4d1e6877" testName="TestGetAllElementsOfTypeWithCyclicTree" computerName="DKSR-EFI-06" duration="00:00:00.0371686" startTime="2024-01-09T15:43:23.3572518+01:00" endTime="2024-01-09T15:43:23.3885000+01:00" testType="13cdc9d9-ddb5-4fa4-a97d-d965ccfc6d4b" outcome="Passed" testListId="8c84fa94-04c1-424b-9868-57a2d4851a1d" relativeResultsDirectory="99d654e4-924f-47b3-ab00-58b26c5738fe" />
    <UnitTestResult executionId="a0de6f38-c736-47e9-9c27-fdb53f8c48e5" testId="c8928bd0-50a2-9d4e-412a-4945259d8ebb" testName="TestUpdateElementBoundsWithAMarkedForDeletionElement" computerName="DKSR-EFI-06" duration="00:00:00.0036187" startTime="2024-01-09T15:43:22.1853751+01:00" endTime="2024-01-09T15:43:22.1853751+01:00" testType="13cdc9d9-ddb5-4fa4-a97d-d965ccfc6d4b" outcome="Passed" testListId="8c84fa94-04c1-424b-9868-57a2d4851a1d" relativeResultsDirectory="a0de6f38-c736-47e9-9c27-fdb53f8c48e5" />
    <UnitTestResult executionId="19e5e8ca-f3f5-4255-a258-0210742f8509" testId="06c41f3f-b907-8887-c033-31260fa78eef" testName="TestGetAllElementsOfTypeIncludeRootOnSingleTree" computerName="DKSR-EFI-06" duration="00:00:00.0077932" startTime="2024-01-09T15:43:23.4978763+01:00" endTime="2024-01-09T15:43:23.5135009+01:00" testType="13cdc9d9-ddb5-4fa4-a97d-d965ccfc6d4b" outcome="Passed" testListId="8c84fa94-04c1-424b-9868-57a2d4851a1d" relativeResultsDirectory="19e5e8ca-f3f5-4255-a258-0210742f8509" />
    <UnitTestResult executionId="25fff6ba-aef9-4316-ad1e-b819c25413ce" testId="5f2caf5e-eee3-03b0-3c1f-126ec31da375" testName="TestItemAddedWithNullValue" computerName="DKSR-EFI-06" duration="00:00:00.0006507" startTime="2024-01-09T15:43:20.4197492+01:00" endTime="2024-01-09T15:43:20.4197492+01:00" testType="13cdc9d9-ddb5-4fa4-a97d-d965ccfc6d4b" outcome="Passed" testListId="8c84fa94-04c1-424b-9868-57a2d4851a1d" relativeResultsDirectory="25fff6ba-aef9-4316-ad1e-b819c25413ce" />
    <UnitTestResult executionId="9fc68f46-c1e8-490d-baca-8f38775c9a32" testId="1eaf47a2-60dc-7505-3311-4f2ff75e91fd" testName="TestUpdateObjectsWithInvalidUser" computerName="DKSR-EFI-06" duration="00:00:00.0030590" startTime="2024-01-09T15:43:16.6697445+01:00" endTime="2024-01-09T15:43:16.6697445+01:00" testType="13cdc9d9-ddb5-4fa4-a97d-d965ccfc6d4b" outcome="Passed" testListId="8c84fa94-04c1-424b-9868-57a2d4851a1d" relativeResultsDirectory="9fc68f46-c1e8-490d-baca-8f38775c9a32" />
    <UnitTestResult executionId="0e34e31e-334b-4144-a37a-94647732f892" testId="6c816cd8-81f7-b68e-6d6b-86481f285a46" testName="TestGetStatusDetailsWithValidCamera" computerName="DKSR-EFI-06" duration="00:00:00.0215327" startTime="2024-01-09T15:43:24.5603773+01:00" endTime="2024-01-09T15:43:24.5760004+01:00" testType="13cdc9d9-ddb5-4fa4-a97d-d965ccfc6d4b" outcome="Passed" testListId="8c84fa94-04c1-424b-9868-57a2d4851a1d" relativeResultsDirectory="0e34e31e-334b-4144-a37a-94647732f892" />
    <UnitTestResult executionId="831e3f16-060b-4e85-96de-cd60ba6b93fd" testId="3716fbb6-4400-db0e-3fbb-de68de859458" testName="TestUpdateState" computerName="DKSR-EFI-06" duration="00:00:00.0109890" startTime="2024-01-09T15:43:24.6541264+01:00" endTime="2024-01-09T15:43:24.6697512+01:00" testType="13cdc9d9-ddb5-4fa4-a97d-d965ccfc6d4b" outcome="Passed" testListId="8c84fa94-04c1-424b-9868-57a2d4851a1d" relativeResultsDirectory="831e3f16-060b-4e85-96de-cd60ba6b93fd" />
    <UnitTestResult executionId="2d7307bf-1948-4209-826e-a72b863cc762" testId="72f7ef9e-d85d-d440-d8d3-354ecc2e1b75" testName="TestGetAllObjectIDsOnVisualElementThrowingUnhandledException" computerName="DKSR-EFI-06" duration="00:00:00.0030560" startTime="2024-01-09T15:43:18.0603701+01:00" endTime="2024-01-09T15:43:18.0603701+01:00" testType="13cdc9d9-ddb5-4fa4-a97d-d965ccfc6d4b" outcome="Passed" testListId="8c84fa94-04c1-424b-9868-57a2d4851a1d" relativeResultsDirectory="2d7307bf-1948-4209-826e-a72b863cc762" />
    <UnitTestResult executionId="19a66de4-db9a-43ec-9a0c-e2b70c7c4bbd" testId="d828d57e-dac5-14b8-f7e8-fd33cc936f80" testName="TestValidateWithIncorrectUserTypeWindowsGroup" computerName="DKSR-EFI-06" duration="00:00:00.0012075" startTime="2024-01-09T15:43:07.6697178+01:00" endTime="2024-01-09T15:43:07.6697178+01:00" testType="13cdc9d9-ddb5-4fa4-a97d-d965ccfc6d4b" outcome="Passed" testListId="8c84fa94-04c1-424b-9868-57a2d4851a1d" relativeResultsDirectory="19a66de4-db9a-43ec-9a0c-e2b70c7c4bbd" />
    <UnitTestResult executionId="1c7c1491-2368-4cb2-bf01-b7c1541a2b98" testId="3f589117-7ee8-077c-6645-21816a7e0600" testName="TestGetAllObjectsOfTypeThrowingUnhandledException" computerName="DKSR-EFI-06" duration="00:00:00.0048059" startTime="2024-01-09T15:43:17.4509947+01:00" endTime="2024-01-09T15:43:17.4666198+01:00" testType="13cdc9d9-ddb5-4fa4-a97d-d965ccfc6d4b" outcome="Passed" testListId="8c84fa94-04c1-424b-9868-57a2d4851a1d" relativeResultsDirectory="1c7c1491-2368-4cb2-bf01-b7c1541a2b98" />
    <UnitTestResult executionId="a1dd4335-eb5f-4061-9389-1cecb4e7dfaf" testId="90008695-e423-465b-074d-2c2b187c520d" testName="WhenAlarmSearchCriteriaWithCorrectDataThenCorrectString" computerName="DKSR-EFI-06" duration="00:00:00.0411236" startTime="2024-01-09T15:43:26.3728775+01:00" endTime="2024-01-09T15:43:26.4197506+01:00" testType="13cdc9d9-ddb5-4fa4-a97d-d965ccfc6d4b" outcome="Passed" testListId="8c84fa94-04c1-424b-9868-57a2d4851a1d" relativeResultsDirectory="a1dd4335-eb5f-4061-9389-1cecb4e7dfaf" />
    <UnitTestResult executionId="b0b0144e-027b-4dfb-8327-436f659b2139" testId="10092c91-f6f5-7031-f494-8a1a4394cccd" testName="TestUpdateState" computerName="DKSR-EFI-06" duration="00:00:00.0129119" startTime="2024-01-09T15:43:24.6228789+01:00" endTime="2024-01-09T15:43:24.6228789+01:00" testType="13cdc9d9-ddb5-4fa4-a97d-d965ccfc6d4b" outcome="Passed" testListId="8c84fa94-04c1-424b-9868-57a2d4851a1d" relativeResultsDirectory="b0b0144e-027b-4dfb-8327-436f659b2139" />
    <UnitTestResult executionId="d91ae4fa-79f8-4d42-8b2c-79f0667609dc" testId="e0e2a4f8-9b17-afa2-2d2e-e9ed6c9180b5" testName="ShouldSave_ShouldBeFalse_AfterSavingConfiguration" computerName="DKSR-EFI-06" duration="00:00:00.0072897" startTime="2024-01-09T15:43:28.5291294+01:00" endTime="2024-01-09T15:43:28.5291294+01:00" testType="13cdc9d9-ddb5-4fa4-a97d-d965ccfc6d4b" outcome="Passed" testListId="8c84fa94-04c1-424b-9868-57a2d4851a1d" relativeResultsDirectory="d91ae4fa-79f8-4d42-8b2c-79f0667609dc" />
    <UnitTestResult executionId="611ed106-f134-48ef-baca-af6ce4e8bf1c" testId="c93413a4-cce4-d076-cdab-9f751d1f2bd6" testName="TestInsertElementsWithTwoElementsWithSameRelationId" computerName="DKSR-EFI-06" duration="00:00:00.0033965" startTime="2024-01-09T15:43:22.9041258+01:00" endTime="2024-01-09T15:43:22.9197514+01:00" testType="13cdc9d9-ddb5-4fa4-a97d-d965ccfc6d4b" outcome="Passed" testListId="8c84fa94-04c1-424b-9868-57a2d4851a1d" relativeResultsDirectory="611ed106-f134-48ef-baca-af6ce4e8bf1c" />
    <UnitTestResult executionId="c6dc10fe-fde1-4b01-8769-00fe6627df69" testId="5734cb8b-ad0b-f6ea-5207-d3e1d3f53b3f" testName="TestGetAlarmMessagesInvalidToken" computerName="DKSR-EFI-06" duration="00:00:00.0031070" startTime="2024-01-09T15:43:19.1541224+01:00" endTime="2024-01-09T15:43:19.1541224+01:00" testType="13cdc9d9-ddb5-4fa4-a97d-d965ccfc6d4b" outcome="Passed" testListId="8c84fa94-04c1-424b-9868-57a2d4851a1d" relativeResultsDirectory="c6dc10fe-fde1-4b01-8769-00fe6627df69" />
    <UnitTestResult executionId="8e25bba0-8e45-4abb-b249-a08ebcfce3fd" testId="4ef61b4c-e4db-af8f-ac17-9fede93bc802" testName="TestCheckAuthorizationWithCachedData" computerName="DKSR-EFI-06" duration="00:00:00.0016364" startTime="2024-01-09T15:43:27.2947532+01:00" endTime="2024-01-09T15:43:27.2947532+01:00" testType="13cdc9d9-ddb5-4fa4-a97d-d965ccfc6d4b" outcome="Passed" testListId="8c84fa94-04c1-424b-9868-57a2d4851a1d" relativeResultsDirectory="8e25bba0-8e45-4abb-b249-a08ebcfce3fd" />
    <UnitTestResult executionId="8716d568-d252-4fb9-af4b-1099fc136daa" testId="668dc18b-52e2-b50c-7609-7facf592731b" testName="TestInsertElementTwoRootElementsWithSameRecursiveElement" computerName="DKSR-EFI-06" duration="00:00:00.1358542" startTime="2024-01-09T15:43:22.5603762+01:00" endTime="2024-01-09T15:43:22.7009989+01:00" testType="13cdc9d9-ddb5-4fa4-a97d-d965ccfc6d4b" outcome="Passed" testListId="8c84fa94-04c1-424b-9868-57a2d4851a1d" relativeResultsDirectory="8716d568-d252-4fb9-af4b-1099fc136daa" />
    <UnitTestResult executionId="293876f0-a1bb-4060-8dd8-f6b3d7c36a1f" testId="2eaf6ee4-1003-56ee-eef5-aafdbc50175e" testName="WhenAlarmSearchCriteriaWrongCriteriaNameThenEmptyString" computerName="DKSR-EFI-06" duration="00:00:00.0160915" startTime="2024-01-09T15:43:26.3103786+01:00" endTime="2024-01-09T15:43:26.3260029+01:00" testType="13cdc9d9-ddb5-4fa4-a97d-d965ccfc6d4b" outcome="Passed" testListId="8c84fa94-04c1-424b-9868-57a2d4851a1d" relativeResultsDirectory="293876f0-a1bb-4060-8dd8-f6b3d7c36a1f" />
    <UnitTestResult executionId="6409d6af-f641-49b2-9d82-b615a69ad5e9" testId="e958c267-d2e7-8fc0-2571-f4f00000f195" testName="TestSetVisualizationWithInvalidUser" computerName="DKSR-EFI-06" duration="00:00:00.0040103" startTime="2024-01-09T15:43:15.7322412+01:00" endTime="2024-01-09T15:43:15.7322412+01:00" testType="13cdc9d9-ddb5-4fa4-a97d-d965ccfc6d4b" outcome="Passed" testListId="8c84fa94-04c1-424b-9868-57a2d4851a1d" relativeResultsDirectory="6409d6af-f641-49b2-9d82-b615a69ad5e9" />
    <UnitTestResult executionId="d6f6eade-aead-4098-863c-db5971b02489" testId="656e298d-2d36-cfe0-be8f-80e929d07c74" testName="TestConstructor" computerName="DKSR-EFI-06" duration="00:00:00.0009972" startTime="2024-01-09T15:43:25.7791250+01:00" endTime="2024-01-09T15:43:25.7791250+01:00" testType="13cdc9d9-ddb5-4fa4-a97d-d965ccfc6d4b" outcome="Passed" testListId="8c84fa94-04c1-424b-9868-57a2d4851a1d" relativeResultsDirectory="d6f6eade-aead-4098-863c-db5971b02489" />
    <UnitTestResult executionId="10ccfeee-0765-4971-b064-a0d6454897a4" testId="84a733c7-39c1-519f-9053-6cfcae8c2ec4" testName="TestGetStatisticsException" computerName="DKSR-EFI-06" duration="00:00:00.0028049" startTime="2024-01-09T15:43:19.1228728+01:00" endTime="2024-01-09T15:43:19.1384960+01:00" testType="13cdc9d9-ddb5-4fa4-a97d-d965ccfc6d4b" outcome="Passed" testListId="8c84fa94-04c1-424b-9868-57a2d4851a1d" relativeResultsDirectory="10ccfeee-0765-4971-b064-a0d6454897a4" />
    <UnitTestResult executionId="b650def9-3d49-44d6-9932-037213c67950" testId="ffee91ef-540c-aa73-1baf-ddf78484f21e" testName="TestGetObjectThrowingUnhandledException" computerName="DKSR-EFI-06" duration="00:00:00.0029412" startTime="2024-01-09T15:43:17.9041212+01:00" endTime="2024-01-09T15:43:17.9041212+01:00" testType="13cdc9d9-ddb5-4fa4-a97d-d965ccfc6d4b" outcome="Passed" testListId="8c84fa94-04c1-424b-9868-57a2d4851a1d" relativeResultsDirectory="b650def9-3d49-44d6-9932-037213c67950" />
    <UnitTestResult executionId="2fdefeac-068b-4ad2-bd93-94747e342041" testId="3ed5199e-45f8-2091-36df-67dafeedfe41" testName="TestCopyConstructor" computerName="DKSR-EFI-06" duration="00:00:00.0011002" startTime="2024-01-09T15:43:25.0916276+01:00" endTime="2024-01-09T15:43:25.0916276+01:00" testType="13cdc9d9-ddb5-4fa4-a97d-d965ccfc6d4b" outcome="Passed" testListId="8c84fa94-04c1-424b-9868-57a2d4851a1d" relativeResultsDirectory="2fdefeac-068b-4ad2-bd93-94747e342041" />
    <UnitTestResult executionId="83213124-b911-4027-b916-0a2284c8791a" testId="58f66935-b4b3-6118-596d-600db53f9218" testName="TestConstructor" computerName="DKSR-EFI-06" duration="00:00:00.0006408" startTime="2024-01-09T15:43:19.5447462+01:00" endTime="2024-01-09T15:43:19.5603704+01:00" testType="13cdc9d9-ddb5-4fa4-a97d-d965ccfc6d4b" outcome="Passed" testListId="8c84fa94-04c1-424b-9868-57a2d4851a1d" relativeResultsDirectory="83213124-b911-4027-b916-0a2284c8791a" />
    <UnitTestResult executionId="c39b781c-d216-4162-9c8b-13ea4769b95b" testId="d7b4be10-2260-740b-15c5-ed700c8a8036" testName="TestStart" computerName="DKSR-EFI-06" duration="00:00:00.0318207" startTime="2024-01-09T15:43:13.9041119+01:00" endTime="2024-01-09T15:43:13.9509876+01:00" testType="13cdc9d9-ddb5-4fa4-a97d-d965ccfc6d4b" outcome="Passed" testListId="8c84fa94-04c1-424b-9868-57a2d4851a1d" relativeResultsDirectory="c39b781c-d216-4162-9c8b-13ea4769b95b" />
    <UnitTestResult executionId="17ee7db2-70af-472c-b681-689ababca633" testId="515deef3-25ea-3efc-5653-a41e47e92c2b" testName="TestGetStatusWithInvalidUser" computerName="DKSR-EFI-06" duration="00:00:00.0047549" startTime="2024-01-09T15:43:15.6697401+01:00" endTime="2024-01-09T15:43:15.6697401+01:00" testType="13cdc9d9-ddb5-4fa4-a97d-d965ccfc6d4b" outcome="Passed" testListId="8c84fa94-04c1-424b-9868-57a2d4851a1d" relativeResultsDirectory="17ee7db2-70af-472c-b681-689ababca633" />
    <UnitTestResult executionId="bd91514a-f0ac-45da-ae6f-bc12d6d9b5e7" testId="cd32f402-6715-2c02-18cf-543bf6ea6e44" testName="TestDeleteObjectThrowingUnhandledException" computerName="DKSR-EFI-06" duration="00:00:00.0033368" startTime="2024-01-09T15:43:17.5291187+01:00" endTime="2024-01-09T15:43:17.5291187+01:00" testType="13cdc9d9-ddb5-4fa4-a97d-d965ccfc6d4b" outcome="Passed" testListId="8c84fa94-04c1-424b-9868-57a2d4851a1d" relativeResultsDirectory="bd91514a-f0ac-45da-ae6f-bc12d6d9b5e7" />
    <UnitTestResult executionId="89fb72c4-5883-4a8e-8f2e-6e09dcd050a9" testId="250170b2-10b9-0c8d-c0eb-dcdd23fa17a6" testName="Handle_ShouldFlattenPriorityValue_WhenValuesIncludePriorityInt" computerName="DKSR-EFI-06" duration="00:00:00.0010811" startTime="2024-01-09T15:43:30.5135418+01:00" endTime="2024-01-09T15:43:30.5291283+01:00" testType="13cdc9d9-ddb5-4fa4-a97d-d965ccfc6d4b" outcome="Passed" testListId="8c84fa94-04c1-424b-9868-57a2d4851a1d" relativeResultsDirectory="89fb72c4-5883-4a8e-8f2e-6e09dcd050a9" />
    <UnitTestResult executionId="4112d378-fcbe-4ab5-817c-16cf948adfbc" testId="9f8c3216-6149-5961-d5fe-113fb44f852c" testName="GetStateGroupsTest" computerName="DKSR-EFI-06" duration="00:00:00.0077590" startTime="2024-01-09T15:43:27.8416262+01:00" endTime="2024-01-09T15:43:27.8572546+01:00" testType="13cdc9d9-ddb5-4fa4-a97d-d965ccfc6d4b" outcome="Passed" testListId="8c84fa94-04c1-424b-9868-57a2d4851a1d" relativeResultsDirectory="4112d378-fcbe-4ab5-817c-16cf948adfbc" />
    <UnitTestResult executionId="f10a1bc6-3352-4df5-a3c4-8c881f83eeb2" testId="666817bb-393b-286c-5b5e-86d66b36b67e" testName="TestCopyObject" computerName="DKSR-EFI-06" duration="00:00:00.0004165" startTime="2024-01-09T15:43:25.1697510+01:00" endTime="2024-01-09T15:43:25.1697510+01:00" testType="13cdc9d9-ddb5-4fa4-a97d-d965ccfc6d4b" outcome="Passed" testListId="8c84fa94-04c1-424b-9868-57a2d4851a1d" relativeResultsDirectory="f10a1bc6-3352-4df5-a3c4-8c881f83eeb2" />
    <UnitTestResult executionId="106a4961-0014-4096-ba0c-aaa02123666f" testId="ca7368aa-77ae-e255-1637-45c6b94c7a42" testName="TestGetTypeChangedWithInvalidUser" computerName="DKSR-EFI-06" duration="00:00:00.0025016" startTime="2024-01-09T15:43:18.1697469+01:00" endTime="2024-01-09T15:43:18.1697469+01:00" testType="13cdc9d9-ddb5-4fa4-a97d-d965ccfc6d4b" outcome="Passed" testListId="8c84fa94-04c1-424b-9868-57a2d4851a1d" relativeResultsDirectory="106a4961-0014-4096-ba0c-aaa02123666f" />
    <UnitTestResult executionId="2f0a1d7f-e5d8-4b6a-b05e-1d8b9a08b34a" testId="c425ec9e-c38d-1375-c959-34a80814e443" testName="TestGetStatus" computerName="DKSR-EFI-06" duration="00:00:00.0046748" startTime="2024-01-09T15:43:15.6853656+01:00" endTime="2024-01-09T15:43:15.6853656+01:00" testType="13cdc9d9-ddb5-4fa4-a97d-d965ccfc6d4b" outcome="Passed" testListId="8c84fa94-04c1-424b-9868-57a2d4851a1d" relativeResultsDirectory="2f0a1d7f-e5d8-4b6a-b05e-1d8b9a08b34a" />
    <UnitTestResult executionId="fd78d5d8-a835-4a5c-afa8-cde03b4bcc72" testId="610f9de5-1a8b-0485-3547-74b0599f2c6c" testName="TestGetPlugInsWithValidParameters" computerName="DKSR-EFI-06" duration="00:00:00.0042329" startTime="2024-01-09T15:43:17.5916190+01:00" endTime="2024-01-09T15:43:17.5916190+01:00" testType="13cdc9d9-ddb5-4fa4-a97d-d965ccfc6d4b" outcome="Passed" testListId="8c84fa94-04c1-424b-9868-57a2d4851a1d" relativeResultsDirectory="fd78d5d8-a835-4a5c-afa8-cde03b4bcc72" />
    <UnitTestResult executionId="f843b635-b0da-450b-9d95-884168d88f4c" testId="91195293-ab8a-281f-05fd-7e561f26c70e" testName="TestGetPlugInsWithInvalidUser" computerName="DKSR-EFI-06" duration="00:00:00.0025772" startTime="2024-01-09T15:43:17.1853682+01:00" endTime="2024-01-09T15:43:17.1853682+01:00" testType="13cdc9d9-ddb5-4fa4-a97d-d965ccfc6d4b" outcome="Passed" testListId="8c84fa94-04c1-424b-9868-57a2d4851a1d" relativeResultsDirectory="f843b635-b0da-450b-9d95-884168d88f4c" />
    <UnitTestResult executionId="eec327ae-0e25-4c40-a7af-aa46d8de4c60" testId="fffaf3af-f15f-343b-4823-2c2c916f0e08" testName="TestSetVisualizationWithInvalidUser" computerName="DKSR-EFI-06" duration="00:00:00.0045552" startTime="2024-01-09T15:43:15.2009890+01:00" endTime="2024-01-09T15:43:15.2009890+01:00" testType="13cdc9d9-ddb5-4fa4-a97d-d965ccfc6d4b" outcome="Passed" testListId="8c84fa94-04c1-424b-9868-57a2d4851a1d" relativeResultsDirectory="eec327ae-0e25-4c40-a7af-aa46d8de4c60" />
    <UnitTestResult executionId="08b40a6b-fc23-490d-80c0-d7453c93998f" testId="f33a9716-9d3a-4753-b785-f9dda7da4e80" testName="CheckAccess_ShouldReturnPermission_WhenUserExistsInDb" computerName="DKSR-EFI-06" duration="00:00:00.0132641" startTime="2024-01-09T15:43:13.9666138+01:00" endTime="2024-01-09T15:43:13.9822379+01:00" testType="13cdc9d9-ddb5-4fa4-a97d-d965ccfc6d4b" outcome="Passed" testListId="8c84fa94-04c1-424b-9868-57a2d4851a1d" relativeResultsDirectory="08b40a6b-fc23-490d-80c0-d7453c93998f" />
    <UnitTestResult executionId="899d351f-f5c5-401f-b326-dff358dd0c7a" testId="93458f80-3775-2ddd-10f2-12013507a32b" testName="TestGetItemOperationalState" computerName="DKSR-EFI-06" duration="00:00:00.0026539" startTime="2024-01-09T15:43:20.4822504+01:00" endTime="2024-01-09T15:43:20.4822504+01:00" testType="13cdc9d9-ddb5-4fa4-a97d-d965ccfc6d4b" outcome="Passed" testListId="8c84fa94-04c1-424b-9868-57a2d4851a1d" relativeResultsDirectory="899d351f-f5c5-401f-b326-dff358dd0c7a" />
    <UnitTestResult executionId="8bb0a584-8515-4aba-9540-1cb204ce0dc1" testId="932a96af-2988-0a99-80b8-e39fd0c1fc40" testName="TestDeleteObjectsNotAuthenticated" computerName="DKSR-EFI-06" duration="00:00:00.0018097" startTime="2024-01-09T15:43:17.5603694+01:00" endTime="2024-01-09T15:43:17.5603694+01:00" testType="13cdc9d9-ddb5-4fa4-a97d-d965ccfc6d4b" outcome="Passed" testListId="8c84fa94-04c1-424b-9868-57a2d4851a1d" relativeResultsDirectory="8bb0a584-8515-4aba-9540-1cb204ce0dc1" />
    <UnitTestResult executionId="dcb20307-f9f3-4280-beff-797ac48a7303" testId="ee875fc9-e910-2cdc-d141-1721c9e62eb7" testName="GetTypeChanged_WithZeroTimeout" computerName="DKSR-EFI-06" duration="00:00:00.0073943" startTime="2024-01-09T15:43:17.0603675+01:00" endTime="2024-01-09T15:43:17.0603675+01:00" testType="13cdc9d9-ddb5-4fa4-a97d-d965ccfc6d4b" outcome="Passed" testListId="8c84fa94-04c1-424b-9868-57a2d4851a1d" relativeResultsDirectory="dcb20307-f9f3-4280-beff-797ac48a7303" />
    <UnitTestResult executionId="6926c8c4-4754-4d7c-a0cf-489442548f82" testId="9fb80a7d-6c31-9fad-0ca5-8960fe35bc59" testName="Handle_ShouldFlattenStateValue_WhenValuesIncludeStateInt" computerName="DKSR-EFI-06" duration="00:00:00.0038799" startTime="2024-01-09T15:43:30.4978768+01:00" endTime="2024-01-09T15:43:30.4978768+01:00" testType="13cdc9d9-ddb5-4fa4-a97d-d965ccfc6d4b" outcome="Passed" testListId="8c84fa94-04c1-424b-9868-57a2d4851a1d" relativeResultsDirectory="6926c8c4-4754-4d7c-a0cf-489442548f82" />
    <UnitTestResult executionId="0d532d9a-75c2-4681-9aea-88610496cca7" testId="d316698a-5791-6b44-a6a4-aac621873402" testName="TestValidateWithIncorrectUserTypeUnknownIdentityType" computerName="DKSR-EFI-06" duration="00:00:00.0013592" startTime="2024-01-09T15:43:07.6697178+01:00" endTime="2024-01-09T15:43:07.6697178+01:00" testType="13cdc9d9-ddb5-4fa4-a97d-d965ccfc6d4b" outcome="Passed" testListId="8c84fa94-04c1-424b-9868-57a2d4851a1d" relativeResultsDirectory="0d532d9a-75c2-4681-9aea-88610496cca7" />
    <UnitTestResult executionId="1e075102-10b1-4e90-94d1-cdc8af3bde74" testId="03d1e929-4c12-8117-129d-6f1c5c819267" testName="TestDeleteObjectThrowingUnhandledException" computerName="DKSR-EFI-06" duration="00:00:00.0029531" startTime="2024-01-09T15:43:16.8572414+01:00" endTime="2024-01-09T15:43:16.8572414+01:00" testType="13cdc9d9-ddb5-4fa4-a97d-d965ccfc6d4b" outcome="Passed" testListId="8c84fa94-04c1-424b-9868-57a2d4851a1d" relativeResultsDirectory="1e075102-10b1-4e90-94d1-cdc8af3bde74" />
    <UnitTestResult executionId="12a5957f-7d84-4827-9273-7700e9869cd2" testId="f05beade-84ad-3739-4096-007a49eee211" testName="TestGetIconWithKnownIcon" computerName="DKSR-EFI-06" duration="00:00:00.0120886" startTime="2024-01-09T15:43:20.2009975+01:00" endTime="2024-01-09T15:43:20.2166232+01:00" testType="13cdc9d9-ddb5-4fa4-a97d-d965ccfc6d4b" outcome="Passed" testListId="8c84fa94-04c1-424b-9868-57a2d4851a1d" relativeResultsDirectory="12a5957f-7d84-4827-9273-7700e9869cd2" />
    <UnitTestResult executionId="198547f2-924a-438d-a214-7ff92ddc1a70" testId="7c01cc2c-9bdf-e761-6523-6d34add36149" testName="TestLoadSaveLoad" computerName="DKSR-EFI-06" duration="00:00:00.0339594" startTime="2024-01-09T15:43:31.3885036+01:00" endTime="2024-01-09T15:43:31.4197528+01:00" testType="13cdc9d9-ddb5-4fa4-a97d-d965ccfc6d4b" outcome="Passed" testListId="8c84fa94-04c1-424b-9868-57a2d4851a1d" relativeResultsDirectory="198547f2-924a-438d-a214-7ff92ddc1a70" />
    <UnitTestResult executionId="87591ecc-8333-41af-bbdf-dddc713f8bbc" testId="4c2a3e3a-4e91-afcb-3da6-8ae1412bc169" testName="GetIconData_WithValidParameters" computerName="DKSR-EFI-06" duration="00:00:00.1158978" startTime="2024-01-09T15:43:16.9041198+01:00" endTime="2024-01-09T15:43:17.0134944+01:00" testType="13cdc9d9-ddb5-4fa4-a97d-d965ccfc6d4b" outcome="Passed" testListId="8c84fa94-04c1-424b-9868-57a2d4851a1d" relativeResultsDirectory="87591ecc-8333-41af-bbdf-dddc713f8bbc" />
    <UnitTestResult executionId="83dc5257-4c02-4740-92e4-ee2e9a2c0fa6" testId="845a4b78-2afb-dc38-4c33-12f56ddfe7ee" testName="TestCreateObjectsWithServerIDInRelationID" computerName="DKSR-EFI-06" duration="00:00:00.0026346" startTime="2024-01-09T15:43:17.7947443+01:00" endTime="2024-01-09T15:43:17.8103700+01:00" testType="13cdc9d9-ddb5-4fa4-a97d-d965ccfc6d4b" outcome="Passed" testListId="8c84fa94-04c1-424b-9868-57a2d4851a1d" relativeResultsDirectory="83dc5257-4c02-4740-92e4-ee2e9a2c0fa6" />
    <UnitTestResult executionId="b204f49d-ea35-41ab-a36d-f188afde14b1" testId="94716114-1378-122a-03d6-a0d52329cd48" testName="GetEventSourceReturnsSourceWhenUserDefinedEvent" computerName="DKSR-EFI-06" duration="00:00:00.0007098" startTime="2024-01-09T15:43:28.3416305+01:00" endTime="2024-01-09T15:43:28.3416305+01:00" testType="13cdc9d9-ddb5-4fa4-a97d-d965ccfc6d4b" outcome="Passed" testListId="8c84fa94-04c1-424b-9868-57a2d4851a1d" relativeResultsDirectory="b204f49d-ea35-41ab-a36d-f188afde14b1" />
    <UnitTestResult executionId="7c0fbbd4-228c-402d-905f-bd3351b7460f" testId="a19fec4a-02e1-9322-efac-e71a64f156c3" testName="TestGetAllObjectsOnVisualElementWithInvalidUser" computerName="DKSR-EFI-06" duration="00:00:00.0030000" startTime="2024-01-09T15:43:17.9822445+01:00" endTime="2024-01-09T15:43:17.9822445+01:00" testType="13cdc9d9-ddb5-4fa4-a97d-d965ccfc6d4b" outcome="Passed" testListId="8c84fa94-04c1-424b-9868-57a2d4851a1d" relativeResultsDirectory="7c0fbbd4-228c-402d-905f-bd3351b7460f" />
    <UnitTestResult executionId="17a9e559-6c0d-4814-aaf2-1ac0272f0348" testId="efb8c50b-ed0d-ed7a-3651-6dacba1bc765" testName="TestGetVisualizationChangesThrowingUnhandledException" computerName="DKSR-EFI-06" duration="00:00:00.0026109" startTime="2024-01-09T15:43:15.0447402+01:00" endTime="2024-01-09T15:43:15.0603658+01:00" testType="13cdc9d9-ddb5-4fa4-a97d-d965ccfc6d4b" outcome="Passed" testListId="8c84fa94-04c1-424b-9868-57a2d4851a1d" relativeResultsDirectory="17a9e559-6c0d-4814-aaf2-1ac0272f0348" />
    <UnitTestResult executionId="9a0cf17e-078c-4538-b3ca-f79d8eb3a467" testId="a8fd67e6-c2f7-59ce-5a9b-76c86da6af8a" testName="TestGetVisualization" computerName="DKSR-EFI-06" duration="00:00:00.0035360" startTime="2024-01-09T15:43:15.2478648+01:00" endTime="2024-01-09T15:43:15.2478648+01:00" testType="13cdc9d9-ddb5-4fa4-a97d-d965ccfc6d4b" outcome="Passed" testListId="8c84fa94-04c1-424b-9868-57a2d4851a1d" relativeResultsDirectory="9a0cf17e-078c-4538-b3ca-f79d8eb3a467" />
    <UnitTestResult executionId="98a4993a-37a8-4e39-adf6-87929c8e9f18" testId="1401e9ec-43ed-d93b-acf5-3d379ae583c1" testName="TestUpdateStateWithUnknownDevice" computerName="DKSR-EFI-06" duration="00:00:00.0011092" startTime="2024-01-09T15:43:24.6072518+01:00" endTime="2024-01-09T15:43:24.6072518+01:00" testType="13cdc9d9-ddb5-4fa4-a97d-d965ccfc6d4b" outcome="Passed" testListId="8c84fa94-04c1-424b-9868-57a2d4851a1d" relativeResultsDirectory="98a4993a-37a8-4e39-adf6-87929c8e9f18" />
    <UnitTestResult executionId="76c2a02a-7cbc-4201-a402-ab63ed62cc86" testId="368418bf-f735-1c99-a6a6-9f37952f2bb7" testName="TestConstructor" computerName="DKSR-EFI-06" duration="00:00:00.0016526" startTime="2024-01-09T15:43:19.1698121+01:00" endTime="2024-01-09T15:43:19.1698121+01:00" testType="13cdc9d9-ddb5-4fa4-a97d-d965ccfc6d4b" outcome="Passed" testListId="8c84fa94-04c1-424b-9868-57a2d4851a1d" relativeResultsDirectory="76c2a02a-7cbc-4201-a402-ab63ed62cc86" />
    <UnitTestResult executionId="451cca38-5282-46e1-9d94-99a7709a91ef" testId="7e9547ef-92c4-9617-9854-4de06867f1d7" testName="TestLoadConfigurationWithValidIdButWithoutOwnerAndRelationId" computerName="DKSR-EFI-06" duration="00:00:00.0280687" startTime="2024-01-09T15:43:20.7009988+01:00" endTime="2024-01-09T15:43:20.7166236+01:00" testType="13cdc9d9-ddb5-4fa4-a97d-d965ccfc6d4b" outcome="Passed" testListId="8c84fa94-04c1-424b-9868-57a2d4851a1d" relativeResultsDirectory="451cca38-5282-46e1-9d94-99a7709a91ef" />
    <UnitTestResult executionId="72145f54-99c2-4e2c-b05d-49234b2cfe19" testId="f2bc5b69-4ed9-9b03-51e0-df93752a977d" testName="TestGetHostId_InvalidAddress" computerName="DKSR-EFI-06" duration="00:00:00.0728267" startTime="2024-01-09T15:43:07.4353427+01:00" endTime="2024-01-09T15:43:07.5134688+01:00" testType="13cdc9d9-ddb5-4fa4-a97d-d965ccfc6d4b" outcome="Passed" testListId="8c84fa94-04c1-424b-9868-57a2d4851a1d" relativeResultsDirectory="72145f54-99c2-4e2c-b05d-49234b2cfe19" />
    <UnitTestResult executionId="b96646a1-3a5c-48f6-adc9-a652c8643050" testId="deba99b4-cdac-fb23-19ce-dce20b5d74c9" testName="GetAllObjectsOfType_FilteringAllDifferentServerRelations" computerName="DKSR-EFI-06" duration="00:00:00.0236735" startTime="2024-01-09T15:43:17.9197461+01:00" endTime="2024-01-09T15:43:17.9509952+01:00" testType="13cdc9d9-ddb5-4fa4-a97d-d965ccfc6d4b" outcome="Passed" testListId="8c84fa94-04c1-424b-9868-57a2d4851a1d" relativeResultsDirectory="b96646a1-3a5c-48f6-adc9-a652c8643050" />
    <UnitTestResult executionId="44fa6070-ac92-46f8-96aa-0847da9a4477" testId="b285b47f-41f0-c77d-9d57-63601810b57b" testName="TestCacheCleanupMultipleSessionsSingleUserIdTouch" computerName="DKSR-EFI-06" duration="00:00:00.0017726" startTime="2024-01-09T15:43:27.0447521+01:00" endTime="2024-01-09T15:43:27.0447521+01:00" testType="13cdc9d9-ddb5-4fa4-a97d-d965ccfc6d4b" outcome="Passed" testListId="8c84fa94-04c1-424b-9868-57a2d4851a1d" relativeResultsDirectory="44fa6070-ac92-46f8-96aa-0847da9a4477" />
    <UnitTestResult executionId="15709715-a62f-43ce-9ae0-b8a51cc49669" testId="4ac1bc51-5ce4-d59f-f7f4-70be4d49e2cc" testName="GetVisualElementChanges_WithZeroTimeout" computerName="DKSR-EFI-06" duration="00:00:00.0047063" startTime="2024-01-09T15:43:18.2009985+01:00" endTime="2024-01-09T15:43:18.2009985+01:00" testType="13cdc9d9-ddb5-4fa4-a97d-d965ccfc6d4b" outcome="Passed" testListId="8c84fa94-04c1-424b-9868-57a2d4851a1d" relativeResultsDirectory="15709715-a62f-43ce-9ae0-b8a51cc49669" />
    <UnitTestResult executionId="846d76e9-6b9a-4eaa-b50f-d308667017aa" testId="a46dfba8-c336-7feb-ea33-2b4a6bd94cdd" testName="TestGetVisualizationThrowingUnhandledException" computerName="DKSR-EFI-06" duration="00:00:00.0033043" startTime="2024-01-09T15:43:14.3728616+01:00" endTime="2024-01-09T15:43:14.3728616+01:00" testType="13cdc9d9-ddb5-4fa4-a97d-d965ccfc6d4b" outcome="Passed" testListId="8c84fa94-04c1-424b-9868-57a2d4851a1d" relativeResultsDirectory="846d76e9-6b9a-4eaa-b50f-d308667017aa" />
    <UnitTestResult executionId="97c6caca-092d-45e8-a333-9ef2da3e16e6" testId="9fff0259-9346-ba07-75df-2e340fc42376" testName="WebServiceTest_CreateWsHTTPBindingSecurityModeMessageClientCredentialTypeCertificate" computerName="DKSR-EFI-06" duration="00:00:00.0004420" startTime="2024-01-09T15:43:26.1697529+01:00" endTime="2024-01-09T15:43:26.1697529+01:00" testType="13cdc9d9-ddb5-4fa4-a97d-d965ccfc6d4b" outcome="Passed" testListId="8c84fa94-04c1-424b-9868-57a2d4851a1d" relativeResultsDirectory="97c6caca-092d-45e8-a333-9ef2da3e16e6" />
    <UnitTestResult executionId="36fd5ea9-841e-40c2-83b9-17911d2be7ad" testId="f586d6aa-a26b-bf86-8db9-f89dc4137d1c" testName="TestLoadAndInitDoubleACSystemConfiguration" computerName="DKSR-EFI-06" duration="00:00:00.0124424" startTime="2024-01-09T15:43:31.2478782+01:00" endTime="2024-01-09T15:43:31.2478782+01:00" testType="13cdc9d9-ddb5-4fa4-a97d-d965ccfc6d4b" outcome="Passed" testListId="8c84fa94-04c1-424b-9868-57a2d4851a1d" relativeResultsDirectory="36fd5ea9-841e-40c2-83b9-17911d2be7ad" />
    <UnitTestResult executionId="4d4d5e0b-4def-4c51-9573-d7e2ddea7ffd" testId="636d32e8-b7d3-00d6-fb1c-4e5351abe4cb" testName="TestGetAllElementsOfTypeIncludeRootOnSingleTreeWithAccessDenied" computerName="DKSR-EFI-06" duration="00:00:00.0056405" startTime="2024-01-09T15:43:23.5291247+01:00" endTime="2024-01-09T15:43:23.5291247+01:00" testType="13cdc9d9-ddb5-4fa4-a97d-d965ccfc6d4b" outcome="Passed" testListId="8c84fa94-04c1-424b-9868-57a2d4851a1d" relativeResultsDirectory="4d4d5e0b-4def-4c51-9573-d7e2ddea7ffd" />
    <UnitTestResult executionId="81cf9786-a15c-400f-88f8-df402a9a1df0" testId="410cd1ed-25de-3c72-94d2-b41e7adb85ee" testName="GetPlugInItemChanges_WithZeroTimeout" computerName="DKSR-EFI-06" duration="00:00:00.0046658" startTime="2024-01-09T15:43:18.3572480+01:00" endTime="2024-01-09T15:43:18.3572480+01:00" testType="13cdc9d9-ddb5-4fa4-a97d-d965ccfc6d4b" outcome="Passed" testListId="8c84fa94-04c1-424b-9868-57a2d4851a1d" relativeResultsDirectory="81cf9786-a15c-400f-88f8-df402a9a1df0" />
    <UnitTestResult executionId="24629ffd-a1d5-4d2f-8e9b-1c3b701526c0" testId="f77eaa31-835c-32de-1591-59ded3243b0f" testName="TestGetTypeChangedThrowingUnhandledException" computerName="DKSR-EFI-06" duration="00:00:00.0038198" startTime="2024-01-09T15:43:17.7009950+01:00" endTime="2024-01-09T15:43:17.7009950+01:00" testType="13cdc9d9-ddb5-4fa4-a97d-d965ccfc6d4b" outcome="Passed" testListId="8c84fa94-04c1-424b-9868-57a2d4851a1d" relativeResultsDirectory="24629ffd-a1d5-4d2f-8e9b-1c3b701526c0" />
    <UnitTestResult executionId="276d38d3-08f3-4ca7-a04a-aff4f1b06077" testId="408c5984-2662-7b6b-ccb1-f1fe51f4357c" testName="TestObjectTypesGuid" computerName="DKSR-EFI-06" duration="00:00:00.0009700" startTime="2024-01-09T15:43:25.1697510+01:00" endTime="2024-01-09T15:43:25.1697510+01:00" testType="13cdc9d9-ddb5-4fa4-a97d-d965ccfc6d4b" outcome="Passed" testListId="8c84fa94-04c1-424b-9868-57a2d4851a1d" relativeResultsDirectory="276d38d3-08f3-4ca7-a04a-aff4f1b06077" />
    <UnitTestResult executionId="630f6b28-bde8-4005-8cc9-074e331c3701" testId="8d8dd4c5-5b28-e241-f21d-2bd80473286e" testName="TestDefaultIcon" computerName="DKSR-EFI-06" duration="00:00:00.0018933" startTime="2024-01-09T15:43:20.3884995+01:00" endTime="2024-01-09T15:43:20.3884995+01:00" testType="13cdc9d9-ddb5-4fa4-a97d-d965ccfc6d4b" outcome="Passed" testListId="8c84fa94-04c1-424b-9868-57a2d4851a1d" relativeResultsDirectory="630f6b28-bde8-4005-8cc9-074e331c3701" />
    <UnitTestResult executionId="b06e4e59-fccc-47fb-9aad-7b4373fc93c7" testId="8dce2ebc-b84c-4e62-a5a6-b13a1fdb4d31" testName="ActivatePlugInAction_WithValidParameters" computerName="DKSR-EFI-06" duration="00:00:00.0050688" startTime="2024-01-09T15:43:17.2634930+01:00" endTime="2024-01-09T15:43:17.2634930+01:00" testType="13cdc9d9-ddb5-4fa4-a97d-d965ccfc6d4b" outcome="Passed" testListId="8c84fa94-04c1-424b-9868-57a2d4851a1d" relativeResultsDirectory="b06e4e59-fccc-47fb-9aad-7b4373fc93c7" />
    <UnitTestResult executionId="cb23977e-de25-42cf-9436-fad34edeacd5" testId="0bd63037-6495-244e-9bba-5411f4925f62" testName="TestGetPlugInsThrowingUnhandledException" computerName="DKSR-EFI-06" duration="00:00:00.0038381" startTime="2024-01-09T15:43:17.5916190+01:00" endTime="2024-01-09T15:43:17.6072457+01:00" testType="13cdc9d9-ddb5-4fa4-a97d-d965ccfc6d4b" outcome="Passed" testListId="8c84fa94-04c1-424b-9868-57a2d4851a1d" relativeResultsDirectory="cb23977e-de25-42cf-9436-fad34edeacd5" />
    <UnitTestResult executionId="30620dab-f03f-4931-8464-4a1765763fd2" testId="b88239be-6dd2-e42a-5938-b32ee50ed816" testName="EventIdListTest_EventSource_Device" computerName="DKSR-EFI-06" duration="00:00:00.0015589" startTime="2024-01-09T15:43:28.0760048+01:00" endTime="2024-01-09T15:43:28.0760048+01:00" testType="13cdc9d9-ddb5-4fa4-a97d-d965ccfc6d4b" outcome="Passed" testListId="8c84fa94-04c1-424b-9868-57a2d4851a1d" relativeResultsDirectory="30620dab-f03f-4931-8464-4a1765763fd2" />
    <UnitTestResult executionId="04a3b0b4-2a10-4fd2-b0bf-b71e745bdf09" testId="93bf2ce8-97d0-81d1-81a6-9c667f394bdb" testName="TestGetAllObjectsOnVisualElementWithValidParameters" computerName="DKSR-EFI-06" duration="00:00:00.0037189" startTime="2024-01-09T15:43:17.4666198+01:00" endTime="2024-01-09T15:43:17.4666198+01:00" testType="13cdc9d9-ddb5-4fa4-a97d-d965ccfc6d4b" outcome="Passed" testListId="8c84fa94-04c1-424b-9868-57a2d4851a1d" relativeResultsDirectory="04a3b0b4-2a10-4fd2-b0bf-b71e745bdf09" />
    <UnitTestResult executionId="a0d19950-ca04-4578-a10e-332c8c9038cf" testId="c76831fe-1ee8-06a5-6801-a38931af7baf" testName="CheckAccess_ShouldThrowException_WhenUserIsUnknown" computerName="DKSR-EFI-06" duration="00:00:00.0108513" startTime="2024-01-09T15:43:13.9822379+01:00" endTime="2024-01-09T15:43:13.9822379+01:00" testType="13cdc9d9-ddb5-4fa4-a97d-d965ccfc6d4b" outcome="Passed" testListId="8c84fa94-04c1-424b-9868-57a2d4851a1d" relativeResultsDirectory="a0d19950-ca04-4578-a10e-332c8c9038cf" />
    <UnitTestResult executionId="e466b01d-97fe-4528-bc38-e31468f2aa4d" testId="cc5e635b-4364-b1d3-13fc-71a6c0c163be" testName="AddSuppressStatusItems_AddsNewItem" computerName="DKSR-EFI-06" duration="00:00:00.0017341" startTime="2024-01-09T15:43:12.3572780+01:00" endTime="2024-01-09T15:43:12.3572780+01:00" testType="13cdc9d9-ddb5-4fa4-a97d-d965ccfc6d4b" outcome="Passed" testListId="8c84fa94-04c1-424b-9868-57a2d4851a1d" relativeResultsDirectory="e466b01d-97fe-4528-bc38-e31468f2aa4d" />
    <UnitTestResult executionId="bd5149a7-9d7e-4c5e-81d5-4a6227e2e66b" testId="4d58dbe2-2b23-9b02-f6aa-34a415aba837" testName="TestRemoveElementWithRemovingElementWhereRelationIdIsPoitingTo" computerName="DKSR-EFI-06" duration="00:00:00.0160099" startTime="2024-01-09T15:43:23.7322514+01:00" endTime="2024-01-09T15:43:23.7478753+01:00" testType="13cdc9d9-ddb5-4fa4-a97d-d965ccfc6d4b" outcome="Passed" testListId="8c84fa94-04c1-424b-9868-57a2d4851a1d" relativeResultsDirectory="bd5149a7-9d7e-4c5e-81d5-4a6227e2e66b" />
    <UnitTestResult executionId="e1f89109-a0e2-42d8-8c15-7c1ea63dedd9" testId="961f3a6b-5492-f819-b01a-01bbcf7801ae" testName="EventConverter_ParseMetadata_Metadata_Null" computerName="DKSR-EFI-06" duration="00:00:00.0006281" startTime="2024-01-09T15:43:26.6228758+01:00" endTime="2024-01-09T15:43:26.6228758+01:00" testType="13cdc9d9-ddb5-4fa4-a97d-d965ccfc6d4b" outcome="Passed" testListId="8c84fa94-04c1-424b-9868-57a2d4851a1d" relativeResultsDirectory="e1f89109-a0e2-42d8-8c15-7c1ea63dedd9" />
    <UnitTestResult executionId="744f7d41-4b4e-4d44-8d70-4307f9babd96" testId="3dee02cb-5656-71b9-8f76-ae46cff96f99" testName="EventConverter_Instance" computerName="DKSR-EFI-06" duration="00:00:00.0024463" startTime="2024-01-09T15:43:26.4353764+01:00" endTime="2024-01-09T15:43:26.4353764+01:00" testType="13cdc9d9-ddb5-4fa4-a97d-d965ccfc6d4b" outcome="Passed" testListId="8c84fa94-04c1-424b-9868-57a2d4851a1d" relativeResultsDirectory="744f7d41-4b4e-4d44-8d70-4307f9babd96" />
    <UnitTestResult executionId="6bc0bc16-f432-4f83-868f-b4a04b94cccc" testId="c3ca1b5d-ff95-9140-678b-491795097655" testName="TestGetPlugInItemsWithInvalidUser" computerName="DKSR-EFI-06" duration="00:00:00.0023475" startTime="2024-01-09T15:43:18.3103713+01:00" endTime="2024-01-09T15:43:18.3259957+01:00" testType="13cdc9d9-ddb5-4fa4-a97d-d965ccfc6d4b" outcome="Passed" testListId="8c84fa94-04c1-424b-9868-57a2d4851a1d" relativeResultsDirectory="6bc0bc16-f432-4f83-868f-b4a04b94cccc" />
    <UnitTestResult executionId="02106cbf-5c46-4787-aba8-1482c41963e4" testId="b4c4f7db-6053-4338-b207-4f1401299acd" testName="TestGetObjectWithInvalidUser" computerName="DKSR-EFI-06" duration="00:00:00.0026625" startTime="2024-01-09T15:43:17.8884944+01:00" endTime="2024-01-09T15:43:17.8884944+01:00" testType="13cdc9d9-ddb5-4fa4-a97d-d965ccfc6d4b" outcome="Passed" testListId="8c84fa94-04c1-424b-9868-57a2d4851a1d" relativeResultsDirectory="02106cbf-5c46-4787-aba8-1482c41963e4" />
    <UnitTestResult executionId="42d29198-885a-45e4-8589-79bcc58bc757" testId="a96bbd73-704d-32fb-7b5e-e65e94805cf4" testName="TestGetStatusForAllObjectsOfTypeThrowingUnhandledException" computerName="DKSR-EFI-06" duration="00:00:00.0033948" startTime="2024-01-09T15:43:15.7009917+01:00" endTime="2024-01-09T15:43:15.7009917+01:00" testType="13cdc9d9-ddb5-4fa4-a97d-d965ccfc6d4b" outcome="Passed" testListId="8c84fa94-04c1-424b-9868-57a2d4851a1d" relativeResultsDirectory="42d29198-885a-45e4-8589-79bcc58bc757" />
    <UnitTestResult executionId="4cc91088-e203-4309-ab19-672d3f7498a2" testId="e9da0761-f34e-54da-195e-48388de70405" testName="TestGetDataUsingCache" computerName="DKSR-EFI-06" duration="00:00:00.1335461" startTime="2024-01-09T15:43:13.4666132+01:00" endTime="2024-01-09T15:43:13.6072371+01:00" testType="13cdc9d9-ddb5-4fa4-a97d-d965ccfc6d4b" outcome="Passed" testListId="8c84fa94-04c1-424b-9868-57a2d4851a1d" relativeResultsDirectory="4cc91088-e203-4309-ab19-672d3f7498a2" />
    <UnitTestResult executionId="f56ddf7a-fc49-42ac-928a-959e37434a84" testId="1bff04e7-a34e-2661-3dfa-a55c31eb03e9" testName="TestGetAllElementsOfTypeWithCyclicTreeAndLimit" computerName="DKSR-EFI-06" duration="00:00:00.0338090" startTime="2024-01-09T15:43:23.3885000+01:00" endTime="2024-01-09T15:43:23.4197513+01:00" testType="13cdc9d9-ddb5-4fa4-a97d-d965ccfc6d4b" outcome="Passed" testListId="8c84fa94-04c1-424b-9868-57a2d4851a1d" relativeResultsDirectory="f56ddf7a-fc49-42ac-928a-959e37434a84" />
    <UnitTestResult executionId="b8e3db81-af6c-44bc-b8c7-f41f7c94ffca" testId="56c342b2-4303-c64f-8adb-70aea0006eb3" testName="DecryptFromBase64String_ShouldRaiseArgumentNullException_WhenValueIsNull" computerName="DKSR-EFI-06" duration="00:00:00.0011921" startTime="2024-01-09T15:43:27.3885030+01:00" endTime="2024-01-09T15:43:27.3885030+01:00" testType="13cdc9d9-ddb5-4fa4-a97d-d965ccfc6d4b" outcome="Passed" testListId="8c84fa94-04c1-424b-9868-57a2d4851a1d" relativeResultsDirectory="b8e3db81-af6c-44bc-b8c7-f41f7c94ffca" />
    <UnitTestResult executionId="ab23e469-1bb7-49d7-84d5-f4f5fa26fa72" testId="0531a6e3-4b1d-bc85-e7b0-17ca38e8abce" testName="CreateInstanceReturnsMessageIdWhenCorporateEventTypeIdInMessageId" computerName="DKSR-EFI-06" duration="00:00:00.0020393" startTime="2024-01-09T15:43:28.4353789+01:00" endTime="2024-01-09T15:43:28.4353789+01:00" testType="13cdc9d9-ddb5-4fa4-a97d-d965ccfc6d4b" outcome="Passed" testListId="8c84fa94-04c1-424b-9868-57a2d4851a1d" relativeResultsDirectory="ab23e469-1bb7-49d7-84d5-f4f5fa26fa72" />
    <UnitTestResult executionId="fd904c3e-888e-4c31-b8e3-43e0fddf50b1" testId="4404f0bc-42cf-337a-ad9d-0be2c38d7ec2" testName="Constructor_ShouldRaiseArgumentNullException_WhenKeyIsNull" computerName="DKSR-EFI-06" duration="00:00:00.0008719" startTime="2024-01-09T15:43:27.3728791+01:00" endTime="2024-01-09T15:43:27.3728791+01:00" testType="13cdc9d9-ddb5-4fa4-a97d-d965ccfc6d4b" outcome="Passed" testListId="8c84fa94-04c1-424b-9868-57a2d4851a1d" relativeResultsDirectory="fd904c3e-888e-4c31-b8e3-43e0fddf50b1" />
    <UnitTestResult executionId="f9f9f67b-0ffd-4678-ae05-afddb7e07bd1" testId="f85f0413-7b9a-3dc4-3a08-bf3160fa78b9" testName="TestUpdateObjectWithServerIDInRelationID" computerName="DKSR-EFI-06" duration="00:00:00.0019873" startTime="2024-01-09T15:43:17.8259967+01:00" endTime="2024-01-09T15:43:17.8416205+01:00" testType="13cdc9d9-ddb5-4fa4-a97d-d965ccfc6d4b" outcome="Passed" testListId="8c84fa94-04c1-424b-9868-57a2d4851a1d" relativeResultsDirectory="f9f9f67b-0ffd-4678-ae05-afddb7e07bd1" />
    <UnitTestResult executionId="ce7813f4-e9bb-4733-b6c9-e59f925b2f10" testId="63cc861a-ada6-6610-a57e-b107a7b46003" testName="TestInsertElementWithUsedRelationIdButOnDifferentServer" computerName="DKSR-EFI-06" duration="00:00:00.0144390" startTime="2024-01-09T15:43:22.7791258+01:00" endTime="2024-01-09T15:43:22.7947493+01:00" testType="13cdc9d9-ddb5-4fa4-a97d-d965ccfc6d4b" outcome="Passed" testListId="8c84fa94-04c1-424b-9868-57a2d4851a1d" relativeResultsDirectory="ce7813f4-e9bb-4733-b6c9-e59f925b2f10" />
    <UnitTestResult executionId="75c02280-e898-491e-aa2a-a4e6811642d0" testId="0cb5aecd-0832-3f3a-db82-c1bc5b4e8469" testName="TestCreateFilteredConfigurationStatesLimited" computerName="DKSR-EFI-06" duration="00:00:00.0012031" startTime="2024-01-09T15:43:31.4822551+01:00" endTime="2024-01-09T15:43:31.4822551+01:00" testType="13cdc9d9-ddb5-4fa4-a97d-d965ccfc6d4b" outcome="Passed" testListId="8c84fa94-04c1-424b-9868-57a2d4851a1d" relativeResultsDirectory="75c02280-e898-491e-aa2a-a4e6811642d0" />
    <UnitTestResult executionId="b8b052cf-3c7d-4ede-9f33-625ab1638bea" testId="7e8f69c1-55be-9077-4450-bb0da14ab5e8" testName="TestGetAllElementsOfTypeFromRoot" computerName="DKSR-EFI-06" duration="00:00:00.0429309" startTime="2024-01-09T15:43:23.3104456+01:00" endTime="2024-01-09T15:43:23.3416266+01:00" testType="13cdc9d9-ddb5-4fa4-a97d-d965ccfc6d4b" outcome="Passed" testListId="8c84fa94-04c1-424b-9868-57a2d4851a1d" relativeResultsDirectory="b8b052cf-3c7d-4ede-9f33-625ab1638bea" />
    <UnitTestResult executionId="cfca2cd5-da22-4471-ad3d-a10a37fcd736" testId="a9c0567b-3355-1747-3327-c8adbd54000f" testName="ShouldSave_ShouldBeTrue_AfterSettingEventGroupRetention" computerName="DKSR-EFI-06" duration="00:00:00.0012707" startTime="2024-01-09T15:43:28.5291294+01:00" endTime="2024-01-09T15:43:28.5291294+01:00" testType="13cdc9d9-ddb5-4fa4-a97d-d965ccfc6d4b" outcome="Passed" testListId="8c84fa94-04c1-424b-9868-57a2d4851a1d" relativeResultsDirectory="cfca2cd5-da22-4471-ad3d-a10a37fcd736" />
    <UnitTestResult executionId="4901c007-0789-4353-be84-d7db6b897f51" testId="f6b1bb3a-5c5f-c0b0-4263-16bc57dd9156" testName="TestGetVisualElementChangesThrowingUnhandledException" computerName="DKSR-EFI-06" duration="00:00:00.0030350" startTime="2024-01-09T15:43:18.2009985+01:00" endTime="2024-01-09T15:43:18.2009985+01:00" testType="13cdc9d9-ddb5-4fa4-a97d-d965ccfc6d4b" outcome="Passed" testListId="8c84fa94-04c1-424b-9868-57a2d4851a1d" relativeResultsDirectory="4901c007-0789-4353-be84-d7db6b897f51" />
    <UnitTestResult executionId="66a88eb0-2aeb-472c-8306-5a0de9865a15" testId="e60106bd-77a3-bab8-cdd0-697b85096b7e" testName="TestSingleSessionMultipleUserIds" computerName="DKSR-EFI-06" duration="00:00:00.0004027" startTime="2024-01-09T15:43:27.0760010+01:00" endTime="2024-01-09T15:43:27.0760010+01:00" testType="13cdc9d9-ddb5-4fa4-a97d-d965ccfc6d4b" outcome="Passed" testListId="8c84fa94-04c1-424b-9868-57a2d4851a1d" relativeResultsDirectory="66a88eb0-2aeb-472c-8306-5a0de9865a15" />
    <UnitTestResult executionId="d2eed61b-b427-4d69-9d66-4726e193f063" testId="c065df76-676e-d54b-2513-330c123b69fe" testName="TestAcknowledge" computerName="DKSR-EFI-06" duration="00:00:00.0280896" startTime="2024-01-09T15:43:18.9041217+01:00" endTime="2024-01-09T15:43:18.9197458+01:00" testType="13cdc9d9-ddb5-4fa4-a97d-d965ccfc6d4b" outcome="Passed" testListId="8c84fa94-04c1-424b-9868-57a2d4851a1d" relativeResultsDirectory="d2eed61b-b427-4d69-9d66-4726e193f063" />
    <UnitTestResult executionId="4c12bd89-97fb-41cb-8f9f-1643ab8c4355" testId="38120862-f098-314a-3a8d-e661e83a85d7" testName="TestGetAllElementsWithinGpsArea" computerName="DKSR-EFI-06" duration="00:00:00.0602929" startTime="2024-01-09T15:43:23.6072504+01:00" endTime="2024-01-09T15:43:23.6697526+01:00" testType="13cdc9d9-ddb5-4fa4-a97d-d965ccfc6d4b" outcome="Passed" testListId="8c84fa94-04c1-424b-9868-57a2d4851a1d" relativeResultsDirectory="4c12bd89-97fb-41cb-8f9f-1643ab8c4355" />
    <UnitTestResult executionId="0e4ab095-3b74-4388-a8df-654b2473a0fa" testId="f897ee6f-f339-b33f-9c9f-c0685c6da51b" testName="TestGetPlugInsNotAuthenticated" computerName="DKSR-EFI-06" duration="00:00:00.0017029" startTime="2024-01-09T15:43:17.5916190+01:00" endTime="2024-01-09T15:43:17.5916190+01:00" testType="13cdc9d9-ddb5-4fa4-a97d-d965ccfc6d4b" outcome="Passed" testListId="8c84fa94-04c1-424b-9868-57a2d4851a1d" relativeResultsDirectory="0e4ab095-3b74-4388-a8df-654b2473a0fa" />
    <UnitTestResult executionId="235c8b07-98b4-4f91-986f-fb0c1ecf5803" testId="4a5519f4-b843-6361-4132-1b8fe7307213" testName="EventIdListTest_AllEventIdsArePresent" computerName="DKSR-EFI-06" duration="00:00:00.0452376" startTime="2024-01-09T15:43:27.9978788+01:00" endTime="2024-01-09T15:43:28.0447527+01:00" testType="13cdc9d9-ddb5-4fa4-a97d-d965ccfc6d4b" outcome="Passed" testListId="8c84fa94-04c1-424b-9868-57a2d4851a1d" relativeResultsDirectory="235c8b07-98b4-4f91-986f-fb0c1ecf5803" />
    <UnitTestResult executionId="eaee77e3-e963-4970-b2f1-a52ee95c020c" testId="cb9fd1fb-8ab1-0f9d-22d4-5063f280bf96" testName="TestAdd" computerName="DKSR-EFI-06" duration="00:00:00.0026432" startTime="2024-01-09T15:43:18.6228708+01:00" endTime="2024-01-09T15:43:18.6228708+01:00" testType="13cdc9d9-ddb5-4fa4-a97d-d965ccfc6d4b" outcome="Passed" testListId="8c84fa94-04c1-424b-9868-57a2d4851a1d" relativeResultsDirectory="eaee77e3-e963-4970-b2f1-a52ee95c020c" />
    <UnitTestResult executionId="9eb9716d-ef52-4888-848a-0e17769db459" testId="a1bb1f9a-b82c-e54a-73fb-4c8aaec4bb3f" testName="GetSoundIsInCacheTest" computerName="DKSR-EFI-06" duration="00:00:00.0153897" startTime="2024-01-09T15:43:20.5759982+01:00" endTime="2024-01-09T15:43:20.5916242+01:00" testType="13cdc9d9-ddb5-4fa4-a97d-d965ccfc6d4b" outcome="Passed" testListId="8c84fa94-04c1-424b-9868-57a2d4851a1d" relativeResultsDirectory="9eb9716d-ef52-4888-848a-0e17769db459" />
    <UnitTestResult executionId="81c184cb-4341-42fb-87dc-f9972e21ec70" testId="0b1e3b98-0852-b8bb-9431-9f412235997e" testName="TestAllSid" computerName="DKSR-EFI-06" duration="00:00:00.0022940" startTime="2024-01-09T15:43:20.5603741+01:00" endTime="2024-01-09T15:43:20.5603741+01:00" testType="13cdc9d9-ddb5-4fa4-a97d-d965ccfc6d4b" outcome="Passed" testListId="8c84fa94-04c1-424b-9868-57a2d4851a1d" relativeResultsDirectory="81c184cb-4341-42fb-87dc-f9972e21ec70" />
    <UnitTestResult executionId="1a6933b8-6e98-47c3-9843-2007ff3a4fa1" testId="af217cab-9ac4-fdc0-c5f2-ef1cf1168149" testName="TestConstructor" computerName="DKSR-EFI-06" duration="00:00:00.0049423" startTime="2024-01-09T15:43:25.1228752+01:00" endTime="2024-01-09T15:43:25.1385021+01:00" testType="13cdc9d9-ddb5-4fa4-a97d-d965ccfc6d4b" outcome="Passed" testListId="8c84fa94-04c1-424b-9868-57a2d4851a1d" relativeResultsDirectory="1a6933b8-6e98-47c3-9843-2007ff3a4fa1" />
    <UnitTestResult executionId="9f40b815-1319-475c-acb7-3fe6910c273a" testId="c30c4660-2f7b-1aa5-e1a9-541b7522a7fd" testName="EncryptToBase64String_ShouldRaiseArgumentNullException_WhenValueIsNull" computerName="DKSR-EFI-06" duration="00:00:00.0012834" startTime="2024-01-09T15:43:27.3728791+01:00" endTime="2024-01-09T15:43:27.3885030+01:00" testType="13cdc9d9-ddb5-4fa4-a97d-d965ccfc6d4b" outcome="Passed" testListId="8c84fa94-04c1-424b-9868-57a2d4851a1d" relativeResultsDirectory="9f40b815-1319-475c-acb7-3fe6910c273a" />
    <UnitTestResult executionId="b8dd3508-2ea3-4aec-8010-f3d6974c3f5f" testId="02d616ae-c78c-eff2-6768-d722c6db358e" testName="TestUpdateState" computerName="DKSR-EFI-06" duration="00:00:00.0085387" startTime="2024-01-09T15:43:24.6072518+01:00" endTime="2024-01-09T15:43:24.6072518+01:00" testType="13cdc9d9-ddb5-4fa4-a97d-d965ccfc6d4b" outcome="Passed" testListId="8c84fa94-04c1-424b-9868-57a2d4851a1d" relativeResultsDirectory="b8dd3508-2ea3-4aec-8010-f3d6974c3f5f" />
    <UnitTestResult executionId="d6f9b4c9-dac1-4aaa-9dd1-909025765d29" testId="9dbb768e-bcac-b81e-8f84-5226fb578808" testName="TestGetAllObjectsOfTypeThrowingUnhandledException" computerName="DKSR-EFI-06" duration="00:00:00.0032459" startTime="2024-01-09T15:43:16.7322439+01:00" endTime="2024-01-09T15:43:16.7322439+01:00" testType="13cdc9d9-ddb5-4fa4-a97d-d965ccfc6d4b" outcome="Passed" testListId="8c84fa94-04c1-424b-9868-57a2d4851a1d" relativeResultsDirectory="d6f9b4c9-dac1-4aaa-9dd1-909025765d29" />
    <UnitTestResult executionId="5369ca83-1052-47b6-9ae9-80d396040208" testId="6f5bbd40-400e-51ba-f44d-571f022a1abc" testName="WhenAlarmSearchCriteriaWithCorrectDataThenCorrectString" computerName="DKSR-EFI-06" duration="00:00:00.0005443" startTime="2024-01-09T15:43:26.3728775+01:00" endTime="2024-01-09T15:43:26.3728775+01:00" testType="13cdc9d9-ddb5-4fa4-a97d-d965ccfc6d4b" outcome="Passed" testListId="8c84fa94-04c1-424b-9868-57a2d4851a1d" relativeResultsDirectory="5369ca83-1052-47b6-9ae9-80d396040208" />
    <UnitTestResult executionId="e8c74561-3c0d-4a0b-a25d-87d28d0f1dbc" testId="eae8144a-f656-dd1f-f75c-bc79cb2d904b" testName="WebServiceTest_CreateWsHTTPBindingSecurityModeNone" computerName="DKSR-EFI-06" duration="00:00:00.0003573" startTime="2024-01-09T15:43:26.1697529+01:00" endTime="2024-01-09T15:43:26.1697529+01:00" testType="13cdc9d9-ddb5-4fa4-a97d-d965ccfc6d4b" outcome="Passed" testListId="8c84fa94-04c1-424b-9868-57a2d4851a1d" relativeResultsDirectory="e8c74561-3c0d-4a0b-a25d-87d28d0f1dbc" />
    <UnitTestResult executionId="7287928b-6d9a-4f6e-921c-f22749102532" testId="5a2de3a5-2a90-1705-60e7-49aa869e23e4" testName="TestUpdateWithNullItem" computerName="DKSR-EFI-06" duration="00:00:00.0033311" startTime="2024-01-09T15:43:19.5135000+01:00" endTime="2024-01-09T15:43:19.5135000+01:00" testType="13cdc9d9-ddb5-4fa4-a97d-d965ccfc6d4b" outcome="Passed" testListId="8c84fa94-04c1-424b-9868-57a2d4851a1d" relativeResultsDirectory="7287928b-6d9a-4f6e-921c-f22749102532" />
    <UnitTestResult executionId="54c7a9f0-9f6c-4781-8643-5dd0ac6a105e" testId="59908a85-7166-7469-7788-dbc94daa0091" testName="TestDisplayXML" computerName="DKSR-EFI-06" duration="00:00:00.0456219" startTime="2024-01-09T15:43:25.4353766+01:00" endTime="2024-01-09T15:43:25.4822516+01:00" testType="13cdc9d9-ddb5-4fa4-a97d-d965ccfc6d4b" outcome="Passed" testListId="8c84fa94-04c1-424b-9868-57a2d4851a1d" relativeResultsDirectory="54c7a9f0-9f6c-4781-8643-5dd0ac6a105e" />
    <UnitTestResult executionId="9d8ab727-7c3d-4129-a0ba-cb45c0c538c9" testId="70eb97cf-6fb5-8090-90b9-939e95e3b186" testName="GetEventTypesForUser_ChecksFetchingOfAlarmDefinitionsWithDisabledEventType" computerName="DKSR-EFI-06" duration="00:00:00.0759375" startTime="2024-01-09T15:43:12.4041085+01:00" endTime="2024-01-09T15:43:12.4822344+01:00" testType="13cdc9d9-ddb5-4fa4-a97d-d965ccfc6d4b" outcome="Passed" testListId="8c84fa94-04c1-424b-9868-57a2d4851a1d" relativeResultsDirectory="9d8ab727-7c3d-4129-a0ba-cb45c0c538c9" />
    <UnitTestResult executionId="3b032284-b550-44a9-9d70-ee437a865ba0" testId="49e81401-1a46-bf7c-3dc9-487f2b70b4e0" testName="ReadIdentity_ShouldReturnUserId_WhenUserWithGivenNameExists" computerName="DKSR-EFI-06" duration="00:00:00.0099122" startTime="2024-01-09T15:43:14.0603620+01:00" endTime="2024-01-09T15:43:14.0759870+01:00" testType="13cdc9d9-ddb5-4fa4-a97d-d965ccfc6d4b" outcome="Passed" testListId="8c84fa94-04c1-424b-9868-57a2d4851a1d" relativeResultsDirectory="3b032284-b550-44a9-9d70-ee437a865ba0" />
    <UnitTestResult executionId="38571702-186b-44fb-b936-50e970163639" testId="71ac7708-f02b-16cd-b5d5-cdd06651ba0e" testName="TestGetVisualElementChangesWithPositiveTimeout" computerName="DKSR-EFI-06" duration="00:00:00.1487218" startTime="2024-01-09T15:43:15.7947442+01:00" endTime="2024-01-09T15:43:15.9509953+01:00" testType="13cdc9d9-ddb5-4fa4-a97d-d965ccfc6d4b" outcome="Passed" testListId="8c84fa94-04c1-424b-9868-57a2d4851a1d" relativeResultsDirectory="38571702-186b-44fb-b936-50e970163639" />
    <UnitTestResult executionId="b0e0a700-012a-49a1-b107-eec990b5aa4c" testId="41bd2e7e-c1c9-b8f8-d4b6-2cb33358daae" testName="Constructor_ShouldThrowArgumentNullException_WhenAlarmDbManagerIsNull" computerName="DKSR-EFI-06" duration="00:00:00.0073490" startTime="2024-01-09T15:43:13.9509876+01:00" endTime="2024-01-09T15:43:13.9666138+01:00" testType="13cdc9d9-ddb5-4fa4-a97d-d965ccfc6d4b" outcome="Passed" testListId="8c84fa94-04c1-424b-9868-57a2d4851a1d" relativeResultsDirectory="b0e0a700-012a-49a1-b107-eec990b5aa4c" />
    <UnitTestResult executionId="287d71f7-8881-44f6-95e3-ec866c45e869" testId="1f66a028-fe14-83e5-1dc3-037a7ab62871" testName="TestGetStatusForAllObjectsOfTypeWithInsufficientRights" computerName="DKSR-EFI-06" duration="00:00:00.0333278" startTime="2024-01-09T15:43:21.9666251+01:00" endTime="2024-01-09T15:43:21.9978736+01:00" testType="13cdc9d9-ddb5-4fa4-a97d-d965ccfc6d4b" outcome="Passed" testListId="8c84fa94-04c1-424b-9868-57a2d4851a1d" relativeResultsDirectory="287d71f7-8881-44f6-95e3-ec866c45e869" />
    <UnitTestResult executionId="5cb9e906-6b06-4310-9747-59fdae0e4261" testId="5cdc70af-ff91-ee76-bf09-79c97701d345" testName="TestUpdateObjectsThrowingUnhandledException" computerName="DKSR-EFI-06" duration="00:00:00.0030147" startTime="2024-01-09T15:43:17.8728695+01:00" endTime="2024-01-09T15:43:17.8884944+01:00" testType="13cdc9d9-ddb5-4fa4-a97d-d965ccfc6d4b" outcome="Passed" testListId="8c84fa94-04c1-424b-9868-57a2d4851a1d" relativeResultsDirectory="5cb9e906-6b06-4310-9747-59fdae0e4261" />
    <UnitTestResult executionId="0f1fe239-c1a6-4b0d-b11b-d664edb28276" testId="c12565bd-6b40-192e-3905-3091c8e3cf94" testName="TestActivatePlugInActionWithInvalidUser" computerName="DKSR-EFI-06" duration="00:00:00.0041741" startTime="2024-01-09T15:43:18.3728706+01:00" endTime="2024-01-09T15:43:18.3728706+01:00" testType="13cdc9d9-ddb5-4fa4-a97d-d965ccfc6d4b" outcome="Passed" testListId="8c84fa94-04c1-424b-9868-57a2d4851a1d" relativeResultsDirectory="0f1fe239-c1a6-4b0d-b11b-d664edb28276" />
    <UnitTestResult executionId="77a831ae-24eb-457c-9835-8438f0e69c46" testId="31b39906-a73c-ce70-5752-c1ef42347816" testName="TestUpdateWithNewType" computerName="DKSR-EFI-06" duration="00:00:00.0046328" startTime="2024-01-09T15:43:19.5135000+01:00" endTime="2024-01-09T15:43:19.5135000+01:00" testType="13cdc9d9-ddb5-4fa4-a97d-d965ccfc6d4b" outcome="Passed" testListId="8c84fa94-04c1-424b-9868-57a2d4851a1d" relativeResultsDirectory="77a831ae-24eb-457c-9835-8438f0e69c46" />
    <UnitTestResult executionId="e6b29316-55de-4568-a882-01a59f6a6878" testId="2418a372-3d95-2e9d-df96-8b56e8deb8bd" testName="TestShutdownWithException" computerName="DKSR-EFI-06" duration="00:00:00.0011954" startTime="2024-01-09T15:43:19.3259988+01:00" endTime="2024-01-09T15:43:19.3259988+01:00" testType="13cdc9d9-ddb5-4fa4-a97d-d965ccfc6d4b" outcome="Passed" testListId="8c84fa94-04c1-424b-9868-57a2d4851a1d" relativeResultsDirectory="e6b29316-55de-4568-a882-01a59f6a6878" />
    <UnitTestResult executionId="d9bd0559-88fc-47c1-861f-ec62d02edf2f" testId="17e1f8d8-ff47-33db-efc4-da6813ccc726" testName="ToEventCreatesEventWithProperValuesWhenInvoked" computerName="DKSR-EFI-06" duration="00:00:00.0406162" startTime="2024-01-09T15:43:27.9041296+01:00" endTime="2024-01-09T15:43:27.9510046+01:00" testType="13cdc9d9-ddb5-4fa4-a97d-d965ccfc6d4b" outcome="Passed" testListId="8c84fa94-04c1-424b-9868-57a2d4851a1d" relativeResultsDirectory="d9bd0559-88fc-47c1-861f-ec62d02edf2f" />
    <UnitTestResult executionId="feaf4d9b-1dd5-4c55-a3ac-138f68cdc62a" testId="cfe923a5-11a0-312b-3c42-ddecffad1e3b" testName="TestNewObject" computerName="DKSR-EFI-06" duration="00:00:00.0010284" startTime="2024-01-09T15:43:24.4041266+01:00" endTime="2024-01-09T15:43:24.4041266+01:00" testType="13cdc9d9-ddb5-4fa4-a97d-d965ccfc6d4b" outcome="Passed" testListId="8c84fa94-04c1-424b-9868-57a2d4851a1d" relativeResultsDirectory="feaf4d9b-1dd5-4c55-a3ac-138f68cdc62a" />
    <UnitTestResult executionId="dd50f8c7-cf31-4bfc-97cd-5278cd5b8b55" testId="d14e3f39-9a27-090e-fd4a-a1404886c886" testName="TestGetStatusTreeStructureWithComplexCyclicRelation" computerName="DKSR-EFI-06" duration="00:00:00.0315508" startTime="2024-01-09T15:43:21.4666235+01:00" endTime="2024-01-09T15:43:21.4978738+01:00" testType="13cdc9d9-ddb5-4fa4-a97d-d965ccfc6d4b" outcome="Passed" testListId="8c84fa94-04c1-424b-9868-57a2d4851a1d" relativeResultsDirectory="dd50f8c7-cf31-4bfc-97cd-5278cd5b8b55" />
    <UnitTestResult executionId="01783c2c-066f-4987-b69b-5845f7b81189" testId="ef08d205-5e2f-fd18-d2fe-b1ac67218de5" testName="TestConstructorWithVisualElementStorageDatabaseFactoryObjectsAndVisualElementWithNullObjects" computerName="DKSR-EFI-06" duration="00:00:00.0071845" startTime="2024-01-09T15:43:25.2791257+01:00" endTime="2024-01-09T15:43:25.2947513+01:00" testType="13cdc9d9-ddb5-4fa4-a97d-d965ccfc6d4b" outcome="Passed" testListId="8c84fa94-04c1-424b-9868-57a2d4851a1d" relativeResultsDirectory="01783c2c-066f-4987-b69b-5845f7b81189" />
    <UnitTestResult executionId="7fdc2b6f-2d86-4411-90d9-6357eec4576c" testId="3dd47d29-371f-18a2-da91-9c7f5a2a2609" testName="TestSingleSessionMultipleUserIdsMultipleAdds" computerName="DKSR-EFI-06" duration="00:00:00.0007599" startTime="2024-01-09T15:43:27.0760010+01:00" endTime="2024-01-09T15:43:27.0760010+01:00" testType="13cdc9d9-ddb5-4fa4-a97d-d965ccfc6d4b" outcome="Passed" testListId="8c84fa94-04c1-424b-9868-57a2d4851a1d" relativeResultsDirectory="7fdc2b6f-2d86-4411-90d9-6357eec4576c" />
    <UnitTestResult executionId="306c76ca-a056-491e-9157-3a602cbe6d0d" testId="301dfd48-e8c9-1161-41f4-866afd5c0510" testName="TestGetAllObjectIDsOnVisualElementNotAuthenticated" computerName="DKSR-EFI-06" duration="00:00:00.0015573" startTime="2024-01-09T15:43:17.5134946+01:00" endTime="2024-01-09T15:43:17.5134946+01:00" testType="13cdc9d9-ddb5-4fa4-a97d-d965ccfc6d4b" outcome="Passed" testListId="8c84fa94-04c1-424b-9868-57a2d4851a1d" relativeResultsDirectory="306c76ca-a056-491e-9157-3a602cbe6d0d" />
    <UnitTestResult executionId="d726d87c-72b2-4955-8e71-ef2836ba53cf" testId="c4153300-d58c-99ef-1b85-cb3165a4dc51" testName="TestAttachSnapshot" computerName="DKSR-EFI-06" duration="00:00:00.0048391" startTime="2024-01-09T15:43:18.8728716+01:00" endTime="2024-01-09T15:43:18.8728716+01:00" testType="13cdc9d9-ddb5-4fa4-a97d-d965ccfc6d4b" outcome="Passed" testListId="8c84fa94-04c1-424b-9868-57a2d4851a1d" relativeResultsDirectory="d726d87c-72b2-4955-8e71-ef2836ba53cf" />
    <UnitTestResult executionId="1d231ad0-3c8b-42b2-8238-74dbb4073eb5" testId="1958c285-da47-c12c-39c3-acb379a81240" testName="EventIdListTest_BuildEventIds_ThrowsArgumentNullException" computerName="DKSR-EFI-06" duration="00:00:00.0006803" startTime="2024-01-09T15:43:28.0447527+01:00" endTime="2024-01-09T15:43:28.0447527+01:00" testType="13cdc9d9-ddb5-4fa4-a97d-d965ccfc6d4b" outcome="Passed" testListId="8c84fa94-04c1-424b-9868-57a2d4851a1d" relativeResultsDirectory="1d231ad0-3c8b-42b2-8238-74dbb4073eb5" />
    <UnitTestResult executionId="d3d47676-9b5e-46b6-8804-daaba8a25b46" testId="f93a0f24-8169-c076-4f65-be629a999d8f" testName="TestGetStatusForAllObjectsWithCyclicMaps" computerName="DKSR-EFI-06" duration="00:00:00.0191861" startTime="2024-01-09T15:43:21.7166230+01:00" endTime="2024-01-09T15:43:21.7322496+01:00" testType="13cdc9d9-ddb5-4fa4-a97d-d965ccfc6d4b" outcome="Passed" testListId="8c84fa94-04c1-424b-9868-57a2d4851a1d" relativeResultsDirectory="d3d47676-9b5e-46b6-8804-daaba8a25b46" />
    <UnitTestResult executionId="ba8b1cbb-59f1-438b-b10d-e42b61a4d60e" testId="77c0946a-35e6-2594-81e6-6e9900eb9d47" testName="TestItemsWithItemIdsAll" computerName="DKSR-EFI-06" duration="00:00:00.0033740" startTime="2024-01-09T15:43:20.5134988+01:00" endTime="2024-01-09T15:43:20.5134988+01:00" testType="13cdc9d9-ddb5-4fa4-a97d-d965ccfc6d4b" outcome="Passed" testListId="8c84fa94-04c1-424b-9868-57a2d4851a1d" relativeResultsDirectory="ba8b1cbb-59f1-438b-b10d-e42b61a4d60e" />
    <UnitTestResult executionId="edc87c0b-6bde-4d99-a503-26382fbf4463" testId="007d5ca8-0cb3-4028-cb8b-1f37cb0111cc" testName="TestCreateObjectsWithServerIDInID" computerName="DKSR-EFI-06" duration="00:00:00.0068839" startTime="2024-01-09T15:43:17.7791189+01:00" endTime="2024-01-09T15:43:17.7947443+01:00" testType="13cdc9d9-ddb5-4fa4-a97d-d965ccfc6d4b" outcome="Passed" testListId="8c84fa94-04c1-424b-9868-57a2d4851a1d" relativeResultsDirectory="edc87c0b-6bde-4d99-a503-26382fbf4463" />
    <UnitTestResult executionId="b042422c-ebda-4801-9e6b-c3af56e0e516" testId="8e643550-5c8a-fe3c-9540-1a420ec44dc1" testName="WebServiceCommandBaseTest_UserAndParameterValidation_Success" computerName="DKSR-EFI-06" duration="00:00:00.0009268" startTime="2024-01-09T15:43:26.2322509+01:00" endTime="2024-01-09T15:43:26.2322509+01:00" testType="13cdc9d9-ddb5-4fa4-a97d-d965ccfc6d4b" outcome="Passed" testListId="8c84fa94-04c1-424b-9868-57a2d4851a1d" relativeResultsDirectory="b042422c-ebda-4801-9e6b-c3af56e0e516" />
    <UnitTestResult executionId="bc8467a3-9eda-4dd1-aa14-4909ebd6b7a3" testId="862c3245-8f08-d542-39e8-a014d36f8b5b" testName="TestNewObject" computerName="DKSR-EFI-06" duration="00:00:00.0011727" startTime="2024-01-09T15:43:25.1697510+01:00" endTime="2024-01-09T15:43:25.1697510+01:00" testType="13cdc9d9-ddb5-4fa4-a97d-d965ccfc6d4b" outcome="Passed" testListId="8c84fa94-04c1-424b-9868-57a2d4851a1d" relativeResultsDirectory="bc8467a3-9eda-4dd1-aa14-4909ebd6b7a3" />
    <UnitTestResult executionId="b61b665b-f8bd-4082-92ec-55e02ea6f359" testId="33081f89-764f-7ff0-be12-18d81d6396f0" testName="TestExecuteWhileLockedWithActionCausingException" computerName="DKSR-EFI-06" duration="00:00:00.0009214" startTime="2024-01-09T15:43:13.6697399+01:00" endTime="2024-01-09T15:43:13.6697399+01:00" testType="13cdc9d9-ddb5-4fa4-a97d-d965ccfc6d4b" outcome="Passed" testListId="8c84fa94-04c1-424b-9868-57a2d4851a1d" relativeResultsDirectory="b61b665b-f8bd-4082-92ec-55e02ea6f359" />
    <UnitTestResult executionId="d03c17df-834a-4ca5-bd22-b2a68b048d95" testId="34946c4b-9b86-cf74-6501-0375a2804ba9" testName="HasStateUpdate_ShouldReturnFalse_WhenListIsEmpty" computerName="DKSR-EFI-06" duration="00:00:00.0007735" startTime="2024-01-09T15:43:30.5603780+01:00" endTime="2024-01-09T15:43:30.5603780+01:00" testType="13cdc9d9-ddb5-4fa4-a97d-d965ccfc6d4b" outcome="Passed" testListId="8c84fa94-04c1-424b-9868-57a2d4851a1d" relativeResultsDirectory="d03c17df-834a-4ca5-bd22-b2a68b048d95" />
    <UnitTestResult executionId="b3ca5c2e-0463-4d4c-8efa-e1d0e3fe3bec" testId="e189c542-bfd9-e0c5-f53f-47ea5e2b3951" testName="Encrypt_ShouldRaiseArgumentNullException_WhenUnencryptedValueIsNull" computerName="DKSR-EFI-06" duration="00:00:00.0107798" startTime="2024-01-09T15:43:27.3572550+01:00" endTime="2024-01-09T15:43:27.3728791+01:00" testType="13cdc9d9-ddb5-4fa4-a97d-d965ccfc6d4b" outcome="Passed" testListId="8c84fa94-04c1-424b-9868-57a2d4851a1d" relativeResultsDirectory="b3ca5c2e-0463-4d4c-8efa-e1d0e3fe3bec" />
    <UnitTestResult executionId="4cd7c967-fc44-4f20-a8be-3e0e9b6bee3f" testId="db4cb7f2-b8a3-b1bb-027d-8824350ed6e4" testName="TestActionCommandCredentialsConstructor" computerName="DKSR-EFI-06" duration="00:00:00.0019238" startTime="2024-01-09T15:43:26.2322509+01:00" endTime="2024-01-09T15:43:26.2322509+01:00" testType="13cdc9d9-ddb5-4fa4-a97d-d965ccfc6d4b" outcome="Passed" testListId="8c84fa94-04c1-424b-9868-57a2d4851a1d" relativeResultsDirectory="4cd7c967-fc44-4f20-a8be-3e0e9b6bee3f" />
    <UnitTestResult executionId="0b669034-764b-4684-ba67-11add04e0a3d" testId="173b93f7-c356-9c4c-d976-470d9bb41b7f" testName="TestGetStatusDetailsWithUnknownServer" computerName="DKSR-EFI-06" duration="00:00:00.0100633" startTime="2024-01-09T15:43:25.0760033+01:00" endTime="2024-01-09T15:43:25.0916276+01:00" testType="13cdc9d9-ddb5-4fa4-a97d-d965ccfc6d4b" outcome="Passed" testListId="8c84fa94-04c1-424b-9868-57a2d4851a1d" relativeResultsDirectory="0b669034-764b-4684-ba67-11add04e0a3d" />
    <UnitTestResult executionId="77f5050f-5547-4782-8c9d-0bd73d78c927" testId="54470d67-55df-07dd-b92d-71bc35f06966" testName="TestToVisualizationState" computerName="DKSR-EFI-06" duration="00:00:00.0022131" startTime="2024-01-09T15:43:25.5291255+01:00" endTime="2024-01-09T15:43:25.5291255+01:00" testType="13cdc9d9-ddb5-4fa4-a97d-d965ccfc6d4b" outcome="Passed" testListId="8c84fa94-04c1-424b-9868-57a2d4851a1d" relativeResultsDirectory="77f5050f-5547-4782-8c9d-0bd73d78c927" />
    <UnitTestResult executionId="0b211cb0-3c4b-45b5-866f-14d0a0e65d35" testId="481403c4-1fb6-c6a5-a156-1f4ba1ff1ed0" testName="TestGetItemStatusDetails" computerName="DKSR-EFI-06" duration="00:00:00.0048270" startTime="2024-01-09T15:43:20.3103762+01:00" endTime="2024-01-09T15:43:20.3103762+01:00" testType="13cdc9d9-ddb5-4fa4-a97d-d965ccfc6d4b" outcome="Passed" testListId="8c84fa94-04c1-424b-9868-57a2d4851a1d" relativeResultsDirectory="0b211cb0-3c4b-45b5-866f-14d0a0e65d35" />
    <UnitTestResult executionId="fd4aa230-18de-48f1-ab12-067593c5ab2e" testId="cabe6cff-646c-5b08-f9fe-ca2fa3f35a92" testName="TestUpdateWithAllParameters" computerName="DKSR-EFI-06" duration="00:00:00.0077976" startTime="2024-01-09T15:43:25.4041265+01:00" endTime="2024-01-09T15:43:25.4041265+01:00" testType="13cdc9d9-ddb5-4fa4-a97d-d965ccfc6d4b" outcome="Passed" testListId="8c84fa94-04c1-424b-9868-57a2d4851a1d" relativeResultsDirectory="fd4aa230-18de-48f1-ab12-067593c5ab2e" />
    <UnitTestResult executionId="f136f609-213f-42a4-9cb0-084d6be05469" testId="1fd2b6be-bcbc-4280-f0ae-7029582ffa98" testName="TestUpdateElementDisplayXmlWithAMarkedForDeletionElement" computerName="DKSR-EFI-06" duration="00:00:00.0028282" startTime="2024-01-09T15:43:22.2322488+01:00" endTime="2024-01-09T15:43:22.2322488+01:00" testType="13cdc9d9-ddb5-4fa4-a97d-d965ccfc6d4b" outcome="Passed" testListId="8c84fa94-04c1-424b-9868-57a2d4851a1d" relativeResultsDirectory="f136f609-213f-42a4-9cb0-084d6be05469" />
    <UnitTestResult executionId="c3ec3b6e-0165-40cd-b4fb-11aacc3930ff" testId="bb955b4c-70f1-890c-af10-28162d4f952c" testName="CheckAccess_ForMultipleDevices_ShouldThrowException_WhenUserIsUnknown" computerName="DKSR-EFI-06" duration="00:00:00.0072723" startTime="2024-01-09T15:43:14.0447371+01:00" endTime="2024-01-09T15:43:14.0603620+01:00" testType="13cdc9d9-ddb5-4fa4-a97d-d965ccfc6d4b" outcome="Passed" testListId="8c84fa94-04c1-424b-9868-57a2d4851a1d" relativeResultsDirectory="c3ec3b6e-0165-40cd-b4fb-11aacc3930ff" />
    <UnitTestResult executionId="c8ff1c65-14b0-490c-a3d8-833b5a58dd81" testId="95ca8a16-aa33-d88a-0f3b-3cf47cc95988" testName="TestGetAlarmLinesException" computerName="DKSR-EFI-06" duration="00:00:00.0039887" startTime="2024-01-09T15:43:19.1072483+01:00" endTime="2024-01-09T15:43:19.1228728+01:00" testType="13cdc9d9-ddb5-4fa4-a97d-d965ccfc6d4b" outcome="Passed" testListId="8c84fa94-04c1-424b-9868-57a2d4851a1d" relativeResultsDirectory="c8ff1c65-14b0-490c-a3d8-833b5a58dd81" />
    <UnitTestResult executionId="fe48ba83-3ef7-41aa-bb4a-a0590f946773" testId="a614ea0c-b1f9-717c-58e4-2b444f8f746d" testName="HasStateUpdate_ShouldReturnFalse_WhenListContainsTwoUpdatesWithDifferentStartAndEndStates" computerName="DKSR-EFI-06" duration="00:00:00.0003434" startTime="2024-01-09T15:43:30.5760037+01:00" endTime="2024-01-09T15:43:30.5760037+01:00" testType="13cdc9d9-ddb5-4fa4-a97d-d965ccfc6d4b" outcome="Passed" testListId="8c84fa94-04c1-424b-9868-57a2d4851a1d" relativeResultsDirectory="fe48ba83-3ef7-41aa-bb4a-a0590f946773" />
    <UnitTestResult executionId="5a3507b6-6748-43c6-b2c0-009ac6b66290" testId="620e6004-2687-d40d-56fa-33016c3a2edf" testName="GetPlugInItemChanges_WithZeroTimeout" computerName="DKSR-EFI-06" duration="00:00:00.0205747" startTime="2024-01-09T15:43:17.2322429+01:00" endTime="2024-01-09T15:43:17.2478698+01:00" testType="13cdc9d9-ddb5-4fa4-a97d-d965ccfc6d4b" outcome="Passed" testListId="8c84fa94-04c1-424b-9868-57a2d4851a1d" relativeResultsDirectory="5a3507b6-6748-43c6-b2c0-009ac6b66290" />
    <UnitTestResult executionId="412da784-2eef-49e9-b8c9-62bf87837289" testId="2a1b009e-790a-319b-c2a4-a057d3028269" testName="SubscribeEventReceiver_ReturnsFalse_WhenAlreadySubscribed" computerName="DKSR-EFI-06" duration="00:00:00.0006751" startTime="2024-01-09T15:43:27.9667052+01:00" endTime="2024-01-09T15:43:27.9667052+01:00" testType="13cdc9d9-ddb5-4fa4-a97d-d965ccfc6d4b" outcome="Passed" testListId="8c84fa94-04c1-424b-9868-57a2d4851a1d" relativeResultsDirectory="412da784-2eef-49e9-b8c9-62bf87837289" />
    <UnitTestResult executionId="9652ecd6-d7a7-413f-a1bf-b9910061faf1" testId="978dc265-8b9f-481c-c0ec-115bf4a2ce3f" testName="TestGetPlugInItemsWithInvalidUser" computerName="DKSR-EFI-06" duration="00:00:00.0024630" startTime="2024-01-09T15:43:17.2009953+01:00" endTime="2024-01-09T15:43:17.2009953+01:00" testType="13cdc9d9-ddb5-4fa4-a97d-d965ccfc6d4b" outcome="Passed" testListId="8c84fa94-04c1-424b-9868-57a2d4851a1d" relativeResultsDirectory="9652ecd6-d7a7-413f-a1bf-b9910061faf1" />
    <UnitTestResult executionId="8b777018-32ae-4a04-8408-64368e6a2c7c" testId="1125c384-36c9-7da0-f253-4de4fa4f1257" testName="TestGetVisualizationChangesWithNulTimeout" computerName="DKSR-EFI-06" duration="00:00:00.0081337" startTime="2024-01-09T15:43:14.3728616+01:00" endTime="2024-01-09T15:43:14.3884885+01:00" testType="13cdc9d9-ddb5-4fa4-a97d-d965ccfc6d4b" outcome="Passed" testListId="8c84fa94-04c1-424b-9868-57a2d4851a1d" relativeResultsDirectory="8b777018-32ae-4a04-8408-64368e6a2c7c" />
    <UnitTestResult executionId="7eb42b33-5837-48d3-be8a-e9da9b138b6d" testId="4cf9dbcf-57e4-1d7c-8f5e-9937c35779e4" testName="TestSaveConfigurationWithNoElements" computerName="DKSR-EFI-06" duration="00:00:00.0034631" startTime="2024-01-09T15:43:20.8103740+01:00" endTime="2024-01-09T15:43:20.8103740+01:00" testType="13cdc9d9-ddb5-4fa4-a97d-d965ccfc6d4b" outcome="Passed" testListId="8c84fa94-04c1-424b-9868-57a2d4851a1d" relativeResultsDirectory="7eb42b33-5837-48d3-be8a-e9da9b138b6d" />
    <UnitTestResult executionId="c89e1e9a-12da-4baa-92de-ccc912a2cfd1" testId="056d9b2e-47e1-66fc-0f61-7dd44cd5f24a" testName="TestConstructor" computerName="DKSR-EFI-06" duration="00:00:00.0027734" startTime="2024-01-09T15:43:19.5759968+01:00" endTime="2024-01-09T15:43:19.5759968+01:00" testType="13cdc9d9-ddb5-4fa4-a97d-d965ccfc6d4b" outcome="Passed" testListId="8c84fa94-04c1-424b-9868-57a2d4851a1d" relativeResultsDirectory="c89e1e9a-12da-4baa-92de-ccc912a2cfd1" />
    <UnitTestResult executionId="447ed528-1779-4174-afe4-fd936880067b" testId="6187e3b7-90e4-8192-265f-6cd0c6182ead" testName="Handle_ShouldFlattenStateValue_WhenValuesIncludeStateIntAndStateName" computerName="DKSR-EFI-06" duration="00:00:00.0037307" startTime="2024-01-09T15:43:30.4822534+01:00" endTime="2024-01-09T15:43:30.4822534+01:00" testType="13cdc9d9-ddb5-4fa4-a97d-d965ccfc6d4b" outcome="Passed" testListId="8c84fa94-04c1-424b-9868-57a2d4851a1d" relativeResultsDirectory="447ed528-1779-4174-afe4-fd936880067b" />
    <UnitTestResult executionId="47381173-32bc-47d5-b900-e3bbd0fe348f" testId="1788269b-ca02-6525-029b-cb119237421f" testName="TestGetAllObjectsOfTypeFromRoot" computerName="DKSR-EFI-06" duration="00:00:00.0087268" startTime="2024-01-09T15:43:16.7009971+01:00" endTime="2024-01-09T15:43:16.7166184+01:00" testType="13cdc9d9-ddb5-4fa4-a97d-d965ccfc6d4b" outcome="Passed" testListId="8c84fa94-04c1-424b-9868-57a2d4851a1d" relativeResultsDirectory="47381173-32bc-47d5-b900-e3bbd0fe348f" />
    <UnitTestResult executionId="d2072e2f-da85-48b2-9152-18f7b50136b7" testId="9f984ace-837b-182d-3dce-f598fcf98c2c" testName="TestGetPlugInItemChangesWithInvalidUser" computerName="DKSR-EFI-06" duration="00:00:00.0026961" startTime="2024-01-09T15:43:18.3416264+01:00" endTime="2024-01-09T15:43:18.3416264+01:00" testType="13cdc9d9-ddb5-4fa4-a97d-d965ccfc6d4b" outcome="Passed" testListId="8c84fa94-04c1-424b-9868-57a2d4851a1d" relativeResultsDirectory="d2072e2f-da85-48b2-9152-18f7b50136b7" />
    <UnitTestResult executionId="9f728e27-518a-401c-a7a6-e177b3aa308f" testId="6d94d123-0366-be52-99f0-ddb1f359935c" testName="TestGetStatusDetailsThrowingUnhandledException" computerName="DKSR-EFI-06" duration="00:00:00.0047225" startTime="2024-01-09T15:43:15.1697401+01:00" endTime="2024-01-09T15:43:15.1853639+01:00" testType="13cdc9d9-ddb5-4fa4-a97d-d965ccfc6d4b" outcome="Passed" testListId="8c84fa94-04c1-424b-9868-57a2d4851a1d" relativeResultsDirectory="9f728e27-518a-401c-a7a6-e177b3aa308f" />
    <UnitTestResult executionId="7bf8b381-e26e-4345-8dcb-5c27fa41ebfb" testId="fb5492ab-cda6-ba8a-bab0-b37d58488088" testName="TestToServiceItem" computerName="DKSR-EFI-06" duration="00:00:00.0120068" startTime="2024-01-09T15:43:19.5447462+01:00" endTime="2024-01-09T15:43:19.5447462+01:00" testType="13cdc9d9-ddb5-4fa4-a97d-d965ccfc6d4b" outcome="Passed" testListId="8c84fa94-04c1-424b-9868-57a2d4851a1d" relativeResultsDirectory="7bf8b381-e26e-4345-8dcb-5c27fa41ebfb" />
    <UnitTestResult executionId="47c4d5fb-cfd0-4d19-8571-99ad164855de" testId="42161733-a84f-c463-f8a8-073b446ca3de" testName="TestCreateFilteredConfigurationTopLevelUnitLimited" computerName="DKSR-EFI-06" duration="00:00:00.0014075" startTime="2024-01-09T15:43:31.4978773+01:00" endTime="2024-01-09T15:43:31.4978773+01:00" testType="13cdc9d9-ddb5-4fa4-a97d-d965ccfc6d4b" outcome="Passed" testListId="8c84fa94-04c1-424b-9868-57a2d4851a1d" relativeResultsDirectory="47c4d5fb-cfd0-4d19-8571-99ad164855de" />
    <UnitTestResult executionId="513bcce8-b1eb-4ae0-8dc8-8dd3e0e0cd63" testId="43777f90-1960-02ae-d0ac-4e9f90968a37" testName="Handle_ShouldFlattenStateValue_WhenValuesIncludeStateIntAndStateNameAndState" computerName="DKSR-EFI-06" duration="00:00:00.0269312" startTime="2024-01-09T15:43:30.4510041+01:00" endTime="2024-01-09T15:43:30.4822534+01:00" testType="13cdc9d9-ddb5-4fa4-a97d-d965ccfc6d4b" outcome="Passed" testListId="8c84fa94-04c1-424b-9868-57a2d4851a1d" relativeResultsDirectory="513bcce8-b1eb-4ae0-8dc8-8dd3e0e0cd63" />
    <UnitTestResult executionId="3921da95-2bf3-4a67-aa76-26d3cd433a54" testId="1560d87c-9504-582e-42c3-2a759a5254c0" testName="TestGetElementGetAMarkedForDeletionElement" computerName="DKSR-EFI-06" duration="00:00:00.0031115" startTime="2024-01-09T15:43:23.2322509+01:00" endTime="2024-01-09T15:43:23.2322509+01:00" testType="13cdc9d9-ddb5-4fa4-a97d-d965ccfc6d4b" outcome="Passed" testListId="8c84fa94-04c1-424b-9868-57a2d4851a1d" relativeResultsDirectory="3921da95-2bf3-4a67-aa76-26d3cd433a54" />
    <UnitTestResult executionId="a81f6f9d-ac5b-4073-bef5-97ebfaddb171" testId="c8524030-a4ec-41a9-de8e-3dde74bf084b" testName="TestGetStatusWithTwoHotzonesPointingToSameMapWithError" computerName="DKSR-EFI-06" duration="00:00:00.0170397" startTime="2024-01-09T15:43:21.3884997+01:00" endTime="2024-01-09T15:43:21.4041244+01:00" testType="13cdc9d9-ddb5-4fa4-a97d-d965ccfc6d4b" outcome="Passed" testListId="8c84fa94-04c1-424b-9868-57a2d4851a1d" relativeResultsDirectory="a81f6f9d-ac5b-4073-bef5-97ebfaddb171" />
    <UnitTestResult executionId="21484998-772b-459f-a613-f21f2119036c" testId="291db4d4-dfa4-9d8d-9f32-de6c3c2fe81e" testName="TestConstructor" computerName="DKSR-EFI-06" duration="00:00:00.0224456" startTime="2024-01-09T15:43:19.4509978+01:00" endTime="2024-01-09T15:43:19.4822494+01:00" testType="13cdc9d9-ddb5-4fa4-a97d-d965ccfc6d4b" outcome="Passed" testListId="8c84fa94-04c1-424b-9868-57a2d4851a1d" relativeResultsDirectory="21484998-772b-459f-a613-f21f2119036c" />
    <UnitTestResult executionId="d51bd860-e692-453e-b6b9-a0bc4cda5313" testId="01feb38e-4635-81d2-104a-41d47a7d67a5" testName="TestLoadXmlWithValidNode" computerName="DKSR-EFI-06" duration="00:00:00.0039137" startTime="2024-01-09T15:43:22.1228742+01:00" endTime="2024-01-09T15:43:22.1228742+01:00" testType="13cdc9d9-ddb5-4fa4-a97d-d965ccfc6d4b" outcome="Passed" testListId="8c84fa94-04c1-424b-9868-57a2d4851a1d" relativeResultsDirectory="d51bd860-e692-453e-b6b9-a0bc4cda5313" />
    <UnitTestResult executionId="2f4380fe-6f45-4701-b03f-1258bbaccb89" testId="6e3b7265-e6a8-b513-1aba-7f283cb0a057" testName="TestGetAllElementsOfTypeIncludeRootOnSingleTreeWithDeletedElement" computerName="DKSR-EFI-06" duration="00:00:00.0058807" startTime="2024-01-09T15:43:23.5291247+01:00" endTime="2024-01-09T15:43:23.5447491+01:00" testType="13cdc9d9-ddb5-4fa4-a97d-d965ccfc6d4b" outcome="Passed" testListId="8c84fa94-04c1-424b-9868-57a2d4851a1d" relativeResultsDirectory="2f4380fe-6f45-4701-b03f-1258bbaccb89" />
    <UnitTestResult executionId="c8f11c65-6349-441f-a68a-804b6cc93217" testId="29f8d109-e7ff-8cc5-8a86-e30f52887a1b" testName="TestLoadConfigurationWithRootAndCyclicEntriesFirstInXmlFile" computerName="DKSR-EFI-06" duration="00:00:00.0109196" startTime="2024-01-09T15:43:20.7791231+01:00" endTime="2024-01-09T15:43:20.7947486+01:00" testType="13cdc9d9-ddb5-4fa4-a97d-d965ccfc6d4b" outcome="Passed" testListId="8c84fa94-04c1-424b-9868-57a2d4851a1d" relativeResultsDirectory="c8f11c65-6349-441f-a68a-804b6cc93217" />
    <UnitTestResult executionId="3914092b-c511-4e3a-976f-06ab7fc704bb" testId="777ff963-3277-f319-2838-bef13d2153a1" testName="TestLoadXMLWithNoParametersCorrect" computerName="DKSR-EFI-06" duration="00:00:00.0005145" startTime="2024-01-09T15:43:25.1385021+01:00" endTime="2024-01-09T15:43:25.1385021+01:00" testType="13cdc9d9-ddb5-4fa4-a97d-d965ccfc6d4b" outcome="Passed" testListId="8c84fa94-04c1-424b-9868-57a2d4851a1d" relativeResultsDirectory="3914092b-c511-4e3a-976f-06ab7fc704bb" />
    <UnitTestResult executionId="518b9ea7-47a8-4e68-aa5d-6057d7adcccf" testId="19789653-59e6-f3c4-77df-ecd0baf02b64" testName="TestRemoveElementAndChildElementsRecursive" computerName="DKSR-EFI-06" duration="00:00:00.0337162" startTime="2024-01-09T15:43:23.9978755+01:00" endTime="2024-01-09T15:43:24.0291278+01:00" testType="13cdc9d9-ddb5-4fa4-a97d-d965ccfc6d4b" outcome="Passed" testListId="8c84fa94-04c1-424b-9868-57a2d4851a1d" relativeResultsDirectory="518b9ea7-47a8-4e68-aa5d-6057d7adcccf" />
    <UnitTestResult executionId="820e5160-0560-4f97-9737-98cfbf51362e" testId="f961c61e-dc3b-4559-f24c-d104e1a1068d" testName="TestGetStatusVirtualServersWithCameraNotOnMapInError" computerName="DKSR-EFI-06" duration="00:00:00.0337759" startTime="2024-01-09T15:43:21.3416248+01:00" endTime="2024-01-09T15:43:21.3884997+01:00" testType="13cdc9d9-ddb5-4fa4-a97d-d965ccfc6d4b" outcome="Passed" testListId="8c84fa94-04c1-424b-9868-57a2d4851a1d" relativeResultsDirectory="820e5160-0560-4f97-9737-98cfbf51362e" />
    <UnitTestResult executionId="d88f3d7e-53c3-48ea-89b9-ff93bf56d781" testId="4a9399b4-44e7-cc5f-cd99-c31d91a518b3" testName="TestSetVisualizationThrowingUnhandledException" computerName="DKSR-EFI-06" duration="00:00:00.0034151" startTime="2024-01-09T15:43:15.2009890+01:00" endTime="2024-01-09T15:43:15.2009890+01:00" testType="13cdc9d9-ddb5-4fa4-a97d-d965ccfc6d4b" outcome="Passed" testListId="8c84fa94-04c1-424b-9868-57a2d4851a1d" relativeResultsDirectory="d88f3d7e-53c3-48ea-89b9-ff93bf56d781" />
    <UnitTestResult executionId="916a2086-e94d-4554-9511-f8b331eda467" testId="44b05a81-39e5-1283-ef3e-05637c0ae9d5" testName="TestAddException" computerName="DKSR-EFI-06" duration="00:00:00.0044633" startTime="2024-01-09T15:43:18.6384951+01:00" endTime="2024-01-09T15:43:18.6384951+01:00" testType="13cdc9d9-ddb5-4fa4-a97d-d965ccfc6d4b" outcome="Passed" testListId="8c84fa94-04c1-424b-9868-57a2d4851a1d" relativeResultsDirectory="916a2086-e94d-4554-9511-f8b331eda467" />
    <UnitTestResult executionId="89d06a60-721e-433b-a6fc-37e79c07c4b9" testId="75a586e0-0d79-2a07-0fde-9e8a5096a078" testName="Handle_ShouldFlattenValuesBasedOnPriorityIntAndPriorityValue_WhenValuesDoNotIncludeValidPriorityNameValues" computerName="DKSR-EFI-06" duration="00:00:00.0010130" startTime="2024-01-09T15:43:30.5447535+01:00" endTime="2024-01-09T15:43:30.5447535+01:00" testType="13cdc9d9-ddb5-4fa4-a97d-d965ccfc6d4b" outcome="Passed" testListId="8c84fa94-04c1-424b-9868-57a2d4851a1d" relativeResultsDirectory="89d06a60-721e-433b-a6fc-37e79c07c4b9" />
    <UnitTestResult executionId="5e629853-9f4f-4354-b1b2-db345ad7ffe7" testId="1557dd86-0b20-4175-8eff-cf0a11f48247" testName="TestCheckAuthorizationWhereNoCachedItemAndErrorFirstTime" computerName="DKSR-EFI-06" duration="00:00:00.0026504" startTime="2024-01-09T15:43:27.3260028+01:00" endTime="2024-01-09T15:43:27.3416301+01:00" testType="13cdc9d9-ddb5-4fa4-a97d-d965ccfc6d4b" outcome="Passed" testListId="8c84fa94-04c1-424b-9868-57a2d4851a1d" relativeResultsDirectory="5e629853-9f4f-4354-b1b2-db345ad7ffe7" />
    <UnitTestResult executionId="1f6b5e87-7203-4f3a-bc4d-e0986007cd05" testId="e25a0b21-87b2-7f59-87da-5dca25810132" testName="TestCreateObjectsWithInvalidUser" computerName="DKSR-EFI-06" duration="00:00:00.0026698" startTime="2024-01-09T15:43:16.6228702+01:00" endTime="2024-01-09T15:43:16.6384944+01:00" testType="13cdc9d9-ddb5-4fa4-a97d-d965ccfc6d4b" outcome="Passed" testListId="8c84fa94-04c1-424b-9868-57a2d4851a1d" relativeResultsDirectory="1f6b5e87-7203-4f3a-bc4d-e0986007cd05" />
    <UnitTestResult executionId="78fd995c-7850-4e04-9184-3d12f31509cf" testId="a18da52c-9f52-fb16-4078-bcb8084ca60e" testName="TestUpdateBoundsWithInvalidUser" computerName="DKSR-EFI-06" duration="00:00:00.0028165" startTime="2024-01-09T15:43:17.1384940+01:00" endTime="2024-01-09T15:43:17.1384940+01:00" testType="13cdc9d9-ddb5-4fa4-a97d-d965ccfc6d4b" outcome="Passed" testListId="8c84fa94-04c1-424b-9868-57a2d4851a1d" relativeResultsDirectory="78fd995c-7850-4e04-9184-3d12f31509cf" />
    <UnitTestResult executionId="478c4cbe-e159-4052-a357-1420f0100a82" testId="648c3423-ff75-8cf6-1c0f-68238348b975" testName="TryGetEventGroupRetention_ShouldReturnFalse_WhenEventGroupDoesntExist" computerName="DKSR-EFI-06" duration="00:00:00.0020788" startTime="2024-01-09T15:43:28.5447547+01:00" endTime="2024-01-09T15:43:28.5447547+01:00" testType="13cdc9d9-ddb5-4fa4-a97d-d965ccfc6d4b" outcome="Passed" testListId="8c84fa94-04c1-424b-9868-57a2d4851a1d" relativeResultsDirectory="478c4cbe-e159-4052-a357-1420f0100a82" />
    <UnitTestResult executionId="34a5845f-823e-42bc-86dd-255572257fca" testId="4721b7d6-5cc2-c57e-47c7-b954ad458df5" testName="EventConverter_ConvertBaseItemToBaseEvent_Unknown_Reference_Items" computerName="DKSR-EFI-06" duration="00:00:00.0042181" startTime="2024-01-09T15:43:26.5916282+01:00" endTime="2024-01-09T15:43:26.5916282+01:00" testType="13cdc9d9-ddb5-4fa4-a97d-d965ccfc6d4b" outcome="Passed" testListId="8c84fa94-04c1-424b-9868-57a2d4851a1d" relativeResultsDirectory="34a5845f-823e-42bc-86dd-255572257fca" />
    <UnitTestResult executionId="39254f54-a440-4a9c-b04a-1658b7bb851b" testId="f8b6cadd-b921-8c12-7802-ac8ca86f3113" testName="TestCacheCleanupSingleSessionSingleUserIdNoTouchLongOverdue" computerName="DKSR-EFI-06" duration="00:00:00.0009186" startTime="2024-01-09T15:43:27.0291276+01:00" endTime="2024-01-09T15:43:27.0291276+01:00" testType="13cdc9d9-ddb5-4fa4-a97d-d965ccfc6d4b" outcome="Passed" testListId="8c84fa94-04c1-424b-9868-57a2d4851a1d" relativeResultsDirectory="39254f54-a440-4a9c-b04a-1658b7bb851b" />
    <UnitTestResult executionId="bb777f97-3cb2-4173-bde4-f687068f907f" testId="2642ffa3-58ea-8fa0-4a47-e34aa27d1791" testName="EventConverter_ConvertBaseItemToBaseEvent_BaseItem_Null" computerName="DKSR-EFI-06" duration="00:00:00.0030729" startTime="2024-01-09T15:43:26.5447508+01:00" endTime="2024-01-09T15:43:26.5447508+01:00" testType="13cdc9d9-ddb5-4fa4-a97d-d965ccfc6d4b" outcome="Passed" testListId="8c84fa94-04c1-424b-9868-57a2d4851a1d" relativeResultsDirectory="bb777f97-3cb2-4173-bde4-f687068f907f" />
    <UnitTestResult executionId="cc2af1e7-05f6-4d3d-8e66-456d2aa862c0" testId="9c486dc7-5089-b52d-43af-f1224bc53e63" testName="TestUpdateObjectThrowingUnhandledException" computerName="DKSR-EFI-06" duration="00:00:00.0028891" startTime="2024-01-09T15:43:17.8416205+01:00" endTime="2024-01-09T15:43:17.8416205+01:00" testType="13cdc9d9-ddb5-4fa4-a97d-d965ccfc6d4b" outcome="Passed" testListId="8c84fa94-04c1-424b-9868-57a2d4851a1d" relativeResultsDirectory="cc2af1e7-05f6-4d3d-8e66-456d2aa862c0" />
    <UnitTestResult executionId="fc38bc6d-aee2-472a-9c50-3a72d72aa5ee" testId="c3bd286e-e412-9a7e-dc49-1313e3d02098" testName="TestRemoveElementsWithInvalidId" computerName="DKSR-EFI-06" duration="00:00:00.0037564" startTime="2024-01-09T15:43:23.8260010+01:00" endTime="2024-01-09T15:43:23.8416272+01:00" testType="13cdc9d9-ddb5-4fa4-a97d-d965ccfc6d4b" outcome="Passed" testListId="8c84fa94-04c1-424b-9868-57a2d4851a1d" relativeResultsDirectory="fc38bc6d-aee2-472a-9c50-3a72d72aa5ee" />
    <UnitTestResult executionId="7139999b-8874-4d4c-835a-17ef28c4751a" testId="9a60e8b1-4d8a-31ce-d3cc-dc0fc13ef5e5" testName="EventIdListTest_RecorderListIds_NotContainedInWebServiceEventIds" computerName="DKSR-EFI-06" duration="00:00:00.0000920" startTime="2024-01-09T15:43:28.0447527+01:00" endTime="2024-01-09T15:43:28.0447527+01:00" testType="13cdc9d9-ddb5-4fa4-a97d-d965ccfc6d4b" outcome="Passed" testListId="8c84fa94-04c1-424b-9868-57a2d4851a1d" relativeResultsDirectory="7139999b-8874-4d4c-835a-17ef28c4751a" />
    <UnitTestResult executionId="3e286d8d-63bb-4df6-94d0-6d8ccf4f81d8" testId="022a055b-6ebe-e782-e026-a09e283910ea" testName="TestGetObjectsWithinGPSAreaNotAuthenticated" computerName="DKSR-EFI-06" duration="00:00:00.0016823" startTime="2024-01-09T15:43:17.4822454+01:00" endTime="2024-01-09T15:43:17.4978697+01:00" testType="13cdc9d9-ddb5-4fa4-a97d-d965ccfc6d4b" outcome="Passed" testListId="8c84fa94-04c1-424b-9868-57a2d4851a1d" relativeResultsDirectory="3e286d8d-63bb-4df6-94d0-6d8ccf4f81d8" />
    <UnitTestResult executionId="c8daa3aa-832b-489a-a3b5-34bbe7658c10" testId="5850678c-fe74-23aa-d83d-da1f0e145943" testName="TestLoadXMLWithInvalidValues" computerName="DKSR-EFI-06" duration="00:00:00.0006206" startTime="2024-01-09T15:43:25.1541328+01:00" endTime="2024-01-09T15:43:25.1541328+01:00" testType="13cdc9d9-ddb5-4fa4-a97d-d965ccfc6d4b" outcome="Passed" testListId="8c84fa94-04c1-424b-9868-57a2d4851a1d" relativeResultsDirectory="c8daa3aa-832b-489a-a3b5-34bbe7658c10" />
    <UnitTestResult executionId="18cdfabf-3605-4ca5-b21c-c01df20379b0" testId="12586267-0673-3fe4-7439-32d08ed9f40e" testName="GetEventSourceReturnsSourceWhenNotUserDefinedEvent" computerName="DKSR-EFI-06" duration="00:00:00.0018707" startTime="2024-01-09T15:43:28.3416305+01:00" endTime="2024-01-09T15:43:28.3416305+01:00" testType="13cdc9d9-ddb5-4fa4-a97d-d965ccfc6d4b" outcome="Passed" testListId="8c84fa94-04c1-424b-9868-57a2d4851a1d" relativeResultsDirectory="18cdfabf-3605-4ca5-b21c-c01df20379b0" />
    <UnitTestResult executionId="9f06ec45-401e-41be-8245-c964ddb4e520" testId="f0226581-d7f4-7994-5ccb-69826aa89692" testName="TestInsertElementWithServerIdInRelationIdAndCyclicRelation" computerName="DKSR-EFI-06" duration="00:00:00.0132392" startTime="2024-01-09T15:43:22.7635003+01:00" endTime="2024-01-09T15:43:22.7791258+01:00" testType="13cdc9d9-ddb5-4fa4-a97d-d965ccfc6d4b" outcome="Passed" testListId="8c84fa94-04c1-424b-9868-57a2d4851a1d" relativeResultsDirectory="9f06ec45-401e-41be-8245-c964ddb4e520" />
    <UnitTestResult executionId="746e67a0-d666-4c7f-9bc9-03d33e844e21" testId="7a3a0dea-02b1-cc56-4c12-fb536f0999e8" testName="TestXmlValidOne" computerName="DKSR-EFI-06" duration="00:00:00.0031653" startTime="2024-01-09T15:43:09.0134759+01:00" endTime="2024-01-09T15:43:09.0290975+01:00" testType="13cdc9d9-ddb5-4fa4-a97d-d965ccfc6d4b" outcome="Passed" testListId="8c84fa94-04c1-424b-9868-57a2d4851a1d" relativeResultsDirectory="746e67a0-d666-4c7f-9bc9-03d33e844e21" />
    <UnitTestResult executionId="2bb5e125-7e05-4255-939b-b117cdb923a6" testId="6e1def5b-2f08-1a99-fdf0-0847a888dfa8" testName="TestLoadAndInitSingleACSystemConfiguration" computerName="DKSR-EFI-06" duration="00:00:00.2415943" startTime="2024-01-09T15:43:30.9822538+01:00" endTime="2024-01-09T15:43:31.2322523+01:00" testType="13cdc9d9-ddb5-4fa4-a97d-d965ccfc6d4b" outcome="Passed" testListId="8c84fa94-04c1-424b-9868-57a2d4851a1d" relativeResultsDirectory="2bb5e125-7e05-4255-939b-b117cdb923a6" />
    <UnitTestResult executionId="bc584738-3837-41d4-85c0-c6f9ea8e38f0" testId="31169a73-2c6f-02f9-5556-8a2c0ee8e88a" testName="TestGetObjectsWithinGPSAreaThrowingUnhandledException" computerName="DKSR-EFI-06" duration="00:00:00.0038449" startTime="2024-01-09T15:43:17.4978697+01:00" endTime="2024-01-09T15:43:17.4978697+01:00" testType="13cdc9d9-ddb5-4fa4-a97d-d965ccfc6d4b" outcome="Passed" testListId="8c84fa94-04c1-424b-9868-57a2d4851a1d" relativeResultsDirectory="bc584738-3837-41d4-85c0-c6f9ea8e38f0" />
    <UnitTestResult executionId="c3affa82-77ad-4a76-a90c-001f0d6c7235" testId="7afbf90e-8d01-683d-8293-6610e6dfee27" testName="TestCreateFilteredConfigurationFullVisibility" computerName="DKSR-EFI-06" duration="00:00:00.0272976" startTime="2024-01-09T15:43:31.4197528+01:00" endTime="2024-01-09T15:43:31.4510067+01:00" testType="13cdc9d9-ddb5-4fa4-a97d-d965ccfc6d4b" outcome="Passed" testListId="8c84fa94-04c1-424b-9868-57a2d4851a1d" relativeResultsDirectory="c3affa82-77ad-4a76-a90c-001f0d6c7235" />
    <UnitTestResult executionId="f65e8aaf-a284-4f8e-a9f2-3aeb01a11561" testId="dcab5aed-cb1b-c54d-fac5-8be674eef501" testName="TestLoadXMLWithNoParametersCorrect" computerName="DKSR-EFI-06" duration="00:00:00.0003804" startTime="2024-01-09T15:43:24.4666279+01:00" endTime="2024-01-09T15:43:24.4666279+01:00" testType="13cdc9d9-ddb5-4fa4-a97d-d965ccfc6d4b" outcome="Passed" testListId="8c84fa94-04c1-424b-9868-57a2d4851a1d" relativeResultsDirectory="f65e8aaf-a284-4f8e-a9f2-3aeb01a11561" />
    <UnitTestResult executionId="a10efd00-4aad-4f2d-bd7c-88cd8cc8fedf" testId="1d1af91a-98bf-5e9c-f940-4402a64a3dc3" testName="TestGetAllElementsWithinGpsAreaWithInvalidUpperLeftBounds" computerName="DKSR-EFI-06" duration="00:00:00.0057223" startTime="2024-01-09T15:43:23.5760017+01:00" endTime="2024-01-09T15:43:23.5760017+01:00" testType="13cdc9d9-ddb5-4fa4-a97d-d965ccfc6d4b" outcome="Passed" testListId="8c84fa94-04c1-424b-9868-57a2d4851a1d" relativeResultsDirectory="a10efd00-4aad-4f2d-bd7c-88cd8cc8fedf" />
    <UnitTestResult executionId="9917e67a-cc3d-41c5-a743-4ea45bef4375" testId="7502a480-3d55-7c3a-43f7-314a17a87fc8" testName="TestGetAllObjectIDsOnVisualElementWithInvalidUser" computerName="DKSR-EFI-06" duration="00:00:00.0026440" startTime="2024-01-09T15:43:18.0447451+01:00" endTime="2024-01-09T15:43:18.0603701+01:00" testType="13cdc9d9-ddb5-4fa4-a97d-d965ccfc6d4b" outcome="Passed" testListId="8c84fa94-04c1-424b-9868-57a2d4851a1d" relativeResultsDirectory="9917e67a-cc3d-41c5-a743-4ea45bef4375" />
    <UnitTestResult executionId="c91efb92-0e9d-446b-8c23-4bb31da64e73" testId="90e62cbf-7689-87e1-93e7-9ab4e0f34756" testName="TestUpdateDisplayXMLThrowingUnhandledException" computerName="DKSR-EFI-06" duration="00:00:00.0035194" startTime="2024-01-09T15:43:17.1697436+01:00" endTime="2024-01-09T15:43:17.1697436+01:00" testType="13cdc9d9-ddb5-4fa4-a97d-d965ccfc6d4b" outcome="Passed" testListId="8c84fa94-04c1-424b-9868-57a2d4851a1d" relativeResultsDirectory="c91efb92-0e9d-446b-8c23-4bb31da64e73" />
    <UnitTestResult executionId="5eaad8e3-d6a3-438e-86b6-b15184478b17" testId="d1937577-6d87-7b55-fb65-0910bffe4dc1" testName="TestCopyConstructor" computerName="DKSR-EFI-06" duration="00:00:00.0014630" startTime="2024-01-09T15:43:24.5916295+01:00" endTime="2024-01-09T15:43:24.6072518+01:00" testType="13cdc9d9-ddb5-4fa4-a97d-d965ccfc6d4b" outcome="Passed" testListId="8c84fa94-04c1-424b-9868-57a2d4851a1d" relativeResultsDirectory="5eaad8e3-d6a3-438e-86b6-b15184478b17" />
    <UnitTestResult executionId="3205eaaa-ca00-489b-b81f-4ec0e8b321b4" testId="4a962b51-b5ad-c9d4-5685-525bd4e41b90" testName="WhenAlarmSearchCriteriaWithWrongFieldNamesThenException" computerName="DKSR-EFI-06" duration="00:00:00.0012603" startTime="2024-01-09T15:43:26.4197506+01:00" endTime="2024-01-09T15:43:26.4197506+01:00" testType="13cdc9d9-ddb5-4fa4-a97d-d965ccfc6d4b" outcome="Passed" testListId="8c84fa94-04c1-424b-9868-57a2d4851a1d" relativeResultsDirectory="3205eaaa-ca00-489b-b81f-4ec0e8b321b4" />
    <UnitTestResult executionId="e309c014-353a-452e-88e9-cf3a0d0dc0b5" testId="04f1c957-3b52-a4e4-88ce-e71488ccd8d2" testName="TestUpdateWithNullValues" computerName="DKSR-EFI-06" duration="00:00:00.0039533" startTime="2024-01-09T15:43:19.4978732+01:00" endTime="2024-01-09T15:43:19.5135000+01:00" testType="13cdc9d9-ddb5-4fa4-a97d-d965ccfc6d4b" outcome="Passed" testListId="8c84fa94-04c1-424b-9868-57a2d4851a1d" relativeResultsDirectory="e309c014-353a-452e-88e9-cf3a0d0dc0b5" />
    <UnitTestResult executionId="db555516-8de4-4811-8b4a-258c77763f69" testId="64480e1f-7942-5150-b48e-e50327aba391" testName="StartAndClose_ShouldNotThrowExceptions" computerName="DKSR-EFI-06" duration="00:00:00.2400633" startTime="2024-01-09T15:43:29.1541279+01:00" endTime="2024-01-09T15:43:29.3885030+01:00" testType="13cdc9d9-ddb5-4fa4-a97d-d965ccfc6d4b" outcome="Passed" testListId="8c84fa94-04c1-424b-9868-57a2d4851a1d" relativeResultsDirectory="db555516-8de4-4811-8b4a-258c77763f69" />
    <UnitTestResult executionId="614921ed-f3ed-4670-bfd6-627dcf7652eb" testId="ac8b403c-ad95-1397-486c-57c0f405c26a" testName="TestConstructorWithVisualElementStorageDatabaseFactoryObjectsAndVisualElementWithObjects" computerName="DKSR-EFI-06" duration="00:00:00.0104271" startTime="2024-01-09T15:43:25.2947513+01:00" endTime="2024-01-09T15:43:25.3103759+01:00" testType="13cdc9d9-ddb5-4fa4-a97d-d965ccfc6d4b" outcome="Passed" testListId="8c84fa94-04c1-424b-9868-57a2d4851a1d" relativeResultsDirectory="614921ed-f3ed-4670-bfd6-627dcf7652eb" />
    <UnitTestResult executionId="a0abdc32-4a8c-495e-ac9e-204edf780b77" testId="bbf1a571-0e55-45a8-1f93-f58c2db0dbae" testName="TestConstructorWithParameters" computerName="DKSR-EFI-06" duration="00:00:00.0010566" startTime="2024-01-09T15:43:20.5447484+01:00" endTime="2024-01-09T15:43:20.5603741+01:00" testType="13cdc9d9-ddb5-4fa4-a97d-d965ccfc6d4b" outcome="Passed" testListId="8c84fa94-04c1-424b-9868-57a2d4851a1d" relativeResultsDirectory="a0abdc32-4a8c-495e-ac9e-204edf780b77" />
    <UnitTestResult executionId="51a6a089-f858-458a-b668-f02918ddef59" testId="79450999-8ae4-f763-9830-712ef6ee317a" testName="TestGetStatusForAllObjectsOfTypeWithInvalidUser" computerName="DKSR-EFI-06" duration="00:00:00.0050404" startTime="2024-01-09T15:43:15.1384908+01:00" endTime="2024-01-09T15:43:15.1384908+01:00" testType="13cdc9d9-ddb5-4fa4-a97d-d965ccfc6d4b" outcome="Passed" testListId="8c84fa94-04c1-424b-9868-57a2d4851a1d" relativeResultsDirectory="51a6a089-f858-458a-b668-f02918ddef59" />
    <UnitTestResult executionId="e6ddfdbf-abd1-474f-829f-50c9b9d3b768" testId="7cec8bc4-c627-956e-ae64-773b23a815c2" testName="TestActionHandlerStop" computerName="DKSR-EFI-06" duration="00:00:00.0065654" startTime="2024-01-09T15:43:26.0291290+01:00" endTime="2024-01-09T15:43:26.0447521+01:00" testType="13cdc9d9-ddb5-4fa4-a97d-d965ccfc6d4b" outcome="Passed" testListId="8c84fa94-04c1-424b-9868-57a2d4851a1d" relativeResultsDirectory="e6ddfdbf-abd1-474f-829f-50c9b9d3b768" />
    <UnitTestResult executionId="a560787b-effd-456e-80fe-c112709ed1eb" testId="a088844f-aa95-895a-18a3-251325a06d05" testName="TestItemsWithItemIdsSubset" computerName="DKSR-EFI-06" duration="00:00:00.0033485" startTime="2024-01-09T15:43:20.5134988+01:00" endTime="2024-01-09T15:43:20.5134988+01:00" testType="13cdc9d9-ddb5-4fa4-a97d-d965ccfc6d4b" outcome="Passed" testListId="8c84fa94-04c1-424b-9868-57a2d4851a1d" relativeResultsDirectory="a560787b-effd-456e-80fe-c112709ed1eb" />
    <UnitTestResult executionId="9c60607a-1b92-4c49-8c2e-9b66b7575509" testId="2a02f797-197a-d19e-cf45-13600a76856b" testName="TestGetPlugInItemChangesThrowingUnhandledException" computerName="DKSR-EFI-06" duration="00:00:00.0031335" startTime="2024-01-09T15:43:17.2322429+01:00" endTime="2024-01-09T15:43:17.2322429+01:00" testType="13cdc9d9-ddb5-4fa4-a97d-d965ccfc6d4b" outcome="Passed" testListId="8c84fa94-04c1-424b-9868-57a2d4851a1d" relativeResultsDirectory="9c60607a-1b92-4c49-8c2e-9b66b7575509" />
    <UnitTestResult executionId="07dddd9d-90c8-4c7c-9486-0a798394d836" testId="9bfbcb97-7393-3e97-5b90-41360d0c076f" testName="TestCreateObjectsWithServerIDInVisualOwnerID" computerName="DKSR-EFI-06" duration="00:00:00.0026075" startTime="2024-01-09T15:43:17.7947443+01:00" endTime="2024-01-09T15:43:17.7947443+01:00" testType="13cdc9d9-ddb5-4fa4-a97d-d965ccfc6d4b" outcome="Passed" testListId="8c84fa94-04c1-424b-9868-57a2d4851a1d" relativeResultsDirectory="07dddd9d-90c8-4c7c-9486-0a798394d836" />
    <UnitTestResult executionId="377ac1cd-f0a9-4dc1-8783-c47561718c71" testId="2d49bdd7-3559-92cb-5127-2fb8d1c44b38" testName="TestCreateObjectWithServerIDInID" computerName="DKSR-EFI-06" duration="00:00:00.0026972" startTime="2024-01-09T15:43:17.7478696+01:00" endTime="2024-01-09T15:43:17.7478696+01:00" testType="13cdc9d9-ddb5-4fa4-a97d-d965ccfc6d4b" outcome="Passed" testListId="8c84fa94-04c1-424b-9868-57a2d4851a1d" relativeResultsDirectory="377ac1cd-f0a9-4dc1-8783-c47561718c71" />
    <UnitTestResult executionId="ba8ff3ab-a92a-4622-8162-88bc55df1cea" testId="6d4ff796-fb99-102d-5dff-045c4f4a4c1a" testName="TestUpdateObjectWithInvalidUser" computerName="DKSR-EFI-06" duration="00:00:00.0026918" startTime="2024-01-09T15:43:16.6541177+01:00" endTime="2024-01-09T15:43:16.6541177+01:00" testType="13cdc9d9-ddb5-4fa4-a97d-d965ccfc6d4b" outcome="Passed" testListId="8c84fa94-04c1-424b-9868-57a2d4851a1d" relativeResultsDirectory="ba8ff3ab-a92a-4622-8162-88bc55df1cea" />
    <UnitTestResult executionId="1a313cd3-c118-430c-82eb-47d218c65335" testId="84728403-b075-0630-859d-2be772a02544" testName="TestGetItemOperationalStateWithUnknownType" computerName="DKSR-EFI-06" duration="00:00:00.0004518" startTime="2024-01-09T15:43:20.2947489+01:00" endTime="2024-01-09T15:43:20.3103762+01:00" testType="13cdc9d9-ddb5-4fa4-a97d-d965ccfc6d4b" outcome="Passed" testListId="8c84fa94-04c1-424b-9868-57a2d4851a1d" relativeResultsDirectory="1a313cd3-c118-430c-82eb-47d218c65335" />
    <UnitTestResult executionId="4502d56e-d1f4-4575-984b-44add9c42713" testId="4478d8c6-cc1f-151f-5b78-c96e0f6d778a" testName="TestGetAlarmMessagesException" computerName="DKSR-EFI-06" duration="00:00:00.0033782" startTime="2024-01-09T15:43:19.1698121+01:00" endTime="2024-01-09T15:43:19.1698121+01:00" testType="13cdc9d9-ddb5-4fa4-a97d-d965ccfc6d4b" outcome="Passed" testListId="8c84fa94-04c1-424b-9868-57a2d4851a1d" relativeResultsDirectory="4502d56e-d1f4-4575-984b-44add9c42713" />
    <UnitTestResult executionId="e4a009ee-b3f3-403b-8c73-0aeb3861461d" testId="775b1367-3189-a824-d0c9-823db512bc30" testName="TestNoACUserIdsNoACSystems" computerName="DKSR-EFI-06" duration="00:00:00.0101828" startTime="2024-01-09T15:43:27.0916291+01:00" endTime="2024-01-09T15:43:27.1072520+01:00" testType="13cdc9d9-ddb5-4fa4-a97d-d965ccfc6d4b" outcome="Passed" testListId="8c84fa94-04c1-424b-9868-57a2d4851a1d" relativeResultsDirectory="e4a009ee-b3f3-403b-8c73-0aeb3861461d" />
    <UnitTestResult executionId="9f473bea-6599-4eaa-be48-9c77c5994141" testId="7e0554fc-ea82-7cff-c217-916a21c725c6" testName="TestGetPlugInItemChangesThrowingUnhandledException" computerName="DKSR-EFI-06" duration="00:00:00.0057578" startTime="2024-01-09T15:43:17.6384946+01:00" endTime="2024-01-09T15:43:17.6384946+01:00" testType="13cdc9d9-ddb5-4fa4-a97d-d965ccfc6d4b" outcome="Passed" testListId="8c84fa94-04c1-424b-9868-57a2d4851a1d" relativeResultsDirectory="9f473bea-6599-4eaa-be48-9c77c5994141" />
    <UnitTestResult executionId="6c5b3644-1041-4961-a074-6431471fd746" testId="36d8e28b-ead9-631d-c956-91ee6e859e67" testName="ReloadPluginEventTypes_ShouldAddPluginEventTypes_WhenItemKindDoesNotExist" computerName="DKSR-EFI-06" duration="00:00:00.1301921" startTime="2024-01-09T15:43:30.0135032+01:00" endTime="2024-01-09T15:43:30.1385041+01:00" testType="13cdc9d9-ddb5-4fa4-a97d-d965ccfc6d4b" outcome="Passed" testListId="8c84fa94-04c1-424b-9868-57a2d4851a1d" relativeResultsDirectory="6c5b3644-1041-4961-a074-6431471fd746" />
    <UnitTestResult executionId="29458758-96e2-4926-8b07-01fdee800528" testId="17464289-6d28-3fe2-3a2c-ff1a21f4a88d" testName="TestGetPlugInItemChangesWithChangesItemsWithNowTimestamp" computerName="DKSR-EFI-06" duration="00:00:00.0179109" startTime="2024-01-09T15:43:20.1697467+01:00" endTime="2024-01-09T15:43:20.1853739+01:00" testType="13cdc9d9-ddb5-4fa4-a97d-d965ccfc6d4b" outcome="Passed" testListId="8c84fa94-04c1-424b-9868-57a2d4851a1d" relativeResultsDirectory="29458758-96e2-4926-8b07-01fdee800528" />
    <UnitTestResult executionId="e64377ba-c136-4fb3-9906-283e10aa2a77" testId="54359a79-a350-b706-33cb-3a95c5e005c8" testName="TestAddingNullValueToCache" computerName="DKSR-EFI-06" duration="00:00:00.0009739" startTime="2024-01-09T15:43:13.6384863+01:00" endTime="2024-01-09T15:43:13.6541118+01:00" testType="13cdc9d9-ddb5-4fa4-a97d-d965ccfc6d4b" outcome="Passed" testListId="8c84fa94-04c1-424b-9868-57a2d4851a1d" relativeResultsDirectory="e64377ba-c136-4fb3-9906-283e10aa2a77" />
    <UnitTestResult executionId="1572078d-9b86-4b9c-8b20-0935b45f3cea" testId="41475bcb-ef5d-3618-7d1d-5b1438a91061" testName="TestGetConfigurationDataThrowException" computerName="DKSR-EFI-06" duration="00:00:00.0037490" startTime="2024-01-09T15:43:13.6853611+01:00" endTime="2024-01-09T15:43:13.7009890+01:00" testType="13cdc9d9-ddb5-4fa4-a97d-d965ccfc6d4b" outcome="Passed" testListId="8c84fa94-04c1-424b-9868-57a2d4851a1d" relativeResultsDirectory="1572078d-9b86-4b9c-8b20-0935b45f3cea" />
    <UnitTestResult executionId="35507ec3-69fa-44ce-8370-897fc875c81f" testId="9322c0f2-8323-a37b-92d5-ec05121f9230" testName="TestProperties" computerName="DKSR-EFI-06" duration="00:00:00.0043537" startTime="2024-01-09T15:43:25.7947537+01:00" endTime="2024-01-09T15:43:25.8103763+01:00" testType="13cdc9d9-ddb5-4fa4-a97d-d965ccfc6d4b" outcome="Passed" testListId="8c84fa94-04c1-424b-9868-57a2d4851a1d" relativeResultsDirectory="35507ec3-69fa-44ce-8370-897fc875c81f" />
    <UnitTestResult executionId="d5ca5d6a-33ff-44cd-a44f-65a4276f29d4" testId="b668fb81-8c7e-9806-9e45-6250f49d266d" testName="UnsubscribeEventReceiver_ReturnsFalse_WhenNotSubscribed" computerName="DKSR-EFI-06" duration="00:00:00.0010271" startTime="2024-01-09T15:43:27.9667052+01:00" endTime="2024-01-09T15:43:27.9667052+01:00" testType="13cdc9d9-ddb5-4fa4-a97d-d965ccfc6d4b" outcome="Passed" testListId="8c84fa94-04c1-424b-9868-57a2d4851a1d" relativeResultsDirectory="d5ca5d6a-33ff-44cd-a44f-65a4276f29d4" />
    <UnitTestResult executionId="083d233d-871f-4dc6-b551-ccf0642fca4f" testId="ccfdb732-b4f9-66b8-8a41-9bc827d46e1b" testName="TestDeleteObjectAndChildObjectsThrowingUnhandledException" computerName="DKSR-EFI-06" duration="00:00:00.0015784" startTime="2024-01-09T15:43:17.5759933+01:00" endTime="2024-01-09T15:43:17.5759933+01:00" testType="13cdc9d9-ddb5-4fa4-a97d-d965ccfc6d4b" outcome="Passed" testListId="8c84fa94-04c1-424b-9868-57a2d4851a1d" relativeResultsDirectory="083d233d-871f-4dc6-b551-ccf0642fca4f" />
    <UnitTestResult executionId="881de5b4-3219-4fde-92a6-292de4da2a76" testId="d70987a7-ad0e-7dc7-a5e7-ae54c7805c43" testName="TestRemoveElementAndChildElementsWithNonExistingId" computerName="DKSR-EFI-06" duration="00:00:00.0012238" startTime="2024-01-09T15:43:23.9353770+01:00" endTime="2024-01-09T15:43:23.9353770+01:00" testType="13cdc9d9-ddb5-4fa4-a97d-d965ccfc6d4b" outcome="Passed" testListId="8c84fa94-04c1-424b-9868-57a2d4851a1d" relativeResultsDirectory="881de5b4-3219-4fde-92a6-292de4da2a76" />
    <UnitTestResult executionId="d6d8066d-0add-4ed9-b039-a6f1aa012daf" testId="66f3930e-4a99-6dd9-2352-c6adcfee11cc" testName="TestUpdateElementWithNonExistingVisualOwnerId" computerName="DKSR-EFI-06" duration="00:00:00.0055585" startTime="2024-01-09T15:43:22.9822492+01:00" endTime="2024-01-09T15:43:22.9978758+01:00" testType="13cdc9d9-ddb5-4fa4-a97d-d965ccfc6d4b" outcome="Passed" testListId="8c84fa94-04c1-424b-9868-57a2d4851a1d" relativeResultsDirectory="d6d8066d-0add-4ed9-b039-a6f1aa012daf" />
    <UnitTestResult executionId="5c7083f0-99fa-445b-a3bc-c9b259e2587f" testId="b065fdf1-2acb-9512-67e3-88357cc1f7bd" testName="TestUpdateAlarm" computerName="DKSR-EFI-06" duration="00:00:00.0151066" startTime="2024-01-09T15:43:18.9666388+01:00" endTime="2024-01-09T15:43:18.9822490+01:00" testType="13cdc9d9-ddb5-4fa4-a97d-d965ccfc6d4b" outcome="Passed" testListId="8c84fa94-04c1-424b-9868-57a2d4851a1d" relativeResultsDirectory="5c7083f0-99fa-445b-a3bc-c9b259e2587f" />
    <UnitTestResult executionId="bbe484e7-c1c1-4e20-a62d-9710cbca83c6" testId="b9de5487-3d39-f56d-886b-071337ca9235" testName="TestGetStatusForAllObjectsOfType" computerName="DKSR-EFI-06" duration="00:00:00.0103245" startTime="2024-01-09T15:43:14.2791559+01:00" endTime="2024-01-09T15:43:14.2791559+01:00" testType="13cdc9d9-ddb5-4fa4-a97d-d965ccfc6d4b" outcome="Passed" testListId="8c84fa94-04c1-424b-9868-57a2d4851a1d" relativeResultsDirectory="bbe484e7-c1c1-4e20-a62d-9710cbca83c6" />
    <UnitTestResult executionId="041bd54f-e09c-4748-b72b-e06afc4f9d4a" testId="ce816c85-ab51-0332-5579-1d1ad8a9b051" testName="CreateInstanceReturnsTypeObjectIdEventWhenInvokedForUserDefinedOrGenericEvents" computerName="DKSR-EFI-06" duration="00:00:00.0219007" startTime="2024-01-09T15:43:28.3885043+01:00" endTime="2024-01-09T15:43:28.4197536+01:00" testType="13cdc9d9-ddb5-4fa4-a97d-d965ccfc6d4b" outcome="Passed" testListId="8c84fa94-04c1-424b-9868-57a2d4851a1d" relativeResultsDirectory="041bd54f-e09c-4748-b72b-e06afc4f9d4a" />
    <UnitTestResult executionId="585ed45e-9b4e-4033-ad6f-901b1f10d784" testId="6ed6cc4f-0b69-d300-8374-f11ffe57b6be" testName="TestGetAllElementsOfTypeWithRelationOnDifferentServers" computerName="DKSR-EFI-06" duration="00:00:00.0114107" startTime="2024-01-09T15:43:23.4510023+01:00" endTime="2024-01-09T15:43:23.4666267+01:00" testType="13cdc9d9-ddb5-4fa4-a97d-d965ccfc6d4b" outcome="Passed" testListId="8c84fa94-04c1-424b-9868-57a2d4851a1d" relativeResultsDirectory="585ed45e-9b4e-4033-ad6f-901b1f10d784" />
    <UnitTestResult executionId="c1691c75-c082-4450-af10-b21b037efc20" testId="dc9892b1-1829-9bf5-0716-2ba2e2bad072" testName="WhenAlarmSearchCriteriaWithNoValuesThenInvalidOperationException" computerName="DKSR-EFI-06" duration="00:00:00.0020414" startTime="2024-01-09T15:43:26.4197506+01:00" endTime="2024-01-09T15:43:26.4353764+01:00" testType="13cdc9d9-ddb5-4fa4-a97d-d965ccfc6d4b" outcome="Passed" testListId="8c84fa94-04c1-424b-9868-57a2d4851a1d" relativeResultsDirectory="c1691c75-c082-4450-af10-b21b037efc20" />
    <UnitTestResult executionId="fa8a7f41-b56a-4284-a4c6-0751d2b2e7ec" testId="7a2fd159-6d75-50b5-6d07-8acef305a64a" testName="UpdateDisplayXML_WithValidParameters" computerName="DKSR-EFI-06" duration="00:00:00.0047193" startTime="2024-01-09T15:43:18.2791226+01:00" endTime="2024-01-09T15:43:18.2791226+01:00" testType="13cdc9d9-ddb5-4fa4-a97d-d965ccfc6d4b" outcome="Passed" testListId="8c84fa94-04c1-424b-9868-57a2d4851a1d" relativeResultsDirectory="fa8a7f41-b56a-4284-a4c6-0751d2b2e7ec" />
    <UnitTestResult executionId="f698c890-7f2a-40c7-81fc-fe25fb47d406" testId="4626a3cc-2981-ad39-b754-149a49bbf0af" testName="TestUpdate" computerName="DKSR-EFI-06" duration="00:00:00.0106885" startTime="2024-01-09T15:43:19.4822494+01:00" endTime="2024-01-09T15:43:19.4978732+01:00" testType="13cdc9d9-ddb5-4fa4-a97d-d965ccfc6d4b" outcome="Passed" testListId="8c84fa94-04c1-424b-9868-57a2d4851a1d" relativeResultsDirectory="f698c890-7f2a-40c7-81fc-fe25fb47d406" />
    <UnitTestResult executionId="225bf3e0-301d-406f-a05f-1a36ee5b87c3" testId="f63b110a-a15d-825d-14f9-2151d2f1e07f" testName="TestRemoveElementAndChildElementsWithCyclicRelation" computerName="DKSR-EFI-06" duration="00:00:00.0236176" startTime="2024-01-09T15:43:24.0603768+01:00" endTime="2024-01-09T15:43:24.0916293+01:00" testType="13cdc9d9-ddb5-4fa4-a97d-d965ccfc6d4b" outcome="Passed" testListId="8c84fa94-04c1-424b-9868-57a2d4851a1d" relativeResultsDirectory="225bf3e0-301d-406f-a05f-1a36ee5b87c3" />
    <UnitTestResult executionId="260bb127-5130-4324-b006-e702c150c8e0" testId="a5cccd9d-254c-8f3f-f024-4cc20012dc97" testName="TestDeleteObjectNotAuthenticated" computerName="DKSR-EFI-06" duration="00:00:00.0016465" startTime="2024-01-09T15:43:17.5291187+01:00" endTime="2024-01-09T15:43:17.5291187+01:00" testType="13cdc9d9-ddb5-4fa4-a97d-d965ccfc6d4b" outcome="Passed" testListId="8c84fa94-04c1-424b-9868-57a2d4851a1d" relativeResultsDirectory="260bb127-5130-4324-b006-e702c150c8e0" />
    <UnitTestResult executionId="f88dc4e7-8198-49f8-95d9-863882a9583c" testId="cdc99126-a89a-18ac-a220-6afcaf5ed324" testName="TestGetTypeChangedWithNegativeTimeout" computerName="DKSR-EFI-06" duration="00:00:00.0010800" startTime="2024-01-09T15:43:17.7009950+01:00" endTime="2024-01-09T15:43:17.7009950+01:00" testType="13cdc9d9-ddb5-4fa4-a97d-d965ccfc6d4b" outcome="Passed" testListId="8c84fa94-04c1-424b-9868-57a2d4851a1d" relativeResultsDirectory="f88dc4e7-8198-49f8-95d9-863882a9583c" />
    <UnitTestResult executionId="ea8e94b6-0ef2-48c6-9c14-085687ae8d21" testId="91fc9898-562e-ac60-b27b-73fa95a2dbfc" testName="TestGetElementWithInvalidId" computerName="DKSR-EFI-06" duration="00:00:00.0025094" startTime="2024-01-09T15:43:23.2322509+01:00" endTime="2024-01-09T15:43:23.2322509+01:00" testType="13cdc9d9-ddb5-4fa4-a97d-d965ccfc6d4b" outcome="Passed" testListId="8c84fa94-04c1-424b-9868-57a2d4851a1d" relativeResultsDirectory="ea8e94b6-0ef2-48c6-9c14-085687ae8d21" />
    <UnitTestResult executionId="4225c91e-b5bd-4a3f-bee7-4907c154369b" testId="e882c110-d54b-b53d-28f8-466fc33e4948" testName="TestUpdateAlarmWithState" computerName="DKSR-EFI-06" duration="00:00:00.0131532" startTime="2024-01-09T15:43:19.0134984+01:00" endTime="2024-01-09T15:43:19.0291233+01:00" testType="13cdc9d9-ddb5-4fa4-a97d-d965ccfc6d4b" outcome="Passed" testListId="8c84fa94-04c1-424b-9868-57a2d4851a1d" relativeResultsDirectory="4225c91e-b5bd-4a3f-bee7-4907c154369b" />
    <UnitTestResult executionId="f207eb9a-b965-4791-87d3-70abd369622d" testId="66ea99b5-4e3c-39a3-2be7-0a12fbeb60c9" testName="SetAllEventRetentions_ShouldAuditLog_WhenEventTypeRetentionIsChanged" computerName="DKSR-EFI-06" duration="00:00:00.0111619" startTime="2024-01-09T15:43:28.6228794+01:00" endTime="2024-01-09T15:43:28.6385046+01:00" testType="13cdc9d9-ddb5-4fa4-a97d-d965ccfc6d4b" outcome="Passed" testListId="8c84fa94-04c1-424b-9868-57a2d4851a1d" relativeResultsDirectory="f207eb9a-b965-4791-87d3-70abd369622d" />
    <UnitTestResult executionId="71dd99db-5163-4bc2-a93f-e0966ada254a" testId="7138cab9-c2f9-008a-0b0c-9d64fbb5e6b9" testName="TestCheckAuthorizationWithWindowsUserWithUnknownError" computerName="DKSR-EFI-06" duration="00:00:00.0028924" startTime="2024-01-09T15:43:27.2635009+01:00" endTime="2024-01-09T15:43:27.2791462+01:00" testType="13cdc9d9-ddb5-4fa4-a97d-d965ccfc6d4b" outcome="Passed" testListId="8c84fa94-04c1-424b-9868-57a2d4851a1d" relativeResultsDirectory="71dd99db-5163-4bc2-a93f-e0966ada254a" />
    <UnitTestResult executionId="17cac8bc-4591-49ff-9451-31b9058f188c" testId="ac5310d6-6d6d-adaf-b5c0-386e110e2f4b" testName="TestGetAllElements" computerName="DKSR-EFI-06" duration="00:00:00.0145330" startTime="2024-01-09T15:43:23.2635021+01:00" endTime="2024-01-09T15:43:23.2791273+01:00" testType="13cdc9d9-ddb5-4fa4-a97d-d965ccfc6d4b" outcome="Passed" testListId="8c84fa94-04c1-424b-9868-57a2d4851a1d" relativeResultsDirectory="17cac8bc-4591-49ff-9451-31b9058f188c" />
    <UnitTestResult executionId="d47be599-3616-4802-b1f2-f539de52c23c" testId="bf670d26-8354-165d-b41a-42a1cf89e1b1" testName="TestCheckAuthorizationWithWindowsUserWithInsufficientRights" computerName="DKSR-EFI-06" duration="00:00:00.0018842" startTime="2024-01-09T15:43:27.2635009+01:00" endTime="2024-01-09T15:43:27.2635009+01:00" testType="13cdc9d9-ddb5-4fa4-a97d-d965ccfc6d4b" outcome="Passed" testListId="8c84fa94-04c1-424b-9868-57a2d4851a1d" relativeResultsDirectory="d47be599-3616-4802-b1f2-f539de52c23c" />
    <UnitTestResult executionId="e6e2b359-cc19-49e7-ad0f-17362dfad3bd" testId="fb360f14-445d-1063-3054-52bfed09636a" testName="TestRuleSystemCommandPipeExecuteAction" computerName="DKSR-EFI-06" duration="00:00:00.0622902" startTime="2024-01-09T15:43:25.8103763+01:00" endTime="2024-01-09T15:43:25.8728766+01:00" testType="13cdc9d9-ddb5-4fa4-a97d-d965ccfc6d4b" outcome="Passed" testListId="8c84fa94-04c1-424b-9868-57a2d4851a1d" relativeResultsDirectory="e6e2b359-cc19-49e7-ad0f-17362dfad3bd" />
    <UnitTestResult executionId="8bb10387-da8b-41ee-83cb-fd9abc79a08c" testId="0d4292bb-9092-07e1-d05c-8ff30f027515" testName="ShouldSave_ShouldBeTrue_IfDefaultRetentionHasBeenUpdated" computerName="DKSR-EFI-06" duration="00:00:00.0017035" startTime="2024-01-09T15:43:28.5135051+01:00" endTime="2024-01-09T15:43:28.5135051+01:00" testType="13cdc9d9-ddb5-4fa4-a97d-d965ccfc6d4b" outcome="Passed" testListId="8c84fa94-04c1-424b-9868-57a2d4851a1d" relativeResultsDirectory="8bb10387-da8b-41ee-83cb-fd9abc79a08c" />
    <UnitTestResult executionId="c4829df3-f0fd-49fc-8689-113c40488473" testId="a46dec37-48f1-a3e7-6cbc-ba84823e14e5" testName="TestCacheCleanupSingleSessionMultipleUserIdsTouch" computerName="DKSR-EFI-06" duration="00:00:00.0014066" startTime="2024-01-09T15:43:27.0447521+01:00" endTime="2024-01-09T15:43:27.0447521+01:00" testType="13cdc9d9-ddb5-4fa4-a97d-d965ccfc6d4b" outcome="Passed" testListId="8c84fa94-04c1-424b-9868-57a2d4851a1d" relativeResultsDirectory="c4829df3-f0fd-49fc-8689-113c40488473" />
    <UnitTestResult executionId="25b03940-d87c-45f3-9ad3-f653f154febf" testId="9e5d9a4d-c350-a94a-1194-aed8cbf67a80" testName="TestRemoveElementsRemoveTwoElements" computerName="DKSR-EFI-06" duration="00:00:00.0093730" startTime="2024-01-09T15:43:23.8572488+01:00" endTime="2024-01-09T15:43:23.8728764+01:00" testType="13cdc9d9-ddb5-4fa4-a97d-d965ccfc6d4b" outcome="Passed" testListId="8c84fa94-04c1-424b-9868-57a2d4851a1d" relativeResultsDirectory="25b03940-d87c-45f3-9ad3-f653f154febf" />
    <UnitTestResult executionId="e0a217f2-450f-45fb-87e8-0e340516e082" testId="6422b942-3e12-a46d-3575-0576c2a2434a" testName="TestConstructorWithNullValues" computerName="DKSR-EFI-06" duration="00:00:00.0033004" startTime="2024-01-09T15:43:19.4041704+01:00" endTime="2024-01-09T15:43:19.4041704+01:00" testType="13cdc9d9-ddb5-4fa4-a97d-d965ccfc6d4b" outcome="Passed" testListId="8c84fa94-04c1-424b-9868-57a2d4851a1d" relativeResultsDirectory="e0a217f2-450f-45fb-87e8-0e340516e082" />
    <UnitTestResult executionId="2e3cc96e-98f6-4ca5-bff1-b927b6fdc166" testId="d929a040-1aba-5669-e118-7d4e17a2b862" testName="TestOneACSystemPLEnabled" computerName="DKSR-EFI-06" duration="00:00:00.0027163" startTime="2024-01-09T15:43:27.1385032+01:00" endTime="2024-01-09T15:43:27.1385032+01:00" testType="13cdc9d9-ddb5-4fa4-a97d-d965ccfc6d4b" outcome="Passed" testListId="8c84fa94-04c1-424b-9868-57a2d4851a1d" relativeResultsDirectory="2e3cc96e-98f6-4ca5-bff1-b927b6fdc166" />
    <UnitTestResult executionId="b66dc7d7-1168-4539-93b9-d062641bcbf0" testId="f87f9f49-0187-2919-3722-c1448f7defc0" testName="TestGetObjectWithInvalidUser" computerName="DKSR-EFI-06" duration="00:00:00.0027972" startTime="2024-01-09T15:43:16.6853682+01:00" endTime="2024-01-09T15:43:16.7009971+01:00" testType="13cdc9d9-ddb5-4fa4-a97d-d965ccfc6d4b" outcome="Passed" testListId="8c84fa94-04c1-424b-9868-57a2d4851a1d" relativeResultsDirectory="b66dc7d7-1168-4539-93b9-d062641bcbf0" />
    <UnitTestResult executionId="0e833d7d-da0c-4918-bf5b-aeafdef2e4bd" testId="5b4a64c0-5613-127b-50cc-55be5f9c3fed" testName="TestUpdateWithNewItemId" computerName="DKSR-EFI-06" duration="00:00:00.0047252" startTime="2024-01-09T15:43:19.5291213+01:00" endTime="2024-01-09T15:43:19.5291213+01:00" testType="13cdc9d9-ddb5-4fa4-a97d-d965ccfc6d4b" outcome="Passed" testListId="8c84fa94-04c1-424b-9868-57a2d4851a1d" relativeResultsDirectory="0e833d7d-da0c-4918-bf5b-aeafdef2e4bd" />
    <UnitTestResult executionId="5ef5063d-8151-4cb6-9375-61c646d5d000" testId="899500c2-22b6-94c7-b4e0-cd5f70f1e208" testName="GetPlugInItems_WithValidParameters" computerName="DKSR-EFI-06" duration="00:00:00.0057219" startTime="2024-01-09T15:43:17.2009953+01:00" endTime="2024-01-09T15:43:17.2009953+01:00" testType="13cdc9d9-ddb5-4fa4-a97d-d965ccfc6d4b" outcome="Passed" testListId="8c84fa94-04c1-424b-9868-57a2d4851a1d" relativeResultsDirectory="5ef5063d-8151-4cb6-9375-61c646d5d000" />
    <UnitTestResult executionId="d161cb14-e3f6-4233-aed0-f362f59181e5" testId="6e7edd7b-7615-7152-6d9d-3cc4f9511cf7" testName="TestGetStateWithEmptyState" computerName="DKSR-EFI-06" duration="00:00:00.0012755" startTime="2024-01-09T15:43:25.1072503+01:00" endTime="2024-01-09T15:43:25.1072503+01:00" testType="13cdc9d9-ddb5-4fa4-a97d-d965ccfc6d4b" outcome="Passed" testListId="8c84fa94-04c1-424b-9868-57a2d4851a1d" relativeResultsDirectory="d161cb14-e3f6-4233-aed0-f362f59181e5" />
    <UnitTestResult executionId="e48ab56b-f232-46d0-945f-d66eb07405d6" testId="bd1facd4-1792-cbdd-3a7e-8d456afdb128" testName="TestGetObjectsWithinGPSAreaThrowingUnhandledException" computerName="DKSR-EFI-06" duration="00:00:00.0029853" startTime="2024-01-09T15:43:18.0134953+01:00" endTime="2024-01-09T15:43:18.0134953+01:00" testType="13cdc9d9-ddb5-4fa4-a97d-d965ccfc6d4b" outcome="Passed" testListId="8c84fa94-04c1-424b-9868-57a2d4851a1d" relativeResultsDirectory="e48ab56b-f232-46d0-945f-d66eb07405d6" />
    <UnitTestResult executionId="396e9337-c178-49e2-b035-905967963ed2" testId="6f8a36d0-d7e5-32de-4250-37aef9b883a4" testName="TestGetPlugInsThrowingUnhandledException" computerName="DKSR-EFI-06" duration="00:00:00.0027582" startTime="2024-01-09T15:43:18.3103713+01:00" endTime="2024-01-09T15:43:18.3103713+01:00" testType="13cdc9d9-ddb5-4fa4-a97d-d965ccfc6d4b" outcome="Passed" testListId="8c84fa94-04c1-424b-9868-57a2d4851a1d" relativeResultsDirectory="396e9337-c178-49e2-b035-905967963ed2" />
    <UnitTestResult executionId="67a380cc-a995-4087-894d-48f13b4b0e3c" testId="eccc0c4e-2696-633e-9659-aa59344c2d8e" testName="TestGetAllObjectsOfTypeNotAuthenticated" computerName="DKSR-EFI-06" duration="00:00:00.0016958" startTime="2024-01-09T15:43:17.4509947+01:00" endTime="2024-01-09T15:43:17.4509947+01:00" testType="13cdc9d9-ddb5-4fa4-a97d-d965ccfc6d4b" outcome="Passed" testListId="8c84fa94-04c1-424b-9868-57a2d4851a1d" relativeResultsDirectory="67a380cc-a995-4087-894d-48f13b4b0e3c" />
    <UnitTestResult executionId="fb87ecb3-5e1d-410a-9e90-3cda1cadd1b1" testId="e7a08b1b-c209-326d-58d8-22c862327d47" testName="GetObjectsWithinGPSArea_WithValidParameters" computerName="DKSR-EFI-06" duration="00:00:00.0047646" startTime="2024-01-09T15:43:17.9822445+01:00" endTime="2024-01-09T15:43:17.9978731+01:00" testType="13cdc9d9-ddb5-4fa4-a97d-d965ccfc6d4b" outcome="Passed" testListId="8c84fa94-04c1-424b-9868-57a2d4851a1d" relativeResultsDirectory="fb87ecb3-5e1d-410a-9e90-3cda1cadd1b1" />
    <UnitTestResult executionId="2bbf1eb5-871e-4672-8bb7-c73eba63245f" testId="ebf4eff3-a333-059c-7b06-0487cc0ae1fb" testName="TestNewObject" computerName="DKSR-EFI-06" duration="00:00:00.0003791" startTime="2024-01-09T15:43:24.3572515+01:00" endTime="2024-01-09T15:43:24.3572515+01:00" testType="13cdc9d9-ddb5-4fa4-a97d-d965ccfc6d4b" outcome="Passed" testListId="8c84fa94-04c1-424b-9868-57a2d4851a1d" relativeResultsDirectory="2bbf1eb5-871e-4672-8bb7-c73eba63245f" />
    <UnitTestResult executionId="36aec873-6ddd-4cf0-8b40-5b0b1dc38b3a" testId="e6be1ea5-a641-6f17-a385-2f4fb68b01bd" testName="TestConstructor" computerName="DKSR-EFI-06" duration="00:00:00.0051297" startTime="2024-01-09T15:43:27.2166260+01:00" endTime="2024-01-09T15:43:27.2166260+01:00" testType="13cdc9d9-ddb5-4fa4-a97d-d965ccfc6d4b" outcome="Passed" testListId="8c84fa94-04c1-424b-9868-57a2d4851a1d" relativeResultsDirectory="36aec873-6ddd-4cf0-8b40-5b0b1dc38b3a" />
    <UnitTestResult executionId="715168ca-c4a0-4d01-8a02-ef8243bce19f" testId="def9d54b-92fa-33f4-14ab-9ec05765d89f" testName="TestGetAlarmHistory" computerName="DKSR-EFI-06" duration="00:00:00.0043042" startTime="2024-01-09T15:43:19.1384960+01:00" endTime="2024-01-09T15:43:19.1384960+01:00" testType="13cdc9d9-ddb5-4fa4-a97d-d965ccfc6d4b" outcome="Passed" testListId="8c84fa94-04c1-424b-9868-57a2d4851a1d" relativeResultsDirectory="715168ca-c4a0-4d01-8a02-ef8243bce19f" />
    <UnitTestResult executionId="ff9df11c-9ea6-4e1a-96a1-29d291e3639b" testId="ed94f3af-9678-99cb-da54-ba392e399d95" testName="TestExecuteWhileLockedWithClearCache" computerName="DKSR-EFI-06" duration="00:00:00.0039523" startTime="2024-01-09T15:43:13.6697399+01:00" endTime="2024-01-09T15:43:13.6853611+01:00" testType="13cdc9d9-ddb5-4fa4-a97d-d965ccfc6d4b" outcome="Passed" testListId="8c84fa94-04c1-424b-9868-57a2d4851a1d" relativeResultsDirectory="ff9df11c-9ea6-4e1a-96a1-29d291e3639b" />
    <UnitTestResult executionId="edcf9ece-75d4-43f6-84c6-1906b4affbce" testId="d3da5022-8e4b-8d31-c15b-792642a32026" testName="TestAccessControlConfigHostAddedAfterUsersAdded" computerName="DKSR-EFI-06" duration="00:00:00.0109092" startTime="2024-01-09T15:43:27.4353768+01:00" endTime="2024-01-09T15:43:27.4510043+01:00" testType="13cdc9d9-ddb5-4fa4-a97d-d965ccfc6d4b" outcome="Passed" testListId="8c84fa94-04c1-424b-9868-57a2d4851a1d" relativeResultsDirectory="edcf9ece-75d4-43f6-84c6-1906b4affbce" />
    <UnitTestResult executionId="7688f6fa-4044-49ae-9be7-fefc04d8fe89" testId="ca7222e5-698c-ede6-13e8-d9ccebf23df9" testName="ShouldSave_ShouldBeTrue_IfDefaultConfigurationHasBeenInvoked" computerName="DKSR-EFI-06" duration="00:00:00.0017152" startTime="2024-01-09T15:43:28.5135051+01:00" endTime="2024-01-09T15:43:28.5135051+01:00" testType="13cdc9d9-ddb5-4fa4-a97d-d965ccfc6d4b" outcome="Passed" testListId="8c84fa94-04c1-424b-9868-57a2d4851a1d" relativeResultsDirectory="7688f6fa-4044-49ae-9be7-fefc04d8fe89" />
    <UnitTestResult executionId="639db3cd-978a-4cae-b127-c1d624052b72" testId="10541a8e-64ba-d774-f402-b9f32edbec4d" testName="TestLoadXMLWithAllCorrectValues" computerName="DKSR-EFI-06" duration="00:00:00.0019022" startTime="2024-01-09T15:43:24.3260041+01:00" endTime="2024-01-09T15:43:24.3416264+01:00" testType="13cdc9d9-ddb5-4fa4-a97d-d965ccfc6d4b" outcome="Passed" testListId="8c84fa94-04c1-424b-9868-57a2d4851a1d" relativeResultsDirectory="639db3cd-978a-4cae-b127-c1d624052b72" />
    <UnitTestResult executionId="7e7920cf-7974-472f-b73c-c59bba0dd2c7" testId="893bae7d-2ecb-147a-4249-142a59be651b" testName="TestGetItemStatusDetails" computerName="DKSR-EFI-06" duration="00:00:00.0010550" startTime="2024-01-09T15:43:20.4978731+01:00" endTime="2024-01-09T15:43:20.4978731+01:00" testType="13cdc9d9-ddb5-4fa4-a97d-d965ccfc6d4b" outcome="Passed" testListId="8c84fa94-04c1-424b-9868-57a2d4851a1d" relativeResultsDirectory="7e7920cf-7974-472f-b73c-c59bba0dd2c7" />
    <UnitTestResult executionId="ae543925-a155-4916-a7b7-b1702f61f760" testId="11ece51f-37eb-f926-cb36-a375b3572505" testName="TestConstructorWithVisualElementStorageDatabaseAndFactoryObjects" computerName="DKSR-EFI-06" duration="00:00:00.0406110" startTime="2024-01-09T15:43:25.2010445+01:00" endTime="2024-01-09T15:43:25.2478795+01:00" testType="13cdc9d9-ddb5-4fa4-a97d-d965ccfc6d4b" outcome="Passed" testListId="8c84fa94-04c1-424b-9868-57a2d4851a1d" relativeResultsDirectory="ae543925-a155-4916-a7b7-b1702f61f760" />
    <UnitTestResult executionId="cbfa4d7f-d91b-4487-8c50-29bce11d6182" testId="57bdc43c-00dd-641d-e664-ae83375b77e2" testName="TestCreateObjectThrowingUnhandledException" computerName="DKSR-EFI-06" duration="00:00:00.0050827" startTime="2024-01-09T15:43:17.7634944+01:00" endTime="2024-01-09T15:43:17.7791189+01:00" testType="13cdc9d9-ddb5-4fa4-a97d-d965ccfc6d4b" outcome="Passed" testListId="8c84fa94-04c1-424b-9868-57a2d4851a1d" relativeResultsDirectory="cbfa4d7f-d91b-4487-8c50-29bce11d6182" />
    <UnitTestResult executionId="8972c5c9-45cf-4703-bc99-c9881e8491fb" testId="e3331d1b-8c7d-231c-6751-d2ce129ced81" testName="CreateObject_WithValidParameters" computerName="DKSR-EFI-06" duration="00:00:00.0655727" startTime="2024-01-09T15:43:16.5291181+01:00" endTime="2024-01-09T15:43:16.5916188+01:00" testType="13cdc9d9-ddb5-4fa4-a97d-d965ccfc6d4b" outcome="Passed" testListId="8c84fa94-04c1-424b-9868-57a2d4851a1d" relativeResultsDirectory="8972c5c9-45cf-4703-bc99-c9881e8491fb" />
    <UnitTestResult executionId="f728f53e-f6cd-42b2-86fd-3d8ac5125332" testId="cdd91721-6e98-3da2-8a09-95d8fa7ad5e3" testName="Handle_ShouldFlattenStateAndPriorityValue_WhenValuesIncludeStatePriorityIntAndStatePriorityNameAndStatePriority" computerName="DKSR-EFI-06" duration="00:00:00.0016249" startTime="2024-01-09T15:43:30.5447535+01:00" endTime="2024-01-09T15:43:30.5603780+01:00" testType="13cdc9d9-ddb5-4fa4-a97d-d965ccfc6d4b" outcome="Passed" testListId="8c84fa94-04c1-424b-9868-57a2d4851a1d" relativeResultsDirectory="f728f53e-f6cd-42b2-86fd-3d8ac5125332" />
    <UnitTestResult executionId="f45d6434-fbcd-4954-a79e-e4794401d73a" testId="47d121ac-c3a0-9cb6-c260-31a7d126c875" testName="SaveConfiguration_RecreatesConfigurationFile" computerName="DKSR-EFI-06" duration="00:00:00.1733738" startTime="2024-01-09T15:43:12.4822344+01:00" endTime="2024-01-09T15:43:12.6697345+01:00" testType="13cdc9d9-ddb5-4fa4-a97d-d965ccfc6d4b" outcome="Passed" testListId="8c84fa94-04c1-424b-9868-57a2d4851a1d" relativeResultsDirectory="f45d6434-fbcd-4954-a79e-e4794401d73a" />
    <UnitTestResult executionId="2e5e0ec9-f381-45d7-9ea9-b75593376389" testId="d1762521-556f-848c-2d9a-8b3843179f69" testName="TestUpdateStateSnooze" computerName="DKSR-EFI-06" duration="00:00:00.0127293" startTime="2024-01-09T15:43:25.0603752+01:00" endTime="2024-01-09T15:43:25.0760033+01:00" testType="13cdc9d9-ddb5-4fa4-a97d-d965ccfc6d4b" outcome="Passed" testListId="8c84fa94-04c1-424b-9868-57a2d4851a1d" relativeResultsDirectory="2e5e0ec9-f381-45d7-9ea9-b75593376389" />
    <UnitTestResult executionId="b317c53c-dfb1-4d7c-a18e-9600c66f505d" testId="7b6e80a8-808c-ac81-7619-b92280b3d235" testName="TrimStart_ShouldRaiseArgumentNullException_WhenInputIsNull" computerName="DKSR-EFI-06" duration="00:00:00.0017694" startTime="2024-01-09T15:43:31.4978773+01:00" endTime="2024-01-09T15:43:31.4978773+01:00" testType="13cdc9d9-ddb5-4fa4-a97d-d965ccfc6d4b" outcome="Passed" testListId="8c84fa94-04c1-424b-9868-57a2d4851a1d" relativeResultsDirectory="b317c53c-dfb1-4d7c-a18e-9600c66f505d" />
    <UnitTestResult executionId="ba4c63a7-74cc-4572-ada1-fe86f703ed03" testId="12ebd7b2-097b-e30b-d931-f521767957ca" testName="LookupGroupId_ShouldReturnHardwareEventGroup_WhenEventIsHardwareEvent" computerName="DKSR-EFI-06" duration="00:00:00.2036227" startTime="2024-01-09T15:43:29.5447566+01:00" endTime="2024-01-09T15:43:29.7478777+01:00" testType="13cdc9d9-ddb5-4fa4-a97d-d965ccfc6d4b" outcome="Passed" testListId="8c84fa94-04c1-424b-9868-57a2d4851a1d" relativeResultsDirectory="ba4c63a7-74cc-4572-ada1-fe86f703ed03" />
    <UnitTestResult executionId="4912328c-4212-43f4-a8ce-2635dfcf08e1" testId="a0e2b5a2-035f-51df-94ac-0c80a27d7671" testName="TestDeleteConfigHostRecursive" computerName="DKSR-EFI-06" duration="00:00:00.0017471" startTime="2024-01-09T15:43:25.6697505+01:00" endTime="2024-01-09T15:43:25.6697505+01:00" testType="13cdc9d9-ddb5-4fa4-a97d-d965ccfc6d4b" outcome="Passed" testListId="8c84fa94-04c1-424b-9868-57a2d4851a1d" relativeResultsDirectory="4912328c-4212-43f4-a8ce-2635dfcf08e1" />
    <UnitTestResult executionId="45fb4ddd-952e-4952-964c-021156d8bb76" testId="26849c02-82a3-ad28-280e-07d6eb67ef6c" testName="TestGetElementWithInvalidOwnerId" computerName="DKSR-EFI-06" duration="00:00:00.0015761" startTime="2024-01-09T15:43:23.2322509+01:00" endTime="2024-01-09T15:43:23.2322509+01:00" testType="13cdc9d9-ddb5-4fa4-a97d-d965ccfc6d4b" outcome="Passed" testListId="8c84fa94-04c1-424b-9868-57a2d4851a1d" relativeResultsDirectory="45fb4ddd-952e-4952-964c-021156d8bb76" />
    <UnitTestResult executionId="9c4dca9e-33df-47ca-8535-1e9f25e4e7b0" testId="bd04b31f-0f79-1b23-444f-e9199a7cc79f" testName="TestUpdateElementsWithInvalidId" computerName="DKSR-EFI-06" duration="00:00:00.0065615" startTime="2024-01-09T15:43:23.1228742+01:00" endTime="2024-01-09T15:43:23.1385018+01:00" testType="13cdc9d9-ddb5-4fa4-a97d-d965ccfc6d4b" outcome="Passed" testListId="8c84fa94-04c1-424b-9868-57a2d4851a1d" relativeResultsDirectory="9c4dca9e-33df-47ca-8535-1e9f25e4e7b0" />
    <UnitTestResult executionId="60e15766-32e6-4eb4-b9c1-3629cc6fe1a6" testId="0b86288e-80e8-cbc5-578a-2357123bd041" testName="TestRefresh" computerName="DKSR-EFI-06" duration="00:00:00.0287999" startTime="2024-01-09T15:43:06.8259658+01:00" endTime="2024-01-09T15:43:06.8572167+01:00" testType="13cdc9d9-ddb5-4fa4-a97d-d965ccfc6d4b" outcome="Passed" testListId="8c84fa94-04c1-424b-9868-57a2d4851a1d" relativeResultsDirectory="60e15766-32e6-4eb4-b9c1-3629cc6fe1a6" />
    <UnitTestResult executionId="e8218667-22a8-463f-a5fa-e0590b6a3234" testId="48832875-ad63-f03d-36a5-b28de21d0017" testName="DeleteObjects_WithValidParameters" computerName="DKSR-EFI-06" duration="00:00:00.0048173" startTime="2024-01-09T15:43:18.0759951+01:00" endTime="2024-01-09T15:43:18.0916276+01:00" testType="13cdc9d9-ddb5-4fa4-a97d-d965ccfc6d4b" outcome="Passed" testListId="8c84fa94-04c1-424b-9868-57a2d4851a1d" relativeResultsDirectory="e8218667-22a8-463f-a5fa-e0590b6a3234" />
    <UnitTestResult executionId="1efae06d-d3f6-432f-a5c3-dae7228d5b45" testId="63645b06-581c-fe94-5b64-37fa576bf61c" testName="TestUpdateBoundsNotAuthenticated" computerName="DKSR-EFI-06" duration="00:00:00.0016255" startTime="2024-01-09T15:43:17.3885417+01:00" endTime="2024-01-09T15:43:17.4041187+01:00" testType="13cdc9d9-ddb5-4fa4-a97d-d965ccfc6d4b" outcome="Passed" testListId="8c84fa94-04c1-424b-9868-57a2d4851a1d" relativeResultsDirectory="1efae06d-d3f6-432f-a5c3-dae7228d5b45" />
    <UnitTestResult executionId="4fd68529-4e36-4a17-9505-fc2f5390e581" testId="99cd4330-145a-d3bc-5183-5917220ba95a" testName="TestConstructor" computerName="DKSR-EFI-06" duration="00:00:00.0037847" startTime="2024-01-09T15:43:19.4353724+01:00" endTime="2024-01-09T15:43:19.4353724+01:00" testType="13cdc9d9-ddb5-4fa4-a97d-d965ccfc6d4b" outcome="Passed" testListId="8c84fa94-04c1-424b-9868-57a2d4851a1d" relativeResultsDirectory="4fd68529-4e36-4a17-9505-fc2f5390e581" />
    <UnitTestResult executionId="ae080334-cea7-4b6f-93d1-56840ddab838" testId="623d5464-fc7a-1663-b3fc-1cd58eecc58a" testName="ReloadPluginEventTypes_ShouldReplacePluginEventTypes_WhenItemKindAlreadyExists" computerName="DKSR-EFI-06" duration="00:00:00.1031665" startTime="2024-01-09T15:43:30.3260055+01:00" endTime="2024-01-09T15:43:30.4353791+01:00" testType="13cdc9d9-ddb5-4fa4-a97d-d965ccfc6d4b" outcome="Passed" testListId="8c84fa94-04c1-424b-9868-57a2d4851a1d" relativeResultsDirectory="ae080334-cea7-4b6f-93d1-56840ddab838" />
    <UnitTestResult executionId="fb082f81-533b-4aab-b501-fabbddb0b46d" testId="2d346b95-3c07-f0a0-419d-2cb7817a1d00" testName="TestGetPlugInItemsWithNoItemsAndDeleted" computerName="DKSR-EFI-06" duration="00:00:00.0159948" startTime="2024-01-09T15:43:19.8728735+01:00" endTime="2024-01-09T15:43:19.8884972+01:00" testType="13cdc9d9-ddb5-4fa4-a97d-d965ccfc6d4b" outcome="Passed" testListId="8c84fa94-04c1-424b-9868-57a2d4851a1d" relativeResultsDirectory="fb082f81-533b-4aab-b501-fabbddb0b46d" />
    <UnitTestResult executionId="7a4cddec-e2fc-4b46-9390-6f3ec678a503" testId="55e4c6ef-9688-250a-8df9-cb5fdcccf252" testName="TestConstructor" computerName="DKSR-EFI-06" duration="00:00:00.0008402" startTime="2024-01-09T15:43:12.6697345+01:00" endTime="2024-01-09T15:43:12.6697345+01:00" testType="13cdc9d9-ddb5-4fa4-a97d-d965ccfc6d4b" outcome="Passed" testListId="8c84fa94-04c1-424b-9868-57a2d4851a1d" relativeResultsDirectory="7a4cddec-e2fc-4b46-9390-6f3ec678a503" />
    <UnitTestResult executionId="603d1146-3217-4a6e-94a8-a152998d5f78" testId="af29d6a7-9195-dd2c-d311-f4fe2ac86487" testName="TestGetManyDataWithPrune10Percent" computerName="DKSR-EFI-06" duration="00:00:00.0168120" startTime="2024-01-09T15:43:13.6228626+01:00" endTime="2024-01-09T15:43:13.6384863+01:00" testType="13cdc9d9-ddb5-4fa4-a97d-d965ccfc6d4b" outcome="Passed" testListId="8c84fa94-04c1-424b-9868-57a2d4851a1d" relativeResultsDirectory="603d1146-3217-4a6e-94a8-a152998d5f78" />
    <UnitTestResult executionId="c121606a-241d-40d7-89f0-f45047feba9c" testId="5633b127-bb04-d544-e3df-a69bb38d0776" testName="TestLoadConfigurationWithNullNode" computerName="DKSR-EFI-06" duration="00:00:00.0048194" startTime="2024-01-09T15:43:20.6384976+01:00" endTime="2024-01-09T15:43:20.6384976+01:00" testType="13cdc9d9-ddb5-4fa4-a97d-d965ccfc6d4b" outcome="Passed" testListId="8c84fa94-04c1-424b-9868-57a2d4851a1d" relativeResultsDirectory="c121606a-241d-40d7-89f0-f45047feba9c" />
    <UnitTestResult executionId="994d211e-6b15-48fc-a1e3-9f33358579bd" testId="5d56160f-1e48-faa2-365a-70edb9acf582" testName="TestGetTypeChangedWithNegativeTimeout" computerName="DKSR-EFI-06" duration="00:00:00.0037868" startTime="2024-01-09T15:43:17.0291209+01:00" endTime="2024-01-09T15:43:17.0291209+01:00" testType="13cdc9d9-ddb5-4fa4-a97d-d965ccfc6d4b" outcome="Passed" testListId="8c84fa94-04c1-424b-9868-57a2d4851a1d" relativeResultsDirectory="994d211e-6b15-48fc-a1e3-9f33358579bd" />
    <UnitTestResult executionId="7e6c8ec4-b2e7-4009-9d7f-8fae8092d295" testId="a3a5c8ea-dbbb-3e4f-7267-ef6bd47aa29e" testName="TestGetStatusForAllObjectsOfTypeSingleMap" computerName="DKSR-EFI-06" duration="00:00:00.0188276" startTime="2024-01-09T15:43:21.6853733+01:00" endTime="2024-01-09T15:43:21.7009997+01:00" testType="13cdc9d9-ddb5-4fa4-a97d-d965ccfc6d4b" outcome="Passed" testListId="8c84fa94-04c1-424b-9868-57a2d4851a1d" relativeResultsDirectory="7e6c8ec4-b2e7-4009-9d7f-8fae8092d295" />
    <UnitTestResult executionId="cc8da11a-e0b0-4077-a9fa-f72be26b712e" testId="00e2a9d7-9068-7a6b-7d90-c421538afd8d" testName="TestRemoveElementWithInvalidId" computerName="DKSR-EFI-06" duration="00:00:00.0032278" startTime="2024-01-09T15:43:23.6697526+01:00" endTime="2024-01-09T15:43:23.6853759+01:00" testType="13cdc9d9-ddb5-4fa4-a97d-d965ccfc6d4b" outcome="Passed" testListId="8c84fa94-04c1-424b-9868-57a2d4851a1d" relativeResultsDirectory="cc8da11a-e0b0-4077-a9fa-f72be26b712e" />
    <UnitTestResult executionId="012b988c-2326-4c3d-bc28-9cb8db09e73d" testId="fff67a66-5b63-4b59-d9e1-fa6cacb0c28f" testName="TestSingleSessionSingleUserIdAddedTwice" computerName="DKSR-EFI-06" duration="00:00:00.0029902" startTime="2024-01-09T15:43:27.0760010+01:00" endTime="2024-01-09T15:43:27.0760010+01:00" testType="13cdc9d9-ddb5-4fa4-a97d-d965ccfc6d4b" outcome="Passed" testListId="8c84fa94-04c1-424b-9868-57a2d4851a1d" relativeResultsDirectory="012b988c-2326-4c3d-bc28-9cb8db09e73d" />
    <UnitTestResult executionId="d722930f-3282-4321-b571-1b427f02da80" testId="f84268a3-d107-9fe2-639b-5219dc4b85d1" testName="TestShutdown" computerName="DKSR-EFI-06" duration="00:00:00.0067467" startTime="2024-01-09T15:43:19.3103708+01:00" endTime="2024-01-09T15:43:19.3259988+01:00" testType="13cdc9d9-ddb5-4fa4-a97d-d965ccfc6d4b" outcome="Passed" testListId="8c84fa94-04c1-424b-9868-57a2d4851a1d" relativeResultsDirectory="d722930f-3282-4321-b571-1b427f02da80" />
    <UnitTestResult executionId="5ebd1303-fcde-4487-bef3-b2d926998ddc" testId="20683c07-dc9a-b552-b0e4-565a2c613275" testName="TestGetPlugInItemsThrowingUnhandledException" computerName="DKSR-EFI-06" duration="00:00:00.0044331" startTime="2024-01-09T15:43:17.2166171+01:00" endTime="2024-01-09T15:43:17.2166171+01:00" testType="13cdc9d9-ddb5-4fa4-a97d-d965ccfc6d4b" outcome="Passed" testListId="8c84fa94-04c1-424b-9868-57a2d4851a1d" relativeResultsDirectory="5ebd1303-fcde-4487-bef3-b2d926998ddc" />
    <UnitTestResult executionId="d99fff71-8de8-434e-9d44-1ff40f29e05b" testId="baaab09b-6eca-5e98-86f6-dac293760416" testName="TestRemoveElementWithServerIdPointingToADifferentServer" computerName="DKSR-EFI-06" duration="00:00:00.0094222" startTime="2024-01-09T15:43:23.7947513+01:00" endTime="2024-01-09T15:43:23.8103777+01:00" testType="13cdc9d9-ddb5-4fa4-a97d-d965ccfc6d4b" outcome="Passed" testListId="8c84fa94-04c1-424b-9868-57a2d4851a1d" relativeResultsDirectory="d99fff71-8de8-434e-9d44-1ff40f29e05b" />
    <UnitTestResult executionId="e41bee13-7b3a-4a4c-b372-c69d272e92df" testId="1b004e8f-24b5-c979-ccb9-ab7121f6f236" testName="TestItemAddedWithOtherDuplicatedItem" computerName="DKSR-EFI-06" duration="00:00:00.0040398" startTime="2024-01-09T15:43:20.4353740+01:00" endTime="2024-01-09T15:43:20.4353740+01:00" testType="13cdc9d9-ddb5-4fa4-a97d-d965ccfc6d4b" outcome="Passed" testListId="8c84fa94-04c1-424b-9868-57a2d4851a1d" relativeResultsDirectory="e41bee13-7b3a-4a4c-b372-c69d272e92df" />
    <UnitTestResult executionId="52e658b8-d0f0-45b5-afd1-be88824488b2" testId="3eeebd0f-6c17-a08d-96dc-03c2f5058b44" testName="TestUserIDTypeConvertToConstant" computerName="DKSR-EFI-06" duration="00:00:00.0009175" startTime="2024-01-09T15:43:20.5447484+01:00" endTime="2024-01-09T15:43:20.5447484+01:00" testType="13cdc9d9-ddb5-4fa4-a97d-d965ccfc6d4b" outcome="Passed" testListId="8c84fa94-04c1-424b-9868-57a2d4851a1d" relativeResultsDirectory="52e658b8-d0f0-45b5-afd1-be88824488b2" />
    <UnitTestResult executionId="65f3797f-e1d6-4633-bed2-83c960180a61" testId="45e3d0f9-72c5-6428-8f37-e623a4e7d169" testName="GetObject_WithValidParameters" computerName="DKSR-EFI-06" duration="00:00:00.0040163" startTime="2024-01-09T15:43:17.8884944+01:00" endTime="2024-01-09T15:43:17.8884944+01:00" testType="13cdc9d9-ddb5-4fa4-a97d-d965ccfc6d4b" outcome="Passed" testListId="8c84fa94-04c1-424b-9868-57a2d4851a1d" relativeResultsDirectory="65f3797f-e1d6-4633-bed2-83c960180a61" />
    <UnitTestResult executionId="7a216541-e145-41d8-aba7-71c4b8c9b589" testId="ebce04db-882c-ceae-f4a7-61db1ab59332" testName="TestGetIconDataWithValidParameters" computerName="DKSR-EFI-06" duration="00:00:00.0053776" startTime="2024-01-09T15:43:17.6697446+01:00" endTime="2024-01-09T15:43:17.6697446+01:00" testType="13cdc9d9-ddb5-4fa4-a97d-d965ccfc6d4b" outcome="Passed" testListId="8c84fa94-04c1-424b-9868-57a2d4851a1d" relativeResultsDirectory="7a216541-e145-41d8-aba7-71c4b8c9b589" />
    <UnitTestResult executionId="a64fdffd-5f34-4f58-bdb4-1db09b741d38" testId="43cccf8e-cac8-f44f-0a32-140b99d35095" testName="GetAllObjectsOfType_SingleElementPath" computerName="DKSR-EFI-06" duration="00:00:00.0037845" startTime="2024-01-09T15:43:17.9197461+01:00" endTime="2024-01-09T15:43:17.9197461+01:00" testType="13cdc9d9-ddb5-4fa4-a97d-d965ccfc6d4b" outcome="Passed" testListId="8c84fa94-04c1-424b-9868-57a2d4851a1d" relativeResultsDirectory="a64fdffd-5f34-4f58-bdb4-1db09b741d38" />
    <UnitTestResult executionId="1eeea78d-48cf-471f-8261-360e8eead32b" testId="e79cff88-57a1-4d54-5842-382760458b84" testName="TestOneACSystemPLDisabledOneACSystemPLDisabled" computerName="DKSR-EFI-06" duration="00:00:00.0022938" startTime="2024-01-09T15:43:27.1697528+01:00" endTime="2024-01-09T15:43:27.1697528+01:00" testType="13cdc9d9-ddb5-4fa4-a97d-d965ccfc6d4b" outcome="Passed" testListId="8c84fa94-04c1-424b-9868-57a2d4851a1d" relativeResultsDirectory="1eeea78d-48cf-471f-8261-360e8eead32b" />
    <UnitTestResult executionId="aeb58dba-6e34-4157-bb1d-43e4e724b016" testId="0c8af55d-888b-66ab-d122-5725e58fd271" testName="UpdateObjects_WithValidParameters" computerName="DKSR-EFI-06" duration="00:00:00.0052545" startTime="2024-01-09T15:43:16.6697445+01:00" endTime="2024-01-09T15:43:16.6697445+01:00" testType="13cdc9d9-ddb5-4fa4-a97d-d965ccfc6d4b" outcome="Passed" testListId="8c84fa94-04c1-424b-9868-57a2d4851a1d" relativeResultsDirectory="aeb58dba-6e34-4157-bb1d-43e4e724b016" />
    <UnitTestResult executionId="92b5ac0e-b53d-481a-bc58-970319ca111f" testId="27982400-f5b5-f21e-b696-dede26779e1b" testName="TestGetXML" computerName="DKSR-EFI-06" duration="00:00:00.0133413" startTime="2024-01-09T15:43:24.3885001+01:00" endTime="2024-01-09T15:43:24.4041266+01:00" testType="13cdc9d9-ddb5-4fa4-a97d-d965ccfc6d4b" outcome="Passed" testListId="8c84fa94-04c1-424b-9868-57a2d4851a1d" relativeResultsDirectory="92b5ac0e-b53d-481a-bc58-970319ca111f" />
    <UnitTestResult executionId="6236245f-e5d4-4c5e-a8e8-b3b23278f746" testId="fc0cc794-4fc9-7c17-588f-d7d9b4039cbc" testName="WebServiceCommandBaseTest_ValidateUserId" computerName="DKSR-EFI-06" duration="00:00:00.0039958" startTime="2024-01-09T15:43:26.2166286+01:00" endTime="2024-01-09T15:43:26.2166286+01:00" testType="13cdc9d9-ddb5-4fa4-a97d-d965ccfc6d4b" outcome="Passed" testListId="8c84fa94-04c1-424b-9868-57a2d4851a1d" relativeResultsDirectory="6236245f-e5d4-4c5e-a8e8-b3b23278f746" />
    <UnitTestResult executionId="93e18f63-4d00-4f03-b1bd-3413ddd18b9e" testId="1b1aed6a-8b9e-499d-541d-e9bb494b1433" testName="TestUpdateElementNameWithAMarkedForDeletionElement" computerName="DKSR-EFI-06" duration="00:00:00.0029296" startTime="2024-01-09T15:43:24.2947504+01:00" endTime="2024-01-09T15:43:24.2947504+01:00" testType="13cdc9d9-ddb5-4fa4-a97d-d965ccfc6d4b" outcome="Passed" testListId="8c84fa94-04c1-424b-9868-57a2d4851a1d" relativeResultsDirectory="93e18f63-4d00-4f03-b1bd-3413ddd18b9e" />
    <UnitTestResult executionId="2d8aedc8-50ce-4891-ac49-891d46a15156" testId="5d512a31-7034-d4f2-c64d-c94b7792c734" testName="TestUpdateNameThrowingUnhandledException" computerName="DKSR-EFI-06" duration="00:00:00.0032048" startTime="2024-01-09T15:43:18.2478721+01:00" endTime="2024-01-09T15:43:18.2478721+01:00" testType="13cdc9d9-ddb5-4fa4-a97d-d965ccfc6d4b" outcome="Passed" testListId="8c84fa94-04c1-424b-9868-57a2d4851a1d" relativeResultsDirectory="2d8aedc8-50ce-4891-ac49-891d46a15156" />
    <UnitTestResult executionId="42e6fb11-86e7-428e-8b65-1417083a748c" testId="f10eac52-ea0d-ceed-393c-983a2a79629b" testName="WebServiceCommandBaseTest_Constructor_Null" computerName="DKSR-EFI-06" duration="00:00:00.0012655" startTime="2024-01-09T15:43:26.1853761+01:00" endTime="2024-01-09T15:43:26.1853761+01:00" testType="13cdc9d9-ddb5-4fa4-a97d-d965ccfc6d4b" outcome="Passed" testListId="8c84fa94-04c1-424b-9868-57a2d4851a1d" relativeResultsDirectory="42e6fb11-86e7-428e-8b65-1417083a748c" />
    <UnitTestResult executionId="0faf533b-397f-4392-9eb2-0771cde17125" testId="062d78b0-673a-e0bd-7cfd-1476597e307b" testName="TestGetTypeChangedThrowingUnhandledException" computerName="DKSR-EFI-06" duration="00:00:00.0039211" startTime="2024-01-09T15:43:18.1697469+01:00" endTime="2024-01-09T15:43:18.1697469+01:00" testType="13cdc9d9-ddb5-4fa4-a97d-d965ccfc6d4b" outcome="Passed" testListId="8c84fa94-04c1-424b-9868-57a2d4851a1d" relativeResultsDirectory="0faf533b-397f-4392-9eb2-0771cde17125" />
    <UnitTestResult executionId="6c5c12ba-d6a7-4824-8cee-3942cab84880" testId="084f32ac-20d9-3298-d35a-3e4233f1f96b" testName="UpdateName_WithValidParameters" computerName="DKSR-EFI-06" duration="00:00:00.0057332" startTime="2024-01-09T15:43:17.0916186+01:00" endTime="2024-01-09T15:43:17.0916186+01:00" testType="13cdc9d9-ddb5-4fa4-a97d-d965ccfc6d4b" outcome="Passed" testListId="8c84fa94-04c1-424b-9868-57a2d4851a1d" relativeResultsDirectory="6c5c12ba-d6a7-4824-8cee-3942cab84880" />
    <UnitTestResult executionId="502b2b96-fc23-43f1-b140-7b3f3360b2b0" testId="85389b76-f656-b28d-81df-d1ec6e961132" testName="TestGetStatusWithValidParameters" computerName="DKSR-EFI-06" duration="00:00:00.0215957" startTime="2024-01-09T15:43:14.1228655+01:00" endTime="2024-01-09T15:43:14.1541131+01:00" testType="13cdc9d9-ddb5-4fa4-a97d-d965ccfc6d4b" outcome="Passed" testListId="8c84fa94-04c1-424b-9868-57a2d4851a1d" relativeResultsDirectory="502b2b96-fc23-43f1-b140-7b3f3360b2b0" />
    <UnitTestResult executionId="50c14238-055d-4f69-8093-6e1ff5ea569c" testId="70904c01-783a-cf27-535e-fd5a6738edd4" testName="TestGetPlugInItemChangesWithChangesItems" computerName="DKSR-EFI-06" duration="00:00:00.0194432" startTime="2024-01-09T15:43:20.1541236+01:00" endTime="2024-01-09T15:43:20.1697467+01:00" testType="13cdc9d9-ddb5-4fa4-a97d-d965ccfc6d4b" outcome="Passed" testListId="8c84fa94-04c1-424b-9868-57a2d4851a1d" relativeResultsDirectory="50c14238-055d-4f69-8093-6e1ff5ea569c" />
    <UnitTestResult executionId="92192ca8-9d3a-4d12-8839-bec3cb6c4a1e" testId="96141f11-d5b4-1b35-4b30-029b1af4f2e4" testName="GetAllObjectsOnVisualElement_WithValidParameters" computerName="DKSR-EFI-06" duration="00:00:00.0048203" startTime="2024-01-09T15:43:17.9509952+01:00" endTime="2024-01-09T15:43:17.9666208+01:00" testType="13cdc9d9-ddb5-4fa4-a97d-d965ccfc6d4b" outcome="Passed" testListId="8c84fa94-04c1-424b-9868-57a2d4851a1d" relativeResultsDirectory="92192ca8-9d3a-4d12-8839-bec3cb6c4a1e" />
    <UnitTestResult executionId="c649cf27-7530-4855-b564-e4b0a16757fe" testId="8a14e7a5-8569-78a0-5b3f-b4c1b0eddaa7" testName="TestGetSnapshotsInvalidToken" computerName="DKSR-EFI-06" duration="00:00:00.0041748" startTime="2024-01-09T15:43:18.8416222+01:00" endTime="2024-01-09T15:43:18.8416222+01:00" testType="13cdc9d9-ddb5-4fa4-a97d-d965ccfc6d4b" outcome="Passed" testListId="8c84fa94-04c1-424b-9868-57a2d4851a1d" relativeResultsDirectory="c649cf27-7530-4855-b564-e4b0a16757fe" />
    <UnitTestResult executionId="c9f00504-7e3b-48fd-b59b-53ec6acd5697" testId="b9d2dfd5-5fc8-0a0e-3f2b-a2de70ec6bf5" testName="EventToBaseEventMapper_ReturnsAnalyticsEvent_WhenAnalyticsData" computerName="DKSR-EFI-06" duration="00:00:00.0150077" startTime="2024-01-09T15:43:28.3103779+01:00" endTime="2024-01-09T15:43:28.3260054+01:00" testType="13cdc9d9-ddb5-4fa4-a97d-d965ccfc6d4b" outcome="Passed" testListId="8c84fa94-04c1-424b-9868-57a2d4851a1d" relativeResultsDirectory="c9f00504-7e3b-48fd-b59b-53ec6acd5697" />
    <UnitTestResult executionId="6ec50565-2081-4680-ba69-7a5334cd391c" testId="6d458a07-7789-12ca-e3c7-7c0e4257399b" testName="TestClose" computerName="DKSR-EFI-06" duration="00:00:00.0004730" startTime="2024-01-09T15:43:24.3103765+01:00" endTime="2024-01-09T15:43:24.3103765+01:00" testType="13cdc9d9-ddb5-4fa4-a97d-d965ccfc6d4b" outcome="Passed" testListId="8c84fa94-04c1-424b-9868-57a2d4851a1d" relativeResultsDirectory="6ec50565-2081-4680-ba69-7a5334cd391c" />
    <UnitTestResult executionId="96276342-f16f-4fef-b52e-cf7972172be2" testId="a289a6a0-6040-4bc9-9774-69d4debbe7df" testName="EventConverter_ParseMetadata_Metadata_Non_Guid_DeviceGroupId" computerName="DKSR-EFI-06" duration="00:00:00.0013604" startTime="2024-01-09T15:43:26.6541275+01:00" endTime="2024-01-09T15:43:26.6541275+01:00" testType="13cdc9d9-ddb5-4fa4-a97d-d965ccfc6d4b" outcome="Passed" testListId="8c84fa94-04c1-424b-9868-57a2d4851a1d" relativeResultsDirectory="96276342-f16f-4fef-b52e-cf7972172be2" />
    <UnitTestResult executionId="9b1c0ba6-0450-455c-a38a-cffceed5baaf" testId="5ea9479e-d7e7-7392-899e-45335ff069e7" testName="TestRuleSystemCommandPipeDispose" computerName="DKSR-EFI-06" duration="00:00:00.0032594" startTime="2024-01-09T15:43:25.8885008+01:00" endTime="2024-01-09T15:43:25.8885008+01:00" testType="13cdc9d9-ddb5-4fa4-a97d-d965ccfc6d4b" outcome="Passed" testListId="8c84fa94-04c1-424b-9868-57a2d4851a1d" relativeResultsDirectory="9b1c0ba6-0450-455c-a38a-cffceed5baaf" />
    <UnitTestResult executionId="abe09c03-6925-43e0-9100-9ea6b440580c" testId="e6575729-b3e6-600c-fa38-792f8b23bd68" testName="TestNewObject" computerName="DKSR-EFI-06" duration="00:00:00.0010666" startTime="2024-01-09T15:43:25.5291255+01:00" endTime="2024-01-09T15:43:25.5447519+01:00" testType="13cdc9d9-ddb5-4fa4-a97d-d965ccfc6d4b" outcome="Passed" testListId="8c84fa94-04c1-424b-9868-57a2d4851a1d" relativeResultsDirectory="abe09c03-6925-43e0-9100-9ea6b440580c" />
    <UnitTestResult executionId="5aacfa9f-22f2-4df7-8318-7ce670f98f30" testId="a16fac14-2952-59c2-f9cb-93ac47ea55ca" testName="TestActivateAction" computerName="DKSR-EFI-06" duration="00:00:00.0072809" startTime="2024-01-09T15:43:20.2791231+01:00" endTime="2024-01-09T15:43:20.2791231+01:00" testType="13cdc9d9-ddb5-4fa4-a97d-d965ccfc6d4b" outcome="Passed" testListId="8c84fa94-04c1-424b-9868-57a2d4851a1d" relativeResultsDirectory="5aacfa9f-22f2-4df7-8318-7ce670f98f30" />
    <UnitTestResult executionId="ea943394-f9e8-4492-845f-8bb532898e1f" testId="67779330-877d-efe4-d891-ea80d17ea9f2" testName="TestGetStatusForAllObjectsOfType" computerName="DKSR-EFI-06" duration="00:00:00.0049550" startTime="2024-01-09T15:43:15.1541153+01:00" endTime="2024-01-09T15:43:15.1541153+01:00" testType="13cdc9d9-ddb5-4fa4-a97d-d965ccfc6d4b" outcome="Passed" testListId="8c84fa94-04c1-424b-9868-57a2d4851a1d" relativeResultsDirectory="ea943394-f9e8-4492-845f-8bb532898e1f" />
    <UnitTestResult executionId="145f0bd8-d07a-4476-96f9-f1e468548fd3" testId="17a3b251-36cd-07f4-6f0c-5e839dd8b46e" testName="EventConverter_ConvertEventStatusToBaseItem_EventIds_Null" computerName="DKSR-EFI-06" duration="00:00:00.0078227" startTime="2024-01-09T15:43:26.4353764+01:00" endTime="2024-01-09T15:43:26.4512539+01:00" testType="13cdc9d9-ddb5-4fa4-a97d-d965ccfc6d4b" outcome="Passed" testListId="8c84fa94-04c1-424b-9868-57a2d4851a1d" relativeResultsDirectory="145f0bd8-d07a-4476-96f9-f1e468548fd3" />
    <UnitTestResult executionId="08f771b4-392f-461a-ac01-a9f1d5a3a234" testId="d5fe72e7-e784-de85-7327-74e3ed545624" testName="CleanupThread_ChecksIfStatusItemHasBeenCleared" computerName="DKSR-EFI-06" duration="00:00:02.1327709" startTime="2024-01-09T15:43:10.2166030+01:00" endTime="2024-01-09T15:43:12.3572780+01:00" testType="13cdc9d9-ddb5-4fa4-a97d-d965ccfc6d4b" outcome="Passed" testListId="8c84fa94-04c1-424b-9868-57a2d4851a1d" relativeResultsDirectory="08f771b4-392f-461a-ac01-a9f1d5a3a234" />
    <UnitTestResult executionId="06b112bc-9c2c-4268-afa5-48e080e39d56" testId="0422c0a9-8f46-02d8-cc74-796557fcdbf1" testName="TestUpdateStateWithKnownDeviceList" computerName="DKSR-EFI-06" duration="00:00:00.3328290" startTime="2024-01-09T15:43:24.7010029+01:00" endTime="2024-01-09T15:43:25.0291263+01:00" testType="13cdc9d9-ddb5-4fa4-a97d-d965ccfc6d4b" outcome="Passed" testListId="8c84fa94-04c1-424b-9868-57a2d4851a1d" relativeResultsDirectory="06b112bc-9c2c-4268-afa5-48e080e39d56" />
    <UnitTestResult executionId="1479cf46-9d94-4932-84da-8bc5882e7f6f" testId="ded7da43-5b35-6452-1926-110c074ef91d" testName="TestMultipleSessionsMultipleUserIds" computerName="DKSR-EFI-06" duration="00:00:00.0007780" startTime="2024-01-09T15:43:27.0916291+01:00" endTime="2024-01-09T15:43:27.0916291+01:00" testType="13cdc9d9-ddb5-4fa4-a97d-d965ccfc6d4b" outcome="Passed" testListId="8c84fa94-04c1-424b-9868-57a2d4851a1d" relativeResultsDirectory="1479cf46-9d94-4932-84da-8bc5882e7f6f" />
    <UnitTestResult executionId="edc9d331-e401-45ee-bf73-9023b19fa349" testId="d343ebf0-90b9-8312-b39f-0f294924653b" testName="TestToTypeID" computerName="DKSR-EFI-06" duration="00:00:00.0003796" startTime="2024-01-09T15:43:25.1541328+01:00" endTime="2024-01-09T15:43:25.1697510+01:00" testType="13cdc9d9-ddb5-4fa4-a97d-d965ccfc6d4b" outcome="Passed" testListId="8c84fa94-04c1-424b-9868-57a2d4851a1d" relativeResultsDirectory="edc9d331-e401-45ee-bf73-9023b19fa349" />
    <UnitTestResult executionId="49b93710-b225-483f-a781-300d49d437eb" testId="04cda920-efc4-365b-24c0-fc5e6312876f" testName="TestGetAllObjectsOnVisualElementNotAuthenticated" computerName="DKSR-EFI-06" duration="00:00:00.0015388" startTime="2024-01-09T15:43:17.4666198+01:00" endTime="2024-01-09T15:43:17.4666198+01:00" testType="13cdc9d9-ddb5-4fa4-a97d-d965ccfc6d4b" outcome="Passed" testListId="8c84fa94-04c1-424b-9868-57a2d4851a1d" relativeResultsDirectory="49b93710-b225-483f-a781-300d49d437eb" />
    <UnitTestResult executionId="56c969e4-a2bc-4349-8bd2-6567aed3e4b7" testId="13f6bcf6-e02b-f78e-142f-d69b6d63f0af" testName="TestGetStatusWithInvalidId" computerName="DKSR-EFI-06" duration="00:00:00.0081454" startTime="2024-01-09T15:43:20.9353733+01:00" endTime="2024-01-09T15:43:20.9353733+01:00" testType="13cdc9d9-ddb5-4fa4-a97d-d965ccfc6d4b" outcome="Passed" testListId="8c84fa94-04c1-424b-9868-57a2d4851a1d" relativeResultsDirectory="56c969e4-a2bc-4349-8bd2-6567aed3e4b7" />
    <UnitTestResult executionId="79baddb1-c28b-4e08-ba11-7c53aba594b5" testId="5cff4ec6-47fc-95f2-23f2-32c6a732ef88" testName="TestUpdateBoundsThrowingUnhandledException" computerName="DKSR-EFI-06" duration="00:00:00.0041773" startTime="2024-01-09T15:43:17.4041187+01:00" endTime="2024-01-09T15:43:17.4041187+01:00" testType="13cdc9d9-ddb5-4fa4-a97d-d965ccfc6d4b" outcome="Passed" testListId="8c84fa94-04c1-424b-9868-57a2d4851a1d" relativeResultsDirectory="79baddb1-c28b-4e08-ba11-7c53aba594b5" />
    <UnitTestResult executionId="fa5fa3d8-dc8d-47ab-b36e-c96153754da8" testId="b1344741-f535-b211-feea-e072076c9503" testName="TestConstructor" computerName="DKSR-EFI-06" duration="00:00:00.0007086" startTime="2024-01-09T15:43:19.4509978+01:00" endTime="2024-01-09T15:43:19.4509978+01:00" testType="13cdc9d9-ddb5-4fa4-a97d-d965ccfc6d4b" outcome="Passed" testListId="8c84fa94-04c1-424b-9868-57a2d4851a1d" relativeResultsDirectory="fa5fa3d8-dc8d-47ab-b36e-c96153754da8" />
    <UnitTestResult executionId="5bac4d72-f4b2-4aed-ab48-fdea35e2aae1" testId="9ca330db-b2de-6fd8-4a31-28b777299130" testName="WebServiceCommandBaseTest_Constructor_Success" computerName="DKSR-EFI-06" duration="00:00:00.0203995" startTime="2024-01-09T15:43:26.1853761+01:00" endTime="2024-01-09T15:43:26.2010035+01:00" testType="13cdc9d9-ddb5-4fa4-a97d-d965ccfc6d4b" outcome="Passed" testListId="8c84fa94-04c1-424b-9868-57a2d4851a1d" relativeResultsDirectory="5bac4d72-f4b2-4aed-ab48-fdea35e2aae1" />
    <UnitTestResult executionId="92c2283a-199c-4fa4-8cf5-a12fd85ae4ab" testId="e5e80db3-6144-ea2f-09dc-05657127f79c" testName="TestInsertElementsWithRelationIdAndNoIDs" computerName="DKSR-EFI-06" duration="00:00:00.0050902" startTime="2024-01-09T15:43:22.9353736+01:00" endTime="2024-01-09T15:43:22.9353736+01:00" testType="13cdc9d9-ddb5-4fa4-a97d-d965ccfc6d4b" outcome="Passed" testListId="8c84fa94-04c1-424b-9868-57a2d4851a1d" relativeResultsDirectory="92c2283a-199c-4fa4-8cf5-a12fd85ae4ab" />
    <UnitTestResult executionId="b2979543-ded9-423a-aceb-167ec9bcac95" testId="0b404634-fabf-542c-c39a-5b5860a30b25" testName="TestConstructorWithNullConfigHost" computerName="DKSR-EFI-06" duration="00:00:00.0094777" startTime="2024-01-09T15:43:27.5447523+01:00" endTime="2024-01-09T15:43:27.5447523+01:00" testType="13cdc9d9-ddb5-4fa4-a97d-d965ccfc6d4b" outcome="Passed" testListId="8c84fa94-04c1-424b-9868-57a2d4851a1d" relativeResultsDirectory="b2979543-ded9-423a-aceb-167ec9bcac95" />
    <UnitTestResult executionId="5f7d2940-6637-477e-9269-ab92c772ded7" testId="2af4e33f-3ad4-04f2-37df-9ec4b5574236" testName="EventIdListTest_EventSource_Hardware" computerName="DKSR-EFI-06" duration="00:00:00.0010787" startTime="2024-01-09T15:43:28.0760048+01:00" endTime="2024-01-09T15:43:28.0760048+01:00" testType="13cdc9d9-ddb5-4fa4-a97d-d965ccfc6d4b" outcome="Passed" testListId="8c84fa94-04c1-424b-9868-57a2d4851a1d" relativeResultsDirectory="5f7d2940-6637-477e-9269-ab92c772ded7" />
    <UnitTestResult executionId="4b7dd384-4a10-4e3d-bf3d-6f6b689d12f1" testId="5542dda8-0b53-5ee0-368c-965e224d9fd4" testName="TestUpdateDisplayXMLWithInvalidUser" computerName="DKSR-EFI-06" duration="00:00:00.0025374" startTime="2024-01-09T15:43:18.2791226+01:00" endTime="2024-01-09T15:43:18.2791226+01:00" testType="13cdc9d9-ddb5-4fa4-a97d-d965ccfc6d4b" outcome="Passed" testListId="8c84fa94-04c1-424b-9868-57a2d4851a1d" relativeResultsDirectory="4b7dd384-4a10-4e3d-bf3d-6f6b689d12f1" />
    <UnitTestResult executionId="9977e8ec-db7d-42c6-8639-bd8433d2ca4e" testId="db023b66-5330-e56c-198f-c64b71b937f5" testName="TestGetStatusDetailsWithInvalidToken" computerName="DKSR-EFI-06" duration="00:00:00.0042625" startTime="2024-01-09T15:43:15.7166174+01:00" endTime="2024-01-09T15:43:15.7166174+01:00" testType="13cdc9d9-ddb5-4fa4-a97d-d965ccfc6d4b" outcome="Passed" testListId="8c84fa94-04c1-424b-9868-57a2d4851a1d" relativeResultsDirectory="9977e8ec-db7d-42c6-8639-bd8433d2ca4e" />
    <UnitTestResult executionId="c9beb098-f6a3-45aa-b320-4e96c5964f4c" testId="5853a9e0-8ba5-a9fc-10cd-83263f396ebb" testName="TestUpdateNameWithValidParameters" computerName="DKSR-EFI-06" duration="00:00:00.0055259" startTime="2024-01-09T15:43:17.3728680+01:00" endTime="2024-01-09T15:43:17.3728680+01:00" testType="13cdc9d9-ddb5-4fa4-a97d-d965ccfc6d4b" outcome="Passed" testListId="8c84fa94-04c1-424b-9868-57a2d4851a1d" relativeResultsDirectory="c9beb098-f6a3-45aa-b320-4e96c5964f4c" />
    <UnitTestResult executionId="3b64d8ed-6b75-4def-a5b3-4e794db48389" testId="7aeef144-cbb4-b589-7357-281963de7fc3" testName="TestCopyObject" computerName="DKSR-EFI-06" duration="00:00:00.0016032" startTime="2024-01-09T15:43:19.4509978+01:00" endTime="2024-01-09T15:43:19.4509978+01:00" testType="13cdc9d9-ddb5-4fa4-a97d-d965ccfc6d4b" outcome="Passed" testListId="8c84fa94-04c1-424b-9868-57a2d4851a1d" relativeResultsDirectory="3b64d8ed-6b75-4def-a5b3-4e794db48389" />
    <UnitTestResult executionId="260b0dc3-521b-4b43-bbc7-575ba7fb83d0" testId="e70f92fc-f1d3-cec4-b7e4-b0ff367f2fb1" testName="TestInsertElementWithUsedRelationId" computerName="DKSR-EFI-06" duration="00:00:00.0155346" startTime="2024-01-09T15:43:22.3884996+01:00" endTime="2024-01-09T15:43:22.4041253+01:00" testType="13cdc9d9-ddb5-4fa4-a97d-d965ccfc6d4b" outcome="Passed" testListId="8c84fa94-04c1-424b-9868-57a2d4851a1d" relativeResultsDirectory="260b0dc3-521b-4b43-bbc7-575ba7fb83d0" />
    <UnitTestResult executionId="0441fce0-d264-4d9c-ac18-c11ab1f54218" testId="43a88965-7428-2504-3ad8-2c223aa43c1f" testName="TestCleanUpTimer" computerName="DKSR-EFI-06" duration="00:00:00.0445918" startTime="2024-01-09T15:43:13.7009890+01:00" endTime="2024-01-09T15:43:13.7478637+01:00" testType="13cdc9d9-ddb5-4fa4-a97d-d965ccfc6d4b" outcome="Passed" testListId="8c84fa94-04c1-424b-9868-57a2d4851a1d" relativeResultsDirectory="0441fce0-d264-4d9c-ac18-c11ab1f54218" />
    <UnitTestResult executionId="ac1b1a0d-836c-4d47-8e25-a848914a435c" testId="13287f31-e788-e2d4-f141-52b50e707662" testName="GetKindFromVisualElementObjectTypeTest" computerName="DKSR-EFI-06" duration="00:00:00.0020023" startTime="2024-01-09T15:43:13.7634887+01:00" endTime="2024-01-09T15:43:13.7634887+01:00" testType="13cdc9d9-ddb5-4fa4-a97d-d965ccfc6d4b" outcome="Passed" testListId="8c84fa94-04c1-424b-9868-57a2d4851a1d" relativeResultsDirectory="ac1b1a0d-836c-4d47-8e25-a848914a435c" />
    <UnitTestResult executionId="b00a3475-e395-4ca9-be65-67550c997211" testId="4b7e6207-7e08-33d7-a4a6-3c9c1c4bd46b" testName="TestStartWithSeveralConfigHosts" computerName="DKSR-EFI-06" duration="00:00:00.0034365" startTime="2024-01-09T15:43:27.4197534+01:00" endTime="2024-01-09T15:43:27.4197534+01:00" testType="13cdc9d9-ddb5-4fa4-a97d-d965ccfc6d4b" outcome="Passed" testListId="8c84fa94-04c1-424b-9868-57a2d4851a1d" relativeResultsDirectory="b00a3475-e395-4ca9-be65-67550c997211" />
    <UnitTestResult executionId="b6e8da60-bf22-49bf-a163-dbb7088cb449" testId="85bc96f5-633a-73ce-38a3-065c75c961bf" testName="TestInsertElementsAccessListWithoutItemButRelatedElementWithItem" computerName="DKSR-EFI-06" duration="00:00:00.0488592" startTime="2024-01-09T15:43:22.8103755+01:00" endTime="2024-01-09T15:43:22.8572513+01:00" testType="13cdc9d9-ddb5-4fa4-a97d-d965ccfc6d4b" outcome="Passed" testListId="8c84fa94-04c1-424b-9868-57a2d4851a1d" relativeResultsDirectory="b6e8da60-bf22-49bf-a163-dbb7088cb449" />
    <UnitTestResult executionId="867ec65c-618f-474f-b51c-a9b2e6c92b9d" testId="660a49ac-22b4-f954-7722-970f53b93449" testName="TestGetPlugInItemsAccessControlWithChildren" computerName="DKSR-EFI-06" duration="00:00:00.0263892" startTime="2024-01-09T15:43:20.1072483+01:00" endTime="2024-01-09T15:43:20.1384999+01:00" testType="13cdc9d9-ddb5-4fa4-a97d-d965ccfc6d4b" outcome="Passed" testListId="8c84fa94-04c1-424b-9868-57a2d4851a1d" relativeResultsDirectory="867ec65c-618f-474f-b51c-a9b2e6c92b9d" />
    <UnitTestResult executionId="fcb65054-0a85-4718-a271-c51ea7cbb8e3" testId="62d574af-05b1-57dc-4752-4bbc2d1e3b8d" testName="UpdateName_WithValidParameters" computerName="DKSR-EFI-06" duration="00:00:00.0051838" startTime="2024-01-09T15:43:18.2322457+01:00" endTime="2024-01-09T15:43:18.2478721+01:00" testType="13cdc9d9-ddb5-4fa4-a97d-d965ccfc6d4b" outcome="Passed" testListId="8c84fa94-04c1-424b-9868-57a2d4851a1d" relativeResultsDirectory="fcb65054-0a85-4718-a271-c51ea7cbb8e3" />
    <UnitTestResult executionId="7c532b7b-c120-4cb5-b278-19404003b9ba" testId="432295c4-db14-ec63-5c4b-be5afae4cb52" testName="TestRemoveElementsReturnListDosentContainRemovedElements" computerName="DKSR-EFI-06" duration="00:00:00.0214095" startTime="2024-01-09T15:43:23.8885025+01:00" endTime="2024-01-09T15:43:23.9041274+01:00" testType="13cdc9d9-ddb5-4fa4-a97d-d965ccfc6d4b" outcome="Passed" testListId="8c84fa94-04c1-424b-9868-57a2d4851a1d" relativeResultsDirectory="7c532b7b-c120-4cb5-b278-19404003b9ba" />
    <UnitTestResult executionId="5ccc7cc3-a8a8-4298-883f-8e0a88dd8da8" testId="df106c93-dba2-fad8-cf9c-e89f94afe190" testName="TestUpdateElementDisplayXmlWithValidParameters" computerName="DKSR-EFI-06" duration="00:00:00.0039374" startTime="2024-01-09T15:43:22.2322488+01:00" endTime="2024-01-09T15:43:22.2322488+01:00" testType="13cdc9d9-ddb5-4fa4-a97d-d965ccfc6d4b" outcome="Passed" testListId="8c84fa94-04c1-424b-9868-57a2d4851a1d" relativeResultsDirectory="5ccc7cc3-a8a8-4298-883f-8e0a88dd8da8" />
    <UnitTestResult executionId="bfca7eb3-7f60-408c-80ec-f1e3807dfbeb" testId="be1dd291-8a0c-ebf5-dd07-b1f3096689d3" testName="TestUpdateElementWithOldTimestamp" computerName="DKSR-EFI-06" duration="00:00:00.0115575" startTime="2024-01-09T15:43:22.9978758+01:00" endTime="2024-01-09T15:43:23.0134996+01:00" testType="13cdc9d9-ddb5-4fa4-a97d-d965ccfc6d4b" outcome="Passed" testListId="8c84fa94-04c1-424b-9868-57a2d4851a1d" relativeResultsDirectory="bfca7eb3-7f60-408c-80ec-f1e3807dfbeb" />
    <UnitTestResult executionId="84b3d119-8486-4a65-9014-096cf575580d" testId="29387a21-cfe6-66b5-9f33-7383e6376a23" testName="TestName" computerName="DKSR-EFI-06" duration="00:00:00.0025326" startTime="2024-01-09T15:43:19.3572488+01:00" endTime="2024-01-09T15:43:19.3572488+01:00" testType="13cdc9d9-ddb5-4fa4-a97d-d965ccfc6d4b" outcome="Passed" testListId="8c84fa94-04c1-424b-9868-57a2d4851a1d" relativeResultsDirectory="84b3d119-8486-4a65-9014-096cf575580d" />
    <UnitTestResult executionId="f22689f3-412d-4e9f-b2c9-ae72c1265a6a" testId="b0effa69-0f52-5466-77c3-d4ce8fd9cb15" testName="TestGetVisualizationWithInvalidUser" computerName="DKSR-EFI-06" duration="00:00:00.0038673" startTime="2024-01-09T15:43:15.7478655+01:00" endTime="2024-01-09T15:43:15.7634923+01:00" testType="13cdc9d9-ddb5-4fa4-a97d-d965ccfc6d4b" outcome="Passed" testListId="8c84fa94-04c1-424b-9868-57a2d4851a1d" relativeResultsDirectory="f22689f3-412d-4e9f-b2c9-ae72c1265a6a" />
    <UnitTestResult executionId="4520ead3-7456-487d-8c02-e9b61d79698d" testId="76e44b8c-d5f7-58a2-0358-20e726785cc4" testName="TestActivatePlugInActionWithInvalidUser" computerName="DKSR-EFI-06" duration="00:00:00.0025351" startTime="2024-01-09T15:43:17.2634930+01:00" endTime="2024-01-09T15:43:17.2634930+01:00" testType="13cdc9d9-ddb5-4fa4-a97d-d965ccfc6d4b" outcome="Passed" testListId="8c84fa94-04c1-424b-9868-57a2d4851a1d" relativeResultsDirectory="4520ead3-7456-487d-8c02-e9b61d79698d" />
    <UnitTestResult executionId="a58bbb3f-f16c-4d29-a4b1-5ef77d9f3803" testId="0f20ed1f-90f5-3f55-3a6f-ddf0b36cb5a6" testName="TestGetStatusDetailsWithInvalidToken" computerName="DKSR-EFI-06" duration="00:00:00.0048053" startTime="2024-01-09T15:43:15.1541153+01:00" endTime="2024-01-09T15:43:15.1697401+01:00" testType="13cdc9d9-ddb5-4fa4-a97d-d965ccfc6d4b" outcome="Passed" testListId="8c84fa94-04c1-424b-9868-57a2d4851a1d" relativeResultsDirectory="a58bbb3f-f16c-4d29-a4b1-5ef77d9f3803" />
    <UnitTestResult executionId="c7946594-f1b1-47d5-b543-ed5838dbc037" testId="b3c67cb0-c8db-1bac-2c9f-4a5d9119eaa7" testName="TestRuleSystemCommandPipeConfigurationChange" computerName="DKSR-EFI-06" duration="00:00:00.0028629" startTime="2024-01-09T15:43:25.8885008+01:00" endTime="2024-01-09T15:43:25.8885008+01:00" testType="13cdc9d9-ddb5-4fa4-a97d-d965ccfc6d4b" outcome="Passed" testListId="8c84fa94-04c1-424b-9868-57a2d4851a1d" relativeResultsDirectory="c7946594-f1b1-47d5-b543-ed5838dbc037" />
    <UnitTestResult executionId="f2f86a75-f657-4629-8006-2035ba7dac67" testId="ec61fe7d-f8a9-0469-b26a-d2c1cf831a20" testName="GetPlugIns_WithValidParameters" computerName="DKSR-EFI-06" duration="00:00:00.0042271" startTime="2024-01-09T15:43:18.2947467+01:00" endTime="2024-01-09T15:43:18.2947467+01:00" testType="13cdc9d9-ddb5-4fa4-a97d-d965ccfc6d4b" outcome="Passed" testListId="8c84fa94-04c1-424b-9868-57a2d4851a1d" relativeResultsDirectory="f2f86a75-f657-4629-8006-2035ba7dac67" />
    <UnitTestResult executionId="07b9c64d-06f0-41de-bdd5-c4a17258b4de" testId="2ef8916d-a194-5e24-5900-54c8ab00f21b" testName="LoadConfiguration_ShouldSetTheValuesFromTheProvidedConfiguration_OnceLoadingIsCompleted" computerName="DKSR-EFI-06" duration="00:00:00.0147730" startTime="2024-01-09T15:43:28.5760022+01:00" endTime="2024-01-09T15:43:28.5916278+01:00" testType="13cdc9d9-ddb5-4fa4-a97d-d965ccfc6d4b" outcome="Passed" testListId="8c84fa94-04c1-424b-9868-57a2d4851a1d" relativeResultsDirectory="07b9c64d-06f0-41de-bdd5-c4a17258b4de" />
    <UnitTestResult executionId="ecee6a3f-b814-4845-bb38-9841c5c6cc4f" testId="a85129ae-c9fd-e336-efb1-3a4a2726dc6a" testName="TestGetVisualElementChangesWithZeroTimeout" computerName="DKSR-EFI-06" duration="00:00:00.0051531" startTime="2024-01-09T15:43:17.7166198+01:00" endTime="2024-01-09T15:43:17.7166198+01:00" testType="13cdc9d9-ddb5-4fa4-a97d-d965ccfc6d4b" outcome="Passed" testListId="8c84fa94-04c1-424b-9868-57a2d4851a1d" relativeResultsDirectory="ecee6a3f-b814-4845-bb38-9841c5c6cc4f" />
    <UnitTestResult executionId="8f04cf58-3c3e-4819-bcad-1156ca797b18" testId="0764a672-89fe-5d86-13f0-944488cff56e" testName="TestGetStatusForAllObjectsOfTypeRootAndUnlimited" computerName="DKSR-EFI-06" duration="00:00:00.0284549" startTime="2024-01-09T15:43:21.6072500+01:00" endTime="2024-01-09T15:43:21.6384990+01:00" testType="13cdc9d9-ddb5-4fa4-a97d-d965ccfc6d4b" outcome="Passed" testListId="8c84fa94-04c1-424b-9868-57a2d4851a1d" relativeResultsDirectory="8f04cf58-3c3e-4819-bcad-1156ca797b18" />
    <UnitTestResult executionId="e7c653c6-d080-415e-a743-fce53bc74e37" testId="6cea7616-93f4-1d82-21a5-a08920114d81" testName="TestGetAllElementIDs" computerName="DKSR-EFI-06" duration="00:00:00.0195654" startTime="2024-01-09T15:43:23.2791273+01:00" endTime="2024-01-09T15:43:23.2991443+01:00" testType="13cdc9d9-ddb5-4fa4-a97d-d965ccfc6d4b" outcome="Passed" testListId="8c84fa94-04c1-424b-9868-57a2d4851a1d" relativeResultsDirectory="e7c653c6-d080-415e-a743-fce53bc74e37" />
    <UnitTestResult executionId="f83a9b2c-4f6b-4628-b23e-00bbad644368" testId="548d3157-fa5e-4025-ee08-7c82a34be892" testName="TestRemoveElementWithoutRelationId" computerName="DKSR-EFI-06" duration="00:00:00.0067315" startTime="2024-01-09T15:43:23.7166252+01:00" endTime="2024-01-09T15:43:23.7166252+01:00" testType="13cdc9d9-ddb5-4fa4-a97d-d965ccfc6d4b" outcome="Passed" testListId="8c84fa94-04c1-424b-9868-57a2d4851a1d" relativeResultsDirectory="f83a9b2c-4f6b-4628-b23e-00bbad644368" />
    <UnitTestResult executionId="9475d65f-916e-4267-a966-6e01ddc9df2b" testId="482f2162-f630-84b1-16ff-f7d9e0c47833" testName="TestNonExistingRelationElement" computerName="DKSR-EFI-06" duration="00:00:00.0539776" startTime="2024-01-09T15:43:22.2634989+01:00" endTime="2024-01-09T15:43:22.3104431+01:00" testType="13cdc9d9-ddb5-4fa4-a97d-d965ccfc6d4b" outcome="Passed" testListId="8c84fa94-04c1-424b-9868-57a2d4851a1d" relativeResultsDirectory="9475d65f-916e-4267-a966-6e01ddc9df2b" />
    <UnitTestResult executionId="34d42444-8092-473f-933e-f1eedf90c917" testId="b023713a-a208-cdad-ca76-94793772a2ef" testName="TestActivateActionWithUnknownType" computerName="DKSR-EFI-06" duration="00:00:00.0017472" startTime="2024-01-09T15:43:20.2947489+01:00" endTime="2024-01-09T15:43:20.2947489+01:00" testType="13cdc9d9-ddb5-4fa4-a97d-d965ccfc6d4b" outcome="Passed" testListId="8c84fa94-04c1-424b-9868-57a2d4851a1d" relativeResultsDirectory="34d42444-8092-473f-933e-f1eedf90c917" />
    <UnitTestResult executionId="723771ba-bf5d-49c5-9464-516d06efa9ab" testId="144352c5-c33b-97b1-d06c-d10783bcd24a" testName="Handle_ShouldFlattenPriorityValue_WhenValuesIncludePriorityAndPriorityName" computerName="DKSR-EFI-06" duration="00:00:00.0042183" startTime="2024-01-09T15:43:30.5291283+01:00" endTime="2024-01-09T15:43:30.5291283+01:00" testType="13cdc9d9-ddb5-4fa4-a97d-d965ccfc6d4b" outcome="Passed" testListId="8c84fa94-04c1-424b-9868-57a2d4851a1d" relativeResultsDirectory="723771ba-bf5d-49c5-9464-516d06efa9ab" />
    <UnitTestResult executionId="1bef7693-7186-4aa8-ab09-5f78361b19c2" testId="6f76e60a-96ae-1036-bb5e-9caebe81c35a" testName="SetAllEventRetentions_ShouldAuditLogChangedToFollowGroup_WhenEventTypeRetentionIsRemoved" computerName="DKSR-EFI-06" duration="00:00:00.0116251" startTime="2024-01-09T15:43:28.6385046+01:00" endTime="2024-01-09T15:43:28.6541298+01:00" testType="13cdc9d9-ddb5-4fa4-a97d-d965ccfc6d4b" outcome="Passed" testListId="8c84fa94-04c1-424b-9868-57a2d4851a1d" relativeResultsDirectory="1bef7693-7186-4aa8-ab09-5f78361b19c2" />
    <UnitTestResult executionId="c0975256-b0a4-4f0a-a3e6-9f33265b301d" testId="6ea36cb7-dc9f-f9b5-d308-6a7e97d59a45" testName="GetAllObjectsOfType_SingleElementPath" computerName="DKSR-EFI-06" duration="00:00:00.0038241" startTime="2024-01-09T15:43:16.7166184+01:00" endTime="2024-01-09T15:43:16.7166184+01:00" testType="13cdc9d9-ddb5-4fa4-a97d-d965ccfc6d4b" outcome="Passed" testListId="8c84fa94-04c1-424b-9868-57a2d4851a1d" relativeResultsDirectory="c0975256-b0a4-4f0a-a3e6-9f33265b301d" />
    <UnitTestResult executionId="d79b5147-002b-4835-962f-ea7480db24bc" testId="9c6b93f0-21ea-bab9-4f22-0a88632e740e" testName="TestItemsWithItemIdsNotIncluded" computerName="DKSR-EFI-06" duration="00:00:00.0032051" startTime="2024-01-09T15:43:20.5134988+01:00" endTime="2024-01-09T15:43:20.5291229+01:00" testType="13cdc9d9-ddb5-4fa4-a97d-d965ccfc6d4b" outcome="Passed" testListId="8c84fa94-04c1-424b-9868-57a2d4851a1d" relativeResultsDirectory="d79b5147-002b-4835-962f-ea7480db24bc" />
    <UnitTestResult executionId="339a731c-d752-495e-8c4a-bf26c6effe59" testId="b2d08199-1744-af53-14e2-8b5747d2f865" testName="WhenAlarmSearchCriteriaWWithWrongFieldNamesThenException" computerName="DKSR-EFI-06" duration="00:00:00.0008430" startTime="2024-01-09T15:43:26.3728775+01:00" endTime="2024-01-09T15:43:26.3728775+01:00" testType="13cdc9d9-ddb5-4fa4-a97d-d965ccfc6d4b" outcome="Passed" testListId="8c84fa94-04c1-424b-9868-57a2d4851a1d" relativeResultsDirectory="339a731c-d752-495e-8c4a-bf26c6effe59" />
    <UnitTestResult executionId="080b1a0c-a310-4b16-a24a-5dd72f7aa2ac" testId="f5494661-fe61-3b93-b99f-f96ddc383216" testName="TestGetPlugInItems" computerName="DKSR-EFI-06" duration="00:00:00.0344791" startTime="2024-01-09T15:43:19.8103731+01:00" endTime="2024-01-09T15:43:19.8572489+01:00" testType="13cdc9d9-ddb5-4fa4-a97d-d965ccfc6d4b" outcome="Passed" testListId="8c84fa94-04c1-424b-9868-57a2d4851a1d" relativeResultsDirectory="080b1a0c-a310-4b16-a24a-5dd72f7aa2ac" />
    <UnitTestResult executionId="c79aaf38-e94e-4836-9d66-78bab0709b3d" testId="e95dd875-7599-5e7e-b707-528a616cf3e4" testName="TestGetStatusWithInvalidUser" computerName="DKSR-EFI-06" duration="00:00:00.0068695" startTime="2024-01-09T15:43:15.0916154+01:00" endTime="2024-01-09T15:43:15.0916154+01:00" testType="13cdc9d9-ddb5-4fa4-a97d-d965ccfc6d4b" outcome="Passed" testListId="8c84fa94-04c1-424b-9868-57a2d4851a1d" relativeResultsDirectory="c79aaf38-e94e-4836-9d66-78bab0709b3d" />
    <UnitTestResult executionId="e2196e60-5177-4ee4-abdc-6527953920c6" testId="b335820a-7104-d5ea-9cc3-885bd58666ec" testName="TestActivatePlugInActionThrowingUnhandledException" computerName="DKSR-EFI-06" duration="00:00:00.0048489" startTime="2024-01-09T15:43:17.6541190+01:00" endTime="2024-01-09T15:43:17.6697446+01:00" testType="13cdc9d9-ddb5-4fa4-a97d-d965ccfc6d4b" outcome="Passed" testListId="8c84fa94-04c1-424b-9868-57a2d4851a1d" relativeResultsDirectory="e2196e60-5177-4ee4-abdc-6527953920c6" />
    <UnitTestResult executionId="58420333-f8fe-49c4-b1af-e639d683195f" testId="596fd6d3-e623-e12e-182c-0c3528e4e9c8" testName="TestDeleteObjectWithInvalidUser" computerName="DKSR-EFI-06" duration="00:00:00.0029008" startTime="2024-01-09T15:43:18.0759951+01:00" endTime="2024-01-09T15:43:18.0759951+01:00" testType="13cdc9d9-ddb5-4fa4-a97d-d965ccfc6d4b" outcome="Passed" testListId="8c84fa94-04c1-424b-9868-57a2d4851a1d" relativeResultsDirectory="58420333-f8fe-49c4-b1af-e639d683195f" />
    <UnitTestResult executionId="5dd7416d-4e60-44a7-8a5e-17e45e0c956d" testId="c6a1718e-79da-c7ba-d8ef-6c71af34e3dc" testName="EventToBaseEventMapper_ReturnsBaseEvent_WhenUnknownObjectData" computerName="DKSR-EFI-06" duration="00:00:00.1858629" startTime="2024-01-09T15:43:28.1072524+01:00" endTime="2024-01-09T15:43:28.2947533+01:00" testType="13cdc9d9-ddb5-4fa4-a97d-d965ccfc6d4b" outcome="Passed" testListId="8c84fa94-04c1-424b-9868-57a2d4851a1d" relativeResultsDirectory="5dd7416d-4e60-44a7-8a5e-17e45e0c956d" />
    <UnitTestResult executionId="3681e0ae-716f-42d5-b7cd-4152d37959f3" testId="65bf8705-3dc5-8cec-5e83-9dfec95ae5f1" testName="TestCloseNoThread" computerName="DKSR-EFI-06" duration="00:00:00.0014087" startTime="2024-01-09T15:43:13.9509876+01:00" endTime="2024-01-09T15:43:13.9509876+01:00" testType="13cdc9d9-ddb5-4fa4-a97d-d965ccfc6d4b" outcome="Passed" testListId="8c84fa94-04c1-424b-9868-57a2d4851a1d" relativeResultsDirectory="3681e0ae-716f-42d5-b7cd-4152d37959f3" />
    <UnitTestResult executionId="e56f85be-60eb-4085-b995-47bd69dd93f1" testId="adce347d-d8a3-fa81-3aab-32fa93d7feec" testName="TestLoadXMLWithNoInnerText" computerName="DKSR-EFI-06" duration="00:00:00.0003589" startTime="2024-01-09T15:43:24.4822523+01:00" endTime="2024-01-09T15:43:24.4822523+01:00" testType="13cdc9d9-ddb5-4fa4-a97d-d965ccfc6d4b" outcome="Passed" testListId="8c84fa94-04c1-424b-9868-57a2d4851a1d" relativeResultsDirectory="e56f85be-60eb-4085-b995-47bd69dd93f1" />
    <UnitTestResult executionId="052be678-6ead-465b-8835-a73d0b3b5826" testId="6230042b-066b-7540-e033-c1da687c8808" testName="TestRemoveElementsRemoveTwoElementsWhereOneIsMarkedForDeletion" computerName="DKSR-EFI-06" duration="00:00:00.0039482" startTime="2024-01-09T15:43:23.8572488+01:00" endTime="2024-01-09T15:43:23.8572488+01:00" testType="13cdc9d9-ddb5-4fa4-a97d-d965ccfc6d4b" outcome="Passed" testListId="8c84fa94-04c1-424b-9868-57a2d4851a1d" relativeResultsDirectory="052be678-6ead-465b-8835-a73d0b3b5826" />
    <UnitTestResult executionId="739f1937-e615-46ec-ba2b-7f5fca65ab54" testId="a487004f-9199-ea6f-56ef-0474d325771f" testName="TestDeleteObjectWithInvalidUser" computerName="DKSR-EFI-06" duration="00:00:00.0025179" startTime="2024-01-09T15:43:16.8572414+01:00" endTime="2024-01-09T15:43:16.8572414+01:00" testType="13cdc9d9-ddb5-4fa4-a97d-d965ccfc6d4b" outcome="Passed" testListId="8c84fa94-04c1-424b-9868-57a2d4851a1d" relativeResultsDirectory="739f1937-e615-46ec-ba2b-7f5fca65ab54" />
    <UnitTestResult executionId="87ded6a4-f728-49df-8a4e-04b0e14bbc7e" testId="016db6ee-2d38-0bc8-9736-56870f4b6a15" testName="Handle_ShouldFlattenPriorityValue_WhenValuesIncludePriorityIntAndPriorityName" computerName="DKSR-EFI-06" duration="00:00:00.0010830" startTime="2024-01-09T15:43:30.5135418+01:00" endTime="2024-01-09T15:43:30.5135418+01:00" testType="13cdc9d9-ddb5-4fa4-a97d-d965ccfc6d4b" outcome="Passed" testListId="8c84fa94-04c1-424b-9868-57a2d4851a1d" relativeResultsDirectory="87ded6a4-f728-49df-8a4e-04b0e14bbc7e" />
    <UnitTestResult executionId="f1db54e6-114a-406f-a16f-1e9602cdf576" testId="0899a483-f978-208a-59fe-e2759339cea5" testName="TestGetStatus" computerName="DKSR-EFI-06" duration="00:00:00.0090754" startTime="2024-01-09T15:43:15.1072389+01:00" endTime="2024-01-09T15:43:15.1228657+01:00" testType="13cdc9d9-ddb5-4fa4-a97d-d965ccfc6d4b" outcome="Passed" testListId="8c84fa94-04c1-424b-9868-57a2d4851a1d" relativeResultsDirectory="f1db54e6-114a-406f-a16f-1e9602cdf576" />
    <UnitTestResult executionId="15baba04-a0d5-4bef-b91c-fdd174adf98e" testId="a5bf996a-851b-c1e5-0c9e-4b5c6288a744" testName="TestOneACSystemPLUnsupportedButEnabledOneACSystemPLEnabled" computerName="DKSR-EFI-06" duration="00:00:00.0020379" startTime="2024-01-09T15:43:27.1853765+01:00" endTime="2024-01-09T15:43:27.2010022+01:00" testType="13cdc9d9-ddb5-4fa4-a97d-d965ccfc6d4b" outcome="Passed" testListId="8c84fa94-04c1-424b-9868-57a2d4851a1d" relativeResultsDirectory="15baba04-a0d5-4bef-b91c-fdd174adf98e" />
    <UnitTestResult executionId="326b9f57-321a-4ba6-bcbc-13971e93fc91" testId="a89eaf12-e1e1-35d2-b638-0edbdc28dd28" testName="TestCheckAuthorizationWhereMultipleThreadsAndItemsToOld" computerName="DKSR-EFI-06" duration="00:00:00.0099473" startTime="2024-01-09T15:43:27.3416301+01:00" endTime="2024-01-09T15:43:27.3416301+01:00" testType="13cdc9d9-ddb5-4fa4-a97d-d965ccfc6d4b" outcome="Passed" testListId="8c84fa94-04c1-424b-9868-57a2d4851a1d" relativeResultsDirectory="326b9f57-321a-4ba6-bcbc-13971e93fc91" />
    <UnitTestResult executionId="1f28ddcc-21cf-4148-aa8c-587b1f3effa0" testId="b1f8662e-7da3-ea78-c648-44064c691ebe" testName="TestNewAlarms" computerName="DKSR-EFI-06" duration="00:00:00.0011283" startTime="2024-01-09T15:43:25.1853759+01:00" endTime="2024-01-09T15:43:25.1853759+01:00" testType="13cdc9d9-ddb5-4fa4-a97d-d965ccfc6d4b" outcome="Passed" testListId="8c84fa94-04c1-424b-9868-57a2d4851a1d" relativeResultsDirectory="1f28ddcc-21cf-4148-aa8c-587b1f3effa0" />
    <UnitTestResult executionId="aa56516e-5c6e-45e8-86aa-15c765f7c413" testId="9d2e72d6-92ec-9416-6f65-3920a3a0eb8d" testName="TestCheckAuthorizationWithEnterpriseBasicUser" computerName="DKSR-EFI-06" duration="00:00:00.0050614" startTime="2024-01-09T15:43:27.2791462+01:00" endTime="2024-01-09T15:43:27.2791462+01:00" testType="13cdc9d9-ddb5-4fa4-a97d-d965ccfc6d4b" outcome="Passed" testListId="8c84fa94-04c1-424b-9868-57a2d4851a1d" relativeResultsDirectory="aa56516e-5c6e-45e8-86aa-15c765f7c413" />
    <UnitTestResult executionId="244cd546-29ce-4e1e-a641-5b58440fdd16" testId="a6ada6b1-1f6c-a56d-fd5a-9dd7bb6086f3" testName="TestUpdateObjectsThrowingUnhandledException" computerName="DKSR-EFI-06" duration="00:00:00.0030224" startTime="2024-01-09T15:43:16.6853682+01:00" endTime="2024-01-09T15:43:16.6853682+01:00" testType="13cdc9d9-ddb5-4fa4-a97d-d965ccfc6d4b" outcome="Passed" testListId="8c84fa94-04c1-424b-9868-57a2d4851a1d" relativeResultsDirectory="244cd546-29ce-4e1e-a641-5b58440fdd16" />
    <UnitTestResult executionId="3b41c8d5-484c-4ee2-bbfd-3dfc20d509d6" testId="59524313-3601-c65c-9b12-abd92090ce88" testName="TestGetPlugInItems" computerName="DKSR-EFI-06" duration="00:00:00.0039807" startTime="2024-01-09T15:43:17.6072457+01:00" endTime="2024-01-09T15:43:17.6072457+01:00" testType="13cdc9d9-ddb5-4fa4-a97d-d965ccfc6d4b" outcome="Passed" testListId="8c84fa94-04c1-424b-9868-57a2d4851a1d" relativeResultsDirectory="3b41c8d5-484c-4ee2-bbfd-3dfc20d509d6" />
    <UnitTestResult executionId="84db32e2-c7ff-463d-a3a7-a0bfc128e1c8" testId="a233b0bf-7475-22b1-ba32-efabf55ac76e" testName="TestRuleSystemCommandPipeConstruction" computerName="DKSR-EFI-06" duration="00:00:00.0055550" startTime="2024-01-09T15:43:25.8103763+01:00" endTime="2024-01-09T15:43:25.8103763+01:00" testType="13cdc9d9-ddb5-4fa4-a97d-d965ccfc6d4b" outcome="Passed" testListId="8c84fa94-04c1-424b-9868-57a2d4851a1d" relativeResultsDirectory="84db32e2-c7ff-463d-a3a7-a0bfc128e1c8" />
    <UnitTestResult executionId="84766427-a328-4104-ba4a-72837ec00b98" testId="7170d4d4-1352-0b81-d734-949ca2b0a26a" testName="TestXmlValidTwo" computerName="DKSR-EFI-06" duration="00:00:00.0029725" startTime="2024-01-09T15:43:09.0290975+01:00" endTime="2024-01-09T15:43:09.0290975+01:00" testType="13cdc9d9-ddb5-4fa4-a97d-d965ccfc6d4b" outcome="Passed" testListId="8c84fa94-04c1-424b-9868-57a2d4851a1d" relativeResultsDirectory="84766427-a328-4104-ba4a-72837ec00b98" />
    <UnitTestResult executionId="cc26a78c-889d-4e15-ad6c-da22443d4a6b" testId="cec85ed6-94b7-0884-130d-7d383606a34c" testName="TestAddAsEventException" computerName="DKSR-EFI-06" duration="00:00:00.0028674" startTime="2024-01-09T15:43:18.7322470+01:00" endTime="2024-01-09T15:43:18.7322470+01:00" testType="13cdc9d9-ddb5-4fa4-a97d-d965ccfc6d4b" outcome="Passed" testListId="8c84fa94-04c1-424b-9868-57a2d4851a1d" relativeResultsDirectory="cc26a78c-889d-4e15-ad6c-da22443d4a6b" />
    <UnitTestResult executionId="d852f69a-83d7-4f3a-a012-2b5d6ad59f87" testId="deae603b-fab4-81c4-e8cc-7dc863200d1e" testName="TestSeveralConfigHostRemoved" computerName="DKSR-EFI-06" duration="00:00:00.0046441" startTime="2024-01-09T15:43:27.4510043+01:00" endTime="2024-01-09T15:43:27.4666713+01:00" testType="13cdc9d9-ddb5-4fa4-a97d-d965ccfc6d4b" outcome="Passed" testListId="8c84fa94-04c1-424b-9868-57a2d4851a1d" relativeResultsDirectory="d852f69a-83d7-4f3a-a012-2b5d6ad59f87" />
    <UnitTestResult executionId="682b2169-8736-4014-87c7-96136c91b704" testId="1ba550a5-1f48-afaa-0282-6c7d6ffea5db" testName="TestDictMethods" computerName="DKSR-EFI-06" duration="00:00:00.0039675" startTime="2024-01-09T15:43:24.3260041+01:00" endTime="2024-01-09T15:43:24.3260041+01:00" testType="13cdc9d9-ddb5-4fa4-a97d-d965ccfc6d4b" outcome="Passed" testListId="8c84fa94-04c1-424b-9868-57a2d4851a1d" relativeResultsDirectory="682b2169-8736-4014-87c7-96136c91b704" />
    <UnitTestResult executionId="66b66e51-7e29-463c-b2a8-5242976a5eda" testId="ded5ffc5-e6ed-f1d6-b4b6-c5d364958d62" testName="TestGetStatusWithMapPlugInItem" computerName="DKSR-EFI-06" duration="00:00:00.0262481" startTime="2024-01-09T15:43:21.5759998+01:00" endTime="2024-01-09T15:43:21.6072500+01:00" testType="13cdc9d9-ddb5-4fa4-a97d-d965ccfc6d4b" outcome="Passed" testListId="8c84fa94-04c1-424b-9868-57a2d4851a1d" relativeResultsDirectory="66b66e51-7e29-463c-b2a8-5242976a5eda" />
    <UnitTestResult executionId="63efb3e9-afbb-4539-96e0-a0f653acc5a6" testId="cfb35121-9e90-19ab-8b56-e907e592381e" testName="TestLoadXMLWithCorrectValues" computerName="DKSR-EFI-06" duration="00:00:00.0149552" startTime="2024-01-09T15:43:24.3572515+01:00" endTime="2024-01-09T15:43:24.3728761+01:00" testType="13cdc9d9-ddb5-4fa4-a97d-d965ccfc6d4b" outcome="Passed" testListId="8c84fa94-04c1-424b-9868-57a2d4851a1d" relativeResultsDirectory="63efb3e9-afbb-4539-96e0-a0f653acc5a6" />
    <UnitTestResult executionId="1a967b8e-4df3-4192-9583-fe520e50c025" testId="6eaa22fd-b4ea-d938-d98e-0ba036c2c909" testName="TestUpdateDisplayXMLWithInvalidUser" computerName="DKSR-EFI-06" duration="00:00:00.0050750" startTime="2024-01-09T15:43:17.1541193+01:00" endTime="2024-01-09T15:43:17.1697436+01:00" testType="13cdc9d9-ddb5-4fa4-a97d-d965ccfc6d4b" outcome="Passed" testListId="8c84fa94-04c1-424b-9868-57a2d4851a1d" relativeResultsDirectory="1a967b8e-4df3-4192-9583-fe520e50c025" />
    <UnitTestResult executionId="eb778198-f160-48b5-a842-9e3d5c68c59b" testId="fae32176-7d58-c1c8-1250-0a12f87fc49d" testName="TestOneACSystemPLUnsupported" computerName="DKSR-EFI-06" duration="00:00:00.0098400" startTime="2024-01-09T15:43:27.1072520+01:00" endTime="2024-01-09T15:43:27.1228766+01:00" testType="13cdc9d9-ddb5-4fa4-a97d-d965ccfc6d4b" outcome="Passed" testListId="8c84fa94-04c1-424b-9868-57a2d4851a1d" relativeResultsDirectory="eb778198-f160-48b5-a842-9e3d5c68c59b" />
    <UnitTestResult executionId="96bfaf91-8309-4361-bbbf-1022c3484944" testId="40ceb1f5-b7ad-2efb-b2d4-1dd0881abec3" testName="TestUpdateStateCorporate" computerName="DKSR-EFI-06" duration="00:00:00.0330057" startTime="2024-01-09T15:43:24.4978766+01:00" endTime="2024-01-09T15:43:24.5291263+01:00" testType="13cdc9d9-ddb5-4fa4-a97d-d965ccfc6d4b" outcome="Passed" testListId="8c84fa94-04c1-424b-9868-57a2d4851a1d" relativeResultsDirectory="96bfaf91-8309-4361-bbbf-1022c3484944" />
    <UnitTestResult executionId="b65a8521-4cbb-4a25-9c25-252d4f62ebb1" testId="70370df1-7a4a-f979-db78-aa2b854af0b2" testName="TestConstructorWithFactory" computerName="DKSR-EFI-06" duration="00:00:00.0092632" startTime="2024-01-09T15:43:20.9197491+01:00" endTime="2024-01-09T15:43:20.9353733+01:00" testType="13cdc9d9-ddb5-4fa4-a97d-d965ccfc6d4b" outcome="Passed" testListId="8c84fa94-04c1-424b-9868-57a2d4851a1d" relativeResultsDirectory="b65a8521-4cbb-4a25-9c25-252d4f62ebb1" />
    <UnitTestResult executionId="ca486a24-367c-45b5-8b51-6f2aea91cdb7" testId="5547bcbc-02e3-b114-85b3-0b9f6aeeed68" testName="TestGetXML" computerName="DKSR-EFI-06" duration="00:00:00.0045639" startTime="2024-01-09T15:43:24.3416264+01:00" endTime="2024-01-09T15:43:24.3572515+01:00" testType="13cdc9d9-ddb5-4fa4-a97d-d965ccfc6d4b" outcome="Passed" testListId="8c84fa94-04c1-424b-9868-57a2d4851a1d" relativeResultsDirectory="ca486a24-367c-45b5-8b51-6f2aea91cdb7" />
    <UnitTestResult executionId="9a81abb1-5ad5-438d-970e-497e3c686af3" testId="38dee21e-d1a8-cfd7-5570-f5f869cf091b" testName="EventConverter_ParseMetadata_Metadata_Unsupported_XmlValue" computerName="DKSR-EFI-06" duration="00:00:00.0075246" startTime="2024-01-09T15:43:26.6385008+01:00" endTime="2024-01-09T15:43:26.6385008+01:00" testType="13cdc9d9-ddb5-4fa4-a97d-d965ccfc6d4b" outcome="Passed" testListId="8c84fa94-04c1-424b-9868-57a2d4851a1d" relativeResultsDirectory="9a81abb1-5ad5-438d-970e-497e3c686af3" />
    <UnitTestResult executionId="fcd0555e-059e-4be4-a405-4029730b320c" testId="0aff4d1c-2404-9d01-845c-f4092cbac346" testName="TestGetPlugInsWithInvalidUser" computerName="DKSR-EFI-06" duration="00:00:00.0023507" startTime="2024-01-09T15:43:18.2947467+01:00" endTime="2024-01-09T15:43:18.2947467+01:00" testType="13cdc9d9-ddb5-4fa4-a97d-d965ccfc6d4b" outcome="Passed" testListId="8c84fa94-04c1-424b-9868-57a2d4851a1d" relativeResultsDirectory="fcd0555e-059e-4be4-a405-4029730b320c" />
    <UnitTestResult executionId="c57f02c4-0a79-40ef-a304-1864d4c681d1" testId="4410ae7f-43aa-eb44-1b4e-81bba6a15a39" testName="TestRemoveElementAndChildElementsWithTwoHotzonesToSameMap" computerName="DKSR-EFI-06" duration="00:00:00.0188297" startTime="2024-01-09T15:43:24.1385037+01:00" endTime="2024-01-09T15:43:24.1541279+01:00" testType="13cdc9d9-ddb5-4fa4-a97d-d965ccfc6d4b" outcome="Passed" testListId="8c84fa94-04c1-424b-9868-57a2d4851a1d" relativeResultsDirectory="c57f02c4-0a79-40ef-a304-1864d4c681d1" />
    <UnitTestResult executionId="0c3a8336-7200-4342-8d57-c0e953927486" testId="03fc8d35-4471-954f-a728-4400525b30ef" testName="TestInsertElementsWhereOneIdIsAllreadyUsedButDeleted" computerName="DKSR-EFI-06" duration="00:00:00.0049673" startTime="2024-01-09T15:43:22.8885009+01:00" endTime="2024-01-09T15:43:22.9041258+01:00" testType="13cdc9d9-ddb5-4fa4-a97d-d965ccfc6d4b" outcome="Passed" testListId="8c84fa94-04c1-424b-9868-57a2d4851a1d" relativeResultsDirectory="0c3a8336-7200-4342-8d57-c0e953927486" />
    <UnitTestResult executionId="4684d75f-0554-45cf-8214-9491d6abe05b" testId="1273889c-a586-73a8-3ad1-6b005ef36f19" testName="TestGetPlugInItemsThrowingUnhandledException" computerName="DKSR-EFI-06" duration="00:00:00.0027751" startTime="2024-01-09T15:43:18.3259957+01:00" endTime="2024-01-09T15:43:18.3259957+01:00" testType="13cdc9d9-ddb5-4fa4-a97d-d965ccfc6d4b" outcome="Passed" testListId="8c84fa94-04c1-424b-9868-57a2d4851a1d" relativeResultsDirectory="4684d75f-0554-45cf-8214-9491d6abe05b" />
    <UnitTestResult executionId="0359d135-ba4b-4b0a-9be0-5a26d7acee20" testId="eba23772-4d9d-10e4-1b6a-5ca9604d5785" testName="TestGetAllObjectsOfTypeWithInvalidUser" computerName="DKSR-EFI-06" duration="00:00:00.0025993" startTime="2024-01-09T15:43:17.9509952+01:00" endTime="2024-01-09T15:43:17.9509952+01:00" testType="13cdc9d9-ddb5-4fa4-a97d-d965ccfc6d4b" outcome="Passed" testListId="8c84fa94-04c1-424b-9868-57a2d4851a1d" relativeResultsDirectory="0359d135-ba4b-4b0a-9be0-5a26d7acee20" />
    <UnitTestResult executionId="5b704131-dd3f-4351-94aa-6f7b0c1b0fad" testId="3bd334de-d427-8484-65ca-b08a8977c8cd" testName="DefaultRetention_ShouldBeOneDay_ByDefault" computerName="DKSR-EFI-06" duration="00:00:00.0173886" startTime="2024-01-09T15:43:28.4666285+01:00" endTime="2024-01-09T15:43:28.4823031+01:00" testType="13cdc9d9-ddb5-4fa4-a97d-d965ccfc6d4b" outcome="Passed" testListId="8c84fa94-04c1-424b-9868-57a2d4851a1d" relativeResultsDirectory="5b704131-dd3f-4351-94aa-6f7b0c1b0fad" />
    <UnitTestResult executionId="68a43b54-af33-458d-b90c-1a7ab5c45a8f" testId="8eb6fb87-99ba-1360-e0aa-c090c9e0ad00" testName="TestGetXmlWithNullData" computerName="DKSR-EFI-06" duration="00:00:00.0015764" startTime="2024-01-09T15:43:22.1228742+01:00" endTime="2024-01-09T15:43:22.1384985+01:00" testType="13cdc9d9-ddb5-4fa4-a97d-d965ccfc6d4b" outcome="Passed" testListId="8c84fa94-04c1-424b-9868-57a2d4851a1d" relativeResultsDirectory="68a43b54-af33-458d-b90c-1a7ab5c45a8f" />
    <UnitTestResult executionId="fb9fe43e-ede5-487f-afe4-7cb3d26fc96f" testId="d10b06d8-0895-1428-c17e-78808c336ae2" testName="EventIdListTest_EventSource_External" computerName="DKSR-EFI-06" duration="00:00:00.0136499" startTime="2024-01-09T15:43:28.0603778+01:00" endTime="2024-01-09T15:43:28.0760048+01:00" testType="13cdc9d9-ddb5-4fa4-a97d-d965ccfc6d4b" outcome="Passed" testListId="8c84fa94-04c1-424b-9868-57a2d4851a1d" relativeResultsDirectory="fb9fe43e-ede5-487f-afe4-7cb3d26fc96f" />
    <UnitTestResult executionId="99d5afe4-08a2-4231-9bc4-562d04f43bea" testId="0c1a4d57-c120-e603-2b30-3cb5477df224" testName="TestDefaultConstructor" computerName="DKSR-EFI-06" duration="00:00:00.0003542" startTime="2024-01-09T15:43:12.6697345+01:00" endTime="2024-01-09T15:43:12.6697345+01:00" testType="13cdc9d9-ddb5-4fa4-a97d-d965ccfc6d4b" outcome="Passed" testListId="8c84fa94-04c1-424b-9868-57a2d4851a1d" relativeResultsDirectory="99d5afe4-08a2-4231-9bc4-562d04f43bea" />
    <UnitTestResult executionId="df49a216-22ec-42cc-8ae5-442dd3da7f37" testId="c9faf224-a0ec-ef88-2f10-44b1fbb47a0c" testName="TestGetPlugInsWithEmptyList" computerName="DKSR-EFI-06" duration="00:00:00.0143849" startTime="2024-01-09T15:43:19.7166225+01:00" endTime="2024-01-09T15:43:19.7322484+01:00" testType="13cdc9d9-ddb5-4fa4-a97d-d965ccfc6d4b" outcome="Passed" testListId="8c84fa94-04c1-424b-9868-57a2d4851a1d" relativeResultsDirectory="df49a216-22ec-42cc-8ae5-442dd3da7f37" />
    <UnitTestResult executionId="6aed8403-29f2-4fb1-b45d-fb410fce7e69" testId="a19eee94-e1b1-61eb-a25b-0ec29c47edb0" testName="TestCacheCleanupSingleSessionSingleUserIdNoTouchMultipleCleanups" computerName="DKSR-EFI-06" duration="00:00:00.0017560" startTime="2024-01-09T15:43:27.0291276+01:00" endTime="2024-01-09T15:43:27.0291276+01:00" testType="13cdc9d9-ddb5-4fa4-a97d-d965ccfc6d4b" outcome="Passed" testListId="8c84fa94-04c1-424b-9868-57a2d4851a1d" relativeResultsDirectory="6aed8403-29f2-4fb1-b45d-fb410fce7e69" />
    <UnitTestResult executionId="73fcd6d7-48f1-4cb2-950e-3a48526560e7" testId="57b55e6e-9069-bda1-354a-d72ede57b55a" testName="TestInsertElementWithTwoRelationWithSameId" computerName="DKSR-EFI-06" duration="00:00:00.0155027" startTime="2024-01-09T15:43:22.4355362+01:00" endTime="2024-01-09T15:43:22.4509982+01:00" testType="13cdc9d9-ddb5-4fa4-a97d-d965ccfc6d4b" outcome="Passed" testListId="8c84fa94-04c1-424b-9868-57a2d4851a1d" relativeResultsDirectory="73fcd6d7-48f1-4cb2-950e-3a48526560e7" />
    <UnitTestResult executionId="0c19c2f4-6880-4ca3-9e0f-f65f82f62c8f" testId="d7eb0fa5-c2e2-65a1-f9f7-5df125636e05" testName="TestDefaultConstructor" computerName="DKSR-EFI-06" duration="00:00:00.0230009" startTime="2024-01-09T15:43:08.8728497+01:00" endTime="2024-01-09T15:43:08.9040971+01:00" testType="13cdc9d9-ddb5-4fa4-a97d-d965ccfc6d4b" outcome="Passed" testListId="8c84fa94-04c1-424b-9868-57a2d4851a1d" relativeResultsDirectory="0c19c2f4-6880-4ca3-9e0f-f65f82f62c8f" />
    <UnitTestResult executionId="ac4e4f0f-62ed-4fcb-8497-b8a94e44ec75" testId="a96676a6-3e98-b905-8bd8-781a670d781b" testName="StartStopTest" computerName="DKSR-EFI-06" duration="00:00:00.1690745" startTime="2024-01-09T15:43:27.6072525+01:00" endTime="2024-01-09T15:43:27.7635042+01:00" testType="13cdc9d9-ddb5-4fa4-a97d-d965ccfc6d4b" outcome="Passed" testListId="8c84fa94-04c1-424b-9868-57a2d4851a1d" relativeResultsDirectory="ac4e4f0f-62ed-4fcb-8497-b8a94e44ec75" />
    <UnitTestResult executionId="141a7ef0-14c1-496b-86e8-c60019dfb84f" testId="c700525e-3442-c96d-4b95-bb78207a074f" testName="TestOneACSystemPLDisabled" computerName="DKSR-EFI-06" duration="00:00:00.0014363" startTime="2024-01-09T15:43:27.1228766+01:00" endTime="2024-01-09T15:43:27.1228766+01:00" testType="13cdc9d9-ddb5-4fa4-a97d-d965ccfc6d4b" outcome="Passed" testListId="8c84fa94-04c1-424b-9868-57a2d4851a1d" relativeResultsDirectory="141a7ef0-14c1-496b-86e8-c60019dfb84f" />
    <UnitTestResult executionId="cdd52fe0-4bee-4d4a-830a-ccb13f116f4c" testId="42517c84-6dea-ecc2-b8c2-5627cd2ab0be" testName="Handle_ShouldReturnStateNewValue_WhenValuesIncludeStateIntIsStateNew" computerName="DKSR-EFI-06" duration="00:00:00.0010560" startTime="2024-01-09T15:43:30.4978768+01:00" endTime="2024-01-09T15:43:30.5135418+01:00" testType="13cdc9d9-ddb5-4fa4-a97d-d965ccfc6d4b" outcome="Passed" testListId="8c84fa94-04c1-424b-9868-57a2d4851a1d" relativeResultsDirectory="cdd52fe0-4bee-4d4a-830a-ccb13f116f4c" />
    <UnitTestResult executionId="a7405723-9934-4538-bc2a-bffe8ff9fbc3" testId="500b72e0-4f4f-486d-00d8-847aa132558b" testName="TestActivatePlugInActionThrowingUnhandledException" computerName="DKSR-EFI-06" duration="00:00:00.0033518" startTime="2024-01-09T15:43:18.3884946+01:00" endTime="2024-01-09T15:43:18.3884946+01:00" testType="13cdc9d9-ddb5-4fa4-a97d-d965ccfc6d4b" outcome="Passed" testListId="8c84fa94-04c1-424b-9868-57a2d4851a1d" relativeResultsDirectory="a7405723-9934-4538-bc2a-bffe8ff9fbc3" />
    <UnitTestResult executionId="296aae7a-62ef-4bb1-8800-827d95ecf7bd" testId="2b41abb9-682a-bffc-6ee0-3a53e366e2eb" testName="TestItemAddedWithWrongType" computerName="DKSR-EFI-06" duration="00:00:00.0037838" startTime="2024-01-09T15:43:20.4197492+01:00" endTime="2024-01-09T15:43:20.4197492+01:00" testType="13cdc9d9-ddb5-4fa4-a97d-d965ccfc6d4b" outcome="Passed" testListId="8c84fa94-04c1-424b-9868-57a2d4851a1d" relativeResultsDirectory="296aae7a-62ef-4bb1-8800-827d95ecf7bd" />
    <UnitTestResult executionId="4e3fc560-8e30-401b-b201-f2a9deb66bb4" testId="2fdca0ec-03ca-b79a-f880-b6fee07749a2" testName="CreateInstanceReturnsNullWhenDuplicatedInputEvent" computerName="DKSR-EFI-06" duration="00:00:00.0006255" startTime="2024-01-09T15:43:28.4353789+01:00" endTime="2024-01-09T15:43:28.4353789+01:00" testType="13cdc9d9-ddb5-4fa4-a97d-d965ccfc6d4b" outcome="Passed" testListId="8c84fa94-04c1-424b-9868-57a2d4851a1d" relativeResultsDirectory="4e3fc560-8e30-401b-b201-f2a9deb66bb4" />
    <UnitTestResult executionId="ac4bd3bd-064e-421d-b13f-bf2c3c3483aa" testId="3ce60d24-6b9e-ad13-e847-b9237bca7759" testName="TestGetAllObjectsOfTypeThrowingUnhandledException" computerName="DKSR-EFI-06" duration="00:00:00.0031423" startTime="2024-01-09T15:43:17.9509952+01:00" endTime="2024-01-09T15:43:17.9509952+01:00" testType="13cdc9d9-ddb5-4fa4-a97d-d965ccfc6d4b" outcome="Passed" testListId="8c84fa94-04c1-424b-9868-57a2d4851a1d" relativeResultsDirectory="ac4bd3bd-064e-421d-b13f-bf2c3c3483aa" />
    <UnitTestResult executionId="d4567136-5ada-4a28-bce7-581c88b503da" testId="27cabf1d-308f-181d-d31e-b76ccd9ffbd5" testName="TestCreateObjectWithInvalidUser" computerName="DKSR-EFI-06" duration="00:00:00.0052393" startTime="2024-01-09T15:43:16.6072434+01:00" endTime="2024-01-09T15:43:16.6072434+01:00" testType="13cdc9d9-ddb5-4fa4-a97d-d965ccfc6d4b" outcome="Passed" testListId="8c84fa94-04c1-424b-9868-57a2d4851a1d" relativeResultsDirectory="d4567136-5ada-4a28-bce7-581c88b503da" />
    <UnitTestResult executionId="48b460c3-f269-4dbe-930d-f336b0556c36" testId="d081cb70-5069-1fa2-b65b-e11f6ed53103" testName="TestGetVisualElementChangesWithPositiveTimeout" computerName="DKSR-EFI-06" duration="00:00:00.1222116" startTime="2024-01-09T15:43:15.2947409+01:00" endTime="2024-01-09T15:43:15.4197423+01:00" testType="13cdc9d9-ddb5-4fa4-a97d-d965ccfc6d4b" outcome="Passed" testListId="8c84fa94-04c1-424b-9868-57a2d4851a1d" relativeResultsDirectory="48b460c3-f269-4dbe-930d-f336b0556c36" />
    <UnitTestResult executionId="5cbc87a8-0d52-438d-b180-7509e6aede0f" testId="ef3d2462-9805-0737-b936-672aaa3b5c41" testName="TestGetSetProperties" computerName="DKSR-EFI-06" duration="00:00:00.0013047" startTime="2024-01-09T15:43:25.4978773+01:00" endTime="2024-01-09T15:43:25.5135016+01:00" testType="13cdc9d9-ddb5-4fa4-a97d-d965ccfc6d4b" outcome="Passed" testListId="8c84fa94-04c1-424b-9868-57a2d4851a1d" relativeResultsDirectory="5cbc87a8-0d52-438d-b180-7509e6aede0f" />
    <UnitTestResult executionId="1bd99348-b69e-4bfa-bc37-ffce9e8bfd21" testId="a6a31fed-fb7d-f827-eb32-702bbf42a9e8" testName="TestConstructorWithAccessControlConfigHost" computerName="DKSR-EFI-06" duration="00:00:00.0006135" startTime="2024-01-09T15:43:27.5603778+01:00" endTime="2024-01-09T15:43:27.5603778+01:00" testType="13cdc9d9-ddb5-4fa4-a97d-d965ccfc6d4b" outcome="Passed" testListId="8c84fa94-04c1-424b-9868-57a2d4851a1d" relativeResultsDirectory="1bd99348-b69e-4bfa-bc37-ffce9e8bfd21" />
    <UnitTestResult executionId="21c1c22f-7fef-4b28-922f-10bbdd756915" testId="5c7bdf78-5cd8-45cf-f70d-8d215a9dcd99" testName="TestUpdateDisplayXMLWithValidParameters" computerName="DKSR-EFI-06" duration="00:00:00.0047249" startTime="2024-01-09T15:43:17.4041187+01:00" endTime="2024-01-09T15:43:17.4041187+01:00" testType="13cdc9d9-ddb5-4fa4-a97d-d965ccfc6d4b" outcome="Passed" testListId="8c84fa94-04c1-424b-9868-57a2d4851a1d" relativeResultsDirectory="21c1c22f-7fef-4b28-922f-10bbdd756915" />
    <UnitTestResult executionId="9d4c9837-e9c0-4586-ba35-7f5daeef3df6" testId="52477087-f303-ed10-2285-482352c7ad94" testName="TestGetVisualElementChangesWithNullId" computerName="DKSR-EFI-06" duration="00:00:00.0015693" startTime="2024-01-09T15:43:24.2010019+01:00" endTime="2024-01-09T15:43:24.2010019+01:00" testType="13cdc9d9-ddb5-4fa4-a97d-d965ccfc6d4b" outcome="Passed" testListId="8c84fa94-04c1-424b-9868-57a2d4851a1d" relativeResultsDirectory="9d4c9837-e9c0-4586-ba35-7f5daeef3df6" />
    <UnitTestResult executionId="fc098814-fef1-446a-99a2-a1d3a45c9a5a" testId="ffe889c3-2f44-ef0a-71ca-383fba540493" testName="TestOneACSystemPLDisabledOneACSystemPLEnabled" computerName="DKSR-EFI-06" duration="00:00:00.0018236" startTime="2024-01-09T15:43:27.1853765+01:00" endTime="2024-01-09T15:43:27.1853765+01:00" testType="13cdc9d9-ddb5-4fa4-a97d-d965ccfc6d4b" outcome="Passed" testListId="8c84fa94-04c1-424b-9868-57a2d4851a1d" relativeResultsDirectory="fc098814-fef1-446a-99a2-a1d3a45c9a5a" />
    <UnitTestResult executionId="7bc9be9b-56e6-4f7d-89dc-e55040408a95" testId="de221b3f-8faf-6d88-d504-dab94145d101" testName="TestGetStatusForAllObjectsOfTypeThrowingUnhandledException" computerName="DKSR-EFI-06" duration="00:00:00.0087492" startTime="2024-01-09T15:43:14.2947995+01:00" endTime="2024-01-09T15:43:14.3103645+01:00" testType="13cdc9d9-ddb5-4fa4-a97d-d965ccfc6d4b" outcome="Passed" testListId="8c84fa94-04c1-424b-9868-57a2d4851a1d" relativeResultsDirectory="7bc9be9b-56e6-4f7d-89dc-e55040408a95" />
    <UnitTestResult executionId="f723fee1-7edc-401a-8a35-df585c5d92d1" testId="a2def4fc-aec0-5dd3-bc1f-324c56a9521f" testName="TestActionCommandCredentialsExecuteActionNullParams" computerName="DKSR-EFI-06" duration="00:00:00.0460752" startTime="2024-01-09T15:43:26.2322509+01:00" endTime="2024-01-09T15:43:26.2791275+01:00" testType="13cdc9d9-ddb5-4fa4-a97d-d965ccfc6d4b" outcome="Passed" testListId="8c84fa94-04c1-424b-9868-57a2d4851a1d" relativeResultsDirectory="f723fee1-7edc-401a-8a35-df585c5d92d1" />
    <UnitTestResult executionId="436b0f1b-87c6-44c4-97a7-f7d3fb798785" testId="d8eaa450-d2bd-a831-8272-f5ba42f1fec8" testName="TestValidateWithIncorrectUserTypeBasicUser" computerName="DKSR-EFI-06" duration="00:00:00.0700327" startTime="2024-01-09T15:43:07.5603432+01:00" endTime="2024-01-09T15:43:07.6384706+01:00" testType="13cdc9d9-ddb5-4fa4-a97d-d965ccfc6d4b" outcome="Passed" testListId="8c84fa94-04c1-424b-9868-57a2d4851a1d" relativeResultsDirectory="436b0f1b-87c6-44c4-97a7-f7d3fb798785" />
    <UnitTestResult executionId="d2df6dc8-90a7-42e9-b52d-d6f44984c409" testId="6c9e3f23-3dc6-cbb1-dc19-2e22ab06529e" testName="TestGetAllElementsOfTypeWithTwoHotzonesPointingToSameSubMapOnForeignServer" computerName="DKSR-EFI-06" duration="00:00:00.0122587" startTime="2024-01-09T15:43:23.5447491+01:00" endTime="2024-01-09T15:43:23.5447491+01:00" testType="13cdc9d9-ddb5-4fa4-a97d-d965ccfc6d4b" outcome="Passed" testListId="8c84fa94-04c1-424b-9868-57a2d4851a1d" relativeResultsDirectory="d2df6dc8-90a7-42e9-b52d-d6f44984c409" />
    <UnitTestResult executionId="61473618-3924-407d-97dc-1becba7305d8" testId="4a671305-16eb-1a33-0901-7ab1c0bdf4b2" testName="GetSourcesTest" computerName="DKSR-EFI-06" duration="00:00:00.0402464" startTime="2024-01-09T15:43:27.8572546+01:00" endTime="2024-01-09T15:43:27.9041296+01:00" testType="13cdc9d9-ddb5-4fa4-a97d-d965ccfc6d4b" outcome="Passed" testListId="8c84fa94-04c1-424b-9868-57a2d4851a1d" relativeResultsDirectory="61473618-3924-407d-97dc-1becba7305d8" />
    <UnitTestResult executionId="95a18230-36a5-4609-b332-6252808291be" testId="b3ee9dac-379a-d43b-40bf-73709cb2d39a" testName="TestGetXmlWithProperData" computerName="DKSR-EFI-06" duration="00:00:00.0024083" startTime="2024-01-09T15:43:22.1384985+01:00" endTime="2024-01-09T15:43:22.1384985+01:00" testType="13cdc9d9-ddb5-4fa4-a97d-d965ccfc6d4b" outcome="Passed" testListId="8c84fa94-04c1-424b-9868-57a2d4851a1d" relativeResultsDirectory="95a18230-36a5-4609-b332-6252808291be" />
    <UnitTestResult executionId="4514395f-9722-4f3f-997a-32446d64af8d" testId="c279e56a-7f3b-6836-d500-b625e938ad25" testName="WhenAlarmSearchCriteriaWithNoValuesThenEmptyString" computerName="DKSR-EFI-06" duration="00:00:00.0002402" startTime="2024-01-09T15:43:26.3728775+01:00" endTime="2024-01-09T15:43:26.3728775+01:00" testType="13cdc9d9-ddb5-4fa4-a97d-d965ccfc6d4b" outcome="Passed" testListId="8c84fa94-04c1-424b-9868-57a2d4851a1d" relativeResultsDirectory="4514395f-9722-4f3f-997a-32446d64af8d" />
    <UnitTestResult executionId="7b19a6f1-6cbd-44b0-b0e7-57d649deeffd" testId="9d00da37-99e6-64e6-3a14-1bcc1c5fdd5b" testName="TestGetStatusThrowingUnhandledException" computerName="DKSR-EFI-06" duration="00:00:00.0764250" startTime="2024-01-09T15:43:14.2009903+01:00" endTime="2024-01-09T15:43:14.2791559+01:00" testType="13cdc9d9-ddb5-4fa4-a97d-d965ccfc6d4b" outcome="Passed" testListId="8c84fa94-04c1-424b-9868-57a2d4851a1d" relativeResultsDirectory="7b19a6f1-6cbd-44b0-b0e7-57d649deeffd" />
    <UnitTestResult executionId="a6a09955-1b4f-40f4-a190-f4d83feea8e3" testId="26a34bf0-9be6-d865-071a-28334a9bd104" testName="TestSaveConfigurationWithMultipleElements" computerName="DKSR-EFI-06" duration="00:00:00.0042252" startTime="2024-01-09T15:43:20.8103740+01:00" endTime="2024-01-09T15:43:20.8259977+01:00" testType="13cdc9d9-ddb5-4fa4-a97d-d965ccfc6d4b" outcome="Passed" testListId="8c84fa94-04c1-424b-9868-57a2d4851a1d" relativeResultsDirectory="a6a09955-1b4f-40f4-a190-f4d83feea8e3" />
    <UnitTestResult executionId="83a2213d-a5a1-4d8e-8f05-189bc45973c5" testId="2a55247b-2cad-1fbf-576f-ee8cf6fab5af" testName="TestConstructor" computerName="DKSR-EFI-06" duration="00:00:00.0002261" startTime="2024-01-09T15:43:20.5291229+01:00" endTime="2024-01-09T15:43:20.5291229+01:00" testType="13cdc9d9-ddb5-4fa4-a97d-d965ccfc6d4b" outcome="Passed" testListId="8c84fa94-04c1-424b-9868-57a2d4851a1d" relativeResultsDirectory="83a2213d-a5a1-4d8e-8f05-189bc45973c5" />
    <UnitTestResult executionId="4b8b3b20-d67c-4f73-86f1-62ae645688f0" testId="60ae2c82-754e-d1b2-c791-7f892d05deb5" testName="TestUpdateObjectsNotAuthenticated" computerName="DKSR-EFI-06" duration="00:00:00.0016084" startTime="2024-01-09T15:43:17.3572443+01:00" endTime="2024-01-09T15:43:17.3572443+01:00" testType="13cdc9d9-ddb5-4fa4-a97d-d965ccfc6d4b" outcome="Passed" testListId="8c84fa94-04c1-424b-9868-57a2d4851a1d" relativeResultsDirectory="4b8b3b20-d67c-4f73-86f1-62ae645688f0" />
    <UnitTestResult executionId="1bf2fb1e-fe6f-4f2e-8b35-a83fe9101380" testId="04c25643-376b-7a28-b586-b53145f3b62e" testName="AddSoundTest" computerName="DKSR-EFI-06" duration="00:00:00.0015665" startTime="2024-01-09T15:43:20.5759982+01:00" endTime="2024-01-09T15:43:20.5759982+01:00" testType="13cdc9d9-ddb5-4fa4-a97d-d965ccfc6d4b" outcome="Passed" testListId="8c84fa94-04c1-424b-9868-57a2d4851a1d" relativeResultsDirectory="1bf2fb1e-fe6f-4f2e-8b35-a83fe9101380" />
    <UnitTestResult executionId="2c5fa3b8-bcca-48a9-bb22-fc5ef0bbd2df" testId="96d6153e-28d6-e21a-fb27-2616be6d7107" testName="TestGetVisualElementChangesWithNewerDeletedTimestampButIgnoreCleanup" computerName="DKSR-EFI-06" duration="00:00:00.0144647" startTime="2024-01-09T15:43:24.2478780+01:00" endTime="2024-01-09T15:43:24.2635015+01:00" testType="13cdc9d9-ddb5-4fa4-a97d-d965ccfc6d4b" outcome="Passed" testListId="8c84fa94-04c1-424b-9868-57a2d4851a1d" relativeResultsDirectory="2c5fa3b8-bcca-48a9-bb22-fc5ef0bbd2df" />
    <UnitTestResult executionId="5a3fbcaa-a4b5-47aa-b5d1-c71827fd2668" testId="6c960dd3-ffc7-b8ad-26f9-de3a226327d2" testName="TestUpdateAlarmWithAssignedTo" computerName="DKSR-EFI-06" duration="00:00:00.0124454" startTime="2024-01-09T15:43:19.0447485+01:00" endTime="2024-01-09T15:43:19.0603728+01:00" testType="13cdc9d9-ddb5-4fa4-a97d-d965ccfc6d4b" outcome="Passed" testListId="8c84fa94-04c1-424b-9868-57a2d4851a1d" relativeResultsDirectory="5a3fbcaa-a4b5-47aa-b5d1-c71827fd2668" />
    <UnitTestResult executionId="47cd0dd0-5d3d-4413-afd0-9bceb94e7c6d" testId="1ed2ed82-9584-aaae-b2e1-8e1cc7abef56" testName="GetEventTypesTest" computerName="DKSR-EFI-06" duration="00:00:00.0578225" startTime="2024-01-09T15:43:27.7791279+01:00" endTime="2024-01-09T15:43:27.8260045+01:00" testType="13cdc9d9-ddb5-4fa4-a97d-d965ccfc6d4b" outcome="Passed" testListId="8c84fa94-04c1-424b-9868-57a2d4851a1d" relativeResultsDirectory="47cd0dd0-5d3d-4413-afd0-9bceb94e7c6d" />
    <UnitTestResult executionId="950d9a7c-0507-4e01-9e43-e5c00baac7ec" testId="a6a02ab7-42ed-4631-7ecb-7e2cdab16bb2" testName="TestIconWithNullIcon" computerName="DKSR-EFI-06" duration="00:00:00.0009501" startTime="2024-01-09T15:43:19.3728716+01:00" endTime="2024-01-09T15:43:19.3728716+01:00" testType="13cdc9d9-ddb5-4fa4-a97d-d965ccfc6d4b" outcome="Passed" testListId="8c84fa94-04c1-424b-9868-57a2d4851a1d" relativeResultsDirectory="950d9a7c-0507-4e01-9e43-e5c00baac7ec" />
    <UnitTestResult executionId="64008e6e-c9f4-4e4c-b870-9b8e13e72229" testId="56749be8-1610-c2e6-0951-c97ece9f35f3" testName="TestOneACSystemPLDisabledOneACSystemPLUnsupportedButEnabled" computerName="DKSR-EFI-06" duration="00:00:00.0018386" startTime="2024-01-09T15:43:27.1853765+01:00" endTime="2024-01-09T15:43:27.1853765+01:00" testType="13cdc9d9-ddb5-4fa4-a97d-d965ccfc6d4b" outcome="Passed" testListId="8c84fa94-04c1-424b-9868-57a2d4851a1d" relativeResultsDirectory="64008e6e-c9f4-4e4c-b870-9b8e13e72229" />
    <UnitTestResult executionId="4ae43143-3bd7-47ed-9bac-b84534082b68" testId="8ac56230-1974-cdfe-6a70-2981d4993d59" testName="TestLoadXMLWithNoValue" computerName="DKSR-EFI-06" duration="00:00:00.0010147" startTime="2024-01-09T15:43:24.3416264+01:00" endTime="2024-01-09T15:43:24.3416264+01:00" testType="13cdc9d9-ddb5-4fa4-a97d-d965ccfc6d4b" outcome="Passed" testListId="8c84fa94-04c1-424b-9868-57a2d4851a1d" relativeResultsDirectory="4ae43143-3bd7-47ed-9bac-b84534082b68" />
    <UnitTestResult executionId="0664217c-6d6e-4374-bf40-b66dd775f497" testId="742ab573-3688-e462-d303-02a1c484494d" testName="SubscribeEventReceiver_ReturnsTrue_WhenNotAlreadySubscribed" computerName="DKSR-EFI-06" duration="00:00:00.0150951" startTime="2024-01-09T15:43:27.9510046+01:00" endTime="2024-01-09T15:43:27.9667052+01:00" testType="13cdc9d9-ddb5-4fa4-a97d-d965ccfc6d4b" outcome="Passed" testListId="8c84fa94-04c1-424b-9868-57a2d4851a1d" relativeResultsDirectory="0664217c-6d6e-4374-bf40-b66dd775f497" />
    <UnitTestResult executionId="39392055-9bef-4fae-a0d4-5e40e8c0cc7f" testId="c1716f5e-0689-895f-3295-017dc3e9ada5" testName="TestGetVisualizationThrowingUnhandledException" computerName="DKSR-EFI-06" duration="00:00:00.0035990" startTime="2024-01-09T15:43:15.7634923+01:00" endTime="2024-01-09T15:43:15.7634923+01:00" testType="13cdc9d9-ddb5-4fa4-a97d-d965ccfc6d4b" outcome="Passed" testListId="8c84fa94-04c1-424b-9868-57a2d4851a1d" relativeResultsDirectory="39392055-9bef-4fae-a0d4-5e40e8c0cc7f" />
    <UnitTestResult executionId="b0b4967d-4e65-45bd-8f7d-c3d105db5028" testId="85031ff5-98e8-19d0-56e2-c823ef4db0bd" testName="GetObjectsWithinGPSArea_FilteringAllDifferentServerRelations" computerName="DKSR-EFI-06" duration="00:00:00.0055043" startTime="2024-01-09T15:43:17.9978731+01:00" endTime="2024-01-09T15:43:17.9978731+01:00" testType="13cdc9d9-ddb5-4fa4-a97d-d965ccfc6d4b" outcome="Passed" testListId="8c84fa94-04c1-424b-9868-57a2d4851a1d" relativeResultsDirectory="b0b4967d-4e65-45bd-8f7d-c3d105db5028" />
    <UnitTestResult executionId="1f06948a-90eb-4d14-97c7-aaa48e2e4b3c" testId="c0cecc77-98be-30da-2092-70881af7cc87" testName="UpdateObject_WithValidParameters" computerName="DKSR-EFI-06" duration="00:00:00.0047400" startTime="2024-01-09T15:43:17.8103700+01:00" endTime="2024-01-09T15:43:17.8259967+01:00" testType="13cdc9d9-ddb5-4fa4-a97d-d965ccfc6d4b" outcome="Passed" testListId="8c84fa94-04c1-424b-9868-57a2d4851a1d" relativeResultsDirectory="1f06948a-90eb-4d14-97c7-aaa48e2e4b3c" />
    <UnitTestResult executionId="b5d98143-9dfd-4099-9b42-8aa1527bc9c0" testId="aa8996b1-a7b7-7e28-df68-26caba5ea254" testName="TestGetVisualizationChangesWithNegativeTimeout" computerName="DKSR-EFI-06" duration="00:00:00.0012594" startTime="2024-01-09T15:43:15.0447402+01:00" endTime="2024-01-09T15:43:15.0447402+01:00" testType="13cdc9d9-ddb5-4fa4-a97d-d965ccfc6d4b" outcome="Passed" testListId="8c84fa94-04c1-424b-9868-57a2d4851a1d" relativeResultsDirectory="b5d98143-9dfd-4099-9b42-8aa1527bc9c0" />
    <UnitTestResult executionId="f034391c-be03-4d6b-bf80-961f0fb1f11b" testId="fcbb9d42-bae7-3348-457f-44d640ba34db" testName="TestCopyObject" computerName="DKSR-EFI-06" duration="00:00:00.0134989" startTime="2024-01-09T15:43:19.5603704+01:00" endTime="2024-01-09T15:43:19.5759968+01:00" testType="13cdc9d9-ddb5-4fa4-a97d-d965ccfc6d4b" outcome="Passed" testListId="8c84fa94-04c1-424b-9868-57a2d4851a1d" relativeResultsDirectory="f034391c-be03-4d6b-bf80-961f0fb1f11b" />
    <UnitTestResult executionId="70e525be-7a08-47eb-897b-3ab23c7aa19f" testId="1920d83d-5950-9568-4233-11ab75bed826" testName="TestActivatePlugInActionThrowingUnhandledException" computerName="DKSR-EFI-06" duration="00:00:00.0031908" startTime="2024-01-09T15:43:17.2791186+01:00" endTime="2024-01-09T15:43:17.2791186+01:00" testType="13cdc9d9-ddb5-4fa4-a97d-d965ccfc6d4b" outcome="Passed" testListId="8c84fa94-04c1-424b-9868-57a2d4851a1d" relativeResultsDirectory="70e525be-7a08-47eb-897b-3ab23c7aa19f" />
    <UnitTestResult executionId="47d96745-ca4a-40b3-9552-31f09116f4af" testId="4c84501d-a184-f925-56ca-5fda70b2fc61" testName="TestGetVisualizationChangesWithInvalidUser" computerName="DKSR-EFI-06" duration="00:00:00.0031489" startTime="2024-01-09T15:43:15.2634905+01:00" endTime="2024-01-09T15:43:15.2634905+01:00" testType="13cdc9d9-ddb5-4fa4-a97d-d965ccfc6d4b" outcome="Passed" testListId="8c84fa94-04c1-424b-9868-57a2d4851a1d" relativeResultsDirectory="47d96745-ca4a-40b3-9552-31f09116f4af" />
    <UnitTestResult executionId="618e3d59-9b44-4608-92f0-9969f8796dff" testId="aeed8064-29d5-e705-3bb9-042e1ea88f69" testName="TestGetStatusDetailsWithElementButInsufficientRights" computerName="DKSR-EFI-06" duration="00:00:00.0044392" startTime="2024-01-09T15:43:22.0916232+01:00" endTime="2024-01-09T15:43:22.0916232+01:00" testType="13cdc9d9-ddb5-4fa4-a97d-d965ccfc6d4b" outcome="Passed" testListId="8c84fa94-04c1-424b-9868-57a2d4851a1d" relativeResultsDirectory="618e3d59-9b44-4608-92f0-9969f8796dff" />
    <UnitTestResult executionId="d6ef7951-4216-49e1-84e2-4ae771ac4668" testId="575da95f-2230-1828-6b68-055396a6ceb9" testName="TestUpdateBoundsWithInvalidUser" computerName="DKSR-EFI-06" duration="00:00:00.0027487" startTime="2024-01-09T15:43:18.2634963+01:00" endTime="2024-01-09T15:43:18.2634963+01:00" testType="13cdc9d9-ddb5-4fa4-a97d-d965ccfc6d4b" outcome="Passed" testListId="8c84fa94-04c1-424b-9868-57a2d4851a1d" relativeResultsDirectory="d6ef7951-4216-49e1-84e2-4ae771ac4668" />
    <UnitTestResult executionId="81eae540-530a-415a-86cc-9780b0be419d" testId="d8f8eb56-2b15-eb7e-8712-bb04521f6286" testName="TestGet" computerName="DKSR-EFI-06" duration="00:00:00.0049647" startTime="2024-01-09T15:43:18.7478723+01:00" endTime="2024-01-09T15:43:18.7478723+01:00" testType="13cdc9d9-ddb5-4fa4-a97d-d965ccfc6d4b" outcome="Passed" testListId="8c84fa94-04c1-424b-9868-57a2d4851a1d" relativeResultsDirectory="81eae540-530a-415a-86cc-9780b0be419d" />
    <UnitTestResult executionId="4831f0f8-f6cb-4c48-a822-1fb961fd97e5" testId="8a7e2926-6682-8f43-3bdc-6c7efd7a8faf" testName="TestGetPlugInItemChangesWithNegativeTimeout" computerName="DKSR-EFI-06" duration="00:00:00.0010955" startTime="2024-01-09T15:43:17.6384946+01:00" endTime="2024-01-09T15:43:17.6541190+01:00" testType="13cdc9d9-ddb5-4fa4-a97d-d965ccfc6d4b" outcome="Passed" testListId="8c84fa94-04c1-424b-9868-57a2d4851a1d" relativeResultsDirectory="4831f0f8-f6cb-4c48-a822-1fb961fd97e5" />
    <UnitTestResult executionId="0fba18aa-3046-4d26-a6ed-41404795f8d5" testId="b1dc1888-2cdd-b99c-c9f4-1b7b7f67758a" testName="WhenAlarmSearchCriteriaWithCorrectDataThenCorrectString" computerName="DKSR-EFI-06" duration="00:00:00.0025275" startTime="2024-01-09T15:43:26.3416267+01:00" endTime="2024-01-09T15:43:26.3572522+01:00" testType="13cdc9d9-ddb5-4fa4-a97d-d965ccfc6d4b" outcome="Passed" testListId="8c84fa94-04c1-424b-9868-57a2d4851a1d" relativeResultsDirectory="0fba18aa-3046-4d26-a6ed-41404795f8d5" />
    <UnitTestResult executionId="84ee6bab-7223-4ae6-8292-469ae381eb65" testId="3f6d692b-dc5e-6e22-6b52-dafab2736350" testName="TestUpdateDisplayXMLThrowingUnhandledException" computerName="DKSR-EFI-06" duration="00:00:00.0029140" startTime="2024-01-09T15:43:18.2791226+01:00" endTime="2024-01-09T15:43:18.2947467+01:00" testType="13cdc9d9-ddb5-4fa4-a97d-d965ccfc6d4b" outcome="Passed" testListId="8c84fa94-04c1-424b-9868-57a2d4851a1d" relativeResultsDirectory="84ee6bab-7223-4ae6-8292-469ae381eb65" />
    <UnitTestResult executionId="3b7b32ac-67b6-4b13-84b0-3c89097361e2" testId="95dc2360-262f-0a68-74cf-07361d11ffb3" testName="Decrypt_ShouldRaiseArgumentNullException_WhenEncryptedValueIsNull" computerName="DKSR-EFI-06" duration="00:00:00.0013357" startTime="2024-01-09T15:43:27.3728791+01:00" endTime="2024-01-09T15:43:27.3728791+01:00" testType="13cdc9d9-ddb5-4fa4-a97d-d965ccfc6d4b" outcome="Passed" testListId="8c84fa94-04c1-424b-9868-57a2d4851a1d" relativeResultsDirectory="3b7b32ac-67b6-4b13-84b0-3c89097361e2" />
    <UnitTestResult executionId="7d6ff040-475b-46da-83ff-6f5be9ce2882" testId="3ad98607-26cc-6655-dc29-e5f3eed86a78" testName="TestGetAllObjectIDsOnVisualElementThrowingUnhandledException" computerName="DKSR-EFI-06" duration="00:00:00.0031169" startTime="2024-01-09T15:43:16.8416182+01:00" endTime="2024-01-09T15:43:16.8416182+01:00" testType="13cdc9d9-ddb5-4fa4-a97d-d965ccfc6d4b" outcome="Passed" testListId="8c84fa94-04c1-424b-9868-57a2d4851a1d" relativeResultsDirectory="7d6ff040-475b-46da-83ff-6f5be9ce2882" />
    <UnitTestResult executionId="e3187765-debe-4acf-ac79-a32eb0add862" testId="f17fb508-5add-884a-e759-f0cbc77bb104" testName="TestCreateObjectWithInvalidUser" computerName="DKSR-EFI-06" duration="00:00:00.0029583" startTime="2024-01-09T15:43:17.7634944+01:00" endTime="2024-01-09T15:43:17.7634944+01:00" testType="13cdc9d9-ddb5-4fa4-a97d-d965ccfc6d4b" outcome="Passed" testListId="8c84fa94-04c1-424b-9868-57a2d4851a1d" relativeResultsDirectory="e3187765-debe-4acf-ac79-a32eb0add862" />
    <UnitTestResult executionId="d5b2ce4f-f6ed-4a58-a080-d6dea8453561" testId="694f9361-5199-cee3-97fa-4b7874384fa3" testName="TestConstructor" computerName="DKSR-EFI-06" duration="00:00:00.0304851" startTime="2024-01-09T15:43:14.0916138+01:00" endTime="2024-01-09T15:43:14.1228655+01:00" testType="13cdc9d9-ddb5-4fa4-a97d-d965ccfc6d4b" outcome="Passed" testListId="8c84fa94-04c1-424b-9868-57a2d4851a1d" relativeResultsDirectory="d5b2ce4f-f6ed-4a58-a080-d6dea8453561" />
    <UnitTestResult executionId="82f6e685-b8a4-4380-b214-67e6054514bc" testId="9846da53-217d-af4e-03e6-a85cce3a7464" testName="TestConstructor" computerName="DKSR-EFI-06" duration="00:00:00.0501961" startTime="2024-01-09T15:43:08.9040971+01:00" endTime="2024-01-09T15:43:08.9509769+01:00" testType="13cdc9d9-ddb5-4fa4-a97d-d965ccfc6d4b" outcome="Passed" testListId="8c84fa94-04c1-424b-9868-57a2d4851a1d" relativeResultsDirectory="82f6e685-b8a4-4380-b214-67e6054514bc" />
    <UnitTestResult executionId="16bbca4d-94f7-4bef-9435-b49302caa9e1" testId="acac15f2-8d07-b82f-4ea7-5882088d661e" testName="TestGetTypeWithKnownType" computerName="DKSR-EFI-06" duration="00:00:00.0026384" startTime="2024-01-09T15:43:19.3416236+01:00" endTime="2024-01-09T15:43:19.3416236+01:00" testType="13cdc9d9-ddb5-4fa4-a97d-d965ccfc6d4b" outcome="Passed" testListId="8c84fa94-04c1-424b-9868-57a2d4851a1d" relativeResultsDirectory="16bbca4d-94f7-4bef-9435-b49302caa9e1" />
    <UnitTestResult executionId="a0f70892-01ff-4469-82f5-f52be298e27f" testId="40a81d98-a499-52ae-1497-235c31f6f116" testName="TestGetIconWithUnknownIcon" computerName="DKSR-EFI-06" duration="00:00:00.0001954" startTime="2024-01-09T15:43:20.4666221+01:00" endTime="2024-01-09T15:43:20.4666221+01:00" testType="13cdc9d9-ddb5-4fa4-a97d-d965ccfc6d4b" outcome="Passed" testListId="8c84fa94-04c1-424b-9868-57a2d4851a1d" relativeResultsDirectory="a0f70892-01ff-4469-82f5-f52be298e27f" />
    <UnitTestResult executionId="5c2c885f-26c1-4626-b024-513642bdc194" testId="e2e11837-721b-4b90-bc2d-5546133bb97c" testName="TestGetVisualElementChangesThrowingUnhandledException" computerName="DKSR-EFI-06" duration="00:00:00.0032159" startTime="2024-01-09T15:43:17.0759945+01:00" endTime="2024-01-09T15:43:17.0759945+01:00" testType="13cdc9d9-ddb5-4fa4-a97d-d965ccfc6d4b" outcome="Passed" testListId="8c84fa94-04c1-424b-9868-57a2d4851a1d" relativeResultsDirectory="5c2c885f-26c1-4626-b024-513642bdc194" />
    <UnitTestResult executionId="f4d73199-da5f-48c1-81c5-422e9f13aa76" testId="0280bac4-7b8f-eea6-72bf-5e92818119e6" testName="TestUpdateObjectsWithInvalidUser" computerName="DKSR-EFI-06" duration="00:00:00.0025146" startTime="2024-01-09T15:43:17.8728695+01:00" endTime="2024-01-09T15:43:17.8728695+01:00" testType="13cdc9d9-ddb5-4fa4-a97d-d965ccfc6d4b" outcome="Passed" testListId="8c84fa94-04c1-424b-9868-57a2d4851a1d" relativeResultsDirectory="f4d73199-da5f-48c1-81c5-422e9f13aa76" />
    <UnitTestResult executionId="b65b9512-81b2-40fd-952e-70b85df0de86" testId="4727b088-cd7e-6c13-545b-5272921d2e81" testName="TestLifecycle" computerName="DKSR-EFI-06" duration="00:00:00.0394721" startTime="2024-01-09T15:43:31.2791304+01:00" endTime="2024-01-09T15:43:31.3260046+01:00" testType="13cdc9d9-ddb5-4fa4-a97d-d965ccfc6d4b" outcome="Passed" testListId="8c84fa94-04c1-424b-9868-57a2d4851a1d" relativeResultsDirectory="b65b9512-81b2-40fd-952e-70b85df0de86" />
    <UnitTestResult executionId="d2c99b6f-3d73-4e8a-a9f9-b8f759d527f7" testId="ab5b73ee-a4d0-4ed6-4429-a1387a15ec36" testName="TestGetPlugInItemChangesWithNegativeTimeout" computerName="DKSR-EFI-06" duration="00:00:00.0038301" startTime="2024-01-09T15:43:17.2166171+01:00" endTime="2024-01-09T15:43:17.2166171+01:00" testType="13cdc9d9-ddb5-4fa4-a97d-d965ccfc6d4b" outcome="Passed" testListId="8c84fa94-04c1-424b-9868-57a2d4851a1d" relativeResultsDirectory="d2c99b6f-3d73-4e8a-a9f9-b8f759d527f7" />
    <UnitTestResult executionId="3829a11d-cfbe-414d-8557-3813595b18a3" testId="90647aa5-5f9b-30ce-5932-8d76fe8468b7" testName="TestDeleteObjectsWithInvalidUser" computerName="DKSR-EFI-06" duration="00:00:00.0024381" startTime="2024-01-09T15:43:16.8728684+01:00" endTime="2024-01-09T15:43:16.8728684+01:00" testType="13cdc9d9-ddb5-4fa4-a97d-d965ccfc6d4b" outcome="Passed" testListId="8c84fa94-04c1-424b-9868-57a2d4851a1d" relativeResultsDirectory="3829a11d-cfbe-414d-8557-3813595b18a3" />
    <UnitTestResult executionId="6e7d5533-85d3-4980-87b7-e86e02167e14" testId="96614fe9-4e7b-8f5d-57fe-1fbd10350bae" testName="TestRemoveServiceInfo" computerName="DKSR-EFI-06" duration="00:00:00.0011761" startTime="2024-01-09T15:43:25.7478787+01:00" endTime="2024-01-09T15:43:25.7478787+01:00" testType="13cdc9d9-ddb5-4fa4-a97d-d965ccfc6d4b" outcome="Passed" testListId="8c84fa94-04c1-424b-9868-57a2d4851a1d" relativeResultsDirectory="6e7d5533-85d3-4980-87b7-e86e02167e14" />
    <UnitTestResult executionId="1e874ecc-2ccd-40b1-913b-33c3b60dfdf5" testId="98f23530-6359-050a-5fdf-f1b9599f467e" testName="TestGetAllElementsOfTypeExcludeRootOnSingleTree" computerName="DKSR-EFI-06" duration="00:00:00.0092893" startTime="2024-01-09T15:43:23.5135009+01:00" endTime="2024-01-09T15:43:23.5135009+01:00" testType="13cdc9d9-ddb5-4fa4-a97d-d965ccfc6d4b" outcome="Passed" testListId="8c84fa94-04c1-424b-9868-57a2d4851a1d" relativeResultsDirectory="1e874ecc-2ccd-40b1-913b-33c3b60dfdf5" />
    <UnitTestResult executionId="f136bf41-3a59-430a-becf-51fa80ff1001" testId="d508f85a-0f78-86a6-397d-d7afc532ed7f" testName="TestConstructor" computerName="DKSR-EFI-06" duration="00:00:00.0019147" startTime="2024-01-09T15:43:25.5447519+01:00" endTime="2024-01-09T15:43:25.5447519+01:00" testType="13cdc9d9-ddb5-4fa4-a97d-d965ccfc6d4b" outcome="Passed" testListId="8c84fa94-04c1-424b-9868-57a2d4851a1d" relativeResultsDirectory="f136bf41-3a59-430a-becf-51fa80ff1001" />
    <UnitTestResult executionId="9f411b4a-495e-492f-b0aa-573ab039d152" testId="73052815-243b-f729-0b25-8e22cfe5eb21" testName="AllEventRetentions_ShouldContainAllGroupsAndDefault_ThatWerePreviouslySet" computerName="DKSR-EFI-06" duration="00:00:00.0082150" startTime="2024-01-09T15:43:28.5603785+01:00" endTime="2024-01-09T15:43:28.5603785+01:00" testType="13cdc9d9-ddb5-4fa4-a97d-d965ccfc6d4b" outcome="Passed" testListId="8c84fa94-04c1-424b-9868-57a2d4851a1d" relativeResultsDirectory="9f411b4a-495e-492f-b0aa-573ab039d152" />
    <UnitTestResult executionId="01b83b7a-066a-4846-9569-280b2e930f6f" testId="0d07bc10-acea-4edd-972d-21155302c1bb" testName="TestRuleSystemCommandPipeConfigurationChangeGet" computerName="DKSR-EFI-06" duration="00:00:00.0008715" startTime="2024-01-09T15:43:25.8885008+01:00" endTime="2024-01-09T15:43:25.8885008+01:00" testType="13cdc9d9-ddb5-4fa4-a97d-d965ccfc6d4b" outcome="Passed" testListId="8c84fa94-04c1-424b-9868-57a2d4851a1d" relativeResultsDirectory="01b83b7a-066a-4846-9569-280b2e930f6f" />
    <UnitTestResult executionId="9b2643e3-aee4-4ed2-88b2-ce7f5c6dfbd3" testId="2d8314f9-b762-640e-1727-efd841637061" testName="TestUserIDTypeConvertFromConstant" computerName="DKSR-EFI-06" duration="00:00:00.0038056" startTime="2024-01-09T15:43:20.5447484+01:00" endTime="2024-01-09T15:43:20.5447484+01:00" testType="13cdc9d9-ddb5-4fa4-a97d-d965ccfc6d4b" outcome="Passed" testListId="8c84fa94-04c1-424b-9868-57a2d4851a1d" relativeResultsDirectory="9b2643e3-aee4-4ed2-88b2-ce7f5c6dfbd3" />
    <UnitTestResult executionId="b258a3d1-4fdd-4894-a55a-7a55d5579229" testId="c71b0e85-85e9-47a8-4df9-beaf3c66d61a" testName="ReadIdentity_ShouldReturnNull_WhenUserWithGivenNameDoesNotExists" computerName="DKSR-EFI-06" duration="00:00:00.0066392" startTime="2024-01-09T15:43:14.0759870+01:00" endTime="2024-01-09T15:43:14.0759870+01:00" testType="13cdc9d9-ddb5-4fa4-a97d-d965ccfc6d4b" outcome="Passed" testListId="8c84fa94-04c1-424b-9868-57a2d4851a1d" relativeResultsDirectory="b258a3d1-4fdd-4894-a55a-7a55d5579229" />
    <UnitTestResult executionId="d3f488e9-b0ff-4bf2-9f3a-72e70ee4079a" testId="65775a17-b1b7-46d3-f43c-2bc7e29acf69" testName="TestGetVisualElementChangesWithInsufficientRights" computerName="DKSR-EFI-06" duration="00:00:00.0079154" startTime="2024-01-09T15:43:24.2635015+01:00" endTime="2024-01-09T15:43:24.2791253+01:00" testType="13cdc9d9-ddb5-4fa4-a97d-d965ccfc6d4b" outcome="Passed" testListId="8c84fa94-04c1-424b-9868-57a2d4851a1d" relativeResultsDirectory="d3f488e9-b0ff-4bf2-9f3a-72e70ee4079a" />
    <UnitTestResult executionId="1245a1da-499a-4944-9178-33564e3744cc" testId="778afe15-3438-7d2c-b20e-d28186da20a8" testName="TestConstructorWithNullPacketHandler" computerName="DKSR-EFI-06" duration="00:00:00.0036308" startTime="2024-01-09T15:43:27.5291278+01:00" endTime="2024-01-09T15:43:27.5447523+01:00" testType="13cdc9d9-ddb5-4fa4-a97d-d965ccfc6d4b" outcome="Passed" testListId="8c84fa94-04c1-424b-9868-57a2d4851a1d" relativeResultsDirectory="1245a1da-499a-4944-9178-33564e3744cc" />
    <UnitTestResult executionId="5276ed48-6082-4508-b03b-7a2b8c167de9" testId="77b5d4bc-b377-3b3d-cdba-71dd46765f92" testName="TestLoadXMLWithNoInnerText" computerName="DKSR-EFI-06" duration="00:00:00.0005469" startTime="2024-01-09T15:43:25.1385021+01:00" endTime="2024-01-09T15:43:25.1385021+01:00" testType="13cdc9d9-ddb5-4fa4-a97d-d965ccfc6d4b" outcome="Passed" testListId="8c84fa94-04c1-424b-9868-57a2d4851a1d" relativeResultsDirectory="5276ed48-6082-4508-b03b-7a2b8c167de9" />
    <UnitTestResult executionId="3f8bcac2-2001-4dcf-ad67-49bd92518e65" testId="72eaa5e2-14eb-fca3-ca77-51bd104d5653" testName="TestGetAlarmMessages" computerName="DKSR-EFI-06" duration="00:00:00.0042608" startTime="2024-01-09T15:43:19.1541224+01:00" endTime="2024-01-09T15:43:19.1698121+01:00" testType="13cdc9d9-ddb5-4fa4-a97d-d965ccfc6d4b" outcome="Passed" testListId="8c84fa94-04c1-424b-9868-57a2d4851a1d" relativeResultsDirectory="3f8bcac2-2001-4dcf-ad67-49bd92518e65" />
    <UnitTestResult executionId="0b9db755-7b67-4ddd-800a-fae86b403aea" testId="8f3e35ff-63ef-1a88-09e9-b0cb0f94c131" testName="TestRemoveUserAfterUserAdded" computerName="DKSR-EFI-06" duration="00:00:00.0103479" startTime="2024-01-09T15:43:27.5135033+01:00" endTime="2024-01-09T15:43:27.5135033+01:00" testType="13cdc9d9-ddb5-4fa4-a97d-d965ccfc6d4b" outcome="Passed" testListId="8c84fa94-04c1-424b-9868-57a2d4851a1d" relativeResultsDirectory="0b9db755-7b67-4ddd-800a-fae86b403aea" />
    <UnitTestResult executionId="1d2b38d0-4f80-463f-a1c6-474277c60286" testId="eff6b531-5aa8-3e1d-5b95-85cb31c10312" testName="TestLoadConfigurationWithMultipleVisualElements" computerName="DKSR-EFI-06" duration="00:00:00.0166007" startTime="2024-01-09T15:43:20.7478728+01:00" endTime="2024-01-09T15:43:20.7634999+01:00" testType="13cdc9d9-ddb5-4fa4-a97d-d965ccfc6d4b" outcome="Passed" testListId="8c84fa94-04c1-424b-9868-57a2d4851a1d" relativeResultsDirectory="1d2b38d0-4f80-463f-a1c6-474277c60286" />
    <UnitTestResult executionId="fdfcef5d-c471-404c-b05e-8b7d4ae8e432" testId="c094ea59-7ebf-de56-c011-d420ffa08fd4" testName="TestAttachSnapshotException" computerName="DKSR-EFI-06" duration="00:00:00.0034294" startTime="2024-01-09T15:43:18.8884966+01:00" endTime="2024-01-09T15:43:18.8884966+01:00" testType="13cdc9d9-ddb5-4fa4-a97d-d965ccfc6d4b" outcome="Passed" testListId="8c84fa94-04c1-424b-9868-57a2d4851a1d" relativeResultsDirectory="fdfcef5d-c471-404c-b05e-8b7d4ae8e432" />
    <UnitTestResult executionId="bf7a43dc-5944-40d8-aed6-4cff379f32d8" testId="bbed0de9-19bc-ba49-ea76-993a5f8a0766" testName="TestGetVisualElementChangesWithNewerDeletedTimestamp" computerName="DKSR-EFI-06" duration="00:00:00.0026362" startTime="2024-01-09T15:43:24.2478780+01:00" endTime="2024-01-09T15:43:24.2478780+01:00" testType="13cdc9d9-ddb5-4fa4-a97d-d965ccfc6d4b" outcome="Passed" testListId="8c84fa94-04c1-424b-9868-57a2d4851a1d" relativeResultsDirectory="bf7a43dc-5944-40d8-aed6-4cff379f32d8" />
    <UnitTestResult executionId="b21a7f07-b70a-4c95-958f-e531995f654b" testId="268ed45b-8b47-9643-7567-8e7ecb14ae8a" testName="TestAddChild" computerName="DKSR-EFI-06" duration="00:00:00.0015893" startTime="2024-01-09T15:43:25.1072503+01:00" endTime="2024-01-09T15:43:25.1072503+01:00" testType="13cdc9d9-ddb5-4fa4-a97d-d965ccfc6d4b" outcome="Passed" testListId="8c84fa94-04c1-424b-9868-57a2d4851a1d" relativeResultsDirectory="b21a7f07-b70a-4c95-958f-e531995f654b" />
    <UnitTestResult executionId="f15af612-c065-4412-9ffd-e5d163de8df6" testId="d687512c-3316-26f6-6876-16b79ea538f4" testName="TestDeleteObjectsThrowingUnhandledException" computerName="DKSR-EFI-06" duration="00:00:00.0027226" startTime="2024-01-09T15:43:18.0916276+01:00" endTime="2024-01-09T15:43:18.1072458+01:00" testType="13cdc9d9-ddb5-4fa4-a97d-d965ccfc6d4b" outcome="Passed" testListId="8c84fa94-04c1-424b-9868-57a2d4851a1d" relativeResultsDirectory="f15af612-c065-4412-9ffd-e5d163de8df6" />
    <UnitTestResult executionId="cf83186b-ab7a-4c35-afd5-43f3f388e761" testId="39c30b41-7533-0217-9e2f-38f551adf1cf" testName="TestInsertElements" computerName="DKSR-EFI-06" duration="00:00:00.0085523" startTime="2024-01-09T15:43:22.9197514+01:00" endTime="2024-01-09T15:43:22.9197514+01:00" testType="13cdc9d9-ddb5-4fa4-a97d-d965ccfc6d4b" outcome="Passed" testListId="8c84fa94-04c1-424b-9868-57a2d4851a1d" relativeResultsDirectory="cf83186b-ab7a-4c35-afd5-43f3f388e761" />
    <UnitTestResult executionId="3741e9b9-68f9-444a-b879-61da598792b3" testId="29dacb0e-cd52-5215-c609-685fea82ec57" testName="TestUpdateDisplayNotAuthenticated" computerName="DKSR-EFI-06" duration="00:00:00.0015925" startTime="2024-01-09T15:43:17.4197444+01:00" endTime="2024-01-09T15:43:17.4197444+01:00" testType="13cdc9d9-ddb5-4fa4-a97d-d965ccfc6d4b" outcome="Passed" testListId="8c84fa94-04c1-424b-9868-57a2d4851a1d" relativeResultsDirectory="3741e9b9-68f9-444a-b879-61da598792b3" />
    <UnitTestResult executionId="fcb3d71c-2c81-42dc-a494-aafa9711bf34" testId="4fb72ccd-2bb5-ad9a-c6fb-27993d836d19" testName="TestConstructor" computerName="DKSR-EFI-06" duration="00:00:00.0278100" startTime="2024-01-09T15:43:15.0603658+01:00" endTime="2024-01-09T15:43:15.0916154+01:00" testType="13cdc9d9-ddb5-4fa4-a97d-d965ccfc6d4b" outcome="Passed" testListId="8c84fa94-04c1-424b-9868-57a2d4851a1d" relativeResultsDirectory="fcb3d71c-2c81-42dc-a494-aafa9711bf34" />
    <UnitTestResult executionId="febbdfbc-ce11-41a6-8ae8-87a61e19fa09" testId="3d5f43c0-9395-c386-9c63-2dfdffc8ca2e" testName="WhenAlarmSearchCriteriaWithWrongFieldNamesThenException" computerName="DKSR-EFI-06" duration="00:00:00.0015252" startTime="2024-01-09T15:43:26.3572522+01:00" endTime="2024-01-09T15:43:26.3572522+01:00" testType="13cdc9d9-ddb5-4fa4-a97d-d965ccfc6d4b" outcome="Passed" testListId="8c84fa94-04c1-424b-9868-57a2d4851a1d" relativeResultsDirectory="febbdfbc-ce11-41a6-8ae8-87a61e19fa09" />
    <UnitTestResult executionId="ddfa6528-8942-41a8-b92f-342c7fc97bba" testId="d2786c03-a5df-3be9-c79c-b2954f993da4" testName="TestRemoveElementInCylicTreeAndFindCorrecRoot" computerName="DKSR-EFI-06" duration="00:00:00.0153176" startTime="2024-01-09T15:43:23.8103777+01:00" endTime="2024-01-09T15:43:23.8260010+01:00" testType="13cdc9d9-ddb5-4fa4-a97d-d965ccfc6d4b" outcome="Passed" testListId="8c84fa94-04c1-424b-9868-57a2d4851a1d" relativeResultsDirectory="ddfa6528-8942-41a8-b92f-342c7fc97bba" />
    <UnitTestResult executionId="32e384bb-610a-4431-bec4-08caead6dfae" testId="c6108561-14c9-a60f-5d54-bf03bd18fb13" testName="TestTypeIDs" computerName="DKSR-EFI-06" duration="00:00:00.0026931" startTime="2024-01-09T15:43:19.3259988+01:00" endTime="2024-01-09T15:43:19.3416236+01:00" testType="13cdc9d9-ddb5-4fa4-a97d-d965ccfc6d4b" outcome="Passed" testListId="8c84fa94-04c1-424b-9868-57a2d4851a1d" relativeResultsDirectory="32e384bb-610a-4431-bec4-08caead6dfae" />
    <UnitTestResult executionId="33c54b25-8bb2-4407-aba3-fb233527133d" testId="2c31726a-4faa-5736-d168-0f50b1e86978" testName="TestGetObjectNotAuthenticated" computerName="DKSR-EFI-06" duration="00:00:00.0014833" startTime="2024-01-09T15:43:17.4353695+01:00" endTime="2024-01-09T15:43:17.4353695+01:00" testType="13cdc9d9-ddb5-4fa4-a97d-d965ccfc6d4b" outcome="Passed" testListId="8c84fa94-04c1-424b-9868-57a2d4851a1d" relativeResultsDirectory="33c54b25-8bb2-4407-aba3-fb233527133d" />
    <UnitTestResult executionId="98c8f816-8821-4c90-8307-d1be6e964c4d" testId="05f743d1-937a-7d43-9e19-5edaf4c25bb7" testName="TestRemoveElementAndChildElementsWithEmptyId" computerName="DKSR-EFI-06" duration="00:00:00.0012964" startTime="2024-01-09T15:43:23.9353770+01:00" endTime="2024-01-09T15:43:23.9353770+01:00" testType="13cdc9d9-ddb5-4fa4-a97d-d965ccfc6d4b" outcome="Passed" testListId="8c84fa94-04c1-424b-9868-57a2d4851a1d" relativeResultsDirectory="98c8f816-8821-4c90-8307-d1be6e964c4d" />
    <UnitTestResult executionId="cc4db0bc-10d9-403d-93c9-ea445ecc41b2" testId="3c594cc6-ca20-109c-0a05-3b26faf3408d" testName="TestAcknowledgeInvalidToken" computerName="DKSR-EFI-06" duration="00:00:00.0036804" startTime="2024-01-09T15:43:18.8884966+01:00" endTime="2024-01-09T15:43:18.8884966+01:00" testType="13cdc9d9-ddb5-4fa4-a97d-d965ccfc6d4b" outcome="Passed" testListId="8c84fa94-04c1-424b-9868-57a2d4851a1d" relativeResultsDirectory="cc4db0bc-10d9-403d-93c9-ea445ecc41b2" />
    <UnitTestResult executionId="29529ed3-0f6b-4df3-9923-126ab870c9a3" testId="cb2aa95c-8beb-d0c2-1741-b4fe4c31b24a" testName="EventConverter_ConvertEventStatusToBaseItem_EventStatus_Null" computerName="DKSR-EFI-06" duration="00:00:00.0026328" startTime="2024-01-09T15:43:26.4353764+01:00" endTime="2024-01-09T15:43:26.4353764+01:00" testType="13cdc9d9-ddb5-4fa4-a97d-d965ccfc6d4b" outcome="Passed" testListId="8c84fa94-04c1-424b-9868-57a2d4851a1d" relativeResultsDirectory="29529ed3-0f6b-4df3-9923-126ab870c9a3" />
    <UnitTestResult executionId="e9f48ea2-e15c-42e5-a444-b521e13a89ac" testId="bd149988-e15e-1a6b-1d23-1105951e6d27" testName="TestActionCommandCredentialsExecuteActionInvalidUser" computerName="DKSR-EFI-06" duration="00:00:00.0015579" startTime="2024-01-09T15:43:26.3103786+01:00" endTime="2024-01-09T15:43:26.3103786+01:00" testType="13cdc9d9-ddb5-4fa4-a97d-d965ccfc6d4b" outcome="Passed" testListId="8c84fa94-04c1-424b-9868-57a2d4851a1d" relativeResultsDirectory="e9f48ea2-e15c-42e5-a444-b521e13a89ac" />
    <UnitTestResult executionId="269ed27d-1f10-49cd-8fcc-03b106c1bbe4" testId="bf44b2b4-8310-5a30-3472-845b81c14e93" testName="TestDeleteObjectsWithValidParameters" computerName="DKSR-EFI-06" duration="00:00:00.0038794" startTime="2024-01-09T15:43:17.5291187+01:00" endTime="2024-01-09T15:43:17.5447438+01:00" testType="13cdc9d9-ddb5-4fa4-a97d-d965ccfc6d4b" outcome="Passed" testListId="8c84fa94-04c1-424b-9868-57a2d4851a1d" relativeResultsDirectory="269ed27d-1f10-49cd-8fcc-03b106c1bbe4" />
    <UnitTestResult executionId="df163905-a6c8-4f0f-a6ae-043c91086296" testId="b7b49a90-b7f2-58dd-a5f8-1f8a56ff100a" testName="TestObjectTypesGuid" computerName="DKSR-EFI-06" duration="00:00:00.0005753" startTime="2024-01-09T15:43:25.1697510+01:00" endTime="2024-01-09T15:43:25.1697510+01:00" testType="13cdc9d9-ddb5-4fa4-a97d-d965ccfc6d4b" outcome="Passed" testListId="8c84fa94-04c1-424b-9868-57a2d4851a1d" relativeResultsDirectory="df163905-a6c8-4f0f-a6ae-043c91086296" />
    <UnitTestResult executionId="c797e8e5-8686-4628-81c7-d53a20f0d205" testId="41ea29e9-e58b-d255-001e-9f1b744018a3" testName="TestLoadConfigurationWithValidIdOwnerIdAndRelationId" computerName="DKSR-EFI-06" duration="00:00:00.0068581" startTime="2024-01-09T15:43:20.7322485+01:00" endTime="2024-01-09T15:43:20.7478728+01:00" testType="13cdc9d9-ddb5-4fa4-a97d-d965ccfc6d4b" outcome="Passed" testListId="8c84fa94-04c1-424b-9868-57a2d4851a1d" relativeResultsDirectory="c797e8e5-8686-4628-81c7-d53a20f0d205" />
    <UnitTestResult executionId="f9b9295d-cf4d-45b6-ad3a-cea260734e6c" testId="1d7b4bc5-a1ca-c2fd-17bb-f050e55a81e6" testName="TestGetAllObjectIDsOnVisualElementWithInvalidUser" computerName="DKSR-EFI-06" duration="00:00:00.0024128" startTime="2024-01-09T15:43:16.8259941+01:00" endTime="2024-01-09T15:43:16.8259941+01:00" testType="13cdc9d9-ddb5-4fa4-a97d-d965ccfc6d4b" outcome="Passed" testListId="8c84fa94-04c1-424b-9868-57a2d4851a1d" relativeResultsDirectory="f9b9295d-cf4d-45b6-ad3a-cea260734e6c" />
    <UnitTestResult executionId="7c353f69-8b28-4601-8e51-e79711f6cca4" testId="e6aec06f-1b34-715c-7067-e3512266e985" testName="TestGetXML" computerName="DKSR-EFI-06" duration="00:00:00.0127458" startTime="2024-01-09T15:43:25.3572508+01:00" endTime="2024-01-09T15:43:25.3728785+01:00" testType="13cdc9d9-ddb5-4fa4-a97d-d965ccfc6d4b" outcome="Passed" testListId="8c84fa94-04c1-424b-9868-57a2d4851a1d" relativeResultsDirectory="7c353f69-8b28-4601-8e51-e79711f6cca4" />
    <UnitTestResult executionId="e7057420-489f-4853-9b4d-406f491130b3" testId="656d23cf-ad47-3b41-6227-124bedd60d2c" testName="TestClearCache" computerName="DKSR-EFI-06" duration="00:00:00.0133499" startTime="2024-01-09T15:43:13.8728624+01:00" endTime="2024-01-09T15:43:13.8884875+01:00" testType="13cdc9d9-ddb5-4fa4-a97d-d965ccfc6d4b" outcome="Passed" testListId="8c84fa94-04c1-424b-9868-57a2d4851a1d" relativeResultsDirectory="e7057420-489f-4853-9b4d-406f491130b3" />
    <UnitTestResult executionId="13aefebe-9341-444c-80f2-44190d41c2d1" testId="2a33e1cb-1ff1-082c-7d5a-6bfd3c89dce8" testName="TestGetTypeWithUnknownType" computerName="DKSR-EFI-06" duration="00:00:00.0001797" startTime="2024-01-09T15:43:19.3416236+01:00" endTime="2024-01-09T15:43:19.3416236+01:00" testType="13cdc9d9-ddb5-4fa4-a97d-d965ccfc6d4b" outcome="Passed" testListId="8c84fa94-04c1-424b-9868-57a2d4851a1d" relativeResultsDirectory="13aefebe-9341-444c-80f2-44190d41c2d1" />
    <UnitTestResult executionId="b5bae3a1-5590-4344-bb52-09c7cdc7684e" testId="6f269c0c-f8af-9aab-1e33-51ad0ab30096" testName="TestUpdateObjectWithServerIDInID" computerName="DKSR-EFI-06" duration="00:00:00.0019358" startTime="2024-01-09T15:43:17.8259967+01:00" endTime="2024-01-09T15:43:17.8259967+01:00" testType="13cdc9d9-ddb5-4fa4-a97d-d965ccfc6d4b" outcome="Passed" testListId="8c84fa94-04c1-424b-9868-57a2d4851a1d" relativeResultsDirectory="b5bae3a1-5590-4344-bb52-09c7cdc7684e" />
    <UnitTestResult executionId="d725c77c-ba57-4bf0-aca9-27bdec7b6c40" testId="36eb6c0d-6170-066f-c8ea-5526b110efc3" testName="TestStartStopCleanUpThread" computerName="DKSR-EFI-06" duration="00:00:00.0074101" startTime="2024-01-09T15:43:22.3416232+01:00" endTime="2024-01-09T15:43:22.3572494+01:00" testType="13cdc9d9-ddb5-4fa4-a97d-d965ccfc6d4b" outcome="Passed" testListId="8c84fa94-04c1-424b-9868-57a2d4851a1d" relativeResultsDirectory="d725c77c-ba57-4bf0-aca9-27bdec7b6c40" />
    <UnitTestResult executionId="5e11b744-c4e4-4408-8b7e-0da96ccc6d46" testId="339967ea-4862-67f1-7ac1-d6c751900a46" testName="TestUpdateNameThrowingUnhandledException" computerName="DKSR-EFI-06" duration="00:00:00.0040346" startTime="2024-01-09T15:43:17.3728680+01:00" endTime="2024-01-09T15:43:17.3885417+01:00" testType="13cdc9d9-ddb5-4fa4-a97d-d965ccfc6d4b" outcome="Passed" testListId="8c84fa94-04c1-424b-9868-57a2d4851a1d" relativeResultsDirectory="5e11b744-c4e4-4408-8b7e-0da96ccc6d46" />
    <UnitTestResult executionId="f2406e6c-662f-429b-bc58-eeae259caf7a" testId="9c4ff579-8830-5232-3a16-ce25a63d0a5c" testName="TestRemoveElementAndChildElementsWithTwoRelations" computerName="DKSR-EFI-06" duration="00:00:00.0230784" startTime="2024-01-09T15:43:24.0291278+01:00" endTime="2024-01-09T15:43:24.0603768+01:00" testType="13cdc9d9-ddb5-4fa4-a97d-d965ccfc6d4b" outcome="Passed" testListId="8c84fa94-04c1-424b-9868-57a2d4851a1d" relativeResultsDirectory="f2406e6c-662f-429b-bc58-eeae259caf7a" />
    <UnitTestResult executionId="686157fb-09d4-4a0b-91e0-7deb2278f62f" testId="047deb11-1146-c672-a956-83af88e9f848" testName="TestGetObjectsWithinGPSAreaWithValidParameters" computerName="DKSR-EFI-06" duration="00:00:00.0038626" startTime="2024-01-09T15:43:17.4822454+01:00" endTime="2024-01-09T15:43:17.4822454+01:00" testType="13cdc9d9-ddb5-4fa4-a97d-d965ccfc6d4b" outcome="Passed" testListId="8c84fa94-04c1-424b-9868-57a2d4851a1d" relativeResultsDirectory="686157fb-09d4-4a0b-91e0-7deb2278f62f" />
    <UnitTestResult executionId="31549912-7ed6-463d-b628-033947e2dadd" testId="fe177b54-6a76-7409-52b8-05c4ba65e365" testName="TestGetPlugInItemsAccessControl" computerName="DKSR-EFI-06" duration="00:00:00.2092823" startTime="2024-01-09T15:43:19.8884972+01:00" endTime="2024-01-09T15:43:20.1072483+01:00" testType="13cdc9d9-ddb5-4fa4-a97d-d965ccfc6d4b" outcome="Passed" testListId="8c84fa94-04c1-424b-9868-57a2d4851a1d" relativeResultsDirectory="31549912-7ed6-463d-b628-033947e2dadd" />
    <UnitTestResult executionId="569a5541-f5f3-4872-99b4-a3e5f8ec65ad" testId="c77b71b2-995b-c5bf-2b47-cce0693c6383" testName="TestItemsWithItemIdsMixed" computerName="DKSR-EFI-06" duration="00:00:00.0031924" startTime="2024-01-09T15:43:20.5291229+01:00" endTime="2024-01-09T15:43:20.5291229+01:00" testType="13cdc9d9-ddb5-4fa4-a97d-d965ccfc6d4b" outcome="Passed" testListId="8c84fa94-04c1-424b-9868-57a2d4851a1d" relativeResultsDirectory="569a5541-f5f3-4872-99b4-a3e5f8ec65ad" />
    <UnitTestResult executionId="2d66e59a-7590-445e-940b-b56b2d7be8da" testId="2ca93f91-33b3-4ca8-96e1-8f20f289b9c2" testName="TestGetAlarmHistoryException" computerName="DKSR-EFI-06" duration="00:00:00.0033503" startTime="2024-01-09T15:43:19.1541224+01:00" endTime="2024-01-09T15:43:19.1541224+01:00" testType="13cdc9d9-ddb5-4fa4-a97d-d965ccfc6d4b" outcome="Passed" testListId="8c84fa94-04c1-424b-9868-57a2d4851a1d" relativeResultsDirectory="2d66e59a-7590-445e-940b-b56b2d7be8da" />
    <UnitTestResult executionId="e8d9f0f9-9331-447a-b0bd-bd8c07d8b3d7" testId="db6fcf61-1043-5a01-715f-bc3b67842046" testName="TestRemoveElementWithOldTimestampAndForce" computerName="DKSR-EFI-06" duration="00:00:00.0075226" startTime="2024-01-09T15:43:23.7010015+01:00" endTime="2024-01-09T15:43:23.7166252+01:00" testType="13cdc9d9-ddb5-4fa4-a97d-d965ccfc6d4b" outcome="Passed" testListId="8c84fa94-04c1-424b-9868-57a2d4851a1d" relativeResultsDirectory="e8d9f0f9-9331-447a-b0bd-bd8c07d8b3d7" />
    <UnitTestResult executionId="cbc0a538-5df9-499c-a02a-b54965054cd0" testId="42c7b6ec-6fd8-3a5b-5dad-a1ffcb7fbb57" testName="ModifySuppressStatusItem_AttemptsToModifyNonExistingItem" computerName="DKSR-EFI-06" duration="00:00:00.0108361" startTime="2024-01-09T15:43:12.3572780+01:00" endTime="2024-01-09T15:43:12.3728569+01:00" testType="13cdc9d9-ddb5-4fa4-a97d-d965ccfc6d4b" outcome="Passed" testListId="8c84fa94-04c1-424b-9868-57a2d4851a1d" relativeResultsDirectory="cbc0a538-5df9-499c-a02a-b54965054cd0" />
    <UnitTestResult executionId="67fa0aca-0e60-4627-b606-5f5f120cbad6" testId="15cfa11c-8ada-6afb-298e-3e04cfe3dabc" testName="TestGetVisualization" computerName="DKSR-EFI-06" duration="00:00:00.0025005" startTime="2024-01-09T15:43:15.7634923+01:00" endTime="2024-01-09T15:43:15.7791171+01:00" testType="13cdc9d9-ddb5-4fa4-a97d-d965ccfc6d4b" outcome="Passed" testListId="8c84fa94-04c1-424b-9868-57a2d4851a1d" relativeResultsDirectory="67fa0aca-0e60-4627-b606-5f5f120cbad6" />
    <UnitTestResult executionId="5c3e30c3-d181-4e3f-ae50-d6cc24080ea9" testId="bbfa7c3f-2997-8919-a5cd-1f95004e6f8b" testName="TestInsertElementsWithSameId" computerName="DKSR-EFI-06" duration="00:00:00.0041279" startTime="2024-01-09T15:43:22.9041258+01:00" endTime="2024-01-09T15:43:22.9041258+01:00" testType="13cdc9d9-ddb5-4fa4-a97d-d965ccfc6d4b" outcome="Passed" testListId="8c84fa94-04c1-424b-9868-57a2d4851a1d" relativeResultsDirectory="5c3e30c3-d181-4e3f-ae50-d6cc24080ea9" />
    <UnitTestResult executionId="eb6996ba-6a09-495c-905a-85bdf8ee5988" testId="a787ff48-be4f-289c-784c-b1310306f6ca" testName="TestUpdateState" computerName="DKSR-EFI-06" duration="00:00:00.0213906" startTime="2024-01-09T15:43:24.6697512+01:00" endTime="2024-01-09T15:43:24.7010029+01:00" testType="13cdc9d9-ddb5-4fa4-a97d-d965ccfc6d4b" outcome="Passed" testListId="8c84fa94-04c1-424b-9868-57a2d4851a1d" relativeResultsDirectory="eb6996ba-6a09-495c-905a-85bdf8ee5988" />
    <UnitTestResult executionId="67dc2e0b-1e04-484e-95f6-99fd376c0a5d" testId="e27bd1d2-650e-74fd-27b7-698f00abad61" testName="TestGetStatusWithAForeignRelationButFiltered" computerName="DKSR-EFI-06" duration="00:00:00.0068004" startTime="2024-01-09T15:43:21.4353738+01:00" endTime="2024-01-09T15:43:21.4353738+01:00" testType="13cdc9d9-ddb5-4fa4-a97d-d965ccfc6d4b" outcome="Passed" testListId="8c84fa94-04c1-424b-9868-57a2d4851a1d" relativeResultsDirectory="67dc2e0b-1e04-484e-95f6-99fd376c0a5d" />
    <UnitTestResult executionId="b62aa440-aa8f-46e8-be29-65cdb7c6135e" testId="0072b67a-0d5c-e249-e1c3-0734c91de716" testName="FetchCache_ShouldAddUserToTheCache_IfUserIsWindowsUser" computerName="DKSR-EFI-06" duration="00:00:00.0766456" startTime="2024-01-09T15:43:08.5290963+01:00" endTime="2024-01-09T15:43:08.6072257+01:00" testType="13cdc9d9-ddb5-4fa4-a97d-d965ccfc6d4b" outcome="Passed" testListId="8c84fa94-04c1-424b-9868-57a2d4851a1d" relativeResultsDirectory="b62aa440-aa8f-46e8-be29-65cdb7c6135e" />
    <UnitTestResult executionId="c9fab1f4-066c-4f41-8bbb-77f112c35d6a" testId="d3b83472-d279-5956-8eb1-a6a351343475" testName="TestGetVisualElementChangesWithNegativeTimeout" computerName="DKSR-EFI-06" duration="00:00:00.0041092" startTime="2024-01-09T15:43:17.0603675+01:00" endTime="2024-01-09T15:43:17.0759945+01:00" testType="13cdc9d9-ddb5-4fa4-a97d-d965ccfc6d4b" outcome="Passed" testListId="8c84fa94-04c1-424b-9868-57a2d4851a1d" relativeResultsDirectory="c9fab1f4-066c-4f41-8bbb-77f112c35d6a" />
    <UnitTestResult executionId="dbe48d58-ce17-4086-876a-e35ba371effc" testId="672e50ca-962b-dcfe-6802-6213b7d68a79" testName="TestSetVisualization" computerName="DKSR-EFI-06" duration="00:00:00.0075375" startTime="2024-01-09T15:43:14.3259887+01:00" endTime="2024-01-09T15:43:14.3416117+01:00" testType="13cdc9d9-ddb5-4fa4-a97d-d965ccfc6d4b" outcome="Passed" testListId="8c84fa94-04c1-424b-9868-57a2d4851a1d" relativeResultsDirectory="dbe48d58-ce17-4086-876a-e35ba371effc" />
    <UnitTestResult executionId="2769e326-56f9-489b-a43f-67feb8509937" testId="65dda2f7-0c63-1e1c-e70c-9c363c2c9b93" testName="TestRemoveElementsRemovingElementWithRelationsToIt" computerName="DKSR-EFI-06" duration="00:00:00.0175240" startTime="2024-01-09T15:43:23.8728764+01:00" endTime="2024-01-09T15:43:23.8885025+01:00" testType="13cdc9d9-ddb5-4fa4-a97d-d965ccfc6d4b" outcome="Passed" testListId="8c84fa94-04c1-424b-9868-57a2d4851a1d" relativeResultsDirectory="2769e326-56f9-489b-a43f-67feb8509937" />
    <UnitTestResult executionId="859b97a3-a156-4210-876e-d0f1d0b45a4b" testId="095c6d2b-df92-4f2a-cb3c-ba4350787eb1" testName="TestDescription" computerName="DKSR-EFI-06" duration="00:00:00.0015954" startTime="2024-01-09T15:43:20.3884995+01:00" endTime="2024-01-09T15:43:20.3884995+01:00" testType="13cdc9d9-ddb5-4fa4-a97d-d965ccfc6d4b" outcome="Passed" testListId="8c84fa94-04c1-424b-9868-57a2d4851a1d" relativeResultsDirectory="859b97a3-a156-4210-876e-d0f1d0b45a4b" />
    <UnitTestResult executionId="c2dfbd45-49b6-412a-b4ea-e98ca982af6d" testId="4dd5f838-e829-4027-c8a3-3812e45a9213" testName="TestGetVisualizationChangesWithNullData" computerName="DKSR-EFI-06" duration="00:00:00.5058005" startTime="2024-01-09T15:43:15.9509953+01:00" endTime="2024-01-09T15:43:16.4666170+01:00" testType="13cdc9d9-ddb5-4fa4-a97d-d965ccfc6d4b" outcome="Passed" testListId="8c84fa94-04c1-424b-9868-57a2d4851a1d" relativeResultsDirectory="c2dfbd45-49b6-412a-b4ea-e98ca982af6d" />
    <UnitTestResult executionId="d334ac1c-c2d5-4e5b-845a-76327494a620" testId="1bad829b-3605-2602-6a66-d68603322f0c" testName="TestUpdateObjectsWithValidParameters" computerName="DKSR-EFI-06" duration="00:00:00.0045950" startTime="2024-01-09T15:43:17.3416195+01:00" endTime="2024-01-09T15:43:17.3572443+01:00" testType="13cdc9d9-ddb5-4fa4-a97d-d965ccfc6d4b" outcome="Passed" testListId="8c84fa94-04c1-424b-9868-57a2d4851a1d" relativeResultsDirectory="d334ac1c-c2d5-4e5b-845a-76327494a620" />
    <UnitTestResult executionId="bbf4d514-b0f7-4407-8a45-83288d31b560" testId="f5f45b6b-f37b-9416-64de-dbe95a83e2b6" testName="Handle_ShouldFlattenStateValue_WhenValuesIncludeStateName" computerName="DKSR-EFI-06" duration="00:00:00.0042833" startTime="2024-01-09T15:43:30.4978768+01:00" endTime="2024-01-09T15:43:30.4978768+01:00" testType="13cdc9d9-ddb5-4fa4-a97d-d965ccfc6d4b" outcome="Passed" testListId="8c84fa94-04c1-424b-9868-57a2d4851a1d" relativeResultsDirectory="bbf4d514-b0f7-4407-8a45-83288d31b560" />
    <UnitTestResult executionId="4c4c7c67-54cc-4fd2-b85f-8af5e4e76bf3" testId="043bb7e8-5f77-8fba-11c2-dcb34548f3ad" testName="TestGetPlugInItemsOnlyMIPPlugins" computerName="DKSR-EFI-06" duration="00:00:00.0117094" startTime="2024-01-09T15:43:19.8572489+01:00" endTime="2024-01-09T15:43:19.8728735+01:00" testType="13cdc9d9-ddb5-4fa4-a97d-d965ccfc6d4b" outcome="Passed" testListId="8c84fa94-04c1-424b-9868-57a2d4851a1d" relativeResultsDirectory="4c4c7c67-54cc-4fd2-b85f-8af5e4e76bf3" />
    <UnitTestResult executionId="d5f48ba1-784e-472c-8d69-9a1493b07fcf" testId="db1cf4cf-9e8e-00a9-a41f-122fcf4b358a" testName="TestGetAllObjectsOnVisualElementThrowingUnhandledException" computerName="DKSR-EFI-06" duration="00:00:00.0028898" startTime="2024-01-09T15:43:16.7478692+01:00" endTime="2024-01-09T15:43:16.7478692+01:00" testType="13cdc9d9-ddb5-4fa4-a97d-d965ccfc6d4b" outcome="Passed" testListId="8c84fa94-04c1-424b-9868-57a2d4851a1d" relativeResultsDirectory="d5f48ba1-784e-472c-8d69-9a1493b07fcf" />
    <UnitTestResult executionId="4f126bb4-871c-4427-8e29-e0fc12a18c0e" testId="757080b6-4e33-d5c9-6ffc-a22559518e7a" testName="TryGetEventTypeRetention_ShouldReturnFalse_WhenEventTypeDoesntExist" computerName="DKSR-EFI-06" duration="00:00:00.0019932" startTime="2024-01-09T15:43:28.5447547+01:00" endTime="2024-01-09T15:43:28.5447547+01:00" testType="13cdc9d9-ddb5-4fa4-a97d-d965ccfc6d4b" outcome="Passed" testListId="8c84fa94-04c1-424b-9868-57a2d4851a1d" relativeResultsDirectory="4f126bb4-871c-4427-8e29-e0fc12a18c0e" />
    <UnitTestResult executionId="2e648e26-cc6f-4db7-b19b-15334ac175e9" testId="0a3db00b-0b97-dba4-4bb2-8340250078ae" testName="TestRemoveElementAndChildElementsRemovingMiddleMap" computerName="DKSR-EFI-06" duration="00:00:00.0161120" startTime="2024-01-09T15:43:24.1228788+01:00" endTime="2024-01-09T15:43:24.1385037+01:00" testType="13cdc9d9-ddb5-4fa4-a97d-d965ccfc6d4b" outcome="Passed" testListId="8c84fa94-04c1-424b-9868-57a2d4851a1d" relativeResultsDirectory="2e648e26-cc6f-4db7-b19b-15334ac175e9" />
    <UnitTestResult executionId="2c93edaa-ff38-4dab-9aac-3002ab6c20df" testId="e9178e1a-3c14-5564-d259-ac18470ccb1d" testName="TestUpdateElementsWithNonExistingVisualOwnerId" computerName="DKSR-EFI-06" duration="00:00:00.0042071" startTime="2024-01-09T15:43:23.1541246+01:00" endTime="2024-01-09T15:43:23.1541246+01:00" testType="13cdc9d9-ddb5-4fa4-a97d-d965ccfc6d4b" outcome="Passed" testListId="8c84fa94-04c1-424b-9868-57a2d4851a1d" relativeResultsDirectory="2c93edaa-ff38-4dab-9aac-3002ab6c20df" />
    <UnitTestResult executionId="18613c62-e842-4d86-b166-e6ea958c18f3" testId="0e60158c-36bc-8dc9-fd94-82efc858c9b8" testName="ShouldSave_ShouldBeFalse_ByDefault" computerName="DKSR-EFI-06" duration="00:00:00.0019190" startTime="2024-01-09T15:43:28.4978780+01:00" endTime="2024-01-09T15:43:28.5135051+01:00" testType="13cdc9d9-ddb5-4fa4-a97d-d965ccfc6d4b" outcome="Passed" testListId="8c84fa94-04c1-424b-9868-57a2d4851a1d" relativeResultsDirectory="18613c62-e842-4d86-b166-e6ea958c18f3" />
    <UnitTestResult executionId="0df3f2a3-20b1-4122-9f03-fe3b9bfb779e" testId="8743236c-eff5-e04a-11ff-194859e4447b" testName="TestOneACSystemPLUnsupportedButEnabled" computerName="DKSR-EFI-06" duration="00:00:00.0008765" startTime="2024-01-09T15:43:27.1228766+01:00" endTime="2024-01-09T15:43:27.1228766+01:00" testType="13cdc9d9-ddb5-4fa4-a97d-d965ccfc6d4b" outcome="Passed" testListId="8c84fa94-04c1-424b-9868-57a2d4851a1d" relativeResultsDirectory="0df3f2a3-20b1-4122-9f03-fe3b9bfb779e" />
    <UnitTestResult executionId="a719bd14-13ac-4a4a-b610-ce7155372481" testId="9325cffd-549c-0b33-40fc-5ed80534bfbd" testName="TestRemoveElementsSameCameraOnTwoMaps" computerName="DKSR-EFI-06" duration="00:00:00.0145254" startTime="2024-01-09T15:43:23.9197513+01:00" endTime="2024-01-09T15:43:23.9197513+01:00" testType="13cdc9d9-ddb5-4fa4-a97d-d965ccfc6d4b" outcome="Passed" testListId="8c84fa94-04c1-424b-9868-57a2d4851a1d" relativeResultsDirectory="a719bd14-13ac-4a4a-b610-ce7155372481" />
    <UnitTestResult executionId="c8fac740-2fbe-43a6-81d1-8a18d9b7db05" testId="5a8843a4-1b08-532d-9241-acaa715de5b3" testName="TestGetStatusForAllObjectsOfTypeWithMultipleTrees" computerName="DKSR-EFI-06" duration="00:00:00.0204629" startTime="2024-01-09T15:43:21.6697492+01:00" endTime="2024-01-09T15:43:21.6853733+01:00" testType="13cdc9d9-ddb5-4fa4-a97d-d965ccfc6d4b" outcome="Passed" testListId="8c84fa94-04c1-424b-9868-57a2d4851a1d" relativeResultsDirectory="c8fac740-2fbe-43a6-81d1-8a18d9b7db05" />
    <UnitTestResult executionId="815e73a8-0a05-4bf9-8143-45ee51fb603b" testId="12c88a43-5a11-3c42-0ae5-64f9f48e1bb6" testName="TestUpdateElementsWithRelationIdAllreadyInUse" computerName="DKSR-EFI-06" duration="00:00:00.0051251" startTime="2024-01-09T15:43:23.1697500+01:00" endTime="2024-01-09T15:43:23.1697500+01:00" testType="13cdc9d9-ddb5-4fa4-a97d-d965ccfc6d4b" outcome="Passed" testListId="8c84fa94-04c1-424b-9868-57a2d4851a1d" relativeResultsDirectory="815e73a8-0a05-4bf9-8143-45ee51fb603b" />
    <UnitTestResult executionId="a1431ac8-ece5-48de-a3ce-85d27fe45ea1" testId="040abd3d-af7d-66ad-a4bf-bba3d7f15b8e" testName="TestUpdateObjectThrowingUnhandledException" computerName="DKSR-EFI-06" duration="00:00:00.0041376" startTime="2024-01-09T15:43:17.3416195+01:00" endTime="2024-01-09T15:43:17.3416195+01:00" testType="13cdc9d9-ddb5-4fa4-a97d-d965ccfc6d4b" outcome="Passed" testListId="8c84fa94-04c1-424b-9868-57a2d4851a1d" relativeResultsDirectory="a1431ac8-ece5-48de-a3ce-85d27fe45ea1" />
    <UnitTestResult executionId="42ed0144-468c-4f72-ab7b-9de15256ed02" testId="b8edc3ef-b429-906b-f809-265185fb5189" testName="TestInsertElementsWithInvalidId" computerName="DKSR-EFI-06" duration="00:00:00.0258828" startTime="2024-01-09T15:43:22.8572513+01:00" endTime="2024-01-09T15:43:22.8885009+01:00" testType="13cdc9d9-ddb5-4fa4-a97d-d965ccfc6d4b" outcome="Passed" testListId="8c84fa94-04c1-424b-9868-57a2d4851a1d" relativeResultsDirectory="42ed0144-468c-4f72-ab7b-9de15256ed02" />
    <UnitTestResult executionId="cf03892a-4ded-48c8-a8e3-e2f713455827" testId="88d0aee6-a99d-fba2-74ff-00a248d9947a" testName="GetTypeChanged_WithZeroTimeout" computerName="DKSR-EFI-06" duration="00:00:00.0033665" startTime="2024-01-09T15:43:18.1697469+01:00" endTime="2024-01-09T15:43:18.1853714+01:00" testType="13cdc9d9-ddb5-4fa4-a97d-d965ccfc6d4b" outcome="Passed" testListId="8c84fa94-04c1-424b-9868-57a2d4851a1d" relativeResultsDirectory="cf03892a-4ded-48c8-a8e3-e2f713455827" />
    <UnitTestResult executionId="6e8ce1ae-3467-45fe-b7de-ed2068e6f49d" testId="3a366738-caac-39a7-7092-6c7ae2aa3817" testName="TestCopyConstructorWithInvalidVisualOwnerID" computerName="DKSR-EFI-06" duration="00:00:00.0009891" startTime="2024-01-09T15:43:25.1072503+01:00" endTime="2024-01-09T15:43:25.1072503+01:00" testType="13cdc9d9-ddb5-4fa4-a97d-d965ccfc6d4b" outcome="Passed" testListId="8c84fa94-04c1-424b-9868-57a2d4851a1d" relativeResultsDirectory="6e8ce1ae-3467-45fe-b7de-ed2068e6f49d" />
    <UnitTestResult executionId="ba997e94-d16b-463f-89f5-f66385966e02" testId="7604453c-7278-1d28-6624-d0650c0f7a8a" testName="GetStatus_ThrowsFaultException_WhenUserValidationFails" computerName="DKSR-EFI-06" duration="00:00:00.0047709" startTime="2024-01-09T15:43:16.5134933+01:00" endTime="2024-01-09T15:43:16.5291181+01:00" testType="13cdc9d9-ddb5-4fa4-a97d-d965ccfc6d4b" outcome="Passed" testListId="8c84fa94-04c1-424b-9868-57a2d4851a1d" relativeResultsDirectory="ba997e94-d16b-463f-89f5-f66385966e02" />
    <UnitTestResult executionId="6b436273-677f-4434-81bb-a94cd92b7988" testId="99db2c8d-df19-f1dc-856a-dcda513f742a" testName="GetEventGroupsTest" computerName="DKSR-EFI-06" duration="00:00:00.0021159" startTime="2024-01-09T15:43:30.5760037+01:00" endTime="2024-01-09T15:43:30.5760037+01:00" testType="13cdc9d9-ddb5-4fa4-a97d-d965ccfc6d4b" outcome="Passed" testListId="8c84fa94-04c1-424b-9868-57a2d4851a1d" relativeResultsDirectory="6b436273-677f-4434-81bb-a94cd92b7988" />
    <UnitTestResult executionId="025bcb8a-a4d8-4ade-8db6-27ac2194e5c2" testId="04f5cf17-3879-e2fe-c47d-e29ce4541cc8" testName="TestUpdateElementWithRelationIdonADifferentServerButUsedId" computerName="DKSR-EFI-06" duration="00:00:00.0070234" startTime="2024-01-09T15:43:23.1228742+01:00" endTime="2024-01-09T15:43:23.1228742+01:00" testType="13cdc9d9-ddb5-4fa4-a97d-d965ccfc6d4b" outcome="Passed" testListId="8c84fa94-04c1-424b-9868-57a2d4851a1d" relativeResultsDirectory="025bcb8a-a4d8-4ade-8db6-27ac2194e5c2" />
    <UnitTestResult executionId="c8ab9e50-8bda-4d58-977b-e2fbf8c5a5bd" testId="43daf569-3bce-220b-e88f-b666ac480023" testName="SoundConfigurationTest" computerName="DKSR-EFI-06" duration="00:00:00.0002304" startTime="2024-01-09T15:43:20.5759982+01:00" endTime="2024-01-09T15:43:20.5759982+01:00" testType="13cdc9d9-ddb5-4fa4-a97d-d965ccfc6d4b" outcome="Passed" testListId="8c84fa94-04c1-424b-9868-57a2d4851a1d" relativeResultsDirectory="c8ab9e50-8bda-4d58-977b-e2fbf8c5a5bd" />
    <UnitTestResult executionId="bee0cdea-eb2f-4ab9-99ab-ef5eeea34682" testId="6a17ffe4-7e07-899a-6465-91e72bdbf468" testName="TestGetObjectsWithinGPSAreaWithInvalidUser" computerName="DKSR-EFI-06" duration="00:00:00.0024072" startTime="2024-01-09T15:43:17.9978731+01:00" endTime="2024-01-09T15:43:18.0134953+01:00" testType="13cdc9d9-ddb5-4fa4-a97d-d965ccfc6d4b" outcome="Passed" testListId="8c84fa94-04c1-424b-9868-57a2d4851a1d" relativeResultsDirectory="bee0cdea-eb2f-4ab9-99ab-ef5eeea34682" />
    <UnitTestResult executionId="0348cd6d-b317-43d4-9f37-fe3146d03182" testId="b94641e4-ee46-3d33-d427-e9153ae3739f" testName="TestConstructor" computerName="DKSR-EFI-06" duration="00:00:00.0017217" startTime="2024-01-09T15:43:24.6385024+01:00" endTime="2024-01-09T15:43:24.6385024+01:00" testType="13cdc9d9-ddb5-4fa4-a97d-d965ccfc6d4b" outcome="Passed" testListId="8c84fa94-04c1-424b-9868-57a2d4851a1d" relativeResultsDirectory="0348cd6d-b317-43d4-9f37-fe3146d03182" />
    <UnitTestResult executionId="1ff55c49-cbc2-4765-99b1-1aa4a319974d" testId="581b35c1-69fb-fac0-162b-a3e1aaae8ec3" testName="TestCreateObjectWithServerIDInOwnerID" computerName="DKSR-EFI-06" duration="00:00:00.0022003" startTime="2024-01-09T15:43:17.7478696+01:00" endTime="2024-01-09T15:43:17.7478696+01:00" testType="13cdc9d9-ddb5-4fa4-a97d-d965ccfc6d4b" outcome="Passed" testListId="8c84fa94-04c1-424b-9868-57a2d4851a1d" relativeResultsDirectory="1ff55c49-cbc2-4765-99b1-1aa4a319974d" />
    <UnitTestResult executionId="5d6fa993-0940-4906-ae07-5d945a84fd63" testId="e1c9128c-3d5a-a381-cb03-be847059c4f0" testName="TestGetVisualElementChangesThrowingUnhandledException" computerName="DKSR-EFI-06" duration="00:00:00.0039833" startTime="2024-01-09T15:43:17.7322448+01:00" endTime="2024-01-09T15:43:17.7322448+01:00" testType="13cdc9d9-ddb5-4fa4-a97d-d965ccfc6d4b" outcome="Passed" testListId="8c84fa94-04c1-424b-9868-57a2d4851a1d" relativeResultsDirectory="5d6fa993-0940-4906-ae07-5d945a84fd63" />
    <UnitTestResult executionId="aabbf473-2d2b-4489-adea-5e7cf38904e3" testId="b2ac219e-5cb0-8f80-80a6-44848b06f4ff" testName="Handle_ShouldNotFlattenValuesBasedOnPriorityIntAndValue_WhenPriorityIntIsInvalid" computerName="DKSR-EFI-06" duration="00:00:00.0009109" startTime="2024-01-09T15:43:30.5447535+01:00" endTime="2024-01-09T15:43:30.5447535+01:00" testType="13cdc9d9-ddb5-4fa4-a97d-d965ccfc6d4b" outcome="Passed" testListId="8c84fa94-04c1-424b-9868-57a2d4851a1d" relativeResultsDirectory="aabbf473-2d2b-4489-adea-5e7cf38904e3" />
    <UnitTestResult executionId="ea6be5d2-7d3e-4598-bcce-b78e981c2e85" testId="ef7cf599-7d95-fc05-72c3-321993c498c1" testName="TestSetVisualization" computerName="DKSR-EFI-06" duration="00:00:00.0166044" startTime="2024-01-09T15:43:15.2009890+01:00" endTime="2024-01-09T15:43:15.2322390+01:00" testType="13cdc9d9-ddb5-4fa4-a97d-d965ccfc6d4b" outcome="Passed" testListId="8c84fa94-04c1-424b-9868-57a2d4851a1d" relativeResultsDirectory="ea6be5d2-7d3e-4598-bcce-b78e981c2e85" />
    <UnitTestResult executionId="4bdc7436-d304-45f9-87be-b98d127f5b13" testId="d8e94a86-10aa-fdae-3afc-5be54dedcd54" testName="TestLoadEmptyConfiguration" computerName="DKSR-EFI-06" duration="00:00:00.0761631" startTime="2024-01-09T15:43:30.9041302+01:00" endTime="2024-01-09T15:43:30.9822538+01:00" testType="13cdc9d9-ddb5-4fa4-a97d-d965ccfc6d4b" outcome="Passed" testListId="8c84fa94-04c1-424b-9868-57a2d4851a1d" relativeResultsDirectory="4bdc7436-d304-45f9-87be-b98d127f5b13" />
    <UnitTestResult executionId="6ee321e7-0e84-43b8-b573-4263e0aa5cac" testId="ab129d12-b905-76f6-7b0d-44fb8b172324" testName="HasStateUpdate_ShouldReturnFalse_WhenListContainsOneUpdateWithSameState" computerName="DKSR-EFI-06" duration="00:00:00.0002971" startTime="2024-01-09T15:43:30.5603780+01:00" endTime="2024-01-09T15:43:30.5603780+01:00" testType="13cdc9d9-ddb5-4fa4-a97d-d965ccfc6d4b" outcome="Passed" testListId="8c84fa94-04c1-424b-9868-57a2d4851a1d" relativeResultsDirectory="6ee321e7-0e84-43b8-b573-4263e0aa5cac" />
    <UnitTestResult executionId="ff7e537f-7ba9-41c2-82bd-c546c8f8adb1" testId="48868d1f-b370-db6c-3ad6-24d3fdea86ac" testName="TestConstructor" computerName="DKSR-EFI-06" duration="00:00:00.0009038" startTime="2024-01-09T15:43:20.5447484+01:00" endTime="2024-01-09T15:43:20.5447484+01:00" testType="13cdc9d9-ddb5-4fa4-a97d-d965ccfc6d4b" outcome="Passed" testListId="8c84fa94-04c1-424b-9868-57a2d4851a1d" relativeResultsDirectory="ff7e537f-7ba9-41c2-82bd-c546c8f8adb1" />
    <UnitTestResult executionId="641b83f9-e8f2-4d97-b600-051cc03ca507" testId="78bd5421-694f-1155-dee5-f3584d330adf" testName="TestGetPlugInItemChangesWithNulTimeout" computerName="DKSR-EFI-06" duration="00:00:00.0074514" startTime="2024-01-09T15:43:17.6228679+01:00" endTime="2024-01-09T15:43:17.6228679+01:00" testType="13cdc9d9-ddb5-4fa4-a97d-d965ccfc6d4b" outcome="Passed" testListId="8c84fa94-04c1-424b-9868-57a2d4851a1d" relativeResultsDirectory="641b83f9-e8f2-4d97-b600-051cc03ca507" />
    <UnitTestResult executionId="e057731a-dcea-4835-aca8-05a741085d23" testId="677471e8-3482-3d4a-74a6-b878d5f6513b" testName="StartStopTest" computerName="DKSR-EFI-06" duration="00:00:00.0066338" startTime="2024-01-09T15:43:27.8572546+01:00" endTime="2024-01-09T15:43:27.8572546+01:00" testType="13cdc9d9-ddb5-4fa4-a97d-d965ccfc6d4b" outcome="Passed" testListId="8c84fa94-04c1-424b-9868-57a2d4851a1d" relativeResultsDirectory="e057731a-dcea-4835-aca8-05a741085d23" />
    <UnitTestResult executionId="94780da7-3ffc-4159-b910-19b891c2e56d" testId="0d08f94e-274d-7901-ebb9-231638e49d24" testName="LookupGroupId_ShouldReturnSystemEventGroup_WhenEventIsInputActivated_AndServerTypeIsXPServer" computerName="DKSR-EFI-06" duration="00:00:00.0622026" startTime="2024-01-09T15:43:29.4822530+01:00" endTime="2024-01-09T15:43:29.5447566+01:00" testType="13cdc9d9-ddb5-4fa4-a97d-d965ccfc6d4b" outcome="Passed" testListId="8c84fa94-04c1-424b-9868-57a2d4851a1d" relativeResultsDirectory="94780da7-3ffc-4159-b910-19b891c2e56d" />
    <UnitTestResult executionId="07e3f1f1-0bb0-4bb0-b86b-3e60a8f2a041" testId="06eaecc5-a61e-588c-3698-90b28ebd700e" testName="TestGetStatusForAllObjectsOfTypeRootAnd2Levels" computerName="DKSR-EFI-06" duration="00:00:00.0203965" startTime="2024-01-09T15:43:21.6384990+01:00" endTime="2024-01-09T15:43:21.6541253+01:00" testType="13cdc9d9-ddb5-4fa4-a97d-d965ccfc6d4b" outcome="Passed" testListId="8c84fa94-04c1-424b-9868-57a2d4851a1d" relativeResultsDirectory="07e3f1f1-0bb0-4bb0-b86b-3e60a8f2a041" />
    <UnitTestResult executionId="2a7e5121-4fc8-4722-85ad-8b4acddb8c60" testId="8abea1fb-283d-af2d-c3b8-2ae185aa87f2" testName="TestGetIconDataThrowingUnhandledException" computerName="DKSR-EFI-06" duration="00:00:00.0031066" startTime="2024-01-09T15:43:18.1541203+01:00" endTime="2024-01-09T15:43:18.1541203+01:00" testType="13cdc9d9-ddb5-4fa4-a97d-d965ccfc6d4b" outcome="Passed" testListId="8c84fa94-04c1-424b-9868-57a2d4851a1d" relativeResultsDirectory="2a7e5121-4fc8-4722-85ad-8b4acddb8c60" />
    <UnitTestResult executionId="35a9b8e7-43ac-400a-9396-876fbceec9dd" testId="9d4db236-12e8-cf7b-7262-929355f12bd0" testName="TestSetVisualizationThrowingUnhandledException" computerName="DKSR-EFI-06" duration="00:00:00.0046557" startTime="2024-01-09T15:43:15.7478655+01:00" endTime="2024-01-09T15:43:15.7478655+01:00" testType="13cdc9d9-ddb5-4fa4-a97d-d965ccfc6d4b" outcome="Passed" testListId="8c84fa94-04c1-424b-9868-57a2d4851a1d" relativeResultsDirectory="35a9b8e7-43ac-400a-9396-876fbceec9dd" />
    <UnitTestResult executionId="0748a626-609b-4c91-a146-1a77254da167" testId="ed30d7b3-6c4f-ecd9-f0c1-57184b812b54" testName="TestGetStatusDetails" computerName="DKSR-EFI-06" duration="00:00:00.0058761" startTime="2024-01-09T15:43:14.3103645+01:00" endTime="2024-01-09T15:43:14.3259887+01:00" testType="13cdc9d9-ddb5-4fa4-a97d-d965ccfc6d4b" outcome="Passed" testListId="8c84fa94-04c1-424b-9868-57a2d4851a1d" relativeResultsDirectory="0748a626-609b-4c91-a146-1a77254da167" />
    <UnitTestResult executionId="ab14ad2f-6d80-460d-b600-ff7546dc050e" testId="f8f331b8-d47d-c7f9-44dc-1c809a8198be" testName="TestRemoveUserWithNoUserAdded" computerName="DKSR-EFI-06" duration="00:00:00.0041802" startTime="2024-01-09T15:43:27.4978789+01:00" endTime="2024-01-09T15:43:27.5135033+01:00" testType="13cdc9d9-ddb5-4fa4-a97d-d965ccfc6d4b" outcome="Passed" testListId="8c84fa94-04c1-424b-9868-57a2d4851a1d" relativeResultsDirectory="ab14ad2f-6d80-460d-b600-ff7546dc050e" />
    <UnitTestResult executionId="6fe1a660-4204-4cc2-9aa2-6dd66231b184" testId="7eb0a4eb-feaf-9106-c5a4-b2a62712433f" testName="TestUpdateWithNewParentItemId" computerName="DKSR-EFI-06" duration="00:00:00.0041557" startTime="2024-01-09T15:43:19.5291213+01:00" endTime="2024-01-09T15:43:19.5291213+01:00" testType="13cdc9d9-ddb5-4fa4-a97d-d965ccfc6d4b" outcome="Passed" testListId="8c84fa94-04c1-424b-9868-57a2d4851a1d" relativeResultsDirectory="6fe1a660-4204-4cc2-9aa2-6dd66231b184" />
    <UnitTestResult executionId="78872591-6478-4afa-9581-b216e3eca48f" testId="d93f3e6c-7a7d-c0f0-6f61-bb3e7018f3e8" testName="DeleteObjects_WithValidParameters" computerName="DKSR-EFI-06" duration="00:00:00.0042067" startTime="2024-01-09T15:43:16.8572414+01:00" endTime="2024-01-09T15:43:16.8728684+01:00" testType="13cdc9d9-ddb5-4fa4-a97d-d965ccfc6d4b" outcome="Passed" testListId="8c84fa94-04c1-424b-9868-57a2d4851a1d" relativeResultsDirectory="78872591-6478-4afa-9581-b216e3eca48f" />
    <UnitTestResult executionId="a975372b-af90-462c-bf6f-ff02c55373ec" testId="0e3e3d76-0931-6ed2-f1ab-88f35b78ffad" testName="TestGetAllElementsOfTypeLimitedLevels" computerName="DKSR-EFI-06" duration="00:00:00.0133342" startTime="2024-01-09T15:43:23.4822508+01:00" endTime="2024-01-09T15:43:23.4978763+01:00" testType="13cdc9d9-ddb5-4fa4-a97d-d965ccfc6d4b" outcome="Passed" testListId="8c84fa94-04c1-424b-9868-57a2d4851a1d" relativeResultsDirectory="a975372b-af90-462c-bf6f-ff02c55373ec" />
    <UnitTestResult executionId="2cb34a8a-6ea8-42e8-9bab-1885205cb518" testId="b1fa9f6b-c8c9-1cc6-ecfe-6037d381d3e9" testName="TestCopyConstructor" computerName="DKSR-EFI-06" duration="00:00:00.0012310" startTime="2024-01-09T15:43:24.6385024+01:00" endTime="2024-01-09T15:43:24.6385024+01:00" testType="13cdc9d9-ddb5-4fa4-a97d-d965ccfc6d4b" outcome="Passed" testListId="8c84fa94-04c1-424b-9868-57a2d4851a1d" relativeResultsDirectory="2cb34a8a-6ea8-42e8-9bab-1885205cb518" />
    <UnitTestResult executionId="9dc55335-6a87-4145-97da-cff3b228b621" testId="ad5313ea-84e5-d5fc-de76-67483906423e" testName="EventConverter_ConvertEventStatusToBaseItem_Success_ExternalEvent_Defined" computerName="DKSR-EFI-06" duration="00:00:00.0124421" startTime="2024-01-09T15:43:26.4978769+01:00" endTime="2024-01-09T15:43:26.5135026+01:00" testType="13cdc9d9-ddb5-4fa4-a97d-d965ccfc6d4b" outcome="Passed" testListId="8c84fa94-04c1-424b-9868-57a2d4851a1d" relativeResultsDirectory="9dc55335-6a87-4145-97da-cff3b228b621" />
    <UnitTestResult executionId="b7c74139-15f2-4673-a219-8d86c058d95a" testId="91ea9c10-8ecf-4b5d-0e04-cc544285e285" testName="SetAllEventRetentions_ShouldAuditLog_WhenEventGroupRetentionIsChanged" computerName="DKSR-EFI-06" duration="00:00:00.0378272" startTime="2024-01-09T15:43:28.5916278+01:00" endTime="2024-01-09T15:43:28.6228794+01:00" testType="13cdc9d9-ddb5-4fa4-a97d-d965ccfc6d4b" outcome="Passed" testListId="8c84fa94-04c1-424b-9868-57a2d4851a1d" relativeResultsDirectory="b7c74139-15f2-4673-a219-8d86c058d95a" />
    <UnitTestResult executionId="49e5d6bc-ba9d-471a-b3cb-a7d9293415dc" testId="136df291-2cca-c439-fece-8b21662e26cf" testName="GetPlugInItems_WithValidParameters" computerName="DKSR-EFI-06" duration="00:00:00.0043559" startTime="2024-01-09T15:43:18.3103713+01:00" endTime="2024-01-09T15:43:18.3103713+01:00" testType="13cdc9d9-ddb5-4fa4-a97d-d965ccfc6d4b" outcome="Passed" testListId="8c84fa94-04c1-424b-9868-57a2d4851a1d" relativeResultsDirectory="49e5d6bc-ba9d-471a-b3cb-a7d9293415dc" />
    <UnitTestResult executionId="6576e266-778b-4540-853c-56442c87d0e2" testId="1f4655b3-aed4-b0e5-1094-5819057eec1a" testName="GetAllObjectIDsOnVisualElement_FilteringAllDifferentServerRelations" computerName="DKSR-EFI-06" duration="00:00:00.0076050" startTime="2024-01-09T15:43:18.0447451+01:00" endTime="2024-01-09T15:43:18.0447451+01:00" testType="13cdc9d9-ddb5-4fa4-a97d-d965ccfc6d4b" outcome="Passed" testListId="8c84fa94-04c1-424b-9868-57a2d4851a1d" relativeResultsDirectory="6576e266-778b-4540-853c-56442c87d0e2" />
    <UnitTestResult executionId="292ac4b8-71a6-41e7-9260-19d20ca7c198" testId="39f714b7-16f9-3450-b34f-9ea4ea4fe42b" testName="TestUpdateElementsWithTwoElementsWithSameRelationId" computerName="DKSR-EFI-06" duration="00:00:00.0071886" startTime="2024-01-09T15:43:23.1697500+01:00" endTime="2024-01-09T15:43:23.1853761+01:00" testType="13cdc9d9-ddb5-4fa4-a97d-d965ccfc6d4b" outcome="Passed" testListId="8c84fa94-04c1-424b-9868-57a2d4851a1d" relativeResultsDirectory="292ac4b8-71a6-41e7-9260-19d20ca7c198" />
    <UnitTestResult executionId="fc73e4bd-ab11-4919-8b7c-cde24f58d5b6" testId="0b849fea-c75b-8fe2-9812-434f956f0ad6" testName="GetStatus_WithValidParameters" computerName="DKSR-EFI-06" duration="00:00:00.0436868" startTime="2024-01-09T15:43:16.4666170+01:00" endTime="2024-01-09T15:43:16.5134933+01:00" testType="13cdc9d9-ddb5-4fa4-a97d-d965ccfc6d4b" outcome="Passed" testListId="8c84fa94-04c1-424b-9868-57a2d4851a1d" relativeResultsDirectory="fc73e4bd-ab11-4919-8b7c-cde24f58d5b6" />
    <UnitTestResult executionId="1779bd7f-6237-456c-b3bf-7d1a4ee8e98f" testId="10e89367-57d1-f44b-6ffe-7af21cc99a9a" testName="TestUpdateElementWithNonExistingId" computerName="DKSR-EFI-06" duration="00:00:00.0039554" startTime="2024-01-09T15:43:22.9822492+01:00" endTime="2024-01-09T15:43:22.9822492+01:00" testType="13cdc9d9-ddb5-4fa4-a97d-d965ccfc6d4b" outcome="Passed" testListId="8c84fa94-04c1-424b-9868-57a2d4851a1d" relativeResultsDirectory="1779bd7f-6237-456c-b3bf-7d1a4ee8e98f" />
    <UnitTestResult executionId="45fcc46d-fe3f-44d2-9f91-94cf24ee5812" testId="4210fdd9-d999-b317-21c5-3dcb00a82045" testName="TestUpdateElementBoundsWithNonExistingId" computerName="DKSR-EFI-06" duration="00:00:00.0071661" startTime="2024-01-09T15:43:22.1697489+01:00" endTime="2024-01-09T15:43:22.1697489+01:00" testType="13cdc9d9-ddb5-4fa4-a97d-d965ccfc6d4b" outcome="Passed" testListId="8c84fa94-04c1-424b-9868-57a2d4851a1d" relativeResultsDirectory="45fcc46d-fe3f-44d2-9f91-94cf24ee5812" />
    <UnitTestResult executionId="d3420ac1-6cfd-4367-a872-6d07a8d6a0a5" testId="a95aec13-522b-72a2-0083-da69d3c98bc5" testName="EventConverter_ParseMetadata_EventName_Null" computerName="DKSR-EFI-06" duration="00:00:00.0058104" startTime="2024-01-09T15:43:26.6072535+01:00" endTime="2024-01-09T15:43:26.6228758+01:00" testType="13cdc9d9-ddb5-4fa4-a97d-d965ccfc6d4b" outcome="Passed" testListId="8c84fa94-04c1-424b-9868-57a2d4851a1d" relativeResultsDirectory="d3420ac1-6cfd-4367-a872-6d07a8d6a0a5" />
    <UnitTestResult executionId="9016b67e-8f2e-4741-b4af-0a47a56db65e" testId="6253d1ca-acb7-f42f-0dd6-8dd1875bff7a" testName="TestGetPlugInItemChangesWithNoChangedItems" computerName="DKSR-EFI-06" duration="00:00:00.0126717" startTime="2024-01-09T15:43:20.1384999+01:00" endTime="2024-01-09T15:43:20.1541236+01:00" testType="13cdc9d9-ddb5-4fa4-a97d-d965ccfc6d4b" outcome="Passed" testListId="8c84fa94-04c1-424b-9868-57a2d4851a1d" relativeResultsDirectory="9016b67e-8f2e-4741-b4af-0a47a56db65e" />
    <UnitTestResult executionId="3b6bb947-8610-4ddc-a44a-ebbd1945304f" testId="c1700cc0-d9ff-860f-9ee2-4bddd688914a" testName="TestIconWithNullIconData" computerName="DKSR-EFI-06" duration="00:00:00.0016776" startTime="2024-01-09T15:43:19.3728716+01:00" endTime="2024-01-09T15:43:19.3884973+01:00" testType="13cdc9d9-ddb5-4fa4-a97d-d965ccfc6d4b" outcome="Passed" testListId="8c84fa94-04c1-424b-9868-57a2d4851a1d" relativeResultsDirectory="3b6bb947-8610-4ddc-a44a-ebbd1945304f" />
    <UnitTestResult executionId="f34cdb6e-9aaf-4e54-a798-9c281dbbe789" testId="1401f769-da16-93bd-e404-03abaa246295" testName="HasStateUpdate_ShouldReturnTrue_WhenListContainsTwoUpdatesWithDifferentStartAndEndStates" computerName="DKSR-EFI-06" duration="00:00:00.0003842" startTime="2024-01-09T15:43:30.5603780+01:00" endTime="2024-01-09T15:43:30.5603780+01:00" testType="13cdc9d9-ddb5-4fa4-a97d-d965ccfc6d4b" outcome="Passed" testListId="8c84fa94-04c1-424b-9868-57a2d4851a1d" relativeResultsDirectory="f34cdb6e-9aaf-4e54-a798-9c281dbbe789" />
    <UnitTestResult executionId="b02eacde-cbf2-4567-a463-41b1262416cc" testId="ed9936a7-f78a-b416-3502-5c02b5737ef7" testName="TestGetAllObjectIDsOnVisualElementWithValidParameters" computerName="DKSR-EFI-06" duration="00:00:00.0037745" startTime="2024-01-09T15:43:17.4978697+01:00" endTime="2024-01-09T15:43:17.4978697+01:00" testType="13cdc9d9-ddb5-4fa4-a97d-d965ccfc6d4b" outcome="Passed" testListId="8c84fa94-04c1-424b-9868-57a2d4851a1d" relativeResultsDirectory="b02eacde-cbf2-4567-a463-41b1262416cc" />
    <UnitTestResult executionId="07092103-5a59-4823-8152-57de5c41e0c3" testId="2f9145a7-6311-f617-6ef6-69440c4a4162" testName="TestUpdateBoundsThrowingUnhandledException" computerName="DKSR-EFI-06" duration="00:00:00.0029504" startTime="2024-01-09T15:43:18.2634963+01:00" endTime="2024-01-09T15:43:18.2791226+01:00" testType="13cdc9d9-ddb5-4fa4-a97d-d965ccfc6d4b" outcome="Passed" testListId="8c84fa94-04c1-424b-9868-57a2d4851a1d" relativeResultsDirectory="07092103-5a59-4823-8152-57de5c41e0c3" />
    <UnitTestResult executionId="a6311f6d-9add-4d64-9567-129d3e9b2593" testId="7756291f-f52b-5262-1e5f-36b49a0df8d6" testName="TestGetStatusForAllObjectsOfTypeThrowingUnhandledException" computerName="DKSR-EFI-06" duration="00:00:00.0084229" startTime="2024-01-09T15:43:15.1384908+01:00" endTime="2024-01-09T15:43:15.1541153+01:00" testType="13cdc9d9-ddb5-4fa4-a97d-d965ccfc6d4b" outcome="Passed" testListId="8c84fa94-04c1-424b-9868-57a2d4851a1d" relativeResultsDirectory="a6311f6d-9add-4d64-9567-129d3e9b2593" />
    <UnitTestResult executionId="bb81467c-d7b4-4419-95f6-86681354e7d1" testId="77fc74ab-0dd5-c397-d0ed-5574632f3696" testName="TestGetIconWithUnknownIcon" computerName="DKSR-EFI-06" duration="00:00:00.0015504" startTime="2024-01-09T15:43:20.2634970+01:00" endTime="2024-01-09T15:43:20.2634970+01:00" testType="13cdc9d9-ddb5-4fa4-a97d-d965ccfc6d4b" outcome="Passed" testListId="8c84fa94-04c1-424b-9868-57a2d4851a1d" relativeResultsDirectory="bb81467c-d7b4-4419-95f6-86681354e7d1" />
    <UnitTestResult executionId="2bbb811a-adaf-41ec-827b-ff1ca2baf8c4" testId="068ec4a5-0fee-3f40-7b8f-ff044af6ce33" testName="TestActivateContextMenuAction" computerName="DKSR-EFI-06" duration="00:00:00.0026770" startTime="2024-01-09T15:43:20.4666221+01:00" endTime="2024-01-09T15:43:20.4666221+01:00" testType="13cdc9d9-ddb5-4fa4-a97d-d965ccfc6d4b" outcome="Passed" testListId="8c84fa94-04c1-424b-9868-57a2d4851a1d" relativeResultsDirectory="2bbb811a-adaf-41ec-827b-ff1ca2baf8c4" />
    <UnitTestResult executionId="e897dcb3-9279-4402-84a4-f973dcced5a2" testId="6275dece-a0c2-3768-4637-0ccb8b0992f0" testName="UpdateBounds_WithValidParameters" computerName="DKSR-EFI-06" duration="00:00:00.0051158" startTime="2024-01-09T15:43:18.2478721+01:00" endTime="2024-01-09T15:43:18.2634963+01:00" testType="13cdc9d9-ddb5-4fa4-a97d-d965ccfc6d4b" outcome="Passed" testListId="8c84fa94-04c1-424b-9868-57a2d4851a1d" relativeResultsDirectory="e897dcb3-9279-4402-84a4-f973dcced5a2" />
    <UnitTestResult executionId="dffeb1e3-79c8-4287-ae61-5752e82b4bb0" testId="2c8a1d5b-0028-9f0a-8011-ed24ab9ceeae" testName="TestLoadXMLWithNoParametersCorrect" computerName="DKSR-EFI-06" duration="00:00:00.0003517" startTime="2024-01-09T15:43:25.5135016+01:00" endTime="2024-01-09T15:43:25.5135016+01:00" testType="13cdc9d9-ddb5-4fa4-a97d-d965ccfc6d4b" outcome="Passed" testListId="8c84fa94-04c1-424b-9868-57a2d4851a1d" relativeResultsDirectory="dffeb1e3-79c8-4287-ae61-5752e82b4bb0" />
    <UnitTestResult executionId="474891f6-47a7-4172-9689-306a8a997cac" testId="772da960-f2ad-972a-fa28-e9bdb8e341f0" testName="TestDeleteObjectsThrowingUnhandledException" computerName="DKSR-EFI-06" duration="00:00:00.0028770" startTime="2024-01-09T15:43:16.8728684+01:00" endTime="2024-01-09T15:43:16.8728684+01:00" testType="13cdc9d9-ddb5-4fa4-a97d-d965ccfc6d4b" outcome="Passed" testListId="8c84fa94-04c1-424b-9868-57a2d4851a1d" relativeResultsDirectory="474891f6-47a7-4172-9689-306a8a997cac" />
    <UnitTestResult executionId="d830a1fd-f9f6-4a87-9d86-465e198d28f1" testId="4d0f6a2e-fc6f-1af8-c276-a92921441b69" testName="CheckAccess_ForMultipleDevices_ShouldReturnArrayOfPermissions_WhenUserExistsInDb" computerName="DKSR-EFI-06" duration="00:00:00.0558308" startTime="2024-01-09T15:43:13.9978641+01:00" endTime="2024-01-09T15:43:14.0447371+01:00" testType="13cdc9d9-ddb5-4fa4-a97d-d965ccfc6d4b" outcome="Passed" testListId="8c84fa94-04c1-424b-9868-57a2d4851a1d" relativeResultsDirectory="d830a1fd-f9f6-4a87-9d86-465e198d28f1" />
    <UnitTestResult executionId="c34bc859-8c55-4582-8e81-fc97456472c6" testId="5a7ff7ff-6e2d-de39-c565-1246305502ff" testName="TestRemoveElementAndChildElementsNonRecursive" computerName="DKSR-EFI-06" duration="00:00:00.0281495" startTime="2024-01-09T15:43:23.9510017+01:00" endTime="2024-01-09T15:43:23.9822505+01:00" testType="13cdc9d9-ddb5-4fa4-a97d-d965ccfc6d4b" outcome="Passed" testListId="8c84fa94-04c1-424b-9868-57a2d4851a1d" relativeResultsDirectory="c34bc859-8c55-4582-8e81-fc97456472c6" />
    <UnitTestResult executionId="c7e4e59b-84ee-48fd-b204-6a1e0b6d1c73" testId="cbe8b214-ea1c-0fd1-1902-5026939c5b9f" testName="TestGetAllElementsOfTypeExcludeRoot" computerName="DKSR-EFI-06" duration="00:00:00.0102071" startTime="2024-01-09T15:43:23.4666267+01:00" endTime="2024-01-09T15:43:23.4822508+01:00" testType="13cdc9d9-ddb5-4fa4-a97d-d965ccfc6d4b" outcome="Passed" testListId="8c84fa94-04c1-424b-9868-57a2d4851a1d" relativeResultsDirectory="c7e4e59b-84ee-48fd-b204-6a1e0b6d1c73" />
    <UnitTestResult executionId="af4a11cf-5e43-4287-8b24-7cf74fb35a3e" testId="db82d364-bead-2e32-98c7-e2a0a53f7d8e" testName="TestUpdateBoundsWithNullParameters" computerName="DKSR-EFI-06" duration="00:00:00.0019094" startTime="2024-01-09T15:43:25.4353766+01:00" endTime="2024-01-09T15:43:25.4353766+01:00" testType="13cdc9d9-ddb5-4fa4-a97d-d965ccfc6d4b" outcome="Passed" testListId="8c84fa94-04c1-424b-9868-57a2d4851a1d" relativeResultsDirectory="af4a11cf-5e43-4287-8b24-7cf74fb35a3e" />
    <UnitTestResult executionId="d7719327-fbab-43d5-95bd-1a57960cc1ea" testId="77a1057d-d9f6-6031-284b-0c450a69cfb9" testName="TestLoadOldConfigSaveLoad" computerName="DKSR-EFI-06" duration="00:00:00.0438786" startTime="2024-01-09T15:43:31.3260046+01:00" endTime="2024-01-09T15:43:31.3728805+01:00" testType="13cdc9d9-ddb5-4fa4-a97d-d965ccfc6d4b" outcome="Passed" testListId="8c84fa94-04c1-424b-9868-57a2d4851a1d" relativeResultsDirectory="d7719327-fbab-43d5-95bd-1a57960cc1ea" />
    <UnitTestResult executionId="cb70bbd2-14d0-4ad6-9261-536e297646ca" testId="f1542542-675f-de45-6963-b933ea9417ec" testName="TestUpdateElements" computerName="DKSR-EFI-06" duration="00:00:00.0116837" startTime="2024-01-09T15:43:23.2010015+01:00" endTime="2024-01-09T15:43:23.2166258+01:00" testType="13cdc9d9-ddb5-4fa4-a97d-d965ccfc6d4b" outcome="Passed" testListId="8c84fa94-04c1-424b-9868-57a2d4851a1d" relativeResultsDirectory="cb70bbd2-14d0-4ad6-9261-536e297646ca" />
    <UnitTestResult executionId="2e3cdd57-4d31-4079-a2e1-69c577696500" testId="475df9a0-d2db-c383-720b-f7b47342c040" testName="LookupGroupId_ShouldReturnUnknownEventGroup_WhenEventIsUnknown" computerName="DKSR-EFI-06" duration="00:00:00.0733865" startTime="2024-01-09T15:43:29.4041282+01:00" endTime="2024-01-09T15:43:29.4666295+01:00" testType="13cdc9d9-ddb5-4fa4-a97d-d965ccfc6d4b" outcome="Passed" testListId="8c84fa94-04c1-424b-9868-57a2d4851a1d" relativeResultsDirectory="2e3cdd57-4d31-4079-a2e1-69c577696500" />
    <UnitTestResult executionId="6fc1f04f-7e5e-449b-a010-50e728b5150b" testId="f586fca5-268f-ad39-85af-69b3179442b1" testName="GetAllObjectIDsOnVisualElement_WithValidParameters" computerName="DKSR-EFI-06" duration="00:00:00.0466621" startTime="2024-01-09T15:43:16.7791178+01:00" endTime="2024-01-09T15:43:16.8259941+01:00" testType="13cdc9d9-ddb5-4fa4-a97d-d965ccfc6d4b" outcome="Passed" testListId="8c84fa94-04c1-424b-9868-57a2d4851a1d" relativeResultsDirectory="6fc1f04f-7e5e-449b-a010-50e728b5150b" />
    <UnitTestResult executionId="db4ed9df-a5d9-47ce-97d2-5c64f7e35094" testId="6d0826c1-86cd-2026-2433-884f0aebad02" testName="TrimStart_ShouldRaiseArgumentNullException_WhenPrefixIsNull" computerName="DKSR-EFI-06" duration="00:00:00.0006386" startTime="2024-01-09T15:43:31.5135722+01:00" endTime="2024-01-09T15:43:31.5135722+01:00" testType="13cdc9d9-ddb5-4fa4-a97d-d965ccfc6d4b" outcome="Passed" testListId="8c84fa94-04c1-424b-9868-57a2d4851a1d" relativeResultsDirectory="db4ed9df-a5d9-47ce-97d2-5c64f7e35094" />
    <UnitTestResult executionId="91ae4ef0-c990-48f2-a631-1b1d29baeb33" testId="abf180fc-abea-5708-37d0-63d9ab1f1203" testName="TestInsertElementWithServerIdInRelationIdWithUsedId" computerName="DKSR-EFI-06" duration="00:00:00.0105467" startTime="2024-01-09T15:43:22.7635003+01:00" endTime="2024-01-09T15:43:22.7635003+01:00" testType="13cdc9d9-ddb5-4fa4-a97d-d965ccfc6d4b" outcome="Passed" testListId="8c84fa94-04c1-424b-9868-57a2d4851a1d" relativeResultsDirectory="91ae4ef0-c990-48f2-a631-1b1d29baeb33" />
    <UnitTestResult executionId="dc57638d-937a-4ee6-83ab-47a14608b390" testId="a9081024-1a3c-3980-14ce-9946c32defb3" testName="TestTypeID" computerName="DKSR-EFI-06" duration="00:00:00.0016718" startTime="2024-01-09T15:43:20.3728753+01:00" endTime="2024-01-09T15:43:20.3728753+01:00" testType="13cdc9d9-ddb5-4fa4-a97d-d965ccfc6d4b" outcome="Passed" testListId="8c84fa94-04c1-424b-9868-57a2d4851a1d" relativeResultsDirectory="dc57638d-937a-4ee6-83ab-47a14608b390" />
    <UnitTestResult executionId="5a885523-64bf-4e6c-b072-4b491fbfcf27" testId="81e2928b-d8a3-fc74-f97a-2c34a5d92bf3" testName="TestGetAllObjectIDsOnVisualElementThrowingUnhandledException" computerName="DKSR-EFI-06" duration="00:00:00.0038234" startTime="2024-01-09T15:43:17.5134946+01:00" endTime="2024-01-09T15:43:17.5134946+01:00" testType="13cdc9d9-ddb5-4fa4-a97d-d965ccfc6d4b" outcome="Passed" testListId="8c84fa94-04c1-424b-9868-57a2d4851a1d" relativeResultsDirectory="5a885523-64bf-4e6c-b072-4b491fbfcf27" />
    <UnitTestResult executionId="d6fa6e16-d6ae-4fef-af62-81087456aeae" testId="77d33b19-697e-aae6-4835-530b4384aafd" testName="TestOneACSystemPLUnsupportedOneACSystemPLDisabled" computerName="DKSR-EFI-06" duration="00:00:00.0018931" startTime="2024-01-09T15:43:27.1541272+01:00" endTime="2024-01-09T15:43:27.1541272+01:00" testType="13cdc9d9-ddb5-4fa4-a97d-d965ccfc6d4b" outcome="Passed" testListId="8c84fa94-04c1-424b-9868-57a2d4851a1d" relativeResultsDirectory="d6fa6e16-d6ae-4fef-af62-81087456aeae" />
    <UnitTestResult executionId="b98920c4-1c61-4938-8d11-1484908923bf" testId="76d9ad7e-958f-e925-ce8b-d0d52dd698a4" testName="Handle_ShouldNotFlattenValuesBasedOnPriorityIntAndValue_WhenPriorityValueIsInvalid" computerName="DKSR-EFI-06" duration="00:00:00.0008459" startTime="2024-01-09T15:43:30.5447535+01:00" endTime="2024-01-09T15:43:30.5447535+01:00" testType="13cdc9d9-ddb5-4fa4-a97d-d965ccfc6d4b" outcome="Passed" testListId="8c84fa94-04c1-424b-9868-57a2d4851a1d" relativeResultsDirectory="b98920c4-1c61-4938-8d11-1484908923bf" />
    <UnitTestResult executionId="45a852e7-041b-405b-b241-55e1774f14a3" testId="6c46d682-68df-98f6-c9c6-516dc2bcccb5" testName="TestCheckAuthorizationWhereCachedItemIsToOld" computerName="DKSR-EFI-06" duration="00:00:00.0132475" startTime="2024-01-09T15:43:27.3103773+01:00" endTime="2024-01-09T15:43:27.3260028+01:00" testType="13cdc9d9-ddb5-4fa4-a97d-d965ccfc6d4b" outcome="Passed" testListId="8c84fa94-04c1-424b-9868-57a2d4851a1d" relativeResultsDirectory="45a852e7-041b-405b-b241-55e1774f14a3" />
    <UnitTestResult executionId="d34ed251-5833-4986-bf7e-a24e214481d8" testId="d367d6c7-6508-d285-3904-129e7c7eed2d" testName="TestXmlValid" computerName="DKSR-EFI-06" duration="00:00:00.0006826" startTime="2024-01-09T15:43:12.6853584+01:00" endTime="2024-01-09T15:43:12.6853584+01:00" testType="13cdc9d9-ddb5-4fa4-a97d-d965ccfc6d4b" outcome="Passed" testListId="8c84fa94-04c1-424b-9868-57a2d4851a1d" relativeResultsDirectory="d34ed251-5833-4986-bf7e-a24e214481d8" />
    <UnitTestResult executionId="2a0f595a-58de-49c9-92df-e0e099de1572" testId="c0f3905a-0fcb-eb49-f9e4-c5460d516950" testName="TestCreateFilteredConfigurationCommandsLimited" computerName="DKSR-EFI-06" duration="00:00:00.0019647" startTime="2024-01-09T15:43:31.4822551+01:00" endTime="2024-01-09T15:43:31.4822551+01:00" testType="13cdc9d9-ddb5-4fa4-a97d-d965ccfc6d4b" outcome="Passed" testListId="8c84fa94-04c1-424b-9868-57a2d4851a1d" relativeResultsDirectory="2a0f595a-58de-49c9-92df-e0e099de1572" />
    <UnitTestResult executionId="7ec360c6-6702-424d-b3ef-6aaf96612151" testId="3ca06c88-151a-d031-1bc7-e0c52536e410" testName="TestLookup" computerName="DKSR-EFI-06" duration="00:00:00.5338786" startTime="2024-01-09T15:43:06.9040906+01:00" endTime="2024-01-09T15:43:07.4353427+01:00" testType="13cdc9d9-ddb5-4fa4-a97d-d965ccfc6d4b" outcome="Passed" testListId="8c84fa94-04c1-424b-9868-57a2d4851a1d" relativeResultsDirectory="7ec360c6-6702-424d-b3ef-6aaf96612151" />
    <UnitTestResult executionId="37cc8fc5-9b3c-465e-b255-5f28441a66e4" testId="a0e44636-1ff6-6a1e-ac48-cd0b02b4597b" testName="TestConstructorWithNullPluginDefinition" computerName="DKSR-EFI-06" duration="00:00:00.0023212" startTime="2024-01-09T15:43:27.5916285+01:00" endTime="2024-01-09T15:43:27.5916285+01:00" testType="13cdc9d9-ddb5-4fa4-a97d-d965ccfc6d4b" outcome="Passed" testListId="8c84fa94-04c1-424b-9868-57a2d4851a1d" relativeResultsDirectory="37cc8fc5-9b3c-465e-b255-5f28441a66e4" />
    <UnitTestResult executionId="8372ed8f-3791-4fee-a854-0d5a151ff476" testId="30dfcd0d-5909-3714-5253-07cacdb3fba8" testName="TestGetHeaderInvalidToken" computerName="DKSR-EFI-06" duration="00:00:00.0043379" startTime="2024-01-09T15:43:18.8259947+01:00" endTime="2024-01-09T15:43:18.8259947+01:00" testType="13cdc9d9-ddb5-4fa4-a97d-d965ccfc6d4b" outcome="Passed" testListId="8c84fa94-04c1-424b-9868-57a2d4851a1d" relativeResultsDirectory="8372ed8f-3791-4fee-a854-0d5a151ff476" />
    <UnitTestResult executionId="9c59a4be-f5c7-4c44-bdfe-bc277a85d9f6" testId="879731f1-353a-3b22-6dec-b9ebe4b6f04c" testName="IEventReceiver_ReceiveEvents_WhenSubscribed" computerName="DKSR-EFI-06" duration="00:00:00.0097847" startTime="2024-01-09T15:43:27.9822524+01:00" endTime="2024-01-09T15:43:27.9822524+01:00" testType="13cdc9d9-ddb5-4fa4-a97d-d965ccfc6d4b" outcome="Passed" testListId="8c84fa94-04c1-424b-9868-57a2d4851a1d" relativeResultsDirectory="9c59a4be-f5c7-4c44-bdfe-bc277a85d9f6" />
    <UnitTestResult executionId="4ba27906-36dc-4c4f-aac1-72f0743be98d" testId="39827c9d-0a3a-6549-39f1-5086a67e0ad2" testName="TestProperties" computerName="DKSR-EFI-06" duration="00:00:00.0049405" startTime="2024-01-09T15:43:25.7947537+01:00" endTime="2024-01-09T15:43:25.7947537+01:00" testType="13cdc9d9-ddb5-4fa4-a97d-d965ccfc6d4b" outcome="Passed" testListId="8c84fa94-04c1-424b-9868-57a2d4851a1d" relativeResultsDirectory="4ba27906-36dc-4c4f-aac1-72f0743be98d" />
    <UnitTestResult executionId="63ef4514-58a9-46ea-9ee7-af4d73875ba1" testId="2de2b216-5da4-7093-b904-66ecc02ddb52" testName="TestRuleSystemCommandPipeActionGet" computerName="DKSR-EFI-06" duration="00:00:00.0012802" startTime="2024-01-09T15:43:25.8728766+01:00" endTime="2024-01-09T15:43:25.8885008+01:00" testType="13cdc9d9-ddb5-4fa4-a97d-d965ccfc6d4b" outcome="Passed" testListId="8c84fa94-04c1-424b-9868-57a2d4851a1d" relativeResultsDirectory="63ef4514-58a9-46ea-9ee7-af4d73875ba1" />
    <UnitTestResult executionId="32074f08-9af9-4bea-96c5-f0d58736bddd" testId="3b70b7a4-364d-c121-c73b-ded2f96e8718" testName="TestGetAlarmHistoryInvalidToken" computerName="DKSR-EFI-06" duration="00:00:00.0033017" startTime="2024-01-09T15:43:19.1384960+01:00" endTime="2024-01-09T15:43:19.1384960+01:00" testType="13cdc9d9-ddb5-4fa4-a97d-d965ccfc6d4b" outcome="Passed" testListId="8c84fa94-04c1-424b-9868-57a2d4851a1d" relativeResultsDirectory="32074f08-9af9-4bea-96c5-f0d58736bddd" />
    <UnitTestResult executionId="40d96c40-2829-4385-b137-36f9ae7e15ef" testId="ef8afd3a-3f31-f6d5-ab6d-4ac9daec90e6" testName="WebServiceCommandBaseTest_UserAndParameterValidation_Parameter_Null" computerName="DKSR-EFI-06" duration="00:00:00.0016646" startTime="2024-01-09T15:43:26.2166286+01:00" endTime="2024-01-09T15:43:26.2322509+01:00" testType="13cdc9d9-ddb5-4fa4-a97d-d965ccfc6d4b" outcome="Passed" testListId="8c84fa94-04c1-424b-9868-57a2d4851a1d" relativeResultsDirectory="40d96c40-2829-4385-b137-36f9ae7e15ef" />
    <UnitTestResult executionId="6ce031c8-8f5a-4301-82d3-7ede3dd86722" testId="82112499-e461-a72c-94d6-1c690c567494" testName="TestCacheCleanupMultipleSessionsMultipleUserIdsNoTouch" computerName="DKSR-EFI-06" duration="00:00:00.0016261" startTime="2024-01-09T15:43:27.0603762+01:00" endTime="2024-01-09T15:43:27.0603762+01:00" testType="13cdc9d9-ddb5-4fa4-a97d-d965ccfc6d4b" outcome="Passed" testListId="8c84fa94-04c1-424b-9868-57a2d4851a1d" relativeResultsDirectory="6ce031c8-8f5a-4301-82d3-7ede3dd86722" />
    <UnitTestResult executionId="228e335e-3275-4602-aa66-f0ef8f807f55" testId="dd9172a4-589d-2f12-840c-9e893bfa4aed" testName="TestGetStatusWithMarkForDeletionSubElements" computerName="DKSR-EFI-06" duration="00:00:00.0204868" startTime="2024-01-09T15:43:21.5291239+01:00" endTime="2024-01-09T15:43:21.5603750+01:00" testType="13cdc9d9-ddb5-4fa4-a97d-d965ccfc6d4b" outcome="Passed" testListId="8c84fa94-04c1-424b-9868-57a2d4851a1d" relativeResultsDirectory="228e335e-3275-4602-aa66-f0ef8f807f55" />
    <UnitTestResult executionId="e5fd0c33-6ac6-4f9e-a2ef-b3d60cb71f2a" testId="b4d58491-e9cb-e66c-e25b-083a1222939f" testName="TestGetAllObjectsOfTypeWithInvalidUser" computerName="DKSR-EFI-06" duration="00:00:00.0030314" startTime="2024-01-09T15:43:16.7322439+01:00" endTime="2024-01-09T15:43:16.7322439+01:00" testType="13cdc9d9-ddb5-4fa4-a97d-d965ccfc6d4b" outcome="Passed" testListId="8c84fa94-04c1-424b-9868-57a2d4851a1d" relativeResultsDirectory="e5fd0c33-6ac6-4f9e-a2ef-b3d60cb71f2a" />
    <UnitTestResult executionId="ff86293a-edd3-4441-a2bb-22e0bdb8e542" testId="e4f8b770-0d81-23f2-8871-d75af01e388b" testName="TestInitalizationWithException" computerName="DKSR-EFI-06" duration="00:00:00.0028251" startTime="2024-01-09T15:43:19.3103708+01:00" endTime="2024-01-09T15:43:19.3103708+01:00" testType="13cdc9d9-ddb5-4fa4-a97d-d965ccfc6d4b" outcome="Passed" testListId="8c84fa94-04c1-424b-9868-57a2d4851a1d" relativeResultsDirectory="ff86293a-edd3-4441-a2bb-22e0bdb8e542" />
    <UnitTestResult executionId="cd6f4b95-e951-4f41-b078-c58ef5a4d665" testId="27182808-95bc-ca7b-c30b-ad0be6d3ff3a" testName="TestGetVisualElementChangesWithNegativeTimeout" computerName="DKSR-EFI-06" duration="00:00:00.0011019" startTime="2024-01-09T15:43:17.7166198+01:00" endTime="2024-01-09T15:43:17.7166198+01:00" testType="13cdc9d9-ddb5-4fa4-a97d-d965ccfc6d4b" outcome="Passed" testListId="8c84fa94-04c1-424b-9868-57a2d4851a1d" relativeResultsDirectory="cd6f4b95-e951-4f41-b078-c58ef5a4d665" />
    <UnitTestResult executionId="2011493d-ec5f-4afd-9d40-92a64dfd335e" testId="f914520d-69ec-5ce6-58da-0eda15baf7b9" testName="TestGetObjectsWithinGPSAreaThrowingUnhandledException" computerName="DKSR-EFI-06" duration="00:00:00.0037847" startTime="2024-01-09T15:43:16.7634921+01:00" endTime="2024-01-09T15:43:16.7791178+01:00" testType="13cdc9d9-ddb5-4fa4-a97d-d965ccfc6d4b" outcome="Passed" testListId="8c84fa94-04c1-424b-9868-57a2d4851a1d" relativeResultsDirectory="2011493d-ec5f-4afd-9d40-92a64dfd335e" />
    <UnitTestResult executionId="cc497079-c8eb-49f9-a88f-2bf9258e6fbf" testId="a6dd3ec3-7984-cf17-bcf1-fb463e8dfb77" testName="TestConstruction" computerName="DKSR-EFI-06" duration="00:00:00.0001599" startTime="2024-01-09T15:43:06.8259658+01:00" endTime="2024-01-09T15:43:06.8259658+01:00" testType="13cdc9d9-ddb5-4fa4-a97d-d965ccfc6d4b" outcome="Passed" testListId="8c84fa94-04c1-424b-9868-57a2d4851a1d" relativeResultsDirectory="cc497079-c8eb-49f9-a88f-2bf9258e6fbf" />
    <UnitTestResult executionId="858da865-96b0-407a-af0f-64690f606ab4" testId="ce79ff04-29cf-8ada-ab53-58492db63b2c" testName="GetVisualizationChanges_ShouldReturnNull_IfThereAreNoChanges" computerName="DKSR-EFI-06" duration="00:00:00.2368117" startTime="2024-01-09T15:43:15.4197423+01:00" endTime="2024-01-09T15:43:15.6541162+01:00" testType="13cdc9d9-ddb5-4fa4-a97d-d965ccfc6d4b" outcome="Passed" testListId="8c84fa94-04c1-424b-9868-57a2d4851a1d" relativeResultsDirectory="858da865-96b0-407a-af0f-64690f606ab4" />
    <UnitTestResult executionId="fda69517-e3d7-4568-97fb-cb525aafe7a8" testId="4176d264-09e0-b06d-c159-5226ace99675" testName="TestAccessRequestActionHandlerConstruction" computerName="DKSR-EFI-06" duration="00:00:00.0133542" startTime="2024-01-09T15:43:25.9041270+01:00" endTime="2024-01-09T15:43:25.9041270+01:00" testType="13cdc9d9-ddb5-4fa4-a97d-d965ccfc6d4b" outcome="Passed" testListId="8c84fa94-04c1-424b-9868-57a2d4851a1d" relativeResultsDirectory="fda69517-e3d7-4568-97fb-cb525aafe7a8" />
    <UnitTestResult executionId="fee7e8cd-cbc3-404a-bb54-dc9116ffabc9" testId="91bf5645-44de-4716-0485-06a931ae32d4" testName="EventIdListTest_WebServiceEventIds_NotContainedInRecorderEventIds" computerName="DKSR-EFI-06" duration="00:00:00.0027468" startTime="2024-01-09T15:43:28.0447527+01:00" endTime="2024-01-09T15:43:28.0447527+01:00" testType="13cdc9d9-ddb5-4fa4-a97d-d965ccfc6d4b" outcome="Passed" testListId="8c84fa94-04c1-424b-9868-57a2d4851a1d" relativeResultsDirectory="fee7e8cd-cbc3-404a-bb54-dc9116ffabc9" />
    <UnitTestResult executionId="33250ab0-168d-4b03-a7f3-4992e2341309" testId="2f9c5de5-6323-bb6f-cda9-478c6409912a" testName="TestZeroItemCount" computerName="DKSR-EFI-06" duration="00:00:00.7514293" startTime="2024-01-09T15:43:12.6853584+01:00" endTime="2024-01-09T15:43:13.4353631+01:00" testType="13cdc9d9-ddb5-4fa4-a97d-d965ccfc6d4b" outcome="Passed" testListId="8c84fa94-04c1-424b-9868-57a2d4851a1d" relativeResultsDirectory="33250ab0-168d-4b03-a7f3-4992e2341309" />
    <UnitTestResult executionId="5a19dbd1-512a-487a-96b3-1805c01f7107" testId="67fe9761-0c53-3773-5339-ca492a2c95fb" testName="TestUpdateNameWithInvalidUser" computerName="DKSR-EFI-06" duration="00:00:00.0026428" startTime="2024-01-09T15:43:18.2478721+01:00" endTime="2024-01-09T15:43:18.2478721+01:00" testType="13cdc9d9-ddb5-4fa4-a97d-d965ccfc6d4b" outcome="Passed" testListId="8c84fa94-04c1-424b-9868-57a2d4851a1d" relativeResultsDirectory="5a19dbd1-512a-487a-96b3-1805c01f7107" />
    <UnitTestResult executionId="af879fee-f093-4470-b68b-c4731856e0c0" testId="f28a72d2-f52c-b928-fd98-3b108ba91ffd" testName="EventToBaseEventMapper_ReturnsBaseEvent_WhenNullData" computerName="DKSR-EFI-06" duration="00:00:00.0267509" startTime="2024-01-09T15:43:28.0916299+01:00" endTime="2024-01-09T15:43:28.1072524+01:00" testType="13cdc9d9-ddb5-4fa4-a97d-d965ccfc6d4b" outcome="Passed" testListId="8c84fa94-04c1-424b-9868-57a2d4851a1d" relativeResultsDirectory="af879fee-f093-4470-b68b-c4731856e0c0" />
    <UnitTestResult executionId="563d7fce-6580-4b9c-a32d-799cfc6c3d19" testId="f2f022f0-f838-e0b9-e71f-f55003805c0e" testName="TestUpdateElementDisplayXmlWithNonExistingId" computerName="DKSR-EFI-06" duration="00:00:00.0031771" startTime="2024-01-09T15:43:22.2166245+01:00" endTime="2024-01-09T15:43:22.2166245+01:00" testType="13cdc9d9-ddb5-4fa4-a97d-d965ccfc6d4b" outcome="Passed" testListId="8c84fa94-04c1-424b-9868-57a2d4851a1d" relativeResultsDirectory="563d7fce-6580-4b9c-a32d-799cfc6c3d19" />
    <UnitTestResult executionId="cde7352c-b353-4cac-a1f8-fb3bfb7eb3e5" testId="5eb5fc76-03b2-62e8-8227-9882898ba5dd" testName="FetchCache_ShouldNotDoAnything_IfUserIsNotWindowsUserOrBasicUser" computerName="DKSR-EFI-06" duration="00:00:00.1671200" startTime="2024-01-09T15:43:08.3572220+01:00" endTime="2024-01-09T15:43:08.5290963+01:00" testType="13cdc9d9-ddb5-4fa4-a97d-d965ccfc6d4b" outcome="Passed" testListId="8c84fa94-04c1-424b-9868-57a2d4851a1d" relativeResultsDirectory="cde7352c-b353-4cac-a1f8-fb3bfb7eb3e5" />
    <UnitTestResult executionId="a9f02d58-5f22-45c6-aecc-0539ed9d9f0f" testId="ed0ebeb4-a5f7-d235-ddf8-88e75feb1b8f" testName="TestGetVisualElementChangesWithInvalidUser" computerName="DKSR-EFI-06" duration="00:00:00.0025160" startTime="2024-01-09T15:43:18.1853714+01:00" endTime="2024-01-09T15:43:18.1853714+01:00" testType="13cdc9d9-ddb5-4fa4-a97d-d965ccfc6d4b" outcome="Passed" testListId="8c84fa94-04c1-424b-9868-57a2d4851a1d" relativeResultsDirectory="a9f02d58-5f22-45c6-aecc-0539ed9d9f0f" />
    <UnitTestResult executionId="c85b8d81-af9a-4a7b-be62-15a462807814" testId="301e1f2d-d1d4-56d4-fc38-da7889d0bf5e" testName="TestInitalizationWithBuildInTypeGuid" computerName="DKSR-EFI-06" duration="00:00:00.0036828" startTime="2024-01-09T15:43:19.2478743+01:00" endTime="2024-01-09T15:43:19.2634971+01:00" testType="13cdc9d9-ddb5-4fa4-a97d-d965ccfc6d4b" outcome="Passed" testListId="8c84fa94-04c1-424b-9868-57a2d4851a1d" relativeResultsDirectory="c85b8d81-af9a-4a7b-be62-15a462807814" />
    <UnitTestResult executionId="2dd512f9-d2ed-4db5-84ad-e0229b5398e6" testId="934eb40e-0cb9-2308-ec91-504d3c36e23a" testName="FetchCache_ShouldThrowArgumentNullException_WhenUserIdIsNull" computerName="DKSR-EFI-06" duration="00:00:00.6776407" startTime="2024-01-09T15:43:07.6853434+01:00" endTime="2024-01-09T15:43:08.3572220+01:00" testType="13cdc9d9-ddb5-4fa4-a97d-d965ccfc6d4b" outcome="Passed" testListId="8c84fa94-04c1-424b-9868-57a2d4851a1d" relativeResultsDirectory="2dd512f9-d2ed-4db5-84ad-e0229b5398e6" />
    <UnitTestResult executionId="bd4f25da-af74-4211-93f2-eebd36048778" testId="71d20668-151d-d940-3401-2af3efc860c6" testName="TestRemoveElementWithNonExistingId" computerName="DKSR-EFI-06" duration="00:00:00.0021164" startTime="2024-01-09T15:43:23.6853759+01:00" endTime="2024-01-09T15:43:23.6853759+01:00" testType="13cdc9d9-ddb5-4fa4-a97d-d965ccfc6d4b" outcome="Passed" testListId="8c84fa94-04c1-424b-9868-57a2d4851a1d" relativeResultsDirectory="bd4f25da-af74-4211-93f2-eebd36048778" />
    <UnitTestResult executionId="3debfae7-95c5-43aa-bc37-c0101e662f5b" testId="d325ee40-316b-6f9d-b0f9-6b523ec84e35" testName="TestUpdateAlarmWithPriority" computerName="DKSR-EFI-06" duration="00:00:00.0137736" startTime="2024-01-09T15:43:19.0291233+01:00" endTime="2024-01-09T15:43:19.0447485+01:00" testType="13cdc9d9-ddb5-4fa4-a97d-d965ccfc6d4b" outcome="Passed" testListId="8c84fa94-04c1-424b-9868-57a2d4851a1d" relativeResultsDirectory="3debfae7-95c5-43aa-bc37-c0101e662f5b" />
    <UnitTestResult executionId="867f73da-8f00-4217-a19d-acba88c06c47" testId="f2c10cca-fc55-f413-45c2-2521cc1961e2" testName="TestGetState" computerName="DKSR-EFI-06" duration="00:00:00.0010346" startTime="2024-01-09T15:43:25.1072503+01:00" endTime="2024-01-09T15:43:25.1228752+01:00" testType="13cdc9d9-ddb5-4fa4-a97d-d965ccfc6d4b" outcome="Passed" testListId="8c84fa94-04c1-424b-9868-57a2d4851a1d" relativeResultsDirectory="867f73da-8f00-4217-a19d-acba88c06c47" />
    <UnitTestResult executionId="6f8f7532-2829-4b2e-a753-92cb1ea0d1e6" testId="46c93511-7de3-b224-b0bc-10ed611b58bf" testName="TestCreateObjectWithServerIDInRelationID" computerName="DKSR-EFI-06" duration="00:00:00.0022791" startTime="2024-01-09T15:43:17.7634944+01:00" endTime="2024-01-09T15:43:17.7634944+01:00" testType="13cdc9d9-ddb5-4fa4-a97d-d965ccfc6d4b" outcome="Passed" testListId="8c84fa94-04c1-424b-9868-57a2d4851a1d" relativeResultsDirectory="6f8f7532-2829-4b2e-a753-92cb1ea0d1e6" />
    <UnitTestResult executionId="04ec295b-bde3-41c2-948c-7c3db77851a7" testId="6400e9ff-1959-05a6-4bbf-585c85889966" testName="TestCheckAuthorizationWithMultipleThreads" computerName="DKSR-EFI-06" duration="00:00:00.0079439" startTime="2024-01-09T15:43:27.2947532+01:00" endTime="2024-01-09T15:43:27.2947532+01:00" testType="13cdc9d9-ddb5-4fa4-a97d-d965ccfc6d4b" outcome="Passed" testListId="8c84fa94-04c1-424b-9868-57a2d4851a1d" relativeResultsDirectory="04ec295b-bde3-41c2-948c-7c3db77851a7" />
    <UnitTestResult executionId="74ec4913-7b75-4a4d-9003-e851d72b7e59" testId="708fca23-6d8e-9bd9-6995-a29d952babb8" testName="TestGetXML" computerName="DKSR-EFI-06" duration="00:00:00.0027937" startTime="2024-01-09T15:43:25.1541328+01:00" endTime="2024-01-09T15:43:25.1541328+01:00" testType="13cdc9d9-ddb5-4fa4-a97d-d965ccfc6d4b" outcome="Passed" testListId="8c84fa94-04c1-424b-9868-57a2d4851a1d" relativeResultsDirectory="74ec4913-7b75-4a4d-9003-e851d72b7e59" />
    <UnitTestResult executionId="4da02afe-f034-48e7-a810-2985b84c17b2" testId="2c2042bd-598d-0554-0801-edc0a6538e11" testName="TestConstructor" computerName="DKSR-EFI-06" duration="00:00:00.0017360" startTime="2024-01-09T15:43:24.4197527+01:00" endTime="2024-01-09T15:43:24.4197527+01:00" testType="13cdc9d9-ddb5-4fa4-a97d-d965ccfc6d4b" outcome="Passed" testListId="8c84fa94-04c1-424b-9868-57a2d4851a1d" relativeResultsDirectory="4da02afe-f034-48e7-a810-2985b84c17b2" />
    <UnitTestResult executionId="34e0340c-9f98-41f2-a67f-38165f367456" testId="df76bf6c-5619-810d-15bf-759f6cad4ac2" testName="TestSetVisualizationWithNullData" computerName="DKSR-EFI-06" duration="00:00:00.0019330" startTime="2024-01-09T15:43:22.1072494+01:00" endTime="2024-01-09T15:43:22.1072494+01:00" testType="13cdc9d9-ddb5-4fa4-a97d-d965ccfc6d4b" outcome="Passed" testListId="8c84fa94-04c1-424b-9868-57a2d4851a1d" relativeResultsDirectory="34e0340c-9f98-41f2-a67f-38165f367456" />
    <UnitTestResult executionId="f1f997bb-0bee-462d-8870-b2ce9d3633a1" testId="efe80498-3b69-482c-b182-5566dd79e1e4" testName="TestGetStatusForAllObjectsWithComplexCyclicMapsWithMultipleRoots" computerName="DKSR-EFI-06" duration="00:00:00.0280552" startTime="2024-01-09T15:43:21.7322496+01:00" endTime="2024-01-09T15:43:21.7634984+01:00" testType="13cdc9d9-ddb5-4fa4-a97d-d965ccfc6d4b" outcome="Passed" testListId="8c84fa94-04c1-424b-9868-57a2d4851a1d" relativeResultsDirectory="f1f997bb-0bee-462d-8870-b2ce9d3633a1" />
    <UnitTestResult executionId="c8e307a8-6ea8-44ae-a61c-34fb9f564312" testId="2e10328f-e53a-3f72-c895-1355a1a8e2b1" testName="TestUpdateElementsWithRelationIdAllreadyInUseButOnADifferentServer" computerName="DKSR-EFI-06" duration="00:00:00.0063577" startTime="2024-01-09T15:43:23.2166258+01:00" endTime="2024-01-09T15:43:23.2166258+01:00" testType="13cdc9d9-ddb5-4fa4-a97d-d965ccfc6d4b" outcome="Passed" testListId="8c84fa94-04c1-424b-9868-57a2d4851a1d" relativeResultsDirectory="c8e307a8-6ea8-44ae-a61c-34fb9f564312" />
    <UnitTestResult executionId="c5ab727f-6a9d-427e-a674-79a7699e525a" testId="627d6085-bf48-c781-4c08-b2437a409111" testName="TestUpdateElementDisplayXmlWithOwnerElement" computerName="DKSR-EFI-06" duration="00:00:00.0037674" startTime="2024-01-09T15:43:22.2478761+01:00" endTime="2024-01-09T15:43:22.2478761+01:00" testType="13cdc9d9-ddb5-4fa4-a97d-d965ccfc6d4b" outcome="Passed" testListId="8c84fa94-04c1-424b-9868-57a2d4851a1d" relativeResultsDirectory="c5ab727f-6a9d-427e-a674-79a7699e525a" />
    <UnitTestResult executionId="cb290114-195d-4799-a7c7-44405063aeb9" testId="b86c8948-f7d8-728c-6904-dc5d9758ae66" testName="TestRemoveElementAndChildElementsWithSameParentRelation" computerName="DKSR-EFI-06" duration="00:00:00.0285952" startTime="2024-01-09T15:43:24.0916293+01:00" endTime="2024-01-09T15:43:24.1228788+01:00" testType="13cdc9d9-ddb5-4fa4-a97d-d965ccfc6d4b" outcome="Passed" testListId="8c84fa94-04c1-424b-9868-57a2d4851a1d" relativeResultsDirectory="cb290114-195d-4799-a7c7-44405063aeb9" />
    <UnitTestResult executionId="91e1c1bf-6021-4d9f-834f-bb0c402443e8" testId="46b4ecf5-05d0-f8e3-bf13-32dcd4106e16" testName="TestGetStatusForAllObjectsWithComplexCyclicMaps" computerName="DKSR-EFI-06" duration="00:00:00.1982250" startTime="2024-01-09T15:43:21.7634984+01:00" endTime="2024-01-09T15:43:21.9666251+01:00" testType="13cdc9d9-ddb5-4fa4-a97d-d965ccfc6d4b" outcome="Passed" testListId="8c84fa94-04c1-424b-9868-57a2d4851a1d" relativeResultsDirectory="91e1c1bf-6021-4d9f-834f-bb0c402443e8" />
    <UnitTestResult executionId="b98e9dde-7424-4b78-a732-949ada8442cf" testId="b6d0d5a2-39a3-741c-8375-c98860dbcbd7" testName="TestCacheCleanupMultipleSessionsMultipleUserIdsTouch" computerName="DKSR-EFI-06" duration="00:00:00.0043831" startTime="2024-01-09T15:43:27.0603762+01:00" endTime="2024-01-09T15:43:27.0603762+01:00" testType="13cdc9d9-ddb5-4fa4-a97d-d965ccfc6d4b" outcome="Passed" testListId="8c84fa94-04c1-424b-9868-57a2d4851a1d" relativeResultsDirectory="b98e9dde-7424-4b78-a732-949ada8442cf" />
    <UnitTestResult executionId="b69f3ee4-3883-494f-8e07-e7830b58b9fb" testId="5b41c46b-1dee-ac44-4454-7eb6d7e505a2" testName="TestLogoutWithInvalidUser" computerName="DKSR-EFI-06" duration="00:00:00.0027044" startTime="2024-01-09T15:43:18.1228706+01:00" endTime="2024-01-09T15:43:18.1228706+01:00" testType="13cdc9d9-ddb5-4fa4-a97d-d965ccfc6d4b" outcome="Passed" testListId="8c84fa94-04c1-424b-9868-57a2d4851a1d" relativeResultsDirectory="b69f3ee4-3883-494f-8e07-e7830b58b9fb" />
    <UnitTestResult executionId="439ceac1-95b5-4520-bc58-72cce81611c4" testId="adb75ea3-f777-5203-f799-d1fc58ef10b1" testName="TestGetStatusDetails" computerName="DKSR-EFI-06" duration="00:00:00.0040991" startTime="2024-01-09T15:43:15.7322412+01:00" endTime="2024-01-09T15:43:15.7322412+01:00" testType="13cdc9d9-ddb5-4fa4-a97d-d965ccfc6d4b" outcome="Passed" testListId="8c84fa94-04c1-424b-9868-57a2d4851a1d" relativeResultsDirectory="439ceac1-95b5-4520-bc58-72cce81611c4" />
    <UnitTestResult executionId="bdafe00f-0222-48cd-bfd2-45a7641fa91c" testId="9aa67281-7545-6a5e-d053-6d25bc86f9c5" testName="TestCreateObjectNotAuthenticated" computerName="DKSR-EFI-06" duration="00:00:00.0016594" startTime="2024-01-09T15:43:17.2947453+01:00" endTime="2024-01-09T15:43:17.2947453+01:00" testType="13cdc9d9-ddb5-4fa4-a97d-d965ccfc6d4b" outcome="Passed" testListId="8c84fa94-04c1-424b-9868-57a2d4851a1d" relativeResultsDirectory="bdafe00f-0222-48cd-bfd2-45a7641fa91c" />
    <UnitTestResult executionId="9aa81f73-0085-43bd-8c32-80b2ef7f8645" testId="30ebb3a1-f6a2-0d2e-66f3-0fcd2f319718" testName="TestDeleteObjectAndChildObjectsWithInvalidUser" computerName="DKSR-EFI-06" duration="00:00:00.0026546" startTime="2024-01-09T15:43:18.1072458+01:00" endTime="2024-01-09T15:43:18.1072458+01:00" testType="13cdc9d9-ddb5-4fa4-a97d-d965ccfc6d4b" outcome="Passed" testListId="8c84fa94-04c1-424b-9868-57a2d4851a1d" relativeResultsDirectory="9aa81f73-0085-43bd-8c32-80b2ef7f8645" />
    <UnitTestResult executionId="877674c4-cccb-455d-8df3-dbbd210fffd6" testId="4b4d29b9-1f01-6004-91ad-6a8c4e6e9223" testName="TestItemUpdated" computerName="DKSR-EFI-06" duration="00:00:00.0041367" startTime="2024-01-09T15:43:20.4353740+01:00" endTime="2024-01-09T15:43:20.4353740+01:00" testType="13cdc9d9-ddb5-4fa4-a97d-d965ccfc6d4b" outcome="Passed" testListId="8c84fa94-04c1-424b-9868-57a2d4851a1d" relativeResultsDirectory="877674c4-cccb-455d-8df3-dbbd210fffd6" />
    <UnitTestResult executionId="0b0fe989-6e75-4fff-9757-c9643b7ad0f5" testId="af9c99ee-b8a6-0e24-b2bf-4eac5291d249" testName="TestConstructorWithDifferentConfigHost" computerName="DKSR-EFI-06" duration="00:00:00.0010434" startTime="2024-01-09T15:43:27.5603778+01:00" endTime="2024-01-09T15:43:27.5603778+01:00" testType="13cdc9d9-ddb5-4fa4-a97d-d965ccfc6d4b" outcome="Passed" testListId="8c84fa94-04c1-424b-9868-57a2d4851a1d" relativeResultsDirectory="0b0fe989-6e75-4fff-9757-c9643b7ad0f5" />
    <UnitTestResult executionId="6edaeb27-45d3-4f56-8005-95629a0c95ff" testId="cc2dff21-ba04-a7ac-99ca-7f01ecfb6b50" testName="TestAddUserAfterStart" computerName="DKSR-EFI-06" duration="00:00:00.0087178" startTime="2024-01-09T15:43:27.4822522+01:00" endTime="2024-01-09T15:43:27.4822522+01:00" testType="13cdc9d9-ddb5-4fa4-a97d-d965ccfc6d4b" outcome="Passed" testListId="8c84fa94-04c1-424b-9868-57a2d4851a1d" relativeResultsDirectory="6edaeb27-45d3-4f56-8005-95629a0c95ff" />
    <UnitTestResult executionId="3596bc8b-d13c-4ac8-8316-e42c9b75258e" testId="fafe1e8b-9920-8e35-4aa7-745a0e0735b3" testName="TestDeleteObjectsWithInvalidUser" computerName="DKSR-EFI-06" duration="00:00:00.0026006" startTime="2024-01-09T15:43:18.0916276+01:00" endTime="2024-01-09T15:43:18.0916276+01:00" testType="13cdc9d9-ddb5-4fa4-a97d-d965ccfc6d4b" outcome="Passed" testListId="8c84fa94-04c1-424b-9868-57a2d4851a1d" relativeResultsDirectory="3596bc8b-d13c-4ac8-8316-e42c9b75258e" />
    <UnitTestResult executionId="4a8addb4-5f43-4f57-8033-49569629cba3" testId="fb90f6f4-d115-8815-e75c-a204c1c932cc" testName="TestConstructor" computerName="DKSR-EFI-06" duration="00:00:00.0019140" startTime="2024-01-09T15:43:20.3103762+01:00" endTime="2024-01-09T15:43:20.3259990+01:00" testType="13cdc9d9-ddb5-4fa4-a97d-d965ccfc6d4b" outcome="Passed" testListId="8c84fa94-04c1-424b-9868-57a2d4851a1d" relativeResultsDirectory="4a8addb4-5f43-4f57-8033-49569629cba3" />
    <UnitTestResult executionId="57cc04f0-4e8e-46ba-ba3e-bd28f592348b" testId="54628e5e-9bc2-e168-4fa6-b236a923fcfe" testName="TestInsertElementsWithSameRelationIdAsExistingElementButOnADifferentServer" computerName="DKSR-EFI-06" duration="00:00:00.0067659" startTime="2024-01-09T15:43:22.9353736+01:00" endTime="2024-01-09T15:43:22.9353736+01:00" testType="13cdc9d9-ddb5-4fa4-a97d-d965ccfc6d4b" outcome="Passed" testListId="8c84fa94-04c1-424b-9868-57a2d4851a1d" relativeResultsDirectory="57cc04f0-4e8e-46ba-ba3e-bd28f592348b" />
    <UnitTestResult executionId="d7a7678e-1631-4aef-a793-c90cdb05cc39" testId="bd8fc143-df78-30fb-c5ab-4fca27562b57" testName="TestGetStatusWithForeignServerIDs" computerName="DKSR-EFI-06" duration="00:00:00.0040554" startTime="2024-01-09T15:43:15.1228657+01:00" endTime="2024-01-09T15:43:15.1228657+01:00" testType="13cdc9d9-ddb5-4fa4-a97d-d965ccfc6d4b" outcome="Passed" testListId="8c84fa94-04c1-424b-9868-57a2d4851a1d" relativeResultsDirectory="d7a7678e-1631-4aef-a793-c90cdb05cc39" />
    <UnitTestResult executionId="33333c58-33dd-4143-b442-c1381997e940" testId="ffbab35b-742f-82c4-d5ad-0fa0ce013dac" testName="WebServiceCommandBaseTest_UserAndParameterValidation_ValidateUserFails" computerName="DKSR-EFI-06" duration="00:00:00.0014204" startTime="2024-01-09T15:43:26.2322509+01:00" endTime="2024-01-09T15:43:26.2322509+01:00" testType="13cdc9d9-ddb5-4fa4-a97d-d965ccfc6d4b" outcome="Passed" testListId="8c84fa94-04c1-424b-9868-57a2d4851a1d" relativeResultsDirectory="33333c58-33dd-4143-b442-c1381997e940" />
    <UnitTestResult executionId="07410484-60ae-411d-b082-5ffb586ab481" testId="ef9e8ef1-7480-4948-d154-095198b2522f" testName="TestCreateObjectThrowingUnhandledException" computerName="DKSR-EFI-06" duration="00:00:00.0083523" startTime="2024-01-09T15:43:16.6072434+01:00" endTime="2024-01-09T15:43:16.6228702+01:00" testType="13cdc9d9-ddb5-4fa4-a97d-d965ccfc6d4b" outcome="Passed" testListId="8c84fa94-04c1-424b-9868-57a2d4851a1d" relativeResultsDirectory="07410484-60ae-411d-b082-5ffb586ab481" />
    <UnitTestResult executionId="9e98324e-0a4a-4906-889e-b919fccb9f0b" testId="6d723e59-8d3b-fb38-246d-45407ced1558" testName="TestGetVisualizationWithNullData" computerName="DKSR-EFI-06" duration="00:00:00.0011577" startTime="2024-01-09T15:43:22.0916232+01:00" endTime="2024-01-09T15:43:22.0916232+01:00" testType="13cdc9d9-ddb5-4fa4-a97d-d965ccfc6d4b" outcome="Passed" testListId="8c84fa94-04c1-424b-9868-57a2d4851a1d" relativeResultsDirectory="9e98324e-0a4a-4906-889e-b919fccb9f0b" />
    <UnitTestResult executionId="47b75b0d-a743-4fbc-bb66-168601115fa4" testId="111b0480-95b0-23ba-c017-41ef618587ea" testName="TryGetEventGroupRetention_ShouldReturnTrueAndOutputExpirationTime_WhenEventGroupExists" computerName="DKSR-EFI-06" duration="00:00:00.0014321" startTime="2024-01-09T15:43:28.5603785+01:00" endTime="2024-01-09T15:43:28.5603785+01:00" testType="13cdc9d9-ddb5-4fa4-a97d-d965ccfc6d4b" outcome="Passed" testListId="8c84fa94-04c1-424b-9868-57a2d4851a1d" relativeResultsDirectory="47b75b0d-a743-4fbc-bb66-168601115fa4" />
    <UnitTestResult executionId="df7cf99d-16ae-4fd1-b5cb-5dbb6a268ca0" testId="f58950ee-e6c3-81cd-8922-0a07966b4341" testName="TestIconWithNull" computerName="DKSR-EFI-06" duration="00:00:00.0001405" startTime="2024-01-09T15:43:19.3728716+01:00" endTime="2024-01-09T15:43:19.3728716+01:00" testType="13cdc9d9-ddb5-4fa4-a97d-d965ccfc6d4b" outcome="Passed" testListId="8c84fa94-04c1-424b-9868-57a2d4851a1d" relativeResultsDirectory="df7cf99d-16ae-4fd1-b5cb-5dbb6a268ca0" />
    <UnitTestResult executionId="3df30144-885d-445c-ab70-aa007fbb04f0" testId="ac15a26e-7ca7-73ef-1884-cd2492b96da4" testName="TestGetVisualizationThrowingUnhandledException" computerName="DKSR-EFI-06" duration="00:00:00.0053230" startTime="2024-01-09T15:43:15.2322390+01:00" endTime="2024-01-09T15:43:15.2478648+01:00" testType="13cdc9d9-ddb5-4fa4-a97d-d965ccfc6d4b" outcome="Passed" testListId="8c84fa94-04c1-424b-9868-57a2d4851a1d" relativeResultsDirectory="3df30144-885d-445c-ab70-aa007fbb04f0" />
    <UnitTestResult executionId="23db0450-82be-4eb3-b1b3-1768f0d7f126" testId="e2f48753-f22e-c0ac-7e89-4c2869a12297" testName="TestGetVisualElementChangesWithInvalidId" computerName="DKSR-EFI-06" duration="00:00:00.0041525" startTime="2024-01-09T15:43:24.2010019+01:00" endTime="2024-01-09T15:43:24.2010019+01:00" testType="13cdc9d9-ddb5-4fa4-a97d-d965ccfc6d4b" outcome="Passed" testListId="8c84fa94-04c1-424b-9868-57a2d4851a1d" relativeResultsDirectory="23db0450-82be-4eb3-b1b3-1768f0d7f126" />
    <UnitTestResult executionId="4e93cfd0-a23b-4172-bb45-ff007f3c75af" testId="fbfea2c3-4942-2b1b-7392-35cb54fb0985" testName="TestAddUserAfterConfigHostAdded" computerName="DKSR-EFI-06" duration="00:00:00.0084388" startTime="2024-01-09T15:43:27.4822522+01:00" endTime="2024-01-09T15:43:27.4978789+01:00" testType="13cdc9d9-ddb5-4fa4-a97d-d965ccfc6d4b" outcome="Passed" testListId="8c84fa94-04c1-424b-9868-57a2d4851a1d" relativeResultsDirectory="4e93cfd0-a23b-4172-bb45-ff007f3c75af" />
    <UnitTestResult executionId="2900ae82-4d73-4c4d-94a8-cebd03d5daff" testId="041625b6-13cb-062f-99b2-d9de901b49d9" testName="TestOneACSystemPLUnsupportedOneACSystemPLUnsupportedButEnabled" computerName="DKSR-EFI-06" duration="00:00:00.0017760" startTime="2024-01-09T15:43:27.1541272+01:00" endTime="2024-01-09T15:43:27.1541272+01:00" testType="13cdc9d9-ddb5-4fa4-a97d-d965ccfc6d4b" outcome="Passed" testListId="8c84fa94-04c1-424b-9868-57a2d4851a1d" relativeResultsDirectory="2900ae82-4d73-4c4d-94a8-cebd03d5daff" />
    <UnitTestResult executionId="0241a3bc-9d9a-410d-a735-9617691674ac" testId="a7129e47-f514-c184-12bf-648b55307ce8" testName="TestCopyObject" computerName="DKSR-EFI-06" duration="00:00:00.0120982" startTime="2024-01-09T15:43:24.4041266+01:00" endTime="2024-01-09T15:43:24.4197527+01:00" testType="13cdc9d9-ddb5-4fa4-a97d-d965ccfc6d4b" outcome="Passed" testListId="8c84fa94-04c1-424b-9868-57a2d4851a1d" relativeResultsDirectory="0241a3bc-9d9a-410d-a735-9617691674ac" />
    <UnitTestResult executionId="92f21c08-f5f6-44d3-8c0b-c2fb953da863" testId="543d6f50-9e83-2086-ac17-bf4b4b11b747" testName="TestCheckAuthorizationWithWindowsUser" computerName="DKSR-EFI-06" duration="00:00:00.0214465" startTime="2024-01-09T15:43:27.2322525+01:00" endTime="2024-01-09T15:43:27.2478792+01:00" testType="13cdc9d9-ddb5-4fa4-a97d-d965ccfc6d4b" outcome="Passed" testListId="8c84fa94-04c1-424b-9868-57a2d4851a1d" relativeResultsDirectory="92f21c08-f5f6-44d3-8c0b-c2fb953da863" />
    <UnitTestResult executionId="a14f7864-d106-46d8-b326-98d7dbb28342" testId="db5bc05e-7d03-39dc-7c3d-a33059c48f9f" testName="CreateObjects_WithValidParameters" computerName="DKSR-EFI-06" duration="00:00:00.0056450" startTime="2024-01-09T15:43:16.6228702+01:00" endTime="2024-01-09T15:43:16.6228702+01:00" testType="13cdc9d9-ddb5-4fa4-a97d-d965ccfc6d4b" outcome="Passed" testListId="8c84fa94-04c1-424b-9868-57a2d4851a1d" relativeResultsDirectory="a14f7864-d106-46d8-b326-98d7dbb28342" />
    <UnitTestResult executionId="d0817539-0e8b-4949-943d-360c9f21d752" testId="72eb27aa-9e70-3f4a-e8b3-b15e09b50910" testName="TestCheckAuthorizationWithMultipleWindowsUser" computerName="DKSR-EFI-06" duration="00:00:00.0057114" startTime="2024-01-09T15:43:27.2478792+01:00" endTime="2024-01-09T15:43:27.2635009+01:00" testType="13cdc9d9-ddb5-4fa4-a97d-d965ccfc6d4b" outcome="Passed" testListId="8c84fa94-04c1-424b-9868-57a2d4851a1d" relativeResultsDirectory="d0817539-0e8b-4949-943d-360c9f21d752" />
    <UnitTestResult executionId="cdcca798-06e7-4080-b323-5f6bd66ed41c" testId="5eb2b56a-cb9f-8a13-72a8-1dedbe4703eb" testName="WhenAlarmSearchCriteriaWithWrongFieldNamesThenException" computerName="DKSR-EFI-06" duration="00:00:00.0009099" startTime="2024-01-09T15:43:26.3572522+01:00" endTime="2024-01-09T15:43:26.3572522+01:00" testType="13cdc9d9-ddb5-4fa4-a97d-d965ccfc6d4b" outcome="Passed" testListId="8c84fa94-04c1-424b-9868-57a2d4851a1d" relativeResultsDirectory="cdcca798-06e7-4080-b323-5f6bd66ed41c" />
    <UnitTestResult executionId="f319b32d-8a99-4d15-9594-c33ed8df453c" testId="e723873f-ed52-5989-552e-87e4aa20036a" testName="TestServiceInfoExists" computerName="DKSR-EFI-06" duration="00:00:00.0018242" startTime="2024-01-09T15:43:25.7791250+01:00" endTime="2024-01-09T15:43:25.7791250+01:00" testType="13cdc9d9-ddb5-4fa4-a97d-d965ccfc6d4b" outcome="Passed" testListId="8c84fa94-04c1-424b-9868-57a2d4851a1d" relativeResultsDirectory="f319b32d-8a99-4d15-9594-c33ed8df453c" />
    <UnitTestResult executionId="edd414e9-dc0d-4b0b-bcd0-daad05321bbe" testId="e7850e2b-39d7-effe-6d3e-ea817bc5c9f9" testName="TestGetPlugInItemsNotAuthenticated" computerName="DKSR-EFI-06" duration="00:00:00.0017397" startTime="2024-01-09T15:43:17.6072457+01:00" endTime="2024-01-09T15:43:17.6072457+01:00" testType="13cdc9d9-ddb5-4fa4-a97d-d965ccfc6d4b" outcome="Passed" testListId="8c84fa94-04c1-424b-9868-57a2d4851a1d" relativeResultsDirectory="edd414e9-dc0d-4b0b-bcd0-daad05321bbe" />
    <UnitTestResult executionId="bee4f67a-99f6-46c3-bc73-719506303079" testId="deff660e-f447-afb1-3182-fea93a06e1e0" testName="LookupGroupId_ShouldReturnGroupId_WhenEventIsPluginEvent" computerName="DKSR-EFI-06" duration="00:00:00.0952075" startTime="2024-01-09T15:43:29.9197526+01:00" endTime="2024-01-09T15:43:30.0135032+01:00" testType="13cdc9d9-ddb5-4fa4-a97d-d965ccfc6d4b" outcome="Passed" testListId="8c84fa94-04c1-424b-9868-57a2d4851a1d" relativeResultsDirectory="bee4f67a-99f6-46c3-bc73-719506303079" />
    <UnitTestResult executionId="6ec99407-6413-42c3-beb7-9e69ca8bb87c" testId="542757a2-c1f0-a4d3-0091-b8dd7476d0ae" testName="TestSeveralConfigHostAdded" computerName="DKSR-EFI-06" duration="00:00:00.0034858" startTime="2024-01-09T15:43:27.4510043+01:00" endTime="2024-01-09T15:43:27.4510043+01:00" testType="13cdc9d9-ddb5-4fa4-a97d-d965ccfc6d4b" outcome="Passed" testListId="8c84fa94-04c1-424b-9868-57a2d4851a1d" relativeResultsDirectory="6ec99407-6413-42c3-beb7-9e69ca8bb87c" />
    <UnitTestResult executionId="2a5ffaa2-994c-4a4d-9ca0-9a9f94cdde42" testId="8536e151-edc3-ab1b-23e8-57399f33348f" testName="TestGetVisualization" computerName="DKSR-EFI-06" duration="00:00:00.0050640" startTime="2024-01-09T15:43:14.3572767+01:00" endTime="2024-01-09T15:43:14.3572767+01:00" testType="13cdc9d9-ddb5-4fa4-a97d-d965ccfc6d4b" outcome="Passed" testListId="8c84fa94-04c1-424b-9868-57a2d4851a1d" relativeResultsDirectory="2a5ffaa2-994c-4a4d-9ca0-9a9f94cdde42" />
    <UnitTestResult executionId="c139c941-6657-4acf-9860-90af142385df" testId="73be019d-1c26-14f4-6197-8702434cb789" testName="TestGetVisualizationChangesWithNullData" computerName="DKSR-EFI-06" duration="00:00:00.5122704" startTime="2024-01-09T15:43:14.5291144+01:00" endTime="2024-01-09T15:43:15.0447402+01:00" testType="13cdc9d9-ddb5-4fa4-a97d-d965ccfc6d4b" outcome="Passed" testListId="8c84fa94-04c1-424b-9868-57a2d4851a1d" relativeResultsDirectory="c139c941-6657-4acf-9860-90af142385df" />
    <UnitTestResult executionId="a69b0723-59fc-4113-a1e2-912c2f7d6d96" testId="9aea92bd-a732-8732-3286-9126a7e2884c" testName="DeleteObjectAndChildObjects_WithValidParameters" computerName="DKSR-EFI-06" duration="00:00:00.0048586" startTime="2024-01-09T15:43:16.8728684+01:00" endTime="2024-01-09T15:43:16.8884938+01:00" testType="13cdc9d9-ddb5-4fa4-a97d-d965ccfc6d4b" outcome="Passed" testListId="8c84fa94-04c1-424b-9868-57a2d4851a1d" relativeResultsDirectory="a69b0723-59fc-4113-a1e2-912c2f7d6d96" />
    <UnitTestResult executionId="06c0cd5a-258b-4a84-82f2-637a1dc0bb04" testId="58b7e4c2-677e-eaa1-ffab-7fefdbb47c57" testName="TestCreateObjectsWithValidParameters" computerName="DKSR-EFI-06" duration="00:00:00.0041755" startTime="2024-01-09T15:43:17.3103713+01:00" endTime="2024-01-09T15:43:17.3103713+01:00" testType="13cdc9d9-ddb5-4fa4-a97d-d965ccfc6d4b" outcome="Passed" testListId="8c84fa94-04c1-424b-9868-57a2d4851a1d" relativeResultsDirectory="06c0cd5a-258b-4a84-82f2-637a1dc0bb04" />
    <UnitTestResult executionId="9eacc7a0-fec3-42b9-ac2e-92c386642313" testId="ac7d45c0-1e3b-1eeb-0bbd-c6016a588e61" testName="GetVisualElementObjectTypeTest" computerName="DKSR-EFI-06" duration="00:00:00.0044892" startTime="2024-01-09T15:43:13.7478637+01:00" endTime="2024-01-09T15:43:13.7634887+01:00" testType="13cdc9d9-ddb5-4fa4-a97d-d965ccfc6d4b" outcome="Passed" testListId="8c84fa94-04c1-424b-9868-57a2d4851a1d" relativeResultsDirectory="9eacc7a0-fec3-42b9-ac2e-92c386642313" />
    <UnitTestResult executionId="68895556-c182-48ac-ae91-5fab5bd9258f" testId="e034f180-6179-db89-a0d9-ee482132bcaf" testName="UnsubscribeEventReceiver_ReturnsTrue_WhenAlreadySubscribed" computerName="DKSR-EFI-06" duration="00:00:00.0004362" startTime="2024-01-09T15:43:27.9822524+01:00" endTime="2024-01-09T15:43:27.9822524+01:00" testType="13cdc9d9-ddb5-4fa4-a97d-d965ccfc6d4b" outcome="Passed" testListId="8c84fa94-04c1-424b-9868-57a2d4851a1d" relativeResultsDirectory="68895556-c182-48ac-ae91-5fab5bd9258f" />
    <UnitTestResult executionId="3f73c878-d4b4-4004-99bc-bd11303c8246" testId="a12f3afc-4dde-52fd-5e8c-5f5aa241141f" testName="TestGetStatusDetailThrowingUnhandledException" computerName="DKSR-EFI-06" duration="00:00:00.0043543" startTime="2024-01-09T15:43:14.3259887+01:00" endTime="2024-01-09T15:43:14.3259887+01:00" testType="13cdc9d9-ddb5-4fa4-a97d-d965ccfc6d4b" outcome="Passed" testListId="8c84fa94-04c1-424b-9868-57a2d4851a1d" relativeResultsDirectory="3f73c878-d4b4-4004-99bc-bd11303c8246" />
    <UnitTestResult executionId="9076a640-5868-44e5-8969-49604c20f398" testId="469315c8-1cc6-451a-cd46-08337cc7ecdb" testName="TestGetIconDataThrowingUnhandledException" computerName="DKSR-EFI-06" duration="00:00:00.0044728" startTime="2024-01-09T15:43:17.0291209+01:00" endTime="2024-01-09T15:43:17.0291209+01:00" testType="13cdc9d9-ddb5-4fa4-a97d-d965ccfc6d4b" outcome="Passed" testListId="8c84fa94-04c1-424b-9868-57a2d4851a1d" relativeResultsDirectory="9076a640-5868-44e5-8969-49604c20f398" />
    <UnitTestResult executionId="080ef961-686e-4b00-9b61-18ae919b5df8" testId="4228247f-6a8d-38cc-9a22-d89e1da014a8" testName="GetAllObjectsOnVisualElement_WithValidParameters" computerName="DKSR-EFI-06" duration="00:00:00.0046662" startTime="2024-01-09T15:43:16.7322439+01:00" endTime="2024-01-09T15:43:16.7478692+01:00" testType="13cdc9d9-ddb5-4fa4-a97d-d965ccfc6d4b" outcome="Passed" testListId="8c84fa94-04c1-424b-9868-57a2d4851a1d" relativeResultsDirectory="080ef961-686e-4b00-9b61-18ae919b5df8" />
    <UnitTestResult executionId="89760e8e-fb18-40e4-b8a5-45a52fd90190" testId="92de626a-e1fe-77de-7215-859b49c72475" testName="TestUpdateObjectsThrowingUnhandledException" computerName="DKSR-EFI-06" duration="00:00:00.0041585" startTime="2024-01-09T15:43:17.3572443+01:00" endTime="2024-01-09T15:43:17.3572443+01:00" testType="13cdc9d9-ddb5-4fa4-a97d-d965ccfc6d4b" outcome="Passed" testListId="8c84fa94-04c1-424b-9868-57a2d4851a1d" relativeResultsDirectory="89760e8e-fb18-40e4-b8a5-45a52fd90190" />
    <UnitTestResult executionId="437f583f-7564-4ff3-b543-969f89f0ea08" testId="6ac0cf3c-db4c-fde0-6a5a-d4869aa3cb65" testName="TestUpdateElementBoundsWithOldTimestampAndForce" computerName="DKSR-EFI-06" duration="00:00:00.0042514" startTime="2024-01-09T15:43:22.2166245+01:00" endTime="2024-01-09T15:43:22.2166245+01:00" testType="13cdc9d9-ddb5-4fa4-a97d-d965ccfc6d4b" outcome="Passed" testListId="8c84fa94-04c1-424b-9868-57a2d4851a1d" relativeResultsDirectory="437f583f-7564-4ff3-b543-969f89f0ea08" />
    <UnitTestResult executionId="03bc45d9-cabd-4e1a-92da-c690ac3b0ad0" testId="fd87e8bf-a3f1-615f-638a-3909aaf07ae4" testName="TestGetPlugInItemChangesThrowingUnhandledException" computerName="DKSR-EFI-06" duration="00:00:00.0031686" startTime="2024-01-09T15:43:18.3416264+01:00" endTime="2024-01-09T15:43:18.3572480+01:00" testType="13cdc9d9-ddb5-4fa4-a97d-d965ccfc6d4b" outcome="Passed" testListId="8c84fa94-04c1-424b-9868-57a2d4851a1d" relativeResultsDirectory="03bc45d9-cabd-4e1a-92da-c690ac3b0ad0" />
    <UnitTestResult executionId="a6acc13e-2b5c-4e2f-8d58-3b193a34e83a" testId="b75eadaf-ca79-0fa3-f481-7827d3fdbfc2" testName="TestLogoutThrowingUnhandledException" computerName="DKSR-EFI-06" duration="00:00:00.0031284" startTime="2024-01-09T15:43:18.1384945+01:00" endTime="2024-01-09T15:43:18.1384945+01:00" testType="13cdc9d9-ddb5-4fa4-a97d-d965ccfc6d4b" outcome="Passed" testListId="8c84fa94-04c1-424b-9868-57a2d4851a1d" relativeResultsDirectory="a6acc13e-2b5c-4e2f-8d58-3b193a34e83a" />
    <UnitTestResult executionId="8fe1993f-63d1-4824-9f80-96c084730f0b" testId="60131f95-3126-ce3c-ffb5-ec094d16105b" testName="Handle_ShouldNotFlattenValuesBasedOnPriorityNameAndValue_WhenPriorityNameIsInvalid" computerName="DKSR-EFI-06" duration="00:00:00.0009463" startTime="2024-01-09T15:43:30.5447535+01:00" endTime="2024-01-09T15:43:30.5447535+01:00" testType="13cdc9d9-ddb5-4fa4-a97d-d965ccfc6d4b" outcome="Passed" testListId="8c84fa94-04c1-424b-9868-57a2d4851a1d" relativeResultsDirectory="8fe1993f-63d1-4824-9f80-96c084730f0b" />
    <UnitTestResult executionId="f307919f-8b49-4c4e-b21f-d67530b9e803" testId="edd13736-1fb5-6759-bf44-2515873ea04b" testName="EventConverter_ParseMetadata_Metadata_Unsupported_Key" computerName="DKSR-EFI-06" duration="00:00:00.0082394" startTime="2024-01-09T15:43:26.6228758+01:00" endTime="2024-01-09T15:43:26.6385008+01:00" testType="13cdc9d9-ddb5-4fa4-a97d-d965ccfc6d4b" outcome="Passed" testListId="8c84fa94-04c1-424b-9868-57a2d4851a1d" relativeResultsDirectory="f307919f-8b49-4c4e-b21f-d67530b9e803" />
    <UnitTestResult executionId="a6e0f8e3-783d-4fa0-9aa6-607322d2918d" testId="112a36d7-dc83-2422-8216-78a3ebc7ca6a" testName="TestUpdateElementWithValidIdAndNullVisualOwnerId" computerName="DKSR-EFI-06" duration="00:00:00.0074533" startTime="2024-01-09T15:43:22.9666249+01:00" endTime="2024-01-09T15:43:22.9822492+01:00" testType="13cdc9d9-ddb5-4fa4-a97d-d965ccfc6d4b" outcome="Passed" testListId="8c84fa94-04c1-424b-9868-57a2d4851a1d" relativeResultsDirectory="a6e0f8e3-783d-4fa0-9aa6-607322d2918d" />
    <UnitTestResult executionId="f22abbf9-5859-461f-8535-70df5fa5b39f" testId="c8a5b676-dccb-ef85-25d7-22cd0f991d41" testName="TestGetStatusWithSameItemsInDifferentLevels" computerName="DKSR-EFI-06" duration="00:00:00.0167930" startTime="2024-01-09T15:43:21.5603750+01:00" endTime="2024-01-09T15:43:21.5759998+01:00" testType="13cdc9d9-ddb5-4fa4-a97d-d965ccfc6d4b" outcome="Passed" testListId="8c84fa94-04c1-424b-9868-57a2d4851a1d" relativeResultsDirectory="f22abbf9-5859-461f-8535-70df5fa5b39f" />
    <UnitTestResult executionId="969574f9-882b-4b39-8413-19fef7454a91" testId="5d472274-e651-49db-a19f-9c9fc5e07861" testName="TestGetVisualElementChangesNotAuthenticated" computerName="DKSR-EFI-06" duration="00:00:00.0016812" startTime="2024-01-09T15:43:17.7166198+01:00" endTime="2024-01-09T15:43:17.7166198+01:00" testType="13cdc9d9-ddb5-4fa4-a97d-d965ccfc6d4b" outcome="Passed" testListId="8c84fa94-04c1-424b-9868-57a2d4851a1d" relativeResultsDirectory="969574f9-882b-4b39-8413-19fef7454a91" />
    <UnitTestResult executionId="47183067-3d88-41bd-8886-72dbec48e373" testId="5d8b5611-79f1-dd5d-ad97-7b4e8e39121c" testName="TestGetServiceInfos" computerName="DKSR-EFI-06" duration="00:00:00.0044093" startTime="2024-01-09T15:43:25.7323300+01:00" endTime="2024-01-09T15:43:25.7323300+01:00" testType="13cdc9d9-ddb5-4fa4-a97d-d965ccfc6d4b" outcome="Passed" testListId="8c84fa94-04c1-424b-9868-57a2d4851a1d" relativeResultsDirectory="47183067-3d88-41bd-8886-72dbec48e373" />
    <UnitTestResult executionId="4c14170b-28c0-4e07-af69-472ac26011db" testId="7d6993e3-5332-2d72-c5fa-04a2e45df77a" testName="TestInitalization" computerName="DKSR-EFI-06" duration="00:00:00.0524737" startTime="2024-01-09T15:43:19.1853726+01:00" endTime="2024-01-09T15:43:19.2478743+01:00" testType="13cdc9d9-ddb5-4fa4-a97d-d965ccfc6d4b" outcome="Passed" testListId="8c84fa94-04c1-424b-9868-57a2d4851a1d" relativeResultsDirectory="4c14170b-28c0-4e07-af69-472ac26011db" />
    <UnitTestResult executionId="3cbd9aa9-d01b-40ca-bdaa-a7aa561a520a" testId="330158ae-6f44-a1bc-0496-e8414b808346" testName="TestInsertElementWithServerIdInRelationId" computerName="DKSR-EFI-06" duration="00:00:00.0082759" startTime="2024-01-09T15:43:22.7478745+01:00" endTime="2024-01-09T15:43:22.7478745+01:00" testType="13cdc9d9-ddb5-4fa4-a97d-d965ccfc6d4b" outcome="Passed" testListId="8c84fa94-04c1-424b-9868-57a2d4851a1d" relativeResultsDirectory="3cbd9aa9-d01b-40ca-bdaa-a7aa561a520a" />
    <UnitTestResult executionId="7b5d88d7-55dd-4dec-be55-601fc76647e9" testId="de539491-b743-7788-0879-8bb78cde3ebf" testName="TestItemUpdatedWithANewItem" computerName="DKSR-EFI-06" duration="00:00:00.0012504" startTime="2024-01-09T15:43:20.4510010+01:00" endTime="2024-01-09T15:43:20.4510010+01:00" testType="13cdc9d9-ddb5-4fa4-a97d-d965ccfc6d4b" outcome="Passed" testListId="8c84fa94-04c1-424b-9868-57a2d4851a1d" relativeResultsDirectory="7b5d88d7-55dd-4dec-be55-601fc76647e9" />
    <UnitTestResult executionId="062562ad-ee88-4fc6-906c-ad81d6fdbb7c" testId="998494cc-a3bd-af9d-027c-c56c7e84515d" testName="TestInsertElement" computerName="DKSR-EFI-06" duration="00:00:00.0236961" startTime="2024-01-09T15:43:22.4041253+01:00" endTime="2024-01-09T15:43:22.4197485+01:00" testType="13cdc9d9-ddb5-4fa4-a97d-d965ccfc6d4b" outcome="Passed" testListId="8c84fa94-04c1-424b-9868-57a2d4851a1d" relativeResultsDirectory="062562ad-ee88-4fc6-906c-ad81d6fdbb7c" />
    <UnitTestResult executionId="247903c5-73f7-4572-a2a3-4c931e3887a6" testId="e25dfe72-e1cf-054a-a7c4-9df774032db7" testName="TestConstructor" computerName="DKSR-EFI-06" duration="00:00:00.0004522" startTime="2024-01-09T15:43:25.1697510+01:00" endTime="2024-01-09T15:43:25.1853759+01:00" testType="13cdc9d9-ddb5-4fa4-a97d-d965ccfc6d4b" outcome="Passed" testListId="8c84fa94-04c1-424b-9868-57a2d4851a1d" relativeResultsDirectory="247903c5-73f7-4572-a2a3-4c931e3887a6" />
    <UnitTestResult executionId="1c4fc53e-879f-41ed-8109-2bcb594d01e3" testId="b7c6a131-0ef5-a67f-8e6a-8d4104bd9338" testName="TestGetStatusDetailsWithNullValues" computerName="DKSR-EFI-06" duration="00:00:00.0053361" startTime="2024-01-09T15:43:24.5916295+01:00" endTime="2024-01-09T15:43:24.5916295+01:00" testType="13cdc9d9-ddb5-4fa4-a97d-d965ccfc6d4b" outcome="Passed" testListId="8c84fa94-04c1-424b-9868-57a2d4851a1d" relativeResultsDirectory="1c4fc53e-879f-41ed-8109-2bcb594d01e3" />
    <UnitTestResult executionId="0a076cb5-e31f-41fa-83eb-25191b8383da" testId="eadbb5f9-fc4e-3847-f8a1-9c5f3da99658" testName="TestItemDeleted" computerName="DKSR-EFI-06" duration="00:00:00.0015507" startTime="2024-01-09T15:43:20.4510010+01:00" endTime="2024-01-09T15:43:20.4510010+01:00" testType="13cdc9d9-ddb5-4fa4-a97d-d965ccfc6d4b" outcome="Passed" testListId="8c84fa94-04c1-424b-9868-57a2d4851a1d" relativeResultsDirectory="0a076cb5-e31f-41fa-83eb-25191b8383da" />
    <UnitTestResult executionId="f4c11f8a-7a87-43c8-b53e-6ac58679dba5" testId="f10e4c7f-7c2f-db88-a32e-4b694fe871d7" testName="TestLoadXMLWithNoParametersCorrect" computerName="DKSR-EFI-06" duration="00:00:00.0003833" startTime="2024-01-09T15:43:24.3728761+01:00" endTime="2024-01-09T15:43:24.3728761+01:00" testType="13cdc9d9-ddb5-4fa4-a97d-d965ccfc6d4b" outcome="Passed" testListId="8c84fa94-04c1-424b-9868-57a2d4851a1d" relativeResultsDirectory="f4c11f8a-7a87-43c8-b53e-6ac58679dba5" />
    <UnitTestResult executionId="4156c701-5c7f-45f1-8d5c-d7bf0c186f9d" testId="4ff64477-833a-244c-0375-990ccfb1a2e6" testName="TestGetStatusThrowingUnhandledException" computerName="DKSR-EFI-06" duration="00:00:00.0079749" startTime="2024-01-09T15:43:15.1072389+01:00" endTime="2024-01-09T15:43:15.1072389+01:00" testType="13cdc9d9-ddb5-4fa4-a97d-d965ccfc6d4b" outcome="Passed" testListId="8c84fa94-04c1-424b-9868-57a2d4851a1d" relativeResultsDirectory="4156c701-5c7f-45f1-8d5c-d7bf0c186f9d" />
    <UnitTestResult executionId="d46b5c38-a531-49f3-8881-e251daea6de7" testId="ce825fef-7327-dae6-f265-c437cad35b91" testName="TestDeleteObjectAndChildObjectsThrowingUnhandledException" computerName="DKSR-EFI-06" duration="00:00:00.0047024" startTime="2024-01-09T15:43:16.8884938+01:00" endTime="2024-01-09T15:43:16.9041198+01:00" testType="13cdc9d9-ddb5-4fa4-a97d-d965ccfc6d4b" outcome="Passed" testListId="8c84fa94-04c1-424b-9868-57a2d4851a1d" relativeResultsDirectory="d46b5c38-a531-49f3-8881-e251daea6de7" />
    <UnitTestResult executionId="8fd82665-caf0-4a5b-bd54-51ca14c00d28" testId="b13edc60-e14f-bede-2ebb-2cb5551e6ec9" testName="DeleteObjectAndChildObjects_WithValidParameters" computerName="DKSR-EFI-06" duration="00:00:00.0043093" startTime="2024-01-09T15:43:18.1072458+01:00" endTime="2024-01-09T15:43:18.1072458+01:00" testType="13cdc9d9-ddb5-4fa4-a97d-d965ccfc6d4b" outcome="Passed" testListId="8c84fa94-04c1-424b-9868-57a2d4851a1d" relativeResultsDirectory="8fd82665-caf0-4a5b-bd54-51ca14c00d28" />
    <UnitTestResult executionId="98122bd2-e640-4f91-8df8-56269299d369" testId="ed24a0ae-0c10-dd44-6e9d-7b367e82eda5" testName="UpdateBounds_WithValidParameters" computerName="DKSR-EFI-06" duration="00:00:00.0203137" startTime="2024-01-09T15:43:17.1072424+01:00" endTime="2024-01-09T15:43:17.1384940+01:00" testType="13cdc9d9-ddb5-4fa4-a97d-d965ccfc6d4b" outcome="Passed" testListId="8c84fa94-04c1-424b-9868-57a2d4851a1d" relativeResultsDirectory="98122bd2-e640-4f91-8df8-56269299d369" />
    <UnitTestResult executionId="ea833b53-5c77-457a-b343-6963f4c12f36" testId="ff715d4c-23d5-4773-66a5-38b9a7bdf442" testName="TestOneACSystemPLSupportedNoSession" computerName="DKSR-EFI-06" duration="00:00:00.0028478" startTime="2024-01-09T15:43:27.2166260+01:00" endTime="2024-01-09T15:43:27.2166260+01:00" testType="13cdc9d9-ddb5-4fa4-a97d-d965ccfc6d4b" outcome="Passed" testListId="8c84fa94-04c1-424b-9868-57a2d4851a1d" relativeResultsDirectory="ea833b53-5c77-457a-b343-6963f4c12f36" />
    <UnitTestResult executionId="e0f62e42-af9d-45ef-ae6e-3e15a9c12402" testId="abccf166-3a64-1c0d-ff8f-b1706f07f3cf" testName="TestConstructorWithNullValues" computerName="DKSR-EFI-06" duration="00:00:00.0072356" startTime="2024-01-09T15:43:19.4822494+01:00" endTime="2024-01-09T15:43:19.4822494+01:00" testType="13cdc9d9-ddb5-4fa4-a97d-d965ccfc6d4b" outcome="Passed" testListId="8c84fa94-04c1-424b-9868-57a2d4851a1d" relativeResultsDirectory="e0f62e42-af9d-45ef-ae6e-3e15a9c12402" />
    <UnitTestResult executionId="8e9c13a3-8a4d-4ea9-91ca-84473ed7dce3" testId="6fe16355-fcdd-f78f-181e-5b3c475aa782" testName="TestCreateObjectsThrowingUnhandledException" computerName="DKSR-EFI-06" duration="00:00:00.0029401" startTime="2024-01-09T15:43:17.8103700+01:00" endTime="2024-01-09T15:43:17.8103700+01:00" testType="13cdc9d9-ddb5-4fa4-a97d-d965ccfc6d4b" outcome="Passed" testListId="8c84fa94-04c1-424b-9868-57a2d4851a1d" relativeResultsDirectory="8e9c13a3-8a4d-4ea9-91ca-84473ed7dce3" />
    <UnitTestResult executionId="bad9251c-1216-4de1-955c-1c3c28c03ea1" testId="83602d0f-e8fc-dc2c-16f1-f22bb5275d62" testName="TestGetIconReturnOthersIcon" computerName="DKSR-EFI-06" duration="00:00:00.0021087" startTime="2024-01-09T15:43:20.2791231+01:00" endTime="2024-01-09T15:43:20.2791231+01:00" testType="13cdc9d9-ddb5-4fa4-a97d-d965ccfc6d4b" outcome="Passed" testListId="8c84fa94-04c1-424b-9868-57a2d4851a1d" relativeResultsDirectory="bad9251c-1216-4de1-955c-1c3c28c03ea1" />
    <UnitTestResult executionId="3b64e88d-cab7-4df3-876b-b49627aa4933" testId="0f8f162f-04c8-93b6-bc09-ad6b2b579c3e" testName="WebServiceTest_CreateServiceMetadataBehavior" computerName="DKSR-EFI-06" duration="00:00:00.0006379" startTime="2024-01-09T15:43:26.1853761+01:00" endTime="2024-01-09T15:43:26.1853761+01:00" testType="13cdc9d9-ddb5-4fa4-a97d-d965ccfc6d4b" outcome="Passed" testListId="8c84fa94-04c1-424b-9868-57a2d4851a1d" relativeResultsDirectory="3b64e88d-cab7-4df3-876b-b49627aa4933" />
    <UnitTestResult executionId="9327c82f-660a-44fc-8d5e-48c0bed07663" testId="39637e8e-5153-59f6-a7c2-66ad8f077fb6" testName="TestItemAdded" computerName="DKSR-EFI-06" duration="00:00:00.0082643" startTime="2024-01-09T15:43:20.4041712+01:00" endTime="2024-01-09T15:43:20.4041712+01:00" testType="13cdc9d9-ddb5-4fa4-a97d-d965ccfc6d4b" outcome="Passed" testListId="8c84fa94-04c1-424b-9868-57a2d4851a1d" relativeResultsDirectory="9327c82f-660a-44fc-8d5e-48c0bed07663" />
    <UnitTestResult executionId="b999f153-52c1-45bb-81fe-eb2ce6a9c6c8" testId="d0143e68-f378-480f-629d-fc0f669b6840" testName="TestLoadConfigurationWithRootAndCyclicEntriesLastInXmlFile" computerName="DKSR-EFI-06" duration="00:00:00.0138969" startTime="2024-01-09T15:43:20.7634999+01:00" endTime="2024-01-09T15:43:20.7791231+01:00" testType="13cdc9d9-ddb5-4fa4-a97d-d965ccfc6d4b" outcome="Passed" testListId="8c84fa94-04c1-424b-9868-57a2d4851a1d" relativeResultsDirectory="b999f153-52c1-45bb-81fe-eb2ce6a9c6c8" />
    <UnitTestResult executionId="40004152-28cd-479a-aaba-25e7f525b5f3" testId="3e86f939-9488-6b0c-7e20-237a538a88c1" testName="TestGetEmptyCache" computerName="DKSR-EFI-06" duration="00:00:00.0009084" startTime="2024-01-09T15:43:27.0603762+01:00" endTime="2024-01-09T15:43:27.0603762+01:00" testType="13cdc9d9-ddb5-4fa4-a97d-d965ccfc6d4b" outcome="Passed" testListId="8c84fa94-04c1-424b-9868-57a2d4851a1d" relativeResultsDirectory="40004152-28cd-479a-aaba-25e7f525b5f3" />
    <UnitTestResult executionId="ae5975aa-2c73-4cd1-bfb0-019bcb040b97" testId="f1786565-9098-421f-7c75-e67b4e0cb548" testName="Setup_VmsTokenProvider_TempSecretExistsIsTrue_SecretExists_IsTrue_NoErrorsAreThrownAsync" computerName="DKSR-EFI-06" duration="00:00:00.0601649" startTime="2024-01-09T15:43:26.9041287+01:00" endTime="2024-01-09T15:43:26.9666281+01:00" testType="13cdc9d9-ddb5-4fa4-a97d-d965ccfc6d4b" outcome="Passed" testListId="8c84fa94-04c1-424b-9868-57a2d4851a1d" relativeResultsDirectory="ae5975aa-2c73-4cd1-bfb0-019bcb040b97" />
    <UnitTestResult executionId="2cd014bf-07cc-479f-a800-32e19d81d782" testId="5c2d44a1-b725-d1c0-30f0-c2e5bcd42c10" testName="TestAcknowledgeException" computerName="DKSR-EFI-06" duration="00:00:00.0066002" startTime="2024-01-09T15:43:18.9353725+01:00" endTime="2024-01-09T15:43:18.9353725+01:00" testType="13cdc9d9-ddb5-4fa4-a97d-d965ccfc6d4b" outcome="Passed" testListId="8c84fa94-04c1-424b-9868-57a2d4851a1d" relativeResultsDirectory="2cd014bf-07cc-479f-a800-32e19d81d782" />
    <UnitTestResult executionId="5be91b42-5b6a-4fa0-ae09-d5fc168ae88e" testId="488a10c7-6e93-71e1-532e-0f788019feb9" testName="GetPlugIns_WithValidParameters" computerName="DKSR-EFI-06" duration="00:00:00.0058985" startTime="2024-01-09T15:43:17.1697436+01:00" endTime="2024-01-09T15:43:17.1853682+01:00" testType="13cdc9d9-ddb5-4fa4-a97d-d965ccfc6d4b" outcome="Passed" testListId="8c84fa94-04c1-424b-9868-57a2d4851a1d" relativeResultsDirectory="5be91b42-5b6a-4fa0-ae09-d5fc168ae88e" />
    <UnitTestResult executionId="0e553efc-abfd-423e-bc61-67cbe7e8da13" testId="03494ac0-2a90-1997-2d62-a4db082b1776" testName="TestLoadXMLWithNoInnerText" computerName="DKSR-EFI-06" duration="00:00:00.0038258" startTime="2024-01-09T15:43:25.3572508+01:00" endTime="2024-01-09T15:43:25.3572508+01:00" testType="13cdc9d9-ddb5-4fa4-a97d-d965ccfc6d4b" outcome="Passed" testListId="8c84fa94-04c1-424b-9868-57a2d4851a1d" relativeResultsDirectory="0e553efc-abfd-423e-bc61-67cbe7e8da13" />
    <UnitTestResult executionId="96d57b46-e01e-43c9-aa98-61100268cfeb" testId="91188da9-d085-0bfd-d9b4-e5baf082c7ff" testName="TrimStart_ReturnInput_WhenInputDoesNotIncludePrefix" computerName="DKSR-EFI-06" duration="00:00:00.0002497" startTime="2024-01-09T15:43:31.5135722+01:00" endTime="2024-01-09T15:43:31.5291290+01:00" testType="13cdc9d9-ddb5-4fa4-a97d-d965ccfc6d4b" outcome="Passed" testListId="8c84fa94-04c1-424b-9868-57a2d4851a1d" relativeResultsDirectory="96d57b46-e01e-43c9-aa98-61100268cfeb" />
    <UnitTestResult executionId="81fc1a7a-0c30-4855-ad97-e53c255fab51" testId="6f7b704f-1370-beeb-3ca0-35582d568c3d" testName="TestGetStatusNotAuthenticated" computerName="DKSR-EFI-06" duration="00:00:00.0099252" startTime="2024-01-09T15:43:14.1541131+01:00" endTime="2024-01-09T15:43:14.1697394+01:00" testType="13cdc9d9-ddb5-4fa4-a97d-d965ccfc6d4b" outcome="Passed" testListId="8c84fa94-04c1-424b-9868-57a2d4851a1d" relativeResultsDirectory="81fc1a7a-0c30-4855-ad97-e53c255fab51" />
    <UnitTestResult executionId="297f50a6-ff33-41f9-aa69-8b1e98edd710" testId="c1cddf05-4632-237c-35db-74e00d98f1cb" testName="TestInitalizationWithSameTypeGuid" computerName="DKSR-EFI-06" duration="00:00:00.0045896" startTime="2024-01-09T15:43:19.2478743+01:00" endTime="2024-01-09T15:43:19.2478743+01:00" testType="13cdc9d9-ddb5-4fa4-a97d-d965ccfc6d4b" outcome="Passed" testListId="8c84fa94-04c1-424b-9868-57a2d4851a1d" relativeResultsDirectory="297f50a6-ff33-41f9-aa69-8b1e98edd710" />
    <UnitTestResult executionId="a05c9f52-5efa-401d-8fa7-293bfb86f876" testId="6e7a7fc2-9543-cbf0-5e34-48c99ec5d8fc" testName="TestConstructorWithFactory" computerName="DKSR-EFI-06" duration="00:00:00.0108323" startTime="2024-01-09T15:43:20.3259990+01:00" endTime="2024-01-09T15:43:20.3416262+01:00" testType="13cdc9d9-ddb5-4fa4-a97d-d965ccfc6d4b" outcome="Passed" testListId="8c84fa94-04c1-424b-9868-57a2d4851a1d" relativeResultsDirectory="a05c9f52-5efa-401d-8fa7-293bfb86f876" />
    <UnitTestResult executionId="25a78c5f-d80e-43a2-876c-55bea0dec2f9" testId="396d4ce9-42e4-63bb-9820-e13af62804a6" testName="TestGetHostId" computerName="DKSR-EFI-06" duration="00:00:00.0434559" startTime="2024-01-09T15:43:07.5134688+01:00" endTime="2024-01-09T15:43:07.5603432+01:00" testType="13cdc9d9-ddb5-4fa4-a97d-d965ccfc6d4b" outcome="Passed" testListId="8c84fa94-04c1-424b-9868-57a2d4851a1d" relativeResultsDirectory="25a78c5f-d80e-43a2-876c-55bea0dec2f9" />
    <UnitTestResult executionId="fb7d3e5c-6d6e-4de2-b87f-87c55dad4524" testId="16d69696-0632-feb6-0cc6-a45d7755309a" testName="TestGetStatusOneLevel" computerName="DKSR-EFI-06" duration="00:00:00.3094206" startTime="2024-01-09T15:43:20.9509986+01:00" endTime="2024-01-09T15:43:21.2634987+01:00" testType="13cdc9d9-ddb5-4fa4-a97d-d965ccfc6d4b" outcome="Passed" testListId="8c84fa94-04c1-424b-9868-57a2d4851a1d" relativeResultsDirectory="fb7d3e5c-6d6e-4de2-b87f-87c55dad4524" />
    <UnitTestResult executionId="e2b87f26-33ba-4d87-b50a-4cc06579b43e" testId="c6cbc0a5-c901-ffaa-2070-a47547148121" testName="TestRemoveElementAndChildElementsWithInvalidId" computerName="DKSR-EFI-06" duration="00:00:00.0027232" startTime="2024-01-09T15:43:23.9353770+01:00" endTime="2024-01-09T15:43:23.9353770+01:00" testType="13cdc9d9-ddb5-4fa4-a97d-d965ccfc6d4b" outcome="Passed" testListId="8c84fa94-04c1-424b-9868-57a2d4851a1d" relativeResultsDirectory="e2b87f26-33ba-4d87-b50a-4cc06579b43e" />
    <UnitTestResult executionId="e5826030-f97d-4f0f-a25e-a61ba256cbc3" testId="436f3507-7b42-8e18-77db-9f6fb3e539f5" testName="EventConverter_ConvertBaseItemToBaseEvent_TriggerEvent_Empty" computerName="DKSR-EFI-06" duration="00:00:00.0008591" startTime="2024-01-09T15:43:26.5603779+01:00" endTime="2024-01-09T15:43:26.5603779+01:00" testType="13cdc9d9-ddb5-4fa4-a97d-d965ccfc6d4b" outcome="Passed" testListId="8c84fa94-04c1-424b-9868-57a2d4851a1d" relativeResultsDirectory="e5826030-f97d-4f0f-a25e-a61ba256cbc3" />
    <UnitTestResult executionId="359ced3a-185b-464f-8e46-d86f1f429663" testId="7d179d52-6296-c46b-b9c6-bedbd352ed5d" testName="TestGetXMLWithNullVariables" computerName="DKSR-EFI-06" duration="00:00:00.0002445" startTime="2024-01-09T15:43:24.4041266+01:00" endTime="2024-01-09T15:43:24.4041266+01:00" testType="13cdc9d9-ddb5-4fa4-a97d-d965ccfc6d4b" outcome="Passed" testListId="8c84fa94-04c1-424b-9868-57a2d4851a1d" relativeResultsDirectory="359ced3a-185b-464f-8e46-d86f1f429663" />
    <UnitTestResult executionId="9f4d84af-0417-4c30-aaf2-f53ff237b169" testId="e540e23a-9086-c95a-fecf-e7701392786b" testName="TestUpdateNameWithInvalidUser" computerName="DKSR-EFI-06" duration="00:00:00.0027874" startTime="2024-01-09T15:43:17.1072424+01:00" endTime="2024-01-09T15:43:17.1072424+01:00" testType="13cdc9d9-ddb5-4fa4-a97d-d965ccfc6d4b" outcome="Passed" testListId="8c84fa94-04c1-424b-9868-57a2d4851a1d" relativeResultsDirectory="9f4d84af-0417-4c30-aaf2-f53ff237b169" />
    <UnitTestResult executionId="5cf9cb49-6c0e-4750-b9dd-84ab05ee4ba1" testId="ab9fb49f-5b84-1d00-eb5f-054ce88b0664" testName="TestGetIconWithKnownIcon" computerName="DKSR-EFI-06" duration="00:00:00.0027638" startTime="2024-01-09T15:43:20.4510010+01:00" endTime="2024-01-09T15:43:20.4666221+01:00" testType="13cdc9d9-ddb5-4fa4-a97d-d965ccfc6d4b" outcome="Passed" testListId="8c84fa94-04c1-424b-9868-57a2d4851a1d" relativeResultsDirectory="5cf9cb49-6c0e-4750-b9dd-84ab05ee4ba1" />
    <UnitTestResult executionId="432da81a-25e0-493e-a4d1-1395c54bc95f" testId="aaafca5d-f4ef-4e22-3afb-bb9480d7c916" testName="TestNameWithNull" computerName="DKSR-EFI-06" duration="00:00:00.0001458" startTime="2024-01-09T15:43:19.3572488+01:00" endTime="2024-01-09T15:43:19.3572488+01:00" testType="13cdc9d9-ddb5-4fa4-a97d-d965ccfc6d4b" outcome="Passed" testListId="8c84fa94-04c1-424b-9868-57a2d4851a1d" relativeResultsDirectory="432da81a-25e0-493e-a4d1-1395c54bc95f" />
    <UnitTestResult executionId="7eb3617c-7984-49a3-8fda-cecbbef01f05" testId="8c683b9a-044d-8adc-86d6-f9978fcb0f49" testName="TestUpdateNameThrowingUnhandledException" computerName="DKSR-EFI-06" duration="00:00:00.0031516" startTime="2024-01-09T15:43:17.1072424+01:00" endTime="2024-01-09T15:43:17.1072424+01:00" testType="13cdc9d9-ddb5-4fa4-a97d-d965ccfc6d4b" outcome="Passed" testListId="8c84fa94-04c1-424b-9868-57a2d4851a1d" relativeResultsDirectory="7eb3617c-7984-49a3-8fda-cecbbef01f05" />
    <UnitTestResult executionId="c3a64aa1-721c-4105-8005-f43367fd8918" testId="33cdaae4-b39f-20fc-ed2e-414f29b7d798" testName="TestUpdateElementWithCyclicRelationInSubMap" computerName="DKSR-EFI-06" duration="00:00:00.0125323" startTime="2024-01-09T15:43:23.0916274+01:00" endTime="2024-01-09T15:43:23.0916274+01:00" testType="13cdc9d9-ddb5-4fa4-a97d-d965ccfc6d4b" outcome="Passed" testListId="8c84fa94-04c1-424b-9868-57a2d4851a1d" relativeResultsDirectory="c3a64aa1-721c-4105-8005-f43367fd8918" />
    <UnitTestResult executionId="ed879d3a-8f2c-4811-87f1-b04aaf0b92a4" testId="9989838e-3058-c1a6-8440-9d0a7fb211f2" testName="Handle_ShouldFlattenPriorityValue_WhenValuesIncludePriorityName" computerName="DKSR-EFI-06" duration="00:00:00.0011976" startTime="2024-01-09T15:43:30.5135418+01:00" endTime="2024-01-09T15:43:30.5135418+01:00" testType="13cdc9d9-ddb5-4fa4-a97d-d965ccfc6d4b" outcome="Passed" testListId="8c84fa94-04c1-424b-9868-57a2d4851a1d" relativeResultsDirectory="ed879d3a-8f2c-4811-87f1-b04aaf0b92a4" />
    <UnitTestResult executionId="c2b4adee-44c5-4035-bcfe-8e82dd36e027" testId="51e43f4b-8fa6-4d44-8369-516f875fa723" testName="TestValidateWithIncorrectUserTypeInvalidIdentity" computerName="DKSR-EFI-06" duration="00:00:00.0020667" startTime="2024-01-09T15:43:07.6384706+01:00" endTime="2024-01-09T15:43:07.6540917+01:00" testType="13cdc9d9-ddb5-4fa4-a97d-d965ccfc6d4b" outcome="Passed" testListId="8c84fa94-04c1-424b-9868-57a2d4851a1d" relativeResultsDirectory="c2b4adee-44c5-4035-bcfe-8e82dd36e027" />
    <UnitTestResult executionId="dddb1343-98d7-4918-90e4-1db3cb819867" testId="ee019f83-90b8-7ba1-fb37-5f45c8216c55" testName="TestState" computerName="DKSR-EFI-06" duration="00:00:00.0007572" startTime="2024-01-09T15:43:25.1853759+01:00" endTime="2024-01-09T15:43:25.1853759+01:00" testType="13cdc9d9-ddb5-4fa4-a97d-d965ccfc6d4b" outcome="Passed" testListId="8c84fa94-04c1-424b-9868-57a2d4851a1d" relativeResultsDirectory="dddb1343-98d7-4918-90e4-1db3cb819867" />
    <UnitTestResult executionId="613d0cd0-a22c-4f21-a766-acd8d9914928" testId="fa5511f4-8519-f9e6-eb84-5d9a722d9f15" testName="TestUpdateElementWithAMarkedForDeletionElement" computerName="DKSR-EFI-06" duration="00:00:00.0037477" startTime="2024-01-09T15:43:23.0134996+01:00" endTime="2024-01-09T15:43:23.0134996+01:00" testType="13cdc9d9-ddb5-4fa4-a97d-d965ccfc6d4b" outcome="Passed" testListId="8c84fa94-04c1-424b-9868-57a2d4851a1d" relativeResultsDirectory="613d0cd0-a22c-4f21-a766-acd8d9914928" />
    <UnitTestResult executionId="eb85ffcb-7b56-42b6-bfdc-9cf469fe6ee0" testId="83082774-001a-3111-eeb0-284040ad150c" testName="TestGetStatusDetailsWithElementContainingNoDetails" computerName="DKSR-EFI-06" duration="00:00:00.0277447" startTime="2024-01-09T15:43:22.0447510+01:00" endTime="2024-01-09T15:43:22.0759992+01:00" testType="13cdc9d9-ddb5-4fa4-a97d-d965ccfc6d4b" outcome="Passed" testListId="8c84fa94-04c1-424b-9868-57a2d4851a1d" relativeResultsDirectory="eb85ffcb-7b56-42b6-bfdc-9cf469fe6ee0" />
    <UnitTestResult executionId="ca38ac42-0bc9-4572-8702-9b68a94ef857" testId="ff97e124-3d02-c664-47e9-a160c2113d29" testName="TestUpdateMultipleAlarms" computerName="DKSR-EFI-06" duration="00:00:00.0042857" startTime="2024-01-09T15:43:19.0759980+01:00" endTime="2024-01-09T15:43:19.0916226+01:00" testType="13cdc9d9-ddb5-4fa4-a97d-d965ccfc6d4b" outcome="Passed" testListId="8c84fa94-04c1-424b-9868-57a2d4851a1d" relativeResultsDirectory="ca38ac42-0bc9-4572-8702-9b68a94ef857" />
    <UnitTestResult executionId="2af32717-e5fe-4d74-9612-a6747a153fe6" testId="9d75fc61-02a7-56c3-acfc-5b8fb2336567" testName="TestGetAllElementsWithinGpsAreaWithInvalidLowerRightBounds" computerName="DKSR-EFI-06" duration="00:00:00.0330004" startTime="2024-01-09T15:43:23.5760017+01:00" endTime="2024-01-09T15:43:23.6072504+01:00" testType="13cdc9d9-ddb5-4fa4-a97d-d965ccfc6d4b" outcome="Passed" testListId="8c84fa94-04c1-424b-9868-57a2d4851a1d" relativeResultsDirectory="2af32717-e5fe-4d74-9612-a6747a153fe6" />
    <UnitTestResult executionId="faa38b06-36e1-4773-9ce9-95f184f32798" testId="4f0b0b92-ffc0-76b0-f803-1fc7c635617d" testName="TestLoadXMLWithNoInnerText" computerName="DKSR-EFI-06" duration="00:00:00.0004770" startTime="2024-01-09T15:43:24.3728761+01:00" endTime="2024-01-09T15:43:24.3885001+01:00" testType="13cdc9d9-ddb5-4fa4-a97d-d965ccfc6d4b" outcome="Passed" testListId="8c84fa94-04c1-424b-9868-57a2d4851a1d" relativeResultsDirectory="faa38b06-36e1-4773-9ce9-95f184f32798" />
    <UnitTestResult executionId="313861a7-7e23-4788-adcd-83ff68557c35" testId="94f14c42-e0df-d711-cfd1-a3c8559622c8" testName="TestActivatePlugInActionWithValidParameters" computerName="DKSR-EFI-06" duration="00:00:00.0043497" startTime="2024-01-09T15:43:17.6541190+01:00" endTime="2024-01-09T15:43:17.6541190+01:00" testType="13cdc9d9-ddb5-4fa4-a97d-d965ccfc6d4b" outcome="Passed" testListId="8c84fa94-04c1-424b-9868-57a2d4851a1d" relativeResultsDirectory="313861a7-7e23-4788-adcd-83ff68557c35" />
    <UnitTestResult executionId="df0d56d1-668d-4b9e-bc89-62b2d1b57554" testId="9f2d1477-390a-653e-b0f6-8bf047758a68" testName="TestGetPlugInsThrowingUnhandledException" computerName="DKSR-EFI-06" duration="00:00:00.0039277" startTime="2024-01-09T15:43:17.1853682+01:00" endTime="2024-01-09T15:43:17.1853682+01:00" testType="13cdc9d9-ddb5-4fa4-a97d-d965ccfc6d4b" outcome="Passed" testListId="8c84fa94-04c1-424b-9868-57a2d4851a1d" relativeResultsDirectory="df0d56d1-668d-4b9e-bc89-62b2d1b57554" />
    <UnitTestResult executionId="55cc445a-2048-4e9f-8429-c9154838f752" testId="102577c7-ae1c-a0a1-2ae5-60d42ad409f3" testName="CurrentStateToEvent_ReturnsCorrectEvent_OnCurrentState" computerName="DKSR-EFI-06" duration="00:00:00.0544073" startTime="2024-01-09T15:43:28.7166295+01:00" endTime="2024-01-09T15:43:28.7635040+01:00" testType="13cdc9d9-ddb5-4fa4-a97d-d965ccfc6d4b" outcome="Passed" testListId="8c84fa94-04c1-424b-9868-57a2d4851a1d" relativeResultsDirectory="55cc445a-2048-4e9f-8429-c9154838f752" />
    <UnitTestResult executionId="7b1e68a4-f09e-4855-80e3-3c3c4f3ac015" testId="f11a792a-5399-45fe-b006-95fa11819160" testName="TestCheckAuthorizationWithMultiplePlugins" computerName="DKSR-EFI-06" duration="00:00:00.0023460" startTime="2024-01-09T15:43:27.2635009+01:00" endTime="2024-01-09T15:43:27.2635009+01:00" testType="13cdc9d9-ddb5-4fa4-a97d-d965ccfc6d4b" outcome="Passed" testListId="8c84fa94-04c1-424b-9868-57a2d4851a1d" relativeResultsDirectory="7b1e68a4-f09e-4855-80e3-3c3c4f3ac015" />
    <UnitTestResult executionId="a62371b2-02d4-46b1-b8ed-f9721c259e3f" testId="2543e1c9-0785-b41d-98cc-3e2c749289b6" testName="TestGetStatusDetails" computerName="DKSR-EFI-06" duration="00:00:00.0010348" startTime="2024-01-09T15:43:25.1228752+01:00" endTime="2024-01-09T15:43:25.1228752+01:00" testType="13cdc9d9-ddb5-4fa4-a97d-d965ccfc6d4b" outcome="Passed" testListId="8c84fa94-04c1-424b-9868-57a2d4851a1d" relativeResultsDirectory="a62371b2-02d4-46b1-b8ed-f9721c259e3f" />
    <UnitTestResult executionId="e2134d61-f99f-4876-a55d-883114fea580" testId="48ac9e20-a22c-a01f-955d-1744f7f2749d" testName="TestExecuteWhileLockedWithNullAction" computerName="DKSR-EFI-06" duration="00:00:00.0014326" startTime="2024-01-09T15:43:13.6697399+01:00" endTime="2024-01-09T15:43:13.6697399+01:00" testType="13cdc9d9-ddb5-4fa4-a97d-d965ccfc6d4b" outcome="Passed" testListId="8c84fa94-04c1-424b-9868-57a2d4851a1d" relativeResultsDirectory="e2134d61-f99f-4876-a55d-883114fea580" />
    <UnitTestResult executionId="80782f6e-e5a5-40d8-be79-b695418dd8cb" testId="54ea5201-a555-396e-a44c-4ddf5a575693" testName="TestActionCommandCredentialsExecuteAction" computerName="DKSR-EFI-06" duration="00:00:00.0033246" startTime="2024-01-09T15:43:26.2791275+01:00" endTime="2024-01-09T15:43:26.2947525+01:00" testType="13cdc9d9-ddb5-4fa4-a97d-d965ccfc6d4b" outcome="Passed" testListId="8c84fa94-04c1-424b-9868-57a2d4851a1d" relativeResultsDirectory="80782f6e-e5a5-40d8-be79-b695418dd8cb" />
    <UnitTestResult executionId="6c8cc8c7-700a-4738-8eca-87987f18ed62" testId="3b44561b-0ad1-5468-2908-3864d1c7aedc" testName="TestGetIconDataWithInvalidUser" computerName="DKSR-EFI-06" duration="00:00:00.0027077" startTime="2024-01-09T15:43:18.1384945+01:00" endTime="2024-01-09T15:43:18.1541203+01:00" testType="13cdc9d9-ddb5-4fa4-a97d-d965ccfc6d4b" outcome="Passed" testListId="8c84fa94-04c1-424b-9868-57a2d4851a1d" relativeResultsDirectory="6c8cc8c7-700a-4738-8eca-87987f18ed62" />
    <UnitTestResult executionId="515b4cc2-f427-400d-b759-8e0c34a642b0" testId="bda92b65-26d9-c174-14d8-f439d8b5e364" testName="TestGetStatusForAllObjectsOfType" computerName="DKSR-EFI-06" duration="00:00:00.0048121" startTime="2024-01-09T15:43:15.7009917+01:00" endTime="2024-01-09T15:43:15.7166174+01:00" testType="13cdc9d9-ddb5-4fa4-a97d-d965ccfc6d4b" outcome="Passed" testListId="8c84fa94-04c1-424b-9868-57a2d4851a1d" relativeResultsDirectory="515b4cc2-f427-400d-b759-8e0c34a642b0" />
    <UnitTestResult executionId="700d28d9-8006-45f8-888a-68952fc4166e" testId="4e371b17-35ef-55df-0fa1-d3ddda9e8bbd" testName="TestGetVisualizationChangesWithNulTimeout" computerName="DKSR-EFI-06" duration="00:00:00.0050974" startTime="2024-01-09T15:43:15.2791136+01:00" endTime="2024-01-09T15:43:15.2791136+01:00" testType="13cdc9d9-ddb5-4fa4-a97d-d965ccfc6d4b" outcome="Passed" testListId="8c84fa94-04c1-424b-9868-57a2d4851a1d" relativeResultsDirectory="700d28d9-8006-45f8-888a-68952fc4166e" />
    <UnitTestResult executionId="a8de1fc5-9de7-4973-9d05-42eea3079b60" testId="f68580ba-39fa-d150-ae97-d03c8d62e8d8" testName="Setup_VmsTokenProvider_TempSecretExists_SecretExists_IsTrue_TempSecretFileCreated_RefreshTokenIsCalled_OnceAsync" computerName="DKSR-EFI-06" duration="00:00:00.0132762" startTime="2024-01-09T15:43:26.9666281+01:00" endTime="2024-01-09T15:43:26.9822523+01:00" testType="13cdc9d9-ddb5-4fa4-a97d-d965ccfc6d4b" outcome="Passed" testListId="8c84fa94-04c1-424b-9868-57a2d4851a1d" relativeResultsDirectory="a8de1fc5-9de7-4973-9d05-42eea3079b60" />
    <UnitTestResult executionId="d74a5e77-b52e-4a8c-999e-70377581604c" testId="9fb72f8c-7a32-6c9c-0963-3a48de1ed139" testName="TestTypeIDs" computerName="DKSR-EFI-06" duration="00:00:00.0051632" startTime="2024-01-09T15:43:19.7166225+01:00" endTime="2024-01-09T15:43:19.7166225+01:00" testType="13cdc9d9-ddb5-4fa4-a97d-d965ccfc6d4b" outcome="Passed" testListId="8c84fa94-04c1-424b-9868-57a2d4851a1d" relativeResultsDirectory="d74a5e77-b52e-4a8c-999e-70377581604c" />
    <UnitTestResult executionId="6886bfcb-17f9-4915-971c-906bda1d7deb" testId="7c8997fa-4eb0-4fdd-223c-cb6cf6f9de4d" testName="TestIDWithNull" computerName="DKSR-EFI-06" duration="00:00:00.0002016" startTime="2024-01-09T15:43:19.3572488+01:00" endTime="2024-01-09T15:43:19.3572488+01:00" testType="13cdc9d9-ddb5-4fa4-a97d-d965ccfc6d4b" outcome="Passed" testListId="8c84fa94-04c1-424b-9868-57a2d4851a1d" relativeResultsDirectory="6886bfcb-17f9-4915-971c-906bda1d7deb" />
    <UnitTestResult executionId="f2ba3b27-c831-4132-9228-91013d70012f" testId="0701857b-fca9-3491-aece-c5b7427b5ae4" testName="TestLoadXMLWithDuplicateValues" computerName="DKSR-EFI-06" duration="00:00:00.0006626" startTime="2024-01-09T15:43:24.3416264+01:00" endTime="2024-01-09T15:43:24.3416264+01:00" testType="13cdc9d9-ddb5-4fa4-a97d-d965ccfc6d4b" outcome="Passed" testListId="8c84fa94-04c1-424b-9868-57a2d4851a1d" relativeResultsDirectory="f2ba3b27-c831-4132-9228-91013d70012f" />
    <UnitTestResult executionId="f04cf8f5-7656-4e84-a648-ebe2d1500233" testId="801374fb-6366-6e1b-24d9-368f321cfa1d" testName="TestRemoveElementsWithNonExistingId" computerName="DKSR-EFI-06" duration="00:00:00.0020584" startTime="2024-01-09T15:43:23.8416272+01:00" endTime="2024-01-09T15:43:23.8416272+01:00" testType="13cdc9d9-ddb5-4fa4-a97d-d965ccfc6d4b" outcome="Passed" testListId="8c84fa94-04c1-424b-9868-57a2d4851a1d" relativeResultsDirectory="f04cf8f5-7656-4e84-a648-ebe2d1500233" />
    <UnitTestResult executionId="30135dc4-14aa-43ac-bd38-80aedefa2d21" testId="f7e7505e-f831-a4e3-cd72-f64bacc34cde" testName="Stop_ShouldSetStopFetchingToTrue_WhenCalled" computerName="DKSR-EFI-06" duration="00:00:00.0045930" startTime="2024-01-09T15:43:27.5291278+01:00" endTime="2024-01-09T15:43:27.5291278+01:00" testType="13cdc9d9-ddb5-4fa4-a97d-d965ccfc6d4b" outcome="Passed" testListId="8c84fa94-04c1-424b-9868-57a2d4851a1d" relativeResultsDirectory="30135dc4-14aa-43ac-bd38-80aedefa2d21" />
    <UnitTestResult executionId="58d20d36-e21c-4e25-94c1-857ca3f33716" testId="f9d67eef-e39a-c239-105a-88d1afb6eab7" testName="TestGetStatusDetails" computerName="DKSR-EFI-06" duration="00:00:00.0044078" startTime="2024-01-09T15:43:15.1853639+01:00" endTime="2024-01-09T15:43:15.1853639+01:00" testType="13cdc9d9-ddb5-4fa4-a97d-d965ccfc6d4b" outcome="Passed" testListId="8c84fa94-04c1-424b-9868-57a2d4851a1d" relativeResultsDirectory="58d20d36-e21c-4e25-94c1-857ca3f33716" />
    <UnitTestResult executionId="feb6dc4d-b1d9-4485-9ea5-b43cb9db86a6" testId="8a29233c-71d1-67fd-f2f9-f76830d36268" testName="WhenAlarmSearchCriteriaWithCorrectDataThenCorrectString" computerName="DKSR-EFI-06" duration="00:00:00.0106487" startTime="2024-01-09T15:43:26.3416267+01:00" endTime="2024-01-09T15:43:26.3416267+01:00" testType="13cdc9d9-ddb5-4fa4-a97d-d965ccfc6d4b" outcome="Passed" testListId="8c84fa94-04c1-424b-9868-57a2d4851a1d" relativeResultsDirectory="feb6dc4d-b1d9-4485-9ea5-b43cb9db86a6" />
    <UnitTestResult executionId="93df493d-4318-4f30-8721-e7fc01886f6d" testId="cb3eeac3-dc0d-3da5-bb56-3918885deb1c" testName="TestGetPlugInItemChangesWithNewerDeletedTimestamp" computerName="DKSR-EFI-06" duration="00:00:00.0058828" startTime="2024-01-09T15:43:20.2009975+01:00" endTime="2024-01-09T15:43:20.2009975+01:00" testType="13cdc9d9-ddb5-4fa4-a97d-d965ccfc6d4b" outcome="Passed" testListId="8c84fa94-04c1-424b-9868-57a2d4851a1d" relativeResultsDirectory="93df493d-4318-4f30-8721-e7fc01886f6d" />
    <UnitTestResult executionId="e416c35e-ee3f-4ba2-a259-6d790d23e139" testId="ea6d29d3-95d7-024f-8190-73b535cae4ec" testName="TestUpdateElementNameWithNonExistingVisualOwnerId" computerName="DKSR-EFI-06" duration="00:00:00.0024614" startTime="2024-01-09T15:43:24.2791253+01:00" endTime="2024-01-09T15:43:24.2791253+01:00" testType="13cdc9d9-ddb5-4fa4-a97d-d965ccfc6d4b" outcome="Passed" testListId="8c84fa94-04c1-424b-9868-57a2d4851a1d" relativeResultsDirectory="e416c35e-ee3f-4ba2-a259-6d790d23e139" />
    <UnitTestResult executionId="7759aca4-01e6-404f-92f2-089a72815f1b" testId="afe764cc-6fe5-f186-9934-0dcec682f3a1" testName="GetObject_WithValidParameters" computerName="DKSR-EFI-06" duration="00:00:00.0048401" startTime="2024-01-09T15:43:16.6853682+01:00" endTime="2024-01-09T15:43:16.6853682+01:00" testType="13cdc9d9-ddb5-4fa4-a97d-d965ccfc6d4b" outcome="Passed" testListId="8c84fa94-04c1-424b-9868-57a2d4851a1d" relativeResultsDirectory="7759aca4-01e6-404f-92f2-089a72815f1b" />
    <UnitTestResult executionId="484e5baf-d9d9-4406-8296-ad83aa7d0ccb" testId="822f7959-9dcb-09b4-3d54-006e0a8a1864" testName="TestGetXML" computerName="DKSR-EFI-06" duration="00:00:00.0019294" startTime="2024-01-09T15:43:24.4822523+01:00" endTime="2024-01-09T15:43:24.4822523+01:00" testType="13cdc9d9-ddb5-4fa4-a97d-d965ccfc6d4b" outcome="Passed" testListId="8c84fa94-04c1-424b-9868-57a2d4851a1d" relativeResultsDirectory="484e5baf-d9d9-4406-8296-ad83aa7d0ccb" />
    <UnitTestResult executionId="16328199-9955-4058-a353-d1a222644aab" testId="a05284d8-4031-909e-c18c-d7c7aab786f5" testName="TestUpdateElementNameWithNonExistingId" computerName="DKSR-EFI-06" duration="00:00:00.0014896" startTime="2024-01-09T15:43:24.2791253+01:00" endTime="2024-01-09T15:43:24.2791253+01:00" testType="13cdc9d9-ddb5-4fa4-a97d-d965ccfc6d4b" outcome="Passed" testListId="8c84fa94-04c1-424b-9868-57a2d4851a1d" relativeResultsDirectory="16328199-9955-4058-a353-d1a222644aab" />
    <UnitTestResult executionId="6a647a0a-2a82-4d3d-b835-e6637975d1e7" testId="658a588b-f25a-953c-f845-7be4a815fac7" testName="Constructor_ShouldThrowArgumentNullException_ConfigFilterManagerIsNull" computerName="DKSR-EFI-06" duration="00:00:00.0013945" startTime="2024-01-09T15:43:28.4666285+01:00" endTime="2024-01-09T15:43:28.4666285+01:00" testType="13cdc9d9-ddb5-4fa4-a97d-d965ccfc6d4b" outcome="Passed" testListId="8c84fa94-04c1-424b-9868-57a2d4851a1d" relativeResultsDirectory="6a647a0a-2a82-4d3d-b835-e6637975d1e7" />
    <UnitTestResult executionId="1a63c428-05c8-4887-a2e7-b767801e2a40" testId="832cb8dd-452e-8b63-c810-8d0dc73f7eb0" testName="AllEventTypeGroups_ShouldContainAllEventTypes_WhenAllEventTypesAreSet" computerName="DKSR-EFI-06" duration="00:00:00.1659861" startTime="2024-01-09T15:43:30.1541273+01:00" endTime="2024-01-09T15:43:30.3260055+01:00" testType="13cdc9d9-ddb5-4fa4-a97d-d965ccfc6d4b" outcome="Passed" testListId="8c84fa94-04c1-424b-9868-57a2d4851a1d" relativeResultsDirectory="1a63c428-05c8-4887-a2e7-b767801e2a40" />
    <UnitTestResult executionId="02855d70-327b-4fe5-a341-7c74f44672cd" testId="dbbc5690-fac2-1b11-1e8a-0424a979bf51" testName="TestInsertElementRootElementsAndRecursively" computerName="DKSR-EFI-06" duration="00:00:00.1089231" startTime="2024-01-09T15:43:22.4509982+01:00" endTime="2024-01-09T15:43:22.5603762+01:00" testType="13cdc9d9-ddb5-4fa4-a97d-d965ccfc6d4b" outcome="Passed" testListId="8c84fa94-04c1-424b-9868-57a2d4851a1d" relativeResultsDirectory="02855d70-327b-4fe5-a341-7c74f44672cd" />
    <UnitTestResult executionId="33f63a56-db95-44ef-8f88-48d7fad829f0" testId="e11d37c3-85ce-b634-94ea-08dd0ce22124" testName="TestInsertElementWithoutTypeId" computerName="DKSR-EFI-06" duration="00:00:00.0117766" startTime="2024-01-09T15:43:22.3572494+01:00" endTime="2024-01-09T15:43:22.3728741+01:00" testType="13cdc9d9-ddb5-4fa4-a97d-d965ccfc6d4b" outcome="Passed" testListId="8c84fa94-04c1-424b-9868-57a2d4851a1d" relativeResultsDirectory="33f63a56-db95-44ef-8f88-48d7fad829f0" />
    <UnitTestResult executionId="f3341974-cdb2-48c4-bf00-8cc6cabefc6d" testId="ba88fb45-743a-0090-5035-14df3b26d5c9" testName="Handle_ShouldNotFlattenValues_WhenValuesDoNotIncludeValidPriorityIntValues" computerName="DKSR-EFI-06" duration="00:00:00.0009844" startTime="2024-01-09T15:43:30.5291283+01:00" endTime="2024-01-09T15:43:30.5447535+01:00" testType="13cdc9d9-ddb5-4fa4-a97d-d965ccfc6d4b" outcome="Passed" testListId="8c84fa94-04c1-424b-9868-57a2d4851a1d" relativeResultsDirectory="f3341974-cdb2-48c4-bf00-8cc6cabefc6d" />
    <UnitTestResult executionId="de3774d3-9472-42e7-bd10-3c3f3498dbf5" testId="48d56e3f-ad3b-be4d-0cbc-efeb7cbda6a1" testName="Construction" computerName="DKSR-EFI-06" duration="00:00:00.0083493" startTime="2024-01-09T15:43:13.9041119+01:00" endTime="2024-01-09T15:43:13.9041119+01:00" testType="13cdc9d9-ddb5-4fa4-a97d-d965ccfc6d4b" outcome="Passed" testListId="8c84fa94-04c1-424b-9868-57a2d4851a1d" relativeResultsDirectory="de3774d3-9472-42e7-bd10-3c3f3498dbf5" />
    <UnitTestResult executionId="0c109765-669c-4787-970c-bebde15fff0f" testId="279abe63-320e-13e4-a8e2-c9909fd8742b" testName="LookupGroupId_ShouldReturnDeviceEventGroup_WhenEventIsDeviceEvent" computerName="DKSR-EFI-06" duration="00:00:00.1642331" startTime="2024-01-09T15:43:29.7478777+01:00" endTime="2024-01-09T15:43:29.9197526+01:00" testType="13cdc9d9-ddb5-4fa4-a97d-d965ccfc6d4b" outcome="Passed" testListId="8c84fa94-04c1-424b-9868-57a2d4851a1d" relativeResultsDirectory="0c109765-669c-4787-970c-bebde15fff0f" />
    <UnitTestResult executionId="463c092f-7b1a-41f6-8025-589de4b6d75c" testId="b54d77b2-84ea-8a67-b4f0-f35f9bb7857b" testName="HasStateUpdate_ShouldReturnTrue_WhenListContainsOneUpdateWithDifferentStates" computerName="DKSR-EFI-06" duration="00:00:00.0006750" startTime="2024-01-09T15:43:30.5603780+01:00" endTime="2024-01-09T15:43:30.5603780+01:00" testType="13cdc9d9-ddb5-4fa4-a97d-d965ccfc6d4b" outcome="Passed" testListId="8c84fa94-04c1-424b-9868-57a2d4851a1d" relativeResultsDirectory="463c092f-7b1a-41f6-8025-589de4b6d75c" />
    <UnitTestResult executionId="0edb3a1c-494d-4c5c-8ea2-d504c374ffce" testId="ab329fe8-f796-7ca0-46bf-e9faca7899f8" testName="EventConverter_ConvertBaseItemToBaseEvent_Success_No_Reference_Items" computerName="DKSR-EFI-06" duration="00:00:00.0017769" startTime="2024-01-09T15:43:26.5916282+01:00" endTime="2024-01-09T15:43:26.5916282+01:00" testType="13cdc9d9-ddb5-4fa4-a97d-d965ccfc6d4b" outcome="Passed" testListId="8c84fa94-04c1-424b-9868-57a2d4851a1d" relativeResultsDirectory="0edb3a1c-494d-4c5c-8ea2-d504c374ffce" />
    <UnitTestResult executionId="61b67f0d-c1d1-4803-89f8-9054353d3315" testId="7da7c86d-88f1-5b5d-59f9-4dc00dc7d18b" testName="TestConstructor" computerName="DKSR-EFI-06" duration="00:00:00.0008594" startTime="2024-01-09T15:43:25.7947537+01:00" endTime="2024-01-09T15:43:25.7947537+01:00" testType="13cdc9d9-ddb5-4fa4-a97d-d965ccfc6d4b" outcome="Passed" testListId="8c84fa94-04c1-424b-9868-57a2d4851a1d" relativeResultsDirectory="61b67f0d-c1d1-4803-89f8-9054353d3315" />
    <UnitTestResult executionId="2b77eba7-d5a1-4a25-96ac-8ecf0b23e971" testId="fa0411a1-2370-819b-055c-83a992a25bc8" testName="TestGetXML" computerName="DKSR-EFI-06" duration="00:00:00.0040558" startTime="2024-01-09T15:43:25.5291255+01:00" endTime="2024-01-09T15:43:25.5291255+01:00" testType="13cdc9d9-ddb5-4fa4-a97d-d965ccfc6d4b" outcome="Passed" testListId="8c84fa94-04c1-424b-9868-57a2d4851a1d" relativeResultsDirectory="2b77eba7-d5a1-4a25-96ac-8ecf0b23e971" />
    <UnitTestResult executionId="64f8d87b-a494-404d-ba03-b4e312a44aba" testId="c551619f-eea0-801f-e025-a2dc4894f67e" testName="TestInsertElementWithAnExistingMarkedForDeletionElement" computerName="DKSR-EFI-06" duration="00:00:00.0089401" startTime="2024-01-09T15:43:22.7166241+01:00" endTime="2024-01-09T15:43:22.7322503+01:00" testType="13cdc9d9-ddb5-4fa4-a97d-d965ccfc6d4b" outcome="Passed" testListId="8c84fa94-04c1-424b-9868-57a2d4851a1d" relativeResultsDirectory="64f8d87b-a494-404d-ba03-b4e312a44aba" />
    <UnitTestResult executionId="4a74ac57-c382-4714-825e-66e3a4a6c701" testId="e51d5a0b-1ec1-7c7b-fb43-2477559a4db3" testName="UpdateDisplayXML_WithValidParameters" computerName="DKSR-EFI-06" duration="00:00:00.0057466" startTime="2024-01-09T15:43:17.1541193+01:00" endTime="2024-01-09T15:43:17.1541193+01:00" testType="13cdc9d9-ddb5-4fa4-a97d-d965ccfc6d4b" outcome="Passed" testListId="8c84fa94-04c1-424b-9868-57a2d4851a1d" relativeResultsDirectory="4a74ac57-c382-4714-825e-66e3a4a6c701" />
    <UnitTestResult executionId="55dd2b2a-0c19-4110-ad15-5df0dc61c607" testId="053605cc-6735-42bb-6e5a-f614c91f94ee" testName="TestAddUserWithNullUser" computerName="DKSR-EFI-06" duration="00:00:00.0012788" startTime="2024-01-09T15:43:27.4666713+01:00" endTime="2024-01-09T15:43:27.4666713+01:00" testType="13cdc9d9-ddb5-4fa4-a97d-d965ccfc6d4b" outcome="Passed" testListId="8c84fa94-04c1-424b-9868-57a2d4851a1d" relativeResultsDirectory="55dd2b2a-0c19-4110-ad15-5df0dc61c607" />
    <UnitTestResult executionId="ec89e13d-804c-4947-a97f-0a30b5e66ed4" testId="4ad32d2a-392c-75b6-9ee4-ad7026ad2f38" testName="TestGetAlarmLinesInvalidToken" computerName="DKSR-EFI-06" duration="00:00:00.0036187" startTime="2024-01-09T15:43:19.0916226+01:00" endTime="2024-01-09T15:43:19.1072483+01:00" testType="13cdc9d9-ddb5-4fa4-a97d-d965ccfc6d4b" outcome="Passed" testListId="8c84fa94-04c1-424b-9868-57a2d4851a1d" relativeResultsDirectory="ec89e13d-804c-4947-a97f-0a30b5e66ed4" />
    <UnitTestResult executionId="f733a93a-1b5e-4766-ac71-4a0256366c68" testId="e57cf4c2-4e25-5fbe-8127-a1aed3da19ed" testName="TestAddLiveCacheWithNullData" computerName="DKSR-EFI-06" duration="00:00:00.0030321" startTime="2024-01-09T15:43:13.6541118+01:00" endTime="2024-01-09T15:43:13.6541118+01:00" testType="13cdc9d9-ddb5-4fa4-a97d-d965ccfc6d4b" outcome="Passed" testListId="8c84fa94-04c1-424b-9868-57a2d4851a1d" relativeResultsDirectory="f733a93a-1b5e-4766-ac71-4a0256366c68" />
    <UnitTestResult executionId="fc3056e7-10f2-4ed1-aad4-70eb65c37c43" testId="b5f7e19e-b7d3-0e84-e35f-5457bc7ff58c" testName="EventIdListTest_LastEventIDsUpdate_Success" computerName="DKSR-EFI-06" duration="00:00:00.0018396" startTime="2024-01-09T15:43:28.0760048+01:00" endTime="2024-01-09T15:43:28.0760048+01:00" testType="13cdc9d9-ddb5-4fa4-a97d-d965ccfc6d4b" outcome="Passed" testListId="8c84fa94-04c1-424b-9868-57a2d4851a1d" relativeResultsDirectory="fc3056e7-10f2-4ed1-aad4-70eb65c37c43" />
    <UnitTestResult executionId="eb32617e-3974-4af3-90d6-659dedd376f2" testId="af2f1c64-8a2a-cc80-4b30-6947f73e734f" testName="TestCacheCleanupSingleSessionSingleUserIdNoTouch" computerName="DKSR-EFI-06" duration="00:00:00.0405831" startTime="2024-01-09T15:43:26.9822523+01:00" endTime="2024-01-09T15:43:27.0291276+01:00" testType="13cdc9d9-ddb5-4fa4-a97d-d965ccfc6d4b" outcome="Passed" testListId="8c84fa94-04c1-424b-9868-57a2d4851a1d" relativeResultsDirectory="eb32617e-3974-4af3-90d6-659dedd376f2" />
    <UnitTestResult executionId="84d7c3f3-f503-41f5-bc8b-870cd4be591b" testId="917c1bdf-6063-7913-d982-329ee05581db" testName="TestGetAllElementsOfTypeWithInsufficientRights" computerName="DKSR-EFI-06" duration="00:00:00.0123975" startTime="2024-01-09T15:43:23.4354212+01:00" endTime="2024-01-09T15:43:23.4510023+01:00" testType="13cdc9d9-ddb5-4fa4-a97d-d965ccfc6d4b" outcome="Passed" testListId="8c84fa94-04c1-424b-9868-57a2d4851a1d" relativeResultsDirectory="84d7c3f3-f503-41f5-bc8b-870cd4be591b" />
    <UnitTestResult executionId="5ea0c3ee-7752-4eb3-85ee-f9924e2ee807" testId="32d260cd-d3ba-7dc8-bbda-4a59e566f96f" testName="TestRemoveUserWithNullUser" computerName="DKSR-EFI-06" duration="00:00:00.0021724" startTime="2024-01-09T15:43:27.4978789+01:00" endTime="2024-01-09T15:43:27.4978789+01:00" testType="13cdc9d9-ddb5-4fa4-a97d-d965ccfc6d4b" outcome="Passed" testListId="8c84fa94-04c1-424b-9868-57a2d4851a1d" relativeResultsDirectory="5ea0c3ee-7752-4eb3-85ee-f9924e2ee807" />
    <UnitTestResult executionId="c4b44a32-8f4b-4c11-b3fb-b81dfed65494" testId="1c94bdcf-8de3-0f60-783e-acd269e65780" testName="TestLoadConfigurationWithValidIdAndOwnerIdButWithoutRelationId" computerName="DKSR-EFI-06" duration="00:00:00.0044108" startTime="2024-01-09T15:43:20.7322485+01:00" endTime="2024-01-09T15:43:20.7322485+01:00" testType="13cdc9d9-ddb5-4fa4-a97d-d965ccfc6d4b" outcome="Passed" testListId="8c84fa94-04c1-424b-9868-57a2d4851a1d" relativeResultsDirectory="c4b44a32-8f4b-4c11-b3fb-b81dfed65494" />
    <UnitTestResult executionId="94945ffd-95a9-4a3f-b3ac-bcd24f9167d0" testId="a09789c3-f697-5663-6a05-6fa2cb53c4e5" testName="TestUpdateElementNameWithOldTimestamp" computerName="DKSR-EFI-06" duration="00:00:00.0023550" startTime="2024-01-09T15:43:24.3103765+01:00" endTime="2024-01-09T15:43:24.3103765+01:00" testType="13cdc9d9-ddb5-4fa4-a97d-d965ccfc6d4b" outcome="Passed" testListId="8c84fa94-04c1-424b-9868-57a2d4851a1d" relativeResultsDirectory="94945ffd-95a9-4a3f-b3ac-bcd24f9167d0" />
    <UnitTestResult executionId="73607f52-ca98-4b7f-883c-8c7e7cd8f71b" testId="1c8c6248-1c84-a4a5-d64f-264bc96db5aa" testName="TestAddInvalidToken" computerName="DKSR-EFI-06" duration="00:00:00.2311345" startTime="2024-01-09T15:43:18.3884946+01:00" endTime="2024-01-09T15:43:18.6228708+01:00" testType="13cdc9d9-ddb5-4fa4-a97d-d965ccfc6d4b" outcome="Passed" testListId="8c84fa94-04c1-424b-9868-57a2d4851a1d" relativeResultsDirectory="73607f52-ca98-4b7f-883c-8c7e7cd8f71b" />
    <UnitTestResult executionId="dfb6f865-13bd-4e6b-a93e-f62b48092a39" testId="652d6245-b2bc-1bf1-9e71-8d0b01061274" testName="TestGetException" computerName="DKSR-EFI-06" duration="00:00:00.0033406" startTime="2024-01-09T15:43:18.7634961+01:00" endTime="2024-01-09T15:43:18.7634961+01:00" testType="13cdc9d9-ddb5-4fa4-a97d-d965ccfc6d4b" outcome="Passed" testListId="8c84fa94-04c1-424b-9868-57a2d4851a1d" relativeResultsDirectory="dfb6f865-13bd-4e6b-a93e-f62b48092a39" />
    <UnitTestResult executionId="ee5cb84d-7bef-4f21-8655-4916cbae2595" testId="041377db-dcc6-3c7f-3732-41e0e8b36562" testName="TestDeleteObjectThrowingUnhandledException" computerName="DKSR-EFI-06" duration="00:00:00.0049070" startTime="2024-01-09T15:43:18.0759951+01:00" endTime="2024-01-09T15:43:18.0759951+01:00" testType="13cdc9d9-ddb5-4fa4-a97d-d965ccfc6d4b" outcome="Passed" testListId="8c84fa94-04c1-424b-9868-57a2d4851a1d" relativeResultsDirectory="ee5cb84d-7bef-4f21-8655-4916cbae2595" />
    <UnitTestResult executionId="b21fbef9-8a65-4fc5-8e88-886608f462d1" testId="fe0fb3e9-27dd-b61e-9ae2-3ccd114e06ab" testName="FetchCache_ShouldAddUserToTheCache_IfUserIsBasicUser" computerName="DKSR-EFI-06" duration="00:00:00.2664421" startTime="2024-01-09T15:43:08.6072257+01:00" endTime="2024-01-09T15:43:08.8728497+01:00" testType="13cdc9d9-ddb5-4fa4-a97d-d965ccfc6d4b" outcome="Passed" testListId="8c84fa94-04c1-424b-9868-57a2d4851a1d" relativeResultsDirectory="b21fbef9-8a65-4fc5-8e88-886608f462d1" />
    <UnitTestResult executionId="1b7b69c5-cf3b-4e26-a12f-28664bad506e" testId="d11de860-4163-85a1-7115-b5634191d79e" testName="TestLoadConfigurationWithoutValidId" computerName="DKSR-EFI-06" duration="00:00:00.0519806" startTime="2024-01-09T15:43:20.6384976+01:00" endTime="2024-01-09T15:43:20.6853731+01:00" testType="13cdc9d9-ddb5-4fa4-a97d-d965ccfc6d4b" outcome="Passed" testListId="8c84fa94-04c1-424b-9868-57a2d4851a1d" relativeResultsDirectory="1b7b69c5-cf3b-4e26-a12f-28664bad506e" />
    <UnitTestResult executionId="a5dd2e59-9cae-4600-9d66-ab1c18360c2e" testId="1e0d3643-4c52-8551-b356-f6c3ec240da4" testName="TestInsertElementWithUsedIdAndVisualOwnerId" computerName="DKSR-EFI-06" duration="00:00:00.0094033" startTime="2024-01-09T15:43:22.3728741+01:00" endTime="2024-01-09T15:43:22.3884996+01:00" testType="13cdc9d9-ddb5-4fa4-a97d-d965ccfc6d4b" outcome="Passed" testListId="8c84fa94-04c1-424b-9868-57a2d4851a1d" relativeResultsDirectory="a5dd2e59-9cae-4600-9d66-ab1c18360c2e" />
    <UnitTestResult executionId="1fe59c7f-fdc3-42c1-a92a-f5ffa8e39ab2" testId="a0a872b1-f051-b8aa-b24b-b9eca47e8aa0" testName="TestInitialize" computerName="DKSR-EFI-06" duration="00:00:00.0089527" startTime="2024-01-09T15:43:20.3416262+01:00" endTime="2024-01-09T15:43:20.3416262+01:00" testType="13cdc9d9-ddb5-4fa4-a97d-d965ccfc6d4b" outcome="Passed" testListId="8c84fa94-04c1-424b-9868-57a2d4851a1d" relativeResultsDirectory="1fe59c7f-fdc3-42c1-a92a-f5ffa8e39ab2" />
    <UnitTestResult executionId="701358d9-52b8-4193-8cb2-d7ecb95791d9" testId="cebde89e-d8bb-2be7-1899-93c5dfe58142" testName="TestUpdateElementDisplayXmlWithOldTimestamp" computerName="DKSR-EFI-06" duration="00:00:00.0025155" startTime="2024-01-09T15:43:22.2478761+01:00" endTime="2024-01-09T15:43:22.2478761+01:00" testType="13cdc9d9-ddb5-4fa4-a97d-d965ccfc6d4b" outcome="Passed" testListId="8c84fa94-04c1-424b-9868-57a2d4851a1d" relativeResultsDirectory="701358d9-52b8-4193-8cb2-d7ecb95791d9" />
    <UnitTestResult executionId="0fd52fb5-08bf-4da6-b854-300fbad12bfd" testId="7950372d-8564-c43b-1499-25c23a1e7c18" testName="TestUpdateStateWithUnknownCamera" computerName="DKSR-EFI-06" duration="00:00:00.0011290" startTime="2024-01-09T15:43:24.5291263+01:00" endTime="2024-01-09T15:43:24.5291263+01:00" testType="13cdc9d9-ddb5-4fa4-a97d-d965ccfc6d4b" outcome="Passed" testListId="8c84fa94-04c1-424b-9868-57a2d4851a1d" relativeResultsDirectory="0fd52fb5-08bf-4da6-b854-300fbad12bfd" />
    <UnitTestResult executionId="58f4a4b8-90fe-4a64-9ba7-83d36df17771" testId="816814c6-e83f-da87-ffd1-92aa41bb1752" testName="TestSaveEmptyConfiguration" computerName="DKSR-EFI-06" duration="00:00:00.2963212" startTime="2024-01-09T15:43:30.6072544+01:00" endTime="2024-01-09T15:43:30.9041302+01:00" testType="13cdc9d9-ddb5-4fa4-a97d-d965ccfc6d4b" outcome="Passed" testListId="8c84fa94-04c1-424b-9868-57a2d4851a1d" relativeResultsDirectory="58f4a4b8-90fe-4a64-9ba7-83d36df17771" />
    <UnitTestResult executionId="7c8ca94d-9c7d-4060-9d78-635453454248" testId="93031eb4-0393-34c5-580c-f6097d39ae92" testName="TestGetAllObjectsOnVisualElementWithInvalidUser" computerName="DKSR-EFI-06" duration="00:00:00.0027711" startTime="2024-01-09T15:43:16.7478692+01:00" endTime="2024-01-09T15:43:16.7478692+01:00" testType="13cdc9d9-ddb5-4fa4-a97d-d965ccfc6d4b" outcome="Passed" testListId="8c84fa94-04c1-424b-9868-57a2d4851a1d" relativeResultsDirectory="7c8ca94d-9c7d-4060-9d78-635453454248" />
    <UnitTestResult executionId="db145812-7e33-4206-8c9d-63fbc84468e2" testId="db38b9c7-ab19-e6fd-60f0-e3e59d88bf94" testName="TestGetVisualizationChangesWithInvalidUser" computerName="DKSR-EFI-06" duration="00:00:00.0034785" startTime="2024-01-09T15:43:15.7791171+01:00" endTime="2024-01-09T15:43:15.7791171+01:00" testType="13cdc9d9-ddb5-4fa4-a97d-d965ccfc6d4b" outcome="Passed" testListId="8c84fa94-04c1-424b-9868-57a2d4851a1d" relativeResultsDirectory="db145812-7e33-4206-8c9d-63fbc84468e2" />
    <UnitTestResult executionId="da784e34-9641-4147-a6a8-92b91f9820c6" testId="ac4537e1-9bda-803f-f98e-b8a7b0cac0f9" testName="TestGetStatusDetailNotAuthenticated" computerName="DKSR-EFI-06" duration="00:00:00.0015631" startTime="2024-01-09T15:43:14.3259887+01:00" endTime="2024-01-09T15:43:14.3259887+01:00" testType="13cdc9d9-ddb5-4fa4-a97d-d965ccfc6d4b" outcome="Passed" testListId="8c84fa94-04c1-424b-9868-57a2d4851a1d" relativeResultsDirectory="da784e34-9641-4147-a6a8-92b91f9820c6" />
    <UnitTestResult executionId="1562563b-af78-49ab-a225-79cd5480c989" testId="7c2c6837-0ff3-3639-aae7-2c01abcd651e" testName="TestUpdateElementsWithAnElementMarkedForDeletion" computerName="DKSR-EFI-06" duration="00:00:00.0061643" startTime="2024-01-09T15:43:23.1541246+01:00" endTime="2024-01-09T15:43:23.1541246+01:00" testType="13cdc9d9-ddb5-4fa4-a97d-d965ccfc6d4b" outcome="Passed" testListId="8c84fa94-04c1-424b-9868-57a2d4851a1d" relativeResultsDirectory="1562563b-af78-49ab-a225-79cd5480c989" />
    <UnitTestResult executionId="3a3c448d-8215-4577-b5d7-3c0e8cc89bfb" testId="f615a366-8b0a-715d-d5ab-613020d166d9" testName="TestShutdown" computerName="DKSR-EFI-06" duration="00:00:00.0118422" startTime="2024-01-09T15:43:20.3572498+01:00" endTime="2024-01-09T15:43:20.3572498+01:00" testType="13cdc9d9-ddb5-4fa4-a97d-d965ccfc6d4b" outcome="Passed" testListId="8c84fa94-04c1-424b-9868-57a2d4851a1d" relativeResultsDirectory="3a3c448d-8215-4577-b5d7-3c0e8cc89bfb" />
    <UnitTestResult executionId="02e9c867-8c6c-492d-8308-fc32c29df038" testId="84a6ed3b-9aa1-9227-d98e-a331ef3fb88e" testName="TestConstructor" computerName="DKSR-EFI-06" duration="00:00:00.0006218" startTime="2024-01-09T15:43:25.0916276+01:00" endTime="2024-01-09T15:43:25.0916276+01:00" testType="13cdc9d9-ddb5-4fa4-a97d-d965ccfc6d4b" outcome="Passed" testListId="8c84fa94-04c1-424b-9868-57a2d4851a1d" relativeResultsDirectory="02e9c867-8c6c-492d-8308-fc32c29df038" />
    <UnitTestResult executionId="94d35052-6e5a-410d-bedf-17f1c1379b30" testId="081d79ae-92e6-b908-1d02-350cb6023be2" testName="TestCreate" computerName="DKSR-EFI-06" duration="00:00:00.1913553" startTime="2024-01-09T15:43:06.0292011+01:00" endTime="2024-01-09T15:43:06.7634655+01:00" testType="13cdc9d9-ddb5-4fa4-a97d-d965ccfc6d4b" outcome="Passed" testListId="8c84fa94-04c1-424b-9868-57a2d4851a1d" relativeResultsDirectory="94d35052-6e5a-410d-bedf-17f1c1379b30" />
    <UnitTestResult executionId="4af8ab5d-c3fc-4786-a3d3-422bc64d1012" testId="e3f69282-c150-c471-27ff-f7baf0f46eec" testName="ShouldSave_ShouldBeFalse_AfterLoadingConfiguration" computerName="DKSR-EFI-06" duration="00:00:00.0046298" startTime="2024-01-09T15:43:28.5447547+01:00" endTime="2024-01-09T15:43:28.5447547+01:00" testType="13cdc9d9-ddb5-4fa4-a97d-d965ccfc6d4b" outcome="Passed" testListId="8c84fa94-04c1-424b-9868-57a2d4851a1d" relativeResultsDirectory="4af8ab5d-c3fc-4786-a3d3-422bc64d1012" />
    <UnitTestResult executionId="3042cf34-317e-419d-a333-93bcc0d0e6b7" testId="f03a5c4e-00a7-c123-3fad-20db24597c9c" testName="TestUpdateObjectWithValidParameters" computerName="DKSR-EFI-06" duration="00:00:00.0048365" startTime="2024-01-09T15:43:17.3259954+01:00" endTime="2024-01-09T15:43:17.3416195+01:00" testType="13cdc9d9-ddb5-4fa4-a97d-d965ccfc6d4b" outcome="Passed" testListId="8c84fa94-04c1-424b-9868-57a2d4851a1d" relativeResultsDirectory="3042cf34-317e-419d-a333-93bcc0d0e6b7" />
    <UnitTestResult executionId="82576cf8-7783-429c-ad8b-04140a6a8879" testId="82f8e66b-df98-7cbb-fdf7-dc2f3b4fd43e" testName="TestUpdateElementsWithNonExistingId" computerName="DKSR-EFI-06" duration="00:00:00.0042643" startTime="2024-01-09T15:43:23.1385018+01:00" endTime="2024-01-09T15:43:23.1385018+01:00" testType="13cdc9d9-ddb5-4fa4-a97d-d965ccfc6d4b" outcome="Passed" testListId="8c84fa94-04c1-424b-9868-57a2d4851a1d" relativeResultsDirectory="82576cf8-7783-429c-ad8b-04140a6a8879" />
    <UnitTestResult executionId="6a1761e0-8933-412f-b292-a721daca2e5a" testId="d5d6f0da-873e-4fdc-a036-967cdfb725f8" testName="TestProperties" computerName="DKSR-EFI-06" duration="00:00:00.0023663" startTime="2024-01-09T15:43:20.5603741+01:00" endTime="2024-01-09T15:43:20.5603741+01:00" testType="13cdc9d9-ddb5-4fa4-a97d-d965ccfc6d4b" outcome="Passed" testListId="8c84fa94-04c1-424b-9868-57a2d4851a1d" relativeResultsDirectory="6a1761e0-8933-412f-b292-a721daca2e5a" />
    <UnitTestResult executionId="b864a00a-d56c-4e02-81db-10bb69c0164b" testId="da0e23da-ffd3-b19d-ab37-35c036e31e36" testName="TestToVisualElementWithNullVariables" computerName="DKSR-EFI-06" duration="00:00:00.0023804" startTime="2024-01-09T15:43:25.3260011+01:00" endTime="2024-01-09T15:43:25.3260011+01:00" testType="13cdc9d9-ddb5-4fa4-a97d-d965ccfc6d4b" outcome="Passed" testListId="8c84fa94-04c1-424b-9868-57a2d4851a1d" relativeResultsDirectory="b864a00a-d56c-4e02-81db-10bb69c0164b" />
    <UnitTestResult executionId="9c8900b3-4d84-434b-ae78-bcc5751ea439" testId="47ff905a-bdb9-8c9d-978f-83c30105525a" testName="TestCreateFilteredConfigurationChildUnitLimited" computerName="DKSR-EFI-06" duration="00:00:00.0012772" startTime="2024-01-09T15:43:31.4978773+01:00" endTime="2024-01-09T15:43:31.4978773+01:00" testType="13cdc9d9-ddb5-4fa4-a97d-d965ccfc6d4b" outcome="Passed" testListId="8c84fa94-04c1-424b-9868-57a2d4851a1d" relativeResultsDirectory="9c8900b3-4d84-434b-ae78-bcc5751ea439" />
    <UnitTestResult executionId="076ecc8d-5b86-409e-b6b6-ec454c6601a6" testId="84896106-2f9f-b03d-8fed-b3a52db5f04e" testName="TestCreateAccessControlItemAuthorizationFetcherWithNullConfigHost" computerName="DKSR-EFI-06" duration="00:00:00.0010335" startTime="2024-01-09T15:43:27.5760043+01:00" endTime="2024-01-09T15:43:27.5760043+01:00" testType="13cdc9d9-ddb5-4fa4-a97d-d965ccfc6d4b" outcome="Passed" testListId="8c84fa94-04c1-424b-9868-57a2d4851a1d" relativeResultsDirectory="076ecc8d-5b86-409e-b6b6-ec454c6601a6" />
    <UnitTestResult executionId="f176486f-8b7c-4475-9b5e-6f16a482d1c1" testId="1d2192d4-d15d-69d2-7e4c-7b28b433796d" testName="TestSetVisualizationNotAuthenticated" computerName="DKSR-EFI-06" duration="00:00:00.0019562" startTime="2024-01-09T15:43:14.3416117+01:00" endTime="2024-01-09T15:43:14.3416117+01:00" testType="13cdc9d9-ddb5-4fa4-a97d-d965ccfc6d4b" outcome="Passed" testListId="8c84fa94-04c1-424b-9868-57a2d4851a1d" relativeResultsDirectory="f176486f-8b7c-4475-9b5e-6f16a482d1c1" />
    <UnitTestResult executionId="107e1b35-991a-4cf0-92f8-37665cd8b6ad" testId="9110ac03-e549-509b-3bb4-cd591764d1a4" testName="FeatureManager_NullSqlConnectionStorage_Throws_ArgumentNullException" computerName="DKSR-EFI-06" duration="00:00:00.0018776" startTime="2024-01-09T15:43:13.9041119+01:00" endTime="2024-01-09T15:43:13.9041119+01:00" testType="13cdc9d9-ddb5-4fa4-a97d-d965ccfc6d4b" outcome="Passed" testListId="8c84fa94-04c1-424b-9868-57a2d4851a1d" relativeResultsDirectory="107e1b35-991a-4cf0-92f8-37665cd8b6ad" />
    <UnitTestResult executionId="80a014b3-71a3-405f-81ab-4c313029f5f0" testId="1e6f1496-dce0-5308-df54-31492319a026" testName="TestLoadXMLWithCorrectValues" computerName="DKSR-EFI-06" duration="00:00:00.0021715" startTime="2024-01-09T15:43:25.5135016+01:00" endTime="2024-01-09T15:43:25.5135016+01:00" testType="13cdc9d9-ddb5-4fa4-a97d-d965ccfc6d4b" outcome="Passed" testListId="8c84fa94-04c1-424b-9868-57a2d4851a1d" relativeResultsDirectory="80a014b3-71a3-405f-81ab-4c313029f5f0" />
    <UnitTestResult executionId="d6f9db68-5deb-4a1c-bd2a-2a4754b62d3e" testId="3d71eb69-9c6f-0f09-8429-11a4b64d43de" testName="TestGetIconDataNotAuthenticated" computerName="DKSR-EFI-06" duration="00:00:00.0016256" startTime="2024-01-09T15:43:17.6697446+01:00" endTime="2024-01-09T15:43:17.6853695+01:00" testType="13cdc9d9-ddb5-4fa4-a97d-d965ccfc6d4b" outcome="Passed" testListId="8c84fa94-04c1-424b-9868-57a2d4851a1d" relativeResultsDirectory="d6f9db68-5deb-4a1c-bd2a-2a4754b62d3e" />
    <UnitTestResult executionId="5403b703-abaf-4195-9802-1dc9dc9fed56" testId="1a8ece28-2d7b-4d15-bd96-32d58e25e257" testName="TestGetStatusDetailsThrowingUnhandledException" computerName="DKSR-EFI-06" duration="00:00:00.0031989" startTime="2024-01-09T15:43:15.7166174+01:00" endTime="2024-01-09T15:43:15.7166174+01:00" testType="13cdc9d9-ddb5-4fa4-a97d-d965ccfc6d4b" outcome="Passed" testListId="8c84fa94-04c1-424b-9868-57a2d4851a1d" relativeResultsDirectory="5403b703-abaf-4195-9802-1dc9dc9fed56" />
    <UnitTestResult executionId="43ebbcc7-687d-4b33-9c09-64a2137c5743" testId="0c5eded9-aaa4-989f-6237-6788ed673cd4" testName="EventConverter_ParseMetadata_Metadata_Success" computerName="DKSR-EFI-06" duration="00:00:00.0059331" startTime="2024-01-09T15:43:26.6541275+01:00" endTime="2024-01-09T15:43:26.6541275+01:00" testType="13cdc9d9-ddb5-4fa4-a97d-d965ccfc6d4b" outcome="Passed" testListId="8c84fa94-04c1-424b-9868-57a2d4851a1d" relativeResultsDirectory="43ebbcc7-687d-4b33-9c09-64a2137c5743" />
    <UnitTestResult executionId="c2b80259-8538-48dd-a52a-4a0cc49217b5" testId="f0759f59-0dc4-5893-7a39-d74e8b8ab5a4" testName="TestConstructor" computerName="DKSR-EFI-06" duration="00:00:00.0007974" startTime="2024-01-09T15:43:24.3103765+01:00" endTime="2024-01-09T15:43:24.3103765+01:00" testType="13cdc9d9-ddb5-4fa4-a97d-d965ccfc6d4b" outcome="Passed" testListId="8c84fa94-04c1-424b-9868-57a2d4851a1d" relativeResultsDirectory="c2b80259-8538-48dd-a52a-4a0cc49217b5" />
    <UnitTestResult executionId="2ee5e4b0-810c-490b-8523-073d620445b3" testId="2624c65e-dca6-66ef-54f0-35e68f401166" testName="TestGetStatusForAllObjectsOfTypeWithInvalidUser" computerName="DKSR-EFI-06" duration="00:00:00.0045626" startTime="2024-01-09T15:43:15.6853656+01:00" endTime="2024-01-09T15:43:15.7009917+01:00" testType="13cdc9d9-ddb5-4fa4-a97d-d965ccfc6d4b" outcome="Passed" testListId="8c84fa94-04c1-424b-9868-57a2d4851a1d" relativeResultsDirectory="2ee5e4b0-810c-490b-8523-073d620445b3" />
    <UnitTestResult executionId="b47ef918-6ece-4f8f-bbed-9bbd3a7abaca" testId="cfafff56-2602-965b-6406-2d952413ebf9" testName="TestGetAllElementsOfTypeWithTwoHotzonesPointingToSameSubMap" computerName="DKSR-EFI-06" duration="00:00:00.0117250" startTime="2024-01-09T15:43:23.4197513+01:00" endTime="2024-01-09T15:43:23.4354212+01:00" testType="13cdc9d9-ddb5-4fa4-a97d-d965ccfc6d4b" outcome="Passed" testListId="8c84fa94-04c1-424b-9868-57a2d4851a1d" relativeResultsDirectory="b47ef918-6ece-4f8f-bbed-9bbd3a7abaca" />
    <UnitTestResult executionId="51b4c45d-5ae6-4ef9-8de7-a10f135bb381" testId="5c1b319b-f4f1-4700-614d-09ac09c16f25" testName="StartAndClose_StartsAndStopsCleanupThread" computerName="DKSR-EFI-06" duration="00:00:01.1839007" startTime="2024-01-09T15:43:09.0290975+01:00" endTime="2024-01-09T15:43:10.2166030+01:00" testType="13cdc9d9-ddb5-4fa4-a97d-d965ccfc6d4b" outcome="Passed" testListId="8c84fa94-04c1-424b-9868-57a2d4851a1d" relativeResultsDirectory="51b4c45d-5ae6-4ef9-8de7-a10f135bb381" />
    <UnitTestResult executionId="f46ab8b0-bcf5-4263-a1de-87561531487f" testId="14499e35-211f-3973-6507-0af44d7a2adb" testName="TestCreateObjectsWithInvalidUser" computerName="DKSR-EFI-06" duration="00:00:00.0023818" startTime="2024-01-09T15:43:17.8103700+01:00" endTime="2024-01-09T15:43:17.8103700+01:00" testType="13cdc9d9-ddb5-4fa4-a97d-d965ccfc6d4b" outcome="Passed" testListId="8c84fa94-04c1-424b-9868-57a2d4851a1d" relativeResultsDirectory="f46ab8b0-bcf5-4263-a1de-87561531487f" />
    <UnitTestResult executionId="fd54a08c-e077-498c-89c2-a7261109c8f4" testId="66672741-a1d3-80e2-a60f-bcbd8316ff3f" testName="GetObjectsWithinGPSArea_WithValidParameters" computerName="DKSR-EFI-06" duration="00:00:00.0047224" startTime="2024-01-09T15:43:16.7634921+01:00" endTime="2024-01-09T15:43:16.7634921+01:00" testType="13cdc9d9-ddb5-4fa4-a97d-d965ccfc6d4b" outcome="Passed" testListId="8c84fa94-04c1-424b-9868-57a2d4851a1d" relativeResultsDirectory="fd54a08c-e077-498c-89c2-a7261109c8f4" />
    <UnitTestResult executionId="1148beea-8968-48ec-b305-bf385c0035d8" testId="4d767f69-14db-faeb-9548-4009b01122ee" testName="ShouldSave_ShouldBeTrue_IfAccessControlRetentionHasBeenUpdated" computerName="DKSR-EFI-06" duration="00:00:00.0028819" startTime="2024-01-09T15:43:28.5135051+01:00" endTime="2024-01-09T15:43:28.5135051+01:00" testType="13cdc9d9-ddb5-4fa4-a97d-d965ccfc6d4b" outcome="Passed" testListId="8c84fa94-04c1-424b-9868-57a2d4851a1d" relativeResultsDirectory="1148beea-8968-48ec-b305-bf385c0035d8" />
    <UnitTestResult executionId="8f6b77cb-45fe-4594-b343-0a6b0bf7c963" testId="d79f44b2-f93c-761f-f728-c4580e0cf038" testName="TestUpdateElementWithTwoCyclicRelationsWithSameParent" computerName="DKSR-EFI-06" duration="00:00:00.0226749" startTime="2024-01-09T15:43:22.3104431+01:00" endTime="2024-01-09T15:43:22.3416232+01:00" testType="13cdc9d9-ddb5-4fa4-a97d-d965ccfc6d4b" outcome="Passed" testListId="8c84fa94-04c1-424b-9868-57a2d4851a1d" relativeResultsDirectory="8f6b77cb-45fe-4594-b343-0a6b0bf7c963" />
    <UnitTestResult executionId="8526eef9-5d10-452b-bff9-6e5825604a45" testId="7841167c-41fd-cdfa-d05d-fd33c674c56e" testName="TestUpdateState" computerName="DKSR-EFI-06" duration="00:00:00.0020965" startTime="2024-01-09T15:43:25.1072503+01:00" endTime="2024-01-09T15:43:25.1072503+01:00" testType="13cdc9d9-ddb5-4fa4-a97d-d965ccfc6d4b" outcome="Passed" testListId="8c84fa94-04c1-424b-9868-57a2d4851a1d" relativeResultsDirectory="8526eef9-5d10-452b-bff9-6e5825604a45" />
    <UnitTestResult executionId="8d7676cb-a78b-41e2-9a97-4131feb83ef8" testId="75f9fcd0-bfe0-554e-cc48-0d110429d9a6" testName="TestGetVisualizationChangesWithNegativeTimeout" computerName="DKSR-EFI-06" duration="00:00:00.0046147" startTime="2024-01-09T15:43:15.2634905+01:00" endTime="2024-01-09T15:43:15.2634905+01:00" testType="13cdc9d9-ddb5-4fa4-a97d-d965ccfc6d4b" outcome="Passed" testListId="8c84fa94-04c1-424b-9868-57a2d4851a1d" relativeResultsDirectory="8d7676cb-a78b-41e2-9a97-4131feb83ef8" />
    <UnitTestResult executionId="d35e7f74-cf1b-4e3f-8005-f5bb855cbbcc" testId="cf3bd580-d58c-86fe-c0e2-03110ea272b8" testName="TestCacheCleanupMultipleSessionsSingleUserIdNoTouch" computerName="DKSR-EFI-06" duration="00:00:00.0014103" startTime="2024-01-09T15:43:27.0447521+01:00" endTime="2024-01-09T15:43:27.0447521+01:00" testType="13cdc9d9-ddb5-4fa4-a97d-d965ccfc6d4b" outcome="Passed" testListId="8c84fa94-04c1-424b-9868-57a2d4851a1d" relativeResultsDirectory="d35e7f74-cf1b-4e3f-8005-f5bb855cbbcc" />
    <UnitTestResult executionId="a3fca793-6aca-477c-8ec2-d683ac2dac2f" testId="81617092-5393-a84c-34e3-a0234bd9367b" testName="TestGetItemOperationalStateWithUnknownItem" computerName="DKSR-EFI-06" duration="00:00:00.0001731" startTime="2024-01-09T15:43:20.4822504+01:00" endTime="2024-01-09T15:43:20.4822504+01:00" testType="13cdc9d9-ddb5-4fa4-a97d-d965ccfc6d4b" outcome="Passed" testListId="8c84fa94-04c1-424b-9868-57a2d4851a1d" relativeResultsDirectory="a3fca793-6aca-477c-8ec2-d683ac2dac2f" />
    <UnitTestResult executionId="36c5d35f-d66a-45bf-a014-4ab63b1a3427" testId="bb55e130-5f01-e081-978d-29a528a58c56" testName="TestGetPlugIns" computerName="DKSR-EFI-06" duration="00:00:00.0371334" startTime="2024-01-09T15:43:19.7478724+01:00" endTime="2024-01-09T15:43:19.7791234+01:00" testType="13cdc9d9-ddb5-4fa4-a97d-d965ccfc6d4b" outcome="Passed" testListId="8c84fa94-04c1-424b-9868-57a2d4851a1d" relativeResultsDirectory="36c5d35f-d66a-45bf-a014-4ab63b1a3427" />
    <UnitTestResult executionId="a191a8b6-5f19-4123-b779-fcd453e8060a" testId="c6ccf88c-1399-0635-b94d-e570e2da7529" testName="TestGetObjectThrowingUnhandledException" computerName="DKSR-EFI-06" duration="00:00:00.0030551" startTime="2024-01-09T15:43:17.4353695+01:00" endTime="2024-01-09T15:43:17.4353695+01:00" testType="13cdc9d9-ddb5-4fa4-a97d-d965ccfc6d4b" outcome="Passed" testListId="8c84fa94-04c1-424b-9868-57a2d4851a1d" relativeResultsDirectory="a191a8b6-5f19-4123-b779-fcd453e8060a" />
    <UnitTestResult executionId="59976834-f7f0-4e65-bd04-ce916e450eb7" testId="37096f25-4fdb-0672-8789-a379629f4a28" testName="TestNewObjectWithVisualElementStorageDatabase" computerName="DKSR-EFI-06" duration="00:00:00.0013131" startTime="2024-01-09T15:43:25.4822516+01:00" endTime="2024-01-09T15:43:25.4822516+01:00" testType="13cdc9d9-ddb5-4fa4-a97d-d965ccfc6d4b" outcome="Passed" testListId="8c84fa94-04c1-424b-9868-57a2d4851a1d" relativeResultsDirectory="59976834-f7f0-4e65-bd04-ce916e450eb7" />
    <UnitTestResult executionId="84c614a2-8308-41c1-a0a1-506a0c3cb81f" testId="62b536c1-1bca-c658-de57-8a37bfb49525" testName="TestGetVisualElementChangesWithoutAskingForSubElements" computerName="DKSR-EFI-06" duration="00:00:00.0159229" startTime="2024-01-09T15:43:24.2010019+01:00" endTime="2024-01-09T15:43:24.2166277+01:00" testType="13cdc9d9-ddb5-4fa4-a97d-d965ccfc6d4b" outcome="Passed" testListId="8c84fa94-04c1-424b-9868-57a2d4851a1d" relativeResultsDirectory="84c614a2-8308-41c1-a0a1-506a0c3cb81f" />
    <UnitTestResult executionId="b4e166ec-993a-4ec6-b204-41544b184a00" testId="656f95db-014c-5ee9-06b7-7ba025853223" testName="AddSoundAlreadyRemovedTest" computerName="DKSR-EFI-06" duration="00:00:00.0005978" startTime="2024-01-09T15:43:20.5759982+01:00" endTime="2024-01-09T15:43:20.5759982+01:00" testType="13cdc9d9-ddb5-4fa4-a97d-d965ccfc6d4b" outcome="Passed" testListId="8c84fa94-04c1-424b-9868-57a2d4851a1d" relativeResultsDirectory="b4e166ec-993a-4ec6-b204-41544b184a00" />
    <UnitTestResult executionId="3f9519d1-21d7-4c25-b645-d5a4a9d68ac8" testId="666804f4-1bf6-02d5-348c-c2829018a94b" testName="TestGetVisualizationWithProperData" computerName="DKSR-EFI-06" duration="00:00:00.0099044" startTime="2024-01-09T15:43:22.0916232+01:00" endTime="2024-01-09T15:43:22.1072494+01:00" testType="13cdc9d9-ddb5-4fa4-a97d-d965ccfc6d4b" outcome="Passed" testListId="8c84fa94-04c1-424b-9868-57a2d4851a1d" relativeResultsDirectory="3f9519d1-21d7-4c25-b645-d5a4a9d68ac8" />
    <UnitTestResult executionId="b05076cd-bd0b-4df9-897b-632b6947b965" testId="4700ea0b-a6eb-2f32-8574-1971d027ccb0" testName="TestValidateWithIncorrectUserTypeWindowsUser" computerName="DKSR-EFI-06" duration="00:00:00.0011636" startTime="2024-01-09T15:43:07.6697178+01:00" endTime="2024-01-09T15:43:07.6697178+01:00" testType="13cdc9d9-ddb5-4fa4-a97d-d965ccfc6d4b" outcome="Passed" testListId="8c84fa94-04c1-424b-9868-57a2d4851a1d" relativeResultsDirectory="b05076cd-bd0b-4df9-897b-632b6947b965" />
    <UnitTestResult executionId="d1873a2a-51ab-4036-b958-599edd5a16d0" testId="bf6fbd2a-e814-acb0-0f76-4e97f7ae2f04" testName="TestConstructorWithFactory" computerName="DKSR-EFI-06" duration="00:00:00.0054684" startTime="2024-01-09T15:43:19.1853726+01:00" endTime="2024-01-09T15:43:19.1853726+01:00" testType="13cdc9d9-ddb5-4fa4-a97d-d965ccfc6d4b" outcome="Passed" testListId="8c84fa94-04c1-424b-9868-57a2d4851a1d" relativeResultsDirectory="d1873a2a-51ab-4036-b958-599edd5a16d0" />
    <UnitTestResult executionId="cf89d11b-ffb5-4836-bc98-94b7b90b7c89" testId="2f123298-872a-ab68-13c5-f31ac74304cf" testName="TestSetVisualizationThrowingUnhandledException" computerName="DKSR-EFI-06" duration="00:00:00.0049979" startTime="2024-01-09T15:43:14.3572767+01:00" endTime="2024-01-09T15:43:14.3572767+01:00" testType="13cdc9d9-ddb5-4fa4-a97d-d965ccfc6d4b" outcome="Passed" testListId="8c84fa94-04c1-424b-9868-57a2d4851a1d" relativeResultsDirectory="cf89d11b-ffb5-4836-bc98-94b7b90b7c89" />
    <UnitTestResult executionId="211de82e-f05b-4260-a5aa-556d8622d6a9" testId="51fbbeab-dfb7-8635-1c92-208ef93cc04f" testName="TestGetAllElementsOfTypeWithRelationOnDifferentServersInThreeLevels" computerName="DKSR-EFI-06" duration="00:00:00.0099896" startTime="2024-01-09T15:43:23.5603771+01:00" endTime="2024-01-09T15:43:23.5603771+01:00" testType="13cdc9d9-ddb5-4fa4-a97d-d965ccfc6d4b" outcome="Passed" testListId="8c84fa94-04c1-424b-9868-57a2d4851a1d" relativeResultsDirectory="211de82e-f05b-4260-a5aa-556d8622d6a9" />
    <UnitTestResult executionId="5a4de56b-212a-4f25-9ffe-1312350ae965" testId="6bfb436a-3e70-7846-3d08-cc4ead42b9fa" testName="TestUpdateElementsWithOldTimestampAndForce" computerName="DKSR-EFI-06" duration="00:00:00.0088185" startTime="2024-01-09T15:43:23.1853761+01:00" endTime="2024-01-09T15:43:23.2010015+01:00" testType="13cdc9d9-ddb5-4fa4-a97d-d965ccfc6d4b" outcome="Passed" testListId="8c84fa94-04c1-424b-9868-57a2d4851a1d" relativeResultsDirectory="5a4de56b-212a-4f25-9ffe-1312350ae965" />
    <UnitTestResult executionId="51e1560a-3a4e-4df5-bf83-727a8c6a5edc" testId="c7a03a47-4936-1227-da9c-7540f240feb6" testName="TestInProgressAlarms" computerName="DKSR-EFI-06" duration="00:00:00.0009458" startTime="2024-01-09T15:43:25.1853759+01:00" endTime="2024-01-09T15:43:25.1853759+01:00" testType="13cdc9d9-ddb5-4fa4-a97d-d965ccfc6d4b" outcome="Passed" testListId="8c84fa94-04c1-424b-9868-57a2d4851a1d" relativeResultsDirectory="51e1560a-3a4e-4df5-bf83-727a8c6a5edc" />
    <UnitTestResult executionId="e404c99e-e698-480b-9f56-1051286ab555" testId="fdf1736b-60b8-c0c0-9825-483b5108a5c6" testName="TestUpdateElementWithValidVisualElement" computerName="DKSR-EFI-06" duration="00:00:00.0149226" startTime="2024-01-09T15:43:23.0291240+01:00" endTime="2024-01-09T15:43:23.0447506+01:00" testType="13cdc9d9-ddb5-4fa4-a97d-d965ccfc6d4b" outcome="Passed" testListId="8c84fa94-04c1-424b-9868-57a2d4851a1d" relativeResultsDirectory="e404c99e-e698-480b-9f56-1051286ab555" />
    <UnitTestResult executionId="101a3ea0-1ad4-492a-901f-1dcee437e0ed" testId="f1e13469-4053-5591-5108-a4a258598b6c" testName="TestGetIconWithNullData" computerName="DKSR-EFI-06" duration="00:00:00.0009069" startTime="2024-01-09T15:43:20.4666221+01:00" endTime="2024-01-09T15:43:20.4666221+01:00" testType="13cdc9d9-ddb5-4fa4-a97d-d965ccfc6d4b" outcome="Passed" testListId="8c84fa94-04c1-424b-9868-57a2d4851a1d" relativeResultsDirectory="101a3ea0-1ad4-492a-901f-1dcee437e0ed" />
    <UnitTestResult executionId="29e915eb-9772-4d12-b82b-ef8e404c8d5d" testId="f8a85ac7-0b47-a9c1-be80-451780272705" testName="TestGetStatusForAllObjectsOfTypeWithMapPlugInItem" computerName="DKSR-EFI-06" duration="00:00:00.0395420" startTime="2024-01-09T15:43:21.9978736+01:00" endTime="2024-01-09T15:43:22.0447510+01:00" testType="13cdc9d9-ddb5-4fa4-a97d-d965ccfc6d4b" outcome="Passed" testListId="8c84fa94-04c1-424b-9868-57a2d4851a1d" relativeResultsDirectory="29e915eb-9772-4d12-b82b-ef8e404c8d5d" />
    <UnitTestResult executionId="1577d36c-a20e-4fd0-a27a-1090563538e6" testId="8f6be93f-ae19-1739-c558-d78ee9b6c788" testName="ActivatePlugInAction_WithValidParameters" computerName="DKSR-EFI-06" duration="00:00:00.0045209" startTime="2024-01-09T15:43:18.3572480+01:00" endTime="2024-01-09T15:43:18.3728706+01:00" testType="13cdc9d9-ddb5-4fa4-a97d-d965ccfc6d4b" outcome="Passed" testListId="8c84fa94-04c1-424b-9868-57a2d4851a1d" relativeResultsDirectory="1577d36c-a20e-4fd0-a27a-1090563538e6" />
    <UnitTestResult executionId="bbefc634-f6c7-436d-9f7f-a46ebf8e84d5" testId="3bd90d8d-3840-8444-9982-0a5a71948575" testName="TrimStart_ReturnWordAfterPrefix_WhenInputIncludesPrefixAndContent" computerName="DKSR-EFI-06" duration="00:00:00.0050064" startTime="2024-01-09T15:43:31.5135722+01:00" endTime="2024-01-09T15:43:31.5135722+01:00" testType="13cdc9d9-ddb5-4fa4-a97d-d965ccfc6d4b" outcome="Passed" testListId="8c84fa94-04c1-424b-9868-57a2d4851a1d" relativeResultsDirectory="bbefc634-f6c7-436d-9f7f-a46ebf8e84d5" />
    <UnitTestResult executionId="0e01e6d8-e0a0-4f22-9dcf-d4d407a04c05" testId="ab474ba1-f565-f4cb-0e3b-d3f8180b2371" testName="TestAddAsEventInvalidToken" computerName="DKSR-EFI-06" duration="00:00:00.0044577" startTime="2024-01-09T15:43:18.6384951+01:00" endTime="2024-01-09T15:43:18.6384951+01:00" testType="13cdc9d9-ddb5-4fa4-a97d-d965ccfc6d4b" outcome="Passed" testListId="8c84fa94-04c1-424b-9868-57a2d4851a1d" relativeResultsDirectory="0e01e6d8-e0a0-4f22-9dcf-d4d407a04c05" />
    <UnitTestResult executionId="81a76e3d-879d-4369-af38-7d71664ceeea" testId="3fa55667-086b-69ce-de5e-39864f868468" testName="TestLoadXMLWithNoInnerText" computerName="DKSR-EFI-06" duration="00:00:00.0005051" startTime="2024-01-09T15:43:25.5135016+01:00" endTime="2024-01-09T15:43:25.5135016+01:00" testType="13cdc9d9-ddb5-4fa4-a97d-d965ccfc6d4b" outcome="Passed" testListId="8c84fa94-04c1-424b-9868-57a2d4851a1d" relativeResultsDirectory="81a76e3d-879d-4369-af38-7d71664ceeea" />
    <UnitTestResult executionId="23755704-d2b5-4b94-8a4a-53994995b2b6" testId="8279d099-96d6-eac9-0f98-2fd4f430960c" testName="TestOneACSystemPLUnsupportedButEnabledOneACSystemPLUnsupportedButEnabled" computerName="DKSR-EFI-06" duration="00:00:00.0019525" startTime="2024-01-09T15:43:27.1853765+01:00" endTime="2024-01-09T15:43:27.1853765+01:00" testType="13cdc9d9-ddb5-4fa4-a97d-d965ccfc6d4b" outcome="Passed" testListId="8c84fa94-04c1-424b-9868-57a2d4851a1d" relativeResultsDirectory="23755704-d2b5-4b94-8a4a-53994995b2b6" />
    <UnitTestResult executionId="1162bee5-654b-4ba5-bd21-77f01af5e647" testId="5c4423f1-3542-6d83-6216-62288fcdf2f4" testName="StartStopTest" computerName="DKSR-EFI-06" duration="00:00:00.0039496" startTime="2024-01-09T15:43:30.5760037+01:00" endTime="2024-01-09T15:43:30.5760037+01:00" testType="13cdc9d9-ddb5-4fa4-a97d-d965ccfc6d4b" outcome="Passed" testListId="8c84fa94-04c1-424b-9868-57a2d4851a1d" relativeResultsDirectory="1162bee5-654b-4ba5-bd21-77f01af5e647" />
    <UnitTestResult executionId="8d51910d-68f6-434c-b72b-2823ee2e45c4" testId="8d627c14-62f3-55fc-3353-475714ef0677" testName="TestValidateWithIncorrectUserTypeRole" computerName="DKSR-EFI-06" duration="00:00:00.0012379" startTime="2024-01-09T15:43:07.6540917+01:00" endTime="2024-01-09T15:43:07.6540917+01:00" testType="13cdc9d9-ddb5-4fa4-a97d-d965ccfc6d4b" outcome="Passed" testListId="8c84fa94-04c1-424b-9868-57a2d4851a1d" relativeResultsDirectory="8d51910d-68f6-434c-b72b-2823ee2e45c4" />
    <UnitTestResult executionId="86f2b0d9-1a20-4ad4-9d1b-bc708d266835" testId="a5d869a4-3fcb-7fd0-96f3-24b6f2ddb107" testName="TestGetStatusTreeStructureWithCyclicRelation" computerName="DKSR-EFI-06" duration="00:00:00.0301767" startTime="2024-01-09T15:43:21.4353738+01:00" endTime="2024-01-09T15:43:21.4666235+01:00" testType="13cdc9d9-ddb5-4fa4-a97d-d965ccfc6d4b" outcome="Passed" testListId="8c84fa94-04c1-424b-9868-57a2d4851a1d" relativeResultsDirectory="86f2b0d9-1a20-4ad4-9d1b-bc708d266835" />
    <UnitTestResult executionId="be3aaddf-f812-4980-a874-57f912f6736b" testId="d1ea3dbc-ae5e-1318-b51a-3467e3c99c47" testName="EventConverter_ConvertEventStatusToBaseItem_Success_ExternalEvent_Undefined" computerName="DKSR-EFI-06" duration="00:00:00.0125948" startTime="2024-01-09T15:43:26.5135026+01:00" endTime="2024-01-09T15:43:26.5291257+01:00" testType="13cdc9d9-ddb5-4fa4-a97d-d965ccfc6d4b" outcome="Passed" testListId="8c84fa94-04c1-424b-9868-57a2d4851a1d" relativeResultsDirectory="be3aaddf-f812-4980-a874-57f912f6736b" />
    <UnitTestResult executionId="895b26dc-0cb9-46a4-93e3-bce6c5302ec2" testId="1ec81807-d127-32aa-fc7b-9ec8ae41fc40" testName="TestOneACSystemPLUnsupportedOneACSystemPLUnsupported" computerName="DKSR-EFI-06" duration="00:00:00.0059361" startTime="2024-01-09T15:43:27.1385032+01:00" endTime="2024-01-09T15:43:27.1385032+01:00" testType="13cdc9d9-ddb5-4fa4-a97d-d965ccfc6d4b" outcome="Passed" testListId="8c84fa94-04c1-424b-9868-57a2d4851a1d" relativeResultsDirectory="895b26dc-0cb9-46a4-93e3-bce6c5302ec2" />
    <UnitTestResult executionId="f7d1436c-af89-492f-aecc-fb3d1702aa0a" testId="6de6dc72-f8d9-f1ba-36aa-0628b8fb9b24" testName="TypeToSourceKind_ReturnsCorrectKind_OnType" computerName="DKSR-EFI-06" duration="00:00:00.0399762" startTime="2024-01-09T15:43:28.6697535+01:00" endTime="2024-01-09T15:43:28.7013169+01:00" testType="13cdc9d9-ddb5-4fa4-a97d-d965ccfc6d4b" outcome="Passed" testListId="8c84fa94-04c1-424b-9868-57a2d4851a1d" relativeResultsDirectory="f7d1436c-af89-492f-aecc-fb3d1702aa0a" />
    <UnitTestResult executionId="8ca698b8-e498-4708-8d9e-089915592f40" testId="4c573b44-ffb9-27ab-53fa-a44efc2b060a" testName="RemoveSoundTest" computerName="DKSR-EFI-06" duration="00:00:00.0034697" startTime="2024-01-09T15:43:20.5916242+01:00" endTime="2024-01-09T15:43:20.6072486+01:00" testType="13cdc9d9-ddb5-4fa4-a97d-d965ccfc6d4b" outcome="Passed" testListId="8c84fa94-04c1-424b-9868-57a2d4851a1d" relativeResultsDirectory="8ca698b8-e498-4708-8d9e-089915592f40" />
    <UnitTestResult executionId="67e17698-eac0-4be9-bf12-42f47654b5ca" testId="0818f830-deb7-208e-1505-24ab8da73d74" testName="TestGetTypeChangedThrowingUnhandledException" computerName="DKSR-EFI-06" duration="00:00:00.0033310" startTime="2024-01-09T15:43:17.0447443+01:00" endTime="2024-01-09T15:43:17.0447443+01:00" testType="13cdc9d9-ddb5-4fa4-a97d-d965ccfc6d4b" outcome="Passed" testListId="8c84fa94-04c1-424b-9868-57a2d4851a1d" relativeResultsDirectory="67e17698-eac0-4be9-bf12-42f47654b5ca" />
    <UnitTestResult executionId="6b1a8f22-1d9e-43e3-aade-1a38f2e98d4b" testId="12cbe1a3-b8d8-c02f-3cd6-2eebde58d3b9" testName="TestConstructor" computerName="DKSR-EFI-06" duration="00:00:00.0013002" startTime="2024-01-09T15:43:22.3416232+01:00" endTime="2024-01-09T15:43:22.3416232+01:00" testType="13cdc9d9-ddb5-4fa4-a97d-d965ccfc6d4b" outcome="Passed" testListId="8c84fa94-04c1-424b-9868-57a2d4851a1d" relativeResultsDirectory="6b1a8f22-1d9e-43e3-aade-1a38f2e98d4b" />
    <UnitTestResult executionId="3f17a483-ba91-47c6-b0e9-73221e481baa" testId="573ebebf-5209-3be3-2454-5b42b176ce65" testName="TrimStart_ReturnEmpty_WhenInputIncludesPrefixAndNoContent" computerName="DKSR-EFI-06" duration="00:00:00.0002729" startTime="2024-01-09T15:43:31.5135722+01:00" endTime="2024-01-09T15:43:31.5135722+01:00" testType="13cdc9d9-ddb5-4fa4-a97d-d965ccfc6d4b" outcome="Passed" testListId="8c84fa94-04c1-424b-9868-57a2d4851a1d" relativeResultsDirectory="3f17a483-ba91-47c6-b0e9-73221e481baa" />
    <UnitTestResult executionId="04d6e7f3-26c2-4dde-a651-8e304244801e" testId="da9b2ce5-50e0-4c70-1517-953340f2dd57" testName="TestUpdateDisplayXMLThrowingUnhandledException" computerName="DKSR-EFI-06" duration="00:00:00.0048841" startTime="2024-01-09T15:43:17.4197444+01:00" endTime="2024-01-09T15:43:17.4197444+01:00" testType="13cdc9d9-ddb5-4fa4-a97d-d965ccfc6d4b" outcome="Passed" testListId="8c84fa94-04c1-424b-9868-57a2d4851a1d" relativeResultsDirectory="04d6e7f3-26c2-4dde-a651-8e304244801e" />
    <UnitTestResult executionId="c6407dd9-3965-44db-97ca-937bc6e2a55c" testId="3602f2af-1d8b-4e06-08f7-1d54f19ae98b" testName="TestGetStatusDetailsWithValidCameraInUnknownLanguage" computerName="DKSR-EFI-06" duration="00:00:00.0103111" startTime="2024-01-09T15:43:24.5760004+01:00" endTime="2024-01-09T15:43:24.5916295+01:00" testType="13cdc9d9-ddb5-4fa4-a97d-d965ccfc6d4b" outcome="Passed" testListId="8c84fa94-04c1-424b-9868-57a2d4851a1d" relativeResultsDirectory="c6407dd9-3965-44db-97ca-937bc6e2a55c" />
    <UnitTestResult executionId="354e96ff-af65-4db8-8582-123a8d940f05" testId="6a8f0602-664e-bdf0-f0a2-3e7f9b76b3d9" testName="TestActionCommandCredentialsConfigurationChanged" computerName="DKSR-EFI-06" duration="00:00:00.0018624" startTime="2024-01-09T15:43:26.3103786+01:00" endTime="2024-01-09T15:43:26.3103786+01:00" testType="13cdc9d9-ddb5-4fa4-a97d-d965ccfc6d4b" outcome="Passed" testListId="8c84fa94-04c1-424b-9868-57a2d4851a1d" relativeResultsDirectory="354e96ff-af65-4db8-8582-123a8d940f05" />
    <UnitTestResult executionId="f701c7d0-d1f7-498a-865a-5f431b223068" testId="c7daca29-1755-7aa7-c742-17b920aea620" testName="TestGetStatusForAllObjectsOfTypeNotAuthenticated" computerName="DKSR-EFI-06" duration="00:00:00.0018171" startTime="2024-01-09T15:43:14.2947995+01:00" endTime="2024-01-09T15:43:14.2947995+01:00" testType="13cdc9d9-ddb5-4fa4-a97d-d965ccfc6d4b" outcome="Passed" testListId="8c84fa94-04c1-424b-9868-57a2d4851a1d" relativeResultsDirectory="f701c7d0-d1f7-498a-865a-5f431b223068" />
    <UnitTestResult executionId="45db258c-8860-474f-8f3d-6306be3584f7" testId="67ceb524-c955-8b26-01e7-0953c0bf777b" testName="TestLoadXmlWithNullNode" computerName="DKSR-EFI-06" duration="00:00:00.0013029" startTime="2024-01-09T15:43:22.1228742+01:00" endTime="2024-01-09T15:43:22.1228742+01:00" testType="13cdc9d9-ddb5-4fa4-a97d-d965ccfc6d4b" outcome="Passed" testListId="8c84fa94-04c1-424b-9868-57a2d4851a1d" relativeResultsDirectory="45db258c-8860-474f-8f3d-6306be3584f7" />
    <UnitTestResult executionId="94bc246a-0804-4ee8-883a-42493d254a4d" testId="6bc3643b-7bda-0852-a44d-828063310052" testName="TestAttachSnapshotInvalidToken" computerName="DKSR-EFI-06" duration="00:00:00.0079555" startTime="2024-01-09T15:43:18.8572453+01:00" endTime="2024-01-09T15:43:18.8728716+01:00" testType="13cdc9d9-ddb5-4fa4-a97d-d965ccfc6d4b" outcome="Passed" testListId="8c84fa94-04c1-424b-9868-57a2d4851a1d" relativeResultsDirectory="94bc246a-0804-4ee8-883a-42493d254a4d" />
    <UnitTestResult executionId="21efdab6-8335-489e-9d91-2697f7d5e934" testId="ff57e55b-1854-c5e0-0fcd-8d0b4d8c7f8b" testName="TestGetTypeChangedWithNegativeTimeout" computerName="DKSR-EFI-06" duration="00:00:00.0034908" startTime="2024-01-09T15:43:18.1541203+01:00" endTime="2024-01-09T15:43:18.1541203+01:00" testType="13cdc9d9-ddb5-4fa4-a97d-d965ccfc6d4b" outcome="Passed" testListId="8c84fa94-04c1-424b-9868-57a2d4851a1d" relativeResultsDirectory="21efdab6-8335-489e-9d91-2697f7d5e934" />
    <UnitTestResult executionId="76313592-add9-4c5b-bfd0-ed2f9082b568" testId="b2206278-bd3d-1c8b-0142-78ef5805880b" testName="TestGetIconDataThrowingUnhandledException" computerName="DKSR-EFI-06" duration="00:00:00.0043302" startTime="2024-01-09T15:43:17.6853695+01:00" endTime="2024-01-09T15:43:17.6853695+01:00" testType="13cdc9d9-ddb5-4fa4-a97d-d965ccfc6d4b" outcome="Passed" testListId="8c84fa94-04c1-424b-9868-57a2d4851a1d" relativeResultsDirectory="76313592-add9-4c5b-bfd0-ed2f9082b568" />
    <UnitTestResult executionId="a00fde21-76fb-4ba9-a791-12981807bd40" testId="b05efe8d-d94c-9ff1-508e-eed12d2e8abb" testName="GetVisualElementChanges_FilteringAllDifferentServerRelations" computerName="DKSR-EFI-06" duration="00:00:00.0255045" startTime="2024-01-09T15:43:18.2009985+01:00" endTime="2024-01-09T15:43:18.2322457+01:00" testType="13cdc9d9-ddb5-4fa4-a97d-d965ccfc6d4b" outcome="Passed" testListId="8c84fa94-04c1-424b-9868-57a2d4851a1d" relativeResultsDirectory="a00fde21-76fb-4ba9-a791-12981807bd40" />
    <UnitTestResult executionId="0cdc94c0-59e5-4f64-8e53-4c82d1d843fb" testId="65cd34d4-2620-d256-d48f-f7a1f4b0ff4c" testName="TestGetVisualizationChangesThrowingUnhandledException" computerName="DKSR-EFI-06" duration="00:00:00.0035803" startTime="2024-01-09T15:43:15.7947442+01:00" endTime="2024-01-09T15:43:15.7947442+01:00" testType="13cdc9d9-ddb5-4fa4-a97d-d965ccfc6d4b" outcome="Passed" testListId="8c84fa94-04c1-424b-9868-57a2d4851a1d" relativeResultsDirectory="0cdc94c0-59e5-4f64-8e53-4c82d1d843fb" />
    <UnitTestResult executionId="494fb036-1360-4c5e-9bd1-15fcedb563a8" testId="3f506093-d5c7-05a3-3eba-db8d8da94f2d" testName="EventToBaseEventMapper_ReturnsFreeFormEvent_WhenFreeFormData" computerName="DKSR-EFI-06" duration="00:00:00.0133888" startTime="2024-01-09T15:43:28.3260054+01:00" endTime="2024-01-09T15:43:28.3416305+01:00" testType="13cdc9d9-ddb5-4fa4-a97d-d965ccfc6d4b" outcome="Passed" testListId="8c84fa94-04c1-424b-9868-57a2d4851a1d" relativeResultsDirectory="494fb036-1360-4c5e-9bd1-15fcedb563a8" />
    <UnitTestResult executionId="87a0b3e9-cb98-4245-b2d7-d74cf6567a02" testId="4054a570-b405-add8-b79a-2940118a558e" testName="SystemMonitorStatePusher_PushesCurrentServerState_WhenNewServerItemIsAdded" computerName="DKSR-EFI-06" duration="00:00:00.1863867" startTime="2024-01-09T15:43:28.7635040+01:00" endTime="2024-01-09T15:43:28.9510057+01:00" testType="13cdc9d9-ddb5-4fa4-a97d-d965ccfc6d4b" outcome="Passed" testListId="8c84fa94-04c1-424b-9868-57a2d4851a1d" relativeResultsDirectory="87a0b3e9-cb98-4245-b2d7-d74cf6567a02" />
    <UnitTestResult executionId="d861982c-20f2-4805-a2c1-0bb2cd418856" testId="20617ce6-36f9-6733-8379-e6990cbfa1ef" testName="UpdateObjects_WithValidParameters" computerName="DKSR-EFI-06" duration="00:00:00.0046305" startTime="2024-01-09T15:43:17.8416205+01:00" endTime="2024-01-09T15:43:17.8572454+01:00" testType="13cdc9d9-ddb5-4fa4-a97d-d965ccfc6d4b" outcome="Passed" testListId="8c84fa94-04c1-424b-9868-57a2d4851a1d" relativeResultsDirectory="d861982c-20f2-4805-a2c1-0bb2cd418856" />
    <UnitTestResult executionId="387c5e14-c020-4de4-b08b-c436ff1cacfa" testId="46d030b8-a5b6-e2f5-b0a4-9cb1d0420e57" testName="TestCopyObject" computerName="DKSR-EFI-06" duration="00:00:00.0007407" startTime="2024-01-09T15:43:24.4978766+01:00" endTime="2024-01-09T15:43:24.4978766+01:00" testType="13cdc9d9-ddb5-4fa4-a97d-d965ccfc6d4b" outcome="Passed" testListId="8c84fa94-04c1-424b-9868-57a2d4851a1d" relativeResultsDirectory="387c5e14-c020-4de4-b08b-c436ff1cacfa" />
    <UnitTestResult executionId="4d1539e3-227a-4850-8455-b8a330c3bed1" testId="259a4717-3e9b-83f2-ff12-abf76f9e34aa" testName="TestAdd" computerName="DKSR-EFI-06" duration="00:00:00.0365553" startTime="2024-01-09T15:43:06.8572167+01:00" endTime="2024-01-09T15:43:06.8884652+01:00" testType="13cdc9d9-ddb5-4fa4-a97d-d965ccfc6d4b" outcome="Passed" testListId="8c84fa94-04c1-424b-9868-57a2d4851a1d" relativeResultsDirectory="4d1539e3-227a-4850-8455-b8a330c3bed1" />
    <UnitTestResult executionId="ec749630-39af-4b5d-ac92-66676ad27582" testId="e9d27e2e-2c56-404a-f7e1-fe6ab11b477b" testName="TestConstructor" computerName="DKSR-EFI-06" duration="00:00:00.0028849" startTime="2024-01-09T15:43:27.5603778+01:00" endTime="2024-01-09T15:43:27.5603778+01:00" testType="13cdc9d9-ddb5-4fa4-a97d-d965ccfc6d4b" outcome="Passed" testListId="8c84fa94-04c1-424b-9868-57a2d4851a1d" relativeResultsDirectory="ec749630-39af-4b5d-ac92-66676ad27582" />
    <UnitTestResult executionId="36dbceb2-26cf-456f-b018-572a877064c5" testId="1cdd5ba2-fc39-af9d-9e41-6be70a2f35b2" testName="LprRetention_ShouldBe90Days_ByDefault" computerName="DKSR-EFI-06" duration="00:00:00.0025517" startTime="2024-01-09T15:43:28.4978780+01:00" endTime="2024-01-09T15:43:28.4978780+01:00" testType="13cdc9d9-ddb5-4fa4-a97d-d965ccfc6d4b" outcome="Passed" testListId="8c84fa94-04c1-424b-9868-57a2d4851a1d" relativeResultsDirectory="36dbceb2-26cf-456f-b018-572a877064c5" />
    <UnitTestResult executionId="9e08a1b7-a91c-4b0c-8eb6-613ad595b1d8" testId="829d5191-315d-b7df-afe3-014222925fc8" testName="TestGetSnapshots" computerName="DKSR-EFI-06" duration="00:00:00.0060323" startTime="2024-01-09T15:43:18.8416222+01:00" endTime="2024-01-09T15:43:18.8572453+01:00" testType="13cdc9d9-ddb5-4fa4-a97d-d965ccfc6d4b" outcome="Passed" testListId="8c84fa94-04c1-424b-9868-57a2d4851a1d" relativeResultsDirectory="9e08a1b7-a91c-4b0c-8eb6-613ad595b1d8" />
    <UnitTestResult executionId="9e7cb4da-a413-4416-b71f-86819ee4e30f" testId="5b434add-2b1e-055c-dba6-d690155d8160" testName="TestUpdateStateSnooze" computerName="DKSR-EFI-06" duration="00:00:00.0032653" startTime="2024-01-09T15:43:24.5291263+01:00" endTime="2024-01-09T15:43:24.5447511+01:00" testType="13cdc9d9-ddb5-4fa4-a97d-d965ccfc6d4b" outcome="Passed" testListId="8c84fa94-04c1-424b-9868-57a2d4851a1d" relativeResultsDirectory="9e7cb4da-a413-4416-b71f-86819ee4e30f" />
    <UnitTestResult executionId="f38fe5f1-7b69-420c-8ace-4393ceefe950" testId="0ae9e340-245f-799a-bba4-bfae0a55b1bd" testName="TestSetConfigHostChanged" computerName="DKSR-EFI-06" duration="00:00:00.0445191" startTime="2024-01-09T15:43:25.5603771+01:00" endTime="2024-01-09T15:43:25.6072505+01:00" testType="13cdc9d9-ddb5-4fa4-a97d-d965ccfc6d4b" outcome="Passed" testListId="8c84fa94-04c1-424b-9868-57a2d4851a1d" relativeResultsDirectory="f38fe5f1-7b69-420c-8ace-4393ceefe950" />
    <UnitTestResult executionId="fc1fd8ea-c6cf-468c-8b5f-b585d914c97e" testId="e079c5c4-1fae-a6da-0486-c552e58badba" testName="TestCacheCleanupSingleSessionMultipleUserIdsNoTouch" computerName="DKSR-EFI-06" duration="00:00:00.0008633" startTime="2024-01-09T15:43:27.0447521+01:00" endTime="2024-01-09T15:43:27.0447521+01:00" testType="13cdc9d9-ddb5-4fa4-a97d-d965ccfc6d4b" outcome="Passed" testListId="8c84fa94-04c1-424b-9868-57a2d4851a1d" relativeResultsDirectory="fc1fd8ea-c6cf-468c-8b5f-b585d914c97e" />
    <UnitTestResult executionId="b15ea83f-99b7-4407-b3af-a2c6f98d7262" testId="bc1745b6-ab04-d5dc-f9d7-e9d93ce022a5" testName="TestGetItemStatusDetailsThrowsException" computerName="DKSR-EFI-06" duration="00:00:00.0014622" startTime="2024-01-09T15:43:20.4978731+01:00" endTime="2024-01-09T15:43:20.4978731+01:00" testType="13cdc9d9-ddb5-4fa4-a97d-d965ccfc6d4b" outcome="Passed" testListId="8c84fa94-04c1-424b-9868-57a2d4851a1d" relativeResultsDirectory="b15ea83f-99b7-4407-b3af-a2c6f98d7262" />
    <UnitTestResult executionId="4d89fcab-7807-47d0-8106-59456d0feefc" testId="85bdef9d-5e1c-84ca-4f17-43b92841d07e" testName="TestUpdateState" computerName="DKSR-EFI-06" duration="00:00:00.0274345" startTime="2024-01-09T15:43:24.4354222+01:00" endTime="2024-01-09T15:43:24.4510029+01:00" testType="13cdc9d9-ddb5-4fa4-a97d-d965ccfc6d4b" outcome="Passed" testListId="8c84fa94-04c1-424b-9868-57a2d4851a1d" relativeResultsDirectory="4d89fcab-7807-47d0-8106-59456d0feefc" />
    <UnitTestResult executionId="07174871-095d-456e-b328-d249a20117c9" testId="ece55df4-e844-9447-c6bc-c6f30cd0b12f" testName="TestDeleteObjectWithValidParameters" computerName="DKSR-EFI-06" duration="00:00:00.0038477" startTime="2024-01-09T15:43:17.5134946+01:00" endTime="2024-01-09T15:43:17.5291187+01:00" testType="13cdc9d9-ddb5-4fa4-a97d-d965ccfc6d4b" outcome="Passed" testListId="8c84fa94-04c1-424b-9868-57a2d4851a1d" relativeResultsDirectory="07174871-095d-456e-b328-d249a20117c9" />
    <UnitTestResult executionId="8aeecd81-4a2f-40a0-9a67-ec83a1c5549f" testId="f9189ce9-0529-6c8d-0d9e-095d8eb96f4d" testName="TestGetItemOperationalState" computerName="DKSR-EFI-06" duration="00:00:00.0055411" startTime="2024-01-09T15:43:20.2947489+01:00" endTime="2024-01-09T15:43:20.2947489+01:00" testType="13cdc9d9-ddb5-4fa4-a97d-d965ccfc6d4b" outcome="Passed" testListId="8c84fa94-04c1-424b-9868-57a2d4851a1d" relativeResultsDirectory="8aeecd81-4a2f-40a0-9a67-ec83a1c5549f" />
    <UnitTestResult executionId="7d776eab-ef00-4229-8bbb-60e423bfa988" testId="d221b392-2f8f-4661-b81b-eb0b5b60e13d" testName="TestAcknowledgeMultipleAlarms" computerName="DKSR-EFI-06" duration="00:00:00.0049041" startTime="2024-01-09T15:43:18.9509963+01:00" endTime="2024-01-09T15:43:18.9509963+01:00" testType="13cdc9d9-ddb5-4fa4-a97d-d965ccfc6d4b" outcome="Passed" testListId="8c84fa94-04c1-424b-9868-57a2d4851a1d" relativeResultsDirectory="7d776eab-ef00-4229-8bbb-60e423bfa988" />
    <UnitTestResult executionId="59c84257-8073-4b20-a494-f4b7429f15ab" testId="73f3eafd-1bb4-9bf7-716f-d5fe9dc13a08" testName="TestOneACSystemPLEnabledOneACSystemPLEnabled" computerName="DKSR-EFI-06" duration="00:00:00.0054088" startTime="2024-01-09T15:43:27.2010022+01:00" endTime="2024-01-09T15:43:27.2010022+01:00" testType="13cdc9d9-ddb5-4fa4-a97d-d965ccfc6d4b" outcome="Passed" testListId="8c84fa94-04c1-424b-9868-57a2d4851a1d" relativeResultsDirectory="59c84257-8073-4b20-a494-f4b7429f15ab" />
    <UnitTestResult executionId="cfece6ec-2f9d-4823-a628-44b3b104e5c2" testId="4036a9c9-ddd8-3d85-cefe-a408868f9b37" testName="TestDeleteConfigHost" computerName="DKSR-EFI-06" duration="00:00:00.0217178" startTime="2024-01-09T15:43:25.6072505+01:00" endTime="2024-01-09T15:43:25.6385020+01:00" testType="13cdc9d9-ddb5-4fa4-a97d-d965ccfc6d4b" outcome="Passed" testListId="8c84fa94-04c1-424b-9868-57a2d4851a1d" relativeResultsDirectory="cfece6ec-2f9d-4823-a628-44b3b104e5c2" />
    <UnitTestResult executionId="fc49e84c-a8df-423c-adbc-6448a1126a45" testId="b4501866-0bce-5dae-c51a-1282bb076da4" testName="TestConstructor" computerName="DKSR-EFI-06" duration="00:00:00.0039602" startTime="2024-01-09T15:43:25.4978773+01:00" endTime="2024-01-09T15:43:25.4978773+01:00" testType="13cdc9d9-ddb5-4fa4-a97d-d965ccfc6d4b" outcome="Passed" testListId="8c84fa94-04c1-424b-9868-57a2d4851a1d" relativeResultsDirectory="fc49e84c-a8df-423c-adbc-6448a1126a45" />
    <UnitTestResult executionId="076056be-f1d9-4ddd-adbf-2e7aa48eb0b1" testId="f4902f5e-9e3d-9666-eb94-cb4e3db91fc8" testName="TestGetXMLWithNullValues" computerName="DKSR-EFI-06" duration="00:00:00.0112692" startTime="2024-01-09T15:43:25.3728785+01:00" endTime="2024-01-09T15:43:25.3885026+01:00" testType="13cdc9d9-ddb5-4fa4-a97d-d965ccfc6d4b" outcome="Passed" testListId="8c84fa94-04c1-424b-9868-57a2d4851a1d" relativeResultsDirectory="076056be-f1d9-4ddd-adbf-2e7aa48eb0b1" />
    <UnitTestResult executionId="e9769a07-0219-41e1-b38d-1b95d0640402" testId="ef8e58cf-ea5c-2876-04a9-76267e76a3bd" testName="TestCopyObject" computerName="DKSR-EFI-06" duration="00:00:00.0053379" startTime="2024-01-09T15:43:25.4978773+01:00" endTime="2024-01-09T15:43:25.4978773+01:00" testType="13cdc9d9-ddb5-4fa4-a97d-d965ccfc6d4b" outcome="Passed" testListId="8c84fa94-04c1-424b-9868-57a2d4851a1d" relativeResultsDirectory="e9769a07-0219-41e1-b38d-1b95d0640402" />
    <UnitTestResult executionId="deffdb2f-e98d-4e11-b8be-375287643d34" testId="ccc8201a-cb2f-dd61-e37c-f0be3ae17276" testName="TestIcon" computerName="DKSR-EFI-06" duration="00:00:00.0093764" startTime="2024-01-09T15:43:19.3572488+01:00" endTime="2024-01-09T15:43:19.3728716+01:00" testType="13cdc9d9-ddb5-4fa4-a97d-d965ccfc6d4b" outcome="Passed" testListId="8c84fa94-04c1-424b-9868-57a2d4851a1d" relativeResultsDirectory="deffdb2f-e98d-4e11-b8be-375287643d34" />
    <UnitTestResult executionId="d6fe83aa-eb1f-4b10-91a4-70e584111ddd" testId="0d6a570a-2927-2321-e584-f1b09cfcdd34" testName="TestGetItemStatusDetailsWithNullData" computerName="DKSR-EFI-06" duration="00:00:00.0008545" startTime="2024-01-09T15:43:20.4822504+01:00" endTime="2024-01-09T15:43:20.4822504+01:00" testType="13cdc9d9-ddb5-4fa4-a97d-d965ccfc6d4b" outcome="Passed" testListId="8c84fa94-04c1-424b-9868-57a2d4851a1d" relativeResultsDirectory="d6fe83aa-eb1f-4b10-91a4-70e584111ddd" />
    <UnitTestResult executionId="a82c7759-8585-4a98-952f-e481c3382fa1" testId="b9344815-31b2-f189-b070-973f4dd1ca18" testName="TestLiveCache" computerName="DKSR-EFI-06" duration="00:00:00.0013194" startTime="2024-01-09T15:43:13.6541118+01:00" endTime="2024-01-09T15:43:13.6541118+01:00" testType="13cdc9d9-ddb5-4fa4-a97d-d965ccfc6d4b" outcome="Passed" testListId="8c84fa94-04c1-424b-9868-57a2d4851a1d" relativeResultsDirectory="a82c7759-8585-4a98-952f-e481c3382fa1" />
    <UnitTestResult executionId="f1dbc54b-197f-4c23-a608-7cda7aee41b6" testId="33667771-9d3c-f7ed-4cf3-0f7629b39f0c" testName="TestItemsWithItemIdsEmpty" computerName="DKSR-EFI-06" duration="00:00:00.0071668" startTime="2024-01-09T15:43:20.4978731+01:00" endTime="2024-01-09T15:43:20.5134988+01:00" testType="13cdc9d9-ddb5-4fa4-a97d-d965ccfc6d4b" outcome="Passed" testListId="8c84fa94-04c1-424b-9868-57a2d4851a1d" relativeResultsDirectory="f1dbc54b-197f-4c23-a608-7cda7aee41b6" />
    <UnitTestResult executionId="2d857906-3a5e-4483-8ed4-16f089d37a47" testId="7b03728c-06a1-8649-8ebb-9e968a991819" testName="TestConstructor" computerName="DKSR-EFI-06" duration="00:00:00.0207966" startTime="2024-01-09T15:43:19.3884973+01:00" endTime="2024-01-09T15:43:19.4041704+01:00" testType="13cdc9d9-ddb5-4fa4-a97d-d965ccfc6d4b" outcome="Passed" testListId="8c84fa94-04c1-424b-9868-57a2d4851a1d" relativeResultsDirectory="2d857906-3a5e-4483-8ed4-16f089d37a47" />
    <UnitTestResult executionId="e7044628-bac1-48d9-bf65-7cc4d8bae89c" testId="628c5a10-fa75-4635-d543-84daf4bbbed1" testName="TestUpdateElementWithWithAChildRemovingRelation" computerName="DKSR-EFI-06" duration="00:00:00.0180621" startTime="2024-01-09T15:43:23.0447506+01:00" endTime="2024-01-09T15:43:23.0603769+01:00" testType="13cdc9d9-ddb5-4fa4-a97d-d965ccfc6d4b" outcome="Passed" testListId="8c84fa94-04c1-424b-9868-57a2d4851a1d" relativeResultsDirectory="e7044628-bac1-48d9-bf65-7cc4d8bae89c" />
    <UnitTestResult executionId="6f11dc4b-14c8-4367-a156-de303095bf7c" testId="ed423946-5bf0-6e1c-0d7d-d408379e500a" testName="TestDeleteObjectAndChildObjectsWithInvalidUser" computerName="DKSR-EFI-06" duration="00:00:00.0026399" startTime="2024-01-09T15:43:16.8884938+01:00" endTime="2024-01-09T15:43:16.8884938+01:00" testType="13cdc9d9-ddb5-4fa4-a97d-d965ccfc6d4b" outcome="Passed" testListId="8c84fa94-04c1-424b-9868-57a2d4851a1d" relativeResultsDirectory="6f11dc4b-14c8-4367-a156-de303095bf7c" />
    <UnitTestResult executionId="bb06e7dd-f476-427f-a3ee-45957d244bfd" testId="b8026746-1698-2927-a5ef-40dfdc79616a" testName="TestOneACSystemPLUnsupportedOneACSystemPLEnabled" computerName="DKSR-EFI-06" duration="00:00:00.0057110" startTime="2024-01-09T15:43:27.1541272+01:00" endTime="2024-01-09T15:43:27.1697528+01:00" testType="13cdc9d9-ddb5-4fa4-a97d-d965ccfc6d4b" outcome="Passed" testListId="8c84fa94-04c1-424b-9868-57a2d4851a1d" relativeResultsDirectory="bb06e7dd-f476-427f-a3ee-45957d244bfd" />
    <UnitTestResult executionId="662dffd8-7616-4338-9439-214dae49857c" testId="b3bbe266-4686-06fd-00e8-bbec851e17e4" testName="TestGetStatusThrowingUnhandledException" computerName="DKSR-EFI-06" duration="00:00:00.0050051" startTime="2024-01-09T15:43:15.6697401+01:00" endTime="2024-01-09T15:43:15.6697401+01:00" testType="13cdc9d9-ddb5-4fa4-a97d-d965ccfc6d4b" outcome="Passed" testListId="8c84fa94-04c1-424b-9868-57a2d4851a1d" relativeResultsDirectory="662dffd8-7616-4338-9439-214dae49857c" />
    <UnitTestResult executionId="9e9bd37b-f5bf-4c7f-8adf-d35a1d84abd7" testId="ad08490c-e2e3-37af-ebb5-f993a9f432cd" testName="TestUserIDTypeConstants" computerName="DKSR-EFI-06" duration="00:00:00.0005905" startTime="2024-01-09T15:43:20.5291229+01:00" endTime="2024-01-09T15:43:20.5291229+01:00" testType="13cdc9d9-ddb5-4fa4-a97d-d965ccfc6d4b" outcome="Passed" testListId="8c84fa94-04c1-424b-9868-57a2d4851a1d" relativeResultsDirectory="9e9bd37b-f5bf-4c7f-8adf-d35a1d84abd7" />
    <UnitTestResult executionId="fa469529-36d2-4a02-b3e1-e0bb21bb1450" testId="1a9e547a-3ec4-7799-7810-1748b9939ecd" testName="TestUpdateBoundsWithValidParameters" computerName="DKSR-EFI-06" duration="00:00:00.0049442" startTime="2024-01-09T15:43:17.3885417+01:00" endTime="2024-01-09T15:43:17.3885417+01:00" testType="13cdc9d9-ddb5-4fa4-a97d-d965ccfc6d4b" outcome="Passed" testListId="8c84fa94-04c1-424b-9868-57a2d4851a1d" relativeResultsDirectory="fa469529-36d2-4a02-b3e1-e0bb21bb1450" />
    <UnitTestResult executionId="cdbec770-25af-4b28-b111-597e5a8a7179" testId="e04e5dc2-a9b6-35b0-703a-7145f4907414" testName="TestConstructor" computerName="DKSR-EFI-06" duration="00:00:00.0045320" startTime="2024-01-09T15:43:25.7791250+01:00" endTime="2024-01-09T15:43:25.7791250+01:00" testType="13cdc9d9-ddb5-4fa4-a97d-d965ccfc6d4b" outcome="Passed" testListId="8c84fa94-04c1-424b-9868-57a2d4851a1d" relativeResultsDirectory="cdbec770-25af-4b28-b111-597e5a8a7179" />
    <UnitTestResult executionId="b30774d2-4764-4904-9d52-c74b3137f5c7" testId="c25dab52-b84d-fe76-307f-8007fa791e96" testName="TestUpdateElementNameWithValidParameters" computerName="DKSR-EFI-06" duration="00:00:00.0033644" startTime="2024-01-09T15:43:24.2947504+01:00" endTime="2024-01-09T15:43:24.2947504+01:00" testType="13cdc9d9-ddb5-4fa4-a97d-d965ccfc6d4b" outcome="Passed" testListId="8c84fa94-04c1-424b-9868-57a2d4851a1d" relativeResultsDirectory="b30774d2-4764-4904-9d52-c74b3137f5c7" />
    <UnitTestResult executionId="ecb3c6f2-fba4-4d92-abbc-d1b0cae99c4e" testId="379961ee-b69a-35fe-40d3-0fa947c48330" testName="TestRemoveElementUpdateOwnerChildTimestamp" computerName="DKSR-EFI-06" duration="00:00:00.0091364" startTime="2024-01-09T15:43:23.7947513+01:00" endTime="2024-01-09T15:43:23.7947513+01:00" testType="13cdc9d9-ddb5-4fa4-a97d-d965ccfc6d4b" outcome="Passed" testListId="8c84fa94-04c1-424b-9868-57a2d4851a1d" relativeResultsDirectory="ecb3c6f2-fba4-4d92-abbc-d1b0cae99c4e" />
    <UnitTestResult executionId="3ce2c5fc-0b93-4258-ab09-d848b4014ab3" testId="a7c5d785-f39b-a877-a62c-7f98f99646cd" testName="TestSecurityCommunication" computerName="DKSR-EFI-06" duration="00:00:00.0007991" startTime="2024-01-09T15:43:14.0759870+01:00" endTime="2024-01-09T15:43:14.0916138+01:00" testType="13cdc9d9-ddb5-4fa4-a97d-d965ccfc6d4b" outcome="Passed" testListId="8c84fa94-04c1-424b-9868-57a2d4851a1d" relativeResultsDirectory="3ce2c5fc-0b93-4258-ab09-d848b4014ab3" />
    <UnitTestResult executionId="f3269ea4-2a78-4408-a3ba-7ecb780713a4" testId="7dfc50e8-714e-30b3-d106-dc4220777e56" testName="TestConstructor" computerName="DKSR-EFI-06" duration="00:00:00.0053943" startTime="2024-01-09T15:43:20.6072486+01:00" endTime="2024-01-09T15:43:20.6228728+01:00" testType="13cdc9d9-ddb5-4fa4-a97d-d965ccfc6d4b" outcome="Passed" testListId="8c84fa94-04c1-424b-9868-57a2d4851a1d" relativeResultsDirectory="f3269ea4-2a78-4408-a3ba-7ecb780713a4" />
    <UnitTestResult executionId="e79227ba-b187-404d-af39-06a1edfbbcfb" testId="e13f6ea5-95e8-7429-84b4-a5809f76cb83" testName="AccessControlRetention_ShouldBe30Days_ByDefault" computerName="DKSR-EFI-06" duration="00:00:00.0025592" startTime="2024-01-09T15:43:28.4978780+01:00" endTime="2024-01-09T15:43:28.4978780+01:00" testType="13cdc9d9-ddb5-4fa4-a97d-d965ccfc6d4b" outcome="Passed" testListId="8c84fa94-04c1-424b-9868-57a2d4851a1d" relativeResultsDirectory="e79227ba-b187-404d-af39-06a1edfbbcfb" />
    <UnitTestResult executionId="ef2ead82-ca3b-42e8-abca-90888edf904a" testId="a8e4de2a-185b-d21a-92b4-a020ccc4cbea" testName="TestGetVisualizationWithInvalidUser" computerName="DKSR-EFI-06" duration="00:00:00.0046666" startTime="2024-01-09T15:43:15.2322390+01:00" endTime="2024-01-09T15:43:15.2322390+01:00" testType="13cdc9d9-ddb5-4fa4-a97d-d965ccfc6d4b" outcome="Passed" testListId="8c84fa94-04c1-424b-9868-57a2d4851a1d" relativeResultsDirectory="ef2ead82-ca3b-42e8-abca-90888edf904a" />
    <UnitTestResult executionId="e75aace1-d21c-4323-a67a-174a037b8674" testId="e0e8441d-eb5c-e1c5-2c54-e78c3cabf79f" testName="TestUpdateElementWithNewUsedRelationIdButOnADifferentServer" computerName="DKSR-EFI-06" duration="00:00:00.0073857" startTime="2024-01-09T15:43:23.1072503+01:00" endTime="2024-01-09T15:43:23.1228742+01:00" testType="13cdc9d9-ddb5-4fa4-a97d-d965ccfc6d4b" outcome="Passed" testListId="8c84fa94-04c1-424b-9868-57a2d4851a1d" relativeResultsDirectory="e75aace1-d21c-4323-a67a-174a037b8674" />
    <UnitTestResult executionId="9898be9f-c66d-4f74-a115-c54db9a9b630" testId="d71c0ca9-13c6-627c-b94a-f4654b08b416" testName="TestUpdateStateWithAuthentication" computerName="DKSR-EFI-06" duration="00:00:00.0234937" startTime="2024-01-09T15:43:25.0291263+01:00" endTime="2024-01-09T15:43:25.0603752+01:00" testType="13cdc9d9-ddb5-4fa4-a97d-d965ccfc6d4b" outcome="Passed" testListId="8c84fa94-04c1-424b-9868-57a2d4851a1d" relativeResultsDirectory="9898be9f-c66d-4f74-a115-c54db9a9b630" />
    <UnitTestResult executionId="73fa34ae-486b-4d56-9e14-abd521a1c15d" testId="d07ef90d-5b74-2045-9ed5-456e0bc6bd37" testName="TestGetVisualizationChangesThrowingUnhandledException" computerName="DKSR-EFI-06" duration="00:00:00.0036129" startTime="2024-01-09T15:43:15.2791136+01:00" endTime="2024-01-09T15:43:15.2791136+01:00" testType="13cdc9d9-ddb5-4fa4-a97d-d965ccfc6d4b" outcome="Passed" testListId="8c84fa94-04c1-424b-9868-57a2d4851a1d" relativeResultsDirectory="73fa34ae-486b-4d56-9e14-abd521a1c15d" />
    <UnitTestResult executionId="1740c78c-c76c-45de-8cbe-1028b8a18af0" testId="ad7aea32-1690-1791-793b-b9745ed661e9" testName="TestLoadAndInitDoubleACPluginConfiguration" computerName="DKSR-EFI-06" duration="00:00:00.0209695" startTime="2024-01-09T15:43:31.2635027+01:00" endTime="2024-01-09T15:43:31.2791304+01:00" testType="13cdc9d9-ddb5-4fa4-a97d-d965ccfc6d4b" outcome="Passed" testListId="8c84fa94-04c1-424b-9868-57a2d4851a1d" relativeResultsDirectory="1740c78c-c76c-45de-8cbe-1028b8a18af0" />
    <UnitTestResult executionId="30ee6081-49ac-4b9f-8e01-9d1ad5d34daf" testId="fd4ace10-e5d6-edf3-912d-980f93f27759" testName="TestServiceInfosExists" computerName="DKSR-EFI-06" duration="00:00:00.0011234" startTime="2024-01-09T15:43:25.7478787+01:00" endTime="2024-01-09T15:43:25.7478787+01:00" testType="13cdc9d9-ddb5-4fa4-a97d-d965ccfc6d4b" outcome="Passed" testListId="8c84fa94-04c1-424b-9868-57a2d4851a1d" relativeResultsDirectory="30ee6081-49ac-4b9f-8e01-9d1ad5d34daf" />
    <UnitTestResult executionId="966dab90-fae1-413b-8474-686bb636424e" testId="69d89368-0003-59a3-862b-580f1edee151" testName="TestLoadXMLWithNoParametersCorrect" computerName="DKSR-EFI-06" duration="00:00:00.0040037" startTime="2024-01-09T15:43:25.3416261+01:00" endTime="2024-01-09T15:43:25.3572508+01:00" testType="13cdc9d9-ddb5-4fa4-a97d-d965ccfc6d4b" outcome="Passed" testListId="8c84fa94-04c1-424b-9868-57a2d4851a1d" relativeResultsDirectory="966dab90-fae1-413b-8474-686bb636424e" />
    <UnitTestResult executionId="96a7e89c-95ac-4660-a943-41581da5ce5b" testId="090f2140-4bc4-30bd-174c-4e33819d9496" testName="TestCleanupObsoleteAuthorization" computerName="DKSR-EFI-06" duration="00:00:00.0089695" startTime="2024-01-09T15:43:27.3103773+01:00" endTime="2024-01-09T15:43:27.3103773+01:00" testType="13cdc9d9-ddb5-4fa4-a97d-d965ccfc6d4b" outcome="Passed" testListId="8c84fa94-04c1-424b-9868-57a2d4851a1d" relativeResultsDirectory="96a7e89c-95ac-4660-a943-41581da5ce5b" />
    <UnitTestResult executionId="cce8a376-77d6-4409-b117-4dec63312428" testId="c57fc0c5-f9d0-7279-3e84-1fd326fe01da" testName="TestActivatePlugInActionNotAuthenticated" computerName="DKSR-EFI-06" duration="00:00:00.0015737" startTime="2024-01-09T15:43:17.6541190+01:00" endTime="2024-01-09T15:43:17.6541190+01:00" testType="13cdc9d9-ddb5-4fa4-a97d-d965ccfc6d4b" outcome="Passed" testListId="8c84fa94-04c1-424b-9868-57a2d4851a1d" relativeResultsDirectory="cce8a376-77d6-4409-b117-4dec63312428" />
    <UnitTestResult executionId="835c3317-8bb4-414b-aeb1-f6f23867d7db" testId="ab798f06-3bf6-045e-1892-75901f2e7685" testName="UpdateObject_WithValidParameters" computerName="DKSR-EFI-06" duration="00:00:00.0058882" startTime="2024-01-09T15:43:16.6384944+01:00" endTime="2024-01-09T15:43:16.6541177+01:00" testType="13cdc9d9-ddb5-4fa4-a97d-d965ccfc6d4b" outcome="Passed" testListId="8c84fa94-04c1-424b-9868-57a2d4851a1d" relativeResultsDirectory="835c3317-8bb4-414b-aeb1-f6f23867d7db" />
    <UnitTestResult executionId="96ac0902-3dff-4f5f-9710-bde9b487f02a" testId="24ddbe18-4cae-e90f-3505-9ac40083ecb2" testName="TestRemoveElementUpdateTypeTimestamp" computerName="DKSR-EFI-06" duration="00:00:00.0297497" startTime="2024-01-09T15:43:23.7635008+01:00" endTime="2024-01-09T15:43:23.7791248+01:00" testType="13cdc9d9-ddb5-4fa4-a97d-d965ccfc6d4b" outcome="Passed" testListId="8c84fa94-04c1-424b-9868-57a2d4851a1d" relativeResultsDirectory="96ac0902-3dff-4f5f-9710-bde9b487f02a" />
    <UnitTestResult executionId="b25765a0-7f5f-457b-ae0b-959f474cb5cd" testId="a76e2dc6-ff7b-3171-d211-7b82037560b6" testName="TestDeleteObjectAndChildObjectsWithValidParameters" computerName="DKSR-EFI-06" duration="00:00:00.0043327" startTime="2024-01-09T15:43:17.5603694+01:00" endTime="2024-01-09T15:43:17.5759933+01:00" testType="13cdc9d9-ddb5-4fa4-a97d-d965ccfc6d4b" outcome="Passed" testListId="8c84fa94-04c1-424b-9868-57a2d4851a1d" relativeResultsDirectory="b25765a0-7f5f-457b-ae0b-959f474cb5cd" />
    <UnitTestResult executionId="1d86f826-76e2-41ec-99e9-d4dcde8c465b" testId="f0192dd4-c07e-15a2-f132-e2c87819221c" testName="TestUpdateElementNameWithOwnerElement" computerName="DKSR-EFI-06" duration="00:00:00.0058524" startTime="2024-01-09T15:43:24.2947504+01:00" endTime="2024-01-09T15:43:24.3103765+01:00" testType="13cdc9d9-ddb5-4fa4-a97d-d965ccfc6d4b" outcome="Passed" testListId="8c84fa94-04c1-424b-9868-57a2d4851a1d" relativeResultsDirectory="1d86f826-76e2-41ec-99e9-d4dcde8c465b" />
    <UnitTestResult executionId="965d69c1-92c9-489c-9198-1aa663c7803e" testId="66a04374-2e65-19d2-5d8a-f98f17197487" testName="TestNotAddingLargeItems" computerName="DKSR-EFI-06" duration="00:00:00.0029849" startTime="2024-01-09T15:43:13.6384863+01:00" endTime="2024-01-09T15:43:13.6384863+01:00" testType="13cdc9d9-ddb5-4fa4-a97d-d965ccfc6d4b" outcome="Passed" testListId="8c84fa94-04c1-424b-9868-57a2d4851a1d" relativeResultsDirectory="965d69c1-92c9-489c-9198-1aa663c7803e" />
    <UnitTestResult executionId="28541af9-b510-4da0-bcc5-b73c084f42bc" testId="5bb69163-8c75-e295-34ab-b5c8205de7b3" testName="Handle_ShouldNotFlattenValues_WhenValuesDoNotIncludeStateProperties" computerName="DKSR-EFI-06" duration="00:00:00.0092723" startTime="2024-01-09T15:43:30.4353791+01:00" endTime="2024-01-09T15:43:30.4510041+01:00" testType="13cdc9d9-ddb5-4fa4-a97d-d965ccfc6d4b" outcome="Passed" testListId="8c84fa94-04c1-424b-9868-57a2d4851a1d" relativeResultsDirectory="28541af9-b510-4da0-bcc5-b73c084f42bc" />
    <UnitTestResult executionId="058c4c2f-229e-476e-a323-8a8e5a8d424e" testId="5d3cca52-f621-0181-6589-18ea5da58e7b" testName="TestAddAsEvent" computerName="DKSR-EFI-06" duration="00:00:00.0836252" startTime="2024-01-09T15:43:18.6541211+01:00" endTime="2024-01-09T15:43:18.7322470+01:00" testType="13cdc9d9-ddb5-4fa4-a97d-d965ccfc6d4b" outcome="Passed" testListId="8c84fa94-04c1-424b-9868-57a2d4851a1d" relativeResultsDirectory="058c4c2f-229e-476e-a323-8a8e5a8d424e" />
    <UnitTestResult executionId="d5e860cb-9344-4426-a8bb-074f433e6e8d" testId="6a7cb602-bcd8-3c34-2ccf-a231cac327f3" testName="TestGetTypeChangedWithNulTimeout" computerName="DKSR-EFI-06" duration="00:00:00.0049063" startTime="2024-01-09T15:43:17.6853695+01:00" endTime="2024-01-09T15:43:17.7009950+01:00" testType="13cdc9d9-ddb5-4fa4-a97d-d965ccfc6d4b" outcome="Passed" testListId="8c84fa94-04c1-424b-9868-57a2d4851a1d" relativeResultsDirectory="d5e860cb-9344-4426-a8bb-074f433e6e8d" />
    <UnitTestResult executionId="e5d49168-9652-4f03-8708-d97f8e7b67b4" testId="a03feeed-1bbf-cf6a-a8a9-3a2d71ce8049" testName="TestUpdateObjectsWithServerIDInRelationID" computerName="DKSR-EFI-06" duration="00:00:00.0025932" startTime="2024-01-09T15:43:17.8728695+01:00" endTime="2024-01-09T15:43:17.8728695+01:00" testType="13cdc9d9-ddb5-4fa4-a97d-d965ccfc6d4b" outcome="Passed" testListId="8c84fa94-04c1-424b-9868-57a2d4851a1d" relativeResultsDirectory="e5d49168-9652-4f03-8708-d97f8e7b67b4" />
    <UnitTestResult executionId="a4070637-4056-42fb-963e-f3ecef2c2fe0" testId="f85b1ab5-7acd-437f-9ef7-b3157e4451bc" testName="TestUpdateServiceInfo" computerName="DKSR-EFI-06" duration="00:00:00.0523969" startTime="2024-01-09T15:43:25.6697505+01:00" endTime="2024-01-09T15:43:25.7323300+01:00" testType="13cdc9d9-ddb5-4fa4-a97d-d965ccfc6d4b" outcome="Passed" testListId="8c84fa94-04c1-424b-9868-57a2d4851a1d" relativeResultsDirectory="a4070637-4056-42fb-963e-f3ecef2c2fe0" />
    <UnitTestResult executionId="55c0cbf9-16a9-45c1-bc8e-88cf6be82363" testId="9bb0e229-48e7-341c-ee58-a20a471abd3a" testName="TestConstructorWithNullData" computerName="DKSR-EFI-06" duration="00:00:00.0012650" startTime="2024-01-09T15:43:19.4353724+01:00" endTime="2024-01-09T15:43:19.4353724+01:00" testType="13cdc9d9-ddb5-4fa4-a97d-d965ccfc6d4b" outcome="Passed" testListId="8c84fa94-04c1-424b-9868-57a2d4851a1d" relativeResultsDirectory="55c0cbf9-16a9-45c1-bc8e-88cf6be82363" />
    <UnitTestResult executionId="f238c3db-3060-498e-9ce1-f2cebee88da0" testId="ba9feb86-5058-c27a-8cc6-ab7e67bf95f9" testName="TestNewObject" computerName="DKSR-EFI-06" duration="00:00:00.0010203" startTime="2024-01-09T15:43:24.4822523+01:00" endTime="2024-01-09T15:43:24.4822523+01:00" testType="13cdc9d9-ddb5-4fa4-a97d-d965ccfc6d4b" outcome="Passed" testListId="8c84fa94-04c1-424b-9868-57a2d4851a1d" relativeResultsDirectory="f238c3db-3060-498e-9ce1-f2cebee88da0" />
    <UnitTestResult executionId="97625730-be76-4a9b-822f-c347bfc77048" testId="a00b19c4-5cad-b60e-0009-ec4096ffeb28" testName="TestSingleSessionSingleUserId" computerName="DKSR-EFI-06" duration="00:00:00.0007288" startTime="2024-01-09T15:43:27.0760010+01:00" endTime="2024-01-09T15:43:27.0760010+01:00" testType="13cdc9d9-ddb5-4fa4-a97d-d965ccfc6d4b" outcome="Passed" testListId="8c84fa94-04c1-424b-9868-57a2d4851a1d" relativeResultsDirectory="97625730-be76-4a9b-822f-c347bfc77048" />
    <UnitTestResult executionId="c9d695c4-6dc9-4c95-aba8-fcac89863e0c" testId="b2f65640-e1e7-8728-bb17-6625b8d8266f" testName="TestGetElementWithInsufficientRights" computerName="DKSR-EFI-06" duration="00:00:00.0060216" startTime="2024-01-09T15:43:23.2635021+01:00" endTime="2024-01-09T15:43:23.2635021+01:00" testType="13cdc9d9-ddb5-4fa4-a97d-d965ccfc6d4b" outcome="Passed" testListId="8c84fa94-04c1-424b-9868-57a2d4851a1d" relativeResultsDirectory="c9d695c4-6dc9-4c95-aba8-fcac89863e0c" />
    <UnitTestResult executionId="3b6026b8-1827-431a-b971-7eb25dca707a" testId="0bca286d-dd69-5c57-8d8c-a51a534f96aa" testName="TestUpdateAlarmInvalidToken" computerName="DKSR-EFI-06" duration="00:00:00.0039963" startTime="2024-01-09T15:43:18.9666388+01:00" endTime="2024-01-09T15:43:18.9666388+01:00" testType="13cdc9d9-ddb5-4fa4-a97d-d965ccfc6d4b" outcome="Passed" testListId="8c84fa94-04c1-424b-9868-57a2d4851a1d" relativeResultsDirectory="3b6026b8-1827-431a-b971-7eb25dca707a" />
    <UnitTestResult executionId="43ea05a6-a4ce-4f0e-8d17-0ede56840068" testId="a6f9bf28-954c-a169-d2e3-1df1e535b29e" testName="EventConverter_ConvertBaseItemToBaseEvent_Unspecified_DateTime" computerName="DKSR-EFI-06" duration="00:00:00.0106415" startTime="2024-01-09T15:43:26.5603779+01:00" endTime="2024-01-09T15:43:26.5760021+01:00" testType="13cdc9d9-ddb5-4fa4-a97d-d965ccfc6d4b" outcome="Passed" testListId="8c84fa94-04c1-424b-9868-57a2d4851a1d" relativeResultsDirectory="43ea05a6-a4ce-4f0e-8d17-0ede56840068" />
    <UnitTestResult executionId="8d568d45-30de-418a-ae08-e816b2790888" testId="fffc1273-ce43-418f-8c06-38c9e3f1c833" testName="TestUpdateObjectNotAuthenticated" computerName="DKSR-EFI-06" duration="00:00:00.0016632" startTime="2024-01-09T15:43:17.3416195+01:00" endTime="2024-01-09T15:43:17.3416195+01:00" testType="13cdc9d9-ddb5-4fa4-a97d-d965ccfc6d4b" outcome="Passed" testListId="8c84fa94-04c1-424b-9868-57a2d4851a1d" relativeResultsDirectory="8d568d45-30de-418a-ae08-e816b2790888" />
    <UnitTestResult executionId="0a2d2b55-a6c0-4b77-abef-3ffa69dfa98d" testId="a9129bc8-a37f-1926-b7d2-382b9df7e228" testName="TestActionCommandCredentialsConfigurationChangedInvalidUser" computerName="DKSR-EFI-06" duration="00:00:00.0014254" startTime="2024-01-09T15:43:26.3103786+01:00" endTime="2024-01-09T15:43:26.3103786+01:00" testType="13cdc9d9-ddb5-4fa4-a97d-d965ccfc6d4b" outcome="Passed" testListId="8c84fa94-04c1-424b-9868-57a2d4851a1d" relativeResultsDirectory="0a2d2b55-a6c0-4b77-abef-3ffa69dfa98d" />
    <UnitTestResult executionId="ebaf4571-3144-4841-b3cc-70c624ae2afc" testId="153bb311-a7ab-905b-0fa3-53f7fcf4e20e" testName="TestStartWithAccessControlConfigHost" computerName="DKSR-EFI-06" duration="00:00:00.0299405" startTime="2024-01-09T15:43:27.3885030+01:00" endTime="2024-01-09T15:43:27.4197534+01:00" testType="13cdc9d9-ddb5-4fa4-a97d-d965ccfc6d4b" outcome="Passed" testListId="8c84fa94-04c1-424b-9868-57a2d4851a1d" relativeResultsDirectory="ebaf4571-3144-4841-b3cc-70c624ae2afc" />
    <UnitTestResult executionId="4bf957be-8157-4716-a9f6-b996a6f00f7f" testId="ba4c54d1-5f25-c421-7a85-b398e7f8d74a" testName="TestAcknowledgeMultipleAlarmsException" computerName="DKSR-EFI-06" duration="00:00:00.0058922" startTime="2024-01-09T15:43:18.9509963+01:00" endTime="2024-01-09T15:43:18.9666388+01:00" testType="13cdc9d9-ddb5-4fa4-a97d-d965ccfc6d4b" outcome="Passed" testListId="8c84fa94-04c1-424b-9868-57a2d4851a1d" relativeResultsDirectory="4bf957be-8157-4716-a9f6-b996a6f00f7f" />
    <UnitTestResult executionId="898fe9b2-055b-4fcd-b07c-132a2167d471" testId="48fc638a-cb7d-f4dd-6988-d0f7494f227e" testName="TestUpdateMultipleAlarmsException" computerName="DKSR-EFI-06" duration="00:00:00.0046532" startTime="2024-01-09T15:43:19.0916226+01:00" endTime="2024-01-09T15:43:19.0916226+01:00" testType="13cdc9d9-ddb5-4fa4-a97d-d965ccfc6d4b" outcome="Passed" testListId="8c84fa94-04c1-424b-9868-57a2d4851a1d" relativeResultsDirectory="898fe9b2-055b-4fcd-b07c-132a2167d471" />
    <UnitTestResult executionId="2d85b22b-f25f-47cc-958d-f9060c49174c" testId="2424394d-3dc8-929b-c4f6-779908e3129b" testName="TestGetItemStatusDetailsWithUnknownType" computerName="DKSR-EFI-06" duration="00:00:00.0004031" startTime="2024-01-09T15:43:20.3103762+01:00" endTime="2024-01-09T15:43:20.3103762+01:00" testType="13cdc9d9-ddb5-4fa4-a97d-d965ccfc6d4b" outcome="Passed" testListId="8c84fa94-04c1-424b-9868-57a2d4851a1d" relativeResultsDirectory="2d85b22b-f25f-47cc-958d-f9060c49174c" />
    <UnitTestResult executionId="3609d369-0c23-4f59-a624-111fc63a63b7" testId="52e64020-04e8-41f8-927f-e3992d18234b" testName="ConstructorTest" computerName="DKSR-EFI-06" duration="00:00:00.0018052" startTime="2024-01-09T15:43:20.5603741+01:00" endTime="2024-01-09T15:43:20.5603741+01:00" testType="13cdc9d9-ddb5-4fa4-a97d-d965ccfc6d4b" outcome="Passed" testListId="8c84fa94-04c1-424b-9868-57a2d4851a1d" relativeResultsDirectory="3609d369-0c23-4f59-a624-111fc63a63b7" />
    <UnitTestResult executionId="928f8d32-468d-434d-98f5-ad2a72e21ca7" testId="e2ee6963-65a5-363e-7d56-a973ec371926" testName="GetData_ReturnsAccessControlData_WhenAccessControlEvent" computerName="DKSR-EFI-06" duration="00:00:00.0070748" startTime="2024-01-09T15:43:28.3885043+01:00" endTime="2024-01-09T15:43:28.3885043+01:00" testType="13cdc9d9-ddb5-4fa4-a97d-d965ccfc6d4b" outcome="Passed" testListId="8c84fa94-04c1-424b-9868-57a2d4851a1d" relativeResultsDirectory="928f8d32-468d-434d-98f5-ad2a72e21ca7" />
    <UnitTestResult executionId="d78c9269-3b97-4b54-9e56-2bd23cd4f68b" testId="7bd86bb5-b4f3-456c-9451-1ba8747ecdfb" testName="TestMultipleSessionsSingleUserIdAddedTwice" computerName="DKSR-EFI-06" duration="00:00:00.0009965" startTime="2024-01-09T15:43:27.0916291+01:00" endTime="2024-01-09T15:43:27.0916291+01:00" testType="13cdc9d9-ddb5-4fa4-a97d-d965ccfc6d4b" outcome="Passed" testListId="8c84fa94-04c1-424b-9868-57a2d4851a1d" relativeResultsDirectory="d78c9269-3b97-4b54-9e56-2bd23cd4f68b" />
    <UnitTestResult executionId="b3897795-458d-4e13-83f3-30e77b43493e" testId="25ce9d2e-07f3-f533-4f18-3d0cd17d5891" testName="TestGetStatusDetails" computerName="DKSR-EFI-06" duration="00:00:00.0042022" startTime="2024-01-09T15:43:24.6541264+01:00" endTime="2024-01-09T15:43:24.6541264+01:00" testType="13cdc9d9-ddb5-4fa4-a97d-d965ccfc6d4b" outcome="Passed" testListId="8c84fa94-04c1-424b-9868-57a2d4851a1d" relativeResultsDirectory="b3897795-458d-4e13-83f3-30e77b43493e" />
    <UnitTestResult executionId="b3d40b01-4e62-49fc-94bd-399dcb2aed99" testId="b56fc5e0-ca7d-23ae-8b09-7929cd0345db" testName="TestLoadXMLWithCorrectValues" computerName="DKSR-EFI-06" duration="00:00:00.0186758" startTime="2024-01-09T15:43:25.3260011+01:00" endTime="2024-01-09T15:43:25.3416261+01:00" testType="13cdc9d9-ddb5-4fa4-a97d-d965ccfc6d4b" outcome="Passed" testListId="8c84fa94-04c1-424b-9868-57a2d4851a1d" relativeResultsDirectory="b3d40b01-4e62-49fc-94bd-399dcb2aed99" />
    <UnitTestResult executionId="c7345005-6710-4b8e-b406-8741be549b50" testId="239f97ad-944d-968b-1719-9af125fd5862" testName="TestItemAddedWithAnAllreadyExistingItemWithSameID" computerName="DKSR-EFI-06" duration="00:00:00.0045502" startTime="2024-01-09T15:43:20.4197492+01:00" endTime="2024-01-09T15:43:20.4197492+01:00" testType="13cdc9d9-ddb5-4fa4-a97d-d965ccfc6d4b" outcome="Passed" testListId="8c84fa94-04c1-424b-9868-57a2d4851a1d" relativeResultsDirectory="c7345005-6710-4b8e-b406-8741be549b50" />
    <UnitTestResult executionId="37bbf752-b250-41c7-aaac-21b86e7eb796" testId="b729c544-ff94-b88c-81d9-2769a166e5be" testName="TestGetPlugInItemChangesWithNegativeTimeout" computerName="DKSR-EFI-06" duration="00:00:00.0037599" startTime="2024-01-09T15:43:18.3259957+01:00" endTime="2024-01-09T15:43:18.3259957+01:00" testType="13cdc9d9-ddb5-4fa4-a97d-d965ccfc6d4b" outcome="Passed" testListId="8c84fa94-04c1-424b-9868-57a2d4851a1d" relativeResultsDirectory="37bbf752-b250-41c7-aaac-21b86e7eb796" />
    <UnitTestResult executionId="2e954afd-60dc-470c-b429-d4759f28b931" testId="d9eb3447-b3c7-2036-87ac-4205b4ee0399" testName="TestDeleteObjectAndChildObjectsThrowingUnhandledException" computerName="DKSR-EFI-06" duration="00:00:00.0030589" startTime="2024-01-09T15:43:18.1072458+01:00" endTime="2024-01-09T15:43:18.1228706+01:00" testType="13cdc9d9-ddb5-4fa4-a97d-d965ccfc6d4b" outcome="Passed" testListId="8c84fa94-04c1-424b-9868-57a2d4851a1d" relativeResultsDirectory="2e954afd-60dc-470c-b429-d4759f28b931" />
    <UnitTestResult executionId="69595d42-47bd-45a6-9f65-b5806bf02bc7" testId="ec4e63e2-3209-426c-3f87-d44e6c590fc1" testName="TestActionHandlerStart" computerName="DKSR-EFI-06" duration="00:00:00.1169642" startTime="2024-01-09T15:43:25.9197515+01:00" endTime="2024-01-09T15:43:26.0291290+01:00" testType="13cdc9d9-ddb5-4fa4-a97d-d965ccfc6d4b" outcome="Passed" testListId="8c84fa94-04c1-424b-9868-57a2d4851a1d" relativeResultsDirectory="69595d42-47bd-45a6-9f65-b5806bf02bc7" />
    <UnitTestResult executionId="75169921-22fa-473a-8072-25021ce4925d" testId="dc08e628-1818-fd36-8e97-cefc3b20677b" testName="TestFetchCache" computerName="DKSR-EFI-06" duration="00:00:00.1093441" startTime="2024-01-09T15:43:13.7634887+01:00" endTime="2024-01-09T15:43:13.8728624+01:00" testType="13cdc9d9-ddb5-4fa4-a97d-d965ccfc6d4b" outcome="Passed" testListId="8c84fa94-04c1-424b-9868-57a2d4851a1d" relativeResultsDirectory="75169921-22fa-473a-8072-25021ce4925d" />
    <UnitTestResult executionId="8df00ebb-e8fa-4f68-ad61-71086e6fccb4" testId="199bfd37-c469-c817-7cca-cebcf665e72c" testName="TestConstructor" computerName="DKSR-EFI-06" duration="00:00:00.0051874" startTime="2024-01-09T15:43:15.6541162+01:00" endTime="2024-01-09T15:43:15.6541162+01:00" testType="13cdc9d9-ddb5-4fa4-a97d-d965ccfc6d4b" outcome="Passed" testListId="8c84fa94-04c1-424b-9868-57a2d4851a1d" relativeResultsDirectory="8df00ebb-e8fa-4f68-ad61-71086e6fccb4" />
    <UnitTestResult executionId="3691510b-d5d8-4282-8aa5-e334fa977056" testId="30df2146-14a7-8ce2-c6a0-f56527a03154" testName="EventConverter_ParseMetadata_Metadata_Non_Guid_DeviceId" computerName="DKSR-EFI-06" duration="00:00:00.0013864" startTime="2024-01-09T15:43:26.6541275+01:00" endTime="2024-01-09T15:43:26.6541275+01:00" testType="13cdc9d9-ddb5-4fa4-a97d-d965ccfc6d4b" outcome="Passed" testListId="8c84fa94-04c1-424b-9868-57a2d4851a1d" relativeResultsDirectory="3691510b-d5d8-4282-8aa5-e334fa977056" />
    <UnitTestResult executionId="ba91dea4-8091-40a7-bfc0-0339c4ff8c96" testId="de00552c-cce9-bf97-be32-2abc19974927" testName="TestToServiceContextMenu" computerName="DKSR-EFI-06" duration="00:00:00.0177499" startTime="2024-01-09T15:43:19.4197472+01:00" endTime="2024-01-09T15:43:19.4353724+01:00" testType="13cdc9d9-ddb5-4fa4-a97d-d965ccfc6d4b" outcome="Passed" testListId="8c84fa94-04c1-424b-9868-57a2d4851a1d" relativeResultsDirectory="ba91dea4-8091-40a7-bfc0-0339c4ff8c96" />
    <UnitTestResult executionId="b5741d4d-f8fd-400d-a3cd-34455a9c857c" testId="e2742b16-20b9-c148-0a15-b011a5020615" testName="TestUpdateElementWithoutTypeId" computerName="DKSR-EFI-06" duration="00:00:00.0040479" startTime="2024-01-09T15:43:22.9666249+01:00" endTime="2024-01-09T15:43:22.9666249+01:00" testType="13cdc9d9-ddb5-4fa4-a97d-d965ccfc6d4b" outcome="Passed" testListId="8c84fa94-04c1-424b-9868-57a2d4851a1d" relativeResultsDirectory="b5741d4d-f8fd-400d-a3cd-34455a9c857c" />
    <UnitTestResult executionId="a909b9f5-67c8-4127-a7db-ebc632ee01ed" testId="ca2a562d-641e-8e00-fa18-6369fac1395a" testName="TestSetConfigHostAddingNew" computerName="DKSR-EFI-06" duration="00:00:00.0125651" startTime="2024-01-09T15:43:25.5447519+01:00" endTime="2024-01-09T15:43:25.5603771+01:00" testType="13cdc9d9-ddb5-4fa4-a97d-d965ccfc6d4b" outcome="Passed" testListId="8c84fa94-04c1-424b-9868-57a2d4851a1d" relativeResultsDirectory="a909b9f5-67c8-4127-a7db-ebc632ee01ed" />
    <UnitTestResult executionId="b101ebc4-50e1-4dd9-aaa6-7dab307b9fa6" testId="ca40eb2c-e0a0-78e8-6ed2-5e6440c04fde" testName="TestUpdateBoundsThrowingUnhandledException" computerName="DKSR-EFI-06" duration="00:00:00.0031121" startTime="2024-01-09T15:43:17.1384940+01:00" endTime="2024-01-09T15:43:17.1541193+01:00" testType="13cdc9d9-ddb5-4fa4-a97d-d965ccfc6d4b" outcome="Passed" testListId="8c84fa94-04c1-424b-9868-57a2d4851a1d" relativeResultsDirectory="b101ebc4-50e1-4dd9-aaa6-7dab307b9fa6" />
    <UnitTestResult executionId="b02fe9bf-4e7b-4615-9154-b916dd1b2aa5" testId="bd269d79-8d19-44db-f16d-abd4c7a4d073" testName="TestGetXMLWithNullValues" computerName="DKSR-EFI-06" duration="00:00:00.0005347" startTime="2024-01-09T15:43:25.5291255+01:00" endTime="2024-01-09T15:43:25.5291255+01:00" testType="13cdc9d9-ddb5-4fa4-a97d-d965ccfc6d4b" outcome="Passed" testListId="8c84fa94-04c1-424b-9868-57a2d4851a1d" relativeResultsDirectory="b02fe9bf-4e7b-4615-9154-b916dd1b2aa5" />
    <UnitTestResult executionId="7c21c833-facd-4a3e-9c04-d871789aac31" testId="73e328c0-4710-e606-9be8-5deb082f424b" testName="TestGetStatusWithForeignServerIDs" computerName="DKSR-EFI-06" duration="00:00:00.0036052" startTime="2024-01-09T15:43:15.6853656+01:00" endTime="2024-01-09T15:43:15.6853656+01:00" testType="13cdc9d9-ddb5-4fa4-a97d-d965ccfc6d4b" outcome="Passed" testListId="8c84fa94-04c1-424b-9868-57a2d4851a1d" relativeResultsDirectory="7c21c833-facd-4a3e-9c04-d871789aac31" />
    <UnitTestResult executionId="18ed6899-7034-48cb-bc0c-284db827efc3" testId="2be6a9ee-7631-7b93-694c-0c9d581761da" testName="TestGetPlugInItemsThrowingUnhandledException" computerName="DKSR-EFI-06" duration="00:00:00.0035741" startTime="2024-01-09T15:43:17.6072457+01:00" endTime="2024-01-09T15:43:17.6228679+01:00" testType="13cdc9d9-ddb5-4fa4-a97d-d965ccfc6d4b" outcome="Passed" testListId="8c84fa94-04c1-424b-9868-57a2d4851a1d" relativeResultsDirectory="18ed6899-7034-48cb-bc0c-284db827efc3" />
    <UnitTestResult executionId="03e91a49-91a3-43f7-9186-d3a8031f5dcb" testId="f6819eae-b90a-2385-66dc-666a348500ab" testName="TestInsertElementsWhereOneIdIsAllreadyInUse" computerName="DKSR-EFI-06" duration="00:00:00.0034995" startTime="2024-01-09T15:43:22.8885009+01:00" endTime="2024-01-09T15:43:22.8885009+01:00" testType="13cdc9d9-ddb5-4fa4-a97d-d965ccfc6d4b" outcome="Passed" testListId="8c84fa94-04c1-424b-9868-57a2d4851a1d" relativeResultsDirectory="03e91a49-91a3-43f7-9186-d3a8031f5dcb" />
    <UnitTestResult executionId="27342b62-38b4-4158-8b79-4fb9e6d89f2e" testId="885b3cd8-4bf4-c09f-f0c5-4232a1fd8140" testName="TestGetStatusWithMarkForDeletionElementId" computerName="DKSR-EFI-06" duration="00:00:00.0068455" startTime="2024-01-09T15:43:20.9353733+01:00" endTime="2024-01-09T15:43:20.9509986+01:00" testType="13cdc9d9-ddb5-4fa4-a97d-d965ccfc6d4b" outcome="Passed" testListId="8c84fa94-04c1-424b-9868-57a2d4851a1d" relativeResultsDirectory="27342b62-38b4-4158-8b79-4fb9e6d89f2e" />
    <UnitTestResult executionId="1c86dbe3-7778-4b6f-b26c-a5fa13c17402" testId="3d09ee46-d296-1cac-c2f9-a726964f20c0" testName="TestSetVisualizationWithPropertData" computerName="DKSR-EFI-06" duration="00:00:00.0055740" startTime="2024-01-09T15:43:22.1072494+01:00" endTime="2024-01-09T15:43:22.1228742+01:00" testType="13cdc9d9-ddb5-4fa4-a97d-d965ccfc6d4b" outcome="Passed" testListId="8c84fa94-04c1-424b-9868-57a2d4851a1d" relativeResultsDirectory="1c86dbe3-7778-4b6f-b26c-a5fa13c17402" />
    <UnitTestResult executionId="adc1d64a-c4f8-4c44-a97e-55dc65861921" testId="cfcb2bbb-ebc1-fd20-fbb7-664d5ef066e3" testName="GetEventGroupsTest" computerName="DKSR-EFI-06" duration="00:00:00.0076229" startTime="2024-01-09T15:43:27.8416262+01:00" endTime="2024-01-09T15:43:27.8416262+01:00" testType="13cdc9d9-ddb5-4fa4-a97d-d965ccfc6d4b" outcome="Passed" testListId="8c84fa94-04c1-424b-9868-57a2d4851a1d" relativeResultsDirectory="adc1d64a-c4f8-4c44-a97e-55dc65861921" />
    <UnitTestResult executionId="0b6b5d5e-520f-461b-b025-674c57134dd5" testId="5cb95ba8-2ed5-0457-cda8-ddf8ed781451" testName="TestGetHeaderException" computerName="DKSR-EFI-06" duration="00:00:00.0037640" startTime="2024-01-09T15:43:18.8416222+01:00" endTime="2024-01-09T15:43:18.8416222+01:00" testType="13cdc9d9-ddb5-4fa4-a97d-d965ccfc6d4b" outcome="Passed" testListId="8c84fa94-04c1-424b-9868-57a2d4851a1d" relativeResultsDirectory="0b6b5d5e-520f-461b-b025-674c57134dd5" />
    <UnitTestResult executionId="9da8e41b-f126-4299-addc-662dbb15de73" testId="c8961c6a-00ce-7a22-15c3-44f07a639f36" testName="GetIconData_WithValidParameters" computerName="DKSR-EFI-06" duration="00:00:00.0043591" startTime="2024-01-09T15:43:18.1384945+01:00" endTime="2024-01-09T15:43:18.1384945+01:00" testType="13cdc9d9-ddb5-4fa4-a97d-d965ccfc6d4b" outcome="Passed" testListId="8c84fa94-04c1-424b-9868-57a2d4851a1d" relativeResultsDirectory="9da8e41b-f126-4299-addc-662dbb15de73" />
    <UnitTestResult executionId="c54206bb-5434-4dcd-8cab-5d5a80e2e854" testId="8a33daa2-6473-674a-d338-66f15cfd845b" testName="GetData_ReturnsAnalyticsData_WhenAnalyticsEvent" computerName="DKSR-EFI-06" duration="00:00:00.0351411" startTime="2024-01-09T15:43:28.3416305+01:00" endTime="2024-01-09T15:43:28.3885043+01:00" testType="13cdc9d9-ddb5-4fa4-a97d-d965ccfc6d4b" outcome="Passed" testListId="8c84fa94-04c1-424b-9868-57a2d4851a1d" relativeResultsDirectory="c54206bb-5434-4dcd-8cab-5d5a80e2e854" />
    <UnitTestResult executionId="957cdefc-7f7f-4840-ad16-d33bd147ef54" testId="ee13aa96-0440-147e-1f8e-74e5f001e7b6" testName="TestUpdateObjectsWithServerIDInID" computerName="DKSR-EFI-06" duration="00:00:00.0026559" startTime="2024-01-09T15:43:17.8572454+01:00" endTime="2024-01-09T15:43:17.8572454+01:00" testType="13cdc9d9-ddb5-4fa4-a97d-d965ccfc6d4b" outcome="Passed" testListId="8c84fa94-04c1-424b-9868-57a2d4851a1d" relativeResultsDirectory="957cdefc-7f7f-4840-ad16-d33bd147ef54" />
    <UnitTestResult executionId="89a4406c-2d34-4748-a340-47bde113b83e" testId="3a5cb963-f3b6-06f8-49ee-bc5358ebcbe8" testName="TestConstructor" computerName="DKSR-EFI-06" duration="00:00:00.0919536" startTime="2024-01-09T15:43:20.8259977+01:00" endTime="2024-01-09T15:43:20.9197491+01:00" testType="13cdc9d9-ddb5-4fa4-a97d-d965ccfc6d4b" outcome="Passed" testListId="8c84fa94-04c1-424b-9868-57a2d4851a1d" relativeResultsDirectory="89a4406c-2d34-4748-a340-47bde113b83e" />
    <UnitTestResult executionId="3a3f8307-ae95-4252-a151-f76f26957f78" testId="8daa1b42-c536-0259-930d-8df6d9225251" testName="TestUpdateObjectWithServerIDInVisualOwnerID" computerName="DKSR-EFI-06" duration="00:00:00.0020048" startTime="2024-01-09T15:43:17.8259967+01:00" endTime="2024-01-09T15:43:17.8259967+01:00" testType="13cdc9d9-ddb5-4fa4-a97d-d965ccfc6d4b" outcome="Passed" testListId="8c84fa94-04c1-424b-9868-57a2d4851a1d" relativeResultsDirectory="3a3f8307-ae95-4252-a151-f76f26957f78" />
    <UnitTestResult executionId="013ab3c4-caf5-4352-8d28-64a41a25243a" testId="bf36e020-7ed3-92fa-2bf5-c3f310b7a5c0" testName="TestUpdateMultipleAlarmsInvalidToken" computerName="DKSR-EFI-06" duration="00:00:00.0031871" startTime="2024-01-09T15:43:19.0759980+01:00" endTime="2024-01-09T15:43:19.0759980+01:00" testType="13cdc9d9-ddb5-4fa4-a97d-d965ccfc6d4b" outcome="Passed" testListId="8c84fa94-04c1-424b-9868-57a2d4851a1d" relativeResultsDirectory="013ab3c4-caf5-4352-8d28-64a41a25243a" />
    <UnitTestResult executionId="58157b4a-37a0-4e5a-9d28-79fe37bc4204" testId="03e3b455-6ea4-6a87-66b3-e22c2830555a" testName="Logout_WithValidParameters" computerName="DKSR-EFI-06" duration="00:00:00.0023192" startTime="2024-01-09T15:43:18.1228706+01:00" endTime="2024-01-09T15:43:18.1228706+01:00" testType="13cdc9d9-ddb5-4fa4-a97d-d965ccfc6d4b" outcome="Passed" testListId="8c84fa94-04c1-424b-9868-57a2d4851a1d" relativeResultsDirectory="58157b4a-37a0-4e5a-9d28-79fe37bc4204" />
    <UnitTestResult executionId="4a9c60d1-54c7-4b34-a83b-8e517665d976" testId="c7c1c2fa-07c7-0f3b-19b5-5eef26b00099" testName="TestGetPlugInItemChangesNotAuthenticated" computerName="DKSR-EFI-06" duration="00:00:00.0021815" startTime="2024-01-09T15:43:17.6384946+01:00" endTime="2024-01-09T15:43:17.6384946+01:00" testType="13cdc9d9-ddb5-4fa4-a97d-d965ccfc6d4b" outcome="Passed" testListId="8c84fa94-04c1-424b-9868-57a2d4851a1d" relativeResultsDirectory="4a9c60d1-54c7-4b34-a83b-8e517665d976" />
    <UnitTestResult executionId="9857f35f-8deb-47aa-8aa9-a6110182c64f" testId="b853bca4-a79e-4f54-a4b4-35f801cc2d5a" testName="Setup_VmsTokenProvider_TempSecretExistsIsTrue_SecretExists_IsFalse_NoErrorsAreThrownAsync" computerName="DKSR-EFI-06" duration="00:00:00.2359969" startTime="2024-01-09T15:43:26.6697508+01:00" endTime="2024-01-09T15:43:26.9041287+01:00" testType="13cdc9d9-ddb5-4fa4-a97d-d965ccfc6d4b" outcome="Passed" testListId="8c84fa94-04c1-424b-9868-57a2d4851a1d" relativeResultsDirectory="9857f35f-8deb-47aa-8aa9-a6110182c64f" />
    <UnitTestResult executionId="60675c31-e6fd-4302-a958-ef82437ddcaa" testId="3021f3ce-39a9-063c-5890-28208b88f4b4" testName="TestTypeIDWithNoMapPlugInType" computerName="DKSR-EFI-06" duration="00:00:00.0002166" startTime="2024-01-09T15:43:20.3728753+01:00" endTime="2024-01-09T15:43:20.3728753+01:00" testType="13cdc9d9-ddb5-4fa4-a97d-d965ccfc6d4b" outcome="Passed" testListId="8c84fa94-04c1-424b-9868-57a2d4851a1d" relativeResultsDirectory="60675c31-e6fd-4302-a958-ef82437ddcaa" />
    <UnitTestResult executionId="85949a50-da8a-4b32-8df1-48f7ae0d143a" testId="aa86ab0f-83a2-76c1-c948-071136a36b4c" testName="TestGetHeader" computerName="DKSR-EFI-06" duration="00:00:00.0037367" startTime="2024-01-09T15:43:18.8259947+01:00" endTime="2024-01-09T15:43:18.8259947+01:00" testType="13cdc9d9-ddb5-4fa4-a97d-d965ccfc6d4b" outcome="Passed" testListId="8c84fa94-04c1-424b-9868-57a2d4851a1d" relativeResultsDirectory="85949a50-da8a-4b32-8df1-48f7ae0d143a" />
    <UnitTestResult executionId="1e9efa66-b237-4faf-ba58-5a4f96fbe933" testId="6659ef55-df01-6033-873e-1d49a2e3e8df" testName="TestGetServiceInfo" computerName="DKSR-EFI-06" duration="00:00:00.0029161" startTime="2024-01-09T15:43:25.7323300+01:00" endTime="2024-01-09T15:43:25.7323300+01:00" testType="13cdc9d9-ddb5-4fa4-a97d-d965ccfc6d4b" outcome="Passed" testListId="8c84fa94-04c1-424b-9868-57a2d4851a1d" relativeResultsDirectory="1e9efa66-b237-4faf-ba58-5a4f96fbe933" />
    <UnitTestResult executionId="9631adb7-4ee9-46b3-8da3-878987892dbc" testId="862c0172-86db-d049-84e9-0bedb2d2bc07" testName="TestRemoveElementAndChildElementsNonRecursiveWithTwoDifferenRelations" computerName="DKSR-EFI-06" duration="00:00:00.0076696" startTime="2024-01-09T15:43:23.9822505+01:00" endTime="2024-01-09T15:43:23.9978755+01:00" testType="13cdc9d9-ddb5-4fa4-a97d-d965ccfc6d4b" outcome="Passed" testListId="8c84fa94-04c1-424b-9868-57a2d4851a1d" relativeResultsDirectory="9631adb7-4ee9-46b3-8da3-878987892dbc" />
    <UnitTestResult executionId="15e02854-a8ca-4bbf-adbe-a2625b409526" testId="6d5770e0-f986-7f23-55f0-2f4cb6f37932" testName="TestUpdateState" computerName="DKSR-EFI-06" duration="00:00:00.0049297" startTime="2024-01-09T15:43:24.6385024+01:00" endTime="2024-01-09T15:43:24.6385024+01:00" testType="13cdc9d9-ddb5-4fa4-a97d-d965ccfc6d4b" outcome="Passed" testListId="8c84fa94-04c1-424b-9868-57a2d4851a1d" relativeResultsDirectory="15e02854-a8ca-4bbf-adbe-a2625b409526" />
    <UnitTestResult executionId="557bad7b-5b8e-4651-bfeb-d2cf1a92dbd8" testId="3ca1982b-2ea7-5d94-db54-ade5cd0ce4d1" testName="TestUpdateStateWithUnknownElement" computerName="DKSR-EFI-06" duration="00:00:00.0024861" startTime="2024-01-09T15:43:24.4666279+01:00" endTime="2024-01-09T15:43:24.4666279+01:00" testType="13cdc9d9-ddb5-4fa4-a97d-d965ccfc6d4b" outcome="Passed" testListId="8c84fa94-04c1-424b-9868-57a2d4851a1d" relativeResultsDirectory="557bad7b-5b8e-4651-bfeb-d2cf1a92dbd8" />
    <UnitTestResult executionId="a265a045-ad45-40db-8fbd-77fe9b4f7fef" testId="6e4612c4-3145-1588-b9f4-048fc08fdb7d" testName="TestCreateObjectsThrowingUnhandledException" computerName="DKSR-EFI-06" duration="00:00:00.0065576" startTime="2024-01-09T15:43:17.3259954+01:00" endTime="2024-01-09T15:43:17.3259954+01:00" testType="13cdc9d9-ddb5-4fa4-a97d-d965ccfc6d4b" outcome="Passed" testListId="8c84fa94-04c1-424b-9868-57a2d4851a1d" relativeResultsDirectory="a265a045-ad45-40db-8fbd-77fe9b4f7fef" />
    <UnitTestResult executionId="25675957-98a0-409c-8338-22c9c8317d8c" testId="758d0353-42af-8682-0395-6f91b285364d" testName="TestRemoveElementAllreadyMarkedForDeletion" computerName="DKSR-EFI-06" duration="00:00:00.0073606" startTime="2024-01-09T15:43:23.6853759+01:00" endTime="2024-01-09T15:43:23.7010015+01:00" testType="13cdc9d9-ddb5-4fa4-a97d-d965ccfc6d4b" outcome="Passed" testListId="8c84fa94-04c1-424b-9868-57a2d4851a1d" relativeResultsDirectory="25675957-98a0-409c-8338-22c9c8317d8c" />
    <UnitTestResult executionId="93d4f628-73d5-4b15-8ede-9ee14ae75e2c" testId="9d68ca30-4c58-7743-728e-6fe99570fd2e" testName="TestGetVisualizationChangesWithNulTimeout" computerName="DKSR-EFI-06" duration="00:00:00.0040545" startTime="2024-01-09T15:43:15.7947442+01:00" endTime="2024-01-09T15:43:15.7947442+01:00" testType="13cdc9d9-ddb5-4fa4-a97d-d965ccfc6d4b" outcome="Passed" testListId="8c84fa94-04c1-424b-9868-57a2d4851a1d" relativeResultsDirectory="93d4f628-73d5-4b15-8ede-9ee14ae75e2c" />
    <UnitTestResult executionId="e3bafaeb-9f98-4359-bc1b-56c38f363883" testId="fa339202-5b42-e67b-f97a-d6db06b2d3f0" testName="TestGetObjectWithValidParameters" computerName="DKSR-EFI-06" duration="00:00:00.0032359" startTime="2024-01-09T15:43:17.4197444+01:00" endTime="2024-01-09T15:43:17.4353695+01:00" testType="13cdc9d9-ddb5-4fa4-a97d-d965ccfc6d4b" outcome="Passed" testListId="8c84fa94-04c1-424b-9868-57a2d4851a1d" relativeResultsDirectory="e3bafaeb-9f98-4359-bc1b-56c38f363883" />
    <UnitTestResult executionId="b81e3012-2c8c-44d1-8abd-99b47b53dba3" testId="acfb8bc4-d35c-001a-368e-6db458396c27" testName="SetAllEventRetentions_ShouldAuditLog_WhenDefaultRetentionIsChanged" computerName="DKSR-EFI-06" duration="00:00:00.0052796" startTime="2024-01-09T15:43:28.6541298+01:00" endTime="2024-01-09T15:43:28.6697535+01:00" testType="13cdc9d9-ddb5-4fa4-a97d-d965ccfc6d4b" outcome="Passed" testListId="8c84fa94-04c1-424b-9868-57a2d4851a1d" relativeResultsDirectory="b81e3012-2c8c-44d1-8abd-99b47b53dba3" />
    <UnitTestResult executionId="18bee45b-1ec9-4be6-83a5-7fbe643cc4b6" testId="c9ff0112-047d-3721-6fca-037dbe133a6e" testName="TestActivateContextMenuActionThrowsException" computerName="DKSR-EFI-06" duration="00:00:00.0017342" startTime="2024-01-09T15:43:20.4666221+01:00" endTime="2024-01-09T15:43:20.4822504+01:00" testType="13cdc9d9-ddb5-4fa4-a97d-d965ccfc6d4b" outcome="Passed" testListId="8c84fa94-04c1-424b-9868-57a2d4851a1d" relativeResultsDirectory="18bee45b-1ec9-4be6-83a5-7fbe643cc4b6" />
    <UnitTestResult executionId="f2d46f17-9e65-4cfa-927f-872e6b18576b" testId="7de57e20-c921-b425-66cd-8a389b670b01" testName="TestGetTypeChangedNotAuthenticated" computerName="DKSR-EFI-06" duration="00:00:00.0016218" startTime="2024-01-09T15:43:17.7009950+01:00" endTime="2024-01-09T15:43:17.7009950+01:00" testType="13cdc9d9-ddb5-4fa4-a97d-d965ccfc6d4b" outcome="Passed" testListId="8c84fa94-04c1-424b-9868-57a2d4851a1d" relativeResultsDirectory="f2d46f17-9e65-4cfa-927f-872e6b18576b" />
    <UnitTestResult executionId="fea8a14f-c9ef-4a2c-bce3-c020538f169e" testId="9eeb3fb8-351d-99ec-72a2-514b9bbcc9ea" testName="TestUpdateBoundsWithAllParameters" computerName="DKSR-EFI-06" duration="00:00:00.0068278" startTime="2024-01-09T15:43:25.4197528+01:00" endTime="2024-01-09T15:43:25.4353766+01:00" testType="13cdc9d9-ddb5-4fa4-a97d-d965ccfc6d4b" outcome="Passed" testListId="8c84fa94-04c1-424b-9868-57a2d4851a1d" relativeResultsDirectory="fea8a14f-c9ef-4a2c-bce3-c020538f169e" />
    <UnitTestResult executionId="d9dc88f1-8da4-46f6-a09f-95002f8cb47e" testId="b3abf8cb-be05-8444-7744-f2c6d82511e2" testName="TestGetStatusWithAForeignRelation" computerName="DKSR-EFI-06" duration="00:00:00.0126524" startTime="2024-01-09T15:43:21.4041244+01:00" endTime="2024-01-09T15:43:21.4197928+01:00" testType="13cdc9d9-ddb5-4fa4-a97d-d965ccfc6d4b" outcome="Passed" testListId="8c84fa94-04c1-424b-9868-57a2d4851a1d" relativeResultsDirectory="d9dc88f1-8da4-46f6-a09f-95002f8cb47e" />
    <UnitTestResult executionId="4619524e-2c07-4101-893f-e3399b9d0665" testId="ab3cae72-2ddf-ddc9-36d0-becb615bd702" testName="TestDefaultWithNoMapPlugInType" computerName="DKSR-EFI-06" duration="00:00:00.0002280" startTime="2024-01-09T15:43:20.4041712+01:00" endTime="2024-01-09T15:43:20.4041712+01:00" testType="13cdc9d9-ddb5-4fa4-a97d-d965ccfc6d4b" outcome="Passed" testListId="8c84fa94-04c1-424b-9868-57a2d4851a1d" relativeResultsDirectory="4619524e-2c07-4101-893f-e3399b9d0665" />
    <UnitTestResult executionId="4de034db-8bbd-4598-afaf-8a5d14b66d94" testId="33996ad1-87de-26bf-b419-0a1ec0333bb4" testName="TestConstructorWithVisualElementStorageDatabaseAndVisualElementWithNullObjects" computerName="DKSR-EFI-06" duration="00:00:00.0062201" startTime="2024-01-09T15:43:25.2478795+01:00" endTime="2024-01-09T15:43:25.2635001+01:00" testType="13cdc9d9-ddb5-4fa4-a97d-d965ccfc6d4b" outcome="Passed" testListId="8c84fa94-04c1-424b-9868-57a2d4851a1d" relativeResultsDirectory="4de034db-8bbd-4598-afaf-8a5d14b66d94" />
    <UnitTestResult executionId="32392d58-b868-4025-b88e-0fd8456c71a7" testId="709944ad-38f2-d49a-6dce-a5531cda1d37" testName="TestConstructorWithParameters" computerName="DKSR-EFI-06" duration="00:00:00.0003295" startTime="2024-01-09T15:43:25.1853759+01:00" endTime="2024-01-09T15:43:25.1853759+01:00" testType="13cdc9d9-ddb5-4fa4-a97d-d965ccfc6d4b" outcome="Passed" testListId="8c84fa94-04c1-424b-9868-57a2d4851a1d" relativeResultsDirectory="32392d58-b868-4025-b88e-0fd8456c71a7" />
    <UnitTestResult executionId="9ed1e35d-f473-4ee3-a9d5-4d3aa3c86102" testId="64bbd06a-f128-7831-8994-8de215c9a12a" testName="TestRemoveElementAndChildElementsWithOwnerElementMarkedForDeletion" computerName="DKSR-EFI-06" duration="00:00:00.0038443" startTime="2024-01-09T15:43:23.9353770+01:00" endTime="2024-01-09T15:43:23.9510017+01:00" testType="13cdc9d9-ddb5-4fa4-a97d-d965ccfc6d4b" outcome="Passed" testListId="8c84fa94-04c1-424b-9868-57a2d4851a1d" relativeResultsDirectory="9ed1e35d-f473-4ee3-a9d5-4d3aa3c86102" />
    <UnitTestResult executionId="1386a534-cdda-4020-b2b5-350c742d886a" testId="ef8dde0f-8cc7-b5bf-229c-416b59b00ca5" testName="ModifySuppressStatusItem_ModifiesTheExistingItem" computerName="DKSR-EFI-06" duration="00:00:00.0050252" startTime="2024-01-09T15:43:12.3728569+01:00" endTime="2024-01-09T15:43:12.3886400+01:00" testType="13cdc9d9-ddb5-4fa4-a97d-d965ccfc6d4b" outcome="Passed" testListId="8c84fa94-04c1-424b-9868-57a2d4851a1d" relativeResultsDirectory="1386a534-cdda-4020-b2b5-350c742d886a" />
    <UnitTestResult executionId="465e1c5e-17f8-4211-97ed-8e95cd323d3e" testId="74f3dc3e-f6eb-9692-58dc-def99f3951c7" testName="TestRemoveElementAndChildElementsWithTwoParents" computerName="DKSR-EFI-06" duration="00:00:00.0050586" startTime="2024-01-09T15:43:23.9510017+01:00" endTime="2024-01-09T15:43:23.9510017+01:00" testType="13cdc9d9-ddb5-4fa4-a97d-d965ccfc6d4b" outcome="Passed" testListId="8c84fa94-04c1-424b-9868-57a2d4851a1d" relativeResultsDirectory="465e1c5e-17f8-4211-97ed-8e95cd323d3e" />
    <UnitTestResult executionId="0dd70da9-93d2-404e-abd6-3d2c5cd53830" testId="60210042-0b26-379a-0c8f-fc467a31fbf3" testName="TestUpdateElementWithOwnerElement" computerName="DKSR-EFI-06" duration="00:00:00.0071708" startTime="2024-01-09T15:43:23.0760021+01:00" endTime="2024-01-09T15:43:23.0760021+01:00" testType="13cdc9d9-ddb5-4fa4-a97d-d965ccfc6d4b" outcome="Passed" testListId="8c84fa94-04c1-424b-9868-57a2d4851a1d" relativeResultsDirectory="0dd70da9-93d2-404e-abd6-3d2c5cd53830" />
    <UnitTestResult executionId="7f3b56b4-6bbb-44bb-9eb7-a4f14cddd76d" testId="19f97e95-056a-35ca-4658-302b22e30358" testName="GetStatus_ThrowsFaultException_WhenVisualElementStatusIdIsInvalid" computerName="DKSR-EFI-06" duration="00:00:00.0029574" startTime="2024-01-09T15:43:16.5291181+01:00" endTime="2024-01-09T15:43:16.5291181+01:00" testType="13cdc9d9-ddb5-4fa4-a97d-d965ccfc6d4b" outcome="Passed" testListId="8c84fa94-04c1-424b-9868-57a2d4851a1d" relativeResultsDirectory="7f3b56b4-6bbb-44bb-9eb7-a4f14cddd76d" />
    <UnitTestResult executionId="8205316e-6aa7-4b11-92db-c8bbaf85ef33" testId="9cdfec4c-e27e-9bd2-316e-e8b57afc6304" testName="TestGetVisualizationChangesNotAuthenticated" computerName="DKSR-EFI-06" duration="00:00:00.0036189" startTime="2024-01-09T15:43:15.0447402+01:00" endTime="2024-01-09T15:43:15.0447402+01:00" testType="13cdc9d9-ddb5-4fa4-a97d-d965ccfc6d4b" outcome="Passed" testListId="8c84fa94-04c1-424b-9868-57a2d4851a1d" relativeResultsDirectory="8205316e-6aa7-4b11-92db-c8bbaf85ef33" />
    <UnitTestResult executionId="19da5d09-8699-4fea-b8ab-9797f439fc8b" testId="0200c27a-805d-d307-9530-462a9d6d0eeb" testName="TestGetAlarmLines" computerName="DKSR-EFI-06" duration="00:00:00.0052589" startTime="2024-01-09T15:43:19.1072483+01:00" endTime="2024-01-09T15:43:19.1072483+01:00" testType="13cdc9d9-ddb5-4fa4-a97d-d965ccfc6d4b" outcome="Passed" testListId="8c84fa94-04c1-424b-9868-57a2d4851a1d" relativeResultsDirectory="19da5d09-8699-4fea-b8ab-9797f439fc8b" />
    <UnitTestResult executionId="18faf0eb-fbf9-47d7-914d-54145c5721e3" testId="ff4dc26d-11fa-60e5-abe6-ccf02d137214" testName="TestGetAllObjectsOnVisualElementThrowingUnhandledException" computerName="DKSR-EFI-06" duration="00:00:00.0031501" startTime="2024-01-09T15:43:17.9822445+01:00" endTime="2024-01-09T15:43:17.9822445+01:00" testType="13cdc9d9-ddb5-4fa4-a97d-d965ccfc6d4b" outcome="Passed" testListId="8c84fa94-04c1-424b-9868-57a2d4851a1d" relativeResultsDirectory="18faf0eb-fbf9-47d7-914d-54145c5721e3" />
    <UnitTestResult executionId="0a651971-83f6-4640-b8ab-dad85bf61d58" testId="6172f02a-913a-1545-4284-9e6a65047ffb" testName="TestGetObjectThrowingUnhandledException" computerName="DKSR-EFI-06" duration="00:00:00.0036840" startTime="2024-01-09T15:43:16.7009971+01:00" endTime="2024-01-09T15:43:16.7009971+01:00" testType="13cdc9d9-ddb5-4fa4-a97d-d965ccfc6d4b" outcome="Passed" testListId="8c84fa94-04c1-424b-9868-57a2d4851a1d" relativeResultsDirectory="0a651971-83f6-4640-b8ab-dad85bf61d58" />
    <UnitTestResult executionId="71e5542c-9e68-4c9d-9761-536f819150f4" testId="ad27e105-de14-8527-b59a-f7c2adb7eeaf" testName="CreateInstanceReturnsHardwareCommunicationEventWhenInvokedForNotRespondingOnHardwareType" computerName="DKSR-EFI-06" duration="00:00:00.0015748" startTime="2024-01-09T15:43:28.4353789+01:00" endTime="2024-01-09T15:43:28.4353789+01:00" testType="13cdc9d9-ddb5-4fa4-a97d-d965ccfc6d4b" outcome="Passed" testListId="8c84fa94-04c1-424b-9868-57a2d4851a1d" relativeResultsDirectory="71e5542c-9e68-4c9d-9761-536f819150f4" />
    <UnitTestResult executionId="7e1927f4-4480-4e40-a5f9-f90cbabf4965" testId="96470e3a-44b2-f7ef-4c24-c92303ca0636" testName="EventConverter_ConvertBaseItemToBaseEvent_TriggerEvent_Null" computerName="DKSR-EFI-06" duration="00:00:00.0010024" startTime="2024-01-09T15:43:26.5603779+01:00" endTime="2024-01-09T15:43:26.5603779+01:00" testType="13cdc9d9-ddb5-4fa4-a97d-d965ccfc6d4b" outcome="Passed" testListId="8c84fa94-04c1-424b-9868-57a2d4851a1d" relativeResultsDirectory="7e1927f4-4480-4e40-a5f9-f90cbabf4965" />
    <UnitTestResult executionId="59a578d6-7718-4ba7-a2a4-31a8abb6e33d" testId="024a2dec-1dd7-470d-fb1d-18125e661d42" testName="DeleteSuppressStatusItem_DeletesTheExistingItem" computerName="DKSR-EFI-06" duration="00:00:00.0161212" startTime="2024-01-09T15:43:12.3886400+01:00" endTime="2024-01-09T15:43:12.4041085+01:00" testType="13cdc9d9-ddb5-4fa4-a97d-d965ccfc6d4b" outcome="Passed" testListId="8c84fa94-04c1-424b-9868-57a2d4851a1d" relativeResultsDirectory="59a578d6-7718-4ba7-a2a4-31a8abb6e33d" />
    <UnitTestResult executionId="4d81371f-e853-49c1-9098-78dfb21b4d03" testId="525e8c69-505e-49e8-6928-10b9d0650e38" testName="TestLiveCacheWithSaved" computerName="DKSR-EFI-06" duration="00:00:00.0066480" startTime="2024-01-09T15:43:13.6541118+01:00" endTime="2024-01-09T15:43:13.6697399+01:00" testType="13cdc9d9-ddb5-4fa4-a97d-d965ccfc6d4b" outcome="Passed" testListId="8c84fa94-04c1-424b-9868-57a2d4851a1d" relativeResultsDirectory="4d81371f-e853-49c1-9098-78dfb21b4d03" />
    <UnitTestResult executionId="3cff5c25-9f36-4b63-8ca3-62c2a45a3144" testId="6d906e57-720b-055b-9fb4-621cc72c2f6e" testName="TestXmlValidNone" computerName="DKSR-EFI-06" duration="00:00:00.0550254" startTime="2024-01-09T15:43:08.9665966+01:00" endTime="2024-01-09T15:43:09.0134759+01:00" testType="13cdc9d9-ddb5-4fa4-a97d-d965ccfc6d4b" outcome="Passed" testListId="8c84fa94-04c1-424b-9868-57a2d4851a1d" relativeResultsDirectory="3cff5c25-9f36-4b63-8ca3-62c2a45a3144" />
    <UnitTestResult executionId="34ab8e26-e7e1-481a-a6d1-bffc8903479a" testId="a211a97a-d25d-ebb4-1503-0b4189d0cff0" testName="TestCheckAuthorizationWithNullUserId" computerName="DKSR-EFI-06" duration="00:00:00.0017926" startTime="2024-01-09T15:43:27.2166260+01:00" endTime="2024-01-09T15:43:27.2322525+01:00" testType="13cdc9d9-ddb5-4fa4-a97d-d965ccfc6d4b" outcome="Passed" testListId="8c84fa94-04c1-424b-9868-57a2d4851a1d" relativeResultsDirectory="34ab8e26-e7e1-481a-a6d1-bffc8903479a" />
    <UnitTestResult executionId="47e7c72b-e51f-4e92-9869-f30b9029a139" testId="d2cda2a3-f6b2-77c1-c33f-4505bd31bf6f" testName="TestGetStatusTreeStructureWithComplexCyclicRelationWithMultipleRoots" computerName="DKSR-EFI-06" duration="00:00:00.0252795" startTime="2024-01-09T15:43:21.4978738+01:00" endTime="2024-01-09T15:43:21.5291239+01:00" testType="13cdc9d9-ddb5-4fa4-a97d-d965ccfc6d4b" outcome="Passed" testListId="8c84fa94-04c1-424b-9868-57a2d4851a1d" relativeResultsDirectory="47e7c72b-e51f-4e92-9869-f30b9029a139" />
    <UnitTestResult executionId="23213f70-1496-4159-ad3a-217b8a5664e3" testId="0a16f143-4e6b-d096-b579-37174a4e4dd1" testName="TestUpdateObjectThrowingUnhandledException" computerName="DKSR-EFI-06" duration="00:00:00.0029541" startTime="2024-01-09T15:43:16.6541177+01:00" endTime="2024-01-09T15:43:16.6697445+01:00" testType="13cdc9d9-ddb5-4fa4-a97d-d965ccfc6d4b" outcome="Passed" testListId="8c84fa94-04c1-424b-9868-57a2d4851a1d" relativeResultsDirectory="23213f70-1496-4159-ad3a-217b8a5664e3" />
    <UnitTestResult executionId="dd4d616e-eb5e-4e70-b250-7ef97845f9de" testId="e187a4f8-2a0c-b2fa-65de-ffb89c00cd52" testName="TestUpdateElementBoundsWithNonExistingVisualOwnerId" computerName="DKSR-EFI-06" duration="00:00:00.0027750" startTime="2024-01-09T15:43:22.1697489+01:00" endTime="2024-01-09T15:43:22.1853751+01:00" testType="13cdc9d9-ddb5-4fa4-a97d-d965ccfc6d4b" outcome="Passed" testListId="8c84fa94-04c1-424b-9868-57a2d4851a1d" relativeResultsDirectory="dd4d616e-eb5e-4e70-b250-7ef97845f9de" />
    <UnitTestResult executionId="65b750bf-da33-40ca-9f3b-e00842c5bff8" testId="8189793c-3d2c-2ced-546e-72d22af14373" testName="WhenAlarmSearchCriteriaWithNoValuesThenEmptyString" computerName="DKSR-EFI-06" duration="00:00:00.0002364" startTime="2024-01-09T15:43:26.3572522+01:00" endTime="2024-01-09T15:43:26.3572522+01:00" testType="13cdc9d9-ddb5-4fa4-a97d-d965ccfc6d4b" outcome="Passed" testListId="8c84fa94-04c1-424b-9868-57a2d4851a1d" relativeResultsDirectory="65b750bf-da33-40ca-9f3b-e00842c5bff8" />
    <UnitTestResult executionId="ea977155-f923-45d1-9d1a-a14800702a8d" testId="434456dd-83b8-b9ef-a9e7-a51b85b3e467" testName="TestGetXMLWithNullVariables" computerName="DKSR-EFI-06" duration="00:00:00.0001933" startTime="2024-01-09T15:43:25.1541328+01:00" endTime="2024-01-09T15:43:25.1541328+01:00" testType="13cdc9d9-ddb5-4fa4-a97d-d965ccfc6d4b" outcome="Passed" testListId="8c84fa94-04c1-424b-9868-57a2d4851a1d" relativeResultsDirectory="ea977155-f923-45d1-9d1a-a14800702a8d" />
    <UnitTestResult executionId="7622efbc-6e00-43f8-aa73-9f6973f2cdfa" testId="11e78819-fe5c-ec19-1720-48ee202cc5c0" testName="WebServiceTest_CreateServiceThrottlingBehavior" computerName="DKSR-EFI-06" duration="00:00:00.0018981" startTime="2024-01-09T15:43:26.1697529+01:00" endTime="2024-01-09T15:43:26.1853761+01:00" testType="13cdc9d9-ddb5-4fa4-a97d-d965ccfc6d4b" outcome="Passed" testListId="8c84fa94-04c1-424b-9868-57a2d4851a1d" relativeResultsDirectory="7622efbc-6e00-43f8-aa73-9f6973f2cdfa" />
    <UnitTestResult executionId="7069fd1b-0226-463a-ac0e-3497ae0b0765" testId="bad3960a-f0bc-6413-1aed-72f207099ded" testName="TestDeleteObjectsThrowingUnhandledException" computerName="DKSR-EFI-06" duration="00:00:00.0034536" startTime="2024-01-09T15:43:17.5603694+01:00" endTime="2024-01-09T15:43:17.5603694+01:00" testType="13cdc9d9-ddb5-4fa4-a97d-d965ccfc6d4b" outcome="Passed" testListId="8c84fa94-04c1-424b-9868-57a2d4851a1d" relativeResultsDirectory="7069fd1b-0226-463a-ac0e-3497ae0b0765" />
    <UnitTestResult executionId="962c1f11-6690-41b1-92ca-d4e61717b8d4" testId="61a27669-aede-ff1b-28bc-1b1d2d61e91a" testName="TestNameWithNoMapPlugInType" computerName="DKSR-EFI-06" duration="00:00:00.0001691" startTime="2024-01-09T15:43:20.3884995+01:00" endTime="2024-01-09T15:43:20.3884995+01:00" testType="13cdc9d9-ddb5-4fa4-a97d-d965ccfc6d4b" outcome="Passed" testListId="8c84fa94-04c1-424b-9868-57a2d4851a1d" relativeResultsDirectory="962c1f11-6690-41b1-92ca-d4e61717b8d4" />
    <UnitTestResult executionId="83496a09-aa34-40db-8ad4-960ef84bf439" testId="b1eb2d95-e380-1f2c-cbad-d734829ebaa6" testName="TypeAndCounterStateToEventId_ReturnsCorrectId_OnTypeAndState" computerName="DKSR-EFI-06" duration="00:00:00.0026359" startTime="2024-01-09T15:43:28.7013169+01:00" endTime="2024-01-09T15:43:28.7166295+01:00" testType="13cdc9d9-ddb5-4fa4-a97d-d965ccfc6d4b" outcome="Passed" testListId="8c84fa94-04c1-424b-9868-57a2d4851a1d" relativeResultsDirectory="83496a09-aa34-40db-8ad4-960ef84bf439" />
    <UnitTestResult executionId="250d6597-adc3-4f9c-a9af-fe294e7b45be" testId="845e5fbe-92b7-e46f-a315-3d08b137ca3c" testName="TestUpdateElementDisplayXmlWithOldTimestampAndForce" computerName="DKSR-EFI-06" duration="00:00:00.0023840" startTime="2024-01-09T15:43:22.2478761+01:00" endTime="2024-01-09T15:43:22.2478761+01:00" testType="13cdc9d9-ddb5-4fa4-a97d-d965ccfc6d4b" outcome="Passed" testListId="8c84fa94-04c1-424b-9868-57a2d4851a1d" relativeResultsDirectory="250d6597-adc3-4f9c-a9af-fe294e7b45be" />
    <UnitTestResult executionId="b041ecd1-8435-431d-b137-de7f4c2255d5" testId="4c1d0938-3401-b57b-6c6c-32b736f641d4" testName="TestDescriptionWithNoMapPlugInType" computerName="DKSR-EFI-06" duration="00:00:00.0001637" startTime="2024-01-09T15:43:20.3884995+01:00" endTime="2024-01-09T15:43:20.3884995+01:00" testType="13cdc9d9-ddb5-4fa4-a97d-d965ccfc6d4b" outcome="Passed" testListId="8c84fa94-04c1-424b-9868-57a2d4851a1d" relativeResultsDirectory="b041ecd1-8435-431d-b137-de7f4c2255d5" />
    <UnitTestResult executionId="45c5a00a-e406-4184-a40f-f5b653a73037" testId="402c8357-a508-a28e-f400-8cfa63df3da3" testName="GetAllObjectsOfType_FromRoot" computerName="DKSR-EFI-06" duration="00:00:00.0060586" startTime="2024-01-09T15:43:17.9041212+01:00" endTime="2024-01-09T15:43:17.9197461+01:00" testType="13cdc9d9-ddb5-4fa4-a97d-d965ccfc6d4b" outcome="Passed" testListId="8c84fa94-04c1-424b-9868-57a2d4851a1d" relativeResultsDirectory="45c5a00a-e406-4184-a40f-f5b653a73037" />
    <UnitTestResult executionId="3aca77d2-ae28-4069-a3a2-8f092e29d445" testId="ece6411b-94b9-4bfb-061f-a3a9c5698468" testName="TestGetStatistics" computerName="DKSR-EFI-06" duration="00:00:00.0057733" startTime="2024-01-09T15:43:19.1228728+01:00" endTime="2024-01-09T15:43:19.1228728+01:00" testType="13cdc9d9-ddb5-4fa4-a97d-d965ccfc6d4b" outcome="Passed" testListId="8c84fa94-04c1-424b-9868-57a2d4851a1d" relativeResultsDirectory="3aca77d2-ae28-4069-a3a2-8f092e29d445" />
    <UnitTestResult executionId="d6b7c3e6-6b40-441f-bde0-ab389c5b6e19" testId="d80ebf43-6acb-a308-6cff-a125c5f66c12" testName="TestInsertElementWithTwoRelationsOnSameParentCausingCyclicTree" computerName="DKSR-EFI-06" duration="00:00:00.0126944" startTime="2024-01-09T15:43:22.7322503+01:00" endTime="2024-01-09T15:43:22.7478745+01:00" testType="13cdc9d9-ddb5-4fa4-a97d-d965ccfc6d4b" outcome="Passed" testListId="8c84fa94-04c1-424b-9868-57a2d4851a1d" relativeResultsDirectory="d6b7c3e6-6b40-441f-bde0-ab389c5b6e19" />
    <UnitTestResult executionId="573683e7-5236-4b12-a429-5b3d28f871e0" testId="65a8332d-4352-8dbc-8434-d77dc0a1f9da" testName="TestCopyObject" computerName="DKSR-EFI-06" duration="00:00:00.0014819" startTime="2024-01-09T15:43:25.5447519+01:00" endTime="2024-01-09T15:43:25.5447519+01:00" testType="13cdc9d9-ddb5-4fa4-a97d-d965ccfc6d4b" outcome="Passed" testListId="8c84fa94-04c1-424b-9868-57a2d4851a1d" relativeResultsDirectory="573683e7-5236-4b12-a429-5b3d28f871e0" />
    <UnitTestResult executionId="f1b4eba8-a875-483f-a632-5623009dbd89" testId="14b24c83-afb1-1fe1-ea5d-17b496ea31a4" testName="TestClose" computerName="DKSR-EFI-06" duration="00:00:00.1332927" startTime="2024-01-09T15:43:19.5759968+01:00" endTime="2024-01-09T15:43:19.7166225+01:00" testType="13cdc9d9-ddb5-4fa4-a97d-d965ccfc6d4b" outcome="Passed" testListId="8c84fa94-04c1-424b-9868-57a2d4851a1d" relativeResultsDirectory="f1b4eba8-a875-483f-a632-5623009dbd89" />
    <UnitTestResult executionId="8747ee31-2474-4cef-be3e-8e62c696f6ea" testId="e3262ca2-b92e-9142-2017-e6fceeb13397" testName="GetEventTypesTest" computerName="DKSR-EFI-06" duration="00:00:00.0259291" startTime="2024-01-09T15:43:30.5760037+01:00" endTime="2024-01-09T15:43:30.6072544+01:00" testType="13cdc9d9-ddb5-4fa4-a97d-d965ccfc6d4b" outcome="Passed" testListId="8c84fa94-04c1-424b-9868-57a2d4851a1d" relativeResultsDirectory="8747ee31-2474-4cef-be3e-8e62c696f6ea" />
    <UnitTestResult executionId="a3be7058-445e-44b8-b2e4-a579899d8deb" testId="d7b00472-0a8a-5b5d-fde7-8844bced6ccf" testName="TestToVisualElementWithAllVariables" computerName="DKSR-EFI-06" duration="00:00:00.0090446" startTime="2024-01-09T15:43:25.3103759+01:00" endTime="2024-01-09T15:43:25.3260011+01:00" testType="13cdc9d9-ddb5-4fa4-a97d-d965ccfc6d4b" outcome="Passed" testListId="8c84fa94-04c1-424b-9868-57a2d4851a1d" relativeResultsDirectory="a3be7058-445e-44b8-b2e4-a579899d8deb" />
    <UnitTestResult executionId="e5d341ff-c1e9-43a2-8a67-5e5a64dfe812" testId="7604a55a-e5b6-44c6-1689-a2eeb42596ff" testName="TestGetStatusDetailsWithInvalidCamera" computerName="DKSR-EFI-06" duration="00:00:00.0070863" startTime="2024-01-09T15:43:24.5447511+01:00" endTime="2024-01-09T15:43:24.5447511+01:00" testType="13cdc9d9-ddb5-4fa4-a97d-d965ccfc6d4b" outcome="Passed" testListId="8c84fa94-04c1-424b-9868-57a2d4851a1d" relativeResultsDirectory="e5d341ff-c1e9-43a2-8a67-5e5a64dfe812" />
    <UnitTestResult executionId="2221ed77-6a10-482d-b7a5-dc3a75eef9ba" testId="fb6f9dd8-5e05-63fd-042e-9b13a815a54e" testName="TestUpdateAlarmException" computerName="DKSR-EFI-06" duration="00:00:00.0066631" startTime="2024-01-09T15:43:19.0603728+01:00" endTime="2024-01-09T15:43:19.0759980+01:00" testType="13cdc9d9-ddb5-4fa4-a97d-d965ccfc6d4b" outcome="Passed" testListId="8c84fa94-04c1-424b-9868-57a2d4851a1d" relativeResultsDirectory="2221ed77-6a10-482d-b7a5-dc3a75eef9ba" />
    <UnitTestResult executionId="22ea5d80-8848-414d-98b4-b85c0fda8783" testId="4880dc0a-6935-afb4-9835-91322ae59472" testName="TestInsertElementWithOwnerElement" computerName="DKSR-EFI-06" duration="00:00:00.0144410" startTime="2024-01-09T15:43:22.7009989+01:00" endTime="2024-01-09T15:43:22.7166241+01:00" testType="13cdc9d9-ddb5-4fa4-a97d-d965ccfc6d4b" outcome="Passed" testListId="8c84fa94-04c1-424b-9868-57a2d4851a1d" relativeResultsDirectory="22ea5d80-8848-414d-98b4-b85c0fda8783" />
    <UnitTestResult executionId="e3534b83-6e55-4db2-bfe8-5632cb7a8e4c" testId="46a4af85-2565-af66-9c4c-361ffcee9620" testName="TestAcknowledgeMultipleAlarmsInvalidToken" computerName="DKSR-EFI-06" duration="00:00:00.0034734" startTime="2024-01-09T15:43:18.9353725+01:00" endTime="2024-01-09T15:43:18.9353725+01:00" testType="13cdc9d9-ddb5-4fa4-a97d-d965ccfc6d4b" outcome="Passed" testListId="8c84fa94-04c1-424b-9868-57a2d4851a1d" relativeResultsDirectory="e3534b83-6e55-4db2-bfe8-5632cb7a8e4c" />
    <UnitTestResult executionId="a641f8ea-70a3-403c-889f-e6ff5ff83de0" testId="8def1c76-4750-471b-e1ce-7655d670ef5f" testName="GetAllKinds_ShouldReturnCorrectKinds_WithDuplicateMembers" computerName="DKSR-EFI-06" duration="00:00:00.0006400" startTime="2024-01-09T15:43:27.5916285+01:00" endTime="2024-01-09T15:43:27.5916285+01:00" testType="13cdc9d9-ddb5-4fa4-a97d-d965ccfc6d4b" outcome="Passed" testListId="8c84fa94-04c1-424b-9868-57a2d4851a1d" relativeResultsDirectory="a641f8ea-70a3-403c-889f-e6ff5ff83de0" />
    <UnitTestResult executionId="4b38eef3-ae26-4a9d-b141-d05703622d38" testId="ae3b7ea3-5adc-531c-4b40-daea74d6b041" testName="TestUpdateElementsWithOldTimestamp" computerName="DKSR-EFI-06" duration="00:00:00.0079339" startTime="2024-01-09T15:43:23.1853761+01:00" endTime="2024-01-09T15:43:23.1853761+01:00" testType="13cdc9d9-ddb5-4fa4-a97d-d965ccfc6d4b" outcome="Passed" testListId="8c84fa94-04c1-424b-9868-57a2d4851a1d" relativeResultsDirectory="4b38eef3-ae26-4a9d-b141-d05703622d38" />
    <UnitTestResult executionId="d366a9eb-1944-4f42-a36a-7144ef579723" testId="31121f38-47e5-338b-c330-5f8a9fb87bdf" testName="CreateObject_WithValidParameters" computerName="DKSR-EFI-06" duration="00:00:00.0081065" startTime="2024-01-09T15:43:17.7322448+01:00" endTime="2024-01-09T15:43:17.7478696+01:00" testType="13cdc9d9-ddb5-4fa4-a97d-d965ccfc6d4b" outcome="Passed" testListId="8c84fa94-04c1-424b-9868-57a2d4851a1d" relativeResultsDirectory="d366a9eb-1944-4f42-a36a-7144ef579723" />
    <UnitTestResult executionId="ef7ad6ad-e4c3-49bc-8932-6ce6b5a02a3c" testId="36f49d40-731c-4878-92ee-cc3991d48dcd" testName="TestTimestampGetSet" computerName="DKSR-EFI-06" duration="00:00:00.0023042" startTime="2024-01-09T15:43:25.3885026+01:00" endTime="2024-01-09T15:43:25.3885026+01:00" testType="13cdc9d9-ddb5-4fa4-a97d-d965ccfc6d4b" outcome="Passed" testListId="8c84fa94-04c1-424b-9868-57a2d4851a1d" relativeResultsDirectory="ef7ad6ad-e4c3-49bc-8932-6ce6b5a02a3c" />
    <UnitTestResult executionId="d0c75294-9af4-42ae-b1cf-fd28805a0037" testId="99543fcc-f796-6f95-3612-f5fd1fdfb5f7" testName="TestGetElementWithValidIdAndOwnerId" computerName="DKSR-EFI-06" duration="00:00:00.0135569" startTime="2024-01-09T15:43:23.2322509+01:00" endTime="2024-01-09T15:43:23.2478749+01:00" testType="13cdc9d9-ddb5-4fa4-a97d-d965ccfc6d4b" outcome="Passed" testListId="8c84fa94-04c1-424b-9868-57a2d4851a1d" relativeResultsDirectory="d0c75294-9af4-42ae-b1cf-fd28805a0037" />
    <UnitTestResult executionId="caccb123-f903-46b2-87c1-1e838ae62b05" testId="6f6d8299-aebe-4419-b1c6-5d039f069125" testName="TestSetVisualization" computerName="DKSR-EFI-06" duration="00:00:00.0037923" startTime="2024-01-09T15:43:15.7478655+01:00" endTime="2024-01-09T15:43:15.7478655+01:00" testType="13cdc9d9-ddb5-4fa4-a97d-d965ccfc6d4b" outcome="Passed" testListId="8c84fa94-04c1-424b-9868-57a2d4851a1d" relativeResultsDirectory="caccb123-f903-46b2-87c1-1e838ae62b05" />
    <UnitTestResult executionId="8f984adb-bc61-4b73-b3c9-94a54d4624bc" testId="a6d96280-b9e6-2010-bfdf-776efe0eaf5c" testName="TestItemUpdatedWithNullValue" computerName="DKSR-EFI-06" duration="00:00:00.0007059" startTime="2024-01-09T15:43:20.4353740+01:00" endTime="2024-01-09T15:43:20.4510010+01:00" testType="13cdc9d9-ddb5-4fa4-a97d-d965ccfc6d4b" outcome="Passed" testListId="8c84fa94-04c1-424b-9868-57a2d4851a1d" relativeResultsDirectory="8f984adb-bc61-4b73-b3c9-94a54d4624bc" />
    <UnitTestResult executionId="72359a53-7eb6-4729-b9d3-953182176945" testId="da90b5b7-436f-4d9a-21a8-393e3267f2dd" testName="EventIdListTest_GetInstance_Success" computerName="DKSR-EFI-06" duration="00:00:00.0001313" startTime="2024-01-09T15:43:28.0603778+01:00" endTime="2024-01-09T15:43:28.0603778+01:00" testType="13cdc9d9-ddb5-4fa4-a97d-d965ccfc6d4b" outcome="Passed" testListId="8c84fa94-04c1-424b-9868-57a2d4851a1d" relativeResultsDirectory="72359a53-7eb6-4729-b9d3-953182176945" />
    <UnitTestResult executionId="5e1ce80c-4c5e-4d3d-a578-96b7ecfd9361" testId="d8e0dc59-890c-1772-2405-bbda13b7b2e5" testName="TestConstructor" computerName="DKSR-EFI-06" duration="00:00:00.0024597" startTime="2024-01-09T15:43:25.6697505+01:00" endTime="2024-01-09T15:43:25.6697505+01:00" testType="13cdc9d9-ddb5-4fa4-a97d-d965ccfc6d4b" outcome="Passed" testListId="8c84fa94-04c1-424b-9868-57a2d4851a1d" relativeResultsDirectory="5e1ce80c-4c5e-4d3d-a578-96b7ecfd9361" />
    <UnitTestResult executionId="fb4ce709-11d8-4aae-aaef-bf715215d546" testId="d93362b3-8c38-1941-c800-0783eedde6f7" testName="TestGetVisualizationChangesWithNegativeTimeout" computerName="DKSR-EFI-06" duration="00:00:00.0043847" startTime="2024-01-09T15:43:15.7791171+01:00" endTime="2024-01-09T15:43:15.7791171+01:00" testType="13cdc9d9-ddb5-4fa4-a97d-d965ccfc6d4b" outcome="Passed" testListId="8c84fa94-04c1-424b-9868-57a2d4851a1d" relativeResultsDirectory="fb4ce709-11d8-4aae-aaef-bf715215d546" />
    <UnitTestResult executionId="29bf203e-ea50-416d-9fdc-ec0781d47658" testId="6e5746df-a7d7-6d61-bc75-42a7a684ac36" testName="TestUpdateElementNameWithOldTimestampAndForce" computerName="DKSR-EFI-06" duration="00:00:00.0249923" startTime="2024-01-09T15:43:22.1384985+01:00" endTime="2024-01-09T15:43:22.1697489+01:00" testType="13cdc9d9-ddb5-4fa4-a97d-d965ccfc6d4b" outcome="Passed" testListId="8c84fa94-04c1-424b-9868-57a2d4851a1d" relativeResultsDirectory="29bf203e-ea50-416d-9fdc-ec0781d47658" />
    <UnitTestResult executionId="ca5575d4-7102-47e8-b35b-ffbe8baeb2de" testId="2f6d1302-17e2-6a1b-218f-11f673266c76" testName="Constructor_ShouldThrowArgumentNullException_WhenAuditLoggerIsNull" computerName="DKSR-EFI-06" duration="00:00:00.0168889" startTime="2024-01-09T15:43:28.4510033+01:00" endTime="2024-01-09T15:43:28.4666285+01:00" testType="13cdc9d9-ddb5-4fa4-a97d-d965ccfc6d4b" outcome="Passed" testListId="8c84fa94-04c1-424b-9868-57a2d4851a1d" relativeResultsDirectory="ca5575d4-7102-47e8-b35b-ffbe8baeb2de" />
    <UnitTestResult executionId="a8157b57-7247-4651-a7c1-59b6d707d7a2" testId="6a8b8b1f-8fe2-95b2-8383-ea8749de5b7d" testName="TestUpdate" computerName="DKSR-EFI-06" duration="00:00:00.0013721" startTime="2024-01-09T15:43:25.5135016+01:00" endTime="2024-01-09T15:43:25.5135016+01:00" testType="13cdc9d9-ddb5-4fa4-a97d-d965ccfc6d4b" outcome="Passed" testListId="8c84fa94-04c1-424b-9868-57a2d4851a1d" relativeResultsDirectory="a8157b57-7247-4651-a7c1-59b6d707d7a2" />
    <UnitTestResult executionId="a48ee92f-b215-481a-9e11-8d2001067d68" testId="21990b8b-1291-e060-3e80-5b7f3edc09e2" testName="WebServiceTest_CreateWsHTTPBindingSecurityModeMessage" computerName="DKSR-EFI-06" duration="00:00:00.1156071" startTime="2024-01-09T15:43:26.0447521+01:00" endTime="2024-01-09T15:43:26.1697529+01:00" testType="13cdc9d9-ddb5-4fa4-a97d-d965ccfc6d4b" outcome="Passed" testListId="8c84fa94-04c1-424b-9868-57a2d4851a1d" relativeResultsDirectory="a48ee92f-b215-481a-9e11-8d2001067d68" />
    <UnitTestResult executionId="717f6918-60bc-4e49-bf89-0b25eaf19a7e" testId="33e5b36f-9681-2521-0d54-c62aebce6bce" testName="TestUpdateObjectsWithServerIDInVisualOwnerID" computerName="DKSR-EFI-06" duration="00:00:00.0026181" startTime="2024-01-09T15:43:17.8572454+01:00" endTime="2024-01-09T15:43:17.8572454+01:00" testType="13cdc9d9-ddb5-4fa4-a97d-d965ccfc6d4b" outcome="Passed" testListId="8c84fa94-04c1-424b-9868-57a2d4851a1d" relativeResultsDirectory="717f6918-60bc-4e49-bf89-0b25eaf19a7e" />
    <UnitTestResult executionId="a8771d22-67f3-42ec-b3b8-67332ea5e945" testId="64f18a27-c96f-411e-32ee-ee222b9e690a" testName="TestChildTimestampGetSet" computerName="DKSR-EFI-06" duration="00:00:00.0020363" startTime="2024-01-09T15:43:25.4041265+01:00" endTime="2024-01-09T15:43:25.4041265+01:00" testType="13cdc9d9-ddb5-4fa4-a97d-d965ccfc6d4b" outcome="Passed" testListId="8c84fa94-04c1-424b-9868-57a2d4851a1d" relativeResultsDirectory="a8771d22-67f3-42ec-b3b8-67332ea5e945" />
    <UnitTestResult executionId="66adbb8b-0de4-4eae-813e-f5b2bdf8bfda" testId="6b9ac42a-dd9e-2635-2a10-cde6123b9e84" testName="GetStatus_WithNullStatus" computerName="DKSR-EFI-06" duration="00:00:00.0020293" startTime="2024-01-09T15:43:16.5134933+01:00" endTime="2024-01-09T15:43:16.5134933+01:00" testType="13cdc9d9-ddb5-4fa4-a97d-d965ccfc6d4b" outcome="Passed" testListId="8c84fa94-04c1-424b-9868-57a2d4851a1d" relativeResultsDirectory="66adbb8b-0de4-4eae-813e-f5b2bdf8bfda" />
    <UnitTestResult executionId="10da9c39-d0ae-4480-9e11-bf7f4f1a84b1" testId="28c920d3-d830-b6bf-033e-73fe208d66d5" testName="TestCreateObjectsNotAuthenticated" computerName="DKSR-EFI-06" duration="00:00:00.0017779" startTime="2024-01-09T15:43:17.3103713+01:00" endTime="2024-01-09T15:43:17.3103713+01:00" testType="13cdc9d9-ddb5-4fa4-a97d-d965ccfc6d4b" outcome="Passed" testListId="8c84fa94-04c1-424b-9868-57a2d4851a1d" relativeResultsDirectory="10da9c39-d0ae-4480-9e11-bf7f4f1a84b1" />
    <UnitTestResult executionId="dd469dc2-fe2e-4526-8065-503ca237f5b3" testId="538d15af-d60d-120f-62fb-8e6efc0bc2dc" testName="TestLoadConfigurationWithRelationToDifferentServer" computerName="DKSR-EFI-06" duration="00:00:00.0135628" startTime="2024-01-09T15:43:20.7947486+01:00" endTime="2024-01-09T15:43:20.8103740+01:00" testType="13cdc9d9-ddb5-4fa4-a97d-d965ccfc6d4b" outcome="Passed" testListId="8c84fa94-04c1-424b-9868-57a2d4851a1d" relativeResultsDirectory="dd469dc2-fe2e-4526-8065-503ca237f5b3" />
    <UnitTestResult executionId="b9728c3b-241e-429c-a7d2-b8f3402ef170" testId="b2881d3b-eee1-9890-c856-d64e53b3cb2a" testName="TestUpdateStateSnooze" computerName="DKSR-EFI-06" duration="00:00:00.0045141" startTime="2024-01-09T15:43:24.6541264+01:00" endTime="2024-01-09T15:43:24.6541264+01:00" testType="13cdc9d9-ddb5-4fa4-a97d-d965ccfc6d4b" outcome="Passed" testListId="8c84fa94-04c1-424b-9868-57a2d4851a1d" relativeResultsDirectory="b9728c3b-241e-429c-a7d2-b8f3402ef170" />
    <UnitTestResult executionId="3d0d8db3-35b7-49e1-ad49-1de546e3f39d" testId="327b61fc-9460-6e80-0bab-087f3285986c" testName="TestGetInvalidToken" computerName="DKSR-EFI-06" duration="00:00:00.0063821" startTime="2024-01-09T15:43:18.7322470+01:00" endTime="2024-01-09T15:43:18.7478723+01:00" testType="13cdc9d9-ddb5-4fa4-a97d-d965ccfc6d4b" outcome="Passed" testListId="8c84fa94-04c1-424b-9868-57a2d4851a1d" relativeResultsDirectory="3d0d8db3-35b7-49e1-ad49-1de546e3f39d" />
    <UnitTestResult executionId="c5cd448b-38a1-4e24-908b-443957c7933a" testId="9186e825-8e3d-f413-3e31-cf412d7a879d" testName="TestGetPlugInsAccessControl" computerName="DKSR-EFI-06" duration="00:00:00.0333915" startTime="2024-01-09T15:43:19.7791234+01:00" endTime="2024-01-09T15:43:19.8103731+01:00" testType="13cdc9d9-ddb5-4fa4-a97d-d965ccfc6d4b" outcome="Passed" testListId="8c84fa94-04c1-424b-9868-57a2d4851a1d" relativeResultsDirectory="c5cd448b-38a1-4e24-908b-443957c7933a" />
    <UnitTestResult executionId="d9841dcb-22e2-4c6f-8e37-7755c22b9cb3" testId="c00ddb48-ce5a-3261-6ffe-29ad17eb5019" testName="TestLoadXMLWithNoName" computerName="DKSR-EFI-06" duration="00:00:00.0005844" startTime="2024-01-09T15:43:24.3416264+01:00" endTime="2024-01-09T15:43:24.3416264+01:00" testType="13cdc9d9-ddb5-4fa4-a97d-d965ccfc6d4b" outcome="Passed" testListId="8c84fa94-04c1-424b-9868-57a2d4851a1d" relativeResultsDirectory="d9841dcb-22e2-4c6f-8e37-7755c22b9cb3" />
    <UnitTestResult executionId="94b90fa7-d8fe-41d1-af21-03058c7ef91c" testId="be8abf47-2092-779c-6ec7-090c9691bc5e" testName="TestInsertElementsWithTwoElementsWithSameRelationIdButOnOnADifferentServer" computerName="DKSR-EFI-06" duration="00:00:00.0130180" startTime="2024-01-09T15:43:22.9510011+01:00" endTime="2024-01-09T15:43:22.9510011+01:00" testType="13cdc9d9-ddb5-4fa4-a97d-d965ccfc6d4b" outcome="Passed" testListId="8c84fa94-04c1-424b-9868-57a2d4851a1d" relativeResultsDirectory="94b90fa7-d8fe-41d1-af21-03058c7ef91c" />
    <UnitTestResult executionId="e9e958e1-2b64-4473-9e71-951b64e7faca" testId="ecd41b4b-be5f-ac5a-522b-5bb4188712e6" testName="TestGetAllObjectsOfTypeWithValidParameters" computerName="DKSR-EFI-06" duration="00:00:00.0060705" startTime="2024-01-09T15:43:17.4353695+01:00" endTime="2024-01-09T15:43:17.4509947+01:00" testType="13cdc9d9-ddb5-4fa4-a97d-d965ccfc6d4b" outcome="Passed" testListId="8c84fa94-04c1-424b-9868-57a2d4851a1d" relativeResultsDirectory="e9e958e1-2b64-4473-9e71-951b64e7faca" />
    <UnitTestResult executionId="f29bd63b-be2e-4cf2-8555-3d36061d245c" testId="e36b2e0a-f623-eba1-545b-39729ad80b2e" testName="TestGetStatusWithInsufficientRights" computerName="DKSR-EFI-06" duration="00:00:00.0046438" startTime="2024-01-09T15:43:21.4041244+01:00" endTime="2024-01-09T15:43:21.4041244+01:00" testType="13cdc9d9-ddb5-4fa4-a97d-d965ccfc6d4b" outcome="Passed" testListId="8c84fa94-04c1-424b-9868-57a2d4851a1d" relativeResultsDirectory="f29bd63b-be2e-4cf2-8555-3d36061d245c" />
    <UnitTestResult executionId="9c05ec4e-c126-4fc1-a1aa-ed9e106455f1" testId="f9baa831-faa8-ccad-2531-d59c2b1e5b17" testName="TestCacheCleanupSingleSessionSingleUserIdTouch" computerName="DKSR-EFI-06" duration="00:00:00.0024201" startTime="2024-01-09T15:43:27.0291276+01:00" endTime="2024-01-09T15:43:27.0291276+01:00" testType="13cdc9d9-ddb5-4fa4-a97d-d965ccfc6d4b" outcome="Passed" testListId="8c84fa94-04c1-424b-9868-57a2d4851a1d" relativeResultsDirectory="9c05ec4e-c126-4fc1-a1aa-ed9e106455f1" />
    <UnitTestResult executionId="47d72522-931b-4c7a-a197-e092abaa80a7" testId="800bfdb8-0f47-9c76-16ae-22d1c02e0f34" testName="TestLoadXMLWithAllCorrectValues" computerName="DKSR-EFI-06" duration="00:00:00.0016764" startTime="2024-01-09T15:43:25.1385021+01:00" endTime="2024-01-09T15:43:25.1385021+01:00" testType="13cdc9d9-ddb5-4fa4-a97d-d965ccfc6d4b" outcome="Passed" testListId="8c84fa94-04c1-424b-9868-57a2d4851a1d" relativeResultsDirectory="47d72522-931b-4c7a-a197-e092abaa80a7" />
    <UnitTestResult executionId="4b2c6fa6-bbf3-4215-8e9d-dadedb1c7b00" testId="1d0f1860-0023-b37e-c27f-76f745de67fa" testName="TestGetStatusVirtualServersWithServerNotOnMapInError" computerName="DKSR-EFI-06" duration="00:00:00.0764778" startTime="2024-01-09T15:43:21.2634987+01:00" endTime="2024-01-09T15:43:21.3416248+01:00" testType="13cdc9d9-ddb5-4fa4-a97d-d965ccfc6d4b" outcome="Passed" testListId="8c84fa94-04c1-424b-9868-57a2d4851a1d" relativeResultsDirectory="4b2c6fa6-bbf3-4215-8e9d-dadedb1c7b00" />
    <UnitTestResult executionId="e6d53737-f27e-49f8-b3e3-cc407ad08f41" testId="5d01de28-e6ae-6c22-5c91-d0c7d12338e3" testName="TestGetStatusForAllObjectsOfTypeWithElementOnDifferentServer" computerName="DKSR-EFI-06" duration="00:00:00.0080108" startTime="2024-01-09T15:43:22.0447510+01:00" endTime="2024-01-09T15:43:22.0447510+01:00" testType="13cdc9d9-ddb5-4fa4-a97d-d965ccfc6d4b" outcome="Passed" testListId="8c84fa94-04c1-424b-9868-57a2d4851a1d" relativeResultsDirectory="e6d53737-f27e-49f8-b3e3-cc407ad08f41" />
    <UnitTestResult executionId="e7cf4d2b-5670-4013-8b44-10aa5ababcf9" testId="418d2f3a-c805-fa26-9c23-ebfcc450c9ea" testName="TestCreateAccessControlItemAuthorizationFetcher" computerName="DKSR-EFI-06" duration="00:00:00.0085849" startTime="2024-01-09T15:43:27.5760043+01:00" endTime="2024-01-09T15:43:27.5760043+01:00" testType="13cdc9d9-ddb5-4fa4-a97d-d965ccfc6d4b" outcome="Passed" testListId="8c84fa94-04c1-424b-9868-57a2d4851a1d" relativeResultsDirectory="e7cf4d2b-5670-4013-8b44-10aa5ababcf9" />
    <UnitTestResult executionId="ab5d0310-d160-4e9d-9ca1-0ca192f96d37" testId="7013a8cd-cd7b-db72-4c24-b5d43140d3c5" testName="TestUpdateElementWithNewUsedRelationId" computerName="DKSR-EFI-06" duration="00:00:00.0036725" startTime="2024-01-09T15:43:22.9978758+01:00" endTime="2024-01-09T15:43:22.9978758+01:00" testType="13cdc9d9-ddb5-4fa4-a97d-d965ccfc6d4b" outcome="Passed" testListId="8c84fa94-04c1-424b-9868-57a2d4851a1d" relativeResultsDirectory="ab5d0310-d160-4e9d-9ca1-0ca192f96d37" />
    <UnitTestResult executionId="e21b664d-5c57-413e-a4d0-16abefa754cc" testId="f375cdd1-65d9-6f41-0c5c-46c11d15a575" testName="TestConstructor" computerName="DKSR-EFI-06" duration="00:00:00.0034313" startTime="2024-01-09T15:43:17.2791186+01:00" endTime="2024-01-09T15:43:17.2791186+01:00" testType="13cdc9d9-ddb5-4fa4-a97d-d965ccfc6d4b" outcome="Passed" testListId="8c84fa94-04c1-424b-9868-57a2d4851a1d" relativeResultsDirectory="e21b664d-5c57-413e-a4d0-16abefa754cc" />
    <UnitTestResult executionId="4696b608-2677-46f2-b4e5-f194907527fd" testId="5c673eb5-12cc-90ae-c56e-c7eb9d3c0590" testName="TestUpdateObjectWithInvalidUser" computerName="DKSR-EFI-06" duration="00:00:00.0025152" startTime="2024-01-09T15:43:17.8416205+01:00" endTime="2024-01-09T15:43:17.8416205+01:00" testType="13cdc9d9-ddb5-4fa4-a97d-d965ccfc6d4b" outcome="Passed" testListId="8c84fa94-04c1-424b-9868-57a2d4851a1d" relativeResultsDirectory="4696b608-2677-46f2-b4e5-f194907527fd" />
    <UnitTestResult executionId="4d4513ba-6667-4765-afaa-065b0f6c49f4" testId="895bd75e-0f55-5310-9068-abfb4fc8e832" testName="TestDeleteObjectAndChildObjectsNotAuthenticated" computerName="DKSR-EFI-06" duration="00:00:00.0034140" startTime="2024-01-09T15:43:17.5759933+01:00" endTime="2024-01-09T15:43:17.5759933+01:00" testType="13cdc9d9-ddb5-4fa4-a97d-d965ccfc6d4b" outcome="Passed" testListId="8c84fa94-04c1-424b-9868-57a2d4851a1d" relativeResultsDirectory="4d4513ba-6667-4765-afaa-065b0f6c49f4" />
    <UnitTestResult executionId="869df4ae-3a0e-4285-b160-07c621de63e7" testId="1f93c613-41f4-5e3c-69bd-1cc3daef0753" testName="GetSetPrioritySoundMappingsTest" computerName="DKSR-EFI-06" duration="00:00:00.0037606" startTime="2024-01-09T15:43:20.6072486+01:00" endTime="2024-01-09T15:43:20.6072486+01:00" testType="13cdc9d9-ddb5-4fa4-a97d-d965ccfc6d4b" outcome="Passed" testListId="8c84fa94-04c1-424b-9868-57a2d4851a1d" relativeResultsDirectory="869df4ae-3a0e-4285-b160-07c621de63e7" />
    <UnitTestResult executionId="87d6d18f-6373-4f02-b9eb-6c4dd6f093cd" testId="3d5a24db-0f68-99b2-64d0-ba5e0166d828" testName="TestLoadXMLWithAllCorrectValues" computerName="DKSR-EFI-06" duration="00:00:00.0044428" startTime="2024-01-09T15:43:24.4666279+01:00" endTime="2024-01-09T15:43:24.4666279+01:00" testType="13cdc9d9-ddb5-4fa4-a97d-d965ccfc6d4b" outcome="Passed" testListId="8c84fa94-04c1-424b-9868-57a2d4851a1d" relativeResultsDirectory="87d6d18f-6373-4f02-b9eb-6c4dd6f093cd" />
  </Results>
  <TestDefinitions>
    <UnitTest name="TestGetStatusDetailsWithInvalidToken" storage="d:\actions-runner\_work\xpco\xpco\eventserver\server\components\central\server\unittest\bin\x64\debug\videoos.event.server.unittest.dll" id="0f20ed1f-90f5-3f55-3a6f-ddf0b36cb5a6">
      <Execution id="a58bbb3f-f16c-4d29-a4b1-5ef77d9f3803" />
      <TestMethod codeBase="D:\actions-runner\_work\XPCO\XPCO\EventServer\Server\Components\Central\Server\unittest\bin\x64\Debug\VideoOS.Event.Server.UnitTest.dll" adapterTypeName="executor://mstestadapter/v2" className="VideoOS.Event.Server.WebService.Status.UnitTest.StatusCommandToken2Test" name="TestGetStatusDetailsWithInvalidToken" />
    </UnitTest>
    <UnitTest name="TestGetTypeWithUnknownType" storage="d:\actions-runner\_work\xpco\xpco\eventserver\server\components\central\server\unittest\bin\x64\debug\videoos.event.server.unittest.dll" id="2a33e1cb-1ff1-082c-7d5a-6bfd3c89dce8">
      <Execution id="13aefebe-9341-444c-80f2-44190d41c2d1" />
      <TestMethod codeBase="D:\actions-runner\_work\XPCO\XPCO\EventServer\Server\Components\Central\Server\unittest\bin\x64\Debug\VideoOS.Event.Server.UnitTest.dll" adapterTypeName="executor://mstestadapter/v2" className="VideoOS.Event.Server.MIP.PlugIn.UnitTest.MapPlugInEventHandlerTest" name="TestGetTypeWithUnknownType" />
    </UnitTest>
    <UnitTest name="TestGetManyDataWithPrune10Percent" storage="d:\actions-runner\_work\xpco\xpco\eventserver\server\components\central\server\unittest\bin\x64\debug\videoos.event.server.unittest.dll" id="af29d6a7-9195-dd2c-d311-f4fe2ac86487">
      <TestCategory>
        <TestCategoryItem TestCategory="DatabaseConfigurableDataCache" />
      </TestCategory>
      <Execution id="603d1146-3217-4a6e-94a8-a152998d5f78" />
      <TestMethod codeBase="D:\actions-runner\_work\XPCO\XPCO\EventServer\Server\Components\Central\Server\unittest\bin\x64\Debug\VideoOS.Event.Server.UnitTest.dll" adapterTypeName="executor://mstestadapter/v2" className="VideoOS.EventServer.Config.UnitTest.DatabaseConfigurableDataCacheTest" name="TestGetManyDataWithPrune10Percent" />
    </UnitTest>
    <UnitTest name="CreateInstanceReturnsHardwareCommunicationEventWhenInvokedForNotRespondingOnHardwareType" storage="d:\actions-runner\_work\xpco\xpco\eventserver\server\components\central\server\unittest\bin\x64\debug\videoos.event.server.unittest.dll" id="ad27e105-de14-8527-b59a-f7c2adb7eeaf">
      <Execution id="71e5542c-9e68-4c9d-9761-536f819150f4" />
      <TestMethod codeBase="D:\actions-runner\_work\XPCO\XPCO\EventServer\Server\Components\Central\Server\unittest\bin\x64\Debug\VideoOS.Event.Server.UnitTest.dll" adapterTypeName="executor://mstestadapter/v2" className="VideoOS.Event.Server.UnitTest.Event.MapperEventTypeProviderTest" name="CreateInstanceReturnsHardwareCommunicationEventWhenInvokedForNotRespondingOnHardwareType" />
    </UnitTest>
    <UnitTest name="TestCheckAuthorizationWithMultipleThreads" storage="d:\actions-runner\_work\xpco\xpco\eventserver\server\components\central\server\unittest\bin\x64\debug\videoos.event.server.unittest.dll" id="6400e9ff-1959-05a6-4bbf-585c85889966">
      <TestCategory>
        <TestCategoryItem TestCategory="ActionAuthorizationCache" />
      </TestCategory>
      <Execution id="04ec295b-bde3-41c2-948c-7c3db77851a7" />
      <TestMethod codeBase="D:\actions-runner\_work\XPCO\XPCO\EventServer\Server\Components\Central\Server\unittest\bin\x64\Debug\VideoOS.Event.Server.UnitTest.dll" adapterTypeName="executor://mstestadapter/v2" className="VideoOS.Event.Server.UnitTest.Security.ActionAuthorizationCacheTest" name="TestCheckAuthorizationWithMultipleThreads" />
    </UnitTest>
    <UnitTest name="TestLoadConfigurationWithValidIdAndOwnerIdButWithoutRelationId" storage="d:\actions-runner\_work\xpco\xpco\eventserver\server\components\central\server\unittest\bin\x64\debug\videoos.event.server.unittest.dll" id="1c94bdcf-8de3-0f60-783e-acd269e65780">
      <Execution id="c4b44a32-8f4b-4c11-b3fb-b81dfed65494" />
      <TestMethod codeBase="D:\actions-runner\_work\XPCO\XPCO\EventServer\Server\Components\Central\Server\unittest\bin\x64\Debug\VideoOS.Event.Server.UnitTest.dll" adapterTypeName="executor://mstestadapter/v2" className="VideoOS.Event.Server.Map.UnitTest.VisualElementStorageDatabaseTest" name="TestLoadConfigurationWithValidIdAndOwnerIdButWithoutRelationId" />
    </UnitTest>
    <UnitTest name="EventToBaseEventMapper_ReturnsBaseEvent_WhenNullData" storage="d:\actions-runner\_work\xpco\xpco\eventserver\server\components\central\server\unittest\bin\x64\debug\videoos.event.server.unittest.dll" id="f28a72d2-f52c-b928-fd98-3b108ba91ffd">
      <Execution id="af879fee-f093-4470-b68b-c4731856e0c0" />
      <TestMethod codeBase="D:\actions-runner\_work\XPCO\XPCO\EventServer\Server\Components\Central\Server\unittest\bin\x64\Debug\VideoOS.Event.Server.UnitTest.dll" adapterTypeName="executor://mstestadapter/v2" className="VideoOS.Event.Server.UnitTest.Event.EventToBaseEventMapperTest" name="EventToBaseEventMapper_ReturnsBaseEvent_WhenNullData" />
    </UnitTest>
    <UnitTest name="TestConstructorWithAccessControlConfigHost" storage="d:\actions-runner\_work\xpco\xpco\eventserver\server\components\central\server\unittest\bin\x64\debug\videoos.event.server.unittest.dll" id="a6a31fed-fb7d-f827-eb32-702bbf42a9e8">
      <TestCategory>
        <TestCategoryItem TestCategory="PermissionManagerFetcher" />
      </TestCategory>
      <Execution id="1bd99348-b69e-4bfa-bc37-ffce9e8bfd21" />
      <TestMethod codeBase="D:\actions-runner\_work\XPCO\XPCO\EventServer\Server\Components\Central\Server\unittest\bin\x64\Debug\VideoOS.Event.Server.UnitTest.dll" adapterTypeName="executor://mstestadapter/v2" className="VideoOS.Event.Server.UnitTest.Security.AuthorizationFetcher.AccessControlItemAuthorizationFetcherTest" name="TestConstructorWithAccessControlConfigHost" />
    </UnitTest>
    <UnitTest name="TestGetStatusWithAForeignRelation" storage="d:\actions-runner\_work\xpco\xpco\eventserver\server\components\central\server\unittest\bin\x64\debug\videoos.event.server.unittest.dll" id="b3abf8cb-be05-8444-7744-f2c6d82511e2">
      <Execution id="d9dc88f1-8da4-46f6-a09f-95002f8cb47e" />
      <TestMethod codeBase="D:\actions-runner\_work\XPCO\XPCO\EventServer\Server\Components\Central\Server\unittest\bin\x64\Debug\VideoOS.Event.Server.UnitTest.dll" adapterTypeName="executor://mstestadapter/v2" className="VideoOS.Event.Server.Map.UnitTest.VisualElementStatusCalculatorTest" name="TestGetStatusWithAForeignRelation" />
    </UnitTest>
    <UnitTest name="TestGetAllObjectsOnVisualElementThrowingUnhandledException" storage="d:\actions-runner\_work\xpco\xpco\eventserver\server\components\central\server\unittest\bin\x64\debug\videoos.event.server.unittest.dll" id="5c9176a2-10c0-60f1-d8ea-56e9bf838835">
      <TestCategory>
        <TestCategoryItem TestCategory="WebService/Map" />
      </TestCategory>
      <Execution id="9b6aee81-3066-49b3-9f56-50e70e0dba38" />
      <TestMethod codeBase="D:\actions-runner\_work\XPCO\XPCO\EventServer\Server\Components\Central\Server\unittest\bin\x64\Debug\VideoOS.Event.Server.UnitTest.dll" adapterTypeName="executor://mstestadapter/v2" className="VideoOS.Event.Server.WebService.Map.UnitTest.MapCommandCredentialsTest" name="TestGetAllObjectsOnVisualElementThrowingUnhandledException" />
    </UnitTest>
    <UnitTest name="TestDeleteObjectThrowingUnhandledException" storage="d:\actions-runner\_work\xpco\xpco\eventserver\server\components\central\server\unittest\bin\x64\debug\videoos.event.server.unittest.dll" id="03d1e929-4c12-8117-129d-6f1c5c819267">
      <TestCategory>
        <TestCategoryItem TestCategory="WebService/Map" />
      </TestCategory>
      <Execution id="1e075102-10b1-4e90-94d1-cdc8af3bde74" />
      <TestMethod codeBase="D:\actions-runner\_work\XPCO\XPCO\EventServer\Server\Components\Central\Server\unittest\bin\x64\Debug\VideoOS.Event.Server.UnitTest.dll" adapterTypeName="executor://mstestadapter/v2" className="VideoOS.Event.Server.WebService.Map.UnitTest.MapCommandToken2Test" name="TestDeleteObjectThrowingUnhandledException" />
    </UnitTest>
    <UnitTest name="TestGetAlarmHistoryException" storage="d:\actions-runner\_work\xpco\xpco\eventserver\server\components\central\server\unittest\bin\x64\debug\videoos.event.server.unittest.dll" id="2ca93f91-33b3-4ca8-96e1-8f20f289b9c2">
      <Execution id="2d66e59a-7590-445e-940b-b56b2d7be8da" />
      <TestMethod codeBase="D:\actions-runner\_work\XPCO\XPCO\EventServer\Server\Components\Central\Server\unittest\bin\x64\Debug\VideoOS.Event.Server.UnitTest.dll" adapterTypeName="executor://mstestadapter/v2" className="VideoOS.Event.Server.WebService.Alarm.UnitTest.AlarmCommandTokenTest" name="TestGetAlarmHistoryException" />
    </UnitTest>
    <UnitTest name="GetTypeChanged_WithZeroTimeout" storage="d:\actions-runner\_work\xpco\xpco\eventserver\server\components\central\server\unittest\bin\x64\debug\videoos.event.server.unittest.dll" id="88d0aee6-a99d-fba2-74ff-00a248d9947a">
      <TestCategory>
        <TestCategoryItem TestCategory="WebService/Map" />
      </TestCategory>
      <Execution id="cf03892a-4ded-48c8-a8e3-e2f713455827" />
      <TestMethod codeBase="D:\actions-runner\_work\XPCO\XPCO\EventServer\Server\Components\Central\Server\unittest\bin\x64\Debug\VideoOS.Event.Server.UnitTest.dll" adapterTypeName="executor://mstestadapter/v2" className="VideoOS.Event.Server.WebService.Map.UnitTest.MapCommandTokenTest" name="GetTypeChanged_WithZeroTimeout" />
    </UnitTest>
    <UnitTest name="TestConstructor" storage="d:\actions-runner\_work\xpco\xpco\eventserver\server\components\central\server\unittest\bin\x64\debug\videoos.event.server.unittest.dll" id="f375cdd1-65d9-6f41-0c5c-46c11d15a575">
      <TestCategory>
        <TestCategoryItem TestCategory="WebService/Map" />
      </TestCategory>
      <Execution id="e21b664d-5c57-413e-a4d0-16abefa754cc" />
      <TestMethod codeBase="D:\actions-runner\_work\XPCO\XPCO\EventServer\Server\Components\Central\Server\unittest\bin\x64\Debug\VideoOS.Event.Server.UnitTest.dll" adapterTypeName="executor://mstestadapter/v2" className="VideoOS.Event.Server.WebService.Map.UnitTest.MapCommandCredentialsTest" name="TestConstructor" />
    </UnitTest>
    <UnitTest name="TestGetDataUsingCache" storage="d:\actions-runner\_work\xpco\xpco\eventserver\server\components\central\server\unittest\bin\x64\debug\videoos.event.server.unittest.dll" id="e9da0761-f34e-54da-195e-48388de70405">
      <TestCategory>
        <TestCategoryItem TestCategory="DatabaseConfigurableDataCache" />
      </TestCategory>
      <Execution id="4cc91088-e203-4309-ab19-672d3f7498a2" />
      <TestMethod codeBase="D:\actions-runner\_work\XPCO\XPCO\EventServer\Server\Components\Central\Server\unittest\bin\x64\Debug\VideoOS.Event.Server.UnitTest.dll" adapterTypeName="executor://mstestadapter/v2" className="VideoOS.EventServer.Config.UnitTest.DatabaseConfigurableDataCacheTest" name="TestGetDataUsingCache" />
    </UnitTest>
    <UnitTest name="TestDescriptionWithNoMapPlugInType" storage="d:\actions-runner\_work\xpco\xpco\eventserver\server\components\central\server\unittest\bin\x64\debug\videoos.event.server.unittest.dll" id="4c1d0938-3401-b57b-6c6c-32b736f641d4">
      <Execution id="b041ecd1-8435-431d-b137-de7f4c2255d5" />
      <TestMethod codeBase="D:\actions-runner\_work\XPCO\XPCO\EventServer\Server\Components\Central\Server\unittest\bin\x64\Debug\VideoOS.Event.Server.UnitTest.dll" adapterTypeName="executor://mstestadapter/v2" className="VideoOS.Event.Server.MIP.PlugIn.UnitTest.MapPlugInTypeEventHandlerTest" name="TestDescriptionWithNoMapPlugInType" />
    </UnitTest>
    <UnitTest name="TestConstructor" storage="d:\actions-runner\_work\xpco\xpco\eventserver\server\components\central\server\unittest\bin\x64\debug\videoos.event.server.unittest.dll" id="e04e5dc2-a9b6-35b0-703a-7145f4907414">
      <Execution id="cdbec770-25af-4b28-b111-597e5a8a7179" />
      <TestMethod codeBase="D:\actions-runner\_work\XPCO\XPCO\EventServer\Server\Components\Central\Server\unittest\bin\x64\Debug\VideoOS.Event.Server.UnitTest.dll" adapterTypeName="executor://mstestadapter/v2" className="VideoOS.Event.Server.Communication.Data.UnitTest.FeatureEventArgsTest" name="TestConstructor" />
    </UnitTest>
    <UnitTest name="TestItemsWithItemIdsNotIncluded" storage="d:\actions-runner\_work\xpco\xpco\eventserver\server\components\central\server\unittest\bin\x64\debug\videoos.event.server.unittest.dll" id="9c6b93f0-21ea-bab9-4f22-0a88632e740e">
      <Execution id="d79b5147-002b-4835-962f-ea7480db24bc" />
      <TestMethod codeBase="D:\actions-runner\_work\XPCO\XPCO\EventServer\Server\Components\Central\Server\unittest\bin\x64\Debug\VideoOS.Event.Server.UnitTest.dll" adapterTypeName="executor://mstestadapter/v2" className="VideoOS.Event.Server.MIP.PlugIn.UnitTest.MapPlugInTypeEventHandlerTest" name="TestItemsWithItemIdsNotIncluded" />
    </UnitTest>
    <UnitTest name="TestCheckAuthorizationWhereMultipleThreadsAndItemsToOld" storage="d:\actions-runner\_work\xpco\xpco\eventserver\server\components\central\server\unittest\bin\x64\debug\videoos.event.server.unittest.dll" id="a89eaf12-e1e1-35d2-b638-0edbdc28dd28">
      <TestCategory>
        <TestCategoryItem TestCategory="ActionAuthorizationCache" />
      </TestCategory>
      <Execution id="326b9f57-321a-4ba6-bcbc-13971e93fc91" />
      <TestMethod codeBase="D:\actions-runner\_work\XPCO\XPCO\EventServer\Server\Components\Central\Server\unittest\bin\x64\Debug\VideoOS.Event.Server.UnitTest.dll" adapterTypeName="executor://mstestadapter/v2" className="VideoOS.Event.Server.UnitTest.Security.ActionAuthorizationCacheTest" name="TestCheckAuthorizationWhereMultipleThreadsAndItemsToOld" />
    </UnitTest>
    <UnitTest name="TestCleanUpTimer" storage="d:\actions-runner\_work\xpco\xpco\eventserver\server\components\central\server\unittest\bin\x64\debug\videoos.event.server.unittest.dll" id="43a88965-7428-2504-3ad8-2c223aa43c1f">
      <TestCategory>
        <TestCategoryItem TestCategory="DatabaseConfigurableDataCache" />
      </TestCategory>
      <Execution id="0441fce0-d264-4d9c-ac18-c11ab1f54218" />
      <TestMethod codeBase="D:\actions-runner\_work\XPCO\XPCO\EventServer\Server\Components\Central\Server\unittest\bin\x64\Debug\VideoOS.Event.Server.UnitTest.dll" adapterTypeName="executor://mstestadapter/v2" className="VideoOS.EventServer.Config.UnitTest.DatabaseConfigurableDataCacheTest" name="TestCleanUpTimer" />
    </UnitTest>
    <UnitTest name="TestGetVisualization" storage="d:\actions-runner\_work\xpco\xpco\eventserver\server\components\central\server\unittest\bin\x64\debug\videoos.event.server.unittest.dll" id="15cfa11c-8ada-6afb-298e-3e04cfe3dabc">
      <Execution id="67fa0aca-0e60-4627-b606-5f5f120cbad6" />
      <TestMethod codeBase="D:\actions-runner\_work\XPCO\XPCO\EventServer\Server\Components\Central\Server\unittest\bin\x64\Debug\VideoOS.Event.Server.UnitTest.dll" adapterTypeName="executor://mstestadapter/v2" className="VideoOS.Event.Server.WebService.Status.UnitTest.StatusCommandTokenTest" name="TestGetVisualization" />
    </UnitTest>
    <UnitTest name="TestValidateWithIncorrectUserTypeInvalidIdentity" storage="d:\actions-runner\_work\xpco\xpco\eventserver\server\components\central\server\unittest\bin\x64\debug\videoos.event.server.unittest.dll" id="51e43f4b-8fa6-4d44-8369-516f875fa723">
      <Execution id="c2b4adee-44c5-4035-bcfe-8e82dd36e027" />
      <TestMethod codeBase="D:\actions-runner\_work\XPCO\XPCO\EventServer\Server\Components\Central\Server\unittest\bin\x64\Debug\VideoOS.Event.Server.UnitTest.dll" adapterTypeName="executor://mstestadapter/v2" className="VideoOS.EventServer.UnitTest.UserValidation.AccessControlCredentialValidationTest" name="TestValidateWithIncorrectUserTypeInvalidIdentity" />
    </UnitTest>
    <UnitTest name="TestGetStatusWithValidParameters" storage="d:\actions-runner\_work\xpco\xpco\eventserver\server\components\central\server\unittest\bin\x64\debug\videoos.event.server.unittest.dll" id="85389b76-f656-b28d-81df-d1ec6e961132">
      <Execution id="502b2b96-fc23-43f1-b140-7b3f3360b2b0" />
      <TestMethod codeBase="D:\actions-runner\_work\XPCO\XPCO\EventServer\Server\Components\Central\Server\unittest\bin\x64\Debug\VideoOS.Event.Server.UnitTest.dll" adapterTypeName="executor://mstestadapter/v2" className="VideoOS.Event.Server.WebService.Status.UnitTest.StatusCommandCredentialsTest" name="TestGetStatusWithValidParameters" />
    </UnitTest>
    <UnitTest name="TestGetStatusDetailsWithNullValues" storage="d:\actions-runner\_work\xpco\xpco\eventserver\server\components\central\server\unittest\bin\x64\debug\videoos.event.server.unittest.dll" id="b7c6a131-0ef5-a67f-8e6a-8d4104bd9338">
      <Execution id="1c4fc53e-879f-41ed-8109-2bcb594d01e3" />
      <TestMethod codeBase="D:\actions-runner\_work\XPCO\XPCO\EventServer\Server\Components\Central\Server\unittest\bin\x64\Debug\VideoOS.Event.Server.UnitTest.dll" adapterTypeName="executor://mstestadapter/v2" className="VideoOS.Event.Server.Map.Data.UnitTest.StatusElementCameraTest" name="TestGetStatusDetailsWithNullValues" />
    </UnitTest>
    <UnitTest name="TestFetchCache" storage="d:\actions-runner\_work\xpco\xpco\eventserver\server\components\central\server\unittest\bin\x64\debug\videoos.event.server.unittest.dll" id="dc08e628-1818-fd36-8e97-cefc3b20677b">
      <Execution id="75169921-22fa-473a-8072-25021ce4925d" />
      <TestMethod codeBase="D:\actions-runner\_work\XPCO\XPCO\EventServer\Server\Components\Central\Server\unittest\bin\x64\Debug\VideoOS.Event.Server.UnitTest.dll" adapterTypeName="executor://mstestadapter/v2" className="VideoOS.Central.Server.UnitTest.Security.PermissionManagerTest" name="TestFetchCache" />
    </UnitTest>
    <UnitTest name="GetSourcesTest" storage="d:\actions-runner\_work\xpco\xpco\eventserver\server\components\central\server\unittest\bin\x64\debug\videoos.event.server.unittest.dll" id="4a671305-16eb-1a33-0901-7ab1c0bdf4b2">
      <Execution id="61473618-3924-407d-97dc-1becba7305d8" />
      <TestMethod codeBase="D:\actions-runner\_work\XPCO\XPCO\EventServer\Server\Components\Central\Server\unittest\bin\x64\Debug\VideoOS.Event.Server.UnitTest.dll" adapterTypeName="executor://mstestadapter/v2" className="VideoOS.Event.Server.UnitTest.MIP.Environment.MIPSourceProviderTest" name="GetSourcesTest" />
    </UnitTest>
    <UnitTest name="TestUpdateElementDisplayXmlWithValidParameters" storage="d:\actions-runner\_work\xpco\xpco\eventserver\server\components\central\server\unittest\bin\x64\debug\videoos.event.server.unittest.dll" id="df106c93-dba2-fad8-cf9c-e89f94afe190">
      <Execution id="5ccc7cc3-a8a8-4298-883f-8e0a88dd8da8" />
      <TestMethod codeBase="D:\actions-runner\_work\XPCO\XPCO\EventServer\Server\Components\Central\Server\unittest\bin\x64\Debug\VideoOS.Event.Server.UnitTest.dll" adapterTypeName="executor://mstestadapter/v2" className="VideoOS.Event.Server.Map.UnitTest.VisualElementManagerTest" name="TestUpdateElementDisplayXmlWithValidParameters" />
    </UnitTest>
    <UnitTest name="TestGetVisualElementChangesWithInsufficientRights" storage="d:\actions-runner\_work\xpco\xpco\eventserver\server\components\central\server\unittest\bin\x64\debug\videoos.event.server.unittest.dll" id="65775a17-b1b7-46d3-f43c-2bc7e29acf69">
      <Execution id="d3f488e9-b0ff-4bf2-9f3a-72e70ee4079a" />
      <TestMethod codeBase="D:\actions-runner\_work\XPCO\XPCO\EventServer\Server\Components\Central\Server\unittest\bin\x64\Debug\VideoOS.Event.Server.UnitTest.dll" adapterTypeName="executor://mstestadapter/v2" className="VideoOS.Event.Server.Map.UnitTest.VisualElementManagerTest" name="TestGetVisualElementChangesWithInsufficientRights" />
    </UnitTest>
    <UnitTest name="TestConstructor" storage="d:\actions-runner\_work\xpco\xpco\eventserver\server\components\central\server\unittest\bin\x64\debug\videoos.event.server.unittest.dll" id="7dfc50e8-714e-30b3-d106-dc4220777e56">
      <Execution id="f3269ea4-2a78-4408-a3ba-7ecb780713a4" />
      <TestMethod codeBase="D:\actions-runner\_work\XPCO\XPCO\EventServer\Server\Components\Central\Server\unittest\bin\x64\Debug\VideoOS.Event.Server.UnitTest.dll" adapterTypeName="executor://mstestadapter/v2" className="VideoOS.Event.Server.Map.UnitTest.VisualElementStorageDatabaseTest" name="TestConstructor" />
    </UnitTest>
    <UnitTest name="TestRuleSystemCommandPipeDispose" storage="d:\actions-runner\_work\xpco\xpco\eventserver\server\components\central\server\unittest\bin\x64\debug\videoos.event.server.unittest.dll" id="5ea9479e-d7e7-7392-899e-45335ff069e7">
      <Execution id="9b1c0ba6-0450-455c-a38a-cffceed5baaf" />
      <TestMethod codeBase="D:\actions-runner\_work\XPCO\XPCO\EventServer\Server\Components\Central\Server\unittest\bin\x64\Debug\VideoOS.Event.Server.UnitTest.dll" adapterTypeName="executor://mstestadapter/v2" className="VideoOS.Event.Server.UnitTest.XPCORuleSystem.RuleSystemCommandPipeTest" name="TestRuleSystemCommandPipeDispose" />
    </UnitTest>
    <UnitTest name="TestConstructorWithVisualElementStorageDatabase" storage="d:\actions-runner\_work\xpco\xpco\eventserver\server\components\central\server\unittest\bin\x64\debug\videoos.event.server.unittest.dll" id="09f25e02-1fea-e16e-0d02-81e3a86fadf2">
      <Execution id="17b10cef-d925-4aa2-bb14-3b06cc792645" />
      <TestMethod codeBase="D:\actions-runner\_work\XPCO\XPCO\EventServer\Server\Components\Central\Server\unittest\bin\x64\Debug\VideoOS.Event.Server.UnitTest.dll" adapterTypeName="executor://mstestadapter/v2" className="VideoOS.Event.Server.Map.Data.UnitTest.VisualElementStorageTest" name="TestConstructorWithVisualElementStorageDatabase" />
    </UnitTest>
    <UnitTest name="WebServiceCommandBaseTest_UserAndParameterValidation_Parameter_Null" storage="d:\actions-runner\_work\xpco\xpco\eventserver\server\components\central\server\unittest\bin\x64\debug\videoos.event.server.unittest.dll" id="ef8afd3a-3f31-f6d5-ab6d-4ac9daec90e6">
      <Execution id="40d96c40-2829-4385-b137-36f9ae7e15ef" />
      <TestMethod codeBase="D:\actions-runner\_work\XPCO\XPCO\EventServer\Server\Components\Central\Server\unittest\bin\x64\Debug\VideoOS.Event.Server.UnitTest.dll" adapterTypeName="executor://mstestadapter/v2" className="VideoOS.Event.Server.UnitTest.WebService.Action.WebServiceAdminCommandBaseTest" name="WebServiceCommandBaseTest_UserAndParameterValidation_Parameter_Null" />
    </UnitTest>
    <UnitTest name="TestAcknowledgeException" storage="d:\actions-runner\_work\xpco\xpco\eventserver\server\components\central\server\unittest\bin\x64\debug\videoos.event.server.unittest.dll" id="5c2d44a1-b725-d1c0-30f0-c2e5bcd42c10">
      <Execution id="2cd014bf-07cc-479f-a800-32e19d81d782" />
      <TestMethod codeBase="D:\actions-runner\_work\XPCO\XPCO\EventServer\Server\Components\Central\Server\unittest\bin\x64\Debug\VideoOS.Event.Server.UnitTest.dll" adapterTypeName="executor://mstestadapter/v2" className="VideoOS.Event.Server.WebService.Alarm.UnitTest.AlarmCommandTokenTest" name="TestAcknowledgeException" />
    </UnitTest>
    <UnitTest name="Constructor_ShouldRaiseArgumentNullException_WhenKeyManagerIsNull" storage="d:\actions-runner\_work\xpco\xpco\eventserver\server\components\central\server\unittest\bin\x64\debug\videoos.event.server.unittest.dll" id="22e094aa-8588-2993-1ed3-ae0f3e830978">
      <TestCategory>
        <TestCategoryItem TestCategory="Security" />
      </TestCategory>
      <Execution id="78562860-83b8-45d1-9e32-6b99cfc24415" />
      <TestMethod codeBase="D:\actions-runner\_work\XPCO\XPCO\EventServer\Server\Components\Central\Server\unittest\bin\x64\Debug\VideoOS.Event.Server.UnitTest.dll" adapterTypeName="executor://mstestadapter/v2" className="VideoOS.Event.Server.UnitTest.Security.EncryptionServiceTest" name="Constructor_ShouldRaiseArgumentNullException_WhenKeyManagerIsNull" />
    </UnitTest>
    <UnitTest name="CreateInstanceReturnsTypeObjectIdEventWhenInvokedForUserDefinedOrGenericEvents" storage="d:\actions-runner\_work\xpco\xpco\eventserver\server\components\central\server\unittest\bin\x64\debug\videoos.event.server.unittest.dll" id="ce816c85-ab51-0332-5579-1d1ad8a9b051">
      <Execution id="041bd54f-e09c-4748-b72b-e06afc4f9d4a" />
      <TestMethod codeBase="D:\actions-runner\_work\XPCO\XPCO\EventServer\Server\Components\Central\Server\unittest\bin\x64\Debug\VideoOS.Event.Server.UnitTest.dll" adapterTypeName="executor://mstestadapter/v2" className="VideoOS.Event.Server.UnitTest.Event.MapperEventTypeProviderTest" name="CreateInstanceReturnsTypeObjectIdEventWhenInvokedForUserDefinedOrGenericEvents" />
    </UnitTest>
    <UnitTest name="GetPlugInItems_WithValidParameters" storage="d:\actions-runner\_work\xpco\xpco\eventserver\server\components\central\server\unittest\bin\x64\debug\videoos.event.server.unittest.dll" id="899500c2-22b6-94c7-b4e0-cd5f70f1e208">
      <TestCategory>
        <TestCategoryItem TestCategory="WebService/Map" />
      </TestCategory>
      <Execution id="5ef5063d-8151-4cb6-9375-61c646d5d000" />
      <TestMethod codeBase="D:\actions-runner\_work\XPCO\XPCO\EventServer\Server\Components\Central\Server\unittest\bin\x64\Debug\VideoOS.Event.Server.UnitTest.dll" adapterTypeName="executor://mstestadapter/v2" className="VideoOS.Event.Server.WebService.Map.UnitTest.MapCommandToken2Test" name="GetPlugInItems_WithValidParameters" />
    </UnitTest>
    <UnitTest name="TestDeleteObjectsWithInvalidUser" storage="d:\actions-runner\_work\xpco\xpco\eventserver\server\components\central\server\unittest\bin\x64\debug\videoos.event.server.unittest.dll" id="90647aa5-5f9b-30ce-5932-8d76fe8468b7">
      <TestCategory>
        <TestCategoryItem TestCategory="WebService/Map" />
      </TestCategory>
      <Execution id="3829a11d-cfbe-414d-8557-3813595b18a3" />
      <TestMethod codeBase="D:\actions-runner\_work\XPCO\XPCO\EventServer\Server\Components\Central\Server\unittest\bin\x64\Debug\VideoOS.Event.Server.UnitTest.dll" adapterTypeName="executor://mstestadapter/v2" className="VideoOS.Event.Server.WebService.Map.UnitTest.MapCommandToken2Test" name="TestDeleteObjectsWithInvalidUser" />
    </UnitTest>
    <UnitTest name="TestIDWithNull" storage="d:\actions-runner\_work\xpco\xpco\eventserver\server\components\central\server\unittest\bin\x64\debug\videoos.event.server.unittest.dll" id="7c8997fa-4eb0-4fdd-223c-cb6cf6f9de4d">
      <Execution id="6886bfcb-17f9-4915-971c-906bda1d7deb" />
      <TestMethod codeBase="D:\actions-runner\_work\XPCO\XPCO\EventServer\Server\Components\Central\Server\unittest\bin\x64\Debug\VideoOS.Event.Server.UnitTest.dll" adapterTypeName="executor://mstestadapter/v2" className="VideoOS.Event.Server.MIP.PlugIn.UnitTest.MapPlugInEventHandlerTest" name="TestIDWithNull" />
    </UnitTest>
    <UnitTest name="TestCreateFilteredConfigurationCommandsLimited" storage="d:\actions-runner\_work\xpco\xpco\eventserver\server\components\central\server\unittest\bin\x64\debug\videoos.event.server.unittest.dll" id="c0f3905a-0fcb-eb49-f9e4-c5460d516950">
      <TestCategory>
        <TestCategoryItem TestCategory="AccessControlServiceImplementation" />
      </TestCategory>
      <Execution id="2a0f595a-58de-49c9-92df-e0e099de1572" />
      <TestMethod codeBase="D:\actions-runner\_work\XPCO\XPCO\EventServer\Server\Components\Central\Server\unittest\bin\x64\Debug\VideoOS.Event.Server.UnitTest.dll" adapterTypeName="executor://mstestadapter/v2" className="VideoOS.Event.Server.UnitTest.AccessControl.AccessControlServiceImplementationTest" name="TestCreateFilteredConfigurationCommandsLimited" />
    </UnitTest>
    <UnitTest name="TestGetStatusDetailsThrowingUnhandledException" storage="d:\actions-runner\_work\xpco\xpco\eventserver\server\components\central\server\unittest\bin\x64\debug\videoos.event.server.unittest.dll" id="1a8ece28-2d7b-4d15-bd96-32d58e25e257">
      <Execution id="5403b703-abaf-4195-9802-1dc9dc9fed56" />
      <TestMethod codeBase="D:\actions-runner\_work\XPCO\XPCO\EventServer\Server\Components\Central\Server\unittest\bin\x64\Debug\VideoOS.Event.Server.UnitTest.dll" adapterTypeName="executor://mstestadapter/v2" className="VideoOS.Event.Server.WebService.Status.UnitTest.StatusCommandTokenTest" name="TestGetStatusDetailsThrowingUnhandledException" />
    </UnitTest>
    <UnitTest name="TestUpdateAlarmWithPriority" storage="d:\actions-runner\_work\xpco\xpco\eventserver\server\components\central\server\unittest\bin\x64\debug\videoos.event.server.unittest.dll" id="d325ee40-316b-6f9d-b0f9-6b523ec84e35">
      <Execution id="3debfae7-95c5-43aa-bc37-c0101e662f5b" />
      <TestMethod codeBase="D:\actions-runner\_work\XPCO\XPCO\EventServer\Server\Components\Central\Server\unittest\bin\x64\Debug\VideoOS.Event.Server.UnitTest.dll" adapterTypeName="executor://mstestadapter/v2" className="VideoOS.Event.Server.WebService.Alarm.UnitTest.AlarmCommandTokenTest" name="TestUpdateAlarmWithPriority" />
    </UnitTest>
    <UnitTest name="TestGetAlarmMessagesException" storage="d:\actions-runner\_work\xpco\xpco\eventserver\server\components\central\server\unittest\bin\x64\debug\videoos.event.server.unittest.dll" id="4478d8c6-cc1f-151f-5b78-c96e0f6d778a">
      <Execution id="4502d56e-d1f4-4575-984b-44add9c42713" />
      <TestMethod codeBase="D:\actions-runner\_work\XPCO\XPCO\EventServer\Server\Components\Central\Server\unittest\bin\x64\Debug\VideoOS.Event.Server.UnitTest.dll" adapterTypeName="executor://mstestadapter/v2" className="VideoOS.Event.Server.WebService.Alarm.UnitTest.AlarmCommandTokenTest" name="TestGetAlarmMessagesException" />
    </UnitTest>
    <UnitTest name="WebServiceTest_CreateWsHTTPBindingSecurityModeMessageClientCredentialTypeCertificate" storage="d:\actions-runner\_work\xpco\xpco\eventserver\server\components\central\server\unittest\bin\x64\debug\videoos.event.server.unittest.dll" id="9fff0259-9346-ba07-75df-2e340fc42376">
      <Execution id="97c6caca-092d-45e8-a333-9ef2da3e16e6" />
      <TestMethod codeBase="D:\actions-runner\_work\XPCO\XPCO\EventServer\Server\Components\Central\Server\unittest\bin\x64\Debug\VideoOS.Event.Server.UnitTest.dll" adapterTypeName="executor://mstestadapter/v2" className="VideoOS.Event.Server.UnitTest.WebService.WebServiceTest" name="WebServiceTest_CreateWsHTTPBindingSecurityModeMessageClientCredentialTypeCertificate" />
    </UnitTest>
    <UnitTest name="TestGetTypeChanged" storage="d:\actions-runner\_work\xpco\xpco\eventserver\server\components\central\server\unittest\bin\x64\debug\videoos.event.server.unittest.dll" id="fba6c5d6-f67e-b778-3f6d-40b264f20da7">
      <Execution id="c4f58c58-1386-483c-b4f8-25311b307c70" />
      <TestMethod codeBase="D:\actions-runner\_work\XPCO\XPCO\EventServer\Server\Components\Central\Server\unittest\bin\x64\Debug\VideoOS.Event.Server.UnitTest.dll" adapterTypeName="executor://mstestadapter/v2" className="VideoOS.Event.Server.Map.UnitTest.VisualElementManagerTest" name="TestGetTypeChanged" />
    </UnitTest>
    <UnitTest name="TestGetAlarmMessages" storage="d:\actions-runner\_work\xpco\xpco\eventserver\server\components\central\server\unittest\bin\x64\debug\videoos.event.server.unittest.dll" id="72eaa5e2-14eb-fca3-ca77-51bd104d5653">
      <Execution id="3f8bcac2-2001-4dcf-ad67-49bd92518e65" />
      <TestMethod codeBase="D:\actions-runner\_work\XPCO\XPCO\EventServer\Server\Components\Central\Server\unittest\bin\x64\Debug\VideoOS.Event.Server.UnitTest.dll" adapterTypeName="executor://mstestadapter/v2" className="VideoOS.Event.Server.WebService.Alarm.UnitTest.AlarmCommandTokenTest" name="TestGetAlarmMessages" />
    </UnitTest>
    <UnitTest name="TestUpdateStateSnooze" storage="d:\actions-runner\_work\xpco\xpco\eventserver\server\components\central\server\unittest\bin\x64\debug\videoos.event.server.unittest.dll" id="5b434add-2b1e-055c-dba6-d690155d8160">
      <Execution id="9e7cb4da-a413-4416-b71f-86819ee4e30f" />
      <TestMethod codeBase="D:\actions-runner\_work\XPCO\XPCO\EventServer\Server\Components\Central\Server\unittest\bin\x64\Debug\VideoOS.Event.Server.UnitTest.dll" adapterTypeName="executor://mstestadapter/v2" className="VideoOS.Event.Server.Map.Data.UnitTest.StatusElementCameraTest" name="TestUpdateStateSnooze" />
    </UnitTest>
    <UnitTest name="TestGetPlugInItems" storage="d:\actions-runner\_work\xpco\xpco\eventserver\server\components\central\server\unittest\bin\x64\debug\videoos.event.server.unittest.dll" id="f5494661-fe61-3b93-b99f-f96ddc383216">
      <TestCategory>
        <TestCategoryItem TestCategory="MapPlugInManagerTest" />
      </TestCategory>
      <Execution id="080b1a0c-a310-4b16-a24a-5dd72f7aa2ac" />
      <TestMethod codeBase="D:\actions-runner\_work\XPCO\XPCO\EventServer\Server\Components\Central\Server\unittest\bin\x64\Debug\VideoOS.Event.Server.UnitTest.dll" adapterTypeName="executor://mstestadapter/v2" className="VideoOS.Event.Server.MIP.PlugIn.UnitTest.MapPlugInManagerTest" name="TestGetPlugInItems" />
    </UnitTest>
    <UnitTest name="TestInitialize" storage="d:\actions-runner\_work\xpco\xpco\eventserver\server\components\central\server\unittest\bin\x64\debug\videoos.event.server.unittest.dll" id="a0a872b1-f051-b8aa-b24b-b9eca47e8aa0">
      <Execution id="1fe59c7f-fdc3-42c1-a92a-f5ffa8e39ab2" />
      <TestMethod codeBase="D:\actions-runner\_work\XPCO\XPCO\EventServer\Server\Components\Central\Server\unittest\bin\x64\Debug\VideoOS.Event.Server.UnitTest.dll" adapterTypeName="executor://mstestadapter/v2" className="VideoOS.Event.Server.MIP.PlugIn.UnitTest.MapPlugInTypeEventHandlerTest" name="TestInitialize" />
    </UnitTest>
    <UnitTest name="TestRemoveElementWithOldTimestampAndForce" storage="d:\actions-runner\_work\xpco\xpco\eventserver\server\components\central\server\unittest\bin\x64\debug\videoos.event.server.unittest.dll" id="db6fcf61-1043-5a01-715f-bc3b67842046">
      <Execution id="e8d9f0f9-9331-447a-b0bd-bd8c07d8b3d7" />
      <TestMethod codeBase="D:\actions-runner\_work\XPCO\XPCO\EventServer\Server\Components\Central\Server\unittest\bin\x64\Debug\VideoOS.Event.Server.UnitTest.dll" adapterTypeName="executor://mstestadapter/v2" className="VideoOS.Event.Server.Map.UnitTest.VisualElementManagerTest" name="TestRemoveElementWithOldTimestampAndForce" />
    </UnitTest>
    <UnitTest name="TestSingleSessionMultipleUserIds" storage="d:\actions-runner\_work\xpco\xpco\eventserver\server\components\central\server\unittest\bin\x64\debug\videoos.event.server.unittest.dll" id="e60106bd-77a3-bab8-cdd0-697b85096b7e">
      <TestCategory>
        <TestCategoryItem TestCategory="SessionCache" />
      </TestCategory>
      <Execution id="66a88eb0-2aeb-472c-8306-5a0de9865a15" />
      <TestMethod codeBase="D:\actions-runner\_work\XPCO\XPCO\EventServer\Server\Components\Central\Server\unittest\bin\x64\Debug\VideoOS.Event.Server.UnitTest.dll" adapterTypeName="executor://mstestadapter/v2" className="VideoOS.Event.Server.UnitTest.Session.SessionCacheTest" name="TestSingleSessionMultipleUserIds" />
    </UnitTest>
    <UnitTest name="HasStateUpdate_ShouldReturnTrue_WhenListContainsTwoUpdatesWithDifferentStartAndEndStates" storage="d:\actions-runner\_work\xpco\xpco\eventserver\server\components\central\server\unittest\bin\x64\debug\videoos.event.server.unittest.dll" id="1401f769-da16-93bd-e404-03abaa246295">
      <Execution id="f34cdb6e-9aaf-4e54-a798-9c281dbbe789" />
      <TestMethod codeBase="D:\actions-runner\_work\XPCO\XPCO\EventServer\Server\Components\Central\Server\unittest\bin\x64\Debug\VideoOS.Event.Server.UnitTest.dll" adapterTypeName="executor://mstestadapter/v2" className="VideoOS.Event.Server.UnitTest.Alarm.AlarmActionItems.StateUpdateHelperTest" name="HasStateUpdate_ShouldReturnTrue_WhenListContainsTwoUpdatesWithDifferentStartAndEndStates" />
    </UnitTest>
    <UnitTest name="TestStartWithAccessControlConfigHost" storage="d:\actions-runner\_work\xpco\xpco\eventserver\server\components\central\server\unittest\bin\x64\debug\videoos.event.server.unittest.dll" id="153bb311-a7ab-905b-0fa3-53f7fcf4e20e">
      <TestCategory>
        <TestCategoryItem TestCategory="PermissionManagerFetcher" />
      </TestCategory>
      <Execution id="ebaf4571-3144-4841-b3cc-70c624ae2afc" />
      <TestMethod codeBase="D:\actions-runner\_work\XPCO\XPCO\EventServer\Server\Components\Central\Server\unittest\bin\x64\Debug\VideoOS.Event.Server.UnitTest.dll" adapterTypeName="executor://mstestadapter/v2" className="VideoOS.Event.Server.UnitTest.Security.PermissionFetcherTest" name="TestStartWithAccessControlConfigHost" />
    </UnitTest>
    <UnitTest name="TestUpdateElementBoundsWithNonExistingVisualOwnerId" storage="d:\actions-runner\_work\xpco\xpco\eventserver\server\components\central\server\unittest\bin\x64\debug\videoos.event.server.unittest.dll" id="e187a4f8-2a0c-b2fa-65de-ffb89c00cd52">
      <Execution id="dd4d616e-eb5e-4e70-b250-7ef97845f9de" />
      <TestMethod codeBase="D:\actions-runner\_work\XPCO\XPCO\EventServer\Server\Components\Central\Server\unittest\bin\x64\Debug\VideoOS.Event.Server.UnitTest.dll" adapterTypeName="executor://mstestadapter/v2" className="VideoOS.Event.Server.Map.UnitTest.VisualElementManagerTest" name="TestUpdateElementBoundsWithNonExistingVisualOwnerId" />
    </UnitTest>
    <UnitTest name="UnsubscribeEventReceiver_ReturnsFalse_WhenNotSubscribed" storage="d:\actions-runner\_work\xpco\xpco\eventserver\server\components\central\server\unittest\bin\x64\debug\videoos.event.server.unittest.dll" id="b668fb81-8c7e-9806-9e45-6250f49d266d">
      <Execution id="d5ca5d6a-33ff-44cd-a44f-65a4276f29d4" />
      <TestMethod codeBase="D:\actions-runner\_work\XPCO\XPCO\EventServer\Server\Components\Central\Server\unittest\bin\x64\Debug\VideoOS.Event.Server.UnitTest.dll" adapterTypeName="executor://mstestadapter/v2" className="VideoOS.Event.Server.UnitTest.Event.EventPusherTest" name="UnsubscribeEventReceiver_ReturnsFalse_WhenNotSubscribed" />
    </UnitTest>
    <UnitTest name="TestLoadXmlWithNullNode" storage="d:\actions-runner\_work\xpco\xpco\eventserver\server\components\central\server\unittest\bin\x64\debug\videoos.event.server.unittest.dll" id="67ceb524-c955-8b26-01e7-0953c0bf777b">
      <Execution id="45db258c-8860-474f-8f3d-6306be3584f7" />
      <TestMethod codeBase="D:\actions-runner\_work\XPCO\XPCO\EventServer\Server\Components\Central\Server\unittest\bin\x64\Debug\VideoOS.Event.Server.UnitTest.dll" adapterTypeName="executor://mstestadapter/v2" className="VideoOS.Event.Server.Map.UnitTest.VisualElementStatusCalculatorTest" name="TestLoadXmlWithNullNode" />
    </UnitTest>
    <UnitTest name="EventIdListTest_BuildEventIds_ThrowsArgumentNullException" storage="d:\actions-runner\_work\xpco\xpco\eventserver\server\components\central\server\unittest\bin\x64\debug\videoos.event.server.unittest.dll" id="1958c285-da47-c12c-39c3-acb379a81240">
      <Execution id="1d231ad0-3c8b-42b2-8238-74dbb4073eb5" />
      <TestMethod codeBase="D:\actions-runner\_work\XPCO\XPCO\EventServer\Server\Components\Central\Server\unittest\bin\x64\Debug\VideoOS.Event.Server.UnitTest.dll" adapterTypeName="executor://mstestadapter/v2" className="VideoOS.Event.Server.UnitTest.Event.EventIdListTest" name="EventIdListTest_BuildEventIds_ThrowsArgumentNullException" />
    </UnitTest>
    <UnitTest name="UpdateObjects_WithValidParameters" storage="d:\actions-runner\_work\xpco\xpco\eventserver\server\components\central\server\unittest\bin\x64\debug\videoos.event.server.unittest.dll" id="20617ce6-36f9-6733-8379-e6990cbfa1ef">
      <TestCategory>
        <TestCategoryItem TestCategory="WebService/Map" />
      </TestCategory>
      <Execution id="d861982c-20f2-4805-a2c1-0bb2cd418856" />
      <TestMethod codeBase="D:\actions-runner\_work\XPCO\XPCO\EventServer\Server\Components\Central\Server\unittest\bin\x64\Debug\VideoOS.Event.Server.UnitTest.dll" adapterTypeName="executor://mstestadapter/v2" className="VideoOS.Event.Server.WebService.Map.UnitTest.MapCommandTokenTest" name="UpdateObjects_WithValidParameters" />
    </UnitTest>
    <UnitTest name="TestLoadXmlWithValidNode" storage="d:\actions-runner\_work\xpco\xpco\eventserver\server\components\central\server\unittest\bin\x64\debug\videoos.event.server.unittest.dll" id="01feb38e-4635-81d2-104a-41d47a7d67a5">
      <Execution id="d51bd860-e692-453e-b6b9-a0bc4cda5313" />
      <TestMethod codeBase="D:\actions-runner\_work\XPCO\XPCO\EventServer\Server\Components\Central\Server\unittest\bin\x64\Debug\VideoOS.Event.Server.UnitTest.dll" adapterTypeName="executor://mstestadapter/v2" className="VideoOS.Event.Server.Map.UnitTest.VisualElementStatusCalculatorTest" name="TestLoadXmlWithValidNode" />
    </UnitTest>
    <UnitTest name="GetVisualElementChanges_FilteringAllDifferentServerRelations" storage="d:\actions-runner\_work\xpco\xpco\eventserver\server\components\central\server\unittest\bin\x64\debug\videoos.event.server.unittest.dll" id="b05efe8d-d94c-9ff1-508e-eed12d2e8abb">
      <TestCategory>
        <TestCategoryItem TestCategory="WebService/Map" />
      </TestCategory>
      <Execution id="a00fde21-76fb-4ba9-a791-12981807bd40" />
      <TestMethod codeBase="D:\actions-runner\_work\XPCO\XPCO\EventServer\Server\Components\Central\Server\unittest\bin\x64\Debug\VideoOS.Event.Server.UnitTest.dll" adapterTypeName="executor://mstestadapter/v2" className="VideoOS.Event.Server.WebService.Map.UnitTest.MapCommandTokenTest" name="GetVisualElementChanges_FilteringAllDifferentServerRelations" />
    </UnitTest>
    <UnitTest name="AllEventRetentions_ShouldContainAllGroupsAndDefault_ThatWerePreviouslySet" storage="d:\actions-runner\_work\xpco\xpco\eventserver\server\components\central\server\unittest\bin\x64\debug\videoos.event.server.unittest.dll" id="73052815-243b-f729-0b25-8e22cfe5eb21">
      <Execution id="9f411b4a-495e-492f-b0aa-573ab039d152" />
      <TestMethod codeBase="D:\actions-runner\_work\XPCO\XPCO\EventServer\Server\Components\Central\Server\unittest\bin\x64\Debug\VideoOS.Event.Server.UnitTest.dll" adapterTypeName="executor://mstestadapter/v2" className="VideoOS.Event.Server.UnitTest.Config.EventRetentionConfigTests" name="AllEventRetentions_ShouldContainAllGroupsAndDefault_ThatWerePreviouslySet" />
    </UnitTest>
    <UnitTest name="GetVisualElementChanges_WithZeroTimeout" storage="d:\actions-runner\_work\xpco\xpco\eventserver\server\components\central\server\unittest\bin\x64\debug\videoos.event.server.unittest.dll" id="bcc2542f-2068-b622-e2f2-3cc555e9d8ce">
      <TestCategory>
        <TestCategoryItem TestCategory="WebService/Map" />
      </TestCategory>
      <Execution id="2c9dcf13-b892-49c1-9401-32034a830c55" />
      <TestMethod codeBase="D:\actions-runner\_work\XPCO\XPCO\EventServer\Server\Components\Central\Server\unittest\bin\x64\Debug\VideoOS.Event.Server.UnitTest.dll" adapterTypeName="executor://mstestadapter/v2" className="VideoOS.Event.Server.WebService.Map.UnitTest.MapCommandToken2Test" name="GetVisualElementChanges_WithZeroTimeout" />
    </UnitTest>
    <UnitTest name="TestGetXML" storage="d:\actions-runner\_work\xpco\xpco\eventserver\server\components\central\server\unittest\bin\x64\debug\videoos.event.server.unittest.dll" id="27982400-f5b5-f21e-b696-dede26779e1b">
      <Execution id="92b5ac0e-b53d-481a-bc58-970319ca111f" />
      <TestMethod codeBase="D:\actions-runner\_work\XPCO\XPCO\EventServer\Server\Components\Central\Server\unittest\bin\x64\Debug\VideoOS.Event.Server.UnitTest.dll" adapterTypeName="executor://mstestadapter/v2" className="VideoOS.Event.Server.Map.Data.UnitTest.BoundsStorageTest" name="TestGetXML" />
    </UnitTest>
    <UnitTest name="TestUpdateElementBoundsWithNonExistingId" storage="d:\actions-runner\_work\xpco\xpco\eventserver\server\components\central\server\unittest\bin\x64\debug\videoos.event.server.unittest.dll" id="4210fdd9-d999-b317-21c5-3dcb00a82045">
      <Execution id="45fcc46d-fe3f-44d2-9f91-94cf24ee5812" />
      <TestMethod codeBase="D:\actions-runner\_work\XPCO\XPCO\EventServer\Server\Components\Central\Server\unittest\bin\x64\Debug\VideoOS.Event.Server.UnitTest.dll" adapterTypeName="executor://mstestadapter/v2" className="VideoOS.Event.Server.Map.UnitTest.VisualElementManagerTest" name="TestUpdateElementBoundsWithNonExistingId" />
    </UnitTest>
    <UnitTest name="TestOneACSystemPLUnsupportedButEnabledOneACSystemPLUnsupportedButEnabled" storage="d:\actions-runner\_work\xpco\xpco\eventserver\server\components\central\server\unittest\bin\x64\debug\videoos.event.server.unittest.dll" id="8279d099-96d6-eac9-0f98-2fd4f430960c">
      <TestCategory>
        <TestCategoryItem TestCategory="AccessControlUserIdTransformer" />
      </TestCategory>
      <Execution id="23755704-d2b5-4b94-8a4a-53994995b2b6" />
      <TestMethod codeBase="D:\actions-runner\_work\XPCO\XPCO\EventServer\Server\Components\Central\Server\unittest\bin\x64\Debug\VideoOS.Event.Server.UnitTest.dll" adapterTypeName="executor://mstestadapter/v2" className="VideoOS.Event.Server.UnitTest.Session.AccessControlUserIdTransformerTest" name="TestOneACSystemPLUnsupportedButEnabledOneACSystemPLUnsupportedButEnabled" />
    </UnitTest>
    <UnitTest name="TestUpdateWithNewParentItemId" storage="d:\actions-runner\_work\xpco\xpco\eventserver\server\components\central\server\unittest\bin\x64\debug\videoos.event.server.unittest.dll" id="7eb0a4eb-feaf-9106-c5a4-b2a62712433f">
      <TestCategory>
        <TestCategoryItem TestCategory="MapPlugInInternalItem" />
      </TestCategory>
      <Execution id="6fe1a660-4204-4cc2-9aa2-6dd66231b184" />
      <TestMethod codeBase="D:\actions-runner\_work\XPCO\XPCO\EventServer\Server\Components\Central\Server\unittest\bin\x64\Debug\VideoOS.Event.Server.UnitTest.dll" adapterTypeName="executor://mstestadapter/v2" className="VideoOS.Event.Server.MIP.PlugIn.UnitTest.MapPlugInInternalItemTest" name="TestUpdateWithNewParentItemId" />
    </UnitTest>
    <UnitTest name="TestXmlValidNone" storage="d:\actions-runner\_work\xpco\xpco\eventserver\server\components\central\server\unittest\bin\x64\debug\videoos.event.server.unittest.dll" id="6d906e57-720b-055b-9fb4-621cc72c2f6e">
      <Execution id="3cff5c25-9f36-4b63-8ca3-62c2a45a3144" />
      <TestMethod codeBase="D:\actions-runner\_work\XPCO\XPCO\EventServer\Server\Components\Central\Server\unittest\bin\x64\Debug\VideoOS.Event.Server.UnitTest.dll" adapterTypeName="executor://mstestadapter/v2" className="VideoOS.EventServer.Disable.UnitTest.DisableAlarmItemTest" name="TestXmlValidNone" />
    </UnitTest>
    <UnitTest name="TestGetXMLWithNullValues" storage="d:\actions-runner\_work\xpco\xpco\eventserver\server\components\central\server\unittest\bin\x64\debug\videoos.event.server.unittest.dll" id="f4902f5e-9e3d-9666-eb94-cb4e3db91fc8">
      <Execution id="076056be-f1d9-4ddd-adbf-2e7aa48eb0b1" />
      <TestMethod codeBase="D:\actions-runner\_work\XPCO\XPCO\EventServer\Server\Components\Central\Server\unittest\bin\x64\Debug\VideoOS.Event.Server.UnitTest.dll" adapterTypeName="executor://mstestadapter/v2" className="VideoOS.Event.Server.Map.Data.UnitTest.VisualElementStorageTest" name="TestGetXMLWithNullValues" />
    </UnitTest>
    <UnitTest name="TestGetStatusDetails" storage="d:\actions-runner\_work\xpco\xpco\eventserver\server\components\central\server\unittest\bin\x64\debug\videoos.event.server.unittest.dll" id="25ce9d2e-07f3-f533-4f18-3d0cd17d5891">
      <Execution id="b3897795-458d-4e13-83f3-30e77b43493e" />
      <TestMethod codeBase="D:\actions-runner\_work\XPCO\XPCO\EventServer\Server\Components\Central\Server\unittest\bin\x64\Debug\VideoOS.Event.Server.UnitTest.dll" adapterTypeName="executor://mstestadapter/v2" className="VideoOS.Event.Server.Map.Data.UnitTest.StatusElementMapPlugInTest" name="TestGetStatusDetails" />
    </UnitTest>
    <UnitTest name="TestUpdateObjectsWithInvalidUser" storage="d:\actions-runner\_work\xpco\xpco\eventserver\server\components\central\server\unittest\bin\x64\debug\videoos.event.server.unittest.dll" id="1eaf47a2-60dc-7505-3311-4f2ff75e91fd">
      <TestCategory>
        <TestCategoryItem TestCategory="WebService/Map" />
      </TestCategory>
      <Execution id="9fc68f46-c1e8-490d-baca-8f38775c9a32" />
      <TestMethod codeBase="D:\actions-runner\_work\XPCO\XPCO\EventServer\Server\Components\Central\Server\unittest\bin\x64\Debug\VideoOS.Event.Server.UnitTest.dll" adapterTypeName="executor://mstestadapter/v2" className="VideoOS.Event.Server.WebService.Map.UnitTest.MapCommandToken2Test" name="TestUpdateObjectsWithInvalidUser" />
    </UnitTest>
    <UnitTest name="TestRemoveElementAndChildElementsWithRelationsToDifferentServers" storage="d:\actions-runner\_work\xpco\xpco\eventserver\server\components\central\server\unittest\bin\x64\debug\videoos.event.server.unittest.dll" id="96abae70-804e-22a1-b798-693289176733">
      <Execution id="5afce79d-bc56-4393-bd15-916f698b411c" />
      <TestMethod codeBase="D:\actions-runner\_work\XPCO\XPCO\EventServer\Server\Components\Central\Server\unittest\bin\x64\Debug\VideoOS.Event.Server.UnitTest.dll" adapterTypeName="executor://mstestadapter/v2" className="VideoOS.Event.Server.Map.UnitTest.VisualElementManagerTest" name="TestRemoveElementAndChildElementsWithRelationsToDifferentServers" />
    </UnitTest>
    <UnitTest name="TestGetStatusThrowingUnhandledException" storage="d:\actions-runner\_work\xpco\xpco\eventserver\server\components\central\server\unittest\bin\x64\debug\videoos.event.server.unittest.dll" id="b3bbe266-4686-06fd-00e8-bbec851e17e4">
      <Execution id="662dffd8-7616-4338-9439-214dae49857c" />
      <TestMethod codeBase="D:\actions-runner\_work\XPCO\XPCO\EventServer\Server\Components\Central\Server\unittest\bin\x64\Debug\VideoOS.Event.Server.UnitTest.dll" adapterTypeName="executor://mstestadapter/v2" className="VideoOS.Event.Server.WebService.Status.UnitTest.StatusCommandTokenTest" name="TestGetStatusThrowingUnhandledException" />
    </UnitTest>
    <UnitTest name="StartStopTest" storage="d:\actions-runner\_work\xpco\xpco\eventserver\server\components\central\server\unittest\bin\x64\debug\videoos.event.server.unittest.dll" id="a96676a6-3e98-b905-8bd8-781a670d781b">
      <Execution id="ac4e4f0f-62ed-4fcb-8497-b8a94e44ec75" />
      <TestMethod codeBase="D:\actions-runner\_work\XPCO\XPCO\EventServer\Server\Components\Central\Server\unittest\bin\x64\Debug\VideoOS.Event.Server.UnitTest.dll" adapterTypeName="executor://mstestadapter/v2" className="VideoOS.Event.Server.UnitTest.MIP.Environment.MIPEventTypeProviderTest" name="StartStopTest" />
    </UnitTest>
    <UnitTest name="GetVisualElementObjectTypeTest" storage="d:\actions-runner\_work\xpco\xpco\eventserver\server\components\central\server\unittest\bin\x64\debug\videoos.event.server.unittest.dll" id="ac7d45c0-1e3b-1eeb-0bbd-c6016a588e61">
      <TestCategory>
        <TestCategoryItem TestCategory="Utils" />
      </TestCategory>
      <Execution id="9eacc7a0-fec3-42b9-ac2e-92c386642313" />
      <TestMethod codeBase="D:\actions-runner\_work\XPCO\XPCO\EventServer\Server\Components\Central\Server\unittest\bin\x64\Debug\VideoOS.Event.Server.UnitTest.dll" adapterTypeName="executor://mstestadapter/v2" className="VideoOS.Central.Server.UnitTest.Utils.TypeConverterTest" name="GetVisualElementObjectTypeTest" />
    </UnitTest>
    <UnitTest name="TestXmlValidOne" storage="d:\actions-runner\_work\xpco\xpco\eventserver\server\components\central\server\unittest\bin\x64\debug\videoos.event.server.unittest.dll" id="7a3a0dea-02b1-cc56-4c12-fb536f0999e8">
      <Execution id="746e67a0-d666-4c7f-9bc9-03d33e844e21" />
      <TestMethod codeBase="D:\actions-runner\_work\XPCO\XPCO\EventServer\Server\Components\Central\Server\unittest\bin\x64\Debug\VideoOS.Event.Server.UnitTest.dll" adapterTypeName="executor://mstestadapter/v2" className="VideoOS.EventServer.Disable.UnitTest.DisableAlarmItemTest" name="TestXmlValidOne" />
    </UnitTest>
    <UnitTest name="TestConstructor" storage="d:\actions-runner\_work\xpco\xpco\eventserver\server\components\central\server\unittest\bin\x64\debug\videoos.event.server.unittest.dll" id="4fb72ccd-2bb5-ad9a-c6fb-27993d836d19">
      <Execution id="fcb3d71c-2c81-42dc-a494-aafa9711bf34" />
      <TestMethod codeBase="D:\actions-runner\_work\XPCO\XPCO\EventServer\Server\Components\Central\Server\unittest\bin\x64\Debug\VideoOS.Event.Server.UnitTest.dll" adapterTypeName="executor://mstestadapter/v2" className="VideoOS.Event.Server.WebService.Status.UnitTest.StatusCommandToken2Test" name="TestConstructor" />
    </UnitTest>
    <UnitTest name="TestDeleteObjectsThrowingUnhandledException" storage="d:\actions-runner\_work\xpco\xpco\eventserver\server\components\central\server\unittest\bin\x64\debug\videoos.event.server.unittest.dll" id="772da960-f2ad-972a-fa28-e9bdb8e341f0">
      <TestCategory>
        <TestCategoryItem TestCategory="WebService/Map" />
      </TestCategory>
      <Execution id="474891f6-47a7-4172-9689-306a8a997cac" />
      <TestMethod codeBase="D:\actions-runner\_work\XPCO\XPCO\EventServer\Server\Components\Central\Server\unittest\bin\x64\Debug\VideoOS.Event.Server.UnitTest.dll" adapterTypeName="executor://mstestadapter/v2" className="VideoOS.Event.Server.WebService.Map.UnitTest.MapCommandToken2Test" name="TestDeleteObjectsThrowingUnhandledException" />
    </UnitTest>
    <UnitTest name="TestGetItemStatusDetailsWithUnknownType" storage="d:\actions-runner\_work\xpco\xpco\eventserver\server\components\central\server\unittest\bin\x64\debug\videoos.event.server.unittest.dll" id="2424394d-3dc8-929b-c4f6-779908e3129b">
      <TestCategory>
        <TestCategoryItem TestCategory="MapPlugInManagerTest" />
      </TestCategory>
      <Execution id="2d85b22b-f25f-47cc-958d-f9060c49174c" />
      <TestMethod codeBase="D:\actions-runner\_work\XPCO\XPCO\EventServer\Server\Components\Central\Server\unittest\bin\x64\Debug\VideoOS.Event.Server.UnitTest.dll" adapterTypeName="executor://mstestadapter/v2" className="VideoOS.Event.Server.MIP.PlugIn.UnitTest.MapPlugInManagerTest" name="TestGetItemStatusDetailsWithUnknownType" />
    </UnitTest>
    <UnitTest name="AccessControlRetention_ShouldBe30Days_ByDefault" storage="d:\actions-runner\_work\xpco\xpco\eventserver\server\components\central\server\unittest\bin\x64\debug\videoos.event.server.unittest.dll" id="e13f6ea5-95e8-7429-84b4-a5809f76cb83">
      <Execution id="e79227ba-b187-404d-af39-06a1edfbbcfb" />
      <TestMethod codeBase="D:\actions-runner\_work\XPCO\XPCO\EventServer\Server\Components\Central\Server\unittest\bin\x64\Debug\VideoOS.Event.Server.UnitTest.dll" adapterTypeName="executor://mstestadapter/v2" className="VideoOS.Event.Server.UnitTest.Config.EventRetentionConfigTests" name="AccessControlRetention_ShouldBe30Days_ByDefault" />
    </UnitTest>
    <UnitTest name="TestGetPlugInItemChangesWithInvalidUser" storage="d:\actions-runner\_work\xpco\xpco\eventserver\server\components\central\server\unittest\bin\x64\debug\videoos.event.server.unittest.dll" id="bd13d3be-2b69-2191-9edd-a13c4674c882">
      <TestCategory>
        <TestCategoryItem TestCategory="WebService/Map" />
      </TestCategory>
      <Execution id="34bc6ae8-37cc-4dee-adcc-9eeb8d6e1b3d" />
      <TestMethod codeBase="D:\actions-runner\_work\XPCO\XPCO\EventServer\Server\Components\Central\Server\unittest\bin\x64\Debug\VideoOS.Event.Server.UnitTest.dll" adapterTypeName="executor://mstestadapter/v2" className="VideoOS.Event.Server.WebService.Map.UnitTest.MapCommandToken2Test" name="TestGetPlugInItemChangesWithInvalidUser" />
    </UnitTest>
    <UnitTest name="TestGetItemOperationalStateWithUnknownType" storage="d:\actions-runner\_work\xpco\xpco\eventserver\server\components\central\server\unittest\bin\x64\debug\videoos.event.server.unittest.dll" id="84728403-b075-0630-859d-2be772a02544">
      <TestCategory>
        <TestCategoryItem TestCategory="MapPlugInManagerTest" />
      </TestCategory>
      <Execution id="1a313cd3-c118-430c-82eb-47d218c65335" />
      <TestMethod codeBase="D:\actions-runner\_work\XPCO\XPCO\EventServer\Server\Components\Central\Server\unittest\bin\x64\Debug\VideoOS.Event.Server.UnitTest.dll" adapterTypeName="executor://mstestadapter/v2" className="VideoOS.Event.Server.MIP.PlugIn.UnitTest.MapPlugInManagerTest" name="TestGetItemOperationalStateWithUnknownType" />
    </UnitTest>
    <UnitTest name="TestItemsWithItemIdsAll" storage="d:\actions-runner\_work\xpco\xpco\eventserver\server\components\central\server\unittest\bin\x64\debug\videoos.event.server.unittest.dll" id="77c0946a-35e6-2594-81e6-6e9900eb9d47">
      <Execution id="ba8b1cbb-59f1-438b-b10d-e42b61a4d60e" />
      <TestMethod codeBase="D:\actions-runner\_work\XPCO\XPCO\EventServer\Server\Components\Central\Server\unittest\bin\x64\Debug\VideoOS.Event.Server.UnitTest.dll" adapterTypeName="executor://mstestadapter/v2" className="VideoOS.Event.Server.MIP.PlugIn.UnitTest.MapPlugInTypeEventHandlerTest" name="TestItemsWithItemIdsAll" />
    </UnitTest>
    <UnitTest name="TestStart" storage="d:\actions-runner\_work\xpco\xpco\eventserver\server\components\central\server\unittest\bin\x64\debug\videoos.event.server.unittest.dll" id="d7b4be10-2260-740b-15c5-ed700c8a8036">
      <Execution id="c39b781c-d216-4162-9c8b-13ea4769b95b" />
      <TestMethod codeBase="D:\actions-runner\_work\XPCO\XPCO\EventServer\Server\Components\Central\Server\unittest\bin\x64\Debug\VideoOS.Event.Server.UnitTest.dll" adapterTypeName="executor://mstestadapter/v2" className="VideoOS.Central.Server.Communication.UnitTest.FeatureFetcherTest" name="TestStart" />
    </UnitTest>
    <UnitTest name="TestGetElementWithInvalidId" storage="d:\actions-runner\_work\xpco\xpco\eventserver\server\components\central\server\unittest\bin\x64\debug\videoos.event.server.unittest.dll" id="91fc9898-562e-ac60-b27b-73fa95a2dbfc">
      <Execution id="ea8e94b6-0ef2-48c6-9c14-085687ae8d21" />
      <TestMethod codeBase="D:\actions-runner\_work\XPCO\XPCO\EventServer\Server\Components\Central\Server\unittest\bin\x64\Debug\VideoOS.Event.Server.UnitTest.dll" adapterTypeName="executor://mstestadapter/v2" className="VideoOS.Event.Server.Map.UnitTest.VisualElementManagerTest" name="TestGetElementWithInvalidId" />
    </UnitTest>
    <UnitTest name="TestGetAllObjectsOfTypeWithValidParameters" storage="d:\actions-runner\_work\xpco\xpco\eventserver\server\components\central\server\unittest\bin\x64\debug\videoos.event.server.unittest.dll" id="ecd41b4b-be5f-ac5a-522b-5bb4188712e6">
      <TestCategory>
        <TestCategoryItem TestCategory="WebService/Map" />
      </TestCategory>
      <Execution id="e9e958e1-2b64-4473-9e71-951b64e7faca" />
      <TestMethod codeBase="D:\actions-runner\_work\XPCO\XPCO\EventServer\Server\Components\Central\Server\unittest\bin\x64\Debug\VideoOS.Event.Server.UnitTest.dll" adapterTypeName="executor://mstestadapter/v2" className="VideoOS.Event.Server.WebService.Map.UnitTest.MapCommandCredentialsTest" name="TestGetAllObjectsOfTypeWithValidParameters" />
    </UnitTest>
    <UnitTest name="TestConstructorWithVisualElement" storage="d:\actions-runner\_work\xpco\xpco\eventserver\server\components\central\server\unittest\bin\x64\debug\videoos.event.server.unittest.dll" id="eb2f2cd7-c193-fc00-42d8-b5c3c4bea8bc">
      <Execution id="74f4e8b8-4ae8-4a63-8713-80835815c2bb" />
      <TestMethod codeBase="D:\actions-runner\_work\XPCO\XPCO\EventServer\Server\Components\Central\Server\unittest\bin\x64\Debug\VideoOS.Event.Server.UnitTest.dll" adapterTypeName="executor://mstestadapter/v2" className="VideoOS.Event.Server.Map.Data.UnitTest.StatusElementForeignTest" name="TestConstructorWithVisualElement" />
    </UnitTest>
    <UnitTest name="TestAddUserAfterStart" storage="d:\actions-runner\_work\xpco\xpco\eventserver\server\components\central\server\unittest\bin\x64\debug\videoos.event.server.unittest.dll" id="cc2dff21-ba04-a7ac-99ca-7f01ecfb6b50">
      <TestCategory>
        <TestCategoryItem TestCategory="PermissionManagerFetcher" />
      </TestCategory>
      <Execution id="6edaeb27-45d3-4f56-8005-95629a0c95ff" />
      <TestMethod codeBase="D:\actions-runner\_work\XPCO\XPCO\EventServer\Server\Components\Central\Server\unittest\bin\x64\Debug\VideoOS.Event.Server.UnitTest.dll" adapterTypeName="executor://mstestadapter/v2" className="VideoOS.Event.Server.UnitTest.Security.PermissionFetcherTest" name="TestAddUserAfterStart" />
    </UnitTest>
    <UnitTest name="WebServiceTest_CreateServiceMetadataBehavior" storage="d:\actions-runner\_work\xpco\xpco\eventserver\server\components\central\server\unittest\bin\x64\debug\videoos.event.server.unittest.dll" id="0f8f162f-04c8-93b6-bc09-ad6b2b579c3e">
      <Execution id="3b64e88d-cab7-4df3-876b-b49627aa4933" />
      <TestMethod codeBase="D:\actions-runner\_work\XPCO\XPCO\EventServer\Server\Components\Central\Server\unittest\bin\x64\Debug\VideoOS.Event.Server.UnitTest.dll" adapterTypeName="executor://mstestadapter/v2" className="VideoOS.Event.Server.UnitTest.WebService.WebServiceTest" name="WebServiceTest_CreateServiceMetadataBehavior" />
    </UnitTest>
    <UnitTest name="TestUpdateObjectsWithServerIDInRelationID" storage="d:\actions-runner\_work\xpco\xpco\eventserver\server\components\central\server\unittest\bin\x64\debug\videoos.event.server.unittest.dll" id="a03feeed-1bbf-cf6a-a8a9-3a2d71ce8049">
      <TestCategory>
        <TestCategoryItem TestCategory="WebService/Map" />
      </TestCategory>
      <Execution id="e5d49168-9652-4f03-8708-d97f8e7b67b4" />
      <TestMethod codeBase="D:\actions-runner\_work\XPCO\XPCO\EventServer\Server\Components\Central\Server\unittest\bin\x64\Debug\VideoOS.Event.Server.UnitTest.dll" adapterTypeName="executor://mstestadapter/v2" className="VideoOS.Event.Server.WebService.Map.UnitTest.MapCommandTokenTest" name="TestUpdateObjectsWithServerIDInRelationID" />
    </UnitTest>
    <UnitTest name="TestUpdateElementBoundsWithOldTimestampAndForce" storage="d:\actions-runner\_work\xpco\xpco\eventserver\server\components\central\server\unittest\bin\x64\debug\videoos.event.server.unittest.dll" id="6ac0cf3c-db4c-fde0-6a5a-d4869aa3cb65">
      <Execution id="437f583f-7564-4ff3-b543-969f89f0ea08" />
      <TestMethod codeBase="D:\actions-runner\_work\XPCO\XPCO\EventServer\Server\Components\Central\Server\unittest\bin\x64\Debug\VideoOS.Event.Server.UnitTest.dll" adapterTypeName="executor://mstestadapter/v2" className="VideoOS.Event.Server.Map.UnitTest.VisualElementManagerTest" name="TestUpdateElementBoundsWithOldTimestampAndForce" />
    </UnitTest>
    <UnitTest name="TestGetAllElementsOfTypeIncludeRootOnSingleTree" storage="d:\actions-runner\_work\xpco\xpco\eventserver\server\components\central\server\unittest\bin\x64\debug\videoos.event.server.unittest.dll" id="06c41f3f-b907-8887-c033-31260fa78eef">
      <Execution id="19e5e8ca-f3f5-4255-a258-0210742f8509" />
      <TestMethod codeBase="D:\actions-runner\_work\XPCO\XPCO\EventServer\Server\Components\Central\Server\unittest\bin\x64\Debug\VideoOS.Event.Server.UnitTest.dll" adapterTypeName="executor://mstestadapter/v2" className="VideoOS.Event.Server.Map.UnitTest.VisualElementManagerTest" name="TestGetAllElementsOfTypeIncludeRootOnSingleTree" />
    </UnitTest>
    <UnitTest name="TestSetVisualizationThrowingUnhandledException" storage="d:\actions-runner\_work\xpco\xpco\eventserver\server\components\central\server\unittest\bin\x64\debug\videoos.event.server.unittest.dll" id="2f123298-872a-ab68-13c5-f31ac74304cf">
      <Execution id="cf89d11b-ffb5-4836-bc98-94b7b90b7c89" />
      <TestMethod codeBase="D:\actions-runner\_work\XPCO\XPCO\EventServer\Server\Components\Central\Server\unittest\bin\x64\Debug\VideoOS.Event.Server.UnitTest.dll" adapterTypeName="executor://mstestadapter/v2" className="VideoOS.Event.Server.WebService.Status.UnitTest.StatusCommandCredentialsTest" name="TestSetVisualizationThrowingUnhandledException" />
    </UnitTest>
    <UnitTest name="TestGetAllObjectIDsOnVisualElementThrowingUnhandledException" storage="d:\actions-runner\_work\xpco\xpco\eventserver\server\components\central\server\unittest\bin\x64\debug\videoos.event.server.unittest.dll" id="72f7ef9e-d85d-d440-d8d3-354ecc2e1b75">
      <TestCategory>
        <TestCategoryItem TestCategory="WebService/Map" />
      </TestCategory>
      <Execution id="2d7307bf-1948-4209-826e-a72b863cc762" />
      <TestMethod codeBase="D:\actions-runner\_work\XPCO\XPCO\EventServer\Server\Components\Central\Server\unittest\bin\x64\Debug\VideoOS.Event.Server.UnitTest.dll" adapterTypeName="executor://mstestadapter/v2" className="VideoOS.Event.Server.WebService.Map.UnitTest.MapCommandTokenTest" name="TestGetAllObjectIDsOnVisualElementThrowingUnhandledException" />
    </UnitTest>
    <UnitTest name="TestGetStatusTreeStructureWithComplexCyclicRelation" storage="d:\actions-runner\_work\xpco\xpco\eventserver\server\components\central\server\unittest\bin\x64\debug\videoos.event.server.unittest.dll" id="d14e3f39-9a27-090e-fd4a-a1404886c886">
      <Execution id="dd50f8c7-cf31-4bfc-97cd-5278cd5b8b55" />
      <TestMethod codeBase="D:\actions-runner\_work\XPCO\XPCO\EventServer\Server\Components\Central\Server\unittest\bin\x64\Debug\VideoOS.Event.Server.UnitTest.dll" adapterTypeName="executor://mstestadapter/v2" className="VideoOS.Event.Server.Map.UnitTest.VisualElementStatusCalculatorTest" name="TestGetStatusTreeStructureWithComplexCyclicRelation" />
    </UnitTest>
    <UnitTest name="TestGetAllObjectsOnVisualElementThrowingUnhandledException" storage="d:\actions-runner\_work\xpco\xpco\eventserver\server\components\central\server\unittest\bin\x64\debug\videoos.event.server.unittest.dll" id="db1cf4cf-9e8e-00a9-a41f-122fcf4b358a">
      <TestCategory>
        <TestCategoryItem TestCategory="WebService/Map" />
      </TestCategory>
      <Execution id="d5f48ba1-784e-472c-8d69-9a1493b07fcf" />
      <TestMethod codeBase="D:\actions-runner\_work\XPCO\XPCO\EventServer\Server\Components\Central\Server\unittest\bin\x64\Debug\VideoOS.Event.Server.UnitTest.dll" adapterTypeName="executor://mstestadapter/v2" className="VideoOS.Event.Server.WebService.Map.UnitTest.MapCommandToken2Test" name="TestGetAllObjectsOnVisualElementThrowingUnhandledException" />
    </UnitTest>
    <UnitTest name="TestCacheCleanupMultipleSessionsSingleUserIdTouch" storage="d:\actions-runner\_work\xpco\xpco\eventserver\server\components\central\server\unittest\bin\x64\debug\videoos.event.server.unittest.dll" id="b285b47f-41f0-c77d-9d57-63601810b57b">
      <TestCategory>
        <TestCategoryItem TestCategory="SessionCache" />
      </TestCategory>
      <Execution id="44fa6070-ac92-46f8-96aa-0847da9a4477" />
      <TestMethod codeBase="D:\actions-runner\_work\XPCO\XPCO\EventServer\Server\Components\Central\Server\unittest\bin\x64\Debug\VideoOS.Event.Server.UnitTest.dll" adapterTypeName="executor://mstestadapter/v2" className="VideoOS.Event.Server.UnitTest.Session.SessionCacheCleanupTest" name="TestCacheCleanupMultipleSessionsSingleUserIdTouch" />
    </UnitTest>
    <UnitTest name="TestRemoveElementAndChildElementsWithEmptyId" storage="d:\actions-runner\_work\xpco\xpco\eventserver\server\components\central\server\unittest\bin\x64\debug\videoos.event.server.unittest.dll" id="05f743d1-937a-7d43-9e19-5edaf4c25bb7">
      <Execution id="98c8f816-8821-4c90-8307-d1be6e964c4d" />
      <TestMethod codeBase="D:\actions-runner\_work\XPCO\XPCO\EventServer\Server\Components\Central\Server\unittest\bin\x64\Debug\VideoOS.Event.Server.UnitTest.dll" adapterTypeName="executor://mstestadapter/v2" className="VideoOS.Event.Server.Map.UnitTest.VisualElementManagerTest" name="TestRemoveElementAndChildElementsWithEmptyId" />
    </UnitTest>
    <UnitTest name="TestMultipleSessionsSingleUserId" storage="d:\actions-runner\_work\xpco\xpco\eventserver\server\components\central\server\unittest\bin\x64\debug\videoos.event.server.unittest.dll" id="094bba8f-c3e2-d36c-6093-90d928e3ff38">
      <TestCategory>
        <TestCategoryItem TestCategory="SessionCache" />
      </TestCategory>
      <Execution id="2bc0373b-4fe9-4f6f-b340-537a83b41d88" />
      <TestMethod codeBase="D:\actions-runner\_work\XPCO\XPCO\EventServer\Server\Components\Central\Server\unittest\bin\x64\Debug\VideoOS.Event.Server.UnitTest.dll" adapterTypeName="executor://mstestadapter/v2" className="VideoOS.Event.Server.UnitTest.Session.SessionCacheTest" name="TestMultipleSessionsSingleUserId" />
    </UnitTest>
    <UnitTest name="TestActionHandlerStopNotStarted" storage="d:\actions-runner\_work\xpco\xpco\eventserver\server\components\central\server\unittest\bin\x64\debug\videoos.event.server.unittest.dll" id="ca460ab7-0633-570a-3f65-82ba50f53cf4">
      <Execution id="ec5e2b34-19b9-45cb-9c72-9a226c47da29" />
      <TestMethod codeBase="D:\actions-runner\_work\XPCO\XPCO\EventServer\Server\Components\Central\Server\unittest\bin\x64\Debug\VideoOS.Event.Server.UnitTest.dll" adapterTypeName="executor://mstestadapter/v2" className="VideoOS.Event.Server.UnitTest.XPCORuleSystem.MipActionHandlerTest" name="TestActionHandlerStopNotStarted" />
    </UnitTest>
    <UnitTest name="TestGetStatisticsException" storage="d:\actions-runner\_work\xpco\xpco\eventserver\server\components\central\server\unittest\bin\x64\debug\videoos.event.server.unittest.dll" id="84a733c7-39c1-519f-9053-6cfcae8c2ec4">
      <Execution id="10ccfeee-0765-4971-b064-a0d6454897a4" />
      <TestMethod codeBase="D:\actions-runner\_work\XPCO\XPCO\EventServer\Server\Components\Central\Server\unittest\bin\x64\Debug\VideoOS.Event.Server.UnitTest.dll" adapterTypeName="executor://mstestadapter/v2" className="VideoOS.Event.Server.WebService.Alarm.UnitTest.AlarmCommandTokenTest" name="TestGetStatisticsException" />
    </UnitTest>
    <UnitTest name="TestDeleteObjectsNotAuthenticated" storage="d:\actions-runner\_work\xpco\xpco\eventserver\server\components\central\server\unittest\bin\x64\debug\videoos.event.server.unittest.dll" id="932a96af-2988-0a99-80b8-e39fd0c1fc40">
      <TestCategory>
        <TestCategoryItem TestCategory="WebService/Map" />
      </TestCategory>
      <Execution id="8bb0a584-8515-4aba-9540-1cb204ce0dc1" />
      <TestMethod codeBase="D:\actions-runner\_work\XPCO\XPCO\EventServer\Server\Components\Central\Server\unittest\bin\x64\Debug\VideoOS.Event.Server.UnitTest.dll" adapterTypeName="executor://mstestadapter/v2" className="VideoOS.Event.Server.WebService.Map.UnitTest.MapCommandCredentialsTest" name="TestDeleteObjectsNotAuthenticated" />
    </UnitTest>
    <UnitTest name="TestUpdateState" storage="d:\actions-runner\_work\xpco\xpco\eventserver\server\components\central\server\unittest\bin\x64\debug\videoos.event.server.unittest.dll" id="85bdef9d-5e1c-84ca-4f17-43b92841d07e">
      <Execution id="4d89fcab-7807-47d0-8106-59456d0feefc" />
      <TestMethod codeBase="D:\actions-runner\_work\XPCO\XPCO\EventServer\Server\Components\Central\Server\unittest\bin\x64\Debug\VideoOS.Event.Server.UnitTest.dll" adapterTypeName="executor://mstestadapter/v2" className="VideoOS.Event.Server.Map.Data.UnitTest.StatusElementForeignTest" name="TestUpdateState" />
    </UnitTest>
    <UnitTest name="TestUpdateBoundsWithValidParameters" storage="d:\actions-runner\_work\xpco\xpco\eventserver\server\components\central\server\unittest\bin\x64\debug\videoos.event.server.unittest.dll" id="1a9e547a-3ec4-7799-7810-1748b9939ecd">
      <TestCategory>
        <TestCategoryItem TestCategory="WebService/Map" />
      </TestCategory>
      <Execution id="fa469529-36d2-4a02-b3e1-e0bb21bb1450" />
      <TestMethod codeBase="D:\actions-runner\_work\XPCO\XPCO\EventServer\Server\Components\Central\Server\unittest\bin\x64\Debug\VideoOS.Event.Server.UnitTest.dll" adapterTypeName="executor://mstestadapter/v2" className="VideoOS.Event.Server.WebService.Map.UnitTest.MapCommandCredentialsTest" name="TestUpdateBoundsWithValidParameters" />
    </UnitTest>
    <UnitTest name="TestValidateWithIncorrectUserTypeBasicUser" storage="d:\actions-runner\_work\xpco\xpco\eventserver\server\components\central\server\unittest\bin\x64\debug\videoos.event.server.unittest.dll" id="d8eaa450-d2bd-a831-8272-f5ba42f1fec8">
      <Execution id="436b0f1b-87c6-44c4-97a7-f7d3fb798785" />
      <TestMethod codeBase="D:\actions-runner\_work\XPCO\XPCO\EventServer\Server\Components\Central\Server\unittest\bin\x64\Debug\VideoOS.Event.Server.UnitTest.dll" adapterTypeName="executor://mstestadapter/v2" className="VideoOS.EventServer.UnitTest.UserValidation.AccessControlCredentialValidationTest" name="TestValidateWithIncorrectUserTypeBasicUser" />
    </UnitTest>
    <UnitTest name="TestConstructor" storage="d:\actions-runner\_work\xpco\xpco\eventserver\server\components\central\server\unittest\bin\x64\debug\videoos.event.server.unittest.dll" id="7da7c86d-88f1-5b5d-59f9-4dc00dc7d18b">
      <Execution id="61b67f0d-c1d1-4803-89f8-9054353d3315" />
      <TestMethod codeBase="D:\actions-runner\_work\XPCO\XPCO\EventServer\Server\Components\Central\Server\unittest\bin\x64\Debug\VideoOS.Event.Server.UnitTest.dll" adapterTypeName="executor://mstestadapter/v2" className="VideoOS.Event.Server.Communication.Data.UnitTest.SiteInfoEngineTest" name="TestConstructor" />
    </UnitTest>
    <UnitTest name="TestCopyConstructor" storage="d:\actions-runner\_work\xpco\xpco\eventserver\server\components\central\server\unittest\bin\x64\debug\videoos.event.server.unittest.dll" id="d1937577-6d87-7b55-fb65-0910bffe4dc1">
      <Execution id="5eaad8e3-d6a3-438e-86b6-b15184478b17" />
      <TestMethod codeBase="D:\actions-runner\_work\XPCO\XPCO\EventServer\Server\Components\Central\Server\unittest\bin\x64\Debug\VideoOS.Event.Server.UnitTest.dll" adapterTypeName="executor://mstestadapter/v2" className="VideoOS.Event.Server.Map.Data.UnitTest.StatusElementDeviceTest" name="TestCopyConstructor" />
    </UnitTest>
    <UnitTest name="Handle_ShouldFlattenPriorityValue_WhenValuesIncludePriorityInt" storage="d:\actions-runner\_work\xpco\xpco\eventserver\server\components\central\server\unittest\bin\x64\debug\videoos.event.server.unittest.dll" id="250170b2-10b9-0c8d-c0eb-dcdd23fa17a6">
      <Execution id="89fb72c4-5883-4a8e-8f2e-6e09dcd050a9" />
      <TestMethod codeBase="D:\actions-runner\_work\XPCO\XPCO\EventServer\Server\Components\Central\Server\unittest\bin\x64\Debug\VideoOS.Event.Server.UnitTest.dll" adapterTypeName="executor://mstestadapter/v2" className="VideoOS.Event.Server.UnitTest.Alarm.Processors.UpdateAlarms.UpdateAlarmCompositeValueHandlerTests" name="Handle_ShouldFlattenPriorityValue_WhenValuesIncludePriorityInt" />
    </UnitTest>
    <UnitTest name="TestGetAllObjectIDsOnVisualElementWithInvalidUser" storage="d:\actions-runner\_work\xpco\xpco\eventserver\server\components\central\server\unittest\bin\x64\debug\videoos.event.server.unittest.dll" id="1d7b4bc5-a1ca-c2fd-17bb-f050e55a81e6">
      <TestCategory>
        <TestCategoryItem TestCategory="WebService/Map" />
      </TestCategory>
      <Execution id="f9b9295d-cf4d-45b6-ad3a-cea260734e6c" />
      <TestMethod codeBase="D:\actions-runner\_work\XPCO\XPCO\EventServer\Server\Components\Central\Server\unittest\bin\x64\Debug\VideoOS.Event.Server.UnitTest.dll" adapterTypeName="executor://mstestadapter/v2" className="VideoOS.Event.Server.WebService.Map.UnitTest.MapCommandToken2Test" name="TestGetAllObjectIDsOnVisualElementWithInvalidUser" />
    </UnitTest>
    <UnitTest name="HasStateUpdate_ShouldReturnTrue_WhenListContainsOneUpdateWithDifferentStates" storage="d:\actions-runner\_work\xpco\xpco\eventserver\server\components\central\server\unittest\bin\x64\debug\videoos.event.server.unittest.dll" id="b54d77b2-84ea-8a67-b4f0-f35f9bb7857b">
      <Execution id="463c092f-7b1a-41f6-8025-589de4b6d75c" />
      <TestMethod codeBase="D:\actions-runner\_work\XPCO\XPCO\EventServer\Server\Components\Central\Server\unittest\bin\x64\Debug\VideoOS.Event.Server.UnitTest.dll" adapterTypeName="executor://mstestadapter/v2" className="VideoOS.Event.Server.UnitTest.Alarm.AlarmActionItems.StateUpdateHelperTest" name="HasStateUpdate_ShouldReturnTrue_WhenListContainsOneUpdateWithDifferentStates" />
    </UnitTest>
    <UnitTest name="UpdateObject_WithValidParameters" storage="d:\actions-runner\_work\xpco\xpco\eventserver\server\components\central\server\unittest\bin\x64\debug\videoos.event.server.unittest.dll" id="ab798f06-3bf6-045e-1892-75901f2e7685">
      <TestCategory>
        <TestCategoryItem TestCategory="WebService/Map" />
      </TestCategory>
      <Execution id="835c3317-8bb4-414b-aeb1-f6f23867d7db" />
      <TestMethod codeBase="D:\actions-runner\_work\XPCO\XPCO\EventServer\Server\Components\Central\Server\unittest\bin\x64\Debug\VideoOS.Event.Server.UnitTest.dll" adapterTypeName="executor://mstestadapter/v2" className="VideoOS.Event.Server.WebService.Map.UnitTest.MapCommandToken2Test" name="UpdateObject_WithValidParameters" />
    </UnitTest>
    <UnitTest name="TestLoadXMLWithNoInnerText" storage="d:\actions-runner\_work\xpco\xpco\eventserver\server\components\central\server\unittest\bin\x64\debug\videoos.event.server.unittest.dll" id="3fa55667-086b-69ce-de5e-39864f868468">
      <Execution id="81a76e3d-879d-4369-af38-7d71664ceeea" />
      <TestMethod codeBase="D:\actions-runner\_work\XPCO\XPCO\EventServer\Server\Components\Central\Server\unittest\bin\x64\Debug\VideoOS.Event.Server.UnitTest.dll" adapterTypeName="executor://mstestadapter/v2" className="VideoOS.Event.Server.Map.Data.UnitTest.VisualizationStateStorageTest" name="TestLoadXMLWithNoInnerText" />
    </UnitTest>
    <UnitTest name="TestConstructor" storage="d:\actions-runner\_work\xpco\xpco\eventserver\server\components\central\server\unittest\bin\x64\debug\videoos.event.server.unittest.dll" id="368418bf-f735-1c99-a6a6-9f37952f2bb7">
      <Execution id="76c2a02a-7cbc-4201-a402-ab63ed62cc86" />
      <TestMethod codeBase="D:\actions-runner\_work\XPCO\XPCO\EventServer\Server\Components\Central\Server\unittest\bin\x64\Debug\VideoOS.Event.Server.UnitTest.dll" adapterTypeName="executor://mstestadapter/v2" className="VideoOS.Event.Server.MIP.PlugIn.UnitTest.MapPlugInEventHandlerTest" name="TestConstructor" />
    </UnitTest>
    <UnitTest name="TestGetIconDataWithInvalidUser" storage="d:\actions-runner\_work\xpco\xpco\eventserver\server\components\central\server\unittest\bin\x64\debug\videoos.event.server.unittest.dll" id="3b44561b-0ad1-5468-2908-3864d1c7aedc">
      <TestCategory>
        <TestCategoryItem TestCategory="WebService/Map" />
      </TestCategory>
      <Execution id="6c8cc8c7-700a-4738-8eca-87987f18ed62" />
      <TestMethod codeBase="D:\actions-runner\_work\XPCO\XPCO\EventServer\Server\Components\Central\Server\unittest\bin\x64\Debug\VideoOS.Event.Server.UnitTest.dll" adapterTypeName="executor://mstestadapter/v2" className="VideoOS.Event.Server.WebService.Map.UnitTest.MapCommandTokenTest" name="TestGetIconDataWithInvalidUser" />
    </UnitTest>
    <UnitTest name="TestGetObjectsWithinGPSAreaWithInvalidUser" storage="d:\actions-runner\_work\xpco\xpco\eventserver\server\components\central\server\unittest\bin\x64\debug\videoos.event.server.unittest.dll" id="6a17ffe4-7e07-899a-6465-91e72bdbf468">
      <TestCategory>
        <TestCategoryItem TestCategory="WebService/Map" />
      </TestCategory>
      <Execution id="bee0cdea-eb2f-4ab9-99ab-ef5eeea34682" />
      <TestMethod codeBase="D:\actions-runner\_work\XPCO\XPCO\EventServer\Server\Components\Central\Server\unittest\bin\x64\Debug\VideoOS.Event.Server.UnitTest.dll" adapterTypeName="executor://mstestadapter/v2" className="VideoOS.Event.Server.WebService.Map.UnitTest.MapCommandTokenTest" name="TestGetObjectsWithinGPSAreaWithInvalidUser" />
    </UnitTest>
    <UnitTest name="TestUpdateAlarmWithState" storage="d:\actions-runner\_work\xpco\xpco\eventserver\server\components\central\server\unittest\bin\x64\debug\videoos.event.server.unittest.dll" id="e882c110-d54b-b53d-28f8-466fc33e4948">
      <Execution id="4225c91e-b5bd-4a3f-bee7-4907c154369b" />
      <TestMethod codeBase="D:\actions-runner\_work\XPCO\XPCO\EventServer\Server\Components\Central\Server\unittest\bin\x64\Debug\VideoOS.Event.Server.UnitTest.dll" adapterTypeName="executor://mstestadapter/v2" className="VideoOS.Event.Server.WebService.Alarm.UnitTest.AlarmCommandTokenTest" name="TestUpdateAlarmWithState" />
    </UnitTest>
    <UnitTest name="WebServiceCommandBaseTest_UserAndParameterValidation_Success" storage="d:\actions-runner\_work\xpco\xpco\eventserver\server\components\central\server\unittest\bin\x64\debug\videoos.event.server.unittest.dll" id="8e643550-5c8a-fe3c-9540-1a420ec44dc1">
      <Execution id="b042422c-ebda-4801-9e6b-c3af56e0e516" />
      <TestMethod codeBase="D:\actions-runner\_work\XPCO\XPCO\EventServer\Server\Components\Central\Server\unittest\bin\x64\Debug\VideoOS.Event.Server.UnitTest.dll" adapterTypeName="executor://mstestadapter/v2" className="VideoOS.Event.Server.UnitTest.WebService.Action.WebServiceAdminCommandBaseTest" name="WebServiceCommandBaseTest_UserAndParameterValidation_Success" />
    </UnitTest>
    <UnitTest name="TestGetPlugInItemChangesWithNoChangedItems" storage="d:\actions-runner\_work\xpco\xpco\eventserver\server\components\central\server\unittest\bin\x64\debug\videoos.event.server.unittest.dll" id="6253d1ca-acb7-f42f-0dd6-8dd1875bff7a">
      <TestCategory>
        <TestCategoryItem TestCategory="MapPlugInManagerTest" />
      </TestCategory>
      <Execution id="9016b67e-8f2e-4741-b4af-0a47a56db65e" />
      <TestMethod codeBase="D:\actions-runner\_work\XPCO\XPCO\EventServer\Server\Components\Central\Server\unittest\bin\x64\Debug\VideoOS.Event.Server.UnitTest.dll" adapterTypeName="executor://mstestadapter/v2" className="VideoOS.Event.Server.MIP.PlugIn.UnitTest.MapPlugInManagerTest" name="TestGetPlugInItemChangesWithNoChangedItems" />
    </UnitTest>
    <UnitTest name="AddSoundAlreadyRemovedTest" storage="d:\actions-runner\_work\xpco\xpco\eventserver\server\components\central\server\unittest\bin\x64\debug\videoos.event.server.unittest.dll" id="656f95db-014c-5ee9-06b7-7ba025853223">
      <Execution id="b4e166ec-993a-4ec6-b204-41544b184a00" />
      <TestMethod codeBase="D:\actions-runner\_work\XPCO\XPCO\EventServer\Server\Components\Central\Server\unittest\bin\x64\Debug\VideoOS.Event.Server.UnitTest.dll" adapterTypeName="executor://mstestadapter/v2" className="VideoOS.Event.Server.Sound.UnitTest.SoundManagerTest" name="AddSoundAlreadyRemovedTest" />
    </UnitTest>
    <UnitTest name="GetIconData_WithValidParameters" storage="d:\actions-runner\_work\xpco\xpco\eventserver\server\components\central\server\unittest\bin\x64\debug\videoos.event.server.unittest.dll" id="4c2a3e3a-4e91-afcb-3da6-8ae1412bc169">
      <TestCategory>
        <TestCategoryItem TestCategory="WebService/Map" />
      </TestCategory>
      <Execution id="87591ecc-8333-41af-bbdf-dddc713f8bbc" />
      <TestMethod codeBase="D:\actions-runner\_work\XPCO\XPCO\EventServer\Server\Components\Central\Server\unittest\bin\x64\Debug\VideoOS.Event.Server.UnitTest.dll" adapterTypeName="executor://mstestadapter/v2" className="VideoOS.Event.Server.WebService.Map.UnitTest.MapCommandToken2Test" name="GetIconData_WithValidParameters" />
    </UnitTest>
    <UnitTest name="TestCreateFilteredConfigurationFullVisibility" storage="d:\actions-runner\_work\xpco\xpco\eventserver\server\components\central\server\unittest\bin\x64\debug\videoos.event.server.unittest.dll" id="7afbf90e-8d01-683d-8293-6610e6dfee27">
      <TestCategory>
        <TestCategoryItem TestCategory="AccessControlServiceImplementation" />
      </TestCategory>
      <Execution id="c3affa82-77ad-4a76-a90c-001f0d6c7235" />
      <TestMethod codeBase="D:\actions-runner\_work\XPCO\XPCO\EventServer\Server\Components\Central\Server\unittest\bin\x64\Debug\VideoOS.Event.Server.UnitTest.dll" adapterTypeName="executor://mstestadapter/v2" className="VideoOS.Event.Server.UnitTest.AccessControl.AccessControlServiceImplementationTest" name="TestCreateFilteredConfigurationFullVisibility" />
    </UnitTest>
    <UnitTest name="GetData_ReturnsAnalyticsData_WhenAnalyticsEvent" storage="d:\actions-runner\_work\xpco\xpco\eventserver\server\components\central\server\unittest\bin\x64\debug\videoos.event.server.unittest.dll" id="8a33daa2-6473-674a-d338-66f15cfd845b">
      <Execution id="c54206bb-5434-4dcd-8cab-5d5a80e2e854" />
      <TestMethod codeBase="D:\actions-runner\_work\XPCO\XPCO\EventServer\Server\Components\Central\Server\unittest\bin\x64\Debug\VideoOS.Event.Server.UnitTest.dll" adapterTypeName="executor://mstestadapter/v2" className="VideoOS.Event.Server.UnitTest.Event.MapperEventDataProviderTest" name="GetData_ReturnsAnalyticsData_WhenAnalyticsEvent" />
    </UnitTest>
    <UnitTest name="EventIdListTest_WebServiceEventIds_NotContainedInRecorderEventIds" storage="d:\actions-runner\_work\xpco\xpco\eventserver\server\components\central\server\unittest\bin\x64\debug\videoos.event.server.unittest.dll" id="91bf5645-44de-4716-0485-06a931ae32d4">
      <Execution id="fee7e8cd-cbc3-404a-bb54-dc9116ffabc9" />
      <TestMethod codeBase="D:\actions-runner\_work\XPCO\XPCO\EventServer\Server\Components\Central\Server\unittest\bin\x64\Debug\VideoOS.Event.Server.UnitTest.dll" adapterTypeName="executor://mstestadapter/v2" className="VideoOS.Event.Server.UnitTest.Event.EventIdListTest" name="EventIdListTest_WebServiceEventIds_NotContainedInRecorderEventIds" />
    </UnitTest>
    <UnitTest name="TestActionCommandCredentialsConfigurationChanged" storage="d:\actions-runner\_work\xpco\xpco\eventserver\server\components\central\server\unittest\bin\x64\debug\videoos.event.server.unittest.dll" id="6a8f0602-664e-bdf0-f0a2-3e7f9b76b3d9">
      <Execution id="354e96ff-af65-4db8-8582-123a8d940f05" />
      <TestMethod codeBase="D:\actions-runner\_work\XPCO\XPCO\EventServer\Server\Components\Central\Server\unittest\bin\x64\Debug\VideoOS.Event.Server.UnitTest.dll" adapterTypeName="executor://mstestadapter/v2" className="VideoOS.Event.Server.UnitTest.WebService.Action.ActionCommandCredentialsTest" name="TestActionCommandCredentialsConfigurationChanged" />
    </UnitTest>
    <UnitTest name="TestGetStatusWithInvalidId" storage="d:\actions-runner\_work\xpco\xpco\eventserver\server\components\central\server\unittest\bin\x64\debug\videoos.event.server.unittest.dll" id="13f6bcf6-e02b-f78e-142f-d69b6d63f0af">
      <Execution id="56c969e4-a2bc-4349-8bd2-6567aed3e4b7" />
      <TestMethod codeBase="D:\actions-runner\_work\XPCO\XPCO\EventServer\Server\Components\Central\Server\unittest\bin\x64\Debug\VideoOS.Event.Server.UnitTest.dll" adapterTypeName="executor://mstestadapter/v2" className="VideoOS.Event.Server.Map.UnitTest.VisualElementStatusCalculatorTest" name="TestGetStatusWithInvalidId" />
    </UnitTest>
    <UnitTest name="TestGetStatusDetailsWithValidCameraInUnknownLanguage" storage="d:\actions-runner\_work\xpco\xpco\eventserver\server\components\central\server\unittest\bin\x64\debug\videoos.event.server.unittest.dll" id="3602f2af-1d8b-4e06-08f7-1d54f19ae98b">
      <Execution id="c6407dd9-3965-44db-97ca-937bc6e2a55c" />
      <TestMethod codeBase="D:\actions-runner\_work\XPCO\XPCO\EventServer\Server\Components\Central\Server\unittest\bin\x64\Debug\VideoOS.Event.Server.UnitTest.dll" adapterTypeName="executor://mstestadapter/v2" className="VideoOS.Event.Server.Map.Data.UnitTest.StatusElementCameraTest" name="TestGetStatusDetailsWithValidCameraInUnknownLanguage" />
    </UnitTest>
    <UnitTest name="TestActionCommandCredentialsExecuteActionNullParams" storage="d:\actions-runner\_work\xpco\xpco\eventserver\server\components\central\server\unittest\bin\x64\debug\videoos.event.server.unittest.dll" id="a2def4fc-aec0-5dd3-bc1f-324c56a9521f">
      <Execution id="f723fee1-7edc-401a-8a35-df585c5d92d1" />
      <TestMethod codeBase="D:\actions-runner\_work\XPCO\XPCO\EventServer\Server\Components\Central\Server\unittest\bin\x64\Debug\VideoOS.Event.Server.UnitTest.dll" adapterTypeName="executor://mstestadapter/v2" className="VideoOS.Event.Server.UnitTest.WebService.Action.ActionCommandCredentialsTest" name="TestActionCommandCredentialsExecuteActionNullParams" />
    </UnitTest>
    <UnitTest name="TestCreateFilteredConfigurationTopLevelUnitLimited" storage="d:\actions-runner\_work\xpco\xpco\eventserver\server\components\central\server\unittest\bin\x64\debug\videoos.event.server.unittest.dll" id="42161733-a84f-c463-f8a8-073b446ca3de">
      <TestCategory>
        <TestCategoryItem TestCategory="AccessControlServiceImplementation" />
      </TestCategory>
      <Execution id="47c4d5fb-cfd0-4d19-8571-99ad164855de" />
      <TestMethod codeBase="D:\actions-runner\_work\XPCO\XPCO\EventServer\Server\Components\Central\Server\unittest\bin\x64\Debug\VideoOS.Event.Server.UnitTest.dll" adapterTypeName="executor://mstestadapter/v2" className="VideoOS.Event.Server.UnitTest.AccessControl.AccessControlServiceImplementationTest" name="TestCreateFilteredConfigurationTopLevelUnitLimited" />
    </UnitTest>
    <UnitTest name="UpdateName_WithValidParameters" storage="d:\actions-runner\_work\xpco\xpco\eventserver\server\components\central\server\unittest\bin\x64\debug\videoos.event.server.unittest.dll" id="084f32ac-20d9-3298-d35a-3e4233f1f96b">
      <TestCategory>
        <TestCategoryItem TestCategory="WebService/Map" />
      </TestCategory>
      <Execution id="6c5c12ba-d6a7-4824-8cee-3942cab84880" />
      <TestMethod codeBase="D:\actions-runner\_work\XPCO\XPCO\EventServer\Server\Components\Central\Server\unittest\bin\x64\Debug\VideoOS.Event.Server.UnitTest.dll" adapterTypeName="executor://mstestadapter/v2" className="VideoOS.Event.Server.WebService.Map.UnitTest.MapCommandToken2Test" name="UpdateName_WithValidParameters" />
    </UnitTest>
    <UnitTest name="TestGetAlarmMessagesInvalidToken" storage="d:\actions-runner\_work\xpco\xpco\eventserver\server\components\central\server\unittest\bin\x64\debug\videoos.event.server.unittest.dll" id="5734cb8b-ad0b-f6ea-5207-d3e1d3f53b3f">
      <Execution id="c6dc10fe-fde1-4b01-8769-00fe6627df69" />
      <TestMethod codeBase="D:\actions-runner\_work\XPCO\XPCO\EventServer\Server\Components\Central\Server\unittest\bin\x64\Debug\VideoOS.Event.Server.UnitTest.dll" adapterTypeName="executor://mstestadapter/v2" className="VideoOS.Event.Server.WebService.Alarm.UnitTest.AlarmCommandTokenTest" name="TestGetAlarmMessagesInvalidToken" />
    </UnitTest>
    <UnitTest name="TestGetVisualElementChangesWithInvalidUser" storage="d:\actions-runner\_work\xpco\xpco\eventserver\server\components\central\server\unittest\bin\x64\debug\videoos.event.server.unittest.dll" id="0fd712d9-59b7-cb04-8840-d908f2765c31">
      <TestCategory>
        <TestCategoryItem TestCategory="WebService/Map" />
      </TestCategory>
      <Execution id="a2a29c57-5543-4d8b-b64c-4b314d29e6a5" />
      <TestMethod codeBase="D:\actions-runner\_work\XPCO\XPCO\EventServer\Server\Components\Central\Server\unittest\bin\x64\Debug\VideoOS.Event.Server.UnitTest.dll" adapterTypeName="executor://mstestadapter/v2" className="VideoOS.Event.Server.WebService.Map.UnitTest.MapCommandToken2Test" name="TestGetVisualElementChangesWithInvalidUser" />
    </UnitTest>
    <UnitTest name="TestGetServiceInfos" storage="d:\actions-runner\_work\xpco\xpco\eventserver\server\components\central\server\unittest\bin\x64\debug\videoos.event.server.unittest.dll" id="5d8b5611-79f1-dd5d-ad97-7b4e8e39121c">
      <Execution id="47183067-3d88-41bd-8886-72dbec48e373" />
      <TestMethod codeBase="D:\actions-runner\_work\XPCO\XPCO\EventServer\Server\Components\Central\Server\unittest\bin\x64\Debug\VideoOS.Event.Server.UnitTest.dll" adapterTypeName="executor://mstestadapter/v2" className="VideoOS.Event.Server.Communication.UnitTest.ServerRegisteredServicesTest" name="TestGetServiceInfos" />
    </UnitTest>
    <UnitTest name="TrimStart_ShouldRaiseArgumentNullException_WhenPrefixIsNull" storage="d:\actions-runner\_work\xpco\xpco\eventserver\server\components\central\server\unittest\bin\x64\debug\videoos.event.server.unittest.dll" id="6d0826c1-86cd-2026-2433-884f0aebad02">
      <TestCategory>
        <TestCategoryItem TestCategory="AccessControl" />
      </TestCategory>
      <Execution id="db4ed9df-a5d9-47ce-97d2-5c64f7e35094" />
      <TestMethod codeBase="D:\actions-runner\_work\XPCO\XPCO\EventServer\Server\Components\Central\Server\unittest\bin\x64\Debug\VideoOS.Event.Server.UnitTest.dll" adapterTypeName="executor://mstestadapter/v2" className="VideoOS.Event.Server.UnitTest.AccessControl.AccessControlSystemTests" name="TrimStart_ShouldRaiseArgumentNullException_WhenPrefixIsNull" />
    </UnitTest>
    <UnitTest name="TestItemUpdatedWithNullValue" storage="d:\actions-runner\_work\xpco\xpco\eventserver\server\components\central\server\unittest\bin\x64\debug\videoos.event.server.unittest.dll" id="a6d96280-b9e6-2010-bfdf-776efe0eaf5c">
      <Execution id="8f984adb-bc61-4b73-b3c9-94a54d4624bc" />
      <TestMethod codeBase="D:\actions-runner\_work\XPCO\XPCO\EventServer\Server\Components\Central\Server\unittest\bin\x64\Debug\VideoOS.Event.Server.UnitTest.dll" adapterTypeName="executor://mstestadapter/v2" className="VideoOS.Event.Server.MIP.PlugIn.UnitTest.MapPlugInTypeEventHandlerTest" name="TestItemUpdatedWithNullValue" />
    </UnitTest>
    <UnitTest name="TestRemoveUserAfterUserAdded" storage="d:\actions-runner\_work\xpco\xpco\eventserver\server\components\central\server\unittest\bin\x64\debug\videoos.event.server.unittest.dll" id="8f3e35ff-63ef-1a88-09e9-b0cb0f94c131">
      <TestCategory>
        <TestCategoryItem TestCategory="PermissionManagerFetcher" />
      </TestCategory>
      <Execution id="0b9db755-7b67-4ddd-800a-fae86b403aea" />
      <TestMethod codeBase="D:\actions-runner\_work\XPCO\XPCO\EventServer\Server\Components\Central\Server\unittest\bin\x64\Debug\VideoOS.Event.Server.UnitTest.dll" adapterTypeName="executor://mstestadapter/v2" className="VideoOS.Event.Server.UnitTest.Security.PermissionFetcherTest" name="TestRemoveUserAfterUserAdded" />
    </UnitTest>
    <UnitTest name="GetEventTypesTest" storage="d:\actions-runner\_work\xpco\xpco\eventserver\server\components\central\server\unittest\bin\x64\debug\videoos.event.server.unittest.dll" id="1ed2ed82-9584-aaae-b2e1-8e1cc7abef56">
      <Execution id="47cd0dd0-5d3d-4413-afd0-9bceb94e7c6d" />
      <TestMethod codeBase="D:\actions-runner\_work\XPCO\XPCO\EventServer\Server\Components\Central\Server\unittest\bin\x64\Debug\VideoOS.Event.Server.UnitTest.dll" adapterTypeName="executor://mstestadapter/v2" className="VideoOS.Event.Server.UnitTest.MIP.Environment.MIPEventTypeProviderTest" name="GetEventTypesTest" />
    </UnitTest>
    <UnitTest name="TestDeleteObjectsThrowingUnhandledException" storage="d:\actions-runner\_work\xpco\xpco\eventserver\server\components\central\server\unittest\bin\x64\debug\videoos.event.server.unittest.dll" id="d687512c-3316-26f6-6876-16b79ea538f4">
      <TestCategory>
        <TestCategoryItem TestCategory="WebService/Map" />
      </TestCategory>
      <Execution id="f15af612-c065-4412-9ffd-e5d163de8df6" />
      <TestMethod codeBase="D:\actions-runner\_work\XPCO\XPCO\EventServer\Server\Components\Central\Server\unittest\bin\x64\Debug\VideoOS.Event.Server.UnitTest.dll" adapterTypeName="executor://mstestadapter/v2" className="VideoOS.Event.Server.WebService.Map.UnitTest.MapCommandTokenTest" name="TestDeleteObjectsThrowingUnhandledException" />
    </UnitTest>
    <UnitTest name="TestGetIconWithNullData" storage="d:\actions-runner\_work\xpco\xpco\eventserver\server\components\central\server\unittest\bin\x64\debug\videoos.event.server.unittest.dll" id="f1e13469-4053-5591-5108-a4a258598b6c">
      <Execution id="101a3ea0-1ad4-492a-901f-1dcee437e0ed" />
      <TestMethod codeBase="D:\actions-runner\_work\XPCO\XPCO\EventServer\Server\Components\Central\Server\unittest\bin\x64\Debug\VideoOS.Event.Server.UnitTest.dll" adapterTypeName="executor://mstestadapter/v2" className="VideoOS.Event.Server.MIP.PlugIn.UnitTest.MapPlugInTypeEventHandlerTest" name="TestGetIconWithNullData" />
    </UnitTest>
    <UnitTest name="TestOneACSystemPLUnsupportedButEnabledOneACSystemPLEnabled" storage="d:\actions-runner\_work\xpco\xpco\eventserver\server\components\central\server\unittest\bin\x64\debug\videoos.event.server.unittest.dll" id="a5bf996a-851b-c1e5-0c9e-4b5c6288a744">
      <TestCategory>
        <TestCategoryItem TestCategory="AccessControlUserIdTransformer" />
      </TestCategory>
      <Execution id="15baba04-a0d5-4bef-b91c-fdd174adf98e" />
      <TestMethod codeBase="D:\actions-runner\_work\XPCO\XPCO\EventServer\Server\Components\Central\Server\unittest\bin\x64\Debug\VideoOS.Event.Server.UnitTest.dll" adapterTypeName="executor://mstestadapter/v2" className="VideoOS.Event.Server.UnitTest.Session.AccessControlUserIdTransformerTest" name="TestOneACSystemPLUnsupportedButEnabledOneACSystemPLEnabled" />
    </UnitTest>
    <UnitTest name="TestToVisualizationState" storage="d:\actions-runner\_work\xpco\xpco\eventserver\server\components\central\server\unittest\bin\x64\debug\videoos.event.server.unittest.dll" id="54470d67-55df-07dd-b92d-71bc35f06966">
      <Execution id="77f5050f-5547-4782-8c9d-0bd73d78c927" />
      <TestMethod codeBase="D:\actions-runner\_work\XPCO\XPCO\EventServer\Server\Components\Central\Server\unittest\bin\x64\Debug\VideoOS.Event.Server.UnitTest.dll" adapterTypeName="executor://mstestadapter/v2" className="VideoOS.Event.Server.Map.Data.UnitTest.VisualizationStateStorageTest" name="TestToVisualizationState" />
    </UnitTest>
    <UnitTest name="TestGetVisualizationChangesWithNegativeTimeout" storage="d:\actions-runner\_work\xpco\xpco\eventserver\server\components\central\server\unittest\bin\x64\debug\videoos.event.server.unittest.dll" id="aa8996b1-a7b7-7e28-df68-26caba5ea254">
      <Execution id="b5d98143-9dfd-4099-9b42-8aa1527bc9c0" />
      <TestMethod codeBase="D:\actions-runner\_work\XPCO\XPCO\EventServer\Server\Components\Central\Server\unittest\bin\x64\Debug\VideoOS.Event.Server.UnitTest.dll" adapterTypeName="executor://mstestadapter/v2" className="VideoOS.Event.Server.WebService.Status.UnitTest.StatusCommandCredentialsTest" name="TestGetVisualizationChangesWithNegativeTimeout" />
    </UnitTest>
    <UnitTest name="Construction" storage="d:\actions-runner\_work\xpco\xpco\eventserver\server\components\central\server\unittest\bin\x64\debug\videoos.event.server.unittest.dll" id="48d56e3f-ad3b-be4d-0cbc-efeb7cbda6a1">
      <Execution id="de3774d3-9472-42e7-bd10-3c3f3498dbf5" />
      <TestMethod codeBase="D:\actions-runner\_work\XPCO\XPCO\EventServer\Server\Components\Central\Server\unittest\bin\x64\Debug\VideoOS.Event.Server.UnitTest.dll" adapterTypeName="executor://mstestadapter/v2" className="VideoOS.Central.Server.Communication.Corporate.UnitTest.CorporateFetcherTest" name="Construction" />
    </UnitTest>
    <UnitTest name="TestRemoveUserWithNoUserAdded" storage="d:\actions-runner\_work\xpco\xpco\eventserver\server\components\central\server\unittest\bin\x64\debug\videoos.event.server.unittest.dll" id="f8f331b8-d47d-c7f9-44dc-1c809a8198be">
      <TestCategory>
        <TestCategoryItem TestCategory="PermissionManagerFetcher" />
      </TestCategory>
      <Execution id="ab14ad2f-6d80-460d-b600-ff7546dc050e" />
      <TestMethod codeBase="D:\actions-runner\_work\XPCO\XPCO\EventServer\Server\Components\Central\Server\unittest\bin\x64\Debug\VideoOS.Event.Server.UnitTest.dll" adapterTypeName="executor://mstestadapter/v2" className="VideoOS.Event.Server.UnitTest.Security.PermissionFetcherTest" name="TestRemoveUserWithNoUserAdded" />
    </UnitTest>
    <UnitTest name="TestAcknowledge" storage="d:\actions-runner\_work\xpco\xpco\eventserver\server\components\central\server\unittest\bin\x64\debug\videoos.event.server.unittest.dll" id="c065df76-676e-d54b-2513-330c123b69fe">
      <Execution id="d2eed61b-b427-4d69-9d66-4726e193f063" />
      <TestMethod codeBase="D:\actions-runner\_work\XPCO\XPCO\EventServer\Server\Components\Central\Server\unittest\bin\x64\Debug\VideoOS.Event.Server.UnitTest.dll" adapterTypeName="executor://mstestadapter/v2" className="VideoOS.Event.Server.WebService.Alarm.UnitTest.AlarmCommandTokenTest" name="TestAcknowledge" />
    </UnitTest>
    <UnitTest name="TestUpdateElementWithNonExistingVisualOwnerId" storage="d:\actions-runner\_work\xpco\xpco\eventserver\server\components\central\server\unittest\bin\x64\debug\videoos.event.server.unittest.dll" id="66f3930e-4a99-6dd9-2352-c6adcfee11cc">
      <Execution id="d6d8066d-0add-4ed9-b039-a6f1aa012daf" />
      <TestMethod codeBase="D:\actions-runner\_work\XPCO\XPCO\EventServer\Server\Components\Central\Server\unittest\bin\x64\Debug\VideoOS.Event.Server.UnitTest.dll" adapterTypeName="executor://mstestadapter/v2" className="VideoOS.Event.Server.Map.UnitTest.VisualElementManagerTest" name="TestUpdateElementWithNonExistingVisualOwnerId" />
    </UnitTest>
    <UnitTest name="TestUpdateElementDisplayXmlWithOldTimestamp" storage="d:\actions-runner\_work\xpco\xpco\eventserver\server\components\central\server\unittest\bin\x64\debug\videoos.event.server.unittest.dll" id="cebde89e-d8bb-2be7-1899-93c5dfe58142">
      <Execution id="701358d9-52b8-4193-8cb2-d7ecb95791d9" />
      <TestMethod codeBase="D:\actions-runner\_work\XPCO\XPCO\EventServer\Server\Components\Central\Server\unittest\bin\x64\Debug\VideoOS.Event.Server.UnitTest.dll" adapterTypeName="executor://mstestadapter/v2" className="VideoOS.Event.Server.Map.UnitTest.VisualElementManagerTest" name="TestUpdateElementDisplayXmlWithOldTimestamp" />
    </UnitTest>
    <UnitTest name="TestGetXMLWithNullValues" storage="d:\actions-runner\_work\xpco\xpco\eventserver\server\components\central\server\unittest\bin\x64\debug\videoos.event.server.unittest.dll" id="bd269d79-8d19-44db-f16d-abd4c7a4d073">
      <Execution id="b02fe9bf-4e7b-4615-9154-b916dd1b2aa5" />
      <TestMethod codeBase="D:\actions-runner\_work\XPCO\XPCO\EventServer\Server\Components\Central\Server\unittest\bin\x64\Debug\VideoOS.Event.Server.UnitTest.dll" adapterTypeName="executor://mstestadapter/v2" className="VideoOS.Event.Server.Map.Data.UnitTest.VisualizationStateStorageTest" name="TestGetXMLWithNullValues" />
    </UnitTest>
    <UnitTest name="DefaultRetention_ShouldBeOneDay_ByDefault" storage="d:\actions-runner\_work\xpco\xpco\eventserver\server\components\central\server\unittest\bin\x64\debug\videoos.event.server.unittest.dll" id="3bd334de-d427-8484-65ca-b08a8977c8cd">
      <Execution id="5b704131-dd3f-4351-94aa-6f7b0c1b0fad" />
      <TestMethod codeBase="D:\actions-runner\_work\XPCO\XPCO\EventServer\Server\Components\Central\Server\unittest\bin\x64\Debug\VideoOS.Event.Server.UnitTest.dll" adapterTypeName="executor://mstestadapter/v2" className="VideoOS.Event.Server.UnitTest.Config.EventRetentionConfigTests" name="DefaultRetention_ShouldBeOneDay_ByDefault" />
    </UnitTest>
    <UnitTest name="TestLoadXMLWithCorrectValues" storage="d:\actions-runner\_work\xpco\xpco\eventserver\server\components\central\server\unittest\bin\x64\debug\videoos.event.server.unittest.dll" id="1e6f1496-dce0-5308-df54-31492319a026">
      <Execution id="80a014b3-71a3-405f-81ab-4c313029f5f0" />
      <TestMethod codeBase="D:\actions-runner\_work\XPCO\XPCO\EventServer\Server\Components\Central\Server\unittest\bin\x64\Debug\VideoOS.Event.Server.UnitTest.dll" adapterTypeName="executor://mstestadapter/v2" className="VideoOS.Event.Server.Map.Data.UnitTest.VisualizationStateStorageTest" name="TestLoadXMLWithCorrectValues" />
    </UnitTest>
    <UnitTest name="TestGetXML" storage="d:\actions-runner\_work\xpco\xpco\eventserver\server\components\central\server\unittest\bin\x64\debug\videoos.event.server.unittest.dll" id="822f7959-9dcb-09b4-3d54-006e0a8a1864">
      <Execution id="484e5baf-d9d9-4406-8296-ad83aa7d0ccb" />
      <TestMethod codeBase="D:\actions-runner\_work\XPCO\XPCO\EventServer\Server\Components\Central\Server\unittest\bin\x64\Debug\VideoOS.Event.Server.UnitTest.dll" adapterTypeName="executor://mstestadapter/v2" className="VideoOS.Event.Server.Map.Data.UnitTest.PositionStorageTest" name="TestGetXML" />
    </UnitTest>
    <UnitTest name="TestUpdateElementWithNewUsedRelationIdButOnADifferentServer" storage="d:\actions-runner\_work\xpco\xpco\eventserver\server\components\central\server\unittest\bin\x64\debug\videoos.event.server.unittest.dll" id="e0e8441d-eb5c-e1c5-2c54-e78c3cabf79f">
      <Execution id="e75aace1-d21c-4323-a67a-174a037b8674" />
      <TestMethod codeBase="D:\actions-runner\_work\XPCO\XPCO\EventServer\Server\Components\Central\Server\unittest\bin\x64\Debug\VideoOS.Event.Server.UnitTest.dll" adapterTypeName="executor://mstestadapter/v2" className="VideoOS.Event.Server.Map.UnitTest.VisualElementManagerTest" name="TestUpdateElementWithNewUsedRelationIdButOnADifferentServer" />
    </UnitTest>
    <UnitTest name="TestConstructorWithFactory" storage="d:\actions-runner\_work\xpco\xpco\eventserver\server\components\central\server\unittest\bin\x64\debug\videoos.event.server.unittest.dll" id="bf6fbd2a-e814-acb0-0f76-4e97f7ae2f04">
      <Execution id="d1873a2a-51ab-4036-b958-599edd5a16d0" />
      <TestMethod codeBase="D:\actions-runner\_work\XPCO\XPCO\EventServer\Server\Components\Central\Server\unittest\bin\x64\Debug\VideoOS.Event.Server.UnitTest.dll" adapterTypeName="executor://mstestadapter/v2" className="VideoOS.Event.Server.MIP.PlugIn.UnitTest.MapPlugInEventHandlerTest" name="TestConstructorWithFactory" />
    </UnitTest>
    <UnitTest name="Handle_ShouldFlattenStateValue_WhenValuesIncludeStateIntAndStateName" storage="d:\actions-runner\_work\xpco\xpco\eventserver\server\components\central\server\unittest\bin\x64\debug\videoos.event.server.unittest.dll" id="6187e3b7-90e4-8192-265f-6cd0c6182ead">
      <Execution id="447ed528-1779-4174-afe4-fd936880067b" />
      <TestMethod codeBase="D:\actions-runner\_work\XPCO\XPCO\EventServer\Server\Components\Central\Server\unittest\bin\x64\Debug\VideoOS.Event.Server.UnitTest.dll" adapterTypeName="executor://mstestadapter/v2" className="VideoOS.Event.Server.UnitTest.Alarm.Processors.UpdateAlarms.UpdateAlarmCompositeValueHandlerTests" name="Handle_ShouldFlattenStateValue_WhenValuesIncludeStateIntAndStateName" />
    </UnitTest>
    <UnitTest name="EventIdListTest_LastEventIDsUpdate_Success" storage="d:\actions-runner\_work\xpco\xpco\eventserver\server\components\central\server\unittest\bin\x64\debug\videoos.event.server.unittest.dll" id="b5f7e19e-b7d3-0e84-e35f-5457bc7ff58c">
      <Execution id="fc3056e7-10f2-4ed1-aad4-70eb65c37c43" />
      <TestMethod codeBase="D:\actions-runner\_work\XPCO\XPCO\EventServer\Server\Components\Central\Server\unittest\bin\x64\Debug\VideoOS.Event.Server.UnitTest.dll" adapterTypeName="executor://mstestadapter/v2" className="VideoOS.Event.Server.UnitTest.Event.EventIdListTest" name="EventIdListTest_LastEventIDsUpdate_Success" />
    </UnitTest>
    <UnitTest name="GetIconData_WithValidParameters" storage="d:\actions-runner\_work\xpco\xpco\eventserver\server\components\central\server\unittest\bin\x64\debug\videoos.event.server.unittest.dll" id="c8961c6a-00ce-7a22-15c3-44f07a639f36">
      <TestCategory>
        <TestCategoryItem TestCategory="WebService/Map" />
      </TestCategory>
      <Execution id="9da8e41b-f126-4299-addc-662dbb15de73" />
      <TestMethod codeBase="D:\actions-runner\_work\XPCO\XPCO\EventServer\Server\Components\Central\Server\unittest\bin\x64\Debug\VideoOS.Event.Server.UnitTest.dll" adapterTypeName="executor://mstestadapter/v2" className="VideoOS.Event.Server.WebService.Map.UnitTest.MapCommandTokenTest" name="GetIconData_WithValidParameters" />
    </UnitTest>
    <UnitTest name="TestGetPlugInItemsThrowingUnhandledException" storage="d:\actions-runner\_work\xpco\xpco\eventserver\server\components\central\server\unittest\bin\x64\debug\videoos.event.server.unittest.dll" id="20683c07-dc9a-b552-b0e4-565a2c613275">
      <TestCategory>
        <TestCategoryItem TestCategory="WebService/Map" />
      </TestCategory>
      <Execution id="5ebd1303-fcde-4487-bef3-b2d926998ddc" />
      <TestMethod codeBase="D:\actions-runner\_work\XPCO\XPCO\EventServer\Server\Components\Central\Server\unittest\bin\x64\Debug\VideoOS.Event.Server.UnitTest.dll" adapterTypeName="executor://mstestadapter/v2" className="VideoOS.Event.Server.WebService.Map.UnitTest.MapCommandToken2Test" name="TestGetPlugInItemsThrowingUnhandledException" />
    </UnitTest>
    <UnitTest name="Handle_ShouldNotFlattenValues_WhenValuesDoNotIncludeValidPriorityIntValues" storage="d:\actions-runner\_work\xpco\xpco\eventserver\server\components\central\server\unittest\bin\x64\debug\videoos.event.server.unittest.dll" id="ba88fb45-743a-0090-5035-14df3b26d5c9">
      <Execution id="f3341974-cdb2-48c4-bf00-8cc6cabefc6d" />
      <TestMethod codeBase="D:\actions-runner\_work\XPCO\XPCO\EventServer\Server\Components\Central\Server\unittest\bin\x64\Debug\VideoOS.Event.Server.UnitTest.dll" adapterTypeName="executor://mstestadapter/v2" className="VideoOS.Event.Server.UnitTest.Alarm.Processors.UpdateAlarms.UpdateAlarmCompositeValueHandlerTests" name="Handle_ShouldNotFlattenValues_WhenValuesDoNotIncludeValidPriorityIntValues" />
    </UnitTest>
    <UnitTest name="EventConverter_ParseMetadata_Metadata_Non_Guid_DeviceGroupId" storage="d:\actions-runner\_work\xpco\xpco\eventserver\server\components\central\server\unittest\bin\x64\debug\videoos.event.server.unittest.dll" id="a289a6a0-6040-4bc9-9774-69d4debbe7df">
      <Execution id="96276342-f16f-4fef-b52e-cf7972172be2" />
      <TestMethod codeBase="D:\actions-runner\_work\XPCO\XPCO\EventServer\Server\Components\Central\Server\unittest\bin\x64\Debug\VideoOS.Event.Server.UnitTest.dll" adapterTypeName="executor://mstestadapter/v2" className="VideoOS.Event.Server.UnitTest.Utils.EventConverterTest" name="EventConverter_ParseMetadata_Metadata_Non_Guid_DeviceGroupId" />
    </UnitTest>
    <UnitTest name="GetAllObjectsOfType_SingleElementPath" storage="d:\actions-runner\_work\xpco\xpco\eventserver\server\components\central\server\unittest\bin\x64\debug\videoos.event.server.unittest.dll" id="6ea36cb7-dc9f-f9b5-d308-6a7e97d59a45">
      <TestCategory>
        <TestCategoryItem TestCategory="WebService/Map" />
      </TestCategory>
      <Execution id="c0975256-b0a4-4f0a-a3e6-9f33265b301d" />
      <TestMethod codeBase="D:\actions-runner\_work\XPCO\XPCO\EventServer\Server\Components\Central\Server\unittest\bin\x64\Debug\VideoOS.Event.Server.UnitTest.dll" adapterTypeName="executor://mstestadapter/v2" className="VideoOS.Event.Server.WebService.Map.UnitTest.MapCommandToken2Test" name="GetAllObjectsOfType_SingleElementPath" />
    </UnitTest>
    <UnitTest name="SoundConfigurationTest" storage="d:\actions-runner\_work\xpco\xpco\eventserver\server\components\central\server\unittest\bin\x64\debug\videoos.event.server.unittest.dll" id="43daf569-3bce-220b-e88f-b666ac480023">
      <Execution id="c8ab9e50-8bda-4d58-977b-e2fbf8c5a5bd" />
      <TestMethod codeBase="D:\actions-runner\_work\XPCO\XPCO\EventServer\Server\Components\Central\Server\unittest\bin\x64\Debug\VideoOS.Event.Server.UnitTest.dll" adapterTypeName="executor://mstestadapter/v2" className="VideoOS.Event.Server.Sound.UnitTest.SoundManagerTest" name="SoundConfigurationTest" />
    </UnitTest>
    <UnitTest name="TestGetAllElementsOfTypeWithCyclicTree" storage="d:\actions-runner\_work\xpco\xpco\eventserver\server\components\central\server\unittest\bin\x64\debug\videoos.event.server.unittest.dll" id="36da37d2-4bc2-9801-a72b-ccfc4d1e6877">
      <Execution id="99d654e4-924f-47b3-ab00-58b26c5738fe" />
      <TestMethod codeBase="D:\actions-runner\_work\XPCO\XPCO\EventServer\Server\Components\Central\Server\unittest\bin\x64\Debug\VideoOS.Event.Server.UnitTest.dll" adapterTypeName="executor://mstestadapter/v2" className="VideoOS.Event.Server.Map.UnitTest.VisualElementManagerTest" name="TestGetAllElementsOfTypeWithCyclicTree" />
    </UnitTest>
    <UnitTest name="TestActivatePlugInActionWithValidParameters" storage="d:\actions-runner\_work\xpco\xpco\eventserver\server\components\central\server\unittest\bin\x64\debug\videoos.event.server.unittest.dll" id="94f14c42-e0df-d711-cfd1-a3c8559622c8">
      <TestCategory>
        <TestCategoryItem TestCategory="WebService/Map" />
      </TestCategory>
      <Execution id="313861a7-7e23-4788-adcd-83ff68557c35" />
      <TestMethod codeBase="D:\actions-runner\_work\XPCO\XPCO\EventServer\Server\Components\Central\Server\unittest\bin\x64\Debug\VideoOS.Event.Server.UnitTest.dll" adapterTypeName="executor://mstestadapter/v2" className="VideoOS.Event.Server.WebService.Map.UnitTest.MapCommandCredentialsTest" name="TestActivatePlugInActionWithValidParameters" />
    </UnitTest>
    <UnitTest name="SetAllEventRetentions_ShouldAuditLog_WhenEventGroupRetentionIsChanged" storage="d:\actions-runner\_work\xpco\xpco\eventserver\server\components\central\server\unittest\bin\x64\debug\videoos.event.server.unittest.dll" id="91ea9c10-8ecf-4b5d-0e04-cc544285e285">
      <Execution id="b7c74139-15f2-4673-a219-8d86c058d95a" />
      <TestMethod codeBase="D:\actions-runner\_work\XPCO\XPCO\EventServer\Server\Components\Central\Server\unittest\bin\x64\Debug\VideoOS.Event.Server.UnitTest.dll" adapterTypeName="executor://mstestadapter/v2" className="VideoOS.Event.Server.UnitTest.Config.EventRetentionConfigTests" name="SetAllEventRetentions_ShouldAuditLog_WhenEventGroupRetentionIsChanged" />
    </UnitTest>
    <UnitTest name="TestGetPlugInItemsWithInvalidUser" storage="d:\actions-runner\_work\xpco\xpco\eventserver\server\components\central\server\unittest\bin\x64\debug\videoos.event.server.unittest.dll" id="c3ca1b5d-ff95-9140-678b-491795097655">
      <TestCategory>
        <TestCategoryItem TestCategory="WebService/Map" />
      </TestCategory>
      <Execution id="6bc0bc16-f432-4f83-868f-b4a04b94cccc" />
      <TestMethod codeBase="D:\actions-runner\_work\XPCO\XPCO\EventServer\Server\Components\Central\Server\unittest\bin\x64\Debug\VideoOS.Event.Server.UnitTest.dll" adapterTypeName="executor://mstestadapter/v2" className="VideoOS.Event.Server.WebService.Map.UnitTest.MapCommandTokenTest" name="TestGetPlugInItemsWithInvalidUser" />
    </UnitTest>
    <UnitTest name="TestUserIDTypeConstants" storage="d:\actions-runner\_work\xpco\xpco\eventserver\server\components\central\server\unittest\bin\x64\debug\videoos.event.server.unittest.dll" id="ad08490c-e2e3-37af-ebb5-f993a9f432cd">
      <Execution id="9e9bd37b-f5bf-4c7f-8adf-d35a1d84abd7" />
      <TestMethod codeBase="D:\actions-runner\_work\XPCO\XPCO\EventServer\Server\Components\Central\Server\unittest\bin\x64\Debug\VideoOS.Event.Server.UnitTest.dll" adapterTypeName="executor://mstestadapter/v2" className="VideoOS.Event.Server.UserValidation.Data.UnitTest.UserIDTypeTest" name="TestUserIDTypeConstants" />
    </UnitTest>
    <UnitTest name="TestUpdateDisplayXMLThrowingUnhandledException" storage="d:\actions-runner\_work\xpco\xpco\eventserver\server\components\central\server\unittest\bin\x64\debug\videoos.event.server.unittest.dll" id="3f6d692b-dc5e-6e22-6b52-dafab2736350">
      <TestCategory>
        <TestCategoryItem TestCategory="WebService/Map" />
      </TestCategory>
      <Execution id="84ee6bab-7223-4ae6-8292-469ae381eb65" />
      <TestMethod codeBase="D:\actions-runner\_work\XPCO\XPCO\EventServer\Server\Components\Central\Server\unittest\bin\x64\Debug\VideoOS.Event.Server.UnitTest.dll" adapterTypeName="executor://mstestadapter/v2" className="VideoOS.Event.Server.WebService.Map.UnitTest.MapCommandTokenTest" name="TestUpdateDisplayXMLThrowingUnhandledException" />
    </UnitTest>
    <UnitTest name="TestLoadXMLWithAllCorrectValues" storage="d:\actions-runner\_work\xpco\xpco\eventserver\server\components\central\server\unittest\bin\x64\debug\videoos.event.server.unittest.dll" id="3d5a24db-0f68-99b2-64d0-ba5e0166d828">
      <Execution id="87d6d18f-6373-4f02-b9eb-6c4dd6f093cd" />
      <TestMethod codeBase="D:\actions-runner\_work\XPCO\XPCO\EventServer\Server\Components\Central\Server\unittest\bin\x64\Debug\VideoOS.Event.Server.UnitTest.dll" adapterTypeName="executor://mstestadapter/v2" className="VideoOS.Event.Server.Map.Data.UnitTest.PositionStorageTest" name="TestLoadXMLWithAllCorrectValues" />
    </UnitTest>
    <UnitTest name="EventConverter_ConvertBaseItemToBaseEvent_TriggerEvent_Null" storage="d:\actions-runner\_work\xpco\xpco\eventserver\server\components\central\server\unittest\bin\x64\debug\videoos.event.server.unittest.dll" id="96470e3a-44b2-f7ef-4c24-c92303ca0636">
      <Execution id="7e1927f4-4480-4e40-a5f9-f90cbabf4965" />
      <TestMethod codeBase="D:\actions-runner\_work\XPCO\XPCO\EventServer\Server\Components\Central\Server\unittest\bin\x64\Debug\VideoOS.Event.Server.UnitTest.dll" adapterTypeName="executor://mstestadapter/v2" className="VideoOS.Event.Server.UnitTest.Utils.EventConverterTest" name="EventConverter_ConvertBaseItemToBaseEvent_TriggerEvent_Null" />
    </UnitTest>
    <UnitTest name="TestGetStatusDetailsWithValidCamera" storage="d:\actions-runner\_work\xpco\xpco\eventserver\server\components\central\server\unittest\bin\x64\debug\videoos.event.server.unittest.dll" id="6c816cd8-81f7-b68e-6d6b-86481f285a46">
      <Execution id="0e34e31e-334b-4144-a37a-94647732f892" />
      <TestMethod codeBase="D:\actions-runner\_work\XPCO\XPCO\EventServer\Server\Components\Central\Server\unittest\bin\x64\Debug\VideoOS.Event.Server.UnitTest.dll" adapterTypeName="executor://mstestadapter/v2" className="VideoOS.Event.Server.Map.Data.UnitTest.StatusElementCameraTest" name="TestGetStatusDetailsWithValidCamera" />
    </UnitTest>
    <UnitTest name="TestGetObjectsWithinGPSAreaWithInvalidUser" storage="d:\actions-runner\_work\xpco\xpco\eventserver\server\components\central\server\unittest\bin\x64\debug\videoos.event.server.unittest.dll" id="decbdcfc-adb8-130c-8096-ad9c64fb6a0e">
      <TestCategory>
        <TestCategoryItem TestCategory="WebService/Map" />
      </TestCategory>
      <Execution id="87a28223-2c8c-4876-bd61-ceba7414b3ab" />
      <TestMethod codeBase="D:\actions-runner\_work\XPCO\XPCO\EventServer\Server\Components\Central\Server\unittest\bin\x64\Debug\VideoOS.Event.Server.UnitTest.dll" adapterTypeName="executor://mstestadapter/v2" className="VideoOS.Event.Server.WebService.Map.UnitTest.MapCommandToken2Test" name="TestGetObjectsWithinGPSAreaWithInvalidUser" />
    </UnitTest>
    <UnitTest name="TestCreateObjectNotAuthenticated" storage="d:\actions-runner\_work\xpco\xpco\eventserver\server\components\central\server\unittest\bin\x64\debug\videoos.event.server.unittest.dll" id="9aa67281-7545-6a5e-d053-6d25bc86f9c5">
      <TestCategory>
        <TestCategoryItem TestCategory="WebService/Map" />
      </TestCategory>
      <Execution id="bdafe00f-0222-48cd-bfd2-45a7641fa91c" />
      <TestMethod codeBase="D:\actions-runner\_work\XPCO\XPCO\EventServer\Server\Components\Central\Server\unittest\bin\x64\Debug\VideoOS.Event.Server.UnitTest.dll" adapterTypeName="executor://mstestadapter/v2" className="VideoOS.Event.Server.WebService.Map.UnitTest.MapCommandCredentialsTest" name="TestCreateObjectNotAuthenticated" />
    </UnitTest>
    <UnitTest name="TestGetPlugInItemChangesWithInvalidUser" storage="d:\actions-runner\_work\xpco\xpco\eventserver\server\components\central\server\unittest\bin\x64\debug\videoos.event.server.unittest.dll" id="9f984ace-837b-182d-3dce-f598fcf98c2c">
      <TestCategory>
        <TestCategoryItem TestCategory="WebService/Map" />
      </TestCategory>
      <Execution id="d2072e2f-da85-48b2-9152-18f7b50136b7" />
      <TestMethod codeBase="D:\actions-runner\_work\XPCO\XPCO\EventServer\Server\Components\Central\Server\unittest\bin\x64\Debug\VideoOS.Event.Server.UnitTest.dll" adapterTypeName="executor://mstestadapter/v2" className="VideoOS.Event.Server.WebService.Map.UnitTest.MapCommandTokenTest" name="TestGetPlugInItemChangesWithInvalidUser" />
    </UnitTest>
    <UnitTest name="TestGetStatusForAllObjectsWithComplexCyclicMapsWithMultipleRoots" storage="d:\actions-runner\_work\xpco\xpco\eventserver\server\components\central\server\unittest\bin\x64\debug\videoos.event.server.unittest.dll" id="efe80498-3b69-482c-b182-5566dd79e1e4">
      <Execution id="f1f997bb-0bee-462d-8870-b2ce9d3633a1" />
      <TestMethod codeBase="D:\actions-runner\_work\XPCO\XPCO\EventServer\Server\Components\Central\Server\unittest\bin\x64\Debug\VideoOS.Event.Server.UnitTest.dll" adapterTypeName="executor://mstestadapter/v2" className="VideoOS.Event.Server.Map.UnitTest.VisualElementStatusCalculatorTest" name="TestGetStatusForAllObjectsWithComplexCyclicMapsWithMultipleRoots" />
    </UnitTest>
    <UnitTest name="TestGetObjectWithInvalidUser" storage="d:\actions-runner\_work\xpco\xpco\eventserver\server\components\central\server\unittest\bin\x64\debug\videoos.event.server.unittest.dll" id="b4c4f7db-6053-4338-b207-4f1401299acd">
      <TestCategory>
        <TestCategoryItem TestCategory="WebService/Map" />
      </TestCategory>
      <Execution id="02106cbf-5c46-4787-aba8-1482c41963e4" />
      <TestMethod codeBase="D:\actions-runner\_work\XPCO\XPCO\EventServer\Server\Components\Central\Server\unittest\bin\x64\Debug\VideoOS.Event.Server.UnitTest.dll" adapterTypeName="executor://mstestadapter/v2" className="VideoOS.Event.Server.WebService.Map.UnitTest.MapCommandTokenTest" name="TestGetObjectWithInvalidUser" />
    </UnitTest>
    <UnitTest name="TestLoadXMLWithInvalidDoubles" storage="d:\actions-runner\_work\xpco\xpco\eventserver\server\components\central\server\unittest\bin\x64\debug\videoos.event.server.unittest.dll" id="728d1115-151c-0e88-82f7-4da6a4daa585">
      <Execution id="6fa1e937-c4ab-49e7-a520-cada38759056" />
      <TestMethod codeBase="D:\actions-runner\_work\XPCO\XPCO\EventServer\Server\Components\Central\Server\unittest\bin\x64\Debug\VideoOS.Event.Server.UnitTest.dll" adapterTypeName="executor://mstestadapter/v2" className="VideoOS.Event.Server.Map.Data.UnitTest.PositionStorageTest" name="TestLoadXMLWithInvalidDoubles" />
    </UnitTest>
    <UnitTest name="TestGetHeader" storage="d:\actions-runner\_work\xpco\xpco\eventserver\server\components\central\server\unittest\bin\x64\debug\videoos.event.server.unittest.dll" id="aa86ab0f-83a2-76c1-c948-071136a36b4c">
      <Execution id="85949a50-da8a-4b32-8df1-48f7ae0d143a" />
      <TestMethod codeBase="D:\actions-runner\_work\XPCO\XPCO\EventServer\Server\Components\Central\Server\unittest\bin\x64\Debug\VideoOS.Event.Server.UnitTest.dll" adapterTypeName="executor://mstestadapter/v2" className="VideoOS.Event.Server.WebService.Alarm.UnitTest.AlarmCommandTokenTest" name="TestGetHeader" />
    </UnitTest>
    <UnitTest name="TestInsertElementsWithSameId" storage="d:\actions-runner\_work\xpco\xpco\eventserver\server\components\central\server\unittest\bin\x64\debug\videoos.event.server.unittest.dll" id="bbfa7c3f-2997-8919-a5cd-1f95004e6f8b">
      <Execution id="5c3e30c3-d181-4e3f-ae50-d6cc24080ea9" />
      <TestMethod codeBase="D:\actions-runner\_work\XPCO\XPCO\EventServer\Server\Components\Central\Server\unittest\bin\x64\Debug\VideoOS.Event.Server.UnitTest.dll" adapterTypeName="executor://mstestadapter/v2" className="VideoOS.Event.Server.Map.UnitTest.VisualElementManagerTest" name="TestInsertElementsWithSameId" />
    </UnitTest>
    <UnitTest name="TestCreate" storage="d:\actions-runner\_work\xpco\xpco\eventserver\server\components\central\server\unittest\bin\x64\debug\videoos.event.server.unittest.dll" id="081d79ae-92e6-b908-1d02-350cb6023be2">
      <Execution id="94d35052-6e5a-410d-bedf-17f1c1379b30" />
      <TestMethod codeBase="D:\actions-runner\_work\XPCO\XPCO\EventServer\Server\Components\Central\Server\unittest\bin\x64\Debug\VideoOS.Event.Server.UnitTest.dll" adapterTypeName="executor://mstestadapter/v2" className="VideoOS.Analytics.Events.UnitTest.Server.DeviceManager.TestDeviceManagerFactory" name="TestCreate" />
    </UnitTest>
    <UnitTest name="TestAddAsEventInvalidToken" storage="d:\actions-runner\_work\xpco\xpco\eventserver\server\components\central\server\unittest\bin\x64\debug\videoos.event.server.unittest.dll" id="ab474ba1-f565-f4cb-0e3b-d3f8180b2371">
      <Execution id="0e01e6d8-e0a0-4f22-9dcf-d4d407a04c05" />
      <TestMethod codeBase="D:\actions-runner\_work\XPCO\XPCO\EventServer\Server\Components\Central\Server\unittest\bin\x64\Debug\VideoOS.Event.Server.UnitTest.dll" adapterTypeName="executor://mstestadapter/v2" className="VideoOS.Event.Server.WebService.Alarm.UnitTest.AlarmCommandTokenTest" name="TestAddAsEventInvalidToken" />
    </UnitTest>
    <UnitTest name="TestGetStatusVirtualServersWithCameraNotOnMapInError" storage="d:\actions-runner\_work\xpco\xpco\eventserver\server\components\central\server\unittest\bin\x64\debug\videoos.event.server.unittest.dll" id="f961c61e-dc3b-4559-f24c-d104e1a1068d">
      <Execution id="820e5160-0560-4f97-9737-98cfbf51362e" />
      <TestMethod codeBase="D:\actions-runner\_work\XPCO\XPCO\EventServer\Server\Components\Central\Server\unittest\bin\x64\Debug\VideoOS.Event.Server.UnitTest.dll" adapterTypeName="executor://mstestadapter/v2" className="VideoOS.Event.Server.Map.UnitTest.VisualElementStatusCalculatorTest" name="TestGetStatusVirtualServersWithCameraNotOnMapInError" />
    </UnitTest>
    <UnitTest name="GetAllObjectsOfType_FilteringAllDifferentServerRelations" storage="d:\actions-runner\_work\xpco\xpco\eventserver\server\components\central\server\unittest\bin\x64\debug\videoos.event.server.unittest.dll" id="deba99b4-cdac-fb23-19ce-dce20b5d74c9">
      <TestCategory>
        <TestCategoryItem TestCategory="WebService/Map" />
      </TestCategory>
      <Execution id="b96646a1-3a5c-48f6-adc9-a652c8643050" />
      <TestMethod codeBase="D:\actions-runner\_work\XPCO\XPCO\EventServer\Server\Components\Central\Server\unittest\bin\x64\Debug\VideoOS.Event.Server.UnitTest.dll" adapterTypeName="executor://mstestadapter/v2" className="VideoOS.Event.Server.WebService.Map.UnitTest.MapCommandTokenTest" name="GetAllObjectsOfType_FilteringAllDifferentServerRelations" />
    </UnitTest>
    <UnitTest name="TestGetStatusDetails" storage="d:\actions-runner\_work\xpco\xpco\eventserver\server\components\central\server\unittest\bin\x64\debug\videoos.event.server.unittest.dll" id="2543e1c9-0785-b41d-98cc-3e2c749289b6">
      <Execution id="a62371b2-02d4-46b1-b8ed-f9721c259e3f" />
      <TestMethod codeBase="D:\actions-runner\_work\XPCO\XPCO\EventServer\Server\Components\Central\Server\unittest\bin\x64\Debug\VideoOS.Event.Server.UnitTest.dll" adapterTypeName="executor://mstestadapter/v2" className="VideoOS.Event.Server.Map.Data.UnitTest.StatusElementTest" name="TestGetStatusDetails" />
    </UnitTest>
    <UnitTest name="TestState" storage="d:\actions-runner\_work\xpco\xpco\eventserver\server\components\central\server\unittest\bin\x64\debug\videoos.event.server.unittest.dll" id="ee019f83-90b8-7ba1-fb37-5f45c8216c55">
      <Execution id="dddb1343-98d7-4918-90e4-1db3cb819867" />
      <TestMethod codeBase="D:\actions-runner\_work\XPCO\XPCO\EventServer\Server\Components\Central\Server\unittest\bin\x64\Debug\VideoOS.Event.Server.UnitTest.dll" adapterTypeName="executor://mstestadapter/v2" className="VideoOS.Event.Server.Map.Data.UnitTest.VisualElementStatusTest" name="TestState" />
    </UnitTest>
    <UnitTest name="TestGetAllObjectsOfTypeWithInvalidUser" storage="d:\actions-runner\_work\xpco\xpco\eventserver\server\components\central\server\unittest\bin\x64\debug\videoos.event.server.unittest.dll" id="eba23772-4d9d-10e4-1b6a-5ca9604d5785">
      <TestCategory>
        <TestCategoryItem TestCategory="WebService/Map" />
      </TestCategory>
      <Execution id="0359d135-ba4b-4b0a-9be0-5a26d7acee20" />
      <TestMethod codeBase="D:\actions-runner\_work\XPCO\XPCO\EventServer\Server\Components\Central\Server\unittest\bin\x64\Debug\VideoOS.Event.Server.UnitTest.dll" adapterTypeName="executor://mstestadapter/v2" className="VideoOS.Event.Server.WebService.Map.UnitTest.MapCommandTokenTest" name="TestGetAllObjectsOfTypeWithInvalidUser" />
    </UnitTest>
    <UnitTest name="TestOneACSystemPLUnsupportedOneACSystemPLUnsupportedButEnabled" storage="d:\actions-runner\_work\xpco\xpco\eventserver\server\components\central\server\unittest\bin\x64\debug\videoos.event.server.unittest.dll" id="041625b6-13cb-062f-99b2-d9de901b49d9">
      <TestCategory>
        <TestCategoryItem TestCategory="AccessControlUserIdTransformer" />
      </TestCategory>
      <Execution id="2900ae82-4d73-4c4d-94a8-cebd03d5daff" />
      <TestMethod codeBase="D:\actions-runner\_work\XPCO\XPCO\EventServer\Server\Components\Central\Server\unittest\bin\x64\Debug\VideoOS.Event.Server.UnitTest.dll" adapterTypeName="executor://mstestadapter/v2" className="VideoOS.Event.Server.UnitTest.Session.AccessControlUserIdTransformerTest" name="TestOneACSystemPLUnsupportedOneACSystemPLUnsupportedButEnabled" />
    </UnitTest>
    <UnitTest name="TestUpdate" storage="d:\actions-runner\_work\xpco\xpco\eventserver\server\components\central\server\unittest\bin\x64\debug\videoos.event.server.unittest.dll" id="6a8b8b1f-8fe2-95b2-8383-ea8749de5b7d">
      <Execution id="a8157b57-7247-4651-a7c1-59b6d707d7a2" />
      <TestMethod codeBase="D:\actions-runner\_work\XPCO\XPCO\EventServer\Server\Components\Central\Server\unittest\bin\x64\Debug\VideoOS.Event.Server.UnitTest.dll" adapterTypeName="executor://mstestadapter/v2" className="VideoOS.Event.Server.Map.Data.UnitTest.VisualizationStateStorageTest" name="TestUpdate" />
    </UnitTest>
    <UnitTest name="TestActivateContextMenuActionThrowsException" storage="d:\actions-runner\_work\xpco\xpco\eventserver\server\components\central\server\unittest\bin\x64\debug\videoos.event.server.unittest.dll" id="c9ff0112-047d-3721-6fca-037dbe133a6e">
      <Execution id="18bee45b-1ec9-4be6-83a5-7fbe643cc4b6" />
      <TestMethod codeBase="D:\actions-runner\_work\XPCO\XPCO\EventServer\Server\Components\Central\Server\unittest\bin\x64\Debug\VideoOS.Event.Server.UnitTest.dll" adapterTypeName="executor://mstestadapter/v2" className="VideoOS.Event.Server.MIP.PlugIn.UnitTest.MapPlugInTypeEventHandlerTest" name="TestActivateContextMenuActionThrowsException" />
    </UnitTest>
    <UnitTest name="TestUpdateWithNewType" storage="d:\actions-runner\_work\xpco\xpco\eventserver\server\components\central\server\unittest\bin\x64\debug\videoos.event.server.unittest.dll" id="31b39906-a73c-ce70-5752-c1ef42347816">
      <TestCategory>
        <TestCategoryItem TestCategory="MapPlugInInternalItem" />
      </TestCategory>
      <Execution id="77a831ae-24eb-457c-9835-8438f0e69c46" />
      <TestMethod codeBase="D:\actions-runner\_work\XPCO\XPCO\EventServer\Server\Components\Central\Server\unittest\bin\x64\Debug\VideoOS.Event.Server.UnitTest.dll" adapterTypeName="executor://mstestadapter/v2" className="VideoOS.Event.Server.MIP.PlugIn.UnitTest.MapPlugInInternalItemTest" name="TestUpdateWithNewType" />
    </UnitTest>
    <UnitTest name="EventToBaseEventMapper_ReturnsBaseEvent_WhenUnknownObjectData" storage="d:\actions-runner\_work\xpco\xpco\eventserver\server\components\central\server\unittest\bin\x64\debug\videoos.event.server.unittest.dll" id="c6a1718e-79da-c7ba-d8ef-6c71af34e3dc">
      <Execution id="5dd7416d-4e60-44a7-8a5e-17e45e0c956d" />
      <TestMethod codeBase="D:\actions-runner\_work\XPCO\XPCO\EventServer\Server\Components\Central\Server\unittest\bin\x64\Debug\VideoOS.Event.Server.UnitTest.dll" adapterTypeName="executor://mstestadapter/v2" className="VideoOS.Event.Server.UnitTest.Event.EventToBaseEventMapperTest" name="EventToBaseEventMapper_ReturnsBaseEvent_WhenUnknownObjectData" />
    </UnitTest>
    <UnitTest name="TestDeleteObjectAndChildObjectsWithInvalidUser" storage="d:\actions-runner\_work\xpco\xpco\eventserver\server\components\central\server\unittest\bin\x64\debug\videoos.event.server.unittest.dll" id="ed423946-5bf0-6e1c-0d7d-d408379e500a">
      <TestCategory>
        <TestCategoryItem TestCategory="WebService/Map" />
      </TestCategory>
      <Execution id="6f11dc4b-14c8-4367-a156-de303095bf7c" />
      <TestMethod codeBase="D:\actions-runner\_work\XPCO\XPCO\EventServer\Server\Components\Central\Server\unittest\bin\x64\Debug\VideoOS.Event.Server.UnitTest.dll" adapterTypeName="executor://mstestadapter/v2" className="VideoOS.Event.Server.WebService.Map.UnitTest.MapCommandToken2Test" name="TestDeleteObjectAndChildObjectsWithInvalidUser" />
    </UnitTest>
    <UnitTest name="TestRuleSystemCommandPipeActionGet" storage="d:\actions-runner\_work\xpco\xpco\eventserver\server\components\central\server\unittest\bin\x64\debug\videoos.event.server.unittest.dll" id="2de2b216-5da4-7093-b904-66ecc02ddb52">
      <Execution id="63ef4514-58a9-46ea-9ee7-af4d73875ba1" />
      <TestMethod codeBase="D:\actions-runner\_work\XPCO\XPCO\EventServer\Server\Components\Central\Server\unittest\bin\x64\Debug\VideoOS.Event.Server.UnitTest.dll" adapterTypeName="executor://mstestadapter/v2" className="VideoOS.Event.Server.UnitTest.XPCORuleSystem.RuleSystemCommandPipeTest" name="TestRuleSystemCommandPipeActionGet" />
    </UnitTest>
    <UnitTest name="TestTimestampGetSet" storage="d:\actions-runner\_work\xpco\xpco\eventserver\server\components\central\server\unittest\bin\x64\debug\videoos.event.server.unittest.dll" id="36f49d40-731c-4878-92ee-cc3991d48dcd">
      <Execution id="ef7ad6ad-e4c3-49bc-8932-6ce6b5a02a3c" />
      <TestMethod codeBase="D:\actions-runner\_work\XPCO\XPCO\EventServer\Server\Components\Central\Server\unittest\bin\x64\Debug\VideoOS.Event.Server.UnitTest.dll" adapterTypeName="executor://mstestadapter/v2" className="VideoOS.Event.Server.Map.Data.UnitTest.VisualElementStorageTest" name="TestTimestampGetSet" />
    </UnitTest>
    <UnitTest name="TestLoadXMLWithNoParametersCorrect" storage="d:\actions-runner\_work\xpco\xpco\eventserver\server\components\central\server\unittest\bin\x64\debug\videoos.event.server.unittest.dll" id="69d89368-0003-59a3-862b-580f1edee151">
      <Execution id="966dab90-fae1-413b-8474-686bb636424e" />
      <TestMethod codeBase="D:\actions-runner\_work\XPCO\XPCO\EventServer\Server\Components\Central\Server\unittest\bin\x64\Debug\VideoOS.Event.Server.UnitTest.dll" adapterTypeName="executor://mstestadapter/v2" className="VideoOS.Event.Server.Map.Data.UnitTest.VisualElementStorageTest" name="TestLoadXMLWithNoParametersCorrect" />
    </UnitTest>
    <UnitTest name="StartAndClose_StartsAndStopsCleanupThread" storage="d:\actions-runner\_work\xpco\xpco\eventserver\server\components\central\server\unittest\bin\x64\debug\videoos.event.server.unittest.dll" id="5c1b319b-f4f1-4700-614d-09ac09c16f25">
      <TestCategory>
        <TestCategoryItem TestCategory="CI" />
      </TestCategory>
      <Execution id="51b4c45d-5ae6-4ef9-8de7-a10f135bb381" />
      <TestMethod codeBase="D:\actions-runner\_work\XPCO\XPCO\EventServer\Server\Components\Central\Server\unittest\bin\x64\Debug\VideoOS.Event.Server.UnitTest.dll" adapterTypeName="executor://mstestadapter/v2" className="VideoOS.EventServer.Disable.UnitTest.DisableManagerTest" name="StartAndClose_StartsAndStopsCleanupThread" />
    </UnitTest>
    <UnitTest name="TestSetVisualizationWithInvalidUser" storage="d:\actions-runner\_work\xpco\xpco\eventserver\server\components\central\server\unittest\bin\x64\debug\videoos.event.server.unittest.dll" id="fffaf3af-f15f-343b-4823-2c2c916f0e08">
      <Execution id="eec327ae-0e25-4c40-a7af-aa46d8de4c60" />
      <TestMethod codeBase="D:\actions-runner\_work\XPCO\XPCO\EventServer\Server\Components\Central\Server\unittest\bin\x64\Debug\VideoOS.Event.Server.UnitTest.dll" adapterTypeName="executor://mstestadapter/v2" className="VideoOS.Event.Server.WebService.Status.UnitTest.StatusCommandToken2Test" name="TestSetVisualizationWithInvalidUser" />
    </UnitTest>
    <UnitTest name="TestRefresh" storage="d:\actions-runner\_work\xpco\xpco\eventserver\server\components\central\server\unittest\bin\x64\debug\videoos.event.server.unittest.dll" id="0b86288e-80e8-cbc5-578a-2357123bd041">
      <Execution id="60e15766-32e6-4eb4-b9c1-3629cc6fe1a6" />
      <TestMethod codeBase="D:\actions-runner\_work\XPCO\XPCO\EventServer\Server\Components\Central\Server\unittest\bin\x64\Debug\VideoOS.Event.Server.UnitTest.dll" adapterTypeName="executor://mstestadapter/v2" className="VideoOS.Analytics.Events.UnitTest.Server.DeviceManager.TestDeviceManagerXPCO" name="TestRefresh" />
    </UnitTest>
    <UnitTest name="TestCopyObject" storage="d:\actions-runner\_work\xpco\xpco\eventserver\server\components\central\server\unittest\bin\x64\debug\videoos.event.server.unittest.dll" id="a7129e47-f514-c184-12bf-648b55307ce8">
      <Execution id="0241a3bc-9d9a-410d-a735-9617691674ac" />
      <TestMethod codeBase="D:\actions-runner\_work\XPCO\XPCO\EventServer\Server\Components\Central\Server\unittest\bin\x64\Debug\VideoOS.Event.Server.UnitTest.dll" adapterTypeName="executor://mstestadapter/v2" className="VideoOS.Event.Server.Map.Data.UnitTest.BoundsStorageFactoryTest" name="TestCopyObject" />
    </UnitTest>
    <UnitTest name="TestGetEmptyCache" storage="d:\actions-runner\_work\xpco\xpco\eventserver\server\components\central\server\unittest\bin\x64\debug\videoos.event.server.unittest.dll" id="3e86f939-9488-6b0c-7e20-237a538a88c1">
      <TestCategory>
        <TestCategoryItem TestCategory="SessionCache" />
      </TestCategory>
      <Execution id="40004152-28cd-479a-aaba-25e7f525b5f3" />
      <TestMethod codeBase="D:\actions-runner\_work\XPCO\XPCO\EventServer\Server\Components\Central\Server\unittest\bin\x64\Debug\VideoOS.Event.Server.UnitTest.dll" adapterTypeName="executor://mstestadapter/v2" className="VideoOS.Event.Server.UnitTest.Session.SessionCacheTest" name="TestGetEmptyCache" />
    </UnitTest>
    <UnitTest name="TestUpdateObjectWithValidParameters" storage="d:\actions-runner\_work\xpco\xpco\eventserver\server\components\central\server\unittest\bin\x64\debug\videoos.event.server.unittest.dll" id="f03a5c4e-00a7-c123-3fad-20db24597c9c">
      <TestCategory>
        <TestCategoryItem TestCategory="WebService/Map" />
      </TestCategory>
      <Execution id="3042cf34-317e-419d-a333-93bcc0d0e6b7" />
      <TestMethod codeBase="D:\actions-runner\_work\XPCO\XPCO\EventServer\Server\Components\Central\Server\unittest\bin\x64\Debug\VideoOS.Event.Server.UnitTest.dll" adapterTypeName="executor://mstestadapter/v2" className="VideoOS.Event.Server.WebService.Map.UnitTest.MapCommandCredentialsTest" name="TestUpdateObjectWithValidParameters" />
    </UnitTest>
    <UnitTest name="UpdateDisplayXML_WithValidParameters" storage="d:\actions-runner\_work\xpco\xpco\eventserver\server\components\central\server\unittest\bin\x64\debug\videoos.event.server.unittest.dll" id="7a2fd159-6d75-50b5-6d07-8acef305a64a">
      <TestCategory>
        <TestCategoryItem TestCategory="WebService/Map" />
      </TestCategory>
      <Execution id="fa8a7f41-b56a-4284-a4c6-0751d2b2e7ec" />
      <TestMethod codeBase="D:\actions-runner\_work\XPCO\XPCO\EventServer\Server\Components\Central\Server\unittest\bin\x64\Debug\VideoOS.Event.Server.UnitTest.dll" adapterTypeName="executor://mstestadapter/v2" className="VideoOS.Event.Server.WebService.Map.UnitTest.MapCommandTokenTest" name="UpdateDisplayXML_WithValidParameters" />
    </UnitTest>
    <UnitTest name="TestUpdateBoundsNotAuthenticated" storage="d:\actions-runner\_work\xpco\xpco\eventserver\server\components\central\server\unittest\bin\x64\debug\videoos.event.server.unittest.dll" id="63645b06-581c-fe94-5b64-37fa576bf61c">
      <TestCategory>
        <TestCategoryItem TestCategory="WebService/Map" />
      </TestCategory>
      <Execution id="1efae06d-d3f6-432f-a5c3-dae7228d5b45" />
      <TestMethod codeBase="D:\actions-runner\_work\XPCO\XPCO\EventServer\Server\Components\Central\Server\unittest\bin\x64\Debug\VideoOS.Event.Server.UnitTest.dll" adapterTypeName="executor://mstestadapter/v2" className="VideoOS.Event.Server.WebService.Map.UnitTest.MapCommandCredentialsTest" name="TestUpdateBoundsNotAuthenticated" />
    </UnitTest>
    <UnitTest name="TestCreateFilteredConfigurationEventsLimited" storage="d:\actions-runner\_work\xpco\xpco\eventserver\server\components\central\server\unittest\bin\x64\debug\videoos.event.server.unittest.dll" id="e4485a7b-7692-9572-08b5-73744887a6e6">
      <TestCategory>
        <TestCategoryItem TestCategory="AccessControlServiceImplementation" />
      </TestCategory>
      <Execution id="fba9d6d4-3f2e-466c-8845-873d65efe2c1" />
      <TestMethod codeBase="D:\actions-runner\_work\XPCO\XPCO\EventServer\Server\Components\Central\Server\unittest\bin\x64\Debug\VideoOS.Event.Server.UnitTest.dll" adapterTypeName="executor://mstestadapter/v2" className="VideoOS.Event.Server.UnitTest.AccessControl.AccessControlServiceImplementationTest" name="TestCreateFilteredConfigurationEventsLimited" />
    </UnitTest>
    <UnitTest name="TestGetObjectThrowingUnhandledException" storage="d:\actions-runner\_work\xpco\xpco\eventserver\server\components\central\server\unittest\bin\x64\debug\videoos.event.server.unittest.dll" id="c6ccf88c-1399-0635-b94d-e570e2da7529">
      <TestCategory>
        <TestCategoryItem TestCategory="WebService/Map" />
      </TestCategory>
      <Execution id="a191a8b6-5f19-4123-b779-fcd453e8060a" />
      <TestMethod codeBase="D:\actions-runner\_work\XPCO\XPCO\EventServer\Server\Components\Central\Server\unittest\bin\x64\Debug\VideoOS.Event.Server.UnitTest.dll" adapterTypeName="executor://mstestadapter/v2" className="VideoOS.Event.Server.WebService.Map.UnitTest.MapCommandCredentialsTest" name="TestGetObjectThrowingUnhandledException" />
    </UnitTest>
    <UnitTest name="TestGetStatusForAllObjectsOfTypeThrowingUnhandledException" storage="d:\actions-runner\_work\xpco\xpco\eventserver\server\components\central\server\unittest\bin\x64\debug\videoos.event.server.unittest.dll" id="a96bbd73-704d-32fb-7b5e-e65e94805cf4">
      <Execution id="42d29198-885a-45e4-8589-79bcc58bc757" />
      <TestMethod codeBase="D:\actions-runner\_work\XPCO\XPCO\EventServer\Server\Components\Central\Server\unittest\bin\x64\Debug\VideoOS.Event.Server.UnitTest.dll" adapterTypeName="executor://mstestadapter/v2" className="VideoOS.Event.Server.WebService.Status.UnitTest.StatusCommandTokenTest" name="TestGetStatusForAllObjectsOfTypeThrowingUnhandledException" />
    </UnitTest>
    <UnitTest name="TestClose" storage="d:\actions-runner\_work\xpco\xpco\eventserver\server\components\central\server\unittest\bin\x64\debug\videoos.event.server.unittest.dll" id="6d458a07-7789-12ca-e3c7-7c0e4257399b">
      <Execution id="6ec50565-2081-4680-ba69-7a5334cd391c" />
      <TestMethod codeBase="D:\actions-runner\_work\XPCO\XPCO\EventServer\Server\Components\Central\Server\unittest\bin\x64\Debug\VideoOS.Event.Server.UnitTest.dll" adapterTypeName="executor://mstestadapter/v2" className="VideoOS.Event.Server.Map.Access.UnitTest.DefaultAccessControlTest" name="TestClose" />
    </UnitTest>
    <UnitTest name="TestRuleSystemCommandPipeConfigurationChangeGet" storage="d:\actions-runner\_work\xpco\xpco\eventserver\server\components\central\server\unittest\bin\x64\debug\videoos.event.server.unittest.dll" id="0d07bc10-acea-4edd-972d-21155302c1bb">
      <Execution id="01b83b7a-066a-4846-9569-280b2e930f6f" />
      <TestMethod codeBase="D:\actions-runner\_work\XPCO\XPCO\EventServer\Server\Components\Central\Server\unittest\bin\x64\Debug\VideoOS.Event.Server.UnitTest.dll" adapterTypeName="executor://mstestadapter/v2" className="VideoOS.Event.Server.UnitTest.XPCORuleSystem.RuleSystemCommandPipeTest" name="TestRuleSystemCommandPipeConfigurationChangeGet" />
    </UnitTest>
    <UnitTest name="TestValidateWithIncorrectUserTypeWindowsGroup" storage="d:\actions-runner\_work\xpco\xpco\eventserver\server\components\central\server\unittest\bin\x64\debug\videoos.event.server.unittest.dll" id="d828d57e-dac5-14b8-f7e8-fd33cc936f80">
      <Execution id="19a66de4-db9a-43ec-9a0c-e2b70c7c4bbd" />
      <TestMethod codeBase="D:\actions-runner\_work\XPCO\XPCO\EventServer\Server\Components\Central\Server\unittest\bin\x64\Debug\VideoOS.Event.Server.UnitTest.dll" adapterTypeName="executor://mstestadapter/v2" className="VideoOS.EventServer.UnitTest.UserValidation.AccessControlCredentialValidationTest" name="TestValidateWithIncorrectUserTypeWindowsGroup" />
    </UnitTest>
    <UnitTest name="TestGetAllElementsOfTypeExcludeRootOnSingleTree" storage="d:\actions-runner\_work\xpco\xpco\eventserver\server\components\central\server\unittest\bin\x64\debug\videoos.event.server.unittest.dll" id="98f23530-6359-050a-5fdf-f1b9599f467e">
      <Execution id="1e874ecc-2ccd-40b1-913b-33c3b60dfdf5" />
      <TestMethod codeBase="D:\actions-runner\_work\XPCO\XPCO\EventServer\Server\Components\Central\Server\unittest\bin\x64\Debug\VideoOS.Event.Server.UnitTest.dll" adapterTypeName="executor://mstestadapter/v2" className="VideoOS.Event.Server.Map.UnitTest.VisualElementManagerTest" name="TestGetAllElementsOfTypeExcludeRootOnSingleTree" />
    </UnitTest>
    <UnitTest name="TestValidateWithIncorrectUserTypeWindowsUser" storage="d:\actions-runner\_work\xpco\xpco\eventserver\server\components\central\server\unittest\bin\x64\debug\videoos.event.server.unittest.dll" id="4700ea0b-a6eb-2f32-8574-1971d027ccb0">
      <Execution id="b05076cd-bd0b-4df9-897b-632b6947b965" />
      <TestMethod codeBase="D:\actions-runner\_work\XPCO\XPCO\EventServer\Server\Components\Central\Server\unittest\bin\x64\Debug\VideoOS.Event.Server.UnitTest.dll" adapterTypeName="executor://mstestadapter/v2" className="VideoOS.EventServer.UnitTest.UserValidation.AccessControlCredentialValidationTest" name="TestValidateWithIncorrectUserTypeWindowsUser" />
    </UnitTest>
    <UnitTest name="FetchCache_ShouldAddUserToTheCache_IfUserIsBasicUser" storage="d:\actions-runner\_work\xpco\xpco\eventserver\server\components\central\server\unittest\bin\x64\debug\videoos.event.server.unittest.dll" id="fe0fb3e9-27dd-b61e-9ae2-3ccd114e06ab">
      <Execution id="b21fbef9-8a65-4fc5-8e88-886608f462d1" />
      <TestMethod codeBase="D:\actions-runner\_work\XPCO\XPCO\EventServer\Server\Components\Central\Server\unittest\bin\x64\Debug\VideoOS.Event.Server.UnitTest.dll" adapterTypeName="executor://mstestadapter/v2" className="VideoOS.EventServer.Security.Authorization.UnitTest.VMSItemAuthorizationTests" name="FetchCache_ShouldAddUserToTheCache_IfUserIsBasicUser" />
    </UnitTest>
    <UnitTest name="TestUpdateMultipleAlarmsException" storage="d:\actions-runner\_work\xpco\xpco\eventserver\server\components\central\server\unittest\bin\x64\debug\videoos.event.server.unittest.dll" id="48fc638a-cb7d-f4dd-6988-d0f7494f227e">
      <Execution id="898fe9b2-055b-4fcd-b07c-132a2167d471" />
      <TestMethod codeBase="D:\actions-runner\_work\XPCO\XPCO\EventServer\Server\Components\Central\Server\unittest\bin\x64\Debug\VideoOS.Event.Server.UnitTest.dll" adapterTypeName="executor://mstestadapter/v2" className="VideoOS.Event.Server.WebService.Alarm.UnitTest.AlarmCommandTokenTest" name="TestUpdateMultipleAlarmsException" />
    </UnitTest>
    <UnitTest name="TestInitalizationWithBuildInTypeGuid" storage="d:\actions-runner\_work\xpco\xpco\eventserver\server\components\central\server\unittest\bin\x64\debug\videoos.event.server.unittest.dll" id="301e1f2d-d1d4-56d4-fc38-da7889d0bf5e">
      <Execution id="c85b8d81-af9a-4a7b-be62-15a462807814" />
      <TestMethod codeBase="D:\actions-runner\_work\XPCO\XPCO\EventServer\Server\Components\Central\Server\unittest\bin\x64\Debug\VideoOS.Event.Server.UnitTest.dll" adapterTypeName="executor://mstestadapter/v2" className="VideoOS.Event.Server.MIP.PlugIn.UnitTest.MapPlugInEventHandlerTest" name="TestInitalizationWithBuildInTypeGuid" />
    </UnitTest>
    <UnitTest name="TestUpdateElementWithNonExistingId" storage="d:\actions-runner\_work\xpco\xpco\eventserver\server\components\central\server\unittest\bin\x64\debug\videoos.event.server.unittest.dll" id="10e89367-57d1-f44b-6ffe-7af21cc99a9a">
      <Execution id="1779bd7f-6237-456c-b3bf-7d1a4ee8e98f" />
      <TestMethod codeBase="D:\actions-runner\_work\XPCO\XPCO\EventServer\Server\Components\Central\Server\unittest\bin\x64\Debug\VideoOS.Event.Server.UnitTest.dll" adapterTypeName="executor://mstestadapter/v2" className="VideoOS.Event.Server.Map.UnitTest.VisualElementManagerTest" name="TestUpdateElementWithNonExistingId" />
    </UnitTest>
    <UnitTest name="TestGetVisualizationThrowingUnhandledException" storage="d:\actions-runner\_work\xpco\xpco\eventserver\server\components\central\server\unittest\bin\x64\debug\videoos.event.server.unittest.dll" id="c1716f5e-0689-895f-3295-017dc3e9ada5">
      <Execution id="39392055-9bef-4fae-a0d4-5e40e8c0cc7f" />
      <TestMethod codeBase="D:\actions-runner\_work\XPCO\XPCO\EventServer\Server\Components\Central\Server\unittest\bin\x64\Debug\VideoOS.Event.Server.UnitTest.dll" adapterTypeName="executor://mstestadapter/v2" className="VideoOS.Event.Server.WebService.Status.UnitTest.StatusCommandTokenTest" name="TestGetVisualizationThrowingUnhandledException" />
    </UnitTest>
    <UnitTest name="TestUpdateNameNotAuthenticated" storage="d:\actions-runner\_work\xpco\xpco\eventserver\server\components\central\server\unittest\bin\x64\debug\videoos.event.server.unittest.dll" id="dd96b905-dcef-c594-5611-ca3036f7f364">
      <TestCategory>
        <TestCategoryItem TestCategory="WebService/Map" />
      </TestCategory>
      <Execution id="3135b9ba-e51e-4ec1-86ce-aa37fd68b849" />
      <TestMethod codeBase="D:\actions-runner\_work\XPCO\XPCO\EventServer\Server\Components\Central\Server\unittest\bin\x64\Debug\VideoOS.Event.Server.UnitTest.dll" adapterTypeName="executor://mstestadapter/v2" className="VideoOS.Event.Server.WebService.Map.UnitTest.MapCommandCredentialsTest" name="TestUpdateNameNotAuthenticated" />
    </UnitTest>
    <UnitTest name="TestActivatePlugInActionThrowingUnhandledException" storage="d:\actions-runner\_work\xpco\xpco\eventserver\server\components\central\server\unittest\bin\x64\debug\videoos.event.server.unittest.dll" id="500b72e0-4f4f-486d-00d8-847aa132558b">
      <TestCategory>
        <TestCategoryItem TestCategory="WebService/Map" />
      </TestCategory>
      <Execution id="a7405723-9934-4538-bc2a-bffe8ff9fbc3" />
      <TestMethod codeBase="D:\actions-runner\_work\XPCO\XPCO\EventServer\Server\Components\Central\Server\unittest\bin\x64\Debug\VideoOS.Event.Server.UnitTest.dll" adapterTypeName="executor://mstestadapter/v2" className="VideoOS.Event.Server.WebService.Map.UnitTest.MapCommandTokenTest" name="TestActivatePlugInActionThrowingUnhandledException" />
    </UnitTest>
    <UnitTest name="EventConverter_ConvertBaseItemToBaseEvent_Success_No_Reference_Items" storage="d:\actions-runner\_work\xpco\xpco\eventserver\server\components\central\server\unittest\bin\x64\debug\videoos.event.server.unittest.dll" id="ab329fe8-f796-7ca0-46bf-e9faca7899f8">
      <Execution id="0edb3a1c-494d-4c5c-8ea2-d504c374ffce" />
      <TestMethod codeBase="D:\actions-runner\_work\XPCO\XPCO\EventServer\Server\Components\Central\Server\unittest\bin\x64\Debug\VideoOS.Event.Server.UnitTest.dll" adapterTypeName="executor://mstestadapter/v2" className="VideoOS.Event.Server.UnitTest.Utils.EventConverterTest" name="EventConverter_ConvertBaseItemToBaseEvent_Success_No_Reference_Items" />
    </UnitTest>
    <UnitTest name="EventConverter_ParseMetadata_Metadata_Success" storage="d:\actions-runner\_work\xpco\xpco\eventserver\server\components\central\server\unittest\bin\x64\debug\videoos.event.server.unittest.dll" id="0c5eded9-aaa4-989f-6237-6788ed673cd4">
      <Execution id="43ebbcc7-687d-4b33-9c09-64a2137c5743" />
      <TestMethod codeBase="D:\actions-runner\_work\XPCO\XPCO\EventServer\Server\Components\Central\Server\unittest\bin\x64\Debug\VideoOS.Event.Server.UnitTest.dll" adapterTypeName="executor://mstestadapter/v2" className="VideoOS.Event.Server.UnitTest.Utils.EventConverterTest" name="EventConverter_ParseMetadata_Metadata_Success" />
    </UnitTest>
    <UnitTest name="TestCreateObjectsWithServerIDInID" storage="d:\actions-runner\_work\xpco\xpco\eventserver\server\components\central\server\unittest\bin\x64\debug\videoos.event.server.unittest.dll" id="007d5ca8-0cb3-4028-cb8b-1f37cb0111cc">
      <TestCategory>
        <TestCategoryItem TestCategory="WebService/Map" />
      </TestCategory>
      <Execution id="edc87c0b-6bde-4d99-a503-26382fbf4463" />
      <TestMethod codeBase="D:\actions-runner\_work\XPCO\XPCO\EventServer\Server\Components\Central\Server\unittest\bin\x64\Debug\VideoOS.Event.Server.UnitTest.dll" adapterTypeName="executor://mstestadapter/v2" className="VideoOS.Event.Server.WebService.Map.UnitTest.MapCommandTokenTest" name="TestCreateObjectsWithServerIDInID" />
    </UnitTest>
    <UnitTest name="TestItemsWithItemIdsSubset" storage="d:\actions-runner\_work\xpco\xpco\eventserver\server\components\central\server\unittest\bin\x64\debug\videoos.event.server.unittest.dll" id="a088844f-aa95-895a-18a3-251325a06d05">
      <Execution id="a560787b-effd-456e-80fe-c112709ed1eb" />
      <TestMethod codeBase="D:\actions-runner\_work\XPCO\XPCO\EventServer\Server\Components\Central\Server\unittest\bin\x64\Debug\VideoOS.Event.Server.UnitTest.dll" adapterTypeName="executor://mstestadapter/v2" className="VideoOS.Event.Server.MIP.PlugIn.UnitTest.MapPlugInTypeEventHandlerTest" name="TestItemsWithItemIdsSubset" />
    </UnitTest>
    <UnitTest name="TestInsertElementWithUsedIdAndVisualOwnerId" storage="d:\actions-runner\_work\xpco\xpco\eventserver\server\components\central\server\unittest\bin\x64\debug\videoos.event.server.unittest.dll" id="1e0d3643-4c52-8551-b356-f6c3ec240da4">
      <Execution id="a5dd2e59-9cae-4600-9d66-ab1c18360c2e" />
      <TestMethod codeBase="D:\actions-runner\_work\XPCO\XPCO\EventServer\Server\Components\Central\Server\unittest\bin\x64\Debug\VideoOS.Event.Server.UnitTest.dll" adapterTypeName="executor://mstestadapter/v2" className="VideoOS.Event.Server.Map.UnitTest.VisualElementManagerTest" name="TestInsertElementWithUsedIdAndVisualOwnerId" />
    </UnitTest>
    <UnitTest name="TestGetStatusForAllObjectsOfTypeWithInvalidUser" storage="d:\actions-runner\_work\xpco\xpco\eventserver\server\components\central\server\unittest\bin\x64\debug\videoos.event.server.unittest.dll" id="79450999-8ae4-f763-9830-712ef6ee317a">
      <Execution id="51a6a089-f858-458a-b668-f02918ddef59" />
      <TestMethod codeBase="D:\actions-runner\_work\XPCO\XPCO\EventServer\Server\Components\Central\Server\unittest\bin\x64\Debug\VideoOS.Event.Server.UnitTest.dll" adapterTypeName="executor://mstestadapter/v2" className="VideoOS.Event.Server.WebService.Status.UnitTest.StatusCommandToken2Test" name="TestGetStatusForAllObjectsOfTypeWithInvalidUser" />
    </UnitTest>
    <UnitTest name="TestAcknowledgeInvalidToken" storage="d:\actions-runner\_work\xpco\xpco\eventserver\server\components\central\server\unittest\bin\x64\debug\videoos.event.server.unittest.dll" id="3c594cc6-ca20-109c-0a05-3b26faf3408d">
      <Execution id="cc4db0bc-10d9-403d-93c9-ea445ecc41b2" />
      <TestMethod codeBase="D:\actions-runner\_work\XPCO\XPCO\EventServer\Server\Components\Central\Server\unittest\bin\x64\Debug\VideoOS.Event.Server.UnitTest.dll" adapterTypeName="executor://mstestadapter/v2" className="VideoOS.Event.Server.WebService.Alarm.UnitTest.AlarmCommandTokenTest" name="TestAcknowledgeInvalidToken" />
    </UnitTest>
    <UnitTest name="TestGetItemOperationalStateWithUnknownItem" storage="d:\actions-runner\_work\xpco\xpco\eventserver\server\components\central\server\unittest\bin\x64\debug\videoos.event.server.unittest.dll" id="81617092-5393-a84c-34e3-a0234bd9367b">
      <Execution id="a3fca793-6aca-477c-8ec2-d683ac2dac2f" />
      <TestMethod codeBase="D:\actions-runner\_work\XPCO\XPCO\EventServer\Server\Components\Central\Server\unittest\bin\x64\Debug\VideoOS.Event.Server.UnitTest.dll" adapterTypeName="executor://mstestadapter/v2" className="VideoOS.Event.Server.MIP.PlugIn.UnitTest.MapPlugInTypeEventHandlerTest" name="TestGetItemOperationalStateWithUnknownItem" />
    </UnitTest>
    <UnitTest name="TestCreateObjectsWithInvalidUser" storage="d:\actions-runner\_work\xpco\xpco\eventserver\server\components\central\server\unittest\bin\x64\debug\videoos.event.server.unittest.dll" id="14499e35-211f-3973-6507-0af44d7a2adb">
      <TestCategory>
        <TestCategoryItem TestCategory="WebService/Map" />
      </TestCategory>
      <Execution id="f46ab8b0-bcf5-4263-a1de-87561531487f" />
      <TestMethod codeBase="D:\actions-runner\_work\XPCO\XPCO\EventServer\Server\Components\Central\Server\unittest\bin\x64\Debug\VideoOS.Event.Server.UnitTest.dll" adapterTypeName="executor://mstestadapter/v2" className="VideoOS.Event.Server.WebService.Map.UnitTest.MapCommandTokenTest" name="TestCreateObjectsWithInvalidUser" />
    </UnitTest>
    <UnitTest name="TrimStart_ReturnInput_WhenInputDoesNotIncludePrefix" storage="d:\actions-runner\_work\xpco\xpco\eventserver\server\components\central\server\unittest\bin\x64\debug\videoos.event.server.unittest.dll" id="91188da9-d085-0bfd-d9b4-e5baf082c7ff">
      <TestCategory>
        <TestCategoryItem TestCategory="AccessControl" />
      </TestCategory>
      <Execution id="96d57b46-e01e-43c9-aa98-61100268cfeb" />
      <TestMethod codeBase="D:\actions-runner\_work\XPCO\XPCO\EventServer\Server\Components\Central\Server\unittest\bin\x64\Debug\VideoOS.Event.Server.UnitTest.dll" adapterTypeName="executor://mstestadapter/v2" className="VideoOS.Event.Server.UnitTest.AccessControl.AccessControlSystemTests" name="TrimStart_ReturnInput_WhenInputDoesNotIncludePrefix" />
    </UnitTest>
    <UnitTest name="EventConverter_ParseMetadata_EventName_Null" storage="d:\actions-runner\_work\xpco\xpco\eventserver\server\components\central\server\unittest\bin\x64\debug\videoos.event.server.unittest.dll" id="a95aec13-522b-72a2-0083-da69d3c98bc5">
      <Execution id="d3420ac1-6cfd-4367-a872-6d07a8d6a0a5" />
      <TestMethod codeBase="D:\actions-runner\_work\XPCO\XPCO\EventServer\Server\Components\Central\Server\unittest\bin\x64\Debug\VideoOS.Event.Server.UnitTest.dll" adapterTypeName="executor://mstestadapter/v2" className="VideoOS.Event.Server.UnitTest.Utils.EventConverterTest" name="EventConverter_ParseMetadata_EventName_Null" />
    </UnitTest>
    <UnitTest name="TestUpdateDisplayXMLThrowingUnhandledException" storage="d:\actions-runner\_work\xpco\xpco\eventserver\server\components\central\server\unittest\bin\x64\debug\videoos.event.server.unittest.dll" id="90e62cbf-7689-87e1-93e7-9ab4e0f34756">
      <TestCategory>
        <TestCategoryItem TestCategory="WebService/Map" />
      </TestCategory>
      <Execution id="c91efb92-0e9d-446b-8c23-4bb31da64e73" />
      <TestMethod codeBase="D:\actions-runner\_work\XPCO\XPCO\EventServer\Server\Components\Central\Server\unittest\bin\x64\Debug\VideoOS.Event.Server.UnitTest.dll" adapterTypeName="executor://mstestadapter/v2" className="VideoOS.Event.Server.WebService.Map.UnitTest.MapCommandToken2Test" name="TestUpdateDisplayXMLThrowingUnhandledException" />
    </UnitTest>
    <UnitTest name="TestGetXML" storage="d:\actions-runner\_work\xpco\xpco\eventserver\server\components\central\server\unittest\bin\x64\debug\videoos.event.server.unittest.dll" id="e6aec06f-1b34-715c-7067-e3512266e985">
      <Execution id="7c353f69-8b28-4601-8e51-e79711f6cca4" />
      <TestMethod codeBase="D:\actions-runner\_work\XPCO\XPCO\EventServer\Server\Components\Central\Server\unittest\bin\x64\Debug\VideoOS.Event.Server.UnitTest.dll" adapterTypeName="executor://mstestadapter/v2" className="VideoOS.Event.Server.Map.Data.UnitTest.VisualElementStorageTest" name="TestGetXML" />
    </UnitTest>
    <UnitTest name="TestGetAllObjectIDsOnVisualElementWithInvalidUser" storage="d:\actions-runner\_work\xpco\xpco\eventserver\server\components\central\server\unittest\bin\x64\debug\videoos.event.server.unittest.dll" id="7502a480-3d55-7c3a-43f7-314a17a87fc8">
      <TestCategory>
        <TestCategoryItem TestCategory="WebService/Map" />
      </TestCategory>
      <Execution id="9917e67a-cc3d-41c5-a743-4ea45bef4375" />
      <TestMethod codeBase="D:\actions-runner\_work\XPCO\XPCO\EventServer\Server\Components\Central\Server\unittest\bin\x64\Debug\VideoOS.Event.Server.UnitTest.dll" adapterTypeName="executor://mstestadapter/v2" className="VideoOS.Event.Server.WebService.Map.UnitTest.MapCommandTokenTest" name="TestGetAllObjectIDsOnVisualElementWithInvalidUser" />
    </UnitTest>
    <UnitTest name="TestLoadXMLWithAllCorrectValues" storage="d:\actions-runner\_work\xpco\xpco\eventserver\server\components\central\server\unittest\bin\x64\debug\videoos.event.server.unittest.dll" id="800bfdb8-0f47-9c76-16ae-22d1c02e0f34">
      <Execution id="47d72522-931b-4c7a-a197-e092abaa80a7" />
      <TestMethod codeBase="D:\actions-runner\_work\XPCO\XPCO\EventServer\Server\Components\Central\Server\unittest\bin\x64\Debug\VideoOS.Event.Server.UnitTest.dll" adapterTypeName="executor://mstestadapter/v2" className="VideoOS.Event.Server.Map.Data.UnitTest.TypeIdStorageTest" name="TestLoadXMLWithAllCorrectValues" />
    </UnitTest>
    <UnitTest name="SubscribeEventReceiver_ReturnsTrue_WhenNotAlreadySubscribed" storage="d:\actions-runner\_work\xpco\xpco\eventserver\server\components\central\server\unittest\bin\x64\debug\videoos.event.server.unittest.dll" id="742ab573-3688-e462-d303-02a1c484494d">
      <Execution id="0664217c-6d6e-4374-bf40-b66dd775f497" />
      <TestMethod codeBase="D:\actions-runner\_work\XPCO\XPCO\EventServer\Server\Components\Central\Server\unittest\bin\x64\Debug\VideoOS.Event.Server.UnitTest.dll" adapterTypeName="executor://mstestadapter/v2" className="VideoOS.Event.Server.UnitTest.Event.EventPusherTest" name="SubscribeEventReceiver_ReturnsTrue_WhenNotAlreadySubscribed" />
    </UnitTest>
    <UnitTest name="TestGetAlarmLines" storage="d:\actions-runner\_work\xpco\xpco\eventserver\server\components\central\server\unittest\bin\x64\debug\videoos.event.server.unittest.dll" id="0200c27a-805d-d307-9530-462a9d6d0eeb">
      <Execution id="19da5d09-8699-4fea-b8ab-9797f439fc8b" />
      <TestMethod codeBase="D:\actions-runner\_work\XPCO\XPCO\EventServer\Server\Components\Central\Server\unittest\bin\x64\Debug\VideoOS.Event.Server.UnitTest.dll" adapterTypeName="executor://mstestadapter/v2" className="VideoOS.Event.Server.WebService.Alarm.UnitTest.AlarmCommandTokenTest" name="TestGetAlarmLines" />
    </UnitTest>
    <UnitTest name="TestUpdateDisplayXMLThrowingUnhandledException" storage="d:\actions-runner\_work\xpco\xpco\eventserver\server\components\central\server\unittest\bin\x64\debug\videoos.event.server.unittest.dll" id="da9b2ce5-50e0-4c70-1517-953340f2dd57">
      <TestCategory>
        <TestCategoryItem TestCategory="WebService/Map" />
      </TestCategory>
      <Execution id="04d6e7f3-26c2-4dde-a651-8e304244801e" />
      <TestMethod codeBase="D:\actions-runner\_work\XPCO\XPCO\EventServer\Server\Components\Central\Server\unittest\bin\x64\Debug\VideoOS.Event.Server.UnitTest.dll" adapterTypeName="executor://mstestadapter/v2" className="VideoOS.Event.Server.WebService.Map.UnitTest.MapCommandCredentialsTest" name="TestUpdateDisplayXMLThrowingUnhandledException" />
    </UnitTest>
    <UnitTest name="TestCreateAccessControlItemAuthorizationFetcherWithNullConfigHost" storage="d:\actions-runner\_work\xpco\xpco\eventserver\server\components\central\server\unittest\bin\x64\debug\videoos.event.server.unittest.dll" id="84896106-2f9f-b03d-8fed-b3a52db5f04e">
      <TestCategory>
        <TestCategoryItem TestCategory="PermissionManagerFetcher" />
      </TestCategory>
      <Execution id="076ecc8d-5b86-409e-b6b6-ec454c6601a6" />
      <TestMethod codeBase="D:\actions-runner\_work\XPCO\XPCO\EventServer\Server\Components\Central\Server\unittest\bin\x64\Debug\VideoOS.Event.Server.UnitTest.dll" adapterTypeName="executor://mstestadapter/v2" className="VideoOS.Event.Server.UnitTest.Security.AuthorizationFetcher.ItemAuthorizationFetcherFactoryTest" name="TestCreateAccessControlItemAuthorizationFetcherWithNullConfigHost" />
    </UnitTest>
    <UnitTest name="TestUpdateElementWithAMarkedForDeletionElement" storage="d:\actions-runner\_work\xpco\xpco\eventserver\server\components\central\server\unittest\bin\x64\debug\videoos.event.server.unittest.dll" id="fa5511f4-8519-f9e6-eb84-5d9a722d9f15">
      <Execution id="613d0cd0-a22c-4f21-a766-acd8d9914928" />
      <TestMethod codeBase="D:\actions-runner\_work\XPCO\XPCO\EventServer\Server\Components\Central\Server\unittest\bin\x64\Debug\VideoOS.Event.Server.UnitTest.dll" adapterTypeName="executor://mstestadapter/v2" className="VideoOS.Event.Server.Map.UnitTest.VisualElementManagerTest" name="TestUpdateElementWithAMarkedForDeletionElement" />
    </UnitTest>
    <UnitTest name="TestCheckAuthorizationWhereCachedItemIsToOld" storage="d:\actions-runner\_work\xpco\xpco\eventserver\server\components\central\server\unittest\bin\x64\debug\videoos.event.server.unittest.dll" id="6c46d682-68df-98f6-c9c6-516dc2bcccb5">
      <TestCategory>
        <TestCategoryItem TestCategory="ActionAuthorizationCache" />
      </TestCategory>
      <Execution id="45a852e7-041b-405b-b241-55e1774f14a3" />
      <TestMethod codeBase="D:\actions-runner\_work\XPCO\XPCO\EventServer\Server\Components\Central\Server\unittest\bin\x64\Debug\VideoOS.Event.Server.UnitTest.dll" adapterTypeName="executor://mstestadapter/v2" className="VideoOS.Event.Server.UnitTest.Security.ActionAuthorizationCacheTest" name="TestCheckAuthorizationWhereCachedItemIsToOld" />
    </UnitTest>
    <UnitTest name="TestGetPlugInsNotAuthenticated" storage="d:\actions-runner\_work\xpco\xpco\eventserver\server\components\central\server\unittest\bin\x64\debug\videoos.event.server.unittest.dll" id="f897ee6f-f339-b33f-9c9f-c0685c6da51b">
      <TestCategory>
        <TestCategoryItem TestCategory="WebService/Map" />
      </TestCategory>
      <Execution id="0e4ab095-3b74-4388-a8df-654b2473a0fa" />
      <TestMethod codeBase="D:\actions-runner\_work\XPCO\XPCO\EventServer\Server\Components\Central\Server\unittest\bin\x64\Debug\VideoOS.Event.Server.UnitTest.dll" adapterTypeName="executor://mstestadapter/v2" className="VideoOS.Event.Server.WebService.Map.UnitTest.MapCommandCredentialsTest" name="TestGetPlugInsNotAuthenticated" />
    </UnitTest>
    <UnitTest name="TestCreateObjectThrowingUnhandledException" storage="d:\actions-runner\_work\xpco\xpco\eventserver\server\components\central\server\unittest\bin\x64\debug\videoos.event.server.unittest.dll" id="ef9e8ef1-7480-4948-d154-095198b2522f">
      <TestCategory>
        <TestCategoryItem TestCategory="WebService/Map" />
      </TestCategory>
      <Execution id="07410484-60ae-411d-b082-5ffb586ab481" />
      <TestMethod codeBase="D:\actions-runner\_work\XPCO\XPCO\EventServer\Server\Components\Central\Server\unittest\bin\x64\Debug\VideoOS.Event.Server.UnitTest.dll" adapterTypeName="executor://mstestadapter/v2" className="VideoOS.Event.Server.WebService.Map.UnitTest.MapCommandToken2Test" name="TestCreateObjectThrowingUnhandledException" />
    </UnitTest>
    <UnitTest name="TestCopyObject" storage="d:\actions-runner\_work\xpco\xpco\eventserver\server\components\central\server\unittest\bin\x64\debug\videoos.event.server.unittest.dll" id="ef8e58cf-ea5c-2876-04a9-76267e76a3bd">
      <Execution id="e9769a07-0219-41e1-b38d-1b95d0640402" />
      <TestMethod codeBase="D:\actions-runner\_work\XPCO\XPCO\EventServer\Server\Components\Central\Server\unittest\bin\x64\Debug\VideoOS.Event.Server.UnitTest.dll" adapterTypeName="executor://mstestadapter/v2" className="VideoOS.Event.Server.Map.Data.UnitTest.VisualElementStorageFactoryTest" name="TestCopyObject" />
    </UnitTest>
    <UnitTest name="TestConstructor" storage="d:\actions-runner\_work\xpco\xpco\eventserver\server\components\central\server\unittest\bin\x64\debug\videoos.event.server.unittest.dll" id="f0759f59-0dc4-5893-7a39-d74e8b8ab5a4">
      <Execution id="c2b80259-8538-48dd-a52a-4a0cc49217b5" />
      <TestMethod codeBase="D:\actions-runner\_work\XPCO\XPCO\EventServer\Server\Components\Central\Server\unittest\bin\x64\Debug\VideoOS.Event.Server.UnitTest.dll" adapterTypeName="executor://mstestadapter/v2" className="VideoOS.Event.Server.Map.Access.UnitTest.DefaultAccessControlTest" name="TestConstructor" />
    </UnitTest>
    <UnitTest name="LprRetention_ShouldBe90Days_ByDefault" storage="d:\actions-runner\_work\xpco\xpco\eventserver\server\components\central\server\unittest\bin\x64\debug\videoos.event.server.unittest.dll" id="1cdd5ba2-fc39-af9d-9e41-6be70a2f35b2">
      <Execution id="36dbceb2-26cf-456f-b018-572a877064c5" />
      <TestMethod codeBase="D:\actions-runner\_work\XPCO\XPCO\EventServer\Server\Components\Central\Server\unittest\bin\x64\Debug\VideoOS.Event.Server.UnitTest.dll" adapterTypeName="executor://mstestadapter/v2" className="VideoOS.Event.Server.UnitTest.Config.EventRetentionConfigTests" name="LprRetention_ShouldBe90Days_ByDefault" />
    </UnitTest>
    <UnitTest name="TestOneACSystemPLEnabled" storage="d:\actions-runner\_work\xpco\xpco\eventserver\server\components\central\server\unittest\bin\x64\debug\videoos.event.server.unittest.dll" id="d929a040-1aba-5669-e118-7d4e17a2b862">
      <TestCategory>
        <TestCategoryItem TestCategory="AccessControlUserIdTransformer" />
      </TestCategory>
      <Execution id="2e3cc96e-98f6-4ca5-bff1-b927b6fdc166" />
      <TestMethod codeBase="D:\actions-runner\_work\XPCO\XPCO\EventServer\Server\Components\Central\Server\unittest\bin\x64\Debug\VideoOS.Event.Server.UnitTest.dll" adapterTypeName="executor://mstestadapter/v2" className="VideoOS.Event.Server.UnitTest.Session.AccessControlUserIdTransformerTest" name="TestOneACSystemPLEnabled" />
    </UnitTest>
    <UnitTest name="TestGetIconDataThrowingUnhandledException" storage="d:\actions-runner\_work\xpco\xpco\eventserver\server\components\central\server\unittest\bin\x64\debug\videoos.event.server.unittest.dll" id="b2206278-bd3d-1c8b-0142-78ef5805880b">
      <TestCategory>
        <TestCategoryItem TestCategory="WebService/Map" />
      </TestCategory>
      <Execution id="76313592-add9-4c5b-bfd0-ed2f9082b568" />
      <TestMethod codeBase="D:\actions-runner\_work\XPCO\XPCO\EventServer\Server\Components\Central\Server\unittest\bin\x64\Debug\VideoOS.Event.Server.UnitTest.dll" adapterTypeName="executor://mstestadapter/v2" className="VideoOS.Event.Server.WebService.Map.UnitTest.MapCommandCredentialsTest" name="TestGetIconDataThrowingUnhandledException" />
    </UnitTest>
    <UnitTest name="TestItemAddedWithAnAllreadyExistingItemWithSameID" storage="d:\actions-runner\_work\xpco\xpco\eventserver\server\components\central\server\unittest\bin\x64\debug\videoos.event.server.unittest.dll" id="239f97ad-944d-968b-1719-9af125fd5862">
      <Execution id="c7345005-6710-4b8e-b406-8741be549b50" />
      <TestMethod codeBase="D:\actions-runner\_work\XPCO\XPCO\EventServer\Server\Components\Central\Server\unittest\bin\x64\Debug\VideoOS.Event.Server.UnitTest.dll" adapterTypeName="executor://mstestadapter/v2" className="VideoOS.Event.Server.MIP.PlugIn.UnitTest.MapPlugInTypeEventHandlerTest" name="TestItemAddedWithAnAllreadyExistingItemWithSameID" />
    </UnitTest>
    <UnitTest name="TestSetConfigHostAddingNew" storage="d:\actions-runner\_work\xpco\xpco\eventserver\server\components\central\server\unittest\bin\x64\debug\videoos.event.server.unittest.dll" id="ca2a562d-641e-8e00-fa18-6369fac1395a">
      <Execution id="a909b9f5-67c8-4127-a7db-ebc632ee01ed" />
      <TestMethod codeBase="D:\actions-runner\_work\XPCO\XPCO\EventServer\Server\Components\Central\Server\unittest\bin\x64\Debug\VideoOS.Event.Server.UnitTest.dll" adapterTypeName="executor://mstestadapter/v2" className="VideoOS.Event.Server.Communication.UnitTest.ServerConfigManagerTest" name="TestSetConfigHostAddingNew" />
    </UnitTest>
    <UnitTest name="TestConstructorWithVisualElementStorageDatabaseAndFactoryObjects" storage="d:\actions-runner\_work\xpco\xpco\eventserver\server\components\central\server\unittest\bin\x64\debug\videoos.event.server.unittest.dll" id="11ece51f-37eb-f926-cb36-a375b3572505">
      <Execution id="ae543925-a155-4916-a7b7-b1702f61f760" />
      <TestMethod codeBase="D:\actions-runner\_work\XPCO\XPCO\EventServer\Server\Components\Central\Server\unittest\bin\x64\Debug\VideoOS.Event.Server.UnitTest.dll" adapterTypeName="executor://mstestadapter/v2" className="VideoOS.Event.Server.Map.Data.UnitTest.VisualElementStorageTest" name="TestConstructorWithVisualElementStorageDatabaseAndFactoryObjects" />
    </UnitTest>
    <UnitTest name="TestAdd" storage="d:\actions-runner\_work\xpco\xpco\eventserver\server\components\central\server\unittest\bin\x64\debug\videoos.event.server.unittest.dll" id="259a4717-3e9b-83f2-ff12-abf76f9e34aa">
      <Execution id="4d1539e3-227a-4850-8455-b8a330c3bed1" />
      <TestMethod codeBase="D:\actions-runner\_work\XPCO\XPCO\EventServer\Server\Components\Central\Server\unittest\bin\x64\Debug\VideoOS.Event.Server.UnitTest.dll" adapterTypeName="executor://mstestadapter/v2" className="VideoOS.Analytics.Events.UnitTest.Server.DeviceManager.TestDeviceManagerXPCO" name="TestAdd" />
    </UnitTest>
    <UnitTest name="Setup_VmsTokenProvider_TempSecretExistsIsTrue_SecretExists_IsTrue_NoErrorsAreThrownAsync" storage="d:\actions-runner\_work\xpco\xpco\eventserver\server\components\central\server\unittest\bin\x64\debug\videoos.event.server.unittest.dll" id="f1786565-9098-421f-7c75-e67b4e0cb548">
      <Execution id="ae5975aa-2c73-4cd1-bfb0-019bcb040b97" />
      <TestMethod codeBase="D:\actions-runner\_work\XPCO\XPCO\EventServer\Server\Components\Central\Server\unittest\bin\x64\Debug\VideoOS.Event.Server.UnitTest.dll" adapterTypeName="executor://mstestadapter/v2" className="VideoOS.Event.Server.UnitTest.Utils.VmsTokenProvider.VmsTokenProviderTests" name="Setup_VmsTokenProvider_TempSecretExistsIsTrue_SecretExists_IsTrue_NoErrorsAreThrownAsync" />
    </UnitTest>
    <UnitTest name="TestCreateObjectWithInvalidUser" storage="d:\actions-runner\_work\xpco\xpco\eventserver\server\components\central\server\unittest\bin\x64\debug\videoos.event.server.unittest.dll" id="27cabf1d-308f-181d-d31e-b76ccd9ffbd5">
      <TestCategory>
        <TestCategoryItem TestCategory="WebService/Map" />
      </TestCategory>
      <Execution id="d4567136-5ada-4a28-bce7-581c88b503da" />
      <TestMethod codeBase="D:\actions-runner\_work\XPCO\XPCO\EventServer\Server\Components\Central\Server\unittest\bin\x64\Debug\VideoOS.Event.Server.UnitTest.dll" adapterTypeName="executor://mstestadapter/v2" className="VideoOS.Event.Server.WebService.Map.UnitTest.MapCommandToken2Test" name="TestCreateObjectWithInvalidUser" />
    </UnitTest>
    <UnitTest name="LookupGroupId_ShouldReturnSystemEventGroup_WhenEventIsInputActivated_AndServerTypeIsXPServer" storage="d:\actions-runner\_work\xpco\xpco\eventserver\server\components\central\server\unittest\bin\x64\debug\videoos.event.server.unittest.dll" id="0d08f94e-274d-7901-ebb9-231638e49d24">
      <Execution id="94780da7-3ffc-4159-b910-19b891c2e56d" />
      <TestMethod codeBase="D:\actions-runner\_work\XPCO\XPCO\EventServer\Server\Components\Central\Server\unittest\bin\x64\Debug\VideoOS.Event.Server.UnitTest.dll" adapterTypeName="executor://mstestadapter/v2" className="VideoOS.Event.Server.UnitTest.Alarm.ConfigFilterManagerTests" name="LookupGroupId_ShouldReturnSystemEventGroup_WhenEventIsInputActivated_AndServerTypeIsXPServer" />
    </UnitTest>
    <UnitTest name="TestCacheCleanupMultipleSessionsSingleUserIdNoTouch" storage="d:\actions-runner\_work\xpco\xpco\eventserver\server\components\central\server\unittest\bin\x64\debug\videoos.event.server.unittest.dll" id="cf3bd580-d58c-86fe-c0e2-03110ea272b8">
      <TestCategory>
        <TestCategoryItem TestCategory="SessionCache" />
      </TestCategory>
      <Execution id="d35e7f74-cf1b-4e3f-8005-f5bb855cbbcc" />
      <TestMethod codeBase="D:\actions-runner\_work\XPCO\XPCO\EventServer\Server\Components\Central\Server\unittest\bin\x64\Debug\VideoOS.Event.Server.UnitTest.dll" adapterTypeName="executor://mstestadapter/v2" className="VideoOS.Event.Server.UnitTest.Session.SessionCacheCleanupTest" name="TestCacheCleanupMultipleSessionsSingleUserIdNoTouch" />
    </UnitTest>
    <UnitTest name="TestNonExistingRelationElement" storage="d:\actions-runner\_work\xpco\xpco\eventserver\server\components\central\server\unittest\bin\x64\debug\videoos.event.server.unittest.dll" id="482f2162-f630-84b1-16ff-f7d9e0c47833">
      <Execution id="9475d65f-916e-4267-a966-6e01ddc9df2b" />
      <TestMethod codeBase="D:\actions-runner\_work\XPCO\XPCO\EventServer\Server\Components\Central\Server\unittest\bin\x64\Debug\VideoOS.Event.Server.UnitTest.dll" adapterTypeName="executor://mstestadapter/v2" className="VideoOS.Event.Server.Map.UnitTest.VisualElementManagerTest" name="TestNonExistingRelationElement" />
    </UnitTest>
    <UnitTest name="TestRuleSystemCommandPipeConfigurationChange" storage="d:\actions-runner\_work\xpco\xpco\eventserver\server\components\central\server\unittest\bin\x64\debug\videoos.event.server.unittest.dll" id="b3c67cb0-c8db-1bac-2c9f-4a5d9119eaa7">
      <Execution id="c7946594-f1b1-47d5-b543-ed5838dbc037" />
      <TestMethod codeBase="D:\actions-runner\_work\XPCO\XPCO\EventServer\Server\Components\Central\Server\unittest\bin\x64\Debug\VideoOS.Event.Server.UnitTest.dll" adapterTypeName="executor://mstestadapter/v2" className="VideoOS.Event.Server.UnitTest.XPCORuleSystem.RuleSystemCommandPipeTest" name="TestRuleSystemCommandPipeConfigurationChange" />
    </UnitTest>
    <UnitTest name="TestUpdateBoundsWithInvalidUser" storage="d:\actions-runner\_work\xpco\xpco\eventserver\server\components\central\server\unittest\bin\x64\debug\videoos.event.server.unittest.dll" id="575da95f-2230-1828-6b68-055396a6ceb9">
      <TestCategory>
        <TestCategoryItem TestCategory="WebService/Map" />
      </TestCategory>
      <Execution id="d6ef7951-4216-49e1-84e2-4ae771ac4668" />
      <TestMethod codeBase="D:\actions-runner\_work\XPCO\XPCO\EventServer\Server\Components\Central\Server\unittest\bin\x64\Debug\VideoOS.Event.Server.UnitTest.dll" adapterTypeName="executor://mstestadapter/v2" className="VideoOS.Event.Server.WebService.Map.UnitTest.MapCommandTokenTest" name="TestUpdateBoundsWithInvalidUser" />
    </UnitTest>
    <UnitTest name="TestGetIconDataWithInvalidUser" storage="d:\actions-runner\_work\xpco\xpco\eventserver\server\components\central\server\unittest\bin\x64\debug\videoos.event.server.unittest.dll" id="cbdeb48c-9946-2f9b-d5ad-e5852245e50b">
      <TestCategory>
        <TestCategoryItem TestCategory="WebService/Map" />
      </TestCategory>
      <Execution id="23d65bf7-2dbf-4c1d-9d25-eb35193abc40" />
      <TestMethod codeBase="D:\actions-runner\_work\XPCO\XPCO\EventServer\Server\Components\Central\Server\unittest\bin\x64\Debug\VideoOS.Event.Server.UnitTest.dll" adapterTypeName="executor://mstestadapter/v2" className="VideoOS.Event.Server.WebService.Map.UnitTest.MapCommandToken2Test" name="TestGetIconDataWithInvalidUser" />
    </UnitTest>
    <UnitTest name="TestRuleSystemCommandPipeConstruction" storage="d:\actions-runner\_work\xpco\xpco\eventserver\server\components\central\server\unittest\bin\x64\debug\videoos.event.server.unittest.dll" id="a233b0bf-7475-22b1-ba32-efabf55ac76e">
      <Execution id="84db32e2-c7ff-463d-a3a7-a0bfc128e1c8" />
      <TestMethod codeBase="D:\actions-runner\_work\XPCO\XPCO\EventServer\Server\Components\Central\Server\unittest\bin\x64\Debug\VideoOS.Event.Server.UnitTest.dll" adapterTypeName="executor://mstestadapter/v2" className="VideoOS.Event.Server.UnitTest.XPCORuleSystem.RuleSystemCommandPipeTest" name="TestRuleSystemCommandPipeConstruction" />
    </UnitTest>
    <UnitTest name="TestInProgressAlarms" storage="d:\actions-runner\_work\xpco\xpco\eventserver\server\components\central\server\unittest\bin\x64\debug\videoos.event.server.unittest.dll" id="c7a03a47-4936-1227-da9c-7540f240feb6">
      <Execution id="51e1560a-3a4e-4df5-bf83-727a8c6a5edc" />
      <TestMethod codeBase="D:\actions-runner\_work\XPCO\XPCO\EventServer\Server\Components\Central\Server\unittest\bin\x64\Debug\VideoOS.Event.Server.UnitTest.dll" adapterTypeName="executor://mstestadapter/v2" className="VideoOS.Event.Server.Map.Data.UnitTest.VisualElementStatusTest" name="TestInProgressAlarms" />
    </UnitTest>
    <UnitTest name="TestInsertElementsWithSameRelationIdAsExistingElement" storage="d:\actions-runner\_work\xpco\xpco\eventserver\server\components\central\server\unittest\bin\x64\debug\videoos.event.server.unittest.dll" id="47d6cddf-c885-e67b-0599-3e5be2206dbc">
      <Execution id="01660108-99d7-4bb1-83d7-def881622bbb" />
      <TestMethod codeBase="D:\actions-runner\_work\XPCO\XPCO\EventServer\Server\Components\Central\Server\unittest\bin\x64\Debug\VideoOS.Event.Server.UnitTest.dll" adapterTypeName="executor://mstestadapter/v2" className="VideoOS.Event.Server.Map.UnitTest.VisualElementManagerTest" name="TestInsertElementsWithSameRelationIdAsExistingElement" />
    </UnitTest>
    <UnitTest name="TestGetTypeChangedWithNegativeTimeout" storage="d:\actions-runner\_work\xpco\xpco\eventserver\server\components\central\server\unittest\bin\x64\debug\videoos.event.server.unittest.dll" id="cdc99126-a89a-18ac-a220-6afcaf5ed324">
      <TestCategory>
        <TestCategoryItem TestCategory="WebService/Map" />
      </TestCategory>
      <Execution id="f88dc4e7-8198-49f8-95d9-863882a9583c" />
      <TestMethod codeBase="D:\actions-runner\_work\XPCO\XPCO\EventServer\Server\Components\Central\Server\unittest\bin\x64\Debug\VideoOS.Event.Server.UnitTest.dll" adapterTypeName="executor://mstestadapter/v2" className="VideoOS.Event.Server.WebService.Map.UnitTest.MapCommandCredentialsTest" name="TestGetTypeChangedWithNegativeTimeout" />
    </UnitTest>
    <UnitTest name="TestCreateObjectWithServerIDInID" storage="d:\actions-runner\_work\xpco\xpco\eventserver\server\components\central\server\unittest\bin\x64\debug\videoos.event.server.unittest.dll" id="2d49bdd7-3559-92cb-5127-2fb8d1c44b38">
      <TestCategory>
        <TestCategoryItem TestCategory="WebService/Map" />
      </TestCategory>
      <Execution id="377ac1cd-f0a9-4dc1-8783-c47561718c71" />
      <TestMethod codeBase="D:\actions-runner\_work\XPCO\XPCO\EventServer\Server\Components\Central\Server\unittest\bin\x64\Debug\VideoOS.Event.Server.UnitTest.dll" adapterTypeName="executor://mstestadapter/v2" className="VideoOS.Event.Server.WebService.Map.UnitTest.MapCommandTokenTest" name="TestCreateObjectWithServerIDInID" />
    </UnitTest>
    <UnitTest name="ReadIdentity_ShouldReturnNull_WhenUserWithGivenNameDoesNotExists" storage="d:\actions-runner\_work\xpco\xpco\eventserver\server\components\central\server\unittest\bin\x64\debug\videoos.event.server.unittest.dll" id="c71b0e85-85e9-47a8-4df9-beaf3c66d61a">
      <Execution id="b258a3d1-4fdd-4894-a55a-7a55d5579229" />
      <TestMethod codeBase="D:\actions-runner\_work\XPCO\XPCO\EventServer\Server\Components\Central\Server\unittest\bin\x64\Debug\VideoOS.Event.Server.UnitTest.dll" adapterTypeName="executor://mstestadapter/v2" className="VideoOS.Event.Server.Security.UnitTest.SecurityCommunicationDBTest" name="ReadIdentity_ShouldReturnNull_WhenUserWithGivenNameDoesNotExists" />
    </UnitTest>
    <UnitTest name="UpdateBounds_WithValidParameters" storage="d:\actions-runner\_work\xpco\xpco\eventserver\server\components\central\server\unittest\bin\x64\debug\videoos.event.server.unittest.dll" id="6275dece-a0c2-3768-4637-0ccb8b0992f0">
      <TestCategory>
        <TestCategoryItem TestCategory="WebService/Map" />
      </TestCategory>
      <Execution id="e897dcb3-9279-4402-84a4-f973dcced5a2" />
      <TestMethod codeBase="D:\actions-runner\_work\XPCO\XPCO\EventServer\Server\Components\Central\Server\unittest\bin\x64\Debug\VideoOS.Event.Server.UnitTest.dll" adapterTypeName="executor://mstestadapter/v2" className="VideoOS.Event.Server.WebService.Map.UnitTest.MapCommandTokenTest" name="UpdateBounds_WithValidParameters" />
    </UnitTest>
    <UnitTest name="CreateObject_WithValidParameters" storage="d:\actions-runner\_work\xpco\xpco\eventserver\server\components\central\server\unittest\bin\x64\debug\videoos.event.server.unittest.dll" id="e3331d1b-8c7d-231c-6751-d2ce129ced81">
      <TestCategory>
        <TestCategoryItem TestCategory="WebService/Map" />
      </TestCategory>
      <Execution id="8972c5c9-45cf-4703-bc99-c9881e8491fb" />
      <TestMethod codeBase="D:\actions-runner\_work\XPCO\XPCO\EventServer\Server\Components\Central\Server\unittest\bin\x64\Debug\VideoOS.Event.Server.UnitTest.dll" adapterTypeName="executor://mstestadapter/v2" className="VideoOS.Event.Server.WebService.Map.UnitTest.MapCommandToken2Test" name="CreateObject_WithValidParameters" />
    </UnitTest>
    <UnitTest name="TestGetHostId" storage="d:\actions-runner\_work\xpco\xpco\eventserver\server\components\central\server\unittest\bin\x64\debug\videoos.event.server.unittest.dll" id="396d4ce9-42e4-63bb-9820-e13af62804a6">
      <Execution id="25a78c5f-d80e-43a2-876c-55bea0dec2f9" />
      <TestMethod codeBase="D:\actions-runner\_work\XPCO\XPCO\EventServer\Server\Components\Central\Server\unittest\bin\x64\Debug\VideoOS.Event.Server.UnitTest.dll" adapterTypeName="executor://mstestadapter/v2" className="VideoOS.Analytics.Events.UnitTest.Server.DeviceManager.TestHostResolver" name="TestGetHostId" />
    </UnitTest>
    <UnitTest name="TestSetConfigHostChanged" storage="d:\actions-runner\_work\xpco\xpco\eventserver\server\components\central\server\unittest\bin\x64\debug\videoos.event.server.unittest.dll" id="0ae9e340-245f-799a-bba4-bfae0a55b1bd">
      <Execution id="f38fe5f1-7b69-420c-8ace-4393ceefe950" />
      <TestMethod codeBase="D:\actions-runner\_work\XPCO\XPCO\EventServer\Server\Components\Central\Server\unittest\bin\x64\Debug\VideoOS.Event.Server.UnitTest.dll" adapterTypeName="executor://mstestadapter/v2" className="VideoOS.Event.Server.Communication.UnitTest.ServerConfigManagerTest" name="TestSetConfigHostChanged" />
    </UnitTest>
    <UnitTest name="TestGetVisualElementChangesWithNewerDeletedTimestamp" storage="d:\actions-runner\_work\xpco\xpco\eventserver\server\components\central\server\unittest\bin\x64\debug\videoos.event.server.unittest.dll" id="bbed0de9-19bc-ba49-ea76-993a5f8a0766">
      <Execution id="bf7a43dc-5944-40d8-aed6-4cff379f32d8" />
      <TestMethod codeBase="D:\actions-runner\_work\XPCO\XPCO\EventServer\Server\Components\Central\Server\unittest\bin\x64\Debug\VideoOS.Event.Server.UnitTest.dll" adapterTypeName="executor://mstestadapter/v2" className="VideoOS.Event.Server.Map.UnitTest.VisualElementManagerTest" name="TestGetVisualElementChangesWithNewerDeletedTimestamp" />
    </UnitTest>
    <UnitTest name="TestCreateObjectsThrowingUnhandledException" storage="d:\actions-runner\_work\xpco\xpco\eventserver\server\components\central\server\unittest\bin\x64\debug\videoos.event.server.unittest.dll" id="c31cef10-8516-b9e7-a04d-69b760ded6f6">
      <TestCategory>
        <TestCategoryItem TestCategory="WebService/Map" />
      </TestCategory>
      <Execution id="ebf1b319-797a-4a28-9395-84537aa17ac1" />
      <TestMethod codeBase="D:\actions-runner\_work\XPCO\XPCO\EventServer\Server\Components\Central\Server\unittest\bin\x64\Debug\VideoOS.Event.Server.UnitTest.dll" adapterTypeName="executor://mstestadapter/v2" className="VideoOS.Event.Server.WebService.Map.UnitTest.MapCommandToken2Test" name="TestCreateObjectsThrowingUnhandledException" />
    </UnitTest>
    <UnitTest name="SetAllEventRetentions_ShouldAuditLog_WhenEventTypeRetentionIsChanged" storage="d:\actions-runner\_work\xpco\xpco\eventserver\server\components\central\server\unittest\bin\x64\debug\videoos.event.server.unittest.dll" id="66ea99b5-4e3c-39a3-2be7-0a12fbeb60c9">
      <Execution id="f207eb9a-b965-4791-87d3-70abd369622d" />
      <TestMethod codeBase="D:\actions-runner\_work\XPCO\XPCO\EventServer\Server\Components\Central\Server\unittest\bin\x64\Debug\VideoOS.Event.Server.UnitTest.dll" adapterTypeName="executor://mstestadapter/v2" className="VideoOS.Event.Server.UnitTest.Config.EventRetentionConfigTests" name="SetAllEventRetentions_ShouldAuditLog_WhenEventTypeRetentionIsChanged" />
    </UnitTest>
    <UnitTest name="TestLoadXMLWithCorrectValues" storage="d:\actions-runner\_work\xpco\xpco\eventserver\server\components\central\server\unittest\bin\x64\debug\videoos.event.server.unittest.dll" id="b56fc5e0-ca7d-23ae-8b09-7929cd0345db">
      <Execution id="b3d40b01-4e62-49fc-94bd-399dcb2aed99" />
      <TestMethod codeBase="D:\actions-runner\_work\XPCO\XPCO\EventServer\Server\Components\Central\Server\unittest\bin\x64\Debug\VideoOS.Event.Server.UnitTest.dll" adapterTypeName="executor://mstestadapter/v2" className="VideoOS.Event.Server.Map.Data.UnitTest.VisualElementStorageTest" name="TestLoadXMLWithCorrectValues" />
    </UnitTest>
    <UnitTest name="GetPlugInItemChanges_WithZeroTimeout" storage="d:\actions-runner\_work\xpco\xpco\eventserver\server\components\central\server\unittest\bin\x64\debug\videoos.event.server.unittest.dll" id="620e6004-2687-d40d-56fa-33016c3a2edf">
      <TestCategory>
        <TestCategoryItem TestCategory="WebService/Map" />
      </TestCategory>
      <Execution id="5a3507b6-6748-43c6-b2c0-009ac6b66290" />
      <TestMethod codeBase="D:\actions-runner\_work\XPCO\XPCO\EventServer\Server\Components\Central\Server\unittest\bin\x64\Debug\VideoOS.Event.Server.UnitTest.dll" adapterTypeName="executor://mstestadapter/v2" className="VideoOS.Event.Server.WebService.Map.UnitTest.MapCommandToken2Test" name="GetPlugInItemChanges_WithZeroTimeout" />
    </UnitTest>
    <UnitTest name="TestLoadXMLWithCorrectValues" storage="d:\actions-runner\_work\xpco\xpco\eventserver\server\components\central\server\unittest\bin\x64\debug\videoos.event.server.unittest.dll" id="cfb35121-9e90-19ab-8b56-e907e592381e">
      <Execution id="63efb3e9-afbb-4539-96e0-a0f653acc5a6" />
      <TestMethod codeBase="D:\actions-runner\_work\XPCO\XPCO\EventServer\Server\Components\Central\Server\unittest\bin\x64\Debug\VideoOS.Event.Server.UnitTest.dll" adapterTypeName="executor://mstestadapter/v2" className="VideoOS.Event.Server.Map.Data.UnitTest.BoundsStorageTest" name="TestLoadXMLWithCorrectValues" />
    </UnitTest>
    <UnitTest name="TestGetAllElementsOfTypeIncludeRootOnSingleTreeWithAccessDenied" storage="d:\actions-runner\_work\xpco\xpco\eventserver\server\components\central\server\unittest\bin\x64\debug\videoos.event.server.unittest.dll" id="636d32e8-b7d3-00d6-fb1c-4e5351abe4cb">
      <Execution id="4d4d5e0b-4def-4c51-9573-d7e2ddea7ffd" />
      <TestMethod codeBase="D:\actions-runner\_work\XPCO\XPCO\EventServer\Server\Components\Central\Server\unittest\bin\x64\Debug\VideoOS.Event.Server.UnitTest.dll" adapterTypeName="executor://mstestadapter/v2" className="VideoOS.Event.Server.Map.UnitTest.VisualElementManagerTest" name="TestGetAllElementsOfTypeIncludeRootOnSingleTreeWithAccessDenied" />
    </UnitTest>
    <UnitTest name="TestGetObjectWithValidParameters" storage="d:\actions-runner\_work\xpco\xpco\eventserver\server\components\central\server\unittest\bin\x64\debug\videoos.event.server.unittest.dll" id="fa339202-5b42-e67b-f97a-d6db06b2d3f0">
      <TestCategory>
        <TestCategoryItem TestCategory="WebService/Map" />
      </TestCategory>
      <Execution id="e3bafaeb-9f98-4359-bc1b-56c38f363883" />
      <TestMethod codeBase="D:\actions-runner\_work\XPCO\XPCO\EventServer\Server\Components\Central\Server\unittest\bin\x64\Debug\VideoOS.Event.Server.UnitTest.dll" adapterTypeName="executor://mstestadapter/v2" className="VideoOS.Event.Server.WebService.Map.UnitTest.MapCommandCredentialsTest" name="TestGetObjectWithValidParameters" />
    </UnitTest>
    <UnitTest name="TestNameWithNull" storage="d:\actions-runner\_work\xpco\xpco\eventserver\server\components\central\server\unittest\bin\x64\debug\videoos.event.server.unittest.dll" id="aaafca5d-f4ef-4e22-3afb-bb9480d7c916">
      <Execution id="432da81a-25e0-493e-a4d1-1395c54bc95f" />
      <TestMethod codeBase="D:\actions-runner\_work\XPCO\XPCO\EventServer\Server\Components\Central\Server\unittest\bin\x64\Debug\VideoOS.Event.Server.UnitTest.dll" adapterTypeName="executor://mstestadapter/v2" className="VideoOS.Event.Server.MIP.PlugIn.UnitTest.MapPlugInEventHandlerTest" name="TestNameWithNull" />
    </UnitTest>
    <UnitTest name="TestGetAllObjectsOfTypeThrowingUnhandledException" storage="d:\actions-runner\_work\xpco\xpco\eventserver\server\components\central\server\unittest\bin\x64\debug\videoos.event.server.unittest.dll" id="9dbb768e-bcac-b81e-8f84-5226fb578808">
      <TestCategory>
        <TestCategoryItem TestCategory="WebService/Map" />
      </TestCategory>
      <Execution id="d6f9b4c9-dac1-4aaa-9dd1-909025765d29" />
      <TestMethod codeBase="D:\actions-runner\_work\XPCO\XPCO\EventServer\Server\Components\Central\Server\unittest\bin\x64\Debug\VideoOS.Event.Server.UnitTest.dll" adapterTypeName="executor://mstestadapter/v2" className="VideoOS.Event.Server.WebService.Map.UnitTest.MapCommandToken2Test" name="TestGetAllObjectsOfTypeThrowingUnhandledException" />
    </UnitTest>
    <UnitTest name="TestLoadAndInitDoubleACSystemConfiguration" storage="d:\actions-runner\_work\xpco\xpco\eventserver\server\components\central\server\unittest\bin\x64\debug\videoos.event.server.unittest.dll" id="f586d6aa-a26b-bf86-8db9-f89dc4137d1c">
      <Execution id="36fd5ea9-841e-40c2-83b9-17911d2be7ad" />
      <TestMethod codeBase="D:\actions-runner\_work\XPCO\XPCO\EventServer\Server\Components\Central\Server\unittest\bin\x64\Debug\VideoOS.Event.Server.UnitTest.dll" adapterTypeName="executor://mstestadapter/v2" className="VideoOS.Event.Server.UnitTest.AccessControl.AccessControlManagerTest" name="TestLoadAndInitDoubleACSystemConfiguration" />
    </UnitTest>
    <UnitTest name="TestConstructor" storage="d:\actions-runner\_work\xpco\xpco\eventserver\server\components\central\server\unittest\bin\x64\debug\videoos.event.server.unittest.dll" id="d8e0dc59-890c-1772-2405-bbda13b7b2e5">
      <Execution id="5e1ce80c-4c5e-4d3d-a578-96b7ecfd9361" />
      <TestMethod codeBase="D:\actions-runner\_work\XPCO\XPCO\EventServer\Server\Components\Central\Server\unittest\bin\x64\Debug\VideoOS.Event.Server.UnitTest.dll" adapterTypeName="executor://mstestadapter/v2" className="VideoOS.Event.Server.Communication.UnitTest.ServerRegisteredServicesTest" name="TestConstructor" />
    </UnitTest>
    <UnitTest name="TestSeveralConfigHostRemoved" storage="d:\actions-runner\_work\xpco\xpco\eventserver\server\components\central\server\unittest\bin\x64\debug\videoos.event.server.unittest.dll" id="deae603b-fab4-81c4-e8cc-7dc863200d1e">
      <TestCategory>
        <TestCategoryItem TestCategory="PermissionManagerFetcher" />
      </TestCategory>
      <Execution id="d852f69a-83d7-4f3a-a012-2b5d6ad59f87" />
      <TestMethod codeBase="D:\actions-runner\_work\XPCO\XPCO\EventServer\Server\Components\Central\Server\unittest\bin\x64\Debug\VideoOS.Event.Server.UnitTest.dll" adapterTypeName="executor://mstestadapter/v2" className="VideoOS.Event.Server.UnitTest.Security.PermissionFetcherTest" name="TestSeveralConfigHostRemoved" />
    </UnitTest>
    <UnitTest name="TryGetEventTypeRetention_ShouldReturnFalse_WhenEventTypeDoesntExist" storage="d:\actions-runner\_work\xpco\xpco\eventserver\server\components\central\server\unittest\bin\x64\debug\videoos.event.server.unittest.dll" id="757080b6-4e33-d5c9-6ffc-a22559518e7a">
      <Execution id="4f126bb4-871c-4427-8e29-e0fc12a18c0e" />
      <TestMethod codeBase="D:\actions-runner\_work\XPCO\XPCO\EventServer\Server\Components\Central\Server\unittest\bin\x64\Debug\VideoOS.Event.Server.UnitTest.dll" adapterTypeName="executor://mstestadapter/v2" className="VideoOS.Event.Server.UnitTest.Config.EventRetentionConfigTests" name="TryGetEventTypeRetention_ShouldReturnFalse_WhenEventTypeDoesntExist" />
    </UnitTest>
    <UnitTest name="TestRemoveElementAndChildElementsWithTwoHotzonesToSameMap" storage="d:\actions-runner\_work\xpco\xpco\eventserver\server\components\central\server\unittest\bin\x64\debug\videoos.event.server.unittest.dll" id="4410ae7f-43aa-eb44-1b4e-81bba6a15a39">
      <Execution id="c57f02c4-0a79-40ef-a304-1864d4c681d1" />
      <TestMethod codeBase="D:\actions-runner\_work\XPCO\XPCO\EventServer\Server\Components\Central\Server\unittest\bin\x64\Debug\VideoOS.Event.Server.UnitTest.dll" adapterTypeName="executor://mstestadapter/v2" className="VideoOS.Event.Server.Map.UnitTest.VisualElementManagerTest" name="TestRemoveElementAndChildElementsWithTwoHotzonesToSameMap" />
    </UnitTest>
    <UnitTest name="ActivatePlugInAction_WithValidParameters" storage="d:\actions-runner\_work\xpco\xpco\eventserver\server\components\central\server\unittest\bin\x64\debug\videoos.event.server.unittest.dll" id="8dce2ebc-b84c-4e62-a5a6-b13a1fdb4d31">
      <TestCategory>
        <TestCategoryItem TestCategory="WebService/Map" />
      </TestCategory>
      <Execution id="b06e4e59-fccc-47fb-9aad-7b4373fc93c7" />
      <TestMethod codeBase="D:\actions-runner\_work\XPCO\XPCO\EventServer\Server\Components\Central\Server\unittest\bin\x64\Debug\VideoOS.Event.Server.UnitTest.dll" adapterTypeName="executor://mstestadapter/v2" className="VideoOS.Event.Server.WebService.Map.UnitTest.MapCommandToken2Test" name="ActivatePlugInAction_WithValidParameters" />
    </UnitTest>
    <UnitTest name="TestGetItemStatusDetails" storage="d:\actions-runner\_work\xpco\xpco\eventserver\server\components\central\server\unittest\bin\x64\debug\videoos.event.server.unittest.dll" id="481403c4-1fb6-c6a5-a156-1f4ba1ff1ed0">
      <TestCategory>
        <TestCategoryItem TestCategory="MapPlugInManagerTest" />
      </TestCategory>
      <Execution id="0b211cb0-3c4b-45b5-866f-14d0a0e65d35" />
      <TestMethod codeBase="D:\actions-runner\_work\XPCO\XPCO\EventServer\Server\Components\Central\Server\unittest\bin\x64\Debug\VideoOS.Event.Server.UnitTest.dll" adapterTypeName="executor://mstestadapter/v2" className="VideoOS.Event.Server.MIP.PlugIn.UnitTest.MapPlugInManagerTest" name="TestGetItemStatusDetails" />
    </UnitTest>
    <UnitTest name="TestUpdateElementBoundsWithAMarkedForDeletionElement" storage="d:\actions-runner\_work\xpco\xpco\eventserver\server\components\central\server\unittest\bin\x64\debug\videoos.event.server.unittest.dll" id="c8928bd0-50a2-9d4e-412a-4945259d8ebb">
      <Execution id="a0de6f38-c736-47e9-9c27-fdb53f8c48e5" />
      <TestMethod codeBase="D:\actions-runner\_work\XPCO\XPCO\EventServer\Server\Components\Central\Server\unittest\bin\x64\Debug\VideoOS.Event.Server.UnitTest.dll" adapterTypeName="executor://mstestadapter/v2" className="VideoOS.Event.Server.Map.UnitTest.VisualElementManagerTest" name="TestUpdateElementBoundsWithAMarkedForDeletionElement" />
    </UnitTest>
    <UnitTest name="TestGetAllElementsOfTypeWithRelationOnDifferentServers" storage="d:\actions-runner\_work\xpco\xpco\eventserver\server\components\central\server\unittest\bin\x64\debug\videoos.event.server.unittest.dll" id="6ed6cc4f-0b69-d300-8374-f11ffe57b6be">
      <Execution id="585ed45e-9b4e-4033-ad6f-901b1f10d784" />
      <TestMethod codeBase="D:\actions-runner\_work\XPCO\XPCO\EventServer\Server\Components\Central\Server\unittest\bin\x64\Debug\VideoOS.Event.Server.UnitTest.dll" adapterTypeName="executor://mstestadapter/v2" className="VideoOS.Event.Server.Map.UnitTest.VisualElementManagerTest" name="TestGetAllElementsOfTypeWithRelationOnDifferentServers" />
    </UnitTest>
    <UnitTest name="TestGetVisualElementChangesWithInvalidId" storage="d:\actions-runner\_work\xpco\xpco\eventserver\server\components\central\server\unittest\bin\x64\debug\videoos.event.server.unittest.dll" id="e2f48753-f22e-c0ac-7e89-4c2869a12297">
      <Execution id="23db0450-82be-4eb3-b1b3-1768f0d7f126" />
      <TestMethod codeBase="D:\actions-runner\_work\XPCO\XPCO\EventServer\Server\Components\Central\Server\unittest\bin\x64\Debug\VideoOS.Event.Server.UnitTest.dll" adapterTypeName="executor://mstestadapter/v2" className="VideoOS.Event.Server.Map.UnitTest.VisualElementManagerTest" name="TestGetVisualElementChangesWithInvalidId" />
    </UnitTest>
    <UnitTest name="TestGetStatusWithSameItemsInDifferentLevels" storage="d:\actions-runner\_work\xpco\xpco\eventserver\server\components\central\server\unittest\bin\x64\debug\videoos.event.server.unittest.dll" id="c8a5b676-dccb-ef85-25d7-22cd0f991d41">
      <Execution id="f22abbf9-5859-461f-8535-70df5fa5b39f" />
      <TestMethod codeBase="D:\actions-runner\_work\XPCO\XPCO\EventServer\Server\Components\Central\Server\unittest\bin\x64\Debug\VideoOS.Event.Server.UnitTest.dll" adapterTypeName="executor://mstestadapter/v2" className="VideoOS.Event.Server.Map.UnitTest.VisualElementStatusCalculatorTest" name="TestGetStatusWithSameItemsInDifferentLevels" />
    </UnitTest>
    <UnitTest name="DeleteObjects_WithValidParameters" storage="d:\actions-runner\_work\xpco\xpco\eventserver\server\components\central\server\unittest\bin\x64\debug\videoos.event.server.unittest.dll" id="48832875-ad63-f03d-36a5-b28de21d0017">
      <TestCategory>
        <TestCategoryItem TestCategory="WebService/Map" />
      </TestCategory>
      <Execution id="e8218667-22a8-463f-a5fa-e0590b6a3234" />
      <TestMethod codeBase="D:\actions-runner\_work\XPCO\XPCO\EventServer\Server\Components\Central\Server\unittest\bin\x64\Debug\VideoOS.Event.Server.UnitTest.dll" adapterTypeName="executor://mstestadapter/v2" className="VideoOS.Event.Server.WebService.Map.UnitTest.MapCommandTokenTest" name="DeleteObjects_WithValidParameters" />
    </UnitTest>
    <UnitTest name="TestDeleteObjectAndChildObjectsThrowingUnhandledException" storage="d:\actions-runner\_work\xpco\xpco\eventserver\server\components\central\server\unittest\bin\x64\debug\videoos.event.server.unittest.dll" id="d9eb3447-b3c7-2036-87ac-4205b4ee0399">
      <TestCategory>
        <TestCategoryItem TestCategory="WebService/Map" />
      </TestCategory>
      <Execution id="2e954afd-60dc-470c-b429-d4759f28b931" />
      <TestMethod codeBase="D:\actions-runner\_work\XPCO\XPCO\EventServer\Server\Components\Central\Server\unittest\bin\x64\Debug\VideoOS.Event.Server.UnitTest.dll" adapterTypeName="executor://mstestadapter/v2" className="VideoOS.Event.Server.WebService.Map.UnitTest.MapCommandTokenTest" name="TestDeleteObjectAndChildObjectsThrowingUnhandledException" />
    </UnitTest>
    <UnitTest name="TestToVisualElementWithNullVariables" storage="d:\actions-runner\_work\xpco\xpco\eventserver\server\components\central\server\unittest\bin\x64\debug\videoos.event.server.unittest.dll" id="da0e23da-ffd3-b19d-ab37-35c036e31e36">
      <Execution id="b864a00a-d56c-4e02-81db-10bb69c0164b" />
      <TestMethod codeBase="D:\actions-runner\_work\XPCO\XPCO\EventServer\Server\Components\Central\Server\unittest\bin\x64\Debug\VideoOS.Event.Server.UnitTest.dll" adapterTypeName="executor://mstestadapter/v2" className="VideoOS.Event.Server.Map.Data.UnitTest.VisualElementStorageTest" name="TestToVisualElementWithNullVariables" />
    </UnitTest>
    <UnitTest name="GetAllObjectsOfType_SingleElementPath" storage="d:\actions-runner\_work\xpco\xpco\eventserver\server\components\central\server\unittest\bin\x64\debug\videoos.event.server.unittest.dll" id="43cccf8e-cac8-f44f-0a32-140b99d35095">
      <TestCategory>
        <TestCategoryItem TestCategory="WebService/Map" />
      </TestCategory>
      <Execution id="a64fdffd-5f34-4f58-bdb4-1db09b741d38" />
      <TestMethod codeBase="D:\actions-runner\_work\XPCO\XPCO\EventServer\Server\Components\Central\Server\unittest\bin\x64\Debug\VideoOS.Event.Server.UnitTest.dll" adapterTypeName="executor://mstestadapter/v2" className="VideoOS.Event.Server.WebService.Map.UnitTest.MapCommandTokenTest" name="GetAllObjectsOfType_SingleElementPath" />
    </UnitTest>
    <UnitTest name="TestInsertElementWithTwoRelationWithSameId" storage="d:\actions-runner\_work\xpco\xpco\eventserver\server\components\central\server\unittest\bin\x64\debug\videoos.event.server.unittest.dll" id="57b55e6e-9069-bda1-354a-d72ede57b55a">
      <Execution id="73fcd6d7-48f1-4cb2-950e-3a48526560e7" />
      <TestMethod codeBase="D:\actions-runner\_work\XPCO\XPCO\EventServer\Server\Components\Central\Server\unittest\bin\x64\Debug\VideoOS.Event.Server.UnitTest.dll" adapterTypeName="executor://mstestadapter/v2" className="VideoOS.Event.Server.Map.UnitTest.VisualElementManagerTest" name="TestInsertElementWithTwoRelationWithSameId" />
    </UnitTest>
    <UnitTest name="TestOneACSystemPLUnsupportedButEnabled" storage="d:\actions-runner\_work\xpco\xpco\eventserver\server\components\central\server\unittest\bin\x64\debug\videoos.event.server.unittest.dll" id="8743236c-eff5-e04a-11ff-194859e4447b">
      <TestCategory>
        <TestCategoryItem TestCategory="AccessControlUserIdTransformer" />
      </TestCategory>
      <Execution id="0df3f2a3-20b1-4122-9f03-fe3b9bfb779e" />
      <TestMethod codeBase="D:\actions-runner\_work\XPCO\XPCO\EventServer\Server\Components\Central\Server\unittest\bin\x64\Debug\VideoOS.Event.Server.UnitTest.dll" adapterTypeName="executor://mstestadapter/v2" className="VideoOS.Event.Server.UnitTest.Session.AccessControlUserIdTransformerTest" name="TestOneACSystemPLUnsupportedButEnabled" />
    </UnitTest>
    <UnitTest name="TestGetAllObjectIDsOnVisualElementWithValidParameters" storage="d:\actions-runner\_work\xpco\xpco\eventserver\server\components\central\server\unittest\bin\x64\debug\videoos.event.server.unittest.dll" id="ed9936a7-f78a-b416-3502-5c02b5737ef7">
      <TestCategory>
        <TestCategoryItem TestCategory="WebService/Map" />
      </TestCategory>
      <Execution id="b02eacde-cbf2-4567-a463-41b1262416cc" />
      <TestMethod codeBase="D:\actions-runner\_work\XPCO\XPCO\EventServer\Server\Components\Central\Server\unittest\bin\x64\Debug\VideoOS.Event.Server.UnitTest.dll" adapterTypeName="executor://mstestadapter/v2" className="VideoOS.Event.Server.WebService.Map.UnitTest.MapCommandCredentialsTest" name="TestGetAllObjectIDsOnVisualElementWithValidParameters" />
    </UnitTest>
    <UnitTest name="SetAllEventRetentions_ShouldAuditLog_WhenDefaultRetentionIsChanged" storage="d:\actions-runner\_work\xpco\xpco\eventserver\server\components\central\server\unittest\bin\x64\debug\videoos.event.server.unittest.dll" id="acfb8bc4-d35c-001a-368e-6db458396c27">
      <Execution id="b81e3012-2c8c-44d1-8abd-99b47b53dba3" />
      <TestMethod codeBase="D:\actions-runner\_work\XPCO\XPCO\EventServer\Server\Components\Central\Server\unittest\bin\x64\Debug\VideoOS.Event.Server.UnitTest.dll" adapterTypeName="executor://mstestadapter/v2" className="VideoOS.Event.Server.UnitTest.Config.EventRetentionConfigTests" name="SetAllEventRetentions_ShouldAuditLog_WhenDefaultRetentionIsChanged" />
    </UnitTest>
    <UnitTest name="TryGetEventGroupRetention_ShouldReturnFalse_WhenEventGroupDoesntExist" storage="d:\actions-runner\_work\xpco\xpco\eventserver\server\components\central\server\unittest\bin\x64\debug\videoos.event.server.unittest.dll" id="648c3423-ff75-8cf6-1c0f-68238348b975">
      <Execution id="478c4cbe-e159-4052-a357-1420f0100a82" />
      <TestMethod codeBase="D:\actions-runner\_work\XPCO\XPCO\EventServer\Server\Components\Central\Server\unittest\bin\x64\Debug\VideoOS.Event.Server.UnitTest.dll" adapterTypeName="executor://mstestadapter/v2" className="VideoOS.Event.Server.UnitTest.Config.EventRetentionConfigTests" name="TryGetEventGroupRetention_ShouldReturnFalse_WhenEventGroupDoesntExist" />
    </UnitTest>
    <UnitTest name="TestConstructor" storage="d:\actions-runner\_work\xpco\xpco\eventserver\server\components\central\server\unittest\bin\x64\debug\videoos.event.server.unittest.dll" id="d508f85a-0f78-86a6-397d-d7afc532ed7f">
      <Execution id="f136bf41-3a59-430a-becf-51fa80ff1001" />
      <TestMethod codeBase="D:\actions-runner\_work\XPCO\XPCO\EventServer\Server\Components\Central\Server\unittest\bin\x64\Debug\VideoOS.Event.Server.UnitTest.dll" adapterTypeName="executor://mstestadapter/v2" className="VideoOS.Event.Server.Communication.UnitTest.ServerConfigManagerTest" name="TestConstructor" />
    </UnitTest>
    <UnitTest name="TestDeleteObjectAndChildObjectsThrowingUnhandledException" storage="d:\actions-runner\_work\xpco\xpco\eventserver\server\components\central\server\unittest\bin\x64\debug\videoos.event.server.unittest.dll" id="ce825fef-7327-dae6-f265-c437cad35b91">
      <TestCategory>
        <TestCategoryItem TestCategory="WebService/Map" />
      </TestCategory>
      <Execution id="d46b5c38-a531-49f3-8881-e251daea6de7" />
      <TestMethod codeBase="D:\actions-runner\_work\XPCO\XPCO\EventServer\Server\Components\Central\Server\unittest\bin\x64\Debug\VideoOS.Event.Server.UnitTest.dll" adapterTypeName="executor://mstestadapter/v2" className="VideoOS.Event.Server.WebService.Map.UnitTest.MapCommandToken2Test" name="TestDeleteObjectAndChildObjectsThrowingUnhandledException" />
    </UnitTest>
    <UnitTest name="TestGetInProgressAlarms" storage="d:\actions-runner\_work\xpco\xpco\eventserver\server\components\central\server\unittest\bin\x64\debug\videoos.event.server.unittest.dll" id="452b2ad6-63da-e377-e214-101b481a21fa">
      <Execution id="77c88d62-07ae-4e15-ad89-ec28a5908120" />
      <TestMethod codeBase="D:\actions-runner\_work\XPCO\XPCO\EventServer\Server\Components\Central\Server\unittest\bin\x64\Debug\VideoOS.Event.Server.UnitTest.dll" adapterTypeName="executor://mstestadapter/v2" className="VideoOS.Event.Server.Map.Data.UnitTest.StatusElementTest" name="TestGetInProgressAlarms" />
    </UnitTest>
    <UnitTest name="UpdateObjects_WithValidParameters" storage="d:\actions-runner\_work\xpco\xpco\eventserver\server\components\central\server\unittest\bin\x64\debug\videoos.event.server.unittest.dll" id="0c8af55d-888b-66ab-d122-5725e58fd271">
      <TestCategory>
        <TestCategoryItem TestCategory="WebService/Map" />
      </TestCategory>
      <Execution id="aeb58dba-6e34-4157-bb1d-43e4e724b016" />
      <TestMethod codeBase="D:\actions-runner\_work\XPCO\XPCO\EventServer\Server\Components\Central\Server\unittest\bin\x64\Debug\VideoOS.Event.Server.UnitTest.dll" adapterTypeName="executor://mstestadapter/v2" className="VideoOS.Event.Server.WebService.Map.UnitTest.MapCommandToken2Test" name="UpdateObjects_WithValidParameters" />
    </UnitTest>
    <UnitTest name="TestCreateObjectsWithValidParameters" storage="d:\actions-runner\_work\xpco\xpco\eventserver\server\components\central\server\unittest\bin\x64\debug\videoos.event.server.unittest.dll" id="58b7e4c2-677e-eaa1-ffab-7fefdbb47c57">
      <TestCategory>
        <TestCategoryItem TestCategory="WebService/Map" />
      </TestCategory>
      <Execution id="06c0cd5a-258b-4a84-82f2-637a1dc0bb04" />
      <TestMethod codeBase="D:\actions-runner\_work\XPCO\XPCO\EventServer\Server\Components\Central\Server\unittest\bin\x64\Debug\VideoOS.Event.Server.UnitTest.dll" adapterTypeName="executor://mstestadapter/v2" className="VideoOS.Event.Server.WebService.Map.UnitTest.MapCommandCredentialsTest" name="TestCreateObjectsWithValidParameters" />
    </UnitTest>
    <UnitTest name="TestActionCommandCredentialsConfigurationChangedInvalidUser" storage="d:\actions-runner\_work\xpco\xpco\eventserver\server\components\central\server\unittest\bin\x64\debug\videoos.event.server.unittest.dll" id="a9129bc8-a37f-1926-b7d2-382b9df7e228">
      <Execution id="0a2d2b55-a6c0-4b77-abef-3ffa69dfa98d" />
      <TestMethod codeBase="D:\actions-runner\_work\XPCO\XPCO\EventServer\Server\Components\Central\Server\unittest\bin\x64\Debug\VideoOS.Event.Server.UnitTest.dll" adapterTypeName="executor://mstestadapter/v2" className="VideoOS.Event.Server.UnitTest.WebService.Action.ActionCommandCredentialsTest" name="TestActionCommandCredentialsConfigurationChangedInvalidUser" />
    </UnitTest>
    <UnitTest name="TestActivatePlugInActionThrowingUnhandledException" storage="d:\actions-runner\_work\xpco\xpco\eventserver\server\components\central\server\unittest\bin\x64\debug\videoos.event.server.unittest.dll" id="1920d83d-5950-9568-4233-11ab75bed826">
      <TestCategory>
        <TestCategoryItem TestCategory="WebService/Map" />
      </TestCategory>
      <Execution id="70e525be-7a08-47eb-897b-3ab23c7aa19f" />
      <TestMethod codeBase="D:\actions-runner\_work\XPCO\XPCO\EventServer\Server\Components\Central\Server\unittest\bin\x64\Debug\VideoOS.Event.Server.UnitTest.dll" adapterTypeName="executor://mstestadapter/v2" className="VideoOS.Event.Server.WebService.Map.UnitTest.MapCommandToken2Test" name="TestActivatePlugInActionThrowingUnhandledException" />
    </UnitTest>
    <UnitTest name="TestCheckAuthorizationWhereNoCachedItemAndErrorFirstTime" storage="d:\actions-runner\_work\xpco\xpco\eventserver\server\components\central\server\unittest\bin\x64\debug\videoos.event.server.unittest.dll" id="1557dd86-0b20-4175-8eff-cf0a11f48247">
      <TestCategory>
        <TestCategoryItem TestCategory="ActionAuthorizationCache" />
      </TestCategory>
      <Execution id="5e629853-9f4f-4354-b1b2-db345ad7ffe7" />
      <TestMethod codeBase="D:\actions-runner\_work\XPCO\XPCO\EventServer\Server\Components\Central\Server\unittest\bin\x64\Debug\VideoOS.Event.Server.UnitTest.dll" adapterTypeName="executor://mstestadapter/v2" className="VideoOS.Event.Server.UnitTest.Security.ActionAuthorizationCacheTest" name="TestCheckAuthorizationWhereNoCachedItemAndErrorFirstTime" />
    </UnitTest>
    <UnitTest name="GetKindFromVisualElementObjectTypeTest" storage="d:\actions-runner\_work\xpco\xpco\eventserver\server\components\central\server\unittest\bin\x64\debug\videoos.event.server.unittest.dll" id="13287f31-e788-e2d4-f141-52b50e707662">
      <TestCategory>
        <TestCategoryItem TestCategory="Utils" />
      </TestCategory>
      <Execution id="ac1b1a0d-836c-4d47-8e25-a848914a435c" />
      <TestMethod codeBase="D:\actions-runner\_work\XPCO\XPCO\EventServer\Server\Components\Central\Server\unittest\bin\x64\Debug\VideoOS.Event.Server.UnitTest.dll" adapterTypeName="executor://mstestadapter/v2" className="VideoOS.Central.Server.UnitTest.Utils.TypeConverterTest" name="GetKindFromVisualElementObjectTypeTest" />
    </UnitTest>
    <UnitTest name="TestGetAllElementsOfTypeWithCyclicTreeAndLimit" storage="d:\actions-runner\_work\xpco\xpco\eventserver\server\components\central\server\unittest\bin\x64\debug\videoos.event.server.unittest.dll" id="1bff04e7-a34e-2661-3dfa-a55c31eb03e9">
      <Execution id="f56ddf7a-fc49-42ac-928a-959e37434a84" />
      <TestMethod codeBase="D:\actions-runner\_work\XPCO\XPCO\EventServer\Server\Components\Central\Server\unittest\bin\x64\Debug\VideoOS.Event.Server.UnitTest.dll" adapterTypeName="executor://mstestadapter/v2" className="VideoOS.Event.Server.Map.UnitTest.VisualElementManagerTest" name="TestGetAllElementsOfTypeWithCyclicTreeAndLimit" />
    </UnitTest>
    <UnitTest name="TestRemoveElementsWithNonExistingId" storage="d:\actions-runner\_work\xpco\xpco\eventserver\server\components\central\server\unittest\bin\x64\debug\videoos.event.server.unittest.dll" id="801374fb-6366-6e1b-24d9-368f321cfa1d">
      <Execution id="f04cf8f5-7656-4e84-a648-ebe2d1500233" />
      <TestMethod codeBase="D:\actions-runner\_work\XPCO\XPCO\EventServer\Server\Components\Central\Server\unittest\bin\x64\Debug\VideoOS.Event.Server.UnitTest.dll" adapterTypeName="executor://mstestadapter/v2" className="VideoOS.Event.Server.Map.UnitTest.VisualElementManagerTest" name="TestRemoveElementsWithNonExistingId" />
    </UnitTest>
    <UnitTest name="Constructor_ShouldRaiseArgumentNullException_WhenKeyIsNull" storage="d:\actions-runner\_work\xpco\xpco\eventserver\server\components\central\server\unittest\bin\x64\debug\videoos.event.server.unittest.dll" id="4404f0bc-42cf-337a-ad9d-0be2c38d7ec2">
      <TestCategory>
        <TestCategoryItem TestCategory="Security" />
      </TestCategory>
      <Execution id="fd904c3e-888e-4c31-b8e3-43e0fddf50b1" />
      <TestMethod codeBase="D:\actions-runner\_work\XPCO\XPCO\EventServer\Server\Components\Central\Server\unittest\bin\x64\Debug\VideoOS.Event.Server.UnitTest.dll" adapterTypeName="executor://mstestadapter/v2" className="VideoOS.Event.Server.UnitTest.Security.EventServerEncryptionSymmetricTest" name="Constructor_ShouldRaiseArgumentNullException_WhenKeyIsNull" />
    </UnitTest>
    <UnitTest name="TestDescription" storage="d:\actions-runner\_work\xpco\xpco\eventserver\server\components\central\server\unittest\bin\x64\debug\videoos.event.server.unittest.dll" id="095c6d2b-df92-4f2a-cb3c-ba4350787eb1">
      <Execution id="859b97a3-a156-4210-876e-d0f1d0b45a4b" />
      <TestMethod codeBase="D:\actions-runner\_work\XPCO\XPCO\EventServer\Server\Components\Central\Server\unittest\bin\x64\Debug\VideoOS.Event.Server.UnitTest.dll" adapterTypeName="executor://mstestadapter/v2" className="VideoOS.Event.Server.MIP.PlugIn.UnitTest.MapPlugInTypeEventHandlerTest" name="TestDescription" />
    </UnitTest>
    <UnitTest name="TestExecuteWhileLockedWithActionCausingException" storage="d:\actions-runner\_work\xpco\xpco\eventserver\server\components\central\server\unittest\bin\x64\debug\videoos.event.server.unittest.dll" id="33081f89-764f-7ff0-be12-18d81d6396f0">
      <TestCategory>
        <TestCategoryItem TestCategory="DatabaseConfigurableDataCache" />
      </TestCategory>
      <Execution id="b61b665b-f8bd-4082-92ec-55e02ea6f359" />
      <TestMethod codeBase="D:\actions-runner\_work\XPCO\XPCO\EventServer\Server\Components\Central\Server\unittest\bin\x64\Debug\VideoOS.Event.Server.UnitTest.dll" adapterTypeName="executor://mstestadapter/v2" className="VideoOS.EventServer.Config.UnitTest.DatabaseConfigurableDataCacheTest" name="TestExecuteWhileLockedWithActionCausingException" />
    </UnitTest>
    <UnitTest name="TestUpdateStateCorporate" storage="d:\actions-runner\_work\xpco\xpco\eventserver\server\components\central\server\unittest\bin\x64\debug\videoos.event.server.unittest.dll" id="40ceb1f5-b7ad-2efb-b2d4-1dd0881abec3">
      <Execution id="96bfaf91-8309-4361-bbbf-1022c3484944" />
      <TestMethod codeBase="D:\actions-runner\_work\XPCO\XPCO\EventServer\Server\Components\Central\Server\unittest\bin\x64\Debug\VideoOS.Event.Server.UnitTest.dll" adapterTypeName="executor://mstestadapter/v2" className="VideoOS.Event.Server.Map.Data.UnitTest.StatusElementCameraTest" name="TestUpdateStateCorporate" />
    </UnitTest>
    <UnitTest name="TestGetVisualElementChangesWithInvalidUser" storage="d:\actions-runner\_work\xpco\xpco\eventserver\server\components\central\server\unittest\bin\x64\debug\videoos.event.server.unittest.dll" id="ed0ebeb4-a5f7-d235-ddf8-88e75feb1b8f">
      <TestCategory>
        <TestCategoryItem TestCategory="WebService/Map" />
      </TestCategory>
      <Execution id="a9f02d58-5f22-45c6-aecc-0539ed9d9f0f" />
      <TestMethod codeBase="D:\actions-runner\_work\XPCO\XPCO\EventServer\Server\Components\Central\Server\unittest\bin\x64\Debug\VideoOS.Event.Server.UnitTest.dll" adapterTypeName="executor://mstestadapter/v2" className="VideoOS.Event.Server.WebService.Map.UnitTest.MapCommandTokenTest" name="TestGetVisualElementChangesWithInvalidUser" />
    </UnitTest>
    <UnitTest name="TestConstructorWithVisualElementStorageDatabaseAndVisualElementWithObjects" storage="d:\actions-runner\_work\xpco\xpco\eventserver\server\components\central\server\unittest\bin\x64\debug\videoos.event.server.unittest.dll" id="97b31139-a598-5002-d238-5d4d9f4008d4">
      <Execution id="02d9824c-3794-4cd8-b691-7fe292d109bd" />
      <TestMethod codeBase="D:\actions-runner\_work\XPCO\XPCO\EventServer\Server\Components\Central\Server\unittest\bin\x64\Debug\VideoOS.Event.Server.UnitTest.dll" adapterTypeName="executor://mstestadapter/v2" className="VideoOS.Event.Server.Map.Data.UnitTest.VisualElementStorageTest" name="TestConstructorWithVisualElementStorageDatabaseAndVisualElementWithObjects" />
    </UnitTest>
    <UnitTest name="TestRemoveElementsRemoveTwoElementsWhereOneIsMarkedForDeletion" storage="d:\actions-runner\_work\xpco\xpco\eventserver\server\components\central\server\unittest\bin\x64\debug\videoos.event.server.unittest.dll" id="6230042b-066b-7540-e033-c1da687c8808">
      <Execution id="052be678-6ead-465b-8835-a73d0b3b5826" />
      <TestMethod codeBase="D:\actions-runner\_work\XPCO\XPCO\EventServer\Server\Components\Central\Server\unittest\bin\x64\Debug\VideoOS.Event.Server.UnitTest.dll" adapterTypeName="executor://mstestadapter/v2" className="VideoOS.Event.Server.Map.UnitTest.VisualElementManagerTest" name="TestRemoveElementsRemoveTwoElementsWhereOneIsMarkedForDeletion" />
    </UnitTest>
    <UnitTest name="GetAllKinds_ShouldReturnCorrectKinds_WithUniqueMembers" storage="d:\actions-runner\_work\xpco\xpco\eventserver\server\components\central\server\unittest\bin\x64\debug\videoos.event.server.unittest.dll" id="03f3f165-6eb2-c462-06fa-5224fc9ec9a7">
      <TestCategory>
        <TestCategoryItem TestCategory="PermissionManagerFetcher" />
      </TestCategory>
      <Execution id="794b763e-6580-4df0-94cd-9c541fc6672c" />
      <TestMethod codeBase="D:\actions-runner\_work\XPCO\XPCO\EventServer\Server\Components\Central\Server\unittest\bin\x64\Debug\VideoOS.Event.Server.UnitTest.dll" adapterTypeName="executor://mstestadapter/v2" className="VideoOS.Event.Server.UnitTest.Security.AuthorizationFetcher.MIPItemAuthorizationFetcherTest" name="GetAllKinds_ShouldReturnCorrectKinds_WithUniqueMembers" />
    </UnitTest>
    <UnitTest name="TestGetStatusVirtualServersWithServerNotOnMapInError" storage="d:\actions-runner\_work\xpco\xpco\eventserver\server\components\central\server\unittest\bin\x64\debug\videoos.event.server.unittest.dll" id="1d0f1860-0023-b37e-c27f-76f745de67fa">
      <Execution id="4b2c6fa6-bbf3-4215-8e9d-dadedb1c7b00" />
      <TestMethod codeBase="D:\actions-runner\_work\XPCO\XPCO\EventServer\Server\Components\Central\Server\unittest\bin\x64\Debug\VideoOS.Event.Server.UnitTest.dll" adapterTypeName="executor://mstestadapter/v2" className="VideoOS.Event.Server.Map.UnitTest.VisualElementStatusCalculatorTest" name="TestGetStatusVirtualServersWithServerNotOnMapInError" />
    </UnitTest>
    <UnitTest name="TestGetPlugInItemsNotAuthenticated" storage="d:\actions-runner\_work\xpco\xpco\eventserver\server\components\central\server\unittest\bin\x64\debug\videoos.event.server.unittest.dll" id="e7850e2b-39d7-effe-6d3e-ea817bc5c9f9">
      <TestCategory>
        <TestCategoryItem TestCategory="WebService/Map" />
      </TestCategory>
      <Execution id="edd414e9-dc0d-4b0b-bcd0-daad05321bbe" />
      <TestMethod codeBase="D:\actions-runner\_work\XPCO\XPCO\EventServer\Server\Components\Central\Server\unittest\bin\x64\Debug\VideoOS.Event.Server.UnitTest.dll" adapterTypeName="executor://mstestadapter/v2" className="VideoOS.Event.Server.WebService.Map.UnitTest.MapCommandCredentialsTest" name="TestGetPlugInItemsNotAuthenticated" />
    </UnitTest>
    <UnitTest name="TestDefaultWithNoMapPlugInType" storage="d:\actions-runner\_work\xpco\xpco\eventserver\server\components\central\server\unittest\bin\x64\debug\videoos.event.server.unittest.dll" id="ab3cae72-2ddf-ddc9-36d0-becb615bd702">
      <Execution id="4619524e-2c07-4101-893f-e3399b9d0665" />
      <TestMethod codeBase="D:\actions-runner\_work\XPCO\XPCO\EventServer\Server\Components\Central\Server\unittest\bin\x64\Debug\VideoOS.Event.Server.UnitTest.dll" adapterTypeName="executor://mstestadapter/v2" className="VideoOS.Event.Server.MIP.PlugIn.UnitTest.MapPlugInTypeEventHandlerTest" name="TestDefaultWithNoMapPlugInType" />
    </UnitTest>
    <UnitTest name="TestGetAllElementsOfTypeWithRelationOnDifferentServersInThreeLevels" storage="d:\actions-runner\_work\xpco\xpco\eventserver\server\components\central\server\unittest\bin\x64\debug\videoos.event.server.unittest.dll" id="51fbbeab-dfb7-8635-1c92-208ef93cc04f">
      <Execution id="211de82e-f05b-4260-a5aa-556d8622d6a9" />
      <TestMethod codeBase="D:\actions-runner\_work\XPCO\XPCO\EventServer\Server\Components\Central\Server\unittest\bin\x64\Debug\VideoOS.Event.Server.UnitTest.dll" adapterTypeName="executor://mstestadapter/v2" className="VideoOS.Event.Server.Map.UnitTest.VisualElementManagerTest" name="TestGetAllElementsOfTypeWithRelationOnDifferentServersInThreeLevels" />
    </UnitTest>
    <UnitTest name="TestExecuteWhileLockedWithNullAction" storage="d:\actions-runner\_work\xpco\xpco\eventserver\server\components\central\server\unittest\bin\x64\debug\videoos.event.server.unittest.dll" id="48ac9e20-a22c-a01f-955d-1744f7f2749d">
      <TestCategory>
        <TestCategoryItem TestCategory="DatabaseConfigurableDataCache" />
      </TestCategory>
      <Execution id="e2134d61-f99f-4876-a55d-883114fea580" />
      <TestMethod codeBase="D:\actions-runner\_work\XPCO\XPCO\EventServer\Server\Components\Central\Server\unittest\bin\x64\Debug\VideoOS.Event.Server.UnitTest.dll" adapterTypeName="executor://mstestadapter/v2" className="VideoOS.EventServer.Config.UnitTest.DatabaseConfigurableDataCacheTest" name="TestExecuteWhileLockedWithNullAction" />
    </UnitTest>
    <UnitTest name="TestName" storage="d:\actions-runner\_work\xpco\xpco\eventserver\server\components\central\server\unittest\bin\x64\debug\videoos.event.server.unittest.dll" id="29387a21-cfe6-66b5-9f33-7383e6376a23">
      <Execution id="84b3d119-8486-4a65-9014-096cf575580d" />
      <TestMethod codeBase="D:\actions-runner\_work\XPCO\XPCO\EventServer\Server\Components\Central\Server\unittest\bin\x64\Debug\VideoOS.Event.Server.UnitTest.dll" adapterTypeName="executor://mstestadapter/v2" className="VideoOS.Event.Server.MIP.PlugIn.UnitTest.MapPlugInEventHandlerTest" name="TestName" />
    </UnitTest>
    <UnitTest name="TestConstructor" storage="d:\actions-runner\_work\xpco\xpco\eventserver\server\components\central\server\unittest\bin\x64\debug\videoos.event.server.unittest.dll" id="48868d1f-b370-db6c-3ad6-24d3fdea86ac">
      <Execution id="ff7e537f-7ba9-41c2-82bd-c546c8f8adb1" />
      <TestMethod codeBase="D:\actions-runner\_work\XPCO\XPCO\EventServer\Server\Components\Central\Server\unittest\bin\x64\Debug\VideoOS.Event.Server.UnitTest.dll" adapterTypeName="executor://mstestadapter/v2" className="VideoOS.Event.Server.UserValidation.Data.UnitTest.UserIDTest" name="TestConstructor" />
    </UnitTest>
    <UnitTest name="TestGetElementWithInsufficientRights" storage="d:\actions-runner\_work\xpco\xpco\eventserver\server\components\central\server\unittest\bin\x64\debug\videoos.event.server.unittest.dll" id="b2f65640-e1e7-8728-bb17-6625b8d8266f">
      <Execution id="c9d695c4-6dc9-4c95-aba8-fcac89863e0c" />
      <TestMethod codeBase="D:\actions-runner\_work\XPCO\XPCO\EventServer\Server\Components\Central\Server\unittest\bin\x64\Debug\VideoOS.Event.Server.UnitTest.dll" adapterTypeName="executor://mstestadapter/v2" className="VideoOS.Event.Server.Map.UnitTest.VisualElementManagerTest" name="TestGetElementWithInsufficientRights" />
    </UnitTest>
    <UnitTest name="TestSeveralConfigHostAdded" storage="d:\actions-runner\_work\xpco\xpco\eventserver\server\components\central\server\unittest\bin\x64\debug\videoos.event.server.unittest.dll" id="542757a2-c1f0-a4d3-0091-b8dd7476d0ae">
      <TestCategory>
        <TestCategoryItem TestCategory="PermissionManagerFetcher" />
      </TestCategory>
      <Execution id="6ec99407-6413-42c3-beb7-9e69ca8bb87c" />
      <TestMethod codeBase="D:\actions-runner\_work\XPCO\XPCO\EventServer\Server\Components\Central\Server\unittest\bin\x64\Debug\VideoOS.Event.Server.UnitTest.dll" adapterTypeName="executor://mstestadapter/v2" className="VideoOS.Event.Server.UnitTest.Security.PermissionFetcherTest" name="TestSeveralConfigHostAdded" />
    </UnitTest>
    <UnitTest name="TestUpdateStateWithKnownDeviceList" storage="d:\actions-runner\_work\xpco\xpco\eventserver\server\components\central\server\unittest\bin\x64\debug\videoos.event.server.unittest.dll" id="0422c0a9-8f46-02d8-cc74-796557fcdbf1">
      <Execution id="06b112bc-9c2c-4268-afa5-48e080e39d56" />
      <TestMethod codeBase="D:\actions-runner\_work\XPCO\XPCO\EventServer\Server\Components\Central\Server\unittest\bin\x64\Debug\VideoOS.Event.Server.UnitTest.dll" adapterTypeName="executor://mstestadapter/v2" className="VideoOS.Event.Server.Map.Data.UnitTest.StatusElementServerTest" name="TestUpdateStateWithKnownDeviceList" />
    </UnitTest>
    <UnitTest name="WhenAlarmSearchCriteriaWithCorrectDataThenCorrectString" storage="d:\actions-runner\_work\xpco\xpco\eventserver\server\components\central\server\unittest\bin\x64\debug\videoos.event.server.unittest.dll" id="edcfd9c3-452b-274d-975f-fbc155d6a6ed">
      <Execution id="22de3d5f-2c19-4c21-935d-60bf942b4898" />
      <TestMethod codeBase="D:\actions-runner\_work\XPCO\XPCO\EventServer\Server\Components\Central\Server\unittest\bin\x64\Debug\VideoOS.Event.Server.UnitTest.dll" adapterTypeName="executor://mstestadapter/v2" className="VideoOS.Event.Server.UnitTest.WebService.Alarm.LikeSearchConditionProviderTest" name="WhenAlarmSearchCriteriaWithCorrectDataThenCorrectString" />
    </UnitTest>
    <UnitTest name="TestSetVisualization" storage="d:\actions-runner\_work\xpco\xpco\eventserver\server\components\central\server\unittest\bin\x64\debug\videoos.event.server.unittest.dll" id="672e50ca-962b-dcfe-6802-6213b7d68a79">
      <Execution id="dbe48d58-ce17-4086-876a-e35ba371effc" />
      <TestMethod codeBase="D:\actions-runner\_work\XPCO\XPCO\EventServer\Server\Components\Central\Server\unittest\bin\x64\Debug\VideoOS.Event.Server.UnitTest.dll" adapterTypeName="executor://mstestadapter/v2" className="VideoOS.Event.Server.WebService.Status.UnitTest.StatusCommandCredentialsTest" name="TestSetVisualization" />
    </UnitTest>
    <UnitTest name="TestAcknowledgeMultipleAlarmsInvalidToken" storage="d:\actions-runner\_work\xpco\xpco\eventserver\server\components\central\server\unittest\bin\x64\debug\videoos.event.server.unittest.dll" id="46a4af85-2565-af66-9c4c-361ffcee9620">
      <Execution id="e3534b83-6e55-4db2-bfe8-5632cb7a8e4c" />
      <TestMethod codeBase="D:\actions-runner\_work\XPCO\XPCO\EventServer\Server\Components\Central\Server\unittest\bin\x64\Debug\VideoOS.Event.Server.UnitTest.dll" adapterTypeName="executor://mstestadapter/v2" className="VideoOS.Event.Server.WebService.Alarm.UnitTest.AlarmCommandTokenTest" name="TestAcknowledgeMultipleAlarmsInvalidToken" />
    </UnitTest>
    <UnitTest name="TestGetTypeChangedWithNegativeTimeout" storage="d:\actions-runner\_work\xpco\xpco\eventserver\server\components\central\server\unittest\bin\x64\debug\videoos.event.server.unittest.dll" id="5d56160f-1e48-faa2-365a-70edb9acf582">
      <TestCategory>
        <TestCategoryItem TestCategory="WebService/Map" />
      </TestCategory>
      <Execution id="994d211e-6b15-48fc-a1e3-9f33358579bd" />
      <TestMethod codeBase="D:\actions-runner\_work\XPCO\XPCO\EventServer\Server\Components\Central\Server\unittest\bin\x64\Debug\VideoOS.Event.Server.UnitTest.dll" adapterTypeName="executor://mstestadapter/v2" className="VideoOS.Event.Server.WebService.Map.UnitTest.MapCommandToken2Test" name="TestGetTypeChangedWithNegativeTimeout" />
    </UnitTest>
    <UnitTest name="SystemMonitorStatePusher_PushesCurrentCameraState_WhenNewCameraItemIsAdded" storage="d:\actions-runner\_work\xpco\xpco\eventserver\server\components\central\server\unittest\bin\x64\debug\videoos.event.server.unittest.dll" id="61b1faa6-0efc-af5e-6a9d-e58e6eb783b9">
      <Execution id="4c47bd4c-baa5-4ba1-998e-3e96b68587fc" />
      <TestMethod codeBase="D:\actions-runner\_work\XPCO\XPCO\EventServer\Server\Components\Central\Server\unittest\bin\x64\Debug\VideoOS.Event.Server.UnitTest.dll" adapterTypeName="executor://mstestadapter/v2" className="VideoOS.Event.Server.UnitTest.Communication.Corporate.SystemMonitorStatePusherTest" name="SystemMonitorStatePusher_PushesCurrentCameraState_WhenNewCameraItemIsAdded" />
    </UnitTest>
    <UnitTest name="TestUpdateBoundsWithAllParameters" storage="d:\actions-runner\_work\xpco\xpco\eventserver\server\components\central\server\unittest\bin\x64\debug\videoos.event.server.unittest.dll" id="9eeb3fb8-351d-99ec-72a2-514b9bbcc9ea">
      <Execution id="fea8a14f-c9ef-4a2c-bce3-c020538f169e" />
      <TestMethod codeBase="D:\actions-runner\_work\XPCO\XPCO\EventServer\Server\Components\Central\Server\unittest\bin\x64\Debug\VideoOS.Event.Server.UnitTest.dll" adapterTypeName="executor://mstestadapter/v2" className="VideoOS.Event.Server.Map.Data.UnitTest.VisualElementStorageTest" name="TestUpdateBoundsWithAllParameters" />
    </UnitTest>
    <UnitTest name="TestConstructor" storage="d:\actions-runner\_work\xpco\xpco\eventserver\server\components\central\server\unittest\bin\x64\debug\videoos.event.server.unittest.dll" id="99cd4330-145a-d3bc-5183-5917220ba95a">
      <Execution id="4fd68529-4e36-4a17-9505-fc2f5390e581" />
      <TestMethod codeBase="D:\actions-runner\_work\XPCO\XPCO\EventServer\Server\Components\Central\Server\unittest\bin\x64\Debug\VideoOS.Event.Server.UnitTest.dll" adapterTypeName="executor://mstestadapter/v2" className="VideoOS.Event.Server.MIP.PlugIn.UnitTest.MapPlugInInternalIconTest" name="TestConstructor" />
    </UnitTest>
    <UnitTest name="TestUpdateObjectWithServerIDInVisualOwnerID" storage="d:\actions-runner\_work\xpco\xpco\eventserver\server\components\central\server\unittest\bin\x64\debug\videoos.event.server.unittest.dll" id="8daa1b42-c536-0259-930d-8df6d9225251">
      <TestCategory>
        <TestCategoryItem TestCategory="WebService/Map" />
      </TestCategory>
      <Execution id="3a3f8307-ae95-4252-a151-f76f26957f78" />
      <TestMethod codeBase="D:\actions-runner\_work\XPCO\XPCO\EventServer\Server\Components\Central\Server\unittest\bin\x64\Debug\VideoOS.Event.Server.UnitTest.dll" adapterTypeName="executor://mstestadapter/v2" className="VideoOS.Event.Server.WebService.Map.UnitTest.MapCommandTokenTest" name="TestUpdateObjectWithServerIDInVisualOwnerID" />
    </UnitTest>
    <UnitTest name="TestRuleSystemCommandPipeExecuteAction" storage="d:\actions-runner\_work\xpco\xpco\eventserver\server\components\central\server\unittest\bin\x64\debug\videoos.event.server.unittest.dll" id="fb360f14-445d-1063-3054-52bfed09636a">
      <Execution id="e6e2b359-cc19-49e7-ad0f-17362dfad3bd" />
      <TestMethod codeBase="D:\actions-runner\_work\XPCO\XPCO\EventServer\Server\Components\Central\Server\unittest\bin\x64\Debug\VideoOS.Event.Server.UnitTest.dll" adapterTypeName="executor://mstestadapter/v2" className="VideoOS.Event.Server.UnitTest.XPCORuleSystem.RuleSystemCommandPipeTest" name="TestRuleSystemCommandPipeExecuteAction" />
    </UnitTest>
    <UnitTest name="TestGetStatus" storage="d:\actions-runner\_work\xpco\xpco\eventserver\server\components\central\server\unittest\bin\x64\debug\videoos.event.server.unittest.dll" id="0899a483-f978-208a-59fe-e2759339cea5">
      <Execution id="f1db54e6-114a-406f-a16f-1e9602cdf576" />
      <TestMethod codeBase="D:\actions-runner\_work\XPCO\XPCO\EventServer\Server\Components\Central\Server\unittest\bin\x64\Debug\VideoOS.Event.Server.UnitTest.dll" adapterTypeName="executor://mstestadapter/v2" className="VideoOS.Event.Server.WebService.Status.UnitTest.StatusCommandToken2Test" name="TestGetStatus" />
    </UnitTest>
    <UnitTest name="TestUpdateElementWithOldTimestamp" storage="d:\actions-runner\_work\xpco\xpco\eventserver\server\components\central\server\unittest\bin\x64\debug\videoos.event.server.unittest.dll" id="be1dd291-8a0c-ebf5-dd07-b1f3096689d3">
      <Execution id="bfca7eb3-7f60-408c-80ec-f1e3807dfbeb" />
      <TestMethod codeBase="D:\actions-runner\_work\XPCO\XPCO\EventServer\Server\Components\Central\Server\unittest\bin\x64\Debug\VideoOS.Event.Server.UnitTest.dll" adapterTypeName="executor://mstestadapter/v2" className="VideoOS.Event.Server.Map.UnitTest.VisualElementManagerTest" name="TestUpdateElementWithOldTimestamp" />
    </UnitTest>
    <UnitTest name="TestDeleteObjectWithValidParameters" storage="d:\actions-runner\_work\xpco\xpco\eventserver\server\components\central\server\unittest\bin\x64\debug\videoos.event.server.unittest.dll" id="ece55df4-e844-9447-c6bc-c6f30cd0b12f">
      <TestCategory>
        <TestCategoryItem TestCategory="WebService/Map" />
      </TestCategory>
      <Execution id="07174871-095d-456e-b328-d249a20117c9" />
      <TestMethod codeBase="D:\actions-runner\_work\XPCO\XPCO\EventServer\Server\Components\Central\Server\unittest\bin\x64\Debug\VideoOS.Event.Server.UnitTest.dll" adapterTypeName="executor://mstestadapter/v2" className="VideoOS.Event.Server.WebService.Map.UnitTest.MapCommandCredentialsTest" name="TestDeleteObjectWithValidParameters" />
    </UnitTest>
    <UnitTest name="TestAddException" storage="d:\actions-runner\_work\xpco\xpco\eventserver\server\components\central\server\unittest\bin\x64\debug\videoos.event.server.unittest.dll" id="44b05a81-39e5-1283-ef3e-05637c0ae9d5">
      <Execution id="916a2086-e94d-4554-9511-f8b331eda467" />
      <TestMethod codeBase="D:\actions-runner\_work\XPCO\XPCO\EventServer\Server\Components\Central\Server\unittest\bin\x64\Debug\VideoOS.Event.Server.UnitTest.dll" adapterTypeName="executor://mstestadapter/v2" className="VideoOS.Event.Server.WebService.Alarm.UnitTest.AlarmCommandTokenTest" name="TestAddException" />
    </UnitTest>
    <UnitTest name="TestUpdateObjectThrowingUnhandledException" storage="d:\actions-runner\_work\xpco\xpco\eventserver\server\components\central\server\unittest\bin\x64\debug\videoos.event.server.unittest.dll" id="040abd3d-af7d-66ad-a4bf-bba3d7f15b8e">
      <TestCategory>
        <TestCategoryItem TestCategory="WebService/Map" />
      </TestCategory>
      <Execution id="a1431ac8-ece5-48de-a3ce-85d27fe45ea1" />
      <TestMethod codeBase="D:\actions-runner\_work\XPCO\XPCO\EventServer\Server\Components\Central\Server\unittest\bin\x64\Debug\VideoOS.Event.Server.UnitTest.dll" adapterTypeName="executor://mstestadapter/v2" className="VideoOS.Event.Server.WebService.Map.UnitTest.MapCommandCredentialsTest" name="TestUpdateObjectThrowingUnhandledException" />
    </UnitTest>
    <UnitTest name="Handle_ShouldFlattenPriorityValue_WhenValuesIncludePriorityName" storage="d:\actions-runner\_work\xpco\xpco\eventserver\server\components\central\server\unittest\bin\x64\debug\videoos.event.server.unittest.dll" id="9989838e-3058-c1a6-8440-9d0a7fb211f2">
      <Execution id="ed879d3a-8f2c-4811-87f1-b04aaf0b92a4" />
      <TestMethod codeBase="D:\actions-runner\_work\XPCO\XPCO\EventServer\Server\Components\Central\Server\unittest\bin\x64\Debug\VideoOS.Event.Server.UnitTest.dll" adapterTypeName="executor://mstestadapter/v2" className="VideoOS.Event.Server.UnitTest.Alarm.Processors.UpdateAlarms.UpdateAlarmCompositeValueHandlerTests" name="Handle_ShouldFlattenPriorityValue_WhenValuesIncludePriorityName" />
    </UnitTest>
    <UnitTest name="TestCacheCleanupSingleSessionSingleUserIdNoTouchMultipleCleanups" storage="d:\actions-runner\_work\xpco\xpco\eventserver\server\components\central\server\unittest\bin\x64\debug\videoos.event.server.unittest.dll" id="a19eee94-e1b1-61eb-a25b-0ec29c47edb0">
      <TestCategory>
        <TestCategoryItem TestCategory="SessionCache" />
      </TestCategory>
      <Execution id="6aed8403-29f2-4fb1-b45d-fb410fce7e69" />
      <TestMethod codeBase="D:\actions-runner\_work\XPCO\XPCO\EventServer\Server\Components\Central\Server\unittest\bin\x64\Debug\VideoOS.Event.Server.UnitTest.dll" adapterTypeName="executor://mstestadapter/v2" className="VideoOS.Event.Server.UnitTest.Session.SessionCacheCleanupTest" name="TestCacheCleanupSingleSessionSingleUserIdNoTouchMultipleCleanups" />
    </UnitTest>
    <UnitTest name="WhenAlarmSearchCriteriaWithNoValuesThenEmptyString" storage="d:\actions-runner\_work\xpco\xpco\eventserver\server\components\central\server\unittest\bin\x64\debug\videoos.event.server.unittest.dll" id="8189793c-3d2c-2ced-546e-72d22af14373">
      <Execution id="65b750bf-da33-40ca-9f3b-e00842c5bff8" />
      <TestMethod codeBase="D:\actions-runner\_work\XPCO\XPCO\EventServer\Server\Components\Central\Server\unittest\bin\x64\Debug\VideoOS.Event.Server.UnitTest.dll" adapterTypeName="executor://mstestadapter/v2" className="VideoOS.Event.Server.UnitTest.WebService.Alarm.InSearchConditionProviderTest" name="WhenAlarmSearchCriteriaWithNoValuesThenEmptyString" />
    </UnitTest>
    <UnitTest name="TestCheckAuthorizationWithWindowsUserWithUnknownError" storage="d:\actions-runner\_work\xpco\xpco\eventserver\server\components\central\server\unittest\bin\x64\debug\videoos.event.server.unittest.dll" id="7138cab9-c2f9-008a-0b0c-9d64fbb5e6b9">
      <TestCategory>
        <TestCategoryItem TestCategory="ActionAuthorizationCache" />
      </TestCategory>
      <Execution id="71dd99db-5163-4bc2-a93f-e0966ada254a" />
      <TestMethod codeBase="D:\actions-runner\_work\XPCO\XPCO\EventServer\Server\Components\Central\Server\unittest\bin\x64\Debug\VideoOS.Event.Server.UnitTest.dll" adapterTypeName="executor://mstestadapter/v2" className="VideoOS.Event.Server.UnitTest.Security.ActionAuthorizationCacheTest" name="TestCheckAuthorizationWithWindowsUserWithUnknownError" />
    </UnitTest>
    <UnitTest name="TestGetPlugInItemsWithNoItemsAndDeleted" storage="d:\actions-runner\_work\xpco\xpco\eventserver\server\components\central\server\unittest\bin\x64\debug\videoos.event.server.unittest.dll" id="2d346b95-3c07-f0a0-419d-2cb7817a1d00">
      <TestCategory>
        <TestCategoryItem TestCategory="MapPlugInManagerTest" />
      </TestCategory>
      <Execution id="fb082f81-533b-4aab-b501-fabbddb0b46d" />
      <TestMethod codeBase="D:\actions-runner\_work\XPCO\XPCO\EventServer\Server\Components\Central\Server\unittest\bin\x64\Debug\VideoOS.Event.Server.UnitTest.dll" adapterTypeName="executor://mstestadapter/v2" className="VideoOS.Event.Server.MIP.PlugIn.UnitTest.MapPlugInManagerTest" name="TestGetPlugInItemsWithNoItemsAndDeleted" />
    </UnitTest>
    <UnitTest name="TestGetStatusDetailsWithInvalidCamera" storage="d:\actions-runner\_work\xpco\xpco\eventserver\server\components\central\server\unittest\bin\x64\debug\videoos.event.server.unittest.dll" id="7604a55a-e5b6-44c6-1689-a2eeb42596ff">
      <Execution id="e5d341ff-c1e9-43a2-8a67-5e5a64dfe812" />
      <TestMethod codeBase="D:\actions-runner\_work\XPCO\XPCO\EventServer\Server\Components\Central\Server\unittest\bin\x64\Debug\VideoOS.Event.Server.UnitTest.dll" adapterTypeName="executor://mstestadapter/v2" className="VideoOS.Event.Server.Map.Data.UnitTest.StatusElementCameraTest" name="TestGetStatusDetailsWithInvalidCamera" />
    </UnitTest>
    <UnitTest name="TestGetPlugInsWithInvalidUser" storage="d:\actions-runner\_work\xpco\xpco\eventserver\server\components\central\server\unittest\bin\x64\debug\videoos.event.server.unittest.dll" id="0aff4d1c-2404-9d01-845c-f4092cbac346">
      <TestCategory>
        <TestCategoryItem TestCategory="WebService/Map" />
      </TestCategory>
      <Execution id="fcd0555e-059e-4be4-a405-4029730b320c" />
      <TestMethod codeBase="D:\actions-runner\_work\XPCO\XPCO\EventServer\Server\Components\Central\Server\unittest\bin\x64\Debug\VideoOS.Event.Server.UnitTest.dll" adapterTypeName="executor://mstestadapter/v2" className="VideoOS.Event.Server.WebService.Map.UnitTest.MapCommandTokenTest" name="TestGetPlugInsWithInvalidUser" />
    </UnitTest>
    <UnitTest name="TestLoadConfigurationWithValidIdOwnerIdAndRelationId" storage="d:\actions-runner\_work\xpco\xpco\eventserver\server\components\central\server\unittest\bin\x64\debug\videoos.event.server.unittest.dll" id="41ea29e9-e58b-d255-001e-9f1b744018a3">
      <Execution id="c797e8e5-8686-4628-81c7-d53a20f0d205" />
      <TestMethod codeBase="D:\actions-runner\_work\XPCO\XPCO\EventServer\Server\Components\Central\Server\unittest\bin\x64\Debug\VideoOS.Event.Server.UnitTest.dll" adapterTypeName="executor://mstestadapter/v2" className="VideoOS.Event.Server.Map.UnitTest.VisualElementStorageDatabaseTest" name="TestLoadConfigurationWithValidIdOwnerIdAndRelationId" />
    </UnitTest>
    <UnitTest name="Constructor_ShouldThrowArgumentNullException_WhenAlarmDbManagerIsNull" storage="d:\actions-runner\_work\xpco\xpco\eventserver\server\components\central\server\unittest\bin\x64\debug\videoos.event.server.unittest.dll" id="41bd2e7e-c1c9-b8f8-d4b6-2cb33358daae">
      <Execution id="b0e0a700-012a-49a1-b107-eec990b5aa4c" />
      <TestMethod codeBase="D:\actions-runner\_work\XPCO\XPCO\EventServer\Server\Components\Central\Server\unittest\bin\x64\Debug\VideoOS.Event.Server.UnitTest.dll" adapterTypeName="executor://mstestadapter/v2" className="VideoOS.Event.Server.Security.UnitTest.SecurityCommunicationDBTest" name="Constructor_ShouldThrowArgumentNullException_WhenAlarmDbManagerIsNull" />
    </UnitTest>
    <UnitTest name="TestDeleteObjectWithInvalidUser" storage="d:\actions-runner\_work\xpco\xpco\eventserver\server\components\central\server\unittest\bin\x64\debug\videoos.event.server.unittest.dll" id="596fd6d3-e623-e12e-182c-0c3528e4e9c8">
      <TestCategory>
        <TestCategoryItem TestCategory="WebService/Map" />
      </TestCategory>
      <Execution id="58420333-f8fe-49c4-b1af-e639d683195f" />
      <TestMethod codeBase="D:\actions-runner\_work\XPCO\XPCO\EventServer\Server\Components\Central\Server\unittest\bin\x64\Debug\VideoOS.Event.Server.UnitTest.dll" adapterTypeName="executor://mstestadapter/v2" className="VideoOS.Event.Server.WebService.Map.UnitTest.MapCommandTokenTest" name="TestDeleteObjectWithInvalidUser" />
    </UnitTest>
    <UnitTest name="TestConstructor" storage="d:\actions-runner\_work\xpco\xpco\eventserver\server\components\central\server\unittest\bin\x64\debug\videoos.event.server.unittest.dll" id="e6be1ea5-a641-6f17-a385-2f4fb68b01bd">
      <TestCategory>
        <TestCategoryItem TestCategory="ActionAuthorizationCache" />
      </TestCategory>
      <Execution id="36aec873-6ddd-4cf0-8b40-5b0b1dc38b3a" />
      <TestMethod codeBase="D:\actions-runner\_work\XPCO\XPCO\EventServer\Server\Components\Central\Server\unittest\bin\x64\Debug\VideoOS.Event.Server.UnitTest.dll" adapterTypeName="executor://mstestadapter/v2" className="VideoOS.Event.Server.UnitTest.Security.ActionAuthorizationCacheTest" name="TestConstructor" />
    </UnitTest>
    <UnitTest name="EventConverter_ParseMetadata_Metadata_Unsupported_Key" storage="d:\actions-runner\_work\xpco\xpco\eventserver\server\components\central\server\unittest\bin\x64\debug\videoos.event.server.unittest.dll" id="edd13736-1fb5-6759-bf44-2515873ea04b">
      <Execution id="f307919f-8b49-4c4e-b21f-d67530b9e803" />
      <TestMethod codeBase="D:\actions-runner\_work\XPCO\XPCO\EventServer\Server\Components\Central\Server\unittest\bin\x64\Debug\VideoOS.Event.Server.UnitTest.dll" adapterTypeName="executor://mstestadapter/v2" className="VideoOS.Event.Server.UnitTest.Utils.EventConverterTest" name="EventConverter_ParseMetadata_Metadata_Unsupported_Key" />
    </UnitTest>
    <UnitTest name="TestGetPlugInItemChangesNotAuthenticated" storage="d:\actions-runner\_work\xpco\xpco\eventserver\server\components\central\server\unittest\bin\x64\debug\videoos.event.server.unittest.dll" id="c7c1c2fa-07c7-0f3b-19b5-5eef26b00099">
      <TestCategory>
        <TestCategoryItem TestCategory="WebService/Map" />
      </TestCategory>
      <Execution id="4a9c60d1-54c7-4b34-a83b-8e517665d976" />
      <TestMethod codeBase="D:\actions-runner\_work\XPCO\XPCO\EventServer\Server\Components\Central\Server\unittest\bin\x64\Debug\VideoOS.Event.Server.UnitTest.dll" adapterTypeName="executor://mstestadapter/v2" className="VideoOS.Event.Server.WebService.Map.UnitTest.MapCommandCredentialsTest" name="TestGetPlugInItemChangesNotAuthenticated" />
    </UnitTest>
    <UnitTest name="TestGetStatusForAllObjectsOfTypeWithElementOnDifferentServer" storage="d:\actions-runner\_work\xpco\xpco\eventserver\server\components\central\server\unittest\bin\x64\debug\videoos.event.server.unittest.dll" id="5d01de28-e6ae-6c22-5c91-d0c7d12338e3">
      <Execution id="e6d53737-f27e-49f8-b3e3-cc407ad08f41" />
      <TestMethod codeBase="D:\actions-runner\_work\XPCO\XPCO\EventServer\Server\Components\Central\Server\unittest\bin\x64\Debug\VideoOS.Event.Server.UnitTest.dll" adapterTypeName="executor://mstestadapter/v2" className="VideoOS.Event.Server.Map.UnitTest.VisualElementStatusCalculatorTest" name="TestGetStatusForAllObjectsOfTypeWithElementOnDifferentServer" />
    </UnitTest>
    <UnitTest name="TestGetAllObjectsOfTypeFromRoot" storage="d:\actions-runner\_work\xpco\xpco\eventserver\server\components\central\server\unittest\bin\x64\debug\videoos.event.server.unittest.dll" id="1788269b-ca02-6525-029b-cb119237421f">
      <TestCategory>
        <TestCategoryItem TestCategory="WebService/Map" />
      </TestCategory>
      <Execution id="47381173-32bc-47d5-b900-e3bbd0fe348f" />
      <TestMethod codeBase="D:\actions-runner\_work\XPCO\XPCO\EventServer\Server\Components\Central\Server\unittest\bin\x64\Debug\VideoOS.Event.Server.UnitTest.dll" adapterTypeName="executor://mstestadapter/v2" className="VideoOS.Event.Server.WebService.Map.UnitTest.MapCommandToken2Test" name="TestGetAllObjectsOfTypeFromRoot" />
    </UnitTest>
    <UnitTest name="TestLiveCache" storage="d:\actions-runner\_work\xpco\xpco\eventserver\server\components\central\server\unittest\bin\x64\debug\videoos.event.server.unittest.dll" id="b9344815-31b2-f189-b070-973f4dd1ca18">
      <TestCategory>
        <TestCategoryItem TestCategory="DatabaseConfigurableDataCache" />
      </TestCategory>
      <Execution id="a82c7759-8585-4a98-952f-e481c3382fa1" />
      <TestMethod codeBase="D:\actions-runner\_work\XPCO\XPCO\EventServer\Server\Components\Central\Server\unittest\bin\x64\Debug\VideoOS.Event.Server.UnitTest.dll" adapterTypeName="executor://mstestadapter/v2" className="VideoOS.EventServer.Config.UnitTest.DatabaseConfigurableDataCacheTest" name="TestLiveCache" />
    </UnitTest>
    <UnitTest name="DeleteSuppressStatusItem_DeletesTheExistingItem" storage="d:\actions-runner\_work\xpco\xpco\eventserver\server\components\central\server\unittest\bin\x64\debug\videoos.event.server.unittest.dll" id="024a2dec-1dd7-470d-fb1d-18125e661d42">
      <TestCategory>
        <TestCategoryItem TestCategory="CI" />
      </TestCategory>
      <Execution id="59a578d6-7718-4ba7-a2a4-31a8abb6e33d" />
      <TestMethod codeBase="D:\actions-runner\_work\XPCO\XPCO\EventServer\Server\Components\Central\Server\unittest\bin\x64\Debug\VideoOS.Event.Server.UnitTest.dll" adapterTypeName="executor://mstestadapter/v2" className="VideoOS.EventServer.Disable.UnitTest.DisableManagerTest" name="DeleteSuppressStatusItem_DeletesTheExistingItem" />
    </UnitTest>
    <UnitTest name="TypeAndCounterStateToEventId_ReturnsCorrectId_OnTypeAndState" storage="d:\actions-runner\_work\xpco\xpco\eventserver\server\components\central\server\unittest\bin\x64\debug\videoos.event.server.unittest.dll" id="b1eb2d95-e380-1f2c-cbad-d734829ebaa6">
      <Execution id="83496a09-aa34-40db-8ad4-960ef84bf439" />
      <TestMethod codeBase="D:\actions-runner\_work\XPCO\XPCO\EventServer\Server\Components\Central\Server\unittest\bin\x64\Debug\VideoOS.Event.Server.UnitTest.dll" adapterTypeName="executor://mstestadapter/v2" className="VideoOS.Event.Server.UnitTest.Communication.Corporate.CurrentStateToEventMapperTest" name="TypeAndCounterStateToEventId_ReturnsCorrectId_OnTypeAndState" />
    </UnitTest>
    <UnitTest name="Constructor_ShouldThrowArgumentNullException_ConfigFilterManagerIsNull" storage="d:\actions-runner\_work\xpco\xpco\eventserver\server\components\central\server\unittest\bin\x64\debug\videoos.event.server.unittest.dll" id="658a588b-f25a-953c-f845-7be4a815fac7">
      <Execution id="6a647a0a-2a82-4d3d-b835-e6637975d1e7" />
      <TestMethod codeBase="D:\actions-runner\_work\XPCO\XPCO\EventServer\Server\Components\Central\Server\unittest\bin\x64\Debug\VideoOS.Event.Server.UnitTest.dll" adapterTypeName="executor://mstestadapter/v2" className="VideoOS.Event.Server.UnitTest.Config.EventRetentionConfigTests" name="Constructor_ShouldThrowArgumentNullException_ConfigFilterManagerIsNull" />
    </UnitTest>
    <UnitTest name="TestInsertElementWithUsedRelationIdButOnDifferentServer" storage="d:\actions-runner\_work\xpco\xpco\eventserver\server\components\central\server\unittest\bin\x64\debug\videoos.event.server.unittest.dll" id="63cc861a-ada6-6610-a57e-b107a7b46003">
      <Execution id="ce7813f4-e9bb-4733-b6c9-e59f925b2f10" />
      <TestMethod codeBase="D:\actions-runner\_work\XPCO\XPCO\EventServer\Server\Components\Central\Server\unittest\bin\x64\Debug\VideoOS.Event.Server.UnitTest.dll" adapterTypeName="executor://mstestadapter/v2" className="VideoOS.Event.Server.Map.UnitTest.VisualElementManagerTest" name="TestInsertElementWithUsedRelationIdButOnDifferentServer" />
    </UnitTest>
    <UnitTest name="TestActionCommandCredentialsConstructor" storage="d:\actions-runner\_work\xpco\xpco\eventserver\server\components\central\server\unittest\bin\x64\debug\videoos.event.server.unittest.dll" id="db4cb7f2-b8a3-b1bb-027d-8824350ed6e4">
      <Execution id="4cd7c967-fc44-4f20-a8be-3e0e9b6bee3f" />
      <TestMethod codeBase="D:\actions-runner\_work\XPCO\XPCO\EventServer\Server\Components\Central\Server\unittest\bin\x64\Debug\VideoOS.Event.Server.UnitTest.dll" adapterTypeName="executor://mstestadapter/v2" className="VideoOS.Event.Server.UnitTest.WebService.Action.ActionCommandCredentialsTest" name="TestActionCommandCredentialsConstructor" />
    </UnitTest>
    <UnitTest name="TestRemoveUserWithNullUser" storage="d:\actions-runner\_work\xpco\xpco\eventserver\server\components\central\server\unittest\bin\x64\debug\videoos.event.server.unittest.dll" id="32d260cd-d3ba-7dc8-bbda-4a59e566f96f">
      <TestCategory>
        <TestCategoryItem TestCategory="PermissionManagerFetcher" />
      </TestCategory>
      <Execution id="5ea0c3ee-7752-4eb3-85ee-f9924e2ee807" />
      <TestMethod codeBase="D:\actions-runner\_work\XPCO\XPCO\EventServer\Server\Components\Central\Server\unittest\bin\x64\Debug\VideoOS.Event.Server.UnitTest.dll" adapterTypeName="executor://mstestadapter/v2" className="VideoOS.Event.Server.UnitTest.Security.PermissionFetcherTest" name="TestRemoveUserWithNullUser" />
    </UnitTest>
    <UnitTest name="TestCreateObjectsThrowingUnhandledException" storage="d:\actions-runner\_work\xpco\xpco\eventserver\server\components\central\server\unittest\bin\x64\debug\videoos.event.server.unittest.dll" id="6fe16355-fcdd-f78f-181e-5b3c475aa782">
      <TestCategory>
        <TestCategoryItem TestCategory="WebService/Map" />
      </TestCategory>
      <Execution id="8e9c13a3-8a4d-4ea9-91ca-84473ed7dce3" />
      <TestMethod codeBase="D:\actions-runner\_work\XPCO\XPCO\EventServer\Server\Components\Central\Server\unittest\bin\x64\Debug\VideoOS.Event.Server.UnitTest.dll" adapterTypeName="executor://mstestadapter/v2" className="VideoOS.Event.Server.WebService.Map.UnitTest.MapCommandTokenTest" name="TestCreateObjectsThrowingUnhandledException" />
    </UnitTest>
    <UnitTest name="TestInsertElementWithServerIdInRelationIdAndCyclicRelation" storage="d:\actions-runner\_work\xpco\xpco\eventserver\server\components\central\server\unittest\bin\x64\debug\videoos.event.server.unittest.dll" id="f0226581-d7f4-7994-5ccb-69826aa89692">
      <Execution id="9f06ec45-401e-41be-8245-c964ddb4e520" />
      <TestMethod codeBase="D:\actions-runner\_work\XPCO\XPCO\EventServer\Server\Components\Central\Server\unittest\bin\x64\Debug\VideoOS.Event.Server.UnitTest.dll" adapterTypeName="executor://mstestadapter/v2" className="VideoOS.Event.Server.Map.UnitTest.VisualElementManagerTest" name="TestInsertElementWithServerIdInRelationIdAndCyclicRelation" />
    </UnitTest>
    <UnitTest name="TestConstructor" storage="d:\actions-runner\_work\xpco\xpco\eventserver\server\components\central\server\unittest\bin\x64\debug\videoos.event.server.unittest.dll" id="e25dfe72-e1cf-054a-a7c4-9df774032db7">
      <Execution id="247903c5-73f7-4572-a2a3-4c931e3887a6" />
      <TestMethod codeBase="D:\actions-runner\_work\XPCO\XPCO\EventServer\Server\Components\Central\Server\unittest\bin\x64\Debug\VideoOS.Event.Server.UnitTest.dll" adapterTypeName="executor://mstestadapter/v2" className="VideoOS.Event.Server.Map.Data.UnitTest.VisualElementStatusTest" name="TestConstructor" />
    </UnitTest>
    <UnitTest name="TestGetVisualElementChangesWithNewerDeletedTimestampButIgnoreCleanup" storage="d:\actions-runner\_work\xpco\xpco\eventserver\server\components\central\server\unittest\bin\x64\debug\videoos.event.server.unittest.dll" id="96d6153e-28d6-e21a-fb27-2616be6d7107">
      <Execution id="2c5fa3b8-bcca-48a9-bb22-fc5ef0bbd2df" />
      <TestMethod codeBase="D:\actions-runner\_work\XPCO\XPCO\EventServer\Server\Components\Central\Server\unittest\bin\x64\Debug\VideoOS.Event.Server.UnitTest.dll" adapterTypeName="executor://mstestadapter/v2" className="VideoOS.Event.Server.Map.UnitTest.VisualElementManagerTest" name="TestGetVisualElementChangesWithNewerDeletedTimestampButIgnoreCleanup" />
    </UnitTest>
    <UnitTest name="WebServiceCommandBaseTest_VmoAdminUserValidation" storage="d:\actions-runner\_work\xpco\xpco\eventserver\server\components\central\server\unittest\bin\x64\debug\videoos.event.server.unittest.dll" id="80738fc9-f45c-b37e-24ed-0c0f3e31a8eb">
      <Execution id="24249470-1705-4968-94c4-e46d65e6665b" />
      <TestMethod codeBase="D:\actions-runner\_work\XPCO\XPCO\EventServer\Server\Components\Central\Server\unittest\bin\x64\Debug\VideoOS.Event.Server.UnitTest.dll" adapterTypeName="executor://mstestadapter/v2" className="VideoOS.Event.Server.UnitTest.WebService.Action.WebServiceAdminCommandBaseTest" name="WebServiceCommandBaseTest_VmoAdminUserValidation" />
    </UnitTest>
    <UnitTest name="TestCacheCleanupMultipleSessionsMultipleUserIdsTouch" storage="d:\actions-runner\_work\xpco\xpco\eventserver\server\components\central\server\unittest\bin\x64\debug\videoos.event.server.unittest.dll" id="b6d0d5a2-39a3-741c-8375-c98860dbcbd7">
      <TestCategory>
        <TestCategoryItem TestCategory="SessionCache" />
      </TestCategory>
      <Execution id="b98e9dde-7424-4b78-a732-949ada8442cf" />
      <TestMethod codeBase="D:\actions-runner\_work\XPCO\XPCO\EventServer\Server\Components\Central\Server\unittest\bin\x64\Debug\VideoOS.Event.Server.UnitTest.dll" adapterTypeName="executor://mstestadapter/v2" className="VideoOS.Event.Server.UnitTest.Session.SessionCacheCleanupTest" name="TestCacheCleanupMultipleSessionsMultipleUserIdsTouch" />
    </UnitTest>
    <UnitTest name="TestRemoveElementAndChildElementsNonRecursiveWithTwoDifferenRelations" storage="d:\actions-runner\_work\xpco\xpco\eventserver\server\components\central\server\unittest\bin\x64\debug\videoos.event.server.unittest.dll" id="862c0172-86db-d049-84e9-0bedb2d2bc07">
      <Execution id="9631adb7-4ee9-46b3-8da3-878987892dbc" />
      <TestMethod codeBase="D:\actions-runner\_work\XPCO\XPCO\EventServer\Server\Components\Central\Server\unittest\bin\x64\Debug\VideoOS.Event.Server.UnitTest.dll" adapterTypeName="executor://mstestadapter/v2" className="VideoOS.Event.Server.Map.UnitTest.VisualElementManagerTest" name="TestRemoveElementAndChildElementsNonRecursiveWithTwoDifferenRelations" />
    </UnitTest>
    <UnitTest name="TestUpdateElementNameWithNonExistingVisualOwnerId" storage="d:\actions-runner\_work\xpco\xpco\eventserver\server\components\central\server\unittest\bin\x64\debug\videoos.event.server.unittest.dll" id="ea6d29d3-95d7-024f-8190-73b535cae4ec">
      <Execution id="e416c35e-ee3f-4ba2-a259-6d790d23e139" />
      <TestMethod codeBase="D:\actions-runner\_work\XPCO\XPCO\EventServer\Server\Components\Central\Server\unittest\bin\x64\Debug\VideoOS.Event.Server.UnitTest.dll" adapterTypeName="executor://mstestadapter/v2" className="VideoOS.Event.Server.Map.UnitTest.VisualElementManagerTest" name="TestUpdateElementNameWithNonExistingVisualOwnerId" />
    </UnitTest>
    <UnitTest name="TestInsertElementTwoRootElementsWithSameRecursiveElement" storage="d:\actions-runner\_work\xpco\xpco\eventserver\server\components\central\server\unittest\bin\x64\debug\videoos.event.server.unittest.dll" id="668dc18b-52e2-b50c-7609-7facf592731b">
      <Execution id="8716d568-d252-4fb9-af4b-1099fc136daa" />
      <TestMethod codeBase="D:\actions-runner\_work\XPCO\XPCO\EventServer\Server\Components\Central\Server\unittest\bin\x64\Debug\VideoOS.Event.Server.UnitTest.dll" adapterTypeName="executor://mstestadapter/v2" className="VideoOS.Event.Server.Map.UnitTest.VisualElementManagerTest" name="TestInsertElementTwoRootElementsWithSameRecursiveElement" />
    </UnitTest>
    <UnitTest name="Handle_ShouldFlattenStateValue_WhenValuesIncludeStateIntAndStateNameAndState" storage="d:\actions-runner\_work\xpco\xpco\eventserver\server\components\central\server\unittest\bin\x64\debug\videoos.event.server.unittest.dll" id="43777f90-1960-02ae-d0ac-4e9f90968a37">
      <Execution id="513bcce8-b1eb-4ae0-8dc8-8dd3e0e0cd63" />
      <TestMethod codeBase="D:\actions-runner\_work\XPCO\XPCO\EventServer\Server\Components\Central\Server\unittest\bin\x64\Debug\VideoOS.Event.Server.UnitTest.dll" adapterTypeName="executor://mstestadapter/v2" className="VideoOS.Event.Server.UnitTest.Alarm.Processors.UpdateAlarms.UpdateAlarmCompositeValueHandlerTests" name="Handle_ShouldFlattenStateValue_WhenValuesIncludeStateIntAndStateNameAndState" />
    </UnitTest>
    <UnitTest name="TestLoadConfigurationWithMultipleVisualElements" storage="d:\actions-runner\_work\xpco\xpco\eventserver\server\components\central\server\unittest\bin\x64\debug\videoos.event.server.unittest.dll" id="eff6b531-5aa8-3e1d-5b95-85cb31c10312">
      <Execution id="1d2b38d0-4f80-463f-a1c6-474277c60286" />
      <TestMethod codeBase="D:\actions-runner\_work\XPCO\XPCO\EventServer\Server\Components\Central\Server\unittest\bin\x64\Debug\VideoOS.Event.Server.UnitTest.dll" adapterTypeName="executor://mstestadapter/v2" className="VideoOS.Event.Server.Map.UnitTest.VisualElementStorageDatabaseTest" name="TestLoadConfigurationWithMultipleVisualElements" />
    </UnitTest>
    <UnitTest name="TestDeleteObjectWithInvalidUser" storage="d:\actions-runner\_work\xpco\xpco\eventserver\server\components\central\server\unittest\bin\x64\debug\videoos.event.server.unittest.dll" id="a487004f-9199-ea6f-56ef-0474d325771f">
      <TestCategory>
        <TestCategoryItem TestCategory="WebService/Map" />
      </TestCategory>
      <Execution id="739f1937-e615-46ec-ba2b-7f5fca65ab54" />
      <TestMethod codeBase="D:\actions-runner\_work\XPCO\XPCO\EventServer\Server\Components\Central\Server\unittest\bin\x64\Debug\VideoOS.Event.Server.UnitTest.dll" adapterTypeName="executor://mstestadapter/v2" className="VideoOS.Event.Server.WebService.Map.UnitTest.MapCommandToken2Test" name="TestDeleteObjectWithInvalidUser" />
    </UnitTest>
    <UnitTest name="DeleteObjectAndChildObjects_WithValidParameters" storage="d:\actions-runner\_work\xpco\xpco\eventserver\server\components\central\server\unittest\bin\x64\debug\videoos.event.server.unittest.dll" id="b13edc60-e14f-bede-2ebb-2cb5551e6ec9">
      <TestCategory>
        <TestCategoryItem TestCategory="WebService/Map" />
      </TestCategory>
      <Execution id="8fd82665-caf0-4a5b-bd54-51ca14c00d28" />
      <TestMethod codeBase="D:\actions-runner\_work\XPCO\XPCO\EventServer\Server\Components\Central\Server\unittest\bin\x64\Debug\VideoOS.Event.Server.UnitTest.dll" adapterTypeName="executor://mstestadapter/v2" className="VideoOS.Event.Server.WebService.Map.UnitTest.MapCommandTokenTest" name="DeleteObjectAndChildObjects_WithValidParameters" />
    </UnitTest>
    <UnitTest name="TestGetAllElementsOfTypeWithTwoHotzonesPointingToSameSubMap" storage="d:\actions-runner\_work\xpco\xpco\eventserver\server\components\central\server\unittest\bin\x64\debug\videoos.event.server.unittest.dll" id="cfafff56-2602-965b-6406-2d952413ebf9">
      <Execution id="b47ef918-6ece-4f8f-bbed-9bbd3a7abaca" />
      <TestMethod codeBase="D:\actions-runner\_work\XPCO\XPCO\EventServer\Server\Components\Central\Server\unittest\bin\x64\Debug\VideoOS.Event.Server.UnitTest.dll" adapterTypeName="executor://mstestadapter/v2" className="VideoOS.Event.Server.Map.UnitTest.VisualElementManagerTest" name="TestGetAllElementsOfTypeWithTwoHotzonesPointingToSameSubMap" />
    </UnitTest>
    <UnitTest name="TestExecuteWhileLockedWithClearCache" storage="d:\actions-runner\_work\xpco\xpco\eventserver\server\components\central\server\unittest\bin\x64\debug\videoos.event.server.unittest.dll" id="ed94f3af-9678-99cb-da54-ba392e399d95">
      <TestCategory>
        <TestCategoryItem TestCategory="DatabaseConfigurableDataCache" />
      </TestCategory>
      <Execution id="ff9df11c-9ea6-4e1a-96a1-29d291e3639b" />
      <TestMethod codeBase="D:\actions-runner\_work\XPCO\XPCO\EventServer\Server\Components\Central\Server\unittest\bin\x64\Debug\VideoOS.Event.Server.UnitTest.dll" adapterTypeName="executor://mstestadapter/v2" className="VideoOS.EventServer.Config.UnitTest.DatabaseConfigurableDataCacheTest" name="TestExecuteWhileLockedWithClearCache" />
    </UnitTest>
    <UnitTest name="TestLoadEmptyConfiguration" storage="d:\actions-runner\_work\xpco\xpco\eventserver\server\components\central\server\unittest\bin\x64\debug\videoos.event.server.unittest.dll" id="d8e94a86-10aa-fdae-3afc-5be54dedcd54">
      <Execution id="4bdc7436-d304-45f9-87be-b98d127f5b13" />
      <TestMethod codeBase="D:\actions-runner\_work\XPCO\XPCO\EventServer\Server\Components\Central\Server\unittest\bin\x64\Debug\VideoOS.Event.Server.UnitTest.dll" adapterTypeName="executor://mstestadapter/v2" className="VideoOS.Event.Server.UnitTest.AccessControl.AccessControlManagerTest" name="TestLoadEmptyConfiguration" />
    </UnitTest>
    <UnitTest name="TestDefaultConstructor" storage="d:\actions-runner\_work\xpco\xpco\eventserver\server\components\central\server\unittest\bin\x64\debug\videoos.event.server.unittest.dll" id="d7eb0fa5-c2e2-65a1-f9f7-5df125636e05">
      <Execution id="0c19c2f4-6880-4ca3-9e0f-f65f82f62c8f" />
      <TestMethod codeBase="D:\actions-runner\_work\XPCO\XPCO\EventServer\Server\Components\Central\Server\unittest\bin\x64\Debug\VideoOS.Event.Server.UnitTest.dll" adapterTypeName="executor://mstestadapter/v2" className="VideoOS.EventServer.Disable.UnitTest.DisableAlarmItemTest" name="TestDefaultConstructor" />
    </UnitTest>
    <UnitTest name="TestAdd" storage="d:\actions-runner\_work\xpco\xpco\eventserver\server\components\central\server\unittest\bin\x64\debug\videoos.event.server.unittest.dll" id="cb9fd1fb-8ab1-0f9d-22d4-5063f280bf96">
      <Execution id="eaee77e3-e963-4970-b2f1-a52ee95c020c" />
      <TestMethod codeBase="D:\actions-runner\_work\XPCO\XPCO\EventServer\Server\Components\Central\Server\unittest\bin\x64\Debug\VideoOS.Event.Server.UnitTest.dll" adapterTypeName="executor://mstestadapter/v2" className="VideoOS.Event.Server.WebService.Alarm.UnitTest.AlarmCommandTokenTest" name="TestAdd" />
    </UnitTest>
    <UnitTest name="TestGetAllElementsOfTypeFromRoot" storage="d:\actions-runner\_work\xpco\xpco\eventserver\server\components\central\server\unittest\bin\x64\debug\videoos.event.server.unittest.dll" id="7e8f69c1-55be-9077-4450-bb0da14ab5e8">
      <Execution id="b8b052cf-3c7d-4ede-9f33-625ab1638bea" />
      <TestMethod codeBase="D:\actions-runner\_work\XPCO\XPCO\EventServer\Server\Components\Central\Server\unittest\bin\x64\Debug\VideoOS.Event.Server.UnitTest.dll" adapterTypeName="executor://mstestadapter/v2" className="VideoOS.Event.Server.Map.UnitTest.VisualElementManagerTest" name="TestGetAllElementsOfTypeFromRoot" />
    </UnitTest>
    <UnitTest name="TestUpdateMultipleAlarms" storage="d:\actions-runner\_work\xpco\xpco\eventserver\server\components\central\server\unittest\bin\x64\debug\videoos.event.server.unittest.dll" id="ff97e124-3d02-c664-47e9-a160c2113d29">
      <Execution id="ca38ac42-0bc9-4572-8702-9b68a94ef857" />
      <TestMethod codeBase="D:\actions-runner\_work\XPCO\XPCO\EventServer\Server\Components\Central\Server\unittest\bin\x64\Debug\VideoOS.Event.Server.UnitTest.dll" adapterTypeName="executor://mstestadapter/v2" className="VideoOS.Event.Server.WebService.Alarm.UnitTest.AlarmCommandTokenTest" name="TestUpdateMultipleAlarms" />
    </UnitTest>
    <UnitTest name="TestDisplayXML" storage="d:\actions-runner\_work\xpco\xpco\eventserver\server\components\central\server\unittest\bin\x64\debug\videoos.event.server.unittest.dll" id="59908a85-7166-7469-7788-dbc94daa0091">
      <Execution id="54c7a9f0-9f6c-4781-8643-5dd0ac6a105e" />
      <TestMethod codeBase="D:\actions-runner\_work\XPCO\XPCO\EventServer\Server\Components\Central\Server\unittest\bin\x64\Debug\VideoOS.Event.Server.UnitTest.dll" adapterTypeName="executor://mstestadapter/v2" className="VideoOS.Event.Server.Map.Data.UnitTest.VisualElementStorageTest" name="TestDisplayXML" />
    </UnitTest>
    <UnitTest name="TestUpdateNameThrowingUnhandledException" storage="d:\actions-runner\_work\xpco\xpco\eventserver\server\components\central\server\unittest\bin\x64\debug\videoos.event.server.unittest.dll" id="339967ea-4862-67f1-7ac1-d6c751900a46">
      <TestCategory>
        <TestCategoryItem TestCategory="WebService/Map" />
      </TestCategory>
      <Execution id="5e11b744-c4e4-4408-8b7e-0da96ccc6d46" />
      <TestMethod codeBase="D:\actions-runner\_work\XPCO\XPCO\EventServer\Server\Components\Central\Server\unittest\bin\x64\Debug\VideoOS.Event.Server.UnitTest.dll" adapterTypeName="executor://mstestadapter/v2" className="VideoOS.Event.Server.WebService.Map.UnitTest.MapCommandCredentialsTest" name="TestUpdateNameThrowingUnhandledException" />
    </UnitTest>
    <UnitTest name="TestUpdateStateWithUnknownDevice" storage="d:\actions-runner\_work\xpco\xpco\eventserver\server\components\central\server\unittest\bin\x64\debug\videoos.event.server.unittest.dll" id="1401e9ec-43ed-d93b-acf5-3d379ae583c1">
      <Execution id="98a4993a-37a8-4e39-adf6-87929c8e9f18" />
      <TestMethod codeBase="D:\actions-runner\_work\XPCO\XPCO\EventServer\Server\Components\Central\Server\unittest\bin\x64\Debug\VideoOS.Event.Server.UnitTest.dll" adapterTypeName="executor://mstestadapter/v2" className="VideoOS.Event.Server.Map.Data.UnitTest.StatusElementDeviceTest" name="TestUpdateStateWithUnknownDevice" />
    </UnitTest>
    <UnitTest name="TestConstructorWithFactory" storage="d:\actions-runner\_work\xpco\xpco\eventserver\server\components\central\server\unittest\bin\x64\debug\videoos.event.server.unittest.dll" id="70370df1-7a4a-f979-db78-aa2b854af0b2">
      <Execution id="b65a8521-4cbb-4a25-9c25-252d4f62ebb1" />
      <TestMethod codeBase="D:\actions-runner\_work\XPCO\XPCO\EventServer\Server\Components\Central\Server\unittest\bin\x64\Debug\VideoOS.Event.Server.UnitTest.dll" adapterTypeName="executor://mstestadapter/v2" className="VideoOS.Event.Server.Map.UnitTest.VisualElementStatusCalculatorTest" name="TestConstructorWithFactory" />
    </UnitTest>
    <UnitTest name="TestCheckAccessWithForce" storage="d:\actions-runner\_work\xpco\xpco\eventserver\server\components\central\server\unittest\bin\x64\debug\videoos.event.server.unittest.dll" id="8a008f19-8c0c-1ccf-7f84-a2d6bcee30d0">
      <Execution id="ab6bb648-8022-4318-aa16-bea25e340f0b" />
      <TestMethod codeBase="D:\actions-runner\_work\XPCO\XPCO\EventServer\Server\Components\Central\Server\unittest\bin\x64\Debug\VideoOS.Event.Server.UnitTest.dll" adapterTypeName="executor://mstestadapter/v2" className="VideoOS.Event.Server.Map.Access.UnitTest.DefaultAccessControlTest" name="TestCheckAccessWithForce" />
    </UnitTest>
    <UnitTest name="TestShutdown" storage="d:\actions-runner\_work\xpco\xpco\eventserver\server\components\central\server\unittest\bin\x64\debug\videoos.event.server.unittest.dll" id="f84268a3-d107-9fe2-639b-5219dc4b85d1">
      <Execution id="d722930f-3282-4321-b571-1b427f02da80" />
      <TestMethod codeBase="D:\actions-runner\_work\XPCO\XPCO\EventServer\Server\Components\Central\Server\unittest\bin\x64\Debug\VideoOS.Event.Server.UnitTest.dll" adapterTypeName="executor://mstestadapter/v2" className="VideoOS.Event.Server.MIP.PlugIn.UnitTest.MapPlugInEventHandlerTest" name="TestShutdown" />
    </UnitTest>
    <UnitTest name="TestLoadXMLWithAllCorrectValues" storage="d:\actions-runner\_work\xpco\xpco\eventserver\server\components\central\server\unittest\bin\x64\debug\videoos.event.server.unittest.dll" id="10541a8e-64ba-d774-f402-b9f32edbec4d">
      <Execution id="639db3cd-978a-4cae-b127-c1d624052b72" />
      <TestMethod codeBase="D:\actions-runner\_work\XPCO\XPCO\EventServer\Server\Components\Central\Server\unittest\bin\x64\Debug\VideoOS.Event.Server.UnitTest.dll" adapterTypeName="executor://mstestadapter/v2" className="VideoOS.Event.Server.Map.Data.UnitTest.AccessListStorageTest" name="TestLoadXMLWithAllCorrectValues" />
    </UnitTest>
    <UnitTest name="CreateInstanceReturnsMessageIdWhenCorporateEventTypeIdInMessageId" storage="d:\actions-runner\_work\xpco\xpco\eventserver\server\components\central\server\unittest\bin\x64\debug\videoos.event.server.unittest.dll" id="0531a6e3-4b1d-bc85-e7b0-17ca38e8abce">
      <Execution id="ab23e469-1bb7-49d7-84d5-f4f5fa26fa72" />
      <TestMethod codeBase="D:\actions-runner\_work\XPCO\XPCO\EventServer\Server\Components\Central\Server\unittest\bin\x64\Debug\VideoOS.Event.Server.UnitTest.dll" adapterTypeName="executor://mstestadapter/v2" className="VideoOS.Event.Server.UnitTest.Event.MapperEventTypeProviderTest" name="CreateInstanceReturnsMessageIdWhenCorporateEventTypeIdInMessageId" />
    </UnitTest>
    <UnitTest name="TestGetVisualizationChangesWithNulTimeout" storage="d:\actions-runner\_work\xpco\xpco\eventserver\server\components\central\server\unittest\bin\x64\debug\videoos.event.server.unittest.dll" id="4e371b17-35ef-55df-0fa1-d3ddda9e8bbd">
      <Execution id="700d28d9-8006-45f8-888a-68952fc4166e" />
      <TestMethod codeBase="D:\actions-runner\_work\XPCO\XPCO\EventServer\Server\Components\Central\Server\unittest\bin\x64\Debug\VideoOS.Event.Server.UnitTest.dll" adapterTypeName="executor://mstestadapter/v2" className="VideoOS.Event.Server.WebService.Status.UnitTest.StatusCommandToken2Test" name="TestGetVisualizationChangesWithNulTimeout" />
    </UnitTest>
    <UnitTest name="EventConverter_ConvertEventStatusToBaseItem_EventStatus_Null" storage="d:\actions-runner\_work\xpco\xpco\eventserver\server\components\central\server\unittest\bin\x64\debug\videoos.event.server.unittest.dll" id="cb2aa95c-8beb-d0c2-1741-b4fe4c31b24a">
      <Execution id="29529ed3-0f6b-4df3-9923-126ab870c9a3" />
      <TestMethod codeBase="D:\actions-runner\_work\XPCO\XPCO\EventServer\Server\Components\Central\Server\unittest\bin\x64\Debug\VideoOS.Event.Server.UnitTest.dll" adapterTypeName="executor://mstestadapter/v2" className="VideoOS.Event.Server.UnitTest.Utils.EventConverterTest" name="EventConverter_ConvertEventStatusToBaseItem_EventStatus_Null" />
    </UnitTest>
    <UnitTest name="TestLogoutThrowingUnhandledException" storage="d:\actions-runner\_work\xpco\xpco\eventserver\server\components\central\server\unittest\bin\x64\debug\videoos.event.server.unittest.dll" id="b75eadaf-ca79-0fa3-f481-7827d3fdbfc2">
      <TestCategory>
        <TestCategoryItem TestCategory="WebService/Map" />
      </TestCategory>
      <Execution id="a6acc13e-2b5c-4e2f-8d58-3b193a34e83a" />
      <TestMethod codeBase="D:\actions-runner\_work\XPCO\XPCO\EventServer\Server\Components\Central\Server\unittest\bin\x64\Debug\VideoOS.Event.Server.UnitTest.dll" adapterTypeName="executor://mstestadapter/v2" className="VideoOS.Event.Server.WebService.Map.UnitTest.MapCommandTokenTest" name="TestLogoutThrowingUnhandledException" />
    </UnitTest>
    <UnitTest name="EventConverter_Instance" storage="d:\actions-runner\_work\xpco\xpco\eventserver\server\components\central\server\unittest\bin\x64\debug\videoos.event.server.unittest.dll" id="3dee02cb-5656-71b9-8f76-ae46cff96f99">
      <Execution id="744f7d41-4b4e-4d44-8d70-4307f9babd96" />
      <TestMethod codeBase="D:\actions-runner\_work\XPCO\XPCO\EventServer\Server\Components\Central\Server\unittest\bin\x64\Debug\VideoOS.Event.Server.UnitTest.dll" adapterTypeName="executor://mstestadapter/v2" className="VideoOS.Event.Server.UnitTest.Utils.EventConverterTest" name="EventConverter_Instance" />
    </UnitTest>
    <UnitTest name="TestCacheCleanupSingleSessionSingleUserIdNoTouch" storage="d:\actions-runner\_work\xpco\xpco\eventserver\server\components\central\server\unittest\bin\x64\debug\videoos.event.server.unittest.dll" id="af2f1c64-8a2a-cc80-4b30-6947f73e734f">
      <TestCategory>
        <TestCategoryItem TestCategory="SessionCache" />
      </TestCategory>
      <Execution id="eb32617e-3974-4af3-90d6-659dedd376f2" />
      <TestMethod codeBase="D:\actions-runner\_work\XPCO\XPCO\EventServer\Server\Components\Central\Server\unittest\bin\x64\Debug\VideoOS.Event.Server.UnitTest.dll" adapterTypeName="executor://mstestadapter/v2" className="VideoOS.Event.Server.UnitTest.Session.SessionCacheCleanupTest" name="TestCacheCleanupSingleSessionSingleUserIdNoTouch" />
    </UnitTest>
    <UnitTest name="WhenAlarmSearchCriteriaWithCorrectDataThenCorrectString" storage="d:\actions-runner\_work\xpco\xpco\eventserver\server\components\central\server\unittest\bin\x64\debug\videoos.event.server.unittest.dll" id="8a29233c-71d1-67fd-f2f9-f76830d36268">
      <Execution id="feb6dc4d-b1d9-4485-9ea5-b43cb9db86a6" />
      <TestMethod codeBase="D:\actions-runner\_work\XPCO\XPCO\EventServer\Server\Components\Central\Server\unittest\bin\x64\Debug\VideoOS.Event.Server.UnitTest.dll" adapterTypeName="executor://mstestadapter/v2" className="VideoOS.Event.Server.UnitTest.WebService.Alarm.AlarmSearchCriteriaConditionFactoryTest" name="WhenAlarmSearchCriteriaWithCorrectDataThenCorrectString" />
    </UnitTest>
    <UnitTest name="TestConstructorWithNullPluginDefinition" storage="d:\actions-runner\_work\xpco\xpco\eventserver\server\components\central\server\unittest\bin\x64\debug\videoos.event.server.unittest.dll" id="a0e44636-1ff6-6a1e-ac48-cd0b02b4597b">
      <TestCategory>
        <TestCategoryItem TestCategory="PermissionManagerFetcher" />
      </TestCategory>
      <Execution id="37cc8fc5-9b3c-465e-b255-5f28441a66e4" />
      <TestMethod codeBase="D:\actions-runner\_work\XPCO\XPCO\EventServer\Server\Components\Central\Server\unittest\bin\x64\Debug\VideoOS.Event.Server.UnitTest.dll" adapterTypeName="executor://mstestadapter/v2" className="VideoOS.Event.Server.UnitTest.Security.AuthorizationFetcher.MIPItemAuthorizationFetcherTest" name="TestConstructorWithNullPluginDefinition" />
    </UnitTest>
    <UnitTest name="ActivatePlugInAction_WithValidParameters" storage="d:\actions-runner\_work\xpco\xpco\eventserver\server\components\central\server\unittest\bin\x64\debug\videoos.event.server.unittest.dll" id="8f6be93f-ae19-1739-c558-d78ee9b6c788">
      <TestCategory>
        <TestCategoryItem TestCategory="WebService/Map" />
      </TestCategory>
      <Execution id="1577d36c-a20e-4fd0-a27a-1090563538e6" />
      <TestMethod codeBase="D:\actions-runner\_work\XPCO\XPCO\EventServer\Server\Components\Central\Server\unittest\bin\x64\Debug\VideoOS.Event.Server.UnitTest.dll" adapterTypeName="executor://mstestadapter/v2" className="VideoOS.Event.Server.WebService.Map.UnitTest.MapCommandTokenTest" name="ActivatePlugInAction_WithValidParameters" />
    </UnitTest>
    <UnitTest name="TestGetStatusDetailNotAuthenticated" storage="d:\actions-runner\_work\xpco\xpco\eventserver\server\components\central\server\unittest\bin\x64\debug\videoos.event.server.unittest.dll" id="ac4537e1-9bda-803f-f98e-b8a7b0cac0f9">
      <Execution id="da784e34-9641-4147-a6a8-92b91f9820c6" />
      <TestMethod codeBase="D:\actions-runner\_work\XPCO\XPCO\EventServer\Server\Components\Central\Server\unittest\bin\x64\Debug\VideoOS.Event.Server.UnitTest.dll" adapterTypeName="executor://mstestadapter/v2" className="VideoOS.Event.Server.WebService.Status.UnitTest.StatusCommandCredentialsTest" name="TestGetStatusDetailNotAuthenticated" />
    </UnitTest>
    <UnitTest name="TestGetHeaderException" storage="d:\actions-runner\_work\xpco\xpco\eventserver\server\components\central\server\unittest\bin\x64\debug\videoos.event.server.unittest.dll" id="5cb95ba8-2ed5-0457-cda8-ddf8ed781451">
      <Execution id="0b6b5d5e-520f-461b-b025-674c57134dd5" />
      <TestMethod codeBase="D:\actions-runner\_work\XPCO\XPCO\EventServer\Server\Components\Central\Server\unittest\bin\x64\Debug\VideoOS.Event.Server.UnitTest.dll" adapterTypeName="executor://mstestadapter/v2" className="VideoOS.Event.Server.WebService.Alarm.UnitTest.AlarmCommandTokenTest" name="TestGetHeaderException" />
    </UnitTest>
    <UnitTest name="ReadIdentity_ShouldReturnUserId_WhenUserWithGivenNameExists" storage="d:\actions-runner\_work\xpco\xpco\eventserver\server\components\central\server\unittest\bin\x64\debug\videoos.event.server.unittest.dll" id="49e81401-1a46-bf7c-3dc9-487f2b70b4e0">
      <Execution id="3b032284-b550-44a9-9d70-ee437a865ba0" />
      <TestMethod codeBase="D:\actions-runner\_work\XPCO\XPCO\EventServer\Server\Components\Central\Server\unittest\bin\x64\Debug\VideoOS.Event.Server.UnitTest.dll" adapterTypeName="executor://mstestadapter/v2" className="VideoOS.Event.Server.Security.UnitTest.SecurityCommunicationDBTest" name="ReadIdentity_ShouldReturnUserId_WhenUserWithGivenNameExists" />
    </UnitTest>
    <UnitTest name="RemoveSoundTest" storage="d:\actions-runner\_work\xpco\xpco\eventserver\server\components\central\server\unittest\bin\x64\debug\videoos.event.server.unittest.dll" id="4c573b44-ffb9-27ab-53fa-a44efc2b060a">
      <Execution id="8ca698b8-e498-4708-8d9e-089915592f40" />
      <TestMethod codeBase="D:\actions-runner\_work\XPCO\XPCO\EventServer\Server\Components\Central\Server\unittest\bin\x64\Debug\VideoOS.Event.Server.UnitTest.dll" adapterTypeName="executor://mstestadapter/v2" className="VideoOS.Event.Server.Sound.UnitTest.SoundManagerTest" name="RemoveSoundTest" />
    </UnitTest>
    <UnitTest name="TestUpdateState" storage="d:\actions-runner\_work\xpco\xpco\eventserver\server\components\central\server\unittest\bin\x64\debug\videoos.event.server.unittest.dll" id="6d5770e0-f986-7f23-55f0-2f4cb6f37932">
      <Execution id="15e02854-a8ca-4bbf-adbe-a2625b409526" />
      <TestMethod codeBase="D:\actions-runner\_work\XPCO\XPCO\EventServer\Server\Components\Central\Server\unittest\bin\x64\Debug\VideoOS.Event.Server.UnitTest.dll" adapterTypeName="executor://mstestadapter/v2" className="VideoOS.Event.Server.Map.Data.UnitTest.StatusElementMapPlugInTest" name="TestUpdateState" />
    </UnitTest>
    <UnitTest name="CreateObjects_WithValidParameters" storage="d:\actions-runner\_work\xpco\xpco\eventserver\server\components\central\server\unittest\bin\x64\debug\videoos.event.server.unittest.dll" id="be97b11f-8dc8-1eaa-e222-f5f0d93061d2">
      <TestCategory>
        <TestCategoryItem TestCategory="WebService/Map" />
      </TestCategory>
      <Execution id="4ba1e9fd-f274-4867-9127-15eb9b9f4f2f" />
      <TestMethod codeBase="D:\actions-runner\_work\XPCO\XPCO\EventServer\Server\Components\Central\Server\unittest\bin\x64\Debug\VideoOS.Event.Server.UnitTest.dll" adapterTypeName="executor://mstestadapter/v2" className="VideoOS.Event.Server.WebService.Map.UnitTest.MapCommandTokenTest" name="CreateObjects_WithValidParameters" />
    </UnitTest>
    <UnitTest name="TestConstructorWithFactory" storage="d:\actions-runner\_work\xpco\xpco\eventserver\server\components\central\server\unittest\bin\x64\debug\videoos.event.server.unittest.dll" id="6e7a7fc2-9543-cbf0-5e34-48c99ec5d8fc">
      <Execution id="a05c9f52-5efa-401d-8fa7-293bfb86f876" />
      <TestMethod codeBase="D:\actions-runner\_work\XPCO\XPCO\EventServer\Server\Components\Central\Server\unittest\bin\x64\Debug\VideoOS.Event.Server.UnitTest.dll" adapterTypeName="executor://mstestadapter/v2" className="VideoOS.Event.Server.MIP.PlugIn.UnitTest.MapPlugInTypeEventHandlerTest" name="TestConstructorWithFactory" />
    </UnitTest>
    <UnitTest name="TestCopyObject" storage="d:\actions-runner\_work\xpco\xpco\eventserver\server\components\central\server\unittest\bin\x64\debug\videoos.event.server.unittest.dll" id="666817bb-393b-286c-5b5e-86d66b36b67e">
      <Execution id="f10a1bc6-3352-4df5-a3c4-8c881f83eeb2" />
      <TestMethod codeBase="D:\actions-runner\_work\XPCO\XPCO\EventServer\Server\Components\Central\Server\unittest\bin\x64\Debug\VideoOS.Event.Server.UnitTest.dll" adapterTypeName="executor://mstestadapter/v2" className="VideoOS.Event.Server.Map.Data.UnitTest.TypeIDStorageFactoryTest" name="TestCopyObject" />
    </UnitTest>
    <UnitTest name="TestRemoveElementAndChildElementsRecursive" storage="d:\actions-runner\_work\xpco\xpco\eventserver\server\components\central\server\unittest\bin\x64\debug\videoos.event.server.unittest.dll" id="19789653-59e6-f3c4-77df-ecd0baf02b64">
      <Execution id="518b9ea7-47a8-4e68-aa5d-6057d7adcccf" />
      <TestMethod codeBase="D:\actions-runner\_work\XPCO\XPCO\EventServer\Server\Components\Central\Server\unittest\bin\x64\Debug\VideoOS.Event.Server.UnitTest.dll" adapterTypeName="executor://mstestadapter/v2" className="VideoOS.Event.Server.Map.UnitTest.VisualElementManagerTest" name="TestRemoveElementAndChildElementsRecursive" />
    </UnitTest>
    <UnitTest name="GetAllObjectIDsOnVisualElement_WithValidParameters" storage="d:\actions-runner\_work\xpco\xpco\eventserver\server\components\central\server\unittest\bin\x64\debug\videoos.event.server.unittest.dll" id="767c499b-6b4e-ed35-1957-484bc25803c1">
      <TestCategory>
        <TestCategoryItem TestCategory="WebService/Map" />
      </TestCategory>
      <Execution id="0e7eb2c5-1d85-417e-8479-e3c803f470d9" />
      <TestMethod codeBase="D:\actions-runner\_work\XPCO\XPCO\EventServer\Server\Components\Central\Server\unittest\bin\x64\Debug\VideoOS.Event.Server.UnitTest.dll" adapterTypeName="executor://mstestadapter/v2" className="VideoOS.Event.Server.WebService.Map.UnitTest.MapCommandTokenTest" name="GetAllObjectIDsOnVisualElement_WithValidParameters" />
    </UnitTest>
    <UnitTest name="TestInsertElementWithServerIdInRelationId" storage="d:\actions-runner\_work\xpco\xpco\eventserver\server\components\central\server\unittest\bin\x64\debug\videoos.event.server.unittest.dll" id="330158ae-6f44-a1bc-0496-e8414b808346">
      <Execution id="3cbd9aa9-d01b-40ca-bdaa-a7aa561a520a" />
      <TestMethod codeBase="D:\actions-runner\_work\XPCO\XPCO\EventServer\Server\Components\Central\Server\unittest\bin\x64\Debug\VideoOS.Event.Server.UnitTest.dll" adapterTypeName="executor://mstestadapter/v2" className="VideoOS.Event.Server.Map.UnitTest.VisualElementManagerTest" name="TestInsertElementWithServerIdInRelationId" />
    </UnitTest>
    <UnitTest name="TestTypeID" storage="d:\actions-runner\_work\xpco\xpco\eventserver\server\components\central\server\unittest\bin\x64\debug\videoos.event.server.unittest.dll" id="a9081024-1a3c-3980-14ce-9946c32defb3">
      <Execution id="dc57638d-937a-4ee6-83ab-47a14608b390" />
      <TestMethod codeBase="D:\actions-runner\_work\XPCO\XPCO\EventServer\Server\Components\Central\Server\unittest\bin\x64\Debug\VideoOS.Event.Server.UnitTest.dll" adapterTypeName="executor://mstestadapter/v2" className="VideoOS.Event.Server.MIP.PlugIn.UnitTest.MapPlugInTypeEventHandlerTest" name="TestTypeID" />
    </UnitTest>
    <UnitTest name="TestUpdateElements" storage="d:\actions-runner\_work\xpco\xpco\eventserver\server\components\central\server\unittest\bin\x64\debug\videoos.event.server.unittest.dll" id="f1542542-675f-de45-6963-b933ea9417ec">
      <Execution id="cb70bbd2-14d0-4ad6-9261-536e297646ca" />
      <TestMethod codeBase="D:\actions-runner\_work\XPCO\XPCO\EventServer\Server\Components\Central\Server\unittest\bin\x64\Debug\VideoOS.Event.Server.UnitTest.dll" adapterTypeName="executor://mstestadapter/v2" className="VideoOS.Event.Server.Map.UnitTest.VisualElementManagerTest" name="TestUpdateElements" />
    </UnitTest>
    <UnitTest name="TestGetStatusForAllObjectsOfTypeWithInsufficientRights" storage="d:\actions-runner\_work\xpco\xpco\eventserver\server\components\central\server\unittest\bin\x64\debug\videoos.event.server.unittest.dll" id="1f66a028-fe14-83e5-1dc3-037a7ab62871">
      <Execution id="287d71f7-8881-44f6-95e3-ec866c45e869" />
      <TestMethod codeBase="D:\actions-runner\_work\XPCO\XPCO\EventServer\Server\Components\Central\Server\unittest\bin\x64\Debug\VideoOS.Event.Server.UnitTest.dll" adapterTypeName="executor://mstestadapter/v2" className="VideoOS.Event.Server.Map.UnitTest.VisualElementStatusCalculatorTest" name="TestGetStatusForAllObjectsOfTypeWithInsufficientRights" />
    </UnitTest>
    <UnitTest name="TestInsertElementsAccessListWithoutItemButRelatedElementWithItem" storage="d:\actions-runner\_work\xpco\xpco\eventserver\server\components\central\server\unittest\bin\x64\debug\videoos.event.server.unittest.dll" id="85bc96f5-633a-73ce-38a3-065c75c961bf">
      <Execution id="b6e8da60-bf22-49bf-a163-dbb7088cb449" />
      <TestMethod codeBase="D:\actions-runner\_work\XPCO\XPCO\EventServer\Server\Components\Central\Server\unittest\bin\x64\Debug\VideoOS.Event.Server.UnitTest.dll" adapterTypeName="executor://mstestadapter/v2" className="VideoOS.Event.Server.Map.UnitTest.VisualElementManagerTest" name="TestInsertElementsAccessListWithoutItemButRelatedElementWithItem" />
    </UnitTest>
    <UnitTest name="TestLoadXMLWithNoParametersCorrect" storage="d:\actions-runner\_work\xpco\xpco\eventserver\server\components\central\server\unittest\bin\x64\debug\videoos.event.server.unittest.dll" id="dcab5aed-cb1b-c54d-fac5-8be674eef501">
      <Execution id="f65e8aaf-a284-4f8e-a9f2-3aeb01a11561" />
      <TestMethod codeBase="D:\actions-runner\_work\XPCO\XPCO\EventServer\Server\Components\Central\Server\unittest\bin\x64\Debug\VideoOS.Event.Server.UnitTest.dll" adapterTypeName="executor://mstestadapter/v2" className="VideoOS.Event.Server.Map.Data.UnitTest.PositionStorageTest" name="TestLoadXMLWithNoParametersCorrect" />
    </UnitTest>
    <UnitTest name="TestRemoveElementAndChildElementsWithSameParentRelation" storage="d:\actions-runner\_work\xpco\xpco\eventserver\server\components\central\server\unittest\bin\x64\debug\videoos.event.server.unittest.dll" id="b86c8948-f7d8-728c-6904-dc5d9758ae66">
      <Execution id="cb290114-195d-4799-a7c7-44405063aeb9" />
      <TestMethod codeBase="D:\actions-runner\_work\XPCO\XPCO\EventServer\Server\Components\Central\Server\unittest\bin\x64\Debug\VideoOS.Event.Server.UnitTest.dll" adapterTypeName="executor://mstestadapter/v2" className="VideoOS.Event.Server.Map.UnitTest.VisualElementManagerTest" name="TestRemoveElementAndChildElementsWithSameParentRelation" />
    </UnitTest>
    <UnitTest name="TestOneACSystemPLUnsupportedOneACSystemPLUnsupported" storage="d:\actions-runner\_work\xpco\xpco\eventserver\server\components\central\server\unittest\bin\x64\debug\videoos.event.server.unittest.dll" id="1ec81807-d127-32aa-fc7b-9ec8ae41fc40">
      <TestCategory>
        <TestCategoryItem TestCategory="AccessControlUserIdTransformer" />
      </TestCategory>
      <Execution id="895b26dc-0cb9-46a4-93e3-bce6c5302ec2" />
      <TestMethod codeBase="D:\actions-runner\_work\XPCO\XPCO\EventServer\Server\Components\Central\Server\unittest\bin\x64\Debug\VideoOS.Event.Server.UnitTest.dll" adapterTypeName="executor://mstestadapter/v2" className="VideoOS.Event.Server.UnitTest.Session.AccessControlUserIdTransformerTest" name="TestOneACSystemPLUnsupportedOneACSystemPLUnsupported" />
    </UnitTest>
    <UnitTest name="TestGetStatusForAllObjectsOfTypeWithMapPlugInItem" storage="d:\actions-runner\_work\xpco\xpco\eventserver\server\components\central\server\unittest\bin\x64\debug\videoos.event.server.unittest.dll" id="f8a85ac7-0b47-a9c1-be80-451780272705">
      <Execution id="29e915eb-9772-4d12-b82b-ef8e404c8d5d" />
      <TestMethod codeBase="D:\actions-runner\_work\XPCO\XPCO\EventServer\Server\Components\Central\Server\unittest\bin\x64\Debug\VideoOS.Event.Server.UnitTest.dll" adapterTypeName="executor://mstestadapter/v2" className="VideoOS.Event.Server.Map.UnitTest.VisualElementStatusCalculatorTest" name="TestGetStatusForAllObjectsOfTypeWithMapPlugInItem" />
    </UnitTest>
    <UnitTest name="TestClose" storage="d:\actions-runner\_work\xpco\xpco\eventserver\server\components\central\server\unittest\bin\x64\debug\videoos.event.server.unittest.dll" id="14b24c83-afb1-1fe1-ea5d-17b496ea31a4">
      <TestCategory>
        <TestCategoryItem TestCategory="MapPlugInManagerTest" />
      </TestCategory>
      <Execution id="f1b4eba8-a875-483f-a632-5623009dbd89" />
      <TestMethod codeBase="D:\actions-runner\_work\XPCO\XPCO\EventServer\Server\Components\Central\Server\unittest\bin\x64\Debug\VideoOS.Event.Server.UnitTest.dll" adapterTypeName="executor://mstestadapter/v2" className="VideoOS.Event.Server.MIP.PlugIn.UnitTest.MapPlugInManagerTest" name="TestClose" />
    </UnitTest>
    <UnitTest name="WebServiceTest_CreateWsHTTPBindingSecurityModeNone" storage="d:\actions-runner\_work\xpco\xpco\eventserver\server\components\central\server\unittest\bin\x64\debug\videoos.event.server.unittest.dll" id="eae8144a-f656-dd1f-f75c-bc79cb2d904b">
      <Execution id="e8c74561-3c0d-4a0b-a25d-87d28d0f1dbc" />
      <TestMethod codeBase="D:\actions-runner\_work\XPCO\XPCO\EventServer\Server\Components\Central\Server\unittest\bin\x64\Debug\VideoOS.Event.Server.UnitTest.dll" adapterTypeName="executor://mstestadapter/v2" className="VideoOS.Event.Server.UnitTest.WebService.WebServiceTest" name="WebServiceTest_CreateWsHTTPBindingSecurityModeNone" />
    </UnitTest>
    <UnitTest name="TestGetVisualizationChangesWithNullData" storage="d:\actions-runner\_work\xpco\xpco\eventserver\server\components\central\server\unittest\bin\x64\debug\videoos.event.server.unittest.dll" id="73be019d-1c26-14f4-6197-8702434cb789">
      <Execution id="c139c941-6657-4acf-9860-90af142385df" />
      <TestMethod codeBase="D:\actions-runner\_work\XPCO\XPCO\EventServer\Server\Components\Central\Server\unittest\bin\x64\Debug\VideoOS.Event.Server.UnitTest.dll" adapterTypeName="executor://mstestadapter/v2" className="VideoOS.Event.Server.WebService.Status.UnitTest.StatusCommandCredentialsTest" name="TestGetVisualizationChangesWithNullData" />
    </UnitTest>
    <UnitTest name="TestGetXMLWithNullVariables" storage="d:\actions-runner\_work\xpco\xpco\eventserver\server\components\central\server\unittest\bin\x64\debug\videoos.event.server.unittest.dll" id="434456dd-83b8-b9ef-a9e7-a51b85b3e467">
      <Execution id="ea977155-f923-45d1-9d1a-a14800702a8d" />
      <TestMethod codeBase="D:\actions-runner\_work\XPCO\XPCO\EventServer\Server\Components\Central\Server\unittest\bin\x64\Debug\VideoOS.Event.Server.UnitTest.dll" adapterTypeName="executor://mstestadapter/v2" className="VideoOS.Event.Server.Map.Data.UnitTest.TypeIdStorageTest" name="TestGetXMLWithNullVariables" />
    </UnitTest>
    <UnitTest name="TestCopyObject" storage="d:\actions-runner\_work\xpco\xpco\eventserver\server\components\central\server\unittest\bin\x64\debug\videoos.event.server.unittest.dll" id="65a8332d-4352-8dbc-8434-d77dc0a1f9da">
      <Execution id="573683e7-5236-4b12-a429-5b3d28f871e0" />
      <TestMethod codeBase="D:\actions-runner\_work\XPCO\XPCO\EventServer\Server\Components\Central\Server\unittest\bin\x64\Debug\VideoOS.Event.Server.UnitTest.dll" adapterTypeName="executor://mstestadapter/v2" className="VideoOS.Event.Server.Map.Data.UnitTest.VisualizationStateStorageFactoryTest" name="TestCopyObject" />
    </UnitTest>
    <UnitTest name="TestClearCache" storage="d:\actions-runner\_work\xpco\xpco\eventserver\server\components\central\server\unittest\bin\x64\debug\videoos.event.server.unittest.dll" id="656d23cf-ad47-3b41-6227-124bedd60d2c">
      <Execution id="e7057420-489f-4853-9b4d-406f491130b3" />
      <TestMethod codeBase="D:\actions-runner\_work\XPCO\XPCO\EventServer\Server\Components\Central\Server\unittest\bin\x64\Debug\VideoOS.Event.Server.UnitTest.dll" adapterTypeName="executor://mstestadapter/v2" className="VideoOS.Central.Server.UnitTest.Security.PermissionManagerTest" name="TestClearCache" />
    </UnitTest>
    <UnitTest name="TestConstructor" storage="d:\actions-runner\_work\xpco\xpco\eventserver\server\components\central\server\unittest\bin\x64\debug\videoos.event.server.unittest.dll" id="55e4c6ef-9688-250a-8df9-cb5fdcccf252">
      <Execution id="7a4cddec-e2fc-4b46-9390-6f3ec678a503" />
      <TestMethod codeBase="D:\actions-runner\_work\XPCO\XPCO\EventServer\Server\Components\Central\Server\unittest\bin\x64\Debug\VideoOS.Event.Server.UnitTest.dll" adapterTypeName="executor://mstestadapter/v2" className="VideoOS.EventServer.Disable.UnitTest.SuppressStatusItemTest" name="TestConstructor" />
    </UnitTest>
    <UnitTest name="TestConstructorWithNullPacketHandler" storage="d:\actions-runner\_work\xpco\xpco\eventserver\server\components\central\server\unittest\bin\x64\debug\videoos.event.server.unittest.dll" id="778afe15-3438-7d2c-b20e-d28186da20a8">
      <TestCategory>
        <TestCategoryItem TestCategory="PermissionManagerFetcher" />
      </TestCategory>
      <Execution id="1245a1da-499a-4944-9178-33564e3744cc" />
      <TestMethod codeBase="D:\actions-runner\_work\XPCO\XPCO\EventServer\Server\Components\Central\Server\unittest\bin\x64\Debug\VideoOS.Event.Server.UnitTest.dll" adapterTypeName="executor://mstestadapter/v2" className="VideoOS.Event.Server.UnitTest.Security.AuthorizationFetcher.AccessControlItemAuthorizationFetcherTest" name="TestConstructorWithNullPacketHandler" />
    </UnitTest>
    <UnitTest name="TestOneACSystemPLUnsupportedOneACSystemPLDisabled" storage="d:\actions-runner\_work\xpco\xpco\eventserver\server\components\central\server\unittest\bin\x64\debug\videoos.event.server.unittest.dll" id="77d33b19-697e-aae6-4835-530b4384aafd">
      <TestCategory>
        <TestCategoryItem TestCategory="AccessControlUserIdTransformer" />
      </TestCategory>
      <Execution id="d6fa6e16-d6ae-4fef-af62-81087456aeae" />
      <TestMethod codeBase="D:\actions-runner\_work\XPCO\XPCO\EventServer\Server\Components\Central\Server\unittest\bin\x64\Debug\VideoOS.Event.Server.UnitTest.dll" adapterTypeName="executor://mstestadapter/v2" className="VideoOS.Event.Server.UnitTest.Session.AccessControlUserIdTransformerTest" name="TestOneACSystemPLUnsupportedOneACSystemPLDisabled" />
    </UnitTest>
    <UnitTest name="TestGetStatusTreeStructureWithComplexCyclicRelationWithMultipleRoots" storage="d:\actions-runner\_work\xpco\xpco\eventserver\server\components\central\server\unittest\bin\x64\debug\videoos.event.server.unittest.dll" id="d2cda2a3-f6b2-77c1-c33f-4505bd31bf6f">
      <Execution id="47e7c72b-e51f-4e92-9869-f30b9029a139" />
      <TestMethod codeBase="D:\actions-runner\_work\XPCO\XPCO\EventServer\Server\Components\Central\Server\unittest\bin\x64\Debug\VideoOS.Event.Server.UnitTest.dll" adapterTypeName="executor://mstestadapter/v2" className="VideoOS.Event.Server.Map.UnitTest.VisualElementStatusCalculatorTest" name="TestGetStatusTreeStructureWithComplexCyclicRelationWithMultipleRoots" />
    </UnitTest>
    <UnitTest name="TestGetDataWithPrune" storage="d:\actions-runner\_work\xpco\xpco\eventserver\server\components\central\server\unittest\bin\x64\debug\videoos.event.server.unittest.dll" id="fd0ab141-7840-5d96-7618-b67c8b840eee">
      <TestCategory>
        <TestCategoryItem TestCategory="DatabaseConfigurableDataCache" />
      </TestCategory>
      <Execution id="028bec0a-c0e3-4da0-b665-48e132c1ddc8" />
      <TestMethod codeBase="D:\actions-runner\_work\XPCO\XPCO\EventServer\Server\Components\Central\Server\unittest\bin\x64\Debug\VideoOS.Event.Server.UnitTest.dll" adapterTypeName="executor://mstestadapter/v2" className="VideoOS.EventServer.Config.UnitTest.DatabaseConfigurableDataCacheTest" name="TestGetDataWithPrune" />
    </UnitTest>
    <UnitTest name="TestIcon" storage="d:\actions-runner\_work\xpco\xpco\eventserver\server\components\central\server\unittest\bin\x64\debug\videoos.event.server.unittest.dll" id="ccc8201a-cb2f-dd61-e37c-f0be3ae17276">
      <Execution id="deffdb2f-e98d-4e11-b8be-375287643d34" />
      <TestMethod codeBase="D:\actions-runner\_work\XPCO\XPCO\EventServer\Server\Components\Central\Server\unittest\bin\x64\Debug\VideoOS.Event.Server.UnitTest.dll" adapterTypeName="executor://mstestadapter/v2" className="VideoOS.Event.Server.MIP.PlugIn.UnitTest.MapPlugInEventHandlerTest" name="TestIcon" />
    </UnitTest>
    <UnitTest name="LoadConfiguration_ShouldSetTheValuesFromTheProvidedConfiguration_OnceLoadingIsCompleted" storage="d:\actions-runner\_work\xpco\xpco\eventserver\server\components\central\server\unittest\bin\x64\debug\videoos.event.server.unittest.dll" id="2ef8916d-a194-5e24-5900-54c8ab00f21b">
      <Execution id="07b9c64d-06f0-41de-bdd5-c4a17258b4de" />
      <TestMethod codeBase="D:\actions-runner\_work\XPCO\XPCO\EventServer\Server\Components\Central\Server\unittest\bin\x64\Debug\VideoOS.Event.Server.UnitTest.dll" adapterTypeName="executor://mstestadapter/v2" className="VideoOS.Event.Server.UnitTest.Config.EventRetentionConfigTests" name="LoadConfiguration_ShouldSetTheValuesFromTheProvidedConfiguration_OnceLoadingIsCompleted" />
    </UnitTest>
    <UnitTest name="TestCreateObjectThrowingUnhandledException" storage="d:\actions-runner\_work\xpco\xpco\eventserver\server\components\central\server\unittest\bin\x64\debug\videoos.event.server.unittest.dll" id="1615d896-8039-477a-8cb4-89284c760e2c">
      <TestCategory>
        <TestCategoryItem TestCategory="WebService/Map" />
      </TestCategory>
      <Execution id="442d8765-f9c8-4078-abe1-185507f2fcab" />
      <TestMethod codeBase="D:\actions-runner\_work\XPCO\XPCO\EventServer\Server\Components\Central\Server\unittest\bin\x64\Debug\VideoOS.Event.Server.UnitTest.dll" adapterTypeName="executor://mstestadapter/v2" className="VideoOS.Event.Server.WebService.Map.UnitTest.MapCommandCredentialsTest" name="TestCreateObjectThrowingUnhandledException" />
    </UnitTest>
    <UnitTest name="TestIconWithNullIcon" storage="d:\actions-runner\_work\xpco\xpco\eventserver\server\components\central\server\unittest\bin\x64\debug\videoos.event.server.unittest.dll" id="a6a02ab7-42ed-4631-7ecb-7e2cdab16bb2">
      <Execution id="950d9a7c-0507-4e01-9e43-e5c00baac7ec" />
      <TestMethod codeBase="D:\actions-runner\_work\XPCO\XPCO\EventServer\Server\Components\Central\Server\unittest\bin\x64\Debug\VideoOS.Event.Server.UnitTest.dll" adapterTypeName="executor://mstestadapter/v2" className="VideoOS.Event.Server.MIP.PlugIn.UnitTest.MapPlugInEventHandlerTest" name="TestIconWithNullIcon" />
    </UnitTest>
    <UnitTest name="TestGetPlugInItemChangesThrowingUnhandledException" storage="d:\actions-runner\_work\xpco\xpco\eventserver\server\components\central\server\unittest\bin\x64\debug\videoos.event.server.unittest.dll" id="2a02f797-197a-d19e-cf45-13600a76856b">
      <TestCategory>
        <TestCategoryItem TestCategory="WebService/Map" />
      </TestCategory>
      <Execution id="9c60607a-1b92-4c49-8c2e-9b66b7575509" />
      <TestMethod codeBase="D:\actions-runner\_work\XPCO\XPCO\EventServer\Server\Components\Central\Server\unittest\bin\x64\Debug\VideoOS.Event.Server.UnitTest.dll" adapterTypeName="executor://mstestadapter/v2" className="VideoOS.Event.Server.WebService.Map.UnitTest.MapCommandToken2Test" name="TestGetPlugInItemChangesThrowingUnhandledException" />
    </UnitTest>
    <UnitTest name="TestGetPlugIns" storage="d:\actions-runner\_work\xpco\xpco\eventserver\server\components\central\server\unittest\bin\x64\debug\videoos.event.server.unittest.dll" id="bb55e130-5f01-e081-978d-29a528a58c56">
      <TestCategory>
        <TestCategoryItem TestCategory="MapPlugInManagerTest" />
      </TestCategory>
      <Execution id="36c5d35f-d66a-45bf-a014-4ab63b1a3427" />
      <TestMethod codeBase="D:\actions-runner\_work\XPCO\XPCO\EventServer\Server\Components\Central\Server\unittest\bin\x64\Debug\VideoOS.Event.Server.UnitTest.dll" adapterTypeName="executor://mstestadapter/v2" className="VideoOS.Event.Server.MIP.PlugIn.UnitTest.MapPlugInManagerTest" name="TestGetPlugIns" />
    </UnitTest>
    <UnitTest name="TestUpdateObjectsThrowingUnhandledException" storage="d:\actions-runner\_work\xpco\xpco\eventserver\server\components\central\server\unittest\bin\x64\debug\videoos.event.server.unittest.dll" id="5cdc70af-ff91-ee76-bf09-79c97701d345">
      <TestCategory>
        <TestCategoryItem TestCategory="WebService/Map" />
      </TestCategory>
      <Execution id="5cb9e906-6b06-4310-9747-59fdae0e4261" />
      <TestMethod codeBase="D:\actions-runner\_work\XPCO\XPCO\EventServer\Server\Components\Central\Server\unittest\bin\x64\Debug\VideoOS.Event.Server.UnitTest.dll" adapterTypeName="executor://mstestadapter/v2" className="VideoOS.Event.Server.WebService.Map.UnitTest.MapCommandTokenTest" name="TestUpdateObjectsThrowingUnhandledException" />
    </UnitTest>
    <UnitTest name="TrimStart_ReturnWordAfterPrefix_WhenInputIncludesPrefixAndContent" storage="d:\actions-runner\_work\xpco\xpco\eventserver\server\components\central\server\unittest\bin\x64\debug\videoos.event.server.unittest.dll" id="3bd90d8d-3840-8444-9982-0a5a71948575">
      <TestCategory>
        <TestCategoryItem TestCategory="AccessControl" />
      </TestCategory>
      <Execution id="bbefc634-f6c7-436d-9f7f-a46ebf8e84d5" />
      <TestMethod codeBase="D:\actions-runner\_work\XPCO\XPCO\EventServer\Server\Components\Central\Server\unittest\bin\x64\Debug\VideoOS.Event.Server.UnitTest.dll" adapterTypeName="executor://mstestadapter/v2" className="VideoOS.Event.Server.UnitTest.AccessControl.AccessControlSystemTests" name="TrimStart_ReturnWordAfterPrefix_WhenInputIncludesPrefixAndContent" />
    </UnitTest>
    <UnitTest name="TestGetAllObjectIDsOnVisualElementThrowingUnhandledException" storage="d:\actions-runner\_work\xpco\xpco\eventserver\server\components\central\server\unittest\bin\x64\debug\videoos.event.server.unittest.dll" id="81e2928b-d8a3-fc74-f97a-2c34a5d92bf3">
      <TestCategory>
        <TestCategoryItem TestCategory="WebService/Map" />
      </TestCategory>
      <Execution id="5a885523-64bf-4e6c-b072-4b491fbfcf27" />
      <TestMethod codeBase="D:\actions-runner\_work\XPCO\XPCO\EventServer\Server\Components\Central\Server\unittest\bin\x64\Debug\VideoOS.Event.Server.UnitTest.dll" adapterTypeName="executor://mstestadapter/v2" className="VideoOS.Event.Server.WebService.Map.UnitTest.MapCommandCredentialsTest" name="TestGetAllObjectIDsOnVisualElementThrowingUnhandledException" />
    </UnitTest>
    <UnitTest name="GetEventTypesTest" storage="d:\actions-runner\_work\xpco\xpco\eventserver\server\components\central\server\unittest\bin\x64\debug\videoos.event.server.unittest.dll" id="e3262ca2-b92e-9142-2017-e6fceeb13397">
      <Execution id="8747ee31-2474-4cef-be3e-8e62c696f6ea" />
      <TestMethod codeBase="D:\actions-runner\_work\XPCO\XPCO\EventServer\Server\Components\Central\Server\unittest\bin\x64\Debug\VideoOS.Event.Server.UnitTest.dll" adapterTypeName="executor://mstestadapter/v2" className="VideoOS.Event.Server.UnitTest.AccessControl.AccessControlEventTypeProviderTest" name="GetEventTypesTest" />
    </UnitTest>
    <UnitTest name="TestRemoveElementAndChildElementsWithNonExistingId" storage="d:\actions-runner\_work\xpco\xpco\eventserver\server\components\central\server\unittest\bin\x64\debug\videoos.event.server.unittest.dll" id="d70987a7-ad0e-7dc7-a5e7-ae54c7805c43">
      <Execution id="881de5b4-3219-4fde-92a6-292de4da2a76" />
      <TestMethod codeBase="D:\actions-runner\_work\XPCO\XPCO\EventServer\Server\Components\Central\Server\unittest\bin\x64\Debug\VideoOS.Event.Server.UnitTest.dll" adapterTypeName="executor://mstestadapter/v2" className="VideoOS.Event.Server.Map.UnitTest.VisualElementManagerTest" name="TestRemoveElementAndChildElementsWithNonExistingId" />
    </UnitTest>
    <UnitTest name="TestUpdateState" storage="d:\actions-runner\_work\xpco\xpco\eventserver\server\components\central\server\unittest\bin\x64\debug\videoos.event.server.unittest.dll" id="02d616ae-c78c-eff2-6768-d722c6db358e">
      <Execution id="b8dd3508-2ea3-4aec-8010-f3d6974c3f5f" />
      <TestMethod codeBase="D:\actions-runner\_work\XPCO\XPCO\EventServer\Server\Components\Central\Server\unittest\bin\x64\Debug\VideoOS.Event.Server.UnitTest.dll" adapterTypeName="executor://mstestadapter/v2" className="VideoOS.Event.Server.Map.Data.UnitTest.StatusElementDeviceTest" name="TestUpdateState" />
    </UnitTest>
    <UnitTest name="TestConstructor" storage="d:\actions-runner\_work\xpco\xpco\eventserver\server\components\central\server\unittest\bin\x64\debug\videoos.event.server.unittest.dll" id="7b03728c-06a1-8649-8ebb-9e968a991819">
      <Execution id="2d857906-3a5e-4483-8ed4-16f089d37a47" />
      <TestMethod codeBase="D:\actions-runner\_work\XPCO\XPCO\EventServer\Server\Components\Central\Server\unittest\bin\x64\Debug\VideoOS.Event.Server.UnitTest.dll" adapterTypeName="executor://mstestadapter/v2" className="VideoOS.Event.Server.MIP.PlugIn.UnitTest.MapPlugInInternalContextMenuItemTest" name="TestConstructor" />
    </UnitTest>
    <UnitTest name="TestLoadConfigurationWithoutValidId" storage="d:\actions-runner\_work\xpco\xpco\eventserver\server\components\central\server\unittest\bin\x64\debug\videoos.event.server.unittest.dll" id="d11de860-4163-85a1-7115-b5634191d79e">
      <Execution id="1b7b69c5-cf3b-4e26-a12f-28664bad506e" />
      <TestMethod codeBase="D:\actions-runner\_work\XPCO\XPCO\EventServer\Server\Components\Central\Server\unittest\bin\x64\Debug\VideoOS.Event.Server.UnitTest.dll" adapterTypeName="executor://mstestadapter/v2" className="VideoOS.Event.Server.Map.UnitTest.VisualElementStorageDatabaseTest" name="TestLoadConfigurationWithoutValidId" />
    </UnitTest>
    <UnitTest name="TestXmlValid" storage="d:\actions-runner\_work\xpco\xpco\eventserver\server\components\central\server\unittest\bin\x64\debug\videoos.event.server.unittest.dll" id="d367d6c7-6508-d285-3904-129e7c7eed2d">
      <Execution id="d34ed251-5833-4986-bf7e-a24e214481d8" />
      <TestMethod codeBase="D:\actions-runner\_work\XPCO\XPCO\EventServer\Server\Components\Central\Server\unittest\bin\x64\Debug\VideoOS.Event.Server.UnitTest.dll" adapterTypeName="executor://mstestadapter/v2" className="VideoOS.EventServer.Disable.UnitTest.SuppressStatusItemTest" name="TestXmlValid" />
    </UnitTest>
    <UnitTest name="EventConverter_ConvertEventStatusToBaseItem_Success_ExternalEvent_Undefined" storage="d:\actions-runner\_work\xpco\xpco\eventserver\server\components\central\server\unittest\bin\x64\debug\videoos.event.server.unittest.dll" id="d1ea3dbc-ae5e-1318-b51a-3467e3c99c47">
      <Execution id="be3aaddf-f812-4980-a874-57f912f6736b" />
      <TestMethod codeBase="D:\actions-runner\_work\XPCO\XPCO\EventServer\Server\Components\Central\Server\unittest\bin\x64\Debug\VideoOS.Event.Server.UnitTest.dll" adapterTypeName="executor://mstestadapter/v2" className="VideoOS.Event.Server.UnitTest.Utils.EventConverterTest" name="EventConverter_ConvertEventStatusToBaseItem_Success_ExternalEvent_Undefined" />
    </UnitTest>
    <UnitTest name="TestGetTypeWithKnownType" storage="d:\actions-runner\_work\xpco\xpco\eventserver\server\components\central\server\unittest\bin\x64\debug\videoos.event.server.unittest.dll" id="acac15f2-8d07-b82f-4ea7-5882088d661e">
      <Execution id="16bbca4d-94f7-4bef-9435-b49302caa9e1" />
      <TestMethod codeBase="D:\actions-runner\_work\XPCO\XPCO\EventServer\Server\Components\Central\Server\unittest\bin\x64\Debug\VideoOS.Event.Server.UnitTest.dll" adapterTypeName="executor://mstestadapter/v2" className="VideoOS.Event.Server.MIP.PlugIn.UnitTest.MapPlugInEventHandlerTest" name="TestGetTypeWithKnownType" />
    </UnitTest>
    <UnitTest name="TestLoadXMLWithNoParametersCorrect" storage="d:\actions-runner\_work\xpco\xpco\eventserver\server\components\central\server\unittest\bin\x64\debug\videoos.event.server.unittest.dll" id="f10e4c7f-7c2f-db88-a32e-4b694fe871d7">
      <Execution id="f4c11f8a-7a87-43c8-b53e-6ac58679dba5" />
      <TestMethod codeBase="D:\actions-runner\_work\XPCO\XPCO\EventServer\Server\Components\Central\Server\unittest\bin\x64\Debug\VideoOS.Event.Server.UnitTest.dll" adapterTypeName="executor://mstestadapter/v2" className="VideoOS.Event.Server.Map.Data.UnitTest.BoundsStorageTest" name="TestLoadXMLWithNoParametersCorrect" />
    </UnitTest>
    <UnitTest name="TestUpdateElementWithOwnerElement" storage="d:\actions-runner\_work\xpco\xpco\eventserver\server\components\central\server\unittest\bin\x64\debug\videoos.event.server.unittest.dll" id="60210042-0b26-379a-0c8f-fc467a31fbf3">
      <Execution id="0dd70da9-93d2-404e-abd6-3d2c5cd53830" />
      <TestMethod codeBase="D:\actions-runner\_work\XPCO\XPCO\EventServer\Server\Components\Central\Server\unittest\bin\x64\Debug\VideoOS.Event.Server.UnitTest.dll" adapterTypeName="executor://mstestadapter/v2" className="VideoOS.Event.Server.Map.UnitTest.VisualElementManagerTest" name="TestUpdateElementWithOwnerElement" />
    </UnitTest>
    <UnitTest name="TestGetPlugInItemChangesWithNewerDeletedTimestamp" storage="d:\actions-runner\_work\xpco\xpco\eventserver\server\components\central\server\unittest\bin\x64\debug\videoos.event.server.unittest.dll" id="cb3eeac3-dc0d-3da5-bb56-3918885deb1c">
      <TestCategory>
        <TestCategoryItem TestCategory="MapPlugInManagerTest" />
      </TestCategory>
      <Execution id="93df493d-4318-4f30-8721-e7fc01886f6d" />
      <TestMethod codeBase="D:\actions-runner\_work\XPCO\XPCO\EventServer\Server\Components\Central\Server\unittest\bin\x64\Debug\VideoOS.Event.Server.UnitTest.dll" adapterTypeName="executor://mstestadapter/v2" className="VideoOS.Event.Server.MIP.PlugIn.UnitTest.MapPlugInManagerTest" name="TestGetPlugInItemChangesWithNewerDeletedTimestamp" />
    </UnitTest>
    <UnitTest name="TestLoadAndInitSingleACSystemConfiguration" storage="d:\actions-runner\_work\xpco\xpco\eventserver\server\components\central\server\unittest\bin\x64\debug\videoos.event.server.unittest.dll" id="6e1def5b-2f08-1a99-fdf0-0847a888dfa8">
      <Execution id="2bb5e125-7e05-4255-939b-b117cdb923a6" />
      <TestMethod codeBase="D:\actions-runner\_work\XPCO\XPCO\EventServer\Server\Components\Central\Server\unittest\bin\x64\Debug\VideoOS.Event.Server.UnitTest.dll" adapterTypeName="executor://mstestadapter/v2" className="VideoOS.Event.Server.UnitTest.AccessControl.AccessControlManagerTest" name="TestLoadAndInitSingleACSystemConfiguration" />
    </UnitTest>
    <UnitTest name="TestGetVisualization" storage="d:\actions-runner\_work\xpco\xpco\eventserver\server\components\central\server\unittest\bin\x64\debug\videoos.event.server.unittest.dll" id="8536e151-edc3-ab1b-23e8-57399f33348f">
      <Execution id="2a5ffaa2-994c-4a4d-9ca0-9a9f94cdde42" />
      <TestMethod codeBase="D:\actions-runner\_work\XPCO\XPCO\EventServer\Server\Components\Central\Server\unittest\bin\x64\Debug\VideoOS.Event.Server.UnitTest.dll" adapterTypeName="executor://mstestadapter/v2" className="VideoOS.Event.Server.WebService.Status.UnitTest.StatusCommandCredentialsTest" name="TestGetVisualization" />
    </UnitTest>
    <UnitTest name="TestGetPlugInsWithValidParameters" storage="d:\actions-runner\_work\xpco\xpco\eventserver\server\components\central\server\unittest\bin\x64\debug\videoos.event.server.unittest.dll" id="610f9de5-1a8b-0485-3547-74b0599f2c6c">
      <TestCategory>
        <TestCategoryItem TestCategory="WebService/Map" />
      </TestCategory>
      <Execution id="fd78d5d8-a835-4a5c-afa8-cde03b4bcc72" />
      <TestMethod codeBase="D:\actions-runner\_work\XPCO\XPCO\EventServer\Server\Components\Central\Server\unittest\bin\x64\Debug\VideoOS.Event.Server.UnitTest.dll" adapterTypeName="executor://mstestadapter/v2" className="VideoOS.Event.Server.WebService.Map.UnitTest.MapCommandCredentialsTest" name="TestGetPlugInsWithValidParameters" />
    </UnitTest>
    <UnitTest name="TestGetVisualElementChangesWithPositiveTimeout" storage="d:\actions-runner\_work\xpco\xpco\eventserver\server\components\central\server\unittest\bin\x64\debug\videoos.event.server.unittest.dll" id="d081cb70-5069-1fa2-b65b-e11f6ed53103">
      <Execution id="48b460c3-f269-4dbe-930d-f336b0556c36" />
      <TestMethod codeBase="D:\actions-runner\_work\XPCO\XPCO\EventServer\Server\Components\Central\Server\unittest\bin\x64\Debug\VideoOS.Event.Server.UnitTest.dll" adapterTypeName="executor://mstestadapter/v2" className="VideoOS.Event.Server.WebService.Status.UnitTest.StatusCommandToken2Test" name="TestGetVisualElementChangesWithPositiveTimeout" />
    </UnitTest>
    <UnitTest name="TestIconWithNullIconData" storage="d:\actions-runner\_work\xpco\xpco\eventserver\server\components\central\server\unittest\bin\x64\debug\videoos.event.server.unittest.dll" id="c1700cc0-d9ff-860f-9ee2-4bddd688914a">
      <Execution id="3b6bb947-8610-4ddc-a44a-ebbd1945304f" />
      <TestMethod codeBase="D:\actions-runner\_work\XPCO\XPCO\EventServer\Server\Components\Central\Server\unittest\bin\x64\Debug\VideoOS.Event.Server.UnitTest.dll" adapterTypeName="executor://mstestadapter/v2" className="VideoOS.Event.Server.MIP.PlugIn.UnitTest.MapPlugInEventHandlerTest" name="TestIconWithNullIconData" />
    </UnitTest>
    <UnitTest name="TestConstructor" storage="d:\actions-runner\_work\xpco\xpco\eventserver\server\components\central\server\unittest\bin\x64\debug\videoos.event.server.unittest.dll" id="b94641e4-ee46-3d33-d427-e9153ae3739f">
      <Execution id="0348cd6d-b317-43d4-9f37-fe3146d03182" />
      <TestMethod codeBase="D:\actions-runner\_work\XPCO\XPCO\EventServer\Server\Components\Central\Server\unittest\bin\x64\Debug\VideoOS.Event.Server.UnitTest.dll" adapterTypeName="executor://mstestadapter/v2" className="VideoOS.Event.Server.Map.Data.UnitTest.StatusElementMapPlugInTest" name="TestConstructor" />
    </UnitTest>
    <UnitTest name="UpdateBounds_WithValidParameters" storage="d:\actions-runner\_work\xpco\xpco\eventserver\server\components\central\server\unittest\bin\x64\debug\videoos.event.server.unittest.dll" id="ed24a0ae-0c10-dd44-6e9d-7b367e82eda5">
      <TestCategory>
        <TestCategoryItem TestCategory="WebService/Map" />
      </TestCategory>
      <Execution id="98122bd2-e640-4f91-8df8-56269299d369" />
      <TestMethod codeBase="D:\actions-runner\_work\XPCO\XPCO\EventServer\Server\Components\Central\Server\unittest\bin\x64\Debug\VideoOS.Event.Server.UnitTest.dll" adapterTypeName="executor://mstestadapter/v2" className="VideoOS.Event.Server.WebService.Map.UnitTest.MapCommandToken2Test" name="UpdateBounds_WithValidParameters" />
    </UnitTest>
    <UnitTest name="TestItemsWithItemIdsMixed" storage="d:\actions-runner\_work\xpco\xpco\eventserver\server\components\central\server\unittest\bin\x64\debug\videoos.event.server.unittest.dll" id="c77b71b2-995b-c5bf-2b47-cce0693c6383">
      <Execution id="569a5541-f5f3-4872-99b4-a3e5f8ec65ad" />
      <TestMethod codeBase="D:\actions-runner\_work\XPCO\XPCO\EventServer\Server\Components\Central\Server\unittest\bin\x64\Debug\VideoOS.Event.Server.UnitTest.dll" adapterTypeName="executor://mstestadapter/v2" className="VideoOS.Event.Server.MIP.PlugIn.UnitTest.MapPlugInTypeEventHandlerTest" name="TestItemsWithItemIdsMixed" />
    </UnitTest>
    <UnitTest name="TestUpdateElementDisplayXmlWithAMarkedForDeletionElement" storage="d:\actions-runner\_work\xpco\xpco\eventserver\server\components\central\server\unittest\bin\x64\debug\videoos.event.server.unittest.dll" id="1fd2b6be-bcbc-4280-f0ae-7029582ffa98">
      <Execution id="f136f609-213f-42a4-9cb0-084d6be05469" />
      <TestMethod codeBase="D:\actions-runner\_work\XPCO\XPCO\EventServer\Server\Components\Central\Server\unittest\bin\x64\Debug\VideoOS.Event.Server.UnitTest.dll" adapterTypeName="executor://mstestadapter/v2" className="VideoOS.Event.Server.Map.UnitTest.VisualElementManagerTest" name="TestUpdateElementDisplayXmlWithAMarkedForDeletionElement" />
    </UnitTest>
    <UnitTest name="TestUpdateDisplayXMLWithValidParameters" storage="d:\actions-runner\_work\xpco\xpco\eventserver\server\components\central\server\unittest\bin\x64\debug\videoos.event.server.unittest.dll" id="5c7bdf78-5cd8-45cf-f70d-8d215a9dcd99">
      <TestCategory>
        <TestCategoryItem TestCategory="WebService/Map" />
      </TestCategory>
      <Execution id="21c1c22f-7fef-4b28-922f-10bbdd756915" />
      <TestMethod codeBase="D:\actions-runner\_work\XPCO\XPCO\EventServer\Server\Components\Central\Server\unittest\bin\x64\Debug\VideoOS.Event.Server.UnitTest.dll" adapterTypeName="executor://mstestadapter/v2" className="VideoOS.Event.Server.WebService.Map.UnitTest.MapCommandCredentialsTest" name="TestUpdateDisplayXMLWithValidParameters" />
    </UnitTest>
    <UnitTest name="TestConstructorWithVisualElementStorageDatabaseFactoryObjectsAndVisualElementWithObjects" storage="d:\actions-runner\_work\xpco\xpco\eventserver\server\components\central\server\unittest\bin\x64\debug\videoos.event.server.unittest.dll" id="ac8b403c-ad95-1397-486c-57c0f405c26a">
      <Execution id="614921ed-f3ed-4670-bfd6-627dcf7652eb" />
      <TestMethod codeBase="D:\actions-runner\_work\XPCO\XPCO\EventServer\Server\Components\Central\Server\unittest\bin\x64\Debug\VideoOS.Event.Server.UnitTest.dll" adapterTypeName="executor://mstestadapter/v2" className="VideoOS.Event.Server.Map.Data.UnitTest.VisualElementStorageTest" name="TestConstructorWithVisualElementStorageDatabaseFactoryObjectsAndVisualElementWithObjects" />
    </UnitTest>
    <UnitTest name="TestOneACSystemPLUnsupportedOneACSystemPLEnabled" storage="d:\actions-runner\_work\xpco\xpco\eventserver\server\components\central\server\unittest\bin\x64\debug\videoos.event.server.unittest.dll" id="b8026746-1698-2927-a5ef-40dfdc79616a">
      <TestCategory>
        <TestCategoryItem TestCategory="AccessControlUserIdTransformer" />
      </TestCategory>
      <Execution id="bb06e7dd-f476-427f-a3ee-45957d244bfd" />
      <TestMethod codeBase="D:\actions-runner\_work\XPCO\XPCO\EventServer\Server\Components\Central\Server\unittest\bin\x64\Debug\VideoOS.Event.Server.UnitTest.dll" adapterTypeName="executor://mstestadapter/v2" className="VideoOS.Event.Server.UnitTest.Session.AccessControlUserIdTransformerTest" name="TestOneACSystemPLUnsupportedOneACSystemPLEnabled" />
    </UnitTest>
    <UnitTest name="TestUpdateElementWithNewUsedRelationId" storage="d:\actions-runner\_work\xpco\xpco\eventserver\server\components\central\server\unittest\bin\x64\debug\videoos.event.server.unittest.dll" id="7013a8cd-cd7b-db72-4c24-b5d43140d3c5">
      <Execution id="ab5d0310-d160-4e9d-9ca1-0ca192f96d37" />
      <TestMethod codeBase="D:\actions-runner\_work\XPCO\XPCO\EventServer\Server\Components\Central\Server\unittest\bin\x64\Debug\VideoOS.Event.Server.UnitTest.dll" adapterTypeName="executor://mstestadapter/v2" className="VideoOS.Event.Server.Map.UnitTest.VisualElementManagerTest" name="TestUpdateElementWithNewUsedRelationId" />
    </UnitTest>
    <UnitTest name="TestSaveConfigurationWithMultipleElements" storage="d:\actions-runner\_work\xpco\xpco\eventserver\server\components\central\server\unittest\bin\x64\debug\videoos.event.server.unittest.dll" id="26a34bf0-9be6-d865-071a-28334a9bd104">
      <Execution id="a6a09955-1b4f-40f4-a190-f4d83feea8e3" />
      <TestMethod codeBase="D:\actions-runner\_work\XPCO\XPCO\EventServer\Server\Components\Central\Server\unittest\bin\x64\Debug\VideoOS.Event.Server.UnitTest.dll" adapterTypeName="executor://mstestadapter/v2" className="VideoOS.Event.Server.Map.UnitTest.VisualElementStorageDatabaseTest" name="TestSaveConfigurationWithMultipleElements" />
    </UnitTest>
    <UnitTest name="GetAllObjectsOfType_FromRoot" storage="d:\actions-runner\_work\xpco\xpco\eventserver\server\components\central\server\unittest\bin\x64\debug\videoos.event.server.unittest.dll" id="402c8357-a508-a28e-f400-8cfa63df3da3">
      <TestCategory>
        <TestCategoryItem TestCategory="WebService/Map" />
      </TestCategory>
      <Execution id="45c5a00a-e406-4184-a40f-f5b653a73037" />
      <TestMethod codeBase="D:\actions-runner\_work\XPCO\XPCO\EventServer\Server\Components\Central\Server\unittest\bin\x64\Debug\VideoOS.Event.Server.UnitTest.dll" adapterTypeName="executor://mstestadapter/v2" className="VideoOS.Event.Server.WebService.Map.UnitTest.MapCommandTokenTest" name="GetAllObjectsOfType_FromRoot" />
    </UnitTest>
    <UnitTest name="TestAttachSnapshotException" storage="d:\actions-runner\_work\xpco\xpco\eventserver\server\components\central\server\unittest\bin\x64\debug\videoos.event.server.unittest.dll" id="c094ea59-7ebf-de56-c011-d420ffa08fd4">
      <Execution id="fdfcef5d-c471-404c-b05e-8b7d4ae8e432" />
      <TestMethod codeBase="D:\actions-runner\_work\XPCO\XPCO\EventServer\Server\Components\Central\Server\unittest\bin\x64\Debug\VideoOS.Event.Server.UnitTest.dll" adapterTypeName="executor://mstestadapter/v2" className="VideoOS.Event.Server.WebService.Alarm.UnitTest.AlarmCommandTokenTest" name="TestAttachSnapshotException" />
    </UnitTest>
    <UnitTest name="TestGetAllObjectsOfTypeThrowingUnhandledException" storage="d:\actions-runner\_work\xpco\xpco\eventserver\server\components\central\server\unittest\bin\x64\debug\videoos.event.server.unittest.dll" id="3ce60d24-6b9e-ad13-e847-b9237bca7759">
      <TestCategory>
        <TestCategoryItem TestCategory="WebService/Map" />
      </TestCategory>
      <Execution id="ac4bd3bd-064e-421d-b13f-bf2c3c3483aa" />
      <TestMethod codeBase="D:\actions-runner\_work\XPCO\XPCO\EventServer\Server\Components\Central\Server\unittest\bin\x64\Debug\VideoOS.Event.Server.UnitTest.dll" adapterTypeName="executor://mstestadapter/v2" className="VideoOS.Event.Server.WebService.Map.UnitTest.MapCommandTokenTest" name="TestGetAllObjectsOfTypeThrowingUnhandledException" />
    </UnitTest>
    <UnitTest name="TestServiceInfoExists" storage="d:\actions-runner\_work\xpco\xpco\eventserver\server\components\central\server\unittest\bin\x64\debug\videoos.event.server.unittest.dll" id="e723873f-ed52-5989-552e-87e4aa20036a">
      <Execution id="f319b32d-8a99-4d15-9594-c33ed8df453c" />
      <TestMethod codeBase="D:\actions-runner\_work\XPCO\XPCO\EventServer\Server\Components\Central\Server\unittest\bin\x64\Debug\VideoOS.Event.Server.UnitTest.dll" adapterTypeName="executor://mstestadapter/v2" className="VideoOS.Event.Server.Communication.UnitTest.ServerRegisteredServicesTest" name="TestServiceInfoExists" />
    </UnitTest>
    <UnitTest name="FeatureManager_NullSqlConnectionStorage_Throws_ArgumentNullException" storage="d:\actions-runner\_work\xpco\xpco\eventserver\server\components\central\server\unittest\bin\x64\debug\videoos.event.server.unittest.dll" id="9110ac03-e549-509b-3bb4-cd591764d1a4">
      <Execution id="107e1b35-991a-4cf0-92f8-37665cd8b6ad" />
      <TestMethod codeBase="D:\actions-runner\_work\XPCO\XPCO\EventServer\Server\Components\Central\Server\unittest\bin\x64\Debug\VideoOS.Event.Server.UnitTest.dll" adapterTypeName="executor://mstestadapter/v2" className="VideoOS.Central.Server.Communication.UnitTest.FeatureFetcherTest" name="FeatureManager_NullSqlConnectionStorage_Throws_ArgumentNullException" />
    </UnitTest>
    <UnitTest name="TestUpdateObjectsWithServerIDInVisualOwnerID" storage="d:\actions-runner\_work\xpco\xpco\eventserver\server\components\central\server\unittest\bin\x64\debug\videoos.event.server.unittest.dll" id="33e5b36f-9681-2521-0d54-c62aebce6bce">
      <TestCategory>
        <TestCategoryItem TestCategory="WebService/Map" />
      </TestCategory>
      <Execution id="717f6918-60bc-4e49-bf89-0b25eaf19a7e" />
      <TestMethod codeBase="D:\actions-runner\_work\XPCO\XPCO\EventServer\Server\Components\Central\Server\unittest\bin\x64\Debug\VideoOS.Event.Server.UnitTest.dll" adapterTypeName="executor://mstestadapter/v2" className="VideoOS.Event.Server.WebService.Map.UnitTest.MapCommandTokenTest" name="TestUpdateObjectsWithServerIDInVisualOwnerID" />
    </UnitTest>
    <UnitTest name="LookupGroupId_ShouldReturnDeviceEventGroup_WhenEventIsDeviceEvent" storage="d:\actions-runner\_work\xpco\xpco\eventserver\server\components\central\server\unittest\bin\x64\debug\videoos.event.server.unittest.dll" id="279abe63-320e-13e4-a8e2-c9909fd8742b">
      <Execution id="0c109765-669c-4787-970c-bebde15fff0f" />
      <TestMethod codeBase="D:\actions-runner\_work\XPCO\XPCO\EventServer\Server\Components\Central\Server\unittest\bin\x64\Debug\VideoOS.Event.Server.UnitTest.dll" adapterTypeName="executor://mstestadapter/v2" className="VideoOS.Event.Server.UnitTest.Alarm.ConfigFilterManagerTests" name="LookupGroupId_ShouldReturnDeviceEventGroup_WhenEventIsDeviceEvent" />
    </UnitTest>
    <UnitTest name="CleanupThread_ChecksIfStatusItemHasBeenCleared" storage="d:\actions-runner\_work\xpco\xpco\eventserver\server\components\central\server\unittest\bin\x64\debug\videoos.event.server.unittest.dll" id="d5fe72e7-e784-de85-7327-74e3ed545624">
      <TestCategory>
        <TestCategoryItem TestCategory="CI" />
      </TestCategory>
      <Execution id="08f771b4-392f-461a-ac01-a9f1d5a3a234" />
      <TestMethod codeBase="D:\actions-runner\_work\XPCO\XPCO\EventServer\Server\Components\Central\Server\unittest\bin\x64\Debug\VideoOS.Event.Server.UnitTest.dll" adapterTypeName="executor://mstestadapter/v2" className="VideoOS.EventServer.Disable.UnitTest.DisableManagerTest" name="CleanupThread_ChecksIfStatusItemHasBeenCleared" />
    </UnitTest>
    <UnitTest name="TestConstructorWithNullValues" storage="d:\actions-runner\_work\xpco\xpco\eventserver\server\components\central\server\unittest\bin\x64\debug\videoos.event.server.unittest.dll" id="abccf166-3a64-1c0d-ff8f-b1706f07f3cf">
      <TestCategory>
        <TestCategoryItem TestCategory="MapPlugInInternalItem" />
      </TestCategory>
      <Execution id="e0f62e42-af9d-45ef-ae6e-3e15a9c12402" />
      <TestMethod codeBase="D:\actions-runner\_work\XPCO\XPCO\EventServer\Server\Components\Central\Server\unittest\bin\x64\Debug\VideoOS.Event.Server.UnitTest.dll" adapterTypeName="executor://mstestadapter/v2" className="VideoOS.Event.Server.MIP.PlugIn.UnitTest.MapPlugInInternalItemTest" name="TestConstructorWithNullValues" />
    </UnitTest>
    <UnitTest name="GetAllObjectsOnVisualElement_WithValidParameters" storage="d:\actions-runner\_work\xpco\xpco\eventserver\server\components\central\server\unittest\bin\x64\debug\videoos.event.server.unittest.dll" id="4228247f-6a8d-38cc-9a22-d89e1da014a8">
      <TestCategory>
        <TestCategoryItem TestCategory="WebService/Map" />
      </TestCategory>
      <Execution id="080ef961-686e-4b00-9b61-18ae919b5df8" />
      <TestMethod codeBase="D:\actions-runner\_work\XPCO\XPCO\EventServer\Server\Components\Central\Server\unittest\bin\x64\Debug\VideoOS.Event.Server.UnitTest.dll" adapterTypeName="executor://mstestadapter/v2" className="VideoOS.Event.Server.WebService.Map.UnitTest.MapCommandToken2Test" name="GetAllObjectsOnVisualElement_WithValidParameters" />
    </UnitTest>
    <UnitTest name="TestActivateAction" storage="d:\actions-runner\_work\xpco\xpco\eventserver\server\components\central\server\unittest\bin\x64\debug\videoos.event.server.unittest.dll" id="a16fac14-2952-59c2-f9cb-93ac47ea55ca">
      <TestCategory>
        <TestCategoryItem TestCategory="MapPlugInManagerTest" />
      </TestCategory>
      <Execution id="5aacfa9f-22f2-4df7-8318-7ce670f98f30" />
      <TestMethod codeBase="D:\actions-runner\_work\XPCO\XPCO\EventServer\Server\Components\Central\Server\unittest\bin\x64\Debug\VideoOS.Event.Server.UnitTest.dll" adapterTypeName="executor://mstestadapter/v2" className="VideoOS.Event.Server.MIP.PlugIn.UnitTest.MapPlugInManagerTest" name="TestActivateAction" />
    </UnitTest>
    <UnitTest name="TestLoadXMLWithNoName" storage="d:\actions-runner\_work\xpco\xpco\eventserver\server\components\central\server\unittest\bin\x64\debug\videoos.event.server.unittest.dll" id="c00ddb48-ce5a-3261-6ffe-29ad17eb5019">
      <Execution id="d9841dcb-22e2-4c6f-8e37-7755c22b9cb3" />
      <TestMethod codeBase="D:\actions-runner\_work\XPCO\XPCO\EventServer\Server\Components\Central\Server\unittest\bin\x64\Debug\VideoOS.Event.Server.UnitTest.dll" adapterTypeName="executor://mstestadapter/v2" className="VideoOS.Event.Server.Map.Data.UnitTest.AccessListStorageTest" name="TestLoadXMLWithNoName" />
    </UnitTest>
    <UnitTest name="TestConstructorWithDifferentConfigHost" storage="d:\actions-runner\_work\xpco\xpco\eventserver\server\components\central\server\unittest\bin\x64\debug\videoos.event.server.unittest.dll" id="af9c99ee-b8a6-0e24-b2bf-4eac5291d249">
      <TestCategory>
        <TestCategoryItem TestCategory="PermissionManagerFetcher" />
      </TestCategory>
      <Execution id="0b0fe989-6e75-4fff-9757-c9643b7ad0f5" />
      <TestMethod codeBase="D:\actions-runner\_work\XPCO\XPCO\EventServer\Server\Components\Central\Server\unittest\bin\x64\Debug\VideoOS.Event.Server.UnitTest.dll" adapterTypeName="executor://mstestadapter/v2" className="VideoOS.Event.Server.UnitTest.Security.AuthorizationFetcher.AccessControlItemAuthorizationFetcherTest" name="TestConstructorWithDifferentConfigHost" />
    </UnitTest>
    <UnitTest name="TestActionCommandCredentialsExecuteActionInvalidUser" storage="d:\actions-runner\_work\xpco\xpco\eventserver\server\components\central\server\unittest\bin\x64\debug\videoos.event.server.unittest.dll" id="bd149988-e15e-1a6b-1d23-1105951e6d27">
      <Execution id="e9f48ea2-e15c-42e5-a444-b521e13a89ac" />
      <TestMethod codeBase="D:\actions-runner\_work\XPCO\XPCO\EventServer\Server\Components\Central\Server\unittest\bin\x64\Debug\VideoOS.Event.Server.UnitTest.dll" adapterTypeName="executor://mstestadapter/v2" className="VideoOS.Event.Server.UnitTest.WebService.Action.ActionCommandCredentialsTest" name="TestActionCommandCredentialsExecuteActionInvalidUser" />
    </UnitTest>
    <UnitTest name="TestUpdateState" storage="d:\actions-runner\_work\xpco\xpco\eventserver\server\components\central\server\unittest\bin\x64\debug\videoos.event.server.unittest.dll" id="7841167c-41fd-cdfa-d05d-fd33c674c56e">
      <Execution id="8526eef9-5d10-452b-bff9-6e5825604a45" />
      <TestMethod codeBase="D:\actions-runner\_work\XPCO\XPCO\EventServer\Server\Components\Central\Server\unittest\bin\x64\Debug\VideoOS.Event.Server.UnitTest.dll" adapterTypeName="executor://mstestadapter/v2" className="VideoOS.Event.Server.Map.Data.UnitTest.StatusElementTest" name="TestUpdateState" />
    </UnitTest>
    <UnitTest name="TestCheckAuthorizationWithMultiplePlugins" storage="d:\actions-runner\_work\xpco\xpco\eventserver\server\components\central\server\unittest\bin\x64\debug\videoos.event.server.unittest.dll" id="f11a792a-5399-45fe-b006-95fa11819160">
      <TestCategory>
        <TestCategoryItem TestCategory="ActionAuthorizationCache" />
      </TestCategory>
      <Execution id="7b1e68a4-f09e-4855-80e3-3c3c4f3ac015" />
      <TestMethod codeBase="D:\actions-runner\_work\XPCO\XPCO\EventServer\Server\Components\Central\Server\unittest\bin\x64\Debug\VideoOS.Event.Server.UnitTest.dll" adapterTypeName="executor://mstestadapter/v2" className="VideoOS.Event.Server.UnitTest.Security.ActionAuthorizationCacheTest" name="TestCheckAuthorizationWithMultiplePlugins" />
    </UnitTest>
    <UnitTest name="TestAccessRequestActionHandlerConstruction" storage="d:\actions-runner\_work\xpco\xpco\eventserver\server\components\central\server\unittest\bin\x64\debug\videoos.event.server.unittest.dll" id="4176d264-09e0-b06d-c159-5226ace99675">
      <Execution id="fda69517-e3d7-4568-97fb-cb525aafe7a8" />
      <TestMethod codeBase="D:\actions-runner\_work\XPCO\XPCO\EventServer\Server\Components\Central\Server\unittest\bin\x64\Debug\VideoOS.Event.Server.UnitTest.dll" adapterTypeName="executor://mstestadapter/v2" className="VideoOS.Event.Server.UnitTest.XPCORuleSystem.MipActionHandlerTest" name="TestAccessRequestActionHandlerConstruction" />
    </UnitTest>
    <UnitTest name="Logout_WithValidParameters" storage="d:\actions-runner\_work\xpco\xpco\eventserver\server\components\central\server\unittest\bin\x64\debug\videoos.event.server.unittest.dll" id="03e3b455-6ea4-6a87-66b3-e22c2830555a">
      <TestCategory>
        <TestCategoryItem TestCategory="WebService/Map" />
      </TestCategory>
      <Execution id="58157b4a-37a0-4e5a-9d28-79fe37bc4204" />
      <TestMethod codeBase="D:\actions-runner\_work\XPCO\XPCO\EventServer\Server\Components\Central\Server\unittest\bin\x64\Debug\VideoOS.Event.Server.UnitTest.dll" adapterTypeName="executor://mstestadapter/v2" className="VideoOS.Event.Server.WebService.Map.UnitTest.MapCommandTokenTest" name="Logout_WithValidParameters" />
    </UnitTest>
    <UnitTest name="LookupGroupId_ShouldReturnUnknownEventGroup_WhenEventIsUnknown" storage="d:\actions-runner\_work\xpco\xpco\eventserver\server\components\central\server\unittest\bin\x64\debug\videoos.event.server.unittest.dll" id="475df9a0-d2db-c383-720b-f7b47342c040">
      <Execution id="2e3cdd57-4d31-4079-a2e1-69c577696500" />
      <TestMethod codeBase="D:\actions-runner\_work\XPCO\XPCO\EventServer\Server\Components\Central\Server\unittest\bin\x64\Debug\VideoOS.Event.Server.UnitTest.dll" adapterTypeName="executor://mstestadapter/v2" className="VideoOS.Event.Server.UnitTest.Alarm.ConfigFilterManagerTests" name="LookupGroupId_ShouldReturnUnknownEventGroup_WhenEventIsUnknown" />
    </UnitTest>
    <UnitTest name="SubscribeEventReceiver_ReturnsFalse_WhenAlreadySubscribed" storage="d:\actions-runner\_work\xpco\xpco\eventserver\server\components\central\server\unittest\bin\x64\debug\videoos.event.server.unittest.dll" id="2a1b009e-790a-319b-c2a4-a057d3028269">
      <Execution id="412da784-2eef-49e9-b8c9-62bf87837289" />
      <TestMethod codeBase="D:\actions-runner\_work\XPCO\XPCO\EventServer\Server\Components\Central\Server\unittest\bin\x64\Debug\VideoOS.Event.Server.UnitTest.dll" adapterTypeName="executor://mstestadapter/v2" className="VideoOS.Event.Server.UnitTest.Event.EventPusherTest" name="SubscribeEventReceiver_ReturnsFalse_WhenAlreadySubscribed" />
    </UnitTest>
    <UnitTest name="TestUpdateObjectsNotAuthenticated" storage="d:\actions-runner\_work\xpco\xpco\eventserver\server\components\central\server\unittest\bin\x64\debug\videoos.event.server.unittest.dll" id="60ae2c82-754e-d1b2-c791-7f892d05deb5">
      <TestCategory>
        <TestCategoryItem TestCategory="WebService/Map" />
      </TestCategory>
      <Execution id="4b8b3b20-d67c-4f73-86f1-62ae645688f0" />
      <TestMethod codeBase="D:\actions-runner\_work\XPCO\XPCO\EventServer\Server\Components\Central\Server\unittest\bin\x64\Debug\VideoOS.Event.Server.UnitTest.dll" adapterTypeName="executor://mstestadapter/v2" className="VideoOS.Event.Server.WebService.Map.UnitTest.MapCommandCredentialsTest" name="TestUpdateObjectsNotAuthenticated" />
    </UnitTest>
    <UnitTest name="TestUpdateElementWithValidIdAndNullVisualOwnerId" storage="d:\actions-runner\_work\xpco\xpco\eventserver\server\components\central\server\unittest\bin\x64\debug\videoos.event.server.unittest.dll" id="112a36d7-dc83-2422-8216-78a3ebc7ca6a">
      <Execution id="a6e0f8e3-783d-4fa0-9aa6-607322d2918d" />
      <TestMethod codeBase="D:\actions-runner\_work\XPCO\XPCO\EventServer\Server\Components\Central\Server\unittest\bin\x64\Debug\VideoOS.Event.Server.UnitTest.dll" adapterTypeName="executor://mstestadapter/v2" className="VideoOS.Event.Server.Map.UnitTest.VisualElementManagerTest" name="TestUpdateElementWithValidIdAndNullVisualOwnerId" />
    </UnitTest>
    <UnitTest name="TestGetPlugInItemChangesWithNegativeTimeout" storage="d:\actions-runner\_work\xpco\xpco\eventserver\server\components\central\server\unittest\bin\x64\debug\videoos.event.server.unittest.dll" id="8a7e2926-6682-8f43-3bdc-6c7efd7a8faf">
      <TestCategory>
        <TestCategoryItem TestCategory="WebService/Map" />
      </TestCategory>
      <Execution id="4831f0f8-f6cb-4c48-a822-1fb961fd97e5" />
      <TestMethod codeBase="D:\actions-runner\_work\XPCO\XPCO\EventServer\Server\Components\Central\Server\unittest\bin\x64\Debug\VideoOS.Event.Server.UnitTest.dll" adapterTypeName="executor://mstestadapter/v2" className="VideoOS.Event.Server.WebService.Map.UnitTest.MapCommandCredentialsTest" name="TestGetPlugInItemChangesWithNegativeTimeout" />
    </UnitTest>
    <UnitTest name="TestGetHostId_InvalidAddress" storage="d:\actions-runner\_work\xpco\xpco\eventserver\server\components\central\server\unittest\bin\x64\debug\videoos.event.server.unittest.dll" id="f2bc5b69-4ed9-9b03-51e0-df93752a977d">
      <Execution id="72145f54-99c2-4e2c-b05d-49234b2cfe19" />
      <TestMethod codeBase="D:\actions-runner\_work\XPCO\XPCO\EventServer\Server\Components\Central\Server\unittest\bin\x64\Debug\VideoOS.Event.Server.UnitTest.dll" adapterTypeName="executor://mstestadapter/v2" className="VideoOS.Analytics.Events.UnitTest.Server.DeviceManager.TestHostResolver" name="TestGetHostId_InvalidAddress" />
    </UnitTest>
    <UnitTest name="TestConstructor" storage="d:\actions-runner\_work\xpco\xpco\eventserver\server\components\central\server\unittest\bin\x64\debug\videoos.event.server.unittest.dll" id="291db4d4-dfa4-9d8d-9f32-de6c3c2fe81e">
      <TestCategory>
        <TestCategoryItem TestCategory="MapPlugInInternalItem" />
      </TestCategory>
      <Execution id="21484998-772b-459f-a613-f21f2119036c" />
      <TestMethod codeBase="D:\actions-runner\_work\XPCO\XPCO\EventServer\Server\Components\Central\Server\unittest\bin\x64\Debug\VideoOS.Event.Server.UnitTest.dll" adapterTypeName="executor://mstestadapter/v2" className="VideoOS.Event.Server.MIP.PlugIn.UnitTest.MapPlugInInternalItemTest" name="TestConstructor" />
    </UnitTest>
    <UnitTest name="TestRemoveElementWithOldTimestamp" storage="d:\actions-runner\_work\xpco\xpco\eventserver\server\components\central\server\unittest\bin\x64\debug\videoos.event.server.unittest.dll" id="002617bd-a67a-7b4b-5bc6-130c54767026">
      <Execution id="b7993ad8-d6b3-4e29-93d7-e761dd658052" />
      <TestMethod codeBase="D:\actions-runner\_work\XPCO\XPCO\EventServer\Server\Components\Central\Server\unittest\bin\x64\Debug\VideoOS.Event.Server.UnitTest.dll" adapterTypeName="executor://mstestadapter/v2" className="VideoOS.Event.Server.Map.UnitTest.VisualElementManagerTest" name="TestRemoveElementWithOldTimestamp" />
    </UnitTest>
    <UnitTest name="TestGetVisualElementChangesWithSubElements" storage="d:\actions-runner\_work\xpco\xpco\eventserver\server\components\central\server\unittest\bin\x64\debug\videoos.event.server.unittest.dll" id="ccb9bfbc-3d59-3184-7e4f-081f9ce17556">
      <Execution id="68883db0-5632-43ce-889d-75e235a28244" />
      <TestMethod codeBase="D:\actions-runner\_work\XPCO\XPCO\EventServer\Server\Components\Central\Server\unittest\bin\x64\Debug\VideoOS.Event.Server.UnitTest.dll" adapterTypeName="executor://mstestadapter/v2" className="VideoOS.Event.Server.Map.UnitTest.VisualElementManagerTest" name="TestGetVisualElementChangesWithSubElements" />
    </UnitTest>
    <UnitTest name="TestGetStatusForAllObjectsOfTypeRootAnd2Levels" storage="d:\actions-runner\_work\xpco\xpco\eventserver\server\components\central\server\unittest\bin\x64\debug\videoos.event.server.unittest.dll" id="06eaecc5-a61e-588c-3698-90b28ebd700e">
      <Execution id="07e3f1f1-0bb0-4bb0-b86b-3e60a8f2a041" />
      <TestMethod codeBase="D:\actions-runner\_work\XPCO\XPCO\EventServer\Server\Components\Central\Server\unittest\bin\x64\Debug\VideoOS.Event.Server.UnitTest.dll" adapterTypeName="executor://mstestadapter/v2" className="VideoOS.Event.Server.Map.UnitTest.VisualElementStatusCalculatorTest" name="TestGetStatusForAllObjectsOfTypeRootAnd2Levels" />
    </UnitTest>
    <UnitTest name="GetObjectsWithinGPSArea_FilteringAllDifferentServerRelations" storage="d:\actions-runner\_work\xpco\xpco\eventserver\server\components\central\server\unittest\bin\x64\debug\videoos.event.server.unittest.dll" id="85031ff5-98e8-19d0-56e2-c823ef4db0bd">
      <TestCategory>
        <TestCategoryItem TestCategory="WebService/Map" />
      </TestCategory>
      <Execution id="b0b4967d-4e65-45bd-8f7d-c3d105db5028" />
      <TestMethod codeBase="D:\actions-runner\_work\XPCO\XPCO\EventServer\Server\Components\Central\Server\unittest\bin\x64\Debug\VideoOS.Event.Server.UnitTest.dll" adapterTypeName="executor://mstestadapter/v2" className="VideoOS.Event.Server.WebService.Map.UnitTest.MapCommandTokenTest" name="GetObjectsWithinGPSArea_FilteringAllDifferentServerRelations" />
    </UnitTest>
    <UnitTest name="TestGetStatusDetailThrowingUnhandledException" storage="d:\actions-runner\_work\xpco\xpco\eventserver\server\components\central\server\unittest\bin\x64\debug\videoos.event.server.unittest.dll" id="a12f3afc-4dde-52fd-5e8c-5f5aa241141f">
      <Execution id="3f73c878-d4b4-4004-99bc-bd11303c8246" />
      <TestMethod codeBase="D:\actions-runner\_work\XPCO\XPCO\EventServer\Server\Components\Central\Server\unittest\bin\x64\Debug\VideoOS.Event.Server.UnitTest.dll" adapterTypeName="executor://mstestadapter/v2" className="VideoOS.Event.Server.WebService.Status.UnitTest.StatusCommandCredentialsTest" name="TestGetStatusDetailThrowingUnhandledException" />
    </UnitTest>
    <UnitTest name="TestUpdateObjectThrowingUnhandledException" storage="d:\actions-runner\_work\xpco\xpco\eventserver\server\components\central\server\unittest\bin\x64\debug\videoos.event.server.unittest.dll" id="0a16f143-4e6b-d096-b579-37174a4e4dd1">
      <TestCategory>
        <TestCategoryItem TestCategory="WebService/Map" />
      </TestCategory>
      <Execution id="23213f70-1496-4159-ad3a-217b8a5664e3" />
      <TestMethod codeBase="D:\actions-runner\_work\XPCO\XPCO\EventServer\Server\Components\Central\Server\unittest\bin\x64\Debug\VideoOS.Event.Server.UnitTest.dll" adapterTypeName="executor://mstestadapter/v2" className="VideoOS.Event.Server.WebService.Map.UnitTest.MapCommandToken2Test" name="TestUpdateObjectThrowingUnhandledException" />
    </UnitTest>
    <UnitTest name="FetchCache_ShouldAddUserToTheCache_IfUserIsWindowsUser" storage="d:\actions-runner\_work\xpco\xpco\eventserver\server\components\central\server\unittest\bin\x64\debug\videoos.event.server.unittest.dll" id="0072b67a-0d5c-e249-e1c3-0734c91de716">
      <Execution id="b62aa440-aa8f-46e8-be29-65cdb7c6135e" />
      <TestMethod codeBase="D:\actions-runner\_work\XPCO\XPCO\EventServer\Server\Components\Central\Server\unittest\bin\x64\Debug\VideoOS.Event.Server.UnitTest.dll" adapterTypeName="executor://mstestadapter/v2" className="VideoOS.EventServer.Security.Authorization.UnitTest.VMSItemAuthorizationTests" name="FetchCache_ShouldAddUserToTheCache_IfUserIsWindowsUser" />
    </UnitTest>
    <UnitTest name="TestLoadSaveLoad" storage="d:\actions-runner\_work\xpco\xpco\eventserver\server\components\central\server\unittest\bin\x64\debug\videoos.event.server.unittest.dll" id="7c01cc2c-9bdf-e761-6523-6d34add36149">
      <Execution id="198547f2-924a-438d-a214-7ff92ddc1a70" />
      <TestMethod codeBase="D:\actions-runner\_work\XPCO\XPCO\EventServer\Server\Components\Central\Server\unittest\bin\x64\Debug\VideoOS.Event.Server.UnitTest.dll" adapterTypeName="executor://mstestadapter/v2" className="VideoOS.Event.Server.UnitTest.AccessControl.AccessControlManagerTest" name="TestLoadSaveLoad" />
    </UnitTest>
    <UnitTest name="TestGetTypeChangedThrowingUnhandledException" storage="d:\actions-runner\_work\xpco\xpco\eventserver\server\components\central\server\unittest\bin\x64\debug\videoos.event.server.unittest.dll" id="0818f830-deb7-208e-1505-24ab8da73d74">
      <TestCategory>
        <TestCategoryItem TestCategory="WebService/Map" />
      </TestCategory>
      <Execution id="67e17698-eac0-4be9-bf12-42f47654b5ca" />
      <TestMethod codeBase="D:\actions-runner\_work\XPCO\XPCO\EventServer\Server\Components\Central\Server\unittest\bin\x64\Debug\VideoOS.Event.Server.UnitTest.dll" adapterTypeName="executor://mstestadapter/v2" className="VideoOS.Event.Server.WebService.Map.UnitTest.MapCommandToken2Test" name="TestGetTypeChangedThrowingUnhandledException" />
    </UnitTest>
    <UnitTest name="TestCheckAuthorizationWithWindowsUser" storage="d:\actions-runner\_work\xpco\xpco\eventserver\server\components\central\server\unittest\bin\x64\debug\videoos.event.server.unittest.dll" id="543d6f50-9e83-2086-ac17-bf4b4b11b747">
      <TestCategory>
        <TestCategoryItem TestCategory="ActionAuthorizationCache" />
      </TestCategory>
      <Execution id="92f21c08-f5f6-44d3-8c0b-c2fb953da863" />
      <TestMethod codeBase="D:\actions-runner\_work\XPCO\XPCO\EventServer\Server\Components\Central\Server\unittest\bin\x64\Debug\VideoOS.Event.Server.UnitTest.dll" adapterTypeName="executor://mstestadapter/v2" className="VideoOS.Event.Server.UnitTest.Security.ActionAuthorizationCacheTest" name="TestCheckAuthorizationWithWindowsUser" />
    </UnitTest>
    <UnitTest name="TestUpdateElementDisplayXmlWithOwnerElement" storage="d:\actions-runner\_work\xpco\xpco\eventserver\server\components\central\server\unittest\bin\x64\debug\videoos.event.server.unittest.dll" id="627d6085-bf48-c781-4c08-b2437a409111">
      <Execution id="c5ab727f-6a9d-427e-a674-79a7699e525a" />
      <TestMethod codeBase="D:\actions-runner\_work\XPCO\XPCO\EventServer\Server\Components\Central\Server\unittest\bin\x64\Debug\VideoOS.Event.Server.UnitTest.dll" adapterTypeName="executor://mstestadapter/v2" className="VideoOS.Event.Server.Map.UnitTest.VisualElementManagerTest" name="TestUpdateElementDisplayXmlWithOwnerElement" />
    </UnitTest>
    <UnitTest name="TestCheckAuthorizationWithNullUserId" storage="d:\actions-runner\_work\xpco\xpco\eventserver\server\components\central\server\unittest\bin\x64\debug\videoos.event.server.unittest.dll" id="a211a97a-d25d-ebb4-1503-0b4189d0cff0">
      <TestCategory>
        <TestCategoryItem TestCategory="ActionAuthorizationCache" />
      </TestCategory>
      <Execution id="34ab8e26-e7e1-481a-a6d1-bffc8903479a" />
      <TestMethod codeBase="D:\actions-runner\_work\XPCO\XPCO\EventServer\Server\Components\Central\Server\unittest\bin\x64\Debug\VideoOS.Event.Server.UnitTest.dll" adapterTypeName="executor://mstestadapter/v2" className="VideoOS.Event.Server.UnitTest.Security.ActionAuthorizationCacheTest" name="TestCheckAuthorizationWithNullUserId" />
    </UnitTest>
    <UnitTest name="WhenAlarmSearchCriteriaWithCorrectDataThenCorrectString" storage="d:\actions-runner\_work\xpco\xpco\eventserver\server\components\central\server\unittest\bin\x64\debug\videoos.event.server.unittest.dll" id="b1dc1888-2cdd-b99c-c9f4-1b7b7f67758a">
      <Execution id="0fba18aa-3046-4d26-a6ed-41404795f8d5" />
      <TestMethod codeBase="D:\actions-runner\_work\XPCO\XPCO\EventServer\Server\Components\Central\Server\unittest\bin\x64\Debug\VideoOS.Event.Server.UnitTest.dll" adapterTypeName="executor://mstestadapter/v2" className="VideoOS.Event.Server.UnitTest.WebService.Alarm.InSearchConditionProviderTest" name="WhenAlarmSearchCriteriaWithCorrectDataThenCorrectString" />
    </UnitTest>
    <UnitTest name="TestLogoutWithInvalidUser" storage="d:\actions-runner\_work\xpco\xpco\eventserver\server\components\central\server\unittest\bin\x64\debug\videoos.event.server.unittest.dll" id="5b41c46b-1dee-ac44-4454-7eb6d7e505a2">
      <TestCategory>
        <TestCategoryItem TestCategory="WebService/Map" />
      </TestCategory>
      <Execution id="b69f3ee4-3883-494f-8e07-e7830b58b9fb" />
      <TestMethod codeBase="D:\actions-runner\_work\XPCO\XPCO\EventServer\Server\Components\Central\Server\unittest\bin\x64\Debug\VideoOS.Event.Server.UnitTest.dll" adapterTypeName="executor://mstestadapter/v2" className="VideoOS.Event.Server.WebService.Map.UnitTest.MapCommandTokenTest" name="TestLogoutWithInvalidUser" />
    </UnitTest>
    <UnitTest name="CreateInstanceReturnsNullWhenDuplicatedInputEvent" storage="d:\actions-runner\_work\xpco\xpco\eventserver\server\components\central\server\unittest\bin\x64\debug\videoos.event.server.unittest.dll" id="2fdca0ec-03ca-b79a-f880-b6fee07749a2">
      <Execution id="4e3fc560-8e30-401b-b201-f2a9deb66bb4" />
      <TestMethod codeBase="D:\actions-runner\_work\XPCO\XPCO\EventServer\Server\Components\Central\Server\unittest\bin\x64\Debug\VideoOS.Event.Server.UnitTest.dll" adapterTypeName="executor://mstestadapter/v2" className="VideoOS.Event.Server.UnitTest.Event.MapperEventTypeProviderTest" name="CreateInstanceReturnsNullWhenDuplicatedInputEvent" />
    </UnitTest>
    <UnitTest name="SaveConfiguration_RecreatesConfigurationFile" storage="d:\actions-runner\_work\xpco\xpco\eventserver\server\components\central\server\unittest\bin\x64\debug\videoos.event.server.unittest.dll" id="47d121ac-c3a0-9cb6-c260-31a7d126c875">
      <TestCategory>
        <TestCategoryItem TestCategory="CI" />
      </TestCategory>
      <Execution id="f45d6434-fbcd-4954-a79e-e4794401d73a" />
      <TestMethod codeBase="D:\actions-runner\_work\XPCO\XPCO\EventServer\Server\Components\Central\Server\unittest\bin\x64\Debug\VideoOS.Event.Server.UnitTest.dll" adapterTypeName="executor://mstestadapter/v2" className="VideoOS.EventServer.Disable.UnitTest.DisableManagerTest" name="SaveConfiguration_RecreatesConfigurationFile" />
    </UnitTest>
    <UnitTest name="Handle_ShouldFlattenPriorityValue_WhenValuesIncludePriorityAndPriorityName" storage="d:\actions-runner\_work\xpco\xpco\eventserver\server\components\central\server\unittest\bin\x64\debug\videoos.event.server.unittest.dll" id="144352c5-c33b-97b1-d06c-d10783bcd24a">
      <Execution id="723771ba-bf5d-49c5-9464-516d06efa9ab" />
      <TestMethod codeBase="D:\actions-runner\_work\XPCO\XPCO\EventServer\Server\Components\Central\Server\unittest\bin\x64\Debug\VideoOS.Event.Server.UnitTest.dll" adapterTypeName="executor://mstestadapter/v2" className="VideoOS.Event.Server.UnitTest.Alarm.Processors.UpdateAlarms.UpdateAlarmCompositeValueHandlerTests" name="Handle_ShouldFlattenPriorityValue_WhenValuesIncludePriorityAndPriorityName" />
    </UnitTest>
    <UnitTest name="TestGetStatusWithForeignServerIDs" storage="d:\actions-runner\_work\xpco\xpco\eventserver\server\components\central\server\unittest\bin\x64\debug\videoos.event.server.unittest.dll" id="73e328c0-4710-e606-9be8-5deb082f424b">
      <Execution id="7c21c833-facd-4a3e-9c04-d871789aac31" />
      <TestMethod codeBase="D:\actions-runner\_work\XPCO\XPCO\EventServer\Server\Components\Central\Server\unittest\bin\x64\Debug\VideoOS.Event.Server.UnitTest.dll" adapterTypeName="executor://mstestadapter/v2" className="VideoOS.Event.Server.WebService.Status.UnitTest.StatusCommandTokenTest" name="TestGetStatusWithForeignServerIDs" />
    </UnitTest>
    <UnitTest name="TestUpdateNameThrowingUnhandledException" storage="d:\actions-runner\_work\xpco\xpco\eventserver\server\components\central\server\unittest\bin\x64\debug\videoos.event.server.unittest.dll" id="5d512a31-7034-d4f2-c64d-c94b7792c734">
      <TestCategory>
        <TestCategoryItem TestCategory="WebService/Map" />
      </TestCategory>
      <Execution id="2d8aedc8-50ce-4891-ac49-891d46a15156" />
      <TestMethod codeBase="D:\actions-runner\_work\XPCO\XPCO\EventServer\Server\Components\Central\Server\unittest\bin\x64\Debug\VideoOS.Event.Server.UnitTest.dll" adapterTypeName="executor://mstestadapter/v2" className="VideoOS.Event.Server.WebService.Map.UnitTest.MapCommandTokenTest" name="TestUpdateNameThrowingUnhandledException" />
    </UnitTest>
    <UnitTest name="EventConverter_ConvertEventStatusToBaseItem_EventIds_Null" storage="d:\actions-runner\_work\xpco\xpco\eventserver\server\components\central\server\unittest\bin\x64\debug\videoos.event.server.unittest.dll" id="17a3b251-36cd-07f4-6f0c-5e839dd8b46e">
      <Execution id="145f0bd8-d07a-4476-96f9-f1e468548fd3" />
      <TestMethod codeBase="D:\actions-runner\_work\XPCO\XPCO\EventServer\Server\Components\Central\Server\unittest\bin\x64\Debug\VideoOS.Event.Server.UnitTest.dll" adapterTypeName="executor://mstestadapter/v2" className="VideoOS.Event.Server.UnitTest.Utils.EventConverterTest" name="EventConverter_ConvertEventStatusToBaseItem_EventIds_Null" />
    </UnitTest>
    <UnitTest name="TestDeleteObjectAndChildObjectsWithInvalidUser" storage="d:\actions-runner\_work\xpco\xpco\eventserver\server\components\central\server\unittest\bin\x64\debug\videoos.event.server.unittest.dll" id="30ebb3a1-f6a2-0d2e-66f3-0fcd2f319718">
      <TestCategory>
        <TestCategoryItem TestCategory="WebService/Map" />
      </TestCategory>
      <Execution id="9aa81f73-0085-43bd-8c32-80b2ef7f8645" />
      <TestMethod codeBase="D:\actions-runner\_work\XPCO\XPCO\EventServer\Server\Components\Central\Server\unittest\bin\x64\Debug\VideoOS.Event.Server.UnitTest.dll" adapterTypeName="executor://mstestadapter/v2" className="VideoOS.Event.Server.WebService.Map.UnitTest.MapCommandTokenTest" name="TestDeleteObjectAndChildObjectsWithInvalidUser" />
    </UnitTest>
    <UnitTest name="TestInsertElementWithTwoRelationsOnSameParentCausingCyclicTree" storage="d:\actions-runner\_work\xpco\xpco\eventserver\server\components\central\server\unittest\bin\x64\debug\videoos.event.server.unittest.dll" id="d80ebf43-6acb-a308-6cff-a125c5f66c12">
      <Execution id="d6b7c3e6-6b40-441f-bde0-ab389c5b6e19" />
      <TestMethod codeBase="D:\actions-runner\_work\XPCO\XPCO\EventServer\Server\Components\Central\Server\unittest\bin\x64\Debug\VideoOS.Event.Server.UnitTest.dll" adapterTypeName="executor://mstestadapter/v2" className="VideoOS.Event.Server.Map.UnitTest.VisualElementManagerTest" name="TestInsertElementWithTwoRelationsOnSameParentCausingCyclicTree" />
    </UnitTest>
    <UnitTest name="TestGetPlugInsThrowingUnhandledException" storage="d:\actions-runner\_work\xpco\xpco\eventserver\server\components\central\server\unittest\bin\x64\debug\videoos.event.server.unittest.dll" id="9f2d1477-390a-653e-b0f6-8bf047758a68">
      <TestCategory>
        <TestCategoryItem TestCategory="WebService/Map" />
      </TestCategory>
      <Execution id="df0d56d1-668d-4b9e-bc89-62b2d1b57554" />
      <TestMethod codeBase="D:\actions-runner\_work\XPCO\XPCO\EventServer\Server\Components\Central\Server\unittest\bin\x64\Debug\VideoOS.Event.Server.UnitTest.dll" adapterTypeName="executor://mstestadapter/v2" className="VideoOS.Event.Server.WebService.Map.UnitTest.MapCommandToken2Test" name="TestGetPlugInsThrowingUnhandledException" />
    </UnitTest>
    <UnitTest name="TestGetObjectsWithinGPSAreaThrowingUnhandledException" storage="d:\actions-runner\_work\xpco\xpco\eventserver\server\components\central\server\unittest\bin\x64\debug\videoos.event.server.unittest.dll" id="bd1facd4-1792-cbdd-3a7e-8d456afdb128">
      <TestCategory>
        <TestCategoryItem TestCategory="WebService/Map" />
      </TestCategory>
      <Execution id="e48ab56b-f232-46d0-945f-d66eb07405d6" />
      <TestMethod codeBase="D:\actions-runner\_work\XPCO\XPCO\EventServer\Server\Components\Central\Server\unittest\bin\x64\Debug\VideoOS.Event.Server.UnitTest.dll" adapterTypeName="executor://mstestadapter/v2" className="VideoOS.Event.Server.WebService.Map.UnitTest.MapCommandTokenTest" name="TestGetObjectsWithinGPSAreaThrowingUnhandledException" />
    </UnitTest>
    <UnitTest name="TestInsertElementsWithRelationIdAndNoIDs" storage="d:\actions-runner\_work\xpco\xpco\eventserver\server\components\central\server\unittest\bin\x64\debug\videoos.event.server.unittest.dll" id="e5e80db3-6144-ea2f-09dc-05657127f79c">
      <Execution id="92c2283a-199c-4fa4-8cf5-a12fd85ae4ab" />
      <TestMethod codeBase="D:\actions-runner\_work\XPCO\XPCO\EventServer\Server\Components\Central\Server\unittest\bin\x64\Debug\VideoOS.Event.Server.UnitTest.dll" adapterTypeName="executor://mstestadapter/v2" className="VideoOS.Event.Server.Map.UnitTest.VisualElementManagerTest" name="TestInsertElementsWithRelationIdAndNoIDs" />
    </UnitTest>
    <UnitTest name="TestLoadXMLWithInvalidValues" storage="d:\actions-runner\_work\xpco\xpco\eventserver\server\components\central\server\unittest\bin\x64\debug\videoos.event.server.unittest.dll" id="5850678c-fe74-23aa-d83d-da1f0e145943">
      <Execution id="c8daa3aa-832b-489a-a3b5-34bbe7658c10" />
      <TestMethod codeBase="D:\actions-runner\_work\XPCO\XPCO\EventServer\Server\Components\Central\Server\unittest\bin\x64\Debug\VideoOS.Event.Server.UnitTest.dll" adapterTypeName="executor://mstestadapter/v2" className="VideoOS.Event.Server.Map.Data.UnitTest.TypeIdStorageTest" name="TestLoadXMLWithInvalidValues" />
    </UnitTest>
    <UnitTest name="AddSuppressStatusItems_AddsNewItem" storage="d:\actions-runner\_work\xpco\xpco\eventserver\server\components\central\server\unittest\bin\x64\debug\videoos.event.server.unittest.dll" id="cc5e635b-4364-b1d3-13fc-71a6c0c163be">
      <TestCategory>
        <TestCategoryItem TestCategory="CI" />
      </TestCategory>
      <Execution id="e466b01d-97fe-4528-bc38-e31468f2aa4d" />
      <TestMethod codeBase="D:\actions-runner\_work\XPCO\XPCO\EventServer\Server\Components\Central\Server\unittest\bin\x64\Debug\VideoOS.Event.Server.UnitTest.dll" adapterTypeName="executor://mstestadapter/v2" className="VideoOS.EventServer.Disable.UnitTest.DisableManagerTest" name="AddSuppressStatusItems_AddsNewItem" />
    </UnitTest>
    <UnitTest name="TestUpdateObjectThrowingUnhandledException" storage="d:\actions-runner\_work\xpco\xpco\eventserver\server\components\central\server\unittest\bin\x64\debug\videoos.event.server.unittest.dll" id="9c486dc7-5089-b52d-43af-f1224bc53e63">
      <TestCategory>
        <TestCategoryItem TestCategory="WebService/Map" />
      </TestCategory>
      <Execution id="cc2af1e7-05f6-4d3d-8e66-456d2aa862c0" />
      <TestMethod codeBase="D:\actions-runner\_work\XPCO\XPCO\EventServer\Server\Components\Central\Server\unittest\bin\x64\Debug\VideoOS.Event.Server.UnitTest.dll" adapterTypeName="executor://mstestadapter/v2" className="VideoOS.Event.Server.WebService.Map.UnitTest.MapCommandTokenTest" name="TestUpdateObjectThrowingUnhandledException" />
    </UnitTest>
    <UnitTest name="TestDefaultIcon" storage="d:\actions-runner\_work\xpco\xpco\eventserver\server\components\central\server\unittest\bin\x64\debug\videoos.event.server.unittest.dll" id="8d8dd4c5-5b28-e241-f21d-2bd80473286e">
      <Execution id="630f6b28-bde8-4005-8cc9-074e331c3701" />
      <TestMethod codeBase="D:\actions-runner\_work\XPCO\XPCO\EventServer\Server\Components\Central\Server\unittest\bin\x64\Debug\VideoOS.Event.Server.UnitTest.dll" adapterTypeName="executor://mstestadapter/v2" className="VideoOS.Event.Server.MIP.PlugIn.UnitTest.MapPlugInTypeEventHandlerTest" name="TestDefaultIcon" />
    </UnitTest>
    <UnitTest name="GetSetPrioritySoundMappingsTest" storage="d:\actions-runner\_work\xpco\xpco\eventserver\server\components\central\server\unittest\bin\x64\debug\videoos.event.server.unittest.dll" id="1f93c613-41f4-5e3c-69bd-1cc3daef0753">
      <Execution id="869df4ae-3a0e-4285-b160-07c621de63e7" />
      <TestMethod codeBase="D:\actions-runner\_work\XPCO\XPCO\EventServer\Server\Components\Central\Server\unittest\bin\x64\Debug\VideoOS.Event.Server.UnitTest.dll" adapterTypeName="executor://mstestadapter/v2" className="VideoOS.Event.Server.Sound.UnitTest.SoundManagerTest" name="GetSetPrioritySoundMappingsTest" />
    </UnitTest>
    <UnitTest name="TestGetAllElementsWithinGpsAreaWithInvalidUpperLeftBounds" storage="d:\actions-runner\_work\xpco\xpco\eventserver\server\components\central\server\unittest\bin\x64\debug\videoos.event.server.unittest.dll" id="1d1af91a-98bf-5e9c-f940-4402a64a3dc3">
      <Execution id="a10efd00-4aad-4f2d-bd7c-88cd8cc8fedf" />
      <TestMethod codeBase="D:\actions-runner\_work\XPCO\XPCO\EventServer\Server\Components\Central\Server\unittest\bin\x64\Debug\VideoOS.Event.Server.UnitTest.dll" adapterTypeName="executor://mstestadapter/v2" className="VideoOS.Event.Server.Map.UnitTest.VisualElementManagerTest" name="TestGetAllElementsWithinGpsAreaWithInvalidUpperLeftBounds" />
    </UnitTest>
    <UnitTest name="TestGetVisualElementChangesThrowingUnhandledException" storage="d:\actions-runner\_work\xpco\xpco\eventserver\server\components\central\server\unittest\bin\x64\debug\videoos.event.server.unittest.dll" id="f6b1bb3a-5c5f-c0b0-4263-16bc57dd9156">
      <TestCategory>
        <TestCategoryItem TestCategory="WebService/Map" />
      </TestCategory>
      <Execution id="4901c007-0789-4353-be84-d7db6b897f51" />
      <TestMethod codeBase="D:\actions-runner\_work\XPCO\XPCO\EventServer\Server\Components\Central\Server\unittest\bin\x64\Debug\VideoOS.Event.Server.UnitTest.dll" adapterTypeName="executor://mstestadapter/v2" className="VideoOS.Event.Server.WebService.Map.UnitTest.MapCommandTokenTest" name="TestGetVisualElementChangesThrowingUnhandledException" />
    </UnitTest>
    <UnitTest name="TestGetStatusWithMarkForDeletionSubElements" storage="d:\actions-runner\_work\xpco\xpco\eventserver\server\components\central\server\unittest\bin\x64\debug\videoos.event.server.unittest.dll" id="dd9172a4-589d-2f12-840c-9e893bfa4aed">
      <Execution id="228e335e-3275-4602-aa66-f0ef8f807f55" />
      <TestMethod codeBase="D:\actions-runner\_work\XPCO\XPCO\EventServer\Server\Components\Central\Server\unittest\bin\x64\Debug\VideoOS.Event.Server.UnitTest.dll" adapterTypeName="executor://mstestadapter/v2" className="VideoOS.Event.Server.Map.UnitTest.VisualElementStatusCalculatorTest" name="TestGetStatusWithMarkForDeletionSubElements" />
    </UnitTest>
    <UnitTest name="TestSaveEmptyConfiguration" storage="d:\actions-runner\_work\xpco\xpco\eventserver\server\components\central\server\unittest\bin\x64\debug\videoos.event.server.unittest.dll" id="816814c6-e83f-da87-ffd1-92aa41bb1752">
      <Execution id="58f4a4b8-90fe-4a64-9ba7-83d36df17771" />
      <TestMethod codeBase="D:\actions-runner\_work\XPCO\XPCO\EventServer\Server\Components\Central\Server\unittest\bin\x64\Debug\VideoOS.Event.Server.UnitTest.dll" adapterTypeName="executor://mstestadapter/v2" className="VideoOS.Event.Server.UnitTest.AccessControl.AccessControlManagerTest" name="TestSaveEmptyConfiguration" />
    </UnitTest>
    <UnitTest name="GetObjectsWithinGPSArea_WithValidParameters" storage="d:\actions-runner\_work\xpco\xpco\eventserver\server\components\central\server\unittest\bin\x64\debug\videoos.event.server.unittest.dll" id="e7a08b1b-c209-326d-58d8-22c862327d47">
      <TestCategory>
        <TestCategoryItem TestCategory="WebService/Map" />
      </TestCategory>
      <Execution id="fb87ecb3-5e1d-410a-9e90-3cda1cadd1b1" />
      <TestMethod codeBase="D:\actions-runner\_work\XPCO\XPCO\EventServer\Server\Components\Central\Server\unittest\bin\x64\Debug\VideoOS.Event.Server.UnitTest.dll" adapterTypeName="executor://mstestadapter/v2" className="VideoOS.Event.Server.WebService.Map.UnitTest.MapCommandTokenTest" name="GetObjectsWithinGPSArea_WithValidParameters" />
    </UnitTest>
    <UnitTest name="TestGetVisualizationWithInvalidUser" storage="d:\actions-runner\_work\xpco\xpco\eventserver\server\components\central\server\unittest\bin\x64\debug\videoos.event.server.unittest.dll" id="a8e4de2a-185b-d21a-92b4-a020ccc4cbea">
      <Execution id="ef2ead82-ca3b-42e8-abca-90888edf904a" />
      <TestMethod codeBase="D:\actions-runner\_work\XPCO\XPCO\EventServer\Server\Components\Central\Server\unittest\bin\x64\Debug\VideoOS.Event.Server.UnitTest.dll" adapterTypeName="executor://mstestadapter/v2" className="VideoOS.Event.Server.WebService.Status.UnitTest.StatusCommandToken2Test" name="TestGetVisualizationWithInvalidUser" />
    </UnitTest>
    <UnitTest name="TestGetXMLWithNullVariables" storage="d:\actions-runner\_work\xpco\xpco\eventserver\server\components\central\server\unittest\bin\x64\debug\videoos.event.server.unittest.dll" id="7d179d52-6296-c46b-b9c6-bedbd352ed5d">
      <Execution id="359ced3a-185b-464f-8e46-d86f1f429663" />
      <TestMethod codeBase="D:\actions-runner\_work\XPCO\XPCO\EventServer\Server\Components\Central\Server\unittest\bin\x64\Debug\VideoOS.Event.Server.UnitTest.dll" adapterTypeName="executor://mstestadapter/v2" className="VideoOS.Event.Server.Map.Data.UnitTest.BoundsStorageTest" name="TestGetXMLWithNullVariables" />
    </UnitTest>
    <UnitTest name="TestGetStateWithEmptyState" storage="d:\actions-runner\_work\xpco\xpco\eventserver\server\components\central\server\unittest\bin\x64\debug\videoos.event.server.unittest.dll" id="6e7edd7b-7615-7152-6d9d-3cc4f9511cf7">
      <Execution id="d161cb14-e3f6-4233-aed0-f362f59181e5" />
      <TestMethod codeBase="D:\actions-runner\_work\XPCO\XPCO\EventServer\Server\Components\Central\Server\unittest\bin\x64\Debug\VideoOS.Event.Server.UnitTest.dll" adapterTypeName="executor://mstestadapter/v2" className="VideoOS.Event.Server.Map.Data.UnitTest.StatusElementTest" name="TestGetStateWithEmptyState" />
    </UnitTest>
    <UnitTest name="TestGetConfigurationDataThrowException" storage="d:\actions-runner\_work\xpco\xpco\eventserver\server\components\central\server\unittest\bin\x64\debug\videoos.event.server.unittest.dll" id="41475bcb-ef5d-3618-7d1d-5b1438a91061">
      <TestCategory>
        <TestCategoryItem TestCategory="DatabaseConfigurableDataCache" />
      </TestCategory>
      <Execution id="1572078d-9b86-4b9c-8b20-0935b45f3cea" />
      <TestMethod codeBase="D:\actions-runner\_work\XPCO\XPCO\EventServer\Server\Components\Central\Server\unittest\bin\x64\Debug\VideoOS.Event.Server.UnitTest.dll" adapterTypeName="executor://mstestadapter/v2" className="VideoOS.EventServer.Config.UnitTest.DatabaseConfigurableDataCacheTest" name="TestGetConfigurationDataThrowException" />
    </UnitTest>
    <UnitTest name="TestGetPlugInItems" storage="d:\actions-runner\_work\xpco\xpco\eventserver\server\components\central\server\unittest\bin\x64\debug\videoos.event.server.unittest.dll" id="59524313-3601-c65c-9b12-abd92090ce88">
      <TestCategory>
        <TestCategoryItem TestCategory="WebService/Map" />
      </TestCategory>
      <Execution id="3b41c8d5-484c-4ee2-bbfd-3dfc20d509d6" />
      <TestMethod codeBase="D:\actions-runner\_work\XPCO\XPCO\EventServer\Server\Components\Central\Server\unittest\bin\x64\Debug\VideoOS.Event.Server.UnitTest.dll" adapterTypeName="executor://mstestadapter/v2" className="VideoOS.Event.Server.WebService.Map.UnitTest.MapCommandCredentialsTest" name="TestGetPlugInItems" />
    </UnitTest>
    <UnitTest name="TestUpdateAlarmInvalidToken" storage="d:\actions-runner\_work\xpco\xpco\eventserver\server\components\central\server\unittest\bin\x64\debug\videoos.event.server.unittest.dll" id="0bca286d-dd69-5c57-8d8c-a51a534f96aa">
      <Execution id="3b6026b8-1827-431a-b971-7eb25dca707a" />
      <TestMethod codeBase="D:\actions-runner\_work\XPCO\XPCO\EventServer\Server\Components\Central\Server\unittest\bin\x64\Debug\VideoOS.Event.Server.UnitTest.dll" adapterTypeName="executor://mstestadapter/v2" className="VideoOS.Event.Server.WebService.Alarm.UnitTest.AlarmCommandTokenTest" name="TestUpdateAlarmInvalidToken" />
    </UnitTest>
    <UnitTest name="TestLoadXMLWithNoParametersCorrect" storage="d:\actions-runner\_work\xpco\xpco\eventserver\server\components\central\server\unittest\bin\x64\debug\videoos.event.server.unittest.dll" id="2c8a1d5b-0028-9f0a-8011-ed24ab9ceeae">
      <Execution id="dffeb1e3-79c8-4287-ae61-5752e82b4bb0" />
      <TestMethod codeBase="D:\actions-runner\_work\XPCO\XPCO\EventServer\Server\Components\Central\Server\unittest\bin\x64\Debug\VideoOS.Event.Server.UnitTest.dll" adapterTypeName="executor://mstestadapter/v2" className="VideoOS.Event.Server.Map.Data.UnitTest.VisualizationStateStorageTest" name="TestLoadXMLWithNoParametersCorrect" />
    </UnitTest>
    <UnitTest name="TestLoadXMLWithNoInnerText" storage="d:\actions-runner\_work\xpco\xpco\eventserver\server\components\central\server\unittest\bin\x64\debug\videoos.event.server.unittest.dll" id="adce347d-d8a3-fa81-3aab-32fa93d7feec">
      <Execution id="e56f85be-60eb-4085-b995-47bd69dd93f1" />
      <TestMethod codeBase="D:\actions-runner\_work\XPCO\XPCO\EventServer\Server\Components\Central\Server\unittest\bin\x64\Debug\VideoOS.Event.Server.UnitTest.dll" adapterTypeName="executor://mstestadapter/v2" className="VideoOS.Event.Server.Map.Data.UnitTest.PositionStorageTest" name="TestLoadXMLWithNoInnerText" />
    </UnitTest>
    <UnitTest name="TestGetStatusDetailsThrowingUnhandledException" storage="d:\actions-runner\_work\xpco\xpco\eventserver\server\components\central\server\unittest\bin\x64\debug\videoos.event.server.unittest.dll" id="6d94d123-0366-be52-99f0-ddb1f359935c">
      <Execution id="9f728e27-518a-401c-a7a6-e177b3aa308f" />
      <TestMethod codeBase="D:\actions-runner\_work\XPCO\XPCO\EventServer\Server\Components\Central\Server\unittest\bin\x64\Debug\VideoOS.Event.Server.UnitTest.dll" adapterTypeName="executor://mstestadapter/v2" className="VideoOS.Event.Server.WebService.Status.UnitTest.StatusCommandToken2Test" name="TestGetStatusDetailsThrowingUnhandledException" />
    </UnitTest>
    <UnitTest name="TestAcknowledgeMultipleAlarms" storage="d:\actions-runner\_work\xpco\xpco\eventserver\server\components\central\server\unittest\bin\x64\debug\videoos.event.server.unittest.dll" id="d221b392-2f8f-4661-b81b-eb0b5b60e13d">
      <Execution id="7d776eab-ef00-4229-8bbb-60e423bfa988" />
      <TestMethod codeBase="D:\actions-runner\_work\XPCO\XPCO\EventServer\Server\Components\Central\Server\unittest\bin\x64\Debug\VideoOS.Event.Server.UnitTest.dll" adapterTypeName="executor://mstestadapter/v2" className="VideoOS.Event.Server.WebService.Alarm.UnitTest.AlarmCommandTokenTest" name="TestAcknowledgeMultipleAlarms" />
    </UnitTest>
    <UnitTest name="Handle_ShouldNotFlattenValuesBasedOnPriorityIntAndValue_WhenPriorityValueIsInvalid" storage="d:\actions-runner\_work\xpco\xpco\eventserver\server\components\central\server\unittest\bin\x64\debug\videoos.event.server.unittest.dll" id="76d9ad7e-958f-e925-ce8b-d0d52dd698a4">
      <Execution id="b98920c4-1c61-4938-8d11-1484908923bf" />
      <TestMethod codeBase="D:\actions-runner\_work\XPCO\XPCO\EventServer\Server\Components\Central\Server\unittest\bin\x64\Debug\VideoOS.Event.Server.UnitTest.dll" adapterTypeName="executor://mstestadapter/v2" className="VideoOS.Event.Server.UnitTest.Alarm.Processors.UpdateAlarms.UpdateAlarmCompositeValueHandlerTests" name="Handle_ShouldNotFlattenValuesBasedOnPriorityIntAndValue_WhenPriorityValueIsInvalid" />
    </UnitTest>
    <UnitTest name="GetEventTypesForUser_ChecksFetchingOfAlarmDefinitionsWithDisabledEventType" storage="d:\actions-runner\_work\xpco\xpco\eventserver\server\components\central\server\unittest\bin\x64\debug\videoos.event.server.unittest.dll" id="70eb97cf-6fb5-8090-90b9-939e95e3b186">
      <TestCategory>
        <TestCategoryItem TestCategory="CI" />
      </TestCategory>
      <Execution id="9d8ab727-7c3d-4129-a0ba-cb45c0c538c9" />
      <TestMethod codeBase="D:\actions-runner\_work\XPCO\XPCO\EventServer\Server\Components\Central\Server\unittest\bin\x64\Debug\VideoOS.Event.Server.UnitTest.dll" adapterTypeName="executor://mstestadapter/v2" className="VideoOS.EventServer.Disable.UnitTest.DisableManagerTest" name="GetEventTypesForUser_ChecksFetchingOfAlarmDefinitionsWithDisabledEventType" />
    </UnitTest>
    <UnitTest name="TestLookup" storage="d:\actions-runner\_work\xpco\xpco\eventserver\server\components\central\server\unittest\bin\x64\debug\videoos.event.server.unittest.dll" id="3ca06c88-151a-d031-1bc7-e0c52536e410">
      <Execution id="7ec360c6-6702-424d-b3ef-6aaf96612151" />
      <TestMethod codeBase="D:\actions-runner\_work\XPCO\XPCO\EventServer\Server\Components\Central\Server\unittest\bin\x64\Debug\VideoOS.Event.Server.UnitTest.dll" adapterTypeName="executor://mstestadapter/v2" className="VideoOS.Analytics.Events.UnitTest.Server.DeviceManager.TestDeviceManagerXPCO" name="TestLookup" />
    </UnitTest>
    <UnitTest name="TestGetStatusForAllObjectsOfTypeThrowingUnhandledException" storage="d:\actions-runner\_work\xpco\xpco\eventserver\server\components\central\server\unittest\bin\x64\debug\videoos.event.server.unittest.dll" id="de221b3f-8faf-6d88-d504-dab94145d101">
      <Execution id="7bc9be9b-56e6-4f7d-89dc-e55040408a95" />
      <TestMethod codeBase="D:\actions-runner\_work\XPCO\XPCO\EventServer\Server\Components\Central\Server\unittest\bin\x64\Debug\VideoOS.Event.Server.UnitTest.dll" adapterTypeName="executor://mstestadapter/v2" className="VideoOS.Event.Server.WebService.Status.UnitTest.StatusCommandCredentialsTest" name="TestGetStatusForAllObjectsOfTypeThrowingUnhandledException" />
    </UnitTest>
    <UnitTest name="TestGetVisualizationChangesWithNulTimeout" storage="d:\actions-runner\_work\xpco\xpco\eventserver\server\components\central\server\unittest\bin\x64\debug\videoos.event.server.unittest.dll" id="1125c384-36c9-7da0-f253-4de4fa4f1257">
      <Execution id="8b777018-32ae-4a04-8408-64368e6a2c7c" />
      <TestMethod codeBase="D:\actions-runner\_work\XPCO\XPCO\EventServer\Server\Components\Central\Server\unittest\bin\x64\Debug\VideoOS.Event.Server.UnitTest.dll" adapterTypeName="executor://mstestadapter/v2" className="VideoOS.Event.Server.WebService.Status.UnitTest.StatusCommandCredentialsTest" name="TestGetVisualizationChangesWithNulTimeout" />
    </UnitTest>
    <UnitTest name="TestGetItemStatusDetails" storage="d:\actions-runner\_work\xpco\xpco\eventserver\server\components\central\server\unittest\bin\x64\debug\videoos.event.server.unittest.dll" id="893bae7d-2ecb-147a-4249-142a59be651b">
      <Execution id="7e7920cf-7974-472f-b73c-c59bba0dd2c7" />
      <TestMethod codeBase="D:\actions-runner\_work\XPCO\XPCO\EventServer\Server\Components\Central\Server\unittest\bin\x64\Debug\VideoOS.Event.Server.UnitTest.dll" adapterTypeName="executor://mstestadapter/v2" className="VideoOS.Event.Server.MIP.PlugIn.UnitTest.MapPlugInTypeEventHandlerTest" name="TestGetItemStatusDetails" />
    </UnitTest>
    <UnitTest name="TestGetXML" storage="d:\actions-runner\_work\xpco\xpco\eventserver\server\components\central\server\unittest\bin\x64\debug\videoos.event.server.unittest.dll" id="5547bcbc-02e3-b114-85b3-0b9f6aeeed68">
      <Execution id="ca486a24-367c-45b5-8b51-6f2aea91cdb7" />
      <TestMethod codeBase="D:\actions-runner\_work\XPCO\XPCO\EventServer\Server\Components\Central\Server\unittest\bin\x64\Debug\VideoOS.Event.Server.UnitTest.dll" adapterTypeName="executor://mstestadapter/v2" className="VideoOS.Event.Server.Map.Data.UnitTest.AccessListStorageTest" name="TestGetXML" />
    </UnitTest>
    <UnitTest name="TestActionHandlerStart" storage="d:\actions-runner\_work\xpco\xpco\eventserver\server\components\central\server\unittest\bin\x64\debug\videoos.event.server.unittest.dll" id="ec4e63e2-3209-426c-3f87-d44e6c590fc1">
      <Execution id="69595d42-47bd-45a6-9f65-b5806bf02bc7" />
      <TestMethod codeBase="D:\actions-runner\_work\XPCO\XPCO\EventServer\Server\Components\Central\Server\unittest\bin\x64\Debug\VideoOS.Event.Server.UnitTest.dll" adapterTypeName="executor://mstestadapter/v2" className="VideoOS.Event.Server.UnitTest.XPCORuleSystem.MipActionHandlerTest" name="TestActionHandlerStart" />
    </UnitTest>
    <UnitTest name="TestUpdateObjectWithServerIDInRelationID" storage="d:\actions-runner\_work\xpco\xpco\eventserver\server\components\central\server\unittest\bin\x64\debug\videoos.event.server.unittest.dll" id="f85f0413-7b9a-3dc4-3a08-bf3160fa78b9">
      <TestCategory>
        <TestCategoryItem TestCategory="WebService/Map" />
      </TestCategory>
      <Execution id="f9f9f67b-0ffd-4678-ae05-afddb7e07bd1" />
      <TestMethod codeBase="D:\actions-runner\_work\XPCO\XPCO\EventServer\Server\Components\Central\Server\unittest\bin\x64\Debug\VideoOS.Event.Server.UnitTest.dll" adapterTypeName="executor://mstestadapter/v2" className="VideoOS.Event.Server.WebService.Map.UnitTest.MapCommandTokenTest" name="TestUpdateObjectWithServerIDInRelationID" />
    </UnitTest>
    <UnitTest name="TestAccessControlConfigHostAddedAfterUsersAdded" storage="d:\actions-runner\_work\xpco\xpco\eventserver\server\components\central\server\unittest\bin\x64\debug\videoos.event.server.unittest.dll" id="d3da5022-8e4b-8d31-c15b-792642a32026">
      <TestCategory>
        <TestCategoryItem TestCategory="PermissionManagerFetcher" />
      </TestCategory>
      <Execution id="edcf9ece-75d4-43f6-84c6-1906b4affbce" />
      <TestMethod codeBase="D:\actions-runner\_work\XPCO\XPCO\EventServer\Server\Components\Central\Server\unittest\bin\x64\Debug\VideoOS.Event.Server.UnitTest.dll" adapterTypeName="executor://mstestadapter/v2" className="VideoOS.Event.Server.UnitTest.Security.PermissionFetcherTest" name="TestAccessControlConfigHostAddedAfterUsersAdded" />
    </UnitTest>
    <UnitTest name="TestItemDeleted" storage="d:\actions-runner\_work\xpco\xpco\eventserver\server\components\central\server\unittest\bin\x64\debug\videoos.event.server.unittest.dll" id="eadbb5f9-fc4e-3847-f8a1-9c5f3da99658">
      <Execution id="0a076cb5-e31f-41fa-83eb-25191b8383da" />
      <TestMethod codeBase="D:\actions-runner\_work\XPCO\XPCO\EventServer\Server\Components\Central\Server\unittest\bin\x64\Debug\VideoOS.Event.Server.UnitTest.dll" adapterTypeName="executor://mstestadapter/v2" className="VideoOS.Event.Server.MIP.PlugIn.UnitTest.MapPlugInTypeEventHandlerTest" name="TestItemDeleted" />
    </UnitTest>
    <UnitTest name="TestXmlValidTwo" storage="d:\actions-runner\_work\xpco\xpco\eventserver\server\components\central\server\unittest\bin\x64\debug\videoos.event.server.unittest.dll" id="7170d4d4-1352-0b81-d734-949ca2b0a26a">
      <Execution id="84766427-a328-4104-ba4a-72837ec00b98" />
      <TestMethod codeBase="D:\actions-runner\_work\XPCO\XPCO\EventServer\Server\Components\Central\Server\unittest\bin\x64\Debug\VideoOS.Event.Server.UnitTest.dll" adapterTypeName="executor://mstestadapter/v2" className="VideoOS.EventServer.Disable.UnitTest.DisableAlarmItemTest" name="TestXmlValidTwo" />
    </UnitTest>
    <UnitTest name="TestGetAllElementsOfTypeExcludeRoot" storage="d:\actions-runner\_work\xpco\xpco\eventserver\server\components\central\server\unittest\bin\x64\debug\videoos.event.server.unittest.dll" id="cbe8b214-ea1c-0fd1-1902-5026939c5b9f">
      <Execution id="c7e4e59b-84ee-48fd-b204-6a1e0b6d1c73" />
      <TestMethod codeBase="D:\actions-runner\_work\XPCO\XPCO\EventServer\Server\Components\Central\Server\unittest\bin\x64\Debug\VideoOS.Event.Server.UnitTest.dll" adapterTypeName="executor://mstestadapter/v2" className="VideoOS.Event.Server.Map.UnitTest.VisualElementManagerTest" name="TestGetAllElementsOfTypeExcludeRoot" />
    </UnitTest>
    <UnitTest name="TestUpdateElementWithTwoRelationsOnSameParentCausingCyclicTree" storage="d:\actions-runner\_work\xpco\xpco\eventserver\server\components\central\server\unittest\bin\x64\debug\videoos.event.server.unittest.dll" id="40011b60-4048-c1a7-b55d-88f066436383">
      <Execution id="af14b27f-e5e3-4e99-b8ac-25b2e1b34692" />
      <TestMethod codeBase="D:\actions-runner\_work\XPCO\XPCO\EventServer\Server\Components\Central\Server\unittest\bin\x64\Debug\VideoOS.Event.Server.UnitTest.dll" adapterTypeName="executor://mstestadapter/v2" className="VideoOS.Event.Server.Map.UnitTest.VisualElementManagerTest" name="TestUpdateElementWithTwoRelationsOnSameParentCausingCyclicTree" />
    </UnitTest>
    <UnitTest name="TestUpdateObjectWithServerIDInID" storage="d:\actions-runner\_work\xpco\xpco\eventserver\server\components\central\server\unittest\bin\x64\debug\videoos.event.server.unittest.dll" id="6f269c0c-f8af-9aab-1e33-51ad0ab30096">
      <TestCategory>
        <TestCategoryItem TestCategory="WebService/Map" />
      </TestCategory>
      <Execution id="b5bae3a1-5590-4344-bb52-09c7cdc7684e" />
      <TestMethod codeBase="D:\actions-runner\_work\XPCO\XPCO\EventServer\Server\Components\Central\Server\unittest\bin\x64\Debug\VideoOS.Event.Server.UnitTest.dll" adapterTypeName="executor://mstestadapter/v2" className="VideoOS.Event.Server.WebService.Map.UnitTest.MapCommandTokenTest" name="TestUpdateObjectWithServerIDInID" />
    </UnitTest>
    <UnitTest name="TestGetXML" storage="d:\actions-runner\_work\xpco\xpco\eventserver\server\components\central\server\unittest\bin\x64\debug\videoos.event.server.unittest.dll" id="fa0411a1-2370-819b-055c-83a992a25bc8">
      <Execution id="2b77eba7-d5a1-4a25-96ac-8ecf0b23e971" />
      <TestMethod codeBase="D:\actions-runner\_work\XPCO\XPCO\EventServer\Server\Components\Central\Server\unittest\bin\x64\Debug\VideoOS.Event.Server.UnitTest.dll" adapterTypeName="executor://mstestadapter/v2" className="VideoOS.Event.Server.Map.Data.UnitTest.VisualizationStateStorageTest" name="TestGetXML" />
    </UnitTest>
    <UnitTest name="TestGetStatusForAllObjectsOfTypeNotAuthenticated" storage="d:\actions-runner\_work\xpco\xpco\eventserver\server\components\central\server\unittest\bin\x64\debug\videoos.event.server.unittest.dll" id="c7daca29-1755-7aa7-c742-17b920aea620">
      <Execution id="f701c7d0-d1f7-498a-865a-5f431b223068" />
      <TestMethod codeBase="D:\actions-runner\_work\XPCO\XPCO\EventServer\Server\Components\Central\Server\unittest\bin\x64\Debug\VideoOS.Event.Server.UnitTest.dll" adapterTypeName="executor://mstestadapter/v2" className="VideoOS.Event.Server.WebService.Status.UnitTest.StatusCommandCredentialsTest" name="TestGetStatusForAllObjectsOfTypeNotAuthenticated" />
    </UnitTest>
    <UnitTest name="TestUpdateElementWithWithAChildRemovingRelation" storage="d:\actions-runner\_work\xpco\xpco\eventserver\server\components\central\server\unittest\bin\x64\debug\videoos.event.server.unittest.dll" id="628c5a10-fa75-4635-d543-84daf4bbbed1">
      <Execution id="e7044628-bac1-48d9-bf65-7cc4d8bae89c" />
      <TestMethod codeBase="D:\actions-runner\_work\XPCO\XPCO\EventServer\Server\Components\Central\Server\unittest\bin\x64\Debug\VideoOS.Event.Server.UnitTest.dll" adapterTypeName="executor://mstestadapter/v2" className="VideoOS.Event.Server.Map.UnitTest.VisualElementManagerTest" name="TestUpdateElementWithWithAChildRemovingRelation" />
    </UnitTest>
    <UnitTest name="TestGetStatus" storage="d:\actions-runner\_work\xpco\xpco\eventserver\server\components\central\server\unittest\bin\x64\debug\videoos.event.server.unittest.dll" id="c425ec9e-c38d-1375-c959-34a80814e443">
      <Execution id="2f0a1d7f-e5d8-4b6a-b05e-1d8b9a08b34a" />
      <TestMethod codeBase="D:\actions-runner\_work\XPCO\XPCO\EventServer\Server\Components\Central\Server\unittest\bin\x64\Debug\VideoOS.Event.Server.UnitTest.dll" adapterTypeName="executor://mstestadapter/v2" className="VideoOS.Event.Server.WebService.Status.UnitTest.StatusCommandTokenTest" name="TestGetStatus" />
    </UnitTest>
    <UnitTest name="GetObject_WithValidParameters" storage="d:\actions-runner\_work\xpco\xpco\eventserver\server\components\central\server\unittest\bin\x64\debug\videoos.event.server.unittest.dll" id="afe764cc-6fe5-f186-9934-0dcec682f3a1">
      <TestCategory>
        <TestCategoryItem TestCategory="WebService/Map" />
      </TestCategory>
      <Execution id="7759aca4-01e6-404f-92f2-089a72815f1b" />
      <TestMethod codeBase="D:\actions-runner\_work\XPCO\XPCO\EventServer\Server\Components\Central\Server\unittest\bin\x64\Debug\VideoOS.Event.Server.UnitTest.dll" adapterTypeName="executor://mstestadapter/v2" className="VideoOS.Event.Server.WebService.Map.UnitTest.MapCommandToken2Test" name="GetObject_WithValidParameters" />
    </UnitTest>
    <UnitTest name="TestCreateObjectWithInvalidUser" storage="d:\actions-runner\_work\xpco\xpco\eventserver\server\components\central\server\unittest\bin\x64\debug\videoos.event.server.unittest.dll" id="f17fb508-5add-884a-e759-f0cbc77bb104">
      <TestCategory>
        <TestCategoryItem TestCategory="WebService/Map" />
      </TestCategory>
      <Execution id="e3187765-debe-4acf-ac79-a32eb0add862" />
      <TestMethod codeBase="D:\actions-runner\_work\XPCO\XPCO\EventServer\Server\Components\Central\Server\unittest\bin\x64\Debug\VideoOS.Event.Server.UnitTest.dll" adapterTypeName="executor://mstestadapter/v2" className="VideoOS.Event.Server.WebService.Map.UnitTest.MapCommandTokenTest" name="TestCreateObjectWithInvalidUser" />
    </UnitTest>
    <UnitTest name="TestDeleteObjectsThrowingUnhandledException" storage="d:\actions-runner\_work\xpco\xpco\eventserver\server\components\central\server\unittest\bin\x64\debug\videoos.event.server.unittest.dll" id="bad3960a-f0bc-6413-1aed-72f207099ded">
      <TestCategory>
        <TestCategoryItem TestCategory="WebService/Map" />
      </TestCategory>
      <Execution id="7069fd1b-0226-463a-ac0e-3497ae0b0765" />
      <TestMethod codeBase="D:\actions-runner\_work\XPCO\XPCO\EventServer\Server\Components\Central\Server\unittest\bin\x64\Debug\VideoOS.Event.Server.UnitTest.dll" adapterTypeName="executor://mstestadapter/v2" className="VideoOS.Event.Server.WebService.Map.UnitTest.MapCommandCredentialsTest" name="TestDeleteObjectsThrowingUnhandledException" />
    </UnitTest>
    <UnitTest name="TestCreateObjectsWithInvalidUser" storage="d:\actions-runner\_work\xpco\xpco\eventserver\server\components\central\server\unittest\bin\x64\debug\videoos.event.server.unittest.dll" id="e25a0b21-87b2-7f59-87da-5dca25810132">
      <TestCategory>
        <TestCategoryItem TestCategory="WebService/Map" />
      </TestCategory>
      <Execution id="1f6b5e87-7203-4f3a-bc4d-e0986007cd05" />
      <TestMethod codeBase="D:\actions-runner\_work\XPCO\XPCO\EventServer\Server\Components\Central\Server\unittest\bin\x64\Debug\VideoOS.Event.Server.UnitTest.dll" adapterTypeName="executor://mstestadapter/v2" className="VideoOS.Event.Server.WebService.Map.UnitTest.MapCommandToken2Test" name="TestCreateObjectsWithInvalidUser" />
    </UnitTest>
    <UnitTest name="TestGetPlugInsThrowingUnhandledException" storage="d:\actions-runner\_work\xpco\xpco\eventserver\server\components\central\server\unittest\bin\x64\debug\videoos.event.server.unittest.dll" id="6f8a36d0-d7e5-32de-4250-37aef9b883a4">
      <TestCategory>
        <TestCategoryItem TestCategory="WebService/Map" />
      </TestCategory>
      <Execution id="396e9337-c178-49e2-b035-905967963ed2" />
      <TestMethod codeBase="D:\actions-runner\_work\XPCO\XPCO\EventServer\Server\Components\Central\Server\unittest\bin\x64\Debug\VideoOS.Event.Server.UnitTest.dll" adapterTypeName="executor://mstestadapter/v2" className="VideoOS.Event.Server.WebService.Map.UnitTest.MapCommandTokenTest" name="TestGetPlugInsThrowingUnhandledException" />
    </UnitTest>
    <UnitTest name="EventIdListTest_RecorderListIds_NotContainedInWebServiceEventIds" storage="d:\actions-runner\_work\xpco\xpco\eventserver\server\components\central\server\unittest\bin\x64\debug\videoos.event.server.unittest.dll" id="9a60e8b1-4d8a-31ce-d3cc-dc0fc13ef5e5">
      <Execution id="7139999b-8874-4d4c-835a-17ef28c4751a" />
      <TestMethod codeBase="D:\actions-runner\_work\XPCO\XPCO\EventServer\Server\Components\Central\Server\unittest\bin\x64\Debug\VideoOS.Event.Server.UnitTest.dll" adapterTypeName="executor://mstestadapter/v2" className="VideoOS.Event.Server.UnitTest.Event.EventIdListTest" name="EventIdListTest_RecorderListIds_NotContainedInWebServiceEventIds" />
    </UnitTest>
    <UnitTest name="TestAddUserWithNullUser" storage="d:\actions-runner\_work\xpco\xpco\eventserver\server\components\central\server\unittest\bin\x64\debug\videoos.event.server.unittest.dll" id="053605cc-6735-42bb-6e5a-f614c91f94ee">
      <TestCategory>
        <TestCategoryItem TestCategory="PermissionManagerFetcher" />
      </TestCategory>
      <Execution id="55dd2b2a-0c19-4110-ad15-5df0dc61c607" />
      <TestMethod codeBase="D:\actions-runner\_work\XPCO\XPCO\EventServer\Server\Components\Central\Server\unittest\bin\x64\Debug\VideoOS.Event.Server.UnitTest.dll" adapterTypeName="executor://mstestadapter/v2" className="VideoOS.Event.Server.UnitTest.Security.PermissionFetcherTest" name="TestAddUserWithNullUser" />
    </UnitTest>
    <UnitTest name="TestUpdateObjectWithInvalidUser" storage="d:\actions-runner\_work\xpco\xpco\eventserver\server\components\central\server\unittest\bin\x64\debug\videoos.event.server.unittest.dll" id="6d4ff796-fb99-102d-5dff-045c4f4a4c1a">
      <TestCategory>
        <TestCategoryItem TestCategory="WebService/Map" />
      </TestCategory>
      <Execution id="ba8ff3ab-a92a-4622-8162-88bc55df1cea" />
      <TestMethod codeBase="D:\actions-runner\_work\XPCO\XPCO\EventServer\Server\Components\Central\Server\unittest\bin\x64\Debug\VideoOS.Event.Server.UnitTest.dll" adapterTypeName="executor://mstestadapter/v2" className="VideoOS.Event.Server.WebService.Map.UnitTest.MapCommandToken2Test" name="TestUpdateObjectWithInvalidUser" />
    </UnitTest>
    <UnitTest name="TestGetObjectWithInvalidUser" storage="d:\actions-runner\_work\xpco\xpco\eventserver\server\components\central\server\unittest\bin\x64\debug\videoos.event.server.unittest.dll" id="f87f9f49-0187-2919-3722-c1448f7defc0">
      <TestCategory>
        <TestCategoryItem TestCategory="WebService/Map" />
      </TestCategory>
      <Execution id="b66dc7d7-1168-4539-93b9-d062641bcbf0" />
      <TestMethod codeBase="D:\actions-runner\_work\XPCO\XPCO\EventServer\Server\Components\Central\Server\unittest\bin\x64\Debug\VideoOS.Event.Server.UnitTest.dll" adapterTypeName="executor://mstestadapter/v2" className="VideoOS.Event.Server.WebService.Map.UnitTest.MapCommandToken2Test" name="TestGetObjectWithInvalidUser" />
    </UnitTest>
    <UnitTest name="ConstructorTest" storage="d:\actions-runner\_work\xpco\xpco\eventserver\server\components\central\server\unittest\bin\x64\debug\videoos.event.server.unittest.dll" id="52e64020-04e8-41f8-927f-e3992d18234b">
      <Execution id="3609d369-0c23-4f59-a624-111fc63a63b7" />
      <TestMethod codeBase="D:\actions-runner\_work\XPCO\XPCO\EventServer\Server\Components\Central\Server\unittest\bin\x64\Debug\VideoOS.Event.Server.UnitTest.dll" adapterTypeName="executor://mstestadapter/v2" className="VideoOS.Event.Server.Sound.UnitTest.SoundManagerTest" name="ConstructorTest" />
    </UnitTest>
    <UnitTest name="TestUpdateBoundsWithNullParameters" storage="d:\actions-runner\_work\xpco\xpco\eventserver\server\components\central\server\unittest\bin\x64\debug\videoos.event.server.unittest.dll" id="db82d364-bead-2e32-98c7-e2a0a53f7d8e">
      <Execution id="af4a11cf-5e43-4287-8b24-7cf74fb35a3e" />
      <TestMethod codeBase="D:\actions-runner\_work\XPCO\XPCO\EventServer\Server\Components\Central\Server\unittest\bin\x64\Debug\VideoOS.Event.Server.UnitTest.dll" adapterTypeName="executor://mstestadapter/v2" className="VideoOS.Event.Server.Map.Data.UnitTest.VisualElementStorageTest" name="TestUpdateBoundsWithNullParameters" />
    </UnitTest>
    <UnitTest name="TestDeleteObjectAndChildObjectsThrowingUnhandledException" storage="d:\actions-runner\_work\xpco\xpco\eventserver\server\components\central\server\unittest\bin\x64\debug\videoos.event.server.unittest.dll" id="ccfdb732-b4f9-66b8-8a41-9bc827d46e1b">
      <TestCategory>
        <TestCategoryItem TestCategory="WebService/Map" />
      </TestCategory>
      <Execution id="083d233d-871f-4dc6-b551-ccf0642fca4f" />
      <TestMethod codeBase="D:\actions-runner\_work\XPCO\XPCO\EventServer\Server\Components\Central\Server\unittest\bin\x64\Debug\VideoOS.Event.Server.UnitTest.dll" adapterTypeName="executor://mstestadapter/v2" className="VideoOS.Event.Server.WebService.Map.UnitTest.MapCommandCredentialsTest" name="TestDeleteObjectAndChildObjectsThrowingUnhandledException" />
    </UnitTest>
    <UnitTest name="TestUpdateAlarmException" storage="d:\actions-runner\_work\xpco\xpco\eventserver\server\components\central\server\unittest\bin\x64\debug\videoos.event.server.unittest.dll" id="fb6f9dd8-5e05-63fd-042e-9b13a815a54e">
      <Execution id="2221ed77-6a10-482d-b7a5-dc3a75eef9ba" />
      <TestMethod codeBase="D:\actions-runner\_work\XPCO\XPCO\EventServer\Server\Components\Central\Server\unittest\bin\x64\Debug\VideoOS.Event.Server.UnitTest.dll" adapterTypeName="executor://mstestadapter/v2" className="VideoOS.Event.Server.WebService.Alarm.UnitTest.AlarmCommandTokenTest" name="TestUpdateAlarmException" />
    </UnitTest>
    <UnitTest name="TestUpdateNameWithInvalidUser" storage="d:\actions-runner\_work\xpco\xpco\eventserver\server\components\central\server\unittest\bin\x64\debug\videoos.event.server.unittest.dll" id="e540e23a-9086-c95a-fecf-e7701392786b">
      <Execution id="9f4d84af-0417-4c30-aaf2-f53ff237b169" />
      <TestMethod codeBase="D:\actions-runner\_work\XPCO\XPCO\EventServer\Server\Components\Central\Server\unittest\bin\x64\Debug\VideoOS.Event.Server.UnitTest.dll" adapterTypeName="executor://mstestadapter/v2" className="VideoOS.Event.Server.WebService.Map.UnitTest.MapCommandToken2Test" name="TestUpdateNameWithInvalidUser" />
    </UnitTest>
    <UnitTest name="HasStateUpdate_ShouldReturnFalse_WhenListIsEmpty" storage="d:\actions-runner\_work\xpco\xpco\eventserver\server\components\central\server\unittest\bin\x64\debug\videoos.event.server.unittest.dll" id="34946c4b-9b86-cf74-6501-0375a2804ba9">
      <Execution id="d03c17df-834a-4ca5-bd22-b2a68b048d95" />
      <TestMethod codeBase="D:\actions-runner\_work\XPCO\XPCO\EventServer\Server\Components\Central\Server\unittest\bin\x64\Debug\VideoOS.Event.Server.UnitTest.dll" adapterTypeName="executor://mstestadapter/v2" className="VideoOS.Event.Server.UnitTest.Alarm.AlarmActionItems.StateUpdateHelperTest" name="HasStateUpdate_ShouldReturnFalse_WhenListIsEmpty" />
    </UnitTest>
    <UnitTest name="TestRemoveElementAndChildElementsRemovingMiddleMap" storage="d:\actions-runner\_work\xpco\xpco\eventserver\server\components\central\server\unittest\bin\x64\debug\videoos.event.server.unittest.dll" id="0a3db00b-0b97-dba4-4bb2-8340250078ae">
      <Execution id="2e648e26-cc6f-4db7-b19b-15334ac175e9" />
      <TestMethod codeBase="D:\actions-runner\_work\XPCO\XPCO\EventServer\Server\Components\Central\Server\unittest\bin\x64\Debug\VideoOS.Event.Server.UnitTest.dll" adapterTypeName="executor://mstestadapter/v2" className="VideoOS.Event.Server.Map.UnitTest.VisualElementManagerTest" name="TestRemoveElementAndChildElementsRemovingMiddleMap" />
    </UnitTest>
    <UnitTest name="TestGetAllObjectIDsOnVisualElementThrowingUnhandledException" storage="d:\actions-runner\_work\xpco\xpco\eventserver\server\components\central\server\unittest\bin\x64\debug\videoos.event.server.unittest.dll" id="3ad98607-26cc-6655-dc29-e5f3eed86a78">
      <TestCategory>
        <TestCategoryItem TestCategory="WebService/Map" />
      </TestCategory>
      <Execution id="7d6ff040-475b-46da-83ff-6f5be9ce2882" />
      <TestMethod codeBase="D:\actions-runner\_work\XPCO\XPCO\EventServer\Server\Components\Central\Server\unittest\bin\x64\Debug\VideoOS.Event.Server.UnitTest.dll" adapterTypeName="executor://mstestadapter/v2" className="VideoOS.Event.Server.WebService.Map.UnitTest.MapCommandToken2Test" name="TestGetAllObjectIDsOnVisualElementThrowingUnhandledException" />
    </UnitTest>
    <UnitTest name="WhenAlarmSearchCriteriaWrongCriteriaNameThenEmptyString" storage="d:\actions-runner\_work\xpco\xpco\eventserver\server\components\central\server\unittest\bin\x64\debug\videoos.event.server.unittest.dll" id="2eaf6ee4-1003-56ee-eef5-aafdbc50175e">
      <Execution id="293876f0-a1bb-4060-8dd8-f6b3d7c36a1f" />
      <TestMethod codeBase="D:\actions-runner\_work\XPCO\XPCO\EventServer\Server\Components\Central\Server\unittest\bin\x64\Debug\VideoOS.Event.Server.UnitTest.dll" adapterTypeName="executor://mstestadapter/v2" className="VideoOS.Event.Server.UnitTest.WebService.Alarm.AlarmSearchCriteriaConditionFactoryTest" name="WhenAlarmSearchCriteriaWrongCriteriaNameThenEmptyString" />
    </UnitTest>
    <UnitTest name="TestInsertElementsWithSameRelationIdAsExistingElementButOnADifferentServer" storage="d:\actions-runner\_work\xpco\xpco\eventserver\server\components\central\server\unittest\bin\x64\debug\videoos.event.server.unittest.dll" id="54628e5e-9bc2-e168-4fa6-b236a923fcfe">
      <Execution id="57cc04f0-4e8e-46ba-ba3e-bd28f592348b" />
      <TestMethod codeBase="D:\actions-runner\_work\XPCO\XPCO\EventServer\Server\Components\Central\Server\unittest\bin\x64\Debug\VideoOS.Event.Server.UnitTest.dll" adapterTypeName="executor://mstestadapter/v2" className="VideoOS.Event.Server.Map.UnitTest.VisualElementManagerTest" name="TestInsertElementsWithSameRelationIdAsExistingElementButOnADifferentServer" />
    </UnitTest>
    <UnitTest name="TestCreateObjectWithServerIDInOwnerID" storage="d:\actions-runner\_work\xpco\xpco\eventserver\server\components\central\server\unittest\bin\x64\debug\videoos.event.server.unittest.dll" id="581b35c1-69fb-fac0-162b-a3e1aaae8ec3">
      <TestCategory>
        <TestCategoryItem TestCategory="WebService/Map" />
      </TestCategory>
      <Execution id="1ff55c49-cbc2-4765-99b1-1aa4a319974d" />
      <TestMethod codeBase="D:\actions-runner\_work\XPCO\XPCO\EventServer\Server\Components\Central\Server\unittest\bin\x64\Debug\VideoOS.Event.Server.UnitTest.dll" adapterTypeName="executor://mstestadapter/v2" className="VideoOS.Event.Server.WebService.Map.UnitTest.MapCommandTokenTest" name="TestCreateObjectWithServerIDInOwnerID" />
    </UnitTest>
    <UnitTest name="TestSecurityCommunication" storage="d:\actions-runner\_work\xpco\xpco\eventserver\server\components\central\server\unittest\bin\x64\debug\videoos.event.server.unittest.dll" id="a7c5d785-f39b-a877-a62c-7f98f99646cd">
      <Execution id="3ce2c5fc-0b93-4258-ab09-d848b4014ab3" />
      <TestMethod codeBase="D:\actions-runner\_work\XPCO\XPCO\EventServer\Server\Components\Central\Server\unittest\bin\x64\Debug\VideoOS.Event.Server.UnitTest.dll" adapterTypeName="executor://mstestadapter/v2" className="VideoOS.Event.Server.Security.UnitTest.SecurityCommunicationTest" name="TestSecurityCommunication" />
    </UnitTest>
    <UnitTest name="TestInsertElementWithOwnerElement" storage="d:\actions-runner\_work\xpco\xpco\eventserver\server\components\central\server\unittest\bin\x64\debug\videoos.event.server.unittest.dll" id="4880dc0a-6935-afb4-9835-91322ae59472">
      <Execution id="22ea5d80-8848-414d-98b4-b85c0fda8783" />
      <TestMethod codeBase="D:\actions-runner\_work\XPCO\XPCO\EventServer\Server\Components\Central\Server\unittest\bin\x64\Debug\VideoOS.Event.Server.UnitTest.dll" adapterTypeName="executor://mstestadapter/v2" className="VideoOS.Event.Server.Map.UnitTest.VisualElementManagerTest" name="TestInsertElementWithOwnerElement" />
    </UnitTest>
    <UnitTest name="TestConstructor" storage="d:\actions-runner\_work\xpco\xpco\eventserver\server\components\central\server\unittest\bin\x64\debug\videoos.event.server.unittest.dll" id="fb90f6f4-d115-8815-e75c-a204c1c932cc">
      <Execution id="4a8addb4-5f43-4f57-8033-49569629cba3" />
      <TestMethod codeBase="D:\actions-runner\_work\XPCO\XPCO\EventServer\Server\Components\Central\Server\unittest\bin\x64\Debug\VideoOS.Event.Server.UnitTest.dll" adapterTypeName="executor://mstestadapter/v2" className="VideoOS.Event.Server.MIP.PlugIn.UnitTest.MapPlugInTypeEventHandlerTest" name="TestConstructor" />
    </UnitTest>
    <UnitTest name="TestGetTypeChangedWithInvalidUser" storage="d:\actions-runner\_work\xpco\xpco\eventserver\server\components\central\server\unittest\bin\x64\debug\videoos.event.server.unittest.dll" id="9c86edb1-8421-03ff-f287-850cdcf3d65e">
      <TestCategory>
        <TestCategoryItem TestCategory="WebService/Map" />
      </TestCategory>
      <Execution id="87f8193a-05ea-4dc1-accd-0298956cfc66" />
      <TestMethod codeBase="D:\actions-runner\_work\XPCO\XPCO\EventServer\Server\Components\Central\Server\unittest\bin\x64\Debug\VideoOS.Event.Server.UnitTest.dll" adapterTypeName="executor://mstestadapter/v2" className="VideoOS.Event.Server.WebService.Map.UnitTest.MapCommandToken2Test" name="TestGetTypeChangedWithInvalidUser" />
    </UnitTest>
    <UnitTest name="TestGetTypeChangedThrowingUnhandledException" storage="d:\actions-runner\_work\xpco\xpco\eventserver\server\components\central\server\unittest\bin\x64\debug\videoos.event.server.unittest.dll" id="f77eaa31-835c-32de-1591-59ded3243b0f">
      <TestCategory>
        <TestCategoryItem TestCategory="WebService/Map" />
      </TestCategory>
      <Execution id="24629ffd-a1d5-4d2f-8e9b-1c3b701526c0" />
      <TestMethod codeBase="D:\actions-runner\_work\XPCO\XPCO\EventServer\Server\Components\Central\Server\unittest\bin\x64\Debug\VideoOS.Event.Server.UnitTest.dll" adapterTypeName="executor://mstestadapter/v2" className="VideoOS.Event.Server.WebService.Map.UnitTest.MapCommandCredentialsTest" name="TestGetTypeChangedThrowingUnhandledException" />
    </UnitTest>
    <UnitTest name="TestCheckAuthorizationWithCachedData" storage="d:\actions-runner\_work\xpco\xpco\eventserver\server\components\central\server\unittest\bin\x64\debug\videoos.event.server.unittest.dll" id="4ef61b4c-e4db-af8f-ac17-9fede93bc802">
      <TestCategory>
        <TestCategoryItem TestCategory="ActionAuthorizationCache" />
      </TestCategory>
      <Execution id="8e25bba0-8e45-4abb-b249-a08ebcfce3fd" />
      <TestMethod codeBase="D:\actions-runner\_work\XPCO\XPCO\EventServer\Server\Components\Central\Server\unittest\bin\x64\Debug\VideoOS.Event.Server.UnitTest.dll" adapterTypeName="executor://mstestadapter/v2" className="VideoOS.Event.Server.UnitTest.Security.ActionAuthorizationCacheTest" name="TestCheckAuthorizationWithCachedData" />
    </UnitTest>
    <UnitTest name="TestAddAsEventException" storage="d:\actions-runner\_work\xpco\xpco\eventserver\server\components\central\server\unittest\bin\x64\debug\videoos.event.server.unittest.dll" id="cec85ed6-94b7-0884-130d-7d383606a34c">
      <Execution id="cc26a78c-889d-4e15-ad6c-da22443d4a6b" />
      <TestMethod codeBase="D:\actions-runner\_work\XPCO\XPCO\EventServer\Server\Components\Central\Server\unittest\bin\x64\Debug\VideoOS.Event.Server.UnitTest.dll" adapterTypeName="executor://mstestadapter/v2" className="VideoOS.Event.Server.WebService.Alarm.UnitTest.AlarmCommandTokenTest" name="TestAddAsEventException" />
    </UnitTest>
    <UnitTest name="TestCacheCleanupSingleSessionMultipleUserIdsNoTouch" storage="d:\actions-runner\_work\xpco\xpco\eventserver\server\components\central\server\unittest\bin\x64\debug\videoos.event.server.unittest.dll" id="e079c5c4-1fae-a6da-0486-c552e58badba">
      <TestCategory>
        <TestCategoryItem TestCategory="SessionCache" />
      </TestCategory>
      <Execution id="fc1fd8ea-c6cf-468c-8b5f-b585d914c97e" />
      <TestMethod codeBase="D:\actions-runner\_work\XPCO\XPCO\EventServer\Server\Components\Central\Server\unittest\bin\x64\Debug\VideoOS.Event.Server.UnitTest.dll" adapterTypeName="executor://mstestadapter/v2" className="VideoOS.Event.Server.UnitTest.Session.SessionCacheCleanupTest" name="TestCacheCleanupSingleSessionMultipleUserIdsNoTouch" />
    </UnitTest>
    <UnitTest name="TestToVisualElementWithAllVariables" storage="d:\actions-runner\_work\xpco\xpco\eventserver\server\components\central\server\unittest\bin\x64\debug\videoos.event.server.unittest.dll" id="d7b00472-0a8a-5b5d-fde7-8844bced6ccf">
      <Execution id="a3be7058-445e-44b8-b2e4-a579899d8deb" />
      <TestMethod codeBase="D:\actions-runner\_work\XPCO\XPCO\EventServer\Server\Components\Central\Server\unittest\bin\x64\Debug\VideoOS.Event.Server.UnitTest.dll" adapterTypeName="executor://mstestadapter/v2" className="VideoOS.Event.Server.Map.Data.UnitTest.VisualElementStorageTest" name="TestToVisualElementWithAllVariables" />
    </UnitTest>
    <UnitTest name="GetEventGroupsTest" storage="d:\actions-runner\_work\xpco\xpco\eventserver\server\components\central\server\unittest\bin\x64\debug\videoos.event.server.unittest.dll" id="99db2c8d-df19-f1dc-856a-dcda513f742a">
      <Execution id="6b436273-677f-4434-81bb-a94cd92b7988" />
      <TestMethod codeBase="D:\actions-runner\_work\XPCO\XPCO\EventServer\Server\Components\Central\Server\unittest\bin\x64\Debug\VideoOS.Event.Server.UnitTest.dll" adapterTypeName="executor://mstestadapter/v2" className="VideoOS.Event.Server.UnitTest.AccessControl.AccessControlEventTypeProviderTest" name="GetEventGroupsTest" />
    </UnitTest>
    <UnitTest name="TestGetVisualizationChangesThrowingUnhandledException" storage="d:\actions-runner\_work\xpco\xpco\eventserver\server\components\central\server\unittest\bin\x64\debug\videoos.event.server.unittest.dll" id="65cd34d4-2620-d256-d48f-f7a1f4b0ff4c">
      <Execution id="0cdc94c0-59e5-4f64-8e53-4c82d1d843fb" />
      <TestMethod codeBase="D:\actions-runner\_work\XPCO\XPCO\EventServer\Server\Components\Central\Server\unittest\bin\x64\Debug\VideoOS.Event.Server.UnitTest.dll" adapterTypeName="executor://mstestadapter/v2" className="VideoOS.Event.Server.WebService.Status.UnitTest.StatusCommandTokenTest" name="TestGetVisualizationChangesThrowingUnhandledException" />
    </UnitTest>
    <UnitTest name="TestGetAllObjectsOnVisualElementThrowingUnhandledException" storage="d:\actions-runner\_work\xpco\xpco\eventserver\server\components\central\server\unittest\bin\x64\debug\videoos.event.server.unittest.dll" id="ff4dc26d-11fa-60e5-abe6-ccf02d137214">
      <TestCategory>
        <TestCategoryItem TestCategory="WebService/Map" />
      </TestCategory>
      <Execution id="18faf0eb-fbf9-47d7-914d-54145c5721e3" />
      <TestMethod codeBase="D:\actions-runner\_work\XPCO\XPCO\EventServer\Server\Components\Central\Server\unittest\bin\x64\Debug\VideoOS.Event.Server.UnitTest.dll" adapterTypeName="executor://mstestadapter/v2" className="VideoOS.Event.Server.WebService.Map.UnitTest.MapCommandTokenTest" name="TestGetAllObjectsOnVisualElementThrowingUnhandledException" />
    </UnitTest>
    <UnitTest name="TestActionCommandCredentialsExecuteAction" storage="d:\actions-runner\_work\xpco\xpco\eventserver\server\components\central\server\unittest\bin\x64\debug\videoos.event.server.unittest.dll" id="54ea5201-a555-396e-a44c-4ddf5a575693">
      <Execution id="80782f6e-e5a5-40d8-be79-b695418dd8cb" />
      <TestMethod codeBase="D:\actions-runner\_work\XPCO\XPCO\EventServer\Server\Components\Central\Server\unittest\bin\x64\Debug\VideoOS.Event.Server.UnitTest.dll" adapterTypeName="executor://mstestadapter/v2" className="VideoOS.Event.Server.UnitTest.WebService.Action.ActionCommandCredentialsTest" name="TestActionCommandCredentialsExecuteAction" />
    </UnitTest>
    <UnitTest name="TestRemoveElementAndChildElementsWithCyclicRelation" storage="d:\actions-runner\_work\xpco\xpco\eventserver\server\components\central\server\unittest\bin\x64\debug\videoos.event.server.unittest.dll" id="f63b110a-a15d-825d-14f9-2151d2f1e07f">
      <Execution id="225bf3e0-301d-406f-a05f-1a36ee5b87c3" />
      <TestMethod codeBase="D:\actions-runner\_work\XPCO\XPCO\EventServer\Server\Components\Central\Server\unittest\bin\x64\Debug\VideoOS.Event.Server.UnitTest.dll" adapterTypeName="executor://mstestadapter/v2" className="VideoOS.Event.Server.Map.UnitTest.VisualElementManagerTest" name="TestRemoveElementAndChildElementsWithCyclicRelation" />
    </UnitTest>
    <UnitTest name="TestGetAllElementIDs" storage="d:\actions-runner\_work\xpco\xpco\eventserver\server\components\central\server\unittest\bin\x64\debug\videoos.event.server.unittest.dll" id="6cea7616-93f4-1d82-21a5-a08920114d81">
      <Execution id="e7c653c6-d080-415e-a743-fce53bc74e37" />
      <TestMethod codeBase="D:\actions-runner\_work\XPCO\XPCO\EventServer\Server\Components\Central\Server\unittest\bin\x64\Debug\VideoOS.Event.Server.UnitTest.dll" adapterTypeName="executor://mstestadapter/v2" className="VideoOS.Event.Server.Map.UnitTest.VisualElementManagerTest" name="TestGetAllElementIDs" />
    </UnitTest>
    <UnitTest name="TestOneACSystemPLDisabledOneACSystemPLDisabled" storage="d:\actions-runner\_work\xpco\xpco\eventserver\server\components\central\server\unittest\bin\x64\debug\videoos.event.server.unittest.dll" id="e79cff88-57a1-4d54-5842-382760458b84">
      <TestCategory>
        <TestCategoryItem TestCategory="AccessControlUserIdTransformer" />
      </TestCategory>
      <Execution id="1eeea78d-48cf-471f-8261-360e8eead32b" />
      <TestMethod codeBase="D:\actions-runner\_work\XPCO\XPCO\EventServer\Server\Components\Central\Server\unittest\bin\x64\Debug\VideoOS.Event.Server.UnitTest.dll" adapterTypeName="executor://mstestadapter/v2" className="VideoOS.Event.Server.UnitTest.Session.AccessControlUserIdTransformerTest" name="TestOneACSystemPLDisabledOneACSystemPLDisabled" />
    </UnitTest>
    <UnitTest name="TestGetIconWithKnownIcon" storage="d:\actions-runner\_work\xpco\xpco\eventserver\server\components\central\server\unittest\bin\x64\debug\videoos.event.server.unittest.dll" id="ab9fb49f-5b84-1d00-eb5f-054ce88b0664">
      <Execution id="5cf9cb49-6c0e-4750-b9dd-84ab05ee4ba1" />
      <TestMethod codeBase="D:\actions-runner\_work\XPCO\XPCO\EventServer\Server\Components\Central\Server\unittest\bin\x64\Debug\VideoOS.Event.Server.UnitTest.dll" adapterTypeName="executor://mstestadapter/v2" className="VideoOS.Event.Server.MIP.PlugIn.UnitTest.MapPlugInTypeEventHandlerTest" name="TestGetIconWithKnownIcon" />
    </UnitTest>
    <UnitTest name="TestOneACSystemPLDisabled" storage="d:\actions-runner\_work\xpco\xpco\eventserver\server\components\central\server\unittest\bin\x64\debug\videoos.event.server.unittest.dll" id="c700525e-3442-c96d-4b95-bb78207a074f">
      <TestCategory>
        <TestCategoryItem TestCategory="AccessControlUserIdTransformer" />
      </TestCategory>
      <Execution id="141a7ef0-14c1-496b-86e8-c60019dfb84f" />
      <TestMethod codeBase="D:\actions-runner\_work\XPCO\XPCO\EventServer\Server\Components\Central\Server\unittest\bin\x64\Debug\VideoOS.Event.Server.UnitTest.dll" adapterTypeName="executor://mstestadapter/v2" className="VideoOS.Event.Server.UnitTest.Session.AccessControlUserIdTransformerTest" name="TestOneACSystemPLDisabled" />
    </UnitTest>
    <UnitTest name="TestGetStatusForAllObjectsWithCyclicMaps" storage="d:\actions-runner\_work\xpco\xpco\eventserver\server\components\central\server\unittest\bin\x64\debug\videoos.event.server.unittest.dll" id="f93a0f24-8169-c076-4f65-be629a999d8f">
      <Execution id="d3d47676-9b5e-46b6-8804-daaba8a25b46" />
      <TestMethod codeBase="D:\actions-runner\_work\XPCO\XPCO\EventServer\Server\Components\Central\Server\unittest\bin\x64\Debug\VideoOS.Event.Server.UnitTest.dll" adapterTypeName="executor://mstestadapter/v2" className="VideoOS.Event.Server.Map.UnitTest.VisualElementStatusCalculatorTest" name="TestGetStatusForAllObjectsWithCyclicMaps" />
    </UnitTest>
    <UnitTest name="Handle_ShouldFlattenValuesBasedOnPriorityIntAndPriorityValue_WhenValuesDoNotIncludeValidPriorityNameValues" storage="d:\actions-runner\_work\xpco\xpco\eventserver\server\components\central\server\unittest\bin\x64\debug\videoos.event.server.unittest.dll" id="75a586e0-0d79-2a07-0fde-9e8a5096a078">
      <Execution id="89d06a60-721e-433b-a6fc-37e79c07c4b9" />
      <TestMethod codeBase="D:\actions-runner\_work\XPCO\XPCO\EventServer\Server\Components\Central\Server\unittest\bin\x64\Debug\VideoOS.Event.Server.UnitTest.dll" adapterTypeName="executor://mstestadapter/v2" className="VideoOS.Event.Server.UnitTest.Alarm.Processors.UpdateAlarms.UpdateAlarmCompositeValueHandlerTests" name="Handle_ShouldFlattenValuesBasedOnPriorityIntAndPriorityValue_WhenValuesDoNotIncludeValidPriorityNameValues" />
    </UnitTest>
    <UnitTest name="TestInsertElementsWithTwoElementsWithSameRelationIdButOnOnADifferentServer" storage="d:\actions-runner\_work\xpco\xpco\eventserver\server\components\central\server\unittest\bin\x64\debug\videoos.event.server.unittest.dll" id="be8abf47-2092-779c-6ec7-090c9691bc5e">
      <Execution id="94b90fa7-d8fe-41d1-af21-03058c7ef91c" />
      <TestMethod codeBase="D:\actions-runner\_work\XPCO\XPCO\EventServer\Server\Components\Central\Server\unittest\bin\x64\Debug\VideoOS.Event.Server.UnitTest.dll" adapterTypeName="executor://mstestadapter/v2" className="VideoOS.Event.Server.Map.UnitTest.VisualElementManagerTest" name="TestInsertElementsWithTwoElementsWithSameRelationIdButOnOnADifferentServer" />
    </UnitTest>
    <UnitTest name="GetPlugInItemChanges_WithZeroTimeout" storage="d:\actions-runner\_work\xpco\xpco\eventserver\server\components\central\server\unittest\bin\x64\debug\videoos.event.server.unittest.dll" id="410cd1ed-25de-3c72-94d2-b41e7adb85ee">
      <TestCategory>
        <TestCategoryItem TestCategory="WebService/Map" />
      </TestCategory>
      <Execution id="81cf9786-a15c-400f-88f8-df402a9a1df0" />
      <TestMethod codeBase="D:\actions-runner\_work\XPCO\XPCO\EventServer\Server\Components\Central\Server\unittest\bin\x64\Debug\VideoOS.Event.Server.UnitTest.dll" adapterTypeName="executor://mstestadapter/v2" className="VideoOS.Event.Server.WebService.Map.UnitTest.MapCommandTokenTest" name="GetPlugInItemChanges_WithZeroTimeout" />
    </UnitTest>
    <UnitTest name="TestInsertElementWithServerIdInRelationIdWithUsedId" storage="d:\actions-runner\_work\xpco\xpco\eventserver\server\components\central\server\unittest\bin\x64\debug\videoos.event.server.unittest.dll" id="abf180fc-abea-5708-37d0-63d9ab1f1203">
      <Execution id="91ae4ef0-c990-48f2-a631-1b1d29baeb33" />
      <TestMethod codeBase="D:\actions-runner\_work\XPCO\XPCO\EventServer\Server\Components\Central\Server\unittest\bin\x64\Debug\VideoOS.Event.Server.UnitTest.dll" adapterTypeName="executor://mstestadapter/v2" className="VideoOS.Event.Server.Map.UnitTest.VisualElementManagerTest" name="TestInsertElementWithServerIdInRelationIdWithUsedId" />
    </UnitTest>
    <UnitTest name="LookupGroupId_ShouldReturnHardwareEventGroup_WhenEventIsHardwareEvent" storage="d:\actions-runner\_work\xpco\xpco\eventserver\server\components\central\server\unittest\bin\x64\debug\videoos.event.server.unittest.dll" id="12ebd7b2-097b-e30b-d931-f521767957ca">
      <Execution id="ba4c63a7-74cc-4572-ada1-fe86f703ed03" />
      <TestMethod codeBase="D:\actions-runner\_work\XPCO\XPCO\EventServer\Server\Components\Central\Server\unittest\bin\x64\Debug\VideoOS.Event.Server.UnitTest.dll" adapterTypeName="executor://mstestadapter/v2" className="VideoOS.Event.Server.UnitTest.Alarm.ConfigFilterManagerTests" name="LookupGroupId_ShouldReturnHardwareEventGroup_WhenEventIsHardwareEvent" />
    </UnitTest>
    <UnitTest name="TestGetSetProperties" storage="d:\actions-runner\_work\xpco\xpco\eventserver\server\components\central\server\unittest\bin\x64\debug\videoos.event.server.unittest.dll" id="ef3d2462-9805-0737-b936-672aaa3b5c41">
      <Execution id="5cbc87a8-0d52-438d-b180-7509e6aede0f" />
      <TestMethod codeBase="D:\actions-runner\_work\XPCO\XPCO\EventServer\Server\Components\Central\Server\unittest\bin\x64\Debug\VideoOS.Event.Server.UnitTest.dll" adapterTypeName="executor://mstestadapter/v2" className="VideoOS.Event.Server.Map.Data.UnitTest.VisualizationStateStorageTest" name="TestGetSetProperties" />
    </UnitTest>
    <UnitTest name="TestGetAllObjectsOfTypeNotAuthenticated" storage="d:\actions-runner\_work\xpco\xpco\eventserver\server\components\central\server\unittest\bin\x64\debug\videoos.event.server.unittest.dll" id="eccc0c4e-2696-633e-9659-aa59344c2d8e">
      <TestCategory>
        <TestCategoryItem TestCategory="WebService/Map" />
      </TestCategory>
      <Execution id="67a380cc-a995-4087-894d-48f13b4b0e3c" />
      <TestMethod codeBase="D:\actions-runner\_work\XPCO\XPCO\EventServer\Server\Components\Central\Server\unittest\bin\x64\Debug\VideoOS.Event.Server.UnitTest.dll" adapterTypeName="executor://mstestadapter/v2" className="VideoOS.Event.Server.WebService.Map.UnitTest.MapCommandCredentialsTest" name="TestGetAllObjectsOfTypeNotAuthenticated" />
    </UnitTest>
    <UnitTest name="TestCheckAuthorizationWithWindowsUserWithInsufficientRights" storage="d:\actions-runner\_work\xpco\xpco\eventserver\server\components\central\server\unittest\bin\x64\debug\videoos.event.server.unittest.dll" id="bf670d26-8354-165d-b41a-42a1cf89e1b1">
      <TestCategory>
        <TestCategoryItem TestCategory="ActionAuthorizationCache" />
      </TestCategory>
      <Execution id="d47be599-3616-4802-b1f2-f539de52c23c" />
      <TestMethod codeBase="D:\actions-runner\_work\XPCO\XPCO\EventServer\Server\Components\Central\Server\unittest\bin\x64\Debug\VideoOS.Event.Server.UnitTest.dll" adapterTypeName="executor://mstestadapter/v2" className="VideoOS.Event.Server.UnitTest.Security.ActionAuthorizationCacheTest" name="TestCheckAuthorizationWithWindowsUserWithInsufficientRights" />
    </UnitTest>
    <UnitTest name="TestGetStatusDetailsWithUnknownServer" storage="d:\actions-runner\_work\xpco\xpco\eventserver\server\components\central\server\unittest\bin\x64\debug\videoos.event.server.unittest.dll" id="173b93f7-c356-9c4c-d976-470d9bb41b7f">
      <Execution id="0b669034-764b-4684-ba67-11add04e0a3d" />
      <TestMethod codeBase="D:\actions-runner\_work\XPCO\XPCO\EventServer\Server\Components\Central\Server\unittest\bin\x64\Debug\VideoOS.Event.Server.UnitTest.dll" adapterTypeName="executor://mstestadapter/v2" className="VideoOS.Event.Server.Map.Data.UnitTest.StatusElementServerTest" name="TestGetStatusDetailsWithUnknownServer" />
    </UnitTest>
    <UnitTest name="TestUpdateObjectNotAuthenticated" storage="d:\actions-runner\_work\xpco\xpco\eventserver\server\components\central\server\unittest\bin\x64\debug\videoos.event.server.unittest.dll" id="fffc1273-ce43-418f-8c06-38c9e3f1c833">
      <TestCategory>
        <TestCategoryItem TestCategory="WebService/Map" />
      </TestCategory>
      <Execution id="8d568d45-30de-418a-ae08-e816b2790888" />
      <TestMethod codeBase="D:\actions-runner\_work\XPCO\XPCO\EventServer\Server\Components\Central\Server\unittest\bin\x64\Debug\VideoOS.Event.Server.UnitTest.dll" adapterTypeName="executor://mstestadapter/v2" className="VideoOS.Event.Server.WebService.Map.UnitTest.MapCommandCredentialsTest" name="TestUpdateObjectNotAuthenticated" />
    </UnitTest>
    <UnitTest name="TestGetPlugInItemChangesWithChangesItemsWithNowTimestamp" storage="d:\actions-runner\_work\xpco\xpco\eventserver\server\components\central\server\unittest\bin\x64\debug\videoos.event.server.unittest.dll" id="17464289-6d28-3fe2-3a2c-ff1a21f4a88d">
      <TestCategory>
        <TestCategoryItem TestCategory="MapPlugInManagerTest" />
      </TestCategory>
      <Execution id="29458758-96e2-4926-8b07-01fdee800528" />
      <TestMethod codeBase="D:\actions-runner\_work\XPCO\XPCO\EventServer\Server\Components\Central\Server\unittest\bin\x64\Debug\VideoOS.Event.Server.UnitTest.dll" adapterTypeName="executor://mstestadapter/v2" className="VideoOS.Event.Server.MIP.PlugIn.UnitTest.MapPlugInManagerTest" name="TestGetPlugInItemChangesWithChangesItemsWithNowTimestamp" />
    </UnitTest>
    <UnitTest name="TestNewAlarms" storage="d:\actions-runner\_work\xpco\xpco\eventserver\server\components\central\server\unittest\bin\x64\debug\videoos.event.server.unittest.dll" id="b1f8662e-7da3-ea78-c648-44064c691ebe">
      <Execution id="1f28ddcc-21cf-4148-aa8c-587b1f3effa0" />
      <TestMethod codeBase="D:\actions-runner\_work\XPCO\XPCO\EventServer\Server\Components\Central\Server\unittest\bin\x64\Debug\VideoOS.Event.Server.UnitTest.dll" adapterTypeName="executor://mstestadapter/v2" className="VideoOS.Event.Server.Map.Data.UnitTest.VisualElementStatusTest" name="TestNewAlarms" />
    </UnitTest>
    <UnitTest name="TestActivatePlugInActionWithInvalidUser" storage="d:\actions-runner\_work\xpco\xpco\eventserver\server\components\central\server\unittest\bin\x64\debug\videoos.event.server.unittest.dll" id="76e44b8c-d5f7-58a2-0358-20e726785cc4">
      <TestCategory>
        <TestCategoryItem TestCategory="WebService/Map" />
      </TestCategory>
      <Execution id="4520ead3-7456-487d-8c02-e9b61d79698d" />
      <TestMethod codeBase="D:\actions-runner\_work\XPCO\XPCO\EventServer\Server\Components\Central\Server\unittest\bin\x64\Debug\VideoOS.Event.Server.UnitTest.dll" adapterTypeName="executor://mstestadapter/v2" className="VideoOS.Event.Server.WebService.Map.UnitTest.MapCommandToken2Test" name="TestActivatePlugInActionWithInvalidUser" />
    </UnitTest>
    <UnitTest name="UpdateName_WithValidParameters" storage="d:\actions-runner\_work\xpco\xpco\eventserver\server\components\central\server\unittest\bin\x64\debug\videoos.event.server.unittest.dll" id="62d574af-05b1-57dc-4752-4bbc2d1e3b8d">
      <TestCategory>
        <TestCategoryItem TestCategory="WebService/Map" />
      </TestCategory>
      <Execution id="fcb65054-0a85-4718-a271-c51ea7cbb8e3" />
      <TestMethod codeBase="D:\actions-runner\_work\XPCO\XPCO\EventServer\Server\Components\Central\Server\unittest\bin\x64\Debug\VideoOS.Event.Server.UnitTest.dll" adapterTypeName="executor://mstestadapter/v2" className="VideoOS.Event.Server.WebService.Map.UnitTest.MapCommandTokenTest" name="UpdateName_WithValidParameters" />
    </UnitTest>
    <UnitTest name="TestGetStatusWithMapPlugInItem" storage="d:\actions-runner\_work\xpco\xpco\eventserver\server\components\central\server\unittest\bin\x64\debug\videoos.event.server.unittest.dll" id="ded5ffc5-e6ed-f1d6-b4b6-c5d364958d62">
      <Execution id="66b66e51-7e29-463c-b2a8-5242976a5eda" />
      <TestMethod codeBase="D:\actions-runner\_work\XPCO\XPCO\EventServer\Server\Components\Central\Server\unittest\bin\x64\Debug\VideoOS.Event.Server.UnitTest.dll" adapterTypeName="executor://mstestadapter/v2" className="VideoOS.Event.Server.Map.UnitTest.VisualElementStatusCalculatorTest" name="TestGetStatusWithMapPlugInItem" />
    </UnitTest>
    <UnitTest name="CreateObjects_WithValidParameters" storage="d:\actions-runner\_work\xpco\xpco\eventserver\server\components\central\server\unittest\bin\x64\debug\videoos.event.server.unittest.dll" id="db5bc05e-7d03-39dc-7c3d-a33059c48f9f">
      <TestCategory>
        <TestCategoryItem TestCategory="WebService/Map" />
      </TestCategory>
      <Execution id="a14f7864-d106-46d8-b326-98d7dbb28342" />
      <TestMethod codeBase="D:\actions-runner\_work\XPCO\XPCO\EventServer\Server\Components\Central\Server\unittest\bin\x64\Debug\VideoOS.Event.Server.UnitTest.dll" adapterTypeName="executor://mstestadapter/v2" className="VideoOS.Event.Server.WebService.Map.UnitTest.MapCommandToken2Test" name="CreateObjects_WithValidParameters" />
    </UnitTest>
    <UnitTest name="EventIdListTest_AllEventIdsArePresent" storage="d:\actions-runner\_work\xpco\xpco\eventserver\server\components\central\server\unittest\bin\x64\debug\videoos.event.server.unittest.dll" id="4a5519f4-b843-6361-4132-1b8fe7307213">
      <Execution id="235c8b07-98b4-4f91-986f-fb0c1ecf5803" />
      <TestMethod codeBase="D:\actions-runner\_work\XPCO\XPCO\EventServer\Server\Components\Central\Server\unittest\bin\x64\Debug\VideoOS.Event.Server.UnitTest.dll" adapterTypeName="executor://mstestadapter/v2" className="VideoOS.Event.Server.UnitTest.Event.EventIdListTest" name="EventIdListTest_AllEventIdsArePresent" />
    </UnitTest>
    <UnitTest name="EventConverter_ParseMetadata_Metadata_Null" storage="d:\actions-runner\_work\xpco\xpco\eventserver\server\components\central\server\unittest\bin\x64\debug\videoos.event.server.unittest.dll" id="961f3a6b-5492-f819-b01a-01bbcf7801ae">
      <Execution id="e1f89109-a0e2-42d8-8c15-7c1ea63dedd9" />
      <TestMethod codeBase="D:\actions-runner\_work\XPCO\XPCO\EventServer\Server\Components\Central\Server\unittest\bin\x64\Debug\VideoOS.Event.Server.UnitTest.dll" adapterTypeName="executor://mstestadapter/v2" className="VideoOS.Event.Server.UnitTest.Utils.EventConverterTest" name="EventConverter_ParseMetadata_Metadata_Null" />
    </UnitTest>
    <UnitTest name="TestGetVisualElementChangesThrowingUnhandledException" storage="d:\actions-runner\_work\xpco\xpco\eventserver\server\components\central\server\unittest\bin\x64\debug\videoos.event.server.unittest.dll" id="e1c9128c-3d5a-a381-cb03-be847059c4f0">
      <TestCategory>
        <TestCategoryItem TestCategory="WebService/Map" />
      </TestCategory>
      <Execution id="5d6fa993-0940-4906-ae07-5d945a84fd63" />
      <TestMethod codeBase="D:\actions-runner\_work\XPCO\XPCO\EventServer\Server\Components\Central\Server\unittest\bin\x64\Debug\VideoOS.Event.Server.UnitTest.dll" adapterTypeName="executor://mstestadapter/v2" className="VideoOS.Event.Server.WebService.Map.UnitTest.MapCommandCredentialsTest" name="TestGetVisualElementChangesThrowingUnhandledException" />
    </UnitTest>
    <UnitTest name="CurrentStateToEvent_ReturnsCorrectEvent_OnCurrentState" storage="d:\actions-runner\_work\xpco\xpco\eventserver\server\components\central\server\unittest\bin\x64\debug\videoos.event.server.unittest.dll" id="102577c7-ae1c-a0a1-2ae5-60d42ad409f3">
      <Execution id="55cc445a-2048-4e9f-8429-c9154838f752" />
      <TestMethod codeBase="D:\actions-runner\_work\XPCO\XPCO\EventServer\Server\Components\Central\Server\unittest\bin\x64\Debug\VideoOS.Event.Server.UnitTest.dll" adapterTypeName="executor://mstestadapter/v2" className="VideoOS.Event.Server.UnitTest.Communication.Corporate.CurrentStateToEventMapperTest" name="CurrentStateToEvent_ReturnsCorrectEvent_OnCurrentState" />
    </UnitTest>
    <UnitTest name="TestGetElementWithInvalidOwnerId" storage="d:\actions-runner\_work\xpco\xpco\eventserver\server\components\central\server\unittest\bin\x64\debug\videoos.event.server.unittest.dll" id="26849c02-82a3-ad28-280e-07d6eb67ef6c">
      <Execution id="45fb4ddd-952e-4952-964c-021156d8bb76" />
      <TestMethod codeBase="D:\actions-runner\_work\XPCO\XPCO\EventServer\Server\Components\Central\Server\unittest\bin\x64\Debug\VideoOS.Event.Server.UnitTest.dll" adapterTypeName="executor://mstestadapter/v2" className="VideoOS.Event.Server.Map.UnitTest.VisualElementManagerTest" name="TestGetElementWithInvalidOwnerId" />
    </UnitTest>
    <UnitTest name="Decrypt_ShouldRaiseArgumentNullException_WhenEncryptedValueIsNull" storage="d:\actions-runner\_work\xpco\xpco\eventserver\server\components\central\server\unittest\bin\x64\debug\videoos.event.server.unittest.dll" id="95dc2360-262f-0a68-74cf-07361d11ffb3">
      <TestCategory>
        <TestCategoryItem TestCategory="Security" />
      </TestCategory>
      <Execution id="3b7b32ac-67b6-4b13-84b0-3c89097361e2" />
      <TestMethod codeBase="D:\actions-runner\_work\XPCO\XPCO\EventServer\Server\Components\Central\Server\unittest\bin\x64\Debug\VideoOS.Event.Server.UnitTest.dll" adapterTypeName="executor://mstestadapter/v2" className="VideoOS.Event.Server.UnitTest.Security.EncryptionServiceTest" name="Decrypt_ShouldRaiseArgumentNullException_WhenEncryptedValueIsNull" />
    </UnitTest>
    <UnitTest name="TestAddInvalidToken" storage="d:\actions-runner\_work\xpco\xpco\eventserver\server\components\central\server\unittest\bin\x64\debug\videoos.event.server.unittest.dll" id="1c8c6248-1c84-a4a5-d64f-264bc96db5aa">
      <Execution id="73607f52-ca98-4b7f-883c-8c7e7cd8f71b" />
      <TestMethod codeBase="D:\actions-runner\_work\XPCO\XPCO\EventServer\Server\Components\Central\Server\unittest\bin\x64\Debug\VideoOS.Event.Server.UnitTest.dll" adapterTypeName="executor://mstestadapter/v2" className="VideoOS.Event.Server.WebService.Alarm.UnitTest.AlarmCommandTokenTest" name="TestAddInvalidToken" />
    </UnitTest>
    <UnitTest name="TestUpdate" storage="d:\actions-runner\_work\xpco\xpco\eventserver\server\components\central\server\unittest\bin\x64\debug\videoos.event.server.unittest.dll" id="4626a3cc-2981-ad39-b754-149a49bbf0af">
      <TestCategory>
        <TestCategoryItem TestCategory="MapPlugInInternalItem" />
      </TestCategory>
      <Execution id="f698c890-7f2a-40c7-81fc-fe25fb47d406" />
      <TestMethod codeBase="D:\actions-runner\_work\XPCO\XPCO\EventServer\Server\Components\Central\Server\unittest\bin\x64\Debug\VideoOS.Event.Server.UnitTest.dll" adapterTypeName="executor://mstestadapter/v2" className="VideoOS.Event.Server.MIP.PlugIn.UnitTest.MapPlugInInternalItemTest" name="TestUpdate" />
    </UnitTest>
    <UnitTest name="TestRemoveElementsReturnListDosentContainRemovedElements" storage="d:\actions-runner\_work\xpco\xpco\eventserver\server\components\central\server\unittest\bin\x64\debug\videoos.event.server.unittest.dll" id="432295c4-db14-ec63-5c4b-be5afae4cb52">
      <Execution id="7c532b7b-c120-4cb5-b278-19404003b9ba" />
      <TestMethod codeBase="D:\actions-runner\_work\XPCO\XPCO\EventServer\Server\Components\Central\Server\unittest\bin\x64\Debug\VideoOS.Event.Server.UnitTest.dll" adapterTypeName="executor://mstestadapter/v2" className="VideoOS.Event.Server.Map.UnitTest.VisualElementManagerTest" name="TestRemoveElementsReturnListDosentContainRemovedElements" />
    </UnitTest>
    <UnitTest name="TestUpdateElementDisplayXmlWithNonExistingVisualOwnerId" storage="d:\actions-runner\_work\xpco\xpco\eventserver\server\components\central\server\unittest\bin\x64\debug\videoos.event.server.unittest.dll" id="aff30fbf-763f-2f9e-b0cc-a98a35d151b0">
      <Execution id="66efed5b-9e04-4fe6-b425-c1fed0954c34" />
      <TestMethod codeBase="D:\actions-runner\_work\XPCO\XPCO\EventServer\Server\Components\Central\Server\unittest\bin\x64\Debug\VideoOS.Event.Server.UnitTest.dll" adapterTypeName="executor://mstestadapter/v2" className="VideoOS.Event.Server.Map.UnitTest.VisualElementManagerTest" name="TestUpdateElementDisplayXmlWithNonExistingVisualOwnerId" />
    </UnitTest>
    <UnitTest name="TestGetAllObjectsOnVisualElementWithInvalidUser" storage="d:\actions-runner\_work\xpco\xpco\eventserver\server\components\central\server\unittest\bin\x64\debug\videoos.event.server.unittest.dll" id="a19fec4a-02e1-9322-efac-e71a64f156c3">
      <TestCategory>
        <TestCategoryItem TestCategory="WebService/Map" />
      </TestCategory>
      <Execution id="7c0fbbd4-228c-402d-905f-bd3351b7460f" />
      <TestMethod codeBase="D:\actions-runner\_work\XPCO\XPCO\EventServer\Server\Components\Central\Server\unittest\bin\x64\Debug\VideoOS.Event.Server.UnitTest.dll" adapterTypeName="executor://mstestadapter/v2" className="VideoOS.Event.Server.WebService.Map.UnitTest.MapCommandTokenTest" name="TestGetAllObjectsOnVisualElementWithInvalidUser" />
    </UnitTest>
    <UnitTest name="TestGetStatusWithMarkForDeletionElementId" storage="d:\actions-runner\_work\xpco\xpco\eventserver\server\components\central\server\unittest\bin\x64\debug\videoos.event.server.unittest.dll" id="885b3cd8-4bf4-c09f-f0c5-4232a1fd8140">
      <Execution id="27342b62-38b4-4158-8b79-4fb9e6d89f2e" />
      <TestMethod codeBase="D:\actions-runner\_work\XPCO\XPCO\EventServer\Server\Components\Central\Server\unittest\bin\x64\Debug\VideoOS.Event.Server.UnitTest.dll" adapterTypeName="executor://mstestadapter/v2" className="VideoOS.Event.Server.Map.UnitTest.VisualElementStatusCalculatorTest" name="TestGetStatusWithMarkForDeletionElementId" />
    </UnitTest>
    <UnitTest name="TestCheckAuthorizationWithCorporateBasicUser" storage="d:\actions-runner\_work\xpco\xpco\eventserver\server\components\central\server\unittest\bin\x64\debug\videoos.event.server.unittest.dll" id="fae7770e-a34c-d24e-3dc4-4c8b734ea8bd">
      <TestCategory>
        <TestCategoryItem TestCategory="ActionAuthorizationCache" />
      </TestCategory>
      <Execution id="7f24f51a-00a7-4c79-976c-c811245b6b00" />
      <TestMethod codeBase="D:\actions-runner\_work\XPCO\XPCO\EventServer\Server\Components\Central\Server\unittest\bin\x64\Debug\VideoOS.Event.Server.UnitTest.dll" adapterTypeName="executor://mstestadapter/v2" className="VideoOS.Event.Server.UnitTest.Security.ActionAuthorizationCacheTest" name="TestCheckAuthorizationWithCorporateBasicUser" />
    </UnitTest>
    <UnitTest name="WhenAlarmSearchCriteriaWithNoValuesThenInvalidOperationException" storage="d:\actions-runner\_work\xpco\xpco\eventserver\server\components\central\server\unittest\bin\x64\debug\videoos.event.server.unittest.dll" id="dc9892b1-1829-9bf5-0716-2ba2e2bad072">
      <Execution id="c1691c75-c082-4450-af10-b21b037efc20" />
      <TestMethod codeBase="D:\actions-runner\_work\XPCO\XPCO\EventServer\Server\Components\Central\Server\unittest\bin\x64\Debug\VideoOS.Event.Server.UnitTest.dll" adapterTypeName="executor://mstestadapter/v2" className="VideoOS.Event.Server.UnitTest.WebService.Alarm.TimeLapseSearchConditionProviderTest" name="WhenAlarmSearchCriteriaWithNoValuesThenInvalidOperationException" />
    </UnitTest>
    <UnitTest name="TestCacheCleanupSingleSessionMultipleUserIdsTouch" storage="d:\actions-runner\_work\xpco\xpco\eventserver\server\components\central\server\unittest\bin\x64\debug\videoos.event.server.unittest.dll" id="a46dec37-48f1-a3e7-6cbc-ba84823e14e5">
      <TestCategory>
        <TestCategoryItem TestCategory="SessionCache" />
      </TestCategory>
      <Execution id="c4829df3-f0fd-49fc-8689-113c40488473" />
      <TestMethod codeBase="D:\actions-runner\_work\XPCO\XPCO\EventServer\Server\Components\Central\Server\unittest\bin\x64\Debug\VideoOS.Event.Server.UnitTest.dll" adapterTypeName="executor://mstestadapter/v2" className="VideoOS.Event.Server.UnitTest.Session.SessionCacheCleanupTest" name="TestCacheCleanupSingleSessionMultipleUserIdsTouch" />
    </UnitTest>
    <UnitTest name="TestGetHeaderInvalidToken" storage="d:\actions-runner\_work\xpco\xpco\eventserver\server\components\central\server\unittest\bin\x64\debug\videoos.event.server.unittest.dll" id="30dfcd0d-5909-3714-5253-07cacdb3fba8">
      <Execution id="8372ed8f-3791-4fee-a854-0d5a151ff476" />
      <TestMethod codeBase="D:\actions-runner\_work\XPCO\XPCO\EventServer\Server\Components\Central\Server\unittest\bin\x64\Debug\VideoOS.Event.Server.UnitTest.dll" adapterTypeName="executor://mstestadapter/v2" className="VideoOS.Event.Server.WebService.Alarm.UnitTest.AlarmCommandTokenTest" name="TestGetHeaderInvalidToken" />
    </UnitTest>
    <UnitTest name="TestGetVisualizationWithNullData" storage="d:\actions-runner\_work\xpco\xpco\eventserver\server\components\central\server\unittest\bin\x64\debug\videoos.event.server.unittest.dll" id="6d723e59-8d3b-fb38-246d-45407ced1558">
      <Execution id="9e98324e-0a4a-4906-889e-b919fccb9f0b" />
      <TestMethod codeBase="D:\actions-runner\_work\XPCO\XPCO\EventServer\Server\Components\Central\Server\unittest\bin\x64\Debug\VideoOS.Event.Server.UnitTest.dll" adapterTypeName="executor://mstestadapter/v2" className="VideoOS.Event.Server.Map.UnitTest.VisualElementStatusCalculatorTest" name="TestGetVisualizationWithNullData" />
    </UnitTest>
    <UnitTest name="TestSetVisualizationThrowingUnhandledException" storage="d:\actions-runner\_work\xpco\xpco\eventserver\server\components\central\server\unittest\bin\x64\debug\videoos.event.server.unittest.dll" id="4a9399b4-44e7-cc5f-cd99-c31d91a518b3">
      <Execution id="d88f3d7e-53c3-48ea-89b9-ff93bf56d781" />
      <TestMethod codeBase="D:\actions-runner\_work\XPCO\XPCO\EventServer\Server\Components\Central\Server\unittest\bin\x64\Debug\VideoOS.Event.Server.UnitTest.dll" adapterTypeName="executor://mstestadapter/v2" className="VideoOS.Event.Server.WebService.Status.UnitTest.StatusCommandToken2Test" name="TestSetVisualizationThrowingUnhandledException" />
    </UnitTest>
    <UnitTest name="TrimStart_ReturnEmpty_WhenInputIncludesPrefixAndNoContent" storage="d:\actions-runner\_work\xpco\xpco\eventserver\server\components\central\server\unittest\bin\x64\debug\videoos.event.server.unittest.dll" id="573ebebf-5209-3be3-2454-5b42b176ce65">
      <TestCategory>
        <TestCategoryItem TestCategory="AccessControl" />
      </TestCategory>
      <Execution id="3f17a483-ba91-47c6-b0e9-73221e481baa" />
      <TestMethod codeBase="D:\actions-runner\_work\XPCO\XPCO\EventServer\Server\Components\Central\Server\unittest\bin\x64\Debug\VideoOS.Event.Server.UnitTest.dll" adapterTypeName="executor://mstestadapter/v2" className="VideoOS.Event.Server.UnitTest.AccessControl.AccessControlSystemTests" name="TrimStart_ReturnEmpty_WhenInputIncludesPrefixAndNoContent" />
    </UnitTest>
    <UnitTest name="TestRemoveElementAndChildElementsWithTwoParents" storage="d:\actions-runner\_work\xpco\xpco\eventserver\server\components\central\server\unittest\bin\x64\debug\videoos.event.server.unittest.dll" id="74f3dc3e-f6eb-9692-58dc-def99f3951c7">
      <Execution id="465e1c5e-17f8-4211-97ed-8e95cd323d3e" />
      <TestMethod codeBase="D:\actions-runner\_work\XPCO\XPCO\EventServer\Server\Components\Central\Server\unittest\bin\x64\Debug\VideoOS.Event.Server.UnitTest.dll" adapterTypeName="executor://mstestadapter/v2" className="VideoOS.Event.Server.Map.UnitTest.VisualElementManagerTest" name="TestRemoveElementAndChildElementsWithTwoParents" />
    </UnitTest>
    <UnitTest name="TestUpdateBoundsThrowingUnhandledException" storage="d:\actions-runner\_work\xpco\xpco\eventserver\server\components\central\server\unittest\bin\x64\debug\videoos.event.server.unittest.dll" id="ca40eb2c-e0a0-78e8-6ed2-5e6440c04fde">
      <TestCategory>
        <TestCategoryItem TestCategory="WebService/Map" />
      </TestCategory>
      <Execution id="b101ebc4-50e1-4dd9-aaa6-7dab307b9fa6" />
      <TestMethod codeBase="D:\actions-runner\_work\XPCO\XPCO\EventServer\Server\Components\Central\Server\unittest\bin\x64\Debug\VideoOS.Event.Server.UnitTest.dll" adapterTypeName="executor://mstestadapter/v2" className="VideoOS.Event.Server.WebService.Map.UnitTest.MapCommandToken2Test" name="TestUpdateBoundsThrowingUnhandledException" />
    </UnitTest>
    <UnitTest name="TestUpdateMultipleAlarmsInvalidToken" storage="d:\actions-runner\_work\xpco\xpco\eventserver\server\components\central\server\unittest\bin\x64\debug\videoos.event.server.unittest.dll" id="bf36e020-7ed3-92fa-2bf5-c3f310b7a5c0">
      <Execution id="013ab3c4-caf5-4352-8d28-64a41a25243a" />
      <TestMethod codeBase="D:\actions-runner\_work\XPCO\XPCO\EventServer\Server\Components\Central\Server\unittest\bin\x64\Debug\VideoOS.Event.Server.UnitTest.dll" adapterTypeName="executor://mstestadapter/v2" className="VideoOS.Event.Server.WebService.Alarm.UnitTest.AlarmCommandTokenTest" name="TestUpdateMultipleAlarmsInvalidToken" />
    </UnitTest>
    <UnitTest name="TestInsertElementRootElementsAndRecursively" storage="d:\actions-runner\_work\xpco\xpco\eventserver\server\components\central\server\unittest\bin\x64\debug\videoos.event.server.unittest.dll" id="dbbc5690-fac2-1b11-1e8a-0424a979bf51">
      <Execution id="02855d70-327b-4fe5-a341-7c74f44672cd" />
      <TestMethod codeBase="D:\actions-runner\_work\XPCO\XPCO\EventServer\Server\Components\Central\Server\unittest\bin\x64\Debug\VideoOS.Event.Server.UnitTest.dll" adapterTypeName="executor://mstestadapter/v2" className="VideoOS.Event.Server.Map.UnitTest.VisualElementManagerTest" name="TestInsertElementRootElementsAndRecursively" />
    </UnitTest>
    <UnitTest name="TestGetPlugInItemsAccessControlWithChildren" storage="d:\actions-runner\_work\xpco\xpco\eventserver\server\components\central\server\unittest\bin\x64\debug\videoos.event.server.unittest.dll" id="660a49ac-22b4-f954-7722-970f53b93449">
      <TestCategory>
        <TestCategoryItem TestCategory="MapPlugInManagerTest" />
      </TestCategory>
      <Execution id="867ec65c-618f-474f-b51c-a9b2e6c92b9d" />
      <TestMethod codeBase="D:\actions-runner\_work\XPCO\XPCO\EventServer\Server\Components\Central\Server\unittest\bin\x64\Debug\VideoOS.Event.Server.UnitTest.dll" adapterTypeName="executor://mstestadapter/v2" className="VideoOS.Event.Server.MIP.PlugIn.UnitTest.MapPlugInManagerTest" name="TestGetPlugInItemsAccessControlWithChildren" />
    </UnitTest>
    <UnitTest name="EventConverter_ConvertEventStatusToBaseItem_Success_ExternalEvent_Defined" storage="d:\actions-runner\_work\xpco\xpco\eventserver\server\components\central\server\unittest\bin\x64\debug\videoos.event.server.unittest.dll" id="ad5313ea-84e5-d5fc-de76-67483906423e">
      <Execution id="9dc55335-6a87-4145-97da-cff3b228b621" />
      <TestMethod codeBase="D:\actions-runner\_work\XPCO\XPCO\EventServer\Server\Components\Central\Server\unittest\bin\x64\Debug\VideoOS.Event.Server.UnitTest.dll" adapterTypeName="executor://mstestadapter/v2" className="VideoOS.Event.Server.UnitTest.Utils.EventConverterTest" name="EventConverter_ConvertEventStatusToBaseItem_Success_ExternalEvent_Defined" />
    </UnitTest>
    <UnitTest name="WhenAlarmSearchCriteriaWithWrongFieldNamesThenException" storage="d:\actions-runner\_work\xpco\xpco\eventserver\server\components\central\server\unittest\bin\x64\debug\videoos.event.server.unittest.dll" id="3d5f43c0-9395-c386-9c63-2dfdffc8ca2e">
      <Execution id="febbdfbc-ce11-41a6-8ae8-87a61e19fa09" />
      <TestMethod codeBase="D:\actions-runner\_work\XPCO\XPCO\EventServer\Server\Components\Central\Server\unittest\bin\x64\Debug\VideoOS.Event.Server.UnitTest.dll" adapterTypeName="executor://mstestadapter/v2" className="VideoOS.Event.Server.UnitTest.WebService.Alarm.InSearchConditionProviderTest" name="WhenAlarmSearchCriteriaWithWrongFieldNamesThenException" />
    </UnitTest>
    <UnitTest name="TestUpdateStateSnooze" storage="d:\actions-runner\_work\xpco\xpco\eventserver\server\components\central\server\unittest\bin\x64\debug\videoos.event.server.unittest.dll" id="d1762521-556f-848c-2d9a-8b3843179f69">
      <Execution id="2e5e0ec9-f381-45d7-9ea9-b75593376389" />
      <TestMethod codeBase="D:\actions-runner\_work\XPCO\XPCO\EventServer\Server\Components\Central\Server\unittest\bin\x64\Debug\VideoOS.Event.Server.UnitTest.dll" adapterTypeName="executor://mstestadapter/v2" className="VideoOS.Event.Server.Map.Data.UnitTest.StatusElementServerTest" name="TestUpdateStateSnooze" />
    </UnitTest>
    <UnitTest name="TestUpdateElementsWithNonExistingId" storage="d:\actions-runner\_work\xpco\xpco\eventserver\server\components\central\server\unittest\bin\x64\debug\videoos.event.server.unittest.dll" id="82f8e66b-df98-7cbb-fdf7-dc2f3b4fd43e">
      <Execution id="82576cf8-7783-429c-ad8b-04140a6a8879" />
      <TestMethod codeBase="D:\actions-runner\_work\XPCO\XPCO\EventServer\Server\Components\Central\Server\unittest\bin\x64\Debug\VideoOS.Event.Server.UnitTest.dll" adapterTypeName="executor://mstestadapter/v2" className="VideoOS.Event.Server.Map.UnitTest.VisualElementManagerTest" name="TestUpdateElementsWithNonExistingId" />
    </UnitTest>
    <UnitTest name="TestGetVisualElementChangesWithoutAskingForSubElements" storage="d:\actions-runner\_work\xpco\xpco\eventserver\server\components\central\server\unittest\bin\x64\debug\videoos.event.server.unittest.dll" id="62b536c1-1bca-c658-de57-8a37bfb49525">
      <Execution id="84c614a2-8308-41c1-a0a1-506a0c3cb81f" />
      <TestMethod codeBase="D:\actions-runner\_work\XPCO\XPCO\EventServer\Server\Components\Central\Server\unittest\bin\x64\Debug\VideoOS.Event.Server.UnitTest.dll" adapterTypeName="executor://mstestadapter/v2" className="VideoOS.Event.Server.Map.UnitTest.VisualElementManagerTest" name="TestGetVisualElementChangesWithoutAskingForSubElements" />
    </UnitTest>
    <UnitTest name="GetAllKinds_ShouldReturnCorrectKinds_WithDuplicateMembers" storage="d:\actions-runner\_work\xpco\xpco\eventserver\server\components\central\server\unittest\bin\x64\debug\videoos.event.server.unittest.dll" id="8def1c76-4750-471b-e1ce-7655d670ef5f">
      <TestCategory>
        <TestCategoryItem TestCategory="PermissionManagerFetcher" />
      </TestCategory>
      <Execution id="a641f8ea-70a3-403c-889f-e6ff5ff83de0" />
      <TestMethod codeBase="D:\actions-runner\_work\XPCO\XPCO\EventServer\Server\Components\Central\Server\unittest\bin\x64\Debug\VideoOS.Event.Server.UnitTest.dll" adapterTypeName="executor://mstestadapter/v2" className="VideoOS.Event.Server.UnitTest.Security.AuthorizationFetcher.MIPItemAuthorizationFetcherTest" name="GetAllKinds_ShouldReturnCorrectKinds_WithDuplicateMembers" />
    </UnitTest>
    <UnitTest name="TestConstructor" storage="d:\actions-runner\_work\xpco\xpco\eventserver\server\components\central\server\unittest\bin\x64\debug\videoos.event.server.unittest.dll" id="056d9b2e-47e1-66fc-0f61-7dd44cd5f24a">
      <TestCategory>
        <TestCategoryItem TestCategory="MapPlugInManagerTest" />
      </TestCategory>
      <Execution id="c89e1e9a-12da-4baa-92de-ccc912a2cfd1" />
      <TestMethod codeBase="D:\actions-runner\_work\XPCO\XPCO\EventServer\Server\Components\Central\Server\unittest\bin\x64\Debug\VideoOS.Event.Server.UnitTest.dll" adapterTypeName="executor://mstestadapter/v2" className="VideoOS.Event.Server.MIP.PlugIn.UnitTest.MapPlugInManagerTest" name="TestConstructor" />
    </UnitTest>
    <UnitTest name="LookupGroupId_ShouldReturnGroupId_WhenEventIsPluginEvent" storage="d:\actions-runner\_work\xpco\xpco\eventserver\server\components\central\server\unittest\bin\x64\debug\videoos.event.server.unittest.dll" id="deff660e-f447-afb1-3182-fea93a06e1e0">
      <Execution id="bee4f67a-99f6-46c3-bc73-719506303079" />
      <TestMethod codeBase="D:\actions-runner\_work\XPCO\XPCO\EventServer\Server\Components\Central\Server\unittest\bin\x64\Debug\VideoOS.Event.Server.UnitTest.dll" adapterTypeName="executor://mstestadapter/v2" className="VideoOS.Event.Server.UnitTest.Alarm.ConfigFilterManagerTests" name="LookupGroupId_ShouldReturnGroupId_WhenEventIsPluginEvent" />
    </UnitTest>
    <UnitTest name="TestUpdateElementWithoutTypeId" storage="d:\actions-runner\_work\xpco\xpco\eventserver\server\components\central\server\unittest\bin\x64\debug\videoos.event.server.unittest.dll" id="e2742b16-20b9-c148-0a15-b011a5020615">
      <Execution id="b5741d4d-f8fd-400d-a3cd-34455a9c857c" />
      <TestMethod codeBase="D:\actions-runner\_work\XPCO\XPCO\EventServer\Server\Components\Central\Server\unittest\bin\x64\Debug\VideoOS.Event.Server.UnitTest.dll" adapterTypeName="executor://mstestadapter/v2" className="VideoOS.Event.Server.Map.UnitTest.VisualElementManagerTest" name="TestUpdateElementWithoutTypeId" />
    </UnitTest>
    <UnitTest name="TestGetObjectsWithinGPSAreaWithValidParameters" storage="d:\actions-runner\_work\xpco\xpco\eventserver\server\components\central\server\unittest\bin\x64\debug\videoos.event.server.unittest.dll" id="047deb11-1146-c672-a956-83af88e9f848">
      <TestCategory>
        <TestCategoryItem TestCategory="WebService/Map" />
      </TestCategory>
      <Execution id="686157fb-09d4-4a0b-91e0-7deb2278f62f" />
      <TestMethod codeBase="D:\actions-runner\_work\XPCO\XPCO\EventServer\Server\Components\Central\Server\unittest\bin\x64\Debug\VideoOS.Event.Server.UnitTest.dll" adapterTypeName="executor://mstestadapter/v2" className="VideoOS.Event.Server.WebService.Map.UnitTest.MapCommandCredentialsTest" name="TestGetObjectsWithinGPSAreaWithValidParameters" />
    </UnitTest>
    <UnitTest name="TestAttachSnapshot" storage="d:\actions-runner\_work\xpco\xpco\eventserver\server\components\central\server\unittest\bin\x64\debug\videoos.event.server.unittest.dll" id="c4153300-d58c-99ef-1b85-cb3165a4dc51">
      <Execution id="d726d87c-72b2-4955-8e71-ef2836ba53cf" />
      <TestMethod codeBase="D:\actions-runner\_work\XPCO\XPCO\EventServer\Server\Components\Central\Server\unittest\bin\x64\Debug\VideoOS.Event.Server.UnitTest.dll" adapterTypeName="executor://mstestadapter/v2" className="VideoOS.Event.Server.WebService.Alarm.UnitTest.AlarmCommandTokenTest" name="TestAttachSnapshot" />
    </UnitTest>
    <UnitTest name="TestGetIconDataNotAuthenticated" storage="d:\actions-runner\_work\xpco\xpco\eventserver\server\components\central\server\unittest\bin\x64\debug\videoos.event.server.unittest.dll" id="3d71eb69-9c6f-0f09-8429-11a4b64d43de">
      <TestCategory>
        <TestCategoryItem TestCategory="WebService/Map" />
      </TestCategory>
      <Execution id="d6f9db68-5deb-4a1c-bd2a-2a4754b62d3e" />
      <TestMethod codeBase="D:\actions-runner\_work\XPCO\XPCO\EventServer\Server\Components\Central\Server\unittest\bin\x64\Debug\VideoOS.Event.Server.UnitTest.dll" adapterTypeName="executor://mstestadapter/v2" className="VideoOS.Event.Server.WebService.Map.UnitTest.MapCommandCredentialsTest" name="TestGetIconDataNotAuthenticated" />
    </UnitTest>
    <UnitTest name="TestConstructor" storage="d:\actions-runner\_work\xpco\xpco\eventserver\server\components\central\server\unittest\bin\x64\debug\videoos.event.server.unittest.dll" id="199bfd37-c469-c817-7cca-cebcf665e72c">
      <Execution id="8df00ebb-e8fa-4f68-ad61-71086e6fccb4" />
      <TestMethod codeBase="D:\actions-runner\_work\XPCO\XPCO\EventServer\Server\Components\Central\Server\unittest\bin\x64\Debug\VideoOS.Event.Server.UnitTest.dll" adapterTypeName="executor://mstestadapter/v2" className="VideoOS.Event.Server.WebService.Status.UnitTest.StatusCommandTokenTest" name="TestConstructor" />
    </UnitTest>
    <UnitTest name="TestGetStatusOneLevel" storage="d:\actions-runner\_work\xpco\xpco\eventserver\server\components\central\server\unittest\bin\x64\debug\videoos.event.server.unittest.dll" id="16d69696-0632-feb6-0cc6-a45d7755309a">
      <Execution id="fb7d3e5c-6d6e-4de2-b87f-87c55dad4524" />
      <TestMethod codeBase="D:\actions-runner\_work\XPCO\XPCO\EventServer\Server\Components\Central\Server\unittest\bin\x64\Debug\VideoOS.Event.Server.UnitTest.dll" adapterTypeName="executor://mstestadapter/v2" className="VideoOS.Event.Server.Map.UnitTest.VisualElementStatusCalculatorTest" name="TestGetStatusOneLevel" />
    </UnitTest>
    <UnitTest name="DeleteObject_WithValidParameters" storage="d:\actions-runner\_work\xpco\xpco\eventserver\server\components\central\server\unittest\bin\x64\debug\videoos.event.server.unittest.dll" id="6320ea53-85ae-967c-2d46-ad563b7772c4">
      <TestCategory>
        <TestCategoryItem TestCategory="WebService/Map" />
      </TestCategory>
      <Execution id="ff225b90-9573-44a5-9975-3957e6b83008" />
      <TestMethod codeBase="D:\actions-runner\_work\XPCO\XPCO\EventServer\Server\Components\Central\Server\unittest\bin\x64\Debug\VideoOS.Event.Server.UnitTest.dll" adapterTypeName="executor://mstestadapter/v2" className="VideoOS.Event.Server.WebService.Map.UnitTest.MapCommandToken2Test" name="DeleteObject_WithValidParameters" />
    </UnitTest>
    <UnitTest name="TestCopyObject" storage="d:\actions-runner\_work\xpco\xpco\eventserver\server\components\central\server\unittest\bin\x64\debug\videoos.event.server.unittest.dll" id="fcbb9d42-bae7-3348-457f-44d640ba34db">
      <TestCategory>
        <TestCategoryItem TestCategory="MapPlugInInternalItemFactory" />
      </TestCategory>
      <Execution id="f034391c-be03-4d6b-bf80-961f0fb1f11b" />
      <TestMethod codeBase="D:\actions-runner\_work\XPCO\XPCO\EventServer\Server\Components\Central\Server\unittest\bin\x64\Debug\VideoOS.Event.Server.UnitTest.dll" adapterTypeName="executor://mstestadapter/v2" className="VideoOS.Event.Server.MIP.PlugIn.UnitTest.MapPlugInInternalItemFactoryTest" name="TestCopyObject" />
    </UnitTest>
    <UnitTest name="CreateInstanceReturnsMipEventIdWhenWhenEventServerTypeIdInMessageId" storage="d:\actions-runner\_work\xpco\xpco\eventserver\server\components\central\server\unittest\bin\x64\debug\videoos.event.server.unittest.dll" id="3f532001-bc00-e7ae-e945-4f15c68b9b8d">
      <Execution id="8042625f-de0c-492e-a3c1-ee3971c38cc7" />
      <TestMethod codeBase="D:\actions-runner\_work\XPCO\XPCO\EventServer\Server\Components\Central\Server\unittest\bin\x64\Debug\VideoOS.Event.Server.UnitTest.dll" adapterTypeName="executor://mstestadapter/v2" className="VideoOS.Event.Server.UnitTest.Event.MapperEventTypeProviderTest" name="CreateInstanceReturnsMipEventIdWhenWhenEventServerTypeIdInMessageId" />
    </UnitTest>
    <UnitTest name="TestUpdateElementsWithTwoElementsWithSameRelationId" storage="d:\actions-runner\_work\xpco\xpco\eventserver\server\components\central\server\unittest\bin\x64\debug\videoos.event.server.unittest.dll" id="39f714b7-16f9-3450-b34f-9ea4ea4fe42b">
      <Execution id="292ac4b8-71a6-41e7-9260-19d20ca7c198" />
      <TestMethod codeBase="D:\actions-runner\_work\XPCO\XPCO\EventServer\Server\Components\Central\Server\unittest\bin\x64\Debug\VideoOS.Event.Server.UnitTest.dll" adapterTypeName="executor://mstestadapter/v2" className="VideoOS.Event.Server.Map.UnitTest.VisualElementManagerTest" name="TestUpdateElementsWithTwoElementsWithSameRelationId" />
    </UnitTest>
    <UnitTest name="Handle_ShouldFlattenStateValue_WhenValuesIncludeStateName" storage="d:\actions-runner\_work\xpco\xpco\eventserver\server\components\central\server\unittest\bin\x64\debug\videoos.event.server.unittest.dll" id="f5f45b6b-f37b-9416-64de-dbe95a83e2b6">
      <Execution id="bbf4d514-b0f7-4407-8a45-83288d31b560" />
      <TestMethod codeBase="D:\actions-runner\_work\XPCO\XPCO\EventServer\Server\Components\Central\Server\unittest\bin\x64\Debug\VideoOS.Event.Server.UnitTest.dll" adapterTypeName="executor://mstestadapter/v2" className="VideoOS.Event.Server.UnitTest.Alarm.Processors.UpdateAlarms.UpdateAlarmCompositeValueHandlerTests" name="Handle_ShouldFlattenStateValue_WhenValuesIncludeStateName" />
    </UnitTest>
    <UnitTest name="TestDeleteConfigHost" storage="d:\actions-runner\_work\xpco\xpco\eventserver\server\components\central\server\unittest\bin\x64\debug\videoos.event.server.unittest.dll" id="4036a9c9-ddd8-3d85-cefe-a408868f9b37">
      <Execution id="cfece6ec-2f9d-4823-a628-44b3b104e5c2" />
      <TestMethod codeBase="D:\actions-runner\_work\XPCO\XPCO\EventServer\Server\Components\Central\Server\unittest\bin\x64\Debug\VideoOS.Event.Server.UnitTest.dll" adapterTypeName="executor://mstestadapter/v2" className="VideoOS.Event.Server.Communication.UnitTest.ServerConfigManagerTest" name="TestDeleteConfigHost" />
    </UnitTest>
    <UnitTest name="TestUpdateDisplayXMLWithInvalidUser" storage="d:\actions-runner\_work\xpco\xpco\eventserver\server\components\central\server\unittest\bin\x64\debug\videoos.event.server.unittest.dll" id="6eaa22fd-b4ea-d938-d98e-0ba036c2c909">
      <TestCategory>
        <TestCategoryItem TestCategory="WebService/Map" />
      </TestCategory>
      <Execution id="1a967b8e-4df3-4192-9583-fe520e50c025" />
      <TestMethod codeBase="D:\actions-runner\_work\XPCO\XPCO\EventServer\Server\Components\Central\Server\unittest\bin\x64\Debug\VideoOS.Event.Server.UnitTest.dll" adapterTypeName="executor://mstestadapter/v2" className="VideoOS.Event.Server.WebService.Map.UnitTest.MapCommandToken2Test" name="TestUpdateDisplayXMLWithInvalidUser" />
    </UnitTest>
    <UnitTest name="TestConstructorWithNullValues" storage="d:\actions-runner\_work\xpco\xpco\eventserver\server\components\central\server\unittest\bin\x64\debug\videoos.event.server.unittest.dll" id="6422b942-3e12-a46d-3575-0576c2a2434a">
      <Execution id="e0a217f2-450f-45fb-87e8-0e340516e082" />
      <TestMethod codeBase="D:\actions-runner\_work\XPCO\XPCO\EventServer\Server\Components\Central\Server\unittest\bin\x64\Debug\VideoOS.Event.Server.UnitTest.dll" adapterTypeName="executor://mstestadapter/v2" className="VideoOS.Event.Server.MIP.PlugIn.UnitTest.MapPlugInInternalContextMenuItemTest" name="TestConstructorWithNullValues" />
    </UnitTest>
    <UnitTest name="TestInsertElement" storage="d:\actions-runner\_work\xpco\xpco\eventserver\server\components\central\server\unittest\bin\x64\debug\videoos.event.server.unittest.dll" id="998494cc-a3bd-af9d-027c-c56c7e84515d">
      <Execution id="062562ad-ee88-4fc6-906c-ad81d6fdbb7c" />
      <TestMethod codeBase="D:\actions-runner\_work\XPCO\XPCO\EventServer\Server\Components\Central\Server\unittest\bin\x64\Debug\VideoOS.Event.Server.UnitTest.dll" adapterTypeName="executor://mstestadapter/v2" className="VideoOS.Event.Server.Map.UnitTest.VisualElementManagerTest" name="TestInsertElement" />
    </UnitTest>
    <UnitTest name="TestCreateAccessControlItemAuthorizationFetcher" storage="d:\actions-runner\_work\xpco\xpco\eventserver\server\components\central\server\unittest\bin\x64\debug\videoos.event.server.unittest.dll" id="418d2f3a-c805-fa26-9c23-ebfcc450c9ea">
      <TestCategory>
        <TestCategoryItem TestCategory="PermissionManagerFetcher" />
      </TestCategory>
      <Execution id="e7cf4d2b-5670-4013-8b44-10aa5ababcf9" />
      <TestMethod codeBase="D:\actions-runner\_work\XPCO\XPCO\EventServer\Server\Components\Central\Server\unittest\bin\x64\Debug\VideoOS.Event.Server.UnitTest.dll" adapterTypeName="executor://mstestadapter/v2" className="VideoOS.Event.Server.UnitTest.Security.AuthorizationFetcher.ItemAuthorizationFetcherFactoryTest" name="TestCreateAccessControlItemAuthorizationFetcher" />
    </UnitTest>
    <UnitTest name="EventIdListTest_GetInstance_Success" storage="d:\actions-runner\_work\xpco\xpco\eventserver\server\components\central\server\unittest\bin\x64\debug\videoos.event.server.unittest.dll" id="da90b5b7-436f-4d9a-21a8-393e3267f2dd">
      <Execution id="72359a53-7eb6-4729-b9d3-953182176945" />
      <TestMethod codeBase="D:\actions-runner\_work\XPCO\XPCO\EventServer\Server\Components\Central\Server\unittest\bin\x64\Debug\VideoOS.Event.Server.UnitTest.dll" adapterTypeName="executor://mstestadapter/v2" className="VideoOS.Event.Server.UnitTest.Event.EventIdListTest" name="EventIdListTest_GetInstance_Success" />
    </UnitTest>
    <UnitTest name="TestCopyConstructorWithInvalidVisualOwnerID" storage="d:\actions-runner\_work\xpco\xpco\eventserver\server\components\central\server\unittest\bin\x64\debug\videoos.event.server.unittest.dll" id="3a366738-caac-39a7-7092-6c7ae2aa3817">
      <Execution id="6e8ce1ae-3467-45fe-b7de-ed2068e6f49d" />
      <TestMethod codeBase="D:\actions-runner\_work\XPCO\XPCO\EventServer\Server\Components\Central\Server\unittest\bin\x64\Debug\VideoOS.Event.Server.UnitTest.dll" adapterTypeName="executor://mstestadapter/v2" className="VideoOS.Event.Server.Map.Data.UnitTest.StatusElementTest" name="TestCopyConstructorWithInvalidVisualOwnerID" />
    </UnitTest>
    <UnitTest name="TestGetStatusWithForeignServerIDs" storage="d:\actions-runner\_work\xpco\xpco\eventserver\server\components\central\server\unittest\bin\x64\debug\videoos.event.server.unittest.dll" id="bd8fc143-df78-30fb-c5ab-4fca27562b57">
      <Execution id="d7a7678e-1631-4aef-a793-c90cdb05cc39" />
      <TestMethod codeBase="D:\actions-runner\_work\XPCO\XPCO\EventServer\Server\Components\Central\Server\unittest\bin\x64\Debug\VideoOS.Event.Server.UnitTest.dll" adapterTypeName="executor://mstestadapter/v2" className="VideoOS.Event.Server.WebService.Status.UnitTest.StatusCommandToken2Test" name="TestGetStatusWithForeignServerIDs" />
    </UnitTest>
    <UnitTest name="TestOneACSystemPLSupportedNoSession" storage="d:\actions-runner\_work\xpco\xpco\eventserver\server\components\central\server\unittest\bin\x64\debug\videoos.event.server.unittest.dll" id="ff715d4c-23d5-4773-66a5-38b9a7bdf442">
      <TestCategory>
        <TestCategoryItem TestCategory="AccessControlUserIdTransformer" />
      </TestCategory>
      <Execution id="ea833b53-5c77-457a-b343-6963f4c12f36" />
      <TestMethod codeBase="D:\actions-runner\_work\XPCO\XPCO\EventServer\Server\Components\Central\Server\unittest\bin\x64\Debug\VideoOS.Event.Server.UnitTest.dll" adapterTypeName="executor://mstestadapter/v2" className="VideoOS.Event.Server.UnitTest.Session.AccessControlUserIdTransformerTest" name="TestOneACSystemPLSupportedNoSession" />
    </UnitTest>
    <UnitTest name="SystemMonitorStatePusher_PushesCurrentServerState_WhenNewServerItemIsAdded" storage="d:\actions-runner\_work\xpco\xpco\eventserver\server\components\central\server\unittest\bin\x64\debug\videoos.event.server.unittest.dll" id="4054a570-b405-add8-b79a-2940118a558e">
      <Execution id="87a0b3e9-cb98-4245-b2d7-d74cf6567a02" />
      <TestMethod codeBase="D:\actions-runner\_work\XPCO\XPCO\EventServer\Server\Components\Central\Server\unittest\bin\x64\Debug\VideoOS.Event.Server.UnitTest.dll" adapterTypeName="executor://mstestadapter/v2" className="VideoOS.Event.Server.UnitTest.Communication.Corporate.SystemMonitorStatePusherTest" name="SystemMonitorStatePusher_PushesCurrentServerState_WhenNewServerItemIsAdded" />
    </UnitTest>
    <UnitTest name="TestDeleteObjectAndChildObjectsNotAuthenticated" storage="d:\actions-runner\_work\xpco\xpco\eventserver\server\components\central\server\unittest\bin\x64\debug\videoos.event.server.unittest.dll" id="895bd75e-0f55-5310-9068-abfb4fc8e832">
      <TestCategory>
        <TestCategoryItem TestCategory="WebService/Map" />
      </TestCategory>
      <Execution id="4d4513ba-6667-4765-afaa-065b0f6c49f4" />
      <TestMethod codeBase="D:\actions-runner\_work\XPCO\XPCO\EventServer\Server\Components\Central\Server\unittest\bin\x64\Debug\VideoOS.Event.Server.UnitTest.dll" adapterTypeName="executor://mstestadapter/v2" className="VideoOS.Event.Server.WebService.Map.UnitTest.MapCommandCredentialsTest" name="TestDeleteObjectAndChildObjectsNotAuthenticated" />
    </UnitTest>
    <UnitTest name="TestUpdateObjectsWithServerIDInID" storage="d:\actions-runner\_work\xpco\xpco\eventserver\server\components\central\server\unittest\bin\x64\debug\videoos.event.server.unittest.dll" id="ee13aa96-0440-147e-1f8e-74e5f001e7b6">
      <TestCategory>
        <TestCategoryItem TestCategory="WebService/Map" />
      </TestCategory>
      <Execution id="957cdefc-7f7f-4840-ad16-d33bd147ef54" />
      <TestMethod codeBase="D:\actions-runner\_work\XPCO\XPCO\EventServer\Server\Components\Central\Server\unittest\bin\x64\Debug\VideoOS.Event.Server.UnitTest.dll" adapterTypeName="executor://mstestadapter/v2" className="VideoOS.Event.Server.WebService.Map.UnitTest.MapCommandTokenTest" name="TestUpdateObjectsWithServerIDInID" />
    </UnitTest>
    <UnitTest name="TestNewObject" storage="d:\actions-runner\_work\xpco\xpco\eventserver\server\components\central\server\unittest\bin\x64\debug\videoos.event.server.unittest.dll" id="862c3245-8f08-d542-39e8-a014d36f8b5b">
      <Execution id="bc8467a3-9eda-4dd1-aa14-4909ebd6b7a3" />
      <TestMethod codeBase="D:\actions-runner\_work\XPCO\XPCO\EventServer\Server\Components\Central\Server\unittest\bin\x64\Debug\VideoOS.Event.Server.UnitTest.dll" adapterTypeName="executor://mstestadapter/v2" className="VideoOS.Event.Server.Map.Data.UnitTest.TypeIDStorageFactoryTest" name="TestNewObject" />
    </UnitTest>
    <UnitTest name="TestGetIconDataThrowingUnhandledException" storage="d:\actions-runner\_work\xpco\xpco\eventserver\server\components\central\server\unittest\bin\x64\debug\videoos.event.server.unittest.dll" id="469315c8-1cc6-451a-cd46-08337cc7ecdb">
      <TestCategory>
        <TestCategoryItem TestCategory="WebService/Map" />
      </TestCategory>
      <Execution id="9076a640-5868-44e5-8969-49604c20f398" />
      <TestMethod codeBase="D:\actions-runner\_work\XPCO\XPCO\EventServer\Server\Components\Central\Server\unittest\bin\x64\Debug\VideoOS.Event.Server.UnitTest.dll" adapterTypeName="executor://mstestadapter/v2" className="VideoOS.Event.Server.WebService.Map.UnitTest.MapCommandToken2Test" name="TestGetIconDataThrowingUnhandledException" />
    </UnitTest>
    <UnitTest name="TestInsertElementWithAnExistingMarkedForDeletionElement" storage="d:\actions-runner\_work\xpco\xpco\eventserver\server\components\central\server\unittest\bin\x64\debug\videoos.event.server.unittest.dll" id="c551619f-eea0-801f-e025-a2dc4894f67e">
      <Execution id="64f8d87b-a494-404d-ba03-b4e312a44aba" />
      <TestMethod codeBase="D:\actions-runner\_work\XPCO\XPCO\EventServer\Server\Components\Central\Server\unittest\bin\x64\Debug\VideoOS.Event.Server.UnitTest.dll" adapterTypeName="executor://mstestadapter/v2" className="VideoOS.Event.Server.Map.UnitTest.VisualElementManagerTest" name="TestInsertElementWithAnExistingMarkedForDeletionElement" />
    </UnitTest>
    <UnitTest name="TestActivatePlugInActionWithInvalidUser" storage="d:\actions-runner\_work\xpco\xpco\eventserver\server\components\central\server\unittest\bin\x64\debug\videoos.event.server.unittest.dll" id="c12565bd-6b40-192e-3905-3091c8e3cf94">
      <TestCategory>
        <TestCategoryItem TestCategory="WebService/Map" />
      </TestCategory>
      <Execution id="0f1fe239-c1a6-4b0d-b11b-d664edb28276" />
      <TestMethod codeBase="D:\actions-runner\_work\XPCO\XPCO\EventServer\Server\Components\Central\Server\unittest\bin\x64\Debug\VideoOS.Event.Server.UnitTest.dll" adapterTypeName="executor://mstestadapter/v2" className="VideoOS.Event.Server.WebService.Map.UnitTest.MapCommandTokenTest" name="TestActivatePlugInActionWithInvalidUser" />
    </UnitTest>
    <UnitTest name="TestConstructor" storage="d:\actions-runner\_work\xpco\xpco\eventserver\server\components\central\server\unittest\bin\x64\debug\videoos.event.server.unittest.dll" id="9846da53-217d-af4e-03e6-a85cce3a7464">
      <Execution id="82f6e685-b8a4-4380-b214-67e6054514bc" />
      <TestMethod codeBase="D:\actions-runner\_work\XPCO\XPCO\EventServer\Server\Components\Central\Server\unittest\bin\x64\Debug\VideoOS.Event.Server.UnitTest.dll" adapterTypeName="executor://mstestadapter/v2" className="VideoOS.EventServer.Disable.UnitTest.DisableAlarmItemTest" name="TestConstructor" />
    </UnitTest>
    <UnitTest name="TestUpdateElementsWithOldTimestamp" storage="d:\actions-runner\_work\xpco\xpco\eventserver\server\components\central\server\unittest\bin\x64\debug\videoos.event.server.unittest.dll" id="ae3b7ea3-5adc-531c-4b40-daea74d6b041">
      <Execution id="4b38eef3-ae26-4a9d-b141-d05703622d38" />
      <TestMethod codeBase="D:\actions-runner\_work\XPCO\XPCO\EventServer\Server\Components\Central\Server\unittest\bin\x64\Debug\VideoOS.Event.Server.UnitTest.dll" adapterTypeName="executor://mstestadapter/v2" className="VideoOS.Event.Server.Map.UnitTest.VisualElementManagerTest" name="TestUpdateElementsWithOldTimestamp" />
    </UnitTest>
    <UnitTest name="TestGetAllObjectsOnVisualElementNotAuthenticated" storage="d:\actions-runner\_work\xpco\xpco\eventserver\server\components\central\server\unittest\bin\x64\debug\videoos.event.server.unittest.dll" id="04cda920-efc4-365b-24c0-fc5e6312876f">
      <TestCategory>
        <TestCategoryItem TestCategory="WebService/Map" />
      </TestCategory>
      <Execution id="49b93710-b225-483f-a781-300d49d437eb" />
      <TestMethod codeBase="D:\actions-runner\_work\XPCO\XPCO\EventServer\Server\Components\Central\Server\unittest\bin\x64\Debug\VideoOS.Event.Server.UnitTest.dll" adapterTypeName="executor://mstestadapter/v2" className="VideoOS.Event.Server.WebService.Map.UnitTest.MapCommandCredentialsTest" name="TestGetAllObjectsOnVisualElementNotAuthenticated" />
    </UnitTest>
    <UnitTest name="HasStateUpdate_ShouldReturnFalse_WhenListContainsTwoUpdatesWithDifferentStartAndEndStates" storage="d:\actions-runner\_work\xpco\xpco\eventserver\server\components\central\server\unittest\bin\x64\debug\videoos.event.server.unittest.dll" id="a614ea0c-b1f9-717c-58e4-2b444f8f746d">
      <Execution id="fe48ba83-3ef7-41aa-bb4a-a0590f946773" />
      <TestMethod codeBase="D:\actions-runner\_work\XPCO\XPCO\EventServer\Server\Components\Central\Server\unittest\bin\x64\Debug\VideoOS.Event.Server.UnitTest.dll" adapterTypeName="executor://mstestadapter/v2" className="VideoOS.Event.Server.UnitTest.Alarm.AlarmActionItems.StateUpdateHelperTest" name="HasStateUpdate_ShouldReturnFalse_WhenListContainsTwoUpdatesWithDifferentStartAndEndStates" />
    </UnitTest>
    <UnitTest name="TestGetVisualizationChangesWithInvalidUser" storage="d:\actions-runner\_work\xpco\xpco\eventserver\server\components\central\server\unittest\bin\x64\debug\videoos.event.server.unittest.dll" id="db38b9c7-ab19-e6fd-60f0-e3e59d88bf94">
      <Execution id="db145812-7e33-4206-8c9d-63fbc84468e2" />
      <TestMethod codeBase="D:\actions-runner\_work\XPCO\XPCO\EventServer\Server\Components\Central\Server\unittest\bin\x64\Debug\VideoOS.Event.Server.UnitTest.dll" adapterTypeName="executor://mstestadapter/v2" className="VideoOS.Event.Server.WebService.Status.UnitTest.StatusCommandTokenTest" name="TestGetVisualizationChangesWithInvalidUser" />
    </UnitTest>
    <UnitTest name="TestGetItemOperationalState" storage="d:\actions-runner\_work\xpco\xpco\eventserver\server\components\central\server\unittest\bin\x64\debug\videoos.event.server.unittest.dll" id="f9189ce9-0529-6c8d-0d9e-095d8eb96f4d">
      <TestCategory>
        <TestCategoryItem TestCategory="MapPlugInManagerTest" />
      </TestCategory>
      <Execution id="8aeecd81-4a2f-40a0-9a67-ec83a1c5549f" />
      <TestMethod codeBase="D:\actions-runner\_work\XPCO\XPCO\EventServer\Server\Components\Central\Server\unittest\bin\x64\Debug\VideoOS.Event.Server.UnitTest.dll" adapterTypeName="executor://mstestadapter/v2" className="VideoOS.Event.Server.MIP.PlugIn.UnitTest.MapPlugInManagerTest" name="TestGetItemOperationalState" />
    </UnitTest>
    <UnitTest name="TestGetInvalidToken" storage="d:\actions-runner\_work\xpco\xpco\eventserver\server\components\central\server\unittest\bin\x64\debug\videoos.event.server.unittest.dll" id="327b61fc-9460-6e80-0bab-087f3285986c">
      <Execution id="3d0d8db3-35b7-49e1-ad49-1de546e3f39d" />
      <TestMethod codeBase="D:\actions-runner\_work\XPCO\XPCO\EventServer\Server\Components\Central\Server\unittest\bin\x64\Debug\VideoOS.Event.Server.UnitTest.dll" adapterTypeName="executor://mstestadapter/v2" className="VideoOS.Event.Server.WebService.Alarm.UnitTest.AlarmCommandTokenTest" name="TestGetInvalidToken" />
    </UnitTest>
    <UnitTest name="TestNoACUserIdsNoACSystems" storage="d:\actions-runner\_work\xpco\xpco\eventserver\server\components\central\server\unittest\bin\x64\debug\videoos.event.server.unittest.dll" id="775b1367-3189-a824-d0c9-823db512bc30">
      <TestCategory>
        <TestCategoryItem TestCategory="AccessControlUserIdTransformer" />
      </TestCategory>
      <Execution id="e4a009ee-b3f3-403b-8c73-0aeb3861461d" />
      <TestMethod codeBase="D:\actions-runner\_work\XPCO\XPCO\EventServer\Server\Components\Central\Server\unittest\bin\x64\Debug\VideoOS.Event.Server.UnitTest.dll" adapterTypeName="executor://mstestadapter/v2" className="VideoOS.Event.Server.UnitTest.Session.AccessControlUserIdTransformerTest" name="TestNoACUserIdsNoACSystems" />
    </UnitTest>
    <UnitTest name="TestGetIconWithUnknownIcon" storage="d:\actions-runner\_work\xpco\xpco\eventserver\server\components\central\server\unittest\bin\x64\debug\videoos.event.server.unittest.dll" id="77fc74ab-0dd5-c397-d0ed-5574632f3696">
      <TestCategory>
        <TestCategoryItem TestCategory="MapPlugInManagerTest" />
      </TestCategory>
      <Execution id="bb81467c-d7b4-4419-95f6-86681354e7d1" />
      <TestMethod codeBase="D:\actions-runner\_work\XPCO\XPCO\EventServer\Server\Components\Central\Server\unittest\bin\x64\Debug\VideoOS.Event.Server.UnitTest.dll" adapterTypeName="executor://mstestadapter/v2" className="VideoOS.Event.Server.MIP.PlugIn.UnitTest.MapPlugInManagerTest" name="TestGetIconWithUnknownIcon" />
    </UnitTest>
    <UnitTest name="ShouldSave_ShouldBeTrue_AfterSettingEventGroupRetention" storage="d:\actions-runner\_work\xpco\xpco\eventserver\server\components\central\server\unittest\bin\x64\debug\videoos.event.server.unittest.dll" id="a9c0567b-3355-1747-3327-c8adbd54000f">
      <Execution id="cfca2cd5-da22-4471-ad3d-a10a37fcd736" />
      <TestMethod codeBase="D:\actions-runner\_work\XPCO\XPCO\EventServer\Server\Components\Central\Server\unittest\bin\x64\Debug\VideoOS.Event.Server.UnitTest.dll" adapterTypeName="executor://mstestadapter/v2" className="VideoOS.Event.Server.UnitTest.Config.EventRetentionConfigTests" name="ShouldSave_ShouldBeTrue_AfterSettingEventGroupRetention" />
    </UnitTest>
    <UnitTest name="CreateObject_WithValidParameters" storage="d:\actions-runner\_work\xpco\xpco\eventserver\server\components\central\server\unittest\bin\x64\debug\videoos.event.server.unittest.dll" id="31121f38-47e5-338b-c330-5f8a9fb87bdf">
      <TestCategory>
        <TestCategoryItem TestCategory="WebService/Map" />
      </TestCategory>
      <Execution id="d366a9eb-1944-4f42-a36a-7144ef579723" />
      <TestMethod codeBase="D:\actions-runner\_work\XPCO\XPCO\EventServer\Server\Components\Central\Server\unittest\bin\x64\Debug\VideoOS.Event.Server.UnitTest.dll" adapterTypeName="executor://mstestadapter/v2" className="VideoOS.Event.Server.WebService.Map.UnitTest.MapCommandTokenTest" name="CreateObject_WithValidParameters" />
    </UnitTest>
    <UnitTest name="TestUpdateBoundsWithInvalidUser" storage="d:\actions-runner\_work\xpco\xpco\eventserver\server\components\central\server\unittest\bin\x64\debug\videoos.event.server.unittest.dll" id="a18da52c-9f52-fb16-4078-bcb8084ca60e">
      <TestCategory>
        <TestCategoryItem TestCategory="WebService/Map" />
      </TestCategory>
      <Execution id="78fd995c-7850-4e04-9184-3d12f31509cf" />
      <TestMethod codeBase="D:\actions-runner\_work\XPCO\XPCO\EventServer\Server\Components\Central\Server\unittest\bin\x64\Debug\VideoOS.Event.Server.UnitTest.dll" adapterTypeName="executor://mstestadapter/v2" className="VideoOS.Event.Server.WebService.Map.UnitTest.MapCommandToken2Test" name="TestUpdateBoundsWithInvalidUser" />
    </UnitTest>
    <UnitTest name="TestCreateFilteredConfigurationChildUnitLimited" storage="d:\actions-runner\_work\xpco\xpco\eventserver\server\components\central\server\unittest\bin\x64\debug\videoos.event.server.unittest.dll" id="47ff905a-bdb9-8c9d-978f-83c30105525a">
      <TestCategory>
        <TestCategoryItem TestCategory="AccessControlServiceImplementation" />
      </TestCategory>
      <Execution id="9c8900b3-4d84-434b-ae78-bcc5751ea439" />
      <TestMethod codeBase="D:\actions-runner\_work\XPCO\XPCO\EventServer\Server\Components\Central\Server\unittest\bin\x64\Debug\VideoOS.Event.Server.UnitTest.dll" adapterTypeName="executor://mstestadapter/v2" className="VideoOS.Event.Server.UnitTest.AccessControl.AccessControlServiceImplementationTest" name="TestCreateFilteredConfigurationChildUnitLimited" />
    </UnitTest>
    <UnitTest name="Setup_VmsTokenProvider_TempSecretExistsIsTrue_SecretExists_IsFalse_NoErrorsAreThrownAsync" storage="d:\actions-runner\_work\xpco\xpco\eventserver\server\components\central\server\unittest\bin\x64\debug\videoos.event.server.unittest.dll" id="b853bca4-a79e-4f54-a4b4-35f801cc2d5a">
      <Execution id="9857f35f-8deb-47aa-8aa9-a6110182c64f" />
      <TestMethod codeBase="D:\actions-runner\_work\XPCO\XPCO\EventServer\Server\Components\Central\Server\unittest\bin\x64\Debug\VideoOS.Event.Server.UnitTest.dll" adapterTypeName="executor://mstestadapter/v2" className="VideoOS.Event.Server.UnitTest.Utils.VmsTokenProvider.VmsTokenProviderTests" name="Setup_VmsTokenProvider_TempSecretExistsIsTrue_SecretExists_IsFalse_NoErrorsAreThrownAsync" />
    </UnitTest>
    <UnitTest name="TestUpdateElementDisplayXmlWithNonExistingId" storage="d:\actions-runner\_work\xpco\xpco\eventserver\server\components\central\server\unittest\bin\x64\debug\videoos.event.server.unittest.dll" id="f2f022f0-f838-e0b9-e71f-f55003805c0e">
      <Execution id="563d7fce-6580-4b9c-a32d-799cfc6c3d19" />
      <TestMethod codeBase="D:\actions-runner\_work\XPCO\XPCO\EventServer\Server\Components\Central\Server\unittest\bin\x64\Debug\VideoOS.Event.Server.UnitTest.dll" adapterTypeName="executor://mstestadapter/v2" className="VideoOS.Event.Server.Map.UnitTest.VisualElementManagerTest" name="TestUpdateElementDisplayXmlWithNonExistingId" />
    </UnitTest>
    <UnitTest name="TestUpdateWithNullValues" storage="d:\actions-runner\_work\xpco\xpco\eventserver\server\components\central\server\unittest\bin\x64\debug\videoos.event.server.unittest.dll" id="04f1c957-3b52-a4e4-88ce-e71488ccd8d2">
      <TestCategory>
        <TestCategoryItem TestCategory="MapPlugInInternalItem" />
      </TestCategory>
      <Execution id="e309c014-353a-452e-88e9-cf3a0d0dc0b5" />
      <TestMethod codeBase="D:\actions-runner\_work\XPCO\XPCO\EventServer\Server\Components\Central\Server\unittest\bin\x64\Debug\VideoOS.Event.Server.UnitTest.dll" adapterTypeName="executor://mstestadapter/v2" className="VideoOS.Event.Server.MIP.PlugIn.UnitTest.MapPlugInInternalItemTest" name="TestUpdateWithNullValues" />
    </UnitTest>
    <UnitTest name="TestGetAllObjectsOnVisualElementWithInvalidUser" storage="d:\actions-runner\_work\xpco\xpco\eventserver\server\components\central\server\unittest\bin\x64\debug\videoos.event.server.unittest.dll" id="93031eb4-0393-34c5-580c-f6097d39ae92">
      <TestCategory>
        <TestCategoryItem TestCategory="WebService/Map" />
      </TestCategory>
      <Execution id="7c8ca94d-9c7d-4060-9d78-635453454248" />
      <TestMethod codeBase="D:\actions-runner\_work\XPCO\XPCO\EventServer\Server\Components\Central\Server\unittest\bin\x64\Debug\VideoOS.Event.Server.UnitTest.dll" adapterTypeName="executor://mstestadapter/v2" className="VideoOS.Event.Server.WebService.Map.UnitTest.MapCommandToken2Test" name="TestGetAllObjectsOnVisualElementWithInvalidUser" />
    </UnitTest>
    <UnitTest name="TestUpdateWithAllParameters" storage="d:\actions-runner\_work\xpco\xpco\eventserver\server\components\central\server\unittest\bin\x64\debug\videoos.event.server.unittest.dll" id="cabe6cff-646c-5b08-f9fe-ca2fa3f35a92">
      <Execution id="fd4aa230-18de-48f1-ab12-067593c5ab2e" />
      <TestMethod codeBase="D:\actions-runner\_work\XPCO\XPCO\EventServer\Server\Components\Central\Server\unittest\bin\x64\Debug\VideoOS.Event.Server.UnitTest.dll" adapterTypeName="executor://mstestadapter/v2" className="VideoOS.Event.Server.Map.Data.UnitTest.VisualElementStorageTest" name="TestUpdateWithAllParameters" />
    </UnitTest>
    <UnitTest name="Handle_ShouldNotFlattenValues_WhenValuesDoNotIncludeStateProperties" storage="d:\actions-runner\_work\xpco\xpco\eventserver\server\components\central\server\unittest\bin\x64\debug\videoos.event.server.unittest.dll" id="5bb69163-8c75-e295-34ab-b5c8205de7b3">
      <Execution id="28541af9-b510-4da0-bcc5-b73c084f42bc" />
      <TestMethod codeBase="D:\actions-runner\_work\XPCO\XPCO\EventServer\Server\Components\Central\Server\unittest\bin\x64\Debug\VideoOS.Event.Server.UnitTest.dll" adapterTypeName="executor://mstestadapter/v2" className="VideoOS.Event.Server.UnitTest.Alarm.Processors.UpdateAlarms.UpdateAlarmCompositeValueHandlerTests" name="Handle_ShouldNotFlattenValues_WhenValuesDoNotIncludeStateProperties" />
    </UnitTest>
    <UnitTest name="TestClose" storage="d:\actions-runner\_work\xpco\xpco\eventserver\server\components\central\server\unittest\bin\x64\debug\videoos.event.server.unittest.dll" id="6f4aa358-fb39-bf15-74d6-cff7bf6dc736">
      <TestCategory>
        <TestCategoryItem TestCategory="PermissionManagerFetcher" />
      </TestCategory>
      <Execution id="661c3ce8-90b3-44c5-bfca-2debc0583438" />
      <TestMethod codeBase="D:\actions-runner\_work\XPCO\XPCO\EventServer\Server\Components\Central\Server\unittest\bin\x64\Debug\VideoOS.Event.Server.UnitTest.dll" adapterTypeName="executor://mstestadapter/v2" className="VideoOS.Event.Server.UnitTest.Security.PermissionFetcherTest" name="TestClose" />
    </UnitTest>
    <UnitTest name="EventToBaseEventMapper_ReturnsAnalyticsEvent_WhenAnalyticsData" storage="d:\actions-runner\_work\xpco\xpco\eventserver\server\components\central\server\unittest\bin\x64\debug\videoos.event.server.unittest.dll" id="b9d2dfd5-5fc8-0a0e-3f2b-a2de70ec6bf5">
      <Execution id="c9f00504-7e3b-48fd-b59b-53ec6acd5697" />
      <TestMethod codeBase="D:\actions-runner\_work\XPCO\XPCO\EventServer\Server\Components\Central\Server\unittest\bin\x64\Debug\VideoOS.Event.Server.UnitTest.dll" adapterTypeName="executor://mstestadapter/v2" className="VideoOS.Event.Server.UnitTest.Event.EventToBaseEventMapperTest" name="EventToBaseEventMapper_ReturnsAnalyticsEvent_WhenAnalyticsData" />
    </UnitTest>
    <UnitTest name="TestConstructor" storage="d:\actions-runner\_work\xpco\xpco\eventserver\server\components\central\server\unittest\bin\x64\debug\videoos.event.server.unittest.dll" id="58f66935-b4b3-6118-596d-600db53f9218">
      <TestCategory>
        <TestCategoryItem TestCategory="MapPlugInInternalItemFactory" />
      </TestCategory>
      <Execution id="83213124-b911-4027-b916-0a2284c8791a" />
      <TestMethod codeBase="D:\actions-runner\_work\XPCO\XPCO\EventServer\Server\Components\Central\Server\unittest\bin\x64\Debug\VideoOS.Event.Server.UnitTest.dll" adapterTypeName="executor://mstestadapter/v2" className="VideoOS.Event.Server.MIP.PlugIn.UnitTest.MapPlugInInternalItemFactoryTest" name="TestConstructor" />
    </UnitTest>
    <UnitTest name="HasStateUpdate_ShouldReturnFalse_WhenListContainsOneUpdateWithSameState" storage="d:\actions-runner\_work\xpco\xpco\eventserver\server\components\central\server\unittest\bin\x64\debug\videoos.event.server.unittest.dll" id="ab129d12-b905-76f6-7b0d-44fb8b172324">
      <Execution id="6ee321e7-0e84-43b8-b573-4263e0aa5cac" />
      <TestMethod codeBase="D:\actions-runner\_work\XPCO\XPCO\EventServer\Server\Components\Central\Server\unittest\bin\x64\Debug\VideoOS.Event.Server.UnitTest.dll" adapterTypeName="executor://mstestadapter/v2" className="VideoOS.Event.Server.UnitTest.Alarm.AlarmActionItems.StateUpdateHelperTest" name="HasStateUpdate_ShouldReturnFalse_WhenListContainsOneUpdateWithSameState" />
    </UnitTest>
    <UnitTest name="Constructor_ShouldThrowArgumentNullException_WhenAuditLoggerIsNull" storage="d:\actions-runner\_work\xpco\xpco\eventserver\server\components\central\server\unittest\bin\x64\debug\videoos.event.server.unittest.dll" id="2f6d1302-17e2-6a1b-218f-11f673266c76">
      <Execution id="ca5575d4-7102-47e8-b35b-ffbe8baeb2de" />
      <TestMethod codeBase="D:\actions-runner\_work\XPCO\XPCO\EventServer\Server\Components\Central\Server\unittest\bin\x64\Debug\VideoOS.Event.Server.UnitTest.dll" adapterTypeName="executor://mstestadapter/v2" className="VideoOS.Event.Server.UnitTest.Config.EventRetentionConfigTests" name="Constructor_ShouldThrowArgumentNullException_WhenAuditLoggerIsNull" />
    </UnitTest>
    <UnitTest name="CheckAccess_ShouldThrowException_WhenUserIsUnknown" storage="d:\actions-runner\_work\xpco\xpco\eventserver\server\components\central\server\unittest\bin\x64\debug\videoos.event.server.unittest.dll" id="c76831fe-1ee8-06a5-6801-a38931af7baf">
      <Execution id="a0d19950-ca04-4578-a10e-332c8c9038cf" />
      <TestMethod codeBase="D:\actions-runner\_work\XPCO\XPCO\EventServer\Server\Components\Central\Server\unittest\bin\x64\Debug\VideoOS.Event.Server.UnitTest.dll" adapterTypeName="executor://mstestadapter/v2" className="VideoOS.Event.Server.Security.UnitTest.SecurityCommunicationDBTest" name="CheckAccess_ShouldThrowException_WhenUserIsUnknown" />
    </UnitTest>
    <UnitTest name="TestDeleteConfigHostRecursive" storage="d:\actions-runner\_work\xpco\xpco\eventserver\server\components\central\server\unittest\bin\x64\debug\videoos.event.server.unittest.dll" id="a0e2b5a2-035f-51df-94ac-0c80a27d7671">
      <Execution id="4912328c-4212-43f4-a8ce-2635dfcf08e1" />
      <TestMethod codeBase="D:\actions-runner\_work\XPCO\XPCO\EventServer\Server\Components\Central\Server\unittest\bin\x64\Debug\VideoOS.Event.Server.UnitTest.dll" adapterTypeName="executor://mstestadapter/v2" className="VideoOS.Event.Server.Communication.UnitTest.ServerConfigManagerTest" name="TestDeleteConfigHostRecursive" />
    </UnitTest>
    <UnitTest name="TestNameWithNoMapPlugInType" storage="d:\actions-runner\_work\xpco\xpco\eventserver\server\components\central\server\unittest\bin\x64\debug\videoos.event.server.unittest.dll" id="61a27669-aede-ff1b-28bc-1b1d2d61e91a">
      <Execution id="962c1f11-6690-41b1-92ca-d4e61717b8d4" />
      <TestMethod codeBase="D:\actions-runner\_work\XPCO\XPCO\EventServer\Server\Components\Central\Server\unittest\bin\x64\Debug\VideoOS.Event.Server.UnitTest.dll" adapterTypeName="executor://mstestadapter/v2" className="VideoOS.Event.Server.MIP.PlugIn.UnitTest.MapPlugInTypeEventHandlerTest" name="TestNameWithNoMapPlugInType" />
    </UnitTest>
    <UnitTest name="TestLoadXMLWithNoValue" storage="d:\actions-runner\_work\xpco\xpco\eventserver\server\components\central\server\unittest\bin\x64\debug\videoos.event.server.unittest.dll" id="8ac56230-1974-cdfe-6a70-2981d4993d59">
      <Execution id="4ae43143-3bd7-47ed-9bac-b84534082b68" />
      <TestMethod codeBase="D:\actions-runner\_work\XPCO\XPCO\EventServer\Server\Components\Central\Server\unittest\bin\x64\Debug\VideoOS.Event.Server.UnitTest.dll" adapterTypeName="executor://mstestadapter/v2" className="VideoOS.Event.Server.Map.Data.UnitTest.AccessListStorageTest" name="TestLoadXMLWithNoValue" />
    </UnitTest>
    <UnitTest name="GetObjectsWithinGPSArea_WithValidParameters" storage="d:\actions-runner\_work\xpco\xpco\eventserver\server\components\central\server\unittest\bin\x64\debug\videoos.event.server.unittest.dll" id="66672741-a1d3-80e2-a60f-bcbd8316ff3f">
      <TestCategory>
        <TestCategoryItem TestCategory="WebService/Map" />
      </TestCategory>
      <Execution id="fd54a08c-e077-498c-89c2-a7261109c8f4" />
      <TestMethod codeBase="D:\actions-runner\_work\XPCO\XPCO\EventServer\Server\Components\Central\Server\unittest\bin\x64\Debug\VideoOS.Event.Server.UnitTest.dll" adapterTypeName="executor://mstestadapter/v2" className="VideoOS.Event.Server.WebService.Map.UnitTest.MapCommandToken2Test" name="GetObjectsWithinGPSArea_WithValidParameters" />
    </UnitTest>
    <UnitTest name="TestConstructor" storage="d:\actions-runner\_work\xpco\xpco\eventserver\server\components\central\server\unittest\bin\x64\debug\videoos.event.server.unittest.dll" id="84a6ed3b-9aa1-9227-d98e-a331ef3fb88e">
      <Execution id="02e9c867-8c6c-492d-8308-fc32c29df038" />
      <TestMethod codeBase="D:\actions-runner\_work\XPCO\XPCO\EventServer\Server\Components\Central\Server\unittest\bin\x64\Debug\VideoOS.Event.Server.UnitTest.dll" adapterTypeName="executor://mstestadapter/v2" className="VideoOS.Event.Server.Map.Data.UnitTest.StatusElementTest" name="TestConstructor" />
    </UnitTest>
    <UnitTest name="TestLoadConfigurationWithNullNode" storage="d:\actions-runner\_work\xpco\xpco\eventserver\server\components\central\server\unittest\bin\x64\debug\videoos.event.server.unittest.dll" id="5633b127-bb04-d544-e3df-a69bb38d0776">
      <Execution id="c121606a-241d-40d7-89f0-f45047feba9c" />
      <TestMethod codeBase="D:\actions-runner\_work\XPCO\XPCO\EventServer\Server\Components\Central\Server\unittest\bin\x64\Debug\VideoOS.Event.Server.UnitTest.dll" adapterTypeName="executor://mstestadapter/v2" className="VideoOS.Event.Server.Map.UnitTest.VisualElementStorageDatabaseTest" name="TestLoadConfigurationWithNullNode" />
    </UnitTest>
    <UnitTest name="GetEventGroupsTest" storage="d:\actions-runner\_work\xpco\xpco\eventserver\server\components\central\server\unittest\bin\x64\debug\videoos.event.server.unittest.dll" id="cfcb2bbb-ebc1-fd20-fbb7-664d5ef066e3">
      <Execution id="adc1d64a-c4f8-4c44-a97e-55dc65861921" />
      <TestMethod codeBase="D:\actions-runner\_work\XPCO\XPCO\EventServer\Server\Components\Central\Server\unittest\bin\x64\Debug\VideoOS.Event.Server.UnitTest.dll" adapterTypeName="executor://mstestadapter/v2" className="VideoOS.Event.Server.UnitTest.MIP.Environment.MIPEventTypeProviderTest" name="GetEventGroupsTest" />
    </UnitTest>
    <UnitTest name="TestActivatePlugInActionThrowingUnhandledException" storage="d:\actions-runner\_work\xpco\xpco\eventserver\server\components\central\server\unittest\bin\x64\debug\videoos.event.server.unittest.dll" id="b335820a-7104-d5ea-9cc3-885bd58666ec">
      <TestCategory>
        <TestCategoryItem TestCategory="WebService/Map" />
      </TestCategory>
      <Execution id="e2196e60-5177-4ee4-abdc-6527953920c6" />
      <TestMethod codeBase="D:\actions-runner\_work\XPCO\XPCO\EventServer\Server\Components\Central\Server\unittest\bin\x64\Debug\VideoOS.Event.Server.UnitTest.dll" adapterTypeName="executor://mstestadapter/v2" className="VideoOS.Event.Server.WebService.Map.UnitTest.MapCommandCredentialsTest" name="TestActivatePlugInActionThrowingUnhandledException" />
    </UnitTest>
    <UnitTest name="WebServiceTest_CreateWsHTTPBindingSecurityModeMessage" storage="d:\actions-runner\_work\xpco\xpco\eventserver\server\components\central\server\unittest\bin\x64\debug\videoos.event.server.unittest.dll" id="21990b8b-1291-e060-3e80-5b7f3edc09e2">
      <Execution id="a48ee92f-b215-481a-9e11-8d2001067d68" />
      <TestMethod codeBase="D:\actions-runner\_work\XPCO\XPCO\EventServer\Server\Components\Central\Server\unittest\bin\x64\Debug\VideoOS.Event.Server.UnitTest.dll" adapterTypeName="executor://mstestadapter/v2" className="VideoOS.Event.Server.UnitTest.WebService.WebServiceTest" name="WebServiceTest_CreateWsHTTPBindingSecurityModeMessage" />
    </UnitTest>
    <UnitTest name="TestRemoveElementsWithOldTimestamp" storage="d:\actions-runner\_work\xpco\xpco\eventserver\server\components\central\server\unittest\bin\x64\debug\videoos.event.server.unittest.dll" id="d5621eba-cb30-7bb1-a1d1-8acbd8028e45">
      <Execution id="e4eb10ca-1ea1-459a-99df-6faf0655e800" />
      <TestMethod codeBase="D:\actions-runner\_work\XPCO\XPCO\EventServer\Server\Components\Central\Server\unittest\bin\x64\Debug\VideoOS.Event.Server.UnitTest.dll" adapterTypeName="executor://mstestadapter/v2" className="VideoOS.Event.Server.Map.UnitTest.VisualElementManagerTest" name="TestRemoveElementsWithOldTimestamp" />
    </UnitTest>
    <UnitTest name="TestMultipleSessionsMultipleUserIds" storage="d:\actions-runner\_work\xpco\xpco\eventserver\server\components\central\server\unittest\bin\x64\debug\videoos.event.server.unittest.dll" id="ded7da43-5b35-6452-1926-110c074ef91d">
      <TestCategory>
        <TestCategoryItem TestCategory="SessionCache" />
      </TestCategory>
      <Execution id="1479cf46-9d94-4932-84da-8bc5882e7f6f" />
      <TestMethod codeBase="D:\actions-runner\_work\XPCO\XPCO\EventServer\Server\Components\Central\Server\unittest\bin\x64\Debug\VideoOS.Event.Server.UnitTest.dll" adapterTypeName="executor://mstestadapter/v2" className="VideoOS.Event.Server.UnitTest.Session.SessionCacheTest" name="TestMultipleSessionsMultipleUserIds" />
    </UnitTest>
    <UnitTest name="TestGetObjectsWithinGPSAreaNotAuthenticated" storage="d:\actions-runner\_work\xpco\xpco\eventserver\server\components\central\server\unittest\bin\x64\debug\videoos.event.server.unittest.dll" id="022a055b-6ebe-e782-e026-a09e283910ea">
      <TestCategory>
        <TestCategoryItem TestCategory="WebService/Map" />
      </TestCategory>
      <Execution id="3e286d8d-63bb-4df6-94d0-6d8ccf4f81d8" />
      <TestMethod codeBase="D:\actions-runner\_work\XPCO\XPCO\EventServer\Server\Components\Central\Server\unittest\bin\x64\Debug\VideoOS.Event.Server.UnitTest.dll" adapterTypeName="executor://mstestadapter/v2" className="VideoOS.Event.Server.WebService.Map.UnitTest.MapCommandCredentialsTest" name="TestGetObjectsWithinGPSAreaNotAuthenticated" />
    </UnitTest>
    <UnitTest name="TestGetPlugInItemsThrowingUnhandledException" storage="d:\actions-runner\_work\xpco\xpco\eventserver\server\components\central\server\unittest\bin\x64\debug\videoos.event.server.unittest.dll" id="2be6a9ee-7631-7b93-694c-0c9d581761da">
      <TestCategory>
        <TestCategoryItem TestCategory="WebService/Map" />
      </TestCategory>
      <Execution id="18ed6899-7034-48cb-bc0c-284db827efc3" />
      <TestMethod codeBase="D:\actions-runner\_work\XPCO\XPCO\EventServer\Server\Components\Central\Server\unittest\bin\x64\Debug\VideoOS.Event.Server.UnitTest.dll" adapterTypeName="executor://mstestadapter/v2" className="VideoOS.Event.Server.WebService.Map.UnitTest.MapCommandCredentialsTest" name="TestGetPlugInItemsThrowingUnhandledException" />
    </UnitTest>
    <UnitTest name="WhenAlarmSearchCriteriaWithCorrectDataThenCorrectString" storage="d:\actions-runner\_work\xpco\xpco\eventserver\server\components\central\server\unittest\bin\x64\debug\videoos.event.server.unittest.dll" id="6f5bbd40-400e-51ba-f44d-571f022a1abc">
      <Execution id="5369ca83-1052-47b6-9ae9-80d396040208" />
      <TestMethod codeBase="D:\actions-runner\_work\XPCO\XPCO\EventServer\Server\Components\Central\Server\unittest\bin\x64\Debug\VideoOS.Event.Server.UnitTest.dll" adapterTypeName="executor://mstestadapter/v2" className="VideoOS.Event.Server.UnitTest.WebService.Alarm.NameAndNumberSearchConditionProviderTest" name="WhenAlarmSearchCriteriaWithCorrectDataThenCorrectString" />
    </UnitTest>
    <UnitTest name="TestUpdateElementsWithRelationIdAllreadyInUse" storage="d:\actions-runner\_work\xpco\xpco\eventserver\server\components\central\server\unittest\bin\x64\debug\videoos.event.server.unittest.dll" id="12c88a43-5a11-3c42-0ae5-64f9f48e1bb6">
      <Execution id="815e73a8-0a05-4bf9-8143-45ee51fb603b" />
      <TestMethod codeBase="D:\actions-runner\_work\XPCO\XPCO\EventServer\Server\Components\Central\Server\unittest\bin\x64\Debug\VideoOS.Event.Server.UnitTest.dll" adapterTypeName="executor://mstestadapter/v2" className="VideoOS.Event.Server.Map.UnitTest.VisualElementManagerTest" name="TestUpdateElementsWithRelationIdAllreadyInUse" />
    </UnitTest>
    <UnitTest name="TestGetStatusWithInvalidUser" storage="d:\actions-runner\_work\xpco\xpco\eventserver\server\components\central\server\unittest\bin\x64\debug\videoos.event.server.unittest.dll" id="515deef3-25ea-3efc-5653-a41e47e92c2b">
      <Execution id="17ee7db2-70af-472c-b681-689ababca633" />
      <TestMethod codeBase="D:\actions-runner\_work\XPCO\XPCO\EventServer\Server\Components\Central\Server\unittest\bin\x64\Debug\VideoOS.Event.Server.UnitTest.dll" adapterTypeName="executor://mstestadapter/v2" className="VideoOS.Event.Server.WebService.Status.UnitTest.StatusCommandTokenTest" name="TestGetStatusWithInvalidUser" />
    </UnitTest>
    <UnitTest name="TestUpdateNameWithInvalidUser" storage="d:\actions-runner\_work\xpco\xpco\eventserver\server\components\central\server\unittest\bin\x64\debug\videoos.event.server.unittest.dll" id="67fe9761-0c53-3773-5339-ca492a2c95fb">
      <TestCategory>
        <TestCategoryItem TestCategory="WebService/Map" />
      </TestCategory>
      <Execution id="5a19dbd1-512a-487a-96b3-1805c01f7107" />
      <TestMethod codeBase="D:\actions-runner\_work\XPCO\XPCO\EventServer\Server\Components\Central\Server\unittest\bin\x64\Debug\VideoOS.Event.Server.UnitTest.dll" adapterTypeName="executor://mstestadapter/v2" className="VideoOS.Event.Server.WebService.Map.UnitTest.MapCommandTokenTest" name="TestUpdateNameWithInvalidUser" />
    </UnitTest>
    <UnitTest name="GetVisualizationChanges_ShouldReturnNull_IfThereAreNoChanges" storage="d:\actions-runner\_work\xpco\xpco\eventserver\server\components\central\server\unittest\bin\x64\debug\videoos.event.server.unittest.dll" id="ce79ff04-29cf-8ada-ab53-58492db63b2c">
      <Execution id="858da865-96b0-407a-af0f-64690f606ab4" />
      <TestMethod codeBase="D:\actions-runner\_work\XPCO\XPCO\EventServer\Server\Components\Central\Server\unittest\bin\x64\Debug\VideoOS.Event.Server.UnitTest.dll" adapterTypeName="executor://mstestadapter/v2" className="VideoOS.Event.Server.WebService.Status.UnitTest.StatusCommandToken2Test" name="GetVisualizationChanges_ShouldReturnNull_IfThereAreNoChanges" />
    </UnitTest>
    <UnitTest name="TestDeleteObjectsWithValidParameters" storage="d:\actions-runner\_work\xpco\xpco\eventserver\server\components\central\server\unittest\bin\x64\debug\videoos.event.server.unittest.dll" id="bf44b2b4-8310-5a30-3472-845b81c14e93">
      <TestCategory>
        <TestCategoryItem TestCategory="WebService/Map" />
      </TestCategory>
      <Execution id="269ed27d-1f10-49cd-8fcc-03b106c1bbe4" />
      <TestMethod codeBase="D:\actions-runner\_work\XPCO\XPCO\EventServer\Server\Components\Central\Server\unittest\bin\x64\Debug\VideoOS.Event.Server.UnitTest.dll" adapterTypeName="executor://mstestadapter/v2" className="VideoOS.Event.Server.WebService.Map.UnitTest.MapCommandCredentialsTest" name="TestDeleteObjectsWithValidParameters" />
    </UnitTest>
    <UnitTest name="TestConstructorWithNullConfigHost" storage="d:\actions-runner\_work\xpco\xpco\eventserver\server\components\central\server\unittest\bin\x64\debug\videoos.event.server.unittest.dll" id="0b404634-fabf-542c-c39a-5b5860a30b25">
      <TestCategory>
        <TestCategoryItem TestCategory="PermissionManagerFetcher" />
      </TestCategory>
      <Execution id="b2979543-ded9-423a-aceb-167ec9bcac95" />
      <TestMethod codeBase="D:\actions-runner\_work\XPCO\XPCO\EventServer\Server\Components\Central\Server\unittest\bin\x64\Debug\VideoOS.Event.Server.UnitTest.dll" adapterTypeName="executor://mstestadapter/v2" className="VideoOS.Event.Server.UnitTest.Security.AuthorizationFetcher.AccessControlItemAuthorizationFetcherTest" name="TestConstructorWithNullConfigHost" />
    </UnitTest>
    <UnitTest name="TestUpdateNameThrowingUnhandledException" storage="d:\actions-runner\_work\xpco\xpco\eventserver\server\components\central\server\unittest\bin\x64\debug\videoos.event.server.unittest.dll" id="8c683b9a-044d-8adc-86d6-f9978fcb0f49">
      <TestCategory>
        <TestCategoryItem TestCategory="WebService/Map" />
      </TestCategory>
      <Execution id="7eb3617c-7984-49a3-8fda-cecbbef01f05" />
      <TestMethod codeBase="D:\actions-runner\_work\XPCO\XPCO\EventServer\Server\Components\Central\Server\unittest\bin\x64\Debug\VideoOS.Event.Server.UnitTest.dll" adapterTypeName="executor://mstestadapter/v2" className="VideoOS.Event.Server.WebService.Map.UnitTest.MapCommandToken2Test" name="TestUpdateNameThrowingUnhandledException" />
    </UnitTest>
    <UnitTest name="EventIdListTest_EventSource_Hardware" storage="d:\actions-runner\_work\xpco\xpco\eventserver\server\components\central\server\unittest\bin\x64\debug\videoos.event.server.unittest.dll" id="2af4e33f-3ad4-04f2-37df-9ec4b5574236">
      <Execution id="5f7d2940-6637-477e-9269-ab92c772ded7" />
      <TestMethod codeBase="D:\actions-runner\_work\XPCO\XPCO\EventServer\Server\Components\Central\Server\unittest\bin\x64\Debug\VideoOS.Event.Server.UnitTest.dll" adapterTypeName="executor://mstestadapter/v2" className="VideoOS.Event.Server.UnitTest.Event.EventIdListTest" name="EventIdListTest_EventSource_Hardware" />
    </UnitTest>
    <UnitTest name="TestGetVisualElementChangesThrowingUnhandledException" storage="d:\actions-runner\_work\xpco\xpco\eventserver\server\components\central\server\unittest\bin\x64\debug\videoos.event.server.unittest.dll" id="e2e11837-721b-4b90-bc2d-5546133bb97c">
      <TestCategory>
        <TestCategoryItem TestCategory="WebService/Map" />
      </TestCategory>
      <Execution id="5c2c885f-26c1-4626-b024-513642bdc194" />
      <TestMethod codeBase="D:\actions-runner\_work\XPCO\XPCO\EventServer\Server\Components\Central\Server\unittest\bin\x64\Debug\VideoOS.Event.Server.UnitTest.dll" adapterTypeName="executor://mstestadapter/v2" className="VideoOS.Event.Server.WebService.Map.UnitTest.MapCommandToken2Test" name="TestGetVisualElementChangesThrowingUnhandledException" />
    </UnitTest>
    <UnitTest name="Handle_ShouldFlattenPriorityValue_WhenValuesIncludePriorityIntAndPriorityNameAndPriority" storage="d:\actions-runner\_work\xpco\xpco\eventserver\server\components\central\server\unittest\bin\x64\debug\videoos.event.server.unittest.dll" id="d0a15130-1ca6-b7e5-8f44-4b44d16aba65">
      <Execution id="46a1fa3e-6755-4923-b99a-54755e87cc9c" />
      <TestMethod codeBase="D:\actions-runner\_work\XPCO\XPCO\EventServer\Server\Components\Central\Server\unittest\bin\x64\Debug\VideoOS.Event.Server.UnitTest.dll" adapterTypeName="executor://mstestadapter/v2" className="VideoOS.Event.Server.UnitTest.Alarm.Processors.UpdateAlarms.UpdateAlarmCompositeValueHandlerTests" name="Handle_ShouldFlattenPriorityValue_WhenValuesIncludePriorityIntAndPriorityNameAndPriority" />
    </UnitTest>
    <UnitTest name="WebServiceCommandBaseTest_UserAndParameterValidation_ValidateUserFails" storage="d:\actions-runner\_work\xpco\xpco\eventserver\server\components\central\server\unittest\bin\x64\debug\videoos.event.server.unittest.dll" id="ffbab35b-742f-82c4-d5ad-0fa0ce013dac">
      <Execution id="33333c58-33dd-4143-b442-c1381997e940" />
      <TestMethod codeBase="D:\actions-runner\_work\XPCO\XPCO\EventServer\Server\Components\Central\Server\unittest\bin\x64\Debug\VideoOS.Event.Server.UnitTest.dll" adapterTypeName="executor://mstestadapter/v2" className="VideoOS.Event.Server.UnitTest.WebService.Action.WebServiceAdminCommandBaseTest" name="WebServiceCommandBaseTest_UserAndParameterValidation_ValidateUserFails" />
    </UnitTest>
    <UnitTest name="UnsubscribeEventReceiver_ReturnsTrue_WhenAlreadySubscribed" storage="d:\actions-runner\_work\xpco\xpco\eventserver\server\components\central\server\unittest\bin\x64\debug\videoos.event.server.unittest.dll" id="e034f180-6179-db89-a0d9-ee482132bcaf">
      <Execution id="68895556-c182-48ac-ae91-5fab5bd9258f" />
      <TestMethod codeBase="D:\actions-runner\_work\XPCO\XPCO\EventServer\Server\Components\Central\Server\unittest\bin\x64\Debug\VideoOS.Event.Server.UnitTest.dll" adapterTypeName="executor://mstestadapter/v2" className="VideoOS.Event.Server.UnitTest.Event.EventPusherTest" name="UnsubscribeEventReceiver_ReturnsTrue_WhenAlreadySubscribed" />
    </UnitTest>
    <UnitTest name="GetStatus_WithNullStatus" storage="d:\actions-runner\_work\xpco\xpco\eventserver\server\components\central\server\unittest\bin\x64\debug\videoos.event.server.unittest.dll" id="6b9ac42a-dd9e-2635-2a10-cde6123b9e84">
      <TestCategory>
        <TestCategoryItem TestCategory="WebService" />
      </TestCategory>
      <Execution id="66adbb8b-0de4-4eae-813e-f5b2bdf8bfda" />
      <TestMethod codeBase="D:\actions-runner\_work\XPCO\XPCO\EventServer\Server\Components\Central\Server\unittest\bin\x64\Debug\VideoOS.Event.Server.UnitTest.dll" adapterTypeName="executor://mstestadapter/v2" className="VideoOS.Event.Server.WebService.InterCommunication.UnitTest.InterCommunicationCommandTest" name="GetStatus_WithNullStatus" />
    </UnitTest>
    <UnitTest name="TestServiceInfosExists" storage="d:\actions-runner\_work\xpco\xpco\eventserver\server\components\central\server\unittest\bin\x64\debug\videoos.event.server.unittest.dll" id="fd4ace10-e5d6-edf3-912d-980f93f27759">
      <Execution id="30ee6081-49ac-4b9f-8e01-9d1ad5d34daf" />
      <TestMethod codeBase="D:\actions-runner\_work\XPCO\XPCO\EventServer\Server\Components\Central\Server\unittest\bin\x64\Debug\VideoOS.Event.Server.UnitTest.dll" adapterTypeName="executor://mstestadapter/v2" className="VideoOS.Event.Server.Communication.UnitTest.ServerRegisteredServicesTest" name="TestServiceInfosExists" />
    </UnitTest>
    <UnitTest name="TestGetPlugInItemChangesThrowingUnhandledException" storage="d:\actions-runner\_work\xpco\xpco\eventserver\server\components\central\server\unittest\bin\x64\debug\videoos.event.server.unittest.dll" id="7e0554fc-ea82-7cff-c217-916a21c725c6">
      <TestCategory>
        <TestCategoryItem TestCategory="WebService/Map" />
      </TestCategory>
      <Execution id="9f473bea-6599-4eaa-be48-9c77c5994141" />
      <TestMethod codeBase="D:\actions-runner\_work\XPCO\XPCO\EventServer\Server\Components\Central\Server\unittest\bin\x64\Debug\VideoOS.Event.Server.UnitTest.dll" adapterTypeName="executor://mstestadapter/v2" className="VideoOS.Event.Server.WebService.Map.UnitTest.MapCommandCredentialsTest" name="TestGetPlugInItemChangesThrowingUnhandledException" />
    </UnitTest>
    <UnitTest name="TestCacheCleanupSingleSessionSingleUserIdNoTouchLongOverdue" storage="d:\actions-runner\_work\xpco\xpco\eventserver\server\components\central\server\unittest\bin\x64\debug\videoos.event.server.unittest.dll" id="f8b6cadd-b921-8c12-7802-ac8ca86f3113">
      <TestCategory>
        <TestCategoryItem TestCategory="SessionCache" />
      </TestCategory>
      <Execution id="39254f54-a440-4a9c-b04a-1658b7bb851b" />
      <TestMethod codeBase="D:\actions-runner\_work\XPCO\XPCO\EventServer\Server\Components\Central\Server\unittest\bin\x64\Debug\VideoOS.Event.Server.UnitTest.dll" adapterTypeName="executor://mstestadapter/v2" className="VideoOS.Event.Server.UnitTest.Session.SessionCacheCleanupTest" name="TestCacheCleanupSingleSessionSingleUserIdNoTouchLongOverdue" />
    </UnitTest>
    <UnitTest name="TestRemoveElementAllreadyMarkedForDeletion" storage="d:\actions-runner\_work\xpco\xpco\eventserver\server\components\central\server\unittest\bin\x64\debug\videoos.event.server.unittest.dll" id="758d0353-42af-8682-0395-6f91b285364d">
      <Execution id="25675957-98a0-409c-8338-22c9c8317d8c" />
      <TestMethod codeBase="D:\actions-runner\_work\XPCO\XPCO\EventServer\Server\Components\Central\Server\unittest\bin\x64\Debug\VideoOS.Event.Server.UnitTest.dll" adapterTypeName="executor://mstestadapter/v2" className="VideoOS.Event.Server.Map.UnitTest.VisualElementManagerTest" name="TestRemoveElementAllreadyMarkedForDeletion" />
    </UnitTest>
    <UnitTest name="TestGetAllObjectsOfTypeThrowingUnhandledException" storage="d:\actions-runner\_work\xpco\xpco\eventserver\server\components\central\server\unittest\bin\x64\debug\videoos.event.server.unittest.dll" id="3f589117-7ee8-077c-6645-21816a7e0600">
      <TestCategory>
        <TestCategoryItem TestCategory="WebService/Map" />
      </TestCategory>
      <Execution id="1c7c1491-2368-4cb2-bf01-b7c1541a2b98" />
      <TestMethod codeBase="D:\actions-runner\_work\XPCO\XPCO\EventServer\Server\Components\Central\Server\unittest\bin\x64\Debug\VideoOS.Event.Server.UnitTest.dll" adapterTypeName="executor://mstestadapter/v2" className="VideoOS.Event.Server.WebService.Map.UnitTest.MapCommandCredentialsTest" name="TestGetAllObjectsOfTypeThrowingUnhandledException" />
    </UnitTest>
    <UnitTest name="TestOneACSystemPLEnabledOneACSystemPLEnabled" storage="d:\actions-runner\_work\xpco\xpco\eventserver\server\components\central\server\unittest\bin\x64\debug\videoos.event.server.unittest.dll" id="73f3eafd-1bb4-9bf7-716f-d5fe9dc13a08">
      <TestCategory>
        <TestCategoryItem TestCategory="AccessControlUserIdTransformer" />
      </TestCategory>
      <Execution id="59c84257-8073-4b20-a494-f4b7429f15ab" />
      <TestMethod codeBase="D:\actions-runner\_work\XPCO\XPCO\EventServer\Server\Components\Central\Server\unittest\bin\x64\Debug\VideoOS.Event.Server.UnitTest.dll" adapterTypeName="executor://mstestadapter/v2" className="VideoOS.Event.Server.UnitTest.Session.AccessControlUserIdTransformerTest" name="TestOneACSystemPLEnabledOneACSystemPLEnabled" />
    </UnitTest>
    <UnitTest name="TestUpdateServiceInfo" storage="d:\actions-runner\_work\xpco\xpco\eventserver\server\components\central\server\unittest\bin\x64\debug\videoos.event.server.unittest.dll" id="f85b1ab5-7acd-437f-9ef7-b3157e4451bc">
      <Execution id="a4070637-4056-42fb-963e-f3ecef2c2fe0" />
      <TestMethod codeBase="D:\actions-runner\_work\XPCO\XPCO\EventServer\Server\Components\Central\Server\unittest\bin\x64\Debug\VideoOS.Event.Server.UnitTest.dll" adapterTypeName="executor://mstestadapter/v2" className="VideoOS.Event.Server.Communication.UnitTest.ServerRegisteredServicesTest" name="TestUpdateServiceInfo" />
    </UnitTest>
    <UnitTest name="TestGetAllElementsWithinGpsAreaWithInvalidLowerRightBounds" storage="d:\actions-runner\_work\xpco\xpco\eventserver\server\components\central\server\unittest\bin\x64\debug\videoos.event.server.unittest.dll" id="9d75fc61-02a7-56c3-acfc-5b8fb2336567">
      <Execution id="2af32717-e5fe-4d74-9612-a6747a153fe6" />
      <TestMethod codeBase="D:\actions-runner\_work\XPCO\XPCO\EventServer\Server\Components\Central\Server\unittest\bin\x64\Debug\VideoOS.Event.Server.UnitTest.dll" adapterTypeName="executor://mstestadapter/v2" className="VideoOS.Event.Server.Map.UnitTest.VisualElementManagerTest" name="TestGetAllElementsWithinGpsAreaWithInvalidLowerRightBounds" />
    </UnitTest>
    <UnitTest name="TestConstructorWithVisualElementStorageDatabaseFactoryObjectsAndVisualElementWithNullObjects" storage="d:\actions-runner\_work\xpco\xpco\eventserver\server\components\central\server\unittest\bin\x64\debug\videoos.event.server.unittest.dll" id="ef08d205-5e2f-fd18-d2fe-b1ac67218de5">
      <Execution id="01783c2c-066f-4987-b69b-5845f7b81189" />
      <TestMethod codeBase="D:\actions-runner\_work\XPCO\XPCO\EventServer\Server\Components\Central\Server\unittest\bin\x64\Debug\VideoOS.Event.Server.UnitTest.dll" adapterTypeName="executor://mstestadapter/v2" className="VideoOS.Event.Server.Map.Data.UnitTest.VisualElementStorageTest" name="TestConstructorWithVisualElementStorageDatabaseFactoryObjectsAndVisualElementWithNullObjects" />
    </UnitTest>
    <UnitTest name="WhenAlarmSearchCriteriaWWithWrongFieldNamesThenException" storage="d:\actions-runner\_work\xpco\xpco\eventserver\server\components\central\server\unittest\bin\x64\debug\videoos.event.server.unittest.dll" id="b2d08199-1744-af53-14e2-8b5747d2f865">
      <Execution id="339a731c-d752-495e-8c4a-bf26c6effe59" />
      <TestMethod codeBase="D:\actions-runner\_work\XPCO\XPCO\EventServer\Server\Components\Central\Server\unittest\bin\x64\Debug\VideoOS.Event.Server.UnitTest.dll" adapterTypeName="executor://mstestadapter/v2" className="VideoOS.Event.Server.UnitTest.WebService.Alarm.NameAndNumberSearchConditionProviderTest" name="WhenAlarmSearchCriteriaWWithWrongFieldNamesThenException" />
    </UnitTest>
    <UnitTest name="TestLoadXMLWithDuplicateValues" storage="d:\actions-runner\_work\xpco\xpco\eventserver\server\components\central\server\unittest\bin\x64\debug\videoos.event.server.unittest.dll" id="0701857b-fca9-3491-aece-c5b7427b5ae4">
      <Execution id="f2ba3b27-c831-4132-9228-91013d70012f" />
      <TestMethod codeBase="D:\actions-runner\_work\XPCO\XPCO\EventServer\Server\Components\Central\Server\unittest\bin\x64\Debug\VideoOS.Event.Server.UnitTest.dll" adapterTypeName="executor://mstestadapter/v2" className="VideoOS.Event.Server.Map.Data.UnitTest.AccessListStorageTest" name="TestLoadXMLWithDuplicateValues" />
    </UnitTest>
    <UnitTest name="TestRemoveElementAndChildElementsWithOwnerElementMarkedForDeletion" storage="d:\actions-runner\_work\xpco\xpco\eventserver\server\components\central\server\unittest\bin\x64\debug\videoos.event.server.unittest.dll" id="64bbd06a-f128-7831-8994-8de215c9a12a">
      <Execution id="9ed1e35d-f473-4ee3-a9d5-4d3aa3c86102" />
      <TestMethod codeBase="D:\actions-runner\_work\XPCO\XPCO\EventServer\Server\Components\Central\Server\unittest\bin\x64\Debug\VideoOS.Event.Server.UnitTest.dll" adapterTypeName="executor://mstestadapter/v2" className="VideoOS.Event.Server.Map.UnitTest.VisualElementManagerTest" name="TestRemoveElementAndChildElementsWithOwnerElementMarkedForDeletion" />
    </UnitTest>
    <UnitTest name="TestUpdateObjectsThrowingUnhandledException" storage="d:\actions-runner\_work\xpco\xpco\eventserver\server\components\central\server\unittest\bin\x64\debug\videoos.event.server.unittest.dll" id="a6ada6b1-1f6c-a56d-fd5a-9dd7bb6086f3">
      <TestCategory>
        <TestCategoryItem TestCategory="WebService/Map" />
      </TestCategory>
      <Execution id="244cd546-29ce-4e1e-a641-5b58440fdd16" />
      <TestMethod codeBase="D:\actions-runner\_work\XPCO\XPCO\EventServer\Server\Components\Central\Server\unittest\bin\x64\Debug\VideoOS.Event.Server.UnitTest.dll" adapterTypeName="executor://mstestadapter/v2" className="VideoOS.Event.Server.WebService.Map.UnitTest.MapCommandToken2Test" name="TestUpdateObjectsThrowingUnhandledException" />
    </UnitTest>
    <UnitTest name="GetPlugIns_WithValidParameters" storage="d:\actions-runner\_work\xpco\xpco\eventserver\server\components\central\server\unittest\bin\x64\debug\videoos.event.server.unittest.dll" id="ec61fe7d-f8a9-0469-b26a-d2c1cf831a20">
      <TestCategory>
        <TestCategoryItem TestCategory="WebService/Map" />
      </TestCategory>
      <Execution id="f2f86a75-f657-4629-8006-2035ba7dac67" />
      <TestMethod codeBase="D:\actions-runner\_work\XPCO\XPCO\EventServer\Server\Components\Central\Server\unittest\bin\x64\Debug\VideoOS.Event.Server.UnitTest.dll" adapterTypeName="executor://mstestadapter/v2" className="VideoOS.Event.Server.WebService.Map.UnitTest.MapCommandTokenTest" name="GetPlugIns_WithValidParameters" />
    </UnitTest>
    <UnitTest name="TestRemoveElementsRemovingElementWithRelationsToIt" storage="d:\actions-runner\_work\xpco\xpco\eventserver\server\components\central\server\unittest\bin\x64\debug\videoos.event.server.unittest.dll" id="65dda2f7-0c63-1e1c-e70c-9c363c2c9b93">
      <Execution id="2769e326-56f9-489b-a43f-67feb8509937" />
      <TestMethod codeBase="D:\actions-runner\_work\XPCO\XPCO\EventServer\Server\Components\Central\Server\unittest\bin\x64\Debug\VideoOS.Event.Server.UnitTest.dll" adapterTypeName="executor://mstestadapter/v2" className="VideoOS.Event.Server.Map.UnitTest.VisualElementManagerTest" name="TestRemoveElementsRemovingElementWithRelationsToIt" />
    </UnitTest>
    <UnitTest name="TestGetPlugInItemChangesWithChangesItems" storage="d:\actions-runner\_work\xpco\xpco\eventserver\server\components\central\server\unittest\bin\x64\debug\videoos.event.server.unittest.dll" id="70904c01-783a-cf27-535e-fd5a6738edd4">
      <TestCategory>
        <TestCategoryItem TestCategory="MapPlugInManagerTest" />
      </TestCategory>
      <Execution id="50c14238-055d-4f69-8093-6e1ff5ea569c" />
      <TestMethod codeBase="D:\actions-runner\_work\XPCO\XPCO\EventServer\Server\Components\Central\Server\unittest\bin\x64\Debug\VideoOS.Event.Server.UnitTest.dll" adapterTypeName="executor://mstestadapter/v2" className="VideoOS.Event.Server.MIP.PlugIn.UnitTest.MapPlugInManagerTest" name="TestGetPlugInItemChangesWithChangesItems" />
    </UnitTest>
    <UnitTest name="TestConstructorWithParameters" storage="d:\actions-runner\_work\xpco\xpco\eventserver\server\components\central\server\unittest\bin\x64\debug\videoos.event.server.unittest.dll" id="bbf1a571-0e55-45a8-1f93-f58c2db0dbae">
      <Execution id="a0abdc32-4a8c-495e-ac9e-204edf780b77" />
      <TestMethod codeBase="D:\actions-runner\_work\XPCO\XPCO\EventServer\Server\Components\Central\Server\unittest\bin\x64\Debug\VideoOS.Event.Server.UnitTest.dll" adapterTypeName="executor://mstestadapter/v2" className="VideoOS.Event.Server.UserValidation.Data.UnitTest.UserIDTest" name="TestConstructorWithParameters" />
    </UnitTest>
    <UnitTest name="TestUserIDTypeConvertFromConstant" storage="d:\actions-runner\_work\xpco\xpco\eventserver\server\components\central\server\unittest\bin\x64\debug\videoos.event.server.unittest.dll" id="2d8314f9-b762-640e-1727-efd841637061">
      <Execution id="9b2643e3-aee4-4ed2-88b2-ce7f5c6dfbd3" />
      <TestMethod codeBase="D:\actions-runner\_work\XPCO\XPCO\EventServer\Server\Components\Central\Server\unittest\bin\x64\Debug\VideoOS.Event.Server.UnitTest.dll" adapterTypeName="executor://mstestadapter/v2" className="VideoOS.Event.Server.UserValidation.Data.UnitTest.UserIDTypeTest" name="TestUserIDTypeConvertFromConstant" />
    </UnitTest>
    <UnitTest name="TestGetServiceInfo" storage="d:\actions-runner\_work\xpco\xpco\eventserver\server\components\central\server\unittest\bin\x64\debug\videoos.event.server.unittest.dll" id="6659ef55-df01-6033-873e-1d49a2e3e8df">
      <Execution id="1e9efa66-b237-4faf-ba58-5a4f96fbe933" />
      <TestMethod codeBase="D:\actions-runner\_work\XPCO\XPCO\EventServer\Server\Components\Central\Server\unittest\bin\x64\Debug\VideoOS.Event.Server.UnitTest.dll" adapterTypeName="executor://mstestadapter/v2" className="VideoOS.Event.Server.Communication.UnitTest.ServerRegisteredServicesTest" name="TestGetServiceInfo" />
    </UnitTest>
    <UnitTest name="TestNewObjectWithVisualElementStorageDatabase" storage="d:\actions-runner\_work\xpco\xpco\eventserver\server\components\central\server\unittest\bin\x64\debug\videoos.event.server.unittest.dll" id="37096f25-4fdb-0672-8789-a379629f4a28">
      <Execution id="59976834-f7f0-4e65-bd04-ce916e450eb7" />
      <TestMethod codeBase="D:\actions-runner\_work\XPCO\XPCO\EventServer\Server\Components\Central\Server\unittest\bin\x64\Debug\VideoOS.Event.Server.UnitTest.dll" adapterTypeName="executor://mstestadapter/v2" className="VideoOS.Event.Server.Map.Data.UnitTest.VisualElementStorageFactoryTest" name="TestNewObjectWithVisualElementStorageDatabase" />
    </UnitTest>
    <UnitTest name="TestGetAllElementsOfTypeIncludeRootOnSingleTreeWithDeletedElement" storage="d:\actions-runner\_work\xpco\xpco\eventserver\server\components\central\server\unittest\bin\x64\debug\videoos.event.server.unittest.dll" id="6e3b7265-e6a8-b513-1aba-7f283cb0a057">
      <Execution id="2f4380fe-6f45-4701-b03f-1258bbaccb89" />
      <TestMethod codeBase="D:\actions-runner\_work\XPCO\XPCO\EventServer\Server\Components\Central\Server\unittest\bin\x64\Debug\VideoOS.Event.Server.UnitTest.dll" adapterTypeName="executor://mstestadapter/v2" className="VideoOS.Event.Server.Map.UnitTest.VisualElementManagerTest" name="TestGetAllElementsOfTypeIncludeRootOnSingleTreeWithDeletedElement" />
    </UnitTest>
    <UnitTest name="TestGetXmlWithProperData" storage="d:\actions-runner\_work\xpco\xpco\eventserver\server\components\central\server\unittest\bin\x64\debug\videoos.event.server.unittest.dll" id="b3ee9dac-379a-d43b-40bf-73709cb2d39a">
      <Execution id="95a18230-36a5-4609-b332-6252808291be" />
      <TestMethod codeBase="D:\actions-runner\_work\XPCO\XPCO\EventServer\Server\Components\Central\Server\unittest\bin\x64\Debug\VideoOS.Event.Server.UnitTest.dll" adapterTypeName="executor://mstestadapter/v2" className="VideoOS.Event.Server.Map.UnitTest.VisualElementStatusCalculatorTest" name="TestGetXmlWithProperData" />
    </UnitTest>
    <UnitTest name="TestDeleteObjectThrowingUnhandledException" storage="d:\actions-runner\_work\xpco\xpco\eventserver\server\components\central\server\unittest\bin\x64\debug\videoos.event.server.unittest.dll" id="cd32f402-6715-2c02-18cf-543bf6ea6e44">
      <TestCategory>
        <TestCategoryItem TestCategory="WebService/Map" />
      </TestCategory>
      <Execution id="bd91514a-f0ac-45da-ae6f-bc12d6d9b5e7" />
      <TestMethod codeBase="D:\actions-runner\_work\XPCO\XPCO\EventServer\Server\Components\Central\Server\unittest\bin\x64\Debug\VideoOS.Event.Server.UnitTest.dll" adapterTypeName="executor://mstestadapter/v2" className="VideoOS.Event.Server.WebService.Map.UnitTest.MapCommandCredentialsTest" name="TestDeleteObjectThrowingUnhandledException" />
    </UnitTest>
    <UnitTest name="TestLoadConfigurationWithValidIdButWithoutOwnerAndRelationId" storage="d:\actions-runner\_work\xpco\xpco\eventserver\server\components\central\server\unittest\bin\x64\debug\videoos.event.server.unittest.dll" id="7e9547ef-92c4-9617-9854-4de06867f1d7">
      <Execution id="451cca38-5282-46e1-9d94-99a7709a91ef" />
      <TestMethod codeBase="D:\actions-runner\_work\XPCO\XPCO\EventServer\Server\Components\Central\Server\unittest\bin\x64\Debug\VideoOS.Event.Server.UnitTest.dll" adapterTypeName="executor://mstestadapter/v2" className="VideoOS.Event.Server.Map.UnitTest.VisualElementStorageDatabaseTest" name="TestLoadConfigurationWithValidIdButWithoutOwnerAndRelationId" />
    </UnitTest>
    <UnitTest name="TestNewObject" storage="d:\actions-runner\_work\xpco\xpco\eventserver\server\components\central\server\unittest\bin\x64\debug\videoos.event.server.unittest.dll" id="ebf4eff3-a333-059c-7b06-0487cc0ae1fb">
      <Execution id="2bbf1eb5-871e-4672-8bb7-c73eba63245f" />
      <TestMethod codeBase="D:\actions-runner\_work\XPCO\XPCO\EventServer\Server\Components\Central\Server\unittest\bin\x64\Debug\VideoOS.Event.Server.UnitTest.dll" adapterTypeName="executor://mstestadapter/v2" className="VideoOS.Event.Server.Map.Data.UnitTest.AccessListStorageFactoryTest" name="TestNewObject" />
    </UnitTest>
    <UnitTest name="WhenAlarmSearchCriteriaWithCorrectDataThenCorrectString" storage="d:\actions-runner\_work\xpco\xpco\eventserver\server\components\central\server\unittest\bin\x64\debug\videoos.event.server.unittest.dll" id="90008695-e423-465b-074d-2c2b187c520d">
      <Execution id="a1dd4335-eb5f-4061-9389-1cecb4e7dfaf" />
      <TestMethod codeBase="D:\actions-runner\_work\XPCO\XPCO\EventServer\Server\Components\Central\Server\unittest\bin\x64\Debug\VideoOS.Event.Server.UnitTest.dll" adapterTypeName="executor://mstestadapter/v2" className="VideoOS.Event.Server.UnitTest.WebService.Alarm.TimeLapseSearchConditionProviderTest" name="WhenAlarmSearchCriteriaWithCorrectDataThenCorrectString" />
    </UnitTest>
    <UnitTest name="TestObjectTypesGuid" storage="d:\actions-runner\_work\xpco\xpco\eventserver\server\components\central\server\unittest\bin\x64\debug\videoos.event.server.unittest.dll" id="408c5984-2662-7b6b-ccb1-f1fe51f4357c">
      <Execution id="276d38d3-08f3-4ca7-a04a-aff4f1b06077" />
      <TestMethod codeBase="D:\actions-runner\_work\XPCO\XPCO\EventServer\Server\Components\Central\Server\unittest\bin\x64\Debug\VideoOS.Event.Server.UnitTest.dll" adapterTypeName="executor://mstestadapter/v2" className="VideoOS.Event.Server.Map.Data.UnitTest.VisualElementObjectTypesTest" name="TestObjectTypesGuid" />
    </UnitTest>
    <UnitTest name="TestCopyConstructor" storage="d:\actions-runner\_work\xpco\xpco\eventserver\server\components\central\server\unittest\bin\x64\debug\videoos.event.server.unittest.dll" id="b1fa9f6b-c8c9-1cc6-ecfe-6037d381d3e9">
      <Execution id="2cb34a8a-6ea8-42e8-9bab-1885205cb518" />
      <TestMethod codeBase="D:\actions-runner\_work\XPCO\XPCO\EventServer\Server\Components\Central\Server\unittest\bin\x64\Debug\VideoOS.Event.Server.UnitTest.dll" adapterTypeName="executor://mstestadapter/v2" className="VideoOS.Event.Server.Map.Data.UnitTest.StatusElementMapPlugInTest" name="TestCopyConstructor" />
    </UnitTest>
    <UnitTest name="TestRemoveElementUpdateOwnerChildTimestamp" storage="d:\actions-runner\_work\xpco\xpco\eventserver\server\components\central\server\unittest\bin\x64\debug\videoos.event.server.unittest.dll" id="379961ee-b69a-35fe-40d3-0fa947c48330">
      <Execution id="ecb3c6f2-fba4-4d92-abbc-d1b0cae99c4e" />
      <TestMethod codeBase="D:\actions-runner\_work\XPCO\XPCO\EventServer\Server\Components\Central\Server\unittest\bin\x64\Debug\VideoOS.Event.Server.UnitTest.dll" adapterTypeName="executor://mstestadapter/v2" className="VideoOS.Event.Server.Map.UnitTest.VisualElementManagerTest" name="TestRemoveElementUpdateOwnerChildTimestamp" />
    </UnitTest>
    <UnitTest name="WhenAlarmSearchCriteriaWithWrongFieldNamesThenException" storage="d:\actions-runner\_work\xpco\xpco\eventserver\server\components\central\server\unittest\bin\x64\debug\videoos.event.server.unittest.dll" id="4a962b51-b5ad-c9d4-5685-525bd4e41b90">
      <Execution id="3205eaaa-ca00-489b-b81f-4ec0e8b321b4" />
      <TestMethod codeBase="D:\actions-runner\_work\XPCO\XPCO\EventServer\Server\Components\Central\Server\unittest\bin\x64\Debug\VideoOS.Event.Server.UnitTest.dll" adapterTypeName="executor://mstestadapter/v2" className="VideoOS.Event.Server.UnitTest.WebService.Alarm.TimeLapseSearchConditionProviderTest" name="WhenAlarmSearchCriteriaWithWrongFieldNamesThenException" />
    </UnitTest>
    <UnitTest name="TestGetPlugInsWithInvalidUser" storage="d:\actions-runner\_work\xpco\xpco\eventserver\server\components\central\server\unittest\bin\x64\debug\videoos.event.server.unittest.dll" id="91195293-ab8a-281f-05fd-7e561f26c70e">
      <TestCategory>
        <TestCategoryItem TestCategory="WebService/Map" />
      </TestCategory>
      <Execution id="f843b635-b0da-450b-9d95-884168d88f4c" />
      <TestMethod codeBase="D:\actions-runner\_work\XPCO\XPCO\EventServer\Server\Components\Central\Server\unittest\bin\x64\Debug\VideoOS.Event.Server.UnitTest.dll" adapterTypeName="executor://mstestadapter/v2" className="VideoOS.Event.Server.WebService.Map.UnitTest.MapCommandToken2Test" name="TestGetPlugInsWithInvalidUser" />
    </UnitTest>
    <UnitTest name="TestConstructorWithNullData" storage="d:\actions-runner\_work\xpco\xpco\eventserver\server\components\central\server\unittest\bin\x64\debug\videoos.event.server.unittest.dll" id="9bb0e229-48e7-341c-ee58-a20a471abd3a">
      <Execution id="55c0cbf9-16a9-45c1-bc8e-88cf6be82363" />
      <TestMethod codeBase="D:\actions-runner\_work\XPCO\XPCO\EventServer\Server\Components\Central\Server\unittest\bin\x64\Debug\VideoOS.Event.Server.UnitTest.dll" adapterTypeName="executor://mstestadapter/v2" className="VideoOS.Event.Server.MIP.PlugIn.UnitTest.MapPlugInInternalIconTest" name="TestConstructorWithNullData" />
    </UnitTest>
    <UnitTest name="TestGetStatusForAllObjectsOfTypeWithInvalidUser" storage="d:\actions-runner\_work\xpco\xpco\eventserver\server\components\central\server\unittest\bin\x64\debug\videoos.event.server.unittest.dll" id="2624c65e-dca6-66ef-54f0-35e68f401166">
      <Execution id="2ee5e4b0-810c-490b-8523-073d620445b3" />
      <TestMethod codeBase="D:\actions-runner\_work\XPCO\XPCO\EventServer\Server\Components\Central\Server\unittest\bin\x64\Debug\VideoOS.Event.Server.UnitTest.dll" adapterTypeName="executor://mstestadapter/v2" className="VideoOS.Event.Server.WebService.Status.UnitTest.StatusCommandTokenTest" name="TestGetStatusForAllObjectsOfTypeWithInvalidUser" />
    </UnitTest>
    <UnitTest name="ShouldSave_ShouldBeTrue_IfAccessControlRetentionHasBeenUpdated" storage="d:\actions-runner\_work\xpco\xpco\eventserver\server\components\central\server\unittest\bin\x64\debug\videoos.event.server.unittest.dll" id="4d767f69-14db-faeb-9548-4009b01122ee">
      <Execution id="1148beea-8968-48ec-b305-bf385c0035d8" />
      <TestMethod codeBase="D:\actions-runner\_work\XPCO\XPCO\EventServer\Server\Components\Central\Server\unittest\bin\x64\Debug\VideoOS.Event.Server.UnitTest.dll" adapterTypeName="executor://mstestadapter/v2" className="VideoOS.Event.Server.UnitTest.Config.EventRetentionConfigTests" name="ShouldSave_ShouldBeTrue_IfAccessControlRetentionHasBeenUpdated" />
    </UnitTest>
    <UnitTest name="TestGetException" storage="d:\actions-runner\_work\xpco\xpco\eventserver\server\components\central\server\unittest\bin\x64\debug\videoos.event.server.unittest.dll" id="652d6245-b2bc-1bf1-9e71-8d0b01061274">
      <Execution id="dfb6f865-13bd-4e6b-a93e-f62b48092a39" />
      <TestMethod codeBase="D:\actions-runner\_work\XPCO\XPCO\EventServer\Server\Components\Central\Server\unittest\bin\x64\Debug\VideoOS.Event.Server.UnitTest.dll" adapterTypeName="executor://mstestadapter/v2" className="VideoOS.Event.Server.WebService.Alarm.UnitTest.AlarmCommandTokenTest" name="TestGetException" />
    </UnitTest>
    <UnitTest name="WebServiceTest_CreateServiceThrottlingBehavior" storage="d:\actions-runner\_work\xpco\xpco\eventserver\server\components\central\server\unittest\bin\x64\debug\videoos.event.server.unittest.dll" id="11e78819-fe5c-ec19-1720-48ee202cc5c0">
      <Execution id="7622efbc-6e00-43f8-aa73-9f6973f2cdfa" />
      <TestMethod codeBase="D:\actions-runner\_work\XPCO\XPCO\EventServer\Server\Components\Central\Server\unittest\bin\x64\Debug\VideoOS.Event.Server.UnitTest.dll" adapterTypeName="executor://mstestadapter/v2" className="VideoOS.Event.Server.UnitTest.WebService.WebServiceTest" name="WebServiceTest_CreateServiceThrottlingBehavior" />
    </UnitTest>
    <UnitTest name="TestConstructor" storage="d:\actions-runner\_work\xpco\xpco\eventserver\server\components\central\server\unittest\bin\x64\debug\videoos.event.server.unittest.dll" id="694f9361-5199-cee3-97fa-4b7874384fa3">
      <Execution id="d5b2ce4f-f6ed-4a58-a080-d6dea8453561" />
      <TestMethod codeBase="D:\actions-runner\_work\XPCO\XPCO\EventServer\Server\Components\Central\Server\unittest\bin\x64\Debug\VideoOS.Event.Server.UnitTest.dll" adapterTypeName="executor://mstestadapter/v2" className="VideoOS.Event.Server.WebService.Status.UnitTest.StatusCommandCredentialsTest" name="TestConstructor" />
    </UnitTest>
    <UnitTest name="TestRemoveServiceInfo" storage="d:\actions-runner\_work\xpco\xpco\eventserver\server\components\central\server\unittest\bin\x64\debug\videoos.event.server.unittest.dll" id="96614fe9-4e7b-8f5d-57fe-1fbd10350bae">
      <Execution id="6e7d5533-85d3-4980-87b7-e86e02167e14" />
      <TestMethod codeBase="D:\actions-runner\_work\XPCO\XPCO\EventServer\Server\Components\Central\Server\unittest\bin\x64\Debug\VideoOS.Event.Server.UnitTest.dll" adapterTypeName="executor://mstestadapter/v2" className="VideoOS.Event.Server.Communication.UnitTest.ServerRegisteredServicesTest" name="TestRemoveServiceInfo" />
    </UnitTest>
    <UnitTest name="TestInsertElementsWithInvalidId" storage="d:\actions-runner\_work\xpco\xpco\eventserver\server\components\central\server\unittest\bin\x64\debug\videoos.event.server.unittest.dll" id="b8edc3ef-b429-906b-f809-265185fb5189">
      <Execution id="42ed0144-468c-4f72-ab7b-9de15256ed02" />
      <TestMethod codeBase="D:\actions-runner\_work\XPCO\XPCO\EventServer\Server\Components\Central\Server\unittest\bin\x64\Debug\VideoOS.Event.Server.UnitTest.dll" adapterTypeName="executor://mstestadapter/v2" className="VideoOS.Event.Server.Map.UnitTest.VisualElementManagerTest" name="TestInsertElementsWithInvalidId" />
    </UnitTest>
    <UnitTest name="TestGetAllElements" storage="d:\actions-runner\_work\xpco\xpco\eventserver\server\components\central\server\unittest\bin\x64\debug\videoos.event.server.unittest.dll" id="ac5310d6-6d6d-adaf-b5c0-386e110e2f4b">
      <Execution id="17cac8bc-4591-49ff-9451-31b9058f188c" />
      <TestMethod codeBase="D:\actions-runner\_work\XPCO\XPCO\EventServer\Server\Components\Central\Server\unittest\bin\x64\Debug\VideoOS.Event.Server.UnitTest.dll" adapterTypeName="executor://mstestadapter/v2" className="VideoOS.Event.Server.Map.UnitTest.VisualElementManagerTest" name="TestGetAllElements" />
    </UnitTest>
    <UnitTest name="TestUpdateDisplayNotAuthenticated" storage="d:\actions-runner\_work\xpco\xpco\eventserver\server\components\central\server\unittest\bin\x64\debug\videoos.event.server.unittest.dll" id="29dacb0e-cd52-5215-c609-685fea82ec57">
      <TestCategory>
        <TestCategoryItem TestCategory="WebService/Map" />
      </TestCategory>
      <Execution id="3741e9b9-68f9-444a-b879-61da598792b3" />
      <TestMethod codeBase="D:\actions-runner\_work\XPCO\XPCO\EventServer\Server\Components\Central\Server\unittest\bin\x64\Debug\VideoOS.Event.Server.UnitTest.dll" adapterTypeName="executor://mstestadapter/v2" className="VideoOS.Event.Server.WebService.Map.UnitTest.MapCommandCredentialsTest" name="TestUpdateDisplayNotAuthenticated" />
    </UnitTest>
    <UnitTest name="TestGetTypeChangedWithNegativeTimeout" storage="d:\actions-runner\_work\xpco\xpco\eventserver\server\components\central\server\unittest\bin\x64\debug\videoos.event.server.unittest.dll" id="ff57e55b-1854-c5e0-0fcd-8d0b4d8c7f8b">
      <TestCategory>
        <TestCategoryItem TestCategory="WebService/Map" />
      </TestCategory>
      <Execution id="21efdab6-8335-489e-9d91-2697f7d5e934" />
      <TestMethod codeBase="D:\actions-runner\_work\XPCO\XPCO\EventServer\Server\Components\Central\Server\unittest\bin\x64\Debug\VideoOS.Event.Server.UnitTest.dll" adapterTypeName="executor://mstestadapter/v2" className="VideoOS.Event.Server.WebService.Map.UnitTest.MapCommandTokenTest" name="TestGetTypeChangedWithNegativeTimeout" />
    </UnitTest>
    <UnitTest name="Handle_ShouldNotFlattenValuesBasedOnPriorityIntAndValue_WhenPriorityIntIsInvalid" storage="d:\actions-runner\_work\xpco\xpco\eventserver\server\components\central\server\unittest\bin\x64\debug\videoos.event.server.unittest.dll" id="b2ac219e-5cb0-8f80-80a6-44848b06f4ff">
      <Execution id="aabbf473-2d2b-4489-adea-5e7cf38904e3" />
      <TestMethod codeBase="D:\actions-runner\_work\XPCO\XPCO\EventServer\Server\Components\Central\Server\unittest\bin\x64\Debug\VideoOS.Event.Server.UnitTest.dll" adapterTypeName="executor://mstestadapter/v2" className="VideoOS.Event.Server.UnitTest.Alarm.Processors.UpdateAlarms.UpdateAlarmCompositeValueHandlerTests" name="Handle_ShouldNotFlattenValuesBasedOnPriorityIntAndValue_WhenPriorityIntIsInvalid" />
    </UnitTest>
    <UnitTest name="TestCleanupObsoleteAuthorization" storage="d:\actions-runner\_work\xpco\xpco\eventserver\server\components\central\server\unittest\bin\x64\debug\videoos.event.server.unittest.dll" id="090f2140-4bc4-30bd-174c-4e33819d9496">
      <TestCategory>
        <TestCategoryItem TestCategory="ActionAuthorizationCache" />
      </TestCategory>
      <Execution id="96a7e89c-95ac-4660-a943-41581da5ce5b" />
      <TestMethod codeBase="D:\actions-runner\_work\XPCO\XPCO\EventServer\Server\Components\Central\Server\unittest\bin\x64\Debug\VideoOS.Event.Server.UnitTest.dll" adapterTypeName="executor://mstestadapter/v2" className="VideoOS.Event.Server.UnitTest.Security.ActionAuthorizationCacheTest" name="TestCleanupObsoleteAuthorization" />
    </UnitTest>
    <UnitTest name="TestUpdateObjectsThrowingUnhandledException" storage="d:\actions-runner\_work\xpco\xpco\eventserver\server\components\central\server\unittest\bin\x64\debug\videoos.event.server.unittest.dll" id="92de626a-e1fe-77de-7215-859b49c72475">
      <TestCategory>
        <TestCategoryItem TestCategory="WebService/Map" />
      </TestCategory>
      <Execution id="89760e8e-fb18-40e4-b8a5-45a52fd90190" />
      <TestMethod codeBase="D:\actions-runner\_work\XPCO\XPCO\EventServer\Server\Components\Central\Server\unittest\bin\x64\Debug\VideoOS.Event.Server.UnitTest.dll" adapterTypeName="executor://mstestadapter/v2" className="VideoOS.Event.Server.WebService.Map.UnitTest.MapCommandCredentialsTest" name="TestUpdateObjectsThrowingUnhandledException" />
    </UnitTest>
    <UnitTest name="TestUpdateBoundsThrowingUnhandledException" storage="d:\actions-runner\_work\xpco\xpco\eventserver\server\components\central\server\unittest\bin\x64\debug\videoos.event.server.unittest.dll" id="2f9145a7-6311-f617-6ef6-69440c4a4162">
      <TestCategory>
        <TestCategoryItem TestCategory="WebService/Map" />
      </TestCategory>
      <Execution id="07092103-5a59-4823-8152-57de5c41e0c3" />
      <TestMethod codeBase="D:\actions-runner\_work\XPCO\XPCO\EventServer\Server\Components\Central\Server\unittest\bin\x64\Debug\VideoOS.Event.Server.UnitTest.dll" adapterTypeName="executor://mstestadapter/v2" className="VideoOS.Event.Server.WebService.Map.UnitTest.MapCommandTokenTest" name="TestUpdateBoundsThrowingUnhandledException" />
    </UnitTest>
    <UnitTest name="TestUpdateAlarm" storage="d:\actions-runner\_work\xpco\xpco\eventserver\server\components\central\server\unittest\bin\x64\debug\videoos.event.server.unittest.dll" id="b065fdf1-2acb-9512-67e3-88357cc1f7bd">
      <Execution id="5c7083f0-99fa-445b-a3bc-c9b259e2587f" />
      <TestMethod codeBase="D:\actions-runner\_work\XPCO\XPCO\EventServer\Server\Components\Central\Server\unittest\bin\x64\Debug\VideoOS.Event.Server.UnitTest.dll" adapterTypeName="executor://mstestadapter/v2" className="VideoOS.Event.Server.WebService.Alarm.UnitTest.AlarmCommandTokenTest" name="TestUpdateAlarm" />
    </UnitTest>
    <UnitTest name="TestGetAllObjectIDsOnVisualElementNotAuthenticated" storage="d:\actions-runner\_work\xpco\xpco\eventserver\server\components\central\server\unittest\bin\x64\debug\videoos.event.server.unittest.dll" id="301dfd48-e8c9-1161-41f4-866afd5c0510">
      <TestCategory>
        <TestCategoryItem TestCategory="WebService/Map" />
      </TestCategory>
      <Execution id="306c76ca-a056-491e-9157-3a602cbe6d0d" />
      <TestMethod codeBase="D:\actions-runner\_work\XPCO\XPCO\EventServer\Server\Components\Central\Server\unittest\bin\x64\Debug\VideoOS.Event.Server.UnitTest.dll" adapterTypeName="executor://mstestadapter/v2" className="VideoOS.Event.Server.WebService.Map.UnitTest.MapCommandCredentialsTest" name="TestGetAllObjectIDsOnVisualElementNotAuthenticated" />
    </UnitTest>
    <UnitTest name="TestLoadXMLWithNoInnerText" storage="d:\actions-runner\_work\xpco\xpco\eventserver\server\components\central\server\unittest\bin\x64\debug\videoos.event.server.unittest.dll" id="4f0b0b92-ffc0-76b0-f803-1fc7c635617d">
      <Execution id="faa38b06-36e1-4773-9ce9-95f184f32798" />
      <TestMethod codeBase="D:\actions-runner\_work\XPCO\XPCO\EventServer\Server\Components\Central\Server\unittest\bin\x64\Debug\VideoOS.Event.Server.UnitTest.dll" adapterTypeName="executor://mstestadapter/v2" className="VideoOS.Event.Server.Map.Data.UnitTest.BoundsStorageTest" name="TestLoadXMLWithNoInnerText" />
    </UnitTest>
    <UnitTest name="TestGetObjectThrowingUnhandledException" storage="d:\actions-runner\_work\xpco\xpco\eventserver\server\components\central\server\unittest\bin\x64\debug\videoos.event.server.unittest.dll" id="ffee91ef-540c-aa73-1baf-ddf78484f21e">
      <TestCategory>
        <TestCategoryItem TestCategory="WebService/Map" />
      </TestCategory>
      <Execution id="b650def9-3d49-44d6-9932-037213c67950" />
      <TestMethod codeBase="D:\actions-runner\_work\XPCO\XPCO\EventServer\Server\Components\Central\Server\unittest\bin\x64\Debug\VideoOS.Event.Server.UnitTest.dll" adapterTypeName="executor://mstestadapter/v2" className="VideoOS.Event.Server.WebService.Map.UnitTest.MapCommandTokenTest" name="TestGetObjectThrowingUnhandledException" />
    </UnitTest>
    <UnitTest name="TryGetEventGroupRetention_ShouldReturnTrueAndOutputExpirationTime_WhenEventGroupExists" storage="d:\actions-runner\_work\xpco\xpco\eventserver\server\components\central\server\unittest\bin\x64\debug\videoos.event.server.unittest.dll" id="111b0480-95b0-23ba-c017-41ef618587ea">
      <Execution id="47b75b0d-a743-4fbc-bb66-168601115fa4" />
      <TestMethod codeBase="D:\actions-runner\_work\XPCO\XPCO\EventServer\Server\Components\Central\Server\unittest\bin\x64\Debug\VideoOS.Event.Server.UnitTest.dll" adapterTypeName="executor://mstestadapter/v2" className="VideoOS.Event.Server.UnitTest.Config.EventRetentionConfigTests" name="TryGetEventGroupRetention_ShouldReturnTrueAndOutputExpirationTime_WhenEventGroupExists" />
    </UnitTest>
    <UnitTest name="TestNotAddingLargeItems" storage="d:\actions-runner\_work\xpco\xpco\eventserver\server\components\central\server\unittest\bin\x64\debug\videoos.event.server.unittest.dll" id="66a04374-2e65-19d2-5d8a-f98f17197487">
      <TestCategory>
        <TestCategoryItem TestCategory="DatabaseConfigurableDataCache" />
      </TestCategory>
      <Execution id="965d69c1-92c9-489c-9198-1aa663c7803e" />
      <TestMethod codeBase="D:\actions-runner\_work\XPCO\XPCO\EventServer\Server\Components\Central\Server\unittest\bin\x64\Debug\VideoOS.Event.Server.UnitTest.dll" adapterTypeName="executor://mstestadapter/v2" className="VideoOS.EventServer.Config.UnitTest.DatabaseConfigurableDataCacheTest" name="TestNotAddingLargeItems" />
    </UnitTest>
    <UnitTest name="WhenAlarmSearchCriteriaWithNoValuesThenEmptyString" storage="d:\actions-runner\_work\xpco\xpco\eventserver\server\components\central\server\unittest\bin\x64\debug\videoos.event.server.unittest.dll" id="1a12a332-e73f-ef96-40a4-64a398ff0092">
      <Execution id="efaae7c1-2b51-47f7-a21d-98edb4f0857e" />
      <TestMethod codeBase="D:\actions-runner\_work\XPCO\XPCO\EventServer\Server\Components\Central\Server\unittest\bin\x64\Debug\VideoOS.Event.Server.UnitTest.dll" adapterTypeName="executor://mstestadapter/v2" className="VideoOS.Event.Server.UnitTest.WebService.Alarm.NameAndNumberSearchConditionProviderTest" name="WhenAlarmSearchCriteriaWithNoValuesThenEmptyString" />
    </UnitTest>
    <UnitTest name="GetStatus_WithValidParameters" storage="d:\actions-runner\_work\xpco\xpco\eventserver\server\components\central\server\unittest\bin\x64\debug\videoos.event.server.unittest.dll" id="0b849fea-c75b-8fe2-9812-434f956f0ad6">
      <TestCategory>
        <TestCategoryItem TestCategory="WebService" />
      </TestCategory>
      <Execution id="fc73e4bd-ab11-4919-8b7c-cde24f58d5b6" />
      <TestMethod codeBase="D:\actions-runner\_work\XPCO\XPCO\EventServer\Server\Components\Central\Server\unittest\bin\x64\Debug\VideoOS.Event.Server.UnitTest.dll" adapterTypeName="executor://mstestadapter/v2" className="VideoOS.Event.Server.WebService.InterCommunication.UnitTest.InterCommunicationCommandTest" name="GetStatus_WithValidParameters" />
    </UnitTest>
    <UnitTest name="TestGetAllElementsOfTypeLimitedLevels" storage="d:\actions-runner\_work\xpco\xpco\eventserver\server\components\central\server\unittest\bin\x64\debug\videoos.event.server.unittest.dll" id="0e3e3d76-0931-6ed2-f1ab-88f35b78ffad">
      <Execution id="a975372b-af90-462c-bf6f-ff02c55373ec" />
      <TestMethod codeBase="D:\actions-runner\_work\XPCO\XPCO\EventServer\Server\Components\Central\Server\unittest\bin\x64\Debug\VideoOS.Event.Server.UnitTest.dll" adapterTypeName="executor://mstestadapter/v2" className="VideoOS.Event.Server.Map.UnitTest.VisualElementManagerTest" name="TestGetAllElementsOfTypeLimitedLevels" />
    </UnitTest>
    <UnitTest name="TestCacheCleanupSingleSessionSingleUserIdTouch" storage="d:\actions-runner\_work\xpco\xpco\eventserver\server\components\central\server\unittest\bin\x64\debug\videoos.event.server.unittest.dll" id="f9baa831-faa8-ccad-2531-d59c2b1e5b17">
      <TestCategory>
        <TestCategoryItem TestCategory="SessionCache" />
      </TestCategory>
      <Execution id="9c05ec4e-c126-4fc1-a1aa-ed9e106455f1" />
      <TestMethod codeBase="D:\actions-runner\_work\XPCO\XPCO\EventServer\Server\Components\Central\Server\unittest\bin\x64\Debug\VideoOS.Event.Server.UnitTest.dll" adapterTypeName="executor://mstestadapter/v2" className="VideoOS.Event.Server.UnitTest.Session.SessionCacheCleanupTest" name="TestCacheCleanupSingleSessionSingleUserIdTouch" />
    </UnitTest>
    <UnitTest name="TestGetObjectsWithinGPSAreaThrowingUnhandledException" storage="d:\actions-runner\_work\xpco\xpco\eventserver\server\components\central\server\unittest\bin\x64\debug\videoos.event.server.unittest.dll" id="31169a73-2c6f-02f9-5556-8a2c0ee8e88a">
      <TestCategory>
        <TestCategoryItem TestCategory="WebService/Map" />
      </TestCategory>
      <Execution id="bc584738-3837-41d4-85c0-c6f9ea8e38f0" />
      <TestMethod codeBase="D:\actions-runner\_work\XPCO\XPCO\EventServer\Server\Components\Central\Server\unittest\bin\x64\Debug\VideoOS.Event.Server.UnitTest.dll" adapterTypeName="executor://mstestadapter/v2" className="VideoOS.Event.Server.WebService.Map.UnitTest.MapCommandCredentialsTest" name="TestGetObjectsWithinGPSAreaThrowingUnhandledException" />
    </UnitTest>
    <UnitTest name="TestMultipleSessionsSingleUserIdAddedTwice" storage="d:\actions-runner\_work\xpco\xpco\eventserver\server\components\central\server\unittest\bin\x64\debug\videoos.event.server.unittest.dll" id="7bd86bb5-b4f3-456c-9451-1ba8747ecdfb">
      <TestCategory>
        <TestCategoryItem TestCategory="SessionCache" />
      </TestCategory>
      <Execution id="d78c9269-3b97-4b54-9e56-2bd23cd4f68b" />
      <TestMethod codeBase="D:\actions-runner\_work\XPCO\XPCO\EventServer\Server\Components\Central\Server\unittest\bin\x64\Debug\VideoOS.Event.Server.UnitTest.dll" adapterTypeName="executor://mstestadapter/v2" className="VideoOS.Event.Server.UnitTest.Session.SessionCacheTest" name="TestMultipleSessionsSingleUserIdAddedTwice" />
    </UnitTest>
    <UnitTest name="TestGetVisualizationChangesWithNullData" storage="d:\actions-runner\_work\xpco\xpco\eventserver\server\components\central\server\unittest\bin\x64\debug\videoos.event.server.unittest.dll" id="4dd5f838-e829-4027-c8a3-3812e45a9213">
      <Execution id="c2dfbd45-49b6-412a-b4ea-e98ca982af6d" />
      <TestMethod codeBase="D:\actions-runner\_work\XPCO\XPCO\EventServer\Server\Components\Central\Server\unittest\bin\x64\Debug\VideoOS.Event.Server.UnitTest.dll" adapterTypeName="executor://mstestadapter/v2" className="VideoOS.Event.Server.WebService.Status.UnitTest.StatusCommandTokenTest" name="TestGetVisualizationChangesWithNullData" />
    </UnitTest>
    <UnitTest name="CheckAccess_ShouldReturnPermission_WhenUserExistsInDb" storage="d:\actions-runner\_work\xpco\xpco\eventserver\server\components\central\server\unittest\bin\x64\debug\videoos.event.server.unittest.dll" id="f33a9716-9d3a-4753-b785-f9dda7da4e80">
      <Execution id="08b40a6b-fc23-490d-80c0-d7453c93998f" />
      <TestMethod codeBase="D:\actions-runner\_work\XPCO\XPCO\EventServer\Server\Components\Central\Server\unittest\bin\x64\Debug\VideoOS.Event.Server.UnitTest.dll" adapterTypeName="executor://mstestadapter/v2" className="VideoOS.Event.Server.Security.UnitTest.SecurityCommunicationDBTest" name="CheckAccess_ShouldReturnPermission_WhenUserExistsInDb" />
    </UnitTest>
    <UnitTest name="TestActivateContextMenuAction" storage="d:\actions-runner\_work\xpco\xpco\eventserver\server\components\central\server\unittest\bin\x64\debug\videoos.event.server.unittest.dll" id="068ec4a5-0fee-3f40-7b8f-ff044af6ce33">
      <Execution id="2bbb811a-adaf-41ec-827b-ff1ca2baf8c4" />
      <TestMethod codeBase="D:\actions-runner\_work\XPCO\XPCO\EventServer\Server\Components\Central\Server\unittest\bin\x64\Debug\VideoOS.Event.Server.UnitTest.dll" adapterTypeName="executor://mstestadapter/v2" className="VideoOS.Event.Server.MIP.PlugIn.UnitTest.MapPlugInTypeEventHandlerTest" name="TestActivateContextMenuAction" />
    </UnitTest>
    <UnitTest name="TestGetStatusTreeStructureWithCyclicRelation" storage="d:\actions-runner\_work\xpco\xpco\eventserver\server\components\central\server\unittest\bin\x64\debug\videoos.event.server.unittest.dll" id="a5d869a4-3fcb-7fd0-96f3-24b6f2ddb107">
      <Execution id="86f2b0d9-1a20-4ad4-9d1b-bc708d266835" />
      <TestMethod codeBase="D:\actions-runner\_work\XPCO\XPCO\EventServer\Server\Components\Central\Server\unittest\bin\x64\Debug\VideoOS.Event.Server.UnitTest.dll" adapterTypeName="executor://mstestadapter/v2" className="VideoOS.Event.Server.Map.UnitTest.VisualElementStatusCalculatorTest" name="TestGetStatusTreeStructureWithCyclicRelation" />
    </UnitTest>
    <UnitTest name="TestGetAlarmLinesInvalidToken" storage="d:\actions-runner\_work\xpco\xpco\eventserver\server\components\central\server\unittest\bin\x64\debug\videoos.event.server.unittest.dll" id="4ad32d2a-392c-75b6-9ee4-ad7026ad2f38">
      <Execution id="ec89e13d-804c-4947-a97f-0a30b5e66ed4" />
      <TestMethod codeBase="D:\actions-runner\_work\XPCO\XPCO\EventServer\Server\Components\Central\Server\unittest\bin\x64\Debug\VideoOS.Event.Server.UnitTest.dll" adapterTypeName="executor://mstestadapter/v2" className="VideoOS.Event.Server.WebService.Alarm.UnitTest.AlarmCommandTokenTest" name="TestGetAlarmLinesInvalidToken" />
    </UnitTest>
    <UnitTest name="Handle_ShouldNotFlattenValuesBasedOnPriorityNameAndValue_WhenPriorityNameIsInvalid" storage="d:\actions-runner\_work\xpco\xpco\eventserver\server\components\central\server\unittest\bin\x64\debug\videoos.event.server.unittest.dll" id="60131f95-3126-ce3c-ffb5-ec094d16105b">
      <Execution id="8fe1993f-63d1-4824-9f80-96c084730f0b" />
      <TestMethod codeBase="D:\actions-runner\_work\XPCO\XPCO\EventServer\Server\Components\Central\Server\unittest\bin\x64\Debug\VideoOS.Event.Server.UnitTest.dll" adapterTypeName="executor://mstestadapter/v2" className="VideoOS.Event.Server.UnitTest.Alarm.Processors.UpdateAlarms.UpdateAlarmCompositeValueHandlerTests" name="Handle_ShouldNotFlattenValuesBasedOnPriorityNameAndValue_WhenPriorityNameIsInvalid" />
    </UnitTest>
    <UnitTest name="TestGetIconDataWithValidParameters" storage="d:\actions-runner\_work\xpco\xpco\eventserver\server\components\central\server\unittest\bin\x64\debug\videoos.event.server.unittest.dll" id="ebce04db-882c-ceae-f4a7-61db1ab59332">
      <TestCategory>
        <TestCategoryItem TestCategory="WebService/Map" />
      </TestCategory>
      <Execution id="7a216541-e145-41d8-aba7-71c4b8c9b589" />
      <TestMethod codeBase="D:\actions-runner\_work\XPCO\XPCO\EventServer\Server\Components\Central\Server\unittest\bin\x64\Debug\VideoOS.Event.Server.UnitTest.dll" adapterTypeName="executor://mstestadapter/v2" className="VideoOS.Event.Server.WebService.Map.UnitTest.MapCommandCredentialsTest" name="TestGetIconDataWithValidParameters" />
    </UnitTest>
    <UnitTest name="TestUpdateElementNameWithNonExistingId" storage="d:\actions-runner\_work\xpco\xpco\eventserver\server\components\central\server\unittest\bin\x64\debug\videoos.event.server.unittest.dll" id="a05284d8-4031-909e-c18c-d7c7aab786f5">
      <Execution id="16328199-9955-4058-a353-d1a222644aab" />
      <TestMethod codeBase="D:\actions-runner\_work\XPCO\XPCO\EventServer\Server\Components\Central\Server\unittest\bin\x64\Debug\VideoOS.Event.Server.UnitTest.dll" adapterTypeName="executor://mstestadapter/v2" className="VideoOS.Event.Server.Map.UnitTest.VisualElementManagerTest" name="TestUpdateElementNameWithNonExistingId" />
    </UnitTest>
    <UnitTest name="TestInsertElementsWhereOneIdIsAllreadyUsedButDeleted" storage="d:\actions-runner\_work\xpco\xpco\eventserver\server\components\central\server\unittest\bin\x64\debug\videoos.event.server.unittest.dll" id="03fc8d35-4471-954f-a728-4400525b30ef">
      <Execution id="0c3a8336-7200-4342-8d57-c0e953927486" />
      <TestMethod codeBase="D:\actions-runner\_work\XPCO\XPCO\EventServer\Server\Components\Central\Server\unittest\bin\x64\Debug\VideoOS.Event.Server.UnitTest.dll" adapterTypeName="executor://mstestadapter/v2" className="VideoOS.Event.Server.Map.UnitTest.VisualElementManagerTest" name="TestInsertElementsWhereOneIdIsAllreadyUsedButDeleted" />
    </UnitTest>
    <UnitTest name="TestLifecycle" storage="d:\actions-runner\_work\xpco\xpco\eventserver\server\components\central\server\unittest\bin\x64\debug\videoos.event.server.unittest.dll" id="4727b088-cd7e-6c13-545b-5272921d2e81">
      <Execution id="b65b9512-81b2-40fd-952e-70b85df0de86" />
      <TestMethod codeBase="D:\actions-runner\_work\XPCO\XPCO\EventServer\Server\Components\Central\Server\unittest\bin\x64\Debug\VideoOS.Event.Server.UnitTest.dll" adapterTypeName="executor://mstestadapter/v2" className="VideoOS.Event.Server.UnitTest.AccessControl.AccessControlManagerTest" name="TestLifecycle" />
    </UnitTest>
    <UnitTest name="TestCacheCleanupMultipleSessionsMultipleUserIdsNoTouch" storage="d:\actions-runner\_work\xpco\xpco\eventserver\server\components\central\server\unittest\bin\x64\debug\videoos.event.server.unittest.dll" id="82112499-e461-a72c-94d6-1c690c567494">
      <TestCategory>
        <TestCategoryItem TestCategory="SessionCache" />
      </TestCategory>
      <Execution id="6ce031c8-8f5a-4301-82d3-7ede3dd86722" />
      <TestMethod codeBase="D:\actions-runner\_work\XPCO\XPCO\EventServer\Server\Components\Central\Server\unittest\bin\x64\Debug\VideoOS.Event.Server.UnitTest.dll" adapterTypeName="executor://mstestadapter/v2" className="VideoOS.Event.Server.UnitTest.Session.SessionCacheCleanupTest" name="TestCacheCleanupMultipleSessionsMultipleUserIdsNoTouch" />
    </UnitTest>
    <UnitTest name="TestGetNewAlarms" storage="d:\actions-runner\_work\xpco\xpco\eventserver\server\components\central\server\unittest\bin\x64\debug\videoos.event.server.unittest.dll" id="09333fb6-02c4-4782-382c-b2f2c7a30637">
      <Execution id="4c377554-626f-4b8f-a914-c6240e8ab96a" />
      <TestMethod codeBase="D:\actions-runner\_work\XPCO\XPCO\EventServer\Server\Components\Central\Server\unittest\bin\x64\Debug\VideoOS.Event.Server.UnitTest.dll" adapterTypeName="executor://mstestadapter/v2" className="VideoOS.Event.Server.Map.Data.UnitTest.StatusElementTest" name="TestGetNewAlarms" />
    </UnitTest>
    <UnitTest name="TestUpdateElementBoundsWithOwnerElement" storage="d:\actions-runner\_work\xpco\xpco\eventserver\server\components\central\server\unittest\bin\x64\debug\videoos.event.server.unittest.dll" id="22c512ee-e1ec-d3b4-619b-8c4fac598876">
      <Execution id="05cd8411-aecc-4ded-a253-9179458d9145" />
      <TestMethod codeBase="D:\actions-runner\_work\XPCO\XPCO\EventServer\Server\Components\Central\Server\unittest\bin\x64\Debug\VideoOS.Event.Server.UnitTest.dll" adapterTypeName="executor://mstestadapter/v2" className="VideoOS.Event.Server.Map.UnitTest.VisualElementManagerTest" name="TestUpdateElementBoundsWithOwnerElement" />
    </UnitTest>
    <UnitTest name="ReloadPluginEventTypes_ShouldAddPluginEventTypes_WhenItemKindDoesNotExist" storage="d:\actions-runner\_work\xpco\xpco\eventserver\server\components\central\server\unittest\bin\x64\debug\videoos.event.server.unittest.dll" id="36d8e28b-ead9-631d-c956-91ee6e859e67">
      <Execution id="6c5b3644-1041-4961-a074-6431471fd746" />
      <TestMethod codeBase="D:\actions-runner\_work\XPCO\XPCO\EventServer\Server\Components\Central\Server\unittest\bin\x64\Debug\VideoOS.Event.Server.UnitTest.dll" adapterTypeName="executor://mstestadapter/v2" className="VideoOS.Event.Server.UnitTest.Alarm.ConfigFilterManagerTests" name="ReloadPluginEventTypes_ShouldAddPluginEventTypes_WhenItemKindDoesNotExist" />
    </UnitTest>
    <UnitTest name="TestGetObjectThrowingUnhandledException" storage="d:\actions-runner\_work\xpco\xpco\eventserver\server\components\central\server\unittest\bin\x64\debug\videoos.event.server.unittest.dll" id="6172f02a-913a-1545-4284-9e6a65047ffb">
      <TestCategory>
        <TestCategoryItem TestCategory="WebService/Map" />
      </TestCategory>
      <Execution id="0a651971-83f6-4640-b8ab-dad85bf61d58" />
      <TestMethod codeBase="D:\actions-runner\_work\XPCO\XPCO\EventServer\Server\Components\Central\Server\unittest\bin\x64\Debug\VideoOS.Event.Server.UnitTest.dll" adapterTypeName="executor://mstestadapter/v2" className="VideoOS.Event.Server.WebService.Map.UnitTest.MapCommandToken2Test" name="TestGetObjectThrowingUnhandledException" />
    </UnitTest>
    <UnitTest name="TestDeleteObjectNotAuthenticated" storage="d:\actions-runner\_work\xpco\xpco\eventserver\server\components\central\server\unittest\bin\x64\debug\videoos.event.server.unittest.dll" id="a5cccd9d-254c-8f3f-f024-4cc20012dc97">
      <TestCategory>
        <TestCategoryItem TestCategory="WebService/Map" />
      </TestCategory>
      <Execution id="260bb127-5130-4324-b006-e702c150c8e0" />
      <TestMethod codeBase="D:\actions-runner\_work\XPCO\XPCO\EventServer\Server\Components\Central\Server\unittest\bin\x64\Debug\VideoOS.Event.Server.UnitTest.dll" adapterTypeName="executor://mstestadapter/v2" className="VideoOS.Event.Server.WebService.Map.UnitTest.MapCommandCredentialsTest" name="TestDeleteObjectNotAuthenticated" />
    </UnitTest>
    <UnitTest name="TestOneACSystemPLUnsupported" storage="d:\actions-runner\_work\xpco\xpco\eventserver\server\components\central\server\unittest\bin\x64\debug\videoos.event.server.unittest.dll" id="fae32176-7d58-c1c8-1250-0a12f87fc49d">
      <TestCategory>
        <TestCategoryItem TestCategory="AccessControlUserIdTransformer" />
      </TestCategory>
      <Execution id="eb778198-f160-48b5-a842-9e3d5c68c59b" />
      <TestMethod codeBase="D:\actions-runner\_work\XPCO\XPCO\EventServer\Server\Components\Central\Server\unittest\bin\x64\Debug\VideoOS.Event.Server.UnitTest.dll" adapterTypeName="executor://mstestadapter/v2" className="VideoOS.Event.Server.UnitTest.Session.AccessControlUserIdTransformerTest" name="TestOneACSystemPLUnsupported" />
    </UnitTest>
    <UnitTest name="TestDeleteObjectsWithInvalidUser" storage="d:\actions-runner\_work\xpco\xpco\eventserver\server\components\central\server\unittest\bin\x64\debug\videoos.event.server.unittest.dll" id="fafe1e8b-9920-8e35-4aa7-745a0e0735b3">
      <TestCategory>
        <TestCategoryItem TestCategory="WebService/Map" />
      </TestCategory>
      <Execution id="3596bc8b-d13c-4ac8-8316-e42c9b75258e" />
      <TestMethod codeBase="D:\actions-runner\_work\XPCO\XPCO\EventServer\Server\Components\Central\Server\unittest\bin\x64\Debug\VideoOS.Event.Server.UnitTest.dll" adapterTypeName="executor://mstestadapter/v2" className="VideoOS.Event.Server.WebService.Map.UnitTest.MapCommandTokenTest" name="TestDeleteObjectsWithInvalidUser" />
    </UnitTest>
    <UnitTest name="TestSaveConfigurationWithNoElements" storage="d:\actions-runner\_work\xpco\xpco\eventserver\server\components\central\server\unittest\bin\x64\debug\videoos.event.server.unittest.dll" id="4cf9dbcf-57e4-1d7c-8f5e-9937c35779e4">
      <Execution id="7eb42b33-5837-48d3-be8a-e9da9b138b6d" />
      <TestMethod codeBase="D:\actions-runner\_work\XPCO\XPCO\EventServer\Server\Components\Central\Server\unittest\bin\x64\Debug\VideoOS.Event.Server.UnitTest.dll" adapterTypeName="executor://mstestadapter/v2" className="VideoOS.Event.Server.Map.UnitTest.VisualElementStorageDatabaseTest" name="TestSaveConfigurationWithNoElements" />
    </UnitTest>
    <UnitTest name="Handle_ShouldFlattenStateValue_WhenValuesIncludeStateInt" storage="d:\actions-runner\_work\xpco\xpco\eventserver\server\components\central\server\unittest\bin\x64\debug\videoos.event.server.unittest.dll" id="9fb80a7d-6c31-9fad-0ca5-8960fe35bc59">
      <Execution id="6926c8c4-4754-4d7c-a0cf-489442548f82" />
      <TestMethod codeBase="D:\actions-runner\_work\XPCO\XPCO\EventServer\Server\Components\Central\Server\unittest\bin\x64\Debug\VideoOS.Event.Server.UnitTest.dll" adapterTypeName="executor://mstestadapter/v2" className="VideoOS.Event.Server.UnitTest.Alarm.Processors.UpdateAlarms.UpdateAlarmCompositeValueHandlerTests" name="Handle_ShouldFlattenStateValue_WhenValuesIncludeStateInt" />
    </UnitTest>
    <UnitTest name="TestConstructor" storage="d:\actions-runner\_work\xpco\xpco\eventserver\server\components\central\server\unittest\bin\x64\debug\videoos.event.server.unittest.dll" id="af217cab-9ac4-fdc0-c5f2-ef1cf1168149">
      <Execution id="1a6933b8-6e98-47c3-9843-2007ff3a4fa1" />
      <TestMethod codeBase="D:\actions-runner\_work\XPCO\XPCO\EventServer\Server\Components\Central\Server\unittest\bin\x64\Debug\VideoOS.Event.Server.UnitTest.dll" adapterTypeName="executor://mstestadapter/v2" className="VideoOS.Event.Server.Map.Data.UnitTest.TypeIdStorageTest" name="TestConstructor" />
    </UnitTest>
    <UnitTest name="IEventReceiver_ReceiveEvents_WhenSubscribed" storage="d:\actions-runner\_work\xpco\xpco\eventserver\server\components\central\server\unittest\bin\x64\debug\videoos.event.server.unittest.dll" id="879731f1-353a-3b22-6dec-b9ebe4b6f04c">
      <Execution id="9c59a4be-f5c7-4c44-bdfe-bc277a85d9f6" />
      <TestMethod codeBase="D:\actions-runner\_work\XPCO\XPCO\EventServer\Server\Components\Central\Server\unittest\bin\x64\Debug\VideoOS.Event.Server.UnitTest.dll" adapterTypeName="executor://mstestadapter/v2" className="VideoOS.Event.Server.UnitTest.Event.EventPusherTest" name="IEventReceiver_ReceiveEvents_WhenSubscribed" />
    </UnitTest>
    <UnitTest name="TestUpdateElementDisplayXmlWithOldTimestampAndForce" storage="d:\actions-runner\_work\xpco\xpco\eventserver\server\components\central\server\unittest\bin\x64\debug\videoos.event.server.unittest.dll" id="845e5fbe-92b7-e46f-a315-3d08b137ca3c">
      <Execution id="250d6597-adc3-4f9c-a9af-fe294e7b45be" />
      <TestMethod codeBase="D:\actions-runner\_work\XPCO\XPCO\EventServer\Server\Components\Central\Server\unittest\bin\x64\Debug\VideoOS.Event.Server.UnitTest.dll" adapterTypeName="executor://mstestadapter/v2" className="VideoOS.Event.Server.Map.UnitTest.VisualElementManagerTest" name="TestUpdateElementDisplayXmlWithOldTimestampAndForce" />
    </UnitTest>
    <UnitTest name="TestDefaultConstructor" storage="d:\actions-runner\_work\xpco\xpco\eventserver\server\components\central\server\unittest\bin\x64\debug\videoos.event.server.unittest.dll" id="0c1a4d57-c120-e603-2b30-3cb5477df224">
      <Execution id="99d5afe4-08a2-4231-9bc4-562d04f43bea" />
      <TestMethod codeBase="D:\actions-runner\_work\XPCO\XPCO\EventServer\Server\Components\Central\Server\unittest\bin\x64\Debug\VideoOS.Event.Server.UnitTest.dll" adapterTypeName="executor://mstestadapter/v2" className="VideoOS.EventServer.Disable.UnitTest.SuppressStatusItemTest" name="TestDefaultConstructor" />
    </UnitTest>
    <UnitTest name="TestLoadAndInitDoubleACPluginConfiguration" storage="d:\actions-runner\_work\xpco\xpco\eventserver\server\components\central\server\unittest\bin\x64\debug\videoos.event.server.unittest.dll" id="ad7aea32-1690-1791-793b-b9745ed661e9">
      <Execution id="1740c78c-c76c-45de-8cbe-1028b8a18af0" />
      <TestMethod codeBase="D:\actions-runner\_work\XPCO\XPCO\EventServer\Server\Components\Central\Server\unittest\bin\x64\Debug\VideoOS.Event.Server.UnitTest.dll" adapterTypeName="executor://mstestadapter/v2" className="VideoOS.Event.Server.UnitTest.AccessControl.AccessControlManagerTest" name="TestLoadAndInitDoubleACPluginConfiguration" />
    </UnitTest>
    <UnitTest name="ShouldSave_ShouldBeFalse_AfterSavingConfiguration" storage="d:\actions-runner\_work\xpco\xpco\eventserver\server\components\central\server\unittest\bin\x64\debug\videoos.event.server.unittest.dll" id="e0e2a4f8-9b17-afa2-2d2e-e9ed6c9180b5">
      <Execution id="d91ae4fa-79f8-4d42-8b2c-79f0667609dc" />
      <TestMethod codeBase="D:\actions-runner\_work\XPCO\XPCO\EventServer\Server\Components\Central\Server\unittest\bin\x64\Debug\VideoOS.Event.Server.UnitTest.dll" adapterTypeName="executor://mstestadapter/v2" className="VideoOS.Event.Server.UnitTest.Config.EventRetentionConfigTests" name="ShouldSave_ShouldBeFalse_AfterSavingConfiguration" />
    </UnitTest>
    <UnitTest name="StartAndClose_ShouldNotThrowExceptions" storage="d:\actions-runner\_work\xpco\xpco\eventserver\server\components\central\server\unittest\bin\x64\debug\videoos.event.server.unittest.dll" id="64480e1f-7942-5150-b48e-e50327aba391">
      <Execution id="db555516-8de4-4811-8b4a-258c77763f69" />
      <TestMethod codeBase="D:\actions-runner\_work\XPCO\XPCO\EventServer\Server\Components\Central\Server\unittest\bin\x64\Debug\VideoOS.Event.Server.UnitTest.dll" adapterTypeName="executor://mstestadapter/v2" className="VideoOS.Event.Server.UnitTest.Alarm.ConfigFilterManagerTests" name="StartAndClose_ShouldNotThrowExceptions" />
    </UnitTest>
    <UnitTest name="TestShutdown" storage="d:\actions-runner\_work\xpco\xpco\eventserver\server\components\central\server\unittest\bin\x64\debug\videoos.event.server.unittest.dll" id="f615a366-8b0a-715d-d5ab-613020d166d9">
      <Execution id="3a3c448d-8215-4577-b5d7-3c0e8cc89bfb" />
      <TestMethod codeBase="D:\actions-runner\_work\XPCO\XPCO\EventServer\Server\Components\Central\Server\unittest\bin\x64\Debug\VideoOS.Event.Server.UnitTest.dll" adapterTypeName="executor://mstestadapter/v2" className="VideoOS.Event.Server.MIP.PlugIn.UnitTest.MapPlugInTypeEventHandlerTest" name="TestShutdown" />
    </UnitTest>
    <UnitTest name="TestGetStatusForAllObjectsOfTypeRootAndUnlimited" storage="d:\actions-runner\_work\xpco\xpco\eventserver\server\components\central\server\unittest\bin\x64\debug\videoos.event.server.unittest.dll" id="0764a672-89fe-5d86-13f0-944488cff56e">
      <Execution id="8f04cf58-3c3e-4819-bcad-1156ca797b18" />
      <TestMethod codeBase="D:\actions-runner\_work\XPCO\XPCO\EventServer\Server\Components\Central\Server\unittest\bin\x64\Debug\VideoOS.Event.Server.UnitTest.dll" adapterTypeName="executor://mstestadapter/v2" className="VideoOS.Event.Server.Map.UnitTest.VisualElementStatusCalculatorTest" name="TestGetStatusForAllObjectsOfTypeRootAndUnlimited" />
    </UnitTest>
    <UnitTest name="TestUpdateWithNullParameters" storage="d:\actions-runner\_work\xpco\xpco\eventserver\server\components\central\server\unittest\bin\x64\debug\videoos.event.server.unittest.dll" id="fa5b705f-74f1-eb9b-e48e-98b073d14fd2">
      <Execution id="a009f7e9-8538-4b6c-8f0b-0d5b05ea95f2" />
      <TestMethod codeBase="D:\actions-runner\_work\XPCO\XPCO\EventServer\Server\Components\Central\Server\unittest\bin\x64\Debug\VideoOS.Event.Server.UnitTest.dll" adapterTypeName="executor://mstestadapter/v2" className="VideoOS.Event.Server.Map.Data.UnitTest.VisualElementStorageTest" name="TestUpdateWithNullParameters" />
    </UnitTest>
    <UnitTest name="TestSingleSessionMultipleUserIdsMultipleAdds" storage="d:\actions-runner\_work\xpco\xpco\eventserver\server\components\central\server\unittest\bin\x64\debug\videoos.event.server.unittest.dll" id="3dd47d29-371f-18a2-da91-9c7f5a2a2609">
      <TestCategory>
        <TestCategoryItem TestCategory="SessionCache" />
      </TestCategory>
      <Execution id="7fdc2b6f-2d86-4411-90d9-6357eec4576c" />
      <TestMethod codeBase="D:\actions-runner\_work\XPCO\XPCO\EventServer\Server\Components\Central\Server\unittest\bin\x64\Debug\VideoOS.Event.Server.UnitTest.dll" adapterTypeName="executor://mstestadapter/v2" className="VideoOS.Event.Server.UnitTest.Session.SessionCacheTest" name="TestSingleSessionMultipleUserIdsMultipleAdds" />
    </UnitTest>
    <UnitTest name="TestAddingNullValueToCache" storage="d:\actions-runner\_work\xpco\xpco\eventserver\server\components\central\server\unittest\bin\x64\debug\videoos.event.server.unittest.dll" id="54359a79-a350-b706-33cb-3a95c5e005c8">
      <TestCategory>
        <TestCategoryItem TestCategory="DatabaseConfigurableDataCache" />
      </TestCategory>
      <Execution id="e64377ba-c136-4fb3-9906-283e10aa2a77" />
      <TestMethod codeBase="D:\actions-runner\_work\XPCO\XPCO\EventServer\Server\Components\Central\Server\unittest\bin\x64\Debug\VideoOS.Event.Server.UnitTest.dll" adapterTypeName="executor://mstestadapter/v2" className="VideoOS.EventServer.Config.UnitTest.DatabaseConfigurableDataCacheTest" name="TestAddingNullValueToCache" />
    </UnitTest>
    <UnitTest name="TestGetPlugInItemChangesWithNegativeTimeout" storage="d:\actions-runner\_work\xpco\xpco\eventserver\server\components\central\server\unittest\bin\x64\debug\videoos.event.server.unittest.dll" id="ab5b73ee-a4d0-4ed6-4429-a1387a15ec36">
      <TestCategory>
        <TestCategoryItem TestCategory="WebService/Map" />
      </TestCategory>
      <Execution id="d2c99b6f-3d73-4e8a-a9f9-b8f759d527f7" />
      <TestMethod codeBase="D:\actions-runner\_work\XPCO\XPCO\EventServer\Server\Components\Central\Server\unittest\bin\x64\Debug\VideoOS.Event.Server.UnitTest.dll" adapterTypeName="executor://mstestadapter/v2" className="VideoOS.Event.Server.WebService.Map.UnitTest.MapCommandToken2Test" name="TestGetPlugInItemChangesWithNegativeTimeout" />
    </UnitTest>
    <UnitTest name="TestGetStatusWithTwoHotzonesPointingToSameMapWithError" storage="d:\actions-runner\_work\xpco\xpco\eventserver\server\components\central\server\unittest\bin\x64\debug\videoos.event.server.unittest.dll" id="c8524030-a4ec-41a9-de8e-3dde74bf084b">
      <Execution id="a81f6f9d-ac5b-4073-bef5-97ebfaddb171" />
      <TestMethod codeBase="D:\actions-runner\_work\XPCO\XPCO\EventServer\Server\Components\Central\Server\unittest\bin\x64\Debug\VideoOS.Event.Server.UnitTest.dll" adapterTypeName="executor://mstestadapter/v2" className="VideoOS.Event.Server.Map.UnitTest.VisualElementStatusCalculatorTest" name="TestGetStatusWithTwoHotzonesPointingToSameMapWithError" />
    </UnitTest>
    <UnitTest name="TestShutdownWithException" storage="d:\actions-runner\_work\xpco\xpco\eventserver\server\components\central\server\unittest\bin\x64\debug\videoos.event.server.unittest.dll" id="2418a372-3d95-2e9d-df96-8b56e8deb8bd">
      <Execution id="e6b29316-55de-4568-a882-01a59f6a6878" />
      <TestMethod codeBase="D:\actions-runner\_work\XPCO\XPCO\EventServer\Server\Components\Central\Server\unittest\bin\x64\Debug\VideoOS.Event.Server.UnitTest.dll" adapterTypeName="executor://mstestadapter/v2" className="VideoOS.Event.Server.MIP.PlugIn.UnitTest.MapPlugInEventHandlerTest" name="TestShutdownWithException" />
    </UnitTest>
    <UnitTest name="TestGetVisualizationChangesWithNegativeTimeout" storage="d:\actions-runner\_work\xpco\xpco\eventserver\server\components\central\server\unittest\bin\x64\debug\videoos.event.server.unittest.dll" id="75f9fcd0-bfe0-554e-cc48-0d110429d9a6">
      <Execution id="8d7676cb-a78b-41e2-9a97-4131feb83ef8" />
      <TestMethod codeBase="D:\actions-runner\_work\XPCO\XPCO\EventServer\Server\Components\Central\Server\unittest\bin\x64\Debug\VideoOS.Event.Server.UnitTest.dll" adapterTypeName="executor://mstestadapter/v2" className="VideoOS.Event.Server.WebService.Status.UnitTest.StatusCommandToken2Test" name="TestGetVisualizationChangesWithNegativeTimeout" />
    </UnitTest>
    <UnitTest name="TestOneACSystemPLDisabledOneACSystemPLEnabled" storage="d:\actions-runner\_work\xpco\xpco\eventserver\server\components\central\server\unittest\bin\x64\debug\videoos.event.server.unittest.dll" id="ffe889c3-2f44-ef0a-71ca-383fba540493">
      <TestCategory>
        <TestCategoryItem TestCategory="AccessControlUserIdTransformer" />
      </TestCategory>
      <Execution id="fc098814-fef1-446a-99a2-a1d3a45c9a5a" />
      <TestMethod codeBase="D:\actions-runner\_work\XPCO\XPCO\EventServer\Server\Components\Central\Server\unittest\bin\x64\Debug\VideoOS.Event.Server.UnitTest.dll" adapterTypeName="executor://mstestadapter/v2" className="VideoOS.Event.Server.UnitTest.Session.AccessControlUserIdTransformerTest" name="TestOneACSystemPLDisabledOneACSystemPLEnabled" />
    </UnitTest>
    <UnitTest name="TestGetStatusForAllObjectsOfType" storage="d:\actions-runner\_work\xpco\xpco\eventserver\server\components\central\server\unittest\bin\x64\debug\videoos.event.server.unittest.dll" id="67779330-877d-efe4-d891-ea80d17ea9f2">
      <Execution id="ea943394-f9e8-4492-845f-8bb532898e1f" />
      <TestMethod codeBase="D:\actions-runner\_work\XPCO\XPCO\EventServer\Server\Components\Central\Server\unittest\bin\x64\Debug\VideoOS.Event.Server.UnitTest.dll" adapterTypeName="executor://mstestadapter/v2" className="VideoOS.Event.Server.WebService.Status.UnitTest.StatusCommandToken2Test" name="TestGetStatusForAllObjectsOfType" />
    </UnitTest>
    <UnitTest name="TestGetStatusDetailsWithInvalidToken" storage="d:\actions-runner\_work\xpco\xpco\eventserver\server\components\central\server\unittest\bin\x64\debug\videoos.event.server.unittest.dll" id="db023b66-5330-e56c-198f-c64b71b937f5">
      <Execution id="9977e8ec-db7d-42c6-8639-bd8433d2ca4e" />
      <TestMethod codeBase="D:\actions-runner\_work\XPCO\XPCO\EventServer\Server\Components\Central\Server\unittest\bin\x64\Debug\VideoOS.Event.Server.UnitTest.dll" adapterTypeName="executor://mstestadapter/v2" className="VideoOS.Event.Server.WebService.Status.UnitTest.StatusCommandTokenTest" name="TestGetStatusDetailsWithInvalidToken" />
    </UnitTest>
    <UnitTest name="TestConstructor" storage="d:\actions-runner\_work\xpco\xpco\eventserver\server\components\central\server\unittest\bin\x64\debug\videoos.event.server.unittest.dll" id="12cbe1a3-b8d8-c02f-3cd6-2eebde58d3b9">
      <Execution id="6b1a8f22-1d9e-43e3-aade-1a38f2e98d4b" />
      <TestMethod codeBase="D:\actions-runner\_work\XPCO\XPCO\EventServer\Server\Components\Central\Server\unittest\bin\x64\Debug\VideoOS.Event.Server.UnitTest.dll" adapterTypeName="executor://mstestadapter/v2" className="VideoOS.Event.Server.Map.UnitTest.VisualElementManagerTest" name="TestConstructor" />
    </UnitTest>
    <UnitTest name="TestUpdateAlarmWithAssignedTo" storage="d:\actions-runner\_work\xpco\xpco\eventserver\server\components\central\server\unittest\bin\x64\debug\videoos.event.server.unittest.dll" id="6c960dd3-ffc7-b8ad-26f9-de3a226327d2">
      <Execution id="5a3fbcaa-a4b5-47aa-b5d1-c71827fd2668" />
      <TestMethod codeBase="D:\actions-runner\_work\XPCO\XPCO\EventServer\Server\Components\Central\Server\unittest\bin\x64\Debug\VideoOS.Event.Server.UnitTest.dll" adapterTypeName="executor://mstestadapter/v2" className="VideoOS.Event.Server.WebService.Alarm.UnitTest.AlarmCommandTokenTest" name="TestUpdateAlarmWithAssignedTo" />
    </UnitTest>
    <UnitTest name="TestConstructor" storage="d:\actions-runner\_work\xpco\xpco\eventserver\server\components\central\server\unittest\bin\x64\debug\videoos.event.server.unittest.dll" id="2c2042bd-598d-0554-0801-edc0a6538e11">
      <Execution id="4da02afe-f034-48e7-a810-2985b84c17b2" />
      <TestMethod codeBase="D:\actions-runner\_work\XPCO\XPCO\EventServer\Server\Components\Central\Server\unittest\bin\x64\Debug\VideoOS.Event.Server.UnitTest.dll" adapterTypeName="executor://mstestadapter/v2" className="VideoOS.Event.Server.Map.Data.UnitTest.StatusElementForeignTest" name="TestConstructor" />
    </UnitTest>
    <UnitTest name="TestUpdateElementNameWithOwnerElement" storage="d:\actions-runner\_work\xpco\xpco\eventserver\server\components\central\server\unittest\bin\x64\debug\videoos.event.server.unittest.dll" id="f0192dd4-c07e-15a2-f132-e2c87819221c">
      <Execution id="1d86f826-76e2-41ec-99e9-d4dcde8c465b" />
      <TestMethod codeBase="D:\actions-runner\_work\XPCO\XPCO\EventServer\Server\Components\Central\Server\unittest\bin\x64\Debug\VideoOS.Event.Server.UnitTest.dll" adapterTypeName="executor://mstestadapter/v2" className="VideoOS.Event.Server.Map.UnitTest.VisualElementManagerTest" name="TestUpdateElementNameWithOwnerElement" />
    </UnitTest>
    <UnitTest name="TestMarkAsDeleted" storage="d:\actions-runner\_work\xpco\xpco\eventserver\server\components\central\server\unittest\bin\x64\debug\videoos.event.server.unittest.dll" id="d1f7a5c2-3ee0-b6c4-54cf-c0d5f5f43eb3">
      <Execution id="8cbfc4f2-2ae0-4669-af13-d9af56350848" />
      <TestMethod codeBase="D:\actions-runner\_work\XPCO\XPCO\EventServer\Server\Components\Central\Server\unittest\bin\x64\Debug\VideoOS.Event.Server.UnitTest.dll" adapterTypeName="executor://mstestadapter/v2" className="VideoOS.Event.Server.Map.Data.UnitTest.VisualElementStorageTest" name="TestMarkAsDeleted" />
    </UnitTest>
    <UnitTest name="TestConstructorWithParameters" storage="d:\actions-runner\_work\xpco\xpco\eventserver\server\components\central\server\unittest\bin\x64\debug\videoos.event.server.unittest.dll" id="709944ad-38f2-d49a-6dce-a5531cda1d37">
      <Execution id="32392d58-b868-4025-b88e-0fd8456c71a7" />
      <TestMethod codeBase="D:\actions-runner\_work\XPCO\XPCO\EventServer\Server\Components\Central\Server\unittest\bin\x64\Debug\VideoOS.Event.Server.UnitTest.dll" adapterTypeName="executor://mstestadapter/v2" className="VideoOS.Event.Server.Map.Data.UnitTest.VisualElementStatusTest" name="TestConstructorWithParameters" />
    </UnitTest>
    <UnitTest name="TestRemoveElementUpdateTypeTimestamp" storage="d:\actions-runner\_work\xpco\xpco\eventserver\server\components\central\server\unittest\bin\x64\debug\videoos.event.server.unittest.dll" id="24ddbe18-4cae-e90f-3505-9ac40083ecb2">
      <Execution id="96ac0902-3dff-4f5f-9710-bde9b487f02a" />
      <TestMethod codeBase="D:\actions-runner\_work\XPCO\XPCO\EventServer\Server\Components\Central\Server\unittest\bin\x64\Debug\VideoOS.Event.Server.UnitTest.dll" adapterTypeName="executor://mstestadapter/v2" className="VideoOS.Event.Server.Map.UnitTest.VisualElementManagerTest" name="TestRemoveElementUpdateTypeTimestamp" />
    </UnitTest>
    <UnitTest name="TestStartWithNoConfigHosts" storage="d:\actions-runner\_work\xpco\xpco\eventserver\server\components\central\server\unittest\bin\x64\debug\videoos.event.server.unittest.dll" id="0fd024f0-12ba-7ea7-b690-018972738db2">
      <TestCategory>
        <TestCategoryItem TestCategory="PermissionManagerFetcher" />
      </TestCategory>
      <Execution id="c08f1e68-4495-4029-a157-c7422a4db487" />
      <TestMethod codeBase="D:\actions-runner\_work\XPCO\XPCO\EventServer\Server\Components\Central\Server\unittest\bin\x64\Debug\VideoOS.Event.Server.UnitTest.dll" adapterTypeName="executor://mstestadapter/v2" className="VideoOS.Event.Server.UnitTest.Security.PermissionFetcherTest" name="TestStartWithNoConfigHosts" />
    </UnitTest>
    <UnitTest name="TestUpdateElementsWithNonExistingVisualOwnerId" storage="d:\actions-runner\_work\xpco\xpco\eventserver\server\components\central\server\unittest\bin\x64\debug\videoos.event.server.unittest.dll" id="e9178e1a-3c14-5564-d259-ac18470ccb1d">
      <Execution id="2c93edaa-ff38-4dab-9aac-3002ab6c20df" />
      <TestMethod codeBase="D:\actions-runner\_work\XPCO\XPCO\EventServer\Server\Components\Central\Server\unittest\bin\x64\Debug\VideoOS.Event.Server.UnitTest.dll" adapterTypeName="executor://mstestadapter/v2" className="VideoOS.Event.Server.Map.UnitTest.VisualElementManagerTest" name="TestUpdateElementsWithNonExistingVisualOwnerId" />
    </UnitTest>
    <UnitTest name="ShouldSave_ShouldBeTrue_IfDefaultConfigurationHasBeenInvoked" storage="d:\actions-runner\_work\xpco\xpco\eventserver\server\components\central\server\unittest\bin\x64\debug\videoos.event.server.unittest.dll" id="ca7222e5-698c-ede6-13e8-d9ccebf23df9">
      <Execution id="7688f6fa-4044-49ae-9be7-fefc04d8fe89" />
      <TestMethod codeBase="D:\actions-runner\_work\XPCO\XPCO\EventServer\Server\Components\Central\Server\unittest\bin\x64\Debug\VideoOS.Event.Server.UnitTest.dll" adapterTypeName="executor://mstestadapter/v2" className="VideoOS.Event.Server.UnitTest.Config.EventRetentionConfigTests" name="ShouldSave_ShouldBeTrue_IfDefaultConfigurationHasBeenInvoked" />
    </UnitTest>
    <UnitTest name="TestGetVisualElementChangesNotAuthenticated" storage="d:\actions-runner\_work\xpco\xpco\eventserver\server\components\central\server\unittest\bin\x64\debug\videoos.event.server.unittest.dll" id="5d472274-e651-49db-a19f-9c9fc5e07861">
      <TestCategory>
        <TestCategoryItem TestCategory="WebService/Map" />
      </TestCategory>
      <Execution id="969574f9-882b-4b39-8413-19fef7454a91" />
      <TestMethod codeBase="D:\actions-runner\_work\XPCO\XPCO\EventServer\Server\Components\Central\Server\unittest\bin\x64\Debug\VideoOS.Event.Server.UnitTest.dll" adapterTypeName="executor://mstestadapter/v2" className="VideoOS.Event.Server.WebService.Map.UnitTest.MapCommandCredentialsTest" name="TestGetVisualElementChangesNotAuthenticated" />
    </UnitTest>
    <UnitTest name="EventConverter_ConvertBaseItemToBaseEvent_Success_With_Reference_Items" storage="d:\actions-runner\_work\xpco\xpco\eventserver\server\components\central\server\unittest\bin\x64\debug\videoos.event.server.unittest.dll" id="4e83dfb8-d6fa-96b5-e523-9b7e2b677ee8">
      <Execution id="72a02db3-6857-4bd5-ab0b-ac711f289440" />
      <TestMethod codeBase="D:\actions-runner\_work\XPCO\XPCO\EventServer\Server\Components\Central\Server\unittest\bin\x64\Debug\VideoOS.Event.Server.UnitTest.dll" adapterTypeName="executor://mstestadapter/v2" className="VideoOS.Event.Server.UnitTest.Utils.EventConverterTest" name="EventConverter_ConvertBaseItemToBaseEvent_Success_With_Reference_Items" />
    </UnitTest>
    <UnitTest name="TestGetVisualizationChangesWithNulTimeout" storage="d:\actions-runner\_work\xpco\xpco\eventserver\server\components\central\server\unittest\bin\x64\debug\videoos.event.server.unittest.dll" id="9d68ca30-4c58-7743-728e-6fe99570fd2e">
      <Execution id="93d4f628-73d5-4b15-8ede-9ee14ae75e2c" />
      <TestMethod codeBase="D:\actions-runner\_work\XPCO\XPCO\EventServer\Server\Components\Central\Server\unittest\bin\x64\Debug\VideoOS.Event.Server.UnitTest.dll" adapterTypeName="executor://mstestadapter/v2" className="VideoOS.Event.Server.WebService.Status.UnitTest.StatusCommandTokenTest" name="TestGetVisualizationChangesWithNulTimeout" />
    </UnitTest>
    <UnitTest name="TestGetPlugInItemsOnlyMIPPlugins" storage="d:\actions-runner\_work\xpco\xpco\eventserver\server\components\central\server\unittest\bin\x64\debug\videoos.event.server.unittest.dll" id="043bb7e8-5f77-8fba-11c2-dcb34548f3ad">
      <TestCategory>
        <TestCategoryItem TestCategory="MapPlugInManagerTest" />
      </TestCategory>
      <Execution id="4c4c7c67-54cc-4fd2-b85f-8af5e4e76bf3" />
      <TestMethod codeBase="D:\actions-runner\_work\XPCO\XPCO\EventServer\Server\Components\Central\Server\unittest\bin\x64\Debug\VideoOS.Event.Server.UnitTest.dll" adapterTypeName="executor://mstestadapter/v2" className="VideoOS.Event.Server.MIP.PlugIn.UnitTest.MapPlugInManagerTest" name="TestGetPlugInItemsOnlyMIPPlugins" />
    </UnitTest>
    <UnitTest name="TestTypeIDs" storage="d:\actions-runner\_work\xpco\xpco\eventserver\server\components\central\server\unittest\bin\x64\debug\videoos.event.server.unittest.dll" id="c6108561-14c9-a60f-5d54-bf03bd18fb13">
      <Execution id="32e384bb-610a-4431-bec4-08caead6dfae" />
      <TestMethod codeBase="D:\actions-runner\_work\XPCO\XPCO\EventServer\Server\Components\Central\Server\unittest\bin\x64\Debug\VideoOS.Event.Server.UnitTest.dll" adapterTypeName="executor://mstestadapter/v2" className="VideoOS.Event.Server.MIP.PlugIn.UnitTest.MapPlugInEventHandlerTest" name="TestTypeIDs" />
    </UnitTest>
    <UnitTest name="TestCreateFilteredConfigurationStatesLimited" storage="d:\actions-runner\_work\xpco\xpco\eventserver\server\components\central\server\unittest\bin\x64\debug\videoos.event.server.unittest.dll" id="0cb5aecd-0832-3f3a-db82-c1bc5b4e8469">
      <TestCategory>
        <TestCategoryItem TestCategory="AccessControlServiceImplementation" />
      </TestCategory>
      <Execution id="75c02280-e898-491e-aa2a-a4e6811642d0" />
      <TestMethod codeBase="D:\actions-runner\_work\XPCO\XPCO\EventServer\Server\Components\Central\Server\unittest\bin\x64\Debug\VideoOS.Event.Server.UnitTest.dll" adapterTypeName="executor://mstestadapter/v2" className="VideoOS.Event.Server.UnitTest.AccessControl.AccessControlServiceImplementationTest" name="TestCreateFilteredConfigurationStatesLimited" />
    </UnitTest>
    <UnitTest name="TestAcknowledgeMultipleAlarmsException" storage="d:\actions-runner\_work\xpco\xpco\eventserver\server\components\central\server\unittest\bin\x64\debug\videoos.event.server.unittest.dll" id="ba4c54d1-5f25-c421-7a85-b398e7f8d74a">
      <Execution id="4bf957be-8157-4716-a9f6-b996a6f00f7f" />
      <TestMethod codeBase="D:\actions-runner\_work\XPCO\XPCO\EventServer\Server\Components\Central\Server\unittest\bin\x64\Debug\VideoOS.Event.Server.UnitTest.dll" adapterTypeName="executor://mstestadapter/v2" className="VideoOS.Event.Server.WebService.Alarm.UnitTest.AlarmCommandTokenTest" name="TestAcknowledgeMultipleAlarmsException" />
    </UnitTest>
    <UnitTest name="TestGetPlugInItemsThrowingUnhandledException" storage="d:\actions-runner\_work\xpco\xpco\eventserver\server\components\central\server\unittest\bin\x64\debug\videoos.event.server.unittest.dll" id="1273889c-a586-73a8-3ad1-6b005ef36f19">
      <TestCategory>
        <TestCategoryItem TestCategory="WebService/Map" />
      </TestCategory>
      <Execution id="4684d75f-0554-45cf-8214-9491d6abe05b" />
      <TestMethod codeBase="D:\actions-runner\_work\XPCO\XPCO\EventServer\Server\Components\Central\Server\unittest\bin\x64\Debug\VideoOS.Event.Server.UnitTest.dll" adapterTypeName="executor://mstestadapter/v2" className="VideoOS.Event.Server.WebService.Map.UnitTest.MapCommandTokenTest" name="TestGetPlugInItemsThrowingUnhandledException" />
    </UnitTest>
    <UnitTest name="TestActivatePlugInActionNotAuthenticated" storage="d:\actions-runner\_work\xpco\xpco\eventserver\server\components\central\server\unittest\bin\x64\debug\videoos.event.server.unittest.dll" id="c57fc0c5-f9d0-7279-3e84-1fd326fe01da">
      <TestCategory>
        <TestCategoryItem TestCategory="WebService/Map" />
      </TestCategory>
      <Execution id="cce8a376-77d6-4409-b117-4dec63312428" />
      <TestMethod codeBase="D:\actions-runner\_work\XPCO\XPCO\EventServer\Server\Components\Central\Server\unittest\bin\x64\Debug\VideoOS.Event.Server.UnitTest.dll" adapterTypeName="executor://mstestadapter/v2" className="VideoOS.Event.Server.WebService.Map.UnitTest.MapCommandCredentialsTest" name="TestActivatePlugInActionNotAuthenticated" />
    </UnitTest>
    <UnitTest name="TestCreateObjectThrowingUnhandledException" storage="d:\actions-runner\_work\xpco\xpco\eventserver\server\components\central\server\unittest\bin\x64\debug\videoos.event.server.unittest.dll" id="57bdc43c-00dd-641d-e664-ae83375b77e2">
      <TestCategory>
        <TestCategoryItem TestCategory="WebService/Map" />
      </TestCategory>
      <Execution id="cbfa4d7f-d91b-4487-8c50-29bce11d6182" />
      <TestMethod codeBase="D:\actions-runner\_work\XPCO\XPCO\EventServer\Server\Components\Central\Server\unittest\bin\x64\Debug\VideoOS.Event.Server.UnitTest.dll" adapterTypeName="executor://mstestadapter/v2" className="VideoOS.Event.Server.WebService.Map.UnitTest.MapCommandTokenTest" name="TestCreateObjectThrowingUnhandledException" />
    </UnitTest>
    <UnitTest name="TestUpdateElementsWithOldTimestampAndForce" storage="d:\actions-runner\_work\xpco\xpco\eventserver\server\components\central\server\unittest\bin\x64\debug\videoos.event.server.unittest.dll" id="6bfb436a-3e70-7846-3d08-cc4ead42b9fa">
      <Execution id="5a4de56b-212a-4f25-9ffe-1312350ae965" />
      <TestMethod codeBase="D:\actions-runner\_work\XPCO\XPCO\EventServer\Server\Components\Central\Server\unittest\bin\x64\Debug\VideoOS.Event.Server.UnitTest.dll" adapterTypeName="executor://mstestadapter/v2" className="VideoOS.Event.Server.Map.UnitTest.VisualElementManagerTest" name="TestUpdateElementsWithOldTimestampAndForce" />
    </UnitTest>
    <UnitTest name="TestGetStatusWithAForeignRelationButFiltered" storage="d:\actions-runner\_work\xpco\xpco\eventserver\server\components\central\server\unittest\bin\x64\debug\videoos.event.server.unittest.dll" id="e27bd1d2-650e-74fd-27b7-698f00abad61">
      <Execution id="67dc2e0b-1e04-484e-95f6-99fd376c0a5d" />
      <TestMethod codeBase="D:\actions-runner\_work\XPCO\XPCO\EventServer\Server\Components\Central\Server\unittest\bin\x64\Debug\VideoOS.Event.Server.UnitTest.dll" adapterTypeName="executor://mstestadapter/v2" className="VideoOS.Event.Server.Map.UnitTest.VisualElementStatusCalculatorTest" name="TestGetStatusWithAForeignRelationButFiltered" />
    </UnitTest>
    <UnitTest name="WhenAlarmSearchCriteriaWithWrongFieldNamesThenException" storage="d:\actions-runner\_work\xpco\xpco\eventserver\server\components\central\server\unittest\bin\x64\debug\videoos.event.server.unittest.dll" id="5eb2b56a-cb9f-8a13-72a8-1dedbe4703eb">
      <Execution id="cdcca798-06e7-4080-b323-5f6bd66ed41c" />
      <TestMethod codeBase="D:\actions-runner\_work\XPCO\XPCO\EventServer\Server\Components\Central\Server\unittest\bin\x64\Debug\VideoOS.Event.Server.UnitTest.dll" adapterTypeName="executor://mstestadapter/v2" className="VideoOS.Event.Server.UnitTest.WebService.Alarm.LikeSearchConditionProviderTest" name="WhenAlarmSearchCriteriaWithWrongFieldNamesThenException" />
    </UnitTest>
    <UnitTest name="TestName" storage="d:\actions-runner\_work\xpco\xpco\eventserver\server\components\central\server\unittest\bin\x64\debug\videoos.event.server.unittest.dll" id="d40dc10a-64d0-160e-43ab-7ade16a57465">
      <Execution id="b1077e74-c6b7-4193-9da3-ad7d329e249f" />
      <TestMethod codeBase="D:\actions-runner\_work\XPCO\XPCO\EventServer\Server\Components\Central\Server\unittest\bin\x64\Debug\VideoOS.Event.Server.UnitTest.dll" adapterTypeName="executor://mstestadapter/v2" className="VideoOS.Event.Server.MIP.PlugIn.UnitTest.MapPlugInTypeEventHandlerTest" name="TestName" />
    </UnitTest>
    <UnitTest name="TestCloseNoThread" storage="d:\actions-runner\_work\xpco\xpco\eventserver\server\components\central\server\unittest\bin\x64\debug\videoos.event.server.unittest.dll" id="65bf8705-3dc5-8cec-5e83-9dfec95ae5f1">
      <Execution id="3681e0ae-716f-42d5-b7cd-4152d37959f3" />
      <TestMethod codeBase="D:\actions-runner\_work\XPCO\XPCO\EventServer\Server\Components\Central\Server\unittest\bin\x64\Debug\VideoOS.Event.Server.UnitTest.dll" adapterTypeName="executor://mstestadapter/v2" className="VideoOS.Central.Server.Communication.UnitTest.FeatureFetcherTest" name="TestCloseNoThread" />
    </UnitTest>
    <UnitTest name="GetPlugInItems_WithValidParameters" storage="d:\actions-runner\_work\xpco\xpco\eventserver\server\components\central\server\unittest\bin\x64\debug\videoos.event.server.unittest.dll" id="136df291-2cca-c439-fece-8b21662e26cf">
      <TestCategory>
        <TestCategoryItem TestCategory="WebService/Map" />
      </TestCategory>
      <Execution id="49e5d6bc-ba9d-471a-b3cb-a7d9293415dc" />
      <TestMethod codeBase="D:\actions-runner\_work\XPCO\XPCO\EventServer\Server\Components\Central\Server\unittest\bin\x64\Debug\VideoOS.Event.Server.UnitTest.dll" adapterTypeName="executor://mstestadapter/v2" className="VideoOS.Event.Server.WebService.Map.UnitTest.MapCommandTokenTest" name="GetPlugInItems_WithValidParameters" />
    </UnitTest>
    <UnitTest name="FetchCache_ShouldNotDoAnything_IfUserIsNotWindowsUserOrBasicUser" storage="d:\actions-runner\_work\xpco\xpco\eventserver\server\components\central\server\unittest\bin\x64\debug\videoos.event.server.unittest.dll" id="5eb5fc76-03b2-62e8-8227-9882898ba5dd">
      <Execution id="cde7352c-b353-4cac-a1f8-fb3bfb7eb3e5" />
      <TestMethod codeBase="D:\actions-runner\_work\XPCO\XPCO\EventServer\Server\Components\Central\Server\unittest\bin\x64\Debug\VideoOS.Event.Server.UnitTest.dll" adapterTypeName="executor://mstestadapter/v2" className="VideoOS.EventServer.Security.Authorization.UnitTest.VMSItemAuthorizationTests" name="FetchCache_ShouldNotDoAnything_IfUserIsNotWindowsUserOrBasicUser" />
    </UnitTest>
    <UnitTest name="TestItemUpdatedWithANewItem" storage="d:\actions-runner\_work\xpco\xpco\eventserver\server\components\central\server\unittest\bin\x64\debug\videoos.event.server.unittest.dll" id="de539491-b743-7788-0879-8bb78cde3ebf">
      <Execution id="7b5d88d7-55dd-4dec-be55-601fc76647e9" />
      <TestMethod codeBase="D:\actions-runner\_work\XPCO\XPCO\EventServer\Server\Components\Central\Server\unittest\bin\x64\Debug\VideoOS.Event.Server.UnitTest.dll" adapterTypeName="executor://mstestadapter/v2" className="VideoOS.Event.Server.MIP.PlugIn.UnitTest.MapPlugInTypeEventHandlerTest" name="TestItemUpdatedWithANewItem" />
    </UnitTest>
    <UnitTest name="StartStopTest" storage="d:\actions-runner\_work\xpco\xpco\eventserver\server\components\central\server\unittest\bin\x64\debug\videoos.event.server.unittest.dll" id="677471e8-3482-3d4a-74a6-b878d5f6513b">
      <Execution id="e057731a-dcea-4835-aca8-05a741085d23" />
      <TestMethod codeBase="D:\actions-runner\_work\XPCO\XPCO\EventServer\Server\Components\Central\Server\unittest\bin\x64\Debug\VideoOS.Event.Server.UnitTest.dll" adapterTypeName="executor://mstestadapter/v2" className="VideoOS.Event.Server.UnitTest.MIP.Environment.MIPSourceProviderTest" name="StartStopTest" />
    </UnitTest>
    <UnitTest name="TestItemAddedWithWrongType" storage="d:\actions-runner\_work\xpco\xpco\eventserver\server\components\central\server\unittest\bin\x64\debug\videoos.event.server.unittest.dll" id="2b41abb9-682a-bffc-6ee0-3a53e366e2eb">
      <Execution id="296aae7a-62ef-4bb1-8800-827d95ecf7bd" />
      <TestMethod codeBase="D:\actions-runner\_work\XPCO\XPCO\EventServer\Server\Components\Central\Server\unittest\bin\x64\Debug\VideoOS.Event.Server.UnitTest.dll" adapterTypeName="executor://mstestadapter/v2" className="VideoOS.Event.Server.MIP.PlugIn.UnitTest.MapPlugInTypeEventHandlerTest" name="TestItemAddedWithWrongType" />
    </UnitTest>
    <UnitTest name="GetSoundIsInCacheTest" storage="d:\actions-runner\_work\xpco\xpco\eventserver\server\components\central\server\unittest\bin\x64\debug\videoos.event.server.unittest.dll" id="a1bb1f9a-b82c-e54a-73fb-4c8aaec4bb3f">
      <Execution id="9eb9716d-ef52-4888-848a-0e17769db459" />
      <TestMethod codeBase="D:\actions-runner\_work\XPCO\XPCO\EventServer\Server\Components\Central\Server\unittest\bin\x64\Debug\VideoOS.Event.Server.UnitTest.dll" adapterTypeName="executor://mstestadapter/v2" className="VideoOS.Event.Server.Sound.UnitTest.SoundManagerTest" name="GetSoundIsInCacheTest" />
    </UnitTest>
    <UnitTest name="TrimStart_ShouldRaiseArgumentNullException_WhenInputIsNull" storage="d:\actions-runner\_work\xpco\xpco\eventserver\server\components\central\server\unittest\bin\x64\debug\videoos.event.server.unittest.dll" id="7b6e80a8-808c-ac81-7619-b92280b3d235">
      <TestCategory>
        <TestCategoryItem TestCategory="AccessControl" />
      </TestCategory>
      <Execution id="b317c53c-dfb1-4d7c-a18e-9600c66f505d" />
      <TestMethod codeBase="D:\actions-runner\_work\XPCO\XPCO\EventServer\Server\Components\Central\Server\unittest\bin\x64\Debug\VideoOS.Event.Server.UnitTest.dll" adapterTypeName="executor://mstestadapter/v2" className="VideoOS.Event.Server.UnitTest.AccessControl.AccessControlSystemTests" name="TrimStart_ShouldRaiseArgumentNullException_WhenInputIsNull" />
    </UnitTest>
    <UnitTest name="TestRemoveElementAndChildElementsWithTwoRelations" storage="d:\actions-runner\_work\xpco\xpco\eventserver\server\components\central\server\unittest\bin\x64\debug\videoos.event.server.unittest.dll" id="9c4ff579-8830-5232-3a16-ce25a63d0a5c">
      <Execution id="f2406e6c-662f-429b-bc58-eeae259caf7a" />
      <TestMethod codeBase="D:\actions-runner\_work\XPCO\XPCO\EventServer\Server\Components\Central\Server\unittest\bin\x64\Debug\VideoOS.Event.Server.UnitTest.dll" adapterTypeName="executor://mstestadapter/v2" className="VideoOS.Event.Server.Map.UnitTest.VisualElementManagerTest" name="TestRemoveElementAndChildElementsWithTwoRelations" />
    </UnitTest>
    <UnitTest name="TestRemoveElementWithInvalidId" storage="d:\actions-runner\_work\xpco\xpco\eventserver\server\components\central\server\unittest\bin\x64\debug\videoos.event.server.unittest.dll" id="00e2a9d7-9068-7a6b-7d90-c421538afd8d">
      <Execution id="cc8da11a-e0b0-4077-a9fa-f72be26b712e" />
      <TestMethod codeBase="D:\actions-runner\_work\XPCO\XPCO\EventServer\Server\Components\Central\Server\unittest\bin\x64\Debug\VideoOS.Event.Server.UnitTest.dll" adapterTypeName="executor://mstestadapter/v2" className="VideoOS.Event.Server.Map.UnitTest.VisualElementManagerTest" name="TestRemoveElementWithInvalidId" />
    </UnitTest>
    <UnitTest name="TestAccessControlConfigHostAdded" storage="d:\actions-runner\_work\xpco\xpco\eventserver\server\components\central\server\unittest\bin\x64\debug\videoos.event.server.unittest.dll" id="f47618c5-722e-6e57-bc97-ac13a004d957">
      <TestCategory>
        <TestCategoryItem TestCategory="PermissionManagerFetcher" />
      </TestCategory>
      <Execution id="c39ebef5-47fd-4ddf-addc-151c531e26a3" />
      <TestMethod codeBase="D:\actions-runner\_work\XPCO\XPCO\EventServer\Server\Components\Central\Server\unittest\bin\x64\Debug\VideoOS.Event.Server.UnitTest.dll" adapterTypeName="executor://mstestadapter/v2" className="VideoOS.Event.Server.UnitTest.Security.PermissionFetcherTest" name="TestAccessControlConfigHostAdded" />
    </UnitTest>
    <UnitTest name="ShouldSave_ShouldBeFalse_ByDefault" storage="d:\actions-runner\_work\xpco\xpco\eventserver\server\components\central\server\unittest\bin\x64\debug\videoos.event.server.unittest.dll" id="0e60158c-36bc-8dc9-fd94-82efc858c9b8">
      <Execution id="18613c62-e842-4d86-b166-e6ea958c18f3" />
      <TestMethod codeBase="D:\actions-runner\_work\XPCO\XPCO\EventServer\Server\Components\Central\Server\unittest\bin\x64\Debug\VideoOS.Event.Server.UnitTest.dll" adapterTypeName="executor://mstestadapter/v2" className="VideoOS.Event.Server.UnitTest.Config.EventRetentionConfigTests" name="ShouldSave_ShouldBeFalse_ByDefault" />
    </UnitTest>
    <UnitTest name="TestGetStatusNotAuthenticated" storage="d:\actions-runner\_work\xpco\xpco\eventserver\server\components\central\server\unittest\bin\x64\debug\videoos.event.server.unittest.dll" id="6f7b704f-1370-beeb-3ca0-35582d568c3d">
      <Execution id="81fc1a7a-0c30-4855-ad97-e53c255fab51" />
      <TestMethod codeBase="D:\actions-runner\_work\XPCO\XPCO\EventServer\Server\Components\Central\Server\unittest\bin\x64\Debug\VideoOS.Event.Server.UnitTest.dll" adapterTypeName="executor://mstestadapter/v2" className="VideoOS.Event.Server.WebService.Status.UnitTest.StatusCommandCredentialsTest" name="TestGetStatusNotAuthenticated" />
    </UnitTest>
    <UnitTest name="TestGetVisualElementChangesWithNegativeTimeout" storage="d:\actions-runner\_work\xpco\xpco\eventserver\server\components\central\server\unittest\bin\x64\debug\videoos.event.server.unittest.dll" id="27182808-95bc-ca7b-c30b-ad0be6d3ff3a">
      <TestCategory>
        <TestCategoryItem TestCategory="WebService/Map" />
      </TestCategory>
      <Execution id="cd6f4b95-e951-4f41-b078-c58ef5a4d665" />
      <TestMethod codeBase="D:\actions-runner\_work\XPCO\XPCO\EventServer\Server\Components\Central\Server\unittest\bin\x64\Debug\VideoOS.Event.Server.UnitTest.dll" adapterTypeName="executor://mstestadapter/v2" className="VideoOS.Event.Server.WebService.Map.UnitTest.MapCommandCredentialsTest" name="TestGetVisualElementChangesWithNegativeTimeout" />
    </UnitTest>
    <UnitTest name="TestAddAsEvent" storage="d:\actions-runner\_work\xpco\xpco\eventserver\server\components\central\server\unittest\bin\x64\debug\videoos.event.server.unittest.dll" id="5d3cca52-f621-0181-6589-18ea5da58e7b">
      <Execution id="058c4c2f-229e-476e-a323-8a8e5a8d424e" />
      <TestMethod codeBase="D:\actions-runner\_work\XPCO\XPCO\EventServer\Server\Components\Central\Server\unittest\bin\x64\Debug\VideoOS.Event.Server.UnitTest.dll" adapterTypeName="executor://mstestadapter/v2" className="VideoOS.Event.Server.WebService.Alarm.UnitTest.AlarmCommandTokenTest" name="TestAddAsEvent" />
    </UnitTest>
    <UnitTest name="ModifySuppressStatusItem_ModifiesTheExistingItem" storage="d:\actions-runner\_work\xpco\xpco\eventserver\server\components\central\server\unittest\bin\x64\debug\videoos.event.server.unittest.dll" id="ef8dde0f-8cc7-b5bf-229c-416b59b00ca5">
      <TestCategory>
        <TestCategoryItem TestCategory="CI" />
      </TestCategory>
      <Execution id="1386a534-cdda-4020-b2b5-350c742d886a" />
      <TestMethod codeBase="D:\actions-runner\_work\XPCO\XPCO\EventServer\Server\Components\Central\Server\unittest\bin\x64\Debug\VideoOS.Event.Server.UnitTest.dll" adapterTypeName="executor://mstestadapter/v2" className="VideoOS.EventServer.Disable.UnitTest.DisableManagerTest" name="ModifySuppressStatusItem_ModifiesTheExistingItem" />
    </UnitTest>
    <UnitTest name="TestActivateActionWithUnknownType" storage="d:\actions-runner\_work\xpco\xpco\eventserver\server\components\central\server\unittest\bin\x64\debug\videoos.event.server.unittest.dll" id="b023713a-a208-cdad-ca76-94793772a2ef">
      <TestCategory>
        <TestCategoryItem TestCategory="MapPlugInManagerTest" />
      </TestCategory>
      <Execution id="34d42444-8092-473f-933e-f1eedf90c917" />
      <TestMethod codeBase="D:\actions-runner\_work\XPCO\XPCO\EventServer\Server\Components\Central\Server\unittest\bin\x64\Debug\VideoOS.Event.Server.UnitTest.dll" adapterTypeName="executor://mstestadapter/v2" className="VideoOS.Event.Server.MIP.PlugIn.UnitTest.MapPlugInManagerTest" name="TestActivateActionWithUnknownType" />
    </UnitTest>
    <UnitTest name="ToEventCreatesEventWithProperValuesWhenInvoked" storage="d:\actions-runner\_work\xpco\xpco\eventserver\server\components\central\server\unittest\bin\x64\debug\videoos.event.server.unittest.dll" id="17e1f8d8-ff47-33db-efc4-da6813ccc726">
      <Execution id="d9bd0559-88fc-47c1-861f-ec62d02edf2f" />
      <TestMethod codeBase="D:\actions-runner\_work\XPCO\XPCO\EventServer\Server\Components\Central\Server\unittest\bin\x64\Debug\VideoOS.Event.Server.UnitTest.dll" adapterTypeName="executor://mstestadapter/v2" className="VideoOS.Event.Server.UnitTest.Event.BaseEventToEventMapperTest" name="ToEventCreatesEventWithProperValuesWhenInvoked" />
    </UnitTest>
    <UnitTest name="TestUpdateWithNullItem" storage="d:\actions-runner\_work\xpco\xpco\eventserver\server\components\central\server\unittest\bin\x64\debug\videoos.event.server.unittest.dll" id="5a2de3a5-2a90-1705-60e7-49aa869e23e4">
      <TestCategory>
        <TestCategoryItem TestCategory="MapPlugInInternalItem" />
      </TestCategory>
      <Execution id="7287928b-6d9a-4f6e-921c-f22749102532" />
      <TestMethod codeBase="D:\actions-runner\_work\XPCO\XPCO\EventServer\Server\Components\Central\Server\unittest\bin\x64\Debug\VideoOS.Event.Server.UnitTest.dll" adapterTypeName="executor://mstestadapter/v2" className="VideoOS.Event.Server.MIP.PlugIn.UnitTest.MapPlugInInternalItemTest" name="TestUpdateWithNullItem" />
    </UnitTest>
    <UnitTest name="TestRemoveElementWithElementWithRelationRelationIdRemoved" storage="d:\actions-runner\_work\xpco\xpco\eventserver\server\components\central\server\unittest\bin\x64\debug\videoos.event.server.unittest.dll" id="c9ac8109-a977-5850-df7c-0201cbb26bfc">
      <Execution id="3d4c87e5-5736-41db-bb82-0f946ed3f171" />
      <TestMethod codeBase="D:\actions-runner\_work\XPCO\XPCO\EventServer\Server\Components\Central\Server\unittest\bin\x64\Debug\VideoOS.Event.Server.UnitTest.dll" adapterTypeName="executor://mstestadapter/v2" className="VideoOS.Event.Server.Map.UnitTest.VisualElementManagerTest" name="TestRemoveElementWithElementWithRelationRelationIdRemoved" />
    </UnitTest>
    <UnitTest name="SetAllEventRetentions_ShouldAuditLogChangedToFollowGroup_WhenEventTypeRetentionIsRemoved" storage="d:\actions-runner\_work\xpco\xpco\eventserver\server\components\central\server\unittest\bin\x64\debug\videoos.event.server.unittest.dll" id="6f76e60a-96ae-1036-bb5e-9caebe81c35a">
      <Execution id="1bef7693-7186-4aa8-ab09-5f78361b19c2" />
      <TestMethod codeBase="D:\actions-runner\_work\XPCO\XPCO\EventServer\Server\Components\Central\Server\unittest\bin\x64\Debug\VideoOS.Event.Server.UnitTest.dll" adapterTypeName="executor://mstestadapter/v2" className="VideoOS.Event.Server.UnitTest.Config.EventRetentionConfigTests" name="SetAllEventRetentions_ShouldAuditLogChangedToFollowGroup_WhenEventTypeRetentionIsRemoved" />
    </UnitTest>
    <UnitTest name="Handle_ShouldFlattenPriorityValue_WhenValuesIncludePriorityIntAndPriorityName" storage="d:\actions-runner\_work\xpco\xpco\eventserver\server\components\central\server\unittest\bin\x64\debug\videoos.event.server.unittest.dll" id="016db6ee-2d38-0bc8-9736-56870f4b6a15">
      <Execution id="87ded6a4-f728-49df-8a4e-04b0e14bbc7e" />
      <TestMethod codeBase="D:\actions-runner\_work\XPCO\XPCO\EventServer\Server\Components\Central\Server\unittest\bin\x64\Debug\VideoOS.Event.Server.UnitTest.dll" adapterTypeName="executor://mstestadapter/v2" className="VideoOS.Event.Server.UnitTest.Alarm.Processors.UpdateAlarms.UpdateAlarmCompositeValueHandlerTests" name="Handle_ShouldFlattenPriorityValue_WhenValuesIncludePriorityIntAndPriorityName" />
    </UnitTest>
    <UnitTest name="GetStatus_ThrowsFaultException_WhenVisualElementStatusIdIsInvalid" storage="d:\actions-runner\_work\xpco\xpco\eventserver\server\components\central\server\unittest\bin\x64\debug\videoos.event.server.unittest.dll" id="19f97e95-056a-35ca-4658-302b22e30358">
      <TestCategory>
        <TestCategoryItem TestCategory="WebService" />
      </TestCategory>
      <Execution id="7f3b56b4-6bbb-44bb-9eb7-a4f14cddd76d" />
      <TestMethod codeBase="D:\actions-runner\_work\XPCO\XPCO\EventServer\Server\Components\Central\Server\unittest\bin\x64\Debug\VideoOS.Event.Server.UnitTest.dll" adapterTypeName="executor://mstestadapter/v2" className="VideoOS.Event.Server.WebService.InterCommunication.UnitTest.InterCommunicationCommandTest" name="GetStatus_ThrowsFaultException_WhenVisualElementStatusIdIsInvalid" />
    </UnitTest>
    <UnitTest name="TestLoadOldConfigSaveLoad" storage="d:\actions-runner\_work\xpco\xpco\eventserver\server\components\central\server\unittest\bin\x64\debug\videoos.event.server.unittest.dll" id="77a1057d-d9f6-6031-284b-0c450a69cfb9">
      <Execution id="d7719327-fbab-43d5-95bd-1a57960cc1ea" />
      <TestMethod codeBase="D:\actions-runner\_work\XPCO\XPCO\EventServer\Server\Components\Central\Server\unittest\bin\x64\Debug\VideoOS.Event.Server.UnitTest.dll" adapterTypeName="executor://mstestadapter/v2" className="VideoOS.Event.Server.UnitTest.AccessControl.AccessControlManagerTest" name="TestLoadOldConfigSaveLoad" />
    </UnitTest>
    <UnitTest name="TestAttachSnapshotInvalidToken" storage="d:\actions-runner\_work\xpco\xpco\eventserver\server\components\central\server\unittest\bin\x64\debug\videoos.event.server.unittest.dll" id="6bc3643b-7bda-0852-a44d-828063310052">
      <Execution id="94bc246a-0804-4ee8-883a-42493d254a4d" />
      <TestMethod codeBase="D:\actions-runner\_work\XPCO\XPCO\EventServer\Server\Components\Central\Server\unittest\bin\x64\Debug\VideoOS.Event.Server.UnitTest.dll" adapterTypeName="executor://mstestadapter/v2" className="VideoOS.Event.Server.WebService.Alarm.UnitTest.AlarmCommandTokenTest" name="TestAttachSnapshotInvalidToken" />
    </UnitTest>
    <UnitTest name="TestUpdateObjectsWithValidParameters" storage="d:\actions-runner\_work\xpco\xpco\eventserver\server\components\central\server\unittest\bin\x64\debug\videoos.event.server.unittest.dll" id="1bad829b-3605-2602-6a66-d68603322f0c">
      <TestCategory>
        <TestCategoryItem TestCategory="WebService/Map" />
      </TestCategory>
      <Execution id="d334ac1c-c2d5-4e5b-845a-76327494a620" />
      <TestMethod codeBase="D:\actions-runner\_work\XPCO\XPCO\EventServer\Server\Components\Central\Server\unittest\bin\x64\Debug\VideoOS.Event.Server.UnitTest.dll" adapterTypeName="executor://mstestadapter/v2" className="VideoOS.Event.Server.WebService.Map.UnitTest.MapCommandCredentialsTest" name="TestUpdateObjectsWithValidParameters" />
    </UnitTest>
    <UnitTest name="DeleteObjectAndChildObjects_WithValidParameters" storage="d:\actions-runner\_work\xpco\xpco\eventserver\server\components\central\server\unittest\bin\x64\debug\videoos.event.server.unittest.dll" id="9aea92bd-a732-8732-3286-9126a7e2884c">
      <TestCategory>
        <TestCategoryItem TestCategory="WebService/Map" />
      </TestCategory>
      <Execution id="a69b0723-59fc-4113-a1e2-912c2f7d6d96" />
      <TestMethod codeBase="D:\actions-runner\_work\XPCO\XPCO\EventServer\Server\Components\Central\Server\unittest\bin\x64\Debug\VideoOS.Event.Server.UnitTest.dll" adapterTypeName="executor://mstestadapter/v2" className="VideoOS.Event.Server.WebService.Map.UnitTest.MapCommandToken2Test" name="DeleteObjectAndChildObjects_WithValidParameters" />
    </UnitTest>
    <UnitTest name="TestMultipleSessionsMultipleUserIdsMultipleAdds" storage="d:\actions-runner\_work\xpco\xpco\eventserver\server\components\central\server\unittest\bin\x64\debug\videoos.event.server.unittest.dll" id="4f23a621-f756-78e4-ef6d-3087baf6d1ca">
      <TestCategory>
        <TestCategoryItem TestCategory="SessionCache" />
      </TestCategory>
      <Execution id="e1a351dc-af79-4d56-b468-68f7575f02b4" />
      <TestMethod codeBase="D:\actions-runner\_work\XPCO\XPCO\EventServer\Server\Components\Central\Server\unittest\bin\x64\Debug\VideoOS.Event.Server.UnitTest.dll" adapterTypeName="executor://mstestadapter/v2" className="VideoOS.Event.Server.UnitTest.Session.SessionCacheTest" name="TestMultipleSessionsMultipleUserIdsMultipleAdds" />
    </UnitTest>
    <UnitTest name="TestZeroItemCount" storage="d:\actions-runner\_work\xpco\xpco\eventserver\server\components\central\server\unittest\bin\x64\debug\videoos.event.server.unittest.dll" id="2f9c5de5-6323-bb6f-cda9-478c6409912a">
      <TestCategory>
        <TestCategoryItem TestCategory="DatabaseConfigurableDataCache" />
      </TestCategory>
      <Execution id="33250ab0-168d-4b03-a7f3-4992e2341309" />
      <TestMethod codeBase="D:\actions-runner\_work\XPCO\XPCO\EventServer\Server\Components\Central\Server\unittest\bin\x64\Debug\VideoOS.Event.Server.UnitTest.dll" adapterTypeName="executor://mstestadapter/v2" className="VideoOS.EventServer.Config.UnitTest.DatabaseConfigurableDataCacheTest" name="TestZeroItemCount" />
    </UnitTest>
    <UnitTest name="TestCheckAuthorizationWithMultipleWindowsUser" storage="d:\actions-runner\_work\xpco\xpco\eventserver\server\components\central\server\unittest\bin\x64\debug\videoos.event.server.unittest.dll" id="72eb27aa-9e70-3f4a-e8b3-b15e09b50910">
      <TestCategory>
        <TestCategoryItem TestCategory="ActionAuthorizationCache" />
      </TestCategory>
      <Execution id="d0817539-0e8b-4949-943d-360c9f21d752" />
      <TestMethod codeBase="D:\actions-runner\_work\XPCO\XPCO\EventServer\Server\Components\Central\Server\unittest\bin\x64\Debug\VideoOS.Event.Server.UnitTest.dll" adapterTypeName="executor://mstestadapter/v2" className="VideoOS.Event.Server.UnitTest.Security.ActionAuthorizationCacheTest" name="TestCheckAuthorizationWithMultipleWindowsUser" />
    </UnitTest>
    <UnitTest name="TestGetTypeChangedWithNulTimeout" storage="d:\actions-runner\_work\xpco\xpco\eventserver\server\components\central\server\unittest\bin\x64\debug\videoos.event.server.unittest.dll" id="6a7cb602-bcd8-3c34-2ccf-a231cac327f3">
      <TestCategory>
        <TestCategoryItem TestCategory="WebService/Map" />
      </TestCategory>
      <Execution id="d5e860cb-9344-4426-a8bb-074f433e6e8d" />
      <TestMethod codeBase="D:\actions-runner\_work\XPCO\XPCO\EventServer\Server\Components\Central\Server\unittest\bin\x64\Debug\VideoOS.Event.Server.UnitTest.dll" adapterTypeName="executor://mstestadapter/v2" className="VideoOS.Event.Server.WebService.Map.UnitTest.MapCommandCredentialsTest" name="TestGetTypeChangedWithNulTimeout" />
    </UnitTest>
    <UnitTest name="TestConstructor" storage="d:\actions-runner\_work\xpco\xpco\eventserver\server\components\central\server\unittest\bin\x64\debug\videoos.event.server.unittest.dll" id="2a55247b-2cad-1fbf-576f-ee8cf6fab5af">
      <Execution id="83a2213d-a5a1-4d8e-8f05-189bc45973c5" />
      <TestMethod codeBase="D:\actions-runner\_work\XPCO\XPCO\EventServer\Server\Components\Central\Server\unittest\bin\x64\Debug\VideoOS.Event.Server.UnitTest.dll" adapterTypeName="executor://mstestadapter/v2" className="VideoOS.Event.Server.MIP.PlugIn.UnitTest.MapPlugInTypeEventHandlerFactoryTest" name="TestConstructor" />
    </UnitTest>
    <UnitTest name="TestCreateObjectWithServerIDInRelationID" storage="d:\actions-runner\_work\xpco\xpco\eventserver\server\components\central\server\unittest\bin\x64\debug\videoos.event.server.unittest.dll" id="46c93511-7de3-b224-b0bc-10ed611b58bf">
      <TestCategory>
        <TestCategoryItem TestCategory="WebService/Map" />
      </TestCategory>
      <Execution id="6f8f7532-2829-4b2e-a753-92cb1ea0d1e6" />
      <TestMethod codeBase="D:\actions-runner\_work\XPCO\XPCO\EventServer\Server\Components\Central\Server\unittest\bin\x64\Debug\VideoOS.Event.Server.UnitTest.dll" adapterTypeName="executor://mstestadapter/v2" className="VideoOS.Event.Server.WebService.Map.UnitTest.MapCommandTokenTest" name="TestCreateObjectWithServerIDInRelationID" />
    </UnitTest>
    <UnitTest name="TestItemAddedWithOtherDuplicatedItem" storage="d:\actions-runner\_work\xpco\xpco\eventserver\server\components\central\server\unittest\bin\x64\debug\videoos.event.server.unittest.dll" id="1b004e8f-24b5-c979-ccb9-ab7121f6f236">
      <Execution id="e41bee13-7b3a-4a4c-b372-c69d272e92df" />
      <TestMethod codeBase="D:\actions-runner\_work\XPCO\XPCO\EventServer\Server\Components\Central\Server\unittest\bin\x64\Debug\VideoOS.Event.Server.UnitTest.dll" adapterTypeName="executor://mstestadapter/v2" className="VideoOS.Event.Server.MIP.PlugIn.UnitTest.MapPlugInTypeEventHandlerTest" name="TestItemAddedWithOtherDuplicatedItem" />
    </UnitTest>
    <UnitTest name="WebServiceCommandBaseTest_Constructor_Success" storage="d:\actions-runner\_work\xpco\xpco\eventserver\server\components\central\server\unittest\bin\x64\debug\videoos.event.server.unittest.dll" id="9ca330db-b2de-6fd8-4a31-28b777299130">
      <Execution id="5bac4d72-f4b2-4aed-ab48-fdea35e2aae1" />
      <TestMethod codeBase="D:\actions-runner\_work\XPCO\XPCO\EventServer\Server\Components\Central\Server\unittest\bin\x64\Debug\VideoOS.Event.Server.UnitTest.dll" adapterTypeName="executor://mstestadapter/v2" className="VideoOS.Event.Server.UnitTest.WebService.Action.WebServiceAdminCommandBaseTest" name="WebServiceCommandBaseTest_Constructor_Success" />
    </UnitTest>
    <UnitTest name="TestUpdateElementWithRelationIdonADifferentServerButUsedId" storage="d:\actions-runner\_work\xpco\xpco\eventserver\server\components\central\server\unittest\bin\x64\debug\videoos.event.server.unittest.dll" id="04f5cf17-3879-e2fe-c47d-e29ce4541cc8">
      <Execution id="025bcb8a-a4d8-4ade-8db6-27ac2194e5c2" />
      <TestMethod codeBase="D:\actions-runner\_work\XPCO\XPCO\EventServer\Server\Components\Central\Server\unittest\bin\x64\Debug\VideoOS.Event.Server.UnitTest.dll" adapterTypeName="executor://mstestadapter/v2" className="VideoOS.Event.Server.Map.UnitTest.VisualElementManagerTest" name="TestUpdateElementWithRelationIdonADifferentServerButUsedId" />
    </UnitTest>
    <UnitTest name="TestGetStatusThrowingUnhandledException" storage="d:\actions-runner\_work\xpco\xpco\eventserver\server\components\central\server\unittest\bin\x64\debug\videoos.event.server.unittest.dll" id="4ff64477-833a-244c-0375-990ccfb1a2e6">
      <Execution id="4156c701-5c7f-45f1-8d5c-d7bf0c186f9d" />
      <TestMethod codeBase="D:\actions-runner\_work\XPCO\XPCO\EventServer\Server\Components\Central\Server\unittest\bin\x64\Debug\VideoOS.Event.Server.UnitTest.dll" adapterTypeName="executor://mstestadapter/v2" className="VideoOS.Event.Server.WebService.Status.UnitTest.StatusCommandToken2Test" name="TestGetStatusThrowingUnhandledException" />
    </UnitTest>
    <UnitTest name="TestRemoveElementAndChildElementsWithInvalidId" storage="d:\actions-runner\_work\xpco\xpco\eventserver\server\components\central\server\unittest\bin\x64\debug\videoos.event.server.unittest.dll" id="c6cbc0a5-c901-ffaa-2070-a47547148121">
      <Execution id="e2b87f26-33ba-4d87-b50a-4cc06579b43e" />
      <TestMethod codeBase="D:\actions-runner\_work\XPCO\XPCO\EventServer\Server\Components\Central\Server\unittest\bin\x64\Debug\VideoOS.Event.Server.UnitTest.dll" adapterTypeName="executor://mstestadapter/v2" className="VideoOS.Event.Server.Map.UnitTest.VisualElementManagerTest" name="TestRemoveElementAndChildElementsWithInvalidId" />
    </UnitTest>
    <UnitTest name="GetTypeChanged_WithZeroTimeout" storage="d:\actions-runner\_work\xpco\xpco\eventserver\server\components\central\server\unittest\bin\x64\debug\videoos.event.server.unittest.dll" id="ee875fc9-e910-2cdc-d141-1721c9e62eb7">
      <TestCategory>
        <TestCategoryItem TestCategory="WebService/Map" />
      </TestCategory>
      <Execution id="dcb20307-f9f3-4280-beff-797ac48a7303" />
      <TestMethod codeBase="D:\actions-runner\_work\XPCO\XPCO\EventServer\Server\Components\Central\Server\unittest\bin\x64\Debug\VideoOS.Event.Server.UnitTest.dll" adapterTypeName="executor://mstestadapter/v2" className="VideoOS.Event.Server.WebService.Map.UnitTest.MapCommandToken2Test" name="GetTypeChanged_WithZeroTimeout" />
    </UnitTest>
    <UnitTest name="TestGetVisualElementChangesWithPositiveTimeout" storage="d:\actions-runner\_work\xpco\xpco\eventserver\server\components\central\server\unittest\bin\x64\debug\videoos.event.server.unittest.dll" id="9688a158-7527-5fc3-8f52-444dcee106fa">
      <Execution id="ab3c8cc1-047f-49dd-8718-34465ef0b362" />
      <TestMethod codeBase="D:\actions-runner\_work\XPCO\XPCO\EventServer\Server\Components\Central\Server\unittest\bin\x64\Debug\VideoOS.Event.Server.UnitTest.dll" adapterTypeName="executor://mstestadapter/v2" className="VideoOS.Event.Server.WebService.Status.UnitTest.StatusCommandCredentialsTest" name="TestGetVisualElementChangesWithPositiveTimeout" />
    </UnitTest>
    <UnitTest name="TestGetAllElementsOfTypeWithInsufficientRights" storage="d:\actions-runner\_work\xpco\xpco\eventserver\server\components\central\server\unittest\bin\x64\debug\videoos.event.server.unittest.dll" id="917c1bdf-6063-7913-d982-329ee05581db">
      <Execution id="84d7c3f3-f503-41f5-bc8b-870cd4be591b" />
      <TestMethod codeBase="D:\actions-runner\_work\XPCO\XPCO\EventServer\Server\Components\Central\Server\unittest\bin\x64\Debug\VideoOS.Event.Server.UnitTest.dll" adapterTypeName="executor://mstestadapter/v2" className="VideoOS.Event.Server.Map.UnitTest.VisualElementManagerTest" name="TestGetAllElementsOfTypeWithInsufficientRights" />
    </UnitTest>
    <UnitTest name="TestItemsWithItemIdsEmpty" storage="d:\actions-runner\_work\xpco\xpco\eventserver\server\components\central\server\unittest\bin\x64\debug\videoos.event.server.unittest.dll" id="33667771-9d3c-f7ed-4cf3-0f7629b39f0c">
      <Execution id="f1dbc54b-197f-4c23-a608-7cda7aee41b6" />
      <TestMethod codeBase="D:\actions-runner\_work\XPCO\XPCO\EventServer\Server\Components\Central\Server\unittest\bin\x64\Debug\VideoOS.Event.Server.UnitTest.dll" adapterTypeName="executor://mstestadapter/v2" className="VideoOS.Event.Server.MIP.PlugIn.UnitTest.MapPlugInTypeEventHandlerTest" name="TestItemsWithItemIdsEmpty" />
    </UnitTest>
    <UnitTest name="TestSingleSessionSingleUserIdAddedTwice" storage="d:\actions-runner\_work\xpco\xpco\eventserver\server\components\central\server\unittest\bin\x64\debug\videoos.event.server.unittest.dll" id="fff67a66-5b63-4b59-d9e1-fa6cacb0c28f">
      <TestCategory>
        <TestCategoryItem TestCategory="SessionCache" />
      </TestCategory>
      <Execution id="012b988c-2326-4c3d-bc28-9cb8db09e73d" />
      <TestMethod codeBase="D:\actions-runner\_work\XPCO\XPCO\EventServer\Server\Components\Central\Server\unittest\bin\x64\Debug\VideoOS.Event.Server.UnitTest.dll" adapterTypeName="executor://mstestadapter/v2" className="VideoOS.Event.Server.UnitTest.Session.SessionCacheTest" name="TestSingleSessionSingleUserIdAddedTwice" />
    </UnitTest>
    <UnitTest name="TestLoadXMLWithNoInnerText" storage="d:\actions-runner\_work\xpco\xpco\eventserver\server\components\central\server\unittest\bin\x64\debug\videoos.event.server.unittest.dll" id="03494ac0-2a90-1997-2d62-a4db082b1776">
      <Execution id="0e553efc-abfd-423e-bc61-67cbe7e8da13" />
      <TestMethod codeBase="D:\actions-runner\_work\XPCO\XPCO\EventServer\Server\Components\Central\Server\unittest\bin\x64\Debug\VideoOS.Event.Server.UnitTest.dll" adapterTypeName="executor://mstestadapter/v2" className="VideoOS.Event.Server.Map.Data.UnitTest.VisualElementStorageTest" name="TestLoadXMLWithNoInnerText" />
    </UnitTest>
    <UnitTest name="Handle_ShouldFlattenPriorityValue_WhenValuesIncludePriorityAndPriorityInt" storage="d:\actions-runner\_work\xpco\xpco\eventserver\server\components\central\server\unittest\bin\x64\debug\videoos.event.server.unittest.dll" id="4ef9ba7f-9843-68c1-3bd4-4c329c30cec0">
      <Execution id="e0001765-b67c-4f39-8291-33ee9b0ca470" />
      <TestMethod codeBase="D:\actions-runner\_work\XPCO\XPCO\EventServer\Server\Components\Central\Server\unittest\bin\x64\Debug\VideoOS.Event.Server.UnitTest.dll" adapterTypeName="executor://mstestadapter/v2" className="VideoOS.Event.Server.UnitTest.Alarm.Processors.UpdateAlarms.UpdateAlarmCompositeValueHandlerTests" name="Handle_ShouldFlattenPriorityValue_WhenValuesIncludePriorityAndPriorityInt" />
    </UnitTest>
    <UnitTest name="TestToTypeID" storage="d:\actions-runner\_work\xpco\xpco\eventserver\server\components\central\server\unittest\bin\x64\debug\videoos.event.server.unittest.dll" id="d343ebf0-90b9-8312-b39f-0f294924653b">
      <Execution id="edc9d331-e401-45ee-bf73-9023b19fa349" />
      <TestMethod codeBase="D:\actions-runner\_work\XPCO\XPCO\EventServer\Server\Components\Central\Server\unittest\bin\x64\Debug\VideoOS.Event.Server.UnitTest.dll" adapterTypeName="executor://mstestadapter/v2" className="VideoOS.Event.Server.Map.Data.UnitTest.TypeIdStorageTest" name="TestToTypeID" />
    </UnitTest>
    <UnitTest name="TestGetAllObjectsOfTypeWithInvalidUser" storage="d:\actions-runner\_work\xpco\xpco\eventserver\server\components\central\server\unittest\bin\x64\debug\videoos.event.server.unittest.dll" id="b4d58491-e9cb-e66c-e25b-083a1222939f">
      <TestCategory>
        <TestCategoryItem TestCategory="WebService/Map" />
      </TestCategory>
      <Execution id="e5fd0c33-6ac6-4f9e-a2ef-b3d60cb71f2a" />
      <TestMethod codeBase="D:\actions-runner\_work\XPCO\XPCO\EventServer\Server\Components\Central\Server\unittest\bin\x64\Debug\VideoOS.Event.Server.UnitTest.dll" adapterTypeName="executor://mstestadapter/v2" className="VideoOS.Event.Server.WebService.Map.UnitTest.MapCommandToken2Test" name="TestGetAllObjectsOfTypeWithInvalidUser" />
    </UnitTest>
    <UnitTest name="TestOneACSystemPLDisabledOneACSystemPLUnsupportedButEnabled" storage="d:\actions-runner\_work\xpco\xpco\eventserver\server\components\central\server\unittest\bin\x64\debug\videoos.event.server.unittest.dll" id="56749be8-1610-c2e6-0951-c97ece9f35f3">
      <TestCategory>
        <TestCategoryItem TestCategory="AccessControlUserIdTransformer" />
      </TestCategory>
      <Execution id="64008e6e-c9f4-4e4c-b870-9b8e13e72229" />
      <TestMethod codeBase="D:\actions-runner\_work\XPCO\XPCO\EventServer\Server\Components\Central\Server\unittest\bin\x64\Debug\VideoOS.Event.Server.UnitTest.dll" adapterTypeName="executor://mstestadapter/v2" className="VideoOS.Event.Server.UnitTest.Session.AccessControlUserIdTransformerTest" name="TestOneACSystemPLDisabledOneACSystemPLUnsupportedButEnabled" />
    </UnitTest>
    <UnitTest name="TestCreateObjectsWithServerIDInVisualOwnerID" storage="d:\actions-runner\_work\xpco\xpco\eventserver\server\components\central\server\unittest\bin\x64\debug\videoos.event.server.unittest.dll" id="9bfbcb97-7393-3e97-5b90-41360d0c076f">
      <TestCategory>
        <TestCategoryItem TestCategory="WebService/Map" />
      </TestCategory>
      <Execution id="07dddd9d-90c8-4c7c-9486-0a798394d836" />
      <TestMethod codeBase="D:\actions-runner\_work\XPCO\XPCO\EventServer\Server\Components\Central\Server\unittest\bin\x64\Debug\VideoOS.Event.Server.UnitTest.dll" adapterTypeName="executor://mstestadapter/v2" className="VideoOS.Event.Server.WebService.Map.UnitTest.MapCommandTokenTest" name="TestCreateObjectsWithServerIDInVisualOwnerID" />
    </UnitTest>
    <UnitTest name="WebServiceCommandBaseTest_Constructor_Null" storage="d:\actions-runner\_work\xpco\xpco\eventserver\server\components\central\server\unittest\bin\x64\debug\videoos.event.server.unittest.dll" id="f10eac52-ea0d-ceed-393c-983a2a79629b">
      <Execution id="42e6fb11-86e7-428e-8b65-1417083a748c" />
      <TestMethod codeBase="D:\actions-runner\_work\XPCO\XPCO\EventServer\Server\Components\Central\Server\unittest\bin\x64\Debug\VideoOS.Event.Server.UnitTest.dll" adapterTypeName="executor://mstestadapter/v2" className="VideoOS.Event.Server.UnitTest.WebService.Action.WebServiceAdminCommandBaseTest" name="WebServiceCommandBaseTest_Constructor_Null" />
    </UnitTest>
    <UnitTest name="TestNewObject" storage="d:\actions-runner\_work\xpco\xpco\eventserver\server\components\central\server\unittest\bin\x64\debug\videoos.event.server.unittest.dll" id="e6575729-b3e6-600c-fa38-792f8b23bd68">
      <Execution id="abe09c03-6925-43e0-9100-9ea6b440580c" />
      <TestMethod codeBase="D:\actions-runner\_work\XPCO\XPCO\EventServer\Server\Components\Central\Server\unittest\bin\x64\Debug\VideoOS.Event.Server.UnitTest.dll" adapterTypeName="executor://mstestadapter/v2" className="VideoOS.Event.Server.Map.Data.UnitTest.VisualizationStateStorageFactoryTest" name="TestNewObject" />
    </UnitTest>
    <UnitTest name="Handle_ShouldFlattenStateAndPriorityValue_WhenValuesIncludeStatePriorityIntAndStatePriorityNameAndStatePriority" storage="d:\actions-runner\_work\xpco\xpco\eventserver\server\components\central\server\unittest\bin\x64\debug\videoos.event.server.unittest.dll" id="cdd91721-6e98-3da2-8a09-95d8fa7ad5e3">
      <Execution id="f728f53e-f6cd-42b2-86fd-3d8ac5125332" />
      <TestMethod codeBase="D:\actions-runner\_work\XPCO\XPCO\EventServer\Server\Components\Central\Server\unittest\bin\x64\Debug\VideoOS.Event.Server.UnitTest.dll" adapterTypeName="executor://mstestadapter/v2" className="VideoOS.Event.Server.UnitTest.Alarm.Processors.UpdateAlarms.UpdateAlarmCompositeValueHandlerTests" name="Handle_ShouldFlattenStateAndPriorityValue_WhenValuesIncludeStatePriorityIntAndStatePriorityNameAndStatePriority" />
    </UnitTest>
    <UnitTest name="TestGetItemStatusDetailsThrowsException" storage="d:\actions-runner\_work\xpco\xpco\eventserver\server\components\central\server\unittest\bin\x64\debug\videoos.event.server.unittest.dll" id="bc1745b6-ab04-d5dc-f9d7-e9d93ce022a5">
      <Execution id="b15ea83f-99b7-4407-b3af-a2c6f98d7262" />
      <TestMethod codeBase="D:\actions-runner\_work\XPCO\XPCO\EventServer\Server\Components\Central\Server\unittest\bin\x64\Debug\VideoOS.Event.Server.UnitTest.dll" adapterTypeName="executor://mstestadapter/v2" className="VideoOS.Event.Server.MIP.PlugIn.UnitTest.MapPlugInTypeEventHandlerTest" name="TestGetItemStatusDetailsThrowsException" />
    </UnitTest>
    <UnitTest name="FetchCache_ShouldThrowArgumentNullException_WhenUserIdIsNull" storage="d:\actions-runner\_work\xpco\xpco\eventserver\server\components\central\server\unittest\bin\x64\debug\videoos.event.server.unittest.dll" id="934eb40e-0cb9-2308-ec91-504d3c36e23a">
      <Execution id="2dd512f9-d2ed-4db5-84ad-e0229b5398e6" />
      <TestMethod codeBase="D:\actions-runner\_work\XPCO\XPCO\EventServer\Server\Components\Central\Server\unittest\bin\x64\Debug\VideoOS.Event.Server.UnitTest.dll" adapterTypeName="executor://mstestadapter/v2" className="VideoOS.EventServer.Security.Authorization.UnitTest.VMSItemAuthorizationTests" name="FetchCache_ShouldThrowArgumentNullException_WhenUserIdIsNull" />
    </UnitTest>
    <UnitTest name="TestLoadConfigurationWithRelationToDifferentServer" storage="d:\actions-runner\_work\xpco\xpco\eventserver\server\components\central\server\unittest\bin\x64\debug\videoos.event.server.unittest.dll" id="538d15af-d60d-120f-62fb-8e6efc0bc2dc">
      <Execution id="dd469dc2-fe2e-4526-8065-503ca237f5b3" />
      <TestMethod codeBase="D:\actions-runner\_work\XPCO\XPCO\EventServer\Server\Components\Central\Server\unittest\bin\x64\Debug\VideoOS.Event.Server.UnitTest.dll" adapterTypeName="executor://mstestadapter/v2" className="VideoOS.Event.Server.Map.UnitTest.VisualElementStorageDatabaseTest" name="TestLoadConfigurationWithRelationToDifferentServer" />
    </UnitTest>
    <UnitTest name="TestGetVisualizationChangesWithNegativeTimeout" storage="d:\actions-runner\_work\xpco\xpco\eventserver\server\components\central\server\unittest\bin\x64\debug\videoos.event.server.unittest.dll" id="d93362b3-8c38-1941-c800-0783eedde6f7">
      <Execution id="fb4ce709-11d8-4aae-aaef-bf715215d546" />
      <TestMethod codeBase="D:\actions-runner\_work\XPCO\XPCO\EventServer\Server\Components\Central\Server\unittest\bin\x64\Debug\VideoOS.Event.Server.UnitTest.dll" adapterTypeName="executor://mstestadapter/v2" className="VideoOS.Event.Server.WebService.Status.UnitTest.StatusCommandTokenTest" name="TestGetVisualizationChangesWithNegativeTimeout" />
    </UnitTest>
    <UnitTest name="EventConverter_ConvertBaseItemToBaseEvent_Unspecified_DateTime" storage="d:\actions-runner\_work\xpco\xpco\eventserver\server\components\central\server\unittest\bin\x64\debug\videoos.event.server.unittest.dll" id="a6f9bf28-954c-a169-d2e3-1df1e535b29e">
      <Execution id="43ea05a6-a4ce-4f0e-8d17-0ede56840068" />
      <TestMethod codeBase="D:\actions-runner\_work\XPCO\XPCO\EventServer\Server\Components\Central\Server\unittest\bin\x64\Debug\VideoOS.Event.Server.UnitTest.dll" adapterTypeName="executor://mstestadapter/v2" className="VideoOS.Event.Server.UnitTest.Utils.EventConverterTest" name="EventConverter_ConvertBaseItemToBaseEvent_Unspecified_DateTime" />
    </UnitTest>
    <UnitTest name="TestSetVisualizationThrowingUnhandledException" storage="d:\actions-runner\_work\xpco\xpco\eventserver\server\components\central\server\unittest\bin\x64\debug\videoos.event.server.unittest.dll" id="9d4db236-12e8-cf7b-7262-929355f12bd0">
      <Execution id="35a9b8e7-43ac-400a-9396-876fbceec9dd" />
      <TestMethod codeBase="D:\actions-runner\_work\XPCO\XPCO\EventServer\Server\Components\Central\Server\unittest\bin\x64\Debug\VideoOS.Event.Server.UnitTest.dll" adapterTypeName="executor://mstestadapter/v2" className="VideoOS.Event.Server.WebService.Status.UnitTest.StatusCommandTokenTest" name="TestSetVisualizationThrowingUnhandledException" />
    </UnitTest>
    <UnitTest name="TestUpdateStateWithUnknownCamera" storage="d:\actions-runner\_work\xpco\xpco\eventserver\server\components\central\server\unittest\bin\x64\debug\videoos.event.server.unittest.dll" id="7950372d-8564-c43b-1499-25c23a1e7c18">
      <Execution id="0fd52fb5-08bf-4da6-b854-300fbad12bfd" />
      <TestMethod codeBase="D:\actions-runner\_work\XPCO\XPCO\EventServer\Server\Components\Central\Server\unittest\bin\x64\Debug\VideoOS.Event.Server.UnitTest.dll" adapterTypeName="executor://mstestadapter/v2" className="VideoOS.Event.Server.Map.Data.UnitTest.StatusElementCameraTest" name="TestUpdateStateWithUnknownCamera" />
    </UnitTest>
    <UnitTest name="GetAllObjectIDsOnVisualElement_FilteringAllDifferentServerRelations" storage="d:\actions-runner\_work\xpco\xpco\eventserver\server\components\central\server\unittest\bin\x64\debug\videoos.event.server.unittest.dll" id="1f4655b3-aed4-b0e5-1094-5819057eec1a">
      <TestCategory>
        <TestCategoryItem TestCategory="WebService/Map" />
      </TestCategory>
      <Execution id="6576e266-778b-4540-853c-56442c87d0e2" />
      <TestMethod codeBase="D:\actions-runner\_work\XPCO\XPCO\EventServer\Server\Components\Central\Server\unittest\bin\x64\Debug\VideoOS.Event.Server.UnitTest.dll" adapterTypeName="executor://mstestadapter/v2" className="VideoOS.Event.Server.WebService.Map.UnitTest.MapCommandTokenTest" name="GetAllObjectIDsOnVisualElement_FilteringAllDifferentServerRelations" />
    </UnitTest>
    <UnitTest name="TestRemoveElementAndChildElementsNonRecursive" storage="d:\actions-runner\_work\xpco\xpco\eventserver\server\components\central\server\unittest\bin\x64\debug\videoos.event.server.unittest.dll" id="5a7ff7ff-6e2d-de39-c565-1246305502ff">
      <Execution id="c34bc859-8c55-4582-8e81-fc97456472c6" />
      <TestMethod codeBase="D:\actions-runner\_work\XPCO\XPCO\EventServer\Server\Components\Central\Server\unittest\bin\x64\Debug\VideoOS.Event.Server.UnitTest.dll" adapterTypeName="executor://mstestadapter/v2" className="VideoOS.Event.Server.Map.UnitTest.VisualElementManagerTest" name="TestRemoveElementAndChildElementsNonRecursive" />
    </UnitTest>
    <UnitTest name="TestInitalization" storage="d:\actions-runner\_work\xpco\xpco\eventserver\server\components\central\server\unittest\bin\x64\debug\videoos.event.server.unittest.dll" id="7d6993e3-5332-2d72-c5fa-04a2e45df77a">
      <Execution id="4c14170b-28c0-4e07-af69-472ac26011db" />
      <TestMethod codeBase="D:\actions-runner\_work\XPCO\XPCO\EventServer\Server\Components\Central\Server\unittest\bin\x64\Debug\VideoOS.Event.Server.UnitTest.dll" adapterTypeName="executor://mstestadapter/v2" className="VideoOS.Event.Server.MIP.PlugIn.UnitTest.MapPlugInEventHandlerTest" name="TestInitalization" />
    </UnitTest>
    <UnitTest name="TestIconWithNull" storage="d:\actions-runner\_work\xpco\xpco\eventserver\server\components\central\server\unittest\bin\x64\debug\videoos.event.server.unittest.dll" id="f58950ee-e6c3-81cd-8922-0a07966b4341">
      <Execution id="df7cf99d-16ae-4fd1-b5cb-5dbb6a268ca0" />
      <TestMethod codeBase="D:\actions-runner\_work\XPCO\XPCO\EventServer\Server\Components\Central\Server\unittest\bin\x64\Debug\VideoOS.Event.Server.UnitTest.dll" adapterTypeName="executor://mstestadapter/v2" className="VideoOS.Event.Server.MIP.PlugIn.UnitTest.MapPlugInEventHandlerTest" name="TestIconWithNull" />
    </UnitTest>
    <UnitTest name="TestGetPlugInsWithEmptyList" storage="d:\actions-runner\_work\xpco\xpco\eventserver\server\components\central\server\unittest\bin\x64\debug\videoos.event.server.unittest.dll" id="c9faf224-a0ec-ef88-2f10-44b1fbb47a0c">
      <TestCategory>
        <TestCategoryItem TestCategory="MapPlugInManagerTest" />
      </TestCategory>
      <Execution id="df49a216-22ec-42cc-8ae5-442dd3da7f37" />
      <TestMethod codeBase="D:\actions-runner\_work\XPCO\XPCO\EventServer\Server\Components\Central\Server\unittest\bin\x64\Debug\VideoOS.Event.Server.UnitTest.dll" adapterTypeName="executor://mstestadapter/v2" className="VideoOS.Event.Server.MIP.PlugIn.UnitTest.MapPlugInManagerTest" name="TestGetPlugInsWithEmptyList" />
    </UnitTest>
    <UnitTest name="TestGetPlugInItemChangesThrowingUnhandledException" storage="d:\actions-runner\_work\xpco\xpco\eventserver\server\components\central\server\unittest\bin\x64\debug\videoos.event.server.unittest.dll" id="fd87e8bf-a3f1-615f-638a-3909aaf07ae4">
      <TestCategory>
        <TestCategoryItem TestCategory="WebService/Map" />
      </TestCategory>
      <Execution id="03bc45d9-cabd-4e1a-92da-c690ac3b0ad0" />
      <TestMethod codeBase="D:\actions-runner\_work\XPCO\XPCO\EventServer\Server\Components\Central\Server\unittest\bin\x64\Debug\VideoOS.Event.Server.UnitTest.dll" adapterTypeName="executor://mstestadapter/v2" className="VideoOS.Event.Server.WebService.Map.UnitTest.MapCommandTokenTest" name="TestGetPlugInItemChangesThrowingUnhandledException" />
    </UnitTest>
    <UnitTest name="TestGetStatistics" storage="d:\actions-runner\_work\xpco\xpco\eventserver\server\components\central\server\unittest\bin\x64\debug\videoos.event.server.unittest.dll" id="ece6411b-94b9-4bfb-061f-a3a9c5698468">
      <Execution id="3aca77d2-ae28-4069-a3a2-8f092e29d445" />
      <TestMethod codeBase="D:\actions-runner\_work\XPCO\XPCO\EventServer\Server\Components\Central\Server\unittest\bin\x64\Debug\VideoOS.Event.Server.UnitTest.dll" adapterTypeName="executor://mstestadapter/v2" className="VideoOS.Event.Server.WebService.Alarm.UnitTest.AlarmCommandTokenTest" name="TestGetStatistics" />
    </UnitTest>
    <UnitTest name="TestSingleSessionSingleUserId" storage="d:\actions-runner\_work\xpco\xpco\eventserver\server\components\central\server\unittest\bin\x64\debug\videoos.event.server.unittest.dll" id="a00b19c4-5cad-b60e-0009-ec4096ffeb28">
      <TestCategory>
        <TestCategoryItem TestCategory="SessionCache" />
      </TestCategory>
      <Execution id="97625730-be76-4a9b-822f-c347bfc77048" />
      <TestMethod codeBase="D:\actions-runner\_work\XPCO\XPCO\EventServer\Server\Components\Central\Server\unittest\bin\x64\Debug\VideoOS.Event.Server.UnitTest.dll" adapterTypeName="executor://mstestadapter/v2" className="VideoOS.Event.Server.UnitTest.Session.SessionCacheTest" name="TestSingleSessionSingleUserId" />
    </UnitTest>
    <UnitTest name="TestUpdateElementNameWithValidParameters" storage="d:\actions-runner\_work\xpco\xpco\eventserver\server\components\central\server\unittest\bin\x64\debug\videoos.event.server.unittest.dll" id="c25dab52-b84d-fe76-307f-8007fa791e96">
      <Execution id="b30774d2-4764-4904-9d52-c74b3137f5c7" />
      <TestMethod codeBase="D:\actions-runner\_work\XPCO\XPCO\EventServer\Server\Components\Central\Server\unittest\bin\x64\Debug\VideoOS.Event.Server.UnitTest.dll" adapterTypeName="executor://mstestadapter/v2" className="VideoOS.Event.Server.Map.UnitTest.VisualElementManagerTest" name="TestUpdateElementNameWithValidParameters" />
    </UnitTest>
    <UnitTest name="TestUpdateElementWithCyclicRelationInSubMap" storage="d:\actions-runner\_work\xpco\xpco\eventserver\server\components\central\server\unittest\bin\x64\debug\videoos.event.server.unittest.dll" id="33cdaae4-b39f-20fc-ed2e-414f29b7d798">
      <Execution id="c3a64aa1-721c-4105-8005-f43367fd8918" />
      <TestMethod codeBase="D:\actions-runner\_work\XPCO\XPCO\EventServer\Server\Components\Central\Server\unittest\bin\x64\Debug\VideoOS.Event.Server.UnitTest.dll" adapterTypeName="executor://mstestadapter/v2" className="VideoOS.Event.Server.Map.UnitTest.VisualElementManagerTest" name="TestUpdateElementWithCyclicRelationInSubMap" />
    </UnitTest>
    <UnitTest name="TestGetItemStatusDetailsWithNullData" storage="d:\actions-runner\_work\xpco\xpco\eventserver\server\components\central\server\unittest\bin\x64\debug\videoos.event.server.unittest.dll" id="0d6a570a-2927-2321-e584-f1b09cfcdd34">
      <Execution id="d6fe83aa-eb1f-4b10-91a4-70e584111ddd" />
      <TestMethod codeBase="D:\actions-runner\_work\XPCO\XPCO\EventServer\Server\Components\Central\Server\unittest\bin\x64\Debug\VideoOS.Event.Server.UnitTest.dll" adapterTypeName="executor://mstestadapter/v2" className="VideoOS.Event.Server.MIP.PlugIn.UnitTest.MapPlugInTypeEventHandlerTest" name="TestGetItemStatusDetailsWithNullData" />
    </UnitTest>
    <UnitTest name="EventConverter_ParseMetadata_Metadata_Unsupported_XmlValue" storage="d:\actions-runner\_work\xpco\xpco\eventserver\server\components\central\server\unittest\bin\x64\debug\videoos.event.server.unittest.dll" id="38dee21e-d1a8-cfd7-5570-f5f869cf091b">
      <Execution id="9a81abb1-5ad5-438d-970e-497e3c686af3" />
      <TestMethod codeBase="D:\actions-runner\_work\XPCO\XPCO\EventServer\Server\Components\Central\Server\unittest\bin\x64\Debug\VideoOS.Event.Server.UnitTest.dll" adapterTypeName="executor://mstestadapter/v2" className="VideoOS.Event.Server.UnitTest.Utils.EventConverterTest" name="EventConverter_ParseMetadata_Metadata_Unsupported_XmlValue" />
    </UnitTest>
    <UnitTest name="TestGetItemOperationalState" storage="d:\actions-runner\_work\xpco\xpco\eventserver\server\components\central\server\unittest\bin\x64\debug\videoos.event.server.unittest.dll" id="93458f80-3775-2ddd-10f2-12013507a32b">
      <Execution id="899d351f-f5c5-401f-b326-dff358dd0c7a" />
      <TestMethod codeBase="D:\actions-runner\_work\XPCO\XPCO\EventServer\Server\Components\Central\Server\unittest\bin\x64\Debug\VideoOS.Event.Server.UnitTest.dll" adapterTypeName="executor://mstestadapter/v2" className="VideoOS.Event.Server.MIP.PlugIn.UnitTest.MapPlugInTypeEventHandlerTest" name="TestGetItemOperationalState" />
    </UnitTest>
    <UnitTest name="TestUpdateStateWithUnknownElement" storage="d:\actions-runner\_work\xpco\xpco\eventserver\server\components\central\server\unittest\bin\x64\debug\videoos.event.server.unittest.dll" id="3ca1982b-2ea7-5d94-db54-ade5cd0ce4d1">
      <Execution id="557bad7b-5b8e-4651-bfeb-d2cf1a92dbd8" />
      <TestMethod codeBase="D:\actions-runner\_work\XPCO\XPCO\EventServer\Server\Components\Central\Server\unittest\bin\x64\Debug\VideoOS.Event.Server.UnitTest.dll" adapterTypeName="executor://mstestadapter/v2" className="VideoOS.Event.Server.Map.Data.UnitTest.StatusElementForeignTest" name="TestUpdateStateWithUnknownElement" />
    </UnitTest>
    <UnitTest name="TestStartWithSeveralConfigHosts" storage="d:\actions-runner\_work\xpco\xpco\eventserver\server\components\central\server\unittest\bin\x64\debug\videoos.event.server.unittest.dll" id="4b7e6207-7e08-33d7-a4a6-3c9c1c4bd46b">
      <TestCategory>
        <TestCategoryItem TestCategory="PermissionManagerFetcher" />
      </TestCategory>
      <Execution id="b00a3475-e395-4ca9-be65-67550c997211" />
      <TestMethod codeBase="D:\actions-runner\_work\XPCO\XPCO\EventServer\Server\Components\Central\Server\unittest\bin\x64\Debug\VideoOS.Event.Server.UnitTest.dll" adapterTypeName="executor://mstestadapter/v2" className="VideoOS.Event.Server.UnitTest.Security.PermissionFetcherTest" name="TestStartWithSeveralConfigHosts" />
    </UnitTest>
    <UnitTest name="TestConstructor" storage="d:\actions-runner\_work\xpco\xpco\eventserver\server\components\central\server\unittest\bin\x64\debug\videoos.event.server.unittest.dll" id="e9d27e2e-2c56-404a-f7e1-fe6ab11b477b">
      <TestCategory>
        <TestCategoryItem TestCategory="PermissionManagerFetcher" />
      </TestCategory>
      <Execution id="ec749630-39af-4b5d-ac92-66676ad27582" />
      <TestMethod codeBase="D:\actions-runner\_work\XPCO\XPCO\EventServer\Server\Components\Central\Server\unittest\bin\x64\Debug\VideoOS.Event.Server.UnitTest.dll" adapterTypeName="executor://mstestadapter/v2" className="VideoOS.Event.Server.UnitTest.Security.AuthorizationFetcher.ItemAuthorizationFetcherFactoryTest" name="TestConstructor" />
    </UnitTest>
    <UnitTest name="TestSetVisualizationWithInvalidUser" storage="d:\actions-runner\_work\xpco\xpco\eventserver\server\components\central\server\unittest\bin\x64\debug\videoos.event.server.unittest.dll" id="e958c267-d2e7-8fc0-2571-f4f00000f195">
      <Execution id="6409d6af-f641-49b2-9d82-b615a69ad5e9" />
      <TestMethod codeBase="D:\actions-runner\_work\XPCO\XPCO\EventServer\Server\Components\Central\Server\unittest\bin\x64\Debug\VideoOS.Event.Server.UnitTest.dll" adapterTypeName="executor://mstestadapter/v2" className="VideoOS.Event.Server.WebService.Status.UnitTest.StatusCommandTokenTest" name="TestSetVisualizationWithInvalidUser" />
    </UnitTest>
    <UnitTest name="CheckAccess_ForMultipleDevices_ShouldThrowException_WhenUserIsUnknown" storage="d:\actions-runner\_work\xpco\xpco\eventserver\server\components\central\server\unittest\bin\x64\debug\videoos.event.server.unittest.dll" id="bb955b4c-70f1-890c-af10-28162d4f952c">
      <Execution id="c3ec3b6e-0165-40cd-b4fb-11aacc3930ff" />
      <TestMethod codeBase="D:\actions-runner\_work\XPCO\XPCO\EventServer\Server\Components\Central\Server\unittest\bin\x64\Debug\VideoOS.Event.Server.UnitTest.dll" adapterTypeName="executor://mstestadapter/v2" className="VideoOS.Event.Server.Security.UnitTest.SecurityCommunicationDBTest" name="CheckAccess_ForMultipleDevices_ShouldThrowException_WhenUserIsUnknown" />
    </UnitTest>
    <UnitTest name="GetStatus_ThrowsFaultException_WhenUserValidationFails" storage="d:\actions-runner\_work\xpco\xpco\eventserver\server\components\central\server\unittest\bin\x64\debug\videoos.event.server.unittest.dll" id="7604453c-7278-1d28-6624-d0650c0f7a8a">
      <TestCategory>
        <TestCategoryItem TestCategory="WebService" />
      </TestCategory>
      <Execution id="ba997e94-d16b-463f-89f5-f66385966e02" />
      <TestMethod codeBase="D:\actions-runner\_work\XPCO\XPCO\EventServer\Server\Components\Central\Server\unittest\bin\x64\Debug\VideoOS.Event.Server.UnitTest.dll" adapterTypeName="executor://mstestadapter/v2" className="VideoOS.Event.Server.WebService.InterCommunication.UnitTest.InterCommunicationCommandTest" name="GetStatus_ThrowsFaultException_WhenUserValidationFails" />
    </UnitTest>
    <UnitTest name="TestGetAlarmHistory" storage="d:\actions-runner\_work\xpco\xpco\eventserver\server\components\central\server\unittest\bin\x64\debug\videoos.event.server.unittest.dll" id="def9d54b-92fa-33f4-14ab-9ec05765d89f">
      <Execution id="715168ca-c4a0-4d01-8a02-ef8243bce19f" />
      <TestMethod codeBase="D:\actions-runner\_work\XPCO\XPCO\EventServer\Server\Components\Central\Server\unittest\bin\x64\Debug\VideoOS.Event.Server.UnitTest.dll" adapterTypeName="executor://mstestadapter/v2" className="VideoOS.Event.Server.WebService.Alarm.UnitTest.AlarmCommandTokenTest" name="TestGetAlarmHistory" />
    </UnitTest>
    <UnitTest name="DeleteObject_WithValidParameters" storage="d:\actions-runner\_work\xpco\xpco\eventserver\server\components\central\server\unittest\bin\x64\debug\videoos.event.server.unittest.dll" id="73753696-2533-9426-cb28-017c160d36af">
      <TestCategory>
        <TestCategoryItem TestCategory="WebService/Map" />
      </TestCategory>
      <Execution id="93f027b0-8b4f-43c1-bd15-4fdc2bc9643b" />
      <TestMethod codeBase="D:\actions-runner\_work\XPCO\XPCO\EventServer\Server\Components\Central\Server\unittest\bin\x64\Debug\VideoOS.Event.Server.UnitTest.dll" adapterTypeName="executor://mstestadapter/v2" className="VideoOS.Event.Server.WebService.Map.UnitTest.MapCommandTokenTest" name="DeleteObject_WithValidParameters" />
    </UnitTest>
    <UnitTest name="TestGetProperties" storage="d:\actions-runner\_work\xpco\xpco\eventserver\server\components\central\server\unittest\bin\x64\debug\videoos.event.server.unittest.dll" id="b8289cb1-7e5f-64cb-d1b0-4dd9582e9145">
      <Execution id="b5846aac-ef23-4869-9d96-20b016c89632" />
      <TestMethod codeBase="D:\actions-runner\_work\XPCO\XPCO\EventServer\Server\Components\Central\Server\unittest\bin\x64\Debug\VideoOS.Event.Server.UnitTest.dll" adapterTypeName="executor://mstestadapter/v2" className="VideoOS.Event.Server.Map.UnitTest.VisualElementStorageDatabaseTest" name="TestGetProperties" />
    </UnitTest>
    <UnitTest name="TestGetStatusForAllObjectsOfTypeWithMultipleTrees" storage="d:\actions-runner\_work\xpco\xpco\eventserver\server\components\central\server\unittest\bin\x64\debug\videoos.event.server.unittest.dll" id="5a8843a4-1b08-532d-9241-acaa715de5b3">
      <Execution id="c8fac740-2fbe-43a6-81d1-8a18d9b7db05" />
      <TestMethod codeBase="D:\actions-runner\_work\XPCO\XPCO\EventServer\Server\Components\Central\Server\unittest\bin\x64\Debug\VideoOS.Event.Server.UnitTest.dll" adapterTypeName="executor://mstestadapter/v2" className="VideoOS.Event.Server.Map.UnitTest.VisualElementStatusCalculatorTest" name="TestGetStatusForAllObjectsOfTypeWithMultipleTrees" />
    </UnitTest>
    <UnitTest name="TestGetIconDataThrowingUnhandledException" storage="d:\actions-runner\_work\xpco\xpco\eventserver\server\components\central\server\unittest\bin\x64\debug\videoos.event.server.unittest.dll" id="8abea1fb-283d-af2d-c3b8-2ae185aa87f2">
      <TestCategory>
        <TestCategoryItem TestCategory="WebService/Map" />
      </TestCategory>
      <Execution id="2a7e5121-4fc8-4722-85ad-8b4acddb8c60" />
      <TestMethod codeBase="D:\actions-runner\_work\XPCO\XPCO\EventServer\Server\Components\Central\Server\unittest\bin\x64\Debug\VideoOS.Event.Server.UnitTest.dll" adapterTypeName="executor://mstestadapter/v2" className="VideoOS.Event.Server.WebService.Map.UnitTest.MapCommandTokenTest" name="TestGetIconDataThrowingUnhandledException" />
    </UnitTest>
    <UnitTest name="Encrypt_ShouldRaiseArgumentNullException_WhenUnencryptedValueIsNull" storage="d:\actions-runner\_work\xpco\xpco\eventserver\server\components\central\server\unittest\bin\x64\debug\videoos.event.server.unittest.dll" id="e189c542-bfd9-e0c5-f53f-47ea5e2b3951">
      <TestCategory>
        <TestCategoryItem TestCategory="Security" />
      </TestCategory>
      <Execution id="b3ca5c2e-0463-4d4c-8efa-e1d0e3fe3bec" />
      <TestMethod codeBase="D:\actions-runner\_work\XPCO\XPCO\EventServer\Server\Components\Central\Server\unittest\bin\x64\Debug\VideoOS.Event.Server.UnitTest.dll" adapterTypeName="executor://mstestadapter/v2" className="VideoOS.Event.Server.UnitTest.Security.EncryptionServiceTest" name="Encrypt_ShouldRaiseArgumentNullException_WhenUnencryptedValueIsNull" />
    </UnitTest>
    <UnitTest name="TestTypeIDWithNoMapPlugInType" storage="d:\actions-runner\_work\xpco\xpco\eventserver\server\components\central\server\unittest\bin\x64\debug\videoos.event.server.unittest.dll" id="3021f3ce-39a9-063c-5890-28208b88f4b4">
      <Execution id="60675c31-e6fd-4302-a958-ef82437ddcaa" />
      <TestMethod codeBase="D:\actions-runner\_work\XPCO\XPCO\EventServer\Server\Components\Central\Server\unittest\bin\x64\Debug\VideoOS.Event.Server.UnitTest.dll" adapterTypeName="executor://mstestadapter/v2" className="VideoOS.Event.Server.MIP.PlugIn.UnitTest.MapPlugInTypeEventHandlerTest" name="TestTypeIDWithNoMapPlugInType" />
    </UnitTest>
    <UnitTest name="GetData_ReturnsAccessControlData_WhenAccessControlEvent" storage="d:\actions-runner\_work\xpco\xpco\eventserver\server\components\central\server\unittest\bin\x64\debug\videoos.event.server.unittest.dll" id="e2ee6963-65a5-363e-7d56-a973ec371926">
      <Execution id="928f8d32-468d-434d-98f5-ad2a72e21ca7" />
      <TestMethod codeBase="D:\actions-runner\_work\XPCO\XPCO\EventServer\Server\Components\Central\Server\unittest\bin\x64\Debug\VideoOS.Event.Server.UnitTest.dll" adapterTypeName="executor://mstestadapter/v2" className="VideoOS.Event.Server.UnitTest.Event.MapperEventDataProviderTest" name="GetData_ReturnsAccessControlData_WhenAccessControlEvent" />
    </UnitTest>
    <UnitTest name="TestGetVisualization" storage="d:\actions-runner\_work\xpco\xpco\eventserver\server\components\central\server\unittest\bin\x64\debug\videoos.event.server.unittest.dll" id="a8fd67e6-c2f7-59ce-5a9b-76c86da6af8a">
      <Execution id="9a0cf17e-078c-4538-b3ca-f79d8eb3a467" />
      <TestMethod codeBase="D:\actions-runner\_work\XPCO\XPCO\EventServer\Server\Components\Central\Server\unittest\bin\x64\Debug\VideoOS.Event.Server.UnitTest.dll" adapterTypeName="executor://mstestadapter/v2" className="VideoOS.Event.Server.WebService.Status.UnitTest.StatusCommandToken2Test" name="TestGetVisualization" />
    </UnitTest>
    <UnitTest name="TestRemoveElementWithServerIdPointingToADifferentServer" storage="d:\actions-runner\_work\xpco\xpco\eventserver\server\components\central\server\unittest\bin\x64\debug\videoos.event.server.unittest.dll" id="baaab09b-6eca-5e98-86f6-dac293760416">
      <Execution id="d99fff71-8de8-434e-9d44-1ff40f29e05b" />
      <TestMethod codeBase="D:\actions-runner\_work\XPCO\XPCO\EventServer\Server\Components\Central\Server\unittest\bin\x64\Debug\VideoOS.Event.Server.UnitTest.dll" adapterTypeName="executor://mstestadapter/v2" className="VideoOS.Event.Server.Map.UnitTest.VisualElementManagerTest" name="TestRemoveElementWithServerIdPointingToADifferentServer" />
    </UnitTest>
    <UnitTest name="TestValidateWithIncorrectUserTypeUnknownIdentityType" storage="d:\actions-runner\_work\xpco\xpco\eventserver\server\components\central\server\unittest\bin\x64\debug\videoos.event.server.unittest.dll" id="d316698a-5791-6b44-a6a4-aac621873402">
      <Execution id="0d532d9a-75c2-4681-9aea-88610496cca7" />
      <TestMethod codeBase="D:\actions-runner\_work\XPCO\XPCO\EventServer\Server\Components\Central\Server\unittest\bin\x64\Debug\VideoOS.Event.Server.UnitTest.dll" adapterTypeName="executor://mstestadapter/v2" className="VideoOS.EventServer.UnitTest.UserValidation.AccessControlCredentialValidationTest" name="TestValidateWithIncorrectUserTypeUnknownIdentityType" />
    </UnitTest>
    <UnitTest name="TestGetObjectNotAuthenticated" storage="d:\actions-runner\_work\xpco\xpco\eventserver\server\components\central\server\unittest\bin\x64\debug\videoos.event.server.unittest.dll" id="2c31726a-4faa-5736-d168-0f50b1e86978">
      <TestCategory>
        <TestCategoryItem TestCategory="WebService/Map" />
      </TestCategory>
      <Execution id="33c54b25-8bb2-4407-aba3-fb233527133d" />
      <TestMethod codeBase="D:\actions-runner\_work\XPCO\XPCO\EventServer\Server\Components\Central\Server\unittest\bin\x64\Debug\VideoOS.Event.Server.UnitTest.dll" adapterTypeName="executor://mstestadapter/v2" className="VideoOS.Event.Server.WebService.Map.UnitTest.MapCommandCredentialsTest" name="TestGetObjectNotAuthenticated" />
    </UnitTest>
    <UnitTest name="TestAddUserAfterConfigHostAdded" storage="d:\actions-runner\_work\xpco\xpco\eventserver\server\components\central\server\unittest\bin\x64\debug\videoos.event.server.unittest.dll" id="fbfea2c3-4942-2b1b-7392-35cb54fb0985">
      <TestCategory>
        <TestCategoryItem TestCategory="PermissionManagerFetcher" />
      </TestCategory>
      <Execution id="4e93cfd0-a23b-4172-bb45-ff007f3c75af" />
      <TestMethod codeBase="D:\actions-runner\_work\XPCO\XPCO\EventServer\Server\Components\Central\Server\unittest\bin\x64\Debug\VideoOS.Event.Server.UnitTest.dll" adapterTypeName="executor://mstestadapter/v2" className="VideoOS.Event.Server.UnitTest.Security.PermissionFetcherTest" name="TestAddUserAfterConfigHostAdded" />
    </UnitTest>
    <UnitTest name="TestInsertElementWithUsedRelationId" storage="d:\actions-runner\_work\xpco\xpco\eventserver\server\components\central\server\unittest\bin\x64\debug\videoos.event.server.unittest.dll" id="e70f92fc-f1d3-cec4-b7e4-b0ff367f2fb1">
      <Execution id="260b0dc3-521b-4b43-bbc7-575ba7fb83d0" />
      <TestMethod codeBase="D:\actions-runner\_work\XPCO\XPCO\EventServer\Server\Components\Central\Server\unittest\bin\x64\Debug\VideoOS.Event.Server.UnitTest.dll" adapterTypeName="executor://mstestadapter/v2" className="VideoOS.Event.Server.Map.UnitTest.VisualElementManagerTest" name="TestInsertElementWithUsedRelationId" />
    </UnitTest>
    <UnitTest name="TestSetVisualization" storage="d:\actions-runner\_work\xpco\xpco\eventserver\server\components\central\server\unittest\bin\x64\debug\videoos.event.server.unittest.dll" id="ef7cf599-7d95-fc05-72c3-321993c498c1">
      <Execution id="ea6be5d2-7d3e-4598-bcce-b78e981c2e85" />
      <TestMethod codeBase="D:\actions-runner\_work\XPCO\XPCO\EventServer\Server\Components\Central\Server\unittest\bin\x64\Debug\VideoOS.Event.Server.UnitTest.dll" adapterTypeName="executor://mstestadapter/v2" className="VideoOS.Event.Server.WebService.Status.UnitTest.StatusCommandToken2Test" name="TestSetVisualization" />
    </UnitTest>
    <UnitTest name="TestRemoveElementInCylicTreeAndFindCorrecRoot" storage="d:\actions-runner\_work\xpco\xpco\eventserver\server\components\central\server\unittest\bin\x64\debug\videoos.event.server.unittest.dll" id="d2786c03-a5df-3be9-c79c-b2954f993da4">
      <Execution id="ddfa6528-8942-41a8-b92f-342c7fc97bba" />
      <TestMethod codeBase="D:\actions-runner\_work\XPCO\XPCO\EventServer\Server\Components\Central\Server\unittest\bin\x64\Debug\VideoOS.Event.Server.UnitTest.dll" adapterTypeName="executor://mstestadapter/v2" className="VideoOS.Event.Server.Map.UnitTest.VisualElementManagerTest" name="TestRemoveElementInCylicTreeAndFindCorrecRoot" />
    </UnitTest>
    <UnitTest name="TestDeleteObjectAndChildObjectsWithValidParameters" storage="d:\actions-runner\_work\xpco\xpco\eventserver\server\components\central\server\unittest\bin\x64\debug\videoos.event.server.unittest.dll" id="a76e2dc6-ff7b-3171-d211-7b82037560b6">
      <TestCategory>
        <TestCategoryItem TestCategory="WebService/Map" />
      </TestCategory>
      <Execution id="b25765a0-7f5f-457b-ae0b-959f474cb5cd" />
      <TestMethod codeBase="D:\actions-runner\_work\XPCO\XPCO\EventServer\Server\Components\Central\Server\unittest\bin\x64\Debug\VideoOS.Event.Server.UnitTest.dll" adapterTypeName="executor://mstestadapter/v2" className="VideoOS.Event.Server.WebService.Map.UnitTest.MapCommandCredentialsTest" name="TestDeleteObjectAndChildObjectsWithValidParameters" />
    </UnitTest>
    <UnitTest name="TestUpdateStateWithAuthentication" storage="d:\actions-runner\_work\xpco\xpco\eventserver\server\components\central\server\unittest\bin\x64\debug\videoos.event.server.unittest.dll" id="d71c0ca9-13c6-627c-b94a-f4654b08b416">
      <Execution id="9898be9f-c66d-4f74-a115-c54db9a9b630" />
      <TestMethod codeBase="D:\actions-runner\_work\XPCO\XPCO\EventServer\Server\Components\Central\Server\unittest\bin\x64\Debug\VideoOS.Event.Server.UnitTest.dll" adapterTypeName="executor://mstestadapter/v2" className="VideoOS.Event.Server.Map.Data.UnitTest.StatusElementServerTest" name="TestUpdateStateWithAuthentication" />
    </UnitTest>
    <UnitTest name="WebServiceCommandBaseTest_ValidateUserId" storage="d:\actions-runner\_work\xpco\xpco\eventserver\server\components\central\server\unittest\bin\x64\debug\videoos.event.server.unittest.dll" id="fc0cc794-4fc9-7c17-588f-d7d9b4039cbc">
      <Execution id="6236245f-e5d4-4c5e-a8e8-b3b23278f746" />
      <TestMethod codeBase="D:\actions-runner\_work\XPCO\XPCO\EventServer\Server\Components\Central\Server\unittest\bin\x64\Debug\VideoOS.Event.Server.UnitTest.dll" adapterTypeName="executor://mstestadapter/v2" className="VideoOS.Event.Server.UnitTest.WebService.Action.WebServiceAdminCommandBaseTest" name="WebServiceCommandBaseTest_ValidateUserId" />
    </UnitTest>
    <UnitTest name="TestSetVisualizationNotAuthenticated" storage="d:\actions-runner\_work\xpco\xpco\eventserver\server\components\central\server\unittest\bin\x64\debug\videoos.event.server.unittest.dll" id="1d2192d4-d15d-69d2-7e4c-7b28b433796d">
      <Execution id="f176486f-8b7c-4475-9b5e-6f16a482d1c1" />
      <TestMethod codeBase="D:\actions-runner\_work\XPCO\XPCO\EventServer\Server\Components\Central\Server\unittest\bin\x64\Debug\VideoOS.Event.Server.UnitTest.dll" adapterTypeName="executor://mstestadapter/v2" className="VideoOS.Event.Server.WebService.Status.UnitTest.StatusCommandCredentialsTest" name="TestSetVisualizationNotAuthenticated" />
    </UnitTest>
    <UnitTest name="TestProperties" storage="d:\actions-runner\_work\xpco\xpco\eventserver\server\components\central\server\unittest\bin\x64\debug\videoos.event.server.unittest.dll" id="39827c9d-0a3a-6549-39f1-5086a67e0ad2">
      <Execution id="4ba27906-36dc-4c4f-aac1-72f0743be98d" />
      <TestMethod codeBase="D:\actions-runner\_work\XPCO\XPCO\EventServer\Server\Components\Central\Server\unittest\bin\x64\Debug\VideoOS.Event.Server.UnitTest.dll" adapterTypeName="executor://mstestadapter/v2" className="VideoOS.Event.Server.Communication.Data.UnitTest.EngineInfoTest" name="TestProperties" />
    </UnitTest>
    <UnitTest name="TestGet" storage="d:\actions-runner\_work\xpco\xpco\eventserver\server\components\central\server\unittest\bin\x64\debug\videoos.event.server.unittest.dll" id="d8f8eb56-2b15-eb7e-8712-bb04521f6286">
      <Execution id="81eae540-530a-415a-86cc-9780b0be419d" />
      <TestMethod codeBase="D:\actions-runner\_work\XPCO\XPCO\EventServer\Server\Components\Central\Server\unittest\bin\x64\Debug\VideoOS.Event.Server.UnitTest.dll" adapterTypeName="executor://mstestadapter/v2" className="VideoOS.Event.Server.WebService.Alarm.UnitTest.AlarmCommandTokenTest" name="TestGet" />
    </UnitTest>
    <UnitTest name="TestGetXmlWithNullData" storage="d:\actions-runner\_work\xpco\xpco\eventserver\server\components\central\server\unittest\bin\x64\debug\videoos.event.server.unittest.dll" id="8eb6fb87-99ba-1360-e0aa-c090c9e0ad00">
      <Execution id="68a43b54-af33-458d-b90c-1a7ab5c45a8f" />
      <TestMethod codeBase="D:\actions-runner\_work\XPCO\XPCO\EventServer\Server\Components\Central\Server\unittest\bin\x64\Debug\VideoOS.Event.Server.UnitTest.dll" adapterTypeName="executor://mstestadapter/v2" className="VideoOS.Event.Server.Map.UnitTest.VisualElementStatusCalculatorTest" name="TestGetXmlWithNullData" />
    </UnitTest>
    <UnitTest name="TestConstructor" storage="d:\actions-runner\_work\xpco\xpco\eventserver\server\components\central\server\unittest\bin\x64\debug\videoos.event.server.unittest.dll" id="656e298d-2d36-cfe0-be8f-80e929d07c74">
      <Execution id="d6f6eade-aead-4098-863c-db5971b02489" />
      <TestMethod codeBase="D:\actions-runner\_work\XPCO\XPCO\EventServer\Server\Components\Central\Server\unittest\bin\x64\Debug\VideoOS.Event.Server.UnitTest.dll" adapterTypeName="executor://mstestadapter/v2" className="VideoOS.Event.Server.Communication.Data.UnitTest.EngineInfoTest" name="TestConstructor" />
    </UnitTest>
    <UnitTest name="TestItemAddedWithNullValue" storage="d:\actions-runner\_work\xpco\xpco\eventserver\server\components\central\server\unittest\bin\x64\debug\videoos.event.server.unittest.dll" id="5f2caf5e-eee3-03b0-3c1f-126ec31da375">
      <Execution id="25fff6ba-aef9-4316-ad1e-b819c25413ce" />
      <TestMethod codeBase="D:\actions-runner\_work\XPCO\XPCO\EventServer\Server\Components\Central\Server\unittest\bin\x64\Debug\VideoOS.Event.Server.UnitTest.dll" adapterTypeName="executor://mstestadapter/v2" className="VideoOS.Event.Server.MIP.PlugIn.UnitTest.MapPlugInTypeEventHandlerTest" name="TestItemAddedWithNullValue" />
    </UnitTest>
    <UnitTest name="GetVisualElementChanges_WithZeroTimeout" storage="d:\actions-runner\_work\xpco\xpco\eventserver\server\components\central\server\unittest\bin\x64\debug\videoos.event.server.unittest.dll" id="4ac1bc51-5ce4-d59f-f7f4-70be4d49e2cc">
      <TestCategory>
        <TestCategoryItem TestCategory="WebService/Map" />
      </TestCategory>
      <Execution id="15709715-a62f-43ce-9ae0-b8a51cc49669" />
      <TestMethod codeBase="D:\actions-runner\_work\XPCO\XPCO\EventServer\Server\Components\Central\Server\unittest\bin\x64\Debug\VideoOS.Event.Server.UnitTest.dll" adapterTypeName="executor://mstestadapter/v2" className="VideoOS.Event.Server.WebService.Map.UnitTest.MapCommandTokenTest" name="GetVisualElementChanges_WithZeroTimeout" />
    </UnitTest>
    <UnitTest name="TestCreateObjectsNotAuthenticated" storage="d:\actions-runner\_work\xpco\xpco\eventserver\server\components\central\server\unittest\bin\x64\debug\videoos.event.server.unittest.dll" id="28c920d3-d830-b6bf-033e-73fe208d66d5">
      <TestCategory>
        <TestCategoryItem TestCategory="WebService/Map" />
      </TestCategory>
      <Execution id="10da9c39-d0ae-4480-9e11-bf7f4f1a84b1" />
      <TestMethod codeBase="D:\actions-runner\_work\XPCO\XPCO\EventServer\Server\Components\Central\Server\unittest\bin\x64\Debug\VideoOS.Event.Server.UnitTest.dll" adapterTypeName="executor://mstestadapter/v2" className="VideoOS.Event.Server.WebService.Map.UnitTest.MapCommandCredentialsTest" name="TestCreateObjectsNotAuthenticated" />
    </UnitTest>
    <UnitTest name="TestLoadXMLWithNoParametersCorrect" storage="d:\actions-runner\_work\xpco\xpco\eventserver\server\components\central\server\unittest\bin\x64\debug\videoos.event.server.unittest.dll" id="777ff963-3277-f319-2838-bef13d2153a1">
      <Execution id="3914092b-c511-4e3a-976f-06ab7fc704bb" />
      <TestMethod codeBase="D:\actions-runner\_work\XPCO\XPCO\EventServer\Server\Components\Central\Server\unittest\bin\x64\Debug\VideoOS.Event.Server.UnitTest.dll" adapterTypeName="executor://mstestadapter/v2" className="VideoOS.Event.Server.Map.Data.UnitTest.TypeIdStorageTest" name="TestLoadXMLWithNoParametersCorrect" />
    </UnitTest>
    <UnitTest name="TestGetObjectsWithinGPSAreaThrowingUnhandledException" storage="d:\actions-runner\_work\xpco\xpco\eventserver\server\components\central\server\unittest\bin\x64\debug\videoos.event.server.unittest.dll" id="f914520d-69ec-5ce6-58da-0eda15baf7b9">
      <TestCategory>
        <TestCategoryItem TestCategory="WebService/Map" />
      </TestCategory>
      <Execution id="2011493d-ec5f-4afd-9d40-92a64dfd335e" />
      <TestMethod codeBase="D:\actions-runner\_work\XPCO\XPCO\EventServer\Server\Components\Central\Server\unittest\bin\x64\Debug\VideoOS.Event.Server.UnitTest.dll" adapterTypeName="executor://mstestadapter/v2" className="VideoOS.Event.Server.WebService.Map.UnitTest.MapCommandToken2Test" name="TestGetObjectsWithinGPSAreaThrowingUnhandledException" />
    </UnitTest>
    <UnitTest name="TestItemAdded" storage="d:\actions-runner\_work\xpco\xpco\eventserver\server\components\central\server\unittest\bin\x64\debug\videoos.event.server.unittest.dll" id="39637e8e-5153-59f6-a7c2-66ad8f077fb6">
      <Execution id="9327c82f-660a-44fc-8d5e-48c0bed07663" />
      <TestMethod codeBase="D:\actions-runner\_work\XPCO\XPCO\EventServer\Server\Components\Central\Server\unittest\bin\x64\Debug\VideoOS.Event.Server.UnitTest.dll" adapterTypeName="executor://mstestadapter/v2" className="VideoOS.Event.Server.MIP.PlugIn.UnitTest.MapPlugInTypeEventHandlerTest" name="TestItemAdded" />
    </UnitTest>
    <UnitTest name="Setup_VmsTokenProvider_TempSecretExists_SecretExists_IsTrue_TempSecretFileCreated_RefreshTokenIsCalled_OnceAsync" storage="d:\actions-runner\_work\xpco\xpco\eventserver\server\components\central\server\unittest\bin\x64\debug\videoos.event.server.unittest.dll" id="f68580ba-39fa-d150-ae97-d03c8d62e8d8">
      <Execution id="a8de1fc5-9de7-4973-9d05-42eea3079b60" />
      <TestMethod codeBase="D:\actions-runner\_work\XPCO\XPCO\EventServer\Server\Components\Central\Server\unittest\bin\x64\Debug\VideoOS.Event.Server.UnitTest.dll" adapterTypeName="executor://mstestadapter/v2" className="VideoOS.Event.Server.UnitTest.Utils.VmsTokenProvider.VmsTokenProviderTests" name="Setup_VmsTokenProvider_TempSecretExists_SecretExists_IsTrue_TempSecretFileCreated_RefreshTokenIsCalled_OnceAsync" />
    </UnitTest>
    <UnitTest name="DeleteObjects_WithValidParameters" storage="d:\actions-runner\_work\xpco\xpco\eventserver\server\components\central\server\unittest\bin\x64\debug\videoos.event.server.unittest.dll" id="d93f3e6c-7a7d-c0f0-6f61-bb3e7018f3e8">
      <TestCategory>
        <TestCategoryItem TestCategory="WebService/Map" />
      </TestCategory>
      <Execution id="78872591-6478-4afa-9581-b216e3eca48f" />
      <TestMethod codeBase="D:\actions-runner\_work\XPCO\XPCO\EventServer\Server\Components\Central\Server\unittest\bin\x64\Debug\VideoOS.Event.Server.UnitTest.dll" adapterTypeName="executor://mstestadapter/v2" className="VideoOS.Event.Server.WebService.Map.UnitTest.MapCommandToken2Test" name="DeleteObjects_WithValidParameters" />
    </UnitTest>
    <UnitTest name="TestUpdateBoundsThrowingUnhandledException" storage="d:\actions-runner\_work\xpco\xpco\eventserver\server\components\central\server\unittest\bin\x64\debug\videoos.event.server.unittest.dll" id="5cff4ec6-47fc-95f2-23f2-32c6a732ef88">
      <TestCategory>
        <TestCategoryItem TestCategory="WebService/Map" />
      </TestCategory>
      <Execution id="79baddb1-c28b-4e08-ba11-7c53aba594b5" />
      <TestMethod codeBase="D:\actions-runner\_work\XPCO\XPCO\EventServer\Server\Components\Central\Server\unittest\bin\x64\Debug\VideoOS.Event.Server.UnitTest.dll" adapterTypeName="executor://mstestadapter/v2" className="VideoOS.Event.Server.WebService.Map.UnitTest.MapCommandCredentialsTest" name="TestUpdateBoundsThrowingUnhandledException" />
    </UnitTest>
    <UnitTest name="Stop_ShouldSetStopFetchingToTrue_WhenCalled" storage="d:\actions-runner\_work\xpco\xpco\eventserver\server\components\central\server\unittest\bin\x64\debug\videoos.event.server.unittest.dll" id="f7e7505e-f831-a4e3-cd72-f64bacc34cde">
      <TestCategory>
        <TestCategoryItem TestCategory="Security" />
      </TestCategory>
      <Execution id="30135dc4-14aa-43ac-bd38-80aedefa2d21" />
      <TestMethod codeBase="D:\actions-runner\_work\XPCO\XPCO\EventServer\Server\Components\Central\Server\unittest\bin\x64\Debug\VideoOS.Event.Server.UnitTest.dll" adapterTypeName="executor://mstestadapter/v2" className="VideoOS.Event.Server.UnitTest.Security.MasterKey.MasterKeyFetcherTest" name="Stop_ShouldSetStopFetchingToTrue_WhenCalled" />
    </UnitTest>
    <UnitTest name="TestSetVisualizationWithPropertData" storage="d:\actions-runner\_work\xpco\xpco\eventserver\server\components\central\server\unittest\bin\x64\debug\videoos.event.server.unittest.dll" id="3d09ee46-d296-1cac-c2f9-a726964f20c0">
      <Execution id="1c86dbe3-7778-4b6f-b26c-a5fa13c17402" />
      <TestMethod codeBase="D:\actions-runner\_work\XPCO\XPCO\EventServer\Server\Components\Central\Server\unittest\bin\x64\Debug\VideoOS.Event.Server.UnitTest.dll" adapterTypeName="executor://mstestadapter/v2" className="VideoOS.Event.Server.Map.UnitTest.VisualElementStatusCalculatorTest" name="TestSetVisualizationWithPropertData" />
    </UnitTest>
    <UnitTest name="TestGetStatusThrowingUnhandledException" storage="d:\actions-runner\_work\xpco\xpco\eventserver\server\components\central\server\unittest\bin\x64\debug\videoos.event.server.unittest.dll" id="9d00da37-99e6-64e6-3a14-1bcc1c5fdd5b">
      <Execution id="7b19a6f1-6cbd-44b0-b0e7-57d649deeffd" />
      <TestMethod codeBase="D:\actions-runner\_work\XPCO\XPCO\EventServer\Server\Components\Central\Server\unittest\bin\x64\Debug\VideoOS.Event.Server.UnitTest.dll" adapterTypeName="executor://mstestadapter/v2" className="VideoOS.Event.Server.WebService.Status.UnitTest.StatusCommandCredentialsTest" name="TestGetStatusThrowingUnhandledException" />
    </UnitTest>
    <UnitTest name="EventConverter_ConvertBaseItemToBaseEvent_Unknown_Reference_Items" storage="d:\actions-runner\_work\xpco\xpco\eventserver\server\components\central\server\unittest\bin\x64\debug\videoos.event.server.unittest.dll" id="4721b7d6-5cc2-c57e-47c7-b954ad458df5">
      <Execution id="34a5845f-823e-42bc-86dd-255572257fca" />
      <TestMethod codeBase="D:\actions-runner\_work\XPCO\XPCO\EventServer\Server\Components\Central\Server\unittest\bin\x64\Debug\VideoOS.Event.Server.UnitTest.dll" adapterTypeName="executor://mstestadapter/v2" className="VideoOS.Event.Server.UnitTest.Utils.EventConverterTest" name="EventConverter_ConvertBaseItemToBaseEvent_Unknown_Reference_Items" />
    </UnitTest>
    <UnitTest name="TestUpdateElementsWithRelationIdAllreadyInUseButOnADifferentServer" storage="d:\actions-runner\_work\xpco\xpco\eventserver\server\components\central\server\unittest\bin\x64\debug\videoos.event.server.unittest.dll" id="2e10328f-e53a-3f72-c895-1355a1a8e2b1">
      <Execution id="c8e307a8-6ea8-44ae-a61c-34fb9f564312" />
      <TestMethod codeBase="D:\actions-runner\_work\XPCO\XPCO\EventServer\Server\Components\Central\Server\unittest\bin\x64\Debug\VideoOS.Event.Server.UnitTest.dll" adapterTypeName="executor://mstestadapter/v2" className="VideoOS.Event.Server.Map.UnitTest.VisualElementManagerTest" name="TestUpdateElementsWithRelationIdAllreadyInUseButOnADifferentServer" />
    </UnitTest>
    <UnitTest name="TestGetPlugInItemChangesWithNegativeTimeout" storage="d:\actions-runner\_work\xpco\xpco\eventserver\server\components\central\server\unittest\bin\x64\debug\videoos.event.server.unittest.dll" id="b729c544-ff94-b88c-81d9-2769a166e5be">
      <TestCategory>
        <TestCategoryItem TestCategory="WebService/Map" />
      </TestCategory>
      <Execution id="37bbf752-b250-41c7-aaac-21b86e7eb796" />
      <TestMethod codeBase="D:\actions-runner\_work\XPCO\XPCO\EventServer\Server\Components\Central\Server\unittest\bin\x64\Debug\VideoOS.Event.Server.UnitTest.dll" adapterTypeName="executor://mstestadapter/v2" className="VideoOS.Event.Server.WebService.Map.UnitTest.MapCommandTokenTest" name="TestGetPlugInItemChangesWithNegativeTimeout" />
    </UnitTest>
    <UnitTest name="TestGetTypeChangedWithInvalidUser" storage="d:\actions-runner\_work\xpco\xpco\eventserver\server\components\central\server\unittest\bin\x64\debug\videoos.event.server.unittest.dll" id="ca7368aa-77ae-e255-1637-45c6b94c7a42">
      <TestCategory>
        <TestCategoryItem TestCategory="WebService/Map" />
      </TestCategory>
      <Execution id="106a4961-0014-4096-ba0c-aaa02123666f" />
      <TestMethod codeBase="D:\actions-runner\_work\XPCO\XPCO\EventServer\Server\Components\Central\Server\unittest\bin\x64\Debug\VideoOS.Event.Server.UnitTest.dll" adapterTypeName="executor://mstestadapter/v2" className="VideoOS.Event.Server.WebService.Map.UnitTest.MapCommandTokenTest" name="TestGetTypeChangedWithInvalidUser" />
    </UnitTest>
    <UnitTest name="TestGetStatusForAllObjectsWithComplexCyclicMaps" storage="d:\actions-runner\_work\xpco\xpco\eventserver\server\components\central\server\unittest\bin\x64\debug\videoos.event.server.unittest.dll" id="46b4ecf5-05d0-f8e3-bf13-32dcd4106e16">
      <Execution id="91e1c1bf-6021-4d9f-834f-bb0c402443e8" />
      <TestMethod codeBase="D:\actions-runner\_work\XPCO\XPCO\EventServer\Server\Components\Central\Server\unittest\bin\x64\Debug\VideoOS.Event.Server.UnitTest.dll" adapterTypeName="executor://mstestadapter/v2" className="VideoOS.Event.Server.Map.UnitTest.VisualElementStatusCalculatorTest" name="TestGetStatusForAllObjectsWithComplexCyclicMaps" />
    </UnitTest>
    <UnitTest name="TestUpdateElementWithTwoCyclicRelationsWithSameParent" storage="d:\actions-runner\_work\xpco\xpco\eventserver\server\components\central\server\unittest\bin\x64\debug\videoos.event.server.unittest.dll" id="d79f44b2-f93c-761f-f728-c4580e0cf038">
      <Execution id="8f6b77cb-45fe-4594-b343-0a6b0bf7c963" />
      <TestMethod codeBase="D:\actions-runner\_work\XPCO\XPCO\EventServer\Server\Components\Central\Server\unittest\bin\x64\Debug\VideoOS.Event.Server.UnitTest.dll" adapterTypeName="executor://mstestadapter/v2" className="VideoOS.Event.Server.Map.UnitTest.VisualElementManagerTest" name="TestUpdateElementWithTwoCyclicRelationsWithSameParent" />
    </UnitTest>
    <UnitTest name="TestUpdateElementNameWithOldTimestampAndForce" storage="d:\actions-runner\_work\xpco\xpco\eventserver\server\components\central\server\unittest\bin\x64\debug\videoos.event.server.unittest.dll" id="6e5746df-a7d7-6d61-bc75-42a7a684ac36">
      <Execution id="29bf203e-ea50-416d-9fdc-ec0781d47658" />
      <TestMethod codeBase="D:\actions-runner\_work\XPCO\XPCO\EventServer\Server\Components\Central\Server\unittest\bin\x64\Debug\VideoOS.Event.Server.UnitTest.dll" adapterTypeName="executor://mstestadapter/v2" className="VideoOS.Event.Server.Map.UnitTest.VisualElementManagerTest" name="TestUpdateElementNameWithOldTimestampAndForce" />
    </UnitTest>
    <UnitTest name="TestAddLiveCacheWithNullData" storage="d:\actions-runner\_work\xpco\xpco\eventserver\server\components\central\server\unittest\bin\x64\debug\videoos.event.server.unittest.dll" id="e57cf4c2-4e25-5fbe-8127-a1aed3da19ed">
      <TestCategory>
        <TestCategoryItem TestCategory="DatabaseConfigurableDataCache" />
      </TestCategory>
      <Execution id="f733a93a-1b5e-4766-ac71-4a0256366c68" />
      <TestMethod codeBase="D:\actions-runner\_work\XPCO\XPCO\EventServer\Server\Components\Central\Server\unittest\bin\x64\Debug\VideoOS.Event.Server.UnitTest.dll" adapterTypeName="executor://mstestadapter/v2" className="VideoOS.EventServer.Config.UnitTest.DatabaseConfigurableDataCacheTest" name="TestAddLiveCacheWithNullData" />
    </UnitTest>
    <UnitTest name="UpdateObject_WithValidParameters" storage="d:\actions-runner\_work\xpco\xpco\eventserver\server\components\central\server\unittest\bin\x64\debug\videoos.event.server.unittest.dll" id="c0cecc77-98be-30da-2092-70881af7cc87">
      <TestCategory>
        <TestCategoryItem TestCategory="WebService/Map" />
      </TestCategory>
      <Execution id="1f06948a-90eb-4d14-97c7-aaa48e2e4b3c" />
      <TestMethod codeBase="D:\actions-runner\_work\XPCO\XPCO\EventServer\Server\Components\Central\Server\unittest\bin\x64\Debug\VideoOS.Event.Server.UnitTest.dll" adapterTypeName="executor://mstestadapter/v2" className="VideoOS.Event.Server.WebService.Map.UnitTest.MapCommandTokenTest" name="UpdateObject_WithValidParameters" />
    </UnitTest>
    <UnitTest name="TestCopyConstructor" storage="d:\actions-runner\_work\xpco\xpco\eventserver\server\components\central\server\unittest\bin\x64\debug\videoos.event.server.unittest.dll" id="3ed5199e-45f8-2091-36df-67dafeedfe41">
      <Execution id="2fdefeac-068b-4ad2-bd93-94747e342041" />
      <TestMethod codeBase="D:\actions-runner\_work\XPCO\XPCO\EventServer\Server\Components\Central\Server\unittest\bin\x64\Debug\VideoOS.Event.Server.UnitTest.dll" adapterTypeName="executor://mstestadapter/v2" className="VideoOS.Event.Server.Map.Data.UnitTest.StatusElementTest" name="TestCopyConstructor" />
    </UnitTest>
    <UnitTest name="TestID" storage="d:\actions-runner\_work\xpco\xpco\eventserver\server\components\central\server\unittest\bin\x64\debug\videoos.event.server.unittest.dll" id="6488b4e1-85d5-895b-3547-5a9de2e90989">
      <Execution id="3ec2ac3e-15c2-41c9-9522-03a7544305f4" />
      <TestMethod codeBase="D:\actions-runner\_work\XPCO\XPCO\EventServer\Server\Components\Central\Server\unittest\bin\x64\Debug\VideoOS.Event.Server.UnitTest.dll" adapterTypeName="executor://mstestadapter/v2" className="VideoOS.Event.Server.MIP.PlugIn.UnitTest.MapPlugInEventHandlerTest" name="TestID" />
    </UnitTest>
    <UnitTest name="TestUpdateWithNewItemId" storage="d:\actions-runner\_work\xpco\xpco\eventserver\server\components\central\server\unittest\bin\x64\debug\videoos.event.server.unittest.dll" id="5b4a64c0-5613-127b-50cc-55be5f9c3fed">
      <TestCategory>
        <TestCategoryItem TestCategory="MapPlugInInternalItem" />
      </TestCategory>
      <Execution id="0e833d7d-da0c-4918-bf5b-aeafdef2e4bd" />
      <TestMethod codeBase="D:\actions-runner\_work\XPCO\XPCO\EventServer\Server\Components\Central\Server\unittest\bin\x64\Debug\VideoOS.Event.Server.UnitTest.dll" adapterTypeName="executor://mstestadapter/v2" className="VideoOS.Event.Server.MIP.PlugIn.UnitTest.MapPlugInInternalItemTest" name="TestUpdateWithNewItemId" />
    </UnitTest>
    <UnitTest name="TestGetVisualizationChangesWithInvalidUser" storage="d:\actions-runner\_work\xpco\xpco\eventserver\server\components\central\server\unittest\bin\x64\debug\videoos.event.server.unittest.dll" id="4c84501d-a184-f925-56ca-5fda70b2fc61">
      <Execution id="47d96745-ca4a-40b3-9552-31f09116f4af" />
      <TestMethod codeBase="D:\actions-runner\_work\XPCO\XPCO\EventServer\Server\Components\Central\Server\unittest\bin\x64\Debug\VideoOS.Event.Server.UnitTest.dll" adapterTypeName="executor://mstestadapter/v2" className="VideoOS.Event.Server.WebService.Status.UnitTest.StatusCommandToken2Test" name="TestGetVisualizationChangesWithInvalidUser" />
    </UnitTest>
    <UnitTest name="TestGetVisualizationChangesThrowingUnhandledException" storage="d:\actions-runner\_work\xpco\xpco\eventserver\server\components\central\server\unittest\bin\x64\debug\videoos.event.server.unittest.dll" id="efb8c50b-ed0d-ed7a-3651-6dacba1bc765">
      <Execution id="17a9e559-6c0d-4814-aaf2-1ac0272f0348" />
      <TestMethod codeBase="D:\actions-runner\_work\XPCO\XPCO\EventServer\Server\Components\Central\Server\unittest\bin\x64\Debug\VideoOS.Event.Server.UnitTest.dll" adapterTypeName="executor://mstestadapter/v2" className="VideoOS.Event.Server.WebService.Status.UnitTest.StatusCommandCredentialsTest" name="TestGetVisualizationChangesThrowingUnhandledException" />
    </UnitTest>
    <UnitTest name="TestGetVisualizationChangesThrowingUnhandledException" storage="d:\actions-runner\_work\xpco\xpco\eventserver\server\components\central\server\unittest\bin\x64\debug\videoos.event.server.unittest.dll" id="d07ef90d-5b74-2045-9ed5-456e0bc6bd37">
      <Execution id="73fa34ae-486b-4d56-9e14-abd521a1c15d" />
      <TestMethod codeBase="D:\actions-runner\_work\XPCO\XPCO\EventServer\Server\Components\Central\Server\unittest\bin\x64\Debug\VideoOS.Event.Server.UnitTest.dll" adapterTypeName="executor://mstestadapter/v2" className="VideoOS.Event.Server.WebService.Status.UnitTest.StatusCommandToken2Test" name="TestGetVisualizationChangesThrowingUnhandledException" />
    </UnitTest>
    <UnitTest name="TestGetVisualizationNotAuthenticated" storage="d:\actions-runner\_work\xpco\xpco\eventserver\server\components\central\server\unittest\bin\x64\debug\videoos.event.server.unittest.dll" id="4920ef1a-ec63-940a-6c12-3ff42fd4dece">
      <Execution id="220c6133-631e-4141-9f1b-f652b4fb492c" />
      <TestMethod codeBase="D:\actions-runner\_work\XPCO\XPCO\EventServer\Server\Components\Central\Server\unittest\bin\x64\Debug\VideoOS.Event.Server.UnitTest.dll" adapterTypeName="executor://mstestadapter/v2" className="VideoOS.Event.Server.WebService.Status.UnitTest.StatusCommandCredentialsTest" name="TestGetVisualizationNotAuthenticated" />
    </UnitTest>
    <UnitTest name="TestChildTimestampGetSet" storage="d:\actions-runner\_work\xpco\xpco\eventserver\server\components\central\server\unittest\bin\x64\debug\videoos.event.server.unittest.dll" id="64f18a27-c96f-411e-32ee-ee222b9e690a">
      <Execution id="a8771d22-67f3-42ec-b3b8-67332ea5e945" />
      <TestMethod codeBase="D:\actions-runner\_work\XPCO\XPCO\EventServer\Server\Components\Central\Server\unittest\bin\x64\Debug\VideoOS.Event.Server.UnitTest.dll" adapterTypeName="executor://mstestadapter/v2" className="VideoOS.Event.Server.Map.Data.UnitTest.VisualElementStorageTest" name="TestChildTimestampGetSet" />
    </UnitTest>
    <UnitTest name="GetAllObjectsOnVisualElement_FilteringAllDifferentServerRelations" storage="d:\actions-runner\_work\xpco\xpco\eventserver\server\components\central\server\unittest\bin\x64\debug\videoos.event.server.unittest.dll" id="a0c28440-3fc9-873a-2f7d-9443bb37c937">
      <TestCategory>
        <TestCategoryItem TestCategory="WebService/Map" />
      </TestCategory>
      <Execution id="55a40df0-41fd-4c9b-80a6-49733e478e3a" />
      <TestMethod codeBase="D:\actions-runner\_work\XPCO\XPCO\EventServer\Server\Components\Central\Server\unittest\bin\x64\Debug\VideoOS.Event.Server.UnitTest.dll" adapterTypeName="executor://mstestadapter/v2" className="VideoOS.Event.Server.WebService.Map.UnitTest.MapCommandTokenTest" name="GetAllObjectsOnVisualElement_FilteringAllDifferentServerRelations" />
    </UnitTest>
    <UnitTest name="EventConverter_ParseMetadata_Metadata_Non_Guid_DeviceId" storage="d:\actions-runner\_work\xpco\xpco\eventserver\server\components\central\server\unittest\bin\x64\debug\videoos.event.server.unittest.dll" id="30df2146-14a7-8ce2-c6a0-f56527a03154">
      <Execution id="3691510b-d5d8-4282-8aa5-e334fa977056" />
      <TestMethod codeBase="D:\actions-runner\_work\XPCO\XPCO\EventServer\Server\Components\Central\Server\unittest\bin\x64\Debug\VideoOS.Event.Server.UnitTest.dll" adapterTypeName="executor://mstestadapter/v2" className="VideoOS.Event.Server.UnitTest.Utils.EventConverterTest" name="EventConverter_ParseMetadata_Metadata_Non_Guid_DeviceId" />
    </UnitTest>
    <UnitTest name="GetEventSourceReturnsSourceWhenUserDefinedEvent" storage="d:\actions-runner\_work\xpco\xpco\eventserver\server\components\central\server\unittest\bin\x64\debug\videoos.event.server.unittest.dll" id="94716114-1378-122a-03d6-a0d52329cd48">
      <Execution id="b204f49d-ea35-41ab-a36d-f188afde14b1" />
      <TestMethod codeBase="D:\actions-runner\_work\XPCO\XPCO\EventServer\Server\Components\Central\Server\unittest\bin\x64\Debug\VideoOS.Event.Server.UnitTest.dll" adapterTypeName="executor://mstestadapter/v2" className="VideoOS.Event.Server.UnitTest.Event.MapperEventSourceProviderTest" name="GetEventSourceReturnsSourceWhenUserDefinedEvent" />
    </UnitTest>
    <UnitTest name="TestCreateObjectsWithServerIDInRelationID" storage="d:\actions-runner\_work\xpco\xpco\eventserver\server\components\central\server\unittest\bin\x64\debug\videoos.event.server.unittest.dll" id="845a4b78-2afb-dc38-4c33-12f56ddfe7ee">
      <TestCategory>
        <TestCategoryItem TestCategory="WebService/Map" />
      </TestCategory>
      <Execution id="83dc5257-4c02-4740-92e4-ee2e9a2c0fa6" />
      <TestMethod codeBase="D:\actions-runner\_work\XPCO\XPCO\EventServer\Server\Components\Central\Server\unittest\bin\x64\Debug\VideoOS.Event.Server.UnitTest.dll" adapterTypeName="executor://mstestadapter/v2" className="VideoOS.Event.Server.WebService.Map.UnitTest.MapCommandTokenTest" name="TestCreateObjectsWithServerIDInRelationID" />
    </UnitTest>
    <UnitTest name="TestUpdateElementBoundsWithValidParameters" storage="d:\actions-runner\_work\xpco\xpco\eventserver\server\components\central\server\unittest\bin\x64\debug\videoos.event.server.unittest.dll" id="1ae86f40-de65-d93c-055b-9239232d7a2e">
      <Execution id="bae07550-151d-4c9d-b882-336e57db486e" />
      <TestMethod codeBase="D:\actions-runner\_work\XPCO\XPCO\EventServer\Server\Components\Central\Server\unittest\bin\x64\Debug\VideoOS.Event.Server.UnitTest.dll" adapterTypeName="executor://mstestadapter/v2" className="VideoOS.Event.Server.Map.UnitTest.VisualElementManagerTest" name="TestUpdateElementBoundsWithValidParameters" />
    </UnitTest>
    <UnitTest name="TestUpdateElementWithValidVisualElement" storage="d:\actions-runner\_work\xpco\xpco\eventserver\server\components\central\server\unittest\bin\x64\debug\videoos.event.server.unittest.dll" id="fdf1736b-60b8-c0c0-9825-483b5108a5c6">
      <Execution id="e404c99e-e698-480b-9f56-1051286ab555" />
      <TestMethod codeBase="D:\actions-runner\_work\XPCO\XPCO\EventServer\Server\Components\Central\Server\unittest\bin\x64\Debug\VideoOS.Event.Server.UnitTest.dll" adapterTypeName="executor://mstestadapter/v2" className="VideoOS.Event.Server.Map.UnitTest.VisualElementManagerTest" name="TestUpdateElementWithValidVisualElement" />
    </UnitTest>
    <UnitTest name="TestGetVisualizationThrowingUnhandledException" storage="d:\actions-runner\_work\xpco\xpco\eventserver\server\components\central\server\unittest\bin\x64\debug\videoos.event.server.unittest.dll" id="ac15a26e-7ca7-73ef-1884-cd2492b96da4">
      <Execution id="3df30144-885d-445c-ab70-aa007fbb04f0" />
      <TestMethod codeBase="D:\actions-runner\_work\XPCO\XPCO\EventServer\Server\Components\Central\Server\unittest\bin\x64\Debug\VideoOS.Event.Server.UnitTest.dll" adapterTypeName="executor://mstestadapter/v2" className="VideoOS.Event.Server.WebService.Status.UnitTest.StatusCommandToken2Test" name="TestGetVisualizationThrowingUnhandledException" />
    </UnitTest>
    <UnitTest name="TestGetVisualizationThrowingUnhandledException" storage="d:\actions-runner\_work\xpco\xpco\eventserver\server\components\central\server\unittest\bin\x64\debug\videoos.event.server.unittest.dll" id="a46dfba8-c336-7feb-ea33-2b4a6bd94cdd">
      <Execution id="846d76e9-6b9a-4eaa-b50f-d308667017aa" />
      <TestMethod codeBase="D:\actions-runner\_work\XPCO\XPCO\EventServer\Server\Components\Central\Server\unittest\bin\x64\Debug\VideoOS.Event.Server.UnitTest.dll" adapterTypeName="executor://mstestadapter/v2" className="VideoOS.Event.Server.WebService.Status.UnitTest.StatusCommandCredentialsTest" name="TestGetVisualizationThrowingUnhandledException" />
    </UnitTest>
    <UnitTest name="TestGetVisualElementChangesWithNullId" storage="d:\actions-runner\_work\xpco\xpco\eventserver\server\components\central\server\unittest\bin\x64\debug\videoos.event.server.unittest.dll" id="52477087-f303-ed10-2285-482352c7ad94">
      <Execution id="9d4c9837-e9c0-4586-ba35-7f5daeef3df6" />
      <TestMethod codeBase="D:\actions-runner\_work\XPCO\XPCO\EventServer\Server\Components\Central\Server\unittest\bin\x64\Debug\VideoOS.Event.Server.UnitTest.dll" adapterTypeName="executor://mstestadapter/v2" className="VideoOS.Event.Server.Map.UnitTest.VisualElementManagerTest" name="TestGetVisualElementChangesWithNullId" />
    </UnitTest>
    <UnitTest name="EventIdListTest_EventSource_External" storage="d:\actions-runner\_work\xpco\xpco\eventserver\server\components\central\server\unittest\bin\x64\debug\videoos.event.server.unittest.dll" id="d10b06d8-0895-1428-c17e-78808c336ae2">
      <Execution id="fb9fe43e-ede5-487f-afe4-7cb3d26fc96f" />
      <TestMethod codeBase="D:\actions-runner\_work\XPCO\XPCO\EventServer\Server\Components\Central\Server\unittest\bin\x64\Debug\VideoOS.Event.Server.UnitTest.dll" adapterTypeName="executor://mstestadapter/v2" className="VideoOS.Event.Server.UnitTest.Event.EventIdListTest" name="EventIdListTest_EventSource_External" />
    </UnitTest>
    <UnitTest name="TestProperties" storage="d:\actions-runner\_work\xpco\xpco\eventserver\server\components\central\server\unittest\bin\x64\debug\videoos.event.server.unittest.dll" id="9322c0f2-8323-a37b-92d5-ec05121f9230">
      <Execution id="35507ec3-69fa-44ce-8370-897fc875c81f" />
      <TestMethod codeBase="D:\actions-runner\_work\XPCO\XPCO\EventServer\Server\Components\Central\Server\unittest\bin\x64\Debug\VideoOS.Event.Server.UnitTest.dll" adapterTypeName="executor://mstestadapter/v2" className="VideoOS.Event.Server.Communication.Data.UnitTest.SiteInfoEngineTest" name="TestProperties" />
    </UnitTest>
    <UnitTest name="TestInsertElementWithoutTypeId" storage="d:\actions-runner\_work\xpco\xpco\eventserver\server\components\central\server\unittest\bin\x64\debug\videoos.event.server.unittest.dll" id="e11d37c3-85ce-b634-94ea-08dd0ce22124">
      <Execution id="33f63a56-db95-44ef-8f88-48d7fad829f0" />
      <TestMethod codeBase="D:\actions-runner\_work\XPCO\XPCO\EventServer\Server\Components\Central\Server\unittest\bin\x64\Debug\VideoOS.Event.Server.UnitTest.dll" adapterTypeName="executor://mstestadapter/v2" className="VideoOS.Event.Server.Map.UnitTest.VisualElementManagerTest" name="TestInsertElementWithoutTypeId" />
    </UnitTest>
    <UnitTest name="WhenAlarmSearchCriteriaWithNoValuesThenEmptyString" storage="d:\actions-runner\_work\xpco\xpco\eventserver\server\components\central\server\unittest\bin\x64\debug\videoos.event.server.unittest.dll" id="c279e56a-7f3b-6836-d500-b625e938ad25">
      <Execution id="4514395f-9722-4f3f-997a-32446d64af8d" />
      <TestMethod codeBase="D:\actions-runner\_work\XPCO\XPCO\EventServer\Server\Components\Central\Server\unittest\bin\x64\Debug\VideoOS.Event.Server.UnitTest.dll" adapterTypeName="executor://mstestadapter/v2" className="VideoOS.Event.Server.UnitTest.WebService.Alarm.LikeSearchConditionProviderTest" name="WhenAlarmSearchCriteriaWithNoValuesThenEmptyString" />
    </UnitTest>
    <UnitTest name="TestGetIconWithKnownIcon" storage="d:\actions-runner\_work\xpco\xpco\eventserver\server\components\central\server\unittest\bin\x64\debug\videoos.event.server.unittest.dll" id="f05beade-84ad-3739-4096-007a49eee211">
      <TestCategory>
        <TestCategoryItem TestCategory="MapPlugInManagerTest" />
      </TestCategory>
      <Execution id="12a5957f-7d84-4827-9273-7700e9869cd2" />
      <TestMethod codeBase="D:\actions-runner\_work\XPCO\XPCO\EventServer\Server\Components\Central\Server\unittest\bin\x64\Debug\VideoOS.Event.Server.UnitTest.dll" adapterTypeName="executor://mstestadapter/v2" className="VideoOS.Event.Server.MIP.PlugIn.UnitTest.MapPlugInManagerTest" name="TestGetIconWithKnownIcon" />
    </UnitTest>
    <UnitTest name="TestToServiceContextMenu" storage="d:\actions-runner\_work\xpco\xpco\eventserver\server\components\central\server\unittest\bin\x64\debug\videoos.event.server.unittest.dll" id="de00552c-cce9-bf97-be32-2abc19974927">
      <Execution id="ba91dea4-8091-40a7-bfc0-0339c4ff8c96" />
      <TestMethod codeBase="D:\actions-runner\_work\XPCO\XPCO\EventServer\Server\Components\Central\Server\unittest\bin\x64\Debug\VideoOS.Event.Server.UnitTest.dll" adapterTypeName="executor://mstestadapter/v2" className="VideoOS.Event.Server.MIP.PlugIn.UnitTest.MapPlugInInternalContextMenuItemTest" name="TestToServiceContextMenu" />
    </UnitTest>
    <UnitTest name="TestCreateObjectsThrowingUnhandledException" storage="d:\actions-runner\_work\xpco\xpco\eventserver\server\components\central\server\unittest\bin\x64\debug\videoos.event.server.unittest.dll" id="6e4612c4-3145-1588-b9f4-048fc08fdb7d">
      <TestCategory>
        <TestCategoryItem TestCategory="WebService/Map" />
      </TestCategory>
      <Execution id="a265a045-ad45-40db-8fbd-77fe9b4f7fef" />
      <TestMethod codeBase="D:\actions-runner\_work\XPCO\XPCO\EventServer\Server\Components\Central\Server\unittest\bin\x64\Debug\VideoOS.Event.Server.UnitTest.dll" adapterTypeName="executor://mstestadapter/v2" className="VideoOS.Event.Server.WebService.Map.UnitTest.MapCommandCredentialsTest" name="TestCreateObjectsThrowingUnhandledException" />
    </UnitTest>
    <UnitTest name="TestUpdateDisplayXMLWithInvalidUser" storage="d:\actions-runner\_work\xpco\xpco\eventserver\server\components\central\server\unittest\bin\x64\debug\videoos.event.server.unittest.dll" id="5542dda8-0b53-5ee0-368c-965e224d9fd4">
      <TestCategory>
        <TestCategoryItem TestCategory="WebService/Map" />
      </TestCategory>
      <Execution id="4b7dd384-4a10-4e3d-bf3d-6f6b689d12f1" />
      <TestMethod codeBase="D:\actions-runner\_work\XPCO\XPCO\EventServer\Server\Components\Central\Server\unittest\bin\x64\Debug\VideoOS.Event.Server.UnitTest.dll" adapterTypeName="executor://mstestadapter/v2" className="VideoOS.Event.Server.WebService.Map.UnitTest.MapCommandTokenTest" name="TestUpdateDisplayXMLWithInvalidUser" />
    </UnitTest>
    <UnitTest name="TestConstruction" storage="d:\actions-runner\_work\xpco\xpco\eventserver\server\components\central\server\unittest\bin\x64\debug\videoos.event.server.unittest.dll" id="a6dd3ec3-7984-cf17-bcf1-fb463e8dfb77">
      <Execution id="cc497079-c8eb-49f9-a88f-2bf9258e6fbf" />
      <TestMethod codeBase="D:\actions-runner\_work\XPCO\XPCO\EventServer\Server\Components\Central\Server\unittest\bin\x64\Debug\VideoOS.Event.Server.UnitTest.dll" adapterTypeName="executor://mstestadapter/v2" className="VideoOS.Analytics.Events.UnitTest.Server.DeviceManager.TestDeviceManagerXPCO" name="TestConstruction" />
    </UnitTest>
    <UnitTest name="TestGetStatusWithInvalidUser" storage="d:\actions-runner\_work\xpco\xpco\eventserver\server\components\central\server\unittest\bin\x64\debug\videoos.event.server.unittest.dll" id="e95dd875-7599-5e7e-b707-528a616cf3e4">
      <Execution id="c79aaf38-e94e-4836-9d66-78bab0709b3d" />
      <TestMethod codeBase="D:\actions-runner\_work\XPCO\XPCO\EventServer\Server\Components\Central\Server\unittest\bin\x64\Debug\VideoOS.Event.Server.UnitTest.dll" adapterTypeName="executor://mstestadapter/v2" className="VideoOS.Event.Server.WebService.Status.UnitTest.StatusCommandToken2Test" name="TestGetStatusWithInvalidUser" />
    </UnitTest>
    <UnitTest name="TestGetIconWithUnknownIcon" storage="d:\actions-runner\_work\xpco\xpco\eventserver\server\components\central\server\unittest\bin\x64\debug\videoos.event.server.unittest.dll" id="40a81d98-a499-52ae-1497-235c31f6f116">
      <Execution id="a0f70892-01ff-4469-82f5-f52be298e27f" />
      <TestMethod codeBase="D:\actions-runner\_work\XPCO\XPCO\EventServer\Server\Components\Central\Server\unittest\bin\x64\Debug\VideoOS.Event.Server.UnitTest.dll" adapterTypeName="executor://mstestadapter/v2" className="VideoOS.Event.Server.MIP.PlugIn.UnitTest.MapPlugInTypeEventHandlerTest" name="TestGetIconWithUnknownIcon" />
    </UnitTest>
    <UnitTest name="TestGetAlarmHistoryInvalidToken" storage="d:\actions-runner\_work\xpco\xpco\eventserver\server\components\central\server\unittest\bin\x64\debug\videoos.event.server.unittest.dll" id="3b70b7a4-364d-c121-c73b-ded2f96e8718">
      <Execution id="32074f08-9af9-4bea-96c5-f0d58736bddd" />
      <TestMethod codeBase="D:\actions-runner\_work\XPCO\XPCO\EventServer\Server\Components\Central\Server\unittest\bin\x64\Debug\VideoOS.Event.Server.UnitTest.dll" adapterTypeName="executor://mstestadapter/v2" className="VideoOS.Event.Server.WebService.Alarm.UnitTest.AlarmCommandTokenTest" name="TestGetAlarmHistoryInvalidToken" />
    </UnitTest>
    <UnitTest name="TestAllSid" storage="d:\actions-runner\_work\xpco\xpco\eventserver\server\components\central\server\unittest\bin\x64\debug\videoos.event.server.unittest.dll" id="0b1e3b98-0852-b8bb-9431-9f412235997e">
      <Execution id="81c184cb-4341-42fb-87dc-f9972e21ec70" />
      <TestMethod codeBase="D:\actions-runner\_work\XPCO\XPCO\EventServer\Server\Components\Central\Server\unittest\bin\x64\Debug\VideoOS.Event.Server.UnitTest.dll" adapterTypeName="executor://mstestadapter/v2" className="VideoOS.Event.Server.UserValidation.Data.UnitTest.UserIDTest" name="TestAllSid" />
    </UnitTest>
    <UnitTest name="TestStartStopCleanUpThread" storage="d:\actions-runner\_work\xpco\xpco\eventserver\server\components\central\server\unittest\bin\x64\debug\videoos.event.server.unittest.dll" id="36eb6c0d-6170-066f-c8ea-5526b110efc3">
      <Execution id="d725c77c-ba57-4bf0-aca9-27bdec7b6c40" />
      <TestMethod codeBase="D:\actions-runner\_work\XPCO\XPCO\EventServer\Server\Components\Central\Server\unittest\bin\x64\Debug\VideoOS.Event.Server.UnitTest.dll" adapterTypeName="executor://mstestadapter/v2" className="VideoOS.Event.Server.Map.UnitTest.VisualElementManagerTest" name="TestStartStopCleanUpThread" />
    </UnitTest>
    <UnitTest name="TestValidateWithIncorrectUserTypeRole" storage="d:\actions-runner\_work\xpco\xpco\eventserver\server\components\central\server\unittest\bin\x64\debug\videoos.event.server.unittest.dll" id="8d627c14-62f3-55fc-3353-475714ef0677">
      <Execution id="8d51910d-68f6-434c-b72b-2823ee2e45c4" />
      <TestMethod codeBase="D:\actions-runner\_work\XPCO\XPCO\EventServer\Server\Components\Central\Server\unittest\bin\x64\Debug\VideoOS.Event.Server.UnitTest.dll" adapterTypeName="executor://mstestadapter/v2" className="VideoOS.EventServer.UnitTest.UserValidation.AccessControlCredentialValidationTest" name="TestValidateWithIncorrectUserTypeRole" />
    </UnitTest>
    <UnitTest name="TestGetState" storage="d:\actions-runner\_work\xpco\xpco\eventserver\server\components\central\server\unittest\bin\x64\debug\videoos.event.server.unittest.dll" id="f2c10cca-fc55-f413-45c2-2521cc1961e2">
      <Execution id="867f73da-8f00-4217-a19d-acba88c06c47" />
      <TestMethod codeBase="D:\actions-runner\_work\XPCO\XPCO\EventServer\Server\Components\Central\Server\unittest\bin\x64\Debug\VideoOS.Event.Server.UnitTest.dll" adapterTypeName="executor://mstestadapter/v2" className="VideoOS.Event.Server.Map.Data.UnitTest.StatusElementTest" name="TestGetState" />
    </UnitTest>
    <UnitTest name="TypeToSourceKind_ReturnsCorrectKind_OnType" storage="d:\actions-runner\_work\xpco\xpco\eventserver\server\components\central\server\unittest\bin\x64\debug\videoos.event.server.unittest.dll" id="6de6dc72-f8d9-f1ba-36aa-0628b8fb9b24">
      <Execution id="f7d1436c-af89-492f-aecc-fb3d1702aa0a" />
      <TestMethod codeBase="D:\actions-runner\_work\XPCO\XPCO\EventServer\Server\Components\Central\Server\unittest\bin\x64\Debug\VideoOS.Event.Server.UnitTest.dll" adapterTypeName="executor://mstestadapter/v2" className="VideoOS.Event.Server.UnitTest.Communication.Corporate.CurrentStateToEventMapperTest" name="TypeToSourceKind_ReturnsCorrectKind_OnType" />
    </UnitTest>
    <UnitTest name="TestProperties" storage="d:\actions-runner\_work\xpco\xpco\eventserver\server\components\central\server\unittest\bin\x64\debug\videoos.event.server.unittest.dll" id="d5d6f0da-873e-4fdc-a036-967cdfb725f8">
      <Execution id="6a1761e0-8933-412f-b292-a721daca2e5a" />
      <TestMethod codeBase="D:\actions-runner\_work\XPCO\XPCO\EventServer\Server\Components\Central\Server\unittest\bin\x64\Debug\VideoOS.Event.Server.UnitTest.dll" adapterTypeName="executor://mstestadapter/v2" className="VideoOS.Event.Server.UserValidation.Data.UnitTest.UserIDTest" name="TestProperties" />
    </UnitTest>
    <UnitTest name="TestCheckAuthorizationWithEnterpriseBasicUser" storage="d:\actions-runner\_work\xpco\xpco\eventserver\server\components\central\server\unittest\bin\x64\debug\videoos.event.server.unittest.dll" id="9d2e72d6-92ec-9416-6f65-3920a3a0eb8d">
      <TestCategory>
        <TestCategoryItem TestCategory="ActionAuthorizationCache" />
      </TestCategory>
      <Execution id="aa56516e-5c6e-45e8-86aa-15c765f7c413" />
      <TestMethod codeBase="D:\actions-runner\_work\XPCO\XPCO\EventServer\Server\Components\Central\Server\unittest\bin\x64\Debug\VideoOS.Event.Server.UnitTest.dll" adapterTypeName="executor://mstestadapter/v2" className="VideoOS.Event.Server.UnitTest.Security.ActionAuthorizationCacheTest" name="TestCheckAuthorizationWithEnterpriseBasicUser" />
    </UnitTest>
    <UnitTest name="TestGetElementWithValidIdAndOwnerId" storage="d:\actions-runner\_work\xpco\xpco\eventserver\server\components\central\server\unittest\bin\x64\debug\videoos.event.server.unittest.dll" id="99543fcc-f796-6f95-3612-f5fd1fdfb5f7">
      <Execution id="d0c75294-9af4-42ae-b1cf-fd28805a0037" />
      <TestMethod codeBase="D:\actions-runner\_work\XPCO\XPCO\EventServer\Server\Components\Central\Server\unittest\bin\x64\Debug\VideoOS.Event.Server.UnitTest.dll" adapterTypeName="executor://mstestadapter/v2" className="VideoOS.Event.Server.Map.UnitTest.VisualElementManagerTest" name="TestGetElementWithValidIdAndOwnerId" />
    </UnitTest>
    <UnitTest name="TestDeleteObjectThrowingUnhandledException" storage="d:\actions-runner\_work\xpco\xpco\eventserver\server\components\central\server\unittest\bin\x64\debug\videoos.event.server.unittest.dll" id="041377db-dcc6-3c7f-3732-41e0e8b36562">
      <TestCategory>
        <TestCategoryItem TestCategory="WebService/Map" />
      </TestCategory>
      <Execution id="ee5cb84d-7bef-4f21-8655-4916cbae2595" />
      <TestMethod codeBase="D:\actions-runner\_work\XPCO\XPCO\EventServer\Server\Components\Central\Server\unittest\bin\x64\Debug\VideoOS.Event.Server.UnitTest.dll" adapterTypeName="executor://mstestadapter/v2" className="VideoOS.Event.Server.WebService.Map.UnitTest.MapCommandTokenTest" name="TestDeleteObjectThrowingUnhandledException" />
    </UnitTest>
    <UnitTest name="TestConstructor" storage="d:\actions-runner\_work\xpco\xpco\eventserver\server\components\central\server\unittest\bin\x64\debug\videoos.event.server.unittest.dll" id="b4501866-0bce-5dae-c51a-1282bb076da4">
      <Execution id="fc49e84c-a8df-423c-adbc-6448a1126a45" />
      <TestMethod codeBase="D:\actions-runner\_work\XPCO\XPCO\EventServer\Server\Components\Central\Server\unittest\bin\x64\Debug\VideoOS.Event.Server.UnitTest.dll" adapterTypeName="executor://mstestadapter/v2" className="VideoOS.Event.Server.Map.Data.UnitTest.VisualizationStateStorageTest" name="TestConstructor" />
    </UnitTest>
    <UnitTest name="CheckAccess_ForMultipleDevices_ShouldReturnArrayOfPermissions_WhenUserExistsInDb" storage="d:\actions-runner\_work\xpco\xpco\eventserver\server\components\central\server\unittest\bin\x64\debug\videoos.event.server.unittest.dll" id="4d0f6a2e-fc6f-1af8-c276-a92921441b69">
      <Execution id="d830a1fd-f9f6-4a87-9d86-465e198d28f1" />
      <TestMethod codeBase="D:\actions-runner\_work\XPCO\XPCO\EventServer\Server\Components\Central\Server\unittest\bin\x64\Debug\VideoOS.Event.Server.UnitTest.dll" adapterTypeName="executor://mstestadapter/v2" className="VideoOS.Event.Server.Security.UnitTest.SecurityCommunicationDBTest" name="CheckAccess_ForMultipleDevices_ShouldReturnArrayOfPermissions_WhenUserExistsInDb" />
    </UnitTest>
    <UnitTest name="TestUpdateStateSnooze" storage="d:\actions-runner\_work\xpco\xpco\eventserver\server\components\central\server\unittest\bin\x64\debug\videoos.event.server.unittest.dll" id="b2881d3b-eee1-9890-c856-d64e53b3cb2a">
      <Execution id="b9728c3b-241e-429c-a7d2-b8f3402ef170" />
      <TestMethod codeBase="D:\actions-runner\_work\XPCO\XPCO\EventServer\Server\Components\Central\Server\unittest\bin\x64\Debug\VideoOS.Event.Server.UnitTest.dll" adapterTypeName="executor://mstestadapter/v2" className="VideoOS.Event.Server.Map.Data.UnitTest.StatusElementMapPlugInTest" name="TestUpdateStateSnooze" />
    </UnitTest>
    <UnitTest name="GetEventSourceReturnsSourceWhenNotUserDefinedEvent" storage="d:\actions-runner\_work\xpco\xpco\eventserver\server\components\central\server\unittest\bin\x64\debug\videoos.event.server.unittest.dll" id="12586267-0673-3fe4-7439-32d08ed9f40e">
      <Execution id="18cdfabf-3605-4ca5-b21c-c01df20379b0" />
      <TestMethod codeBase="D:\actions-runner\_work\XPCO\XPCO\EventServer\Server\Components\Central\Server\unittest\bin\x64\Debug\VideoOS.Event.Server.UnitTest.dll" adapterTypeName="executor://mstestadapter/v2" className="VideoOS.Event.Server.UnitTest.Event.MapperEventSourceProviderTest" name="GetEventSourceReturnsSourceWhenNotUserDefinedEvent" />
    </UnitTest>
    <UnitTest name="TestGetStatusDetails" storage="d:\actions-runner\_work\xpco\xpco\eventserver\server\components\central\server\unittest\bin\x64\debug\videoos.event.server.unittest.dll" id="ed30d7b3-6c4f-ecd9-f0c1-57184b812b54">
      <Execution id="0748a626-609b-4c91-a146-1a77254da167" />
      <TestMethod codeBase="D:\actions-runner\_work\XPCO\XPCO\EventServer\Server\Components\Central\Server\unittest\bin\x64\Debug\VideoOS.Event.Server.UnitTest.dll" adapterTypeName="executor://mstestadapter/v2" className="VideoOS.Event.Server.WebService.Status.UnitTest.StatusCommandCredentialsTest" name="TestGetStatusDetails" />
    </UnitTest>
    <UnitTest name="TestGetStatusWithInsufficientRights" storage="d:\actions-runner\_work\xpco\xpco\eventserver\server\components\central\server\unittest\bin\x64\debug\videoos.event.server.unittest.dll" id="e36b2e0a-f623-eba1-545b-39729ad80b2e">
      <Execution id="f29bd63b-be2e-4cf2-8555-3d36061d245c" />
      <TestMethod codeBase="D:\actions-runner\_work\XPCO\XPCO\EventServer\Server\Components\Central\Server\unittest\bin\x64\Debug\VideoOS.Event.Server.UnitTest.dll" adapterTypeName="executor://mstestadapter/v2" className="VideoOS.Event.Server.Map.UnitTest.VisualElementStatusCalculatorTest" name="TestGetStatusWithInsufficientRights" />
    </UnitTest>
    <UnitTest name="TestGetStatusForAllObjectsOfTypeThrowingUnhandledException" storage="d:\actions-runner\_work\xpco\xpco\eventserver\server\components\central\server\unittest\bin\x64\debug\videoos.event.server.unittest.dll" id="7756291f-f52b-5262-1e5f-36b49a0df8d6">
      <Execution id="a6311f6d-9add-4d64-9567-129d3e9b2593" />
      <TestMethod codeBase="D:\actions-runner\_work\XPCO\XPCO\EventServer\Server\Components\Central\Server\unittest\bin\x64\Debug\VideoOS.Event.Server.UnitTest.dll" adapterTypeName="executor://mstestadapter/v2" className="VideoOS.Event.Server.WebService.Status.UnitTest.StatusCommandToken2Test" name="TestGetStatusForAllObjectsOfTypeThrowingUnhandledException" />
    </UnitTest>
    <UnitTest name="TestLoadConfigurationWithRootAndCyclicEntriesFirstInXmlFile" storage="d:\actions-runner\_work\xpco\xpco\eventserver\server\components\central\server\unittest\bin\x64\debug\videoos.event.server.unittest.dll" id="29f8d109-e7ff-8cc5-8a86-e30f52887a1b">
      <Execution id="c8f11c65-6349-441f-a68a-804b6cc93217" />
      <TestMethod codeBase="D:\actions-runner\_work\XPCO\XPCO\EventServer\Server\Components\Central\Server\unittest\bin\x64\Debug\VideoOS.Event.Server.UnitTest.dll" adapterTypeName="executor://mstestadapter/v2" className="VideoOS.Event.Server.Map.UnitTest.VisualElementStorageDatabaseTest" name="TestLoadConfigurationWithRootAndCyclicEntriesFirstInXmlFile" />
    </UnitTest>
    <UnitTest name="TestConstructor" storage="d:\actions-runner\_work\xpco\xpco\eventserver\server\components\central\server\unittest\bin\x64\debug\videoos.event.server.unittest.dll" id="3a5cb963-f3b6-06f8-49ee-bc5358ebcbe8">
      <Execution id="89a4406c-2d34-4748-a340-47bde113b83e" />
      <TestMethod codeBase="D:\actions-runner\_work\XPCO\XPCO\EventServer\Server\Components\Central\Server\unittest\bin\x64\Debug\VideoOS.Event.Server.UnitTest.dll" adapterTypeName="executor://mstestadapter/v2" className="VideoOS.Event.Server.Map.UnitTest.VisualElementStatusCalculatorTest" name="TestConstructor" />
    </UnitTest>
    <UnitTest name="TestGetAllElementsWithinGpsArea" storage="d:\actions-runner\_work\xpco\xpco\eventserver\server\components\central\server\unittest\bin\x64\debug\videoos.event.server.unittest.dll" id="38120862-f098-314a-3a8d-e661e83a85d7">
      <Execution id="4c12bd89-97fb-41cb-8f9f-1643ab8c4355" />
      <TestMethod codeBase="D:\actions-runner\_work\XPCO\XPCO\EventServer\Server\Components\Central\Server\unittest\bin\x64\Debug\VideoOS.Event.Server.UnitTest.dll" adapterTypeName="executor://mstestadapter/v2" className="VideoOS.Event.Server.Map.UnitTest.VisualElementManagerTest" name="TestGetAllElementsWithinGpsArea" />
    </UnitTest>
    <UnitTest name="TestGetPlugInItemsWithInvalidUser" storage="d:\actions-runner\_work\xpco\xpco\eventserver\server\components\central\server\unittest\bin\x64\debug\videoos.event.server.unittest.dll" id="978dc265-8b9f-481c-c0ec-115bf4a2ce3f">
      <TestCategory>
        <TestCategoryItem TestCategory="WebService/Map" />
      </TestCategory>
      <Execution id="9652ecd6-d7a7-413f-a1bf-b9910061faf1" />
      <TestMethod codeBase="D:\actions-runner\_work\XPCO\XPCO\EventServer\Server\Components\Central\Server\unittest\bin\x64\Debug\VideoOS.Event.Server.UnitTest.dll" adapterTypeName="executor://mstestadapter/v2" className="VideoOS.Event.Server.WebService.Map.UnitTest.MapCommandToken2Test" name="TestGetPlugInItemsWithInvalidUser" />
    </UnitTest>
    <UnitTest name="TestInsertElements" storage="d:\actions-runner\_work\xpco\xpco\eventserver\server\components\central\server\unittest\bin\x64\debug\videoos.event.server.unittest.dll" id="39c30b41-7533-0217-9e2f-38f551adf1cf">
      <Execution id="cf83186b-ab7a-4c35-afd5-43f3f388e761" />
      <TestMethod codeBase="D:\actions-runner\_work\XPCO\XPCO\EventServer\Server\Components\Central\Server\unittest\bin\x64\Debug\VideoOS.Event.Server.UnitTest.dll" adapterTypeName="executor://mstestadapter/v2" className="VideoOS.Event.Server.Map.UnitTest.VisualElementManagerTest" name="TestInsertElements" />
    </UnitTest>
    <UnitTest name="ShouldSave_ShouldBeFalse_AfterLoadingConfiguration" storage="d:\actions-runner\_work\xpco\xpco\eventserver\server\components\central\server\unittest\bin\x64\debug\videoos.event.server.unittest.dll" id="e3f69282-c150-c471-27ff-f7baf0f46eec">
      <Execution id="4af8ab5d-c3fc-4786-a3d3-422bc64d1012" />
      <TestMethod codeBase="D:\actions-runner\_work\XPCO\XPCO\EventServer\Server\Components\Central\Server\unittest\bin\x64\Debug\VideoOS.Event.Server.UnitTest.dll" adapterTypeName="executor://mstestadapter/v2" className="VideoOS.Event.Server.UnitTest.Config.EventRetentionConfigTests" name="ShouldSave_ShouldBeFalse_AfterLoadingConfiguration" />
    </UnitTest>
    <UnitTest name="TestGetStatusDetailsWithElementButInsufficientRights" storage="d:\actions-runner\_work\xpco\xpco\eventserver\server\components\central\server\unittest\bin\x64\debug\videoos.event.server.unittest.dll" id="aeed8064-29d5-e705-3bb9-042e1ea88f69">
      <Execution id="618e3d59-9b44-4608-92f0-9969f8796dff" />
      <TestMethod codeBase="D:\actions-runner\_work\XPCO\XPCO\EventServer\Server\Components\Central\Server\unittest\bin\x64\Debug\VideoOS.Event.Server.UnitTest.dll" adapterTypeName="executor://mstestadapter/v2" className="VideoOS.Event.Server.Map.UnitTest.VisualElementStatusCalculatorTest" name="TestGetStatusDetailsWithElementButInsufficientRights" />
    </UnitTest>
    <UnitTest name="UpdateDisplayXML_WithValidParameters" storage="d:\actions-runner\_work\xpco\xpco\eventserver\server\components\central\server\unittest\bin\x64\debug\videoos.event.server.unittest.dll" id="e51d5a0b-1ec1-7c7b-fb43-2477559a4db3">
      <TestCategory>
        <TestCategoryItem TestCategory="WebService/Map" />
      </TestCategory>
      <Execution id="4a74ac57-c382-4714-825e-66e3a4a6c701" />
      <TestMethod codeBase="D:\actions-runner\_work\XPCO\XPCO\EventServer\Server\Components\Central\Server\unittest\bin\x64\Debug\VideoOS.Event.Server.UnitTest.dll" adapterTypeName="executor://mstestadapter/v2" className="VideoOS.Event.Server.WebService.Map.UnitTest.MapCommandToken2Test" name="UpdateDisplayXML_WithValidParameters" />
    </UnitTest>
    <UnitTest name="TestGetPlugInsAccessControl" storage="d:\actions-runner\_work\xpco\xpco\eventserver\server\components\central\server\unittest\bin\x64\debug\videoos.event.server.unittest.dll" id="9186e825-8e3d-f413-3e31-cf412d7a879d">
      <TestCategory>
        <TestCategoryItem TestCategory="MapPlugInManagerTest" />
      </TestCategory>
      <Execution id="c5cd448b-38a1-4e24-908b-443957c7933a" />
      <TestMethod codeBase="D:\actions-runner\_work\XPCO\XPCO\EventServer\Server\Components\Central\Server\unittest\bin\x64\Debug\VideoOS.Event.Server.UnitTest.dll" adapterTypeName="executor://mstestadapter/v2" className="VideoOS.Event.Server.MIP.PlugIn.UnitTest.MapPlugInManagerTest" name="TestGetPlugInsAccessControl" />
    </UnitTest>
    <UnitTest name="GetObject_WithValidParameters" storage="d:\actions-runner\_work\xpco\xpco\eventserver\server\components\central\server\unittest\bin\x64\debug\videoos.event.server.unittest.dll" id="45e3d0f9-72c5-6428-8f37-e623a4e7d169">
      <TestCategory>
        <TestCategoryItem TestCategory="WebService/Map" />
      </TestCategory>
      <Execution id="65f3797f-e1d6-4633-bed2-83c960180a61" />
      <TestMethod codeBase="D:\actions-runner\_work\XPCO\XPCO\EventServer\Server\Components\Central\Server\unittest\bin\x64\Debug\VideoOS.Event.Server.UnitTest.dll" adapterTypeName="executor://mstestadapter/v2" className="VideoOS.Event.Server.WebService.Map.UnitTest.MapCommandTokenTest" name="GetObject_WithValidParameters" />
    </UnitTest>
    <UnitTest name="GetPlugIns_WithValidParameters" storage="d:\actions-runner\_work\xpco\xpco\eventserver\server\components\central\server\unittest\bin\x64\debug\videoos.event.server.unittest.dll" id="488a10c7-6e93-71e1-532e-0f788019feb9">
      <TestCategory>
        <TestCategoryItem TestCategory="WebService/Map" />
      </TestCategory>
      <Execution id="5be91b42-5b6a-4fa0-ae09-d5fc168ae88e" />
      <TestMethod codeBase="D:\actions-runner\_work\XPCO\XPCO\EventServer\Server\Components\Central\Server\unittest\bin\x64\Debug\VideoOS.Event.Server.UnitTest.dll" adapterTypeName="executor://mstestadapter/v2" className="VideoOS.Event.Server.WebService.Map.UnitTest.MapCommandToken2Test" name="GetPlugIns_WithValidParameters" />
    </UnitTest>
    <UnitTest name="TestGetStatusDetails" storage="d:\actions-runner\_work\xpco\xpco\eventserver\server\components\central\server\unittest\bin\x64\debug\videoos.event.server.unittest.dll" id="f9d67eef-e39a-c239-105a-88d1afb6eab7">
      <Execution id="58d20d36-e21c-4e25-94c1-857ca3f33716" />
      <TestMethod codeBase="D:\actions-runner\_work\XPCO\XPCO\EventServer\Server\Components\Central\Server\unittest\bin\x64\Debug\VideoOS.Event.Server.UnitTest.dll" adapterTypeName="executor://mstestadapter/v2" className="VideoOS.Event.Server.WebService.Status.UnitTest.StatusCommandToken2Test" name="TestGetStatusDetails" />
    </UnitTest>
    <UnitTest name="TestUpdateState" storage="d:\actions-runner\_work\xpco\xpco\eventserver\server\components\central\server\unittest\bin\x64\debug\videoos.event.server.unittest.dll" id="10092c91-f6f5-7031-f494-8a1a4394cccd">
      <Execution id="b0b0144e-027b-4dfb-8327-436f659b2139" />
      <TestMethod codeBase="D:\actions-runner\_work\XPCO\XPCO\EventServer\Server\Components\Central\Server\unittest\bin\x64\Debug\VideoOS.Event.Server.UnitTest.dll" adapterTypeName="executor://mstestadapter/v2" className="VideoOS.Event.Server.Map.Data.UnitTest.StatusElementHotzoneTest" name="TestUpdateState" />
    </UnitTest>
    <UnitTest name="TestGetStatusDetails" storage="d:\actions-runner\_work\xpco\xpco\eventserver\server\components\central\server\unittest\bin\x64\debug\videoos.event.server.unittest.dll" id="adb75ea3-f777-5203-f799-d1fc58ef10b1">
      <Execution id="439ceac1-95b5-4520-bc58-72cce81611c4" />
      <TestMethod codeBase="D:\actions-runner\_work\XPCO\XPCO\EventServer\Server\Components\Central\Server\unittest\bin\x64\Debug\VideoOS.Event.Server.UnitTest.dll" adapterTypeName="executor://mstestadapter/v2" className="VideoOS.Event.Server.WebService.Status.UnitTest.StatusCommandTokenTest" name="TestGetStatusDetails" />
    </UnitTest>
    <UnitTest name="TestUpdateElementNameWithOldTimestamp" storage="d:\actions-runner\_work\xpco\xpco\eventserver\server\components\central\server\unittest\bin\x64\debug\videoos.event.server.unittest.dll" id="a09789c3-f697-5663-6a05-6fa2cb53c4e5">
      <Execution id="94945ffd-95a9-4a3f-b3ac-bcd24f9167d0" />
      <TestMethod codeBase="D:\actions-runner\_work\XPCO\XPCO\EventServer\Server\Components\Central\Server\unittest\bin\x64\Debug\VideoOS.Event.Server.UnitTest.dll" adapterTypeName="executor://mstestadapter/v2" className="VideoOS.Event.Server.Map.UnitTest.VisualElementManagerTest" name="TestUpdateElementNameWithOldTimestamp" />
    </UnitTest>
    <UnitTest name="TestGetAlarmLinesException" storage="d:\actions-runner\_work\xpco\xpco\eventserver\server\components\central\server\unittest\bin\x64\debug\videoos.event.server.unittest.dll" id="95ca8a16-aa33-d88a-0f3b-3cf47cc95988">
      <Execution id="c8ff1c65-14b0-490c-a3d8-833b5a58dd81" />
      <TestMethod codeBase="D:\actions-runner\_work\XPCO\XPCO\EventServer\Server\Components\Central\Server\unittest\bin\x64\Debug\VideoOS.Event.Server.UnitTest.dll" adapterTypeName="executor://mstestadapter/v2" className="VideoOS.Event.Server.WebService.Alarm.UnitTest.AlarmCommandTokenTest" name="TestGetAlarmLinesException" />
    </UnitTest>
    <UnitTest name="TestSetVisualization" storage="d:\actions-runner\_work\xpco\xpco\eventserver\server\components\central\server\unittest\bin\x64\debug\videoos.event.server.unittest.dll" id="6f6d8299-aebe-4419-b1c6-5d039f069125">
      <Execution id="caccb123-f903-46b2-87c1-1e838ae62b05" />
      <TestMethod codeBase="D:\actions-runner\_work\XPCO\XPCO\EventServer\Server\Components\Central\Server\unittest\bin\x64\Debug\VideoOS.Event.Server.UnitTest.dll" adapterTypeName="executor://mstestadapter/v2" className="VideoOS.Event.Server.WebService.Status.UnitTest.StatusCommandTokenTest" name="TestSetVisualization" />
    </UnitTest>
    <UnitTest name="TestConstructor" storage="d:\actions-runner\_work\xpco\xpco\eventserver\server\components\central\server\unittest\bin\x64\debug\videoos.event.server.unittest.dll" id="b1344741-f535-b211-feea-e072076c9503">
      <Execution id="fa5fa3d8-dc8d-47ab-b36e-c96153754da8" />
      <TestMethod codeBase="D:\actions-runner\_work\XPCO\XPCO\EventServer\Server\Components\Central\Server\unittest\bin\x64\Debug\VideoOS.Event.Server.UnitTest.dll" adapterTypeName="executor://mstestadapter/v2" className="VideoOS.Event.Server.MIP.PlugIn.UnitTest.MapPlugInInternalIconFactoryTest" name="TestConstructor" />
    </UnitTest>
    <UnitTest name="TestGetPlugInsThrowingUnhandledException" storage="d:\actions-runner\_work\xpco\xpco\eventserver\server\components\central\server\unittest\bin\x64\debug\videoos.event.server.unittest.dll" id="0bd63037-6495-244e-9bba-5411f4925f62">
      <TestCategory>
        <TestCategoryItem TestCategory="WebService/Map" />
      </TestCategory>
      <Execution id="cb23977e-de25-42cf-9436-fad34edeacd5" />
      <TestMethod codeBase="D:\actions-runner\_work\XPCO\XPCO\EventServer\Server\Components\Central\Server\unittest\bin\x64\Debug\VideoOS.Event.Server.UnitTest.dll" adapterTypeName="executor://mstestadapter/v2" className="VideoOS.Event.Server.WebService.Map.UnitTest.MapCommandCredentialsTest" name="TestGetPlugInsThrowingUnhandledException" />
    </UnitTest>
    <UnitTest name="TestNewObject" storage="d:\actions-runner\_work\xpco\xpco\eventserver\server\components\central\server\unittest\bin\x64\debug\videoos.event.server.unittest.dll" id="ba9feb86-5058-c27a-8cc6-ab7e67bf95f9">
      <Execution id="f238c3db-3060-498e-9ce1-f2cebee88da0" />
      <TestMethod codeBase="D:\actions-runner\_work\XPCO\XPCO\EventServer\Server\Components\Central\Server\unittest\bin\x64\Debug\VideoOS.Event.Server.UnitTest.dll" adapterTypeName="executor://mstestadapter/v2" className="VideoOS.Event.Server.Map.Data.UnitTest.PositionStorageFactoryTest" name="TestNewObject" />
    </UnitTest>
    <UnitTest name="TestUpdateState" storage="d:\actions-runner\_work\xpco\xpco\eventserver\server\components\central\server\unittest\bin\x64\debug\videoos.event.server.unittest.dll" id="a787ff48-be4f-289c-784c-b1310306f6ca">
      <Execution id="eb6996ba-6a09-495c-905a-85bdf8ee5988" />
      <TestMethod codeBase="D:\actions-runner\_work\XPCO\XPCO\EventServer\Server\Components\Central\Server\unittest\bin\x64\Debug\VideoOS.Event.Server.UnitTest.dll" adapterTypeName="executor://mstestadapter/v2" className="VideoOS.Event.Server.Map.Data.UnitTest.StatusElementServerTest" name="TestUpdateState" />
    </UnitTest>
    <UnitTest name="TestGetSnapshotsInvalidToken" storage="d:\actions-runner\_work\xpco\xpco\eventserver\server\components\central\server\unittest\bin\x64\debug\videoos.event.server.unittest.dll" id="8a14e7a5-8569-78a0-5b3f-b4c1b0eddaa7">
      <Execution id="c649cf27-7530-4855-b564-e4b0a16757fe" />
      <TestMethod codeBase="D:\actions-runner\_work\XPCO\XPCO\EventServer\Server\Components\Central\Server\unittest\bin\x64\Debug\VideoOS.Event.Server.UnitTest.dll" adapterTypeName="executor://mstestadapter/v2" className="VideoOS.Event.Server.WebService.Alarm.UnitTest.AlarmCommandTokenTest" name="TestGetSnapshotsInvalidToken" />
    </UnitTest>
    <UnitTest name="TestGetVisualizationWithProperData" storage="d:\actions-runner\_work\xpco\xpco\eventserver\server\components\central\server\unittest\bin\x64\debug\videoos.event.server.unittest.dll" id="666804f4-1bf6-02d5-348c-c2829018a94b">
      <Execution id="3f9519d1-21d7-4c25-b645-d5a4a9d68ac8" />
      <TestMethod codeBase="D:\actions-runner\_work\XPCO\XPCO\EventServer\Server\Components\Central\Server\unittest\bin\x64\Debug\VideoOS.Event.Server.UnitTest.dll" adapterTypeName="executor://mstestadapter/v2" className="VideoOS.Event.Server.Map.UnitTest.VisualElementStatusCalculatorTest" name="TestGetVisualizationWithProperData" />
    </UnitTest>
    <UnitTest name="TestGetVisualElementChangesWithNegativeTimeout" storage="d:\actions-runner\_work\xpco\xpco\eventserver\server\components\central\server\unittest\bin\x64\debug\videoos.event.server.unittest.dll" id="5b4394a3-5514-825f-4826-f5d52800d9d3">
      <TestCategory>
        <TestCategoryItem TestCategory="WebService/Map" />
      </TestCategory>
      <Execution id="982bdf3b-1b38-4e8c-abae-19206ff12100" />
      <TestMethod codeBase="D:\actions-runner\_work\XPCO\XPCO\EventServer\Server\Components\Central\Server\unittest\bin\x64\Debug\VideoOS.Event.Server.UnitTest.dll" adapterTypeName="executor://mstestadapter/v2" className="VideoOS.Event.Server.WebService.Map.UnitTest.MapCommandTokenTest" name="TestGetVisualElementChangesWithNegativeTimeout" />
    </UnitTest>
    <UnitTest name="TestRemoveElementsSameCameraOnTwoMaps" storage="d:\actions-runner\_work\xpco\xpco\eventserver\server\components\central\server\unittest\bin\x64\debug\videoos.event.server.unittest.dll" id="9325cffd-549c-0b33-40fc-5ed80534bfbd">
      <Execution id="a719bd14-13ac-4a4a-b610-ce7155372481" />
      <TestMethod codeBase="D:\actions-runner\_work\XPCO\XPCO\EventServer\Server\Components\Central\Server\unittest\bin\x64\Debug\VideoOS.Event.Server.UnitTest.dll" adapterTypeName="executor://mstestadapter/v2" className="VideoOS.Event.Server.Map.UnitTest.VisualElementManagerTest" name="TestRemoveElementsSameCameraOnTwoMaps" />
    </UnitTest>
    <UnitTest name="TestUpdateElementBoundsWithOldTimestamp" storage="d:\actions-runner\_work\xpco\xpco\eventserver\server\components\central\server\unittest\bin\x64\debug\videoos.event.server.unittest.dll" id="c326596e-7b75-36be-fcbf-3e9d3f28c73d">
      <Execution id="54979cc4-cd9f-462b-99d6-0b411207c9c1" />
      <TestMethod codeBase="D:\actions-runner\_work\XPCO\XPCO\EventServer\Server\Components\Central\Server\unittest\bin\x64\Debug\VideoOS.Event.Server.UnitTest.dll" adapterTypeName="executor://mstestadapter/v2" className="VideoOS.Event.Server.Map.UnitTest.VisualElementManagerTest" name="TestUpdateElementBoundsWithOldTimestamp" />
    </UnitTest>
    <UnitTest name="DecryptFromBase64String_ShouldRaiseArgumentNullException_WhenValueIsNull" storage="d:\actions-runner\_work\xpco\xpco\eventserver\server\components\central\server\unittest\bin\x64\debug\videoos.event.server.unittest.dll" id="56c342b2-4303-c64f-8adb-70aea0006eb3">
      <TestCategory>
        <TestCategoryItem TestCategory="Security" />
      </TestCategory>
      <Execution id="b8e3db81-af6c-44bc-b8c7-f41f7c94ffca" />
      <TestMethod codeBase="D:\actions-runner\_work\XPCO\XPCO\EventServer\Server\Components\Central\Server\unittest\bin\x64\Debug\VideoOS.Event.Server.UnitTest.dll" adapterTypeName="executor://mstestadapter/v2" className="VideoOS.Event.Server.UnitTest.Security.EventServerEncryptionSymmetricTest" name="DecryptFromBase64String_ShouldRaiseArgumentNullException_WhenValueIsNull" />
    </UnitTest>
    <UnitTest name="ModifySuppressStatusItem_AttemptsToModifyNonExistingItem" storage="d:\actions-runner\_work\xpco\xpco\eventserver\server\components\central\server\unittest\bin\x64\debug\videoos.event.server.unittest.dll" id="42c7b6ec-6fd8-3a5b-5dad-a1ffcb7fbb57">
      <TestCategory>
        <TestCategoryItem TestCategory="CI" />
      </TestCategory>
      <Execution id="cbc0a538-5df9-499c-a02a-b54965054cd0" />
      <TestMethod codeBase="D:\actions-runner\_work\XPCO\XPCO\EventServer\Server\Components\Central\Server\unittest\bin\x64\Debug\VideoOS.Event.Server.UnitTest.dll" adapterTypeName="executor://mstestadapter/v2" className="VideoOS.EventServer.Disable.UnitTest.DisableManagerTest" name="ModifySuppressStatusItem_AttemptsToModifyNonExistingItem" />
    </UnitTest>
    <UnitTest name="TestToServiceItem" storage="d:\actions-runner\_work\xpco\xpco\eventserver\server\components\central\server\unittest\bin\x64\debug\videoos.event.server.unittest.dll" id="fb5492ab-cda6-ba8a-bab0-b37d58488088">
      <TestCategory>
        <TestCategoryItem TestCategory="MapPlugInInternalItem" />
      </TestCategory>
      <Execution id="7bf8b381-e26e-4345-8dcb-5c27fa41ebfb" />
      <TestMethod codeBase="D:\actions-runner\_work\XPCO\XPCO\EventServer\Server\Components\Central\Server\unittest\bin\x64\Debug\VideoOS.Event.Server.UnitTest.dll" adapterTypeName="executor://mstestadapter/v2" className="VideoOS.Event.Server.MIP.PlugIn.UnitTest.MapPlugInInternalItemTest" name="TestToServiceItem" />
    </UnitTest>
    <UnitTest name="TestObjectTypesGuid" storage="d:\actions-runner\_work\xpco\xpco\eventserver\server\components\central\server\unittest\bin\x64\debug\videoos.event.server.unittest.dll" id="b7b49a90-b7f2-58dd-a5f8-1f8a56ff100a">
      <Execution id="df163905-a6c8-4f0f-a6ae-043c91086296" />
      <TestMethod codeBase="D:\actions-runner\_work\XPCO\XPCO\EventServer\Server\Components\Central\Server\unittest\bin\x64\Debug\VideoOS.Event.Server.UnitTest.dll" adapterTypeName="executor://mstestadapter/v2" className="VideoOS.Event.Server.Map.Data.UnitTest.VisualElementStateTypesTest" name="TestObjectTypesGuid" />
    </UnitTest>
    <UnitTest name="GetStateGroupsTest" storage="d:\actions-runner\_work\xpco\xpco\eventserver\server\components\central\server\unittest\bin\x64\debug\videoos.event.server.unittest.dll" id="9f8c3216-6149-5961-d5fe-113fb44f852c">
      <Execution id="4112d378-fcbe-4ab5-817c-16cf948adfbc" />
      <TestMethod codeBase="D:\actions-runner\_work\XPCO\XPCO\EventServer\Server\Components\Central\Server\unittest\bin\x64\Debug\VideoOS.Event.Server.UnitTest.dll" adapterTypeName="executor://mstestadapter/v2" className="VideoOS.Event.Server.UnitTest.MIP.Environment.MIPEventTypeProviderTest" name="GetStateGroupsTest" />
    </UnitTest>
    <UnitTest name="TestLiveCacheWithSaved" storage="d:\actions-runner\_work\xpco\xpco\eventserver\server\components\central\server\unittest\bin\x64\debug\videoos.event.server.unittest.dll" id="525e8c69-505e-49e8-6928-10b9d0650e38">
      <TestCategory>
        <TestCategoryItem TestCategory="DatabaseConfigurableDataCache" />
      </TestCategory>
      <Execution id="4d81371f-e853-49c1-9098-78dfb21b4d03" />
      <TestMethod codeBase="D:\actions-runner\_work\XPCO\XPCO\EventServer\Server\Components\Central\Server\unittest\bin\x64\Debug\VideoOS.Event.Server.UnitTest.dll" adapterTypeName="executor://mstestadapter/v2" className="VideoOS.EventServer.Config.UnitTest.DatabaseConfigurableDataCacheTest" name="TestLiveCacheWithSaved" />
    </UnitTest>
    <UnitTest name="TestUpdateObjectsWithInvalidUser" storage="d:\actions-runner\_work\xpco\xpco\eventserver\server\components\central\server\unittest\bin\x64\debug\videoos.event.server.unittest.dll" id="0280bac4-7b8f-eea6-72bf-5e92818119e6">
      <TestCategory>
        <TestCategoryItem TestCategory="WebService/Map" />
      </TestCategory>
      <Execution id="f4d73199-da5f-48c1-81c5-422e9f13aa76" />
      <TestMethod codeBase="D:\actions-runner\_work\XPCO\XPCO\EventServer\Server\Components\Central\Server\unittest\bin\x64\Debug\VideoOS.Event.Server.UnitTest.dll" adapterTypeName="executor://mstestadapter/v2" className="VideoOS.Event.Server.WebService.Map.UnitTest.MapCommandTokenTest" name="TestUpdateObjectsWithInvalidUser" />
    </UnitTest>
    <UnitTest name="TestGetSnapshots" storage="d:\actions-runner\_work\xpco\xpco\eventserver\server\components\central\server\unittest\bin\x64\debug\videoos.event.server.unittest.dll" id="829d5191-315d-b7df-afe3-014222925fc8">
      <Execution id="9e08a1b7-a91c-4b0c-8eb6-613ad595b1d8" />
      <TestMethod codeBase="D:\actions-runner\_work\XPCO\XPCO\EventServer\Server\Components\Central\Server\unittest\bin\x64\Debug\VideoOS.Event.Server.UnitTest.dll" adapterTypeName="executor://mstestadapter/v2" className="VideoOS.Event.Server.WebService.Alarm.UnitTest.AlarmCommandTokenTest" name="TestGetSnapshots" />
    </UnitTest>
    <UnitTest name="Handle_ShouldReturnStateNewValue_WhenValuesIncludeStateIntIsStateNew" storage="d:\actions-runner\_work\xpco\xpco\eventserver\server\components\central\server\unittest\bin\x64\debug\videoos.event.server.unittest.dll" id="42517c84-6dea-ecc2-b8c2-5627cd2ab0be">
      <Execution id="cdd52fe0-4bee-4d4a-830a-ccb13f116f4c" />
      <TestMethod codeBase="D:\actions-runner\_work\XPCO\XPCO\EventServer\Server\Components\Central\Server\unittest\bin\x64\Debug\VideoOS.Event.Server.UnitTest.dll" adapterTypeName="executor://mstestadapter/v2" className="VideoOS.Event.Server.UnitTest.Alarm.Processors.UpdateAlarms.UpdateAlarmCompositeValueHandlerTests" name="Handle_ShouldReturnStateNewValue_WhenValuesIncludeStateIntIsStateNew" />
    </UnitTest>
    <UnitTest name="TestGetStatusForAllObjectsOfType" storage="d:\actions-runner\_work\xpco\xpco\eventserver\server\components\central\server\unittest\bin\x64\debug\videoos.event.server.unittest.dll" id="bda92b65-26d9-c174-14d8-f439d8b5e364">
      <Execution id="515b4cc2-f427-400d-b759-8e0c34a642b0" />
      <TestMethod codeBase="D:\actions-runner\_work\XPCO\XPCO\EventServer\Server\Components\Central\Server\unittest\bin\x64\Debug\VideoOS.Event.Server.UnitTest.dll" adapterTypeName="executor://mstestadapter/v2" className="VideoOS.Event.Server.WebService.Status.UnitTest.StatusCommandTokenTest" name="TestGetStatusForAllObjectsOfType" />
    </UnitTest>
    <UnitTest name="TestCopyObject" storage="d:\actions-runner\_work\xpco\xpco\eventserver\server\components\central\server\unittest\bin\x64\debug\videoos.event.server.unittest.dll" id="7aeef144-cbb4-b589-7357-281963de7fc3">
      <Execution id="3b64d8ed-6b75-4def-a5b3-4e794db48389" />
      <TestMethod codeBase="D:\actions-runner\_work\XPCO\XPCO\EventServer\Server\Components\Central\Server\unittest\bin\x64\Debug\VideoOS.Event.Server.UnitTest.dll" adapterTypeName="executor://mstestadapter/v2" className="VideoOS.Event.Server.MIP.PlugIn.UnitTest.MapPlugInInternalIconFactoryTest" name="TestCopyObject" />
    </UnitTest>
    <UnitTest name="EventToBaseEventMapper_ReturnsFreeFormEvent_WhenFreeFormData" storage="d:\actions-runner\_work\xpco\xpco\eventserver\server\components\central\server\unittest\bin\x64\debug\videoos.event.server.unittest.dll" id="3f506093-d5c7-05a3-3eba-db8d8da94f2d">
      <Execution id="494fb036-1360-4c5e-9bd1-15fcedb563a8" />
      <TestMethod codeBase="D:\actions-runner\_work\XPCO\XPCO\EventServer\Server\Components\Central\Server\unittest\bin\x64\Debug\VideoOS.Event.Server.UnitTest.dll" adapterTypeName="executor://mstestadapter/v2" className="VideoOS.Event.Server.UnitTest.Event.EventToBaseEventMapperTest" name="EventToBaseEventMapper_ReturnsFreeFormEvent_WhenFreeFormData" />
    </UnitTest>
    <UnitTest name="TestGetVisualizationChangesNotAuthenticated" storage="d:\actions-runner\_work\xpco\xpco\eventserver\server\components\central\server\unittest\bin\x64\debug\videoos.event.server.unittest.dll" id="9cdfec4c-e27e-9bd2-316e-e8b57afc6304">
      <Execution id="8205316e-6aa7-4b11-92db-c8bbaf85ef33" />
      <TestMethod codeBase="D:\actions-runner\_work\XPCO\XPCO\EventServer\Server\Components\Central\Server\unittest\bin\x64\Debug\VideoOS.Event.Server.UnitTest.dll" adapterTypeName="executor://mstestadapter/v2" className="VideoOS.Event.Server.WebService.Status.UnitTest.StatusCommandCredentialsTest" name="TestGetVisualizationChangesNotAuthenticated" />
    </UnitTest>
    <UnitTest name="TestCopyObject" storage="d:\actions-runner\_work\xpco\xpco\eventserver\server\components\central\server\unittest\bin\x64\debug\videoos.event.server.unittest.dll" id="46d030b8-a5b6-e2f5-b0a4-9cb1d0420e57">
      <Execution id="387c5e14-c020-4de4-b08b-c436ff1cacfa" />
      <TestMethod codeBase="D:\actions-runner\_work\XPCO\XPCO\EventServer\Server\Components\Central\Server\unittest\bin\x64\Debug\VideoOS.Event.Server.UnitTest.dll" adapterTypeName="executor://mstestadapter/v2" className="VideoOS.Event.Server.Map.Data.UnitTest.PositionStorageFactoryTest" name="TestCopyObject" />
    </UnitTest>
    <UnitTest name="TestNewObject" storage="d:\actions-runner\_work\xpco\xpco\eventserver\server\components\central\server\unittest\bin\x64\debug\videoos.event.server.unittest.dll" id="cfe923a5-11a0-312b-3c42-ddecffad1e3b">
      <Execution id="feaf4d9b-1dd5-4c55-a3ac-138f68cdc62a" />
      <TestMethod codeBase="D:\actions-runner\_work\XPCO\XPCO\EventServer\Server\Components\Central\Server\unittest\bin\x64\Debug\VideoOS.Event.Server.UnitTest.dll" adapterTypeName="executor://mstestadapter/v2" className="VideoOS.Event.Server.Map.Data.UnitTest.BoundsStorageFactoryTest" name="TestNewObject" />
    </UnitTest>
    <UnitTest name="TestInsertElementsWhereOneIdIsAllreadyInUse" storage="d:\actions-runner\_work\xpco\xpco\eventserver\server\components\central\server\unittest\bin\x64\debug\videoos.event.server.unittest.dll" id="f6819eae-b90a-2385-66dc-666a348500ab">
      <Execution id="03e91a49-91a3-43f7-9186-d3a8031f5dcb" />
      <TestMethod codeBase="D:\actions-runner\_work\XPCO\XPCO\EventServer\Server\Components\Central\Server\unittest\bin\x64\Debug\VideoOS.Event.Server.UnitTest.dll" adapterTypeName="executor://mstestadapter/v2" className="VideoOS.Event.Server.Map.UnitTest.VisualElementManagerTest" name="TestInsertElementsWhereOneIdIsAllreadyInUse" />
    </UnitTest>
    <UnitTest name="TestGetTypeChangedNotAuthenticated" storage="d:\actions-runner\_work\xpco\xpco\eventserver\server\components\central\server\unittest\bin\x64\debug\videoos.event.server.unittest.dll" id="7de57e20-c921-b425-66cd-8a389b670b01">
      <TestCategory>
        <TestCategoryItem TestCategory="WebService/Map" />
      </TestCategory>
      <Execution id="f2d46f17-9e65-4cfa-927f-872e6b18576b" />
      <TestMethod codeBase="D:\actions-runner\_work\XPCO\XPCO\EventServer\Server\Components\Central\Server\unittest\bin\x64\Debug\VideoOS.Event.Server.UnitTest.dll" adapterTypeName="executor://mstestadapter/v2" className="VideoOS.Event.Server.WebService.Map.UnitTest.MapCommandCredentialsTest" name="TestGetTypeChangedNotAuthenticated" />
    </UnitTest>
    <UnitTest name="TestGetAllElementsOfTypeWithTwoHotzonesPointingToSameSubMapOnForeignServer" storage="d:\actions-runner\_work\xpco\xpco\eventserver\server\components\central\server\unittest\bin\x64\debug\videoos.event.server.unittest.dll" id="6c9e3f23-3dc6-cbb1-dc19-2e22ab06529e">
      <Execution id="d2df6dc8-90a7-42e9-b52d-d6f44984c409" />
      <TestMethod codeBase="D:\actions-runner\_work\XPCO\XPCO\EventServer\Server\Components\Central\Server\unittest\bin\x64\Debug\VideoOS.Event.Server.UnitTest.dll" adapterTypeName="executor://mstestadapter/v2" className="VideoOS.Event.Server.Map.UnitTest.VisualElementManagerTest" name="TestGetAllElementsOfTypeWithTwoHotzonesPointingToSameSubMapOnForeignServer" />
    </UnitTest>
    <UnitTest name="TestGetVisualizationWithInvalidUser" storage="d:\actions-runner\_work\xpco\xpco\eventserver\server\components\central\server\unittest\bin\x64\debug\videoos.event.server.unittest.dll" id="b0effa69-0f52-5466-77c3-d4ce8fd9cb15">
      <Execution id="f22689f3-412d-4e9f-b2c9-ae72c1265a6a" />
      <TestMethod codeBase="D:\actions-runner\_work\XPCO\XPCO\EventServer\Server\Components\Central\Server\unittest\bin\x64\Debug\VideoOS.Event.Server.UnitTest.dll" adapterTypeName="executor://mstestadapter/v2" className="VideoOS.Event.Server.WebService.Status.UnitTest.StatusCommandTokenTest" name="TestGetVisualizationWithInvalidUser" />
    </UnitTest>
    <UnitTest name="ShouldSave_ShouldBeTrue_IfDefaultRetentionHasBeenUpdated" storage="d:\actions-runner\_work\xpco\xpco\eventserver\server\components\central\server\unittest\bin\x64\debug\videoos.event.server.unittest.dll" id="0d4292bb-9092-07e1-d05c-8ff30f027515">
      <Execution id="8bb10387-da8b-41ee-83cb-fd9abc79a08c" />
      <TestMethod codeBase="D:\actions-runner\_work\XPCO\XPCO\EventServer\Server\Components\Central\Server\unittest\bin\x64\Debug\VideoOS.Event.Server.UnitTest.dll" adapterTypeName="executor://mstestadapter/v2" className="VideoOS.Event.Server.UnitTest.Config.EventRetentionConfigTests" name="ShouldSave_ShouldBeTrue_IfDefaultRetentionHasBeenUpdated" />
    </UnitTest>
    <UnitTest name="TestInsertElementsWithTwoElementsWithSameRelationId" storage="d:\actions-runner\_work\xpco\xpco\eventserver\server\components\central\server\unittest\bin\x64\debug\videoos.event.server.unittest.dll" id="c93413a4-cce4-d076-cdab-9f751d1f2bd6">
      <Execution id="611ed106-f134-48ef-baca-af6ce4e8bf1c" />
      <TestMethod codeBase="D:\actions-runner\_work\XPCO\XPCO\EventServer\Server\Components\Central\Server\unittest\bin\x64\Debug\VideoOS.Event.Server.UnitTest.dll" adapterTypeName="executor://mstestadapter/v2" className="VideoOS.Event.Server.Map.UnitTest.VisualElementManagerTest" name="TestInsertElementsWithTwoElementsWithSameRelationId" />
    </UnitTest>
    <UnitTest name="TestAddChild" storage="d:\actions-runner\_work\xpco\xpco\eventserver\server\components\central\server\unittest\bin\x64\debug\videoos.event.server.unittest.dll" id="268ed45b-8b47-9643-7567-8e7ecb14ae8a">
      <Execution id="b21a7f07-b70a-4c95-958f-e531995f654b" />
      <TestMethod codeBase="D:\actions-runner\_work\XPCO\XPCO\EventServer\Server\Components\Central\Server\unittest\bin\x64\Debug\VideoOS.Event.Server.UnitTest.dll" adapterTypeName="executor://mstestadapter/v2" className="VideoOS.Event.Server.Map.Data.UnitTest.StatusElementTest" name="TestAddChild" />
    </UnitTest>
    <UnitTest name="TestUpdateAlarmWithComment" storage="d:\actions-runner\_work\xpco\xpco\eventserver\server\components\central\server\unittest\bin\x64\debug\videoos.event.server.unittest.dll" id="57fccb87-67ac-d6c7-5c1d-5dac0961ade9">
      <Execution id="56e58d48-7aa4-4778-a3fa-dd5ee6f83f2f" />
      <TestMethod codeBase="D:\actions-runner\_work\XPCO\XPCO\EventServer\Server\Components\Central\Server\unittest\bin\x64\Debug\VideoOS.Event.Server.UnitTest.dll" adapterTypeName="executor://mstestadapter/v2" className="VideoOS.Event.Server.WebService.Alarm.UnitTest.AlarmCommandTokenTest" name="TestUpdateAlarmWithComment" />
    </UnitTest>
    <UnitTest name="TestUpdateElementWithCyclicRelation" storage="d:\actions-runner\_work\xpco\xpco\eventserver\server\components\central\server\unittest\bin\x64\debug\videoos.event.server.unittest.dll" id="efd6bd24-441a-3baa-e256-65b8d3cbc0bb">
      <Execution id="8feec11c-3935-4d47-8d71-485cf84e16f4" />
      <TestMethod codeBase="D:\actions-runner\_work\XPCO\XPCO\EventServer\Server\Components\Central\Server\unittest\bin\x64\Debug\VideoOS.Event.Server.UnitTest.dll" adapterTypeName="executor://mstestadapter/v2" className="VideoOS.Event.Server.Map.UnitTest.VisualElementManagerTest" name="TestUpdateElementWithCyclicRelation" />
    </UnitTest>
    <UnitTest name="GetAllObjectsOnVisualElement_WithValidParameters" storage="d:\actions-runner\_work\xpco\xpco\eventserver\server\components\central\server\unittest\bin\x64\debug\videoos.event.server.unittest.dll" id="96141f11-d5b4-1b35-4b30-029b1af4f2e4">
      <TestCategory>
        <TestCategoryItem TestCategory="WebService/Map" />
      </TestCategory>
      <Execution id="92192ca8-9d3a-4d12-8839-bec3cb6c4a1e" />
      <TestMethod codeBase="D:\actions-runner\_work\XPCO\XPCO\EventServer\Server\Components\Central\Server\unittest\bin\x64\Debug\VideoOS.Event.Server.UnitTest.dll" adapterTypeName="executor://mstestadapter/v2" className="VideoOS.Event.Server.WebService.Map.UnitTest.MapCommandTokenTest" name="GetAllObjectsOnVisualElement_WithValidParameters" />
    </UnitTest>
    <UnitTest name="TestRemoveElementWithoutRelationId" storage="d:\actions-runner\_work\xpco\xpco\eventserver\server\components\central\server\unittest\bin\x64\debug\videoos.event.server.unittest.dll" id="548d3157-fa5e-4025-ee08-7c82a34be892">
      <Execution id="f83a9b2c-4f6b-4628-b23e-00bbad644368" />
      <TestMethod codeBase="D:\actions-runner\_work\XPCO\XPCO\EventServer\Server\Components\Central\Server\unittest\bin\x64\Debug\VideoOS.Event.Server.UnitTest.dll" adapterTypeName="executor://mstestadapter/v2" className="VideoOS.Event.Server.Map.UnitTest.VisualElementManagerTest" name="TestRemoveElementWithoutRelationId" />
    </UnitTest>
    <UnitTest name="TestLoadConfigurationWithRootAndCyclicEntriesLastInXmlFile" storage="d:\actions-runner\_work\xpco\xpco\eventserver\server\components\central\server\unittest\bin\x64\debug\videoos.event.server.unittest.dll" id="d0143e68-f378-480f-629d-fc0f669b6840">
      <Execution id="b999f153-52c1-45bb-81fe-eb2ce6a9c6c8" />
      <TestMethod codeBase="D:\actions-runner\_work\XPCO\XPCO\EventServer\Server\Components\Central\Server\unittest\bin\x64\Debug\VideoOS.Event.Server.UnitTest.dll" adapterTypeName="executor://mstestadapter/v2" className="VideoOS.Event.Server.Map.UnitTest.VisualElementStorageDatabaseTest" name="TestLoadConfigurationWithRootAndCyclicEntriesLastInXmlFile" />
    </UnitTest>
    <UnitTest name="TestActionHandlerStop" storage="d:\actions-runner\_work\xpco\xpco\eventserver\server\components\central\server\unittest\bin\x64\debug\videoos.event.server.unittest.dll" id="7cec8bc4-c627-956e-ae64-773b23a815c2">
      <Execution id="e6ddfdbf-abd1-474f-829f-50c9b9d3b768" />
      <TestMethod codeBase="D:\actions-runner\_work\XPCO\XPCO\EventServer\Server\Components\Central\Server\unittest\bin\x64\Debug\VideoOS.Event.Server.UnitTest.dll" adapterTypeName="executor://mstestadapter/v2" className="VideoOS.Event.Server.UnitTest.XPCORuleSystem.MipActionHandlerTest" name="TestActionHandlerStop" />
    </UnitTest>
    <UnitTest name="EventIdListTest_EventSource_Device" storage="d:\actions-runner\_work\xpco\xpco\eventserver\server\components\central\server\unittest\bin\x64\debug\videoos.event.server.unittest.dll" id="b88239be-6dd2-e42a-5938-b32ee50ed816">
      <Execution id="30620dab-f03f-4931-8464-4a1765763fd2" />
      <TestMethod codeBase="D:\actions-runner\_work\XPCO\XPCO\EventServer\Server\Components\Central\Server\unittest\bin\x64\Debug\VideoOS.Event.Server.UnitTest.dll" adapterTypeName="executor://mstestadapter/v2" className="VideoOS.Event.Server.UnitTest.Event.EventIdListTest" name="EventIdListTest_EventSource_Device" />
    </UnitTest>
    <UnitTest name="TestUpdateObjectWithInvalidUser" storage="d:\actions-runner\_work\xpco\xpco\eventserver\server\components\central\server\unittest\bin\x64\debug\videoos.event.server.unittest.dll" id="5c673eb5-12cc-90ae-c56e-c7eb9d3c0590">
      <TestCategory>
        <TestCategoryItem TestCategory="WebService/Map" />
      </TestCategory>
      <Execution id="4696b608-2677-46f2-b4e5-f194907527fd" />
      <TestMethod codeBase="D:\actions-runner\_work\XPCO\XPCO\EventServer\Server\Components\Central\Server\unittest\bin\x64\Debug\VideoOS.Event.Server.UnitTest.dll" adapterTypeName="executor://mstestadapter/v2" className="VideoOS.Event.Server.WebService.Map.UnitTest.MapCommandTokenTest" name="TestUpdateObjectWithInvalidUser" />
    </UnitTest>
    <UnitTest name="TestUpdateElementNameWithAMarkedForDeletionElement" storage="d:\actions-runner\_work\xpco\xpco\eventserver\server\components\central\server\unittest\bin\x64\debug\videoos.event.server.unittest.dll" id="1b1aed6a-8b9e-499d-541d-e9bb494b1433">
      <Execution id="93e18f63-4d00-4f03-b1bd-3413ddd18b9e" />
      <TestMethod codeBase="D:\actions-runner\_work\XPCO\XPCO\EventServer\Server\Components\Central\Server\unittest\bin\x64\Debug\VideoOS.Event.Server.UnitTest.dll" adapterTypeName="executor://mstestadapter/v2" className="VideoOS.Event.Server.Map.UnitTest.VisualElementManagerTest" name="TestUpdateElementNameWithAMarkedForDeletionElement" />
    </UnitTest>
    <UnitTest name="TestRemoveElementsWithInvalidId" storage="d:\actions-runner\_work\xpco\xpco\eventserver\server\components\central\server\unittest\bin\x64\debug\videoos.event.server.unittest.dll" id="c3bd286e-e412-9a7e-dc49-1313e3d02098">
      <Execution id="fc38bc6d-aee2-472a-9c50-3a72d72aa5ee" />
      <TestMethod codeBase="D:\actions-runner\_work\XPCO\XPCO\EventServer\Server\Components\Central\Server\unittest\bin\x64\Debug\VideoOS.Event.Server.UnitTest.dll" adapterTypeName="executor://mstestadapter/v2" className="VideoOS.Event.Server.Map.UnitTest.VisualElementManagerTest" name="TestRemoveElementsWithInvalidId" />
    </UnitTest>
    <UnitTest name="AddSoundTest" storage="d:\actions-runner\_work\xpco\xpco\eventserver\server\components\central\server\unittest\bin\x64\debug\videoos.event.server.unittest.dll" id="04c25643-376b-7a28-b586-b53145f3b62e">
      <Execution id="1bf2fb1e-fe6f-4f2e-8b35-a83fe9101380" />
      <TestMethod codeBase="D:\actions-runner\_work\XPCO\XPCO\EventServer\Server\Components\Central\Server\unittest\bin\x64\Debug\VideoOS.Event.Server.UnitTest.dll" adapterTypeName="executor://mstestadapter/v2" className="VideoOS.Event.Server.Sound.UnitTest.SoundManagerTest" name="AddSoundTest" />
    </UnitTest>
    <UnitTest name="TestInitalizationWithSameTypeGuid" storage="d:\actions-runner\_work\xpco\xpco\eventserver\server\components\central\server\unittest\bin\x64\debug\videoos.event.server.unittest.dll" id="c1cddf05-4632-237c-35db-74e00d98f1cb">
      <Execution id="297f50a6-ff33-41f9-aa69-8b1e98edd710" />
      <TestMethod codeBase="D:\actions-runner\_work\XPCO\XPCO\EventServer\Server\Components\Central\Server\unittest\bin\x64\Debug\VideoOS.Event.Server.UnitTest.dll" adapterTypeName="executor://mstestadapter/v2" className="VideoOS.Event.Server.MIP.PlugIn.UnitTest.MapPlugInEventHandlerTest" name="TestInitalizationWithSameTypeGuid" />
    </UnitTest>
    <UnitTest name="GetAllObjectIDsOnVisualElement_WithValidParameters" storage="d:\actions-runner\_work\xpco\xpco\eventserver\server\components\central\server\unittest\bin\x64\debug\videoos.event.server.unittest.dll" id="f586fca5-268f-ad39-85af-69b3179442b1">
      <TestCategory>
        <TestCategoryItem TestCategory="WebService/Map" />
      </TestCategory>
      <Execution id="6fc1f04f-7e5e-449b-a010-50e728b5150b" />
      <TestMethod codeBase="D:\actions-runner\_work\XPCO\XPCO\EventServer\Server\Components\Central\Server\unittest\bin\x64\Debug\VideoOS.Event.Server.UnitTest.dll" adapterTypeName="executor://mstestadapter/v2" className="VideoOS.Event.Server.WebService.Map.UnitTest.MapCommandToken2Test" name="GetAllObjectIDsOnVisualElement_WithValidParameters" />
    </UnitTest>
    <UnitTest name="TestGetVisualElementChangesWithZeroTimeout" storage="d:\actions-runner\_work\xpco\xpco\eventserver\server\components\central\server\unittest\bin\x64\debug\videoos.event.server.unittest.dll" id="a85129ae-c9fd-e336-efb1-3a4a2726dc6a">
      <TestCategory>
        <TestCategoryItem TestCategory="WebService/Map" />
      </TestCategory>
      <Execution id="ecee6a3f-b814-4845-bb38-9841c5c6cc4f" />
      <TestMethod codeBase="D:\actions-runner\_work\XPCO\XPCO\EventServer\Server\Components\Central\Server\unittest\bin\x64\Debug\VideoOS.Event.Server.UnitTest.dll" adapterTypeName="executor://mstestadapter/v2" className="VideoOS.Event.Server.WebService.Map.UnitTest.MapCommandCredentialsTest" name="TestGetVisualElementChangesWithZeroTimeout" />
    </UnitTest>
    <UnitTest name="EncryptToBase64String_ShouldRaiseArgumentNullException_WhenValueIsNull" storage="d:\actions-runner\_work\xpco\xpco\eventserver\server\components\central\server\unittest\bin\x64\debug\videoos.event.server.unittest.dll" id="c30c4660-2f7b-1aa5-e1a9-541b7522a7fd">
      <TestCategory>
        <TestCategoryItem TestCategory="Security" />
      </TestCategory>
      <Execution id="9f40b815-1319-475c-acb7-3fe6910c273a" />
      <TestMethod codeBase="D:\actions-runner\_work\XPCO\XPCO\EventServer\Server\Components\Central\Server\unittest\bin\x64\Debug\VideoOS.Event.Server.UnitTest.dll" adapterTypeName="executor://mstestadapter/v2" className="VideoOS.Event.Server.UnitTest.Security.EventServerEncryptionSymmetricTest" name="EncryptToBase64String_ShouldRaiseArgumentNullException_WhenValueIsNull" />
    </UnitTest>
    <UnitTest name="EventConverter_ConvertBaseItemToBaseEvent_BaseItem_Null" storage="d:\actions-runner\_work\xpco\xpco\eventserver\server\components\central\server\unittest\bin\x64\debug\videoos.event.server.unittest.dll" id="2642ffa3-58ea-8fa0-4a47-e34aa27d1791">
      <Execution id="bb777f97-3cb2-4173-bde4-f687068f907f" />
      <TestMethod codeBase="D:\actions-runner\_work\XPCO\XPCO\EventServer\Server\Components\Central\Server\unittest\bin\x64\Debug\VideoOS.Event.Server.UnitTest.dll" adapterTypeName="executor://mstestadapter/v2" className="VideoOS.Event.Server.UnitTest.Utils.EventConverterTest" name="EventConverter_ConvertBaseItemToBaseEvent_BaseItem_Null" />
    </UnitTest>
    <UnitTest name="TestGetAllObjectsOnVisualElementWithValidParameters" storage="d:\actions-runner\_work\xpco\xpco\eventserver\server\components\central\server\unittest\bin\x64\debug\videoos.event.server.unittest.dll" id="93bf2ce8-97d0-81d1-81a6-9c667f394bdb">
      <TestCategory>
        <TestCategoryItem TestCategory="WebService/Map" />
      </TestCategory>
      <Execution id="04a3b0b4-2a10-4fd2-b0bf-b71e745bdf09" />
      <TestMethod codeBase="D:\actions-runner\_work\XPCO\XPCO\EventServer\Server\Components\Central\Server\unittest\bin\x64\Debug\VideoOS.Event.Server.UnitTest.dll" adapterTypeName="executor://mstestadapter/v2" className="VideoOS.Event.Server.WebService.Map.UnitTest.MapCommandCredentialsTest" name="TestGetAllObjectsOnVisualElementWithValidParameters" />
    </UnitTest>
    <UnitTest name="TestLoadXMLWithNoInnerText" storage="d:\actions-runner\_work\xpco\xpco\eventserver\server\components\central\server\unittest\bin\x64\debug\videoos.event.server.unittest.dll" id="77b5d4bc-b377-3b3d-cdba-71dd46765f92">
      <Execution id="5276ed48-6082-4508-b03b-7a2b8c167de9" />
      <TestMethod codeBase="D:\actions-runner\_work\XPCO\XPCO\EventServer\Server\Components\Central\Server\unittest\bin\x64\Debug\VideoOS.Event.Server.UnitTest.dll" adapterTypeName="executor://mstestadapter/v2" className="VideoOS.Event.Server.Map.Data.UnitTest.TypeIdStorageTest" name="TestLoadXMLWithNoInnerText" />
    </UnitTest>
    <UnitTest name="TestRemoveElementWithRemovingElementWhereRelationIdIsPoitingTo" storage="d:\actions-runner\_work\xpco\xpco\eventserver\server\components\central\server\unittest\bin\x64\debug\videoos.event.server.unittest.dll" id="4d58dbe2-2b23-9b02-f6aa-34a415aba837">
      <Execution id="bd5149a7-9d7e-4c5e-81d5-4a6227e2e66b" />
      <TestMethod codeBase="D:\actions-runner\_work\XPCO\XPCO\EventServer\Server\Components\Central\Server\unittest\bin\x64\Debug\VideoOS.Event.Server.UnitTest.dll" adapterTypeName="executor://mstestadapter/v2" className="VideoOS.Event.Server.Map.UnitTest.VisualElementManagerTest" name="TestRemoveElementWithRemovingElementWhereRelationIdIsPoitingTo" />
    </UnitTest>
    <UnitTest name="TestRemoveElementsRemoveTwoElements" storage="d:\actions-runner\_work\xpco\xpco\eventserver\server\components\central\server\unittest\bin\x64\debug\videoos.event.server.unittest.dll" id="9e5d9a4d-c350-a94a-1194-aed8cbf67a80">
      <Execution id="25b03940-d87c-45f3-9ad3-f653f154febf" />
      <TestMethod codeBase="D:\actions-runner\_work\XPCO\XPCO\EventServer\Server\Components\Central\Server\unittest\bin\x64\Debug\VideoOS.Event.Server.UnitTest.dll" adapterTypeName="executor://mstestadapter/v2" className="VideoOS.Event.Server.Map.UnitTest.VisualElementManagerTest" name="TestRemoveElementsRemoveTwoElements" />
    </UnitTest>
    <UnitTest name="TestGetIconReturnOthersIcon" storage="d:\actions-runner\_work\xpco\xpco\eventserver\server\components\central\server\unittest\bin\x64\debug\videoos.event.server.unittest.dll" id="83602d0f-e8fc-dc2c-16f1-f22bb5275d62">
      <TestCategory>
        <TestCategoryItem TestCategory="MapPlugInManagerTest" />
      </TestCategory>
      <Execution id="bad9251c-1216-4de1-955c-1c3c28c03ea1" />
      <TestMethod codeBase="D:\actions-runner\_work\XPCO\XPCO\EventServer\Server\Components\Central\Server\unittest\bin\x64\Debug\VideoOS.Event.Server.UnitTest.dll" adapterTypeName="executor://mstestadapter/v2" className="VideoOS.Event.Server.MIP.PlugIn.UnitTest.MapPlugInManagerTest" name="TestGetIconReturnOthersIcon" />
    </UnitTest>
    <UnitTest name="TestUpdateNameWithValidParameters" storage="d:\actions-runner\_work\xpco\xpco\eventserver\server\components\central\server\unittest\bin\x64\debug\videoos.event.server.unittest.dll" id="5853a9e0-8ba5-a9fc-10cd-83263f396ebb">
      <TestCategory>
        <TestCategoryItem TestCategory="WebService/Map" />
      </TestCategory>
      <Execution id="c9beb098-f6a3-45aa-b320-4e96c5964f4c" />
      <TestMethod codeBase="D:\actions-runner\_work\XPCO\XPCO\EventServer\Server\Components\Central\Server\unittest\bin\x64\Debug\VideoOS.Event.Server.UnitTest.dll" adapterTypeName="executor://mstestadapter/v2" className="VideoOS.Event.Server.WebService.Map.UnitTest.MapCommandCredentialsTest" name="TestUpdateNameWithValidParameters" />
    </UnitTest>
    <UnitTest name="AllEventTypeGroups_ShouldContainAllEventTypes_WhenAllEventTypesAreSet" storage="d:\actions-runner\_work\xpco\xpco\eventserver\server\components\central\server\unittest\bin\x64\debug\videoos.event.server.unittest.dll" id="832cb8dd-452e-8b63-c810-8d0dc73f7eb0">
      <Execution id="1a63c428-05c8-4887-a2e7-b767801e2a40" />
      <TestMethod codeBase="D:\actions-runner\_work\XPCO\XPCO\EventServer\Server\Components\Central\Server\unittest\bin\x64\Debug\VideoOS.Event.Server.UnitTest.dll" adapterTypeName="executor://mstestadapter/v2" className="VideoOS.Event.Server.UnitTest.Alarm.ConfigFilterManagerTests" name="AllEventTypeGroups_ShouldContainAllEventTypes_WhenAllEventTypesAreSet" />
    </UnitTest>
    <UnitTest name="TestGetVisualElementChangesWithPositiveTimeout" storage="d:\actions-runner\_work\xpco\xpco\eventserver\server\components\central\server\unittest\bin\x64\debug\videoos.event.server.unittest.dll" id="71ac7708-f02b-16cd-b5d5-cdd06651ba0e">
      <Execution id="38571702-186b-44fb-b936-50e970163639" />
      <TestMethod codeBase="D:\actions-runner\_work\XPCO\XPCO\EventServer\Server\Components\Central\Server\unittest\bin\x64\Debug\VideoOS.Event.Server.UnitTest.dll" adapterTypeName="executor://mstestadapter/v2" className="VideoOS.Event.Server.WebService.Status.UnitTest.StatusCommandTokenTest" name="TestGetVisualElementChangesWithPositiveTimeout" />
    </UnitTest>
    <UnitTest name="TestGetTypeChangedThrowingUnhandledException" storage="d:\actions-runner\_work\xpco\xpco\eventserver\server\components\central\server\unittest\bin\x64\debug\videoos.event.server.unittest.dll" id="062d78b0-673a-e0bd-7cfd-1476597e307b">
      <TestCategory>
        <TestCategoryItem TestCategory="WebService/Map" />
      </TestCategory>
      <Execution id="0faf533b-397f-4392-9eb2-0771cde17125" />
      <TestMethod codeBase="D:\actions-runner\_work\XPCO\XPCO\EventServer\Server\Components\Central\Server\unittest\bin\x64\Debug\VideoOS.Event.Server.UnitTest.dll" adapterTypeName="executor://mstestadapter/v2" className="VideoOS.Event.Server.WebService.Map.UnitTest.MapCommandTokenTest" name="TestGetTypeChangedThrowingUnhandledException" />
    </UnitTest>
    <UnitTest name="TestGetStatusForAllObjectsOfTypeSingleMap" storage="d:\actions-runner\_work\xpco\xpco\eventserver\server\components\central\server\unittest\bin\x64\debug\videoos.event.server.unittest.dll" id="a3a5c8ea-dbbb-3e4f-7267-ef6bd47aa29e">
      <Execution id="7e6c8ec4-b2e7-4009-9d7f-8fae8092d295" />
      <TestMethod codeBase="D:\actions-runner\_work\XPCO\XPCO\EventServer\Server\Components\Central\Server\unittest\bin\x64\Debug\VideoOS.Event.Server.UnitTest.dll" adapterTypeName="executor://mstestadapter/v2" className="VideoOS.Event.Server.Map.UnitTest.VisualElementStatusCalculatorTest" name="TestGetStatusForAllObjectsOfTypeSingleMap" />
    </UnitTest>
    <UnitTest name="ReloadPluginEventTypes_ShouldReplacePluginEventTypes_WhenItemKindAlreadyExists" storage="d:\actions-runner\_work\xpco\xpco\eventserver\server\components\central\server\unittest\bin\x64\debug\videoos.event.server.unittest.dll" id="623d5464-fc7a-1663-b3fc-1cd58eecc58a">
      <Execution id="ae080334-cea7-4b6f-93d1-56840ddab838" />
      <TestMethod codeBase="D:\actions-runner\_work\XPCO\XPCO\EventServer\Server\Components\Central\Server\unittest\bin\x64\Debug\VideoOS.Event.Server.UnitTest.dll" adapterTypeName="executor://mstestadapter/v2" className="VideoOS.Event.Server.UnitTest.Alarm.ConfigFilterManagerTests" name="ReloadPluginEventTypes_ShouldReplacePluginEventTypes_WhenItemKindAlreadyExists" />
    </UnitTest>
    <UnitTest name="TestInitalizationWithException" storage="d:\actions-runner\_work\xpco\xpco\eventserver\server\components\central\server\unittest\bin\x64\debug\videoos.event.server.unittest.dll" id="e4f8b770-0d81-23f2-8871-d75af01e388b">
      <Execution id="ff86293a-edd3-4441-a2bb-22e0bdb8e542" />
      <TestMethod codeBase="D:\actions-runner\_work\XPCO\XPCO\EventServer\Server\Components\Central\Server\unittest\bin\x64\Debug\VideoOS.Event.Server.UnitTest.dll" adapterTypeName="executor://mstestadapter/v2" className="VideoOS.Event.Server.MIP.PlugIn.UnitTest.MapPlugInEventHandlerTest" name="TestInitalizationWithException" />
    </UnitTest>
    <UnitTest name="TestUserIDTypeConvertToConstant" storage="d:\actions-runner\_work\xpco\xpco\eventserver\server\components\central\server\unittest\bin\x64\debug\videoos.event.server.unittest.dll" id="3eeebd0f-6c17-a08d-96dc-03c2f5058b44">
      <Execution id="52e658b8-d0f0-45b5-afd1-be88824488b2" />
      <TestMethod codeBase="D:\actions-runner\_work\XPCO\XPCO\EventServer\Server\Components\Central\Server\unittest\bin\x64\Debug\VideoOS.Event.Server.UnitTest.dll" adapterTypeName="executor://mstestadapter/v2" className="VideoOS.Event.Server.UserValidation.Data.UnitTest.UserIDTypeTest" name="TestUserIDTypeConvertToConstant" />
    </UnitTest>
    <UnitTest name="TestGetXML" storage="d:\actions-runner\_work\xpco\xpco\eventserver\server\components\central\server\unittest\bin\x64\debug\videoos.event.server.unittest.dll" id="708fca23-6d8e-9bd9-6995-a29d952babb8">
      <Execution id="74ec4913-7b75-4a4d-9003-e851d72b7e59" />
      <TestMethod codeBase="D:\actions-runner\_work\XPCO\XPCO\EventServer\Server\Components\Central\Server\unittest\bin\x64\Debug\VideoOS.Event.Server.UnitTest.dll" adapterTypeName="executor://mstestadapter/v2" className="VideoOS.Event.Server.Map.Data.UnitTest.TypeIdStorageTest" name="TestGetXML" />
    </UnitTest>
    <UnitTest name="StartStopTest" storage="d:\actions-runner\_work\xpco\xpco\eventserver\server\components\central\server\unittest\bin\x64\debug\videoos.event.server.unittest.dll" id="5c4423f1-3542-6d83-6216-62288fcdf2f4">
      <Execution id="1162bee5-654b-4ba5-bd21-77f01af5e647" />
      <TestMethod codeBase="D:\actions-runner\_work\XPCO\XPCO\EventServer\Server\Components\Central\Server\unittest\bin\x64\Debug\VideoOS.Event.Server.UnitTest.dll" adapterTypeName="executor://mstestadapter/v2" className="VideoOS.Event.Server.UnitTest.AccessControl.AccessControlEventTypeProviderTest" name="StartStopTest" />
    </UnitTest>
    <UnitTest name="TestGetVisualElementChangesWithNegativeTimeout" storage="d:\actions-runner\_work\xpco\xpco\eventserver\server\components\central\server\unittest\bin\x64\debug\videoos.event.server.unittest.dll" id="d3b83472-d279-5956-8eb1-a6a351343475">
      <TestCategory>
        <TestCategoryItem TestCategory="WebService/Map" />
      </TestCategory>
      <Execution id="c9fab1f4-066c-4f41-8bbb-77f112c35d6a" />
      <TestMethod codeBase="D:\actions-runner\_work\XPCO\XPCO\EventServer\Server\Components\Central\Server\unittest\bin\x64\Debug\VideoOS.Event.Server.UnitTest.dll" adapterTypeName="executor://mstestadapter/v2" className="VideoOS.Event.Server.WebService.Map.UnitTest.MapCommandToken2Test" name="TestGetVisualElementChangesWithNegativeTimeout" />
    </UnitTest>
    <UnitTest name="TestSetVisualizationWithNullData" storage="d:\actions-runner\_work\xpco\xpco\eventserver\server\components\central\server\unittest\bin\x64\debug\videoos.event.server.unittest.dll" id="df76bf6c-5619-810d-15bf-759f6cad4ac2">
      <Execution id="34e0340c-9f98-41f2-a67f-38165f367456" />
      <TestMethod codeBase="D:\actions-runner\_work\XPCO\XPCO\EventServer\Server\Components\Central\Server\unittest\bin\x64\Debug\VideoOS.Event.Server.UnitTest.dll" adapterTypeName="executor://mstestadapter/v2" className="VideoOS.Event.Server.Map.UnitTest.VisualElementStatusCalculatorTest" name="TestSetVisualizationWithNullData" />
    </UnitTest>
    <UnitTest name="TestGetElementGetAMarkedForDeletionElement" storage="d:\actions-runner\_work\xpco\xpco\eventserver\server\components\central\server\unittest\bin\x64\debug\videoos.event.server.unittest.dll" id="1560d87c-9504-582e-42c3-2a759a5254c0">
      <Execution id="3921da95-2bf3-4a67-aa76-26d3cd433a54" />
      <TestMethod codeBase="D:\actions-runner\_work\XPCO\XPCO\EventServer\Server\Components\Central\Server\unittest\bin\x64\Debug\VideoOS.Event.Server.UnitTest.dll" adapterTypeName="executor://mstestadapter/v2" className="VideoOS.Event.Server.Map.UnitTest.VisualElementManagerTest" name="TestGetElementGetAMarkedForDeletionElement" />
    </UnitTest>
    <UnitTest name="EventConverter_ConvertEventStatusToBaseItem_Success_InternalEvent" storage="d:\actions-runner\_work\xpco\xpco\eventserver\server\components\central\server\unittest\bin\x64\debug\videoos.event.server.unittest.dll" id="f70c4cdf-d4c9-9cde-60f2-7b3846e100d8">
      <Execution id="458c23a2-66d5-4e00-860e-c66a52adb4af" />
      <TestMethod codeBase="D:\actions-runner\_work\XPCO\XPCO\EventServer\Server\Components\Central\Server\unittest\bin\x64\Debug\VideoOS.Event.Server.UnitTest.dll" adapterTypeName="executor://mstestadapter/v2" className="VideoOS.Event.Server.UnitTest.Utils.EventConverterTest" name="EventConverter_ConvertEventStatusToBaseItem_Success_InternalEvent" />
    </UnitTest>
    <UnitTest name="TestGetSnapshotsException" storage="d:\actions-runner\_work\xpco\xpco\eventserver\server\components\central\server\unittest\bin\x64\debug\videoos.event.server.unittest.dll" id="b786416e-7d48-adbf-e477-6b331c5b8dce">
      <Execution id="f89f821e-b6b0-411f-8092-545e9436e9d0" />
      <TestMethod codeBase="D:\actions-runner\_work\XPCO\XPCO\EventServer\Server\Components\Central\Server\unittest\bin\x64\Debug\VideoOS.Event.Server.UnitTest.dll" adapterTypeName="executor://mstestadapter/v2" className="VideoOS.Event.Server.WebService.Alarm.UnitTest.AlarmCommandTokenTest" name="TestGetSnapshotsException" />
    </UnitTest>
    <UnitTest name="TestUpdateElementsWithAnElementMarkedForDeletion" storage="d:\actions-runner\_work\xpco\xpco\eventserver\server\components\central\server\unittest\bin\x64\debug\videoos.event.server.unittest.dll" id="7c2c6837-0ff3-3639-aae7-2c01abcd651e">
      <Execution id="1562563b-af78-49ab-a225-79cd5480c989" />
      <TestMethod codeBase="D:\actions-runner\_work\XPCO\XPCO\EventServer\Server\Components\Central\Server\unittest\bin\x64\Debug\VideoOS.Event.Server.UnitTest.dll" adapterTypeName="executor://mstestadapter/v2" className="VideoOS.Event.Server.Map.UnitTest.VisualElementManagerTest" name="TestUpdateElementsWithAnElementMarkedForDeletion" />
    </UnitTest>
    <UnitTest name="TestCreateObjectWithValidParameters" storage="d:\actions-runner\_work\xpco\xpco\eventserver\server\components\central\server\unittest\bin\x64\debug\videoos.event.server.unittest.dll" id="0e5a3475-da9b-1e91-d7bb-1eef45e61a92">
      <TestCategory>
        <TestCategoryItem TestCategory="WebService/Map" />
      </TestCategory>
      <Execution id="864462cf-135e-4a10-a2d1-17824176e9cf" />
      <TestMethod codeBase="D:\actions-runner\_work\XPCO\XPCO\EventServer\Server\Components\Central\Server\unittest\bin\x64\Debug\VideoOS.Event.Server.UnitTest.dll" adapterTypeName="executor://mstestadapter/v2" className="VideoOS.Event.Server.WebService.Map.UnitTest.MapCommandCredentialsTest" name="TestCreateObjectWithValidParameters" />
    </UnitTest>
    <UnitTest name="TestConstructorWithVisualElementStorageDatabaseAndVisualElementWithNullObjects" storage="d:\actions-runner\_work\xpco\xpco\eventserver\server\components\central\server\unittest\bin\x64\debug\videoos.event.server.unittest.dll" id="33996ad1-87de-26bf-b419-0a1ec0333bb4">
      <Execution id="4de034db-8bbd-4598-afaf-8a5d14b66d94" />
      <TestMethod codeBase="D:\actions-runner\_work\XPCO\XPCO\EventServer\Server\Components\Central\Server\unittest\bin\x64\Debug\VideoOS.Event.Server.UnitTest.dll" adapterTypeName="executor://mstestadapter/v2" className="VideoOS.Event.Server.Map.Data.UnitTest.VisualElementStorageTest" name="TestConstructorWithVisualElementStorageDatabaseAndVisualElementWithNullObjects" />
    </UnitTest>
    <UnitTest name="TestDictMethods" storage="d:\actions-runner\_work\xpco\xpco\eventserver\server\components\central\server\unittest\bin\x64\debug\videoos.event.server.unittest.dll" id="1ba550a5-1f48-afaa-0282-6c7d6ffea5db">
      <Execution id="682b2169-8736-4014-87c7-96136c91b704" />
      <TestMethod codeBase="D:\actions-runner\_work\XPCO\XPCO\EventServer\Server\Components\Central\Server\unittest\bin\x64\Debug\VideoOS.Event.Server.UnitTest.dll" adapterTypeName="executor://mstestadapter/v2" className="VideoOS.Event.Server.Map.Data.UnitTest.AccessListStorageTest" name="TestDictMethods" />
    </UnitTest>
    <UnitTest name="TestUpdateState" storage="d:\actions-runner\_work\xpco\xpco\eventserver\server\components\central\server\unittest\bin\x64\debug\videoos.event.server.unittest.dll" id="3716fbb6-4400-db0e-3fbb-de68de859458">
      <Execution id="831e3f16-060b-4e85-96de-cd60ba6b93fd" />
      <TestMethod codeBase="D:\actions-runner\_work\XPCO\XPCO\EventServer\Server\Components\Central\Server\unittest\bin\x64\Debug\VideoOS.Event.Server.UnitTest.dll" adapterTypeName="executor://mstestadapter/v2" className="VideoOS.Event.Server.Map.Data.UnitTest.StatusElementMapTest" name="TestUpdateState" />
    </UnitTest>
    <UnitTest name="TestGetStatusForAllObjectsOfType" storage="d:\actions-runner\_work\xpco\xpco\eventserver\server\components\central\server\unittest\bin\x64\debug\videoos.event.server.unittest.dll" id="b9de5487-3d39-f56d-886b-071337ca9235">
      <Execution id="bbe484e7-c1c1-4e20-a62d-9710cbca83c6" />
      <TestMethod codeBase="D:\actions-runner\_work\XPCO\XPCO\EventServer\Server\Components\Central\Server\unittest\bin\x64\Debug\VideoOS.Event.Server.UnitTest.dll" adapterTypeName="executor://mstestadapter/v2" className="VideoOS.Event.Server.WebService.Status.UnitTest.StatusCommandCredentialsTest" name="TestGetStatusForAllObjectsOfType" />
    </UnitTest>
    <UnitTest name="TestGetStatusDetailsWithElementContainingNoDetails" storage="d:\actions-runner\_work\xpco\xpco\eventserver\server\components\central\server\unittest\bin\x64\debug\videoos.event.server.unittest.dll" id="83082774-001a-3111-eeb0-284040ad150c">
      <Execution id="eb85ffcb-7b56-42b6-bfdc-9cf469fe6ee0" />
      <TestMethod codeBase="D:\actions-runner\_work\XPCO\XPCO\EventServer\Server\Components\Central\Server\unittest\bin\x64\Debug\VideoOS.Event.Server.UnitTest.dll" adapterTypeName="executor://mstestadapter/v2" className="VideoOS.Event.Server.Map.UnitTest.VisualElementStatusCalculatorTest" name="TestGetStatusDetailsWithElementContainingNoDetails" />
    </UnitTest>
    <UnitTest name="WebServiceTest_CreateHTTPBinding" storage="d:\actions-runner\_work\xpco\xpco\eventserver\server\components\central\server\unittest\bin\x64\debug\videoos.event.server.unittest.dll" id="6d3c75aa-64b1-6ada-2a01-e4e42d5cc21c">
      <Execution id="bc9136b7-9539-4252-9d77-e976ab328770" />
      <TestMethod codeBase="D:\actions-runner\_work\XPCO\XPCO\EventServer\Server\Components\Central\Server\unittest\bin\x64\Debug\VideoOS.Event.Server.UnitTest.dll" adapterTypeName="executor://mstestadapter/v2" className="VideoOS.Event.Server.UnitTest.WebService.WebServiceTest" name="WebServiceTest_CreateHTTPBinding" />
    </UnitTest>
    <UnitTest name="TestGetPlugInItemChangesWithNulTimeout" storage="d:\actions-runner\_work\xpco\xpco\eventserver\server\components\central\server\unittest\bin\x64\debug\videoos.event.server.unittest.dll" id="78bd5421-694f-1155-dee5-f3584d330adf">
      <TestCategory>
        <TestCategoryItem TestCategory="WebService/Map" />
      </TestCategory>
      <Execution id="641b83f9-e8f2-4d97-b600-051cc03ca507" />
      <TestMethod codeBase="D:\actions-runner\_work\XPCO\XPCO\EventServer\Server\Components\Central\Server\unittest\bin\x64\Debug\VideoOS.Event.Server.UnitTest.dll" adapterTypeName="executor://mstestadapter/v2" className="VideoOS.Event.Server.WebService.Map.UnitTest.MapCommandCredentialsTest" name="TestGetPlugInItemChangesWithNulTimeout" />
    </UnitTest>
    <UnitTest name="TestGetPlugInItemsAccessControl" storage="d:\actions-runner\_work\xpco\xpco\eventserver\server\components\central\server\unittest\bin\x64\debug\videoos.event.server.unittest.dll" id="fe177b54-6a76-7409-52b8-05c4ba65e365">
      <TestCategory>
        <TestCategoryItem TestCategory="MapPlugInManagerTest" />
      </TestCategory>
      <Execution id="31549912-7ed6-463d-b628-033947e2dadd" />
      <TestMethod codeBase="D:\actions-runner\_work\XPCO\XPCO\EventServer\Server\Components\Central\Server\unittest\bin\x64\Debug\VideoOS.Event.Server.UnitTest.dll" adapterTypeName="executor://mstestadapter/v2" className="VideoOS.Event.Server.MIP.PlugIn.UnitTest.MapPlugInManagerTest" name="TestGetPlugInItemsAccessControl" />
    </UnitTest>
    <UnitTest name="TestItemUpdated" storage="d:\actions-runner\_work\xpco\xpco\eventserver\server\components\central\server\unittest\bin\x64\debug\videoos.event.server.unittest.dll" id="4b4d29b9-1f01-6004-91ad-6a8c4e6e9223">
      <Execution id="877674c4-cccb-455d-8df3-dbbd210fffd6" />
      <TestMethod codeBase="D:\actions-runner\_work\XPCO\XPCO\EventServer\Server\Components\Central\Server\unittest\bin\x64\Debug\VideoOS.Event.Server.UnitTest.dll" adapterTypeName="executor://mstestadapter/v2" className="VideoOS.Event.Server.MIP.PlugIn.UnitTest.MapPlugInTypeEventHandlerTest" name="TestItemUpdated" />
    </UnitTest>
    <UnitTest name="EventConverter_ConvertBaseItemToBaseEvent_TriggerEvent_Empty" storage="d:\actions-runner\_work\xpco\xpco\eventserver\server\components\central\server\unittest\bin\x64\debug\videoos.event.server.unittest.dll" id="436f3507-7b42-8e18-77db-9f6fb3e539f5">
      <Execution id="e5826030-f97d-4f0f-a25e-a61ba256cbc3" />
      <TestMethod codeBase="D:\actions-runner\_work\XPCO\XPCO\EventServer\Server\Components\Central\Server\unittest\bin\x64\Debug\VideoOS.Event.Server.UnitTest.dll" adapterTypeName="executor://mstestadapter/v2" className="VideoOS.Event.Server.UnitTest.Utils.EventConverterTest" name="EventConverter_ConvertBaseItemToBaseEvent_TriggerEvent_Empty" />
    </UnitTest>
    <UnitTest name="TestTypeIDs" storage="d:\actions-runner\_work\xpco\xpco\eventserver\server\components\central\server\unittest\bin\x64\debug\videoos.event.server.unittest.dll" id="9fb72f8c-7a32-6c9c-0963-3a48de1ed139">
      <TestCategory>
        <TestCategoryItem TestCategory="MapPlugInManagerTest" />
      </TestCategory>
      <Execution id="d74a5e77-b52e-4a8c-999e-70377581604c" />
      <TestMethod codeBase="D:\actions-runner\_work\XPCO\XPCO\EventServer\Server\Components\Central\Server\unittest\bin\x64\Debug\VideoOS.Event.Server.UnitTest.dll" adapterTypeName="executor://mstestadapter/v2" className="VideoOS.Event.Server.MIP.PlugIn.UnitTest.MapPlugInManagerTest" name="TestTypeIDs" />
    </UnitTest>
    <UnitTest name="TestUpdateElementsWithInvalidId" storage="d:\actions-runner\_work\xpco\xpco\eventserver\server\components\central\server\unittest\bin\x64\debug\videoos.event.server.unittest.dll" id="bd04b31f-0f79-1b23-444f-e9199a7cc79f">
      <Execution id="9c4dca9e-33df-47ca-8535-1e9f25e4e7b0" />
      <TestMethod codeBase="D:\actions-runner\_work\XPCO\XPCO\EventServer\Server\Components\Central\Server\unittest\bin\x64\Debug\VideoOS.Event.Server.UnitTest.dll" adapterTypeName="executor://mstestadapter/v2" className="VideoOS.Event.Server.Map.UnitTest.VisualElementManagerTest" name="TestUpdateElementsWithInvalidId" />
    </UnitTest>
    <UnitTest name="TestRemoveElementWithNonExistingId" storage="d:\actions-runner\_work\xpco\xpco\eventserver\server\components\central\server\unittest\bin\x64\debug\videoos.event.server.unittest.dll" id="71d20668-151d-d940-3401-2af3efc860c6">
      <Execution id="bd4f25da-af74-4211-93f2-eebd36048778" />
      <TestMethod codeBase="D:\actions-runner\_work\XPCO\XPCO\EventServer\Server\Components\Central\Server\unittest\bin\x64\Debug\VideoOS.Event.Server.UnitTest.dll" adapterTypeName="executor://mstestadapter/v2" className="VideoOS.Event.Server.Map.UnitTest.VisualElementManagerTest" name="TestRemoveElementWithNonExistingId" />
    </UnitTest>
  </TestDefinitions>
  <TestEntries>
    <TestEntry testId="094bba8f-c3e2-d36c-6093-90d928e3ff38" executionId="2bc0373b-4fe9-4f6f-b340-537a83b41d88" testListId="8c84fa94-04c1-424b-9868-57a2d4851a1d" />
    <TestEntry testId="d40dc10a-64d0-160e-43ab-7ade16a57465" executionId="b1077e74-c6b7-4193-9da3-ad7d329e249f" testListId="8c84fa94-04c1-424b-9868-57a2d4851a1d" />
    <TestEntry testId="61b1faa6-0efc-af5e-6a9d-e58e6eb783b9" executionId="4c47bd4c-baa5-4ba1-998e-3e96b68587fc" testListId="8c84fa94-04c1-424b-9868-57a2d4851a1d" />
    <TestEntry testId="bd13d3be-2b69-2191-9edd-a13c4674c882" executionId="34bc6ae8-37cc-4dee-adcc-9eeb8d6e1b3d" testListId="8c84fa94-04c1-424b-9868-57a2d4851a1d" />
    <TestEntry testId="d1f7a5c2-3ee0-b6c4-54cf-c0d5f5f43eb3" executionId="8cbfc4f2-2ae0-4669-af13-d9af56350848" testListId="8c84fa94-04c1-424b-9868-57a2d4851a1d" />
    <TestEntry testId="40011b60-4048-c1a7-b55d-88f066436383" executionId="af14b27f-e5e3-4e99-b8ac-25b2e1b34692" testListId="8c84fa94-04c1-424b-9868-57a2d4851a1d" />
    <TestEntry testId="d0a15130-1ca6-b7e5-8f44-4b44d16aba65" executionId="46a1fa3e-6755-4923-b99a-54755e87cc9c" testListId="8c84fa94-04c1-424b-9868-57a2d4851a1d" />
    <TestEntry testId="cbdeb48c-9946-2f9b-d5ad-e5852245e50b" executionId="23d65bf7-2dbf-4c1d-9d25-eb35193abc40" testListId="8c84fa94-04c1-424b-9868-57a2d4851a1d" />
    <TestEntry testId="5b4394a3-5514-825f-4826-f5d52800d9d3" executionId="982bdf3b-1b38-4e8c-abae-19206ff12100" testListId="8c84fa94-04c1-424b-9868-57a2d4851a1d" />
    <TestEntry testId="c31cef10-8516-b9e7-a04d-69b760ded6f6" executionId="ebf1b319-797a-4a28-9395-84537aa17ac1" testListId="8c84fa94-04c1-424b-9868-57a2d4851a1d" />
    <TestEntry testId="6d3c75aa-64b1-6ada-2a01-e4e42d5cc21c" executionId="bc9136b7-9539-4252-9d77-e976ab328770" testListId="8c84fa94-04c1-424b-9868-57a2d4851a1d" />
    <TestEntry testId="b8289cb1-7e5f-64cb-d1b0-4dd9582e9145" executionId="b5846aac-ef23-4869-9d96-20b016c89632" testListId="8c84fa94-04c1-424b-9868-57a2d4851a1d" />
    <TestEntry testId="eb2f2cd7-c193-fc00-42d8-b5c3c4bea8bc" executionId="74f4e8b8-4ae8-4a63-8713-80835815c2bb" testListId="8c84fa94-04c1-424b-9868-57a2d4851a1d" />
    <TestEntry testId="efd6bd24-441a-3baa-e256-65b8d3cbc0bb" executionId="8feec11c-3935-4d47-8d71-485cf84e16f4" testListId="8c84fa94-04c1-424b-9868-57a2d4851a1d" />
    <TestEntry testId="fa5b705f-74f1-eb9b-e48e-98b073d14fd2" executionId="a009f7e9-8538-4b6c-8f0b-0d5b05ea95f2" testListId="8c84fa94-04c1-424b-9868-57a2d4851a1d" />
    <TestEntry testId="aff30fbf-763f-2f9e-b0cc-a98a35d151b0" executionId="66efed5b-9e04-4fe6-b425-c1fed0954c34" testListId="8c84fa94-04c1-424b-9868-57a2d4851a1d" />
    <TestEntry testId="bcc2542f-2068-b622-e2f2-3cc555e9d8ce" executionId="2c9dcf13-b892-49c1-9401-32034a830c55" testListId="8c84fa94-04c1-424b-9868-57a2d4851a1d" />
    <TestEntry testId="03f3f165-6eb2-c462-06fa-5224fc9ec9a7" executionId="794b763e-6580-4df0-94cd-9c541fc6672c" testListId="8c84fa94-04c1-424b-9868-57a2d4851a1d" />
    <TestEntry testId="22c512ee-e1ec-d3b4-619b-8c4fac598876" executionId="05cd8411-aecc-4ded-a253-9179458d9145" testListId="8c84fa94-04c1-424b-9868-57a2d4851a1d" />
    <TestEntry testId="9c86edb1-8421-03ff-f287-850cdcf3d65e" executionId="87f8193a-05ea-4dc1-accd-0298956cfc66" testListId="8c84fa94-04c1-424b-9868-57a2d4851a1d" />
    <TestEntry testId="4f23a621-f756-78e4-ef6d-3087baf6d1ca" executionId="e1a351dc-af79-4d56-b468-68f7575f02b4" testListId="8c84fa94-04c1-424b-9868-57a2d4851a1d" />
    <TestEntry testId="4ef9ba7f-9843-68c1-3bd4-4c329c30cec0" executionId="e0001765-b67c-4f39-8291-33ee9b0ca470" testListId="8c84fa94-04c1-424b-9868-57a2d4851a1d" />
    <TestEntry testId="97b31139-a598-5002-d238-5d4d9f4008d4" executionId="02d9824c-3794-4cd8-b691-7fe292d109bd" testListId="8c84fa94-04c1-424b-9868-57a2d4851a1d" />
    <TestEntry testId="728d1115-151c-0e88-82f7-4da6a4daa585" executionId="6fa1e937-c4ab-49e7-a520-cada38759056" testListId="8c84fa94-04c1-424b-9868-57a2d4851a1d" />
    <TestEntry testId="fd0ab141-7840-5d96-7618-b67c8b840eee" executionId="028bec0a-c0e3-4da0-b665-48e132c1ddc8" testListId="8c84fa94-04c1-424b-9868-57a2d4851a1d" />
    <TestEntry testId="09f25e02-1fea-e16e-0d02-81e3a86fadf2" executionId="17b10cef-d925-4aa2-bb14-3b06cc792645" testListId="8c84fa94-04c1-424b-9868-57a2d4851a1d" />
    <TestEntry testId="767c499b-6b4e-ed35-1957-484bc25803c1" executionId="0e7eb2c5-1d85-417e-8479-e3c803f470d9" testListId="8c84fa94-04c1-424b-9868-57a2d4851a1d" />
    <TestEntry testId="1ae86f40-de65-d93c-055b-9239232d7a2e" executionId="bae07550-151d-4c9d-b882-336e57db486e" testListId="8c84fa94-04c1-424b-9868-57a2d4851a1d" />
    <TestEntry testId="3f532001-bc00-e7ae-e945-4f15c68b9b8d" executionId="8042625f-de0c-492e-a3c1-ee3971c38cc7" testListId="8c84fa94-04c1-424b-9868-57a2d4851a1d" />
    <TestEntry testId="1615d896-8039-477a-8cb4-89284c760e2c" executionId="442d8765-f9c8-4078-abe1-185507f2fcab" testListId="8c84fa94-04c1-424b-9868-57a2d4851a1d" />
    <TestEntry testId="d5621eba-cb30-7bb1-a1d1-8acbd8028e45" executionId="e4eb10ca-1ea1-459a-99df-6faf0655e800" testListId="8c84fa94-04c1-424b-9868-57a2d4851a1d" />
    <TestEntry testId="c9ac8109-a977-5850-df7c-0201cbb26bfc" executionId="3d4c87e5-5736-41db-bb82-0f946ed3f171" testListId="8c84fa94-04c1-424b-9868-57a2d4851a1d" />
    <TestEntry testId="452b2ad6-63da-e377-e214-101b481a21fa" executionId="77c88d62-07ae-4e15-ad89-ec28a5908120" testListId="8c84fa94-04c1-424b-9868-57a2d4851a1d" />
    <TestEntry testId="9688a158-7527-5fc3-8f52-444dcee106fa" executionId="ab3c8cc1-047f-49dd-8718-34465ef0b362" testListId="8c84fa94-04c1-424b-9868-57a2d4851a1d" />
    <TestEntry testId="002617bd-a67a-7b4b-5bc6-130c54767026" executionId="b7993ad8-d6b3-4e29-93d7-e761dd658052" testListId="8c84fa94-04c1-424b-9868-57a2d4851a1d" />
    <TestEntry testId="f70c4cdf-d4c9-9cde-60f2-7b3846e100d8" executionId="458c23a2-66d5-4e00-860e-c66a52adb4af" testListId="8c84fa94-04c1-424b-9868-57a2d4851a1d" />
    <TestEntry testId="dd96b905-dcef-c594-5611-ca3036f7f364" executionId="3135b9ba-e51e-4ec1-86ce-aa37fd68b849" testListId="8c84fa94-04c1-424b-9868-57a2d4851a1d" />
    <TestEntry testId="0e5a3475-da9b-1e91-d7bb-1eef45e61a92" executionId="864462cf-135e-4a10-a2d1-17824176e9cf" testListId="8c84fa94-04c1-424b-9868-57a2d4851a1d" />
    <TestEntry testId="b786416e-7d48-adbf-e477-6b331c5b8dce" executionId="f89f821e-b6b0-411f-8092-545e9436e9d0" testListId="8c84fa94-04c1-424b-9868-57a2d4851a1d" />
    <TestEntry testId="e4485a7b-7692-9572-08b5-73744887a6e6" executionId="fba9d6d4-3f2e-466c-8845-873d65efe2c1" testListId="8c84fa94-04c1-424b-9868-57a2d4851a1d" />
    <TestEntry testId="4e83dfb8-d6fa-96b5-e523-9b7e2b677ee8" executionId="72a02db3-6857-4bd5-ab0b-ac711f289440" testListId="8c84fa94-04c1-424b-9868-57a2d4851a1d" />
    <TestEntry testId="0fd712d9-59b7-cb04-8840-d908f2765c31" executionId="a2a29c57-5543-4d8b-b64c-4b314d29e6a5" testListId="8c84fa94-04c1-424b-9868-57a2d4851a1d" />
    <TestEntry testId="73753696-2533-9426-cb28-017c160d36af" executionId="93f027b0-8b4f-43c1-bd15-4fdc2bc9643b" testListId="8c84fa94-04c1-424b-9868-57a2d4851a1d" />
    <TestEntry testId="decbdcfc-adb8-130c-8096-ad9c64fb6a0e" executionId="87a28223-2c8c-4876-bd61-ceba7414b3ab" testListId="8c84fa94-04c1-424b-9868-57a2d4851a1d" />
    <TestEntry testId="47d6cddf-c885-e67b-0599-3e5be2206dbc" executionId="01660108-99d7-4bb1-83d7-def881622bbb" testListId="8c84fa94-04c1-424b-9868-57a2d4851a1d" />
    <TestEntry testId="6320ea53-85ae-967c-2d46-ad563b7772c4" executionId="ff225b90-9573-44a5-9975-3957e6b83008" testListId="8c84fa94-04c1-424b-9868-57a2d4851a1d" />
    <TestEntry testId="6488b4e1-85d5-895b-3547-5a9de2e90989" executionId="3ec2ac3e-15c2-41c9-9522-03a7544305f4" testListId="8c84fa94-04c1-424b-9868-57a2d4851a1d" />
    <TestEntry testId="0fd024f0-12ba-7ea7-b690-018972738db2" executionId="c08f1e68-4495-4029-a157-c7422a4db487" testListId="8c84fa94-04c1-424b-9868-57a2d4851a1d" />
    <TestEntry testId="a0c28440-3fc9-873a-2f7d-9443bb37c937" executionId="55a40df0-41fd-4c9b-80a6-49733e478e3a" testListId="8c84fa94-04c1-424b-9868-57a2d4851a1d" />
    <TestEntry testId="8a008f19-8c0c-1ccf-7f84-a2d6bcee30d0" executionId="ab6bb648-8022-4318-aa16-bea25e340f0b" testListId="8c84fa94-04c1-424b-9868-57a2d4851a1d" />
    <TestEntry testId="be97b11f-8dc8-1eaa-e222-f5f0d93061d2" executionId="4ba1e9fd-f274-4867-9127-15eb9b9f4f2f" testListId="8c84fa94-04c1-424b-9868-57a2d4851a1d" />
    <TestEntry testId="edcfd9c3-452b-274d-975f-fbc155d6a6ed" executionId="22de3d5f-2c19-4c21-935d-60bf942b4898" testListId="8c84fa94-04c1-424b-9868-57a2d4851a1d" />
    <TestEntry testId="57fccb87-67ac-d6c7-5c1d-5dac0961ade9" executionId="56e58d48-7aa4-4778-a3fa-dd5ee6f83f2f" testListId="8c84fa94-04c1-424b-9868-57a2d4851a1d" />
    <TestEntry testId="fba6c5d6-f67e-b778-3f6d-40b264f20da7" executionId="c4f58c58-1386-483c-b4f8-25311b307c70" testListId="8c84fa94-04c1-424b-9868-57a2d4851a1d" />
    <TestEntry testId="ccb9bfbc-3d59-3184-7e4f-081f9ce17556" executionId="68883db0-5632-43ce-889d-75e235a28244" testListId="8c84fa94-04c1-424b-9868-57a2d4851a1d" />
    <TestEntry testId="09333fb6-02c4-4782-382c-b2f2c7a30637" executionId="4c377554-626f-4b8f-a914-c6240e8ab96a" testListId="8c84fa94-04c1-424b-9868-57a2d4851a1d" />
    <TestEntry testId="96abae70-804e-22a1-b798-693289176733" executionId="5afce79d-bc56-4393-bd15-916f698b411c" testListId="8c84fa94-04c1-424b-9868-57a2d4851a1d" />
    <TestEntry testId="f47618c5-722e-6e57-bc97-ac13a004d957" executionId="c39ebef5-47fd-4ddf-addc-151c531e26a3" testListId="8c84fa94-04c1-424b-9868-57a2d4851a1d" />
    <TestEntry testId="1a12a332-e73f-ef96-40a4-64a398ff0092" executionId="efaae7c1-2b51-47f7-a21d-98edb4f0857e" testListId="8c84fa94-04c1-424b-9868-57a2d4851a1d" />
    <TestEntry testId="22e094aa-8588-2993-1ed3-ae0f3e830978" executionId="78562860-83b8-45d1-9e32-6b99cfc24415" testListId="8c84fa94-04c1-424b-9868-57a2d4851a1d" />
    <TestEntry testId="c326596e-7b75-36be-fcbf-3e9d3f28c73d" executionId="54979cc4-cd9f-462b-99d6-0b411207c9c1" testListId="8c84fa94-04c1-424b-9868-57a2d4851a1d" />
    <TestEntry testId="6f4aa358-fb39-bf15-74d6-cff7bf6dc736" executionId="661c3ce8-90b3-44c5-bfca-2debc0583438" testListId="8c84fa94-04c1-424b-9868-57a2d4851a1d" />
    <TestEntry testId="ca460ab7-0633-570a-3f65-82ba50f53cf4" executionId="ec5e2b34-19b9-45cb-9c72-9a226c47da29" testListId="8c84fa94-04c1-424b-9868-57a2d4851a1d" />
    <TestEntry testId="80738fc9-f45c-b37e-24ed-0c0f3e31a8eb" executionId="24249470-1705-4968-94c4-e46d65e6665b" testListId="8c84fa94-04c1-424b-9868-57a2d4851a1d" />
    <TestEntry testId="4920ef1a-ec63-940a-6c12-3ff42fd4dece" executionId="220c6133-631e-4141-9f1b-f652b4fb492c" testListId="8c84fa94-04c1-424b-9868-57a2d4851a1d" />
    <TestEntry testId="5c9176a2-10c0-60f1-d8ea-56e9bf838835" executionId="9b6aee81-3066-49b3-9f56-50e70e0dba38" testListId="8c84fa94-04c1-424b-9868-57a2d4851a1d" />
    <TestEntry testId="fae7770e-a34c-d24e-3dc4-4c8b734ea8bd" executionId="7f24f51a-00a7-4c79-976c-c811245b6b00" testListId="8c84fa94-04c1-424b-9868-57a2d4851a1d" />
    <TestEntry testId="36da37d2-4bc2-9801-a72b-ccfc4d1e6877" executionId="99d654e4-924f-47b3-ab00-58b26c5738fe" testListId="8c84fa94-04c1-424b-9868-57a2d4851a1d" />
    <TestEntry testId="c8928bd0-50a2-9d4e-412a-4945259d8ebb" executionId="a0de6f38-c736-47e9-9c27-fdb53f8c48e5" testListId="8c84fa94-04c1-424b-9868-57a2d4851a1d" />
    <TestEntry testId="06c41f3f-b907-8887-c033-31260fa78eef" executionId="19e5e8ca-f3f5-4255-a258-0210742f8509" testListId="8c84fa94-04c1-424b-9868-57a2d4851a1d" />
    <TestEntry testId="5f2caf5e-eee3-03b0-3c1f-126ec31da375" executionId="25fff6ba-aef9-4316-ad1e-b819c25413ce" testListId="8c84fa94-04c1-424b-9868-57a2d4851a1d" />
    <TestEntry testId="1eaf47a2-60dc-7505-3311-4f2ff75e91fd" executionId="9fc68f46-c1e8-490d-baca-8f38775c9a32" testListId="8c84fa94-04c1-424b-9868-57a2d4851a1d" />
    <TestEntry testId="6c816cd8-81f7-b68e-6d6b-86481f285a46" executionId="0e34e31e-334b-4144-a37a-94647732f892" testListId="8c84fa94-04c1-424b-9868-57a2d4851a1d" />
    <TestEntry testId="3716fbb6-4400-db0e-3fbb-de68de859458" executionId="831e3f16-060b-4e85-96de-cd60ba6b93fd" testListId="8c84fa94-04c1-424b-9868-57a2d4851a1d" />
    <TestEntry testId="72f7ef9e-d85d-d440-d8d3-354ecc2e1b75" executionId="2d7307bf-1948-4209-826e-a72b863cc762" testListId="8c84fa94-04c1-424b-9868-57a2d4851a1d" />
    <TestEntry testId="d828d57e-dac5-14b8-f7e8-fd33cc936f80" executionId="19a66de4-db9a-43ec-9a0c-e2b70c7c4bbd" testListId="8c84fa94-04c1-424b-9868-57a2d4851a1d" />
    <TestEntry testId="3f589117-7ee8-077c-6645-21816a7e0600" executionId="1c7c1491-2368-4cb2-bf01-b7c1541a2b98" testListId="8c84fa94-04c1-424b-9868-57a2d4851a1d" />
    <TestEntry testId="90008695-e423-465b-074d-2c2b187c520d" executionId="a1dd4335-eb5f-4061-9389-1cecb4e7dfaf" testListId="8c84fa94-04c1-424b-9868-57a2d4851a1d" />
    <TestEntry testId="10092c91-f6f5-7031-f494-8a1a4394cccd" executionId="b0b0144e-027b-4dfb-8327-436f659b2139" testListId="8c84fa94-04c1-424b-9868-57a2d4851a1d" />
    <TestEntry testId="e0e2a4f8-9b17-afa2-2d2e-e9ed6c9180b5" executionId="d91ae4fa-79f8-4d42-8b2c-79f0667609dc" testListId="8c84fa94-04c1-424b-9868-57a2d4851a1d" />
    <TestEntry testId="c93413a4-cce4-d076-cdab-9f751d1f2bd6" executionId="611ed106-f134-48ef-baca-af6ce4e8bf1c" testListId="8c84fa94-04c1-424b-9868-57a2d4851a1d" />
    <TestEntry testId="5734cb8b-ad0b-f6ea-5207-d3e1d3f53b3f" executionId="c6dc10fe-fde1-4b01-8769-00fe6627df69" testListId="8c84fa94-04c1-424b-9868-57a2d4851a1d" />
    <TestEntry testId="4ef61b4c-e4db-af8f-ac17-9fede93bc802" executionId="8e25bba0-8e45-4abb-b249-a08ebcfce3fd" testListId="8c84fa94-04c1-424b-9868-57a2d4851a1d" />
    <TestEntry testId="668dc18b-52e2-b50c-7609-7facf592731b" executionId="8716d568-d252-4fb9-af4b-1099fc136daa" testListId="8c84fa94-04c1-424b-9868-57a2d4851a1d" />
    <TestEntry testId="2eaf6ee4-1003-56ee-eef5-aafdbc50175e" executionId="293876f0-a1bb-4060-8dd8-f6b3d7c36a1f" testListId="8c84fa94-04c1-424b-9868-57a2d4851a1d" />
    <TestEntry testId="e958c267-d2e7-8fc0-2571-f4f00000f195" executionId="6409d6af-f641-49b2-9d82-b615a69ad5e9" testListId="8c84fa94-04c1-424b-9868-57a2d4851a1d" />
    <TestEntry testId="656e298d-2d36-cfe0-be8f-80e929d07c74" executionId="d6f6eade-aead-4098-863c-db5971b02489" testListId="8c84fa94-04c1-424b-9868-57a2d4851a1d" />
    <TestEntry testId="84a733c7-39c1-519f-9053-6cfcae8c2ec4" executionId="10ccfeee-0765-4971-b064-a0d6454897a4" testListId="8c84fa94-04c1-424b-9868-57a2d4851a1d" />
    <TestEntry testId="ffee91ef-540c-aa73-1baf-ddf78484f21e" executionId="b650def9-3d49-44d6-9932-037213c67950" testListId="8c84fa94-04c1-424b-9868-57a2d4851a1d" />
    <TestEntry testId="3ed5199e-45f8-2091-36df-67dafeedfe41" executionId="2fdefeac-068b-4ad2-bd93-94747e342041" testListId="8c84fa94-04c1-424b-9868-57a2d4851a1d" />
    <TestEntry testId="58f66935-b4b3-6118-596d-600db53f9218" executionId="83213124-b911-4027-b916-0a2284c8791a" testListId="8c84fa94-04c1-424b-9868-57a2d4851a1d" />
    <TestEntry testId="d7b4be10-2260-740b-15c5-ed700c8a8036" executionId="c39b781c-d216-4162-9c8b-13ea4769b95b" testListId="8c84fa94-04c1-424b-9868-57a2d4851a1d" />
    <TestEntry testId="515deef3-25ea-3efc-5653-a41e47e92c2b" executionId="17ee7db2-70af-472c-b681-689ababca633" testListId="8c84fa94-04c1-424b-9868-57a2d4851a1d" />
    <TestEntry testId="cd32f402-6715-2c02-18cf-543bf6ea6e44" executionId="bd91514a-f0ac-45da-ae6f-bc12d6d9b5e7" testListId="8c84fa94-04c1-424b-9868-57a2d4851a1d" />
    <TestEntry testId="250170b2-10b9-0c8d-c0eb-dcdd23fa17a6" executionId="89fb72c4-5883-4a8e-8f2e-6e09dcd050a9" testListId="8c84fa94-04c1-424b-9868-57a2d4851a1d" />
    <TestEntry testId="9f8c3216-6149-5961-d5fe-113fb44f852c" executionId="4112d378-fcbe-4ab5-817c-16cf948adfbc" testListId="8c84fa94-04c1-424b-9868-57a2d4851a1d" />
    <TestEntry testId="666817bb-393b-286c-5b5e-86d66b36b67e" executionId="f10a1bc6-3352-4df5-a3c4-8c881f83eeb2" testListId="8c84fa94-04c1-424b-9868-57a2d4851a1d" />
    <TestEntry testId="ca7368aa-77ae-e255-1637-45c6b94c7a42" executionId="106a4961-0014-4096-ba0c-aaa02123666f" testListId="8c84fa94-04c1-424b-9868-57a2d4851a1d" />
    <TestEntry testId="c425ec9e-c38d-1375-c959-34a80814e443" executionId="2f0a1d7f-e5d8-4b6a-b05e-1d8b9a08b34a" testListId="8c84fa94-04c1-424b-9868-57a2d4851a1d" />
    <TestEntry testId="610f9de5-1a8b-0485-3547-74b0599f2c6c" executionId="fd78d5d8-a835-4a5c-afa8-cde03b4bcc72" testListId="8c84fa94-04c1-424b-9868-57a2d4851a1d" />
    <TestEntry testId="91195293-ab8a-281f-05fd-7e561f26c70e" executionId="f843b635-b0da-450b-9d95-884168d88f4c" testListId="8c84fa94-04c1-424b-9868-57a2d4851a1d" />
    <TestEntry testId="fffaf3af-f15f-343b-4823-2c2c916f0e08" executionId="eec327ae-0e25-4c40-a7af-aa46d8de4c60" testListId="8c84fa94-04c1-424b-9868-57a2d4851a1d" />
    <TestEntry testId="f33a9716-9d3a-4753-b785-f9dda7da4e80" executionId="08b40a6b-fc23-490d-80c0-d7453c93998f" testListId="8c84fa94-04c1-424b-9868-57a2d4851a1d" />
    <TestEntry testId="93458f80-3775-2ddd-10f2-12013507a32b" executionId="899d351f-f5c5-401f-b326-dff358dd0c7a" testListId="8c84fa94-04c1-424b-9868-57a2d4851a1d" />
    <TestEntry testId="932a96af-2988-0a99-80b8-e39fd0c1fc40" executionId="8bb0a584-8515-4aba-9540-1cb204ce0dc1" testListId="8c84fa94-04c1-424b-9868-57a2d4851a1d" />
    <TestEntry testId="ee875fc9-e910-2cdc-d141-1721c9e62eb7" executionId="dcb20307-f9f3-4280-beff-797ac48a7303" testListId="8c84fa94-04c1-424b-9868-57a2d4851a1d" />
    <TestEntry testId="9fb80a7d-6c31-9fad-0ca5-8960fe35bc59" executionId="6926c8c4-4754-4d7c-a0cf-489442548f82" testListId="8c84fa94-04c1-424b-9868-57a2d4851a1d" />
    <TestEntry testId="d316698a-5791-6b44-a6a4-aac621873402" executionId="0d532d9a-75c2-4681-9aea-88610496cca7" testListId="8c84fa94-04c1-424b-9868-57a2d4851a1d" />
    <TestEntry testId="03d1e929-4c12-8117-129d-6f1c5c819267" executionId="1e075102-10b1-4e90-94d1-cdc8af3bde74" testListId="8c84fa94-04c1-424b-9868-57a2d4851a1d" />
    <TestEntry testId="f05beade-84ad-3739-4096-007a49eee211" executionId="12a5957f-7d84-4827-9273-7700e9869cd2" testListId="8c84fa94-04c1-424b-9868-57a2d4851a1d" />
    <TestEntry testId="7c01cc2c-9bdf-e761-6523-6d34add36149" executionId="198547f2-924a-438d-a214-7ff92ddc1a70" testListId="8c84fa94-04c1-424b-9868-57a2d4851a1d" />
    <TestEntry testId="4c2a3e3a-4e91-afcb-3da6-8ae1412bc169" executionId="87591ecc-8333-41af-bbdf-dddc713f8bbc" testListId="8c84fa94-04c1-424b-9868-57a2d4851a1d" />
    <TestEntry testId="845a4b78-2afb-dc38-4c33-12f56ddfe7ee" executionId="83dc5257-4c02-4740-92e4-ee2e9a2c0fa6" testListId="8c84fa94-04c1-424b-9868-57a2d4851a1d" />
    <TestEntry testId="94716114-1378-122a-03d6-a0d52329cd48" executionId="b204f49d-ea35-41ab-a36d-f188afde14b1" testListId="8c84fa94-04c1-424b-9868-57a2d4851a1d" />
    <TestEntry testId="a19fec4a-02e1-9322-efac-e71a64f156c3" executionId="7c0fbbd4-228c-402d-905f-bd3351b7460f" testListId="8c84fa94-04c1-424b-9868-57a2d4851a1d" />
    <TestEntry testId="efb8c50b-ed0d-ed7a-3651-6dacba1bc765" executionId="17a9e559-6c0d-4814-aaf2-1ac0272f0348" testListId="8c84fa94-04c1-424b-9868-57a2d4851a1d" />
    <TestEntry testId="a8fd67e6-c2f7-59ce-5a9b-76c86da6af8a" executionId="9a0cf17e-078c-4538-b3ca-f79d8eb3a467" testListId="8c84fa94-04c1-424b-9868-57a2d4851a1d" />
    <TestEntry testId="1401e9ec-43ed-d93b-acf5-3d379ae583c1" executionId="98a4993a-37a8-4e39-adf6-87929c8e9f18" testListId="8c84fa94-04c1-424b-9868-57a2d4851a1d" />
    <TestEntry testId="368418bf-f735-1c99-a6a6-9f37952f2bb7" executionId="76c2a02a-7cbc-4201-a402-ab63ed62cc86" testListId="8c84fa94-04c1-424b-9868-57a2d4851a1d" />
    <TestEntry testId="7e9547ef-92c4-9617-9854-4de06867f1d7" executionId="451cca38-5282-46e1-9d94-99a7709a91ef" testListId="8c84fa94-04c1-424b-9868-57a2d4851a1d" />
    <TestEntry testId="f2bc5b69-4ed9-9b03-51e0-df93752a977d" executionId="72145f54-99c2-4e2c-b05d-49234b2cfe19" testListId="8c84fa94-04c1-424b-9868-57a2d4851a1d" />
    <TestEntry testId="deba99b4-cdac-fb23-19ce-dce20b5d74c9" executionId="b96646a1-3a5c-48f6-adc9-a652c8643050" testListId="8c84fa94-04c1-424b-9868-57a2d4851a1d" />
    <TestEntry testId="b285b47f-41f0-c77d-9d57-63601810b57b" executionId="44fa6070-ac92-46f8-96aa-0847da9a4477" testListId="8c84fa94-04c1-424b-9868-57a2d4851a1d" />
    <TestEntry testId="4ac1bc51-5ce4-d59f-f7f4-70be4d49e2cc" executionId="15709715-a62f-43ce-9ae0-b8a51cc49669" testListId="8c84fa94-04c1-424b-9868-57a2d4851a1d" />
    <TestEntry testId="a46dfba8-c336-7feb-ea33-2b4a6bd94cdd" executionId="846d76e9-6b9a-4eaa-b50f-d308667017aa" testListId="8c84fa94-04c1-424b-9868-57a2d4851a1d" />
    <TestEntry testId="9fff0259-9346-ba07-75df-2e340fc42376" executionId="97c6caca-092d-45e8-a333-9ef2da3e16e6" testListId="8c84fa94-04c1-424b-9868-57a2d4851a1d" />
    <TestEntry testId="f586d6aa-a26b-bf86-8db9-f89dc4137d1c" executionId="36fd5ea9-841e-40c2-83b9-17911d2be7ad" testListId="8c84fa94-04c1-424b-9868-57a2d4851a1d" />
    <TestEntry testId="636d32e8-b7d3-00d6-fb1c-4e5351abe4cb" executionId="4d4d5e0b-4def-4c51-9573-d7e2ddea7ffd" testListId="8c84fa94-04c1-424b-9868-57a2d4851a1d" />
    <TestEntry testId="410cd1ed-25de-3c72-94d2-b41e7adb85ee" executionId="81cf9786-a15c-400f-88f8-df402a9a1df0" testListId="8c84fa94-04c1-424b-9868-57a2d4851a1d" />
    <TestEntry testId="f77eaa31-835c-32de-1591-59ded3243b0f" executionId="24629ffd-a1d5-4d2f-8e9b-1c3b701526c0" testListId="8c84fa94-04c1-424b-9868-57a2d4851a1d" />
    <TestEntry testId="408c5984-2662-7b6b-ccb1-f1fe51f4357c" executionId="276d38d3-08f3-4ca7-a04a-aff4f1b06077" testListId="8c84fa94-04c1-424b-9868-57a2d4851a1d" />
    <TestEntry testId="8d8dd4c5-5b28-e241-f21d-2bd80473286e" executionId="630f6b28-bde8-4005-8cc9-074e331c3701" testListId="8c84fa94-04c1-424b-9868-57a2d4851a1d" />
    <TestEntry testId="8dce2ebc-b84c-4e62-a5a6-b13a1fdb4d31" executionId="b06e4e59-fccc-47fb-9aad-7b4373fc93c7" testListId="8c84fa94-04c1-424b-9868-57a2d4851a1d" />
    <TestEntry testId="0bd63037-6495-244e-9bba-5411f4925f62" executionId="cb23977e-de25-42cf-9436-fad34edeacd5" testListId="8c84fa94-04c1-424b-9868-57a2d4851a1d" />
    <TestEntry testId="b88239be-6dd2-e42a-5938-b32ee50ed816" executionId="30620dab-f03f-4931-8464-4a1765763fd2" testListId="8c84fa94-04c1-424b-9868-57a2d4851a1d" />
    <TestEntry testId="93bf2ce8-97d0-81d1-81a6-9c667f394bdb" executionId="04a3b0b4-2a10-4fd2-b0bf-b71e745bdf09" testListId="8c84fa94-04c1-424b-9868-57a2d4851a1d" />
    <TestEntry testId="c76831fe-1ee8-06a5-6801-a38931af7baf" executionId="a0d19950-ca04-4578-a10e-332c8c9038cf" testListId="8c84fa94-04c1-424b-9868-57a2d4851a1d" />
    <TestEntry testId="cc5e635b-4364-b1d3-13fc-71a6c0c163be" executionId="e466b01d-97fe-4528-bc38-e31468f2aa4d" testListId="8c84fa94-04c1-424b-9868-57a2d4851a1d" />
    <TestEntry testId="4d58dbe2-2b23-9b02-f6aa-34a415aba837" executionId="bd5149a7-9d7e-4c5e-81d5-4a6227e2e66b" testListId="8c84fa94-04c1-424b-9868-57a2d4851a1d" />
    <TestEntry testId="961f3a6b-5492-f819-b01a-01bbcf7801ae" executionId="e1f89109-a0e2-42d8-8c15-7c1ea63dedd9" testListId="8c84fa94-04c1-424b-9868-57a2d4851a1d" />
    <TestEntry testId="3dee02cb-5656-71b9-8f76-ae46cff96f99" executionId="744f7d41-4b4e-4d44-8d70-4307f9babd96" testListId="8c84fa94-04c1-424b-9868-57a2d4851a1d" />
    <TestEntry testId="c3ca1b5d-ff95-9140-678b-491795097655" executionId="6bc0bc16-f432-4f83-868f-b4a04b94cccc" testListId="8c84fa94-04c1-424b-9868-57a2d4851a1d" />
    <TestEntry testId="b4c4f7db-6053-4338-b207-4f1401299acd" executionId="02106cbf-5c46-4787-aba8-1482c41963e4" testListId="8c84fa94-04c1-424b-9868-57a2d4851a1d" />
    <TestEntry testId="a96bbd73-704d-32fb-7b5e-e65e94805cf4" executionId="42d29198-885a-45e4-8589-79bcc58bc757" testListId="8c84fa94-04c1-424b-9868-57a2d4851a1d" />
    <TestEntry testId="e9da0761-f34e-54da-195e-48388de70405" executionId="4cc91088-e203-4309-ab19-672d3f7498a2" testListId="8c84fa94-04c1-424b-9868-57a2d4851a1d" />
    <TestEntry testId="1bff04e7-a34e-2661-3dfa-a55c31eb03e9" executionId="f56ddf7a-fc49-42ac-928a-959e37434a84" testListId="8c84fa94-04c1-424b-9868-57a2d4851a1d" />
    <TestEntry testId="56c342b2-4303-c64f-8adb-70aea0006eb3" executionId="b8e3db81-af6c-44bc-b8c7-f41f7c94ffca" testListId="8c84fa94-04c1-424b-9868-57a2d4851a1d" />
    <TestEntry testId="0531a6e3-4b1d-bc85-e7b0-17ca38e8abce" executionId="ab23e469-1bb7-49d7-84d5-f4f5fa26fa72" testListId="8c84fa94-04c1-424b-9868-57a2d4851a1d" />
    <TestEntry testId="4404f0bc-42cf-337a-ad9d-0be2c38d7ec2" executionId="fd904c3e-888e-4c31-b8e3-43e0fddf50b1" testListId="8c84fa94-04c1-424b-9868-57a2d4851a1d" />
    <TestEntry testId="f85f0413-7b9a-3dc4-3a08-bf3160fa78b9" executionId="f9f9f67b-0ffd-4678-ae05-afddb7e07bd1" testListId="8c84fa94-04c1-424b-9868-57a2d4851a1d" />
    <TestEntry testId="63cc861a-ada6-6610-a57e-b107a7b46003" executionId="ce7813f4-e9bb-4733-b6c9-e59f925b2f10" testListId="8c84fa94-04c1-424b-9868-57a2d4851a1d" />
    <TestEntry testId="0cb5aecd-0832-3f3a-db82-c1bc5b4e8469" executionId="75c02280-e898-491e-aa2a-a4e6811642d0" testListId="8c84fa94-04c1-424b-9868-57a2d4851a1d" />
    <TestEntry testId="7e8f69c1-55be-9077-4450-bb0da14ab5e8" executionId="b8b052cf-3c7d-4ede-9f33-625ab1638bea" testListId="8c84fa94-04c1-424b-9868-57a2d4851a1d" />
    <TestEntry testId="a9c0567b-3355-1747-3327-c8adbd54000f" executionId="cfca2cd5-da22-4471-ad3d-a10a37fcd736" testListId="8c84fa94-04c1-424b-9868-57a2d4851a1d" />
    <TestEntry testId="f6b1bb3a-5c5f-c0b0-4263-16bc57dd9156" executionId="4901c007-0789-4353-be84-d7db6b897f51" testListId="8c84fa94-04c1-424b-9868-57a2d4851a1d" />
    <TestEntry testId="e60106bd-77a3-bab8-cdd0-697b85096b7e" executionId="66a88eb0-2aeb-472c-8306-5a0de9865a15" testListId="8c84fa94-04c1-424b-9868-57a2d4851a1d" />
    <TestEntry testId="c065df76-676e-d54b-2513-330c123b69fe" executionId="d2eed61b-b427-4d69-9d66-4726e193f063" testListId="8c84fa94-04c1-424b-9868-57a2d4851a1d" />
    <TestEntry testId="38120862-f098-314a-3a8d-e661e83a85d7" executionId="4c12bd89-97fb-41cb-8f9f-1643ab8c4355" testListId="8c84fa94-04c1-424b-9868-57a2d4851a1d" />
    <TestEntry testId="f897ee6f-f339-b33f-9c9f-c0685c6da51b" executionId="0e4ab095-3b74-4388-a8df-654b2473a0fa" testListId="8c84fa94-04c1-424b-9868-57a2d4851a1d" />
    <TestEntry testId="4a5519f4-b843-6361-4132-1b8fe7307213" executionId="235c8b07-98b4-4f91-986f-fb0c1ecf5803" testListId="8c84fa94-04c1-424b-9868-57a2d4851a1d" />
    <TestEntry testId="cb9fd1fb-8ab1-0f9d-22d4-5063f280bf96" executionId="eaee77e3-e963-4970-b2f1-a52ee95c020c" testListId="8c84fa94-04c1-424b-9868-57a2d4851a1d" />
    <TestEntry testId="a1bb1f9a-b82c-e54a-73fb-4c8aaec4bb3f" executionId="9eb9716d-ef52-4888-848a-0e17769db459" testListId="8c84fa94-04c1-424b-9868-57a2d4851a1d" />
    <TestEntry testId="0b1e3b98-0852-b8bb-9431-9f412235997e" executionId="81c184cb-4341-42fb-87dc-f9972e21ec70" testListId="8c84fa94-04c1-424b-9868-57a2d4851a1d" />
    <TestEntry testId="af217cab-9ac4-fdc0-c5f2-ef1cf1168149" executionId="1a6933b8-6e98-47c3-9843-2007ff3a4fa1" testListId="8c84fa94-04c1-424b-9868-57a2d4851a1d" />
    <TestEntry testId="c30c4660-2f7b-1aa5-e1a9-541b7522a7fd" executionId="9f40b815-1319-475c-acb7-3fe6910c273a" testListId="8c84fa94-04c1-424b-9868-57a2d4851a1d" />
    <TestEntry testId="02d616ae-c78c-eff2-6768-d722c6db358e" executionId="b8dd3508-2ea3-4aec-8010-f3d6974c3f5f" testListId="8c84fa94-04c1-424b-9868-57a2d4851a1d" />
    <TestEntry testId="9dbb768e-bcac-b81e-8f84-5226fb578808" executionId="d6f9b4c9-dac1-4aaa-9dd1-909025765d29" testListId="8c84fa94-04c1-424b-9868-57a2d4851a1d" />
    <TestEntry testId="6f5bbd40-400e-51ba-f44d-571f022a1abc" executionId="5369ca83-1052-47b6-9ae9-80d396040208" testListId="8c84fa94-04c1-424b-9868-57a2d4851a1d" />
    <TestEntry testId="eae8144a-f656-dd1f-f75c-bc79cb2d904b" executionId="e8c74561-3c0d-4a0b-a25d-87d28d0f1dbc" testListId="8c84fa94-04c1-424b-9868-57a2d4851a1d" />
    <TestEntry testId="5a2de3a5-2a90-1705-60e7-49aa869e23e4" executionId="7287928b-6d9a-4f6e-921c-f22749102532" testListId="8c84fa94-04c1-424b-9868-57a2d4851a1d" />
    <TestEntry testId="59908a85-7166-7469-7788-dbc94daa0091" executionId="54c7a9f0-9f6c-4781-8643-5dd0ac6a105e" testListId="8c84fa94-04c1-424b-9868-57a2d4851a1d" />
    <TestEntry testId="70eb97cf-6fb5-8090-90b9-939e95e3b186" executionId="9d8ab727-7c3d-4129-a0ba-cb45c0c538c9" testListId="8c84fa94-04c1-424b-9868-57a2d4851a1d" />
    <TestEntry testId="49e81401-1a46-bf7c-3dc9-487f2b70b4e0" executionId="3b032284-b550-44a9-9d70-ee437a865ba0" testListId="8c84fa94-04c1-424b-9868-57a2d4851a1d" />
    <TestEntry testId="71ac7708-f02b-16cd-b5d5-cdd06651ba0e" executionId="38571702-186b-44fb-b936-50e970163639" testListId="8c84fa94-04c1-424b-9868-57a2d4851a1d" />
    <TestEntry testId="41bd2e7e-c1c9-b8f8-d4b6-2cb33358daae" executionId="b0e0a700-012a-49a1-b107-eec990b5aa4c" testListId="8c84fa94-04c1-424b-9868-57a2d4851a1d" />
    <TestEntry testId="1f66a028-fe14-83e5-1dc3-037a7ab62871" executionId="287d71f7-8881-44f6-95e3-ec866c45e869" testListId="8c84fa94-04c1-424b-9868-57a2d4851a1d" />
    <TestEntry testId="5cdc70af-ff91-ee76-bf09-79c97701d345" executionId="5cb9e906-6b06-4310-9747-59fdae0e4261" testListId="8c84fa94-04c1-424b-9868-57a2d4851a1d" />
    <TestEntry testId="c12565bd-6b40-192e-3905-3091c8e3cf94" executionId="0f1fe239-c1a6-4b0d-b11b-d664edb28276" testListId="8c84fa94-04c1-424b-9868-57a2d4851a1d" />
    <TestEntry testId="31b39906-a73c-ce70-5752-c1ef42347816" executionId="77a831ae-24eb-457c-9835-8438f0e69c46" testListId="8c84fa94-04c1-424b-9868-57a2d4851a1d" />
    <TestEntry testId="2418a372-3d95-2e9d-df96-8b56e8deb8bd" executionId="e6b29316-55de-4568-a882-01a59f6a6878" testListId="8c84fa94-04c1-424b-9868-57a2d4851a1d" />
    <TestEntry testId="17e1f8d8-ff47-33db-efc4-da6813ccc726" executionId="d9bd0559-88fc-47c1-861f-ec62d02edf2f" testListId="8c84fa94-04c1-424b-9868-57a2d4851a1d" />
    <TestEntry testId="cfe923a5-11a0-312b-3c42-ddecffad1e3b" executionId="feaf4d9b-1dd5-4c55-a3ac-138f68cdc62a" testListId="8c84fa94-04c1-424b-9868-57a2d4851a1d" />
    <TestEntry testId="d14e3f39-9a27-090e-fd4a-a1404886c886" executionId="dd50f8c7-cf31-4bfc-97cd-5278cd5b8b55" testListId="8c84fa94-04c1-424b-9868-57a2d4851a1d" />
    <TestEntry testId="ef08d205-5e2f-fd18-d2fe-b1ac67218de5" executionId="01783c2c-066f-4987-b69b-5845f7b81189" testListId="8c84fa94-04c1-424b-9868-57a2d4851a1d" />
    <TestEntry testId="3dd47d29-371f-18a2-da91-9c7f5a2a2609" executionId="7fdc2b6f-2d86-4411-90d9-6357eec4576c" testListId="8c84fa94-04c1-424b-9868-57a2d4851a1d" />
    <TestEntry testId="301dfd48-e8c9-1161-41f4-866afd5c0510" executionId="306c76ca-a056-491e-9157-3a602cbe6d0d" testListId="8c84fa94-04c1-424b-9868-57a2d4851a1d" />
    <TestEntry testId="c4153300-d58c-99ef-1b85-cb3165a4dc51" executionId="d726d87c-72b2-4955-8e71-ef2836ba53cf" testListId="8c84fa94-04c1-424b-9868-57a2d4851a1d" />
    <TestEntry testId="1958c285-da47-c12c-39c3-acb379a81240" executionId="1d231ad0-3c8b-42b2-8238-74dbb4073eb5" testListId="8c84fa94-04c1-424b-9868-57a2d4851a1d" />
    <TestEntry testId="f93a0f24-8169-c076-4f65-be629a999d8f" executionId="d3d47676-9b5e-46b6-8804-daaba8a25b46" testListId="8c84fa94-04c1-424b-9868-57a2d4851a1d" />
    <TestEntry testId="77c0946a-35e6-2594-81e6-6e9900eb9d47" executionId="ba8b1cbb-59f1-438b-b10d-e42b61a4d60e" testListId="8c84fa94-04c1-424b-9868-57a2d4851a1d" />
    <TestEntry testId="007d5ca8-0cb3-4028-cb8b-1f37cb0111cc" executionId="edc87c0b-6bde-4d99-a503-26382fbf4463" testListId="8c84fa94-04c1-424b-9868-57a2d4851a1d" />
    <TestEntry testId="8e643550-5c8a-fe3c-9540-1a420ec44dc1" executionId="b042422c-ebda-4801-9e6b-c3af56e0e516" testListId="8c84fa94-04c1-424b-9868-57a2d4851a1d" />
    <TestEntry testId="862c3245-8f08-d542-39e8-a014d36f8b5b" executionId="bc8467a3-9eda-4dd1-aa14-4909ebd6b7a3" testListId="8c84fa94-04c1-424b-9868-57a2d4851a1d" />
    <TestEntry testId="33081f89-764f-7ff0-be12-18d81d6396f0" executionId="b61b665b-f8bd-4082-92ec-55e02ea6f359" testListId="8c84fa94-04c1-424b-9868-57a2d4851a1d" />
    <TestEntry testId="34946c4b-9b86-cf74-6501-0375a2804ba9" executionId="d03c17df-834a-4ca5-bd22-b2a68b048d95" testListId="8c84fa94-04c1-424b-9868-57a2d4851a1d" />
    <TestEntry testId="e189c542-bfd9-e0c5-f53f-47ea5e2b3951" executionId="b3ca5c2e-0463-4d4c-8efa-e1d0e3fe3bec" testListId="8c84fa94-04c1-424b-9868-57a2d4851a1d" />
    <TestEntry testId="db4cb7f2-b8a3-b1bb-027d-8824350ed6e4" executionId="4cd7c967-fc44-4f20-a8be-3e0e9b6bee3f" testListId="8c84fa94-04c1-424b-9868-57a2d4851a1d" />
    <TestEntry testId="173b93f7-c356-9c4c-d976-470d9bb41b7f" executionId="0b669034-764b-4684-ba67-11add04e0a3d" testListId="8c84fa94-04c1-424b-9868-57a2d4851a1d" />
    <TestEntry testId="54470d67-55df-07dd-b92d-71bc35f06966" executionId="77f5050f-5547-4782-8c9d-0bd73d78c927" testListId="8c84fa94-04c1-424b-9868-57a2d4851a1d" />
    <TestEntry testId="481403c4-1fb6-c6a5-a156-1f4ba1ff1ed0" executionId="0b211cb0-3c4b-45b5-866f-14d0a0e65d35" testListId="8c84fa94-04c1-424b-9868-57a2d4851a1d" />
    <TestEntry testId="cabe6cff-646c-5b08-f9fe-ca2fa3f35a92" executionId="fd4aa230-18de-48f1-ab12-067593c5ab2e" testListId="8c84fa94-04c1-424b-9868-57a2d4851a1d" />
    <TestEntry testId="1fd2b6be-bcbc-4280-f0ae-7029582ffa98" executionId="f136f609-213f-42a4-9cb0-084d6be05469" testListId="8c84fa94-04c1-424b-9868-57a2d4851a1d" />
    <TestEntry testId="bb955b4c-70f1-890c-af10-28162d4f952c" executionId="c3ec3b6e-0165-40cd-b4fb-11aacc3930ff" testListId="8c84fa94-04c1-424b-9868-57a2d4851a1d" />
    <TestEntry testId="95ca8a16-aa33-d88a-0f3b-3cf47cc95988" executionId="c8ff1c65-14b0-490c-a3d8-833b5a58dd81" testListId="8c84fa94-04c1-424b-9868-57a2d4851a1d" />
    <TestEntry testId="a614ea0c-b1f9-717c-58e4-2b444f8f746d" executionId="fe48ba83-3ef7-41aa-bb4a-a0590f946773" testListId="8c84fa94-04c1-424b-9868-57a2d4851a1d" />
    <TestEntry testId="620e6004-2687-d40d-56fa-33016c3a2edf" executionId="5a3507b6-6748-43c6-b2c0-009ac6b66290" testListId="8c84fa94-04c1-424b-9868-57a2d4851a1d" />
    <TestEntry testId="2a1b009e-790a-319b-c2a4-a057d3028269" executionId="412da784-2eef-49e9-b8c9-62bf87837289" testListId="8c84fa94-04c1-424b-9868-57a2d4851a1d" />
    <TestEntry testId="978dc265-8b9f-481c-c0ec-115bf4a2ce3f" executionId="9652ecd6-d7a7-413f-a1bf-b9910061faf1" testListId="8c84fa94-04c1-424b-9868-57a2d4851a1d" />
    <TestEntry testId="1125c384-36c9-7da0-f253-4de4fa4f1257" executionId="8b777018-32ae-4a04-8408-64368e6a2c7c" testListId="8c84fa94-04c1-424b-9868-57a2d4851a1d" />
    <TestEntry testId="4cf9dbcf-57e4-1d7c-8f5e-9937c35779e4" executionId="7eb42b33-5837-48d3-be8a-e9da9b138b6d" testListId="8c84fa94-04c1-424b-9868-57a2d4851a1d" />
    <TestEntry testId="056d9b2e-47e1-66fc-0f61-7dd44cd5f24a" executionId="c89e1e9a-12da-4baa-92de-ccc912a2cfd1" testListId="8c84fa94-04c1-424b-9868-57a2d4851a1d" />
    <TestEntry testId="6187e3b7-90e4-8192-265f-6cd0c6182ead" executionId="447ed528-1779-4174-afe4-fd936880067b" testListId="8c84fa94-04c1-424b-9868-57a2d4851a1d" />
    <TestEntry testId="1788269b-ca02-6525-029b-cb119237421f" executionId="47381173-32bc-47d5-b900-e3bbd0fe348f" testListId="8c84fa94-04c1-424b-9868-57a2d4851a1d" />
    <TestEntry testId="9f984ace-837b-182d-3dce-f598fcf98c2c" executionId="d2072e2f-da85-48b2-9152-18f7b50136b7" testListId="8c84fa94-04c1-424b-9868-57a2d4851a1d" />
    <TestEntry testId="6d94d123-0366-be52-99f0-ddb1f359935c" executionId="9f728e27-518a-401c-a7a6-e177b3aa308f" testListId="8c84fa94-04c1-424b-9868-57a2d4851a1d" />
    <TestEntry testId="fb5492ab-cda6-ba8a-bab0-b37d58488088" executionId="7bf8b381-e26e-4345-8dcb-5c27fa41ebfb" testListId="8c84fa94-04c1-424b-9868-57a2d4851a1d" />
    <TestEntry testId="42161733-a84f-c463-f8a8-073b446ca3de" executionId="47c4d5fb-cfd0-4d19-8571-99ad164855de" testListId="8c84fa94-04c1-424b-9868-57a2d4851a1d" />
    <TestEntry testId="43777f90-1960-02ae-d0ac-4e9f90968a37" executionId="513bcce8-b1eb-4ae0-8dc8-8dd3e0e0cd63" testListId="8c84fa94-04c1-424b-9868-57a2d4851a1d" />
    <TestEntry testId="1560d87c-9504-582e-42c3-2a759a5254c0" executionId="3921da95-2bf3-4a67-aa76-26d3cd433a54" testListId="8c84fa94-04c1-424b-9868-57a2d4851a1d" />
    <TestEntry testId="c8524030-a4ec-41a9-de8e-3dde74bf084b" executionId="a81f6f9d-ac5b-4073-bef5-97ebfaddb171" testListId="8c84fa94-04c1-424b-9868-57a2d4851a1d" />
    <TestEntry testId="291db4d4-dfa4-9d8d-9f32-de6c3c2fe81e" executionId="21484998-772b-459f-a613-f21f2119036c" testListId="8c84fa94-04c1-424b-9868-57a2d4851a1d" />
    <TestEntry testId="01feb38e-4635-81d2-104a-41d47a7d67a5" executionId="d51bd860-e692-453e-b6b9-a0bc4cda5313" testListId="8c84fa94-04c1-424b-9868-57a2d4851a1d" />
    <TestEntry testId="6e3b7265-e6a8-b513-1aba-7f283cb0a057" executionId="2f4380fe-6f45-4701-b03f-1258bbaccb89" testListId="8c84fa94-04c1-424b-9868-57a2d4851a1d" />
    <TestEntry testId="29f8d109-e7ff-8cc5-8a86-e30f52887a1b" executionId="c8f11c65-6349-441f-a68a-804b6cc93217" testListId="8c84fa94-04c1-424b-9868-57a2d4851a1d" />
    <TestEntry testId="777ff963-3277-f319-2838-bef13d2153a1" executionId="3914092b-c511-4e3a-976f-06ab7fc704bb" testListId="8c84fa94-04c1-424b-9868-57a2d4851a1d" />
    <TestEntry testId="19789653-59e6-f3c4-77df-ecd0baf02b64" executionId="518b9ea7-47a8-4e68-aa5d-6057d7adcccf" testListId="8c84fa94-04c1-424b-9868-57a2d4851a1d" />
    <TestEntry testId="f961c61e-dc3b-4559-f24c-d104e1a1068d" executionId="820e5160-0560-4f97-9737-98cfbf51362e" testListId="8c84fa94-04c1-424b-9868-57a2d4851a1d" />
    <TestEntry testId="4a9399b4-44e7-cc5f-cd99-c31d91a518b3" executionId="d88f3d7e-53c3-48ea-89b9-ff93bf56d781" testListId="8c84fa94-04c1-424b-9868-57a2d4851a1d" />
    <TestEntry testId="44b05a81-39e5-1283-ef3e-05637c0ae9d5" executionId="916a2086-e94d-4554-9511-f8b331eda467" testListId="8c84fa94-04c1-424b-9868-57a2d4851a1d" />
    <TestEntry testId="75a586e0-0d79-2a07-0fde-9e8a5096a078" executionId="89d06a60-721e-433b-a6fc-37e79c07c4b9" testListId="8c84fa94-04c1-424b-9868-57a2d4851a1d" />
    <TestEntry testId="1557dd86-0b20-4175-8eff-cf0a11f48247" executionId="5e629853-9f4f-4354-b1b2-db345ad7ffe7" testListId="8c84fa94-04c1-424b-9868-57a2d4851a1d" />
    <TestEntry testId="e25a0b21-87b2-7f59-87da-5dca25810132" executionId="1f6b5e87-7203-4f3a-bc4d-e0986007cd05" testListId="8c84fa94-04c1-424b-9868-57a2d4851a1d" />
    <TestEntry testId="a18da52c-9f52-fb16-4078-bcb8084ca60e" executionId="78fd995c-7850-4e04-9184-3d12f31509cf" testListId="8c84fa94-04c1-424b-9868-57a2d4851a1d" />
    <TestEntry testId="648c3423-ff75-8cf6-1c0f-68238348b975" executionId="478c4cbe-e159-4052-a357-1420f0100a82" testListId="8c84fa94-04c1-424b-9868-57a2d4851a1d" />
    <TestEntry testId="4721b7d6-5cc2-c57e-47c7-b954ad458df5" executionId="34a5845f-823e-42bc-86dd-255572257fca" testListId="8c84fa94-04c1-424b-9868-57a2d4851a1d" />
    <TestEntry testId="f8b6cadd-b921-8c12-7802-ac8ca86f3113" executionId="39254f54-a440-4a9c-b04a-1658b7bb851b" testListId="8c84fa94-04c1-424b-9868-57a2d4851a1d" />
    <TestEntry testId="2642ffa3-58ea-8fa0-4a47-e34aa27d1791" executionId="bb777f97-3cb2-4173-bde4-f687068f907f" testListId="8c84fa94-04c1-424b-9868-57a2d4851a1d" />
    <TestEntry testId="9c486dc7-5089-b52d-43af-f1224bc53e63" executionId="cc2af1e7-05f6-4d3d-8e66-456d2aa862c0" testListId="8c84fa94-04c1-424b-9868-57a2d4851a1d" />
    <TestEntry testId="c3bd286e-e412-9a7e-dc49-1313e3d02098" executionId="fc38bc6d-aee2-472a-9c50-3a72d72aa5ee" testListId="8c84fa94-04c1-424b-9868-57a2d4851a1d" />
    <TestEntry testId="9a60e8b1-4d8a-31ce-d3cc-dc0fc13ef5e5" executionId="7139999b-8874-4d4c-835a-17ef28c4751a" testListId="8c84fa94-04c1-424b-9868-57a2d4851a1d" />
    <TestEntry testId="022a055b-6ebe-e782-e026-a09e283910ea" executionId="3e286d8d-63bb-4df6-94d0-6d8ccf4f81d8" testListId="8c84fa94-04c1-424b-9868-57a2d4851a1d" />
    <TestEntry testId="5850678c-fe74-23aa-d83d-da1f0e145943" executionId="c8daa3aa-832b-489a-a3b5-34bbe7658c10" testListId="8c84fa94-04c1-424b-9868-57a2d4851a1d" />
    <TestEntry testId="12586267-0673-3fe4-7439-32d08ed9f40e" executionId="18cdfabf-3605-4ca5-b21c-c01df20379b0" testListId="8c84fa94-04c1-424b-9868-57a2d4851a1d" />
    <TestEntry testId="f0226581-d7f4-7994-5ccb-69826aa89692" executionId="9f06ec45-401e-41be-8245-c964ddb4e520" testListId="8c84fa94-04c1-424b-9868-57a2d4851a1d" />
    <TestEntry testId="7a3a0dea-02b1-cc56-4c12-fb536f0999e8" executionId="746e67a0-d666-4c7f-9bc9-03d33e844e21" testListId="8c84fa94-04c1-424b-9868-57a2d4851a1d" />
    <TestEntry testId="6e1def5b-2f08-1a99-fdf0-0847a888dfa8" executionId="2bb5e125-7e05-4255-939b-b117cdb923a6" testListId="8c84fa94-04c1-424b-9868-57a2d4851a1d" />
    <TestEntry testId="31169a73-2c6f-02f9-5556-8a2c0ee8e88a" executionId="bc584738-3837-41d4-85c0-c6f9ea8e38f0" testListId="8c84fa94-04c1-424b-9868-57a2d4851a1d" />
    <TestEntry testId="7afbf90e-8d01-683d-8293-6610e6dfee27" executionId="c3affa82-77ad-4a76-a90c-001f0d6c7235" testListId="8c84fa94-04c1-424b-9868-57a2d4851a1d" />
    <TestEntry testId="dcab5aed-cb1b-c54d-fac5-8be674eef501" executionId="f65e8aaf-a284-4f8e-a9f2-3aeb01a11561" testListId="8c84fa94-04c1-424b-9868-57a2d4851a1d" />
    <TestEntry testId="1d1af91a-98bf-5e9c-f940-4402a64a3dc3" executionId="a10efd00-4aad-4f2d-bd7c-88cd8cc8fedf" testListId="8c84fa94-04c1-424b-9868-57a2d4851a1d" />
    <TestEntry testId="7502a480-3d55-7c3a-43f7-314a17a87fc8" executionId="9917e67a-cc3d-41c5-a743-4ea45bef4375" testListId="8c84fa94-04c1-424b-9868-57a2d4851a1d" />
    <TestEntry testId="90e62cbf-7689-87e1-93e7-9ab4e0f34756" executionId="c91efb92-0e9d-446b-8c23-4bb31da64e73" testListId="8c84fa94-04c1-424b-9868-57a2d4851a1d" />
    <TestEntry testId="d1937577-6d87-7b55-fb65-0910bffe4dc1" executionId="5eaad8e3-d6a3-438e-86b6-b15184478b17" testListId="8c84fa94-04c1-424b-9868-57a2d4851a1d" />
    <TestEntry testId="4a962b51-b5ad-c9d4-5685-525bd4e41b90" executionId="3205eaaa-ca00-489b-b81f-4ec0e8b321b4" testListId="8c84fa94-04c1-424b-9868-57a2d4851a1d" />
    <TestEntry testId="04f1c957-3b52-a4e4-88ce-e71488ccd8d2" executionId="e309c014-353a-452e-88e9-cf3a0d0dc0b5" testListId="8c84fa94-04c1-424b-9868-57a2d4851a1d" />
    <TestEntry testId="64480e1f-7942-5150-b48e-e50327aba391" executionId="db555516-8de4-4811-8b4a-258c77763f69" testListId="8c84fa94-04c1-424b-9868-57a2d4851a1d" />
    <TestEntry testId="ac8b403c-ad95-1397-486c-57c0f405c26a" executionId="614921ed-f3ed-4670-bfd6-627dcf7652eb" testListId="8c84fa94-04c1-424b-9868-57a2d4851a1d" />
    <TestEntry testId="bbf1a571-0e55-45a8-1f93-f58c2db0dbae" executionId="a0abdc32-4a8c-495e-ac9e-204edf780b77" testListId="8c84fa94-04c1-424b-9868-57a2d4851a1d" />
    <TestEntry testId="79450999-8ae4-f763-9830-712ef6ee317a" executionId="51a6a089-f858-458a-b668-f02918ddef59" testListId="8c84fa94-04c1-424b-9868-57a2d4851a1d" />
    <TestEntry testId="7cec8bc4-c627-956e-ae64-773b23a815c2" executionId="e6ddfdbf-abd1-474f-829f-50c9b9d3b768" testListId="8c84fa94-04c1-424b-9868-57a2d4851a1d" />
    <TestEntry testId="a088844f-aa95-895a-18a3-251325a06d05" executionId="a560787b-effd-456e-80fe-c112709ed1eb" testListId="8c84fa94-04c1-424b-9868-57a2d4851a1d" />
    <TestEntry testId="2a02f797-197a-d19e-cf45-13600a76856b" executionId="9c60607a-1b92-4c49-8c2e-9b66b7575509" testListId="8c84fa94-04c1-424b-9868-57a2d4851a1d" />
    <TestEntry testId="9bfbcb97-7393-3e97-5b90-41360d0c076f" executionId="07dddd9d-90c8-4c7c-9486-0a798394d836" testListId="8c84fa94-04c1-424b-9868-57a2d4851a1d" />
    <TestEntry testId="2d49bdd7-3559-92cb-5127-2fb8d1c44b38" executionId="377ac1cd-f0a9-4dc1-8783-c47561718c71" testListId="8c84fa94-04c1-424b-9868-57a2d4851a1d" />
    <TestEntry testId="6d4ff796-fb99-102d-5dff-045c4f4a4c1a" executionId="ba8ff3ab-a92a-4622-8162-88bc55df1cea" testListId="8c84fa94-04c1-424b-9868-57a2d4851a1d" />
    <TestEntry testId="84728403-b075-0630-859d-2be772a02544" executionId="1a313cd3-c118-430c-82eb-47d218c65335" testListId="8c84fa94-04c1-424b-9868-57a2d4851a1d" />
    <TestEntry testId="4478d8c6-cc1f-151f-5b78-c96e0f6d778a" executionId="4502d56e-d1f4-4575-984b-44add9c42713" testListId="8c84fa94-04c1-424b-9868-57a2d4851a1d" />
    <TestEntry testId="775b1367-3189-a824-d0c9-823db512bc30" executionId="e4a009ee-b3f3-403b-8c73-0aeb3861461d" testListId="8c84fa94-04c1-424b-9868-57a2d4851a1d" />
    <TestEntry testId="7e0554fc-ea82-7cff-c217-916a21c725c6" executionId="9f473bea-6599-4eaa-be48-9c77c5994141" testListId="8c84fa94-04c1-424b-9868-57a2d4851a1d" />
    <TestEntry testId="36d8e28b-ead9-631d-c956-91ee6e859e67" executionId="6c5b3644-1041-4961-a074-6431471fd746" testListId="8c84fa94-04c1-424b-9868-57a2d4851a1d" />
    <TestEntry testId="17464289-6d28-3fe2-3a2c-ff1a21f4a88d" executionId="29458758-96e2-4926-8b07-01fdee800528" testListId="8c84fa94-04c1-424b-9868-57a2d4851a1d" />
    <TestEntry testId="54359a79-a350-b706-33cb-3a95c5e005c8" executionId="e64377ba-c136-4fb3-9906-283e10aa2a77" testListId="8c84fa94-04c1-424b-9868-57a2d4851a1d" />
    <TestEntry testId="41475bcb-ef5d-3618-7d1d-5b1438a91061" executionId="1572078d-9b86-4b9c-8b20-0935b45f3cea" testListId="8c84fa94-04c1-424b-9868-57a2d4851a1d" />
    <TestEntry testId="9322c0f2-8323-a37b-92d5-ec05121f9230" executionId="35507ec3-69fa-44ce-8370-897fc875c81f" testListId="8c84fa94-04c1-424b-9868-57a2d4851a1d" />
    <TestEntry testId="b668fb81-8c7e-9806-9e45-6250f49d266d" executionId="d5ca5d6a-33ff-44cd-a44f-65a4276f29d4" testListId="8c84fa94-04c1-424b-9868-57a2d4851a1d" />
    <TestEntry testId="ccfdb732-b4f9-66b8-8a41-9bc827d46e1b" executionId="083d233d-871f-4dc6-b551-ccf0642fca4f" testListId="8c84fa94-04c1-424b-9868-57a2d4851a1d" />
    <TestEntry testId="d70987a7-ad0e-7dc7-a5e7-ae54c7805c43" executionId="881de5b4-3219-4fde-92a6-292de4da2a76" testListId="8c84fa94-04c1-424b-9868-57a2d4851a1d" />
    <TestEntry testId="66f3930e-4a99-6dd9-2352-c6adcfee11cc" executionId="d6d8066d-0add-4ed9-b039-a6f1aa012daf" testListId="8c84fa94-04c1-424b-9868-57a2d4851a1d" />
    <TestEntry testId="b065fdf1-2acb-9512-67e3-88357cc1f7bd" executionId="5c7083f0-99fa-445b-a3bc-c9b259e2587f" testListId="8c84fa94-04c1-424b-9868-57a2d4851a1d" />
    <TestEntry testId="b9de5487-3d39-f56d-886b-071337ca9235" executionId="bbe484e7-c1c1-4e20-a62d-9710cbca83c6" testListId="8c84fa94-04c1-424b-9868-57a2d4851a1d" />
    <TestEntry testId="ce816c85-ab51-0332-5579-1d1ad8a9b051" executionId="041bd54f-e09c-4748-b72b-e06afc4f9d4a" testListId="8c84fa94-04c1-424b-9868-57a2d4851a1d" />
    <TestEntry testId="6ed6cc4f-0b69-d300-8374-f11ffe57b6be" executionId="585ed45e-9b4e-4033-ad6f-901b1f10d784" testListId="8c84fa94-04c1-424b-9868-57a2d4851a1d" />
    <TestEntry testId="dc9892b1-1829-9bf5-0716-2ba2e2bad072" executionId="c1691c75-c082-4450-af10-b21b037efc20" testListId="8c84fa94-04c1-424b-9868-57a2d4851a1d" />
    <TestEntry testId="7a2fd159-6d75-50b5-6d07-8acef305a64a" executionId="fa8a7f41-b56a-4284-a4c6-0751d2b2e7ec" testListId="8c84fa94-04c1-424b-9868-57a2d4851a1d" />
    <TestEntry testId="4626a3cc-2981-ad39-b754-149a49bbf0af" executionId="f698c890-7f2a-40c7-81fc-fe25fb47d406" testListId="8c84fa94-04c1-424b-9868-57a2d4851a1d" />
    <TestEntry testId="f63b110a-a15d-825d-14f9-2151d2f1e07f" executionId="225bf3e0-301d-406f-a05f-1a36ee5b87c3" testListId="8c84fa94-04c1-424b-9868-57a2d4851a1d" />
    <TestEntry testId="a5cccd9d-254c-8f3f-f024-4cc20012dc97" executionId="260bb127-5130-4324-b006-e702c150c8e0" testListId="8c84fa94-04c1-424b-9868-57a2d4851a1d" />
    <TestEntry testId="cdc99126-a89a-18ac-a220-6afcaf5ed324" executionId="f88dc4e7-8198-49f8-95d9-863882a9583c" testListId="8c84fa94-04c1-424b-9868-57a2d4851a1d" />
    <TestEntry testId="91fc9898-562e-ac60-b27b-73fa95a2dbfc" executionId="ea8e94b6-0ef2-48c6-9c14-085687ae8d21" testListId="8c84fa94-04c1-424b-9868-57a2d4851a1d" />
    <TestEntry testId="e882c110-d54b-b53d-28f8-466fc33e4948" executionId="4225c91e-b5bd-4a3f-bee7-4907c154369b" testListId="8c84fa94-04c1-424b-9868-57a2d4851a1d" />
    <TestEntry testId="66ea99b5-4e3c-39a3-2be7-0a12fbeb60c9" executionId="f207eb9a-b965-4791-87d3-70abd369622d" testListId="8c84fa94-04c1-424b-9868-57a2d4851a1d" />
    <TestEntry testId="7138cab9-c2f9-008a-0b0c-9d64fbb5e6b9" executionId="71dd99db-5163-4bc2-a93f-e0966ada254a" testListId="8c84fa94-04c1-424b-9868-57a2d4851a1d" />
    <TestEntry testId="ac5310d6-6d6d-adaf-b5c0-386e110e2f4b" executionId="17cac8bc-4591-49ff-9451-31b9058f188c" testListId="8c84fa94-04c1-424b-9868-57a2d4851a1d" />
    <TestEntry testId="bf670d26-8354-165d-b41a-42a1cf89e1b1" executionId="d47be599-3616-4802-b1f2-f539de52c23c" testListId="8c84fa94-04c1-424b-9868-57a2d4851a1d" />
    <TestEntry testId="fb360f14-445d-1063-3054-52bfed09636a" executionId="e6e2b359-cc19-49e7-ad0f-17362dfad3bd" testListId="8c84fa94-04c1-424b-9868-57a2d4851a1d" />
    <TestEntry testId="0d4292bb-9092-07e1-d05c-8ff30f027515" executionId="8bb10387-da8b-41ee-83cb-fd9abc79a08c" testListId="8c84fa94-04c1-424b-9868-57a2d4851a1d" />
    <TestEntry testId="a46dec37-48f1-a3e7-6cbc-ba84823e14e5" executionId="c4829df3-f0fd-49fc-8689-113c40488473" testListId="8c84fa94-04c1-424b-9868-57a2d4851a1d" />
    <TestEntry testId="9e5d9a4d-c350-a94a-1194-aed8cbf67a80" executionId="25b03940-d87c-45f3-9ad3-f653f154febf" testListId="8c84fa94-04c1-424b-9868-57a2d4851a1d" />
    <TestEntry testId="6422b942-3e12-a46d-3575-0576c2a2434a" executionId="e0a217f2-450f-45fb-87e8-0e340516e082" testListId="8c84fa94-04c1-424b-9868-57a2d4851a1d" />
    <TestEntry testId="d929a040-1aba-5669-e118-7d4e17a2b862" executionId="2e3cc96e-98f6-4ca5-bff1-b927b6fdc166" testListId="8c84fa94-04c1-424b-9868-57a2d4851a1d" />
    <TestEntry testId="f87f9f49-0187-2919-3722-c1448f7defc0" executionId="b66dc7d7-1168-4539-93b9-d062641bcbf0" testListId="8c84fa94-04c1-424b-9868-57a2d4851a1d" />
    <TestEntry testId="5b4a64c0-5613-127b-50cc-55be5f9c3fed" executionId="0e833d7d-da0c-4918-bf5b-aeafdef2e4bd" testListId="8c84fa94-04c1-424b-9868-57a2d4851a1d" />
    <TestEntry testId="899500c2-22b6-94c7-b4e0-cd5f70f1e208" executionId="5ef5063d-8151-4cb6-9375-61c646d5d000" testListId="8c84fa94-04c1-424b-9868-57a2d4851a1d" />
    <TestEntry testId="6e7edd7b-7615-7152-6d9d-3cc4f9511cf7" executionId="d161cb14-e3f6-4233-aed0-f362f59181e5" testListId="8c84fa94-04c1-424b-9868-57a2d4851a1d" />
    <TestEntry testId="bd1facd4-1792-cbdd-3a7e-8d456afdb128" executionId="e48ab56b-f232-46d0-945f-d66eb07405d6" testListId="8c84fa94-04c1-424b-9868-57a2d4851a1d" />
    <TestEntry testId="6f8a36d0-d7e5-32de-4250-37aef9b883a4" executionId="396e9337-c178-49e2-b035-905967963ed2" testListId="8c84fa94-04c1-424b-9868-57a2d4851a1d" />
    <TestEntry testId="eccc0c4e-2696-633e-9659-aa59344c2d8e" executionId="67a380cc-a995-4087-894d-48f13b4b0e3c" testListId="8c84fa94-04c1-424b-9868-57a2d4851a1d" />
    <TestEntry testId="e7a08b1b-c209-326d-58d8-22c862327d47" executionId="fb87ecb3-5e1d-410a-9e90-3cda1cadd1b1" testListId="8c84fa94-04c1-424b-9868-57a2d4851a1d" />
    <TestEntry testId="ebf4eff3-a333-059c-7b06-0487cc0ae1fb" executionId="2bbf1eb5-871e-4672-8bb7-c73eba63245f" testListId="8c84fa94-04c1-424b-9868-57a2d4851a1d" />
    <TestEntry testId="e6be1ea5-a641-6f17-a385-2f4fb68b01bd" executionId="36aec873-6ddd-4cf0-8b40-5b0b1dc38b3a" testListId="8c84fa94-04c1-424b-9868-57a2d4851a1d" />
    <TestEntry testId="def9d54b-92fa-33f4-14ab-9ec05765d89f" executionId="715168ca-c4a0-4d01-8a02-ef8243bce19f" testListId="8c84fa94-04c1-424b-9868-57a2d4851a1d" />
    <TestEntry testId="ed94f3af-9678-99cb-da54-ba392e399d95" executionId="ff9df11c-9ea6-4e1a-96a1-29d291e3639b" testListId="8c84fa94-04c1-424b-9868-57a2d4851a1d" />
    <TestEntry testId="d3da5022-8e4b-8d31-c15b-792642a32026" executionId="edcf9ece-75d4-43f6-84c6-1906b4affbce" testListId="8c84fa94-04c1-424b-9868-57a2d4851a1d" />
    <TestEntry testId="ca7222e5-698c-ede6-13e8-d9ccebf23df9" executionId="7688f6fa-4044-49ae-9be7-fefc04d8fe89" testListId="8c84fa94-04c1-424b-9868-57a2d4851a1d" />
    <TestEntry testId="10541a8e-64ba-d774-f402-b9f32edbec4d" executionId="639db3cd-978a-4cae-b127-c1d624052b72" testListId="8c84fa94-04c1-424b-9868-57a2d4851a1d" />
    <TestEntry testId="893bae7d-2ecb-147a-4249-142a59be651b" executionId="7e7920cf-7974-472f-b73c-c59bba0dd2c7" testListId="8c84fa94-04c1-424b-9868-57a2d4851a1d" />
    <TestEntry testId="11ece51f-37eb-f926-cb36-a375b3572505" executionId="ae543925-a155-4916-a7b7-b1702f61f760" testListId="8c84fa94-04c1-424b-9868-57a2d4851a1d" />
    <TestEntry testId="57bdc43c-00dd-641d-e664-ae83375b77e2" executionId="cbfa4d7f-d91b-4487-8c50-29bce11d6182" testListId="8c84fa94-04c1-424b-9868-57a2d4851a1d" />
    <TestEntry testId="e3331d1b-8c7d-231c-6751-d2ce129ced81" executionId="8972c5c9-45cf-4703-bc99-c9881e8491fb" testListId="8c84fa94-04c1-424b-9868-57a2d4851a1d" />
    <TestEntry testId="cdd91721-6e98-3da2-8a09-95d8fa7ad5e3" executionId="f728f53e-f6cd-42b2-86fd-3d8ac5125332" testListId="8c84fa94-04c1-424b-9868-57a2d4851a1d" />
    <TestEntry testId="47d121ac-c3a0-9cb6-c260-31a7d126c875" executionId="f45d6434-fbcd-4954-a79e-e4794401d73a" testListId="8c84fa94-04c1-424b-9868-57a2d4851a1d" />
    <TestEntry testId="d1762521-556f-848c-2d9a-8b3843179f69" executionId="2e5e0ec9-f381-45d7-9ea9-b75593376389" testListId="8c84fa94-04c1-424b-9868-57a2d4851a1d" />
    <TestEntry testId="7b6e80a8-808c-ac81-7619-b92280b3d235" executionId="b317c53c-dfb1-4d7c-a18e-9600c66f505d" testListId="8c84fa94-04c1-424b-9868-57a2d4851a1d" />
    <TestEntry testId="12ebd7b2-097b-e30b-d931-f521767957ca" executionId="ba4c63a7-74cc-4572-ada1-fe86f703ed03" testListId="8c84fa94-04c1-424b-9868-57a2d4851a1d" />
    <TestEntry testId="a0e2b5a2-035f-51df-94ac-0c80a27d7671" executionId="4912328c-4212-43f4-a8ce-2635dfcf08e1" testListId="8c84fa94-04c1-424b-9868-57a2d4851a1d" />
    <TestEntry testId="26849c02-82a3-ad28-280e-07d6eb67ef6c" executionId="45fb4ddd-952e-4952-964c-021156d8bb76" testListId="8c84fa94-04c1-424b-9868-57a2d4851a1d" />
    <TestEntry testId="bd04b31f-0f79-1b23-444f-e9199a7cc79f" executionId="9c4dca9e-33df-47ca-8535-1e9f25e4e7b0" testListId="8c84fa94-04c1-424b-9868-57a2d4851a1d" />
    <TestEntry testId="0b86288e-80e8-cbc5-578a-2357123bd041" executionId="60e15766-32e6-4eb4-b9c1-3629cc6fe1a6" testListId="8c84fa94-04c1-424b-9868-57a2d4851a1d" />
    <TestEntry testId="48832875-ad63-f03d-36a5-b28de21d0017" executionId="e8218667-22a8-463f-a5fa-e0590b6a3234" testListId="8c84fa94-04c1-424b-9868-57a2d4851a1d" />
    <TestEntry testId="63645b06-581c-fe94-5b64-37fa576bf61c" executionId="1efae06d-d3f6-432f-a5c3-dae7228d5b45" testListId="8c84fa94-04c1-424b-9868-57a2d4851a1d" />
    <TestEntry testId="99cd4330-145a-d3bc-5183-5917220ba95a" executionId="4fd68529-4e36-4a17-9505-fc2f5390e581" testListId="8c84fa94-04c1-424b-9868-57a2d4851a1d" />
    <TestEntry testId="623d5464-fc7a-1663-b3fc-1cd58eecc58a" executionId="ae080334-cea7-4b6f-93d1-56840ddab838" testListId="8c84fa94-04c1-424b-9868-57a2d4851a1d" />
    <TestEntry testId="2d346b95-3c07-f0a0-419d-2cb7817a1d00" executionId="fb082f81-533b-4aab-b501-fabbddb0b46d" testListId="8c84fa94-04c1-424b-9868-57a2d4851a1d" />
    <TestEntry testId="55e4c6ef-9688-250a-8df9-cb5fdcccf252" executionId="7a4cddec-e2fc-4b46-9390-6f3ec678a503" testListId="8c84fa94-04c1-424b-9868-57a2d4851a1d" />
    <TestEntry testId="af29d6a7-9195-dd2c-d311-f4fe2ac86487" executionId="603d1146-3217-4a6e-94a8-a152998d5f78" testListId="8c84fa94-04c1-424b-9868-57a2d4851a1d" />
    <TestEntry testId="5633b127-bb04-d544-e3df-a69bb38d0776" executionId="c121606a-241d-40d7-89f0-f45047feba9c" testListId="8c84fa94-04c1-424b-9868-57a2d4851a1d" />
    <TestEntry testId="5d56160f-1e48-faa2-365a-70edb9acf582" executionId="994d211e-6b15-48fc-a1e3-9f33358579bd" testListId="8c84fa94-04c1-424b-9868-57a2d4851a1d" />
    <TestEntry testId="a3a5c8ea-dbbb-3e4f-7267-ef6bd47aa29e" executionId="7e6c8ec4-b2e7-4009-9d7f-8fae8092d295" testListId="8c84fa94-04c1-424b-9868-57a2d4851a1d" />
    <TestEntry testId="00e2a9d7-9068-7a6b-7d90-c421538afd8d" executionId="cc8da11a-e0b0-4077-a9fa-f72be26b712e" testListId="8c84fa94-04c1-424b-9868-57a2d4851a1d" />
    <TestEntry testId="fff67a66-5b63-4b59-d9e1-fa6cacb0c28f" executionId="012b988c-2326-4c3d-bc28-9cb8db09e73d" testListId="8c84fa94-04c1-424b-9868-57a2d4851a1d" />
    <TestEntry testId="f84268a3-d107-9fe2-639b-5219dc4b85d1" executionId="d722930f-3282-4321-b571-1b427f02da80" testListId="8c84fa94-04c1-424b-9868-57a2d4851a1d" />
    <TestEntry testId="20683c07-dc9a-b552-b0e4-565a2c613275" executionId="5ebd1303-fcde-4487-bef3-b2d926998ddc" testListId="8c84fa94-04c1-424b-9868-57a2d4851a1d" />
    <TestEntry testId="baaab09b-6eca-5e98-86f6-dac293760416" executionId="d99fff71-8de8-434e-9d44-1ff40f29e05b" testListId="8c84fa94-04c1-424b-9868-57a2d4851a1d" />
    <TestEntry testId="1b004e8f-24b5-c979-ccb9-ab7121f6f236" executionId="e41bee13-7b3a-4a4c-b372-c69d272e92df" testListId="8c84fa94-04c1-424b-9868-57a2d4851a1d" />
    <TestEntry testId="3eeebd0f-6c17-a08d-96dc-03c2f5058b44" executionId="52e658b8-d0f0-45b5-afd1-be88824488b2" testListId="8c84fa94-04c1-424b-9868-57a2d4851a1d" />
    <TestEntry testId="45e3d0f9-72c5-6428-8f37-e623a4e7d169" executionId="65f3797f-e1d6-4633-bed2-83c960180a61" testListId="8c84fa94-04c1-424b-9868-57a2d4851a1d" />
    <TestEntry testId="ebce04db-882c-ceae-f4a7-61db1ab59332" executionId="7a216541-e145-41d8-aba7-71c4b8c9b589" testListId="8c84fa94-04c1-424b-9868-57a2d4851a1d" />
    <TestEntry testId="43cccf8e-cac8-f44f-0a32-140b99d35095" executionId="a64fdffd-5f34-4f58-bdb4-1db09b741d38" testListId="8c84fa94-04c1-424b-9868-57a2d4851a1d" />
    <TestEntry testId="e79cff88-57a1-4d54-5842-382760458b84" executionId="1eeea78d-48cf-471f-8261-360e8eead32b" testListId="8c84fa94-04c1-424b-9868-57a2d4851a1d" />
    <TestEntry testId="0c8af55d-888b-66ab-d122-5725e58fd271" executionId="aeb58dba-6e34-4157-bb1d-43e4e724b016" testListId="8c84fa94-04c1-424b-9868-57a2d4851a1d" />
    <TestEntry testId="27982400-f5b5-f21e-b696-dede26779e1b" executionId="92b5ac0e-b53d-481a-bc58-970319ca111f" testListId="8c84fa94-04c1-424b-9868-57a2d4851a1d" />
    <TestEntry testId="fc0cc794-4fc9-7c17-588f-d7d9b4039cbc" executionId="6236245f-e5d4-4c5e-a8e8-b3b23278f746" testListId="8c84fa94-04c1-424b-9868-57a2d4851a1d" />
    <TestEntry testId="1b1aed6a-8b9e-499d-541d-e9bb494b1433" executionId="93e18f63-4d00-4f03-b1bd-3413ddd18b9e" testListId="8c84fa94-04c1-424b-9868-57a2d4851a1d" />
    <TestEntry testId="5d512a31-7034-d4f2-c64d-c94b7792c734" executionId="2d8aedc8-50ce-4891-ac49-891d46a15156" testListId="8c84fa94-04c1-424b-9868-57a2d4851a1d" />
    <TestEntry testId="f10eac52-ea0d-ceed-393c-983a2a79629b" executionId="42e6fb11-86e7-428e-8b65-1417083a748c" testListId="8c84fa94-04c1-424b-9868-57a2d4851a1d" />
    <TestEntry testId="062d78b0-673a-e0bd-7cfd-1476597e307b" executionId="0faf533b-397f-4392-9eb2-0771cde17125" testListId="8c84fa94-04c1-424b-9868-57a2d4851a1d" />
    <TestEntry testId="084f32ac-20d9-3298-d35a-3e4233f1f96b" executionId="6c5c12ba-d6a7-4824-8cee-3942cab84880" testListId="8c84fa94-04c1-424b-9868-57a2d4851a1d" />
    <TestEntry testId="85389b76-f656-b28d-81df-d1ec6e961132" executionId="502b2b96-fc23-43f1-b140-7b3f3360b2b0" testListId="8c84fa94-04c1-424b-9868-57a2d4851a1d" />
    <TestEntry testId="70904c01-783a-cf27-535e-fd5a6738edd4" executionId="50c14238-055d-4f69-8093-6e1ff5ea569c" testListId="8c84fa94-04c1-424b-9868-57a2d4851a1d" />
    <TestEntry testId="96141f11-d5b4-1b35-4b30-029b1af4f2e4" executionId="92192ca8-9d3a-4d12-8839-bec3cb6c4a1e" testListId="8c84fa94-04c1-424b-9868-57a2d4851a1d" />
    <TestEntry testId="8a14e7a5-8569-78a0-5b3f-b4c1b0eddaa7" executionId="c649cf27-7530-4855-b564-e4b0a16757fe" testListId="8c84fa94-04c1-424b-9868-57a2d4851a1d" />
    <TestEntry testId="b9d2dfd5-5fc8-0a0e-3f2b-a2de70ec6bf5" executionId="c9f00504-7e3b-48fd-b59b-53ec6acd5697" testListId="8c84fa94-04c1-424b-9868-57a2d4851a1d" />
    <TestEntry testId="6d458a07-7789-12ca-e3c7-7c0e4257399b" executionId="6ec50565-2081-4680-ba69-7a5334cd391c" testListId="8c84fa94-04c1-424b-9868-57a2d4851a1d" />
    <TestEntry testId="a289a6a0-6040-4bc9-9774-69d4debbe7df" executionId="96276342-f16f-4fef-b52e-cf7972172be2" testListId="8c84fa94-04c1-424b-9868-57a2d4851a1d" />
    <TestEntry testId="5ea9479e-d7e7-7392-899e-45335ff069e7" executionId="9b1c0ba6-0450-455c-a38a-cffceed5baaf" testListId="8c84fa94-04c1-424b-9868-57a2d4851a1d" />
    <TestEntry testId="e6575729-b3e6-600c-fa38-792f8b23bd68" executionId="abe09c03-6925-43e0-9100-9ea6b440580c" testListId="8c84fa94-04c1-424b-9868-57a2d4851a1d" />
    <TestEntry testId="a16fac14-2952-59c2-f9cb-93ac47ea55ca" executionId="5aacfa9f-22f2-4df7-8318-7ce670f98f30" testListId="8c84fa94-04c1-424b-9868-57a2d4851a1d" />
    <TestEntry testId="67779330-877d-efe4-d891-ea80d17ea9f2" executionId="ea943394-f9e8-4492-845f-8bb532898e1f" testListId="8c84fa94-04c1-424b-9868-57a2d4851a1d" />
    <TestEntry testId="17a3b251-36cd-07f4-6f0c-5e839dd8b46e" executionId="145f0bd8-d07a-4476-96f9-f1e468548fd3" testListId="8c84fa94-04c1-424b-9868-57a2d4851a1d" />
    <TestEntry testId="d5fe72e7-e784-de85-7327-74e3ed545624" executionId="08f771b4-392f-461a-ac01-a9f1d5a3a234" testListId="8c84fa94-04c1-424b-9868-57a2d4851a1d" />
    <TestEntry testId="0422c0a9-8f46-02d8-cc74-796557fcdbf1" executionId="06b112bc-9c2c-4268-afa5-48e080e39d56" testListId="8c84fa94-04c1-424b-9868-57a2d4851a1d" />
    <TestEntry testId="ded7da43-5b35-6452-1926-110c074ef91d" executionId="1479cf46-9d94-4932-84da-8bc5882e7f6f" testListId="8c84fa94-04c1-424b-9868-57a2d4851a1d" />
    <TestEntry testId="d343ebf0-90b9-8312-b39f-0f294924653b" executionId="edc9d331-e401-45ee-bf73-9023b19fa349" testListId="8c84fa94-04c1-424b-9868-57a2d4851a1d" />
    <TestEntry testId="04cda920-efc4-365b-24c0-fc5e6312876f" executionId="49b93710-b225-483f-a781-300d49d437eb" testListId="8c84fa94-04c1-424b-9868-57a2d4851a1d" />
    <TestEntry testId="13f6bcf6-e02b-f78e-142f-d69b6d63f0af" executionId="56c969e4-a2bc-4349-8bd2-6567aed3e4b7" testListId="8c84fa94-04c1-424b-9868-57a2d4851a1d" />
    <TestEntry testId="5cff4ec6-47fc-95f2-23f2-32c6a732ef88" executionId="79baddb1-c28b-4e08-ba11-7c53aba594b5" testListId="8c84fa94-04c1-424b-9868-57a2d4851a1d" />
    <TestEntry testId="b1344741-f535-b211-feea-e072076c9503" executionId="fa5fa3d8-dc8d-47ab-b36e-c96153754da8" testListId="8c84fa94-04c1-424b-9868-57a2d4851a1d" />
    <TestEntry testId="9ca330db-b2de-6fd8-4a31-28b777299130" executionId="5bac4d72-f4b2-4aed-ab48-fdea35e2aae1" testListId="8c84fa94-04c1-424b-9868-57a2d4851a1d" />
    <TestEntry testId="e5e80db3-6144-ea2f-09dc-05657127f79c" executionId="92c2283a-199c-4fa4-8cf5-a12fd85ae4ab" testListId="8c84fa94-04c1-424b-9868-57a2d4851a1d" />
    <TestEntry testId="0b404634-fabf-542c-c39a-5b5860a30b25" executionId="b2979543-ded9-423a-aceb-167ec9bcac95" testListId="8c84fa94-04c1-424b-9868-57a2d4851a1d" />
    <TestEntry testId="2af4e33f-3ad4-04f2-37df-9ec4b5574236" executionId="5f7d2940-6637-477e-9269-ab92c772ded7" testListId="8c84fa94-04c1-424b-9868-57a2d4851a1d" />
    <TestEntry testId="5542dda8-0b53-5ee0-368c-965e224d9fd4" executionId="4b7dd384-4a10-4e3d-bf3d-6f6b689d12f1" testListId="8c84fa94-04c1-424b-9868-57a2d4851a1d" />
    <TestEntry testId="db023b66-5330-e56c-198f-c64b71b937f5" executionId="9977e8ec-db7d-42c6-8639-bd8433d2ca4e" testListId="8c84fa94-04c1-424b-9868-57a2d4851a1d" />
    <TestEntry testId="5853a9e0-8ba5-a9fc-10cd-83263f396ebb" executionId="c9beb098-f6a3-45aa-b320-4e96c5964f4c" testListId="8c84fa94-04c1-424b-9868-57a2d4851a1d" />
    <TestEntry testId="7aeef144-cbb4-b589-7357-281963de7fc3" executionId="3b64d8ed-6b75-4def-a5b3-4e794db48389" testListId="8c84fa94-04c1-424b-9868-57a2d4851a1d" />
    <TestEntry testId="e70f92fc-f1d3-cec4-b7e4-b0ff367f2fb1" executionId="260b0dc3-521b-4b43-bbc7-575ba7fb83d0" testListId="8c84fa94-04c1-424b-9868-57a2d4851a1d" />
    <TestEntry testId="43a88965-7428-2504-3ad8-2c223aa43c1f" executionId="0441fce0-d264-4d9c-ac18-c11ab1f54218" testListId="8c84fa94-04c1-424b-9868-57a2d4851a1d" />
    <TestEntry testId="13287f31-e788-e2d4-f141-52b50e707662" executionId="ac1b1a0d-836c-4d47-8e25-a848914a435c" testListId="8c84fa94-04c1-424b-9868-57a2d4851a1d" />
    <TestEntry testId="4b7e6207-7e08-33d7-a4a6-3c9c1c4bd46b" executionId="b00a3475-e395-4ca9-be65-67550c997211" testListId="8c84fa94-04c1-424b-9868-57a2d4851a1d" />
    <TestEntry testId="85bc96f5-633a-73ce-38a3-065c75c961bf" executionId="b6e8da60-bf22-49bf-a163-dbb7088cb449" testListId="8c84fa94-04c1-424b-9868-57a2d4851a1d" />
    <TestEntry testId="660a49ac-22b4-f954-7722-970f53b93449" executionId="867ec65c-618f-474f-b51c-a9b2e6c92b9d" testListId="8c84fa94-04c1-424b-9868-57a2d4851a1d" />
    <TestEntry testId="62d574af-05b1-57dc-4752-4bbc2d1e3b8d" executionId="fcb65054-0a85-4718-a271-c51ea7cbb8e3" testListId="8c84fa94-04c1-424b-9868-57a2d4851a1d" />
    <TestEntry testId="432295c4-db14-ec63-5c4b-be5afae4cb52" executionId="7c532b7b-c120-4cb5-b278-19404003b9ba" testListId="8c84fa94-04c1-424b-9868-57a2d4851a1d" />
    <TestEntry testId="df106c93-dba2-fad8-cf9c-e89f94afe190" executionId="5ccc7cc3-a8a8-4298-883f-8e0a88dd8da8" testListId="8c84fa94-04c1-424b-9868-57a2d4851a1d" />
    <TestEntry testId="be1dd291-8a0c-ebf5-dd07-b1f3096689d3" executionId="bfca7eb3-7f60-408c-80ec-f1e3807dfbeb" testListId="8c84fa94-04c1-424b-9868-57a2d4851a1d" />
    <TestEntry testId="29387a21-cfe6-66b5-9f33-7383e6376a23" executionId="84b3d119-8486-4a65-9014-096cf575580d" testListId="8c84fa94-04c1-424b-9868-57a2d4851a1d" />
    <TestEntry testId="b0effa69-0f52-5466-77c3-d4ce8fd9cb15" executionId="f22689f3-412d-4e9f-b2c9-ae72c1265a6a" testListId="8c84fa94-04c1-424b-9868-57a2d4851a1d" />
    <TestEntry testId="76e44b8c-d5f7-58a2-0358-20e726785cc4" executionId="4520ead3-7456-487d-8c02-e9b61d79698d" testListId="8c84fa94-04c1-424b-9868-57a2d4851a1d" />
    <TestEntry testId="0f20ed1f-90f5-3f55-3a6f-ddf0b36cb5a6" executionId="a58bbb3f-f16c-4d29-a4b1-5ef77d9f3803" testListId="8c84fa94-04c1-424b-9868-57a2d4851a1d" />
    <TestEntry testId="b3c67cb0-c8db-1bac-2c9f-4a5d9119eaa7" executionId="c7946594-f1b1-47d5-b543-ed5838dbc037" testListId="8c84fa94-04c1-424b-9868-57a2d4851a1d" />
    <TestEntry testId="ec61fe7d-f8a9-0469-b26a-d2c1cf831a20" executionId="f2f86a75-f657-4629-8006-2035ba7dac67" testListId="8c84fa94-04c1-424b-9868-57a2d4851a1d" />
    <TestEntry testId="2ef8916d-a194-5e24-5900-54c8ab00f21b" executionId="07b9c64d-06f0-41de-bdd5-c4a17258b4de" testListId="8c84fa94-04c1-424b-9868-57a2d4851a1d" />
    <TestEntry testId="a85129ae-c9fd-e336-efb1-3a4a2726dc6a" executionId="ecee6a3f-b814-4845-bb38-9841c5c6cc4f" testListId="8c84fa94-04c1-424b-9868-57a2d4851a1d" />
    <TestEntry testId="0764a672-89fe-5d86-13f0-944488cff56e" executionId="8f04cf58-3c3e-4819-bcad-1156ca797b18" testListId="8c84fa94-04c1-424b-9868-57a2d4851a1d" />
    <TestEntry testId="6cea7616-93f4-1d82-21a5-a08920114d81" executionId="e7c653c6-d080-415e-a743-fce53bc74e37" testListId="8c84fa94-04c1-424b-9868-57a2d4851a1d" />
    <TestEntry testId="548d3157-fa5e-4025-ee08-7c82a34be892" executionId="f83a9b2c-4f6b-4628-b23e-00bbad644368" testListId="8c84fa94-04c1-424b-9868-57a2d4851a1d" />
    <TestEntry testId="482f2162-f630-84b1-16ff-f7d9e0c47833" executionId="9475d65f-916e-4267-a966-6e01ddc9df2b" testListId="8c84fa94-04c1-424b-9868-57a2d4851a1d" />
    <TestEntry testId="b023713a-a208-cdad-ca76-94793772a2ef" executionId="34d42444-8092-473f-933e-f1eedf90c917" testListId="8c84fa94-04c1-424b-9868-57a2d4851a1d" />
    <TestEntry testId="144352c5-c33b-97b1-d06c-d10783bcd24a" executionId="723771ba-bf5d-49c5-9464-516d06efa9ab" testListId="8c84fa94-04c1-424b-9868-57a2d4851a1d" />
    <TestEntry testId="6f76e60a-96ae-1036-bb5e-9caebe81c35a" executionId="1bef7693-7186-4aa8-ab09-5f78361b19c2" testListId="8c84fa94-04c1-424b-9868-57a2d4851a1d" />
    <TestEntry testId="6ea36cb7-dc9f-f9b5-d308-6a7e97d59a45" executionId="c0975256-b0a4-4f0a-a3e6-9f33265b301d" testListId="8c84fa94-04c1-424b-9868-57a2d4851a1d" />
    <TestEntry testId="9c6b93f0-21ea-bab9-4f22-0a88632e740e" executionId="d79b5147-002b-4835-962f-ea7480db24bc" testListId="8c84fa94-04c1-424b-9868-57a2d4851a1d" />
    <TestEntry testId="b2d08199-1744-af53-14e2-8b5747d2f865" executionId="339a731c-d752-495e-8c4a-bf26c6effe59" testListId="8c84fa94-04c1-424b-9868-57a2d4851a1d" />
    <TestEntry testId="f5494661-fe61-3b93-b99f-f96ddc383216" executionId="080b1a0c-a310-4b16-a24a-5dd72f7aa2ac" testListId="8c84fa94-04c1-424b-9868-57a2d4851a1d" />
    <TestEntry testId="e95dd875-7599-5e7e-b707-528a616cf3e4" executionId="c79aaf38-e94e-4836-9d66-78bab0709b3d" testListId="8c84fa94-04c1-424b-9868-57a2d4851a1d" />
    <TestEntry testId="b335820a-7104-d5ea-9cc3-885bd58666ec" executionId="e2196e60-5177-4ee4-abdc-6527953920c6" testListId="8c84fa94-04c1-424b-9868-57a2d4851a1d" />
    <TestEntry testId="596fd6d3-e623-e12e-182c-0c3528e4e9c8" executionId="58420333-f8fe-49c4-b1af-e639d683195f" testListId="8c84fa94-04c1-424b-9868-57a2d4851a1d" />
    <TestEntry testId="c6a1718e-79da-c7ba-d8ef-6c71af34e3dc" executionId="5dd7416d-4e60-44a7-8a5e-17e45e0c956d" testListId="8c84fa94-04c1-424b-9868-57a2d4851a1d" />
    <TestEntry testId="65bf8705-3dc5-8cec-5e83-9dfec95ae5f1" executionId="3681e0ae-716f-42d5-b7cd-4152d37959f3" testListId="8c84fa94-04c1-424b-9868-57a2d4851a1d" />
    <TestEntry testId="adce347d-d8a3-fa81-3aab-32fa93d7feec" executionId="e56f85be-60eb-4085-b995-47bd69dd93f1" testListId="8c84fa94-04c1-424b-9868-57a2d4851a1d" />
    <TestEntry testId="6230042b-066b-7540-e033-c1da687c8808" executionId="052be678-6ead-465b-8835-a73d0b3b5826" testListId="8c84fa94-04c1-424b-9868-57a2d4851a1d" />
    <TestEntry testId="a487004f-9199-ea6f-56ef-0474d325771f" executionId="739f1937-e615-46ec-ba2b-7f5fca65ab54" testListId="8c84fa94-04c1-424b-9868-57a2d4851a1d" />
    <TestEntry testId="016db6ee-2d38-0bc8-9736-56870f4b6a15" executionId="87ded6a4-f728-49df-8a4e-04b0e14bbc7e" testListId="8c84fa94-04c1-424b-9868-57a2d4851a1d" />
    <TestEntry testId="0899a483-f978-208a-59fe-e2759339cea5" executionId="f1db54e6-114a-406f-a16f-1e9602cdf576" testListId="8c84fa94-04c1-424b-9868-57a2d4851a1d" />
    <TestEntry testId="a5bf996a-851b-c1e5-0c9e-4b5c6288a744" executionId="15baba04-a0d5-4bef-b91c-fdd174adf98e" testListId="8c84fa94-04c1-424b-9868-57a2d4851a1d" />
    <TestEntry testId="a89eaf12-e1e1-35d2-b638-0edbdc28dd28" executionId="326b9f57-321a-4ba6-bcbc-13971e93fc91" testListId="8c84fa94-04c1-424b-9868-57a2d4851a1d" />
    <TestEntry testId="b1f8662e-7da3-ea78-c648-44064c691ebe" executionId="1f28ddcc-21cf-4148-aa8c-587b1f3effa0" testListId="8c84fa94-04c1-424b-9868-57a2d4851a1d" />
    <TestEntry testId="9d2e72d6-92ec-9416-6f65-3920a3a0eb8d" executionId="aa56516e-5c6e-45e8-86aa-15c765f7c413" testListId="8c84fa94-04c1-424b-9868-57a2d4851a1d" />
    <TestEntry testId="a6ada6b1-1f6c-a56d-fd5a-9dd7bb6086f3" executionId="244cd546-29ce-4e1e-a641-5b58440fdd16" testListId="8c84fa94-04c1-424b-9868-57a2d4851a1d" />
    <TestEntry testId="59524313-3601-c65c-9b12-abd92090ce88" executionId="3b41c8d5-484c-4ee2-bbfd-3dfc20d509d6" testListId="8c84fa94-04c1-424b-9868-57a2d4851a1d" />
    <TestEntry testId="a233b0bf-7475-22b1-ba32-efabf55ac76e" executionId="84db32e2-c7ff-463d-a3a7-a0bfc128e1c8" testListId="8c84fa94-04c1-424b-9868-57a2d4851a1d" />
    <TestEntry testId="7170d4d4-1352-0b81-d734-949ca2b0a26a" executionId="84766427-a328-4104-ba4a-72837ec00b98" testListId="8c84fa94-04c1-424b-9868-57a2d4851a1d" />
    <TestEntry testId="cec85ed6-94b7-0884-130d-7d383606a34c" executionId="cc26a78c-889d-4e15-ad6c-da22443d4a6b" testListId="8c84fa94-04c1-424b-9868-57a2d4851a1d" />
    <TestEntry testId="deae603b-fab4-81c4-e8cc-7dc863200d1e" executionId="d852f69a-83d7-4f3a-a012-2b5d6ad59f87" testListId="8c84fa94-04c1-424b-9868-57a2d4851a1d" />
    <TestEntry testId="1ba550a5-1f48-afaa-0282-6c7d6ffea5db" executionId="682b2169-8736-4014-87c7-96136c91b704" testListId="8c84fa94-04c1-424b-9868-57a2d4851a1d" />
    <TestEntry testId="ded5ffc5-e6ed-f1d6-b4b6-c5d364958d62" executionId="66b66e51-7e29-463c-b2a8-5242976a5eda" testListId="8c84fa94-04c1-424b-9868-57a2d4851a1d" />
    <TestEntry testId="cfb35121-9e90-19ab-8b56-e907e592381e" executionId="63efb3e9-afbb-4539-96e0-a0f653acc5a6" testListId="8c84fa94-04c1-424b-9868-57a2d4851a1d" />
    <TestEntry testId="6eaa22fd-b4ea-d938-d98e-0ba036c2c909" executionId="1a967b8e-4df3-4192-9583-fe520e50c025" testListId="8c84fa94-04c1-424b-9868-57a2d4851a1d" />
    <TestEntry testId="fae32176-7d58-c1c8-1250-0a12f87fc49d" executionId="eb778198-f160-48b5-a842-9e3d5c68c59b" testListId="8c84fa94-04c1-424b-9868-57a2d4851a1d" />
    <TestEntry testId="40ceb1f5-b7ad-2efb-b2d4-1dd0881abec3" executionId="96bfaf91-8309-4361-bbbf-1022c3484944" testListId="8c84fa94-04c1-424b-9868-57a2d4851a1d" />
    <TestEntry testId="70370df1-7a4a-f979-db78-aa2b854af0b2" executionId="b65a8521-4cbb-4a25-9c25-252d4f62ebb1" testListId="8c84fa94-04c1-424b-9868-57a2d4851a1d" />
    <TestEntry testId="5547bcbc-02e3-b114-85b3-0b9f6aeeed68" executionId="ca486a24-367c-45b5-8b51-6f2aea91cdb7" testListId="8c84fa94-04c1-424b-9868-57a2d4851a1d" />
    <TestEntry testId="38dee21e-d1a8-cfd7-5570-f5f869cf091b" executionId="9a81abb1-5ad5-438d-970e-497e3c686af3" testListId="8c84fa94-04c1-424b-9868-57a2d4851a1d" />
    <TestEntry testId="0aff4d1c-2404-9d01-845c-f4092cbac346" executionId="fcd0555e-059e-4be4-a405-4029730b320c" testListId="8c84fa94-04c1-424b-9868-57a2d4851a1d" />
    <TestEntry testId="4410ae7f-43aa-eb44-1b4e-81bba6a15a39" executionId="c57f02c4-0a79-40ef-a304-1864d4c681d1" testListId="8c84fa94-04c1-424b-9868-57a2d4851a1d" />
    <TestEntry testId="03fc8d35-4471-954f-a728-4400525b30ef" executionId="0c3a8336-7200-4342-8d57-c0e953927486" testListId="8c84fa94-04c1-424b-9868-57a2d4851a1d" />
    <TestEntry testId="1273889c-a586-73a8-3ad1-6b005ef36f19" executionId="4684d75f-0554-45cf-8214-9491d6abe05b" testListId="8c84fa94-04c1-424b-9868-57a2d4851a1d" />
    <TestEntry testId="eba23772-4d9d-10e4-1b6a-5ca9604d5785" executionId="0359d135-ba4b-4b0a-9be0-5a26d7acee20" testListId="8c84fa94-04c1-424b-9868-57a2d4851a1d" />
    <TestEntry testId="3bd334de-d427-8484-65ca-b08a8977c8cd" executionId="5b704131-dd3f-4351-94aa-6f7b0c1b0fad" testListId="8c84fa94-04c1-424b-9868-57a2d4851a1d" />
    <TestEntry testId="8eb6fb87-99ba-1360-e0aa-c090c9e0ad00" executionId="68a43b54-af33-458d-b90c-1a7ab5c45a8f" testListId="8c84fa94-04c1-424b-9868-57a2d4851a1d" />
    <TestEntry testId="d10b06d8-0895-1428-c17e-78808c336ae2" executionId="fb9fe43e-ede5-487f-afe4-7cb3d26fc96f" testListId="8c84fa94-04c1-424b-9868-57a2d4851a1d" />
    <TestEntry testId="0c1a4d57-c120-e603-2b30-3cb5477df224" executionId="99d5afe4-08a2-4231-9bc4-562d04f43bea" testListId="8c84fa94-04c1-424b-9868-57a2d4851a1d" />
    <TestEntry testId="c9faf224-a0ec-ef88-2f10-44b1fbb47a0c" executionId="df49a216-22ec-42cc-8ae5-442dd3da7f37" testListId="8c84fa94-04c1-424b-9868-57a2d4851a1d" />
    <TestEntry testId="a19eee94-e1b1-61eb-a25b-0ec29c47edb0" executionId="6aed8403-29f2-4fb1-b45d-fb410fce7e69" testListId="8c84fa94-04c1-424b-9868-57a2d4851a1d" />
    <TestEntry testId="57b55e6e-9069-bda1-354a-d72ede57b55a" executionId="73fcd6d7-48f1-4cb2-950e-3a48526560e7" testListId="8c84fa94-04c1-424b-9868-57a2d4851a1d" />
    <TestEntry testId="d7eb0fa5-c2e2-65a1-f9f7-5df125636e05" executionId="0c19c2f4-6880-4ca3-9e0f-f65f82f62c8f" testListId="8c84fa94-04c1-424b-9868-57a2d4851a1d" />
    <TestEntry testId="a96676a6-3e98-b905-8bd8-781a670d781b" executionId="ac4e4f0f-62ed-4fcb-8497-b8a94e44ec75" testListId="8c84fa94-04c1-424b-9868-57a2d4851a1d" />
    <TestEntry testId="c700525e-3442-c96d-4b95-bb78207a074f" executionId="141a7ef0-14c1-496b-86e8-c60019dfb84f" testListId="8c84fa94-04c1-424b-9868-57a2d4851a1d" />
    <TestEntry testId="42517c84-6dea-ecc2-b8c2-5627cd2ab0be" executionId="cdd52fe0-4bee-4d4a-830a-ccb13f116f4c" testListId="8c84fa94-04c1-424b-9868-57a2d4851a1d" />
    <TestEntry testId="500b72e0-4f4f-486d-00d8-847aa132558b" executionId="a7405723-9934-4538-bc2a-bffe8ff9fbc3" testListId="8c84fa94-04c1-424b-9868-57a2d4851a1d" />
    <TestEntry testId="2b41abb9-682a-bffc-6ee0-3a53e366e2eb" executionId="296aae7a-62ef-4bb1-8800-827d95ecf7bd" testListId="8c84fa94-04c1-424b-9868-57a2d4851a1d" />
    <TestEntry testId="2fdca0ec-03ca-b79a-f880-b6fee07749a2" executionId="4e3fc560-8e30-401b-b201-f2a9deb66bb4" testListId="8c84fa94-04c1-424b-9868-57a2d4851a1d" />
    <TestEntry testId="3ce60d24-6b9e-ad13-e847-b9237bca7759" executionId="ac4bd3bd-064e-421d-b13f-bf2c3c3483aa" testListId="8c84fa94-04c1-424b-9868-57a2d4851a1d" />
    <TestEntry testId="27cabf1d-308f-181d-d31e-b76ccd9ffbd5" executionId="d4567136-5ada-4a28-bce7-581c88b503da" testListId="8c84fa94-04c1-424b-9868-57a2d4851a1d" />
    <TestEntry testId="d081cb70-5069-1fa2-b65b-e11f6ed53103" executionId="48b460c3-f269-4dbe-930d-f336b0556c36" testListId="8c84fa94-04c1-424b-9868-57a2d4851a1d" />
    <TestEntry testId="ef3d2462-9805-0737-b936-672aaa3b5c41" executionId="5cbc87a8-0d52-438d-b180-7509e6aede0f" testListId="8c84fa94-04c1-424b-9868-57a2d4851a1d" />
    <TestEntry testId="a6a31fed-fb7d-f827-eb32-702bbf42a9e8" executionId="1bd99348-b69e-4bfa-bc37-ffce9e8bfd21" testListId="8c84fa94-04c1-424b-9868-57a2d4851a1d" />
    <TestEntry testId="5c7bdf78-5cd8-45cf-f70d-8d215a9dcd99" executionId="21c1c22f-7fef-4b28-922f-10bbdd756915" testListId="8c84fa94-04c1-424b-9868-57a2d4851a1d" />
    <TestEntry testId="52477087-f303-ed10-2285-482352c7ad94" executionId="9d4c9837-e9c0-4586-ba35-7f5daeef3df6" testListId="8c84fa94-04c1-424b-9868-57a2d4851a1d" />
    <TestEntry testId="ffe889c3-2f44-ef0a-71ca-383fba540493" executionId="fc098814-fef1-446a-99a2-a1d3a45c9a5a" testListId="8c84fa94-04c1-424b-9868-57a2d4851a1d" />
    <TestEntry testId="de221b3f-8faf-6d88-d504-dab94145d101" executionId="7bc9be9b-56e6-4f7d-89dc-e55040408a95" testListId="8c84fa94-04c1-424b-9868-57a2d4851a1d" />
    <TestEntry testId="a2def4fc-aec0-5dd3-bc1f-324c56a9521f" executionId="f723fee1-7edc-401a-8a35-df585c5d92d1" testListId="8c84fa94-04c1-424b-9868-57a2d4851a1d" />
    <TestEntry testId="d8eaa450-d2bd-a831-8272-f5ba42f1fec8" executionId="436b0f1b-87c6-44c4-97a7-f7d3fb798785" testListId="8c84fa94-04c1-424b-9868-57a2d4851a1d" />
    <TestEntry testId="6c9e3f23-3dc6-cbb1-dc19-2e22ab06529e" executionId="d2df6dc8-90a7-42e9-b52d-d6f44984c409" testListId="8c84fa94-04c1-424b-9868-57a2d4851a1d" />
    <TestEntry testId="4a671305-16eb-1a33-0901-7ab1c0bdf4b2" executionId="61473618-3924-407d-97dc-1becba7305d8" testListId="8c84fa94-04c1-424b-9868-57a2d4851a1d" />
    <TestEntry testId="b3ee9dac-379a-d43b-40bf-73709cb2d39a" executionId="95a18230-36a5-4609-b332-6252808291be" testListId="8c84fa94-04c1-424b-9868-57a2d4851a1d" />
    <TestEntry testId="c279e56a-7f3b-6836-d500-b625e938ad25" executionId="4514395f-9722-4f3f-997a-32446d64af8d" testListId="8c84fa94-04c1-424b-9868-57a2d4851a1d" />
    <TestEntry testId="9d00da37-99e6-64e6-3a14-1bcc1c5fdd5b" executionId="7b19a6f1-6cbd-44b0-b0e7-57d649deeffd" testListId="8c84fa94-04c1-424b-9868-57a2d4851a1d" />
    <TestEntry testId="26a34bf0-9be6-d865-071a-28334a9bd104" executionId="a6a09955-1b4f-40f4-a190-f4d83feea8e3" testListId="8c84fa94-04c1-424b-9868-57a2d4851a1d" />
    <TestEntry testId="2a55247b-2cad-1fbf-576f-ee8cf6fab5af" executionId="83a2213d-a5a1-4d8e-8f05-189bc45973c5" testListId="8c84fa94-04c1-424b-9868-57a2d4851a1d" />
    <TestEntry testId="60ae2c82-754e-d1b2-c791-7f892d05deb5" executionId="4b8b3b20-d67c-4f73-86f1-62ae645688f0" testListId="8c84fa94-04c1-424b-9868-57a2d4851a1d" />
    <TestEntry testId="04c25643-376b-7a28-b586-b53145f3b62e" executionId="1bf2fb1e-fe6f-4f2e-8b35-a83fe9101380" testListId="8c84fa94-04c1-424b-9868-57a2d4851a1d" />
    <TestEntry testId="96d6153e-28d6-e21a-fb27-2616be6d7107" executionId="2c5fa3b8-bcca-48a9-bb22-fc5ef0bbd2df" testListId="8c84fa94-04c1-424b-9868-57a2d4851a1d" />
    <TestEntry testId="6c960dd3-ffc7-b8ad-26f9-de3a226327d2" executionId="5a3fbcaa-a4b5-47aa-b5d1-c71827fd2668" testListId="8c84fa94-04c1-424b-9868-57a2d4851a1d" />
    <TestEntry testId="1ed2ed82-9584-aaae-b2e1-8e1cc7abef56" executionId="47cd0dd0-5d3d-4413-afd0-9bceb94e7c6d" testListId="8c84fa94-04c1-424b-9868-57a2d4851a1d" />
    <TestEntry testId="a6a02ab7-42ed-4631-7ecb-7e2cdab16bb2" executionId="950d9a7c-0507-4e01-9e43-e5c00baac7ec" testListId="8c84fa94-04c1-424b-9868-57a2d4851a1d" />
    <TestEntry testId="56749be8-1610-c2e6-0951-c97ece9f35f3" executionId="64008e6e-c9f4-4e4c-b870-9b8e13e72229" testListId="8c84fa94-04c1-424b-9868-57a2d4851a1d" />
    <TestEntry testId="8ac56230-1974-cdfe-6a70-2981d4993d59" executionId="4ae43143-3bd7-47ed-9bac-b84534082b68" testListId="8c84fa94-04c1-424b-9868-57a2d4851a1d" />
    <TestEntry testId="742ab573-3688-e462-d303-02a1c484494d" executionId="0664217c-6d6e-4374-bf40-b66dd775f497" testListId="8c84fa94-04c1-424b-9868-57a2d4851a1d" />
    <TestEntry testId="c1716f5e-0689-895f-3295-017dc3e9ada5" executionId="39392055-9bef-4fae-a0d4-5e40e8c0cc7f" testListId="8c84fa94-04c1-424b-9868-57a2d4851a1d" />
    <TestEntry testId="85031ff5-98e8-19d0-56e2-c823ef4db0bd" executionId="b0b4967d-4e65-45bd-8f7d-c3d105db5028" testListId="8c84fa94-04c1-424b-9868-57a2d4851a1d" />
    <TestEntry testId="c0cecc77-98be-30da-2092-70881af7cc87" executionId="1f06948a-90eb-4d14-97c7-aaa48e2e4b3c" testListId="8c84fa94-04c1-424b-9868-57a2d4851a1d" />
    <TestEntry testId="aa8996b1-a7b7-7e28-df68-26caba5ea254" executionId="b5d98143-9dfd-4099-9b42-8aa1527bc9c0" testListId="8c84fa94-04c1-424b-9868-57a2d4851a1d" />
    <TestEntry testId="fcbb9d42-bae7-3348-457f-44d640ba34db" executionId="f034391c-be03-4d6b-bf80-961f0fb1f11b" testListId="8c84fa94-04c1-424b-9868-57a2d4851a1d" />
    <TestEntry testId="1920d83d-5950-9568-4233-11ab75bed826" executionId="70e525be-7a08-47eb-897b-3ab23c7aa19f" testListId="8c84fa94-04c1-424b-9868-57a2d4851a1d" />
    <TestEntry testId="4c84501d-a184-f925-56ca-5fda70b2fc61" executionId="47d96745-ca4a-40b3-9552-31f09116f4af" testListId="8c84fa94-04c1-424b-9868-57a2d4851a1d" />
    <TestEntry testId="aeed8064-29d5-e705-3bb9-042e1ea88f69" executionId="618e3d59-9b44-4608-92f0-9969f8796dff" testListId="8c84fa94-04c1-424b-9868-57a2d4851a1d" />
    <TestEntry testId="575da95f-2230-1828-6b68-055396a6ceb9" executionId="d6ef7951-4216-49e1-84e2-4ae771ac4668" testListId="8c84fa94-04c1-424b-9868-57a2d4851a1d" />
    <TestEntry testId="d8f8eb56-2b15-eb7e-8712-bb04521f6286" executionId="81eae540-530a-415a-86cc-9780b0be419d" testListId="8c84fa94-04c1-424b-9868-57a2d4851a1d" />
    <TestEntry testId="8a7e2926-6682-8f43-3bdc-6c7efd7a8faf" executionId="4831f0f8-f6cb-4c48-a822-1fb961fd97e5" testListId="8c84fa94-04c1-424b-9868-57a2d4851a1d" />
    <TestEntry testId="b1dc1888-2cdd-b99c-c9f4-1b7b7f67758a" executionId="0fba18aa-3046-4d26-a6ed-41404795f8d5" testListId="8c84fa94-04c1-424b-9868-57a2d4851a1d" />
    <TestEntry testId="3f6d692b-dc5e-6e22-6b52-dafab2736350" executionId="84ee6bab-7223-4ae6-8292-469ae381eb65" testListId="8c84fa94-04c1-424b-9868-57a2d4851a1d" />
    <TestEntry testId="95dc2360-262f-0a68-74cf-07361d11ffb3" executionId="3b7b32ac-67b6-4b13-84b0-3c89097361e2" testListId="8c84fa94-04c1-424b-9868-57a2d4851a1d" />
    <TestEntry testId="3ad98607-26cc-6655-dc29-e5f3eed86a78" executionId="7d6ff040-475b-46da-83ff-6f5be9ce2882" testListId="8c84fa94-04c1-424b-9868-57a2d4851a1d" />
    <TestEntry testId="f17fb508-5add-884a-e759-f0cbc77bb104" executionId="e3187765-debe-4acf-ac79-a32eb0add862" testListId="8c84fa94-04c1-424b-9868-57a2d4851a1d" />
    <TestEntry testId="694f9361-5199-cee3-97fa-4b7874384fa3" executionId="d5b2ce4f-f6ed-4a58-a080-d6dea8453561" testListId="8c84fa94-04c1-424b-9868-57a2d4851a1d" />
    <TestEntry testId="9846da53-217d-af4e-03e6-a85cce3a7464" executionId="82f6e685-b8a4-4380-b214-67e6054514bc" testListId="8c84fa94-04c1-424b-9868-57a2d4851a1d" />
    <TestEntry testId="acac15f2-8d07-b82f-4ea7-5882088d661e" executionId="16bbca4d-94f7-4bef-9435-b49302caa9e1" testListId="8c84fa94-04c1-424b-9868-57a2d4851a1d" />
    <TestEntry testId="40a81d98-a499-52ae-1497-235c31f6f116" executionId="a0f70892-01ff-4469-82f5-f52be298e27f" testListId="8c84fa94-04c1-424b-9868-57a2d4851a1d" />
    <TestEntry testId="e2e11837-721b-4b90-bc2d-5546133bb97c" executionId="5c2c885f-26c1-4626-b024-513642bdc194" testListId="8c84fa94-04c1-424b-9868-57a2d4851a1d" />
    <TestEntry testId="0280bac4-7b8f-eea6-72bf-5e92818119e6" executionId="f4d73199-da5f-48c1-81c5-422e9f13aa76" testListId="8c84fa94-04c1-424b-9868-57a2d4851a1d" />
    <TestEntry testId="4727b088-cd7e-6c13-545b-5272921d2e81" executionId="b65b9512-81b2-40fd-952e-70b85df0de86" testListId="8c84fa94-04c1-424b-9868-57a2d4851a1d" />
    <TestEntry testId="ab5b73ee-a4d0-4ed6-4429-a1387a15ec36" executionId="d2c99b6f-3d73-4e8a-a9f9-b8f759d527f7" testListId="8c84fa94-04c1-424b-9868-57a2d4851a1d" />
    <TestEntry testId="90647aa5-5f9b-30ce-5932-8d76fe8468b7" executionId="3829a11d-cfbe-414d-8557-3813595b18a3" testListId="8c84fa94-04c1-424b-9868-57a2d4851a1d" />
    <TestEntry testId="96614fe9-4e7b-8f5d-57fe-1fbd10350bae" executionId="6e7d5533-85d3-4980-87b7-e86e02167e14" testListId="8c84fa94-04c1-424b-9868-57a2d4851a1d" />
    <TestEntry testId="98f23530-6359-050a-5fdf-f1b9599f467e" executionId="1e874ecc-2ccd-40b1-913b-33c3b60dfdf5" testListId="8c84fa94-04c1-424b-9868-57a2d4851a1d" />
    <TestEntry testId="d508f85a-0f78-86a6-397d-d7afc532ed7f" executionId="f136bf41-3a59-430a-becf-51fa80ff1001" testListId="8c84fa94-04c1-424b-9868-57a2d4851a1d" />
    <TestEntry testId="73052815-243b-f729-0b25-8e22cfe5eb21" executionId="9f411b4a-495e-492f-b0aa-573ab039d152" testListId="8c84fa94-04c1-424b-9868-57a2d4851a1d" />
    <TestEntry testId="0d07bc10-acea-4edd-972d-21155302c1bb" executionId="01b83b7a-066a-4846-9569-280b2e930f6f" testListId="8c84fa94-04c1-424b-9868-57a2d4851a1d" />
    <TestEntry testId="2d8314f9-b762-640e-1727-efd841637061" executionId="9b2643e3-aee4-4ed2-88b2-ce7f5c6dfbd3" testListId="8c84fa94-04c1-424b-9868-57a2d4851a1d" />
    <TestEntry testId="c71b0e85-85e9-47a8-4df9-beaf3c66d61a" executionId="b258a3d1-4fdd-4894-a55a-7a55d5579229" testListId="8c84fa94-04c1-424b-9868-57a2d4851a1d" />
    <TestEntry testId="65775a17-b1b7-46d3-f43c-2bc7e29acf69" executionId="d3f488e9-b0ff-4bf2-9f3a-72e70ee4079a" testListId="8c84fa94-04c1-424b-9868-57a2d4851a1d" />
    <TestEntry testId="778afe15-3438-7d2c-b20e-d28186da20a8" executionId="1245a1da-499a-4944-9178-33564e3744cc" testListId="8c84fa94-04c1-424b-9868-57a2d4851a1d" />
    <TestEntry testId="77b5d4bc-b377-3b3d-cdba-71dd46765f92" executionId="5276ed48-6082-4508-b03b-7a2b8c167de9" testListId="8c84fa94-04c1-424b-9868-57a2d4851a1d" />
    <TestEntry testId="72eaa5e2-14eb-fca3-ca77-51bd104d5653" executionId="3f8bcac2-2001-4dcf-ad67-49bd92518e65" testListId="8c84fa94-04c1-424b-9868-57a2d4851a1d" />
    <TestEntry testId="8f3e35ff-63ef-1a88-09e9-b0cb0f94c131" executionId="0b9db755-7b67-4ddd-800a-fae86b403aea" testListId="8c84fa94-04c1-424b-9868-57a2d4851a1d" />
    <TestEntry testId="eff6b531-5aa8-3e1d-5b95-85cb31c10312" executionId="1d2b38d0-4f80-463f-a1c6-474277c60286" testListId="8c84fa94-04c1-424b-9868-57a2d4851a1d" />
    <TestEntry testId="c094ea59-7ebf-de56-c011-d420ffa08fd4" executionId="fdfcef5d-c471-404c-b05e-8b7d4ae8e432" testListId="8c84fa94-04c1-424b-9868-57a2d4851a1d" />
    <TestEntry testId="bbed0de9-19bc-ba49-ea76-993a5f8a0766" executionId="bf7a43dc-5944-40d8-aed6-4cff379f32d8" testListId="8c84fa94-04c1-424b-9868-57a2d4851a1d" />
    <TestEntry testId="268ed45b-8b47-9643-7567-8e7ecb14ae8a" executionId="b21a7f07-b70a-4c95-958f-e531995f654b" testListId="8c84fa94-04c1-424b-9868-57a2d4851a1d" />
    <TestEntry testId="d687512c-3316-26f6-6876-16b79ea538f4" executionId="f15af612-c065-4412-9ffd-e5d163de8df6" testListId="8c84fa94-04c1-424b-9868-57a2d4851a1d" />
    <TestEntry testId="39c30b41-7533-0217-9e2f-38f551adf1cf" executionId="cf83186b-ab7a-4c35-afd5-43f3f388e761" testListId="8c84fa94-04c1-424b-9868-57a2d4851a1d" />
    <TestEntry testId="29dacb0e-cd52-5215-c609-685fea82ec57" executionId="3741e9b9-68f9-444a-b879-61da598792b3" testListId="8c84fa94-04c1-424b-9868-57a2d4851a1d" />
    <TestEntry testId="4fb72ccd-2bb5-ad9a-c6fb-27993d836d19" executionId="fcb3d71c-2c81-42dc-a494-aafa9711bf34" testListId="8c84fa94-04c1-424b-9868-57a2d4851a1d" />
    <TestEntry testId="3d5f43c0-9395-c386-9c63-2dfdffc8ca2e" executionId="febbdfbc-ce11-41a6-8ae8-87a61e19fa09" testListId="8c84fa94-04c1-424b-9868-57a2d4851a1d" />
    <TestEntry testId="d2786c03-a5df-3be9-c79c-b2954f993da4" executionId="ddfa6528-8942-41a8-b92f-342c7fc97bba" testListId="8c84fa94-04c1-424b-9868-57a2d4851a1d" />
    <TestEntry testId="c6108561-14c9-a60f-5d54-bf03bd18fb13" executionId="32e384bb-610a-4431-bec4-08caead6dfae" testListId="8c84fa94-04c1-424b-9868-57a2d4851a1d" />
    <TestEntry testId="2c31726a-4faa-5736-d168-0f50b1e86978" executionId="33c54b25-8bb2-4407-aba3-fb233527133d" testListId="8c84fa94-04c1-424b-9868-57a2d4851a1d" />
    <TestEntry testId="05f743d1-937a-7d43-9e19-5edaf4c25bb7" executionId="98c8f816-8821-4c90-8307-d1be6e964c4d" testListId="8c84fa94-04c1-424b-9868-57a2d4851a1d" />
    <TestEntry testId="3c594cc6-ca20-109c-0a05-3b26faf3408d" executionId="cc4db0bc-10d9-403d-93c9-ea445ecc41b2" testListId="8c84fa94-04c1-424b-9868-57a2d4851a1d" />
    <TestEntry testId="cb2aa95c-8beb-d0c2-1741-b4fe4c31b24a" executionId="29529ed3-0f6b-4df3-9923-126ab870c9a3" testListId="8c84fa94-04c1-424b-9868-57a2d4851a1d" />
    <TestEntry testId="bd149988-e15e-1a6b-1d23-1105951e6d27" executionId="e9f48ea2-e15c-42e5-a444-b521e13a89ac" testListId="8c84fa94-04c1-424b-9868-57a2d4851a1d" />
    <TestEntry testId="bf44b2b4-8310-5a30-3472-845b81c14e93" executionId="269ed27d-1f10-49cd-8fcc-03b106c1bbe4" testListId="8c84fa94-04c1-424b-9868-57a2d4851a1d" />
    <TestEntry testId="b7b49a90-b7f2-58dd-a5f8-1f8a56ff100a" executionId="df163905-a6c8-4f0f-a6ae-043c91086296" testListId="8c84fa94-04c1-424b-9868-57a2d4851a1d" />
    <TestEntry testId="41ea29e9-e58b-d255-001e-9f1b744018a3" executionId="c797e8e5-8686-4628-81c7-d53a20f0d205" testListId="8c84fa94-04c1-424b-9868-57a2d4851a1d" />
    <TestEntry testId="1d7b4bc5-a1ca-c2fd-17bb-f050e55a81e6" executionId="f9b9295d-cf4d-45b6-ad3a-cea260734e6c" testListId="8c84fa94-04c1-424b-9868-57a2d4851a1d" />
    <TestEntry testId="e6aec06f-1b34-715c-7067-e3512266e985" executionId="7c353f69-8b28-4601-8e51-e79711f6cca4" testListId="8c84fa94-04c1-424b-9868-57a2d4851a1d" />
    <TestEntry testId="656d23cf-ad47-3b41-6227-124bedd60d2c" executionId="e7057420-489f-4853-9b4d-406f491130b3" testListId="8c84fa94-04c1-424b-9868-57a2d4851a1d" />
    <TestEntry testId="2a33e1cb-1ff1-082c-7d5a-6bfd3c89dce8" executionId="13aefebe-9341-444c-80f2-44190d41c2d1" testListId="8c84fa94-04c1-424b-9868-57a2d4851a1d" />
    <TestEntry testId="6f269c0c-f8af-9aab-1e33-51ad0ab30096" executionId="b5bae3a1-5590-4344-bb52-09c7cdc7684e" testListId="8c84fa94-04c1-424b-9868-57a2d4851a1d" />
    <TestEntry testId="36eb6c0d-6170-066f-c8ea-5526b110efc3" executionId="d725c77c-ba57-4bf0-aca9-27bdec7b6c40" testListId="8c84fa94-04c1-424b-9868-57a2d4851a1d" />
    <TestEntry testId="339967ea-4862-67f1-7ac1-d6c751900a46" executionId="5e11b744-c4e4-4408-8b7e-0da96ccc6d46" testListId="8c84fa94-04c1-424b-9868-57a2d4851a1d" />
    <TestEntry testId="9c4ff579-8830-5232-3a16-ce25a63d0a5c" executionId="f2406e6c-662f-429b-bc58-eeae259caf7a" testListId="8c84fa94-04c1-424b-9868-57a2d4851a1d" />
    <TestEntry testId="047deb11-1146-c672-a956-83af88e9f848" executionId="686157fb-09d4-4a0b-91e0-7deb2278f62f" testListId="8c84fa94-04c1-424b-9868-57a2d4851a1d" />
    <TestEntry testId="fe177b54-6a76-7409-52b8-05c4ba65e365" executionId="31549912-7ed6-463d-b628-033947e2dadd" testListId="8c84fa94-04c1-424b-9868-57a2d4851a1d" />
    <TestEntry testId="c77b71b2-995b-c5bf-2b47-cce0693c6383" executionId="569a5541-f5f3-4872-99b4-a3e5f8ec65ad" testListId="8c84fa94-04c1-424b-9868-57a2d4851a1d" />
    <TestEntry testId="2ca93f91-33b3-4ca8-96e1-8f20f289b9c2" executionId="2d66e59a-7590-445e-940b-b56b2d7be8da" testListId="8c84fa94-04c1-424b-9868-57a2d4851a1d" />
    <TestEntry testId="db6fcf61-1043-5a01-715f-bc3b67842046" executionId="e8d9f0f9-9331-447a-b0bd-bd8c07d8b3d7" testListId="8c84fa94-04c1-424b-9868-57a2d4851a1d" />
    <TestEntry testId="42c7b6ec-6fd8-3a5b-5dad-a1ffcb7fbb57" executionId="cbc0a538-5df9-499c-a02a-b54965054cd0" testListId="8c84fa94-04c1-424b-9868-57a2d4851a1d" />
    <TestEntry testId="15cfa11c-8ada-6afb-298e-3e04cfe3dabc" executionId="67fa0aca-0e60-4627-b606-5f5f120cbad6" testListId="8c84fa94-04c1-424b-9868-57a2d4851a1d" />
    <TestEntry testId="bbfa7c3f-2997-8919-a5cd-1f95004e6f8b" executionId="5c3e30c3-d181-4e3f-ae50-d6cc24080ea9" testListId="8c84fa94-04c1-424b-9868-57a2d4851a1d" />
    <TestEntry testId="a787ff48-be4f-289c-784c-b1310306f6ca" executionId="eb6996ba-6a09-495c-905a-85bdf8ee5988" testListId="8c84fa94-04c1-424b-9868-57a2d4851a1d" />
    <TestEntry testId="e27bd1d2-650e-74fd-27b7-698f00abad61" executionId="67dc2e0b-1e04-484e-95f6-99fd376c0a5d" testListId="8c84fa94-04c1-424b-9868-57a2d4851a1d" />
    <TestEntry testId="0072b67a-0d5c-e249-e1c3-0734c91de716" executionId="b62aa440-aa8f-46e8-be29-65cdb7c6135e" testListId="8c84fa94-04c1-424b-9868-57a2d4851a1d" />
    <TestEntry testId="d3b83472-d279-5956-8eb1-a6a351343475" executionId="c9fab1f4-066c-4f41-8bbb-77f112c35d6a" testListId="8c84fa94-04c1-424b-9868-57a2d4851a1d" />
    <TestEntry testId="672e50ca-962b-dcfe-6802-6213b7d68a79" executionId="dbe48d58-ce17-4086-876a-e35ba371effc" testListId="8c84fa94-04c1-424b-9868-57a2d4851a1d" />
    <TestEntry testId="65dda2f7-0c63-1e1c-e70c-9c363c2c9b93" executionId="2769e326-56f9-489b-a43f-67feb8509937" testListId="8c84fa94-04c1-424b-9868-57a2d4851a1d" />
    <TestEntry testId="095c6d2b-df92-4f2a-cb3c-ba4350787eb1" executionId="859b97a3-a156-4210-876e-d0f1d0b45a4b" testListId="8c84fa94-04c1-424b-9868-57a2d4851a1d" />
    <TestEntry testId="4dd5f838-e829-4027-c8a3-3812e45a9213" executionId="c2dfbd45-49b6-412a-b4ea-e98ca982af6d" testListId="8c84fa94-04c1-424b-9868-57a2d4851a1d" />
    <TestEntry testId="1bad829b-3605-2602-6a66-d68603322f0c" executionId="d334ac1c-c2d5-4e5b-845a-76327494a620" testListId="8c84fa94-04c1-424b-9868-57a2d4851a1d" />
    <TestEntry testId="f5f45b6b-f37b-9416-64de-dbe95a83e2b6" executionId="bbf4d514-b0f7-4407-8a45-83288d31b560" testListId="8c84fa94-04c1-424b-9868-57a2d4851a1d" />
    <TestEntry testId="043bb7e8-5f77-8fba-11c2-dcb34548f3ad" executionId="4c4c7c67-54cc-4fd2-b85f-8af5e4e76bf3" testListId="8c84fa94-04c1-424b-9868-57a2d4851a1d" />
    <TestEntry testId="db1cf4cf-9e8e-00a9-a41f-122fcf4b358a" executionId="d5f48ba1-784e-472c-8d69-9a1493b07fcf" testListId="8c84fa94-04c1-424b-9868-57a2d4851a1d" />
    <TestEntry testId="757080b6-4e33-d5c9-6ffc-a22559518e7a" executionId="4f126bb4-871c-4427-8e29-e0fc12a18c0e" testListId="8c84fa94-04c1-424b-9868-57a2d4851a1d" />
    <TestEntry testId="0a3db00b-0b97-dba4-4bb2-8340250078ae" executionId="2e648e26-cc6f-4db7-b19b-15334ac175e9" testListId="8c84fa94-04c1-424b-9868-57a2d4851a1d" />
    <TestEntry testId="e9178e1a-3c14-5564-d259-ac18470ccb1d" executionId="2c93edaa-ff38-4dab-9aac-3002ab6c20df" testListId="8c84fa94-04c1-424b-9868-57a2d4851a1d" />
    <TestEntry testId="0e60158c-36bc-8dc9-fd94-82efc858c9b8" executionId="18613c62-e842-4d86-b166-e6ea958c18f3" testListId="8c84fa94-04c1-424b-9868-57a2d4851a1d" />
    <TestEntry testId="8743236c-eff5-e04a-11ff-194859e4447b" executionId="0df3f2a3-20b1-4122-9f03-fe3b9bfb779e" testListId="8c84fa94-04c1-424b-9868-57a2d4851a1d" />
    <TestEntry testId="9325cffd-549c-0b33-40fc-5ed80534bfbd" executionId="a719bd14-13ac-4a4a-b610-ce7155372481" testListId="8c84fa94-04c1-424b-9868-57a2d4851a1d" />
    <TestEntry testId="5a8843a4-1b08-532d-9241-acaa715de5b3" executionId="c8fac740-2fbe-43a6-81d1-8a18d9b7db05" testListId="8c84fa94-04c1-424b-9868-57a2d4851a1d" />
    <TestEntry testId="12c88a43-5a11-3c42-0ae5-64f9f48e1bb6" executionId="815e73a8-0a05-4bf9-8143-45ee51fb603b" testListId="8c84fa94-04c1-424b-9868-57a2d4851a1d" />
    <TestEntry testId="040abd3d-af7d-66ad-a4bf-bba3d7f15b8e" executionId="a1431ac8-ece5-48de-a3ce-85d27fe45ea1" testListId="8c84fa94-04c1-424b-9868-57a2d4851a1d" />
    <TestEntry testId="b8edc3ef-b429-906b-f809-265185fb5189" executionId="42ed0144-468c-4f72-ab7b-9de15256ed02" testListId="8c84fa94-04c1-424b-9868-57a2d4851a1d" />
    <TestEntry testId="88d0aee6-a99d-fba2-74ff-00a248d9947a" executionId="cf03892a-4ded-48c8-a8e3-e2f713455827" testListId="8c84fa94-04c1-424b-9868-57a2d4851a1d" />
    <TestEntry testId="3a366738-caac-39a7-7092-6c7ae2aa3817" executionId="6e8ce1ae-3467-45fe-b7de-ed2068e6f49d" testListId="8c84fa94-04c1-424b-9868-57a2d4851a1d" />
    <TestEntry testId="7604453c-7278-1d28-6624-d0650c0f7a8a" executionId="ba997e94-d16b-463f-89f5-f66385966e02" testListId="8c84fa94-04c1-424b-9868-57a2d4851a1d" />
    <TestEntry testId="99db2c8d-df19-f1dc-856a-dcda513f742a" executionId="6b436273-677f-4434-81bb-a94cd92b7988" testListId="8c84fa94-04c1-424b-9868-57a2d4851a1d" />
    <TestEntry testId="04f5cf17-3879-e2fe-c47d-e29ce4541cc8" executionId="025bcb8a-a4d8-4ade-8db6-27ac2194e5c2" testListId="8c84fa94-04c1-424b-9868-57a2d4851a1d" />
    <TestEntry testId="43daf569-3bce-220b-e88f-b666ac480023" executionId="c8ab9e50-8bda-4d58-977b-e2fbf8c5a5bd" testListId="8c84fa94-04c1-424b-9868-57a2d4851a1d" />
    <TestEntry testId="6a17ffe4-7e07-899a-6465-91e72bdbf468" executionId="bee0cdea-eb2f-4ab9-99ab-ef5eeea34682" testListId="8c84fa94-04c1-424b-9868-57a2d4851a1d" />
    <TestEntry testId="b94641e4-ee46-3d33-d427-e9153ae3739f" executionId="0348cd6d-b317-43d4-9f37-fe3146d03182" testListId="8c84fa94-04c1-424b-9868-57a2d4851a1d" />
    <TestEntry testId="581b35c1-69fb-fac0-162b-a3e1aaae8ec3" executionId="1ff55c49-cbc2-4765-99b1-1aa4a319974d" testListId="8c84fa94-04c1-424b-9868-57a2d4851a1d" />
    <TestEntry testId="e1c9128c-3d5a-a381-cb03-be847059c4f0" executionId="5d6fa993-0940-4906-ae07-5d945a84fd63" testListId="8c84fa94-04c1-424b-9868-57a2d4851a1d" />
    <TestEntry testId="b2ac219e-5cb0-8f80-80a6-44848b06f4ff" executionId="aabbf473-2d2b-4489-adea-5e7cf38904e3" testListId="8c84fa94-04c1-424b-9868-57a2d4851a1d" />
    <TestEntry testId="ef7cf599-7d95-fc05-72c3-321993c498c1" executionId="ea6be5d2-7d3e-4598-bcce-b78e981c2e85" testListId="8c84fa94-04c1-424b-9868-57a2d4851a1d" />
    <TestEntry testId="d8e94a86-10aa-fdae-3afc-5be54dedcd54" executionId="4bdc7436-d304-45f9-87be-b98d127f5b13" testListId="8c84fa94-04c1-424b-9868-57a2d4851a1d" />
    <TestEntry testId="ab129d12-b905-76f6-7b0d-44fb8b172324" executionId="6ee321e7-0e84-43b8-b573-4263e0aa5cac" testListId="8c84fa94-04c1-424b-9868-57a2d4851a1d" />
    <TestEntry testId="48868d1f-b370-db6c-3ad6-24d3fdea86ac" executionId="ff7e537f-7ba9-41c2-82bd-c546c8f8adb1" testListId="8c84fa94-04c1-424b-9868-57a2d4851a1d" />
    <TestEntry testId="78bd5421-694f-1155-dee5-f3584d330adf" executionId="641b83f9-e8f2-4d97-b600-051cc03ca507" testListId="8c84fa94-04c1-424b-9868-57a2d4851a1d" />
    <TestEntry testId="677471e8-3482-3d4a-74a6-b878d5f6513b" executionId="e057731a-dcea-4835-aca8-05a741085d23" testListId="8c84fa94-04c1-424b-9868-57a2d4851a1d" />
    <TestEntry testId="0d08f94e-274d-7901-ebb9-231638e49d24" executionId="94780da7-3ffc-4159-b910-19b891c2e56d" testListId="8c84fa94-04c1-424b-9868-57a2d4851a1d" />
    <TestEntry testId="06eaecc5-a61e-588c-3698-90b28ebd700e" executionId="07e3f1f1-0bb0-4bb0-b86b-3e60a8f2a041" testListId="8c84fa94-04c1-424b-9868-57a2d4851a1d" />
    <TestEntry testId="8abea1fb-283d-af2d-c3b8-2ae185aa87f2" executionId="2a7e5121-4fc8-4722-85ad-8b4acddb8c60" testListId="8c84fa94-04c1-424b-9868-57a2d4851a1d" />
    <TestEntry testId="9d4db236-12e8-cf7b-7262-929355f12bd0" executionId="35a9b8e7-43ac-400a-9396-876fbceec9dd" testListId="8c84fa94-04c1-424b-9868-57a2d4851a1d" />
    <TestEntry testId="ed30d7b3-6c4f-ecd9-f0c1-57184b812b54" executionId="0748a626-609b-4c91-a146-1a77254da167" testListId="8c84fa94-04c1-424b-9868-57a2d4851a1d" />
    <TestEntry testId="f8f331b8-d47d-c7f9-44dc-1c809a8198be" executionId="ab14ad2f-6d80-460d-b600-ff7546dc050e" testListId="8c84fa94-04c1-424b-9868-57a2d4851a1d" />
    <TestEntry testId="7eb0a4eb-feaf-9106-c5a4-b2a62712433f" executionId="6fe1a660-4204-4cc2-9aa2-6dd66231b184" testListId="8c84fa94-04c1-424b-9868-57a2d4851a1d" />
    <TestEntry testId="d93f3e6c-7a7d-c0f0-6f61-bb3e7018f3e8" executionId="78872591-6478-4afa-9581-b216e3eca48f" testListId="8c84fa94-04c1-424b-9868-57a2d4851a1d" />
    <TestEntry testId="0e3e3d76-0931-6ed2-f1ab-88f35b78ffad" executionId="a975372b-af90-462c-bf6f-ff02c55373ec" testListId="8c84fa94-04c1-424b-9868-57a2d4851a1d" />
    <TestEntry testId="b1fa9f6b-c8c9-1cc6-ecfe-6037d381d3e9" executionId="2cb34a8a-6ea8-42e8-9bab-1885205cb518" testListId="8c84fa94-04c1-424b-9868-57a2d4851a1d" />
    <TestEntry testId="ad5313ea-84e5-d5fc-de76-67483906423e" executionId="9dc55335-6a87-4145-97da-cff3b228b621" testListId="8c84fa94-04c1-424b-9868-57a2d4851a1d" />
    <TestEntry testId="91ea9c10-8ecf-4b5d-0e04-cc544285e285" executionId="b7c74139-15f2-4673-a219-8d86c058d95a" testListId="8c84fa94-04c1-424b-9868-57a2d4851a1d" />
    <TestEntry testId="136df291-2cca-c439-fece-8b21662e26cf" executionId="49e5d6bc-ba9d-471a-b3cb-a7d9293415dc" testListId="8c84fa94-04c1-424b-9868-57a2d4851a1d" />
    <TestEntry testId="1f4655b3-aed4-b0e5-1094-5819057eec1a" executionId="6576e266-778b-4540-853c-56442c87d0e2" testListId="8c84fa94-04c1-424b-9868-57a2d4851a1d" />
    <TestEntry testId="39f714b7-16f9-3450-b34f-9ea4ea4fe42b" executionId="292ac4b8-71a6-41e7-9260-19d20ca7c198" testListId="8c84fa94-04c1-424b-9868-57a2d4851a1d" />
    <TestEntry testId="0b849fea-c75b-8fe2-9812-434f956f0ad6" executionId="fc73e4bd-ab11-4919-8b7c-cde24f58d5b6" testListId="8c84fa94-04c1-424b-9868-57a2d4851a1d" />
    <TestEntry testId="10e89367-57d1-f44b-6ffe-7af21cc99a9a" executionId="1779bd7f-6237-456c-b3bf-7d1a4ee8e98f" testListId="8c84fa94-04c1-424b-9868-57a2d4851a1d" />
    <TestEntry testId="4210fdd9-d999-b317-21c5-3dcb00a82045" executionId="45fcc46d-fe3f-44d2-9f91-94cf24ee5812" testListId="8c84fa94-04c1-424b-9868-57a2d4851a1d" />
    <TestEntry testId="a95aec13-522b-72a2-0083-da69d3c98bc5" executionId="d3420ac1-6cfd-4367-a872-6d07a8d6a0a5" testListId="8c84fa94-04c1-424b-9868-57a2d4851a1d" />
    <TestEntry testId="6253d1ca-acb7-f42f-0dd6-8dd1875bff7a" executionId="9016b67e-8f2e-4741-b4af-0a47a56db65e" testListId="8c84fa94-04c1-424b-9868-57a2d4851a1d" />
    <TestEntry testId="c1700cc0-d9ff-860f-9ee2-4bddd688914a" executionId="3b6bb947-8610-4ddc-a44a-ebbd1945304f" testListId="8c84fa94-04c1-424b-9868-57a2d4851a1d" />
    <TestEntry testId="1401f769-da16-93bd-e404-03abaa246295" executionId="f34cdb6e-9aaf-4e54-a798-9c281dbbe789" testListId="8c84fa94-04c1-424b-9868-57a2d4851a1d" />
    <TestEntry testId="ed9936a7-f78a-b416-3502-5c02b5737ef7" executionId="b02eacde-cbf2-4567-a463-41b1262416cc" testListId="8c84fa94-04c1-424b-9868-57a2d4851a1d" />
    <TestEntry testId="2f9145a7-6311-f617-6ef6-69440c4a4162" executionId="07092103-5a59-4823-8152-57de5c41e0c3" testListId="8c84fa94-04c1-424b-9868-57a2d4851a1d" />
    <TestEntry testId="7756291f-f52b-5262-1e5f-36b49a0df8d6" executionId="a6311f6d-9add-4d64-9567-129d3e9b2593" testListId="8c84fa94-04c1-424b-9868-57a2d4851a1d" />
    <TestEntry testId="77fc74ab-0dd5-c397-d0ed-5574632f3696" executionId="bb81467c-d7b4-4419-95f6-86681354e7d1" testListId="8c84fa94-04c1-424b-9868-57a2d4851a1d" />
    <TestEntry testId="068ec4a5-0fee-3f40-7b8f-ff044af6ce33" executionId="2bbb811a-adaf-41ec-827b-ff1ca2baf8c4" testListId="8c84fa94-04c1-424b-9868-57a2d4851a1d" />
    <TestEntry testId="6275dece-a0c2-3768-4637-0ccb8b0992f0" executionId="e897dcb3-9279-4402-84a4-f973dcced5a2" testListId="8c84fa94-04c1-424b-9868-57a2d4851a1d" />
    <TestEntry testId="2c8a1d5b-0028-9f0a-8011-ed24ab9ceeae" executionId="dffeb1e3-79c8-4287-ae61-5752e82b4bb0" testListId="8c84fa94-04c1-424b-9868-57a2d4851a1d" />
    <TestEntry testId="772da960-f2ad-972a-fa28-e9bdb8e341f0" executionId="474891f6-47a7-4172-9689-306a8a997cac" testListId="8c84fa94-04c1-424b-9868-57a2d4851a1d" />
    <TestEntry testId="4d0f6a2e-fc6f-1af8-c276-a92921441b69" executionId="d830a1fd-f9f6-4a87-9d86-465e198d28f1" testListId="8c84fa94-04c1-424b-9868-57a2d4851a1d" />
    <TestEntry testId="5a7ff7ff-6e2d-de39-c565-1246305502ff" executionId="c34bc859-8c55-4582-8e81-fc97456472c6" testListId="8c84fa94-04c1-424b-9868-57a2d4851a1d" />
    <TestEntry testId="cbe8b214-ea1c-0fd1-1902-5026939c5b9f" executionId="c7e4e59b-84ee-48fd-b204-6a1e0b6d1c73" testListId="8c84fa94-04c1-424b-9868-57a2d4851a1d" />
    <TestEntry testId="db82d364-bead-2e32-98c7-e2a0a53f7d8e" executionId="af4a11cf-5e43-4287-8b24-7cf74fb35a3e" testListId="8c84fa94-04c1-424b-9868-57a2d4851a1d" />
    <TestEntry testId="77a1057d-d9f6-6031-284b-0c450a69cfb9" executionId="d7719327-fbab-43d5-95bd-1a57960cc1ea" testListId="8c84fa94-04c1-424b-9868-57a2d4851a1d" />
    <TestEntry testId="f1542542-675f-de45-6963-b933ea9417ec" executionId="cb70bbd2-14d0-4ad6-9261-536e297646ca" testListId="8c84fa94-04c1-424b-9868-57a2d4851a1d" />
    <TestEntry testId="475df9a0-d2db-c383-720b-f7b47342c040" executionId="2e3cdd57-4d31-4079-a2e1-69c577696500" testListId="8c84fa94-04c1-424b-9868-57a2d4851a1d" />
    <TestEntry testId="f586fca5-268f-ad39-85af-69b3179442b1" executionId="6fc1f04f-7e5e-449b-a010-50e728b5150b" testListId="8c84fa94-04c1-424b-9868-57a2d4851a1d" />
    <TestEntry testId="6d0826c1-86cd-2026-2433-884f0aebad02" executionId="db4ed9df-a5d9-47ce-97d2-5c64f7e35094" testListId="8c84fa94-04c1-424b-9868-57a2d4851a1d" />
    <TestEntry testId="abf180fc-abea-5708-37d0-63d9ab1f1203" executionId="91ae4ef0-c990-48f2-a631-1b1d29baeb33" testListId="8c84fa94-04c1-424b-9868-57a2d4851a1d" />
    <TestEntry testId="a9081024-1a3c-3980-14ce-9946c32defb3" executionId="dc57638d-937a-4ee6-83ab-47a14608b390" testListId="8c84fa94-04c1-424b-9868-57a2d4851a1d" />
    <TestEntry testId="81e2928b-d8a3-fc74-f97a-2c34a5d92bf3" executionId="5a885523-64bf-4e6c-b072-4b491fbfcf27" testListId="8c84fa94-04c1-424b-9868-57a2d4851a1d" />
    <TestEntry testId="77d33b19-697e-aae6-4835-530b4384aafd" executionId="d6fa6e16-d6ae-4fef-af62-81087456aeae" testListId="8c84fa94-04c1-424b-9868-57a2d4851a1d" />
    <TestEntry testId="76d9ad7e-958f-e925-ce8b-d0d52dd698a4" executionId="b98920c4-1c61-4938-8d11-1484908923bf" testListId="8c84fa94-04c1-424b-9868-57a2d4851a1d" />
    <TestEntry testId="6c46d682-68df-98f6-c9c6-516dc2bcccb5" executionId="45a852e7-041b-405b-b241-55e1774f14a3" testListId="8c84fa94-04c1-424b-9868-57a2d4851a1d" />
    <TestEntry testId="d367d6c7-6508-d285-3904-129e7c7eed2d" executionId="d34ed251-5833-4986-bf7e-a24e214481d8" testListId="8c84fa94-04c1-424b-9868-57a2d4851a1d" />
    <TestEntry testId="c0f3905a-0fcb-eb49-f9e4-c5460d516950" executionId="2a0f595a-58de-49c9-92df-e0e099de1572" testListId="8c84fa94-04c1-424b-9868-57a2d4851a1d" />
    <TestEntry testId="3ca06c88-151a-d031-1bc7-e0c52536e410" executionId="7ec360c6-6702-424d-b3ef-6aaf96612151" testListId="8c84fa94-04c1-424b-9868-57a2d4851a1d" />
    <TestEntry testId="a0e44636-1ff6-6a1e-ac48-cd0b02b4597b" executionId="37cc8fc5-9b3c-465e-b255-5f28441a66e4" testListId="8c84fa94-04c1-424b-9868-57a2d4851a1d" />
    <TestEntry testId="30dfcd0d-5909-3714-5253-07cacdb3fba8" executionId="8372ed8f-3791-4fee-a854-0d5a151ff476" testListId="8c84fa94-04c1-424b-9868-57a2d4851a1d" />
    <TestEntry testId="879731f1-353a-3b22-6dec-b9ebe4b6f04c" executionId="9c59a4be-f5c7-4c44-bdfe-bc277a85d9f6" testListId="8c84fa94-04c1-424b-9868-57a2d4851a1d" />
    <TestEntry testId="39827c9d-0a3a-6549-39f1-5086a67e0ad2" executionId="4ba27906-36dc-4c4f-aac1-72f0743be98d" testListId="8c84fa94-04c1-424b-9868-57a2d4851a1d" />
    <TestEntry testId="2de2b216-5da4-7093-b904-66ecc02ddb52" executionId="63ef4514-58a9-46ea-9ee7-af4d73875ba1" testListId="8c84fa94-04c1-424b-9868-57a2d4851a1d" />
    <TestEntry testId="3b70b7a4-364d-c121-c73b-ded2f96e8718" executionId="32074f08-9af9-4bea-96c5-f0d58736bddd" testListId="8c84fa94-04c1-424b-9868-57a2d4851a1d" />
    <TestEntry testId="ef8afd3a-3f31-f6d5-ab6d-4ac9daec90e6" executionId="40d96c40-2829-4385-b137-36f9ae7e15ef" testListId="8c84fa94-04c1-424b-9868-57a2d4851a1d" />
    <TestEntry testId="82112499-e461-a72c-94d6-1c690c567494" executionId="6ce031c8-8f5a-4301-82d3-7ede3dd86722" testListId="8c84fa94-04c1-424b-9868-57a2d4851a1d" />
    <TestEntry testId="dd9172a4-589d-2f12-840c-9e893bfa4aed" executionId="228e335e-3275-4602-aa66-f0ef8f807f55" testListId="8c84fa94-04c1-424b-9868-57a2d4851a1d" />
    <TestEntry testId="b4d58491-e9cb-e66c-e25b-083a1222939f" executionId="e5fd0c33-6ac6-4f9e-a2ef-b3d60cb71f2a" testListId="8c84fa94-04c1-424b-9868-57a2d4851a1d" />
    <TestEntry testId="e4f8b770-0d81-23f2-8871-d75af01e388b" executionId="ff86293a-edd3-4441-a2bb-22e0bdb8e542" testListId="8c84fa94-04c1-424b-9868-57a2d4851a1d" />
    <TestEntry testId="27182808-95bc-ca7b-c30b-ad0be6d3ff3a" executionId="cd6f4b95-e951-4f41-b078-c58ef5a4d665" testListId="8c84fa94-04c1-424b-9868-57a2d4851a1d" />
    <TestEntry testId="f914520d-69ec-5ce6-58da-0eda15baf7b9" executionId="2011493d-ec5f-4afd-9d40-92a64dfd335e" testListId="8c84fa94-04c1-424b-9868-57a2d4851a1d" />
    <TestEntry testId="a6dd3ec3-7984-cf17-bcf1-fb463e8dfb77" executionId="cc497079-c8eb-49f9-a88f-2bf9258e6fbf" testListId="8c84fa94-04c1-424b-9868-57a2d4851a1d" />
    <TestEntry testId="ce79ff04-29cf-8ada-ab53-58492db63b2c" executionId="858da865-96b0-407a-af0f-64690f606ab4" testListId="8c84fa94-04c1-424b-9868-57a2d4851a1d" />
    <TestEntry testId="4176d264-09e0-b06d-c159-5226ace99675" executionId="fda69517-e3d7-4568-97fb-cb525aafe7a8" testListId="8c84fa94-04c1-424b-9868-57a2d4851a1d" />
    <TestEntry testId="91bf5645-44de-4716-0485-06a931ae32d4" executionId="fee7e8cd-cbc3-404a-bb54-dc9116ffabc9" testListId="8c84fa94-04c1-424b-9868-57a2d4851a1d" />
    <TestEntry testId="2f9c5de5-6323-bb6f-cda9-478c6409912a" executionId="33250ab0-168d-4b03-a7f3-4992e2341309" testListId="8c84fa94-04c1-424b-9868-57a2d4851a1d" />
    <TestEntry testId="67fe9761-0c53-3773-5339-ca492a2c95fb" executionId="5a19dbd1-512a-487a-96b3-1805c01f7107" testListId="8c84fa94-04c1-424b-9868-57a2d4851a1d" />
    <TestEntry testId="f28a72d2-f52c-b928-fd98-3b108ba91ffd" executionId="af879fee-f093-4470-b68b-c4731856e0c0" testListId="8c84fa94-04c1-424b-9868-57a2d4851a1d" />
    <TestEntry testId="f2f022f0-f838-e0b9-e71f-f55003805c0e" executionId="563d7fce-6580-4b9c-a32d-799cfc6c3d19" testListId="8c84fa94-04c1-424b-9868-57a2d4851a1d" />
    <TestEntry testId="5eb5fc76-03b2-62e8-8227-9882898ba5dd" executionId="cde7352c-b353-4cac-a1f8-fb3bfb7eb3e5" testListId="8c84fa94-04c1-424b-9868-57a2d4851a1d" />
    <TestEntry testId="ed0ebeb4-a5f7-d235-ddf8-88e75feb1b8f" executionId="a9f02d58-5f22-45c6-aecc-0539ed9d9f0f" testListId="8c84fa94-04c1-424b-9868-57a2d4851a1d" />
    <TestEntry testId="301e1f2d-d1d4-56d4-fc38-da7889d0bf5e" executionId="c85b8d81-af9a-4a7b-be62-15a462807814" testListId="8c84fa94-04c1-424b-9868-57a2d4851a1d" />
    <TestEntry testId="934eb40e-0cb9-2308-ec91-504d3c36e23a" executionId="2dd512f9-d2ed-4db5-84ad-e0229b5398e6" testListId="8c84fa94-04c1-424b-9868-57a2d4851a1d" />
    <TestEntry testId="71d20668-151d-d940-3401-2af3efc860c6" executionId="bd4f25da-af74-4211-93f2-eebd36048778" testListId="8c84fa94-04c1-424b-9868-57a2d4851a1d" />
    <TestEntry testId="d325ee40-316b-6f9d-b0f9-6b523ec84e35" executionId="3debfae7-95c5-43aa-bc37-c0101e662f5b" testListId="8c84fa94-04c1-424b-9868-57a2d4851a1d" />
    <TestEntry testId="f2c10cca-fc55-f413-45c2-2521cc1961e2" executionId="867f73da-8f00-4217-a19d-acba88c06c47" testListId="8c84fa94-04c1-424b-9868-57a2d4851a1d" />
    <TestEntry testId="46c93511-7de3-b224-b0bc-10ed611b58bf" executionId="6f8f7532-2829-4b2e-a753-92cb1ea0d1e6" testListId="8c84fa94-04c1-424b-9868-57a2d4851a1d" />
    <TestEntry testId="6400e9ff-1959-05a6-4bbf-585c85889966" executionId="04ec295b-bde3-41c2-948c-7c3db77851a7" testListId="8c84fa94-04c1-424b-9868-57a2d4851a1d" />
    <TestEntry testId="708fca23-6d8e-9bd9-6995-a29d952babb8" executionId="74ec4913-7b75-4a4d-9003-e851d72b7e59" testListId="8c84fa94-04c1-424b-9868-57a2d4851a1d" />
    <TestEntry testId="2c2042bd-598d-0554-0801-edc0a6538e11" executionId="4da02afe-f034-48e7-a810-2985b84c17b2" testListId="8c84fa94-04c1-424b-9868-57a2d4851a1d" />
    <TestEntry testId="df76bf6c-5619-810d-15bf-759f6cad4ac2" executionId="34e0340c-9f98-41f2-a67f-38165f367456" testListId="8c84fa94-04c1-424b-9868-57a2d4851a1d" />
    <TestEntry testId="efe80498-3b69-482c-b182-5566dd79e1e4" executionId="f1f997bb-0bee-462d-8870-b2ce9d3633a1" testListId="8c84fa94-04c1-424b-9868-57a2d4851a1d" />
    <TestEntry testId="2e10328f-e53a-3f72-c895-1355a1a8e2b1" executionId="c8e307a8-6ea8-44ae-a61c-34fb9f564312" testListId="8c84fa94-04c1-424b-9868-57a2d4851a1d" />
    <TestEntry testId="627d6085-bf48-c781-4c08-b2437a409111" executionId="c5ab727f-6a9d-427e-a674-79a7699e525a" testListId="8c84fa94-04c1-424b-9868-57a2d4851a1d" />
    <TestEntry testId="b86c8948-f7d8-728c-6904-dc5d9758ae66" executionId="cb290114-195d-4799-a7c7-44405063aeb9" testListId="8c84fa94-04c1-424b-9868-57a2d4851a1d" />
    <TestEntry testId="46b4ecf5-05d0-f8e3-bf13-32dcd4106e16" executionId="91e1c1bf-6021-4d9f-834f-bb0c402443e8" testListId="8c84fa94-04c1-424b-9868-57a2d4851a1d" />
    <TestEntry testId="b6d0d5a2-39a3-741c-8375-c98860dbcbd7" executionId="b98e9dde-7424-4b78-a732-949ada8442cf" testListId="8c84fa94-04c1-424b-9868-57a2d4851a1d" />
    <TestEntry testId="5b41c46b-1dee-ac44-4454-7eb6d7e505a2" executionId="b69f3ee4-3883-494f-8e07-e7830b58b9fb" testListId="8c84fa94-04c1-424b-9868-57a2d4851a1d" />
    <TestEntry testId="adb75ea3-f777-5203-f799-d1fc58ef10b1" executionId="439ceac1-95b5-4520-bc58-72cce81611c4" testListId="8c84fa94-04c1-424b-9868-57a2d4851a1d" />
    <TestEntry testId="9aa67281-7545-6a5e-d053-6d25bc86f9c5" executionId="bdafe00f-0222-48cd-bfd2-45a7641fa91c" testListId="8c84fa94-04c1-424b-9868-57a2d4851a1d" />
    <TestEntry testId="30ebb3a1-f6a2-0d2e-66f3-0fcd2f319718" executionId="9aa81f73-0085-43bd-8c32-80b2ef7f8645" testListId="8c84fa94-04c1-424b-9868-57a2d4851a1d" />
    <TestEntry testId="4b4d29b9-1f01-6004-91ad-6a8c4e6e9223" executionId="877674c4-cccb-455d-8df3-dbbd210fffd6" testListId="8c84fa94-04c1-424b-9868-57a2d4851a1d" />
    <TestEntry testId="af9c99ee-b8a6-0e24-b2bf-4eac5291d249" executionId="0b0fe989-6e75-4fff-9757-c9643b7ad0f5" testListId="8c84fa94-04c1-424b-9868-57a2d4851a1d" />
    <TestEntry testId="cc2dff21-ba04-a7ac-99ca-7f01ecfb6b50" executionId="6edaeb27-45d3-4f56-8005-95629a0c95ff" testListId="8c84fa94-04c1-424b-9868-57a2d4851a1d" />
    <TestEntry testId="fafe1e8b-9920-8e35-4aa7-745a0e0735b3" executionId="3596bc8b-d13c-4ac8-8316-e42c9b75258e" testListId="8c84fa94-04c1-424b-9868-57a2d4851a1d" />
    <TestEntry testId="fb90f6f4-d115-8815-e75c-a204c1c932cc" executionId="4a8addb4-5f43-4f57-8033-49569629cba3" testListId="8c84fa94-04c1-424b-9868-57a2d4851a1d" />
    <TestEntry testId="54628e5e-9bc2-e168-4fa6-b236a923fcfe" executionId="57cc04f0-4e8e-46ba-ba3e-bd28f592348b" testListId="8c84fa94-04c1-424b-9868-57a2d4851a1d" />
    <TestEntry testId="bd8fc143-df78-30fb-c5ab-4fca27562b57" executionId="d7a7678e-1631-4aef-a793-c90cdb05cc39" testListId="8c84fa94-04c1-424b-9868-57a2d4851a1d" />
    <TestEntry testId="ffbab35b-742f-82c4-d5ad-0fa0ce013dac" executionId="33333c58-33dd-4143-b442-c1381997e940" testListId="8c84fa94-04c1-424b-9868-57a2d4851a1d" />
    <TestEntry testId="ef9e8ef1-7480-4948-d154-095198b2522f" executionId="07410484-60ae-411d-b082-5ffb586ab481" testListId="8c84fa94-04c1-424b-9868-57a2d4851a1d" />
    <TestEntry testId="6d723e59-8d3b-fb38-246d-45407ced1558" executionId="9e98324e-0a4a-4906-889e-b919fccb9f0b" testListId="8c84fa94-04c1-424b-9868-57a2d4851a1d" />
    <TestEntry testId="111b0480-95b0-23ba-c017-41ef618587ea" executionId="47b75b0d-a743-4fbc-bb66-168601115fa4" testListId="8c84fa94-04c1-424b-9868-57a2d4851a1d" />
    <TestEntry testId="f58950ee-e6c3-81cd-8922-0a07966b4341" executionId="df7cf99d-16ae-4fd1-b5cb-5dbb6a268ca0" testListId="8c84fa94-04c1-424b-9868-57a2d4851a1d" />
    <TestEntry testId="ac15a26e-7ca7-73ef-1884-cd2492b96da4" executionId="3df30144-885d-445c-ab70-aa007fbb04f0" testListId="8c84fa94-04c1-424b-9868-57a2d4851a1d" />
    <TestEntry testId="e2f48753-f22e-c0ac-7e89-4c2869a12297" executionId="23db0450-82be-4eb3-b1b3-1768f0d7f126" testListId="8c84fa94-04c1-424b-9868-57a2d4851a1d" />
    <TestEntry testId="fbfea2c3-4942-2b1b-7392-35cb54fb0985" executionId="4e93cfd0-a23b-4172-bb45-ff007f3c75af" testListId="8c84fa94-04c1-424b-9868-57a2d4851a1d" />
    <TestEntry testId="041625b6-13cb-062f-99b2-d9de901b49d9" executionId="2900ae82-4d73-4c4d-94a8-cebd03d5daff" testListId="8c84fa94-04c1-424b-9868-57a2d4851a1d" />
    <TestEntry testId="a7129e47-f514-c184-12bf-648b55307ce8" executionId="0241a3bc-9d9a-410d-a735-9617691674ac" testListId="8c84fa94-04c1-424b-9868-57a2d4851a1d" />
    <TestEntry testId="543d6f50-9e83-2086-ac17-bf4b4b11b747" executionId="92f21c08-f5f6-44d3-8c0b-c2fb953da863" testListId="8c84fa94-04c1-424b-9868-57a2d4851a1d" />
    <TestEntry testId="db5bc05e-7d03-39dc-7c3d-a33059c48f9f" executionId="a14f7864-d106-46d8-b326-98d7dbb28342" testListId="8c84fa94-04c1-424b-9868-57a2d4851a1d" />
    <TestEntry testId="72eb27aa-9e70-3f4a-e8b3-b15e09b50910" executionId="d0817539-0e8b-4949-943d-360c9f21d752" testListId="8c84fa94-04c1-424b-9868-57a2d4851a1d" />
    <TestEntry testId="5eb2b56a-cb9f-8a13-72a8-1dedbe4703eb" executionId="cdcca798-06e7-4080-b323-5f6bd66ed41c" testListId="8c84fa94-04c1-424b-9868-57a2d4851a1d" />
    <TestEntry testId="e723873f-ed52-5989-552e-87e4aa20036a" executionId="f319b32d-8a99-4d15-9594-c33ed8df453c" testListId="8c84fa94-04c1-424b-9868-57a2d4851a1d" />
    <TestEntry testId="e7850e2b-39d7-effe-6d3e-ea817bc5c9f9" executionId="edd414e9-dc0d-4b0b-bcd0-daad05321bbe" testListId="8c84fa94-04c1-424b-9868-57a2d4851a1d" />
    <TestEntry testId="deff660e-f447-afb1-3182-fea93a06e1e0" executionId="bee4f67a-99f6-46c3-bc73-719506303079" testListId="8c84fa94-04c1-424b-9868-57a2d4851a1d" />
    <TestEntry testId="542757a2-c1f0-a4d3-0091-b8dd7476d0ae" executionId="6ec99407-6413-42c3-beb7-9e69ca8bb87c" testListId="8c84fa94-04c1-424b-9868-57a2d4851a1d" />
    <TestEntry testId="8536e151-edc3-ab1b-23e8-57399f33348f" executionId="2a5ffaa2-994c-4a4d-9ca0-9a9f94cdde42" testListId="8c84fa94-04c1-424b-9868-57a2d4851a1d" />
    <TestEntry testId="73be019d-1c26-14f4-6197-8702434cb789" executionId="c139c941-6657-4acf-9860-90af142385df" testListId="8c84fa94-04c1-424b-9868-57a2d4851a1d" />
    <TestEntry testId="9aea92bd-a732-8732-3286-9126a7e2884c" executionId="a69b0723-59fc-4113-a1e2-912c2f7d6d96" testListId="8c84fa94-04c1-424b-9868-57a2d4851a1d" />
    <TestEntry testId="58b7e4c2-677e-eaa1-ffab-7fefdbb47c57" executionId="06c0cd5a-258b-4a84-82f2-637a1dc0bb04" testListId="8c84fa94-04c1-424b-9868-57a2d4851a1d" />
    <TestEntry testId="ac7d45c0-1e3b-1eeb-0bbd-c6016a588e61" executionId="9eacc7a0-fec3-42b9-ac2e-92c386642313" testListId="8c84fa94-04c1-424b-9868-57a2d4851a1d" />
    <TestEntry testId="e034f180-6179-db89-a0d9-ee482132bcaf" executionId="68895556-c182-48ac-ae91-5fab5bd9258f" testListId="8c84fa94-04c1-424b-9868-57a2d4851a1d" />
    <TestEntry testId="a12f3afc-4dde-52fd-5e8c-5f5aa241141f" executionId="3f73c878-d4b4-4004-99bc-bd11303c8246" testListId="8c84fa94-04c1-424b-9868-57a2d4851a1d" />
    <TestEntry testId="469315c8-1cc6-451a-cd46-08337cc7ecdb" executionId="9076a640-5868-44e5-8969-49604c20f398" testListId="8c84fa94-04c1-424b-9868-57a2d4851a1d" />
    <TestEntry testId="4228247f-6a8d-38cc-9a22-d89e1da014a8" executionId="080ef961-686e-4b00-9b61-18ae919b5df8" testListId="8c84fa94-04c1-424b-9868-57a2d4851a1d" />
    <TestEntry testId="92de626a-e1fe-77de-7215-859b49c72475" executionId="89760e8e-fb18-40e4-b8a5-45a52fd90190" testListId="8c84fa94-04c1-424b-9868-57a2d4851a1d" />
    <TestEntry testId="6ac0cf3c-db4c-fde0-6a5a-d4869aa3cb65" executionId="437f583f-7564-4ff3-b543-969f89f0ea08" testListId="8c84fa94-04c1-424b-9868-57a2d4851a1d" />
    <TestEntry testId="fd87e8bf-a3f1-615f-638a-3909aaf07ae4" executionId="03bc45d9-cabd-4e1a-92da-c690ac3b0ad0" testListId="8c84fa94-04c1-424b-9868-57a2d4851a1d" />
    <TestEntry testId="b75eadaf-ca79-0fa3-f481-7827d3fdbfc2" executionId="a6acc13e-2b5c-4e2f-8d58-3b193a34e83a" testListId="8c84fa94-04c1-424b-9868-57a2d4851a1d" />
    <TestEntry testId="60131f95-3126-ce3c-ffb5-ec094d16105b" executionId="8fe1993f-63d1-4824-9f80-96c084730f0b" testListId="8c84fa94-04c1-424b-9868-57a2d4851a1d" />
    <TestEntry testId="edd13736-1fb5-6759-bf44-2515873ea04b" executionId="f307919f-8b49-4c4e-b21f-d67530b9e803" testListId="8c84fa94-04c1-424b-9868-57a2d4851a1d" />
    <TestEntry testId="112a36d7-dc83-2422-8216-78a3ebc7ca6a" executionId="a6e0f8e3-783d-4fa0-9aa6-607322d2918d" testListId="8c84fa94-04c1-424b-9868-57a2d4851a1d" />
    <TestEntry testId="c8a5b676-dccb-ef85-25d7-22cd0f991d41" executionId="f22abbf9-5859-461f-8535-70df5fa5b39f" testListId="8c84fa94-04c1-424b-9868-57a2d4851a1d" />
    <TestEntry testId="5d472274-e651-49db-a19f-9c9fc5e07861" executionId="969574f9-882b-4b39-8413-19fef7454a91" testListId="8c84fa94-04c1-424b-9868-57a2d4851a1d" />
    <TestEntry testId="5d8b5611-79f1-dd5d-ad97-7b4e8e39121c" executionId="47183067-3d88-41bd-8886-72dbec48e373" testListId="8c84fa94-04c1-424b-9868-57a2d4851a1d" />
    <TestEntry testId="7d6993e3-5332-2d72-c5fa-04a2e45df77a" executionId="4c14170b-28c0-4e07-af69-472ac26011db" testListId="8c84fa94-04c1-424b-9868-57a2d4851a1d" />
    <TestEntry testId="330158ae-6f44-a1bc-0496-e8414b808346" executionId="3cbd9aa9-d01b-40ca-bdaa-a7aa561a520a" testListId="8c84fa94-04c1-424b-9868-57a2d4851a1d" />
    <TestEntry testId="de539491-b743-7788-0879-8bb78cde3ebf" executionId="7b5d88d7-55dd-4dec-be55-601fc76647e9" testListId="8c84fa94-04c1-424b-9868-57a2d4851a1d" />
    <TestEntry testId="998494cc-a3bd-af9d-027c-c56c7e84515d" executionId="062562ad-ee88-4fc6-906c-ad81d6fdbb7c" testListId="8c84fa94-04c1-424b-9868-57a2d4851a1d" />
    <TestEntry testId="e25dfe72-e1cf-054a-a7c4-9df774032db7" executionId="247903c5-73f7-4572-a2a3-4c931e3887a6" testListId="8c84fa94-04c1-424b-9868-57a2d4851a1d" />
    <TestEntry testId="b7c6a131-0ef5-a67f-8e6a-8d4104bd9338" executionId="1c4fc53e-879f-41ed-8109-2bcb594d01e3" testListId="8c84fa94-04c1-424b-9868-57a2d4851a1d" />
    <TestEntry testId="eadbb5f9-fc4e-3847-f8a1-9c5f3da99658" executionId="0a076cb5-e31f-41fa-83eb-25191b8383da" testListId="8c84fa94-04c1-424b-9868-57a2d4851a1d" />
    <TestEntry testId="f10e4c7f-7c2f-db88-a32e-4b694fe871d7" executionId="f4c11f8a-7a87-43c8-b53e-6ac58679dba5" testListId="8c84fa94-04c1-424b-9868-57a2d4851a1d" />
    <TestEntry testId="4ff64477-833a-244c-0375-990ccfb1a2e6" executionId="4156c701-5c7f-45f1-8d5c-d7bf0c186f9d" testListId="8c84fa94-04c1-424b-9868-57a2d4851a1d" />
    <TestEntry testId="ce825fef-7327-dae6-f265-c437cad35b91" executionId="d46b5c38-a531-49f3-8881-e251daea6de7" testListId="8c84fa94-04c1-424b-9868-57a2d4851a1d" />
    <TestEntry testId="b13edc60-e14f-bede-2ebb-2cb5551e6ec9" executionId="8fd82665-caf0-4a5b-bd54-51ca14c00d28" testListId="8c84fa94-04c1-424b-9868-57a2d4851a1d" />
    <TestEntry testId="ed24a0ae-0c10-dd44-6e9d-7b367e82eda5" executionId="98122bd2-e640-4f91-8df8-56269299d369" testListId="8c84fa94-04c1-424b-9868-57a2d4851a1d" />
    <TestEntry testId="ff715d4c-23d5-4773-66a5-38b9a7bdf442" executionId="ea833b53-5c77-457a-b343-6963f4c12f36" testListId="8c84fa94-04c1-424b-9868-57a2d4851a1d" />
    <TestEntry testId="abccf166-3a64-1c0d-ff8f-b1706f07f3cf" executionId="e0f62e42-af9d-45ef-ae6e-3e15a9c12402" testListId="8c84fa94-04c1-424b-9868-57a2d4851a1d" />
    <TestEntry testId="6fe16355-fcdd-f78f-181e-5b3c475aa782" executionId="8e9c13a3-8a4d-4ea9-91ca-84473ed7dce3" testListId="8c84fa94-04c1-424b-9868-57a2d4851a1d" />
    <TestEntry testId="83602d0f-e8fc-dc2c-16f1-f22bb5275d62" executionId="bad9251c-1216-4de1-955c-1c3c28c03ea1" testListId="8c84fa94-04c1-424b-9868-57a2d4851a1d" />
    <TestEntry testId="0f8f162f-04c8-93b6-bc09-ad6b2b579c3e" executionId="3b64e88d-cab7-4df3-876b-b49627aa4933" testListId="8c84fa94-04c1-424b-9868-57a2d4851a1d" />
    <TestEntry testId="39637e8e-5153-59f6-a7c2-66ad8f077fb6" executionId="9327c82f-660a-44fc-8d5e-48c0bed07663" testListId="8c84fa94-04c1-424b-9868-57a2d4851a1d" />
    <TestEntry testId="d0143e68-f378-480f-629d-fc0f669b6840" executionId="b999f153-52c1-45bb-81fe-eb2ce6a9c6c8" testListId="8c84fa94-04c1-424b-9868-57a2d4851a1d" />
    <TestEntry testId="3e86f939-9488-6b0c-7e20-237a538a88c1" executionId="40004152-28cd-479a-aaba-25e7f525b5f3" testListId="8c84fa94-04c1-424b-9868-57a2d4851a1d" />
    <TestEntry testId="f1786565-9098-421f-7c75-e67b4e0cb548" executionId="ae5975aa-2c73-4cd1-bfb0-019bcb040b97" testListId="8c84fa94-04c1-424b-9868-57a2d4851a1d" />
    <TestEntry testId="5c2d44a1-b725-d1c0-30f0-c2e5bcd42c10" executionId="2cd014bf-07cc-479f-a800-32e19d81d782" testListId="8c84fa94-04c1-424b-9868-57a2d4851a1d" />
    <TestEntry testId="488a10c7-6e93-71e1-532e-0f788019feb9" executionId="5be91b42-5b6a-4fa0-ae09-d5fc168ae88e" testListId="8c84fa94-04c1-424b-9868-57a2d4851a1d" />
    <TestEntry testId="03494ac0-2a90-1997-2d62-a4db082b1776" executionId="0e553efc-abfd-423e-bc61-67cbe7e8da13" testListId="8c84fa94-04c1-424b-9868-57a2d4851a1d" />
    <TestEntry testId="91188da9-d085-0bfd-d9b4-e5baf082c7ff" executionId="96d57b46-e01e-43c9-aa98-61100268cfeb" testListId="8c84fa94-04c1-424b-9868-57a2d4851a1d" />
    <TestEntry testId="6f7b704f-1370-beeb-3ca0-35582d568c3d" executionId="81fc1a7a-0c30-4855-ad97-e53c255fab51" testListId="8c84fa94-04c1-424b-9868-57a2d4851a1d" />
    <TestEntry testId="c1cddf05-4632-237c-35db-74e00d98f1cb" executionId="297f50a6-ff33-41f9-aa69-8b1e98edd710" testListId="8c84fa94-04c1-424b-9868-57a2d4851a1d" />
    <TestEntry testId="6e7a7fc2-9543-cbf0-5e34-48c99ec5d8fc" executionId="a05c9f52-5efa-401d-8fa7-293bfb86f876" testListId="8c84fa94-04c1-424b-9868-57a2d4851a1d" />
    <TestEntry testId="396d4ce9-42e4-63bb-9820-e13af62804a6" executionId="25a78c5f-d80e-43a2-876c-55bea0dec2f9" testListId="8c84fa94-04c1-424b-9868-57a2d4851a1d" />
    <TestEntry testId="16d69696-0632-feb6-0cc6-a45d7755309a" executionId="fb7d3e5c-6d6e-4de2-b87f-87c55dad4524" testListId="8c84fa94-04c1-424b-9868-57a2d4851a1d" />
    <TestEntry testId="c6cbc0a5-c901-ffaa-2070-a47547148121" executionId="e2b87f26-33ba-4d87-b50a-4cc06579b43e" testListId="8c84fa94-04c1-424b-9868-57a2d4851a1d" />
    <TestEntry testId="436f3507-7b42-8e18-77db-9f6fb3e539f5" executionId="e5826030-f97d-4f0f-a25e-a61ba256cbc3" testListId="8c84fa94-04c1-424b-9868-57a2d4851a1d" />
    <TestEntry testId="7d179d52-6296-c46b-b9c6-bedbd352ed5d" executionId="359ced3a-185b-464f-8e46-d86f1f429663" testListId="8c84fa94-04c1-424b-9868-57a2d4851a1d" />
    <TestEntry testId="e540e23a-9086-c95a-fecf-e7701392786b" executionId="9f4d84af-0417-4c30-aaf2-f53ff237b169" testListId="8c84fa94-04c1-424b-9868-57a2d4851a1d" />
    <TestEntry testId="ab9fb49f-5b84-1d00-eb5f-054ce88b0664" executionId="5cf9cb49-6c0e-4750-b9dd-84ab05ee4ba1" testListId="8c84fa94-04c1-424b-9868-57a2d4851a1d" />
    <TestEntry testId="aaafca5d-f4ef-4e22-3afb-bb9480d7c916" executionId="432da81a-25e0-493e-a4d1-1395c54bc95f" testListId="8c84fa94-04c1-424b-9868-57a2d4851a1d" />
    <TestEntry testId="8c683b9a-044d-8adc-86d6-f9978fcb0f49" executionId="7eb3617c-7984-49a3-8fda-cecbbef01f05" testListId="8c84fa94-04c1-424b-9868-57a2d4851a1d" />
    <TestEntry testId="33cdaae4-b39f-20fc-ed2e-414f29b7d798" executionId="c3a64aa1-721c-4105-8005-f43367fd8918" testListId="8c84fa94-04c1-424b-9868-57a2d4851a1d" />
    <TestEntry testId="9989838e-3058-c1a6-8440-9d0a7fb211f2" executionId="ed879d3a-8f2c-4811-87f1-b04aaf0b92a4" testListId="8c84fa94-04c1-424b-9868-57a2d4851a1d" />
    <TestEntry testId="51e43f4b-8fa6-4d44-8369-516f875fa723" executionId="c2b4adee-44c5-4035-bcfe-8e82dd36e027" testListId="8c84fa94-04c1-424b-9868-57a2d4851a1d" />
    <TestEntry testId="ee019f83-90b8-7ba1-fb37-5f45c8216c55" executionId="dddb1343-98d7-4918-90e4-1db3cb819867" testListId="8c84fa94-04c1-424b-9868-57a2d4851a1d" />
    <TestEntry testId="fa5511f4-8519-f9e6-eb84-5d9a722d9f15" executionId="613d0cd0-a22c-4f21-a766-acd8d9914928" testListId="8c84fa94-04c1-424b-9868-57a2d4851a1d" />
    <TestEntry testId="83082774-001a-3111-eeb0-284040ad150c" executionId="eb85ffcb-7b56-42b6-bfdc-9cf469fe6ee0" testListId="8c84fa94-04c1-424b-9868-57a2d4851a1d" />
    <TestEntry testId="ff97e124-3d02-c664-47e9-a160c2113d29" executionId="ca38ac42-0bc9-4572-8702-9b68a94ef857" testListId="8c84fa94-04c1-424b-9868-57a2d4851a1d" />
    <TestEntry testId="9d75fc61-02a7-56c3-acfc-5b8fb2336567" executionId="2af32717-e5fe-4d74-9612-a6747a153fe6" testListId="8c84fa94-04c1-424b-9868-57a2d4851a1d" />
    <TestEntry testId="4f0b0b92-ffc0-76b0-f803-1fc7c635617d" executionId="faa38b06-36e1-4773-9ce9-95f184f32798" testListId="8c84fa94-04c1-424b-9868-57a2d4851a1d" />
    <TestEntry testId="94f14c42-e0df-d711-cfd1-a3c8559622c8" executionId="313861a7-7e23-4788-adcd-83ff68557c35" testListId="8c84fa94-04c1-424b-9868-57a2d4851a1d" />
    <TestEntry testId="9f2d1477-390a-653e-b0f6-8bf047758a68" executionId="df0d56d1-668d-4b9e-bc89-62b2d1b57554" testListId="8c84fa94-04c1-424b-9868-57a2d4851a1d" />
    <TestEntry testId="102577c7-ae1c-a0a1-2ae5-60d42ad409f3" executionId="55cc445a-2048-4e9f-8429-c9154838f752" testListId="8c84fa94-04c1-424b-9868-57a2d4851a1d" />
    <TestEntry testId="f11a792a-5399-45fe-b006-95fa11819160" executionId="7b1e68a4-f09e-4855-80e3-3c3c4f3ac015" testListId="8c84fa94-04c1-424b-9868-57a2d4851a1d" />
    <TestEntry testId="2543e1c9-0785-b41d-98cc-3e2c749289b6" executionId="a62371b2-02d4-46b1-b8ed-f9721c259e3f" testListId="8c84fa94-04c1-424b-9868-57a2d4851a1d" />
    <TestEntry testId="48ac9e20-a22c-a01f-955d-1744f7f2749d" executionId="e2134d61-f99f-4876-a55d-883114fea580" testListId="8c84fa94-04c1-424b-9868-57a2d4851a1d" />
    <TestEntry testId="54ea5201-a555-396e-a44c-4ddf5a575693" executionId="80782f6e-e5a5-40d8-be79-b695418dd8cb" testListId="8c84fa94-04c1-424b-9868-57a2d4851a1d" />
    <TestEntry testId="3b44561b-0ad1-5468-2908-3864d1c7aedc" executionId="6c8cc8c7-700a-4738-8eca-87987f18ed62" testListId="8c84fa94-04c1-424b-9868-57a2d4851a1d" />
    <TestEntry testId="bda92b65-26d9-c174-14d8-f439d8b5e364" executionId="515b4cc2-f427-400d-b759-8e0c34a642b0" testListId="8c84fa94-04c1-424b-9868-57a2d4851a1d" />
    <TestEntry testId="4e371b17-35ef-55df-0fa1-d3ddda9e8bbd" executionId="700d28d9-8006-45f8-888a-68952fc4166e" testListId="8c84fa94-04c1-424b-9868-57a2d4851a1d" />
    <TestEntry testId="f68580ba-39fa-d150-ae97-d03c8d62e8d8" executionId="a8de1fc5-9de7-4973-9d05-42eea3079b60" testListId="8c84fa94-04c1-424b-9868-57a2d4851a1d" />
    <TestEntry testId="9fb72f8c-7a32-6c9c-0963-3a48de1ed139" executionId="d74a5e77-b52e-4a8c-999e-70377581604c" testListId="8c84fa94-04c1-424b-9868-57a2d4851a1d" />
    <TestEntry testId="7c8997fa-4eb0-4fdd-223c-cb6cf6f9de4d" executionId="6886bfcb-17f9-4915-971c-906bda1d7deb" testListId="8c84fa94-04c1-424b-9868-57a2d4851a1d" />
    <TestEntry testId="0701857b-fca9-3491-aece-c5b7427b5ae4" executionId="f2ba3b27-c831-4132-9228-91013d70012f" testListId="8c84fa94-04c1-424b-9868-57a2d4851a1d" />
    <TestEntry testId="801374fb-6366-6e1b-24d9-368f321cfa1d" executionId="f04cf8f5-7656-4e84-a648-ebe2d1500233" testListId="8c84fa94-04c1-424b-9868-57a2d4851a1d" />
    <TestEntry testId="f7e7505e-f831-a4e3-cd72-f64bacc34cde" executionId="30135dc4-14aa-43ac-bd38-80aedefa2d21" testListId="8c84fa94-04c1-424b-9868-57a2d4851a1d" />
    <TestEntry testId="f9d67eef-e39a-c239-105a-88d1afb6eab7" executionId="58d20d36-e21c-4e25-94c1-857ca3f33716" testListId="8c84fa94-04c1-424b-9868-57a2d4851a1d" />
    <TestEntry testId="8a29233c-71d1-67fd-f2f9-f76830d36268" executionId="feb6dc4d-b1d9-4485-9ea5-b43cb9db86a6" testListId="8c84fa94-04c1-424b-9868-57a2d4851a1d" />
    <TestEntry testId="cb3eeac3-dc0d-3da5-bb56-3918885deb1c" executionId="93df493d-4318-4f30-8721-e7fc01886f6d" testListId="8c84fa94-04c1-424b-9868-57a2d4851a1d" />
    <TestEntry testId="ea6d29d3-95d7-024f-8190-73b535cae4ec" executionId="e416c35e-ee3f-4ba2-a259-6d790d23e139" testListId="8c84fa94-04c1-424b-9868-57a2d4851a1d" />
    <TestEntry testId="afe764cc-6fe5-f186-9934-0dcec682f3a1" executionId="7759aca4-01e6-404f-92f2-089a72815f1b" testListId="8c84fa94-04c1-424b-9868-57a2d4851a1d" />
    <TestEntry testId="822f7959-9dcb-09b4-3d54-006e0a8a1864" executionId="484e5baf-d9d9-4406-8296-ad83aa7d0ccb" testListId="8c84fa94-04c1-424b-9868-57a2d4851a1d" />
    <TestEntry testId="a05284d8-4031-909e-c18c-d7c7aab786f5" executionId="16328199-9955-4058-a353-d1a222644aab" testListId="8c84fa94-04c1-424b-9868-57a2d4851a1d" />
    <TestEntry testId="658a588b-f25a-953c-f845-7be4a815fac7" executionId="6a647a0a-2a82-4d3d-b835-e6637975d1e7" testListId="8c84fa94-04c1-424b-9868-57a2d4851a1d" />
    <TestEntry testId="832cb8dd-452e-8b63-c810-8d0dc73f7eb0" executionId="1a63c428-05c8-4887-a2e7-b767801e2a40" testListId="8c84fa94-04c1-424b-9868-57a2d4851a1d" />
    <TestEntry testId="dbbc5690-fac2-1b11-1e8a-0424a979bf51" executionId="02855d70-327b-4fe5-a341-7c74f44672cd" testListId="8c84fa94-04c1-424b-9868-57a2d4851a1d" />
    <TestEntry testId="e11d37c3-85ce-b634-94ea-08dd0ce22124" executionId="33f63a56-db95-44ef-8f88-48d7fad829f0" testListId="8c84fa94-04c1-424b-9868-57a2d4851a1d" />
    <TestEntry testId="ba88fb45-743a-0090-5035-14df3b26d5c9" executionId="f3341974-cdb2-48c4-bf00-8cc6cabefc6d" testListId="8c84fa94-04c1-424b-9868-57a2d4851a1d" />
    <TestEntry testId="48d56e3f-ad3b-be4d-0cbc-efeb7cbda6a1" executionId="de3774d3-9472-42e7-bd10-3c3f3498dbf5" testListId="8c84fa94-04c1-424b-9868-57a2d4851a1d" />
    <TestEntry testId="279abe63-320e-13e4-a8e2-c9909fd8742b" executionId="0c109765-669c-4787-970c-bebde15fff0f" testListId="8c84fa94-04c1-424b-9868-57a2d4851a1d" />
    <TestEntry testId="b54d77b2-84ea-8a67-b4f0-f35f9bb7857b" executionId="463c092f-7b1a-41f6-8025-589de4b6d75c" testListId="8c84fa94-04c1-424b-9868-57a2d4851a1d" />
    <TestEntry testId="ab329fe8-f796-7ca0-46bf-e9faca7899f8" executionId="0edb3a1c-494d-4c5c-8ea2-d504c374ffce" testListId="8c84fa94-04c1-424b-9868-57a2d4851a1d" />
    <TestEntry testId="7da7c86d-88f1-5b5d-59f9-4dc00dc7d18b" executionId="61b67f0d-c1d1-4803-89f8-9054353d3315" testListId="8c84fa94-04c1-424b-9868-57a2d4851a1d" />
    <TestEntry testId="fa0411a1-2370-819b-055c-83a992a25bc8" executionId="2b77eba7-d5a1-4a25-96ac-8ecf0b23e971" testListId="8c84fa94-04c1-424b-9868-57a2d4851a1d" />
    <TestEntry testId="c551619f-eea0-801f-e025-a2dc4894f67e" executionId="64f8d87b-a494-404d-ba03-b4e312a44aba" testListId="8c84fa94-04c1-424b-9868-57a2d4851a1d" />
    <TestEntry testId="e51d5a0b-1ec1-7c7b-fb43-2477559a4db3" executionId="4a74ac57-c382-4714-825e-66e3a4a6c701" testListId="8c84fa94-04c1-424b-9868-57a2d4851a1d" />
    <TestEntry testId="053605cc-6735-42bb-6e5a-f614c91f94ee" executionId="55dd2b2a-0c19-4110-ad15-5df0dc61c607" testListId="8c84fa94-04c1-424b-9868-57a2d4851a1d" />
    <TestEntry testId="4ad32d2a-392c-75b6-9ee4-ad7026ad2f38" executionId="ec89e13d-804c-4947-a97f-0a30b5e66ed4" testListId="8c84fa94-04c1-424b-9868-57a2d4851a1d" />
    <TestEntry testId="e57cf4c2-4e25-5fbe-8127-a1aed3da19ed" executionId="f733a93a-1b5e-4766-ac71-4a0256366c68" testListId="8c84fa94-04c1-424b-9868-57a2d4851a1d" />
    <TestEntry testId="b5f7e19e-b7d3-0e84-e35f-5457bc7ff58c" executionId="fc3056e7-10f2-4ed1-aad4-70eb65c37c43" testListId="8c84fa94-04c1-424b-9868-57a2d4851a1d" />
    <TestEntry testId="af2f1c64-8a2a-cc80-4b30-6947f73e734f" executionId="eb32617e-3974-4af3-90d6-659dedd376f2" testListId="8c84fa94-04c1-424b-9868-57a2d4851a1d" />
    <TestEntry testId="917c1bdf-6063-7913-d982-329ee05581db" executionId="84d7c3f3-f503-41f5-bc8b-870cd4be591b" testListId="8c84fa94-04c1-424b-9868-57a2d4851a1d" />
    <TestEntry testId="32d260cd-d3ba-7dc8-bbda-4a59e566f96f" executionId="5ea0c3ee-7752-4eb3-85ee-f9924e2ee807" testListId="8c84fa94-04c1-424b-9868-57a2d4851a1d" />
    <TestEntry testId="1c94bdcf-8de3-0f60-783e-acd269e65780" executionId="c4b44a32-8f4b-4c11-b3fb-b81dfed65494" testListId="8c84fa94-04c1-424b-9868-57a2d4851a1d" />
    <TestEntry testId="a09789c3-f697-5663-6a05-6fa2cb53c4e5" executionId="94945ffd-95a9-4a3f-b3ac-bcd24f9167d0" testListId="8c84fa94-04c1-424b-9868-57a2d4851a1d" />
    <TestEntry testId="1c8c6248-1c84-a4a5-d64f-264bc96db5aa" executionId="73607f52-ca98-4b7f-883c-8c7e7cd8f71b" testListId="8c84fa94-04c1-424b-9868-57a2d4851a1d" />
    <TestEntry testId="652d6245-b2bc-1bf1-9e71-8d0b01061274" executionId="dfb6f865-13bd-4e6b-a93e-f62b48092a39" testListId="8c84fa94-04c1-424b-9868-57a2d4851a1d" />
    <TestEntry testId="041377db-dcc6-3c7f-3732-41e0e8b36562" executionId="ee5cb84d-7bef-4f21-8655-4916cbae2595" testListId="8c84fa94-04c1-424b-9868-57a2d4851a1d" />
    <TestEntry testId="fe0fb3e9-27dd-b61e-9ae2-3ccd114e06ab" executionId="b21fbef9-8a65-4fc5-8e88-886608f462d1" testListId="8c84fa94-04c1-424b-9868-57a2d4851a1d" />
    <TestEntry testId="d11de860-4163-85a1-7115-b5634191d79e" executionId="1b7b69c5-cf3b-4e26-a12f-28664bad506e" testListId="8c84fa94-04c1-424b-9868-57a2d4851a1d" />
    <TestEntry testId="1e0d3643-4c52-8551-b356-f6c3ec240da4" executionId="a5dd2e59-9cae-4600-9d66-ab1c18360c2e" testListId="8c84fa94-04c1-424b-9868-57a2d4851a1d" />
    <TestEntry testId="a0a872b1-f051-b8aa-b24b-b9eca47e8aa0" executionId="1fe59c7f-fdc3-42c1-a92a-f5ffa8e39ab2" testListId="8c84fa94-04c1-424b-9868-57a2d4851a1d" />
    <TestEntry testId="cebde89e-d8bb-2be7-1899-93c5dfe58142" executionId="701358d9-52b8-4193-8cb2-d7ecb95791d9" testListId="8c84fa94-04c1-424b-9868-57a2d4851a1d" />
    <TestEntry testId="7950372d-8564-c43b-1499-25c23a1e7c18" executionId="0fd52fb5-08bf-4da6-b854-300fbad12bfd" testListId="8c84fa94-04c1-424b-9868-57a2d4851a1d" />
    <TestEntry testId="816814c6-e83f-da87-ffd1-92aa41bb1752" executionId="58f4a4b8-90fe-4a64-9ba7-83d36df17771" testListId="8c84fa94-04c1-424b-9868-57a2d4851a1d" />
    <TestEntry testId="93031eb4-0393-34c5-580c-f6097d39ae92" executionId="7c8ca94d-9c7d-4060-9d78-635453454248" testListId="8c84fa94-04c1-424b-9868-57a2d4851a1d" />
    <TestEntry testId="db38b9c7-ab19-e6fd-60f0-e3e59d88bf94" executionId="db145812-7e33-4206-8c9d-63fbc84468e2" testListId="8c84fa94-04c1-424b-9868-57a2d4851a1d" />
    <TestEntry testId="ac4537e1-9bda-803f-f98e-b8a7b0cac0f9" executionId="da784e34-9641-4147-a6a8-92b91f9820c6" testListId="8c84fa94-04c1-424b-9868-57a2d4851a1d" />
    <TestEntry testId="7c2c6837-0ff3-3639-aae7-2c01abcd651e" executionId="1562563b-af78-49ab-a225-79cd5480c989" testListId="8c84fa94-04c1-424b-9868-57a2d4851a1d" />
    <TestEntry testId="f615a366-8b0a-715d-d5ab-613020d166d9" executionId="3a3c448d-8215-4577-b5d7-3c0e8cc89bfb" testListId="8c84fa94-04c1-424b-9868-57a2d4851a1d" />
    <TestEntry testId="84a6ed3b-9aa1-9227-d98e-a331ef3fb88e" executionId="02e9c867-8c6c-492d-8308-fc32c29df038" testListId="8c84fa94-04c1-424b-9868-57a2d4851a1d" />
    <TestEntry testId="081d79ae-92e6-b908-1d02-350cb6023be2" executionId="94d35052-6e5a-410d-bedf-17f1c1379b30" testListId="8c84fa94-04c1-424b-9868-57a2d4851a1d" />
    <TestEntry testId="e3f69282-c150-c471-27ff-f7baf0f46eec" executionId="4af8ab5d-c3fc-4786-a3d3-422bc64d1012" testListId="8c84fa94-04c1-424b-9868-57a2d4851a1d" />
    <TestEntry testId="f03a5c4e-00a7-c123-3fad-20db24597c9c" executionId="3042cf34-317e-419d-a333-93bcc0d0e6b7" testListId="8c84fa94-04c1-424b-9868-57a2d4851a1d" />
    <TestEntry testId="82f8e66b-df98-7cbb-fdf7-dc2f3b4fd43e" executionId="82576cf8-7783-429c-ad8b-04140a6a8879" testListId="8c84fa94-04c1-424b-9868-57a2d4851a1d" />
    <TestEntry testId="d5d6f0da-873e-4fdc-a036-967cdfb725f8" executionId="6a1761e0-8933-412f-b292-a721daca2e5a" testListId="8c84fa94-04c1-424b-9868-57a2d4851a1d" />
    <TestEntry testId="da0e23da-ffd3-b19d-ab37-35c036e31e36" executionId="b864a00a-d56c-4e02-81db-10bb69c0164b" testListId="8c84fa94-04c1-424b-9868-57a2d4851a1d" />
    <TestEntry testId="47ff905a-bdb9-8c9d-978f-83c30105525a" executionId="9c8900b3-4d84-434b-ae78-bcc5751ea439" testListId="8c84fa94-04c1-424b-9868-57a2d4851a1d" />
    <TestEntry testId="84896106-2f9f-b03d-8fed-b3a52db5f04e" executionId="076ecc8d-5b86-409e-b6b6-ec454c6601a6" testListId="8c84fa94-04c1-424b-9868-57a2d4851a1d" />
    <TestEntry testId="1d2192d4-d15d-69d2-7e4c-7b28b433796d" executionId="f176486f-8b7c-4475-9b5e-6f16a482d1c1" testListId="8c84fa94-04c1-424b-9868-57a2d4851a1d" />
    <TestEntry testId="9110ac03-e549-509b-3bb4-cd591764d1a4" executionId="107e1b35-991a-4cf0-92f8-37665cd8b6ad" testListId="8c84fa94-04c1-424b-9868-57a2d4851a1d" />
    <TestEntry testId="1e6f1496-dce0-5308-df54-31492319a026" executionId="80a014b3-71a3-405f-81ab-4c313029f5f0" testListId="8c84fa94-04c1-424b-9868-57a2d4851a1d" />
    <TestEntry testId="3d71eb69-9c6f-0f09-8429-11a4b64d43de" executionId="d6f9db68-5deb-4a1c-bd2a-2a4754b62d3e" testListId="8c84fa94-04c1-424b-9868-57a2d4851a1d" />
    <TestEntry testId="1a8ece28-2d7b-4d15-bd96-32d58e25e257" executionId="5403b703-abaf-4195-9802-1dc9dc9fed56" testListId="8c84fa94-04c1-424b-9868-57a2d4851a1d" />
    <TestEntry testId="0c5eded9-aaa4-989f-6237-6788ed673cd4" executionId="43ebbcc7-687d-4b33-9c09-64a2137c5743" testListId="8c84fa94-04c1-424b-9868-57a2d4851a1d" />
    <TestEntry testId="f0759f59-0dc4-5893-7a39-d74e8b8ab5a4" executionId="c2b80259-8538-48dd-a52a-4a0cc49217b5" testListId="8c84fa94-04c1-424b-9868-57a2d4851a1d" />
    <TestEntry testId="2624c65e-dca6-66ef-54f0-35e68f401166" executionId="2ee5e4b0-810c-490b-8523-073d620445b3" testListId="8c84fa94-04c1-424b-9868-57a2d4851a1d" />
    <TestEntry testId="cfafff56-2602-965b-6406-2d952413ebf9" executionId="b47ef918-6ece-4f8f-bbed-9bbd3a7abaca" testListId="8c84fa94-04c1-424b-9868-57a2d4851a1d" />
    <TestEntry testId="5c1b319b-f4f1-4700-614d-09ac09c16f25" executionId="51b4c45d-5ae6-4ef9-8de7-a10f135bb381" testListId="8c84fa94-04c1-424b-9868-57a2d4851a1d" />
    <TestEntry testId="14499e35-211f-3973-6507-0af44d7a2adb" executionId="f46ab8b0-bcf5-4263-a1de-87561531487f" testListId="8c84fa94-04c1-424b-9868-57a2d4851a1d" />
    <TestEntry testId="66672741-a1d3-80e2-a60f-bcbd8316ff3f" executionId="fd54a08c-e077-498c-89c2-a7261109c8f4" testListId="8c84fa94-04c1-424b-9868-57a2d4851a1d" />
    <TestEntry testId="4d767f69-14db-faeb-9548-4009b01122ee" executionId="1148beea-8968-48ec-b305-bf385c0035d8" testListId="8c84fa94-04c1-424b-9868-57a2d4851a1d" />
    <TestEntry testId="d79f44b2-f93c-761f-f728-c4580e0cf038" executionId="8f6b77cb-45fe-4594-b343-0a6b0bf7c963" testListId="8c84fa94-04c1-424b-9868-57a2d4851a1d" />
    <TestEntry testId="7841167c-41fd-cdfa-d05d-fd33c674c56e" executionId="8526eef9-5d10-452b-bff9-6e5825604a45" testListId="8c84fa94-04c1-424b-9868-57a2d4851a1d" />
    <TestEntry testId="75f9fcd0-bfe0-554e-cc48-0d110429d9a6" executionId="8d7676cb-a78b-41e2-9a97-4131feb83ef8" testListId="8c84fa94-04c1-424b-9868-57a2d4851a1d" />
    <TestEntry testId="cf3bd580-d58c-86fe-c0e2-03110ea272b8" executionId="d35e7f74-cf1b-4e3f-8005-f5bb855cbbcc" testListId="8c84fa94-04c1-424b-9868-57a2d4851a1d" />
    <TestEntry testId="81617092-5393-a84c-34e3-a0234bd9367b" executionId="a3fca793-6aca-477c-8ec2-d683ac2dac2f" testListId="8c84fa94-04c1-424b-9868-57a2d4851a1d" />
    <TestEntry testId="bb55e130-5f01-e081-978d-29a528a58c56" executionId="36c5d35f-d66a-45bf-a014-4ab63b1a3427" testListId="8c84fa94-04c1-424b-9868-57a2d4851a1d" />
    <TestEntry testId="c6ccf88c-1399-0635-b94d-e570e2da7529" executionId="a191a8b6-5f19-4123-b779-fcd453e8060a" testListId="8c84fa94-04c1-424b-9868-57a2d4851a1d" />
    <TestEntry testId="37096f25-4fdb-0672-8789-a379629f4a28" executionId="59976834-f7f0-4e65-bd04-ce916e450eb7" testListId="8c84fa94-04c1-424b-9868-57a2d4851a1d" />
    <TestEntry testId="62b536c1-1bca-c658-de57-8a37bfb49525" executionId="84c614a2-8308-41c1-a0a1-506a0c3cb81f" testListId="8c84fa94-04c1-424b-9868-57a2d4851a1d" />
    <TestEntry testId="656f95db-014c-5ee9-06b7-7ba025853223" executionId="b4e166ec-993a-4ec6-b204-41544b184a00" testListId="8c84fa94-04c1-424b-9868-57a2d4851a1d" />
    <TestEntry testId="666804f4-1bf6-02d5-348c-c2829018a94b" executionId="3f9519d1-21d7-4c25-b645-d5a4a9d68ac8" testListId="8c84fa94-04c1-424b-9868-57a2d4851a1d" />
    <TestEntry testId="4700ea0b-a6eb-2f32-8574-1971d027ccb0" executionId="b05076cd-bd0b-4df9-897b-632b6947b965" testListId="8c84fa94-04c1-424b-9868-57a2d4851a1d" />
    <TestEntry testId="bf6fbd2a-e814-acb0-0f76-4e97f7ae2f04" executionId="d1873a2a-51ab-4036-b958-599edd5a16d0" testListId="8c84fa94-04c1-424b-9868-57a2d4851a1d" />
    <TestEntry testId="2f123298-872a-ab68-13c5-f31ac74304cf" executionId="cf89d11b-ffb5-4836-bc98-94b7b90b7c89" testListId="8c84fa94-04c1-424b-9868-57a2d4851a1d" />
    <TestEntry testId="51fbbeab-dfb7-8635-1c92-208ef93cc04f" executionId="211de82e-f05b-4260-a5aa-556d8622d6a9" testListId="8c84fa94-04c1-424b-9868-57a2d4851a1d" />
    <TestEntry testId="6bfb436a-3e70-7846-3d08-cc4ead42b9fa" executionId="5a4de56b-212a-4f25-9ffe-1312350ae965" testListId="8c84fa94-04c1-424b-9868-57a2d4851a1d" />
    <TestEntry testId="c7a03a47-4936-1227-da9c-7540f240feb6" executionId="51e1560a-3a4e-4df5-bf83-727a8c6a5edc" testListId="8c84fa94-04c1-424b-9868-57a2d4851a1d" />
    <TestEntry testId="fdf1736b-60b8-c0c0-9825-483b5108a5c6" executionId="e404c99e-e698-480b-9f56-1051286ab555" testListId="8c84fa94-04c1-424b-9868-57a2d4851a1d" />
    <TestEntry testId="f1e13469-4053-5591-5108-a4a258598b6c" executionId="101a3ea0-1ad4-492a-901f-1dcee437e0ed" testListId="8c84fa94-04c1-424b-9868-57a2d4851a1d" />
    <TestEntry testId="f8a85ac7-0b47-a9c1-be80-451780272705" executionId="29e915eb-9772-4d12-b82b-ef8e404c8d5d" testListId="8c84fa94-04c1-424b-9868-57a2d4851a1d" />
    <TestEntry testId="8f6be93f-ae19-1739-c558-d78ee9b6c788" executionId="1577d36c-a20e-4fd0-a27a-1090563538e6" testListId="8c84fa94-04c1-424b-9868-57a2d4851a1d" />
    <TestEntry testId="3bd90d8d-3840-8444-9982-0a5a71948575" executionId="bbefc634-f6c7-436d-9f7f-a46ebf8e84d5" testListId="8c84fa94-04c1-424b-9868-57a2d4851a1d" />
    <TestEntry testId="ab474ba1-f565-f4cb-0e3b-d3f8180b2371" executionId="0e01e6d8-e0a0-4f22-9dcf-d4d407a04c05" testListId="8c84fa94-04c1-424b-9868-57a2d4851a1d" />
    <TestEntry testId="3fa55667-086b-69ce-de5e-39864f868468" executionId="81a76e3d-879d-4369-af38-7d71664ceeea" testListId="8c84fa94-04c1-424b-9868-57a2d4851a1d" />
    <TestEntry testId="8279d099-96d6-eac9-0f98-2fd4f430960c" executionId="23755704-d2b5-4b94-8a4a-53994995b2b6" testListId="8c84fa94-04c1-424b-9868-57a2d4851a1d" />
    <TestEntry testId="5c4423f1-3542-6d83-6216-62288fcdf2f4" executionId="1162bee5-654b-4ba5-bd21-77f01af5e647" testListId="8c84fa94-04c1-424b-9868-57a2d4851a1d" />
    <TestEntry testId="8d627c14-62f3-55fc-3353-475714ef0677" executionId="8d51910d-68f6-434c-b72b-2823ee2e45c4" testListId="8c84fa94-04c1-424b-9868-57a2d4851a1d" />
    <TestEntry testId="a5d869a4-3fcb-7fd0-96f3-24b6f2ddb107" executionId="86f2b0d9-1a20-4ad4-9d1b-bc708d266835" testListId="8c84fa94-04c1-424b-9868-57a2d4851a1d" />
    <TestEntry testId="d1ea3dbc-ae5e-1318-b51a-3467e3c99c47" executionId="be3aaddf-f812-4980-a874-57f912f6736b" testListId="8c84fa94-04c1-424b-9868-57a2d4851a1d" />
    <TestEntry testId="1ec81807-d127-32aa-fc7b-9ec8ae41fc40" executionId="895b26dc-0cb9-46a4-93e3-bce6c5302ec2" testListId="8c84fa94-04c1-424b-9868-57a2d4851a1d" />
    <TestEntry testId="6de6dc72-f8d9-f1ba-36aa-0628b8fb9b24" executionId="f7d1436c-af89-492f-aecc-fb3d1702aa0a" testListId="8c84fa94-04c1-424b-9868-57a2d4851a1d" />
    <TestEntry testId="4c573b44-ffb9-27ab-53fa-a44efc2b060a" executionId="8ca698b8-e498-4708-8d9e-089915592f40" testListId="8c84fa94-04c1-424b-9868-57a2d4851a1d" />
    <TestEntry testId="0818f830-deb7-208e-1505-24ab8da73d74" executionId="67e17698-eac0-4be9-bf12-42f47654b5ca" testListId="8c84fa94-04c1-424b-9868-57a2d4851a1d" />
    <TestEntry testId="12cbe1a3-b8d8-c02f-3cd6-2eebde58d3b9" executionId="6b1a8f22-1d9e-43e3-aade-1a38f2e98d4b" testListId="8c84fa94-04c1-424b-9868-57a2d4851a1d" />
    <TestEntry testId="573ebebf-5209-3be3-2454-5b42b176ce65" executionId="3f17a483-ba91-47c6-b0e9-73221e481baa" testListId="8c84fa94-04c1-424b-9868-57a2d4851a1d" />
    <TestEntry testId="da9b2ce5-50e0-4c70-1517-953340f2dd57" executionId="04d6e7f3-26c2-4dde-a651-8e304244801e" testListId="8c84fa94-04c1-424b-9868-57a2d4851a1d" />
    <TestEntry testId="3602f2af-1d8b-4e06-08f7-1d54f19ae98b" executionId="c6407dd9-3965-44db-97ca-937bc6e2a55c" testListId="8c84fa94-04c1-424b-9868-57a2d4851a1d" />
    <TestEntry testId="6a8f0602-664e-bdf0-f0a2-3e7f9b76b3d9" executionId="354e96ff-af65-4db8-8582-123a8d940f05" testListId="8c84fa94-04c1-424b-9868-57a2d4851a1d" />
    <TestEntry testId="c7daca29-1755-7aa7-c742-17b920aea620" executionId="f701c7d0-d1f7-498a-865a-5f431b223068" testListId="8c84fa94-04c1-424b-9868-57a2d4851a1d" />
    <TestEntry testId="67ceb524-c955-8b26-01e7-0953c0bf777b" executionId="45db258c-8860-474f-8f3d-6306be3584f7" testListId="8c84fa94-04c1-424b-9868-57a2d4851a1d" />
    <TestEntry testId="6bc3643b-7bda-0852-a44d-828063310052" executionId="94bc246a-0804-4ee8-883a-42493d254a4d" testListId="8c84fa94-04c1-424b-9868-57a2d4851a1d" />
    <TestEntry testId="ff57e55b-1854-c5e0-0fcd-8d0b4d8c7f8b" executionId="21efdab6-8335-489e-9d91-2697f7d5e934" testListId="8c84fa94-04c1-424b-9868-57a2d4851a1d" />
    <TestEntry testId="b2206278-bd3d-1c8b-0142-78ef5805880b" executionId="76313592-add9-4c5b-bfd0-ed2f9082b568" testListId="8c84fa94-04c1-424b-9868-57a2d4851a1d" />
    <TestEntry testId="b05efe8d-d94c-9ff1-508e-eed12d2e8abb" executionId="a00fde21-76fb-4ba9-a791-12981807bd40" testListId="8c84fa94-04c1-424b-9868-57a2d4851a1d" />
    <TestEntry testId="65cd34d4-2620-d256-d48f-f7a1f4b0ff4c" executionId="0cdc94c0-59e5-4f64-8e53-4c82d1d843fb" testListId="8c84fa94-04c1-424b-9868-57a2d4851a1d" />
    <TestEntry testId="3f506093-d5c7-05a3-3eba-db8d8da94f2d" executionId="494fb036-1360-4c5e-9bd1-15fcedb563a8" testListId="8c84fa94-04c1-424b-9868-57a2d4851a1d" />
    <TestEntry testId="4054a570-b405-add8-b79a-2940118a558e" executionId="87a0b3e9-cb98-4245-b2d7-d74cf6567a02" testListId="8c84fa94-04c1-424b-9868-57a2d4851a1d" />
    <TestEntry testId="20617ce6-36f9-6733-8379-e6990cbfa1ef" executionId="d861982c-20f2-4805-a2c1-0bb2cd418856" testListId="8c84fa94-04c1-424b-9868-57a2d4851a1d" />
    <TestEntry testId="46d030b8-a5b6-e2f5-b0a4-9cb1d0420e57" executionId="387c5e14-c020-4de4-b08b-c436ff1cacfa" testListId="8c84fa94-04c1-424b-9868-57a2d4851a1d" />
    <TestEntry testId="259a4717-3e9b-83f2-ff12-abf76f9e34aa" executionId="4d1539e3-227a-4850-8455-b8a330c3bed1" testListId="8c84fa94-04c1-424b-9868-57a2d4851a1d" />
    <TestEntry testId="e9d27e2e-2c56-404a-f7e1-fe6ab11b477b" executionId="ec749630-39af-4b5d-ac92-66676ad27582" testListId="8c84fa94-04c1-424b-9868-57a2d4851a1d" />
    <TestEntry testId="1cdd5ba2-fc39-af9d-9e41-6be70a2f35b2" executionId="36dbceb2-26cf-456f-b018-572a877064c5" testListId="8c84fa94-04c1-424b-9868-57a2d4851a1d" />
    <TestEntry testId="829d5191-315d-b7df-afe3-014222925fc8" executionId="9e08a1b7-a91c-4b0c-8eb6-613ad595b1d8" testListId="8c84fa94-04c1-424b-9868-57a2d4851a1d" />
    <TestEntry testId="5b434add-2b1e-055c-dba6-d690155d8160" executionId="9e7cb4da-a413-4416-b71f-86819ee4e30f" testListId="8c84fa94-04c1-424b-9868-57a2d4851a1d" />
    <TestEntry testId="0ae9e340-245f-799a-bba4-bfae0a55b1bd" executionId="f38fe5f1-7b69-420c-8ace-4393ceefe950" testListId="8c84fa94-04c1-424b-9868-57a2d4851a1d" />
    <TestEntry testId="e079c5c4-1fae-a6da-0486-c552e58badba" executionId="fc1fd8ea-c6cf-468c-8b5f-b585d914c97e" testListId="8c84fa94-04c1-424b-9868-57a2d4851a1d" />
    <TestEntry testId="bc1745b6-ab04-d5dc-f9d7-e9d93ce022a5" executionId="b15ea83f-99b7-4407-b3af-a2c6f98d7262" testListId="8c84fa94-04c1-424b-9868-57a2d4851a1d" />
    <TestEntry testId="85bdef9d-5e1c-84ca-4f17-43b92841d07e" executionId="4d89fcab-7807-47d0-8106-59456d0feefc" testListId="8c84fa94-04c1-424b-9868-57a2d4851a1d" />
    <TestEntry testId="ece55df4-e844-9447-c6bc-c6f30cd0b12f" executionId="07174871-095d-456e-b328-d249a20117c9" testListId="8c84fa94-04c1-424b-9868-57a2d4851a1d" />
    <TestEntry testId="f9189ce9-0529-6c8d-0d9e-095d8eb96f4d" executionId="8aeecd81-4a2f-40a0-9a67-ec83a1c5549f" testListId="8c84fa94-04c1-424b-9868-57a2d4851a1d" />
    <TestEntry testId="d221b392-2f8f-4661-b81b-eb0b5b60e13d" executionId="7d776eab-ef00-4229-8bbb-60e423bfa988" testListId="8c84fa94-04c1-424b-9868-57a2d4851a1d" />
    <TestEntry testId="73f3eafd-1bb4-9bf7-716f-d5fe9dc13a08" executionId="59c84257-8073-4b20-a494-f4b7429f15ab" testListId="8c84fa94-04c1-424b-9868-57a2d4851a1d" />
    <TestEntry testId="4036a9c9-ddd8-3d85-cefe-a408868f9b37" executionId="cfece6ec-2f9d-4823-a628-44b3b104e5c2" testListId="8c84fa94-04c1-424b-9868-57a2d4851a1d" />
    <TestEntry testId="b4501866-0bce-5dae-c51a-1282bb076da4" executionId="fc49e84c-a8df-423c-adbc-6448a1126a45" testListId="8c84fa94-04c1-424b-9868-57a2d4851a1d" />
    <TestEntry testId="f4902f5e-9e3d-9666-eb94-cb4e3db91fc8" executionId="076056be-f1d9-4ddd-adbf-2e7aa48eb0b1" testListId="8c84fa94-04c1-424b-9868-57a2d4851a1d" />
    <TestEntry testId="ef8e58cf-ea5c-2876-04a9-76267e76a3bd" executionId="e9769a07-0219-41e1-b38d-1b95d0640402" testListId="8c84fa94-04c1-424b-9868-57a2d4851a1d" />
    <TestEntry testId="ccc8201a-cb2f-dd61-e37c-f0be3ae17276" executionId="deffdb2f-e98d-4e11-b8be-375287643d34" testListId="8c84fa94-04c1-424b-9868-57a2d4851a1d" />
    <TestEntry testId="0d6a570a-2927-2321-e584-f1b09cfcdd34" executionId="d6fe83aa-eb1f-4b10-91a4-70e584111ddd" testListId="8c84fa94-04c1-424b-9868-57a2d4851a1d" />
    <TestEntry testId="b9344815-31b2-f189-b070-973f4dd1ca18" executionId="a82c7759-8585-4a98-952f-e481c3382fa1" testListId="8c84fa94-04c1-424b-9868-57a2d4851a1d" />
    <TestEntry testId="33667771-9d3c-f7ed-4cf3-0f7629b39f0c" executionId="f1dbc54b-197f-4c23-a608-7cda7aee41b6" testListId="8c84fa94-04c1-424b-9868-57a2d4851a1d" />
    <TestEntry testId="7b03728c-06a1-8649-8ebb-9e968a991819" executionId="2d857906-3a5e-4483-8ed4-16f089d37a47" testListId="8c84fa94-04c1-424b-9868-57a2d4851a1d" />
    <TestEntry testId="628c5a10-fa75-4635-d543-84daf4bbbed1" executionId="e7044628-bac1-48d9-bf65-7cc4d8bae89c" testListId="8c84fa94-04c1-424b-9868-57a2d4851a1d" />
    <TestEntry testId="ed423946-5bf0-6e1c-0d7d-d408379e500a" executionId="6f11dc4b-14c8-4367-a156-de303095bf7c" testListId="8c84fa94-04c1-424b-9868-57a2d4851a1d" />
    <TestEntry testId="b8026746-1698-2927-a5ef-40dfdc79616a" executionId="bb06e7dd-f476-427f-a3ee-45957d244bfd" testListId="8c84fa94-04c1-424b-9868-57a2d4851a1d" />
    <TestEntry testId="b3bbe266-4686-06fd-00e8-bbec851e17e4" executionId="662dffd8-7616-4338-9439-214dae49857c" testListId="8c84fa94-04c1-424b-9868-57a2d4851a1d" />
    <TestEntry testId="ad08490c-e2e3-37af-ebb5-f993a9f432cd" executionId="9e9bd37b-f5bf-4c7f-8adf-d35a1d84abd7" testListId="8c84fa94-04c1-424b-9868-57a2d4851a1d" />
    <TestEntry testId="1a9e547a-3ec4-7799-7810-1748b9939ecd" executionId="fa469529-36d2-4a02-b3e1-e0bb21bb1450" testListId="8c84fa94-04c1-424b-9868-57a2d4851a1d" />
    <TestEntry testId="e04e5dc2-a9b6-35b0-703a-7145f4907414" executionId="cdbec770-25af-4b28-b111-597e5a8a7179" testListId="8c84fa94-04c1-424b-9868-57a2d4851a1d" />
    <TestEntry testId="c25dab52-b84d-fe76-307f-8007fa791e96" executionId="b30774d2-4764-4904-9d52-c74b3137f5c7" testListId="8c84fa94-04c1-424b-9868-57a2d4851a1d" />
    <TestEntry testId="379961ee-b69a-35fe-40d3-0fa947c48330" executionId="ecb3c6f2-fba4-4d92-abbc-d1b0cae99c4e" testListId="8c84fa94-04c1-424b-9868-57a2d4851a1d" />
    <TestEntry testId="a7c5d785-f39b-a877-a62c-7f98f99646cd" executionId="3ce2c5fc-0b93-4258-ab09-d848b4014ab3" testListId="8c84fa94-04c1-424b-9868-57a2d4851a1d" />
    <TestEntry testId="7dfc50e8-714e-30b3-d106-dc4220777e56" executionId="f3269ea4-2a78-4408-a3ba-7ecb780713a4" testListId="8c84fa94-04c1-424b-9868-57a2d4851a1d" />
    <TestEntry testId="e13f6ea5-95e8-7429-84b4-a5809f76cb83" executionId="e79227ba-b187-404d-af39-06a1edfbbcfb" testListId="8c84fa94-04c1-424b-9868-57a2d4851a1d" />
    <TestEntry testId="a8e4de2a-185b-d21a-92b4-a020ccc4cbea" executionId="ef2ead82-ca3b-42e8-abca-90888edf904a" testListId="8c84fa94-04c1-424b-9868-57a2d4851a1d" />
    <TestEntry testId="e0e8441d-eb5c-e1c5-2c54-e78c3cabf79f" executionId="e75aace1-d21c-4323-a67a-174a037b8674" testListId="8c84fa94-04c1-424b-9868-57a2d4851a1d" />
    <TestEntry testId="d71c0ca9-13c6-627c-b94a-f4654b08b416" executionId="9898be9f-c66d-4f74-a115-c54db9a9b630" testListId="8c84fa94-04c1-424b-9868-57a2d4851a1d" />
    <TestEntry testId="d07ef90d-5b74-2045-9ed5-456e0bc6bd37" executionId="73fa34ae-486b-4d56-9e14-abd521a1c15d" testListId="8c84fa94-04c1-424b-9868-57a2d4851a1d" />
    <TestEntry testId="ad7aea32-1690-1791-793b-b9745ed661e9" executionId="1740c78c-c76c-45de-8cbe-1028b8a18af0" testListId="8c84fa94-04c1-424b-9868-57a2d4851a1d" />
    <TestEntry testId="fd4ace10-e5d6-edf3-912d-980f93f27759" executionId="30ee6081-49ac-4b9f-8e01-9d1ad5d34daf" testListId="8c84fa94-04c1-424b-9868-57a2d4851a1d" />
    <TestEntry testId="69d89368-0003-59a3-862b-580f1edee151" executionId="966dab90-fae1-413b-8474-686bb636424e" testListId="8c84fa94-04c1-424b-9868-57a2d4851a1d" />
    <TestEntry testId="090f2140-4bc4-30bd-174c-4e33819d9496" executionId="96a7e89c-95ac-4660-a943-41581da5ce5b" testListId="8c84fa94-04c1-424b-9868-57a2d4851a1d" />
    <TestEntry testId="c57fc0c5-f9d0-7279-3e84-1fd326fe01da" executionId="cce8a376-77d6-4409-b117-4dec63312428" testListId="8c84fa94-04c1-424b-9868-57a2d4851a1d" />
    <TestEntry testId="ab798f06-3bf6-045e-1892-75901f2e7685" executionId="835c3317-8bb4-414b-aeb1-f6f23867d7db" testListId="8c84fa94-04c1-424b-9868-57a2d4851a1d" />
    <TestEntry testId="24ddbe18-4cae-e90f-3505-9ac40083ecb2" executionId="96ac0902-3dff-4f5f-9710-bde9b487f02a" testListId="8c84fa94-04c1-424b-9868-57a2d4851a1d" />
    <TestEntry testId="a76e2dc6-ff7b-3171-d211-7b82037560b6" executionId="b25765a0-7f5f-457b-ae0b-959f474cb5cd" testListId="8c84fa94-04c1-424b-9868-57a2d4851a1d" />
    <TestEntry testId="f0192dd4-c07e-15a2-f132-e2c87819221c" executionId="1d86f826-76e2-41ec-99e9-d4dcde8c465b" testListId="8c84fa94-04c1-424b-9868-57a2d4851a1d" />
    <TestEntry testId="66a04374-2e65-19d2-5d8a-f98f17197487" executionId="965d69c1-92c9-489c-9198-1aa663c7803e" testListId="8c84fa94-04c1-424b-9868-57a2d4851a1d" />
    <TestEntry testId="5bb69163-8c75-e295-34ab-b5c8205de7b3" executionId="28541af9-b510-4da0-bcc5-b73c084f42bc" testListId="8c84fa94-04c1-424b-9868-57a2d4851a1d" />
    <TestEntry testId="5d3cca52-f621-0181-6589-18ea5da58e7b" executionId="058c4c2f-229e-476e-a323-8a8e5a8d424e" testListId="8c84fa94-04c1-424b-9868-57a2d4851a1d" />
    <TestEntry testId="6a7cb602-bcd8-3c34-2ccf-a231cac327f3" executionId="d5e860cb-9344-4426-a8bb-074f433e6e8d" testListId="8c84fa94-04c1-424b-9868-57a2d4851a1d" />
    <TestEntry testId="a03feeed-1bbf-cf6a-a8a9-3a2d71ce8049" executionId="e5d49168-9652-4f03-8708-d97f8e7b67b4" testListId="8c84fa94-04c1-424b-9868-57a2d4851a1d" />
    <TestEntry testId="f85b1ab5-7acd-437f-9ef7-b3157e4451bc" executionId="a4070637-4056-42fb-963e-f3ecef2c2fe0" testListId="8c84fa94-04c1-424b-9868-57a2d4851a1d" />
    <TestEntry testId="9bb0e229-48e7-341c-ee58-a20a471abd3a" executionId="55c0cbf9-16a9-45c1-bc8e-88cf6be82363" testListId="8c84fa94-04c1-424b-9868-57a2d4851a1d" />
    <TestEntry testId="ba9feb86-5058-c27a-8cc6-ab7e67bf95f9" executionId="f238c3db-3060-498e-9ce1-f2cebee88da0" testListId="8c84fa94-04c1-424b-9868-57a2d4851a1d" />
    <TestEntry testId="a00b19c4-5cad-b60e-0009-ec4096ffeb28" executionId="97625730-be76-4a9b-822f-c347bfc77048" testListId="8c84fa94-04c1-424b-9868-57a2d4851a1d" />
    <TestEntry testId="b2f65640-e1e7-8728-bb17-6625b8d8266f" executionId="c9d695c4-6dc9-4c95-aba8-fcac89863e0c" testListId="8c84fa94-04c1-424b-9868-57a2d4851a1d" />
    <TestEntry testId="0bca286d-dd69-5c57-8d8c-a51a534f96aa" executionId="3b6026b8-1827-431a-b971-7eb25dca707a" testListId="8c84fa94-04c1-424b-9868-57a2d4851a1d" />
    <TestEntry testId="a6f9bf28-954c-a169-d2e3-1df1e535b29e" executionId="43ea05a6-a4ce-4f0e-8d17-0ede56840068" testListId="8c84fa94-04c1-424b-9868-57a2d4851a1d" />
    <TestEntry testId="fffc1273-ce43-418f-8c06-38c9e3f1c833" executionId="8d568d45-30de-418a-ae08-e816b2790888" testListId="8c84fa94-04c1-424b-9868-57a2d4851a1d" />
    <TestEntry testId="a9129bc8-a37f-1926-b7d2-382b9df7e228" executionId="0a2d2b55-a6c0-4b77-abef-3ffa69dfa98d" testListId="8c84fa94-04c1-424b-9868-57a2d4851a1d" />
    <TestEntry testId="153bb311-a7ab-905b-0fa3-53f7fcf4e20e" executionId="ebaf4571-3144-4841-b3cc-70c624ae2afc" testListId="8c84fa94-04c1-424b-9868-57a2d4851a1d" />
    <TestEntry testId="ba4c54d1-5f25-c421-7a85-b398e7f8d74a" executionId="4bf957be-8157-4716-a9f6-b996a6f00f7f" testListId="8c84fa94-04c1-424b-9868-57a2d4851a1d" />
    <TestEntry testId="48fc638a-cb7d-f4dd-6988-d0f7494f227e" executionId="898fe9b2-055b-4fcd-b07c-132a2167d471" testListId="8c84fa94-04c1-424b-9868-57a2d4851a1d" />
    <TestEntry testId="2424394d-3dc8-929b-c4f6-779908e3129b" executionId="2d85b22b-f25f-47cc-958d-f9060c49174c" testListId="8c84fa94-04c1-424b-9868-57a2d4851a1d" />
    <TestEntry testId="52e64020-04e8-41f8-927f-e3992d18234b" executionId="3609d369-0c23-4f59-a624-111fc63a63b7" testListId="8c84fa94-04c1-424b-9868-57a2d4851a1d" />
    <TestEntry testId="e2ee6963-65a5-363e-7d56-a973ec371926" executionId="928f8d32-468d-434d-98f5-ad2a72e21ca7" testListId="8c84fa94-04c1-424b-9868-57a2d4851a1d" />
    <TestEntry testId="7bd86bb5-b4f3-456c-9451-1ba8747ecdfb" executionId="d78c9269-3b97-4b54-9e56-2bd23cd4f68b" testListId="8c84fa94-04c1-424b-9868-57a2d4851a1d" />
    <TestEntry testId="25ce9d2e-07f3-f533-4f18-3d0cd17d5891" executionId="b3897795-458d-4e13-83f3-30e77b43493e" testListId="8c84fa94-04c1-424b-9868-57a2d4851a1d" />
    <TestEntry testId="b56fc5e0-ca7d-23ae-8b09-7929cd0345db" executionId="b3d40b01-4e62-49fc-94bd-399dcb2aed99" testListId="8c84fa94-04c1-424b-9868-57a2d4851a1d" />
    <TestEntry testId="239f97ad-944d-968b-1719-9af125fd5862" executionId="c7345005-6710-4b8e-b406-8741be549b50" testListId="8c84fa94-04c1-424b-9868-57a2d4851a1d" />
    <TestEntry testId="b729c544-ff94-b88c-81d9-2769a166e5be" executionId="37bbf752-b250-41c7-aaac-21b86e7eb796" testListId="8c84fa94-04c1-424b-9868-57a2d4851a1d" />
    <TestEntry testId="d9eb3447-b3c7-2036-87ac-4205b4ee0399" executionId="2e954afd-60dc-470c-b429-d4759f28b931" testListId="8c84fa94-04c1-424b-9868-57a2d4851a1d" />
    <TestEntry testId="ec4e63e2-3209-426c-3f87-d44e6c590fc1" executionId="69595d42-47bd-45a6-9f65-b5806bf02bc7" testListId="8c84fa94-04c1-424b-9868-57a2d4851a1d" />
    <TestEntry testId="dc08e628-1818-fd36-8e97-cefc3b20677b" executionId="75169921-22fa-473a-8072-25021ce4925d" testListId="8c84fa94-04c1-424b-9868-57a2d4851a1d" />
    <TestEntry testId="199bfd37-c469-c817-7cca-cebcf665e72c" executionId="8df00ebb-e8fa-4f68-ad61-71086e6fccb4" testListId="8c84fa94-04c1-424b-9868-57a2d4851a1d" />
    <TestEntry testId="30df2146-14a7-8ce2-c6a0-f56527a03154" executionId="3691510b-d5d8-4282-8aa5-e334fa977056" testListId="8c84fa94-04c1-424b-9868-57a2d4851a1d" />
    <TestEntry testId="de00552c-cce9-bf97-be32-2abc19974927" executionId="ba91dea4-8091-40a7-bfc0-0339c4ff8c96" testListId="8c84fa94-04c1-424b-9868-57a2d4851a1d" />
    <TestEntry testId="e2742b16-20b9-c148-0a15-b011a5020615" executionId="b5741d4d-f8fd-400d-a3cd-34455a9c857c" testListId="8c84fa94-04c1-424b-9868-57a2d4851a1d" />
    <TestEntry testId="ca2a562d-641e-8e00-fa18-6369fac1395a" executionId="a909b9f5-67c8-4127-a7db-ebc632ee01ed" testListId="8c84fa94-04c1-424b-9868-57a2d4851a1d" />
    <TestEntry testId="ca40eb2c-e0a0-78e8-6ed2-5e6440c04fde" executionId="b101ebc4-50e1-4dd9-aaa6-7dab307b9fa6" testListId="8c84fa94-04c1-424b-9868-57a2d4851a1d" />
    <TestEntry testId="bd269d79-8d19-44db-f16d-abd4c7a4d073" executionId="b02fe9bf-4e7b-4615-9154-b916dd1b2aa5" testListId="8c84fa94-04c1-424b-9868-57a2d4851a1d" />
    <TestEntry testId="73e328c0-4710-e606-9be8-5deb082f424b" executionId="7c21c833-facd-4a3e-9c04-d871789aac31" testListId="8c84fa94-04c1-424b-9868-57a2d4851a1d" />
    <TestEntry testId="2be6a9ee-7631-7b93-694c-0c9d581761da" executionId="18ed6899-7034-48cb-bc0c-284db827efc3" testListId="8c84fa94-04c1-424b-9868-57a2d4851a1d" />
    <TestEntry testId="f6819eae-b90a-2385-66dc-666a348500ab" executionId="03e91a49-91a3-43f7-9186-d3a8031f5dcb" testListId="8c84fa94-04c1-424b-9868-57a2d4851a1d" />
    <TestEntry testId="885b3cd8-4bf4-c09f-f0c5-4232a1fd8140" executionId="27342b62-38b4-4158-8b79-4fb9e6d89f2e" testListId="8c84fa94-04c1-424b-9868-57a2d4851a1d" />
    <TestEntry testId="3d09ee46-d296-1cac-c2f9-a726964f20c0" executionId="1c86dbe3-7778-4b6f-b26c-a5fa13c17402" testListId="8c84fa94-04c1-424b-9868-57a2d4851a1d" />
    <TestEntry testId="cfcb2bbb-ebc1-fd20-fbb7-664d5ef066e3" executionId="adc1d64a-c4f8-4c44-a97e-55dc65861921" testListId="8c84fa94-04c1-424b-9868-57a2d4851a1d" />
    <TestEntry testId="5cb95ba8-2ed5-0457-cda8-ddf8ed781451" executionId="0b6b5d5e-520f-461b-b025-674c57134dd5" testListId="8c84fa94-04c1-424b-9868-57a2d4851a1d" />
    <TestEntry testId="c8961c6a-00ce-7a22-15c3-44f07a639f36" executionId="9da8e41b-f126-4299-addc-662dbb15de73" testListId="8c84fa94-04c1-424b-9868-57a2d4851a1d" />
    <TestEntry testId="8a33daa2-6473-674a-d338-66f15cfd845b" executionId="c54206bb-5434-4dcd-8cab-5d5a80e2e854" testListId="8c84fa94-04c1-424b-9868-57a2d4851a1d" />
    <TestEntry testId="ee13aa96-0440-147e-1f8e-74e5f001e7b6" executionId="957cdefc-7f7f-4840-ad16-d33bd147ef54" testListId="8c84fa94-04c1-424b-9868-57a2d4851a1d" />
    <TestEntry testId="3a5cb963-f3b6-06f8-49ee-bc5358ebcbe8" executionId="89a4406c-2d34-4748-a340-47bde113b83e" testListId="8c84fa94-04c1-424b-9868-57a2d4851a1d" />
    <TestEntry testId="8daa1b42-c536-0259-930d-8df6d9225251" executionId="3a3f8307-ae95-4252-a151-f76f26957f78" testListId="8c84fa94-04c1-424b-9868-57a2d4851a1d" />
    <TestEntry testId="bf36e020-7ed3-92fa-2bf5-c3f310b7a5c0" executionId="013ab3c4-caf5-4352-8d28-64a41a25243a" testListId="8c84fa94-04c1-424b-9868-57a2d4851a1d" />
    <TestEntry testId="03e3b455-6ea4-6a87-66b3-e22c2830555a" executionId="58157b4a-37a0-4e5a-9d28-79fe37bc4204" testListId="8c84fa94-04c1-424b-9868-57a2d4851a1d" />
    <TestEntry testId="c7c1c2fa-07c7-0f3b-19b5-5eef26b00099" executionId="4a9c60d1-54c7-4b34-a83b-8e517665d976" testListId="8c84fa94-04c1-424b-9868-57a2d4851a1d" />
    <TestEntry testId="b853bca4-a79e-4f54-a4b4-35f801cc2d5a" executionId="9857f35f-8deb-47aa-8aa9-a6110182c64f" testListId="8c84fa94-04c1-424b-9868-57a2d4851a1d" />
    <TestEntry testId="3021f3ce-39a9-063c-5890-28208b88f4b4" executionId="60675c31-e6fd-4302-a958-ef82437ddcaa" testListId="8c84fa94-04c1-424b-9868-57a2d4851a1d" />
    <TestEntry testId="aa86ab0f-83a2-76c1-c948-071136a36b4c" executionId="85949a50-da8a-4b32-8df1-48f7ae0d143a" testListId="8c84fa94-04c1-424b-9868-57a2d4851a1d" />
    <TestEntry testId="6659ef55-df01-6033-873e-1d49a2e3e8df" executionId="1e9efa66-b237-4faf-ba58-5a4f96fbe933" testListId="8c84fa94-04c1-424b-9868-57a2d4851a1d" />
    <TestEntry testId="862c0172-86db-d049-84e9-0bedb2d2bc07" executionId="9631adb7-4ee9-46b3-8da3-878987892dbc" testListId="8c84fa94-04c1-424b-9868-57a2d4851a1d" />
    <TestEntry testId="6d5770e0-f986-7f23-55f0-2f4cb6f37932" executionId="15e02854-a8ca-4bbf-adbe-a2625b409526" testListId="8c84fa94-04c1-424b-9868-57a2d4851a1d" />
    <TestEntry testId="3ca1982b-2ea7-5d94-db54-ade5cd0ce4d1" executionId="557bad7b-5b8e-4651-bfeb-d2cf1a92dbd8" testListId="8c84fa94-04c1-424b-9868-57a2d4851a1d" />
    <TestEntry testId="6e4612c4-3145-1588-b9f4-048fc08fdb7d" executionId="a265a045-ad45-40db-8fbd-77fe9b4f7fef" testListId="8c84fa94-04c1-424b-9868-57a2d4851a1d" />
    <TestEntry testId="758d0353-42af-8682-0395-6f91b285364d" executionId="25675957-98a0-409c-8338-22c9c8317d8c" testListId="8c84fa94-04c1-424b-9868-57a2d4851a1d" />
    <TestEntry testId="9d68ca30-4c58-7743-728e-6fe99570fd2e" executionId="93d4f628-73d5-4b15-8ede-9ee14ae75e2c" testListId="8c84fa94-04c1-424b-9868-57a2d4851a1d" />
    <TestEntry testId="fa339202-5b42-e67b-f97a-d6db06b2d3f0" executionId="e3bafaeb-9f98-4359-bc1b-56c38f363883" testListId="8c84fa94-04c1-424b-9868-57a2d4851a1d" />
    <TestEntry testId="acfb8bc4-d35c-001a-368e-6db458396c27" executionId="b81e3012-2c8c-44d1-8abd-99b47b53dba3" testListId="8c84fa94-04c1-424b-9868-57a2d4851a1d" />
    <TestEntry testId="c9ff0112-047d-3721-6fca-037dbe133a6e" executionId="18bee45b-1ec9-4be6-83a5-7fbe643cc4b6" testListId="8c84fa94-04c1-424b-9868-57a2d4851a1d" />
    <TestEntry testId="7de57e20-c921-b425-66cd-8a389b670b01" executionId="f2d46f17-9e65-4cfa-927f-872e6b18576b" testListId="8c84fa94-04c1-424b-9868-57a2d4851a1d" />
    <TestEntry testId="9eeb3fb8-351d-99ec-72a2-514b9bbcc9ea" executionId="fea8a14f-c9ef-4a2c-bce3-c020538f169e" testListId="8c84fa94-04c1-424b-9868-57a2d4851a1d" />
    <TestEntry testId="b3abf8cb-be05-8444-7744-f2c6d82511e2" executionId="d9dc88f1-8da4-46f6-a09f-95002f8cb47e" testListId="8c84fa94-04c1-424b-9868-57a2d4851a1d" />
    <TestEntry testId="ab3cae72-2ddf-ddc9-36d0-becb615bd702" executionId="4619524e-2c07-4101-893f-e3399b9d0665" testListId="8c84fa94-04c1-424b-9868-57a2d4851a1d" />
    <TestEntry testId="33996ad1-87de-26bf-b419-0a1ec0333bb4" executionId="4de034db-8bbd-4598-afaf-8a5d14b66d94" testListId="8c84fa94-04c1-424b-9868-57a2d4851a1d" />
    <TestEntry testId="709944ad-38f2-d49a-6dce-a5531cda1d37" executionId="32392d58-b868-4025-b88e-0fd8456c71a7" testListId="8c84fa94-04c1-424b-9868-57a2d4851a1d" />
    <TestEntry testId="64bbd06a-f128-7831-8994-8de215c9a12a" executionId="9ed1e35d-f473-4ee3-a9d5-4d3aa3c86102" testListId="8c84fa94-04c1-424b-9868-57a2d4851a1d" />
    <TestEntry testId="ef8dde0f-8cc7-b5bf-229c-416b59b00ca5" executionId="1386a534-cdda-4020-b2b5-350c742d886a" testListId="8c84fa94-04c1-424b-9868-57a2d4851a1d" />
    <TestEntry testId="74f3dc3e-f6eb-9692-58dc-def99f3951c7" executionId="465e1c5e-17f8-4211-97ed-8e95cd323d3e" testListId="8c84fa94-04c1-424b-9868-57a2d4851a1d" />
    <TestEntry testId="60210042-0b26-379a-0c8f-fc467a31fbf3" executionId="0dd70da9-93d2-404e-abd6-3d2c5cd53830" testListId="8c84fa94-04c1-424b-9868-57a2d4851a1d" />
    <TestEntry testId="19f97e95-056a-35ca-4658-302b22e30358" executionId="7f3b56b4-6bbb-44bb-9eb7-a4f14cddd76d" testListId="8c84fa94-04c1-424b-9868-57a2d4851a1d" />
    <TestEntry testId="9cdfec4c-e27e-9bd2-316e-e8b57afc6304" executionId="8205316e-6aa7-4b11-92db-c8bbaf85ef33" testListId="8c84fa94-04c1-424b-9868-57a2d4851a1d" />
    <TestEntry testId="0200c27a-805d-d307-9530-462a9d6d0eeb" executionId="19da5d09-8699-4fea-b8ab-9797f439fc8b" testListId="8c84fa94-04c1-424b-9868-57a2d4851a1d" />
    <TestEntry testId="ff4dc26d-11fa-60e5-abe6-ccf02d137214" executionId="18faf0eb-fbf9-47d7-914d-54145c5721e3" testListId="8c84fa94-04c1-424b-9868-57a2d4851a1d" />
    <TestEntry testId="6172f02a-913a-1545-4284-9e6a65047ffb" executionId="0a651971-83f6-4640-b8ab-dad85bf61d58" testListId="8c84fa94-04c1-424b-9868-57a2d4851a1d" />
    <TestEntry testId="ad27e105-de14-8527-b59a-f7c2adb7eeaf" executionId="71e5542c-9e68-4c9d-9761-536f819150f4" testListId="8c84fa94-04c1-424b-9868-57a2d4851a1d" />
    <TestEntry testId="96470e3a-44b2-f7ef-4c24-c92303ca0636" executionId="7e1927f4-4480-4e40-a5f9-f90cbabf4965" testListId="8c84fa94-04c1-424b-9868-57a2d4851a1d" />
    <TestEntry testId="024a2dec-1dd7-470d-fb1d-18125e661d42" executionId="59a578d6-7718-4ba7-a2a4-31a8abb6e33d" testListId="8c84fa94-04c1-424b-9868-57a2d4851a1d" />
    <TestEntry testId="525e8c69-505e-49e8-6928-10b9d0650e38" executionId="4d81371f-e853-49c1-9098-78dfb21b4d03" testListId="8c84fa94-04c1-424b-9868-57a2d4851a1d" />
    <TestEntry testId="6d906e57-720b-055b-9fb4-621cc72c2f6e" executionId="3cff5c25-9f36-4b63-8ca3-62c2a45a3144" testListId="8c84fa94-04c1-424b-9868-57a2d4851a1d" />
    <TestEntry testId="a211a97a-d25d-ebb4-1503-0b4189d0cff0" executionId="34ab8e26-e7e1-481a-a6d1-bffc8903479a" testListId="8c84fa94-04c1-424b-9868-57a2d4851a1d" />
    <TestEntry testId="d2cda2a3-f6b2-77c1-c33f-4505bd31bf6f" executionId="47e7c72b-e51f-4e92-9869-f30b9029a139" testListId="8c84fa94-04c1-424b-9868-57a2d4851a1d" />
    <TestEntry testId="0a16f143-4e6b-d096-b579-37174a4e4dd1" executionId="23213f70-1496-4159-ad3a-217b8a5664e3" testListId="8c84fa94-04c1-424b-9868-57a2d4851a1d" />
    <TestEntry testId="e187a4f8-2a0c-b2fa-65de-ffb89c00cd52" executionId="dd4d616e-eb5e-4e70-b250-7ef97845f9de" testListId="8c84fa94-04c1-424b-9868-57a2d4851a1d" />
    <TestEntry testId="8189793c-3d2c-2ced-546e-72d22af14373" executionId="65b750bf-da33-40ca-9f3b-e00842c5bff8" testListId="8c84fa94-04c1-424b-9868-57a2d4851a1d" />
    <TestEntry testId="434456dd-83b8-b9ef-a9e7-a51b85b3e467" executionId="ea977155-f923-45d1-9d1a-a14800702a8d" testListId="8c84fa94-04c1-424b-9868-57a2d4851a1d" />
    <TestEntry testId="11e78819-fe5c-ec19-1720-48ee202cc5c0" executionId="7622efbc-6e00-43f8-aa73-9f6973f2cdfa" testListId="8c84fa94-04c1-424b-9868-57a2d4851a1d" />
    <TestEntry testId="bad3960a-f0bc-6413-1aed-72f207099ded" executionId="7069fd1b-0226-463a-ac0e-3497ae0b0765" testListId="8c84fa94-04c1-424b-9868-57a2d4851a1d" />
    <TestEntry testId="61a27669-aede-ff1b-28bc-1b1d2d61e91a" executionId="962c1f11-6690-41b1-92ca-d4e61717b8d4" testListId="8c84fa94-04c1-424b-9868-57a2d4851a1d" />
    <TestEntry testId="b1eb2d95-e380-1f2c-cbad-d734829ebaa6" executionId="83496a09-aa34-40db-8ad4-960ef84bf439" testListId="8c84fa94-04c1-424b-9868-57a2d4851a1d" />
    <TestEntry testId="845e5fbe-92b7-e46f-a315-3d08b137ca3c" executionId="250d6597-adc3-4f9c-a9af-fe294e7b45be" testListId="8c84fa94-04c1-424b-9868-57a2d4851a1d" />
    <TestEntry testId="4c1d0938-3401-b57b-6c6c-32b736f641d4" executionId="b041ecd1-8435-431d-b137-de7f4c2255d5" testListId="8c84fa94-04c1-424b-9868-57a2d4851a1d" />
    <TestEntry testId="402c8357-a508-a28e-f400-8cfa63df3da3" executionId="45c5a00a-e406-4184-a40f-f5b653a73037" testListId="8c84fa94-04c1-424b-9868-57a2d4851a1d" />
    <TestEntry testId="ece6411b-94b9-4bfb-061f-a3a9c5698468" executionId="3aca77d2-ae28-4069-a3a2-8f092e29d445" testListId="8c84fa94-04c1-424b-9868-57a2d4851a1d" />
    <TestEntry testId="d80ebf43-6acb-a308-6cff-a125c5f66c12" executionId="d6b7c3e6-6b40-441f-bde0-ab389c5b6e19" testListId="8c84fa94-04c1-424b-9868-57a2d4851a1d" />
    <TestEntry testId="65a8332d-4352-8dbc-8434-d77dc0a1f9da" executionId="573683e7-5236-4b12-a429-5b3d28f871e0" testListId="8c84fa94-04c1-424b-9868-57a2d4851a1d" />
    <TestEntry testId="14b24c83-afb1-1fe1-ea5d-17b496ea31a4" executionId="f1b4eba8-a875-483f-a632-5623009dbd89" testListId="8c84fa94-04c1-424b-9868-57a2d4851a1d" />
    <TestEntry testId="e3262ca2-b92e-9142-2017-e6fceeb13397" executionId="8747ee31-2474-4cef-be3e-8e62c696f6ea" testListId="8c84fa94-04c1-424b-9868-57a2d4851a1d" />
    <TestEntry testId="d7b00472-0a8a-5b5d-fde7-8844bced6ccf" executionId="a3be7058-445e-44b8-b2e4-a579899d8deb" testListId="8c84fa94-04c1-424b-9868-57a2d4851a1d" />
    <TestEntry testId="7604a55a-e5b6-44c6-1689-a2eeb42596ff" executionId="e5d341ff-c1e9-43a2-8a67-5e5a64dfe812" testListId="8c84fa94-04c1-424b-9868-57a2d4851a1d" />
    <TestEntry testId="fb6f9dd8-5e05-63fd-042e-9b13a815a54e" executionId="2221ed77-6a10-482d-b7a5-dc3a75eef9ba" testListId="8c84fa94-04c1-424b-9868-57a2d4851a1d" />
    <TestEntry testId="4880dc0a-6935-afb4-9835-91322ae59472" executionId="22ea5d80-8848-414d-98b4-b85c0fda8783" testListId="8c84fa94-04c1-424b-9868-57a2d4851a1d" />
    <TestEntry testId="46a4af85-2565-af66-9c4c-361ffcee9620" executionId="e3534b83-6e55-4db2-bfe8-5632cb7a8e4c" testListId="8c84fa94-04c1-424b-9868-57a2d4851a1d" />
    <TestEntry testId="8def1c76-4750-471b-e1ce-7655d670ef5f" executionId="a641f8ea-70a3-403c-889f-e6ff5ff83de0" testListId="8c84fa94-04c1-424b-9868-57a2d4851a1d" />
    <TestEntry testId="ae3b7ea3-5adc-531c-4b40-daea74d6b041" executionId="4b38eef3-ae26-4a9d-b141-d05703622d38" testListId="8c84fa94-04c1-424b-9868-57a2d4851a1d" />
    <TestEntry testId="31121f38-47e5-338b-c330-5f8a9fb87bdf" executionId="d366a9eb-1944-4f42-a36a-7144ef579723" testListId="8c84fa94-04c1-424b-9868-57a2d4851a1d" />
    <TestEntry testId="36f49d40-731c-4878-92ee-cc3991d48dcd" executionId="ef7ad6ad-e4c3-49bc-8932-6ce6b5a02a3c" testListId="8c84fa94-04c1-424b-9868-57a2d4851a1d" />
    <TestEntry testId="99543fcc-f796-6f95-3612-f5fd1fdfb5f7" executionId="d0c75294-9af4-42ae-b1cf-fd28805a0037" testListId="8c84fa94-04c1-424b-9868-57a2d4851a1d" />
    <TestEntry testId="6f6d8299-aebe-4419-b1c6-5d039f069125" executionId="caccb123-f903-46b2-87c1-1e838ae62b05" testListId="8c84fa94-04c1-424b-9868-57a2d4851a1d" />
    <TestEntry testId="a6d96280-b9e6-2010-bfdf-776efe0eaf5c" executionId="8f984adb-bc61-4b73-b3c9-94a54d4624bc" testListId="8c84fa94-04c1-424b-9868-57a2d4851a1d" />
    <TestEntry testId="da90b5b7-436f-4d9a-21a8-393e3267f2dd" executionId="72359a53-7eb6-4729-b9d3-953182176945" testListId="8c84fa94-04c1-424b-9868-57a2d4851a1d" />
    <TestEntry testId="d8e0dc59-890c-1772-2405-bbda13b7b2e5" executionId="5e1ce80c-4c5e-4d3d-a578-96b7ecfd9361" testListId="8c84fa94-04c1-424b-9868-57a2d4851a1d" />
    <TestEntry testId="d93362b3-8c38-1941-c800-0783eedde6f7" executionId="fb4ce709-11d8-4aae-aaef-bf715215d546" testListId="8c84fa94-04c1-424b-9868-57a2d4851a1d" />
    <TestEntry testId="6e5746df-a7d7-6d61-bc75-42a7a684ac36" executionId="29bf203e-ea50-416d-9fdc-ec0781d47658" testListId="8c84fa94-04c1-424b-9868-57a2d4851a1d" />
    <TestEntry testId="2f6d1302-17e2-6a1b-218f-11f673266c76" executionId="ca5575d4-7102-47e8-b35b-ffbe8baeb2de" testListId="8c84fa94-04c1-424b-9868-57a2d4851a1d" />
    <TestEntry testId="6a8b8b1f-8fe2-95b2-8383-ea8749de5b7d" executionId="a8157b57-7247-4651-a7c1-59b6d707d7a2" testListId="8c84fa94-04c1-424b-9868-57a2d4851a1d" />
    <TestEntry testId="21990b8b-1291-e060-3e80-5b7f3edc09e2" executionId="a48ee92f-b215-481a-9e11-8d2001067d68" testListId="8c84fa94-04c1-424b-9868-57a2d4851a1d" />
    <TestEntry testId="33e5b36f-9681-2521-0d54-c62aebce6bce" executionId="717f6918-60bc-4e49-bf89-0b25eaf19a7e" testListId="8c84fa94-04c1-424b-9868-57a2d4851a1d" />
    <TestEntry testId="64f18a27-c96f-411e-32ee-ee222b9e690a" executionId="a8771d22-67f3-42ec-b3b8-67332ea5e945" testListId="8c84fa94-04c1-424b-9868-57a2d4851a1d" />
    <TestEntry testId="6b9ac42a-dd9e-2635-2a10-cde6123b9e84" executionId="66adbb8b-0de4-4eae-813e-f5b2bdf8bfda" testListId="8c84fa94-04c1-424b-9868-57a2d4851a1d" />
    <TestEntry testId="28c920d3-d830-b6bf-033e-73fe208d66d5" executionId="10da9c39-d0ae-4480-9e11-bf7f4f1a84b1" testListId="8c84fa94-04c1-424b-9868-57a2d4851a1d" />
    <TestEntry testId="538d15af-d60d-120f-62fb-8e6efc0bc2dc" executionId="dd469dc2-fe2e-4526-8065-503ca237f5b3" testListId="8c84fa94-04c1-424b-9868-57a2d4851a1d" />
    <TestEntry testId="b2881d3b-eee1-9890-c856-d64e53b3cb2a" executionId="b9728c3b-241e-429c-a7d2-b8f3402ef170" testListId="8c84fa94-04c1-424b-9868-57a2d4851a1d" />
    <TestEntry testId="327b61fc-9460-6e80-0bab-087f3285986c" executionId="3d0d8db3-35b7-49e1-ad49-1de546e3f39d" testListId="8c84fa94-04c1-424b-9868-57a2d4851a1d" />
    <TestEntry testId="9186e825-8e3d-f413-3e31-cf412d7a879d" executionId="c5cd448b-38a1-4e24-908b-443957c7933a" testListId="8c84fa94-04c1-424b-9868-57a2d4851a1d" />
    <TestEntry testId="c00ddb48-ce5a-3261-6ffe-29ad17eb5019" executionId="d9841dcb-22e2-4c6f-8e37-7755c22b9cb3" testListId="8c84fa94-04c1-424b-9868-57a2d4851a1d" />
    <TestEntry testId="be8abf47-2092-779c-6ec7-090c9691bc5e" executionId="94b90fa7-d8fe-41d1-af21-03058c7ef91c" testListId="8c84fa94-04c1-424b-9868-57a2d4851a1d" />
    <TestEntry testId="ecd41b4b-be5f-ac5a-522b-5bb4188712e6" executionId="e9e958e1-2b64-4473-9e71-951b64e7faca" testListId="8c84fa94-04c1-424b-9868-57a2d4851a1d" />
    <TestEntry testId="e36b2e0a-f623-eba1-545b-39729ad80b2e" executionId="f29bd63b-be2e-4cf2-8555-3d36061d245c" testListId="8c84fa94-04c1-424b-9868-57a2d4851a1d" />
    <TestEntry testId="f9baa831-faa8-ccad-2531-d59c2b1e5b17" executionId="9c05ec4e-c126-4fc1-a1aa-ed9e106455f1" testListId="8c84fa94-04c1-424b-9868-57a2d4851a1d" />
    <TestEntry testId="800bfdb8-0f47-9c76-16ae-22d1c02e0f34" executionId="47d72522-931b-4c7a-a197-e092abaa80a7" testListId="8c84fa94-04c1-424b-9868-57a2d4851a1d" />
    <TestEntry testId="1d0f1860-0023-b37e-c27f-76f745de67fa" executionId="4b2c6fa6-bbf3-4215-8e9d-dadedb1c7b00" testListId="8c84fa94-04c1-424b-9868-57a2d4851a1d" />
    <TestEntry testId="5d01de28-e6ae-6c22-5c91-d0c7d12338e3" executionId="e6d53737-f27e-49f8-b3e3-cc407ad08f41" testListId="8c84fa94-04c1-424b-9868-57a2d4851a1d" />
    <TestEntry testId="418d2f3a-c805-fa26-9c23-ebfcc450c9ea" executionId="e7cf4d2b-5670-4013-8b44-10aa5ababcf9" testListId="8c84fa94-04c1-424b-9868-57a2d4851a1d" />
    <TestEntry testId="7013a8cd-cd7b-db72-4c24-b5d43140d3c5" executionId="ab5d0310-d160-4e9d-9ca1-0ca192f96d37" testListId="8c84fa94-04c1-424b-9868-57a2d4851a1d" />
    <TestEntry testId="f375cdd1-65d9-6f41-0c5c-46c11d15a575" executionId="e21b664d-5c57-413e-a4d0-16abefa754cc" testListId="8c84fa94-04c1-424b-9868-57a2d4851a1d" />
    <TestEntry testId="5c673eb5-12cc-90ae-c56e-c7eb9d3c0590" executionId="4696b608-2677-46f2-b4e5-f194907527fd" testListId="8c84fa94-04c1-424b-9868-57a2d4851a1d" />
    <TestEntry testId="895bd75e-0f55-5310-9068-abfb4fc8e832" executionId="4d4513ba-6667-4765-afaa-065b0f6c49f4" testListId="8c84fa94-04c1-424b-9868-57a2d4851a1d" />
    <TestEntry testId="1f93c613-41f4-5e3c-69bd-1cc3daef0753" executionId="869df4ae-3a0e-4285-b160-07c621de63e7" testListId="8c84fa94-04c1-424b-9868-57a2d4851a1d" />
    <TestEntry testId="3d5a24db-0f68-99b2-64d0-ba5e0166d828" executionId="87d6d18f-6373-4f02-b9eb-6c4dd6f093cd" testListId="8c84fa94-04c1-424b-9868-57a2d4851a1d" />
  </TestEntries>
  <TestLists>
    <TestList name="Results Not in a List" id="8c84fa94-04c1-424b-9868-57a2d4851a1d" />
    <TestList name="All Loaded Results" id="19431567-8539-422a-85d7-44ee4e166bda" />
  </TestLists>
  <ResultSummary outcome="Completed">
    <Counters total="1102" executed="1102" passed="1102" failed="0" error="0" timeout="0" aborted="0" inconclusive="0" passedButRunAborted="0" notRunnable="0" notExecuted="0" disconnected="0" warning="0" completed="0" inProgress="0" pending="0" />
  </ResultSummary>
</TestRun>