<?xml version="1.0" encoding="utf-8"?>
<TestRun id="6999773a-e501-44f1-a591-9d58370f853a" name="DKSR-EFI-06$@DKSR-EFI-06 2024-01-09 15:44:57" runUser="NT AUTHORITY\NETWORK SERVICE" xmlns="http://microsoft.com/schemas/VisualStudio/TeamTest/2010">
  <Times creation="2024-01-09T15:44:57.5449953+01:00" queuing="2024-01-09T15:44:57.5449953+01:00" start="2024-01-09T15:44:54.0762364+01:00" finish="2024-01-09T15:45:07.0762579+01:00" />
  <TestSettings name="default" id="85b99745-9ede-402c-a87f-a70e872e88ef">
    <Deployment runDeploymentRoot="DKSR-EFI-06$_DKSR-EFI-06_2024-01-09_15_44_57" />
  </TestSettings>
  <Results>
    <UnitTestResult executionId="89889109-c07f-4980-81be-98193abf7238" testId="957805b7-bca4-1646-7333-7cc81433e31f" testName="GivenAClientEndpointAndADependentClientRegistrarExists_When_RegisterClients_Then_TheClientRegistrarsRegistersMethodIsCalled" computerName="DKSR-EFI-06" duration="00:00:00.0328116" startTime="2024-01-09T15:44:57.9824965+01:00" endTime="2024-01-09T15:44:58.0137472+01:00" testType="13cdc9d9-ddb5-4fa4-a97d-d965ccfc6d4b" outcome="Passed" testListId="8c84fa94-04c1-424b-9868-57a2d4851a1d" relativeResultsDirectory="89889109-c07f-4980-81be-98193abf7238" />
    <UnitTestResult executionId="f8cb5055-8d4c-42b9-92b7-53350c7af3a3" testId="55af93f2-2872-cf49-de40-364f89044cf3" testName="Given_DataModel_When_AddingAServerEndpointConfigurationWihtNoCertificateRegistrarThatIsReferencingNoCertificateGroup_Then_TheEndpointIsAddedSinceTheCertificateGroupIsOnlyUsedForCertificateRegistrars" computerName="DKSR-EFI-06" duration="00:00:00.0017329" startTime="2024-01-09T15:44:58.6700008+01:00" endTime="2024-01-09T15:44:58.6700008+01:00" testType="13cdc9d9-ddb5-4fa4-a97d-d965ccfc6d4b" outcome="Passed" testListId="8c84fa94-04c1-424b-9868-57a2d4851a1d" relativeResultsDirectory="f8cb5055-8d4c-42b9-92b7-53350c7af3a3" />
    <UnitTestResult executionId="03edfca5-483b-4df8-95d5-72f3fc2c6032" testId="59f5b942-7d03-9634-0e77-18b159db6a5b" testName="Given_ACertificateGroupThatIsNotLocked_When_ChangingEncryptionState_Then_EncryptionStateIsChanged" computerName="DKSR-EFI-06" duration="00:00:00.0298843" startTime="2024-01-09T15:45:06.4200039+01:00" endTime="2024-01-09T15:45:06.4512522+01:00" testType="13cdc9d9-ddb5-4fa4-a97d-d965ccfc6d4b" outcome="Passed" testListId="8c84fa94-04c1-424b-9868-57a2d4851a1d" relativeResultsDirectory="03edfca5-483b-4df8-95d5-72f3fc2c6032" />
    <UnitTestResult executionId="756fc555-4903-4b85-8921-c8e47fcbea77" testId="e7371a22-2f23-0863-02da-f4bfe38c59ee" testName="GivenNothing_When_RegisterAndPostRegisterFails_then_AllMethodsAreCalledAndReturnCodeIsCorrect" computerName="DKSR-EFI-06" duration="00:00:00.2563933" startTime="2024-01-09T15:45:03.1231220+01:00" endTime="2024-01-09T15:45:03.3731222+01:00" testType="13cdc9d9-ddb5-4fa4-a97d-d965ccfc6d4b" outcome="Passed" testListId="8c84fa94-04c1-424b-9868-57a2d4851a1d" relativeResultsDirectory="756fc555-4903-4b85-8921-c8e47fcbea77" />
    <UnitTestResult executionId="094f3f34-8016-4708-b86d-917911d6ce28" testId="d48d92a7-fc4b-c503-7391-9351eaad7300" testName="Given_ClientEndpoinDependendsOnSercureServerGroupAndMsIsUnsecure_When_VerifyConsistency_then_ItReturnsClientServerInconsistency" computerName="DKSR-EFI-06" duration="00:00:00.1253487" startTime="2024-01-09T15:45:06.8731279+01:00" endTime="2024-01-09T15:45:06.9981300+01:00" testType="13cdc9d9-ddb5-4fa4-a97d-d965ccfc6d4b" outcome="Passed" testListId="8c84fa94-04c1-424b-9868-57a2d4851a1d" relativeResultsDirectory="094f3f34-8016-4708-b86d-917911d6ce28" />
    <UnitTestResult executionId="5ae8422f-0774-445d-9f3d-a3a12896a684" testId="f1fb895f-3126-14fd-6dd6-969d9fa60062" testName="Given_ClientEndpoinDependendsOnunsecureServerGroupAndMsIsSecure_When_VerifyConsistency_then_ItReturnsClientServerInconsistency" computerName="DKSR-EFI-06" duration="00:00:00.0022117" startTime="2024-01-09T15:45:06.9981300+01:00" endTime="2024-01-09T15:45:06.9981300+01:00" testType="13cdc9d9-ddb5-4fa4-a97d-d965ccfc6d4b" outcome="Passed" testListId="8c84fa94-04c1-424b-9868-57a2d4851a1d" relativeResultsDirectory="5ae8422f-0774-445d-9f3d-a3a12896a684" />
    <UnitTestResult executionId="cbdd69c5-5ec3-46cd-952d-78726958b43d" testId="26ceb847-5f0f-0568-fea6-0691339e0efd" testName="GivenNothing_When_RegisterAndPreRegisterFails_then_AllMethodsExceptRegisterClientandAreCalledAndReturnCodeIsCorrect" computerName="DKSR-EFI-06" duration="00:00:00.3200382" startTime="2024-01-09T15:45:02.5293684+01:00" endTime="2024-01-09T15:45:02.8574954+01:00" testType="13cdc9d9-ddb5-4fa4-a97d-d965ccfc6d4b" outcome="Passed" testListId="8c84fa94-04c1-424b-9868-57a2d4851a1d" relativeResultsDirectory="cbdd69c5-5ec3-46cd-952d-78726958b43d" />
    <UnitTestResult executionId="3a2df6a6-6e6a-47bf-a880-0ecd9fa32144" testId="2055ab92-a825-c72c-2878-f7699b965959" testName="GivenNothing_When_ApplyAndRegisterFails_then_AllMethodsAreCalledAndReturnCodeIsCorrect" computerName="DKSR-EFI-06" duration="00:00:00.5267500" startTime="2024-01-09T15:45:00.9512563+01:00" endTime="2024-01-09T15:45:01.4824925+01:00" testType="13cdc9d9-ddb5-4fa4-a97d-d965ccfc6d4b" outcome="Passed" testListId="8c84fa94-04c1-424b-9868-57a2d4851a1d" relativeResultsDirectory="3a2df6a6-6e6a-47bf-a880-0ecd9fa32144" />
    <UnitTestResult executionId="2a86e22f-5e43-44a8-9c57-2306865c4606" testId="adcb3ac5-950d-3136-ef86-069705662354" testName="GivenADataModelIsCreatedWithEncryptionDisabledAndBothSecureAndUnsecureRegistrationServersDefined_When_CallingSetClientRegistrationServerTheRegistrationUriIsChangedForBothSecureAndNonSecure" computerName="DKSR-EFI-06" duration="00:00:00.0034079" startTime="2024-01-09T15:44:57.5762476+01:00" endTime="2024-01-09T15:44:57.5762476+01:00" testType="13cdc9d9-ddb5-4fa4-a97d-d965ccfc6d4b" outcome="Passed" testListId="8c84fa94-04c1-424b-9868-57a2d4851a1d" relativeResultsDirectory="2a86e22f-5e43-44a8-9c57-2306865c4606" />
    <UnitTestResult executionId="04da8771-a40d-4585-b97e-5852f1cf478a" testId="44f31db6-d9ed-ca53-47fd-e318aaddf094" testName="Given_DataModel_When_AddingACertificateGroupThatIsNull_Then_AnExceptionIsThrownAndErrorIsLogged" computerName="DKSR-EFI-06" duration="00:00:00.0027628" startTime="2024-01-09T15:44:58.7950001+01:00" endTime="2024-01-09T15:44:58.7950001+01:00" testType="13cdc9d9-ddb5-4fa4-a97d-d965ccfc6d4b" outcome="Passed" testListId="8c84fa94-04c1-424b-9868-57a2d4851a1d" relativeResultsDirectory="04da8771-a40d-4585-b97e-5852f1cf478a" />
    <UnitTestResult executionId="6bd329bb-e935-42f9-9983-cea955555758" testId="76f9d5f0-2c14-eac9-8564-2b3ca1b2db59" testName="Given_ManagementServerIsSecureAndDoesNotResponsOnSecureAddress_When_CallingIsSecureUsingSecureAddress_Then_ItRetriesOnUnsecureAdddressAndReturnsFalse" computerName="DKSR-EFI-06" duration="00:00:00.0068427" startTime="2024-01-09T15:45:05.9512517+01:00" endTime="2024-01-09T15:45:05.9512517+01:00" testType="13cdc9d9-ddb5-4fa4-a97d-d965ccfc6d4b" outcome="Passed" testListId="8c84fa94-04c1-424b-9868-57a2d4851a1d" relativeResultsDirectory="6bd329bb-e935-42f9-9983-cea955555758" />
    <UnitTestResult executionId="a1bedc20-e4bc-4db4-bcde-ccd2d9ca068b" testId="a3c74042-7d07-597b-bf2b-a9b3a0db33aa" testName="Given_DataModel_When_AddingACertificateGroup_Then_TheCertificateProviderIsCalledToProvideAvailableCetitifcates" computerName="DKSR-EFI-06" duration="00:00:00.1825320" startTime="2024-01-09T15:44:58.0918734+01:00" endTime="2024-01-09T15:44:58.2793726+01:00" testType="13cdc9d9-ddb5-4fa4-a97d-d965ccfc6d4b" outcome="Passed" testListId="8c84fa94-04c1-424b-9868-57a2d4851a1d" relativeResultsDirectory="a1bedc20-e4bc-4db4-bcde-ccd2d9ca068b" />
    <UnitTestResult executionId="80c6a0fa-e4a6-477d-9063-c7ddb8c7d99f" testId="21c1b89b-a962-d425-7fb0-244d5adccfb8" testName="Given_DataModel_When_AddingAServerEndpointConfigurationWithACertificateRegistrarThatIsReferencingACertificateGroupNotPresentInTheModel_Then_AnExceptionIsThrownAndErrorIsLogged" computerName="DKSR-EFI-06" duration="00:00:00.0025665" startTime="2024-01-09T15:44:58.9356259+01:00" endTime="2024-01-09T15:44:58.9356259+01:00" testType="13cdc9d9-ddb5-4fa4-a97d-d965ccfc6d4b" outcome="Passed" testListId="8c84fa94-04c1-424b-9868-57a2d4851a1d" relativeResultsDirectory="80c6a0fa-e4a6-477d-9063-c7ddb8c7d99f" />
    <UnitTestResult executionId="098d88d8-4ab1-40bf-9066-32a6fabea0a9" testId="f648643e-749d-6471-b4d9-689434b7e720" testName="Given_DataModelWithACertificateGroup_When_SettingCertificateOnAnExistingGroup_The_AnEventIsFiredAndTheCertificateGroupContainsTheNewCertificateInTheQueryModel" computerName="DKSR-EFI-06" duration="00:00:00.0860896" startTime="2024-01-09T15:44:58.2950005+01:00" endTime="2024-01-09T15:44:58.3731673+01:00" testType="13cdc9d9-ddb5-4fa4-a97d-d965ccfc6d4b" outcome="Passed" testListId="8c84fa94-04c1-424b-9868-57a2d4851a1d" relativeResultsDirectory="098d88d8-4ab1-40bf-9066-32a6fabea0a9" />
    <UnitTestResult executionId="aefc49fa-45ad-4843-89df-558450c5e154" testId="6afe2a72-7146-37ec-ca8d-a738f7fc579d" testName="Given_DataModelWithOneServer_When_AddingTheSameServerEndpointWithADifferentCertificateGroup_Then_TheTwoEndpointInstancesMerged" computerName="DKSR-EFI-06" duration="00:00:00.0042454" startTime="2024-01-09T15:44:58.5918748+01:00" endTime="2024-01-09T15:44:58.5918748+01:00" testType="13cdc9d9-ddb5-4fa4-a97d-d965ccfc6d4b" outcome="Passed" testListId="8c84fa94-04c1-424b-9868-57a2d4851a1d" relativeResultsDirectory="aefc49fa-45ad-4843-89df-558450c5e154" />
    <UnitTestResult executionId="516216f8-8c67-46cb-bfbb-d94a127a9af2" testId="ff410f9f-95cb-0e15-d0a7-5c68404ebfa3" testName="Given_ClientEndpoinDependendsOnunsecureServerGroupAndMsStateIsUndefined_When_VerifyConsistency_then_ItReturnsSuccess" computerName="DKSR-EFI-06" duration="00:00:00.0017307" startTime="2024-01-09T15:45:06.9981300+01:00" endTime="2024-01-09T15:45:06.9981300+01:00" testType="13cdc9d9-ddb5-4fa4-a97d-d965ccfc6d4b" outcome="Passed" testListId="8c84fa94-04c1-424b-9868-57a2d4851a1d" relativeResultsDirectory="516216f8-8c67-46cb-bfbb-d94a127a9af2" />
    <UnitTestResult executionId="4c7554b4-cc31-41f1-a9c7-4539cd03ff6f" testId="28c6dfcd-0713-3bd2-df4a-1d9932d5e715" testName="Given_NoClientEndpointAndMsIsSecure_When_VerifyConsistency_then_ItReturnsSuccess" computerName="DKSR-EFI-06" duration="00:00:00.0017330" startTime="2024-01-09T15:45:06.9981300+01:00" endTime="2024-01-09T15:45:06.9981300+01:00" testType="13cdc9d9-ddb5-4fa4-a97d-d965ccfc6d4b" outcome="Passed" testListId="8c84fa94-04c1-424b-9868-57a2d4851a1d" relativeResultsDirectory="4c7554b4-cc31-41f1-a9c7-4539cd03ff6f" />
    <UnitTestResult executionId="6c18b60f-c769-401c-901b-e4321d234f89" testId="35080009-402e-5b09-e331-6cbcfc344a45" testName="GivenADataModelIsCreatedWithAServerGroupWithSErverEndpointsThatUsesEncryptionAndAClientEndpointThatDependsOnThisGroup_When_SettingAClienRegistrationServerUri_Then_TheModelContainsTheUri" computerName="DKSR-EFI-06" duration="00:00:00.0169658" startTime="2024-01-09T15:44:57.1387442+01:00" endTime="2024-01-09T15:44:57.1543710+01:00" testType="13cdc9d9-ddb5-4fa4-a97d-d965ccfc6d4b" outcome="Passed" testListId="8c84fa94-04c1-424b-9868-57a2d4851a1d" relativeResultsDirectory="6c18b60f-c769-401c-901b-e4321d234f89" />
    <UnitTestResult executionId="41c0094a-991e-46a9-b33d-3f046f0e39ea" testId="f624bd96-0d6d-f801-e1fc-86416f77e28b" testName="Given_DataModelWithCertificateGroup_When_AddingAClientEndpointConfiguration_Then_AnEventIsFiredAndItIsContainedInTheReadModel" computerName="DKSR-EFI-06" duration="00:00:00.0016974" startTime="2024-01-09T15:44:58.6700008+01:00" endTime="2024-01-09T15:44:58.6856239+01:00" testType="13cdc9d9-ddb5-4fa4-a97d-d965ccfc6d4b" outcome="Passed" testListId="8c84fa94-04c1-424b-9868-57a2d4851a1d" relativeResultsDirectory="41c0094a-991e-46a9-b33d-3f046f0e39ea" />
    <UnitTestResult executionId="33d2d772-14a1-407c-8cb3-ef0e2ee6a5c6" testId="663bc814-8625-1fb5-cd26-f222adcf66a2" testName="Given_GroupNotExistsWithOneServer_WhenReInstallingServerOnTheGroup_Then_TheGroupIsUnlocked" computerName="DKSR-EFI-06" duration="00:00:00.0014809" startTime="2024-01-09T15:45:06.4043781+01:00" endTime="2024-01-09T15:45:06.4043781+01:00" testType="13cdc9d9-ddb5-4fa4-a97d-d965ccfc6d4b" outcome="Passed" testListId="8c84fa94-04c1-424b-9868-57a2d4851a1d" relativeResultsDirectory="33d2d772-14a1-407c-8cb3-ef0e2ee6a5c6" />
    <UnitTestResult executionId="f72ca745-13d6-4f0f-8bb2-dddd84f87de7" testId="a43b0a02-2d93-91ed-1100-ab6313fdd679" testName="GivenADataModelIsCreatedWithASystemConfigurationRegistrarWithChangeHostNamePurpose_When_CallingRegisterClientAndServices_Then_TheConfigurationRegistrarIsExecuted" computerName="DKSR-EFI-06" duration="00:00:00.1072602" startTime="2024-01-09T15:45:06.5918781+01:00" endTime="2024-01-09T15:45:06.7012533+01:00" testType="13cdc9d9-ddb5-4fa4-a97d-d965ccfc6d4b" outcome="Passed" testListId="8c84fa94-04c1-424b-9868-57a2d4851a1d" relativeResultsDirectory="f72ca745-13d6-4f0f-8bb2-dddd84f87de7" />
    <UnitTestResult executionId="476f6c09-1112-4934-9a6e-c7ca62637b91" testId="06c83e0f-e76c-878b-59ff-90a852321478" testName="GivenNothing_When_ApplyFails_then_PostApplyIsCalledAndReturnCodeIsCorrect" computerName="DKSR-EFI-06" duration="00:00:00.4805843" startTime="2024-01-09T15:44:59.7012528+01:00" endTime="2024-01-09T15:45:00.1856317+01:00" testType="13cdc9d9-ddb5-4fa4-a97d-d965ccfc6d4b" outcome="Passed" testListId="8c84fa94-04c1-424b-9868-57a2d4851a1d" relativeResultsDirectory="476f6c09-1112-4934-9a6e-c7ca62637b91" />
    <UnitTestResult executionId="e8b88228-5927-4572-b01d-bced4210830f" testId="22d540f1-ba9c-290d-427c-c5da6709af64" testName="GivenADataModelIsCreatedWithAClientEndpointAndNoDependencyGroupAndPreferredSecureStateTrue_When_CallingRegisterClientAndServices_Then_TheServerAddressIsSetWithSecureAddress" computerName="DKSR-EFI-06" duration="00:00:00.0225627" startTime="2024-01-09T15:45:06.0450024+01:00" endTime="2024-01-09T15:45:06.0606278+01:00" testType="13cdc9d9-ddb5-4fa4-a97d-d965ccfc6d4b" outcome="Passed" testListId="8c84fa94-04c1-424b-9868-57a2d4851a1d" relativeResultsDirectory="e8b88228-5927-4572-b01d-bced4210830f" />
    <UnitTestResult executionId="6519d4a4-2dd2-45a2-a17f-38f5acfde05f" testId="c948a62f-1b15-343a-04ce-f60c57876319" testName="Given_DataModelWithOneClientEndpoint_When_AddingTheSameClientEndpointWithADifferentCertificateGroup_Then_TheOldClientEndpointIsReplacedBytheNewOneAndAWarningIsLogged" computerName="DKSR-EFI-06" duration="00:00:00.0047749" startTime="2024-01-09T15:44:58.6856239+01:00" endTime="2024-01-09T15:44:58.6856239+01:00" testType="13cdc9d9-ddb5-4fa4-a97d-d965ccfc6d4b" outcome="Passed" testListId="8c84fa94-04c1-424b-9868-57a2d4851a1d" relativeResultsDirectory="6519d4a4-2dd2-45a2-a17f-38f5acfde05f" />
    <UnitTestResult executionId="ed11d414-3ba2-4d92-8dc8-d884162fd479" testId="f6d53516-878d-8061-33c8-b9b8ff4ddaa9" testName="GivenTwoServerEndpointsInstalled_When_RegisterAndOneServiceRegistrationIsMissing_Then_AllMethodsAreCalledTwiceAndReturnCodeIsWarning" computerName="DKSR-EFI-06" duration="00:00:00.1667235" startTime="2024-01-09T15:45:03.7793730+01:00" endTime="2024-01-09T15:45:03.9512487+01:00" testType="13cdc9d9-ddb5-4fa4-a97d-d965ccfc6d4b" outcome="Passed" testListId="8c84fa94-04c1-424b-9868-57a2d4851a1d" relativeResultsDirectory="ed11d414-3ba2-4d92-8dc8-d884162fd479" />
    <UnitTestResult executionId="63720765-451e-4594-a347-d1eb9a68b43f" testId="71f3d891-bf4d-3a91-ec59-63c4c5f70ebd" testName="Given_AGroupAserverEndpointAndAClientEndpoint_When_InstalleingAserverEndpointAndAClientEndpointBelongingToSameGroup_Then_ApplyIsCalledOnlyOnNewServerEndpointRegisterIsCalledOnlyOnClientEndpointEndPointsAreAddedToInstalledCollection" computerName="DKSR-EFI-06" duration="00:00:00.2080672" startTime="2024-01-09T15:45:04.8262514+01:00" endTime="2024-01-09T15:45:05.0449998+01:00" testType="13cdc9d9-ddb5-4fa4-a97d-d965ccfc6d4b" outcome="Passed" testListId="8c84fa94-04c1-424b-9868-57a2d4851a1d" relativeResultsDirectory="63720765-451e-4594-a347-d1eb9a68b43f" />
    <UnitTestResult executionId="794b36c9-6b1f-4e38-879e-68438e055831" testId="849ea455-cd31-b2d8-a180-245d545b8516" testName="GivenADataModelIsCreatedWithEncryptionDisabledAndBothSecureAndUnsecureRegistrationServersDefined_When_CallingSetManagementServer_WithPathInUri_ExpectAnException" computerName="DKSR-EFI-06" duration="00:00:00.0072261" startTime="2024-01-09T15:44:57.5762476+01:00" endTime="2024-01-09T15:44:57.5762476+01:00" testType="13cdc9d9-ddb5-4fa4-a97d-d965ccfc6d4b" outcome="Passed" testListId="8c84fa94-04c1-424b-9868-57a2d4851a1d" relativeResultsDirectory="794b36c9-6b1f-4e38-879e-68438e055831" />
    <UnitTestResult executionId="dc05521d-5a20-4133-9989-a30062ad336d" testId="3539a475-904f-8e7f-6da9-abcc0fe06cea" testName="Given_GroupNotExistsWithTwoServers_WhenReInstallingOneServerInTheTheGroup_Then_TheGroupIsLocked" computerName="DKSR-EFI-06" duration="00:00:00.0014805" startTime="2024-01-09T15:45:06.4200039+01:00" endTime="2024-01-09T15:45:06.4200039+01:00" testType="13cdc9d9-ddb5-4fa4-a97d-d965ccfc6d4b" outcome="Passed" testListId="8c84fa94-04c1-424b-9868-57a2d4851a1d" relativeResultsDirectory="dc05521d-5a20-4133-9989-a30062ad336d" />
    <UnitTestResult executionId="572ac38c-d34b-439c-8231-c8ae0ee7ba70" testId="48833fdc-c743-474f-127d-820cf51d26f4" testName="Given_DataModel_When_RemovingACertificateGroupThatDoesNotExist_Then_AnExceptionIsThrownAndErrorIsLogged" computerName="DKSR-EFI-06" duration="00:00:00.0025701" startTime="2024-01-09T15:44:58.7950001+01:00" endTime="2024-01-09T15:44:58.7950001+01:00" testType="13cdc9d9-ddb5-4fa4-a97d-d965ccfc6d4b" outcome="Passed" testListId="8c84fa94-04c1-424b-9868-57a2d4851a1d" relativeResultsDirectory="572ac38c-d34b-439c-8231-c8ae0ee7ba70" />
    <UnitTestResult executionId="cd5c139f-f4f9-47a7-a3dc-5928af7f130b" testId="ea8b4689-624d-1ba0-c275-ea893252147e" testName="Given_ACertificateGroupThatLocked_When_SettingEncryptionStateToSameValue_Then_NothingHappens" computerName="DKSR-EFI-06" duration="00:00:00.0325103" startTime="2024-01-09T15:45:06.4512522+01:00" endTime="2024-01-09T15:45:06.4825040+01:00" testType="13cdc9d9-ddb5-4fa4-a97d-d965ccfc6d4b" outcome="Passed" testListId="8c84fa94-04c1-424b-9868-57a2d4851a1d" relativeResultsDirectory="cd5c139f-f4f9-47a7-a3dc-5928af7f130b" />
    <UnitTestResult executionId="7f10d4bc-5732-4992-8abc-2ad62bd87e83" testId="4fe6b2f3-7594-2d86-941d-d24a54aa2819" testName="GivenADataModelIsCreatedWithAnUnsecureServerEndpointThatHasARegisterServiceImplementation_When_CallingRegisterClientAndServices_Then_TheServiceEndpointIsRegistered" computerName="DKSR-EFI-06" duration="00:00:00.0248746" startTime="2024-01-09T15:45:06.1231285+01:00" endTime="2024-01-09T15:45:06.1543824+01:00" testType="13cdc9d9-ddb5-4fa4-a97d-d965ccfc6d4b" outcome="Passed" testListId="8c84fa94-04c1-424b-9868-57a2d4851a1d" relativeResultsDirectory="7f10d4bc-5732-4992-8abc-2ad62bd87e83" />
    <UnitTestResult executionId="1b4b2a88-30ad-4f99-8352-1c25a949ec5c" testId="d0f05c06-51d1-5c4c-3deb-49493684a84a" testName="GivenADataModelIsCreatedWithAServerGroupWithoutServerEndpointsThatUsesEncryptionAndAClientEndpointThatDependsOnThisGroup_When_SettingAClienRegistrationServerUri_Then_TheModelContainsTheUri" computerName="DKSR-EFI-06" duration="00:00:00.0015676" startTime="2024-01-09T15:44:57.1543710+01:00" endTime="2024-01-09T15:44:57.1699946+01:00" testType="13cdc9d9-ddb5-4fa4-a97d-d965ccfc6d4b" outcome="Passed" testListId="8c84fa94-04c1-424b-9868-57a2d4851a1d" relativeResultsDirectory="1b4b2a88-30ad-4f99-8352-1c25a949ec5c" />
    <UnitTestResult executionId="be10c5a5-e30a-4bf4-a574-e8b00c13ec7b" testId="5ca1816a-94ae-2ba5-7ee0-3897faba7ecc" testName="Given_DatamodelWithACertificateGroup_When_SetGroupPresenterLocationIsCalledOnAnEndpoint_Then_ThePresenterImplementationLocationOfThisEndpointIsUpdated" computerName="DKSR-EFI-06" duration="00:00:00.0019529" startTime="2024-01-09T15:44:58.7950001+01:00" endTime="2024-01-09T15:44:58.7950001+01:00" testType="13cdc9d9-ddb5-4fa4-a97d-d965ccfc6d4b" outcome="Passed" testListId="8c84fa94-04c1-424b-9868-57a2d4851a1d" relativeResultsDirectory="be10c5a5-e30a-4bf4-a574-e8b00c13ec7b" />
    <UnitTestResult executionId="8474c511-35f1-4b16-a8de-9929584162c3" testId="b2a740f2-7828-444d-882f-4bde19e5802f" testName="GivenNothing_When_CleanupFails_then_ErrorsAreIgnored" computerName="DKSR-EFI-06" duration="00:00:00.4021564" startTime="2024-01-09T15:45:03.3731222+01:00" endTime="2024-01-09T15:45:03.7793730+01:00" testType="13cdc9d9-ddb5-4fa4-a97d-d965ccfc6d4b" outcome="Passed" testListId="8c84fa94-04c1-424b-9868-57a2d4851a1d" relativeResultsDirectory="8474c511-35f1-4b16-a8de-9929584162c3" />
    <UnitTestResult executionId="ab315028-cfef-4155-b378-e25e52c0e53d" testId="88111dec-de4a-d91d-2732-2e5c4abdc4fd" testName="Given_ACertificateGroupThatLocked_When_SettingUseEncryptionToADifferentValue_Then_AnExceptionIsThrown" computerName="DKSR-EFI-06" duration="00:00:00.0294102" startTime="2024-01-09T15:45:06.4825040+01:00" endTime="2024-01-09T15:45:06.5137561+01:00" testType="13cdc9d9-ddb5-4fa4-a97d-d965ccfc6d4b" outcome="Passed" testListId="8c84fa94-04c1-424b-9868-57a2d4851a1d" relativeResultsDirectory="ab315028-cfef-4155-b378-e25e52c0e53d" />
    <UnitTestResult executionId="bffe45ca-ac46-49db-8498-dfabccfcaf7f" testId="a1be1c9a-a9a7-9705-64c9-d172bee9b1fc" testName="Given_DataModel_When_AddingACertificateGroup_Then_AnEventIsFiredAndItIsContainedInTheReadModel" computerName="DKSR-EFI-06" duration="00:00:00.0106896" startTime="2024-01-09T15:44:58.0137472+01:00" endTime="2024-01-09T15:44:58.0918734+01:00" testType="13cdc9d9-ddb5-4fa4-a97d-d965ccfc6d4b" outcome="Passed" testListId="8c84fa94-04c1-424b-9868-57a2d4851a1d" relativeResultsDirectory="bffe45ca-ac46-49db-8498-dfabccfcaf7f" />
    <UnitTestResult executionId="adf7d94a-e93d-49dc-8d20-a2402880e1d2" testId="45038600-e7ac-f75d-dd39-796d1d10e649" testName="GivenNothing_When_RegisterAndRegisterFails_then_AllMethodsAreCalledAndReturnCodeIsCorrect" computerName="DKSR-EFI-06" duration="00:00:00.2652347" startTime="2024-01-09T15:45:02.8574954+01:00" endTime="2024-01-09T15:45:03.1231220+01:00" testType="13cdc9d9-ddb5-4fa4-a97d-d965ccfc6d4b" outcome="Passed" testListId="8c84fa94-04c1-424b-9868-57a2d4851a1d" relativeResultsDirectory="adf7d94a-e93d-49dc-8d20-a2402880e1d2" />
    <UnitTestResult executionId="c58cc9aa-0d18-4cff-89ca-3c21a84e44fa" testId="8fbaf461-050a-72a5-95f6-1ffbfb09133c" testName="Given_DataModelWithACertificateGroup_When_AddingTheSameCertificateGroup_Then_AnTheCertificateGroupsAreMerged" computerName="DKSR-EFI-06" duration="00:00:00.0026604" startTime="2024-01-09T15:44:58.7950001+01:00" endTime="2024-01-09T15:44:58.7950001+01:00" testType="13cdc9d9-ddb5-4fa4-a97d-d965ccfc6d4b" outcome="Passed" testListId="8c84fa94-04c1-424b-9868-57a2d4851a1d" relativeResultsDirectory="c58cc9aa-0d18-4cff-89ca-3c21a84e44fa" />
    <UnitTestResult executionId="487b5ccb-946d-48b6-ba24-a89df89a28eb" testId="82095210-5957-eae6-7d52-5ee38597568f" testName="Given_ManagementServerIsSecure_When_CallingIsSecure_Then_ItReturnsTrue" computerName="DKSR-EFI-06" duration="00:00:00.9034904" startTime="2024-01-09T15:45:05.0449998+01:00" endTime="2024-01-09T15:45:05.9512517+01:00" testType="13cdc9d9-ddb5-4fa4-a97d-d965ccfc6d4b" outcome="Passed" testListId="8c84fa94-04c1-424b-9868-57a2d4851a1d" relativeResultsDirectory="487b5ccb-946d-48b6-ba24-a89df89a28eb" />
    <UnitTestResult executionId="5658947a-5ed8-4178-b699-029de0ec489c" testId="f162eaa4-079a-7f45-265b-56b1fa521cda" testName="Given_DataModelWithOneServer_When_AddingTheSameServerWithTheSameCertificateGroup_Then_AWarningIsLogged" computerName="DKSR-EFI-06" duration="00:00:00.0031131" startTime="2024-01-09T15:44:58.9356259+01:00" endTime="2024-01-09T15:44:58.9356259+01:00" testType="13cdc9d9-ddb5-4fa4-a97d-d965ccfc6d4b" outcome="Passed" testListId="8c84fa94-04c1-424b-9868-57a2d4851a1d" relativeResultsDirectory="5658947a-5ed8-4178-b699-029de0ec489c" />
    <UnitTestResult executionId="174c358a-a1b9-4cef-871e-8ec1a0ef9a94" testId="2d9923e3-d0d3-ff31-b8b5-f5274342b07d" testName="Given_AGroupAserverEndpointAndAClientEndpoint_When_UpgradingAGroupAserverEndpointAndAClientEndpointWithSameEncryptionState_Then_ApplyIsCalledOnServerEndpointRegisterIsCalledOnClientEndpointEndPointsStillExistsInInstalledCollection" computerName="DKSR-EFI-06" duration="00:00:00.3302031" startTime="2024-01-09T15:45:04.3262516+01:00" endTime="2024-01-09T15:45:04.6543734+01:00" testType="13cdc9d9-ddb5-4fa4-a97d-d965ccfc6d4b" outcome="Passed" testListId="8c84fa94-04c1-424b-9868-57a2d4851a1d" relativeResultsDirectory="174c358a-a1b9-4cef-871e-8ec1a0ef9a94" />
    <UnitTestResult executionId="2c0c5753-abd4-414e-9eb1-6765de16862f" testId="b758daf8-9ecf-ef41-b76c-c6c975f64c9a" testName="GivenADataModelIsCreatedWithAServerEndpointThatHasASystemConfigurationImplementation_When_EndpointIsRemoved_Then_CleanupIsCalled" computerName="DKSR-EFI-06" duration="00:00:00.0549790" startTime="2024-01-09T15:45:06.7481278+01:00" endTime="2024-01-09T15:45:06.7950050+01:00" testType="13cdc9d9-ddb5-4fa4-a97d-d965ccfc6d4b" outcome="Passed" testListId="8c84fa94-04c1-424b-9868-57a2d4851a1d" relativeResultsDirectory="2c0c5753-abd4-414e-9eb1-6765de16862f" />
    <UnitTestResult executionId="d8c1566b-f9ff-4962-bda6-c718ac4347d9" testId="9e577602-fcd6-fa83-acf0-cbcad8faca8e" testName="Given_AHostNameIsPersisted_When_HostNameIsChangedAndServerConfiguratorIsLoadedWithPersistedHostName_Then_ThePersistedHostNameBecomesTheOldHostName" computerName="DKSR-EFI-06" duration="00:00:00.0025047" startTime="2024-01-09T15:45:06.5762713+01:00" endTime="2024-01-09T15:45:06.5762713+01:00" testType="13cdc9d9-ddb5-4fa4-a97d-d965ccfc6d4b" outcome="Passed" testListId="8c84fa94-04c1-424b-9868-57a2d4851a1d" relativeResultsDirectory="d8c1566b-f9ff-4962-bda6-c718ac4347d9" />
    <UnitTestResult executionId="d0f4be6e-a764-46ab-8846-9fe6a4f72b50" testId="377cde36-2b41-448c-a304-91c173240745" testName="GivenADataModelIsCreatedWithAServerEndpointThatHasARegisterServiceImplementationV1_When_CallingRegisterClientAndServices_Then_TheServiceEndpointIsRegisteredByMeansOfCompatibilityProvider" computerName="DKSR-EFI-06" duration="00:00:00.0169772" startTime="2024-01-09T15:45:06.1856313+01:00" endTime="2024-01-09T15:45:06.2012516+01:00" testType="13cdc9d9-ddb5-4fa4-a97d-d965ccfc6d4b" outcome="Passed" testListId="8c84fa94-04c1-424b-9868-57a2d4851a1d" relativeResultsDirectory="d0f4be6e-a764-46ab-8846-9fe6a4f72b50" />
    <UnitTestResult executionId="d0809be0-067a-40f7-a424-ba757dccbe34" testId="72ec1461-140b-4477-40e0-519f5af86c57" testName="GivenNothing_When_ApplyAndPostRegisterFailsAndPostApplyFails_then_TheErrorFromPostApplyIsReturned" computerName="DKSR-EFI-06" duration="00:00:00.3339690" startTime="2024-01-09T15:45:01.9668680+01:00" endTime="2024-01-09T15:45:02.2949931+01:00" testType="13cdc9d9-ddb5-4fa4-a97d-d965ccfc6d4b" outcome="Passed" testListId="8c84fa94-04c1-424b-9868-57a2d4851a1d" relativeResultsDirectory="d0809be0-067a-40f7-a424-ba757dccbe34" />
    <UnitTestResult executionId="c5b6ca5a-0e86-4a95-9407-380981022840" testId="26c50802-7b1a-8df0-d1f3-5fec3fe690e6" testName="Given_DataModelContainsAConfigurationElementThatIsManagementServer_When_Nothing_Then_TheIsmanagementServerLocalIsTrue" computerName="DKSR-EFI-06" duration="00:00:00.0030967" startTime="2024-01-09T15:44:58.6700008+01:00" endTime="2024-01-09T15:44:58.6700008+01:00" testType="13cdc9d9-ddb5-4fa4-a97d-d965ccfc6d4b" outcome="Passed" testListId="8c84fa94-04c1-424b-9868-57a2d4851a1d" relativeResultsDirectory="c5b6ca5a-0e86-4a95-9407-380981022840" />
    <UnitTestResult executionId="67ddbe23-3904-4f6b-9cb2-e12d65ffff7c" testId="abd45714-c563-8ebe-976d-8e1b7fb7d7e3" testName="Given_DataModelWithClientEndpointServer_When_RemovingClientEndpoint_Then_AnEventIsFiredCleanUpIsCalledAndItIsNoLongerInTheQueryModel" computerName="DKSR-EFI-06" duration="00:00:00.0360846" startTime="2024-01-09T15:44:58.6856239+01:00" endTime="2024-01-09T15:44:58.7168751+01:00" testType="13cdc9d9-ddb5-4fa4-a97d-d965ccfc6d4b" outcome="Passed" testListId="8c84fa94-04c1-424b-9868-57a2d4851a1d" relativeResultsDirectory="67ddbe23-3904-4f6b-9cb2-e12d65ffff7c" />
    <UnitTestResult executionId="ee93e0e2-6a9a-4522-8aec-328b3c7fc196" testId="4bbb67fc-8daf-eeb2-c681-2e8b7e20cdc5" testName="GivenADataModelIsCreatedWithAClientEndpointThatHasASetServerAddressImplementation_When_EndpointIsRemoved_Then_CleanupIsCalled" computerName="DKSR-EFI-06" duration="00:00:00.0349923" startTime="2024-01-09T15:45:06.0918793+01:00" endTime="2024-01-09T15:45:06.1231285+01:00" testType="13cdc9d9-ddb5-4fa4-a97d-d965ccfc6d4b" outcome="Passed" testListId="8c84fa94-04c1-424b-9868-57a2d4851a1d" relativeResultsDirectory="ee93e0e2-6a9a-4522-8aec-328b3c7fc196" />
    <UnitTestResult executionId="02ee8604-e997-407d-b10b-c82fa46c7072" testId="c23ec05f-67c7-861c-852d-10543d2c6f2a" testName="Given_GroupDoesNotExist_WhenInstallingAServerGroupAndAServer_Then_TheGroupIsUnlocked" computerName="DKSR-EFI-06" duration="00:00:00.0014695" startTime="2024-01-09T15:45:06.4043781+01:00" endTime="2024-01-09T15:45:06.4043781+01:00" testType="13cdc9d9-ddb5-4fa4-a97d-d965ccfc6d4b" outcome="Passed" testListId="8c84fa94-04c1-424b-9868-57a2d4851a1d" relativeResultsDirectory="02ee8604-e997-407d-b10b-c82fa46c7072" />
    <UnitTestResult executionId="0f532f49-2723-478f-b4e2-817ddc7897f8" testId="33dd2569-9dea-404d-74b9-25d7c92c7064" testName="GivenNothing_When_ApplyAndPostRegisterFails_then_AllMethodsAreCalledAndReturnCodeIsCorrect" computerName="DKSR-EFI-06" duration="00:00:00.4878422" startTime="2024-01-09T15:45:01.4824925+01:00" endTime="2024-01-09T15:45:01.9668680+01:00" testType="13cdc9d9-ddb5-4fa4-a97d-d965ccfc6d4b" outcome="Passed" testListId="8c84fa94-04c1-424b-9868-57a2d4851a1d" relativeResultsDirectory="0f532f49-2723-478f-b4e2-817ddc7897f8" />
    <UnitTestResult executionId="07179169-0440-4f9a-86f4-9a6350a204a7" testId="ccb729b5-a1da-b2b0-0979-17be6c7f93de" testName="Given_DataModel_When_AddingAClientEndpointIsNull_Then_AnExceptionIsThrownAndErrorIsLogged" computerName="DKSR-EFI-06" duration="00:00:00.0025099" startTime="2024-01-09T15:44:58.9356259+01:00" endTime="2024-01-09T15:44:58.9512506+01:00" testType="13cdc9d9-ddb5-4fa4-a97d-d965ccfc6d4b" outcome="Passed" testListId="8c84fa94-04c1-424b-9868-57a2d4851a1d" relativeResultsDirectory="07179169-0440-4f9a-86f4-9a6350a204a7" />
    <UnitTestResult executionId="b3752b85-0c12-4b80-8cea-5410c4d1636a" testId="66e2e26f-56cf-fb12-4503-032869724b53" testName="Given_ManagementServerIsLocal_When_IsManagementSecure_Then_ItReturnsNull" computerName="DKSR-EFI-06" duration="00:00:00.0011040" startTime="2024-01-09T15:44:58.7325008+01:00" endTime="2024-01-09T15:44:58.7325008+01:00" testType="13cdc9d9-ddb5-4fa4-a97d-d965ccfc6d4b" outcome="Passed" testListId="8c84fa94-04c1-424b-9868-57a2d4851a1d" relativeResultsDirectory="b3752b85-0c12-4b80-8cea-5410c4d1636a" />
    <UnitTestResult executionId="ec06ef19-8932-457a-9124-5045b11537e9" testId="3e20fa5a-e457-6eda-c262-d5930c7275bd" testName="GivenADataModelIsCreated_When_SettingAClienRegistrationServerDnsEndpoint_Then_TheModelContainsTheCorrespondingUnsecureClientRegistrationUri" computerName="DKSR-EFI-06" duration="00:00:00.0018188" startTime="2024-01-09T15:44:57.1387442+01:00" endTime="2024-01-09T15:44:57.1387442+01:00" testType="13cdc9d9-ddb5-4fa4-a97d-d965ccfc6d4b" outcome="Passed" testListId="8c84fa94-04c1-424b-9868-57a2d4851a1d" relativeResultsDirectory="ec06ef19-8932-457a-9124-5045b11537e9" />
    <UnitTestResult executionId="25ee2e84-3f7f-49f7-a1cc-dc51a52709d1" testId="5cbfd5bb-08ce-60b2-f4c9-622cbdc929e7" testName="Given_ManagementServerIsRemoteAndUnsecure_When_IsManagementSecure_Then_ItReturnsFalse" computerName="DKSR-EFI-06" duration="00:00:00.0025257" startTime="2024-01-09T15:44:58.7168751+01:00" endTime="2024-01-09T15:44:58.7325008+01:00" testType="13cdc9d9-ddb5-4fa4-a97d-d965ccfc6d4b" outcome="Passed" testListId="8c84fa94-04c1-424b-9868-57a2d4851a1d" relativeResultsDirectory="25ee2e84-3f7f-49f7-a1cc-dc51a52709d1" />
    <UnitTestResult executionId="92a24192-8932-40e6-bdca-e3d209aac643" testId="f88b6e85-b7ff-39ee-e8dd-57f36d8684f4" testName="GivenADataModelIsCreatedWithASystemConfigurationRegistrarWithAnUnknownPurpose_When_CallingRegisterClientAndServices_Then_TheConfigurationRegistrarIsNotExecuted" computerName="DKSR-EFI-06" duration="00:00:00.0416506" startTime="2024-01-09T15:45:06.7012533+01:00" endTime="2024-01-09T15:45:06.7481278+01:00" testType="13cdc9d9-ddb5-4fa4-a97d-d965ccfc6d4b" outcome="Passed" testListId="8c84fa94-04c1-424b-9868-57a2d4851a1d" relativeResultsDirectory="92a24192-8932-40e6-bdca-e3d209aac643" />
    <UnitTestResult executionId="58ff0f06-4a38-497f-b856-a66309f59349" testId="a4fb97e4-c040-441f-caee-fc619c8ab3cd" testName="GivenNothing_When_ApplyFailsAndPostApplyFails_then_TheErrorFromApplyMethodIsCorrect" computerName="DKSR-EFI-06" duration="00:00:00.2318289" startTime="2024-01-09T15:45:02.2949931+01:00" endTime="2024-01-09T15:45:02.5293684+01:00" testType="13cdc9d9-ddb5-4fa4-a97d-d965ccfc6d4b" outcome="Passed" testListId="8c84fa94-04c1-424b-9868-57a2d4851a1d" relativeResultsDirectory="58ff0f06-4a38-497f-b856-a66309f59349" />
    <UnitTestResult executionId="481dc521-3066-4e0e-b581-c84935b61176" testId="9f224ceb-e299-28cf-8110-68b905b94f2e" testName="GivenADataModelIsCreatedWithAndContainsAnClientRegistrationDnsEndpoint_When_SettingAClienRegistrationServerUri_Then_DnsEndpointIsIgnoredAndTheModelContainsTheNewUri" computerName="DKSR-EFI-06" duration="00:00:00.0012122" startTime="2024-01-09T15:44:57.1387442+01:00" endTime="2024-01-09T15:44:57.1387442+01:00" testType="13cdc9d9-ddb5-4fa4-a97d-d965ccfc6d4b" outcome="Passed" testListId="8c84fa94-04c1-424b-9868-57a2d4851a1d" relativeResultsDirectory="481dc521-3066-4e0e-b581-c84935b61176" />
    <UnitTestResult executionId="b247b035-f4d4-449e-b077-3b07d0752d95" testId="b2c83483-dd5b-ee56-9cec-ccf8e52769ea" testName="GivenADataModelIsCreatedWithASecureServerEndpointThatHasARegisterServiceImplementation_When_CallingRegisterClientAndServices_Then_TheServiceEndpointIsRegistered" computerName="DKSR-EFI-06" duration="00:00:00.0226107" startTime="2024-01-09T15:45:06.1543824+01:00" endTime="2024-01-09T15:45:06.1700038+01:00" testType="13cdc9d9-ddb5-4fa4-a97d-d965ccfc6d4b" outcome="Passed" testListId="8c84fa94-04c1-424b-9868-57a2d4851a1d" relativeResultsDirectory="b247b035-f4d4-449e-b077-3b07d0752d95" />
    <UnitTestResult executionId="0bc05664-7fe5-42db-b12c-2e7f6ce1efde" testId="8f121f66-0be3-35f8-8ac8-27bd57738171" testName="Given_DataModelWithServersAndACertificateGroup_When_RemovingACertificateGroupReferredByAServer_Then_AnExceptionIsThrownAndErrorIsLogged" computerName="DKSR-EFI-06" duration="00:00:00.0046364" startTime="2024-01-09T15:44:58.7950001+01:00" endTime="2024-01-09T15:44:58.8106253+01:00" testType="13cdc9d9-ddb5-4fa4-a97d-d965ccfc6d4b" outcome="Passed" testListId="8c84fa94-04c1-424b-9868-57a2d4851a1d" relativeResultsDirectory="0bc05664-7fe5-42db-b12c-2e7f6ce1efde" />
    <UnitTestResult executionId="1dee1d6e-17d4-418c-b66d-ff19a7f19eec" testId="adba7ef7-32b8-2676-c16a-97c3bacce91e" testName="Given_ManagementServerIsRemoteAndSecure_When_IsManagementSecure_Then_ItReturnsTrue" computerName="DKSR-EFI-06" duration="00:00:00.0017917" startTime="2024-01-09T15:44:58.7325008+01:00" endTime="2024-01-09T15:44:58.7325008+01:00" testType="13cdc9d9-ddb5-4fa4-a97d-d965ccfc6d4b" outcome="Passed" testListId="8c84fa94-04c1-424b-9868-57a2d4851a1d" relativeResultsDirectory="1dee1d6e-17d4-418c-b66d-ff19a7f19eec" />
    <UnitTestResult executionId="353bb011-0666-4203-ac55-77ebf030512a" testId="4376ce42-ae16-1b80-8263-bb020569e56e" testName="Given_DataModel_When_SettingCertificateOnAGroupThatDoesNotExist_Then_AnExceptionIsThrownAndErrorIsLogged" computerName="DKSR-EFI-06" duration="00:00:00.0455484" startTime="2024-01-09T15:44:58.8106253+01:00" endTime="2024-01-09T15:44:58.8575004+01:00" testType="13cdc9d9-ddb5-4fa4-a97d-d965ccfc6d4b" outcome="Passed" testListId="8c84fa94-04c1-424b-9868-57a2d4851a1d" relativeResultsDirectory="353bb011-0666-4203-ac55-77ebf030512a" />
    <UnitTestResult executionId="8d7117e8-f274-4e32-94bd-67b724d009e1" testId="a28387c2-bec3-4f9e-686c-adced300ecf7" testName="Given_DataModelWithOneClientEndpoint_When_AddingTheSameEndpoint_Then_TheOldEndpointIsReplacedByTheNewOne" computerName="DKSR-EFI-06" duration="00:00:00.0025078" startTime="2024-01-09T15:44:58.9512506+01:00" endTime="2024-01-09T15:44:58.9512506+01:00" testType="13cdc9d9-ddb5-4fa4-a97d-d965ccfc6d4b" outcome="Passed" testListId="8c84fa94-04c1-424b-9868-57a2d4851a1d" relativeResultsDirectory="8d7117e8-f274-4e32-94bd-67b724d009e1" />
    <UnitTestResult executionId="364e5fef-a22c-4e91-8218-de8febe2f521" testId="618a7bd6-1577-2c2f-9584-470a0f68b1a1" testName="Given_DataModel_When_ClientRegisterServerIsSet_Then_TheServerCanBeReadInTheQueryModel" computerName="DKSR-EFI-06" duration="00:00:00.0017714" startTime="2024-01-09T15:44:58.7168751+01:00" endTime="2024-01-09T15:44:58.7168751+01:00" testType="13cdc9d9-ddb5-4fa4-a97d-d965ccfc6d4b" outcome="Passed" testListId="8c84fa94-04c1-424b-9868-57a2d4851a1d" relativeResultsDirectory="364e5fef-a22c-4e91-8218-de8febe2f521" />
    <UnitTestResult executionId="3cd48f55-531c-43b3-b170-aea7208551d8" testId="860c5fe7-5323-0247-e36b-6590f6022452" testName="GivenADataModelIsCreatedWithMultipleServerEndpoints_When_RegisterClientAndServices_Then_ServiceEndpointConfigurationsDependOnCertificateGroupEncryptions" computerName="DKSR-EFI-06" duration="00:00:00.0243568" startTime="2024-01-09T15:45:06.3887513+01:00" endTime="2024-01-09T15:45:06.4043781+01:00" testType="13cdc9d9-ddb5-4fa4-a97d-d965ccfc6d4b" outcome="Passed" testListId="8c84fa94-04c1-424b-9868-57a2d4851a1d" relativeResultsDirectory="3cd48f55-531c-43b3-b170-aea7208551d8" />
    <UnitTestResult executionId="c79599ce-caaf-49c0-ab9d-6067d16f9e45" testId="18434258-de1a-5134-1ddb-2e51b0c9c438" testName="Given_InvalidCertificateOnSecureAddress_When_CallingIsSecure_Then_ItRetriesOnUnsecureAdddressAndReturnsFalse" computerName="DKSR-EFI-06" duration="00:00:00.0129745" startTime="2024-01-09T15:45:05.9668782+01:00" endTime="2024-01-09T15:45:05.9825024+01:00" testType="13cdc9d9-ddb5-4fa4-a97d-d965ccfc6d4b" outcome="Passed" testListId="8c84fa94-04c1-424b-9868-57a2d4851a1d" relativeResultsDirectory="c79599ce-caaf-49c0-ab9d-6067d16f9e45" />
    <UnitTestResult executionId="2e6a14b6-8243-4387-99e4-1692832220eb" testId="beb7cb3f-3177-6351-c9b0-45069abaadcd" testName="Given_NoCerverfonfiguratorConfiguration_When_UpgradingAGroupAserverEndpointAndAClientEndpointWithSameEncryptionState_Then_ApplyIsCalledOnServerEndpointRegisterIsCalledOnClientEndpointEndPointsToBeInstalledAreAddedToInstalledCollection" computerName="DKSR-EFI-06" duration="00:00:00.1780071" startTime="2024-01-09T15:45:04.6543734+01:00" endTime="2024-01-09T15:45:04.8262514+01:00" testType="13cdc9d9-ddb5-4fa4-a97d-d965ccfc6d4b" outcome="Passed" testListId="8c84fa94-04c1-424b-9868-57a2d4851a1d" relativeResultsDirectory="2e6a14b6-8243-4387-99e4-1692832220eb" />
    <UnitTestResult executionId="5fd6096d-ede4-4d44-a4c3-4538feb1fc23" testId="6405b8be-f3d4-9380-1107-b67e50eaeae0" testName="GivenACertificateAndADependentClientRegistrarExists_When_CallingApplyAndEncryptionStateChanges_Then_TheCertificateRegistrarsApplyMethofIsCalledAndTheClientRegistrarsRegistersMethodIsCalled" computerName="DKSR-EFI-06" duration="00:00:00.1589887" startTime="2024-01-09T15:44:57.8262487+01:00" endTime="2024-01-09T15:44:57.9824965+01:00" testType="13cdc9d9-ddb5-4fa4-a97d-d965ccfc6d4b" outcome="Passed" testListId="8c84fa94-04c1-424b-9868-57a2d4851a1d" relativeResultsDirectory="5fd6096d-ede4-4d44-a4c3-4538feb1fc23" />
    <UnitTestResult executionId="d30d9d33-6505-40ba-9022-d892e77cfb72" testId="de3f67ab-1cce-ba4c-9afe-39fe1041a22c" testName="Given_DataModel_When_AddingAClientEndpointDependingOnACertificateGroupNotPresentInTheModel_Then_AnExceptionIsThrownAndErrorIsLogged" computerName="DKSR-EFI-06" duration="00:00:00.0025267" startTime="2024-01-09T15:44:58.9512506+01:00" endTime="2024-01-09T15:44:58.9512506+01:00" testType="13cdc9d9-ddb5-4fa4-a97d-d965ccfc6d4b" outcome="Passed" testListId="8c84fa94-04c1-424b-9868-57a2d4851a1d" relativeResultsDirectory="d30d9d33-6505-40ba-9022-d892e77cfb72" />
    <UnitTestResult executionId="bc17ff9c-2944-4fc5-aed3-360c05f3c998" testId="d2071feb-67cd-0102-5a34-6f93a883cb3f" testName="Given_DataModel_When_RemovingAClientEndpointThatDoesNotExist_Then_AnExceptionIsThrownAndErrorIsLogged" computerName="DKSR-EFI-06" duration="00:00:00.0022009" startTime="2024-01-09T15:44:58.9512506+01:00" endTime="2024-01-09T15:44:58.9512506+01:00" testType="13cdc9d9-ddb5-4fa4-a97d-d965ccfc6d4b" outcome="Passed" testListId="8c84fa94-04c1-424b-9868-57a2d4851a1d" relativeResultsDirectory="bc17ff9c-2944-4fc5-aed3-360c05f3c998" />
    <UnitTestResult executionId="93a49531-7e87-4acc-8be3-02eedc0362c8" testId="4d95a94f-3565-ed67-72c7-ed833f58381d" testName="GivenNothing_When_PreApplyFails_then_PostApplyIsCalledAndReturnCodeIsCorrect" computerName="DKSR-EFI-06" duration="00:00:00.3064207" startTime="2024-01-09T15:44:59.4043763+01:00" endTime="2024-01-09T15:44:59.7012528+01:00" testType="13cdc9d9-ddb5-4fa4-a97d-d965ccfc6d4b" outcome="Passed" testListId="8c84fa94-04c1-424b-9868-57a2d4851a1d" relativeResultsDirectory="93a49531-7e87-4acc-8be3-02eedc0362c8" />
    <UnitTestResult executionId="67258441-6776-43fd-b1a3-f509c999a546" testId="d0aaeb74-b9d2-b511-2030-916229d93667" testName="Given_DataModelWithTwoCertificateGroupsAndAClientEndpoint_When_ChangingStatusOfUseEncryption_ClientRegistrationServerModifiedIsFiredIfAndOnlyIfAClientEndpointDependsOnThisGroup" computerName="DKSR-EFI-06" duration="00:00:00.0315923" startTime="2024-01-09T15:44:58.4356239+01:00" endTime="2024-01-09T15:44:58.4668741+01:00" testType="13cdc9d9-ddb5-4fa4-a97d-d965ccfc6d4b" outcome="Passed" testListId="8c84fa94-04c1-424b-9868-57a2d4851a1d" relativeResultsDirectory="67258441-6776-43fd-b1a3-f509c999a546" />
    <UnitTestResult executionId="8609f9eb-ec9a-47d7-8ba0-20a2f25fbfc7" testId="fd54fd20-72ec-43f3-bc61-4e6d51bcfab8" testName="Given_DataModel_When_AddingAServerThatIsNull_Then_AnExceptionIsThrownAndErrorIsLogged" computerName="DKSR-EFI-06" duration="00:00:00.0025770" startTime="2024-01-09T15:44:58.9356259+01:00" endTime="2024-01-09T15:44:58.9356259+01:00" testType="13cdc9d9-ddb5-4fa4-a97d-d965ccfc6d4b" outcome="Passed" testListId="8c84fa94-04c1-424b-9868-57a2d4851a1d" relativeResultsDirectory="8609f9eb-ec9a-47d7-8ba0-20a2f25fbfc7" />
    <UnitTestResult executionId="71cf4d2d-9ea1-4ac9-9d19-89f2aabfd6f8" testId="052d5415-7537-0cc1-f24d-683e01faba80" testName="GivenTwoServerEndpointsInstalled_When_RegisterAndFirstServiceRegistrationFails_Then_AllMethodsExceptForRegisterThisServiceAreCalledTwiceAndReturnCodeIsError" computerName="DKSR-EFI-06" duration="00:00:00.2549612" startTime="2024-01-09T15:45:03.9512487+01:00" endTime="2024-01-09T15:45:04.2012488+01:00" testType="13cdc9d9-ddb5-4fa4-a97d-d965ccfc6d4b" outcome="Passed" testListId="8c84fa94-04c1-424b-9868-57a2d4851a1d" relativeResultsDirectory="71cf4d2d-9ea1-4ac9-9d19-89f2aabfd6f8" />
    <UnitTestResult executionId="9fdb07b7-7682-4b15-8dc7-f6b71de3599f" testId="4ee4caa0-a446-2b80-db60-f8f86e91c2e3" testName="Given_NothingInstalled_When_InstallingAGroupAserverEndpointAndAClientEndpoint_Then_ApplyIsCalledOnServerEndpointRegisterIsCalledOnClientEndpointEndPointsToBeInstalledAreMovedToInstalledCollection" computerName="DKSR-EFI-06" duration="00:00:00.1222518" startTime="2024-01-09T15:45:04.2012488+01:00" endTime="2024-01-09T15:45:04.3262516+01:00" testType="13cdc9d9-ddb5-4fa4-a97d-d965ccfc6d4b" outcome="Passed" testListId="8c84fa94-04c1-424b-9868-57a2d4851a1d" relativeResultsDirectory="9fdb07b7-7682-4b15-8dc7-f6b71de3599f" />
    <UnitTestResult executionId="08120bbc-ff01-4218-ac61-8312eed69d2e" testId="4003c11b-6e8f-bafb-d8dd-87b960ef6d41" testName="GivenADataModelIsCreated_When_GettingClienRegistrationServer_Then_NulIsReturned" computerName="DKSR-EFI-06" duration="00:00:00.9021338" startTime="2024-01-09T15:44:56.0606150+01:00" endTime="2024-01-09T15:44:57.1074933+01:00" testType="13cdc9d9-ddb5-4fa4-a97d-d965ccfc6d4b" outcome="Passed" testListId="8c84fa94-04c1-424b-9868-57a2d4851a1d" relativeResultsDirectory="08120bbc-ff01-4218-ac61-8312eed69d2e" />
    <UnitTestResult executionId="c2019f1a-ba82-478e-b399-b5f0b1ab3cbb" testId="9480d8a1-c258-e07a-8a61-00e291e2979d" testName="Given_GroupNotExistsWithOneServer_WhenReInstallingWithNoServerInTheTheGroup_Then_TheGroupIsLocked" computerName="DKSR-EFI-06" duration="00:00:00.0015153" startTime="2024-01-09T15:45:06.4200039+01:00" endTime="2024-01-09T15:45:06.4200039+01:00" testType="13cdc9d9-ddb5-4fa4-a97d-d965ccfc6d4b" outcome="Passed" testListId="8c84fa94-04c1-424b-9868-57a2d4851a1d" relativeResultsDirectory="c2019f1a-ba82-478e-b399-b5f0b1ab3cbb" />
    <UnitTestResult executionId="e2fea656-2844-440b-b5a1-77c070335579" testId="306e1be2-5b2b-15c5-3297-58e9a8d47a8b" testName="GivenNothing_When_AllCallsSucceeds_then_AllMethodsAreCalledAndReturnCodeIsSuccess" computerName="DKSR-EFI-06" duration="00:00:00.2827735" startTime="2024-01-09T15:44:58.9512506+01:00" endTime="2024-01-09T15:44:59.2325026+01:00" testType="13cdc9d9-ddb5-4fa4-a97d-d965ccfc6d4b" outcome="Passed" testListId="8c84fa94-04c1-424b-9868-57a2d4851a1d" relativeResultsDirectory="e2fea656-2844-440b-b5a1-77c070335579" />
    <UnitTestResult executionId="7dbbd66d-9182-4c9e-8628-582dfdac5971" testId="b6e4f4b8-6b61-28b3-8acd-1ff1a62d4e64" testName="Given_ManagementServerIsUnsecure_When_CallingIsSecure_Then_ItReturnsFalse" computerName="DKSR-EFI-06" duration="00:00:00.0042766" startTime="2024-01-09T15:45:05.9512517+01:00" endTime="2024-01-09T15:45:05.9512517+01:00" testType="13cdc9d9-ddb5-4fa4-a97d-d965ccfc6d4b" outcome="Passed" testListId="8c84fa94-04c1-424b-9868-57a2d4851a1d" relativeResultsDirectory="7dbbd66d-9182-4c9e-8628-582dfdac5971" />
    <UnitTestResult executionId="b9533b6b-f0d5-43d3-ae4d-83f91964d223" testId="7b410871-2238-cb8a-4947-3db2b64f6075" testName="Given_DataModelWithCertificateGroup_When_RemovingAnExistingACertificateGroup_Then_AnEventIsFiredAndItIsNoLongerInTheQueryModel" computerName="DKSR-EFI-06" duration="00:00:00.0029311" startTime="2024-01-09T15:44:58.2793726+01:00" endTime="2024-01-09T15:44:58.2950005+01:00" testType="13cdc9d9-ddb5-4fa4-a97d-d965ccfc6d4b" outcome="Passed" testListId="8c84fa94-04c1-424b-9868-57a2d4851a1d" relativeResultsDirectory="b9533b6b-f0d5-43d3-ae4d-83f91964d223" />
    <UnitTestResult executionId="7876a602-4236-4e3c-8984-9529e4d80066" testId="97e87ceb-d14c-a2ad-6c0b-d02531c54591" testName="Given_ACertificateGroupThatLocked_When_SettingSelectedCertificateToADifferentValue_Then_AnExceptionIsThrown2" computerName="DKSR-EFI-06" duration="00:00:00.0623003" startTime="2024-01-09T15:45:06.5137561+01:00" endTime="2024-01-09T15:45:06.5762713+01:00" testType="13cdc9d9-ddb5-4fa4-a97d-d965ccfc6d4b" outcome="Passed" testListId="8c84fa94-04c1-424b-9868-57a2d4851a1d" relativeResultsDirectory="7876a602-4236-4e3c-8984-9529e4d80066" />
    <UnitTestResult executionId="7f876a6a-9496-4b5b-8225-f2407e9feec9" testId="090b431d-686f-32c6-c8a5-2cbb2979af1b" testName="Given_DataModelWithServer_When_RemovingServer_Then_AnEventIsFiredAndItIsNoLongerInTheQueryModel" computerName="DKSR-EFI-06" duration="00:00:00.0742757" startTime="2024-01-09T15:44:58.5918748+01:00" endTime="2024-01-09T15:44:58.6700008+01:00" testType="13cdc9d9-ddb5-4fa4-a97d-d965ccfc6d4b" outcome="Passed" testListId="8c84fa94-04c1-424b-9868-57a2d4851a1d" relativeResultsDirectory="7f876a6a-9496-4b5b-8225-f2407e9feec9" />
    <UnitTestResult executionId="b2665bd8-a28d-426b-acc5-681c91c45979" testId="f87a312b-902e-182d-8f2f-b248445feb78" testName="Given_DataModelWithCertificateGroup_When_AddingAServerCertificateConfiguration_Then_AnEventIsFiredAndItIsContainedInTheReadModel" computerName="DKSR-EFI-06" duration="00:00:00.0017833" startTime="2024-01-09T15:44:58.5918748+01:00" endTime="2024-01-09T15:44:58.5918748+01:00" testType="13cdc9d9-ddb5-4fa4-a97d-d965ccfc6d4b" outcome="Passed" testListId="8c84fa94-04c1-424b-9868-57a2d4851a1d" relativeResultsDirectory="b2665bd8-a28d-426b-acc5-681c91c45979" />
    <UnitTestResult executionId="b8afbac2-9f66-44e1-afdc-68073e3f6250" testId="4ff54da2-1962-6d98-a865-9a6105cfd337" testName="GivenADataModelIsCreatedWithAServerGroupAndAClientEndpointThatDependsOnAndAClienRegistrationServerUriWithoutPath_When_CallingRegisterClientTheClientEndpointIsRegisteredWithUriIncludingIdpPath" computerName="DKSR-EFI-06" duration="00:00:00.3702916" startTime="2024-01-09T15:44:57.1699946+01:00" endTime="2024-01-09T15:44:57.5293717+01:00" testType="13cdc9d9-ddb5-4fa4-a97d-d965ccfc6d4b" outcome="Passed" testListId="8c84fa94-04c1-424b-9868-57a2d4851a1d" relativeResultsDirectory="b8afbac2-9f66-44e1-afdc-68073e3f6250" />
    <UnitTestResult executionId="2aacc645-ca94-47a5-8cc8-b835fec360a5" testId="1d7f247d-9695-74aa-921e-d04f952cec76" testName="Given_DatamodelWithAClientEndPointAndAServerEndpoint_When_SetEndpointLocationIsCalledOnAnEndpoint_Then_TheImplementationLocationOfThisEndpointIsUpdated" computerName="DKSR-EFI-06" duration="00:00:00.0601122" startTime="2024-01-09T15:44:58.7325008+01:00" endTime="2024-01-09T15:44:58.7950001+01:00" testType="13cdc9d9-ddb5-4fa4-a97d-d965ccfc6d4b" outcome="Passed" testListId="8c84fa94-04c1-424b-9868-57a2d4851a1d" relativeResultsDirectory="2aacc645-ca94-47a5-8cc8-b835fec360a5" />
    <UnitTestResult executionId="984b20ff-6440-4f59-895e-f23242fb71a7" testId="9d38dc88-1753-5730-210a-f858bcdc2c1f" testName="Given_ClientEndpointDependendsOnSercureServerGroupAndMsIsSecureWithUntrustedCertificate_When_VerifyConsistency_then_ItReturnsCertificateTrustError" computerName="DKSR-EFI-06" duration="00:00:00.0211597" startTime="2024-01-09T15:45:06.9981300+01:00" endTime="2024-01-09T15:45:07.0293792+01:00" testType="13cdc9d9-ddb5-4fa4-a97d-d965ccfc6d4b" outcome="Passed" testListId="8c84fa94-04c1-424b-9868-57a2d4851a1d" relativeResultsDirectory="984b20ff-6440-4f59-895e-f23242fb71a7" />
    <UnitTestResult executionId="0657956c-7bf4-43df-bfa6-eb598e9e35f5" testId="0e27459f-68c6-45c2-f984-1c51d4e05a2a" testName="Given_DataModelWithACertificateGroup_ValidateCertificate" computerName="DKSR-EFI-06" duration="00:00:00.1285272" startTime="2024-01-09T15:44:58.4668741+01:00" endTime="2024-01-09T15:44:58.5918748+01:00" testType="13cdc9d9-ddb5-4fa4-a97d-d965ccfc6d4b" outcome="Passed" testListId="8c84fa94-04c1-424b-9868-57a2d4851a1d" relativeResultsDirectory="0657956c-7bf4-43df-bfa6-eb598e9e35f5" />
    <UnitTestResult executionId="3dfc11d7-c1f9-468b-ae62-19bb787bd4c6" testId="037b32fb-9e05-f482-d1c0-beda00f8e937" testName="GivenNothing_When_ApplyAndPreRegisterFails_then_AllMethodsExceptRegisterClientandAreCalledAndReturnCodeIsCorrect" computerName="DKSR-EFI-06" duration="00:00:00.3194930" startTime="2024-01-09T15:45:00.6387568+01:00" endTime="2024-01-09T15:45:00.9512563+01:00" testType="13cdc9d9-ddb5-4fa4-a97d-d965ccfc6d4b" outcome="Passed" testListId="8c84fa94-04c1-424b-9868-57a2d4851a1d" relativeResultsDirectory="3dfc11d7-c1f9-468b-ae62-19bb787bd4c6" />
    <UnitTestResult executionId="c561ed01-d8c4-4166-bf63-d7e52c442077" testId="7bccd44c-4e6c-46a0-79b4-b2a39b2362e9" testName="Given_ClientEndpoinDependendsOnSercureServerGroupAndMsIsSecure_When_VerifyConsistency_then_ItReturnsSuccess" computerName="DKSR-EFI-06" duration="00:00:00.0670213" startTime="2024-01-09T15:45:06.7950050+01:00" endTime="2024-01-09T15:45:06.8731279+01:00" testType="13cdc9d9-ddb5-4fa4-a97d-d965ccfc6d4b" outcome="Passed" testListId="8c84fa94-04c1-424b-9868-57a2d4851a1d" relativeResultsDirectory="c561ed01-d8c4-4166-bf63-d7e52c442077" />
    <UnitTestResult executionId="b96031ac-fc49-4676-b624-694c3c550f1b" testId="c68d385b-7a3b-1411-949a-29d8ddf3c2c4" testName="Given_ManagementServerIsNotResponding_When_IsManagementSecure_Then_ItReturnsNull" computerName="DKSR-EFI-06" duration="00:00:00.0016873" startTime="2024-01-09T15:44:58.7325008+01:00" endTime="2024-01-09T15:44:58.7325008+01:00" testType="13cdc9d9-ddb5-4fa4-a97d-d965ccfc6d4b" outcome="Passed" testListId="8c84fa94-04c1-424b-9868-57a2d4851a1d" relativeResultsDirectory="b96031ac-fc49-4676-b624-694c3c550f1b" />
    <UnitTestResult executionId="1a6ee04e-8f23-4280-ba62-5cbfc285bf6e" testId="d2372c5e-181d-b2ec-550e-b838c22baccc" testName="GivenADataModelIsCreatedWithAClientEndpointAndNoDependencyGroup_When_CallingRegisterClientAndServices_Then_TheServerAddressIsSetWithUnsecureAddress" computerName="DKSR-EFI-06" duration="00:00:00.0246445" startTime="2024-01-09T15:45:06.0137520+01:00" endTime="2024-01-09T15:45:06.0450024+01:00" testType="13cdc9d9-ddb5-4fa4-a97d-d965ccfc6d4b" outcome="Passed" testListId="8c84fa94-04c1-424b-9868-57a2d4851a1d" relativeResultsDirectory="1a6ee04e-8f23-4280-ba62-5cbfc285bf6e" />
    <UnitTestResult executionId="c5801900-5cde-4ec9-bd74-c38cb6b014fd" testId="d4a901de-d919-828b-073d-26f76f579206" testName="GivenNothing_When_InitializeOnApplyFails_then_NoFurtherMethodsAreCalledAndReturnCodeIsCorrect" computerName="DKSR-EFI-06" duration="00:00:00.1637622" startTime="2024-01-09T15:44:59.2325026+01:00" endTime="2024-01-09T15:44:59.4043763+01:00" testType="13cdc9d9-ddb5-4fa4-a97d-d965ccfc6d4b" outcome="Passed" testListId="8c84fa94-04c1-424b-9868-57a2d4851a1d" relativeResultsDirectory="c5801900-5cde-4ec9-bd74-c38cb6b014fd" />
    <UnitTestResult executionId="879df0d5-78f7-43fa-8e3b-bc00d57cf1da" testId="2e768cfe-5d88-0e13-1c3d-3041fb7423ea" testName="GivenNothing_When_PostApplyFails_then_RegisterMethodsAreCalledPostApplyIsCalledAndReturnCodeIsCorrect" computerName="DKSR-EFI-06" duration="00:00:00.4453110" startTime="2024-01-09T15:45:00.1856317+01:00" endTime="2024-01-09T15:45:00.6387568+01:00" testType="13cdc9d9-ddb5-4fa4-a97d-d965ccfc6d4b" outcome="Passed" testListId="8c84fa94-04c1-424b-9868-57a2d4851a1d" relativeResultsDirectory="879df0d5-78f7-43fa-8e3b-bc00d57cf1da" />
    <UnitTestResult executionId="6cdca19b-ef8b-492b-b22c-141cef57951c" testId="353a6608-a3a3-6449-fbf2-fad83240a8ae" testName="GivenADataModelIsCreated_When_SettingAClienRegistrationServerUri_Then_TheModelContainsTheUri" computerName="DKSR-EFI-06" duration="00:00:00.0137260" startTime="2024-01-09T15:44:57.1231186+01:00" endTime="2024-01-09T15:44:57.1387442+01:00" testType="13cdc9d9-ddb5-4fa4-a97d-d965ccfc6d4b" outcome="Passed" testListId="8c84fa94-04c1-424b-9868-57a2d4851a1d" relativeResultsDirectory="6cdca19b-ef8b-492b-b22c-141cef57951c" />
    <UnitTestResult executionId="a66f599c-1f12-4286-a549-9b010c9f053f" testId="8b14ea64-c5df-69fb-6702-821ad59099df" testName="GivenTwoCertificateGroupsExistsEachWithOneServerEndpoints_When_CallingApplyCertificateOnOneGroup_Then_TheRegistrarsApplyMethodIsCalledOnlyOnTheServerEndpointInTheSelectedGroup" computerName="DKSR-EFI-06" duration="00:00:00.0360145" startTime="2024-01-09T15:44:57.7949967+01:00" endTime="2024-01-09T15:44:57.8262487+01:00" testType="13cdc9d9-ddb5-4fa4-a97d-d965ccfc6d4b" outcome="Passed" testListId="8c84fa94-04c1-424b-9868-57a2d4851a1d" relativeResultsDirectory="a66f599c-1f12-4286-a549-9b010c9f053f" />
    <UnitTestResult executionId="159f3564-e2d5-48c6-8490-9fbda72f9679" testId="b195dcfa-16f6-fa59-c233-8b0cc6e57cb4" testName="GivenADataModelIsCreatedWithAServerEndpointThatHasARegisterServiceImplementation_When_EndpointIsRemoved_Then_CleanupIsCalled" computerName="DKSR-EFI-06" duration="00:00:00.1771743" startTime="2024-01-09T15:45:06.2012516+01:00" endTime="2024-01-09T15:45:06.3887513+01:00" testType="13cdc9d9-ddb5-4fa4-a97d-d965ccfc6d4b" outcome="Passed" testListId="8c84fa94-04c1-424b-9868-57a2d4851a1d" relativeResultsDirectory="159f3564-e2d5-48c6-8490-9fbda72f9679" />
    <UnitTestResult executionId="1730afda-20d1-4e4c-82dc-debbe1a53a0f" testId="b0058697-367e-e350-086c-4a93cbeab39d" testName="Given_DataModelWithACertificateGroup_When_ChangingStatusOfUseEncryptionOnAnExistingGroup_The_AnEventIsFiredAndTheCertificateGroupReflectsTheNewSettingInTheQueryModel" computerName="DKSR-EFI-06" duration="00:00:00.0545672" startTime="2024-01-09T15:44:58.3731673+01:00" endTime="2024-01-09T15:44:58.4356239+01:00" testType="13cdc9d9-ddb5-4fa4-a97d-d965ccfc6d4b" outcome="Passed" testListId="8c84fa94-04c1-424b-9868-57a2d4851a1d" relativeResultsDirectory="1730afda-20d1-4e4c-82dc-debbe1a53a0f" />
    <UnitTestResult executionId="99152a21-0940-4caa-8456-861f8517c8bb" testId="2f484184-f1c9-beab-ee82-7ba263b439d0" testName="GivenADataModelIsCreatedWithAServerGroupAndAClientEndpointThatDependsOnAndAClienRegistrationServerUriWithIdpPath_When_CallingRegisterClientTheClientEndpointIsRegisteredWithUriIncludingIdpPath" computerName="DKSR-EFI-06" duration="00:00:00.0346860" startTime="2024-01-09T15:44:57.5293717+01:00" endTime="2024-01-09T15:44:57.5762476+01:00" testType="13cdc9d9-ddb5-4fa4-a97d-d965ccfc6d4b" outcome="Passed" testListId="8c84fa94-04c1-424b-9868-57a2d4851a1d" relativeResultsDirectory="99152a21-0940-4caa-8456-861f8517c8bb" />
    <UnitTestResult executionId="d20f8d9a-ff16-48af-a941-14431f675689" testId="f1827e0a-e61b-2eef-41e2-df2b742da6b5" testName="GivenADataModelIsCreatedWithAServerEndpointThatHasARegisterServiceImplementationV2_When_CallingRegisterClientAndServices_Then_TheServiceEndpointIsRegisteredByMeansOfCompatibilityProvider" computerName="DKSR-EFI-06" duration="00:00:00.0187390" startTime="2024-01-09T15:45:06.1700038+01:00" endTime="2024-01-09T15:45:06.1856313+01:00" testType="13cdc9d9-ddb5-4fa4-a97d-d965ccfc6d4b" outcome="Passed" testListId="8c84fa94-04c1-424b-9868-57a2d4851a1d" relativeResultsDirectory="d20f8d9a-ff16-48af-a941-14431f675689" />
    <UnitTestResult executionId="c73e0694-9711-4770-a0d2-f2b684db18c7" testId="6288268e-fbb0-63a0-5ae5-c801dea9b296" testName="GivenADataModelIsCreatedWithAClientEndpointThatHasASetServerAddressImplementationAndWithASecureDependencyGroup_When_CallingRegisterClientAndServices_Then_TheServerAddressIsSetWithSecureAddress" computerName="DKSR-EFI-06" duration="00:00:00.0265856" startTime="2024-01-09T15:45:06.0606278+01:00" endTime="2024-01-09T15:45:06.0918793+01:00" testType="13cdc9d9-ddb5-4fa4-a97d-d965ccfc6d4b" outcome="Passed" testListId="8c84fa94-04c1-424b-9868-57a2d4851a1d" relativeResultsDirectory="c73e0694-9711-4770-a0d2-f2b684db18c7" />
    <UnitTestResult executionId="38f183d5-7198-4a0d-a514-5c7770be5695" testId="049142c8-9366-b9b5-970b-185f430a97a6" testName="GivenARegistrarExists_When_CallingApply_Then_TheRegistrarsApplyMethodsIsCalled" computerName="DKSR-EFI-06" duration="00:00:00.0911682" startTime="2024-01-09T15:44:57.5762476+01:00" endTime="2024-01-09T15:44:57.6699971+01:00" testType="13cdc9d9-ddb5-4fa4-a97d-d965ccfc6d4b" outcome="Passed" testListId="8c84fa94-04c1-424b-9868-57a2d4851a1d" relativeResultsDirectory="38f183d5-7198-4a0d-a514-5c7770be5695" />
    <UnitTestResult executionId="e9d584c9-4be9-4c2e-9cdb-37e5ee50866c" testId="8b3f0756-4fe1-6402-dd55-e88dc7b0f947" testName="Given_DataModelContainsAConfigurationElementThatIsManagementServer_When_SettingOverrideLocalManagementServer_Then_TheIsmanagementServerLocalIsFalse" computerName="DKSR-EFI-06" duration="00:00:00.0015925" startTime="2024-01-09T15:44:58.6700008+01:00" endTime="2024-01-09T15:44:58.6700008+01:00" testType="13cdc9d9-ddb5-4fa4-a97d-d965ccfc6d4b" outcome="Passed" testListId="8c84fa94-04c1-424b-9868-57a2d4851a1d" relativeResultsDirectory="e9d584c9-4be9-4c2e-9cdb-37e5ee50866c" />
    <UnitTestResult executionId="267f13dd-01c1-4aaa-b537-4680f9f076db" testId="858fd4c7-baca-83ed-78cc-dc9dac7dd5c3" testName="Given_DataModelWithACertificateGroup_When_SettingACertificateNotAvailableOnAnExistingGroup_Then_AnExceptionIsThrownAndErrorIsLogged" computerName="DKSR-EFI-06" duration="00:00:00.0769556" startTime="2024-01-09T15:44:58.8575004+01:00" endTime="2024-01-09T15:44:58.9356259+01:00" testType="13cdc9d9-ddb5-4fa4-a97d-d965ccfc6d4b" outcome="Passed" testListId="8c84fa94-04c1-424b-9868-57a2d4851a1d" relativeResultsDirectory="267f13dd-01c1-4aaa-b537-4680f9f076db" />
    <UnitTestResult executionId="4dd42bc9-c834-49eb-9054-eda06371fd3d" testId="0588c60f-cc85-5307-6702-0b7d771e4926" testName="GivenARegistrarExists_When_CallingApplyWithSpecificEndpoint_Then_TheRegistrarsApplyMethodIsCalled" computerName="DKSR-EFI-06" duration="00:00:00.1172505" startTime="2024-01-09T15:44:57.6699971+01:00" endTime="2024-01-09T15:44:57.7949967+01:00" testType="13cdc9d9-ddb5-4fa4-a97d-d965ccfc6d4b" outcome="Passed" testListId="8c84fa94-04c1-424b-9868-57a2d4851a1d" relativeResultsDirectory="4dd42bc9-c834-49eb-9054-eda06371fd3d" />
    <UnitTestResult executionId="15117349-b4d6-4157-8b50-9d42e64d5eb1" testId="82415c1e-93c0-2941-2638-d32e78871e7d" testName="Register_ShouldSetNewHostname" computerName="DKSR-EFI-06" duration="00:00:00.0201079" startTime="2024-01-09T15:45:06.5762713+01:00" endTime="2024-01-09T15:45:06.5918781+01:00" testType="13cdc9d9-ddb5-4fa4-a97d-d965ccfc6d4b" outcome="Passed" testListId="8c84fa94-04c1-424b-9868-57a2d4851a1d" relativeResultsDirectory="15117349-b4d6-4157-8b50-9d42e64d5eb1" />
    <UnitTestResult executionId="2caa859d-2b01-4b63-ab21-c710cd982a30" testId="6bd5f2a1-8e1e-49a6-ae6e-29936b14b9ff" testName="Given_DataModel_When_RemovingAServerThatDoesNotExist_Then_AnExceptionIsThrownAndErrorIsLogged" computerName="DKSR-EFI-06" duration="00:00:00.0022455" startTime="2024-01-09T15:44:58.9356259+01:00" endTime="2024-01-09T15:44:58.9356259+01:00" testType="13cdc9d9-ddb5-4fa4-a97d-d965ccfc6d4b" outcome="Passed" testListId="8c84fa94-04c1-424b-9868-57a2d4851a1d" relativeResultsDirectory="2caa859d-2b01-4b63-ab21-c710cd982a30" />
    <UnitTestResult executionId="08b3420d-73ac-46e9-bf15-a02746907c64" testId="a20dc55c-9070-96db-a987-71787067876e" testName="Given_ClientEndpoinDependendsOnUnsercureServerGroupWithNoServerEndpointsAndMsIsSecure_When_VerifyConsistency_then_ItReturnsSuccess" computerName="DKSR-EFI-06" duration="00:00:00.0020276" startTime="2024-01-09T15:45:06.8731279+01:00" endTime="2024-01-09T15:45:06.8731279+01:00" testType="13cdc9d9-ddb5-4fa4-a97d-d965ccfc6d4b" outcome="Passed" testListId="8c84fa94-04c1-424b-9868-57a2d4851a1d" relativeResultsDirectory="08b3420d-73ac-46e9-bf15-a02746907c64" />
    <UnitTestResult executionId="78aecac1-dfdc-4079-b33d-68e0a6a4319a" testId="1c320eb8-9ffe-2e25-1643-aeeafe2220de" testName="Given_SomeExceptionState_When_CallingIsSecure_Then_ItReturnsNull" computerName="DKSR-EFI-06" duration="00:00:00.0091311" startTime="2024-01-09T15:45:05.9668782+01:00" endTime="2024-01-09T15:45:05.9668782+01:00" testType="13cdc9d9-ddb5-4fa4-a97d-d965ccfc6d4b" outcome="Passed" testListId="8c84fa94-04c1-424b-9868-57a2d4851a1d" relativeResultsDirectory="78aecac1-dfdc-4079-b33d-68e0a6a4319a" />
    <UnitTestResult executionId="9a90ae8f-5401-4e04-89b5-12d4a85fcd34" testId="005a4609-c8b3-2c2e-ae2e-0b34bfe5c347" testName="Given_InvalidCertificateOnSecureAddressAndIdpIsSecure_When_CallingIsSecure_Then_ItReturnsCertificateError" computerName="DKSR-EFI-06" duration="00:00:00.0285871" startTime="2024-01-09T15:45:05.9825024+01:00" endTime="2024-01-09T15:45:06.0137520+01:00" testType="13cdc9d9-ddb5-4fa4-a97d-d965ccfc6d4b" outcome="Passed" testListId="8c84fa94-04c1-424b-9868-57a2d4851a1d" relativeResultsDirectory="9a90ae8f-5401-4e04-89b5-12d4a85fcd34" />
    <UnitTestResult executionId="8bf45059-5f76-44d6-995e-b8a855dd08f9" testId="0c78deec-7c1b-003b-0268-776253ba266a" testName="Given_IdpAddressIsNotDefined_When_CallingIsSecure_Then_ItReturnsNull" computerName="DKSR-EFI-06" duration="00:00:00.0050149" startTime="2024-01-09T15:45:05.9512517+01:00" endTime="2024-01-09T15:45:05.9668782+01:00" testType="13cdc9d9-ddb5-4fa4-a97d-d965ccfc6d4b" outcome="Passed" testListId="8c84fa94-04c1-424b-9868-57a2d4851a1d" relativeResultsDirectory="8bf45059-5f76-44d6-995e-b8a855dd08f9" />
    <UnitTestResult executionId="ff6a9f11-4113-4b4d-88c3-7679e57c3e21" testId="1e94425f-0d25-f68d-3a65-bd597c08ee6a" testName="GivenADataModelIsCreatedWithAndContainsAnClientRegistrationUri_When_SettingAClienRegistrationServerDnsEndpoint_Then_DnsEndpointOverwritesEverythingButTheSecurePortNumber" computerName="DKSR-EFI-06" duration="00:00:00.0014147" startTime="2024-01-09T15:44:57.1387442+01:00" endTime="2024-01-09T15:44:57.1387442+01:00" testType="13cdc9d9-ddb5-4fa4-a97d-d965ccfc6d4b" outcome="Passed" testListId="8c84fa94-04c1-424b-9868-57a2d4851a1d" relativeResultsDirectory="ff6a9f11-4113-4b4d-88c3-7679e57c3e21" />
    <UnitTestResult executionId="1bd78d04-323b-41fb-832d-ddaacb56720d" testId="100ba3ce-0c91-cf3e-b381-8cd5e5c8299a" testName="GivenADataModelIsCreatedWithAServerGroupThatUsesEncryptionAndAClientEndpointThatDependsOnThisGroup_When_SettingAClienRegistrationServerDnsEndpoint_Then_TheModelHostNameOfTheDnsEndpointButWithDefaultSecurePort" computerName="DKSR-EFI-06" duration="00:00:00.0013840" startTime="2024-01-09T15:44:57.1699946+01:00" endTime="2024-01-09T15:44:57.1699946+01:00" testType="13cdc9d9-ddb5-4fa4-a97d-d965ccfc6d4b" outcome="Passed" testListId="8c84fa94-04c1-424b-9868-57a2d4851a1d" relativeResultsDirectory="1bd78d04-323b-41fb-832d-ddaacb56720d" />
  </Results>
  <TestDefinitions>
    <UnitTest name="Given_DataModel_When_RemovingAClientEndpointThatDoesNotExist_Then_AnExceptionIsThrownAndErrorIsLogged" storage="d:\actions-runner\_work\xpco\xpco\serverconfigurator\binaries\videoos.serverconfigurator.certificateconfigurator.unittest\bin\debug\videoos.serverconfigurator.certificateconfigurator.unittest.dll" id="d2071feb-67cd-0102-5a34-6f93a883cb3f">
      <Execution id="bc17ff9c-2944-4fc5-aed3-360c05f3c998" />
      <TestMethod codeBase="D:\actions-runner\_work\XPCO\XPCO\ServerConfigurator\Binaries\VideoOS.ServerConfigurator.CertificateConfigurator.UnitTest\bin\Debug\VideoOS.ServerConfigurator.CertificateConfigurator.UnitTest.dll" adapterTypeName="executor://mstestadapter/v1" className="VideoOS.ServerConfigurator.CertificateConfigurator.UnitTest.DataModelTest" name="Given_DataModel_When_RemovingAClientEndpointThatDoesNotExist_Then_AnExceptionIsThrownAndErrorIsLogged" />
    </UnitTest>
    <UnitTest name="Given_AHostNameIsPersisted_When_HostNameIsChangedAndServerConfiguratorIsLoadedWithPersistedHostName_Then_ThePersistedHostNameBecomesTheOldHostName" storage="d:\actions-runner\_work\xpco\xpco\serverconfigurator\binaries\videoos.serverconfigurator.certificateconfigurator.unittest\bin\debug\videoos.serverconfigurator.certificateconfigurator.unittest.dll" id="9e577602-fcd6-fa83-acf0-cbcad8faca8e">
      <Execution id="d8c1566b-f9ff-4962-bda6-c718ac4347d9" />
      <TestMethod codeBase="D:\actions-runner\_work\XPCO\XPCO\ServerConfigurator\Binaries\VideoOS.ServerConfigurator.CertificateConfigurator.UnitTest\bin\Debug\VideoOS.ServerConfigurator.CertificateConfigurator.UnitTest.dll" adapterTypeName="executor://mstestadapter/v1" className="VideoOS.ServerConfigurator.CertificateConfigurator.UnitTest.AddressHandlingTests" name="Given_AHostNameIsPersisted_When_HostNameIsChangedAndServerConfiguratorIsLoadedWithPersistedHostName_Then_ThePersistedHostNameBecomesTheOldHostName" />
    </UnitTest>
    <UnitTest name="GivenADataModelIsCreated_When_SettingAClienRegistrationServerUri_Then_TheModelContainsTheUri" storage="d:\actions-runner\_work\xpco\xpco\serverconfigurator\binaries\videoos.serverconfigurator.certificateconfigurator.unittest\bin\debug\videoos.serverconfigurator.certificateconfigurator.unittest.dll" id="353a6608-a3a3-6449-fbf2-fad83240a8ae">
      <Execution id="6cdca19b-ef8b-492b-b22c-141cef57951c" />
      <TestMethod codeBase="D:\actions-runner\_work\XPCO\XPCO\ServerConfigurator\Binaries\VideoOS.ServerConfigurator.CertificateConfigurator.UnitTest\bin\Debug\VideoOS.ServerConfigurator.CertificateConfigurator.UnitTest.dll" adapterTypeName="executor://mstestadapter/v1" className="VideoOS.ServerConfigurator.CertificateConfigurator.UnitTest.ClientRegistrationTest" name="GivenADataModelIsCreated_When_SettingAClienRegistrationServerUri_Then_TheModelContainsTheUri" />
    </UnitTest>
    <UnitTest name="Given_ACertificateGroupThatLocked_When_SettingUseEncryptionToADifferentValue_Then_AnExceptionIsThrown" storage="d:\actions-runner\_work\xpco\xpco\serverconfigurator\binaries\videoos.serverconfigurator.certificateconfigurator.unittest\bin\debug\videoos.serverconfigurator.certificateconfigurator.unittest.dll" id="88111dec-de4a-d91d-2732-2e5c4abdc4fd">
      <Execution id="ab315028-cfef-4155-b378-e25e52c0e53d" />
      <TestMethod codeBase="D:\actions-runner\_work\XPCO\XPCO\ServerConfigurator\Binaries\VideoOS.ServerConfigurator.CertificateConfigurator.UnitTest\bin\Debug\VideoOS.ServerConfigurator.CertificateConfigurator.UnitTest.dll" adapterTypeName="executor://mstestadapter/v1" className="VideoOS.ServerConfigurator.CertificateConfigurator.UnitTest.ServerGroupLockTest" name="Given_ACertificateGroupThatLocked_When_SettingUseEncryptionToADifferentValue_Then_AnExceptionIsThrown" />
    </UnitTest>
    <UnitTest name="Given_DataModelWithOneServer_When_AddingTheSameServerEndpointWithADifferentCertificateGroup_Then_TheTwoEndpointInstancesMerged" storage="d:\actions-runner\_work\xpco\xpco\serverconfigurator\binaries\videoos.serverconfigurator.certificateconfigurator.unittest\bin\debug\videoos.serverconfigurator.certificateconfigurator.unittest.dll" id="6afe2a72-7146-37ec-ca8d-a738f7fc579d">
      <Execution id="aefc49fa-45ad-4843-89df-558450c5e154" />
      <TestMethod codeBase="D:\actions-runner\_work\XPCO\XPCO\ServerConfigurator\Binaries\VideoOS.ServerConfigurator.CertificateConfigurator.UnitTest\bin\Debug\VideoOS.ServerConfigurator.CertificateConfigurator.UnitTest.dll" adapterTypeName="executor://mstestadapter/v1" className="VideoOS.ServerConfigurator.CertificateConfigurator.UnitTest.DataModelTest" name="Given_DataModelWithOneServer_When_AddingTheSameServerEndpointWithADifferentCertificateGroup_Then_TheTwoEndpointInstancesMerged" />
    </UnitTest>
    <UnitTest name="Given_ManagementServerIsSecure_When_CallingIsSecure_Then_ItReturnsTrue" storage="d:\actions-runner\_work\xpco\xpco\serverconfigurator\binaries\videoos.serverconfigurator.certificateconfigurator.unittest\bin\debug\videoos.serverconfigurator.certificateconfigurator.unittest.dll" id="82095210-5957-eae6-7d52-5ee38597568f">
      <Execution id="487b5ccb-946d-48b6-ba24-a89df89a28eb" />
      <TestMethod codeBase="D:\actions-runner\_work\XPCO\XPCO\ServerConfigurator\Binaries\VideoOS.ServerConfigurator.CertificateConfigurator.UnitTest\bin\Debug\VideoOS.ServerConfigurator.CertificateConfigurator.UnitTest.dll" adapterTypeName="executor://mstestadapter/v1" className="VideoOS.ServerConfigurator.CertificateConfigurator.UnitTest.ManagementServerHelperTests" name="Given_ManagementServerIsSecure_When_CallingIsSecure_Then_ItReturnsTrue" />
    </UnitTest>
    <UnitTest name="Given_DataModelWithACertificateGroup_When_SettingCertificateOnAnExistingGroup_The_AnEventIsFiredAndTheCertificateGroupContainsTheNewCertificateInTheQueryModel" storage="d:\actions-runner\_work\xpco\xpco\serverconfigurator\binaries\videoos.serverconfigurator.certificateconfigurator.unittest\bin\debug\videoos.serverconfigurator.certificateconfigurator.unittest.dll" id="f648643e-749d-6471-b4d9-689434b7e720">
      <Execution id="098d88d8-4ab1-40bf-9066-32a6fabea0a9" />
      <TestMethod codeBase="D:\actions-runner\_work\XPCO\XPCO\ServerConfigurator\Binaries\VideoOS.ServerConfigurator.CertificateConfigurator.UnitTest\bin\Debug\VideoOS.ServerConfigurator.CertificateConfigurator.UnitTest.dll" adapterTypeName="executor://mstestadapter/v1" className="VideoOS.ServerConfigurator.CertificateConfigurator.UnitTest.DataModelTest" name="Given_DataModelWithACertificateGroup_When_SettingCertificateOnAnExistingGroup_The_AnEventIsFiredAndTheCertificateGroupContainsTheNewCertificateInTheQueryModel" />
    </UnitTest>
    <UnitTest name="GivenADataModelIsCreatedWithAServerGroupThatUsesEncryptionAndAClientEndpointThatDependsOnThisGroup_When_SettingAClienRegistrationServerDnsEndpoint_Then_TheModelHostNameOfTheDnsEndpointButWithDefaultSecurePort" storage="d:\actions-runner\_work\xpco\xpco\serverconfigurator\binaries\videoos.serverconfigurator.certificateconfigurator.unittest\bin\debug\videoos.serverconfigurator.certificateconfigurator.unittest.dll" id="100ba3ce-0c91-cf3e-b381-8cd5e5c8299a">
      <Execution id="1bd78d04-323b-41fb-832d-ddaacb56720d" />
      <TestMethod codeBase="D:\actions-runner\_work\XPCO\XPCO\ServerConfigurator\Binaries\VideoOS.ServerConfigurator.CertificateConfigurator.UnitTest\bin\Debug\VideoOS.ServerConfigurator.CertificateConfigurator.UnitTest.dll" adapterTypeName="executor://mstestadapter/v1" className="VideoOS.ServerConfigurator.CertificateConfigurator.UnitTest.ClientRegistrationTest" name="GivenADataModelIsCreatedWithAServerGroupThatUsesEncryptionAndAClientEndpointThatDependsOnThisGroup_When_SettingAClienRegistrationServerDnsEndpoint_Then_TheModelHostNameOfTheDnsEndpointButWithDefaultSecurePort" />
    </UnitTest>
    <UnitTest name="Given_DataModelWithCertificateGroup_When_RemovingAnExistingACertificateGroup_Then_AnEventIsFiredAndItIsNoLongerInTheQueryModel" storage="d:\actions-runner\_work\xpco\xpco\serverconfigurator\binaries\videoos.serverconfigurator.certificateconfigurator.unittest\bin\debug\videoos.serverconfigurator.certificateconfigurator.unittest.dll" id="7b410871-2238-cb8a-4947-3db2b64f6075">
      <Execution id="b9533b6b-f0d5-43d3-ae4d-83f91964d223" />
      <TestMethod codeBase="D:\actions-runner\_work\XPCO\XPCO\ServerConfigurator\Binaries\VideoOS.ServerConfigurator.CertificateConfigurator.UnitTest\bin\Debug\VideoOS.ServerConfigurator.CertificateConfigurator.UnitTest.dll" adapterTypeName="executor://mstestadapter/v1" className="VideoOS.ServerConfigurator.CertificateConfigurator.UnitTest.DataModelTest" name="Given_DataModelWithCertificateGroup_When_RemovingAnExistingACertificateGroup_Then_AnEventIsFiredAndItIsNoLongerInTheQueryModel" />
    </UnitTest>
    <UnitTest name="GivenNothing_When_RegisterAndPreRegisterFails_then_AllMethodsExceptRegisterClientandAreCalledAndReturnCodeIsCorrect" storage="d:\actions-runner\_work\xpco\xpco\serverconfigurator\binaries\videoos.serverconfigurator.certificateconfigurator.unittest\bin\debug\videoos.serverconfigurator.certificateconfigurator.unittest.dll" id="26ceb847-5f0f-0568-fea6-0691339e0efd">
      <Execution id="cbdd69c5-5ec3-46cd-952d-78726958b43d" />
      <TestMethod codeBase="D:\actions-runner\_work\XPCO\XPCO\ServerConfigurator\Binaries\VideoOS.ServerConfigurator.CertificateConfigurator.UnitTest\bin\Debug\VideoOS.ServerConfigurator.CertificateConfigurator.UnitTest.dll" adapterTypeName="executor://mstestadapter/v1" className="VideoOS.ServerConfigurator.CertificateConfigurator.UnitTest.ErrorHandlingTest" name="GivenNothing_When_RegisterAndPreRegisterFails_then_AllMethodsExceptRegisterClientandAreCalledAndReturnCodeIsCorrect" />
    </UnitTest>
    <UnitTest name="GivenACertificateAndADependentClientRegistrarExists_When_CallingApplyAndEncryptionStateChanges_Then_TheCertificateRegistrarsApplyMethofIsCalledAndTheClientRegistrarsRegistersMethodIsCalled" storage="d:\actions-runner\_work\xpco\xpco\serverconfigurator\binaries\videoos.serverconfigurator.certificateconfigurator.unittest\bin\debug\videoos.serverconfigurator.certificateconfigurator.unittest.dll" id="6405b8be-f3d4-9380-1107-b67e50eaeae0">
      <Execution id="5fd6096d-ede4-4d44-a4c3-4538feb1fc23" />
      <TestMethod codeBase="D:\actions-runner\_work\XPCO\XPCO\ServerConfigurator\Binaries\VideoOS.ServerConfigurator.CertificateConfigurator.UnitTest\bin\Debug\VideoOS.ServerConfigurator.CertificateConfigurator.UnitTest.dll" adapterTypeName="executor://mstestadapter/v1" className="VideoOS.ServerConfigurator.CertificateConfigurator.UnitTest.DataModelApplyTest" name="GivenACertificateAndADependentClientRegistrarExists_When_CallingApplyAndEncryptionStateChanges_Then_TheCertificateRegistrarsApplyMethofIsCalledAndTheClientRegistrarsRegistersMethodIsCalled" />
    </UnitTest>
    <UnitTest name="Given_DataModelWithServer_When_RemovingServer_Then_AnEventIsFiredAndItIsNoLongerInTheQueryModel" storage="d:\actions-runner\_work\xpco\xpco\serverconfigurator\binaries\videoos.serverconfigurator.certificateconfigurator.unittest\bin\debug\videoos.serverconfigurator.certificateconfigurator.unittest.dll" id="090b431d-686f-32c6-c8a5-2cbb2979af1b">
      <Execution id="7f876a6a-9496-4b5b-8225-f2407e9feec9" />
      <TestMethod codeBase="D:\actions-runner\_work\XPCO\XPCO\ServerConfigurator\Binaries\VideoOS.ServerConfigurator.CertificateConfigurator.UnitTest\bin\Debug\VideoOS.ServerConfigurator.CertificateConfigurator.UnitTest.dll" adapterTypeName="executor://mstestadapter/v1" className="VideoOS.ServerConfigurator.CertificateConfigurator.UnitTest.DataModelTest" name="Given_DataModelWithServer_When_RemovingServer_Then_AnEventIsFiredAndItIsNoLongerInTheQueryModel" />
    </UnitTest>
    <UnitTest name="Given_DataModelWithServersAndACertificateGroup_When_RemovingACertificateGroupReferredByAServer_Then_AnExceptionIsThrownAndErrorIsLogged" storage="d:\actions-runner\_work\xpco\xpco\serverconfigurator\binaries\videoos.serverconfigurator.certificateconfigurator.unittest\bin\debug\videoos.serverconfigurator.certificateconfigurator.unittest.dll" id="8f121f66-0be3-35f8-8ac8-27bd57738171">
      <Execution id="0bc05664-7fe5-42db-b12c-2e7f6ce1efde" />
      <TestMethod codeBase="D:\actions-runner\_work\XPCO\XPCO\ServerConfigurator\Binaries\VideoOS.ServerConfigurator.CertificateConfigurator.UnitTest\bin\Debug\VideoOS.ServerConfigurator.CertificateConfigurator.UnitTest.dll" adapterTypeName="executor://mstestadapter/v1" className="VideoOS.ServerConfigurator.CertificateConfigurator.UnitTest.DataModelTest" name="Given_DataModelWithServersAndACertificateGroup_When_RemovingACertificateGroupReferredByAServer_Then_AnExceptionIsThrownAndErrorIsLogged" />
    </UnitTest>
    <UnitTest name="GivenADataModelIsCreatedWithASystemConfigurationRegistrarWithChangeHostNamePurpose_When_CallingRegisterClientAndServices_Then_TheConfigurationRegistrarIsExecuted" storage="d:\actions-runner\_work\xpco\xpco\serverconfigurator\binaries\videoos.serverconfigurator.certificateconfigurator.unittest\bin\debug\videoos.serverconfigurator.certificateconfigurator.unittest.dll" id="a43b0a02-2d93-91ed-1100-ab6313fdd679">
      <Execution id="f72ca745-13d6-4f0f-8bb2-dddd84f87de7" />
      <TestMethod codeBase="D:\actions-runner\_work\XPCO\XPCO\ServerConfigurator\Binaries\VideoOS.ServerConfigurator.CertificateConfigurator.UnitTest\bin\Debug\VideoOS.ServerConfigurator.CertificateConfigurator.UnitTest.dll" adapterTypeName="executor://mstestadapter/v1" className="VideoOS.ServerConfigurator.CertificateConfigurator.UnitTest.SystemConfigurationTest" name="GivenADataModelIsCreatedWithASystemConfigurationRegistrarWithChangeHostNamePurpose_When_CallingRegisterClientAndServices_Then_TheConfigurationRegistrarIsExecuted" />
    </UnitTest>
    <UnitTest name="Given_ClientEndpoinDependendsOnUnsercureServerGroupWithNoServerEndpointsAndMsIsSecure_When_VerifyConsistency_then_ItReturnsSuccess" storage="d:\actions-runner\_work\xpco\xpco\serverconfigurator\binaries\videoos.serverconfigurator.certificateconfigurator.unittest\bin\debug\videoos.serverconfigurator.certificateconfigurator.unittest.dll" id="a20dc55c-9070-96db-a987-71787067876e">
      <Execution id="08b3420d-73ac-46e9-bf15-a02746907c64" />
      <TestMethod codeBase="D:\actions-runner\_work\XPCO\XPCO\ServerConfigurator\Binaries\VideoOS.ServerConfigurator.CertificateConfigurator.UnitTest\bin\Debug\VideoOS.ServerConfigurator.CertificateConfigurator.UnitTest.dll" adapterTypeName="executor://mstestadapter/v1" className="VideoOS.ServerConfigurator.CertificateConfigurator.UnitTest.VerifySystemConsistencyTest" name="Given_ClientEndpoinDependendsOnUnsercureServerGroupWithNoServerEndpointsAndMsIsSecure_When_VerifyConsistency_then_ItReturnsSuccess" />
    </UnitTest>
    <UnitTest name="Given_ClientEndpoinDependendsOnunsecureServerGroupAndMsIsSecure_When_VerifyConsistency_then_ItReturnsClientServerInconsistency" storage="d:\actions-runner\_work\xpco\xpco\serverconfigurator\binaries\videoos.serverconfigurator.certificateconfigurator.unittest\bin\debug\videoos.serverconfigurator.certificateconfigurator.unittest.dll" id="f1fb895f-3126-14fd-6dd6-969d9fa60062">
      <Execution id="5ae8422f-0774-445d-9f3d-a3a12896a684" />
      <TestMethod codeBase="D:\actions-runner\_work\XPCO\XPCO\ServerConfigurator\Binaries\VideoOS.ServerConfigurator.CertificateConfigurator.UnitTest\bin\Debug\VideoOS.ServerConfigurator.CertificateConfigurator.UnitTest.dll" adapterTypeName="executor://mstestadapter/v1" className="VideoOS.ServerConfigurator.CertificateConfigurator.UnitTest.VerifySystemConsistencyTest" name="Given_ClientEndpoinDependendsOnunsecureServerGroupAndMsIsSecure_When_VerifyConsistency_then_ItReturnsClientServerInconsistency" />
    </UnitTest>
    <UnitTest name="Given_DataModelWithCertificateGroup_When_AddingAServerCertificateConfiguration_Then_AnEventIsFiredAndItIsContainedInTheReadModel" storage="d:\actions-runner\_work\xpco\xpco\serverconfigurator\binaries\videoos.serverconfigurator.certificateconfigurator.unittest\bin\debug\videoos.serverconfigurator.certificateconfigurator.unittest.dll" id="f87a312b-902e-182d-8f2f-b248445feb78">
      <Execution id="b2665bd8-a28d-426b-acc5-681c91c45979" />
      <TestMethod codeBase="D:\actions-runner\_work\XPCO\XPCO\ServerConfigurator\Binaries\VideoOS.ServerConfigurator.CertificateConfigurator.UnitTest\bin\Debug\VideoOS.ServerConfigurator.CertificateConfigurator.UnitTest.dll" adapterTypeName="executor://mstestadapter/v1" className="VideoOS.ServerConfigurator.CertificateConfigurator.UnitTest.DataModelTest" name="Given_DataModelWithCertificateGroup_When_AddingAServerCertificateConfiguration_Then_AnEventIsFiredAndItIsContainedInTheReadModel" />
    </UnitTest>
    <UnitTest name="GivenTwoServerEndpointsInstalled_When_RegisterAndOneServiceRegistrationIsMissing_Then_AllMethodsAreCalledTwiceAndReturnCodeIsWarning" storage="d:\actions-runner\_work\xpco\xpco\serverconfigurator\binaries\videoos.serverconfigurator.certificateconfigurator.unittest\bin\debug\videoos.serverconfigurator.certificateconfigurator.unittest.dll" id="f6d53516-878d-8061-33c8-b9b8ff4ddaa9">
      <Execution id="ed11d414-3ba2-4d92-8dc8-d884162fd479" />
      <TestMethod codeBase="D:\actions-runner\_work\XPCO\XPCO\ServerConfigurator\Binaries\VideoOS.ServerConfigurator.CertificateConfigurator.UnitTest\bin\Debug\VideoOS.ServerConfigurator.CertificateConfigurator.UnitTest.dll" adapterTypeName="executor://mstestadapter/v1" className="VideoOS.ServerConfigurator.CertificateConfigurator.UnitTest.ErrorHandlingTest" name="GivenTwoServerEndpointsInstalled_When_RegisterAndOneServiceRegistrationIsMissing_Then_AllMethodsAreCalledTwiceAndReturnCodeIsWarning" />
    </UnitTest>
    <UnitTest name="Given_DataModelWithACertificateGroup_When_AddingTheSameCertificateGroup_Then_AnTheCertificateGroupsAreMerged" storage="d:\actions-runner\_work\xpco\xpco\serverconfigurator\binaries\videoos.serverconfigurator.certificateconfigurator.unittest\bin\debug\videoos.serverconfigurator.certificateconfigurator.unittest.dll" id="8fbaf461-050a-72a5-95f6-1ffbfb09133c">
      <Execution id="c58cc9aa-0d18-4cff-89ca-3c21a84e44fa" />
      <TestMethod codeBase="D:\actions-runner\_work\XPCO\XPCO\ServerConfigurator\Binaries\VideoOS.ServerConfigurator.CertificateConfigurator.UnitTest\bin\Debug\VideoOS.ServerConfigurator.CertificateConfigurator.UnitTest.dll" adapterTypeName="executor://mstestadapter/v1" className="VideoOS.ServerConfigurator.CertificateConfigurator.UnitTest.DataModelTest" name="Given_DataModelWithACertificateGroup_When_AddingTheSameCertificateGroup_Then_AnTheCertificateGroupsAreMerged" />
    </UnitTest>
    <UnitTest name="GivenNothing_When_ApplyAndPostRegisterFails_then_AllMethodsAreCalledAndReturnCodeIsCorrect" storage="d:\actions-runner\_work\xpco\xpco\serverconfigurator\binaries\videoos.serverconfigurator.certificateconfigurator.unittest\bin\debug\videoos.serverconfigurator.certificateconfigurator.unittest.dll" id="33dd2569-9dea-404d-74b9-25d7c92c7064">
      <Execution id="0f532f49-2723-478f-b4e2-817ddc7897f8" />
      <TestMethod codeBase="D:\actions-runner\_work\XPCO\XPCO\ServerConfigurator\Binaries\VideoOS.ServerConfigurator.CertificateConfigurator.UnitTest\bin\Debug\VideoOS.ServerConfigurator.CertificateConfigurator.UnitTest.dll" adapterTypeName="executor://mstestadapter/v1" className="VideoOS.ServerConfigurator.CertificateConfigurator.UnitTest.ErrorHandlingTest" name="GivenNothing_When_ApplyAndPostRegisterFails_then_AllMethodsAreCalledAndReturnCodeIsCorrect" />
    </UnitTest>
    <UnitTest name="Given_GroupDoesNotExist_WhenInstallingAServerGroupAndAServer_Then_TheGroupIsUnlocked" storage="d:\actions-runner\_work\xpco\xpco\serverconfigurator\binaries\videoos.serverconfigurator.certificateconfigurator.unittest\bin\debug\videoos.serverconfigurator.certificateconfigurator.unittest.dll" id="c23ec05f-67c7-861c-852d-10543d2c6f2a">
      <Execution id="02ee8604-e997-407d-b10b-c82fa46c7072" />
      <TestMethod codeBase="D:\actions-runner\_work\XPCO\XPCO\ServerConfigurator\Binaries\VideoOS.ServerConfigurator.CertificateConfigurator.UnitTest\bin\Debug\VideoOS.ServerConfigurator.CertificateConfigurator.UnitTest.dll" adapterTypeName="executor://mstestadapter/v1" className="VideoOS.ServerConfigurator.CertificateConfigurator.UnitTest.ServerGroupLockTest" name="Given_GroupDoesNotExist_WhenInstallingAServerGroupAndAServer_Then_TheGroupIsUnlocked" />
    </UnitTest>
    <UnitTest name="GivenADataModelIsCreatedWithAServerEndpointThatHasARegisterServiceImplementationV1_When_CallingRegisterClientAndServices_Then_TheServiceEndpointIsRegisteredByMeansOfCompatibilityProvider" storage="d:\actions-runner\_work\xpco\xpco\serverconfigurator\binaries\videoos.serverconfigurator.certificateconfigurator.unittest\bin\debug\videoos.serverconfigurator.certificateconfigurator.unittest.dll" id="377cde36-2b41-448c-a304-91c173240745">
      <Execution id="d0f4be6e-a764-46ab-8846-9fe6a4f72b50" />
      <TestMethod codeBase="D:\actions-runner\_work\XPCO\XPCO\ServerConfigurator\Binaries\VideoOS.ServerConfigurator.CertificateConfigurator.UnitTest\bin\Debug\VideoOS.ServerConfigurator.CertificateConfigurator.UnitTest.dll" adapterTypeName="executor://mstestadapter/v1" className="VideoOS.ServerConfigurator.CertificateConfigurator.UnitTest.RegisterServicesTest" name="GivenADataModelIsCreatedWithAServerEndpointThatHasARegisterServiceImplementationV1_When_CallingRegisterClientAndServices_Then_TheServiceEndpointIsRegisteredByMeansOfCompatibilityProvider" />
    </UnitTest>
    <UnitTest name="GivenNothing_When_ApplyAndPostRegisterFailsAndPostApplyFails_then_TheErrorFromPostApplyIsReturned" storage="d:\actions-runner\_work\xpco\xpco\serverconfigurator\binaries\videoos.serverconfigurator.certificateconfigurator.unittest\bin\debug\videoos.serverconfigurator.certificateconfigurator.unittest.dll" id="72ec1461-140b-4477-40e0-519f5af86c57">
      <Execution id="d0809be0-067a-40f7-a424-ba757dccbe34" />
      <TestMethod codeBase="D:\actions-runner\_work\XPCO\XPCO\ServerConfigurator\Binaries\VideoOS.ServerConfigurator.CertificateConfigurator.UnitTest\bin\Debug\VideoOS.ServerConfigurator.CertificateConfigurator.UnitTest.dll" adapterTypeName="executor://mstestadapter/v1" className="VideoOS.ServerConfigurator.CertificateConfigurator.UnitTest.ErrorHandlingTest" name="GivenNothing_When_ApplyAndPostRegisterFailsAndPostApplyFails_then_TheErrorFromPostApplyIsReturned" />
    </UnitTest>
    <UnitTest name="Given_GroupNotExistsWithOneServer_WhenReInstallingWithNoServerInTheTheGroup_Then_TheGroupIsLocked" storage="d:\actions-runner\_work\xpco\xpco\serverconfigurator\binaries\videoos.serverconfigurator.certificateconfigurator.unittest\bin\debug\videoos.serverconfigurator.certificateconfigurator.unittest.dll" id="9480d8a1-c258-e07a-8a61-00e291e2979d">
      <Execution id="c2019f1a-ba82-478e-b399-b5f0b1ab3cbb" />
      <TestMethod codeBase="D:\actions-runner\_work\XPCO\XPCO\ServerConfigurator\Binaries\VideoOS.ServerConfigurator.CertificateConfigurator.UnitTest\bin\Debug\VideoOS.ServerConfigurator.CertificateConfigurator.UnitTest.dll" adapterTypeName="executor://mstestadapter/v1" className="VideoOS.ServerConfigurator.CertificateConfigurator.UnitTest.ServerGroupLockTest" name="Given_GroupNotExistsWithOneServer_WhenReInstallingWithNoServerInTheTheGroup_Then_TheGroupIsLocked" />
    </UnitTest>
    <UnitTest name="Given_DataModelWithCertificateGroup_When_AddingAClientEndpointConfiguration_Then_AnEventIsFiredAndItIsContainedInTheReadModel" storage="d:\actions-runner\_work\xpco\xpco\serverconfigurator\binaries\videoos.serverconfigurator.certificateconfigurator.unittest\bin\debug\videoos.serverconfigurator.certificateconfigurator.unittest.dll" id="f624bd96-0d6d-f801-e1fc-86416f77e28b">
      <Execution id="41c0094a-991e-46a9-b33d-3f046f0e39ea" />
      <TestMethod codeBase="D:\actions-runner\_work\XPCO\XPCO\ServerConfigurator\Binaries\VideoOS.ServerConfigurator.CertificateConfigurator.UnitTest\bin\Debug\VideoOS.ServerConfigurator.CertificateConfigurator.UnitTest.dll" adapterTypeName="executor://mstestadapter/v1" className="VideoOS.ServerConfigurator.CertificateConfigurator.UnitTest.DataModelTest" name="Given_DataModelWithCertificateGroup_When_AddingAClientEndpointConfiguration_Then_AnEventIsFiredAndItIsContainedInTheReadModel" />
    </UnitTest>
    <UnitTest name="Given_DataModelWithClientEndpointServer_When_RemovingClientEndpoint_Then_AnEventIsFiredCleanUpIsCalledAndItIsNoLongerInTheQueryModel" storage="d:\actions-runner\_work\xpco\xpco\serverconfigurator\binaries\videoos.serverconfigurator.certificateconfigurator.unittest\bin\debug\videoos.serverconfigurator.certificateconfigurator.unittest.dll" id="abd45714-c563-8ebe-976d-8e1b7fb7d7e3">
      <Execution id="67ddbe23-3904-4f6b-9cb2-e12d65ffff7c" />
      <TestMethod codeBase="D:\actions-runner\_work\XPCO\XPCO\ServerConfigurator\Binaries\VideoOS.ServerConfigurator.CertificateConfigurator.UnitTest\bin\Debug\VideoOS.ServerConfigurator.CertificateConfigurator.UnitTest.dll" adapterTypeName="executor://mstestadapter/v1" className="VideoOS.ServerConfigurator.CertificateConfigurator.UnitTest.DataModelTest" name="Given_DataModelWithClientEndpointServer_When_RemovingClientEndpoint_Then_AnEventIsFiredCleanUpIsCalledAndItIsNoLongerInTheQueryModel" />
    </UnitTest>
    <UnitTest name="Given_ClientEndpoinDependendsOnSercureServerGroupAndMsIsSecure_When_VerifyConsistency_then_ItReturnsSuccess" storage="d:\actions-runner\_work\xpco\xpco\serverconfigurator\binaries\videoos.serverconfigurator.certificateconfigurator.unittest\bin\debug\videoos.serverconfigurator.certificateconfigurator.unittest.dll" id="7bccd44c-4e6c-46a0-79b4-b2a39b2362e9">
      <Execution id="c561ed01-d8c4-4166-bf63-d7e52c442077" />
      <TestMethod codeBase="D:\actions-runner\_work\XPCO\XPCO\ServerConfigurator\Binaries\VideoOS.ServerConfigurator.CertificateConfigurator.UnitTest\bin\Debug\VideoOS.ServerConfigurator.CertificateConfigurator.UnitTest.dll" adapterTypeName="executor://mstestadapter/v1" className="VideoOS.ServerConfigurator.CertificateConfigurator.UnitTest.VerifySystemConsistencyTest" name="Given_ClientEndpoinDependendsOnSercureServerGroupAndMsIsSecure_When_VerifyConsistency_then_ItReturnsSuccess" />
    </UnitTest>
    <UnitTest name="GivenNothing_When_RegisterAndPostRegisterFails_then_AllMethodsAreCalledAndReturnCodeIsCorrect" storage="d:\actions-runner\_work\xpco\xpco\serverconfigurator\binaries\videoos.serverconfigurator.certificateconfigurator.unittest\bin\debug\videoos.serverconfigurator.certificateconfigurator.unittest.dll" id="e7371a22-2f23-0863-02da-f4bfe38c59ee">
      <Execution id="756fc555-4903-4b85-8921-c8e47fcbea77" />
      <TestMethod codeBase="D:\actions-runner\_work\XPCO\XPCO\ServerConfigurator\Binaries\VideoOS.ServerConfigurator.CertificateConfigurator.UnitTest\bin\Debug\VideoOS.ServerConfigurator.CertificateConfigurator.UnitTest.dll" adapterTypeName="executor://mstestadapter/v1" className="VideoOS.ServerConfigurator.CertificateConfigurator.UnitTest.ErrorHandlingTest" name="GivenNothing_When_RegisterAndPostRegisterFails_then_AllMethodsAreCalledAndReturnCodeIsCorrect" />
    </UnitTest>
    <UnitTest name="Given_DataModel_When_ClientRegisterServerIsSet_Then_TheServerCanBeReadInTheQueryModel" storage="d:\actions-runner\_work\xpco\xpco\serverconfigurator\binaries\videoos.serverconfigurator.certificateconfigurator.unittest\bin\debug\videoos.serverconfigurator.certificateconfigurator.unittest.dll" id="618a7bd6-1577-2c2f-9584-470a0f68b1a1">
      <Execution id="364e5fef-a22c-4e91-8218-de8febe2f521" />
      <TestMethod codeBase="D:\actions-runner\_work\XPCO\XPCO\ServerConfigurator\Binaries\VideoOS.ServerConfigurator.CertificateConfigurator.UnitTest\bin\Debug\VideoOS.ServerConfigurator.CertificateConfigurator.UnitTest.dll" adapterTypeName="executor://mstestadapter/v1" className="VideoOS.ServerConfigurator.CertificateConfigurator.UnitTest.DataModelTest" name="Given_DataModel_When_ClientRegisterServerIsSet_Then_TheServerCanBeReadInTheQueryModel" />
    </UnitTest>
    <UnitTest name="Given_ACertificateGroupThatIsNotLocked_When_ChangingEncryptionState_Then_EncryptionStateIsChanged" storage="d:\actions-runner\_work\xpco\xpco\serverconfigurator\binaries\videoos.serverconfigurator.certificateconfigurator.unittest\bin\debug\videoos.serverconfigurator.certificateconfigurator.unittest.dll" id="59f5b942-7d03-9634-0e77-18b159db6a5b">
      <Execution id="03edfca5-483b-4df8-95d5-72f3fc2c6032" />
      <TestMethod codeBase="D:\actions-runner\_work\XPCO\XPCO\ServerConfigurator\Binaries\VideoOS.ServerConfigurator.CertificateConfigurator.UnitTest\bin\Debug\VideoOS.ServerConfigurator.CertificateConfigurator.UnitTest.dll" adapterTypeName="executor://mstestadapter/v1" className="VideoOS.ServerConfigurator.CertificateConfigurator.UnitTest.ServerGroupLockTest" name="Given_ACertificateGroupThatIsNotLocked_When_ChangingEncryptionState_Then_EncryptionStateIsChanged" />
    </UnitTest>
    <UnitTest name="GivenADataModelIsCreatedWithEncryptionDisabledAndBothSecureAndUnsecureRegistrationServersDefined_When_CallingSetManagementServer_WithPathInUri_ExpectAnException" storage="d:\actions-runner\_work\xpco\xpco\serverconfigurator\binaries\videoos.serverconfigurator.certificateconfigurator.unittest\bin\debug\videoos.serverconfigurator.certificateconfigurator.unittest.dll" id="849ea455-cd31-b2d8-a180-245d545b8516">
      <Execution id="794b36c9-6b1f-4e38-879e-68438e055831" />
      <TestMethod codeBase="D:\actions-runner\_work\XPCO\XPCO\ServerConfigurator\Binaries\VideoOS.ServerConfigurator.CertificateConfigurator.UnitTest\bin\Debug\VideoOS.ServerConfigurator.CertificateConfigurator.UnitTest.dll" adapterTypeName="executor://mstestadapter/v1" className="VideoOS.ServerConfigurator.CertificateConfigurator.UnitTest.ClientRegistrationTest" name="GivenADataModelIsCreatedWithEncryptionDisabledAndBothSecureAndUnsecureRegistrationServersDefined_When_CallingSetManagementServer_WithPathInUri_ExpectAnException" />
    </UnitTest>
    <UnitTest name="Given_DataModelWithTwoCertificateGroupsAndAClientEndpoint_When_ChangingStatusOfUseEncryption_ClientRegistrationServerModifiedIsFiredIfAndOnlyIfAClientEndpointDependsOnThisGroup" storage="d:\actions-runner\_work\xpco\xpco\serverconfigurator\binaries\videoos.serverconfigurator.certificateconfigurator.unittest\bin\debug\videoos.serverconfigurator.certificateconfigurator.unittest.dll" id="d0aaeb74-b9d2-b511-2030-916229d93667">
      <Execution id="67258441-6776-43fd-b1a3-f509c999a546" />
      <TestMethod codeBase="D:\actions-runner\_work\XPCO\XPCO\ServerConfigurator\Binaries\VideoOS.ServerConfigurator.CertificateConfigurator.UnitTest\bin\Debug\VideoOS.ServerConfigurator.CertificateConfigurator.UnitTest.dll" adapterTypeName="executor://mstestadapter/v1" className="VideoOS.ServerConfigurator.CertificateConfigurator.UnitTest.DataModelTest" name="Given_DataModelWithTwoCertificateGroupsAndAClientEndpoint_When_ChangingStatusOfUseEncryption_ClientRegistrationServerModifiedIsFiredIfAndOnlyIfAClientEndpointDependsOnThisGroup" />
    </UnitTest>
    <UnitTest name="GivenADataModelIsCreatedWithAServerEndpointThatHasARegisterServiceImplementationV2_When_CallingRegisterClientAndServices_Then_TheServiceEndpointIsRegisteredByMeansOfCompatibilityProvider" storage="d:\actions-runner\_work\xpco\xpco\serverconfigurator\binaries\videoos.serverconfigurator.certificateconfigurator.unittest\bin\debug\videoos.serverconfigurator.certificateconfigurator.unittest.dll" id="f1827e0a-e61b-2eef-41e2-df2b742da6b5">
      <Execution id="d20f8d9a-ff16-48af-a941-14431f675689" />
      <TestMethod codeBase="D:\actions-runner\_work\XPCO\XPCO\ServerConfigurator\Binaries\VideoOS.ServerConfigurator.CertificateConfigurator.UnitTest\bin\Debug\VideoOS.ServerConfigurator.CertificateConfigurator.UnitTest.dll" adapterTypeName="executor://mstestadapter/v1" className="VideoOS.ServerConfigurator.CertificateConfigurator.UnitTest.RegisterServicesTest" name="GivenADataModelIsCreatedWithAServerEndpointThatHasARegisterServiceImplementationV2_When_CallingRegisterClientAndServices_Then_TheServiceEndpointIsRegisteredByMeansOfCompatibilityProvider" />
    </UnitTest>
    <UnitTest name="Given_ACertificateGroupThatLocked_When_SettingSelectedCertificateToADifferentValue_Then_AnExceptionIsThrown2" storage="d:\actions-runner\_work\xpco\xpco\serverconfigurator\binaries\videoos.serverconfigurator.certificateconfigurator.unittest\bin\debug\videoos.serverconfigurator.certificateconfigurator.unittest.dll" id="97e87ceb-d14c-a2ad-6c0b-d02531c54591">
      <Execution id="7876a602-4236-4e3c-8984-9529e4d80066" />
      <TestMethod codeBase="D:\actions-runner\_work\XPCO\XPCO\ServerConfigurator\Binaries\VideoOS.ServerConfigurator.CertificateConfigurator.UnitTest\bin\Debug\VideoOS.ServerConfigurator.CertificateConfigurator.UnitTest.dll" adapterTypeName="executor://mstestadapter/v1" className="VideoOS.ServerConfigurator.CertificateConfigurator.UnitTest.ServerGroupLockTest" name="Given_ACertificateGroupThatLocked_When_SettingSelectedCertificateToADifferentValue_Then_AnExceptionIsThrown2" />
    </UnitTest>
    <UnitTest name="Given_IdpAddressIsNotDefined_When_CallingIsSecure_Then_ItReturnsNull" storage="d:\actions-runner\_work\xpco\xpco\serverconfigurator\binaries\videoos.serverconfigurator.certificateconfigurator.unittest\bin\debug\videoos.serverconfigurator.certificateconfigurator.unittest.dll" id="0c78deec-7c1b-003b-0268-776253ba266a">
      <Execution id="8bf45059-5f76-44d6-995e-b8a855dd08f9" />
      <TestMethod codeBase="D:\actions-runner\_work\XPCO\XPCO\ServerConfigurator\Binaries\VideoOS.ServerConfigurator.CertificateConfigurator.UnitTest\bin\Debug\VideoOS.ServerConfigurator.CertificateConfigurator.UnitTest.dll" adapterTypeName="executor://mstestadapter/v1" className="VideoOS.ServerConfigurator.CertificateConfigurator.UnitTest.ManagementServerHelperTests" name="Given_IdpAddressIsNotDefined_When_CallingIsSecure_Then_ItReturnsNull" />
    </UnitTest>
    <UnitTest name="GivenNothing_When_PostApplyFails_then_RegisterMethodsAreCalledPostApplyIsCalledAndReturnCodeIsCorrect" storage="d:\actions-runner\_work\xpco\xpco\serverconfigurator\binaries\videoos.serverconfigurator.certificateconfigurator.unittest\bin\debug\videoos.serverconfigurator.certificateconfigurator.unittest.dll" id="2e768cfe-5d88-0e13-1c3d-3041fb7423ea">
      <Execution id="879df0d5-78f7-43fa-8e3b-bc00d57cf1da" />
      <TestMethod codeBase="D:\actions-runner\_work\XPCO\XPCO\ServerConfigurator\Binaries\VideoOS.ServerConfigurator.CertificateConfigurator.UnitTest\bin\Debug\VideoOS.ServerConfigurator.CertificateConfigurator.UnitTest.dll" adapterTypeName="executor://mstestadapter/v1" className="VideoOS.ServerConfigurator.CertificateConfigurator.UnitTest.ErrorHandlingTest" name="GivenNothing_When_PostApplyFails_then_RegisterMethodsAreCalledPostApplyIsCalledAndReturnCodeIsCorrect" />
    </UnitTest>
    <UnitTest name="GivenADataModelIsCreatedWithAServerGroupWithoutServerEndpointsThatUsesEncryptionAndAClientEndpointThatDependsOnThisGroup_When_SettingAClienRegistrationServerUri_Then_TheModelContainsTheUri" storage="d:\actions-runner\_work\xpco\xpco\serverconfigurator\binaries\videoos.serverconfigurator.certificateconfigurator.unittest\bin\debug\videoos.serverconfigurator.certificateconfigurator.unittest.dll" id="d0f05c06-51d1-5c4c-3deb-49493684a84a">
      <Execution id="1b4b2a88-30ad-4f99-8352-1c25a949ec5c" />
      <TestMethod codeBase="D:\actions-runner\_work\XPCO\XPCO\ServerConfigurator\Binaries\VideoOS.ServerConfigurator.CertificateConfigurator.UnitTest\bin\Debug\VideoOS.ServerConfigurator.CertificateConfigurator.UnitTest.dll" adapterTypeName="executor://mstestadapter/v1" className="VideoOS.ServerConfigurator.CertificateConfigurator.UnitTest.ClientRegistrationTest" name="GivenADataModelIsCreatedWithAServerGroupWithoutServerEndpointsThatUsesEncryptionAndAClientEndpointThatDependsOnThisGroup_When_SettingAClienRegistrationServerUri_Then_TheModelContainsTheUri" />
    </UnitTest>
    <UnitTest name="GivenNothing_When_InitializeOnApplyFails_then_NoFurtherMethodsAreCalledAndReturnCodeIsCorrect" storage="d:\actions-runner\_work\xpco\xpco\serverconfigurator\binaries\videoos.serverconfigurator.certificateconfigurator.unittest\bin\debug\videoos.serverconfigurator.certificateconfigurator.unittest.dll" id="d4a901de-d919-828b-073d-26f76f579206">
      <Execution id="c5801900-5cde-4ec9-bd74-c38cb6b014fd" />
      <TestMethod codeBase="D:\actions-runner\_work\XPCO\XPCO\ServerConfigurator\Binaries\VideoOS.ServerConfigurator.CertificateConfigurator.UnitTest\bin\Debug\VideoOS.ServerConfigurator.CertificateConfigurator.UnitTest.dll" adapterTypeName="executor://mstestadapter/v1" className="VideoOS.ServerConfigurator.CertificateConfigurator.UnitTest.ErrorHandlingTest" name="GivenNothing_When_InitializeOnApplyFails_then_NoFurtherMethodsAreCalledAndReturnCodeIsCorrect" />
    </UnitTest>
    <UnitTest name="GivenADataModelIsCreatedWithAndContainsAnClientRegistrationDnsEndpoint_When_SettingAClienRegistrationServerUri_Then_DnsEndpointIsIgnoredAndTheModelContainsTheNewUri" storage="d:\actions-runner\_work\xpco\xpco\serverconfigurator\binaries\videoos.serverconfigurator.certificateconfigurator.unittest\bin\debug\videoos.serverconfigurator.certificateconfigurator.unittest.dll" id="9f224ceb-e299-28cf-8110-68b905b94f2e">
      <Execution id="481dc521-3066-4e0e-b581-c84935b61176" />
      <TestMethod codeBase="D:\actions-runner\_work\XPCO\XPCO\ServerConfigurator\Binaries\VideoOS.ServerConfigurator.CertificateConfigurator.UnitTest\bin\Debug\VideoOS.ServerConfigurator.CertificateConfigurator.UnitTest.dll" adapterTypeName="executor://mstestadapter/v1" className="VideoOS.ServerConfigurator.CertificateConfigurator.UnitTest.ClientRegistrationTest" name="GivenADataModelIsCreatedWithAndContainsAnClientRegistrationDnsEndpoint_When_SettingAClienRegistrationServerUri_Then_DnsEndpointIsIgnoredAndTheModelContainsTheNewUri" />
    </UnitTest>
    <UnitTest name="GivenTwoCertificateGroupsExistsEachWithOneServerEndpoints_When_CallingApplyCertificateOnOneGroup_Then_TheRegistrarsApplyMethodIsCalledOnlyOnTheServerEndpointInTheSelectedGroup" storage="d:\actions-runner\_work\xpco\xpco\serverconfigurator\binaries\videoos.serverconfigurator.certificateconfigurator.unittest\bin\debug\videoos.serverconfigurator.certificateconfigurator.unittest.dll" id="8b14ea64-c5df-69fb-6702-821ad59099df">
      <Execution id="a66f599c-1f12-4286-a549-9b010c9f053f" />
      <TestMethod codeBase="D:\actions-runner\_work\XPCO\XPCO\ServerConfigurator\Binaries\VideoOS.ServerConfigurator.CertificateConfigurator.UnitTest\bin\Debug\VideoOS.ServerConfigurator.CertificateConfigurator.UnitTest.dll" adapterTypeName="executor://mstestadapter/v1" className="VideoOS.ServerConfigurator.CertificateConfigurator.UnitTest.DataModelApplyTest" name="GivenTwoCertificateGroupsExistsEachWithOneServerEndpoints_When_CallingApplyCertificateOnOneGroup_Then_TheRegistrarsApplyMethodIsCalledOnlyOnTheServerEndpointInTheSelectedGroup" />
    </UnitTest>
    <UnitTest name="Register_ShouldSetNewHostname" storage="d:\actions-runner\_work\xpco\xpco\serverconfigurator\binaries\videoos.serverconfigurator.certificateconfigurator.unittest\bin\debug\videoos.serverconfigurator.certificateconfigurator.unittest.dll" id="82415c1e-93c0-2941-2638-d32e78871e7d">
      <Execution id="15117349-b4d6-4157-8b50-9d42e64d5eb1" />
      <TestMethod codeBase="D:\actions-runner\_work\XPCO\XPCO\ServerConfigurator\Binaries\VideoOS.ServerConfigurator.CertificateConfigurator.UnitTest\bin\Debug\VideoOS.ServerConfigurator.CertificateConfigurator.UnitTest.dll" adapterTypeName="executor://mstestadapter/v1" className="VideoOS.ServerConfigurator.CertificateConfigurator.UnitTest.SetSqlServerHandlerTest" name="Register_ShouldSetNewHostname" />
    </UnitTest>
    <UnitTest name="GivenADataModelIsCreatedWithAClientEndpointAndNoDependencyGroupAndPreferredSecureStateTrue_When_CallingRegisterClientAndServices_Then_TheServerAddressIsSetWithSecureAddress" storage="d:\actions-runner\_work\xpco\xpco\serverconfigurator\binaries\videoos.serverconfigurator.certificateconfigurator.unittest\bin\debug\videoos.serverconfigurator.certificateconfigurator.unittest.dll" id="22d540f1-ba9c-290d-427c-c5da6709af64">
      <Execution id="e8b88228-5927-4572-b01d-bced4210830f" />
      <TestMethod codeBase="D:\actions-runner\_work\XPCO\XPCO\ServerConfigurator\Binaries\VideoOS.ServerConfigurator.CertificateConfigurator.UnitTest\bin\Debug\VideoOS.ServerConfigurator.CertificateConfigurator.UnitTest.dll" adapterTypeName="executor://mstestadapter/v1" className="VideoOS.ServerConfigurator.CertificateConfigurator.UnitTest.SetServerAddressTest" name="GivenADataModelIsCreatedWithAClientEndpointAndNoDependencyGroupAndPreferredSecureStateTrue_When_CallingRegisterClientAndServices_Then_TheServerAddressIsSetWithSecureAddress" />
    </UnitTest>
    <UnitTest name="GivenADataModelIsCreatedWithAServerEndpointThatHasARegisterServiceImplementation_When_EndpointIsRemoved_Then_CleanupIsCalled" storage="d:\actions-runner\_work\xpco\xpco\serverconfigurator\binaries\videoos.serverconfigurator.certificateconfigurator.unittest\bin\debug\videoos.serverconfigurator.certificateconfigurator.unittest.dll" id="b195dcfa-16f6-fa59-c233-8b0cc6e57cb4">
      <Execution id="159f3564-e2d5-48c6-8490-9fbda72f9679" />
      <TestMethod codeBase="D:\actions-runner\_work\XPCO\XPCO\ServerConfigurator\Binaries\VideoOS.ServerConfigurator.CertificateConfigurator.UnitTest\bin\Debug\VideoOS.ServerConfigurator.CertificateConfigurator.UnitTest.dll" adapterTypeName="executor://mstestadapter/v1" className="VideoOS.ServerConfigurator.CertificateConfigurator.UnitTest.RegisterServicesTest" name="GivenADataModelIsCreatedWithAServerEndpointThatHasARegisterServiceImplementation_When_EndpointIsRemoved_Then_CleanupIsCalled" />
    </UnitTest>
    <UnitTest name="Given_DataModelContainsAConfigurationElementThatIsManagementServer_When_Nothing_Then_TheIsmanagementServerLocalIsTrue" storage="d:\actions-runner\_work\xpco\xpco\serverconfigurator\binaries\videoos.serverconfigurator.certificateconfigurator.unittest\bin\debug\videoos.serverconfigurator.certificateconfigurator.unittest.dll" id="26c50802-7b1a-8df0-d1f3-5fec3fe690e6">
      <Execution id="c5b6ca5a-0e86-4a95-9407-380981022840" />
      <TestMethod codeBase="D:\actions-runner\_work\XPCO\XPCO\ServerConfigurator\Binaries\VideoOS.ServerConfigurator.CertificateConfigurator.UnitTest\bin\Debug\VideoOS.ServerConfigurator.CertificateConfigurator.UnitTest.dll" adapterTypeName="executor://mstestadapter/v1" className="VideoOS.ServerConfigurator.CertificateConfigurator.UnitTest.DataModelTest" name="Given_DataModelContainsAConfigurationElementThatIsManagementServer_When_Nothing_Then_TheIsmanagementServerLocalIsTrue" />
    </UnitTest>
    <UnitTest name="Given_DataModel_When_RemovingAServerThatDoesNotExist_Then_AnExceptionIsThrownAndErrorIsLogged" storage="d:\actions-runner\_work\xpco\xpco\serverconfigurator\binaries\videoos.serverconfigurator.certificateconfigurator.unittest\bin\debug\videoos.serverconfigurator.certificateconfigurator.unittest.dll" id="6bd5f2a1-8e1e-49a6-ae6e-29936b14b9ff">
      <Execution id="2caa859d-2b01-4b63-ab21-c710cd982a30" />
      <TestMethod codeBase="D:\actions-runner\_work\XPCO\XPCO\ServerConfigurator\Binaries\VideoOS.ServerConfigurator.CertificateConfigurator.UnitTest\bin\Debug\VideoOS.ServerConfigurator.CertificateConfigurator.UnitTest.dll" adapterTypeName="executor://mstestadapter/v1" className="VideoOS.ServerConfigurator.CertificateConfigurator.UnitTest.DataModelTest" name="Given_DataModel_When_RemovingAServerThatDoesNotExist_Then_AnExceptionIsThrownAndErrorIsLogged" />
    </UnitTest>
    <UnitTest name="Given_ManagementServerIsRemoteAndSecure_When_IsManagementSecure_Then_ItReturnsTrue" storage="d:\actions-runner\_work\xpco\xpco\serverconfigurator\binaries\videoos.serverconfigurator.certificateconfigurator.unittest\bin\debug\videoos.serverconfigurator.certificateconfigurator.unittest.dll" id="adba7ef7-32b8-2676-c16a-97c3bacce91e">
      <Execution id="1dee1d6e-17d4-418c-b66d-ff19a7f19eec" />
      <TestMethod codeBase="D:\actions-runner\_work\XPCO\XPCO\ServerConfigurator\Binaries\VideoOS.ServerConfigurator.CertificateConfigurator.UnitTest\bin\Debug\VideoOS.ServerConfigurator.CertificateConfigurator.UnitTest.dll" adapterTypeName="executor://mstestadapter/v1" className="VideoOS.ServerConfigurator.CertificateConfigurator.UnitTest.DataModelTest" name="Given_ManagementServerIsRemoteAndSecure_When_IsManagementSecure_Then_ItReturnsTrue" />
    </UnitTest>
    <UnitTest name="GivenADataModelIsCreatedWithAClientEndpointAndNoDependencyGroup_When_CallingRegisterClientAndServices_Then_TheServerAddressIsSetWithUnsecureAddress" storage="d:\actions-runner\_work\xpco\xpco\serverconfigurator\binaries\videoos.serverconfigurator.certificateconfigurator.unittest\bin\debug\videoos.serverconfigurator.certificateconfigurator.unittest.dll" id="d2372c5e-181d-b2ec-550e-b838c22baccc">
      <Execution id="1a6ee04e-8f23-4280-ba62-5cbfc285bf6e" />
      <TestMethod codeBase="D:\actions-runner\_work\XPCO\XPCO\ServerConfigurator\Binaries\VideoOS.ServerConfigurator.CertificateConfigurator.UnitTest\bin\Debug\VideoOS.ServerConfigurator.CertificateConfigurator.UnitTest.dll" adapterTypeName="executor://mstestadapter/v1" className="VideoOS.ServerConfigurator.CertificateConfigurator.UnitTest.SetServerAddressTest" name="GivenADataModelIsCreatedWithAClientEndpointAndNoDependencyGroup_When_CallingRegisterClientAndServices_Then_TheServerAddressIsSetWithUnsecureAddress" />
    </UnitTest>
    <UnitTest name="Given_DataModelWithOneClientEndpoint_When_AddingTheSameEndpoint_Then_TheOldEndpointIsReplacedByTheNewOne" storage="d:\actions-runner\_work\xpco\xpco\serverconfigurator\binaries\videoos.serverconfigurator.certificateconfigurator.unittest\bin\debug\videoos.serverconfigurator.certificateconfigurator.unittest.dll" id="a28387c2-bec3-4f9e-686c-adced300ecf7">
      <Execution id="8d7117e8-f274-4e32-94bd-67b724d009e1" />
      <TestMethod codeBase="D:\actions-runner\_work\XPCO\XPCO\ServerConfigurator\Binaries\VideoOS.ServerConfigurator.CertificateConfigurator.UnitTest\bin\Debug\VideoOS.ServerConfigurator.CertificateConfigurator.UnitTest.dll" adapterTypeName="executor://mstestadapter/v1" className="VideoOS.ServerConfigurator.CertificateConfigurator.UnitTest.DataModelTest" name="Given_DataModelWithOneClientEndpoint_When_AddingTheSameEndpoint_Then_TheOldEndpointIsReplacedByTheNewOne" />
    </UnitTest>
    <UnitTest name="GivenNothing_When_ApplyFailsAndPostApplyFails_then_TheErrorFromApplyMethodIsCorrect" storage="d:\actions-runner\_work\xpco\xpco\serverconfigurator\binaries\videoos.serverconfigurator.certificateconfigurator.unittest\bin\debug\videoos.serverconfigurator.certificateconfigurator.unittest.dll" id="a4fb97e4-c040-441f-caee-fc619c8ab3cd">
      <Execution id="58ff0f06-4a38-497f-b856-a66309f59349" />
      <TestMethod codeBase="D:\actions-runner\_work\XPCO\XPCO\ServerConfigurator\Binaries\VideoOS.ServerConfigurator.CertificateConfigurator.UnitTest\bin\Debug\VideoOS.ServerConfigurator.CertificateConfigurator.UnitTest.dll" adapterTypeName="executor://mstestadapter/v1" className="VideoOS.ServerConfigurator.CertificateConfigurator.UnitTest.ErrorHandlingTest" name="GivenNothing_When_ApplyFailsAndPostApplyFails_then_TheErrorFromApplyMethodIsCorrect" />
    </UnitTest>
    <UnitTest name="GivenAClientEndpointAndADependentClientRegistrarExists_When_RegisterClients_Then_TheClientRegistrarsRegistersMethodIsCalled" storage="d:\actions-runner\_work\xpco\xpco\serverconfigurator\binaries\videoos.serverconfigurator.certificateconfigurator.unittest\bin\debug\videoos.serverconfigurator.certificateconfigurator.unittest.dll" id="957805b7-bca4-1646-7333-7cc81433e31f">
      <Execution id="89889109-c07f-4980-81be-98193abf7238" />
      <TestMethod codeBase="D:\actions-runner\_work\XPCO\XPCO\ServerConfigurator\Binaries\VideoOS.ServerConfigurator.CertificateConfigurator.UnitTest\bin\Debug\VideoOS.ServerConfigurator.CertificateConfigurator.UnitTest.dll" adapterTypeName="executor://mstestadapter/v1" className="VideoOS.ServerConfigurator.CertificateConfigurator.UnitTest.DataModelApplyTest" name="GivenAClientEndpointAndADependentClientRegistrarExists_When_RegisterClients_Then_TheClientRegistrarsRegistersMethodIsCalled" />
    </UnitTest>
    <UnitTest name="Given_ManagementServerIsUnsecure_When_CallingIsSecure_Then_ItReturnsFalse" storage="d:\actions-runner\_work\xpco\xpco\serverconfigurator\binaries\videoos.serverconfigurator.certificateconfigurator.unittest\bin\debug\videoos.serverconfigurator.certificateconfigurator.unittest.dll" id="b6e4f4b8-6b61-28b3-8acd-1ff1a62d4e64">
      <Execution id="7dbbd66d-9182-4c9e-8628-582dfdac5971" />
      <TestMethod codeBase="D:\actions-runner\_work\XPCO\XPCO\ServerConfigurator\Binaries\VideoOS.ServerConfigurator.CertificateConfigurator.UnitTest\bin\Debug\VideoOS.ServerConfigurator.CertificateConfigurator.UnitTest.dll" adapterTypeName="executor://mstestadapter/v1" className="VideoOS.ServerConfigurator.CertificateConfigurator.UnitTest.ManagementServerHelperTests" name="Given_ManagementServerIsUnsecure_When_CallingIsSecure_Then_ItReturnsFalse" />
    </UnitTest>
    <UnitTest name="Given_DataModelContainsAConfigurationElementThatIsManagementServer_When_SettingOverrideLocalManagementServer_Then_TheIsmanagementServerLocalIsFalse" storage="d:\actions-runner\_work\xpco\xpco\serverconfigurator\binaries\videoos.serverconfigurator.certificateconfigurator.unittest\bin\debug\videoos.serverconfigurator.certificateconfigurator.unittest.dll" id="8b3f0756-4fe1-6402-dd55-e88dc7b0f947">
      <Execution id="e9d584c9-4be9-4c2e-9cdb-37e5ee50866c" />
      <TestMethod codeBase="D:\actions-runner\_work\XPCO\XPCO\ServerConfigurator\Binaries\VideoOS.ServerConfigurator.CertificateConfigurator.UnitTest\bin\Debug\VideoOS.ServerConfigurator.CertificateConfigurator.UnitTest.dll" adapterTypeName="executor://mstestadapter/v1" className="VideoOS.ServerConfigurator.CertificateConfigurator.UnitTest.DataModelTest" name="Given_DataModelContainsAConfigurationElementThatIsManagementServer_When_SettingOverrideLocalManagementServer_Then_TheIsmanagementServerLocalIsFalse" />
    </UnitTest>
    <UnitTest name="Given_DataModel_When_SettingCertificateOnAGroupThatDoesNotExist_Then_AnExceptionIsThrownAndErrorIsLogged" storage="d:\actions-runner\_work\xpco\xpco\serverconfigurator\binaries\videoos.serverconfigurator.certificateconfigurator.unittest\bin\debug\videoos.serverconfigurator.certificateconfigurator.unittest.dll" id="4376ce42-ae16-1b80-8263-bb020569e56e">
      <Execution id="353bb011-0666-4203-ac55-77ebf030512a" />
      <TestMethod codeBase="D:\actions-runner\_work\XPCO\XPCO\ServerConfigurator\Binaries\VideoOS.ServerConfigurator.CertificateConfigurator.UnitTest\bin\Debug\VideoOS.ServerConfigurator.CertificateConfigurator.UnitTest.dll" adapterTypeName="executor://mstestadapter/v1" className="VideoOS.ServerConfigurator.CertificateConfigurator.UnitTest.DataModelTest" name="Given_DataModel_When_SettingCertificateOnAGroupThatDoesNotExist_Then_AnExceptionIsThrownAndErrorIsLogged" />
    </UnitTest>
    <UnitTest name="Given_ACertificateGroupThatLocked_When_SettingEncryptionStateToSameValue_Then_NothingHappens" storage="d:\actions-runner\_work\xpco\xpco\serverconfigurator\binaries\videoos.serverconfigurator.certificateconfigurator.unittest\bin\debug\videoos.serverconfigurator.certificateconfigurator.unittest.dll" id="ea8b4689-624d-1ba0-c275-ea893252147e">
      <Execution id="cd5c139f-f4f9-47a7-a3dc-5928af7f130b" />
      <TestMethod codeBase="D:\actions-runner\_work\XPCO\XPCO\ServerConfigurator\Binaries\VideoOS.ServerConfigurator.CertificateConfigurator.UnitTest\bin\Debug\VideoOS.ServerConfigurator.CertificateConfigurator.UnitTest.dll" adapterTypeName="executor://mstestadapter/v1" className="VideoOS.ServerConfigurator.CertificateConfigurator.UnitTest.ServerGroupLockTest" name="Given_ACertificateGroupThatLocked_When_SettingEncryptionStateToSameValue_Then_NothingHappens" />
    </UnitTest>
    <UnitTest name="Given_ManagementServerIsRemoteAndUnsecure_When_IsManagementSecure_Then_ItReturnsFalse" storage="d:\actions-runner\_work\xpco\xpco\serverconfigurator\binaries\videoos.serverconfigurator.certificateconfigurator.unittest\bin\debug\videoos.serverconfigurator.certificateconfigurator.unittest.dll" id="5cbfd5bb-08ce-60b2-f4c9-622cbdc929e7">
      <Execution id="25ee2e84-3f7f-49f7-a1cc-dc51a52709d1" />
      <TestMethod codeBase="D:\actions-runner\_work\XPCO\XPCO\ServerConfigurator\Binaries\VideoOS.ServerConfigurator.CertificateConfigurator.UnitTest\bin\Debug\VideoOS.ServerConfigurator.CertificateConfigurator.UnitTest.dll" adapterTypeName="executor://mstestadapter/v1" className="VideoOS.ServerConfigurator.CertificateConfigurator.UnitTest.DataModelTest" name="Given_ManagementServerIsRemoteAndUnsecure_When_IsManagementSecure_Then_ItReturnsFalse" />
    </UnitTest>
    <UnitTest name="GivenADataModelIsCreatedWithAServerGroupAndAClientEndpointThatDependsOnAndAClienRegistrationServerUriWithoutPath_When_CallingRegisterClientTheClientEndpointIsRegisteredWithUriIncludingIdpPath" storage="d:\actions-runner\_work\xpco\xpco\serverconfigurator\binaries\videoos.serverconfigurator.certificateconfigurator.unittest\bin\debug\videoos.serverconfigurator.certificateconfigurator.unittest.dll" id="4ff54da2-1962-6d98-a865-9a6105cfd337">
      <Execution id="b8afbac2-9f66-44e1-afdc-68073e3f6250" />
      <TestMethod codeBase="D:\actions-runner\_work\XPCO\XPCO\ServerConfigurator\Binaries\VideoOS.ServerConfigurator.CertificateConfigurator.UnitTest\bin\Debug\VideoOS.ServerConfigurator.CertificateConfigurator.UnitTest.dll" adapterTypeName="executor://mstestadapter/v1" className="VideoOS.ServerConfigurator.CertificateConfigurator.UnitTest.ClientRegistrationTest" name="GivenADataModelIsCreatedWithAServerGroupAndAClientEndpointThatDependsOnAndAClienRegistrationServerUriWithoutPath_When_CallingRegisterClientTheClientEndpointIsRegisteredWithUriIncludingIdpPath" />
    </UnitTest>
    <UnitTest name="GivenADataModelIsCreatedWithMultipleServerEndpoints_When_RegisterClientAndServices_Then_ServiceEndpointConfigurationsDependOnCertificateGroupEncryptions" storage="d:\actions-runner\_work\xpco\xpco\serverconfigurator\binaries\videoos.serverconfigurator.certificateconfigurator.unittest\bin\debug\videoos.serverconfigurator.certificateconfigurator.unittest.dll" id="860c5fe7-5323-0247-e36b-6590f6022452">
      <Execution id="3cd48f55-531c-43b3-b170-aea7208551d8" />
      <TestMethod codeBase="D:\actions-runner\_work\XPCO\XPCO\ServerConfigurator\Binaries\VideoOS.ServerConfigurator.CertificateConfigurator.UnitTest\bin\Debug\VideoOS.ServerConfigurator.CertificateConfigurator.UnitTest.dll" adapterTypeName="executor://mstestadapter/v1" className="VideoOS.ServerConfigurator.CertificateConfigurator.UnitTest.RegisterServicesTest" name="GivenADataModelIsCreatedWithMultipleServerEndpoints_When_RegisterClientAndServices_Then_ServiceEndpointConfigurationsDependOnCertificateGroupEncryptions" />
    </UnitTest>
    <UnitTest name="Given_ManagementServerIsSecureAndDoesNotResponsOnSecureAddress_When_CallingIsSecureUsingSecureAddress_Then_ItRetriesOnUnsecureAdddressAndReturnsFalse" storage="d:\actions-runner\_work\xpco\xpco\serverconfigurator\binaries\videoos.serverconfigurator.certificateconfigurator.unittest\bin\debug\videoos.serverconfigurator.certificateconfigurator.unittest.dll" id="76f9d5f0-2c14-eac9-8564-2b3ca1b2db59">
      <Execution id="6bd329bb-e935-42f9-9983-cea955555758" />
      <TestMethod codeBase="D:\actions-runner\_work\XPCO\XPCO\ServerConfigurator\Binaries\VideoOS.ServerConfigurator.CertificateConfigurator.UnitTest\bin\Debug\VideoOS.ServerConfigurator.CertificateConfigurator.UnitTest.dll" adapterTypeName="executor://mstestadapter/v1" className="VideoOS.ServerConfigurator.CertificateConfigurator.UnitTest.ManagementServerHelperTests" name="Given_ManagementServerIsSecureAndDoesNotResponsOnSecureAddress_When_CallingIsSecureUsingSecureAddress_Then_ItRetriesOnUnsecureAdddressAndReturnsFalse" />
    </UnitTest>
    <UnitTest name="Given_ClientEndpoinDependendsOnSercureServerGroupAndMsIsUnsecure_When_VerifyConsistency_then_ItReturnsClientServerInconsistency" storage="d:\actions-runner\_work\xpco\xpco\serverconfigurator\binaries\videoos.serverconfigurator.certificateconfigurator.unittest\bin\debug\videoos.serverconfigurator.certificateconfigurator.unittest.dll" id="d48d92a7-fc4b-c503-7391-9351eaad7300">
      <Execution id="094f3f34-8016-4708-b86d-917911d6ce28" />
      <TestMethod codeBase="D:\actions-runner\_work\XPCO\XPCO\ServerConfigurator\Binaries\VideoOS.ServerConfigurator.CertificateConfigurator.UnitTest\bin\Debug\VideoOS.ServerConfigurator.CertificateConfigurator.UnitTest.dll" adapterTypeName="executor://mstestadapter/v1" className="VideoOS.ServerConfigurator.CertificateConfigurator.UnitTest.VerifySystemConsistencyTest" name="Given_ClientEndpoinDependendsOnSercureServerGroupAndMsIsUnsecure_When_VerifyConsistency_then_ItReturnsClientServerInconsistency" />
    </UnitTest>
    <UnitTest name="Given_ManagementServerIsNotResponding_When_IsManagementSecure_Then_ItReturnsNull" storage="d:\actions-runner\_work\xpco\xpco\serverconfigurator\binaries\videoos.serverconfigurator.certificateconfigurator.unittest\bin\debug\videoos.serverconfigurator.certificateconfigurator.unittest.dll" id="c68d385b-7a3b-1411-949a-29d8ddf3c2c4">
      <Execution id="b96031ac-fc49-4676-b624-694c3c550f1b" />
      <TestMethod codeBase="D:\actions-runner\_work\XPCO\XPCO\ServerConfigurator\Binaries\VideoOS.ServerConfigurator.CertificateConfigurator.UnitTest\bin\Debug\VideoOS.ServerConfigurator.CertificateConfigurator.UnitTest.dll" adapterTypeName="executor://mstestadapter/v1" className="VideoOS.ServerConfigurator.CertificateConfigurator.UnitTest.DataModelTest" name="Given_ManagementServerIsNotResponding_When_IsManagementSecure_Then_ItReturnsNull" />
    </UnitTest>
    <UnitTest name="GivenNothing_When_ApplyAndRegisterFails_then_AllMethodsAreCalledAndReturnCodeIsCorrect" storage="d:\actions-runner\_work\xpco\xpco\serverconfigurator\binaries\videoos.serverconfigurator.certificateconfigurator.unittest\bin\debug\videoos.serverconfigurator.certificateconfigurator.unittest.dll" id="2055ab92-a825-c72c-2878-f7699b965959">
      <Execution id="3a2df6a6-6e6a-47bf-a880-0ecd9fa32144" />
      <TestMethod codeBase="D:\actions-runner\_work\XPCO\XPCO\ServerConfigurator\Binaries\VideoOS.ServerConfigurator.CertificateConfigurator.UnitTest\bin\Debug\VideoOS.ServerConfigurator.CertificateConfigurator.UnitTest.dll" adapterTypeName="executor://mstestadapter/v1" className="VideoOS.ServerConfigurator.CertificateConfigurator.UnitTest.ErrorHandlingTest" name="GivenNothing_When_ApplyAndRegisterFails_then_AllMethodsAreCalledAndReturnCodeIsCorrect" />
    </UnitTest>
    <UnitTest name="Given_AGroupAserverEndpointAndAClientEndpoint_When_UpgradingAGroupAserverEndpointAndAClientEndpointWithSameEncryptionState_Then_ApplyIsCalledOnServerEndpointRegisterIsCalledOnClientEndpointEndPointsStillExistsInInstalledCollection" storage="d:\actions-runner\_work\xpco\xpco\serverconfigurator\binaries\videoos.serverconfigurator.certificateconfigurator.unittest\bin\debug\videoos.serverconfigurator.certificateconfigurator.unittest.dll" id="2d9923e3-d0d3-ff31-b8b5-f5274342b07d">
      <Execution id="174c358a-a1b9-4cef-871e-8ec1a0ef9a94" />
      <TestMethod codeBase="D:\actions-runner\_work\XPCO\XPCO\ServerConfigurator\Binaries\VideoOS.ServerConfigurator.CertificateConfigurator.UnitTest\bin\Debug\VideoOS.ServerConfigurator.CertificateConfigurator.UnitTest.dll" adapterTypeName="executor://mstestadapter/v1" className="VideoOS.ServerConfigurator.CertificateConfigurator.UnitTest.InstallationSimulationTest" name="Given_AGroupAserverEndpointAndAClientEndpoint_When_UpgradingAGroupAserverEndpointAndAClientEndpointWithSameEncryptionState_Then_ApplyIsCalledOnServerEndpointRegisterIsCalledOnClientEndpointEndPointsStillExistsInInstalledCollection" />
    </UnitTest>
    <UnitTest name="GivenADataModelIsCreatedWithAnUnsecureServerEndpointThatHasARegisterServiceImplementation_When_CallingRegisterClientAndServices_Then_TheServiceEndpointIsRegistered" storage="d:\actions-runner\_work\xpco\xpco\serverconfigurator\binaries\videoos.serverconfigurator.certificateconfigurator.unittest\bin\debug\videoos.serverconfigurator.certificateconfigurator.unittest.dll" id="4fe6b2f3-7594-2d86-941d-d24a54aa2819">
      <Execution id="7f10d4bc-5732-4992-8abc-2ad62bd87e83" />
      <TestMethod codeBase="D:\actions-runner\_work\XPCO\XPCO\ServerConfigurator\Binaries\VideoOS.ServerConfigurator.CertificateConfigurator.UnitTest\bin\Debug\VideoOS.ServerConfigurator.CertificateConfigurator.UnitTest.dll" adapterTypeName="executor://mstestadapter/v1" className="VideoOS.ServerConfigurator.CertificateConfigurator.UnitTest.RegisterServicesTest" name="GivenADataModelIsCreatedWithAnUnsecureServerEndpointThatHasARegisterServiceImplementation_When_CallingRegisterClientAndServices_Then_TheServiceEndpointIsRegistered" />
    </UnitTest>
    <UnitTest name="Given_DataModel_When_AddingACertificateGroup_Then_TheCertificateProviderIsCalledToProvideAvailableCetitifcates" storage="d:\actions-runner\_work\xpco\xpco\serverconfigurator\binaries\videoos.serverconfigurator.certificateconfigurator.unittest\bin\debug\videoos.serverconfigurator.certificateconfigurator.unittest.dll" id="a3c74042-7d07-597b-bf2b-a9b3a0db33aa">
      <Execution id="a1bedc20-e4bc-4db4-bcde-ccd2d9ca068b" />
      <TestMethod codeBase="D:\actions-runner\_work\XPCO\XPCO\ServerConfigurator\Binaries\VideoOS.ServerConfigurator.CertificateConfigurator.UnitTest\bin\Debug\VideoOS.ServerConfigurator.CertificateConfigurator.UnitTest.dll" adapterTypeName="executor://mstestadapter/v1" className="VideoOS.ServerConfigurator.CertificateConfigurator.UnitTest.DataModelTest" name="Given_DataModel_When_AddingACertificateGroup_Then_TheCertificateProviderIsCalledToProvideAvailableCetitifcates" />
    </UnitTest>
    <UnitTest name="Given_DataModelWithOneServer_When_AddingTheSameServerWithTheSameCertificateGroup_Then_AWarningIsLogged" storage="d:\actions-runner\_work\xpco\xpco\serverconfigurator\binaries\videoos.serverconfigurator.certificateconfigurator.unittest\bin\debug\videoos.serverconfigurator.certificateconfigurator.unittest.dll" id="f162eaa4-079a-7f45-265b-56b1fa521cda">
      <Execution id="5658947a-5ed8-4178-b699-029de0ec489c" />
      <TestMethod codeBase="D:\actions-runner\_work\XPCO\XPCO\ServerConfigurator\Binaries\VideoOS.ServerConfigurator.CertificateConfigurator.UnitTest\bin\Debug\VideoOS.ServerConfigurator.CertificateConfigurator.UnitTest.dll" adapterTypeName="executor://mstestadapter/v1" className="VideoOS.ServerConfigurator.CertificateConfigurator.UnitTest.DataModelTest" name="Given_DataModelWithOneServer_When_AddingTheSameServerWithTheSameCertificateGroup_Then_AWarningIsLogged" />
    </UnitTest>
    <UnitTest name="GivenADataModelIsCreatedWithAClientEndpointThatHasASetServerAddressImplementation_When_EndpointIsRemoved_Then_CleanupIsCalled" storage="d:\actions-runner\_work\xpco\xpco\serverconfigurator\binaries\videoos.serverconfigurator.certificateconfigurator.unittest\bin\debug\videoos.serverconfigurator.certificateconfigurator.unittest.dll" id="4bbb67fc-8daf-eeb2-c681-2e8b7e20cdc5">
      <Execution id="ee93e0e2-6a9a-4522-8aec-328b3c7fc196" />
      <TestMethod codeBase="D:\actions-runner\_work\XPCO\XPCO\ServerConfigurator\Binaries\VideoOS.ServerConfigurator.CertificateConfigurator.UnitTest\bin\Debug\VideoOS.ServerConfigurator.CertificateConfigurator.UnitTest.dll" adapterTypeName="executor://mstestadapter/v1" className="VideoOS.ServerConfigurator.CertificateConfigurator.UnitTest.SetServerAddressTest" name="GivenADataModelIsCreatedWithAClientEndpointThatHasASetServerAddressImplementation_When_EndpointIsRemoved_Then_CleanupIsCalled" />
    </UnitTest>
    <UnitTest name="Given_DataModel_When_AddingACertificateGroup_Then_AnEventIsFiredAndItIsContainedInTheReadModel" storage="d:\actions-runner\_work\xpco\xpco\serverconfigurator\binaries\videoos.serverconfigurator.certificateconfigurator.unittest\bin\debug\videoos.serverconfigurator.certificateconfigurator.unittest.dll" id="a1be1c9a-a9a7-9705-64c9-d172bee9b1fc">
      <Execution id="bffe45ca-ac46-49db-8498-dfabccfcaf7f" />
      <TestMethod codeBase="D:\actions-runner\_work\XPCO\XPCO\ServerConfigurator\Binaries\VideoOS.ServerConfigurator.CertificateConfigurator.UnitTest\bin\Debug\VideoOS.ServerConfigurator.CertificateConfigurator.UnitTest.dll" adapterTypeName="executor://mstestadapter/v1" className="VideoOS.ServerConfigurator.CertificateConfigurator.UnitTest.DataModelTest" name="Given_DataModel_When_AddingACertificateGroup_Then_AnEventIsFiredAndItIsContainedInTheReadModel" />
    </UnitTest>
    <UnitTest name="Given_SomeExceptionState_When_CallingIsSecure_Then_ItReturnsNull" storage="d:\actions-runner\_work\xpco\xpco\serverconfigurator\binaries\videoos.serverconfigurator.certificateconfigurator.unittest\bin\debug\videoos.serverconfigurator.certificateconfigurator.unittest.dll" id="1c320eb8-9ffe-2e25-1643-aeeafe2220de">
      <Execution id="78aecac1-dfdc-4079-b33d-68e0a6a4319a" />
      <TestMethod codeBase="D:\actions-runner\_work\XPCO\XPCO\ServerConfigurator\Binaries\VideoOS.ServerConfigurator.CertificateConfigurator.UnitTest\bin\Debug\VideoOS.ServerConfigurator.CertificateConfigurator.UnitTest.dll" adapterTypeName="executor://mstestadapter/v1" className="VideoOS.ServerConfigurator.CertificateConfigurator.UnitTest.ManagementServerHelperTests" name="Given_SomeExceptionState_When_CallingIsSecure_Then_ItReturnsNull" />
    </UnitTest>
    <UnitTest name="GivenADataModelIsCreatedWithAClientEndpointThatHasASetServerAddressImplementationAndWithASecureDependencyGroup_When_CallingRegisterClientAndServices_Then_TheServerAddressIsSetWithSecureAddress" storage="d:\actions-runner\_work\xpco\xpco\serverconfigurator\binaries\videoos.serverconfigurator.certificateconfigurator.unittest\bin\debug\videoos.serverconfigurator.certificateconfigurator.unittest.dll" id="6288268e-fbb0-63a0-5ae5-c801dea9b296">
      <Execution id="c73e0694-9711-4770-a0d2-f2b684db18c7" />
      <TestMethod codeBase="D:\actions-runner\_work\XPCO\XPCO\ServerConfigurator\Binaries\VideoOS.ServerConfigurator.CertificateConfigurator.UnitTest\bin\Debug\VideoOS.ServerConfigurator.CertificateConfigurator.UnitTest.dll" adapterTypeName="executor://mstestadapter/v1" className="VideoOS.ServerConfigurator.CertificateConfigurator.UnitTest.SetServerAddressTest" name="GivenADataModelIsCreatedWithAClientEndpointThatHasASetServerAddressImplementationAndWithASecureDependencyGroup_When_CallingRegisterClientAndServices_Then_TheServerAddressIsSetWithSecureAddress" />
    </UnitTest>
    <UnitTest name="Given_DataModel_When_RemovingACertificateGroupThatDoesNotExist_Then_AnExceptionIsThrownAndErrorIsLogged" storage="d:\actions-runner\_work\xpco\xpco\serverconfigurator\binaries\videoos.serverconfigurator.certificateconfigurator.unittest\bin\debug\videoos.serverconfigurator.certificateconfigurator.unittest.dll" id="48833fdc-c743-474f-127d-820cf51d26f4">
      <Execution id="572ac38c-d34b-439c-8231-c8ae0ee7ba70" />
      <TestMethod codeBase="D:\actions-runner\_work\XPCO\XPCO\ServerConfigurator\Binaries\VideoOS.ServerConfigurator.CertificateConfigurator.UnitTest\bin\Debug\VideoOS.ServerConfigurator.CertificateConfigurator.UnitTest.dll" adapterTypeName="executor://mstestadapter/v1" className="VideoOS.ServerConfigurator.CertificateConfigurator.UnitTest.DataModelTest" name="Given_DataModel_When_RemovingACertificateGroupThatDoesNotExist_Then_AnExceptionIsThrownAndErrorIsLogged" />
    </UnitTest>
    <UnitTest name="GivenARegistrarExists_When_CallingApply_Then_TheRegistrarsApplyMethodsIsCalled" storage="d:\actions-runner\_work\xpco\xpco\serverconfigurator\binaries\videoos.serverconfigurator.certificateconfigurator.unittest\bin\debug\videoos.serverconfigurator.certificateconfigurator.unittest.dll" id="049142c8-9366-b9b5-970b-185f430a97a6">
      <Execution id="38f183d5-7198-4a0d-a514-5c7770be5695" />
      <TestMethod codeBase="D:\actions-runner\_work\XPCO\XPCO\ServerConfigurator\Binaries\VideoOS.ServerConfigurator.CertificateConfigurator.UnitTest\bin\Debug\VideoOS.ServerConfigurator.CertificateConfigurator.UnitTest.dll" adapterTypeName="executor://mstestadapter/v1" className="VideoOS.ServerConfigurator.CertificateConfigurator.UnitTest.DataModelApplyTest" name="GivenARegistrarExists_When_CallingApply_Then_TheRegistrarsApplyMethodsIsCalled" />
    </UnitTest>
    <UnitTest name="Given_DatamodelWithACertificateGroup_When_SetGroupPresenterLocationIsCalledOnAnEndpoint_Then_ThePresenterImplementationLocationOfThisEndpointIsUpdated" storage="d:\actions-runner\_work\xpco\xpco\serverconfigurator\binaries\videoos.serverconfigurator.certificateconfigurator.unittest\bin\debug\videoos.serverconfigurator.certificateconfigurator.unittest.dll" id="5ca1816a-94ae-2ba5-7ee0-3897faba7ecc">
      <Execution id="be10c5a5-e30a-4bf4-a574-e8b00c13ec7b" />
      <TestMethod codeBase="D:\actions-runner\_work\XPCO\XPCO\ServerConfigurator\Binaries\VideoOS.ServerConfigurator.CertificateConfigurator.UnitTest\bin\Debug\VideoOS.ServerConfigurator.CertificateConfigurator.UnitTest.dll" adapterTypeName="executor://mstestadapter/v1" className="VideoOS.ServerConfigurator.CertificateConfigurator.UnitTest.DataModelTest" name="Given_DatamodelWithACertificateGroup_When_SetGroupPresenterLocationIsCalledOnAnEndpoint_Then_ThePresenterImplementationLocationOfThisEndpointIsUpdated" />
    </UnitTest>
    <UnitTest name="GivenADataModelIsCreatedWithAServerGroupAndAClientEndpointThatDependsOnAndAClienRegistrationServerUriWithIdpPath_When_CallingRegisterClientTheClientEndpointIsRegisteredWithUriIncludingIdpPath" storage="d:\actions-runner\_work\xpco\xpco\serverconfigurator\binaries\videoos.serverconfigurator.certificateconfigurator.unittest\bin\debug\videoos.serverconfigurator.certificateconfigurator.unittest.dll" id="2f484184-f1c9-beab-ee82-7ba263b439d0">
      <Execution id="99152a21-0940-4caa-8456-861f8517c8bb" />
      <TestMethod codeBase="D:\actions-runner\_work\XPCO\XPCO\ServerConfigurator\Binaries\VideoOS.ServerConfigurator.CertificateConfigurator.UnitTest\bin\Debug\VideoOS.ServerConfigurator.CertificateConfigurator.UnitTest.dll" adapterTypeName="executor://mstestadapter/v1" className="VideoOS.ServerConfigurator.CertificateConfigurator.UnitTest.ClientRegistrationTest" name="GivenADataModelIsCreatedWithAServerGroupAndAClientEndpointThatDependsOnAndAClienRegistrationServerUriWithIdpPath_When_CallingRegisterClientTheClientEndpointIsRegisteredWithUriIncludingIdpPath" />
    </UnitTest>
    <UnitTest name="Given_DataModel_When_AddingAServerThatIsNull_Then_AnExceptionIsThrownAndErrorIsLogged" storage="d:\actions-runner\_work\xpco\xpco\serverconfigurator\binaries\videoos.serverconfigurator.certificateconfigurator.unittest\bin\debug\videoos.serverconfigurator.certificateconfigurator.unittest.dll" id="fd54fd20-72ec-43f3-bc61-4e6d51bcfab8">
      <Execution id="8609f9eb-ec9a-47d7-8ba0-20a2f25fbfc7" />
      <TestMethod codeBase="D:\actions-runner\_work\XPCO\XPCO\ServerConfigurator\Binaries\VideoOS.ServerConfigurator.CertificateConfigurator.UnitTest\bin\Debug\VideoOS.ServerConfigurator.CertificateConfigurator.UnitTest.dll" adapterTypeName="executor://mstestadapter/v1" className="VideoOS.ServerConfigurator.CertificateConfigurator.UnitTest.DataModelTest" name="Given_DataModel_When_AddingAServerThatIsNull_Then_AnExceptionIsThrownAndErrorIsLogged" />
    </UnitTest>
    <UnitTest name="GivenNothing_When_AllCallsSucceeds_then_AllMethodsAreCalledAndReturnCodeIsSuccess" storage="d:\actions-runner\_work\xpco\xpco\serverconfigurator\binaries\videoos.serverconfigurator.certificateconfigurator.unittest\bin\debug\videoos.serverconfigurator.certificateconfigurator.unittest.dll" id="306e1be2-5b2b-15c5-3297-58e9a8d47a8b">
      <Execution id="e2fea656-2844-440b-b5a1-77c070335579" />
      <TestMethod codeBase="D:\actions-runner\_work\XPCO\XPCO\ServerConfigurator\Binaries\VideoOS.ServerConfigurator.CertificateConfigurator.UnitTest\bin\Debug\VideoOS.ServerConfigurator.CertificateConfigurator.UnitTest.dll" adapterTypeName="executor://mstestadapter/v1" className="VideoOS.ServerConfigurator.CertificateConfigurator.UnitTest.ErrorHandlingTest" name="GivenNothing_When_AllCallsSucceeds_then_AllMethodsAreCalledAndReturnCodeIsSuccess" />
    </UnitTest>
    <UnitTest name="Given_InvalidCertificateOnSecureAddressAndIdpIsSecure_When_CallingIsSecure_Then_ItReturnsCertificateError" storage="d:\actions-runner\_work\xpco\xpco\serverconfigurator\binaries\videoos.serverconfigurator.certificateconfigurator.unittest\bin\debug\videoos.serverconfigurator.certificateconfigurator.unittest.dll" id="005a4609-c8b3-2c2e-ae2e-0b34bfe5c347">
      <Execution id="9a90ae8f-5401-4e04-89b5-12d4a85fcd34" />
      <TestMethod codeBase="D:\actions-runner\_work\XPCO\XPCO\ServerConfigurator\Binaries\VideoOS.ServerConfigurator.CertificateConfigurator.UnitTest\bin\Debug\VideoOS.ServerConfigurator.CertificateConfigurator.UnitTest.dll" adapterTypeName="executor://mstestadapter/v1" className="VideoOS.ServerConfigurator.CertificateConfigurator.UnitTest.ManagementServerHelperTests" name="Given_InvalidCertificateOnSecureAddressAndIdpIsSecure_When_CallingIsSecure_Then_ItReturnsCertificateError" />
    </UnitTest>
    <UnitTest name="Given_ClientEndpointDependendsOnSercureServerGroupAndMsIsSecureWithUntrustedCertificate_When_VerifyConsistency_then_ItReturnsCertificateTrustError" storage="d:\actions-runner\_work\xpco\xpco\serverconfigurator\binaries\videoos.serverconfigurator.certificateconfigurator.unittest\bin\debug\videoos.serverconfigurator.certificateconfigurator.unittest.dll" id="9d38dc88-1753-5730-210a-f858bcdc2c1f">
      <Execution id="984b20ff-6440-4f59-895e-f23242fb71a7" />
      <TestMethod codeBase="D:\actions-runner\_work\XPCO\XPCO\ServerConfigurator\Binaries\VideoOS.ServerConfigurator.CertificateConfigurator.UnitTest\bin\Debug\VideoOS.ServerConfigurator.CertificateConfigurator.UnitTest.dll" adapterTypeName="executor://mstestadapter/v1" className="VideoOS.ServerConfigurator.CertificateConfigurator.UnitTest.VerifySystemConsistencyTest" name="Given_ClientEndpointDependendsOnSercureServerGroupAndMsIsSecureWithUntrustedCertificate_When_VerifyConsistency_then_ItReturnsCertificateTrustError" />
    </UnitTest>
    <UnitTest name="Given_ManagementServerIsLocal_When_IsManagementSecure_Then_ItReturnsNull" storage="d:\actions-runner\_work\xpco\xpco\serverconfigurator\binaries\videoos.serverconfigurator.certificateconfigurator.unittest\bin\debug\videoos.serverconfigurator.certificateconfigurator.unittest.dll" id="66e2e26f-56cf-fb12-4503-032869724b53">
      <Execution id="b3752b85-0c12-4b80-8cea-5410c4d1636a" />
      <TestMethod codeBase="D:\actions-runner\_work\XPCO\XPCO\ServerConfigurator\Binaries\VideoOS.ServerConfigurator.CertificateConfigurator.UnitTest\bin\Debug\VideoOS.ServerConfigurator.CertificateConfigurator.UnitTest.dll" adapterTypeName="executor://mstestadapter/v1" className="VideoOS.ServerConfigurator.CertificateConfigurator.UnitTest.DataModelTest" name="Given_ManagementServerIsLocal_When_IsManagementSecure_Then_ItReturnsNull" />
    </UnitTest>
    <UnitTest name="Given_NothingInstalled_When_InstallingAGroupAserverEndpointAndAClientEndpoint_Then_ApplyIsCalledOnServerEndpointRegisterIsCalledOnClientEndpointEndPointsToBeInstalledAreMovedToInstalledCollection" storage="d:\actions-runner\_work\xpco\xpco\serverconfigurator\binaries\videoos.serverconfigurator.certificateconfigurator.unittest\bin\debug\videoos.serverconfigurator.certificateconfigurator.unittest.dll" id="4ee4caa0-a446-2b80-db60-f8f86e91c2e3">
      <Execution id="9fdb07b7-7682-4b15-8dc7-f6b71de3599f" />
      <TestMethod codeBase="D:\actions-runner\_work\XPCO\XPCO\ServerConfigurator\Binaries\VideoOS.ServerConfigurator.CertificateConfigurator.UnitTest\bin\Debug\VideoOS.ServerConfigurator.CertificateConfigurator.UnitTest.dll" adapterTypeName="executor://mstestadapter/v1" className="VideoOS.ServerConfigurator.CertificateConfigurator.UnitTest.InstallationSimulationTest" name="Given_NothingInstalled_When_InstallingAGroupAserverEndpointAndAClientEndpoint_Then_ApplyIsCalledOnServerEndpointRegisterIsCalledOnClientEndpointEndPointsToBeInstalledAreMovedToInstalledCollection" />
    </UnitTest>
    <UnitTest name="Given_DataModel_When_AddingAServerEndpointConfigurationWihtNoCertificateRegistrarThatIsReferencingNoCertificateGroup_Then_TheEndpointIsAddedSinceTheCertificateGroupIsOnlyUsedForCertificateRegistrars" storage="d:\actions-runner\_work\xpco\xpco\serverconfigurator\binaries\videoos.serverconfigurator.certificateconfigurator.unittest\bin\debug\videoos.serverconfigurator.certificateconfigurator.unittest.dll" id="55af93f2-2872-cf49-de40-364f89044cf3">
      <Execution id="f8cb5055-8d4c-42b9-92b7-53350c7af3a3" />
      <TestMethod codeBase="D:\actions-runner\_work\XPCO\XPCO\ServerConfigurator\Binaries\VideoOS.ServerConfigurator.CertificateConfigurator.UnitTest\bin\Debug\VideoOS.ServerConfigurator.CertificateConfigurator.UnitTest.dll" adapterTypeName="executor://mstestadapter/v1" className="VideoOS.ServerConfigurator.CertificateConfigurator.UnitTest.DataModelTest" name="Given_DataModel_When_AddingAServerEndpointConfigurationWihtNoCertificateRegistrarThatIsReferencingNoCertificateGroup_Then_TheEndpointIsAddedSinceTheCertificateGroupIsOnlyUsedForCertificateRegistrars" />
    </UnitTest>
    <UnitTest name="GivenNothing_When_PreApplyFails_then_PostApplyIsCalledAndReturnCodeIsCorrect" storage="d:\actions-runner\_work\xpco\xpco\serverconfigurator\binaries\videoos.serverconfigurator.certificateconfigurator.unittest\bin\debug\videoos.serverconfigurator.certificateconfigurator.unittest.dll" id="4d95a94f-3565-ed67-72c7-ed833f58381d">
      <Execution id="93a49531-7e87-4acc-8be3-02eedc0362c8" />
      <TestMethod codeBase="D:\actions-runner\_work\XPCO\XPCO\ServerConfigurator\Binaries\VideoOS.ServerConfigurator.CertificateConfigurator.UnitTest\bin\Debug\VideoOS.ServerConfigurator.CertificateConfigurator.UnitTest.dll" adapterTypeName="executor://mstestadapter/v1" className="VideoOS.ServerConfigurator.CertificateConfigurator.UnitTest.ErrorHandlingTest" name="GivenNothing_When_PreApplyFails_then_PostApplyIsCalledAndReturnCodeIsCorrect" />
    </UnitTest>
    <UnitTest name="GivenADataModelIsCreated_When_SettingAClienRegistrationServerDnsEndpoint_Then_TheModelContainsTheCorrespondingUnsecureClientRegistrationUri" storage="d:\actions-runner\_work\xpco\xpco\serverconfigurator\binaries\videoos.serverconfigurator.certificateconfigurator.unittest\bin\debug\videoos.serverconfigurator.certificateconfigurator.unittest.dll" id="3e20fa5a-e457-6eda-c262-d5930c7275bd">
      <Execution id="ec06ef19-8932-457a-9124-5045b11537e9" />
      <TestMethod codeBase="D:\actions-runner\_work\XPCO\XPCO\ServerConfigurator\Binaries\VideoOS.ServerConfigurator.CertificateConfigurator.UnitTest\bin\Debug\VideoOS.ServerConfigurator.CertificateConfigurator.UnitTest.dll" adapterTypeName="executor://mstestadapter/v1" className="VideoOS.ServerConfigurator.CertificateConfigurator.UnitTest.ClientRegistrationTest" name="GivenADataModelIsCreated_When_SettingAClienRegistrationServerDnsEndpoint_Then_TheModelContainsTheCorrespondingUnsecureClientRegistrationUri" />
    </UnitTest>
    <UnitTest name="Given_DatamodelWithAClientEndPointAndAServerEndpoint_When_SetEndpointLocationIsCalledOnAnEndpoint_Then_TheImplementationLocationOfThisEndpointIsUpdated" storage="d:\actions-runner\_work\xpco\xpco\serverconfigurator\binaries\videoos.serverconfigurator.certificateconfigurator.unittest\bin\debug\videoos.serverconfigurator.certificateconfigurator.unittest.dll" id="1d7f247d-9695-74aa-921e-d04f952cec76">
      <Execution id="2aacc645-ca94-47a5-8cc8-b835fec360a5" />
      <TestMethod codeBase="D:\actions-runner\_work\XPCO\XPCO\ServerConfigurator\Binaries\VideoOS.ServerConfigurator.CertificateConfigurator.UnitTest\bin\Debug\VideoOS.ServerConfigurator.CertificateConfigurator.UnitTest.dll" adapterTypeName="executor://mstestadapter/v1" className="VideoOS.ServerConfigurator.CertificateConfigurator.UnitTest.DataModelTest" name="Given_DatamodelWithAClientEndPointAndAServerEndpoint_When_SetEndpointLocationIsCalledOnAnEndpoint_Then_TheImplementationLocationOfThisEndpointIsUpdated" />
    </UnitTest>
    <UnitTest name="GivenADataModelIsCreatedWithEncryptionDisabledAndBothSecureAndUnsecureRegistrationServersDefined_When_CallingSetClientRegistrationServerTheRegistrationUriIsChangedForBothSecureAndNonSecure" storage="d:\actions-runner\_work\xpco\xpco\serverconfigurator\binaries\videoos.serverconfigurator.certificateconfigurator.unittest\bin\debug\videoos.serverconfigurator.certificateconfigurator.unittest.dll" id="adcb3ac5-950d-3136-ef86-069705662354">
      <Execution id="2a86e22f-5e43-44a8-9c57-2306865c4606" />
      <TestMethod codeBase="D:\actions-runner\_work\XPCO\XPCO\ServerConfigurator\Binaries\VideoOS.ServerConfigurator.CertificateConfigurator.UnitTest\bin\Debug\VideoOS.ServerConfigurator.CertificateConfigurator.UnitTest.dll" adapterTypeName="executor://mstestadapter/v1" className="VideoOS.ServerConfigurator.CertificateConfigurator.UnitTest.ClientRegistrationTest" name="GivenADataModelIsCreatedWithEncryptionDisabledAndBothSecureAndUnsecureRegistrationServersDefined_When_CallingSetClientRegistrationServerTheRegistrationUriIsChangedForBothSecureAndNonSecure" />
    </UnitTest>
    <UnitTest name="GivenARegistrarExists_When_CallingApplyWithSpecificEndpoint_Then_TheRegistrarsApplyMethodIsCalled" storage="d:\actions-runner\_work\xpco\xpco\serverconfigurator\binaries\videoos.serverconfigurator.certificateconfigurator.unittest\bin\debug\videoos.serverconfigurator.certificateconfigurator.unittest.dll" id="0588c60f-cc85-5307-6702-0b7d771e4926">
      <Execution id="4dd42bc9-c834-49eb-9054-eda06371fd3d" />
      <TestMethod codeBase="D:\actions-runner\_work\XPCO\XPCO\ServerConfigurator\Binaries\VideoOS.ServerConfigurator.CertificateConfigurator.UnitTest\bin\Debug\VideoOS.ServerConfigurator.CertificateConfigurator.UnitTest.dll" adapterTypeName="executor://mstestadapter/v1" className="VideoOS.ServerConfigurator.CertificateConfigurator.UnitTest.DataModelApplyTest" name="GivenARegistrarExists_When_CallingApplyWithSpecificEndpoint_Then_TheRegistrarsApplyMethodIsCalled" />
    </UnitTest>
    <UnitTest name="Given_DataModelWithACertificateGroup_When_SettingACertificateNotAvailableOnAnExistingGroup_Then_AnExceptionIsThrownAndErrorIsLogged" storage="d:\actions-runner\_work\xpco\xpco\serverconfigurator\binaries\videoos.serverconfigurator.certificateconfigurator.unittest\bin\debug\videoos.serverconfigurator.certificateconfigurator.unittest.dll" id="858fd4c7-baca-83ed-78cc-dc9dac7dd5c3">
      <Execution id="267f13dd-01c1-4aaa-b537-4680f9f076db" />
      <TestMethod codeBase="D:\actions-runner\_work\XPCO\XPCO\ServerConfigurator\Binaries\VideoOS.ServerConfigurator.CertificateConfigurator.UnitTest\bin\Debug\VideoOS.ServerConfigurator.CertificateConfigurator.UnitTest.dll" adapterTypeName="executor://mstestadapter/v1" className="VideoOS.ServerConfigurator.CertificateConfigurator.UnitTest.DataModelTest" name="Given_DataModelWithACertificateGroup_When_SettingACertificateNotAvailableOnAnExistingGroup_Then_AnExceptionIsThrownAndErrorIsLogged" />
    </UnitTest>
    <UnitTest name="Given_DataModelWithOneClientEndpoint_When_AddingTheSameClientEndpointWithADifferentCertificateGroup_Then_TheOldClientEndpointIsReplacedBytheNewOneAndAWarningIsLogged" storage="d:\actions-runner\_work\xpco\xpco\serverconfigurator\binaries\videoos.serverconfigurator.certificateconfigurator.unittest\bin\debug\videoos.serverconfigurator.certificateconfigurator.unittest.dll" id="c948a62f-1b15-343a-04ce-f60c57876319">
      <Execution id="6519d4a4-2dd2-45a2-a17f-38f5acfde05f" />
      <TestMethod codeBase="D:\actions-runner\_work\XPCO\XPCO\ServerConfigurator\Binaries\VideoOS.ServerConfigurator.CertificateConfigurator.UnitTest\bin\Debug\VideoOS.ServerConfigurator.CertificateConfigurator.UnitTest.dll" adapterTypeName="executor://mstestadapter/v1" className="VideoOS.ServerConfigurator.CertificateConfigurator.UnitTest.DataModelTest" name="Given_DataModelWithOneClientEndpoint_When_AddingTheSameClientEndpointWithADifferentCertificateGroup_Then_TheOldClientEndpointIsReplacedBytheNewOneAndAWarningIsLogged" />
    </UnitTest>
    <UnitTest name="GivenNothing_When_RegisterAndRegisterFails_then_AllMethodsAreCalledAndReturnCodeIsCorrect" storage="d:\actions-runner\_work\xpco\xpco\serverconfigurator\binaries\videoos.serverconfigurator.certificateconfigurator.unittest\bin\debug\videoos.serverconfigurator.certificateconfigurator.unittest.dll" id="45038600-e7ac-f75d-dd39-796d1d10e649">
      <Execution id="adf7d94a-e93d-49dc-8d20-a2402880e1d2" />
      <TestMethod codeBase="D:\actions-runner\_work\XPCO\XPCO\ServerConfigurator\Binaries\VideoOS.ServerConfigurator.CertificateConfigurator.UnitTest\bin\Debug\VideoOS.ServerConfigurator.CertificateConfigurator.UnitTest.dll" adapterTypeName="executor://mstestadapter/v1" className="VideoOS.ServerConfigurator.CertificateConfigurator.UnitTest.ErrorHandlingTest" name="GivenNothing_When_RegisterAndRegisterFails_then_AllMethodsAreCalledAndReturnCodeIsCorrect" />
    </UnitTest>
    <UnitTest name="Given_InvalidCertificateOnSecureAddress_When_CallingIsSecure_Then_ItRetriesOnUnsecureAdddressAndReturnsFalse" storage="d:\actions-runner\_work\xpco\xpco\serverconfigurator\binaries\videoos.serverconfigurator.certificateconfigurator.unittest\bin\debug\videoos.serverconfigurator.certificateconfigurator.unittest.dll" id="18434258-de1a-5134-1ddb-2e51b0c9c438">
      <Execution id="c79599ce-caaf-49c0-ab9d-6067d16f9e45" />
      <TestMethod codeBase="D:\actions-runner\_work\XPCO\XPCO\ServerConfigurator\Binaries\VideoOS.ServerConfigurator.CertificateConfigurator.UnitTest\bin\Debug\VideoOS.ServerConfigurator.CertificateConfigurator.UnitTest.dll" adapterTypeName="executor://mstestadapter/v1" className="VideoOS.ServerConfigurator.CertificateConfigurator.UnitTest.ManagementServerHelperTests" name="Given_InvalidCertificateOnSecureAddress_When_CallingIsSecure_Then_ItRetriesOnUnsecureAdddressAndReturnsFalse" />
    </UnitTest>
    <UnitTest name="GivenADataModelIsCreatedWithAndContainsAnClientRegistrationUri_When_SettingAClienRegistrationServerDnsEndpoint_Then_DnsEndpointOverwritesEverythingButTheSecurePortNumber" storage="d:\actions-runner\_work\xpco\xpco\serverconfigurator\binaries\videoos.serverconfigurator.certificateconfigurator.unittest\bin\debug\videoos.serverconfigurator.certificateconfigurator.unittest.dll" id="1e94425f-0d25-f68d-3a65-bd597c08ee6a">
      <Execution id="ff6a9f11-4113-4b4d-88c3-7679e57c3e21" />
      <TestMethod codeBase="D:\actions-runner\_work\XPCO\XPCO\ServerConfigurator\Binaries\VideoOS.ServerConfigurator.CertificateConfigurator.UnitTest\bin\Debug\VideoOS.ServerConfigurator.CertificateConfigurator.UnitTest.dll" adapterTypeName="executor://mstestadapter/v1" className="VideoOS.ServerConfigurator.CertificateConfigurator.UnitTest.ClientRegistrationTest" name="GivenADataModelIsCreatedWithAndContainsAnClientRegistrationUri_When_SettingAClienRegistrationServerDnsEndpoint_Then_DnsEndpointOverwritesEverythingButTheSecurePortNumber" />
    </UnitTest>
    <UnitTest name="Given_GroupNotExistsWithOneServer_WhenReInstallingServerOnTheGroup_Then_TheGroupIsUnlocked" storage="d:\actions-runner\_work\xpco\xpco\serverconfigurator\binaries\videoos.serverconfigurator.certificateconfigurator.unittest\bin\debug\videoos.serverconfigurator.certificateconfigurator.unittest.dll" id="663bc814-8625-1fb5-cd26-f222adcf66a2">
      <Execution id="33d2d772-14a1-407c-8cb3-ef0e2ee6a5c6" />
      <TestMethod codeBase="D:\actions-runner\_work\XPCO\XPCO\ServerConfigurator\Binaries\VideoOS.ServerConfigurator.CertificateConfigurator.UnitTest\bin\Debug\VideoOS.ServerConfigurator.CertificateConfigurator.UnitTest.dll" adapterTypeName="executor://mstestadapter/v1" className="VideoOS.ServerConfigurator.CertificateConfigurator.UnitTest.ServerGroupLockTest" name="Given_GroupNotExistsWithOneServer_WhenReInstallingServerOnTheGroup_Then_TheGroupIsUnlocked" />
    </UnitTest>
    <UnitTest name="GivenADataModelIsCreated_When_GettingClienRegistrationServer_Then_NulIsReturned" storage="d:\actions-runner\_work\xpco\xpco\serverconfigurator\binaries\videoos.serverconfigurator.certificateconfigurator.unittest\bin\debug\videoos.serverconfigurator.certificateconfigurator.unittest.dll" id="4003c11b-6e8f-bafb-d8dd-87b960ef6d41">
      <Execution id="08120bbc-ff01-4218-ac61-8312eed69d2e" />
      <TestMethod codeBase="D:\actions-runner\_work\XPCO\XPCO\ServerConfigurator\Binaries\VideoOS.ServerConfigurator.CertificateConfigurator.UnitTest\bin\Debug\VideoOS.ServerConfigurator.CertificateConfigurator.UnitTest.dll" adapterTypeName="executor://mstestadapter/v1" className="VideoOS.ServerConfigurator.CertificateConfigurator.UnitTest.ClientRegistrationTest" name="GivenADataModelIsCreated_When_GettingClienRegistrationServer_Then_NulIsReturned" />
    </UnitTest>
    <UnitTest name="Given_DataModel_When_AddingAServerEndpointConfigurationWithACertificateRegistrarThatIsReferencingACertificateGroupNotPresentInTheModel_Then_AnExceptionIsThrownAndErrorIsLogged" storage="d:\actions-runner\_work\xpco\xpco\serverconfigurator\binaries\videoos.serverconfigurator.certificateconfigurator.unittest\bin\debug\videoos.serverconfigurator.certificateconfigurator.unittest.dll" id="21c1b89b-a962-d425-7fb0-244d5adccfb8">
      <Execution id="80c6a0fa-e4a6-477d-9063-c7ddb8c7d99f" />
      <TestMethod codeBase="D:\actions-runner\_work\XPCO\XPCO\ServerConfigurator\Binaries\VideoOS.ServerConfigurator.CertificateConfigurator.UnitTest\bin\Debug\VideoOS.ServerConfigurator.CertificateConfigurator.UnitTest.dll" adapterTypeName="executor://mstestadapter/v1" className="VideoOS.ServerConfigurator.CertificateConfigurator.UnitTest.DataModelTest" name="Given_DataModel_When_AddingAServerEndpointConfigurationWithACertificateRegistrarThatIsReferencingACertificateGroupNotPresentInTheModel_Then_AnExceptionIsThrownAndErrorIsLogged" />
    </UnitTest>
    <UnitTest name="Given_DataModel_When_AddingAClientEndpointDependingOnACertificateGroupNotPresentInTheModel_Then_AnExceptionIsThrownAndErrorIsLogged" storage="d:\actions-runner\_work\xpco\xpco\serverconfigurator\binaries\videoos.serverconfigurator.certificateconfigurator.unittest\bin\debug\videoos.serverconfigurator.certificateconfigurator.unittest.dll" id="de3f67ab-1cce-ba4c-9afe-39fe1041a22c">
      <Execution id="d30d9d33-6505-40ba-9022-d892e77cfb72" />
      <TestMethod codeBase="D:\actions-runner\_work\XPCO\XPCO\ServerConfigurator\Binaries\VideoOS.ServerConfigurator.CertificateConfigurator.UnitTest\bin\Debug\VideoOS.ServerConfigurator.CertificateConfigurator.UnitTest.dll" adapterTypeName="executor://mstestadapter/v1" className="VideoOS.ServerConfigurator.CertificateConfigurator.UnitTest.DataModelTest" name="Given_DataModel_When_AddingAClientEndpointDependingOnACertificateGroupNotPresentInTheModel_Then_AnExceptionIsThrownAndErrorIsLogged" />
    </UnitTest>
    <UnitTest name="Given_AGroupAserverEndpointAndAClientEndpoint_When_InstalleingAserverEndpointAndAClientEndpointBelongingToSameGroup_Then_ApplyIsCalledOnlyOnNewServerEndpointRegisterIsCalledOnlyOnClientEndpointEndPointsAreAddedToInstalledCollection" storage="d:\actions-runner\_work\xpco\xpco\serverconfigurator\binaries\videoos.serverconfigurator.certificateconfigurator.unittest\bin\debug\videoos.serverconfigurator.certificateconfigurator.unittest.dll" id="71f3d891-bf4d-3a91-ec59-63c4c5f70ebd">
      <Execution id="63720765-451e-4594-a347-d1eb9a68b43f" />
      <TestMethod codeBase="D:\actions-runner\_work\XPCO\XPCO\ServerConfigurator\Binaries\VideoOS.ServerConfigurator.CertificateConfigurator.UnitTest\bin\Debug\VideoOS.ServerConfigurator.CertificateConfigurator.UnitTest.dll" adapterTypeName="executor://mstestadapter/v1" className="VideoOS.ServerConfigurator.CertificateConfigurator.UnitTest.InstallationSimulationTest" name="Given_AGroupAserverEndpointAndAClientEndpoint_When_InstalleingAserverEndpointAndAClientEndpointBelongingToSameGroup_Then_ApplyIsCalledOnlyOnNewServerEndpointRegisterIsCalledOnlyOnClientEndpointEndPointsAreAddedToInstalledCollection" />
    </UnitTest>
    <UnitTest name="GivenNothing_When_ApplyAndPreRegisterFails_then_AllMethodsExceptRegisterClientandAreCalledAndReturnCodeIsCorrect" storage="d:\actions-runner\_work\xpco\xpco\serverconfigurator\binaries\videoos.serverconfigurator.certificateconfigurator.unittest\bin\debug\videoos.serverconfigurator.certificateconfigurator.unittest.dll" id="037b32fb-9e05-f482-d1c0-beda00f8e937">
      <Execution id="3dfc11d7-c1f9-468b-ae62-19bb787bd4c6" />
      <TestMethod codeBase="D:\actions-runner\_work\XPCO\XPCO\ServerConfigurator\Binaries\VideoOS.ServerConfigurator.CertificateConfigurator.UnitTest\bin\Debug\VideoOS.ServerConfigurator.CertificateConfigurator.UnitTest.dll" adapterTypeName="executor://mstestadapter/v1" className="VideoOS.ServerConfigurator.CertificateConfigurator.UnitTest.ErrorHandlingTest" name="GivenNothing_When_ApplyAndPreRegisterFails_then_AllMethodsExceptRegisterClientandAreCalledAndReturnCodeIsCorrect" />
    </UnitTest>
    <UnitTest name="GivenADataModelIsCreatedWithASecureServerEndpointThatHasARegisterServiceImplementation_When_CallingRegisterClientAndServices_Then_TheServiceEndpointIsRegistered" storage="d:\actions-runner\_work\xpco\xpco\serverconfigurator\binaries\videoos.serverconfigurator.certificateconfigurator.unittest\bin\debug\videoos.serverconfigurator.certificateconfigurator.unittest.dll" id="b2c83483-dd5b-ee56-9cec-ccf8e52769ea">
      <Execution id="b247b035-f4d4-449e-b077-3b07d0752d95" />
      <TestMethod codeBase="D:\actions-runner\_work\XPCO\XPCO\ServerConfigurator\Binaries\VideoOS.ServerConfigurator.CertificateConfigurator.UnitTest\bin\Debug\VideoOS.ServerConfigurator.CertificateConfigurator.UnitTest.dll" adapterTypeName="executor://mstestadapter/v1" className="VideoOS.ServerConfigurator.CertificateConfigurator.UnitTest.RegisterServicesTest" name="GivenADataModelIsCreatedWithASecureServerEndpointThatHasARegisterServiceImplementation_When_CallingRegisterClientAndServices_Then_TheServiceEndpointIsRegistered" />
    </UnitTest>
    <UnitTest name="Given_DataModel_When_AddingAClientEndpointIsNull_Then_AnExceptionIsThrownAndErrorIsLogged" storage="d:\actions-runner\_work\xpco\xpco\serverconfigurator\binaries\videoos.serverconfigurator.certificateconfigurator.unittest\bin\debug\videoos.serverconfigurator.certificateconfigurator.unittest.dll" id="ccb729b5-a1da-b2b0-0979-17be6c7f93de">
      <Execution id="07179169-0440-4f9a-86f4-9a6350a204a7" />
      <TestMethod codeBase="D:\actions-runner\_work\XPCO\XPCO\ServerConfigurator\Binaries\VideoOS.ServerConfigurator.CertificateConfigurator.UnitTest\bin\Debug\VideoOS.ServerConfigurator.CertificateConfigurator.UnitTest.dll" adapterTypeName="executor://mstestadapter/v1" className="VideoOS.ServerConfigurator.CertificateConfigurator.UnitTest.DataModelTest" name="Given_DataModel_When_AddingAClientEndpointIsNull_Then_AnExceptionIsThrownAndErrorIsLogged" />
    </UnitTest>
    <UnitTest name="GivenNothing_When_ApplyFails_then_PostApplyIsCalledAndReturnCodeIsCorrect" storage="d:\actions-runner\_work\xpco\xpco\serverconfigurator\binaries\videoos.serverconfigurator.certificateconfigurator.unittest\bin\debug\videoos.serverconfigurator.certificateconfigurator.unittest.dll" id="06c83e0f-e76c-878b-59ff-90a852321478">
      <Execution id="476f6c09-1112-4934-9a6e-c7ca62637b91" />
      <TestMethod codeBase="D:\actions-runner\_work\XPCO\XPCO\ServerConfigurator\Binaries\VideoOS.ServerConfigurator.CertificateConfigurator.UnitTest\bin\Debug\VideoOS.ServerConfigurator.CertificateConfigurator.UnitTest.dll" adapterTypeName="executor://mstestadapter/v1" className="VideoOS.ServerConfigurator.CertificateConfigurator.UnitTest.ErrorHandlingTest" name="GivenNothing_When_ApplyFails_then_PostApplyIsCalledAndReturnCodeIsCorrect" />
    </UnitTest>
    <UnitTest name="Given_DataModelWithACertificateGroup_ValidateCertificate" storage="d:\actions-runner\_work\xpco\xpco\serverconfigurator\binaries\videoos.serverconfigurator.certificateconfigurator.unittest\bin\debug\videoos.serverconfigurator.certificateconfigurator.unittest.dll" id="0e27459f-68c6-45c2-f984-1c51d4e05a2a">
      <Execution id="0657956c-7bf4-43df-bfa6-eb598e9e35f5" />
      <TestMethod codeBase="D:\actions-runner\_work\XPCO\XPCO\ServerConfigurator\Binaries\VideoOS.ServerConfigurator.CertificateConfigurator.UnitTest\bin\Debug\VideoOS.ServerConfigurator.CertificateConfigurator.UnitTest.dll" adapterTypeName="executor://mstestadapter/v1" className="VideoOS.ServerConfigurator.CertificateConfigurator.UnitTest.DataModelTest" name="Given_DataModelWithACertificateGroup_ValidateCertificate" />
    </UnitTest>
    <UnitTest name="Given_DataModel_When_AddingACertificateGroupThatIsNull_Then_AnExceptionIsThrownAndErrorIsLogged" storage="d:\actions-runner\_work\xpco\xpco\serverconfigurator\binaries\videoos.serverconfigurator.certificateconfigurator.unittest\bin\debug\videoos.serverconfigurator.certificateconfigurator.unittest.dll" id="44f31db6-d9ed-ca53-47fd-e318aaddf094">
      <Execution id="04da8771-a40d-4585-b97e-5852f1cf478a" />
      <TestMethod codeBase="D:\actions-runner\_work\XPCO\XPCO\ServerConfigurator\Binaries\VideoOS.ServerConfigurator.CertificateConfigurator.UnitTest\bin\Debug\VideoOS.ServerConfigurator.CertificateConfigurator.UnitTest.dll" adapterTypeName="executor://mstestadapter/v1" className="VideoOS.ServerConfigurator.CertificateConfigurator.UnitTest.DataModelTest" name="Given_DataModel_When_AddingACertificateGroupThatIsNull_Then_AnExceptionIsThrownAndErrorIsLogged" />
    </UnitTest>
    <UnitTest name="GivenADataModelIsCreatedWithAServerEndpointThatHasASystemConfigurationImplementation_When_EndpointIsRemoved_Then_CleanupIsCalled" storage="d:\actions-runner\_work\xpco\xpco\serverconfigurator\binaries\videoos.serverconfigurator.certificateconfigurator.unittest\bin\debug\videoos.serverconfigurator.certificateconfigurator.unittest.dll" id="b758daf8-9ecf-ef41-b76c-c6c975f64c9a">
      <Execution id="2c0c5753-abd4-414e-9eb1-6765de16862f" />
      <TestMethod codeBase="D:\actions-runner\_work\XPCO\XPCO\ServerConfigurator\Binaries\VideoOS.ServerConfigurator.CertificateConfigurator.UnitTest\bin\Debug\VideoOS.ServerConfigurator.CertificateConfigurator.UnitTest.dll" adapterTypeName="executor://mstestadapter/v1" className="VideoOS.ServerConfigurator.CertificateConfigurator.UnitTest.SystemConfigurationTest" name="GivenADataModelIsCreatedWithAServerEndpointThatHasASystemConfigurationImplementation_When_EndpointIsRemoved_Then_CleanupIsCalled" />
    </UnitTest>
    <UnitTest name="GivenADataModelIsCreatedWithAServerGroupWithSErverEndpointsThatUsesEncryptionAndAClientEndpointThatDependsOnThisGroup_When_SettingAClienRegistrationServerUri_Then_TheModelContainsTheUri" storage="d:\actions-runner\_work\xpco\xpco\serverconfigurator\binaries\videoos.serverconfigurator.certificateconfigurator.unittest\bin\debug\videoos.serverconfigurator.certificateconfigurator.unittest.dll" id="35080009-402e-5b09-e331-6cbcfc344a45">
      <Execution id="6c18b60f-c769-401c-901b-e4321d234f89" />
      <TestMethod codeBase="D:\actions-runner\_work\XPCO\XPCO\ServerConfigurator\Binaries\VideoOS.ServerConfigurator.CertificateConfigurator.UnitTest\bin\Debug\VideoOS.ServerConfigurator.CertificateConfigurator.UnitTest.dll" adapterTypeName="executor://mstestadapter/v1" className="VideoOS.ServerConfigurator.CertificateConfigurator.UnitTest.ClientRegistrationTest" name="GivenADataModelIsCreatedWithAServerGroupWithSErverEndpointsThatUsesEncryptionAndAClientEndpointThatDependsOnThisGroup_When_SettingAClienRegistrationServerUri_Then_TheModelContainsTheUri" />
    </UnitTest>
    <UnitTest name="Given_NoClientEndpointAndMsIsSecure_When_VerifyConsistency_then_ItReturnsSuccess" storage="d:\actions-runner\_work\xpco\xpco\serverconfigurator\binaries\videoos.serverconfigurator.certificateconfigurator.unittest\bin\debug\videoos.serverconfigurator.certificateconfigurator.unittest.dll" id="28c6dfcd-0713-3bd2-df4a-1d9932d5e715">
      <Execution id="4c7554b4-cc31-41f1-a9c7-4539cd03ff6f" />
      <TestMethod codeBase="D:\actions-runner\_work\XPCO\XPCO\ServerConfigurator\Binaries\VideoOS.ServerConfigurator.CertificateConfigurator.UnitTest\bin\Debug\VideoOS.ServerConfigurator.CertificateConfigurator.UnitTest.dll" adapterTypeName="executor://mstestadapter/v1" className="VideoOS.ServerConfigurator.CertificateConfigurator.UnitTest.VerifySystemConsistencyTest" name="Given_NoClientEndpointAndMsIsSecure_When_VerifyConsistency_then_ItReturnsSuccess" />
    </UnitTest>
    <UnitTest name="GivenADataModelIsCreatedWithASystemConfigurationRegistrarWithAnUnknownPurpose_When_CallingRegisterClientAndServices_Then_TheConfigurationRegistrarIsNotExecuted" storage="d:\actions-runner\_work\xpco\xpco\serverconfigurator\binaries\videoos.serverconfigurator.certificateconfigurator.unittest\bin\debug\videoos.serverconfigurator.certificateconfigurator.unittest.dll" id="f88b6e85-b7ff-39ee-e8dd-57f36d8684f4">
      <Execution id="92a24192-8932-40e6-bdca-e3d209aac643" />
      <TestMethod codeBase="D:\actions-runner\_work\XPCO\XPCO\ServerConfigurator\Binaries\VideoOS.ServerConfigurator.CertificateConfigurator.UnitTest\bin\Debug\VideoOS.ServerConfigurator.CertificateConfigurator.UnitTest.dll" adapterTypeName="executor://mstestadapter/v1" className="VideoOS.ServerConfigurator.CertificateConfigurator.UnitTest.SystemConfigurationTest" name="GivenADataModelIsCreatedWithASystemConfigurationRegistrarWithAnUnknownPurpose_When_CallingRegisterClientAndServices_Then_TheConfigurationRegistrarIsNotExecuted" />
    </UnitTest>
    <UnitTest name="Given_GroupNotExistsWithTwoServers_WhenReInstallingOneServerInTheTheGroup_Then_TheGroupIsLocked" storage="d:\actions-runner\_work\xpco\xpco\serverconfigurator\binaries\videoos.serverconfigurator.certificateconfigurator.unittest\bin\debug\videoos.serverconfigurator.certificateconfigurator.unittest.dll" id="3539a475-904f-8e7f-6da9-abcc0fe06cea">
      <Execution id="dc05521d-5a20-4133-9989-a30062ad336d" />
      <TestMethod codeBase="D:\actions-runner\_work\XPCO\XPCO\ServerConfigurator\Binaries\VideoOS.ServerConfigurator.CertificateConfigurator.UnitTest\bin\Debug\VideoOS.ServerConfigurator.CertificateConfigurator.UnitTest.dll" adapterTypeName="executor://mstestadapter/v1" className="VideoOS.ServerConfigurator.CertificateConfigurator.UnitTest.ServerGroupLockTest" name="Given_GroupNotExistsWithTwoServers_WhenReInstallingOneServerInTheTheGroup_Then_TheGroupIsLocked" />
    </UnitTest>
    <UnitTest name="Given_ClientEndpoinDependendsOnunsecureServerGroupAndMsStateIsUndefined_When_VerifyConsistency_then_ItReturnsSuccess" storage="d:\actions-runner\_work\xpco\xpco\serverconfigurator\binaries\videoos.serverconfigurator.certificateconfigurator.unittest\bin\debug\videoos.serverconfigurator.certificateconfigurator.unittest.dll" id="ff410f9f-95cb-0e15-d0a7-5c68404ebfa3">
      <Execution id="516216f8-8c67-46cb-bfbb-d94a127a9af2" />
      <TestMethod codeBase="D:\actions-runner\_work\XPCO\XPCO\ServerConfigurator\Binaries\VideoOS.ServerConfigurator.CertificateConfigurator.UnitTest\bin\Debug\VideoOS.ServerConfigurator.CertificateConfigurator.UnitTest.dll" adapterTypeName="executor://mstestadapter/v1" className="VideoOS.ServerConfigurator.CertificateConfigurator.UnitTest.VerifySystemConsistencyTest" name="Given_ClientEndpoinDependendsOnunsecureServerGroupAndMsStateIsUndefined_When_VerifyConsistency_then_ItReturnsSuccess" />
    </UnitTest>
    <UnitTest name="GivenTwoServerEndpointsInstalled_When_RegisterAndFirstServiceRegistrationFails_Then_AllMethodsExceptForRegisterThisServiceAreCalledTwiceAndReturnCodeIsError" storage="d:\actions-runner\_work\xpco\xpco\serverconfigurator\binaries\videoos.serverconfigurator.certificateconfigurator.unittest\bin\debug\videoos.serverconfigurator.certificateconfigurator.unittest.dll" id="052d5415-7537-0cc1-f24d-683e01faba80">
      <Execution id="71cf4d2d-9ea1-4ac9-9d19-89f2aabfd6f8" />
      <TestMethod codeBase="D:\actions-runner\_work\XPCO\XPCO\ServerConfigurator\Binaries\VideoOS.ServerConfigurator.CertificateConfigurator.UnitTest\bin\Debug\VideoOS.ServerConfigurator.CertificateConfigurator.UnitTest.dll" adapterTypeName="executor://mstestadapter/v1" className="VideoOS.ServerConfigurator.CertificateConfigurator.UnitTest.ErrorHandlingTest" name="GivenTwoServerEndpointsInstalled_When_RegisterAndFirstServiceRegistrationFails_Then_AllMethodsExceptForRegisterThisServiceAreCalledTwiceAndReturnCodeIsError" />
    </UnitTest>
    <UnitTest name="Given_DataModelWithACertificateGroup_When_ChangingStatusOfUseEncryptionOnAnExistingGroup_The_AnEventIsFiredAndTheCertificateGroupReflectsTheNewSettingInTheQueryModel" storage="d:\actions-runner\_work\xpco\xpco\serverconfigurator\binaries\videoos.serverconfigurator.certificateconfigurator.unittest\bin\debug\videoos.serverconfigurator.certificateconfigurator.unittest.dll" id="b0058697-367e-e350-086c-4a93cbeab39d">
      <Execution id="1730afda-20d1-4e4c-82dc-debbe1a53a0f" />
      <TestMethod codeBase="D:\actions-runner\_work\XPCO\XPCO\ServerConfigurator\Binaries\VideoOS.ServerConfigurator.CertificateConfigurator.UnitTest\bin\Debug\VideoOS.ServerConfigurator.CertificateConfigurator.UnitTest.dll" adapterTypeName="executor://mstestadapter/v1" className="VideoOS.ServerConfigurator.CertificateConfigurator.UnitTest.DataModelTest" name="Given_DataModelWithACertificateGroup_When_ChangingStatusOfUseEncryptionOnAnExistingGroup_The_AnEventIsFiredAndTheCertificateGroupReflectsTheNewSettingInTheQueryModel" />
    </UnitTest>
    <UnitTest name="Given_NoCerverfonfiguratorConfiguration_When_UpgradingAGroupAserverEndpointAndAClientEndpointWithSameEncryptionState_Then_ApplyIsCalledOnServerEndpointRegisterIsCalledOnClientEndpointEndPointsToBeInstalledAreAddedToInstalledCollection" storage="d:\actions-runner\_work\xpco\xpco\serverconfigurator\binaries\videoos.serverconfigurator.certificateconfigurator.unittest\bin\debug\videoos.serverconfigurator.certificateconfigurator.unittest.dll" id="beb7cb3f-3177-6351-c9b0-45069abaadcd">
      <Execution id="2e6a14b6-8243-4387-99e4-1692832220eb" />
      <TestMethod codeBase="D:\actions-runner\_work\XPCO\XPCO\ServerConfigurator\Binaries\VideoOS.ServerConfigurator.CertificateConfigurator.UnitTest\bin\Debug\VideoOS.ServerConfigurator.CertificateConfigurator.UnitTest.dll" adapterTypeName="executor://mstestadapter/v1" className="VideoOS.ServerConfigurator.CertificateConfigurator.UnitTest.InstallationSimulationTest" name="Given_NoCerverfonfiguratorConfiguration_When_UpgradingAGroupAserverEndpointAndAClientEndpointWithSameEncryptionState_Then_ApplyIsCalledOnServerEndpointRegisterIsCalledOnClientEndpointEndPointsToBeInstalledAreAddedToInstalledCollection" />
    </UnitTest>
    <UnitTest name="GivenNothing_When_CleanupFails_then_ErrorsAreIgnored" storage="d:\actions-runner\_work\xpco\xpco\serverconfigurator\binaries\videoos.serverconfigurator.certificateconfigurator.unittest\bin\debug\videoos.serverconfigurator.certificateconfigurator.unittest.dll" id="b2a740f2-7828-444d-882f-4bde19e5802f">
      <Execution id="8474c511-35f1-4b16-a8de-9929584162c3" />
      <TestMethod codeBase="D:\actions-runner\_work\XPCO\XPCO\ServerConfigurator\Binaries\VideoOS.ServerConfigurator.CertificateConfigurator.UnitTest\bin\Debug\VideoOS.ServerConfigurator.CertificateConfigurator.UnitTest.dll" adapterTypeName="executor://mstestadapter/v1" className="VideoOS.ServerConfigurator.CertificateConfigurator.UnitTest.ErrorHandlingTest" name="GivenNothing_When_CleanupFails_then_ErrorsAreIgnored" />
    </UnitTest>
  </TestDefinitions>
  <TestEntries>
    <TestEntry testId="957805b7-bca4-1646-7333-7cc81433e31f" executionId="89889109-c07f-4980-81be-98193abf7238" testListId="8c84fa94-04c1-424b-9868-57a2d4851a1d" />
    <TestEntry testId="55af93f2-2872-cf49-de40-364f89044cf3" executionId="f8cb5055-8d4c-42b9-92b7-53350c7af3a3" testListId="8c84fa94-04c1-424b-9868-57a2d4851a1d" />
    <TestEntry testId="59f5b942-7d03-9634-0e77-18b159db6a5b" executionId="03edfca5-483b-4df8-95d5-72f3fc2c6032" testListId="8c84fa94-04c1-424b-9868-57a2d4851a1d" />
    <TestEntry testId="e7371a22-2f23-0863-02da-f4bfe38c59ee" executionId="756fc555-4903-4b85-8921-c8e47fcbea77" testListId="8c84fa94-04c1-424b-9868-57a2d4851a1d" />
    <TestEntry testId="d48d92a7-fc4b-c503-7391-9351eaad7300" executionId="094f3f34-8016-4708-b86d-917911d6ce28" testListId="8c84fa94-04c1-424b-9868-57a2d4851a1d" />
    <TestEntry testId="f1fb895f-3126-14fd-6dd6-969d9fa60062" executionId="5ae8422f-0774-445d-9f3d-a3a12896a684" testListId="8c84fa94-04c1-424b-9868-57a2d4851a1d" />
    <TestEntry testId="26ceb847-5f0f-0568-fea6-0691339e0efd" executionId="cbdd69c5-5ec3-46cd-952d-78726958b43d" testListId="8c84fa94-04c1-424b-9868-57a2d4851a1d" />
    <TestEntry testId="2055ab92-a825-c72c-2878-f7699b965959" executionId="3a2df6a6-6e6a-47bf-a880-0ecd9fa32144" testListId="8c84fa94-04c1-424b-9868-57a2d4851a1d" />
    <TestEntry testId="adcb3ac5-950d-3136-ef86-069705662354" executionId="2a86e22f-5e43-44a8-9c57-2306865c4606" testListId="8c84fa94-04c1-424b-9868-57a2d4851a1d" />
    <TestEntry testId="44f31db6-d9ed-ca53-47fd-e318aaddf094" executionId="04da8771-a40d-4585-b97e-5852f1cf478a" testListId="8c84fa94-04c1-424b-9868-57a2d4851a1d" />
    <TestEntry testId="76f9d5f0-2c14-eac9-8564-2b3ca1b2db59" executionId="6bd329bb-e935-42f9-9983-cea955555758" testListId="8c84fa94-04c1-424b-9868-57a2d4851a1d" />
    <TestEntry testId="a3c74042-7d07-597b-bf2b-a9b3a0db33aa" executionId="a1bedc20-e4bc-4db4-bcde-ccd2d9ca068b" testListId="8c84fa94-04c1-424b-9868-57a2d4851a1d" />
    <TestEntry testId="21c1b89b-a962-d425-7fb0-244d5adccfb8" executionId="80c6a0fa-e4a6-477d-9063-c7ddb8c7d99f" testListId="8c84fa94-04c1-424b-9868-57a2d4851a1d" />
    <TestEntry testId="f648643e-749d-6471-b4d9-689434b7e720" executionId="098d88d8-4ab1-40bf-9066-32a6fabea0a9" testListId="8c84fa94-04c1-424b-9868-57a2d4851a1d" />
    <TestEntry testId="6afe2a72-7146-37ec-ca8d-a738f7fc579d" executionId="aefc49fa-45ad-4843-89df-558450c5e154" testListId="8c84fa94-04c1-424b-9868-57a2d4851a1d" />
    <TestEntry testId="ff410f9f-95cb-0e15-d0a7-5c68404ebfa3" executionId="516216f8-8c67-46cb-bfbb-d94a127a9af2" testListId="8c84fa94-04c1-424b-9868-57a2d4851a1d" />
    <TestEntry testId="28c6dfcd-0713-3bd2-df4a-1d9932d5e715" executionId="4c7554b4-cc31-41f1-a9c7-4539cd03ff6f" testListId="8c84fa94-04c1-424b-9868-57a2d4851a1d" />
    <TestEntry testId="35080009-402e-5b09-e331-6cbcfc344a45" executionId="6c18b60f-c769-401c-901b-e4321d234f89" testListId="8c84fa94-04c1-424b-9868-57a2d4851a1d" />
    <TestEntry testId="f624bd96-0d6d-f801-e1fc-86416f77e28b" executionId="41c0094a-991e-46a9-b33d-3f046f0e39ea" testListId="8c84fa94-04c1-424b-9868-57a2d4851a1d" />
    <TestEntry testId="663bc814-8625-1fb5-cd26-f222adcf66a2" executionId="33d2d772-14a1-407c-8cb3-ef0e2ee6a5c6" testListId="8c84fa94-04c1-424b-9868-57a2d4851a1d" />
    <TestEntry testId="a43b0a02-2d93-91ed-1100-ab6313fdd679" executionId="f72ca745-13d6-4f0f-8bb2-dddd84f87de7" testListId="8c84fa94-04c1-424b-9868-57a2d4851a1d" />
    <TestEntry testId="06c83e0f-e76c-878b-59ff-90a852321478" executionId="476f6c09-1112-4934-9a6e-c7ca62637b91" testListId="8c84fa94-04c1-424b-9868-57a2d4851a1d" />
    <TestEntry testId="22d540f1-ba9c-290d-427c-c5da6709af64" executionId="e8b88228-5927-4572-b01d-bced4210830f" testListId="8c84fa94-04c1-424b-9868-57a2d4851a1d" />
    <TestEntry testId="c948a62f-1b15-343a-04ce-f60c57876319" executionId="6519d4a4-2dd2-45a2-a17f-38f5acfde05f" testListId="8c84fa94-04c1-424b-9868-57a2d4851a1d" />
    <TestEntry testId="f6d53516-878d-8061-33c8-b9b8ff4ddaa9" executionId="ed11d414-3ba2-4d92-8dc8-d884162fd479" testListId="8c84fa94-04c1-424b-9868-57a2d4851a1d" />
    <TestEntry testId="71f3d891-bf4d-3a91-ec59-63c4c5f70ebd" executionId="63720765-451e-4594-a347-d1eb9a68b43f" testListId="8c84fa94-04c1-424b-9868-57a2d4851a1d" />
    <TestEntry testId="849ea455-cd31-b2d8-a180-245d545b8516" executionId="794b36c9-6b1f-4e38-879e-68438e055831" testListId="8c84fa94-04c1-424b-9868-57a2d4851a1d" />
    <TestEntry testId="3539a475-904f-8e7f-6da9-abcc0fe06cea" executionId="dc05521d-5a20-4133-9989-a30062ad336d" testListId="8c84fa94-04c1-424b-9868-57a2d4851a1d" />
    <TestEntry testId="48833fdc-c743-474f-127d-820cf51d26f4" executionId="572ac38c-d34b-439c-8231-c8ae0ee7ba70" testListId="8c84fa94-04c1-424b-9868-57a2d4851a1d" />
    <TestEntry testId="ea8b4689-624d-1ba0-c275-ea893252147e" executionId="cd5c139f-f4f9-47a7-a3dc-5928af7f130b" testListId="8c84fa94-04c1-424b-9868-57a2d4851a1d" />
    <TestEntry testId="4fe6b2f3-7594-2d86-941d-d24a54aa2819" executionId="7f10d4bc-5732-4992-8abc-2ad62bd87e83" testListId="8c84fa94-04c1-424b-9868-57a2d4851a1d" />
    <TestEntry testId="d0f05c06-51d1-5c4c-3deb-49493684a84a" executionId="1b4b2a88-30ad-4f99-8352-1c25a949ec5c" testListId="8c84fa94-04c1-424b-9868-57a2d4851a1d" />
    <TestEntry testId="5ca1816a-94ae-2ba5-7ee0-3897faba7ecc" executionId="be10c5a5-e30a-4bf4-a574-e8b00c13ec7b" testListId="8c84fa94-04c1-424b-9868-57a2d4851a1d" />
    <TestEntry testId="b2a740f2-7828-444d-882f-4bde19e5802f" executionId="8474c511-35f1-4b16-a8de-9929584162c3" testListId="8c84fa94-04c1-424b-9868-57a2d4851a1d" />
    <TestEntry testId="88111dec-de4a-d91d-2732-2e5c4abdc4fd" executionId="ab315028-cfef-4155-b378-e25e52c0e53d" testListId="8c84fa94-04c1-424b-9868-57a2d4851a1d" />
    <TestEntry testId="a1be1c9a-a9a7-9705-64c9-d172bee9b1fc" executionId="bffe45ca-ac46-49db-8498-dfabccfcaf7f" testListId="8c84fa94-04c1-424b-9868-57a2d4851a1d" />
    <TestEntry testId="45038600-e7ac-f75d-dd39-796d1d10e649" executionId="adf7d94a-e93d-49dc-8d20-a2402880e1d2" testListId="8c84fa94-04c1-424b-9868-57a2d4851a1d" />
    <TestEntry testId="8fbaf461-050a-72a5-95f6-1ffbfb09133c" executionId="c58cc9aa-0d18-4cff-89ca-3c21a84e44fa" testListId="8c84fa94-04c1-424b-9868-57a2d4851a1d" />
    <TestEntry testId="82095210-5957-eae6-7d52-5ee38597568f" executionId="487b5ccb-946d-48b6-ba24-a89df89a28eb" testListId="8c84fa94-04c1-424b-9868-57a2d4851a1d" />
    <TestEntry testId="f162eaa4-079a-7f45-265b-56b1fa521cda" executionId="5658947a-5ed8-4178-b699-029de0ec489c" testListId="8c84fa94-04c1-424b-9868-57a2d4851a1d" />
    <TestEntry testId="2d9923e3-d0d3-ff31-b8b5-f5274342b07d" executionId="174c358a-a1b9-4cef-871e-8ec1a0ef9a94" testListId="8c84fa94-04c1-424b-9868-57a2d4851a1d" />
    <TestEntry testId="b758daf8-9ecf-ef41-b76c-c6c975f64c9a" executionId="2c0c5753-abd4-414e-9eb1-6765de16862f" testListId="8c84fa94-04c1-424b-9868-57a2d4851a1d" />
    <TestEntry testId="9e577602-fcd6-fa83-acf0-cbcad8faca8e" executionId="d8c1566b-f9ff-4962-bda6-c718ac4347d9" testListId="8c84fa94-04c1-424b-9868-57a2d4851a1d" />
    <TestEntry testId="377cde36-2b41-448c-a304-91c173240745" executionId="d0f4be6e-a764-46ab-8846-9fe6a4f72b50" testListId="8c84fa94-04c1-424b-9868-57a2d4851a1d" />
    <TestEntry testId="72ec1461-140b-4477-40e0-519f5af86c57" executionId="d0809be0-067a-40f7-a424-ba757dccbe34" testListId="8c84fa94-04c1-424b-9868-57a2d4851a1d" />
    <TestEntry testId="26c50802-7b1a-8df0-d1f3-5fec3fe690e6" executionId="c5b6ca5a-0e86-4a95-9407-380981022840" testListId="8c84fa94-04c1-424b-9868-57a2d4851a1d" />
    <TestEntry testId="abd45714-c563-8ebe-976d-8e1b7fb7d7e3" executionId="67ddbe23-3904-4f6b-9cb2-e12d65ffff7c" testListId="8c84fa94-04c1-424b-9868-57a2d4851a1d" />
    <TestEntry testId="4bbb67fc-8daf-eeb2-c681-2e8b7e20cdc5" executionId="ee93e0e2-6a9a-4522-8aec-328b3c7fc196" testListId="8c84fa94-04c1-424b-9868-57a2d4851a1d" />
    <TestEntry testId="c23ec05f-67c7-861c-852d-10543d2c6f2a" executionId="02ee8604-e997-407d-b10b-c82fa46c7072" testListId="8c84fa94-04c1-424b-9868-57a2d4851a1d" />
    <TestEntry testId="33dd2569-9dea-404d-74b9-25d7c92c7064" executionId="0f532f49-2723-478f-b4e2-817ddc7897f8" testListId="8c84fa94-04c1-424b-9868-57a2d4851a1d" />
    <TestEntry testId="ccb729b5-a1da-b2b0-0979-17be6c7f93de" executionId="07179169-0440-4f9a-86f4-9a6350a204a7" testListId="8c84fa94-04c1-424b-9868-57a2d4851a1d" />
    <TestEntry testId="66e2e26f-56cf-fb12-4503-032869724b53" executionId="b3752b85-0c12-4b80-8cea-5410c4d1636a" testListId="8c84fa94-04c1-424b-9868-57a2d4851a1d" />
    <TestEntry testId="3e20fa5a-e457-6eda-c262-d5930c7275bd" executionId="ec06ef19-8932-457a-9124-5045b11537e9" testListId="8c84fa94-04c1-424b-9868-57a2d4851a1d" />
    <TestEntry testId="5cbfd5bb-08ce-60b2-f4c9-622cbdc929e7" executionId="25ee2e84-3f7f-49f7-a1cc-dc51a52709d1" testListId="8c84fa94-04c1-424b-9868-57a2d4851a1d" />
    <TestEntry testId="f88b6e85-b7ff-39ee-e8dd-57f36d8684f4" executionId="92a24192-8932-40e6-bdca-e3d209aac643" testListId="8c84fa94-04c1-424b-9868-57a2d4851a1d" />
    <TestEntry testId="a4fb97e4-c040-441f-caee-fc619c8ab3cd" executionId="58ff0f06-4a38-497f-b856-a66309f59349" testListId="8c84fa94-04c1-424b-9868-57a2d4851a1d" />
    <TestEntry testId="9f224ceb-e299-28cf-8110-68b905b94f2e" executionId="481dc521-3066-4e0e-b581-c84935b61176" testListId="8c84fa94-04c1-424b-9868-57a2d4851a1d" />
    <TestEntry testId="b2c83483-dd5b-ee56-9cec-ccf8e52769ea" executionId="b247b035-f4d4-449e-b077-3b07d0752d95" testListId="8c84fa94-04c1-424b-9868-57a2d4851a1d" />
    <TestEntry testId="8f121f66-0be3-35f8-8ac8-27bd57738171" executionId="0bc05664-7fe5-42db-b12c-2e7f6ce1efde" testListId="8c84fa94-04c1-424b-9868-57a2d4851a1d" />
    <TestEntry testId="adba7ef7-32b8-2676-c16a-97c3bacce91e" executionId="1dee1d6e-17d4-418c-b66d-ff19a7f19eec" testListId="8c84fa94-04c1-424b-9868-57a2d4851a1d" />
    <TestEntry testId="4376ce42-ae16-1b80-8263-bb020569e56e" executionId="353bb011-0666-4203-ac55-77ebf030512a" testListId="8c84fa94-04c1-424b-9868-57a2d4851a1d" />
    <TestEntry testId="a28387c2-bec3-4f9e-686c-adced300ecf7" executionId="8d7117e8-f274-4e32-94bd-67b724d009e1" testListId="8c84fa94-04c1-424b-9868-57a2d4851a1d" />
    <TestEntry testId="618a7bd6-1577-2c2f-9584-470a0f68b1a1" executionId="364e5fef-a22c-4e91-8218-de8febe2f521" testListId="8c84fa94-04c1-424b-9868-57a2d4851a1d" />
    <TestEntry testId="860c5fe7-5323-0247-e36b-6590f6022452" executionId="3cd48f55-531c-43b3-b170-aea7208551d8" testListId="8c84fa94-04c1-424b-9868-57a2d4851a1d" />
    <TestEntry testId="18434258-de1a-5134-1ddb-2e51b0c9c438" executionId="c79599ce-caaf-49c0-ab9d-6067d16f9e45" testListId="8c84fa94-04c1-424b-9868-57a2d4851a1d" />
    <TestEntry testId="beb7cb3f-3177-6351-c9b0-45069abaadcd" executionId="2e6a14b6-8243-4387-99e4-1692832220eb" testListId="8c84fa94-04c1-424b-9868-57a2d4851a1d" />
    <TestEntry testId="6405b8be-f3d4-9380-1107-b67e50eaeae0" executionId="5fd6096d-ede4-4d44-a4c3-4538feb1fc23" testListId="8c84fa94-04c1-424b-9868-57a2d4851a1d" />
    <TestEntry testId="de3f67ab-1cce-ba4c-9afe-39fe1041a22c" executionId="d30d9d33-6505-40ba-9022-d892e77cfb72" testListId="8c84fa94-04c1-424b-9868-57a2d4851a1d" />
    <TestEntry testId="d2071feb-67cd-0102-5a34-6f93a883cb3f" executionId="bc17ff9c-2944-4fc5-aed3-360c05f3c998" testListId="8c84fa94-04c1-424b-9868-57a2d4851a1d" />
    <TestEntry testId="4d95a94f-3565-ed67-72c7-ed833f58381d" executionId="93a49531-7e87-4acc-8be3-02eedc0362c8" testListId="8c84fa94-04c1-424b-9868-57a2d4851a1d" />
    <TestEntry testId="d0aaeb74-b9d2-b511-2030-916229d93667" executionId="67258441-6776-43fd-b1a3-f509c999a546" testListId="8c84fa94-04c1-424b-9868-57a2d4851a1d" />
    <TestEntry testId="fd54fd20-72ec-43f3-bc61-4e6d51bcfab8" executionId="8609f9eb-ec9a-47d7-8ba0-20a2f25fbfc7" testListId="8c84fa94-04c1-424b-9868-57a2d4851a1d" />
    <TestEntry testId="052d5415-7537-0cc1-f24d-683e01faba80" executionId="71cf4d2d-9ea1-4ac9-9d19-89f2aabfd6f8" testListId="8c84fa94-04c1-424b-9868-57a2d4851a1d" />
    <TestEntry testId="4ee4caa0-a446-2b80-db60-f8f86e91c2e3" executionId="9fdb07b7-7682-4b15-8dc7-f6b71de3599f" testListId="8c84fa94-04c1-424b-9868-57a2d4851a1d" />
    <TestEntry testId="4003c11b-6e8f-bafb-d8dd-87b960ef6d41" executionId="08120bbc-ff01-4218-ac61-8312eed69d2e" testListId="8c84fa94-04c1-424b-9868-57a2d4851a1d" />
    <TestEntry testId="9480d8a1-c258-e07a-8a61-00e291e2979d" executionId="c2019f1a-ba82-478e-b399-b5f0b1ab3cbb" testListId="8c84fa94-04c1-424b-9868-57a2d4851a1d" />
    <TestEntry testId="306e1be2-5b2b-15c5-3297-58e9a8d47a8b" executionId="e2fea656-2844-440b-b5a1-77c070335579" testListId="8c84fa94-04c1-424b-9868-57a2d4851a1d" />
    <TestEntry testId="b6e4f4b8-6b61-28b3-8acd-1ff1a62d4e64" executionId="7dbbd66d-9182-4c9e-8628-582dfdac5971" testListId="8c84fa94-04c1-424b-9868-57a2d4851a1d" />
    <TestEntry testId="7b410871-2238-cb8a-4947-3db2b64f6075" executionId="b9533b6b-f0d5-43d3-ae4d-83f91964d223" testListId="8c84fa94-04c1-424b-9868-57a2d4851a1d" />
    <TestEntry testId="97e87ceb-d14c-a2ad-6c0b-d02531c54591" executionId="7876a602-4236-4e3c-8984-9529e4d80066" testListId="8c84fa94-04c1-424b-9868-57a2d4851a1d" />
    <TestEntry testId="090b431d-686f-32c6-c8a5-2cbb2979af1b" executionId="7f876a6a-9496-4b5b-8225-f2407e9feec9" testListId="8c84fa94-04c1-424b-9868-57a2d4851a1d" />
    <TestEntry testId="f87a312b-902e-182d-8f2f-b248445feb78" executionId="b2665bd8-a28d-426b-acc5-681c91c45979" testListId="8c84fa94-04c1-424b-9868-57a2d4851a1d" />
    <TestEntry testId="4ff54da2-1962-6d98-a865-9a6105cfd337" executionId="b8afbac2-9f66-44e1-afdc-68073e3f6250" testListId="8c84fa94-04c1-424b-9868-57a2d4851a1d" />
    <TestEntry testId="1d7f247d-9695-74aa-921e-d04f952cec76" executionId="2aacc645-ca94-47a5-8cc8-b835fec360a5" testListId="8c84fa94-04c1-424b-9868-57a2d4851a1d" />
    <TestEntry testId="9d38dc88-1753-5730-210a-f858bcdc2c1f" executionId="984b20ff-6440-4f59-895e-f23242fb71a7" testListId="8c84fa94-04c1-424b-9868-57a2d4851a1d" />
    <TestEntry testId="0e27459f-68c6-45c2-f984-1c51d4e05a2a" executionId="0657956c-7bf4-43df-bfa6-eb598e9e35f5" testListId="8c84fa94-04c1-424b-9868-57a2d4851a1d" />
    <TestEntry testId="037b32fb-9e05-f482-d1c0-beda00f8e937" executionId="3dfc11d7-c1f9-468b-ae62-19bb787bd4c6" testListId="8c84fa94-04c1-424b-9868-57a2d4851a1d" />
    <TestEntry testId="7bccd44c-4e6c-46a0-79b4-b2a39b2362e9" executionId="c561ed01-d8c4-4166-bf63-d7e52c442077" testListId="8c84fa94-04c1-424b-9868-57a2d4851a1d" />
    <TestEntry testId="c68d385b-7a3b-1411-949a-29d8ddf3c2c4" executionId="b96031ac-fc49-4676-b624-694c3c550f1b" testListId="8c84fa94-04c1-424b-9868-57a2d4851a1d" />
    <TestEntry testId="d2372c5e-181d-b2ec-550e-b838c22baccc" executionId="1a6ee04e-8f23-4280-ba62-5cbfc285bf6e" testListId="8c84fa94-04c1-424b-9868-57a2d4851a1d" />
    <TestEntry testId="d4a901de-d919-828b-073d-26f76f579206" executionId="c5801900-5cde-4ec9-bd74-c38cb6b014fd" testListId="8c84fa94-04c1-424b-9868-57a2d4851a1d" />
    <TestEntry testId="2e768cfe-5d88-0e13-1c3d-3041fb7423ea" executionId="879df0d5-78f7-43fa-8e3b-bc00d57cf1da" testListId="8c84fa94-04c1-424b-9868-57a2d4851a1d" />
    <TestEntry testId="353a6608-a3a3-6449-fbf2-fad83240a8ae" executionId="6cdca19b-ef8b-492b-b22c-141cef57951c" testListId="8c84fa94-04c1-424b-9868-57a2d4851a1d" />
    <TestEntry testId="8b14ea64-c5df-69fb-6702-821ad59099df" executionId="a66f599c-1f12-4286-a549-9b010c9f053f" testListId="8c84fa94-04c1-424b-9868-57a2d4851a1d" />
    <TestEntry testId="b195dcfa-16f6-fa59-c233-8b0cc6e57cb4" executionId="159f3564-e2d5-48c6-8490-9fbda72f9679" testListId="8c84fa94-04c1-424b-9868-57a2d4851a1d" />
    <TestEntry testId="b0058697-367e-e350-086c-4a93cbeab39d" executionId="1730afda-20d1-4e4c-82dc-debbe1a53a0f" testListId="8c84fa94-04c1-424b-9868-57a2d4851a1d" />
    <TestEntry testId="2f484184-f1c9-beab-ee82-7ba263b439d0" executionId="99152a21-0940-4caa-8456-861f8517c8bb" testListId="8c84fa94-04c1-424b-9868-57a2d4851a1d" />
    <TestEntry testId="f1827e0a-e61b-2eef-41e2-df2b742da6b5" executionId="d20f8d9a-ff16-48af-a941-14431f675689" testListId="8c84fa94-04c1-424b-9868-57a2d4851a1d" />
    <TestEntry testId="6288268e-fbb0-63a0-5ae5-c801dea9b296" executionId="c73e0694-9711-4770-a0d2-f2b684db18c7" testListId="8c84fa94-04c1-424b-9868-57a2d4851a1d" />
    <TestEntry testId="049142c8-9366-b9b5-970b-185f430a97a6" executionId="38f183d5-7198-4a0d-a514-5c7770be5695" testListId="8c84fa94-04c1-424b-9868-57a2d4851a1d" />
    <TestEntry testId="8b3f0756-4fe1-6402-dd55-e88dc7b0f947" executionId="e9d584c9-4be9-4c2e-9cdb-37e5ee50866c" testListId="8c84fa94-04c1-424b-9868-57a2d4851a1d" />
    <TestEntry testId="858fd4c7-baca-83ed-78cc-dc9dac7dd5c3" executionId="267f13dd-01c1-4aaa-b537-4680f9f076db" testListId="8c84fa94-04c1-424b-9868-57a2d4851a1d" />
    <TestEntry testId="0588c60f-cc85-5307-6702-0b7d771e4926" executionId="4dd42bc9-c834-49eb-9054-eda06371fd3d" testListId="8c84fa94-04c1-424b-9868-57a2d4851a1d" />
    <TestEntry testId="82415c1e-93c0-2941-2638-d32e78871e7d" executionId="15117349-b4d6-4157-8b50-9d42e64d5eb1" testListId="8c84fa94-04c1-424b-9868-57a2d4851a1d" />
    <TestEntry testId="6bd5f2a1-8e1e-49a6-ae6e-29936b14b9ff" executionId="2caa859d-2b01-4b63-ab21-c710cd982a30" testListId="8c84fa94-04c1-424b-9868-57a2d4851a1d" />
    <TestEntry testId="a20dc55c-9070-96db-a987-71787067876e" executionId="08b3420d-73ac-46e9-bf15-a02746907c64" testListId="8c84fa94-04c1-424b-9868-57a2d4851a1d" />
    <TestEntry testId="1c320eb8-9ffe-2e25-1643-aeeafe2220de" executionId="78aecac1-dfdc-4079-b33d-68e0a6a4319a" testListId="8c84fa94-04c1-424b-9868-57a2d4851a1d" />
    <TestEntry testId="005a4609-c8b3-2c2e-ae2e-0b34bfe5c347" executionId="9a90ae8f-5401-4e04-89b5-12d4a85fcd34" testListId="8c84fa94-04c1-424b-9868-57a2d4851a1d" />
    <TestEntry testId="0c78deec-7c1b-003b-0268-776253ba266a" executionId="8bf45059-5f76-44d6-995e-b8a855dd08f9" testListId="8c84fa94-04c1-424b-9868-57a2d4851a1d" />
    <TestEntry testId="1e94425f-0d25-f68d-3a65-bd597c08ee6a" executionId="ff6a9f11-4113-4b4d-88c3-7679e57c3e21" testListId="8c84fa94-04c1-424b-9868-57a2d4851a1d" />
    <TestEntry testId="100ba3ce-0c91-cf3e-b381-8cd5e5c8299a" executionId="1bd78d04-323b-41fb-832d-ddaacb56720d" testListId="8c84fa94-04c1-424b-9868-57a2d4851a1d" />
  </TestEntries>
  <TestLists>
    <TestList name="Results Not in a List" id="8c84fa94-04c1-424b-9868-57a2d4851a1d" />
    <TestList name="All Loaded Results" id="19431567-8539-422a-85d7-44ee4e166bda" />
  </TestLists>
  <ResultSummary outcome="Completed">
    <Counters total="111" executed="111" passed="111" failed="0" error="0" timeout="0" aborted="0" inconclusive="0" passedButRunAborted="0" notRunnable="0" notExecuted="0" disconnected="0" warning="0" completed="0" inProgress="0" pending="0" />
  </ResultSummary>
</TestRun>