<?xml version="1.0" encoding="utf-8"?>
<TestRun id="64abae40-6b15-496e-96ab-89521b1b08e6" name="DKSR-EFI-06$@DKSR-EFI-06 2024-01-09 15:42:26" runUser="NT AUTHORITY\NETWORK SERVICE" xmlns="http://microsoft.com/schemas/VisualStudio/TeamTest/2010">
  <Times creation="2024-01-09T15:42:26.2008399+01:00" queuing="2024-01-09T15:42:26.2008399+01:00" start="2024-01-09T15:42:24.9352170+01:00" finish="2024-01-09T15:42:26.2633436+01:00" />
  <TestSettings name="default" id="810004b4-f68d-4cdd-9ec8-780f0f1d9ae2">
    <Deployment runDeploymentRoot="DKSR-EFI-06$_DKSR-EFI-06_2024-01-09_15_42_26" />
  </TestSettings>
  <Results>
    <UnitTestResult executionId="a83c9ed9-9bc2-46d2-9daa-f051510bec8c" testId="646f9823-99f1-65ad-bb36-93480d86bb23" testName="TestForAssemblyCoverage" computerName="DKSR-EFI-06" duration="00:00:00.0521073" startTime="2024-01-09T15:42:25.7320894+01:00" endTime="2024-01-09T15:42:25.8570899+01:00" testType="13cdc9d9-ddb5-4fa4-a97d-d965ccfc6d4b" outcome="Passed" testListId="8c84fa94-04c1-424b-9868-57a2d4851a1d" relativeResultsDirectory="a83c9ed9-9bc2-46d2-9daa-f051510bec8c" />
  </Results>
  <TestDefinitions>
    <UnitTest name="TestForAssemblyCoverage" storage="d:\actions-runner\_work\xpco\xpco\corporate\videoos.server.serverconnector.unittests\bin\x64\debug\videoos.server.serverconnector.unittests.dll" id="646f9823-99f1-65ad-bb36-93480d86bb23">
      <Execution id="a83c9ed9-9bc2-46d2-9daa-f051510bec8c" />
      <TestMethod codeBase="D:\actions-runner\_work\XPCO\XPCO\Corporate\VideoOS.Server.ServerConnector.UnitTests\bin\x64\Debug\VideoOS.Server.ServerConnector.UnitTests.dll" adapterTypeName="executor://mstestadapter/v2" className="VideoOS.Server.UnitTests.UnitTest1" name="TestForAssemblyCoverage" />
    </UnitTest>
  </TestDefinitions>
  <TestEntries>
    <TestEntry testId="646f9823-99f1-65ad-bb36-93480d86bb23" executionId="a83c9ed9-9bc2-46d2-9daa-f051510bec8c" testListId="8c84fa94-04c1-424b-9868-57a2d4851a1d" />
  </TestEntries>
  <TestLists>
    <TestList name="Results Not in a List" id="8c84fa94-04c1-424b-9868-57a2d4851a1d" />
    <TestList name="All Loaded Results" id="19431567-8539-422a-85d7-44ee4e166bda" />
  </TestLists>
  <ResultSummary outcome="Completed">
    <Counters total="1" executed="1" passed="1" failed="0" error="0" timeout="0" aborted="0" inconclusive="0" passedButRunAborted="0" notRunnable="0" notExecuted="0" disconnected="0" warning="0" completed="0" inProgress="0" pending="0" />
  </ResultSummary>
</TestRun>