<?xml version="1.0" encoding="utf-8"?>
<TestRun id="deb723c5-e6ff-47b0-8c65-62c02fba6803" name="DKSR-EFI-06$@DKSR-EFI-06 2024-01-09 15:42:30" runUser="NT AUTHORITY\NETWORK SERVICE" xmlns="http://microsoft.com/schemas/VisualStudio/TeamTest/2010">
  <Times creation="2024-01-09T15:42:30.2789647+01:00" queuing="2024-01-09T15:42:30.2789647+01:00" start="2024-01-09T15:42:29.4820893+01:00" finish="2024-01-09T15:42:30.2789647+01:00" />
  <TestSettings name="default" id="d8cb49d5-d92d-4883-a99e-1127dc0ba3b0">
    <Deployment runDeploymentRoot="DKSR-EFI-06$_DKSR-EFI-06_2024-01-09_15_42_30" />
  </TestSettings>
  <TestLists>
    <TestList name="Results Not in a List" id="8c84fa94-04c1-424b-9868-57a2d4851a1d" />
    <TestList name="All Loaded Results" id="19431567-8539-422a-85d7-44ee4e166bda" />
  </TestLists>
  <ResultSummary outcome="Completed">
    <Counters total="0" executed="0" passed="0" failed="0" error="0" timeout="0" aborted="0" inconclusive="0" passedButRunAborted="0" notRunnable="0" notExecuted="0" disconnected="0" warning="0" completed="0" inProgress="0" pending="0" />
    <RunInfos>
      <RunInfo computerName="DKSR-EFI-06" outcome="Warning" timestamp="2024-01-09T15:42:30.2633401+01:00">
        <Text>No test is available in D:\actions-runner\_work\XPCO\XPCO\AllSolutions\..\Corporate\VideoOS.Server.Webservice.Shared.UnitTests\bin\x64\Debug\VideoOS.Server.Webservice.Shared.UnitTests.dll. Make sure that test discoverer &amp; executors are registered and platform &amp; framework version settings are appropriate and try again.</Text>
      </RunInfo>
    </RunInfos>
  </ResultSummary>
</TestRun>