<?xml version="1.0" encoding="utf-8"?>
<TestRun id="fc6e2aa9-6c14-4256-a950-62fe7232d077" name="DKSR-EFI-06$@DKSR-EFI-06 2024-01-09 15:45:07" runUser="NT AUTHORITY\NETWORK SERVICE" xmlns="http://microsoft.com/schemas/VisualStudio/TeamTest/2010">
  <Times creation="2024-01-09T15:45:07.3731306+01:00" queuing="2024-01-09T15:45:07.3731306+01:00" start="2024-01-09T15:45:06.3262557+01:00" finish="2024-01-09T15:47:57.9534610+01:00" />
  <TestSettings name="default" id="6f151b99-96bc-4c48-828e-0ffb8e6137bc">
    <Deployment runDeploymentRoot="DKSR-EFI-06$_DKSR-EFI-06_2024-01-09_15_45_07" />
  </TestSettings>
  <Results>
    <UnitTestResult executionId="4f2bf52d-dbae-4c38-88da-895a8c4e55c7" testId="3da684be-8c97-6e5c-5191-88483e147d71" testName="TestConstructor" computerName="DKSR-EFI-06" duration="00:00:00.0013129" startTime="2024-01-09T15:45:08.4825063+01:00" endTime="2024-01-09T15:45:08.4825063+01:00" testType="13cdc9d9-ddb5-4fa4-a97d-d965ccfc6d4b" outcome="Passed" testListId="8c84fa94-04c1-424b-9868-57a2d4851a1d" relativeResultsDirectory="4f2bf52d-dbae-4c38-88da-895a8c4e55c7" />
    <UnitTestResult executionId="8e2e888f-2d4b-4809-9591-45a636736cf6" testId="3263e060-9ee6-ac54-fc85-444722aa77f3" testName="ZipPackageCompressed_ShouldBeImportedSuccessfully" computerName="DKSR-EFI-06" startTime="2024-01-09T15:45:09.1543827+01:00" endTime="2024-01-09T15:45:09.1543827+01:00" testType="13cdc9d9-ddb5-4fa4-a97d-d965ccfc6d4b" outcome="NotExecuted" testListId="8c84fa94-04c1-424b-9868-57a2d4851a1d" relativeResultsDirectory="8e2e888f-2d4b-4809-9591-45a636736cf6">
      <Output></Output>
    </UnitTestResult>
    <UnitTestResult executionId="16a1ca7d-5249-4295-a7af-8ef63de91b58" testId="a4832f8a-9e96-8de9-ccfd-bdd7f5cd4be7" testName="TestConstructorWithSingleObserver" computerName="DKSR-EFI-06" duration="00:00:00.0003416" startTime="2024-01-09T15:46:42.7942700+01:00" endTime="2024-01-09T15:46:42.7942700+01:00" testType="13cdc9d9-ddb5-4fa4-a97d-d965ccfc6d4b" outcome="Passed" testListId="8c84fa94-04c1-424b-9868-57a2d4851a1d" relativeResultsDirectory="16a1ca7d-5249-4295-a7af-8ef63de91b58" />
    <UnitTestResult executionId="e43d9dff-79b3-4e91-a972-c472b6a553c7" testId="03e51c8c-4d92-59ee-ca72-7ef99d8d0f0f" testName="TestGetPackagesWithNullRepositoryPath" computerName="DKSR-EFI-06" startTime="2024-01-09T15:45:11.6387665+01:00" endTime="2024-01-09T15:45:11.6387665+01:00" testType="13cdc9d9-ddb5-4fa4-a97d-d965ccfc6d4b" outcome="NotExecuted" testListId="8c84fa94-04c1-424b-9868-57a2d4851a1d" relativeResultsDirectory="e43d9dff-79b3-4e91-a972-c472b6a553c7">
      <Output></Output>
    </UnitTestResult>
    <UnitTestResult executionId="8c48235c-8d9d-4a2b-9920-18c878265f20" testId="b132170f-9730-0961-71b5-52e8ff86f635" testName="TestCopyFileWithPauseAndStop" computerName="DKSR-EFI-06" duration="00:00:00.1438092" startTime="2024-01-09T15:45:09.2012573+01:00" endTime="2024-01-09T15:45:09.3418816+01:00" testType="13cdc9d9-ddb5-4fa4-a97d-d965ccfc6d4b" outcome="Passed" testListId="8c84fa94-04c1-424b-9868-57a2d4851a1d" relativeResultsDirectory="8c48235c-8d9d-4a2b-9920-18c878265f20" />
    <UnitTestResult executionId="5dffca05-2d19-41e0-8883-7174a5e8ca68" testId="1c706d7c-aa05-3432-b707-da141d5eca3a" testName="TestRebooterTaskConstructor" computerName="DKSR-EFI-06" duration="00:00:00.0008963" startTime="2024-01-09T15:45:08.9825101+01:00" endTime="2024-01-09T15:45:08.9825101+01:00" testType="13cdc9d9-ddb5-4fa4-a97d-d965ccfc6d4b" outcome="Passed" testListId="8c84fa94-04c1-424b-9868-57a2d4851a1d" relativeResultsDirectory="5dffca05-2d19-41e0-8883-7174a5e8ca68" />
    <UnitTestResult executionId="e8c23405-811f-4c1c-9856-73dd04cb5ed9" testId="76f8f701-1bdc-9124-6fea-7ef1a2823716" testName="TestStopHostTaskOneLevel" computerName="DKSR-EFI-06" duration="00:00:03.1051408" startTime="2024-01-09T15:47:17.6460726+01:00" endTime="2024-01-09T15:47:20.7561440+01:00" testType="13cdc9d9-ddb5-4fa4-a97d-d965ccfc6d4b" outcome="Passed" testListId="8c84fa94-04c1-424b-9868-57a2d4851a1d" relativeResultsDirectory="e8c23405-811f-4c1c-9856-73dd04cb5ed9" />
    <UnitTestResult executionId="924c8117-432b-4d67-b7db-1f8149e0c41e" testId="3be573fd-8249-d766-9daa-dbf90a35485d" testName="TestIsTasksRunningWithInvalidID" computerName="DKSR-EFI-06" duration="00:00:00.0025875" startTime="2024-01-09T15:46:49.0143788+01:00" endTime="2024-01-09T15:46:49.0143788+01:00" testType="13cdc9d9-ddb5-4fa4-a97d-d965ccfc6d4b" outcome="Passed" testListId="8c84fa94-04c1-424b-9868-57a2d4851a1d" relativeResultsDirectory="924c8117-432b-4d67-b7db-1f8149e0c41e" />
    <UnitTestResult executionId="651e41f8-b31b-4a35-a501-839c39766a6e" testId="129055b6-b8ec-538c-e6ea-3d4081636908" testName="TestConstructor" computerName="DKSR-EFI-06" duration="00:00:00.0058515" startTime="2024-01-09T15:45:08.4043810+01:00" endTime="2024-01-09T15:45:08.4200054+01:00" testType="13cdc9d9-ddb5-4fa4-a97d-d965ccfc6d4b" outcome="Passed" testListId="8c84fa94-04c1-424b-9868-57a2d4851a1d" relativeResultsDirectory="651e41f8-b31b-4a35-a501-839c39766a6e" />
    <UnitTestResult executionId="819b2cbf-ba22-4b97-bc36-f7fdf231ce54" testId="620b4223-3408-072e-6355-73c38adf0b0e" testName="TestConstructor" computerName="DKSR-EFI-06" duration="00:00:00.0003340" startTime="2024-01-09T15:47:57.7659142+01:00" endTime="2024-01-09T15:47:57.7659142+01:00" testType="13cdc9d9-ddb5-4fa4-a97d-d965ccfc6d4b" outcome="Passed" testListId="8c84fa94-04c1-424b-9868-57a2d4851a1d" relativeResultsDirectory="819b2cbf-ba22-4b97-bc36-f7fdf231ce54" />
    <UnitTestResult executionId="251e2dcf-3890-4a99-9280-dbd8acb7cd0e" testId="610e8bda-ad87-7af5-dff8-990fa1173593" testName="TestParseMinimum" computerName="DKSR-EFI-06" startTime="2024-01-09T15:45:08.4668821+01:00" endTime="2024-01-09T15:45:08.4668821+01:00" testType="13cdc9d9-ddb5-4fa4-a97d-d965ccfc6d4b" outcome="NotExecuted" testListId="8c84fa94-04c1-424b-9868-57a2d4851a1d" relativeResultsDirectory="251e2dcf-3890-4a99-9280-dbd8acb7cd0e">
      <Output></Output>
    </UnitTestResult>
    <UnitTestResult executionId="5a2759a0-a9a5-4a7f-9eda-9fbbca586788" testId="cc76721f-059d-14cc-2a33-b02fc511af6d" testName="TestFileShareRepository" computerName="DKSR-EFI-06" duration="00:00:00.0011755" startTime="2024-01-09T15:45:07.8731311+01:00" endTime="2024-01-09T15:45:07.8731311+01:00" testType="13cdc9d9-ddb5-4fa4-a97d-d965ccfc6d4b" outcome="Passed" testListId="8c84fa94-04c1-424b-9868-57a2d4851a1d" relativeResultsDirectory="5a2759a0-a9a5-4a7f-9eda-9fbbca586788" />
    <UnitTestResult executionId="84f15057-2451-4fc8-94d5-5e91b974f918" testId="a76765fa-a6f1-2e6e-2762-dc27a61e9a6d" testName="TestGetInstalledPackagesSequential" computerName="DKSR-EFI-06" duration="00:00:03.0307927" startTime="2024-01-09T15:47:05.3620617+01:00" endTime="2024-01-09T15:47:08.3941999+01:00" testType="13cdc9d9-ddb5-4fa4-a97d-d965ccfc6d4b" outcome="Passed" testListId="8c84fa94-04c1-424b-9868-57a2d4851a1d" relativeResultsDirectory="84f15057-2451-4fc8-94d5-5e91b974f918" />
    <UnitTestResult executionId="0de47b83-837b-4fcf-912a-7173e6b0daf9" testId="04ad7382-7f4e-ecdf-65f5-9b1671144ea8" testName="TestUploadPackageParallel" computerName="DKSR-EFI-06" duration="00:00:00.0485652" startTime="2024-01-09T15:46:49.7958873+01:00" endTime="2024-01-09T15:46:49.8584058+01:00" testType="13cdc9d9-ddb5-4fa4-a97d-d965ccfc6d4b" outcome="Passed" testListId="8c84fa94-04c1-424b-9868-57a2d4851a1d" relativeResultsDirectory="0de47b83-837b-4fcf-912a-7173e6b0daf9" />
    <UnitTestResult executionId="58ec72fa-9f8a-453e-9ffd-2c205b7d2f16" testId="d0f30995-f3c5-37b9-b86a-fa5c9a160b83" testName="TestDNS_invalid" computerName="DKSR-EFI-06" duration="00:00:00.0132015" startTime="2024-01-09T15:46:38.7152532+01:00" endTime="2024-01-09T15:46:38.7152532+01:00" testType="13cdc9d9-ddb5-4fa4-a97d-d965ccfc6d4b" outcome="Passed" testListId="8c84fa94-04c1-424b-9868-57a2d4851a1d" relativeResultsDirectory="58ec72fa-9f8a-453e-9ffd-2c205b7d2f16" />
    <UnitTestResult executionId="9ebb1e03-de9f-49f5-a463-7cf29abb64cd" testId="edacc32d-c9b7-f113-5afb-92f8e4eacc6b" testName="TestConstructor" computerName="DKSR-EFI-06" duration="00:00:00.0119882" startTime="2024-01-09T15:45:11.6387665+01:00" endTime="2024-01-09T15:45:11.6387665+01:00" testType="13cdc9d9-ddb5-4fa4-a97d-d965ccfc6d4b" outcome="Passed" testListId="8c84fa94-04c1-424b-9868-57a2d4851a1d" relativeResultsDirectory="9ebb1e03-de9f-49f5-a463-7cf29abb64cd" />
    <UnitTestResult executionId="1102d5cb-6da8-4c18-a546-c2989f0b24ff" testId="56faf403-3c0f-60e1-0db0-3e3aedf00f0a" testName="TestRunFailureTasksFirst" computerName="DKSR-EFI-06" duration="00:00:00.0008380" startTime="2024-01-09T15:46:27.3528641+01:00" endTime="2024-01-09T15:46:27.3528641+01:00" testType="13cdc9d9-ddb5-4fa4-a97d-d965ccfc6d4b" outcome="Passed" testListId="8c84fa94-04c1-424b-9868-57a2d4851a1d" relativeResultsDirectory="1102d5cb-6da8-4c18-a546-c2989f0b24ff" />
    <UnitTestResult executionId="7504d928-9e37-4490-928e-d34a243ab324" testId="20866b5e-00ad-91c8-5292-4eb0cd2cc57c" testName="Test_With_ArgmunentsXmlFileV2_When_ExtractingTheArguments_Then_TheArgumentsAreCorrect" computerName="DKSR-EFI-06" duration="00:00:00.0049769" startTime="2024-01-09T15:47:57.8284293+01:00" endTime="2024-01-09T15:47:57.8284293+01:00" testType="13cdc9d9-ddb5-4fa4-a97d-d965ccfc6d4b" outcome="Passed" testListId="8c84fa94-04c1-424b-9868-57a2d4851a1d" relativeResultsDirectory="7504d928-9e37-4490-928e-d34a243ab324" />
    <UnitTestResult executionId="aba5e1cc-6e09-4f6c-8a90-525d0b85fe0a" testId="48eb9e20-76c9-3c7b-a7a3-fc60c91a53d4" testName="Test127001" computerName="DKSR-EFI-06" duration="00:00:00.0136533" startTime="2024-01-09T15:46:38.6996240+01:00" endTime="2024-01-09T15:46:38.7152532+01:00" testType="13cdc9d9-ddb5-4fa4-a97d-d965ccfc6d4b" outcome="Passed" testListId="8c84fa94-04c1-424b-9868-57a2d4851a1d" relativeResultsDirectory="aba5e1cc-6e09-4f6c-8a90-525d0b85fe0a" />
    <UnitTestResult executionId="47140686-1dc8-4fc7-9fda-fe85d5924bc5" testId="c9f53748-47ce-0633-50ad-3007e055d4a5" testName="TestObserver" computerName="DKSR-EFI-06" duration="00:00:00.0091946" startTime="2024-01-09T15:46:29.9939538+01:00" endTime="2024-01-09T15:46:29.9939538+01:00" testType="13cdc9d9-ddb5-4fa4-a97d-d965ccfc6d4b" outcome="Passed" testListId="8c84fa94-04c1-424b-9868-57a2d4851a1d" relativeResultsDirectory="47140686-1dc8-4fc7-9fda-fe85d5924bc5" />
    <UnitTestResult executionId="05d1d84a-4b41-4e2f-878c-33500604e1c9" testId="b60114ef-9c63-d2ca-5962-07d7a30acee8" testName="TestGetLocalPackages" computerName="DKSR-EFI-06" duration="00:00:00.0011518" startTime="2024-01-09T15:47:57.7815403+01:00" endTime="2024-01-09T15:47:57.7815403+01:00" testType="13cdc9d9-ddb5-4fa4-a97d-d965ccfc6d4b" outcome="Passed" testListId="8c84fa94-04c1-424b-9868-57a2d4851a1d" relativeResultsDirectory="05d1d84a-4b41-4e2f-878c-33500604e1c9" />
    <UnitTestResult executionId="608734eb-ca60-471a-b242-2734b2969549" testId="8bee89f3-b545-13ae-bf1c-f764a03a926a" testName="TestStop" computerName="DKSR-EFI-06" duration="00:00:00.1245115" startTime="2024-01-09T15:46:38.4964528+01:00" endTime="2024-01-09T15:46:38.6214846+01:00" testType="13cdc9d9-ddb5-4fa4-a97d-d965ccfc6d4b" outcome="Passed" testListId="8c84fa94-04c1-424b-9868-57a2d4851a1d" relativeResultsDirectory="608734eb-ca60-471a-b242-2734b2969549" />
    <UnitTestResult executionId="dfa16089-2a39-493a-a627-89fca0e25633" testId="f84adace-860d-1865-ba0b-b14560f981c7" testName="TestConstructorWithMessage" computerName="DKSR-EFI-06" duration="00:00:00.0006177" startTime="2024-01-09T15:45:07.3731306+01:00" endTime="2024-01-09T15:45:07.3731306+01:00" testType="13cdc9d9-ddb5-4fa4-a97d-d965ccfc6d4b" outcome="Passed" testListId="8c84fa94-04c1-424b-9868-57a2d4851a1d" relativeResultsDirectory="dfa16089-2a39-493a-a627-89fca0e25633" />
    <UnitTestResult executionId="0ee531f1-dd37-4275-85a3-d800d9746ffb" testId="74b65cff-260d-58c5-47e1-b7fd9794e6da" testName="TestStopRepositoryTaskWithInvalidRepository" computerName="DKSR-EFI-06" duration="00:00:00.0018866" startTime="2024-01-09T15:46:49.4832862+01:00" endTime="2024-01-09T15:46:49.4832862+01:00" testType="13cdc9d9-ddb5-4fa4-a97d-d965ccfc6d4b" outcome="Passed" testListId="8c84fa94-04c1-424b-9868-57a2d4851a1d" relativeResultsDirectory="0ee531f1-dd37-4275-85a3-d800d9746ffb" />
    <UnitTestResult executionId="cdb5fb3d-ead1-4e63-be06-95af66ccacd9" testId="f1fa0dac-dc54-e0fe-f9ad-70a6d58061fe" testName="TestConstructor" computerName="DKSR-EFI-06" duration="00:00:00.0055378" startTime="2024-01-09T15:45:08.4200054+01:00" endTime="2024-01-09T15:45:08.4356294+01:00" testType="13cdc9d9-ddb5-4fa4-a97d-d965ccfc6d4b" outcome="Passed" testListId="8c84fa94-04c1-424b-9868-57a2d4851a1d" relativeResultsDirectory="cdb5fb3d-ead1-4e63-be06-95af66ccacd9" />
    <UnitTestResult executionId="d70c7ff9-4ca1-4fc8-b0a6-de80c27abab4" testId="509804e8-d8ee-e9bd-b5b3-aeeece8c3d43" testName="TestIsLocalIPAddressWithMultipleCalls" computerName="DKSR-EFI-06" duration="00:00:00.0000993" startTime="2024-01-09T15:47:57.7971708+01:00" endTime="2024-01-09T15:47:57.7971708+01:00" testType="13cdc9d9-ddb5-4fa4-a97d-d965ccfc6d4b" outcome="Passed" testListId="8c84fa94-04c1-424b-9868-57a2d4851a1d" relativeResultsDirectory="d70c7ff9-4ca1-4fc8-b0a6-de80c27abab4" />
    <UnitTestResult executionId="339e0504-de5e-4fba-b6ab-fed1a0f1f64c" testId="f95c7b64-34a7-4bf5-8bd6-0abab06578a9" testName="TestUploadPackageSequential" computerName="DKSR-EFI-06" duration="00:00:03.0465043" startTime="2024-01-09T15:46:49.8584058+01:00" endTime="2024-01-09T15:46:52.9061756+01:00" testType="13cdc9d9-ddb5-4fa4-a97d-d965ccfc6d4b" outcome="Passed" testListId="8c84fa94-04c1-424b-9868-57a2d4851a1d" relativeResultsDirectory="339e0504-de5e-4fba-b6ab-fed1a0f1f64c" />
    <UnitTestResult executionId="b6bafeb8-c547-4247-9b7a-50ab297060cc" testId="2be41cae-1d5a-7945-3cba-93feb00da08b" testName="TestBrowser" computerName="DKSR-EFI-06" duration="00:00:00.0002446" startTime="2024-01-09T15:45:07.4668774+01:00" endTime="2024-01-09T15:45:07.4668774+01:00" testType="13cdc9d9-ddb5-4fa4-a97d-d965ccfc6d4b" outcome="Passed" testListId="8c84fa94-04c1-424b-9868-57a2d4851a1d" relativeResultsDirectory="b6bafeb8-c547-4247-9b7a-50ab297060cc" />
    <UnitTestResult executionId="38ee45c0-688a-4a50-a7e3-a12edd4eb531" testId="3f124bb3-caeb-8d62-c0aa-8c36ecc36e38" testName="IsTrusted_ShouldThrow_WhenPackageIsSignedButTampered" computerName="DKSR-EFI-06" startTime="2024-01-09T15:47:57.7971708+01:00" endTime="2024-01-09T15:47:57.7971708+01:00" testType="13cdc9d9-ddb5-4fa4-a97d-d965ccfc6d4b" outcome="NotExecuted" testListId="8c84fa94-04c1-424b-9868-57a2d4851a1d" relativeResultsDirectory="38ee45c0-688a-4a50-a7e3-a12edd4eb531">
      <Output></Output>
    </UnitTestResult>
    <UnitTestResult executionId="a5a25be4-2880-4363-8168-0bf9dabfe6b4" testId="d83947fd-fcc3-6351-3b2a-c4fb1ea09216" testName="TestImportPackage" computerName="DKSR-EFI-06" duration="00:00:00.0308230" startTime="2024-01-09T15:46:59.1575479+01:00" endTime="2024-01-09T15:46:59.1888103+01:00" testType="13cdc9d9-ddb5-4fa4-a97d-d965ccfc6d4b" outcome="Passed" testListId="8c84fa94-04c1-424b-9868-57a2d4851a1d" relativeResultsDirectory="a5a25be4-2880-4363-8168-0bf9dabfe6b4" />
    <UnitTestResult executionId="3b32aab4-fea4-4016-9ef2-ecb8f57f0723" testId="ba25d85d-5f6f-50aa-c01e-f15ddb2c280f" testName="TestGetActionTasks" computerName="DKSR-EFI-06" duration="00:00:00.0048600" startTime="2024-01-09T15:47:57.7659142+01:00" endTime="2024-01-09T15:47:57.7659142+01:00" testType="13cdc9d9-ddb5-4fa4-a97d-d965ccfc6d4b" outcome="Passed" testListId="8c84fa94-04c1-424b-9868-57a2d4851a1d" relativeResultsDirectory="3b32aab4-fea4-4016-9ef2-ecb8f57f0723" />
    <UnitTestResult executionId="18971051-9ac1-4830-93ac-707b6a857f68" testId="1c48d561-85fd-29b1-a4db-a1c7f65fe558" testName="TestAllComparisonOverloadsInVersionInfo" computerName="DKSR-EFI-06" duration="00:00:00.0017855" startTime="2024-01-09T15:45:08.4825063+01:00" endTime="2024-01-09T15:45:08.4825063+01:00" testType="13cdc9d9-ddb5-4fa4-a97d-d965ccfc6d4b" outcome="Passed" testListId="8c84fa94-04c1-424b-9868-57a2d4851a1d" relativeResultsDirectory="18971051-9ac1-4830-93ac-707b6a857f68" />
    <UnitTestResult executionId="d0173a61-895a-4b42-b0d9-ecb1a1f36485" testId="d0f51d46-55ad-14e4-ecf1-7ac1fdeac6d0" testName="TestConstructor" computerName="DKSR-EFI-06" duration="00:00:00.0209435" startTime="2024-01-09T15:45:08.9825101+01:00" endTime="2024-01-09T15:45:09.0137571+01:00" testType="13cdc9d9-ddb5-4fa4-a97d-d965ccfc6d4b" outcome="Passed" testListId="8c84fa94-04c1-424b-9868-57a2d4851a1d" relativeResultsDirectory="d0173a61-895a-4b42-b0d9-ecb1a1f36485" />
    <UnitTestResult executionId="6dd3ca88-a599-413e-9a0c-85335abda2f8" testId="8f477c37-7083-1672-5283-a9d495e9fd61" testName="TestGetPackages" computerName="DKSR-EFI-06" startTime="2024-01-09T15:45:11.6387665+01:00" endTime="2024-01-09T15:45:11.6387665+01:00" testType="13cdc9d9-ddb5-4fa4-a97d-d965ccfc6d4b" outcome="NotExecuted" testListId="8c84fa94-04c1-424b-9868-57a2d4851a1d" relativeResultsDirectory="6dd3ca88-a599-413e-9a0c-85335abda2f8">
      <Output></Output>
    </UnitTestResult>
    <UnitTestResult executionId="057fa3b9-a537-42c3-ab09-675b115def43" testId="a5fae02e-9780-3d8e-be60-788c3b7d16c2" testName="TestGetRepository" computerName="DKSR-EFI-06" duration="00:00:00.0010869" startTime="2024-01-09T15:46:49.7958873+01:00" endTime="2024-01-09T15:46:49.7958873+01:00" testType="13cdc9d9-ddb5-4fa4-a97d-d965ccfc6d4b" outcome="Passed" testListId="8c84fa94-04c1-424b-9868-57a2d4851a1d" relativeResultsDirectory="057fa3b9-a537-42c3-ab09-675b115def43" />
    <UnitTestResult executionId="d1b1e2d0-784f-49fb-9618-3f96be39df4e" testId="86d70c67-12ee-2c7b-bcbf-95fc43850d05" testName="TestStartTwiceInSameThread" computerName="DKSR-EFI-06" duration="00:00:00.0012218" startTime="2024-01-09T15:46:38.0588482+01:00" endTime="2024-01-09T15:46:38.0588482+01:00" testType="13cdc9d9-ddb5-4fa4-a97d-d965ccfc6d4b" outcome="Passed" testListId="8c84fa94-04c1-424b-9868-57a2d4851a1d" relativeResultsDirectory="d1b1e2d0-784f-49fb-9618-3f96be39df4e" />
    <UnitTestResult executionId="b8f2e2f7-e24c-4e3a-8b4a-dd92a1bfe6da" testId="6de69a91-a9ae-a510-a8e5-ddf1d08a2918" testName="TestConstructor" computerName="DKSR-EFI-06" duration="00:00:00.0005286" startTime="2024-01-09T15:45:08.4825063+01:00" endTime="2024-01-09T15:45:08.4825063+01:00" testType="13cdc9d9-ddb5-4fa4-a97d-d965ccfc6d4b" outcome="Passed" testListId="8c84fa94-04c1-424b-9868-57a2d4851a1d" relativeResultsDirectory="b8f2e2f7-e24c-4e3a-8b4a-dd92a1bfe6da" />
    <UnitTestResult executionId="2f9c912f-e120-4bc5-8524-eaa80213bcc5" testId="957b3463-0dd9-a4c2-2310-22f1e43fd6cc" testName="TestConstructorWithErrorCodePathNotFound" computerName="DKSR-EFI-06" duration="00:00:00.0004639" startTime="2024-01-09T15:45:07.3887532+01:00" endTime="2024-01-09T15:45:07.3887532+01:00" testType="13cdc9d9-ddb5-4fa4-a97d-d965ccfc6d4b" outcome="Passed" testListId="8c84fa94-04c1-424b-9868-57a2d4851a1d" relativeResultsDirectory="2f9c912f-e120-4bc5-8524-eaa80213bcc5" />
    <UnitTestResult executionId="14274bd5-9ad2-477b-a411-9950189c4a22" testId="7799398e-47a6-85f8-e5e8-e2d395e7ffab" testName="TestStopHostTasksWithNullManager" computerName="DKSR-EFI-06" duration="00:00:00.0011277" startTime="2024-01-09T15:46:48.8893416+01:00" endTime="2024-01-09T15:46:48.8893416+01:00" testType="13cdc9d9-ddb5-4fa4-a97d-d965ccfc6d4b" outcome="Passed" testListId="8c84fa94-04c1-424b-9868-57a2d4851a1d" relativeResultsDirectory="14274bd5-9ad2-477b-a411-9950189c4a22" />
    <UnitTestResult executionId="5b9c1fba-dd06-4540-8f51-508b0f691716" testId="740a8610-8c31-8944-361e-d37faed1ef95" testName="TestIsTasksRunningWithSpecificIDs" computerName="DKSR-EFI-06" duration="00:00:03.0588114" startTime="2024-01-09T15:47:54.6868879+01:00" endTime="2024-01-09T15:47:57.7502825+01:00" testType="13cdc9d9-ddb5-4fa4-a97d-d965ccfc6d4b" outcome="Passed" testListId="8c84fa94-04c1-424b-9868-57a2d4851a1d" relativeResultsDirectory="5b9c1fba-dd06-4540-8f51-508b0f691716" />
    <UnitTestResult executionId="e52d1a6c-e07a-4f89-b9dd-efcbd70d1542" testId="11fe7685-9398-3200-8756-ca20267b48e6" testName="TestConstructor" computerName="DKSR-EFI-06" duration="00:00:00.0084697" startTime="2024-01-09T15:45:07.1387547+01:00" endTime="2024-01-09T15:45:07.3262541+01:00" testType="13cdc9d9-ddb5-4fa4-a97d-d965ccfc6d4b" outcome="Passed" testListId="8c84fa94-04c1-424b-9868-57a2d4851a1d" relativeResultsDirectory="e52d1a6c-e07a-4f89-b9dd-efcbd70d1542" />
    <UnitTestResult executionId="2e5aa6b8-e8a1-4c6d-85c4-9109305342c7" testId="eed0e532-778f-1521-30a1-a0a82462bc7c" testName="TestHost" computerName="DKSR-EFI-06" duration="00:00:00.0019552" startTime="2024-01-09T15:47:57.7971708+01:00" endTime="2024-01-09T15:47:57.7971708+01:00" testType="13cdc9d9-ddb5-4fa4-a97d-d965ccfc6d4b" outcome="Passed" testListId="8c84fa94-04c1-424b-9868-57a2d4851a1d" relativeResultsDirectory="2e5aa6b8-e8a1-4c6d-85c4-9109305342c7" />
    <UnitTestResult executionId="d672ed1b-5a6b-40da-a860-ecb044ef5e3f" testId="f9cd709d-06a0-cb2e-c1c2-3af44a928bed" testName="TestConstructorWithMessage" computerName="DKSR-EFI-06" duration="00:00:00.0004775" startTime="2024-01-09T15:45:07.3575037+01:00" endTime="2024-01-09T15:45:07.3575037+01:00" testType="13cdc9d9-ddb5-4fa4-a97d-d965ccfc6d4b" outcome="Passed" testListId="8c84fa94-04c1-424b-9868-57a2d4851a1d" relativeResultsDirectory="d672ed1b-5a6b-40da-a860-ecb044ef5e3f" />
    <UnitTestResult executionId="2ae51315-71f3-4dbf-a420-d9e5d4f14656" testId="710f6486-2b5c-d1f0-26ce-a7f85cc332a3" testName="TestImportPackage_TaskShouldError_WhenInstallerDoesNotConatainPackageXml" computerName="DKSR-EFI-06" duration="00:00:00.0518963" startTime="2024-01-09T15:45:09.0762590+01:00" endTime="2024-01-09T15:45:09.1387574+01:00" testType="13cdc9d9-ddb5-4fa4-a97d-d965ccfc6d4b" outcome="Passed" testListId="8c84fa94-04c1-424b-9868-57a2d4851a1d" relativeResultsDirectory="2ae51315-71f3-4dbf-a420-d9e5d4f14656" />
    <UnitTestResult executionId="7cdde21b-643e-4f75-ad3a-90411edda5db" testId="7834dd3b-f169-31d5-1c4d-87c231ef4e34" testName="TestEnumeration1" computerName="DKSR-EFI-06" duration="00:00:00.0001426" startTime="2024-01-09T15:46:23.3207354+01:00" endTime="2024-01-09T15:46:23.3207354+01:00" testType="13cdc9d9-ddb5-4fa4-a97d-d965ccfc6d4b" outcome="Passed" testListId="8c84fa94-04c1-424b-9868-57a2d4851a1d" relativeResultsDirectory="7cdde21b-643e-4f75-ad3a-90411edda5db" />
    <UnitTestResult executionId="c0b086d1-413c-4ad6-8ecb-759390806848" testId="e3ca0d6d-89ae-429d-2832-2bb467f02eff" testName="TestStopFailedTask" computerName="DKSR-EFI-06" duration="00:00:00.0537006" startTime="2024-01-09T15:46:38.6214846+01:00" endTime="2024-01-09T15:46:38.6840027+01:00" testType="13cdc9d9-ddb5-4fa4-a97d-d965ccfc6d4b" outcome="Passed" testListId="8c84fa94-04c1-424b-9868-57a2d4851a1d" relativeResultsDirectory="c0b086d1-413c-4ad6-8ecb-759390806848" />
    <UnitTestResult executionId="95b63c68-2c50-4e82-8bdf-30e4d7294c54" testId="59fbdfc9-53f7-92c9-bff0-f0352b5bb907" testName="TestDifferentDomain" computerName="DKSR-EFI-06" duration="00:00:00.0032782" startTime="2024-01-09T15:45:09.0450077+01:00" endTime="2024-01-09T15:45:09.0450077+01:00" testType="13cdc9d9-ddb5-4fa4-a97d-d965ccfc6d4b" outcome="Passed" testListId="8c84fa94-04c1-424b-9868-57a2d4851a1d" relativeResultsDirectory="95b63c68-2c50-4e82-8bdf-30e4d7294c54" />
    <UnitTestResult executionId="3e71ed92-0944-40f4-8528-5d5734fae889" testId="ff251435-488c-f14c-109e-e0528c8469ae" testName="TestStopAllHostTask" computerName="DKSR-EFI-06" duration="00:00:00.0619635" startTime="2024-01-09T15:46:48.9518642+01:00" endTime="2024-01-09T15:46:49.0143788+01:00" testType="13cdc9d9-ddb5-4fa4-a97d-d965ccfc6d4b" outcome="Passed" testListId="8c84fa94-04c1-424b-9868-57a2d4851a1d" relativeResultsDirectory="3e71ed92-0944-40f4-8528-5d5734fae889" />
    <UnitTestResult executionId="c0421913-419f-4596-b019-f71c0d13917b" testId="2c127a20-3c88-593b-f395-f582e0a2b6e0" testName="TestConstructor" computerName="DKSR-EFI-06" duration="00:00:00.0003093" startTime="2024-01-09T15:45:08.9043831+01:00" endTime="2024-01-09T15:45:08.9200070+01:00" testType="13cdc9d9-ddb5-4fa4-a97d-d965ccfc6d4b" outcome="Passed" testListId="8c84fa94-04c1-424b-9868-57a2d4851a1d" relativeResultsDirectory="c0421913-419f-4596-b019-f71c0d13917b" />
    <UnitTestResult executionId="fa5a286a-998a-4b5b-9b97-96ea56f6b16d" testId="c9e1a6db-907d-9c8d-8ab2-22df33deb8b7" testName="TestPingSequential" computerName="DKSR-EFI-06" duration="00:00:03.0309310" startTime="2024-01-09T15:47:11.5199416+01:00" endTime="2024-01-09T15:47:14.5518051+01:00" testType="13cdc9d9-ddb5-4fa4-a97d-d965ccfc6d4b" outcome="Passed" testListId="8c84fa94-04c1-424b-9868-57a2d4851a1d" relativeResultsDirectory="fa5a286a-998a-4b5b-9b97-96ea56f6b16d" />
    <UnitTestResult executionId="d957d619-0197-42f2-956c-a41e478e367a" testId="637afb78-232b-13fd-81e7-22084e8d37bf" testName="TestGetPackagesTask" computerName="DKSR-EFI-06" duration="00:00:00.0018129" startTime="2024-01-09T15:45:07.4668774+01:00" endTime="2024-01-09T15:45:07.4668774+01:00" testType="13cdc9d9-ddb5-4fa4-a97d-d965ccfc6d4b" outcome="Passed" testListId="8c84fa94-04c1-424b-9868-57a2d4851a1d" relativeResultsDirectory="d957d619-0197-42f2-956c-a41e478e367a" />
    <UnitTestResult executionId="489933a3-3188-46dc-920e-20ba0c19bb2e" testId="b1d46ea5-c9c3-57f4-a648-9c804c7fe269" testName="TestHostInfoConstructorWithCurrentUser" computerName="DKSR-EFI-06" duration="00:00:00.0010226" startTime="2024-01-09T15:47:57.7971708+01:00" endTime="2024-01-09T15:47:57.7971708+01:00" testType="13cdc9d9-ddb5-4fa4-a97d-d965ccfc6d4b" outcome="Passed" testListId="8c84fa94-04c1-424b-9868-57a2d4851a1d" relativeResultsDirectory="489933a3-3188-46dc-920e-20ba0c19bb2e" />
    <UnitTestResult executionId="cb139c7e-d97b-4e7f-89a6-7e76f34b1d32" testId="cc6517ba-270c-cbce-324e-33515a90db02" testName="TestConstructorWithMessageAndInnerException" computerName="DKSR-EFI-06" duration="00:00:00.0006595" startTime="2024-01-09T15:45:07.3731306+01:00" endTime="2024-01-09T15:45:07.3731306+01:00" testType="13cdc9d9-ddb5-4fa4-a97d-d965ccfc6d4b" outcome="Passed" testListId="8c84fa94-04c1-424b-9868-57a2d4851a1d" relativeResultsDirectory="cb139c7e-d97b-4e7f-89a6-7e76f34b1d32" />
    <UnitTestResult executionId="4488a132-5565-4a16-b882-becf25df3b21" testId="fe18c034-aa0b-61e5-8a2a-c9568fd83fd9" testName="TestConstructorWithMessageAndInnerException" computerName="DKSR-EFI-06" duration="00:00:00.0005030" startTime="2024-01-09T15:45:07.3575037+01:00" endTime="2024-01-09T15:45:07.3575037+01:00" testType="13cdc9d9-ddb5-4fa4-a97d-d965ccfc6d4b" outcome="Passed" testListId="8c84fa94-04c1-424b-9868-57a2d4851a1d" relativeResultsDirectory="4488a132-5565-4a16-b882-becf25df3b21" />
    <UnitTestResult executionId="4542b0bc-ca04-4723-8f64-69ed5044106c" testId="16b0b669-97dc-a186-724b-c8025a9929b5" testName="TestGetPackages" computerName="DKSR-EFI-06" duration="00:00:00.0821515" startTime="2024-01-09T15:45:07.7950058+01:00" endTime="2024-01-09T15:45:07.8731311+01:00" testType="13cdc9d9-ddb5-4fa4-a97d-d965ccfc6d4b" outcome="Passed" testListId="8c84fa94-04c1-424b-9868-57a2d4851a1d" relativeResultsDirectory="4542b0bc-ca04-4723-8f64-69ed5044106c" />
    <UnitTestResult executionId="5ecd278c-7539-4f92-bacc-3a2a5a4c10e2" testId="a17d8629-6734-b6b8-4baf-81a08190a4c8" testName="TestRemoveTaskWhileRunning" computerName="DKSR-EFI-06" duration="00:00:00.1246519" startTime="2024-01-09T15:46:29.7439158+01:00" endTime="2024-01-09T15:46:29.8689323+01:00" testType="13cdc9d9-ddb5-4fa4-a97d-d965ccfc6d4b" outcome="Passed" testListId="8c84fa94-04c1-424b-9868-57a2d4851a1d" relativeResultsDirectory="5ecd278c-7539-4f92-bacc-3a2a5a4c10e2" />
    <UnitTestResult executionId="fbae7da6-2b43-496a-8444-a78f4eb71419" testId="2101384d-a9f9-ef6c-f985-07718b448cb2" testName="TestConstructorWithErrorCodeAccessDenied" computerName="DKSR-EFI-06" duration="00:00:00.0004933" startTime="2024-01-09T15:45:07.3731306+01:00" endTime="2024-01-09T15:45:07.3731306+01:00" testType="13cdc9d9-ddb5-4fa4-a97d-d965ccfc6d4b" outcome="Passed" testListId="8c84fa94-04c1-424b-9868-57a2d4851a1d" relativeResultsDirectory="fbae7da6-2b43-496a-8444-a78f4eb71419" />
    <UnitTestResult executionId="9290b630-ee87-452b-b2db-c71b633c826f" testId="4e334c90-085d-d837-dbad-b8a5c30c5beb" testName="TestGetBrowser" computerName="DKSR-EFI-06" duration="00:00:00.0019741" startTime="2024-01-09T15:45:08.0606306+01:00" endTime="2024-01-09T15:45:08.0606306+01:00" testType="13cdc9d9-ddb5-4fa4-a97d-d965ccfc6d4b" outcome="Passed" testListId="8c84fa94-04c1-424b-9868-57a2d4851a1d" relativeResultsDirectory="9290b630-ee87-452b-b2db-c71b633c826f" />
    <UnitTestResult executionId="2d53e2c3-a266-4c9a-9fb9-a4538fef4663" testId="914452d1-2a5b-ada2-b3bb-094b0c594d6e" testName="TestGetHostInfoParallel" computerName="DKSR-EFI-06" duration="00:00:00.0282137" startTime="2024-01-09T15:47:02.2517779+01:00" endTime="2024-01-09T15:47:02.2830267+01:00" testType="13cdc9d9-ddb5-4fa4-a97d-d965ccfc6d4b" outcome="Passed" testListId="8c84fa94-04c1-424b-9868-57a2d4851a1d" relativeResultsDirectory="2d53e2c3-a266-4c9a-9fb9-a4538fef4663" />
    <UnitTestResult executionId="0e7b1531-56f8-4294-85e8-8482f6b74c66" testId="f25a5dd4-d634-e42a-9c7d-6a32b2501019" testName="TestIP_invalid" computerName="DKSR-EFI-06" duration="00:00:00.0045594" startTime="2024-01-09T15:46:38.7152532+01:00" endTime="2024-01-09T15:46:38.7308828+01:00" testType="13cdc9d9-ddb5-4fa4-a97d-d965ccfc6d4b" outcome="Passed" testListId="8c84fa94-04c1-424b-9868-57a2d4851a1d" relativeResultsDirectory="0e7b1531-56f8-4294-85e8-8482f6b74c66" />
    <UnitTestResult executionId="8ec22ebc-577c-4e7f-9769-d0352733f997" testId="54f8bded-296e-aa5b-9abb-dc5fb84fd2fb" testName="TestParseCIMDateTimeWrongFormat" computerName="DKSR-EFI-06" duration="00:00:00.0026268" startTime="2024-01-09T15:45:07.4512560+01:00" endTime="2024-01-09T15:45:07.4668774+01:00" testType="13cdc9d9-ddb5-4fa4-a97d-d965ccfc6d4b" outcome="Passed" testListId="8c84fa94-04c1-424b-9868-57a2d4851a1d" relativeResultsDirectory="8ec22ebc-577c-4e7f-9769-d0352733f997" />
    <UnitTestResult executionId="ebe280f6-50c8-4d7e-aa81-86b69f6ef9cb" testId="dd2d2a8f-9ec7-e1ca-b0f2-5e683485ea4d" testName="TestConstructor" computerName="DKSR-EFI-06" duration="00:00:00.0152386" startTime="2024-01-09T15:45:08.3575044+01:00" endTime="2024-01-09T15:45:08.3731303+01:00" testType="13cdc9d9-ddb5-4fa4-a97d-d965ccfc6d4b" outcome="Passed" testListId="8c84fa94-04c1-424b-9868-57a2d4851a1d" relativeResultsDirectory="ebe280f6-50c8-4d7e-aa81-86b69f6ef9cb" />
    <UnitTestResult executionId="8c89ee70-7e3a-4e0d-b6d7-d30ec8a7634e" testId="7d275e3d-ce8a-245d-532c-9789e820e55e" testName="TestGetPackagesInvalid" computerName="DKSR-EFI-06" duration="00:00:00.0115328" startTime="2024-01-09T15:45:11.6387665+01:00" endTime="2024-01-09T15:45:11.6543844+01:00" testType="13cdc9d9-ddb5-4fa4-a97d-d965ccfc6d4b" outcome="Passed" testListId="8c84fa94-04c1-424b-9868-57a2d4851a1d" relativeResultsDirectory="8c89ee70-7e3a-4e0d-b6d7-d30ec8a7634e" />
    <UnitTestResult executionId="aaf30d1a-b74e-4266-8805-6003ea7c8261" testId="0b029b03-e5f3-b149-3920-586205f4cd46" testName="TestParseXmlThatDoesNotValidateSchema" computerName="DKSR-EFI-06" startTime="2024-01-09T15:45:08.4668821+01:00" endTime="2024-01-09T15:45:08.4668821+01:00" testType="13cdc9d9-ddb5-4fa4-a97d-d965ccfc6d4b" outcome="NotExecuted" testListId="8c84fa94-04c1-424b-9868-57a2d4851a1d" relativeResultsDirectory="aaf30d1a-b74e-4266-8805-6003ea7c8261">
      <Output></Output>
    </UnitTestResult>
    <UnitTestResult executionId="00e733bd-b932-4813-ad7b-5e0080919609" testId="98ae4173-2b41-8add-b689-8ccbfe7d047c" testName="TestTaskWarningInDoRun" computerName="DKSR-EFI-06" duration="00:00:00.0013103" startTime="2024-01-09T15:46:38.6214846+01:00" endTime="2024-01-09T15:46:38.6214846+01:00" testType="13cdc9d9-ddb5-4fa4-a97d-d965ccfc6d4b" outcome="Passed" testListId="8c84fa94-04c1-424b-9868-57a2d4851a1d" relativeResultsDirectory="00e733bd-b932-4813-ad7b-5e0080919609" />
    <UnitTestResult executionId="21c04cd2-4bd6-40b1-81ad-162182ec7818" testId="4120ce42-f415-07cf-2596-3bbad5e24de7" testName="TestInstallDynamicFiles" computerName="DKSR-EFI-06" duration="00:00:00.0051759" startTime="2024-01-09T15:45:08.4356294+01:00" endTime="2024-01-09T15:45:08.4356294+01:00" testType="13cdc9d9-ddb5-4fa4-a97d-d965ccfc6d4b" outcome="Passed" testListId="8c84fa94-04c1-424b-9868-57a2d4851a1d" relativeResultsDirectory="21c04cd2-4bd6-40b1-81ad-162182ec7818" />
    <UnitTestResult executionId="671ee4f0-ae33-4686-b2dd-d4dd8ec4906d" testId="7f8e2eb1-484c-e1fa-6cd4-fb4d01efe634" testName="TestConstructor" computerName="DKSR-EFI-06" duration="00:00:00.0008788" startTime="2024-01-09T15:45:07.3575037+01:00" endTime="2024-01-09T15:45:07.3731306+01:00" testType="13cdc9d9-ddb5-4fa4-a97d-d965ccfc6d4b" outcome="Passed" testListId="8c84fa94-04c1-424b-9868-57a2d4851a1d" relativeResultsDirectory="671ee4f0-ae33-4686-b2dd-d4dd8ec4906d" />
    <UnitTestResult executionId="4f000930-b3d6-4614-87df-9d0452ffd159" testId="ffb5e73e-887f-1a38-a682-d33443b4dfc6" testName="TestWaitForAllTasksWithNegativeTimeout" computerName="DKSR-EFI-06" duration="00:00:00.0006167" startTime="2024-01-09T15:47:48.4667768+01:00" endTime="2024-01-09T15:47:48.4667768+01:00" testType="13cdc9d9-ddb5-4fa4-a97d-d965ccfc6d4b" outcome="Passed" testListId="8c84fa94-04c1-424b-9868-57a2d4851a1d" relativeResultsDirectory="4f000930-b3d6-4614-87df-9d0452ffd159" />
    <UnitTestResult executionId="ba54c22e-63ae-4a4f-9fc2-c5ad0c2a818b" testId="43d6dc3c-53e8-45da-7aff-f2a5d909f61d" testName="TestPause" computerName="DKSR-EFI-06" duration="00:00:00.1185010" startTime="2024-01-09T15:46:38.1213574+01:00" endTime="2024-01-09T15:46:38.2463927+01:00" testType="13cdc9d9-ddb5-4fa4-a97d-d965ccfc6d4b" outcome="Passed" testListId="8c84fa94-04c1-424b-9868-57a2d4851a1d" relativeResultsDirectory="ba54c22e-63ae-4a4f-9fc2-c5ad0c2a818b" />
    <UnitTestResult executionId="044fe974-4c25-4a45-9ece-26c5a5de91dd" testId="40155484-ee6e-4839-ee9d-f2f524b2192f" testName="TestStart" computerName="DKSR-EFI-06" duration="00:00:00.4500794" startTime="2024-01-09T15:45:11.6543844+01:00" endTime="2024-01-09T15:45:12.1075098+01:00" testType="13cdc9d9-ddb5-4fa4-a97d-d965ccfc6d4b" outcome="Passed" testListId="8c84fa94-04c1-424b-9868-57a2d4851a1d" relativeResultsDirectory="044fe974-4c25-4a45-9ece-26c5a5de91dd" />
    <UnitTestResult executionId="c33cd9f4-0953-4904-af14-b2ccf12fc85d" testId="3b800de0-7f55-0230-86ac-278c66c5da09" testName="TestRebooterTaskLocalhost" computerName="DKSR-EFI-06" duration="00:00:00.0004239" startTime="2024-01-09T15:46:42.7786423+01:00" endTime="2024-01-09T15:46:42.7786423+01:00" testType="13cdc9d9-ddb5-4fa4-a97d-d965ccfc6d4b" outcome="Passed" testListId="8c84fa94-04c1-424b-9868-57a2d4851a1d" relativeResultsDirectory="c33cd9f4-0953-4904-af14-b2ccf12fc85d" />
    <UnitTestResult executionId="463af185-40b7-41cd-96d0-90494014ad88" testId="fd0ce9f9-2415-20bc-0fe2-2f12873a13f9" testName="TestStopStartedTask" computerName="DKSR-EFI-06" duration="00:00:00.2183301" startTime="2024-01-09T15:46:43.1380879+01:00" endTime="2024-01-09T15:46:43.3568862+01:00" testType="13cdc9d9-ddb5-4fa4-a97d-d965ccfc6d4b" outcome="Passed" testListId="8c84fa94-04c1-424b-9868-57a2d4851a1d" relativeResultsDirectory="463af185-40b7-41cd-96d0-90494014ad88" />
    <UnitTestResult executionId="a2869421-d192-431f-8c1a-d9d35ffbde08" testId="0e7c27bc-b91f-73e0-6ab1-588849d6b366" testName="TestStart" computerName="DKSR-EFI-06" duration="00:00:00.1077882" startTime="2024-01-09T15:46:42.8098988+01:00" endTime="2024-01-09T15:46:42.9192968+01:00" testType="13cdc9d9-ddb5-4fa4-a97d-d965ccfc6d4b" outcome="Passed" testListId="8c84fa94-04c1-424b-9868-57a2d4851a1d" relativeResultsDirectory="a2869421-d192-431f-8c1a-d9d35ffbde08" />
    <UnitTestResult executionId="90f0ebbd-7b2b-42fe-92a0-941ce99283b2" testId="41702cc4-b255-60a5-af8d-918c6d7b7ceb" testName="TestGetLocalPackagesParallel" computerName="DKSR-EFI-06" duration="00:00:00.0281918" startTime="2024-01-09T15:46:59.1888103+01:00" endTime="2024-01-09T15:46:59.2200622+01:00" testType="13cdc9d9-ddb5-4fa4-a97d-d965ccfc6d4b" outcome="Passed" testListId="8c84fa94-04c1-424b-9868-57a2d4851a1d" relativeResultsDirectory="90f0ebbd-7b2b-42fe-92a0-941ce99283b2" />
    <UnitTestResult executionId="2af6f9ac-811d-4322-8af7-c7fca9b65197" testId="1d9e37b6-d9d3-1a0e-a567-21f1127d93e2" testName="TestMakeDirWithWithCorrectSecurity" computerName="DKSR-EFI-06" startTime="2024-01-09T15:46:38.6840027+01:00" endTime="2024-01-09T15:46:38.6840027+01:00" testType="13cdc9d9-ddb5-4fa4-a97d-d965ccfc6d4b" outcome="NotExecuted" testListId="8c84fa94-04c1-424b-9868-57a2d4851a1d" relativeResultsDirectory="2af6f9ac-811d-4322-8af7-c7fca9b65197">
      <Output></Output>
    </UnitTestResult>
    <UnitTestResult executionId="e573d5aa-8618-4cf5-bb0a-54b7150d4958" testId="1023b553-27bc-2612-6f0d-254dce8c82cd" testName="TestStopBeforeStart" computerName="DKSR-EFI-06" duration="00:00:05.1246091" startTime="2024-01-09T15:46:43.6850698+01:00" endTime="2024-01-09T15:46:48.8111913+01:00" testType="13cdc9d9-ddb5-4fa4-a97d-d965ccfc6d4b" outcome="Passed" testListId="8c84fa94-04c1-424b-9868-57a2d4851a1d" relativeResultsDirectory="e573d5aa-8618-4cf5-bb0a-54b7150d4958" />
    <UnitTestResult executionId="69181610-cb95-4b70-9b23-5225c577ac21" testId="9d5c5276-a7b0-5513-b1ab-ce2be37e9b89" testName="TestConstructor" computerName="DKSR-EFI-06" duration="00:00:00.0004335" startTime="2024-01-09T15:46:42.7942700+01:00" endTime="2024-01-09T15:46:42.7942700+01:00" testType="13cdc9d9-ddb5-4fa4-a97d-d965ccfc6d4b" outcome="Passed" testListId="8c84fa94-04c1-424b-9868-57a2d4851a1d" relativeResultsDirectory="69181610-cb95-4b70-9b23-5225c577ac21" />
    <UnitTestResult executionId="65259042-334f-4cbb-8f41-3cddf1d4e50c" testId="59eb40cd-0334-8f25-0421-88dc706b675e" testName="TestFileDoesNotExists" computerName="DKSR-EFI-06" duration="00:00:00.0010216" startTime="2024-01-09T15:45:11.6387665+01:00" endTime="2024-01-09T15:45:11.6387665+01:00" testType="13cdc9d9-ddb5-4fa4-a97d-d965ccfc6d4b" outcome="Passed" testListId="8c84fa94-04c1-424b-9868-57a2d4851a1d" relativeResultsDirectory="65259042-334f-4cbb-8f41-3cddf1d4e50c" />
    <UnitTestResult executionId="f7315ac9-cd3c-437b-b090-48816712c39a" testId="44d15d2f-608e-f569-c6d7-e1f96d32ab07" testName="TestGetInstalledPackages" computerName="DKSR-EFI-06" duration="00:00:00.0006824" startTime="2024-01-09T15:47:57.7815403+01:00" endTime="2024-01-09T15:47:57.7815403+01:00" testType="13cdc9d9-ddb5-4fa4-a97d-d965ccfc6d4b" outcome="Passed" testListId="8c84fa94-04c1-424b-9868-57a2d4851a1d" relativeResultsDirectory="f7315ac9-cd3c-437b-b090-48816712c39a" />
    <UnitTestResult executionId="c7187516-f415-44ef-ba84-82957e7db1cd" testId="c04ca2fa-f46f-46e6-bb95-37c7c54edf8e" testName="TestConstructor" computerName="DKSR-EFI-06" duration="00:00:00.0004405" startTime="2024-01-09T15:46:42.7942700+01:00" endTime="2024-01-09T15:46:42.7942700+01:00" testType="13cdc9d9-ddb5-4fa4-a97d-d965ccfc6d4b" outcome="Passed" testListId="8c84fa94-04c1-424b-9868-57a2d4851a1d" relativeResultsDirectory="c7187516-f415-44ef-ba84-82957e7db1cd" />
    <UnitTestResult executionId="a09a54b9-cab5-4513-b3b5-11e1b278ccba" testId="3fb46fb3-2257-f562-c8d7-029a28d402d9" testName="TestIsTasksRunningWithNullManager" computerName="DKSR-EFI-06" duration="00:00:00.0012134" startTime="2024-01-09T15:46:49.0143788+01:00" endTime="2024-01-09T15:46:49.0143788+01:00" testType="13cdc9d9-ddb5-4fa4-a97d-d965ccfc6d4b" outcome="Passed" testListId="8c84fa94-04c1-424b-9868-57a2d4851a1d" relativeResultsDirectory="a09a54b9-cab5-4513-b3b5-11e1b278ccba" />
    <UnitTestResult executionId="db11c24f-869d-4e85-9c17-941653de68fa" testId="54505b15-5a00-25a3-11b0-3721b2419942" testName="TestCopyFileFailBecauseFileExists" computerName="DKSR-EFI-06" duration="00:00:00.0017159" startTime="2024-01-09T15:45:09.2012573+01:00" endTime="2024-01-09T15:45:09.2012573+01:00" testType="13cdc9d9-ddb5-4fa4-a97d-d965ccfc6d4b" outcome="Passed" testListId="8c84fa94-04c1-424b-9868-57a2d4851a1d" relativeResultsDirectory="db11c24f-869d-4e85-9c17-941653de68fa" />
    <UnitTestResult executionId="61f179cd-bcef-48fd-8a68-8c08f21b2c4f" testId="68a2363a-b484-17cf-1f18-a03fd75c478a" testName="TestConstructor" computerName="DKSR-EFI-06" duration="00:00:00.0005907" startTime="2024-01-09T15:46:49.7958873+01:00" endTime="2024-01-09T15:46:49.7958873+01:00" testType="13cdc9d9-ddb5-4fa4-a97d-d965ccfc6d4b" outcome="Passed" testListId="8c84fa94-04c1-424b-9868-57a2d4851a1d" relativeResultsDirectory="61f179cd-bcef-48fd-8a68-8c08f21b2c4f" />
    <UnitTestResult executionId="aac9bfc3-07b7-4ad4-9176-ac7773578b22" testId="781458f1-23a4-0aa0-3bdb-d72f01e70470" testName="TestRebooterTaskConstructor" computerName="DKSR-EFI-06" duration="00:00:00.0006757" startTime="2024-01-09T15:45:09.0137571+01:00" endTime="2024-01-09T15:45:09.0137571+01:00" testType="13cdc9d9-ddb5-4fa4-a97d-d965ccfc6d4b" outcome="Passed" testListId="8c84fa94-04c1-424b-9868-57a2d4851a1d" relativeResultsDirectory="aac9bfc3-07b7-4ad4-9176-ac7773578b22" />
    <UnitTestResult executionId="7d86fd28-0878-441a-a1d1-bce1a1c844e1" testId="ede83e9c-fccc-794b-8457-5adc5aedf18a" testName="TestConstructor" computerName="DKSR-EFI-06" duration="00:00:00.0267349" startTime="2024-01-09T15:46:48.8111913+01:00" endTime="2024-01-09T15:46:48.8268188+01:00" testType="13cdc9d9-ddb5-4fa4-a97d-d965ccfc6d4b" outcome="Passed" testListId="8c84fa94-04c1-424b-9868-57a2d4851a1d" relativeResultsDirectory="7d86fd28-0878-441a-a1d1-bce1a1c844e1" />
    <UnitTestResult executionId="25907623-6a65-434b-bef1-35687c9cd0a5" testId="a812c461-75bd-711d-a173-a6a8e32057ca" testName="TestStopNotAddedHostTaskOneLevel" computerName="DKSR-EFI-06" duration="00:00:00.0012143" startTime="2024-01-09T15:47:17.6460726+01:00" endTime="2024-01-09T15:47:17.6460726+01:00" testType="13cdc9d9-ddb5-4fa4-a97d-d965ccfc6d4b" outcome="Passed" testListId="8c84fa94-04c1-424b-9868-57a2d4851a1d" relativeResultsDirectory="25907623-6a65-434b-bef1-35687c9cd0a5" />
    <UnitTestResult executionId="e261406d-05d1-4ea7-93f1-a4dd884702f9" testId="032d6516-cb1c-4c92-f9b8-d4038adae9f6" testName="TestWaitForAllTasksWithNoTimeout" computerName="DKSR-EFI-06" duration="00:00:00.1084877" startTime="2024-01-09T15:46:49.0769023+01:00" endTime="2024-01-09T15:46:49.1863131+01:00" testType="13cdc9d9-ddb5-4fa4-a97d-d965ccfc6d4b" outcome="Passed" testListId="8c84fa94-04c1-424b-9868-57a2d4851a1d" relativeResultsDirectory="e261406d-05d1-4ea7-93f1-a4dd884702f9" />
    <UnitTestResult executionId="2ebd6209-91b2-4fd1-915c-ac424e1c0204" testId="bcd71e73-4f9f-2385-5ac9-da99939e2a84" testName="TestConstructor" computerName="DKSR-EFI-06" duration="00:00:00.3001211" startTime="2024-01-09T15:45:07.4668774+01:00" endTime="2024-01-09T15:45:07.7793818+01:00" testType="13cdc9d9-ddb5-4fa4-a97d-d965ccfc6d4b" outcome="Passed" testListId="8c84fa94-04c1-424b-9868-57a2d4851a1d" relativeResultsDirectory="2ebd6209-91b2-4fd1-915c-ac424e1c0204" />
    <UnitTestResult executionId="15a695b6-a79c-408f-b7e3-53d172edb572" testId="966ee7d3-699a-e5e7-0a2b-6c1da1a4c68c" testName="TestGetConnectionOptionsLocal" computerName="DKSR-EFI-06" duration="00:00:00.0029737" startTime="2024-01-09T15:45:07.4668774+01:00" endTime="2024-01-09T15:45:07.4668774+01:00" testType="13cdc9d9-ddb5-4fa4-a97d-d965ccfc6d4b" outcome="Passed" testListId="8c84fa94-04c1-424b-9868-57a2d4851a1d" relativeResultsDirectory="15a695b6-a79c-408f-b7e3-53d172edb572" />
    <UnitTestResult executionId="4d213006-2728-451c-abd3-171bd5cd9efc" testId="22814c1f-c66f-6ce6-5a48-a0ba882bd316" testName="TestVersionInfoDefault" computerName="DKSR-EFI-06" duration="00:00:00.0002259" startTime="2024-01-09T15:45:08.4825063+01:00" endTime="2024-01-09T15:45:08.4825063+01:00" testType="13cdc9d9-ddb5-4fa4-a97d-d965ccfc6d4b" outcome="Passed" testListId="8c84fa94-04c1-424b-9868-57a2d4851a1d" relativeResultsDirectory="4d213006-2728-451c-abd3-171bd5cd9efc" />
    <UnitTestResult executionId="3f5e2546-001d-4b86-8d72-4f56feabc754" testId="22b4db21-3428-db9a-3223-8ca266a1cb59" testName="TestSetParameter" computerName="DKSR-EFI-06" duration="00:00:00.0005918" startTime="2024-01-09T15:45:08.4668821+01:00" endTime="2024-01-09T15:45:08.4668821+01:00" testType="13cdc9d9-ddb5-4fa4-a97d-d965ccfc6d4b" outcome="Passed" testListId="8c84fa94-04c1-424b-9868-57a2d4851a1d" relativeResultsDirectory="3f5e2546-001d-4b86-8d72-4f56feabc754" />
    <UnitTestResult executionId="691b2c60-76bc-49f5-b849-cafd9155b4dd" testId="05ecd758-3402-3b67-caa4-bf6054c93296" testName="TestConstructor" computerName="DKSR-EFI-06" duration="00:00:00.0003774" startTime="2024-01-09T15:46:23.3207354+01:00" endTime="2024-01-09T15:46:23.3207354+01:00" testType="13cdc9d9-ddb5-4fa4-a97d-d965ccfc6d4b" outcome="Passed" testListId="8c84fa94-04c1-424b-9868-57a2d4851a1d" relativeResultsDirectory="691b2c60-76bc-49f5-b849-cafd9155b4dd" />
    <UnitTestResult executionId="b7210f9c-077f-419b-b923-0bf4d1781d06" testId="2d9dbc28-3346-aa2c-3f94-7988e6e65d16" testName="TestGetLocalPackagesWithInvalidHost" computerName="DKSR-EFI-06" duration="00:00:00.0024818" startTime="2024-01-09T15:46:59.1888103+01:00" endTime="2024-01-09T15:46:59.1888103+01:00" testType="13cdc9d9-ddb5-4fa4-a97d-d965ccfc6d4b" outcome="Passed" testListId="8c84fa94-04c1-424b-9868-57a2d4851a1d" relativeResultsDirectory="b7210f9c-077f-419b-b923-0bf4d1781d06" />
    <UnitTestResult executionId="fe5ae716-f8bd-40d2-8e1b-1434f371f8cb" testId="7865af95-405e-00d9-0891-66c018874e42" testName="TestAddRemoveRepository" computerName="DKSR-EFI-06" duration="00:00:00.0020420" startTime="2024-01-09T15:46:49.7958873+01:00" endTime="2024-01-09T15:46:49.7958873+01:00" testType="13cdc9d9-ddb5-4fa4-a97d-d965ccfc6d4b" outcome="Passed" testListId="8c84fa94-04c1-424b-9868-57a2d4851a1d" relativeResultsDirectory="fe5ae716-f8bd-40d2-8e1b-1434f371f8cb" />
    <UnitTestResult executionId="5c876464-ee32-47ea-b06c-687f1c53ef25" testId="16676cd4-3af1-1b40-f8fd-0b757767ae35" testName="TestGetHostInfoSequential" computerName="DKSR-EFI-06" duration="00:00:03.0306835" startTime="2024-01-09T15:47:02.2830267+01:00" endTime="2024-01-09T15:47:05.3151239+01:00" testType="13cdc9d9-ddb5-4fa4-a97d-d965ccfc6d4b" outcome="Passed" testListId="8c84fa94-04c1-424b-9868-57a2d4851a1d" relativeResultsDirectory="5c876464-ee32-47ea-b06c-687f1c53ef25" />
    <UnitTestResult executionId="e8e06dbe-26f3-49a6-85bd-4aa6944ce39a" testId="aeef6c1f-4c83-a297-28c5-f2458e78b8fa" testName="TestConstructor" computerName="DKSR-EFI-06" duration="00:00:00.0005152" startTime="2024-01-09T15:45:08.4825063+01:00" endTime="2024-01-09T15:45:08.4825063+01:00" testType="13cdc9d9-ddb5-4fa4-a97d-d965ccfc6d4b" outcome="Passed" testListId="8c84fa94-04c1-424b-9868-57a2d4851a1d" relativeResultsDirectory="e8e06dbe-26f3-49a6-85bd-4aa6944ce39a" />
    <UnitTestResult executionId="7e40edd1-cb08-498a-b907-1b23624b570a" testId="bc42b46e-3ad8-9bd9-e407-c79f3c41a24a" testName="TestTestRepositoriesWithInvalidRepositories" computerName="DKSR-EFI-06" duration="00:00:00.0078000" startTime="2024-01-09T15:46:49.4368370+01:00" endTime="2024-01-09T15:46:49.4368370+01:00" testType="13cdc9d9-ddb5-4fa4-a97d-d965ccfc6d4b" outcome="Passed" testListId="8c84fa94-04c1-424b-9868-57a2d4851a1d" relativeResultsDirectory="7e40edd1-cb08-498a-b907-1b23624b570a" />
    <UnitTestResult executionId="351edfe9-d59a-496a-b811-5f400fd7c2a1" testId="cc729317-8003-3dcb-4690-b7bab2deead5" testName="TestProcessWithInvalidCommand" computerName="DKSR-EFI-06" duration="00:00:00.3923479" startTime="2024-01-09T15:45:08.4825063+01:00" endTime="2024-01-09T15:45:08.8731308+01:00" testType="13cdc9d9-ddb5-4fa4-a97d-d965ccfc6d4b" outcome="Passed" testListId="8c84fa94-04c1-424b-9868-57a2d4851a1d" relativeResultsDirectory="351edfe9-d59a-496a-b811-5f400fd7c2a1" />
    <UnitTestResult executionId="de6dd8e7-7d72-4545-b34e-bcf4a6039861" testId="7e6f01e0-6e4a-e81f-57f2-c8127ebd815b" testName="TestStopRepositoryTask" computerName="DKSR-EFI-06" duration="00:00:00.0580097" startTime="2024-01-09T15:46:49.4832862+01:00" endTime="2024-01-09T15:46:49.5458084+01:00" testType="13cdc9d9-ddb5-4fa4-a97d-d965ccfc6d4b" outcome="Passed" testListId="8c84fa94-04c1-424b-9868-57a2d4851a1d" relativeResultsDirectory="de6dd8e7-7d72-4545-b34e-bcf4a6039861" />
    <UnitTestResult executionId="e6335fcb-a90a-452b-814e-acddd02655f1" testId="b126bbc4-6355-64b2-7b0e-a07a415e03cd" testName="TestNotifyObserverThrowingException" computerName="DKSR-EFI-06" duration="00:00:00.0017944" startTime="2024-01-09T15:46:42.7942700+01:00" endTime="2024-01-09T15:46:42.7942700+01:00" testType="13cdc9d9-ddb5-4fa4-a97d-d965ccfc6d4b" outcome="Passed" testListId="8c84fa94-04c1-424b-9868-57a2d4851a1d" relativeResultsDirectory="e6335fcb-a90a-452b-814e-acddd02655f1" />
    <UnitTestResult executionId="a4bad461-6cf6-41f2-b342-e2b23d34f500" testId="f87bdbf8-6366-f4cc-9c50-055e8e1058ed" testName="TestMakeExistingDir" computerName="DKSR-EFI-06" duration="00:00:00.0006984" startTime="2024-01-09T15:46:38.6840027+01:00" endTime="2024-01-09T15:46:38.6840027+01:00" testType="13cdc9d9-ddb5-4fa4-a97d-d965ccfc6d4b" outcome="Passed" testListId="8c84fa94-04c1-424b-9868-57a2d4851a1d" relativeResultsDirectory="a4bad461-6cf6-41f2-b342-e2b23d34f500" />
    <UnitTestResult executionId="15fd5fb1-f452-42f1-8ff8-37f2f4cb0822" testId="c5a9b9e3-ddc7-d599-f7fe-3844f6f9e15e" testName="TestGetHostInfo" computerName="DKSR-EFI-06" duration="00:00:00.0006163" startTime="2024-01-09T15:47:57.7815403+01:00" endTime="2024-01-09T15:47:57.7815403+01:00" testType="13cdc9d9-ddb5-4fa4-a97d-d965ccfc6d4b" outcome="Passed" testListId="8c84fa94-04c1-424b-9868-57a2d4851a1d" relativeResultsDirectory="15fd5fb1-f452-42f1-8ff8-37f2f4cb0822" />
    <UnitTestResult executionId="be48712d-1327-49b9-84c3-426901ce894d" testId="ecfc6ba1-5f0a-aa01-e635-13a76143e3af" testName="NonExistingFile_ShouldNotBeImported" computerName="DKSR-EFI-06" duration="00:00:00.0032836" startTime="2024-01-09T15:45:09.1700087+01:00" endTime="2024-01-09T15:45:09.1700087+01:00" testType="13cdc9d9-ddb5-4fa4-a97d-d965ccfc6d4b" outcome="Passed" testListId="8c84fa94-04c1-424b-9868-57a2d4851a1d" relativeResultsDirectory="be48712d-1327-49b9-84c3-426901ce894d" />
    <UnitTestResult executionId="9991d272-b886-4154-b182-63331569685d" testId="c11becfa-b802-6cdb-ce4e-e4281ec502ee" testName="TestParseFull" computerName="DKSR-EFI-06" startTime="2024-01-09T15:45:08.4513539+01:00" endTime="2024-01-09T15:45:08.4513539+01:00" testType="13cdc9d9-ddb5-4fa4-a97d-d965ccfc6d4b" outcome="NotExecuted" testListId="8c84fa94-04c1-424b-9868-57a2d4851a1d" relativeResultsDirectory="9991d272-b886-4154-b182-63331569685d">
      <Output></Output>
    </UnitTestResult>
    <UnitTestResult executionId="4fa88eee-14aa-4604-93d4-7a48b08738d6" testId="8b238217-430f-05ee-47e5-89c18f51b0b9" testName="TestConstructor" computerName="DKSR-EFI-06" duration="00:00:00.0011840" startTime="2024-01-09T15:45:08.0606306+01:00" endTime="2024-01-09T15:45:08.0606306+01:00" testType="13cdc9d9-ddb5-4fa4-a97d-d965ccfc6d4b" outcome="Passed" testListId="8c84fa94-04c1-424b-9868-57a2d4851a1d" relativeResultsDirectory="4fa88eee-14aa-4604-93d4-7a48b08738d6" />
    <UnitTestResult executionId="9eb063b8-b263-4caa-afef-29edd5d02649" testId="50cf843a-7917-122d-91e8-dbab549c9083" testName="FileSharePackageUploaderTask_ShouldFail_IfVerifyToolThrowsTrustVerificationException" computerName="DKSR-EFI-06" duration="00:00:00.0340953" startTime="2024-01-09T15:45:09.0450077+01:00" endTime="2024-01-09T15:45:09.0762590+01:00" testType="13cdc9d9-ddb5-4fa4-a97d-d965ccfc6d4b" outcome="Passed" testListId="8c84fa94-04c1-424b-9868-57a2d4851a1d" relativeResultsDirectory="9eb063b8-b263-4caa-afef-29edd5d02649" />
    <UnitTestResult executionId="b3de4f74-770d-4e20-bd5c-8ed6ef52d8c9" testId="6a8fa308-ac39-ccff-224f-2c11a1875cff" testName="TestStopHostTaskWithInvalidHost" computerName="DKSR-EFI-06" duration="00:00:00.0023934" startTime="2024-01-09T15:47:17.6460726+01:00" endTime="2024-01-09T15:47:17.6460726+01:00" testType="13cdc9d9-ddb5-4fa4-a97d-d965ccfc6d4b" outcome="Passed" testListId="8c84fa94-04c1-424b-9868-57a2d4851a1d" relativeResultsDirectory="b3de4f74-770d-4e20-bd5c-8ed6ef52d8c9" />
    <UnitTestResult executionId="75a4b54f-d390-4c00-a8cc-6aeba83bdad1" testId="c808a093-8195-0aab-e564-4015d1f64b86" testName="TestConstructorWithErrorCodeNonExistingService" computerName="DKSR-EFI-06" duration="00:00:00.0004393" startTime="2024-01-09T15:45:07.3887532+01:00" endTime="2024-01-09T15:45:07.3887532+01:00" testType="13cdc9d9-ddb5-4fa4-a97d-d965ccfc6d4b" outcome="Passed" testListId="8c84fa94-04c1-424b-9868-57a2d4851a1d" relativeResultsDirectory="75a4b54f-d390-4c00-a8cc-6aeba83bdad1" />
    <UnitTestResult executionId="bf9dc5a8-a3ac-4cfe-9796-b3f6be38f380" testId="6ac90c63-c23f-6f1a-ea9b-05c892b344e8" testName="TestConstructor" computerName="DKSR-EFI-06" duration="00:00:00.0010054" startTime="2024-01-09T15:45:09.0137571+01:00" endTime="2024-01-09T15:45:09.0137571+01:00" testType="13cdc9d9-ddb5-4fa4-a97d-d965ccfc6d4b" outcome="Passed" testListId="8c84fa94-04c1-424b-9868-57a2d4851a1d" relativeResultsDirectory="bf9dc5a8-a3ac-4cfe-9796-b3f6be38f380" />
    <UnitTestResult executionId="9f5bca02-599b-44e3-9373-51ec2cf5ec36" testId="84fc2d45-9c65-24ed-a603-3dd6b23b161b" testName="TestUploadPackageWithInvalidHost" computerName="DKSR-EFI-06" duration="00:00:00.0025462" startTime="2024-01-09T15:46:49.7958873+01:00" endTime="2024-01-09T15:46:49.7958873+01:00" testType="13cdc9d9-ddb5-4fa4-a97d-d965ccfc6d4b" outcome="Passed" testListId="8c84fa94-04c1-424b-9868-57a2d4851a1d" relativeResultsDirectory="9f5bca02-599b-44e3-9373-51ec2cf5ec36" />
    <UnitTestResult executionId="d168e2f4-9900-4c51-87a9-4369db841aa0" testId="4ebe8040-de48-1757-191f-73ec1eccf02d" testName="TestWaitForAllTasksWithTimeout" computerName="DKSR-EFI-06" duration="00:00:03.1548131" startTime="2024-01-09T15:47:48.4667768+01:00" endTime="2024-01-09T15:47:51.6232854+01:00" testType="13cdc9d9-ddb5-4fa4-a97d-d965ccfc6d4b" outcome="Passed" testListId="8c84fa94-04c1-424b-9868-57a2d4851a1d" relativeResultsDirectory="d168e2f4-9900-4c51-87a9-4369db841aa0" />
    <UnitTestResult executionId="57341e38-f0a9-48e2-9c5b-3fcdb51b5bf2" testId="5f070273-889c-c350-6e7c-2ac18b92811d" testName="ExistingZipPackageWithReadOnlyAttribute_ShouldBeOverwritten" computerName="DKSR-EFI-06" startTime="2024-01-09T15:45:09.1700087+01:00" endTime="2024-01-09T15:45:09.1700087+01:00" testType="13cdc9d9-ddb5-4fa4-a97d-d965ccfc6d4b" outcome="NotExecuted" testListId="8c84fa94-04c1-424b-9868-57a2d4851a1d" relativeResultsDirectory="57341e38-f0a9-48e2-9c5b-3fcdb51b5bf2">
      <Output></Output>
    </UnitTestResult>
    <UnitTestResult executionId="4d45a22f-ca21-4d0a-a39a-22d4af851358" testId="7b0075a6-a37e-989f-ba7f-1766dadf06a6" testName="TestConstructorWithUserNamePassword" computerName="DKSR-EFI-06" duration="00:00:00.0005305" startTime="2024-01-09T15:47:57.7502825+01:00" endTime="2024-01-09T15:47:57.7502825+01:00" testType="13cdc9d9-ddb5-4fa4-a97d-d965ccfc6d4b" outcome="Passed" testListId="8c84fa94-04c1-424b-9868-57a2d4851a1d" relativeResultsDirectory="4d45a22f-ca21-4d0a-a39a-22d4af851358" />
    <UnitTestResult executionId="c312846d-3d64-4319-aa66-2cfe1a56b36f" testId="a01967fd-fbe7-36ce-1ca1-d3fd457b8d42" testName="TestConstructorWithMessageAndInnerException" computerName="DKSR-EFI-06" duration="00:00:00.0006701" startTime="2024-01-09T15:45:07.3731306+01:00" endTime="2024-01-09T15:45:07.3731306+01:00" testType="13cdc9d9-ddb5-4fa4-a97d-d965ccfc6d4b" outcome="Passed" testListId="8c84fa94-04c1-424b-9868-57a2d4851a1d" relativeResultsDirectory="c312846d-3d64-4319-aa66-2cfe1a56b36f" />
    <UnitTestResult executionId="1a21b89a-719f-4938-93f0-e63d7f329050" testId="0f0f7131-42bd-3008-39e4-936130039165" testName="TestConstructor" computerName="DKSR-EFI-06" duration="00:00:00.0244975" startTime="2024-01-09T15:45:08.9200070+01:00" endTime="2024-01-09T15:45:08.9512569+01:00" testType="13cdc9d9-ddb5-4fa4-a97d-d965ccfc6d4b" outcome="Passed" testListId="8c84fa94-04c1-424b-9868-57a2d4851a1d" relativeResultsDirectory="1a21b89a-719f-4938-93f0-e63d7f329050" />
    <UnitTestResult executionId="4175441c-6a86-423c-8266-208f564d4d42" testId="e977703f-2970-df2c-d9d1-2e6c523b5ab1" testName="TestConstructorWithMetadata" computerName="DKSR-EFI-06" duration="00:00:00.0037902" startTime="2024-01-09T15:46:42.7942700+01:00" endTime="2024-01-09T15:46:42.8098988+01:00" testType="13cdc9d9-ddb5-4fa4-a97d-d965ccfc6d4b" outcome="Passed" testListId="8c84fa94-04c1-424b-9868-57a2d4851a1d" relativeResultsDirectory="4175441c-6a86-423c-8266-208f564d4d42" />
    <UnitTestResult executionId="cc280239-dc3f-4890-a5c1-2fc6e9b6e530" testId="21a039f5-a92d-7952-0779-2ef36815aea5" testName="TestTaskStopOnCompletedTask" computerName="DKSR-EFI-06" duration="00:00:00.0012890" startTime="2024-01-09T15:46:38.6214846+01:00" endTime="2024-01-09T15:46:38.6214846+01:00" testType="13cdc9d9-ddb5-4fa4-a97d-d965ccfc6d4b" outcome="Passed" testListId="8c84fa94-04c1-424b-9868-57a2d4851a1d" relativeResultsDirectory="cc280239-dc3f-4890-a5c1-2fc6e9b6e530" />
    <UnitTestResult executionId="90e4f181-ae71-4d54-9750-742e363d9f78" testId="a17e8d02-5a28-ea2d-f09e-368bfc7a6e40" testName="TestIsTasksRunningOnRepository" computerName="DKSR-EFI-06" duration="00:00:00.1715572" startTime="2024-01-09T15:46:49.6239617+01:00" endTime="2024-01-09T15:46:49.7958873+01:00" testType="13cdc9d9-ddb5-4fa4-a97d-d965ccfc6d4b" outcome="Passed" testListId="8c84fa94-04c1-424b-9868-57a2d4851a1d" relativeResultsDirectory="90e4f181-ae71-4d54-9750-742e363d9f78" />
    <UnitTestResult executionId="3024090f-5be0-4fe9-a052-fdd654569391" testId="398e487f-9dca-6d67-fd26-4c9254a8ff88" testName="TestRebooterTaskConstructor" computerName="DKSR-EFI-06" duration="00:00:00.0006270" startTime="2024-01-09T15:46:38.7308828+01:00" endTime="2024-01-09T15:46:38.7308828+01:00" testType="13cdc9d9-ddb5-4fa4-a97d-d965ccfc6d4b" outcome="Passed" testListId="8c84fa94-04c1-424b-9868-57a2d4851a1d" relativeResultsDirectory="3024090f-5be0-4fe9-a052-fdd654569391" />
    <UnitTestResult executionId="e362358c-90d1-4078-aa14-e2c61fb10244" testId="7f9ed6cf-7a79-9d37-5f62-7db0e658076c" testName="TestGetInstalledPackagesParallel" computerName="DKSR-EFI-06" duration="00:00:00.0438297" startTime="2024-01-09T15:47:05.3151239+01:00" endTime="2024-01-09T15:47:05.3620617+01:00" testType="13cdc9d9-ddb5-4fa4-a97d-d965ccfc6d4b" outcome="Passed" testListId="8c84fa94-04c1-424b-9868-57a2d4851a1d" relativeResultsDirectory="e362358c-90d1-4078-aa14-e2c61fb10244" />
    <UnitTestResult executionId="612aecb1-4f1d-4b8c-ba5a-5902a0b362bc" testId="9f360e22-795c-5c17-8bb8-33a39a68517b" testName="TestStopAllHostTaskAllLevels" computerName="DKSR-EFI-06" duration="00:00:03.1088446" startTime="2024-01-09T15:47:30.0265932+01:00" endTime="2024-01-09T15:47:33.1364581+01:00" testType="13cdc9d9-ddb5-4fa4-a97d-d965ccfc6d4b" outcome="Passed" testListId="8c84fa94-04c1-424b-9868-57a2d4851a1d" relativeResultsDirectory="612aecb1-4f1d-4b8c-ba5a-5902a0b362bc" />
    <UnitTestResult executionId="7d3fe203-8e2e-4b46-9eb1-5b240f6e89cb" testId="e0aa219f-1854-91b3-3e29-4258ec3f3da6" testName="TestStopHostTaskWithInvalidHost" computerName="DKSR-EFI-06" duration="00:00:00.0013378" startTime="2024-01-09T15:46:48.8893416+01:00" endTime="2024-01-09T15:46:48.8893416+01:00" testType="13cdc9d9-ddb5-4fa4-a97d-d965ccfc6d4b" outcome="Passed" testListId="8c84fa94-04c1-424b-9868-57a2d4851a1d" relativeResultsDirectory="7d3fe203-8e2e-4b46-9eb1-5b240f6e89cb" />
    <UnitTestResult executionId="10275d5b-7731-45b5-a081-01412e766687" testId="f3eff344-b8fc-0e39-5989-18b02610ed7c" testName="TestIP" computerName="DKSR-EFI-06" duration="00:00:00.0005675" startTime="2024-01-09T15:47:57.7971708+01:00" endTime="2024-01-09T15:47:57.7971708+01:00" testType="13cdc9d9-ddb5-4fa4-a97d-d965ccfc6d4b" outcome="Passed" testListId="8c84fa94-04c1-424b-9868-57a2d4851a1d" relativeResultsDirectory="10275d5b-7731-45b5-a081-01412e766687" />
    <UnitTestResult executionId="bb4c7201-a096-4ec4-a9c8-b2cc4882db10" testId="a2237cff-2fec-9f3d-16cc-4fd05503957e" testName="TestGetPackageUnInstaller" computerName="DKSR-EFI-06" duration="00:00:00.0096626" startTime="2024-01-09T15:47:57.7659142+01:00" endTime="2024-01-09T15:47:57.7815403+01:00" testType="13cdc9d9-ddb5-4fa4-a97d-d965ccfc6d4b" outcome="Passed" testListId="8c84fa94-04c1-424b-9868-57a2d4851a1d" relativeResultsDirectory="bb4c7201-a096-4ec4-a9c8-b2cc4882db10" />
    <UnitTestResult executionId="688dca62-68f8-42fd-8958-0f31c15c5fd7" testId="5830e48c-ec35-ee5c-5f9f-1b8deedc3e70" testName="Test_With_ArgmunentsXmlFileV1_When_ExtractingTheArguments_Then_TheArgumentsAreCorrect" computerName="DKSR-EFI-06" duration="00:00:00.0230562" startTime="2024-01-09T15:47:57.7971708+01:00" endTime="2024-01-09T15:47:57.8284293+01:00" testType="13cdc9d9-ddb5-4fa4-a97d-d965ccfc6d4b" outcome="Passed" testListId="8c84fa94-04c1-424b-9868-57a2d4851a1d" relativeResultsDirectory="688dca62-68f8-42fd-8958-0f31c15c5fd7" />
    <UnitTestResult executionId="1588f479-2fe2-4ed0-8676-4ba1c1b92a8f" testId="33675f94-c719-761f-5636-41fb611944c3" testName="TestSetValue" computerName="DKSR-EFI-06" duration="00:00:00.0001475" startTime="2024-01-09T15:45:08.4668821+01:00" endTime="2024-01-09T15:45:08.4668821+01:00" testType="13cdc9d9-ddb5-4fa4-a97d-d965ccfc6d4b" outcome="Passed" testListId="8c84fa94-04c1-424b-9868-57a2d4851a1d" relativeResultsDirectory="1588f479-2fe2-4ed0-8676-4ba1c1b92a8f" />
    <UnitTestResult executionId="bc61dfdc-d7f0-484e-bac2-5c78ca2a6a70" testId="a0116380-da24-5eef-9985-8a188dfc4704" testName="Test_With_LicenseTypeAndParameters_When_CreateXmlStreamInV1_Then_CorrectXMLStreamIsCreated" computerName="DKSR-EFI-06" duration="00:00:00.0017852" startTime="2024-01-09T15:47:57.7971708+01:00" endTime="2024-01-09T15:47:57.7971708+01:00" testType="13cdc9d9-ddb5-4fa4-a97d-d965ccfc6d4b" outcome="Passed" testListId="8c84fa94-04c1-424b-9868-57a2d4851a1d" relativeResultsDirectory="bc61dfdc-d7f0-484e-bac2-5c78ca2a6a70" />
    <UnitTestResult executionId="b46774d3-5412-48e1-9e4f-104f9399f940" testId="dda34e2b-0d6b-f778-6cc1-d3fd58535a8e" testName="TestGetHostName" computerName="DKSR-EFI-06" duration="00:00:00.0005126" startTime="2024-01-09T15:45:08.9668825+01:00" endTime="2024-01-09T15:45:08.9668825+01:00" testType="13cdc9d9-ddb5-4fa4-a97d-d965ccfc6d4b" outcome="Passed" testListId="8c84fa94-04c1-424b-9868-57a2d4851a1d" relativeResultsDirectory="b46774d3-5412-48e1-9e4f-104f9399f940" />
    <UnitTestResult executionId="6b367c48-d1c4-40aa-a946-308ba7461a78" testId="1cff3eca-d525-091e-65e2-230ac0996f0f" testName="TestConstructor" computerName="DKSR-EFI-06" duration="00:00:00.0027006" startTime="2024-01-09T15:45:08.4356294+01:00" endTime="2024-01-09T15:45:08.4513539+01:00" testType="13cdc9d9-ddb5-4fa4-a97d-d965ccfc6d4b" outcome="Passed" testListId="8c84fa94-04c1-424b-9868-57a2d4851a1d" relativeResultsDirectory="6b367c48-d1c4-40aa-a946-308ba7461a78" />
    <UnitTestResult executionId="4da8dcfe-5e84-4bdb-b81f-7dce628cae76" testId="b53777b6-9b17-4b3f-bddc-b6f07e3ad483" testName="TestInjection" computerName="DKSR-EFI-06" duration="00:00:04.0212373" startTime="2024-01-09T15:46:29.9939538+01:00" endTime="2024-01-09T15:46:34.0263952+01:00" testType="13cdc9d9-ddb5-4fa4-a97d-d965ccfc6d4b" outcome="Passed" testListId="8c84fa94-04c1-424b-9868-57a2d4851a1d" relativeResultsDirectory="4da8dcfe-5e84-4bdb-b81f-7dce628cae76" />
    <UnitTestResult executionId="5b15dad3-c872-49e7-a44e-4c240439f5c4" testId="0c1ed704-8205-a20a-83ff-3afa740995be" testName="TestConstructor" computerName="DKSR-EFI-06" duration="00:00:00.0005729" startTime="2024-01-09T15:45:07.3575037+01:00" endTime="2024-01-09T15:45:07.3575037+01:00" testType="13cdc9d9-ddb5-4fa4-a97d-d965ccfc6d4b" outcome="Passed" testListId="8c84fa94-04c1-424b-9868-57a2d4851a1d" relativeResultsDirectory="5b15dad3-c872-49e7-a44e-4c240439f5c4" />
    <UnitTestResult executionId="63525cb6-962d-49ca-980e-1130b4b4c610" testId="330e6a9d-2d5c-ac83-143d-e6e550e3720b" testName="TestConstructorWithErrorCodeAccessDenied" computerName="DKSR-EFI-06" duration="00:00:00.0005104" startTime="2024-01-09T15:45:07.3887532+01:00" endTime="2024-01-09T15:45:07.3887532+01:00" testType="13cdc9d9-ddb5-4fa4-a97d-d965ccfc6d4b" outcome="Passed" testListId="8c84fa94-04c1-424b-9868-57a2d4851a1d" relativeResultsDirectory="63525cb6-962d-49ca-980e-1130b4b4c610" />
    <UnitTestResult executionId="d75cb8bd-9c78-4579-87b6-e9ab55edcc13" testId="f7d42701-2ea6-710a-c26e-6a5c6247f8de" testName="TestStopAllRepositoryTask" computerName="DKSR-EFI-06" duration="00:00:00.0776702" startTime="2024-01-09T15:46:49.5458084+01:00" endTime="2024-01-09T15:46:49.6239617+01:00" testType="13cdc9d9-ddb5-4fa4-a97d-d965ccfc6d4b" outcome="Passed" testListId="8c84fa94-04c1-424b-9868-57a2d4851a1d" relativeResultsDirectory="d75cb8bd-9c78-4579-87b6-e9ab55edcc13" />
    <UnitTestResult executionId="cb6beb17-e8c1-4d6e-86fe-a35c79e2f449" testId="0e31cfb4-c48c-f98b-c02a-b0ce70005a5e" testName="TestInstallString" computerName="DKSR-EFI-06" duration="00:00:00.0045113" startTime="2024-01-09T15:45:08.4513539+01:00" endTime="2024-01-09T15:45:08.4513539+01:00" testType="13cdc9d9-ddb5-4fa4-a97d-d965ccfc6d4b" outcome="Passed" testListId="8c84fa94-04c1-424b-9868-57a2d4851a1d" relativeResultsDirectory="cb6beb17-e8c1-4d6e-86fe-a35c79e2f449" />
    <UnitTestResult executionId="a8e0eae2-e1e7-4020-8134-f067a060a63a" testId="69b26249-94e9-7c44-10dc-7b2701eb66e6" testName="TestCreateRealFilePathWithUNCPath" computerName="DKSR-EFI-06" duration="00:00:00.0004566" startTime="2024-01-09T15:45:07.4512560+01:00" endTime="2024-01-09T15:45:07.4512560+01:00" testType="13cdc9d9-ddb5-4fa4-a97d-d965ccfc6d4b" outcome="Passed" testListId="8c84fa94-04c1-424b-9868-57a2d4851a1d" relativeResultsDirectory="a8e0eae2-e1e7-4020-8134-f067a060a63a" />
    <UnitTestResult executionId="097ad421-4016-46a1-b7e0-30807df967f8" testId="49529985-1ba0-c238-eae3-48cc6bd0feac" testName="TestUploadPackageWithInvalidRepository" computerName="DKSR-EFI-06" duration="00:00:00.0013810" startTime="2024-01-09T15:46:49.7958873+01:00" endTime="2024-01-09T15:46:49.7958873+01:00" testType="13cdc9d9-ddb5-4fa4-a97d-d965ccfc6d4b" outcome="Passed" testListId="8c84fa94-04c1-424b-9868-57a2d4851a1d" relativeResultsDirectory="097ad421-4016-46a1-b7e0-30807df967f8" />
    <UnitTestResult executionId="097c3d97-8cbc-4fd6-81af-c95ab90d91b6" testId="abd4b833-c358-500a-7788-db40ecef5e75" testName="TestStopAllRepositoryTasks" computerName="DKSR-EFI-06" duration="00:00:03.0620791" startTime="2024-01-09T15:47:39.2629785+01:00" endTime="2024-01-09T15:47:42.3257416+01:00" testType="13cdc9d9-ddb5-4fa4-a97d-d965ccfc6d4b" outcome="Passed" testListId="8c84fa94-04c1-424b-9868-57a2d4851a1d" relativeResultsDirectory="097c3d97-8cbc-4fd6-81af-c95ab90d91b6" />
    <UnitTestResult executionId="485f38eb-ff52-48b3-a2d5-d64a5d3ad9d8" testId="48e43d53-7c28-80cb-4d94-a851e7def8d6" testName="TestStart" computerName="DKSR-EFI-06" duration="00:00:00.0016017" startTime="2024-01-09T15:46:38.0588482+01:00" endTime="2024-01-09T15:46:38.0588482+01:00" testType="13cdc9d9-ddb5-4fa4-a97d-d965ccfc6d4b" outcome="Passed" testListId="8c84fa94-04c1-424b-9868-57a2d4851a1d" relativeResultsDirectory="485f38eb-ff52-48b3-a2d5-d64a5d3ad9d8" />
    <UnitTestResult executionId="07a52dc3-1bef-4415-b7a8-80fd1f393ff8" testId="d3b84e20-e2d1-bc9e-eadc-945089fa4f50" testName="TestDNS" computerName="DKSR-EFI-06" duration="00:00:00.0002336" startTime="2024-01-09T15:47:57.7971708+01:00" endTime="2024-01-09T15:47:57.7971708+01:00" testType="13cdc9d9-ddb5-4fa4-a97d-d965ccfc6d4b" outcome="Passed" testListId="8c84fa94-04c1-424b-9868-57a2d4851a1d" relativeResultsDirectory="07a52dc3-1bef-4415-b7a8-80fd1f393ff8" />
    <UnitTestResult executionId="9bbf7174-dfab-4a30-bfc5-253a2f05dc33" testId="facdbc00-3344-ebbb-65de-f4f2d40c143a" testName="TestDifferentPassword" computerName="DKSR-EFI-06" duration="00:00:00.0027562" startTime="2024-01-09T15:45:09.0450077+01:00" endTime="2024-01-09T15:45:09.0450077+01:00" testType="13cdc9d9-ddb5-4fa4-a97d-d965ccfc6d4b" outcome="Passed" testListId="8c84fa94-04c1-424b-9868-57a2d4851a1d" relativeResultsDirectory="9bbf7174-dfab-4a30-bfc5-253a2f05dc33" />
    <UnitTestResult executionId="d58bf06b-612a-46ca-bef4-85b7ba714b76" testId="856c68f3-4881-d96b-cb1b-41d24780a2bb" testName="TestConstructor" computerName="DKSR-EFI-06" duration="00:00:00.0006525" startTime="2024-01-09T15:45:12.1075098+01:00" endTime="2024-01-09T15:45:12.1075098+01:00" testType="13cdc9d9-ddb5-4fa4-a97d-d965ccfc6d4b" outcome="Passed" testListId="8c84fa94-04c1-424b-9868-57a2d4851a1d" relativeResultsDirectory="d58bf06b-612a-46ca-bef4-85b7ba714b76" />
    <UnitTestResult executionId="449584aa-c0a9-4744-84a5-19f76fae15fc" testId="a7b1190d-96a0-cc80-f0bd-b3feded255cb" testName="TestIsTasksRunningOnHost" computerName="DKSR-EFI-06" duration="00:00:00.0580822" startTime="2024-01-09T15:46:49.0143788+01:00" endTime="2024-01-09T15:46:49.0769023+01:00" testType="13cdc9d9-ddb5-4fa4-a97d-d965ccfc6d4b" outcome="Passed" testListId="8c84fa94-04c1-424b-9868-57a2d4851a1d" relativeResultsDirectory="449584aa-c0a9-4744-84a5-19f76fae15fc" />
    <UnitTestResult executionId="fe8bea21-e362-4ba4-b6a3-2549dd1e15f8" testId="3cb4d030-e34c-4c73-8e37-551b04141e43" testName="TestConstructor" computerName="DKSR-EFI-06" duration="00:00:00.0006119" startTime="2024-01-09T15:46:38.6840027+01:00" endTime="2024-01-09T15:46:38.6840027+01:00" testType="13cdc9d9-ddb5-4fa4-a97d-d965ccfc6d4b" outcome="Passed" testListId="8c84fa94-04c1-424b-9868-57a2d4851a1d" relativeResultsDirectory="fe8bea21-e362-4ba4-b6a3-2549dd1e15f8" />
    <UnitTestResult executionId="61aae297-b633-4058-8fc4-a5e0a788c4e9" testId="59a687c4-cb9f-631c-69ed-da984b9e6b7a" testName="TestVersionInfo" computerName="DKSR-EFI-06" duration="00:00:00.0003285" startTime="2024-01-09T15:45:08.4825063+01:00" endTime="2024-01-09T15:45:08.4825063+01:00" testType="13cdc9d9-ddb5-4fa4-a97d-d965ccfc6d4b" outcome="Passed" testListId="8c84fa94-04c1-424b-9868-57a2d4851a1d" relativeResultsDirectory="61aae297-b633-4058-8fc4-a5e0a788c4e9" />
    <UnitTestResult executionId="5d585f91-21d7-4c53-b65f-f5689fdabce6" testId="9e542a9d-17aa-18eb-fcd9-68e906b0cbf9" testName="TestGetPackages" computerName="DKSR-EFI-06" duration="00:00:00.0006909" startTime="2024-01-09T15:46:23.3207354+01:00" endTime="2024-01-09T15:46:23.3207354+01:00" testType="13cdc9d9-ddb5-4fa4-a97d-d965ccfc6d4b" outcome="Passed" testListId="8c84fa94-04c1-424b-9868-57a2d4851a1d" relativeResultsDirectory="5d585f91-21d7-4c53-b65f-f5689fdabce6" />
    <UnitTestResult executionId="74ea8457-d087-4629-800f-35724c1168c5" testId="33b4f16b-c0a6-76f0-1897-1fedd2028106" testName="TestConstructorWithMultipleObservers" computerName="DKSR-EFI-06" duration="00:00:00.0004818" startTime="2024-01-09T15:46:42.7942700+01:00" endTime="2024-01-09T15:46:42.7942700+01:00" testType="13cdc9d9-ddb5-4fa4-a97d-d965ccfc6d4b" outcome="Passed" testListId="8c84fa94-04c1-424b-9868-57a2d4851a1d" relativeResultsDirectory="74ea8457-d087-4629-800f-35724c1168c5" />
    <UnitTestResult executionId="7da66071-de1b-408c-a9f2-7a36cd4e9187" testId="725b3199-f97f-4e4e-3df7-e4d50227cc9c" testName="TestUninstallDynamicFiles" computerName="DKSR-EFI-06" duration="00:00:00.0047497" startTime="2024-01-09T15:45:08.4200054+01:00" endTime="2024-01-09T15:45:08.4200054+01:00" testType="13cdc9d9-ddb5-4fa4-a97d-d965ccfc6d4b" outcome="Passed" testListId="8c84fa94-04c1-424b-9868-57a2d4851a1d" relativeResultsDirectory="7da66071-de1b-408c-a9f2-7a36cd4e9187" />
    <UnitTestResult executionId="40d969ea-7fa3-44b0-9504-38bf5e66b074" testId="d08fd0d0-106c-6df0-e83c-5d210fcd79c8" testName="TestAttachObserver" computerName="DKSR-EFI-06" duration="00:00:00.0008644" startTime="2024-01-09T15:46:42.7786423+01:00" endTime="2024-01-09T15:46:42.7942700+01:00" testType="13cdc9d9-ddb5-4fa4-a97d-d965ccfc6d4b" outcome="Passed" testListId="8c84fa94-04c1-424b-9868-57a2d4851a1d" relativeResultsDirectory="40d969ea-7fa3-44b0-9504-38bf5e66b074" />
    <UnitTestResult executionId="4b1d0337-c20f-4e91-8908-345e9327acf9" testId="a39446df-6f24-60d3-7536-413204661085" testName="TestCopyFileWithPauseAndUnpause" computerName="DKSR-EFI-06" duration="00:00:02.2742120" startTime="2024-01-09T15:45:09.3418816+01:00" endTime="2024-01-09T15:45:11.6231365+01:00" testType="13cdc9d9-ddb5-4fa4-a97d-d965ccfc6d4b" outcome="Passed" testListId="8c84fa94-04c1-424b-9868-57a2d4851a1d" relativeResultsDirectory="4b1d0337-c20f-4e91-8908-345e9327acf9" />
    <UnitTestResult executionId="07f74664-4d9c-42cb-ba54-5cf054ccae37" testId="476ef389-cb99-4565-a578-a52bf7decd04" testName="IsTrusted_ShouldThrow_WhenPackageNotSigned" computerName="DKSR-EFI-06" startTime="2024-01-09T15:47:57.7971708+01:00" endTime="2024-01-09T15:47:57.7971708+01:00" testType="13cdc9d9-ddb5-4fa4-a97d-d965ccfc6d4b" outcome="NotExecuted" testListId="8c84fa94-04c1-424b-9868-57a2d4851a1d" relativeResultsDirectory="07f74664-4d9c-42cb-ba54-5cf054ccae37">
      <Output></Output>
    </UnitTestResult>
    <UnitTestResult executionId="6ec7d69d-f09b-4eee-bc7a-8ce6b9197fdb" testId="3dff1f41-5a6c-1f6b-dc94-6936d92863d6" testName="TestStop" computerName="DKSR-EFI-06" duration="00:00:00.1241302" startTime="2024-01-09T15:46:29.4938646+01:00" endTime="2024-01-09T15:46:29.6188927+01:00" testType="13cdc9d9-ddb5-4fa4-a97d-d965ccfc6d4b" outcome="Passed" testListId="8c84fa94-04c1-424b-9868-57a2d4851a1d" relativeResultsDirectory="6ec7d69d-f09b-4eee-bc7a-8ce6b9197fdb" />
    <UnitTestResult executionId="96ffecb7-8b5a-43c9-8df6-c644e16244d2" testId="81256e9c-7576-e53d-a206-ff8d79a392bb" testName="TestDifferentUserName" computerName="DKSR-EFI-06" duration="00:00:00.0021945" startTime="2024-01-09T15:45:09.0450077+01:00" endTime="2024-01-09T15:45:09.0450077+01:00" testType="13cdc9d9-ddb5-4fa4-a97d-d965ccfc6d4b" outcome="Passed" testListId="8c84fa94-04c1-424b-9868-57a2d4851a1d" relativeResultsDirectory="96ffecb7-8b5a-43c9-8df6-c644e16244d2" />
    <UnitTestResult executionId="c6a0bd72-d7b3-4eb0-a684-11118f139fe6" testId="b61c59b3-029a-0817-1252-32f71c8216f9" testName="TestRunFailureTasksLast" computerName="DKSR-EFI-06" duration="00:00:02.0140566" startTime="2024-01-09T15:46:27.3528641+01:00" endTime="2024-01-09T15:46:29.3688545+01:00" testType="13cdc9d9-ddb5-4fa4-a97d-d965ccfc6d4b" outcome="Passed" testListId="8c84fa94-04c1-424b-9868-57a2d4851a1d" relativeResultsDirectory="c6a0bd72-d7b3-4eb0-a684-11118f139fe6" />
    <UnitTestResult executionId="499e467f-f6d3-475b-b188-ab55dd4580b0" testId="cbf74680-c91c-0984-eb66-6d8ceb9c17ab" testName="TestGetActionTasks" computerName="DKSR-EFI-06" duration="00:00:00.0098778" startTime="2024-01-09T15:47:57.7502825+01:00" endTime="2024-01-09T15:47:57.7502825+01:00" testType="13cdc9d9-ddb5-4fa4-a97d-d965ccfc6d4b" outcome="Passed" testListId="8c84fa94-04c1-424b-9868-57a2d4851a1d" relativeResultsDirectory="499e467f-f6d3-475b-b188-ab55dd4580b0" />
    <UnitTestResult executionId="04c26cc9-07b7-4d12-88a3-ec6e8051f32b" testId="46745519-9ecc-7f3f-f79a-bc558a311ac6" testName="TestConstructor" computerName="DKSR-EFI-06" duration="00:00:00.0008517" startTime="2024-01-09T15:46:42.7942700+01:00" endTime="2024-01-09T15:46:42.7942700+01:00" testType="13cdc9d9-ddb5-4fa4-a97d-d965ccfc6d4b" outcome="Passed" testListId="8c84fa94-04c1-424b-9868-57a2d4851a1d" relativeResultsDirectory="04c26cc9-07b7-4d12-88a3-ec6e8051f32b" />
    <UnitTestResult executionId="035204f3-f26e-4094-849e-787e32d9f717" testId="729c0c4c-75b6-3606-8352-31e30f6054ad" testName="TestConstructorWithErrorCodeUnknownFailure" computerName="DKSR-EFI-06" duration="00:00:00.0004697" startTime="2024-01-09T15:45:07.3887532+01:00" endTime="2024-01-09T15:45:07.3887532+01:00" testType="13cdc9d9-ddb5-4fa4-a97d-d965ccfc6d4b" outcome="Passed" testListId="8c84fa94-04c1-424b-9868-57a2d4851a1d" relativeResultsDirectory="035204f3-f26e-4094-849e-787e32d9f717" />
    <UnitTestResult executionId="6db7df78-9acf-460c-9466-bb80c574001c" testId="c3800336-306f-d7b8-9385-05631f008da4" testName="TestStopRepositoryTasksWithNullManager" computerName="DKSR-EFI-06" duration="00:00:00.0015043" startTime="2024-01-09T15:46:49.4832862+01:00" endTime="2024-01-09T15:46:49.4832862+01:00" testType="13cdc9d9-ddb5-4fa4-a97d-d965ccfc6d4b" outcome="Passed" testListId="8c84fa94-04c1-424b-9868-57a2d4851a1d" relativeResultsDirectory="6db7df78-9acf-460c-9466-bb80c574001c" />
    <UnitTestResult executionId="caee716c-ebc8-42d3-a80f-3caaa33ad42f" testId="b4ef782b-9320-c210-3644-282eb256ccea" testName="TestStartWithErrorInDoRun" computerName="DKSR-EFI-06" duration="00:00:00.0013395" startTime="2024-01-09T15:46:38.1213574+01:00" endTime="2024-01-09T15:46:38.1213574+01:00" testType="13cdc9d9-ddb5-4fa4-a97d-d965ccfc6d4b" outcome="Passed" testListId="8c84fa94-04c1-424b-9868-57a2d4851a1d" relativeResultsDirectory="caee716c-ebc8-42d3-a80f-3caaa33ad42f" />
    <UnitTestResult executionId="b88ae202-9d48-4ffc-a815-d88be4df806b" testId="7468abf9-8496-a9ce-938c-e8b14b5f2200" testName="TestGetDeleteLocalPackage" computerName="DKSR-EFI-06" duration="00:00:00.0012126" startTime="2024-01-09T15:47:57.7815403+01:00" endTime="2024-01-09T15:47:57.7815403+01:00" testType="13cdc9d9-ddb5-4fa4-a97d-d965ccfc6d4b" outcome="Passed" testListId="8c84fa94-04c1-424b-9868-57a2d4851a1d" relativeResultsDirectory="b88ae202-9d48-4ffc-a815-d88be4df806b" />
    <UnitTestResult executionId="a07e8bc1-1bea-4393-938c-5a34f664bbd7" testId="d83a4903-12f4-40d7-6107-dfc77d36cf8a" testName="TestConstructor" computerName="DKSR-EFI-06" duration="00:00:00.0004157" startTime="2024-01-09T15:45:08.4200054+01:00" endTime="2024-01-09T15:45:08.4200054+01:00" testType="13cdc9d9-ddb5-4fa4-a97d-d965ccfc6d4b" outcome="Passed" testListId="8c84fa94-04c1-424b-9868-57a2d4851a1d" relativeResultsDirectory="a07e8bc1-1bea-4393-938c-5a34f664bbd7" />
    <UnitTestResult executionId="518d6faa-5067-4799-9c97-2a5f45d50970" testId="6c12d520-15aa-b4cf-0a08-c96da7cf1722" testName="TestConstructorWithErrorCodeServiceRequestTimeout" computerName="DKSR-EFI-06" duration="00:00:00.0004662" startTime="2024-01-09T15:45:07.3731306+01:00" endTime="2024-01-09T15:45:07.3731306+01:00" testType="13cdc9d9-ddb5-4fa4-a97d-d965ccfc6d4b" outcome="Passed" testListId="8c84fa94-04c1-424b-9868-57a2d4851a1d" relativeResultsDirectory="518d6faa-5067-4799-9c97-2a5f45d50970" />
    <UnitTestResult executionId="5895fece-cef0-41d6-99d4-d4fa75c8b6dd" testId="dfe5eb18-fc86-0989-8caf-49b9107cfa43" testName="TestAddTaskWhileRunning" computerName="DKSR-EFI-06" duration="00:00:00.1247770" startTime="2024-01-09T15:46:29.6188927+01:00" endTime="2024-01-09T15:46:29.7439158+01:00" testType="13cdc9d9-ddb5-4fa4-a97d-d965ccfc6d4b" outcome="Passed" testListId="8c84fa94-04c1-424b-9868-57a2d4851a1d" relativeResultsDirectory="5895fece-cef0-41d6-99d4-d4fa75c8b6dd" />
    <UnitTestResult executionId="81371322-0957-4837-91b0-a3a47391e4c1" testId="ab424643-ee10-dbb4-356f-30ee770a2155" testName="TestDeleteLocalPackageParallel" computerName="DKSR-EFI-06" duration="00:00:00.0277463" startTime="2024-01-09T15:47:51.6232854+01:00" endTime="2024-01-09T15:47:51.6545469+01:00" testType="13cdc9d9-ddb5-4fa4-a97d-d965ccfc6d4b" outcome="Passed" testListId="8c84fa94-04c1-424b-9868-57a2d4851a1d" relativeResultsDirectory="81371322-0957-4837-91b0-a3a47391e4c1" />
    <UnitTestResult executionId="56ebb9ce-a9f9-478e-9556-c0d869a93d9d" testId="b4bc3446-4a33-e238-ffe8-f27ad8971712" testName="TestGetRepositoryLocationIdentifier" computerName="DKSR-EFI-06" duration="00:00:00.0001732" startTime="2024-01-09T15:45:07.4668774+01:00" endTime="2024-01-09T15:45:07.4668774+01:00" testType="13cdc9d9-ddb5-4fa4-a97d-d965ccfc6d4b" outcome="Passed" testListId="8c84fa94-04c1-424b-9868-57a2d4851a1d" relativeResultsDirectory="56ebb9ce-a9f9-478e-9556-c0d869a93d9d" />
    <UnitTestResult executionId="0ceb5b81-d85a-412c-8903-baf41067afe0" testId="7a991418-161a-8bc7-48a3-d4da676431a8" testName="TestWaitForAllTasksWithNegativeTimeout" computerName="DKSR-EFI-06" duration="00:00:00.0005900" startTime="2024-01-09T15:46:49.1863131+01:00" endTime="2024-01-09T15:46:49.1863131+01:00" testType="13cdc9d9-ddb5-4fa4-a97d-d965ccfc6d4b" outcome="Passed" testListId="8c84fa94-04c1-424b-9868-57a2d4851a1d" relativeResultsDirectory="0ceb5b81-d85a-412c-8903-baf41067afe0" />
    <UnitTestResult executionId="f1c8cc19-6bb2-4168-969f-a40c159ad6c9" testId="d2f0f18f-d511-3fd1-b6ef-762c17fc2632" testName="TestConstructorWithUserNamePasswordDomain" computerName="DKSR-EFI-06" duration="00:00:00.0001992" startTime="2024-01-09T15:47:57.7502825+01:00" endTime="2024-01-09T15:47:57.7502825+01:00" testType="13cdc9d9-ddb5-4fa4-a97d-d965ccfc6d4b" outcome="Passed" testListId="8c84fa94-04c1-424b-9868-57a2d4851a1d" relativeResultsDirectory="f1c8cc19-6bb2-4168-969f-a40c159ad6c9" />
    <UnitTestResult executionId="73c55dd1-d6c4-4926-b930-d299858270b6" testId="a447afd4-2d0d-357e-0812-7bd1cc83ab2a" testName="ZipPackageUncompressed_ShouldBeImportedSuccessfully" computerName="DKSR-EFI-06" startTime="2024-01-09T15:45:09.1543827+01:00" endTime="2024-01-09T15:45:09.1543827+01:00" testType="13cdc9d9-ddb5-4fa4-a97d-d965ccfc6d4b" outcome="NotExecuted" testListId="8c84fa94-04c1-424b-9868-57a2d4851a1d" relativeResultsDirectory="73c55dd1-d6c4-4926-b930-d299858270b6">
      <Output></Output>
    </UnitTestResult>
    <UnitTestResult executionId="806da4e3-1a60-4277-bd56-e67e921c2338" testId="f9925917-8140-bd6d-1fd3-76831b749208" testName="TestCreateDirectory" computerName="DKSR-EFI-06" startTime="2024-01-09T15:45:07.4512560+01:00" endTime="2024-01-09T15:45:07.4512560+01:00" testType="13cdc9d9-ddb5-4fa4-a97d-d965ccfc6d4b" outcome="NotExecuted" testListId="8c84fa94-04c1-424b-9868-57a2d4851a1d" relativeResultsDirectory="806da4e3-1a60-4277-bd56-e67e921c2338">
      <Output></Output>
    </UnitTestResult>
    <UnitTestResult executionId="2c107489-b9b4-451c-8932-1315648a421e" testId="bde7a222-ad8e-3af2-d4c0-949060459864" testName="TestHostImp" computerName="DKSR-EFI-06" duration="00:00:00.0025440" startTime="2024-01-09T15:47:57.7971708+01:00" endTime="2024-01-09T15:47:57.7971708+01:00" testType="13cdc9d9-ddb5-4fa4-a97d-d965ccfc6d4b" outcome="Passed" testListId="8c84fa94-04c1-424b-9868-57a2d4851a1d" relativeResultsDirectory="2c107489-b9b4-451c-8932-1315648a421e" />
    <UnitTestResult executionId="acd377a1-4780-4ad1-affd-0cfd47179b5b" testId="d298a578-cf4a-5724-204a-283c52f4d161" testName="TestRebooterTaskConstructor" computerName="DKSR-EFI-06" duration="00:00:00.0007407" startTime="2024-01-09T15:45:11.6231365+01:00" endTime="2024-01-09T15:45:11.6231365+01:00" testType="13cdc9d9-ddb5-4fa4-a97d-d965ccfc6d4b" outcome="Passed" testListId="8c84fa94-04c1-424b-9868-57a2d4851a1d" relativeResultsDirectory="acd377a1-4780-4ad1-affd-0cfd47179b5b" />
    <UnitTestResult executionId="e5d2cc6b-3257-4196-86f0-88ab888db5b1" testId="2fad831b-dada-8534-2cae-bc8f8eabad64" testName="ZipPackageNoPackageXml_ShouldNotBeImported" computerName="DKSR-EFI-06" startTime="2024-01-09T15:45:09.1543827+01:00" endTime="2024-01-09T15:45:09.1543827+01:00" testType="13cdc9d9-ddb5-4fa4-a97d-d965ccfc6d4b" outcome="NotExecuted" testListId="8c84fa94-04c1-424b-9868-57a2d4851a1d" relativeResultsDirectory="e5d2cc6b-3257-4196-86f0-88ab888db5b1">
      <Output></Output>
    </UnitTestResult>
    <UnitTestResult executionId="03437f0a-2838-4a66-9d58-6400c4f1bc37" testId="cee29a5a-9206-9b74-96ac-28ce4de6a024" testName="Test_With_MilestoneInstallerFrameworkPackage_When_ParamtersAreSerializedWithFormat2_Then_TheDynamicFilesContainsCorrectXmlFormat" computerName="DKSR-EFI-06" duration="00:00:00.0114595" startTime="2024-01-09T15:45:08.3418812+01:00" endTime="2024-01-09T15:45:08.3575044+01:00" testType="13cdc9d9-ddb5-4fa4-a97d-d965ccfc6d4b" outcome="Passed" testListId="8c84fa94-04c1-424b-9868-57a2d4851a1d" relativeResultsDirectory="03437f0a-2838-4a66-9d58-6400c4f1bc37" />
    <UnitTestResult executionId="4daa9bfb-5427-44be-b8db-b7bd05b70dcb" testId="5b57b096-32f8-a318-15a0-dbd4aa3c2753" testName="FileShareImportPackageTask_ShouldFail_IfVerifyToolThrowsTrustVerificationException" computerName="DKSR-EFI-06" duration="00:00:00.0026077" startTime="2024-01-09T15:45:09.1700087+01:00" endTime="2024-01-09T15:45:09.1700087+01:00" testType="13cdc9d9-ddb5-4fa4-a97d-d965ccfc6d4b" outcome="Passed" testListId="8c84fa94-04c1-424b-9868-57a2d4851a1d" relativeResultsDirectory="4daa9bfb-5427-44be-b8db-b7bd05b70dcb" />
    <UnitTestResult executionId="45eec7a2-5bef-4971-b59c-1ff5ae3e072e" testId="5e6d963b-b1b0-9e97-ce84-57c0b0288549" testName="TestParseCIMDateTime" computerName="DKSR-EFI-06" duration="00:00:00.0032639" startTime="2024-01-09T15:45:07.4512560+01:00" endTime="2024-01-09T15:45:07.4512560+01:00" testType="13cdc9d9-ddb5-4fa4-a97d-d965ccfc6d4b" outcome="Passed" testListId="8c84fa94-04c1-424b-9868-57a2d4851a1d" relativeResultsDirectory="45eec7a2-5bef-4971-b59c-1ff5ae3e072e" />
    <UnitTestResult executionId="226ccb3b-7557-4f8b-ba05-c6e69e097c54" testId="1ae52b3a-7f71-39ee-b374-bc88518d0a21" testName="TestCopyFile" computerName="DKSR-EFI-06" duration="00:00:00.0073217" startTime="2024-01-09T15:45:09.1856327+01:00" endTime="2024-01-09T15:45:09.1856327+01:00" testType="13cdc9d9-ddb5-4fa4-a97d-d965ccfc6d4b" outcome="Passed" testListId="8c84fa94-04c1-424b-9868-57a2d4851a1d" relativeResultsDirectory="226ccb3b-7557-4f8b-ba05-c6e69e097c54" />
    <UnitTestResult executionId="9e9fd6b4-7555-431b-9869-c863a0e29931" testId="e5bc4ebc-87db-486a-42fb-aa45ec30b12b" testName="TestConstructor" computerName="DKSR-EFI-06" duration="00:00:00.0017046" startTime="2024-01-09T15:45:11.6231365+01:00" endTime="2024-01-09T15:45:11.6231365+01:00" testType="13cdc9d9-ddb5-4fa4-a97d-d965ccfc6d4b" outcome="Passed" testListId="8c84fa94-04c1-424b-9868-57a2d4851a1d" relativeResultsDirectory="9e9fd6b4-7555-431b-9869-c863a0e29931" />
    <UnitTestResult executionId="8416e6ed-6d49-4e1e-8d1b-b75edb7a7c2c" testId="cb156529-9899-4aae-6bb8-bbac8771853d" testName="TestConstructor" computerName="DKSR-EFI-06" duration="00:00:00.0011981" startTime="2024-01-09T15:46:38.6840027+01:00" endTime="2024-01-09T15:46:38.6840027+01:00" testType="13cdc9d9-ddb5-4fa4-a97d-d965ccfc6d4b" outcome="Passed" testListId="8c84fa94-04c1-424b-9868-57a2d4851a1d" relativeResultsDirectory="8416e6ed-6d49-4e1e-8d1b-b75edb7a7c2c" />
    <UnitTestResult executionId="c9045867-e8b8-4b80-b215-637039626cab" testId="74b2bb2e-78b9-c0b6-bf8c-1bbb711a6582" testName="TestCopyFileUnicode" computerName="DKSR-EFI-06" duration="00:00:00.0016891" startTime="2024-01-09T15:45:11.6231365+01:00" endTime="2024-01-09T15:45:11.6231365+01:00" testType="13cdc9d9-ddb5-4fa4-a97d-d965ccfc6d4b" outcome="Passed" testListId="8c84fa94-04c1-424b-9868-57a2d4851a1d" relativeResultsDirectory="c9045867-e8b8-4b80-b215-637039626cab" />
    <UnitTestResult executionId="3f067ed3-1605-4cf8-bb5e-f99d0025ecf0" testId="189e2ed8-2590-6f80-cf67-f946098c2a53" testName="TestIsLocalIPAddress_127001" computerName="DKSR-EFI-06" duration="00:00:00.0000531" startTime="2024-01-09T15:47:57.7971708+01:00" endTime="2024-01-09T15:47:57.7971708+01:00" testType="13cdc9d9-ddb5-4fa4-a97d-d965ccfc6d4b" outcome="Passed" testListId="8c84fa94-04c1-424b-9868-57a2d4851a1d" relativeResultsDirectory="3f067ed3-1605-4cf8-bb5e-f99d0025ecf0" />
    <UnitTestResult executionId="1a8dbec3-567c-4834-8d41-4dc64fe5b615" testId="3515ab69-b8ab-9731-40c5-aa9261919d51" testName="TestRebooterTaskInvalidHostName" computerName="DKSR-EFI-06" duration="00:00:04.0552869" startTime="2024-01-09T15:46:38.7308828+01:00" endTime="2024-01-09T15:46:42.7786423+01:00" testType="13cdc9d9-ddb5-4fa4-a97d-d965ccfc6d4b" outcome="NotExecuted" testListId="8c84fa94-04c1-424b-9868-57a2d4851a1d" relativeResultsDirectory="1a8dbec3-567c-4834-8d41-4dc64fe5b615">
      <Output>
        <ErrorInfo>
          <Message>Assert.Inconclusive failed. Wrong reason for failing: The RPC server is unavailable.&#xD;
</Message>
          <StackTrace>   at VideoOS.SoftwareManager.Core.Task.UnitTest.WMIRebooterTaskTest.TestRebooterTaskInvalidHostName() in D:\actions-runner\_work\XPCO\XPCO\SoftwareManager\Core\SoftwareManager\Core\unittest\Task\WMI\WMIRebooterTaskTest.cs:line 97&#xD;
</StackTrace>
        </ErrorInfo>
      </Output>
    </UnitTestResult>
    <UnitTestResult executionId="66cb5514-c9fb-434d-ab08-25d3624f4cec" testId="be72001e-cbeb-f70f-60bd-efa29a260472" testName="TestGetLocalPackagesValids" computerName="DKSR-EFI-06" duration="00:00:00.0017934" startTime="2024-01-09T15:45:07.3887532+01:00" endTime="2024-01-09T15:45:07.3887532+01:00" testType="13cdc9d9-ddb5-4fa4-a97d-d965ccfc6d4b" outcome="Passed" testListId="8c84fa94-04c1-424b-9868-57a2d4851a1d" relativeResultsDirectory="66cb5514-c9fb-434d-ab08-25d3624f4cec" />
    <UnitTestResult executionId="d5a1f5d4-2344-4fdc-89c1-aa30088335bc" testId="dccffa84-7c98-4410-7aaa-69b1a9b9bf4b" testName="TestConstructor" computerName="DKSR-EFI-06" duration="00:00:00.0001447" startTime="2024-01-09T15:45:08.0606306+01:00" endTime="2024-01-09T15:45:08.0606306+01:00" testType="13cdc9d9-ddb5-4fa4-a97d-d965ccfc6d4b" outcome="Passed" testListId="8c84fa94-04c1-424b-9868-57a2d4851a1d" relativeResultsDirectory="d5a1f5d4-2344-4fdc-89c1-aa30088335bc" />
    <UnitTestResult executionId="8a80da78-785a-4193-8348-645e8e3b85ed" testId="2a067b92-4347-6a39-bc15-e87ff4d0efc9" testName="TestConstructorWithOverwrite" computerName="DKSR-EFI-06" duration="00:00:00.0010557" startTime="2024-01-09T15:45:09.2012573+01:00" endTime="2024-01-09T15:45:09.2012573+01:00" testType="13cdc9d9-ddb5-4fa4-a97d-d965ccfc6d4b" outcome="Passed" testListId="8c84fa94-04c1-424b-9868-57a2d4851a1d" relativeResultsDirectory="8a80da78-785a-4193-8348-645e8e3b85ed" />
    <UnitTestResult executionId="abf948b2-bf9c-4d3d-ad16-04b6ad08304e" testId="a0d50940-2432-3acf-bdae-0dfaf7c5f854" testName="TestNotifyObservers" computerName="DKSR-EFI-06" duration="00:00:00.0030442" startTime="2024-01-09T15:46:42.7942700+01:00" endTime="2024-01-09T15:46:42.7942700+01:00" testType="13cdc9d9-ddb5-4fa4-a97d-d965ccfc6d4b" outcome="Passed" testListId="8c84fa94-04c1-424b-9868-57a2d4851a1d" relativeResultsDirectory="abf948b2-bf9c-4d3d-ad16-04b6ad08304e" />
    <UnitTestResult executionId="f1c54323-4f60-42d4-88fa-0d0edefb3ed8" testId="7ac45643-e8d3-e0a9-5634-02ae2a6a3051" testName="TestConstructorWithErrorCodeInsufficientPrivilege" computerName="DKSR-EFI-06" duration="00:00:00.0004772" startTime="2024-01-09T15:45:07.3887532+01:00" endTime="2024-01-09T15:45:07.3887532+01:00" testType="13cdc9d9-ddb5-4fa4-a97d-d965ccfc6d4b" outcome="Passed" testListId="8c84fa94-04c1-424b-9868-57a2d4851a1d" relativeResultsDirectory="f1c54323-4f60-42d4-88fa-0d0edefb3ed8" />
    <UnitTestResult executionId="d6d21cf9-dc4f-4aca-90de-3cad7ae7fb5f" testId="9f056c08-18de-7324-0ad3-bd5aa991fc91" testName="TestConstructor" computerName="DKSR-EFI-06" duration="00:00:00.0214286" startTime="2024-01-09T15:45:08.8731308+01:00" endTime="2024-01-09T15:45:08.9043831+01:00" testType="13cdc9d9-ddb5-4fa4-a97d-d965ccfc6d4b" outcome="Passed" testListId="8c84fa94-04c1-424b-9868-57a2d4851a1d" relativeResultsDirectory="d6d21cf9-dc4f-4aca-90de-3cad7ae7fb5f" />
    <UnitTestResult executionId="77d4bdf4-4086-4dda-abd7-df0f70ff802b" testId="99b054db-dc54-f38e-941b-12cf00b7ca8e" testName="TestConstructorWithErrorCodeNotSupported" computerName="DKSR-EFI-06" duration="00:00:00.0004949" startTime="2024-01-09T15:45:07.3731306+01:00" endTime="2024-01-09T15:45:07.3731306+01:00" testType="13cdc9d9-ddb5-4fa4-a97d-d965ccfc6d4b" outcome="Passed" testListId="8c84fa94-04c1-424b-9868-57a2d4851a1d" relativeResultsDirectory="77d4bdf4-4086-4dda-abd7-df0f70ff802b" />
    <UnitTestResult executionId="42d33e90-a9ed-4fe3-8710-65e2a9026f2c" testId="f25cced5-ce9e-bbb4-b8c8-3e87f67f7dc4" testName="TestDeleteLocalPackageSequential" computerName="DKSR-EFI-06" duration="00:00:03.0308375" startTime="2024-01-09T15:47:51.6545469+01:00" endTime="2024-01-09T15:47:54.6868879+01:00" testType="13cdc9d9-ddb5-4fa4-a97d-d965ccfc6d4b" outcome="Passed" testListId="8c84fa94-04c1-424b-9868-57a2d4851a1d" relativeResultsDirectory="42d33e90-a9ed-4fe3-8710-65e2a9026f2c" />
    <UnitTestResult executionId="c5c79024-ae9b-4fdf-b183-1b269a40fbf5" testId="1361d5d5-52ef-44c5-6dcc-69e48369bb22" testName="TestDetachObserver" computerName="DKSR-EFI-06" duration="00:00:00.0007540" startTime="2024-01-09T15:46:42.7942700+01:00" endTime="2024-01-09T15:46:42.7942700+01:00" testType="13cdc9d9-ddb5-4fa4-a97d-d965ccfc6d4b" outcome="Passed" testListId="8c84fa94-04c1-424b-9868-57a2d4851a1d" relativeResultsDirectory="c5c79024-ae9b-4fdf-b183-1b269a40fbf5" />
    <UnitTestResult executionId="bb98096d-e305-430b-a12f-dc2bc06687a9" testId="32505077-4fe1-2204-4219-664d842b3cbd" testName="TestInstallPackageParallel" computerName="DKSR-EFI-06" duration="00:00:00.0579508" startTime="2024-01-09T15:46:52.9530645+01:00" endTime="2024-01-09T15:46:53.0155813+01:00" testType="13cdc9d9-ddb5-4fa4-a97d-d965ccfc6d4b" outcome="Passed" testListId="8c84fa94-04c1-424b-9868-57a2d4851a1d" relativeResultsDirectory="bb98096d-e305-430b-a12f-dc2bc06687a9" />
    <UnitTestResult executionId="f19cfab3-1035-44ce-beee-4b61911a3abe" testId="2bc70be2-ffe0-b742-b080-3426828dbdf8" testName="TestDirectoryExists" computerName="DKSR-EFI-06" duration="00:00:00.0009348" startTime="2024-01-09T15:45:11.6231365+01:00" endTime="2024-01-09T15:45:11.6387665+01:00" testType="13cdc9d9-ddb5-4fa4-a97d-d965ccfc6d4b" outcome="Passed" testListId="8c84fa94-04c1-424b-9868-57a2d4851a1d" relativeResultsDirectory="f19cfab3-1035-44ce-beee-4b61911a3abe" />
    <UnitTestResult executionId="c36a98b7-4727-4172-ac13-34aad71131fe" testId="07adac7c-44a1-f7fd-b195-61aec0a8c77d" testName="TestEquals" computerName="DKSR-EFI-06" duration="00:00:00.0007347" startTime="2024-01-09T15:45:08.4668821+01:00" endTime="2024-01-09T15:45:08.4668821+01:00" testType="13cdc9d9-ddb5-4fa4-a97d-d965ccfc6d4b" outcome="Passed" testListId="8c84fa94-04c1-424b-9868-57a2d4851a1d" relativeResultsDirectory="c36a98b7-4727-4172-ac13-34aad71131fe" />
    <UnitTestResult executionId="72447da4-0537-4495-bfdc-20fd63d8230b" testId="2b2d084f-5640-0691-4200-77423cd95a54" testName="TestConstructorWithErrorCodePathNotFound" computerName="DKSR-EFI-06" duration="00:00:00.0004661" startTime="2024-01-09T15:45:07.3887532+01:00" endTime="2024-01-09T15:45:07.3887532+01:00" testType="13cdc9d9-ddb5-4fa4-a97d-d965ccfc6d4b" outcome="Passed" testListId="8c84fa94-04c1-424b-9868-57a2d4851a1d" relativeResultsDirectory="72447da4-0537-4495-bfdc-20fd63d8230b" />
    <UnitTestResult executionId="af341710-e9ee-4cf5-9f3e-ca0717516c2e" testId="2b7c73e8-3685-8491-b861-62d5fe5e1781" testName="Test_With_ArgmunentsXmlFileV2WithXsdError_When_ExtractingTheArguments_Then_ArgumentsAreEmpty" computerName="DKSR-EFI-06" duration="00:00:00.0004970" startTime="2024-01-09T15:47:57.8284293+01:00" endTime="2024-01-09T15:47:57.8284293+01:00" testType="13cdc9d9-ddb5-4fa4-a97d-d965ccfc6d4b" outcome="Passed" testListId="8c84fa94-04c1-424b-9868-57a2d4851a1d" relativeResultsDirectory="af341710-e9ee-4cf5-9f3e-ca0717516c2e" />
    <UnitTestResult executionId="e4a9966e-e387-4ea5-85b2-09518a536cfa" testId="d4e569f1-10c6-3311-ff80-77655b87aa0b" testName="TestWaitForAllTasksWithTimeout" computerName="DKSR-EFI-06" duration="00:00:00.2481500" startTime="2024-01-09T15:46:49.1863131+01:00" endTime="2024-01-09T15:46:49.4368370+01:00" testType="13cdc9d9-ddb5-4fa4-a97d-d965ccfc6d4b" outcome="Passed" testListId="8c84fa94-04c1-424b-9868-57a2d4851a1d" relativeResultsDirectory="e4a9966e-e387-4ea5-85b2-09518a536cfa" />
    <UnitTestResult executionId="77d11fb8-ed36-4b6d-9e86-b64bf0961e27" testId="3a1ee3d4-bee4-132c-f414-9fc20d7683da" testName="TestConstructorWithMessage" computerName="DKSR-EFI-06" duration="00:00:00.0006638" startTime="2024-01-09T15:45:07.3418785+01:00" endTime="2024-01-09T15:45:07.3575037+01:00" testType="13cdc9d9-ddb5-4fa4-a97d-d965ccfc6d4b" outcome="Passed" testListId="8c84fa94-04c1-424b-9868-57a2d4851a1d" relativeResultsDirectory="77d11fb8-ed36-4b6d-9e86-b64bf0961e27" />
    <UnitTestResult executionId="09ca9c3a-da94-47c7-9b63-aa0082c46da1" testId="45ad0a95-8260-c925-5d56-45d076826047" testName="TestCopyFile" computerName="DKSR-EFI-06" duration="00:00:00.0042998" startTime="2024-01-09T15:45:09.2012573+01:00" endTime="2024-01-09T15:45:09.2012573+01:00" testType="13cdc9d9-ddb5-4fa4-a97d-d965ccfc6d4b" outcome="Passed" testListId="8c84fa94-04c1-424b-9868-57a2d4851a1d" relativeResultsDirectory="09ca9c3a-da94-47c7-9b63-aa0082c46da1" />
    <UnitTestResult executionId="89bacea9-ba35-4b39-b8b8-e4f47645b1f4" testId="517deaa3-fb72-43d4-f26a-18dc2c3127b6" testName="TestConstructorWithMessage" computerName="DKSR-EFI-06" duration="00:00:00.0006363" startTime="2024-01-09T15:45:07.3731306+01:00" endTime="2024-01-09T15:45:07.3731306+01:00" testType="13cdc9d9-ddb5-4fa4-a97d-d965ccfc6d4b" outcome="Passed" testListId="8c84fa94-04c1-424b-9868-57a2d4851a1d" relativeResultsDirectory="89bacea9-ba35-4b39-b8b8-e4f47645b1f4" />
    <UnitTestResult executionId="756189ae-3305-4639-b232-0b35a2379ee4" testId="9a36ccfd-d63a-659a-1e69-f453dafefad6" testName="ExistingExePackageWithReadOnlyAttribute_ShouldBeOverwritten" computerName="DKSR-EFI-06" startTime="2024-01-09T15:45:09.1700087+01:00" endTime="2024-01-09T15:45:09.1700087+01:00" testType="13cdc9d9-ddb5-4fa4-a97d-d965ccfc6d4b" outcome="NotExecuted" testListId="8c84fa94-04c1-424b-9868-57a2d4851a1d" relativeResultsDirectory="756189ae-3305-4639-b232-0b35a2379ee4">
      <Output></Output>
    </UnitTestResult>
    <UnitTestResult executionId="3f39ae4d-8558-4fd5-a6ab-f44c9075308a" testId="f40cd8a4-121f-c14e-cc4f-2cfd0883c319" testName="TestConstructorWithErrorCodeSuccess" computerName="DKSR-EFI-06" duration="00:00:00.0007518" startTime="2024-01-09T15:45:07.3887532+01:00" endTime="2024-01-09T15:45:07.3887532+01:00" testType="13cdc9d9-ddb5-4fa4-a97d-d965ccfc6d4b" outcome="Passed" testListId="8c84fa94-04c1-424b-9868-57a2d4851a1d" relativeResultsDirectory="3f39ae4d-8558-4fd5-a6ab-f44c9075308a" />
    <UnitTestResult executionId="43c367db-fe40-4f78-9edf-7b3ac2f2cf6f" testId="e301d847-37c6-086f-9b26-007beaf92f5d" testName="TestConstructorWithMessage" computerName="DKSR-EFI-06" duration="00:00:00.0006278" startTime="2024-01-09T15:45:07.3731306+01:00" endTime="2024-01-09T15:45:07.3731306+01:00" testType="13cdc9d9-ddb5-4fa4-a97d-d965ccfc6d4b" outcome="Passed" testListId="8c84fa94-04c1-424b-9868-57a2d4851a1d" relativeResultsDirectory="43c367db-fe40-4f78-9edf-7b3ac2f2cf6f" />
    <UnitTestResult executionId="f7dc9471-24b1-4f2b-b624-55d0195bfb5d" testId="40c9aad1-ee00-e27d-0b4f-d8f949438612" testName="TestConstructor" computerName="DKSR-EFI-06" duration="00:00:00.0182721" startTime="2024-01-09T15:45:08.9668825+01:00" endTime="2024-01-09T15:45:08.9825101+01:00" testType="13cdc9d9-ddb5-4fa4-a97d-d965ccfc6d4b" outcome="Passed" testListId="8c84fa94-04c1-424b-9868-57a2d4851a1d" relativeResultsDirectory="f7dc9471-24b1-4f2b-b624-55d0195bfb5d" />
    <UnitTestResult executionId="33a57b03-9724-49fa-9d66-37d89f65dc6f" testId="93203ca6-739a-f1e1-3f23-53da55ebd190" testName="TestDeleteLocalPackageWithInvalidHost" computerName="DKSR-EFI-06" duration="00:00:00.0028802" startTime="2024-01-09T15:47:51.6232854+01:00" endTime="2024-01-09T15:47:51.6232854+01:00" testType="13cdc9d9-ddb5-4fa4-a97d-d965ccfc6d4b" outcome="Passed" testListId="8c84fa94-04c1-424b-9868-57a2d4851a1d" relativeResultsDirectory="33a57b03-9724-49fa-9d66-37d89f65dc6f" />
    <UnitTestResult executionId="8d571191-1713-4889-9201-3c77266a29fe" testId="7716f847-a934-7066-ece4-1dbcf9a6f5bd" testName="TestRunTasks" computerName="DKSR-EFI-06" duration="00:00:04.0251138" startTime="2024-01-09T15:46:23.3207354+01:00" endTime="2024-01-09T15:46:27.3528641+01:00" testType="13cdc9d9-ddb5-4fa4-a97d-d965ccfc6d4b" outcome="Passed" testListId="8c84fa94-04c1-424b-9868-57a2d4851a1d" relativeResultsDirectory="8d571191-1713-4889-9201-3c77266a29fe" />
    <UnitTestResult executionId="6653f21f-4096-4843-a953-866ea9411d48" testId="6152e041-6043-20aa-4ee6-2fde325c4d9c" testName="TestConstructorWithMessageAndInnerException" computerName="DKSR-EFI-06" duration="00:00:00.0005951" startTime="2024-01-09T15:45:07.3731306+01:00" endTime="2024-01-09T15:45:07.3731306+01:00" testType="13cdc9d9-ddb5-4fa4-a97d-d965ccfc6d4b" outcome="Passed" testListId="8c84fa94-04c1-424b-9868-57a2d4851a1d" relativeResultsDirectory="6653f21f-4096-4843-a953-866ea9411d48" />
    <UnitTestResult executionId="fda19a61-c843-4b11-9a57-5c07d4a49d03" testId="c9377d28-ab28-8cea-c0b0-302ce1bcb067" testName="TestIsTasksRunningWithInvalidID" computerName="DKSR-EFI-06" duration="00:00:00.0022390" startTime="2024-01-09T15:47:54.6868879+01:00" endTime="2024-01-09T15:47:54.6868879+01:00" testType="13cdc9d9-ddb5-4fa4-a97d-d965ccfc6d4b" outcome="Passed" testListId="8c84fa94-04c1-424b-9868-57a2d4851a1d" relativeResultsDirectory="fda19a61-c843-4b11-9a57-5c07d4a49d03" />
    <UnitTestResult executionId="a2bbb903-88af-4ce6-a8e4-f88ffba7b672" testId="b7ea915e-8d23-5a60-08af-57723815f578" testName="TestConstructor" computerName="DKSR-EFI-06" duration="00:00:00.0007421" startTime="2024-01-09T15:46:38.0588482+01:00" endTime="2024-01-09T15:46:38.0588482+01:00" testType="13cdc9d9-ddb5-4fa4-a97d-d965ccfc6d4b" outcome="Passed" testListId="8c84fa94-04c1-424b-9868-57a2d4851a1d" relativeResultsDirectory="a2bbb903-88af-4ce6-a8e4-f88ffba7b672" />
    <UnitTestResult executionId="dec4373f-85f5-4f47-a6c2-b7185231eec8" testId="fe1191f9-4ecd-2913-fb7b-c5e75f511287" testName="TestAddRemoveTasks" computerName="DKSR-EFI-06" duration="00:00:00.0030353" startTime="2024-01-09T15:46:23.3207354+01:00" endTime="2024-01-09T15:46:23.3207354+01:00" testType="13cdc9d9-ddb5-4fa4-a97d-d965ccfc6d4b" outcome="Passed" testListId="8c84fa94-04c1-424b-9868-57a2d4851a1d" relativeResultsDirectory="dec4373f-85f5-4f47-a6c2-b7185231eec8" />
    <UnitTestResult executionId="7e1e4a3e-ca19-4ec9-86b4-733213740118" testId="67643f1b-8036-19eb-72c3-d7d1af0dea43" testName="TestStartWhileRunning" computerName="DKSR-EFI-06" duration="00:00:00.1046191" startTime="2024-01-09T15:46:43.0287407+01:00" endTime="2024-01-09T15:46:43.1380879+01:00" testType="13cdc9d9-ddb5-4fa4-a97d-d965ccfc6d4b" outcome="Passed" testListId="8c84fa94-04c1-424b-9868-57a2d4851a1d" relativeResultsDirectory="7e1e4a3e-ca19-4ec9-86b4-733213740118" />
    <UnitTestResult executionId="85186d50-8b18-4f40-a2de-7f6997622eab" testId="07b8ae28-3f7d-4c7c-c1aa-a7481b9226b5" testName="TestIPv6_2" computerName="DKSR-EFI-06" duration="00:00:00.0004402" startTime="2024-01-09T15:47:57.7971708+01:00" endTime="2024-01-09T15:47:57.7971708+01:00" testType="13cdc9d9-ddb5-4fa4-a97d-d965ccfc6d4b" outcome="Passed" testListId="8c84fa94-04c1-424b-9868-57a2d4851a1d" relativeResultsDirectory="85186d50-8b18-4f40-a2de-7f6997622eab" />
    <UnitTestResult executionId="b695ac23-e87a-4d6f-ae0d-091565c2329f" testId="3b623a3d-89e2-adbe-0562-30890ff4514f" testName="TestConstructor" computerName="DKSR-EFI-06" duration="00:00:00.0004289" startTime="2024-01-09T15:45:08.4043810+01:00" endTime="2024-01-09T15:45:08.4043810+01:00" testType="13cdc9d9-ddb5-4fa4-a97d-d965ccfc6d4b" outcome="Passed" testListId="8c84fa94-04c1-424b-9868-57a2d4851a1d" relativeResultsDirectory="b695ac23-e87a-4d6f-ae0d-091565c2329f" />
    <UnitTestResult executionId="89f27ccc-0219-4405-95ab-07b586e9a92a" testId="ad182115-1963-3cb0-c943-5a18434006c2" testName="TestInstallString" computerName="DKSR-EFI-06" duration="00:00:00.0212800" startTime="2024-01-09T15:45:08.3731303+01:00" endTime="2024-01-09T15:45:08.3887571+01:00" testType="13cdc9d9-ddb5-4fa4-a97d-d965ccfc6d4b" outcome="Passed" testListId="8c84fa94-04c1-424b-9868-57a2d4851a1d" relativeResultsDirectory="89f27ccc-0219-4405-95ab-07b586e9a92a" />
    <UnitTestResult executionId="3c27b1c2-9a91-41f2-917e-5b8d8da4d5d5" testId="122a7ff7-08e1-f4dc-a56a-6d770b30253d" testName="TestConstructorWithErrorCodeInvalidParameter" computerName="DKSR-EFI-06" duration="00:00:00.0004528" startTime="2024-01-09T15:45:07.3887532+01:00" endTime="2024-01-09T15:45:07.3887532+01:00" testType="13cdc9d9-ddb5-4fa4-a97d-d965ccfc6d4b" outcome="Passed" testListId="8c84fa94-04c1-424b-9868-57a2d4851a1d" relativeResultsDirectory="3c27b1c2-9a91-41f2-917e-5b8d8da4d5d5" />
    <UnitTestResult executionId="da52302b-ff71-4d82-a9ed-3d31fb69868f" testId="33d6df35-743f-3933-86b9-c0c13618fe51" testName="TestTaskCompletedEventSet" computerName="DKSR-EFI-06" duration="00:00:00.0019366" startTime="2024-01-09T15:46:38.6214846+01:00" endTime="2024-01-09T15:46:38.6214846+01:00" testType="13cdc9d9-ddb5-4fa4-a97d-d965ccfc6d4b" outcome="Passed" testListId="8c84fa94-04c1-424b-9868-57a2d4851a1d" relativeResultsDirectory="da52302b-ff71-4d82-a9ed-3d31fb69868f" />
    <UnitTestResult executionId="cfa43421-1724-4938-a09a-c569114c20c9" testId="2fa8526c-a521-f4dd-f525-15d0ffe38536" testName="ExistingZipPackage_ShouldBeOverwritten" computerName="DKSR-EFI-06" startTime="2024-01-09T15:45:09.1700087+01:00" endTime="2024-01-09T15:45:09.1700087+01:00" testType="13cdc9d9-ddb5-4fa4-a97d-d965ccfc6d4b" outcome="NotExecuted" testListId="8c84fa94-04c1-424b-9868-57a2d4851a1d" relativeResultsDirectory="cfa43421-1724-4938-a09a-c569114c20c9">
      <Output></Output>
    </UnitTestResult>
    <UnitTestResult executionId="9fb0bd07-9979-407c-a6c6-b8360bf71279" testId="d818aa24-7faf-b679-f37f-e2929af9a569" testName="TestUnInstallPackageParallel" computerName="DKSR-EFI-06" duration="00:00:00.0435309" startTime="2024-01-09T15:46:56.0475609+01:00" endTime="2024-01-09T15:46:56.0944478+01:00" testType="13cdc9d9-ddb5-4fa4-a97d-d965ccfc6d4b" outcome="Passed" testListId="8c84fa94-04c1-424b-9868-57a2d4851a1d" relativeResultsDirectory="9fb0bd07-9979-407c-a6c6-b8360bf71279" />
    <UnitTestResult executionId="2e072430-7394-4234-bfe4-c0ea449c62d3" testId="79533e52-233d-e680-ff9d-b0bffcd77412" testName="TestConstructor" computerName="DKSR-EFI-06" duration="00:00:00.0059937" startTime="2024-01-09T15:45:07.8731311+01:00" endTime="2024-01-09T15:45:07.8887546+01:00" testType="13cdc9d9-ddb5-4fa4-a97d-d965ccfc6d4b" outcome="Passed" testListId="8c84fa94-04c1-424b-9868-57a2d4851a1d" relativeResultsDirectory="2e072430-7394-4234-bfe4-c0ea449c62d3" />
    <UnitTestResult executionId="98f63618-9425-4fc6-b568-821014234cad" testId="b6c9091d-bcc3-5cee-d00b-d898c91721c4" testName="TestPackageUploader" computerName="DKSR-EFI-06" duration="00:00:00.1183646" startTime="2024-01-09T15:45:07.8887546+01:00" endTime="2024-01-09T15:45:07.9981327+01:00" testType="13cdc9d9-ddb5-4fa4-a97d-d965ccfc6d4b" outcome="Passed" testListId="8c84fa94-04c1-424b-9868-57a2d4851a1d" relativeResultsDirectory="98f63618-9425-4fc6-b568-821014234cad" />
    <UnitTestResult executionId="ccdeec59-7523-4cf9-968d-d553070b031c" testId="a86a3687-379f-3de9-0259-cf26ca96ae61" testName="TestConstructorWithCurrentUser" computerName="DKSR-EFI-06" duration="00:00:00.0010035" startTime="2024-01-09T15:47:57.7502825+01:00" endTime="2024-01-09T15:47:57.7502825+01:00" testType="13cdc9d9-ddb5-4fa4-a97d-d965ccfc6d4b" outcome="Passed" testListId="8c84fa94-04c1-424b-9868-57a2d4851a1d" relativeResultsDirectory="ccdeec59-7523-4cf9-968d-d553070b031c" />
    <UnitTestResult executionId="246148c9-033a-4293-bfbe-553fc7ee9b60" testId="5f16e599-0edf-c76a-748c-623462ea92a5" testName="TestGetOSVersion" computerName="DKSR-EFI-06" duration="00:00:00.0006223" startTime="2024-01-09T15:47:57.7815403+01:00" endTime="2024-01-09T15:47:57.7815403+01:00" testType="13cdc9d9-ddb5-4fa4-a97d-d965ccfc6d4b" outcome="Passed" testListId="8c84fa94-04c1-424b-9868-57a2d4851a1d" relativeResultsDirectory="246148c9-033a-4293-bfbe-553fc7ee9b60" />
    <UnitTestResult executionId="5b9a0f01-20d3-44b1-9720-a05be7a0beb7" testId="d908c8a8-2398-0e10-28f9-4b3de740a2b8" testName="TestConstructor" computerName="DKSR-EFI-06" duration="00:00:00.0005760" startTime="2024-01-09T15:47:57.7502825+01:00" endTime="2024-01-09T15:47:57.7502825+01:00" testType="13cdc9d9-ddb5-4fa4-a97d-d965ccfc6d4b" outcome="Passed" testListId="8c84fa94-04c1-424b-9868-57a2d4851a1d" relativeResultsDirectory="5b9a0f01-20d3-44b1-9720-a05be7a0beb7" />
    <UnitTestResult executionId="6fc4ebd7-2dea-46c1-b439-4cab9bfb0535" testId="0f470e8f-f37d-d726-0ed9-2faddccddbca" testName="TestConstructor" computerName="DKSR-EFI-06" duration="00:00:00.0004466" startTime="2024-01-09T15:47:57.7502825+01:00" endTime="2024-01-09T15:47:57.7502825+01:00" testType="13cdc9d9-ddb5-4fa4-a97d-d965ccfc6d4b" outcome="Passed" testListId="8c84fa94-04c1-424b-9868-57a2d4851a1d" relativeResultsDirectory="6fc4ebd7-2dea-46c1-b439-4cab9bfb0535" />
    <UnitTestResult executionId="71b5c9e9-aedf-4f4a-8ccf-a0c024e31cc2" testId="c0f579a5-5ae7-71d9-6691-3cfa7f1b150a" testName="TestFileExists" computerName="DKSR-EFI-06" duration="00:00:00.0010740" startTime="2024-01-09T15:45:11.6231365+01:00" endTime="2024-01-09T15:45:11.6231365+01:00" testType="13cdc9d9-ddb5-4fa4-a97d-d965ccfc6d4b" outcome="Passed" testListId="8c84fa94-04c1-424b-9868-57a2d4851a1d" relativeResultsDirectory="71b5c9e9-aedf-4f4a-8ccf-a0c024e31cc2" />
    <UnitTestResult executionId="7f11f3f1-2cd1-427d-99ae-984b44f6d1c6" testId="37ff3888-9777-0cdf-214f-477a32f5fbee" testName="TestGetRebooter" computerName="DKSR-EFI-06" duration="00:00:00.0006352" startTime="2024-01-09T15:47:57.7815403+01:00" endTime="2024-01-09T15:47:57.7815403+01:00" testType="13cdc9d9-ddb5-4fa4-a97d-d965ccfc6d4b" outcome="Passed" testListId="8c84fa94-04c1-424b-9868-57a2d4851a1d" relativeResultsDirectory="7f11f3f1-2cd1-427d-99ae-984b44f6d1c6" />
    <UnitTestResult executionId="41045988-e8b2-4fde-8196-b775ce04616c" testId="b79a5e07-1e7c-c356-7199-6e39153fecb6" testName="TestConstructor" computerName="DKSR-EFI-06" duration="00:00:00.0025613" startTime="2024-01-09T15:45:08.9043831+01:00" endTime="2024-01-09T15:45:08.9043831+01:00" testType="13cdc9d9-ddb5-4fa4-a97d-d965ccfc6d4b" outcome="Passed" testListId="8c84fa94-04c1-424b-9868-57a2d4851a1d" relativeResultsDirectory="41045988-e8b2-4fde-8196-b775ce04616c" />
    <UnitTestResult executionId="3fa00d2e-7d12-43c9-8317-7a4a54bd6812" testId="b05b330f-5d99-5f6e-5424-2528823be4f6" testName="TestPauseAndUnpauseAfterDoRun" computerName="DKSR-EFI-06" duration="00:00:00.1246603" startTime="2024-01-09T15:46:38.3714173+01:00" endTime="2024-01-09T15:46:38.4964528+01:00" testType="13cdc9d9-ddb5-4fa4-a97d-d965ccfc6d4b" outcome="Passed" testListId="8c84fa94-04c1-424b-9868-57a2d4851a1d" relativeResultsDirectory="3fa00d2e-7d12-43c9-8317-7a4a54bd6812" />
    <UnitTestResult executionId="f64a6ce7-307f-45c5-8e73-501bf533998f" testId="e6c2e5fc-7fb8-b319-6ad8-57edc8eaae1a" testName="TestConstructor" computerName="DKSR-EFI-06" duration="00:00:00.0020210" startTime="2024-01-09T15:45:09.0762590+01:00" endTime="2024-01-09T15:45:09.0762590+01:00" testType="13cdc9d9-ddb5-4fa4-a97d-d965ccfc6d4b" outcome="Passed" testListId="8c84fa94-04c1-424b-9868-57a2d4851a1d" relativeResultsDirectory="f64a6ce7-307f-45c5-8e73-501bf533998f" />
    <UnitTestResult executionId="2fc8edea-5fe9-4b73-92c4-9fc13cfbf49d" testId="6dd7d197-bf00-3c2b-0bfa-cfbbc2b0d93c" testName="TestConstructor" computerName="DKSR-EFI-06" duration="00:00:00.0746494" startTime="2024-01-09T15:46:23.2425997+01:00" endTime="2024-01-09T15:46:23.3051085+01:00" testType="13cdc9d9-ddb5-4fa4-a97d-d965ccfc6d4b" outcome="Passed" testListId="8c84fa94-04c1-424b-9868-57a2d4851a1d" relativeResultsDirectory="2fc8edea-5fe9-4b73-92c4-9fc13cfbf49d" />
    <UnitTestResult executionId="6927a68b-4a53-46a2-b66f-f19d9c52ba97" testId="d9c896b3-18ac-1bf3-97b7-05dfbfa56ea2" testName="Test_With_MilestoneInstallerFrameworkPackage_When_ParamtersAreSerializedWithFormat1_Then_TheDynamicFilesContainsCorrectXmlFormat" computerName="DKSR-EFI-06" duration="00:00:00.2780734" startTime="2024-01-09T15:45:08.0606306+01:00" endTime="2024-01-09T15:45:08.3418812+01:00" testType="13cdc9d9-ddb5-4fa4-a97d-d965ccfc6d4b" outcome="Passed" testListId="8c84fa94-04c1-424b-9868-57a2d4851a1d" relativeResultsDirectory="6927a68b-4a53-46a2-b66f-f19d9c52ba97" />
    <UnitTestResult executionId="ef51df6b-4bcb-4960-8d15-44874e80ea91" testId="134ae08d-1d0a-1973-58ab-5b1798125f37" testName="ExistingExePackage_ShouldBeOverwritten" computerName="DKSR-EFI-06" startTime="2024-01-09T15:45:09.1700087+01:00" endTime="2024-01-09T15:45:09.1700087+01:00" testType="13cdc9d9-ddb5-4fa4-a97d-d965ccfc6d4b" outcome="NotExecuted" testListId="8c84fa94-04c1-424b-9868-57a2d4851a1d" relativeResultsDirectory="ef51df6b-4bcb-4960-8d15-44874e80ea91">
      <Output></Output>
    </UnitTestResult>
    <UnitTestResult executionId="53d19281-799f-4885-9c4f-40838945c8b9" testId="bc2db273-e428-de1d-791f-6018cb46f40b" testName="TestGetPackages" computerName="DKSR-EFI-06" duration="00:00:00.0261094" startTime="2024-01-09T15:46:59.1262991+01:00" endTime="2024-01-09T15:46:59.1575479+01:00" testType="13cdc9d9-ddb5-4fa4-a97d-d965ccfc6d4b" outcome="Passed" testListId="8c84fa94-04c1-424b-9868-57a2d4851a1d" relativeResultsDirectory="53d19281-799f-4885-9c4f-40838945c8b9" />
    <UnitTestResult executionId="e270392a-d8d9-4f1c-9b1d-64dc22035a62" testId="021ef098-7dbe-513e-8387-e4ed44861025" testName="TestConstructorWithValids" computerName="DKSR-EFI-06" duration="00:00:00.0004326" startTime="2024-01-09T15:45:12.1075098+01:00" endTime="2024-01-09T15:45:12.1075098+01:00" testType="13cdc9d9-ddb5-4fa4-a97d-d965ccfc6d4b" outcome="Passed" testListId="8c84fa94-04c1-424b-9868-57a2d4851a1d" relativeResultsDirectory="e270392a-d8d9-4f1c-9b1d-64dc22035a62" />
    <UnitTestResult executionId="b7e231f3-b1f4-43af-ad41-f0416ab5faab" testId="e8a8896f-e6f5-3a84-3848-09ca421d6b30" testName="TestConstructor" computerName="DKSR-EFI-06" duration="00:00:00.0015636" startTime="2024-01-09T15:45:07.4668774+01:00" endTime="2024-01-09T15:45:07.4668774+01:00" testType="13cdc9d9-ddb5-4fa4-a97d-d965ccfc6d4b" outcome="Passed" testListId="8c84fa94-04c1-424b-9868-57a2d4851a1d" relativeResultsDirectory="b7e231f3-b1f4-43af-ad41-f0416ab5faab" />
    <UnitTestResult executionId="75c17976-18a1-40e3-ae4d-5f9006f37d34" testId="940b531e-2790-8e0d-49d2-253e218ff75a" testName="TestConstructor" computerName="DKSR-EFI-06" duration="00:00:00.0044755" startTime="2024-01-09T15:45:09.1856327+01:00" endTime="2024-01-09T15:45:09.1856327+01:00" testType="13cdc9d9-ddb5-4fa4-a97d-d965ccfc6d4b" outcome="Passed" testListId="8c84fa94-04c1-424b-9868-57a2d4851a1d" relativeResultsDirectory="75c17976-18a1-40e3-ae4d-5f9006f37d34" />
    <UnitTestResult executionId="836f5eaf-2bf4-4b06-b48c-95218d9ec24f" testId="92137449-d2b3-f66c-1ac0-02ad6dd462b9" testName="TestInstallPackageWithInvalidHost" computerName="DKSR-EFI-06" duration="00:00:00.0035976" startTime="2024-01-09T15:46:52.9530645+01:00" endTime="2024-01-09T15:46:52.9530645+01:00" testType="13cdc9d9-ddb5-4fa4-a97d-d965ccfc6d4b" outcome="Passed" testListId="8c84fa94-04c1-424b-9868-57a2d4851a1d" relativeResultsDirectory="836f5eaf-2bf4-4b06-b48c-95218d9ec24f" />
    <UnitTestResult executionId="10b994a8-915b-440e-932a-417d828c04f8" testId="634c3d39-dd7c-75cb-c220-3f7b2938c830" testName="IsTrusted_ShouldNotThrow_WhenPackageIsSigned" computerName="DKSR-EFI-06" startTime="2024-01-09T15:47:57.7971708+01:00" endTime="2024-01-09T15:47:57.7971708+01:00" testType="13cdc9d9-ddb5-4fa4-a97d-d965ccfc6d4b" outcome="NotExecuted" testListId="8c84fa94-04c1-424b-9868-57a2d4851a1d" relativeResultsDirectory="10b994a8-915b-440e-932a-417d828c04f8">
      <Output></Output>
    </UnitTestResult>
    <UnitTestResult executionId="21286d63-b930-4ca0-8ad0-21194b5724b2" testId="91caed3b-2955-2bf7-0a49-1538d6760b9b" testName="TestGetUploader" computerName="DKSR-EFI-06" duration="00:00:00.0036176" startTime="2024-01-09T15:45:08.0606306+01:00" endTime="2024-01-09T15:45:08.0606306+01:00" testType="13cdc9d9-ddb5-4fa4-a97d-d965ccfc6d4b" outcome="Passed" testListId="8c84fa94-04c1-424b-9868-57a2d4851a1d" relativeResultsDirectory="21286d63-b930-4ca0-8ad0-21194b5724b2" />
    <UnitTestResult executionId="1f014c55-6a62-49d1-8ff5-855fd3072e9c" testId="8062c4ed-4139-90d1-1d4d-27bbbb4874ab" testName="TestStopHostTask" computerName="DKSR-EFI-06" duration="00:00:00.0593407" startTime="2024-01-09T15:46:48.8893416+01:00" endTime="2024-01-09T15:46:48.9518642+01:00" testType="13cdc9d9-ddb5-4fa4-a97d-d965ccfc6d4b" outcome="Passed" testListId="8c84fa94-04c1-424b-9868-57a2d4851a1d" relativeResultsDirectory="1f014c55-6a62-49d1-8ff5-855fd3072e9c" />
    <UnitTestResult executionId="61bc6243-050b-4d33-9c87-0aaedf786a0b" testId="e81ed2b9-9c7f-074e-5740-b30036c6ffca" testName="TestParameter" computerName="DKSR-EFI-06" duration="00:00:00.0005461" startTime="2024-01-09T15:45:08.4668821+01:00" endTime="2024-01-09T15:45:08.4668821+01:00" testType="13cdc9d9-ddb5-4fa4-a97d-d965ccfc6d4b" outcome="Passed" testListId="8c84fa94-04c1-424b-9868-57a2d4851a1d" relativeResultsDirectory="61bc6243-050b-4d33-9c87-0aaedf786a0b" />
    <UnitTestResult executionId="41824ab2-544a-41e1-8014-4b6f03f0a0a5" testId="f9b4a59e-f609-4a39-b0af-d9d71a052b87" testName="TestUninstallDynamicFiles" computerName="DKSR-EFI-06" duration="00:00:00.0046978" startTime="2024-01-09T15:45:08.4356294+01:00" endTime="2024-01-09T15:45:08.4356294+01:00" testType="13cdc9d9-ddb5-4fa4-a97d-d965ccfc6d4b" outcome="Passed" testListId="8c84fa94-04c1-424b-9868-57a2d4851a1d" relativeResultsDirectory="41824ab2-544a-41e1-8014-4b6f03f0a0a5" />
    <UnitTestResult executionId="95f71689-c36e-4278-813f-64f9a3636211" testId="c97edf9e-6f9b-d171-d88b-6c67b4a76d09" testName="TestGetPing" computerName="DKSR-EFI-06" duration="00:00:00.0008411" startTime="2024-01-09T15:47:57.7815403+01:00" endTime="2024-01-09T15:47:57.7815403+01:00" testType="13cdc9d9-ddb5-4fa4-a97d-d965ccfc6d4b" outcome="Passed" testListId="8c84fa94-04c1-424b-9868-57a2d4851a1d" relativeResultsDirectory="95f71689-c36e-4278-813f-64f9a3636211" />
    <UnitTestResult executionId="9b002f52-5ae6-4f02-bc44-e28c982ed75c" testId="eceaaf6b-5306-b6a9-a798-462c0467ff4a" testName="TestTerminateProcess" computerName="DKSR-EFI-06" startTime="2024-01-09T15:45:08.4825063+01:00" endTime="2024-01-09T15:45:08.4825063+01:00" testType="13cdc9d9-ddb5-4fa4-a97d-d965ccfc6d4b" outcome="NotExecuted" testListId="8c84fa94-04c1-424b-9868-57a2d4851a1d" relativeResultsDirectory="9b002f52-5ae6-4f02-bc44-e28c982ed75c">
      <Output></Output>
    </UnitTestResult>
    <UnitTestResult executionId="093858de-bcb4-4a2f-81b2-7bd3dd769b68" testId="6675b4f2-1c41-c131-8a1d-4566375e4ed0" testName="TestConstructor" computerName="DKSR-EFI-06" duration="00:00:00.0008589" startTime="2024-01-09T15:45:07.3731306+01:00" endTime="2024-01-09T15:45:07.3731306+01:00" testType="13cdc9d9-ddb5-4fa4-a97d-d965ccfc6d4b" outcome="Passed" testListId="8c84fa94-04c1-424b-9868-57a2d4851a1d" relativeResultsDirectory="093858de-bcb4-4a2f-81b2-7bd3dd769b68" />
    <UnitTestResult executionId="fdfe91cb-65ae-4287-8110-e0df42403595" testId="146196f5-f90c-a6d4-6ef4-bdf63a422741" testName="TestStartStoppedTask" computerName="DKSR-EFI-06" duration="00:00:00.0012184" startTime="2024-01-09T15:46:38.1213574+01:00" endTime="2024-01-09T15:46:38.1213574+01:00" testType="13cdc9d9-ddb5-4fa4-a97d-d965ccfc6d4b" outcome="Passed" testListId="8c84fa94-04c1-424b-9868-57a2d4851a1d" relativeResultsDirectory="fdfe91cb-65ae-4287-8110-e0df42403595" />
    <UnitTestResult executionId="b9c81d1c-2253-49b0-a5cf-cd7e3f0fc56b" testId="9ebed48c-2db3-f4a5-ffbd-adc1b1c4df6f" testName="TestConstructor" computerName="DKSR-EFI-06" duration="00:00:00.0006360" startTime="2024-01-09T15:45:07.3731306+01:00" endTime="2024-01-09T15:45:07.3731306+01:00" testType="13cdc9d9-ddb5-4fa4-a97d-d965ccfc6d4b" outcome="Passed" testListId="8c84fa94-04c1-424b-9868-57a2d4851a1d" relativeResultsDirectory="b9c81d1c-2253-49b0-a5cf-cd7e3f0fc56b" />
    <UnitTestResult executionId="c829ec0d-3531-496c-858f-244e5bd84d25" testId="d13aa229-8e39-18d5-187c-99e8a2b31cd1" testName="TestClearTasksWhileRunning" computerName="DKSR-EFI-06" duration="00:00:00.1246893" startTime="2024-01-09T15:46:29.8689323+01:00" endTime="2024-01-09T15:46:29.9939538+01:00" testType="13cdc9d9-ddb5-4fa4-a97d-d965ccfc6d4b" outcome="Passed" testListId="8c84fa94-04c1-424b-9868-57a2d4851a1d" relativeResultsDirectory="c829ec0d-3531-496c-858f-244e5bd84d25" />
    <UnitTestResult executionId="7f68221c-88ae-4324-80aa-809139a2c9b4" testId="c77a073d-bd7f-a0bc-7dc1-d2b9a4ec3a28" testName="TestCreateRealFilePathLocal" computerName="DKSR-EFI-06" duration="00:00:00.0614036" startTime="2024-01-09T15:45:07.3887532+01:00" endTime="2024-01-09T15:45:07.4512560+01:00" testType="13cdc9d9-ddb5-4fa4-a97d-d965ccfc6d4b" outcome="Passed" testListId="8c84fa94-04c1-424b-9868-57a2d4851a1d" relativeResultsDirectory="7f68221c-88ae-4324-80aa-809139a2c9b4" />
    <UnitTestResult executionId="dd1ff075-be9f-47d8-ae7d-d26716164311" testId="b1db4271-00db-47c3-3257-a21b26aa024d" testName="TestConstructor" computerName="DKSR-EFI-06" duration="00:00:00.0123982" startTime="2024-01-09T15:45:07.7793818+01:00" endTime="2024-01-09T15:45:07.7950058+01:00" testType="13cdc9d9-ddb5-4fa4-a97d-d965ccfc6d4b" outcome="Passed" testListId="8c84fa94-04c1-424b-9868-57a2d4851a1d" relativeResultsDirectory="dd1ff075-be9f-47d8-ae7d-d26716164311" />
    <UnitTestResult executionId="30074945-d575-42c9-92eb-0c0de6c2c6cb" testId="62428f30-52d9-df43-0156-e8935a65e173" testName="TestTestHostsWithInvalidHosts" computerName="DKSR-EFI-06" duration="00:00:00.0097954" startTime="2024-01-09T15:46:48.8268188+01:00" endTime="2024-01-09T15:46:48.8424479+01:00" testType="13cdc9d9-ddb5-4fa4-a97d-d965ccfc6d4b" outcome="Passed" testListId="8c84fa94-04c1-424b-9868-57a2d4851a1d" relativeResultsDirectory="30074945-d575-42c9-92eb-0c0de6c2c6cb" />
    <UnitTestResult executionId="f2740ac7-9805-4912-8400-c9a7555eb299" testId="a14d479c-95fa-c808-46c0-2d34bef5217e" testName="TestInstallPackageSequential" computerName="DKSR-EFI-06" duration="00:00:03.0309658" startTime="2024-01-09T15:46:53.0155813+01:00" endTime="2024-01-09T15:46:56.0475609+01:00" testType="13cdc9d9-ddb5-4fa4-a97d-d965ccfc6d4b" outcome="Passed" testListId="8c84fa94-04c1-424b-9868-57a2d4851a1d" relativeResultsDirectory="f2740ac7-9805-4912-8400-c9a7555eb299" />
    <UnitTestResult executionId="9c8946cf-97cd-482d-8cd9-5ce9e0e4b9b4" testId="28db9034-3e2b-b2bb-67c2-1c43a25b6448" testName="TestHostInfoConstructorWithUserNamePasswordDomain" computerName="DKSR-EFI-06" duration="00:00:00.0002004" startTime="2024-01-09T15:47:57.7815403+01:00" endTime="2024-01-09T15:47:57.7815403+01:00" testType="13cdc9d9-ddb5-4fa4-a97d-d965ccfc6d4b" outcome="Passed" testListId="8c84fa94-04c1-424b-9868-57a2d4851a1d" relativeResultsDirectory="9c8946cf-97cd-482d-8cd9-5ce9e0e4b9b4" />
    <UnitTestResult executionId="ad611609-0497-416d-a076-e1bb2b6d0024" testId="aeb69c69-f399-d401-e754-f443149b61bf" testName="TestSubTasks" computerName="DKSR-EFI-06" duration="00:00:00.0097078" startTime="2024-01-09T15:45:08.9043831+01:00" endTime="2024-01-09T15:45:08.9043831+01:00" testType="13cdc9d9-ddb5-4fa4-a97d-d965ccfc6d4b" outcome="Passed" testListId="8c84fa94-04c1-424b-9868-57a2d4851a1d" relativeResultsDirectory="ad611609-0497-416d-a076-e1bb2b6d0024" />
    <UnitTestResult executionId="02dba0ba-bbfa-459f-91e2-6001fa6292b2" testId="dfd7d47b-3150-15b1-892c-f707b58a7859" testName="Test_With_LicenseTypeAndParameters_When_CreateXmlStreamInV2_Then_CorrectXMLStreamIsCreated" computerName="DKSR-EFI-06" duration="00:00:00.0009563" startTime="2024-01-09T15:47:57.7971708+01:00" endTime="2024-01-09T15:47:57.7971708+01:00" testType="13cdc9d9-ddb5-4fa4-a97d-d965ccfc6d4b" outcome="Passed" testListId="8c84fa94-04c1-424b-9868-57a2d4851a1d" relativeResultsDirectory="02dba0ba-bbfa-459f-91e2-6001fa6292b2" />
    <UnitTestResult executionId="9ed47fe3-3313-4d79-9522-3d1715e0295c" testId="d506503d-311a-ec67-c05f-4000d3531d44" testName="TestConstructorWithMessageAndInnerException" computerName="DKSR-EFI-06" duration="00:00:00.0005125" startTime="2024-01-09T15:45:07.3575037+01:00" endTime="2024-01-09T15:45:07.3575037+01:00" testType="13cdc9d9-ddb5-4fa4-a97d-d965ccfc6d4b" outcome="Passed" testListId="8c84fa94-04c1-424b-9868-57a2d4851a1d" relativeResultsDirectory="9ed47fe3-3313-4d79-9522-3d1715e0295c" />
    <UnitTestResult executionId="4c2423ce-c39e-4806-b2a0-aab9d1b01175" testId="a52af099-adde-616a-e493-3c951c853af5" testName="TestConstructorWithErrorCodeUnknownFailure" computerName="DKSR-EFI-06" duration="00:00:00.0004670" startTime="2024-01-09T15:45:07.3731306+01:00" endTime="2024-01-09T15:45:07.3887532+01:00" testType="13cdc9d9-ddb5-4fa4-a97d-d965ccfc6d4b" outcome="Passed" testListId="8c84fa94-04c1-424b-9868-57a2d4851a1d" relativeResultsDirectory="4c2423ce-c39e-4806-b2a0-aab9d1b01175" />
    <UnitTestResult executionId="dc64fdf1-3a0c-4852-8e11-bb86eae872e3" testId="80f38fd0-6f01-962d-1286-fff70fb35efb" testName="TestLastWarning" computerName="DKSR-EFI-06" duration="00:00:04.0309850" startTime="2024-01-09T15:46:34.0263952+01:00" endTime="2024-01-09T15:46:38.0588482+01:00" testType="13cdc9d9-ddb5-4fa4-a97d-d965ccfc6d4b" outcome="Passed" testListId="8c84fa94-04c1-424b-9868-57a2d4851a1d" relativeResultsDirectory="dc64fdf1-3a0c-4852-8e11-bb86eae872e3" />
    <UnitTestResult executionId="874aaecd-3851-4742-86a6-610cb7b6e6ce" testId="c40bd895-725a-1fb2-ec21-aeab0bc59909" testName="TestImportPackage_ShouldSucceed_WhenInstallerConatainsValidPackageXml" computerName="DKSR-EFI-06" startTime="2024-01-09T15:45:09.0762590+01:00" endTime="2024-01-09T15:45:09.0762590+01:00" testType="13cdc9d9-ddb5-4fa4-a97d-d965ccfc6d4b" outcome="NotExecuted" testListId="8c84fa94-04c1-424b-9868-57a2d4851a1d" relativeResultsDirectory="874aaecd-3851-4742-86a6-610cb7b6e6ce">
      <Output></Output>
    </UnitTestResult>
    <UnitTestResult executionId="5a85921e-9d1b-4b98-bba1-f0bb85061d3a" testId="f936dbe2-1850-5119-1e00-9716f608d0a4" testName="TestPingParallel" computerName="DKSR-EFI-06" duration="00:00:00.0436675" startTime="2024-01-09T15:47:11.4730591+01:00" endTime="2024-01-09T15:47:11.5199416+01:00" testType="13cdc9d9-ddb5-4fa4-a97d-d965ccfc6d4b" outcome="Passed" testListId="8c84fa94-04c1-424b-9868-57a2d4851a1d" relativeResultsDirectory="5a85921e-9d1b-4b98-bba1-f0bb85061d3a" />
    <UnitTestResult executionId="1a1d61aa-40d9-40ec-839a-bab06d9bccf8" testId="56fd3714-911e-3c1d-d65a-ddc9984079a7" testName="TestWaitForAllTasksWithNullManager" computerName="DKSR-EFI-06" duration="00:00:00.0006956" startTime="2024-01-09T15:46:49.1863131+01:00" endTime="2024-01-09T15:46:49.1863131+01:00" testType="13cdc9d9-ddb5-4fa4-a97d-d965ccfc6d4b" outcome="Passed" testListId="8c84fa94-04c1-424b-9868-57a2d4851a1d" relativeResultsDirectory="1a1d61aa-40d9-40ec-839a-bab06d9bccf8" />
    <UnitTestResult executionId="53542155-1ab1-41ab-85e9-1929a4ad0c70" testId="6d0fa322-8959-7bc7-9627-74995f65e2a9" testName="TestConstructor" computerName="DKSR-EFI-06" duration="00:00:00.0031627" startTime="2024-01-09T15:45:09.1856327+01:00" endTime="2024-01-09T15:45:09.2012573+01:00" testType="13cdc9d9-ddb5-4fa4-a97d-d965ccfc6d4b" outcome="Passed" testListId="8c84fa94-04c1-424b-9868-57a2d4851a1d" relativeResultsDirectory="53542155-1ab1-41ab-85e9-1929a4ad0c70" />
    <UnitTestResult executionId="724eb37c-cd3d-47e1-b8cf-157b520f3152" testId="6a8d8c2c-5a74-d0ec-0a79-8c551b112800" testName="TestGetOSVersionWithInvalidHost" computerName="DKSR-EFI-06" duration="00:00:00.0025249" startTime="2024-01-09T15:47:08.3941999+01:00" endTime="2024-01-09T15:47:08.3941999+01:00" testType="13cdc9d9-ddb5-4fa4-a97d-d965ccfc6d4b" outcome="Passed" testListId="8c84fa94-04c1-424b-9868-57a2d4851a1d" relativeResultsDirectory="724eb37c-cd3d-47e1-b8cf-157b520f3152" />
    <UnitTestResult executionId="d11e8e82-8d76-4b66-8ab6-d9547f58a8b5" testId="968b0cfd-4e46-39af-8c32-7a63d2e0218b" testName="TestGetHostInfoWithInvalidHost" computerName="DKSR-EFI-06" duration="00:00:00.0024513" startTime="2024-01-09T15:47:02.2517779+01:00" endTime="2024-01-09T15:47:02.2517779+01:00" testType="13cdc9d9-ddb5-4fa4-a97d-d965ccfc6d4b" outcome="Passed" testListId="8c84fa94-04c1-424b-9868-57a2d4851a1d" relativeResultsDirectory="d11e8e82-8d76-4b66-8ab6-d9547f58a8b5" />
    <UnitTestResult executionId="87531a59-b9c6-4640-bac9-b690885959ce" testId="5dde1ad8-2a5f-9e49-d80b-87af96b9782f" testName="TestConstructor" computerName="DKSR-EFI-06" duration="00:00:00.0011346" startTime="2024-01-09T15:45:11.6543844+01:00" endTime="2024-01-09T15:45:11.6543844+01:00" testType="13cdc9d9-ddb5-4fa4-a97d-d965ccfc6d4b" outcome="Passed" testListId="8c84fa94-04c1-424b-9868-57a2d4851a1d" relativeResultsDirectory="87531a59-b9c6-4640-bac9-b690885959ce" />
    <UnitTestResult executionId="7714eced-fcfc-4566-920c-a8b83198d074" testId="3ae92588-2163-e713-7477-64228713a6b8" testName="TestRebootSequential" computerName="DKSR-EFI-06" duration="00:00:03.0309395" startTime="2024-01-09T15:47:14.6143186+01:00" endTime="2024-01-09T15:47:17.6460726+01:00" testType="13cdc9d9-ddb5-4fa4-a97d-d965ccfc6d4b" outcome="Passed" testListId="8c84fa94-04c1-424b-9868-57a2d4851a1d" relativeResultsDirectory="7714eced-fcfc-4566-920c-a8b83198d074" />
    <UnitTestResult executionId="0d7a4ed5-b94b-4a0a-8694-aeeae9bf850a" testId="5323add9-9438-8c53-0fca-d94870660b43" testName="TestMakeDirWithMultipleSubDirs" computerName="DKSR-EFI-06" duration="00:00:00.0010189" startTime="2024-01-09T15:46:38.6840027+01:00" endTime="2024-01-09T15:46:38.6840027+01:00" testType="13cdc9d9-ddb5-4fa4-a97d-d965ccfc6d4b" outcome="Passed" testListId="8c84fa94-04c1-424b-9868-57a2d4851a1d" relativeResultsDirectory="0d7a4ed5-b94b-4a0a-8694-aeeae9bf850a" />
    <UnitTestResult executionId="3568c2c9-6508-41a4-8f33-f5b8c522383e" testId="cef844ae-f7df-59dd-115d-a7bcafd90e57" testName="TestLocalHost" computerName="DKSR-EFI-06" duration="00:00:00.0117760" startTime="2024-01-09T15:46:38.6840027+01:00" endTime="2024-01-09T15:46:38.6996240+01:00" testType="13cdc9d9-ddb5-4fa4-a97d-d965ccfc6d4b" outcome="Passed" testListId="8c84fa94-04c1-424b-9868-57a2d4851a1d" relativeResultsDirectory="3568c2c9-6508-41a4-8f33-f5b8c522383e" />
    <UnitTestResult executionId="524edf8d-e2c6-48cb-8c7a-8611a36d8331" testId="d40e99cb-258c-705b-832c-694aa024eb9b" testName="TestConstructor" computerName="DKSR-EFI-06" duration="00:00:00.0009437" startTime="2024-01-09T15:45:09.0137571+01:00" endTime="2024-01-09T15:45:09.0137571+01:00" testType="13cdc9d9-ddb5-4fa4-a97d-d965ccfc6d4b" outcome="Passed" testListId="8c84fa94-04c1-424b-9868-57a2d4851a1d" relativeResultsDirectory="524edf8d-e2c6-48cb-8c7a-8611a36d8331" />
    <UnitTestResult executionId="5e75b551-980a-4979-b84a-934a560f03f4" testId="9fbd03c1-13ed-30d2-53e4-a629d9907b7f" testName="TestConstructorWithErrorCodeInvalidServiceControl" computerName="DKSR-EFI-06" duration="00:00:00.0004863" startTime="2024-01-09T15:45:07.3731306+01:00" endTime="2024-01-09T15:45:07.3731306+01:00" testType="13cdc9d9-ddb5-4fa4-a97d-d965ccfc6d4b" outcome="Passed" testListId="8c84fa94-04c1-424b-9868-57a2d4851a1d" relativeResultsDirectory="5e75b551-980a-4979-b84a-934a560f03f4" />
    <UnitTestResult executionId="26004788-df2e-4560-ac41-496ece2a71c2" testId="b3fb1e37-e2e5-a2a7-3eb9-4154e4ee124e" testName="TestParseFullTranslate" computerName="DKSR-EFI-06" startTime="2024-01-09T15:45:08.4513539+01:00" endTime="2024-01-09T15:45:08.4513539+01:00" testType="13cdc9d9-ddb5-4fa4-a97d-d965ccfc6d4b" outcome="NotExecuted" testListId="8c84fa94-04c1-424b-9868-57a2d4851a1d" relativeResultsDirectory="26004788-df2e-4560-ac41-496ece2a71c2">
      <Output></Output>
    </UnitTestResult>
    <UnitTestResult executionId="035ced2c-71df-4c07-913c-39865d7481af" testId="7836a48f-abf6-7e36-5e54-4c0b983c976a" testName="TestTaskWarningInPostRun" computerName="DKSR-EFI-06" duration="00:00:00.0012915" startTime="2024-01-09T15:46:38.6214846+01:00" endTime="2024-01-09T15:46:38.6214846+01:00" testType="13cdc9d9-ddb5-4fa4-a97d-d965ccfc6d4b" outcome="Passed" testListId="8c84fa94-04c1-424b-9868-57a2d4851a1d" relativeResultsDirectory="035ced2c-71df-4c07-913c-39865d7481af" />
    <UnitTestResult executionId="a001d481-7264-40bb-9f94-92c7dbaf4050" testId="fd9e40ea-9126-c861-9dea-563c66bcf20c" testName="Test_With_ArgmunentsXmlFileV1WithXsdError_When_ExtractingTheArguments_Then_ArgumentsAreEmpty" computerName="DKSR-EFI-06" duration="00:00:00.0029062" startTime="2024-01-09T15:47:57.8284293+01:00" endTime="2024-01-09T15:47:57.8284293+01:00" testType="13cdc9d9-ddb5-4fa4-a97d-d965ccfc6d4b" outcome="Passed" testListId="8c84fa94-04c1-424b-9868-57a2d4851a1d" relativeResultsDirectory="a001d481-7264-40bb-9f94-92c7dbaf4050" />
    <UnitTestResult executionId="63af867c-90f6-4369-96be-daffa636b4af" testId="7b27a646-3b79-71b7-4cd1-43571fd2570e" testName="TestStopRepositoryTasks" computerName="DKSR-EFI-06" duration="00:00:03.0437756" startTime="2024-01-09T15:47:36.2149829+01:00" endTime="2024-01-09T15:47:39.2629785+01:00" testType="13cdc9d9-ddb5-4fa4-a97d-d965ccfc6d4b" outcome="Passed" testListId="8c84fa94-04c1-424b-9868-57a2d4851a1d" relativeResultsDirectory="63af867c-90f6-4369-96be-daffa636b4af" />
    <UnitTestResult executionId="e3f1448c-e561-477d-bfda-143cf5a7a262" testId="dca228a0-81df-8712-dc7f-0dc5c847777d" testName="TestCopyFileWithProgress" computerName="DKSR-EFI-06" duration="00:00:00.0022256" startTime="2024-01-09T15:45:09.2012573+01:00" endTime="2024-01-09T15:45:09.2012573+01:00" testType="13cdc9d9-ddb5-4fa4-a97d-d965ccfc6d4b" outcome="Passed" testListId="8c84fa94-04c1-424b-9868-57a2d4851a1d" relativeResultsDirectory="e3f1448c-e561-477d-bfda-143cf5a7a262" />
    <UnitTestResult executionId="24045d9e-5bb2-4f5d-b5ce-e59a03601b24" testId="a041f741-20d8-3a12-5a12-ac603b3ef6bc" testName="TestConstructorWithMultipleObservers" computerName="DKSR-EFI-06" duration="00:00:00.0007837" startTime="2024-01-09T15:46:42.7942700+01:00" endTime="2024-01-09T15:46:42.7942700+01:00" testType="13cdc9d9-ddb5-4fa4-a97d-d965ccfc6d4b" outcome="Passed" testListId="8c84fa94-04c1-424b-9868-57a2d4851a1d" relativeResultsDirectory="24045d9e-5bb2-4f5d-b5ce-e59a03601b24" />
    <UnitTestResult executionId="38afb9db-62b6-40f5-82e2-43595db5878c" testId="0a929c64-a22a-2fcf-f8de-0fe5c4abfe0f" testName="TestPause" computerName="DKSR-EFI-06" duration="00:00:00.1247311" startTime="2024-01-09T15:46:29.3688545+01:00" endTime="2024-01-09T15:46:29.4938646+01:00" testType="13cdc9d9-ddb5-4fa4-a97d-d965ccfc6d4b" outcome="Passed" testListId="8c84fa94-04c1-424b-9868-57a2d4851a1d" relativeResultsDirectory="38afb9db-62b6-40f5-82e2-43595db5878c" />
    <UnitTestResult executionId="7981d1a4-c2cc-4676-b7d4-01f67f3bec4f" testId="36a635b8-d4a5-9a69-60b9-668002b58b49" testName="TestPackageUploader_PackageSigned" computerName="DKSR-EFI-06" duration="00:00:00.0551445" startTime="2024-01-09T15:45:07.9981327+01:00" endTime="2024-01-09T15:45:08.0606306+01:00" testType="13cdc9d9-ddb5-4fa4-a97d-d965ccfc6d4b" outcome="Passed" testListId="8c84fa94-04c1-424b-9868-57a2d4851a1d" relativeResultsDirectory="7981d1a4-c2cc-4676-b7d4-01f67f3bec4f" />
    <UnitTestResult executionId="36812b0c-ecf2-4735-8bc0-dfa63c53fa3e" testId="67c4869c-15f5-900e-172f-81dfbb8d8f9d" testName="TestWaitForAllTasksWithNoTimeout" computerName="DKSR-EFI-06" duration="00:00:06.1402488" startTime="2024-01-09T15:47:42.3257416+01:00" endTime="2024-01-09T15:47:48.4667768+01:00" testType="13cdc9d9-ddb5-4fa4-a97d-d965ccfc6d4b" outcome="Passed" testListId="8c84fa94-04c1-424b-9868-57a2d4851a1d" relativeResultsDirectory="36812b0c-ecf2-4735-8bc0-dfa63c53fa3e" />
    <UnitTestResult executionId="c2cf08d9-8478-406e-8898-7391d623a92f" testId="d165a1f9-3d44-76cb-b902-4ddbe0cccecb" testName="TestSetValueInvalid" computerName="DKSR-EFI-06" duration="00:00:00.0002579" startTime="2024-01-09T15:45:08.4043810+01:00" endTime="2024-01-09T15:45:08.4043810+01:00" testType="13cdc9d9-ddb5-4fa4-a97d-d965ccfc6d4b" outcome="Passed" testListId="8c84fa94-04c1-424b-9868-57a2d4851a1d" relativeResultsDirectory="c2cf08d9-8478-406e-8898-7391d623a92f" />
    <UnitTestResult executionId="df7d6c07-a765-428a-93a1-3468b6725048" testId="3915b03e-a985-a2c2-3ccc-dadf5b35e158" testName="TestConstructor" computerName="DKSR-EFI-06" duration="00:00:00.0014592" startTime="2024-01-09T15:45:07.4668774+01:00" endTime="2024-01-09T15:45:07.4668774+01:00" testType="13cdc9d9-ddb5-4fa4-a97d-d965ccfc6d4b" outcome="Passed" testListId="8c84fa94-04c1-424b-9868-57a2d4851a1d" relativeResultsDirectory="df7d6c07-a765-428a-93a1-3468b6725048" />
    <UnitTestResult executionId="f41a8a11-b5b4-4448-b9ce-03cc992f1f2d" testId="7066b9b5-1610-d275-dc55-593de5802882" testName="TestInstallDynamicFiles" computerName="DKSR-EFI-06" duration="00:00:00.0051317" startTime="2024-01-09T15:45:08.4200054+01:00" endTime="2024-01-09T15:45:08.4200054+01:00" testType="13cdc9d9-ddb5-4fa4-a97d-d965ccfc6d4b" outcome="Passed" testListId="8c84fa94-04c1-424b-9868-57a2d4851a1d" relativeResultsDirectory="f41a8a11-b5b4-4448-b9ce-03cc992f1f2d" />
    <UnitTestResult executionId="5428bcd8-1059-4bb8-9479-e31eef274f79" testId="df6b692b-8f1d-16a6-725c-b3998737cbae" testName="TestPauseAndUnpauseBeforeDoRun" computerName="DKSR-EFI-06" duration="00:00:00.0622048" startTime="2024-01-09T15:46:38.3088969+01:00" endTime="2024-01-09T15:46:38.3714173+01:00" testType="13cdc9d9-ddb5-4fa4-a97d-d965ccfc6d4b" outcome="Passed" testListId="8c84fa94-04c1-424b-9868-57a2d4851a1d" relativeResultsDirectory="5428bcd8-1059-4bb8-9479-e31eef274f79" />
    <UnitTestResult executionId="d02cb9be-9488-4867-8eec-2e2d06fe1a08" testId="cc0e8736-e37c-0fe0-2c61-f81f9c25390d" testName="TestStopHostTaskAllLevels" computerName="DKSR-EFI-06" duration="00:00:03.1089584" startTime="2024-01-09T15:47:20.7561440+01:00" endTime="2024-01-09T15:47:23.8663975+01:00" testType="13cdc9d9-ddb5-4fa4-a97d-d965ccfc6d4b" outcome="Passed" testListId="8c84fa94-04c1-424b-9868-57a2d4851a1d" relativeResultsDirectory="d02cb9be-9488-4867-8eec-2e2d06fe1a08" />
    <UnitTestResult executionId="f567790c-a110-4b7a-8988-de6211a6a192" testId="6596a401-a376-8fd2-668a-6808ccafe6e7" testName="TestUpdate" computerName="DKSR-EFI-06" duration="00:00:00.0074382" startTime="2024-01-09T15:45:08.9200070+01:00" endTime="2024-01-09T15:45:08.9200070+01:00" testType="13cdc9d9-ddb5-4fa4-a97d-d965ccfc6d4b" outcome="Passed" testListId="8c84fa94-04c1-424b-9868-57a2d4851a1d" relativeResultsDirectory="f567790c-a110-4b7a-8988-de6211a6a192" />
    <UnitTestResult executionId="d19424b2-e8ab-4f05-8728-a8ed8d533126" testId="62662b40-9dbf-8863-d09c-a0274ba353cf" testName="TestConstructor" computerName="DKSR-EFI-06" duration="00:00:00.0046367" startTime="2024-01-09T15:45:08.4668821+01:00" endTime="2024-01-09T15:45:08.4668821+01:00" testType="13cdc9d9-ddb5-4fa4-a97d-d965ccfc6d4b" outcome="Passed" testListId="8c84fa94-04c1-424b-9868-57a2d4851a1d" relativeResultsDirectory="d19424b2-e8ab-4f05-8728-a8ed8d533126" />
    <UnitTestResult executionId="00a1b0af-4f94-4867-a157-1e79c3f9d9e7" testId="3d1ea2f1-5577-20c9-e32d-81d23fe5a514" testName="TestConstructor" computerName="DKSR-EFI-06" duration="00:00:00.0006021" startTime="2024-01-09T15:45:07.3575037+01:00" endTime="2024-01-09T15:45:07.3575037+01:00" testType="13cdc9d9-ddb5-4fa4-a97d-d965ccfc6d4b" outcome="Passed" testListId="8c84fa94-04c1-424b-9868-57a2d4851a1d" relativeResultsDirectory="00a1b0af-4f94-4867-a157-1e79c3f9d9e7" />
    <UnitTestResult executionId="07474ebd-ac09-4fbd-b641-519a761053bc" testId="f1d3bc99-16dc-eb0d-4f79-920ef3df3a07" testName="TestTaskWarningInPreRun" computerName="DKSR-EFI-06" duration="00:00:00.0013720" startTime="2024-01-09T15:46:38.6214846+01:00" endTime="2024-01-09T15:46:38.6214846+01:00" testType="13cdc9d9-ddb5-4fa4-a97d-d965ccfc6d4b" outcome="Passed" testListId="8c84fa94-04c1-424b-9868-57a2d4851a1d" relativeResultsDirectory="07474ebd-ac09-4fbd-b641-519a761053bc" />
    <UnitTestResult executionId="6556013c-cebe-47f4-9c9f-04ab2d52b4fe" testId="fca63c0e-d16d-4503-2a64-6b01e464c0f0" testName="TestTestRepositories" computerName="DKSR-EFI-06" duration="00:00:00.0364947" startTime="2024-01-09T15:46:49.4368370+01:00" endTime="2024-01-09T15:46:49.4832862+01:00" testType="13cdc9d9-ddb5-4fa4-a97d-d965ccfc6d4b" outcome="Passed" testListId="8c84fa94-04c1-424b-9868-57a2d4851a1d" relativeResultsDirectory="6556013c-cebe-47f4-9c9f-04ab2d52b4fe" />
    <UnitTestResult executionId="8cde6b86-7c15-425e-9089-8733a26d3c68" testId="23436098-962c-b201-5a6c-05e35b01769d" testName="TestReadOnly" computerName="DKSR-EFI-06" duration="00:00:00.0001940" startTime="2024-01-09T15:45:08.4668821+01:00" endTime="2024-01-09T15:45:08.4668821+01:00" testType="13cdc9d9-ddb5-4fa4-a97d-d965ccfc6d4b" outcome="Passed" testListId="8c84fa94-04c1-424b-9868-57a2d4851a1d" relativeResultsDirectory="8cde6b86-7c15-425e-9089-8733a26d3c68" />
    <UnitTestResult executionId="91056b7f-505a-470f-bab8-23c5978a65c2" testId="04753381-ed85-90b5-1a05-be092499cb90" testName="TestGetInstalledPackagesWithInvalidHost" computerName="DKSR-EFI-06" duration="00:00:00.0024872" startTime="2024-01-09T15:47:05.3151239+01:00" endTime="2024-01-09T15:47:05.3151239+01:00" testType="13cdc9d9-ddb5-4fa4-a97d-d965ccfc6d4b" outcome="Passed" testListId="8c84fa94-04c1-424b-9868-57a2d4851a1d" relativeResultsDirectory="91056b7f-505a-470f-bab8-23c5978a65c2" />
    <UnitTestResult executionId="a9993789-2162-4b34-9e1e-5d0256ae60e1" testId="0b54b4a5-32e6-48ab-16a8-27ca219e6ec9" testName="TestGetPackageInstaller" computerName="DKSR-EFI-06" duration="00:00:00.0050734" startTime="2024-01-09T15:47:57.7659142+01:00" endTime="2024-01-09T15:47:57.7659142+01:00" testType="13cdc9d9-ddb5-4fa4-a97d-d965ccfc6d4b" outcome="Passed" testListId="8c84fa94-04c1-424b-9868-57a2d4851a1d" relativeResultsDirectory="a9993789-2162-4b34-9e1e-5d0256ae60e1" />
    <UnitTestResult executionId="2c5439e7-6c12-4c36-a349-31ddf67d818e" testId="f9648dbe-f664-0e7d-f48a-463671a37fa4" testName="TestTestHostsWithNullManager" computerName="DKSR-EFI-06" duration="00:00:00.0011954" startTime="2024-01-09T15:46:48.8268188+01:00" endTime="2024-01-09T15:46:48.8268188+01:00" testType="13cdc9d9-ddb5-4fa4-a97d-d965ccfc6d4b" outcome="Passed" testListId="8c84fa94-04c1-424b-9868-57a2d4851a1d" relativeResultsDirectory="2c5439e7-6c12-4c36-a349-31ddf67d818e" />
    <UnitTestResult executionId="3b0cd087-c4aa-40b0-a78a-b934cd6a0156" testId="a2e12f75-2242-2b8d-51b3-d7a0e150a45c" testName="TestGetHost" computerName="DKSR-EFI-06" duration="00:00:00.0009737" startTime="2024-01-09T15:46:49.7958873+01:00" endTime="2024-01-09T15:46:49.7958873+01:00" testType="13cdc9d9-ddb5-4fa4-a97d-d965ccfc6d4b" outcome="Passed" testListId="8c84fa94-04c1-424b-9868-57a2d4851a1d" relativeResultsDirectory="3b0cd087-c4aa-40b0-a78a-b934cd6a0156" />
    <UnitTestResult executionId="8d5fe08f-5256-4286-b7ca-44b232e7de8c" testId="a33f8d13-deba-b734-2914-a26d82968c05" testName="TestConstructor" computerName="DKSR-EFI-06" duration="00:00:00.0006721" startTime="2024-01-09T15:45:11.6543844+01:00" endTime="2024-01-09T15:45:11.6543844+01:00" testType="13cdc9d9-ddb5-4fa4-a97d-d965ccfc6d4b" outcome="Passed" testListId="8c84fa94-04c1-424b-9868-57a2d4851a1d" relativeResultsDirectory="8d5fe08f-5256-4286-b7ca-44b232e7de8c" />
    <UnitTestResult executionId="b1364e3d-5f9a-4aa0-8b4c-1516da82b3a8" testId="056db6d2-8d71-1089-b705-b6a45c621744" testName="TestPingWithInvalidHost" computerName="DKSR-EFI-06" duration="00:00:00.0024858" startTime="2024-01-09T15:47:11.4730591+01:00" endTime="2024-01-09T15:47:11.4730591+01:00" testType="13cdc9d9-ddb5-4fa4-a97d-d965ccfc6d4b" outcome="Passed" testListId="8c84fa94-04c1-424b-9868-57a2d4851a1d" relativeResultsDirectory="b1364e3d-5f9a-4aa0-8b4c-1516da82b3a8" />
    <UnitTestResult executionId="2c16ca9c-d62a-49da-8f3e-b5f3608b019a" testId="8bcfbbc0-c915-02f3-dbac-e543225952bc" testName="TestConstructor" computerName="DKSR-EFI-06" startTime="2024-01-09T15:45:08.4513539+01:00" endTime="2024-01-09T15:45:08.4513539+01:00" testType="13cdc9d9-ddb5-4fa4-a97d-d965ccfc6d4b" outcome="NotExecuted" testListId="8c84fa94-04c1-424b-9868-57a2d4851a1d" relativeResultsDirectory="2c16ca9c-d62a-49da-8f3e-b5f3608b019a">
      <Output></Output>
    </UnitTestResult>
    <UnitTestResult executionId="44bab53f-d7cc-42b3-a6e9-5943d7ad7487" testId="a3e7e124-513f-599e-5dcf-9092069c6e07" testName="TestConstructorWithErrorCodeServiceCannotAcceptControl" computerName="DKSR-EFI-06" duration="00:00:00.0004916" startTime="2024-01-09T15:45:07.3731306+01:00" endTime="2024-01-09T15:45:07.3731306+01:00" testType="13cdc9d9-ddb5-4fa4-a97d-d965ccfc6d4b" outcome="Passed" testListId="8c84fa94-04c1-424b-9868-57a2d4851a1d" relativeResultsDirectory="44bab53f-d7cc-42b3-a6e9-5943d7ad7487" />
    <UnitTestResult executionId="486439a3-1021-4b87-a531-c544b49b0774" testId="dd7db48f-87b8-61de-b17c-06d3ef83a055" testName="TestUnInstallPackageWithInvalidHost" computerName="DKSR-EFI-06" duration="00:00:00.0027250" startTime="2024-01-09T15:46:56.0475609+01:00" endTime="2024-01-09T15:46:56.0475609+01:00" testType="13cdc9d9-ddb5-4fa4-a97d-d965ccfc6d4b" outcome="Passed" testListId="8c84fa94-04c1-424b-9868-57a2d4851a1d" relativeResultsDirectory="486439a3-1021-4b87-a531-c544b49b0774" />
    <UnitTestResult executionId="30a6756b-1aec-47cb-bb1a-c7706af8a8ee" testId="fb684710-7aee-b5ee-ca08-6c8c8894727b" testName="TestWMIServerHost" computerName="DKSR-EFI-06" duration="00:00:00.0007951" startTime="2024-01-09T15:47:57.7502825+01:00" endTime="2024-01-09T15:47:57.7502825+01:00" testType="13cdc9d9-ddb5-4fa4-a97d-d965ccfc6d4b" outcome="Passed" testListId="8c84fa94-04c1-424b-9868-57a2d4851a1d" relativeResultsDirectory="30a6756b-1aec-47cb-bb1a-c7706af8a8ee" />
    <UnitTestResult executionId="0756e732-bf7a-4c39-887d-55ee928c67be" testId="3be3dd6c-70a8-fb50-940e-ef5b6d783571" testName="TestConstructorWithMessage" computerName="DKSR-EFI-06" duration="00:00:00.0020645" startTime="2024-01-09T15:45:07.3575037+01:00" endTime="2024-01-09T15:45:07.3575037+01:00" testType="13cdc9d9-ddb5-4fa4-a97d-d965ccfc6d4b" outcome="Passed" testListId="8c84fa94-04c1-424b-9868-57a2d4851a1d" relativeResultsDirectory="0756e732-bf7a-4c39-887d-55ee928c67be" />
    <UnitTestResult executionId="2561f017-8a9f-4bf1-81f9-b838bcbad534" testId="169ff10c-e66e-16ab-a678-ea53f5925307" testName="TestConstructorWithErrorCodeServiceDisabled" computerName="DKSR-EFI-06" duration="00:00:00.0004514" startTime="2024-01-09T15:45:07.3887532+01:00" endTime="2024-01-09T15:45:07.3887532+01:00" testType="13cdc9d9-ddb5-4fa4-a97d-d965ccfc6d4b" outcome="Passed" testListId="8c84fa94-04c1-424b-9868-57a2d4851a1d" relativeResultsDirectory="2561f017-8a9f-4bf1-81f9-b838bcbad534" />
    <UnitTestResult executionId="b8268bdf-4cee-4cb5-a0cc-cd74bc0aa40a" testId="3538f6df-51fc-46bb-bdd2-8a9a714c9781" testName="TestConstructor" computerName="DKSR-EFI-06" duration="00:00:00.0035321" startTime="2024-01-09T15:45:08.4043810+01:00" endTime="2024-01-09T15:45:08.4043810+01:00" testType="13cdc9d9-ddb5-4fa4-a97d-d965ccfc6d4b" outcome="Passed" testListId="8c84fa94-04c1-424b-9868-57a2d4851a1d" relativeResultsDirectory="b8268bdf-4cee-4cb5-a0cc-cd74bc0aa40a" />
    <UnitTestResult executionId="389445b4-f379-4213-8728-b3d59f39e9cd" testId="40352d1e-7af0-87a6-2cbd-75971fbe368c" testName="TestSetIndexInvalid" computerName="DKSR-EFI-06" duration="00:00:00.0002340" startTime="2024-01-09T15:45:08.4043810+01:00" endTime="2024-01-09T15:45:08.4043810+01:00" testType="13cdc9d9-ddb5-4fa4-a97d-d965ccfc6d4b" outcome="Passed" testListId="8c84fa94-04c1-424b-9868-57a2d4851a1d" relativeResultsDirectory="389445b4-f379-4213-8728-b3d59f39e9cd" />
    <UnitTestResult executionId="a32720bd-651d-48a7-b843-7492ef6802e7" testId="9e34c367-5723-2d6b-b206-e27de106d084" testName="TestImportPackage_TaskShouldError_WhenInstallerConatainsInvalidPackageXml" computerName="DKSR-EFI-06" duration="00:00:00.0219396" startTime="2024-01-09T15:45:09.1387574+01:00" endTime="2024-01-09T15:45:09.1543827+01:00" testType="13cdc9d9-ddb5-4fa4-a97d-d965ccfc6d4b" outcome="Passed" testListId="8c84fa94-04c1-424b-9868-57a2d4851a1d" relativeResultsDirectory="a32720bd-651d-48a7-b843-7492ef6802e7" />
    <UnitTestResult executionId="41ba0216-eac6-4a68-ab5f-bacec79b3f43" testId="e2fb3b49-d247-3780-d8ba-70eea61fc9c3" testName="ZipPackageInvalidPackageXml_ShouldNotBeImported" computerName="DKSR-EFI-06" duration="00:00:00.0037622" startTime="2024-01-09T15:45:09.1543827+01:00" endTime="2024-01-09T15:45:09.1700087+01:00" testType="13cdc9d9-ddb5-4fa4-a97d-d965ccfc6d4b" outcome="Passed" testListId="8c84fa94-04c1-424b-9868-57a2d4851a1d" relativeResultsDirectory="41ba0216-eac6-4a68-ab5f-bacec79b3f43" />
    <UnitTestResult executionId="079b30b3-10b7-4ac0-9da1-cfa83639d026" testId="6a762779-34b5-9625-f1df-b0709303efc2" testName="TestMakeSingleDir" computerName="DKSR-EFI-06" duration="00:00:00.0009337" startTime="2024-01-09T15:46:38.6840027+01:00" endTime="2024-01-09T15:46:38.6840027+01:00" testType="13cdc9d9-ddb5-4fa4-a97d-d965ccfc6d4b" outcome="Passed" testListId="8c84fa94-04c1-424b-9868-57a2d4851a1d" relativeResultsDirectory="079b30b3-10b7-4ac0-9da1-cfa83639d026" />
    <UnitTestResult executionId="66210225-da65-4266-b642-603df68904dc" testId="86d1cc4f-8091-b22e-336f-4cb0386e426c" testName="TestGetOSVersionParallel" computerName="DKSR-EFI-06" duration="00:00:00.0437848" startTime="2024-01-09T15:47:08.3941999+01:00" endTime="2024-01-09T15:47:08.4410595+01:00" testType="13cdc9d9-ddb5-4fa4-a97d-d965ccfc6d4b" outcome="Passed" testListId="8c84fa94-04c1-424b-9868-57a2d4851a1d" relativeResultsDirectory="66210225-da65-4266-b642-603df68904dc" />
    <UnitTestResult executionId="dbb46d91-bad3-40c9-ad02-aff2d7d0b88c" testId="0f15567d-8946-0afb-e177-08aff03eae03" testName="TestReStart" computerName="DKSR-EFI-06" duration="00:00:00.1134888" startTime="2024-01-09T15:46:42.9192968+01:00" endTime="2024-01-09T15:46:43.0287407+01:00" testType="13cdc9d9-ddb5-4fa4-a97d-d965ccfc6d4b" outcome="Passed" testListId="8c84fa94-04c1-424b-9868-57a2d4851a1d" relativeResultsDirectory="dbb46d91-bad3-40c9-ad02-aff2d7d0b88c" />
    <UnitTestResult executionId="48a4fd5a-d8a2-4941-bed4-34b3a4f63b8b" testId="bb42b17f-ff3f-6784-6f3c-e7ff14203605" testName="TestConstructor" computerName="DKSR-EFI-06" duration="00:00:00.0001599" startTime="2024-01-09T15:46:42.7942700+01:00" endTime="2024-01-09T15:46:42.7942700+01:00" testType="13cdc9d9-ddb5-4fa4-a97d-d965ccfc6d4b" outcome="Passed" testListId="8c84fa94-04c1-424b-9868-57a2d4851a1d" relativeResultsDirectory="48a4fd5a-d8a2-4941-bed4-34b3a4f63b8b" />
    <UnitTestResult executionId="1a09a0d8-3e8f-4a20-9381-a9133edb53bf" testId="136de879-175a-bc3d-7320-1d7a216765a0" testName="TestSetValue" computerName="DKSR-EFI-06" duration="00:00:00.0005922" startTime="2024-01-09T15:45:08.4043810+01:00" endTime="2024-01-09T15:45:08.4043810+01:00" testType="13cdc9d9-ddb5-4fa4-a97d-d965ccfc6d4b" outcome="Passed" testListId="8c84fa94-04c1-424b-9868-57a2d4851a1d" relativeResultsDirectory="1a09a0d8-3e8f-4a20-9381-a9133edb53bf" />
    <UnitTestResult executionId="b8306767-9d40-4824-b48e-8827aa79ad62" testId="c0d78bc9-8b22-4b83-e487-b28dbfa43be1" testName="TestConstructorWithMessageAndInnerException" computerName="DKSR-EFI-06" duration="00:00:00.0005543" startTime="2024-01-09T15:45:07.3575037+01:00" endTime="2024-01-09T15:45:07.3575037+01:00" testType="13cdc9d9-ddb5-4fa4-a97d-d965ccfc6d4b" outcome="Passed" testListId="8c84fa94-04c1-424b-9868-57a2d4851a1d" relativeResultsDirectory="b8306767-9d40-4824-b48e-8827aa79ad62" />
    <UnitTestResult executionId="b82afa7a-18ec-4601-a73e-234b2653dbfd" testId="5a880289-fba4-8a86-5ba1-cfa26e3284b5" testName="TestPrerequisite" computerName="DKSR-EFI-06" duration="00:00:00.0010635" startTime="2024-01-09T15:45:08.4668821+01:00" endTime="2024-01-09T15:45:08.4825063+01:00" testType="13cdc9d9-ddb5-4fa4-a97d-d965ccfc6d4b" outcome="Passed" testListId="8c84fa94-04c1-424b-9868-57a2d4851a1d" relativeResultsDirectory="b82afa7a-18ec-4601-a73e-234b2653dbfd" />
    <UnitTestResult executionId="abd73736-2b8e-4cb7-b6bf-3c4ef10b6ee3" testId="e054dcdd-51af-3c68-d12e-6dc73cf4eb19" testName="TestStartWithErrorInPostRun" computerName="DKSR-EFI-06" duration="00:00:00.0012398" startTime="2024-01-09T15:46:38.1213574+01:00" endTime="2024-01-09T15:46:38.1213574+01:00" testType="13cdc9d9-ddb5-4fa4-a97d-d965ccfc6d4b" outcome="Passed" testListId="8c84fa94-04c1-424b-9868-57a2d4851a1d" relativeResultsDirectory="abd73736-2b8e-4cb7-b6bf-3c4ef10b6ee3" />
    <UnitTestResult executionId="14062b33-0427-4d36-9d4b-eb2cd3f3da7b" testId="da47f623-7c3a-9404-4444-2b2c7c59f762" testName="TestConstructor" computerName="DKSR-EFI-06" duration="00:00:00.0009499" startTime="2024-01-09T15:45:08.4043810+01:00" endTime="2024-01-09T15:45:08.4043810+01:00" testType="13cdc9d9-ddb5-4fa4-a97d-d965ccfc6d4b" outcome="Passed" testListId="8c84fa94-04c1-424b-9868-57a2d4851a1d" relativeResultsDirectory="14062b33-0427-4d36-9d4b-eb2cd3f3da7b" />
    <UnitTestResult executionId="a8f63b47-d2b3-4868-a077-f417ef9b33bd" testId="9b73a5d8-1c11-0cec-419f-e56feb2831ba" testName="TestConstructor" computerName="DKSR-EFI-06" duration="00:00:00.0002920" startTime="2024-01-09T15:46:42.7786423+01:00" endTime="2024-01-09T15:46:42.7786423+01:00" testType="13cdc9d9-ddb5-4fa4-a97d-d965ccfc6d4b" outcome="Passed" testListId="8c84fa94-04c1-424b-9868-57a2d4851a1d" relativeResultsDirectory="a8f63b47-d2b3-4868-a077-f417ef9b33bd" />
    <UnitTestResult executionId="a187ba0d-2c72-4c53-8ff0-a21f4eac3ebc" testId="6df818c5-73c8-7004-d8bf-eb24c08d331c" testName="TestPausedBeforeDoRun" computerName="DKSR-EFI-06" duration="00:00:00.0621137" startTime="2024-01-09T15:46:38.2463927+01:00" endTime="2024-01-09T15:46:38.3088969+01:00" testType="13cdc9d9-ddb5-4fa4-a97d-d965ccfc6d4b" outcome="Passed" testListId="8c84fa94-04c1-424b-9868-57a2d4851a1d" relativeResultsDirectory="a187ba0d-2c72-4c53-8ff0-a21f4eac3ebc" />
    <UnitTestResult executionId="8f2c939f-3f6a-4bd0-91d4-a548fe953ca7" testId="910d9e71-a6d1-f7ea-624f-20cad78d3822" testName="TestValids" computerName="DKSR-EFI-06" duration="00:01:11.1053397" startTime="2024-01-09T15:45:12.1075098+01:00" endTime="2024-01-09T15:46:23.2269592+01:00" testType="13cdc9d9-ddb5-4fa4-a97d-d965ccfc6d4b" outcome="Passed" testListId="8c84fa94-04c1-424b-9868-57a2d4851a1d" relativeResultsDirectory="8f2c939f-3f6a-4bd0-91d4-a548fe953ca7">
      <Output>
        <StdOut>Debug Trace:&#xD;
Visual Studio Enterprise 2019 ***** 16.11.32&#xD;
Visual Studio Enterprise 2022 ***** 17.8.3&#xD;
Microsoft Edge Update ***** 1.3.181.5&#xD;
Microsoft Edge WebView2 Runtime ***** 120.0.2210.121&#xD;
WinRT Intellisense UAP - Other Languages ***** 10.1.17763.132&#xD;
WinRT Intellisense Desktop - en-us ***** 10.1.17763.132&#xD;
Visual C++ Library CRT Appx Package ***** 14.38.33130&#xD;
Universal CRT Redistributable ***** 10.0.26624&#xD;
Microsoft Visual C++ 2013 Redistributable (x64) - 12.0.30501 ***** 12.0.30501.0&#xD;
Visual C++ Library CRT Desktop Appx Package ***** 14.38.33130&#xD;
Windows IoT Extension SDK Contracts ***** 10.1.22621.2428&#xD;
Windows SDK Desktop Tools arm64 ***** 10.1.19041.685&#xD;
Microsoft .NET Targeting Pack - 8.0.0 (x86) ***** 64.0.4211&#xD;
Windows IoT Extension SDK ***** 10.1.19041.685&#xD;
WinRT Intellisense UAP - en-us ***** 10.1.22621.2428&#xD;
WinRT Intellisense UAP - en-us ***** 10.1.19041.685&#xD;
Windows Simulator - ENU ***** 16.0.28522&#xD;
Windows SDK for Windows Store Apps DirectX x86 Remote ***** 10.1.19041.685&#xD;
Windows Mobile Extension SDK Contracts ***** 10.1.22621.2428&#xD;
icecap_collection_neutral ***** 16.10.31306&#xD;
Windows IoT Extension SDK ***** 10.1.17763.132&#xD;
Microsoft .NET CoreRuntime SDK ***** 1.1.27004.0&#xD;
Microsoft Visual C++ 2013 x86 Minimum Runtime - 12.0.21005 ***** 12.0.21005&#xD;
WinRT Intellisense PPI - en-us ***** 10.1.19041.685&#xD;
Windows SDK Desktop Libs x64 ***** 10.1.19041.685&#xD;
Microsoft .NET Framework 4.7.2 Targeting Pack ***** 4.7.03062&#xD;
vs_CoreEditorFonts ***** 17.7.40001&#xD;
Microsoft .NET Framework Cumulative Intellisense Pack for Visual Studio (ENU) ***** 4.8.09037&#xD;
Windows SDK Desktop Tools x86 ***** 10.1.19041.685&#xD;
Visual C++ Library CRT Desktop Appx Package ***** 14.38.33130&#xD;
Microsoft Visual C++ 2015-2022 Redistributable (x64) - 14.38.33130 ***** 14.38.33130.0&#xD;
Windows SDK for Windows Store Apps Libs ***** 10.1.19041.685&#xD;
Universal CRT Redistributable ***** 10.1.22621.2428&#xD;
WinRT Intellisense IoT - Other Languages ***** 10.1.19041.685&#xD;
ClickOnce Bootstrapper Package for Microsoft .NET Framework ***** 4.8.09037&#xD;
Visual C++ Library CRT Desktop Appx Package ***** 14.38.33130&#xD;
Microsoft Windows Communication Foundation Diagnostic Pack for x86 ***** 17.8.34205&#xD;
Windows SDK ***** 10.1.22621.2428&#xD;
Windows Mobile Extension SDK ***** 10.1.22621.2428&#xD;
Kits Configuration Installer ***** 10.1.17763.132&#xD;
Windows SDK for Windows Store Apps Contracts ***** 10.1.19041.685&#xD;
Windows SDK Desktop Libs arm ***** 10.1.19041.685&#xD;
WinAppDeploy ***** 10.1.19041.685&#xD;
Microsoft .NET Framework 4.6 Targeting Pack ***** 4.6.00081&#xD;
Windows SDK for Windows Store Apps Metadata ***** 10.1.19041.685&#xD;
Microsoft Visual C++ 2015-2022 Redistributable (x86) - 14.38.33130 ***** 14.38.33130.0&#xD;
Windows SDK Facade Windows WinMD Versioned ***** 10.1.19041.685&#xD;
Windows SDK EULA ***** 10.1.17763.132&#xD;
Windows SDK Desktop Libs arm64 ***** 10.1.22621.2428&#xD;
Windows SDK Desktop Libs arm ***** 10.1.17763.132&#xD;
Windows SDK for Windows Store Apps DirectX x86 Remote ***** 10.1.22621.2428&#xD;
WinRT Intellisense IoT - en-us ***** 10.1.22621.2428&#xD;
WinRT Intellisense IoT - en-us ***** 10.1.19041.685&#xD;
Microsoft .NET Framework 4.7 SDK ***** 4.7.02053&#xD;
Windows SDK Desktop Headers x64 ***** 10.1.22621.2428&#xD;
Windows SDK for Windows Store Apps Contracts ***** 10.1.17763.132&#xD;
icecap_collectionresourcesx64 ***** 16.10.31306&#xD;
vs_minshellmsires ***** 17.8.34205&#xD;
vs_communitymsires ***** 17.8.34205&#xD;
Microsoft Windows Desktop Targeting Pack - 6.0.25 (x86) ***** 48.100.4037&#xD;
Microsoft Visual C++ 2022 X86 Debug Runtime - 14.38.33130 ***** 14.38.33130&#xD;
Windows SDK Desktop Headers x86 ***** 10.1.19041.685&#xD;
Windows SDK Desktop Libs x86 ***** 10.1.22621.2428&#xD;
Windows App Certification Kit x64 ***** 10.1.22621.2428&#xD;
vs_tipsmsi ***** 17.8.34129&#xD;
Windows SDK Desktop Headers arm64 ***** 10.1.17763.132&#xD;
WinRT Intellisense Mobile - en-us ***** 10.1.19041.685&#xD;
Windows Software Development Kit - Windows 10.0.19041.685 ***** 10.1.19041.685&#xD;
WinRT Intellisense PPI - Other Languages ***** 10.1.22621.2428&#xD;
Visual C++ Library CRT ARM64 Appx Package ***** 14.38.33130&#xD;
Microsoft .NET CoreRuntime For CoreCon ***** 1.0.0.0&#xD;
Windows SDK Desktop Headers x64 ***** 10.1.17763.132&#xD;
vs_clickoncebootstrappermsi ***** 17.8.34205&#xD;
Windows IoT Extension SDK Contracts ***** 10.1.19041.685&#xD;
Microsoft ASP.NET Web Tools Packages 16.0 - ENU ***** 1.0.21125.0&#xD;
Microsoft HTML Help Workshop Package ***** 4.74.8702&#xD;
Universal General MIDI DLS Extension SDK ***** 10.1.22621.2428&#xD;
Windows SDK for Windows Store Apps Tools ***** 10.1.19041.685&#xD;
vs_githubprotocolhandlermsi ***** 17.8.34129&#xD;
Windows SDK Desktop Headers arm ***** 10.1.19041.685&#xD;
vcpp_crt.redist.clickonce ***** 14.38.33130&#xD;
Universal CRT Extension SDK ***** 10.1.19041.685&#xD;
Windows SDK Desktop Headers x86 ***** 10.1.22621.2428&#xD;
MSI Development Tools ***** 10.1.22621.2428&#xD;
Windows SDK Desktop Libs arm64 ***** 10.1.17763.132&#xD;
Microsoft Windows Desktop Runtime - 8.0.0 (x86) ***** 64.0.5329&#xD;
WinRT Intellisense IoT - Other Languages ***** 10.1.22621.2428&#xD;
Windows SDK Desktop Headers arm ***** 10.1.22621.2428&#xD;
vs_codecoveragemsi ***** 17.8.34129&#xD;
Microsoft .NET Framework 4.5 Multi-Targeting Pack ***** 4.5.50710&#xD;
Windows Team Extension SDK Contracts ***** 10.1.22621.2428&#xD;
Windows SDK Signing Tools ***** 10.1.17763.132&#xD;
vs_cuitcommoncoremsi17 ***** 17.8.34205&#xD;
Windows SDK Desktop Headers arm64 ***** 10.1.22621.2428&#xD;
Windows SDK AddOn ***** 10.1.0.0&#xD;
vs_communitymsi ***** 16.11.31911&#xD;
Microsoft Visual C++ 2022 X86 Additional Runtime - 14.38.33130 ***** 14.38.33130&#xD;
Windows SDK Signing Tools ***** 10.1.22621.2428&#xD;
WinAppDeploy ***** 10.1.22621.2428&#xD;
Universal CRT Redistributable ***** 10.1.17763.132&#xD;
Windows Team Extension SDK Contracts ***** 10.1.19041.685&#xD;
Windows Software Development Kit - Windows 10.0.17763.132 ***** 10.1.17763.132&#xD;
icecap_collectionresources ***** 17.8.34205&#xD;
vs_cuitextensionmsi17_x64 ***** 17.8.34129&#xD;
Windows SDK Desktop Libs x64 ***** 10.1.22621.2428&#xD;
windows_toolscorepkg ***** 17.8.34205&#xD;
Microsoft .NET Framework 4.5.1 Multi-Targeting Pack ***** 4.5.50932&#xD;
Universal CRT Headers Libraries and Sources ***** 10.1.19041.685&#xD;
Windows Phone SDK 8.0 Assemblies for Visual Studio 2019 ***** 16.0.31404&#xD;
MSI Development Tools ***** 10.1.17763.132&#xD;
icecap_collectionresourcesx64 ***** 17.8.34205&#xD;
TypeScript SDK ***** 4.3.5.0&#xD;
Microsoft .NET Runtime - 6.0.25 (x86) ***** 48.100.4028&#xD;
Windows SDK for Windows Store Apps Headers ***** 10.1.22621.2428&#xD;
vs_cuitextensionmsi16 ***** 16.11.32802&#xD;
WinRT Intellisense Mobile - en-us ***** 10.1.22621.2428&#xD;
Windows Mobile Extension SDK Contracts ***** 10.1.17763.132&#xD;
Universal CRT Headers Libraries and Sources ***** 10.1.22621.2428&#xD;
WinAppDeploy ***** 10.1.17763.132&#xD;
Windows Mobile Extension SDK ***** 10.1.19041.685&#xD;
Microsoft System CLR Types for SQL Server 2019 CTP2.2 ***** 15.0.1200.24&#xD;
vs_clickoncesigntoolmsi ***** 17.8.34129&#xD;
Windows SDK ARM Desktop Tools ***** 10.1.22621.2428&#xD;
Microsoft NetStandard SDK ***** 15.0.51105&#xD;
WinRT Intellisense Desktop - en-us ***** 10.1.22621.2428&#xD;
Windows SDK EULA ***** 10.1.22621.2428&#xD;
Windows SDK for Windows Store Apps Libs ***** 10.1.22621.2428&#xD;
Windows Software Development Kit - Windows 10.0.22621.2428 ***** 10.1.22621.2428&#xD;
WinRT Intellisense PPI - Other Languages ***** 10.1.17763.132&#xD;
Microsoft ASP.NET Core 8.0.0 Targeting Pack (x86) ***** 8.0.0.23531&#xD;
Windows SDK for Windows Store Apps Headers ***** 10.1.17763.132&#xD;
WinRT Intellisense Desktop - Other Languages ***** 10.1.22621.2428&#xD;
Windows Mobile Extension SDK Contracts ***** 10.1.19041.685&#xD;
MSI Development Tools ***** 10.1.19041.685&#xD;
Windows SDK Modern Versioned Developer Tools ***** 10.1.22621.2428&#xD;
Universal CRT Extension SDK ***** 10.1.17763.132&#xD;
Microsoft ASP.NET Diagnostic Pack for Visual Studio ***** 17.8.358.6298&#xD;
Windows SDK Desktop Libs x86 ***** 10.1.19041.685&#xD;
WinRT Intellisense IoT - en-us ***** 10.1.17763.132&#xD;
Microsoft .NET Framework 4.7 Targeting Pack (ENU) ***** 4.7.02053&#xD;
Windows SDK Desktop Tools x64 ***** 10.1.17763.132&#xD;
WinRT Intellisense PPI - en-us ***** 10.1.17763.132&#xD;
Microsoft TestPlatform SDK Local Feed ***** 17.0.0.5175695&#xD;
vs_cuitextensionmsi17 ***** 17.8.34205&#xD;
vs_FileTracker_Singleton ***** 17.8.34205&#xD;
vs_minshellmsi ***** 16.11.33130&#xD;
WinRT Intellisense UAP - Other Languages ***** 10.1.19041.685&#xD;
vs_minshellinteropmsi ***** 16.10.31306&#xD;
Windows SDK for Windows Store Apps Contracts ***** 10.1.22621.2428&#xD;
vs_clickoncebootstrappermsires ***** 17.8.34129&#xD;
Microsoft .NET Framework 4.6.1 Targeting Pack ***** 4.6.01055&#xD;
Windows SDK for Windows Store Apps Headers ***** 10.1.19041.685&#xD;
windows_toolscorepkg ***** 16.11.32406&#xD;
Universal CRT Tools x86 ***** 10.1.22621.2428&#xD;
Visual C++ Library CRT Appx Resource Package ***** 14.38.33130&#xD;
Windows SDK for Windows Store Apps Tools ***** 10.1.22621.2428&#xD;
Windows SDK DirectX x86 Remote ***** 10.1.22621.2428&#xD;
Microsoft Windows Desktop Targeting Pack - 8.0.0 (x86) ***** 64.0.5329&#xD;
Windows SDK for Windows Store Apps DirectX x86 Remote ***** 10.1.17763.132&#xD;
Windows SDK ARM Desktop Tools ***** 10.1.19041.685&#xD;
Windows Desktop Extension SDK Contracts ***** 10.1.17763.132&#xD;
Windows SDK for Windows Store Apps ***** 10.1.22621.2428&#xD;
Microsoft .NET Framework 4.8 SDK ***** 4.8.03928&#xD;
Windows SDK Desktop Libs arm64 ***** 10.1.19041.685&#xD;
vs_communitysharedmsi ***** 17.8.34205&#xD;
Microsoft ASP.NET Core 8.0.0 Shared Framework (x86) ***** 8.0.0.23531&#xD;
Windows SDK for Windows Store Managed Apps Libs ***** 10.1.17763.132&#xD;
SDK ARM Additions ***** 10.1.22621.2428&#xD;
Windows SDK Desktop Libs arm ***** 10.1.22621.2428&#xD;
Windows SDK Desktop Tools arm64 ***** 10.1.17763.132&#xD;
icecap_collection_neutral ***** 17.8.34205&#xD;
Microsoft Visual Studio Setup WMI Provider ***** 3.8.2091.34612&#xD;
Windows SDK for Windows Store Managed Apps Libs ***** 10.1.22621.2428&#xD;
Visual C++ Library CRT Appx Package ***** 14.38.33130&#xD;
Windows SDK for Windows Store Apps Metadata ***** 10.1.17763.132&#xD;
WinRT Intellisense PPI - en-us ***** 10.1.22621.2428&#xD;
Windows Desktop Extension SDK Contracts ***** 10.1.19041.685&#xD;
Windows SDK Desktop Tools x86 ***** 10.1.22621.2428&#xD;
Microsoft .NET Framework 4.8 Targeting Pack (ENU) ***** 4.8.03761&#xD;
Windows SDK EULA ***** 10.1.19041.685&#xD;
Universal CRT Redistributable ***** 10.1.19041.685&#xD;
vs_filehandler_x86 ***** 17.8.34205&#xD;
Windows SDK Modern Non-Versioned Developer Tools ***** 10.1.22621.2428&#xD;
Universal General MIDI DLS Extension SDK ***** 10.1.19041.685&#xD;
Windows Team Extension SDK ***** 10.1.17763.132&#xD;
Windows IoT Extension SDK Contracts ***** 10.1.17763.132&#xD;
vs_devenvmsi ***** 16.0.28329&#xD;
Windows SDK Desktop Libs x64 ***** 10.1.17763.132&#xD;
Windows SDK Desktop Tools arm64 ***** 10.1.22621.2428&#xD;
Microsoft Windows Desktop Runtime - 6.0.25 (x86) ***** 48.100.4037&#xD;
vs_vswebprotocolselectormsi ***** 17.8.34129&#xD;
WinRT Intellisense UAP - en-us ***** 10.1.17763.132&#xD;
Microsoft .NET Targeting Pack - 6.0.25 (x86) ***** 48.100.4028&#xD;
Windows Desktop Extension SDK ***** 10.1.22621.2428&#xD;
Windows Mobile Extension SDK ***** 10.1.17763.132&#xD;
Microsoft .NET Host - 8.0.0 (x86) ***** 64.0.4211&#xD;
WinRT Intellisense Desktop - Other Languages ***** 10.1.19041.685&#xD;
Microsoft .NET Framework 4.7.2 Targeting Pack (ENU) ***** 4.7.03062&#xD;
Windows SDK Signing Tools ***** 10.1.19041.685&#xD;
SDK ARM Redistributables ***** 10.1.22621.2428&#xD;
Microsoft .NET Framework 4.5.2 Multi-Targeting Pack ***** 4.5.51209&#xD;
Windows Desktop Extension SDK Contracts ***** 10.1.22621.2428&#xD;
Windows SDK for Windows Store Apps Tools ***** 10.1.17763.132&#xD;
Microsoft .NET Runtime - 8.0.0 (x86) ***** 64.0.4211&#xD;
Microsoft .NET Framework 4.8 Targeting Pack ***** 4.8.03761&#xD;
WinRT Intellisense Desktop - en-us ***** 10.1.19041.685&#xD;
Microsoft ASP.NET Web Tools Packages 17.0 - ENU ***** 17.0.30714.0&#xD;
Windows App Certification Kit x64 (OnecoreUAP) ***** 10.1.22621.2428&#xD;
WinRT Intellisense UAP - Other Languages ***** 10.1.22621.2428&#xD;
Windows SDK Desktop Headers arm ***** 10.1.17763.132&#xD;
Windows SDK Modern Versioned Developer Tools ***** 10.1.17763.132&#xD;
Windows Team Extension SDK ***** 10.1.22621.2428&#xD;
Windows SDK for Windows Store Apps Metadata ***** 10.1.22621.2428&#xD;
Windows IoT Extension SDK ***** 10.1.22621.2428&#xD;
Windows SDK Redistributables ***** 10.1.22621.2428&#xD;
Microsoft UniversalWindowsPlatform SDK ***** 15.9.16&#xD;
Microsoft Visual Studio Setup Configuration ***** 3.8.2091.34612&#xD;
Windows SDK Desktop Headers x64 ***** 10.1.19041.685&#xD;
Windows SDK Desktop Headers arm64 ***** 10.1.19041.685&#xD;
IntelliTraceProfilerProxy ***** 15.0.21225.01&#xD;
Windows SDK Desktop Headers x86 ***** 10.1.17763.132&#xD;
Windows SDK Facade Windows WinMD Versioned ***** 10.1.17763.132&#xD;
Universal CRT Headers Libraries and Sources ***** 10.1.17763.132&#xD;
vs_devenvsharedmsi ***** 17.8.34129&#xD;
Windows Team Extension SDK ***** 10.1.19041.685&#xD;
Universal General MIDI DLS Extension SDK ***** 10.1.17763.132&#xD;
Microsoft .NET Framework 4 Multi-Targeting Pack ***** 4.0.30319&#xD;
Update for  (KB2504637) ***** 1&#xD;
vs_networkemulationmsi_x64 ***** 17.8.34129&#xD;
icecap_collectionresources ***** 16.10.31306&#xD;
Windows SDK Facade Windows WinMD Versioned ***** 10.1.22621.2428&#xD;
Windows Desktop Extension SDK ***** 10.1.19041.685&#xD;
Windows SDK Desktop Libs x86 ***** 10.1.17763.132&#xD;
Microsoft ASP.NET Core 6.0.25 Shared Framework (x86) ***** 6.0.25.23523&#xD;
Windows App Certification Kit SupportedApiList x86 ***** 10.1.22621.2428&#xD;
Universal CRT Extension SDK ***** 10.1.22621.2428&#xD;
Microsoft .NET Host FX Resolver - 8.0.0 (x86) ***** 64.0.4211&#xD;
Windows SDK for Windows Store Apps Libs ***** 10.1.17763.132&#xD;
vs_codeduitestframeworkmsi ***** 17.8.34129&#xD;
vs_cuitcommoncoremsi16 ***** 16.5.29521&#xD;
Microsoft Visual C++ 2022 X86 Minimum Runtime - 14.38.33130 ***** 14.38.33130&#xD;
Microsoft Edge ***** 120.0.2210.121&#xD;
vs_minshellsharedmsi ***** 17.8.34205&#xD;
vs_minshellinteropsharedmsi ***** 17.8.34205&#xD;
WinRT Intellisense Desktop - Other Languages ***** 10.1.17763.132&#xD;
WinRT Intellisense IoT - Other Languages ***** 10.1.17763.132&#xD;
Windows Simulator ***** 16.0.28522&#xD;
Windows SDK ARM Desktop Tools ***** 10.1.17763.132&#xD;
Microsoft ASP.NET Core 6.0.25 Targeting Pack (x86) ***** 6.0.25.23523&#xD;
Microsoft .NET Framework 4.7 Targeting Pack ***** 4.7.02053&#xD;
Windows Desktop Extension SDK ***** 10.1.17763.132&#xD;
vs_SQLClickOnceBootstrappermsi ***** 17.8.34129&#xD;
vs_cuitextensionmsi16_x64 ***** 16.0.28329&#xD;
Windows SDK Desktop Tools x64 ***** 10.1.22621.2428&#xD;
Microsoft .NET Native SDK ***** 15.0.24211.07&#xD;
vs_filehandler_amd64 ***** 17.8.34205&#xD;
vs_BlendMsi ***** 17.8.34129&#xD;
Windows Team Extension SDK Contracts ***** 10.1.17763.132&#xD;
Microsoft Visual C++ 2013 Redistributable (x86) - 12.0.30501 ***** 12.0.30501.0&#xD;
WinRT Intellisense Mobile - en-us ***** 10.1.17763.132&#xD;
Windows SDK Desktop Tools x86 ***** 10.1.17763.132&#xD;
Microsoft Visual C++ 2013 x86 Additional Runtime - 12.0.21005 ***** 12.0.21005&#xD;
Windows SDK Desktop Tools x64 ***** 10.1.19041.685&#xD;
Windows SDK Modern Versioned Developer Tools ***** 10.1.19041.685&#xD;
Microsoft Windows Communication Foundation Diagnostic Pack for x86 ***** 16.0.28329&#xD;
WinRT Intellisense PPI - Other Languages ***** 10.1.19041.685&#xD;
Windows SDK for Windows Store Managed Apps Libs ***** 10.1.19041.685&#xD;
VS Immersive Activate Helper ***** 17.0.125.0&#xD;
Git ***** 2.43.0&#xD;
IIS Express Application Compatibility Database for x64 ***** &#xD;
Microsoft.NET.Workload.Mono.Toolchain.Current.Manifest (x64) ***** 64.0.4211&#xD;
Microsoft ASP.NET Core 6.0.25 Targeting Pack (x64) ***** 6.0.25.23523&#xD;
Microsoft Windows Desktop Runtime - 8.0.0 (x64) ***** 64.0.5329&#xD;
Microsoft.NET.Sdk.Maui.Manifest-8.0.100 (x64) ***** 8.0.3&#xD;
Microsoft Visual C++ 2022 X64 Minimum Runtime - 14.38.33130 ***** 14.38.33130&#xD;
Microsoft .NET AppHost Pack - 6.0.25 (x64_arm64) ***** 48.100.4028&#xD;
Microsoft .NET AppHost Pack - 6.0.25 (x64) ***** 48.100.4028&#xD;
icecap_collection_x64 ***** 16.10.31306&#xD;
Microsoft .NET 6.0 Templates 8.0.100 (x64) ***** 24.6.61899&#xD;
Microsoft.NET.Workload.Emscripten.net6.Manifest (x64) ***** 64.0.4194&#xD;
Microsoft .NET AppHost Pack - 8.0.0 (x64_arm64) ***** 64.0.4211&#xD;
Microsoft .NET Runtime - 6.0.25 (x64) ***** 48.100.4028&#xD;
Microsoft SQL Server 2019 LocalDB  ***** 15.0.4153.1&#xD;
Microsoft .NET AppHost Pack - 8.0.0 (x64) ***** 64.0.4211&#xD;
Microsoft .NET Host FX Resolver - 8.0.0 (x64) ***** 64.0.4211&#xD;
Microsoft Windows Desktop Targeting Pack - 8.0.0 (x64) ***** 64.0.5329&#xD;
vs_devenx64vmsi ***** 17.8.34129&#xD;
Microsoft Command Line Utilities 15 for SQL Server ***** 15.0.1300.359&#xD;
Universal CRT Tools x64 ***** 10.1.22621.2428&#xD;
Microsoft.NET.Sdk.tvOS.Manifest-8.0.100 (x64) ***** 17.0.8478&#xD;
Application Verifier x64 External Package (DesktopEditions) ***** 10.1.22621.2428&#xD;
Microsoft System CLR Types for SQL Server 2019 ***** 15.0.2000.5&#xD;
vs_minshellinteropx64msi ***** 17.8.34129&#xD;
Microsoft .NET SDK 8.0.100 (x64) from Visual Studio ***** 8.1.23.55115&#xD;
Windows App Certification Kit Native Components ***** 10.1.22621.2428&#xD;
Microsoft Policy Platform ***** 68.1.1010.0&#xD;
Active Directory Authentication Library for SQL Server ***** 15.0.1300.359&#xD;
Microsoft.NET.Sdk.iOS.Manifest-8.0.100 (x64) ***** 17.0.8478&#xD;
Microsoft.NET.Workload.Emscripten.net7.Manifest (x64) ***** 64.0.4194&#xD;
Microsoft.NET.Workload.Emscripten.Current.Manifest (x64) ***** 64.0.4194&#xD;
Microsoft Visual Studio Installer ***** 3.8.2112.61926&#xD;
Microsoft .NET Toolset 8.0.100 (x64) ***** 32.6.61899&#xD;
Microsoft .NET Runtime - 8.0.0 (x64) ***** 64.0.4211&#xD;
Microsoft ODBC Driver 17 for SQL Server ***** 17.7.2.1&#xD;
Microsoft .NET 8.0 Templates 8.0.100 (x64) ***** 32.6.61899&#xD;
Application Verifier x64 External Package ***** 10.1.19041.685&#xD;
Microsoft.NET.Sdk.MacCatalyst.Manifest-8.0.100 (x64) ***** 17.0.8478&#xD;
Microsoft .NET Targeting Pack - 6.0.25 (x64) ***** 48.100.4028&#xD;
Configuration Manager Client ***** 5.00.9096.1000&#xD;
Microsoft ASP.NET Core 8.0.0 Shared Framework (x64) ***** 8.0.0.23531&#xD;
Microsoft SQL Server 2016 LocalDB  ***** 13.1.4001.0&#xD;
Microsoft Visual C++ 2013 x64 Additional Runtime - 12.0.21005 ***** 12.0.21005&#xD;
Microsoft .NET Targeting Pack - 8.0.0 (x64) ***** 64.0.4211&#xD;
Microsoft.NET.Sdk.macOS.Manifest-8.0.100 (x64) ***** 14.0.8478&#xD;
Microsoft.NET.Workload.Mono.Toolchain.net6.Manifest (x64) ***** 64.0.4211&#xD;
Microsoft ASP.NET Core 8.0.0 Targeting Pack (x64) ***** 8.0.0.23531&#xD;
vs_communityx64msi ***** 17.8.34205&#xD;
Microsoft Windows Desktop Targeting Pack - 6.0.25 (x64) ***** 48.100.4037&#xD;
Microsoft .NET Standard Targeting Pack - 2.1.0 (x64) ***** 24.0.28113&#xD;
Microsoft Visual C++ 2013 x64 Minimum Runtime - 12.0.21005 ***** 12.0.21005&#xD;
PowerShell 7-x64 ***** 7.4.0.0&#xD;
IIS Express Application Compatibility Database for x86 ***** &#xD;
Microsoft Visual C++ 2022 X64 Debug Runtime - 14.38.33130 ***** 14.38.33130&#xD;
Application Verifier x64 External Package ***** 10.1.17763.132&#xD;
Microsoft.NET.Sdk.Android.Manifest-8.0.100 (x64) ***** 34.0.43&#xD;
Microsoft .NET AppHost Pack - 6.0.25 (x64_arm) ***** 48.100.4028&#xD;
Microsoft.NET.Workload.Mono.Toolchain.net7.Manifest (x64) ***** 64.0.4211&#xD;
Microsoft Visual C++ 2022 X64 Additional Runtime - 14.38.33130 ***** 14.38.33130&#xD;
vs_minshellx64msi ***** 17.8.34205&#xD;
Microsoft Web Deploy 4.0 ***** 10.0.7421&#xD;
icecap_collection_x64 ***** 17.8.34205&#xD;
Windows SDK DirectX x64 Remote ***** 10.1.22621.2428&#xD;
VS WCF Debugging ***** 17.0.125.0&#xD;
Windows Firewall Configuration Provider ***** 68.1.9081.1009&#xD;
Microsoft .NET Host - 8.0.0 (x64) ***** 64.0.4211&#xD;
VS Script Debugging Common ***** 17.0.125.0&#xD;
IIS 10.0 Express ***** 10.0.08412&#xD;
Microsoft .NET AppHost Pack - 8.0.0 (x64_x86) ***** 64.0.4211&#xD;
Microsoft Windows Desktop Runtime - 6.0.25 (x64) ***** 48.100.4037&#xD;
Microsoft ASP.NET Core 6.0.25 Shared Framework (x64) ***** 6.0.25.23523&#xD;
Microsoft ASP.NET Core Module V2 for IIS Express ***** 17.0.22116.0&#xD;
Application Verifier x64 External Package (OnecoreUAP) ***** 10.1.22621.2428&#xD;
IntelliTraceProfilerProxy ***** 15.0.21225.01&#xD;
Microsoft .NET AppHost Pack - 6.0.25 (x64_x86) ***** 48.100.4028&#xD;
Microsoft ASP.NET Core Module for IIS Express ***** 12.2.18292.0&#xD;
DiagnosticsHub_CollectionService ***** 17.3.32601&#xD;
******************************************************&#xD;
******************************************************&#xD;
******************************************************&#xD;
Visual Studio Enterprise 2019 ***** 16.11.32&#xD;
Visual Studio Enterprise 2022 ***** 17.8.3&#xD;
Microsoft Edge Update ***** 1.3.181.5&#xD;
Microsoft Edge WebView2 Runtime ***** 120.0.2210.121&#xD;
WinRT Intellisense UAP - Other Languages ***** 10.1.17763.132&#xD;
WinRT Intellisense Desktop - en-us ***** 10.1.17763.132&#xD;
Visual C++ Library CRT Appx Package ***** 14.38.33130&#xD;
Universal CRT Redistributable ***** 10.0.26624&#xD;
Microsoft Visual C++ 2013 Redistributable (x64) - 12.0.30501 ***** 12.0.30501.0&#xD;
Visual C++ Library CRT Desktop Appx Package ***** 14.38.33130&#xD;
Windows IoT Extension SDK Contracts ***** 10.1.22621.2428&#xD;
Windows SDK Desktop Tools arm64 ***** 10.1.19041.685&#xD;
Microsoft .NET Targeting Pack - 8.0.0 (x86) ***** 64.0.4211&#xD;
Windows IoT Extension SDK ***** 10.1.19041.685&#xD;
WinRT Intellisense UAP - en-us ***** 10.1.22621.2428&#xD;
WinRT Intellisense UAP - en-us ***** 10.1.19041.685&#xD;
Windows Simulator - ENU ***** 16.0.28522&#xD;
Windows SDK for Windows Store Apps DirectX x86 Remote ***** 10.1.19041.685&#xD;
Windows Mobile Extension SDK Contracts ***** 10.1.22621.2428&#xD;
icecap_collection_neutral ***** 16.10.31306&#xD;
Windows IoT Extension SDK ***** 10.1.17763.132&#xD;
Microsoft .NET CoreRuntime SDK ***** 1.1.27004.0&#xD;
Microsoft Visual C++ 2013 x86 Minimum Runtime - 12.0.21005 ***** 12.0.21005&#xD;
WinRT Intellisense PPI - en-us ***** 10.1.19041.685&#xD;
Windows SDK Desktop Libs x64 ***** 10.1.19041.685&#xD;
Microsoft .NET Framework 4.7.2 Targeting Pack ***** 4.7.03062&#xD;
vs_CoreEditorFonts ***** 17.7.40001&#xD;
Microsoft .NET Framework Cumulative Intellisense Pack for Visual Studio (ENU) ***** 4.8.09037&#xD;
Windows SDK Desktop Tools x86 ***** 10.1.19041.685&#xD;
Visual C++ Library CRT Desktop Appx Package ***** 14.38.33130&#xD;
Microsoft Visual C++ 2015-2022 Redistributable (x64) - 14.38.33130 ***** 14.38.33130.0&#xD;
Windows SDK for Windows Store Apps Libs ***** 10.1.19041.685&#xD;
Universal CRT Redistributable ***** 10.1.22621.2428&#xD;
WinRT Intellisense IoT - Other Languages ***** 10.1.19041.685&#xD;
ClickOnce Bootstrapper Package for Microsoft .NET Framework ***** 4.8.09037&#xD;
Visual C++ Library CRT Desktop Appx Package ***** 14.38.33130&#xD;
Microsoft Windows Communication Foundation Diagnostic Pack for x86 ***** 17.8.34205&#xD;
Windows SDK ***** 10.1.22621.2428&#xD;
Windows Mobile Extension SDK ***** 10.1.22621.2428&#xD;
Kits Configuration Installer ***** 10.1.17763.132&#xD;
Windows SDK for Windows Store Apps Contracts ***** 10.1.19041.685&#xD;
Windows SDK Desktop Libs arm ***** 10.1.19041.685&#xD;
WinAppDeploy ***** 10.1.19041.685&#xD;
Microsoft .NET Framework 4.6 Targeting Pack ***** 4.6.00081&#xD;
Windows SDK for Windows Store Apps Metadata ***** 10.1.19041.685&#xD;
Microsoft Visual C++ 2015-2022 Redistributable (x86) - 14.38.33130 ***** 14.38.33130.0&#xD;
Windows SDK Facade Windows WinMD Versioned ***** 10.1.19041.685&#xD;
Windows SDK EULA ***** 10.1.17763.132&#xD;
Windows SDK Desktop Libs arm64 ***** 10.1.22621.2428&#xD;
Windows SDK Desktop Libs arm ***** 10.1.17763.132&#xD;
Windows SDK for Windows Store Apps DirectX x86 Remote ***** 10.1.22621.2428&#xD;
WinRT Intellisense IoT - en-us ***** 10.1.22621.2428&#xD;
WinRT Intellisense IoT - en-us ***** 10.1.19041.685&#xD;
Microsoft .NET Framework 4.7 SDK ***** 4.7.02053&#xD;
Windows SDK Desktop Headers x64 ***** 10.1.22621.2428&#xD;
Windows SDK for Windows Store Apps Contracts ***** 10.1.17763.132&#xD;
icecap_collectionresourcesx64 ***** 16.10.31306&#xD;
vs_minshellmsires ***** 17.8.34205&#xD;
vs_communitymsires ***** 17.8.34205&#xD;
Microsoft Windows Desktop Targeting Pack - 6.0.25 (x86) ***** 48.100.4037&#xD;
Microsoft Visual C++ 2022 X86 Debug Runtime - 14.38.33130 ***** 14.38.33130&#xD;
Windows SDK Desktop Headers x86 ***** 10.1.19041.685&#xD;
Windows SDK Desktop Libs x86 ***** 10.1.22621.2428&#xD;
Windows App Certification Kit x64 ***** 10.1.22621.2428&#xD;
vs_tipsmsi ***** 17.8.34129&#xD;
Windows SDK Desktop Headers arm64 ***** 10.1.17763.132&#xD;
WinRT Intellisense Mobile - en-us ***** 10.1.19041.685&#xD;
Windows Software Development Kit - Windows 10.0.19041.685 ***** 10.1.19041.685&#xD;
WinRT Intellisense PPI - Other Languages ***** 10.1.22621.2428&#xD;
Visual C++ Library CRT ARM64 Appx Package ***** 14.38.33130&#xD;
Microsoft .NET CoreRuntime For CoreCon ***** 1.0.0.0&#xD;
Windows SDK Desktop Headers x64 ***** 10.1.17763.132&#xD;
vs_clickoncebootstrappermsi ***** 17.8.34205&#xD;
Windows IoT Extension SDK Contracts ***** 10.1.19041.685&#xD;
Microsoft ASP.NET Web Tools Packages 16.0 - ENU ***** 1.0.21125.0&#xD;
Microsoft HTML Help Workshop Package ***** 4.74.8702&#xD;
Universal General MIDI DLS Extension SDK ***** 10.1.22621.2428&#xD;
Windows SDK for Windows Store Apps Tools ***** 10.1.19041.685&#xD;
vs_githubprotocolhandlermsi ***** 17.8.34129&#xD;
Windows SDK Desktop Headers arm ***** 10.1.19041.685&#xD;
vcpp_crt.redist.clickonce ***** 14.38.33130&#xD;
Universal CRT Extension SDK ***** 10.1.19041.685&#xD;
Windows SDK Desktop Headers x86 ***** 10.1.22621.2428&#xD;
MSI Development Tools ***** 10.1.22621.2428&#xD;
Windows SDK Desktop Libs arm64 ***** 10.1.17763.132&#xD;
Microsoft Windows Desktop Runtime - 8.0.0 (x86) ***** 64.0.5329&#xD;
WinRT Intellisense IoT - Other Languages ***** 10.1.22621.2428&#xD;
Windows SDK Desktop Headers arm ***** 10.1.22621.2428&#xD;
vs_codecoveragemsi ***** 17.8.34129&#xD;
Microsoft .NET Framework 4.5 Multi-Targeting Pack ***** 4.5.50710&#xD;
Windows Team Extension SDK Contracts ***** 10.1.22621.2428&#xD;
Windows SDK Signing Tools ***** 10.1.17763.132&#xD;
vs_cuitcommoncoremsi17 ***** 17.8.34205&#xD;
Windows SDK Desktop Headers arm64 ***** 10.1.22621.2428&#xD;
Windows SDK AddOn ***** 10.1.0.0&#xD;
vs_communitymsi ***** 16.11.31911&#xD;
Microsoft Visual C++ 2022 X86 Additional Runtime - 14.38.33130 ***** 14.38.33130&#xD;
Windows SDK Signing Tools ***** 10.1.22621.2428&#xD;
WinAppDeploy ***** 10.1.22621.2428&#xD;
Universal CRT Redistributable ***** 10.1.17763.132&#xD;
Windows Team Extension SDK Contracts ***** 10.1.19041.685&#xD;
Windows Software Development Kit - Windows 10.0.17763.132 ***** 10.1.17763.132&#xD;
icecap_collectionresources ***** 17.8.34205&#xD;
vs_cuitextensionmsi17_x64 ***** 17.8.34129&#xD;
Windows SDK Desktop Libs x64 ***** 10.1.22621.2428&#xD;
windows_toolscorepkg ***** 17.8.34205&#xD;
Microsoft .NET Framework 4.5.1 Multi-Targeting Pack ***** 4.5.50932&#xD;
Universal CRT Headers Libraries and Sources ***** 10.1.19041.685&#xD;
Windows Phone SDK 8.0 Assemblies for Visual Studio 2019 ***** 16.0.31404&#xD;
MSI Development Tools ***** 10.1.17763.132&#xD;
icecap_collectionresourcesx64 ***** 17.8.34205&#xD;
TypeScript SDK ***** 4.3.5.0&#xD;
Microsoft .NET Runtime - 6.0.25 (x86) ***** 48.100.4028&#xD;
Windows SDK for Windows Store Apps Headers ***** 10.1.22621.2428&#xD;
vs_cuitextensionmsi16 ***** 16.11.32802&#xD;
WinRT Intellisense Mobile - en-us ***** 10.1.22621.2428&#xD;
Windows Mobile Extension SDK Contracts ***** 10.1.17763.132&#xD;
Universal CRT Headers Libraries and Sources ***** 10.1.22621.2428&#xD;
WinAppDeploy ***** 10.1.17763.132&#xD;
Windows Mobile Extension SDK ***** 10.1.19041.685&#xD;
Microsoft System CLR Types for SQL Server 2019 CTP2.2 ***** 15.0.1200.24&#xD;
vs_clickoncesigntoolmsi ***** 17.8.34129&#xD;
Windows SDK ARM Desktop Tools ***** 10.1.22621.2428&#xD;
Microsoft NetStandard SDK ***** 15.0.51105&#xD;
WinRT Intellisense Desktop - en-us ***** 10.1.22621.2428&#xD;
Windows SDK EULA ***** 10.1.22621.2428&#xD;
Windows SDK for Windows Store Apps Libs ***** 10.1.22621.2428&#xD;
Windows Software Development Kit - Windows 10.0.22621.2428 ***** 10.1.22621.2428&#xD;
WinRT Intellisense PPI - Other Languages ***** 10.1.17763.132&#xD;
Microsoft ASP.NET Core 8.0.0 Targeting Pack (x86) ***** 8.0.0.23531&#xD;
Windows SDK for Windows Store Apps Headers ***** 10.1.17763.132&#xD;
WinRT Intellisense Desktop - Other Languages ***** 10.1.22621.2428&#xD;
Windows Mobile Extension SDK Contracts ***** 10.1.19041.685&#xD;
MSI Development Tools ***** 10.1.19041.685&#xD;
Windows SDK Modern Versioned Developer Tools ***** 10.1.22621.2428&#xD;
Universal CRT Extension SDK ***** 10.1.17763.132&#xD;
Microsoft ASP.NET Diagnostic Pack for Visual Studio ***** 17.8.358.6298&#xD;
Windows SDK Desktop Libs x86 ***** 10.1.19041.685&#xD;
WinRT Intellisense IoT - en-us ***** 10.1.17763.132&#xD;
Microsoft .NET Framework 4.7 Targeting Pack (ENU) ***** 4.7.02053&#xD;
Windows SDK Desktop Tools x64 ***** 10.1.17763.132&#xD;
WinRT Intellisense PPI - en-us ***** 10.1.17763.132&#xD;
Microsoft TestPlatform SDK Local Feed ***** 17.0.0.5175695&#xD;
vs_cuitextensionmsi17 ***** 17.8.34205&#xD;
vs_FileTracker_Singleton ***** 17.8.34205&#xD;
vs_minshellmsi ***** 16.11.33130&#xD;
WinRT Intellisense UAP - Other Languages ***** 10.1.19041.685&#xD;
vs_minshellinteropmsi ***** 16.10.31306&#xD;
Windows SDK for Windows Store Apps Contracts ***** 10.1.22621.2428&#xD;
vs_clickoncebootstrappermsires ***** 17.8.34129&#xD;
Microsoft .NET Framework 4.6.1 Targeting Pack ***** 4.6.01055&#xD;
Windows SDK for Windows Store Apps Headers ***** 10.1.19041.685&#xD;
windows_toolscorepkg ***** 16.11.32406&#xD;
Universal CRT Tools x86 ***** 10.1.22621.2428&#xD;
Visual C++ Library CRT Appx Resource Package ***** 14.38.33130&#xD;
Windows SDK for Windows Store Apps Tools ***** 10.1.22621.2428&#xD;
Windows SDK DirectX x86 Remote ***** 10.1.22621.2428&#xD;
Microsoft Windows Desktop Targeting Pack - 8.0.0 (x86) ***** 64.0.5329&#xD;
Windows SDK for Windows Store Apps DirectX x86 Remote ***** 10.1.17763.132&#xD;
Windows SDK ARM Desktop Tools ***** 10.1.19041.685&#xD;
Windows Desktop Extension SDK Contracts ***** 10.1.17763.132&#xD;
Windows SDK for Windows Store Apps ***** 10.1.22621.2428&#xD;
Microsoft .NET Framework 4.8 SDK ***** 4.8.03928&#xD;
Windows SDK Desktop Libs arm64 ***** 10.1.19041.685&#xD;
vs_communitysharedmsi ***** 17.8.34205&#xD;
Microsoft ASP.NET Core 8.0.0 Shared Framework (x86) ***** 8.0.0.23531&#xD;
Windows SDK for Windows Store Managed Apps Libs ***** 10.1.17763.132&#xD;
SDK ARM Additions ***** 10.1.22621.2428&#xD;
Windows SDK Desktop Libs arm ***** 10.1.22621.2428&#xD;
Windows SDK Desktop Tools arm64 ***** 10.1.17763.132&#xD;
icecap_collection_neutral ***** 17.8.34205&#xD;
Microsoft Visual Studio Setup WMI Provider ***** 3.8.2091.34612&#xD;
Windows SDK for Windows Store Managed Apps Libs ***** 10.1.22621.2428&#xD;
Visual C++ Library CRT Appx Package ***** 14.38.33130&#xD;
Windows SDK for Windows Store Apps Metadata ***** 10.1.17763.132&#xD;
WinRT Intellisense PPI - en-us ***** 10.1.22621.2428&#xD;
Windows Desktop Extension SDK Contracts ***** 10.1.19041.685&#xD;
Windows SDK Desktop Tools x86 ***** 10.1.22621.2428&#xD;
Microsoft .NET Framework 4.8 Targeting Pack (ENU) ***** 4.8.03761&#xD;
Windows SDK EULA ***** 10.1.19041.685&#xD;
Universal CRT Redistributable ***** 10.1.19041.685&#xD;
vs_filehandler_x86 ***** 17.8.34205&#xD;
Windows SDK Modern Non-Versioned Developer Tools ***** 10.1.22621.2428&#xD;
Universal General MIDI DLS Extension SDK ***** 10.1.19041.685&#xD;
Windows Team Extension SDK ***** 10.1.17763.132&#xD;
Windows IoT Extension SDK Contracts ***** 10.1.17763.132&#xD;
vs_devenvmsi ***** 16.0.28329&#xD;
Windows SDK Desktop Libs x64 ***** 10.1.17763.132&#xD;
Windows SDK Desktop Tools arm64 ***** 10.1.22621.2428&#xD;
Microsoft Windows Desktop Runtime - 6.0.25 (x86) ***** 48.100.4037&#xD;
vs_vswebprotocolselectormsi ***** 17.8.34129&#xD;
WinRT Intellisense UAP - en-us ***** 10.1.17763.132&#xD;
Microsoft .NET Targeting Pack - 6.0.25 (x86) ***** 48.100.4028&#xD;
Windows Desktop Extension SDK ***** 10.1.22621.2428&#xD;
Windows Mobile Extension SDK ***** 10.1.17763.132&#xD;
Microsoft .NET Host - 8.0.0 (x86) ***** 64.0.4211&#xD;
WinRT Intellisense Desktop - Other Languages ***** 10.1.19041.685&#xD;
Microsoft .NET Framework 4.7.2 Targeting Pack (ENU) ***** 4.7.03062&#xD;
Windows SDK Signing Tools ***** 10.1.19041.685&#xD;
SDK ARM Redistributables ***** 10.1.22621.2428&#xD;
Microsoft .NET Framework 4.5.2 Multi-Targeting Pack ***** 4.5.51209&#xD;
Windows Desktop Extension SDK Contracts ***** 10.1.22621.2428&#xD;
Windows SDK for Windows Store Apps Tools ***** 10.1.17763.132&#xD;
Microsoft .NET Runtime - 8.0.0 (x86) ***** 64.0.4211&#xD;
Microsoft .NET Framework 4.8 Targeting Pack ***** 4.8.03761&#xD;
WinRT Intellisense Desktop - en-us ***** 10.1.19041.685&#xD;
Microsoft ASP.NET Web Tools Packages 17.0 - ENU ***** 17.0.30714.0&#xD;
Windows App Certification Kit x64 (OnecoreUAP) ***** 10.1.22621.2428&#xD;
WinRT Intellisense UAP - Other Languages ***** 10.1.22621.2428&#xD;
Windows SDK Desktop Headers arm ***** 10.1.17763.132&#xD;
Windows SDK Modern Versioned Developer Tools ***** 10.1.17763.132&#xD;
Windows Team Extension SDK ***** 10.1.22621.2428&#xD;
Windows SDK for Windows Store Apps Metadata ***** 10.1.22621.2428&#xD;
Windows IoT Extension SDK ***** 10.1.22621.2428&#xD;
Windows SDK Redistributables ***** 10.1.22621.2428&#xD;
Microsoft UniversalWindowsPlatform SDK ***** 15.9.16&#xD;
Microsoft Visual Studio Setup Configuration ***** 3.8.2091.34612&#xD;
Windows SDK Desktop Headers x64 ***** 10.1.19041.685&#xD;
Windows SDK Desktop Headers arm64 ***** 10.1.19041.685&#xD;
IntelliTraceProfilerProxy ***** 15.0.21225.01&#xD;
Windows SDK Desktop Headers x86 ***** 10.1.17763.132&#xD;
Windows SDK Facade Windows WinMD Versioned ***** 10.1.17763.132&#xD;
Universal CRT Headers Libraries and Sources ***** 10.1.17763.132&#xD;
vs_devenvsharedmsi ***** 17.8.34129&#xD;
Windows Team Extension SDK ***** 10.1.19041.685&#xD;
Universal General MIDI DLS Extension SDK ***** 10.1.17763.132&#xD;
Microsoft .NET Framework 4 Multi-Targeting Pack ***** 4.0.30319&#xD;
Update for  (KB2504637) ***** 1&#xD;
vs_networkemulationmsi_x64 ***** 17.8.34129&#xD;
icecap_collectionresources ***** 16.10.31306&#xD;
Windows SDK Facade Windows WinMD Versioned ***** 10.1.22621.2428&#xD;
Windows Desktop Extension SDK ***** 10.1.19041.685&#xD;
Windows SDK Desktop Libs x86 ***** 10.1.17763.132&#xD;
Microsoft ASP.NET Core 6.0.25 Shared Framework (x86) ***** 6.0.25.23523&#xD;
Windows App Certification Kit SupportedApiList x86 ***** 10.1.22621.2428&#xD;
Universal CRT Extension SDK ***** 10.1.22621.2428&#xD;
Microsoft .NET Host FX Resolver - 8.0.0 (x86) ***** 64.0.4211&#xD;
Windows SDK for Windows Store Apps Libs ***** 10.1.17763.132&#xD;
vs_codeduitestframeworkmsi ***** 17.8.34129&#xD;
vs_cuitcommoncoremsi16 ***** 16.5.29521&#xD;
Microsoft Visual C++ 2022 X86 Minimum Runtime - 14.38.33130 ***** 14.38.33130&#xD;
Microsoft Edge ***** 120.0.2210.121&#xD;
vs_minshellsharedmsi ***** 17.8.34205&#xD;
vs_minshellinteropsharedmsi ***** 17.8.34205&#xD;
WinRT Intellisense Desktop - Other Languages ***** 10.1.17763.132&#xD;
WinRT Intellisense IoT - Other Languages ***** 10.1.17763.132&#xD;
Windows Simulator ***** 16.0.28522&#xD;
Windows SDK ARM Desktop Tools ***** 10.1.17763.132&#xD;
Microsoft ASP.NET Core 6.0.25 Targeting Pack (x86) ***** 6.0.25.23523&#xD;
Microsoft .NET Framework 4.7 Targeting Pack ***** 4.7.02053&#xD;
Windows Desktop Extension SDK ***** 10.1.17763.132&#xD;
vs_SQLClickOnceBootstrappermsi ***** 17.8.34129&#xD;
vs_cuitextensionmsi16_x64 ***** 16.0.28329&#xD;
Windows SDK Desktop Tools x64 ***** 10.1.22621.2428&#xD;
Microsoft .NET Native SDK ***** 15.0.24211.07&#xD;
vs_filehandler_amd64 ***** 17.8.34205&#xD;
vs_BlendMsi ***** 17.8.34129&#xD;
Windows Team Extension SDK Contracts ***** 10.1.17763.132&#xD;
Microsoft Visual C++ 2013 Redistributable (x86) - 12.0.30501 ***** 12.0.30501.0&#xD;
WinRT Intellisense Mobile - en-us ***** 10.1.17763.132&#xD;
Windows SDK Desktop Tools x86 ***** 10.1.17763.132&#xD;
Microsoft Visual C++ 2013 x86 Additional Runtime - 12.0.21005 ***** 12.0.21005&#xD;
Windows SDK Desktop Tools x64 ***** 10.1.19041.685&#xD;
Windows SDK Modern Versioned Developer Tools ***** 10.1.19041.685&#xD;
Microsoft Windows Communication Foundation Diagnostic Pack for x86 ***** 16.0.28329&#xD;
WinRT Intellisense PPI - Other Languages ***** 10.1.19041.685&#xD;
Windows SDK for Windows Store Managed Apps Libs ***** 10.1.19041.685&#xD;
VS Immersive Activate Helper ***** 17.0.125.0&#xD;
Git ***** 2.43.0&#xD;
IIS Express Application Compatibility Database for x64 ***** &#xD;
Microsoft.NET.Workload.Mono.Toolchain.Current.Manifest (x64) ***** 64.0.4211&#xD;
Microsoft ASP.NET Core 6.0.25 Targeting Pack (x64) ***** 6.0.25.23523&#xD;
Microsoft Windows Desktop Runtime - 8.0.0 (x64) ***** 64.0.5329&#xD;
Microsoft.NET.Sdk.Maui.Manifest-8.0.100 (x64) ***** 8.0.3&#xD;
Microsoft Visual C++ 2022 X64 Minimum Runtime - 14.38.33130 ***** 14.38.33130&#xD;
Microsoft .NET AppHost Pack - 6.0.25 (x64_arm64) ***** 48.100.4028&#xD;
Microsoft .NET AppHost Pack - 6.0.25 (x64) ***** 48.100.4028&#xD;
icecap_collection_x64 ***** 16.10.31306&#xD;
Microsoft .NET 6.0 Templates 8.0.100 (x64) ***** 24.6.61899&#xD;
Microsoft.NET.Workload.Emscripten.net6.Manifest (x64) ***** 64.0.4194&#xD;
Microsoft .NET AppHost Pack - 8.0.0 (x64_arm64) ***** 64.0.4211&#xD;
Microsoft .NET Runtime - 6.0.25 (x64) ***** 48.100.4028&#xD;
Microsoft SQL Server 2019 LocalDB  ***** 15.0.4153.1&#xD;
Microsoft .NET AppHost Pack - 8.0.0 (x64) ***** 64.0.4211&#xD;
Microsoft .NET Host FX Resolver - 8.0.0 (x64) ***** 64.0.4211&#xD;
Microsoft Windows Desktop Targeting Pack - 8.0.0 (x64) ***** 64.0.5329&#xD;
vs_devenx64vmsi ***** 17.8.34129&#xD;
Microsoft Command Line Utilities 15 for SQL Server ***** 15.0.1300.359&#xD;
Universal CRT Tools x64 ***** 10.1.22621.2428&#xD;
Microsoft.NET.Sdk.tvOS.Manifest-8.0.100 (x64) ***** 17.0.8478&#xD;
Application Verifier x64 External Package (DesktopEditions) ***** 10.1.22621.2428&#xD;
Microsoft System CLR Types for SQL Server 2019 ***** 15.0.2000.5&#xD;
vs_minshellinteropx64msi ***** 17.8.34129&#xD;
Microsoft .NET SDK 8.0.100 (x64) from Visual Studio ***** 8.1.23.55115&#xD;
Windows App Certification Kit Native Components ***** 10.1.22621.2428&#xD;
Microsoft Policy Platform ***** 68.1.1010.0&#xD;
Active Directory Authentication Library for SQL Server ***** 15.0.1300.359&#xD;
Microsoft.NET.Sdk.iOS.Manifest-8.0.100 (x64) ***** 17.0.8478&#xD;
Microsoft.NET.Workload.Emscripten.net7.Manifest (x64) ***** 64.0.4194&#xD;
Microsoft.NET.Workload.Emscripten.Current.Manifest (x64) ***** 64.0.4194&#xD;
Microsoft Visual Studio Installer ***** 3.8.2112.61926&#xD;
Microsoft .NET Toolset 8.0.100 (x64) ***** 32.6.61899&#xD;
Microsoft .NET Runtime - 8.0.0 (x64) ***** 64.0.4211&#xD;
Microsoft ODBC Driver 17 for SQL Server ***** 17.7.2.1&#xD;
Microsoft .NET 8.0 Templates 8.0.100 (x64) ***** 32.6.61899&#xD;
Application Verifier x64 External Package ***** 10.1.19041.685&#xD;
Microsoft.NET.Sdk.MacCatalyst.Manifest-8.0.100 (x64) ***** 17.0.8478&#xD;
Microsoft .NET Targeting Pack - 6.0.25 (x64) ***** 48.100.4028&#xD;
Configuration Manager Client ***** 5.00.9096.1000&#xD;
Microsoft ASP.NET Core 8.0.0 Shared Framework (x64) ***** 8.0.0.23531&#xD;
Microsoft SQL Server 2016 LocalDB  ***** 13.1.4001.0&#xD;
Microsoft Visual C++ 2013 x64 Additional Runtime - 12.0.21005 ***** 12.0.21005&#xD;
Microsoft .NET Targeting Pack - 8.0.0 (x64) ***** 64.0.4211&#xD;
Microsoft.NET.Sdk.macOS.Manifest-8.0.100 (x64) ***** 14.0.8478&#xD;
Microsoft.NET.Workload.Mono.Toolchain.net6.Manifest (x64) ***** 64.0.4211&#xD;
Microsoft ASP.NET Core 8.0.0 Targeting Pack (x64) ***** 8.0.0.23531&#xD;
vs_communityx64msi ***** 17.8.34205&#xD;
Microsoft Windows Desktop Targeting Pack - 6.0.25 (x64) ***** 48.100.4037&#xD;
Microsoft .NET Standard Targeting Pack - 2.1.0 (x64) ***** 24.0.28113&#xD;
Microsoft Visual C++ 2013 x64 Minimum Runtime - 12.0.21005 ***** 12.0.21005&#xD;
PowerShell 7-x64 ***** 7.4.0.0&#xD;
IIS Express Application Compatibility Database for x86 ***** &#xD;
Microsoft Visual C++ 2022 X64 Debug Runtime - 14.38.33130 ***** 14.38.33130&#xD;
Application Verifier x64 External Package ***** 10.1.17763.132&#xD;
Microsoft.NET.Sdk.Android.Manifest-8.0.100 (x64) ***** 34.0.43&#xD;
Microsoft .NET AppHost Pack - 6.0.25 (x64_arm) ***** 48.100.4028&#xD;
Microsoft.NET.Workload.Mono.Toolchain.net7.Manifest (x64) ***** 64.0.4211&#xD;
Microsoft Visual C++ 2022 X64 Additional Runtime - 14.38.33130 ***** 14.38.33130&#xD;
vs_minshellx64msi ***** 17.8.34205&#xD;
Microsoft Web Deploy 4.0 ***** 10.0.7421&#xD;
icecap_collection_x64 ***** 17.8.34205&#xD;
Windows SDK DirectX x64 Remote ***** 10.1.22621.2428&#xD;
VS WCF Debugging ***** 17.0.125.0&#xD;
Windows Firewall Configuration Provider ***** 68.1.9081.1009&#xD;
Microsoft .NET Host - 8.0.0 (x64) ***** 64.0.4211&#xD;
VS Script Debugging Common ***** 17.0.125.0&#xD;
IIS 10.0 Express ***** 10.0.08412&#xD;
Microsoft .NET AppHost Pack - 8.0.0 (x64_x86) ***** 64.0.4211&#xD;
Microsoft Windows Desktop Runtime - 6.0.25 (x64) ***** 48.100.4037&#xD;
Microsoft ASP.NET Core 6.0.25 Shared Framework (x64) ***** 6.0.25.23523&#xD;
Microsoft ASP.NET Core Module V2 for IIS Express ***** 17.0.22116.0&#xD;
Application Verifier x64 External Package (OnecoreUAP) ***** 10.1.22621.2428&#xD;
IntelliTraceProfilerProxy ***** 15.0.21225.01&#xD;
Microsoft .NET AppHost Pack - 6.0.25 (x64_x86) ***** 48.100.4028&#xD;
Microsoft ASP.NET Core Module for IIS Express ***** 12.2.18292.0&#xD;
DiagnosticsHub_CollectionService ***** 17.3.32601&#xD;
******************************************************</StdOut>
      </Output>
    </UnitTestResult>
    <UnitTestResult executionId="ca22e130-c530-4848-8fb0-dac6c462f655" testId="88cce5da-1134-4d90-54f2-f1e25810b263" testName="TestStopHostTaskAllLevelsAndRemoveQueued" computerName="DKSR-EFI-06" duration="00:00:03.0931064" startTime="2024-01-09T15:47:23.8663975+01:00" endTime="2024-01-09T15:47:26.9608600+01:00" testType="13cdc9d9-ddb5-4fa4-a97d-d965ccfc6d4b" outcome="Passed" testListId="8c84fa94-04c1-424b-9868-57a2d4851a1d" relativeResultsDirectory="ca22e130-c530-4848-8fb0-dac6c462f655" />
    <UnitTestResult executionId="5bafc844-7108-4749-98a8-c46c2f3e1b1b" testId="6904d3c0-7be0-62c4-0ee3-07e51655142b" testName="TestUpdate" computerName="DKSR-EFI-06" duration="00:00:00.0001791" startTime="2024-01-09T15:46:42.7942700+01:00" endTime="2024-01-09T15:46:42.7942700+01:00" testType="13cdc9d9-ddb5-4fa4-a97d-d965ccfc6d4b" outcome="Passed" testListId="8c84fa94-04c1-424b-9868-57a2d4851a1d" relativeResultsDirectory="5bafc844-7108-4749-98a8-c46c2f3e1b1b" />
    <UnitTestResult executionId="4c6cbbaf-f3fa-4376-8dde-614e41dba4dd" testId="49f154a2-52b8-d09b-0cc0-999f7d82fc57" testName="TestConstructor" computerName="DKSR-EFI-06" duration="00:00:00.0245435" startTime="2024-01-09T15:45:09.0137571+01:00" endTime="2024-01-09T15:45:09.0293828+01:00" testType="13cdc9d9-ddb5-4fa4-a97d-d965ccfc6d4b" outcome="Passed" testListId="8c84fa94-04c1-424b-9868-57a2d4851a1d" relativeResultsDirectory="4c6cbbaf-f3fa-4376-8dde-614e41dba4dd" />
    <UnitTestResult executionId="4529c55b-885f-4032-8643-ac5c3ed52856" testId="470e3884-a013-e07a-6032-a69655df1b7d" testName="TestConstructorWithErrorCodeDependentServicesRunning" computerName="DKSR-EFI-06" duration="00:00:00.0004855" startTime="2024-01-09T15:45:07.3731306+01:00" endTime="2024-01-09T15:45:07.3731306+01:00" testType="13cdc9d9-ddb5-4fa4-a97d-d965ccfc6d4b" outcome="Passed" testListId="8c84fa94-04c1-424b-9868-57a2d4851a1d" relativeResultsDirectory="4529c55b-885f-4032-8643-ac5c3ed52856" />
    <UnitTestResult executionId="702d784f-accf-47c9-b002-9ef32d6e665d" testId="f1542d8f-aea4-6399-622a-dbd039a58b9a" testName="TestStopTwiceTask" computerName="DKSR-EFI-06" duration="00:00:00.3278076" startTime="2024-01-09T15:46:43.3568862+01:00" endTime="2024-01-09T15:46:43.6850698+01:00" testType="13cdc9d9-ddb5-4fa4-a97d-d965ccfc6d4b" outcome="Passed" testListId="8c84fa94-04c1-424b-9868-57a2d4851a1d" relativeResultsDirectory="702d784f-accf-47c9-b002-9ef32d6e665d" />
    <UnitTestResult executionId="8126bc45-0026-42bd-8aca-8b07fd88c305" testId="d8a26e5e-a3ae-ca28-4ef4-d1f662c46cd6" testName="TestUploader" computerName="DKSR-EFI-06" duration="00:00:00.0003846" startTime="2024-01-09T15:45:07.4668774+01:00" endTime="2024-01-09T15:45:07.4668774+01:00" testType="13cdc9d9-ddb5-4fa4-a97d-d965ccfc6d4b" outcome="Passed" testListId="8c84fa94-04c1-424b-9868-57a2d4851a1d" relativeResultsDirectory="8126bc45-0026-42bd-8aca-8b07fd88c305" />
    <UnitTestResult executionId="979c9b30-324f-4b1c-b4ec-06b8c8b4600f" testId="efc14a12-eb7c-c0b5-a73c-f0dcb17c28e9" testName="TestConstructor" computerName="DKSR-EFI-06" duration="00:00:00.0188914" startTime="2024-01-09T15:45:08.9512569+01:00" endTime="2024-01-09T15:45:08.9668825+01:00" testType="13cdc9d9-ddb5-4fa4-a97d-d965ccfc6d4b" outcome="Passed" testListId="8c84fa94-04c1-424b-9868-57a2d4851a1d" relativeResultsDirectory="979c9b30-324f-4b1c-b4ec-06b8c8b4600f" />
    <UnitTestResult executionId="eb3415dd-bc73-4cce-b249-54f1cde9b180" testId="d2a38c12-1133-cc13-9e43-5bdd0cf775fc" testName="TestHostInfoConstructorWithUserNamePassword" computerName="DKSR-EFI-06" duration="00:00:00.0004168" startTime="2024-01-09T15:47:57.7815403+01:00" endTime="2024-01-09T15:47:57.7815403+01:00" testType="13cdc9d9-ddb5-4fa4-a97d-d965ccfc6d4b" outcome="Passed" testListId="8c84fa94-04c1-424b-9868-57a2d4851a1d" relativeResultsDirectory="eb3415dd-bc73-4cce-b249-54f1cde9b180" />
    <UnitTestResult executionId="c3ddd8bd-56c7-4e15-a773-6b7d2916c3ff" testId="ba7f02fd-cb3c-c5bd-bb46-ccacb6d55dfc" testName="TestStartTwiceInDifferentThreads" computerName="DKSR-EFI-06" duration="00:00:00.0577158" startTime="2024-01-09T15:46:38.0588482+01:00" endTime="2024-01-09T15:46:38.1213574+01:00" testType="13cdc9d9-ddb5-4fa4-a97d-d965ccfc6d4b" outcome="Passed" testListId="8c84fa94-04c1-424b-9868-57a2d4851a1d" relativeResultsDirectory="c3ddd8bd-56c7-4e15-a773-6b7d2916c3ff" />
    <UnitTestResult executionId="d648ef43-43d6-4ea1-a4c5-c790aa42e046" testId="227cdad4-e657-f59d-ef9e-12d753b423d0" testName="TestConstructorWithErrorCodeSuccess" computerName="DKSR-EFI-06" duration="00:00:00.0007840" startTime="2024-01-09T15:45:07.3731306+01:00" endTime="2024-01-09T15:45:07.3731306+01:00" testType="13cdc9d9-ddb5-4fa4-a97d-d965ccfc6d4b" outcome="Passed" testListId="8c84fa94-04c1-424b-9868-57a2d4851a1d" relativeResultsDirectory="d648ef43-43d6-4ea1-a4c5-c790aa42e046" />
    <UnitTestResult executionId="bf625655-cd30-4948-a62c-ed8df24a0d19" testId="0b25e965-3296-4277-c598-c67475b071d1" testName="TestSetValue" computerName="DKSR-EFI-06" duration="00:00:00.0003817" startTime="2024-01-09T15:45:08.4825063+01:00" endTime="2024-01-09T15:45:08.4825063+01:00" testType="13cdc9d9-ddb5-4fa4-a97d-d965ccfc6d4b" outcome="Passed" testListId="8c84fa94-04c1-424b-9868-57a2d4851a1d" relativeResultsDirectory="bf625655-cd30-4948-a62c-ed8df24a0d19" />
    <UnitTestResult executionId="223ef26b-2f32-4d43-a285-e6499e7173ea" testId="c5470e5b-7c09-9f0a-1bc9-4794fa6f7f0d" testName="TestConstructorWithSingleObserver" computerName="DKSR-EFI-06" duration="00:00:00.0004525" startTime="2024-01-09T15:46:42.7942700+01:00" endTime="2024-01-09T15:46:42.7942700+01:00" testType="13cdc9d9-ddb5-4fa4-a97d-d965ccfc6d4b" outcome="Passed" testListId="8c84fa94-04c1-424b-9868-57a2d4851a1d" relativeResultsDirectory="223ef26b-2f32-4d43-a285-e6499e7173ea" />
    <UnitTestResult executionId="0190dc55-876b-4f9a-b6fc-5f427f6255c1" testId="8b04072f-eeb4-1721-94fb-a629d1232d5b" testName="TestGetConnectionOptionsWithCurrentUserNotLocal" computerName="DKSR-EFI-06" duration="00:00:00.0002885" startTime="2024-01-09T15:45:07.4668774+01:00" endTime="2024-01-09T15:45:07.4668774+01:00" testType="13cdc9d9-ddb5-4fa4-a97d-d965ccfc6d4b" outcome="Passed" testListId="8c84fa94-04c1-424b-9868-57a2d4851a1d" relativeResultsDirectory="0190dc55-876b-4f9a-b6fc-5f427f6255c1" />
    <UnitTestResult executionId="594bf1a5-5ce0-41f8-b157-1ab821b26f12" testId="f4901ffe-89d3-e081-0aa9-7b9d56b57c0f" testName="TestGetOSVersionSequential" computerName="DKSR-EFI-06" duration="00:00:03.0309146" startTime="2024-01-09T15:47:08.4410595+01:00" endTime="2024-01-09T15:47:11.4730591+01:00" testType="13cdc9d9-ddb5-4fa4-a97d-d965ccfc6d4b" outcome="Passed" testListId="8c84fa94-04c1-424b-9868-57a2d4851a1d" relativeResultsDirectory="594bf1a5-5ce0-41f8-b157-1ab821b26f12" />
    <UnitTestResult executionId="875b544d-3139-4432-9137-580e9f7d5f5e" testId="505bf6e1-ce44-5a68-88c1-fb6651bb0490" testName="TestSetIndex" computerName="DKSR-EFI-06" duration="00:00:00.0007992" startTime="2024-01-09T15:45:08.4043810+01:00" endTime="2024-01-09T15:45:08.4043810+01:00" testType="13cdc9d9-ddb5-4fa4-a97d-d965ccfc6d4b" outcome="Passed" testListId="8c84fa94-04c1-424b-9868-57a2d4851a1d" relativeResultsDirectory="875b544d-3139-4432-9137-580e9f7d5f5e" />
    <UnitTestResult executionId="3eada049-998f-4ef9-a2da-4523096027cd" testId="507dcade-d9c5-591a-a8c8-41d99aa32547" testName="TestStopAllHostTaskOneLevel" computerName="DKSR-EFI-06" duration="00:00:03.0649845" startTime="2024-01-09T15:47:26.9608600+01:00" endTime="2024-01-09T15:47:30.0265932+01:00" testType="13cdc9d9-ddb5-4fa4-a97d-d965ccfc6d4b" outcome="Passed" testListId="8c84fa94-04c1-424b-9868-57a2d4851a1d" relativeResultsDirectory="3eada049-998f-4ef9-a2da-4523096027cd" />
    <UnitTestResult executionId="e2f6bfb6-3588-40b6-8e81-bb5cb88678fe" testId="61bc1cb9-fa1c-14ae-4514-4fe458a0c1ea" testName="TestConstructor" computerName="DKSR-EFI-06" duration="00:00:00.0007148" startTime="2024-01-09T15:47:57.7502825+01:00" endTime="2024-01-09T15:47:57.7659142+01:00" testType="13cdc9d9-ddb5-4fa4-a97d-d965ccfc6d4b" outcome="Passed" testListId="8c84fa94-04c1-424b-9868-57a2d4851a1d" relativeResultsDirectory="e2f6bfb6-3588-40b6-8e81-bb5cb88678fe" />
    <UnitTestResult executionId="e9e67c24-f93d-4f10-be51-36ad8590762f" testId="d4187810-f371-b966-4ddc-9f7511ff3c2e" testName="TestConstructor" computerName="DKSR-EFI-06" duration="00:00:00.0013167" startTime="2024-01-09T15:45:08.9512569+01:00" endTime="2024-01-09T15:45:08.9512569+01:00" testType="13cdc9d9-ddb5-4fa4-a97d-d965ccfc6d4b" outcome="Passed" testListId="8c84fa94-04c1-424b-9868-57a2d4851a1d" relativeResultsDirectory="e9e67c24-f93d-4f10-be51-36ad8590762f" />
    <UnitTestResult executionId="c8efa55f-ed6c-4a6f-b9c4-a733cceb1f27" testId="f1681b95-2edd-308e-08f8-900cdf2ed21f" testName="TestStopAllHostTaskRemainingLevels" computerName="DKSR-EFI-06" duration="00:00:03.0779244" startTime="2024-01-09T15:47:33.1364581+01:00" endTime="2024-01-09T15:47:36.2149829+01:00" testType="13cdc9d9-ddb5-4fa4-a97d-d965ccfc6d4b" outcome="Passed" testListId="8c84fa94-04c1-424b-9868-57a2d4851a1d" relativeResultsDirectory="c8efa55f-ed6c-4a6f-b9c4-a733cceb1f27" />
    <UnitTestResult executionId="7d23842b-d03b-47e6-96e9-46459112e305" testId="123eb3ff-4a58-1eca-6d67-d756df1179d7" testName="TestGetPackagesWithInvalidRepository" computerName="DKSR-EFI-06" duration="00:00:00.0041056" startTime="2024-01-09T15:46:59.1262991+01:00" endTime="2024-01-09T15:46:59.1262991+01:00" testType="13cdc9d9-ddb5-4fa4-a97d-d965ccfc6d4b" outcome="Passed" testListId="8c84fa94-04c1-424b-9868-57a2d4851a1d" relativeResultsDirectory="7d23842b-d03b-47e6-96e9-46459112e305" />
    <UnitTestResult executionId="baea4299-03bb-4624-bc68-42c9b61d047a" testId="f9b9c561-1fe4-1995-c5fe-f02674753531" testName="Package10bytes_ShouldNotBeImported" computerName="DKSR-EFI-06" duration="00:00:00.0034690" startTime="2024-01-09T15:45:09.1700087+01:00" endTime="2024-01-09T15:45:09.1700087+01:00" testType="13cdc9d9-ddb5-4fa4-a97d-d965ccfc6d4b" outcome="Passed" testListId="8c84fa94-04c1-424b-9868-57a2d4851a1d" relativeResultsDirectory="baea4299-03bb-4624-bc68-42c9b61d047a" />
    <UnitTestResult executionId="2e658d9d-50f0-4717-8d21-0f69a3a5ba9b" testId="6cef3e8d-2ebd-6290-5a28-0c415e30adc8" testName="TestStartProcess" computerName="DKSR-EFI-06" startTime="2024-01-09T15:45:08.4825063+01:00" endTime="2024-01-09T15:45:08.4825063+01:00" testType="13cdc9d9-ddb5-4fa4-a97d-d965ccfc6d4b" outcome="NotExecuted" testListId="8c84fa94-04c1-424b-9868-57a2d4851a1d" relativeResultsDirectory="2e658d9d-50f0-4717-8d21-0f69a3a5ba9b">
      <Output></Output>
    </UnitTestResult>
    <UnitTestResult executionId="9feabaa9-6f4c-4be4-a4e5-ae48578d9298" testId="bc4a1af8-3d51-4179-a551-c278715b53c7" testName="TestUpload2PackagesParallel" computerName="DKSR-EFI-06" duration="00:00:00.0466778" startTime="2024-01-09T15:46:52.9061756+01:00" endTime="2024-01-09T15:46:52.9530645+01:00" testType="13cdc9d9-ddb5-4fa4-a97d-d965ccfc6d4b" outcome="Passed" testListId="8c84fa94-04c1-424b-9868-57a2d4851a1d" relativeResultsDirectory="9feabaa9-6f4c-4be4-a4e5-ae48578d9298" />
    <UnitTestResult executionId="f33929eb-d94e-4c3f-bf13-0578fb637614" testId="9207245b-a7fa-82ff-1427-4b3d12e39613" testName="TestRebootWithInvalidHost" computerName="DKSR-EFI-06" duration="00:00:00.0024068" startTime="2024-01-09T15:47:14.5518051+01:00" endTime="2024-01-09T15:47:14.5518051+01:00" testType="13cdc9d9-ddb5-4fa4-a97d-d965ccfc6d4b" outcome="Passed" testListId="8c84fa94-04c1-424b-9868-57a2d4851a1d" relativeResultsDirectory="f33929eb-d94e-4c3f-bf13-0578fb637614" />
    <UnitTestResult executionId="ddf09577-2d9a-48fd-b4c1-76f518644780" testId="f8d56533-4831-9e9d-1d46-8aa065d52bd7" testName="TestGetLocalPackagesSequential" computerName="DKSR-EFI-06" duration="00:00:03.0308886" startTime="2024-01-09T15:46:59.2200622+01:00" endTime="2024-01-09T15:47:02.2517779+01:00" testType="13cdc9d9-ddb5-4fa4-a97d-d965ccfc6d4b" outcome="Passed" testListId="8c84fa94-04c1-424b-9868-57a2d4851a1d" relativeResultsDirectory="ddf09577-2d9a-48fd-b4c1-76f518644780" />
    <UnitTestResult executionId="5abb2755-8d02-4681-b250-f7fc1483a76d" testId="76542709-be8d-6929-2c1e-1e0af7b93f0e" testName="TestUninstallString" computerName="DKSR-EFI-06" duration="00:00:00.0041732" startTime="2024-01-09T15:45:08.3887571+01:00" endTime="2024-01-09T15:45:08.4043810+01:00" testType="13cdc9d9-ddb5-4fa4-a97d-d965ccfc6d4b" outcome="Passed" testListId="8c84fa94-04c1-424b-9868-57a2d4851a1d" relativeResultsDirectory="5abb2755-8d02-4681-b250-f7fc1483a76d" />
    <UnitTestResult executionId="a6dc4c5e-16cc-409f-9c96-118d9b8b8cfb" testId="1396e80d-ac6c-7b7b-e5dd-cce3f57d2022" testName="TestGetConnectionOptionsWithoutDomainNotLocal" computerName="DKSR-EFI-06" duration="00:00:00.0012682" startTime="2024-01-09T15:45:07.4668774+01:00" endTime="2024-01-09T15:45:07.4668774+01:00" testType="13cdc9d9-ddb5-4fa4-a97d-d965ccfc6d4b" outcome="Passed" testListId="8c84fa94-04c1-424b-9868-57a2d4851a1d" relativeResultsDirectory="a6dc4c5e-16cc-409f-9c96-118d9b8b8cfb" />
    <UnitTestResult executionId="af1e6a48-0f9f-41c4-868a-79fe8dcbee6f" testId="b2a70d06-beb1-52cd-a2cd-c3fbd2a0e80f" testName="TestTestRepositoriesWithNullManager" computerName="DKSR-EFI-06" duration="00:00:00.0012704" startTime="2024-01-09T15:46:49.4368370+01:00" endTime="2024-01-09T15:46:49.4368370+01:00" testType="13cdc9d9-ddb5-4fa4-a97d-d965ccfc6d4b" outcome="Passed" testListId="8c84fa94-04c1-424b-9868-57a2d4851a1d" relativeResultsDirectory="af1e6a48-0f9f-41c4-868a-79fe8dcbee6f" />
    <UnitTestResult executionId="d7321a3d-50d5-450d-8b9d-1c7f668ce241" testId="7bced07e-5002-455f-f0b3-e4b378be8923" testName="TestStartWithErrorInPreRun" computerName="DKSR-EFI-06" duration="00:00:00.0015578" startTime="2024-01-09T15:46:38.1213574+01:00" endTime="2024-01-09T15:46:38.1213574+01:00" testType="13cdc9d9-ddb5-4fa4-a97d-d965ccfc6d4b" outcome="Passed" testListId="8c84fa94-04c1-424b-9868-57a2d4851a1d" relativeResultsDirectory="d7321a3d-50d5-450d-8b9d-1c7f668ce241" />
    <UnitTestResult executionId="f4f75fec-739e-42ca-8ce7-c47ea37c946c" testId="12aa105f-10e1-59b7-7310-0c550e8398f0" testName="TestGetTest" computerName="DKSR-EFI-06" duration="00:00:00.0008826" startTime="2024-01-09T15:47:57.7815403+01:00" endTime="2024-01-09T15:47:57.7815403+01:00" testType="13cdc9d9-ddb5-4fa4-a97d-d965ccfc6d4b" outcome="Passed" testListId="8c84fa94-04c1-424b-9868-57a2d4851a1d" relativeResultsDirectory="f4f75fec-739e-42ca-8ce7-c47ea37c946c" />
    <UnitTestResult executionId="a9302cf2-46b7-488c-ab11-43e5409e9c9f" testId="e4acf489-b013-782f-a6fa-a1ae4b61107d" testName="TestStopRepositoryTasksWithInvalidRepository" computerName="DKSR-EFI-06" duration="00:00:00.0018536" startTime="2024-01-09T15:47:36.2149829+01:00" endTime="2024-01-09T15:47:36.2149829+01:00" testType="13cdc9d9-ddb5-4fa4-a97d-d965ccfc6d4b" outcome="Passed" testListId="8c84fa94-04c1-424b-9868-57a2d4851a1d" relativeResultsDirectory="a9302cf2-46b7-488c-ab11-43e5409e9c9f" />
    <UnitTestResult executionId="96f01616-05d0-4f0f-9b1c-1d2de78af9b7" testId="b1e328f4-c08c-066b-0de5-353098f02c6d" testName="TestTestHosts" computerName="DKSR-EFI-06" duration="00:00:00.0388519" startTime="2024-01-09T15:46:48.8424479+01:00" endTime="2024-01-09T15:46:48.8893416+01:00" testType="13cdc9d9-ddb5-4fa4-a97d-d965ccfc6d4b" outcome="Passed" testListId="8c84fa94-04c1-424b-9868-57a2d4851a1d" relativeResultsDirectory="96f01616-05d0-4f0f-9b1c-1d2de78af9b7" />
    <UnitTestResult executionId="f045b6b6-d46b-495b-9cff-0a3a34ef88ed" testId="3add4a08-97e9-90f7-a8c6-705b9e10368c" testName="TestUnInstallPackageSequential" computerName="DKSR-EFI-06" duration="00:00:03.0309736" startTime="2024-01-09T15:46:56.0944478+01:00" endTime="2024-01-09T15:46:59.1262991+01:00" testType="13cdc9d9-ddb5-4fa4-a97d-d965ccfc6d4b" outcome="Passed" testListId="8c84fa94-04c1-424b-9868-57a2d4851a1d" relativeResultsDirectory="f045b6b6-d46b-495b-9cff-0a3a34ef88ed" />
    <UnitTestResult executionId="1aeff7c0-ae5a-4976-88cd-97e4b1a8b1e5" testId="b4150eb4-7116-6d8e-ac8b-e76f559058b0" testName="TestIsLocalIPAddress_localhost" computerName="DKSR-EFI-06" duration="00:00:00.0001564" startTime="2024-01-09T15:47:57.7971708+01:00" endTime="2024-01-09T15:47:57.7971708+01:00" testType="13cdc9d9-ddb5-4fa4-a97d-d965ccfc6d4b" outcome="Passed" testListId="8c84fa94-04c1-424b-9868-57a2d4851a1d" relativeResultsDirectory="1aeff7c0-ae5a-4976-88cd-97e4b1a8b1e5" />
    <UnitTestResult executionId="a8951bab-87a4-413f-95e2-20613014d401" testId="d6af3bbc-50d4-c2cf-6b87-9647ae787cde" testName="TestConstructor" computerName="DKSR-EFI-06" duration="00:00:00.0006196" startTime="2024-01-09T15:46:23.3051085+01:00" endTime="2024-01-09T15:46:23.3207354+01:00" testType="13cdc9d9-ddb5-4fa4-a97d-d965ccfc6d4b" outcome="Passed" testListId="8c84fa94-04c1-424b-9868-57a2d4851a1d" relativeResultsDirectory="a8951bab-87a4-413f-95e2-20613014d401" />
    <UnitTestResult executionId="2e73d1bb-090a-436a-ad4a-323e817fac6f" testId="97023402-6dfa-1a85-9a19-e49c35df9c6b" testName="TestAddRemoveHost" computerName="DKSR-EFI-06" duration="00:00:00.0030130" startTime="2024-01-09T15:46:49.7958873+01:00" endTime="2024-01-09T15:46:49.7958873+01:00" testType="13cdc9d9-ddb5-4fa4-a97d-d965ccfc6d4b" outcome="Passed" testListId="8c84fa94-04c1-424b-9868-57a2d4851a1d" relativeResultsDirectory="2e73d1bb-090a-436a-ad4a-323e817fac6f" />
    <UnitTestResult executionId="3618826e-2f6b-41a8-9a73-7b58634f5e8f" testId="d1de3b4d-2e01-3204-b28f-98879a6cc328" testName="Package610bytes_ShouldNotBeImported" computerName="DKSR-EFI-06" duration="00:00:00.0035971" startTime="2024-01-09T15:45:09.1700087+01:00" endTime="2024-01-09T15:45:09.1700087+01:00" testType="13cdc9d9-ddb5-4fa4-a97d-d965ccfc6d4b" outcome="Passed" testListId="8c84fa94-04c1-424b-9868-57a2d4851a1d" relativeResultsDirectory="3618826e-2f6b-41a8-9a73-7b58634f5e8f" />
    <UnitTestResult executionId="e048a82d-7671-455b-99ff-e1a120e134cd" testId="ea065467-0433-ed80-40ec-d47c6bf0c0ec" testName="TestRebootParallel" computerName="DKSR-EFI-06" duration="00:00:00.0592853" startTime="2024-01-09T15:47:14.5518051+01:00" endTime="2024-01-09T15:47:14.6143186+01:00" testType="13cdc9d9-ddb5-4fa4-a97d-d965ccfc6d4b" outcome="Passed" testListId="8c84fa94-04c1-424b-9868-57a2d4851a1d" relativeResultsDirectory="e048a82d-7671-455b-99ff-e1a120e134cd" />
    <UnitTestResult executionId="d8205b28-6268-423a-ae02-dbe8ae59d4ff" testId="37e26fc7-40a0-7e47-0f13-ec833e365aba" testName="TestEnumeration2" computerName="DKSR-EFI-06" duration="00:00:00.0001459" startTime="2024-01-09T15:46:23.3207354+01:00" endTime="2024-01-09T15:46:23.3207354+01:00" testType="13cdc9d9-ddb5-4fa4-a97d-d965ccfc6d4b" outcome="Passed" testListId="8c84fa94-04c1-424b-9868-57a2d4851a1d" relativeResultsDirectory="d8205b28-6268-423a-ae02-dbe8ae59d4ff" />
    <UnitTestResult executionId="52b69e56-45ff-433e-929d-b81a32d00f3a" testId="a4208f47-51bb-3553-6e35-32df31a81552" testName="TestUninstallString" computerName="DKSR-EFI-06" duration="00:00:00.0041193" startTime="2024-01-09T15:45:08.4513539+01:00" endTime="2024-01-09T15:45:08.4513539+01:00" testType="13cdc9d9-ddb5-4fa4-a97d-d965ccfc6d4b" outcome="Passed" testListId="8c84fa94-04c1-424b-9868-57a2d4851a1d" relativeResultsDirectory="52b69e56-45ff-433e-929d-b81a32d00f3a" />
  </Results>
  <TestDefinitions>
    <UnitTest name="ZipPackageCompressed_ShouldBeImportedSuccessfully" storage="d:\actions-runner\_work\xpco\xpco\softwaremanager\core\softwaremanager\core\unittest\bin\debug\videoos.softwaremanager.core.unittest.dll" id="3263e060-9ee6-ac54-fc85-444722aa77f3">
      <Execution id="8e2e888f-2d4b-4809-9591-45a636736cf6" />
      <TestMethod codeBase="D:\actions-runner\_work\XPCO\XPCO\SoftwareManager\Core\SoftwareManager\Core\unittest\bin\Debug\VideoOS.SoftwareManager.Core.UnitTest.dll" adapterTypeName="executor://mstestadapter/v2" className="VideoOS.SoftwareManager.Core.Task.UnitTest.FileShareImportPackageTaskTest" name="ZipPackageCompressed_ShouldBeImportedSuccessfully" />
    </UnitTest>
    <UnitTest name="TestCopyFileFailBecauseFileExists" storage="d:\actions-runner\_work\xpco\xpco\softwaremanager\core\softwaremanager\core\unittest\bin\debug\videoos.softwaremanager.core.unittest.dll" id="54505b15-5a00-25a3-11b0-3721b2419942">
      <Execution id="db11c24f-869d-4e85-9c17-941653de68fa" />
      <TestMethod codeBase="D:\actions-runner\_work\XPCO\XPCO\SoftwareManager\Core\SoftwareManager\Core\unittest\bin\Debug\VideoOS.SoftwareManager.Core.UnitTest.dll" adapterTypeName="executor://mstestadapter/v2" className="VideoOS.SoftwareManager.Core.Task.UnitTest.Win32FileCopyTaskTest" name="TestCopyFileFailBecauseFileExists" />
    </UnitTest>
    <UnitTest name="TestConstructor" storage="d:\actions-runner\_work\xpco\xpco\softwaremanager\core\softwaremanager\core\unittest\bin\debug\videoos.softwaremanager.core.unittest.dll" id="9b73a5d8-1c11-0cec-419f-e56feb2831ba">
      <Execution id="a8f63b47-d2b3-4868-a077-f417ef9b33bd" />
      <TestMethod codeBase="D:\actions-runner\_work\XPCO\XPCO\SoftwareManager\Core\SoftwareManager\Core\unittest\bin\Debug\VideoOS.SoftwareManager.Core.UnitTest.dll" adapterTypeName="executor://mstestadapter/v2" className="VideoOS.SoftwareManager.Core.Observer.UnitTest.ObservableTest" name="TestConstructor" />
    </UnitTest>
    <UnitTest name="TestCopyFileWithProgress" storage="d:\actions-runner\_work\xpco\xpco\softwaremanager\core\softwaremanager\core\unittest\bin\debug\videoos.softwaremanager.core.unittest.dll" id="dca228a0-81df-8712-dc7f-0dc5c847777d">
      <Execution id="e3f1448c-e561-477d-bfda-143cf5a7a262" />
      <TestMethod codeBase="D:\actions-runner\_work\XPCO\XPCO\SoftwareManager\Core\SoftwareManager\Core\unittest\bin\Debug\VideoOS.SoftwareManager.Core.UnitTest.dll" adapterTypeName="executor://mstestadapter/v2" className="VideoOS.SoftwareManager.Core.Task.UnitTest.Win32FileCopyTaskTest" name="TestCopyFileWithProgress" />
    </UnitTest>
    <UnitTest name="TestConstructor" storage="d:\actions-runner\_work\xpco\xpco\softwaremanager\core\softwaremanager\core\unittest\bin\debug\videoos.softwaremanager.core.unittest.dll" id="a33f8d13-deba-b734-2914-a26d82968c05">
      <Execution id="8d5fe08f-5256-4286-b7ca-44b232e7de8c" />
      <TestMethod codeBase="D:\actions-runner\_work\XPCO\XPCO\SoftwareManager\Core\SoftwareManager\Core\unittest\bin\Debug\VideoOS.SoftwareManager.Core.UnitTest.dll" adapterTypeName="executor://mstestadapter/v2" className="VideoOS.SoftwareManager.Core.Task.UnitTest.WMIGetHostInfoTaskTest" name="TestConstructor" />
    </UnitTest>
    <UnitTest name="TestTaskWarningInPostRun" storage="d:\actions-runner\_work\xpco\xpco\softwaremanager\core\softwaremanager\core\unittest\bin\debug\videoos.softwaremanager.core.unittest.dll" id="7836a48f-abf6-7e36-5e54-4c0b983c976a">
      <Execution id="035ced2c-71df-4c07-913c-39865d7481af" />
      <TestMethod codeBase="D:\actions-runner\_work\XPCO\XPCO\SoftwareManager\Core\SoftwareManager\Core\unittest\bin\Debug\VideoOS.SoftwareManager.Core.UnitTest.dll" adapterTypeName="executor://mstestadapter/v2" className="VideoOS.SoftwareManager.Core.Task.UnitTest.TaskTest" name="TestTaskWarningInPostRun" />
    </UnitTest>
    <UnitTest name="TestConstructor" storage="d:\actions-runner\_work\xpco\xpco\softwaremanager\core\softwaremanager\core\unittest\bin\debug\videoos.softwaremanager.core.unittest.dll" id="62662b40-9dbf-8863-d09c-a0274ba353cf">
      <Execution id="d19424b2-e8ab-4f05-8728-a8ed8d533126" />
      <TestMethod codeBase="D:\actions-runner\_work\XPCO\XPCO\SoftwareManager\Core\SoftwareManager\Core\unittest\bin\Debug\VideoOS.SoftwareManager.Core.UnitTest.dll" adapterTypeName="executor://mstestadapter/v2" className="VideoOS.SoftwareManager.Core.Package.UnitTest.PackageTest" name="TestConstructor" />
    </UnitTest>
    <UnitTest name="TestStartProcess" storage="d:\actions-runner\_work\xpco\xpco\softwaremanager\core\softwaremanager\core\unittest\bin\debug\videoos.softwaremanager.core.unittest.dll" id="6cef3e8d-2ebd-6290-5a28-0c415e30adc8">
      <Execution id="2e658d9d-50f0-4717-8d21-0f69a3a5ba9b" />
      <TestMethod codeBase="D:\actions-runner\_work\XPCO\XPCO\SoftwareManager\Core\SoftwareManager\Core\unittest\bin\Debug\VideoOS.SoftwareManager.Core.UnitTest.dll" adapterTypeName="executor://mstestadapter/v2" className="VideoOS.SoftwareManager.Core.Task.WMI.UnitTest.WMIProcessTaskTest" name="TestStartProcess" />
    </UnitTest>
    <UnitTest name="TestGetOSVersion" storage="d:\actions-runner\_work\xpco\xpco\softwaremanager\core\softwaremanager\core\unittest\bin\debug\videoos.softwaremanager.core.unittest.dll" id="5f16e599-0edf-c76a-748c-623462ea92a5">
      <Execution id="246148c9-033a-4293-bfbe-553fc7ee9b60" />
      <TestMethod codeBase="D:\actions-runner\_work\XPCO\XPCO\SoftwareManager\Core\SoftwareManager\Core\unittest\bin\Debug\VideoOS.SoftwareManager.Core.UnitTest.dll" adapterTypeName="executor://mstestadapter/v2" className="VideoOS.SoftwareManager.Core.Host.UnitTest.WmiHostImpTest" name="TestGetOSVersion" />
    </UnitTest>
    <UnitTest name="TestGetPackageUnInstaller" storage="d:\actions-runner\_work\xpco\xpco\softwaremanager\core\softwaremanager\core\unittest\bin\debug\videoos.softwaremanager.core.unittest.dll" id="a2237cff-2fec-9f3d-16cc-4fd05503957e">
      <Execution id="bb4c7201-a096-4ec4-a9c8-b2cc4882db10" />
      <TestMethod codeBase="D:\actions-runner\_work\XPCO\XPCO\SoftwareManager\Core\SoftwareManager\Core\unittest\bin\Debug\VideoOS.SoftwareManager.Core.UnitTest.dll" adapterTypeName="executor://mstestadapter/v2" className="VideoOS.SoftwareManager.Core.Host.UnitTest.WmiHostImpTest" name="TestGetPackageUnInstaller" />
    </UnitTest>
    <UnitTest name="TestGetHostInfoParallel" storage="d:\actions-runner\_work\xpco\xpco\softwaremanager\core\softwaremanager\core\unittest\bin\debug\videoos.softwaremanager.core.unittest.dll" id="914452d1-2a5b-ada2-b3bb-094b0c594d6e">
      <Execution id="2d53e2c3-a266-4c9a-9fb9-a4538fef4663" />
      <TestMethod codeBase="D:\actions-runner\_work\XPCO\XPCO\SoftwareManager\Core\SoftwareManager\Core\unittest\bin\Debug\VideoOS.SoftwareManager.Core.UnitTest.dll" adapterTypeName="executor://mstestadapter/v2" className="VideoOS.SoftwareManager.Core.Manager.UnitTest.ManagerTest" name="TestGetHostInfoParallel" />
    </UnitTest>
    <UnitTest name="Package10bytes_ShouldNotBeImported" storage="d:\actions-runner\_work\xpco\xpco\softwaremanager\core\softwaremanager\core\unittest\bin\debug\videoos.softwaremanager.core.unittest.dll" id="f9b9c561-1fe4-1995-c5fe-f02674753531">
      <Execution id="baea4299-03bb-4624-bc68-42c9b61d047a" />
      <TestMethod codeBase="D:\actions-runner\_work\XPCO\XPCO\SoftwareManager\Core\SoftwareManager\Core\unittest\bin\Debug\VideoOS.SoftwareManager.Core.UnitTest.dll" adapterTypeName="executor://mstestadapter/v2" className="VideoOS.SoftwareManager.Core.Task.UnitTest.FileShareImportPackageTaskTest" name="Package10bytes_ShouldNotBeImported" />
    </UnitTest>
    <UnitTest name="TestSetParameter" storage="d:\actions-runner\_work\xpco\xpco\softwaremanager\core\softwaremanager\core\unittest\bin\debug\videoos.softwaremanager.core.unittest.dll" id="22b4db21-3428-db9a-3223-8ca266a1cb59">
      <Execution id="3f5e2546-001d-4b86-8d72-4f56feabc754" />
      <TestMethod codeBase="D:\actions-runner\_work\XPCO\XPCO\SoftwareManager\Core\SoftwareManager\Core\unittest\bin\Debug\VideoOS.SoftwareManager.Core.UnitTest.dll" adapterTypeName="executor://mstestadapter/v2" className="VideoOS.SoftwareManager.Core.Package.UnitTest.PackageTest" name="TestSetParameter" />
    </UnitTest>
    <UnitTest name="TestRebooterTaskConstructor" storage="d:\actions-runner\_work\xpco\xpco\softwaremanager\core\softwaremanager\core\unittest\bin\debug\videoos.softwaremanager.core.unittest.dll" id="781458f1-23a4-0aa0-3bdb-d72f01e70470">
      <Execution id="aac9bfc3-07b7-4ad4-9176-ac7773578b22" />
      <TestMethod codeBase="D:\actions-runner\_work\XPCO\XPCO\SoftwareManager\Core\SoftwareManager\Core\unittest\bin\Debug\VideoOS.SoftwareManager.Core.UnitTest.dll" adapterTypeName="executor://mstestadapter/v2" className="VideoOS.SoftwareManager.Core.Task.UnitTest.PingTaskTest" name="TestRebooterTaskConstructor" />
    </UnitTest>
    <UnitTest name="TestConstructor" storage="d:\actions-runner\_work\xpco\xpco\softwaremanager\core\softwaremanager\core\unittest\bin\debug\videoos.softwaremanager.core.unittest.dll" id="d0f51d46-55ad-14e4-ecf1-7ac1fdeac6d0">
      <Execution id="d0173a61-895a-4b42-b0d9-ecb1a1f36485" />
      <TestMethod codeBase="D:\actions-runner\_work\XPCO\XPCO\SoftwareManager\Core\SoftwareManager\Core\unittest\bin\Debug\VideoOS.SoftwareManager.Core.UnitTest.dll" adapterTypeName="executor://mstestadapter/v2" className="VideoOS.SoftwareManager.Core.Task.UnitTest.HostTestTaskTest" name="TestConstructor" />
    </UnitTest>
    <UnitTest name="TestConstructorWithMessage" storage="d:\actions-runner\_work\xpco\xpco\softwaremanager\core\softwaremanager\core\unittest\bin\debug\videoos.softwaremanager.core.unittest.dll" id="3be3dd6c-70a8-fb50-940e-ef5b6d783571">
      <Execution id="0756e732-bf7a-4c39-887d-55ee928c67be" />
      <TestMethod codeBase="D:\actions-runner\_work\XPCO\XPCO\SoftwareManager\Core\SoftwareManager\Core\unittest\bin\Debug\VideoOS.SoftwareManager.Core.UnitTest.dll" adapterTypeName="executor://mstestadapter/v2" className="VideoOS.SoftwareManager.Core.Utils.UnitTest.SoftwareManagerCannotRebootLocalhostExceptionTest" name="TestConstructorWithMessage" />
    </UnitTest>
    <UnitTest name="TestStopAllHostTaskAllLevels" storage="d:\actions-runner\_work\xpco\xpco\softwaremanager\core\softwaremanager\core\unittest\bin\debug\videoos.softwaremanager.core.unittest.dll" id="9f360e22-795c-5c17-8bb8-33a39a68517b">
      <Execution id="612aecb1-4f1d-4b8c-ba5a-5902a0b362bc" />
      <TestMethod codeBase="D:\actions-runner\_work\XPCO\XPCO\SoftwareManager\Core\SoftwareManager\Core\unittest\bin\Debug\VideoOS.SoftwareManager.Core.UnitTest.dll" adapterTypeName="executor://mstestadapter/v2" className="VideoOS.SoftwareManager.Core.Manager.UnitTest.ManagerTest" name="TestStopAllHostTaskAllLevels" />
    </UnitTest>
    <UnitTest name="TestStart" storage="d:\actions-runner\_work\xpco\xpco\softwaremanager\core\softwaremanager\core\unittest\bin\debug\videoos.softwaremanager.core.unittest.dll" id="40155484-ee6e-4839-ee9d-f2f524b2192f">
      <Execution id="044fe974-4c25-4a45-9ece-26c5a5de91dd" />
      <TestMethod codeBase="D:\actions-runner\_work\XPCO\XPCO\SoftwareManager\Core\SoftwareManager\Core\unittest\bin\Debug\VideoOS.SoftwareManager.Core.UnitTest.dll" adapterTypeName="executor://mstestadapter/v2" className="VideoOS.SoftwareManager.Core.Task.UnitTest.WMIGetHostInfoTaskTest" name="TestStart" />
    </UnitTest>
    <UnitTest name="TestFileShareRepository" storage="d:\actions-runner\_work\xpco\xpco\softwaremanager\core\softwaremanager\core\unittest\bin\debug\videoos.softwaremanager.core.unittest.dll" id="cc76721f-059d-14cc-2a33-b02fc511af6d">
      <Execution id="5a2759a0-a9a5-4a7f-9eda-9fbbca586788" />
      <TestMethod codeBase="D:\actions-runner\_work\XPCO\XPCO\SoftwareManager\Core\SoftwareManager\Core\unittest\bin\Debug\VideoOS.SoftwareManager.Core.UnitTest.dll" adapterTypeName="executor://mstestadapter/v2" className="VideoOS.SoftwareManager.Core.Repository.UnitTest.RepositoryFactoryTest" name="TestFileShareRepository" />
    </UnitTest>
    <UnitTest name="TestStopNotAddedHostTaskOneLevel" storage="d:\actions-runner\_work\xpco\xpco\softwaremanager\core\softwaremanager\core\unittest\bin\debug\videoos.softwaremanager.core.unittest.dll" id="a812c461-75bd-711d-a173-a6a8e32057ca">
      <Execution id="25907623-6a65-434b-bef1-35687c9cd0a5" />
      <TestMethod codeBase="D:\actions-runner\_work\XPCO\XPCO\SoftwareManager\Core\SoftwareManager\Core\unittest\bin\Debug\VideoOS.SoftwareManager.Core.UnitTest.dll" adapterTypeName="executor://mstestadapter/v2" className="VideoOS.SoftwareManager.Core.Manager.UnitTest.ManagerTest" name="TestStopNotAddedHostTaskOneLevel" />
    </UnitTest>
    <UnitTest name="TestIP" storage="d:\actions-runner\_work\xpco\xpco\softwaremanager\core\softwaremanager\core\unittest\bin\debug\videoos.softwaremanager.core.unittest.dll" id="f3eff344-b8fc-0e39-5989-18b02610ed7c">
      <Execution id="10275d5b-7731-45b5-a081-01412e766687" />
      <TestMethod codeBase="D:\actions-runner\_work\XPCO\XPCO\SoftwareManager\Core\SoftwareManager\Core\unittest\bin\Debug\VideoOS.SoftwareManager.Core.UnitTest.dll" adapterTypeName="executor://mstestadapter/v2" className="VideoOS.SoftwareManager.Core.UnitTest.Utils.NetUtilsTest" name="TestIP" />
    </UnitTest>
    <UnitTest name="Test_With_ArgmunentsXmlFileV2WithXsdError_When_ExtractingTheArguments_Then_ArgumentsAreEmpty" storage="d:\actions-runner\_work\xpco\xpco\softwaremanager\core\softwaremanager\core\unittest\bin\debug\videoos.softwaremanager.core.unittest.dll" id="2b7c73e8-3685-8491-b861-62d5fe5e1781">
      <Execution id="af341710-e9ee-4cf5-9f3e-ca0717516c2e" />
      <TestMethod codeBase="D:\actions-runner\_work\XPCO\XPCO\SoftwareManager\Core\SoftwareManager\Core\unittest\bin\Debug\VideoOS.SoftwareManager.Core.UnitTest.dll" adapterTypeName="executor://mstestadapter/v2" className="VideoOS.SoftwareManager.Core.UnitTest.ArgumentsXml.ArgumentsXmlSerializationTest" name="Test_With_ArgmunentsXmlFileV2WithXsdError_When_ExtractingTheArguments_Then_ArgumentsAreEmpty" />
    </UnitTest>
    <UnitTest name="TestConstructor" storage="d:\actions-runner\_work\xpco\xpco\softwaremanager\core\softwaremanager\core\unittest\bin\debug\videoos.softwaremanager.core.unittest.dll" id="3b623a3d-89e2-adbe-0562-30890ff4514f">
      <Execution id="b695ac23-e87a-4d6f-ae0d-091565c2329f" />
      <TestMethod codeBase="D:\actions-runner\_work\XPCO\XPCO\SoftwareManager\Core\SoftwareManager\Core\unittest\bin\Debug\VideoOS.SoftwareManager.Core.UnitTest.dll" adapterTypeName="executor://mstestadapter/v2" className="VideoOS.SoftwareManager.Core.Package.UnitTest.DynamicFileTest" name="TestConstructor" />
    </UnitTest>
    <UnitTest name="TestMakeDirWithMultipleSubDirs" storage="d:\actions-runner\_work\xpco\xpco\softwaremanager\core\softwaremanager\core\unittest\bin\debug\videoos.softwaremanager.core.unittest.dll" id="5323add9-9438-8c53-0fca-d94870660b43">
      <Execution id="0d7a4ed5-b94b-4a0a-8694-aeeae9bf850a" />
      <TestMethod codeBase="D:\actions-runner\_work\XPCO\XPCO\SoftwareManager\Core\SoftwareManager\Core\unittest\bin\Debug\VideoOS.SoftwareManager.Core.UnitTest.dll" adapterTypeName="executor://mstestadapter/v2" className="VideoOS.SoftwareManager.Core.Task.UnitTest.Win32MakeDirTaskTest" name="TestMakeDirWithMultipleSubDirs" />
    </UnitTest>
    <UnitTest name="TestSetIndex" storage="d:\actions-runner\_work\xpco\xpco\softwaremanager\core\softwaremanager\core\unittest\bin\debug\videoos.softwaremanager.core.unittest.dll" id="505bf6e1-ce44-5a68-88c1-fb6651bb0490">
      <Execution id="875b544d-3139-4432-9137-580e9f7d5f5e" />
      <TestMethod codeBase="D:\actions-runner\_work\XPCO\XPCO\SoftwareManager\Core\SoftwareManager\Core\unittest\bin\Debug\VideoOS.SoftwareManager.Core.UnitTest.dll" adapterTypeName="executor://mstestadapter/v2" className="VideoOS.SoftwareManager.Core.Package.UnitTest.EnumParameterTest" name="TestSetIndex" />
    </UnitTest>
    <UnitTest name="TestSubTasks" storage="d:\actions-runner\_work\xpco\xpco\softwaremanager\core\softwaremanager\core\unittest\bin\debug\videoos.softwaremanager.core.unittest.dll" id="aeb69c69-f399-d401-e754-f443149b61bf">
      <Execution id="ad611609-0497-416d-a076-e1bb2b6d0024" />
      <TestMethod codeBase="D:\actions-runner\_work\XPCO\XPCO\SoftwareManager\Core\SoftwareManager\Core\unittest\bin\Debug\VideoOS.SoftwareManager.Core.UnitTest.dll" adapterTypeName="executor://mstestadapter/v2" className="VideoOS.SoftwareManager.Core.Task.TaskSuites.UnitTest.WMIPackageInstallerTaskTest" name="TestSubTasks" />
    </UnitTest>
    <UnitTest name="TestStop" storage="d:\actions-runner\_work\xpco\xpco\softwaremanager\core\softwaremanager\core\unittest\bin\debug\videoos.softwaremanager.core.unittest.dll" id="8bee89f3-b545-13ae-bf1c-f764a03a926a">
      <Execution id="608734eb-ca60-471a-b242-2734b2969549" />
      <TestMethod codeBase="D:\actions-runner\_work\XPCO\XPCO\SoftwareManager\Core\SoftwareManager\Core\unittest\bin\Debug\VideoOS.SoftwareManager.Core.UnitTest.dll" adapterTypeName="executor://mstestadapter/v2" className="VideoOS.SoftwareManager.Core.Task.UnitTest.TaskTest" name="TestStop" />
    </UnitTest>
    <UnitTest name="TestAddRemoveHost" storage="d:\actions-runner\_work\xpco\xpco\softwaremanager\core\softwaremanager\core\unittest\bin\debug\videoos.softwaremanager.core.unittest.dll" id="97023402-6dfa-1a85-9a19-e49c35df9c6b">
      <Execution id="2e73d1bb-090a-436a-ad4a-323e817fac6f" />
      <TestMethod codeBase="D:\actions-runner\_work\XPCO\XPCO\SoftwareManager\Core\SoftwareManager\Core\unittest\bin\Debug\VideoOS.SoftwareManager.Core.UnitTest.dll" adapterTypeName="executor://mstestadapter/v2" className="VideoOS.SoftwareManager.Core.Manager.UnitTest.ManagerTest" name="TestAddRemoveHost" />
    </UnitTest>
    <UnitTest name="TestUploader" storage="d:\actions-runner\_work\xpco\xpco\softwaremanager\core\softwaremanager\core\unittest\bin\debug\videoos.softwaremanager.core.unittest.dll" id="d8a26e5e-a3ae-ca28-4ef4-d1f662c46cd6">
      <Execution id="8126bc45-0026-42bd-8aca-8b07fd88c305" />
      <TestMethod codeBase="D:\actions-runner\_work\XPCO\XPCO\SoftwareManager\Core\SoftwareManager\Core\unittest\bin\Debug\VideoOS.SoftwareManager.Core.UnitTest.dll" adapterTypeName="executor://mstestadapter/v2" className="VideoOS.SoftwareManager.Core.Repository.UnitTest.FileShareRepositoryTest" name="TestUploader" />
    </UnitTest>
    <UnitTest name="TestRebootWithInvalidHost" storage="d:\actions-runner\_work\xpco\xpco\softwaremanager\core\softwaremanager\core\unittest\bin\debug\videoos.softwaremanager.core.unittest.dll" id="9207245b-a7fa-82ff-1427-4b3d12e39613">
      <Execution id="f33929eb-d94e-4c3f-bf13-0578fb637614" />
      <TestMethod codeBase="D:\actions-runner\_work\XPCO\XPCO\SoftwareManager\Core\SoftwareManager\Core\unittest\bin\Debug\VideoOS.SoftwareManager.Core.UnitTest.dll" adapterTypeName="executor://mstestadapter/v2" className="VideoOS.SoftwareManager.Core.Manager.UnitTest.ManagerTest" name="TestRebootWithInvalidHost" />
    </UnitTest>
    <UnitTest name="TestGetActionTasks" storage="d:\actions-runner\_work\xpco\xpco\softwaremanager\core\softwaremanager\core\unittest\bin\debug\videoos.softwaremanager.core.unittest.dll" id="ba25d85d-5f6f-50aa-c01e-f15ddb2c280f">
      <Execution id="3b32aab4-fea4-4016-9ef2-ecb8f57f0723" />
      <TestMethod codeBase="D:\actions-runner\_work\XPCO\XPCO\SoftwareManager\Core\SoftwareManager\Core\unittest\bin\Debug\VideoOS.SoftwareManager.Core.UnitTest.dll" adapterTypeName="executor://mstestadapter/v2" className="VideoOS.SoftwareManager.Core.Host.UnitTest.WMIHostImpActionHelperTest" name="TestGetActionTasks" />
    </UnitTest>
    <UnitTest name="TestHostInfoConstructorWithUserNamePassword" storage="d:\actions-runner\_work\xpco\xpco\softwaremanager\core\softwaremanager\core\unittest\bin\debug\videoos.softwaremanager.core.unittest.dll" id="d2a38c12-1133-cc13-9e43-5bdd0cf775fc">
      <Execution id="eb3415dd-bc73-4cce-b249-54f1cde9b180" />
      <TestMethod codeBase="D:\actions-runner\_work\XPCO\XPCO\SoftwareManager\Core\SoftwareManager\Core\unittest\bin\Debug\VideoOS.SoftwareManager.Core.UnitTest.dll" adapterTypeName="executor://mstestadapter/v2" className="VideoOS.SoftwareManager.Core.Host.UnitTest.HostInfoTest" name="TestHostInfoConstructorWithUserNamePassword" />
    </UnitTest>
    <UnitTest name="TestGetLocalPackages" storage="d:\actions-runner\_work\xpco\xpco\softwaremanager\core\softwaremanager\core\unittest\bin\debug\videoos.softwaremanager.core.unittest.dll" id="b60114ef-9c63-d2ca-5962-07d7a30acee8">
      <Execution id="05d1d84a-4b41-4e2f-878c-33500604e1c9" />
      <TestMethod codeBase="D:\actions-runner\_work\XPCO\XPCO\SoftwareManager\Core\SoftwareManager\Core\unittest\bin\Debug\VideoOS.SoftwareManager.Core.UnitTest.dll" adapterTypeName="executor://mstestadapter/v2" className="VideoOS.SoftwareManager.Core.Host.UnitTest.WmiHostImpTest" name="TestGetLocalPackages" />
    </UnitTest>
    <UnitTest name="TestUnInstallPackageWithInvalidHost" storage="d:\actions-runner\_work\xpco\xpco\softwaremanager\core\softwaremanager\core\unittest\bin\debug\videoos.softwaremanager.core.unittest.dll" id="dd7db48f-87b8-61de-b17c-06d3ef83a055">
      <Execution id="486439a3-1021-4b87-a531-c544b49b0774" />
      <TestMethod codeBase="D:\actions-runner\_work\XPCO\XPCO\SoftwareManager\Core\SoftwareManager\Core\unittest\bin\Debug\VideoOS.SoftwareManager.Core.UnitTest.dll" adapterTypeName="executor://mstestadapter/v2" className="VideoOS.SoftwareManager.Core.Manager.UnitTest.ManagerTest" name="TestUnInstallPackageWithInvalidHost" />
    </UnitTest>
    <UnitTest name="TestLocalHost" storage="d:\actions-runner\_work\xpco\xpco\softwaremanager\core\softwaremanager\core\unittest\bin\debug\videoos.softwaremanager.core.unittest.dll" id="cef844ae-f7df-59dd-115d-a7bcafd90e57">
      <Execution id="3568c2c9-6508-41a4-8f33-f5b8c522383e" />
      <TestMethod codeBase="D:\actions-runner\_work\XPCO\XPCO\SoftwareManager\Core\SoftwareManager\Core\unittest\bin\Debug\VideoOS.SoftwareManager.Core.UnitTest.dll" adapterTypeName="executor://mstestadapter/v2" className="VideoOS.SoftwareManager.Core.Task.UnitTest.WMIPingTaskTest" name="TestLocalHost" />
    </UnitTest>
    <UnitTest name="TestConstructor" storage="d:\actions-runner\_work\xpco\xpco\softwaremanager\core\softwaremanager\core\unittest\bin\debug\videoos.softwaremanager.core.unittest.dll" id="3cb4d030-e34c-4c73-8e37-551b04141e43">
      <Execution id="fe8bea21-e362-4ba4-b6a3-2549dd1e15f8" />
      <TestMethod codeBase="D:\actions-runner\_work\XPCO\XPCO\SoftwareManager\Core\SoftwareManager\Core\unittest\bin\Debug\VideoOS.SoftwareManager.Core.UnitTest.dll" adapterTypeName="executor://mstestadapter/v2" className="VideoOS.SoftwareManager.Core.Task.UnitTest.Win32MakeDirTaskTest" name="TestConstructor" />
    </UnitTest>
    <UnitTest name="TestPingParallel" storage="d:\actions-runner\_work\xpco\xpco\softwaremanager\core\softwaremanager\core\unittest\bin\debug\videoos.softwaremanager.core.unittest.dll" id="f936dbe2-1850-5119-1e00-9716f608d0a4">
      <Execution id="5a85921e-9d1b-4b98-bba1-f0bb85061d3a" />
      <TestMethod codeBase="D:\actions-runner\_work\XPCO\XPCO\SoftwareManager\Core\SoftwareManager\Core\unittest\bin\Debug\VideoOS.SoftwareManager.Core.UnitTest.dll" adapterTypeName="executor://mstestadapter/v2" className="VideoOS.SoftwareManager.Core.Manager.UnitTest.ManagerTest" name="TestPingParallel" />
    </UnitTest>
    <UnitTest name="TestHostImp" storage="d:\actions-runner\_work\xpco\xpco\softwaremanager\core\softwaremanager\core\unittest\bin\debug\videoos.softwaremanager.core.unittest.dll" id="bde7a222-ad8e-3af2-d4c0-949060459864">
      <Execution id="2c107489-b9b4-451c-8932-1315648a421e" />
      <TestMethod codeBase="D:\actions-runner\_work\XPCO\XPCO\SoftwareManager\Core\SoftwareManager\Core\unittest\bin\Debug\VideoOS.SoftwareManager.Core.UnitTest.dll" adapterTypeName="executor://mstestadapter/v2" className="VideoOS.SoftwareManager.Core.Host.UnitTest.HostImpTest" name="TestHostImp" />
    </UnitTest>
    <UnitTest name="TestConstructor" storage="d:\actions-runner\_work\xpco\xpco\softwaremanager\core\softwaremanager\core\unittest\bin\debug\videoos.softwaremanager.core.unittest.dll" id="620b4223-3408-072e-6355-73c38adf0b0e">
      <Execution id="819b2cbf-ba22-4b97-bc36-f7fdf231ce54" />
      <TestMethod codeBase="D:\actions-runner\_work\XPCO\XPCO\SoftwareManager\Core\SoftwareManager\Core\unittest\bin\Debug\VideoOS.SoftwareManager.Core.UnitTest.dll" adapterTypeName="executor://mstestadapter/v2" className="VideoOS.SoftwareManager.Core.Host.UnitTest.WmiHostImpTest" name="TestConstructor" />
    </UnitTest>
    <UnitTest name="Package610bytes_ShouldNotBeImported" storage="d:\actions-runner\_work\xpco\xpco\softwaremanager\core\softwaremanager\core\unittest\bin\debug\videoos.softwaremanager.core.unittest.dll" id="d1de3b4d-2e01-3204-b28f-98879a6cc328">
      <Execution id="3618826e-2f6b-41a8-9a73-7b58634f5e8f" />
      <TestMethod codeBase="D:\actions-runner\_work\XPCO\XPCO\SoftwareManager\Core\SoftwareManager\Core\unittest\bin\Debug\VideoOS.SoftwareManager.Core.UnitTest.dll" adapterTypeName="executor://mstestadapter/v2" className="VideoOS.SoftwareManager.Core.Task.UnitTest.FileShareImportPackageTaskTest" name="Package610bytes_ShouldNotBeImported" />
    </UnitTest>
    <UnitTest name="TestGetRepository" storage="d:\actions-runner\_work\xpco\xpco\softwaremanager\core\softwaremanager\core\unittest\bin\debug\videoos.softwaremanager.core.unittest.dll" id="a5fae02e-9780-3d8e-be60-788c3b7d16c2">
      <Execution id="057fa3b9-a537-42c3-ab09-675b115def43" />
      <TestMethod codeBase="D:\actions-runner\_work\XPCO\XPCO\SoftwareManager\Core\SoftwareManager\Core\unittest\bin\Debug\VideoOS.SoftwareManager.Core.UnitTest.dll" adapterTypeName="executor://mstestadapter/v2" className="VideoOS.SoftwareManager.Core.Manager.UnitTest.ManagerTest" name="TestGetRepository" />
    </UnitTest>
    <UnitTest name="TestEnumeration2" storage="d:\actions-runner\_work\xpco\xpco\softwaremanager\core\softwaremanager\core\unittest\bin\debug\videoos.softwaremanager.core.unittest.dll" id="37e26fc7-40a0-7e47-0f13-ec833e365aba">
      <Execution id="d8205b28-6268-423a-ae02-dbe8ae59d4ff" />
      <TestMethod codeBase="D:\actions-runner\_work\XPCO\XPCO\SoftwareManager\Core\SoftwareManager\Core\unittest\bin\Debug\VideoOS.SoftwareManager.Core.UnitTest.dll" adapterTypeName="executor://mstestadapter/v2" className="VideoOS.SoftwareManager.Core.Task.UnitTest.TaskResultTest" name="TestEnumeration2" />
    </UnitTest>
    <UnitTest name="TestGetUploader" storage="d:\actions-runner\_work\xpco\xpco\softwaremanager\core\softwaremanager\core\unittest\bin\debug\videoos.softwaremanager.core.unittest.dll" id="91caed3b-2955-2bf7-0a49-1538d6760b9b">
      <Execution id="21286d63-b930-4ca0-8ad0-21194b5724b2" />
      <TestMethod codeBase="D:\actions-runner\_work\XPCO\XPCO\SoftwareManager\Core\SoftwareManager\Core\unittest\bin\Debug\VideoOS.SoftwareManager.Core.UnitTest.dll" adapterTypeName="executor://mstestadapter/v2" className="VideoOS.SoftwareManager.Core.Repository.UnitTest.RepositoryTest" name="TestGetUploader" />
    </UnitTest>
    <UnitTest name="TestImportPackage" storage="d:\actions-runner\_work\xpco\xpco\softwaremanager\core\softwaremanager\core\unittest\bin\debug\videoos.softwaremanager.core.unittest.dll" id="d83947fd-fcc3-6351-3b2a-c4fb1ea09216">
      <Execution id="a5a25be4-2880-4363-8168-0bf9dabfe6b4" />
      <TestMethod codeBase="D:\actions-runner\_work\XPCO\XPCO\SoftwareManager\Core\SoftwareManager\Core\unittest\bin\Debug\VideoOS.SoftwareManager.Core.UnitTest.dll" adapterTypeName="executor://mstestadapter/v2" className="VideoOS.SoftwareManager.Core.Manager.UnitTest.ManagerTest" name="TestImportPackage" />
    </UnitTest>
    <UnitTest name="TestConstructor" storage="d:\actions-runner\_work\xpco\xpco\softwaremanager\core\softwaremanager\core\unittest\bin\debug\videoos.softwaremanager.core.unittest.dll" id="efc14a12-eb7c-c0b5-a73c-f0dcb17c28e9">
      <Execution id="979c9b30-324f-4b1c-b4ec-06b8c8b4600f" />
      <TestMethod codeBase="D:\actions-runner\_work\XPCO\XPCO\SoftwareManager\Core\SoftwareManager\Core\unittest\bin\Debug\VideoOS.SoftwareManager.Core.UnitTest.dll" adapterTypeName="executor://mstestadapter/v2" className="VideoOS.SoftwareManager.Core.Task.UnitTest.GetHostNameTaskTest" name="TestConstructor" />
    </UnitTest>
    <UnitTest name="TestConstructor" storage="d:\actions-runner\_work\xpco\xpco\softwaremanager\core\softwaremanager\core\unittest\bin\debug\videoos.softwaremanager.core.unittest.dll" id="d908c8a8-2398-0e10-28f9-4b3de740a2b8">
      <Execution id="5b9a0f01-20d3-44b1-9720-a05be7a0beb7" />
      <TestMethod codeBase="D:\actions-runner\_work\XPCO\XPCO\SoftwareManager\Core\SoftwareManager\Core\unittest\bin\Debug\VideoOS.SoftwareManager.Core.UnitTest.dll" adapterTypeName="executor://mstestadapter/v2" className="VideoOS.SoftwareManager.Core.Host.UnitTest.HostImpActionHelperTest" name="TestConstructor" />
    </UnitTest>
    <UnitTest name="TestStopHostTaskWithInvalidHost" storage="d:\actions-runner\_work\xpco\xpco\softwaremanager\core\softwaremanager\core\unittest\bin\debug\videoos.softwaremanager.core.unittest.dll" id="e0aa219f-1854-91b3-3e29-4258ec3f3da6">
      <Execution id="7d3fe203-8e2e-4b46-9eb1-5b240f6e89cb" />
      <TestMethod codeBase="D:\actions-runner\_work\XPCO\XPCO\SoftwareManager\Core\SoftwareManager\Core\unittest\bin\Debug\VideoOS.SoftwareManager.Core.UnitTest.dll" adapterTypeName="executor://mstestadapter/v2" className="VideoOS.SoftwareManager.Core.Manager.UnitTest.TestTest" name="TestStopHostTaskWithInvalidHost" />
    </UnitTest>
    <UnitTest name="TestConstructorWithErrorCodeDependentServicesRunning" storage="d:\actions-runner\_work\xpco\xpco\softwaremanager\core\softwaremanager\core\unittest\bin\debug\videoos.softwaremanager.core.unittest.dll" id="470e3884-a013-e07a-6032-a69655df1b7d">
      <Execution id="4529c55b-885f-4032-8643-ac5c3ed52856" />
      <TestMethod codeBase="D:\actions-runner\_work\XPCO\XPCO\SoftwareManager\Core\SoftwareManager\Core\unittest\bin\Debug\VideoOS.SoftwareManager.Core.UnitTest.dll" adapterTypeName="executor://mstestadapter/v2" className="VideoOS.SoftwareManager.Core.Utils.UnitTest.SoftwareManagerWMIServiceExceptionTest" name="TestConstructorWithErrorCodeDependentServicesRunning" />
    </UnitTest>
    <UnitTest name="TestGetPackagesWithNullRepositoryPath" storage="d:\actions-runner\_work\xpco\xpco\softwaremanager\core\softwaremanager\core\unittest\bin\debug\videoos.softwaremanager.core.unittest.dll" id="03e51c8c-4d92-59ee-ca72-7ef99d8d0f0f">
      <Execution id="e43d9dff-79b3-4e91-a972-c472b6a553c7" />
      <TestMethod codeBase="D:\actions-runner\_work\XPCO\XPCO\SoftwareManager\Core\SoftwareManager\Core\unittest\bin\Debug\VideoOS.SoftwareManager.Core.UnitTest.dll" adapterTypeName="executor://mstestadapter/v2" className="VideoOS.SoftwareManager.Core.Task.UnitTest.FileShareGetPackagesTaskTest" name="TestGetPackagesWithNullRepositoryPath" />
    </UnitTest>
    <UnitTest name="TestDifferentUserName" storage="d:\actions-runner\_work\xpco\xpco\softwaremanager\core\softwaremanager\core\unittest\bin\debug\videoos.softwaremanager.core.unittest.dll" id="81256e9c-7576-e53d-a206-ff8d79a392bb">
      <Execution id="96ffecb7-8b5a-43c9-8df6-c644e16244d2" />
      <TestMethod codeBase="D:\actions-runner\_work\XPCO\XPCO\SoftwareManager\Core\SoftwareManager\Core\unittest\bin\Debug\VideoOS.SoftwareManager.Core.UnitTest.dll" adapterTypeName="executor://mstestadapter/v2" className="VideoOS.SoftwareManager.Core.Task.UnitTest.FileSharePackageUploaderTaskTest" name="TestDifferentUserName" />
    </UnitTest>
    <UnitTest name="TestConstructor" storage="d:\actions-runner\_work\xpco\xpco\softwaremanager\core\softwaremanager\core\unittest\bin\debug\videoos.softwaremanager.core.unittest.dll" id="9d5c5276-a7b0-5513-b1ab-ce2be37e9b89">
      <Execution id="69181610-cb95-4b70-9b23-5225c577ac21" />
      <TestMethod codeBase="D:\actions-runner\_work\XPCO\XPCO\SoftwareManager\Core\SoftwareManager\Core\unittest\bin\Debug\VideoOS.SoftwareManager.Core.UnitTest.dll" adapterTypeName="executor://mstestadapter/v2" className="VideoOS.SoftwareManager.Core.Manager.UnitTest.ObservableRepositoryTest" name="TestConstructor" />
    </UnitTest>
    <UnitTest name="TestConstructorWithOverwrite" storage="d:\actions-runner\_work\xpco\xpco\softwaremanager\core\softwaremanager\core\unittest\bin\debug\videoos.softwaremanager.core.unittest.dll" id="2a067b92-4347-6a39-bc15-e87ff4d0efc9">
      <Execution id="8a80da78-785a-4193-8348-645e8e3b85ed" />
      <TestMethod codeBase="D:\actions-runner\_work\XPCO\XPCO\SoftwareManager\Core\SoftwareManager\Core\unittest\bin\Debug\VideoOS.SoftwareManager.Core.UnitTest.dll" adapterTypeName="executor://mstestadapter/v2" className="VideoOS.SoftwareManager.Core.Task.UnitTest.Win32FileCopyTaskTest" name="TestConstructorWithOverwrite" />
    </UnitTest>
    <UnitTest name="TestConstructor" storage="d:\actions-runner\_work\xpco\xpco\softwaremanager\core\softwaremanager\core\unittest\bin\debug\videoos.softwaremanager.core.unittest.dll" id="3da684be-8c97-6e5c-5191-88483e147d71">
      <Execution id="4f2bf52d-dbae-4c38-88da-895a8c4e55c7" />
      <TestMethod codeBase="D:\actions-runner\_work\XPCO\XPCO\SoftwareManager\Core\SoftwareManager\Core\unittest\bin\Debug\VideoOS.SoftwareManager.Core.UnitTest.dll" adapterTypeName="executor://mstestadapter/v2" className="VideoOS.SoftwareManager.Core.Task.WMI.UnitTest.WMIProcessTaskTest" name="TestConstructor" />
    </UnitTest>
    <UnitTest name="TestStopRepositoryTasksWithNullManager" storage="d:\actions-runner\_work\xpco\xpco\softwaremanager\core\softwaremanager\core\unittest\bin\debug\videoos.softwaremanager.core.unittest.dll" id="c3800336-306f-d7b8-9385-05631f008da4">
      <Execution id="6db7df78-9acf-460c-9466-bb80c574001c" />
      <TestMethod codeBase="D:\actions-runner\_work\XPCO\XPCO\SoftwareManager\Core\SoftwareManager\Core\unittest\bin\Debug\VideoOS.SoftwareManager.Core.UnitTest.dll" adapterTypeName="executor://mstestadapter/v2" className="VideoOS.SoftwareManager.Core.Manager.UnitTest.TestTest" name="TestStopRepositoryTasksWithNullManager" />
    </UnitTest>
    <UnitTest name="TestConstructor" storage="d:\actions-runner\_work\xpco\xpco\softwaremanager\core\softwaremanager\core\unittest\bin\debug\videoos.softwaremanager.core.unittest.dll" id="d4187810-f371-b966-4ddc-9f7511ff3c2e">
      <Execution id="e9e67c24-f93d-4f10-be51-36ad8590762f" />
      <TestMethod codeBase="D:\actions-runner\_work\XPCO\XPCO\SoftwareManager\Core\SoftwareManager\Core\unittest\bin\Debug\VideoOS.SoftwareManager.Core.UnitTest.dll" adapterTypeName="executor://mstestadapter/v2" className="VideoOS.SoftwareManager.Core.Task.UnitTest.GetProductInfoTaskTest" name="TestConstructor" />
    </UnitTest>
    <UnitTest name="TestParameter" storage="d:\actions-runner\_work\xpco\xpco\softwaremanager\core\softwaremanager\core\unittest\bin\debug\videoos.softwaremanager.core.unittest.dll" id="e81ed2b9-9c7f-074e-5740-b30036c6ffca">
      <Execution id="61bc6243-050b-4d33-9c87-0aaedf786a0b" />
      <TestMethod codeBase="D:\actions-runner\_work\XPCO\XPCO\SoftwareManager\Core\SoftwareManager\Core\unittest\bin\Debug\VideoOS.SoftwareManager.Core.UnitTest.dll" adapterTypeName="executor://mstestadapter/v2" className="VideoOS.SoftwareManager.Core.Package.UnitTest.ParameterTest" name="TestParameter" />
    </UnitTest>
    <UnitTest name="ZipPackageUncompressed_ShouldBeImportedSuccessfully" storage="d:\actions-runner\_work\xpco\xpco\softwaremanager\core\softwaremanager\core\unittest\bin\debug\videoos.softwaremanager.core.unittest.dll" id="a447afd4-2d0d-357e-0812-7bd1cc83ab2a">
      <Execution id="73c55dd1-d6c4-4926-b930-d299858270b6" />
      <TestMethod codeBase="D:\actions-runner\_work\XPCO\XPCO\SoftwareManager\Core\SoftwareManager\Core\unittest\bin\Debug\VideoOS.SoftwareManager.Core.UnitTest.dll" adapterTypeName="executor://mstestadapter/v2" className="VideoOS.SoftwareManager.Core.Task.UnitTest.FileShareImportPackageTaskTest" name="ZipPackageUncompressed_ShouldBeImportedSuccessfully" />
    </UnitTest>
    <UnitTest name="TestPause" storage="d:\actions-runner\_work\xpco\xpco\softwaremanager\core\softwaremanager\core\unittest\bin\debug\videoos.softwaremanager.core.unittest.dll" id="0a929c64-a22a-2fcf-f8de-0fe5c4abfe0f">
      <Execution id="38afb9db-62b6-40f5-82e2-43595db5878c" />
      <TestMethod codeBase="D:\actions-runner\_work\XPCO\XPCO\SoftwareManager\Core\SoftwareManager\Core\unittest\bin\Debug\VideoOS.SoftwareManager.Core.UnitTest.dll" adapterTypeName="executor://mstestadapter/v2" className="VideoOS.SoftwareManager.Core.Task.UnitTest.TaskSuiteTest" name="TestPause" />
    </UnitTest>
    <UnitTest name="TestGetPackagesTask" storage="d:\actions-runner\_work\xpco\xpco\softwaremanager\core\softwaremanager\core\unittest\bin\debug\videoos.softwaremanager.core.unittest.dll" id="637afb78-232b-13fd-81e7-22084e8d37bf">
      <Execution id="d957d619-0197-42f2-956c-a41e478e367a" />
      <TestMethod codeBase="D:\actions-runner\_work\XPCO\XPCO\SoftwareManager\Core\SoftwareManager\Core\unittest\bin\Debug\VideoOS.SoftwareManager.Core.UnitTest.dll" adapterTypeName="executor://mstestadapter/v2" className="VideoOS.SoftwareManager.Core.Repository.UnitTest.FileShareRepositoryBrowserTest" name="TestGetPackagesTask" />
    </UnitTest>
    <UnitTest name="TestConstructorWithMultipleObservers" storage="d:\actions-runner\_work\xpco\xpco\softwaremanager\core\softwaremanager\core\unittest\bin\debug\videoos.softwaremanager.core.unittest.dll" id="33b4f16b-c0a6-76f0-1897-1fedd2028106">
      <Execution id="74ea8457-d087-4629-800f-35724c1168c5" />
      <TestMethod codeBase="D:\actions-runner\_work\XPCO\XPCO\SoftwareManager\Core\SoftwareManager\Core\unittest\bin\Debug\VideoOS.SoftwareManager.Core.UnitTest.dll" adapterTypeName="executor://mstestadapter/v2" className="VideoOS.SoftwareManager.Core.Manager.UnitTest.ObservableRepositoryTest" name="TestConstructorWithMultipleObservers" />
    </UnitTest>
    <UnitTest name="TestUninstallDynamicFiles" storage="d:\actions-runner\_work\xpco\xpco\softwaremanager\core\softwaremanager\core\unittest\bin\debug\videoos.softwaremanager.core.unittest.dll" id="725b3199-f97f-4e4e-3df7-e4d50227cc9c">
      <Execution id="7da66071-de1b-408c-a9f2-7a36cd4e9187" />
      <TestMethod codeBase="D:\actions-runner\_work\XPCO\XPCO\SoftwareManager\Core\SoftwareManager\Core\unittest\bin\Debug\VideoOS.SoftwareManager.Core.UnitTest.dll" adapterTypeName="executor://mstestadapter/v2" className="VideoOS.SoftwareManager.Core.Package.UnitTest.INNOPackageTest" name="TestUninstallDynamicFiles" />
    </UnitTest>
    <UnitTest name="TestConstructorWithMessage" storage="d:\actions-runner\_work\xpco\xpco\softwaremanager\core\softwaremanager\core\unittest\bin\debug\videoos.softwaremanager.core.unittest.dll" id="3a1ee3d4-bee4-132c-f414-9fc20d7683da">
      <Execution id="77d11fb8-ed36-4b6d-9e86-b64bf0961e27" />
      <TestMethod codeBase="D:\actions-runner\_work\XPCO\XPCO\SoftwareManager\Core\SoftwareManager\Core\unittest\bin\Debug\VideoOS.SoftwareManager.Core.UnitTest.dll" adapterTypeName="executor://mstestadapter/v2" className="VideoOS.SoftwareManager.Core.Utils.UnitTest.SoftwareManagerExceptionTest" name="TestConstructorWithMessage" />
    </UnitTest>
    <UnitTest name="TestConstructor" storage="d:\actions-runner\_work\xpco\xpco\softwaremanager\core\softwaremanager\core\unittest\bin\debug\videoos.softwaremanager.core.unittest.dll" id="c04ca2fa-f46f-46e6-bb95-37c7c54edf8e">
      <Execution id="c7187516-f415-44ef-ba84-82957e7db1cd" />
      <TestMethod codeBase="D:\actions-runner\_work\XPCO\XPCO\SoftwareManager\Core\SoftwareManager\Core\unittest\bin\Debug\VideoOS.SoftwareManager.Core.UnitTest.dll" adapterTypeName="executor://mstestadapter/v2" className="VideoOS.SoftwareManager.Core.Manager.UnitTest.ObservableHostTest" name="TestConstructor" />
    </UnitTest>
    <UnitTest name="TestConstructor" storage="d:\actions-runner\_work\xpco\xpco\softwaremanager\core\softwaremanager\core\unittest\bin\debug\videoos.softwaremanager.core.unittest.dll" id="d40e99cb-258c-705b-832c-694aa024eb9b">
      <Execution id="524edf8d-e2c6-48cb-8c7a-8611a36d8331" />
      <TestMethod codeBase="D:\actions-runner\_work\XPCO\XPCO\SoftwareManager\Core\SoftwareManager\Core\unittest\bin\Debug\VideoOS.SoftwareManager.Core.UnitTest.dll" adapterTypeName="executor://mstestadapter/v2" className="VideoOS.SoftwareManager.Core.Task.UnitTest.FileShareDeletePackageTaskTest" name="TestConstructor" />
    </UnitTest>
    <UnitTest name="TestRemoveTaskWhileRunning" storage="d:\actions-runner\_work\xpco\xpco\softwaremanager\core\softwaremanager\core\unittest\bin\debug\videoos.softwaremanager.core.unittest.dll" id="a17d8629-6734-b6b8-4baf-81a08190a4c8">
      <Execution id="5ecd278c-7539-4f92-bacc-3a2a5a4c10e2" />
      <TestMethod codeBase="D:\actions-runner\_work\XPCO\XPCO\SoftwareManager\Core\SoftwareManager\Core\unittest\bin\Debug\VideoOS.SoftwareManager.Core.UnitTest.dll" adapterTypeName="executor://mstestadapter/v2" className="VideoOS.SoftwareManager.Core.Task.UnitTest.TaskSuiteTest" name="TestRemoveTaskWhileRunning" />
    </UnitTest>
    <UnitTest name="TestMakeSingleDir" storage="d:\actions-runner\_work\xpco\xpco\softwaremanager\core\softwaremanager\core\unittest\bin\debug\videoos.softwaremanager.core.unittest.dll" id="6a762779-34b5-9625-f1df-b0709303efc2">
      <Execution id="079b30b3-10b7-4ac0-9da1-cfa83639d026" />
      <TestMethod codeBase="D:\actions-runner\_work\XPCO\XPCO\SoftwareManager\Core\SoftwareManager\Core\unittest\bin\Debug\VideoOS.SoftwareManager.Core.UnitTest.dll" adapterTypeName="executor://mstestadapter/v2" className="VideoOS.SoftwareManager.Core.Task.UnitTest.Win32MakeDirTaskTest" name="TestMakeSingleDir" />
    </UnitTest>
    <UnitTest name="TestStopRepositoryTaskWithInvalidRepository" storage="d:\actions-runner\_work\xpco\xpco\softwaremanager\core\softwaremanager\core\unittest\bin\debug\videoos.softwaremanager.core.unittest.dll" id="74b65cff-260d-58c5-47e1-b7fd9794e6da">
      <Execution id="0ee531f1-dd37-4275-85a3-d800d9746ffb" />
      <TestMethod codeBase="D:\actions-runner\_work\XPCO\XPCO\SoftwareManager\Core\SoftwareManager\Core\unittest\bin\Debug\VideoOS.SoftwareManager.Core.UnitTest.dll" adapterTypeName="executor://mstestadapter/v2" className="VideoOS.SoftwareManager.Core.Manager.UnitTest.TestTest" name="TestStopRepositoryTaskWithInvalidRepository" />
    </UnitTest>
    <UnitTest name="TestTaskWarningInDoRun" storage="d:\actions-runner\_work\xpco\xpco\softwaremanager\core\softwaremanager\core\unittest\bin\debug\videoos.softwaremanager.core.unittest.dll" id="98ae4173-2b41-8add-b689-8ccbfe7d047c">
      <Execution id="00e733bd-b932-4813-ad7b-5e0080919609" />
      <TestMethod codeBase="D:\actions-runner\_work\XPCO\XPCO\SoftwareManager\Core\SoftwareManager\Core\unittest\bin\Debug\VideoOS.SoftwareManager.Core.UnitTest.dll" adapterTypeName="executor://mstestadapter/v2" className="VideoOS.SoftwareManager.Core.Task.UnitTest.TaskTest" name="TestTaskWarningInDoRun" />
    </UnitTest>
    <UnitTest name="TestGetHostName" storage="d:\actions-runner\_work\xpco\xpco\softwaremanager\core\softwaremanager\core\unittest\bin\debug\videoos.softwaremanager.core.unittest.dll" id="dda34e2b-0d6b-f778-6cc1-d3fd58535a8e">
      <Execution id="b46774d3-5412-48e1-9e4f-104f9399f940" />
      <TestMethod codeBase="D:\actions-runner\_work\XPCO\XPCO\SoftwareManager\Core\SoftwareManager\Core\unittest\bin\Debug\VideoOS.SoftwareManager.Core.UnitTest.dll" adapterTypeName="executor://mstestadapter/v2" className="VideoOS.SoftwareManager.Core.Task.UnitTest.GetHostNameTaskTest" name="TestGetHostName" />
    </UnitTest>
    <UnitTest name="TestConstructor" storage="d:\actions-runner\_work\xpco\xpco\softwaremanager\core\softwaremanager\core\unittest\bin\debug\videoos.softwaremanager.core.unittest.dll" id="bcd71e73-4f9f-2385-5ac9-da99939e2a84">
      <Execution id="2ebd6209-91b2-4fd1-915c-ac424e1c0204" />
      <TestMethod codeBase="D:\actions-runner\_work\XPCO\XPCO\SoftwareManager\Core\SoftwareManager\Core\unittest\bin\Debug\VideoOS.SoftwareManager.Core.UnitTest.dll" adapterTypeName="executor://mstestadapter/v2" className="VideoOS.SoftwareManager.Core.Repository.UnitTest.FileShareRepositoryUploaderTest" name="TestConstructor" />
    </UnitTest>
    <UnitTest name="TestInstallPackageParallel" storage="d:\actions-runner\_work\xpco\xpco\softwaremanager\core\softwaremanager\core\unittest\bin\debug\videoos.softwaremanager.core.unittest.dll" id="32505077-4fe1-2204-4219-664d842b3cbd">
      <Execution id="bb98096d-e305-430b-a12f-dc2bc06687a9" />
      <TestMethod codeBase="D:\actions-runner\_work\XPCO\XPCO\SoftwareManager\Core\SoftwareManager\Core\unittest\bin\Debug\VideoOS.SoftwareManager.Core.UnitTest.dll" adapterTypeName="executor://mstestadapter/v2" className="VideoOS.SoftwareManager.Core.Manager.UnitTest.ManagerTest" name="TestInstallPackageParallel" />
    </UnitTest>
    <UnitTest name="TestConstructorWithMessage" storage="d:\actions-runner\_work\xpco\xpco\softwaremanager\core\softwaremanager\core\unittest\bin\debug\videoos.softwaremanager.core.unittest.dll" id="e301d847-37c6-086f-9b26-007beaf92f5d">
      <Execution id="43c367db-fe40-4f78-9edf-7b3ac2f2cf6f" />
      <TestMethod codeBase="D:\actions-runner\_work\XPCO\XPCO\SoftwareManager\Core\SoftwareManager\Core\unittest\bin\Debug\VideoOS.SoftwareManager.Core.UnitTest.dll" adapterTypeName="executor://mstestadapter/v2" className="VideoOS.SoftwareManager.Core.Utils.UnitTest.SoftwareManagerInvalidRepositoryIDExceptionTest" name="TestConstructorWithMessage" />
    </UnitTest>
    <UnitTest name="TestConstructor" storage="d:\actions-runner\_work\xpco\xpco\softwaremanager\core\softwaremanager\core\unittest\bin\debug\videoos.softwaremanager.core.unittest.dll" id="9f056c08-18de-7324-0ad3-bd5aa991fc91">
      <Execution id="d6d21cf9-dc4f-4aca-90de-3cad7ae7fb5f" />
      <TestMethod codeBase="D:\actions-runner\_work\XPCO\XPCO\SoftwareManager\Core\SoftwareManager\Core\unittest\bin\Debug\VideoOS.SoftwareManager.Core.UnitTest.dll" adapterTypeName="executor://mstestadapter/v2" className="VideoOS.SoftwareManager.Core.Task.TaskSuites.UnitTest.WMIPackageUnInstallerTaskTest" name="TestConstructor" />
    </UnitTest>
    <UnitTest name="TestConstructorWithMessageAndInnerException" storage="d:\actions-runner\_work\xpco\xpco\softwaremanager\core\softwaremanager\core\unittest\bin\debug\videoos.softwaremanager.core.unittest.dll" id="cc6517ba-270c-cbce-324e-33515a90db02">
      <Execution id="cb139c7e-d97b-4e7f-89a6-7e76f34b1d32" />
      <TestMethod codeBase="D:\actions-runner\_work\XPCO\XPCO\SoftwareManager\Core\SoftwareManager\Core\unittest\bin\Debug\VideoOS.SoftwareManager.Core.UnitTest.dll" adapterTypeName="executor://mstestadapter/v2" className="VideoOS.SoftwareManager.Core.Utils.UnitTest.SoftwareManagerMissingFileExceptionTest" name="TestConstructorWithMessageAndInnerException" />
    </UnitTest>
    <UnitTest name="TestConstructorWithErrorCodePathNotFound" storage="d:\actions-runner\_work\xpco\xpco\softwaremanager\core\softwaremanager\core\unittest\bin\debug\videoos.softwaremanager.core.unittest.dll" id="957b3463-0dd9-a4c2-2310-22f1e43fd6cc">
      <Execution id="2f9c912f-e120-4bc5-8524-eaa80213bcc5" />
      <TestMethod codeBase="D:\actions-runner\_work\XPCO\XPCO\SoftwareManager\Core\SoftwareManager\Core\unittest\bin\Debug\VideoOS.SoftwareManager.Core.UnitTest.dll" adapterTypeName="executor://mstestadapter/v2" className="VideoOS.SoftwareManager.Core.Utils.UnitTest.SoftwareManagerWMIServiceExceptionTest" name="TestConstructorWithErrorCodePathNotFound" />
    </UnitTest>
    <UnitTest name="TestGetPing" storage="d:\actions-runner\_work\xpco\xpco\softwaremanager\core\softwaremanager\core\unittest\bin\debug\videoos.softwaremanager.core.unittest.dll" id="c97edf9e-6f9b-d171-d88b-6c67b4a76d09">
      <Execution id="95f71689-c36e-4278-813f-64f9a3636211" />
      <TestMethod codeBase="D:\actions-runner\_work\XPCO\XPCO\SoftwareManager\Core\SoftwareManager\Core\unittest\bin\Debug\VideoOS.SoftwareManager.Core.UnitTest.dll" adapterTypeName="executor://mstestadapter/v2" className="VideoOS.SoftwareManager.Core.Host.UnitTest.WmiHostImpTest" name="TestGetPing" />
    </UnitTest>
    <UnitTest name="ExistingZipPackageWithReadOnlyAttribute_ShouldBeOverwritten" storage="d:\actions-runner\_work\xpco\xpco\softwaremanager\core\softwaremanager\core\unittest\bin\debug\videoos.softwaremanager.core.unittest.dll" id="5f070273-889c-c350-6e7c-2ac18b92811d">
      <Execution id="57341e38-f0a9-48e2-9c5b-3fcdb51b5bf2" />
      <TestMethod codeBase="D:\actions-runner\_work\XPCO\XPCO\SoftwareManager\Core\SoftwareManager\Core\unittest\bin\Debug\VideoOS.SoftwareManager.Core.UnitTest.dll" adapterTypeName="executor://mstestadapter/v2" className="VideoOS.SoftwareManager.Core.Task.UnitTest.FileShareImportPackageTaskTest" name="ExistingZipPackageWithReadOnlyAttribute_ShouldBeOverwritten" />
    </UnitTest>
    <UnitTest name="TestUpdate" storage="d:\actions-runner\_work\xpco\xpco\softwaremanager\core\softwaremanager\core\unittest\bin\debug\videoos.softwaremanager.core.unittest.dll" id="6904d3c0-7be0-62c4-0ee3-07e51655142b">
      <Execution id="5bafc844-7108-4749-98a8-c46c2f3e1b1b" />
      <TestMethod codeBase="D:\actions-runner\_work\XPCO\XPCO\SoftwareManager\Core\SoftwareManager\Core\unittest\bin\Debug\VideoOS.SoftwareManager.Core.UnitTest.dll" adapterTypeName="executor://mstestadapter/v2" className="VideoOS.SoftwareManager.Core.Observer.UnitTest.ObserverTest" name="TestUpdate" />
    </UnitTest>
    <UnitTest name="TestConstructor" storage="d:\actions-runner\_work\xpco\xpco\softwaremanager\core\softwaremanager\core\unittest\bin\debug\videoos.softwaremanager.core.unittest.dll" id="e5bc4ebc-87db-486a-42fb-aa45ec30b12b">
      <Execution id="9e9fd6b4-7555-431b-9869-c863a0e29931" />
      <TestMethod codeBase="D:\actions-runner\_work\XPCO\XPCO\SoftwareManager\Core\SoftwareManager\Core\unittest\bin\Debug\VideoOS.SoftwareManager.Core.UnitTest.dll" adapterTypeName="executor://mstestadapter/v2" className="VideoOS.SoftwareManager.Core.Task.UnitTest.Win32FileExistsTaskTest" name="TestConstructor" />
    </UnitTest>
    <UnitTest name="TestMakeDirWithWithCorrectSecurity" storage="d:\actions-runner\_work\xpco\xpco\softwaremanager\core\softwaremanager\core\unittest\bin\debug\videoos.softwaremanager.core.unittest.dll" id="1d9e37b6-d9d3-1a0e-a567-21f1127d93e2">
      <Execution id="2af6f9ac-811d-4322-8af7-c7fca9b65197" />
      <TestMethod codeBase="D:\actions-runner\_work\XPCO\XPCO\SoftwareManager\Core\SoftwareManager\Core\unittest\bin\Debug\VideoOS.SoftwareManager.Core.UnitTest.dll" adapterTypeName="executor://mstestadapter/v2" className="VideoOS.SoftwareManager.Core.Task.UnitTest.Win32MakeDirTaskTest" name="TestMakeDirWithWithCorrectSecurity" />
    </UnitTest>
    <UnitTest name="TestStopHostTaskWithInvalidHost" storage="d:\actions-runner\_work\xpco\xpco\softwaremanager\core\softwaremanager\core\unittest\bin\debug\videoos.softwaremanager.core.unittest.dll" id="6a8fa308-ac39-ccff-224f-2c11a1875cff">
      <Execution id="b3de4f74-770d-4e20-bd5c-8ed6ef52d8c9" />
      <TestMethod codeBase="D:\actions-runner\_work\XPCO\XPCO\SoftwareManager\Core\SoftwareManager\Core\unittest\bin\Debug\VideoOS.SoftwareManager.Core.UnitTest.dll" adapterTypeName="executor://mstestadapter/v2" className="VideoOS.SoftwareManager.Core.Manager.UnitTest.ManagerTest" name="TestStopHostTaskWithInvalidHost" />
    </UnitTest>
    <UnitTest name="TestIsTasksRunningOnHost" storage="d:\actions-runner\_work\xpco\xpco\softwaremanager\core\softwaremanager\core\unittest\bin\debug\videoos.softwaremanager.core.unittest.dll" id="a7b1190d-96a0-cc80-f0bd-b3feded255cb">
      <Execution id="449584aa-c0a9-4744-84a5-19f76fae15fc" />
      <TestMethod codeBase="D:\actions-runner\_work\XPCO\XPCO\SoftwareManager\Core\SoftwareManager\Core\unittest\bin\Debug\VideoOS.SoftwareManager.Core.UnitTest.dll" adapterTypeName="executor://mstestadapter/v2" className="VideoOS.SoftwareManager.Core.Manager.UnitTest.TestTest" name="TestIsTasksRunningOnHost" />
    </UnitTest>
    <UnitTest name="TestGetHostInfoSequential" storage="d:\actions-runner\_work\xpco\xpco\softwaremanager\core\softwaremanager\core\unittest\bin\debug\videoos.softwaremanager.core.unittest.dll" id="16676cd4-3af1-1b40-f8fd-0b757767ae35">
      <Execution id="5c876464-ee32-47ea-b06c-687f1c53ef25" />
      <TestMethod codeBase="D:\actions-runner\_work\XPCO\XPCO\SoftwareManager\Core\SoftwareManager\Core\unittest\bin\Debug\VideoOS.SoftwareManager.Core.UnitTest.dll" adapterTypeName="executor://mstestadapter/v2" className="VideoOS.SoftwareManager.Core.Manager.UnitTest.ManagerTest" name="TestGetHostInfoSequential" />
    </UnitTest>
    <UnitTest name="TestStopRepositoryTasks" storage="d:\actions-runner\_work\xpco\xpco\softwaremanager\core\softwaremanager\core\unittest\bin\debug\videoos.softwaremanager.core.unittest.dll" id="7b27a646-3b79-71b7-4cd1-43571fd2570e">
      <Execution id="63af867c-90f6-4369-96be-daffa636b4af" />
      <TestMethod codeBase="D:\actions-runner\_work\XPCO\XPCO\SoftwareManager\Core\SoftwareManager\Core\unittest\bin\Debug\VideoOS.SoftwareManager.Core.UnitTest.dll" adapterTypeName="executor://mstestadapter/v2" className="VideoOS.SoftwareManager.Core.Manager.UnitTest.ManagerTest" name="TestStopRepositoryTasks" />
    </UnitTest>
    <UnitTest name="IsTrusted_ShouldThrow_WhenPackageIsSignedButTampered" storage="d:\actions-runner\_work\xpco\xpco\softwaremanager\core\softwaremanager\core\unittest\bin\debug\videoos.softwaremanager.core.unittest.dll" id="3f124bb3-caeb-8d62-c0aa-8c36ecc36e38">
      <Execution id="38ee45c0-688a-4a50-a7e3-a12edd4eb531" />
      <TestMethod codeBase="D:\actions-runner\_work\XPCO\XPCO\SoftwareManager\Core\SoftwareManager\Core\unittest\bin\Debug\VideoOS.SoftwareManager.Core.UnitTest.dll" adapterTypeName="executor://mstestadapter/v2" className="VideoOS.SoftwareManager.Core.UnitTest.Utils.Win32TrustUtilTest" name="IsTrusted_ShouldThrow_WhenPackageIsSignedButTampered" />
    </UnitTest>
    <UnitTest name="TestRebooterTaskConstructor" storage="d:\actions-runner\_work\xpco\xpco\softwaremanager\core\softwaremanager\core\unittest\bin\debug\videoos.softwaremanager.core.unittest.dll" id="1c706d7c-aa05-3432-b707-da141d5eca3a">
      <Execution id="5dffca05-2d19-41e0-8883-7174a5e8ca68" />
      <TestMethod codeBase="D:\actions-runner\_work\XPCO\XPCO\SoftwareManager\Core\SoftwareManager\Core\unittest\bin\Debug\VideoOS.SoftwareManager.Core.UnitTest.dll" adapterTypeName="executor://mstestadapter/v2" className="VideoOS.SoftwareManager.Core.Task.UnitTest.GetOSVersionTaskTest" name="TestRebooterTaskConstructor" />
    </UnitTest>
    <UnitTest name="TestRunTasks" storage="d:\actions-runner\_work\xpco\xpco\softwaremanager\core\softwaremanager\core\unittest\bin\debug\videoos.softwaremanager.core.unittest.dll" id="7716f847-a934-7066-ece4-1dbcf9a6f5bd">
      <Execution id="8d571191-1713-4889-9201-3c77266a29fe" />
      <TestMethod codeBase="D:\actions-runner\_work\XPCO\XPCO\SoftwareManager\Core\SoftwareManager\Core\unittest\bin\Debug\VideoOS.SoftwareManager.Core.UnitTest.dll" adapterTypeName="executor://mstestadapter/v2" className="VideoOS.SoftwareManager.Core.Task.UnitTest.TaskSuiteTest" name="TestRunTasks" />
    </UnitTest>
    <UnitTest name="TestConstructor" storage="d:\actions-runner\_work\xpco\xpco\softwaremanager\core\softwaremanager\core\unittest\bin\debug\videoos.softwaremanager.core.unittest.dll" id="5dde1ad8-2a5f-9e49-d80b-87af96b9782f">
      <Execution id="87531a59-b9c6-4640-bac9-b690885959ce" />
      <TestMethod codeBase="D:\actions-runner\_work\XPCO\XPCO\SoftwareManager\Core\SoftwareManager\Core\unittest\bin\Debug\VideoOS.SoftwareManager.Core.UnitTest.dll" adapterTypeName="executor://mstestadapter/v2" className="VideoOS.SoftwareManager.Core.Task.UnitTest.WMIGetProductInfoTaskTest" name="TestConstructor" />
    </UnitTest>
    <UnitTest name="TestConstructorWithErrorCodeSuccess" storage="d:\actions-runner\_work\xpco\xpco\softwaremanager\core\softwaremanager\core\unittest\bin\debug\videoos.softwaremanager.core.unittest.dll" id="f40cd8a4-121f-c14e-cc4f-2cfd0883c319">
      <Execution id="3f39ae4d-8558-4fd5-a6ab-f44c9075308a" />
      <TestMethod codeBase="D:\actions-runner\_work\XPCO\XPCO\SoftwareManager\Core\SoftwareManager\Core\unittest\bin\Debug\VideoOS.SoftwareManager.Core.UnitTest.dll" adapterTypeName="executor://mstestadapter/v2" className="VideoOS.SoftwareManager.Core.Utils.UnitTest.SoftwareManagerWMIProcessExceptionTest" name="TestConstructorWithErrorCodeSuccess" />
    </UnitTest>
    <UnitTest name="TestConstructor" storage="d:\actions-runner\_work\xpco\xpco\softwaremanager\core\softwaremanager\core\unittest\bin\debug\videoos.softwaremanager.core.unittest.dll" id="bb42b17f-ff3f-6784-6f3c-e7ff14203605">
      <Execution id="48a4fd5a-d8a2-4941-bed4-34b3a4f63b8b" />
      <TestMethod codeBase="D:\actions-runner\_work\XPCO\XPCO\SoftwareManager\Core\SoftwareManager\Core\unittest\bin\Debug\VideoOS.SoftwareManager.Core.UnitTest.dll" adapterTypeName="executor://mstestadapter/v2" className="VideoOS.SoftwareManager.Core.Observer.UnitTest.ObserverTest" name="TestConstructor" />
    </UnitTest>
    <UnitTest name="TestDeleteLocalPackageWithInvalidHost" storage="d:\actions-runner\_work\xpco\xpco\softwaremanager\core\softwaremanager\core\unittest\bin\debug\videoos.softwaremanager.core.unittest.dll" id="93203ca6-739a-f1e1-3f23-53da55ebd190">
      <Execution id="33a57b03-9724-49fa-9d66-37d89f65dc6f" />
      <TestMethod codeBase="D:\actions-runner\_work\XPCO\XPCO\SoftwareManager\Core\SoftwareManager\Core\unittest\bin\Debug\VideoOS.SoftwareManager.Core.UnitTest.dll" adapterTypeName="executor://mstestadapter/v2" className="VideoOS.SoftwareManager.Core.Manager.UnitTest.ManagerTest" name="TestDeleteLocalPackageWithInvalidHost" />
    </UnitTest>
    <UnitTest name="TestConstructorWithMetadata" storage="d:\actions-runner\_work\xpco\xpco\softwaremanager\core\softwaremanager\core\unittest\bin\debug\videoos.softwaremanager.core.unittest.dll" id="e977703f-2970-df2c-d9d1-2e6c523b5ab1">
      <Execution id="4175441c-6a86-423c-8266-208f564d4d42" />
      <TestMethod codeBase="D:\actions-runner\_work\XPCO\XPCO\SoftwareManager\Core\SoftwareManager\Core\unittest\bin\Debug\VideoOS.SoftwareManager.Core.UnitTest.dll" adapterTypeName="executor://mstestadapter/v2" className="VideoOS.SoftwareManager.Core.Manager.UnitTest.RuntimeContextTest" name="TestConstructorWithMetadata" />
    </UnitTest>
    <UnitTest name="TestConstructor" storage="d:\actions-runner\_work\xpco\xpco\softwaremanager\core\softwaremanager\core\unittest\bin\debug\videoos.softwaremanager.core.unittest.dll" id="6d0fa322-8959-7bc7-9627-74995f65e2a9">
      <Execution id="53542155-1ab1-41ab-85e9-1929a4ad0c70" />
      <TestMethod codeBase="D:\actions-runner\_work\XPCO\XPCO\SoftwareManager\Core\SoftwareManager\Core\unittest\bin\Debug\VideoOS.SoftwareManager.Core.UnitTest.dll" adapterTypeName="executor://mstestadapter/v2" className="VideoOS.SoftwareManager.Core.Task.UnitTest.Win32FileCopyTaskTest" name="TestConstructor" />
    </UnitTest>
    <UnitTest name="TestConstructor" storage="d:\actions-runner\_work\xpco\xpco\softwaremanager\core\softwaremanager\core\unittest\bin\debug\videoos.softwaremanager.core.unittest.dll" id="e6c2e5fc-7fb8-b319-6ad8-57edc8eaae1a">
      <Execution id="f64a6ce7-307f-45c5-8e73-501bf533998f" />
      <TestMethod codeBase="D:\actions-runner\_work\XPCO\XPCO\SoftwareManager\Core\SoftwareManager\Core\unittest\bin\Debug\VideoOS.SoftwareManager.Core.UnitTest.dll" adapterTypeName="executor://mstestadapter/v2" className="VideoOS.SoftwareManager.Core.Task.UnitTest.FileShareImportPackageTaskTest" name="TestConstructor" />
    </UnitTest>
    <UnitTest name="TestNotifyObserverThrowingException" storage="d:\actions-runner\_work\xpco\xpco\softwaremanager\core\softwaremanager\core\unittest\bin\debug\videoos.softwaremanager.core.unittest.dll" id="b126bbc4-6355-64b2-7b0e-a07a415e03cd">
      <Execution id="e6335fcb-a90a-452b-814e-acddd02655f1" />
      <TestMethod codeBase="D:\actions-runner\_work\XPCO\XPCO\SoftwareManager\Core\SoftwareManager\Core\unittest\bin\Debug\VideoOS.SoftwareManager.Core.UnitTest.dll" adapterTypeName="executor://mstestadapter/v2" className="VideoOS.SoftwareManager.Core.Observer.UnitTest.ObservableTest" name="TestNotifyObserverThrowingException" />
    </UnitTest>
    <UnitTest name="TestGetConnectionOptionsLocal" storage="d:\actions-runner\_work\xpco\xpco\softwaremanager\core\softwaremanager\core\unittest\bin\debug\videoos.softwaremanager.core.unittest.dll" id="966ee7d3-699a-e5e7-0a2b-6c1da1a4c68c">
      <Execution id="15a695b6-a79c-408f-b7e3-53d172edb572" />
      <TestMethod codeBase="D:\actions-runner\_work\XPCO\XPCO\SoftwareManager\Core\SoftwareManager\Core\unittest\bin\Debug\VideoOS.SoftwareManager.Core.UnitTest.dll" adapterTypeName="executor://mstestadapter/v2" className="VideoOS.SoftwareManager.Core.Utils.UnitTest.WMIUtilsTest" name="TestGetConnectionOptionsLocal" />
    </UnitTest>
    <UnitTest name="TestBrowser" storage="d:\actions-runner\_work\xpco\xpco\softwaremanager\core\softwaremanager\core\unittest\bin\debug\videoos.softwaremanager.core.unittest.dll" id="2be41cae-1d5a-7945-3cba-93feb00da08b">
      <Execution id="b6bafeb8-c547-4247-9b7a-50ab297060cc" />
      <TestMethod codeBase="D:\actions-runner\_work\XPCO\XPCO\SoftwareManager\Core\SoftwareManager\Core\unittest\bin\Debug\VideoOS.SoftwareManager.Core.UnitTest.dll" adapterTypeName="executor://mstestadapter/v2" className="VideoOS.SoftwareManager.Core.Repository.UnitTest.FileShareRepositoryTest" name="TestBrowser" />
    </UnitTest>
    <UnitTest name="TestConstructor" storage="d:\actions-runner\_work\xpco\xpco\softwaremanager\core\softwaremanager\core\unittest\bin\debug\videoos.softwaremanager.core.unittest.dll" id="6dd7d197-bf00-3c2b-0bfa-cfbbc2b0d93c">
      <Execution id="2fc8edea-5fe9-4b73-92c4-9fc13cfbf49d" />
      <TestMethod codeBase="D:\actions-runner\_work\XPCO\XPCO\SoftwareManager\Core\SoftwareManager\Core\unittest\bin\Debug\VideoOS.SoftwareManager.Core.UnitTest.dll" adapterTypeName="executor://mstestadapter/v2" className="VideoOS.SoftwareManager.Core.Task.UnitTest.WMIGetOSVersionTaskTest" name="TestConstructor" />
    </UnitTest>
    <UnitTest name="TestDNS" storage="d:\actions-runner\_work\xpco\xpco\softwaremanager\core\softwaremanager\core\unittest\bin\debug\videoos.softwaremanager.core.unittest.dll" id="d3b84e20-e2d1-bc9e-eadc-945089fa4f50">
      <Execution id="07a52dc3-1bef-4415-b7a8-80fd1f393ff8" />
      <TestMethod codeBase="D:\actions-runner\_work\XPCO\XPCO\SoftwareManager\Core\SoftwareManager\Core\unittest\bin\Debug\VideoOS.SoftwareManager.Core.UnitTest.dll" adapterTypeName="executor://mstestadapter/v2" className="VideoOS.SoftwareManager.Core.UnitTest.Utils.NetUtilsTest" name="TestDNS" />
    </UnitTest>
    <UnitTest name="TestConstructor" storage="d:\actions-runner\_work\xpco\xpco\softwaremanager\core\softwaremanager\core\unittest\bin\debug\videoos.softwaremanager.core.unittest.dll" id="b79a5e07-1e7c-c356-7199-6e39153fecb6">
      <Execution id="41045988-e8b2-4fde-8196-b775ce04616c" />
      <TestMethod codeBase="D:\actions-runner\_work\XPCO\XPCO\SoftwareManager\Core\SoftwareManager\Core\unittest\bin\Debug\VideoOS.SoftwareManager.Core.UnitTest.dll" adapterTypeName="executor://mstestadapter/v2" className="VideoOS.SoftwareManager.Core.Task.TaskSuites.UnitTest.WMIPackageInstallerTaskTest" name="TestConstructor" />
    </UnitTest>
    <UnitTest name="TestConstructorWithMessageAndInnerException" storage="d:\actions-runner\_work\xpco\xpco\softwaremanager\core\softwaremanager\core\unittest\bin\debug\videoos.softwaremanager.core.unittest.dll" id="6152e041-6043-20aa-4ee6-2fde325c4d9c">
      <Execution id="6653f21f-4096-4843-a953-866ea9411d48" />
      <TestMethod codeBase="D:\actions-runner\_work\XPCO\XPCO\SoftwareManager\Core\SoftwareManager\Core\unittest\bin\Debug\VideoOS.SoftwareManager.Core.UnitTest.dll" adapterTypeName="executor://mstestadapter/v2" className="VideoOS.SoftwareManager.Core.Utils.UnitTest.SoftwareManagerInvalidHostIDExceptionTest" name="TestConstructorWithMessageAndInnerException" />
    </UnitTest>
    <UnitTest name="TestGetPackagesWithInvalidRepository" storage="d:\actions-runner\_work\xpco\xpco\softwaremanager\core\softwaremanager\core\unittest\bin\debug\videoos.softwaremanager.core.unittest.dll" id="123eb3ff-4a58-1eca-6d67-d756df1179d7">
      <Execution id="7d23842b-d03b-47e6-96e9-46459112e305" />
      <TestMethod codeBase="D:\actions-runner\_work\XPCO\XPCO\SoftwareManager\Core\SoftwareManager\Core\unittest\bin\Debug\VideoOS.SoftwareManager.Core.UnitTest.dll" adapterTypeName="executor://mstestadapter/v2" className="VideoOS.SoftwareManager.Core.Manager.UnitTest.ManagerTest" name="TestGetPackagesWithInvalidRepository" />
    </UnitTest>
    <UnitTest name="TestRebooterTaskInvalidHostName" storage="d:\actions-runner\_work\xpco\xpco\softwaremanager\core\softwaremanager\core\unittest\bin\debug\videoos.softwaremanager.core.unittest.dll" id="3515ab69-b8ab-9731-40c5-aa9261919d51">
      <Execution id="1a8dbec3-567c-4834-8d41-4dc64fe5b615" />
      <TestMethod codeBase="D:\actions-runner\_work\XPCO\XPCO\SoftwareManager\Core\SoftwareManager\Core\unittest\bin\Debug\VideoOS.SoftwareManager.Core.UnitTest.dll" adapterTypeName="executor://mstestadapter/v2" className="VideoOS.SoftwareManager.Core.Task.UnitTest.WMIRebooterTaskTest" name="TestRebooterTaskInvalidHostName" />
    </UnitTest>
    <UnitTest name="TestRebooterTaskConstructor" storage="d:\actions-runner\_work\xpco\xpco\softwaremanager\core\softwaremanager\core\unittest\bin\debug\videoos.softwaremanager.core.unittest.dll" id="d298a578-cf4a-5724-204a-283c52f4d161">
      <Execution id="acd377a1-4780-4ad1-affd-0cfd47179b5b" />
      <TestMethod codeBase="D:\actions-runner\_work\XPCO\XPCO\SoftwareManager\Core\SoftwareManager\Core\unittest\bin\Debug\VideoOS.SoftwareManager.Core.UnitTest.dll" adapterTypeName="executor://mstestadapter/v2" className="VideoOS.SoftwareManager.Core.Task.UnitTest.RebooterTaskTest" name="TestRebooterTaskConstructor" />
    </UnitTest>
    <UnitTest name="TestTestRepositories" storage="d:\actions-runner\_work\xpco\xpco\softwaremanager\core\softwaremanager\core\unittest\bin\debug\videoos.softwaremanager.core.unittest.dll" id="fca63c0e-d16d-4503-2a64-6b01e464c0f0">
      <Execution id="6556013c-cebe-47f4-9c9f-04ab2d52b4fe" />
      <TestMethod codeBase="D:\actions-runner\_work\XPCO\XPCO\SoftwareManager\Core\SoftwareManager\Core\unittest\bin\Debug\VideoOS.SoftwareManager.Core.UnitTest.dll" adapterTypeName="executor://mstestadapter/v2" className="VideoOS.SoftwareManager.Core.Manager.UnitTest.TestTest" name="TestTestRepositories" />
    </UnitTest>
    <UnitTest name="TestUninstallString" storage="d:\actions-runner\_work\xpco\xpco\softwaremanager\core\softwaremanager\core\unittest\bin\debug\videoos.softwaremanager.core.unittest.dll" id="a4208f47-51bb-3553-6e35-32df31a81552">
      <Execution id="52b69e56-45ff-433e-929d-b81a32d00f3a" />
      <TestMethod codeBase="D:\actions-runner\_work\XPCO\XPCO\SoftwareManager\Core\SoftwareManager\Core\unittest\bin\Debug\VideoOS.SoftwareManager.Core.UnitTest.dll" adapterTypeName="executor://mstestadapter/v2" className="VideoOS.SoftwareManager.Core.Package.UnitTest.MSIPackageTest" name="TestUninstallString" />
    </UnitTest>
    <UnitTest name="Test_With_MilestoneInstallerFrameworkPackage_When_ParamtersAreSerializedWithFormat1_Then_TheDynamicFilesContainsCorrectXmlFormat" storage="d:\actions-runner\_work\xpco\xpco\softwaremanager\core\softwaremanager\core\unittest\bin\debug\videoos.softwaremanager.core.unittest.dll" id="d9c896b3-18ac-1bf3-97b7-05dfbfa56ea2">
      <Execution id="6927a68b-4a53-46a2-b66f-f19d9c52ba97" />
      <TestMethod codeBase="D:\actions-runner\_work\XPCO\XPCO\SoftwareManager\Core\SoftwareManager\Core\unittest\bin\Debug\VideoOS.SoftwareManager.Core.UnitTest.dll" adapterTypeName="executor://mstestadapter/v2" className="VideoOS.SoftwareManager.Core.Package.UnitTest.MilestoneInstallerFrameworkPackageTest" name="Test_With_MilestoneInstallerFrameworkPackage_When_ParamtersAreSerializedWithFormat1_Then_TheDynamicFilesContainsCorrectXmlFormat" />
    </UnitTest>
    <UnitTest name="TestInstallDynamicFiles" storage="d:\actions-runner\_work\xpco\xpco\softwaremanager\core\softwaremanager\core\unittest\bin\debug\videoos.softwaremanager.core.unittest.dll" id="7066b9b5-1610-d275-dc55-593de5802882">
      <Execution id="f41a8a11-b5b4-4448-b9ce-03cc992f1f2d" />
      <TestMethod codeBase="D:\actions-runner\_work\XPCO\XPCO\SoftwareManager\Core\SoftwareManager\Core\unittest\bin\Debug\VideoOS.SoftwareManager.Core.UnitTest.dll" adapterTypeName="executor://mstestadapter/v2" className="VideoOS.SoftwareManager.Core.Package.UnitTest.INNOPackageTest" name="TestInstallDynamicFiles" />
    </UnitTest>
    <UnitTest name="TestRebooterTaskConstructor" storage="d:\actions-runner\_work\xpco\xpco\softwaremanager\core\softwaremanager\core\unittest\bin\debug\videoos.softwaremanager.core.unittest.dll" id="398e487f-9dca-6d67-fd26-4c9254a8ff88">
      <Execution id="3024090f-5be0-4fe9-a052-fdd654569391" />
      <TestMethod codeBase="D:\actions-runner\_work\XPCO\XPCO\SoftwareManager\Core\SoftwareManager\Core\unittest\bin\Debug\VideoOS.SoftwareManager.Core.UnitTest.dll" adapterTypeName="executor://mstestadapter/v2" className="VideoOS.SoftwareManager.Core.Task.UnitTest.WMIRebooterTaskTest" name="TestRebooterTaskConstructor" />
    </UnitTest>
    <UnitTest name="TestStopAllRepositoryTask" storage="d:\actions-runner\_work\xpco\xpco\softwaremanager\core\softwaremanager\core\unittest\bin\debug\videoos.softwaremanager.core.unittest.dll" id="f7d42701-2ea6-710a-c26e-6a5c6247f8de">
      <Execution id="d75cb8bd-9c78-4579-87b6-e9ab55edcc13" />
      <TestMethod codeBase="D:\actions-runner\_work\XPCO\XPCO\SoftwareManager\Core\SoftwareManager\Core\unittest\bin\Debug\VideoOS.SoftwareManager.Core.UnitTest.dll" adapterTypeName="executor://mstestadapter/v2" className="VideoOS.SoftwareManager.Core.Manager.UnitTest.TestTest" name="TestStopAllRepositoryTask" />
    </UnitTest>
    <UnitTest name="TestNotifyObservers" storage="d:\actions-runner\_work\xpco\xpco\softwaremanager\core\softwaremanager\core\unittest\bin\debug\videoos.softwaremanager.core.unittest.dll" id="a0d50940-2432-3acf-bdae-0dfaf7c5f854">
      <Execution id="abf948b2-bf9c-4d3d-ad16-04b6ad08304e" />
      <TestMethod codeBase="D:\actions-runner\_work\XPCO\XPCO\SoftwareManager\Core\SoftwareManager\Core\unittest\bin\Debug\VideoOS.SoftwareManager.Core.UnitTest.dll" adapterTypeName="executor://mstestadapter/v2" className="VideoOS.SoftwareManager.Core.Observer.UnitTest.ObservableTest" name="TestNotifyObservers" />
    </UnitTest>
    <UnitTest name="TestConstructorWithMessageAndInnerException" storage="d:\actions-runner\_work\xpco\xpco\softwaremanager\core\softwaremanager\core\unittest\bin\debug\videoos.softwaremanager.core.unittest.dll" id="d506503d-311a-ec67-c05f-4000d3531d44">
      <Execution id="9ed47fe3-3313-4d79-9522-3d1715e0295c" />
      <TestMethod codeBase="D:\actions-runner\_work\XPCO\XPCO\SoftwareManager\Core\SoftwareManager\Core\unittest\bin\Debug\VideoOS.SoftwareManager.Core.UnitTest.dll" adapterTypeName="executor://mstestadapter/v2" className="VideoOS.SoftwareManager.Core.Utils.UnitTest.SoftwareManagerCannotRebootLocalhostExceptionTest" name="TestConstructorWithMessageAndInnerException" />
    </UnitTest>
    <UnitTest name="TestConstructor" storage="d:\actions-runner\_work\xpco\xpco\softwaremanager\core\softwaremanager\core\unittest\bin\debug\videoos.softwaremanager.core.unittest.dll" id="e8a8896f-e6f5-3a84-3848-09ca421d6b30">
      <Execution id="b7e231f3-b1f4-43af-ad41-f0416ab5faab" />
      <TestMethod codeBase="D:\actions-runner\_work\XPCO\XPCO\SoftwareManager\Core\SoftwareManager\Core\unittest\bin\Debug\VideoOS.SoftwareManager.Core.UnitTest.dll" adapterTypeName="executor://mstestadapter/v2" className="VideoOS.SoftwareManager.Core.Repository.UnitTest.FileShareRepositoryTest" name="TestConstructor" />
    </UnitTest>
    <UnitTest name="TestMakeExistingDir" storage="d:\actions-runner\_work\xpco\xpco\softwaremanager\core\softwaremanager\core\unittest\bin\debug\videoos.softwaremanager.core.unittest.dll" id="f87bdbf8-6366-f4cc-9c50-055e8e1058ed">
      <Execution id="a4bad461-6cf6-41f2-b342-e2b23d34f500" />
      <TestMethod codeBase="D:\actions-runner\_work\XPCO\XPCO\SoftwareManager\Core\SoftwareManager\Core\unittest\bin\Debug\VideoOS.SoftwareManager.Core.UnitTest.dll" adapterTypeName="executor://mstestadapter/v2" className="VideoOS.SoftwareManager.Core.Task.UnitTest.Win32MakeDirTaskTest" name="TestMakeExistingDir" />
    </UnitTest>
    <UnitTest name="TestConstructorWithErrorCodeInvalidServiceControl" storage="d:\actions-runner\_work\xpco\xpco\softwaremanager\core\softwaremanager\core\unittest\bin\debug\videoos.softwaremanager.core.unittest.dll" id="9fbd03c1-13ed-30d2-53e4-a629d9907b7f">
      <Execution id="5e75b551-980a-4979-b84a-934a560f03f4" />
      <TestMethod codeBase="D:\actions-runner\_work\XPCO\XPCO\SoftwareManager\Core\SoftwareManager\Core\unittest\bin\Debug\VideoOS.SoftwareManager.Core.UnitTest.dll" adapterTypeName="executor://mstestadapter/v2" className="VideoOS.SoftwareManager.Core.Utils.UnitTest.SoftwareManagerWMIServiceExceptionTest" name="TestConstructorWithErrorCodeInvalidServiceControl" />
    </UnitTest>
    <UnitTest name="TestConstructorWithMessage" storage="d:\actions-runner\_work\xpco\xpco\softwaremanager\core\softwaremanager\core\unittest\bin\debug\videoos.softwaremanager.core.unittest.dll" id="f84adace-860d-1865-ba0b-b14560f981c7">
      <Execution id="dfa16089-2a39-493a-a627-89fca0e25633" />
      <TestMethod codeBase="D:\actions-runner\_work\XPCO\XPCO\SoftwareManager\Core\SoftwareManager\Core\unittest\bin\Debug\VideoOS.SoftwareManager.Core.UnitTest.dll" adapterTypeName="executor://mstestadapter/v2" className="VideoOS.SoftwareManager.Core.Utils.UnitTest.SoftwareManagerMissingFileExceptionTest" name="TestConstructorWithMessage" />
    </UnitTest>
    <UnitTest name="TestRunFailureTasksLast" storage="d:\actions-runner\_work\xpco\xpco\softwaremanager\core\softwaremanager\core\unittest\bin\debug\videoos.softwaremanager.core.unittest.dll" id="b61c59b3-029a-0817-1252-32f71c8216f9">
      <Execution id="c6a0bd72-d7b3-4eb0-a684-11118f139fe6" />
      <TestMethod codeBase="D:\actions-runner\_work\XPCO\XPCO\SoftwareManager\Core\SoftwareManager\Core\unittest\bin\Debug\VideoOS.SoftwareManager.Core.UnitTest.dll" adapterTypeName="executor://mstestadapter/v2" className="VideoOS.SoftwareManager.Core.Task.UnitTest.TaskSuiteTest" name="TestRunFailureTasksLast" />
    </UnitTest>
    <UnitTest name="TestGetRebooter" storage="d:\actions-runner\_work\xpco\xpco\softwaremanager\core\softwaremanager\core\unittest\bin\debug\videoos.softwaremanager.core.unittest.dll" id="37ff3888-9777-0cdf-214f-477a32f5fbee">
      <Execution id="7f11f3f1-2cd1-427d-99ae-984b44f6d1c6" />
      <TestMethod codeBase="D:\actions-runner\_work\XPCO\XPCO\SoftwareManager\Core\SoftwareManager\Core\unittest\bin\Debug\VideoOS.SoftwareManager.Core.UnitTest.dll" adapterTypeName="executor://mstestadapter/v2" className="VideoOS.SoftwareManager.Core.Host.UnitTest.WmiHostImpTest" name="TestGetRebooter" />
    </UnitTest>
    <UnitTest name="TestConstructor" storage="d:\actions-runner\_work\xpco\xpco\softwaremanager\core\softwaremanager\core\unittest\bin\debug\videoos.softwaremanager.core.unittest.dll" id="8b238217-430f-05ee-47e5-89c18f51b0b9">
      <Execution id="4fa88eee-14aa-4604-93d4-7a48b08738d6" />
      <TestMethod codeBase="D:\actions-runner\_work\XPCO\XPCO\SoftwareManager\Core\SoftwareManager\Core\unittest\bin\Debug\VideoOS.SoftwareManager.Core.UnitTest.dll" adapterTypeName="executor://mstestadapter/v2" className="VideoOS.SoftwareManager.Core.Repository.UnitTest.RepositoryTest" name="TestConstructor" />
    </UnitTest>
    <UnitTest name="TestConstructorWithErrorCodeAccessDenied" storage="d:\actions-runner\_work\xpco\xpco\softwaremanager\core\softwaremanager\core\unittest\bin\debug\videoos.softwaremanager.core.unittest.dll" id="2101384d-a9f9-ef6c-f985-07718b448cb2">
      <Execution id="fbae7da6-2b43-496a-8444-a78f4eb71419" />
      <TestMethod codeBase="D:\actions-runner\_work\XPCO\XPCO\SoftwareManager\Core\SoftwareManager\Core\unittest\bin\Debug\VideoOS.SoftwareManager.Core.UnitTest.dll" adapterTypeName="executor://mstestadapter/v2" className="VideoOS.SoftwareManager.Core.Utils.UnitTest.SoftwareManagerWMIServiceExceptionTest" name="TestConstructorWithErrorCodeAccessDenied" />
    </UnitTest>
    <UnitTest name="TestConstructorWithErrorCodeSuccess" storage="d:\actions-runner\_work\xpco\xpco\softwaremanager\core\softwaremanager\core\unittest\bin\debug\videoos.softwaremanager.core.unittest.dll" id="227cdad4-e657-f59d-ef9e-12d753b423d0">
      <Execution id="d648ef43-43d6-4ea1-a4c5-c790aa42e046" />
      <TestMethod codeBase="D:\actions-runner\_work\XPCO\XPCO\SoftwareManager\Core\SoftwareManager\Core\unittest\bin\Debug\VideoOS.SoftwareManager.Core.UnitTest.dll" adapterTypeName="executor://mstestadapter/v2" className="VideoOS.SoftwareManager.Core.Utils.UnitTest.SoftwareManagerWMIServiceExceptionTest" name="TestConstructorWithErrorCodeSuccess" />
    </UnitTest>
    <UnitTest name="TestStopAllHostTaskOneLevel" storage="d:\actions-runner\_work\xpco\xpco\softwaremanager\core\softwaremanager\core\unittest\bin\debug\videoos.softwaremanager.core.unittest.dll" id="507dcade-d9c5-591a-a8c8-41d99aa32547">
      <Execution id="3eada049-998f-4ef9-a2da-4523096027cd" />
      <TestMethod codeBase="D:\actions-runner\_work\XPCO\XPCO\SoftwareManager\Core\SoftwareManager\Core\unittest\bin\Debug\VideoOS.SoftwareManager.Core.UnitTest.dll" adapterTypeName="executor://mstestadapter/v2" className="VideoOS.SoftwareManager.Core.Manager.UnitTest.ManagerTest" name="TestStopAllHostTaskOneLevel" />
    </UnitTest>
    <UnitTest name="TestConstructor" storage="d:\actions-runner\_work\xpco\xpco\softwaremanager\core\softwaremanager\core\unittest\bin\debug\videoos.softwaremanager.core.unittest.dll" id="b1db4271-00db-47c3-3257-a21b26aa024d">
      <Execution id="dd1ff075-be9f-47d8-ae7d-d26716164311" />
      <TestMethod codeBase="D:\actions-runner\_work\XPCO\XPCO\SoftwareManager\Core\SoftwareManager\Core\unittest\bin\Debug\VideoOS.SoftwareManager.Core.UnitTest.dll" adapterTypeName="executor://mstestadapter/v2" className="VideoOS.SoftwareManager.Core.Repository.UnitTest.RepositoryBrowserTest" name="TestConstructor" />
    </UnitTest>
    <UnitTest name="TestIsLocalIPAddressWithMultipleCalls" storage="d:\actions-runner\_work\xpco\xpco\softwaremanager\core\softwaremanager\core\unittest\bin\debug\videoos.softwaremanager.core.unittest.dll" id="509804e8-d8ee-e9bd-b5b3-aeeece8c3d43">
      <Execution id="d70c7ff9-4ca1-4fc8-b0a6-de80c27abab4" />
      <TestMethod codeBase="D:\actions-runner\_work\XPCO\XPCO\SoftwareManager\Core\SoftwareManager\Core\unittest\bin\Debug\VideoOS.SoftwareManager.Core.UnitTest.dll" adapterTypeName="executor://mstestadapter/v2" className="VideoOS.SoftwareManager.Core.UnitTest.Utils.NetUtilsTest" name="TestIsLocalIPAddressWithMultipleCalls" />
    </UnitTest>
    <UnitTest name="TestGetLocalPackagesParallel" storage="d:\actions-runner\_work\xpco\xpco\softwaremanager\core\softwaremanager\core\unittest\bin\debug\videoos.softwaremanager.core.unittest.dll" id="41702cc4-b255-60a5-af8d-918c6d7b7ceb">
      <Execution id="90f0ebbd-7b2b-42fe-92a0-941ce99283b2" />
      <TestMethod codeBase="D:\actions-runner\_work\XPCO\XPCO\SoftwareManager\Core\SoftwareManager\Core\unittest\bin\Debug\VideoOS.SoftwareManager.Core.UnitTest.dll" adapterTypeName="executor://mstestadapter/v2" className="VideoOS.SoftwareManager.Core.Manager.UnitTest.ManagerTest" name="TestGetLocalPackagesParallel" />
    </UnitTest>
    <UnitTest name="TestTaskStopOnCompletedTask" storage="d:\actions-runner\_work\xpco\xpco\softwaremanager\core\softwaremanager\core\unittest\bin\debug\videoos.softwaremanager.core.unittest.dll" id="21a039f5-a92d-7952-0779-2ef36815aea5">
      <Execution id="cc280239-dc3f-4890-a5c1-2fc6e9b6e530" />
      <TestMethod codeBase="D:\actions-runner\_work\XPCO\XPCO\SoftwareManager\Core\SoftwareManager\Core\unittest\bin\Debug\VideoOS.SoftwareManager.Core.UnitTest.dll" adapterTypeName="executor://mstestadapter/v2" className="VideoOS.SoftwareManager.Core.Task.UnitTest.TaskTest" name="TestTaskStopOnCompletedTask" />
    </UnitTest>
    <UnitTest name="TestConstructorWithMessageAndInnerException" storage="d:\actions-runner\_work\xpco\xpco\softwaremanager\core\softwaremanager\core\unittest\bin\debug\videoos.softwaremanager.core.unittest.dll" id="c0d78bc9-8b22-4b83-e487-b28dbfa43be1">
      <Execution id="b8306767-9d40-4824-b48e-8827aa79ad62" />
      <TestMethod codeBase="D:\actions-runner\_work\XPCO\XPCO\SoftwareManager\Core\SoftwareManager\Core\unittest\bin\Debug\VideoOS.SoftwareManager.Core.UnitTest.dll" adapterTypeName="executor://mstestadapter/v2" className="VideoOS.SoftwareManager.Core.Utils.UnitTest.SoftwareManagerExceptionTest" name="TestConstructorWithMessageAndInnerException" />
    </UnitTest>
    <UnitTest name="Test127001" storage="d:\actions-runner\_work\xpco\xpco\softwaremanager\core\softwaremanager\core\unittest\bin\debug\videoos.softwaremanager.core.unittest.dll" id="48eb9e20-76c9-3c7b-a7a3-fc60c91a53d4">
      <Execution id="aba5e1cc-6e09-4f6c-8a90-525d0b85fe0a" />
      <TestMethod codeBase="D:\actions-runner\_work\XPCO\XPCO\SoftwareManager\Core\SoftwareManager\Core\unittest\bin\Debug\VideoOS.SoftwareManager.Core.UnitTest.dll" adapterTypeName="executor://mstestadapter/v2" className="VideoOS.SoftwareManager.Core.Task.UnitTest.WMIPingTaskTest" name="Test127001" />
    </UnitTest>
    <UnitTest name="TestConstructor" storage="d:\actions-runner\_work\xpco\xpco\softwaremanager\core\softwaremanager\core\unittest\bin\debug\videoos.softwaremanager.core.unittest.dll" id="0f0f7131-42bd-3008-39e4-936130039165">
      <Execution id="1a21b89a-719f-4938-93f0-e63d7f329050" />
      <TestMethod codeBase="D:\actions-runner\_work\XPCO\XPCO\SoftwareManager\Core\SoftwareManager\Core\unittest\bin\Debug\VideoOS.SoftwareManager.Core.UnitTest.dll" adapterTypeName="executor://mstestadapter/v2" className="VideoOS.SoftwareManager.Core.Task.UnitTest.DeletePackageTaskTest" name="TestConstructor" />
    </UnitTest>
    <UnitTest name="TestWaitForAllTasksWithTimeout" storage="d:\actions-runner\_work\xpco\xpco\softwaremanager\core\softwaremanager\core\unittest\bin\debug\videoos.softwaremanager.core.unittest.dll" id="d4e569f1-10c6-3311-ff80-77655b87aa0b">
      <Execution id="e4a9966e-e387-4ea5-85b2-09518a536cfa" />
      <TestMethod codeBase="D:\actions-runner\_work\XPCO\XPCO\SoftwareManager\Core\SoftwareManager\Core\unittest\bin\Debug\VideoOS.SoftwareManager.Core.UnitTest.dll" adapterTypeName="executor://mstestadapter/v2" className="VideoOS.SoftwareManager.Core.Manager.UnitTest.TestTest" name="TestWaitForAllTasksWithTimeout" />
    </UnitTest>
    <UnitTest name="TestPackageUploader" storage="d:\actions-runner\_work\xpco\xpco\softwaremanager\core\softwaremanager\core\unittest\bin\debug\videoos.softwaremanager.core.unittest.dll" id="b6c9091d-bcc3-5cee-d00b-d898c91721c4">
      <Execution id="98f63618-9425-4fc6-b568-821014234cad" />
      <TestMethod codeBase="D:\actions-runner\_work\XPCO\XPCO\SoftwareManager\Core\SoftwareManager\Core\unittest\bin\Debug\VideoOS.SoftwareManager.Core.UnitTest.dll" adapterTypeName="executor://mstestadapter/v2" className="VideoOS.SoftwareManager.Core.Repository.UnitTest.RepositoryUploaderTest" name="TestPackageUploader" />
    </UnitTest>
    <UnitTest name="TestSetValueInvalid" storage="d:\actions-runner\_work\xpco\xpco\softwaremanager\core\softwaremanager\core\unittest\bin\debug\videoos.softwaremanager.core.unittest.dll" id="d165a1f9-3d44-76cb-b902-4ddbe0cccecb">
      <Execution id="c2cf08d9-8478-406e-8898-7391d623a92f" />
      <TestMethod codeBase="D:\actions-runner\_work\XPCO\XPCO\SoftwareManager\Core\SoftwareManager\Core\unittest\bin\Debug\VideoOS.SoftwareManager.Core.UnitTest.dll" adapterTypeName="executor://mstestadapter/v2" className="VideoOS.SoftwareManager.Core.Package.UnitTest.EnumParameterTest" name="TestSetValueInvalid" />
    </UnitTest>
    <UnitTest name="TestClearTasksWhileRunning" storage="d:\actions-runner\_work\xpco\xpco\softwaremanager\core\softwaremanager\core\unittest\bin\debug\videoos.softwaremanager.core.unittest.dll" id="d13aa229-8e39-18d5-187c-99e8a2b31cd1">
      <Execution id="c829ec0d-3531-496c-858f-244e5bd84d25" />
      <TestMethod codeBase="D:\actions-runner\_work\XPCO\XPCO\SoftwareManager\Core\SoftwareManager\Core\unittest\bin\Debug\VideoOS.SoftwareManager.Core.UnitTest.dll" adapterTypeName="executor://mstestadapter/v2" className="VideoOS.SoftwareManager.Core.Task.UnitTest.TaskSuiteTest" name="TestClearTasksWhileRunning" />
    </UnitTest>
    <UnitTest name="TestInjection" storage="d:\actions-runner\_work\xpco\xpco\softwaremanager\core\softwaremanager\core\unittest\bin\debug\videoos.softwaremanager.core.unittest.dll" id="b53777b6-9b17-4b3f-bddc-b6f07e3ad483">
      <Execution id="4da8dcfe-5e84-4bdb-b81f-7dce628cae76" />
      <TestMethod codeBase="D:\actions-runner\_work\XPCO\XPCO\SoftwareManager\Core\SoftwareManager\Core\unittest\bin\Debug\VideoOS.SoftwareManager.Core.UnitTest.dll" adapterTypeName="executor://mstestadapter/v2" className="VideoOS.SoftwareManager.Core.Task.UnitTest.TaskSuiteTest" name="TestInjection" />
    </UnitTest>
    <UnitTest name="TestConstructorWithErrorCodeUnknownFailure" storage="d:\actions-runner\_work\xpco\xpco\softwaremanager\core\softwaremanager\core\unittest\bin\debug\videoos.softwaremanager.core.unittest.dll" id="a52af099-adde-616a-e493-3c951c853af5">
      <Execution id="4c2423ce-c39e-4806-b2a0-aab9d1b01175" />
      <TestMethod codeBase="D:\actions-runner\_work\XPCO\XPCO\SoftwareManager\Core\SoftwareManager\Core\unittest\bin\Debug\VideoOS.SoftwareManager.Core.UnitTest.dll" adapterTypeName="executor://mstestadapter/v2" className="VideoOS.SoftwareManager.Core.Utils.UnitTest.SoftwareManagerWMIServiceExceptionTest" name="TestConstructorWithErrorCodeUnknownFailure" />
    </UnitTest>
    <UnitTest name="TestWaitForAllTasksWithNullManager" storage="d:\actions-runner\_work\xpco\xpco\softwaremanager\core\softwaremanager\core\unittest\bin\debug\videoos.softwaremanager.core.unittest.dll" id="56fd3714-911e-3c1d-d65a-ddc9984079a7">
      <Execution id="1a1d61aa-40d9-40ec-839a-bab06d9bccf8" />
      <TestMethod codeBase="D:\actions-runner\_work\XPCO\XPCO\SoftwareManager\Core\SoftwareManager\Core\unittest\bin\Debug\VideoOS.SoftwareManager.Core.UnitTest.dll" adapterTypeName="executor://mstestadapter/v2" className="VideoOS.SoftwareManager.Core.Manager.UnitTest.TestTest" name="TestWaitForAllTasksWithNullManager" />
    </UnitTest>
    <UnitTest name="TestConstructor" storage="d:\actions-runner\_work\xpco\xpco\softwaremanager\core\softwaremanager\core\unittest\bin\debug\videoos.softwaremanager.core.unittest.dll" id="ede83e9c-fccc-794b-8457-5adc5aedf18a">
      <Execution id="7d86fd28-0878-441a-a1d1-bce1a1c844e1" />
      <TestMethod codeBase="D:\actions-runner\_work\XPCO\XPCO\SoftwareManager\Core\SoftwareManager\Core\unittest\bin\Debug\VideoOS.SoftwareManager.Core.UnitTest.dll" adapterTypeName="executor://mstestadapter/v2" className="VideoOS.SoftwareManager.Core.Manager.UnitTest.TestTest" name="TestConstructor" />
    </UnitTest>
    <UnitTest name="TestGetPackages" storage="d:\actions-runner\_work\xpco\xpco\softwaremanager\core\softwaremanager\core\unittest\bin\debug\videoos.softwaremanager.core.unittest.dll" id="8f477c37-7083-1672-5283-a9d495e9fd61">
      <Execution id="6dd3ca88-a599-413e-9a0c-85335abda2f8" />
      <TestMethod codeBase="D:\actions-runner\_work\XPCO\XPCO\SoftwareManager\Core\SoftwareManager\Core\unittest\bin\Debug\VideoOS.SoftwareManager.Core.UnitTest.dll" adapterTypeName="executor://mstestadapter/v2" className="VideoOS.SoftwareManager.Core.Task.UnitTest.FileShareGetPackagesTaskTest" name="TestGetPackages" />
    </UnitTest>
    <UnitTest name="TestObserver" storage="d:\actions-runner\_work\xpco\xpco\softwaremanager\core\softwaremanager\core\unittest\bin\debug\videoos.softwaremanager.core.unittest.dll" id="c9f53748-47ce-0633-50ad-3007e055d4a5">
      <Execution id="47140686-1dc8-4fc7-9fda-fe85d5924bc5" />
      <TestMethod codeBase="D:\actions-runner\_work\XPCO\XPCO\SoftwareManager\Core\SoftwareManager\Core\unittest\bin\Debug\VideoOS.SoftwareManager.Core.UnitTest.dll" adapterTypeName="executor://mstestadapter/v2" className="VideoOS.SoftwareManager.Core.Task.UnitTest.TaskSuiteTest" name="TestObserver" />
    </UnitTest>
    <UnitTest name="TestConstructorWithMultipleObservers" storage="d:\actions-runner\_work\xpco\xpco\softwaremanager\core\softwaremanager\core\unittest\bin\debug\videoos.softwaremanager.core.unittest.dll" id="a041f741-20d8-3a12-5a12-ac603b3ef6bc">
      <Execution id="24045d9e-5bb2-4f5d-b5ce-e59a03601b24" />
      <TestMethod codeBase="D:\actions-runner\_work\XPCO\XPCO\SoftwareManager\Core\SoftwareManager\Core\unittest\bin\Debug\VideoOS.SoftwareManager.Core.UnitTest.dll" adapterTypeName="executor://mstestadapter/v2" className="VideoOS.SoftwareManager.Core.Manager.UnitTest.ObservableHostTest" name="TestConstructorWithMultipleObservers" />
    </UnitTest>
    <UnitTest name="TestGetOSVersionSequential" storage="d:\actions-runner\_work\xpco\xpco\softwaremanager\core\softwaremanager\core\unittest\bin\debug\videoos.softwaremanager.core.unittest.dll" id="f4901ffe-89d3-e081-0aa9-7b9d56b57c0f">
      <Execution id="594bf1a5-5ce0-41f8-b157-1ab821b26f12" />
      <TestMethod codeBase="D:\actions-runner\_work\XPCO\XPCO\SoftwareManager\Core\SoftwareManager\Core\unittest\bin\Debug\VideoOS.SoftwareManager.Core.UnitTest.dll" adapterTypeName="executor://mstestadapter/v2" className="VideoOS.SoftwareManager.Core.Manager.UnitTest.ManagerTest" name="TestGetOSVersionSequential" />
    </UnitTest>
    <UnitTest name="TestAttachObserver" storage="d:\actions-runner\_work\xpco\xpco\softwaremanager\core\softwaremanager\core\unittest\bin\debug\videoos.softwaremanager.core.unittest.dll" id="d08fd0d0-106c-6df0-e83c-5d210fcd79c8">
      <Execution id="40d969ea-7fa3-44b0-9504-38bf5e66b074" />
      <TestMethod codeBase="D:\actions-runner\_work\XPCO\XPCO\SoftwareManager\Core\SoftwareManager\Core\unittest\bin\Debug\VideoOS.SoftwareManager.Core.UnitTest.dll" adapterTypeName="executor://mstestadapter/v2" className="VideoOS.SoftwareManager.Core.Observer.UnitTest.ObservableTest" name="TestAttachObserver" />
    </UnitTest>
    <UnitTest name="TestConstructorWithErrorCodeUnknownFailure" storage="d:\actions-runner\_work\xpco\xpco\softwaremanager\core\softwaremanager\core\unittest\bin\debug\videoos.softwaremanager.core.unittest.dll" id="729c0c4c-75b6-3606-8352-31e30f6054ad">
      <Execution id="035204f3-f26e-4094-849e-787e32d9f717" />
      <TestMethod codeBase="D:\actions-runner\_work\XPCO\XPCO\SoftwareManager\Core\SoftwareManager\Core\unittest\bin\Debug\VideoOS.SoftwareManager.Core.UnitTest.dll" adapterTypeName="executor://mstestadapter/v2" className="VideoOS.SoftwareManager.Core.Utils.UnitTest.SoftwareManagerWMIProcessExceptionTest" name="TestConstructorWithErrorCodeUnknownFailure" />
    </UnitTest>
    <UnitTest name="TestWaitForAllTasksWithNegativeTimeout" storage="d:\actions-runner\_work\xpco\xpco\softwaremanager\core\softwaremanager\core\unittest\bin\debug\videoos.softwaremanager.core.unittest.dll" id="ffb5e73e-887f-1a38-a682-d33443b4dfc6">
      <Execution id="4f000930-b3d6-4614-87df-9d0452ffd159" />
      <TestMethod codeBase="D:\actions-runner\_work\XPCO\XPCO\SoftwareManager\Core\SoftwareManager\Core\unittest\bin\Debug\VideoOS.SoftwareManager.Core.UnitTest.dll" adapterTypeName="executor://mstestadapter/v2" className="VideoOS.SoftwareManager.Core.Manager.UnitTest.ManagerTest" name="TestWaitForAllTasksWithNegativeTimeout" />
    </UnitTest>
    <UnitTest name="TestSetValue" storage="d:\actions-runner\_work\xpco\xpco\softwaremanager\core\softwaremanager\core\unittest\bin\debug\videoos.softwaremanager.core.unittest.dll" id="33675f94-c719-761f-5636-41fb611944c3">
      <Execution id="1588f479-2fe2-4ed0-8676-4ba1c1b92a8f" />
      <TestMethod codeBase="D:\actions-runner\_work\XPCO\XPCO\SoftwareManager\Core\SoftwareManager\Core\unittest\bin\Debug\VideoOS.SoftwareManager.Core.UnitTest.dll" adapterTypeName="executor://mstestadapter/v2" className="VideoOS.SoftwareManager.Core.Package.UnitTest.ParameterTest" name="TestSetValue" />
    </UnitTest>
    <UnitTest name="TestCopyFileWithPauseAndStop" storage="d:\actions-runner\_work\xpco\xpco\softwaremanager\core\softwaremanager\core\unittest\bin\debug\videoos.softwaremanager.core.unittest.dll" id="b132170f-9730-0961-71b5-52e8ff86f635">
      <Execution id="8c48235c-8d9d-4a2b-9920-18c878265f20" />
      <TestMethod codeBase="D:\actions-runner\_work\XPCO\XPCO\SoftwareManager\Core\SoftwareManager\Core\unittest\bin\Debug\VideoOS.SoftwareManager.Core.UnitTest.dll" adapterTypeName="executor://mstestadapter/v2" className="VideoOS.SoftwareManager.Core.Task.UnitTest.Win32FileCopyTaskTest" name="TestCopyFileWithPauseAndStop" />
    </UnitTest>
    <UnitTest name="TestUninstallString" storage="d:\actions-runner\_work\xpco\xpco\softwaremanager\core\softwaremanager\core\unittest\bin\debug\videoos.softwaremanager.core.unittest.dll" id="76542709-be8d-6929-2c1e-1e0af7b93f0e">
      <Execution id="5abb2755-8d02-4681-b250-f7fc1483a76d" />
      <TestMethod codeBase="D:\actions-runner\_work\XPCO\XPCO\SoftwareManager\Core\SoftwareManager\Core\unittest\bin\Debug\VideoOS.SoftwareManager.Core.UnitTest.dll" adapterTypeName="executor://mstestadapter/v2" className="VideoOS.SoftwareManager.Core.Package.UnitTest.MSIBootstrapperPackageTest" name="TestUninstallString" />
    </UnitTest>
    <UnitTest name="TestGetInstalledPackagesSequential" storage="d:\actions-runner\_work\xpco\xpco\softwaremanager\core\softwaremanager\core\unittest\bin\debug\videoos.softwaremanager.core.unittest.dll" id="a76765fa-a6f1-2e6e-2762-dc27a61e9a6d">
      <Execution id="84f15057-2451-4fc8-94d5-5e91b974f918" />
      <TestMethod codeBase="D:\actions-runner\_work\XPCO\XPCO\SoftwareManager\Core\SoftwareManager\Core\unittest\bin\Debug\VideoOS.SoftwareManager.Core.UnitTest.dll" adapterTypeName="executor://mstestadapter/v2" className="VideoOS.SoftwareManager.Core.Manager.UnitTest.ManagerTest" name="TestGetInstalledPackagesSequential" />
    </UnitTest>
    <UnitTest name="TestStopAllHostTask" storage="d:\actions-runner\_work\xpco\xpco\softwaremanager\core\softwaremanager\core\unittest\bin\debug\videoos.softwaremanager.core.unittest.dll" id="ff251435-488c-f14c-109e-e0528c8469ae">
      <Execution id="3e71ed92-0944-40f4-8528-5d5734fae889" />
      <TestMethod codeBase="D:\actions-runner\_work\XPCO\XPCO\SoftwareManager\Core\SoftwareManager\Core\unittest\bin\Debug\VideoOS.SoftwareManager.Core.UnitTest.dll" adapterTypeName="executor://mstestadapter/v2" className="VideoOS.SoftwareManager.Core.Manager.UnitTest.TestTest" name="TestStopAllHostTask" />
    </UnitTest>
    <UnitTest name="TestConstructor" storage="d:\actions-runner\_work\xpco\xpco\softwaremanager\core\softwaremanager\core\unittest\bin\debug\videoos.softwaremanager.core.unittest.dll" id="68a2363a-b484-17cf-1f18-a03fd75c478a">
      <Execution id="61f179cd-bcef-48fd-8a68-8c08f21b2c4f" />
      <TestMethod codeBase="D:\actions-runner\_work\XPCO\XPCO\SoftwareManager\Core\SoftwareManager\Core\unittest\bin\Debug\VideoOS.SoftwareManager.Core.UnitTest.dll" adapterTypeName="executor://mstestadapter/v2" className="VideoOS.SoftwareManager.Core.Manager.UnitTest.ManagerTest" name="TestConstructor" />
    </UnitTest>
    <UnitTest name="TestGetConnectionOptionsWithoutDomainNotLocal" storage="d:\actions-runner\_work\xpco\xpco\softwaremanager\core\softwaremanager\core\unittest\bin\debug\videoos.softwaremanager.core.unittest.dll" id="1396e80d-ac6c-7b7b-e5dd-cce3f57d2022">
      <Execution id="a6dc4c5e-16cc-409f-9c96-118d9b8b8cfb" />
      <TestMethod codeBase="D:\actions-runner\_work\XPCO\XPCO\SoftwareManager\Core\SoftwareManager\Core\unittest\bin\Debug\VideoOS.SoftwareManager.Core.UnitTest.dll" adapterTypeName="executor://mstestadapter/v2" className="VideoOS.SoftwareManager.Core.Utils.UnitTest.WMIUtilsTest" name="TestGetConnectionOptionsWithoutDomainNotLocal" />
    </UnitTest>
    <UnitTest name="TestGetLocalPackagesValids" storage="d:\actions-runner\_work\xpco\xpco\softwaremanager\core\softwaremanager\core\unittest\bin\debug\videoos.softwaremanager.core.unittest.dll" id="be72001e-cbeb-f70f-60bd-efa29a260472">
      <Execution id="66cb5514-c9fb-434d-ab08-25d3624f4cec" />
      <TestMethod codeBase="D:\actions-runner\_work\XPCO\XPCO\SoftwareManager\Core\SoftwareManager\Core\unittest\bin\Debug\VideoOS.SoftwareManager.Core.UnitTest.dll" adapterTypeName="executor://mstestadapter/v2" className="VideoOS.SoftwareManager.Core.Utils.UnitTest.OEMUtilsTest" name="TestGetLocalPackagesValids" />
    </UnitTest>
    <UnitTest name="TestGetLocalPackagesWithInvalidHost" storage="d:\actions-runner\_work\xpco\xpco\softwaremanager\core\softwaremanager\core\unittest\bin\debug\videoos.softwaremanager.core.unittest.dll" id="2d9dbc28-3346-aa2c-3f94-7988e6e65d16">
      <Execution id="b7210f9c-077f-419b-b923-0bf4d1781d06" />
      <TestMethod codeBase="D:\actions-runner\_work\XPCO\XPCO\SoftwareManager\Core\SoftwareManager\Core\unittest\bin\Debug\VideoOS.SoftwareManager.Core.UnitTest.dll" adapterTypeName="executor://mstestadapter/v2" className="VideoOS.SoftwareManager.Core.Manager.UnitTest.ManagerTest" name="TestGetLocalPackagesWithInvalidHost" />
    </UnitTest>
    <UnitTest name="TestPingSequential" storage="d:\actions-runner\_work\xpco\xpco\softwaremanager\core\softwaremanager\core\unittest\bin\debug\videoos.softwaremanager.core.unittest.dll" id="c9e1a6db-907d-9c8d-8ab2-22df33deb8b7">
      <Execution id="fa5a286a-998a-4b5b-9b97-96ea56f6b16d" />
      <TestMethod codeBase="D:\actions-runner\_work\XPCO\XPCO\SoftwareManager\Core\SoftwareManager\Core\unittest\bin\Debug\VideoOS.SoftwareManager.Core.UnitTest.dll" adapterTypeName="executor://mstestadapter/v2" className="VideoOS.SoftwareManager.Core.Manager.UnitTest.ManagerTest" name="TestPingSequential" />
    </UnitTest>
    <UnitTest name="TestConstructor" storage="d:\actions-runner\_work\xpco\xpco\softwaremanager\core\softwaremanager\core\unittest\bin\debug\videoos.softwaremanager.core.unittest.dll" id="dccffa84-7c98-4410-7aaa-69b1a9b9bf4b">
      <Execution id="d5a1f5d4-2344-4fdc-89c1-aa30088335bc" />
      <TestMethod codeBase="D:\actions-runner\_work\XPCO\XPCO\SoftwareManager\Core\SoftwareManager\Core\unittest\bin\Debug\VideoOS.SoftwareManager.Core.UnitTest.dll" adapterTypeName="executor://mstestadapter/v2" className="VideoOS.SoftwareManager.Core.Package.UnitTest.FileParameterTest" name="TestConstructor" />
    </UnitTest>
    <UnitTest name="TestConstructor" storage="d:\actions-runner\_work\xpco\xpco\softwaremanager\core\softwaremanager\core\unittest\bin\debug\videoos.softwaremanager.core.unittest.dll" id="3538f6df-51fc-46bb-bdd2-8a9a714c9781">
      <Execution id="b8268bdf-4cee-4cb5-a0cc-cd74bc0aa40a" />
      <TestMethod codeBase="D:\actions-runner\_work\XPCO\XPCO\SoftwareManager\Core\SoftwareManager\Core\unittest\bin\Debug\VideoOS.SoftwareManager.Core.UnitTest.dll" adapterTypeName="executor://mstestadapter/v2" className="VideoOS.SoftwareManager.Core.Package.UnitTest.InstallerActionTest" name="TestConstructor" />
    </UnitTest>
    <UnitTest name="TestPausedBeforeDoRun" storage="d:\actions-runner\_work\xpco\xpco\softwaremanager\core\softwaremanager\core\unittest\bin\debug\videoos.softwaremanager.core.unittest.dll" id="6df818c5-73c8-7004-d8bf-eb24c08d331c">
      <Execution id="a187ba0d-2c72-4c53-8ff0-a21f4eac3ebc" />
      <TestMethod codeBase="D:\actions-runner\_work\XPCO\XPCO\SoftwareManager\Core\SoftwareManager\Core\unittest\bin\Debug\VideoOS.SoftwareManager.Core.UnitTest.dll" adapterTypeName="executor://mstestadapter/v2" className="VideoOS.SoftwareManager.Core.Task.UnitTest.TaskTest" name="TestPausedBeforeDoRun" />
    </UnitTest>
    <UnitTest name="TestRebooterTaskLocalhost" storage="d:\actions-runner\_work\xpco\xpco\softwaremanager\core\softwaremanager\core\unittest\bin\debug\videoos.softwaremanager.core.unittest.dll" id="3b800de0-7f55-0230-86ac-278c66c5da09">
      <Execution id="c33cd9f4-0953-4904-af14-b2ccf12fc85d" />
      <TestMethod codeBase="D:\actions-runner\_work\XPCO\XPCO\SoftwareManager\Core\SoftwareManager\Core\unittest\bin\Debug\VideoOS.SoftwareManager.Core.UnitTest.dll" adapterTypeName="executor://mstestadapter/v2" className="VideoOS.SoftwareManager.Core.Task.UnitTest.WMIRebooterTaskTest" name="TestRebooterTaskLocalhost" />
    </UnitTest>
    <UnitTest name="TestConstructorWithMessageAndInnerException" storage="d:\actions-runner\_work\xpco\xpco\softwaremanager\core\softwaremanager\core\unittest\bin\debug\videoos.softwaremanager.core.unittest.dll" id="fe18c034-aa0b-61e5-8a2a-c9568fd83fd9">
      <Execution id="4488a132-5565-4a16-b882-becf25df3b21" />
      <TestMethod codeBase="D:\actions-runner\_work\XPCO\XPCO\SoftwareManager\Core\SoftwareManager\Core\unittest\bin\Debug\VideoOS.SoftwareManager.Core.UnitTest.dll" adapterTypeName="executor://mstestadapter/v2" className="VideoOS.SoftwareManager.Core.Utils.UnitTest.SoftwareManagerInvalidParametersExceptionTest" name="TestConstructorWithMessageAndInnerException" />
    </UnitTest>
    <UnitTest name="TestValids" storage="d:\actions-runner\_work\xpco\xpco\softwaremanager\core\softwaremanager\core\unittest\bin\debug\videoos.softwaremanager.core.unittest.dll" id="910d9e71-a6d1-f7ea-624f-20cad78d3822">
      <Execution id="8f2c939f-3f6a-4bd0-91d4-a548fe953ca7" />
      <TestMethod codeBase="D:\actions-runner\_work\XPCO\XPCO\SoftwareManager\Core\SoftwareManager\Core\unittest\bin\Debug\VideoOS.SoftwareManager.Core.UnitTest.dll" adapterTypeName="executor://mstestadapter/v2" className="VideoOS.SoftwareManager.Core.Task.UnitTest.WMIGetInstalledPackagesTaskTest" name="TestValids" />
    </UnitTest>
    <UnitTest name="TestParseXmlThatDoesNotValidateSchema" storage="d:\actions-runner\_work\xpco\xpco\softwaremanager\core\softwaremanager\core\unittest\bin\debug\videoos.softwaremanager.core.unittest.dll" id="0b029b03-e5f3-b149-3920-586205f4cd46">
      <Execution id="aaf30d1a-b74e-4266-8805-6003ea7c8261" />
      <TestMethod codeBase="D:\actions-runner\_work\XPCO\XPCO\SoftwareManager\Core\SoftwareManager\Core\unittest\bin\Debug\VideoOS.SoftwareManager.Core.UnitTest.dll" adapterTypeName="executor://mstestadapter/v2" className="VideoOS.SoftwareManager.Core.Package.UnitTest.PackageParserTest" name="TestParseXmlThatDoesNotValidateSchema" />
    </UnitTest>
    <UnitTest name="TestIsTasksRunningWithInvalidID" storage="d:\actions-runner\_work\xpco\xpco\softwaremanager\core\softwaremanager\core\unittest\bin\debug\videoos.softwaremanager.core.unittest.dll" id="3be573fd-8249-d766-9daa-dbf90a35485d">
      <Execution id="924c8117-432b-4d67-b7db-1f8149e0c41e" />
      <TestMethod codeBase="D:\actions-runner\_work\XPCO\XPCO\SoftwareManager\Core\SoftwareManager\Core\unittest\bin\Debug\VideoOS.SoftwareManager.Core.UnitTest.dll" adapterTypeName="executor://mstestadapter/v2" className="VideoOS.SoftwareManager.Core.Manager.UnitTest.TestTest" name="TestIsTasksRunningWithInvalidID" />
    </UnitTest>
    <UnitTest name="TestUploadPackageParallel" storage="d:\actions-runner\_work\xpco\xpco\softwaremanager\core\softwaremanager\core\unittest\bin\debug\videoos.softwaremanager.core.unittest.dll" id="04ad7382-7f4e-ecdf-65f5-9b1671144ea8">
      <Execution id="0de47b83-837b-4fcf-912a-7173e6b0daf9" />
      <TestMethod codeBase="D:\actions-runner\_work\XPCO\XPCO\SoftwareManager\Core\SoftwareManager\Core\unittest\bin\Debug\VideoOS.SoftwareManager.Core.UnitTest.dll" adapterTypeName="executor://mstestadapter/v2" className="VideoOS.SoftwareManager.Core.Manager.UnitTest.ManagerTest" name="TestUploadPackageParallel" />
    </UnitTest>
    <UnitTest name="TestGetRepositoryLocationIdentifier" storage="d:\actions-runner\_work\xpco\xpco\softwaremanager\core\softwaremanager\core\unittest\bin\debug\videoos.softwaremanager.core.unittest.dll" id="b4bc3446-4a33-e238-ffe8-f27ad8971712">
      <Execution id="56ebb9ce-a9f9-478e-9556-c0d869a93d9d" />
      <TestMethod codeBase="D:\actions-runner\_work\XPCO\XPCO\SoftwareManager\Core\SoftwareManager\Core\unittest\bin\Debug\VideoOS.SoftwareManager.Core.UnitTest.dll" adapterTypeName="executor://mstestadapter/v2" className="VideoOS.SoftwareManager.Core.Repository.UnitTest.FileShareRepositoryTest" name="TestGetRepositoryLocationIdentifier" />
    </UnitTest>
    <UnitTest name="TestStopHostTaskAllLevels" storage="d:\actions-runner\_work\xpco\xpco\softwaremanager\core\softwaremanager\core\unittest\bin\debug\videoos.softwaremanager.core.unittest.dll" id="cc0e8736-e37c-0fe0-2c61-f81f9c25390d">
      <Execution id="d02cb9be-9488-4867-8eec-2e2d06fe1a08" />
      <TestMethod codeBase="D:\actions-runner\_work\XPCO\XPCO\SoftwareManager\Core\SoftwareManager\Core\unittest\bin\Debug\VideoOS.SoftwareManager.Core.UnitTest.dll" adapterTypeName="executor://mstestadapter/v2" className="VideoOS.SoftwareManager.Core.Manager.UnitTest.ManagerTest" name="TestStopHostTaskAllLevels" />
    </UnitTest>
    <UnitTest name="TestParseCIMDateTime" storage="d:\actions-runner\_work\xpco\xpco\softwaremanager\core\softwaremanager\core\unittest\bin\debug\videoos.softwaremanager.core.unittest.dll" id="5e6d963b-b1b0-9e97-ce84-57c0b0288549">
      <Execution id="45eec7a2-5bef-4971-b59c-1ff5ae3e072e" />
      <TestMethod codeBase="D:\actions-runner\_work\XPCO\XPCO\SoftwareManager\Core\SoftwareManager\Core\unittest\bin\Debug\VideoOS.SoftwareManager.Core.UnitTest.dll" adapterTypeName="executor://mstestadapter/v2" className="VideoOS.SoftwareManager.Core.Utils.UnitTest.WMIUtilsTest" name="TestParseCIMDateTime" />
    </UnitTest>
    <UnitTest name="TestReStart" storage="d:\actions-runner\_work\xpco\xpco\softwaremanager\core\softwaremanager\core\unittest\bin\debug\videoos.softwaremanager.core.unittest.dll" id="0f15567d-8946-0afb-e177-08aff03eae03">
      <Execution id="dbb46d91-bad3-40c9-ad02-aff2d7d0b88c" />
      <TestMethod codeBase="D:\actions-runner\_work\XPCO\XPCO\SoftwareManager\Core\SoftwareManager\Core\unittest\bin\Debug\VideoOS.SoftwareManager.Core.UnitTest.dll" adapterTypeName="executor://mstestadapter/v2" className="VideoOS.SoftwareManager.Core.Manager.UnitTest.RuntimeContextTest" name="TestReStart" />
    </UnitTest>
    <UnitTest name="TestGetPackages" storage="d:\actions-runner\_work\xpco\xpco\softwaremanager\core\softwaremanager\core\unittest\bin\debug\videoos.softwaremanager.core.unittest.dll" id="16b0b669-97dc-a186-724b-c8025a9929b5">
      <Execution id="4542b0bc-ca04-4723-8f64-69ed5044106c" />
      <TestMethod codeBase="D:\actions-runner\_work\XPCO\XPCO\SoftwareManager\Core\SoftwareManager\Core\unittest\bin\Debug\VideoOS.SoftwareManager.Core.UnitTest.dll" adapterTypeName="executor://mstestadapter/v2" className="VideoOS.SoftwareManager.Core.Repository.UnitTest.RepositoryBrowserTest" name="TestGetPackages" />
    </UnitTest>
    <UnitTest name="TestIPv6_2" storage="d:\actions-runner\_work\xpco\xpco\softwaremanager\core\softwaremanager\core\unittest\bin\debug\videoos.softwaremanager.core.unittest.dll" id="07b8ae28-3f7d-4c7c-c1aa-a7481b9226b5">
      <Execution id="85186d50-8b18-4f40-a2de-7f6997622eab" />
      <TestMethod codeBase="D:\actions-runner\_work\XPCO\XPCO\SoftwareManager\Core\SoftwareManager\Core\unittest\bin\Debug\VideoOS.SoftwareManager.Core.UnitTest.dll" adapterTypeName="executor://mstestadapter/v2" className="VideoOS.SoftwareManager.Core.UnitTest.Utils.NetUtilsTest" name="TestIPv6_2" />
    </UnitTest>
    <UnitTest name="TestConstructor" storage="d:\actions-runner\_work\xpco\xpco\softwaremanager\core\softwaremanager\core\unittest\bin\debug\videoos.softwaremanager.core.unittest.dll" id="3915b03e-a985-a2c2-3ccc-dadf5b35e158">
      <Execution id="df7d6c07-a765-428a-93a1-3468b6725048" />
      <TestMethod codeBase="D:\actions-runner\_work\XPCO\XPCO\SoftwareManager\Core\SoftwareManager\Core\unittest\bin\Debug\VideoOS.SoftwareManager.Core.UnitTest.dll" adapterTypeName="executor://mstestadapter/v2" className="VideoOS.SoftwareManager.Core.Repository.UnitTest.FileShareRepositoryBrowserTest" name="TestConstructor" />
    </UnitTest>
    <UnitTest name="TestStartWithErrorInPostRun" storage="d:\actions-runner\_work\xpco\xpco\softwaremanager\core\softwaremanager\core\unittest\bin\debug\videoos.softwaremanager.core.unittest.dll" id="e054dcdd-51af-3c68-d12e-6dc73cf4eb19">
      <Execution id="abd73736-2b8e-4cb7-b6bf-3c4ef10b6ee3" />
      <TestMethod codeBase="D:\actions-runner\_work\XPCO\XPCO\SoftwareManager\Core\SoftwareManager\Core\unittest\bin\Debug\VideoOS.SoftwareManager.Core.UnitTest.dll" adapterTypeName="executor://mstestadapter/v2" className="VideoOS.SoftwareManager.Core.Task.UnitTest.TaskTest" name="TestStartWithErrorInPostRun" />
    </UnitTest>
    <UnitTest name="IsTrusted_ShouldNotThrow_WhenPackageIsSigned" storage="d:\actions-runner\_work\xpco\xpco\softwaremanager\core\softwaremanager\core\unittest\bin\debug\videoos.softwaremanager.core.unittest.dll" id="634c3d39-dd7c-75cb-c220-3f7b2938c830">
      <Execution id="10b994a8-915b-440e-932a-417d828c04f8" />
      <TestMethod codeBase="D:\actions-runner\_work\XPCO\XPCO\SoftwareManager\Core\SoftwareManager\Core\unittest\bin\Debug\VideoOS.SoftwareManager.Core.UnitTest.dll" adapterTypeName="executor://mstestadapter/v2" className="VideoOS.SoftwareManager.Core.UnitTest.Utils.Win32TrustUtilTest" name="IsTrusted_ShouldNotThrow_WhenPackageIsSigned" />
    </UnitTest>
    <UnitTest name="TestCopyFileUnicode" storage="d:\actions-runner\_work\xpco\xpco\softwaremanager\core\softwaremanager\core\unittest\bin\debug\videoos.softwaremanager.core.unittest.dll" id="74b2bb2e-78b9-c0b6-bf8c-1bbb711a6582">
      <Execution id="c9045867-e8b8-4b80-b215-637039626cab" />
      <TestMethod codeBase="D:\actions-runner\_work\XPCO\XPCO\SoftwareManager\Core\SoftwareManager\Core\unittest\bin\Debug\VideoOS.SoftwareManager.Core.UnitTest.dll" adapterTypeName="executor://mstestadapter/v2" className="VideoOS.SoftwareManager.Core.Task.UnitTest.Win32FileCopyTaskTest" name="TestCopyFileUnicode" />
    </UnitTest>
    <UnitTest name="TestIsTasksRunningWithInvalidID" storage="d:\actions-runner\_work\xpco\xpco\softwaremanager\core\softwaremanager\core\unittest\bin\debug\videoos.softwaremanager.core.unittest.dll" id="c9377d28-ab28-8cea-c0b0-302ce1bcb067">
      <Execution id="fda19a61-c843-4b11-9a57-5c07d4a49d03" />
      <TestMethod codeBase="D:\actions-runner\_work\XPCO\XPCO\SoftwareManager\Core\SoftwareManager\Core\unittest\bin\Debug\VideoOS.SoftwareManager.Core.UnitTest.dll" adapterTypeName="executor://mstestadapter/v2" className="VideoOS.SoftwareManager.Core.Manager.UnitTest.ManagerTest" name="TestIsTasksRunningWithInvalidID" />
    </UnitTest>
    <UnitTest name="TestStopFailedTask" storage="d:\actions-runner\_work\xpco\xpco\softwaremanager\core\softwaremanager\core\unittest\bin\debug\videoos.softwaremanager.core.unittest.dll" id="e3ca0d6d-89ae-429d-2832-2bb467f02eff">
      <Execution id="c0b086d1-413c-4ad6-8ecb-759390806848" />
      <TestMethod codeBase="D:\actions-runner\_work\XPCO\XPCO\SoftwareManager\Core\SoftwareManager\Core\unittest\bin\Debug\VideoOS.SoftwareManager.Core.UnitTest.dll" adapterTypeName="executor://mstestadapter/v2" className="VideoOS.SoftwareManager.Core.Task.UnitTest.TaskTest" name="TestStopFailedTask" />
    </UnitTest>
    <UnitTest name="TestHost" storage="d:\actions-runner\_work\xpco\xpco\softwaremanager\core\softwaremanager\core\unittest\bin\debug\videoos.softwaremanager.core.unittest.dll" id="eed0e532-778f-1521-30a1-a0a82462bc7c">
      <Execution id="2e5aa6b8-e8a1-4c6d-85c4-9109305342c7" />
      <TestMethod codeBase="D:\actions-runner\_work\XPCO\XPCO\SoftwareManager\Core\SoftwareManager\Core\unittest\bin\Debug\VideoOS.SoftwareManager.Core.UnitTest.dll" adapterTypeName="executor://mstestadapter/v2" className="VideoOS.SoftwareManager.Core.Host.UnitTest.HostTest" name="TestHost" />
    </UnitTest>
    <UnitTest name="TestAllComparisonOverloadsInVersionInfo" storage="d:\actions-runner\_work\xpco\xpco\softwaremanager\core\softwaremanager\core\unittest\bin\debug\videoos.softwaremanager.core.unittest.dll" id="1c48d561-85fd-29b1-a4db-a1c7f65fe558">
      <Execution id="18971051-9ac1-4830-93ac-707b6a857f68" />
      <TestMethod codeBase="D:\actions-runner\_work\XPCO\XPCO\SoftwareManager\Core\SoftwareManager\Core\unittest\bin\Debug\VideoOS.SoftwareManager.Core.UnitTest.dll" adapterTypeName="executor://mstestadapter/v2" className="VideoOS.SoftwareManager.Core.Package.UnitTest.VersionInfoTest" name="TestAllComparisonOverloadsInVersionInfo" />
    </UnitTest>
    <UnitTest name="TestPingWithInvalidHost" storage="d:\actions-runner\_work\xpco\xpco\softwaremanager\core\softwaremanager\core\unittest\bin\debug\videoos.softwaremanager.core.unittest.dll" id="056db6d2-8d71-1089-b705-b6a45c621744">
      <Execution id="b1364e3d-5f9a-4aa0-8b4c-1516da82b3a8" />
      <TestMethod codeBase="D:\actions-runner\_work\XPCO\XPCO\SoftwareManager\Core\SoftwareManager\Core\unittest\bin\Debug\VideoOS.SoftwareManager.Core.UnitTest.dll" adapterTypeName="executor://mstestadapter/v2" className="VideoOS.SoftwareManager.Core.Manager.UnitTest.ManagerTest" name="TestPingWithInvalidHost" />
    </UnitTest>
    <UnitTest name="TestStartTwiceInSameThread" storage="d:\actions-runner\_work\xpco\xpco\softwaremanager\core\softwaremanager\core\unittest\bin\debug\videoos.softwaremanager.core.unittest.dll" id="86d70c67-12ee-2c7b-bcbf-95fc43850d05">
      <Execution id="d1b1e2d0-784f-49fb-9618-3f96be39df4e" />
      <TestMethod codeBase="D:\actions-runner\_work\XPCO\XPCO\SoftwareManager\Core\SoftwareManager\Core\unittest\bin\Debug\VideoOS.SoftwareManager.Core.UnitTest.dll" adapterTypeName="executor://mstestadapter/v2" className="VideoOS.SoftwareManager.Core.Task.UnitTest.TaskTest" name="TestStartTwiceInSameThread" />
    </UnitTest>
    <UnitTest name="TestConstructor" storage="d:\actions-runner\_work\xpco\xpco\softwaremanager\core\softwaremanager\core\unittest\bin\debug\videoos.softwaremanager.core.unittest.dll" id="6de69a91-a9ae-a510-a8e5-ddf1d08a2918">
      <Execution id="b8f2e2f7-e24c-4e3a-8b4a-dd92a1bfe6da" />
      <TestMethod codeBase="D:\actions-runner\_work\XPCO\XPCO\SoftwareManager\Core\SoftwareManager\Core\unittest\bin\Debug\VideoOS.SoftwareManager.Core.UnitTest.dll" adapterTypeName="executor://mstestadapter/v2" className="VideoOS.SoftwareManager.Core.Package.UnitTest.ProductInfoTest" name="TestConstructor" />
    </UnitTest>
    <UnitTest name="TestWaitForAllTasksWithNoTimeout" storage="d:\actions-runner\_work\xpco\xpco\softwaremanager\core\softwaremanager\core\unittest\bin\debug\videoos.softwaremanager.core.unittest.dll" id="67c4869c-15f5-900e-172f-81dfbb8d8f9d">
      <Execution id="36812b0c-ecf2-4735-8bc0-dfa63c53fa3e" />
      <TestMethod codeBase="D:\actions-runner\_work\XPCO\XPCO\SoftwareManager\Core\SoftwareManager\Core\unittest\bin\Debug\VideoOS.SoftwareManager.Core.UnitTest.dll" adapterTypeName="executor://mstestadapter/v2" className="VideoOS.SoftwareManager.Core.Manager.UnitTest.ManagerTest" name="TestWaitForAllTasksWithNoTimeout" />
    </UnitTest>
    <UnitTest name="TestTestRepositoriesWithNullManager" storage="d:\actions-runner\_work\xpco\xpco\softwaremanager\core\softwaremanager\core\unittest\bin\debug\videoos.softwaremanager.core.unittest.dll" id="b2a70d06-beb1-52cd-a2cd-c3fbd2a0e80f">
      <Execution id="af1e6a48-0f9f-41c4-868a-79fe8dcbee6f" />
      <TestMethod codeBase="D:\actions-runner\_work\XPCO\XPCO\SoftwareManager\Core\SoftwareManager\Core\unittest\bin\Debug\VideoOS.SoftwareManager.Core.UnitTest.dll" adapterTypeName="executor://mstestadapter/v2" className="VideoOS.SoftwareManager.Core.Manager.UnitTest.TestTest" name="TestTestRepositoriesWithNullManager" />
    </UnitTest>
    <UnitTest name="TestFileDoesNotExists" storage="d:\actions-runner\_work\xpco\xpco\softwaremanager\core\softwaremanager\core\unittest\bin\debug\videoos.softwaremanager.core.unittest.dll" id="59eb40cd-0334-8f25-0421-88dc706b675e">
      <Execution id="65259042-334f-4cbb-8f41-3cddf1d4e50c" />
      <TestMethod codeBase="D:\actions-runner\_work\XPCO\XPCO\SoftwareManager\Core\SoftwareManager\Core\unittest\bin\Debug\VideoOS.SoftwareManager.Core.UnitTest.dll" adapterTypeName="executor://mstestadapter/v2" className="VideoOS.SoftwareManager.Core.Task.UnitTest.Win32FileExistsTaskTest" name="TestFileDoesNotExists" />
    </UnitTest>
    <UnitTest name="TestAddRemoveTasks" storage="d:\actions-runner\_work\xpco\xpco\softwaremanager\core\softwaremanager\core\unittest\bin\debug\videoos.softwaremanager.core.unittest.dll" id="fe1191f9-4ecd-2913-fb7b-c5e75f511287">
      <Execution id="dec4373f-85f5-4f47-a6c2-b7185231eec8" />
      <TestMethod codeBase="D:\actions-runner\_work\XPCO\XPCO\SoftwareManager\Core\SoftwareManager\Core\unittest\bin\Debug\VideoOS.SoftwareManager.Core.UnitTest.dll" adapterTypeName="executor://mstestadapter/v2" className="VideoOS.SoftwareManager.Core.Task.UnitTest.TaskSuiteTest" name="TestAddRemoveTasks" />
    </UnitTest>
    <UnitTest name="TestConstructor" storage="d:\actions-runner\_work\xpco\xpco\softwaremanager\core\softwaremanager\core\unittest\bin\debug\videoos.softwaremanager.core.unittest.dll" id="d83a4903-12f4-40d7-6107-dfc77d36cf8a">
      <Execution id="a07e8bc1-1bea-4393-938c-5a34f664bbd7" />
      <TestMethod codeBase="D:\actions-runner\_work\XPCO\XPCO\SoftwareManager\Core\SoftwareManager\Core\unittest\bin\Debug\VideoOS.SoftwareManager.Core.UnitTest.dll" adapterTypeName="executor://mstestadapter/v2" className="VideoOS.SoftwareManager.Core.Package.UnitTest.InstallerServiceActionTest" name="TestConstructor" />
    </UnitTest>
    <UnitTest name="TestUninstallDynamicFiles" storage="d:\actions-runner\_work\xpco\xpco\softwaremanager\core\softwaremanager\core\unittest\bin\debug\videoos.softwaremanager.core.unittest.dll" id="f9b4a59e-f609-4a39-b0af-d9d71a052b87">
      <Execution id="41824ab2-544a-41e1-8014-4b6f03f0a0a5" />
      <TestMethod codeBase="D:\actions-runner\_work\XPCO\XPCO\SoftwareManager\Core\SoftwareManager\Core\unittest\bin\Debug\VideoOS.SoftwareManager.Core.UnitTest.dll" adapterTypeName="executor://mstestadapter/v2" className="VideoOS.SoftwareManager.Core.Package.UnitTest.InstallShieldPackageTest" name="TestUninstallDynamicFiles" />
    </UnitTest>
    <UnitTest name="TestParseFull" storage="d:\actions-runner\_work\xpco\xpco\softwaremanager\core\softwaremanager\core\unittest\bin\debug\videoos.softwaremanager.core.unittest.dll" id="c11becfa-b802-6cdb-ce4e-e4281ec502ee">
      <Execution id="9991d272-b886-4154-b182-63331569685d" />
      <TestMethod codeBase="D:\actions-runner\_work\XPCO\XPCO\SoftwareManager\Core\SoftwareManager\Core\unittest\bin\Debug\VideoOS.SoftwareManager.Core.UnitTest.dll" adapterTypeName="executor://mstestadapter/v2" className="VideoOS.SoftwareManager.Core.Package.UnitTest.PackageParserTest" name="TestParseFull" />
    </UnitTest>
    <UnitTest name="TestConstructor" storage="d:\actions-runner\_work\xpco\xpco\softwaremanager\core\softwaremanager\core\unittest\bin\debug\videoos.softwaremanager.core.unittest.dll" id="940b531e-2790-8e0d-49d2-253e218ff75a">
      <Execution id="75c17976-18a1-40e3-ae4d-5f9006f37d34" />
      <TestMethod codeBase="D:\actions-runner\_work\XPCO\XPCO\SoftwareManager\Core\SoftwareManager\Core\unittest\bin\Debug\VideoOS.SoftwareManager.Core.UnitTest.dll" adapterTypeName="executor://mstestadapter/v2" className="VideoOS.SoftwareManager.Core.Task.UnitTest.Win32FileCopyDiscoveryTaskTest" name="TestConstructor" />
    </UnitTest>
    <UnitTest name="TestParseFullTranslate" storage="d:\actions-runner\_work\xpco\xpco\softwaremanager\core\softwaremanager\core\unittest\bin\debug\videoos.softwaremanager.core.unittest.dll" id="b3fb1e37-e2e5-a2a7-3eb9-4154e4ee124e">
      <Execution id="26004788-df2e-4560-ac41-496ece2a71c2" />
      <TestMethod codeBase="D:\actions-runner\_work\XPCO\XPCO\SoftwareManager\Core\SoftwareManager\Core\unittest\bin\Debug\VideoOS.SoftwareManager.Core.UnitTest.dll" adapterTypeName="executor://mstestadapter/v2" className="VideoOS.SoftwareManager.Core.Package.UnitTest.PackageParserTest" name="TestParseFullTranslate" />
    </UnitTest>
    <UnitTest name="TestPackageUploader_PackageSigned" storage="d:\actions-runner\_work\xpco\xpco\softwaremanager\core\softwaremanager\core\unittest\bin\debug\videoos.softwaremanager.core.unittest.dll" id="36a635b8-d4a5-9a69-60b9-668002b58b49">
      <Execution id="7981d1a4-c2cc-4676-b7d4-01f67f3bec4f" />
      <TestMethod codeBase="D:\actions-runner\_work\XPCO\XPCO\SoftwareManager\Core\SoftwareManager\Core\unittest\bin\Debug\VideoOS.SoftwareManager.Core.UnitTest.dll" adapterTypeName="executor://mstestadapter/v2" className="VideoOS.SoftwareManager.Core.Repository.UnitTest.RepositoryUploaderTest" name="TestPackageUploader_PackageSigned" />
    </UnitTest>
    <UnitTest name="TestConstructorWithValids" storage="d:\actions-runner\_work\xpco\xpco\softwaremanager\core\softwaremanager\core\unittest\bin\debug\videoos.softwaremanager.core.unittest.dll" id="021ef098-7dbe-513e-8387-e4ed44861025">
      <Execution id="e270392a-d8d9-4f1c-9b1d-64dc22035a62" />
      <TestMethod codeBase="D:\actions-runner\_work\XPCO\XPCO\SoftwareManager\Core\SoftwareManager\Core\unittest\bin\Debug\VideoOS.SoftwareManager.Core.UnitTest.dll" adapterTypeName="executor://mstestadapter/v2" className="VideoOS.SoftwareManager.Core.Task.UnitTest.WMIGetInstalledPackagesTaskTest" name="TestConstructorWithValids" />
    </UnitTest>
    <UnitTest name="TestParseMinimum" storage="d:\actions-runner\_work\xpco\xpco\softwaremanager\core\softwaremanager\core\unittest\bin\debug\videoos.softwaremanager.core.unittest.dll" id="610e8bda-ad87-7af5-dff8-990fa1173593">
      <Execution id="251e2dcf-3890-4a99-9280-dbd8acb7cd0e" />
      <TestMethod codeBase="D:\actions-runner\_work\XPCO\XPCO\SoftwareManager\Core\SoftwareManager\Core\unittest\bin\Debug\VideoOS.SoftwareManager.Core.UnitTest.dll" adapterTypeName="executor://mstestadapter/v2" className="VideoOS.SoftwareManager.Core.Package.UnitTest.PackageParserTest" name="TestParseMinimum" />
    </UnitTest>
    <UnitTest name="TestFileExists" storage="d:\actions-runner\_work\xpco\xpco\softwaremanager\core\softwaremanager\core\unittest\bin\debug\videoos.softwaremanager.core.unittest.dll" id="c0f579a5-5ae7-71d9-6691-3cfa7f1b150a">
      <Execution id="71b5c9e9-aedf-4f4a-8ccf-a0c024e31cc2" />
      <TestMethod codeBase="D:\actions-runner\_work\XPCO\XPCO\SoftwareManager\Core\SoftwareManager\Core\unittest\bin\Debug\VideoOS.SoftwareManager.Core.UnitTest.dll" adapterTypeName="executor://mstestadapter/v2" className="VideoOS.SoftwareManager.Core.Task.UnitTest.Win32FileExistsTaskTest" name="TestFileExists" />
    </UnitTest>
    <UnitTest name="TestStartWithErrorInPreRun" storage="d:\actions-runner\_work\xpco\xpco\softwaremanager\core\softwaremanager\core\unittest\bin\debug\videoos.softwaremanager.core.unittest.dll" id="7bced07e-5002-455f-f0b3-e4b378be8923">
      <Execution id="d7321a3d-50d5-450d-8b9d-1c7f668ce241" />
      <TestMethod codeBase="D:\actions-runner\_work\XPCO\XPCO\SoftwareManager\Core\SoftwareManager\Core\unittest\bin\Debug\VideoOS.SoftwareManager.Core.UnitTest.dll" adapterTypeName="executor://mstestadapter/v2" className="VideoOS.SoftwareManager.Core.Task.UnitTest.TaskTest" name="TestStartWithErrorInPreRun" />
    </UnitTest>
    <UnitTest name="TestGetDeleteLocalPackage" storage="d:\actions-runner\_work\xpco\xpco\softwaremanager\core\softwaremanager\core\unittest\bin\debug\videoos.softwaremanager.core.unittest.dll" id="7468abf9-8496-a9ce-938c-e8b14b5f2200">
      <Execution id="b88ae202-9d48-4ffc-a815-d88be4df806b" />
      <TestMethod codeBase="D:\actions-runner\_work\XPCO\XPCO\SoftwareManager\Core\SoftwareManager\Core\unittest\bin\Debug\VideoOS.SoftwareManager.Core.UnitTest.dll" adapterTypeName="executor://mstestadapter/v2" className="VideoOS.SoftwareManager.Core.Host.UnitTest.WmiHostImpTest" name="TestGetDeleteLocalPackage" />
    </UnitTest>
    <UnitTest name="TestDeleteLocalPackageParallel" storage="d:\actions-runner\_work\xpco\xpco\softwaremanager\core\softwaremanager\core\unittest\bin\debug\videoos.softwaremanager.core.unittest.dll" id="ab424643-ee10-dbb4-356f-30ee770a2155">
      <Execution id="81371322-0957-4837-91b0-a3a47391e4c1" />
      <TestMethod codeBase="D:\actions-runner\_work\XPCO\XPCO\SoftwareManager\Core\SoftwareManager\Core\unittest\bin\Debug\VideoOS.SoftwareManager.Core.UnitTest.dll" adapterTypeName="executor://mstestadapter/v2" className="VideoOS.SoftwareManager.Core.Manager.UnitTest.ManagerTest" name="TestDeleteLocalPackageParallel" />
    </UnitTest>
    <UnitTest name="TestUpdate" storage="d:\actions-runner\_work\xpco\xpco\softwaremanager\core\softwaremanager\core\unittest\bin\debug\videoos.softwaremanager.core.unittest.dll" id="6596a401-a376-8fd2-668a-6808ccafe6e7">
      <Execution id="f567790c-a110-4b7a-8988-de6211a6a192" />
      <TestMethod codeBase="D:\actions-runner\_work\XPCO\XPCO\SoftwareManager\Core\SoftwareManager\Core\unittest\bin\Debug\VideoOS.SoftwareManager.Core.UnitTest.dll" adapterTypeName="executor://mstestadapter/v2" className="VideoOS.SoftwareManager.Core.Task.UnitTest.TaskSuiteObserverTest" name="TestUpdate" />
    </UnitTest>
    <UnitTest name="Test_With_ArgmunentsXmlFileV2_When_ExtractingTheArguments_Then_TheArgumentsAreCorrect" storage="d:\actions-runner\_work\xpco\xpco\softwaremanager\core\softwaremanager\core\unittest\bin\debug\videoos.softwaremanager.core.unittest.dll" id="20866b5e-00ad-91c8-5292-4eb0cd2cc57c">
      <Execution id="7504d928-9e37-4490-928e-d34a243ab324" />
      <TestMethod codeBase="D:\actions-runner\_work\XPCO\XPCO\SoftwareManager\Core\SoftwareManager\Core\unittest\bin\Debug\VideoOS.SoftwareManager.Core.UnitTest.dll" adapterTypeName="executor://mstestadapter/v2" className="VideoOS.SoftwareManager.Core.UnitTest.ArgumentsXml.ArgumentsXmlSerializationTest" name="Test_With_ArgmunentsXmlFileV2_When_ExtractingTheArguments_Then_TheArgumentsAreCorrect" />
    </UnitTest>
    <UnitTest name="TestTerminateProcess" storage="d:\actions-runner\_work\xpco\xpco\softwaremanager\core\softwaremanager\core\unittest\bin\debug\videoos.softwaremanager.core.unittest.dll" id="eceaaf6b-5306-b6a9-a798-462c0467ff4a">
      <Execution id="9b002f52-5ae6-4f02-bc44-e28c982ed75c" />
      <TestMethod codeBase="D:\actions-runner\_work\XPCO\XPCO\SoftwareManager\Core\SoftwareManager\Core\unittest\bin\Debug\VideoOS.SoftwareManager.Core.UnitTest.dll" adapterTypeName="executor://mstestadapter/v2" className="VideoOS.SoftwareManager.Core.Task.WMI.UnitTest.WMIProcessTaskTest" name="TestTerminateProcess" />
    </UnitTest>
    <UnitTest name="TestConstructorWithUserNamePassword" storage="d:\actions-runner\_work\xpco\xpco\softwaremanager\core\softwaremanager\core\unittest\bin\debug\videoos.softwaremanager.core.unittest.dll" id="7b0075a6-a37e-989f-ba7f-1766dadf06a6">
      <Execution id="4d45a22f-ca21-4d0a-a39a-22d4af851358" />
      <TestMethod codeBase="D:\actions-runner\_work\XPCO\XPCO\SoftwareManager\Core\SoftwareManager\Core\unittest\bin\Debug\VideoOS.SoftwareManager.Core.UnitTest.dll" adapterTypeName="executor://mstestadapter/v2" className="VideoOS.SoftwareManager.Core.Host.UnitTest.CredentialsTest" name="TestConstructorWithUserNamePassword" />
    </UnitTest>
    <UnitTest name="TestStopStartedTask" storage="d:\actions-runner\_work\xpco\xpco\softwaremanager\core\softwaremanager\core\unittest\bin\debug\videoos.softwaremanager.core.unittest.dll" id="fd0ce9f9-2415-20bc-0fe2-2f12873a13f9">
      <Execution id="463af185-40b7-41cd-96d0-90494014ad88" />
      <TestMethod codeBase="D:\actions-runner\_work\XPCO\XPCO\SoftwareManager\Core\SoftwareManager\Core\unittest\bin\Debug\VideoOS.SoftwareManager.Core.UnitTest.dll" adapterTypeName="executor://mstestadapter/v2" className="VideoOS.SoftwareManager.Core.Manager.UnitTest.RuntimeContextTest" name="TestStopStartedTask" />
    </UnitTest>
    <UnitTest name="Test_With_LicenseTypeAndParameters_When_CreateXmlStreamInV1_Then_CorrectXMLStreamIsCreated" storage="d:\actions-runner\_work\xpco\xpco\softwaremanager\core\softwaremanager\core\unittest\bin\debug\videoos.softwaremanager.core.unittest.dll" id="a0116380-da24-5eef-9985-8a188dfc4704">
      <Execution id="bc61dfdc-d7f0-484e-bac2-5c78ca2a6a70" />
      <TestMethod codeBase="D:\actions-runner\_work\XPCO\XPCO\SoftwareManager\Core\SoftwareManager\Core\unittest\bin\Debug\VideoOS.SoftwareManager.Core.UnitTest.dll" adapterTypeName="executor://mstestadapter/v2" className="VideoOS.SoftwareManager.Core.UnitTest.ArgumentsXml.ArgumentsXmlSerializationTest" name="Test_With_LicenseTypeAndParameters_When_CreateXmlStreamInV1_Then_CorrectXMLStreamIsCreated" />
    </UnitTest>
    <UnitTest name="TestRebootParallel" storage="d:\actions-runner\_work\xpco\xpco\softwaremanager\core\softwaremanager\core\unittest\bin\debug\videoos.softwaremanager.core.unittest.dll" id="ea065467-0433-ed80-40ec-d47c6bf0c0ec">
      <Execution id="e048a82d-7671-455b-99ff-e1a120e134cd" />
      <TestMethod codeBase="D:\actions-runner\_work\XPCO\XPCO\SoftwareManager\Core\SoftwareManager\Core\unittest\bin\Debug\VideoOS.SoftwareManager.Core.UnitTest.dll" adapterTypeName="executor://mstestadapter/v2" className="VideoOS.SoftwareManager.Core.Manager.UnitTest.ManagerTest" name="TestRebootParallel" />
    </UnitTest>
    <UnitTest name="TestConstructorWithMessage" storage="d:\actions-runner\_work\xpco\xpco\softwaremanager\core\softwaremanager\core\unittest\bin\debug\videoos.softwaremanager.core.unittest.dll" id="517deaa3-fb72-43d4-f26a-18dc2c3127b6">
      <Execution id="89bacea9-ba35-4b39-b8b8-e4f47645b1f4" />
      <TestMethod codeBase="D:\actions-runner\_work\XPCO\XPCO\SoftwareManager\Core\SoftwareManager\Core\unittest\bin\Debug\VideoOS.SoftwareManager.Core.UnitTest.dll" adapterTypeName="executor://mstestadapter/v2" className="VideoOS.SoftwareManager.Core.Utils.UnitTest.SoftwareManagerInvalidHostIDExceptionTest" name="TestConstructorWithMessage" />
    </UnitTest>
    <UnitTest name="TestGetConnectionOptionsWithCurrentUserNotLocal" storage="d:\actions-runner\_work\xpco\xpco\softwaremanager\core\softwaremanager\core\unittest\bin\debug\videoos.softwaremanager.core.unittest.dll" id="8b04072f-eeb4-1721-94fb-a629d1232d5b">
      <Execution id="0190dc55-876b-4f9a-b6fc-5f427f6255c1" />
      <TestMethod codeBase="D:\actions-runner\_work\XPCO\XPCO\SoftwareManager\Core\SoftwareManager\Core\unittest\bin\Debug\VideoOS.SoftwareManager.Core.UnitTest.dll" adapterTypeName="executor://mstestadapter/v2" className="VideoOS.SoftwareManager.Core.Utils.UnitTest.WMIUtilsTest" name="TestGetConnectionOptionsWithCurrentUserNotLocal" />
    </UnitTest>
    <UnitTest name="TestTaskCompletedEventSet" storage="d:\actions-runner\_work\xpco\xpco\softwaremanager\core\softwaremanager\core\unittest\bin\debug\videoos.softwaremanager.core.unittest.dll" id="33d6df35-743f-3933-86b9-c0c13618fe51">
      <Execution id="da52302b-ff71-4d82-a9ed-3d31fb69868f" />
      <TestMethod codeBase="D:\actions-runner\_work\XPCO\XPCO\SoftwareManager\Core\SoftwareManager\Core\unittest\bin\Debug\VideoOS.SoftwareManager.Core.UnitTest.dll" adapterTypeName="executor://mstestadapter/v2" className="VideoOS.SoftwareManager.Core.Task.UnitTest.TaskTest" name="TestTaskCompletedEventSet" />
    </UnitTest>
    <UnitTest name="TestConstructor" storage="d:\actions-runner\_work\xpco\xpco\softwaremanager\core\softwaremanager\core\unittest\bin\debug\videoos.softwaremanager.core.unittest.dll" id="0f470e8f-f37d-d726-0ed9-2faddccddbca">
      <Execution id="6fc4ebd7-2dea-46c1-b439-4cab9bfb0535" />
      <TestMethod codeBase="D:\actions-runner\_work\XPCO\XPCO\SoftwareManager\Core\SoftwareManager\Core\unittest\bin\Debug\VideoOS.SoftwareManager.Core.UnitTest.dll" adapterTypeName="executor://mstestadapter/v2" className="VideoOS.SoftwareManager.Core.Host.UnitTest.ServerHostTest" name="TestConstructor" />
    </UnitTest>
    <UnitTest name="TestStopRepositoryTask" storage="d:\actions-runner\_work\xpco\xpco\softwaremanager\core\softwaremanager\core\unittest\bin\debug\videoos.softwaremanager.core.unittest.dll" id="7e6f01e0-6e4a-e81f-57f2-c8127ebd815b">
      <Execution id="de6dd8e7-7d72-4545-b34e-bcf4a6039861" />
      <TestMethod codeBase="D:\actions-runner\_work\XPCO\XPCO\SoftwareManager\Core\SoftwareManager\Core\unittest\bin\Debug\VideoOS.SoftwareManager.Core.UnitTest.dll" adapterTypeName="executor://mstestadapter/v2" className="VideoOS.SoftwareManager.Core.Manager.UnitTest.TestTest" name="TestStopRepositoryTask" />
    </UnitTest>
    <UnitTest name="TestInstallPackageSequential" storage="d:\actions-runner\_work\xpco\xpco\softwaremanager\core\softwaremanager\core\unittest\bin\debug\videoos.softwaremanager.core.unittest.dll" id="a14d479c-95fa-c808-46c0-2d34bef5217e">
      <Execution id="f2740ac7-9805-4912-8400-c9a7555eb299" />
      <TestMethod codeBase="D:\actions-runner\_work\XPCO\XPCO\SoftwareManager\Core\SoftwareManager\Core\unittest\bin\Debug\VideoOS.SoftwareManager.Core.UnitTest.dll" adapterTypeName="executor://mstestadapter/v2" className="VideoOS.SoftwareManager.Core.Manager.UnitTest.ManagerTest" name="TestInstallPackageSequential" />
    </UnitTest>
    <UnitTest name="TestConstructor" storage="d:\actions-runner\_work\xpco\xpco\softwaremanager\core\softwaremanager\core\unittest\bin\debug\videoos.softwaremanager.core.unittest.dll" id="49f154a2-52b8-d09b-0cc0-999f7d82fc57">
      <Execution id="4c6cbbaf-f3fa-4376-8dde-614e41dba4dd" />
      <TestMethod codeBase="D:\actions-runner\_work\XPCO\XPCO\SoftwareManager\Core\SoftwareManager\Core\unittest\bin\Debug\VideoOS.SoftwareManager.Core.UnitTest.dll" adapterTypeName="executor://mstestadapter/v2" className="VideoOS.SoftwareManager.Core.Task.UnitTest.FileSharePackageUploaderTaskTest" name="TestConstructor" />
    </UnitTest>
    <UnitTest name="TestStopAllHostTaskRemainingLevels" storage="d:\actions-runner\_work\xpco\xpco\softwaremanager\core\softwaremanager\core\unittest\bin\debug\videoos.softwaremanager.core.unittest.dll" id="f1681b95-2edd-308e-08f8-900cdf2ed21f">
      <Execution id="c8efa55f-ed6c-4a6f-b9c4-a733cceb1f27" />
      <TestMethod codeBase="D:\actions-runner\_work\XPCO\XPCO\SoftwareManager\Core\SoftwareManager\Core\unittest\bin\Debug\VideoOS.SoftwareManager.Core.UnitTest.dll" adapterTypeName="executor://mstestadapter/v2" className="VideoOS.SoftwareManager.Core.Manager.UnitTest.ManagerTest" name="TestStopAllHostTaskRemainingLevels" />
    </UnitTest>
    <UnitTest name="TestImportPackage_TaskShouldError_WhenInstallerDoesNotConatainPackageXml" storage="d:\actions-runner\_work\xpco\xpco\softwaremanager\core\softwaremanager\core\unittest\bin\debug\videoos.softwaremanager.core.unittest.dll" id="710f6486-2b5c-d1f0-26ce-a7f85cc332a3">
      <Execution id="2ae51315-71f3-4dbf-a420-d9e5d4f14656" />
      <TestMethod codeBase="D:\actions-runner\_work\XPCO\XPCO\SoftwareManager\Core\SoftwareManager\Core\unittest\bin\Debug\VideoOS.SoftwareManager.Core.UnitTest.dll" adapterTypeName="executor://mstestadapter/v2" className="VideoOS.SoftwareManager.Core.Task.UnitTest.FileShareImportPackageTaskTest" name="TestImportPackage_TaskShouldError_WhenInstallerDoesNotConatainPackageXml" />
    </UnitTest>
    <UnitTest name="TestConstructor" storage="d:\actions-runner\_work\xpco\xpco\softwaremanager\core\softwaremanager\core\unittest\bin\debug\videoos.softwaremanager.core.unittest.dll" id="129055b6-b8ec-538c-e6ea-3d4081636908">
      <Execution id="651e41f8-b31b-4a35-a501-839c39766a6e" />
      <TestMethod codeBase="D:\actions-runner\_work\XPCO\XPCO\SoftwareManager\Core\SoftwareManager\Core\unittest\bin\Debug\VideoOS.SoftwareManager.Core.UnitTest.dll" adapterTypeName="executor://mstestadapter/v2" className="VideoOS.SoftwareManager.Core.Package.UnitTest.INNOPackageTest" name="TestConstructor" />
    </UnitTest>
    <UnitTest name="TestStopHostTaskAllLevelsAndRemoveQueued" storage="d:\actions-runner\_work\xpco\xpco\softwaremanager\core\softwaremanager\core\unittest\bin\debug\videoos.softwaremanager.core.unittest.dll" id="88cce5da-1134-4d90-54f2-f1e25810b263">
      <Execution id="ca22e130-c530-4848-8fb0-dac6c462f655" />
      <TestMethod codeBase="D:\actions-runner\_work\XPCO\XPCO\SoftwareManager\Core\SoftwareManager\Core\unittest\bin\Debug\VideoOS.SoftwareManager.Core.UnitTest.dll" adapterTypeName="executor://mstestadapter/v2" className="VideoOS.SoftwareManager.Core.Manager.UnitTest.ManagerTest" name="TestStopHostTaskAllLevelsAndRemoveQueued" />
    </UnitTest>
    <UnitTest name="TestConstructor" storage="d:\actions-runner\_work\xpco\xpco\softwaremanager\core\softwaremanager\core\unittest\bin\debug\videoos.softwaremanager.core.unittest.dll" id="1cff3eca-d525-091e-65e2-230ac0996f0f">
      <Execution id="6b367c48-d1c4-40aa-a946-308ba7461a78" />
      <TestMethod codeBase="D:\actions-runner\_work\XPCO\XPCO\SoftwareManager\Core\SoftwareManager\Core\unittest\bin\Debug\VideoOS.SoftwareManager.Core.UnitTest.dll" adapterTypeName="executor://mstestadapter/v2" className="VideoOS.SoftwareManager.Core.Package.UnitTest.MSIPackageTest" name="TestConstructor" />
    </UnitTest>
    <UnitTest name="TestIsTasksRunningOnRepository" storage="d:\actions-runner\_work\xpco\xpco\softwaremanager\core\softwaremanager\core\unittest\bin\debug\videoos.softwaremanager.core.unittest.dll" id="a17e8d02-5a28-ea2d-f09e-368bfc7a6e40">
      <Execution id="90e4f181-ae71-4d54-9750-742e363d9f78" />
      <TestMethod codeBase="D:\actions-runner\_work\XPCO\XPCO\SoftwareManager\Core\SoftwareManager\Core\unittest\bin\Debug\VideoOS.SoftwareManager.Core.UnitTest.dll" adapterTypeName="executor://mstestadapter/v2" className="VideoOS.SoftwareManager.Core.Manager.UnitTest.TestTest" name="TestIsTasksRunningOnRepository" />
    </UnitTest>
    <UnitTest name="TestPause" storage="d:\actions-runner\_work\xpco\xpco\softwaremanager\core\softwaremanager\core\unittest\bin\debug\videoos.softwaremanager.core.unittest.dll" id="43d6dc3c-53e8-45da-7aff-f2a5d909f61d">
      <Execution id="ba54c22e-63ae-4a4f-9fc2-c5ad0c2a818b" />
      <TestMethod codeBase="D:\actions-runner\_work\XPCO\XPCO\SoftwareManager\Core\SoftwareManager\Core\unittest\bin\Debug\VideoOS.SoftwareManager.Core.UnitTest.dll" adapterTypeName="executor://mstestadapter/v2" className="VideoOS.SoftwareManager.Core.Task.UnitTest.TaskTest" name="TestPause" />
    </UnitTest>
    <UnitTest name="TestLastWarning" storage="d:\actions-runner\_work\xpco\xpco\softwaremanager\core\softwaremanager\core\unittest\bin\debug\videoos.softwaremanager.core.unittest.dll" id="80f38fd0-6f01-962d-1286-fff70fb35efb">
      <Execution id="dc64fdf1-3a0c-4852-8e11-bb86eae872e3" />
      <TestMethod codeBase="D:\actions-runner\_work\XPCO\XPCO\SoftwareManager\Core\SoftwareManager\Core\unittest\bin\Debug\VideoOS.SoftwareManager.Core.UnitTest.dll" adapterTypeName="executor://mstestadapter/v2" className="VideoOS.SoftwareManager.Core.Task.UnitTest.TaskSuiteTest" name="TestLastWarning" />
    </UnitTest>
    <UnitTest name="TestStart" storage="d:\actions-runner\_work\xpco\xpco\softwaremanager\core\softwaremanager\core\unittest\bin\debug\videoos.softwaremanager.core.unittest.dll" id="48e43d53-7c28-80cb-4d94-a851e7def8d6">
      <Execution id="485f38eb-ff52-48b3-a2d5-d64a5d3ad9d8" />
      <TestMethod codeBase="D:\actions-runner\_work\XPCO\XPCO\SoftwareManager\Core\SoftwareManager\Core\unittest\bin\Debug\VideoOS.SoftwareManager.Core.UnitTest.dll" adapterTypeName="executor://mstestadapter/v2" className="VideoOS.SoftwareManager.Core.Task.UnitTest.TaskTest" name="TestStart" />
    </UnitTest>
    <UnitTest name="TestGetBrowser" storage="d:\actions-runner\_work\xpco\xpco\softwaremanager\core\softwaremanager\core\unittest\bin\debug\videoos.softwaremanager.core.unittest.dll" id="4e334c90-085d-d837-dbad-b8a5c30c5beb">
      <Execution id="9290b630-ee87-452b-b2db-c71b633c826f" />
      <TestMethod codeBase="D:\actions-runner\_work\XPCO\XPCO\SoftwareManager\Core\SoftwareManager\Core\unittest\bin\Debug\VideoOS.SoftwareManager.Core.UnitTest.dll" adapterTypeName="executor://mstestadapter/v2" className="VideoOS.SoftwareManager.Core.Repository.UnitTest.RepositoryTest" name="TestGetBrowser" />
    </UnitTest>
    <UnitTest name="TestSetValue" storage="d:\actions-runner\_work\xpco\xpco\softwaremanager\core\softwaremanager\core\unittest\bin\debug\videoos.softwaremanager.core.unittest.dll" id="0b25e965-3296-4277-c598-c67475b071d1">
      <Execution id="bf625655-cd30-4948-a62c-ed8df24a0d19" />
      <TestMethod codeBase="D:\actions-runner\_work\XPCO\XPCO\SoftwareManager\Core\SoftwareManager\Core\unittest\bin\Debug\VideoOS.SoftwareManager.Core.UnitTest.dll" adapterTypeName="executor://mstestadapter/v2" className="VideoOS.SoftwareManager.Core.Package.UnitTest.StringParameterTest" name="TestSetValue" />
    </UnitTest>
    <UnitTest name="TestConstructorWithMessageAndInnerException" storage="d:\actions-runner\_work\xpco\xpco\softwaremanager\core\softwaremanager\core\unittest\bin\debug\videoos.softwaremanager.core.unittest.dll" id="a01967fd-fbe7-36ce-1ca1-d3fd457b8d42">
      <Execution id="c312846d-3d64-4319-aa66-2cfe1a56b36f" />
      <TestMethod codeBase="D:\actions-runner\_work\XPCO\XPCO\SoftwareManager\Core\SoftwareManager\Core\unittest\bin\Debug\VideoOS.SoftwareManager.Core.UnitTest.dll" adapterTypeName="executor://mstestadapter/v2" className="VideoOS.SoftwareManager.Core.Utils.UnitTest.SoftwareManagerInvalidRepositoryIDExceptionTest" name="TestConstructorWithMessageAndInnerException" />
    </UnitTest>
    <UnitTest name="TestAddRemoveRepository" storage="d:\actions-runner\_work\xpco\xpco\softwaremanager\core\softwaremanager\core\unittest\bin\debug\videoos.softwaremanager.core.unittest.dll" id="7865af95-405e-00d9-0891-66c018874e42">
      <Execution id="fe5ae716-f8bd-40d2-8e1b-1434f371f8cb" />
      <TestMethod codeBase="D:\actions-runner\_work\XPCO\XPCO\SoftwareManager\Core\SoftwareManager\Core\unittest\bin\Debug\VideoOS.SoftwareManager.Core.UnitTest.dll" adapterTypeName="executor://mstestadapter/v2" className="VideoOS.SoftwareManager.Core.Manager.UnitTest.ManagerTest" name="TestAddRemoveRepository" />
    </UnitTest>
    <UnitTest name="TestConstructor" storage="d:\actions-runner\_work\xpco\xpco\softwaremanager\core\softwaremanager\core\unittest\bin\debug\videoos.softwaremanager.core.unittest.dll" id="6ac90c63-c23f-6f1a-ea9b-05c892b344e8">
      <Execution id="bf9dc5a8-a3ac-4cfe-9796-b3f6be38f380" />
      <TestMethod codeBase="D:\actions-runner\_work\XPCO\XPCO\SoftwareManager\Core\SoftwareManager\Core\unittest\bin\Debug\VideoOS.SoftwareManager.Core.UnitTest.dll" adapterTypeName="executor://mstestadapter/v2" className="VideoOS.SoftwareManager.Core.Task.UnitTest.PackageUploaderTaskTest" name="TestConstructor" />
    </UnitTest>
    <UnitTest name="TestCreateRealFilePathLocal" storage="d:\actions-runner\_work\xpco\xpco\softwaremanager\core\softwaremanager\core\unittest\bin\debug\videoos.softwaremanager.core.unittest.dll" id="c77a073d-bd7f-a0bc-7dc1-d2b9a4ec3a28">
      <Execution id="7f68221c-88ae-4324-80aa-809139a2c9b4" />
      <TestMethod codeBase="D:\actions-runner\_work\XPCO\XPCO\SoftwareManager\Core\SoftwareManager\Core\unittest\bin\Debug\VideoOS.SoftwareManager.Core.UnitTest.dll" adapterTypeName="executor://mstestadapter/v2" className="VideoOS.SoftwareManager.Core.Utils.UnitTest.Win32UtilsTest" name="TestCreateRealFilePathLocal" />
    </UnitTest>
    <UnitTest name="TestConstructor" storage="d:\actions-runner\_work\xpco\xpco\softwaremanager\core\softwaremanager\core\unittest\bin\debug\videoos.softwaremanager.core.unittest.dll" id="7f8e2eb1-484c-e1fa-6cd4-fb4d01efe634">
      <Execution id="671ee4f0-ae33-4686-b2dd-d4dd8ec4906d" />
      <TestMethod codeBase="D:\actions-runner\_work\XPCO\XPCO\SoftwareManager\Core\SoftwareManager\Core\unittest\bin\Debug\VideoOS.SoftwareManager.Core.UnitTest.dll" adapterTypeName="executor://mstestadapter/v2" className="VideoOS.SoftwareManager.Core.Utils.UnitTest.SoftwareManagerInvalidRepositoryIDExceptionTest" name="TestConstructor" />
    </UnitTest>
    <UnitTest name="TestStopAllRepositoryTasks" storage="d:\actions-runner\_work\xpco\xpco\softwaremanager\core\softwaremanager\core\unittest\bin\debug\videoos.softwaremanager.core.unittest.dll" id="abd4b833-c358-500a-7788-db40ecef5e75">
      <Execution id="097c3d97-8cbc-4fd6-81af-c95ab90d91b6" />
      <TestMethod codeBase="D:\actions-runner\_work\XPCO\XPCO\SoftwareManager\Core\SoftwareManager\Core\unittest\bin\Debug\VideoOS.SoftwareManager.Core.UnitTest.dll" adapterTypeName="executor://mstestadapter/v2" className="VideoOS.SoftwareManager.Core.Manager.UnitTest.ManagerTest" name="TestStopAllRepositoryTasks" />
    </UnitTest>
    <UnitTest name="TestConstructor" storage="d:\actions-runner\_work\xpco\xpco\softwaremanager\core\softwaremanager\core\unittest\bin\debug\videoos.softwaremanager.core.unittest.dll" id="aeef6c1f-4c83-a297-28c5-f2458e78b8fa">
      <Execution id="e8e06dbe-26f3-49a6-85bd-4aa6944ce39a" />
      <TestMethod codeBase="D:\actions-runner\_work\XPCO\XPCO\SoftwareManager\Core\SoftwareManager\Core\unittest\bin\Debug\VideoOS.SoftwareManager.Core.UnitTest.dll" adapterTypeName="executor://mstestadapter/v2" className="VideoOS.SoftwareManager.Core.Package.UnitTest.StringParameterTest" name="TestConstructor" />
    </UnitTest>
    <UnitTest name="TestGetHostInfoWithInvalidHost" storage="d:\actions-runner\_work\xpco\xpco\softwaremanager\core\softwaremanager\core\unittest\bin\debug\videoos.softwaremanager.core.unittest.dll" id="968b0cfd-4e46-39af-8c32-7a63d2e0218b">
      <Execution id="d11e8e82-8d76-4b66-8ab6-d9547f58a8b5" />
      <TestMethod codeBase="D:\actions-runner\_work\XPCO\XPCO\SoftwareManager\Core\SoftwareManager\Core\unittest\bin\Debug\VideoOS.SoftwareManager.Core.UnitTest.dll" adapterTypeName="executor://mstestadapter/v2" className="VideoOS.SoftwareManager.Core.Manager.UnitTest.ManagerTest" name="TestGetHostInfoWithInvalidHost" />
    </UnitTest>
    <UnitTest name="TestUnInstallPackageSequential" storage="d:\actions-runner\_work\xpco\xpco\softwaremanager\core\softwaremanager\core\unittest\bin\debug\videoos.softwaremanager.core.unittest.dll" id="3add4a08-97e9-90f7-a8c6-705b9e10368c">
      <Execution id="f045b6b6-d46b-495b-9cff-0a3a34ef88ed" />
      <TestMethod codeBase="D:\actions-runner\_work\XPCO\XPCO\SoftwareManager\Core\SoftwareManager\Core\unittest\bin\Debug\VideoOS.SoftwareManager.Core.UnitTest.dll" adapterTypeName="executor://mstestadapter/v2" className="VideoOS.SoftwareManager.Core.Manager.UnitTest.ManagerTest" name="TestUnInstallPackageSequential" />
    </UnitTest>
    <UnitTest name="TestCreateDirectory" storage="d:\actions-runner\_work\xpco\xpco\softwaremanager\core\softwaremanager\core\unittest\bin\debug\videoos.softwaremanager.core.unittest.dll" id="f9925917-8140-bd6d-1fd3-76831b749208">
      <Execution id="806da4e3-1a60-4277-bd56-e67e921c2338" />
      <TestMethod codeBase="D:\actions-runner\_work\XPCO\XPCO\SoftwareManager\Core\SoftwareManager\Core\unittest\bin\Debug\VideoOS.SoftwareManager.Core.UnitTest.dll" adapterTypeName="executor://mstestadapter/v2" className="VideoOS.SoftwareManager.Core.Utils.UnitTest.Win32UtilsTest" name="TestCreateDirectory" />
    </UnitTest>
    <UnitTest name="TestStopTwiceTask" storage="d:\actions-runner\_work\xpco\xpco\softwaremanager\core\softwaremanager\core\unittest\bin\debug\videoos.softwaremanager.core.unittest.dll" id="f1542d8f-aea4-6399-622a-dbd039a58b9a">
      <Execution id="702d784f-accf-47c9-b002-9ef32d6e665d" />
      <TestMethod codeBase="D:\actions-runner\_work\XPCO\XPCO\SoftwareManager\Core\SoftwareManager\Core\unittest\bin\Debug\VideoOS.SoftwareManager.Core.UnitTest.dll" adapterTypeName="executor://mstestadapter/v2" className="VideoOS.SoftwareManager.Core.Manager.UnitTest.RuntimeContextTest" name="TestStopTwiceTask" />
    </UnitTest>
    <UnitTest name="TestTaskWarningInPreRun" storage="d:\actions-runner\_work\xpco\xpco\softwaremanager\core\softwaremanager\core\unittest\bin\debug\videoos.softwaremanager.core.unittest.dll" id="f1d3bc99-16dc-eb0d-4f79-920ef3df3a07">
      <Execution id="07474ebd-ac09-4fbd-b641-519a761053bc" />
      <TestMethod codeBase="D:\actions-runner\_work\XPCO\XPCO\SoftwareManager\Core\SoftwareManager\Core\unittest\bin\Debug\VideoOS.SoftwareManager.Core.UnitTest.dll" adapterTypeName="executor://mstestadapter/v2" className="VideoOS.SoftwareManager.Core.Task.UnitTest.TaskTest" name="TestTaskWarningInPreRun" />
    </UnitTest>
    <UnitTest name="TestDetachObserver" storage="d:\actions-runner\_work\xpco\xpco\softwaremanager\core\softwaremanager\core\unittest\bin\debug\videoos.softwaremanager.core.unittest.dll" id="1361d5d5-52ef-44c5-6dcc-69e48369bb22">
      <Execution id="c5c79024-ae9b-4fdf-b183-1b269a40fbf5" />
      <TestMethod codeBase="D:\actions-runner\_work\XPCO\XPCO\SoftwareManager\Core\SoftwareManager\Core\unittest\bin\Debug\VideoOS.SoftwareManager.Core.UnitTest.dll" adapterTypeName="executor://mstestadapter/v2" className="VideoOS.SoftwareManager.Core.Observer.UnitTest.ObservableTest" name="TestDetachObserver" />
    </UnitTest>
    <UnitTest name="TestWMIServerHost" storage="d:\actions-runner\_work\xpco\xpco\softwaremanager\core\softwaremanager\core\unittest\bin\debug\videoos.softwaremanager.core.unittest.dll" id="fb684710-7aee-b5ee-ca08-6c8c8894727b">
      <Execution id="30a6756b-1aec-47cb-bb1a-c7706af8a8ee" />
      <TestMethod codeBase="D:\actions-runner\_work\XPCO\XPCO\SoftwareManager\Core\SoftwareManager\Core\unittest\bin\Debug\VideoOS.SoftwareManager.Core.UnitTest.dll" adapterTypeName="executor://mstestadapter/v2" className="VideoOS.SoftwareManager.Core.Host.UnitTest.HostFactoryTest" name="TestWMIServerHost" />
    </UnitTest>
    <UnitTest name="TestConstructorWithErrorCodeServiceRequestTimeout" storage="d:\actions-runner\_work\xpco\xpco\softwaremanager\core\softwaremanager\core\unittest\bin\debug\videoos.softwaremanager.core.unittest.dll" id="6c12d520-15aa-b4cf-0a08-c96da7cf1722">
      <Execution id="518d6faa-5067-4799-9c97-2a5f45d50970" />
      <TestMethod codeBase="D:\actions-runner\_work\XPCO\XPCO\SoftwareManager\Core\SoftwareManager\Core\unittest\bin\Debug\VideoOS.SoftwareManager.Core.UnitTest.dll" adapterTypeName="executor://mstestadapter/v2" className="VideoOS.SoftwareManager.Core.Utils.UnitTest.SoftwareManagerWMIServiceExceptionTest" name="TestConstructorWithErrorCodeServiceRequestTimeout" />
    </UnitTest>
    <UnitTest name="TestConstructorWithErrorCodeServiceDisabled" storage="d:\actions-runner\_work\xpco\xpco\softwaremanager\core\softwaremanager\core\unittest\bin\debug\videoos.softwaremanager.core.unittest.dll" id="169ff10c-e66e-16ab-a678-ea53f5925307">
      <Execution id="2561f017-8a9f-4bf1-81f9-b838bcbad534" />
      <TestMethod codeBase="D:\actions-runner\_work\XPCO\XPCO\SoftwareManager\Core\SoftwareManager\Core\unittest\bin\Debug\VideoOS.SoftwareManager.Core.UnitTest.dll" adapterTypeName="executor://mstestadapter/v2" className="VideoOS.SoftwareManager.Core.Utils.UnitTest.SoftwareManagerWMIServiceExceptionTest" name="TestConstructorWithErrorCodeServiceDisabled" />
    </UnitTest>
    <UnitTest name="TestTestHosts" storage="d:\actions-runner\_work\xpco\xpco\softwaremanager\core\softwaremanager\core\unittest\bin\debug\videoos.softwaremanager.core.unittest.dll" id="b1e328f4-c08c-066b-0de5-353098f02c6d">
      <Execution id="96f01616-05d0-4f0f-9b1c-1d2de78af9b7" />
      <TestMethod codeBase="D:\actions-runner\_work\XPCO\XPCO\SoftwareManager\Core\SoftwareManager\Core\unittest\bin\Debug\VideoOS.SoftwareManager.Core.UnitTest.dll" adapterTypeName="executor://mstestadapter/v2" className="VideoOS.SoftwareManager.Core.Manager.UnitTest.TestTest" name="TestTestHosts" />
    </UnitTest>
    <UnitTest name="TestStartWhileRunning" storage="d:\actions-runner\_work\xpco\xpco\softwaremanager\core\softwaremanager\core\unittest\bin\debug\videoos.softwaremanager.core.unittest.dll" id="67643f1b-8036-19eb-72c3-d7d1af0dea43">
      <Execution id="7e1e4a3e-ca19-4ec9-86b4-733213740118" />
      <TestMethod codeBase="D:\actions-runner\_work\XPCO\XPCO\SoftwareManager\Core\SoftwareManager\Core\unittest\bin\Debug\VideoOS.SoftwareManager.Core.UnitTest.dll" adapterTypeName="executor://mstestadapter/v2" className="VideoOS.SoftwareManager.Core.Manager.UnitTest.RuntimeContextTest" name="TestStartWhileRunning" />
    </UnitTest>
    <UnitTest name="TestConstructor" storage="d:\actions-runner\_work\xpco\xpco\softwaremanager\core\softwaremanager\core\unittest\bin\debug\videoos.softwaremanager.core.unittest.dll" id="da47f623-7c3a-9404-4444-2b2c7c59f762">
      <Execution id="14062b33-0427-4d36-9d4b-eb2cd3f3da7b" />
      <TestMethod codeBase="D:\actions-runner\_work\XPCO\XPCO\SoftwareManager\Core\SoftwareManager\Core\unittest\bin\Debug\VideoOS.SoftwareManager.Core.UnitTest.dll" adapterTypeName="executor://mstestadapter/v2" className="VideoOS.SoftwareManager.Core.Package.UnitTest.EnumParameterTest" name="TestConstructor" />
    </UnitTest>
    <UnitTest name="TestWaitForAllTasksWithTimeout" storage="d:\actions-runner\_work\xpco\xpco\softwaremanager\core\softwaremanager\core\unittest\bin\debug\videoos.softwaremanager.core.unittest.dll" id="4ebe8040-de48-1757-191f-73ec1eccf02d">
      <Execution id="d168e2f4-9900-4c51-87a9-4369db841aa0" />
      <TestMethod codeBase="D:\actions-runner\_work\XPCO\XPCO\SoftwareManager\Core\SoftwareManager\Core\unittest\bin\Debug\VideoOS.SoftwareManager.Core.UnitTest.dll" adapterTypeName="executor://mstestadapter/v2" className="VideoOS.SoftwareManager.Core.Manager.UnitTest.ManagerTest" name="TestWaitForAllTasksWithTimeout" />
    </UnitTest>
    <UnitTest name="TestGetInstalledPackages" storage="d:\actions-runner\_work\xpco\xpco\softwaremanager\core\softwaremanager\core\unittest\bin\debug\videoos.softwaremanager.core.unittest.dll" id="44d15d2f-608e-f569-c6d7-e1f96d32ab07">
      <Execution id="f7315ac9-cd3c-437b-b090-48816712c39a" />
      <TestMethod codeBase="D:\actions-runner\_work\XPCO\XPCO\SoftwareManager\Core\SoftwareManager\Core\unittest\bin\Debug\VideoOS.SoftwareManager.Core.UnitTest.dll" adapterTypeName="executor://mstestadapter/v2" className="VideoOS.SoftwareManager.Core.Host.UnitTest.WmiHostImpTest" name="TestGetInstalledPackages" />
    </UnitTest>
    <UnitTest name="TestImportPackage_TaskShouldError_WhenInstallerConatainsInvalidPackageXml" storage="d:\actions-runner\_work\xpco\xpco\softwaremanager\core\softwaremanager\core\unittest\bin\debug\videoos.softwaremanager.core.unittest.dll" id="9e34c367-5723-2d6b-b206-e27de106d084">
      <Execution id="a32720bd-651d-48a7-b843-7492ef6802e7" />
      <TestMethod codeBase="D:\actions-runner\_work\XPCO\XPCO\SoftwareManager\Core\SoftwareManager\Core\unittest\bin\Debug\VideoOS.SoftwareManager.Core.UnitTest.dll" adapterTypeName="executor://mstestadapter/v2" className="VideoOS.SoftwareManager.Core.Task.UnitTest.FileShareImportPackageTaskTest" name="TestImportPackage_TaskShouldError_WhenInstallerConatainsInvalidPackageXml" />
    </UnitTest>
    <UnitTest name="TestHostInfoConstructorWithCurrentUser" storage="d:\actions-runner\_work\xpco\xpco\softwaremanager\core\softwaremanager\core\unittest\bin\debug\videoos.softwaremanager.core.unittest.dll" id="b1d46ea5-c9c3-57f4-a648-9c804c7fe269">
      <Execution id="489933a3-3188-46dc-920e-20ba0c19bb2e" />
      <TestMethod codeBase="D:\actions-runner\_work\XPCO\XPCO\SoftwareManager\Core\SoftwareManager\Core\unittest\bin\Debug\VideoOS.SoftwareManager.Core.UnitTest.dll" adapterTypeName="executor://mstestadapter/v2" className="VideoOS.SoftwareManager.Core.Host.UnitTest.HostInfoTest" name="TestHostInfoConstructorWithCurrentUser" />
    </UnitTest>
    <UnitTest name="TestVersionInfoDefault" storage="d:\actions-runner\_work\xpco\xpco\softwaremanager\core\softwaremanager\core\unittest\bin\debug\videoos.softwaremanager.core.unittest.dll" id="22814c1f-c66f-6ce6-5a48-a0ba882bd316">
      <Execution id="4d213006-2728-451c-abd3-171bd5cd9efc" />
      <TestMethod codeBase="D:\actions-runner\_work\XPCO\XPCO\SoftwareManager\Core\SoftwareManager\Core\unittest\bin\Debug\VideoOS.SoftwareManager.Core.UnitTest.dll" adapterTypeName="executor://mstestadapter/v2" className="VideoOS.SoftwareManager.Core.Package.UnitTest.VersionInfoTest" name="TestVersionInfoDefault" />
    </UnitTest>
    <UnitTest name="TestGetActionTasks" storage="d:\actions-runner\_work\xpco\xpco\softwaremanager\core\softwaremanager\core\unittest\bin\debug\videoos.softwaremanager.core.unittest.dll" id="cbf74680-c91c-0984-eb66-6d8ceb9c17ab">
      <Execution id="499e467f-f6d3-475b-b188-ab55dd4580b0" />
      <TestMethod codeBase="D:\actions-runner\_work\XPCO\XPCO\SoftwareManager\Core\SoftwareManager\Core\unittest\bin\Debug\VideoOS.SoftwareManager.Core.UnitTest.dll" adapterTypeName="executor://mstestadapter/v2" className="VideoOS.SoftwareManager.Core.Host.UnitTest.HostImpActionHelperTest" name="TestGetActionTasks" />
    </UnitTest>
    <UnitTest name="TestStartStoppedTask" storage="d:\actions-runner\_work\xpco\xpco\softwaremanager\core\softwaremanager\core\unittest\bin\debug\videoos.softwaremanager.core.unittest.dll" id="146196f5-f90c-a6d4-6ef4-bdf63a422741">
      <Execution id="fdfe91cb-65ae-4287-8110-e0df42403595" />
      <TestMethod codeBase="D:\actions-runner\_work\XPCO\XPCO\SoftwareManager\Core\SoftwareManager\Core\unittest\bin\Debug\VideoOS.SoftwareManager.Core.UnitTest.dll" adapterTypeName="executor://mstestadapter/v2" className="VideoOS.SoftwareManager.Core.Task.UnitTest.TaskTest" name="TestStartStoppedTask" />
    </UnitTest>
    <UnitTest name="TestConstructor" storage="d:\actions-runner\_work\xpco\xpco\softwaremanager\core\softwaremanager\core\unittest\bin\debug\videoos.softwaremanager.core.unittest.dll" id="3d1ea2f1-5577-20c9-e32d-81d23fe5a514">
      <Execution id="00a1b0af-4f94-4867-a157-1e79c3f9d9e7" />
      <TestMethod codeBase="D:\actions-runner\_work\XPCO\XPCO\SoftwareManager\Core\SoftwareManager\Core\unittest\bin\Debug\VideoOS.SoftwareManager.Core.UnitTest.dll" adapterTypeName="executor://mstestadapter/v2" className="VideoOS.SoftwareManager.Core.Utils.UnitTest.SoftwareManagerCannotRebootLocalhostExceptionTest" name="TestConstructor" />
    </UnitTest>
    <UnitTest name="TestGetPackagesInvalid" storage="d:\actions-runner\_work\xpco\xpco\softwaremanager\core\softwaremanager\core\unittest\bin\debug\videoos.softwaremanager.core.unittest.dll" id="7d275e3d-ce8a-245d-532c-9789e820e55e">
      <Execution id="8c89ee70-7e3a-4e0d-b6d7-d30ec8a7634e" />
      <TestMethod codeBase="D:\actions-runner\_work\XPCO\XPCO\SoftwareManager\Core\SoftwareManager\Core\unittest\bin\Debug\VideoOS.SoftwareManager.Core.UnitTest.dll" adapterTypeName="executor://mstestadapter/v2" className="VideoOS.SoftwareManager.Core.Task.UnitTest.FileShareGetPackagesTaskTest" name="TestGetPackagesInvalid" />
    </UnitTest>
    <UnitTest name="TestConstructorWithErrorCodeInsufficientPrivilege" storage="d:\actions-runner\_work\xpco\xpco\softwaremanager\core\softwaremanager\core\unittest\bin\debug\videoos.softwaremanager.core.unittest.dll" id="7ac45643-e8d3-e0a9-5634-02ae2a6a3051">
      <Execution id="f1c54323-4f60-42d4-88fa-0d0edefb3ed8" />
      <TestMethod codeBase="D:\actions-runner\_work\XPCO\XPCO\SoftwareManager\Core\SoftwareManager\Core\unittest\bin\Debug\VideoOS.SoftwareManager.Core.UnitTest.dll" adapterTypeName="executor://mstestadapter/v2" className="VideoOS.SoftwareManager.Core.Utils.UnitTest.SoftwareManagerWMIProcessExceptionTest" name="TestConstructorWithErrorCodeInsufficientPrivilege" />
    </UnitTest>
    <UnitTest name="TestConstructorWithErrorCodePathNotFound" storage="d:\actions-runner\_work\xpco\xpco\softwaremanager\core\softwaremanager\core\unittest\bin\debug\videoos.softwaremanager.core.unittest.dll" id="2b2d084f-5640-0691-4200-77423cd95a54">
      <Execution id="72447da4-0537-4495-bfdc-20fd63d8230b" />
      <TestMethod codeBase="D:\actions-runner\_work\XPCO\XPCO\SoftwareManager\Core\SoftwareManager\Core\unittest\bin\Debug\VideoOS.SoftwareManager.Core.UnitTest.dll" adapterTypeName="executor://mstestadapter/v2" className="VideoOS.SoftwareManager.Core.Utils.UnitTest.SoftwareManagerWMIProcessExceptionTest" name="TestConstructorWithErrorCodePathNotFound" />
    </UnitTest>
    <UnitTest name="TestStopHostTask" storage="d:\actions-runner\_work\xpco\xpco\softwaremanager\core\softwaremanager\core\unittest\bin\debug\videoos.softwaremanager.core.unittest.dll" id="8062c4ed-4139-90d1-1d4d-27bbbb4874ab">
      <Execution id="1f014c55-6a62-49d1-8ff5-855fd3072e9c" />
      <TestMethod codeBase="D:\actions-runner\_work\XPCO\XPCO\SoftwareManager\Core\SoftwareManager\Core\unittest\bin\Debug\VideoOS.SoftwareManager.Core.UnitTest.dll" adapterTypeName="executor://mstestadapter/v2" className="VideoOS.SoftwareManager.Core.Manager.UnitTest.TestTest" name="TestStopHostTask" />
    </UnitTest>
    <UnitTest name="TestUnInstallPackageParallel" storage="d:\actions-runner\_work\xpco\xpco\softwaremanager\core\softwaremanager\core\unittest\bin\debug\videoos.softwaremanager.core.unittest.dll" id="d818aa24-7faf-b679-f37f-e2929af9a569">
      <Execution id="9fb0bd07-9979-407c-a6c6-b8360bf71279" />
      <TestMethod codeBase="D:\actions-runner\_work\XPCO\XPCO\SoftwareManager\Core\SoftwareManager\Core\unittest\bin\Debug\VideoOS.SoftwareManager.Core.UnitTest.dll" adapterTypeName="executor://mstestadapter/v2" className="VideoOS.SoftwareManager.Core.Manager.UnitTest.ManagerTest" name="TestUnInstallPackageParallel" />
    </UnitTest>
    <UnitTest name="TestDeleteLocalPackageSequential" storage="d:\actions-runner\_work\xpco\xpco\softwaremanager\core\softwaremanager\core\unittest\bin\debug\videoos.softwaremanager.core.unittest.dll" id="f25cced5-ce9e-bbb4-b8c8-3e87f67f7dc4">
      <Execution id="42d33e90-a9ed-4fe3-8710-65e2a9026f2c" />
      <TestMethod codeBase="D:\actions-runner\_work\XPCO\XPCO\SoftwareManager\Core\SoftwareManager\Core\unittest\bin\Debug\VideoOS.SoftwareManager.Core.UnitTest.dll" adapterTypeName="executor://mstestadapter/v2" className="VideoOS.SoftwareManager.Core.Manager.UnitTest.ManagerTest" name="TestDeleteLocalPackageSequential" />
    </UnitTest>
    <UnitTest name="TestWaitForAllTasksWithNoTimeout" storage="d:\actions-runner\_work\xpco\xpco\softwaremanager\core\softwaremanager\core\unittest\bin\debug\videoos.softwaremanager.core.unittest.dll" id="032d6516-cb1c-4c92-f9b8-d4038adae9f6">
      <Execution id="e261406d-05d1-4ea7-93f1-a4dd884702f9" />
      <TestMethod codeBase="D:\actions-runner\_work\XPCO\XPCO\SoftwareManager\Core\SoftwareManager\Core\unittest\bin\Debug\VideoOS.SoftwareManager.Core.UnitTest.dll" adapterTypeName="executor://mstestadapter/v2" className="VideoOS.SoftwareManager.Core.Manager.UnitTest.TestTest" name="TestWaitForAllTasksWithNoTimeout" />
    </UnitTest>
    <UnitTest name="TestConstructorWithErrorCodeServiceCannotAcceptControl" storage="d:\actions-runner\_work\xpco\xpco\softwaremanager\core\softwaremanager\core\unittest\bin\debug\videoos.softwaremanager.core.unittest.dll" id="a3e7e124-513f-599e-5dcf-9092069c6e07">
      <Execution id="44bab53f-d7cc-42b3-a6e9-5943d7ad7487" />
      <TestMethod codeBase="D:\actions-runner\_work\XPCO\XPCO\SoftwareManager\Core\SoftwareManager\Core\unittest\bin\Debug\VideoOS.SoftwareManager.Core.UnitTest.dll" adapterTypeName="executor://mstestadapter/v2" className="VideoOS.SoftwareManager.Core.Utils.UnitTest.SoftwareManagerWMIServiceExceptionTest" name="TestConstructorWithErrorCodeServiceCannotAcceptControl" />
    </UnitTest>
    <UnitTest name="ZipPackageNoPackageXml_ShouldNotBeImported" storage="d:\actions-runner\_work\xpco\xpco\softwaremanager\core\softwaremanager\core\unittest\bin\debug\videoos.softwaremanager.core.unittest.dll" id="2fad831b-dada-8534-2cae-bc8f8eabad64">
      <Execution id="e5d2cc6b-3257-4196-86f0-88ab888db5b1" />
      <TestMethod codeBase="D:\actions-runner\_work\XPCO\XPCO\SoftwareManager\Core\SoftwareManager\Core\unittest\bin\Debug\VideoOS.SoftwareManager.Core.UnitTest.dll" adapterTypeName="executor://mstestadapter/v2" className="VideoOS.SoftwareManager.Core.Task.UnitTest.FileShareImportPackageTaskTest" name="ZipPackageNoPackageXml_ShouldNotBeImported" />
    </UnitTest>
    <UnitTest name="TestConstructorWithCurrentUser" storage="d:\actions-runner\_work\xpco\xpco\softwaremanager\core\softwaremanager\core\unittest\bin\debug\videoos.softwaremanager.core.unittest.dll" id="a86a3687-379f-3de9-0259-cf26ca96ae61">
      <Execution id="ccdeec59-7523-4cf9-968d-d553070b031c" />
      <TestMethod codeBase="D:\actions-runner\_work\XPCO\XPCO\SoftwareManager\Core\SoftwareManager\Core\unittest\bin\Debug\VideoOS.SoftwareManager.Core.UnitTest.dll" adapterTypeName="executor://mstestadapter/v2" className="VideoOS.SoftwareManager.Core.Host.UnitTest.CredentialsTest" name="TestConstructorWithCurrentUser" />
    </UnitTest>
    <UnitTest name="TestPrerequisite" storage="d:\actions-runner\_work\xpco\xpco\softwaremanager\core\softwaremanager\core\unittest\bin\debug\videoos.softwaremanager.core.unittest.dll" id="5a880289-fba4-8a86-5ba1-cfa26e3284b5">
      <Execution id="b82afa7a-18ec-4601-a73e-234b2653dbfd" />
      <TestMethod codeBase="D:\actions-runner\_work\XPCO\XPCO\SoftwareManager\Core\SoftwareManager\Core\unittest\bin\Debug\VideoOS.SoftwareManager.Core.UnitTest.dll" adapterTypeName="executor://mstestadapter/v2" className="VideoOS.SoftwareManager.Core.Package.UnitTest.PrerequisiteTest" name="TestPrerequisite" />
    </UnitTest>
    <UnitTest name="TestStopBeforeStart" storage="d:\actions-runner\_work\xpco\xpco\softwaremanager\core\softwaremanager\core\unittest\bin\debug\videoos.softwaremanager.core.unittest.dll" id="1023b553-27bc-2612-6f0d-254dce8c82cd">
      <Execution id="e573d5aa-8618-4cf5-bb0a-54b7150d4958" />
      <TestMethod codeBase="D:\actions-runner\_work\XPCO\XPCO\SoftwareManager\Core\SoftwareManager\Core\unittest\bin\Debug\VideoOS.SoftwareManager.Core.UnitTest.dll" adapterTypeName="executor://mstestadapter/v2" className="VideoOS.SoftwareManager.Core.Manager.UnitTest.RuntimeContextTest" name="TestStopBeforeStart" />
    </UnitTest>
    <UnitTest name="ExistingZipPackage_ShouldBeOverwritten" storage="d:\actions-runner\_work\xpco\xpco\softwaremanager\core\softwaremanager\core\unittest\bin\debug\videoos.softwaremanager.core.unittest.dll" id="2fa8526c-a521-f4dd-f525-15d0ffe38536">
      <Execution id="cfa43421-1724-4938-a09a-c569114c20c9" />
      <TestMethod codeBase="D:\actions-runner\_work\XPCO\XPCO\SoftwareManager\Core\SoftwareManager\Core\unittest\bin\Debug\VideoOS.SoftwareManager.Core.UnitTest.dll" adapterTypeName="executor://mstestadapter/v2" className="VideoOS.SoftwareManager.Core.Task.UnitTest.FileShareImportPackageTaskTest" name="ExistingZipPackage_ShouldBeOverwritten" />
    </UnitTest>
    <UnitTest name="Test_With_ArgmunentsXmlFileV1_When_ExtractingTheArguments_Then_TheArgumentsAreCorrect" storage="d:\actions-runner\_work\xpco\xpco\softwaremanager\core\softwaremanager\core\unittest\bin\debug\videoos.softwaremanager.core.unittest.dll" id="5830e48c-ec35-ee5c-5f9f-1b8deedc3e70">
      <Execution id="688dca62-68f8-42fd-8958-0f31c15c5fd7" />
      <TestMethod codeBase="D:\actions-runner\_work\XPCO\XPCO\SoftwareManager\Core\SoftwareManager\Core\unittest\bin\Debug\VideoOS.SoftwareManager.Core.UnitTest.dll" adapterTypeName="executor://mstestadapter/v2" className="VideoOS.SoftwareManager.Core.UnitTest.ArgumentsXml.ArgumentsXmlSerializationTest" name="Test_With_ArgmunentsXmlFileV1_When_ExtractingTheArguments_Then_TheArgumentsAreCorrect" />
    </UnitTest>
    <UnitTest name="TestCopyFile" storage="d:\actions-runner\_work\xpco\xpco\softwaremanager\core\softwaremanager\core\unittest\bin\debug\videoos.softwaremanager.core.unittest.dll" id="1ae52b3a-7f71-39ee-b374-bc88518d0a21">
      <Execution id="226ccb3b-7557-4f8b-ba05-c6e69e097c54" />
      <TestMethod codeBase="D:\actions-runner\_work\XPCO\XPCO\SoftwareManager\Core\SoftwareManager\Core\unittest\bin\Debug\VideoOS.SoftwareManager.Core.UnitTest.dll" adapterTypeName="executor://mstestadapter/v2" className="VideoOS.SoftwareManager.Core.Task.UnitTest.Win32FileCopyDiscoveryTaskTest" name="TestCopyFile" />
    </UnitTest>
    <UnitTest name="TestConstructorWithErrorCodeAccessDenied" storage="d:\actions-runner\_work\xpco\xpco\softwaremanager\core\softwaremanager\core\unittest\bin\debug\videoos.softwaremanager.core.unittest.dll" id="330e6a9d-2d5c-ac83-143d-e6e550e3720b">
      <Execution id="63525cb6-962d-49ca-980e-1130b4b4c610" />
      <TestMethod codeBase="D:\actions-runner\_work\XPCO\XPCO\SoftwareManager\Core\SoftwareManager\Core\unittest\bin\Debug\VideoOS.SoftwareManager.Core.UnitTest.dll" adapterTypeName="executor://mstestadapter/v2" className="VideoOS.SoftwareManager.Core.Utils.UnitTest.SoftwareManagerWMIProcessExceptionTest" name="TestConstructorWithErrorCodeAccessDenied" />
    </UnitTest>
    <UnitTest name="TestConstructor" storage="d:\actions-runner\_work\xpco\xpco\softwaremanager\core\softwaremanager\core\unittest\bin\debug\videoos.softwaremanager.core.unittest.dll" id="9ebed48c-2db3-f4a5-ffbd-adc1b1c4df6f">
      <Execution id="b9c81d1c-2253-49b0-a5cf-cd7e3f0fc56b" />
      <TestMethod codeBase="D:\actions-runner\_work\XPCO\XPCO\SoftwareManager\Core\SoftwareManager\Core\unittest\bin\Debug\VideoOS.SoftwareManager.Core.UnitTest.dll" adapterTypeName="executor://mstestadapter/v2" className="VideoOS.SoftwareManager.Core.Utils.UnitTest.SoftwareManagerInvalidHostIDExceptionTest" name="TestConstructor" />
    </UnitTest>
    <UnitTest name="TestConstructorWithErrorCodeNotSupported" storage="d:\actions-runner\_work\xpco\xpco\softwaremanager\core\softwaremanager\core\unittest\bin\debug\videoos.softwaremanager.core.unittest.dll" id="99b054db-dc54-f38e-941b-12cf00b7ca8e">
      <Execution id="77d4bdf4-4086-4dda-abd7-df0f70ff802b" />
      <TestMethod codeBase="D:\actions-runner\_work\XPCO\XPCO\SoftwareManager\Core\SoftwareManager\Core\unittest\bin\Debug\VideoOS.SoftwareManager.Core.UnitTest.dll" adapterTypeName="executor://mstestadapter/v2" className="VideoOS.SoftwareManager.Core.Utils.UnitTest.SoftwareManagerWMIServiceExceptionTest" name="TestConstructorWithErrorCodeNotSupported" />
    </UnitTest>
    <UnitTest name="TestConstructor" storage="d:\actions-runner\_work\xpco\xpco\softwaremanager\core\softwaremanager\core\unittest\bin\debug\videoos.softwaremanager.core.unittest.dll" id="46745519-9ecc-7f3f-f79a-bc558a311ac6">
      <Execution id="04c26cc9-07b7-4d12-88a3-ec6e8051f32b" />
      <TestMethod codeBase="D:\actions-runner\_work\XPCO\XPCO\SoftwareManager\Core\SoftwareManager\Core\unittest\bin\Debug\VideoOS.SoftwareManager.Core.UnitTest.dll" adapterTypeName="executor://mstestadapter/v2" className="VideoOS.SoftwareManager.Core.Manager.UnitTest.RuntimeContextTest" name="TestConstructor" />
    </UnitTest>
    <UnitTest name="TestCreateRealFilePathWithUNCPath" storage="d:\actions-runner\_work\xpco\xpco\softwaremanager\core\softwaremanager\core\unittest\bin\debug\videoos.softwaremanager.core.unittest.dll" id="69b26249-94e9-7c44-10dc-7b2701eb66e6">
      <Execution id="a8e0eae2-e1e7-4020-8134-f067a060a63a" />
      <TestMethod codeBase="D:\actions-runner\_work\XPCO\XPCO\SoftwareManager\Core\SoftwareManager\Core\unittest\bin\Debug\VideoOS.SoftwareManager.Core.UnitTest.dll" adapterTypeName="executor://mstestadapter/v2" className="VideoOS.SoftwareManager.Core.Utils.UnitTest.Win32UtilsTest" name="TestCreateRealFilePathWithUNCPath" />
    </UnitTest>
    <UnitTest name="TestInstallString" storage="d:\actions-runner\_work\xpco\xpco\softwaremanager\core\softwaremanager\core\unittest\bin\debug\videoos.softwaremanager.core.unittest.dll" id="0e31cfb4-c48c-f98b-c02a-b0ce70005a5e">
      <Execution id="cb6beb17-e8c1-4d6e-86fe-a35c79e2f449" />
      <TestMethod codeBase="D:\actions-runner\_work\XPCO\XPCO\SoftwareManager\Core\SoftwareManager\Core\unittest\bin\Debug\VideoOS.SoftwareManager.Core.UnitTest.dll" adapterTypeName="executor://mstestadapter/v2" className="VideoOS.SoftwareManager.Core.Package.UnitTest.MSIPackageTest" name="TestInstallString" />
    </UnitTest>
    <UnitTest name="TestConstructor" storage="d:\actions-runner\_work\xpco\xpco\softwaremanager\core\softwaremanager\core\unittest\bin\debug\videoos.softwaremanager.core.unittest.dll" id="cb156529-9899-4aae-6bb8-bbac8771853d">
      <Execution id="8416e6ed-6d49-4e1e-8d1b-b75edb7a7c2c" />
      <TestMethod codeBase="D:\actions-runner\_work\XPCO\XPCO\SoftwareManager\Core\SoftwareManager\Core\unittest\bin\Debug\VideoOS.SoftwareManager.Core.UnitTest.dll" adapterTypeName="executor://mstestadapter/v2" className="VideoOS.SoftwareManager.Core.Task.UnitTest.WMIHostTestTaskTest" name="TestConstructor" />
    </UnitTest>
    <UnitTest name="TestGetPackages" storage="d:\actions-runner\_work\xpco\xpco\softwaremanager\core\softwaremanager\core\unittest\bin\debug\videoos.softwaremanager.core.unittest.dll" id="9e542a9d-17aa-18eb-fcd9-68e906b0cbf9">
      <Execution id="5d585f91-21d7-4c53-b65f-f5689fdabce6" />
      <TestMethod codeBase="D:\actions-runner\_work\XPCO\XPCO\SoftwareManager\Core\SoftwareManager\Core\unittest\bin\Debug\VideoOS.SoftwareManager.Core.UnitTest.dll" adapterTypeName="executor://mstestadapter/v2" className="VideoOS.SoftwareManager.Core.Task.UnitTest.BrowserTaskTest" name="TestGetPackages" />
    </UnitTest>
    <UnitTest name="TestImportPackage_ShouldSucceed_WhenInstallerConatainsValidPackageXml" storage="d:\actions-runner\_work\xpco\xpco\softwaremanager\core\softwaremanager\core\unittest\bin\debug\videoos.softwaremanager.core.unittest.dll" id="c40bd895-725a-1fb2-ec21-aeab0bc59909">
      <Execution id="874aaecd-3851-4742-86a6-610cb7b6e6ce" />
      <TestMethod codeBase="D:\actions-runner\_work\XPCO\XPCO\SoftwareManager\Core\SoftwareManager\Core\unittest\bin\Debug\VideoOS.SoftwareManager.Core.UnitTest.dll" adapterTypeName="executor://mstestadapter/v2" className="VideoOS.SoftwareManager.Core.Task.UnitTest.FileShareImportPackageTaskTest" name="TestImportPackage_ShouldSucceed_WhenInstallerConatainsValidPackageXml" />
    </UnitTest>
    <UnitTest name="TestConstructorWithSingleObserver" storage="d:\actions-runner\_work\xpco\xpco\softwaremanager\core\softwaremanager\core\unittest\bin\debug\videoos.softwaremanager.core.unittest.dll" id="c5470e5b-7c09-9f0a-1bc9-4794fa6f7f0d">
      <Execution id="223ef26b-2f32-4d43-a285-e6499e7173ea" />
      <TestMethod codeBase="D:\actions-runner\_work\XPCO\XPCO\SoftwareManager\Core\SoftwareManager\Core\unittest\bin\Debug\VideoOS.SoftwareManager.Core.UnitTest.dll" adapterTypeName="executor://mstestadapter/v2" className="VideoOS.SoftwareManager.Core.Manager.UnitTest.ObservableHostTest" name="TestConstructorWithSingleObserver" />
    </UnitTest>
    <UnitTest name="TestUploadPackageWithInvalidHost" storage="d:\actions-runner\_work\xpco\xpco\softwaremanager\core\softwaremanager\core\unittest\bin\debug\videoos.softwaremanager.core.unittest.dll" id="84fc2d45-9c65-24ed-a603-3dd6b23b161b">
      <Execution id="9f5bca02-599b-44e3-9373-51ec2cf5ec36" />
      <TestMethod codeBase="D:\actions-runner\_work\XPCO\XPCO\SoftwareManager\Core\SoftwareManager\Core\unittest\bin\Debug\VideoOS.SoftwareManager.Core.UnitTest.dll" adapterTypeName="executor://mstestadapter/v2" className="VideoOS.SoftwareManager.Core.Manager.UnitTest.ManagerTest" name="TestUploadPackageWithInvalidHost" />
    </UnitTest>
    <UnitTest name="ExistingExePackage_ShouldBeOverwritten" storage="d:\actions-runner\_work\xpco\xpco\softwaremanager\core\softwaremanager\core\unittest\bin\debug\videoos.softwaremanager.core.unittest.dll" id="134ae08d-1d0a-1973-58ab-5b1798125f37">
      <Execution id="ef51df6b-4bcb-4960-8d15-44874e80ea91" />
      <TestMethod codeBase="D:\actions-runner\_work\XPCO\XPCO\SoftwareManager\Core\SoftwareManager\Core\unittest\bin\Debug\VideoOS.SoftwareManager.Core.UnitTest.dll" adapterTypeName="executor://mstestadapter/v2" className="VideoOS.SoftwareManager.Core.Task.UnitTest.FileShareImportPackageTaskTest" name="ExistingExePackage_ShouldBeOverwritten" />
    </UnitTest>
    <UnitTest name="TestEquals" storage="d:\actions-runner\_work\xpco\xpco\softwaremanager\core\softwaremanager\core\unittest\bin\debug\videoos.softwaremanager.core.unittest.dll" id="07adac7c-44a1-f7fd-b195-61aec0a8c77d">
      <Execution id="c36a98b7-4727-4172-ac13-34aad71131fe" />
      <TestMethod codeBase="D:\actions-runner\_work\XPCO\XPCO\SoftwareManager\Core\SoftwareManager\Core\unittest\bin\Debug\VideoOS.SoftwareManager.Core.UnitTest.dll" adapterTypeName="executor://mstestadapter/v2" className="VideoOS.SoftwareManager.Core.Package.UnitTest.PackageTest" name="TestEquals" />
    </UnitTest>
    <UnitTest name="TestTestHostsWithNullManager" storage="d:\actions-runner\_work\xpco\xpco\softwaremanager\core\softwaremanager\core\unittest\bin\debug\videoos.softwaremanager.core.unittest.dll" id="f9648dbe-f664-0e7d-f48a-463671a37fa4">
      <Execution id="2c5439e7-6c12-4c36-a349-31ddf67d818e" />
      <TestMethod codeBase="D:\actions-runner\_work\XPCO\XPCO\SoftwareManager\Core\SoftwareManager\Core\unittest\bin\Debug\VideoOS.SoftwareManager.Core.UnitTest.dll" adapterTypeName="executor://mstestadapter/v2" className="VideoOS.SoftwareManager.Core.Manager.UnitTest.TestTest" name="TestTestHostsWithNullManager" />
    </UnitTest>
    <UnitTest name="TestGetPackages" storage="d:\actions-runner\_work\xpco\xpco\softwaremanager\core\softwaremanager\core\unittest\bin\debug\videoos.softwaremanager.core.unittest.dll" id="bc2db273-e428-de1d-791f-6018cb46f40b">
      <Execution id="53d19281-799f-4885-9c4f-40838945c8b9" />
      <TestMethod codeBase="D:\actions-runner\_work\XPCO\XPCO\SoftwareManager\Core\SoftwareManager\Core\unittest\bin\Debug\VideoOS.SoftwareManager.Core.UnitTest.dll" adapterTypeName="executor://mstestadapter/v2" className="VideoOS.SoftwareManager.Core.Manager.UnitTest.ManagerTest" name="TestGetPackages" />
    </UnitTest>
    <UnitTest name="FileSharePackageUploaderTask_ShouldFail_IfVerifyToolThrowsTrustVerificationException" storage="d:\actions-runner\_work\xpco\xpco\softwaremanager\core\softwaremanager\core\unittest\bin\debug\videoos.softwaremanager.core.unittest.dll" id="50cf843a-7917-122d-91e8-dbab549c9083">
      <Execution id="9eb063b8-b263-4caa-afef-29edd5d02649" />
      <TestMethod codeBase="D:\actions-runner\_work\XPCO\XPCO\SoftwareManager\Core\SoftwareManager\Core\unittest\bin\Debug\VideoOS.SoftwareManager.Core.UnitTest.dll" adapterTypeName="executor://mstestadapter/v2" className="VideoOS.SoftwareManager.Core.Task.UnitTest.FileSharePackageUploaderTaskTest" name="FileSharePackageUploaderTask_ShouldFail_IfVerifyToolThrowsTrustVerificationException" />
    </UnitTest>
    <UnitTest name="TestPauseAndUnpauseAfterDoRun" storage="d:\actions-runner\_work\xpco\xpco\softwaremanager\core\softwaremanager\core\unittest\bin\debug\videoos.softwaremanager.core.unittest.dll" id="b05b330f-5d99-5f6e-5424-2528823be4f6">
      <Execution id="3fa00d2e-7d12-43c9-8317-7a4a54bd6812" />
      <TestMethod codeBase="D:\actions-runner\_work\XPCO\XPCO\SoftwareManager\Core\SoftwareManager\Core\unittest\bin\Debug\VideoOS.SoftwareManager.Core.UnitTest.dll" adapterTypeName="executor://mstestadapter/v2" className="VideoOS.SoftwareManager.Core.Task.UnitTest.TaskTest" name="TestPauseAndUnpauseAfterDoRun" />
    </UnitTest>
    <UnitTest name="TestConstructor" storage="d:\actions-runner\_work\xpco\xpco\softwaremanager\core\softwaremanager\core\unittest\bin\debug\videoos.softwaremanager.core.unittest.dll" id="61bc1cb9-fa1c-14ae-4514-4fe458a0c1ea">
      <Execution id="e2f6bfb6-3588-40b6-8e81-bb5cb88678fe" />
      <TestMethod codeBase="D:\actions-runner\_work\XPCO\XPCO\SoftwareManager\Core\SoftwareManager\Core\unittest\bin\Debug\VideoOS.SoftwareManager.Core.UnitTest.dll" adapterTypeName="executor://mstestadapter/v2" className="VideoOS.SoftwareManager.Core.Host.UnitTest.WMIHostImpActionHelperTest" name="TestConstructor" />
    </UnitTest>
    <UnitTest name="FileShareImportPackageTask_ShouldFail_IfVerifyToolThrowsTrustVerificationException" storage="d:\actions-runner\_work\xpco\xpco\softwaremanager\core\softwaremanager\core\unittest\bin\debug\videoos.softwaremanager.core.unittest.dll" id="5b57b096-32f8-a318-15a0-dbd4aa3c2753">
      <Execution id="4daa9bfb-5427-44be-b8db-b7bd05b70dcb" />
      <TestMethod codeBase="D:\actions-runner\_work\XPCO\XPCO\SoftwareManager\Core\SoftwareManager\Core\unittest\bin\Debug\VideoOS.SoftwareManager.Core.UnitTest.dll" adapterTypeName="executor://mstestadapter/v2" className="VideoOS.SoftwareManager.Core.Task.UnitTest.FileShareImportPackageTaskTest" name="FileShareImportPackageTask_ShouldFail_IfVerifyToolThrowsTrustVerificationException" />
    </UnitTest>
    <UnitTest name="TestProcessWithInvalidCommand" storage="d:\actions-runner\_work\xpco\xpco\softwaremanager\core\softwaremanager\core\unittest\bin\debug\videoos.softwaremanager.core.unittest.dll" id="cc729317-8003-3dcb-4690-b7bab2deead5">
      <Execution id="351edfe9-d59a-496a-b811-5f400fd7c2a1" />
      <TestMethod codeBase="D:\actions-runner\_work\XPCO\XPCO\SoftwareManager\Core\SoftwareManager\Core\unittest\bin\Debug\VideoOS.SoftwareManager.Core.UnitTest.dll" adapterTypeName="executor://mstestadapter/v2" className="VideoOS.SoftwareManager.Core.Task.WMI.UnitTest.WMIProcessTaskTest" name="TestProcessWithInvalidCommand" />
    </UnitTest>
    <UnitTest name="Test_With_ArgmunentsXmlFileV1WithXsdError_When_ExtractingTheArguments_Then_ArgumentsAreEmpty" storage="d:\actions-runner\_work\xpco\xpco\softwaremanager\core\softwaremanager\core\unittest\bin\debug\videoos.softwaremanager.core.unittest.dll" id="fd9e40ea-9126-c861-9dea-563c66bcf20c">
      <Execution id="a001d481-7264-40bb-9f94-92c7dbaf4050" />
      <TestMethod codeBase="D:\actions-runner\_work\XPCO\XPCO\SoftwareManager\Core\SoftwareManager\Core\unittest\bin\Debug\VideoOS.SoftwareManager.Core.UnitTest.dll" adapterTypeName="executor://mstestadapter/v2" className="VideoOS.SoftwareManager.Core.UnitTest.ArgumentsXml.ArgumentsXmlSerializationTest" name="Test_With_ArgmunentsXmlFileV1WithXsdError_When_ExtractingTheArguments_Then_ArgumentsAreEmpty" />
    </UnitTest>
    <UnitTest name="TestGetOSVersionWithInvalidHost" storage="d:\actions-runner\_work\xpco\xpco\softwaremanager\core\softwaremanager\core\unittest\bin\debug\videoos.softwaremanager.core.unittest.dll" id="6a8d8c2c-5a74-d0ec-0a79-8c551b112800">
      <Execution id="724eb37c-cd3d-47e1-b8cf-157b520f3152" />
      <TestMethod codeBase="D:\actions-runner\_work\XPCO\XPCO\SoftwareManager\Core\SoftwareManager\Core\unittest\bin\Debug\VideoOS.SoftwareManager.Core.UnitTest.dll" adapterTypeName="executor://mstestadapter/v2" className="VideoOS.SoftwareManager.Core.Manager.UnitTest.ManagerTest" name="TestGetOSVersionWithInvalidHost" />
    </UnitTest>
    <UnitTest name="TestGetHost" storage="d:\actions-runner\_work\xpco\xpco\softwaremanager\core\softwaremanager\core\unittest\bin\debug\videoos.softwaremanager.core.unittest.dll" id="a2e12f75-2242-2b8d-51b3-d7a0e150a45c">
      <Execution id="3b0cd087-c4aa-40b0-a78a-b934cd6a0156" />
      <TestMethod codeBase="D:\actions-runner\_work\XPCO\XPCO\SoftwareManager\Core\SoftwareManager\Core\unittest\bin\Debug\VideoOS.SoftwareManager.Core.UnitTest.dll" adapterTypeName="executor://mstestadapter/v2" className="VideoOS.SoftwareManager.Core.Manager.UnitTest.ManagerTest" name="TestGetHost" />
    </UnitTest>
    <UnitTest name="TestConstructor" storage="d:\actions-runner\_work\xpco\xpco\softwaremanager\core\softwaremanager\core\unittest\bin\debug\videoos.softwaremanager.core.unittest.dll" id="6675b4f2-1c41-c131-8a1d-4566375e4ed0">
      <Execution id="093858de-bcb4-4a2f-81b2-7bd3dd769b68" />
      <TestMethod codeBase="D:\actions-runner\_work\XPCO\XPCO\SoftwareManager\Core\SoftwareManager\Core\unittest\bin\Debug\VideoOS.SoftwareManager.Core.UnitTest.dll" adapterTypeName="executor://mstestadapter/v2" className="VideoOS.SoftwareManager.Core.Utils.UnitTest.SoftwareManagerMissingFileExceptionTest" name="TestConstructor" />
    </UnitTest>
    <UnitTest name="TestGetInstalledPackagesWithInvalidHost" storage="d:\actions-runner\_work\xpco\xpco\softwaremanager\core\softwaremanager\core\unittest\bin\debug\videoos.softwaremanager.core.unittest.dll" id="04753381-ed85-90b5-1a05-be092499cb90">
      <Execution id="91056b7f-505a-470f-bab8-23c5978a65c2" />
      <TestMethod codeBase="D:\actions-runner\_work\XPCO\XPCO\SoftwareManager\Core\SoftwareManager\Core\unittest\bin\Debug\VideoOS.SoftwareManager.Core.UnitTest.dll" adapterTypeName="executor://mstestadapter/v2" className="VideoOS.SoftwareManager.Core.Manager.UnitTest.ManagerTest" name="TestGetInstalledPackagesWithInvalidHost" />
    </UnitTest>
    <UnitTest name="TestGetTest" storage="d:\actions-runner\_work\xpco\xpco\softwaremanager\core\softwaremanager\core\unittest\bin\debug\videoos.softwaremanager.core.unittest.dll" id="12aa105f-10e1-59b7-7310-0c550e8398f0">
      <Execution id="f4f75fec-739e-42ca-8ce7-c47ea37c946c" />
      <TestMethod codeBase="D:\actions-runner\_work\XPCO\XPCO\SoftwareManager\Core\SoftwareManager\Core\unittest\bin\Debug\VideoOS.SoftwareManager.Core.UnitTest.dll" adapterTypeName="executor://mstestadapter/v2" className="VideoOS.SoftwareManager.Core.Host.UnitTest.WmiHostImpTest" name="TestGetTest" />
    </UnitTest>
    <UnitTest name="TestStartWithErrorInDoRun" storage="d:\actions-runner\_work\xpco\xpco\softwaremanager\core\softwaremanager\core\unittest\bin\debug\videoos.softwaremanager.core.unittest.dll" id="b4ef782b-9320-c210-3644-282eb256ccea">
      <Execution id="caee716c-ebc8-42d3-a80f-3caaa33ad42f" />
      <TestMethod codeBase="D:\actions-runner\_work\XPCO\XPCO\SoftwareManager\Core\SoftwareManager\Core\unittest\bin\Debug\VideoOS.SoftwareManager.Core.UnitTest.dll" adapterTypeName="executor://mstestadapter/v2" className="VideoOS.SoftwareManager.Core.Task.UnitTest.TaskTest" name="TestStartWithErrorInDoRun" />
    </UnitTest>
    <UnitTest name="TestIsTasksRunningWithSpecificIDs" storage="d:\actions-runner\_work\xpco\xpco\softwaremanager\core\softwaremanager\core\unittest\bin\debug\videoos.softwaremanager.core.unittest.dll" id="740a8610-8c31-8944-361e-d37faed1ef95">
      <Execution id="5b9c1fba-dd06-4540-8f51-508b0f691716" />
      <TestMethod codeBase="D:\actions-runner\_work\XPCO\XPCO\SoftwareManager\Core\SoftwareManager\Core\unittest\bin\Debug\VideoOS.SoftwareManager.Core.UnitTest.dll" adapterTypeName="executor://mstestadapter/v2" className="VideoOS.SoftwareManager.Core.Manager.UnitTest.ManagerTest" name="TestIsTasksRunningWithSpecificIDs" />
    </UnitTest>
    <UnitTest name="TestSetIndexInvalid" storage="d:\actions-runner\_work\xpco\xpco\softwaremanager\core\softwaremanager\core\unittest\bin\debug\videoos.softwaremanager.core.unittest.dll" id="40352d1e-7af0-87a6-2cbd-75971fbe368c">
      <Execution id="389445b4-f379-4213-8728-b3d59f39e9cd" />
      <TestMethod codeBase="D:\actions-runner\_work\XPCO\XPCO\SoftwareManager\Core\SoftwareManager\Core\unittest\bin\Debug\VideoOS.SoftwareManager.Core.UnitTest.dll" adapterTypeName="executor://mstestadapter/v2" className="VideoOS.SoftwareManager.Core.Package.UnitTest.EnumParameterTest" name="TestSetIndexInvalid" />
    </UnitTest>
    <UnitTest name="TestReadOnly" storage="d:\actions-runner\_work\xpco\xpco\softwaremanager\core\softwaremanager\core\unittest\bin\debug\videoos.softwaremanager.core.unittest.dll" id="23436098-962c-b201-5a6c-05e35b01769d">
      <Execution id="8cde6b86-7c15-425e-9089-8733a26d3c68" />
      <TestMethod codeBase="D:\actions-runner\_work\XPCO\XPCO\SoftwareManager\Core\SoftwareManager\Core\unittest\bin\Debug\VideoOS.SoftwareManager.Core.UnitTest.dll" adapterTypeName="executor://mstestadapter/v2" className="VideoOS.SoftwareManager.Core.Package.UnitTest.ParameterTest" name="TestReadOnly" />
    </UnitTest>
    <UnitTest name="TestAddTaskWhileRunning" storage="d:\actions-runner\_work\xpco\xpco\softwaremanager\core\softwaremanager\core\unittest\bin\debug\videoos.softwaremanager.core.unittest.dll" id="dfe5eb18-fc86-0989-8caf-49b9107cfa43">
      <Execution id="5895fece-cef0-41d6-99d4-d4fa75c8b6dd" />
      <TestMethod codeBase="D:\actions-runner\_work\XPCO\XPCO\SoftwareManager\Core\SoftwareManager\Core\unittest\bin\Debug\VideoOS.SoftwareManager.Core.UnitTest.dll" adapterTypeName="executor://mstestadapter/v2" className="VideoOS.SoftwareManager.Core.Task.UnitTest.TaskSuiteTest" name="TestAddTaskWhileRunning" />
    </UnitTest>
    <UnitTest name="TestHostInfoConstructorWithUserNamePasswordDomain" storage="d:\actions-runner\_work\xpco\xpco\softwaremanager\core\softwaremanager\core\unittest\bin\debug\videoos.softwaremanager.core.unittest.dll" id="28db9034-3e2b-b2bb-67c2-1c43a25b6448">
      <Execution id="9c8946cf-97cd-482d-8cd9-5ce9e0e4b9b4" />
      <TestMethod codeBase="D:\actions-runner\_work\XPCO\XPCO\SoftwareManager\Core\SoftwareManager\Core\unittest\bin\Debug\VideoOS.SoftwareManager.Core.UnitTest.dll" adapterTypeName="executor://mstestadapter/v2" className="VideoOS.SoftwareManager.Core.Host.UnitTest.HostInfoTest" name="TestHostInfoConstructorWithUserNamePasswordDomain" />
    </UnitTest>
    <UnitTest name="TestSetValue" storage="d:\actions-runner\_work\xpco\xpco\softwaremanager\core\softwaremanager\core\unittest\bin\debug\videoos.softwaremanager.core.unittest.dll" id="136de879-175a-bc3d-7320-1d7a216765a0">
      <Execution id="1a09a0d8-3e8f-4a20-9381-a9133edb53bf" />
      <TestMethod codeBase="D:\actions-runner\_work\XPCO\XPCO\SoftwareManager\Core\SoftwareManager\Core\unittest\bin\Debug\VideoOS.SoftwareManager.Core.UnitTest.dll" adapterTypeName="executor://mstestadapter/v2" className="VideoOS.SoftwareManager.Core.Package.UnitTest.EnumParameterTest" name="TestSetValue" />
    </UnitTest>
    <UnitTest name="TestConstructor" storage="d:\actions-runner\_work\xpco\xpco\softwaremanager\core\softwaremanager\core\unittest\bin\debug\videoos.softwaremanager.core.unittest.dll" id="05ecd758-3402-3b67-caa4-bf6054c93296">
      <Execution id="691b2c60-76bc-49f5-b849-cafd9155b4dd" />
      <TestMethod codeBase="D:\actions-runner\_work\XPCO\XPCO\SoftwareManager\Core\SoftwareManager\Core\unittest\bin\Debug\VideoOS.SoftwareManager.Core.UnitTest.dll" adapterTypeName="executor://mstestadapter/v2" className="VideoOS.SoftwareManager.Core.Task.UnitTest.TaskSuiteTest" name="TestConstructor" />
    </UnitTest>
    <UnitTest name="TestUploadPackageWithInvalidRepository" storage="d:\actions-runner\_work\xpco\xpco\softwaremanager\core\softwaremanager\core\unittest\bin\debug\videoos.softwaremanager.core.unittest.dll" id="49529985-1ba0-c238-eae3-48cc6bd0feac">
      <Execution id="097ad421-4016-46a1-b7e0-30807df967f8" />
      <TestMethod codeBase="D:\actions-runner\_work\XPCO\XPCO\SoftwareManager\Core\SoftwareManager\Core\unittest\bin\Debug\VideoOS.SoftwareManager.Core.UnitTest.dll" adapterTypeName="executor://mstestadapter/v2" className="VideoOS.SoftwareManager.Core.Manager.UnitTest.ManagerTest" name="TestUploadPackageWithInvalidRepository" />
    </UnitTest>
    <UnitTest name="TestInstallString" storage="d:\actions-runner\_work\xpco\xpco\softwaremanager\core\softwaremanager\core\unittest\bin\debug\videoos.softwaremanager.core.unittest.dll" id="ad182115-1963-3cb0-c943-5a18434006c2">
      <Execution id="89f27ccc-0219-4405-95ab-07b586e9a92a" />
      <TestMethod codeBase="D:\actions-runner\_work\XPCO\XPCO\SoftwareManager\Core\SoftwareManager\Core\unittest\bin\Debug\VideoOS.SoftwareManager.Core.UnitTest.dll" adapterTypeName="executor://mstestadapter/v2" className="VideoOS.SoftwareManager.Core.Package.UnitTest.MSIBootstrapperPackageTest" name="TestInstallString" />
    </UnitTest>
    <UnitTest name="ExistingExePackageWithReadOnlyAttribute_ShouldBeOverwritten" storage="d:\actions-runner\_work\xpco\xpco\softwaremanager\core\softwaremanager\core\unittest\bin\debug\videoos.softwaremanager.core.unittest.dll" id="9a36ccfd-d63a-659a-1e69-f453dafefad6">
      <Execution id="756189ae-3305-4639-b232-0b35a2379ee4" />
      <TestMethod codeBase="D:\actions-runner\_work\XPCO\XPCO\SoftwareManager\Core\SoftwareManager\Core\unittest\bin\Debug\VideoOS.SoftwareManager.Core.UnitTest.dll" adapterTypeName="executor://mstestadapter/v2" className="VideoOS.SoftwareManager.Core.Task.UnitTest.FileShareImportPackageTaskTest" name="ExistingExePackageWithReadOnlyAttribute_ShouldBeOverwritten" />
    </UnitTest>
    <UnitTest name="TestConstructor" storage="d:\actions-runner\_work\xpco\xpco\softwaremanager\core\softwaremanager\core\unittest\bin\debug\videoos.softwaremanager.core.unittest.dll" id="0c1ed704-8205-a20a-83ff-3afa740995be">
      <Execution id="5b15dad3-c872-49e7-a44e-4c240439f5c4" />
      <TestMethod codeBase="D:\actions-runner\_work\XPCO\XPCO\SoftwareManager\Core\SoftwareManager\Core\unittest\bin\Debug\VideoOS.SoftwareManager.Core.UnitTest.dll" adapterTypeName="executor://mstestadapter/v2" className="VideoOS.SoftwareManager.Core.Utils.UnitTest.SoftwareManagerInvalidParametersExceptionTest" name="TestConstructor" />
    </UnitTest>
    <UnitTest name="TestDifferentPassword" storage="d:\actions-runner\_work\xpco\xpco\softwaremanager\core\softwaremanager\core\unittest\bin\debug\videoos.softwaremanager.core.unittest.dll" id="facdbc00-3344-ebbb-65de-f4f2d40c143a">
      <Execution id="9bbf7174-dfab-4a30-bfc5-253a2f05dc33" />
      <TestMethod codeBase="D:\actions-runner\_work\XPCO\XPCO\SoftwareManager\Core\SoftwareManager\Core\unittest\bin\Debug\VideoOS.SoftwareManager.Core.UnitTest.dll" adapterTypeName="executor://mstestadapter/v2" className="VideoOS.SoftwareManager.Core.Task.UnitTest.FileSharePackageUploaderTaskTest" name="TestDifferentPassword" />
    </UnitTest>
    <UnitTest name="TestStopRepositoryTasksWithInvalidRepository" storage="d:\actions-runner\_work\xpco\xpco\softwaremanager\core\softwaremanager\core\unittest\bin\debug\videoos.softwaremanager.core.unittest.dll" id="e4acf489-b013-782f-a6fa-a1ae4b61107d">
      <Execution id="a9302cf2-46b7-488c-ab11-43e5409e9c9f" />
      <TestMethod codeBase="D:\actions-runner\_work\XPCO\XPCO\SoftwareManager\Core\SoftwareManager\Core\unittest\bin\Debug\VideoOS.SoftwareManager.Core.UnitTest.dll" adapterTypeName="executor://mstestadapter/v2" className="VideoOS.SoftwareManager.Core.Manager.UnitTest.ManagerTest" name="TestStopRepositoryTasksWithInvalidRepository" />
    </UnitTest>
    <UnitTest name="TestGetPackageInstaller" storage="d:\actions-runner\_work\xpco\xpco\softwaremanager\core\softwaremanager\core\unittest\bin\debug\videoos.softwaremanager.core.unittest.dll" id="0b54b4a5-32e6-48ab-16a8-27ca219e6ec9">
      <Execution id="a9993789-2162-4b34-9e1e-5d0256ae60e1" />
      <TestMethod codeBase="D:\actions-runner\_work\XPCO\XPCO\SoftwareManager\Core\SoftwareManager\Core\unittest\bin\Debug\VideoOS.SoftwareManager.Core.UnitTest.dll" adapterTypeName="executor://mstestadapter/v2" className="VideoOS.SoftwareManager.Core.Host.UnitTest.WmiHostImpTest" name="TestGetPackageInstaller" />
    </UnitTest>
    <UnitTest name="TestStopHostTasksWithNullManager" storage="d:\actions-runner\_work\xpco\xpco\softwaremanager\core\softwaremanager\core\unittest\bin\debug\videoos.softwaremanager.core.unittest.dll" id="7799398e-47a6-85f8-e5e8-e2d395e7ffab">
      <Execution id="14274bd5-9ad2-477b-a411-9950189c4a22" />
      <TestMethod codeBase="D:\actions-runner\_work\XPCO\XPCO\SoftwareManager\Core\SoftwareManager\Core\unittest\bin\Debug\VideoOS.SoftwareManager.Core.UnitTest.dll" adapterTypeName="executor://mstestadapter/v2" className="VideoOS.SoftwareManager.Core.Manager.UnitTest.TestTest" name="TestStopHostTasksWithNullManager" />
    </UnitTest>
    <UnitTest name="TestGetInstalledPackagesParallel" storage="d:\actions-runner\_work\xpco\xpco\softwaremanager\core\softwaremanager\core\unittest\bin\debug\videoos.softwaremanager.core.unittest.dll" id="7f9ed6cf-7a79-9d37-5f62-7db0e658076c">
      <Execution id="e362358c-90d1-4078-aa14-e2c61fb10244" />
      <TestMethod codeBase="D:\actions-runner\_work\XPCO\XPCO\SoftwareManager\Core\SoftwareManager\Core\unittest\bin\Debug\VideoOS.SoftwareManager.Core.UnitTest.dll" adapterTypeName="executor://mstestadapter/v2" className="VideoOS.SoftwareManager.Core.Manager.UnitTest.ManagerTest" name="TestGetInstalledPackagesParallel" />
    </UnitTest>
    <UnitTest name="TestDNS_invalid" storage="d:\actions-runner\_work\xpco\xpco\softwaremanager\core\softwaremanager\core\unittest\bin\debug\videoos.softwaremanager.core.unittest.dll" id="d0f30995-f3c5-37b9-b86a-fa5c9a160b83">
      <Execution id="58ec72fa-9f8a-453e-9ffd-2c205b7d2f16" />
      <TestMethod codeBase="D:\actions-runner\_work\XPCO\XPCO\SoftwareManager\Core\SoftwareManager\Core\unittest\bin\Debug\VideoOS.SoftwareManager.Core.UnitTest.dll" adapterTypeName="executor://mstestadapter/v2" className="VideoOS.SoftwareManager.Core.Task.UnitTest.WMIPingTaskTest" name="TestDNS_invalid" />
    </UnitTest>
    <UnitTest name="TestTestRepositoriesWithInvalidRepositories" storage="d:\actions-runner\_work\xpco\xpco\softwaremanager\core\softwaremanager\core\unittest\bin\debug\videoos.softwaremanager.core.unittest.dll" id="bc42b46e-3ad8-9bd9-e407-c79f3c41a24a">
      <Execution id="7e40edd1-cb08-498a-b907-1b23624b570a" />
      <TestMethod codeBase="D:\actions-runner\_work\XPCO\XPCO\SoftwareManager\Core\SoftwareManager\Core\unittest\bin\Debug\VideoOS.SoftwareManager.Core.UnitTest.dll" adapterTypeName="executor://mstestadapter/v2" className="VideoOS.SoftwareManager.Core.Manager.UnitTest.TestTest" name="TestTestRepositoriesWithInvalidRepositories" />
    </UnitTest>
    <UnitTest name="TestDifferentDomain" storage="d:\actions-runner\_work\xpco\xpco\softwaremanager\core\softwaremanager\core\unittest\bin\debug\videoos.softwaremanager.core.unittest.dll" id="59fbdfc9-53f7-92c9-bff0-f0352b5bb907">
      <Execution id="95b63c68-2c50-4e82-8bdf-30e4d7294c54" />
      <TestMethod codeBase="D:\actions-runner\_work\XPCO\XPCO\SoftwareManager\Core\SoftwareManager\Core\unittest\bin\Debug\VideoOS.SoftwareManager.Core.UnitTest.dll" adapterTypeName="executor://mstestadapter/v2" className="VideoOS.SoftwareManager.Core.Task.UnitTest.FileSharePackageUploaderTaskTest" name="TestDifferentDomain" />
    </UnitTest>
    <UnitTest name="TestStart" storage="d:\actions-runner\_work\xpco\xpco\softwaremanager\core\softwaremanager\core\unittest\bin\debug\videoos.softwaremanager.core.unittest.dll" id="0e7c27bc-b91f-73e0-6ab1-588849d6b366">
      <Execution id="a2869421-d192-431f-8c1a-d9d35ffbde08" />
      <TestMethod codeBase="D:\actions-runner\_work\XPCO\XPCO\SoftwareManager\Core\SoftwareManager\Core\unittest\bin\Debug\VideoOS.SoftwareManager.Core.UnitTest.dll" adapterTypeName="executor://mstestadapter/v2" className="VideoOS.SoftwareManager.Core.Manager.UnitTest.RuntimeContextTest" name="TestStart" />
    </UnitTest>
    <UnitTest name="TestEnumeration1" storage="d:\actions-runner\_work\xpco\xpco\softwaremanager\core\softwaremanager\core\unittest\bin\debug\videoos.softwaremanager.core.unittest.dll" id="7834dd3b-f169-31d5-1c4d-87c231ef4e34">
      <Execution id="7cdde21b-643e-4f75-ad3a-90411edda5db" />
      <TestMethod codeBase="D:\actions-runner\_work\XPCO\XPCO\SoftwareManager\Core\SoftwareManager\Core\unittest\bin\Debug\VideoOS.SoftwareManager.Core.UnitTest.dll" adapterTypeName="executor://mstestadapter/v2" className="VideoOS.SoftwareManager.Core.Task.UnitTest.TaskStatusTest" name="TestEnumeration1" />
    </UnitTest>
    <UnitTest name="TestConstructor" storage="d:\actions-runner\_work\xpco\xpco\softwaremanager\core\softwaremanager\core\unittest\bin\debug\videoos.softwaremanager.core.unittest.dll" id="8bcfbbc0-c915-02f3-dbac-e543225952bc">
      <Execution id="2c16ca9c-d62a-49da-8f3e-b5f3608b019a" />
      <TestMethod codeBase="D:\actions-runner\_work\XPCO\XPCO\SoftwareManager\Core\SoftwareManager\Core\unittest\bin\Debug\VideoOS.SoftwareManager.Core.UnitTest.dll" adapterTypeName="executor://mstestadapter/v2" className="VideoOS.SoftwareManager.Core.Package.UnitTest.PackageParserTest" name="TestConstructor" />
    </UnitTest>
    <UnitTest name="TestUploadPackageSequential" storage="d:\actions-runner\_work\xpco\xpco\softwaremanager\core\softwaremanager\core\unittest\bin\debug\videoos.softwaremanager.core.unittest.dll" id="f95c7b64-34a7-4bf5-8bd6-0abab06578a9">
      <Execution id="339e0504-de5e-4fba-b6ab-fed1a0f1f64c" />
      <TestMethod codeBase="D:\actions-runner\_work\XPCO\XPCO\SoftwareManager\Core\SoftwareManager\Core\unittest\bin\Debug\VideoOS.SoftwareManager.Core.UnitTest.dll" adapterTypeName="executor://mstestadapter/v2" className="VideoOS.SoftwareManager.Core.Manager.UnitTest.ManagerTest" name="TestUploadPackageSequential" />
    </UnitTest>
    <UnitTest name="TestStop" storage="d:\actions-runner\_work\xpco\xpco\softwaremanager\core\softwaremanager\core\unittest\bin\debug\videoos.softwaremanager.core.unittest.dll" id="3dff1f41-5a6c-1f6b-dc94-6936d92863d6">
      <Execution id="6ec7d69d-f09b-4eee-bc7a-8ce6b9197fdb" />
      <TestMethod codeBase="D:\actions-runner\_work\XPCO\XPCO\SoftwareManager\Core\SoftwareManager\Core\unittest\bin\Debug\VideoOS.SoftwareManager.Core.UnitTest.dll" adapterTypeName="executor://mstestadapter/v2" className="VideoOS.SoftwareManager.Core.Task.UnitTest.TaskSuiteTest" name="TestStop" />
    </UnitTest>
    <UnitTest name="TestConstructor" storage="d:\actions-runner\_work\xpco\xpco\softwaremanager\core\softwaremanager\core\unittest\bin\debug\videoos.softwaremanager.core.unittest.dll" id="dd2d2a8f-9ec7-e1ca-b0f2-5e683485ea4d">
      <Execution id="ebe280f6-50c8-4d7e-aa81-86b69f6ef9cb" />
      <TestMethod codeBase="D:\actions-runner\_work\XPCO\XPCO\SoftwareManager\Core\SoftwareManager\Core\unittest\bin\Debug\VideoOS.SoftwareManager.Core.UnitTest.dll" adapterTypeName="executor://mstestadapter/v2" className="VideoOS.SoftwareManager.Core.Package.UnitTest.MSIBootstrapperPackageTest" name="TestConstructor" />
    </UnitTest>
    <UnitTest name="TestConstructor" storage="d:\actions-runner\_work\xpco\xpco\softwaremanager\core\softwaremanager\core\unittest\bin\debug\videoos.softwaremanager.core.unittest.dll" id="edacc32d-c9b7-f113-5afb-92f8e4eacc6b">
      <Execution id="9ebb1e03-de9f-49f5-a463-7cf29abb64cd" />
      <TestMethod codeBase="D:\actions-runner\_work\XPCO\XPCO\SoftwareManager\Core\SoftwareManager\Core\unittest\bin\Debug\VideoOS.SoftwareManager.Core.UnitTest.dll" adapterTypeName="executor://mstestadapter/v2" className="VideoOS.SoftwareManager.Core.Task.UnitTest.FileShareGetPackagesTaskTest" name="TestConstructor" />
    </UnitTest>
    <UnitTest name="TestGetHostInfo" storage="d:\actions-runner\_work\xpco\xpco\softwaremanager\core\softwaremanager\core\unittest\bin\debug\videoos.softwaremanager.core.unittest.dll" id="c5a9b9e3-ddc7-d599-f7fe-3844f6f9e15e">
      <Execution id="15fd5fb1-f452-42f1-8ff8-37f2f4cb0822" />
      <TestMethod codeBase="D:\actions-runner\_work\XPCO\XPCO\SoftwareManager\Core\SoftwareManager\Core\unittest\bin\Debug\VideoOS.SoftwareManager.Core.UnitTest.dll" adapterTypeName="executor://mstestadapter/v2" className="VideoOS.SoftwareManager.Core.Host.UnitTest.WmiHostImpTest" name="TestGetHostInfo" />
    </UnitTest>
    <UnitTest name="TestConstructor" storage="d:\actions-runner\_work\xpco\xpco\softwaremanager\core\softwaremanager\core\unittest\bin\debug\videoos.softwaremanager.core.unittest.dll" id="40c9aad1-ee00-e27d-0b4f-d8f949438612">
      <Execution id="f7dc9471-24b1-4f2b-b624-55d0195bfb5d" />
      <TestMethod codeBase="D:\actions-runner\_work\XPCO\XPCO\SoftwareManager\Core\SoftwareManager\Core\unittest\bin\Debug\VideoOS.SoftwareManager.Core.UnitTest.dll" adapterTypeName="executor://mstestadapter/v2" className="VideoOS.SoftwareManager.Core.Task.UnitTest.GetInstalledPackagesTaskTest" name="TestConstructor" />
    </UnitTest>
    <UnitTest name="TestConstructor" storage="d:\actions-runner\_work\xpco\xpco\softwaremanager\core\softwaremanager\core\unittest\bin\debug\videoos.softwaremanager.core.unittest.dll" id="11fe7685-9398-3200-8756-ca20267b48e6">
      <Execution id="e52d1a6c-e07a-4f89-b9dd-efcbd70d1542" />
      <TestMethod codeBase="D:\actions-runner\_work\XPCO\XPCO\SoftwareManager\Core\SoftwareManager\Core\unittest\bin\Debug\VideoOS.SoftwareManager.Core.UnitTest.dll" adapterTypeName="executor://mstestadapter/v2" className="VideoOS.SoftwareManager.Core.Utils.UnitTest.SoftwareManagerExceptionTest" name="TestConstructor" />
    </UnitTest>
    <UnitTest name="TestVersionInfo" storage="d:\actions-runner\_work\xpco\xpco\softwaremanager\core\softwaremanager\core\unittest\bin\debug\videoos.softwaremanager.core.unittest.dll" id="59a687c4-cb9f-631c-69ed-da984b9e6b7a">
      <Execution id="61aae297-b633-4058-8fc4-a5e0a788c4e9" />
      <TestMethod codeBase="D:\actions-runner\_work\XPCO\XPCO\SoftwareManager\Core\SoftwareManager\Core\unittest\bin\Debug\VideoOS.SoftwareManager.Core.UnitTest.dll" adapterTypeName="executor://mstestadapter/v2" className="VideoOS.SoftwareManager.Core.Package.UnitTest.VersionInfoTest" name="TestVersionInfo" />
    </UnitTest>
    <UnitTest name="TestTestHostsWithInvalidHosts" storage="d:\actions-runner\_work\xpco\xpco\softwaremanager\core\softwaremanager\core\unittest\bin\debug\videoos.softwaremanager.core.unittest.dll" id="62428f30-52d9-df43-0156-e8935a65e173">
      <Execution id="30074945-d575-42c9-92eb-0c0de6c2c6cb" />
      <TestMethod codeBase="D:\actions-runner\_work\XPCO\XPCO\SoftwareManager\Core\SoftwareManager\Core\unittest\bin\Debug\VideoOS.SoftwareManager.Core.UnitTest.dll" adapterTypeName="executor://mstestadapter/v2" className="VideoOS.SoftwareManager.Core.Manager.UnitTest.TestTest" name="TestTestHostsWithInvalidHosts" />
    </UnitTest>
    <UnitTest name="TestCopyFileWithPauseAndUnpause" storage="d:\actions-runner\_work\xpco\xpco\softwaremanager\core\softwaremanager\core\unittest\bin\debug\videoos.softwaremanager.core.unittest.dll" id="a39446df-6f24-60d3-7536-413204661085">
      <Execution id="4b1d0337-c20f-4e91-8908-345e9327acf9" />
      <TestMethod codeBase="D:\actions-runner\_work\XPCO\XPCO\SoftwareManager\Core\SoftwareManager\Core\unittest\bin\Debug\VideoOS.SoftwareManager.Core.UnitTest.dll" adapterTypeName="executor://mstestadapter/v2" className="VideoOS.SoftwareManager.Core.Task.UnitTest.Win32FileCopyTaskTest" name="TestCopyFileWithPauseAndUnpause" />
    </UnitTest>
    <UnitTest name="TestDirectoryExists" storage="d:\actions-runner\_work\xpco\xpco\softwaremanager\core\softwaremanager\core\unittest\bin\debug\videoos.softwaremanager.core.unittest.dll" id="2bc70be2-ffe0-b742-b080-3426828dbdf8">
      <Execution id="f19cfab3-1035-44ce-beee-4b61911a3abe" />
      <TestMethod codeBase="D:\actions-runner\_work\XPCO\XPCO\SoftwareManager\Core\SoftwareManager\Core\unittest\bin\Debug\VideoOS.SoftwareManager.Core.UnitTest.dll" adapterTypeName="executor://mstestadapter/v2" className="VideoOS.SoftwareManager.Core.Task.UnitTest.Win32FileExistsTaskTest" name="TestDirectoryExists" />
    </UnitTest>
    <UnitTest name="TestConstructorWithErrorCodeNonExistingService" storage="d:\actions-runner\_work\xpco\xpco\softwaremanager\core\softwaremanager\core\unittest\bin\debug\videoos.softwaremanager.core.unittest.dll" id="c808a093-8195-0aab-e564-4015d1f64b86">
      <Execution id="75a4b54f-d390-4c00-a8cc-6aeba83bdad1" />
      <TestMethod codeBase="D:\actions-runner\_work\XPCO\XPCO\SoftwareManager\Core\SoftwareManager\Core\unittest\bin\Debug\VideoOS.SoftwareManager.Core.UnitTest.dll" adapterTypeName="executor://mstestadapter/v2" className="VideoOS.SoftwareManager.Core.Utils.UnitTest.SoftwareManagerWMIServiceExceptionTest" name="TestConstructorWithErrorCodeNonExistingService" />
    </UnitTest>
    <UnitTest name="TestCopyFile" storage="d:\actions-runner\_work\xpco\xpco\softwaremanager\core\softwaremanager\core\unittest\bin\debug\videoos.softwaremanager.core.unittest.dll" id="45ad0a95-8260-c925-5d56-45d076826047">
      <Execution id="09ca9c3a-da94-47c7-9b63-aa0082c46da1" />
      <TestMethod codeBase="D:\actions-runner\_work\XPCO\XPCO\SoftwareManager\Core\SoftwareManager\Core\unittest\bin\Debug\VideoOS.SoftwareManager.Core.UnitTest.dll" adapterTypeName="executor://mstestadapter/v2" className="VideoOS.SoftwareManager.Core.Task.UnitTest.Win32FileCopyTaskTest" name="TestCopyFile" />
    </UnitTest>
    <UnitTest name="IsTrusted_ShouldThrow_WhenPackageNotSigned" storage="d:\actions-runner\_work\xpco\xpco\softwaremanager\core\softwaremanager\core\unittest\bin\debug\videoos.softwaremanager.core.unittest.dll" id="476ef389-cb99-4565-a578-a52bf7decd04">
      <Execution id="07f74664-4d9c-42cb-ba54-5cf054ccae37" />
      <TestMethod codeBase="D:\actions-runner\_work\XPCO\XPCO\SoftwareManager\Core\SoftwareManager\Core\unittest\bin\Debug\VideoOS.SoftwareManager.Core.UnitTest.dll" adapterTypeName="executor://mstestadapter/v2" className="VideoOS.SoftwareManager.Core.UnitTest.Utils.Win32TrustUtilTest" name="IsTrusted_ShouldThrow_WhenPackageNotSigned" />
    </UnitTest>
    <UnitTest name="TestConstructorWithSingleObserver" storage="d:\actions-runner\_work\xpco\xpco\softwaremanager\core\softwaremanager\core\unittest\bin\debug\videoos.softwaremanager.core.unittest.dll" id="a4832f8a-9e96-8de9-ccfd-bdd7f5cd4be7">
      <Execution id="16a1ca7d-5249-4295-a7af-8ef63de91b58" />
      <TestMethod codeBase="D:\actions-runner\_work\XPCO\XPCO\SoftwareManager\Core\SoftwareManager\Core\unittest\bin\Debug\VideoOS.SoftwareManager.Core.UnitTest.dll" adapterTypeName="executor://mstestadapter/v2" className="VideoOS.SoftwareManager.Core.Manager.UnitTest.ObservableRepositoryTest" name="TestConstructorWithSingleObserver" />
    </UnitTest>
    <UnitTest name="TestParseCIMDateTimeWrongFormat" storage="d:\actions-runner\_work\xpco\xpco\softwaremanager\core\softwaremanager\core\unittest\bin\debug\videoos.softwaremanager.core.unittest.dll" id="54f8bded-296e-aa5b-9abb-dc5fb84fd2fb">
      <Execution id="8ec22ebc-577c-4e7f-9769-d0352733f997" />
      <TestMethod codeBase="D:\actions-runner\_work\XPCO\XPCO\SoftwareManager\Core\SoftwareManager\Core\unittest\bin\Debug\VideoOS.SoftwareManager.Core.UnitTest.dll" adapterTypeName="executor://mstestadapter/v2" className="VideoOS.SoftwareManager.Core.Utils.UnitTest.WMIUtilsTest" name="TestParseCIMDateTimeWrongFormat" />
    </UnitTest>
    <UnitTest name="TestConstructor" storage="d:\actions-runner\_work\xpco\xpco\softwaremanager\core\softwaremanager\core\unittest\bin\debug\videoos.softwaremanager.core.unittest.dll" id="2c127a20-3c88-593b-f395-f582e0a2b6e0">
      <Execution id="c0421913-419f-4596-b019-f71c0d13917b" />
      <TestMethod codeBase="D:\actions-runner\_work\XPCO\XPCO\SoftwareManager\Core\SoftwareManager\Core\unittest\bin\Debug\VideoOS.SoftwareManager.Core.UnitTest.dll" adapterTypeName="executor://mstestadapter/v2" className="VideoOS.SoftwareManager.Core.Task.UnitTest.TaskSuiteObserverTest" name="TestConstructor" />
    </UnitTest>
    <UnitTest name="NonExistingFile_ShouldNotBeImported" storage="d:\actions-runner\_work\xpco\xpco\softwaremanager\core\softwaremanager\core\unittest\bin\debug\videoos.softwaremanager.core.unittest.dll" id="ecfc6ba1-5f0a-aa01-e635-13a76143e3af">
      <Execution id="be48712d-1327-49b9-84c3-426901ce894d" />
      <TestMethod codeBase="D:\actions-runner\_work\XPCO\XPCO\SoftwareManager\Core\SoftwareManager\Core\unittest\bin\Debug\VideoOS.SoftwareManager.Core.UnitTest.dll" adapterTypeName="executor://mstestadapter/v2" className="VideoOS.SoftwareManager.Core.Task.UnitTest.FileShareImportPackageTaskTest" name="NonExistingFile_ShouldNotBeImported" />
    </UnitTest>
    <UnitTest name="TestUpload2PackagesParallel" storage="d:\actions-runner\_work\xpco\xpco\softwaremanager\core\softwaremanager\core\unittest\bin\debug\videoos.softwaremanager.core.unittest.dll" id="bc4a1af8-3d51-4179-a551-c278715b53c7">
      <Execution id="9feabaa9-6f4c-4be4-a4e5-ae48578d9298" />
      <TestMethod codeBase="D:\actions-runner\_work\XPCO\XPCO\SoftwareManager\Core\SoftwareManager\Core\unittest\bin\Debug\VideoOS.SoftwareManager.Core.UnitTest.dll" adapterTypeName="executor://mstestadapter/v2" className="VideoOS.SoftwareManager.Core.Manager.UnitTest.ManagerTest" name="TestUpload2PackagesParallel" />
    </UnitTest>
    <UnitTest name="TestConstructor" storage="d:\actions-runner\_work\xpco\xpco\softwaremanager\core\softwaremanager\core\unittest\bin\debug\videoos.softwaremanager.core.unittest.dll" id="79533e52-233d-e680-ff9d-b0bffcd77412">
      <Execution id="2e072430-7394-4234-bfe4-c0ea449c62d3" />
      <TestMethod codeBase="D:\actions-runner\_work\XPCO\XPCO\SoftwareManager\Core\SoftwareManager\Core\unittest\bin\Debug\VideoOS.SoftwareManager.Core.UnitTest.dll" adapterTypeName="executor://mstestadapter/v2" className="VideoOS.SoftwareManager.Core.Repository.UnitTest.RepositoryUploaderTest" name="TestConstructor" />
    </UnitTest>
    <UnitTest name="TestStopHostTaskOneLevel" storage="d:\actions-runner\_work\xpco\xpco\softwaremanager\core\softwaremanager\core\unittest\bin\debug\videoos.softwaremanager.core.unittest.dll" id="76f8f701-1bdc-9124-6fea-7ef1a2823716">
      <Execution id="e8c23405-811f-4c1c-9856-73dd04cb5ed9" />
      <TestMethod codeBase="D:\actions-runner\_work\XPCO\XPCO\SoftwareManager\Core\SoftwareManager\Core\unittest\bin\Debug\VideoOS.SoftwareManager.Core.UnitTest.dll" adapterTypeName="executor://mstestadapter/v2" className="VideoOS.SoftwareManager.Core.Manager.UnitTest.ManagerTest" name="TestStopHostTaskOneLevel" />
    </UnitTest>
    <UnitTest name="TestPauseAndUnpauseBeforeDoRun" storage="d:\actions-runner\_work\xpco\xpco\softwaremanager\core\softwaremanager\core\unittest\bin\debug\videoos.softwaremanager.core.unittest.dll" id="df6b692b-8f1d-16a6-725c-b3998737cbae">
      <Execution id="5428bcd8-1059-4bb8-9479-e31eef274f79" />
      <TestMethod codeBase="D:\actions-runner\_work\XPCO\XPCO\SoftwareManager\Core\SoftwareManager\Core\unittest\bin\Debug\VideoOS.SoftwareManager.Core.UnitTest.dll" adapterTypeName="executor://mstestadapter/v2" className="VideoOS.SoftwareManager.Core.Task.UnitTest.TaskTest" name="TestPauseAndUnpauseBeforeDoRun" />
    </UnitTest>
    <UnitTest name="TestIsLocalIPAddress_127001" storage="d:\actions-runner\_work\xpco\xpco\softwaremanager\core\softwaremanager\core\unittest\bin\debug\videoos.softwaremanager.core.unittest.dll" id="189e2ed8-2590-6f80-cf67-f946098c2a53">
      <Execution id="3f067ed3-1605-4cf8-bb5e-f99d0025ecf0" />
      <TestMethod codeBase="D:\actions-runner\_work\XPCO\XPCO\SoftwareManager\Core\SoftwareManager\Core\unittest\bin\Debug\VideoOS.SoftwareManager.Core.UnitTest.dll" adapterTypeName="executor://mstestadapter/v2" className="VideoOS.SoftwareManager.Core.UnitTest.Utils.NetUtilsTest" name="TestIsLocalIPAddress_127001" />
    </UnitTest>
    <UnitTest name="TestConstructor" storage="d:\actions-runner\_work\xpco\xpco\softwaremanager\core\softwaremanager\core\unittest\bin\debug\videoos.softwaremanager.core.unittest.dll" id="f1fa0dac-dc54-e0fe-f9ad-70a6d58061fe">
      <Execution id="cdb5fb3d-ead1-4e63-be06-95af66ccacd9" />
      <TestMethod codeBase="D:\actions-runner\_work\XPCO\XPCO\SoftwareManager\Core\SoftwareManager\Core\unittest\bin\Debug\VideoOS.SoftwareManager.Core.UnitTest.dll" adapterTypeName="executor://mstestadapter/v2" className="VideoOS.SoftwareManager.Core.Package.UnitTest.InstallShieldPackageTest" name="TestConstructor" />
    </UnitTest>
    <UnitTest name="TestConstructorWithUserNamePasswordDomain" storage="d:\actions-runner\_work\xpco\xpco\softwaremanager\core\softwaremanager\core\unittest\bin\debug\videoos.softwaremanager.core.unittest.dll" id="d2f0f18f-d511-3fd1-b6ef-762c17fc2632">
      <Execution id="f1c8cc19-6bb2-4168-969f-a40c159ad6c9" />
      <TestMethod codeBase="D:\actions-runner\_work\XPCO\XPCO\SoftwareManager\Core\SoftwareManager\Core\unittest\bin\Debug\VideoOS.SoftwareManager.Core.UnitTest.dll" adapterTypeName="executor://mstestadapter/v2" className="VideoOS.SoftwareManager.Core.Host.UnitTest.CredentialsTest" name="TestConstructorWithUserNamePasswordDomain" />
    </UnitTest>
    <UnitTest name="TestIsLocalIPAddress_localhost" storage="d:\actions-runner\_work\xpco\xpco\softwaremanager\core\softwaremanager\core\unittest\bin\debug\videoos.softwaremanager.core.unittest.dll" id="b4150eb4-7116-6d8e-ac8b-e76f559058b0">
      <Execution id="1aeff7c0-ae5a-4976-88cd-97e4b1a8b1e5" />
      <TestMethod codeBase="D:\actions-runner\_work\XPCO\XPCO\SoftwareManager\Core\SoftwareManager\Core\unittest\bin\Debug\VideoOS.SoftwareManager.Core.UnitTest.dll" adapterTypeName="executor://mstestadapter/v2" className="VideoOS.SoftwareManager.Core.UnitTest.Utils.NetUtilsTest" name="TestIsLocalIPAddress_localhost" />
    </UnitTest>
    <UnitTest name="TestWaitForAllTasksWithNegativeTimeout" storage="d:\actions-runner\_work\xpco\xpco\softwaremanager\core\softwaremanager\core\unittest\bin\debug\videoos.softwaremanager.core.unittest.dll" id="7a991418-161a-8bc7-48a3-d4da676431a8">
      <Execution id="0ceb5b81-d85a-412c-8903-baf41067afe0" />
      <TestMethod codeBase="D:\actions-runner\_work\XPCO\XPCO\SoftwareManager\Core\SoftwareManager\Core\unittest\bin\Debug\VideoOS.SoftwareManager.Core.UnitTest.dll" adapterTypeName="executor://mstestadapter/v2" className="VideoOS.SoftwareManager.Core.Manager.UnitTest.TestTest" name="TestWaitForAllTasksWithNegativeTimeout" />
    </UnitTest>
    <UnitTest name="Test_With_MilestoneInstallerFrameworkPackage_When_ParamtersAreSerializedWithFormat2_Then_TheDynamicFilesContainsCorrectXmlFormat" storage="d:\actions-runner\_work\xpco\xpco\softwaremanager\core\softwaremanager\core\unittest\bin\debug\videoos.softwaremanager.core.unittest.dll" id="cee29a5a-9206-9b74-96ac-28ce4de6a024">
      <Execution id="03437f0a-2838-4a66-9d58-6400c4f1bc37" />
      <TestMethod codeBase="D:\actions-runner\_work\XPCO\XPCO\SoftwareManager\Core\SoftwareManager\Core\unittest\bin\Debug\VideoOS.SoftwareManager.Core.UnitTest.dll" adapterTypeName="executor://mstestadapter/v2" className="VideoOS.SoftwareManager.Core.Package.UnitTest.MilestoneInstallerFrameworkPackageTest" name="Test_With_MilestoneInstallerFrameworkPackage_When_ParamtersAreSerializedWithFormat2_Then_TheDynamicFilesContainsCorrectXmlFormat" />
    </UnitTest>
    <UnitTest name="TestIsTasksRunningWithNullManager" storage="d:\actions-runner\_work\xpco\xpco\softwaremanager\core\softwaremanager\core\unittest\bin\debug\videoos.softwaremanager.core.unittest.dll" id="3fb46fb3-2257-f562-c8d7-029a28d402d9">
      <Execution id="a09a54b9-cab5-4513-b3b5-11e1b278ccba" />
      <TestMethod codeBase="D:\actions-runner\_work\XPCO\XPCO\SoftwareManager\Core\SoftwareManager\Core\unittest\bin\Debug\VideoOS.SoftwareManager.Core.UnitTest.dll" adapterTypeName="executor://mstestadapter/v2" className="VideoOS.SoftwareManager.Core.Manager.UnitTest.TestTest" name="TestIsTasksRunningWithNullManager" />
    </UnitTest>
    <UnitTest name="TestStartTwiceInDifferentThreads" storage="d:\actions-runner\_work\xpco\xpco\softwaremanager\core\softwaremanager\core\unittest\bin\debug\videoos.softwaremanager.core.unittest.dll" id="ba7f02fd-cb3c-c5bd-bb46-ccacb6d55dfc">
      <Execution id="c3ddd8bd-56c7-4e15-a773-6b7d2916c3ff" />
      <TestMethod codeBase="D:\actions-runner\_work\XPCO\XPCO\SoftwareManager\Core\SoftwareManager\Core\unittest\bin\Debug\VideoOS.SoftwareManager.Core.UnitTest.dll" adapterTypeName="executor://mstestadapter/v2" className="VideoOS.SoftwareManager.Core.Task.UnitTest.TaskTest" name="TestStartTwiceInDifferentThreads" />
    </UnitTest>
    <UnitTest name="ZipPackageInvalidPackageXml_ShouldNotBeImported" storage="d:\actions-runner\_work\xpco\xpco\softwaremanager\core\softwaremanager\core\unittest\bin\debug\videoos.softwaremanager.core.unittest.dll" id="e2fb3b49-d247-3780-d8ba-70eea61fc9c3">
      <Execution id="41ba0216-eac6-4a68-ab5f-bacec79b3f43" />
      <TestMethod codeBase="D:\actions-runner\_work\XPCO\XPCO\SoftwareManager\Core\SoftwareManager\Core\unittest\bin\Debug\VideoOS.SoftwareManager.Core.UnitTest.dll" adapterTypeName="executor://mstestadapter/v2" className="VideoOS.SoftwareManager.Core.Task.UnitTest.FileShareImportPackageTaskTest" name="ZipPackageInvalidPackageXml_ShouldNotBeImported" />
    </UnitTest>
    <UnitTest name="TestIP_invalid" storage="d:\actions-runner\_work\xpco\xpco\softwaremanager\core\softwaremanager\core\unittest\bin\debug\videoos.softwaremanager.core.unittest.dll" id="f25a5dd4-d634-e42a-9c7d-6a32b2501019">
      <Execution id="0e7b1531-56f8-4294-85e8-8482f6b74c66" />
      <TestMethod codeBase="D:\actions-runner\_work\XPCO\XPCO\SoftwareManager\Core\SoftwareManager\Core\unittest\bin\Debug\VideoOS.SoftwareManager.Core.UnitTest.dll" adapterTypeName="executor://mstestadapter/v2" className="VideoOS.SoftwareManager.Core.Task.UnitTest.WMIPingTaskTest" name="TestIP_invalid" />
    </UnitTest>
    <UnitTest name="TestConstructorWithErrorCodeInvalidParameter" storage="d:\actions-runner\_work\xpco\xpco\softwaremanager\core\softwaremanager\core\unittest\bin\debug\videoos.softwaremanager.core.unittest.dll" id="122a7ff7-08e1-f4dc-a56a-6d770b30253d">
      <Execution id="3c27b1c2-9a91-41f2-917e-5b8d8da4d5d5" />
      <TestMethod codeBase="D:\actions-runner\_work\XPCO\XPCO\SoftwareManager\Core\SoftwareManager\Core\unittest\bin\Debug\VideoOS.SoftwareManager.Core.UnitTest.dll" adapterTypeName="executor://mstestadapter/v2" className="VideoOS.SoftwareManager.Core.Utils.UnitTest.SoftwareManagerWMIProcessExceptionTest" name="TestConstructorWithErrorCodeInvalidParameter" />
    </UnitTest>
    <UnitTest name="TestInstallDynamicFiles" storage="d:\actions-runner\_work\xpco\xpco\softwaremanager\core\softwaremanager\core\unittest\bin\debug\videoos.softwaremanager.core.unittest.dll" id="4120ce42-f415-07cf-2596-3bbad5e24de7">
      <Execution id="21c04cd2-4bd6-40b1-81ad-162182ec7818" />
      <TestMethod codeBase="D:\actions-runner\_work\XPCO\XPCO\SoftwareManager\Core\SoftwareManager\Core\unittest\bin\Debug\VideoOS.SoftwareManager.Core.UnitTest.dll" adapterTypeName="executor://mstestadapter/v2" className="VideoOS.SoftwareManager.Core.Package.UnitTest.InstallShieldPackageTest" name="TestInstallDynamicFiles" />
    </UnitTest>
    <UnitTest name="TestConstructorWithMessage" storage="d:\actions-runner\_work\xpco\xpco\softwaremanager\core\softwaremanager\core\unittest\bin\debug\videoos.softwaremanager.core.unittest.dll" id="f9cd709d-06a0-cb2e-c1c2-3af44a928bed">
      <Execution id="d672ed1b-5a6b-40da-a860-ecb044ef5e3f" />
      <TestMethod codeBase="D:\actions-runner\_work\XPCO\XPCO\SoftwareManager\Core\SoftwareManager\Core\unittest\bin\Debug\VideoOS.SoftwareManager.Core.UnitTest.dll" adapterTypeName="executor://mstestadapter/v2" className="VideoOS.SoftwareManager.Core.Utils.UnitTest.SoftwareManagerInvalidParametersExceptionTest" name="TestConstructorWithMessage" />
    </UnitTest>
    <UnitTest name="TestInstallPackageWithInvalidHost" storage="d:\actions-runner\_work\xpco\xpco\softwaremanager\core\softwaremanager\core\unittest\bin\debug\videoos.softwaremanager.core.unittest.dll" id="92137449-d2b3-f66c-1ac0-02ad6dd462b9">
      <Execution id="836f5eaf-2bf4-4b06-b48c-95218d9ec24f" />
      <TestMethod codeBase="D:\actions-runner\_work\XPCO\XPCO\SoftwareManager\Core\SoftwareManager\Core\unittest\bin\Debug\VideoOS.SoftwareManager.Core.UnitTest.dll" adapterTypeName="executor://mstestadapter/v2" className="VideoOS.SoftwareManager.Core.Manager.UnitTest.ManagerTest" name="TestInstallPackageWithInvalidHost" />
    </UnitTest>
    <UnitTest name="TestRunFailureTasksFirst" storage="d:\actions-runner\_work\xpco\xpco\softwaremanager\core\softwaremanager\core\unittest\bin\debug\videoos.softwaremanager.core.unittest.dll" id="56faf403-3c0f-60e1-0db0-3e3aedf00f0a">
      <Execution id="1102d5cb-6da8-4c18-a546-c2989f0b24ff" />
      <TestMethod codeBase="D:\actions-runner\_work\XPCO\XPCO\SoftwareManager\Core\SoftwareManager\Core\unittest\bin\Debug\VideoOS.SoftwareManager.Core.UnitTest.dll" adapterTypeName="executor://mstestadapter/v2" className="VideoOS.SoftwareManager.Core.Task.UnitTest.TaskSuiteTest" name="TestRunFailureTasksFirst" />
    </UnitTest>
    <UnitTest name="TestGetLocalPackagesSequential" storage="d:\actions-runner\_work\xpco\xpco\softwaremanager\core\softwaremanager\core\unittest\bin\debug\videoos.softwaremanager.core.unittest.dll" id="f8d56533-4831-9e9d-1d46-8aa065d52bd7">
      <Execution id="ddf09577-2d9a-48fd-b4c1-76f518644780" />
      <TestMethod codeBase="D:\actions-runner\_work\XPCO\XPCO\SoftwareManager\Core\SoftwareManager\Core\unittest\bin\Debug\VideoOS.SoftwareManager.Core.UnitTest.dll" adapterTypeName="executor://mstestadapter/v2" className="VideoOS.SoftwareManager.Core.Manager.UnitTest.ManagerTest" name="TestGetLocalPackagesSequential" />
    </UnitTest>
    <UnitTest name="TestConstructor" storage="d:\actions-runner\_work\xpco\xpco\softwaremanager\core\softwaremanager\core\unittest\bin\debug\videoos.softwaremanager.core.unittest.dll" id="856c68f3-4881-d96b-cb1b-41d24780a2bb">
      <Execution id="d58bf06b-612a-46ca-bef4-85b7ba714b76" />
      <TestMethod codeBase="D:\actions-runner\_work\XPCO\XPCO\SoftwareManager\Core\SoftwareManager\Core\unittest\bin\Debug\VideoOS.SoftwareManager.Core.UnitTest.dll" adapterTypeName="executor://mstestadapter/v2" className="VideoOS.SoftwareManager.Core.Task.UnitTest.WMIGetInstalledPackagesTaskTest" name="TestConstructor" />
    </UnitTest>
    <UnitTest name="Test_With_LicenseTypeAndParameters_When_CreateXmlStreamInV2_Then_CorrectXMLStreamIsCreated" storage="d:\actions-runner\_work\xpco\xpco\softwaremanager\core\softwaremanager\core\unittest\bin\debug\videoos.softwaremanager.core.unittest.dll" id="dfd7d47b-3150-15b1-892c-f707b58a7859">
      <Execution id="02dba0ba-bbfa-459f-91e2-6001fa6292b2" />
      <TestMethod codeBase="D:\actions-runner\_work\XPCO\XPCO\SoftwareManager\Core\SoftwareManager\Core\unittest\bin\Debug\VideoOS.SoftwareManager.Core.UnitTest.dll" adapterTypeName="executor://mstestadapter/v2" className="VideoOS.SoftwareManager.Core.UnitTest.ArgumentsXml.ArgumentsXmlSerializationTest" name="Test_With_LicenseTypeAndParameters_When_CreateXmlStreamInV2_Then_CorrectXMLStreamIsCreated" />
    </UnitTest>
    <UnitTest name="TestRebootSequential" storage="d:\actions-runner\_work\xpco\xpco\softwaremanager\core\softwaremanager\core\unittest\bin\debug\videoos.softwaremanager.core.unittest.dll" id="3ae92588-2163-e713-7477-64228713a6b8">
      <Execution id="7714eced-fcfc-4566-920c-a8b83198d074" />
      <TestMethod codeBase="D:\actions-runner\_work\XPCO\XPCO\SoftwareManager\Core\SoftwareManager\Core\unittest\bin\Debug\VideoOS.SoftwareManager.Core.UnitTest.dll" adapterTypeName="executor://mstestadapter/v2" className="VideoOS.SoftwareManager.Core.Manager.UnitTest.ManagerTest" name="TestRebootSequential" />
    </UnitTest>
    <UnitTest name="TestConstructor" storage="d:\actions-runner\_work\xpco\xpco\softwaremanager\core\softwaremanager\core\unittest\bin\debug\videoos.softwaremanager.core.unittest.dll" id="d6af3bbc-50d4-c2cf-6b87-9647ae787cde">
      <Execution id="a8951bab-87a4-413f-95e2-20613014d401" />
      <TestMethod codeBase="D:\actions-runner\_work\XPCO\XPCO\SoftwareManager\Core\SoftwareManager\Core\unittest\bin\Debug\VideoOS.SoftwareManager.Core.UnitTest.dll" adapterTypeName="executor://mstestadapter/v2" className="VideoOS.SoftwareManager.Core.Task.UnitTest.BrowserTaskTest" name="TestConstructor" />
    </UnitTest>
    <UnitTest name="TestConstructor" storage="d:\actions-runner\_work\xpco\xpco\softwaremanager\core\softwaremanager\core\unittest\bin\debug\videoos.softwaremanager.core.unittest.dll" id="b7ea915e-8d23-5a60-08af-57723815f578">
      <Execution id="a2bbb903-88af-4ce6-a8e4-f88ffba7b672" />
      <TestMethod codeBase="D:\actions-runner\_work\XPCO\XPCO\SoftwareManager\Core\SoftwareManager\Core\unittest\bin\Debug\VideoOS.SoftwareManager.Core.UnitTest.dll" adapterTypeName="executor://mstestadapter/v2" className="VideoOS.SoftwareManager.Core.Task.UnitTest.TaskTest" name="TestConstructor" />
    </UnitTest>
    <UnitTest name="TestGetOSVersionParallel" storage="d:\actions-runner\_work\xpco\xpco\softwaremanager\core\softwaremanager\core\unittest\bin\debug\videoos.softwaremanager.core.unittest.dll" id="86d1cc4f-8091-b22e-336f-4cb0386e426c">
      <Execution id="66210225-da65-4266-b642-603df68904dc" />
      <TestMethod codeBase="D:\actions-runner\_work\XPCO\XPCO\SoftwareManager\Core\SoftwareManager\Core\unittest\bin\Debug\VideoOS.SoftwareManager.Core.UnitTest.dll" adapterTypeName="executor://mstestadapter/v2" className="VideoOS.SoftwareManager.Core.Manager.UnitTest.ManagerTest" name="TestGetOSVersionParallel" />
    </UnitTest>
  </TestDefinitions>
  <TestEntries>
    <TestEntry testId="3da684be-8c97-6e5c-5191-88483e147d71" executionId="4f2bf52d-dbae-4c38-88da-895a8c4e55c7" testListId="8c84fa94-04c1-424b-9868-57a2d4851a1d" />
    <TestEntry testId="3263e060-9ee6-ac54-fc85-444722aa77f3" executionId="8e2e888f-2d4b-4809-9591-45a636736cf6" testListId="8c84fa94-04c1-424b-9868-57a2d4851a1d" />
    <TestEntry testId="a4832f8a-9e96-8de9-ccfd-bdd7f5cd4be7" executionId="16a1ca7d-5249-4295-a7af-8ef63de91b58" testListId="8c84fa94-04c1-424b-9868-57a2d4851a1d" />
    <TestEntry testId="03e51c8c-4d92-59ee-ca72-7ef99d8d0f0f" executionId="e43d9dff-79b3-4e91-a972-c472b6a553c7" testListId="8c84fa94-04c1-424b-9868-57a2d4851a1d" />
    <TestEntry testId="b132170f-9730-0961-71b5-52e8ff86f635" executionId="8c48235c-8d9d-4a2b-9920-18c878265f20" testListId="8c84fa94-04c1-424b-9868-57a2d4851a1d" />
    <TestEntry testId="1c706d7c-aa05-3432-b707-da141d5eca3a" executionId="5dffca05-2d19-41e0-8883-7174a5e8ca68" testListId="8c84fa94-04c1-424b-9868-57a2d4851a1d" />
    <TestEntry testId="76f8f701-1bdc-9124-6fea-7ef1a2823716" executionId="e8c23405-811f-4c1c-9856-73dd04cb5ed9" testListId="8c84fa94-04c1-424b-9868-57a2d4851a1d" />
    <TestEntry testId="3be573fd-8249-d766-9daa-dbf90a35485d" executionId="924c8117-432b-4d67-b7db-1f8149e0c41e" testListId="8c84fa94-04c1-424b-9868-57a2d4851a1d" />
    <TestEntry testId="129055b6-b8ec-538c-e6ea-3d4081636908" executionId="651e41f8-b31b-4a35-a501-839c39766a6e" testListId="8c84fa94-04c1-424b-9868-57a2d4851a1d" />
    <TestEntry testId="620b4223-3408-072e-6355-73c38adf0b0e" executionId="819b2cbf-ba22-4b97-bc36-f7fdf231ce54" testListId="8c84fa94-04c1-424b-9868-57a2d4851a1d" />
    <TestEntry testId="610e8bda-ad87-7af5-dff8-990fa1173593" executionId="251e2dcf-3890-4a99-9280-dbd8acb7cd0e" testListId="8c84fa94-04c1-424b-9868-57a2d4851a1d" />
    <TestEntry testId="cc76721f-059d-14cc-2a33-b02fc511af6d" executionId="5a2759a0-a9a5-4a7f-9eda-9fbbca586788" testListId="8c84fa94-04c1-424b-9868-57a2d4851a1d" />
    <TestEntry testId="a76765fa-a6f1-2e6e-2762-dc27a61e9a6d" executionId="84f15057-2451-4fc8-94d5-5e91b974f918" testListId="8c84fa94-04c1-424b-9868-57a2d4851a1d" />
    <TestEntry testId="04ad7382-7f4e-ecdf-65f5-9b1671144ea8" executionId="0de47b83-837b-4fcf-912a-7173e6b0daf9" testListId="8c84fa94-04c1-424b-9868-57a2d4851a1d" />
    <TestEntry testId="d0f30995-f3c5-37b9-b86a-fa5c9a160b83" executionId="58ec72fa-9f8a-453e-9ffd-2c205b7d2f16" testListId="8c84fa94-04c1-424b-9868-57a2d4851a1d" />
    <TestEntry testId="edacc32d-c9b7-f113-5afb-92f8e4eacc6b" executionId="9ebb1e03-de9f-49f5-a463-7cf29abb64cd" testListId="8c84fa94-04c1-424b-9868-57a2d4851a1d" />
    <TestEntry testId="56faf403-3c0f-60e1-0db0-3e3aedf00f0a" executionId="1102d5cb-6da8-4c18-a546-c2989f0b24ff" testListId="8c84fa94-04c1-424b-9868-57a2d4851a1d" />
    <TestEntry testId="20866b5e-00ad-91c8-5292-4eb0cd2cc57c" executionId="7504d928-9e37-4490-928e-d34a243ab324" testListId="8c84fa94-04c1-424b-9868-57a2d4851a1d" />
    <TestEntry testId="48eb9e20-76c9-3c7b-a7a3-fc60c91a53d4" executionId="aba5e1cc-6e09-4f6c-8a90-525d0b85fe0a" testListId="8c84fa94-04c1-424b-9868-57a2d4851a1d" />
    <TestEntry testId="c9f53748-47ce-0633-50ad-3007e055d4a5" executionId="47140686-1dc8-4fc7-9fda-fe85d5924bc5" testListId="8c84fa94-04c1-424b-9868-57a2d4851a1d" />
    <TestEntry testId="b60114ef-9c63-d2ca-5962-07d7a30acee8" executionId="05d1d84a-4b41-4e2f-878c-33500604e1c9" testListId="8c84fa94-04c1-424b-9868-57a2d4851a1d" />
    <TestEntry testId="8bee89f3-b545-13ae-bf1c-f764a03a926a" executionId="608734eb-ca60-471a-b242-2734b2969549" testListId="8c84fa94-04c1-424b-9868-57a2d4851a1d" />
    <TestEntry testId="f84adace-860d-1865-ba0b-b14560f981c7" executionId="dfa16089-2a39-493a-a627-89fca0e25633" testListId="8c84fa94-04c1-424b-9868-57a2d4851a1d" />
    <TestEntry testId="74b65cff-260d-58c5-47e1-b7fd9794e6da" executionId="0ee531f1-dd37-4275-85a3-d800d9746ffb" testListId="8c84fa94-04c1-424b-9868-57a2d4851a1d" />
    <TestEntry testId="f1fa0dac-dc54-e0fe-f9ad-70a6d58061fe" executionId="cdb5fb3d-ead1-4e63-be06-95af66ccacd9" testListId="8c84fa94-04c1-424b-9868-57a2d4851a1d" />
    <TestEntry testId="509804e8-d8ee-e9bd-b5b3-aeeece8c3d43" executionId="d70c7ff9-4ca1-4fc8-b0a6-de80c27abab4" testListId="8c84fa94-04c1-424b-9868-57a2d4851a1d" />
    <TestEntry testId="f95c7b64-34a7-4bf5-8bd6-0abab06578a9" executionId="339e0504-de5e-4fba-b6ab-fed1a0f1f64c" testListId="8c84fa94-04c1-424b-9868-57a2d4851a1d" />
    <TestEntry testId="2be41cae-1d5a-7945-3cba-93feb00da08b" executionId="b6bafeb8-c547-4247-9b7a-50ab297060cc" testListId="8c84fa94-04c1-424b-9868-57a2d4851a1d" />
    <TestEntry testId="3f124bb3-caeb-8d62-c0aa-8c36ecc36e38" executionId="38ee45c0-688a-4a50-a7e3-a12edd4eb531" testListId="8c84fa94-04c1-424b-9868-57a2d4851a1d" />
    <TestEntry testId="d83947fd-fcc3-6351-3b2a-c4fb1ea09216" executionId="a5a25be4-2880-4363-8168-0bf9dabfe6b4" testListId="8c84fa94-04c1-424b-9868-57a2d4851a1d" />
    <TestEntry testId="ba25d85d-5f6f-50aa-c01e-f15ddb2c280f" executionId="3b32aab4-fea4-4016-9ef2-ecb8f57f0723" testListId="8c84fa94-04c1-424b-9868-57a2d4851a1d" />
    <TestEntry testId="1c48d561-85fd-29b1-a4db-a1c7f65fe558" executionId="18971051-9ac1-4830-93ac-707b6a857f68" testListId="8c84fa94-04c1-424b-9868-57a2d4851a1d" />
    <TestEntry testId="d0f51d46-55ad-14e4-ecf1-7ac1fdeac6d0" executionId="d0173a61-895a-4b42-b0d9-ecb1a1f36485" testListId="8c84fa94-04c1-424b-9868-57a2d4851a1d" />
    <TestEntry testId="8f477c37-7083-1672-5283-a9d495e9fd61" executionId="6dd3ca88-a599-413e-9a0c-85335abda2f8" testListId="8c84fa94-04c1-424b-9868-57a2d4851a1d" />
    <TestEntry testId="a5fae02e-9780-3d8e-be60-788c3b7d16c2" executionId="057fa3b9-a537-42c3-ab09-675b115def43" testListId="8c84fa94-04c1-424b-9868-57a2d4851a1d" />
    <TestEntry testId="86d70c67-12ee-2c7b-bcbf-95fc43850d05" executionId="d1b1e2d0-784f-49fb-9618-3f96be39df4e" testListId="8c84fa94-04c1-424b-9868-57a2d4851a1d" />
    <TestEntry testId="6de69a91-a9ae-a510-a8e5-ddf1d08a2918" executionId="b8f2e2f7-e24c-4e3a-8b4a-dd92a1bfe6da" testListId="8c84fa94-04c1-424b-9868-57a2d4851a1d" />
    <TestEntry testId="957b3463-0dd9-a4c2-2310-22f1e43fd6cc" executionId="2f9c912f-e120-4bc5-8524-eaa80213bcc5" testListId="8c84fa94-04c1-424b-9868-57a2d4851a1d" />
    <TestEntry testId="7799398e-47a6-85f8-e5e8-e2d395e7ffab" executionId="14274bd5-9ad2-477b-a411-9950189c4a22" testListId="8c84fa94-04c1-424b-9868-57a2d4851a1d" />
    <TestEntry testId="740a8610-8c31-8944-361e-d37faed1ef95" executionId="5b9c1fba-dd06-4540-8f51-508b0f691716" testListId="8c84fa94-04c1-424b-9868-57a2d4851a1d" />
    <TestEntry testId="11fe7685-9398-3200-8756-ca20267b48e6" executionId="e52d1a6c-e07a-4f89-b9dd-efcbd70d1542" testListId="8c84fa94-04c1-424b-9868-57a2d4851a1d" />
    <TestEntry testId="eed0e532-778f-1521-30a1-a0a82462bc7c" executionId="2e5aa6b8-e8a1-4c6d-85c4-9109305342c7" testListId="8c84fa94-04c1-424b-9868-57a2d4851a1d" />
    <TestEntry testId="f9cd709d-06a0-cb2e-c1c2-3af44a928bed" executionId="d672ed1b-5a6b-40da-a860-ecb044ef5e3f" testListId="8c84fa94-04c1-424b-9868-57a2d4851a1d" />
    <TestEntry testId="710f6486-2b5c-d1f0-26ce-a7f85cc332a3" executionId="2ae51315-71f3-4dbf-a420-d9e5d4f14656" testListId="8c84fa94-04c1-424b-9868-57a2d4851a1d" />
    <TestEntry testId="7834dd3b-f169-31d5-1c4d-87c231ef4e34" executionId="7cdde21b-643e-4f75-ad3a-90411edda5db" testListId="8c84fa94-04c1-424b-9868-57a2d4851a1d" />
    <TestEntry testId="e3ca0d6d-89ae-429d-2832-2bb467f02eff" executionId="c0b086d1-413c-4ad6-8ecb-759390806848" testListId="8c84fa94-04c1-424b-9868-57a2d4851a1d" />
    <TestEntry testId="59fbdfc9-53f7-92c9-bff0-f0352b5bb907" executionId="95b63c68-2c50-4e82-8bdf-30e4d7294c54" testListId="8c84fa94-04c1-424b-9868-57a2d4851a1d" />
    <TestEntry testId="ff251435-488c-f14c-109e-e0528c8469ae" executionId="3e71ed92-0944-40f4-8528-5d5734fae889" testListId="8c84fa94-04c1-424b-9868-57a2d4851a1d" />
    <TestEntry testId="2c127a20-3c88-593b-f395-f582e0a2b6e0" executionId="c0421913-419f-4596-b019-f71c0d13917b" testListId="8c84fa94-04c1-424b-9868-57a2d4851a1d" />
    <TestEntry testId="c9e1a6db-907d-9c8d-8ab2-22df33deb8b7" executionId="fa5a286a-998a-4b5b-9b97-96ea56f6b16d" testListId="8c84fa94-04c1-424b-9868-57a2d4851a1d" />
    <TestEntry testId="637afb78-232b-13fd-81e7-22084e8d37bf" executionId="d957d619-0197-42f2-956c-a41e478e367a" testListId="8c84fa94-04c1-424b-9868-57a2d4851a1d" />
    <TestEntry testId="b1d46ea5-c9c3-57f4-a648-9c804c7fe269" executionId="489933a3-3188-46dc-920e-20ba0c19bb2e" testListId="8c84fa94-04c1-424b-9868-57a2d4851a1d" />
    <TestEntry testId="cc6517ba-270c-cbce-324e-33515a90db02" executionId="cb139c7e-d97b-4e7f-89a6-7e76f34b1d32" testListId="8c84fa94-04c1-424b-9868-57a2d4851a1d" />
    <TestEntry testId="fe18c034-aa0b-61e5-8a2a-c9568fd83fd9" executionId="4488a132-5565-4a16-b882-becf25df3b21" testListId="8c84fa94-04c1-424b-9868-57a2d4851a1d" />
    <TestEntry testId="16b0b669-97dc-a186-724b-c8025a9929b5" executionId="4542b0bc-ca04-4723-8f64-69ed5044106c" testListId="8c84fa94-04c1-424b-9868-57a2d4851a1d" />
    <TestEntry testId="a17d8629-6734-b6b8-4baf-81a08190a4c8" executionId="5ecd278c-7539-4f92-bacc-3a2a5a4c10e2" testListId="8c84fa94-04c1-424b-9868-57a2d4851a1d" />
    <TestEntry testId="2101384d-a9f9-ef6c-f985-07718b448cb2" executionId="fbae7da6-2b43-496a-8444-a78f4eb71419" testListId="8c84fa94-04c1-424b-9868-57a2d4851a1d" />
    <TestEntry testId="4e334c90-085d-d837-dbad-b8a5c30c5beb" executionId="9290b630-ee87-452b-b2db-c71b633c826f" testListId="8c84fa94-04c1-424b-9868-57a2d4851a1d" />
    <TestEntry testId="914452d1-2a5b-ada2-b3bb-094b0c594d6e" executionId="2d53e2c3-a266-4c9a-9fb9-a4538fef4663" testListId="8c84fa94-04c1-424b-9868-57a2d4851a1d" />
    <TestEntry testId="f25a5dd4-d634-e42a-9c7d-6a32b2501019" executionId="0e7b1531-56f8-4294-85e8-8482f6b74c66" testListId="8c84fa94-04c1-424b-9868-57a2d4851a1d" />
    <TestEntry testId="54f8bded-296e-aa5b-9abb-dc5fb84fd2fb" executionId="8ec22ebc-577c-4e7f-9769-d0352733f997" testListId="8c84fa94-04c1-424b-9868-57a2d4851a1d" />
    <TestEntry testId="dd2d2a8f-9ec7-e1ca-b0f2-5e683485ea4d" executionId="ebe280f6-50c8-4d7e-aa81-86b69f6ef9cb" testListId="8c84fa94-04c1-424b-9868-57a2d4851a1d" />
    <TestEntry testId="7d275e3d-ce8a-245d-532c-9789e820e55e" executionId="8c89ee70-7e3a-4e0d-b6d7-d30ec8a7634e" testListId="8c84fa94-04c1-424b-9868-57a2d4851a1d" />
    <TestEntry testId="0b029b03-e5f3-b149-3920-586205f4cd46" executionId="aaf30d1a-b74e-4266-8805-6003ea7c8261" testListId="8c84fa94-04c1-424b-9868-57a2d4851a1d" />
    <TestEntry testId="98ae4173-2b41-8add-b689-8ccbfe7d047c" executionId="00e733bd-b932-4813-ad7b-5e0080919609" testListId="8c84fa94-04c1-424b-9868-57a2d4851a1d" />
    <TestEntry testId="4120ce42-f415-07cf-2596-3bbad5e24de7" executionId="21c04cd2-4bd6-40b1-81ad-162182ec7818" testListId="8c84fa94-04c1-424b-9868-57a2d4851a1d" />
    <TestEntry testId="7f8e2eb1-484c-e1fa-6cd4-fb4d01efe634" executionId="671ee4f0-ae33-4686-b2dd-d4dd8ec4906d" testListId="8c84fa94-04c1-424b-9868-57a2d4851a1d" />
    <TestEntry testId="ffb5e73e-887f-1a38-a682-d33443b4dfc6" executionId="4f000930-b3d6-4614-87df-9d0452ffd159" testListId="8c84fa94-04c1-424b-9868-57a2d4851a1d" />
    <TestEntry testId="43d6dc3c-53e8-45da-7aff-f2a5d909f61d" executionId="ba54c22e-63ae-4a4f-9fc2-c5ad0c2a818b" testListId="8c84fa94-04c1-424b-9868-57a2d4851a1d" />
    <TestEntry testId="40155484-ee6e-4839-ee9d-f2f524b2192f" executionId="044fe974-4c25-4a45-9ece-26c5a5de91dd" testListId="8c84fa94-04c1-424b-9868-57a2d4851a1d" />
    <TestEntry testId="3b800de0-7f55-0230-86ac-278c66c5da09" executionId="c33cd9f4-0953-4904-af14-b2ccf12fc85d" testListId="8c84fa94-04c1-424b-9868-57a2d4851a1d" />
    <TestEntry testId="fd0ce9f9-2415-20bc-0fe2-2f12873a13f9" executionId="463af185-40b7-41cd-96d0-90494014ad88" testListId="8c84fa94-04c1-424b-9868-57a2d4851a1d" />
    <TestEntry testId="0e7c27bc-b91f-73e0-6ab1-588849d6b366" executionId="a2869421-d192-431f-8c1a-d9d35ffbde08" testListId="8c84fa94-04c1-424b-9868-57a2d4851a1d" />
    <TestEntry testId="41702cc4-b255-60a5-af8d-918c6d7b7ceb" executionId="90f0ebbd-7b2b-42fe-92a0-941ce99283b2" testListId="8c84fa94-04c1-424b-9868-57a2d4851a1d" />
    <TestEntry testId="1d9e37b6-d9d3-1a0e-a567-21f1127d93e2" executionId="2af6f9ac-811d-4322-8af7-c7fca9b65197" testListId="8c84fa94-04c1-424b-9868-57a2d4851a1d" />
    <TestEntry testId="1023b553-27bc-2612-6f0d-254dce8c82cd" executionId="e573d5aa-8618-4cf5-bb0a-54b7150d4958" testListId="8c84fa94-04c1-424b-9868-57a2d4851a1d" />
    <TestEntry testId="9d5c5276-a7b0-5513-b1ab-ce2be37e9b89" executionId="69181610-cb95-4b70-9b23-5225c577ac21" testListId="8c84fa94-04c1-424b-9868-57a2d4851a1d" />
    <TestEntry testId="59eb40cd-0334-8f25-0421-88dc706b675e" executionId="65259042-334f-4cbb-8f41-3cddf1d4e50c" testListId="8c84fa94-04c1-424b-9868-57a2d4851a1d" />
    <TestEntry testId="44d15d2f-608e-f569-c6d7-e1f96d32ab07" executionId="f7315ac9-cd3c-437b-b090-48816712c39a" testListId="8c84fa94-04c1-424b-9868-57a2d4851a1d" />
    <TestEntry testId="c04ca2fa-f46f-46e6-bb95-37c7c54edf8e" executionId="c7187516-f415-44ef-ba84-82957e7db1cd" testListId="8c84fa94-04c1-424b-9868-57a2d4851a1d" />
    <TestEntry testId="3fb46fb3-2257-f562-c8d7-029a28d402d9" executionId="a09a54b9-cab5-4513-b3b5-11e1b278ccba" testListId="8c84fa94-04c1-424b-9868-57a2d4851a1d" />
    <TestEntry testId="54505b15-5a00-25a3-11b0-3721b2419942" executionId="db11c24f-869d-4e85-9c17-941653de68fa" testListId="8c84fa94-04c1-424b-9868-57a2d4851a1d" />
    <TestEntry testId="68a2363a-b484-17cf-1f18-a03fd75c478a" executionId="61f179cd-bcef-48fd-8a68-8c08f21b2c4f" testListId="8c84fa94-04c1-424b-9868-57a2d4851a1d" />
    <TestEntry testId="781458f1-23a4-0aa0-3bdb-d72f01e70470" executionId="aac9bfc3-07b7-4ad4-9176-ac7773578b22" testListId="8c84fa94-04c1-424b-9868-57a2d4851a1d" />
    <TestEntry testId="ede83e9c-fccc-794b-8457-5adc5aedf18a" executionId="7d86fd28-0878-441a-a1d1-bce1a1c844e1" testListId="8c84fa94-04c1-424b-9868-57a2d4851a1d" />
    <TestEntry testId="a812c461-75bd-711d-a173-a6a8e32057ca" executionId="25907623-6a65-434b-bef1-35687c9cd0a5" testListId="8c84fa94-04c1-424b-9868-57a2d4851a1d" />
    <TestEntry testId="032d6516-cb1c-4c92-f9b8-d4038adae9f6" executionId="e261406d-05d1-4ea7-93f1-a4dd884702f9" testListId="8c84fa94-04c1-424b-9868-57a2d4851a1d" />
    <TestEntry testId="bcd71e73-4f9f-2385-5ac9-da99939e2a84" executionId="2ebd6209-91b2-4fd1-915c-ac424e1c0204" testListId="8c84fa94-04c1-424b-9868-57a2d4851a1d" />
    <TestEntry testId="966ee7d3-699a-e5e7-0a2b-6c1da1a4c68c" executionId="15a695b6-a79c-408f-b7e3-53d172edb572" testListId="8c84fa94-04c1-424b-9868-57a2d4851a1d" />
    <TestEntry testId="22814c1f-c66f-6ce6-5a48-a0ba882bd316" executionId="4d213006-2728-451c-abd3-171bd5cd9efc" testListId="8c84fa94-04c1-424b-9868-57a2d4851a1d" />
    <TestEntry testId="22b4db21-3428-db9a-3223-8ca266a1cb59" executionId="3f5e2546-001d-4b86-8d72-4f56feabc754" testListId="8c84fa94-04c1-424b-9868-57a2d4851a1d" />
    <TestEntry testId="05ecd758-3402-3b67-caa4-bf6054c93296" executionId="691b2c60-76bc-49f5-b849-cafd9155b4dd" testListId="8c84fa94-04c1-424b-9868-57a2d4851a1d" />
    <TestEntry testId="2d9dbc28-3346-aa2c-3f94-7988e6e65d16" executionId="b7210f9c-077f-419b-b923-0bf4d1781d06" testListId="8c84fa94-04c1-424b-9868-57a2d4851a1d" />
    <TestEntry testId="7865af95-405e-00d9-0891-66c018874e42" executionId="fe5ae716-f8bd-40d2-8e1b-1434f371f8cb" testListId="8c84fa94-04c1-424b-9868-57a2d4851a1d" />
    <TestEntry testId="16676cd4-3af1-1b40-f8fd-0b757767ae35" executionId="5c876464-ee32-47ea-b06c-687f1c53ef25" testListId="8c84fa94-04c1-424b-9868-57a2d4851a1d" />
    <TestEntry testId="aeef6c1f-4c83-a297-28c5-f2458e78b8fa" executionId="e8e06dbe-26f3-49a6-85bd-4aa6944ce39a" testListId="8c84fa94-04c1-424b-9868-57a2d4851a1d" />
    <TestEntry testId="bc42b46e-3ad8-9bd9-e407-c79f3c41a24a" executionId="7e40edd1-cb08-498a-b907-1b23624b570a" testListId="8c84fa94-04c1-424b-9868-57a2d4851a1d" />
    <TestEntry testId="cc729317-8003-3dcb-4690-b7bab2deead5" executionId="351edfe9-d59a-496a-b811-5f400fd7c2a1" testListId="8c84fa94-04c1-424b-9868-57a2d4851a1d" />
    <TestEntry testId="7e6f01e0-6e4a-e81f-57f2-c8127ebd815b" executionId="de6dd8e7-7d72-4545-b34e-bcf4a6039861" testListId="8c84fa94-04c1-424b-9868-57a2d4851a1d" />
    <TestEntry testId="b126bbc4-6355-64b2-7b0e-a07a415e03cd" executionId="e6335fcb-a90a-452b-814e-acddd02655f1" testListId="8c84fa94-04c1-424b-9868-57a2d4851a1d" />
    <TestEntry testId="f87bdbf8-6366-f4cc-9c50-055e8e1058ed" executionId="a4bad461-6cf6-41f2-b342-e2b23d34f500" testListId="8c84fa94-04c1-424b-9868-57a2d4851a1d" />
    <TestEntry testId="c5a9b9e3-ddc7-d599-f7fe-3844f6f9e15e" executionId="15fd5fb1-f452-42f1-8ff8-37f2f4cb0822" testListId="8c84fa94-04c1-424b-9868-57a2d4851a1d" />
    <TestEntry testId="ecfc6ba1-5f0a-aa01-e635-13a76143e3af" executionId="be48712d-1327-49b9-84c3-426901ce894d" testListId="8c84fa94-04c1-424b-9868-57a2d4851a1d" />
    <TestEntry testId="c11becfa-b802-6cdb-ce4e-e4281ec502ee" executionId="9991d272-b886-4154-b182-63331569685d" testListId="8c84fa94-04c1-424b-9868-57a2d4851a1d" />
    <TestEntry testId="8b238217-430f-05ee-47e5-89c18f51b0b9" executionId="4fa88eee-14aa-4604-93d4-7a48b08738d6" testListId="8c84fa94-04c1-424b-9868-57a2d4851a1d" />
    <TestEntry testId="50cf843a-7917-122d-91e8-dbab549c9083" executionId="9eb063b8-b263-4caa-afef-29edd5d02649" testListId="8c84fa94-04c1-424b-9868-57a2d4851a1d" />
    <TestEntry testId="6a8fa308-ac39-ccff-224f-2c11a1875cff" executionId="b3de4f74-770d-4e20-bd5c-8ed6ef52d8c9" testListId="8c84fa94-04c1-424b-9868-57a2d4851a1d" />
    <TestEntry testId="c808a093-8195-0aab-e564-4015d1f64b86" executionId="75a4b54f-d390-4c00-a8cc-6aeba83bdad1" testListId="8c84fa94-04c1-424b-9868-57a2d4851a1d" />
    <TestEntry testId="6ac90c63-c23f-6f1a-ea9b-05c892b344e8" executionId="bf9dc5a8-a3ac-4cfe-9796-b3f6be38f380" testListId="8c84fa94-04c1-424b-9868-57a2d4851a1d" />
    <TestEntry testId="84fc2d45-9c65-24ed-a603-3dd6b23b161b" executionId="9f5bca02-599b-44e3-9373-51ec2cf5ec36" testListId="8c84fa94-04c1-424b-9868-57a2d4851a1d" />
    <TestEntry testId="4ebe8040-de48-1757-191f-73ec1eccf02d" executionId="d168e2f4-9900-4c51-87a9-4369db841aa0" testListId="8c84fa94-04c1-424b-9868-57a2d4851a1d" />
    <TestEntry testId="5f070273-889c-c350-6e7c-2ac18b92811d" executionId="57341e38-f0a9-48e2-9c5b-3fcdb51b5bf2" testListId="8c84fa94-04c1-424b-9868-57a2d4851a1d" />
    <TestEntry testId="7b0075a6-a37e-989f-ba7f-1766dadf06a6" executionId="4d45a22f-ca21-4d0a-a39a-22d4af851358" testListId="8c84fa94-04c1-424b-9868-57a2d4851a1d" />
    <TestEntry testId="a01967fd-fbe7-36ce-1ca1-d3fd457b8d42" executionId="c312846d-3d64-4319-aa66-2cfe1a56b36f" testListId="8c84fa94-04c1-424b-9868-57a2d4851a1d" />
    <TestEntry testId="0f0f7131-42bd-3008-39e4-936130039165" executionId="1a21b89a-719f-4938-93f0-e63d7f329050" testListId="8c84fa94-04c1-424b-9868-57a2d4851a1d" />
    <TestEntry testId="e977703f-2970-df2c-d9d1-2e6c523b5ab1" executionId="4175441c-6a86-423c-8266-208f564d4d42" testListId="8c84fa94-04c1-424b-9868-57a2d4851a1d" />
    <TestEntry testId="21a039f5-a92d-7952-0779-2ef36815aea5" executionId="cc280239-dc3f-4890-a5c1-2fc6e9b6e530" testListId="8c84fa94-04c1-424b-9868-57a2d4851a1d" />
    <TestEntry testId="a17e8d02-5a28-ea2d-f09e-368bfc7a6e40" executionId="90e4f181-ae71-4d54-9750-742e363d9f78" testListId="8c84fa94-04c1-424b-9868-57a2d4851a1d" />
    <TestEntry testId="398e487f-9dca-6d67-fd26-4c9254a8ff88" executionId="3024090f-5be0-4fe9-a052-fdd654569391" testListId="8c84fa94-04c1-424b-9868-57a2d4851a1d" />
    <TestEntry testId="7f9ed6cf-7a79-9d37-5f62-7db0e658076c" executionId="e362358c-90d1-4078-aa14-e2c61fb10244" testListId="8c84fa94-04c1-424b-9868-57a2d4851a1d" />
    <TestEntry testId="9f360e22-795c-5c17-8bb8-33a39a68517b" executionId="612aecb1-4f1d-4b8c-ba5a-5902a0b362bc" testListId="8c84fa94-04c1-424b-9868-57a2d4851a1d" />
    <TestEntry testId="e0aa219f-1854-91b3-3e29-4258ec3f3da6" executionId="7d3fe203-8e2e-4b46-9eb1-5b240f6e89cb" testListId="8c84fa94-04c1-424b-9868-57a2d4851a1d" />
    <TestEntry testId="f3eff344-b8fc-0e39-5989-18b02610ed7c" executionId="10275d5b-7731-45b5-a081-01412e766687" testListId="8c84fa94-04c1-424b-9868-57a2d4851a1d" />
    <TestEntry testId="a2237cff-2fec-9f3d-16cc-4fd05503957e" executionId="bb4c7201-a096-4ec4-a9c8-b2cc4882db10" testListId="8c84fa94-04c1-424b-9868-57a2d4851a1d" />
    <TestEntry testId="5830e48c-ec35-ee5c-5f9f-1b8deedc3e70" executionId="688dca62-68f8-42fd-8958-0f31c15c5fd7" testListId="8c84fa94-04c1-424b-9868-57a2d4851a1d" />
    <TestEntry testId="33675f94-c719-761f-5636-41fb611944c3" executionId="1588f479-2fe2-4ed0-8676-4ba1c1b92a8f" testListId="8c84fa94-04c1-424b-9868-57a2d4851a1d" />
    <TestEntry testId="a0116380-da24-5eef-9985-8a188dfc4704" executionId="bc61dfdc-d7f0-484e-bac2-5c78ca2a6a70" testListId="8c84fa94-04c1-424b-9868-57a2d4851a1d" />
    <TestEntry testId="dda34e2b-0d6b-f778-6cc1-d3fd58535a8e" executionId="b46774d3-5412-48e1-9e4f-104f9399f940" testListId="8c84fa94-04c1-424b-9868-57a2d4851a1d" />
    <TestEntry testId="1cff3eca-d525-091e-65e2-230ac0996f0f" executionId="6b367c48-d1c4-40aa-a946-308ba7461a78" testListId="8c84fa94-04c1-424b-9868-57a2d4851a1d" />
    <TestEntry testId="b53777b6-9b17-4b3f-bddc-b6f07e3ad483" executionId="4da8dcfe-5e84-4bdb-b81f-7dce628cae76" testListId="8c84fa94-04c1-424b-9868-57a2d4851a1d" />
    <TestEntry testId="0c1ed704-8205-a20a-83ff-3afa740995be" executionId="5b15dad3-c872-49e7-a44e-4c240439f5c4" testListId="8c84fa94-04c1-424b-9868-57a2d4851a1d" />
    <TestEntry testId="330e6a9d-2d5c-ac83-143d-e6e550e3720b" executionId="63525cb6-962d-49ca-980e-1130b4b4c610" testListId="8c84fa94-04c1-424b-9868-57a2d4851a1d" />
    <TestEntry testId="f7d42701-2ea6-710a-c26e-6a5c6247f8de" executionId="d75cb8bd-9c78-4579-87b6-e9ab55edcc13" testListId="8c84fa94-04c1-424b-9868-57a2d4851a1d" />
    <TestEntry testId="0e31cfb4-c48c-f98b-c02a-b0ce70005a5e" executionId="cb6beb17-e8c1-4d6e-86fe-a35c79e2f449" testListId="8c84fa94-04c1-424b-9868-57a2d4851a1d" />
    <TestEntry testId="69b26249-94e9-7c44-10dc-7b2701eb66e6" executionId="a8e0eae2-e1e7-4020-8134-f067a060a63a" testListId="8c84fa94-04c1-424b-9868-57a2d4851a1d" />
    <TestEntry testId="49529985-1ba0-c238-eae3-48cc6bd0feac" executionId="097ad421-4016-46a1-b7e0-30807df967f8" testListId="8c84fa94-04c1-424b-9868-57a2d4851a1d" />
    <TestEntry testId="abd4b833-c358-500a-7788-db40ecef5e75" executionId="097c3d97-8cbc-4fd6-81af-c95ab90d91b6" testListId="8c84fa94-04c1-424b-9868-57a2d4851a1d" />
    <TestEntry testId="48e43d53-7c28-80cb-4d94-a851e7def8d6" executionId="485f38eb-ff52-48b3-a2d5-d64a5d3ad9d8" testListId="8c84fa94-04c1-424b-9868-57a2d4851a1d" />
    <TestEntry testId="d3b84e20-e2d1-bc9e-eadc-945089fa4f50" executionId="07a52dc3-1bef-4415-b7a8-80fd1f393ff8" testListId="8c84fa94-04c1-424b-9868-57a2d4851a1d" />
    <TestEntry testId="facdbc00-3344-ebbb-65de-f4f2d40c143a" executionId="9bbf7174-dfab-4a30-bfc5-253a2f05dc33" testListId="8c84fa94-04c1-424b-9868-57a2d4851a1d" />
    <TestEntry testId="856c68f3-4881-d96b-cb1b-41d24780a2bb" executionId="d58bf06b-612a-46ca-bef4-85b7ba714b76" testListId="8c84fa94-04c1-424b-9868-57a2d4851a1d" />
    <TestEntry testId="a7b1190d-96a0-cc80-f0bd-b3feded255cb" executionId="449584aa-c0a9-4744-84a5-19f76fae15fc" testListId="8c84fa94-04c1-424b-9868-57a2d4851a1d" />
    <TestEntry testId="3cb4d030-e34c-4c73-8e37-551b04141e43" executionId="fe8bea21-e362-4ba4-b6a3-2549dd1e15f8" testListId="8c84fa94-04c1-424b-9868-57a2d4851a1d" />
    <TestEntry testId="59a687c4-cb9f-631c-69ed-da984b9e6b7a" executionId="61aae297-b633-4058-8fc4-a5e0a788c4e9" testListId="8c84fa94-04c1-424b-9868-57a2d4851a1d" />
    <TestEntry testId="9e542a9d-17aa-18eb-fcd9-68e906b0cbf9" executionId="5d585f91-21d7-4c53-b65f-f5689fdabce6" testListId="8c84fa94-04c1-424b-9868-57a2d4851a1d" />
    <TestEntry testId="33b4f16b-c0a6-76f0-1897-1fedd2028106" executionId="74ea8457-d087-4629-800f-35724c1168c5" testListId="8c84fa94-04c1-424b-9868-57a2d4851a1d" />
    <TestEntry testId="725b3199-f97f-4e4e-3df7-e4d50227cc9c" executionId="7da66071-de1b-408c-a9f2-7a36cd4e9187" testListId="8c84fa94-04c1-424b-9868-57a2d4851a1d" />
    <TestEntry testId="d08fd0d0-106c-6df0-e83c-5d210fcd79c8" executionId="40d969ea-7fa3-44b0-9504-38bf5e66b074" testListId="8c84fa94-04c1-424b-9868-57a2d4851a1d" />
    <TestEntry testId="a39446df-6f24-60d3-7536-413204661085" executionId="4b1d0337-c20f-4e91-8908-345e9327acf9" testListId="8c84fa94-04c1-424b-9868-57a2d4851a1d" />
    <TestEntry testId="476ef389-cb99-4565-a578-a52bf7decd04" executionId="07f74664-4d9c-42cb-ba54-5cf054ccae37" testListId="8c84fa94-04c1-424b-9868-57a2d4851a1d" />
    <TestEntry testId="3dff1f41-5a6c-1f6b-dc94-6936d92863d6" executionId="6ec7d69d-f09b-4eee-bc7a-8ce6b9197fdb" testListId="8c84fa94-04c1-424b-9868-57a2d4851a1d" />
    <TestEntry testId="81256e9c-7576-e53d-a206-ff8d79a392bb" executionId="96ffecb7-8b5a-43c9-8df6-c644e16244d2" testListId="8c84fa94-04c1-424b-9868-57a2d4851a1d" />
    <TestEntry testId="b61c59b3-029a-0817-1252-32f71c8216f9" executionId="c6a0bd72-d7b3-4eb0-a684-11118f139fe6" testListId="8c84fa94-04c1-424b-9868-57a2d4851a1d" />
    <TestEntry testId="cbf74680-c91c-0984-eb66-6d8ceb9c17ab" executionId="499e467f-f6d3-475b-b188-ab55dd4580b0" testListId="8c84fa94-04c1-424b-9868-57a2d4851a1d" />
    <TestEntry testId="46745519-9ecc-7f3f-f79a-bc558a311ac6" executionId="04c26cc9-07b7-4d12-88a3-ec6e8051f32b" testListId="8c84fa94-04c1-424b-9868-57a2d4851a1d" />
    <TestEntry testId="729c0c4c-75b6-3606-8352-31e30f6054ad" executionId="035204f3-f26e-4094-849e-787e32d9f717" testListId="8c84fa94-04c1-424b-9868-57a2d4851a1d" />
    <TestEntry testId="c3800336-306f-d7b8-9385-05631f008da4" executionId="6db7df78-9acf-460c-9466-bb80c574001c" testListId="8c84fa94-04c1-424b-9868-57a2d4851a1d" />
    <TestEntry testId="b4ef782b-9320-c210-3644-282eb256ccea" executionId="caee716c-ebc8-42d3-a80f-3caaa33ad42f" testListId="8c84fa94-04c1-424b-9868-57a2d4851a1d" />
    <TestEntry testId="7468abf9-8496-a9ce-938c-e8b14b5f2200" executionId="b88ae202-9d48-4ffc-a815-d88be4df806b" testListId="8c84fa94-04c1-424b-9868-57a2d4851a1d" />
    <TestEntry testId="d83a4903-12f4-40d7-6107-dfc77d36cf8a" executionId="a07e8bc1-1bea-4393-938c-5a34f664bbd7" testListId="8c84fa94-04c1-424b-9868-57a2d4851a1d" />
    <TestEntry testId="6c12d520-15aa-b4cf-0a08-c96da7cf1722" executionId="518d6faa-5067-4799-9c97-2a5f45d50970" testListId="8c84fa94-04c1-424b-9868-57a2d4851a1d" />
    <TestEntry testId="dfe5eb18-fc86-0989-8caf-49b9107cfa43" executionId="5895fece-cef0-41d6-99d4-d4fa75c8b6dd" testListId="8c84fa94-04c1-424b-9868-57a2d4851a1d" />
    <TestEntry testId="ab424643-ee10-dbb4-356f-30ee770a2155" executionId="81371322-0957-4837-91b0-a3a47391e4c1" testListId="8c84fa94-04c1-424b-9868-57a2d4851a1d" />
    <TestEntry testId="b4bc3446-4a33-e238-ffe8-f27ad8971712" executionId="56ebb9ce-a9f9-478e-9556-c0d869a93d9d" testListId="8c84fa94-04c1-424b-9868-57a2d4851a1d" />
    <TestEntry testId="7a991418-161a-8bc7-48a3-d4da676431a8" executionId="0ceb5b81-d85a-412c-8903-baf41067afe0" testListId="8c84fa94-04c1-424b-9868-57a2d4851a1d" />
    <TestEntry testId="d2f0f18f-d511-3fd1-b6ef-762c17fc2632" executionId="f1c8cc19-6bb2-4168-969f-a40c159ad6c9" testListId="8c84fa94-04c1-424b-9868-57a2d4851a1d" />
    <TestEntry testId="a447afd4-2d0d-357e-0812-7bd1cc83ab2a" executionId="73c55dd1-d6c4-4926-b930-d299858270b6" testListId="8c84fa94-04c1-424b-9868-57a2d4851a1d" />
    <TestEntry testId="f9925917-8140-bd6d-1fd3-76831b749208" executionId="806da4e3-1a60-4277-bd56-e67e921c2338" testListId="8c84fa94-04c1-424b-9868-57a2d4851a1d" />
    <TestEntry testId="bde7a222-ad8e-3af2-d4c0-949060459864" executionId="2c107489-b9b4-451c-8932-1315648a421e" testListId="8c84fa94-04c1-424b-9868-57a2d4851a1d" />
    <TestEntry testId="d298a578-cf4a-5724-204a-283c52f4d161" executionId="acd377a1-4780-4ad1-affd-0cfd47179b5b" testListId="8c84fa94-04c1-424b-9868-57a2d4851a1d" />
    <TestEntry testId="2fad831b-dada-8534-2cae-bc8f8eabad64" executionId="e5d2cc6b-3257-4196-86f0-88ab888db5b1" testListId="8c84fa94-04c1-424b-9868-57a2d4851a1d" />
    <TestEntry testId="cee29a5a-9206-9b74-96ac-28ce4de6a024" executionId="03437f0a-2838-4a66-9d58-6400c4f1bc37" testListId="8c84fa94-04c1-424b-9868-57a2d4851a1d" />
    <TestEntry testId="5b57b096-32f8-a318-15a0-dbd4aa3c2753" executionId="4daa9bfb-5427-44be-b8db-b7bd05b70dcb" testListId="8c84fa94-04c1-424b-9868-57a2d4851a1d" />
    <TestEntry testId="5e6d963b-b1b0-9e97-ce84-57c0b0288549" executionId="45eec7a2-5bef-4971-b59c-1ff5ae3e072e" testListId="8c84fa94-04c1-424b-9868-57a2d4851a1d" />
    <TestEntry testId="1ae52b3a-7f71-39ee-b374-bc88518d0a21" executionId="226ccb3b-7557-4f8b-ba05-c6e69e097c54" testListId="8c84fa94-04c1-424b-9868-57a2d4851a1d" />
    <TestEntry testId="e5bc4ebc-87db-486a-42fb-aa45ec30b12b" executionId="9e9fd6b4-7555-431b-9869-c863a0e29931" testListId="8c84fa94-04c1-424b-9868-57a2d4851a1d" />
    <TestEntry testId="cb156529-9899-4aae-6bb8-bbac8771853d" executionId="8416e6ed-6d49-4e1e-8d1b-b75edb7a7c2c" testListId="8c84fa94-04c1-424b-9868-57a2d4851a1d" />
    <TestEntry testId="74b2bb2e-78b9-c0b6-bf8c-1bbb711a6582" executionId="c9045867-e8b8-4b80-b215-637039626cab" testListId="8c84fa94-04c1-424b-9868-57a2d4851a1d" />
    <TestEntry testId="189e2ed8-2590-6f80-cf67-f946098c2a53" executionId="3f067ed3-1605-4cf8-bb5e-f99d0025ecf0" testListId="8c84fa94-04c1-424b-9868-57a2d4851a1d" />
    <TestEntry testId="3515ab69-b8ab-9731-40c5-aa9261919d51" executionId="1a8dbec3-567c-4834-8d41-4dc64fe5b615" testListId="8c84fa94-04c1-424b-9868-57a2d4851a1d" />
    <TestEntry testId="be72001e-cbeb-f70f-60bd-efa29a260472" executionId="66cb5514-c9fb-434d-ab08-25d3624f4cec" testListId="8c84fa94-04c1-424b-9868-57a2d4851a1d" />
    <TestEntry testId="dccffa84-7c98-4410-7aaa-69b1a9b9bf4b" executionId="d5a1f5d4-2344-4fdc-89c1-aa30088335bc" testListId="8c84fa94-04c1-424b-9868-57a2d4851a1d" />
    <TestEntry testId="2a067b92-4347-6a39-bc15-e87ff4d0efc9" executionId="8a80da78-785a-4193-8348-645e8e3b85ed" testListId="8c84fa94-04c1-424b-9868-57a2d4851a1d" />
    <TestEntry testId="a0d50940-2432-3acf-bdae-0dfaf7c5f854" executionId="abf948b2-bf9c-4d3d-ad16-04b6ad08304e" testListId="8c84fa94-04c1-424b-9868-57a2d4851a1d" />
    <TestEntry testId="7ac45643-e8d3-e0a9-5634-02ae2a6a3051" executionId="f1c54323-4f60-42d4-88fa-0d0edefb3ed8" testListId="8c84fa94-04c1-424b-9868-57a2d4851a1d" />
    <TestEntry testId="9f056c08-18de-7324-0ad3-bd5aa991fc91" executionId="d6d21cf9-dc4f-4aca-90de-3cad7ae7fb5f" testListId="8c84fa94-04c1-424b-9868-57a2d4851a1d" />
    <TestEntry testId="99b054db-dc54-f38e-941b-12cf00b7ca8e" executionId="77d4bdf4-4086-4dda-abd7-df0f70ff802b" testListId="8c84fa94-04c1-424b-9868-57a2d4851a1d" />
    <TestEntry testId="f25cced5-ce9e-bbb4-b8c8-3e87f67f7dc4" executionId="42d33e90-a9ed-4fe3-8710-65e2a9026f2c" testListId="8c84fa94-04c1-424b-9868-57a2d4851a1d" />
    <TestEntry testId="1361d5d5-52ef-44c5-6dcc-69e48369bb22" executionId="c5c79024-ae9b-4fdf-b183-1b269a40fbf5" testListId="8c84fa94-04c1-424b-9868-57a2d4851a1d" />
    <TestEntry testId="32505077-4fe1-2204-4219-664d842b3cbd" executionId="bb98096d-e305-430b-a12f-dc2bc06687a9" testListId="8c84fa94-04c1-424b-9868-57a2d4851a1d" />
    <TestEntry testId="2bc70be2-ffe0-b742-b080-3426828dbdf8" executionId="f19cfab3-1035-44ce-beee-4b61911a3abe" testListId="8c84fa94-04c1-424b-9868-57a2d4851a1d" />
    <TestEntry testId="07adac7c-44a1-f7fd-b195-61aec0a8c77d" executionId="c36a98b7-4727-4172-ac13-34aad71131fe" testListId="8c84fa94-04c1-424b-9868-57a2d4851a1d" />
    <TestEntry testId="2b2d084f-5640-0691-4200-77423cd95a54" executionId="72447da4-0537-4495-bfdc-20fd63d8230b" testListId="8c84fa94-04c1-424b-9868-57a2d4851a1d" />
    <TestEntry testId="2b7c73e8-3685-8491-b861-62d5fe5e1781" executionId="af341710-e9ee-4cf5-9f3e-ca0717516c2e" testListId="8c84fa94-04c1-424b-9868-57a2d4851a1d" />
    <TestEntry testId="d4e569f1-10c6-3311-ff80-77655b87aa0b" executionId="e4a9966e-e387-4ea5-85b2-09518a536cfa" testListId="8c84fa94-04c1-424b-9868-57a2d4851a1d" />
    <TestEntry testId="3a1ee3d4-bee4-132c-f414-9fc20d7683da" executionId="77d11fb8-ed36-4b6d-9e86-b64bf0961e27" testListId="8c84fa94-04c1-424b-9868-57a2d4851a1d" />
    <TestEntry testId="45ad0a95-8260-c925-5d56-45d076826047" executionId="09ca9c3a-da94-47c7-9b63-aa0082c46da1" testListId="8c84fa94-04c1-424b-9868-57a2d4851a1d" />
    <TestEntry testId="517deaa3-fb72-43d4-f26a-18dc2c3127b6" executionId="89bacea9-ba35-4b39-b8b8-e4f47645b1f4" testListId="8c84fa94-04c1-424b-9868-57a2d4851a1d" />
    <TestEntry testId="9a36ccfd-d63a-659a-1e69-f453dafefad6" executionId="756189ae-3305-4639-b232-0b35a2379ee4" testListId="8c84fa94-04c1-424b-9868-57a2d4851a1d" />
    <TestEntry testId="f40cd8a4-121f-c14e-cc4f-2cfd0883c319" executionId="3f39ae4d-8558-4fd5-a6ab-f44c9075308a" testListId="8c84fa94-04c1-424b-9868-57a2d4851a1d" />
    <TestEntry testId="e301d847-37c6-086f-9b26-007beaf92f5d" executionId="43c367db-fe40-4f78-9edf-7b3ac2f2cf6f" testListId="8c84fa94-04c1-424b-9868-57a2d4851a1d" />
    <TestEntry testId="40c9aad1-ee00-e27d-0b4f-d8f949438612" executionId="f7dc9471-24b1-4f2b-b624-55d0195bfb5d" testListId="8c84fa94-04c1-424b-9868-57a2d4851a1d" />
    <TestEntry testId="93203ca6-739a-f1e1-3f23-53da55ebd190" executionId="33a57b03-9724-49fa-9d66-37d89f65dc6f" testListId="8c84fa94-04c1-424b-9868-57a2d4851a1d" />
    <TestEntry testId="7716f847-a934-7066-ece4-1dbcf9a6f5bd" executionId="8d571191-1713-4889-9201-3c77266a29fe" testListId="8c84fa94-04c1-424b-9868-57a2d4851a1d" />
    <TestEntry testId="6152e041-6043-20aa-4ee6-2fde325c4d9c" executionId="6653f21f-4096-4843-a953-866ea9411d48" testListId="8c84fa94-04c1-424b-9868-57a2d4851a1d" />
    <TestEntry testId="c9377d28-ab28-8cea-c0b0-302ce1bcb067" executionId="fda19a61-c843-4b11-9a57-5c07d4a49d03" testListId="8c84fa94-04c1-424b-9868-57a2d4851a1d" />
    <TestEntry testId="b7ea915e-8d23-5a60-08af-57723815f578" executionId="a2bbb903-88af-4ce6-a8e4-f88ffba7b672" testListId="8c84fa94-04c1-424b-9868-57a2d4851a1d" />
    <TestEntry testId="fe1191f9-4ecd-2913-fb7b-c5e75f511287" executionId="dec4373f-85f5-4f47-a6c2-b7185231eec8" testListId="8c84fa94-04c1-424b-9868-57a2d4851a1d" />
    <TestEntry testId="67643f1b-8036-19eb-72c3-d7d1af0dea43" executionId="7e1e4a3e-ca19-4ec9-86b4-733213740118" testListId="8c84fa94-04c1-424b-9868-57a2d4851a1d" />
    <TestEntry testId="07b8ae28-3f7d-4c7c-c1aa-a7481b9226b5" executionId="85186d50-8b18-4f40-a2de-7f6997622eab" testListId="8c84fa94-04c1-424b-9868-57a2d4851a1d" />
    <TestEntry testId="3b623a3d-89e2-adbe-0562-30890ff4514f" executionId="b695ac23-e87a-4d6f-ae0d-091565c2329f" testListId="8c84fa94-04c1-424b-9868-57a2d4851a1d" />
    <TestEntry testId="ad182115-1963-3cb0-c943-5a18434006c2" executionId="89f27ccc-0219-4405-95ab-07b586e9a92a" testListId="8c84fa94-04c1-424b-9868-57a2d4851a1d" />
    <TestEntry testId="122a7ff7-08e1-f4dc-a56a-6d770b30253d" executionId="3c27b1c2-9a91-41f2-917e-5b8d8da4d5d5" testListId="8c84fa94-04c1-424b-9868-57a2d4851a1d" />
    <TestEntry testId="33d6df35-743f-3933-86b9-c0c13618fe51" executionId="da52302b-ff71-4d82-a9ed-3d31fb69868f" testListId="8c84fa94-04c1-424b-9868-57a2d4851a1d" />
    <TestEntry testId="2fa8526c-a521-f4dd-f525-15d0ffe38536" executionId="cfa43421-1724-4938-a09a-c569114c20c9" testListId="8c84fa94-04c1-424b-9868-57a2d4851a1d" />
    <TestEntry testId="d818aa24-7faf-b679-f37f-e2929af9a569" executionId="9fb0bd07-9979-407c-a6c6-b8360bf71279" testListId="8c84fa94-04c1-424b-9868-57a2d4851a1d" />
    <TestEntry testId="79533e52-233d-e680-ff9d-b0bffcd77412" executionId="2e072430-7394-4234-bfe4-c0ea449c62d3" testListId="8c84fa94-04c1-424b-9868-57a2d4851a1d" />
    <TestEntry testId="b6c9091d-bcc3-5cee-d00b-d898c91721c4" executionId="98f63618-9425-4fc6-b568-821014234cad" testListId="8c84fa94-04c1-424b-9868-57a2d4851a1d" />
    <TestEntry testId="a86a3687-379f-3de9-0259-cf26ca96ae61" executionId="ccdeec59-7523-4cf9-968d-d553070b031c" testListId="8c84fa94-04c1-424b-9868-57a2d4851a1d" />
    <TestEntry testId="5f16e599-0edf-c76a-748c-623462ea92a5" executionId="246148c9-033a-4293-bfbe-553fc7ee9b60" testListId="8c84fa94-04c1-424b-9868-57a2d4851a1d" />
    <TestEntry testId="d908c8a8-2398-0e10-28f9-4b3de740a2b8" executionId="5b9a0f01-20d3-44b1-9720-a05be7a0beb7" testListId="8c84fa94-04c1-424b-9868-57a2d4851a1d" />
    <TestEntry testId="0f470e8f-f37d-d726-0ed9-2faddccddbca" executionId="6fc4ebd7-2dea-46c1-b439-4cab9bfb0535" testListId="8c84fa94-04c1-424b-9868-57a2d4851a1d" />
    <TestEntry testId="c0f579a5-5ae7-71d9-6691-3cfa7f1b150a" executionId="71b5c9e9-aedf-4f4a-8ccf-a0c024e31cc2" testListId="8c84fa94-04c1-424b-9868-57a2d4851a1d" />
    <TestEntry testId="37ff3888-9777-0cdf-214f-477a32f5fbee" executionId="7f11f3f1-2cd1-427d-99ae-984b44f6d1c6" testListId="8c84fa94-04c1-424b-9868-57a2d4851a1d" />
    <TestEntry testId="b79a5e07-1e7c-c356-7199-6e39153fecb6" executionId="41045988-e8b2-4fde-8196-b775ce04616c" testListId="8c84fa94-04c1-424b-9868-57a2d4851a1d" />
    <TestEntry testId="b05b330f-5d99-5f6e-5424-2528823be4f6" executionId="3fa00d2e-7d12-43c9-8317-7a4a54bd6812" testListId="8c84fa94-04c1-424b-9868-57a2d4851a1d" />
    <TestEntry testId="e6c2e5fc-7fb8-b319-6ad8-57edc8eaae1a" executionId="f64a6ce7-307f-45c5-8e73-501bf533998f" testListId="8c84fa94-04c1-424b-9868-57a2d4851a1d" />
    <TestEntry testId="6dd7d197-bf00-3c2b-0bfa-cfbbc2b0d93c" executionId="2fc8edea-5fe9-4b73-92c4-9fc13cfbf49d" testListId="8c84fa94-04c1-424b-9868-57a2d4851a1d" />
    <TestEntry testId="d9c896b3-18ac-1bf3-97b7-05dfbfa56ea2" executionId="6927a68b-4a53-46a2-b66f-f19d9c52ba97" testListId="8c84fa94-04c1-424b-9868-57a2d4851a1d" />
    <TestEntry testId="134ae08d-1d0a-1973-58ab-5b1798125f37" executionId="ef51df6b-4bcb-4960-8d15-44874e80ea91" testListId="8c84fa94-04c1-424b-9868-57a2d4851a1d" />
    <TestEntry testId="bc2db273-e428-de1d-791f-6018cb46f40b" executionId="53d19281-799f-4885-9c4f-40838945c8b9" testListId="8c84fa94-04c1-424b-9868-57a2d4851a1d" />
    <TestEntry testId="021ef098-7dbe-513e-8387-e4ed44861025" executionId="e270392a-d8d9-4f1c-9b1d-64dc22035a62" testListId="8c84fa94-04c1-424b-9868-57a2d4851a1d" />
    <TestEntry testId="e8a8896f-e6f5-3a84-3848-09ca421d6b30" executionId="b7e231f3-b1f4-43af-ad41-f0416ab5faab" testListId="8c84fa94-04c1-424b-9868-57a2d4851a1d" />
    <TestEntry testId="940b531e-2790-8e0d-49d2-253e218ff75a" executionId="75c17976-18a1-40e3-ae4d-5f9006f37d34" testListId="8c84fa94-04c1-424b-9868-57a2d4851a1d" />
    <TestEntry testId="92137449-d2b3-f66c-1ac0-02ad6dd462b9" executionId="836f5eaf-2bf4-4b06-b48c-95218d9ec24f" testListId="8c84fa94-04c1-424b-9868-57a2d4851a1d" />
    <TestEntry testId="634c3d39-dd7c-75cb-c220-3f7b2938c830" executionId="10b994a8-915b-440e-932a-417d828c04f8" testListId="8c84fa94-04c1-424b-9868-57a2d4851a1d" />
    <TestEntry testId="91caed3b-2955-2bf7-0a49-1538d6760b9b" executionId="21286d63-b930-4ca0-8ad0-21194b5724b2" testListId="8c84fa94-04c1-424b-9868-57a2d4851a1d" />
    <TestEntry testId="8062c4ed-4139-90d1-1d4d-27bbbb4874ab" executionId="1f014c55-6a62-49d1-8ff5-855fd3072e9c" testListId="8c84fa94-04c1-424b-9868-57a2d4851a1d" />
    <TestEntry testId="e81ed2b9-9c7f-074e-5740-b30036c6ffca" executionId="61bc6243-050b-4d33-9c87-0aaedf786a0b" testListId="8c84fa94-04c1-424b-9868-57a2d4851a1d" />
    <TestEntry testId="f9b4a59e-f609-4a39-b0af-d9d71a052b87" executionId="41824ab2-544a-41e1-8014-4b6f03f0a0a5" testListId="8c84fa94-04c1-424b-9868-57a2d4851a1d" />
    <TestEntry testId="c97edf9e-6f9b-d171-d88b-6c67b4a76d09" executionId="95f71689-c36e-4278-813f-64f9a3636211" testListId="8c84fa94-04c1-424b-9868-57a2d4851a1d" />
    <TestEntry testId="eceaaf6b-5306-b6a9-a798-462c0467ff4a" executionId="9b002f52-5ae6-4f02-bc44-e28c982ed75c" testListId="8c84fa94-04c1-424b-9868-57a2d4851a1d" />
    <TestEntry testId="6675b4f2-1c41-c131-8a1d-4566375e4ed0" executionId="093858de-bcb4-4a2f-81b2-7bd3dd769b68" testListId="8c84fa94-04c1-424b-9868-57a2d4851a1d" />
    <TestEntry testId="146196f5-f90c-a6d4-6ef4-bdf63a422741" executionId="fdfe91cb-65ae-4287-8110-e0df42403595" testListId="8c84fa94-04c1-424b-9868-57a2d4851a1d" />
    <TestEntry testId="9ebed48c-2db3-f4a5-ffbd-adc1b1c4df6f" executionId="b9c81d1c-2253-49b0-a5cf-cd7e3f0fc56b" testListId="8c84fa94-04c1-424b-9868-57a2d4851a1d" />
    <TestEntry testId="d13aa229-8e39-18d5-187c-99e8a2b31cd1" executionId="c829ec0d-3531-496c-858f-244e5bd84d25" testListId="8c84fa94-04c1-424b-9868-57a2d4851a1d" />
    <TestEntry testId="c77a073d-bd7f-a0bc-7dc1-d2b9a4ec3a28" executionId="7f68221c-88ae-4324-80aa-809139a2c9b4" testListId="8c84fa94-04c1-424b-9868-57a2d4851a1d" />
    <TestEntry testId="b1db4271-00db-47c3-3257-a21b26aa024d" executionId="dd1ff075-be9f-47d8-ae7d-d26716164311" testListId="8c84fa94-04c1-424b-9868-57a2d4851a1d" />
    <TestEntry testId="62428f30-52d9-df43-0156-e8935a65e173" executionId="30074945-d575-42c9-92eb-0c0de6c2c6cb" testListId="8c84fa94-04c1-424b-9868-57a2d4851a1d" />
    <TestEntry testId="a14d479c-95fa-c808-46c0-2d34bef5217e" executionId="f2740ac7-9805-4912-8400-c9a7555eb299" testListId="8c84fa94-04c1-424b-9868-57a2d4851a1d" />
    <TestEntry testId="28db9034-3e2b-b2bb-67c2-1c43a25b6448" executionId="9c8946cf-97cd-482d-8cd9-5ce9e0e4b9b4" testListId="8c84fa94-04c1-424b-9868-57a2d4851a1d" />
    <TestEntry testId="aeb69c69-f399-d401-e754-f443149b61bf" executionId="ad611609-0497-416d-a076-e1bb2b6d0024" testListId="8c84fa94-04c1-424b-9868-57a2d4851a1d" />
    <TestEntry testId="dfd7d47b-3150-15b1-892c-f707b58a7859" executionId="02dba0ba-bbfa-459f-91e2-6001fa6292b2" testListId="8c84fa94-04c1-424b-9868-57a2d4851a1d" />
    <TestEntry testId="d506503d-311a-ec67-c05f-4000d3531d44" executionId="9ed47fe3-3313-4d79-9522-3d1715e0295c" testListId="8c84fa94-04c1-424b-9868-57a2d4851a1d" />
    <TestEntry testId="a52af099-adde-616a-e493-3c951c853af5" executionId="4c2423ce-c39e-4806-b2a0-aab9d1b01175" testListId="8c84fa94-04c1-424b-9868-57a2d4851a1d" />
    <TestEntry testId="80f38fd0-6f01-962d-1286-fff70fb35efb" executionId="dc64fdf1-3a0c-4852-8e11-bb86eae872e3" testListId="8c84fa94-04c1-424b-9868-57a2d4851a1d" />
    <TestEntry testId="c40bd895-725a-1fb2-ec21-aeab0bc59909" executionId="874aaecd-3851-4742-86a6-610cb7b6e6ce" testListId="8c84fa94-04c1-424b-9868-57a2d4851a1d" />
    <TestEntry testId="f936dbe2-1850-5119-1e00-9716f608d0a4" executionId="5a85921e-9d1b-4b98-bba1-f0bb85061d3a" testListId="8c84fa94-04c1-424b-9868-57a2d4851a1d" />
    <TestEntry testId="56fd3714-911e-3c1d-d65a-ddc9984079a7" executionId="1a1d61aa-40d9-40ec-839a-bab06d9bccf8" testListId="8c84fa94-04c1-424b-9868-57a2d4851a1d" />
    <TestEntry testId="6d0fa322-8959-7bc7-9627-74995f65e2a9" executionId="53542155-1ab1-41ab-85e9-1929a4ad0c70" testListId="8c84fa94-04c1-424b-9868-57a2d4851a1d" />
    <TestEntry testId="6a8d8c2c-5a74-d0ec-0a79-8c551b112800" executionId="724eb37c-cd3d-47e1-b8cf-157b520f3152" testListId="8c84fa94-04c1-424b-9868-57a2d4851a1d" />
    <TestEntry testId="968b0cfd-4e46-39af-8c32-7a63d2e0218b" executionId="d11e8e82-8d76-4b66-8ab6-d9547f58a8b5" testListId="8c84fa94-04c1-424b-9868-57a2d4851a1d" />
    <TestEntry testId="5dde1ad8-2a5f-9e49-d80b-87af96b9782f" executionId="87531a59-b9c6-4640-bac9-b690885959ce" testListId="8c84fa94-04c1-424b-9868-57a2d4851a1d" />
    <TestEntry testId="3ae92588-2163-e713-7477-64228713a6b8" executionId="7714eced-fcfc-4566-920c-a8b83198d074" testListId="8c84fa94-04c1-424b-9868-57a2d4851a1d" />
    <TestEntry testId="5323add9-9438-8c53-0fca-d94870660b43" executionId="0d7a4ed5-b94b-4a0a-8694-aeeae9bf850a" testListId="8c84fa94-04c1-424b-9868-57a2d4851a1d" />
    <TestEntry testId="cef844ae-f7df-59dd-115d-a7bcafd90e57" executionId="3568c2c9-6508-41a4-8f33-f5b8c522383e" testListId="8c84fa94-04c1-424b-9868-57a2d4851a1d" />
    <TestEntry testId="d40e99cb-258c-705b-832c-694aa024eb9b" executionId="524edf8d-e2c6-48cb-8c7a-8611a36d8331" testListId="8c84fa94-04c1-424b-9868-57a2d4851a1d" />
    <TestEntry testId="9fbd03c1-13ed-30d2-53e4-a629d9907b7f" executionId="5e75b551-980a-4979-b84a-934a560f03f4" testListId="8c84fa94-04c1-424b-9868-57a2d4851a1d" />
    <TestEntry testId="b3fb1e37-e2e5-a2a7-3eb9-4154e4ee124e" executionId="26004788-df2e-4560-ac41-496ece2a71c2" testListId="8c84fa94-04c1-424b-9868-57a2d4851a1d" />
    <TestEntry testId="7836a48f-abf6-7e36-5e54-4c0b983c976a" executionId="035ced2c-71df-4c07-913c-39865d7481af" testListId="8c84fa94-04c1-424b-9868-57a2d4851a1d" />
    <TestEntry testId="fd9e40ea-9126-c861-9dea-563c66bcf20c" executionId="a001d481-7264-40bb-9f94-92c7dbaf4050" testListId="8c84fa94-04c1-424b-9868-57a2d4851a1d" />
    <TestEntry testId="7b27a646-3b79-71b7-4cd1-43571fd2570e" executionId="63af867c-90f6-4369-96be-daffa636b4af" testListId="8c84fa94-04c1-424b-9868-57a2d4851a1d" />
    <TestEntry testId="dca228a0-81df-8712-dc7f-0dc5c847777d" executionId="e3f1448c-e561-477d-bfda-143cf5a7a262" testListId="8c84fa94-04c1-424b-9868-57a2d4851a1d" />
    <TestEntry testId="a041f741-20d8-3a12-5a12-ac603b3ef6bc" executionId="24045d9e-5bb2-4f5d-b5ce-e59a03601b24" testListId="8c84fa94-04c1-424b-9868-57a2d4851a1d" />
    <TestEntry testId="0a929c64-a22a-2fcf-f8de-0fe5c4abfe0f" executionId="38afb9db-62b6-40f5-82e2-43595db5878c" testListId="8c84fa94-04c1-424b-9868-57a2d4851a1d" />
    <TestEntry testId="36a635b8-d4a5-9a69-60b9-668002b58b49" executionId="7981d1a4-c2cc-4676-b7d4-01f67f3bec4f" testListId="8c84fa94-04c1-424b-9868-57a2d4851a1d" />
    <TestEntry testId="67c4869c-15f5-900e-172f-81dfbb8d8f9d" executionId="36812b0c-ecf2-4735-8bc0-dfa63c53fa3e" testListId="8c84fa94-04c1-424b-9868-57a2d4851a1d" />
    <TestEntry testId="d165a1f9-3d44-76cb-b902-4ddbe0cccecb" executionId="c2cf08d9-8478-406e-8898-7391d623a92f" testListId="8c84fa94-04c1-424b-9868-57a2d4851a1d" />
    <TestEntry testId="3915b03e-a985-a2c2-3ccc-dadf5b35e158" executionId="df7d6c07-a765-428a-93a1-3468b6725048" testListId="8c84fa94-04c1-424b-9868-57a2d4851a1d" />
    <TestEntry testId="7066b9b5-1610-d275-dc55-593de5802882" executionId="f41a8a11-b5b4-4448-b9ce-03cc992f1f2d" testListId="8c84fa94-04c1-424b-9868-57a2d4851a1d" />
    <TestEntry testId="df6b692b-8f1d-16a6-725c-b3998737cbae" executionId="5428bcd8-1059-4bb8-9479-e31eef274f79" testListId="8c84fa94-04c1-424b-9868-57a2d4851a1d" />
    <TestEntry testId="cc0e8736-e37c-0fe0-2c61-f81f9c25390d" executionId="d02cb9be-9488-4867-8eec-2e2d06fe1a08" testListId="8c84fa94-04c1-424b-9868-57a2d4851a1d" />
    <TestEntry testId="6596a401-a376-8fd2-668a-6808ccafe6e7" executionId="f567790c-a110-4b7a-8988-de6211a6a192" testListId="8c84fa94-04c1-424b-9868-57a2d4851a1d" />
    <TestEntry testId="62662b40-9dbf-8863-d09c-a0274ba353cf" executionId="d19424b2-e8ab-4f05-8728-a8ed8d533126" testListId="8c84fa94-04c1-424b-9868-57a2d4851a1d" />
    <TestEntry testId="3d1ea2f1-5577-20c9-e32d-81d23fe5a514" executionId="00a1b0af-4f94-4867-a157-1e79c3f9d9e7" testListId="8c84fa94-04c1-424b-9868-57a2d4851a1d" />
    <TestEntry testId="f1d3bc99-16dc-eb0d-4f79-920ef3df3a07" executionId="07474ebd-ac09-4fbd-b641-519a761053bc" testListId="8c84fa94-04c1-424b-9868-57a2d4851a1d" />
    <TestEntry testId="fca63c0e-d16d-4503-2a64-6b01e464c0f0" executionId="6556013c-cebe-47f4-9c9f-04ab2d52b4fe" testListId="8c84fa94-04c1-424b-9868-57a2d4851a1d" />
    <TestEntry testId="23436098-962c-b201-5a6c-05e35b01769d" executionId="8cde6b86-7c15-425e-9089-8733a26d3c68" testListId="8c84fa94-04c1-424b-9868-57a2d4851a1d" />
    <TestEntry testId="04753381-ed85-90b5-1a05-be092499cb90" executionId="91056b7f-505a-470f-bab8-23c5978a65c2" testListId="8c84fa94-04c1-424b-9868-57a2d4851a1d" />
    <TestEntry testId="0b54b4a5-32e6-48ab-16a8-27ca219e6ec9" executionId="a9993789-2162-4b34-9e1e-5d0256ae60e1" testListId="8c84fa94-04c1-424b-9868-57a2d4851a1d" />
    <TestEntry testId="f9648dbe-f664-0e7d-f48a-463671a37fa4" executionId="2c5439e7-6c12-4c36-a349-31ddf67d818e" testListId="8c84fa94-04c1-424b-9868-57a2d4851a1d" />
    <TestEntry testId="a2e12f75-2242-2b8d-51b3-d7a0e150a45c" executionId="3b0cd087-c4aa-40b0-a78a-b934cd6a0156" testListId="8c84fa94-04c1-424b-9868-57a2d4851a1d" />
    <TestEntry testId="a33f8d13-deba-b734-2914-a26d82968c05" executionId="8d5fe08f-5256-4286-b7ca-44b232e7de8c" testListId="8c84fa94-04c1-424b-9868-57a2d4851a1d" />
    <TestEntry testId="056db6d2-8d71-1089-b705-b6a45c621744" executionId="b1364e3d-5f9a-4aa0-8b4c-1516da82b3a8" testListId="8c84fa94-04c1-424b-9868-57a2d4851a1d" />
    <TestEntry testId="8bcfbbc0-c915-02f3-dbac-e543225952bc" executionId="2c16ca9c-d62a-49da-8f3e-b5f3608b019a" testListId="8c84fa94-04c1-424b-9868-57a2d4851a1d" />
    <TestEntry testId="a3e7e124-513f-599e-5dcf-9092069c6e07" executionId="44bab53f-d7cc-42b3-a6e9-5943d7ad7487" testListId="8c84fa94-04c1-424b-9868-57a2d4851a1d" />
    <TestEntry testId="dd7db48f-87b8-61de-b17c-06d3ef83a055" executionId="486439a3-1021-4b87-a531-c544b49b0774" testListId="8c84fa94-04c1-424b-9868-57a2d4851a1d" />
    <TestEntry testId="fb684710-7aee-b5ee-ca08-6c8c8894727b" executionId="30a6756b-1aec-47cb-bb1a-c7706af8a8ee" testListId="8c84fa94-04c1-424b-9868-57a2d4851a1d" />
    <TestEntry testId="3be3dd6c-70a8-fb50-940e-ef5b6d783571" executionId="0756e732-bf7a-4c39-887d-55ee928c67be" testListId="8c84fa94-04c1-424b-9868-57a2d4851a1d" />
    <TestEntry testId="169ff10c-e66e-16ab-a678-ea53f5925307" executionId="2561f017-8a9f-4bf1-81f9-b838bcbad534" testListId="8c84fa94-04c1-424b-9868-57a2d4851a1d" />
    <TestEntry testId="3538f6df-51fc-46bb-bdd2-8a9a714c9781" executionId="b8268bdf-4cee-4cb5-a0cc-cd74bc0aa40a" testListId="8c84fa94-04c1-424b-9868-57a2d4851a1d" />
    <TestEntry testId="40352d1e-7af0-87a6-2cbd-75971fbe368c" executionId="389445b4-f379-4213-8728-b3d59f39e9cd" testListId="8c84fa94-04c1-424b-9868-57a2d4851a1d" />
    <TestEntry testId="9e34c367-5723-2d6b-b206-e27de106d084" executionId="a32720bd-651d-48a7-b843-7492ef6802e7" testListId="8c84fa94-04c1-424b-9868-57a2d4851a1d" />
    <TestEntry testId="e2fb3b49-d247-3780-d8ba-70eea61fc9c3" executionId="41ba0216-eac6-4a68-ab5f-bacec79b3f43" testListId="8c84fa94-04c1-424b-9868-57a2d4851a1d" />
    <TestEntry testId="6a762779-34b5-9625-f1df-b0709303efc2" executionId="079b30b3-10b7-4ac0-9da1-cfa83639d026" testListId="8c84fa94-04c1-424b-9868-57a2d4851a1d" />
    <TestEntry testId="86d1cc4f-8091-b22e-336f-4cb0386e426c" executionId="66210225-da65-4266-b642-603df68904dc" testListId="8c84fa94-04c1-424b-9868-57a2d4851a1d" />
    <TestEntry testId="0f15567d-8946-0afb-e177-08aff03eae03" executionId="dbb46d91-bad3-40c9-ad02-aff2d7d0b88c" testListId="8c84fa94-04c1-424b-9868-57a2d4851a1d" />
    <TestEntry testId="bb42b17f-ff3f-6784-6f3c-e7ff14203605" executionId="48a4fd5a-d8a2-4941-bed4-34b3a4f63b8b" testListId="8c84fa94-04c1-424b-9868-57a2d4851a1d" />
    <TestEntry testId="136de879-175a-bc3d-7320-1d7a216765a0" executionId="1a09a0d8-3e8f-4a20-9381-a9133edb53bf" testListId="8c84fa94-04c1-424b-9868-57a2d4851a1d" />
    <TestEntry testId="c0d78bc9-8b22-4b83-e487-b28dbfa43be1" executionId="b8306767-9d40-4824-b48e-8827aa79ad62" testListId="8c84fa94-04c1-424b-9868-57a2d4851a1d" />
    <TestEntry testId="5a880289-fba4-8a86-5ba1-cfa26e3284b5" executionId="b82afa7a-18ec-4601-a73e-234b2653dbfd" testListId="8c84fa94-04c1-424b-9868-57a2d4851a1d" />
    <TestEntry testId="e054dcdd-51af-3c68-d12e-6dc73cf4eb19" executionId="abd73736-2b8e-4cb7-b6bf-3c4ef10b6ee3" testListId="8c84fa94-04c1-424b-9868-57a2d4851a1d" />
    <TestEntry testId="da47f623-7c3a-9404-4444-2b2c7c59f762" executionId="14062b33-0427-4d36-9d4b-eb2cd3f3da7b" testListId="8c84fa94-04c1-424b-9868-57a2d4851a1d" />
    <TestEntry testId="9b73a5d8-1c11-0cec-419f-e56feb2831ba" executionId="a8f63b47-d2b3-4868-a077-f417ef9b33bd" testListId="8c84fa94-04c1-424b-9868-57a2d4851a1d" />
    <TestEntry testId="6df818c5-73c8-7004-d8bf-eb24c08d331c" executionId="a187ba0d-2c72-4c53-8ff0-a21f4eac3ebc" testListId="8c84fa94-04c1-424b-9868-57a2d4851a1d" />
    <TestEntry testId="910d9e71-a6d1-f7ea-624f-20cad78d3822" executionId="8f2c939f-3f6a-4bd0-91d4-a548fe953ca7" testListId="8c84fa94-04c1-424b-9868-57a2d4851a1d" />
    <TestEntry testId="88cce5da-1134-4d90-54f2-f1e25810b263" executionId="ca22e130-c530-4848-8fb0-dac6c462f655" testListId="8c84fa94-04c1-424b-9868-57a2d4851a1d" />
    <TestEntry testId="6904d3c0-7be0-62c4-0ee3-07e51655142b" executionId="5bafc844-7108-4749-98a8-c46c2f3e1b1b" testListId="8c84fa94-04c1-424b-9868-57a2d4851a1d" />
    <TestEntry testId="49f154a2-52b8-d09b-0cc0-999f7d82fc57" executionId="4c6cbbaf-f3fa-4376-8dde-614e41dba4dd" testListId="8c84fa94-04c1-424b-9868-57a2d4851a1d" />
    <TestEntry testId="470e3884-a013-e07a-6032-a69655df1b7d" executionId="4529c55b-885f-4032-8643-ac5c3ed52856" testListId="8c84fa94-04c1-424b-9868-57a2d4851a1d" />
    <TestEntry testId="f1542d8f-aea4-6399-622a-dbd039a58b9a" executionId="702d784f-accf-47c9-b002-9ef32d6e665d" testListId="8c84fa94-04c1-424b-9868-57a2d4851a1d" />
    <TestEntry testId="d8a26e5e-a3ae-ca28-4ef4-d1f662c46cd6" executionId="8126bc45-0026-42bd-8aca-8b07fd88c305" testListId="8c84fa94-04c1-424b-9868-57a2d4851a1d" />
    <TestEntry testId="efc14a12-eb7c-c0b5-a73c-f0dcb17c28e9" executionId="979c9b30-324f-4b1c-b4ec-06b8c8b4600f" testListId="8c84fa94-04c1-424b-9868-57a2d4851a1d" />
    <TestEntry testId="d2a38c12-1133-cc13-9e43-5bdd0cf775fc" executionId="eb3415dd-bc73-4cce-b249-54f1cde9b180" testListId="8c84fa94-04c1-424b-9868-57a2d4851a1d" />
    <TestEntry testId="ba7f02fd-cb3c-c5bd-bb46-ccacb6d55dfc" executionId="c3ddd8bd-56c7-4e15-a773-6b7d2916c3ff" testListId="8c84fa94-04c1-424b-9868-57a2d4851a1d" />
    <TestEntry testId="227cdad4-e657-f59d-ef9e-12d753b423d0" executionId="d648ef43-43d6-4ea1-a4c5-c790aa42e046" testListId="8c84fa94-04c1-424b-9868-57a2d4851a1d" />
    <TestEntry testId="0b25e965-3296-4277-c598-c67475b071d1" executionId="bf625655-cd30-4948-a62c-ed8df24a0d19" testListId="8c84fa94-04c1-424b-9868-57a2d4851a1d" />
    <TestEntry testId="c5470e5b-7c09-9f0a-1bc9-4794fa6f7f0d" executionId="223ef26b-2f32-4d43-a285-e6499e7173ea" testListId="8c84fa94-04c1-424b-9868-57a2d4851a1d" />
    <TestEntry testId="8b04072f-eeb4-1721-94fb-a629d1232d5b" executionId="0190dc55-876b-4f9a-b6fc-5f427f6255c1" testListId="8c84fa94-04c1-424b-9868-57a2d4851a1d" />
    <TestEntry testId="f4901ffe-89d3-e081-0aa9-7b9d56b57c0f" executionId="594bf1a5-5ce0-41f8-b157-1ab821b26f12" testListId="8c84fa94-04c1-424b-9868-57a2d4851a1d" />
    <TestEntry testId="505bf6e1-ce44-5a68-88c1-fb6651bb0490" executionId="875b544d-3139-4432-9137-580e9f7d5f5e" testListId="8c84fa94-04c1-424b-9868-57a2d4851a1d" />
    <TestEntry testId="507dcade-d9c5-591a-a8c8-41d99aa32547" executionId="3eada049-998f-4ef9-a2da-4523096027cd" testListId="8c84fa94-04c1-424b-9868-57a2d4851a1d" />
    <TestEntry testId="61bc1cb9-fa1c-14ae-4514-4fe458a0c1ea" executionId="e2f6bfb6-3588-40b6-8e81-bb5cb88678fe" testListId="8c84fa94-04c1-424b-9868-57a2d4851a1d" />
    <TestEntry testId="d4187810-f371-b966-4ddc-9f7511ff3c2e" executionId="e9e67c24-f93d-4f10-be51-36ad8590762f" testListId="8c84fa94-04c1-424b-9868-57a2d4851a1d" />
    <TestEntry testId="f1681b95-2edd-308e-08f8-900cdf2ed21f" executionId="c8efa55f-ed6c-4a6f-b9c4-a733cceb1f27" testListId="8c84fa94-04c1-424b-9868-57a2d4851a1d" />
    <TestEntry testId="123eb3ff-4a58-1eca-6d67-d756df1179d7" executionId="7d23842b-d03b-47e6-96e9-46459112e305" testListId="8c84fa94-04c1-424b-9868-57a2d4851a1d" />
    <TestEntry testId="f9b9c561-1fe4-1995-c5fe-f02674753531" executionId="baea4299-03bb-4624-bc68-42c9b61d047a" testListId="8c84fa94-04c1-424b-9868-57a2d4851a1d" />
    <TestEntry testId="6cef3e8d-2ebd-6290-5a28-0c415e30adc8" executionId="2e658d9d-50f0-4717-8d21-0f69a3a5ba9b" testListId="8c84fa94-04c1-424b-9868-57a2d4851a1d" />
    <TestEntry testId="bc4a1af8-3d51-4179-a551-c278715b53c7" executionId="9feabaa9-6f4c-4be4-a4e5-ae48578d9298" testListId="8c84fa94-04c1-424b-9868-57a2d4851a1d" />
    <TestEntry testId="9207245b-a7fa-82ff-1427-4b3d12e39613" executionId="f33929eb-d94e-4c3f-bf13-0578fb637614" testListId="8c84fa94-04c1-424b-9868-57a2d4851a1d" />
    <TestEntry testId="f8d56533-4831-9e9d-1d46-8aa065d52bd7" executionId="ddf09577-2d9a-48fd-b4c1-76f518644780" testListId="8c84fa94-04c1-424b-9868-57a2d4851a1d" />
    <TestEntry testId="76542709-be8d-6929-2c1e-1e0af7b93f0e" executionId="5abb2755-8d02-4681-b250-f7fc1483a76d" testListId="8c84fa94-04c1-424b-9868-57a2d4851a1d" />
    <TestEntry testId="1396e80d-ac6c-7b7b-e5dd-cce3f57d2022" executionId="a6dc4c5e-16cc-409f-9c96-118d9b8b8cfb" testListId="8c84fa94-04c1-424b-9868-57a2d4851a1d" />
    <TestEntry testId="b2a70d06-beb1-52cd-a2cd-c3fbd2a0e80f" executionId="af1e6a48-0f9f-41c4-868a-79fe8dcbee6f" testListId="8c84fa94-04c1-424b-9868-57a2d4851a1d" />
    <TestEntry testId="7bced07e-5002-455f-f0b3-e4b378be8923" executionId="d7321a3d-50d5-450d-8b9d-1c7f668ce241" testListId="8c84fa94-04c1-424b-9868-57a2d4851a1d" />
    <TestEntry testId="12aa105f-10e1-59b7-7310-0c550e8398f0" executionId="f4f75fec-739e-42ca-8ce7-c47ea37c946c" testListId="8c84fa94-04c1-424b-9868-57a2d4851a1d" />
    <TestEntry testId="e4acf489-b013-782f-a6fa-a1ae4b61107d" executionId="a9302cf2-46b7-488c-ab11-43e5409e9c9f" testListId="8c84fa94-04c1-424b-9868-57a2d4851a1d" />
    <TestEntry testId="b1e328f4-c08c-066b-0de5-353098f02c6d" executionId="96f01616-05d0-4f0f-9b1c-1d2de78af9b7" testListId="8c84fa94-04c1-424b-9868-57a2d4851a1d" />
    <TestEntry testId="3add4a08-97e9-90f7-a8c6-705b9e10368c" executionId="f045b6b6-d46b-495b-9cff-0a3a34ef88ed" testListId="8c84fa94-04c1-424b-9868-57a2d4851a1d" />
    <TestEntry testId="b4150eb4-7116-6d8e-ac8b-e76f559058b0" executionId="1aeff7c0-ae5a-4976-88cd-97e4b1a8b1e5" testListId="8c84fa94-04c1-424b-9868-57a2d4851a1d" />
    <TestEntry testId="d6af3bbc-50d4-c2cf-6b87-9647ae787cde" executionId="a8951bab-87a4-413f-95e2-20613014d401" testListId="8c84fa94-04c1-424b-9868-57a2d4851a1d" />
    <TestEntry testId="97023402-6dfa-1a85-9a19-e49c35df9c6b" executionId="2e73d1bb-090a-436a-ad4a-323e817fac6f" testListId="8c84fa94-04c1-424b-9868-57a2d4851a1d" />
    <TestEntry testId="d1de3b4d-2e01-3204-b28f-98879a6cc328" executionId="3618826e-2f6b-41a8-9a73-7b58634f5e8f" testListId="8c84fa94-04c1-424b-9868-57a2d4851a1d" />
    <TestEntry testId="ea065467-0433-ed80-40ec-d47c6bf0c0ec" executionId="e048a82d-7671-455b-99ff-e1a120e134cd" testListId="8c84fa94-04c1-424b-9868-57a2d4851a1d" />
    <TestEntry testId="37e26fc7-40a0-7e47-0f13-ec833e365aba" executionId="d8205b28-6268-423a-ae02-dbe8ae59d4ff" testListId="8c84fa94-04c1-424b-9868-57a2d4851a1d" />
    <TestEntry testId="a4208f47-51bb-3553-6e35-32df31a81552" executionId="52b69e56-45ff-433e-929d-b81a32d00f3a" testListId="8c84fa94-04c1-424b-9868-57a2d4851a1d" />
  </TestEntries>
  <TestLists>
    <TestList name="Results Not in a List" id="8c84fa94-04c1-424b-9868-57a2d4851a1d" />
    <TestList name="All Loaded Results" id="19431567-8539-422a-85d7-44ee4e166bda" />
  </TestLists>
  <ResultSummary outcome="Completed">
    <Counters total="356" executed="333" passed="333" failed="0" error="0" timeout="0" aborted="0" inconclusive="0" passedButRunAborted="0" notRunnable="0" notExecuted="0" disconnected="0" warning="0" completed="0" inProgress="0" pending="0" />
    <Output>
      <StdOut>Test 'TestCreateDirectory' was skipped in the test run.&#xD;
Test 'TestConstructor' was skipped in the test run.&#xD;
Test 'TestParseFull' was skipped in the test run.&#xD;
Test 'TestParseFullTranslate' was skipped in the test run.&#xD;
Test 'TestParseMinimum' was skipped in the test run.&#xD;
Test 'TestParseXmlThatDoesNotValidateSchema' was skipped in the test run.&#xD;
Test 'TestStartProcess' was skipped in the test run.&#xD;
Test 'TestTerminateProcess' was skipped in the test run.&#xD;
Test 'TestImportPackage_ShouldSucceed_WhenInstallerConatainsValidPackageXml' was skipped in the test run.&#xD;
Test 'ZipPackageUncompressed_ShouldBeImportedSuccessfully' was skipped in the test run.&#xD;
Test 'ZipPackageCompressed_ShouldBeImportedSuccessfully' was skipped in the test run.&#xD;
Test 'ZipPackageNoPackageXml_ShouldNotBeImported' was skipped in the test run.&#xD;
Test 'ExistingZipPackage_ShouldBeOverwritten' was skipped in the test run.&#xD;
Test 'ExistingExePackage_ShouldBeOverwritten' was skipped in the test run.&#xD;
Test 'ExistingExePackageWithReadOnlyAttribute_ShouldBeOverwritten' was skipped in the test run.&#xD;
Test 'ExistingZipPackageWithReadOnlyAttribute_ShouldBeOverwritten' was skipped in the test run.&#xD;
Test 'TestGetPackages' was skipped in the test run.&#xD;
Test 'TestGetPackagesWithNullRepositoryPath' was skipped in the test run.&#xD;
Test 'TestMakeDirWithWithCorrectSecurity' was skipped in the test run.&#xD;
Test 'TestRebooterTaskInvalidHostName' was skipped in the test run.&#xD;
Test 'IsTrusted_ShouldNotThrow_WhenPackageIsSigned' was skipped in the test run.&#xD;
Test 'IsTrusted_ShouldThrow_WhenPackageIsSignedButTampered' was skipped in the test run.&#xD;
Test 'IsTrusted_ShouldThrow_WhenPackageNotSigned' was skipped in the test run.&#xD;
</StdOut>
    </Output>
  </ResultSummary>
</TestRun>