<?xml version="1.0" encoding="utf-8"?>
<TestRun id="44066c8b-ab01-4947-ae49-12ab3b0341b5" name="DKSR-EFI-06$@DKSR-EFI-06 2024-01-09 15:41:22" runUser="NT AUTHORITY\NETWORK SERVICE" xmlns="http://microsoft.com/schemas/VisualStudio/TeamTest/2010">
  <Times creation="2024-01-09T15:41:22.3256695+01:00" queuing="2024-01-09T15:41:22.3256695+01:00" start="2024-01-09T15:41:10.9975299+01:00" finish="2024-01-09T15:41:24.5131678+01:00" />
  <TestSettings name="default" id="142e135e-effb-4334-b760-179a420e0d82">
    <Deployment runDeploymentRoot="DKSR-EFI-06$_DKSR-EFI-06_2024-01-09_15_41_22" />
  </TestSettings>
  <Results>
    <UnitTestResult executionId="9145464e-f5f3-454b-95f4-4e21eb41faaa" testId="85bdbd4a-2249-0c4b-97ac-4a9916d2843b" testName="TrackPageView_ShouldNotSendPageView_WhenTelemetryDisabled" computerName="DKSR-EFI-06" duration="00:00:00.0040907" startTime="2024-01-09T15:41:23.8881701+01:00" endTime="2024-01-09T15:41:23.8881701+01:00" testType="13cdc9d9-ddb5-4fa4-a97d-d965ccfc6d4b" outcome="Passed" testListId="8c84fa94-04c1-424b-9868-57a2d4851a1d" relativeResultsDirectory="9145464e-f5f3-454b-95f4-4e21eb41faaa" />
    <UnitTestResult executionId="51bdf4c6-5510-4267-9e9a-2d73e9a92c38" testId="48cd238d-c87b-9e9f-8fb4-bd7024bfbc5f" testName="Process_ShouldRemoveUsersMachineName" computerName="DKSR-EFI-06" duration="00:00:00.3758240" startTime="2024-01-09T15:41:21.7475430+01:00" endTime="2024-01-09T15:41:22.1225405+01:00" testType="13cdc9d9-ddb5-4fa4-a97d-d965ccfc6d4b" outcome="Passed" testListId="8c84fa94-04c1-424b-9868-57a2d4851a1d" relativeResultsDirectory="51bdf4c6-5510-4267-9e9a-2d73e9a92c38" />
    <UnitTestResult executionId="304321f8-cbd3-4b25-81c8-f0f1307a9900" testId="33d3627e-d0f4-1ab0-4b5d-66835af6c7da" testName="Constructors_ShouldNotAllowInjectionOfNullsOnSecond" computerName="DKSR-EFI-06" duration="00:00:00.1016040" startTime="2024-01-09T15:41:22.1381676+01:00" endTime="2024-01-09T15:41:22.2475439+01:00" testType="13cdc9d9-ddb5-4fa4-a97d-d965ccfc6d4b" outcome="Passed" testListId="8c84fa94-04c1-424b-9868-57a2d4851a1d" relativeResultsDirectory="304321f8-cbd3-4b25-81c8-f0f1307a9900" />
    <UnitTestResult executionId="842ffe92-65cc-49d9-89fb-0e554a03c08b" testId="769d429e-7f30-3d66-d569-ce0422e12caa" testName="TrackTrace_ShouldSendTrace" computerName="DKSR-EFI-06" duration="00:00:00.0176643" startTime="2024-01-09T15:41:23.9350456+01:00" endTime="2024-01-09T15:41:23.9506702+01:00" testType="13cdc9d9-ddb5-4fa4-a97d-d965ccfc6d4b" outcome="Passed" testListId="8c84fa94-04c1-424b-9868-57a2d4851a1d" relativeResultsDirectory="842ffe92-65cc-49d9-89fb-0e554a03c08b" />
    <UnitTestResult executionId="f5a6bb42-e1b0-4eee-9c01-4d5c10b52ffc" testId="e454cb4f-e12d-72c4-4371-158bb9047d7b" testName="TrackEvent_ShouldSendEvent" computerName="DKSR-EFI-06" duration="00:00:00.1322622" startTime="2024-01-09T15:41:23.4819177+01:00" endTime="2024-01-09T15:41:23.6225447+01:00" testType="13cdc9d9-ddb5-4fa4-a97d-d965ccfc6d4b" outcome="Passed" testListId="8c84fa94-04c1-424b-9868-57a2d4851a1d" relativeResultsDirectory="f5a6bb42-e1b0-4eee-9c01-4d5c10b52ffc" />
    <UnitTestResult executionId="47fc3032-a236-49eb-8dfc-91b3218cd6f8" testId="97313488-6bd4-fb6c-4b96-4556d6d0398b" testName="Flush_ShouldSendTheData" computerName="DKSR-EFI-06" duration="00:00:00.0153267" startTime="2024-01-09T15:41:23.9662948+01:00" endTime="2024-01-09T15:41:23.9819210+01:00" testType="13cdc9d9-ddb5-4fa4-a97d-d965ccfc6d4b" outcome="Passed" testListId="8c84fa94-04c1-424b-9868-57a2d4851a1d" relativeResultsDirectory="47fc3032-a236-49eb-8dfc-91b3218cd6f8" />
    <UnitTestResult executionId="89fb7a61-c818-401a-8479-417e9eb9c9c6" testId="7d24b3cf-b376-84d3-2042-a71294aa196d" testName="Process_ShouldRemoveUsersIp" computerName="DKSR-EFI-06" duration="00:00:00.0026990" startTime="2024-01-09T15:41:22.1225405+01:00" endTime="2024-01-09T15:41:22.1381676+01:00" testType="13cdc9d9-ddb5-4fa4-a97d-d965ccfc6d4b" outcome="Passed" testListId="8c84fa94-04c1-424b-9868-57a2d4851a1d" relativeResultsDirectory="89fb7a61-c818-401a-8479-417e9eb9c9c6" />
    <UnitTestResult executionId="113be91b-51bf-4d5d-bc2e-ebbad69d13c0" testId="d4a6d38d-fc64-1923-b213-c87d9f255c2c" testName="TrackEvent_ShouldNotSendEvent_WhenTelemetryDisabled" computerName="DKSR-EFI-06" duration="00:00:00.0038062" startTime="2024-01-09T15:41:23.6225447+01:00" endTime="2024-01-09T15:41:23.6225447+01:00" testType="13cdc9d9-ddb5-4fa4-a97d-d965ccfc6d4b" outcome="Passed" testListId="8c84fa94-04c1-424b-9868-57a2d4851a1d" relativeResultsDirectory="113be91b-51bf-4d5d-bc2e-ebbad69d13c0" />
    <UnitTestResult executionId="17e44a61-71b4-43ff-b352-fa0bbf021195" testId="37a27a25-0d4e-24f7-9f7d-8b93e02ca786" testName="Constructors_ShouldNotAllowInjectionOfNullsOnThird" computerName="DKSR-EFI-06" duration="00:00:00.0046577" startTime="2024-01-09T15:41:22.2475439+01:00" endTime="2024-01-09T15:41:22.2475439+01:00" testType="13cdc9d9-ddb5-4fa4-a97d-d965ccfc6d4b" outcome="Passed" testListId="8c84fa94-04c1-424b-9868-57a2d4851a1d" relativeResultsDirectory="17e44a61-71b4-43ff-b352-fa0bbf021195" />
    <UnitTestResult executionId="55a98412-fb55-43cd-9026-4e7ec4b0dd40" testId="d0940dfa-cf70-bd53-09fb-ebd9fa7f9bc1" testName="Constructor_ShouldUseProvidedConnectionString" computerName="DKSR-EFI-06" duration="00:00:00.1865024" startTime="2024-01-09T15:41:22.3100452+01:00" endTime="2024-01-09T15:41:22.4975431+01:00" testType="13cdc9d9-ddb5-4fa4-a97d-d965ccfc6d4b" outcome="Passed" testListId="8c84fa94-04c1-424b-9868-57a2d4851a1d" relativeResultsDirectory="55a98412-fb55-43cd-9026-4e7ec4b0dd40" />
    <UnitTestResult executionId="c2a1872a-6368-424e-b2d3-46cbb83b742b" testId="f7a13d89-609a-7de1-e14c-736775f8899b" testName="TrackAvailability_ShouldNotSendAvailability_WhenTelemetryDisabled" computerName="DKSR-EFI-06" duration="00:00:00.0019892" startTime="2024-01-09T15:41:23.3256688+01:00" endTime="2024-01-09T15:41:23.3256688+01:00" testType="13cdc9d9-ddb5-4fa4-a97d-d965ccfc6d4b" outcome="Passed" testListId="8c84fa94-04c1-424b-9868-57a2d4851a1d" relativeResultsDirectory="c2a1872a-6368-424e-b2d3-46cbb83b742b" />
    <UnitTestResult executionId="93f3ba16-389a-4bcc-aa51-7827587c3ff2" testId="da610d60-4b6b-68b9-0c79-f6f2e4778391" testName="TrackDependency_ShouldNotSendDependency_WhenTelemetryDisabled" computerName="DKSR-EFI-06" duration="00:00:00.0020883" startTime="2024-01-09T15:41:23.4819177+01:00" endTime="2024-01-09T15:41:23.4819177+01:00" testType="13cdc9d9-ddb5-4fa4-a97d-d965ccfc6d4b" outcome="Passed" testListId="8c84fa94-04c1-424b-9868-57a2d4851a1d" relativeResultsDirectory="93f3ba16-389a-4bcc-aa51-7827587c3ff2" />
    <UnitTestResult executionId="0f9e28a0-9b23-48a0-9d48-fc6c2b0de7bb" testId="09e26043-7b9c-be54-1619-6bb191311ebd" testName="Constructor_ShouldNotInitializeInternals_WhenTelemetryDisabled" computerName="DKSR-EFI-06" duration="00:00:00.0262668" startTime="2024-01-09T15:41:22.2475439+01:00" endTime="2024-01-09T15:41:22.2787934+01:00" testType="13cdc9d9-ddb5-4fa4-a97d-d965ccfc6d4b" outcome="Passed" testListId="8c84fa94-04c1-424b-9868-57a2d4851a1d" relativeResultsDirectory="0f9e28a0-9b23-48a0-9d48-fc6c2b0de7bb" />
    <UnitTestResult executionId="d534833b-70e1-4f05-bfc4-33aa19d2e68a" testId="f376e332-0572-fdb5-982f-b6500b3dcc0c" testName="Constructors_ShouldNotAllowInjectionOfNulls" computerName="DKSR-EFI-06" duration="00:00:00.4773846" startTime="2024-01-09T15:41:20.8725407+01:00" endTime="2024-01-09T15:41:21.6850444+01:00" testType="13cdc9d9-ddb5-4fa4-a97d-d965ccfc6d4b" outcome="Passed" testListId="8c84fa94-04c1-424b-9868-57a2d4851a1d" relativeResultsDirectory="d534833b-70e1-4f05-bfc4-33aa19d2e68a" />
    <UnitTestResult executionId="1135e234-8b23-4885-971e-775edc0a887b" testId="4e7eed6e-10b1-0a96-9a02-cca6eef9b8e8" testName="TrackTrace_ShouldNotSendTrace_WhenTelemetryDisabled" computerName="DKSR-EFI-06" duration="00:00:00.0027826" startTime="2024-01-09T15:41:23.9662948+01:00" endTime="2024-01-09T15:41:23.9662948+01:00" testType="13cdc9d9-ddb5-4fa4-a97d-d965ccfc6d4b" outcome="Passed" testListId="8c84fa94-04c1-424b-9868-57a2d4851a1d" relativeResultsDirectory="1135e234-8b23-4885-971e-775edc0a887b" />
    <UnitTestResult executionId="515ed186-8bf7-44b7-a617-746df2bfbe13" testId="158ef29c-926a-edfe-4ae0-a139ae70c1db" testName="TrackDependency_ShouldSendDependency" computerName="DKSR-EFI-06" duration="00:00:00.1547108" startTime="2024-01-09T15:41:23.3256688+01:00" endTime="2024-01-09T15:41:23.4819177+01:00" testType="13cdc9d9-ddb5-4fa4-a97d-d965ccfc6d4b" outcome="Passed" testListId="8c84fa94-04c1-424b-9868-57a2d4851a1d" relativeResultsDirectory="515ed186-8bf7-44b7-a617-746df2bfbe13" />
    <UnitTestResult executionId="75c19691-e649-43af-8c2b-f59e69a8336f" testId="cd64a482-b814-c931-3c4c-e952d7043148" testName="TrackPageView2_ShouldNotSendPageView_WhenTelemetryDisabled" computerName="DKSR-EFI-06" duration="00:00:00.0020734" startTime="2024-01-09T15:41:23.9037945+01:00" endTime="2024-01-09T15:41:23.9037945+01:00" testType="13cdc9d9-ddb5-4fa4-a97d-d965ccfc6d4b" outcome="Passed" testListId="8c84fa94-04c1-424b-9868-57a2d4851a1d" relativeResultsDirectory="75c19691-e649-43af-8c2b-f59e69a8336f" />
    <UnitTestResult executionId="5254fd22-cd7e-4ace-a657-a7c88d36b24a" testId="43b34480-5436-1a88-825a-540e784bf75e" testName="TrackPageView_ShouldSendPageView" computerName="DKSR-EFI-06" duration="00:00:00.0504588" startTime="2024-01-09T15:41:23.8256713+01:00" endTime="2024-01-09T15:41:23.8725440+01:00" testType="13cdc9d9-ddb5-4fa4-a97d-d965ccfc6d4b" outcome="Passed" testListId="8c84fa94-04c1-424b-9868-57a2d4851a1d" relativeResultsDirectory="5254fd22-cd7e-4ace-a657-a7c88d36b24a" />
    <UnitTestResult executionId="ac89bb1a-4f44-4035-9fb7-94ad0f643bbd" testId="55fbc210-2c31-9a3d-576d-6ff084b8562a" testName="TrackRequest_ShouldSendRequest" computerName="DKSR-EFI-06" duration="00:00:00.0261981" startTime="2024-01-09T15:41:23.9037945+01:00" endTime="2024-01-09T15:41:23.9350456+01:00" testType="13cdc9d9-ddb5-4fa4-a97d-d965ccfc6d4b" outcome="Passed" testListId="8c84fa94-04c1-424b-9868-57a2d4851a1d" relativeResultsDirectory="ac89bb1a-4f44-4035-9fb7-94ad0f643bbd" />
    <UnitTestResult executionId="d3b411ad-7624-4948-9fcd-98402d2545b7" testId="f0e133f3-b449-ac09-8f3a-557aa6de76a3" testName="TrackMetric_ShouldSendMetric" computerName="DKSR-EFI-06" duration="00:00:00.1789807" startTime="2024-01-09T15:41:23.6381717+01:00" endTime="2024-01-09T15:41:23.8256713+01:00" testType="13cdc9d9-ddb5-4fa4-a97d-d965ccfc6d4b" outcome="Passed" testListId="8c84fa94-04c1-424b-9868-57a2d4851a1d" relativeResultsDirectory="d3b411ad-7624-4948-9fcd-98402d2545b7" />
    <UnitTestResult executionId="5923184f-3dbb-4e1f-b288-fda0f95e0ec4" testId="babdabeb-b84b-25f9-fbf1-34a0a95641b1" testName="TrackMetric_ShouldNotSendMetric_WhenTelemetryDisabled" computerName="DKSR-EFI-06" duration="00:00:00.0027816" startTime="2024-01-09T15:41:23.8256713+01:00" endTime="2024-01-09T15:41:23.8256713+01:00" testType="13cdc9d9-ddb5-4fa4-a97d-d965ccfc6d4b" outcome="Passed" testListId="8c84fa94-04c1-424b-9868-57a2d4851a1d" relativeResultsDirectory="5923184f-3dbb-4e1f-b288-fda0f95e0ec4" />
    <UnitTestResult executionId="149d7237-61ab-40ee-a0fc-35bd18ee058f" testId="3e1b10c1-c657-5fb5-c501-a920f7ee9f71" testName="TrackRequest_ShouldNotSendRequest_WhenTelemetryDisabled" computerName="DKSR-EFI-06" duration="00:00:00.0020350" startTime="2024-01-09T15:41:23.9350456+01:00" endTime="2024-01-09T15:41:23.9350456+01:00" testType="13cdc9d9-ddb5-4fa4-a97d-d965ccfc6d4b" outcome="Passed" testListId="8c84fa94-04c1-424b-9868-57a2d4851a1d" relativeResultsDirectory="149d7237-61ab-40ee-a0fc-35bd18ee058f" />
    <UnitTestResult executionId="2e47d479-9ef3-41a0-9816-482f07a724bc" testId="42606fce-7d78-a485-6059-1229fe17f1e8" testName="TrackAvailability_ShouldSendAvailability" computerName="DKSR-EFI-06" duration="00:00:00.2043383" startTime="2024-01-09T15:41:23.0912966+01:00" endTime="2024-01-09T15:41:23.2944184+01:00" testType="13cdc9d9-ddb5-4fa4-a97d-d965ccfc6d4b" outcome="Passed" testListId="8c84fa94-04c1-424b-9868-57a2d4851a1d" relativeResultsDirectory="2e47d479-9ef3-41a0-9816-482f07a724bc" />
    <UnitTestResult executionId="8b7c58ee-398c-443d-8f84-3a8d5045c18e" testId="e9dea091-077b-b539-3ef5-9e44a48088db" testName="TelemetryManager_ShouldUseTelemetryProcessors" computerName="DKSR-EFI-06" duration="00:00:00.5868034" startTime="2024-01-09T15:41:22.4975431+01:00" endTime="2024-01-09T15:41:23.0912966+01:00" testType="13cdc9d9-ddb5-4fa4-a97d-d965ccfc6d4b" outcome="Passed" testListId="8c84fa94-04c1-424b-9868-57a2d4851a1d" relativeResultsDirectory="8b7c58ee-398c-443d-8f84-3a8d5045c18e" />
    <UnitTestResult executionId="1258e64f-96f5-4950-8928-e9f54c331935" testId="1286ba90-da36-5a26-07bb-29c8c6ef5c94" testName="TrackException_ShouldNotSendException_WhenTelemetryDisabled" computerName="DKSR-EFI-06" duration="00:00:00.0052742" startTime="2024-01-09T15:41:23.6381717+01:00" endTime="2024-01-09T15:41:23.6381717+01:00" testType="13cdc9d9-ddb5-4fa4-a97d-d965ccfc6d4b" outcome="Passed" testListId="8c84fa94-04c1-424b-9868-57a2d4851a1d" relativeResultsDirectory="1258e64f-96f5-4950-8928-e9f54c331935" />
    <UnitTestResult executionId="134a8a20-499f-496c-abd5-119042eb642c" testId="4df70e09-ff8b-4360-f32f-0e1cfb55ffba" testName="TrackPageView2_ShouldSendPageView" computerName="DKSR-EFI-06" duration="00:00:00.0095824" startTime="2024-01-09T15:41:23.8881701+01:00" endTime="2024-01-09T15:41:23.9037945+01:00" testType="13cdc9d9-ddb5-4fa4-a97d-d965ccfc6d4b" outcome="Passed" testListId="8c84fa94-04c1-424b-9868-57a2d4851a1d" relativeResultsDirectory="134a8a20-499f-496c-abd5-119042eb642c" />
  </Results>
  <TestDefinitions>
    <UnitTest name="TrackMetric_ShouldNotSendMetric_WhenTelemetryDisabled" storage="d:\actions-runner\_work\xpco\xpco\common\videoos.telemetry\tst\videoos.telemetry.unittests\bin\debug\videoos.telemetry.unittests.dll" id="babdabeb-b84b-25f9-fbf1-34a0a95641b1">
      <Execution id="5923184f-3dbb-4e1f-b288-fda0f95e0ec4" />
      <TestMethod codeBase="D:\actions-runner\_work\XPCO\XPCO\Common\VideoOS.Telemetry\tst\VideoOS.Telemetry.UnitTests\bin\Debug\VideoOS.Telemetry.UnitTests.dll" adapterTypeName="executor://mstestadapter/v2" className="SmartClient_UnitTest.VideoOS.Shared.Telemetry.TelemetryManagerTests" name="TrackMetric_ShouldNotSendMetric_WhenTelemetryDisabled" />
    </UnitTest>
    <UnitTest name="TrackDependency_ShouldNotSendDependency_WhenTelemetryDisabled" storage="d:\actions-runner\_work\xpco\xpco\common\videoos.telemetry\tst\videoos.telemetry.unittests\bin\debug\videoos.telemetry.unittests.dll" id="da610d60-4b6b-68b9-0c79-f6f2e4778391">
      <Execution id="93f3ba16-389a-4bcc-aa51-7827587c3ff2" />
      <TestMethod codeBase="D:\actions-runner\_work\XPCO\XPCO\Common\VideoOS.Telemetry\tst\VideoOS.Telemetry.UnitTests\bin\Debug\VideoOS.Telemetry.UnitTests.dll" adapterTypeName="executor://mstestadapter/v2" className="SmartClient_UnitTest.VideoOS.Shared.Telemetry.TelemetryManagerTests" name="TrackDependency_ShouldNotSendDependency_WhenTelemetryDisabled" />
    </UnitTest>
    <UnitTest name="Process_ShouldRemoveUsersIp" storage="d:\actions-runner\_work\xpco\xpco\common\videoos.telemetry\tst\videoos.telemetry.unittests\bin\debug\videoos.telemetry.unittests.dll" id="7d24b3cf-b376-84d3-2042-a71294aa196d">
      <Execution id="89fb7a61-c818-401a-8479-417e9eb9c9c6" />
      <TestMethod codeBase="D:\actions-runner\_work\XPCO\XPCO\Common\VideoOS.Telemetry\tst\VideoOS.Telemetry.UnitTests\bin\Debug\VideoOS.Telemetry.UnitTests.dll" adapterTypeName="executor://mstestadapter/v2" className="SmartClient_UnitTest.VideoOS.Shared.Telemetry.PrivacyTelemetryProcessorTests" name="Process_ShouldRemoveUsersIp" />
    </UnitTest>
    <UnitTest name="TrackAvailability_ShouldSendAvailability" storage="d:\actions-runner\_work\xpco\xpco\common\videoos.telemetry\tst\videoos.telemetry.unittests\bin\debug\videoos.telemetry.unittests.dll" id="42606fce-7d78-a485-6059-1229fe17f1e8">
      <Execution id="2e47d479-9ef3-41a0-9816-482f07a724bc" />
      <TestMethod codeBase="D:\actions-runner\_work\XPCO\XPCO\Common\VideoOS.Telemetry\tst\VideoOS.Telemetry.UnitTests\bin\Debug\VideoOS.Telemetry.UnitTests.dll" adapterTypeName="executor://mstestadapter/v2" className="SmartClient_UnitTest.VideoOS.Shared.Telemetry.TelemetryManagerTests" name="TrackAvailability_ShouldSendAvailability" />
    </UnitTest>
    <UnitTest name="TrackRequest_ShouldSendRequest" storage="d:\actions-runner\_work\xpco\xpco\common\videoos.telemetry\tst\videoos.telemetry.unittests\bin\debug\videoos.telemetry.unittests.dll" id="55fbc210-2c31-9a3d-576d-6ff084b8562a">
      <Execution id="ac89bb1a-4f44-4035-9fb7-94ad0f643bbd" />
      <TestMethod codeBase="D:\actions-runner\_work\XPCO\XPCO\Common\VideoOS.Telemetry\tst\VideoOS.Telemetry.UnitTests\bin\Debug\VideoOS.Telemetry.UnitTests.dll" adapterTypeName="executor://mstestadapter/v2" className="SmartClient_UnitTest.VideoOS.Shared.Telemetry.TelemetryManagerTests" name="TrackRequest_ShouldSendRequest" />
    </UnitTest>
    <UnitTest name="TrackTrace_ShouldSendTrace" storage="d:\actions-runner\_work\xpco\xpco\common\videoos.telemetry\tst\videoos.telemetry.unittests\bin\debug\videoos.telemetry.unittests.dll" id="769d429e-7f30-3d66-d569-ce0422e12caa">
      <Execution id="842ffe92-65cc-49d9-89fb-0e554a03c08b" />
      <TestMethod codeBase="D:\actions-runner\_work\XPCO\XPCO\Common\VideoOS.Telemetry\tst\VideoOS.Telemetry.UnitTests\bin\Debug\VideoOS.Telemetry.UnitTests.dll" adapterTypeName="executor://mstestadapter/v2" className="SmartClient_UnitTest.VideoOS.Shared.Telemetry.TelemetryManagerTests" name="TrackTrace_ShouldSendTrace" />
    </UnitTest>
    <UnitTest name="TrackDependency_ShouldSendDependency" storage="d:\actions-runner\_work\xpco\xpco\common\videoos.telemetry\tst\videoos.telemetry.unittests\bin\debug\videoos.telemetry.unittests.dll" id="158ef29c-926a-edfe-4ae0-a139ae70c1db">
      <Execution id="515ed186-8bf7-44b7-a617-746df2bfbe13" />
      <TestMethod codeBase="D:\actions-runner\_work\XPCO\XPCO\Common\VideoOS.Telemetry\tst\VideoOS.Telemetry.UnitTests\bin\Debug\VideoOS.Telemetry.UnitTests.dll" adapterTypeName="executor://mstestadapter/v2" className="SmartClient_UnitTest.VideoOS.Shared.Telemetry.TelemetryManagerTests" name="TrackDependency_ShouldSendDependency" />
    </UnitTest>
    <UnitTest name="TrackRequest_ShouldNotSendRequest_WhenTelemetryDisabled" storage="d:\actions-runner\_work\xpco\xpco\common\videoos.telemetry\tst\videoos.telemetry.unittests\bin\debug\videoos.telemetry.unittests.dll" id="3e1b10c1-c657-5fb5-c501-a920f7ee9f71">
      <Execution id="149d7237-61ab-40ee-a0fc-35bd18ee058f" />
      <TestMethod codeBase="D:\actions-runner\_work\XPCO\XPCO\Common\VideoOS.Telemetry\tst\VideoOS.Telemetry.UnitTests\bin\Debug\VideoOS.Telemetry.UnitTests.dll" adapterTypeName="executor://mstestadapter/v2" className="SmartClient_UnitTest.VideoOS.Shared.Telemetry.TelemetryManagerTests" name="TrackRequest_ShouldNotSendRequest_WhenTelemetryDisabled" />
    </UnitTest>
    <UnitTest name="Process_ShouldRemoveUsersMachineName" storage="d:\actions-runner\_work\xpco\xpco\common\videoos.telemetry\tst\videoos.telemetry.unittests\bin\debug\videoos.telemetry.unittests.dll" id="48cd238d-c87b-9e9f-8fb4-bd7024bfbc5f">
      <Execution id="51bdf4c6-5510-4267-9e9a-2d73e9a92c38" />
      <TestMethod codeBase="D:\actions-runner\_work\XPCO\XPCO\Common\VideoOS.Telemetry\tst\VideoOS.Telemetry.UnitTests\bin\Debug\VideoOS.Telemetry.UnitTests.dll" adapterTypeName="executor://mstestadapter/v2" className="SmartClient_UnitTest.VideoOS.Shared.Telemetry.PrivacyTelemetryProcessorTests" name="Process_ShouldRemoveUsersMachineName" />
    </UnitTest>
    <UnitTest name="Constructor_ShouldUseProvidedConnectionString" storage="d:\actions-runner\_work\xpco\xpco\common\videoos.telemetry\tst\videoos.telemetry.unittests\bin\debug\videoos.telemetry.unittests.dll" id="d0940dfa-cf70-bd53-09fb-ebd9fa7f9bc1">
      <Execution id="55a98412-fb55-43cd-9026-4e7ec4b0dd40" />
      <TestMethod codeBase="D:\actions-runner\_work\XPCO\XPCO\Common\VideoOS.Telemetry\tst\VideoOS.Telemetry.UnitTests\bin\Debug\VideoOS.Telemetry.UnitTests.dll" adapterTypeName="executor://mstestadapter/v2" className="SmartClient_UnitTest.VideoOS.Shared.Telemetry.TelemetryManagerTests" name="Constructor_ShouldUseProvidedConnectionString" />
    </UnitTest>
    <UnitTest name="TrackPageView_ShouldSendPageView" storage="d:\actions-runner\_work\xpco\xpco\common\videoos.telemetry\tst\videoos.telemetry.unittests\bin\debug\videoos.telemetry.unittests.dll" id="43b34480-5436-1a88-825a-540e784bf75e">
      <Execution id="5254fd22-cd7e-4ace-a657-a7c88d36b24a" />
      <TestMethod codeBase="D:\actions-runner\_work\XPCO\XPCO\Common\VideoOS.Telemetry\tst\VideoOS.Telemetry.UnitTests\bin\Debug\VideoOS.Telemetry.UnitTests.dll" adapterTypeName="executor://mstestadapter/v2" className="SmartClient_UnitTest.VideoOS.Shared.Telemetry.TelemetryManagerTests" name="TrackPageView_ShouldSendPageView" />
    </UnitTest>
    <UnitTest name="TrackPageView_ShouldNotSendPageView_WhenTelemetryDisabled" storage="d:\actions-runner\_work\xpco\xpco\common\videoos.telemetry\tst\videoos.telemetry.unittests\bin\debug\videoos.telemetry.unittests.dll" id="85bdbd4a-2249-0c4b-97ac-4a9916d2843b">
      <Execution id="9145464e-f5f3-454b-95f4-4e21eb41faaa" />
      <TestMethod codeBase="D:\actions-runner\_work\XPCO\XPCO\Common\VideoOS.Telemetry\tst\VideoOS.Telemetry.UnitTests\bin\Debug\VideoOS.Telemetry.UnitTests.dll" adapterTypeName="executor://mstestadapter/v2" className="SmartClient_UnitTest.VideoOS.Shared.Telemetry.TelemetryManagerTests" name="TrackPageView_ShouldNotSendPageView_WhenTelemetryDisabled" />
    </UnitTest>
    <UnitTest name="TrackPageView2_ShouldSendPageView" storage="d:\actions-runner\_work\xpco\xpco\common\videoos.telemetry\tst\videoos.telemetry.unittests\bin\debug\videoos.telemetry.unittests.dll" id="4df70e09-ff8b-4360-f32f-0e1cfb55ffba">
      <Execution id="134a8a20-499f-496c-abd5-119042eb642c" />
      <TestMethod codeBase="D:\actions-runner\_work\XPCO\XPCO\Common\VideoOS.Telemetry\tst\VideoOS.Telemetry.UnitTests\bin\Debug\VideoOS.Telemetry.UnitTests.dll" adapterTypeName="executor://mstestadapter/v2" className="SmartClient_UnitTest.VideoOS.Shared.Telemetry.TelemetryManagerTests" name="TrackPageView2_ShouldSendPageView" />
    </UnitTest>
    <UnitTest name="TrackMetric_ShouldSendMetric" storage="d:\actions-runner\_work\xpco\xpco\common\videoos.telemetry\tst\videoos.telemetry.unittests\bin\debug\videoos.telemetry.unittests.dll" id="f0e133f3-b449-ac09-8f3a-557aa6de76a3">
      <Execution id="d3b411ad-7624-4948-9fcd-98402d2545b7" />
      <TestMethod codeBase="D:\actions-runner\_work\XPCO\XPCO\Common\VideoOS.Telemetry\tst\VideoOS.Telemetry.UnitTests\bin\Debug\VideoOS.Telemetry.UnitTests.dll" adapterTypeName="executor://mstestadapter/v2" className="SmartClient_UnitTest.VideoOS.Shared.Telemetry.TelemetryManagerTests" name="TrackMetric_ShouldSendMetric" />
    </UnitTest>
    <UnitTest name="TrackTrace_ShouldNotSendTrace_WhenTelemetryDisabled" storage="d:\actions-runner\_work\xpco\xpco\common\videoos.telemetry\tst\videoos.telemetry.unittests\bin\debug\videoos.telemetry.unittests.dll" id="4e7eed6e-10b1-0a96-9a02-cca6eef9b8e8">
      <Execution id="1135e234-8b23-4885-971e-775edc0a887b" />
      <TestMethod codeBase="D:\actions-runner\_work\XPCO\XPCO\Common\VideoOS.Telemetry\tst\VideoOS.Telemetry.UnitTests\bin\Debug\VideoOS.Telemetry.UnitTests.dll" adapterTypeName="executor://mstestadapter/v2" className="SmartClient_UnitTest.VideoOS.Shared.Telemetry.TelemetryManagerTests" name="TrackTrace_ShouldNotSendTrace_WhenTelemetryDisabled" />
    </UnitTest>
    <UnitTest name="Flush_ShouldSendTheData" storage="d:\actions-runner\_work\xpco\xpco\common\videoos.telemetry\tst\videoos.telemetry.unittests\bin\debug\videoos.telemetry.unittests.dll" id="97313488-6bd4-fb6c-4b96-4556d6d0398b">
      <Execution id="47fc3032-a236-49eb-8dfc-91b3218cd6f8" />
      <TestMethod codeBase="D:\actions-runner\_work\XPCO\XPCO\Common\VideoOS.Telemetry\tst\VideoOS.Telemetry.UnitTests\bin\Debug\VideoOS.Telemetry.UnitTests.dll" adapterTypeName="executor://mstestadapter/v2" className="SmartClient_UnitTest.VideoOS.Shared.Telemetry.TelemetryManagerTests" name="Flush_ShouldSendTheData" />
    </UnitTest>
    <UnitTest name="Constructors_ShouldNotAllowInjectionOfNullsOnSecond" storage="d:\actions-runner\_work\xpco\xpco\common\videoos.telemetry\tst\videoos.telemetry.unittests\bin\debug\videoos.telemetry.unittests.dll" id="33d3627e-d0f4-1ab0-4b5d-66835af6c7da">
      <Execution id="304321f8-cbd3-4b25-81c8-f0f1307a9900" />
      <TestMethod codeBase="D:\actions-runner\_work\XPCO\XPCO\Common\VideoOS.Telemetry\tst\VideoOS.Telemetry.UnitTests\bin\Debug\VideoOS.Telemetry.UnitTests.dll" adapterTypeName="executor://mstestadapter/v2" className="SmartClient_UnitTest.VideoOS.Shared.Telemetry.TelemetryManagerTests" name="Constructors_ShouldNotAllowInjectionOfNullsOnSecond" />
    </UnitTest>
    <UnitTest name="Constructors_ShouldNotAllowInjectionOfNulls" storage="d:\actions-runner\_work\xpco\xpco\common\videoos.telemetry\tst\videoos.telemetry.unittests\bin\debug\videoos.telemetry.unittests.dll" id="f376e332-0572-fdb5-982f-b6500b3dcc0c">
      <Execution id="d534833b-70e1-4f05-bfc4-33aa19d2e68a" />
      <TestMethod codeBase="D:\actions-runner\_work\XPCO\XPCO\Common\VideoOS.Telemetry\tst\VideoOS.Telemetry.UnitTests\bin\Debug\VideoOS.Telemetry.UnitTests.dll" adapterTypeName="executor://mstestadapter/v2" className="SmartClient_UnitTest.VideoOS.Shared.Telemetry.PrivacyTelemetryProcessorTests" name="Constructors_ShouldNotAllowInjectionOfNulls" />
    </UnitTest>
    <UnitTest name="TrackEvent_ShouldNotSendEvent_WhenTelemetryDisabled" storage="d:\actions-runner\_work\xpco\xpco\common\videoos.telemetry\tst\videoos.telemetry.unittests\bin\debug\videoos.telemetry.unittests.dll" id="d4a6d38d-fc64-1923-b213-c87d9f255c2c">
      <Execution id="113be91b-51bf-4d5d-bc2e-ebbad69d13c0" />
      <TestMethod codeBase="D:\actions-runner\_work\XPCO\XPCO\Common\VideoOS.Telemetry\tst\VideoOS.Telemetry.UnitTests\bin\Debug\VideoOS.Telemetry.UnitTests.dll" adapterTypeName="executor://mstestadapter/v2" className="SmartClient_UnitTest.VideoOS.Shared.Telemetry.TelemetryManagerTests" name="TrackEvent_ShouldNotSendEvent_WhenTelemetryDisabled" />
    </UnitTest>
    <UnitTest name="TrackPageView2_ShouldNotSendPageView_WhenTelemetryDisabled" storage="d:\actions-runner\_work\xpco\xpco\common\videoos.telemetry\tst\videoos.telemetry.unittests\bin\debug\videoos.telemetry.unittests.dll" id="cd64a482-b814-c931-3c4c-e952d7043148">
      <Execution id="75c19691-e649-43af-8c2b-f59e69a8336f" />
      <TestMethod codeBase="D:\actions-runner\_work\XPCO\XPCO\Common\VideoOS.Telemetry\tst\VideoOS.Telemetry.UnitTests\bin\Debug\VideoOS.Telemetry.UnitTests.dll" adapterTypeName="executor://mstestadapter/v2" className="SmartClient_UnitTest.VideoOS.Shared.Telemetry.TelemetryManagerTests" name="TrackPageView2_ShouldNotSendPageView_WhenTelemetryDisabled" />
    </UnitTest>
    <UnitTest name="Constructor_ShouldNotInitializeInternals_WhenTelemetryDisabled" storage="d:\actions-runner\_work\xpco\xpco\common\videoos.telemetry\tst\videoos.telemetry.unittests\bin\debug\videoos.telemetry.unittests.dll" id="09e26043-7b9c-be54-1619-6bb191311ebd">
      <Execution id="0f9e28a0-9b23-48a0-9d48-fc6c2b0de7bb" />
      <TestMethod codeBase="D:\actions-runner\_work\XPCO\XPCO\Common\VideoOS.Telemetry\tst\VideoOS.Telemetry.UnitTests\bin\Debug\VideoOS.Telemetry.UnitTests.dll" adapterTypeName="executor://mstestadapter/v2" className="SmartClient_UnitTest.VideoOS.Shared.Telemetry.TelemetryManagerTests" name="Constructor_ShouldNotInitializeInternals_WhenTelemetryDisabled" />
    </UnitTest>
    <UnitTest name="TrackEvent_ShouldSendEvent" storage="d:\actions-runner\_work\xpco\xpco\common\videoos.telemetry\tst\videoos.telemetry.unittests\bin\debug\videoos.telemetry.unittests.dll" id="e454cb4f-e12d-72c4-4371-158bb9047d7b">
      <Execution id="f5a6bb42-e1b0-4eee-9c01-4d5c10b52ffc" />
      <TestMethod codeBase="D:\actions-runner\_work\XPCO\XPCO\Common\VideoOS.Telemetry\tst\VideoOS.Telemetry.UnitTests\bin\Debug\VideoOS.Telemetry.UnitTests.dll" adapterTypeName="executor://mstestadapter/v2" className="SmartClient_UnitTest.VideoOS.Shared.Telemetry.TelemetryManagerTests" name="TrackEvent_ShouldSendEvent" />
    </UnitTest>
    <UnitTest name="TrackAvailability_ShouldNotSendAvailability_WhenTelemetryDisabled" storage="d:\actions-runner\_work\xpco\xpco\common\videoos.telemetry\tst\videoos.telemetry.unittests\bin\debug\videoos.telemetry.unittests.dll" id="f7a13d89-609a-7de1-e14c-736775f8899b">
      <Execution id="c2a1872a-6368-424e-b2d3-46cbb83b742b" />
      <TestMethod codeBase="D:\actions-runner\_work\XPCO\XPCO\Common\VideoOS.Telemetry\tst\VideoOS.Telemetry.UnitTests\bin\Debug\VideoOS.Telemetry.UnitTests.dll" adapterTypeName="executor://mstestadapter/v2" className="SmartClient_UnitTest.VideoOS.Shared.Telemetry.TelemetryManagerTests" name="TrackAvailability_ShouldNotSendAvailability_WhenTelemetryDisabled" />
    </UnitTest>
    <UnitTest name="Constructors_ShouldNotAllowInjectionOfNullsOnThird" storage="d:\actions-runner\_work\xpco\xpco\common\videoos.telemetry\tst\videoos.telemetry.unittests\bin\debug\videoos.telemetry.unittests.dll" id="37a27a25-0d4e-24f7-9f7d-8b93e02ca786">
      <Execution id="17e44a61-71b4-43ff-b352-fa0bbf021195" />
      <TestMethod codeBase="D:\actions-runner\_work\XPCO\XPCO\Common\VideoOS.Telemetry\tst\VideoOS.Telemetry.UnitTests\bin\Debug\VideoOS.Telemetry.UnitTests.dll" adapterTypeName="executor://mstestadapter/v2" className="SmartClient_UnitTest.VideoOS.Shared.Telemetry.TelemetryManagerTests" name="Constructors_ShouldNotAllowInjectionOfNullsOnThird" />
    </UnitTest>
    <UnitTest name="TrackException_ShouldNotSendException_WhenTelemetryDisabled" storage="d:\actions-runner\_work\xpco\xpco\common\videoos.telemetry\tst\videoos.telemetry.unittests\bin\debug\videoos.telemetry.unittests.dll" id="1286ba90-da36-5a26-07bb-29c8c6ef5c94">
      <Execution id="1258e64f-96f5-4950-8928-e9f54c331935" />
      <TestMethod codeBase="D:\actions-runner\_work\XPCO\XPCO\Common\VideoOS.Telemetry\tst\VideoOS.Telemetry.UnitTests\bin\Debug\VideoOS.Telemetry.UnitTests.dll" adapterTypeName="executor://mstestadapter/v2" className="SmartClient_UnitTest.VideoOS.Shared.Telemetry.TelemetryManagerTests" name="TrackException_ShouldNotSendException_WhenTelemetryDisabled" />
    </UnitTest>
    <UnitTest name="TelemetryManager_ShouldUseTelemetryProcessors" storage="d:\actions-runner\_work\xpco\xpco\common\videoos.telemetry\tst\videoos.telemetry.unittests\bin\debug\videoos.telemetry.unittests.dll" id="e9dea091-077b-b539-3ef5-9e44a48088db">
      <Execution id="8b7c58ee-398c-443d-8f84-3a8d5045c18e" />
      <TestMethod codeBase="D:\actions-runner\_work\XPCO\XPCO\Common\VideoOS.Telemetry\tst\VideoOS.Telemetry.UnitTests\bin\Debug\VideoOS.Telemetry.UnitTests.dll" adapterTypeName="executor://mstestadapter/v2" className="SmartClient_UnitTest.VideoOS.Shared.Telemetry.TelemetryManagerTests" name="TelemetryManager_ShouldUseTelemetryProcessors" />
    </UnitTest>
  </TestDefinitions>
  <TestEntries>
    <TestEntry testId="85bdbd4a-2249-0c4b-97ac-4a9916d2843b" executionId="9145464e-f5f3-454b-95f4-4e21eb41faaa" testListId="8c84fa94-04c1-424b-9868-57a2d4851a1d" />
    <TestEntry testId="48cd238d-c87b-9e9f-8fb4-bd7024bfbc5f" executionId="51bdf4c6-5510-4267-9e9a-2d73e9a92c38" testListId="8c84fa94-04c1-424b-9868-57a2d4851a1d" />
    <TestEntry testId="33d3627e-d0f4-1ab0-4b5d-66835af6c7da" executionId="304321f8-cbd3-4b25-81c8-f0f1307a9900" testListId="8c84fa94-04c1-424b-9868-57a2d4851a1d" />
    <TestEntry testId="769d429e-7f30-3d66-d569-ce0422e12caa" executionId="842ffe92-65cc-49d9-89fb-0e554a03c08b" testListId="8c84fa94-04c1-424b-9868-57a2d4851a1d" />
    <TestEntry testId="e454cb4f-e12d-72c4-4371-158bb9047d7b" executionId="f5a6bb42-e1b0-4eee-9c01-4d5c10b52ffc" testListId="8c84fa94-04c1-424b-9868-57a2d4851a1d" />
    <TestEntry testId="97313488-6bd4-fb6c-4b96-4556d6d0398b" executionId="47fc3032-a236-49eb-8dfc-91b3218cd6f8" testListId="8c84fa94-04c1-424b-9868-57a2d4851a1d" />
    <TestEntry testId="7d24b3cf-b376-84d3-2042-a71294aa196d" executionId="89fb7a61-c818-401a-8479-417e9eb9c9c6" testListId="8c84fa94-04c1-424b-9868-57a2d4851a1d" />
    <TestEntry testId="d4a6d38d-fc64-1923-b213-c87d9f255c2c" executionId="113be91b-51bf-4d5d-bc2e-ebbad69d13c0" testListId="8c84fa94-04c1-424b-9868-57a2d4851a1d" />
    <TestEntry testId="37a27a25-0d4e-24f7-9f7d-8b93e02ca786" executionId="17e44a61-71b4-43ff-b352-fa0bbf021195" testListId="8c84fa94-04c1-424b-9868-57a2d4851a1d" />
    <TestEntry testId="d0940dfa-cf70-bd53-09fb-ebd9fa7f9bc1" executionId="55a98412-fb55-43cd-9026-4e7ec4b0dd40" testListId="8c84fa94-04c1-424b-9868-57a2d4851a1d" />
    <TestEntry testId="f7a13d89-609a-7de1-e14c-736775f8899b" executionId="c2a1872a-6368-424e-b2d3-46cbb83b742b" testListId="8c84fa94-04c1-424b-9868-57a2d4851a1d" />
    <TestEntry testId="da610d60-4b6b-68b9-0c79-f6f2e4778391" executionId="93f3ba16-389a-4bcc-aa51-7827587c3ff2" testListId="8c84fa94-04c1-424b-9868-57a2d4851a1d" />
    <TestEntry testId="09e26043-7b9c-be54-1619-6bb191311ebd" executionId="0f9e28a0-9b23-48a0-9d48-fc6c2b0de7bb" testListId="8c84fa94-04c1-424b-9868-57a2d4851a1d" />
    <TestEntry testId="f376e332-0572-fdb5-982f-b6500b3dcc0c" executionId="d534833b-70e1-4f05-bfc4-33aa19d2e68a" testListId="8c84fa94-04c1-424b-9868-57a2d4851a1d" />
    <TestEntry testId="4e7eed6e-10b1-0a96-9a02-cca6eef9b8e8" executionId="1135e234-8b23-4885-971e-775edc0a887b" testListId="8c84fa94-04c1-424b-9868-57a2d4851a1d" />
    <TestEntry testId="158ef29c-926a-edfe-4ae0-a139ae70c1db" executionId="515ed186-8bf7-44b7-a617-746df2bfbe13" testListId="8c84fa94-04c1-424b-9868-57a2d4851a1d" />
    <TestEntry testId="cd64a482-b814-c931-3c4c-e952d7043148" executionId="75c19691-e649-43af-8c2b-f59e69a8336f" testListId="8c84fa94-04c1-424b-9868-57a2d4851a1d" />
    <TestEntry testId="43b34480-5436-1a88-825a-540e784bf75e" executionId="5254fd22-cd7e-4ace-a657-a7c88d36b24a" testListId="8c84fa94-04c1-424b-9868-57a2d4851a1d" />
    <TestEntry testId="55fbc210-2c31-9a3d-576d-6ff084b8562a" executionId="ac89bb1a-4f44-4035-9fb7-94ad0f643bbd" testListId="8c84fa94-04c1-424b-9868-57a2d4851a1d" />
    <TestEntry testId="f0e133f3-b449-ac09-8f3a-557aa6de76a3" executionId="d3b411ad-7624-4948-9fcd-98402d2545b7" testListId="8c84fa94-04c1-424b-9868-57a2d4851a1d" />
    <TestEntry testId="babdabeb-b84b-25f9-fbf1-34a0a95641b1" executionId="5923184f-3dbb-4e1f-b288-fda0f95e0ec4" testListId="8c84fa94-04c1-424b-9868-57a2d4851a1d" />
    <TestEntry testId="3e1b10c1-c657-5fb5-c501-a920f7ee9f71" executionId="149d7237-61ab-40ee-a0fc-35bd18ee058f" testListId="8c84fa94-04c1-424b-9868-57a2d4851a1d" />
    <TestEntry testId="42606fce-7d78-a485-6059-1229fe17f1e8" executionId="2e47d479-9ef3-41a0-9816-482f07a724bc" testListId="8c84fa94-04c1-424b-9868-57a2d4851a1d" />
    <TestEntry testId="e9dea091-077b-b539-3ef5-9e44a48088db" executionId="8b7c58ee-398c-443d-8f84-3a8d5045c18e" testListId="8c84fa94-04c1-424b-9868-57a2d4851a1d" />
    <TestEntry testId="1286ba90-da36-5a26-07bb-29c8c6ef5c94" executionId="1258e64f-96f5-4950-8928-e9f54c331935" testListId="8c84fa94-04c1-424b-9868-57a2d4851a1d" />
    <TestEntry testId="4df70e09-ff8b-4360-f32f-0e1cfb55ffba" executionId="134a8a20-499f-496c-abd5-119042eb642c" testListId="8c84fa94-04c1-424b-9868-57a2d4851a1d" />
  </TestEntries>
  <TestLists>
    <TestList name="Results Not in a List" id="8c84fa94-04c1-424b-9868-57a2d4851a1d" />
    <TestList name="All Loaded Results" id="19431567-8539-422a-85d7-44ee4e166bda" />
  </TestLists>
  <ResultSummary outcome="Completed">
    <Counters total="26" executed="26" passed="26" failed="0" error="0" timeout="0" aborted="0" inconclusive="0" passedButRunAborted="0" notRunnable="0" notExecuted="0" disconnected="0" warning="0" completed="0" inProgress="0" pending="0" />
  </ResultSummary>
</TestRun>