<?xml version="1.0" encoding="utf-8"?>
<TestRun id="bc4b91ba-cf28-4249-9562-a829bdcaadbe" name="DKSR-EFI-06$@DKSR-EFI-06 2024-01-09 15:43:37" runUser="NT AUTHORITY\NETWORK SERVICE" xmlns="http://microsoft.com/schemas/VisualStudio/TeamTest/2010">
  <Times creation="2024-01-09T15:43:37.6853931+01:00" queuing="2024-01-09T15:43:37.6853931+01:00" start="2024-01-09T15:43:28.4510033+01:00" finish="2024-01-09T15:43:39.9354038+01:00" />
  <TestSettings name="default" id="18c53774-20cb-4924-afcf-0245d94d6198">
    <Deployment runDeploymentRoot="DKSR-EFI-06$_DKSR-EFI-06_2024-01-09_15_43_37" />
  </TestSettings>
  <Results>
    <UnitTestResult executionId="05504a4a-143b-46e4-b860-06dbd09a754a" testId="8ffc3ff2-2cc6-4b2e-1d83-281093e60f7d" testName="LoadFromFile_ShouldSucceed_WhenXmlIsValid" computerName="DKSR-EFI-06" duration="00:00:00.7149350" startTime="2024-01-09T15:43:38.2791477+01:00" endTime="2024-01-09T15:43:38.9979013+01:00" testType="13cdc9d9-ddb5-4fa4-a97d-d965ccfc6d4b" outcome="Passed" testListId="8c84fa94-04c1-424b-9868-57a2d4851a1d" relativeResultsDirectory="05504a4a-143b-46e4-b860-06dbd09a754a" />
    <UnitTestResult executionId="fd3dbf32-da10-4f64-816e-98a22a2b27c3" testId="cc2e3293-34e3-696c-36f3-c9498cf2fd0c" testName="ApplyGlobalPrerequisites_InstalleConfigHasNoPrerequisites" computerName="DKSR-EFI-06" duration="00:00:00.0035472" startTime="2024-01-09T15:43:37.7791437+01:00" endTime="2024-01-09T15:43:37.7791437+01:00" testType="13cdc9d9-ddb5-4fa4-a97d-d965ccfc6d4b" outcome="Passed" testListId="8c84fa94-04c1-424b-9868-57a2d4851a1d" relativeResultsDirectory="fd3dbf32-da10-4f64-816e-98a22a2b27c3" />
    <UnitTestResult executionId="6a2da032-eb9c-49e5-8e07-2779641b0b7c" testId="c77275d4-c694-b493-3951-f8e5cb9328ce" testName="LoadFromFile_ShouldFail_WhenGuidIsEmpty" computerName="DKSR-EFI-06" duration="00:00:00.0018309" startTime="2024-01-09T15:43:39.0135257+01:00" endTime="2024-01-09T15:43:39.0135257+01:00" testType="13cdc9d9-ddb5-4fa4-a97d-d965ccfc6d4b" outcome="Passed" testListId="8c84fa94-04c1-424b-9868-57a2d4851a1d" relativeResultsDirectory="6a2da032-eb9c-49e5-8e07-2779641b0b7c" />
    <UnitTestResult executionId="d3814726-41ae-4354-96bc-d3aec6ae9def" testId="d6031d17-9639-960d-68c0-3905950886ef" testName="Given_AModelRepsositoryWithAModelContainerWithACQRSModel_When_PrepareForRebootAndResumeFromRebootIsCalled_Then_TheModelContainerAndModelIsRestored" computerName="DKSR-EFI-06" duration="00:00:00.0147174" startTime="2024-01-09T15:43:39.3416556+01:00" endTime="2024-01-09T15:43:39.3573217+01:00" testType="13cdc9d9-ddb5-4fa4-a97d-d965ccfc6d4b" outcome="Passed" testListId="8c84fa94-04c1-424b-9868-57a2d4851a1d" relativeResultsDirectory="d3814726-41ae-4354-96bc-d3aec6ae9def" />
    <UnitTestResult executionId="09004f69-76b7-4385-9c1a-d737275ef6dd" testId="8df875c3-8527-7ff3-e3d8-1389b76937db" testName="LoadFromFile_ShouldFail_WhenSkuIsEmpty" computerName="DKSR-EFI-06" duration="00:00:00.0017001" startTime="2024-01-09T15:43:39.0291500+01:00" endTime="2024-01-09T15:43:39.0291500+01:00" testType="13cdc9d9-ddb5-4fa4-a97d-d965ccfc6d4b" outcome="Passed" testListId="8c84fa94-04c1-424b-9868-57a2d4851a1d" relativeResultsDirectory="09004f69-76b7-4385-9c1a-d737275ef6dd" />
    <UnitTestResult executionId="9f9bf355-b7d1-4a34-8983-de49e45af9d4" testId="fa2d6ac8-f5cc-4ba5-5cc8-2fbbd3610c2e" testName="Given_AModelRepsositoryExist_When_AddingAModelThatDoesNotImplementTheInterfaceItClaims_Then_AnExceptionIsThrownAndTheErrorIsLogged" computerName="DKSR-EFI-06" duration="00:00:00.1232379" startTime="2024-01-09T15:43:39.3573217+01:00" endTime="2024-01-09T15:43:39.4822787+01:00" testType="13cdc9d9-ddb5-4fa4-a97d-d965ccfc6d4b" outcome="Passed" testListId="8c84fa94-04c1-424b-9868-57a2d4851a1d" relativeResultsDirectory="9f9bf355-b7d1-4a34-8983-de49e45af9d4" />
    <UnitTestResult executionId="d7c36868-fba6-4d1f-80b4-cb57d505a36f" testId="1f54dcdc-dd00-4f5f-c4e7-fd7699610643" testName="Given_AModelRepsositoryWithARegisteredInterfaceImplementationPreparedForReboot_When_GettingTheInterfaceImplementation_Then_AnExceptionIsThrownAndTheErrorIsLogged" computerName="DKSR-EFI-06" duration="00:00:00.0020579" startTime="2024-01-09T15:43:39.5135272+01:00" endTime="2024-01-09T15:43:39.5135272+01:00" testType="13cdc9d9-ddb5-4fa4-a97d-d965ccfc6d4b" outcome="Passed" testListId="8c84fa94-04c1-424b-9868-57a2d4851a1d" relativeResultsDirectory="d7c36868-fba6-4d1f-80b4-cb57d505a36f" />
    <UnitTestResult executionId="b567d764-760b-4099-a2ef-10f1b6420c38" testId="e279c773-019a-3211-851f-5d059140519e" testName="ApplyGlobalPrerequisites_FileNotFoundException" computerName="DKSR-EFI-06" duration="00:00:00.0074967" startTime="2024-01-09T15:43:37.7635177+01:00" endTime="2024-01-09T15:43:37.7791437+01:00" testType="13cdc9d9-ddb5-4fa4-a97d-d965ccfc6d4b" outcome="Passed" testListId="8c84fa94-04c1-424b-9868-57a2d4851a1d" relativeResultsDirectory="b567d764-760b-4099-a2ef-10f1b6420c38">
      <Output>
        <StdOut>Debug Trace:&#xD;
Load of XML file failed: FileNotFoundException: Could not find file 'D:\actions-runner\_work\XPCO\XPCO\InstallerFramework\VideoOS.Installer.Configuration.UnitTests\bin\Debug\TestData\MyInstallerConfig.xml'..</StdOut>
      </Output>
    </UnitTestResult>
    <UnitTestResult executionId="46682fd9-2d05-4b48-a948-fbafa45f1aa0" testId="24051016-72f6-2e0f-159b-4a909b813d11" testName="Given_AModelRepsositoryWithAModelContainer_When_PrepareForRebootAndResumeFromRebootIsCalled_Then_TheModelContainerIsRestored" computerName="DKSR-EFI-06" duration="00:00:00.0595391" startTime="2024-01-09T15:43:39.2791502+01:00" endTime="2024-01-09T15:43:39.3416556+01:00" testType="13cdc9d9-ddb5-4fa4-a97d-d965ccfc6d4b" outcome="Passed" testListId="8c84fa94-04c1-424b-9868-57a2d4851a1d" relativeResultsDirectory="46682fd9-2d05-4b48-a948-fbafa45f1aa0" />
    <UnitTestResult executionId="03f4127a-ad02-4d26-854c-3f3ed04dfa8b" testId="4691368a-e9e5-ed61-70d6-6180419aeff4" testName="Given_AModelRepsositoryExist_When_AddingAModelThatDoesNotRegisterAnyInterfaces_Then_AnExceptionIsThrownAndTheErrorIsLogged" computerName="DKSR-EFI-06" duration="00:00:00.0017522" startTime="2024-01-09T15:43:39.4979021+01:00" endTime="2024-01-09T15:43:39.4979021+01:00" testType="13cdc9d9-ddb5-4fa4-a97d-d965ccfc6d4b" outcome="Passed" testListId="8c84fa94-04c1-424b-9868-57a2d4851a1d" relativeResultsDirectory="03f4127a-ad02-4d26-854c-3f3ed04dfa8b" />
    <UnitTestResult executionId="f19dccd6-d932-4c42-813b-fefecfebc149" testId="6ba4066a-375d-5fc7-da74-178f68b5af1e" testName="LoadFromFile_ShouldFail_WhenPathIsInvalid" computerName="DKSR-EFI-06" duration="00:00:00.0017666" startTime="2024-01-09T15:43:38.9979013+01:00" endTime="2024-01-09T15:43:38.9979013+01:00" testType="13cdc9d9-ddb5-4fa4-a97d-d965ccfc6d4b" outcome="Passed" testListId="8c84fa94-04c1-424b-9868-57a2d4851a1d" relativeResultsDirectory="f19dccd6-d932-4c42-813b-fefecfebc149" />
    <UnitTestResult executionId="526d38c2-42d9-4a32-aa2e-6e68b3a7e0df" testId="f415170a-fd98-821f-90b3-f3732685e8e7" testName="Given_AModelRepsositoryExistWithOneRegisteredImplementationOfAnInterface_When_RegisteringTheSameImplementationAgain_Then_AnExceptionIsThrownAndTheErrorIsLogged" computerName="DKSR-EFI-06" duration="00:00:00.0018126" startTime="2024-01-09T15:43:39.4979021+01:00" endTime="2024-01-09T15:43:39.4979021+01:00" testType="13cdc9d9-ddb5-4fa4-a97d-d965ccfc6d4b" outcome="Passed" testListId="8c84fa94-04c1-424b-9868-57a2d4851a1d" relativeResultsDirectory="526d38c2-42d9-4a32-aa2e-6e68b3a7e0df" />
    <UnitTestResult executionId="c8f23a89-7310-4d39-98e5-4aa681345114" testId="4bc1cbb6-2141-997e-d0da-2da9751100fa" testName="Given_AModelRepsositoryExistd_When_AddingAMOdel_Then_ItIsPossibleToGetItsIntefaces" computerName="DKSR-EFI-06" duration="00:00:00.2052438" startTime="2024-01-09T15:43:39.0760544+01:00" endTime="2024-01-09T15:43:39.2791502+01:00" testType="13cdc9d9-ddb5-4fa4-a97d-d965ccfc6d4b" outcome="Passed" testListId="8c84fa94-04c1-424b-9868-57a2d4851a1d" relativeResultsDirectory="c8f23a89-7310-4d39-98e5-4aa681345114" />
    <UnitTestResult executionId="87629b40-8e05-448a-838d-e9663c1693cb" testId="0555b117-f85d-93ef-e19b-8bed4bf03f56" testName="LoadFromFile_ShouldFail_WhenSkuContainsInvalidCharacters" computerName="DKSR-EFI-06" duration="00:00:00.0015189" startTime="2024-01-09T15:43:39.0291500+01:00" endTime="2024-01-09T15:43:39.0291500+01:00" testType="13cdc9d9-ddb5-4fa4-a97d-d965ccfc6d4b" outcome="Passed" testListId="8c84fa94-04c1-424b-9868-57a2d4851a1d" relativeResultsDirectory="87629b40-8e05-448a-838d-e9663c1693cb" />
    <UnitTestResult executionId="f483f594-5342-43a8-94db-3c3afff7364c" testId="2df690d8-8d55-ebbc-57f1-e2ee0a2c9ced" testName="Given_AModelRepsositoryExistWithOneRegisteredImplementationOfAnInterface_When_AddingAnotherModelThatAlsoRegisteresForTheSameInterface_Then_AnExceptionIsThrownAndTheErrorIsLogged" computerName="DKSR-EFI-06" duration="00:00:00.0021681" startTime="2024-01-09T15:43:39.4822787+01:00" endTime="2024-01-09T15:43:39.4979021+01:00" testType="13cdc9d9-ddb5-4fa4-a97d-d965ccfc6d4b" outcome="Passed" testListId="8c84fa94-04c1-424b-9868-57a2d4851a1d" relativeResultsDirectory="f483f594-5342-43a8-94db-3c3afff7364c" />
    <UnitTestResult executionId="650fd12e-8439-4811-b87c-4bf1542341b3" testId="7c54f3d1-dede-eb05-22da-81fbd111be04" testName="LoadFromFile_ShouldFail_WhenGuidIsInvalid" computerName="DKSR-EFI-06" duration="00:00:00.0045124" startTime="2024-01-09T15:43:39.0135257+01:00" endTime="2024-01-09T15:43:39.0135257+01:00" testType="13cdc9d9-ddb5-4fa4-a97d-d965ccfc6d4b" outcome="Passed" testListId="8c84fa94-04c1-424b-9868-57a2d4851a1d" relativeResultsDirectory="650fd12e-8439-4811-b87c-4bf1542341b3" />
    <UnitTestResult executionId="5638a4f7-7740-4865-89f7-80f7ce4fff5a" testId="1a8a16ff-8af6-8710-25f0-f50a5fad375f" testName="LoadFromFile_ShouldFail_WhenNameIsEmpty" computerName="DKSR-EFI-06" duration="00:00:00.0017237" startTime="2024-01-09T15:43:39.0135257+01:00" endTime="2024-01-09T15:43:39.0135257+01:00" testType="13cdc9d9-ddb5-4fa4-a97d-d965ccfc6d4b" outcome="Passed" testListId="8c84fa94-04c1-424b-9868-57a2d4851a1d" relativeResultsDirectory="5638a4f7-7740-4865-89f7-80f7ce4fff5a" />
    <UnitTestResult executionId="eddb1e17-b3e0-48eb-b3bf-28e28c4a255b" testId="de6d6259-7bb4-ea3c-0ccd-6343cd2d96d9" testName="ApplyGlobalPrerequisites_NoError" computerName="DKSR-EFI-06" duration="00:00:00.0898064" startTime="2024-01-09T15:43:37.6697691+01:00" endTime="2024-01-09T15:43:37.7635177+01:00" testType="13cdc9d9-ddb5-4fa4-a97d-d965ccfc6d4b" outcome="Passed" testListId="8c84fa94-04c1-424b-9868-57a2d4851a1d" relativeResultsDirectory="eddb1e17-b3e0-48eb-b3bf-28e28c4a255b" />
    <UnitTestResult executionId="877dfea0-5e66-482c-b69a-21e0b3bc1c06" testId="d3f2f819-7177-1f18-c6e0-2ebc1b84613a" testName="LoadFromRegistry_ShouldReturnNull_WhenRegistryDoesNotContainManufacturerInfo" computerName="DKSR-EFI-06" duration="00:00:00.0009232" startTime="2024-01-09T15:43:39.0604044+01:00" endTime="2024-01-09T15:43:39.0760544+01:00" testType="13cdc9d9-ddb5-4fa4-a97d-d965ccfc6d4b" outcome="Passed" testListId="8c84fa94-04c1-424b-9868-57a2d4851a1d" relativeResultsDirectory="877dfea0-5e66-482c-b69a-21e0b3bc1c06" />
    <UnitTestResult executionId="fd761880-e86c-4d92-aefc-34a645fac755" testId="bf8e1142-2b45-9318-57a7-aa932f915b12" testName="Given_AModelRepsositoryIsPreparedForReboot_When_RegisteringAModelContainer_Then_AnExceptionIsThrownAndTheErrorIsLogged" computerName="DKSR-EFI-06" duration="00:00:00.0019402" startTime="2024-01-09T15:43:39.4979021+01:00" endTime="2024-01-09T15:43:39.4979021+01:00" testType="13cdc9d9-ddb5-4fa4-a97d-d965ccfc6d4b" outcome="Passed" testListId="8c84fa94-04c1-424b-9868-57a2d4851a1d" relativeResultsDirectory="fd761880-e86c-4d92-aefc-34a645fac755" />
    <UnitTestResult executionId="72ae7ce0-f13f-4f7d-96c3-7b609b02ba53" testId="d8fcc8a4-0389-6200-d754-58da618a93e4" testName="Test_With_XmlFileInV1_When_InterpretingTheXml_Then_TheParametersAreCorrect" computerName="DKSR-EFI-06" duration="00:00:01.8167484" startTime="2024-01-09T15:43:35.3280708+01:00" endTime="2024-01-09T15:43:37.5603916+01:00" testType="13cdc9d9-ddb5-4fa4-a97d-d965ccfc6d4b" outcome="Passed" testListId="8c84fa94-04c1-424b-9868-57a2d4851a1d" relativeResultsDirectory="72ae7ce0-f13f-4f7d-96c3-7b609b02ba53">
      <Output>
        <StdOut>Debug Trace:&#xD;
Loading C:\Windows\ServiceProfiles\NetworkService\AppData\Local\Temp\tmp1B4F.tmp...</StdOut>
      </Output>
    </UnitTestResult>
    <UnitTestResult executionId="03a286f4-d610-4931-bab3-c9551c26afd3" testId="ca6f6ba9-238f-57e8-cf5f-2ab0e196b187" testName="LoadFromRegistry_ShouldReturnInfo_WhenSavedToRegitryWasCalled" computerName="DKSR-EFI-06" startTime="2024-01-09T15:43:39.0604044+01:00" endTime="2024-01-09T15:43:39.0604044+01:00" testType="13cdc9d9-ddb5-4fa4-a97d-d965ccfc6d4b" outcome="NotExecuted" testListId="8c84fa94-04c1-424b-9868-57a2d4851a1d" relativeResultsDirectory="03a286f4-d610-4931-bab3-c9551c26afd3">
      <Output></Output>
    </UnitTestResult>
    <UnitTestResult executionId="2e907404-5b19-4dc7-b576-10161694aada" testId="fbb3f168-e4bd-d4af-5619-92b1f6767a24" testName="InstallerConfig_VerifyWinVersionsToExclude" computerName="DKSR-EFI-06" duration="00:00:00.4912125" startTime="2024-01-09T15:43:37.7791437+01:00" endTime="2024-01-09T15:43:38.2791477+01:00" testType="13cdc9d9-ddb5-4fa4-a97d-d965ccfc6d4b" outcome="Passed" testListId="8c84fa94-04c1-424b-9868-57a2d4851a1d" relativeResultsDirectory="2e907404-5b19-4dc7-b576-10161694aada" />
    <UnitTestResult executionId="b382689d-8a2c-4458-85a4-de3888eaf614" testId="0c8b0b7e-ee2e-05ad-0460-af4ad0a50443" testName="LoadFromFile_ShouldFail_WhenNameContainsInvalidCharacters" computerName="DKSR-EFI-06" duration="00:00:00.0018897" startTime="2024-01-09T15:43:39.0291500+01:00" endTime="2024-01-09T15:43:39.0291500+01:00" testType="13cdc9d9-ddb5-4fa4-a97d-d965ccfc6d4b" outcome="Passed" testListId="8c84fa94-04c1-424b-9868-57a2d4851a1d" relativeResultsDirectory="b382689d-8a2c-4458-85a4-de3888eaf614" />
    <UnitTestResult executionId="2f77dc1f-c3c2-47b2-add8-77ebf5ceb668" testId="63352fc3-f3b5-95ce-56de-93c65ebf377c" testName="Given_AModelRepsositoryWithAModelContainer_When_ResumeFromRebootIsCalled_Then_AnExceptionIsThrownAndTheErrorIsLogged" computerName="DKSR-EFI-06" duration="00:00:00.0030865" startTime="2024-01-09T15:43:39.5135272+01:00" endTime="2024-01-09T15:43:39.5135272+01:00" testType="13cdc9d9-ddb5-4fa4-a97d-d965ccfc6d4b" outcome="Passed" testListId="8c84fa94-04c1-424b-9868-57a2d4851a1d" relativeResultsDirectory="2f77dc1f-c3c2-47b2-add8-77ebf5ceb668" />
    <UnitTestResult executionId="9fce802b-5046-4526-a958-1b163e855854" testId="1af8ea80-c592-1d2d-76ab-e4a6d322aa1d" testName="LoadFromFile_ShouldFail_WhenXmlIsInvalid" computerName="DKSR-EFI-06" duration="00:00:00.0035301" startTime="2024-01-09T15:43:39.0291500+01:00" endTime="2024-01-09T15:43:39.0447756+01:00" testType="13cdc9d9-ddb5-4fa4-a97d-d965ccfc6d4b" outcome="Passed" testListId="8c84fa94-04c1-424b-9868-57a2d4851a1d" relativeResultsDirectory="9fce802b-5046-4526-a958-1b163e855854" />
    <UnitTestResult executionId="a6ece5cd-601e-470a-8d85-37514e754297" testId="d518fc8c-ea58-a049-a9e9-4aa4bd325374" testName="Given_AModelRepsositoryWithAMultipleModelsSomeWithCQRS_When_PrepareForRebootAndResumeFromRebootIsCalled_Then_AllModelContainersAndModelsAreRestored" computerName="DKSR-EFI-06" duration="00:00:00.0013494" startTime="2024-01-09T15:43:39.3573217+01:00" endTime="2024-01-09T15:43:39.3573217+01:00" testType="13cdc9d9-ddb5-4fa4-a97d-d965ccfc6d4b" outcome="Passed" testListId="8c84fa94-04c1-424b-9868-57a2d4851a1d" relativeResultsDirectory="a6ece5cd-601e-470a-8d85-37514e754297" />
  </Results>
  <TestDefinitions>
    <UnitTest name="Given_AModelRepsositoryExistd_When_AddingAMOdel_Then_ItIsPossibleToGetItsIntefaces" storage="d:\actions-runner\_work\xpco\xpco\installerframework\videoos.installer.configuration.unittests\bin\debug\videoos.installer.configuration.unittests.dll" id="4bc1cbb6-2141-997e-d0da-2da9751100fa">
      <Execution id="c8f23a89-7310-4d39-98e5-4aa681345114" />
      <TestMethod codeBase="D:\actions-runner\_work\XPCO\XPCO\InstallerFramework\VideoOS.Installer.Configuration.UnitTests\bin\Debug\VideoOS.Installer.Configuration.UnitTests.dll" adapterTypeName="executor://mstestadapter/v2" className="VideoOS.Installer.Configuration.UnitTests.ModelRepositoryUnitTest" name="Given_AModelRepsositoryExistd_When_AddingAMOdel_Then_ItIsPossibleToGetItsIntefaces" />
    </UnitTest>
    <UnitTest name="Given_AModelRepsositoryIsPreparedForReboot_When_RegisteringAModelContainer_Then_AnExceptionIsThrownAndTheErrorIsLogged" storage="d:\actions-runner\_work\xpco\xpco\installerframework\videoos.installer.configuration.unittests\bin\debug\videoos.installer.configuration.unittests.dll" id="bf8e1142-2b45-9318-57a7-aa932f915b12">
      <Execution id="fd761880-e86c-4d92-aefc-34a645fac755" />
      <TestMethod codeBase="D:\actions-runner\_work\XPCO\XPCO\InstallerFramework\VideoOS.Installer.Configuration.UnitTests\bin\Debug\VideoOS.Installer.Configuration.UnitTests.dll" adapterTypeName="executor://mstestadapter/v2" className="VideoOS.Installer.Configuration.UnitTests.ModelRepositoryUnitTest" name="Given_AModelRepsositoryIsPreparedForReboot_When_RegisteringAModelContainer_Then_AnExceptionIsThrownAndTheErrorIsLogged" />
    </UnitTest>
    <UnitTest name="LoadFromFile_ShouldFail_WhenGuidIsEmpty" storage="d:\actions-runner\_work\xpco\xpco\installerframework\videoos.installer.configuration.unittests\bin\debug\videoos.installer.configuration.unittests.dll" id="c77275d4-c694-b493-3951-f8e5cb9328ce">
      <Execution id="6a2da032-eb9c-49e5-8e07-2779641b0b7c" />
      <TestMethod codeBase="D:\actions-runner\_work\XPCO\XPCO\InstallerFramework\VideoOS.Installer.Configuration.UnitTests\bin\Debug\VideoOS.Installer.Configuration.UnitTests.dll" adapterTypeName="executor://mstestadapter/v2" className="VideoOS.Installer.Configuration.UnitTests.ManufacturerInfoTests" name="LoadFromFile_ShouldFail_WhenGuidIsEmpty" />
    </UnitTest>
    <UnitTest name="Given_AModelRepsositoryWithAModelContainer_When_ResumeFromRebootIsCalled_Then_AnExceptionIsThrownAndTheErrorIsLogged" storage="d:\actions-runner\_work\xpco\xpco\installerframework\videoos.installer.configuration.unittests\bin\debug\videoos.installer.configuration.unittests.dll" id="63352fc3-f3b5-95ce-56de-93c65ebf377c">
      <Execution id="2f77dc1f-c3c2-47b2-add8-77ebf5ceb668" />
      <TestMethod codeBase="D:\actions-runner\_work\XPCO\XPCO\InstallerFramework\VideoOS.Installer.Configuration.UnitTests\bin\Debug\VideoOS.Installer.Configuration.UnitTests.dll" adapterTypeName="executor://mstestadapter/v2" className="VideoOS.Installer.Configuration.UnitTests.ModelRepositoryUnitTest" name="Given_AModelRepsositoryWithAModelContainer_When_ResumeFromRebootIsCalled_Then_AnExceptionIsThrownAndTheErrorIsLogged" />
    </UnitTest>
    <UnitTest name="Given_AModelRepsositoryExistWithOneRegisteredImplementationOfAnInterface_When_AddingAnotherModelThatAlsoRegisteresForTheSameInterface_Then_AnExceptionIsThrownAndTheErrorIsLogged" storage="d:\actions-runner\_work\xpco\xpco\installerframework\videoos.installer.configuration.unittests\bin\debug\videoos.installer.configuration.unittests.dll" id="2df690d8-8d55-ebbc-57f1-e2ee0a2c9ced">
      <Execution id="f483f594-5342-43a8-94db-3c3afff7364c" />
      <TestMethod codeBase="D:\actions-runner\_work\XPCO\XPCO\InstallerFramework\VideoOS.Installer.Configuration.UnitTests\bin\Debug\VideoOS.Installer.Configuration.UnitTests.dll" adapterTypeName="executor://mstestadapter/v2" className="VideoOS.Installer.Configuration.UnitTests.ModelRepositoryUnitTest" name="Given_AModelRepsositoryExistWithOneRegisteredImplementationOfAnInterface_When_AddingAnotherModelThatAlsoRegisteresForTheSameInterface_Then_AnExceptionIsThrownAndTheErrorIsLogged" />
    </UnitTest>
    <UnitTest name="Given_AModelRepsositoryWithAModelContainer_When_PrepareForRebootAndResumeFromRebootIsCalled_Then_TheModelContainerIsRestored" storage="d:\actions-runner\_work\xpco\xpco\installerframework\videoos.installer.configuration.unittests\bin\debug\videoos.installer.configuration.unittests.dll" id="24051016-72f6-2e0f-159b-4a909b813d11">
      <Execution id="46682fd9-2d05-4b48-a948-fbafa45f1aa0" />
      <TestMethod codeBase="D:\actions-runner\_work\XPCO\XPCO\InstallerFramework\VideoOS.Installer.Configuration.UnitTests\bin\Debug\VideoOS.Installer.Configuration.UnitTests.dll" adapterTypeName="executor://mstestadapter/v2" className="VideoOS.Installer.Configuration.UnitTests.ModelRepositoryUnitTest" name="Given_AModelRepsositoryWithAModelContainer_When_PrepareForRebootAndResumeFromRebootIsCalled_Then_TheModelContainerIsRestored" />
    </UnitTest>
    <UnitTest name="Given_AModelRepsositoryWithAMultipleModelsSomeWithCQRS_When_PrepareForRebootAndResumeFromRebootIsCalled_Then_AllModelContainersAndModelsAreRestored" storage="d:\actions-runner\_work\xpco\xpco\installerframework\videoos.installer.configuration.unittests\bin\debug\videoos.installer.configuration.unittests.dll" id="d518fc8c-ea58-a049-a9e9-4aa4bd325374">
      <Execution id="a6ece5cd-601e-470a-8d85-37514e754297" />
      <TestMethod codeBase="D:\actions-runner\_work\XPCO\XPCO\InstallerFramework\VideoOS.Installer.Configuration.UnitTests\bin\Debug\VideoOS.Installer.Configuration.UnitTests.dll" adapterTypeName="executor://mstestadapter/v2" className="VideoOS.Installer.Configuration.UnitTests.ModelRepositoryUnitTest" name="Given_AModelRepsositoryWithAMultipleModelsSomeWithCQRS_When_PrepareForRebootAndResumeFromRebootIsCalled_Then_AllModelContainersAndModelsAreRestored" />
    </UnitTest>
    <UnitTest name="ApplyGlobalPrerequisites_InstalleConfigHasNoPrerequisites" storage="d:\actions-runner\_work\xpco\xpco\installerframework\videoos.installer.configuration.unittests\bin\debug\videoos.installer.configuration.unittests.dll" id="cc2e3293-34e3-696c-36f3-c9498cf2fd0c">
      <Execution id="fd3dbf32-da10-4f64-816e-98a22a2b27c3" />
      <TestMethod codeBase="D:\actions-runner\_work\XPCO\XPCO\InstallerFramework\VideoOS.Installer.Configuration.UnitTests\bin\Debug\VideoOS.Installer.Configuration.UnitTests.dll" adapterTypeName="executor://mstestadapter/v2" className="VideoOS.Installer.Configuration.UnitTests.GlobalPrerequisitesUnitTest" name="ApplyGlobalPrerequisites_InstalleConfigHasNoPrerequisites" />
    </UnitTest>
    <UnitTest name="Given_AModelRepsositoryWithARegisteredInterfaceImplementationPreparedForReboot_When_GettingTheInterfaceImplementation_Then_AnExceptionIsThrownAndTheErrorIsLogged" storage="d:\actions-runner\_work\xpco\xpco\installerframework\videoos.installer.configuration.unittests\bin\debug\videoos.installer.configuration.unittests.dll" id="1f54dcdc-dd00-4f5f-c4e7-fd7699610643">
      <Execution id="d7c36868-fba6-4d1f-80b4-cb57d505a36f" />
      <TestMethod codeBase="D:\actions-runner\_work\XPCO\XPCO\InstallerFramework\VideoOS.Installer.Configuration.UnitTests\bin\Debug\VideoOS.Installer.Configuration.UnitTests.dll" adapterTypeName="executor://mstestadapter/v2" className="VideoOS.Installer.Configuration.UnitTests.ModelRepositoryUnitTest" name="Given_AModelRepsositoryWithARegisteredInterfaceImplementationPreparedForReboot_When_GettingTheInterfaceImplementation_Then_AnExceptionIsThrownAndTheErrorIsLogged" />
    </UnitTest>
    <UnitTest name="LoadFromFile_ShouldFail_WhenNameIsEmpty" storage="d:\actions-runner\_work\xpco\xpco\installerframework\videoos.installer.configuration.unittests\bin\debug\videoos.installer.configuration.unittests.dll" id="1a8a16ff-8af6-8710-25f0-f50a5fad375f">
      <Execution id="5638a4f7-7740-4865-89f7-80f7ce4fff5a" />
      <TestMethod codeBase="D:\actions-runner\_work\XPCO\XPCO\InstallerFramework\VideoOS.Installer.Configuration.UnitTests\bin\Debug\VideoOS.Installer.Configuration.UnitTests.dll" adapterTypeName="executor://mstestadapter/v2" className="VideoOS.Installer.Configuration.UnitTests.ManufacturerInfoTests" name="LoadFromFile_ShouldFail_WhenNameIsEmpty" />
    </UnitTest>
    <UnitTest name="Given_AModelRepsositoryExist_When_AddingAModelThatDoesNotImplementTheInterfaceItClaims_Then_AnExceptionIsThrownAndTheErrorIsLogged" storage="d:\actions-runner\_work\xpco\xpco\installerframework\videoos.installer.configuration.unittests\bin\debug\videoos.installer.configuration.unittests.dll" id="fa2d6ac8-f5cc-4ba5-5cc8-2fbbd3610c2e">
      <Execution id="9f9bf355-b7d1-4a34-8983-de49e45af9d4" />
      <TestMethod codeBase="D:\actions-runner\_work\XPCO\XPCO\InstallerFramework\VideoOS.Installer.Configuration.UnitTests\bin\Debug\VideoOS.Installer.Configuration.UnitTests.dll" adapterTypeName="executor://mstestadapter/v2" className="VideoOS.Installer.Configuration.UnitTests.ModelRepositoryUnitTest" name="Given_AModelRepsositoryExist_When_AddingAModelThatDoesNotImplementTheInterfaceItClaims_Then_AnExceptionIsThrownAndTheErrorIsLogged" />
    </UnitTest>
    <UnitTest name="LoadFromFile_ShouldFail_WhenSkuContainsInvalidCharacters" storage="d:\actions-runner\_work\xpco\xpco\installerframework\videoos.installer.configuration.unittests\bin\debug\videoos.installer.configuration.unittests.dll" id="0555b117-f85d-93ef-e19b-8bed4bf03f56">
      <Execution id="87629b40-8e05-448a-838d-e9663c1693cb" />
      <TestMethod codeBase="D:\actions-runner\_work\XPCO\XPCO\InstallerFramework\VideoOS.Installer.Configuration.UnitTests\bin\Debug\VideoOS.Installer.Configuration.UnitTests.dll" adapterTypeName="executor://mstestadapter/v2" className="VideoOS.Installer.Configuration.UnitTests.ManufacturerInfoTests" name="LoadFromFile_ShouldFail_WhenSkuContainsInvalidCharacters" />
    </UnitTest>
    <UnitTest name="LoadFromFile_ShouldFail_WhenNameContainsInvalidCharacters" storage="d:\actions-runner\_work\xpco\xpco\installerframework\videoos.installer.configuration.unittests\bin\debug\videoos.installer.configuration.unittests.dll" id="0c8b0b7e-ee2e-05ad-0460-af4ad0a50443">
      <Execution id="b382689d-8a2c-4458-85a4-de3888eaf614" />
      <TestMethod codeBase="D:\actions-runner\_work\XPCO\XPCO\InstallerFramework\VideoOS.Installer.Configuration.UnitTests\bin\Debug\VideoOS.Installer.Configuration.UnitTests.dll" adapterTypeName="executor://mstestadapter/v2" className="VideoOS.Installer.Configuration.UnitTests.ManufacturerInfoTests" name="LoadFromFile_ShouldFail_WhenNameContainsInvalidCharacters" />
    </UnitTest>
    <UnitTest name="Given_AModelRepsositoryExistWithOneRegisteredImplementationOfAnInterface_When_RegisteringTheSameImplementationAgain_Then_AnExceptionIsThrownAndTheErrorIsLogged" storage="d:\actions-runner\_work\xpco\xpco\installerframework\videoos.installer.configuration.unittests\bin\debug\videoos.installer.configuration.unittests.dll" id="f415170a-fd98-821f-90b3-f3732685e8e7">
      <Execution id="526d38c2-42d9-4a32-aa2e-6e68b3a7e0df" />
      <TestMethod codeBase="D:\actions-runner\_work\XPCO\XPCO\InstallerFramework\VideoOS.Installer.Configuration.UnitTests\bin\Debug\VideoOS.Installer.Configuration.UnitTests.dll" adapterTypeName="executor://mstestadapter/v2" className="VideoOS.Installer.Configuration.UnitTests.ModelRepositoryUnitTest" name="Given_AModelRepsositoryExistWithOneRegisteredImplementationOfAnInterface_When_RegisteringTheSameImplementationAgain_Then_AnExceptionIsThrownAndTheErrorIsLogged" />
    </UnitTest>
    <UnitTest name="ApplyGlobalPrerequisites_NoError" storage="d:\actions-runner\_work\xpco\xpco\installerframework\videoos.installer.configuration.unittests\bin\debug\videoos.installer.configuration.unittests.dll" id="de6d6259-7bb4-ea3c-0ccd-6343cd2d96d9">
      <Execution id="eddb1e17-b3e0-48eb-b3bf-28e28c4a255b" />
      <TestMethod codeBase="D:\actions-runner\_work\XPCO\XPCO\InstallerFramework\VideoOS.Installer.Configuration.UnitTests\bin\Debug\VideoOS.Installer.Configuration.UnitTests.dll" adapterTypeName="executor://mstestadapter/v2" className="VideoOS.Installer.Configuration.UnitTests.GlobalPrerequisitesUnitTest" name="ApplyGlobalPrerequisites_NoError" />
    </UnitTest>
    <UnitTest name="LoadFromFile_ShouldFail_WhenXmlIsInvalid" storage="d:\actions-runner\_work\xpco\xpco\installerframework\videoos.installer.configuration.unittests\bin\debug\videoos.installer.configuration.unittests.dll" id="1af8ea80-c592-1d2d-76ab-e4a6d322aa1d">
      <Execution id="9fce802b-5046-4526-a958-1b163e855854" />
      <TestMethod codeBase="D:\actions-runner\_work\XPCO\XPCO\InstallerFramework\VideoOS.Installer.Configuration.UnitTests\bin\Debug\VideoOS.Installer.Configuration.UnitTests.dll" adapterTypeName="executor://mstestadapter/v2" className="VideoOS.Installer.Configuration.UnitTests.ManufacturerInfoTests" name="LoadFromFile_ShouldFail_WhenXmlIsInvalid" />
    </UnitTest>
    <UnitTest name="LoadFromFile_ShouldFail_WhenPathIsInvalid" storage="d:\actions-runner\_work\xpco\xpco\installerframework\videoos.installer.configuration.unittests\bin\debug\videoos.installer.configuration.unittests.dll" id="6ba4066a-375d-5fc7-da74-178f68b5af1e">
      <Execution id="f19dccd6-d932-4c42-813b-fefecfebc149" />
      <TestMethod codeBase="D:\actions-runner\_work\XPCO\XPCO\InstallerFramework\VideoOS.Installer.Configuration.UnitTests\bin\Debug\VideoOS.Installer.Configuration.UnitTests.dll" adapterTypeName="executor://mstestadapter/v2" className="VideoOS.Installer.Configuration.UnitTests.ManufacturerInfoTests" name="LoadFromFile_ShouldFail_WhenPathIsInvalid" />
    </UnitTest>
    <UnitTest name="InstallerConfig_VerifyWinVersionsToExclude" storage="d:\actions-runner\_work\xpco\xpco\installerframework\videoos.installer.configuration.unittests\bin\debug\videoos.installer.configuration.unittests.dll" id="fbb3f168-e4bd-d4af-5619-92b1f6767a24">
      <Execution id="2e907404-5b19-4dc7-b576-10161694aada" />
      <TestMethod codeBase="D:\actions-runner\_work\XPCO\XPCO\InstallerFramework\VideoOS.Installer.Configuration.UnitTests\bin\Debug\VideoOS.Installer.Configuration.UnitTests.dll" adapterTypeName="executor://mstestadapter/v2" className="VideoOS.Installer.Configuration.UnitTests.InstallerConfigTests" name="InstallerConfig_VerifyWinVersionsToExclude" />
    </UnitTest>
    <UnitTest name="LoadFromFile_ShouldSucceed_WhenXmlIsValid" storage="d:\actions-runner\_work\xpco\xpco\installerframework\videoos.installer.configuration.unittests\bin\debug\videoos.installer.configuration.unittests.dll" id="8ffc3ff2-2cc6-4b2e-1d83-281093e60f7d">
      <Execution id="05504a4a-143b-46e4-b860-06dbd09a754a" />
      <TestMethod codeBase="D:\actions-runner\_work\XPCO\XPCO\InstallerFramework\VideoOS.Installer.Configuration.UnitTests\bin\Debug\VideoOS.Installer.Configuration.UnitTests.dll" adapterTypeName="executor://mstestadapter/v2" className="VideoOS.Installer.Configuration.UnitTests.ManufacturerInfoTests" name="LoadFromFile_ShouldSucceed_WhenXmlIsValid" />
    </UnitTest>
    <UnitTest name="Test_With_XmlFileInV1_When_InterpretingTheXml_Then_TheParametersAreCorrect" storage="d:\actions-runner\_work\xpco\xpco\installerframework\videoos.installer.configuration.unittests\bin\debug\videoos.installer.configuration.unittests.dll" id="d8fcc8a4-0389-6200-d754-58da618a93e4">
      <Execution id="72ae7ce0-f13f-4f7d-96c3-7b609b02ba53" />
      <TestMethod codeBase="D:\actions-runner\_work\XPCO\XPCO\InstallerFramework\VideoOS.Installer.Configuration.UnitTests\bin\Debug\VideoOS.Installer.Configuration.UnitTests.dll" adapterTypeName="executor://mstestadapter/v2" className="VideoOS.Installer.Configuration.UnitTests.ArgumentsUnitTest" name="Test_With_XmlFileInV1_When_InterpretingTheXml_Then_TheParametersAreCorrect" />
    </UnitTest>
    <UnitTest name="LoadFromRegistry_ShouldReturnInfo_WhenSavedToRegitryWasCalled" storage="d:\actions-runner\_work\xpco\xpco\installerframework\videoos.installer.configuration.unittests\bin\debug\videoos.installer.configuration.unittests.dll" id="ca6f6ba9-238f-57e8-cf5f-2ab0e196b187">
      <Execution id="03a286f4-d610-4931-bab3-c9551c26afd3" />
      <TestMethod codeBase="D:\actions-runner\_work\XPCO\XPCO\InstallerFramework\VideoOS.Installer.Configuration.UnitTests\bin\Debug\VideoOS.Installer.Configuration.UnitTests.dll" adapterTypeName="executor://mstestadapter/v2" className="VideoOS.Installer.Configuration.UnitTests.ManufacturerInfoTests" name="LoadFromRegistry_ShouldReturnInfo_WhenSavedToRegitryWasCalled" />
    </UnitTest>
    <UnitTest name="LoadFromFile_ShouldFail_WhenSkuIsEmpty" storage="d:\actions-runner\_work\xpco\xpco\installerframework\videoos.installer.configuration.unittests\bin\debug\videoos.installer.configuration.unittests.dll" id="8df875c3-8527-7ff3-e3d8-1389b76937db">
      <Execution id="09004f69-76b7-4385-9c1a-d737275ef6dd" />
      <TestMethod codeBase="D:\actions-runner\_work\XPCO\XPCO\InstallerFramework\VideoOS.Installer.Configuration.UnitTests\bin\Debug\VideoOS.Installer.Configuration.UnitTests.dll" adapterTypeName="executor://mstestadapter/v2" className="VideoOS.Installer.Configuration.UnitTests.ManufacturerInfoTests" name="LoadFromFile_ShouldFail_WhenSkuIsEmpty" />
    </UnitTest>
    <UnitTest name="Given_AModelRepsositoryWithAModelContainerWithACQRSModel_When_PrepareForRebootAndResumeFromRebootIsCalled_Then_TheModelContainerAndModelIsRestored" storage="d:\actions-runner\_work\xpco\xpco\installerframework\videoos.installer.configuration.unittests\bin\debug\videoos.installer.configuration.unittests.dll" id="d6031d17-9639-960d-68c0-3905950886ef">
      <Execution id="d3814726-41ae-4354-96bc-d3aec6ae9def" />
      <TestMethod codeBase="D:\actions-runner\_work\XPCO\XPCO\InstallerFramework\VideoOS.Installer.Configuration.UnitTests\bin\Debug\VideoOS.Installer.Configuration.UnitTests.dll" adapterTypeName="executor://mstestadapter/v2" className="VideoOS.Installer.Configuration.UnitTests.ModelRepositoryUnitTest" name="Given_AModelRepsositoryWithAModelContainerWithACQRSModel_When_PrepareForRebootAndResumeFromRebootIsCalled_Then_TheModelContainerAndModelIsRestored" />
    </UnitTest>
    <UnitTest name="LoadFromFile_ShouldFail_WhenGuidIsInvalid" storage="d:\actions-runner\_work\xpco\xpco\installerframework\videoos.installer.configuration.unittests\bin\debug\videoos.installer.configuration.unittests.dll" id="7c54f3d1-dede-eb05-22da-81fbd111be04">
      <Execution id="650fd12e-8439-4811-b87c-4bf1542341b3" />
      <TestMethod codeBase="D:\actions-runner\_work\XPCO\XPCO\InstallerFramework\VideoOS.Installer.Configuration.UnitTests\bin\Debug\VideoOS.Installer.Configuration.UnitTests.dll" adapterTypeName="executor://mstestadapter/v2" className="VideoOS.Installer.Configuration.UnitTests.ManufacturerInfoTests" name="LoadFromFile_ShouldFail_WhenGuidIsInvalid" />
    </UnitTest>
    <UnitTest name="ApplyGlobalPrerequisites_FileNotFoundException" storage="d:\actions-runner\_work\xpco\xpco\installerframework\videoos.installer.configuration.unittests\bin\debug\videoos.installer.configuration.unittests.dll" id="e279c773-019a-3211-851f-5d059140519e">
      <Execution id="b567d764-760b-4099-a2ef-10f1b6420c38" />
      <TestMethod codeBase="D:\actions-runner\_work\XPCO\XPCO\InstallerFramework\VideoOS.Installer.Configuration.UnitTests\bin\Debug\VideoOS.Installer.Configuration.UnitTests.dll" adapterTypeName="executor://mstestadapter/v2" className="VideoOS.Installer.Configuration.UnitTests.GlobalPrerequisitesUnitTest" name="ApplyGlobalPrerequisites_FileNotFoundException" />
    </UnitTest>
    <UnitTest name="Given_AModelRepsositoryExist_When_AddingAModelThatDoesNotRegisterAnyInterfaces_Then_AnExceptionIsThrownAndTheErrorIsLogged" storage="d:\actions-runner\_work\xpco\xpco\installerframework\videoos.installer.configuration.unittests\bin\debug\videoos.installer.configuration.unittests.dll" id="4691368a-e9e5-ed61-70d6-6180419aeff4">
      <Execution id="03f4127a-ad02-4d26-854c-3f3ed04dfa8b" />
      <TestMethod codeBase="D:\actions-runner\_work\XPCO\XPCO\InstallerFramework\VideoOS.Installer.Configuration.UnitTests\bin\Debug\VideoOS.Installer.Configuration.UnitTests.dll" adapterTypeName="executor://mstestadapter/v2" className="VideoOS.Installer.Configuration.UnitTests.ModelRepositoryUnitTest" name="Given_AModelRepsositoryExist_When_AddingAModelThatDoesNotRegisterAnyInterfaces_Then_AnExceptionIsThrownAndTheErrorIsLogged" />
    </UnitTest>
    <UnitTest name="LoadFromRegistry_ShouldReturnNull_WhenRegistryDoesNotContainManufacturerInfo" storage="d:\actions-runner\_work\xpco\xpco\installerframework\videoos.installer.configuration.unittests\bin\debug\videoos.installer.configuration.unittests.dll" id="d3f2f819-7177-1f18-c6e0-2ebc1b84613a">
      <Execution id="877dfea0-5e66-482c-b69a-21e0b3bc1c06" />
      <TestMethod codeBase="D:\actions-runner\_work\XPCO\XPCO\InstallerFramework\VideoOS.Installer.Configuration.UnitTests\bin\Debug\VideoOS.Installer.Configuration.UnitTests.dll" adapterTypeName="executor://mstestadapter/v2" className="VideoOS.Installer.Configuration.UnitTests.ManufacturerInfoTests" name="LoadFromRegistry_ShouldReturnNull_WhenRegistryDoesNotContainManufacturerInfo" />
    </UnitTest>
  </TestDefinitions>
  <TestEntries>
    <TestEntry testId="8ffc3ff2-2cc6-4b2e-1d83-281093e60f7d" executionId="05504a4a-143b-46e4-b860-06dbd09a754a" testListId="8c84fa94-04c1-424b-9868-57a2d4851a1d" />
    <TestEntry testId="cc2e3293-34e3-696c-36f3-c9498cf2fd0c" executionId="fd3dbf32-da10-4f64-816e-98a22a2b27c3" testListId="8c84fa94-04c1-424b-9868-57a2d4851a1d" />
    <TestEntry testId="c77275d4-c694-b493-3951-f8e5cb9328ce" executionId="6a2da032-eb9c-49e5-8e07-2779641b0b7c" testListId="8c84fa94-04c1-424b-9868-57a2d4851a1d" />
    <TestEntry testId="d6031d17-9639-960d-68c0-3905950886ef" executionId="d3814726-41ae-4354-96bc-d3aec6ae9def" testListId="8c84fa94-04c1-424b-9868-57a2d4851a1d" />
    <TestEntry testId="8df875c3-8527-7ff3-e3d8-1389b76937db" executionId="09004f69-76b7-4385-9c1a-d737275ef6dd" testListId="8c84fa94-04c1-424b-9868-57a2d4851a1d" />
    <TestEntry testId="fa2d6ac8-f5cc-4ba5-5cc8-2fbbd3610c2e" executionId="9f9bf355-b7d1-4a34-8983-de49e45af9d4" testListId="8c84fa94-04c1-424b-9868-57a2d4851a1d" />
    <TestEntry testId="1f54dcdc-dd00-4f5f-c4e7-fd7699610643" executionId="d7c36868-fba6-4d1f-80b4-cb57d505a36f" testListId="8c84fa94-04c1-424b-9868-57a2d4851a1d" />
    <TestEntry testId="e279c773-019a-3211-851f-5d059140519e" executionId="b567d764-760b-4099-a2ef-10f1b6420c38" testListId="8c84fa94-04c1-424b-9868-57a2d4851a1d" />
    <TestEntry testId="24051016-72f6-2e0f-159b-4a909b813d11" executionId="46682fd9-2d05-4b48-a948-fbafa45f1aa0" testListId="8c84fa94-04c1-424b-9868-57a2d4851a1d" />
    <TestEntry testId="4691368a-e9e5-ed61-70d6-6180419aeff4" executionId="03f4127a-ad02-4d26-854c-3f3ed04dfa8b" testListId="8c84fa94-04c1-424b-9868-57a2d4851a1d" />
    <TestEntry testId="6ba4066a-375d-5fc7-da74-178f68b5af1e" executionId="f19dccd6-d932-4c42-813b-fefecfebc149" testListId="8c84fa94-04c1-424b-9868-57a2d4851a1d" />
    <TestEntry testId="f415170a-fd98-821f-90b3-f3732685e8e7" executionId="526d38c2-42d9-4a32-aa2e-6e68b3a7e0df" testListId="8c84fa94-04c1-424b-9868-57a2d4851a1d" />
    <TestEntry testId="4bc1cbb6-2141-997e-d0da-2da9751100fa" executionId="c8f23a89-7310-4d39-98e5-4aa681345114" testListId="8c84fa94-04c1-424b-9868-57a2d4851a1d" />
    <TestEntry testId="0555b117-f85d-93ef-e19b-8bed4bf03f56" executionId="87629b40-8e05-448a-838d-e9663c1693cb" testListId="8c84fa94-04c1-424b-9868-57a2d4851a1d" />
    <TestEntry testId="2df690d8-8d55-ebbc-57f1-e2ee0a2c9ced" executionId="f483f594-5342-43a8-94db-3c3afff7364c" testListId="8c84fa94-04c1-424b-9868-57a2d4851a1d" />
    <TestEntry testId="7c54f3d1-dede-eb05-22da-81fbd111be04" executionId="650fd12e-8439-4811-b87c-4bf1542341b3" testListId="8c84fa94-04c1-424b-9868-57a2d4851a1d" />
    <TestEntry testId="1a8a16ff-8af6-8710-25f0-f50a5fad375f" executionId="5638a4f7-7740-4865-89f7-80f7ce4fff5a" testListId="8c84fa94-04c1-424b-9868-57a2d4851a1d" />
    <TestEntry testId="de6d6259-7bb4-ea3c-0ccd-6343cd2d96d9" executionId="eddb1e17-b3e0-48eb-b3bf-28e28c4a255b" testListId="8c84fa94-04c1-424b-9868-57a2d4851a1d" />
    <TestEntry testId="d3f2f819-7177-1f18-c6e0-2ebc1b84613a" executionId="877dfea0-5e66-482c-b69a-21e0b3bc1c06" testListId="8c84fa94-04c1-424b-9868-57a2d4851a1d" />
    <TestEntry testId="bf8e1142-2b45-9318-57a7-aa932f915b12" executionId="fd761880-e86c-4d92-aefc-34a645fac755" testListId="8c84fa94-04c1-424b-9868-57a2d4851a1d" />
    <TestEntry testId="d8fcc8a4-0389-6200-d754-58da618a93e4" executionId="72ae7ce0-f13f-4f7d-96c3-7b609b02ba53" testListId="8c84fa94-04c1-424b-9868-57a2d4851a1d" />
    <TestEntry testId="ca6f6ba9-238f-57e8-cf5f-2ab0e196b187" executionId="03a286f4-d610-4931-bab3-c9551c26afd3" testListId="8c84fa94-04c1-424b-9868-57a2d4851a1d" />
    <TestEntry testId="fbb3f168-e4bd-d4af-5619-92b1f6767a24" executionId="2e907404-5b19-4dc7-b576-10161694aada" testListId="8c84fa94-04c1-424b-9868-57a2d4851a1d" />
    <TestEntry testId="0c8b0b7e-ee2e-05ad-0460-af4ad0a50443" executionId="b382689d-8a2c-4458-85a4-de3888eaf614" testListId="8c84fa94-04c1-424b-9868-57a2d4851a1d" />
    <TestEntry testId="63352fc3-f3b5-95ce-56de-93c65ebf377c" executionId="2f77dc1f-c3c2-47b2-add8-77ebf5ceb668" testListId="8c84fa94-04c1-424b-9868-57a2d4851a1d" />
    <TestEntry testId="1af8ea80-c592-1d2d-76ab-e4a6d322aa1d" executionId="9fce802b-5046-4526-a958-1b163e855854" testListId="8c84fa94-04c1-424b-9868-57a2d4851a1d" />
    <TestEntry testId="d518fc8c-ea58-a049-a9e9-4aa4bd325374" executionId="a6ece5cd-601e-470a-8d85-37514e754297" testListId="8c84fa94-04c1-424b-9868-57a2d4851a1d" />
  </TestEntries>
  <TestLists>
    <TestList name="Results Not in a List" id="8c84fa94-04c1-424b-9868-57a2d4851a1d" />
    <TestList name="All Loaded Results" id="19431567-8539-422a-85d7-44ee4e166bda" />
  </TestLists>
  <ResultSummary outcome="Completed">
    <Counters total="27" executed="26" passed="26" failed="0" error="0" timeout="0" aborted="0" inconclusive="0" passedButRunAborted="0" notRunnable="0" notExecuted="0" disconnected="0" warning="0" completed="0" inProgress="0" pending="0" />
    <Output>
      <StdOut>Test 'LoadFromRegistry_ShouldReturnInfo_WhenSavedToRegitryWasCalled' was skipped in the test run.&#xD;
</StdOut>
    </Output>
  </ResultSummary>
</TestRun>