<?xml version="1.0" encoding="utf-8"?>
<TestRun id="c23a2c35-8e53-46a0-8bd0-e251ca0fe7d5" name="DKSR-EFI-06$@DKSR-EFI-06 2024-01-09 15:45:09" runUser="NT AUTHORITY\NETWORK SERVICE" xmlns="http://microsoft.com/schemas/VisualStudio/TeamTest/2010">
  <Times creation="2024-01-09T15:45:09.4200067+01:00" queuing="2024-01-09T15:45:09.4200067+01:00" start="2024-01-09T15:45:08.1543821+01:00" finish="2024-01-09T15:45:09.5293832+01:00" />
  <TestSettings name="default" id="1b5e113a-f31e-4e89-8724-f6c58c607bda">
    <Deployment runDeploymentRoot="DKSR-EFI-06$_DKSR-EFI-06_2024-01-09_15_45_09" />
  </TestSettings>
  <Results>
    <UnitTestResult executionId="a92b240c-b582-439b-b1c6-e68a783ffca6" testId="6328ff0c-d6b4-9df2-07aa-7a6f51783944" testName="Constructor_ShouldThrowArgumentNullException_WhenDisplayNameIsNull" computerName="DKSR-EFI-06" duration="00:00:00.0004282" startTime="2024-01-09T15:45:09.3731348+01:00" endTime="2024-01-09T15:45:09.3731348+01:00" testType="13cdc9d9-ddb5-4fa4-a97d-d965ccfc6d4b" outcome="Passed" testListId="8c84fa94-04c1-424b-9868-57a2d4851a1d" relativeResultsDirectory="a92b240c-b582-439b-b1c6-e68a783ffca6" />
    <UnitTestResult executionId="c63318ba-5123-468c-944e-9ff304b386f0" testId="fc3dcf58-ad20-fefa-2be9-970e691d3539" testName="Constructor_ShouldThrowArgumentException_WhenKeyIsWhiteSpace" computerName="DKSR-EFI-06" duration="00:00:00.0003365" startTime="2024-01-09T15:45:09.3731348+01:00" endTime="2024-01-09T15:45:09.3731348+01:00" testType="13cdc9d9-ddb5-4fa4-a97d-d965ccfc6d4b" outcome="Passed" testListId="8c84fa94-04c1-424b-9868-57a2d4851a1d" relativeResultsDirectory="c63318ba-5123-468c-944e-9ff304b386f0" />
    <UnitTestResult executionId="ab91ff36-9a20-496e-9191-b30668a98c10" testId="fcf5435a-a03d-b212-303c-efd184ede116" testName="Constructor_ShouldThrowArgumentException_WhenValueOptionsContainsDuplicateKeys" computerName="DKSR-EFI-06" duration="00:00:00.2029349" startTime="2024-01-09T15:45:09.0918818+01:00" endTime="2024-01-09T15:45:09.3418816+01:00" testType="13cdc9d9-ddb5-4fa4-a97d-d965ccfc6d4b" outcome="Passed" testListId="8c84fa94-04c1-424b-9868-57a2d4851a1d" relativeResultsDirectory="ab91ff36-9a20-496e-9191-b30668a98c10" />
    <UnitTestResult executionId="4f396f4a-a959-4c00-86a9-f7fc17f4d1b5" testId="4b4d4fed-a2df-c51a-6655-ee4ae62ea1dd" testName="Constructor_ShouldNotThrow_WhenValueOptionsHaveNoDuplicateKeysOrDisplayNames" computerName="DKSR-EFI-06" duration="00:00:00.0017856" startTime="2024-01-09T15:45:09.3575074+01:00" endTime="2024-01-09T15:45:09.3731348+01:00" testType="13cdc9d9-ddb5-4fa4-a97d-d965ccfc6d4b" outcome="Passed" testListId="8c84fa94-04c1-424b-9868-57a2d4851a1d" relativeResultsDirectory="4f396f4a-a959-4c00-86a9-f7fc17f4d1b5" />
    <UnitTestResult executionId="a4b84da1-885b-4fa4-b741-1d30ab476afd" testId="8f7e0ad8-80b7-6b4b-c527-3921092f9170" testName="Constructor_ShouldThrowArgumentException_WhenDisplayNameIsWhiteSpace" computerName="DKSR-EFI-06" duration="00:00:00.0003256" startTime="2024-01-09T15:45:09.3731348+01:00" endTime="2024-01-09T15:45:09.3731348+01:00" testType="13cdc9d9-ddb5-4fa4-a97d-d965ccfc6d4b" outcome="Passed" testListId="8c84fa94-04c1-424b-9868-57a2d4851a1d" relativeResultsDirectory="a4b84da1-885b-4fa4-b741-1d30ab476afd" />
    <UnitTestResult executionId="9327c9de-3bf3-453a-b7de-9526a01798f5" testId="014c0ba4-0e81-1a93-f613-e222b2f1b8c8" testName="Constructor_ShouldThrowArgumentException_WhenKeyIsEmpty" computerName="DKSR-EFI-06" duration="00:00:00.0003730" startTime="2024-01-09T15:45:09.3731348+01:00" endTime="2024-01-09T15:45:09.3731348+01:00" testType="13cdc9d9-ddb5-4fa4-a97d-d965ccfc6d4b" outcome="Passed" testListId="8c84fa94-04c1-424b-9868-57a2d4851a1d" relativeResultsDirectory="9327c9de-3bf3-453a-b7de-9526a01798f5" />
    <UnitTestResult executionId="b41af836-3b16-45a5-98f3-d4557f50806a" testId="7627741d-9022-f0cc-69ff-1b69a3cb6aad" testName="Constructor_ShouldThrowArgumentException_WhenValueOptionsContainsDuplicateDisplayName" computerName="DKSR-EFI-06" duration="00:00:00.0007768" startTime="2024-01-09T15:45:09.3575074+01:00" endTime="2024-01-09T15:45:09.3575074+01:00" testType="13cdc9d9-ddb5-4fa4-a97d-d965ccfc6d4b" outcome="Passed" testListId="8c84fa94-04c1-424b-9868-57a2d4851a1d" relativeResultsDirectory="b41af836-3b16-45a5-98f3-d4557f50806a" />
    <UnitTestResult executionId="5c78d25e-2fa7-4f52-b8ab-68cfb1d580cc" testId="41e39b3a-aea0-2754-b1e5-e9cceaf9b1b6" testName="Constructor_ShouldThrowArgumentException_WhenDisplayNameIsEmpty" computerName="DKSR-EFI-06" duration="00:00:00.0003653" startTime="2024-01-09T15:45:09.3731348+01:00" endTime="2024-01-09T15:45:09.3731348+01:00" testType="13cdc9d9-ddb5-4fa4-a97d-d965ccfc6d4b" outcome="Passed" testListId="8c84fa94-04c1-424b-9868-57a2d4851a1d" relativeResultsDirectory="5c78d25e-2fa7-4f52-b8ab-68cfb1d580cc" />
    <UnitTestResult executionId="14e9af55-b320-4d61-bc00-d9dfb7a665b4" testId="525fd37e-3c03-c3a9-c846-6ef7992f2722" testName="Constructor_ShouldThrowArgumentNullException_WhenKeyIsNull" computerName="DKSR-EFI-06" duration="00:00:00.0011384" startTime="2024-01-09T15:45:09.3731348+01:00" endTime="2024-01-09T15:45:09.3731348+01:00" testType="13cdc9d9-ddb5-4fa4-a97d-d965ccfc6d4b" outcome="Passed" testListId="8c84fa94-04c1-424b-9868-57a2d4851a1d" relativeResultsDirectory="14e9af55-b320-4d61-bc00-d9dfb7a665b4" />
  </Results>
  <TestDefinitions>
    <UnitTest name="Constructor_ShouldThrowArgumentNullException_WhenDisplayNameIsNull" storage="d:\actions-runner\_work\xpco\xpco\transact\transact\videoos.platform.transact.unittests\bin\debug\videoos.platform.transact.unittests.dll" id="6328ff0c-d6b4-9df2-07aa-7a6f51783944">
      <Execution id="a92b240c-b582-439b-b1c6-e68a783ffca6" />
      <TestMethod codeBase="D:\actions-runner\_work\XPCO\XPCO\Transact\Transact\VideoOS.Platform.Transact.UnitTests\bin\Debug\VideoOS.Platform.Transact.UnitTests.dll" adapterTypeName="executor://mstestadapter/v1" className="VideoOS.Platform.Transact.UnitTests.Connector.Property.ConnectorPropertyValueOptionTests" name="Constructor_ShouldThrowArgumentNullException_WhenDisplayNameIsNull" />
    </UnitTest>
    <UnitTest name="Constructor_ShouldThrowArgumentException_WhenValueOptionsContainsDuplicateDisplayName" storage="d:\actions-runner\_work\xpco\xpco\transact\transact\videoos.platform.transact.unittests\bin\debug\videoos.platform.transact.unittests.dll" id="7627741d-9022-f0cc-69ff-1b69a3cb6aad">
      <Execution id="b41af836-3b16-45a5-98f3-d4557f50806a" />
      <TestMethod codeBase="D:\actions-runner\_work\XPCO\XPCO\Transact\Transact\VideoOS.Platform.Transact.UnitTests\bin\Debug\VideoOS.Platform.Transact.UnitTests.dll" adapterTypeName="executor://mstestadapter/v1" className="VideoOS.Platform.Transact.UnitTests.Connector.Property.ConnectorOptionsPropertyDefinitionTests" name="Constructor_ShouldThrowArgumentException_WhenValueOptionsContainsDuplicateDisplayName" />
    </UnitTest>
    <UnitTest name="Constructor_ShouldThrowArgumentException_WhenKeyIsEmpty" storage="d:\actions-runner\_work\xpco\xpco\transact\transact\videoos.platform.transact.unittests\bin\debug\videoos.platform.transact.unittests.dll" id="014c0ba4-0e81-1a93-f613-e222b2f1b8c8">
      <Execution id="9327c9de-3bf3-453a-b7de-9526a01798f5" />
      <TestMethod codeBase="D:\actions-runner\_work\XPCO\XPCO\Transact\Transact\VideoOS.Platform.Transact.UnitTests\bin\Debug\VideoOS.Platform.Transact.UnitTests.dll" adapterTypeName="executor://mstestadapter/v1" className="VideoOS.Platform.Transact.UnitTests.Connector.Property.ConnectorPropertyValueOptionTests" name="Constructor_ShouldThrowArgumentException_WhenKeyIsEmpty" />
    </UnitTest>
    <UnitTest name="Constructor_ShouldNotThrow_WhenValueOptionsHaveNoDuplicateKeysOrDisplayNames" storage="d:\actions-runner\_work\xpco\xpco\transact\transact\videoos.platform.transact.unittests\bin\debug\videoos.platform.transact.unittests.dll" id="4b4d4fed-a2df-c51a-6655-ee4ae62ea1dd">
      <Execution id="4f396f4a-a959-4c00-86a9-f7fc17f4d1b5" />
      <TestMethod codeBase="D:\actions-runner\_work\XPCO\XPCO\Transact\Transact\VideoOS.Platform.Transact.UnitTests\bin\Debug\VideoOS.Platform.Transact.UnitTests.dll" adapterTypeName="executor://mstestadapter/v1" className="VideoOS.Platform.Transact.UnitTests.Connector.Property.ConnectorOptionsPropertyDefinitionTests" name="Constructor_ShouldNotThrow_WhenValueOptionsHaveNoDuplicateKeysOrDisplayNames" />
    </UnitTest>
    <UnitTest name="Constructor_ShouldThrowArgumentException_WhenDisplayNameIsWhiteSpace" storage="d:\actions-runner\_work\xpco\xpco\transact\transact\videoos.platform.transact.unittests\bin\debug\videoos.platform.transact.unittests.dll" id="8f7e0ad8-80b7-6b4b-c527-3921092f9170">
      <Execution id="a4b84da1-885b-4fa4-b741-1d30ab476afd" />
      <TestMethod codeBase="D:\actions-runner\_work\XPCO\XPCO\Transact\Transact\VideoOS.Platform.Transact.UnitTests\bin\Debug\VideoOS.Platform.Transact.UnitTests.dll" adapterTypeName="executor://mstestadapter/v1" className="VideoOS.Platform.Transact.UnitTests.Connector.Property.ConnectorPropertyValueOptionTests" name="Constructor_ShouldThrowArgumentException_WhenDisplayNameIsWhiteSpace" />
    </UnitTest>
    <UnitTest name="Constructor_ShouldThrowArgumentException_WhenKeyIsWhiteSpace" storage="d:\actions-runner\_work\xpco\xpco\transact\transact\videoos.platform.transact.unittests\bin\debug\videoos.platform.transact.unittests.dll" id="fc3dcf58-ad20-fefa-2be9-970e691d3539">
      <Execution id="c63318ba-5123-468c-944e-9ff304b386f0" />
      <TestMethod codeBase="D:\actions-runner\_work\XPCO\XPCO\Transact\Transact\VideoOS.Platform.Transact.UnitTests\bin\Debug\VideoOS.Platform.Transact.UnitTests.dll" adapterTypeName="executor://mstestadapter/v1" className="VideoOS.Platform.Transact.UnitTests.Connector.Property.ConnectorPropertyValueOptionTests" name="Constructor_ShouldThrowArgumentException_WhenKeyIsWhiteSpace" />
    </UnitTest>
    <UnitTest name="Constructor_ShouldThrowArgumentNullException_WhenKeyIsNull" storage="d:\actions-runner\_work\xpco\xpco\transact\transact\videoos.platform.transact.unittests\bin\debug\videoos.platform.transact.unittests.dll" id="525fd37e-3c03-c3a9-c846-6ef7992f2722">
      <Execution id="14e9af55-b320-4d61-bc00-d9dfb7a665b4" />
      <TestMethod codeBase="D:\actions-runner\_work\XPCO\XPCO\Transact\Transact\VideoOS.Platform.Transact.UnitTests\bin\Debug\VideoOS.Platform.Transact.UnitTests.dll" adapterTypeName="executor://mstestadapter/v1" className="VideoOS.Platform.Transact.UnitTests.Connector.Property.ConnectorPropertyValueOptionTests" name="Constructor_ShouldThrowArgumentNullException_WhenKeyIsNull" />
    </UnitTest>
    <UnitTest name="Constructor_ShouldThrowArgumentException_WhenValueOptionsContainsDuplicateKeys" storage="d:\actions-runner\_work\xpco\xpco\transact\transact\videoos.platform.transact.unittests\bin\debug\videoos.platform.transact.unittests.dll" id="fcf5435a-a03d-b212-303c-efd184ede116">
      <Execution id="ab91ff36-9a20-496e-9191-b30668a98c10" />
      <TestMethod codeBase="D:\actions-runner\_work\XPCO\XPCO\Transact\Transact\VideoOS.Platform.Transact.UnitTests\bin\Debug\VideoOS.Platform.Transact.UnitTests.dll" adapterTypeName="executor://mstestadapter/v1" className="VideoOS.Platform.Transact.UnitTests.Connector.Property.ConnectorOptionsPropertyDefinitionTests" name="Constructor_ShouldThrowArgumentException_WhenValueOptionsContainsDuplicateKeys" />
    </UnitTest>
    <UnitTest name="Constructor_ShouldThrowArgumentException_WhenDisplayNameIsEmpty" storage="d:\actions-runner\_work\xpco\xpco\transact\transact\videoos.platform.transact.unittests\bin\debug\videoos.platform.transact.unittests.dll" id="41e39b3a-aea0-2754-b1e5-e9cceaf9b1b6">
      <Execution id="5c78d25e-2fa7-4f52-b8ab-68cfb1d580cc" />
      <TestMethod codeBase="D:\actions-runner\_work\XPCO\XPCO\Transact\Transact\VideoOS.Platform.Transact.UnitTests\bin\Debug\VideoOS.Platform.Transact.UnitTests.dll" adapterTypeName="executor://mstestadapter/v1" className="VideoOS.Platform.Transact.UnitTests.Connector.Property.ConnectorPropertyValueOptionTests" name="Constructor_ShouldThrowArgumentException_WhenDisplayNameIsEmpty" />
    </UnitTest>
  </TestDefinitions>
  <TestEntries>
    <TestEntry testId="6328ff0c-d6b4-9df2-07aa-7a6f51783944" executionId="a92b240c-b582-439b-b1c6-e68a783ffca6" testListId="8c84fa94-04c1-424b-9868-57a2d4851a1d" />
    <TestEntry testId="fc3dcf58-ad20-fefa-2be9-970e691d3539" executionId="c63318ba-5123-468c-944e-9ff304b386f0" testListId="8c84fa94-04c1-424b-9868-57a2d4851a1d" />
    <TestEntry testId="fcf5435a-a03d-b212-303c-efd184ede116" executionId="ab91ff36-9a20-496e-9191-b30668a98c10" testListId="8c84fa94-04c1-424b-9868-57a2d4851a1d" />
    <TestEntry testId="4b4d4fed-a2df-c51a-6655-ee4ae62ea1dd" executionId="4f396f4a-a959-4c00-86a9-f7fc17f4d1b5" testListId="8c84fa94-04c1-424b-9868-57a2d4851a1d" />
    <TestEntry testId="8f7e0ad8-80b7-6b4b-c527-3921092f9170" executionId="a4b84da1-885b-4fa4-b741-1d30ab476afd" testListId="8c84fa94-04c1-424b-9868-57a2d4851a1d" />
    <TestEntry testId="014c0ba4-0e81-1a93-f613-e222b2f1b8c8" executionId="9327c9de-3bf3-453a-b7de-9526a01798f5" testListId="8c84fa94-04c1-424b-9868-57a2d4851a1d" />
    <TestEntry testId="7627741d-9022-f0cc-69ff-1b69a3cb6aad" executionId="b41af836-3b16-45a5-98f3-d4557f50806a" testListId="8c84fa94-04c1-424b-9868-57a2d4851a1d" />
    <TestEntry testId="41e39b3a-aea0-2754-b1e5-e9cceaf9b1b6" executionId="5c78d25e-2fa7-4f52-b8ab-68cfb1d580cc" testListId="8c84fa94-04c1-424b-9868-57a2d4851a1d" />
    <TestEntry testId="525fd37e-3c03-c3a9-c846-6ef7992f2722" executionId="14e9af55-b320-4d61-bc00-d9dfb7a665b4" testListId="8c84fa94-04c1-424b-9868-57a2d4851a1d" />
  </TestEntries>
  <TestLists>
    <TestList name="Results Not in a List" id="8c84fa94-04c1-424b-9868-57a2d4851a1d" />
    <TestList name="All Loaded Results" id="19431567-8539-422a-85d7-44ee4e166bda" />
  </TestLists>
  <ResultSummary outcome="Completed">
    <Counters total="9" executed="9" passed="9" failed="0" error="0" timeout="0" aborted="0" inconclusive="0" passedButRunAborted="0" notRunnable="0" notExecuted="0" disconnected="0" warning="0" completed="0" inProgress="0" pending="0" />
  </ResultSummary>
</TestRun>