<?xml version="1.0" encoding="utf-8"?>
<TestRun id="65ca4c78-3f34-43e2-94df-f0ba3d687de5" name="DKSR-EFI-06$@DKSR-EFI-06 2024-01-09 15:43:52" runUser="NT AUTHORITY\NETWORK SERVICE" xmlns="http://microsoft.com/schemas/VisualStudio/TeamTest/2010">
  <Times creation="2024-01-09T15:43:52.7323238+01:00" queuing="2024-01-09T15:43:52.7323238+01:00" start="2024-01-09T15:43:40.3260331+01:00" finish="2024-01-09T15:43:54.5917070+01:00" />
  <TestSettings name="default" id="f6f3c18c-f1b6-4676-8205-c91ca42dc5f4">
    <Deployment runDeploymentRoot="DKSR-EFI-06$_DKSR-EFI-06_2024-01-09_15_43_52" />
  </TestSettings>
  <Results>
    <UnitTestResult executionId="638afe90-709b-4f8a-833e-af0e84538ba1" testId="41889ec6-2eb1-1379-dc1a-5b9f735c4f8f" testName="Check_SQL_Server_Version_NotSupported_Unit_Test" computerName="DKSR-EFI-06" duration="00:00:00.0002068" startTime="2024-01-09T15:43:53.4667010+01:00" endTime="2024-01-09T15:43:53.4667010+01:00" testType="13cdc9d9-ddb5-4fa4-a97d-d965ccfc6d4b" outcome="Passed" testListId="8c84fa94-04c1-424b-9868-57a2d4851a1d" relativeResultsDirectory="638afe90-709b-4f8a-833e-af0e84538ba1" />
    <UnitTestResult executionId="81069ffc-8e24-408d-b306-8292388396ed" testId="b118a297-5e80-0dea-1a7f-48b11709a8af" testName="Check_SQL_Server_Version_Exception_Unit_Test" computerName="DKSR-EFI-06" duration="00:00:00.0015127" startTime="2024-01-09T15:43:53.4510770+01:00" endTime="2024-01-09T15:43:53.4510770+01:00" testType="13cdc9d9-ddb5-4fa4-a97d-d965ccfc6d4b" outcome="Passed" testListId="8c84fa94-04c1-424b-9868-57a2d4851a1d" relativeResultsDirectory="81069ffc-8e24-408d-b306-8292388396ed" />
    <UnitTestResult executionId="d13c6a68-3f9f-49c9-b51b-f54c02a6d782" testId="bd0d8fe9-2c02-1971-bb13-87105d8a0a1d" testName="Check_SQL_Server_Version_Supported_Unit_Test" computerName="DKSR-EFI-06" duration="00:00:00.0008463" startTime="2024-01-09T15:43:53.4510770+01:00" endTime="2024-01-09T15:43:53.4510770+01:00" testType="13cdc9d9-ddb5-4fa4-a97d-d965ccfc6d4b" outcome="Passed" testListId="8c84fa94-04c1-424b-9868-57a2d4851a1d" relativeResultsDirectory="d13c6a68-3f9f-49c9-b51b-f54c02a6d782" />
    <UnitTestResult executionId="0782aeee-80db-45e1-a411-7212ad76a5a2" testId="ca789d96-cf25-ffb0-ea88-8f85a53237ea" testName="Check_SQL_Server_Version_Unit_Test" computerName="DKSR-EFI-06" duration="00:00:00.0052208" startTime="2024-01-09T15:43:53.4510770+01:00" endTime="2024-01-09T15:43:53.4510770+01:00" testType="13cdc9d9-ddb5-4fa4-a97d-d965ccfc6d4b" outcome="Passed" testListId="8c84fa94-04c1-424b-9868-57a2d4851a1d" relativeResultsDirectory="0782aeee-80db-45e1-a411-7212ad76a5a2" />
    <UnitTestResult executionId="9316f64b-7fa0-414c-815b-caff8ae5ae42" testId="7b1a977c-98b6-412c-ef29-d653ebef0076" testName="Given_DataModelWithEncryptionDisabledCertificateSubscriptionContentExistsWithEncryptionEnabled_When_CreatingAndActivatingTheWizardPageCertificate_ThenTheViewModelCorrespondsTheSubscriptionContent" computerName="DKSR-EFI-06" duration="00:00:00.0572161" startTime="2024-01-09T15:43:53.1541985+01:00" endTime="2024-01-09T15:43:53.2166991+01:00" testType="13cdc9d9-ddb5-4fa4-a97d-d965ccfc6d4b" outcome="Passed" testListId="8c84fa94-04c1-424b-9868-57a2d4851a1d" relativeResultsDirectory="9316f64b-7fa0-414c-815b-caff8ae5ae42" />
    <UnitTestResult executionId="3198e1d8-6373-404e-a7c6-7e3995cf0d12" testId="20d2f069-4fbb-fa9d-e2c4-535e190fa9ca" testName="Given_CertificateSubscriptionContentExists_WithDuplicateClientEndpointIds_ThenAnExceptionIsThrown" computerName="DKSR-EFI-06" duration="00:00:00.0436889" startTime="2024-01-09T15:43:53.2166991+01:00" endTime="2024-01-09T15:43:53.2635769+01:00" testType="13cdc9d9-ddb5-4fa4-a97d-d965ccfc6d4b" outcome="Passed" testListId="8c84fa94-04c1-424b-9868-57a2d4851a1d" relativeResultsDirectory="3198e1d8-6373-404e-a7c6-7e3995cf0d12" />
    <UnitTestResult executionId="3dd5d9d4-2116-4c1f-975d-39462e2d3adf" testId="33554aa3-53e2-0ea7-6257-f15b1c8cbf39" testName="Given_CertificateSubscriptionContentExistsWithSelectedCertificate_When_CreatingAndActivatingTheWizardPageCertificate_Then_TheViewModelCorrespondsTheSubscriptionContent" computerName="DKSR-EFI-06" duration="00:00:03.9600582" startTime="2024-01-09T15:43:48.5760602+01:00" endTime="2024-01-09T15:43:52.6385718+01:00" testType="13cdc9d9-ddb5-4fa4-a97d-d965ccfc6d4b" outcome="Passed" testListId="8c84fa94-04c1-424b-9868-57a2d4851a1d" relativeResultsDirectory="3dd5d9d4-2116-4c1f-975d-39462e2d3adf" />
    <UnitTestResult executionId="22bb7ec4-eadf-467c-8c5b-d4b597ae7240" testId="a28448cb-bec6-ba4c-bb25-337d2bfbd921" testName="Given_EmptyDataModelCertificateSubscriptionContentExistsWithNoEncryptionValue_When_CreatingAndActivatingTheWizardPageCertificate_ThenTheViewModelCorrespondsTheSubscriptionContent" computerName="DKSR-EFI-06" duration="00:00:00.3010476" startTime="2024-01-09T15:43:52.7010724+01:00" endTime="2024-01-09T15:43:53.0135735+01:00" testType="13cdc9d9-ddb5-4fa4-a97d-d965ccfc6d4b" outcome="Passed" testListId="8c84fa94-04c1-424b-9868-57a2d4851a1d" relativeResultsDirectory="22bb7ec4-eadf-467c-8c5b-d4b597ae7240" />
    <UnitTestResult executionId="26bfbc94-563f-4653-87c4-ee8f6b80fcf8" testId="da60857c-1cf8-950d-c640-3318f79bbbdd" testName="Given_CertificateSubscriptionContentExists_WithUnknownServerGroupId_ThenAnExceptionIsThrown" computerName="DKSR-EFI-06" duration="00:00:00.0478747" startTime="2024-01-09T15:43:53.3885738+01:00" endTime="2024-01-09T15:43:53.4354498+01:00" testType="13cdc9d9-ddb5-4fa4-a97d-d965ccfc6d4b" outcome="Passed" testListId="8c84fa94-04c1-424b-9868-57a2d4851a1d" relativeResultsDirectory="26bfbc94-563f-4653-87c4-ee8f6b80fcf8" />
    <UnitTestResult executionId="ef2ae7e5-b387-4f19-a67f-0f0a7026bb0a" testId="29614757-d3e7-f41a-1c5c-f103f292139f" testName="Given_DataModelWithEncryptionDisabledCertificateSubscriptionContentExistsWithNoEncryptionValue_When_CreatingAndActivatingTheWizardPageCertificate_ThenTheViewModelCorrespondsTheSubscriptionContent" computerName="DKSR-EFI-06" duration="00:00:00.0658858" startTime="2024-01-09T15:43:53.0135735+01:00" endTime="2024-01-09T15:43:53.0760747+01:00" testType="13cdc9d9-ddb5-4fa4-a97d-d965ccfc6d4b" outcome="Passed" testListId="8c84fa94-04c1-424b-9868-57a2d4851a1d" relativeResultsDirectory="ef2ae7e5-b387-4f19-a67f-0f0a7026bb0a" />
    <UnitTestResult executionId="c0188223-2672-4086-9429-6a1a9dab3bab" testId="1342fa46-0420-eb30-d35e-f4a7e99c9b9b" testName="Given_CertificateSubscriptionContentExists_WithDuplicateServerEndpointIds_ThenAnExceptionIsThrown" computerName="DKSR-EFI-06" duration="00:00:00.1230842" startTime="2024-01-09T15:43:53.2635769+01:00" endTime="2024-01-09T15:43:53.3885738+01:00" testType="13cdc9d9-ddb5-4fa4-a97d-d965ccfc6d4b" outcome="Passed" testListId="8c84fa94-04c1-424b-9868-57a2d4851a1d" relativeResultsDirectory="c0188223-2672-4086-9429-6a1a9dab3bab" />
  </Results>
  <TestDefinitions>
    <UnitTest name="Check_SQL_Server_Version_Unit_Test" storage="d:\actions-runner\_work\xpco\xpco\installerframework\videoos.installer.ui.framework.unittests\bin\debug\videoos.installer.ui.framework.unittests.dll" id="ca789d96-cf25-ffb0-ea88-8f85a53237ea">
      <Execution id="0782aeee-80db-45e1-a411-7212ad76a5a2" />
      <TestMethod codeBase="D:\actions-runner\_work\XPCO\XPCO\InstallerFramework\VideoOS.Installer.UI.Framework.UnitTests\bin\Debug\VideoOS.Installer.UI.Framework.UnitTests.dll" adapterTypeName="executor://mstestadapter/v1" className="VideoOS.Installer.UI.Framework.UnitTests.InstallerFrameworksUnitTests" name="Check_SQL_Server_Version_Unit_Test" />
    </UnitTest>
    <UnitTest name="Given_CertificateSubscriptionContentExistsWithSelectedCertificate_When_CreatingAndActivatingTheWizardPageCertificate_Then_TheViewModelCorrespondsTheSubscriptionContent" storage="d:\actions-runner\_work\xpco\xpco\installerframework\videoos.installer.ui.framework.unittests\bin\debug\videoos.installer.ui.framework.unittests.dll" id="33554aa3-53e2-0ea7-6257-f15b1c8cbf39">
      <Execution id="3dd5d9d4-2116-4c1f-975d-39462e2d3adf" />
      <TestMethod codeBase="D:\actions-runner\_work\XPCO\XPCO\InstallerFramework\VideoOS.Installer.UI.Framework.UnitTests\bin\Debug\VideoOS.Installer.UI.Framework.UnitTests.dll" adapterTypeName="executor://mstestadapter/v1" className="VideoOS.Installer.UI.Framework.UnitTests.WizardPageCertificateUnitTest" name="Given_CertificateSubscriptionContentExistsWithSelectedCertificate_When_CreatingAndActivatingTheWizardPageCertificate_Then_TheViewModelCorrespondsTheSubscriptionContent" />
    </UnitTest>
    <UnitTest name="Given_DataModelWithEncryptionDisabledCertificateSubscriptionContentExistsWithNoEncryptionValue_When_CreatingAndActivatingTheWizardPageCertificate_ThenTheViewModelCorrespondsTheSubscriptionContent" storage="d:\actions-runner\_work\xpco\xpco\installerframework\videoos.installer.ui.framework.unittests\bin\debug\videoos.installer.ui.framework.unittests.dll" id="29614757-d3e7-f41a-1c5c-f103f292139f">
      <Execution id="ef2ae7e5-b387-4f19-a67f-0f0a7026bb0a" />
      <TestMethod codeBase="D:\actions-runner\_work\XPCO\XPCO\InstallerFramework\VideoOS.Installer.UI.Framework.UnitTests\bin\Debug\VideoOS.Installer.UI.Framework.UnitTests.dll" adapterTypeName="executor://mstestadapter/v1" className="VideoOS.Installer.UI.Framework.UnitTests.WizardPageCertificateUnitTest" name="Given_DataModelWithEncryptionDisabledCertificateSubscriptionContentExistsWithNoEncryptionValue_When_CreatingAndActivatingTheWizardPageCertificate_ThenTheViewModelCorrespondsTheSubscriptionContent" />
    </UnitTest>
    <UnitTest name="Check_SQL_Server_Version_Supported_Unit_Test" storage="d:\actions-runner\_work\xpco\xpco\installerframework\videoos.installer.ui.framework.unittests\bin\debug\videoos.installer.ui.framework.unittests.dll" id="bd0d8fe9-2c02-1971-bb13-87105d8a0a1d">
      <Execution id="d13c6a68-3f9f-49c9-b51b-f54c02a6d782" />
      <TestMethod codeBase="D:\actions-runner\_work\XPCO\XPCO\InstallerFramework\VideoOS.Installer.UI.Framework.UnitTests\bin\Debug\VideoOS.Installer.UI.Framework.UnitTests.dll" adapterTypeName="executor://mstestadapter/v1" className="VideoOS.Installer.UI.Framework.UnitTests.InstallerFrameworksUnitTests" name="Check_SQL_Server_Version_Supported_Unit_Test" />
    </UnitTest>
    <UnitTest name="Given_CertificateSubscriptionContentExists_WithDuplicateClientEndpointIds_ThenAnExceptionIsThrown" storage="d:\actions-runner\_work\xpco\xpco\installerframework\videoos.installer.ui.framework.unittests\bin\debug\videoos.installer.ui.framework.unittests.dll" id="20d2f069-4fbb-fa9d-e2c4-535e190fa9ca">
      <Execution id="3198e1d8-6373-404e-a7c6-7e3995cf0d12" />
      <TestMethod codeBase="D:\actions-runner\_work\XPCO\XPCO\InstallerFramework\VideoOS.Installer.UI.Framework.UnitTests\bin\Debug\VideoOS.Installer.UI.Framework.UnitTests.dll" adapterTypeName="executor://mstestadapter/v1" className="VideoOS.Installer.UI.Framework.UnitTests.WizardPageCertificateUnitTest" name="Given_CertificateSubscriptionContentExists_WithDuplicateClientEndpointIds_ThenAnExceptionIsThrown" />
    </UnitTest>
    <UnitTest name="Given_EmptyDataModelCertificateSubscriptionContentExistsWithNoEncryptionValue_When_CreatingAndActivatingTheWizardPageCertificate_ThenTheViewModelCorrespondsTheSubscriptionContent" storage="d:\actions-runner\_work\xpco\xpco\installerframework\videoos.installer.ui.framework.unittests\bin\debug\videoos.installer.ui.framework.unittests.dll" id="a28448cb-bec6-ba4c-bb25-337d2bfbd921">
      <Execution id="22bb7ec4-eadf-467c-8c5b-d4b597ae7240" />
      <TestMethod codeBase="D:\actions-runner\_work\XPCO\XPCO\InstallerFramework\VideoOS.Installer.UI.Framework.UnitTests\bin\Debug\VideoOS.Installer.UI.Framework.UnitTests.dll" adapterTypeName="executor://mstestadapter/v1" className="VideoOS.Installer.UI.Framework.UnitTests.WizardPageCertificateUnitTest" name="Given_EmptyDataModelCertificateSubscriptionContentExistsWithNoEncryptionValue_When_CreatingAndActivatingTheWizardPageCertificate_ThenTheViewModelCorrespondsTheSubscriptionContent" />
    </UnitTest>
    <UnitTest name="Check_SQL_Server_Version_NotSupported_Unit_Test" storage="d:\actions-runner\_work\xpco\xpco\installerframework\videoos.installer.ui.framework.unittests\bin\debug\videoos.installer.ui.framework.unittests.dll" id="41889ec6-2eb1-1379-dc1a-5b9f735c4f8f">
      <Execution id="638afe90-709b-4f8a-833e-af0e84538ba1" />
      <TestMethod codeBase="D:\actions-runner\_work\XPCO\XPCO\InstallerFramework\VideoOS.Installer.UI.Framework.UnitTests\bin\Debug\VideoOS.Installer.UI.Framework.UnitTests.dll" adapterTypeName="executor://mstestadapter/v1" className="VideoOS.Installer.UI.Framework.UnitTests.InstallerFrameworksUnitTests" name="Check_SQL_Server_Version_NotSupported_Unit_Test" />
    </UnitTest>
    <UnitTest name="Given_CertificateSubscriptionContentExists_WithDuplicateServerEndpointIds_ThenAnExceptionIsThrown" storage="d:\actions-runner\_work\xpco\xpco\installerframework\videoos.installer.ui.framework.unittests\bin\debug\videoos.installer.ui.framework.unittests.dll" id="1342fa46-0420-eb30-d35e-f4a7e99c9b9b">
      <Execution id="c0188223-2672-4086-9429-6a1a9dab3bab" />
      <TestMethod codeBase="D:\actions-runner\_work\XPCO\XPCO\InstallerFramework\VideoOS.Installer.UI.Framework.UnitTests\bin\Debug\VideoOS.Installer.UI.Framework.UnitTests.dll" adapterTypeName="executor://mstestadapter/v1" className="VideoOS.Installer.UI.Framework.UnitTests.WizardPageCertificateUnitTest" name="Given_CertificateSubscriptionContentExists_WithDuplicateServerEndpointIds_ThenAnExceptionIsThrown" />
    </UnitTest>
    <UnitTest name="Check_SQL_Server_Version_Exception_Unit_Test" storage="d:\actions-runner\_work\xpco\xpco\installerframework\videoos.installer.ui.framework.unittests\bin\debug\videoos.installer.ui.framework.unittests.dll" id="b118a297-5e80-0dea-1a7f-48b11709a8af">
      <Execution id="81069ffc-8e24-408d-b306-8292388396ed" />
      <TestMethod codeBase="D:\actions-runner\_work\XPCO\XPCO\InstallerFramework\VideoOS.Installer.UI.Framework.UnitTests\bin\Debug\VideoOS.Installer.UI.Framework.UnitTests.dll" adapterTypeName="executor://mstestadapter/v1" className="VideoOS.Installer.UI.Framework.UnitTests.InstallerFrameworksUnitTests" name="Check_SQL_Server_Version_Exception_Unit_Test" />
    </UnitTest>
    <UnitTest name="Given_CertificateSubscriptionContentExists_WithUnknownServerGroupId_ThenAnExceptionIsThrown" storage="d:\actions-runner\_work\xpco\xpco\installerframework\videoos.installer.ui.framework.unittests\bin\debug\videoos.installer.ui.framework.unittests.dll" id="da60857c-1cf8-950d-c640-3318f79bbbdd">
      <Execution id="26bfbc94-563f-4653-87c4-ee8f6b80fcf8" />
      <TestMethod codeBase="D:\actions-runner\_work\XPCO\XPCO\InstallerFramework\VideoOS.Installer.UI.Framework.UnitTests\bin\Debug\VideoOS.Installer.UI.Framework.UnitTests.dll" adapterTypeName="executor://mstestadapter/v1" className="VideoOS.Installer.UI.Framework.UnitTests.WizardPageCertificateUnitTest" name="Given_CertificateSubscriptionContentExists_WithUnknownServerGroupId_ThenAnExceptionIsThrown" />
    </UnitTest>
    <UnitTest name="Given_DataModelWithEncryptionDisabledCertificateSubscriptionContentExistsWithEncryptionEnabled_When_CreatingAndActivatingTheWizardPageCertificate_ThenTheViewModelCorrespondsTheSubscriptionContent" storage="d:\actions-runner\_work\xpco\xpco\installerframework\videoos.installer.ui.framework.unittests\bin\debug\videoos.installer.ui.framework.unittests.dll" id="7b1a977c-98b6-412c-ef29-d653ebef0076">
      <Execution id="9316f64b-7fa0-414c-815b-caff8ae5ae42" />
      <TestMethod codeBase="D:\actions-runner\_work\XPCO\XPCO\InstallerFramework\VideoOS.Installer.UI.Framework.UnitTests\bin\Debug\VideoOS.Installer.UI.Framework.UnitTests.dll" adapterTypeName="executor://mstestadapter/v1" className="VideoOS.Installer.UI.Framework.UnitTests.WizardPageCertificateUnitTest" name="Given_DataModelWithEncryptionDisabledCertificateSubscriptionContentExistsWithEncryptionEnabled_When_CreatingAndActivatingTheWizardPageCertificate_ThenTheViewModelCorrespondsTheSubscriptionContent" />
    </UnitTest>
  </TestDefinitions>
  <TestEntries>
    <TestEntry testId="41889ec6-2eb1-1379-dc1a-5b9f735c4f8f" executionId="638afe90-709b-4f8a-833e-af0e84538ba1" testListId="8c84fa94-04c1-424b-9868-57a2d4851a1d" />
    <TestEntry testId="b118a297-5e80-0dea-1a7f-48b11709a8af" executionId="81069ffc-8e24-408d-b306-8292388396ed" testListId="8c84fa94-04c1-424b-9868-57a2d4851a1d" />
    <TestEntry testId="bd0d8fe9-2c02-1971-bb13-87105d8a0a1d" executionId="d13c6a68-3f9f-49c9-b51b-f54c02a6d782" testListId="8c84fa94-04c1-424b-9868-57a2d4851a1d" />
    <TestEntry testId="ca789d96-cf25-ffb0-ea88-8f85a53237ea" executionId="0782aeee-80db-45e1-a411-7212ad76a5a2" testListId="8c84fa94-04c1-424b-9868-57a2d4851a1d" />
    <TestEntry testId="7b1a977c-98b6-412c-ef29-d653ebef0076" executionId="9316f64b-7fa0-414c-815b-caff8ae5ae42" testListId="8c84fa94-04c1-424b-9868-57a2d4851a1d" />
    <TestEntry testId="20d2f069-4fbb-fa9d-e2c4-535e190fa9ca" executionId="3198e1d8-6373-404e-a7c6-7e3995cf0d12" testListId="8c84fa94-04c1-424b-9868-57a2d4851a1d" />
    <TestEntry testId="33554aa3-53e2-0ea7-6257-f15b1c8cbf39" executionId="3dd5d9d4-2116-4c1f-975d-39462e2d3adf" testListId="8c84fa94-04c1-424b-9868-57a2d4851a1d" />
    <TestEntry testId="a28448cb-bec6-ba4c-bb25-337d2bfbd921" executionId="22bb7ec4-eadf-467c-8c5b-d4b597ae7240" testListId="8c84fa94-04c1-424b-9868-57a2d4851a1d" />
    <TestEntry testId="da60857c-1cf8-950d-c640-3318f79bbbdd" executionId="26bfbc94-563f-4653-87c4-ee8f6b80fcf8" testListId="8c84fa94-04c1-424b-9868-57a2d4851a1d" />
    <TestEntry testId="29614757-d3e7-f41a-1c5c-f103f292139f" executionId="ef2ae7e5-b387-4f19-a67f-0f0a7026bb0a" testListId="8c84fa94-04c1-424b-9868-57a2d4851a1d" />
    <TestEntry testId="1342fa46-0420-eb30-d35e-f4a7e99c9b9b" executionId="c0188223-2672-4086-9429-6a1a9dab3bab" testListId="8c84fa94-04c1-424b-9868-57a2d4851a1d" />
  </TestEntries>
  <TestLists>
    <TestList name="Results Not in a List" id="8c84fa94-04c1-424b-9868-57a2d4851a1d" />
    <TestList name="All Loaded Results" id="19431567-8539-422a-85d7-44ee4e166bda" />
  </TestLists>
  <ResultSummary outcome="Completed">
    <Counters total="11" executed="11" passed="11" failed="0" error="0" timeout="0" aborted="0" inconclusive="0" passedButRunAborted="0" notRunnable="0" notExecuted="0" disconnected="0" warning="0" completed="0" inProgress="0" pending="0" />
  </ResultSummary>
</TestRun>