<?xml version="1.0" encoding="utf-8"?>
<TestRun id="4dca732a-64f3-40d0-a0d3-9b83d99ab617" name="DKSR-EFI-06$@DKSR-EFI-06 2024-01-09 15:44:13" runUser="NT AUTHORITY\NETWORK SERVICE" xmlns="http://microsoft.com/schemas/VisualStudio/TeamTest/2010">
  <Times creation="2024-01-09T15:44:13.7480403+01:00" queuing="2024-01-09T15:44:13.7480403+01:00" start="2024-01-09T15:44:03.1698840+01:00" finish="2024-01-09T15:44:22.6855576+01:00" />
  <TestSettings name="default" id="a1c7881a-73a2-4a2e-879d-d55b292218c8">
    <Deployment runDeploymentRoot="DKSR-EFI-06$_DKSR-EFI-06_2024-01-09_15_44_13" />
  </TestSettings>
  <Results>
    <UnitTestResult executionId="6798bddb-5f08-4c93-9508-617092cb98d6" testId="0d58dd94-b092-de74-3bd5-a53e160cdc25" testName="LogExportCanceled_ShouldWriteLogline (Unknown)" computerName="DKSR-EFI-06" duration="00:00:00.0370135" startTime="2024-01-09T15:44:20.9668049+01:00" endTime="2024-01-09T15:44:20.9980560+01:00" testType="13cdc9d9-ddb5-4fa4-a97d-d965ccfc6d4b" outcome="Passed" testListId="8c84fa94-04c1-424b-9868-57a2d4851a1d" relativeResultsDirectory="6798bddb-5f08-4c93-9508-617092cb98d6" />
    <UnitTestResult executionId="49213caf-db24-4dfa-9197-fe166e8e6638" testId="3c05a843-1b7a-2af9-f9c1-99144c4969e3" testName="FetchLoglinesAsync_ShouldNotModify_WhatILogReaderProvides" computerName="DKSR-EFI-06" duration="00:00:00.0096933" startTime="2024-01-09T15:44:16.8574209+01:00" endTime="2024-01-09T15:44:16.8730474+01:00" testType="13cdc9d9-ddb5-4fa4-a97d-d965ccfc6d4b" outcome="Passed" testListId="8c84fa94-04c1-424b-9868-57a2d4851a1d" relativeResultsDirectory="49213caf-db24-4dfa-9197-fe166e8e6638" />
    <UnitTestResult executionId="aa57c235-c35d-42f5-ab32-f4b559b3e4a1" testId="e5881fbb-89a1-1e73-121f-99ea45ea8de6" testName="ExportNameErrorMessage_ShouldNotBeNull_IfNameContainsInvalidCharacter (&gt;)" computerName="DKSR-EFI-06" duration="00:00:00.0012588" startTime="2024-01-09T15:44:14.5136668+01:00" endTime="2024-01-09T15:44:14.5136668+01:00" testType="13cdc9d9-ddb5-4fa4-a97d-d965ccfc6d4b" outcome="Passed" testListId="8c84fa94-04c1-424b-9868-57a2d4851a1d" relativeResultsDirectory="aa57c235-c35d-42f5-ab32-f4b559b3e4a1" />
    <UnitTestResult executionId="8f6aef67-bf7c-4833-8ba8-eafdf352e4fb" testId="f4113b67-f170-fc6d-547f-f26f2c11205f" testName="Dispose_ShouldEndStartedQuerySession" computerName="DKSR-EFI-06" duration="00:00:00.0028408" startTime="2024-01-09T15:44:16.9667971+01:00" endTime="2024-01-09T15:44:16.9667971+01:00" testType="13cdc9d9-ddb5-4fa4-a97d-d965ccfc6d4b" outcome="Passed" testListId="8c84fa94-04c1-424b-9868-57a2d4851a1d" relativeResultsDirectory="8f6aef67-bf7c-4833-8ba8-eafdf352e4fb" />
    <UnitTestResult executionId="164904e8-d245-45a5-813c-bf9aca14c56f" testId="ca312ef0-14f4-447d-80ca-9a48a81d9535" testName="LogExportCompletedToken_ShouldGenerateCorrectParameters (System)" computerName="DKSR-EFI-06" duration="00:00:00.0346558" startTime="2024-01-09T15:44:21.4355537+01:00" endTime="2024-01-09T15:44:21.4668048+01:00" testType="13cdc9d9-ddb5-4fa4-a97d-d965ccfc6d4b" outcome="Passed" testListId="8c84fa94-04c1-424b-9868-57a2d4851a1d" relativeResultsDirectory="164904e8-d245-45a5-813c-bf9aca14c56f" />
    <UnitTestResult executionId="45362c5e-f673-4380-b092-d47e638e5ce9" testId="e5aefbec-fe62-bbcb-6250-0ce7b8057386" testName="StartExportAsync_ShouldNotIncludeFiltersInTheAuditLogExport_IfNoFiltersAreApplied (User)" computerName="DKSR-EFI-06" duration="00:00:00.0016330" startTime="2024-01-09T15:44:17.2167993+01:00" endTime="2024-01-09T15:44:17.2167993+01:00" testType="13cdc9d9-ddb5-4fa4-a97d-d965ccfc6d4b" outcome="Passed" testListId="8c84fa94-04c1-424b-9868-57a2d4851a1d" relativeResultsDirectory="45362c5e-f673-4380-b092-d47e638e5ce9" />
    <UnitTestResult executionId="7e7f33cb-8fc2-42b9-b4ea-13862081225b" testId="48a9a022-a1fe-ffd1-b9ca-fcf937ab6db1" testName="LogExportCompletedToken_ShouldWriteLogline (Audit)" computerName="DKSR-EFI-06" duration="00:00:00.0444777" startTime="2024-01-09T15:44:20.5918029+01:00" endTime="2024-01-09T15:44:20.6386754+01:00" testType="13cdc9d9-ddb5-4fa4-a97d-d965ccfc6d4b" outcome="Passed" testListId="8c84fa94-04c1-424b-9868-57a2d4851a1d" relativeResultsDirectory="7e7f33cb-8fc2-42b9-b4ea-13862081225b" />
    <UnitTestResult executionId="732ccd5e-eb86-4ff7-bf97-96b6d3ae9afb" testId="dde8fcfb-902c-5430-ca76-e13e1d10669c" testName="StartExportAsync_ShouldIncludeFiltersInTheAuditLogExport_IfAnyApplied (Source type)" computerName="DKSR-EFI-06" duration="00:00:00.0031182" startTime="2024-01-09T15:44:17.1855483+01:00" endTime="2024-01-09T15:44:17.1855483+01:00" testType="13cdc9d9-ddb5-4fa4-a97d-d965ccfc6d4b" outcome="Passed" testListId="8c84fa94-04c1-424b-9868-57a2d4851a1d" relativeResultsDirectory="732ccd5e-eb86-4ff7-bf97-96b6d3ae9afb" />
    <UnitTestResult executionId="e012da6c-417f-460d-b205-2f08620dab0d" testId="e67b9597-62fd-d5dd-9723-961315f60ecd" testName="Constructors_ShouldNotAllowInjectionOfNulls" computerName="DKSR-EFI-06" duration="00:00:00.0123245" startTime="2024-01-09T15:44:16.9667971+01:00" endTime="2024-01-09T15:44:16.9824209+01:00" testType="13cdc9d9-ddb5-4fa4-a97d-d965ccfc6d4b" outcome="Passed" testListId="8c84fa94-04c1-424b-9868-57a2d4851a1d" relativeResultsDirectory="e012da6c-417f-460d-b205-2f08620dab0d" />
    <UnitTestResult executionId="80e763f2-3d0f-447b-9b2e-c1696973cfec" testId="8ce7b07a-e9c9-4f32-28f5-7986dbb6c536" testName="ExportProgress_ShouldBe100_IfExportHasBeenCompleted" computerName="DKSR-EFI-06" duration="00:00:00.0271044" startTime="2024-01-09T15:44:17.0292960+01:00" endTime="2024-01-09T15:44:17.0605483+01:00" testType="13cdc9d9-ddb5-4fa4-a97d-d965ccfc6d4b" outcome="Passed" testListId="8c84fa94-04c1-424b-9868-57a2d4851a1d" relativeResultsDirectory="80e763f2-3d0f-447b-9b2e-c1696973cfec" />
    <UnitTestResult executionId="25d19b9f-bd7d-47e7-bee0-198bc6e95724" testId="7826c7a3-2e65-4760-2cca-897b0037617a" testName="Constructors_ShouldNotAllowInjectionOfNulls" computerName="DKSR-EFI-06" duration="00:00:00.0143764" startTime="2024-01-09T15:44:14.4199635+01:00" endTime="2024-01-09T15:44:14.4355425+01:00" testType="13cdc9d9-ddb5-4fa4-a97d-d965ccfc6d4b" outcome="Passed" testListId="8c84fa94-04c1-424b-9868-57a2d4851a1d" relativeResultsDirectory="25d19b9f-bd7d-47e7-bee0-198bc6e95724" />
    <UnitTestResult executionId="df013d91-b251-4d5c-ba59-0f6b39091d7e" testId="c4966307-0798-1fe2-6886-1e3abe07a9be" testName="ApplyFiltersCommand_ShouldDisplayErrorMessage_IfStartQuerySessionAsyncResultsInException" computerName="DKSR-EFI-06" duration="00:00:00.0036211" startTime="2024-01-09T15:44:16.9199221+01:00" endTime="2024-01-09T15:44:16.9199221+01:00" testType="13cdc9d9-ddb5-4fa4-a97d-d965ccfc6d4b" outcome="Passed" testListId="8c84fa94-04c1-424b-9868-57a2d4851a1d" relativeResultsDirectory="df013d91-b251-4d5c-ba59-0f6b39091d7e" />
    <UnitTestResult executionId="fc600374-a374-42f1-991e-e44522157f40" testId="24973383-9d5c-27aa-3427-ab5802340e79" testName="ExportNameErrorMessage_ShouldNotBeNull_IfNameContainsInvalidCharacter (&lt;)" computerName="DKSR-EFI-06" duration="00:00:00.0013049" startTime="2024-01-09T15:44:14.5136668+01:00" endTime="2024-01-09T15:44:14.5136668+01:00" testType="13cdc9d9-ddb5-4fa4-a97d-d965ccfc6d4b" outcome="Passed" testListId="8c84fa94-04c1-424b-9868-57a2d4851a1d" relativeResultsDirectory="fc600374-a374-42f1-991e-e44522157f40" />
    <UnitTestResult executionId="16d9810f-5c86-49d4-8053-696ae76490f2" testId="62259e3a-78c6-411f-a57a-5855684cb024" testName="LogExportCanceled_ShouldWriteLogline (Audit)" computerName="DKSR-EFI-06" duration="00:00:00.0254063" startTime="2024-01-09T15:44:21.0293041+01:00" endTime="2024-01-09T15:44:21.0605536+01:00" testType="13cdc9d9-ddb5-4fa4-a97d-d965ccfc6d4b" outcome="Passed" testListId="8c84fa94-04c1-424b-9868-57a2d4851a1d" relativeResultsDirectory="16d9810f-5c86-49d4-8053-696ae76490f2" />
    <UnitTestResult executionId="33a8510b-2ee9-4c9a-bb0f-e5c648b81d44" testId="abcb749e-e15c-9eb9-6fea-c2bdecada892" testName="NumberOfAppliedFilters_ShouldBeZero_IfNoFiltersApplied" computerName="DKSR-EFI-06" duration="00:00:00.0122461" startTime="2024-01-09T15:44:15.0761673+01:00" endTime="2024-01-09T15:44:15.0761673+01:00" testType="13cdc9d9-ddb5-4fa4-a97d-d965ccfc6d4b" outcome="Passed" testListId="8c84fa94-04c1-424b-9868-57a2d4851a1d" relativeResultsDirectory="33a8510b-2ee9-4c9a-bb0f-e5c648b81d44" />
    <UnitTestResult executionId="89951334-1741-4fc7-802b-83971abce8ef" testId="5c982bf7-4b35-1b19-22ea-337141469bb1" testName="LogExportStarted_ShouldWriteLogline (Audit)" computerName="DKSR-EFI-06" duration="00:00:00.0291326" startTime="2024-01-09T15:44:20.7636782+01:00" endTime="2024-01-09T15:44:20.7793025+01:00" testType="13cdc9d9-ddb5-4fa4-a97d-d965ccfc6d4b" outcome="Passed" testListId="8c84fa94-04c1-424b-9868-57a2d4851a1d" relativeResultsDirectory="89951334-1741-4fc7-802b-83971abce8ef" />
    <UnitTestResult executionId="3dc5fd0a-ee8e-4fee-9fcf-5ec6b8ea4c3a" testId="7fba6cdb-b5ba-bacb-784a-8de97259b5d1" testName="OnScrollChanged_ShouldTriggerFetchingMoreLoglines (True,100,50,False)" computerName="DKSR-EFI-06" duration="00:00:00.0051871" startTime="2024-01-09T15:44:13.7167889+01:00" endTime="2024-01-09T15:44:13.7324153+01:00" testType="13cdc9d9-ddb5-4fa4-a97d-d965ccfc6d4b" outcome="Passed" testListId="8c84fa94-04c1-424b-9868-57a2d4851a1d" relativeResultsDirectory="3dc5fd0a-ee8e-4fee-9fcf-5ec6b8ea4c3a" />
    <UnitTestResult executionId="8b73ad6e-884e-4302-b3d8-f44bbc6279f0" testId="7d848429-f892-546b-2041-cc3eee96180e" testName="StartExportAsync_ShouldIncludeFiltersInTheAuditLogExport_IfAnyApplied (User location)" computerName="DKSR-EFI-06" duration="00:00:00.0027692" startTime="2024-01-09T15:44:17.2011746+01:00" endTime="2024-01-09T15:44:17.2011746+01:00" testType="13cdc9d9-ddb5-4fa4-a97d-d965ccfc6d4b" outcome="Passed" testListId="8c84fa94-04c1-424b-9868-57a2d4851a1d" relativeResultsDirectory="8b73ad6e-884e-4302-b3d8-f44bbc6279f0" />
    <UnitTestResult executionId="86e0022c-4d8f-4d46-863c-1ffef15d96bb" testId="f8eacc21-343b-4346-d5d2-e29ae63a7ea1" testName="ToTime_ShouldBeAdjusted_IfFromTimeIsSetToLaterTime" computerName="DKSR-EFI-06" duration="00:00:00.0032791" startTime="2024-01-09T15:44:13.8730425+01:00" endTime="2024-01-09T15:44:13.8730425+01:00" testType="13cdc9d9-ddb5-4fa4-a97d-d965ccfc6d4b" outcome="Passed" testListId="8c84fa94-04c1-424b-9868-57a2d4851a1d" relativeResultsDirectory="86e0022c-4d8f-4d46-863c-1ffef15d96bb" />
    <UnitTestResult executionId="f5efbe94-6caf-40e1-aed0-dbadc0e06f7a" testId="3372c037-0d85-2c5a-a74a-457d77e738e2" testName="LogExportCanceled_ShouldGenerateCorrectParameters (System)" computerName="DKSR-EFI-06" duration="00:00:00.0329938" startTime="2024-01-09T15:44:21.9043058+01:00" endTime="2024-01-09T15:44:21.9355542+01:00" testType="13cdc9d9-ddb5-4fa4-a97d-d965ccfc6d4b" outcome="Passed" testListId="8c84fa94-04c1-424b-9868-57a2d4851a1d" relativeResultsDirectory="f5efbe94-6caf-40e1-aed0-dbadc0e06f7a" />
    <UnitTestResult executionId="bbe29f9c-a45f-492b-aa35-1ac54b3ff113" testId="d5262bba-8c6b-8c49-1f33-565df48bee3a" testName="LogExportCompleted_ShouldWriteLogline (Audit)" computerName="DKSR-EFI-06" duration="00:00:00.0372981" startTime="2024-01-09T15:44:20.4355983+01:00" endTime="2024-01-09T15:44:20.4824283+01:00" testType="13cdc9d9-ddb5-4fa4-a97d-d965ccfc6d4b" outcome="Passed" testListId="8c84fa94-04c1-424b-9868-57a2d4851a1d" relativeResultsDirectory="bbe29f9c-a45f-492b-aa35-1ac54b3ff113" />
    <UnitTestResult executionId="0c856979-8f5e-46ac-8d21-801317d23781" testId="8fd91340-7618-c4e0-26f0-3146c56ca46b" testName="StartExportAsync_ShouldNotIncludeFiltersInTheAuditLogExport_IfNoFiltersAreApplied (Category)" computerName="DKSR-EFI-06" duration="00:00:00.0036930" startTime="2024-01-09T15:44:17.2011746+01:00" endTime="2024-01-09T15:44:17.2011746+01:00" testType="13cdc9d9-ddb5-4fa4-a97d-d965ccfc6d4b" outcome="Passed" testListId="8c84fa94-04c1-424b-9868-57a2d4851a1d" relativeResultsDirectory="0c856979-8f5e-46ac-8d21-801317d23781" />
    <UnitTestResult executionId="4c4e6193-54ea-485e-ab4e-2cf9f94f7f7f" testId="c5d7cc29-cec2-0906-41b4-e150e07404c5" testName="LogExportCompletedToken_ShouldWriteLogline (Unknown)" computerName="DKSR-EFI-06" duration="00:00:00.0362012" startTime="2024-01-09T15:44:20.5136793+01:00" endTime="2024-01-09T15:44:20.5449292+01:00" testType="13cdc9d9-ddb5-4fa4-a97d-d965ccfc6d4b" outcome="Passed" testListId="8c84fa94-04c1-424b-9868-57a2d4851a1d" relativeResultsDirectory="4c4e6193-54ea-485e-ab4e-2cf9f94f7f7f" />
    <UnitTestResult executionId="8f0ebbbd-0523-4186-ae1a-3b9e5e1a4888" testId="f9be6f1c-2bec-6ded-b469-e63c38be8302" testName="LogExportStarted_ShouldWriteLogline (Unknown)" computerName="DKSR-EFI-06" duration="00:00:00.0361970" startTime="2024-01-09T15:44:20.6699269+01:00" endTime="2024-01-09T15:44:20.7168028+01:00" testType="13cdc9d9-ddb5-4fa4-a97d-d965ccfc6d4b" outcome="Passed" testListId="8c84fa94-04c1-424b-9868-57a2d4851a1d" relativeResultsDirectory="8f0ebbbd-0523-4186-ae1a-3b9e5e1a4888" />
    <UnitTestResult executionId="8fe75e07-9a9c-482b-8d1a-311320c119b4" testId="7cfba55f-af2e-51ee-1fc6-77349649ca80" testName="BrowseExportPathCommand_ShouldNotSetExportPath_WhenDialogResultIsCancel" computerName="DKSR-EFI-06" duration="00:00:00.0016616" startTime="2024-01-09T15:44:14.8105414+01:00" endTime="2024-01-09T15:44:14.8261680+01:00" testType="13cdc9d9-ddb5-4fa4-a97d-d965ccfc6d4b" outcome="Passed" testListId="8c84fa94-04c1-424b-9868-57a2d4851a1d" relativeResultsDirectory="8fe75e07-9a9c-482b-8d1a-311320c119b4" />
    <UnitTestResult executionId="f4b0fb5a-347c-4be7-a4d9-624db6a5b9cd" testId="ef8e8214-92de-2292-fe46-0ebf40bdf876" testName="LogExportCompletedToken_ShouldRegisterMessages (Unknown)" computerName="DKSR-EFI-06" duration="00:00:00.1492279" startTime="2024-01-09T15:44:19.3574281+01:00" endTime="2024-01-09T15:44:19.4980549+01:00" testType="13cdc9d9-ddb5-4fa4-a97d-d965ccfc6d4b" outcome="Passed" testListId="8c84fa94-04c1-424b-9868-57a2d4851a1d" relativeResultsDirectory="f4b0fb5a-347c-4be7-a4d9-624db6a5b9cd" />
    <UnitTestResult executionId="3413a7cc-b0cc-4652-b41c-04dddcac20b6" testId="5b9d8790-41a8-e324-0f42-b3f3838e922e" testName="LogExportCompleted_ShouldRegisterSourceType (Audit)" computerName="DKSR-EFI-06" duration="00:00:00.0834562" startTime="2024-01-09T15:44:18.2636773+01:00" endTime="2024-01-09T15:44:18.3574249+01:00" testType="13cdc9d9-ddb5-4fa4-a97d-d965ccfc6d4b" outcome="Passed" testListId="8c84fa94-04c1-424b-9868-57a2d4851a1d" relativeResultsDirectory="3413a7cc-b0cc-4652-b41c-04dddcac20b6" />
    <UnitTestResult executionId="5ebce829-82a2-41f5-8a06-44cdb6e2c87c" testId="95d8aac3-9120-8d1e-8fd7-948901f91139" testName="LogExportCompletedToken_ShouldRegisterMessages (Audit)" computerName="DKSR-EFI-06" duration="00:00:00.1103648" startTime="2024-01-09T15:44:19.6230530+01:00" endTime="2024-01-09T15:44:19.7324259+01:00" testType="13cdc9d9-ddb5-4fa4-a97d-d965ccfc6d4b" outcome="Passed" testListId="8c84fa94-04c1-424b-9868-57a2d4851a1d" relativeResultsDirectory="5ebce829-82a2-41f5-8a06-44cdb6e2c87c" />
    <UnitTestResult executionId="322eb744-d618-4c89-9e65-d2bb1d962b6f" testId="30ee63b7-20cc-e945-fb91-811222937f3a" testName="LogExportCanceledToken_ShouldGenerateCorrectParameters (Unknown)" computerName="DKSR-EFI-06" duration="00:00:00.0423131" startTime="2024-01-09T15:44:22.0136793+01:00" endTime="2024-01-09T15:44:22.0605544+01:00" testType="13cdc9d9-ddb5-4fa4-a97d-d965ccfc6d4b" outcome="Passed" testListId="8c84fa94-04c1-424b-9868-57a2d4851a1d" relativeResultsDirectory="322eb744-d618-4c89-9e65-d2bb1d962b6f" />
    <UnitTestResult executionId="28b1d88b-3670-4cdf-b353-84a14c931435" testId="6dd142c2-4fa9-8c8e-8a89-7812d8589c04" testName="Dispose_ShouldEndStartedQuerySession" computerName="DKSR-EFI-06" duration="00:00:00.0100982" startTime="2024-01-09T15:44:14.2324142+01:00" endTime="2024-01-09T15:44:14.2324142+01:00" testType="13cdc9d9-ddb5-4fa4-a97d-d965ccfc6d4b" outcome="Passed" testListId="8c84fa94-04c1-424b-9868-57a2d4851a1d" relativeResultsDirectory="28b1d88b-3670-4cdf-b353-84a14c931435" />
    <UnitTestResult executionId="a58ffc84-e04c-44c8-9509-e84d06462b6f" testId="ab0d3408-e47f-7ace-43dd-9707320cd9f9" testName="ResetSelection_ShouldToggleDisplayingOnlyAppliedFiltersToFalse" computerName="DKSR-EFI-06" duration="00:00:00.0038257" startTime="2024-01-09T15:44:15.1542922+01:00" endTime="2024-01-09T15:44:15.1542922+01:00" testType="13cdc9d9-ddb5-4fa4-a97d-d965ccfc6d4b" outcome="Passed" testListId="8c84fa94-04c1-424b-9868-57a2d4851a1d" relativeResultsDirectory="a58ffc84-e04c-44c8-9509-e84d06462b6f" />
    <UnitTestResult executionId="3c8bb100-5b9e-4a93-abfa-d835b90af89b" testId="0cc63b59-a765-1919-dc40-45f2f88bc1ca" testName="BrowseExportPathCommand_ShouldSetExportPath_WhenDialogResultIsOk" computerName="DKSR-EFI-06" duration="00:00:00.0431828" startTime="2024-01-09T15:44:14.6699184+01:00" endTime="2024-01-09T15:44:14.7011670+01:00" testType="13cdc9d9-ddb5-4fa4-a97d-d965ccfc6d4b" outcome="Passed" testListId="8c84fa94-04c1-424b-9868-57a2d4851a1d" relativeResultsDirectory="3c8bb100-5b9e-4a93-abfa-d835b90af89b" />
    <UnitTestResult executionId="50946f11-6937-406d-a8ac-3879c6b1bbd3" testId="39d0228d-8323-660a-a8c8-1095e3c87e37" testName="FetchLoglinesAsync_ShouldUpdateLoglines_WithWhatILogReaderProvides" computerName="DKSR-EFI-06" duration="00:00:00.0074546" startTime="2024-01-09T15:44:13.9980389+01:00" endTime="2024-01-09T15:44:13.9980389+01:00" testType="13cdc9d9-ddb5-4fa4-a97d-d965ccfc6d4b" outcome="Passed" testListId="8c84fa94-04c1-424b-9868-57a2d4851a1d" relativeResultsDirectory="50946f11-6937-406d-a8ac-3879c6b1bbd3" />
    <UnitTestResult executionId="e9b699fb-100b-4af2-837c-f461a866f1fb" testId="58b0c98d-5719-4d52-0db6-3f6cc9feb12b" testName="FilterItems_ShouldDisplayOnlyAppliedFiltersThatStartsWithSearchText_WhenDisplayingOnlyAppliedFiltersIsOnAndSearchTextIsNotEmpty" computerName="DKSR-EFI-06" duration="00:00:00.0109593" startTime="2024-01-09T15:44:15.1230444+01:00" endTime="2024-01-09T15:44:15.1386680+01:00" testType="13cdc9d9-ddb5-4fa4-a97d-d965ccfc6d4b" outcome="Passed" testListId="8c84fa94-04c1-424b-9868-57a2d4851a1d" relativeResultsDirectory="e9b699fb-100b-4af2-837c-f461a866f1fb" />
    <UnitTestResult executionId="bef94d43-2cd6-4a03-998a-72d3c18f0e3a" testId="a7ee1c36-5cec-59cd-bbbe-48673dacb8e9" testName="LogExportCanceledToken_ShouldGenerateCorrectParameters (Rule)" computerName="DKSR-EFI-06" duration="00:00:00.0345215" startTime="2024-01-09T15:44:22.1386810+01:00" endTime="2024-01-09T15:44:22.1855556+01:00" testType="13cdc9d9-ddb5-4fa4-a97d-d965ccfc6d4b" outcome="Passed" testListId="8c84fa94-04c1-424b-9868-57a2d4851a1d" relativeResultsDirectory="bef94d43-2cd6-4a03-998a-72d3c18f0e3a" />
    <UnitTestResult executionId="67cb005a-62fc-4bd2-855b-54e0db8027ec" testId="15e03f5d-e529-61c2-30c8-5c666df60da4" testName="LogExportCompletedToken_ShouldRegisterMessages (System)" computerName="DKSR-EFI-06" duration="00:00:00.1142766" startTime="2024-01-09T15:44:19.4980549+01:00" endTime="2024-01-09T15:44:19.6230530+01:00" testType="13cdc9d9-ddb5-4fa4-a97d-d965ccfc6d4b" outcome="Passed" testListId="8c84fa94-04c1-424b-9868-57a2d4851a1d" relativeResultsDirectory="67cb005a-62fc-4bd2-855b-54e0db8027ec" />
    <UnitTestResult executionId="394d4898-ec27-45a1-b361-07d6499e34c0" testId="74557625-2b10-bb56-d604-f4d866013a85" testName="IsClearSearchVisible_ShouldBeTrue_IfSearchTextIsNotEmpty" computerName="DKSR-EFI-06" duration="00:00:00.0113004" startTime="2024-01-09T15:44:15.1074175+01:00" endTime="2024-01-09T15:44:15.1074175+01:00" testType="13cdc9d9-ddb5-4fa4-a97d-d965ccfc6d4b" outcome="Passed" testListId="8c84fa94-04c1-424b-9868-57a2d4851a1d" relativeResultsDirectory="394d4898-ec27-45a1-b361-07d6499e34c0" />
    <UnitTestResult executionId="6a7d8051-d73a-46eb-aea6-7bbdc93a70c5" testId="b3899c15-ad06-08b0-1478-2a2eb5c9237c" testName="ClearFilter_ShouldPopulateFiltersCollectionWithAllFilterItemsExceptGivenOne_WhenAllWerePreviouslySelected" computerName="DKSR-EFI-06" duration="00:00:00.0026870" startTime="2024-01-09T15:44:15.2011712+01:00" endTime="2024-01-09T15:44:15.2011712+01:00" testType="13cdc9d9-ddb5-4fa4-a97d-d965ccfc6d4b" outcome="Passed" testListId="8c84fa94-04c1-424b-9868-57a2d4851a1d" relativeResultsDirectory="6a7d8051-d73a-46eb-aea6-7bbdc93a70c5" />
    <UnitTestResult executionId="8ab2d471-a589-4f67-9775-8cce6018ca3e" testId="69b16011-8d93-77d0-63a4-943955ce1b67" testName="InitializeCommand_ShouldDoInitialFetchOfLogs" computerName="DKSR-EFI-06" duration="00:00:00.0147953" startTime="2024-01-09T15:44:16.8105471+01:00" endTime="2024-01-09T15:44:16.8261727+01:00" testType="13cdc9d9-ddb5-4fa4-a97d-d965ccfc6d4b" outcome="Passed" testListId="8c84fa94-04c1-424b-9868-57a2d4851a1d" relativeResultsDirectory="8ab2d471-a589-4f67-9775-8cce6018ca3e" />
    <UnitTestResult executionId="2c10a29a-8987-4fef-ba35-3c49643489e9" testId="e2360ce0-e666-123d-5707-dd03e1761710" testName="StartExportAsync_ShouldNotIncludeFiltersInTheRuleTriggeredLogExport_IfNoFiltersAreApplied (Service name)" computerName="DKSR-EFI-06" duration="00:00:00.0014585" startTime="2024-01-09T15:44:17.2792973+01:00" endTime="2024-01-09T15:44:17.2792973+01:00" testType="13cdc9d9-ddb5-4fa4-a97d-d965ccfc6d4b" outcome="Passed" testListId="8c84fa94-04c1-424b-9868-57a2d4851a1d" relativeResultsDirectory="2c10a29a-8987-4fef-ba35-3c49643489e9" />
    <UnitTestResult executionId="ab8938ee-1243-4d36-b05b-0b235db2b7c5" testId="71f7634d-62dc-7fe0-88a1-f72744b379e9" testName="LogExportStarted_ShouldGenerateCorrectParameters (System)" computerName="DKSR-EFI-06" duration="00:00:00.0330184" startTime="2024-01-09T15:44:21.5918055+01:00" endTime="2024-01-09T15:44:21.6230579+01:00" testType="13cdc9d9-ddb5-4fa4-a97d-d965ccfc6d4b" outcome="Passed" testListId="8c84fa94-04c1-424b-9868-57a2d4851a1d" relativeResultsDirectory="ab8938ee-1243-4d36-b05b-0b235db2b7c5" />
    <UnitTestResult executionId="1fa488c9-8811-4363-9a02-fe2ca6793652" testId="485c3db4-ddd6-1540-4078-71b717998356" testName="StartExportAsync_ShouldNotIncludeFiltersInTheSystemLogExport_IfNoFiltersAreApplied (Category)" computerName="DKSR-EFI-06" duration="00:00:00.0018786" startTime="2024-01-09T15:44:17.1542976+01:00" endTime="2024-01-09T15:44:17.1542976+01:00" testType="13cdc9d9-ddb5-4fa4-a97d-d965ccfc6d4b" outcome="Passed" testListId="8c84fa94-04c1-424b-9868-57a2d4851a1d" relativeResultsDirectory="1fa488c9-8811-4363-9a02-fe2ca6793652" />
    <UnitTestResult executionId="5e74de1c-38f4-488c-8e80-c123b1629a28" testId="494df25c-ab31-3079-9698-eeb06f71012c" testName="OnScrollChanged_ShouldTriggerFetchingMoreLoglines (False,0,0,False)" computerName="DKSR-EFI-06" duration="00:00:01.8821679" startTime="2024-01-09T15:44:11.1699062+01:00" endTime="2024-01-09T15:44:13.6542886+01:00" testType="13cdc9d9-ddb5-4fa4-a97d-d965ccfc6d4b" outcome="Passed" testListId="8c84fa94-04c1-424b-9868-57a2d4851a1d" relativeResultsDirectory="5e74de1c-38f4-488c-8e80-c123b1629a28" />
    <UnitTestResult executionId="cced8143-c627-4a32-ae7b-29edbf83af56" testId="38fafa95-785b-5286-4c7e-b54a34c79cdd" testName="LogExportCompleted_ShouldGenerateCorrectParameters (Audit)" computerName="DKSR-EFI-06" duration="00:00:00.0365649" startTime="2024-01-09T15:44:21.3105547+01:00" endTime="2024-01-09T15:44:21.3418041+01:00" testType="13cdc9d9-ddb5-4fa4-a97d-d965ccfc6d4b" outcome="Passed" testListId="8c84fa94-04c1-424b-9868-57a2d4851a1d" relativeResultsDirectory="cced8143-c627-4a32-ae7b-29edbf83af56" />
    <UnitTestResult executionId="ad75953d-26ef-432f-ba1f-53ff4d91f770" testId="979ea342-03d2-1f90-94fc-0e818b1139b0" testName="LogExportStarted_ShouldWriteLogline (Rule)" computerName="DKSR-EFI-06" duration="00:00:00.0331066" startTime="2024-01-09T15:44:20.7949280+01:00" endTime="2024-01-09T15:44:20.8262158+01:00" testType="13cdc9d9-ddb5-4fa4-a97d-d965ccfc6d4b" outcome="Passed" testListId="8c84fa94-04c1-424b-9868-57a2d4851a1d" relativeResultsDirectory="ad75953d-26ef-432f-ba1f-53ff4d91f770" />
    <UnitTestResult executionId="887858a0-90ee-410f-bf0a-ff55e2257658" testId="131b6780-72ce-0697-3180-4ff69d75358b" testName="Constructors_ShouldNotAllowInjectionOfNulls" computerName="DKSR-EFI-06" duration="00:00:00.0131805" startTime="2024-01-09T15:44:17.4667979+01:00" endTime="2024-01-09T15:44:17.4824237+01:00" testType="13cdc9d9-ddb5-4fa4-a97d-d965ccfc6d4b" outcome="Passed" testListId="8c84fa94-04c1-424b-9868-57a2d4851a1d" relativeResultsDirectory="887858a0-90ee-410f-bf0a-ff55e2257658" />
    <UnitTestResult executionId="2af3adaf-f326-4bf9-b6ea-eb9175b79666" testId="986e2cab-3617-88d9-614e-38fa80a368cb" testName="FromTime_ShouldBeAdjusted_IfToTimeIsSetToEarlierTime" computerName="DKSR-EFI-06" duration="00:00:00.0016022" startTime="2024-01-09T15:44:16.7324252+01:00" endTime="2024-01-09T15:44:16.7480479+01:00" testType="13cdc9d9-ddb5-4fa4-a97d-d965ccfc6d4b" outcome="Passed" testListId="8c84fa94-04c1-424b-9868-57a2d4851a1d" relativeResultsDirectory="2af3adaf-f326-4bf9-b6ea-eb9175b79666" />
    <UnitTestResult executionId="fe2a70fd-ba75-42b8-8e2f-f3a124f903de" testId="6f09096c-86ef-0bb9-d6a8-a68ac27447e2" testName="ExportNameErrorMessage_ShouldBeNull_IfNameIsValid" computerName="DKSR-EFI-06" duration="00:00:00.0203103" startTime="2024-01-09T15:44:14.4355425+01:00" endTime="2024-01-09T15:44:14.4667942+01:00" testType="13cdc9d9-ddb5-4fa4-a97d-d965ccfc6d4b" outcome="Passed" testListId="8c84fa94-04c1-424b-9868-57a2d4851a1d" relativeResultsDirectory="fe2a70fd-ba75-42b8-8e2f-f3a124f903de" />
    <UnitTestResult executionId="f3e8d129-221f-467e-8c01-dfc00367e5d6" testId="bf974658-9d6b-85f4-4dd4-82307286367d" testName="InitializeCommand_ShouldDoInitialFetchOfLogs" computerName="DKSR-EFI-06" duration="00:00:00.0142641" startTime="2024-01-09T15:44:16.9355474+01:00" endTime="2024-01-09T15:44:16.9511734+01:00" testType="13cdc9d9-ddb5-4fa4-a97d-d965ccfc6d4b" outcome="Passed" testListId="8c84fa94-04c1-424b-9868-57a2d4851a1d" relativeResultsDirectory="f3e8d129-221f-467e-8c01-dfc00367e5d6" />
    <UnitTestResult executionId="18b3fde9-a43e-40f9-8cae-416ca6c7ae25" testId="3cf4443c-2882-4fb3-cf66-d9e85d93fa77" testName="AutomationId_ShouldNotBeNullOrEmpty" computerName="DKSR-EFI-06" duration="00:00:00.0015417" startTime="2024-01-09T15:44:13.8730425+01:00" endTime="2024-01-09T15:44:13.8730425+01:00" testType="13cdc9d9-ddb5-4fa4-a97d-d965ccfc6d4b" outcome="Passed" testListId="8c84fa94-04c1-424b-9868-57a2d4851a1d" relativeResultsDirectory="18b3fde9-a43e-40f9-8cae-416ca6c7ae25" />
    <UnitTestResult executionId="73a5f121-3442-43f9-bb19-7565e8d5dc7a" testId="e7fe7eb6-f2f0-e45d-3d42-b3275c0b4293" testName="LogExportStartedToken_ShouldGenerateCorrectParameters (Rule)" computerName="DKSR-EFI-06" duration="00:00:00.0341600" startTime="2024-01-09T15:44:21.8261788+01:00" endTime="2024-01-09T15:44:21.8574297+01:00" testType="13cdc9d9-ddb5-4fa4-a97d-d965ccfc6d4b" outcome="Passed" testListId="8c84fa94-04c1-424b-9868-57a2d4851a1d" relativeResultsDirectory="73a5f121-3442-43f9-bb19-7565e8d5dc7a" />
    <UnitTestResult executionId="db060ba1-2cd1-43b7-85f3-37b317ea320e" testId="ab0a135d-08a3-4568-07f3-e125db115dc4" testName="LogExportCompleted_ShouldGenerateCorrectParameters (Unknown)" computerName="DKSR-EFI-06" duration="00:00:00.0493130" startTime="2024-01-09T15:44:21.2168038+01:00" endTime="2024-01-09T15:44:21.2793051+01:00" testType="13cdc9d9-ddb5-4fa4-a97d-d965ccfc6d4b" outcome="Passed" testListId="8c84fa94-04c1-424b-9868-57a2d4851a1d" relativeResultsDirectory="db060ba1-2cd1-43b7-85f3-37b317ea320e" />
    <UnitTestResult executionId="3ce54239-c5a3-4515-bdac-6bc997595f34" testId="2229c534-da94-45f7-2125-82548cf95d7b" testName="LogExportStartedToken_ShouldGenerateCorrectParameters (Audit)" computerName="DKSR-EFI-06" duration="00:00:00.0374208" startTime="2024-01-09T15:44:21.7793059+01:00" endTime="2024-01-09T15:44:21.8261788+01:00" testType="13cdc9d9-ddb5-4fa4-a97d-d965ccfc6d4b" outcome="Passed" testListId="8c84fa94-04c1-424b-9868-57a2d4851a1d" relativeResultsDirectory="3ce54239-c5a3-4515-bdac-6bc997595f34" />
    <UnitTestResult executionId="ada62b06-6e1f-47e9-a38d-2dab85ef6561" testId="41d63617-722f-2318-e2f3-dbb65350cdba" testName="LogExportCompleted_ShouldRegisterMessages (Unknown)" computerName="DKSR-EFI-06" duration="00:00:00.1410487" startTime="2024-01-09T15:44:18.8730518+01:00" endTime="2024-01-09T15:44:19.0136751+01:00" testType="13cdc9d9-ddb5-4fa4-a97d-d965ccfc6d4b" outcome="Passed" testListId="8c84fa94-04c1-424b-9868-57a2d4851a1d" relativeResultsDirectory="ada62b06-6e1f-47e9-a38d-2dab85ef6561" />
    <UnitTestResult executionId="3f85f39c-d202-4339-9601-ee3f5feb215a" testId="09c37797-5fae-576b-0133-81c2124d9f6a" testName="InitializeCommand_ShouldDisplayErrorMessage_IfGetFilterValuesAsyncResultsInException" computerName="DKSR-EFI-06" duration="00:00:00.0049543" startTime="2024-01-09T15:44:16.8261727+01:00" endTime="2024-01-09T15:44:16.8417967+01:00" testType="13cdc9d9-ddb5-4fa4-a97d-d965ccfc6d4b" outcome="Passed" testListId="8c84fa94-04c1-424b-9868-57a2d4851a1d" relativeResultsDirectory="3f85f39c-d202-4339-9601-ee3f5feb215a" />
    <UnitTestResult executionId="556f5aa3-a6a4-447a-afb2-088fbd859379" testId="719ce3f2-ec61-ddfe-fcc3-35300594a748" testName="ApplyFiltersCommand_ShouldDisplayErrorMessage_IfStartQuerySessionAsyncResultsInException" computerName="DKSR-EFI-06" duration="00:00:00.0036885" startTime="2024-01-09T15:44:16.7949198+01:00" endTime="2024-01-09T15:44:16.8105471+01:00" testType="13cdc9d9-ddb5-4fa4-a97d-d965ccfc6d4b" outcome="Passed" testListId="8c84fa94-04c1-424b-9868-57a2d4851a1d" relativeResultsDirectory="556f5aa3-a6a4-447a-afb2-088fbd859379" />
    <UnitTestResult executionId="1d7cd887-7efc-4459-84de-e95572358f7c" testId="86cdf26a-01d3-1454-75eb-7298e4f64e3e" testName="LogExportStartedToken_ShouldGenerateCorrectParameters (System)" computerName="DKSR-EFI-06" duration="00:00:00.0336849" startTime="2024-01-09T15:44:21.7480551+01:00" endTime="2024-01-09T15:44:21.7793059+01:00" testType="13cdc9d9-ddb5-4fa4-a97d-d965ccfc6d4b" outcome="Passed" testListId="8c84fa94-04c1-424b-9868-57a2d4851a1d" relativeResultsDirectory="1d7cd887-7efc-4459-84de-e95572358f7c" />
    <UnitTestResult executionId="530ad74c-50d3-4a46-b881-18bf2cf00a57" testId="aeaa8129-6ac7-8b61-07e1-c54d2c8ef3e7" testName="StartExportAsync_ShouldNotIncludeFiltersInTheSystemLogExport_IfNoFiltersAreApplied (Source name)" computerName="DKSR-EFI-06" duration="00:00:00.0018245" startTime="2024-01-09T15:44:17.1542976+01:00" endTime="2024-01-09T15:44:17.1542976+01:00" testType="13cdc9d9-ddb5-4fa4-a97d-d965ccfc6d4b" outcome="Passed" testListId="8c84fa94-04c1-424b-9868-57a2d4851a1d" relativeResultsDirectory="530ad74c-50d3-4a46-b881-18bf2cf00a57" />
    <UnitTestResult executionId="c3f34e9f-dc6b-4a69-aff2-4356db959b9c" testId="c82eb6ab-1fb1-d071-5b1d-2c0ec9d6c5f8" testName="LogExportCanceled_ShouldWriteLogline (System)" computerName="DKSR-EFI-06" duration="00:00:00.0261127" startTime="2024-01-09T15:44:20.9980560+01:00" endTime="2024-01-09T15:44:21.0293041+01:00" testType="13cdc9d9-ddb5-4fa4-a97d-d965ccfc6d4b" outcome="Passed" testListId="8c84fa94-04c1-424b-9868-57a2d4851a1d" relativeResultsDirectory="c3f34e9f-dc6b-4a69-aff2-4356db959b9c" />
    <UnitTestResult executionId="a9ff2188-bd40-4e12-a4ad-f08a6086bc6e" testId="9590e3aa-1421-3abd-52ba-2a781729d553" testName="LogExportCompletedToken_ShouldRegisterMessages (Rule)" computerName="DKSR-EFI-06" duration="00:00:00.1048944" startTime="2024-01-09T15:44:19.7324259+01:00" endTime="2024-01-09T15:44:19.8418027+01:00" testType="13cdc9d9-ddb5-4fa4-a97d-d965ccfc6d4b" outcome="Passed" testListId="8c84fa94-04c1-424b-9868-57a2d4851a1d" relativeResultsDirectory="a9ff2188-bd40-4e12-a4ad-f08a6086bc6e" />
    <UnitTestResult executionId="05b3eeae-6dd3-46e9-b276-74b64e575400" testId="d341cc20-0b16-3c41-69fc-2f19452eba9d" testName="StartExportAsync_ShouldAuditLogThatExportHasBeenCompleted_IfItRanToCompletion" computerName="DKSR-EFI-06" duration="00:00:00.0091819" startTime="2024-01-09T15:44:17.0917963+01:00" endTime="2024-01-09T15:44:17.1074211+01:00" testType="13cdc9d9-ddb5-4fa4-a97d-d965ccfc6d4b" outcome="Passed" testListId="8c84fa94-04c1-424b-9868-57a2d4851a1d" relativeResultsDirectory="05b3eeae-6dd3-46e9-b276-74b64e575400" />
    <UnitTestResult executionId="09693d6e-5ffa-4584-ae40-40187aae270e" testId="b4e0a762-e757-bae0-5862-b1262dcc1c6f" testName="AutomationId_ShouldNotBeNullOrEmpty" computerName="DKSR-EFI-06" duration="00:00:00.0014679" startTime="2024-01-09T15:44:16.8574209+01:00" endTime="2024-01-09T15:44:16.8574209+01:00" testType="13cdc9d9-ddb5-4fa4-a97d-d965ccfc6d4b" outcome="Passed" testListId="8c84fa94-04c1-424b-9868-57a2d4851a1d" relativeResultsDirectory="09693d6e-5ffa-4584-ae40-40187aae270e" />
    <UnitTestResult executionId="979b381b-6835-4f02-b2db-bc19e0ed0151" testId="64d72f06-50c1-cd68-6b37-f115b725bc6d" testName="StartExportAsync_ShouldIncludeFiltersInTheRuleTriggeredLogExport_IfAnyApplied (Source name)" computerName="DKSR-EFI-06" duration="00:00:00.0052627" startTime="2024-01-09T15:44:17.2324230+01:00" endTime="2024-01-09T15:44:17.2324230+01:00" testType="13cdc9d9-ddb5-4fa4-a97d-d965ccfc6d4b" outcome="Passed" testListId="8c84fa94-04c1-424b-9868-57a2d4851a1d" relativeResultsDirectory="979b381b-6835-4f02-b2db-bc19e0ed0151" />
    <UnitTestResult executionId="1d9da098-ec1d-43d6-811b-87dfac5fcf96" testId="2160afc6-ea21-09b1-6055-1f646d8e20af" testName="FetchLoglinesAsync_ShouldNotFetchMoreLoglines_IfAllLoglinesAreAlreadyFetched" computerName="DKSR-EFI-06" duration="00:00:00.0107417" startTime="2024-01-09T15:44:16.7792980+01:00" endTime="2024-01-09T15:44:16.7949198+01:00" testType="13cdc9d9-ddb5-4fa4-a97d-d965ccfc6d4b" outcome="Passed" testListId="8c84fa94-04c1-424b-9868-57a2d4851a1d" relativeResultsDirectory="1d9da098-ec1d-43d6-811b-87dfac5fcf96" />
    <UnitTestResult executionId="22fa5689-71af-453d-9bb1-92a03b01d33a" testId="4b9a16ae-5d37-16ca-5a23-abaf091957f3" testName="LogExportStartedToken_ShouldWriteLogline (Audit)" computerName="DKSR-EFI-06" duration="00:00:00.0256907" startTime="2024-01-09T15:44:20.9043018+01:00" endTime="2024-01-09T15:44:20.9199298+01:00" testType="13cdc9d9-ddb5-4fa4-a97d-d965ccfc6d4b" outcome="Passed" testListId="8c84fa94-04c1-424b-9868-57a2d4851a1d" relativeResultsDirectory="22fa5689-71af-453d-9bb1-92a03b01d33a" />
    <UnitTestResult executionId="a6cce502-9538-4ef7-adda-29c59e40daf4" testId="0ad00e78-6b7f-c193-7bcf-0b2d694ff860" testName="LogExportStartedToken_ShouldWriteLogline (Unknown)" computerName="DKSR-EFI-06" duration="00:00:00.0346936" startTime="2024-01-09T15:44:20.8262158+01:00" endTime="2024-01-09T15:44:20.8574314+01:00" testType="13cdc9d9-ddb5-4fa4-a97d-d965ccfc6d4b" outcome="Passed" testListId="8c84fa94-04c1-424b-9868-57a2d4851a1d" relativeResultsDirectory="a6cce502-9538-4ef7-adda-29c59e40daf4" />
    <UnitTestResult executionId="11a3986b-e586-4e5a-9174-08a9c3e5837c" testId="55cc690e-5168-1d8a-8fc7-2fc8ea4f84ec" testName="LogExportCompleted_ShouldRegisterCategory (Audit)" computerName="DKSR-EFI-06" duration="00:00:00.0466664" startTime="2024-01-09T15:44:17.7636735+01:00" endTime="2024-01-09T15:44:17.8105484+01:00" testType="13cdc9d9-ddb5-4fa4-a97d-d965ccfc6d4b" outcome="Passed" testListId="8c84fa94-04c1-424b-9868-57a2d4851a1d" relativeResultsDirectory="11a3986b-e586-4e5a-9174-08a9c3e5837c" />
    <UnitTestResult executionId="29e28ed1-54b5-493e-9ec7-cc7177accae2" testId="21c552d7-9287-5750-003a-4828b6abed06" testName="FetchLoglinesAsync_ShouldNotFetchLoglines_IfPreviousCallIsInProgress" computerName="DKSR-EFI-06" duration="00:00:00.0056376" startTime="2024-01-09T15:44:16.8886734+01:00" endTime="2024-01-09T15:44:16.9042967+01:00" testType="13cdc9d9-ddb5-4fa4-a97d-d965ccfc6d4b" outcome="Passed" testListId="8c84fa94-04c1-424b-9868-57a2d4851a1d" relativeResultsDirectory="29e28ed1-54b5-493e-9ec7-cc7177accae2" />
    <UnitTestResult executionId="bc47bdbb-71ff-41f1-b91c-a1a43b2d157c" testId="ec730395-c200-9636-2a33-b34bf36a2255" testName="ClearFilter_ShouldRemoveFilterFromFiltersCollection" computerName="DKSR-EFI-06" duration="00:00:01.0691855" startTime="2024-01-09T15:44:15.2011712+01:00" endTime="2024-01-09T15:44:16.2636699+01:00" testType="13cdc9d9-ddb5-4fa4-a97d-d965ccfc6d4b" outcome="Passed" testListId="8c84fa94-04c1-424b-9868-57a2d4851a1d" relativeResultsDirectory="bc47bdbb-71ff-41f1-b91c-a1a43b2d157c" />
    <UnitTestResult executionId="f2482cee-39bc-4da7-906f-97a8af86e349" testId="c6e2fe10-6374-0330-3a55-32e9451857d1" testName="LogExportCompleted_ShouldRegisterMessages (Audit)" computerName="DKSR-EFI-06" duration="00:00:00.1105796" startTime="2024-01-09T15:44:19.1230527+01:00" endTime="2024-01-09T15:44:19.2324279+01:00" testType="13cdc9d9-ddb5-4fa4-a97d-d965ccfc6d4b" outcome="Passed" testListId="8c84fa94-04c1-424b-9868-57a2d4851a1d" relativeResultsDirectory="f2482cee-39bc-4da7-906f-97a8af86e349" />
    <UnitTestResult executionId="8314b276-3abb-4ed9-a290-fa0fef468c79" testId="ce330a3a-d115-ba5c-dc19-43f1531e4548" testName="InitializeCommand_ShouldDisplayErrorMessage_IfGetFilterValuesAsyncResultsInException" computerName="DKSR-EFI-06" duration="00:00:00.0055806" startTime="2024-01-09T15:44:14.2167881+01:00" endTime="2024-01-09T15:44:14.2167881+01:00" testType="13cdc9d9-ddb5-4fa4-a97d-d965ccfc6d4b" outcome="Passed" testListId="8c84fa94-04c1-424b-9868-57a2d4851a1d" relativeResultsDirectory="8314b276-3abb-4ed9-a290-fa0fef468c79" />
    <UnitTestResult executionId="3084460d-9fef-4f26-97b6-8e3d9b109cd3" testId="6424e692-4d3a-827a-decb-3ce5cb79fff5" testName="LogExportCanceledToken_ShouldWriteLogline (Audit)" computerName="DKSR-EFI-06" duration="00:00:00.0318362" startTime="2024-01-09T15:44:21.1543044+01:00" endTime="2024-01-09T15:44:21.1855548+01:00" testType="13cdc9d9-ddb5-4fa4-a97d-d965ccfc6d4b" outcome="Passed" testListId="8c84fa94-04c1-424b-9868-57a2d4851a1d" relativeResultsDirectory="3084460d-9fef-4f26-97b6-8e3d9b109cd3" />
    <UnitTestResult executionId="757312ec-06b7-4c98-9788-1b03cac81105" testId="b3945edc-b4c1-82dc-eb15-4f9f8e26cd8e" testName="LogExportCompletedToken_ShouldGenerateCorrectParameters (Rule)" computerName="DKSR-EFI-06" duration="00:00:00.0337588" startTime="2024-01-09T15:44:21.5136793+01:00" endTime="2024-01-09T15:44:21.5449309+01:00" testType="13cdc9d9-ddb5-4fa4-a97d-d965ccfc6d4b" outcome="Passed" testListId="8c84fa94-04c1-424b-9868-57a2d4851a1d" relativeResultsDirectory="757312ec-06b7-4c98-9788-1b03cac81105" />
    <UnitTestResult executionId="76ee3470-7e7b-42ae-bc9c-13aba939221d" testId="19a2df89-ffce-448e-93da-9f4758dfd40f" testName="LogExportCompleted_ShouldGenerateCorrectParameters (Rule)" computerName="DKSR-EFI-06" duration="00:00:00.0327675" startTime="2024-01-09T15:44:21.3574293+01:00" endTime="2024-01-09T15:44:21.3886787+01:00" testType="13cdc9d9-ddb5-4fa4-a97d-d965ccfc6d4b" outcome="Passed" testListId="8c84fa94-04c1-424b-9868-57a2d4851a1d" relativeResultsDirectory="76ee3470-7e7b-42ae-bc9c-13aba939221d" />
    <UnitTestResult executionId="27dd988b-187a-4254-a661-f14e4bdff217" testId="9e225351-7a51-97ff-08f4-9b692d21bbc4" testName="Constructors_ShouldNotAllowInjectionOfNulls" computerName="DKSR-EFI-06" duration="00:00:00.0016463" startTime="2024-01-09T15:44:17.4511722+01:00" endTime="2024-01-09T15:44:17.4511722+01:00" testType="13cdc9d9-ddb5-4fa4-a97d-d965ccfc6d4b" outcome="Passed" testListId="8c84fa94-04c1-424b-9868-57a2d4851a1d" relativeResultsDirectory="27dd988b-187a-4254-a661-f14e4bdff217" />
    <UnitTestResult executionId="2d0907c9-eabc-432a-9f70-021dff6b0fcc" testId="629e55be-22fe-7971-ea5f-3793ed0191ee" testName="Title_ShouldNotBeNullOrEmpty" computerName="DKSR-EFI-06" duration="00:00:00.0025610" startTime="2024-01-09T15:44:16.7011710+01:00" endTime="2024-01-09T15:44:16.7011710+01:00" testType="13cdc9d9-ddb5-4fa4-a97d-d965ccfc6d4b" outcome="Passed" testListId="8c84fa94-04c1-424b-9868-57a2d4851a1d" relativeResultsDirectory="2d0907c9-eabc-432a-9f70-021dff6b0fcc" />
    <UnitTestResult executionId="4951f27f-7d0b-4ee3-8184-3df13ce299b0" testId="bd94679b-8e13-bf7e-6a51-a631831e8c48" testName="Title_ShouldNotBeNullOrEmpty" computerName="DKSR-EFI-06" duration="00:00:00.0019600" startTime="2024-01-09T15:44:16.8417967+01:00" endTime="2024-01-09T15:44:16.8574209+01:00" testType="13cdc9d9-ddb5-4fa4-a97d-d965ccfc6d4b" outcome="Passed" testListId="8c84fa94-04c1-424b-9868-57a2d4851a1d" relativeResultsDirectory="4951f27f-7d0b-4ee3-8184-3df13ce299b0" />
    <UnitTestResult executionId="824de33d-25c4-4d86-bcfc-37d6c1f9e8ee" testId="e1c225f2-3a2c-e335-2d5f-0365ac0c5a83" testName="LogExportCompleted_ShouldRegisterCategory (Unknown)" computerName="DKSR-EFI-06" duration="00:00:00.1695647" startTime="2024-01-09T15:44:17.4824237+01:00" endTime="2024-01-09T15:44:17.6699236+01:00" testType="13cdc9d9-ddb5-4fa4-a97d-d965ccfc6d4b" outcome="Passed" testListId="8c84fa94-04c1-424b-9868-57a2d4851a1d" relativeResultsDirectory="824de33d-25c4-4d86-bcfc-37d6c1f9e8ee" />
    <UnitTestResult executionId="0d65fd20-921c-484f-b035-a04b47ab96d2" testId="b756d462-b4ce-8d4e-0345-e12e3743da58" testName="ExportCommand_ShouldNotStart_IfDirectoryIsNotFound" computerName="DKSR-EFI-06" duration="00:00:00.0042481" startTime="2024-01-09T15:44:15.0292937+01:00" endTime="2024-01-09T15:44:15.0292937+01:00" testType="13cdc9d9-ddb5-4fa4-a97d-d965ccfc6d4b" outcome="Passed" testListId="8c84fa94-04c1-424b-9868-57a2d4851a1d" relativeResultsDirectory="0d65fd20-921c-484f-b035-a04b47ab96d2" />
    <UnitTestResult executionId="77dc7076-ec54-4a09-a131-873a5d43da28" testId="d40f95f9-3216-70f9-2e01-e28d1cbaa89b" testName="FetchLoglinesAsync_ShouldDisplayErrorMessage_IfFetchLoglinesAsyncResultsInException" computerName="DKSR-EFI-06" duration="00:00:00.0146909" startTime="2024-01-09T15:44:14.0761672+01:00" endTime="2024-01-09T15:44:14.0917909+01:00" testType="13cdc9d9-ddb5-4fa4-a97d-d965ccfc6d4b" outcome="Passed" testListId="8c84fa94-04c1-424b-9868-57a2d4851a1d" relativeResultsDirectory="77dc7076-ec54-4a09-a131-873a5d43da28" />
    <UnitTestResult executionId="799fba57-058f-44b4-b298-4c9ec1cd3614" testId="2621df85-86ca-04fb-7bf4-e340ac32eb60" testName="LogExportCompletedToken_ShouldGenerateCorrectParameters (Unknown)" computerName="DKSR-EFI-06" duration="00:00:00.0430825" startTime="2024-01-09T15:44:21.3886787+01:00" endTime="2024-01-09T15:44:21.4355537+01:00" testType="13cdc9d9-ddb5-4fa4-a97d-d965ccfc6d4b" outcome="Passed" testListId="8c84fa94-04c1-424b-9868-57a2d4851a1d" relativeResultsDirectory="799fba57-058f-44b4-b298-4c9ec1cd3614" />
    <UnitTestResult executionId="6e442849-bf31-4425-9da2-fc9e724f36a6" testId="288c4c47-f49c-acce-d98c-379b9f7af341" testName="StartExportAsync_ShouldExportAllRuleTriggeredLogsWithinGivenTime_IfNoFiltersApplied" computerName="DKSR-EFI-06" duration="00:00:00.0547557" startTime="2024-01-09T15:44:17.2792973+01:00" endTime="2024-01-09T15:44:17.3418004+01:00" testType="13cdc9d9-ddb5-4fa4-a97d-d965ccfc6d4b" outcome="Passed" testListId="8c84fa94-04c1-424b-9868-57a2d4851a1d" relativeResultsDirectory="6e442849-bf31-4425-9da2-fc9e724f36a6" />
    <UnitTestResult executionId="63cb1b3e-755c-4c2c-814b-da5ffa5e5968" testId="db2fe9b8-64ad-a3c4-efe9-40f1d2f9333b" testName="ExportNameErrorMessage_ShouldNotBeNull_IfNameContainsInvalidCharacter (/)" computerName="DKSR-EFI-06" duration="00:00:00.0015513" startTime="2024-01-09T15:44:14.4980445+01:00" endTime="2024-01-09T15:44:14.4980445+01:00" testType="13cdc9d9-ddb5-4fa4-a97d-d965ccfc6d4b" outcome="Passed" testListId="8c84fa94-04c1-424b-9868-57a2d4851a1d" relativeResultsDirectory="63cb1b3e-755c-4c2c-814b-da5ffa5e5968" />
    <UnitTestResult executionId="f567a252-6ddd-46b9-a269-38bd0689138a" testId="50cb0ca5-4453-9643-3dd1-34e35a5e9542" testName="LogExportCompletedToken_ShouldRegisterSourceType (Rule)" computerName="DKSR-EFI-06" duration="00:00:00.0856495" startTime="2024-01-09T15:44:18.7793009+01:00" endTime="2024-01-09T15:44:18.8730518+01:00" testType="13cdc9d9-ddb5-4fa4-a97d-d965ccfc6d4b" outcome="Passed" testListId="8c84fa94-04c1-424b-9868-57a2d4851a1d" relativeResultsDirectory="f567a252-6ddd-46b9-a269-38bd0689138a" />
    <UnitTestResult executionId="37ae1688-86f9-4188-963a-71bd1b15d826" testId="ca34cfe8-19ad-129c-d0df-2bac4e6a671f" testName="InitializeCommand_ShouldDisplayErrorMessage_IfGetFilterValuesAsyncResultsInException" computerName="DKSR-EFI-06" duration="00:00:00.0056729" startTime="2024-01-09T15:44:16.9511734+01:00" endTime="2024-01-09T15:44:16.9511734+01:00" testType="13cdc9d9-ddb5-4fa4-a97d-d965ccfc6d4b" outcome="Passed" testListId="8c84fa94-04c1-424b-9868-57a2d4851a1d" relativeResultsDirectory="37ae1688-86f9-4188-963a-71bd1b15d826" />
    <UnitTestResult executionId="8adf5c75-3a6b-49dc-913d-1dc233273043" testId="aa04c745-9ea2-050c-127a-c583471e5d13" testName="ExportProgress_ShouldBeZero_ByDefault" computerName="DKSR-EFI-06" duration="00:00:00.0010668" startTime="2024-01-09T15:44:17.0292960+01:00" endTime="2024-01-09T15:44:17.0292960+01:00" testType="13cdc9d9-ddb5-4fa4-a97d-d965ccfc6d4b" outcome="Passed" testListId="8c84fa94-04c1-424b-9868-57a2d4851a1d" relativeResultsDirectory="8adf5c75-3a6b-49dc-913d-1dc233273043" />
    <UnitTestResult executionId="f5646fb0-5dbd-46a5-8d8f-44f702fbbfda" testId="c332d32d-69f4-7eb8-a50f-41fa471a9d91" testName="ToTime_ShouldBeAdjusted_IfFromTimeIsSetToLaterTime" computerName="DKSR-EFI-06" duration="00:00:00.0015121" startTime="2024-01-09T15:44:16.8574209+01:00" endTime="2024-01-09T15:44:16.8574209+01:00" testType="13cdc9d9-ddb5-4fa4-a97d-d965ccfc6d4b" outcome="Passed" testListId="8c84fa94-04c1-424b-9868-57a2d4851a1d" relativeResultsDirectory="f5646fb0-5dbd-46a5-8d8f-44f702fbbfda" />
    <UnitTestResult executionId="11cac888-0cb0-4e4c-8f32-b42702b717c1" testId="41926514-96ea-847e-99b7-b19f62846342" testName="ApplyCommand_ShouldNotAddSelectedItemsToFilters_IfAllAreSelected" computerName="DKSR-EFI-06" duration="00:00:00.0073543" startTime="2024-01-09T15:44:16.2792946+01:00" endTime="2024-01-09T15:44:16.2949195+01:00" testType="13cdc9d9-ddb5-4fa4-a97d-d965ccfc6d4b" outcome="Passed" testListId="8c84fa94-04c1-424b-9868-57a2d4851a1d" relativeResultsDirectory="11cac888-0cb0-4e4c-8f32-b42702b717c1" />
    <UnitTestResult executionId="0f45696f-5c35-412e-887a-c065d514760e" testId="600a9f74-1dd6-0ecd-3743-c445e062d186" testName="LogExportCompletedToken_ShouldGenerateCorrectParameters (Audit)" computerName="DKSR-EFI-06" duration="00:00:00.0380156" startTime="2024-01-09T15:44:21.4668048+01:00" endTime="2024-01-09T15:44:21.5136793+01:00" testType="13cdc9d9-ddb5-4fa4-a97d-d965ccfc6d4b" outcome="Passed" testListId="8c84fa94-04c1-424b-9868-57a2d4851a1d" relativeResultsDirectory="0f45696f-5c35-412e-887a-c065d514760e" />
    <UnitTestResult executionId="1711aba0-e997-4ef7-9957-487cd09f5786" testId="f5fac959-c014-35f1-9d8d-7ec9c73ac445" testName="LogExportCompleted_ShouldRegisterMessageIn2LanguagesIfFound" computerName="DKSR-EFI-06" duration="00:00:00.5141969" startTime="2024-01-09T15:44:19.8418027+01:00" endTime="2024-01-09T15:44:20.3574283+01:00" testType="13cdc9d9-ddb5-4fa4-a97d-d965ccfc6d4b" outcome="Passed" testListId="8c84fa94-04c1-424b-9868-57a2d4851a1d" relativeResultsDirectory="1711aba0-e997-4ef7-9957-487cd09f5786" />
    <UnitTestResult executionId="2beec8e0-9e0d-4db2-b73c-82e45a1a4fb9" testId="5da7e7b1-8437-9765-8ac5-47f31165560b" testName="AutomationId_ShouldNotBeNullOrEmpty" computerName="DKSR-EFI-06" duration="00:00:00.0015400" startTime="2024-01-09T15:44:16.7011710+01:00" endTime="2024-01-09T15:44:16.7011710+01:00" testType="13cdc9d9-ddb5-4fa4-a97d-d965ccfc6d4b" outcome="Passed" testListId="8c84fa94-04c1-424b-9868-57a2d4851a1d" relativeResultsDirectory="2beec8e0-9e0d-4db2-b73c-82e45a1a4fb9" />
    <UnitTestResult executionId="6d5000cb-39f2-48cf-bb85-14168eb88eac" testId="46af012b-c08a-abec-31e4-7119fc4686f3" testName="ApplyFiltersCommand_ShouldSetTotalLoglinesCountValueTo100_WhenStartQuerySessionReturns100" computerName="DKSR-EFI-06" duration="00:00:00.0030193" startTime="2024-01-09T15:44:14.0917909+01:00" endTime="2024-01-09T15:44:14.0917909+01:00" testType="13cdc9d9-ddb5-4fa4-a97d-d965ccfc6d4b" outcome="Passed" testListId="8c84fa94-04c1-424b-9868-57a2d4851a1d" relativeResultsDirectory="6d5000cb-39f2-48cf-bb85-14168eb88eac" />
    <UnitTestResult executionId="db5481e3-d0c7-4df4-9ba4-46f21c880c33" testId="3bbb90cb-609e-e79b-9342-439e7c710d4a" testName="LogExportCanceledToken_ShouldGenerateCorrectParameters (Audit)" computerName="DKSR-EFI-06" duration="00:00:00.0379141" startTime="2024-01-09T15:44:22.1074299+01:00" endTime="2024-01-09T15:44:22.1386810+01:00" testType="13cdc9d9-ddb5-4fa4-a97d-d965ccfc6d4b" outcome="Passed" testListId="8c84fa94-04c1-424b-9868-57a2d4851a1d" relativeResultsDirectory="db5481e3-d0c7-4df4-9ba4-46f21c880c33" />
    <UnitTestResult executionId="5c94c7bd-5ad4-4dbc-b8b6-d339ee8571ca" testId="26b056c3-3ab8-a12a-ebdf-8a8f425f05fb" testName="FetchLoglinesAsync_ShouldNotFetchLoglines_IfPreviousCallIsInProgress" computerName="DKSR-EFI-06" duration="00:00:00.0060532" startTime="2024-01-09T15:44:16.7636732+01:00" endTime="2024-01-09T15:44:16.7792980+01:00" testType="13cdc9d9-ddb5-4fa4-a97d-d965ccfc6d4b" outcome="Passed" testListId="8c84fa94-04c1-424b-9868-57a2d4851a1d" relativeResultsDirectory="5c94c7bd-5ad4-4dbc-b8b6-d339ee8571ca" />
    <UnitTestResult executionId="e9bb44c0-4446-46c1-936f-d7533f9fc89a" testId="57ae62f6-95f9-d9c6-ed08-3672f3562bb1" testName="LogExportCompleted_ShouldWriteLogline (Rule)" computerName="DKSR-EFI-06" duration="00:00:00.0322936" startTime="2024-01-09T15:44:20.4824283+01:00" endTime="2024-01-09T15:44:20.5136793+01:00" testType="13cdc9d9-ddb5-4fa4-a97d-d965ccfc6d4b" outcome="Passed" testListId="8c84fa94-04c1-424b-9868-57a2d4851a1d" relativeResultsDirectory="e9bb44c0-4446-46c1-936f-d7533f9fc89a" />
    <UnitTestResult executionId="2984d89b-6fa6-4e65-8c0b-5fcd969a768b" testId="0debcf68-595b-7602-b963-925b6a7ddd7c" testName="ResetSelection_ShouldClearTheSearchText" computerName="DKSR-EFI-06" duration="00:00:00.0038827" startTime="2024-01-09T15:44:15.1386680+01:00" endTime="2024-01-09T15:44:15.1386680+01:00" testType="13cdc9d9-ddb5-4fa4-a97d-d965ccfc6d4b" outcome="Passed" testListId="8c84fa94-04c1-424b-9868-57a2d4851a1d" relativeResultsDirectory="2984d89b-6fa6-4e65-8c0b-5fcd969a768b" />
    <UnitTestResult executionId="86f67165-66a5-4855-961f-3efb6b4bee78" testId="73b61a45-bc61-074d-1187-832d1c05ee52" testName="StartExportAsync_ShouldExportAllAuditLogsWithinGivenTime_IfNoFiltersApplied" computerName="DKSR-EFI-06" duration="00:00:00.0591824" startTime="2024-01-09T15:44:17.3886735+01:00" endTime="2024-01-09T15:44:17.4511722+01:00" testType="13cdc9d9-ddb5-4fa4-a97d-d965ccfc6d4b" outcome="Passed" testListId="8c84fa94-04c1-424b-9868-57a2d4851a1d" relativeResultsDirectory="86f67165-66a5-4855-961f-3efb6b4bee78" />
    <UnitTestResult executionId="72155a60-e48e-4f27-a2d8-10312bd5479e" testId="3450b5ea-8e1a-df85-811e-9f3db8140adf" testName="FetchLoglinesAsync_ShouldNotModify_WhatILogReaderProvides" computerName="DKSR-EFI-06" duration="00:00:00.0102565" startTime="2024-01-09T15:44:16.7480479+01:00" endTime="2024-01-09T15:44:16.7480479+01:00" testType="13cdc9d9-ddb5-4fa4-a97d-d965ccfc6d4b" outcome="Passed" testListId="8c84fa94-04c1-424b-9868-57a2d4851a1d" relativeResultsDirectory="72155a60-e48e-4f27-a2d8-10312bd5479e" />
    <UnitTestResult executionId="463f24a4-2ff5-4f0e-b248-8b406737c9f7" testId="a020e185-3816-632e-9abe-ae7f6274d5c5" testName="LogExportCompleted_ShouldRegisterMessages (System)" computerName="DKSR-EFI-06" duration="00:00:00.1054770" startTime="2024-01-09T15:44:19.0136751+01:00" endTime="2024-01-09T15:44:19.1230527+01:00" testType="13cdc9d9-ddb5-4fa4-a97d-d965ccfc6d4b" outcome="Passed" testListId="8c84fa94-04c1-424b-9868-57a2d4851a1d" relativeResultsDirectory="463f24a4-2ff5-4f0e-b248-8b406737c9f7" />
    <UnitTestResult executionId="713b813a-2555-44e9-81d8-ad6b7fe89e77" testId="4ebedce6-a5c7-e645-0024-a816dbb8d51d" testName="ToTime_ShouldBeAdjusted_IfFromTimeIsSetToLaterTime" computerName="DKSR-EFI-06" duration="00:00:00.0017185" startTime="2024-01-09T15:44:16.7324252+01:00" endTime="2024-01-09T15:44:16.7324252+01:00" testType="13cdc9d9-ddb5-4fa4-a97d-d965ccfc6d4b" outcome="Passed" testListId="8c84fa94-04c1-424b-9868-57a2d4851a1d" relativeResultsDirectory="713b813a-2555-44e9-81d8-ad6b7fe89e77" />
    <UnitTestResult executionId="6b9e9ca0-bc51-4f0c-995e-a5005586fb9a" testId="284dbb82-affc-3f14-2c39-f9cbe003541b" testName="FetchLoglinesAsync_ShouldFetchLoglines_IfPreviousCallIsComplete" computerName="DKSR-EFI-06" duration="00:00:00.0056534" startTime="2024-01-09T15:44:16.8886734+01:00" endTime="2024-01-09T15:44:16.8886734+01:00" testType="13cdc9d9-ddb5-4fa4-a97d-d965ccfc6d4b" outcome="Passed" testListId="8c84fa94-04c1-424b-9868-57a2d4851a1d" relativeResultsDirectory="6b9e9ca0-bc51-4f0c-995e-a5005586fb9a" />
    <UnitTestResult executionId="6f759f89-8274-42f6-8912-e55c96a3167f" testId="0751a3c8-7e22-a7f8-c6e3-a05dbf8f920f" testName="ApplyFiltersCommand_ShouldQueryRuleLogs_InProvidedLanguage" computerName="DKSR-EFI-06" duration="00:00:00.0042998" startTime="2024-01-09T15:44:16.8105471+01:00" endTime="2024-01-09T15:44:16.8105471+01:00" testType="13cdc9d9-ddb5-4fa4-a97d-d965ccfc6d4b" outcome="Passed" testListId="8c84fa94-04c1-424b-9868-57a2d4851a1d" relativeResultsDirectory="6f759f89-8274-42f6-8912-e55c96a3167f" />
    <UnitTestResult executionId="8c5f50dc-3ecd-40c5-b988-e0f5564d82a0" testId="d00f2619-a28c-b497-01df-50049ceeb2de" testName="ClearFiltersCommand_ShouldToggleDisplayingOfAppliedFiltersToFalse" computerName="DKSR-EFI-06" duration="00:00:00.0027853" startTime="2024-01-09T15:44:16.2949195+01:00" endTime="2024-01-09T15:44:16.3105452+01:00" testType="13cdc9d9-ddb5-4fa4-a97d-d965ccfc6d4b" outcome="Passed" testListId="8c84fa94-04c1-424b-9868-57a2d4851a1d" relativeResultsDirectory="8c5f50dc-3ecd-40c5-b988-e0f5564d82a0" />
    <UnitTestResult executionId="b032a389-5b36-4fc4-96ff-ac9b8ed20df8" testId="58fca637-e9aa-210c-81fc-86e7e6582798" testName="ResetSelection_ShouldSetVisibilityOnAllItemsToVisible" computerName="DKSR-EFI-06" duration="00:00:00.0134938" startTime="2024-01-09T15:44:15.1699195+01:00" endTime="2024-01-09T15:44:15.1699195+01:00" testType="13cdc9d9-ddb5-4fa4-a97d-d965ccfc6d4b" outcome="Passed" testListId="8c84fa94-04c1-424b-9868-57a2d4851a1d" relativeResultsDirectory="b032a389-5b36-4fc4-96ff-ac9b8ed20df8" />
    <UnitTestResult executionId="80798fc7-aa04-4b15-9de4-93b702616a2d" testId="67c17d03-30c7-2e00-462d-ef8b704971b5" testName="IsExportStarted_ShouldBeFalse_ByDefault" computerName="DKSR-EFI-06" duration="00:00:00.0012508" startTime="2024-01-09T15:44:16.9824209+01:00" endTime="2024-01-09T15:44:16.9824209+01:00" testType="13cdc9d9-ddb5-4fa4-a97d-d965ccfc6d4b" outcome="Passed" testListId="8c84fa94-04c1-424b-9868-57a2d4851a1d" relativeResultsDirectory="80798fc7-aa04-4b15-9de4-93b702616a2d" />
    <UnitTestResult executionId="a7ddd3e1-9b1d-403d-bf43-eb0d24e7214b" testId="c3f6da99-021a-8a45-4133-72be04443522" testName="IsExportStarted_ShouldBeTrue_WhenExportIsStarted" computerName="DKSR-EFI-06" duration="00:00:00.0344455" startTime="2024-01-09T15:44:16.9824209+01:00" endTime="2024-01-09T15:44:17.0136727+01:00" testType="13cdc9d9-ddb5-4fa4-a97d-d965ccfc6d4b" outcome="Passed" testListId="8c84fa94-04c1-424b-9868-57a2d4851a1d" relativeResultsDirectory="a7ddd3e1-9b1d-403d-bf43-eb0d24e7214b" />
    <UnitTestResult executionId="626a12b1-6485-45f0-8625-b47b5c917f68" testId="5579d6db-d7e5-1505-ede9-9087ed1f4c4f" testName="LogExportStarted_ShouldWriteLogline (System)" computerName="DKSR-EFI-06" duration="00:00:00.0362729" startTime="2024-01-09T15:44:20.7168028+01:00" endTime="2024-01-09T15:44:20.7480539+01:00" testType="13cdc9d9-ddb5-4fa4-a97d-d965ccfc6d4b" outcome="Passed" testListId="8c84fa94-04c1-424b-9868-57a2d4851a1d" relativeResultsDirectory="626a12b1-6485-45f0-8625-b47b5c917f68" />
    <UnitTestResult executionId="238d0550-3d5e-42dc-8d89-7004f9a2bb00" testId="4b16ec46-9a7d-9f93-8d71-60b460a79c41" testName="FetchLoglinesAsync_ShouldNotFetchMoreLoglines_IfAllLoglinesAreAlreadyFetched" computerName="DKSR-EFI-06" duration="00:00:00.0084710" startTime="2024-01-09T15:44:16.9042967+01:00" endTime="2024-01-09T15:44:16.9042967+01:00" testType="13cdc9d9-ddb5-4fa4-a97d-d965ccfc6d4b" outcome="Passed" testListId="8c84fa94-04c1-424b-9868-57a2d4851a1d" relativeResultsDirectory="238d0550-3d5e-42dc-8d89-7004f9a2bb00" />
    <UnitTestResult executionId="053a7ef1-61cb-458a-a098-56914cf8fd92" testId="e2b126ed-cabd-3020-7d1e-dc58a2587c29" testName="ExportCommand_ShouldNotStart_IfDirectoryIsIllegal" computerName="DKSR-EFI-06" duration="00:00:00.0057919" startTime="2024-01-09T15:44:14.9980431+01:00" endTime="2024-01-09T15:44:15.0136663+01:00" testType="13cdc9d9-ddb5-4fa4-a97d-d965ccfc6d4b" outcome="Passed" testListId="8c84fa94-04c1-424b-9868-57a2d4851a1d" relativeResultsDirectory="053a7ef1-61cb-458a-a098-56914cf8fd92" />
    <UnitTestResult executionId="6ad7a81b-161c-420c-b81e-bc3dc7c7c7ad" testId="59e800ea-24c2-12cd-f0ad-9356d3ab7127" testName="NumberOfAppliedFilters_ShouldBeZero_IfFilterItemsAreNotLoaded" computerName="DKSR-EFI-06" duration="00:00:00.0018206" startTime="2024-01-09T15:44:15.0761673+01:00" endTime="2024-01-09T15:44:15.0917934+01:00" testType="13cdc9d9-ddb5-4fa4-a97d-d965ccfc6d4b" outcome="Passed" testListId="8c84fa94-04c1-424b-9868-57a2d4851a1d" relativeResultsDirectory="6ad7a81b-161c-420c-b81e-bc3dc7c7c7ad" />
    <UnitTestResult executionId="996d269e-dd77-4424-bdad-519054c7262c" testId="f89cef89-828a-0381-92d5-c4bddcf42705" testName="FetchLoglinesAsync_ShouldFetchLoglines_IfPreviousCallIsComplete" computerName="DKSR-EFI-06" duration="00:00:00.0048512" startTime="2024-01-09T15:44:16.7636732+01:00" endTime="2024-01-09T15:44:16.7636732+01:00" testType="13cdc9d9-ddb5-4fa4-a97d-d965ccfc6d4b" outcome="Passed" testListId="8c84fa94-04c1-424b-9868-57a2d4851a1d" relativeResultsDirectory="996d269e-dd77-4424-bdad-519054c7262c" />
    <UnitTestResult executionId="c21c9cd3-6781-4b5a-bcfb-635494772d91" testId="f783329b-5fe8-b046-f8d7-759496049789" testName="LogExportCanceled_ShouldGenerateCorrectParameters (Unknown)" computerName="DKSR-EFI-06" duration="00:00:00.0442949" startTime="2024-01-09T15:44:21.8574297+01:00" endTime="2024-01-09T15:44:21.9043058+01:00" testType="13cdc9d9-ddb5-4fa4-a97d-d965ccfc6d4b" outcome="Passed" testListId="8c84fa94-04c1-424b-9868-57a2d4851a1d" relativeResultsDirectory="c21c9cd3-6781-4b5a-bcfb-635494772d91" />
    <UnitTestResult executionId="d608ed9b-3f93-4212-9db1-475ba8499a60" testId="0966f41b-229c-3a1b-4882-4f51d1c194bd" testName="LogExportCompleted_ShouldRegisterMessages (Rule)" computerName="DKSR-EFI-06" duration="00:00:00.1075170" startTime="2024-01-09T15:44:19.2324279+01:00" endTime="2024-01-09T15:44:19.3418034+01:00" testType="13cdc9d9-ddb5-4fa4-a97d-d965ccfc6d4b" outcome="Passed" testListId="8c84fa94-04c1-424b-9868-57a2d4851a1d" relativeResultsDirectory="d608ed9b-3f93-4212-9db1-475ba8499a60" />
    <UnitTestResult executionId="44fccbce-b455-455f-b511-80afa438ab23" testId="86385b6e-3c70-b477-3e5d-632057e2a5dc" testName="ToggleDisplayAppliedFiltersOnlyCommand_ShouldDisplayAllItems_WhenToggledTwice" computerName="DKSR-EFI-06" duration="00:00:00.0030556" startTime="2024-01-09T15:44:16.3105452+01:00" endTime="2024-01-09T15:44:16.3105452+01:00" testType="13cdc9d9-ddb5-4fa4-a97d-d965ccfc6d4b" outcome="Passed" testListId="8c84fa94-04c1-424b-9868-57a2d4851a1d" relativeResultsDirectory="44fccbce-b455-455f-b511-80afa438ab23" />
    <UnitTestResult executionId="da1fe12d-dd46-45e5-bfa0-839191705730" testId="e0eb380b-86d2-f5b0-0c5a-b99892d3e326" testName="LogExportCanceled_ShouldGenerateCorrectParameters (Rule)" computerName="DKSR-EFI-06" duration="00:00:00.0328679" startTime="2024-01-09T15:44:21.9824327+01:00" endTime="2024-01-09T15:44:22.0136793+01:00" testType="13cdc9d9-ddb5-4fa4-a97d-d965ccfc6d4b" outcome="Passed" testListId="8c84fa94-04c1-424b-9868-57a2d4851a1d" relativeResultsDirectory="da1fe12d-dd46-45e5-bfa0-839191705730" />
    <UnitTestResult executionId="7ba75b11-218e-40b3-a9b8-574ecc420647" testId="ebade166-19df-752d-6cb1-c41aaa16f79e" testName="StartExportAsync_ShouldIncludeFiltersInTheAuditLogExport_IfAnyApplied (Permission)" computerName="DKSR-EFI-06" duration="00:00:00.0045473" startTime="2024-01-09T15:44:17.1699252+01:00" endTime="2024-01-09T15:44:17.1699252+01:00" testType="13cdc9d9-ddb5-4fa4-a97d-d965ccfc6d4b" outcome="Passed" testListId="8c84fa94-04c1-424b-9868-57a2d4851a1d" relativeResultsDirectory="7ba75b11-218e-40b3-a9b8-574ecc420647" />
    <UnitTestResult executionId="d887e78d-94fe-4c03-90fa-96fa1143b540" testId="00e2f1dc-895b-03ca-8793-61f415bdd9dc" testName="ApplyFiltersCommand_ShouldSetTotalLoglinesCountValueTo100_WhenStartQuerySessionReturns100" computerName="DKSR-EFI-06" duration="00:00:00.0027506" startTime="2024-01-09T15:44:16.9199221+01:00" endTime="2024-01-09T15:44:16.9199221+01:00" testType="13cdc9d9-ddb5-4fa4-a97d-d965ccfc6d4b" outcome="Passed" testListId="8c84fa94-04c1-424b-9868-57a2d4851a1d" relativeResultsDirectory="d887e78d-94fe-4c03-90fa-96fa1143b540" />
    <UnitTestResult executionId="9eafeeab-cae8-4f8f-b48d-05f09a8deae7" testId="95398926-2d94-5561-87ed-26fd6015c30f" testName="ExportNameErrorMessage_ShouldNotBeNull_IfNameContainsInvalidCharacter (:)" computerName="DKSR-EFI-06" duration="00:00:00.0013837" startTime="2024-01-09T15:44:14.4980445+01:00" endTime="2024-01-09T15:44:14.4980445+01:00" testType="13cdc9d9-ddb5-4fa4-a97d-d965ccfc6d4b" outcome="Passed" testListId="8c84fa94-04c1-424b-9868-57a2d4851a1d" relativeResultsDirectory="9eafeeab-cae8-4f8f-b48d-05f09a8deae7" />
    <UnitTestResult executionId="c8d26834-ef48-4afa-8176-177b0534257c" testId="c7735bc1-caf7-f869-d25f-8256a23ad688" testName="StartExportAsync_ShouldNotIncludeFiltersInTheRuleTriggeredLogExport_IfNoFiltersAreApplied (Source name)" computerName="DKSR-EFI-06" duration="00:00:00.0015794" startTime="2024-01-09T15:44:17.2637515+01:00" endTime="2024-01-09T15:44:17.2637515+01:00" testType="13cdc9d9-ddb5-4fa4-a97d-d965ccfc6d4b" outcome="Passed" testListId="8c84fa94-04c1-424b-9868-57a2d4851a1d" relativeResultsDirectory="c8d26834-ef48-4afa-8176-177b0534257c" />
    <UnitTestResult executionId="95c54279-126b-4d6b-aaa5-e793ebccd739" testId="daf0a00d-6fe6-ef6d-42f8-78b185981687" testName="ClearFiltersCommand_ShouldUnselectAllSelectedItems" computerName="DKSR-EFI-06" duration="00:00:00.0041436" startTime="2024-01-09T15:44:16.2949195+01:00" endTime="2024-01-09T15:44:16.2949195+01:00" testType="13cdc9d9-ddb5-4fa4-a97d-d965ccfc6d4b" outcome="Passed" testListId="8c84fa94-04c1-424b-9868-57a2d4851a1d" relativeResultsDirectory="95c54279-126b-4d6b-aaa5-e793ebccd739" />
    <UnitTestResult executionId="a7489c57-dccb-4b17-8b6c-60b29f1ac0b9" testId="02c6656a-22ee-eb13-3d23-d8a5de623da2" testName="FetchLoglinesAsync_ShouldUpdateLoglines_WithWhatILogReaderProvides" computerName="DKSR-EFI-06" duration="00:00:00.0058335" startTime="2024-01-09T15:44:16.8730474+01:00" endTime="2024-01-09T15:44:16.8886734+01:00" testType="13cdc9d9-ddb5-4fa4-a97d-d965ccfc6d4b" outcome="Passed" testListId="8c84fa94-04c1-424b-9868-57a2d4851a1d" relativeResultsDirectory="a7489c57-dccb-4b17-8b6c-60b29f1ac0b9" />
    <UnitTestResult executionId="667012a4-3f37-4ff1-abe3-5eb5da0399db" testId="c3280b96-8c55-d5d4-b282-c98886b215df" testName="Create_ShouldPassThreeTabs_ToTheLogViewerPanelViewModelConstructor" computerName="DKSR-EFI-06" duration="00:00:00.0021409" startTime="2024-01-09T15:44:16.6699207+01:00" endTime="2024-01-09T15:44:16.6855472+01:00" testType="13cdc9d9-ddb5-4fa4-a97d-d965ccfc6d4b" outcome="Passed" testListId="8c84fa94-04c1-424b-9868-57a2d4851a1d" relativeResultsDirectory="667012a4-3f37-4ff1-abe3-5eb5da0399db" />
    <UnitTestResult executionId="355236b7-3d8a-4a99-9da5-3e1204980644" testId="6f6c9127-9c5e-f5b9-b03c-35b0a590d1e6" testName="LogExportCompleted_ShouldGenerateCorrectParameters (System)" computerName="DKSR-EFI-06" duration="00:00:00.0327483" startTime="2024-01-09T15:44:21.2793051+01:00" endTime="2024-01-09T15:44:21.3105547+01:00" testType="13cdc9d9-ddb5-4fa4-a97d-d965ccfc6d4b" outcome="Passed" testListId="8c84fa94-04c1-424b-9868-57a2d4851a1d" relativeResultsDirectory="355236b7-3d8a-4a99-9da5-3e1204980644" />
    <UnitTestResult executionId="40276ba9-fe37-4cbb-b015-aae12030c6bc" testId="19741e49-0b1b-f606-39e4-fc58b6ce6577" testName="Create_ShouldPassAuditLogTab_ToTheLogViewerPanelViewModelConstructor" computerName="DKSR-EFI-06" duration="00:00:00.3380433" startTime="2024-01-09T15:44:16.3261718+01:00" endTime="2024-01-09T15:44:16.6542958+01:00" testType="13cdc9d9-ddb5-4fa4-a97d-d965ccfc6d4b" outcome="Passed" testListId="8c84fa94-04c1-424b-9868-57a2d4851a1d" relativeResultsDirectory="40276ba9-fe37-4cbb-b015-aae12030c6bc" />
    <UnitTestResult executionId="d8a30321-4b29-4421-8a77-1912659e8d89" testId="f2ec40ef-388a-a0d4-8677-c5b7647d1602" testName="Dispose_ShouldCleanupAllTabs" computerName="DKSR-EFI-06" duration="00:00:00.0048626" startTime="2024-01-09T15:44:16.6855472+01:00" endTime="2024-01-09T15:44:16.6855472+01:00" testType="13cdc9d9-ddb5-4fa4-a97d-d965ccfc6d4b" outcome="Passed" testListId="8c84fa94-04c1-424b-9868-57a2d4851a1d" relativeResultsDirectory="d8a30321-4b29-4421-8a77-1912659e8d89" />
    <UnitTestResult executionId="1f32b282-4eca-45c2-9b06-816ef8fbb14a" testId="55f01452-8153-ee7b-1144-0e6585d18bac" testName="FetchLoglinesAsync_ShouldNotFetchMoreLoglines_IfAllLoglinesAreAlreadyFetched" computerName="DKSR-EFI-06" duration="00:00:00.0371495" startTime="2024-01-09T15:44:14.0449138+01:00" endTime="2024-01-09T15:44:14.0761672+01:00" testType="13cdc9d9-ddb5-4fa4-a97d-d965ccfc6d4b" outcome="Passed" testListId="8c84fa94-04c1-424b-9868-57a2d4851a1d" relativeResultsDirectory="1f32b282-4eca-45c2-9b06-816ef8fbb14a" />
    <UnitTestResult executionId="b299b0b6-a922-42bf-aaf3-86ff2944fdb7" testId="fdf28d05-2e10-44e9-62a4-21ade8e0457e" testName="LogExportStartedToken_ShouldWriteLogline (System)" computerName="DKSR-EFI-06" duration="00:00:00.0262866" startTime="2024-01-09T15:44:20.8574314+01:00" endTime="2024-01-09T15:44:20.8886778+01:00" testType="13cdc9d9-ddb5-4fa4-a97d-d965ccfc6d4b" outcome="Passed" testListId="8c84fa94-04c1-424b-9868-57a2d4851a1d" relativeResultsDirectory="b299b0b6-a922-42bf-aaf3-86ff2944fdb7" />
    <UnitTestResult executionId="03ca8d3f-b1c2-4f0d-9cc5-7e60afa7ba5e" testId="2cc97fb4-c8c3-68bd-98a4-2e1ba1b70114" testName="StartExportAsync_ShouldExportAllSystemLogsWithinGivenTime_IfNoFiltersApplied" computerName="DKSR-EFI-06" duration="00:00:00.0497106" startTime="2024-01-09T15:44:17.3418004+01:00" endTime="2024-01-09T15:44:17.3886735+01:00" testType="13cdc9d9-ddb5-4fa4-a97d-d965ccfc6d4b" outcome="Passed" testListId="8c84fa94-04c1-424b-9868-57a2d4851a1d" relativeResultsDirectory="03ca8d3f-b1c2-4f0d-9cc5-7e60afa7ba5e" />
    <UnitTestResult executionId="512c5ec9-2570-40e5-bbbc-ebe6622660e7" testId="8be88b29-25dc-3616-dac3-34e25f491160" testName="Constructors_ShouldNotAllowInjectionOfNulls" computerName="DKSR-EFI-06" duration="00:00:00.0016091" startTime="2024-01-09T15:44:16.8417967+01:00" endTime="2024-01-09T15:44:16.8417967+01:00" testType="13cdc9d9-ddb5-4fa4-a97d-d965ccfc6d4b" outcome="Passed" testListId="8c84fa94-04c1-424b-9868-57a2d4851a1d" relativeResultsDirectory="512c5ec9-2570-40e5-bbbc-ebe6622660e7" />
    <UnitTestResult executionId="b278c6c2-c784-4e2e-9c8b-d1c8dfc479d7" testId="e43d938a-7e19-00cd-bf49-975bc74f6666" testName="CreateCsvExportHandler_ShouldCreateAnInstanceOfCsvExportHandler" computerName="DKSR-EFI-06" duration="00:00:00.0008528" startTime="2024-01-09T15:44:17.4667979+01:00" endTime="2024-01-09T15:44:17.4667979+01:00" testType="13cdc9d9-ddb5-4fa4-a97d-d965ccfc6d4b" outcome="Passed" testListId="8c84fa94-04c1-424b-9868-57a2d4851a1d" relativeResultsDirectory="b278c6c2-c784-4e2e-9c8b-d1c8dfc479d7" />
    <UnitTestResult executionId="9ee2fd91-65f2-43a4-8df9-825c037dedc7" testId="55806f1e-9f22-44c5-8e7c-a2e4d400c793" testName="ClearSearchCommand_ShouldClearSearchTextBox" computerName="DKSR-EFI-06" duration="00:00:00.0026497" startTime="2024-01-09T15:44:16.3105452+01:00" endTime="2024-01-09T15:44:16.3261718+01:00" testType="13cdc9d9-ddb5-4fa4-a97d-d965ccfc6d4b" outcome="Passed" testListId="8c84fa94-04c1-424b-9868-57a2d4851a1d" relativeResultsDirectory="9ee2fd91-65f2-43a4-8df9-825c037dedc7" />
    <UnitTestResult executionId="ad8b03c5-3bf0-4b29-ac9c-f90947c994a9" testId="0bfba3ec-fb5c-9307-d3b7-c7e6bc377d16" testName="ExportPathErrorMessage__ShouldNotBeNull_IfPathIsIllegal" computerName="DKSR-EFI-06" duration="00:00:00.0040399" startTime="2024-01-09T15:44:14.9980431+01:00" endTime="2024-01-09T15:44:14.9980431+01:00" testType="13cdc9d9-ddb5-4fa4-a97d-d965ccfc6d4b" outcome="Passed" testListId="8c84fa94-04c1-424b-9868-57a2d4851a1d" relativeResultsDirectory="ad8b03c5-3bf0-4b29-ac9c-f90947c994a9" />
    <UnitTestResult executionId="dbee4dbe-aa1c-43fa-a5c8-23d8a97ab1ad" testId="e6d90400-8aa0-3ed6-4a85-567cdd039b88" testName="Create_ShouldCreateAnInstanceOfExportWindowViewModel" computerName="DKSR-EFI-06" duration="00:00:00.1810122" startTime="2024-01-09T15:44:14.2324142+01:00" endTime="2024-01-09T15:44:14.4199635+01:00" testType="13cdc9d9-ddb5-4fa4-a97d-d965ccfc6d4b" outcome="Passed" testListId="8c84fa94-04c1-424b-9868-57a2d4851a1d" relativeResultsDirectory="dbee4dbe-aa1c-43fa-a5c8-23d8a97ab1ad" />
    <UnitTestResult executionId="c8a85f4f-9b8c-4f0c-af32-264c5ac84b61" testId="cd948457-e6eb-c0cb-4b02-a694fa3140f8" testName="ExportNameErrorMessage_ShouldNotBeNull_IfNameFieldIsEmpty" computerName="DKSR-EFI-06" duration="00:00:00.0062737" startTime="2024-01-09T15:44:14.4667942+01:00" endTime="2024-01-09T15:44:14.4667942+01:00" testType="13cdc9d9-ddb5-4fa4-a97d-d965ccfc6d4b" outcome="Passed" testListId="8c84fa94-04c1-424b-9868-57a2d4851a1d" relativeResultsDirectory="c8a85f4f-9b8c-4f0c-af32-264c5ac84b61" />
    <UnitTestResult executionId="1c0011e2-8802-4ca9-96fd-aafdc524a901" testId="141d276b-8dfa-c928-a06f-164dfdb8946a" testName="Constructors_ShouldNotAllowInjectionOfNulls" computerName="DKSR-EFI-06" duration="00:00:00.0024283" startTime="2024-01-09T15:44:16.6855472+01:00" endTime="2024-01-09T15:44:16.6855472+01:00" testType="13cdc9d9-ddb5-4fa4-a97d-d965ccfc6d4b" outcome="Passed" testListId="8c84fa94-04c1-424b-9868-57a2d4851a1d" relativeResultsDirectory="1c0011e2-8802-4ca9-96fd-aafdc524a901" />
    <UnitTestResult executionId="3c3749b6-9f00-441b-89c6-218e4fd0a74b" testId="62d9d9a5-1b37-a5d0-a7a0-8988967edbcd" testName="FetchLoglinesAsync_ShouldNotFetchLoglines_IfPreviousCallIsInProgress" computerName="DKSR-EFI-06" duration="00:00:00.0130929" startTime="2024-01-09T15:44:14.0292916+01:00" endTime="2024-01-09T15:44:14.0292916+01:00" testType="13cdc9d9-ddb5-4fa4-a97d-d965ccfc6d4b" outcome="Passed" testListId="8c84fa94-04c1-424b-9868-57a2d4851a1d" relativeResultsDirectory="3c3749b6-9f00-441b-89c6-218e4fd0a74b" />
    <UnitTestResult executionId="0dfbd0b8-e3f3-4b55-b3c8-982df2635651" testId="a33aa20a-d1bf-052f-a580-39fd5ed25f44" testName="StartExportAsync_ShouldNotIncludeFiltersInTheRuleTriggeredLogExport_IfNoFiltersAreApplied (Source type)" computerName="DKSR-EFI-06" duration="00:00:00.0017249" startTime="2024-01-09T15:44:17.2637515+01:00" endTime="2024-01-09T15:44:17.2637515+01:00" testType="13cdc9d9-ddb5-4fa4-a97d-d965ccfc6d4b" outcome="Passed" testListId="8c84fa94-04c1-424b-9868-57a2d4851a1d" relativeResultsDirectory="0dfbd0b8-e3f3-4b55-b3c8-982df2635651" />
    <UnitTestResult executionId="7c3ae0ad-f9fc-49fa-afa4-91f825ea938a" testId="6ecd42de-834d-c4e7-c131-8f83484b4b73" testName="ExportErrorMessage_ShouldNotBeNull_IfExportHasFailed" computerName="DKSR-EFI-06" duration="00:00:00.0081049" startTime="2024-01-09T15:44:17.0761724+01:00" endTime="2024-01-09T15:44:17.0761724+01:00" testType="13cdc9d9-ddb5-4fa4-a97d-d965ccfc6d4b" outcome="Passed" testListId="8c84fa94-04c1-424b-9868-57a2d4851a1d" relativeResultsDirectory="7c3ae0ad-f9fc-49fa-afa4-91f825ea938a" />
    <UnitTestResult executionId="2d9ff327-ce8a-4fb7-b934-96fcb84ce680" testId="ed36d44e-4200-e799-fc12-f629ea491ec5" testName="ApplyCommand_ShouldAddSelectedItemsToFilters" computerName="DKSR-EFI-06" duration="00:00:00.0126045" startTime="2024-01-09T15:44:16.2792946+01:00" endTime="2024-01-09T15:44:16.2792946+01:00" testType="13cdc9d9-ddb5-4fa4-a97d-d965ccfc6d4b" outcome="Passed" testListId="8c84fa94-04c1-424b-9868-57a2d4851a1d" relativeResultsDirectory="2d9ff327-ce8a-4fb7-b934-96fcb84ce680" />
    <UnitTestResult executionId="a98f7bda-5f62-4d47-8602-79df23286574" testId="4df0c307-81ff-e62c-e7a6-51528274ec8b" testName="StartExportAsync_ShouldNotIncludeFiltersInTheSystemLogExport_IfNoFiltersAreApplied (Log level)" computerName="DKSR-EFI-06" duration="00:00:00.0044884" startTime="2024-01-09T15:44:17.1386733+01:00" endTime="2024-01-09T15:44:17.1386733+01:00" testType="13cdc9d9-ddb5-4fa4-a97d-d965ccfc6d4b" outcome="Passed" testListId="8c84fa94-04c1-424b-9868-57a2d4851a1d" relativeResultsDirectory="a98f7bda-5f62-4d47-8602-79df23286574" />
    <UnitTestResult executionId="9abb656a-c6cf-430f-a11d-ca055cc84a36" testId="bb4778d6-27b2-176c-68e5-02c38c73ea88" testName="Constructors_ShouldNotAllowInjectionOfNulls" computerName="DKSR-EFI-06" duration="00:00:00.0227775" startTime="2024-01-09T15:44:15.0292937+01:00" endTime="2024-01-09T15:44:15.0605419+01:00" testType="13cdc9d9-ddb5-4fa4-a97d-d965ccfc6d4b" outcome="Passed" testListId="8c84fa94-04c1-424b-9868-57a2d4851a1d" relativeResultsDirectory="9abb656a-c6cf-430f-a11d-ca055cc84a36" />
    <UnitTestResult executionId="67164748-13c6-44c9-ab28-ca0355b5650c" testId="27c9e1cd-91bb-4d47-c4ee-d4769f21248b" testName="LogExportCanceledToken_ShouldWriteLogline (Rule)" computerName="DKSR-EFI-06" duration="00:00:00.0290653" startTime="2024-01-09T15:44:21.1855548+01:00" endTime="2024-01-09T15:44:21.2168038+01:00" testType="13cdc9d9-ddb5-4fa4-a97d-d965ccfc6d4b" outcome="Passed" testListId="8c84fa94-04c1-424b-9868-57a2d4851a1d" relativeResultsDirectory="67164748-13c6-44c9-ab28-ca0355b5650c" />
    <UnitTestResult executionId="88003606-f65c-4f4a-9767-619c8819a989" testId="c27c7cea-460f-11d6-7c20-f333765b0a0e" testName="ExportCommand_ShouldNotStart_IfDirectoryPathIsTooLong" computerName="DKSR-EFI-06" duration="00:00:00.0043511" startTime="2024-01-09T15:44:15.0292937+01:00" endTime="2024-01-09T15:44:15.0292937+01:00" testType="13cdc9d9-ddb5-4fa4-a97d-d965ccfc6d4b" outcome="Passed" testListId="8c84fa94-04c1-424b-9868-57a2d4851a1d" relativeResultsDirectory="88003606-f65c-4f4a-9767-619c8819a989" />
    <UnitTestResult executionId="b81cd13f-f895-451c-9733-e83a0ff45325" testId="90b034e7-f032-9ba4-27dc-bfa47b8a35eb" testName="StartExportAsync_ShouldNotIncludeFiltersInTheAuditLogExport_IfNoFiltersAreApplied (User location)" computerName="DKSR-EFI-06" duration="00:00:00.0016595" startTime="2024-01-09T15:44:17.2167993+01:00" endTime="2024-01-09T15:44:17.2324230+01:00" testType="13cdc9d9-ddb5-4fa4-a97d-d965ccfc6d4b" outcome="Passed" testListId="8c84fa94-04c1-424b-9868-57a2d4851a1d" relativeResultsDirectory="b81cd13f-f895-451c-9733-e83a0ff45325" />
    <UnitTestResult executionId="8be93c89-1309-4e00-b360-688d6558b2ac" testId="448cd6ab-3397-fbe2-1096-bb0f78bfaa01" testName="ApplyFiltersCommand_ShouldDisplayErrorMessage_IfStartQuerySessionAsyncResultsInException" computerName="DKSR-EFI-06" duration="00:00:00.0070616" startTime="2024-01-09T15:44:14.1074166+01:00" endTime="2024-01-09T15:44:14.1074166+01:00" testType="13cdc9d9-ddb5-4fa4-a97d-d965ccfc6d4b" outcome="Passed" testListId="8c84fa94-04c1-424b-9868-57a2d4851a1d" relativeResultsDirectory="8be93c89-1309-4e00-b360-688d6558b2ac" />
    <UnitTestResult executionId="a400be09-fc2a-4f39-97bb-f194e5f82fe3" testId="8398e35d-199b-4b63-75ce-8cb0a5ae5f6f" testName="LogExportCanceledToken_ShouldWriteLogline (System)" computerName="DKSR-EFI-06" duration="00:00:00.0264891" startTime="2024-01-09T15:44:21.1230548+01:00" endTime="2024-01-09T15:44:21.1543044+01:00" testType="13cdc9d9-ddb5-4fa4-a97d-d965ccfc6d4b" outcome="Passed" testListId="8c84fa94-04c1-424b-9868-57a2d4851a1d" relativeResultsDirectory="a400be09-fc2a-4f39-97bb-f194e5f82fe3" />
    <UnitTestResult executionId="701cfdb5-8d79-4a9a-bff1-7ff6d54cbdba" testId="91dbdb34-2778-3e62-1726-23e9dbe006bb" testName="StartExportAsync_ShouldIncludeFiltersInTheRuleTriggeredLogExport_IfAnyApplied (Rule name)" computerName="DKSR-EFI-06" duration="00:00:00.0028301" startTime="2024-01-09T15:44:17.2480482+01:00" endTime="2024-01-09T15:44:17.2480482+01:00" testType="13cdc9d9-ddb5-4fa4-a97d-d965ccfc6d4b" outcome="Passed" testListId="8c84fa94-04c1-424b-9868-57a2d4851a1d" relativeResultsDirectory="701cfdb5-8d79-4a9a-bff1-7ff6d54cbdba" />
    <UnitTestResult executionId="725fd3c3-46b2-46cc-b538-592c437d6bd1" testId="bab4d807-132f-2517-9c5e-f33ba422a350" testName="StartExportAsync_ShouldIncludeFiltersInTheSystemLogExport_IfAnyApplied (Source name)" computerName="DKSR-EFI-06" duration="00:00:00.0031561" startTime="2024-01-09T15:44:17.1230477+01:00" endTime="2024-01-09T15:44:17.1386733+01:00" testType="13cdc9d9-ddb5-4fa4-a97d-d965ccfc6d4b" outcome="Passed" testListId="8c84fa94-04c1-424b-9868-57a2d4851a1d" relativeResultsDirectory="725fd3c3-46b2-46cc-b538-592c437d6bd1" />
    <UnitTestResult executionId="b33f3883-cdab-4a66-84eb-837cc1809733" testId="a938a37d-4ef2-829c-1f99-a5797e83d492" testName="ExportPathErrorMessage_ShouldNotBeNull_IfPathIsInvalid" computerName="DKSR-EFI-06" duration="00:00:00.0038783" startTime="2024-01-09T15:44:14.9980431+01:00" endTime="2024-01-09T15:44:14.9980431+01:00" testType="13cdc9d9-ddb5-4fa4-a97d-d965ccfc6d4b" outcome="Passed" testListId="8c84fa94-04c1-424b-9868-57a2d4851a1d" relativeResultsDirectory="b33f3883-cdab-4a66-84eb-837cc1809733" />
    <UnitTestResult executionId="1204d6dc-1ca5-4c99-90ed-280d40fb4d30" testId="23b83e59-b71a-c931-5aaa-959a06972edc" testName="CancelCommand_ShouldStopTheExport_IfItsInProgress" computerName="DKSR-EFI-06" duration="00:00:00.1021138" startTime="2024-01-09T15:44:14.8417917+01:00" endTime="2024-01-09T15:44:14.9511684+01:00" testType="13cdc9d9-ddb5-4fa4-a97d-d965ccfc6d4b" outcome="Passed" testListId="8c84fa94-04c1-424b-9868-57a2d4851a1d" relativeResultsDirectory="1204d6dc-1ca5-4c99-90ed-280d40fb4d30" />
    <UnitTestResult executionId="2ebe567c-bdef-4835-b555-c485c3526ee3" testId="7363ec98-688b-abe6-13cc-c183838a699a" testName="ApplyFiltersCommand_ShouldQueryAuditLogs_InProvidedLanguage" computerName="DKSR-EFI-06" duration="00:00:00.0483691" startTime="2024-01-09T15:44:14.1074166+01:00" endTime="2024-01-09T15:44:14.1542899+01:00" testType="13cdc9d9-ddb5-4fa4-a97d-d965ccfc6d4b" outcome="Passed" testListId="8c84fa94-04c1-424b-9868-57a2d4851a1d" relativeResultsDirectory="2ebe567c-bdef-4835-b555-c485c3526ee3" />
    <UnitTestResult executionId="ded47a61-732c-46c2-b85d-63874f352486" testId="adfe36ba-b92f-2d10-e108-35bcaad5e614" testName="StartExportAsync_ShouldAuditLogThatExportHasBeenStarted" computerName="DKSR-EFI-06" duration="00:00:00.0115705" startTime="2024-01-09T15:44:17.0761724+01:00" endTime="2024-01-09T15:44:17.0917963+01:00" testType="13cdc9d9-ddb5-4fa4-a97d-d965ccfc6d4b" outcome="Passed" testListId="8c84fa94-04c1-424b-9868-57a2d4851a1d" relativeResultsDirectory="ded47a61-732c-46c2-b85d-63874f352486" />
    <UnitTestResult executionId="48f63ab0-1a97-4414-822c-ae87694fcb26" testId="dab7dede-4c82-1f90-7cfd-8dee6801a09f" testName="LogExportCompletedToken_ShouldRegisterCategory (Rule)" computerName="DKSR-EFI-06" duration="00:00:00.0491349" startTime="2024-01-09T15:44:18.0293011+01:00" endTime="2024-01-09T15:44:18.0761793+01:00" testType="13cdc9d9-ddb5-4fa4-a97d-d965ccfc6d4b" outcome="Passed" testListId="8c84fa94-04c1-424b-9868-57a2d4851a1d" relativeResultsDirectory="48f63ab0-1a97-4414-822c-ae87694fcb26" />
    <UnitTestResult executionId="e1d94149-b96a-45d4-9273-718de815605a" testId="5a82c354-672f-8cdb-93d1-349ec291b376" testName="ExportPathErrorMessage__ShouldNotBeNull_IfPathIsTooLong" computerName="DKSR-EFI-06" duration="00:00:00.0039216" startTime="2024-01-09T15:44:14.9824172+01:00" endTime="2024-01-09T15:44:14.9824172+01:00" testType="13cdc9d9-ddb5-4fa4-a97d-d965ccfc6d4b" outcome="Passed" testListId="8c84fa94-04c1-424b-9868-57a2d4851a1d" relativeResultsDirectory="e1d94149-b96a-45d4-9273-718de815605a" />
    <UnitTestResult executionId="68999436-8526-45f2-8ea1-a06f16e57117" testId="319a4f04-e6a6-6df1-f2b0-d04ca1ddd696" testName="LogExportCompletedToken_ShouldRegisterCategory (Audit)" computerName="DKSR-EFI-06" duration="00:00:00.0495191" startTime="2024-01-09T15:44:17.9824255+01:00" endTime="2024-01-09T15:44:18.0293011+01:00" testType="13cdc9d9-ddb5-4fa4-a97d-d965ccfc6d4b" outcome="Passed" testListId="8c84fa94-04c1-424b-9868-57a2d4851a1d" relativeResultsDirectory="68999436-8526-45f2-8ea1-a06f16e57117" />
    <UnitTestResult executionId="2fe051e5-470c-4aa7-9603-82a4bf2194b7" testId="ba3d77ff-abaa-c9ef-0713-8000d5811174" testName="StartExportAsync_ShouldNotIncludeFiltersInTheAuditLogExport_IfNoFiltersAreApplied (Permission)" computerName="DKSR-EFI-06" duration="00:00:00.0018318" startTime="2024-01-09T15:44:17.2011746+01:00" endTime="2024-01-09T15:44:17.2167993+01:00" testType="13cdc9d9-ddb5-4fa4-a97d-d965ccfc6d4b" outcome="Passed" testListId="8c84fa94-04c1-424b-9868-57a2d4851a1d" relativeResultsDirectory="2fe051e5-470c-4aa7-9603-82a4bf2194b7" />
    <UnitTestResult executionId="b0a292cd-659e-403a-9ec0-226063dfbe52" testId="97e13f2d-1e16-be2e-43e2-6e7d3c174fa4" testName="LogExportCompleted_ShouldWriteLogline (Unknown)" computerName="DKSR-EFI-06" duration="00:00:00.0416094" startTime="2024-01-09T15:44:20.3574283+01:00" endTime="2024-01-09T15:44:20.4043036+01:00" testType="13cdc9d9-ddb5-4fa4-a97d-d965ccfc6d4b" outcome="Passed" testListId="8c84fa94-04c1-424b-9868-57a2d4851a1d" relativeResultsDirectory="b0a292cd-659e-403a-9ec0-226063dfbe52" />
    <UnitTestResult executionId="82f27c01-da1e-4cc0-8c2e-da33544632bb" testId="3d2d57a3-46fe-fe0a-7126-297641577363" testName="ToggleDisplayAppliedFiltersOnlyCommand_ShouldDisplayOnlyAppliedFilters_WhenToggledForTheFirstTime" computerName="DKSR-EFI-06" duration="00:00:00.0030036" startTime="2024-01-09T15:44:16.3105452+01:00" endTime="2024-01-09T15:44:16.3105452+01:00" testType="13cdc9d9-ddb5-4fa4-a97d-d965ccfc6d4b" outcome="Passed" testListId="8c84fa94-04c1-424b-9868-57a2d4851a1d" relativeResultsDirectory="82f27c01-da1e-4cc0-8c2e-da33544632bb" />
    <UnitTestResult executionId="dd464295-fe17-4bfb-b8a3-596903a2dd2c" testId="57f407e4-4761-45b2-86e5-d53b85b7a587" testName="Constructors_ShouldNotAllowInjectionOfNulls" computerName="DKSR-EFI-06" duration="00:00:00.0939749" startTime="2024-01-09T15:44:13.7636653+01:00" endTime="2024-01-09T15:44:13.8574158+01:00" testType="13cdc9d9-ddb5-4fa4-a97d-d965ccfc6d4b" outcome="Passed" testListId="8c84fa94-04c1-424b-9868-57a2d4851a1d" relativeResultsDirectory="dd464295-fe17-4bfb-b8a3-596903a2dd2c" />
    <UnitTestResult executionId="480f82f0-2e8e-4747-8f0a-f81a28083d8a" testId="79bd1953-4db7-3caa-f0fd-4f4eadc576c2" testName="ApplyFiltersCommand_ShouldQuerySystemLogs_InProvidedLanguage" computerName="DKSR-EFI-06" duration="00:00:00.0041380" startTime="2024-01-09T15:44:16.9355474+01:00" endTime="2024-01-09T15:44:16.9355474+01:00" testType="13cdc9d9-ddb5-4fa4-a97d-d965ccfc6d4b" outcome="Passed" testListId="8c84fa94-04c1-424b-9868-57a2d4851a1d" relativeResultsDirectory="480f82f0-2e8e-4747-8f0a-f81a28083d8a" />
    <UnitTestResult executionId="d4b8cfd2-1880-4fe5-bb6a-89aa966c422a" testId="2edfe6b5-618c-5934-1802-8d1b271b7a2d" testName="IsDisplayingAppliedFiltersOnly_ShouldBeFalse_ByDefault" computerName="DKSR-EFI-06" duration="00:00:00.0041313" startTime="2024-01-09T15:44:15.0605419+01:00" endTime="2024-01-09T15:44:15.0605419+01:00" testType="13cdc9d9-ddb5-4fa4-a97d-d965ccfc6d4b" outcome="Passed" testListId="8c84fa94-04c1-424b-9868-57a2d4851a1d" relativeResultsDirectory="d4b8cfd2-1880-4fe5-bb6a-89aa966c422a" />
    <UnitTestResult executionId="3924e68f-448f-4130-8029-9502e9fcc299" testId="39c3a435-d6af-0a21-0bab-b00c9e2b78d0" testName="ExportCommand_ShouldStartExport" computerName="DKSR-EFI-06" duration="00:00:00.0083078" startTime="2024-01-09T15:44:14.9667918+01:00" endTime="2024-01-09T15:44:14.9824172+01:00" testType="13cdc9d9-ddb5-4fa4-a97d-d965ccfc6d4b" outcome="Passed" testListId="8c84fa94-04c1-424b-9868-57a2d4851a1d" relativeResultsDirectory="3924e68f-448f-4130-8029-9502e9fcc299" />
    <UnitTestResult executionId="852dfb49-8995-42aa-b50e-abe197b01c57" testId="e54ed4ba-d89b-a9d5-364a-a66ae8ee81cc" testName="InitializeCommand_ShouldDoInitialFetchOfLogs" computerName="DKSR-EFI-06" duration="00:00:00.0507343" startTime="2024-01-09T15:44:14.1542899+01:00" endTime="2024-01-09T15:44:14.2167881+01:00" testType="13cdc9d9-ddb5-4fa4-a97d-d965ccfc6d4b" outcome="Passed" testListId="8c84fa94-04c1-424b-9868-57a2d4851a1d" relativeResultsDirectory="852dfb49-8995-42aa-b50e-abe197b01c57" />
    <UnitTestResult executionId="1cad601d-ef66-4724-990e-56148223f4bb" testId="c9fa1f47-7947-54be-37d7-f242aade189d" testName="LogExportCompleted_ShouldRegisterSourceType (Rule)" computerName="DKSR-EFI-06" duration="00:00:00.1454223" startTime="2024-01-09T15:44:18.3574249+01:00" endTime="2024-01-09T15:44:18.4980489+01:00" testType="13cdc9d9-ddb5-4fa4-a97d-d965ccfc6d4b" outcome="Passed" testListId="8c84fa94-04c1-424b-9868-57a2d4851a1d" relativeResultsDirectory="1cad601d-ef66-4724-990e-56148223f4bb" />
    <UnitTestResult executionId="19c9734a-5370-4d15-95e4-af36eb6706f9" testId="7e610db5-1d7d-cfde-d429-a40fd0fc3fce" testName="FromTime_ShouldBeAdjusted_IfToTimeIsSetToEarlierTime" computerName="DKSR-EFI-06" duration="00:00:00.0015447" startTime="2024-01-09T15:44:16.8574209+01:00" endTime="2024-01-09T15:44:16.8574209+01:00" testType="13cdc9d9-ddb5-4fa4-a97d-d965ccfc6d4b" outcome="Passed" testListId="8c84fa94-04c1-424b-9868-57a2d4851a1d" relativeResultsDirectory="19c9734a-5370-4d15-95e4-af36eb6706f9" />
    <UnitTestResult executionId="77b95175-c5d2-4a81-b170-772b7499cfbf" testId="aab1f6c5-c02d-5ec4-753c-bc7333feb735" testName="StartExportAsync_ShouldNotIncludeFiltersInTheRuleTriggeredLogExport_IfNoFiltersAreApplied (Category)" computerName="DKSR-EFI-06" duration="00:00:00.0034468" startTime="2024-01-09T15:44:17.2480482+01:00" endTime="2024-01-09T15:44:17.2637515+01:00" testType="13cdc9d9-ddb5-4fa4-a97d-d965ccfc6d4b" outcome="Passed" testListId="8c84fa94-04c1-424b-9868-57a2d4851a1d" relativeResultsDirectory="77b95175-c5d2-4a81-b170-772b7499cfbf" />
    <UnitTestResult executionId="9ea561f0-b47f-4432-851a-96604f5944b0" testId="10a08c80-843c-fb0a-33ef-74b9dc2de881" testName="StartExportAsync_ShouldIncludeFiltersInTheSystemLogExport_IfAnyApplied (Log level)" computerName="DKSR-EFI-06" duration="00:00:00.0072919" startTime="2024-01-09T15:44:17.1074211+01:00" endTime="2024-01-09T15:44:17.1074211+01:00" testType="13cdc9d9-ddb5-4fa4-a97d-d965ccfc6d4b" outcome="Passed" testListId="8c84fa94-04c1-424b-9868-57a2d4851a1d" relativeResultsDirectory="9ea561f0-b47f-4432-851a-96604f5944b0" />
    <UnitTestResult executionId="13713057-cb91-4c8d-a4ba-474ebf30a326" testId="7af781cd-399d-ab95-7bf8-2c61d76a11b4" testName="Constructors_ShouldNotAllowInjectionOfNulls" computerName="DKSR-EFI-06" duration="00:00:00.0017921" startTime="2024-01-09T15:44:16.7011710+01:00" endTime="2024-01-09T15:44:16.7011710+01:00" testType="13cdc9d9-ddb5-4fa4-a97d-d965ccfc6d4b" outcome="Passed" testListId="8c84fa94-04c1-424b-9868-57a2d4851a1d" relativeResultsDirectory="13713057-cb91-4c8d-a4ba-474ebf30a326" />
    <UnitTestResult executionId="0575b744-a52a-43bc-af72-304876afd40f" testId="c976be10-2f0e-aa32-010e-a701df3eea52" testName="LogExportStarted_ShouldGenerateCorrectParameters (Unknown)" computerName="DKSR-EFI-06" duration="00:00:00.0403054" startTime="2024-01-09T15:44:21.5449309+01:00" endTime="2024-01-09T15:44:21.5918055+01:00" testType="13cdc9d9-ddb5-4fa4-a97d-d965ccfc6d4b" outcome="Passed" testListId="8c84fa94-04c1-424b-9868-57a2d4851a1d" relativeResultsDirectory="0575b744-a52a-43bc-af72-304876afd40f" />
    <UnitTestResult executionId="5c8418de-9327-4da4-a0b1-2e53eecaddc3" testId="ff7a8a71-3fe4-d433-98e7-1a41e074107a" testName="ExportNameErrorMessage_ShouldNotBeNull_IfNameContainsInvalidCharacter (|)" computerName="DKSR-EFI-06" duration="00:00:00.0013743" startTime="2024-01-09T15:44:14.5136668+01:00" endTime="2024-01-09T15:44:14.5136668+01:00" testType="13cdc9d9-ddb5-4fa4-a97d-d965ccfc6d4b" outcome="Passed" testListId="8c84fa94-04c1-424b-9868-57a2d4851a1d" relativeResultsDirectory="5c8418de-9327-4da4-a0b1-2e53eecaddc3" />
    <UnitTestResult executionId="8495ac59-1cf1-422d-a8a0-dcfdbf1a1076" testId="d154ee83-1a54-69f4-120f-345cee659a58" testName="FetchLoglinesAsync_ShouldNotModify_WhatILogReaderProvides" computerName="DKSR-EFI-06" duration="00:00:00.1019334" startTime="2024-01-09T15:44:13.8886673+01:00" endTime="2024-01-09T15:44:13.9824158+01:00" testType="13cdc9d9-ddb5-4fa4-a97d-d965ccfc6d4b" outcome="Passed" testListId="8c84fa94-04c1-424b-9868-57a2d4851a1d" relativeResultsDirectory="8495ac59-1cf1-422d-a8a0-dcfdbf1a1076" />
    <UnitTestResult executionId="af586586-ae0b-473c-a81e-9bc227d432c9" testId="e35afa8f-18a8-fe75-188d-fb04ec177cd3" testName="LogExportCanceledToken_ShouldGenerateCorrectParameters (System)" computerName="DKSR-EFI-06" duration="00:00:00.0345384" startTime="2024-01-09T15:44:22.0605544+01:00" endTime="2024-01-09T15:44:22.0918063+01:00" testType="13cdc9d9-ddb5-4fa4-a97d-d965ccfc6d4b" outcome="Passed" testListId="8c84fa94-04c1-424b-9868-57a2d4851a1d" relativeResultsDirectory="af586586-ae0b-473c-a81e-9bc227d432c9" />
    <UnitTestResult executionId="49586256-ed2b-4c74-81a7-0ba259c6d6a4" testId="a80d2c88-6278-67cf-27d3-cf05ec5e6f40" testName="LogExportCompletedToken_ShouldWriteLogline (System)" computerName="DKSR-EFI-06" duration="00:00:00.0329333" startTime="2024-01-09T15:44:20.5605521+01:00" endTime="2024-01-09T15:44:20.5918029+01:00" testType="13cdc9d9-ddb5-4fa4-a97d-d965ccfc6d4b" outcome="Passed" testListId="8c84fa94-04c1-424b-9868-57a2d4851a1d" relativeResultsDirectory="49586256-ed2b-4c74-81a7-0ba259c6d6a4" />
    <UnitTestResult executionId="6280921b-8b7f-4dc6-9854-e29816d6e0a8" testId="ad0c55c7-8dbe-ee8e-f69a-9c17bcfe4e97" testName="StartExportAsync_ShouldIncludeFiltersInTheAuditLogExport_IfAnyApplied (User)" computerName="DKSR-EFI-06" duration="00:00:00.0029175" startTime="2024-01-09T15:44:17.1855483+01:00" endTime="2024-01-09T15:44:17.2011746+01:00" testType="13cdc9d9-ddb5-4fa4-a97d-d965ccfc6d4b" outcome="Passed" testListId="8c84fa94-04c1-424b-9868-57a2d4851a1d" relativeResultsDirectory="6280921b-8b7f-4dc6-9854-e29816d6e0a8" />
    <UnitTestResult executionId="9cc61c54-89fd-41a9-ad8b-4771f7d67f9a" testId="0276b01c-82f0-6e6b-db6d-72e6f6b0c4a1" testName="LogExportCompletedToken_ShouldRegisterSourceType (System)" computerName="DKSR-EFI-06" duration="00:00:00.0870565" startTime="2024-01-09T15:44:18.6074255+01:00" endTime="2024-01-09T15:44:18.6855520+01:00" testType="13cdc9d9-ddb5-4fa4-a97d-d965ccfc6d4b" outcome="Passed" testListId="8c84fa94-04c1-424b-9868-57a2d4851a1d" relativeResultsDirectory="9cc61c54-89fd-41a9-ad8b-4771f7d67f9a" />
    <UnitTestResult executionId="aa984320-f442-4b5e-ab3c-911e32bcb3f6" testId="dbb9b0e4-8d56-67a1-ad4d-3e9eddd46357" testName="StartExportAsync_ShouldNotIncludeFiltersInTheRuleTriggeredLogExport_IfNoFiltersAreApplied (Rule name)" computerName="DKSR-EFI-06" duration="00:00:00.0012091" startTime="2024-01-09T15:44:17.2792973+01:00" endTime="2024-01-09T15:44:17.2792973+01:00" testType="13cdc9d9-ddb5-4fa4-a97d-d965ccfc6d4b" outcome="Passed" testListId="8c84fa94-04c1-424b-9868-57a2d4851a1d" relativeResultsDirectory="aa984320-f442-4b5e-ab3c-911e32bcb3f6" />
    <UnitTestResult executionId="b0b91f3f-dad4-46b9-b9b1-efebe83f2b98" testId="4ab6305e-36f3-8dff-49f2-16d65e121481" testName="StartExportAsync_ShouldNotIncludeFiltersInTheAuditLogExport_IfNoFiltersAreApplied (Source name)" computerName="DKSR-EFI-06" duration="00:00:00.0016520" startTime="2024-01-09T15:44:17.2167993+01:00" endTime="2024-01-09T15:44:17.2167993+01:00" testType="13cdc9d9-ddb5-4fa4-a97d-d965ccfc6d4b" outcome="Passed" testListId="8c84fa94-04c1-424b-9868-57a2d4851a1d" relativeResultsDirectory="b0b91f3f-dad4-46b9-b9b1-efebe83f2b98" />
    <UnitTestResult executionId="2b181456-bd12-4a18-ad94-7a40fc4d6286" testId="d921a6e9-3ca7-340e-e5c2-ec845e022eaa" testName="FetchLoglinesAsync_ShouldUpdateLoglines_WithWhatILogReaderProvides" computerName="DKSR-EFI-06" duration="00:00:00.0047818" startTime="2024-01-09T15:44:16.7480479+01:00" endTime="2024-01-09T15:44:16.7636732+01:00" testType="13cdc9d9-ddb5-4fa4-a97d-d965ccfc6d4b" outcome="Passed" testListId="8c84fa94-04c1-424b-9868-57a2d4851a1d" relativeResultsDirectory="2b181456-bd12-4a18-ad94-7a40fc4d6286" />
    <UnitTestResult executionId="23d1e3ea-5096-4388-b04d-d2bce193f240" testId="bb09c01b-922c-f2b2-371b-4a326f96cac1" testName="StartExportAsync_ShouldIncludeFiltersInTheSystemLogExport_IfAnyApplied (Category)" computerName="DKSR-EFI-06" duration="00:00:00.0029207" startTime="2024-01-09T15:44:17.1230477+01:00" endTime="2024-01-09T15:44:17.1230477+01:00" testType="13cdc9d9-ddb5-4fa4-a97d-d965ccfc6d4b" outcome="Passed" testListId="8c84fa94-04c1-424b-9868-57a2d4851a1d" relativeResultsDirectory="23d1e3ea-5096-4388-b04d-d2bce193f240" />
    <UnitTestResult executionId="15986bc6-d216-41a7-9a2c-dd4a8eb8657e" testId="a7013049-7851-4a13-90e6-fa514b19fa5a" testName="ExportErrorMessage_ShouldBeNull_IfExportHasBeenCompletedSuccessfully" computerName="DKSR-EFI-06" duration="00:00:00.0035743" startTime="2024-01-09T15:44:17.0605483+01:00" endTime="2024-01-09T15:44:17.0605483+01:00" testType="13cdc9d9-ddb5-4fa4-a97d-d965ccfc6d4b" outcome="Passed" testListId="8c84fa94-04c1-424b-9868-57a2d4851a1d" relativeResultsDirectory="15986bc6-d216-41a7-9a2c-dd4a8eb8657e" />
    <UnitTestResult executionId="a38e9492-10f2-478d-9cc7-d785eda7c8ad" testId="18e27c0c-0446-ac82-10a9-013debd8222a" testName="LogExportStartedToken_ShouldWriteLogline (Rule)" computerName="DKSR-EFI-06" duration="00:00:00.0322771" startTime="2024-01-09T15:44:20.9355546+01:00" endTime="2024-01-09T15:44:20.9668049+01:00" testType="13cdc9d9-ddb5-4fa4-a97d-d965ccfc6d4b" outcome="Passed" testListId="8c84fa94-04c1-424b-9868-57a2d4851a1d" relativeResultsDirectory="a38e9492-10f2-478d-9cc7-d785eda7c8ad" />
    <UnitTestResult executionId="a5cb5947-2ef8-47e8-9c64-69f6b0cca7e3" testId="bc411907-762e-f7d3-616e-09d135af5a37" testName="LogExportCompleted_ShouldRegisterCategory (System)" computerName="DKSR-EFI-06" duration="00:00:00.0850493" startTime="2024-01-09T15:44:17.6699236+01:00" endTime="2024-01-09T15:44:17.7636735+01:00" testType="13cdc9d9-ddb5-4fa4-a97d-d965ccfc6d4b" outcome="Passed" testListId="8c84fa94-04c1-424b-9868-57a2d4851a1d" relativeResultsDirectory="a5cb5947-2ef8-47e8-9c64-69f6b0cca7e3" />
    <UnitTestResult executionId="d7fda65c-ad57-4687-928f-38687b5d5162" testId="ee50dc86-324f-5f3c-2a58-159bdcf1873c" testName="LogExportCanceledToken_ShouldWriteLogline (Unknown)" computerName="DKSR-EFI-06" duration="00:00:00.0302182" startTime="2024-01-09T15:44:21.0918050+01:00" endTime="2024-01-09T15:44:21.1230548+01:00" testType="13cdc9d9-ddb5-4fa4-a97d-d965ccfc6d4b" outcome="Passed" testListId="8c84fa94-04c1-424b-9868-57a2d4851a1d" relativeResultsDirectory="d7fda65c-ad57-4687-928f-38687b5d5162" />
    <UnitTestResult executionId="2d670627-e783-4c4f-b4d1-43f0e9463821" testId="61113905-133a-3e1c-d043-8e101e2fd4ec" testName="ExportPathErrorMessage__ShouldBeNull_IfPathIsValid" computerName="DKSR-EFI-06" duration="00:00:00.0054652" startTime="2024-01-09T15:44:14.9824172+01:00" endTime="2024-01-09T15:44:14.9824172+01:00" testType="13cdc9d9-ddb5-4fa4-a97d-d965ccfc6d4b" outcome="Passed" testListId="8c84fa94-04c1-424b-9868-57a2d4851a1d" relativeResultsDirectory="2d670627-e783-4c4f-b4d1-43f0e9463821" />
    <UnitTestResult executionId="fdb7d491-d5db-431c-9ad3-2805bf05fcca" testId="dd60bd08-4f2f-6027-6ce8-4ebea86bcba0" testName="StartExportAsync_ShouldIncludeFiltersInTheAuditLogExport_IfAnyApplied (Source name)" computerName="DKSR-EFI-06" duration="00:00:00.0027446" startTime="2024-01-09T15:44:17.1855483+01:00" endTime="2024-01-09T15:44:17.1855483+01:00" testType="13cdc9d9-ddb5-4fa4-a97d-d965ccfc6d4b" outcome="Passed" testListId="8c84fa94-04c1-424b-9868-57a2d4851a1d" relativeResultsDirectory="fdb7d491-d5db-431c-9ad3-2805bf05fcca" />
    <UnitTestResult executionId="e1d197a5-300e-4b86-a9c1-8c63f92b35e3" testId="75b5eebc-b3d3-bb16-520a-b3b1d6058d04" testName="ApplyFiltersCommand_ShouldSetTotalLoglinesCountValueTo100_WhenStartQuerySessionReturns100" computerName="DKSR-EFI-06" duration="00:00:00.0029283" startTime="2024-01-09T15:44:16.7949198+01:00" endTime="2024-01-09T15:44:16.7949198+01:00" testType="13cdc9d9-ddb5-4fa4-a97d-d965ccfc6d4b" outcome="Passed" testListId="8c84fa94-04c1-424b-9868-57a2d4851a1d" relativeResultsDirectory="e1d197a5-300e-4b86-a9c1-8c63f92b35e3" />
    <UnitTestResult executionId="8c3c0db0-ed41-450b-b8c9-9a025bf56731" testId="62db031b-f0f9-415f-93e9-ca22a9456c5a" testName="StartExportAsync_ShouldNotIncludeFiltersInTheAuditLogExport_IfNoFiltersAreApplied (Source type)" computerName="DKSR-EFI-06" duration="00:00:00.0017077" startTime="2024-01-09T15:44:17.2167993+01:00" endTime="2024-01-09T15:44:17.2167993+01:00" testType="13cdc9d9-ddb5-4fa4-a97d-d965ccfc6d4b" outcome="Passed" testListId="8c84fa94-04c1-424b-9868-57a2d4851a1d" relativeResultsDirectory="8c3c0db0-ed41-450b-b8c9-9a025bf56731" />
    <UnitTestResult executionId="ce558f87-da4f-4333-b626-1800355762bd" testId="0665573d-6704-8548-10c9-d20ded516d75" testName="FetchLoglinesAsync_ShouldDisplayErrorMessage_IfFetchLoglinesAsyncResultsInException" computerName="DKSR-EFI-06" duration="00:00:00.0035098" startTime="2024-01-09T15:44:16.9199221+01:00" endTime="2024-01-09T15:44:16.9199221+01:00" testType="13cdc9d9-ddb5-4fa4-a97d-d965ccfc6d4b" outcome="Passed" testListId="8c84fa94-04c1-424b-9868-57a2d4851a1d" relativeResultsDirectory="ce558f87-da4f-4333-b626-1800355762bd" />
    <UnitTestResult executionId="75113361-f4d4-4af0-a711-ffe41ed8f767" testId="8d62ae03-a1c7-b35c-fd3c-655dad65ccd0" testName="ExportNameErrorMessage_ShouldNotBeNull_IfFileAlreadyExists" computerName="DKSR-EFI-06" duration="00:00:00.1190210" startTime="2024-01-09T15:44:14.5292921+01:00" endTime="2024-01-09T15:44:14.6386696+01:00" testType="13cdc9d9-ddb5-4fa4-a97d-d965ccfc6d4b" outcome="Passed" testListId="8c84fa94-04c1-424b-9868-57a2d4851a1d" relativeResultsDirectory="75113361-f4d4-4af0-a711-ffe41ed8f767" />
    <UnitTestResult executionId="20bfa698-2c3e-49d3-a279-ff3750b38516" testId="1e930fbc-c4a6-80bc-e006-01ba9667acc1" testName="StartExportAsync_ShouldNotIncludeFiltersInTheSystemLogExport_IfNoFiltersAreApplied (Event type)" computerName="DKSR-EFI-06" duration="00:00:00.0016669" startTime="2024-01-09T15:44:17.1542976+01:00" endTime="2024-01-09T15:44:17.1699252+01:00" testType="13cdc9d9-ddb5-4fa4-a97d-d965ccfc6d4b" outcome="Passed" testListId="8c84fa94-04c1-424b-9868-57a2d4851a1d" relativeResultsDirectory="20bfa698-2c3e-49d3-a279-ff3750b38516" />
    <UnitTestResult executionId="27771673-6023-45d2-b35d-e242dc6da3c7" testId="e006e369-cdcf-10d4-bbb4-105fbc142dfd" testName="StartExportAsync_ShouldIncludeFiltersInTheAuditLogExport_IfAnyApplied (Category)" computerName="DKSR-EFI-06" duration="00:00:00.0054604" startTime="2024-01-09T15:44:17.1699252+01:00" endTime="2024-01-09T15:44:17.1699252+01:00" testType="13cdc9d9-ddb5-4fa4-a97d-d965ccfc6d4b" outcome="Passed" testListId="8c84fa94-04c1-424b-9868-57a2d4851a1d" relativeResultsDirectory="27771673-6023-45d2-b35d-e242dc6da3c7" />
    <UnitTestResult executionId="04f8a0c8-92ac-4451-8208-8765311c525a" testId="eb5ce628-8e13-63df-01c5-f204fe1dc426" testName="LogExportStartedToken_ShouldGenerateCorrectParameters (Unknown)" computerName="DKSR-EFI-06" duration="00:00:00.0413559" startTime="2024-01-09T15:44:21.7011793+01:00" endTime="2024-01-09T15:44:21.7480551+01:00" testType="13cdc9d9-ddb5-4fa4-a97d-d965ccfc6d4b" outcome="Passed" testListId="8c84fa94-04c1-424b-9868-57a2d4851a1d" relativeResultsDirectory="04f8a0c8-92ac-4451-8208-8765311c525a" />
    <UnitTestResult executionId="9b1cbb22-2920-405b-b6c5-792ac8549ea3" testId="11f9f4b2-5437-9cfe-2670-5f5232039722" testName="IsExportCompleted_ShouldBeFalse_ByDefault" computerName="DKSR-EFI-06" duration="00:00:00.0013567" startTime="2024-01-09T15:44:17.0136727+01:00" endTime="2024-01-09T15:44:17.0292960+01:00" testType="13cdc9d9-ddb5-4fa4-a97d-d965ccfc6d4b" outcome="Passed" testListId="8c84fa94-04c1-424b-9868-57a2d4851a1d" relativeResultsDirectory="9b1cbb22-2920-405b-b6c5-792ac8549ea3" />
    <UnitTestResult executionId="7b9d7dc8-7207-4dc5-bd45-a9e803af512c" testId="558c1804-1699-b553-0a2a-034e67dff26f" testName="FilterItems_ShouldOnlyDisplayFiltersThatStartsWithSearchText_WhenSearchTextIsNotEmpty" computerName="DKSR-EFI-06" duration="00:00:00.0050978" startTime="2024-01-09T15:44:15.1230444+01:00" endTime="2024-01-09T15:44:15.1230444+01:00" testType="13cdc9d9-ddb5-4fa4-a97d-d965ccfc6d4b" outcome="Passed" testListId="8c84fa94-04c1-424b-9868-57a2d4851a1d" relativeResultsDirectory="7b9d7dc8-7207-4dc5-bd45-a9e803af512c" />
    <UnitTestResult executionId="25398b82-1701-443b-9dd8-9fdce11faf5e" testId="54981a59-30e7-b290-ff1f-47c6157d20e2" testName="OpenExportDestinationFolderCommand_ShouldStartTheProcessThatOpensDestinationFolder" computerName="DKSR-EFI-06" duration="00:00:00.0101344" startTime="2024-01-09T15:44:14.6542909+01:00" endTime="2024-01-09T15:44:14.6542909+01:00" testType="13cdc9d9-ddb5-4fa4-a97d-d965ccfc6d4b" outcome="Passed" testListId="8c84fa94-04c1-424b-9868-57a2d4851a1d" relativeResultsDirectory="25398b82-1701-443b-9dd8-9fdce11faf5e" />
    <UnitTestResult executionId="29119e7c-687b-4fb2-8b05-34da7a37c26e" testId="92225fc8-16dd-2374-6ab7-a29bb5f3b8fe" testName="IsClearSearchVisible_ShouldBeFalse_IfSearchTextIsEmpty" computerName="DKSR-EFI-06" duration="00:00:00.0032743" startTime="2024-01-09T15:44:15.1074175+01:00" endTime="2024-01-09T15:44:15.1230444+01:00" testType="13cdc9d9-ddb5-4fa4-a97d-d965ccfc6d4b" outcome="Passed" testListId="8c84fa94-04c1-424b-9868-57a2d4851a1d" relativeResultsDirectory="29119e7c-687b-4fb2-8b05-34da7a37c26e" />
    <UnitTestResult executionId="db809bef-dd58-44ae-9074-5bece6f52f66" testId="2e75c949-3e69-abd0-4244-93d6fd5a6c18" testName="LogExportCanceled_ShouldGenerateCorrectParameters (Audit)" computerName="DKSR-EFI-06" duration="00:00:00.0376847" startTime="2024-01-09T15:44:21.9355542+01:00" endTime="2024-01-09T15:44:21.9824327+01:00" testType="13cdc9d9-ddb5-4fa4-a97d-d965ccfc6d4b" outcome="Passed" testListId="8c84fa94-04c1-424b-9868-57a2d4851a1d" relativeResultsDirectory="db809bef-dd58-44ae-9074-5bece6f52f66" />
    <UnitTestResult executionId="c3b5757b-6926-4ec0-a3cf-ac0c7297cc4a" testId="9cb11d1e-83aa-2c36-8cb8-f6bf767d1298" testName="Create_ShouldPassRuleLogTab_ToTheLogViewerPanelViewModelConstructor" computerName="DKSR-EFI-06" duration="00:00:00.0022252" startTime="2024-01-09T15:44:16.6699207+01:00" endTime="2024-01-09T15:44:16.6699207+01:00" testType="13cdc9d9-ddb5-4fa4-a97d-d965ccfc6d4b" outcome="Passed" testListId="8c84fa94-04c1-424b-9868-57a2d4851a1d" relativeResultsDirectory="c3b5757b-6926-4ec0-a3cf-ac0c7297cc4a" />
    <UnitTestResult executionId="b14bf775-36ed-4c1c-9bd0-3a009d107f43" testId="7d565b20-c1b2-8847-844d-f63c71bcb6a5" testName="Create_ShouldPassSystemLogTab_ToTheLogViewerPanelViewModelConstructor" computerName="DKSR-EFI-06" duration="00:00:00.0031196" startTime="2024-01-09T15:44:16.6699207+01:00" endTime="2024-01-09T15:44:16.6699207+01:00" testType="13cdc9d9-ddb5-4fa4-a97d-d965ccfc6d4b" outcome="Passed" testListId="8c84fa94-04c1-424b-9868-57a2d4851a1d" relativeResultsDirectory="b14bf775-36ed-4c1c-9bd0-3a009d107f43" />
    <UnitTestResult executionId="3d7c0eba-1383-4cd4-b12e-26f52022f332" testId="69e659af-b277-b8a6-a1d2-ae2dddaefff7" testName="ExportNameErrorMessage_ShouldNotBeNull_IfNameContainsInvalidCharacter (*)" computerName="DKSR-EFI-06" duration="00:00:00.0013208" startTime="2024-01-09T15:44:14.4980445+01:00" endTime="2024-01-09T15:44:14.4980445+01:00" testType="13cdc9d9-ddb5-4fa4-a97d-d965ccfc6d4b" outcome="Passed" testListId="8c84fa94-04c1-424b-9868-57a2d4851a1d" relativeResultsDirectory="3d7c0eba-1383-4cd4-b12e-26f52022f332" />
    <UnitTestResult executionId="50113edb-4cfa-4388-ad23-60adf29b32a9" testId="ef365e9f-179f-bed4-eb9b-f2e5076c2ba8" testName="LogExportCompletedToken_ShouldWriteLogline (Rule)" computerName="DKSR-EFI-06" duration="00:00:00.0374252" startTime="2024-01-09T15:44:20.6386754+01:00" endTime="2024-01-09T15:44:20.6699269+01:00" testType="13cdc9d9-ddb5-4fa4-a97d-d965ccfc6d4b" outcome="Passed" testListId="8c84fa94-04c1-424b-9868-57a2d4851a1d" relativeResultsDirectory="50113edb-4cfa-4388-ad23-60adf29b32a9" />
    <UnitTestResult executionId="8eb2b1b8-dff9-4734-abd1-d1692380e794" testId="acbca94e-4023-0e4f-af60-f647afe1dc60" testName="LogExportCompleted_ShouldRegisterCategory (Rule)" computerName="DKSR-EFI-06" duration="00:00:00.0542762" startTime="2024-01-09T15:44:17.8105484+01:00" endTime="2024-01-09T15:44:17.8730486+01:00" testType="13cdc9d9-ddb5-4fa4-a97d-d965ccfc6d4b" outcome="Passed" testListId="8c84fa94-04c1-424b-9868-57a2d4851a1d" relativeResultsDirectory="8eb2b1b8-dff9-4734-abd1-d1692380e794" />
    <UnitTestResult executionId="1520fa32-f5d1-434d-a956-223ce88f7aa9" testId="d55f7045-cb14-0f93-4610-ae875d162f50" testName="IsExportCompleted_ShouldBeTrue_IfExportHasFinished" computerName="DKSR-EFI-06" duration="00:00:00.0034135" startTime="2024-01-09T15:44:17.0292960+01:00" endTime="2024-01-09T15:44:17.0292960+01:00" testType="13cdc9d9-ddb5-4fa4-a97d-d965ccfc6d4b" outcome="Passed" testListId="8c84fa94-04c1-424b-9868-57a2d4851a1d" relativeResultsDirectory="1520fa32-f5d1-434d-a956-223ce88f7aa9" />
    <UnitTestResult executionId="a9a11bd4-92ae-4d3d-81bd-bf89fe92d7d5" testId="66506cad-9568-adef-6358-8d867534e973" testName="ExportCommand_ShouldNotStart_IfDirectoryIsInvalid" computerName="DKSR-EFI-06" duration="00:00:00.0064804" startTime="2024-01-09T15:44:15.0136663+01:00" endTime="2024-01-09T15:44:15.0136663+01:00" testType="13cdc9d9-ddb5-4fa4-a97d-d965ccfc6d4b" outcome="Passed" testListId="8c84fa94-04c1-424b-9868-57a2d4851a1d" relativeResultsDirectory="a9a11bd4-92ae-4d3d-81bd-bf89fe92d7d5" />
    <UnitTestResult executionId="04ac45b3-f08e-4dae-b94a-5d4024fc0f05" testId="8c45dbfe-56ff-d955-7ae7-c04fd74409c5" testName="LogExportCompletedToken_ShouldRegisterSourceType (Unknown)" computerName="DKSR-EFI-06" duration="00:00:00.0929314" startTime="2024-01-09T15:44:18.5136756+01:00" endTime="2024-01-09T15:44:18.6074255+01:00" testType="13cdc9d9-ddb5-4fa4-a97d-d965ccfc6d4b" outcome="Passed" testListId="8c84fa94-04c1-424b-9868-57a2d4851a1d" relativeResultsDirectory="04ac45b3-f08e-4dae-b94a-5d4024fc0f05" />
    <UnitTestResult executionId="17bd9fde-1ace-4039-b95d-c247ebe68910" testId="b2c8be69-db24-85a1-ff90-ae1867ec1a65" testName="Title_ShouldNotBeNullOrEmpty" computerName="DKSR-EFI-06" duration="00:00:00.0032034" startTime="2024-01-09T15:44:13.8730425+01:00" endTime="2024-01-09T15:44:13.8730425+01:00" testType="13cdc9d9-ddb5-4fa4-a97d-d965ccfc6d4b" outcome="Passed" testListId="8c84fa94-04c1-424b-9868-57a2d4851a1d" relativeResultsDirectory="17bd9fde-1ace-4039-b95d-c247ebe68910" />
    <UnitTestResult executionId="3753952f-26e3-4584-ae5c-fb79a4dca9f4" testId="06c9159f-2b66-12d8-2469-a42ec62bc921" testName="ExportCommand_ShouldCreateExportDirectory_IfItDoesNotExist" computerName="DKSR-EFI-06" duration="00:00:00.0143603" startTime="2024-01-09T15:44:14.9511684+01:00" endTime="2024-01-09T15:44:14.9667918+01:00" testType="13cdc9d9-ddb5-4fa4-a97d-d965ccfc6d4b" outcome="Passed" testListId="8c84fa94-04c1-424b-9868-57a2d4851a1d" relativeResultsDirectory="3753952f-26e3-4584-ae5c-fb79a4dca9f4" />
    <UnitTestResult executionId="555d69c8-cb34-4755-8673-0f5aaba09c0a" testId="0078f6a4-8b3a-f044-0781-bb221f605c9c" testName="LogExportCompleted_ShouldRegisterSourceType (Unknown)" computerName="DKSR-EFI-06" duration="00:00:00.0949712" startTime="2024-01-09T15:44:18.0917997+01:00" endTime="2024-01-09T15:44:18.1855526+01:00" testType="13cdc9d9-ddb5-4fa4-a97d-d965ccfc6d4b" outcome="Passed" testListId="8c84fa94-04c1-424b-9868-57a2d4851a1d" relativeResultsDirectory="555d69c8-cb34-4755-8673-0f5aaba09c0a" />
    <UnitTestResult executionId="d3d58876-85fd-4401-a83d-9d9e1d788751" testId="fc1760ec-6935-b01e-bdee-1df8974d3a4e" testName="LogExportStarted_ShouldGenerateCorrectParameters (Rule)" computerName="DKSR-EFI-06" duration="00:00:00.0317400" startTime="2024-01-09T15:44:21.6699287+01:00" endTime="2024-01-09T15:44:21.7011793+01:00" testType="13cdc9d9-ddb5-4fa4-a97d-d965ccfc6d4b" outcome="Passed" testListId="8c84fa94-04c1-424b-9868-57a2d4851a1d" relativeResultsDirectory="d3d58876-85fd-4401-a83d-9d9e1d788751" />
    <UnitTestResult executionId="89505c10-c81c-488f-bdac-7943ef12542d" testId="a98b22fe-39ac-3b1a-c806-25955547cf41" testName="LogExportCanceled_ShouldWriteLogline (Rule)" computerName="DKSR-EFI-06" duration="00:00:00.0266701" startTime="2024-01-09T15:44:21.0605536+01:00" endTime="2024-01-09T15:44:21.0918050+01:00" testType="13cdc9d9-ddb5-4fa4-a97d-d965ccfc6d4b" outcome="Passed" testListId="8c84fa94-04c1-424b-9868-57a2d4851a1d" relativeResultsDirectory="89505c10-c81c-488f-bdac-7943ef12542d" />
    <UnitTestResult executionId="7f9567f7-2dfe-46ac-8955-7ee81b4e334d" testId="f3aff6bd-0f55-e38d-3afe-49f1127fe0bf" testName="LogExportStarted_ShouldGenerateCorrectParameters (Audit)" computerName="DKSR-EFI-06" duration="00:00:00.0363260" startTime="2024-01-09T15:44:21.6230579+01:00" endTime="2024-01-09T15:44:21.6699287+01:00" testType="13cdc9d9-ddb5-4fa4-a97d-d965ccfc6d4b" outcome="Passed" testListId="8c84fa94-04c1-424b-9868-57a2d4851a1d" relativeResultsDirectory="7f9567f7-2dfe-46ac-8955-7ee81b4e334d" />
    <UnitTestResult executionId="050a45ef-34cd-4695-b73b-cf8db0278195" testId="a86b19d1-7d54-77e4-cbda-8b991fbdd349" testName="NumberOfAppliedFilters_ShouldBeTwo_IfNumberOfAppliedFiltersIsTwo" computerName="DKSR-EFI-06" duration="00:00:00.0035760" startTime="2024-01-09T15:44:15.0917934+01:00" endTime="2024-01-09T15:44:15.0917934+01:00" testType="13cdc9d9-ddb5-4fa4-a97d-d965ccfc6d4b" outcome="Passed" testListId="8c84fa94-04c1-424b-9868-57a2d4851a1d" relativeResultsDirectory="050a45ef-34cd-4695-b73b-cf8db0278195" />
    <UnitTestResult executionId="b184c4ce-706d-4a50-b0ec-e8b0ccc164e1" testId="655a0c13-4b4e-d198-f983-c02395713772" testName="StartExportAsync_ShouldIncludeFiltersInTheRuleTriggeredLogExport_IfAnyApplied (Service name)" computerName="DKSR-EFI-06" duration="00:00:00.0027402" startTime="2024-01-09T15:44:17.2480482+01:00" endTime="2024-01-09T15:44:17.2480482+01:00" testType="13cdc9d9-ddb5-4fa4-a97d-d965ccfc6d4b" outcome="Passed" testListId="8c84fa94-04c1-424b-9868-57a2d4851a1d" relativeResultsDirectory="b184c4ce-706d-4a50-b0ec-e8b0ccc164e1" />
    <UnitTestResult executionId="42d03d24-b252-43e2-ad08-63fac41ff505" testId="b0531a94-776b-6394-02a1-ffe9fd4ea1d9" testName="StartExportAsync_ShouldNotIncludeFiltersInTheSystemLogExport_IfNoFiltersAreApplied (Source type)" computerName="DKSR-EFI-06" duration="00:00:00.0016337" startTime="2024-01-09T15:44:17.1542976+01:00" endTime="2024-01-09T15:44:17.1542976+01:00" testType="13cdc9d9-ddb5-4fa4-a97d-d965ccfc6d4b" outcome="Passed" testListId="8c84fa94-04c1-424b-9868-57a2d4851a1d" relativeResultsDirectory="42d03d24-b252-43e2-ad08-63fac41ff505" />
    <UnitTestResult executionId="69eac79a-912c-46f7-bb42-f694023754fd" testId="d4a7e8af-a8a5-68e4-52b9-ebc6a68e378e" testName="LogExportCompleted_ShouldWriteLogline (System)" computerName="DKSR-EFI-06" duration="00:00:00.0324032" startTime="2024-01-09T15:44:20.4043036+01:00" endTime="2024-01-09T15:44:20.4355983+01:00" testType="13cdc9d9-ddb5-4fa4-a97d-d965ccfc6d4b" outcome="Passed" testListId="8c84fa94-04c1-424b-9868-57a2d4851a1d" relativeResultsDirectory="69eac79a-912c-46f7-bb42-f694023754fd" />
    <UnitTestResult executionId="b9ee5870-17d6-4376-81f0-c767ea20f949" testId="59137ad3-dd40-f13c-46d7-387be05a7947" testName="LogExportCompleted_ShouldRegisterSourceType (System)" computerName="DKSR-EFI-06" duration="00:00:00.0850153" startTime="2024-01-09T15:44:18.1855526+01:00" endTime="2024-01-09T15:44:18.2636773+01:00" testType="13cdc9d9-ddb5-4fa4-a97d-d965ccfc6d4b" outcome="Passed" testListId="8c84fa94-04c1-424b-9868-57a2d4851a1d" relativeResultsDirectory="b9ee5870-17d6-4376-81f0-c767ea20f949" />
    <UnitTestResult executionId="6d2310de-5a12-4e23-8c74-367ccf5ebe7c" testId="4a09a532-8559-9191-76ed-2f4287fed6da" testName="LogExportCompletedToken_ShouldRegisterSourceType (Audit)" computerName="DKSR-EFI-06" duration="00:00:00.0867125" startTime="2024-01-09T15:44:18.6855520+01:00" endTime="2024-01-09T15:44:18.7793009+01:00" testType="13cdc9d9-ddb5-4fa4-a97d-d965ccfc6d4b" outcome="Passed" testListId="8c84fa94-04c1-424b-9868-57a2d4851a1d" relativeResultsDirectory="6d2310de-5a12-4e23-8c74-367ccf5ebe7c" />
    <UnitTestResult executionId="869ff182-6ff3-442f-9d25-49740c5aa736" testId="922e5e25-c746-2e21-b443-91140270536a" testName="Dispose_ShouldEndStartedQuerySession" computerName="DKSR-EFI-06" duration="00:00:00.0027462" startTime="2024-01-09T15:44:16.8417967+01:00" endTime="2024-01-09T15:44:16.8417967+01:00" testType="13cdc9d9-ddb5-4fa4-a97d-d965ccfc6d4b" outcome="Passed" testListId="8c84fa94-04c1-424b-9868-57a2d4851a1d" relativeResultsDirectory="869ff182-6ff3-442f-9d25-49740c5aa736" />
    <UnitTestResult executionId="2204862a-0c25-4e88-9e57-fc90e72936b7" testId="49a9aa3d-491b-c384-6063-8e962a49f145" testName="StartExportAsync_ShouldIncludeFiltersInTheRuleTriggeredLogExport_IfAnyApplied (Event type)" computerName="DKSR-EFI-06" duration="00:00:00.0046204" startTime="2024-01-09T15:44:17.2324230+01:00" endTime="2024-01-09T15:44:17.2480482+01:00" testType="13cdc9d9-ddb5-4fa4-a97d-d965ccfc6d4b" outcome="Passed" testListId="8c84fa94-04c1-424b-9868-57a2d4851a1d" relativeResultsDirectory="2204862a-0c25-4e88-9e57-fc90e72936b7" />
    <UnitTestResult executionId="b548e402-032e-41de-a6c5-2828c76f08d0" testId="8e51e57a-3c02-7b6a-ed8f-50f5d97d3f98" testName="ExportNameErrorMessage_ShouldNotBeNull_IfNameContainsInvalidCharacter (\)" computerName="DKSR-EFI-06" duration="00:00:00.0064591" startTime="2024-01-09T15:44:14.4667942+01:00" endTime="2024-01-09T15:44:14.4824163+01:00" testType="13cdc9d9-ddb5-4fa4-a97d-d965ccfc6d4b" outcome="Passed" testListId="8c84fa94-04c1-424b-9868-57a2d4851a1d" relativeResultsDirectory="b548e402-032e-41de-a6c5-2828c76f08d0" />
    <UnitTestResult executionId="8204d7e1-202a-4c1a-96fe-9f844c83e20a" testId="b173cab0-24f0-bb45-ec78-d05cb226f5fa" testName="CancelCommand_ShouldCloseTheWindow" computerName="DKSR-EFI-06" duration="00:00:00.0190571" startTime="2024-01-09T15:44:14.8261680+01:00" endTime="2024-01-09T15:44:14.8417917+01:00" testType="13cdc9d9-ddb5-4fa4-a97d-d965ccfc6d4b" outcome="Passed" testListId="8c84fa94-04c1-424b-9868-57a2d4851a1d" relativeResultsDirectory="8204d7e1-202a-4c1a-96fe-9f844c83e20a" />
    <UnitTestResult executionId="9654116b-12c2-467c-83d4-f7f817594180" testId="2cf32896-49e0-12a4-cb75-3843a913b5a3" testName="StartExportAsync_ShouldIncludeFiltersInTheSystemLogExport_IfAnyApplied (Event type)" computerName="DKSR-EFI-06" duration="00:00:00.0035729" startTime="2024-01-09T15:44:17.1386733+01:00" endTime="2024-01-09T15:44:17.1386733+01:00" testType="13cdc9d9-ddb5-4fa4-a97d-d965ccfc6d4b" outcome="Passed" testListId="8c84fa94-04c1-424b-9868-57a2d4851a1d" relativeResultsDirectory="9654116b-12c2-467c-83d4-f7f817594180" />
    <UnitTestResult executionId="67cd2a09-4648-4811-b40f-d95daeabc8b1" testId="c8fea2e0-ac92-b2c4-6779-b2f2307a2f99" testName="StartExportAsync_ShouldIncludeFiltersInTheSystemLogExport_IfAnyApplied (Source type)" computerName="DKSR-EFI-06" duration="00:00:00.0032599" startTime="2024-01-09T15:44:17.1230477+01:00" endTime="2024-01-09T15:44:17.1230477+01:00" testType="13cdc9d9-ddb5-4fa4-a97d-d965ccfc6d4b" outcome="Passed" testListId="8c84fa94-04c1-424b-9868-57a2d4851a1d" relativeResultsDirectory="67cd2a09-4648-4811-b40f-d95daeabc8b1" />
    <UnitTestResult executionId="c15fe169-68aa-425a-8ccc-fbf0cba56ae7" testId="4859d64b-764d-8b33-a00c-cc2e453060e3" testName="FetchLoglinesAsync_ShouldFetchLoglines_IfPreviousCallIsComplete" computerName="DKSR-EFI-06" duration="00:00:00.0125310" startTime="2024-01-09T15:44:14.0136656+01:00" endTime="2024-01-09T15:44:14.0136656+01:00" testType="13cdc9d9-ddb5-4fa4-a97d-d965ccfc6d4b" outcome="Passed" testListId="8c84fa94-04c1-424b-9868-57a2d4851a1d" relativeResultsDirectory="c15fe169-68aa-425a-8ccc-fbf0cba56ae7" />
    <UnitTestResult executionId="8633b87a-3dbf-4619-b2df-93ba9b52e9d2" testId="50a08999-0061-8bd9-dcfe-a19025895ad4" testName="LogExportCompletedToken_ShouldRegisterCategory (System)" computerName="DKSR-EFI-06" duration="00:00:00.0452984" startTime="2024-01-09T15:44:17.9355501+01:00" endTime="2024-01-09T15:44:17.9824255+01:00" testType="13cdc9d9-ddb5-4fa4-a97d-d965ccfc6d4b" outcome="Passed" testListId="8c84fa94-04c1-424b-9868-57a2d4851a1d" relativeResultsDirectory="8633b87a-3dbf-4619-b2df-93ba9b52e9d2" />
    <UnitTestResult executionId="7ee72be8-db4f-415a-aab5-74c5af24b31a" testId="3cd90f92-2f08-8ede-8de4-190d94c5a61f" testName="StartExportAsync_ShouldNotIncludeFiltersInTheRuleTriggeredLogExport_IfNoFiltersAreApplied (Event type)" computerName="DKSR-EFI-06" duration="00:00:00.0017598" startTime="2024-01-09T15:44:17.2637515+01:00" endTime="2024-01-09T15:44:17.2792973+01:00" testType="13cdc9d9-ddb5-4fa4-a97d-d965ccfc6d4b" outcome="Passed" testListId="8c84fa94-04c1-424b-9868-57a2d4851a1d" relativeResultsDirectory="7ee72be8-db4f-415a-aab5-74c5af24b31a" />
    <UnitTestResult executionId="5fbbc24c-8493-4521-9479-3547efb3c441" testId="1452bdee-6c6c-48e4-e741-367a46d1f13b" testName="LogExportCompletedToken_ShouldRegisterCategory (Unknown)" computerName="DKSR-EFI-06" duration="00:00:00.0575283" startTime="2024-01-09T15:44:17.8730486+01:00" endTime="2024-01-09T15:44:17.9355501+01:00" testType="13cdc9d9-ddb5-4fa4-a97d-d965ccfc6d4b" outcome="Passed" testListId="8c84fa94-04c1-424b-9868-57a2d4851a1d" relativeResultsDirectory="5fbbc24c-8493-4521-9479-3547efb3c441" />
    <UnitTestResult executionId="cfa3d360-2433-43e2-9d84-9855e50165f8" testId="9ef4cb83-58ea-3348-3a4a-1820abc8c147" testName="FromTime_ShouldBeAdjusted_IfToTimeIsSetToEarlierTime" computerName="DKSR-EFI-06" duration="00:00:00.0016181" startTime="2024-01-09T15:44:13.8886673+01:00" endTime="2024-01-09T15:44:13.8886673+01:00" testType="13cdc9d9-ddb5-4fa4-a97d-d965ccfc6d4b" outcome="Passed" testListId="8c84fa94-04c1-424b-9868-57a2d4851a1d" relativeResultsDirectory="cfa3d360-2433-43e2-9d84-9855e50165f8" />
    <UnitTestResult executionId="ce9684bf-fe88-4fa9-9fd8-71c16b32fbc6" testId="44926e15-2a81-d33c-d39d-a458d53ad743" testName="OnScrollChanged_ShouldTriggerFetchingMoreLoglines (True,100,100,True)" computerName="DKSR-EFI-06" duration="00:00:00.0283584" startTime="2024-01-09T15:44:13.7324153+01:00" endTime="2024-01-09T15:44:13.7636653+01:00" testType="13cdc9d9-ddb5-4fa4-a97d-d965ccfc6d4b" outcome="Passed" testListId="8c84fa94-04c1-424b-9868-57a2d4851a1d" relativeResultsDirectory="ce9684bf-fe88-4fa9-9fd8-71c16b32fbc6" />
    <UnitTestResult executionId="3a8e6cad-074f-4a05-90b2-0ffcb2f28fe1" testId="59c4ad07-185c-cdff-7011-256643f401a2" testName="ClearFilter_ShouldDeselectGivenFilter" computerName="DKSR-EFI-06" duration="00:00:00.0120430" startTime="2024-01-09T15:44:15.1855428+01:00" endTime="2024-01-09T15:44:15.1855428+01:00" testType="13cdc9d9-ddb5-4fa4-a97d-d965ccfc6d4b" outcome="Passed" testListId="8c84fa94-04c1-424b-9868-57a2d4851a1d" relativeResultsDirectory="3a8e6cad-074f-4a05-90b2-0ffcb2f28fe1" />
    <UnitTestResult executionId="f5e6e900-bd3d-4d36-8684-9a9887a0ad66" testId="ccab813f-7695-9245-f20d-f7fc3e92ed1f" testName="FetchLoglinesAsync_ShouldDisplayErrorMessage_IfFetchLoglinesAsyncResultsInException" computerName="DKSR-EFI-06" duration="00:00:00.0038223" startTime="2024-01-09T15:44:16.7949198+01:00" endTime="2024-01-09T15:44:16.7949198+01:00" testType="13cdc9d9-ddb5-4fa4-a97d-d965ccfc6d4b" outcome="Passed" testListId="8c84fa94-04c1-424b-9868-57a2d4851a1d" relativeResultsDirectory="f5e6e900-bd3d-4d36-8684-9a9887a0ad66" />
    <UnitTestResult executionId="7dbc2643-3c11-47f8-8816-bd6de914030a" testId="45304466-fdf7-335e-8a7b-9b72ad76c4de" testName="ExportNameErrorMessage_ShouldNotBeNull_IfNameContainsInvalidCharacter (?)" computerName="DKSR-EFI-06" duration="00:00:00.0013930" startTime="2024-01-09T15:44:14.5136668+01:00" endTime="2024-01-09T15:44:14.5136668+01:00" testType="13cdc9d9-ddb5-4fa4-a97d-d965ccfc6d4b" outcome="Passed" testListId="8c84fa94-04c1-424b-9868-57a2d4851a1d" relativeResultsDirectory="7dbc2643-3c11-47f8-8816-bd6de914030a" />
    <UnitTestResult executionId="f632be6e-8324-4dc4-bb7c-4665001d242c" testId="f8c551bb-0a3d-688a-3234-2e8b907647f9" testName="ExportNameErrorMessage_ShouldBeNull_IfFileDoesNotExist" computerName="DKSR-EFI-06" duration="00:00:00.0022869" startTime="2024-01-09T15:44:14.6386696+01:00" endTime="2024-01-09T15:44:14.6542909+01:00" testType="13cdc9d9-ddb5-4fa4-a97d-d965ccfc6d4b" outcome="Passed" testListId="8c84fa94-04c1-424b-9868-57a2d4851a1d" relativeResultsDirectory="f632be6e-8324-4dc4-bb7c-4665001d242c" />
  </Results>
  <TestDefinitions>
    <UnitTest name="LogExportCanceledToken_ShouldWriteLogline (Rule)" storage="d:\actions-runner\_work\xpco\xpco\logserver\viewer\videoos.logviewer.tests\bin\debug\videoos.logviewer.tests.dll" id="27c9e1cd-91bb-4d47-c4ee-d4769f21248b">
      <Execution id="67164748-13c6-44c9-ab28-ca0355b5650c" />
      <TestMethod codeBase="D:\actions-runner\_work\XPCO\XPCO\LogServer\Viewer\VideoOS.LogViewer.Tests\bin\Debug\VideoOS.LogViewer.Tests.dll" adapterTypeName="executor://mstestadapter/v2" className="VideoOS.LogViewer.Tests.AuditLog.AuditLoggerTests" name="LogExportCanceledToken_ShouldWriteLogline" />
    </UnitTest>
    <UnitTest name="LogExportStartedToken_ShouldGenerateCorrectParameters (Audit)" storage="d:\actions-runner\_work\xpco\xpco\logserver\viewer\videoos.logviewer.tests\bin\debug\videoos.logviewer.tests.dll" id="2229c534-da94-45f7-2125-82548cf95d7b">
      <Execution id="3ce54239-c5a3-4515-bdac-6bc997595f34" />
      <TestMethod codeBase="D:\actions-runner\_work\XPCO\XPCO\LogServer\Viewer\VideoOS.LogViewer.Tests\bin\Debug\VideoOS.LogViewer.Tests.dll" adapterTypeName="executor://mstestadapter/v2" className="VideoOS.LogViewer.Tests.AuditLog.AuditLoggerTests" name="LogExportStartedToken_ShouldGenerateCorrectParameters" />
    </UnitTest>
    <UnitTest name="ApplyFiltersCommand_ShouldDisplayErrorMessage_IfStartQuerySessionAsyncResultsInException" storage="d:\actions-runner\_work\xpco\xpco\logserver\viewer\videoos.logviewer.tests\bin\debug\videoos.logviewer.tests.dll" id="719ce3f2-ec61-ddfe-fcc3-35300594a748">
      <Execution id="556f5aa3-a6a4-447a-afb2-088fbd859379" />
      <TestMethod codeBase="D:\actions-runner\_work\XPCO\XPCO\LogServer\Viewer\VideoOS.LogViewer.Tests\bin\Debug\VideoOS.LogViewer.Tests.dll" adapterTypeName="executor://mstestadapter/v2" className="VideoOS.LogViewer.Tests.UI.ViewModels.RuleLogTabViewModelTests" name="ApplyFiltersCommand_ShouldDisplayErrorMessage_IfStartQuerySessionAsyncResultsInException" />
    </UnitTest>
    <UnitTest name="ExportCommand_ShouldNotStart_IfDirectoryIsIllegal" storage="d:\actions-runner\_work\xpco\xpco\logserver\viewer\videoos.logviewer.tests\bin\debug\videoos.logviewer.tests.dll" id="e2b126ed-cabd-3020-7d1e-dc58a2587c29">
      <Execution id="053a7ef1-61cb-458a-a098-56914cf8fd92" />
      <TestMethod codeBase="D:\actions-runner\_work\XPCO\XPCO\LogServer\Viewer\VideoOS.LogViewer.Tests\bin\Debug\VideoOS.LogViewer.Tests.dll" adapterTypeName="executor://mstestadapter/v2" className="VideoOS.LogViewer.Tests.UI.ViewModels.ExportWindowViewModelTests" name="ExportCommand_ShouldNotStart_IfDirectoryIsIllegal" />
    </UnitTest>
    <UnitTest name="StartExportAsync_ShouldIncludeFiltersInTheRuleTriggeredLogExport_IfAnyApplied (Source name)" storage="d:\actions-runner\_work\xpco\xpco\logserver\viewer\videoos.logviewer.tests\bin\debug\videoos.logviewer.tests.dll" id="64d72f06-50c1-cd68-6b37-f115b725bc6d">
      <Execution id="979b381b-6835-4f02-b2db-bc19e0ed0151" />
      <TestMethod codeBase="D:\actions-runner\_work\XPCO\XPCO\LogServer\Viewer\VideoOS.LogViewer.Tests\bin\Debug\VideoOS.LogViewer.Tests.dll" adapterTypeName="executor://mstestadapter/v2" className="VideoOS.LogViewer.Tests.Export.CSVExportHandlerTests" name="StartExportAsync_ShouldIncludeFiltersInTheRuleTriggeredLogExport_IfAnyApplied" />
    </UnitTest>
    <UnitTest name="ExportNameErrorMessage_ShouldNotBeNull_IfNameContainsInvalidCharacter (:)" storage="d:\actions-runner\_work\xpco\xpco\logserver\viewer\videoos.logviewer.tests\bin\debug\videoos.logviewer.tests.dll" id="95398926-2d94-5561-87ed-26fd6015c30f">
      <Execution id="9eafeeab-cae8-4f8f-b48d-05f09a8deae7" />
      <TestMethod codeBase="D:\actions-runner\_work\XPCO\XPCO\LogServer\Viewer\VideoOS.LogViewer.Tests\bin\Debug\VideoOS.LogViewer.Tests.dll" adapterTypeName="executor://mstestadapter/v2" className="VideoOS.LogViewer.Tests.UI.ViewModels.ExportWindowViewModelTests" name="ExportNameErrorMessage_ShouldNotBeNull_IfNameContainsInvalidCharacter" />
    </UnitTest>
    <UnitTest name="StartExportAsync_ShouldIncludeFiltersInTheAuditLogExport_IfAnyApplied (User)" storage="d:\actions-runner\_work\xpco\xpco\logserver\viewer\videoos.logviewer.tests\bin\debug\videoos.logviewer.tests.dll" id="ad0c55c7-8dbe-ee8e-f69a-9c17bcfe4e97">
      <Execution id="6280921b-8b7f-4dc6-9854-e29816d6e0a8" />
      <TestMethod codeBase="D:\actions-runner\_work\XPCO\XPCO\LogServer\Viewer\VideoOS.LogViewer.Tests\bin\Debug\VideoOS.LogViewer.Tests.dll" adapterTypeName="executor://mstestadapter/v2" className="VideoOS.LogViewer.Tests.Export.CSVExportHandlerTests" name="StartExportAsync_ShouldIncludeFiltersInTheAuditLogExport_IfAnyApplied" />
    </UnitTest>
    <UnitTest name="LogExportCompleted_ShouldRegisterCategory (Unknown)" storage="d:\actions-runner\_work\xpco\xpco\logserver\viewer\videoos.logviewer.tests\bin\debug\videoos.logviewer.tests.dll" id="e1c225f2-3a2c-e335-2d5f-0365ac0c5a83">
      <Execution id="824de33d-25c4-4d86-bcfc-37d6c1f9e8ee" />
      <TestMethod codeBase="D:\actions-runner\_work\XPCO\XPCO\LogServer\Viewer\VideoOS.LogViewer.Tests\bin\Debug\VideoOS.LogViewer.Tests.dll" adapterTypeName="executor://mstestadapter/v2" className="VideoOS.LogViewer.Tests.AuditLog.AuditLoggerTests" name="LogExportCompleted_ShouldRegisterCategory" />
    </UnitTest>
    <UnitTest name="Dispose_ShouldEndStartedQuerySession" storage="d:\actions-runner\_work\xpco\xpco\logserver\viewer\videoos.logviewer.tests\bin\debug\videoos.logviewer.tests.dll" id="922e5e25-c746-2e21-b443-91140270536a">
      <Execution id="869ff182-6ff3-442f-9d25-49740c5aa736" />
      <TestMethod codeBase="D:\actions-runner\_work\XPCO\XPCO\LogServer\Viewer\VideoOS.LogViewer.Tests\bin\Debug\VideoOS.LogViewer.Tests.dll" adapterTypeName="executor://mstestadapter/v2" className="VideoOS.LogViewer.Tests.UI.ViewModels.RuleLogTabViewModelTests" name="Dispose_ShouldEndStartedQuerySession" />
    </UnitTest>
    <UnitTest name="ExportNameErrorMessage_ShouldNotBeNull_IfNameContainsInvalidCharacter (*)" storage="d:\actions-runner\_work\xpco\xpco\logserver\viewer\videoos.logviewer.tests\bin\debug\videoos.logviewer.tests.dll" id="69e659af-b277-b8a6-a1d2-ae2dddaefff7">
      <Execution id="3d7c0eba-1383-4cd4-b12e-26f52022f332" />
      <TestMethod codeBase="D:\actions-runner\_work\XPCO\XPCO\LogServer\Viewer\VideoOS.LogViewer.Tests\bin\Debug\VideoOS.LogViewer.Tests.dll" adapterTypeName="executor://mstestadapter/v2" className="VideoOS.LogViewer.Tests.UI.ViewModels.ExportWindowViewModelTests" name="ExportNameErrorMessage_ShouldNotBeNull_IfNameContainsInvalidCharacter" />
    </UnitTest>
    <UnitTest name="LogExportCanceledToken_ShouldGenerateCorrectParameters (Unknown)" storage="d:\actions-runner\_work\xpco\xpco\logserver\viewer\videoos.logviewer.tests\bin\debug\videoos.logviewer.tests.dll" id="30ee63b7-20cc-e945-fb91-811222937f3a">
      <Execution id="322eb744-d618-4c89-9e65-d2bb1d962b6f" />
      <TestMethod codeBase="D:\actions-runner\_work\XPCO\XPCO\LogServer\Viewer\VideoOS.LogViewer.Tests\bin\Debug\VideoOS.LogViewer.Tests.dll" adapterTypeName="executor://mstestadapter/v2" className="VideoOS.LogViewer.Tests.AuditLog.AuditLoggerTests" name="LogExportCanceledToken_ShouldGenerateCorrectParameters" />
    </UnitTest>
    <UnitTest name="LogExportCompletedToken_ShouldRegisterMessages (System)" storage="d:\actions-runner\_work\xpco\xpco\logserver\viewer\videoos.logviewer.tests\bin\debug\videoos.logviewer.tests.dll" id="15e03f5d-e529-61c2-30c8-5c666df60da4">
      <Execution id="67cb005a-62fc-4bd2-855b-54e0db8027ec" />
      <TestMethod codeBase="D:\actions-runner\_work\XPCO\XPCO\LogServer\Viewer\VideoOS.LogViewer.Tests\bin\Debug\VideoOS.LogViewer.Tests.dll" adapterTypeName="executor://mstestadapter/v2" className="VideoOS.LogViewer.Tests.AuditLog.AuditLoggerTests" name="LogExportCompletedToken_ShouldRegisterMessages" />
    </UnitTest>
    <UnitTest name="ApplyFiltersCommand_ShouldQuerySystemLogs_InProvidedLanguage" storage="d:\actions-runner\_work\xpco\xpco\logserver\viewer\videoos.logviewer.tests\bin\debug\videoos.logviewer.tests.dll" id="79bd1953-4db7-3caa-f0fd-4f4eadc576c2">
      <Execution id="480f82f0-2e8e-4747-8f0a-f81a28083d8a" />
      <TestMethod codeBase="D:\actions-runner\_work\XPCO\XPCO\LogServer\Viewer\VideoOS.LogViewer.Tests\bin\Debug\VideoOS.LogViewer.Tests.dll" adapterTypeName="executor://mstestadapter/v2" className="VideoOS.LogViewer.Tests.UI.ViewModels.SystemLogTabViewModelTests" name="ApplyFiltersCommand_ShouldQuerySystemLogs_InProvidedLanguage" />
    </UnitTest>
    <UnitTest name="FetchLoglinesAsync_ShouldNotFetchMoreLoglines_IfAllLoglinesAreAlreadyFetched" storage="d:\actions-runner\_work\xpco\xpco\logserver\viewer\videoos.logviewer.tests\bin\debug\videoos.logviewer.tests.dll" id="55f01452-8153-ee7b-1144-0e6585d18bac">
      <Execution id="1f32b282-4eca-45c2-9b06-816ef8fbb14a" />
      <TestMethod codeBase="D:\actions-runner\_work\XPCO\XPCO\LogServer\Viewer\VideoOS.LogViewer.Tests\bin\Debug\VideoOS.LogViewer.Tests.dll" adapterTypeName="executor://mstestadapter/v2" className="VideoOS.LogViewer.Tests.UI.ViewModels.AuditLogTabViewModelTests" name="FetchLoglinesAsync_ShouldNotFetchMoreLoglines_IfAllLoglinesAreAlreadyFetched" />
    </UnitTest>
    <UnitTest name="LogExportCompletedToken_ShouldRegisterSourceType (Rule)" storage="d:\actions-runner\_work\xpco\xpco\logserver\viewer\videoos.logviewer.tests\bin\debug\videoos.logviewer.tests.dll" id="50cb0ca5-4453-9643-3dd1-34e35a5e9542">
      <Execution id="f567a252-6ddd-46b9-a269-38bd0689138a" />
      <TestMethod codeBase="D:\actions-runner\_work\XPCO\XPCO\LogServer\Viewer\VideoOS.LogViewer.Tests\bin\Debug\VideoOS.LogViewer.Tests.dll" adapterTypeName="executor://mstestadapter/v2" className="VideoOS.LogViewer.Tests.AuditLog.AuditLoggerTests" name="LogExportCompletedToken_ShouldRegisterSourceType" />
    </UnitTest>
    <UnitTest name="LogExportCompleted_ShouldRegisterCategory (Audit)" storage="d:\actions-runner\_work\xpco\xpco\logserver\viewer\videoos.logviewer.tests\bin\debug\videoos.logviewer.tests.dll" id="55cc690e-5168-1d8a-8fc7-2fc8ea4f84ec">
      <Execution id="11a3986b-e586-4e5a-9174-08a9c3e5837c" />
      <TestMethod codeBase="D:\actions-runner\_work\XPCO\XPCO\LogServer\Viewer\VideoOS.LogViewer.Tests\bin\Debug\VideoOS.LogViewer.Tests.dll" adapterTypeName="executor://mstestadapter/v2" className="VideoOS.LogViewer.Tests.AuditLog.AuditLoggerTests" name="LogExportCompleted_ShouldRegisterCategory" />
    </UnitTest>
    <UnitTest name="ClearFiltersCommand_ShouldToggleDisplayingOfAppliedFiltersToFalse" storage="d:\actions-runner\_work\xpco\xpco\logserver\viewer\videoos.logviewer.tests\bin\debug\videoos.logviewer.tests.dll" id="d00f2619-a28c-b497-01df-50049ceeb2de">
      <Execution id="8c5f50dc-3ecd-40c5-b988-e0f5564d82a0" />
      <TestMethod codeBase="D:\actions-runner\_work\XPCO\XPCO\LogServer\Viewer\VideoOS.LogViewer.Tests\bin\Debug\VideoOS.LogViewer.Tests.dll" adapterTypeName="executor://mstestadapter/v2" className="VideoOS.LogViewer.Tests.UI.ViewModels.FilterSelectionControlViewModelTests" name="ClearFiltersCommand_ShouldToggleDisplayingOfAppliedFiltersToFalse" />
    </UnitTest>
    <UnitTest name="Title_ShouldNotBeNullOrEmpty" storage="d:\actions-runner\_work\xpco\xpco\logserver\viewer\videoos.logviewer.tests\bin\debug\videoos.logviewer.tests.dll" id="629e55be-22fe-7971-ea5f-3793ed0191ee">
      <Execution id="2d0907c9-eabc-432a-9f70-021dff6b0fcc" />
      <TestMethod codeBase="D:\actions-runner\_work\XPCO\XPCO\LogServer\Viewer\VideoOS.LogViewer.Tests\bin\Debug\VideoOS.LogViewer.Tests.dll" adapterTypeName="executor://mstestadapter/v2" className="VideoOS.LogViewer.Tests.UI.ViewModels.RuleLogTabViewModelTests" name="Title_ShouldNotBeNullOrEmpty" />
    </UnitTest>
    <UnitTest name="Constructors_ShouldNotAllowInjectionOfNulls" storage="d:\actions-runner\_work\xpco\xpco\logserver\viewer\videoos.logviewer.tests\bin\debug\videoos.logviewer.tests.dll" id="57f407e4-4761-45b2-86e5-d53b85b7a587">
      <Execution id="dd464295-fe17-4bfb-b8a3-596903a2dd2c" />
      <TestMethod codeBase="D:\actions-runner\_work\XPCO\XPCO\LogServer\Viewer\VideoOS.LogViewer.Tests\bin\Debug\VideoOS.LogViewer.Tests.dll" adapterTypeName="executor://mstestadapter/v2" className="VideoOS.LogViewer.Tests.UI.ViewModels.AuditLogTabViewModelTests" name="Constructors_ShouldNotAllowInjectionOfNulls" />
    </UnitTest>
    <UnitTest name="Title_ShouldNotBeNullOrEmpty" storage="d:\actions-runner\_work\xpco\xpco\logserver\viewer\videoos.logviewer.tests\bin\debug\videoos.logviewer.tests.dll" id="bd94679b-8e13-bf7e-6a51-a631831e8c48">
      <Execution id="4951f27f-7d0b-4ee3-8184-3df13ce299b0" />
      <TestMethod codeBase="D:\actions-runner\_work\XPCO\XPCO\LogServer\Viewer\VideoOS.LogViewer.Tests\bin\Debug\VideoOS.LogViewer.Tests.dll" adapterTypeName="executor://mstestadapter/v2" className="VideoOS.LogViewer.Tests.UI.ViewModels.SystemLogTabViewModelTests" name="Title_ShouldNotBeNullOrEmpty" />
    </UnitTest>
    <UnitTest name="StartExportAsync_ShouldAuditLogThatExportHasBeenStarted" storage="d:\actions-runner\_work\xpco\xpco\logserver\viewer\videoos.logviewer.tests\bin\debug\videoos.logviewer.tests.dll" id="adfe36ba-b92f-2d10-e108-35bcaad5e614">
      <Execution id="ded47a61-732c-46c2-b85d-63874f352486" />
      <TestMethod codeBase="D:\actions-runner\_work\XPCO\XPCO\LogServer\Viewer\VideoOS.LogViewer.Tests\bin\Debug\VideoOS.LogViewer.Tests.dll" adapterTypeName="executor://mstestadapter/v2" className="VideoOS.LogViewer.Tests.Export.CSVExportHandlerTests" name="StartExportAsync_ShouldAuditLogThatExportHasBeenStarted" />
    </UnitTest>
    <UnitTest name="StartExportAsync_ShouldIncludeFiltersInTheSystemLogExport_IfAnyApplied (Event type)" storage="d:\actions-runner\_work\xpco\xpco\logserver\viewer\videoos.logviewer.tests\bin\debug\videoos.logviewer.tests.dll" id="2cf32896-49e0-12a4-cb75-3843a913b5a3">
      <Execution id="9654116b-12c2-467c-83d4-f7f817594180" />
      <TestMethod codeBase="D:\actions-runner\_work\XPCO\XPCO\LogServer\Viewer\VideoOS.LogViewer.Tests\bin\Debug\VideoOS.LogViewer.Tests.dll" adapterTypeName="executor://mstestadapter/v2" className="VideoOS.LogViewer.Tests.Export.CSVExportHandlerTests" name="StartExportAsync_ShouldIncludeFiltersInTheSystemLogExport_IfAnyApplied" />
    </UnitTest>
    <UnitTest name="ExportErrorMessage_ShouldBeNull_IfExportHasBeenCompletedSuccessfully" storage="d:\actions-runner\_work\xpco\xpco\logserver\viewer\videoos.logviewer.tests\bin\debug\videoos.logviewer.tests.dll" id="a7013049-7851-4a13-90e6-fa514b19fa5a">
      <Execution id="15986bc6-d216-41a7-9a2c-dd4a8eb8657e" />
      <TestMethod codeBase="D:\actions-runner\_work\XPCO\XPCO\LogServer\Viewer\VideoOS.LogViewer.Tests\bin\Debug\VideoOS.LogViewer.Tests.dll" adapterTypeName="executor://mstestadapter/v2" className="VideoOS.LogViewer.Tests.Export.CSVExportHandlerTests" name="ExportErrorMessage_ShouldBeNull_IfExportHasBeenCompletedSuccessfully" />
    </UnitTest>
    <UnitTest name="StartExportAsync_ShouldNotIncludeFiltersInTheSystemLogExport_IfNoFiltersAreApplied (Log level)" storage="d:\actions-runner\_work\xpco\xpco\logserver\viewer\videoos.logviewer.tests\bin\debug\videoos.logviewer.tests.dll" id="4df0c307-81ff-e62c-e7a6-51528274ec8b">
      <Execution id="a98f7bda-5f62-4d47-8602-79df23286574" />
      <TestMethod codeBase="D:\actions-runner\_work\XPCO\XPCO\LogServer\Viewer\VideoOS.LogViewer.Tests\bin\Debug\VideoOS.LogViewer.Tests.dll" adapterTypeName="executor://mstestadapter/v2" className="VideoOS.LogViewer.Tests.Export.CSVExportHandlerTests" name="StartExportAsync_ShouldNotIncludeFiltersInTheSystemLogExport_IfNoFiltersAreApplied" />
    </UnitTest>
    <UnitTest name="ExportPathErrorMessage__ShouldBeNull_IfPathIsValid" storage="d:\actions-runner\_work\xpco\xpco\logserver\viewer\videoos.logviewer.tests\bin\debug\videoos.logviewer.tests.dll" id="61113905-133a-3e1c-d043-8e101e2fd4ec">
      <Execution id="2d670627-e783-4c4f-b4d1-43f0e9463821" />
      <TestMethod codeBase="D:\actions-runner\_work\XPCO\XPCO\LogServer\Viewer\VideoOS.LogViewer.Tests\bin\Debug\VideoOS.LogViewer.Tests.dll" adapterTypeName="executor://mstestadapter/v2" className="VideoOS.LogViewer.Tests.UI.ViewModels.ExportWindowViewModelTests" name="ExportPathErrorMessage__ShouldBeNull_IfPathIsValid" />
    </UnitTest>
    <UnitTest name="Dispose_ShouldEndStartedQuerySession" storage="d:\actions-runner\_work\xpco\xpco\logserver\viewer\videoos.logviewer.tests\bin\debug\videoos.logviewer.tests.dll" id="f4113b67-f170-fc6d-547f-f26f2c11205f">
      <Execution id="8f6aef67-bf7c-4833-8ba8-eafdf352e4fb" />
      <TestMethod codeBase="D:\actions-runner\_work\XPCO\XPCO\LogServer\Viewer\VideoOS.LogViewer.Tests\bin\Debug\VideoOS.LogViewer.Tests.dll" adapterTypeName="executor://mstestadapter/v2" className="VideoOS.LogViewer.Tests.UI.ViewModels.SystemLogTabViewModelTests" name="Dispose_ShouldEndStartedQuerySession" />
    </UnitTest>
    <UnitTest name="LogExportCompletedToken_ShouldRegisterSourceType (Unknown)" storage="d:\actions-runner\_work\xpco\xpco\logserver\viewer\videoos.logviewer.tests\bin\debug\videoos.logviewer.tests.dll" id="8c45dbfe-56ff-d955-7ae7-c04fd74409c5">
      <Execution id="04ac45b3-f08e-4dae-b94a-5d4024fc0f05" />
      <TestMethod codeBase="D:\actions-runner\_work\XPCO\XPCO\LogServer\Viewer\VideoOS.LogViewer.Tests\bin\Debug\VideoOS.LogViewer.Tests.dll" adapterTypeName="executor://mstestadapter/v2" className="VideoOS.LogViewer.Tests.AuditLog.AuditLoggerTests" name="LogExportCompletedToken_ShouldRegisterSourceType" />
    </UnitTest>
    <UnitTest name="StartExportAsync_ShouldNotIncludeFiltersInTheAuditLogExport_IfNoFiltersAreApplied (Source type)" storage="d:\actions-runner\_work\xpco\xpco\logserver\viewer\videoos.logviewer.tests\bin\debug\videoos.logviewer.tests.dll" id="62db031b-f0f9-415f-93e9-ca22a9456c5a">
      <Execution id="8c3c0db0-ed41-450b-b8c9-9a025bf56731" />
      <TestMethod codeBase="D:\actions-runner\_work\XPCO\XPCO\LogServer\Viewer\VideoOS.LogViewer.Tests\bin\Debug\VideoOS.LogViewer.Tests.dll" adapterTypeName="executor://mstestadapter/v2" className="VideoOS.LogViewer.Tests.Export.CSVExportHandlerTests" name="StartExportAsync_ShouldNotIncludeFiltersInTheAuditLogExport_IfNoFiltersAreApplied" />
    </UnitTest>
    <UnitTest name="Dispose_ShouldCleanupAllTabs" storage="d:\actions-runner\_work\xpco\xpco\logserver\viewer\videoos.logviewer.tests\bin\debug\videoos.logviewer.tests.dll" id="f2ec40ef-388a-a0d4-8677-c5b7647d1602">
      <Execution id="d8a30321-4b29-4421-8a77-1912659e8d89" />
      <TestMethod codeBase="D:\actions-runner\_work\XPCO\XPCO\LogServer\Viewer\VideoOS.LogViewer.Tests\bin\Debug\VideoOS.LogViewer.Tests.dll" adapterTypeName="executor://mstestadapter/v2" className="VideoOS.LogViewer.Tests.UI.ViewModels.LogViewerPanelViewModelTests" name="Dispose_ShouldCleanupAllTabs" />
    </UnitTest>
    <UnitTest name="ClearFilter_ShouldRemoveFilterFromFiltersCollection" storage="d:\actions-runner\_work\xpco\xpco\logserver\viewer\videoos.logviewer.tests\bin\debug\videoos.logviewer.tests.dll" id="ec730395-c200-9636-2a33-b34bf36a2255">
      <Execution id="bc47bdbb-71ff-41f1-b91c-a1a43b2d157c" />
      <TestMethod codeBase="D:\actions-runner\_work\XPCO\XPCO\LogServer\Viewer\VideoOS.LogViewer.Tests\bin\Debug\VideoOS.LogViewer.Tests.dll" adapterTypeName="executor://mstestadapter/v2" className="VideoOS.LogViewer.Tests.UI.ViewModels.FilterSelectionControlViewModelTests" name="ClearFilter_ShouldRemoveFilterFromFiltersCollection" />
    </UnitTest>
    <UnitTest name="ExportCommand_ShouldNotStart_IfDirectoryIsInvalid" storage="d:\actions-runner\_work\xpco\xpco\logserver\viewer\videoos.logviewer.tests\bin\debug\videoos.logviewer.tests.dll" id="66506cad-9568-adef-6358-8d867534e973">
      <Execution id="a9a11bd4-92ae-4d3d-81bd-bf89fe92d7d5" />
      <TestMethod codeBase="D:\actions-runner\_work\XPCO\XPCO\LogServer\Viewer\VideoOS.LogViewer.Tests\bin\Debug\VideoOS.LogViewer.Tests.dll" adapterTypeName="executor://mstestadapter/v2" className="VideoOS.LogViewer.Tests.UI.ViewModels.ExportWindowViewModelTests" name="ExportCommand_ShouldNotStart_IfDirectoryIsInvalid" />
    </UnitTest>
    <UnitTest name="LogExportCompleted_ShouldRegisterMessages (System)" storage="d:\actions-runner\_work\xpco\xpco\logserver\viewer\videoos.logviewer.tests\bin\debug\videoos.logviewer.tests.dll" id="a020e185-3816-632e-9abe-ae7f6274d5c5">
      <Execution id="463f24a4-2ff5-4f0e-b248-8b406737c9f7" />
      <TestMethod codeBase="D:\actions-runner\_work\XPCO\XPCO\LogServer\Viewer\VideoOS.LogViewer.Tests\bin\Debug\VideoOS.LogViewer.Tests.dll" adapterTypeName="executor://mstestadapter/v2" className="VideoOS.LogViewer.Tests.AuditLog.AuditLoggerTests" name="LogExportCompleted_ShouldRegisterMessages" />
    </UnitTest>
    <UnitTest name="Title_ShouldNotBeNullOrEmpty" storage="d:\actions-runner\_work\xpco\xpco\logserver\viewer\videoos.logviewer.tests\bin\debug\videoos.logviewer.tests.dll" id="b2c8be69-db24-85a1-ff90-ae1867ec1a65">
      <Execution id="17bd9fde-1ace-4039-b95d-c247ebe68910" />
      <TestMethod codeBase="D:\actions-runner\_work\XPCO\XPCO\LogServer\Viewer\VideoOS.LogViewer.Tests\bin\Debug\VideoOS.LogViewer.Tests.dll" adapterTypeName="executor://mstestadapter/v2" className="VideoOS.LogViewer.Tests.UI.ViewModels.AuditLogTabViewModelTests" name="Title_ShouldNotBeNullOrEmpty" />
    </UnitTest>
    <UnitTest name="LogExportCanceledToken_ShouldGenerateCorrectParameters (System)" storage="d:\actions-runner\_work\xpco\xpco\logserver\viewer\videoos.logviewer.tests\bin\debug\videoos.logviewer.tests.dll" id="e35afa8f-18a8-fe75-188d-fb04ec177cd3">
      <Execution id="af586586-ae0b-473c-a81e-9bc227d432c9" />
      <TestMethod codeBase="D:\actions-runner\_work\XPCO\XPCO\LogServer\Viewer\VideoOS.LogViewer.Tests\bin\Debug\VideoOS.LogViewer.Tests.dll" adapterTypeName="executor://mstestadapter/v2" className="VideoOS.LogViewer.Tests.AuditLog.AuditLoggerTests" name="LogExportCanceledToken_ShouldGenerateCorrectParameters" />
    </UnitTest>
    <UnitTest name="LogExportCompleted_ShouldGenerateCorrectParameters (System)" storage="d:\actions-runner\_work\xpco\xpco\logserver\viewer\videoos.logviewer.tests\bin\debug\videoos.logviewer.tests.dll" id="6f6c9127-9c5e-f5b9-b03c-35b0a590d1e6">
      <Execution id="355236b7-3d8a-4a99-9da5-3e1204980644" />
      <TestMethod codeBase="D:\actions-runner\_work\XPCO\XPCO\LogServer\Viewer\VideoOS.LogViewer.Tests\bin\Debug\VideoOS.LogViewer.Tests.dll" adapterTypeName="executor://mstestadapter/v2" className="VideoOS.LogViewer.Tests.AuditLog.AuditLoggerTests" name="LogExportCompleted_ShouldGenerateCorrectParameters" />
    </UnitTest>
    <UnitTest name="FilterItems_ShouldDisplayOnlyAppliedFiltersThatStartsWithSearchText_WhenDisplayingOnlyAppliedFiltersIsOnAndSearchTextIsNotEmpty" storage="d:\actions-runner\_work\xpco\xpco\logserver\viewer\videoos.logviewer.tests\bin\debug\videoos.logviewer.tests.dll" id="58b0c98d-5719-4d52-0db6-3f6cc9feb12b">
      <Execution id="e9b699fb-100b-4af2-837c-f461a866f1fb" />
      <TestMethod codeBase="D:\actions-runner\_work\XPCO\XPCO\LogServer\Viewer\VideoOS.LogViewer.Tests\bin\Debug\VideoOS.LogViewer.Tests.dll" adapterTypeName="executor://mstestadapter/v2" className="VideoOS.LogViewer.Tests.UI.ViewModels.FilterSelectionControlViewModelTests" name="FilterItems_ShouldDisplayOnlyAppliedFiltersThatStartsWithSearchText_WhenDisplayingOnlyAppliedFiltersIsOnAndSearchTextIsNotEmpty" />
    </UnitTest>
    <UnitTest name="Create_ShouldPassThreeTabs_ToTheLogViewerPanelViewModelConstructor" storage="d:\actions-runner\_work\xpco\xpco\logserver\viewer\videoos.logviewer.tests\bin\debug\videoos.logviewer.tests.dll" id="c3280b96-8c55-d5d4-b282-c98886b215df">
      <Execution id="667012a4-3f37-4ff1-abe3-5eb5da0399db" />
      <TestMethod codeBase="D:\actions-runner\_work\XPCO\XPCO\LogServer\Viewer\VideoOS.LogViewer.Tests\bin\Debug\VideoOS.LogViewer.Tests.dll" adapterTypeName="executor://mstestadapter/v2" className="VideoOS.LogViewer.Tests.UI.ViewModels.LogViewerPanelViewModelFactoryTests" name="Create_ShouldPassThreeTabs_ToTheLogViewerPanelViewModelConstructor" />
    </UnitTest>
    <UnitTest name="StartExportAsync_ShouldNotIncludeFiltersInTheAuditLogExport_IfNoFiltersAreApplied (User location)" storage="d:\actions-runner\_work\xpco\xpco\logserver\viewer\videoos.logviewer.tests\bin\debug\videoos.logviewer.tests.dll" id="90b034e7-f032-9ba4-27dc-bfa47b8a35eb">
      <Execution id="b81cd13f-f895-451c-9733-e83a0ff45325" />
      <TestMethod codeBase="D:\actions-runner\_work\XPCO\XPCO\LogServer\Viewer\VideoOS.LogViewer.Tests\bin\Debug\VideoOS.LogViewer.Tests.dll" adapterTypeName="executor://mstestadapter/v2" className="VideoOS.LogViewer.Tests.Export.CSVExportHandlerTests" name="StartExportAsync_ShouldNotIncludeFiltersInTheAuditLogExport_IfNoFiltersAreApplied" />
    </UnitTest>
    <UnitTest name="LogExportCompleted_ShouldWriteLogline (Audit)" storage="d:\actions-runner\_work\xpco\xpco\logserver\viewer\videoos.logviewer.tests\bin\debug\videoos.logviewer.tests.dll" id="d5262bba-8c6b-8c49-1f33-565df48bee3a">
      <Execution id="bbe29f9c-a45f-492b-aa35-1ac54b3ff113" />
      <TestMethod codeBase="D:\actions-runner\_work\XPCO\XPCO\LogServer\Viewer\VideoOS.LogViewer.Tests\bin\Debug\VideoOS.LogViewer.Tests.dll" adapterTypeName="executor://mstestadapter/v2" className="VideoOS.LogViewer.Tests.AuditLog.AuditLoggerTests" name="LogExportCompleted_ShouldWriteLogline" />
    </UnitTest>
    <UnitTest name="StartExportAsync_ShouldIncludeFiltersInTheSystemLogExport_IfAnyApplied (Source type)" storage="d:\actions-runner\_work\xpco\xpco\logserver\viewer\videoos.logviewer.tests\bin\debug\videoos.logviewer.tests.dll" id="c8fea2e0-ac92-b2c4-6779-b2f2307a2f99">
      <Execution id="67cd2a09-4648-4811-b40f-d95daeabc8b1" />
      <TestMethod codeBase="D:\actions-runner\_work\XPCO\XPCO\LogServer\Viewer\VideoOS.LogViewer.Tests\bin\Debug\VideoOS.LogViewer.Tests.dll" adapterTypeName="executor://mstestadapter/v2" className="VideoOS.LogViewer.Tests.Export.CSVExportHandlerTests" name="StartExportAsync_ShouldIncludeFiltersInTheSystemLogExport_IfAnyApplied" />
    </UnitTest>
    <UnitTest name="CancelCommand_ShouldCloseTheWindow" storage="d:\actions-runner\_work\xpco\xpco\logserver\viewer\videoos.logviewer.tests\bin\debug\videoos.logviewer.tests.dll" id="b173cab0-24f0-bb45-ec78-d05cb226f5fa">
      <Execution id="8204d7e1-202a-4c1a-96fe-9f844c83e20a" />
      <TestMethod codeBase="D:\actions-runner\_work\XPCO\XPCO\LogServer\Viewer\VideoOS.LogViewer.Tests\bin\Debug\VideoOS.LogViewer.Tests.dll" adapterTypeName="executor://mstestadapter/v2" className="VideoOS.LogViewer.Tests.UI.ViewModels.ExportWindowViewModelTests" name="CancelCommand_ShouldCloseTheWindow" />
    </UnitTest>
    <UnitTest name="FetchLoglinesAsync_ShouldUpdateLoglines_WithWhatILogReaderProvides" storage="d:\actions-runner\_work\xpco\xpco\logserver\viewer\videoos.logviewer.tests\bin\debug\videoos.logviewer.tests.dll" id="39d0228d-8323-660a-a8c8-1095e3c87e37">
      <Execution id="50946f11-6937-406d-a8ac-3879c6b1bbd3" />
      <TestMethod codeBase="D:\actions-runner\_work\XPCO\XPCO\LogServer\Viewer\VideoOS.LogViewer.Tests\bin\Debug\VideoOS.LogViewer.Tests.dll" adapterTypeName="executor://mstestadapter/v2" className="VideoOS.LogViewer.Tests.UI.ViewModels.AuditLogTabViewModelTests" name="FetchLoglinesAsync_ShouldUpdateLoglines_WithWhatILogReaderProvides" />
    </UnitTest>
    <UnitTest name="ExportNameErrorMessage_ShouldNotBeNull_IfNameContainsInvalidCharacter (&lt;)" storage="d:\actions-runner\_work\xpco\xpco\logserver\viewer\videoos.logviewer.tests\bin\debug\videoos.logviewer.tests.dll" id="24973383-9d5c-27aa-3427-ab5802340e79">
      <Execution id="fc600374-a374-42f1-991e-e44522157f40" />
      <TestMethod codeBase="D:\actions-runner\_work\XPCO\XPCO\LogServer\Viewer\VideoOS.LogViewer.Tests\bin\Debug\VideoOS.LogViewer.Tests.dll" adapterTypeName="executor://mstestadapter/v2" className="VideoOS.LogViewer.Tests.UI.ViewModels.ExportWindowViewModelTests" name="ExportNameErrorMessage_ShouldNotBeNull_IfNameContainsInvalidCharacter" />
    </UnitTest>
    <UnitTest name="LogExportCompleted_ShouldRegisterMessageIn2LanguagesIfFound" storage="d:\actions-runner\_work\xpco\xpco\logserver\viewer\videoos.logviewer.tests\bin\debug\videoos.logviewer.tests.dll" id="f5fac959-c014-35f1-9d8d-7ec9c73ac445">
      <Execution id="1711aba0-e997-4ef7-9957-487cd09f5786" />
      <TestMethod codeBase="D:\actions-runner\_work\XPCO\XPCO\LogServer\Viewer\VideoOS.LogViewer.Tests\bin\Debug\VideoOS.LogViewer.Tests.dll" adapterTypeName="executor://mstestadapter/v2" className="VideoOS.LogViewer.Tests.AuditLog.AuditLoggerTests" name="LogExportCompleted_ShouldRegisterMessageIn2LanguagesIfFound" />
    </UnitTest>
    <UnitTest name="Constructors_ShouldNotAllowInjectionOfNulls" storage="d:\actions-runner\_work\xpco\xpco\logserver\viewer\videoos.logviewer.tests\bin\debug\videoos.logviewer.tests.dll" id="e67b9597-62fd-d5dd-9723-961315f60ecd">
      <Execution id="e012da6c-417f-460d-b205-2f08620dab0d" />
      <TestMethod codeBase="D:\actions-runner\_work\XPCO\XPCO\LogServer\Viewer\VideoOS.LogViewer.Tests\bin\Debug\VideoOS.LogViewer.Tests.dll" adapterTypeName="executor://mstestadapter/v2" className="VideoOS.LogViewer.Tests.Export.CSVExportHandlerTests" name="Constructors_ShouldNotAllowInjectionOfNulls" />
    </UnitTest>
    <UnitTest name="LogExportCanceledToken_ShouldWriteLogline (Audit)" storage="d:\actions-runner\_work\xpco\xpco\logserver\viewer\videoos.logviewer.tests\bin\debug\videoos.logviewer.tests.dll" id="6424e692-4d3a-827a-decb-3ce5cb79fff5">
      <Execution id="3084460d-9fef-4f26-97b6-8e3d9b109cd3" />
      <TestMethod codeBase="D:\actions-runner\_work\XPCO\XPCO\LogServer\Viewer\VideoOS.LogViewer.Tests\bin\Debug\VideoOS.LogViewer.Tests.dll" adapterTypeName="executor://mstestadapter/v2" className="VideoOS.LogViewer.Tests.AuditLog.AuditLoggerTests" name="LogExportCanceledToken_ShouldWriteLogline" />
    </UnitTest>
    <UnitTest name="BrowseExportPathCommand_ShouldNotSetExportPath_WhenDialogResultIsCancel" storage="d:\actions-runner\_work\xpco\xpco\logserver\viewer\videoos.logviewer.tests\bin\debug\videoos.logviewer.tests.dll" id="7cfba55f-af2e-51ee-1fc6-77349649ca80">
      <Execution id="8fe75e07-9a9c-482b-8d1a-311320c119b4" />
      <TestMethod codeBase="D:\actions-runner\_work\XPCO\XPCO\LogServer\Viewer\VideoOS.LogViewer.Tests\bin\Debug\VideoOS.LogViewer.Tests.dll" adapterTypeName="executor://mstestadapter/v2" className="VideoOS.LogViewer.Tests.UI.ViewModels.ExportWindowViewModelTests" name="BrowseExportPathCommand_ShouldNotSetExportPath_WhenDialogResultIsCancel" />
    </UnitTest>
    <UnitTest name="ExportNameErrorMessage_ShouldNotBeNull_IfNameContainsInvalidCharacter (\)" storage="d:\actions-runner\_work\xpco\xpco\logserver\viewer\videoos.logviewer.tests\bin\debug\videoos.logviewer.tests.dll" id="8e51e57a-3c02-7b6a-ed8f-50f5d97d3f98">
      <Execution id="b548e402-032e-41de-a6c5-2828c76f08d0" />
      <TestMethod codeBase="D:\actions-runner\_work\XPCO\XPCO\LogServer\Viewer\VideoOS.LogViewer.Tests\bin\Debug\VideoOS.LogViewer.Tests.dll" adapterTypeName="executor://mstestadapter/v2" className="VideoOS.LogViewer.Tests.UI.ViewModels.ExportWindowViewModelTests" name="ExportNameErrorMessage_ShouldNotBeNull_IfNameContainsInvalidCharacter" />
    </UnitTest>
    <UnitTest name="ExportCommand_ShouldNotStart_IfDirectoryIsNotFound" storage="d:\actions-runner\_work\xpco\xpco\logserver\viewer\videoos.logviewer.tests\bin\debug\videoos.logviewer.tests.dll" id="b756d462-b4ce-8d4e-0345-e12e3743da58">
      <Execution id="0d65fd20-921c-484f-b035-a04b47ab96d2" />
      <TestMethod codeBase="D:\actions-runner\_work\XPCO\XPCO\LogServer\Viewer\VideoOS.LogViewer.Tests\bin\Debug\VideoOS.LogViewer.Tests.dll" adapterTypeName="executor://mstestadapter/v2" className="VideoOS.LogViewer.Tests.UI.ViewModels.ExportWindowViewModelTests" name="ExportCommand_ShouldNotStart_IfDirectoryIsNotFound" />
    </UnitTest>
    <UnitTest name="StartExportAsync_ShouldNotIncludeFiltersInTheRuleTriggeredLogExport_IfNoFiltersAreApplied (Rule name)" storage="d:\actions-runner\_work\xpco\xpco\logserver\viewer\videoos.logviewer.tests\bin\debug\videoos.logviewer.tests.dll" id="dbb9b0e4-8d56-67a1-ad4d-3e9eddd46357">
      <Execution id="aa984320-f442-4b5e-ab3c-911e32bcb3f6" />
      <TestMethod codeBase="D:\actions-runner\_work\XPCO\XPCO\LogServer\Viewer\VideoOS.LogViewer.Tests\bin\Debug\VideoOS.LogViewer.Tests.dll" adapterTypeName="executor://mstestadapter/v2" className="VideoOS.LogViewer.Tests.Export.CSVExportHandlerTests" name="StartExportAsync_ShouldNotIncludeFiltersInTheRuleTriggeredLogExport_IfNoFiltersAreApplied" />
    </UnitTest>
    <UnitTest name="IsExportCompleted_ShouldBeFalse_ByDefault" storage="d:\actions-runner\_work\xpco\xpco\logserver\viewer\videoos.logviewer.tests\bin\debug\videoos.logviewer.tests.dll" id="11f9f4b2-5437-9cfe-2670-5f5232039722">
      <Execution id="9b1cbb22-2920-405b-b6c5-792ac8549ea3" />
      <TestMethod codeBase="D:\actions-runner\_work\XPCO\XPCO\LogServer\Viewer\VideoOS.LogViewer.Tests\bin\Debug\VideoOS.LogViewer.Tests.dll" adapterTypeName="executor://mstestadapter/v2" className="VideoOS.LogViewer.Tests.Export.CSVExportHandlerTests" name="IsExportCompleted_ShouldBeFalse_ByDefault" />
    </UnitTest>
    <UnitTest name="LogExportCompleted_ShouldRegisterSourceType (System)" storage="d:\actions-runner\_work\xpco\xpco\logserver\viewer\videoos.logviewer.tests\bin\debug\videoos.logviewer.tests.dll" id="59137ad3-dd40-f13c-46d7-387be05a7947">
      <Execution id="b9ee5870-17d6-4376-81f0-c767ea20f949" />
      <TestMethod codeBase="D:\actions-runner\_work\XPCO\XPCO\LogServer\Viewer\VideoOS.LogViewer.Tests\bin\Debug\VideoOS.LogViewer.Tests.dll" adapterTypeName="executor://mstestadapter/v2" className="VideoOS.LogViewer.Tests.AuditLog.AuditLoggerTests" name="LogExportCompleted_ShouldRegisterSourceType" />
    </UnitTest>
    <UnitTest name="StartExportAsync_ShouldExportAllSystemLogsWithinGivenTime_IfNoFiltersApplied" storage="d:\actions-runner\_work\xpco\xpco\logserver\viewer\videoos.logviewer.tests\bin\debug\videoos.logviewer.tests.dll" id="2cc97fb4-c8c3-68bd-98a4-2e1ba1b70114">
      <Execution id="03ca8d3f-b1c2-4f0d-9cc5-7e60afa7ba5e" />
      <TestMethod codeBase="D:\actions-runner\_work\XPCO\XPCO\LogServer\Viewer\VideoOS.LogViewer.Tests\bin\Debug\VideoOS.LogViewer.Tests.dll" adapterTypeName="executor://mstestadapter/v2" className="VideoOS.LogViewer.Tests.Export.CSVExportHandlerTests" name="StartExportAsync_ShouldExportAllSystemLogsWithinGivenTime_IfNoFiltersApplied" />
    </UnitTest>
    <UnitTest name="LogExportCompleted_ShouldWriteLogline (System)" storage="d:\actions-runner\_work\xpco\xpco\logserver\viewer\videoos.logviewer.tests\bin\debug\videoos.logviewer.tests.dll" id="d4a7e8af-a8a5-68e4-52b9-ebc6a68e378e">
      <Execution id="69eac79a-912c-46f7-bb42-f694023754fd" />
      <TestMethod codeBase="D:\actions-runner\_work\XPCO\XPCO\LogServer\Viewer\VideoOS.LogViewer.Tests\bin\Debug\VideoOS.LogViewer.Tests.dll" adapterTypeName="executor://mstestadapter/v2" className="VideoOS.LogViewer.Tests.AuditLog.AuditLoggerTests" name="LogExportCompleted_ShouldWriteLogline" />
    </UnitTest>
    <UnitTest name="ExportProgress_ShouldBe100_IfExportHasBeenCompleted" storage="d:\actions-runner\_work\xpco\xpco\logserver\viewer\videoos.logviewer.tests\bin\debug\videoos.logviewer.tests.dll" id="8ce7b07a-e9c9-4f32-28f5-7986dbb6c536">
      <Execution id="80e763f2-3d0f-447b-9b2e-c1696973cfec" />
      <TestMethod codeBase="D:\actions-runner\_work\XPCO\XPCO\LogServer\Viewer\VideoOS.LogViewer.Tests\bin\Debug\VideoOS.LogViewer.Tests.dll" adapterTypeName="executor://mstestadapter/v2" className="VideoOS.LogViewer.Tests.Export.CSVExportHandlerTests" name="ExportProgress_ShouldBe100_IfExportHasBeenCompleted" />
    </UnitTest>
    <UnitTest name="InitializeCommand_ShouldDisplayErrorMessage_IfGetFilterValuesAsyncResultsInException" storage="d:\actions-runner\_work\xpco\xpco\logserver\viewer\videoos.logviewer.tests\bin\debug\videoos.logviewer.tests.dll" id="ca34cfe8-19ad-129c-d0df-2bac4e6a671f">
      <Execution id="37ae1688-86f9-4188-963a-71bd1b15d826" />
      <TestMethod codeBase="D:\actions-runner\_work\XPCO\XPCO\LogServer\Viewer\VideoOS.LogViewer.Tests\bin\Debug\VideoOS.LogViewer.Tests.dll" adapterTypeName="executor://mstestadapter/v2" className="VideoOS.LogViewer.Tests.UI.ViewModels.SystemLogTabViewModelTests" name="InitializeCommand_ShouldDisplayErrorMessage_IfGetFilterValuesAsyncResultsInException" />
    </UnitTest>
    <UnitTest name="LogExportCanceled_ShouldWriteLogline (System)" storage="d:\actions-runner\_work\xpco\xpco\logserver\viewer\videoos.logviewer.tests\bin\debug\videoos.logviewer.tests.dll" id="c82eb6ab-1fb1-d071-5b1d-2c0ec9d6c5f8">
      <Execution id="c3f34e9f-dc6b-4a69-aff2-4356db959b9c" />
      <TestMethod codeBase="D:\actions-runner\_work\XPCO\XPCO\LogServer\Viewer\VideoOS.LogViewer.Tests\bin\Debug\VideoOS.LogViewer.Tests.dll" adapterTypeName="executor://mstestadapter/v2" className="VideoOS.LogViewer.Tests.AuditLog.AuditLoggerTests" name="LogExportCanceled_ShouldWriteLogline" />
    </UnitTest>
    <UnitTest name="OnScrollChanged_ShouldTriggerFetchingMoreLoglines (True,100,100,True)" storage="d:\actions-runner\_work\xpco\xpco\logserver\viewer\videoos.logviewer.tests\bin\debug\videoos.logviewer.tests.dll" id="44926e15-2a81-d33c-d39d-a458d53ad743">
      <Execution id="ce9684bf-fe88-4fa9-9fd8-71c16b32fbc6" />
      <TestMethod codeBase="D:\actions-runner\_work\XPCO\XPCO\LogServer\Viewer\VideoOS.LogViewer.Tests\bin\Debug\VideoOS.LogViewer.Tests.dll" adapterTypeName="executor://mstestadapter/v2" className="VideoOS.LogViewer.Tests.UI.Views.LoglinesDataGridAutoFetchLogsBehaviorTests" name="OnScrollChanged_ShouldTriggerFetchingMoreLoglines" />
    </UnitTest>
    <UnitTest name="LogExportStarted_ShouldGenerateCorrectParameters (System)" storage="d:\actions-runner\_work\xpco\xpco\logserver\viewer\videoos.logviewer.tests\bin\debug\videoos.logviewer.tests.dll" id="71f7634d-62dc-7fe0-88a1-f72744b379e9">
      <Execution id="ab8938ee-1243-4d36-b05b-0b235db2b7c5" />
      <TestMethod codeBase="D:\actions-runner\_work\XPCO\XPCO\LogServer\Viewer\VideoOS.LogViewer.Tests\bin\Debug\VideoOS.LogViewer.Tests.dll" adapterTypeName="executor://mstestadapter/v2" className="VideoOS.LogViewer.Tests.AuditLog.AuditLoggerTests" name="LogExportStarted_ShouldGenerateCorrectParameters" />
    </UnitTest>
    <UnitTest name="FetchLoglinesAsync_ShouldDisplayErrorMessage_IfFetchLoglinesAsyncResultsInException" storage="d:\actions-runner\_work\xpco\xpco\logserver\viewer\videoos.logviewer.tests\bin\debug\videoos.logviewer.tests.dll" id="d40f95f9-3216-70f9-2e01-e28d1cbaa89b">
      <Execution id="77dc7076-ec54-4a09-a131-873a5d43da28" />
      <TestMethod codeBase="D:\actions-runner\_work\XPCO\XPCO\LogServer\Viewer\VideoOS.LogViewer.Tests\bin\Debug\VideoOS.LogViewer.Tests.dll" adapterTypeName="executor://mstestadapter/v2" className="VideoOS.LogViewer.Tests.UI.ViewModels.AuditLogTabViewModelTests" name="FetchLoglinesAsync_ShouldDisplayErrorMessage_IfFetchLoglinesAsyncResultsInException" />
    </UnitTest>
    <UnitTest name="LogExportCompletedToken_ShouldRegisterSourceType (Audit)" storage="d:\actions-runner\_work\xpco\xpco\logserver\viewer\videoos.logviewer.tests\bin\debug\videoos.logviewer.tests.dll" id="4a09a532-8559-9191-76ed-2f4287fed6da">
      <Execution id="6d2310de-5a12-4e23-8c74-367ccf5ebe7c" />
      <TestMethod codeBase="D:\actions-runner\_work\XPCO\XPCO\LogServer\Viewer\VideoOS.LogViewer.Tests\bin\Debug\VideoOS.LogViewer.Tests.dll" adapterTypeName="executor://mstestadapter/v2" className="VideoOS.LogViewer.Tests.AuditLog.AuditLoggerTests" name="LogExportCompletedToken_ShouldRegisterSourceType" />
    </UnitTest>
    <UnitTest name="LogExportCompletedToken_ShouldRegisterCategory (Audit)" storage="d:\actions-runner\_work\xpco\xpco\logserver\viewer\videoos.logviewer.tests\bin\debug\videoos.logviewer.tests.dll" id="319a4f04-e6a6-6df1-f2b0-d04ca1ddd696">
      <Execution id="68999436-8526-45f2-8ea1-a06f16e57117" />
      <TestMethod codeBase="D:\actions-runner\_work\XPCO\XPCO\LogServer\Viewer\VideoOS.LogViewer.Tests\bin\Debug\VideoOS.LogViewer.Tests.dll" adapterTypeName="executor://mstestadapter/v2" className="VideoOS.LogViewer.Tests.AuditLog.AuditLoggerTests" name="LogExportCompletedToken_ShouldRegisterCategory" />
    </UnitTest>
    <UnitTest name="StartExportAsync_ShouldIncludeFiltersInTheRuleTriggeredLogExport_IfAnyApplied (Event type)" storage="d:\actions-runner\_work\xpco\xpco\logserver\viewer\videoos.logviewer.tests\bin\debug\videoos.logviewer.tests.dll" id="49a9aa3d-491b-c384-6063-8e962a49f145">
      <Execution id="2204862a-0c25-4e88-9e57-fc90e72936b7" />
      <TestMethod codeBase="D:\actions-runner\_work\XPCO\XPCO\LogServer\Viewer\VideoOS.LogViewer.Tests\bin\Debug\VideoOS.LogViewer.Tests.dll" adapterTypeName="executor://mstestadapter/v2" className="VideoOS.LogViewer.Tests.Export.CSVExportHandlerTests" name="StartExportAsync_ShouldIncludeFiltersInTheRuleTriggeredLogExport_IfAnyApplied" />
    </UnitTest>
    <UnitTest name="LogExportCompleted_ShouldRegisterSourceType (Unknown)" storage="d:\actions-runner\_work\xpco\xpco\logserver\viewer\videoos.logviewer.tests\bin\debug\videoos.logviewer.tests.dll" id="0078f6a4-8b3a-f044-0781-bb221f605c9c">
      <Execution id="555d69c8-cb34-4755-8673-0f5aaba09c0a" />
      <TestMethod codeBase="D:\actions-runner\_work\XPCO\XPCO\LogServer\Viewer\VideoOS.LogViewer.Tests\bin\Debug\VideoOS.LogViewer.Tests.dll" adapterTypeName="executor://mstestadapter/v2" className="VideoOS.LogViewer.Tests.AuditLog.AuditLoggerTests" name="LogExportCompleted_ShouldRegisterSourceType" />
    </UnitTest>
    <UnitTest name="StartExportAsync_ShouldNotIncludeFiltersInTheRuleTriggeredLogExport_IfNoFiltersAreApplied (Service name)" storage="d:\actions-runner\_work\xpco\xpco\logserver\viewer\videoos.logviewer.tests\bin\debug\videoos.logviewer.tests.dll" id="e2360ce0-e666-123d-5707-dd03e1761710">
      <Execution id="2c10a29a-8987-4fef-ba35-3c49643489e9" />
      <TestMethod codeBase="D:\actions-runner\_work\XPCO\XPCO\LogServer\Viewer\VideoOS.LogViewer.Tests\bin\Debug\VideoOS.LogViewer.Tests.dll" adapterTypeName="executor://mstestadapter/v2" className="VideoOS.LogViewer.Tests.Export.CSVExportHandlerTests" name="StartExportAsync_ShouldNotIncludeFiltersInTheRuleTriggeredLogExport_IfNoFiltersAreApplied" />
    </UnitTest>
    <UnitTest name="FetchLoglinesAsync_ShouldDisplayErrorMessage_IfFetchLoglinesAsyncResultsInException" storage="d:\actions-runner\_work\xpco\xpco\logserver\viewer\videoos.logviewer.tests\bin\debug\videoos.logviewer.tests.dll" id="ccab813f-7695-9245-f20d-f7fc3e92ed1f">
      <Execution id="f5e6e900-bd3d-4d36-8684-9a9887a0ad66" />
      <TestMethod codeBase="D:\actions-runner\_work\XPCO\XPCO\LogServer\Viewer\VideoOS.LogViewer.Tests\bin\Debug\VideoOS.LogViewer.Tests.dll" adapterTypeName="executor://mstestadapter/v2" className="VideoOS.LogViewer.Tests.UI.ViewModels.RuleLogTabViewModelTests" name="FetchLoglinesAsync_ShouldDisplayErrorMessage_IfFetchLoglinesAsyncResultsInException" />
    </UnitTest>
    <UnitTest name="LogExportCanceledToken_ShouldWriteLogline (Unknown)" storage="d:\actions-runner\_work\xpco\xpco\logserver\viewer\videoos.logviewer.tests\bin\debug\videoos.logviewer.tests.dll" id="ee50dc86-324f-5f3c-2a58-159bdcf1873c">
      <Execution id="d7fda65c-ad57-4687-928f-38687b5d5162" />
      <TestMethod codeBase="D:\actions-runner\_work\XPCO\XPCO\LogServer\Viewer\VideoOS.LogViewer.Tests\bin\Debug\VideoOS.LogViewer.Tests.dll" adapterTypeName="executor://mstestadapter/v2" className="VideoOS.LogViewer.Tests.AuditLog.AuditLoggerTests" name="LogExportCanceledToken_ShouldWriteLogline" />
    </UnitTest>
    <UnitTest name="LogExportCompletedToken_ShouldRegisterMessages (Unknown)" storage="d:\actions-runner\_work\xpco\xpco\logserver\viewer\videoos.logviewer.tests\bin\debug\videoos.logviewer.tests.dll" id="ef8e8214-92de-2292-fe46-0ebf40bdf876">
      <Execution id="f4b0fb5a-347c-4be7-a4d9-624db6a5b9cd" />
      <TestMethod codeBase="D:\actions-runner\_work\XPCO\XPCO\LogServer\Viewer\VideoOS.LogViewer.Tests\bin\Debug\VideoOS.LogViewer.Tests.dll" adapterTypeName="executor://mstestadapter/v2" className="VideoOS.LogViewer.Tests.AuditLog.AuditLoggerTests" name="LogExportCompletedToken_ShouldRegisterMessages" />
    </UnitTest>
    <UnitTest name="FetchLoglinesAsync_ShouldNotFetchMoreLoglines_IfAllLoglinesAreAlreadyFetched" storage="d:\actions-runner\_work\xpco\xpco\logserver\viewer\videoos.logviewer.tests\bin\debug\videoos.logviewer.tests.dll" id="2160afc6-ea21-09b1-6055-1f646d8e20af">
      <Execution id="1d9da098-ec1d-43d6-811b-87dfac5fcf96" />
      <TestMethod codeBase="D:\actions-runner\_work\XPCO\XPCO\LogServer\Viewer\VideoOS.LogViewer.Tests\bin\Debug\VideoOS.LogViewer.Tests.dll" adapterTypeName="executor://mstestadapter/v2" className="VideoOS.LogViewer.Tests.UI.ViewModels.RuleLogTabViewModelTests" name="FetchLoglinesAsync_ShouldNotFetchMoreLoglines_IfAllLoglinesAreAlreadyFetched" />
    </UnitTest>
    <UnitTest name="LogExportStarted_ShouldWriteLogline (System)" storage="d:\actions-runner\_work\xpco\xpco\logserver\viewer\videoos.logviewer.tests\bin\debug\videoos.logviewer.tests.dll" id="5579d6db-d7e5-1505-ede9-9087ed1f4c4f">
      <Execution id="626a12b1-6485-45f0-8625-b47b5c917f68" />
      <TestMethod codeBase="D:\actions-runner\_work\XPCO\XPCO\LogServer\Viewer\VideoOS.LogViewer.Tests\bin\Debug\VideoOS.LogViewer.Tests.dll" adapterTypeName="executor://mstestadapter/v2" className="VideoOS.LogViewer.Tests.AuditLog.AuditLoggerTests" name="LogExportStarted_ShouldWriteLogline" />
    </UnitTest>
    <UnitTest name="ExportCommand_ShouldStartExport" storage="d:\actions-runner\_work\xpco\xpco\logserver\viewer\videoos.logviewer.tests\bin\debug\videoos.logviewer.tests.dll" id="39c3a435-d6af-0a21-0bab-b00c9e2b78d0">
      <Execution id="3924e68f-448f-4130-8029-9502e9fcc299" />
      <TestMethod codeBase="D:\actions-runner\_work\XPCO\XPCO\LogServer\Viewer\VideoOS.LogViewer.Tests\bin\Debug\VideoOS.LogViewer.Tests.dll" adapterTypeName="executor://mstestadapter/v2" className="VideoOS.LogViewer.Tests.UI.ViewModels.ExportWindowViewModelTests" name="ExportCommand_ShouldStartExport" />
    </UnitTest>
    <UnitTest name="InitializeCommand_ShouldDoInitialFetchOfLogs" storage="d:\actions-runner\_work\xpco\xpco\logserver\viewer\videoos.logviewer.tests\bin\debug\videoos.logviewer.tests.dll" id="bf974658-9d6b-85f4-4dd4-82307286367d">
      <Execution id="f3e8d129-221f-467e-8c01-dfc00367e5d6" />
      <TestMethod codeBase="D:\actions-runner\_work\XPCO\XPCO\LogServer\Viewer\VideoOS.LogViewer.Tests\bin\Debug\VideoOS.LogViewer.Tests.dll" adapterTypeName="executor://mstestadapter/v2" className="VideoOS.LogViewer.Tests.UI.ViewModels.SystemLogTabViewModelTests" name="InitializeCommand_ShouldDoInitialFetchOfLogs" />
    </UnitTest>
    <UnitTest name="LogExportCanceled_ShouldGenerateCorrectParameters (Audit)" storage="d:\actions-runner\_work\xpco\xpco\logserver\viewer\videoos.logviewer.tests\bin\debug\videoos.logviewer.tests.dll" id="2e75c949-3e69-abd0-4244-93d6fd5a6c18">
      <Execution id="db809bef-dd58-44ae-9074-5bece6f52f66" />
      <TestMethod codeBase="D:\actions-runner\_work\XPCO\XPCO\LogServer\Viewer\VideoOS.LogViewer.Tests\bin\Debug\VideoOS.LogViewer.Tests.dll" adapterTypeName="executor://mstestadapter/v2" className="VideoOS.LogViewer.Tests.AuditLog.AuditLoggerTests" name="LogExportCanceled_ShouldGenerateCorrectParameters" />
    </UnitTest>
    <UnitTest name="ToggleDisplayAppliedFiltersOnlyCommand_ShouldDisplayOnlyAppliedFilters_WhenToggledForTheFirstTime" storage="d:\actions-runner\_work\xpco\xpco\logserver\viewer\videoos.logviewer.tests\bin\debug\videoos.logviewer.tests.dll" id="3d2d57a3-46fe-fe0a-7126-297641577363">
      <Execution id="82f27c01-da1e-4cc0-8c2e-da33544632bb" />
      <TestMethod codeBase="D:\actions-runner\_work\XPCO\XPCO\LogServer\Viewer\VideoOS.LogViewer.Tests\bin\Debug\VideoOS.LogViewer.Tests.dll" adapterTypeName="executor://mstestadapter/v2" className="VideoOS.LogViewer.Tests.UI.ViewModels.FilterSelectionControlViewModelTests" name="ToggleDisplayAppliedFiltersOnlyCommand_ShouldDisplayOnlyAppliedFilters_WhenToggledForTheFirstTime" />
    </UnitTest>
    <UnitTest name="FetchLoglinesAsync_ShouldFetchLoglines_IfPreviousCallIsComplete" storage="d:\actions-runner\_work\xpco\xpco\logserver\viewer\videoos.logviewer.tests\bin\debug\videoos.logviewer.tests.dll" id="f89cef89-828a-0381-92d5-c4bddcf42705">
      <Execution id="996d269e-dd77-4424-bdad-519054c7262c" />
      <TestMethod codeBase="D:\actions-runner\_work\XPCO\XPCO\LogServer\Viewer\VideoOS.LogViewer.Tests\bin\Debug\VideoOS.LogViewer.Tests.dll" adapterTypeName="executor://mstestadapter/v2" className="VideoOS.LogViewer.Tests.UI.ViewModels.RuleLogTabViewModelTests" name="FetchLoglinesAsync_ShouldFetchLoglines_IfPreviousCallIsComplete" />
    </UnitTest>
    <UnitTest name="ExportPathErrorMessage__ShouldNotBeNull_IfPathIsIllegal" storage="d:\actions-runner\_work\xpco\xpco\logserver\viewer\videoos.logviewer.tests\bin\debug\videoos.logviewer.tests.dll" id="0bfba3ec-fb5c-9307-d3b7-c7e6bc377d16">
      <Execution id="ad8b03c5-3bf0-4b29-ac9c-f90947c994a9" />
      <TestMethod codeBase="D:\actions-runner\_work\XPCO\XPCO\LogServer\Viewer\VideoOS.LogViewer.Tests\bin\Debug\VideoOS.LogViewer.Tests.dll" adapterTypeName="executor://mstestadapter/v2" className="VideoOS.LogViewer.Tests.UI.ViewModels.ExportWindowViewModelTests" name="ExportPathErrorMessage__ShouldNotBeNull_IfPathIsIllegal" />
    </UnitTest>
    <UnitTest name="StartExportAsync_ShouldIncludeFiltersInTheRuleTriggeredLogExport_IfAnyApplied (Service name)" storage="d:\actions-runner\_work\xpco\xpco\logserver\viewer\videoos.logviewer.tests\bin\debug\videoos.logviewer.tests.dll" id="655a0c13-4b4e-d198-f983-c02395713772">
      <Execution id="b184c4ce-706d-4a50-b0ec-e8b0ccc164e1" />
      <TestMethod codeBase="D:\actions-runner\_work\XPCO\XPCO\LogServer\Viewer\VideoOS.LogViewer.Tests\bin\Debug\VideoOS.LogViewer.Tests.dll" adapterTypeName="executor://mstestadapter/v2" className="VideoOS.LogViewer.Tests.Export.CSVExportHandlerTests" name="StartExportAsync_ShouldIncludeFiltersInTheRuleTriggeredLogExport_IfAnyApplied" />
    </UnitTest>
    <UnitTest name="Constructors_ShouldNotAllowInjectionOfNulls" storage="d:\actions-runner\_work\xpco\xpco\logserver\viewer\videoos.logviewer.tests\bin\debug\videoos.logviewer.tests.dll" id="7af781cd-399d-ab95-7bf8-2c61d76a11b4">
      <Execution id="13713057-cb91-4c8d-a4ba-474ebf30a326" />
      <TestMethod codeBase="D:\actions-runner\_work\XPCO\XPCO\LogServer\Viewer\VideoOS.LogViewer.Tests\bin\Debug\VideoOS.LogViewer.Tests.dll" adapterTypeName="executor://mstestadapter/v2" className="VideoOS.LogViewer.Tests.UI.ViewModels.RuleLogTabViewModelTests" name="Constructors_ShouldNotAllowInjectionOfNulls" />
    </UnitTest>
    <UnitTest name="FromTime_ShouldBeAdjusted_IfToTimeIsSetToEarlierTime" storage="d:\actions-runner\_work\xpco\xpco\logserver\viewer\videoos.logviewer.tests\bin\debug\videoos.logviewer.tests.dll" id="986e2cab-3617-88d9-614e-38fa80a368cb">
      <Execution id="2af3adaf-f326-4bf9-b6ea-eb9175b79666" />
      <TestMethod codeBase="D:\actions-runner\_work\XPCO\XPCO\LogServer\Viewer\VideoOS.LogViewer.Tests\bin\Debug\VideoOS.LogViewer.Tests.dll" adapterTypeName="executor://mstestadapter/v2" className="VideoOS.LogViewer.Tests.UI.ViewModels.RuleLogTabViewModelTests" name="FromTime_ShouldBeAdjusted_IfToTimeIsSetToEarlierTime" />
    </UnitTest>
    <UnitTest name="IsClearSearchVisible_ShouldBeFalse_IfSearchTextIsEmpty" storage="d:\actions-runner\_work\xpco\xpco\logserver\viewer\videoos.logviewer.tests\bin\debug\videoos.logviewer.tests.dll" id="92225fc8-16dd-2374-6ab7-a29bb5f3b8fe">
      <Execution id="29119e7c-687b-4fb2-8b05-34da7a37c26e" />
      <TestMethod codeBase="D:\actions-runner\_work\XPCO\XPCO\LogServer\Viewer\VideoOS.LogViewer.Tests\bin\Debug\VideoOS.LogViewer.Tests.dll" adapterTypeName="executor://mstestadapter/v2" className="VideoOS.LogViewer.Tests.UI.ViewModels.FilterSelectionControlViewModelTests" name="IsClearSearchVisible_ShouldBeFalse_IfSearchTextIsEmpty" />
    </UnitTest>
    <UnitTest name="LogExportStartedToken_ShouldWriteLogline (Rule)" storage="d:\actions-runner\_work\xpco\xpco\logserver\viewer\videoos.logviewer.tests\bin\debug\videoos.logviewer.tests.dll" id="18e27c0c-0446-ac82-10a9-013debd8222a">
      <Execution id="a38e9492-10f2-478d-9cc7-d785eda7c8ad" />
      <TestMethod codeBase="D:\actions-runner\_work\XPCO\XPCO\LogServer\Viewer\VideoOS.LogViewer.Tests\bin\Debug\VideoOS.LogViewer.Tests.dll" adapterTypeName="executor://mstestadapter/v2" className="VideoOS.LogViewer.Tests.AuditLog.AuditLoggerTests" name="LogExportStartedToken_ShouldWriteLogline" />
    </UnitTest>
    <UnitTest name="Constructors_ShouldNotAllowInjectionOfNulls" storage="d:\actions-runner\_work\xpco\xpco\logserver\viewer\videoos.logviewer.tests\bin\debug\videoos.logviewer.tests.dll" id="141d276b-8dfa-c928-a06f-164dfdb8946a">
      <Execution id="1c0011e2-8802-4ca9-96fd-aafdc524a901" />
      <TestMethod codeBase="D:\actions-runner\_work\XPCO\XPCO\LogServer\Viewer\VideoOS.LogViewer.Tests\bin\Debug\VideoOS.LogViewer.Tests.dll" adapterTypeName="executor://mstestadapter/v2" className="VideoOS.LogViewer.Tests.UI.ViewModels.LogViewerPanelViewModelTests" name="Constructors_ShouldNotAllowInjectionOfNulls" />
    </UnitTest>
    <UnitTest name="ExportNameErrorMessage_ShouldBeNull_IfFileDoesNotExist" storage="d:\actions-runner\_work\xpco\xpco\logserver\viewer\videoos.logviewer.tests\bin\debug\videoos.logviewer.tests.dll" id="f8c551bb-0a3d-688a-3234-2e8b907647f9">
      <Execution id="f632be6e-8324-4dc4-bb7c-4665001d242c" />
      <TestMethod codeBase="D:\actions-runner\_work\XPCO\XPCO\LogServer\Viewer\VideoOS.LogViewer.Tests\bin\Debug\VideoOS.LogViewer.Tests.dll" adapterTypeName="executor://mstestadapter/v2" className="VideoOS.LogViewer.Tests.UI.ViewModels.ExportWindowViewModelTests" name="ExportNameErrorMessage_ShouldBeNull_IfFileDoesNotExist" />
    </UnitTest>
    <UnitTest name="FetchLoglinesAsync_ShouldNotModify_WhatILogReaderProvides" storage="d:\actions-runner\_work\xpco\xpco\logserver\viewer\videoos.logviewer.tests\bin\debug\videoos.logviewer.tests.dll" id="3450b5ea-8e1a-df85-811e-9f3db8140adf">
      <Execution id="72155a60-e48e-4f27-a2d8-10312bd5479e" />
      <TestMethod codeBase="D:\actions-runner\_work\XPCO\XPCO\LogServer\Viewer\VideoOS.LogViewer.Tests\bin\Debug\VideoOS.LogViewer.Tests.dll" adapterTypeName="executor://mstestadapter/v2" className="VideoOS.LogViewer.Tests.UI.ViewModels.RuleLogTabViewModelTests" name="FetchLoglinesAsync_ShouldNotModify_WhatILogReaderProvides" />
    </UnitTest>
    <UnitTest name="ExportNameErrorMessage_ShouldNotBeNull_IfFileAlreadyExists" storage="d:\actions-runner\_work\xpco\xpco\logserver\viewer\videoos.logviewer.tests\bin\debug\videoos.logviewer.tests.dll" id="8d62ae03-a1c7-b35c-fd3c-655dad65ccd0">
      <Execution id="75113361-f4d4-4af0-a711-ffe41ed8f767" />
      <TestMethod codeBase="D:\actions-runner\_work\XPCO\XPCO\LogServer\Viewer\VideoOS.LogViewer.Tests\bin\Debug\VideoOS.LogViewer.Tests.dll" adapterTypeName="executor://mstestadapter/v2" className="VideoOS.LogViewer.Tests.UI.ViewModels.ExportWindowViewModelTests" name="ExportNameErrorMessage_ShouldNotBeNull_IfFileAlreadyExists" />
    </UnitTest>
    <UnitTest name="StartExportAsync_ShouldIncludeFiltersInTheAuditLogExport_IfAnyApplied (Category)" storage="d:\actions-runner\_work\xpco\xpco\logserver\viewer\videoos.logviewer.tests\bin\debug\videoos.logviewer.tests.dll" id="e006e369-cdcf-10d4-bbb4-105fbc142dfd">
      <Execution id="27771673-6023-45d2-b35d-e242dc6da3c7" />
      <TestMethod codeBase="D:\actions-runner\_work\XPCO\XPCO\LogServer\Viewer\VideoOS.LogViewer.Tests\bin\Debug\VideoOS.LogViewer.Tests.dll" adapterTypeName="executor://mstestadapter/v2" className="VideoOS.LogViewer.Tests.Export.CSVExportHandlerTests" name="StartExportAsync_ShouldIncludeFiltersInTheAuditLogExport_IfAnyApplied" />
    </UnitTest>
    <UnitTest name="Constructors_ShouldNotAllowInjectionOfNulls" storage="d:\actions-runner\_work\xpco\xpco\logserver\viewer\videoos.logviewer.tests\bin\debug\videoos.logviewer.tests.dll" id="131b6780-72ce-0697-3180-4ff69d75358b">
      <Execution id="887858a0-90ee-410f-bf0a-ff55e2257658" />
      <TestMethod codeBase="D:\actions-runner\_work\XPCO\XPCO\LogServer\Viewer\VideoOS.LogViewer.Tests\bin\Debug\VideoOS.LogViewer.Tests.dll" adapterTypeName="executor://mstestadapter/v2" className="VideoOS.LogViewer.Tests.AuditLog.AuditLoggerTests" name="Constructors_ShouldNotAllowInjectionOfNulls" />
    </UnitTest>
    <UnitTest name="CancelCommand_ShouldStopTheExport_IfItsInProgress" storage="d:\actions-runner\_work\xpco\xpco\logserver\viewer\videoos.logviewer.tests\bin\debug\videoos.logviewer.tests.dll" id="23b83e59-b71a-c931-5aaa-959a06972edc">
      <Execution id="1204d6dc-1ca5-4c99-90ed-280d40fb4d30" />
      <TestMethod codeBase="D:\actions-runner\_work\XPCO\XPCO\LogServer\Viewer\VideoOS.LogViewer.Tests\bin\Debug\VideoOS.LogViewer.Tests.dll" adapterTypeName="executor://mstestadapter/v2" className="VideoOS.LogViewer.Tests.UI.ViewModels.ExportWindowViewModelTests" name="CancelCommand_ShouldStopTheExport_IfItsInProgress" />
    </UnitTest>
    <UnitTest name="StartExportAsync_ShouldNotIncludeFiltersInTheRuleTriggeredLogExport_IfNoFiltersAreApplied (Source name)" storage="d:\actions-runner\_work\xpco\xpco\logserver\viewer\videoos.logviewer.tests\bin\debug\videoos.logviewer.tests.dll" id="c7735bc1-caf7-f869-d25f-8256a23ad688">
      <Execution id="c8d26834-ef48-4afa-8176-177b0534257c" />
      <TestMethod codeBase="D:\actions-runner\_work\XPCO\XPCO\LogServer\Viewer\VideoOS.LogViewer.Tests\bin\Debug\VideoOS.LogViewer.Tests.dll" adapterTypeName="executor://mstestadapter/v2" className="VideoOS.LogViewer.Tests.Export.CSVExportHandlerTests" name="StartExportAsync_ShouldNotIncludeFiltersInTheRuleTriggeredLogExport_IfNoFiltersAreApplied" />
    </UnitTest>
    <UnitTest name="FetchLoglinesAsync_ShouldDisplayErrorMessage_IfFetchLoglinesAsyncResultsInException" storage="d:\actions-runner\_work\xpco\xpco\logserver\viewer\videoos.logviewer.tests\bin\debug\videoos.logviewer.tests.dll" id="0665573d-6704-8548-10c9-d20ded516d75">
      <Execution id="ce558f87-da4f-4333-b626-1800355762bd" />
      <TestMethod codeBase="D:\actions-runner\_work\XPCO\XPCO\LogServer\Viewer\VideoOS.LogViewer.Tests\bin\Debug\VideoOS.LogViewer.Tests.dll" adapterTypeName="executor://mstestadapter/v2" className="VideoOS.LogViewer.Tests.UI.ViewModels.SystemLogTabViewModelTests" name="FetchLoglinesAsync_ShouldDisplayErrorMessage_IfFetchLoglinesAsyncResultsInException" />
    </UnitTest>
    <UnitTest name="Create_ShouldPassRuleLogTab_ToTheLogViewerPanelViewModelConstructor" storage="d:\actions-runner\_work\xpco\xpco\logserver\viewer\videoos.logviewer.tests\bin\debug\videoos.logviewer.tests.dll" id="9cb11d1e-83aa-2c36-8cb8-f6bf767d1298">
      <Execution id="c3b5757b-6926-4ec0-a3cf-ac0c7297cc4a" />
      <TestMethod codeBase="D:\actions-runner\_work\XPCO\XPCO\LogServer\Viewer\VideoOS.LogViewer.Tests\bin\Debug\VideoOS.LogViewer.Tests.dll" adapterTypeName="executor://mstestadapter/v2" className="VideoOS.LogViewer.Tests.UI.ViewModels.LogViewerPanelViewModelFactoryTests" name="Create_ShouldPassRuleLogTab_ToTheLogViewerPanelViewModelConstructor" />
    </UnitTest>
    <UnitTest name="LogExportCompletedToken_ShouldWriteLogline (Unknown)" storage="d:\actions-runner\_work\xpco\xpco\logserver\viewer\videoos.logviewer.tests\bin\debug\videoos.logviewer.tests.dll" id="c5d7cc29-cec2-0906-41b4-e150e07404c5">
      <Execution id="4c4e6193-54ea-485e-ab4e-2cf9f94f7f7f" />
      <TestMethod codeBase="D:\actions-runner\_work\XPCO\XPCO\LogServer\Viewer\VideoOS.LogViewer.Tests\bin\Debug\VideoOS.LogViewer.Tests.dll" adapterTypeName="executor://mstestadapter/v2" className="VideoOS.LogViewer.Tests.AuditLog.AuditLoggerTests" name="LogExportCompletedToken_ShouldWriteLogline" />
    </UnitTest>
    <UnitTest name="LogExportCompleted_ShouldRegisterMessages (Unknown)" storage="d:\actions-runner\_work\xpco\xpco\logserver\viewer\videoos.logviewer.tests\bin\debug\videoos.logviewer.tests.dll" id="41d63617-722f-2318-e2f3-dbb65350cdba">
      <Execution id="ada62b06-6e1f-47e9-a38d-2dab85ef6561" />
      <TestMethod codeBase="D:\actions-runner\_work\XPCO\XPCO\LogServer\Viewer\VideoOS.LogViewer.Tests\bin\Debug\VideoOS.LogViewer.Tests.dll" adapterTypeName="executor://mstestadapter/v2" className="VideoOS.LogViewer.Tests.AuditLog.AuditLoggerTests" name="LogExportCompleted_ShouldRegisterMessages" />
    </UnitTest>
    <UnitTest name="ExportErrorMessage_ShouldNotBeNull_IfExportHasFailed" storage="d:\actions-runner\_work\xpco\xpco\logserver\viewer\videoos.logviewer.tests\bin\debug\videoos.logviewer.tests.dll" id="6ecd42de-834d-c4e7-c131-8f83484b4b73">
      <Execution id="7c3ae0ad-f9fc-49fa-afa4-91f825ea938a" />
      <TestMethod codeBase="D:\actions-runner\_work\XPCO\XPCO\LogServer\Viewer\VideoOS.LogViewer.Tests\bin\Debug\VideoOS.LogViewer.Tests.dll" adapterTypeName="executor://mstestadapter/v2" className="VideoOS.LogViewer.Tests.Export.CSVExportHandlerTests" name="ExportErrorMessage_ShouldNotBeNull_IfExportHasFailed" />
    </UnitTest>
    <UnitTest name="ExportPathErrorMessage__ShouldNotBeNull_IfPathIsTooLong" storage="d:\actions-runner\_work\xpco\xpco\logserver\viewer\videoos.logviewer.tests\bin\debug\videoos.logviewer.tests.dll" id="5a82c354-672f-8cdb-93d1-349ec291b376">
      <Execution id="e1d94149-b96a-45d4-9273-718de815605a" />
      <TestMethod codeBase="D:\actions-runner\_work\XPCO\XPCO\LogServer\Viewer\VideoOS.LogViewer.Tests\bin\Debug\VideoOS.LogViewer.Tests.dll" adapterTypeName="executor://mstestadapter/v2" className="VideoOS.LogViewer.Tests.UI.ViewModels.ExportWindowViewModelTests" name="ExportPathErrorMessage__ShouldNotBeNull_IfPathIsTooLong" />
    </UnitTest>
    <UnitTest name="LogExportCompleted_ShouldWriteLogline (Unknown)" storage="d:\actions-runner\_work\xpco\xpco\logserver\viewer\videoos.logviewer.tests\bin\debug\videoos.logviewer.tests.dll" id="97e13f2d-1e16-be2e-43e2-6e7d3c174fa4">
      <Execution id="b0a292cd-659e-403a-9ec0-226063dfbe52" />
      <TestMethod codeBase="D:\actions-runner\_work\XPCO\XPCO\LogServer\Viewer\VideoOS.LogViewer.Tests\bin\Debug\VideoOS.LogViewer.Tests.dll" adapterTypeName="executor://mstestadapter/v2" className="VideoOS.LogViewer.Tests.AuditLog.AuditLoggerTests" name="LogExportCompleted_ShouldWriteLogline" />
    </UnitTest>
    <UnitTest name="LogExportCompletedToken_ShouldWriteLogline (System)" storage="d:\actions-runner\_work\xpco\xpco\logserver\viewer\videoos.logviewer.tests\bin\debug\videoos.logviewer.tests.dll" id="a80d2c88-6278-67cf-27d3-cf05ec5e6f40">
      <Execution id="49586256-ed2b-4c74-81a7-0ba259c6d6a4" />
      <TestMethod codeBase="D:\actions-runner\_work\XPCO\XPCO\LogServer\Viewer\VideoOS.LogViewer.Tests\bin\Debug\VideoOS.LogViewer.Tests.dll" adapterTypeName="executor://mstestadapter/v2" className="VideoOS.LogViewer.Tests.AuditLog.AuditLoggerTests" name="LogExportCompletedToken_ShouldWriteLogline" />
    </UnitTest>
    <UnitTest name="ResetSelection_ShouldSetVisibilityOnAllItemsToVisible" storage="d:\actions-runner\_work\xpco\xpco\logserver\viewer\videoos.logviewer.tests\bin\debug\videoos.logviewer.tests.dll" id="58fca637-e9aa-210c-81fc-86e7e6582798">
      <Execution id="b032a389-5b36-4fc4-96ff-ac9b8ed20df8" />
      <TestMethod codeBase="D:\actions-runner\_work\XPCO\XPCO\LogServer\Viewer\VideoOS.LogViewer.Tests\bin\Debug\VideoOS.LogViewer.Tests.dll" adapterTypeName="executor://mstestadapter/v2" className="VideoOS.LogViewer.Tests.UI.ViewModels.FilterSelectionControlViewModelTests" name="ResetSelection_ShouldSetVisibilityOnAllItemsToVisible" />
    </UnitTest>
    <UnitTest name="LogExportCompletedToken_ShouldWriteLogline (Audit)" storage="d:\actions-runner\_work\xpco\xpco\logserver\viewer\videoos.logviewer.tests\bin\debug\videoos.logviewer.tests.dll" id="48a9a022-a1fe-ffd1-b9ca-fcf937ab6db1">
      <Execution id="7e7f33cb-8fc2-42b9-b4ea-13862081225b" />
      <TestMethod codeBase="D:\actions-runner\_work\XPCO\XPCO\LogServer\Viewer\VideoOS.LogViewer.Tests\bin\Debug\VideoOS.LogViewer.Tests.dll" adapterTypeName="executor://mstestadapter/v2" className="VideoOS.LogViewer.Tests.AuditLog.AuditLoggerTests" name="LogExportCompletedToken_ShouldWriteLogline" />
    </UnitTest>
    <UnitTest name="OpenExportDestinationFolderCommand_ShouldStartTheProcessThatOpensDestinationFolder" storage="d:\actions-runner\_work\xpco\xpco\logserver\viewer\videoos.logviewer.tests\bin\debug\videoos.logviewer.tests.dll" id="54981a59-30e7-b290-ff1f-47c6157d20e2">
      <Execution id="25398b82-1701-443b-9dd8-9fdce11faf5e" />
      <TestMethod codeBase="D:\actions-runner\_work\XPCO\XPCO\LogServer\Viewer\VideoOS.LogViewer.Tests\bin\Debug\VideoOS.LogViewer.Tests.dll" adapterTypeName="executor://mstestadapter/v2" className="VideoOS.LogViewer.Tests.UI.ViewModels.ExportWindowViewModelTests" name="OpenExportDestinationFolderCommand_ShouldStartTheProcessThatOpensDestinationFolder" />
    </UnitTest>
    <UnitTest name="ExportCommand_ShouldNotStart_IfDirectoryPathIsTooLong" storage="d:\actions-runner\_work\xpco\xpco\logserver\viewer\videoos.logviewer.tests\bin\debug\videoos.logviewer.tests.dll" id="c27c7cea-460f-11d6-7c20-f333765b0a0e">
      <Execution id="88003606-f65c-4f4a-9767-619c8819a989" />
      <TestMethod codeBase="D:\actions-runner\_work\XPCO\XPCO\LogServer\Viewer\VideoOS.LogViewer.Tests\bin\Debug\VideoOS.LogViewer.Tests.dll" adapterTypeName="executor://mstestadapter/v2" className="VideoOS.LogViewer.Tests.UI.ViewModels.ExportWindowViewModelTests" name="ExportCommand_ShouldNotStart_IfDirectoryPathIsTooLong" />
    </UnitTest>
    <UnitTest name="ApplyFiltersCommand_ShouldQueryRuleLogs_InProvidedLanguage" storage="d:\actions-runner\_work\xpco\xpco\logserver\viewer\videoos.logviewer.tests\bin\debug\videoos.logviewer.tests.dll" id="0751a3c8-7e22-a7f8-c6e3-a05dbf8f920f">
      <Execution id="6f759f89-8274-42f6-8912-e55c96a3167f" />
      <TestMethod codeBase="D:\actions-runner\_work\XPCO\XPCO\LogServer\Viewer\VideoOS.LogViewer.Tests\bin\Debug\VideoOS.LogViewer.Tests.dll" adapterTypeName="executor://mstestadapter/v2" className="VideoOS.LogViewer.Tests.UI.ViewModels.RuleLogTabViewModelTests" name="ApplyFiltersCommand_ShouldQueryRuleLogs_InProvidedLanguage" />
    </UnitTest>
    <UnitTest name="Create_ShouldCreateAnInstanceOfExportWindowViewModel" storage="d:\actions-runner\_work\xpco\xpco\logserver\viewer\videoos.logviewer.tests\bin\debug\videoos.logviewer.tests.dll" id="e6d90400-8aa0-3ed6-4a85-567cdd039b88">
      <Execution id="dbee4dbe-aa1c-43fa-a5c8-23d8a97ab1ad" />
      <TestMethod codeBase="D:\actions-runner\_work\XPCO\XPCO\LogServer\Viewer\VideoOS.LogViewer.Tests\bin\Debug\VideoOS.LogViewer.Tests.dll" adapterTypeName="executor://mstestadapter/v2" className="VideoOS.LogViewer.Tests.UI.ViewModels.ExportWindowViewModelFactoryTests" name="Create_ShouldCreateAnInstanceOfExportWindowViewModel" />
    </UnitTest>
    <UnitTest name="IsExportCompleted_ShouldBeTrue_IfExportHasFinished" storage="d:\actions-runner\_work\xpco\xpco\logserver\viewer\videoos.logviewer.tests\bin\debug\videoos.logviewer.tests.dll" id="d55f7045-cb14-0f93-4610-ae875d162f50">
      <Execution id="1520fa32-f5d1-434d-a956-223ce88f7aa9" />
      <TestMethod codeBase="D:\actions-runner\_work\XPCO\XPCO\LogServer\Viewer\VideoOS.LogViewer.Tests\bin\Debug\VideoOS.LogViewer.Tests.dll" adapterTypeName="executor://mstestadapter/v2" className="VideoOS.LogViewer.Tests.Export.CSVExportHandlerTests" name="IsExportCompleted_ShouldBeTrue_IfExportHasFinished" />
    </UnitTest>
    <UnitTest name="InitializeCommand_ShouldDoInitialFetchOfLogs" storage="d:\actions-runner\_work\xpco\xpco\logserver\viewer\videoos.logviewer.tests\bin\debug\videoos.logviewer.tests.dll" id="69b16011-8d93-77d0-63a4-943955ce1b67">
      <Execution id="8ab2d471-a589-4f67-9775-8cce6018ca3e" />
      <TestMethod codeBase="D:\actions-runner\_work\XPCO\XPCO\LogServer\Viewer\VideoOS.LogViewer.Tests\bin\Debug\VideoOS.LogViewer.Tests.dll" adapterTypeName="executor://mstestadapter/v2" className="VideoOS.LogViewer.Tests.UI.ViewModels.RuleLogTabViewModelTests" name="InitializeCommand_ShouldDoInitialFetchOfLogs" />
    </UnitTest>
    <UnitTest name="ExportNameErrorMessage_ShouldNotBeNull_IfNameContainsInvalidCharacter (?)" storage="d:\actions-runner\_work\xpco\xpco\logserver\viewer\videoos.logviewer.tests\bin\debug\videoos.logviewer.tests.dll" id="45304466-fdf7-335e-8a7b-9b72ad76c4de">
      <Execution id="7dbc2643-3c11-47f8-8816-bd6de914030a" />
      <TestMethod codeBase="D:\actions-runner\_work\XPCO\XPCO\LogServer\Viewer\VideoOS.LogViewer.Tests\bin\Debug\VideoOS.LogViewer.Tests.dll" adapterTypeName="executor://mstestadapter/v2" className="VideoOS.LogViewer.Tests.UI.ViewModels.ExportWindowViewModelTests" name="ExportNameErrorMessage_ShouldNotBeNull_IfNameContainsInvalidCharacter" />
    </UnitTest>
    <UnitTest name="InitializeCommand_ShouldDisplayErrorMessage_IfGetFilterValuesAsyncResultsInException" storage="d:\actions-runner\_work\xpco\xpco\logserver\viewer\videoos.logviewer.tests\bin\debug\videoos.logviewer.tests.dll" id="ce330a3a-d115-ba5c-dc19-43f1531e4548">
      <Execution id="8314b276-3abb-4ed9-a290-fa0fef468c79" />
      <TestMethod codeBase="D:\actions-runner\_work\XPCO\XPCO\LogServer\Viewer\VideoOS.LogViewer.Tests\bin\Debug\VideoOS.LogViewer.Tests.dll" adapterTypeName="executor://mstestadapter/v2" className="VideoOS.LogViewer.Tests.UI.ViewModels.AuditLogTabViewModelTests" name="InitializeCommand_ShouldDisplayErrorMessage_IfGetFilterValuesAsyncResultsInException" />
    </UnitTest>
    <UnitTest name="LogExportCompleted_ShouldRegisterCategory (System)" storage="d:\actions-runner\_work\xpco\xpco\logserver\viewer\videoos.logviewer.tests\bin\debug\videoos.logviewer.tests.dll" id="bc411907-762e-f7d3-616e-09d135af5a37">
      <Execution id="a5cb5947-2ef8-47e8-9c64-69f6b0cca7e3" />
      <TestMethod codeBase="D:\actions-runner\_work\XPCO\XPCO\LogServer\Viewer\VideoOS.LogViewer.Tests\bin\Debug\VideoOS.LogViewer.Tests.dll" adapterTypeName="executor://mstestadapter/v2" className="VideoOS.LogViewer.Tests.AuditLog.AuditLoggerTests" name="LogExportCompleted_ShouldRegisterCategory" />
    </UnitTest>
    <UnitTest name="Constructors_ShouldNotAllowInjectionOfNulls" storage="d:\actions-runner\_work\xpco\xpco\logserver\viewer\videoos.logviewer.tests\bin\debug\videoos.logviewer.tests.dll" id="7826c7a3-2e65-4760-2cca-897b0037617a">
      <Execution id="25d19b9f-bd7d-47e7-bee0-198bc6e95724" />
      <TestMethod codeBase="D:\actions-runner\_work\XPCO\XPCO\LogServer\Viewer\VideoOS.LogViewer.Tests\bin\Debug\VideoOS.LogViewer.Tests.dll" adapterTypeName="executor://mstestadapter/v2" className="VideoOS.LogViewer.Tests.UI.ViewModels.ExportWindowViewModelTests" name="Constructors_ShouldNotAllowInjectionOfNulls" />
    </UnitTest>
    <UnitTest name="LogExportStartedToken_ShouldGenerateCorrectParameters (Unknown)" storage="d:\actions-runner\_work\xpco\xpco\logserver\viewer\videoos.logviewer.tests\bin\debug\videoos.logviewer.tests.dll" id="eb5ce628-8e13-63df-01c5-f204fe1dc426">
      <Execution id="04f8a0c8-92ac-4451-8208-8765311c525a" />
      <TestMethod codeBase="D:\actions-runner\_work\XPCO\XPCO\LogServer\Viewer\VideoOS.LogViewer.Tests\bin\Debug\VideoOS.LogViewer.Tests.dll" adapterTypeName="executor://mstestadapter/v2" className="VideoOS.LogViewer.Tests.AuditLog.AuditLoggerTests" name="LogExportStartedToken_ShouldGenerateCorrectParameters" />
    </UnitTest>
    <UnitTest name="IsExportStarted_ShouldBeTrue_WhenExportIsStarted" storage="d:\actions-runner\_work\xpco\xpco\logserver\viewer\videoos.logviewer.tests\bin\debug\videoos.logviewer.tests.dll" id="c3f6da99-021a-8a45-4133-72be04443522">
      <Execution id="a7ddd3e1-9b1d-403d-bf43-eb0d24e7214b" />
      <TestMethod codeBase="D:\actions-runner\_work\XPCO\XPCO\LogServer\Viewer\VideoOS.LogViewer.Tests\bin\Debug\VideoOS.LogViewer.Tests.dll" adapterTypeName="executor://mstestadapter/v2" className="VideoOS.LogViewer.Tests.Export.CSVExportHandlerTests" name="IsExportStarted_ShouldBeTrue_WhenExportIsStarted" />
    </UnitTest>
    <UnitTest name="StartExportAsync_ShouldExportAllAuditLogsWithinGivenTime_IfNoFiltersApplied" storage="d:\actions-runner\_work\xpco\xpco\logserver\viewer\videoos.logviewer.tests\bin\debug\videoos.logviewer.tests.dll" id="73b61a45-bc61-074d-1187-832d1c05ee52">
      <Execution id="86f67165-66a5-4855-961f-3efb6b4bee78" />
      <TestMethod codeBase="D:\actions-runner\_work\XPCO\XPCO\LogServer\Viewer\VideoOS.LogViewer.Tests\bin\Debug\VideoOS.LogViewer.Tests.dll" adapterTypeName="executor://mstestadapter/v2" className="VideoOS.LogViewer.Tests.Export.CSVExportHandlerTests" name="StartExportAsync_ShouldExportAllAuditLogsWithinGivenTime_IfNoFiltersApplied" />
    </UnitTest>
    <UnitTest name="LogExportStartedToken_ShouldWriteLogline (Unknown)" storage="d:\actions-runner\_work\xpco\xpco\logserver\viewer\videoos.logviewer.tests\bin\debug\videoos.logviewer.tests.dll" id="0ad00e78-6b7f-c193-7bcf-0b2d694ff860">
      <Execution id="a6cce502-9538-4ef7-adda-29c59e40daf4" />
      <TestMethod codeBase="D:\actions-runner\_work\XPCO\XPCO\LogServer\Viewer\VideoOS.LogViewer.Tests\bin\Debug\VideoOS.LogViewer.Tests.dll" adapterTypeName="executor://mstestadapter/v2" className="VideoOS.LogViewer.Tests.AuditLog.AuditLoggerTests" name="LogExportStartedToken_ShouldWriteLogline" />
    </UnitTest>
    <UnitTest name="StartExportAsync_ShouldNotIncludeFiltersInTheSystemLogExport_IfNoFiltersAreApplied (Source type)" storage="d:\actions-runner\_work\xpco\xpco\logserver\viewer\videoos.logviewer.tests\bin\debug\videoos.logviewer.tests.dll" id="b0531a94-776b-6394-02a1-ffe9fd4ea1d9">
      <Execution id="42d03d24-b252-43e2-ad08-63fac41ff505" />
      <TestMethod codeBase="D:\actions-runner\_work\XPCO\XPCO\LogServer\Viewer\VideoOS.LogViewer.Tests\bin\Debug\VideoOS.LogViewer.Tests.dll" adapterTypeName="executor://mstestadapter/v2" className="VideoOS.LogViewer.Tests.Export.CSVExportHandlerTests" name="StartExportAsync_ShouldNotIncludeFiltersInTheSystemLogExport_IfNoFiltersAreApplied" />
    </UnitTest>
    <UnitTest name="LogExportCanceled_ShouldGenerateCorrectParameters (Unknown)" storage="d:\actions-runner\_work\xpco\xpco\logserver\viewer\videoos.logviewer.tests\bin\debug\videoos.logviewer.tests.dll" id="f783329b-5fe8-b046-f8d7-759496049789">
      <Execution id="c21c9cd3-6781-4b5a-bcfb-635494772d91" />
      <TestMethod codeBase="D:\actions-runner\_work\XPCO\XPCO\LogServer\Viewer\VideoOS.LogViewer.Tests\bin\Debug\VideoOS.LogViewer.Tests.dll" adapterTypeName="executor://mstestadapter/v2" className="VideoOS.LogViewer.Tests.AuditLog.AuditLoggerTests" name="LogExportCanceled_ShouldGenerateCorrectParameters" />
    </UnitTest>
    <UnitTest name="StartExportAsync_ShouldNotIncludeFiltersInTheAuditLogExport_IfNoFiltersAreApplied (Category)" storage="d:\actions-runner\_work\xpco\xpco\logserver\viewer\videoos.logviewer.tests\bin\debug\videoos.logviewer.tests.dll" id="8fd91340-7618-c4e0-26f0-3146c56ca46b">
      <Execution id="0c856979-8f5e-46ac-8d21-801317d23781" />
      <TestMethod codeBase="D:\actions-runner\_work\XPCO\XPCO\LogServer\Viewer\VideoOS.LogViewer.Tests\bin\Debug\VideoOS.LogViewer.Tests.dll" adapterTypeName="executor://mstestadapter/v2" className="VideoOS.LogViewer.Tests.Export.CSVExportHandlerTests" name="StartExportAsync_ShouldNotIncludeFiltersInTheAuditLogExport_IfNoFiltersAreApplied" />
    </UnitTest>
    <UnitTest name="ClearFiltersCommand_ShouldUnselectAllSelectedItems" storage="d:\actions-runner\_work\xpco\xpco\logserver\viewer\videoos.logviewer.tests\bin\debug\videoos.logviewer.tests.dll" id="daf0a00d-6fe6-ef6d-42f8-78b185981687">
      <Execution id="95c54279-126b-4d6b-aaa5-e793ebccd739" />
      <TestMethod codeBase="D:\actions-runner\_work\XPCO\XPCO\LogServer\Viewer\VideoOS.LogViewer.Tests\bin\Debug\VideoOS.LogViewer.Tests.dll" adapterTypeName="executor://mstestadapter/v2" className="VideoOS.LogViewer.Tests.UI.ViewModels.FilterSelectionControlViewModelTests" name="ClearFiltersCommand_ShouldUnselectAllSelectedItems" />
    </UnitTest>
    <UnitTest name="LogExportCompletedToken_ShouldRegisterCategory (Unknown)" storage="d:\actions-runner\_work\xpco\xpco\logserver\viewer\videoos.logviewer.tests\bin\debug\videoos.logviewer.tests.dll" id="1452bdee-6c6c-48e4-e741-367a46d1f13b">
      <Execution id="5fbbc24c-8493-4521-9479-3547efb3c441" />
      <TestMethod codeBase="D:\actions-runner\_work\XPCO\XPCO\LogServer\Viewer\VideoOS.LogViewer.Tests\bin\Debug\VideoOS.LogViewer.Tests.dll" adapterTypeName="executor://mstestadapter/v2" className="VideoOS.LogViewer.Tests.AuditLog.AuditLoggerTests" name="LogExportCompletedToken_ShouldRegisterCategory" />
    </UnitTest>
    <UnitTest name="InitializeCommand_ShouldDoInitialFetchOfLogs" storage="d:\actions-runner\_work\xpco\xpco\logserver\viewer\videoos.logviewer.tests\bin\debug\videoos.logviewer.tests.dll" id="e54ed4ba-d89b-a9d5-364a-a66ae8ee81cc">
      <Execution id="852dfb49-8995-42aa-b50e-abe197b01c57" />
      <TestMethod codeBase="D:\actions-runner\_work\XPCO\XPCO\LogServer\Viewer\VideoOS.LogViewer.Tests\bin\Debug\VideoOS.LogViewer.Tests.dll" adapterTypeName="executor://mstestadapter/v2" className="VideoOS.LogViewer.Tests.UI.ViewModels.AuditLogTabViewModelTests" name="InitializeCommand_ShouldDoInitialFetchOfLogs" />
    </UnitTest>
    <UnitTest name="LogExportStarted_ShouldWriteLogline (Audit)" storage="d:\actions-runner\_work\xpco\xpco\logserver\viewer\videoos.logviewer.tests\bin\debug\videoos.logviewer.tests.dll" id="5c982bf7-4b35-1b19-22ea-337141469bb1">
      <Execution id="89951334-1741-4fc7-802b-83971abce8ef" />
      <TestMethod codeBase="D:\actions-runner\_work\XPCO\XPCO\LogServer\Viewer\VideoOS.LogViewer.Tests\bin\Debug\VideoOS.LogViewer.Tests.dll" adapterTypeName="executor://mstestadapter/v2" className="VideoOS.LogViewer.Tests.AuditLog.AuditLoggerTests" name="LogExportStarted_ShouldWriteLogline" />
    </UnitTest>
    <UnitTest name="LogExportCompleted_ShouldRegisterMessages (Audit)" storage="d:\actions-runner\_work\xpco\xpco\logserver\viewer\videoos.logviewer.tests\bin\debug\videoos.logviewer.tests.dll" id="c6e2fe10-6374-0330-3a55-32e9451857d1">
      <Execution id="f2482cee-39bc-4da7-906f-97a8af86e349" />
      <TestMethod codeBase="D:\actions-runner\_work\XPCO\XPCO\LogServer\Viewer\VideoOS.LogViewer.Tests\bin\Debug\VideoOS.LogViewer.Tests.dll" adapterTypeName="executor://mstestadapter/v2" className="VideoOS.LogViewer.Tests.AuditLog.AuditLoggerTests" name="LogExportCompleted_ShouldRegisterMessages" />
    </UnitTest>
    <UnitTest name="Constructors_ShouldNotAllowInjectionOfNulls" storage="d:\actions-runner\_work\xpco\xpco\logserver\viewer\videoos.logviewer.tests\bin\debug\videoos.logviewer.tests.dll" id="8be88b29-25dc-3616-dac3-34e25f491160">
      <Execution id="512c5ec9-2570-40e5-bbbc-ebe6622660e7" />
      <TestMethod codeBase="D:\actions-runner\_work\XPCO\XPCO\LogServer\Viewer\VideoOS.LogViewer.Tests\bin\Debug\VideoOS.LogViewer.Tests.dll" adapterTypeName="executor://mstestadapter/v2" className="VideoOS.LogViewer.Tests.UI.ViewModels.SystemLogTabViewModelTests" name="Constructors_ShouldNotAllowInjectionOfNulls" />
    </UnitTest>
    <UnitTest name="OnScrollChanged_ShouldTriggerFetchingMoreLoglines (False,0,0,False)" storage="d:\actions-runner\_work\xpco\xpco\logserver\viewer\videoos.logviewer.tests\bin\debug\videoos.logviewer.tests.dll" id="494df25c-ab31-3079-9698-eeb06f71012c">
      <Execution id="5e74de1c-38f4-488c-8e80-c123b1629a28" />
      <TestMethod codeBase="D:\actions-runner\_work\XPCO\XPCO\LogServer\Viewer\VideoOS.LogViewer.Tests\bin\Debug\VideoOS.LogViewer.Tests.dll" adapterTypeName="executor://mstestadapter/v2" className="VideoOS.LogViewer.Tests.UI.Views.LoglinesDataGridAutoFetchLogsBehaviorTests" name="OnScrollChanged_ShouldTriggerFetchingMoreLoglines" />
    </UnitTest>
    <UnitTest name="LogExportStartedToken_ShouldWriteLogline (Audit)" storage="d:\actions-runner\_work\xpco\xpco\logserver\viewer\videoos.logviewer.tests\bin\debug\videoos.logviewer.tests.dll" id="4b9a16ae-5d37-16ca-5a23-abaf091957f3">
      <Execution id="22fa5689-71af-453d-9bb1-92a03b01d33a" />
      <TestMethod codeBase="D:\actions-runner\_work\XPCO\XPCO\LogServer\Viewer\VideoOS.LogViewer.Tests\bin\Debug\VideoOS.LogViewer.Tests.dll" adapterTypeName="executor://mstestadapter/v2" className="VideoOS.LogViewer.Tests.AuditLog.AuditLoggerTests" name="LogExportStartedToken_ShouldWriteLogline" />
    </UnitTest>
    <UnitTest name="LogExportCompleted_ShouldWriteLogline (Rule)" storage="d:\actions-runner\_work\xpco\xpco\logserver\viewer\videoos.logviewer.tests\bin\debug\videoos.logviewer.tests.dll" id="57ae62f6-95f9-d9c6-ed08-3672f3562bb1">
      <Execution id="e9bb44c0-4446-46c1-936f-d7533f9fc89a" />
      <TestMethod codeBase="D:\actions-runner\_work\XPCO\XPCO\LogServer\Viewer\VideoOS.LogViewer.Tests\bin\Debug\VideoOS.LogViewer.Tests.dll" adapterTypeName="executor://mstestadapter/v2" className="VideoOS.LogViewer.Tests.AuditLog.AuditLoggerTests" name="LogExportCompleted_ShouldWriteLogline" />
    </UnitTest>
    <UnitTest name="StartExportAsync_ShouldNotIncludeFiltersInTheAuditLogExport_IfNoFiltersAreApplied (User)" storage="d:\actions-runner\_work\xpco\xpco\logserver\viewer\videoos.logviewer.tests\bin\debug\videoos.logviewer.tests.dll" id="e5aefbec-fe62-bbcb-6250-0ce7b8057386">
      <Execution id="45362c5e-f673-4380-b092-d47e638e5ce9" />
      <TestMethod codeBase="D:\actions-runner\_work\XPCO\XPCO\LogServer\Viewer\VideoOS.LogViewer.Tests\bin\Debug\VideoOS.LogViewer.Tests.dll" adapterTypeName="executor://mstestadapter/v2" className="VideoOS.LogViewer.Tests.Export.CSVExportHandlerTests" name="StartExportAsync_ShouldNotIncludeFiltersInTheAuditLogExport_IfNoFiltersAreApplied" />
    </UnitTest>
    <UnitTest name="FetchLoglinesAsync_ShouldNotFetchLoglines_IfPreviousCallIsInProgress" storage="d:\actions-runner\_work\xpco\xpco\logserver\viewer\videoos.logviewer.tests\bin\debug\videoos.logviewer.tests.dll" id="26b056c3-3ab8-a12a-ebdf-8a8f425f05fb">
      <Execution id="5c94c7bd-5ad4-4dbc-b8b6-d339ee8571ca" />
      <TestMethod codeBase="D:\actions-runner\_work\XPCO\XPCO\LogServer\Viewer\VideoOS.LogViewer.Tests\bin\Debug\VideoOS.LogViewer.Tests.dll" adapterTypeName="executor://mstestadapter/v2" className="VideoOS.LogViewer.Tests.UI.ViewModels.RuleLogTabViewModelTests" name="FetchLoglinesAsync_ShouldNotFetchLoglines_IfPreviousCallIsInProgress" />
    </UnitTest>
    <UnitTest name="AutomationId_ShouldNotBeNullOrEmpty" storage="d:\actions-runner\_work\xpco\xpco\logserver\viewer\videoos.logviewer.tests\bin\debug\videoos.logviewer.tests.dll" id="b4e0a762-e757-bae0-5862-b1262dcc1c6f">
      <Execution id="09693d6e-5ffa-4584-ae40-40187aae270e" />
      <TestMethod codeBase="D:\actions-runner\_work\XPCO\XPCO\LogServer\Viewer\VideoOS.LogViewer.Tests\bin\Debug\VideoOS.LogViewer.Tests.dll" adapterTypeName="executor://mstestadapter/v2" className="VideoOS.LogViewer.Tests.UI.ViewModels.SystemLogTabViewModelTests" name="AutomationId_ShouldNotBeNullOrEmpty" />
    </UnitTest>
    <UnitTest name="ExportCommand_ShouldCreateExportDirectory_IfItDoesNotExist" storage="d:\actions-runner\_work\xpco\xpco\logserver\viewer\videoos.logviewer.tests\bin\debug\videoos.logviewer.tests.dll" id="06c9159f-2b66-12d8-2469-a42ec62bc921">
      <Execution id="3753952f-26e3-4584-ae5c-fb79a4dca9f4" />
      <TestMethod codeBase="D:\actions-runner\_work\XPCO\XPCO\LogServer\Viewer\VideoOS.LogViewer.Tests\bin\Debug\VideoOS.LogViewer.Tests.dll" adapterTypeName="executor://mstestadapter/v2" className="VideoOS.LogViewer.Tests.UI.ViewModels.ExportWindowViewModelTests" name="ExportCommand_ShouldCreateExportDirectory_IfItDoesNotExist" />
    </UnitTest>
    <UnitTest name="StartExportAsync_ShouldNotIncludeFiltersInTheRuleTriggeredLogExport_IfNoFiltersAreApplied (Category)" storage="d:\actions-runner\_work\xpco\xpco\logserver\viewer\videoos.logviewer.tests\bin\debug\videoos.logviewer.tests.dll" id="aab1f6c5-c02d-5ec4-753c-bc7333feb735">
      <Execution id="77b95175-c5d2-4a81-b170-772b7499cfbf" />
      <TestMethod codeBase="D:\actions-runner\_work\XPCO\XPCO\LogServer\Viewer\VideoOS.LogViewer.Tests\bin\Debug\VideoOS.LogViewer.Tests.dll" adapterTypeName="executor://mstestadapter/v2" className="VideoOS.LogViewer.Tests.Export.CSVExportHandlerTests" name="StartExportAsync_ShouldNotIncludeFiltersInTheRuleTriggeredLogExport_IfNoFiltersAreApplied" />
    </UnitTest>
    <UnitTest name="StartExportAsync_ShouldIncludeFiltersInTheAuditLogExport_IfAnyApplied (Source type)" storage="d:\actions-runner\_work\xpco\xpco\logserver\viewer\videoos.logviewer.tests\bin\debug\videoos.logviewer.tests.dll" id="dde8fcfb-902c-5430-ca76-e13e1d10669c">
      <Execution id="732ccd5e-eb86-4ff7-bf97-96b6d3ae9afb" />
      <TestMethod codeBase="D:\actions-runner\_work\XPCO\XPCO\LogServer\Viewer\VideoOS.LogViewer.Tests\bin\Debug\VideoOS.LogViewer.Tests.dll" adapterTypeName="executor://mstestadapter/v2" className="VideoOS.LogViewer.Tests.Export.CSVExportHandlerTests" name="StartExportAsync_ShouldIncludeFiltersInTheAuditLogExport_IfAnyApplied" />
    </UnitTest>
    <UnitTest name="LogExportCompletedToken_ShouldWriteLogline (Rule)" storage="d:\actions-runner\_work\xpco\xpco\logserver\viewer\videoos.logviewer.tests\bin\debug\videoos.logviewer.tests.dll" id="ef365e9f-179f-bed4-eb9b-f2e5076c2ba8">
      <Execution id="50113edb-4cfa-4388-ad23-60adf29b32a9" />
      <TestMethod codeBase="D:\actions-runner\_work\XPCO\XPCO\LogServer\Viewer\VideoOS.LogViewer.Tests\bin\Debug\VideoOS.LogViewer.Tests.dll" adapterTypeName="executor://mstestadapter/v2" className="VideoOS.LogViewer.Tests.AuditLog.AuditLoggerTests" name="LogExportCompletedToken_ShouldWriteLogline" />
    </UnitTest>
    <UnitTest name="LogExportCompleted_ShouldRegisterCategory (Rule)" storage="d:\actions-runner\_work\xpco\xpco\logserver\viewer\videoos.logviewer.tests\bin\debug\videoos.logviewer.tests.dll" id="acbca94e-4023-0e4f-af60-f647afe1dc60">
      <Execution id="8eb2b1b8-dff9-4734-abd1-d1692380e794" />
      <TestMethod codeBase="D:\actions-runner\_work\XPCO\XPCO\LogServer\Viewer\VideoOS.LogViewer.Tests\bin\Debug\VideoOS.LogViewer.Tests.dll" adapterTypeName="executor://mstestadapter/v2" className="VideoOS.LogViewer.Tests.AuditLog.AuditLoggerTests" name="LogExportCompleted_ShouldRegisterCategory" />
    </UnitTest>
    <UnitTest name="AutomationId_ShouldNotBeNullOrEmpty" storage="d:\actions-runner\_work\xpco\xpco\logserver\viewer\videoos.logviewer.tests\bin\debug\videoos.logviewer.tests.dll" id="3cf4443c-2882-4fb3-cf66-d9e85d93fa77">
      <Execution id="18b3fde9-a43e-40f9-8cae-416ca6c7ae25" />
      <TestMethod codeBase="D:\actions-runner\_work\XPCO\XPCO\LogServer\Viewer\VideoOS.LogViewer.Tests\bin\Debug\VideoOS.LogViewer.Tests.dll" adapterTypeName="executor://mstestadapter/v2" className="VideoOS.LogViewer.Tests.UI.ViewModels.AuditLogTabViewModelTests" name="AutomationId_ShouldNotBeNullOrEmpty" />
    </UnitTest>
    <UnitTest name="IsClearSearchVisible_ShouldBeTrue_IfSearchTextIsNotEmpty" storage="d:\actions-runner\_work\xpco\xpco\logserver\viewer\videoos.logviewer.tests\bin\debug\videoos.logviewer.tests.dll" id="74557625-2b10-bb56-d604-f4d866013a85">
      <Execution id="394d4898-ec27-45a1-b361-07d6499e34c0" />
      <TestMethod codeBase="D:\actions-runner\_work\XPCO\XPCO\LogServer\Viewer\VideoOS.LogViewer.Tests\bin\Debug\VideoOS.LogViewer.Tests.dll" adapterTypeName="executor://mstestadapter/v2" className="VideoOS.LogViewer.Tests.UI.ViewModels.FilterSelectionControlViewModelTests" name="IsClearSearchVisible_ShouldBeTrue_IfSearchTextIsNotEmpty" />
    </UnitTest>
    <UnitTest name="LogExportStarted_ShouldGenerateCorrectParameters (Rule)" storage="d:\actions-runner\_work\xpco\xpco\logserver\viewer\videoos.logviewer.tests\bin\debug\videoos.logviewer.tests.dll" id="fc1760ec-6935-b01e-bdee-1df8974d3a4e">
      <Execution id="d3d58876-85fd-4401-a83d-9d9e1d788751" />
      <TestMethod codeBase="D:\actions-runner\_work\XPCO\XPCO\LogServer\Viewer\VideoOS.LogViewer.Tests\bin\Debug\VideoOS.LogViewer.Tests.dll" adapterTypeName="executor://mstestadapter/v2" className="VideoOS.LogViewer.Tests.AuditLog.AuditLoggerTests" name="LogExportStarted_ShouldGenerateCorrectParameters" />
    </UnitTest>
    <UnitTest name="AutomationId_ShouldNotBeNullOrEmpty" storage="d:\actions-runner\_work\xpco\xpco\logserver\viewer\videoos.logviewer.tests\bin\debug\videoos.logviewer.tests.dll" id="5da7e7b1-8437-9765-8ac5-47f31165560b">
      <Execution id="2beec8e0-9e0d-4db2-b73c-82e45a1a4fb9" />
      <TestMethod codeBase="D:\actions-runner\_work\XPCO\XPCO\LogServer\Viewer\VideoOS.LogViewer.Tests\bin\Debug\VideoOS.LogViewer.Tests.dll" adapterTypeName="executor://mstestadapter/v2" className="VideoOS.LogViewer.Tests.UI.ViewModels.RuleLogTabViewModelTests" name="AutomationId_ShouldNotBeNullOrEmpty" />
    </UnitTest>
    <UnitTest name="LogExportCanceled_ShouldGenerateCorrectParameters (System)" storage="d:\actions-runner\_work\xpco\xpco\logserver\viewer\videoos.logviewer.tests\bin\debug\videoos.logviewer.tests.dll" id="3372c037-0d85-2c5a-a74a-457d77e738e2">
      <Execution id="f5efbe94-6caf-40e1-aed0-dbadc0e06f7a" />
      <TestMethod codeBase="D:\actions-runner\_work\XPCO\XPCO\LogServer\Viewer\VideoOS.LogViewer.Tests\bin\Debug\VideoOS.LogViewer.Tests.dll" adapterTypeName="executor://mstestadapter/v2" className="VideoOS.LogViewer.Tests.AuditLog.AuditLoggerTests" name="LogExportCanceled_ShouldGenerateCorrectParameters" />
    </UnitTest>
    <UnitTest name="LogExportCanceledToken_ShouldGenerateCorrectParameters (Audit)" storage="d:\actions-runner\_work\xpco\xpco\logserver\viewer\videoos.logviewer.tests\bin\debug\videoos.logviewer.tests.dll" id="3bbb90cb-609e-e79b-9342-439e7c710d4a">
      <Execution id="db5481e3-d0c7-4df4-9ba4-46f21c880c33" />
      <TestMethod codeBase="D:\actions-runner\_work\XPCO\XPCO\LogServer\Viewer\VideoOS.LogViewer.Tests\bin\Debug\VideoOS.LogViewer.Tests.dll" adapterTypeName="executor://mstestadapter/v2" className="VideoOS.LogViewer.Tests.AuditLog.AuditLoggerTests" name="LogExportCanceledToken_ShouldGenerateCorrectParameters" />
    </UnitTest>
    <UnitTest name="LogExportStartedToken_ShouldGenerateCorrectParameters (Rule)" storage="d:\actions-runner\_work\xpco\xpco\logserver\viewer\videoos.logviewer.tests\bin\debug\videoos.logviewer.tests.dll" id="e7fe7eb6-f2f0-e45d-3d42-b3275c0b4293">
      <Execution id="73a5f121-3442-43f9-bb19-7565e8d5dc7a" />
      <TestMethod codeBase="D:\actions-runner\_work\XPCO\XPCO\LogServer\Viewer\VideoOS.LogViewer.Tests\bin\Debug\VideoOS.LogViewer.Tests.dll" adapterTypeName="executor://mstestadapter/v2" className="VideoOS.LogViewer.Tests.AuditLog.AuditLoggerTests" name="LogExportStartedToken_ShouldGenerateCorrectParameters" />
    </UnitTest>
    <UnitTest name="LogExportCompleted_ShouldRegisterSourceType (Audit)" storage="d:\actions-runner\_work\xpco\xpco\logserver\viewer\videoos.logviewer.tests\bin\debug\videoos.logviewer.tests.dll" id="5b9d8790-41a8-e324-0f42-b3f3838e922e">
      <Execution id="3413a7cc-b0cc-4652-b41c-04dddcac20b6" />
      <TestMethod codeBase="D:\actions-runner\_work\XPCO\XPCO\LogServer\Viewer\VideoOS.LogViewer.Tests\bin\Debug\VideoOS.LogViewer.Tests.dll" adapterTypeName="executor://mstestadapter/v2" className="VideoOS.LogViewer.Tests.AuditLog.AuditLoggerTests" name="LogExportCompleted_ShouldRegisterSourceType" />
    </UnitTest>
    <UnitTest name="Constructors_ShouldNotAllowInjectionOfNulls" storage="d:\actions-runner\_work\xpco\xpco\logserver\viewer\videoos.logviewer.tests\bin\debug\videoos.logviewer.tests.dll" id="9e225351-7a51-97ff-08f4-9b692d21bbc4">
      <Execution id="27dd988b-187a-4254-a661-f14e4bdff217" />
      <TestMethod codeBase="D:\actions-runner\_work\XPCO\XPCO\LogServer\Viewer\VideoOS.LogViewer.Tests\bin\Debug\VideoOS.LogViewer.Tests.dll" adapterTypeName="executor://mstestadapter/v2" className="VideoOS.LogViewer.Tests.Export.ExportHandlerFactoryTests" name="Constructors_ShouldNotAllowInjectionOfNulls" />
    </UnitTest>
    <UnitTest name="ExportNameErrorMessage_ShouldNotBeNull_IfNameContainsInvalidCharacter (/)" storage="d:\actions-runner\_work\xpco\xpco\logserver\viewer\videoos.logviewer.tests\bin\debug\videoos.logviewer.tests.dll" id="db2fe9b8-64ad-a3c4-efe9-40f1d2f9333b">
      <Execution id="63cb1b3e-755c-4c2c-814b-da5ffa5e5968" />
      <TestMethod codeBase="D:\actions-runner\_work\XPCO\XPCO\LogServer\Viewer\VideoOS.LogViewer.Tests\bin\Debug\VideoOS.LogViewer.Tests.dll" adapterTypeName="executor://mstestadapter/v2" className="VideoOS.LogViewer.Tests.UI.ViewModels.ExportWindowViewModelTests" name="ExportNameErrorMessage_ShouldNotBeNull_IfNameContainsInvalidCharacter" />
    </UnitTest>
    <UnitTest name="StartExportAsync_ShouldIncludeFiltersInTheSystemLogExport_IfAnyApplied (Category)" storage="d:\actions-runner\_work\xpco\xpco\logserver\viewer\videoos.logviewer.tests\bin\debug\videoos.logviewer.tests.dll" id="bb09c01b-922c-f2b2-371b-4a326f96cac1">
      <Execution id="23d1e3ea-5096-4388-b04d-d2bce193f240" />
      <TestMethod codeBase="D:\actions-runner\_work\XPCO\XPCO\LogServer\Viewer\VideoOS.LogViewer.Tests\bin\Debug\VideoOS.LogViewer.Tests.dll" adapterTypeName="executor://mstestadapter/v2" className="VideoOS.LogViewer.Tests.Export.CSVExportHandlerTests" name="StartExportAsync_ShouldIncludeFiltersInTheSystemLogExport_IfAnyApplied" />
    </UnitTest>
    <UnitTest name="LogExportCompletedToken_ShouldGenerateCorrectParameters (Unknown)" storage="d:\actions-runner\_work\xpco\xpco\logserver\viewer\videoos.logviewer.tests\bin\debug\videoos.logviewer.tests.dll" id="2621df85-86ca-04fb-7bf4-e340ac32eb60">
      <Execution id="799fba57-058f-44b4-b298-4c9ec1cd3614" />
      <TestMethod codeBase="D:\actions-runner\_work\XPCO\XPCO\LogServer\Viewer\VideoOS.LogViewer.Tests\bin\Debug\VideoOS.LogViewer.Tests.dll" adapterTypeName="executor://mstestadapter/v2" className="VideoOS.LogViewer.Tests.AuditLog.AuditLoggerTests" name="LogExportCompletedToken_ShouldGenerateCorrectParameters" />
    </UnitTest>
    <UnitTest name="ApplyCommand_ShouldAddSelectedItemsToFilters" storage="d:\actions-runner\_work\xpco\xpco\logserver\viewer\videoos.logviewer.tests\bin\debug\videoos.logviewer.tests.dll" id="ed36d44e-4200-e799-fc12-f629ea491ec5">
      <Execution id="2d9ff327-ce8a-4fb7-b934-96fcb84ce680" />
      <TestMethod codeBase="D:\actions-runner\_work\XPCO\XPCO\LogServer\Viewer\VideoOS.LogViewer.Tests\bin\Debug\VideoOS.LogViewer.Tests.dll" adapterTypeName="executor://mstestadapter/v2" className="VideoOS.LogViewer.Tests.UI.ViewModels.FilterSelectionControlViewModelTests" name="ApplyCommand_ShouldAddSelectedItemsToFilters" />
    </UnitTest>
    <UnitTest name="LogExportCanceled_ShouldGenerateCorrectParameters (Rule)" storage="d:\actions-runner\_work\xpco\xpco\logserver\viewer\videoos.logviewer.tests\bin\debug\videoos.logviewer.tests.dll" id="e0eb380b-86d2-f5b0-0c5a-b99892d3e326">
      <Execution id="da1fe12d-dd46-45e5-bfa0-839191705730" />
      <TestMethod codeBase="D:\actions-runner\_work\XPCO\XPCO\LogServer\Viewer\VideoOS.LogViewer.Tests\bin\Debug\VideoOS.LogViewer.Tests.dll" adapterTypeName="executor://mstestadapter/v2" className="VideoOS.LogViewer.Tests.AuditLog.AuditLoggerTests" name="LogExportCanceled_ShouldGenerateCorrectParameters" />
    </UnitTest>
    <UnitTest name="ExportNameErrorMessage_ShouldNotBeNull_IfNameContainsInvalidCharacter (|)" storage="d:\actions-runner\_work\xpco\xpco\logserver\viewer\videoos.logviewer.tests\bin\debug\videoos.logviewer.tests.dll" id="ff7a8a71-3fe4-d433-98e7-1a41e074107a">
      <Execution id="5c8418de-9327-4da4-a0b1-2e53eecaddc3" />
      <TestMethod codeBase="D:\actions-runner\_work\XPCO\XPCO\LogServer\Viewer\VideoOS.LogViewer.Tests\bin\Debug\VideoOS.LogViewer.Tests.dll" adapterTypeName="executor://mstestadapter/v2" className="VideoOS.LogViewer.Tests.UI.ViewModels.ExportWindowViewModelTests" name="ExportNameErrorMessage_ShouldNotBeNull_IfNameContainsInvalidCharacter" />
    </UnitTest>
    <UnitTest name="Create_ShouldPassSystemLogTab_ToTheLogViewerPanelViewModelConstructor" storage="d:\actions-runner\_work\xpco\xpco\logserver\viewer\videoos.logviewer.tests\bin\debug\videoos.logviewer.tests.dll" id="7d565b20-c1b2-8847-844d-f63c71bcb6a5">
      <Execution id="b14bf775-36ed-4c1c-9bd0-3a009d107f43" />
      <TestMethod codeBase="D:\actions-runner\_work\XPCO\XPCO\LogServer\Viewer\VideoOS.LogViewer.Tests\bin\Debug\VideoOS.LogViewer.Tests.dll" adapterTypeName="executor://mstestadapter/v2" className="VideoOS.LogViewer.Tests.UI.ViewModels.LogViewerPanelViewModelFactoryTests" name="Create_ShouldPassSystemLogTab_ToTheLogViewerPanelViewModelConstructor" />
    </UnitTest>
    <UnitTest name="LogExportStartedToken_ShouldGenerateCorrectParameters (System)" storage="d:\actions-runner\_work\xpco\xpco\logserver\viewer\videoos.logviewer.tests\bin\debug\videoos.logviewer.tests.dll" id="86cdf26a-01d3-1454-75eb-7298e4f64e3e">
      <Execution id="1d7cd887-7efc-4459-84de-e95572358f7c" />
      <TestMethod codeBase="D:\actions-runner\_work\XPCO\XPCO\LogServer\Viewer\VideoOS.LogViewer.Tests\bin\Debug\VideoOS.LogViewer.Tests.dll" adapterTypeName="executor://mstestadapter/v2" className="VideoOS.LogViewer.Tests.AuditLog.AuditLoggerTests" name="LogExportStartedToken_ShouldGenerateCorrectParameters" />
    </UnitTest>
    <UnitTest name="LogExportCompleted_ShouldGenerateCorrectParameters (Audit)" storage="d:\actions-runner\_work\xpco\xpco\logserver\viewer\videoos.logviewer.tests\bin\debug\videoos.logviewer.tests.dll" id="38fafa95-785b-5286-4c7e-b54a34c79cdd">
      <Execution id="cced8143-c627-4a32-ae7b-29edbf83af56" />
      <TestMethod codeBase="D:\actions-runner\_work\XPCO\XPCO\LogServer\Viewer\VideoOS.LogViewer.Tests\bin\Debug\VideoOS.LogViewer.Tests.dll" adapterTypeName="executor://mstestadapter/v2" className="VideoOS.LogViewer.Tests.AuditLog.AuditLoggerTests" name="LogExportCompleted_ShouldGenerateCorrectParameters" />
    </UnitTest>
    <UnitTest name="FetchLoglinesAsync_ShouldUpdateLoglines_WithWhatILogReaderProvides" storage="d:\actions-runner\_work\xpco\xpco\logserver\viewer\videoos.logviewer.tests\bin\debug\videoos.logviewer.tests.dll" id="d921a6e9-3ca7-340e-e5c2-ec845e022eaa">
      <Execution id="2b181456-bd12-4a18-ad94-7a40fc4d6286" />
      <TestMethod codeBase="D:\actions-runner\_work\XPCO\XPCO\LogServer\Viewer\VideoOS.LogViewer.Tests\bin\Debug\VideoOS.LogViewer.Tests.dll" adapterTypeName="executor://mstestadapter/v2" className="VideoOS.LogViewer.Tests.UI.ViewModels.RuleLogTabViewModelTests" name="FetchLoglinesAsync_ShouldUpdateLoglines_WithWhatILogReaderProvides" />
    </UnitTest>
    <UnitTest name="StartExportAsync_ShouldIncludeFiltersInTheAuditLogExport_IfAnyApplied (Permission)" storage="d:\actions-runner\_work\xpco\xpco\logserver\viewer\videoos.logviewer.tests\bin\debug\videoos.logviewer.tests.dll" id="ebade166-19df-752d-6cb1-c41aaa16f79e">
      <Execution id="7ba75b11-218e-40b3-a9b8-574ecc420647" />
      <TestMethod codeBase="D:\actions-runner\_work\XPCO\XPCO\LogServer\Viewer\VideoOS.LogViewer.Tests\bin\Debug\VideoOS.LogViewer.Tests.dll" adapterTypeName="executor://mstestadapter/v2" className="VideoOS.LogViewer.Tests.Export.CSVExportHandlerTests" name="StartExportAsync_ShouldIncludeFiltersInTheAuditLogExport_IfAnyApplied" />
    </UnitTest>
    <UnitTest name="ApplyFiltersCommand_ShouldSetTotalLoglinesCountValueTo100_WhenStartQuerySessionReturns100" storage="d:\actions-runner\_work\xpco\xpco\logserver\viewer\videoos.logviewer.tests\bin\debug\videoos.logviewer.tests.dll" id="46af012b-c08a-abec-31e4-7119fc4686f3">
      <Execution id="6d5000cb-39f2-48cf-bb85-14168eb88eac" />
      <TestMethod codeBase="D:\actions-runner\_work\XPCO\XPCO\LogServer\Viewer\VideoOS.LogViewer.Tests\bin\Debug\VideoOS.LogViewer.Tests.dll" adapterTypeName="executor://mstestadapter/v2" className="VideoOS.LogViewer.Tests.UI.ViewModels.AuditLogTabViewModelTests" name="ApplyFiltersCommand_ShouldSetTotalLoglinesCountValueTo100_WhenStartQuerySessionReturns100" />
    </UnitTest>
    <UnitTest name="FetchLoglinesAsync_ShouldNotFetchLoglines_IfPreviousCallIsInProgress" storage="d:\actions-runner\_work\xpco\xpco\logserver\viewer\videoos.logviewer.tests\bin\debug\videoos.logviewer.tests.dll" id="62d9d9a5-1b37-a5d0-a7a0-8988967edbcd">
      <Execution id="3c3749b6-9f00-441b-89c6-218e4fd0a74b" />
      <TestMethod codeBase="D:\actions-runner\_work\XPCO\XPCO\LogServer\Viewer\VideoOS.LogViewer.Tests\bin\Debug\VideoOS.LogViewer.Tests.dll" adapterTypeName="executor://mstestadapter/v2" className="VideoOS.LogViewer.Tests.UI.ViewModels.AuditLogTabViewModelTests" name="FetchLoglinesAsync_ShouldNotFetchLoglines_IfPreviousCallIsInProgress" />
    </UnitTest>
    <UnitTest name="CreateCsvExportHandler_ShouldCreateAnInstanceOfCsvExportHandler" storage="d:\actions-runner\_work\xpco\xpco\logserver\viewer\videoos.logviewer.tests\bin\debug\videoos.logviewer.tests.dll" id="e43d938a-7e19-00cd-bf49-975bc74f6666">
      <Execution id="b278c6c2-c784-4e2e-9c8b-d1c8dfc479d7" />
      <TestMethod codeBase="D:\actions-runner\_work\XPCO\XPCO\LogServer\Viewer\VideoOS.LogViewer.Tests\bin\Debug\VideoOS.LogViewer.Tests.dll" adapterTypeName="executor://mstestadapter/v2" className="VideoOS.LogViewer.Tests.Export.ExportHandlerFactoryTests" name="CreateCsvExportHandler_ShouldCreateAnInstanceOfCsvExportHandler" />
    </UnitTest>
    <UnitTest name="IsExportStarted_ShouldBeFalse_ByDefault" storage="d:\actions-runner\_work\xpco\xpco\logserver\viewer\videoos.logviewer.tests\bin\debug\videoos.logviewer.tests.dll" id="67c17d03-30c7-2e00-462d-ef8b704971b5">
      <Execution id="80798fc7-aa04-4b15-9de4-93b702616a2d" />
      <TestMethod codeBase="D:\actions-runner\_work\XPCO\XPCO\LogServer\Viewer\VideoOS.LogViewer.Tests\bin\Debug\VideoOS.LogViewer.Tests.dll" adapterTypeName="executor://mstestadapter/v2" className="VideoOS.LogViewer.Tests.Export.CSVExportHandlerTests" name="IsExportStarted_ShouldBeFalse_ByDefault" />
    </UnitTest>
    <UnitTest name="ToggleDisplayAppliedFiltersOnlyCommand_ShouldDisplayAllItems_WhenToggledTwice" storage="d:\actions-runner\_work\xpco\xpco\logserver\viewer\videoos.logviewer.tests\bin\debug\videoos.logviewer.tests.dll" id="86385b6e-3c70-b477-3e5d-632057e2a5dc">
      <Execution id="44fccbce-b455-455f-b511-80afa438ab23" />
      <TestMethod codeBase="D:\actions-runner\_work\XPCO\XPCO\LogServer\Viewer\VideoOS.LogViewer.Tests\bin\Debug\VideoOS.LogViewer.Tests.dll" adapterTypeName="executor://mstestadapter/v2" className="VideoOS.LogViewer.Tests.UI.ViewModels.FilterSelectionControlViewModelTests" name="ToggleDisplayAppliedFiltersOnlyCommand_ShouldDisplayAllItems_WhenToggledTwice" />
    </UnitTest>
    <UnitTest name="StartExportAsync_ShouldAuditLogThatExportHasBeenCompleted_IfItRanToCompletion" storage="d:\actions-runner\_work\xpco\xpco\logserver\viewer\videoos.logviewer.tests\bin\debug\videoos.logviewer.tests.dll" id="d341cc20-0b16-3c41-69fc-2f19452eba9d">
      <Execution id="05b3eeae-6dd3-46e9-b276-74b64e575400" />
      <TestMethod codeBase="D:\actions-runner\_work\XPCO\XPCO\LogServer\Viewer\VideoOS.LogViewer.Tests\bin\Debug\VideoOS.LogViewer.Tests.dll" adapterTypeName="executor://mstestadapter/v2" className="VideoOS.LogViewer.Tests.Export.CSVExportHandlerTests" name="StartExportAsync_ShouldAuditLogThatExportHasBeenCompleted_IfItRanToCompletion" />
    </UnitTest>
    <UnitTest name="StartExportAsync_ShouldIncludeFiltersInTheAuditLogExport_IfAnyApplied (Source name)" storage="d:\actions-runner\_work\xpco\xpco\logserver\viewer\videoos.logviewer.tests\bin\debug\videoos.logviewer.tests.dll" id="dd60bd08-4f2f-6027-6ce8-4ebea86bcba0">
      <Execution id="fdb7d491-d5db-431c-9ad3-2805bf05fcca" />
      <TestMethod codeBase="D:\actions-runner\_work\XPCO\XPCO\LogServer\Viewer\VideoOS.LogViewer.Tests\bin\Debug\VideoOS.LogViewer.Tests.dll" adapterTypeName="executor://mstestadapter/v2" className="VideoOS.LogViewer.Tests.Export.CSVExportHandlerTests" name="StartExportAsync_ShouldIncludeFiltersInTheAuditLogExport_IfAnyApplied" />
    </UnitTest>
    <UnitTest name="Create_ShouldPassAuditLogTab_ToTheLogViewerPanelViewModelConstructor" storage="d:\actions-runner\_work\xpco\xpco\logserver\viewer\videoos.logviewer.tests\bin\debug\videoos.logviewer.tests.dll" id="19741e49-0b1b-f606-39e4-fc58b6ce6577">
      <Execution id="40276ba9-fe37-4cbb-b015-aae12030c6bc" />
      <TestMethod codeBase="D:\actions-runner\_work\XPCO\XPCO\LogServer\Viewer\VideoOS.LogViewer.Tests\bin\Debug\VideoOS.LogViewer.Tests.dll" adapterTypeName="executor://mstestadapter/v2" className="VideoOS.LogViewer.Tests.UI.ViewModels.LogViewerPanelViewModelFactoryTests" name="Create_ShouldPassAuditLogTab_ToTheLogViewerPanelViewModelConstructor" />
    </UnitTest>
    <UnitTest name="ExportNameErrorMessage_ShouldNotBeNull_IfNameContainsInvalidCharacter (&gt;)" storage="d:\actions-runner\_work\xpco\xpco\logserver\viewer\videoos.logviewer.tests\bin\debug\videoos.logviewer.tests.dll" id="e5881fbb-89a1-1e73-121f-99ea45ea8de6">
      <Execution id="aa57c235-c35d-42f5-ab32-f4b559b3e4a1" />
      <TestMethod codeBase="D:\actions-runner\_work\XPCO\XPCO\LogServer\Viewer\VideoOS.LogViewer.Tests\bin\Debug\VideoOS.LogViewer.Tests.dll" adapterTypeName="executor://mstestadapter/v2" className="VideoOS.LogViewer.Tests.UI.ViewModels.ExportWindowViewModelTests" name="ExportNameErrorMessage_ShouldNotBeNull_IfNameContainsInvalidCharacter" />
    </UnitTest>
    <UnitTest name="LogExportCanceled_ShouldWriteLogline (Unknown)" storage="d:\actions-runner\_work\xpco\xpco\logserver\viewer\videoos.logviewer.tests\bin\debug\videoos.logviewer.tests.dll" id="0d58dd94-b092-de74-3bd5-a53e160cdc25">
      <Execution id="6798bddb-5f08-4c93-9508-617092cb98d6" />
      <TestMethod codeBase="D:\actions-runner\_work\XPCO\XPCO\LogServer\Viewer\VideoOS.LogViewer.Tests\bin\Debug\VideoOS.LogViewer.Tests.dll" adapterTypeName="executor://mstestadapter/v2" className="VideoOS.LogViewer.Tests.AuditLog.AuditLoggerTests" name="LogExportCanceled_ShouldWriteLogline" />
    </UnitTest>
    <UnitTest name="ResetSelection_ShouldToggleDisplayingOnlyAppliedFiltersToFalse" storage="d:\actions-runner\_work\xpco\xpco\logserver\viewer\videoos.logviewer.tests\bin\debug\videoos.logviewer.tests.dll" id="ab0d3408-e47f-7ace-43dd-9707320cd9f9">
      <Execution id="a58ffc84-e04c-44c8-9509-e84d06462b6f" />
      <TestMethod codeBase="D:\actions-runner\_work\XPCO\XPCO\LogServer\Viewer\VideoOS.LogViewer.Tests\bin\Debug\VideoOS.LogViewer.Tests.dll" adapterTypeName="executor://mstestadapter/v2" className="VideoOS.LogViewer.Tests.UI.ViewModels.FilterSelectionControlViewModelTests" name="ResetSelection_ShouldToggleDisplayingOnlyAppliedFiltersToFalse" />
    </UnitTest>
    <UnitTest name="NumberOfAppliedFilters_ShouldBeTwo_IfNumberOfAppliedFiltersIsTwo" storage="d:\actions-runner\_work\xpco\xpco\logserver\viewer\videoos.logviewer.tests\bin\debug\videoos.logviewer.tests.dll" id="a86b19d1-7d54-77e4-cbda-8b991fbdd349">
      <Execution id="050a45ef-34cd-4695-b73b-cf8db0278195" />
      <TestMethod codeBase="D:\actions-runner\_work\XPCO\XPCO\LogServer\Viewer\VideoOS.LogViewer.Tests\bin\Debug\VideoOS.LogViewer.Tests.dll" adapterTypeName="executor://mstestadapter/v2" className="VideoOS.LogViewer.Tests.UI.ViewModels.FilterSelectionControlViewModelTests" name="NumberOfAppliedFilters_ShouldBeTwo_IfNumberOfAppliedFiltersIsTwo" />
    </UnitTest>
    <UnitTest name="ToTime_ShouldBeAdjusted_IfFromTimeIsSetToLaterTime" storage="d:\actions-runner\_work\xpco\xpco\logserver\viewer\videoos.logviewer.tests\bin\debug\videoos.logviewer.tests.dll" id="f8eacc21-343b-4346-d5d2-e29ae63a7ea1">
      <Execution id="86e0022c-4d8f-4d46-863c-1ffef15d96bb" />
      <TestMethod codeBase="D:\actions-runner\_work\XPCO\XPCO\LogServer\Viewer\VideoOS.LogViewer.Tests\bin\Debug\VideoOS.LogViewer.Tests.dll" adapterTypeName="executor://mstestadapter/v2" className="VideoOS.LogViewer.Tests.UI.ViewModels.AuditLogTabViewModelTests" name="ToTime_ShouldBeAdjusted_IfFromTimeIsSetToLaterTime" />
    </UnitTest>
    <UnitTest name="IsDisplayingAppliedFiltersOnly_ShouldBeFalse_ByDefault" storage="d:\actions-runner\_work\xpco\xpco\logserver\viewer\videoos.logviewer.tests\bin\debug\videoos.logviewer.tests.dll" id="2edfe6b5-618c-5934-1802-8d1b271b7a2d">
      <Execution id="d4b8cfd2-1880-4fe5-bb6a-89aa966c422a" />
      <TestMethod codeBase="D:\actions-runner\_work\XPCO\XPCO\LogServer\Viewer\VideoOS.LogViewer.Tests\bin\Debug\VideoOS.LogViewer.Tests.dll" adapterTypeName="executor://mstestadapter/v2" className="VideoOS.LogViewer.Tests.UI.ViewModels.FilterSelectionControlViewModelTests" name="IsDisplayingAppliedFiltersOnly_ShouldBeFalse_ByDefault" />
    </UnitTest>
    <UnitTest name="LogExportCompletedToken_ShouldRegisterCategory (System)" storage="d:\actions-runner\_work\xpco\xpco\logserver\viewer\videoos.logviewer.tests\bin\debug\videoos.logviewer.tests.dll" id="50a08999-0061-8bd9-dcfe-a19025895ad4">
      <Execution id="8633b87a-3dbf-4619-b2df-93ba9b52e9d2" />
      <TestMethod codeBase="D:\actions-runner\_work\XPCO\XPCO\LogServer\Viewer\VideoOS.LogViewer.Tests\bin\Debug\VideoOS.LogViewer.Tests.dll" adapterTypeName="executor://mstestadapter/v2" className="VideoOS.LogViewer.Tests.AuditLog.AuditLoggerTests" name="LogExportCompletedToken_ShouldRegisterCategory" />
    </UnitTest>
    <UnitTest name="ClearFilter_ShouldPopulateFiltersCollectionWithAllFilterItemsExceptGivenOne_WhenAllWerePreviouslySelected" storage="d:\actions-runner\_work\xpco\xpco\logserver\viewer\videoos.logviewer.tests\bin\debug\videoos.logviewer.tests.dll" id="b3899c15-ad06-08b0-1478-2a2eb5c9237c">
      <Execution id="6a7d8051-d73a-46eb-aea6-7bbdc93a70c5" />
      <TestMethod codeBase="D:\actions-runner\_work\XPCO\XPCO\LogServer\Viewer\VideoOS.LogViewer.Tests\bin\Debug\VideoOS.LogViewer.Tests.dll" adapterTypeName="executor://mstestadapter/v2" className="VideoOS.LogViewer.Tests.UI.ViewModels.FilterSelectionControlViewModelTests" name="ClearFilter_ShouldPopulateFiltersCollectionWithAllFilterItemsExceptGivenOne_WhenAllWerePreviouslySelected" />
    </UnitTest>
    <UnitTest name="Dispose_ShouldEndStartedQuerySession" storage="d:\actions-runner\_work\xpco\xpco\logserver\viewer\videoos.logviewer.tests\bin\debug\videoos.logviewer.tests.dll" id="6dd142c2-4fa9-8c8e-8a89-7812d8589c04">
      <Execution id="28b1d88b-3670-4cdf-b353-84a14c931435" />
      <TestMethod codeBase="D:\actions-runner\_work\XPCO\XPCO\LogServer\Viewer\VideoOS.LogViewer.Tests\bin\Debug\VideoOS.LogViewer.Tests.dll" adapterTypeName="executor://mstestadapter/v2" className="VideoOS.LogViewer.Tests.UI.ViewModels.AuditLogTabViewModelTests" name="Dispose_ShouldEndStartedQuerySession" />
    </UnitTest>
    <UnitTest name="LogExportStartedToken_ShouldWriteLogline (System)" storage="d:\actions-runner\_work\xpco\xpco\logserver\viewer\videoos.logviewer.tests\bin\debug\videoos.logviewer.tests.dll" id="fdf28d05-2e10-44e9-62a4-21ade8e0457e">
      <Execution id="b299b0b6-a922-42bf-aaf3-86ff2944fdb7" />
      <TestMethod codeBase="D:\actions-runner\_work\XPCO\XPCO\LogServer\Viewer\VideoOS.LogViewer.Tests\bin\Debug\VideoOS.LogViewer.Tests.dll" adapterTypeName="executor://mstestadapter/v2" className="VideoOS.LogViewer.Tests.AuditLog.AuditLoggerTests" name="LogExportStartedToken_ShouldWriteLogline" />
    </UnitTest>
    <UnitTest name="FromTime_ShouldBeAdjusted_IfToTimeIsSetToEarlierTime" storage="d:\actions-runner\_work\xpco\xpco\logserver\viewer\videoos.logviewer.tests\bin\debug\videoos.logviewer.tests.dll" id="7e610db5-1d7d-cfde-d429-a40fd0fc3fce">
      <Execution id="19c9734a-5370-4d15-95e4-af36eb6706f9" />
      <TestMethod codeBase="D:\actions-runner\_work\XPCO\XPCO\LogServer\Viewer\VideoOS.LogViewer.Tests\bin\Debug\VideoOS.LogViewer.Tests.dll" adapterTypeName="executor://mstestadapter/v2" className="VideoOS.LogViewer.Tests.UI.ViewModels.SystemLogTabViewModelTests" name="FromTime_ShouldBeAdjusted_IfToTimeIsSetToEarlierTime" />
    </UnitTest>
    <UnitTest name="FetchLoglinesAsync_ShouldFetchLoglines_IfPreviousCallIsComplete" storage="d:\actions-runner\_work\xpco\xpco\logserver\viewer\videoos.logviewer.tests\bin\debug\videoos.logviewer.tests.dll" id="284dbb82-affc-3f14-2c39-f9cbe003541b">
      <Execution id="6b9e9ca0-bc51-4f0c-995e-a5005586fb9a" />
      <TestMethod codeBase="D:\actions-runner\_work\XPCO\XPCO\LogServer\Viewer\VideoOS.LogViewer.Tests\bin\Debug\VideoOS.LogViewer.Tests.dll" adapterTypeName="executor://mstestadapter/v2" className="VideoOS.LogViewer.Tests.UI.ViewModels.SystemLogTabViewModelTests" name="FetchLoglinesAsync_ShouldFetchLoglines_IfPreviousCallIsComplete" />
    </UnitTest>
    <UnitTest name="OnScrollChanged_ShouldTriggerFetchingMoreLoglines (True,100,50,False)" storage="d:\actions-runner\_work\xpco\xpco\logserver\viewer\videoos.logviewer.tests\bin\debug\videoos.logviewer.tests.dll" id="7fba6cdb-b5ba-bacb-784a-8de97259b5d1">
      <Execution id="3dc5fd0a-ee8e-4fee-9fcf-5ec6b8ea4c3a" />
      <TestMethod codeBase="D:\actions-runner\_work\XPCO\XPCO\LogServer\Viewer\VideoOS.LogViewer.Tests\bin\Debug\VideoOS.LogViewer.Tests.dll" adapterTypeName="executor://mstestadapter/v2" className="VideoOS.LogViewer.Tests.UI.Views.LoglinesDataGridAutoFetchLogsBehaviorTests" name="OnScrollChanged_ShouldTriggerFetchingMoreLoglines" />
    </UnitTest>
    <UnitTest name="StartExportAsync_ShouldNotIncludeFiltersInTheAuditLogExport_IfNoFiltersAreApplied (Source name)" storage="d:\actions-runner\_work\xpco\xpco\logserver\viewer\videoos.logviewer.tests\bin\debug\videoos.logviewer.tests.dll" id="4ab6305e-36f3-8dff-49f2-16d65e121481">
      <Execution id="b0b91f3f-dad4-46b9-b9b1-efebe83f2b98" />
      <TestMethod codeBase="D:\actions-runner\_work\XPCO\XPCO\LogServer\Viewer\VideoOS.LogViewer.Tests\bin\Debug\VideoOS.LogViewer.Tests.dll" adapterTypeName="executor://mstestadapter/v2" className="VideoOS.LogViewer.Tests.Export.CSVExportHandlerTests" name="StartExportAsync_ShouldNotIncludeFiltersInTheAuditLogExport_IfNoFiltersAreApplied" />
    </UnitTest>
    <UnitTest name="ClearFilter_ShouldDeselectGivenFilter" storage="d:\actions-runner\_work\xpco\xpco\logserver\viewer\videoos.logviewer.tests\bin\debug\videoos.logviewer.tests.dll" id="59c4ad07-185c-cdff-7011-256643f401a2">
      <Execution id="3a8e6cad-074f-4a05-90b2-0ffcb2f28fe1" />
      <TestMethod codeBase="D:\actions-runner\_work\XPCO\XPCO\LogServer\Viewer\VideoOS.LogViewer.Tests\bin\Debug\VideoOS.LogViewer.Tests.dll" adapterTypeName="executor://mstestadapter/v2" className="VideoOS.LogViewer.Tests.UI.ViewModels.FilterSelectionControlViewModelTests" name="ClearFilter_ShouldDeselectGivenFilter" />
    </UnitTest>
    <UnitTest name="FetchLoglinesAsync_ShouldUpdateLoglines_WithWhatILogReaderProvides" storage="d:\actions-runner\_work\xpco\xpco\logserver\viewer\videoos.logviewer.tests\bin\debug\videoos.logviewer.tests.dll" id="02c6656a-22ee-eb13-3d23-d8a5de623da2">
      <Execution id="a7489c57-dccb-4b17-8b6c-60b29f1ac0b9" />
      <TestMethod codeBase="D:\actions-runner\_work\XPCO\XPCO\LogServer\Viewer\VideoOS.LogViewer.Tests\bin\Debug\VideoOS.LogViewer.Tests.dll" adapterTypeName="executor://mstestadapter/v2" className="VideoOS.LogViewer.Tests.UI.ViewModels.SystemLogTabViewModelTests" name="FetchLoglinesAsync_ShouldUpdateLoglines_WithWhatILogReaderProvides" />
    </UnitTest>
    <UnitTest name="FromTime_ShouldBeAdjusted_IfToTimeIsSetToEarlierTime" storage="d:\actions-runner\_work\xpco\xpco\logserver\viewer\videoos.logviewer.tests\bin\debug\videoos.logviewer.tests.dll" id="9ef4cb83-58ea-3348-3a4a-1820abc8c147">
      <Execution id="cfa3d360-2433-43e2-9d84-9855e50165f8" />
      <TestMethod codeBase="D:\actions-runner\_work\XPCO\XPCO\LogServer\Viewer\VideoOS.LogViewer.Tests\bin\Debug\VideoOS.LogViewer.Tests.dll" adapterTypeName="executor://mstestadapter/v2" className="VideoOS.LogViewer.Tests.UI.ViewModels.AuditLogTabViewModelTests" name="FromTime_ShouldBeAdjusted_IfToTimeIsSetToEarlierTime" />
    </UnitTest>
    <UnitTest name="LogExportStarted_ShouldWriteLogline (Unknown)" storage="d:\actions-runner\_work\xpco\xpco\logserver\viewer\videoos.logviewer.tests\bin\debug\videoos.logviewer.tests.dll" id="f9be6f1c-2bec-6ded-b469-e63c38be8302">
      <Execution id="8f0ebbbd-0523-4186-ae1a-3b9e5e1a4888" />
      <TestMethod codeBase="D:\actions-runner\_work\XPCO\XPCO\LogServer\Viewer\VideoOS.LogViewer.Tests\bin\Debug\VideoOS.LogViewer.Tests.dll" adapterTypeName="executor://mstestadapter/v2" className="VideoOS.LogViewer.Tests.AuditLog.AuditLoggerTests" name="LogExportStarted_ShouldWriteLogline" />
    </UnitTest>
    <UnitTest name="LogExportCompleted_ShouldRegisterMessages (Rule)" storage="d:\actions-runner\_work\xpco\xpco\logserver\viewer\videoos.logviewer.tests\bin\debug\videoos.logviewer.tests.dll" id="0966f41b-229c-3a1b-4882-4f51d1c194bd">
      <Execution id="d608ed9b-3f93-4212-9db1-475ba8499a60" />
      <TestMethod codeBase="D:\actions-runner\_work\XPCO\XPCO\LogServer\Viewer\VideoOS.LogViewer.Tests\bin\Debug\VideoOS.LogViewer.Tests.dll" adapterTypeName="executor://mstestadapter/v2" className="VideoOS.LogViewer.Tests.AuditLog.AuditLoggerTests" name="LogExportCompleted_ShouldRegisterMessages" />
    </UnitTest>
    <UnitTest name="LogExportCompletedToken_ShouldRegisterMessages (Audit)" storage="d:\actions-runner\_work\xpco\xpco\logserver\viewer\videoos.logviewer.tests\bin\debug\videoos.logviewer.tests.dll" id="95d8aac3-9120-8d1e-8fd7-948901f91139">
      <Execution id="5ebce829-82a2-41f5-8a06-44cdb6e2c87c" />
      <TestMethod codeBase="D:\actions-runner\_work\XPCO\XPCO\LogServer\Viewer\VideoOS.LogViewer.Tests\bin\Debug\VideoOS.LogViewer.Tests.dll" adapterTypeName="executor://mstestadapter/v2" className="VideoOS.LogViewer.Tests.AuditLog.AuditLoggerTests" name="LogExportCompletedToken_ShouldRegisterMessages" />
    </UnitTest>
    <UnitTest name="ExportNameErrorMessage_ShouldNotBeNull_IfNameFieldIsEmpty" storage="d:\actions-runner\_work\xpco\xpco\logserver\viewer\videoos.logviewer.tests\bin\debug\videoos.logviewer.tests.dll" id="cd948457-e6eb-c0cb-4b02-a694fa3140f8">
      <Execution id="c8a85f4f-9b8c-4f0c-af32-264c5ac84b61" />
      <TestMethod codeBase="D:\actions-runner\_work\XPCO\XPCO\LogServer\Viewer\VideoOS.LogViewer.Tests\bin\Debug\VideoOS.LogViewer.Tests.dll" adapterTypeName="executor://mstestadapter/v2" className="VideoOS.LogViewer.Tests.UI.ViewModels.ExportWindowViewModelTests" name="ExportNameErrorMessage_ShouldNotBeNull_IfNameFieldIsEmpty" />
    </UnitTest>
    <UnitTest name="ToTime_ShouldBeAdjusted_IfFromTimeIsSetToLaterTime" storage="d:\actions-runner\_work\xpco\xpco\logserver\viewer\videoos.logviewer.tests\bin\debug\videoos.logviewer.tests.dll" id="c332d32d-69f4-7eb8-a50f-41fa471a9d91">
      <Execution id="f5646fb0-5dbd-46a5-8d8f-44f702fbbfda" />
      <TestMethod codeBase="D:\actions-runner\_work\XPCO\XPCO\LogServer\Viewer\VideoOS.LogViewer.Tests\bin\Debug\VideoOS.LogViewer.Tests.dll" adapterTypeName="executor://mstestadapter/v2" className="VideoOS.LogViewer.Tests.UI.ViewModels.SystemLogTabViewModelTests" name="ToTime_ShouldBeAdjusted_IfFromTimeIsSetToLaterTime" />
    </UnitTest>
    <UnitTest name="BrowseExportPathCommand_ShouldSetExportPath_WhenDialogResultIsOk" storage="d:\actions-runner\_work\xpco\xpco\logserver\viewer\videoos.logviewer.tests\bin\debug\videoos.logviewer.tests.dll" id="0cc63b59-a765-1919-dc40-45f2f88bc1ca">
      <Execution id="3c8bb100-5b9e-4a93-abfa-d835b90af89b" />
      <TestMethod codeBase="D:\actions-runner\_work\XPCO\XPCO\LogServer\Viewer\VideoOS.LogViewer.Tests\bin\Debug\VideoOS.LogViewer.Tests.dll" adapterTypeName="executor://mstestadapter/v2" className="VideoOS.LogViewer.Tests.UI.ViewModels.ExportWindowViewModelTests" name="BrowseExportPathCommand_ShouldSetExportPath_WhenDialogResultIsOk" />
    </UnitTest>
    <UnitTest name="LogExportStarted_ShouldGenerateCorrectParameters (Unknown)" storage="d:\actions-runner\_work\xpco\xpco\logserver\viewer\videoos.logviewer.tests\bin\debug\videoos.logviewer.tests.dll" id="c976be10-2f0e-aa32-010e-a701df3eea52">
      <Execution id="0575b744-a52a-43bc-af72-304876afd40f" />
      <TestMethod codeBase="D:\actions-runner\_work\XPCO\XPCO\LogServer\Viewer\VideoOS.LogViewer.Tests\bin\Debug\VideoOS.LogViewer.Tests.dll" adapterTypeName="executor://mstestadapter/v2" className="VideoOS.LogViewer.Tests.AuditLog.AuditLoggerTests" name="LogExportStarted_ShouldGenerateCorrectParameters" />
    </UnitTest>
    <UnitTest name="StartExportAsync_ShouldIncludeFiltersInTheSystemLogExport_IfAnyApplied (Log level)" storage="d:\actions-runner\_work\xpco\xpco\logserver\viewer\videoos.logviewer.tests\bin\debug\videoos.logviewer.tests.dll" id="10a08c80-843c-fb0a-33ef-74b9dc2de881">
      <Execution id="9ea561f0-b47f-4432-851a-96604f5944b0" />
      <TestMethod codeBase="D:\actions-runner\_work\XPCO\XPCO\LogServer\Viewer\VideoOS.LogViewer.Tests\bin\Debug\VideoOS.LogViewer.Tests.dll" adapterTypeName="executor://mstestadapter/v2" className="VideoOS.LogViewer.Tests.Export.CSVExportHandlerTests" name="StartExportAsync_ShouldIncludeFiltersInTheSystemLogExport_IfAnyApplied" />
    </UnitTest>
    <UnitTest name="LogExportCompletedToken_ShouldGenerateCorrectParameters (Audit)" storage="d:\actions-runner\_work\xpco\xpco\logserver\viewer\videoos.logviewer.tests\bin\debug\videoos.logviewer.tests.dll" id="600a9f74-1dd6-0ecd-3743-c445e062d186">
      <Execution id="0f45696f-5c35-412e-887a-c065d514760e" />
      <TestMethod codeBase="D:\actions-runner\_work\XPCO\XPCO\LogServer\Viewer\VideoOS.LogViewer.Tests\bin\Debug\VideoOS.LogViewer.Tests.dll" adapterTypeName="executor://mstestadapter/v2" className="VideoOS.LogViewer.Tests.AuditLog.AuditLoggerTests" name="LogExportCompletedToken_ShouldGenerateCorrectParameters" />
    </UnitTest>
    <UnitTest name="FilterItems_ShouldOnlyDisplayFiltersThatStartsWithSearchText_WhenSearchTextIsNotEmpty" storage="d:\actions-runner\_work\xpco\xpco\logserver\viewer\videoos.logviewer.tests\bin\debug\videoos.logviewer.tests.dll" id="558c1804-1699-b553-0a2a-034e67dff26f">
      <Execution id="7b9d7dc8-7207-4dc5-bd45-a9e803af512c" />
      <TestMethod codeBase="D:\actions-runner\_work\XPCO\XPCO\LogServer\Viewer\VideoOS.LogViewer.Tests\bin\Debug\VideoOS.LogViewer.Tests.dll" adapterTypeName="executor://mstestadapter/v2" className="VideoOS.LogViewer.Tests.UI.ViewModels.FilterSelectionControlViewModelTests" name="FilterItems_ShouldOnlyDisplayFiltersThatStartsWithSearchText_WhenSearchTextIsNotEmpty" />
    </UnitTest>
    <UnitTest name="FetchLoglinesAsync_ShouldNotModify_WhatILogReaderProvides" storage="d:\actions-runner\_work\xpco\xpco\logserver\viewer\videoos.logviewer.tests\bin\debug\videoos.logviewer.tests.dll" id="3c05a843-1b7a-2af9-f9c1-99144c4969e3">
      <Execution id="49213caf-db24-4dfa-9197-fe166e8e6638" />
      <TestMethod codeBase="D:\actions-runner\_work\XPCO\XPCO\LogServer\Viewer\VideoOS.LogViewer.Tests\bin\Debug\VideoOS.LogViewer.Tests.dll" adapterTypeName="executor://mstestadapter/v2" className="VideoOS.LogViewer.Tests.UI.ViewModels.SystemLogTabViewModelTests" name="FetchLoglinesAsync_ShouldNotModify_WhatILogReaderProvides" />
    </UnitTest>
    <UnitTest name="LogExportCompleted_ShouldGenerateCorrectParameters (Rule)" storage="d:\actions-runner\_work\xpco\xpco\logserver\viewer\videoos.logviewer.tests\bin\debug\videoos.logviewer.tests.dll" id="19a2df89-ffce-448e-93da-9f4758dfd40f">
      <Execution id="76ee3470-7e7b-42ae-bc9c-13aba939221d" />
      <TestMethod codeBase="D:\actions-runner\_work\XPCO\XPCO\LogServer\Viewer\VideoOS.LogViewer.Tests\bin\Debug\VideoOS.LogViewer.Tests.dll" adapterTypeName="executor://mstestadapter/v2" className="VideoOS.LogViewer.Tests.AuditLog.AuditLoggerTests" name="LogExportCompleted_ShouldGenerateCorrectParameters" />
    </UnitTest>
    <UnitTest name="LogExportCanceledToken_ShouldWriteLogline (System)" storage="d:\actions-runner\_work\xpco\xpco\logserver\viewer\videoos.logviewer.tests\bin\debug\videoos.logviewer.tests.dll" id="8398e35d-199b-4b63-75ce-8cb0a5ae5f6f">
      <Execution id="a400be09-fc2a-4f39-97bb-f194e5f82fe3" />
      <TestMethod codeBase="D:\actions-runner\_work\XPCO\XPCO\LogServer\Viewer\VideoOS.LogViewer.Tests\bin\Debug\VideoOS.LogViewer.Tests.dll" adapterTypeName="executor://mstestadapter/v2" className="VideoOS.LogViewer.Tests.AuditLog.AuditLoggerTests" name="LogExportCanceledToken_ShouldWriteLogline" />
    </UnitTest>
    <UnitTest name="LogExportCompletedToken_ShouldGenerateCorrectParameters (System)" storage="d:\actions-runner\_work\xpco\xpco\logserver\viewer\videoos.logviewer.tests\bin\debug\videoos.logviewer.tests.dll" id="ca312ef0-14f4-447d-80ca-9a48a81d9535">
      <Execution id="164904e8-d245-45a5-813c-bf9aca14c56f" />
      <TestMethod codeBase="D:\actions-runner\_work\XPCO\XPCO\LogServer\Viewer\VideoOS.LogViewer.Tests\bin\Debug\VideoOS.LogViewer.Tests.dll" adapterTypeName="executor://mstestadapter/v2" className="VideoOS.LogViewer.Tests.AuditLog.AuditLoggerTests" name="LogExportCompletedToken_ShouldGenerateCorrectParameters" />
    </UnitTest>
    <UnitTest name="LogExportCompletedToken_ShouldRegisterCategory (Rule)" storage="d:\actions-runner\_work\xpco\xpco\logserver\viewer\videoos.logviewer.tests\bin\debug\videoos.logviewer.tests.dll" id="dab7dede-4c82-1f90-7cfd-8dee6801a09f">
      <Execution id="48f63ab0-1a97-4414-822c-ae87694fcb26" />
      <TestMethod codeBase="D:\actions-runner\_work\XPCO\XPCO\LogServer\Viewer\VideoOS.LogViewer.Tests\bin\Debug\VideoOS.LogViewer.Tests.dll" adapterTypeName="executor://mstestadapter/v2" className="VideoOS.LogViewer.Tests.AuditLog.AuditLoggerTests" name="LogExportCompletedToken_ShouldRegisterCategory" />
    </UnitTest>
    <UnitTest name="ApplyFiltersCommand_ShouldQueryAuditLogs_InProvidedLanguage" storage="d:\actions-runner\_work\xpco\xpco\logserver\viewer\videoos.logviewer.tests\bin\debug\videoos.logviewer.tests.dll" id="7363ec98-688b-abe6-13cc-c183838a699a">
      <Execution id="2ebe567c-bdef-4835-b555-c485c3526ee3" />
      <TestMethod codeBase="D:\actions-runner\_work\XPCO\XPCO\LogServer\Viewer\VideoOS.LogViewer.Tests\bin\Debug\VideoOS.LogViewer.Tests.dll" adapterTypeName="executor://mstestadapter/v2" className="VideoOS.LogViewer.Tests.UI.ViewModels.AuditLogTabViewModelTests" name="ApplyFiltersCommand_ShouldQueryAuditLogs_InProvidedLanguage" />
    </UnitTest>
    <UnitTest name="StartExportAsync_ShouldNotIncludeFiltersInTheSystemLogExport_IfNoFiltersAreApplied (Event type)" storage="d:\actions-runner\_work\xpco\xpco\logserver\viewer\videoos.logviewer.tests\bin\debug\videoos.logviewer.tests.dll" id="1e930fbc-c4a6-80bc-e006-01ba9667acc1">
      <Execution id="20bfa698-2c3e-49d3-a279-ff3750b38516" />
      <TestMethod codeBase="D:\actions-runner\_work\XPCO\XPCO\LogServer\Viewer\VideoOS.LogViewer.Tests\bin\Debug\VideoOS.LogViewer.Tests.dll" adapterTypeName="executor://mstestadapter/v2" className="VideoOS.LogViewer.Tests.Export.CSVExportHandlerTests" name="StartExportAsync_ShouldNotIncludeFiltersInTheSystemLogExport_IfNoFiltersAreApplied" />
    </UnitTest>
    <UnitTest name="LogExportCompleted_ShouldGenerateCorrectParameters (Unknown)" storage="d:\actions-runner\_work\xpco\xpco\logserver\viewer\videoos.logviewer.tests\bin\debug\videoos.logviewer.tests.dll" id="ab0a135d-08a3-4568-07f3-e125db115dc4">
      <Execution id="db060ba1-2cd1-43b7-85f3-37b317ea320e" />
      <TestMethod codeBase="D:\actions-runner\_work\XPCO\XPCO\LogServer\Viewer\VideoOS.LogViewer.Tests\bin\Debug\VideoOS.LogViewer.Tests.dll" adapterTypeName="executor://mstestadapter/v2" className="VideoOS.LogViewer.Tests.AuditLog.AuditLoggerTests" name="LogExportCompleted_ShouldGenerateCorrectParameters" />
    </UnitTest>
    <UnitTest name="Constructors_ShouldNotAllowInjectionOfNulls" storage="d:\actions-runner\_work\xpco\xpco\logserver\viewer\videoos.logviewer.tests\bin\debug\videoos.logviewer.tests.dll" id="bb4778d6-27b2-176c-68e5-02c38c73ea88">
      <Execution id="9abb656a-c6cf-430f-a11d-ca055cc84a36" />
      <TestMethod codeBase="D:\actions-runner\_work\XPCO\XPCO\LogServer\Viewer\VideoOS.LogViewer.Tests\bin\Debug\VideoOS.LogViewer.Tests.dll" adapterTypeName="executor://mstestadapter/v2" className="VideoOS.LogViewer.Tests.UI.ViewModels.FilterSelectionControlViewModelTests" name="Constructors_ShouldNotAllowInjectionOfNulls" />
    </UnitTest>
    <UnitTest name="LogExportCanceled_ShouldWriteLogline (Rule)" storage="d:\actions-runner\_work\xpco\xpco\logserver\viewer\videoos.logviewer.tests\bin\debug\videoos.logviewer.tests.dll" id="a98b22fe-39ac-3b1a-c806-25955547cf41">
      <Execution id="89505c10-c81c-488f-bdac-7943ef12542d" />
      <TestMethod codeBase="D:\actions-runner\_work\XPCO\XPCO\LogServer\Viewer\VideoOS.LogViewer.Tests\bin\Debug\VideoOS.LogViewer.Tests.dll" adapterTypeName="executor://mstestadapter/v2" className="VideoOS.LogViewer.Tests.AuditLog.AuditLoggerTests" name="LogExportCanceled_ShouldWriteLogline" />
    </UnitTest>
    <UnitTest name="StartExportAsync_ShouldIncludeFiltersInTheSystemLogExport_IfAnyApplied (Source name)" storage="d:\actions-runner\_work\xpco\xpco\logserver\viewer\videoos.logviewer.tests\bin\debug\videoos.logviewer.tests.dll" id="bab4d807-132f-2517-9c5e-f33ba422a350">
      <Execution id="725fd3c3-46b2-46cc-b538-592c437d6bd1" />
      <TestMethod codeBase="D:\actions-runner\_work\XPCO\XPCO\LogServer\Viewer\VideoOS.LogViewer.Tests\bin\Debug\VideoOS.LogViewer.Tests.dll" adapterTypeName="executor://mstestadapter/v2" className="VideoOS.LogViewer.Tests.Export.CSVExportHandlerTests" name="StartExportAsync_ShouldIncludeFiltersInTheSystemLogExport_IfAnyApplied" />
    </UnitTest>
    <UnitTest name="LogExportStarted_ShouldWriteLogline (Rule)" storage="d:\actions-runner\_work\xpco\xpco\logserver\viewer\videoos.logviewer.tests\bin\debug\videoos.logviewer.tests.dll" id="979ea342-03d2-1f90-94fc-0e818b1139b0">
      <Execution id="ad75953d-26ef-432f-ba1f-53ff4d91f770" />
      <TestMethod codeBase="D:\actions-runner\_work\XPCO\XPCO\LogServer\Viewer\VideoOS.LogViewer.Tests\bin\Debug\VideoOS.LogViewer.Tests.dll" adapterTypeName="executor://mstestadapter/v2" className="VideoOS.LogViewer.Tests.AuditLog.AuditLoggerTests" name="LogExportStarted_ShouldWriteLogline" />
    </UnitTest>
    <UnitTest name="NumberOfAppliedFilters_ShouldBeZero_IfFilterItemsAreNotLoaded" storage="d:\actions-runner\_work\xpco\xpco\logserver\viewer\videoos.logviewer.tests\bin\debug\videoos.logviewer.tests.dll" id="59e800ea-24c2-12cd-f0ad-9356d3ab7127">
      <Execution id="6ad7a81b-161c-420c-b81e-bc3dc7c7c7ad" />
      <TestMethod codeBase="D:\actions-runner\_work\XPCO\XPCO\LogServer\Viewer\VideoOS.LogViewer.Tests\bin\Debug\VideoOS.LogViewer.Tests.dll" adapterTypeName="executor://mstestadapter/v2" className="VideoOS.LogViewer.Tests.UI.ViewModels.FilterSelectionControlViewModelTests" name="NumberOfAppliedFilters_ShouldBeZero_IfFilterItemsAreNotLoaded" />
    </UnitTest>
    <UnitTest name="NumberOfAppliedFilters_ShouldBeZero_IfNoFiltersApplied" storage="d:\actions-runner\_work\xpco\xpco\logserver\viewer\videoos.logviewer.tests\bin\debug\videoos.logviewer.tests.dll" id="abcb749e-e15c-9eb9-6fea-c2bdecada892">
      <Execution id="33a8510b-2ee9-4c9a-bb0f-e5c648b81d44" />
      <TestMethod codeBase="D:\actions-runner\_work\XPCO\XPCO\LogServer\Viewer\VideoOS.LogViewer.Tests\bin\Debug\VideoOS.LogViewer.Tests.dll" adapterTypeName="executor://mstestadapter/v2" className="VideoOS.LogViewer.Tests.UI.ViewModels.FilterSelectionControlViewModelTests" name="NumberOfAppliedFilters_ShouldBeZero_IfNoFiltersApplied" />
    </UnitTest>
    <UnitTest name="StartExportAsync_ShouldExportAllRuleTriggeredLogsWithinGivenTime_IfNoFiltersApplied" storage="d:\actions-runner\_work\xpco\xpco\logserver\viewer\videoos.logviewer.tests\bin\debug\videoos.logviewer.tests.dll" id="288c4c47-f49c-acce-d98c-379b9f7af341">
      <Execution id="6e442849-bf31-4425-9da2-fc9e724f36a6" />
      <TestMethod codeBase="D:\actions-runner\_work\XPCO\XPCO\LogServer\Viewer\VideoOS.LogViewer.Tests\bin\Debug\VideoOS.LogViewer.Tests.dll" adapterTypeName="executor://mstestadapter/v2" className="VideoOS.LogViewer.Tests.Export.CSVExportHandlerTests" name="StartExportAsync_ShouldExportAllRuleTriggeredLogsWithinGivenTime_IfNoFiltersApplied" />
    </UnitTest>
    <UnitTest name="ApplyFiltersCommand_ShouldSetTotalLoglinesCountValueTo100_WhenStartQuerySessionReturns100" storage="d:\actions-runner\_work\xpco\xpco\logserver\viewer\videoos.logviewer.tests\bin\debug\videoos.logviewer.tests.dll" id="00e2f1dc-895b-03ca-8793-61f415bdd9dc">
      <Execution id="d887e78d-94fe-4c03-90fa-96fa1143b540" />
      <TestMethod codeBase="D:\actions-runner\_work\XPCO\XPCO\LogServer\Viewer\VideoOS.LogViewer.Tests\bin\Debug\VideoOS.LogViewer.Tests.dll" adapterTypeName="executor://mstestadapter/v2" className="VideoOS.LogViewer.Tests.UI.ViewModels.SystemLogTabViewModelTests" name="ApplyFiltersCommand_ShouldSetTotalLoglinesCountValueTo100_WhenStartQuerySessionReturns100" />
    </UnitTest>
    <UnitTest name="ClearSearchCommand_ShouldClearSearchTextBox" storage="d:\actions-runner\_work\xpco\xpco\logserver\viewer\videoos.logviewer.tests\bin\debug\videoos.logviewer.tests.dll" id="55806f1e-9f22-44c5-8e7c-a2e4d400c793">
      <Execution id="9ee2fd91-65f2-43a4-8df9-825c037dedc7" />
      <TestMethod codeBase="D:\actions-runner\_work\XPCO\XPCO\LogServer\Viewer\VideoOS.LogViewer.Tests\bin\Debug\VideoOS.LogViewer.Tests.dll" adapterTypeName="executor://mstestadapter/v2" className="VideoOS.LogViewer.Tests.UI.ViewModels.FilterSelectionControlViewModelTests" name="ClearSearchCommand_ShouldClearSearchTextBox" />
    </UnitTest>
    <UnitTest name="FetchLoglinesAsync_ShouldNotFetchLoglines_IfPreviousCallIsInProgress" storage="d:\actions-runner\_work\xpco\xpco\logserver\viewer\videoos.logviewer.tests\bin\debug\videoos.logviewer.tests.dll" id="21c552d7-9287-5750-003a-4828b6abed06">
      <Execution id="29e28ed1-54b5-493e-9ec7-cc7177accae2" />
      <TestMethod codeBase="D:\actions-runner\_work\XPCO\XPCO\LogServer\Viewer\VideoOS.LogViewer.Tests\bin\Debug\VideoOS.LogViewer.Tests.dll" adapterTypeName="executor://mstestadapter/v2" className="VideoOS.LogViewer.Tests.UI.ViewModels.SystemLogTabViewModelTests" name="FetchLoglinesAsync_ShouldNotFetchLoglines_IfPreviousCallIsInProgress" />
    </UnitTest>
    <UnitTest name="ApplyFiltersCommand_ShouldSetTotalLoglinesCountValueTo100_WhenStartQuerySessionReturns100" storage="d:\actions-runner\_work\xpco\xpco\logserver\viewer\videoos.logviewer.tests\bin\debug\videoos.logviewer.tests.dll" id="75b5eebc-b3d3-bb16-520a-b3b1d6058d04">
      <Execution id="e1d197a5-300e-4b86-a9c1-8c63f92b35e3" />
      <TestMethod codeBase="D:\actions-runner\_work\XPCO\XPCO\LogServer\Viewer\VideoOS.LogViewer.Tests\bin\Debug\VideoOS.LogViewer.Tests.dll" adapterTypeName="executor://mstestadapter/v2" className="VideoOS.LogViewer.Tests.UI.ViewModels.RuleLogTabViewModelTests" name="ApplyFiltersCommand_ShouldSetTotalLoglinesCountValueTo100_WhenStartQuerySessionReturns100" />
    </UnitTest>
    <UnitTest name="LogExportCompletedToken_ShouldRegisterSourceType (System)" storage="d:\actions-runner\_work\xpco\xpco\logserver\viewer\videoos.logviewer.tests\bin\debug\videoos.logviewer.tests.dll" id="0276b01c-82f0-6e6b-db6d-72e6f6b0c4a1">
      <Execution id="9cc61c54-89fd-41a9-ad8b-4771f7d67f9a" />
      <TestMethod codeBase="D:\actions-runner\_work\XPCO\XPCO\LogServer\Viewer\VideoOS.LogViewer.Tests\bin\Debug\VideoOS.LogViewer.Tests.dll" adapterTypeName="executor://mstestadapter/v2" className="VideoOS.LogViewer.Tests.AuditLog.AuditLoggerTests" name="LogExportCompletedToken_ShouldRegisterSourceType" />
    </UnitTest>
    <UnitTest name="LogExportCanceled_ShouldWriteLogline (Audit)" storage="d:\actions-runner\_work\xpco\xpco\logserver\viewer\videoos.logviewer.tests\bin\debug\videoos.logviewer.tests.dll" id="62259e3a-78c6-411f-a57a-5855684cb024">
      <Execution id="16d9810f-5c86-49d4-8053-696ae76490f2" />
      <TestMethod codeBase="D:\actions-runner\_work\XPCO\XPCO\LogServer\Viewer\VideoOS.LogViewer.Tests\bin\Debug\VideoOS.LogViewer.Tests.dll" adapterTypeName="executor://mstestadapter/v2" className="VideoOS.LogViewer.Tests.AuditLog.AuditLoggerTests" name="LogExportCanceled_ShouldWriteLogline" />
    </UnitTest>
    <UnitTest name="StartExportAsync_ShouldIncludeFiltersInTheRuleTriggeredLogExport_IfAnyApplied (Rule name)" storage="d:\actions-runner\_work\xpco\xpco\logserver\viewer\videoos.logviewer.tests\bin\debug\videoos.logviewer.tests.dll" id="91dbdb34-2778-3e62-1726-23e9dbe006bb">
      <Execution id="701cfdb5-8d79-4a9a-bff1-7ff6d54cbdba" />
      <TestMethod codeBase="D:\actions-runner\_work\XPCO\XPCO\LogServer\Viewer\VideoOS.LogViewer.Tests\bin\Debug\VideoOS.LogViewer.Tests.dll" adapterTypeName="executor://mstestadapter/v2" className="VideoOS.LogViewer.Tests.Export.CSVExportHandlerTests" name="StartExportAsync_ShouldIncludeFiltersInTheRuleTriggeredLogExport_IfAnyApplied" />
    </UnitTest>
    <UnitTest name="ToTime_ShouldBeAdjusted_IfFromTimeIsSetToLaterTime" storage="d:\actions-runner\_work\xpco\xpco\logserver\viewer\videoos.logviewer.tests\bin\debug\videoos.logviewer.tests.dll" id="4ebedce6-a5c7-e645-0024-a816dbb8d51d">
      <Execution id="713b813a-2555-44e9-81d8-ad6b7fe89e77" />
      <TestMethod codeBase="D:\actions-runner\_work\XPCO\XPCO\LogServer\Viewer\VideoOS.LogViewer.Tests\bin\Debug\VideoOS.LogViewer.Tests.dll" adapterTypeName="executor://mstestadapter/v2" className="VideoOS.LogViewer.Tests.UI.ViewModels.RuleLogTabViewModelTests" name="ToTime_ShouldBeAdjusted_IfFromTimeIsSetToLaterTime" />
    </UnitTest>
    <UnitTest name="StartExportAsync_ShouldIncludeFiltersInTheAuditLogExport_IfAnyApplied (User location)" storage="d:\actions-runner\_work\xpco\xpco\logserver\viewer\videoos.logviewer.tests\bin\debug\videoos.logviewer.tests.dll" id="7d848429-f892-546b-2041-cc3eee96180e">
      <Execution id="8b73ad6e-884e-4302-b3d8-f44bbc6279f0" />
      <TestMethod codeBase="D:\actions-runner\_work\XPCO\XPCO\LogServer\Viewer\VideoOS.LogViewer.Tests\bin\Debug\VideoOS.LogViewer.Tests.dll" adapterTypeName="executor://mstestadapter/v2" className="VideoOS.LogViewer.Tests.Export.CSVExportHandlerTests" name="StartExportAsync_ShouldIncludeFiltersInTheAuditLogExport_IfAnyApplied" />
    </UnitTest>
    <UnitTest name="ApplyFiltersCommand_ShouldDisplayErrorMessage_IfStartQuerySessionAsyncResultsInException" storage="d:\actions-runner\_work\xpco\xpco\logserver\viewer\videoos.logviewer.tests\bin\debug\videoos.logviewer.tests.dll" id="448cd6ab-3397-fbe2-1096-bb0f78bfaa01">
      <Execution id="8be93c89-1309-4e00-b360-688d6558b2ac" />
      <TestMethod codeBase="D:\actions-runner\_work\XPCO\XPCO\LogServer\Viewer\VideoOS.LogViewer.Tests\bin\Debug\VideoOS.LogViewer.Tests.dll" adapterTypeName="executor://mstestadapter/v2" className="VideoOS.LogViewer.Tests.UI.ViewModels.AuditLogTabViewModelTests" name="ApplyFiltersCommand_ShouldDisplayErrorMessage_IfStartQuerySessionAsyncResultsInException" />
    </UnitTest>
    <UnitTest name="ExportPathErrorMessage_ShouldNotBeNull_IfPathIsInvalid" storage="d:\actions-runner\_work\xpco\xpco\logserver\viewer\videoos.logviewer.tests\bin\debug\videoos.logviewer.tests.dll" id="a938a37d-4ef2-829c-1f99-a5797e83d492">
      <Execution id="b33f3883-cdab-4a66-84eb-837cc1809733" />
      <TestMethod codeBase="D:\actions-runner\_work\XPCO\XPCO\LogServer\Viewer\VideoOS.LogViewer.Tests\bin\Debug\VideoOS.LogViewer.Tests.dll" adapterTypeName="executor://mstestadapter/v2" className="VideoOS.LogViewer.Tests.UI.ViewModels.ExportWindowViewModelTests" name="ExportPathErrorMessage_ShouldNotBeNull_IfPathIsInvalid" />
    </UnitTest>
    <UnitTest name="FetchLoglinesAsync_ShouldNotModify_WhatILogReaderProvides" storage="d:\actions-runner\_work\xpco\xpco\logserver\viewer\videoos.logviewer.tests\bin\debug\videoos.logviewer.tests.dll" id="d154ee83-1a54-69f4-120f-345cee659a58">
      <Execution id="8495ac59-1cf1-422d-a8a0-dcfdbf1a1076" />
      <TestMethod codeBase="D:\actions-runner\_work\XPCO\XPCO\LogServer\Viewer\VideoOS.LogViewer.Tests\bin\Debug\VideoOS.LogViewer.Tests.dll" adapterTypeName="executor://mstestadapter/v2" className="VideoOS.LogViewer.Tests.UI.ViewModels.AuditLogTabViewModelTests" name="FetchLoglinesAsync_ShouldNotModify_WhatILogReaderProvides" />
    </UnitTest>
    <UnitTest name="LogExportCanceledToken_ShouldGenerateCorrectParameters (Rule)" storage="d:\actions-runner\_work\xpco\xpco\logserver\viewer\videoos.logviewer.tests\bin\debug\videoos.logviewer.tests.dll" id="a7ee1c36-5cec-59cd-bbbe-48673dacb8e9">
      <Execution id="bef94d43-2cd6-4a03-998a-72d3c18f0e3a" />
      <TestMethod codeBase="D:\actions-runner\_work\XPCO\XPCO\LogServer\Viewer\VideoOS.LogViewer.Tests\bin\Debug\VideoOS.LogViewer.Tests.dll" adapterTypeName="executor://mstestadapter/v2" className="VideoOS.LogViewer.Tests.AuditLog.AuditLoggerTests" name="LogExportCanceledToken_ShouldGenerateCorrectParameters" />
    </UnitTest>
    <UnitTest name="StartExportAsync_ShouldNotIncludeFiltersInTheRuleTriggeredLogExport_IfNoFiltersAreApplied (Event type)" storage="d:\actions-runner\_work\xpco\xpco\logserver\viewer\videoos.logviewer.tests\bin\debug\videoos.logviewer.tests.dll" id="3cd90f92-2f08-8ede-8de4-190d94c5a61f">
      <Execution id="7ee72be8-db4f-415a-aab5-74c5af24b31a" />
      <TestMethod codeBase="D:\actions-runner\_work\XPCO\XPCO\LogServer\Viewer\VideoOS.LogViewer.Tests\bin\Debug\VideoOS.LogViewer.Tests.dll" adapterTypeName="executor://mstestadapter/v2" className="VideoOS.LogViewer.Tests.Export.CSVExportHandlerTests" name="StartExportAsync_ShouldNotIncludeFiltersInTheRuleTriggeredLogExport_IfNoFiltersAreApplied" />
    </UnitTest>
    <UnitTest name="ApplyFiltersCommand_ShouldDisplayErrorMessage_IfStartQuerySessionAsyncResultsInException" storage="d:\actions-runner\_work\xpco\xpco\logserver\viewer\videoos.logviewer.tests\bin\debug\videoos.logviewer.tests.dll" id="c4966307-0798-1fe2-6886-1e3abe07a9be">
      <Execution id="df013d91-b251-4d5c-ba59-0f6b39091d7e" />
      <TestMethod codeBase="D:\actions-runner\_work\XPCO\XPCO\LogServer\Viewer\VideoOS.LogViewer.Tests\bin\Debug\VideoOS.LogViewer.Tests.dll" adapterTypeName="executor://mstestadapter/v2" className="VideoOS.LogViewer.Tests.UI.ViewModels.SystemLogTabViewModelTests" name="ApplyFiltersCommand_ShouldDisplayErrorMessage_IfStartQuerySessionAsyncResultsInException" />
    </UnitTest>
    <UnitTest name="ResetSelection_ShouldClearTheSearchText" storage="d:\actions-runner\_work\xpco\xpco\logserver\viewer\videoos.logviewer.tests\bin\debug\videoos.logviewer.tests.dll" id="0debcf68-595b-7602-b963-925b6a7ddd7c">
      <Execution id="2984d89b-6fa6-4e65-8c0b-5fcd969a768b" />
      <TestMethod codeBase="D:\actions-runner\_work\XPCO\XPCO\LogServer\Viewer\VideoOS.LogViewer.Tests\bin\Debug\VideoOS.LogViewer.Tests.dll" adapterTypeName="executor://mstestadapter/v2" className="VideoOS.LogViewer.Tests.UI.ViewModels.FilterSelectionControlViewModelTests" name="ResetSelection_ShouldClearTheSearchText" />
    </UnitTest>
    <UnitTest name="StartExportAsync_ShouldNotIncludeFiltersInTheSystemLogExport_IfNoFiltersAreApplied (Category)" storage="d:\actions-runner\_work\xpco\xpco\logserver\viewer\videoos.logviewer.tests\bin\debug\videoos.logviewer.tests.dll" id="485c3db4-ddd6-1540-4078-71b717998356">
      <Execution id="1fa488c9-8811-4363-9a02-fe2ca6793652" />
      <TestMethod codeBase="D:\actions-runner\_work\XPCO\XPCO\LogServer\Viewer\VideoOS.LogViewer.Tests\bin\Debug\VideoOS.LogViewer.Tests.dll" adapterTypeName="executor://mstestadapter/v2" className="VideoOS.LogViewer.Tests.Export.CSVExportHandlerTests" name="StartExportAsync_ShouldNotIncludeFiltersInTheSystemLogExport_IfNoFiltersAreApplied" />
    </UnitTest>
    <UnitTest name="FetchLoglinesAsync_ShouldNotFetchMoreLoglines_IfAllLoglinesAreAlreadyFetched" storage="d:\actions-runner\_work\xpco\xpco\logserver\viewer\videoos.logviewer.tests\bin\debug\videoos.logviewer.tests.dll" id="4b16ec46-9a7d-9f93-8d71-60b460a79c41">
      <Execution id="238d0550-3d5e-42dc-8d89-7004f9a2bb00" />
      <TestMethod codeBase="D:\actions-runner\_work\XPCO\XPCO\LogServer\Viewer\VideoOS.LogViewer.Tests\bin\Debug\VideoOS.LogViewer.Tests.dll" adapterTypeName="executor://mstestadapter/v2" className="VideoOS.LogViewer.Tests.UI.ViewModels.SystemLogTabViewModelTests" name="FetchLoglinesAsync_ShouldNotFetchMoreLoglines_IfAllLoglinesAreAlreadyFetched" />
    </UnitTest>
    <UnitTest name="StartExportAsync_ShouldNotIncludeFiltersInTheRuleTriggeredLogExport_IfNoFiltersAreApplied (Source type)" storage="d:\actions-runner\_work\xpco\xpco\logserver\viewer\videoos.logviewer.tests\bin\debug\videoos.logviewer.tests.dll" id="a33aa20a-d1bf-052f-a580-39fd5ed25f44">
      <Execution id="0dfbd0b8-e3f3-4b55-b3c8-982df2635651" />
      <TestMethod codeBase="D:\actions-runner\_work\XPCO\XPCO\LogServer\Viewer\VideoOS.LogViewer.Tests\bin\Debug\VideoOS.LogViewer.Tests.dll" adapterTypeName="executor://mstestadapter/v2" className="VideoOS.LogViewer.Tests.Export.CSVExportHandlerTests" name="StartExportAsync_ShouldNotIncludeFiltersInTheRuleTriggeredLogExport_IfNoFiltersAreApplied" />
    </UnitTest>
    <UnitTest name="ExportProgress_ShouldBeZero_ByDefault" storage="d:\actions-runner\_work\xpco\xpco\logserver\viewer\videoos.logviewer.tests\bin\debug\videoos.logviewer.tests.dll" id="aa04c745-9ea2-050c-127a-c583471e5d13">
      <Execution id="8adf5c75-3a6b-49dc-913d-1dc233273043" />
      <TestMethod codeBase="D:\actions-runner\_work\XPCO\XPCO\LogServer\Viewer\VideoOS.LogViewer.Tests\bin\Debug\VideoOS.LogViewer.Tests.dll" adapterTypeName="executor://mstestadapter/v2" className="VideoOS.LogViewer.Tests.Export.CSVExportHandlerTests" name="ExportProgress_ShouldBeZero_ByDefault" />
    </UnitTest>
    <UnitTest name="ApplyCommand_ShouldNotAddSelectedItemsToFilters_IfAllAreSelected" storage="d:\actions-runner\_work\xpco\xpco\logserver\viewer\videoos.logviewer.tests\bin\debug\videoos.logviewer.tests.dll" id="41926514-96ea-847e-99b7-b19f62846342">
      <Execution id="11cac888-0cb0-4e4c-8f32-b42702b717c1" />
      <TestMethod codeBase="D:\actions-runner\_work\XPCO\XPCO\LogServer\Viewer\VideoOS.LogViewer.Tests\bin\Debug\VideoOS.LogViewer.Tests.dll" adapterTypeName="executor://mstestadapter/v2" className="VideoOS.LogViewer.Tests.UI.ViewModels.FilterSelectionControlViewModelTests" name="ApplyCommand_ShouldNotAddSelectedItemsToFilters_IfAllAreSelected" />
    </UnitTest>
    <UnitTest name="LogExportCompletedToken_ShouldRegisterMessages (Rule)" storage="d:\actions-runner\_work\xpco\xpco\logserver\viewer\videoos.logviewer.tests\bin\debug\videoos.logviewer.tests.dll" id="9590e3aa-1421-3abd-52ba-2a781729d553">
      <Execution id="a9ff2188-bd40-4e12-a4ad-f08a6086bc6e" />
      <TestMethod codeBase="D:\actions-runner\_work\XPCO\XPCO\LogServer\Viewer\VideoOS.LogViewer.Tests\bin\Debug\VideoOS.LogViewer.Tests.dll" adapterTypeName="executor://mstestadapter/v2" className="VideoOS.LogViewer.Tests.AuditLog.AuditLoggerTests" name="LogExportCompletedToken_ShouldRegisterMessages" />
    </UnitTest>
    <UnitTest name="InitializeCommand_ShouldDisplayErrorMessage_IfGetFilterValuesAsyncResultsInException" storage="d:\actions-runner\_work\xpco\xpco\logserver\viewer\videoos.logviewer.tests\bin\debug\videoos.logviewer.tests.dll" id="09c37797-5fae-576b-0133-81c2124d9f6a">
      <Execution id="3f85f39c-d202-4339-9601-ee3f5feb215a" />
      <TestMethod codeBase="D:\actions-runner\_work\XPCO\XPCO\LogServer\Viewer\VideoOS.LogViewer.Tests\bin\Debug\VideoOS.LogViewer.Tests.dll" adapterTypeName="executor://mstestadapter/v2" className="VideoOS.LogViewer.Tests.UI.ViewModels.RuleLogTabViewModelTests" name="InitializeCommand_ShouldDisplayErrorMessage_IfGetFilterValuesAsyncResultsInException" />
    </UnitTest>
    <UnitTest name="FetchLoglinesAsync_ShouldFetchLoglines_IfPreviousCallIsComplete" storage="d:\actions-runner\_work\xpco\xpco\logserver\viewer\videoos.logviewer.tests\bin\debug\videoos.logviewer.tests.dll" id="4859d64b-764d-8b33-a00c-cc2e453060e3">
      <Execution id="c15fe169-68aa-425a-8ccc-fbf0cba56ae7" />
      <TestMethod codeBase="D:\actions-runner\_work\XPCO\XPCO\LogServer\Viewer\VideoOS.LogViewer.Tests\bin\Debug\VideoOS.LogViewer.Tests.dll" adapterTypeName="executor://mstestadapter/v2" className="VideoOS.LogViewer.Tests.UI.ViewModels.AuditLogTabViewModelTests" name="FetchLoglinesAsync_ShouldFetchLoglines_IfPreviousCallIsComplete" />
    </UnitTest>
    <UnitTest name="LogExportCompletedToken_ShouldGenerateCorrectParameters (Rule)" storage="d:\actions-runner\_work\xpco\xpco\logserver\viewer\videoos.logviewer.tests\bin\debug\videoos.logviewer.tests.dll" id="b3945edc-b4c1-82dc-eb15-4f9f8e26cd8e">
      <Execution id="757312ec-06b7-4c98-9788-1b03cac81105" />
      <TestMethod codeBase="D:\actions-runner\_work\XPCO\XPCO\LogServer\Viewer\VideoOS.LogViewer.Tests\bin\Debug\VideoOS.LogViewer.Tests.dll" adapterTypeName="executor://mstestadapter/v2" className="VideoOS.LogViewer.Tests.AuditLog.AuditLoggerTests" name="LogExportCompletedToken_ShouldGenerateCorrectParameters" />
    </UnitTest>
    <UnitTest name="StartExportAsync_ShouldNotIncludeFiltersInTheSystemLogExport_IfNoFiltersAreApplied (Source name)" storage="d:\actions-runner\_work\xpco\xpco\logserver\viewer\videoos.logviewer.tests\bin\debug\videoos.logviewer.tests.dll" id="aeaa8129-6ac7-8b61-07e1-c54d2c8ef3e7">
      <Execution id="530ad74c-50d3-4a46-b881-18bf2cf00a57" />
      <TestMethod codeBase="D:\actions-runner\_work\XPCO\XPCO\LogServer\Viewer\VideoOS.LogViewer.Tests\bin\Debug\VideoOS.LogViewer.Tests.dll" adapterTypeName="executor://mstestadapter/v2" className="VideoOS.LogViewer.Tests.Export.CSVExportHandlerTests" name="StartExportAsync_ShouldNotIncludeFiltersInTheSystemLogExport_IfNoFiltersAreApplied" />
    </UnitTest>
    <UnitTest name="LogExportStarted_ShouldGenerateCorrectParameters (Audit)" storage="d:\actions-runner\_work\xpco\xpco\logserver\viewer\videoos.logviewer.tests\bin\debug\videoos.logviewer.tests.dll" id="f3aff6bd-0f55-e38d-3afe-49f1127fe0bf">
      <Execution id="7f9567f7-2dfe-46ac-8955-7ee81b4e334d" />
      <TestMethod codeBase="D:\actions-runner\_work\XPCO\XPCO\LogServer\Viewer\VideoOS.LogViewer.Tests\bin\Debug\VideoOS.LogViewer.Tests.dll" adapterTypeName="executor://mstestadapter/v2" className="VideoOS.LogViewer.Tests.AuditLog.AuditLoggerTests" name="LogExportStarted_ShouldGenerateCorrectParameters" />
    </UnitTest>
    <UnitTest name="LogExportCompleted_ShouldRegisterSourceType (Rule)" storage="d:\actions-runner\_work\xpco\xpco\logserver\viewer\videoos.logviewer.tests\bin\debug\videoos.logviewer.tests.dll" id="c9fa1f47-7947-54be-37d7-f242aade189d">
      <Execution id="1cad601d-ef66-4724-990e-56148223f4bb" />
      <TestMethod codeBase="D:\actions-runner\_work\XPCO\XPCO\LogServer\Viewer\VideoOS.LogViewer.Tests\bin\Debug\VideoOS.LogViewer.Tests.dll" adapterTypeName="executor://mstestadapter/v2" className="VideoOS.LogViewer.Tests.AuditLog.AuditLoggerTests" name="LogExportCompleted_ShouldRegisterSourceType" />
    </UnitTest>
    <UnitTest name="StartExportAsync_ShouldNotIncludeFiltersInTheAuditLogExport_IfNoFiltersAreApplied (Permission)" storage="d:\actions-runner\_work\xpco\xpco\logserver\viewer\videoos.logviewer.tests\bin\debug\videoos.logviewer.tests.dll" id="ba3d77ff-abaa-c9ef-0713-8000d5811174">
      <Execution id="2fe051e5-470c-4aa7-9603-82a4bf2194b7" />
      <TestMethod codeBase="D:\actions-runner\_work\XPCO\XPCO\LogServer\Viewer\VideoOS.LogViewer.Tests\bin\Debug\VideoOS.LogViewer.Tests.dll" adapterTypeName="executor://mstestadapter/v2" className="VideoOS.LogViewer.Tests.Export.CSVExportHandlerTests" name="StartExportAsync_ShouldNotIncludeFiltersInTheAuditLogExport_IfNoFiltersAreApplied" />
    </UnitTest>
    <UnitTest name="ExportNameErrorMessage_ShouldBeNull_IfNameIsValid" storage="d:\actions-runner\_work\xpco\xpco\logserver\viewer\videoos.logviewer.tests\bin\debug\videoos.logviewer.tests.dll" id="6f09096c-86ef-0bb9-d6a8-a68ac27447e2">
      <Execution id="fe2a70fd-ba75-42b8-8e2f-f3a124f903de" />
      <TestMethod codeBase="D:\actions-runner\_work\XPCO\XPCO\LogServer\Viewer\VideoOS.LogViewer.Tests\bin\Debug\VideoOS.LogViewer.Tests.dll" adapterTypeName="executor://mstestadapter/v2" className="VideoOS.LogViewer.Tests.UI.ViewModels.ExportWindowViewModelTests" name="ExportNameErrorMessage_ShouldBeNull_IfNameIsValid" />
    </UnitTest>
  </TestDefinitions>
  <TestEntries>
    <TestEntry testId="0d58dd94-b092-de74-3bd5-a53e160cdc25" executionId="6798bddb-5f08-4c93-9508-617092cb98d6" testListId="8c84fa94-04c1-424b-9868-57a2d4851a1d" />
    <TestEntry testId="3c05a843-1b7a-2af9-f9c1-99144c4969e3" executionId="49213caf-db24-4dfa-9197-fe166e8e6638" testListId="8c84fa94-04c1-424b-9868-57a2d4851a1d" />
    <TestEntry testId="e5881fbb-89a1-1e73-121f-99ea45ea8de6" executionId="aa57c235-c35d-42f5-ab32-f4b559b3e4a1" testListId="8c84fa94-04c1-424b-9868-57a2d4851a1d" />
    <TestEntry testId="f4113b67-f170-fc6d-547f-f26f2c11205f" executionId="8f6aef67-bf7c-4833-8ba8-eafdf352e4fb" testListId="8c84fa94-04c1-424b-9868-57a2d4851a1d" />
    <TestEntry testId="ca312ef0-14f4-447d-80ca-9a48a81d9535" executionId="164904e8-d245-45a5-813c-bf9aca14c56f" testListId="8c84fa94-04c1-424b-9868-57a2d4851a1d" />
    <TestEntry testId="e5aefbec-fe62-bbcb-6250-0ce7b8057386" executionId="45362c5e-f673-4380-b092-d47e638e5ce9" testListId="8c84fa94-04c1-424b-9868-57a2d4851a1d" />
    <TestEntry testId="48a9a022-a1fe-ffd1-b9ca-fcf937ab6db1" executionId="7e7f33cb-8fc2-42b9-b4ea-13862081225b" testListId="8c84fa94-04c1-424b-9868-57a2d4851a1d" />
    <TestEntry testId="dde8fcfb-902c-5430-ca76-e13e1d10669c" executionId="732ccd5e-eb86-4ff7-bf97-96b6d3ae9afb" testListId="8c84fa94-04c1-424b-9868-57a2d4851a1d" />
    <TestEntry testId="e67b9597-62fd-d5dd-9723-961315f60ecd" executionId="e012da6c-417f-460d-b205-2f08620dab0d" testListId="8c84fa94-04c1-424b-9868-57a2d4851a1d" />
    <TestEntry testId="8ce7b07a-e9c9-4f32-28f5-7986dbb6c536" executionId="80e763f2-3d0f-447b-9b2e-c1696973cfec" testListId="8c84fa94-04c1-424b-9868-57a2d4851a1d" />
    <TestEntry testId="7826c7a3-2e65-4760-2cca-897b0037617a" executionId="25d19b9f-bd7d-47e7-bee0-198bc6e95724" testListId="8c84fa94-04c1-424b-9868-57a2d4851a1d" />
    <TestEntry testId="c4966307-0798-1fe2-6886-1e3abe07a9be" executionId="df013d91-b251-4d5c-ba59-0f6b39091d7e" testListId="8c84fa94-04c1-424b-9868-57a2d4851a1d" />
    <TestEntry testId="24973383-9d5c-27aa-3427-ab5802340e79" executionId="fc600374-a374-42f1-991e-e44522157f40" testListId="8c84fa94-04c1-424b-9868-57a2d4851a1d" />
    <TestEntry testId="62259e3a-78c6-411f-a57a-5855684cb024" executionId="16d9810f-5c86-49d4-8053-696ae76490f2" testListId="8c84fa94-04c1-424b-9868-57a2d4851a1d" />
    <TestEntry testId="abcb749e-e15c-9eb9-6fea-c2bdecada892" executionId="33a8510b-2ee9-4c9a-bb0f-e5c648b81d44" testListId="8c84fa94-04c1-424b-9868-57a2d4851a1d" />
    <TestEntry testId="5c982bf7-4b35-1b19-22ea-337141469bb1" executionId="89951334-1741-4fc7-802b-83971abce8ef" testListId="8c84fa94-04c1-424b-9868-57a2d4851a1d" />
    <TestEntry testId="7fba6cdb-b5ba-bacb-784a-8de97259b5d1" executionId="3dc5fd0a-ee8e-4fee-9fcf-5ec6b8ea4c3a" testListId="8c84fa94-04c1-424b-9868-57a2d4851a1d" />
    <TestEntry testId="7d848429-f892-546b-2041-cc3eee96180e" executionId="8b73ad6e-884e-4302-b3d8-f44bbc6279f0" testListId="8c84fa94-04c1-424b-9868-57a2d4851a1d" />
    <TestEntry testId="f8eacc21-343b-4346-d5d2-e29ae63a7ea1" executionId="86e0022c-4d8f-4d46-863c-1ffef15d96bb" testListId="8c84fa94-04c1-424b-9868-57a2d4851a1d" />
    <TestEntry testId="3372c037-0d85-2c5a-a74a-457d77e738e2" executionId="f5efbe94-6caf-40e1-aed0-dbadc0e06f7a" testListId="8c84fa94-04c1-424b-9868-57a2d4851a1d" />
    <TestEntry testId="d5262bba-8c6b-8c49-1f33-565df48bee3a" executionId="bbe29f9c-a45f-492b-aa35-1ac54b3ff113" testListId="8c84fa94-04c1-424b-9868-57a2d4851a1d" />
    <TestEntry testId="8fd91340-7618-c4e0-26f0-3146c56ca46b" executionId="0c856979-8f5e-46ac-8d21-801317d23781" testListId="8c84fa94-04c1-424b-9868-57a2d4851a1d" />
    <TestEntry testId="c5d7cc29-cec2-0906-41b4-e150e07404c5" executionId="4c4e6193-54ea-485e-ab4e-2cf9f94f7f7f" testListId="8c84fa94-04c1-424b-9868-57a2d4851a1d" />
    <TestEntry testId="f9be6f1c-2bec-6ded-b469-e63c38be8302" executionId="8f0ebbbd-0523-4186-ae1a-3b9e5e1a4888" testListId="8c84fa94-04c1-424b-9868-57a2d4851a1d" />
    <TestEntry testId="7cfba55f-af2e-51ee-1fc6-77349649ca80" executionId="8fe75e07-9a9c-482b-8d1a-311320c119b4" testListId="8c84fa94-04c1-424b-9868-57a2d4851a1d" />
    <TestEntry testId="ef8e8214-92de-2292-fe46-0ebf40bdf876" executionId="f4b0fb5a-347c-4be7-a4d9-624db6a5b9cd" testListId="8c84fa94-04c1-424b-9868-57a2d4851a1d" />
    <TestEntry testId="5b9d8790-41a8-e324-0f42-b3f3838e922e" executionId="3413a7cc-b0cc-4652-b41c-04dddcac20b6" testListId="8c84fa94-04c1-424b-9868-57a2d4851a1d" />
    <TestEntry testId="95d8aac3-9120-8d1e-8fd7-948901f91139" executionId="5ebce829-82a2-41f5-8a06-44cdb6e2c87c" testListId="8c84fa94-04c1-424b-9868-57a2d4851a1d" />
    <TestEntry testId="30ee63b7-20cc-e945-fb91-811222937f3a" executionId="322eb744-d618-4c89-9e65-d2bb1d962b6f" testListId="8c84fa94-04c1-424b-9868-57a2d4851a1d" />
    <TestEntry testId="6dd142c2-4fa9-8c8e-8a89-7812d8589c04" executionId="28b1d88b-3670-4cdf-b353-84a14c931435" testListId="8c84fa94-04c1-424b-9868-57a2d4851a1d" />
    <TestEntry testId="ab0d3408-e47f-7ace-43dd-9707320cd9f9" executionId="a58ffc84-e04c-44c8-9509-e84d06462b6f" testListId="8c84fa94-04c1-424b-9868-57a2d4851a1d" />
    <TestEntry testId="0cc63b59-a765-1919-dc40-45f2f88bc1ca" executionId="3c8bb100-5b9e-4a93-abfa-d835b90af89b" testListId="8c84fa94-04c1-424b-9868-57a2d4851a1d" />
    <TestEntry testId="39d0228d-8323-660a-a8c8-1095e3c87e37" executionId="50946f11-6937-406d-a8ac-3879c6b1bbd3" testListId="8c84fa94-04c1-424b-9868-57a2d4851a1d" />
    <TestEntry testId="58b0c98d-5719-4d52-0db6-3f6cc9feb12b" executionId="e9b699fb-100b-4af2-837c-f461a866f1fb" testListId="8c84fa94-04c1-424b-9868-57a2d4851a1d" />
    <TestEntry testId="a7ee1c36-5cec-59cd-bbbe-48673dacb8e9" executionId="bef94d43-2cd6-4a03-998a-72d3c18f0e3a" testListId="8c84fa94-04c1-424b-9868-57a2d4851a1d" />
    <TestEntry testId="15e03f5d-e529-61c2-30c8-5c666df60da4" executionId="67cb005a-62fc-4bd2-855b-54e0db8027ec" testListId="8c84fa94-04c1-424b-9868-57a2d4851a1d" />
    <TestEntry testId="74557625-2b10-bb56-d604-f4d866013a85" executionId="394d4898-ec27-45a1-b361-07d6499e34c0" testListId="8c84fa94-04c1-424b-9868-57a2d4851a1d" />
    <TestEntry testId="b3899c15-ad06-08b0-1478-2a2eb5c9237c" executionId="6a7d8051-d73a-46eb-aea6-7bbdc93a70c5" testListId="8c84fa94-04c1-424b-9868-57a2d4851a1d" />
    <TestEntry testId="69b16011-8d93-77d0-63a4-943955ce1b67" executionId="8ab2d471-a589-4f67-9775-8cce6018ca3e" testListId="8c84fa94-04c1-424b-9868-57a2d4851a1d" />
    <TestEntry testId="e2360ce0-e666-123d-5707-dd03e1761710" executionId="2c10a29a-8987-4fef-ba35-3c49643489e9" testListId="8c84fa94-04c1-424b-9868-57a2d4851a1d" />
    <TestEntry testId="71f7634d-62dc-7fe0-88a1-f72744b379e9" executionId="ab8938ee-1243-4d36-b05b-0b235db2b7c5" testListId="8c84fa94-04c1-424b-9868-57a2d4851a1d" />
    <TestEntry testId="485c3db4-ddd6-1540-4078-71b717998356" executionId="1fa488c9-8811-4363-9a02-fe2ca6793652" testListId="8c84fa94-04c1-424b-9868-57a2d4851a1d" />
    <TestEntry testId="494df25c-ab31-3079-9698-eeb06f71012c" executionId="5e74de1c-38f4-488c-8e80-c123b1629a28" testListId="8c84fa94-04c1-424b-9868-57a2d4851a1d" />
    <TestEntry testId="38fafa95-785b-5286-4c7e-b54a34c79cdd" executionId="cced8143-c627-4a32-ae7b-29edbf83af56" testListId="8c84fa94-04c1-424b-9868-57a2d4851a1d" />
    <TestEntry testId="979ea342-03d2-1f90-94fc-0e818b1139b0" executionId="ad75953d-26ef-432f-ba1f-53ff4d91f770" testListId="8c84fa94-04c1-424b-9868-57a2d4851a1d" />
    <TestEntry testId="131b6780-72ce-0697-3180-4ff69d75358b" executionId="887858a0-90ee-410f-bf0a-ff55e2257658" testListId="8c84fa94-04c1-424b-9868-57a2d4851a1d" />
    <TestEntry testId="986e2cab-3617-88d9-614e-38fa80a368cb" executionId="2af3adaf-f326-4bf9-b6ea-eb9175b79666" testListId="8c84fa94-04c1-424b-9868-57a2d4851a1d" />
    <TestEntry testId="6f09096c-86ef-0bb9-d6a8-a68ac27447e2" executionId="fe2a70fd-ba75-42b8-8e2f-f3a124f903de" testListId="8c84fa94-04c1-424b-9868-57a2d4851a1d" />
    <TestEntry testId="bf974658-9d6b-85f4-4dd4-82307286367d" executionId="f3e8d129-221f-467e-8c01-dfc00367e5d6" testListId="8c84fa94-04c1-424b-9868-57a2d4851a1d" />
    <TestEntry testId="3cf4443c-2882-4fb3-cf66-d9e85d93fa77" executionId="18b3fde9-a43e-40f9-8cae-416ca6c7ae25" testListId="8c84fa94-04c1-424b-9868-57a2d4851a1d" />
    <TestEntry testId="e7fe7eb6-f2f0-e45d-3d42-b3275c0b4293" executionId="73a5f121-3442-43f9-bb19-7565e8d5dc7a" testListId="8c84fa94-04c1-424b-9868-57a2d4851a1d" />
    <TestEntry testId="ab0a135d-08a3-4568-07f3-e125db115dc4" executionId="db060ba1-2cd1-43b7-85f3-37b317ea320e" testListId="8c84fa94-04c1-424b-9868-57a2d4851a1d" />
    <TestEntry testId="2229c534-da94-45f7-2125-82548cf95d7b" executionId="3ce54239-c5a3-4515-bdac-6bc997595f34" testListId="8c84fa94-04c1-424b-9868-57a2d4851a1d" />
    <TestEntry testId="41d63617-722f-2318-e2f3-dbb65350cdba" executionId="ada62b06-6e1f-47e9-a38d-2dab85ef6561" testListId="8c84fa94-04c1-424b-9868-57a2d4851a1d" />
    <TestEntry testId="09c37797-5fae-576b-0133-81c2124d9f6a" executionId="3f85f39c-d202-4339-9601-ee3f5feb215a" testListId="8c84fa94-04c1-424b-9868-57a2d4851a1d" />
    <TestEntry testId="719ce3f2-ec61-ddfe-fcc3-35300594a748" executionId="556f5aa3-a6a4-447a-afb2-088fbd859379" testListId="8c84fa94-04c1-424b-9868-57a2d4851a1d" />
    <TestEntry testId="86cdf26a-01d3-1454-75eb-7298e4f64e3e" executionId="1d7cd887-7efc-4459-84de-e95572358f7c" testListId="8c84fa94-04c1-424b-9868-57a2d4851a1d" />
    <TestEntry testId="aeaa8129-6ac7-8b61-07e1-c54d2c8ef3e7" executionId="530ad74c-50d3-4a46-b881-18bf2cf00a57" testListId="8c84fa94-04c1-424b-9868-57a2d4851a1d" />
    <TestEntry testId="c82eb6ab-1fb1-d071-5b1d-2c0ec9d6c5f8" executionId="c3f34e9f-dc6b-4a69-aff2-4356db959b9c" testListId="8c84fa94-04c1-424b-9868-57a2d4851a1d" />
    <TestEntry testId="9590e3aa-1421-3abd-52ba-2a781729d553" executionId="a9ff2188-bd40-4e12-a4ad-f08a6086bc6e" testListId="8c84fa94-04c1-424b-9868-57a2d4851a1d" />
    <TestEntry testId="d341cc20-0b16-3c41-69fc-2f19452eba9d" executionId="05b3eeae-6dd3-46e9-b276-74b64e575400" testListId="8c84fa94-04c1-424b-9868-57a2d4851a1d" />
    <TestEntry testId="b4e0a762-e757-bae0-5862-b1262dcc1c6f" executionId="09693d6e-5ffa-4584-ae40-40187aae270e" testListId="8c84fa94-04c1-424b-9868-57a2d4851a1d" />
    <TestEntry testId="64d72f06-50c1-cd68-6b37-f115b725bc6d" executionId="979b381b-6835-4f02-b2db-bc19e0ed0151" testListId="8c84fa94-04c1-424b-9868-57a2d4851a1d" />
    <TestEntry testId="2160afc6-ea21-09b1-6055-1f646d8e20af" executionId="1d9da098-ec1d-43d6-811b-87dfac5fcf96" testListId="8c84fa94-04c1-424b-9868-57a2d4851a1d" />
    <TestEntry testId="4b9a16ae-5d37-16ca-5a23-abaf091957f3" executionId="22fa5689-71af-453d-9bb1-92a03b01d33a" testListId="8c84fa94-04c1-424b-9868-57a2d4851a1d" />
    <TestEntry testId="0ad00e78-6b7f-c193-7bcf-0b2d694ff860" executionId="a6cce502-9538-4ef7-adda-29c59e40daf4" testListId="8c84fa94-04c1-424b-9868-57a2d4851a1d" />
    <TestEntry testId="55cc690e-5168-1d8a-8fc7-2fc8ea4f84ec" executionId="11a3986b-e586-4e5a-9174-08a9c3e5837c" testListId="8c84fa94-04c1-424b-9868-57a2d4851a1d" />
    <TestEntry testId="21c552d7-9287-5750-003a-4828b6abed06" executionId="29e28ed1-54b5-493e-9ec7-cc7177accae2" testListId="8c84fa94-04c1-424b-9868-57a2d4851a1d" />
    <TestEntry testId="ec730395-c200-9636-2a33-b34bf36a2255" executionId="bc47bdbb-71ff-41f1-b91c-a1a43b2d157c" testListId="8c84fa94-04c1-424b-9868-57a2d4851a1d" />
    <TestEntry testId="c6e2fe10-6374-0330-3a55-32e9451857d1" executionId="f2482cee-39bc-4da7-906f-97a8af86e349" testListId="8c84fa94-04c1-424b-9868-57a2d4851a1d" />
    <TestEntry testId="ce330a3a-d115-ba5c-dc19-43f1531e4548" executionId="8314b276-3abb-4ed9-a290-fa0fef468c79" testListId="8c84fa94-04c1-424b-9868-57a2d4851a1d" />
    <TestEntry testId="6424e692-4d3a-827a-decb-3ce5cb79fff5" executionId="3084460d-9fef-4f26-97b6-8e3d9b109cd3" testListId="8c84fa94-04c1-424b-9868-57a2d4851a1d" />
    <TestEntry testId="b3945edc-b4c1-82dc-eb15-4f9f8e26cd8e" executionId="757312ec-06b7-4c98-9788-1b03cac81105" testListId="8c84fa94-04c1-424b-9868-57a2d4851a1d" />
    <TestEntry testId="19a2df89-ffce-448e-93da-9f4758dfd40f" executionId="76ee3470-7e7b-42ae-bc9c-13aba939221d" testListId="8c84fa94-04c1-424b-9868-57a2d4851a1d" />
    <TestEntry testId="9e225351-7a51-97ff-08f4-9b692d21bbc4" executionId="27dd988b-187a-4254-a661-f14e4bdff217" testListId="8c84fa94-04c1-424b-9868-57a2d4851a1d" />
    <TestEntry testId="629e55be-22fe-7971-ea5f-3793ed0191ee" executionId="2d0907c9-eabc-432a-9f70-021dff6b0fcc" testListId="8c84fa94-04c1-424b-9868-57a2d4851a1d" />
    <TestEntry testId="bd94679b-8e13-bf7e-6a51-a631831e8c48" executionId="4951f27f-7d0b-4ee3-8184-3df13ce299b0" testListId="8c84fa94-04c1-424b-9868-57a2d4851a1d" />
    <TestEntry testId="e1c225f2-3a2c-e335-2d5f-0365ac0c5a83" executionId="824de33d-25c4-4d86-bcfc-37d6c1f9e8ee" testListId="8c84fa94-04c1-424b-9868-57a2d4851a1d" />
    <TestEntry testId="b756d462-b4ce-8d4e-0345-e12e3743da58" executionId="0d65fd20-921c-484f-b035-a04b47ab96d2" testListId="8c84fa94-04c1-424b-9868-57a2d4851a1d" />
    <TestEntry testId="d40f95f9-3216-70f9-2e01-e28d1cbaa89b" executionId="77dc7076-ec54-4a09-a131-873a5d43da28" testListId="8c84fa94-04c1-424b-9868-57a2d4851a1d" />
    <TestEntry testId="2621df85-86ca-04fb-7bf4-e340ac32eb60" executionId="799fba57-058f-44b4-b298-4c9ec1cd3614" testListId="8c84fa94-04c1-424b-9868-57a2d4851a1d" />
    <TestEntry testId="288c4c47-f49c-acce-d98c-379b9f7af341" executionId="6e442849-bf31-4425-9da2-fc9e724f36a6" testListId="8c84fa94-04c1-424b-9868-57a2d4851a1d" />
    <TestEntry testId="db2fe9b8-64ad-a3c4-efe9-40f1d2f9333b" executionId="63cb1b3e-755c-4c2c-814b-da5ffa5e5968" testListId="8c84fa94-04c1-424b-9868-57a2d4851a1d" />
    <TestEntry testId="50cb0ca5-4453-9643-3dd1-34e35a5e9542" executionId="f567a252-6ddd-46b9-a269-38bd0689138a" testListId="8c84fa94-04c1-424b-9868-57a2d4851a1d" />
    <TestEntry testId="ca34cfe8-19ad-129c-d0df-2bac4e6a671f" executionId="37ae1688-86f9-4188-963a-71bd1b15d826" testListId="8c84fa94-04c1-424b-9868-57a2d4851a1d" />
    <TestEntry testId="aa04c745-9ea2-050c-127a-c583471e5d13" executionId="8adf5c75-3a6b-49dc-913d-1dc233273043" testListId="8c84fa94-04c1-424b-9868-57a2d4851a1d" />
    <TestEntry testId="c332d32d-69f4-7eb8-a50f-41fa471a9d91" executionId="f5646fb0-5dbd-46a5-8d8f-44f702fbbfda" testListId="8c84fa94-04c1-424b-9868-57a2d4851a1d" />
    <TestEntry testId="41926514-96ea-847e-99b7-b19f62846342" executionId="11cac888-0cb0-4e4c-8f32-b42702b717c1" testListId="8c84fa94-04c1-424b-9868-57a2d4851a1d" />
    <TestEntry testId="600a9f74-1dd6-0ecd-3743-c445e062d186" executionId="0f45696f-5c35-412e-887a-c065d514760e" testListId="8c84fa94-04c1-424b-9868-57a2d4851a1d" />
    <TestEntry testId="f5fac959-c014-35f1-9d8d-7ec9c73ac445" executionId="1711aba0-e997-4ef7-9957-487cd09f5786" testListId="8c84fa94-04c1-424b-9868-57a2d4851a1d" />
    <TestEntry testId="5da7e7b1-8437-9765-8ac5-47f31165560b" executionId="2beec8e0-9e0d-4db2-b73c-82e45a1a4fb9" testListId="8c84fa94-04c1-424b-9868-57a2d4851a1d" />
    <TestEntry testId="46af012b-c08a-abec-31e4-7119fc4686f3" executionId="6d5000cb-39f2-48cf-bb85-14168eb88eac" testListId="8c84fa94-04c1-424b-9868-57a2d4851a1d" />
    <TestEntry testId="3bbb90cb-609e-e79b-9342-439e7c710d4a" executionId="db5481e3-d0c7-4df4-9ba4-46f21c880c33" testListId="8c84fa94-04c1-424b-9868-57a2d4851a1d" />
    <TestEntry testId="26b056c3-3ab8-a12a-ebdf-8a8f425f05fb" executionId="5c94c7bd-5ad4-4dbc-b8b6-d339ee8571ca" testListId="8c84fa94-04c1-424b-9868-57a2d4851a1d" />
    <TestEntry testId="57ae62f6-95f9-d9c6-ed08-3672f3562bb1" executionId="e9bb44c0-4446-46c1-936f-d7533f9fc89a" testListId="8c84fa94-04c1-424b-9868-57a2d4851a1d" />
    <TestEntry testId="0debcf68-595b-7602-b963-925b6a7ddd7c" executionId="2984d89b-6fa6-4e65-8c0b-5fcd969a768b" testListId="8c84fa94-04c1-424b-9868-57a2d4851a1d" />
    <TestEntry testId="73b61a45-bc61-074d-1187-832d1c05ee52" executionId="86f67165-66a5-4855-961f-3efb6b4bee78" testListId="8c84fa94-04c1-424b-9868-57a2d4851a1d" />
    <TestEntry testId="3450b5ea-8e1a-df85-811e-9f3db8140adf" executionId="72155a60-e48e-4f27-a2d8-10312bd5479e" testListId="8c84fa94-04c1-424b-9868-57a2d4851a1d" />
    <TestEntry testId="a020e185-3816-632e-9abe-ae7f6274d5c5" executionId="463f24a4-2ff5-4f0e-b248-8b406737c9f7" testListId="8c84fa94-04c1-424b-9868-57a2d4851a1d" />
    <TestEntry testId="4ebedce6-a5c7-e645-0024-a816dbb8d51d" executionId="713b813a-2555-44e9-81d8-ad6b7fe89e77" testListId="8c84fa94-04c1-424b-9868-57a2d4851a1d" />
    <TestEntry testId="284dbb82-affc-3f14-2c39-f9cbe003541b" executionId="6b9e9ca0-bc51-4f0c-995e-a5005586fb9a" testListId="8c84fa94-04c1-424b-9868-57a2d4851a1d" />
    <TestEntry testId="0751a3c8-7e22-a7f8-c6e3-a05dbf8f920f" executionId="6f759f89-8274-42f6-8912-e55c96a3167f" testListId="8c84fa94-04c1-424b-9868-57a2d4851a1d" />
    <TestEntry testId="d00f2619-a28c-b497-01df-50049ceeb2de" executionId="8c5f50dc-3ecd-40c5-b988-e0f5564d82a0" testListId="8c84fa94-04c1-424b-9868-57a2d4851a1d" />
    <TestEntry testId="58fca637-e9aa-210c-81fc-86e7e6582798" executionId="b032a389-5b36-4fc4-96ff-ac9b8ed20df8" testListId="8c84fa94-04c1-424b-9868-57a2d4851a1d" />
    <TestEntry testId="67c17d03-30c7-2e00-462d-ef8b704971b5" executionId="80798fc7-aa04-4b15-9de4-93b702616a2d" testListId="8c84fa94-04c1-424b-9868-57a2d4851a1d" />
    <TestEntry testId="c3f6da99-021a-8a45-4133-72be04443522" executionId="a7ddd3e1-9b1d-403d-bf43-eb0d24e7214b" testListId="8c84fa94-04c1-424b-9868-57a2d4851a1d" />
    <TestEntry testId="5579d6db-d7e5-1505-ede9-9087ed1f4c4f" executionId="626a12b1-6485-45f0-8625-b47b5c917f68" testListId="8c84fa94-04c1-424b-9868-57a2d4851a1d" />
    <TestEntry testId="4b16ec46-9a7d-9f93-8d71-60b460a79c41" executionId="238d0550-3d5e-42dc-8d89-7004f9a2bb00" testListId="8c84fa94-04c1-424b-9868-57a2d4851a1d" />
    <TestEntry testId="e2b126ed-cabd-3020-7d1e-dc58a2587c29" executionId="053a7ef1-61cb-458a-a098-56914cf8fd92" testListId="8c84fa94-04c1-424b-9868-57a2d4851a1d" />
    <TestEntry testId="59e800ea-24c2-12cd-f0ad-9356d3ab7127" executionId="6ad7a81b-161c-420c-b81e-bc3dc7c7c7ad" testListId="8c84fa94-04c1-424b-9868-57a2d4851a1d" />
    <TestEntry testId="f89cef89-828a-0381-92d5-c4bddcf42705" executionId="996d269e-dd77-4424-bdad-519054c7262c" testListId="8c84fa94-04c1-424b-9868-57a2d4851a1d" />
    <TestEntry testId="f783329b-5fe8-b046-f8d7-759496049789" executionId="c21c9cd3-6781-4b5a-bcfb-635494772d91" testListId="8c84fa94-04c1-424b-9868-57a2d4851a1d" />
    <TestEntry testId="0966f41b-229c-3a1b-4882-4f51d1c194bd" executionId="d608ed9b-3f93-4212-9db1-475ba8499a60" testListId="8c84fa94-04c1-424b-9868-57a2d4851a1d" />
    <TestEntry testId="86385b6e-3c70-b477-3e5d-632057e2a5dc" executionId="44fccbce-b455-455f-b511-80afa438ab23" testListId="8c84fa94-04c1-424b-9868-57a2d4851a1d" />
    <TestEntry testId="e0eb380b-86d2-f5b0-0c5a-b99892d3e326" executionId="da1fe12d-dd46-45e5-bfa0-839191705730" testListId="8c84fa94-04c1-424b-9868-57a2d4851a1d" />
    <TestEntry testId="ebade166-19df-752d-6cb1-c41aaa16f79e" executionId="7ba75b11-218e-40b3-a9b8-574ecc420647" testListId="8c84fa94-04c1-424b-9868-57a2d4851a1d" />
    <TestEntry testId="00e2f1dc-895b-03ca-8793-61f415bdd9dc" executionId="d887e78d-94fe-4c03-90fa-96fa1143b540" testListId="8c84fa94-04c1-424b-9868-57a2d4851a1d" />
    <TestEntry testId="95398926-2d94-5561-87ed-26fd6015c30f" executionId="9eafeeab-cae8-4f8f-b48d-05f09a8deae7" testListId="8c84fa94-04c1-424b-9868-57a2d4851a1d" />
    <TestEntry testId="c7735bc1-caf7-f869-d25f-8256a23ad688" executionId="c8d26834-ef48-4afa-8176-177b0534257c" testListId="8c84fa94-04c1-424b-9868-57a2d4851a1d" />
    <TestEntry testId="daf0a00d-6fe6-ef6d-42f8-78b185981687" executionId="95c54279-126b-4d6b-aaa5-e793ebccd739" testListId="8c84fa94-04c1-424b-9868-57a2d4851a1d" />
    <TestEntry testId="02c6656a-22ee-eb13-3d23-d8a5de623da2" executionId="a7489c57-dccb-4b17-8b6c-60b29f1ac0b9" testListId="8c84fa94-04c1-424b-9868-57a2d4851a1d" />
    <TestEntry testId="c3280b96-8c55-d5d4-b282-c98886b215df" executionId="667012a4-3f37-4ff1-abe3-5eb5da0399db" testListId="8c84fa94-04c1-424b-9868-57a2d4851a1d" />
    <TestEntry testId="6f6c9127-9c5e-f5b9-b03c-35b0a590d1e6" executionId="355236b7-3d8a-4a99-9da5-3e1204980644" testListId="8c84fa94-04c1-424b-9868-57a2d4851a1d" />
    <TestEntry testId="19741e49-0b1b-f606-39e4-fc58b6ce6577" executionId="40276ba9-fe37-4cbb-b015-aae12030c6bc" testListId="8c84fa94-04c1-424b-9868-57a2d4851a1d" />
    <TestEntry testId="f2ec40ef-388a-a0d4-8677-c5b7647d1602" executionId="d8a30321-4b29-4421-8a77-1912659e8d89" testListId="8c84fa94-04c1-424b-9868-57a2d4851a1d" />
    <TestEntry testId="55f01452-8153-ee7b-1144-0e6585d18bac" executionId="1f32b282-4eca-45c2-9b06-816ef8fbb14a" testListId="8c84fa94-04c1-424b-9868-57a2d4851a1d" />
    <TestEntry testId="fdf28d05-2e10-44e9-62a4-21ade8e0457e" executionId="b299b0b6-a922-42bf-aaf3-86ff2944fdb7" testListId="8c84fa94-04c1-424b-9868-57a2d4851a1d" />
    <TestEntry testId="2cc97fb4-c8c3-68bd-98a4-2e1ba1b70114" executionId="03ca8d3f-b1c2-4f0d-9cc5-7e60afa7ba5e" testListId="8c84fa94-04c1-424b-9868-57a2d4851a1d" />
    <TestEntry testId="8be88b29-25dc-3616-dac3-34e25f491160" executionId="512c5ec9-2570-40e5-bbbc-ebe6622660e7" testListId="8c84fa94-04c1-424b-9868-57a2d4851a1d" />
    <TestEntry testId="e43d938a-7e19-00cd-bf49-975bc74f6666" executionId="b278c6c2-c784-4e2e-9c8b-d1c8dfc479d7" testListId="8c84fa94-04c1-424b-9868-57a2d4851a1d" />
    <TestEntry testId="55806f1e-9f22-44c5-8e7c-a2e4d400c793" executionId="9ee2fd91-65f2-43a4-8df9-825c037dedc7" testListId="8c84fa94-04c1-424b-9868-57a2d4851a1d" />
    <TestEntry testId="0bfba3ec-fb5c-9307-d3b7-c7e6bc377d16" executionId="ad8b03c5-3bf0-4b29-ac9c-f90947c994a9" testListId="8c84fa94-04c1-424b-9868-57a2d4851a1d" />
    <TestEntry testId="e6d90400-8aa0-3ed6-4a85-567cdd039b88" executionId="dbee4dbe-aa1c-43fa-a5c8-23d8a97ab1ad" testListId="8c84fa94-04c1-424b-9868-57a2d4851a1d" />
    <TestEntry testId="cd948457-e6eb-c0cb-4b02-a694fa3140f8" executionId="c8a85f4f-9b8c-4f0c-af32-264c5ac84b61" testListId="8c84fa94-04c1-424b-9868-57a2d4851a1d" />
    <TestEntry testId="141d276b-8dfa-c928-a06f-164dfdb8946a" executionId="1c0011e2-8802-4ca9-96fd-aafdc524a901" testListId="8c84fa94-04c1-424b-9868-57a2d4851a1d" />
    <TestEntry testId="62d9d9a5-1b37-a5d0-a7a0-8988967edbcd" executionId="3c3749b6-9f00-441b-89c6-218e4fd0a74b" testListId="8c84fa94-04c1-424b-9868-57a2d4851a1d" />
    <TestEntry testId="a33aa20a-d1bf-052f-a580-39fd5ed25f44" executionId="0dfbd0b8-e3f3-4b55-b3c8-982df2635651" testListId="8c84fa94-04c1-424b-9868-57a2d4851a1d" />
    <TestEntry testId="6ecd42de-834d-c4e7-c131-8f83484b4b73" executionId="7c3ae0ad-f9fc-49fa-afa4-91f825ea938a" testListId="8c84fa94-04c1-424b-9868-57a2d4851a1d" />
    <TestEntry testId="ed36d44e-4200-e799-fc12-f629ea491ec5" executionId="2d9ff327-ce8a-4fb7-b934-96fcb84ce680" testListId="8c84fa94-04c1-424b-9868-57a2d4851a1d" />
    <TestEntry testId="4df0c307-81ff-e62c-e7a6-51528274ec8b" executionId="a98f7bda-5f62-4d47-8602-79df23286574" testListId="8c84fa94-04c1-424b-9868-57a2d4851a1d" />
    <TestEntry testId="bb4778d6-27b2-176c-68e5-02c38c73ea88" executionId="9abb656a-c6cf-430f-a11d-ca055cc84a36" testListId="8c84fa94-04c1-424b-9868-57a2d4851a1d" />
    <TestEntry testId="27c9e1cd-91bb-4d47-c4ee-d4769f21248b" executionId="67164748-13c6-44c9-ab28-ca0355b5650c" testListId="8c84fa94-04c1-424b-9868-57a2d4851a1d" />
    <TestEntry testId="c27c7cea-460f-11d6-7c20-f333765b0a0e" executionId="88003606-f65c-4f4a-9767-619c8819a989" testListId="8c84fa94-04c1-424b-9868-57a2d4851a1d" />
    <TestEntry testId="90b034e7-f032-9ba4-27dc-bfa47b8a35eb" executionId="b81cd13f-f895-451c-9733-e83a0ff45325" testListId="8c84fa94-04c1-424b-9868-57a2d4851a1d" />
    <TestEntry testId="448cd6ab-3397-fbe2-1096-bb0f78bfaa01" executionId="8be93c89-1309-4e00-b360-688d6558b2ac" testListId="8c84fa94-04c1-424b-9868-57a2d4851a1d" />
    <TestEntry testId="8398e35d-199b-4b63-75ce-8cb0a5ae5f6f" executionId="a400be09-fc2a-4f39-97bb-f194e5f82fe3" testListId="8c84fa94-04c1-424b-9868-57a2d4851a1d" />
    <TestEntry testId="91dbdb34-2778-3e62-1726-23e9dbe006bb" executionId="701cfdb5-8d79-4a9a-bff1-7ff6d54cbdba" testListId="8c84fa94-04c1-424b-9868-57a2d4851a1d" />
    <TestEntry testId="bab4d807-132f-2517-9c5e-f33ba422a350" executionId="725fd3c3-46b2-46cc-b538-592c437d6bd1" testListId="8c84fa94-04c1-424b-9868-57a2d4851a1d" />
    <TestEntry testId="a938a37d-4ef2-829c-1f99-a5797e83d492" executionId="b33f3883-cdab-4a66-84eb-837cc1809733" testListId="8c84fa94-04c1-424b-9868-57a2d4851a1d" />
    <TestEntry testId="23b83e59-b71a-c931-5aaa-959a06972edc" executionId="1204d6dc-1ca5-4c99-90ed-280d40fb4d30" testListId="8c84fa94-04c1-424b-9868-57a2d4851a1d" />
    <TestEntry testId="7363ec98-688b-abe6-13cc-c183838a699a" executionId="2ebe567c-bdef-4835-b555-c485c3526ee3" testListId="8c84fa94-04c1-424b-9868-57a2d4851a1d" />
    <TestEntry testId="adfe36ba-b92f-2d10-e108-35bcaad5e614" executionId="ded47a61-732c-46c2-b85d-63874f352486" testListId="8c84fa94-04c1-424b-9868-57a2d4851a1d" />
    <TestEntry testId="dab7dede-4c82-1f90-7cfd-8dee6801a09f" executionId="48f63ab0-1a97-4414-822c-ae87694fcb26" testListId="8c84fa94-04c1-424b-9868-57a2d4851a1d" />
    <TestEntry testId="5a82c354-672f-8cdb-93d1-349ec291b376" executionId="e1d94149-b96a-45d4-9273-718de815605a" testListId="8c84fa94-04c1-424b-9868-57a2d4851a1d" />
    <TestEntry testId="319a4f04-e6a6-6df1-f2b0-d04ca1ddd696" executionId="68999436-8526-45f2-8ea1-a06f16e57117" testListId="8c84fa94-04c1-424b-9868-57a2d4851a1d" />
    <TestEntry testId="ba3d77ff-abaa-c9ef-0713-8000d5811174" executionId="2fe051e5-470c-4aa7-9603-82a4bf2194b7" testListId="8c84fa94-04c1-424b-9868-57a2d4851a1d" />
    <TestEntry testId="97e13f2d-1e16-be2e-43e2-6e7d3c174fa4" executionId="b0a292cd-659e-403a-9ec0-226063dfbe52" testListId="8c84fa94-04c1-424b-9868-57a2d4851a1d" />
    <TestEntry testId="3d2d57a3-46fe-fe0a-7126-297641577363" executionId="82f27c01-da1e-4cc0-8c2e-da33544632bb" testListId="8c84fa94-04c1-424b-9868-57a2d4851a1d" />
    <TestEntry testId="57f407e4-4761-45b2-86e5-d53b85b7a587" executionId="dd464295-fe17-4bfb-b8a3-596903a2dd2c" testListId="8c84fa94-04c1-424b-9868-57a2d4851a1d" />
    <TestEntry testId="79bd1953-4db7-3caa-f0fd-4f4eadc576c2" executionId="480f82f0-2e8e-4747-8f0a-f81a28083d8a" testListId="8c84fa94-04c1-424b-9868-57a2d4851a1d" />
    <TestEntry testId="2edfe6b5-618c-5934-1802-8d1b271b7a2d" executionId="d4b8cfd2-1880-4fe5-bb6a-89aa966c422a" testListId="8c84fa94-04c1-424b-9868-57a2d4851a1d" />
    <TestEntry testId="39c3a435-d6af-0a21-0bab-b00c9e2b78d0" executionId="3924e68f-448f-4130-8029-9502e9fcc299" testListId="8c84fa94-04c1-424b-9868-57a2d4851a1d" />
    <TestEntry testId="e54ed4ba-d89b-a9d5-364a-a66ae8ee81cc" executionId="852dfb49-8995-42aa-b50e-abe197b01c57" testListId="8c84fa94-04c1-424b-9868-57a2d4851a1d" />
    <TestEntry testId="c9fa1f47-7947-54be-37d7-f242aade189d" executionId="1cad601d-ef66-4724-990e-56148223f4bb" testListId="8c84fa94-04c1-424b-9868-57a2d4851a1d" />
    <TestEntry testId="7e610db5-1d7d-cfde-d429-a40fd0fc3fce" executionId="19c9734a-5370-4d15-95e4-af36eb6706f9" testListId="8c84fa94-04c1-424b-9868-57a2d4851a1d" />
    <TestEntry testId="aab1f6c5-c02d-5ec4-753c-bc7333feb735" executionId="77b95175-c5d2-4a81-b170-772b7499cfbf" testListId="8c84fa94-04c1-424b-9868-57a2d4851a1d" />
    <TestEntry testId="10a08c80-843c-fb0a-33ef-74b9dc2de881" executionId="9ea561f0-b47f-4432-851a-96604f5944b0" testListId="8c84fa94-04c1-424b-9868-57a2d4851a1d" />
    <TestEntry testId="7af781cd-399d-ab95-7bf8-2c61d76a11b4" executionId="13713057-cb91-4c8d-a4ba-474ebf30a326" testListId="8c84fa94-04c1-424b-9868-57a2d4851a1d" />
    <TestEntry testId="c976be10-2f0e-aa32-010e-a701df3eea52" executionId="0575b744-a52a-43bc-af72-304876afd40f" testListId="8c84fa94-04c1-424b-9868-57a2d4851a1d" />
    <TestEntry testId="ff7a8a71-3fe4-d433-98e7-1a41e074107a" executionId="5c8418de-9327-4da4-a0b1-2e53eecaddc3" testListId="8c84fa94-04c1-424b-9868-57a2d4851a1d" />
    <TestEntry testId="d154ee83-1a54-69f4-120f-345cee659a58" executionId="8495ac59-1cf1-422d-a8a0-dcfdbf1a1076" testListId="8c84fa94-04c1-424b-9868-57a2d4851a1d" />
    <TestEntry testId="e35afa8f-18a8-fe75-188d-fb04ec177cd3" executionId="af586586-ae0b-473c-a81e-9bc227d432c9" testListId="8c84fa94-04c1-424b-9868-57a2d4851a1d" />
    <TestEntry testId="a80d2c88-6278-67cf-27d3-cf05ec5e6f40" executionId="49586256-ed2b-4c74-81a7-0ba259c6d6a4" testListId="8c84fa94-04c1-424b-9868-57a2d4851a1d" />
    <TestEntry testId="ad0c55c7-8dbe-ee8e-f69a-9c17bcfe4e97" executionId="6280921b-8b7f-4dc6-9854-e29816d6e0a8" testListId="8c84fa94-04c1-424b-9868-57a2d4851a1d" />
    <TestEntry testId="0276b01c-82f0-6e6b-db6d-72e6f6b0c4a1" executionId="9cc61c54-89fd-41a9-ad8b-4771f7d67f9a" testListId="8c84fa94-04c1-424b-9868-57a2d4851a1d" />
    <TestEntry testId="dbb9b0e4-8d56-67a1-ad4d-3e9eddd46357" executionId="aa984320-f442-4b5e-ab3c-911e32bcb3f6" testListId="8c84fa94-04c1-424b-9868-57a2d4851a1d" />
    <TestEntry testId="4ab6305e-36f3-8dff-49f2-16d65e121481" executionId="b0b91f3f-dad4-46b9-b9b1-efebe83f2b98" testListId="8c84fa94-04c1-424b-9868-57a2d4851a1d" />
    <TestEntry testId="d921a6e9-3ca7-340e-e5c2-ec845e022eaa" executionId="2b181456-bd12-4a18-ad94-7a40fc4d6286" testListId="8c84fa94-04c1-424b-9868-57a2d4851a1d" />
    <TestEntry testId="bb09c01b-922c-f2b2-371b-4a326f96cac1" executionId="23d1e3ea-5096-4388-b04d-d2bce193f240" testListId="8c84fa94-04c1-424b-9868-57a2d4851a1d" />
    <TestEntry testId="a7013049-7851-4a13-90e6-fa514b19fa5a" executionId="15986bc6-d216-41a7-9a2c-dd4a8eb8657e" testListId="8c84fa94-04c1-424b-9868-57a2d4851a1d" />
    <TestEntry testId="18e27c0c-0446-ac82-10a9-013debd8222a" executionId="a38e9492-10f2-478d-9cc7-d785eda7c8ad" testListId="8c84fa94-04c1-424b-9868-57a2d4851a1d" />
    <TestEntry testId="bc411907-762e-f7d3-616e-09d135af5a37" executionId="a5cb5947-2ef8-47e8-9c64-69f6b0cca7e3" testListId="8c84fa94-04c1-424b-9868-57a2d4851a1d" />
    <TestEntry testId="ee50dc86-324f-5f3c-2a58-159bdcf1873c" executionId="d7fda65c-ad57-4687-928f-38687b5d5162" testListId="8c84fa94-04c1-424b-9868-57a2d4851a1d" />
    <TestEntry testId="61113905-133a-3e1c-d043-8e101e2fd4ec" executionId="2d670627-e783-4c4f-b4d1-43f0e9463821" testListId="8c84fa94-04c1-424b-9868-57a2d4851a1d" />
    <TestEntry testId="dd60bd08-4f2f-6027-6ce8-4ebea86bcba0" executionId="fdb7d491-d5db-431c-9ad3-2805bf05fcca" testListId="8c84fa94-04c1-424b-9868-57a2d4851a1d" />
    <TestEntry testId="75b5eebc-b3d3-bb16-520a-b3b1d6058d04" executionId="e1d197a5-300e-4b86-a9c1-8c63f92b35e3" testListId="8c84fa94-04c1-424b-9868-57a2d4851a1d" />
    <TestEntry testId="62db031b-f0f9-415f-93e9-ca22a9456c5a" executionId="8c3c0db0-ed41-450b-b8c9-9a025bf56731" testListId="8c84fa94-04c1-424b-9868-57a2d4851a1d" />
    <TestEntry testId="0665573d-6704-8548-10c9-d20ded516d75" executionId="ce558f87-da4f-4333-b626-1800355762bd" testListId="8c84fa94-04c1-424b-9868-57a2d4851a1d" />
    <TestEntry testId="8d62ae03-a1c7-b35c-fd3c-655dad65ccd0" executionId="75113361-f4d4-4af0-a711-ffe41ed8f767" testListId="8c84fa94-04c1-424b-9868-57a2d4851a1d" />
    <TestEntry testId="1e930fbc-c4a6-80bc-e006-01ba9667acc1" executionId="20bfa698-2c3e-49d3-a279-ff3750b38516" testListId="8c84fa94-04c1-424b-9868-57a2d4851a1d" />
    <TestEntry testId="e006e369-cdcf-10d4-bbb4-105fbc142dfd" executionId="27771673-6023-45d2-b35d-e242dc6da3c7" testListId="8c84fa94-04c1-424b-9868-57a2d4851a1d" />
    <TestEntry testId="eb5ce628-8e13-63df-01c5-f204fe1dc426" executionId="04f8a0c8-92ac-4451-8208-8765311c525a" testListId="8c84fa94-04c1-424b-9868-57a2d4851a1d" />
    <TestEntry testId="11f9f4b2-5437-9cfe-2670-5f5232039722" executionId="9b1cbb22-2920-405b-b6c5-792ac8549ea3" testListId="8c84fa94-04c1-424b-9868-57a2d4851a1d" />
    <TestEntry testId="558c1804-1699-b553-0a2a-034e67dff26f" executionId="7b9d7dc8-7207-4dc5-bd45-a9e803af512c" testListId="8c84fa94-04c1-424b-9868-57a2d4851a1d" />
    <TestEntry testId="54981a59-30e7-b290-ff1f-47c6157d20e2" executionId="25398b82-1701-443b-9dd8-9fdce11faf5e" testListId="8c84fa94-04c1-424b-9868-57a2d4851a1d" />
    <TestEntry testId="92225fc8-16dd-2374-6ab7-a29bb5f3b8fe" executionId="29119e7c-687b-4fb2-8b05-34da7a37c26e" testListId="8c84fa94-04c1-424b-9868-57a2d4851a1d" />
    <TestEntry testId="2e75c949-3e69-abd0-4244-93d6fd5a6c18" executionId="db809bef-dd58-44ae-9074-5bece6f52f66" testListId="8c84fa94-04c1-424b-9868-57a2d4851a1d" />
    <TestEntry testId="9cb11d1e-83aa-2c36-8cb8-f6bf767d1298" executionId="c3b5757b-6926-4ec0-a3cf-ac0c7297cc4a" testListId="8c84fa94-04c1-424b-9868-57a2d4851a1d" />
    <TestEntry testId="7d565b20-c1b2-8847-844d-f63c71bcb6a5" executionId="b14bf775-36ed-4c1c-9bd0-3a009d107f43" testListId="8c84fa94-04c1-424b-9868-57a2d4851a1d" />
    <TestEntry testId="69e659af-b277-b8a6-a1d2-ae2dddaefff7" executionId="3d7c0eba-1383-4cd4-b12e-26f52022f332" testListId="8c84fa94-04c1-424b-9868-57a2d4851a1d" />
    <TestEntry testId="ef365e9f-179f-bed4-eb9b-f2e5076c2ba8" executionId="50113edb-4cfa-4388-ad23-60adf29b32a9" testListId="8c84fa94-04c1-424b-9868-57a2d4851a1d" />
    <TestEntry testId="acbca94e-4023-0e4f-af60-f647afe1dc60" executionId="8eb2b1b8-dff9-4734-abd1-d1692380e794" testListId="8c84fa94-04c1-424b-9868-57a2d4851a1d" />
    <TestEntry testId="d55f7045-cb14-0f93-4610-ae875d162f50" executionId="1520fa32-f5d1-434d-a956-223ce88f7aa9" testListId="8c84fa94-04c1-424b-9868-57a2d4851a1d" />
    <TestEntry testId="66506cad-9568-adef-6358-8d867534e973" executionId="a9a11bd4-92ae-4d3d-81bd-bf89fe92d7d5" testListId="8c84fa94-04c1-424b-9868-57a2d4851a1d" />
    <TestEntry testId="8c45dbfe-56ff-d955-7ae7-c04fd74409c5" executionId="04ac45b3-f08e-4dae-b94a-5d4024fc0f05" testListId="8c84fa94-04c1-424b-9868-57a2d4851a1d" />
    <TestEntry testId="b2c8be69-db24-85a1-ff90-ae1867ec1a65" executionId="17bd9fde-1ace-4039-b95d-c247ebe68910" testListId="8c84fa94-04c1-424b-9868-57a2d4851a1d" />
    <TestEntry testId="06c9159f-2b66-12d8-2469-a42ec62bc921" executionId="3753952f-26e3-4584-ae5c-fb79a4dca9f4" testListId="8c84fa94-04c1-424b-9868-57a2d4851a1d" />
    <TestEntry testId="0078f6a4-8b3a-f044-0781-bb221f605c9c" executionId="555d69c8-cb34-4755-8673-0f5aaba09c0a" testListId="8c84fa94-04c1-424b-9868-57a2d4851a1d" />
    <TestEntry testId="fc1760ec-6935-b01e-bdee-1df8974d3a4e" executionId="d3d58876-85fd-4401-a83d-9d9e1d788751" testListId="8c84fa94-04c1-424b-9868-57a2d4851a1d" />
    <TestEntry testId="a98b22fe-39ac-3b1a-c806-25955547cf41" executionId="89505c10-c81c-488f-bdac-7943ef12542d" testListId="8c84fa94-04c1-424b-9868-57a2d4851a1d" />
    <TestEntry testId="f3aff6bd-0f55-e38d-3afe-49f1127fe0bf" executionId="7f9567f7-2dfe-46ac-8955-7ee81b4e334d" testListId="8c84fa94-04c1-424b-9868-57a2d4851a1d" />
    <TestEntry testId="a86b19d1-7d54-77e4-cbda-8b991fbdd349" executionId="050a45ef-34cd-4695-b73b-cf8db0278195" testListId="8c84fa94-04c1-424b-9868-57a2d4851a1d" />
    <TestEntry testId="655a0c13-4b4e-d198-f983-c02395713772" executionId="b184c4ce-706d-4a50-b0ec-e8b0ccc164e1" testListId="8c84fa94-04c1-424b-9868-57a2d4851a1d" />
    <TestEntry testId="b0531a94-776b-6394-02a1-ffe9fd4ea1d9" executionId="42d03d24-b252-43e2-ad08-63fac41ff505" testListId="8c84fa94-04c1-424b-9868-57a2d4851a1d" />
    <TestEntry testId="d4a7e8af-a8a5-68e4-52b9-ebc6a68e378e" executionId="69eac79a-912c-46f7-bb42-f694023754fd" testListId="8c84fa94-04c1-424b-9868-57a2d4851a1d" />
    <TestEntry testId="59137ad3-dd40-f13c-46d7-387be05a7947" executionId="b9ee5870-17d6-4376-81f0-c767ea20f949" testListId="8c84fa94-04c1-424b-9868-57a2d4851a1d" />
    <TestEntry testId="4a09a532-8559-9191-76ed-2f4287fed6da" executionId="6d2310de-5a12-4e23-8c74-367ccf5ebe7c" testListId="8c84fa94-04c1-424b-9868-57a2d4851a1d" />
    <TestEntry testId="922e5e25-c746-2e21-b443-91140270536a" executionId="869ff182-6ff3-442f-9d25-49740c5aa736" testListId="8c84fa94-04c1-424b-9868-57a2d4851a1d" />
    <TestEntry testId="49a9aa3d-491b-c384-6063-8e962a49f145" executionId="2204862a-0c25-4e88-9e57-fc90e72936b7" testListId="8c84fa94-04c1-424b-9868-57a2d4851a1d" />
    <TestEntry testId="8e51e57a-3c02-7b6a-ed8f-50f5d97d3f98" executionId="b548e402-032e-41de-a6c5-2828c76f08d0" testListId="8c84fa94-04c1-424b-9868-57a2d4851a1d" />
    <TestEntry testId="b173cab0-24f0-bb45-ec78-d05cb226f5fa" executionId="8204d7e1-202a-4c1a-96fe-9f844c83e20a" testListId="8c84fa94-04c1-424b-9868-57a2d4851a1d" />
    <TestEntry testId="2cf32896-49e0-12a4-cb75-3843a913b5a3" executionId="9654116b-12c2-467c-83d4-f7f817594180" testListId="8c84fa94-04c1-424b-9868-57a2d4851a1d" />
    <TestEntry testId="c8fea2e0-ac92-b2c4-6779-b2f2307a2f99" executionId="67cd2a09-4648-4811-b40f-d95daeabc8b1" testListId="8c84fa94-04c1-424b-9868-57a2d4851a1d" />
    <TestEntry testId="4859d64b-764d-8b33-a00c-cc2e453060e3" executionId="c15fe169-68aa-425a-8ccc-fbf0cba56ae7" testListId="8c84fa94-04c1-424b-9868-57a2d4851a1d" />
    <TestEntry testId="50a08999-0061-8bd9-dcfe-a19025895ad4" executionId="8633b87a-3dbf-4619-b2df-93ba9b52e9d2" testListId="8c84fa94-04c1-424b-9868-57a2d4851a1d" />
    <TestEntry testId="3cd90f92-2f08-8ede-8de4-190d94c5a61f" executionId="7ee72be8-db4f-415a-aab5-74c5af24b31a" testListId="8c84fa94-04c1-424b-9868-57a2d4851a1d" />
    <TestEntry testId="1452bdee-6c6c-48e4-e741-367a46d1f13b" executionId="5fbbc24c-8493-4521-9479-3547efb3c441" testListId="8c84fa94-04c1-424b-9868-57a2d4851a1d" />
    <TestEntry testId="9ef4cb83-58ea-3348-3a4a-1820abc8c147" executionId="cfa3d360-2433-43e2-9d84-9855e50165f8" testListId="8c84fa94-04c1-424b-9868-57a2d4851a1d" />
    <TestEntry testId="44926e15-2a81-d33c-d39d-a458d53ad743" executionId="ce9684bf-fe88-4fa9-9fd8-71c16b32fbc6" testListId="8c84fa94-04c1-424b-9868-57a2d4851a1d" />
    <TestEntry testId="59c4ad07-185c-cdff-7011-256643f401a2" executionId="3a8e6cad-074f-4a05-90b2-0ffcb2f28fe1" testListId="8c84fa94-04c1-424b-9868-57a2d4851a1d" />
    <TestEntry testId="ccab813f-7695-9245-f20d-f7fc3e92ed1f" executionId="f5e6e900-bd3d-4d36-8684-9a9887a0ad66" testListId="8c84fa94-04c1-424b-9868-57a2d4851a1d" />
    <TestEntry testId="45304466-fdf7-335e-8a7b-9b72ad76c4de" executionId="7dbc2643-3c11-47f8-8816-bd6de914030a" testListId="8c84fa94-04c1-424b-9868-57a2d4851a1d" />
    <TestEntry testId="f8c551bb-0a3d-688a-3234-2e8b907647f9" executionId="f632be6e-8324-4dc4-bb7c-4665001d242c" testListId="8c84fa94-04c1-424b-9868-57a2d4851a1d" />
  </TestEntries>
  <TestLists>
    <TestList name="Results Not in a List" id="8c84fa94-04c1-424b-9868-57a2d4851a1d" />
    <TestList name="All Loaded Results" id="19431567-8539-422a-85d7-44ee4e166bda" />
  </TestLists>
  <ResultSummary outcome="Completed">
    <Counters total="233" executed="233" passed="233" failed="0" error="0" timeout="0" aborted="0" inconclusive="0" passedButRunAborted="0" notRunnable="0" notExecuted="0" disconnected="0" warning="0" completed="0" inProgress="0" pending="0" />
  </ResultSummary>
</TestRun>