<?xml version="1.0" encoding="utf-8"?>
<TestRun id="cb0d5df2-7b64-4c57-a717-1f159dbeed58" name="DKSR-EFI-06$@DKSR-EFI-06 2024-01-09 15:43:47" runUser="NT AUTHORITY\NETWORK SERVICE" xmlns="http://microsoft.com/schemas/VisualStudio/TeamTest/2010">
  <Times creation="2024-01-09T15:43:47.9510579+01:00" queuing="2024-01-09T15:43:47.9510579+01:00" start="2024-01-09T15:43:46.2323025+01:00" finish="2024-01-09T15:43:48.1073094+01:00" />
  <TestSettings name="default" id="a61e9aec-c3dd-4c8e-abfa-83f557ef2283">
    <Deployment runDeploymentRoot="DKSR-EFI-06$_DKSR-EFI-06_2024-01-09_15_43_47" />
  </TestSettings>
  <Results>
    <UnitTestResult executionId="9d797f16-f223-4e47-ac82-c34f29ee2de4" testId="8f65cbc4-e1b2-c25a-43f2-0f0dca5f5de4" testName="OemResources_ShouldHaveAll_LPRPC_Test (Pink)" computerName="DKSR-EFI-06" duration="00:00:00.0004847" startTime="2024-01-09T15:43:47.6229310+01:00" endTime="2024-01-09T15:43:47.6229310+01:00" testType="13cdc9d9-ddb5-4fa4-a97d-d965ccfc6d4b" outcome="Passed" testListId="8c84fa94-04c1-424b-9868-57a2d4851a1d" relativeResultsDirectory="9d797f16-f223-4e47-ac82-c34f29ee2de4" />
    <UnitTestResult executionId="857f3a75-3fd7-4d6c-85c1-631b69b2e4c3" testId="51c78e1d-8eee-8a9b-5b04-2f34dc7c2d30" testName="OemResources_ShouldHaveAll_LPRPC_Test (Milestone)" computerName="DKSR-EFI-06" duration="00:00:00.0085669" startTime="2024-01-09T15:43:47.6073060+01:00" endTime="2024-01-09T15:43:47.6229310+01:00" testType="13cdc9d9-ddb5-4fa4-a97d-d965ccfc6d4b" outcome="Passed" testListId="8c84fa94-04c1-424b-9868-57a2d4851a1d" relativeResultsDirectory="857f3a75-3fd7-4d6c-85c1-631b69b2e4c3" />
    <UnitTestResult executionId="16958640-ba0b-4175-a84f-38ff42ec26a0" testId="1d9b48ee-af8b-8e31-8e03-ce1b29f5db89" testName="OemResources_LPRPC_ResourcePackageValidationTest (Pink)" computerName="DKSR-EFI-06" duration="00:00:00.0032434" startTime="2024-01-09T15:43:47.6073060+01:00" endTime="2024-01-09T15:43:47.6073060+01:00" testType="13cdc9d9-ddb5-4fa4-a97d-d965ccfc6d4b" outcome="Passed" testListId="8c84fa94-04c1-424b-9868-57a2d4851a1d" relativeResultsDirectory="16958640-ba0b-4175-a84f-38ff42ec26a0" />
    <UnitTestResult executionId="58fe0e00-976f-4f81-98f4-1b6d10c30ecc" testId="71852ae3-ebdd-afc5-73d4-9301263c34bd" testName="OemResources_LPRPC_ResourcePackageValidationTest (Milestone)" computerName="DKSR-EFI-06" duration="00:00:00.4611646" startTime="2024-01-09T15:43:46.9823042+01:00" endTime="2024-01-09T15:43:47.5916805+01:00" testType="13cdc9d9-ddb5-4fa4-a97d-d965ccfc6d4b" outcome="Passed" testListId="8c84fa94-04c1-424b-9868-57a2d4851a1d" relativeResultsDirectory="58fe0e00-976f-4f81-98f4-1b6d10c30ecc" />
  </Results>
  <TestDefinitions>
    <UnitTest name="OemResources_ShouldHaveAll_LPRPC_Test (Pink)" storage="d:\actions-runner\_work\xpco\xpco\lpr\components\analytics\videoos.lpr.pluginclient.tests\bin\x64\debug\videoos.lpr.pluginclient.tests.dll" id="8f65cbc4-e1b2-c25a-43f2-0f0dca5f5de4">
      <Execution id="9d797f16-f223-4e47-ac82-c34f29ee2de4" />
      <TestMethod codeBase="D:\actions-runner\_work\XPCO\XPCO\LPR\Components\Analytics\VideoOS.LPR.PluginClient.Tests\bin\x64\Debug\VideoOS.LPR.PluginClient.Tests.dll" adapterTypeName="executor://mstestadapter/v2" className="VideoOS.LPR.PluginClient.Tests.Oem.OemPCResourcesUnitTest" name="OemResources_ShouldHaveAll_LPRPC_Test" />
    </UnitTest>
    <UnitTest name="OemResources_ShouldHaveAll_LPRPC_Test (Milestone)" storage="d:\actions-runner\_work\xpco\xpco\lpr\components\analytics\videoos.lpr.pluginclient.tests\bin\x64\debug\videoos.lpr.pluginclient.tests.dll" id="51c78e1d-8eee-8a9b-5b04-2f34dc7c2d30">
      <Execution id="857f3a75-3fd7-4d6c-85c1-631b69b2e4c3" />
      <TestMethod codeBase="D:\actions-runner\_work\XPCO\XPCO\LPR\Components\Analytics\VideoOS.LPR.PluginClient.Tests\bin\x64\Debug\VideoOS.LPR.PluginClient.Tests.dll" adapterTypeName="executor://mstestadapter/v2" className="VideoOS.LPR.PluginClient.Tests.Oem.OemPCResourcesUnitTest" name="OemResources_ShouldHaveAll_LPRPC_Test" />
    </UnitTest>
    <UnitTest name="OemResources_LPRPC_ResourcePackageValidationTest (Milestone)" storage="d:\actions-runner\_work\xpco\xpco\lpr\components\analytics\videoos.lpr.pluginclient.tests\bin\x64\debug\videoos.lpr.pluginclient.tests.dll" id="71852ae3-ebdd-afc5-73d4-9301263c34bd">
      <Execution id="58fe0e00-976f-4f81-98f4-1b6d10c30ecc" />
      <TestMethod codeBase="D:\actions-runner\_work\XPCO\XPCO\LPR\Components\Analytics\VideoOS.LPR.PluginClient.Tests\bin\x64\Debug\VideoOS.LPR.PluginClient.Tests.dll" adapterTypeName="executor://mstestadapter/v2" className="VideoOS.LPR.PluginClient.Tests.Oem.OemPCResourcesUnitTest" name="OemResources_LPRPC_ResourcePackageValidationTest" />
    </UnitTest>
    <UnitTest name="OemResources_LPRPC_ResourcePackageValidationTest (Pink)" storage="d:\actions-runner\_work\xpco\xpco\lpr\components\analytics\videoos.lpr.pluginclient.tests\bin\x64\debug\videoos.lpr.pluginclient.tests.dll" id="1d9b48ee-af8b-8e31-8e03-ce1b29f5db89">
      <Execution id="16958640-ba0b-4175-a84f-38ff42ec26a0" />
      <TestMethod codeBase="D:\actions-runner\_work\XPCO\XPCO\LPR\Components\Analytics\VideoOS.LPR.PluginClient.Tests\bin\x64\Debug\VideoOS.LPR.PluginClient.Tests.dll" adapterTypeName="executor://mstestadapter/v2" className="VideoOS.LPR.PluginClient.Tests.Oem.OemPCResourcesUnitTest" name="OemResources_LPRPC_ResourcePackageValidationTest" />
    </UnitTest>
  </TestDefinitions>
  <TestEntries>
    <TestEntry testId="8f65cbc4-e1b2-c25a-43f2-0f0dca5f5de4" executionId="9d797f16-f223-4e47-ac82-c34f29ee2de4" testListId="8c84fa94-04c1-424b-9868-57a2d4851a1d" />
    <TestEntry testId="51c78e1d-8eee-8a9b-5b04-2f34dc7c2d30" executionId="857f3a75-3fd7-4d6c-85c1-631b69b2e4c3" testListId="8c84fa94-04c1-424b-9868-57a2d4851a1d" />
    <TestEntry testId="1d9b48ee-af8b-8e31-8e03-ce1b29f5db89" executionId="16958640-ba0b-4175-a84f-38ff42ec26a0" testListId="8c84fa94-04c1-424b-9868-57a2d4851a1d" />
    <TestEntry testId="71852ae3-ebdd-afc5-73d4-9301263c34bd" executionId="58fe0e00-976f-4f81-98f4-1b6d10c30ecc" testListId="8c84fa94-04c1-424b-9868-57a2d4851a1d" />
  </TestEntries>
  <TestLists>
    <TestList name="Results Not in a List" id="8c84fa94-04c1-424b-9868-57a2d4851a1d" />
    <TestList name="All Loaded Results" id="19431567-8539-422a-85d7-44ee4e166bda" />
  </TestLists>
  <ResultSummary outcome="Completed">
    <Counters total="4" executed="4" passed="4" failed="0" error="0" timeout="0" aborted="0" inconclusive="0" passedButRunAborted="0" notRunnable="0" notExecuted="0" disconnected="0" warning="0" completed="0" inProgress="0" pending="0" />
  </ResultSummary>
</TestRun>