<?xml version="1.0" encoding="utf-8"?>
<TestRun id="d9803000-c46b-4158-9e0f-1374d2206611" name="DKSR-EFI-06$@DKSR-EFI-06 2024-01-09 15:43:42" runUser="NT AUTHORITY\NETWORK SERVICE" xmlns="http://microsoft.com/schemas/VisualStudio/TeamTest/2010">
  <Times creation="2024-01-09T15:43:42.1072910+01:00" queuing="2024-01-09T15:43:42.1072910+01:00" start="2024-01-09T15:43:31.3728805+01:00" finish="2024-01-09T15:43:45.9510528+01:00" />
  <TestSettings name="default" id="0b7ca559-5c59-4bb8-b773-ca7a0ab23f59">
    <Deployment runDeploymentRoot="DKSR-EFI-06$_DKSR-EFI-06_2024-01-09_15_43_42" />
  </TestSettings>
  <Results>
    <UnitTestResult executionId="09e2910c-a75e-47e5-b3db-68cf2406ceae" testId="4b480d4b-fcbb-5987-0d48-e2a7145be0d5" testName="Given_AContentCollectionWithTwoClientEndpointsWhereOneDependsOnNoGroup_WhenInitializeIsCalled_ThenTheTwoClientEndpointsAreAddedToDataModel" computerName="DKSR-EFI-06" duration="00:00:00.0098443" startTime="2024-01-09T15:43:42.0135398+01:00" endTime="2024-01-09T15:43:42.0135398+01:00" testType="13cdc9d9-ddb5-4fa4-a97d-d965ccfc6d4b" outcome="Passed" testListId="8c84fa94-04c1-424b-9868-57a2d4851a1d" relativeResultsDirectory="09e2910c-a75e-47e5-b3db-68cf2406ceae" />
    <UnitTestResult executionId="ac5b3b32-e0df-489c-9a27-d6040fc30545" testId="1f110d66-a369-a893-b902-9457e145e83b" testName="InstallerManager_CreatePublisherEntry" computerName="DKSR-EFI-06" startTime="2024-01-09T15:43:42.3885402+01:00" endTime="2024-01-09T15:43:42.3885402+01:00" testType="13cdc9d9-ddb5-4fa4-a97d-d965ccfc6d4b" outcome="NotExecuted" testListId="8c84fa94-04c1-424b-9868-57a2d4851a1d" relativeResultsDirectory="ac5b3b32-e0df-489c-9a27-d6040fc30545" />
    <UnitTestResult executionId="4b4dae9d-9dbb-4252-bf59-4fdea05072d0" testId="0d6717ef-e4de-733a-a19d-7e58150cd810" testName="InstallerManager_SaveInstalledPackages" computerName="DKSR-EFI-06" duration="00:00:00.0054362" startTime="2024-01-09T15:43:43.2166662+01:00" endTime="2024-01-09T15:43:43.2322923+01:00" testType="13cdc9d9-ddb5-4fa4-a97d-d965ccfc6d4b" outcome="Passed" testListId="8c84fa94-04c1-424b-9868-57a2d4851a1d" relativeResultsDirectory="4b4dae9d-9dbb-4252-bf59-4fdea05072d0" />
    <UnitTestResult executionId="636e6347-08e5-4ebf-ba15-5888aafe56bf" testId="f7dba121-2c59-69cf-c5ee-6da61dedfd50" testName="InstallerManager_CreateNewEntryOrDeleteOldFolders_DeleteOldFolders" computerName="DKSR-EFI-06" duration="00:00:00.1740377" startTime="2024-01-09T15:43:42.4041654+01:00" endTime="2024-01-09T15:43:42.5916669+01:00" testType="13cdc9d9-ddb5-4fa4-a97d-d965ccfc6d4b" outcome="Passed" testListId="8c84fa94-04c1-424b-9868-57a2d4851a1d" relativeResultsDirectory="636e6347-08e5-4ebf-ba15-5888aafe56bf" />
    <UnitTestResult executionId="0322852c-18bf-4850-ba16-ac8a4a4e2efd" testId="869cd1eb-db5a-bebc-6d07-5406846c0ce5" testName="InstallerManager_TargetPlatformCheck_X86" computerName="DKSR-EFI-06" duration="00:00:00.0019160" startTime="2024-01-09T15:43:42.2010386+01:00" endTime="2024-01-09T15:43:42.2010386+01:00" testType="13cdc9d9-ddb5-4fa4-a97d-d965ccfc6d4b" outcome="Passed" testListId="8c84fa94-04c1-424b-9868-57a2d4851a1d" relativeResultsDirectory="0322852c-18bf-4850-ba16-ac8a4a4e2efd" />
    <UnitTestResult executionId="eb4fd914-cbef-4e86-b2eb-a6bcecc5d2f8" testId="afcc2065-301a-dc0e-f2c3-06c1cc3c9a9e" testName="SubscriptionBypassFilter_ShouldFailWhenUsingUnsupportedCondition" computerName="DKSR-EFI-06" duration="00:00:00.0012137" startTime="2024-01-09T15:43:45.2010493+01:00" endTime="2024-01-09T15:43:45.2010493+01:00" testType="13cdc9d9-ddb5-4fa4-a97d-d965ccfc6d4b" outcome="Passed" testListId="8c84fa94-04c1-424b-9868-57a2d4851a1d" relativeResultsDirectory="eb4fd914-cbef-4e86-b2eb-a6bcecc5d2f8" />
    <UnitTestResult executionId="84043ee7-b224-4e7e-99c7-1639f8a8711c" testId="495ec9f3-0800-5263-a360-8439abe0cffd" testName="InstallerManager_Constructor_FormatAndVerifyLanguage" computerName="DKSR-EFI-06" duration="00:00:00.0080203" startTime="2024-01-09T15:43:42.1854172+01:00" endTime="2024-01-09T15:43:42.2010386+01:00" testType="13cdc9d9-ddb5-4fa4-a97d-d965ccfc6d4b" outcome="Passed" testListId="8c84fa94-04c1-424b-9868-57a2d4851a1d" relativeResultsDirectory="84043ee7-b224-4e7e-99c7-1639f8a8711c" />
    <UnitTestResult executionId="c114851c-726b-4128-9993-d628aeeef6a1" testId="300e3c22-372c-9366-7d20-a6374ece97d9" testName="Given_ASecureManagementServerUri_WhenInitializedIsCalled_ThenEncryptionIsLocked" computerName="DKSR-EFI-06" duration="00:00:00.0084115" startTime="2024-01-09T15:43:42.0916629+01:00" endTime="2024-01-09T15:43:42.1072910+01:00" testType="13cdc9d9-ddb5-4fa4-a97d-d965ccfc6d4b" outcome="Passed" testListId="8c84fa94-04c1-424b-9868-57a2d4851a1d" relativeResultsDirectory="c114851c-726b-4128-9993-d628aeeef6a1" />
    <UnitTestResult executionId="4c8b2f62-6a16-47bd-9391-4b41ce291d93" testId="794397c5-acd4-a276-2cbf-50f997d2709b" testName="PrepareInstallation_ShouldLoadManufacturerInfo_WhenHardwareManufacturerInfoPathIsSpecified" computerName="DKSR-EFI-06" duration="00:00:00.7166677" startTime="2024-01-09T15:43:43.4041691+01:00" endTime="2024-01-09T15:43:44.1072983+01:00" testType="13cdc9d9-ddb5-4fa4-a97d-d965ccfc6d4b" outcome="Passed" testListId="8c84fa94-04c1-424b-9868-57a2d4851a1d" relativeResultsDirectory="4c8b2f62-6a16-47bd-9391-4b41ce291d93" />
    <UnitTestResult executionId="68fe2812-a29c-4def-a2d5-d56f10020db9" testId="1ebc1254-f9d9-7fd8-2058-770cb04bda04" testName="InstallerManager_DoNotDoPrepareFinalizeOnClose_NotInHardwareManufactureMode" computerName="DKSR-EFI-06" duration="00:00:00.0031425" startTime="2024-01-09T15:43:44.3729246+01:00" endTime="2024-01-09T15:43:44.3885936+01:00" testType="13cdc9d9-ddb5-4fa4-a97d-d965ccfc6d4b" outcome="Passed" testListId="8c84fa94-04c1-424b-9868-57a2d4851a1d" relativeResultsDirectory="68fe2812-a29c-4def-a2d5-d56f10020db9" />
    <UnitTestResult executionId="848c5056-52d4-4b98-b2e6-bf918f431763" testId="cbecc23f-ca1f-7aea-6176-ccac667d1a61" testName="CreateInstallerConfigStringWithSubscriptions" computerName="DKSR-EFI-06" startTime="2024-01-09T15:43:45.2323024+01:00" endTime="2024-01-09T15:43:45.2323024+01:00" testType="13cdc9d9-ddb5-4fa4-a97d-d965ccfc6d4b" outcome="NotExecuted" testListId="8c84fa94-04c1-424b-9868-57a2d4851a1d" relativeResultsDirectory="848c5056-52d4-4b98-b2e6-bf918f431763" />
    <UnitTestResult executionId="a4836260-4030-4f4e-803d-abdc39bfcec3" testId="8d9e392a-c343-676a-d3af-5186796fea05" testName="InstallerManager_SavePackages" computerName="DKSR-EFI-06" duration="00:00:00.6193152" startTime="2024-01-09T15:43:42.6072912+01:00" endTime="2024-01-09T15:43:43.2166662+01:00" testType="13cdc9d9-ddb5-4fa4-a97d-d965ccfc6d4b" outcome="Passed" testListId="8c84fa94-04c1-424b-9868-57a2d4851a1d" relativeResultsDirectory="a4836260-4030-4f4e-803d-abdc39bfcec3" />
    <UnitTestResult executionId="bb877104-fa2e-4e19-b5d9-a4a10565f5a6" testId="ed02d880-7fc9-615d-6a86-ace66056d62b" testName="Given_AContentCollectionWithTwoClientEndpointsDependentOnDifferentGroups_WhenInitializeIsCalled_AnExceptionIsThrown" computerName="DKSR-EFI-06" duration="00:00:00.0037133" startTime="2024-01-09T15:43:42.1697882+01:00" endTime="2024-01-09T15:43:42.1697882+01:00" testType="13cdc9d9-ddb5-4fa4-a97d-d965ccfc6d4b" outcome="Passed" testListId="8c84fa94-04c1-424b-9868-57a2d4851a1d" relativeResultsDirectory="bb877104-fa2e-4e19-b5d9-a4a10565f5a6" />
    <UnitTestResult executionId="d3d4d572-c32a-44d2-8d8d-c58da68ae013" testId="a9cd81f7-356d-a19a-42fe-b562940a5280" testName="GIVEN_InstallerConfigWithSupressInArgumentsFile_WHEN_ExctractingArgumentsFile_THEN_TheArgumentsFileContainsAllParamtersInTheConfigFileExceptTheSuppressedOnes" computerName="DKSR-EFI-06" duration="00:00:00.0144445" startTime="2024-01-09T15:43:45.1229255+01:00" endTime="2024-01-09T15:43:45.1385502+01:00" testType="13cdc9d9-ddb5-4fa4-a97d-d965ccfc6d4b" outcome="Passed" testListId="8c84fa94-04c1-424b-9868-57a2d4851a1d" relativeResultsDirectory="d3d4d572-c32a-44d2-8d8d-c58da68ae013">
      <Output>
        <StdOut>Debug Trace:
Loading XML file... InstallerConfig.xmlLoading D:\actions-runner\_work\XPCO\XPCO\InstallerFramework\VideoOS.Installer.Manager.UnitTests\bin\Debug\InstallerConfig.xml...Loading D:\actions-runner\_work\XPCO\XPCO\InstallerFramework\VideoOS.Installer.Manager.UnitTests\bin\Debug\IISProduct\Product.xml...XML file loaded.</StdOut>
      </Output>
    </UnitTestResult>
    <UnitTestResult executionId="76a48e6c-5aad-41ab-abba-a1c359b47e82" testId="ab3a4a0f-1b9c-faa7-9a70-c0e4767f991f" testName="GIVEN_InstallerConfigWithoutSupressInArgumentsFile_WHEN_ExctractingArgumentsFile_THEN_TheArgumentsFileContainsAllParamtersInTheConfigFile" computerName="DKSR-EFI-06" duration="00:00:00.7316486" startTime="2024-01-09T15:43:44.3885936+01:00" endTime="2024-01-09T15:43:45.1229255+01:00" testType="13cdc9d9-ddb5-4fa4-a97d-d965ccfc6d4b" outcome="Passed" testListId="8c84fa94-04c1-424b-9868-57a2d4851a1d" relativeResultsDirectory="76a48e6c-5aad-41ab-abba-a1c359b47e82">
      <Output>
        <StdOut>Debug Trace:
Loading XML file... InstallerConfig.xmlLoading D:\actions-runner\_work\XPCO\XPCO\InstallerFramework\VideoOS.Installer.Manager.UnitTests\bin\Debug\InstallerConfig.xml...Loading D:\actions-runner\_work\XPCO\XPCO\InstallerFramework\VideoOS.Installer.Manager.UnitTests\bin\Debug\IISProduct\Product.xml...XML file loaded.</StdOut>
      </Output>
    </UnitTestResult>
    <UnitTestResult executionId="625197ae-eabe-4c5c-8414-3ffb124ec4c9" testId="196694f8-4524-f06e-ed06-c17d53be8e34" testName="CreateInstallerConfigStringWithSubscriptions" computerName="DKSR-EFI-06" startTime="2024-01-09T15:43:45.2010493+01:00" endTime="2024-01-09T15:43:45.2010493+01:00" testType="13cdc9d9-ddb5-4fa4-a97d-d965ccfc6d4b" outcome="NotExecuted" testListId="8c84fa94-04c1-424b-9868-57a2d4851a1d" relativeResultsDirectory="625197ae-eabe-4c5c-8414-3ffb124ec4c9" />
    <UnitTestResult executionId="37389acd-dc08-4a96-9ff5-e250321f16c0" testId="9abb00a7-1a9f-4dd4-c444-9493acd1d9f0" testName="Given_AContentCollectionWithOneSystemConfiguration_WhenInitializeIsCalled_ThenOneServerConfiguratorSystemConfigurationElementIsSet" computerName="DKSR-EFI-06" duration="00:00:00.0089972" startTime="2024-01-09T15:43:42.0447879+01:00" endTime="2024-01-09T15:43:42.0604154+01:00" testType="13cdc9d9-ddb5-4fa4-a97d-d965ccfc6d4b" outcome="Passed" testListId="8c84fa94-04c1-424b-9868-57a2d4851a1d" relativeResultsDirectory="37389acd-dc08-4a96-9ff5-e250321f16c0" />
    <UnitTestResult executionId="ebfc0390-0c3b-4726-a22c-27c927c760de" testId="57828b07-798a-efe7-8f42-6b2b4ca0f0d9" testName="InstallerManager_OSInformationReader_ShouldReturnOSInformation" computerName="DKSR-EFI-06" startTime="2024-01-09T15:43:44.1541723+01:00" endTime="2024-01-09T15:43:44.1541723+01:00" testType="13cdc9d9-ddb5-4fa4-a97d-d965ccfc6d4b" outcome="NotExecuted" testListId="8c84fa94-04c1-424b-9868-57a2d4851a1d" relativeResultsDirectory="ebfc0390-0c3b-4726-a22c-27c927c760de" />
    <UnitTestResult executionId="aa123532-5e40-4004-b0a8-d6516b2c5550" testId="849f8aad-74e3-7b94-0fe0-78e1198cd9ef" testName="Given_PresenterIsCreated_When_PresentingTitleAndSubTitle_Then_ThePresenterReturnsProperStrings" computerName="DKSR-EFI-06" duration="00:00:00.0021856" startTime="2024-01-09T15:43:45.1698042+01:00" endTime="2024-01-09T15:43:45.1854264+01:00" testType="13cdc9d9-ddb5-4fa4-a97d-d965ccfc6d4b" outcome="Passed" testListId="8c84fa94-04c1-424b-9868-57a2d4851a1d" relativeResultsDirectory="aa123532-5e40-4004-b0a8-d6516b2c5550" />
    <UnitTestResult executionId="3d9523c9-739c-4ecc-95ba-745c6f0cd56f" testId="d25150de-9575-f219-4fb9-35e7fd3539ef" testName="Given_AContentCollectionWithTwoServerEndpoints_WhenInitializeIsCalled_ThenTheTwoServerEndpointsAreAddedToDataModel" computerName="DKSR-EFI-06" duration="00:00:00.0140494" startTime="2024-01-09T15:43:42.0135398+01:00" endTime="2024-01-09T15:43:42.0291652+01:00" testType="13cdc9d9-ddb5-4fa4-a97d-d965ccfc6d4b" outcome="Passed" testListId="8c84fa94-04c1-424b-9868-57a2d4851a1d" relativeResultsDirectory="3d9523c9-739c-4ecc-95ba-745c6f0cd56f" />
    <UnitTestResult executionId="4331555f-049a-4749-9fbb-b8feed7ba596" testId="ef9f071c-6e2d-1671-91b5-7c1705fdb802" testName="LoadPlugins_ShouldCreatePluginInstances" computerName="DKSR-EFI-06" duration="00:00:00.0047565" startTime="2024-01-09T15:43:45.2166749+01:00" endTime="2024-01-09T15:43:45.2166749+01:00" testType="13cdc9d9-ddb5-4fa4-a97d-d965ccfc6d4b" outcome="Passed" testListId="8c84fa94-04c1-424b-9868-57a2d4851a1d" relativeResultsDirectory="4331555f-049a-4749-9fbb-b8feed7ba596">
      <Output>
        <StdOut>Debug Trace:
Plug-in DummyFilename with type VideoOS.Installer.Interfaces.Fakes.StubIWizardPageProvider was loaded.Plug-in DummyFilename with type VideoOS.Installer.Interfaces.Fakes.StubIWizardPageProvider was loaded.Plug-in DummyFilename2 with type VideoOS.Installer.Interfaces.Fakes.StubIWizardPageProvider was loaded.</StdOut>
      </Output>
    </UnitTestResult>
    <UnitTestResult executionId="5c748f3b-9d9b-433d-a58f-b76e716d3075" testId="16f11343-3606-e124-804b-dae5a010435c" testName="LoadCustomPageSetup_ShouldNotFailWhenNoCustomPageAssembliesDefined" computerName="DKSR-EFI-06" duration="00:00:00.0010376" startTime="2024-01-09T15:43:45.2479252+01:00" endTime="2024-01-09T15:43:45.2479252+01:00" testType="13cdc9d9-ddb5-4fa4-a97d-d965ccfc6d4b" outcome="Passed" testListId="8c84fa94-04c1-424b-9868-57a2d4851a1d" relativeResultsDirectory="5c748f3b-9d9b-433d-a58f-b76e716d3075" />
    <UnitTestResult executionId="a61950d6-6c29-4335-94c5-b33e1d356439" testId="b34319b5-322e-e713-8223-d7fea149edab" testName="SubscriptionBypassFilter_ShouldOnlyBypassSubscriptionWhenRelatedPackageIsSkipped" computerName="DKSR-EFI-06" duration="00:00:00.0091310" startTime="2024-01-09T15:43:45.1854264+01:00" endTime="2024-01-09T15:43:45.1854264+01:00" testType="13cdc9d9-ddb5-4fa4-a97d-d965ccfc6d4b" outcome="Passed" testListId="8c84fa94-04c1-424b-9868-57a2d4851a1d" relativeResultsDirectory="a61950d6-6c29-4335-94c5-b33e1d356439">
      <Output>
        <StdOut>Debug Trace:
Bypassing subscription with Id: f04a1781-3b47-4d52-af13-db728e803836. Reason: associated PackageId: cc4fba3b-83af-48a6-84d3-d2d5d2657655 will not be installed.</StdOut>
      </Output>
    </UnitTestResult>
    <UnitTestResult executionId="8ec5dfe1-f001-4215-bf48-173594a5b136" testId="b155d23a-fcc6-0354-438c-623c87bc89b0" testName="InstallerManager_IsWindowsVersionSupported_ShouldFail_WhenOSVersionHasBeenExcluded" computerName="DKSR-EFI-06" duration="00:00:00.0118059" startTime="2024-01-09T15:43:44.1385461+01:00" endTime="2024-01-09T15:43:44.1541723+01:00" testType="13cdc9d9-ddb5-4fa4-a97d-d965ccfc6d4b" outcome="Passed" testListId="8c84fa94-04c1-424b-9868-57a2d4851a1d" relativeResultsDirectory="8ec5dfe1-f001-4215-bf48-173594a5b136">
      <Output>
        <StdOut>Debug Trace:
Version read from the environment: 5.0, product type: WorkstationUnable to install, OS version is not supported.Version read from the environment: 5.1, product type: ServerUnable to install, OS version is not supported.Version read from the environment: 6.1, product type: WorkstationUnable to install, OS version is not supported.Version read from the environment: 6.1.5, product type: WorkstationUnable to install, OS version is not supported.Version read from the environment: 6.2, product type: WorkstationUnable to install, OS version is not supported.Version read from the environment: 6.2, product type: ServerUnable to install, OS version is not supported.Version read from the environment: 6.3, product type: WorkstationUnable to install, OS version is not supported.Version read from the environment: 6.3, product type: ServerUnable to install, OS version is not supported.Version read from the environment: 7.1.2, product type: ServerUnable to install, OS version is not supported.Version read from the environment: 8.0.1.2, product type: ServerUnable to install, OS version is not supported.Version read from the environment: 10.0.14393, product type: ServerVersion read from the environment: 10.0.19043, product type: WorkstationVersion read from the environment: 10.0.22000, product type: Workstation</StdOut>
      </Output>
    </UnitTestResult>
    <UnitTestResult executionId="926fe2c1-b0f9-423f-b636-b3652860aff3" testId="ab65de86-73a8-32d4-25b9-9e244ac60634" testName="Given_AContentCollectionWithAServerToServerGroupsWithLegacyProviderAndADataModelThatAlreadyHasTheGroup_WhenInitializeIsCalled_Then_TheDataModelIsNotUpdatedByTheLegacyProvider" computerName="DKSR-EFI-06" duration="00:00:00.0054511" startTime="2024-01-09T15:43:41.9666629+01:00" endTime="2024-01-09T15:43:41.9822880+01:00" testType="13cdc9d9-ddb5-4fa4-a97d-d965ccfc6d4b" outcome="Passed" testListId="8c84fa94-04c1-424b-9868-57a2d4851a1d" relativeResultsDirectory="926fe2c1-b0f9-423f-b636-b3652860aff3" />
    <UnitTestResult executionId="6d0220bf-c962-44c0-9bd9-ce68e2864372" testId="6f057b52-a4ef-1941-b314-67a9361be640" testName="InstallerManager_GetRequiredSpaceByInstaller" computerName="DKSR-EFI-06" duration="00:00:00.0131788" startTime="2024-01-09T15:43:42.3730473+01:00" endTime="2024-01-09T15:43:42.3885402+01:00" testType="13cdc9d9-ddb5-4fa4-a97d-d965ccfc6d4b" outcome="Passed" testListId="8c84fa94-04c1-424b-9868-57a2d4851a1d" relativeResultsDirectory="6d0220bf-c962-44c0-9bd9-ce68e2864372" />
    <UnitTestResult executionId="5a1e0169-7c80-4445-8400-077f33fd2244" testId="5cd35a4f-5261-acc6-6372-0b2336cd08ac" testName="LoadSubscriptionPlugins_InstallerConfigurationWithoutSubscriptions" computerName="DKSR-EFI-06" duration="00:00:00.0005130" startTime="2024-01-09T15:43:45.2323024+01:00" endTime="2024-01-09T15:43:45.2323024+01:00" testType="13cdc9d9-ddb5-4fa4-a97d-d965ccfc6d4b" outcome="Passed" testListId="8c84fa94-04c1-424b-9868-57a2d4851a1d" relativeResultsDirectory="5a1e0169-7c80-4445-8400-077f33fd2244" />
    <UnitTestResult executionId="4451ccc4-89ec-4d84-a189-dcb4a853a3f8" testId="ca1e6709-8ac7-3fbc-9f8e-ddb40821affc" testName="Given_AContentCollectionWithMultipleSystemConfigurationsWithAtLeastOneInvalidConfigurationPurpose_WhenInitializeIsCalled_ThenThrowArgumentException" computerName="DKSR-EFI-06" duration="00:00:00.0034503" startTime="2024-01-09T15:43:42.1697882+01:00" endTime="2024-01-09T15:43:42.1697882+01:00" testType="13cdc9d9-ddb5-4fa4-a97d-d965ccfc6d4b" outcome="Passed" testListId="8c84fa94-04c1-424b-9868-57a2d4851a1d" relativeResultsDirectory="4451ccc4-89ec-4d84-a189-dcb4a853a3f8" />
    <UnitTestResult executionId="947e048a-176a-4776-9c57-2b6051aa92fa" testId="53fcbbbb-399a-2acc-ec04-eb6dc1b3fcef" testName="SubscriptionBypassFilter_TestSupportedConditions" computerName="DKSR-EFI-06" duration="00:00:00.0005811" startTime="2024-01-09T15:43:45.2010493+01:00" endTime="2024-01-09T15:43:45.2166749+01:00" testType="13cdc9d9-ddb5-4fa4-a97d-d965ccfc6d4b" outcome="Passed" testListId="8c84fa94-04c1-424b-9868-57a2d4851a1d" relativeResultsDirectory="947e048a-176a-4776-9c57-2b6051aa92fa" />
    <UnitTestResult executionId="ae4307a6-1756-4493-a994-d7bfcdf643e7" testId="fd6046af-1f4c-f558-4ea6-fb216f97c820" testName="LoadCustomPageSetup_ShouldCreateCustomPageInstances" computerName="DKSR-EFI-06" duration="00:00:00.0019030" startTime="2024-01-09T15:43:45.2479252+01:00" endTime="2024-01-09T15:43:45.2479252+01:00" testType="13cdc9d9-ddb5-4fa4-a97d-d965ccfc6d4b" outcome="Passed" testListId="8c84fa94-04c1-424b-9868-57a2d4851a1d" relativeResultsDirectory="ae4307a6-1756-4493-a994-d7bfcdf643e7">
      <Output>
        <StdOut>Debug Trace:
Plug-in VideoOS.Installer.Manager.UnitTests.dll with type PageName1 was loaded.Plug-in VideoOS.Installer.Manager.UnitTests.dll with type PageName2 was loaded.Plug-in VideoOS.Installer.Manager.UnitTests.dll with type PageName3 was loaded.</StdOut>
      </Output>
    </UnitTestResult>
    <UnitTestResult executionId="44f5d2bf-8edc-4d07-af3b-994d3e145c8f" testId="416974ba-4294-baf2-7a86-75597b55bf8f" testName="LoadPlugins_ShouldNotFailWhenNoPluginAssembliesDefined" computerName="DKSR-EFI-06" duration="00:00:00.0002989" startTime="2024-01-09T15:43:45.2166749+01:00" endTime="2024-01-09T15:43:45.2166749+01:00" testType="13cdc9d9-ddb5-4fa4-a97d-d965ccfc6d4b" outcome="Passed" testListId="8c84fa94-04c1-424b-9868-57a2d4851a1d" relativeResultsDirectory="44f5d2bf-8edc-4d07-af3b-994d3e145c8f" />
    <UnitTestResult executionId="d450a585-1bc7-4a44-a5df-f9ffd2dee55e" testId="bb0be2da-29db-0a52-6943-1adc55cb9fb8" testName="Given_AContentCollectionWithTwoServerToServerGroupsWithInconsistentEnableEncryptionParameterKey_WhenInitializeIsCalled_AnExceptionIsThrown" computerName="DKSR-EFI-06" duration="00:00:00.0124121" startTime="2024-01-09T15:43:42.1541657+01:00" endTime="2024-01-09T15:43:42.1541657+01:00" testType="13cdc9d9-ddb5-4fa4-a97d-d965ccfc6d4b" outcome="Passed" testListId="8c84fa94-04c1-424b-9868-57a2d4851a1d" relativeResultsDirectory="d450a585-1bc7-4a44-a5df-f9ffd2dee55e" />
    <UnitTestResult executionId="92dbd1da-0c68-4d08-82df-b783e34f10cb" testId="9c30a61b-9e2f-8917-dc30-c7daa8670589" testName="InstallerManager_TargetPlatformCheck_X64" computerName="DKSR-EFI-06" duration="00:00:00.0004761" startTime="2024-01-09T15:43:42.2010386+01:00" endTime="2024-01-09T15:43:42.2010386+01:00" testType="13cdc9d9-ddb5-4fa4-a97d-d965ccfc6d4b" outcome="Passed" testListId="8c84fa94-04c1-424b-9868-57a2d4851a1d" relativeResultsDirectory="92dbd1da-0c68-4d08-82df-b783e34f10cb" />
    <UnitTestResult executionId="8ebb5765-6fe9-48ab-a377-0266ff3ea2f2" testId="042ca1f7-be63-fb46-b43d-965365f41214" testName="PrepareInstallation_ShouldLoadManufacturerInfoFromRegistry_WhenHardwareManufacturerInfoPathIsNotSpecified" computerName="DKSR-EFI-06" duration="00:00:00.0051440" startTime="2024-01-09T15:43:44.1229210+01:00" endTime="2024-01-09T15:43:44.1229210+01:00" testType="13cdc9d9-ddb5-4fa4-a97d-d965ccfc6d4b" outcome="Passed" testListId="8c84fa94-04c1-424b-9868-57a2d4851a1d" relativeResultsDirectory="8ebb5765-6fe9-48ab-a377-0266ff3ea2f2" />
    <UnitTestResult executionId="ab2b9f2b-5c07-4849-b31a-6d2d1e37496f" testId="f7b9ccd8-71a2-9239-2fa1-12c739667520" testName="SubscriptionBypassFilter_ShouldNotFailWhenNoConditionsDefined" computerName="DKSR-EFI-06" duration="00:00:00.0012577" startTime="2024-01-09T15:43:45.2010493+01:00" endTime="2024-01-09T15:43:45.2010493+01:00" testType="13cdc9d9-ddb5-4fa4-a97d-d965ccfc6d4b" outcome="Passed" testListId="8c84fa94-04c1-424b-9868-57a2d4851a1d" relativeResultsDirectory="ab2b9f2b-5c07-4849-b31a-6d2d1e37496f" />
    <UnitTestResult executionId="c89cdf8c-1ed7-4955-bf19-1aa1e0f61fa4" testId="8e1bbec5-10b8-44f9-d87b-a8966ec8ffd9" testName="InstallerManager_RunCheckLicense_WithProductKeyAndDisplayName" computerName="DKSR-EFI-06" duration="00:00:00.0467435" startTime="2024-01-09T15:43:43.2322923+01:00" endTime="2024-01-09T15:43:43.2791676+01:00" testType="13cdc9d9-ddb5-4fa4-a97d-d965ccfc6d4b" outcome="Passed" testListId="8c84fa94-04c1-424b-9868-57a2d4851a1d" relativeResultsDirectory="c89cdf8c-1ed7-4955-bf19-1aa1e0f61fa4" />
    <UnitTestResult executionId="ff73eb55-c0c9-4215-a145-d90b5bec703d" testId="95add604-4160-bdd0-cb0f-51a06b900ad8" testName="Given_AContentCollectionWithMultipleSystemConfigurations_WhenInitializeIsCalled_ThenMultipleServerConfiguratorSystemConfigurationElementsAreSet" computerName="DKSR-EFI-06" duration="00:00:00.0052808" startTime="2024-01-09T15:43:42.0916629+01:00" endTime="2024-01-09T15:43:42.0916629+01:00" testType="13cdc9d9-ddb5-4fa4-a97d-d965ccfc6d4b" outcome="Passed" testListId="8c84fa94-04c1-424b-9868-57a2d4851a1d" relativeResultsDirectory="ff73eb55-c0c9-4215-a145-d90b5bec703d" />
    <UnitTestResult executionId="42975346-7e47-471c-b32e-501403e40c90" testId="5d7aec64-c6b3-dd2d-8abf-86de73a8c3f2" testName="PrepareInstallation_ShouldSucceed_WhenRegistryDoesNotContainManufacturerInfo" computerName="DKSR-EFI-06" duration="00:00:00.0023344" startTime="2024-01-09T15:43:44.1229210+01:00" endTime="2024-01-09T15:43:44.1229210+01:00" testType="13cdc9d9-ddb5-4fa4-a97d-d965ccfc6d4b" outcome="Passed" testListId="8c84fa94-04c1-424b-9868-57a2d4851a1d" relativeResultsDirectory="42975346-7e47-471c-b32e-501403e40c90" />
    <UnitTestResult executionId="8f981e88-b58d-41f4-be2e-9ceeb7aea79c" testId="05ac2499-8e13-dad7-8e7d-c5c9df9931a2" testName="InstallerManager_CreateUpdateSoftwareEntryAndDeleteOldFolders" computerName="DKSR-EFI-06" startTime="2024-01-09T15:43:42.4041654+01:00" endTime="2024-01-09T15:43:42.4041654+01:00" testType="13cdc9d9-ddb5-4fa4-a97d-d965ccfc6d4b" outcome="NotExecuted" testListId="8c84fa94-04c1-424b-9868-57a2d4851a1d" relativeResultsDirectory="8f981e88-b58d-41f4-be2e-9ceeb7aea79c" />
    <UnitTestResult executionId="e8c84e00-1389-445c-ad77-43a421be927c" testId="13040bdc-b750-cea2-f836-86fde27723d4" testName="Given_AContentCollectionWithTwoServerEndpointsWithSameId_WhenInitializeIsCalled_AnExceptionIsThrown" computerName="DKSR-EFI-06" duration="00:00:00.0019744" startTime="2024-01-09T15:43:42.1854172+01:00" endTime="2024-01-09T15:43:42.1854172+01:00" testType="13cdc9d9-ddb5-4fa4-a97d-d965ccfc6d4b" outcome="Passed" testListId="8c84fa94-04c1-424b-9868-57a2d4851a1d" relativeResultsDirectory="e8c84e00-1389-445c-ad77-43a421be927c" />
    <UnitTestResult executionId="8df2869d-e162-4f75-9aca-4103eeeb77f9" testId="be2d94bd-7351-c472-46f2-2a3782e029fb" testName="InstallerManager_DoPrepareFinalizeOnClose_DoNotDoCreateStartup_WhenHardwareManufactureModeFinishes" computerName="DKSR-EFI-06" duration="00:00:00.0035863" startTime="2024-01-09T15:43:44.3729246+01:00" endTime="2024-01-09T15:43:44.3729246+01:00" testType="13cdc9d9-ddb5-4fa4-a97d-d965ccfc6d4b" outcome="Passed" testListId="8c84fa94-04c1-424b-9868-57a2d4851a1d" relativeResultsDirectory="8df2869d-e162-4f75-9aca-4103eeeb77f9" />
    <UnitTestResult executionId="06d71d64-b111-40a9-bce0-e14fd171f208" testId="1d795d06-c7d4-c538-9eda-aa033b5adeb4" testName="InstallerManager_DoPrepareFinalizeOnClose_DoCreateStartup_WhenHardwareManufactureModeFinishes" computerName="DKSR-EFI-06" duration="00:00:00.2139118" startTime="2024-01-09T15:43:44.1541723+01:00" endTime="2024-01-09T15:43:44.3729246+01:00" testType="13cdc9d9-ddb5-4fa4-a97d-d965ccfc6d4b" outcome="Passed" testListId="8c84fa94-04c1-424b-9868-57a2d4851a1d" relativeResultsDirectory="06d71d64-b111-40a9-bce0-e14fd171f208" />
    <UnitTestResult executionId="f6d36997-18bf-46f8-a646-c39cc9f775bb" testId="af4e06bb-8a3d-f42a-3895-df7f6d5c95d6" testName="PrepareInstallation_ShouldFailIfFinalizeMode_AndInstallerIsNotXpcoVms" computerName="DKSR-EFI-06" duration="00:00:00.0303096" startTime="2024-01-09T15:43:43.3104169+01:00" endTime="2024-01-09T15:43:43.3416662+01:00" testType="13cdc9d9-ddb5-4fa4-a97d-d965ccfc6d4b" outcome="Passed" testListId="8c84fa94-04c1-424b-9868-57a2d4851a1d" relativeResultsDirectory="f6d36997-18bf-46f8-a646-c39cc9f775bb" />
    <UnitTestResult executionId="148a60d8-af2a-4051-8c8a-f450bc3a0725" testId="d015c9f4-03ea-c911-c93b-c61170552ff4" testName="InstallerManager_CollectParametersAndValues_ExpandEvironmantVariables" computerName="DKSR-EFI-06" duration="00:00:00.1171657" startTime="2024-01-09T15:43:42.2010386+01:00" endTime="2024-01-09T15:43:42.3260411+01:00" testType="13cdc9d9-ddb5-4fa4-a97d-d965ccfc6d4b" outcome="Passed" testListId="8c84fa94-04c1-424b-9868-57a2d4851a1d" relativeResultsDirectory="148a60d8-af2a-4051-8c8a-f450bc3a0725" />
    <UnitTestResult executionId="04a5130d-c43b-40ed-87a4-4b78a6606da6" testId="0d30e7c8-dbd6-7deb-b043-ba0cdaafd565" testName="LoadSubscriptionPlugins_ShouldFail_IfSubscriptionIdsAreNotUnique" computerName="DKSR-EFI-06" duration="00:00:00.0018983" startTime="2024-01-09T15:43:45.2323024+01:00" endTime="2024-01-09T15:43:45.2323024+01:00" testType="13cdc9d9-ddb5-4fa4-a97d-d965ccfc6d4b" outcome="Passed" testListId="8c84fa94-04c1-424b-9868-57a2d4851a1d" relativeResultsDirectory="04a5130d-c43b-40ed-87a4-4b78a6606da6">
      <Output>
        <StdOut>Debug Trace:
Subscription VideoOS.Installer.Manager.UnitTests, Version=1.0.0.0, Culture=neutral, PublicKeyToken=bc60fba4a7969f89 with type VideoOS.Installer.Manager.UnitTests.WarningSubscriptionStub1 was loaded.Subscription VideoOS.Installer.Manager.UnitTests, Version=1.0.0.0, Culture=neutral, PublicKeyToken=bc60fba4a7969f89 with type VideoOS.Installer.Manager.UnitTests.WarningSubscriptionStub1Copy was loaded.</StdOut>
      </Output>
    </UnitTestResult>
    <UnitTestResult executionId="14127d9f-7267-4f40-8f77-ef84b930c5f3" testId="a3d9f23c-b5be-4bb3-6d42-e0a3ff37e3dc" testName="InstallerManager_RunCheckLicense_FromLinceseCustomization" computerName="DKSR-EFI-06" startTime="2024-01-09T15:43:43.2791676+01:00" endTime="2024-01-09T15:43:43.2791676+01:00" testType="13cdc9d9-ddb5-4fa4-a97d-d965ccfc6d4b" outcome="NotExecuted" testListId="8c84fa94-04c1-424b-9868-57a2d4851a1d" relativeResultsDirectory="14127d9f-7267-4f40-8f77-ef84b930c5f3" />
    <UnitTestResult executionId="87e1ca76-3c59-4eea-8916-6d5346c01a8f" testId="17310292-782a-1f44-a41f-bb05b264a0d7" testName="InstallerManager_UpdateParameters" computerName="DKSR-EFI-06" duration="00:00:00.0162259" startTime="2024-01-09T15:43:43.2791676+01:00" endTime="2024-01-09T15:43:43.2960660+01:00" testType="13cdc9d9-ddb5-4fa4-a97d-d965ccfc6d4b" outcome="Passed" testListId="8c84fa94-04c1-424b-9868-57a2d4851a1d" relativeResultsDirectory="87e1ca76-3c59-4eea-8916-6d5346c01a8f" />
    <UnitTestResult executionId="6e1e65ff-ba1e-4880-a00b-c48c7a732866" testId="1a638ee1-24c4-da18-4aa7-44d47aee78c3" testName="LoadSubscriptionPlugins_ShouldCreateSubscriptionInstances" computerName="DKSR-EFI-06" duration="00:00:00.0056367" startTime="2024-01-09T15:43:45.2323024+01:00" endTime="2024-01-09T15:43:45.2323024+01:00" testType="13cdc9d9-ddb5-4fa4-a97d-d965ccfc6d4b" outcome="Passed" testListId="8c84fa94-04c1-424b-9868-57a2d4851a1d" relativeResultsDirectory="6e1e65ff-ba1e-4880-a00b-c48c7a732866">
      <Output>
        <StdOut>Debug Trace:
Subscription VideoOS.Installer.Manager.UnitTests, Version=1.0.0.0, Culture=neutral, PublicKeyToken=bc60fba4a7969f89 with type VideoOS.Installer.Manager.UnitTests.CertificateSubscriptionStub1 was loaded.Subscription VideoOS.Installer.Manager.UnitTests, Version=1.0.0.0, Culture=neutral, PublicKeyToken=bc60fba4a7969f89 with type VideoOS.Installer.Manager.UnitTests.CertificateSubscriptionStub2 was loaded.Subscription VideoOS.Installer.Manager.UnitTests, Version=1.0.0.0, Culture=neutral, PublicKeyToken=bc60fba4a7969f89 with type VideoOS.Installer.Manager.UnitTests.CertificateSubscriptionStub3 was loaded.Subscription VideoOS.Installer.Manager.UnitTests, Version=1.0.0.0, Culture=neutral, PublicKeyToken=bc60fba4a7969f89 with type VideoOS.Installer.Manager.UnitTests.CertificateSubscriptionStub4 was loaded.Subscription VideoOS.Installer.Manager.UnitTests, Version=1.0.0.0, Culture=neutral, PublicKeyToken=bc60fba4a7969f89 with type VideoOS.Installer.Manager.UnitTests.ServiceUserSubscriptionStub1 was loaded.Subscription VideoOS.Installer.Manager.UnitTests, Version=1.0.0.0, Culture=neutral, PublicKeyToken=bc60fba4a7969f89 with type VideoOS.Installer.Manager.UnitTests.ServiceUserSubscriptionStub2 was loaded.Subscription VideoOS.Installer.Manager.UnitTests, Version=1.0.0.0, Culture=neutral, PublicKeyToken=bc60fba4a7969f89 with type VideoOS.Installer.Manager.UnitTests.WarningSubscriptionStub1 was loaded.Subscription VideoOS.Installer.Manager.UnitTests, Version=1.0.0.0, Culture=neutral, PublicKeyToken=bc60fba4a7969f89 with type VideoOS.Installer.Manager.UnitTests.WarningSubscriptionStub2 was loaded.Subscription VideoOS.Installer.Manager.UnitTests, Version=1.0.0.0, Culture=neutral, PublicKeyToken=bc60fba4a7969f89 with type VideoOS.Installer.Manager.UnitTests.WarningSubscriptionStub3 was loaded.</StdOut>
      </Output>
    </UnitTestResult>
    <UnitTestResult executionId="9f6440bf-23d2-4170-beb0-518e41ef6f94" testId="e0f8c160-af9c-0ad8-7e36-4adfe33b811e" testName="Given_AContentCollectionWithAServerToServerGroupsWithLegacyProviderThatHasNoThumbPrintAndModelDoesNotContainServerGroupAndIsUpgradeIsFalse_WhenInitializeIsCalled_Then_TheDataModelIsSetToDefaultEncryptionButNoCertificate" computerName="DKSR-EFI-06" duration="00:00:00.0055593" startTime="2024-01-09T15:43:41.9822880+01:00" endTime="2024-01-09T15:43:41.9822880+01:00" testType="13cdc9d9-ddb5-4fa4-a97d-d965ccfc6d4b" outcome="Passed" testListId="8c84fa94-04c1-424b-9868-57a2d4851a1d" relativeResultsDirectory="9f6440bf-23d2-4170-beb0-518e41ef6f94" />
    <UnitTestResult executionId="1cff2200-d04f-4a06-be38-7d41015c72c7" testId="dff5efb0-0c5b-c3d4-3ceb-e94122bed333" testName="Given_nothing_When_Nothing_Then_TheServerToserverCommunicationGroupDefinitionContainsTheDefinitionOfThePresenterClass" computerName="DKSR-EFI-06" duration="00:00:00.0255523" startTime="2024-01-09T15:43:45.1541785+01:00" endTime="2024-01-09T15:43:45.1698042+01:00" testType="13cdc9d9-ddb5-4fa4-a97d-d965ccfc6d4b" outcome="Passed" testListId="8c84fa94-04c1-424b-9868-57a2d4851a1d" relativeResultsDirectory="1cff2200-d04f-4a06-be38-7d41015c72c7" />
    <UnitTestResult executionId="50daf7f0-60d6-4d94-ac1a-def5a6d40c1e" testId="9e84eddd-2027-3a81-2517-c980c8d032fc" testName="Given_AContentCollectionWithTwoServerToServerGroupsOneWithLegacyProviderThatCannotObtainLegacyConfigurationAndAnEmptyDataModel_WhenInitializeIsCalled_ThenOneInstanceOfServerGroupIsAddedToDataModelWithDefaultSettings" computerName="DKSR-EFI-06" duration="00:00:00.0158336" startTime="2024-01-09T15:43:41.9510378+01:00" endTime="2024-01-09T15:43:41.9666629+01:00" testType="13cdc9d9-ddb5-4fa4-a97d-d965ccfc6d4b" outcome="Passed" testListId="8c84fa94-04c1-424b-9868-57a2d4851a1d" relativeResultsDirectory="50daf7f0-60d6-4d94-ac1a-def5a6d40c1e" />
    <UnitTestResult executionId="61e3ec11-faf0-4fda-938b-43a91f863ecc" testId="d55203cc-985c-697d-07a9-c985f4ce9a2e" testName="Given_PresenterIsCreated_When_PresentingAnUnknownKey_Then_ThePresenterReturnsTheKeyPrefixedWithNotTranslated" computerName="DKSR-EFI-06" duration="00:00:00.0007825" startTime="2024-01-09T15:43:45.1854264+01:00" endTime="2024-01-09T15:43:45.1854264+01:00" testType="13cdc9d9-ddb5-4fa4-a97d-d965ccfc6d4b" outcome="Passed" testListId="8c84fa94-04c1-424b-9868-57a2d4851a1d" relativeResultsDirectory="61e3ec11-faf0-4fda-938b-43a91f863ecc" />
    <UnitTestResult executionId="91ec085b-4345-49d3-ace2-66f19b2071b1" testId="c3d52a63-f563-ad95-f38f-b7d1949cacf9" testName="InstallerManager_CreateNewEntryOrDeleteOldFolders_CreateNewEntry" computerName="DKSR-EFI-06" duration="00:00:00.0041816" startTime="2024-01-09T15:43:42.5916669+01:00" endTime="2024-01-09T15:43:42.5916669+01:00" testType="13cdc9d9-ddb5-4fa4-a97d-d965ccfc6d4b" outcome="Passed" testListId="8c84fa94-04c1-424b-9868-57a2d4851a1d" relativeResultsDirectory="91ec085b-4345-49d3-ace2-66f19b2071b1" />
    <UnitTestResult executionId="85c44eb7-9057-4776-893c-3412f589fa12" testId="bbda981f-ade2-e8c3-39a9-b616430e6271" testName="SubscriptionBypassFilter_IsModify_BypassSubscriptionWhenRelatedPackageIsNotInstalled" computerName="DKSR-EFI-06" duration="00:00:00.0033688" startTime="2024-01-09T15:43:45.2010493+01:00" endTime="2024-01-09T15:43:45.2010493+01:00" testType="13cdc9d9-ddb5-4fa4-a97d-d965ccfc6d4b" outcome="Passed" testListId="8c84fa94-04c1-424b-9868-57a2d4851a1d" relativeResultsDirectory="85c44eb7-9057-4776-893c-3412f589fa12">
      <Output>
        <StdOut>Debug Trace:
Bypassing subscription with Id: f04a1781-3b47-4d52-af13-db728e803836. Reason: associated PackageId: cc4fba3b-83af-48a6-84d3-d2d5d2657655 will not be installed.</StdOut>
      </Output>
    </UnitTestResult>
    <UnitTestResult executionId="50b14487-3d48-41f0-839c-b82799c321de" testId="156ccb03-318d-3d19-b8f0-74bf26eb28eb" testName="LoadSubscriptionPlugins_ShouldFail_IfPluginAssemblyIsNotUnique_IgnoringCase" computerName="DKSR-EFI-06" duration="00:00:00.0024462" startTime="2024-01-09T15:43:45.2166749+01:00" endTime="2024-01-09T15:43:45.2166749+01:00" testType="13cdc9d9-ddb5-4fa4-a97d-d965ccfc6d4b" outcome="Passed" testListId="8c84fa94-04c1-424b-9868-57a2d4851a1d" relativeResultsDirectory="50b14487-3d48-41f0-839c-b82799c321de" />
    <UnitTestResult executionId="f3f99ac2-e170-47cb-a73c-9b8d4cb47d64" testId="8b6b1c2f-13e1-78de-ccd1-7ceaa782bfd5" testName="Given_ParametersContainsUnsecureAndSecureMs_When_Initialize_Then_AddressesAreSetInDataModel" computerName="DKSR-EFI-06" duration="00:00:00.0418395" startTime="2024-01-09T15:43:42.1072910+01:00" endTime="2024-01-09T15:43:42.1385411+01:00" testType="13cdc9d9-ddb5-4fa4-a97d-d965ccfc6d4b" outcome="Passed" testListId="8c84fa94-04c1-424b-9868-57a2d4851a1d" relativeResultsDirectory="f3f99ac2-e170-47cb-a73c-9b8d4cb47d64" />
    <UnitTestResult executionId="0423a151-8f86-463c-aec2-9bf800017ed8" testId="d1982d86-2cda-6e12-e925-d6194a5896f7" testName="InstallerManager_UpdatePackageParameters" computerName="DKSR-EFI-06" duration="00:00:00.0444848" startTime="2024-01-09T15:43:42.3260411+01:00" endTime="2024-01-09T15:43:42.3730473+01:00" testType="13cdc9d9-ddb5-4fa4-a97d-d965ccfc6d4b" outcome="Passed" testListId="8c84fa94-04c1-424b-9868-57a2d4851a1d" relativeResultsDirectory="0423a151-8f86-463c-aec2-9bf800017ed8" />
    <UnitTestResult executionId="9a18f01c-c46d-4367-a8ac-3e965763cba5" testId="0d01e442-3432-82c3-b6f2-f94b458f7416" testName="InstallerManager_DoRemoveInstallLog_WhenHardwareManufactureModeFinishes" computerName="DKSR-EFI-06" duration="00:00:00.0080672" startTime="2024-01-09T15:43:44.3885936+01:00" endTime="2024-01-09T15:43:44.3885936+01:00" testType="13cdc9d9-ddb5-4fa4-a97d-d965ccfc6d4b" outcome="Passed" testListId="8c84fa94-04c1-424b-9868-57a2d4851a1d" relativeResultsDirectory="9a18f01c-c46d-4367-a8ac-3e965763cba5" />
    <UnitTestResult executionId="aaeb5764-02e8-41c4-a897-98cb253ab808" testId="c3466fae-4509-bae6-9a4f-c859dfd06cf0" testName="Given_AContentCollectionWithTwoServerEndpointsOneThetDependsOnNoGroup_WhenInitializeIsCalled_ThenTheTwoServerEndpointsAreAddedToDataModel" computerName="DKSR-EFI-06" duration="00:00:00.0102002" startTime="2024-01-09T15:43:42.0291652+01:00" endTime="2024-01-09T15:43:42.0447879+01:00" testType="13cdc9d9-ddb5-4fa4-a97d-d965ccfc6d4b" outcome="Passed" testListId="8c84fa94-04c1-424b-9868-57a2d4851a1d" relativeResultsDirectory="aaeb5764-02e8-41c4-a897-98cb253ab808" />
    <UnitTestResult executionId="a02b6ca6-43cc-4880-8d7e-a665fec82bfe" testId="2d33a752-c4a2-d97d-558a-e6ea8edee9f9" testName="Given_AContentCollectionWithTwoClientEndpoints_WhenInitializeIsCalled_ThenTheTwoClientEndpointsAreAddedToDataModel" computerName="DKSR-EFI-06" duration="00:00:00.0154730" startTime="2024-01-09T15:43:41.9822880+01:00" endTime="2024-01-09T15:43:41.9979122+01:00" testType="13cdc9d9-ddb5-4fa4-a97d-d965ccfc6d4b" outcome="Passed" testListId="8c84fa94-04c1-424b-9868-57a2d4851a1d" relativeResultsDirectory="a02b6ca6-43cc-4880-8d7e-a665fec82bfe" />
    <UnitTestResult executionId="a18e2fc6-701d-4045-8f1f-61770c2a33a2" testId="a537f19a-1bb7-c144-dda4-e3248d0b7f73" testName="InstallerManager_SetupFinishParams_SetupWhyUninstallParams" computerName="DKSR-EFI-06" duration="00:00:00.0112593" startTime="2024-01-09T15:43:43.2960660+01:00" endTime="2024-01-09T15:43:43.3104169+01:00" testType="13cdc9d9-ddb5-4fa4-a97d-d965ccfc6d4b" outcome="Passed" testListId="8c84fa94-04c1-424b-9868-57a2d4851a1d" relativeResultsDirectory="a18e2fc6-701d-4045-8f1f-61770c2a33a2" />
    <UnitTestResult executionId="34937add-e3f7-4d61-bd88-78cf1c9be4f2" testId="ea8cf89c-1a61-71b8-b63d-481f5fcd674a" testName="Given_AContentCollectionWithTwoServerToServerGroupsOneWithLegacyProviderAndAnEmptyDataModel_WhenInitializeIsCalled_ThenOneInstanceOfServerGroupIsAddedToDataModelAndThumbPrintIsSetCorrect" computerName="DKSR-EFI-06" duration="00:00:01.0787992" startTime="2024-01-09T15:43:40.7166599+01:00" endTime="2024-01-09T15:43:41.8885697+01:00" testType="13cdc9d9-ddb5-4fa4-a97d-d965ccfc6d4b" outcome="Passed" testListId="8c84fa94-04c1-424b-9868-57a2d4851a1d" relativeResultsDirectory="34937add-e3f7-4d61-bd88-78cf1c9be4f2" />
    <UnitTestResult executionId="d791e8ad-0e26-43e5-bcca-2599531bff1c" testId="ded2c89a-b62a-9aa3-e298-47558403d996" testName="PrepareInstallation_ShouldFail_WhenLoadingHardwareManufacturerInfoFails" computerName="DKSR-EFI-06" duration="00:00:00.0015791" startTime="2024-01-09T15:43:44.1229210+01:00" endTime="2024-01-09T15:43:44.1385461+01:00" testType="13cdc9d9-ddb5-4fa4-a97d-d965ccfc6d4b" outcome="Passed" testListId="8c84fa94-04c1-424b-9868-57a2d4851a1d" relativeResultsDirectory="d791e8ad-0e26-43e5-bcca-2599531bff1c" />
  </Results>
  <TestDefinitions>
    <UnitTest name="SubscriptionBypassFilter_ShouldOnlyBypassSubscriptionWhenRelatedPackageIsSkipped" storage="d:\actions-runner\_work\xpco\xpco\installerframework\videoos.installer.manager.unittests\bin\debug\videoos.installer.manager.unittests.dll" id="b34319b5-322e-e713-8223-d7fea149edab">
      <Execution id="a61950d6-6c29-4335-94c5-b33e1d356439" />
      <TestMethod codeBase="D:\actions-runner\_work\XPCO\XPCO\InstallerFramework\VideoOS.Installer.Manager.UnitTests\bin\Debug\VideoOS.Installer.Manager.UnitTests.dll" adapterTypeName="executor://mstestadapter/v1" className="VideoOS.Installer.Manager.UnitTests.SubscriptionBypassFilterUnitTest" name="SubscriptionBypassFilter_ShouldOnlyBypassSubscriptionWhenRelatedPackageIsSkipped" />
    </UnitTest>
    <UnitTest name="Given_AContentCollectionWithTwoServerToServerGroupsOneWithLegacyProviderAndAnEmptyDataModel_WhenInitializeIsCalled_ThenOneInstanceOfServerGroupIsAddedToDataModelAndThumbPrintIsSetCorrect" storage="d:\actions-runner\_work\xpco\xpco\installerframework\videoos.installer.manager.unittests\bin\debug\videoos.installer.manager.unittests.dll" id="ea8cf89c-1a61-71b8-b63d-481f5fcd674a">
      <Execution id="34937add-e3f7-4d61-bd88-78cf1c9be4f2" />
      <TestMethod codeBase="D:\actions-runner\_work\XPCO\XPCO\InstallerFramework\VideoOS.Installer.Manager.UnitTests\bin\Debug\VideoOS.Installer.Manager.UnitTests.dll" adapterTypeName="executor://mstestadapter/v1" className="VideoOS.Installer.Manager.UnitTests.CertificateModelInitializerTest" name="Given_AContentCollectionWithTwoServerToServerGroupsOneWithLegacyProviderAndAnEmptyDataModel_WhenInitializeIsCalled_ThenOneInstanceOfServerGroupIsAddedToDataModelAndThumbPrintIsSetCorrect" />
    </UnitTest>
    <UnitTest name="GIVEN_InstallerConfigWithoutSupressInArgumentsFile_WHEN_ExctractingArgumentsFile_THEN_TheArgumentsFileContainsAllParamtersInTheConfigFile" storage="d:\actions-runner\_work\xpco\xpco\installerframework\videoos.installer.manager.unittests\bin\debug\videoos.installer.manager.unittests.dll" id="ab3a4a0f-1b9c-faa7-9a70-c0e4767f991f">
      <Execution id="76a48e6c-5aad-41ab-abba-a1c359b47e82" />
      <TestMethod codeBase="D:\actions-runner\_work\XPCO\XPCO\InstallerFramework\VideoOS.Installer.Manager.UnitTests\bin\Debug\VideoOS.Installer.Manager.UnitTests.dll" adapterTypeName="executor://mstestadapter/v1" className="VideoOS.Installer.Manager.UnitTests.InstallerManagerUnitTest" name="GIVEN_InstallerConfigWithoutSupressInArgumentsFile_WHEN_ExctractingArgumentsFile_THEN_TheArgumentsFileContainsAllParamtersInTheConfigFile" />
    </UnitTest>
    <UnitTest name="Given_PresenterIsCreated_When_PresentingAnUnknownKey_Then_ThePresenterReturnsTheKeyPrefixedWithNotTranslated" storage="d:\actions-runner\_work\xpco\xpco\installerframework\videoos.installer.manager.unittests\bin\debug\videoos.installer.manager.unittests.dll" id="d55203cc-985c-697d-07a9-c985f4ce9a2e">
      <Execution id="61e3ec11-faf0-4fda-938b-43a91f863ecc" />
      <TestMethod codeBase="D:\actions-runner\_work\XPCO\XPCO\InstallerFramework\VideoOS.Installer.Manager.UnitTests\bin\Debug\VideoOS.Installer.Manager.UnitTests.dll" adapterTypeName="executor://mstestadapter/v1" className="VideoOS.Installer.Manager.UnitTests.ServerToServerGroupUnitTest" name="Given_PresenterIsCreated_When_PresentingAnUnknownKey_Then_ThePresenterReturnsTheKeyPrefixedWithNotTranslated" />
    </UnitTest>
    <UnitTest name="InstallerManager_DoNotDoPrepareFinalizeOnClose_NotInHardwareManufactureMode" storage="d:\actions-runner\_work\xpco\xpco\installerframework\videoos.installer.manager.unittests\bin\debug\videoos.installer.manager.unittests.dll" id="1ebc1254-f9d9-7fd8-2058-770cb04bda04">
      <Execution id="68fe2812-a29c-4def-a2d5-d56f10020db9" />
      <TestMethod codeBase="D:\actions-runner\_work\XPCO\XPCO\InstallerFramework\VideoOS.Installer.Manager.UnitTests\bin\Debug\VideoOS.Installer.Manager.UnitTests.dll" adapterTypeName="executor://mstestadapter/v1" className="VideoOS.Installer.Manager.UnitTests.InstallerManagerUnitTest" name="InstallerManager_DoNotDoPrepareFinalizeOnClose_NotInHardwareManufactureMode" />
    </UnitTest>
    <UnitTest name="InstallerManager_CreateNewEntryOrDeleteOldFolders_DeleteOldFolders" storage="d:\actions-runner\_work\xpco\xpco\installerframework\videoos.installer.manager.unittests\bin\debug\videoos.installer.manager.unittests.dll" id="f7dba121-2c59-69cf-c5ee-6da61dedfd50">
      <Execution id="636e6347-08e5-4ebf-ba15-5888aafe56bf" />
      <TestMethod codeBase="D:\actions-runner\_work\XPCO\XPCO\InstallerFramework\VideoOS.Installer.Manager.UnitTests\bin\Debug\VideoOS.Installer.Manager.UnitTests.dll" adapterTypeName="executor://mstestadapter/v1" className="VideoOS.Installer.Manager.UnitTests.InstallerManagerUnitTest" name="InstallerManager_CreateNewEntryOrDeleteOldFolders_DeleteOldFolders" />
    </UnitTest>
    <UnitTest name="Given_ASecureManagementServerUri_WhenInitializedIsCalled_ThenEncryptionIsLocked" storage="d:\actions-runner\_work\xpco\xpco\installerframework\videoos.installer.manager.unittests\bin\debug\videoos.installer.manager.unittests.dll" id="300e3c22-372c-9366-7d20-a6374ece97d9">
      <Execution id="c114851c-726b-4128-9993-d628aeeef6a1" />
      <TestMethod codeBase="D:\actions-runner\_work\XPCO\XPCO\InstallerFramework\VideoOS.Installer.Manager.UnitTests\bin\Debug\VideoOS.Installer.Manager.UnitTests.dll" adapterTypeName="executor://mstestadapter/v1" className="VideoOS.Installer.Manager.UnitTests.CertificateModelInitializerTest" name="Given_ASecureManagementServerUri_WhenInitializedIsCalled_ThenEncryptionIsLocked" />
    </UnitTest>
    <UnitTest name="InstallerManager_RunCheckLicense_FromLinceseCustomization" storage="d:\actions-runner\_work\xpco\xpco\installerframework\videoos.installer.manager.unittests\bin\debug\videoos.installer.manager.unittests.dll" id="a3d9f23c-b5be-4bb3-6d42-e0a3ff37e3dc">
      <Execution id="14127d9f-7267-4f40-8f77-ef84b930c5f3" />
      <TestMethod codeBase="D:\actions-runner\_work\XPCO\XPCO\InstallerFramework\VideoOS.Installer.Manager.UnitTests\bin\Debug\VideoOS.Installer.Manager.UnitTests.dll" adapterTypeName="executor://mstestadapter/v1" className="VideoOS.Installer.Manager.UnitTests.InstallerManagerUnitTest" name="InstallerManager_RunCheckLicense_FromLinceseCustomization" />
    </UnitTest>
    <UnitTest name="Given_AContentCollectionWithMultipleSystemConfigurations_WhenInitializeIsCalled_ThenMultipleServerConfiguratorSystemConfigurationElementsAreSet" storage="d:\actions-runner\_work\xpco\xpco\installerframework\videoos.installer.manager.unittests\bin\debug\videoos.installer.manager.unittests.dll" id="95add604-4160-bdd0-cb0f-51a06b900ad8">
      <Execution id="ff73eb55-c0c9-4215-a145-d90b5bec703d" />
      <TestMethod codeBase="D:\actions-runner\_work\XPCO\XPCO\InstallerFramework\VideoOS.Installer.Manager.UnitTests\bin\Debug\VideoOS.Installer.Manager.UnitTests.dll" adapterTypeName="executor://mstestadapter/v1" className="VideoOS.Installer.Manager.UnitTests.CertificateModelInitializerTest" name="Given_AContentCollectionWithMultipleSystemConfigurations_WhenInitializeIsCalled_ThenMultipleServerConfiguratorSystemConfigurationElementsAreSet" />
    </UnitTest>
    <UnitTest name="InstallerManager_CreateNewEntryOrDeleteOldFolders_CreateNewEntry" storage="d:\actions-runner\_work\xpco\xpco\installerframework\videoos.installer.manager.unittests\bin\debug\videoos.installer.manager.unittests.dll" id="c3d52a63-f563-ad95-f38f-b7d1949cacf9">
      <Execution id="91ec085b-4345-49d3-ace2-66f19b2071b1" />
      <TestMethod codeBase="D:\actions-runner\_work\XPCO\XPCO\InstallerFramework\VideoOS.Installer.Manager.UnitTests\bin\Debug\VideoOS.Installer.Manager.UnitTests.dll" adapterTypeName="executor://mstestadapter/v1" className="VideoOS.Installer.Manager.UnitTests.InstallerManagerUnitTest" name="InstallerManager_CreateNewEntryOrDeleteOldFolders_CreateNewEntry" />
    </UnitTest>
    <UnitTest name="PrepareInstallation_ShouldFailIfFinalizeMode_AndInstallerIsNotXpcoVms" storage="d:\actions-runner\_work\xpco\xpco\installerframework\videoos.installer.manager.unittests\bin\debug\videoos.installer.manager.unittests.dll" id="af4e06bb-8a3d-f42a-3895-df7f6d5c95d6">
      <Execution id="f6d36997-18bf-46f8-a646-c39cc9f775bb" />
      <TestMethod codeBase="D:\actions-runner\_work\XPCO\XPCO\InstallerFramework\VideoOS.Installer.Manager.UnitTests\bin\Debug\VideoOS.Installer.Manager.UnitTests.dll" adapterTypeName="executor://mstestadapter/v1" className="VideoOS.Installer.Manager.UnitTests.InstallerManagerUnitTest" name="PrepareInstallation_ShouldFailIfFinalizeMode_AndInstallerIsNotXpcoVms" />
    </UnitTest>
    <UnitTest name="Given_AContentCollectionWithTwoClientEndpointsDependentOnDifferentGroups_WhenInitializeIsCalled_AnExceptionIsThrown" storage="d:\actions-runner\_work\xpco\xpco\installerframework\videoos.installer.manager.unittests\bin\debug\videoos.installer.manager.unittests.dll" id="ed02d880-7fc9-615d-6a86-ace66056d62b">
      <Execution id="bb877104-fa2e-4e19-b5d9-a4a10565f5a6" />
      <TestMethod codeBase="D:\actions-runner\_work\XPCO\XPCO\InstallerFramework\VideoOS.Installer.Manager.UnitTests\bin\Debug\VideoOS.Installer.Manager.UnitTests.dll" adapterTypeName="executor://mstestadapter/v1" className="VideoOS.Installer.Manager.UnitTests.CertificateModelInitializerTest" name="Given_AContentCollectionWithTwoClientEndpointsDependentOnDifferentGroups_WhenInitializeIsCalled_AnExceptionIsThrown" />
    </UnitTest>
    <UnitTest name="CreateInstallerConfigStringWithSubscriptions" storage="d:\actions-runner\_work\xpco\xpco\installerframework\videoos.installer.manager.unittests\bin\debug\videoos.installer.manager.unittests.dll" id="cbecc23f-ca1f-7aea-6176-ccac667d1a61">
      <Execution id="848c5056-52d4-4b98-b2e6-bf918f431763" />
      <TestMethod codeBase="D:\actions-runner\_work\XPCO\XPCO\InstallerFramework\VideoOS.Installer.Manager.UnitTests\bin\Debug\VideoOS.Installer.Manager.UnitTests.dll" adapterTypeName="executor://mstestadapter/v1" className="VideoOS.Installer.Manager.UnitTests.PluginLoaderUnitTest" name="CreateInstallerConfigStringWithSubscriptions" />
    </UnitTest>
    <UnitTest name="Given_AContentCollectionWithTwoServerToServerGroupsOneWithLegacyProviderThatCannotObtainLegacyConfigurationAndAnEmptyDataModel_WhenInitializeIsCalled_ThenOneInstanceOfServerGroupIsAddedToDataModelWithDefaultSettings" storage="d:\actions-runner\_work\xpco\xpco\installerframework\videoos.installer.manager.unittests\bin\debug\videoos.installer.manager.unittests.dll" id="9e84eddd-2027-3a81-2517-c980c8d032fc">
      <Execution id="50daf7f0-60d6-4d94-ac1a-def5a6d40c1e" />
      <TestMethod codeBase="D:\actions-runner\_work\XPCO\XPCO\InstallerFramework\VideoOS.Installer.Manager.UnitTests\bin\Debug\VideoOS.Installer.Manager.UnitTests.dll" adapterTypeName="executor://mstestadapter/v1" className="VideoOS.Installer.Manager.UnitTests.CertificateModelInitializerTest" name="Given_AContentCollectionWithTwoServerToServerGroupsOneWithLegacyProviderThatCannotObtainLegacyConfigurationAndAnEmptyDataModel_WhenInitializeIsCalled_ThenOneInstanceOfServerGroupIsAddedToDataModelWithDefaultSettings" />
    </UnitTest>
    <UnitTest name="Given_AContentCollectionWithAServerToServerGroupsWithLegacyProviderThatHasNoThumbPrintAndModelDoesNotContainServerGroupAndIsUpgradeIsFalse_WhenInitializeIsCalled_Then_TheDataModelIsSetToDefaultEncryptionButNoCertificate" storage="d:\actions-runner\_work\xpco\xpco\installerframework\videoos.installer.manager.unittests\bin\debug\videoos.installer.manager.unittests.dll" id="e0f8c160-af9c-0ad8-7e36-4adfe33b811e">
      <Execution id="9f6440bf-23d2-4170-beb0-518e41ef6f94" />
      <TestMethod codeBase="D:\actions-runner\_work\XPCO\XPCO\InstallerFramework\VideoOS.Installer.Manager.UnitTests\bin\Debug\VideoOS.Installer.Manager.UnitTests.dll" adapterTypeName="executor://mstestadapter/v1" className="VideoOS.Installer.Manager.UnitTests.CertificateModelInitializerTest" name="Given_AContentCollectionWithAServerToServerGroupsWithLegacyProviderThatHasNoThumbPrintAndModelDoesNotContainServerGroupAndIsUpgradeIsFalse_WhenInitializeIsCalled_Then_TheDataModelIsSetToDefaultEncryptionButNoCertificate" />
    </UnitTest>
    <UnitTest name="LoadCustomPageSetup_ShouldNotFailWhenNoCustomPageAssembliesDefined" storage="d:\actions-runner\_work\xpco\xpco\installerframework\videoos.installer.manager.unittests\bin\debug\videoos.installer.manager.unittests.dll" id="16f11343-3606-e124-804b-dae5a010435c">
      <Execution id="5c748f3b-9d9b-433d-a58f-b76e716d3075" />
      <TestMethod codeBase="D:\actions-runner\_work\XPCO\XPCO\InstallerFramework\VideoOS.Installer.Manager.UnitTests\bin\Debug\VideoOS.Installer.Manager.UnitTests.dll" adapterTypeName="executor://mstestadapter/v1" className="VideoOS.Installer.Manager.UnitTests.PluginLoaderUnitTest" name="LoadCustomPageSetup_ShouldNotFailWhenNoCustomPageAssembliesDefined" />
    </UnitTest>
    <UnitTest name="Given_AContentCollectionWithTwoServerToServerGroupsWithInconsistentEnableEncryptionParameterKey_WhenInitializeIsCalled_AnExceptionIsThrown" storage="d:\actions-runner\_work\xpco\xpco\installerframework\videoos.installer.manager.unittests\bin\debug\videoos.installer.manager.unittests.dll" id="bb0be2da-29db-0a52-6943-1adc55cb9fb8">
      <Execution id="d450a585-1bc7-4a44-a5df-f9ffd2dee55e" />
      <TestMethod codeBase="D:\actions-runner\_work\XPCO\XPCO\InstallerFramework\VideoOS.Installer.Manager.UnitTests\bin\Debug\VideoOS.Installer.Manager.UnitTests.dll" adapterTypeName="executor://mstestadapter/v1" className="VideoOS.Installer.Manager.UnitTests.CertificateModelInitializerTest" name="Given_AContentCollectionWithTwoServerToServerGroupsWithInconsistentEnableEncryptionParameterKey_WhenInitializeIsCalled_AnExceptionIsThrown" />
    </UnitTest>
    <UnitTest name="InstallerManager_DoRemoveInstallLog_WhenHardwareManufactureModeFinishes" storage="d:\actions-runner\_work\xpco\xpco\installerframework\videoos.installer.manager.unittests\bin\debug\videoos.installer.manager.unittests.dll" id="0d01e442-3432-82c3-b6f2-f94b458f7416">
      <Execution id="9a18f01c-c46d-4367-a8ac-3e965763cba5" />
      <TestMethod codeBase="D:\actions-runner\_work\XPCO\XPCO\InstallerFramework\VideoOS.Installer.Manager.UnitTests\bin\Debug\VideoOS.Installer.Manager.UnitTests.dll" adapterTypeName="executor://mstestadapter/v1" className="VideoOS.Installer.Manager.UnitTests.InstallerManagerUnitTest" name="InstallerManager_DoRemoveInstallLog_WhenHardwareManufactureModeFinishes" />
    </UnitTest>
    <UnitTest name="Given_AContentCollectionWithOneSystemConfiguration_WhenInitializeIsCalled_ThenOneServerConfiguratorSystemConfigurationElementIsSet" storage="d:\actions-runner\_work\xpco\xpco\installerframework\videoos.installer.manager.unittests\bin\debug\videoos.installer.manager.unittests.dll" id="9abb00a7-1a9f-4dd4-c444-9493acd1d9f0">
      <Execution id="37389acd-dc08-4a96-9ff5-e250321f16c0" />
      <TestMethod codeBase="D:\actions-runner\_work\XPCO\XPCO\InstallerFramework\VideoOS.Installer.Manager.UnitTests\bin\Debug\VideoOS.Installer.Manager.UnitTests.dll" adapterTypeName="executor://mstestadapter/v1" className="VideoOS.Installer.Manager.UnitTests.CertificateModelInitializerTest" name="Given_AContentCollectionWithOneSystemConfiguration_WhenInitializeIsCalled_ThenOneServerConfiguratorSystemConfigurationElementIsSet" />
    </UnitTest>
    <UnitTest name="LoadPlugins_ShouldCreatePluginInstances" storage="d:\actions-runner\_work\xpco\xpco\installerframework\videoos.installer.manager.unittests\bin\debug\videoos.installer.manager.unittests.dll" id="ef9f071c-6e2d-1671-91b5-7c1705fdb802">
      <Execution id="4331555f-049a-4749-9fbb-b8feed7ba596" />
      <TestMethod codeBase="D:\actions-runner\_work\XPCO\XPCO\InstallerFramework\VideoOS.Installer.Manager.UnitTests\bin\Debug\VideoOS.Installer.Manager.UnitTests.dll" adapterTypeName="executor://mstestadapter/v1" className="VideoOS.Installer.Manager.UnitTests.PluginLoaderUnitTest" name="LoadPlugins_ShouldCreatePluginInstances" />
    </UnitTest>
    <UnitTest name="InstallerManager_GetRequiredSpaceByInstaller" storage="d:\actions-runner\_work\xpco\xpco\installerframework\videoos.installer.manager.unittests\bin\debug\videoos.installer.manager.unittests.dll" id="6f057b52-a4ef-1941-b314-67a9361be640">
      <Execution id="6d0220bf-c962-44c0-9bd9-ce68e2864372" />
      <TestMethod codeBase="D:\actions-runner\_work\XPCO\XPCO\InstallerFramework\VideoOS.Installer.Manager.UnitTests\bin\Debug\VideoOS.Installer.Manager.UnitTests.dll" adapterTypeName="executor://mstestadapter/v1" className="VideoOS.Installer.Manager.UnitTests.InstallerManagerUnitTest" name="InstallerManager_GetRequiredSpaceByInstaller" />
    </UnitTest>
    <UnitTest name="PrepareInstallation_ShouldLoadManufacturerInfo_WhenHardwareManufacturerInfoPathIsSpecified" storage="d:\actions-runner\_work\xpco\xpco\installerframework\videoos.installer.manager.unittests\bin\debug\videoos.installer.manager.unittests.dll" id="794397c5-acd4-a276-2cbf-50f997d2709b">
      <Execution id="4c8b2f62-6a16-47bd-9391-4b41ce291d93" />
      <TestMethod codeBase="D:\actions-runner\_work\XPCO\XPCO\InstallerFramework\VideoOS.Installer.Manager.UnitTests\bin\Debug\VideoOS.Installer.Manager.UnitTests.dll" adapterTypeName="executor://mstestadapter/v1" className="VideoOS.Installer.Manager.UnitTests.InstallerManagerUnitTest" name="PrepareInstallation_ShouldLoadManufacturerInfo_WhenHardwareManufacturerInfoPathIsSpecified" />
    </UnitTest>
    <UnitTest name="InstallerManager_TargetPlatformCheck_X64" storage="d:\actions-runner\_work\xpco\xpco\installerframework\videoos.installer.manager.unittests\bin\debug\videoos.installer.manager.unittests.dll" id="9c30a61b-9e2f-8917-dc30-c7daa8670589">
      <Execution id="92dbd1da-0c68-4d08-82df-b783e34f10cb" />
      <TestMethod codeBase="D:\actions-runner\_work\XPCO\XPCO\InstallerFramework\VideoOS.Installer.Manager.UnitTests\bin\Debug\VideoOS.Installer.Manager.UnitTests.dll" adapterTypeName="executor://mstestadapter/v1" className="VideoOS.Installer.Manager.UnitTests.InstallerManagerUnitTest" name="InstallerManager_TargetPlatformCheck_X64" />
    </UnitTest>
    <UnitTest name="GIVEN_InstallerConfigWithSupressInArgumentsFile_WHEN_ExctractingArgumentsFile_THEN_TheArgumentsFileContainsAllParamtersInTheConfigFileExceptTheSuppressedOnes" storage="d:\actions-runner\_work\xpco\xpco\installerframework\videoos.installer.manager.unittests\bin\debug\videoos.installer.manager.unittests.dll" id="a9cd81f7-356d-a19a-42fe-b562940a5280">
      <Execution id="d3d4d572-c32a-44d2-8d8d-c58da68ae013" />
      <TestMethod codeBase="D:\actions-runner\_work\XPCO\XPCO\InstallerFramework\VideoOS.Installer.Manager.UnitTests\bin\Debug\VideoOS.Installer.Manager.UnitTests.dll" adapterTypeName="executor://mstestadapter/v1" className="VideoOS.Installer.Manager.UnitTests.InstallerManagerUnitTest" name="GIVEN_InstallerConfigWithSupressInArgumentsFile_WHEN_ExctractingArgumentsFile_THEN_TheArgumentsFileContainsAllParamtersInTheConfigFileExceptTheSuppressedOnes" />
    </UnitTest>
    <UnitTest name="PrepareInstallation_ShouldSucceed_WhenRegistryDoesNotContainManufacturerInfo" storage="d:\actions-runner\_work\xpco\xpco\installerframework\videoos.installer.manager.unittests\bin\debug\videoos.installer.manager.unittests.dll" id="5d7aec64-c6b3-dd2d-8abf-86de73a8c3f2">
      <Execution id="42975346-7e47-471c-b32e-501403e40c90" />
      <TestMethod codeBase="D:\actions-runner\_work\XPCO\XPCO\InstallerFramework\VideoOS.Installer.Manager.UnitTests\bin\Debug\VideoOS.Installer.Manager.UnitTests.dll" adapterTypeName="executor://mstestadapter/v1" className="VideoOS.Installer.Manager.UnitTests.InstallerManagerUnitTest" name="PrepareInstallation_ShouldSucceed_WhenRegistryDoesNotContainManufacturerInfo" />
    </UnitTest>
    <UnitTest name="InstallerManager_UpdateParameters" storage="d:\actions-runner\_work\xpco\xpco\installerframework\videoos.installer.manager.unittests\bin\debug\videoos.installer.manager.unittests.dll" id="17310292-782a-1f44-a41f-bb05b264a0d7">
      <Execution id="87e1ca76-3c59-4eea-8916-6d5346c01a8f" />
      <TestMethod codeBase="D:\actions-runner\_work\XPCO\XPCO\InstallerFramework\VideoOS.Installer.Manager.UnitTests\bin\Debug\VideoOS.Installer.Manager.UnitTests.dll" adapterTypeName="executor://mstestadapter/v1" className="VideoOS.Installer.Manager.UnitTests.InstallerManagerUnitTest" name="InstallerManager_UpdateParameters" />
    </UnitTest>
    <UnitTest name="InstallerManager_Constructor_FormatAndVerifyLanguage" storage="d:\actions-runner\_work\xpco\xpco\installerframework\videoos.installer.manager.unittests\bin\debug\videoos.installer.manager.unittests.dll" id="495ec9f3-0800-5263-a360-8439abe0cffd">
      <Execution id="84043ee7-b224-4e7e-99c7-1639f8a8711c" />
      <TestMethod codeBase="D:\actions-runner\_work\XPCO\XPCO\InstallerFramework\VideoOS.Installer.Manager.UnitTests\bin\Debug\VideoOS.Installer.Manager.UnitTests.dll" adapterTypeName="executor://mstestadapter/v1" className="VideoOS.Installer.Manager.UnitTests.InstallerManagerUnitTest" name="InstallerManager_Constructor_FormatAndVerifyLanguage" />
    </UnitTest>
    <UnitTest name="LoadCustomPageSetup_ShouldCreateCustomPageInstances" storage="d:\actions-runner\_work\xpco\xpco\installerframework\videoos.installer.manager.unittests\bin\debug\videoos.installer.manager.unittests.dll" id="fd6046af-1f4c-f558-4ea6-fb216f97c820">
      <Execution id="ae4307a6-1756-4493-a994-d7bfcdf643e7" />
      <TestMethod codeBase="D:\actions-runner\_work\XPCO\XPCO\InstallerFramework\VideoOS.Installer.Manager.UnitTests\bin\Debug\VideoOS.Installer.Manager.UnitTests.dll" adapterTypeName="executor://mstestadapter/v1" className="VideoOS.Installer.Manager.UnitTests.PluginLoaderUnitTest" name="LoadCustomPageSetup_ShouldCreateCustomPageInstances" />
    </UnitTest>
    <UnitTest name="SubscriptionBypassFilter_IsModify_BypassSubscriptionWhenRelatedPackageIsNotInstalled" storage="d:\actions-runner\_work\xpco\xpco\installerframework\videoos.installer.manager.unittests\bin\debug\videoos.installer.manager.unittests.dll" id="bbda981f-ade2-e8c3-39a9-b616430e6271">
      <Execution id="85c44eb7-9057-4776-893c-3412f589fa12" />
      <TestMethod codeBase="D:\actions-runner\_work\XPCO\XPCO\InstallerFramework\VideoOS.Installer.Manager.UnitTests\bin\Debug\VideoOS.Installer.Manager.UnitTests.dll" adapterTypeName="executor://mstestadapter/v1" className="VideoOS.Installer.Manager.UnitTests.SubscriptionBypassFilterUnitTest" name="SubscriptionBypassFilter_IsModify_BypassSubscriptionWhenRelatedPackageIsNotInstalled" />
    </UnitTest>
    <UnitTest name="Given_PresenterIsCreated_When_PresentingTitleAndSubTitle_Then_ThePresenterReturnsProperStrings" storage="d:\actions-runner\_work\xpco\xpco\installerframework\videoos.installer.manager.unittests\bin\debug\videoos.installer.manager.unittests.dll" id="849f8aad-74e3-7b94-0fe0-78e1198cd9ef">
      <Execution id="aa123532-5e40-4004-b0a8-d6516b2c5550" />
      <TestMethod codeBase="D:\actions-runner\_work\XPCO\XPCO\InstallerFramework\VideoOS.Installer.Manager.UnitTests\bin\Debug\VideoOS.Installer.Manager.UnitTests.dll" adapterTypeName="executor://mstestadapter/v1" className="VideoOS.Installer.Manager.UnitTests.ServerToServerGroupUnitTest" name="Given_PresenterIsCreated_When_PresentingTitleAndSubTitle_Then_ThePresenterReturnsProperStrings" />
    </UnitTest>
    <UnitTest name="InstallerManager_OSInformationReader_ShouldReturnOSInformation" storage="d:\actions-runner\_work\xpco\xpco\installerframework\videoos.installer.manager.unittests\bin\debug\videoos.installer.manager.unittests.dll" id="57828b07-798a-efe7-8f42-6b2b4ca0f0d9">
      <Execution id="ebfc0390-0c3b-4726-a22c-27c927c760de" />
      <TestMethod codeBase="D:\actions-runner\_work\XPCO\XPCO\InstallerFramework\VideoOS.Installer.Manager.UnitTests\bin\Debug\VideoOS.Installer.Manager.UnitTests.dll" adapterTypeName="executor://mstestadapter/v1" className="VideoOS.Installer.Manager.UnitTests.InstallerManagerUnitTest" name="InstallerManager_OSInformationReader_ShouldReturnOSInformation" />
    </UnitTest>
    <UnitTest name="InstallerManager_SetupFinishParams_SetupWhyUninstallParams" storage="d:\actions-runner\_work\xpco\xpco\installerframework\videoos.installer.manager.unittests\bin\debug\videoos.installer.manager.unittests.dll" id="a537f19a-1bb7-c144-dda4-e3248d0b7f73">
      <Execution id="a18e2fc6-701d-4045-8f1f-61770c2a33a2" />
      <TestMethod codeBase="D:\actions-runner\_work\XPCO\XPCO\InstallerFramework\VideoOS.Installer.Manager.UnitTests\bin\Debug\VideoOS.Installer.Manager.UnitTests.dll" adapterTypeName="executor://mstestadapter/v1" className="VideoOS.Installer.Manager.UnitTests.InstallerManagerUnitTest" name="InstallerManager_SetupFinishParams_SetupWhyUninstallParams" />
    </UnitTest>
    <UnitTest name="PrepareInstallation_ShouldLoadManufacturerInfoFromRegistry_WhenHardwareManufacturerInfoPathIsNotSpecified" storage="d:\actions-runner\_work\xpco\xpco\installerframework\videoos.installer.manager.unittests\bin\debug\videoos.installer.manager.unittests.dll" id="042ca1f7-be63-fb46-b43d-965365f41214">
      <Execution id="8ebb5765-6fe9-48ab-a377-0266ff3ea2f2" />
      <TestMethod codeBase="D:\actions-runner\_work\XPCO\XPCO\InstallerFramework\VideoOS.Installer.Manager.UnitTests\bin\Debug\VideoOS.Installer.Manager.UnitTests.dll" adapterTypeName="executor://mstestadapter/v1" className="VideoOS.Installer.Manager.UnitTests.InstallerManagerUnitTest" name="PrepareInstallation_ShouldLoadManufacturerInfoFromRegistry_WhenHardwareManufacturerInfoPathIsNotSpecified" />
    </UnitTest>
    <UnitTest name="Given_AContentCollectionWithTwoServerEndpointsOneThetDependsOnNoGroup_WhenInitializeIsCalled_ThenTheTwoServerEndpointsAreAddedToDataModel" storage="d:\actions-runner\_work\xpco\xpco\installerframework\videoos.installer.manager.unittests\bin\debug\videoos.installer.manager.unittests.dll" id="c3466fae-4509-bae6-9a4f-c859dfd06cf0">
      <Execution id="aaeb5764-02e8-41c4-a897-98cb253ab808" />
      <TestMethod codeBase="D:\actions-runner\_work\XPCO\XPCO\InstallerFramework\VideoOS.Installer.Manager.UnitTests\bin\Debug\VideoOS.Installer.Manager.UnitTests.dll" adapterTypeName="executor://mstestadapter/v1" className="VideoOS.Installer.Manager.UnitTests.CertificateModelInitializerTest" name="Given_AContentCollectionWithTwoServerEndpointsOneThetDependsOnNoGroup_WhenInitializeIsCalled_ThenTheTwoServerEndpointsAreAddedToDataModel" />
    </UnitTest>
    <UnitTest name="Given_AContentCollectionWithMultipleSystemConfigurationsWithAtLeastOneInvalidConfigurationPurpose_WhenInitializeIsCalled_ThenThrowArgumentException" storage="d:\actions-runner\_work\xpco\xpco\installerframework\videoos.installer.manager.unittests\bin\debug\videoos.installer.manager.unittests.dll" id="ca1e6709-8ac7-3fbc-9f8e-ddb40821affc">
      <Execution id="4451ccc4-89ec-4d84-a189-dcb4a853a3f8" />
      <TestMethod codeBase="D:\actions-runner\_work\XPCO\XPCO\InstallerFramework\VideoOS.Installer.Manager.UnitTests\bin\Debug\VideoOS.Installer.Manager.UnitTests.dll" adapterTypeName="executor://mstestadapter/v1" className="VideoOS.Installer.Manager.UnitTests.CertificateModelInitializerTest" name="Given_AContentCollectionWithMultipleSystemConfigurationsWithAtLeastOneInvalidConfigurationPurpose_WhenInitializeIsCalled_ThenThrowArgumentException" />
    </UnitTest>
    <UnitTest name="SubscriptionBypassFilter_TestSupportedConditions" storage="d:\actions-runner\_work\xpco\xpco\installerframework\videoos.installer.manager.unittests\bin\debug\videoos.installer.manager.unittests.dll" id="53fcbbbb-399a-2acc-ec04-eb6dc1b3fcef">
      <Execution id="947e048a-176a-4776-9c57-2b6051aa92fa" />
      <TestMethod codeBase="D:\actions-runner\_work\XPCO\XPCO\InstallerFramework\VideoOS.Installer.Manager.UnitTests\bin\Debug\VideoOS.Installer.Manager.UnitTests.dll" adapterTypeName="executor://mstestadapter/v1" className="VideoOS.Installer.Manager.UnitTests.SubscriptionBypassFilterUnitTest" name="SubscriptionBypassFilter_TestSupportedConditions" />
    </UnitTest>
    <UnitTest name="CreateInstallerConfigStringWithSubscriptions" storage="d:\actions-runner\_work\xpco\xpco\installerframework\videoos.installer.manager.unittests\bin\debug\videoos.installer.manager.unittests.dll" id="196694f8-4524-f06e-ed06-c17d53be8e34">
      <Execution id="625197ae-eabe-4c5c-8414-3ffb124ec4c9" />
      <TestMethod codeBase="D:\actions-runner\_work\XPCO\XPCO\InstallerFramework\VideoOS.Installer.Manager.UnitTests\bin\Debug\VideoOS.Installer.Manager.UnitTests.dll" adapterTypeName="executor://mstestadapter/v1" className="VideoOS.Installer.Manager.UnitTests.SubscriptionBypassFilterUnitTest" name="CreateInstallerConfigStringWithSubscriptions" />
    </UnitTest>
    <UnitTest name="Given_AContentCollectionWithAServerToServerGroupsWithLegacyProviderAndADataModelThatAlreadyHasTheGroup_WhenInitializeIsCalled_Then_TheDataModelIsNotUpdatedByTheLegacyProvider" storage="d:\actions-runner\_work\xpco\xpco\installerframework\videoos.installer.manager.unittests\bin\debug\videoos.installer.manager.unittests.dll" id="ab65de86-73a8-32d4-25b9-9e244ac60634">
      <Execution id="926fe2c1-b0f9-423f-b636-b3652860aff3" />
      <TestMethod codeBase="D:\actions-runner\_work\XPCO\XPCO\InstallerFramework\VideoOS.Installer.Manager.UnitTests\bin\Debug\VideoOS.Installer.Manager.UnitTests.dll" adapterTypeName="executor://mstestadapter/v1" className="VideoOS.Installer.Manager.UnitTests.CertificateModelInitializerTest" name="Given_AContentCollectionWithAServerToServerGroupsWithLegacyProviderAndADataModelThatAlreadyHasTheGroup_WhenInitializeIsCalled_Then_TheDataModelIsNotUpdatedByTheLegacyProvider" />
    </UnitTest>
    <UnitTest name="InstallerManager_SavePackages" storage="d:\actions-runner\_work\xpco\xpco\installerframework\videoos.installer.manager.unittests\bin\debug\videoos.installer.manager.unittests.dll" id="8d9e392a-c343-676a-d3af-5186796fea05">
      <Execution id="a4836260-4030-4f4e-803d-abdc39bfcec3" />
      <TestMethod codeBase="D:\actions-runner\_work\XPCO\XPCO\InstallerFramework\VideoOS.Installer.Manager.UnitTests\bin\Debug\VideoOS.Installer.Manager.UnitTests.dll" adapterTypeName="executor://mstestadapter/v1" className="VideoOS.Installer.Manager.UnitTests.InstallerManagerUnitTest" name="InstallerManager_SavePackages" />
    </UnitTest>
    <UnitTest name="InstallerManager_TargetPlatformCheck_X86" storage="d:\actions-runner\_work\xpco\xpco\installerframework\videoos.installer.manager.unittests\bin\debug\videoos.installer.manager.unittests.dll" id="869cd1eb-db5a-bebc-6d07-5406846c0ce5">
      <Execution id="0322852c-18bf-4850-ba16-ac8a4a4e2efd" />
      <TestMethod codeBase="D:\actions-runner\_work\XPCO\XPCO\InstallerFramework\VideoOS.Installer.Manager.UnitTests\bin\Debug\VideoOS.Installer.Manager.UnitTests.dll" adapterTypeName="executor://mstestadapter/v1" className="VideoOS.Installer.Manager.UnitTests.InstallerManagerUnitTest" name="InstallerManager_TargetPlatformCheck_X86" />
    </UnitTest>
    <UnitTest name="Given_AContentCollectionWithTwoClientEndpoints_WhenInitializeIsCalled_ThenTheTwoClientEndpointsAreAddedToDataModel" storage="d:\actions-runner\_work\xpco\xpco\installerframework\videoos.installer.manager.unittests\bin\debug\videoos.installer.manager.unittests.dll" id="2d33a752-c4a2-d97d-558a-e6ea8edee9f9">
      <Execution id="a02b6ca6-43cc-4880-8d7e-a665fec82bfe" />
      <TestMethod codeBase="D:\actions-runner\_work\XPCO\XPCO\InstallerFramework\VideoOS.Installer.Manager.UnitTests\bin\Debug\VideoOS.Installer.Manager.UnitTests.dll" adapterTypeName="executor://mstestadapter/v1" className="VideoOS.Installer.Manager.UnitTests.CertificateModelInitializerTest" name="Given_AContentCollectionWithTwoClientEndpoints_WhenInitializeIsCalled_ThenTheTwoClientEndpointsAreAddedToDataModel" />
    </UnitTest>
    <UnitTest name="InstallerManager_IsWindowsVersionSupported_ShouldFail_WhenOSVersionHasBeenExcluded" storage="d:\actions-runner\_work\xpco\xpco\installerframework\videoos.installer.manager.unittests\bin\debug\videoos.installer.manager.unittests.dll" id="b155d23a-fcc6-0354-438c-623c87bc89b0">
      <Execution id="8ec5dfe1-f001-4215-bf48-173594a5b136" />
      <TestMethod codeBase="D:\actions-runner\_work\XPCO\XPCO\InstallerFramework\VideoOS.Installer.Manager.UnitTests\bin\Debug\VideoOS.Installer.Manager.UnitTests.dll" adapterTypeName="executor://mstestadapter/v1" className="VideoOS.Installer.Manager.UnitTests.InstallerManagerUnitTest" name="InstallerManager_IsWindowsVersionSupported_ShouldFail_WhenOSVersionHasBeenExcluded" />
    </UnitTest>
    <UnitTest name="SubscriptionBypassFilter_ShouldFailWhenUsingUnsupportedCondition" storage="d:\actions-runner\_work\xpco\xpco\installerframework\videoos.installer.manager.unittests\bin\debug\videoos.installer.manager.unittests.dll" id="afcc2065-301a-dc0e-f2c3-06c1cc3c9a9e">
      <Execution id="eb4fd914-cbef-4e86-b2eb-a6bcecc5d2f8" />
      <TestMethod codeBase="D:\actions-runner\_work\XPCO\XPCO\InstallerFramework\VideoOS.Installer.Manager.UnitTests\bin\Debug\VideoOS.Installer.Manager.UnitTests.dll" adapterTypeName="executor://mstestadapter/v1" className="VideoOS.Installer.Manager.UnitTests.SubscriptionBypassFilterUnitTest" name="SubscriptionBypassFilter_ShouldFailWhenUsingUnsupportedCondition" />
    </UnitTest>
    <UnitTest name="Given_AContentCollectionWithTwoServerEndpointsWithSameId_WhenInitializeIsCalled_AnExceptionIsThrown" storage="d:\actions-runner\_work\xpco\xpco\installerframework\videoos.installer.manager.unittests\bin\debug\videoos.installer.manager.unittests.dll" id="13040bdc-b750-cea2-f836-86fde27723d4">
      <Execution id="e8c84e00-1389-445c-ad77-43a421be927c" />
      <TestMethod codeBase="D:\actions-runner\_work\XPCO\XPCO\InstallerFramework\VideoOS.Installer.Manager.UnitTests\bin\Debug\VideoOS.Installer.Manager.UnitTests.dll" adapterTypeName="executor://mstestadapter/v1" className="VideoOS.Installer.Manager.UnitTests.CertificateModelInitializerTest" name="Given_AContentCollectionWithTwoServerEndpointsWithSameId_WhenInitializeIsCalled_AnExceptionIsThrown" />
    </UnitTest>
    <UnitTest name="InstallerManager_SaveInstalledPackages" storage="d:\actions-runner\_work\xpco\xpco\installerframework\videoos.installer.manager.unittests\bin\debug\videoos.installer.manager.unittests.dll" id="0d6717ef-e4de-733a-a19d-7e58150cd810">
      <Execution id="4b4dae9d-9dbb-4252-bf59-4fdea05072d0" />
      <TestMethod codeBase="D:\actions-runner\_work\XPCO\XPCO\InstallerFramework\VideoOS.Installer.Manager.UnitTests\bin\Debug\VideoOS.Installer.Manager.UnitTests.dll" adapterTypeName="executor://mstestadapter/v1" className="VideoOS.Installer.Manager.UnitTests.InstallerManagerUnitTest" name="InstallerManager_SaveInstalledPackages" />
    </UnitTest>
    <UnitTest name="LoadSubscriptionPlugins_InstallerConfigurationWithoutSubscriptions" storage="d:\actions-runner\_work\xpco\xpco\installerframework\videoos.installer.manager.unittests\bin\debug\videoos.installer.manager.unittests.dll" id="5cd35a4f-5261-acc6-6372-0b2336cd08ac">
      <Execution id="5a1e0169-7c80-4445-8400-077f33fd2244" />
      <TestMethod codeBase="D:\actions-runner\_work\XPCO\XPCO\InstallerFramework\VideoOS.Installer.Manager.UnitTests\bin\Debug\VideoOS.Installer.Manager.UnitTests.dll" adapterTypeName="executor://mstestadapter/v1" className="VideoOS.Installer.Manager.UnitTests.PluginLoaderUnitTest" name="LoadSubscriptionPlugins_InstallerConfigurationWithoutSubscriptions" />
    </UnitTest>
    <UnitTest name="InstallerManager_UpdatePackageParameters" storage="d:\actions-runner\_work\xpco\xpco\installerframework\videoos.installer.manager.unittests\bin\debug\videoos.installer.manager.unittests.dll" id="d1982d86-2cda-6e12-e925-d6194a5896f7">
      <Execution id="0423a151-8f86-463c-aec2-9bf800017ed8" />
      <TestMethod codeBase="D:\actions-runner\_work\XPCO\XPCO\InstallerFramework\VideoOS.Installer.Manager.UnitTests\bin\Debug\VideoOS.Installer.Manager.UnitTests.dll" adapterTypeName="executor://mstestadapter/v1" className="VideoOS.Installer.Manager.UnitTests.InstallerManagerUnitTest" name="InstallerManager_UpdatePackageParameters" />
    </UnitTest>
    <UnitTest name="Given_AContentCollectionWithTwoClientEndpointsWhereOneDependsOnNoGroup_WhenInitializeIsCalled_ThenTheTwoClientEndpointsAreAddedToDataModel" storage="d:\actions-runner\_work\xpco\xpco\installerframework\videoos.installer.manager.unittests\bin\debug\videoos.installer.manager.unittests.dll" id="4b480d4b-fcbb-5987-0d48-e2a7145be0d5">
      <Execution id="09e2910c-a75e-47e5-b3db-68cf2406ceae" />
      <TestMethod codeBase="D:\actions-runner\_work\XPCO\XPCO\InstallerFramework\VideoOS.Installer.Manager.UnitTests\bin\Debug\VideoOS.Installer.Manager.UnitTests.dll" adapterTypeName="executor://mstestadapter/v1" className="VideoOS.Installer.Manager.UnitTests.CertificateModelInitializerTest" name="Given_AContentCollectionWithTwoClientEndpointsWhereOneDependsOnNoGroup_WhenInitializeIsCalled_ThenTheTwoClientEndpointsAreAddedToDataModel" />
    </UnitTest>
    <UnitTest name="LoadPlugins_ShouldNotFailWhenNoPluginAssembliesDefined" storage="d:\actions-runner\_work\xpco\xpco\installerframework\videoos.installer.manager.unittests\bin\debug\videoos.installer.manager.unittests.dll" id="416974ba-4294-baf2-7a86-75597b55bf8f">
      <Execution id="44f5d2bf-8edc-4d07-af3b-994d3e145c8f" />
      <TestMethod codeBase="D:\actions-runner\_work\XPCO\XPCO\InstallerFramework\VideoOS.Installer.Manager.UnitTests\bin\Debug\VideoOS.Installer.Manager.UnitTests.dll" adapterTypeName="executor://mstestadapter/v1" className="VideoOS.Installer.Manager.UnitTests.PluginLoaderUnitTest" name="LoadPlugins_ShouldNotFailWhenNoPluginAssembliesDefined" />
    </UnitTest>
    <UnitTest name="LoadSubscriptionPlugins_ShouldFail_IfPluginAssemblyIsNotUnique_IgnoringCase" storage="d:\actions-runner\_work\xpco\xpco\installerframework\videoos.installer.manager.unittests\bin\debug\videoos.installer.manager.unittests.dll" id="156ccb03-318d-3d19-b8f0-74bf26eb28eb">
      <Execution id="50b14487-3d48-41f0-839c-b82799c321de" />
      <TestMethod codeBase="D:\actions-runner\_work\XPCO\XPCO\InstallerFramework\VideoOS.Installer.Manager.UnitTests\bin\Debug\VideoOS.Installer.Manager.UnitTests.dll" adapterTypeName="executor://mstestadapter/v1" className="VideoOS.Installer.Manager.UnitTests.PluginLoaderUnitTest" name="LoadSubscriptionPlugins_ShouldFail_IfPluginAssemblyIsNotUnique_IgnoringCase" />
    </UnitTest>
    <UnitTest name="Given_AContentCollectionWithTwoServerEndpoints_WhenInitializeIsCalled_ThenTheTwoServerEndpointsAreAddedToDataModel" storage="d:\actions-runner\_work\xpco\xpco\installerframework\videoos.installer.manager.unittests\bin\debug\videoos.installer.manager.unittests.dll" id="d25150de-9575-f219-4fb9-35e7fd3539ef">
      <Execution id="3d9523c9-739c-4ecc-95ba-745c6f0cd56f" />
      <TestMethod codeBase="D:\actions-runner\_work\XPCO\XPCO\InstallerFramework\VideoOS.Installer.Manager.UnitTests\bin\Debug\VideoOS.Installer.Manager.UnitTests.dll" adapterTypeName="executor://mstestadapter/v1" className="VideoOS.Installer.Manager.UnitTests.CertificateModelInitializerTest" name="Given_AContentCollectionWithTwoServerEndpoints_WhenInitializeIsCalled_ThenTheTwoServerEndpointsAreAddedToDataModel" />
    </UnitTest>
    <UnitTest name="LoadSubscriptionPlugins_ShouldCreateSubscriptionInstances" storage="d:\actions-runner\_work\xpco\xpco\installerframework\videoos.installer.manager.unittests\bin\debug\videoos.installer.manager.unittests.dll" id="1a638ee1-24c4-da18-4aa7-44d47aee78c3">
      <Execution id="6e1e65ff-ba1e-4880-a00b-c48c7a732866" />
      <TestMethod codeBase="D:\actions-runner\_work\XPCO\XPCO\InstallerFramework\VideoOS.Installer.Manager.UnitTests\bin\Debug\VideoOS.Installer.Manager.UnitTests.dll" adapterTypeName="executor://mstestadapter/v1" className="VideoOS.Installer.Manager.UnitTests.PluginLoaderUnitTest" name="LoadSubscriptionPlugins_ShouldCreateSubscriptionInstances" />
    </UnitTest>
    <UnitTest name="Given_nothing_When_Nothing_Then_TheServerToserverCommunicationGroupDefinitionContainsTheDefinitionOfThePresenterClass" storage="d:\actions-runner\_work\xpco\xpco\installerframework\videoos.installer.manager.unittests\bin\debug\videoos.installer.manager.unittests.dll" id="dff5efb0-0c5b-c3d4-3ceb-e94122bed333">
      <Execution id="1cff2200-d04f-4a06-be38-7d41015c72c7" />
      <TestMethod codeBase="D:\actions-runner\_work\XPCO\XPCO\InstallerFramework\VideoOS.Installer.Manager.UnitTests\bin\Debug\VideoOS.Installer.Manager.UnitTests.dll" adapterTypeName="executor://mstestadapter/v1" className="VideoOS.Installer.Manager.UnitTests.ServerToServerGroupUnitTest" name="Given_nothing_When_Nothing_Then_TheServerToserverCommunicationGroupDefinitionContainsTheDefinitionOfThePresenterClass" />
    </UnitTest>
    <UnitTest name="InstallerManager_DoPrepareFinalizeOnClose_DoCreateStartup_WhenHardwareManufactureModeFinishes" storage="d:\actions-runner\_work\xpco\xpco\installerframework\videoos.installer.manager.unittests\bin\debug\videoos.installer.manager.unittests.dll" id="1d795d06-c7d4-c538-9eda-aa033b5adeb4">
      <Execution id="06d71d64-b111-40a9-bce0-e14fd171f208" />
      <TestMethod codeBase="D:\actions-runner\_work\XPCO\XPCO\InstallerFramework\VideoOS.Installer.Manager.UnitTests\bin\Debug\VideoOS.Installer.Manager.UnitTests.dll" adapterTypeName="executor://mstestadapter/v1" className="VideoOS.Installer.Manager.UnitTests.InstallerManagerUnitTest" name="InstallerManager_DoPrepareFinalizeOnClose_DoCreateStartup_WhenHardwareManufactureModeFinishes" />
    </UnitTest>
    <UnitTest name="PrepareInstallation_ShouldFail_WhenLoadingHardwareManufacturerInfoFails" storage="d:\actions-runner\_work\xpco\xpco\installerframework\videoos.installer.manager.unittests\bin\debug\videoos.installer.manager.unittests.dll" id="ded2c89a-b62a-9aa3-e298-47558403d996">
      <Execution id="d791e8ad-0e26-43e5-bcca-2599531bff1c" />
      <TestMethod codeBase="D:\actions-runner\_work\XPCO\XPCO\InstallerFramework\VideoOS.Installer.Manager.UnitTests\bin\Debug\VideoOS.Installer.Manager.UnitTests.dll" adapterTypeName="executor://mstestadapter/v1" className="VideoOS.Installer.Manager.UnitTests.InstallerManagerUnitTest" name="PrepareInstallation_ShouldFail_WhenLoadingHardwareManufacturerInfoFails" />
    </UnitTest>
    <UnitTest name="InstallerManager_CreateUpdateSoftwareEntryAndDeleteOldFolders" storage="d:\actions-runner\_work\xpco\xpco\installerframework\videoos.installer.manager.unittests\bin\debug\videoos.installer.manager.unittests.dll" id="05ac2499-8e13-dad7-8e7d-c5c9df9931a2">
      <Execution id="8f981e88-b58d-41f4-be2e-9ceeb7aea79c" />
      <TestMethod codeBase="D:\actions-runner\_work\XPCO\XPCO\InstallerFramework\VideoOS.Installer.Manager.UnitTests\bin\Debug\VideoOS.Installer.Manager.UnitTests.dll" adapterTypeName="executor://mstestadapter/v1" className="VideoOS.Installer.Manager.UnitTests.InstallerManagerUnitTest" name="InstallerManager_CreateUpdateSoftwareEntryAndDeleteOldFolders" />
    </UnitTest>
    <UnitTest name="SubscriptionBypassFilter_ShouldNotFailWhenNoConditionsDefined" storage="d:\actions-runner\_work\xpco\xpco\installerframework\videoos.installer.manager.unittests\bin\debug\videoos.installer.manager.unittests.dll" id="f7b9ccd8-71a2-9239-2fa1-12c739667520">
      <Execution id="ab2b9f2b-5c07-4849-b31a-6d2d1e37496f" />
      <TestMethod codeBase="D:\actions-runner\_work\XPCO\XPCO\InstallerFramework\VideoOS.Installer.Manager.UnitTests\bin\Debug\VideoOS.Installer.Manager.UnitTests.dll" adapterTypeName="executor://mstestadapter/v1" className="VideoOS.Installer.Manager.UnitTests.SubscriptionBypassFilterUnitTest" name="SubscriptionBypassFilter_ShouldNotFailWhenNoConditionsDefined" />
    </UnitTest>
    <UnitTest name="InstallerManager_DoPrepareFinalizeOnClose_DoNotDoCreateStartup_WhenHardwareManufactureModeFinishes" storage="d:\actions-runner\_work\xpco\xpco\installerframework\videoos.installer.manager.unittests\bin\debug\videoos.installer.manager.unittests.dll" id="be2d94bd-7351-c472-46f2-2a3782e029fb">
      <Execution id="8df2869d-e162-4f75-9aca-4103eeeb77f9" />
      <TestMethod codeBase="D:\actions-runner\_work\XPCO\XPCO\InstallerFramework\VideoOS.Installer.Manager.UnitTests\bin\Debug\VideoOS.Installer.Manager.UnitTests.dll" adapterTypeName="executor://mstestadapter/v1" className="VideoOS.Installer.Manager.UnitTests.InstallerManagerUnitTest" name="InstallerManager_DoPrepareFinalizeOnClose_DoNotDoCreateStartup_WhenHardwareManufactureModeFinishes" />
    </UnitTest>
    <UnitTest name="Given_ParametersContainsUnsecureAndSecureMs_When_Initialize_Then_AddressesAreSetInDataModel" storage="d:\actions-runner\_work\xpco\xpco\installerframework\videoos.installer.manager.unittests\bin\debug\videoos.installer.manager.unittests.dll" id="8b6b1c2f-13e1-78de-ccd1-7ceaa782bfd5">
      <Execution id="f3f99ac2-e170-47cb-a73c-9b8d4cb47d64" />
      <TestMethod codeBase="D:\actions-runner\_work\XPCO\XPCO\InstallerFramework\VideoOS.Installer.Manager.UnitTests\bin\Debug\VideoOS.Installer.Manager.UnitTests.dll" adapterTypeName="executor://mstestadapter/v1" className="VideoOS.Installer.Manager.UnitTests.CertificateModelInitializerTest" name="Given_ParametersContainsUnsecureAndSecureMs_When_Initialize_Then_AddressesAreSetInDataModel" />
    </UnitTest>
    <UnitTest name="InstallerManager_CollectParametersAndValues_ExpandEvironmantVariables" storage="d:\actions-runner\_work\xpco\xpco\installerframework\videoos.installer.manager.unittests\bin\debug\videoos.installer.manager.unittests.dll" id="d015c9f4-03ea-c911-c93b-c61170552ff4">
      <Execution id="148a60d8-af2a-4051-8c8a-f450bc3a0725" />
      <TestMethod codeBase="D:\actions-runner\_work\XPCO\XPCO\InstallerFramework\VideoOS.Installer.Manager.UnitTests\bin\Debug\VideoOS.Installer.Manager.UnitTests.dll" adapterTypeName="executor://mstestadapter/v1" className="VideoOS.Installer.Manager.UnitTests.InstallerManagerUnitTest" name="InstallerManager_CollectParametersAndValues_ExpandEvironmantVariables" />
    </UnitTest>
    <UnitTest name="InstallerManager_CreatePublisherEntry" storage="d:\actions-runner\_work\xpco\xpco\installerframework\videoos.installer.manager.unittests\bin\debug\videoos.installer.manager.unittests.dll" id="1f110d66-a369-a893-b902-9457e145e83b">
      <Execution id="ac5b3b32-e0df-489c-9a27-d6040fc30545" />
      <TestMethod codeBase="D:\actions-runner\_work\XPCO\XPCO\InstallerFramework\VideoOS.Installer.Manager.UnitTests\bin\Debug\VideoOS.Installer.Manager.UnitTests.dll" adapterTypeName="executor://mstestadapter/v1" className="VideoOS.Installer.Manager.UnitTests.InstallerManagerUnitTest" name="InstallerManager_CreatePublisherEntry" />
    </UnitTest>
    <UnitTest name="LoadSubscriptionPlugins_ShouldFail_IfSubscriptionIdsAreNotUnique" storage="d:\actions-runner\_work\xpco\xpco\installerframework\videoos.installer.manager.unittests\bin\debug\videoos.installer.manager.unittests.dll" id="0d30e7c8-dbd6-7deb-b043-ba0cdaafd565">
      <Execution id="04a5130d-c43b-40ed-87a4-4b78a6606da6" />
      <TestMethod codeBase="D:\actions-runner\_work\XPCO\XPCO\InstallerFramework\VideoOS.Installer.Manager.UnitTests\bin\Debug\VideoOS.Installer.Manager.UnitTests.dll" adapterTypeName="executor://mstestadapter/v1" className="VideoOS.Installer.Manager.UnitTests.PluginLoaderUnitTest" name="LoadSubscriptionPlugins_ShouldFail_IfSubscriptionIdsAreNotUnique" />
    </UnitTest>
    <UnitTest name="InstallerManager_RunCheckLicense_WithProductKeyAndDisplayName" storage="d:\actions-runner\_work\xpco\xpco\installerframework\videoos.installer.manager.unittests\bin\debug\videoos.installer.manager.unittests.dll" id="8e1bbec5-10b8-44f9-d87b-a8966ec8ffd9">
      <Execution id="c89cdf8c-1ed7-4955-bf19-1aa1e0f61fa4" />
      <TestMethod codeBase="D:\actions-runner\_work\XPCO\XPCO\InstallerFramework\VideoOS.Installer.Manager.UnitTests\bin\Debug\VideoOS.Installer.Manager.UnitTests.dll" adapterTypeName="executor://mstestadapter/v1" className="VideoOS.Installer.Manager.UnitTests.InstallerManagerUnitTest" name="InstallerManager_RunCheckLicense_WithProductKeyAndDisplayName" />
    </UnitTest>
  </TestDefinitions>
  <TestEntries>
    <TestEntry testId="4b480d4b-fcbb-5987-0d48-e2a7145be0d5" executionId="09e2910c-a75e-47e5-b3db-68cf2406ceae" testListId="8c84fa94-04c1-424b-9868-57a2d4851a1d" />
    <TestEntry testId="1f110d66-a369-a893-b902-9457e145e83b" executionId="ac5b3b32-e0df-489c-9a27-d6040fc30545" testListId="8c84fa94-04c1-424b-9868-57a2d4851a1d" />
    <TestEntry testId="0d6717ef-e4de-733a-a19d-7e58150cd810" executionId="4b4dae9d-9dbb-4252-bf59-4fdea05072d0" testListId="8c84fa94-04c1-424b-9868-57a2d4851a1d" />
    <TestEntry testId="f7dba121-2c59-69cf-c5ee-6da61dedfd50" executionId="636e6347-08e5-4ebf-ba15-5888aafe56bf" testListId="8c84fa94-04c1-424b-9868-57a2d4851a1d" />
    <TestEntry testId="869cd1eb-db5a-bebc-6d07-5406846c0ce5" executionId="0322852c-18bf-4850-ba16-ac8a4a4e2efd" testListId="8c84fa94-04c1-424b-9868-57a2d4851a1d" />
    <TestEntry testId="afcc2065-301a-dc0e-f2c3-06c1cc3c9a9e" executionId="eb4fd914-cbef-4e86-b2eb-a6bcecc5d2f8" testListId="8c84fa94-04c1-424b-9868-57a2d4851a1d" />
    <TestEntry testId="495ec9f3-0800-5263-a360-8439abe0cffd" executionId="84043ee7-b224-4e7e-99c7-1639f8a8711c" testListId="8c84fa94-04c1-424b-9868-57a2d4851a1d" />
    <TestEntry testId="300e3c22-372c-9366-7d20-a6374ece97d9" executionId="c114851c-726b-4128-9993-d628aeeef6a1" testListId="8c84fa94-04c1-424b-9868-57a2d4851a1d" />
    <TestEntry testId="794397c5-acd4-a276-2cbf-50f997d2709b" executionId="4c8b2f62-6a16-47bd-9391-4b41ce291d93" testListId="8c84fa94-04c1-424b-9868-57a2d4851a1d" />
    <TestEntry testId="1ebc1254-f9d9-7fd8-2058-770cb04bda04" executionId="68fe2812-a29c-4def-a2d5-d56f10020db9" testListId="8c84fa94-04c1-424b-9868-57a2d4851a1d" />
    <TestEntry testId="cbecc23f-ca1f-7aea-6176-ccac667d1a61" executionId="848c5056-52d4-4b98-b2e6-bf918f431763" testListId="8c84fa94-04c1-424b-9868-57a2d4851a1d" />
    <TestEntry testId="8d9e392a-c343-676a-d3af-5186796fea05" executionId="a4836260-4030-4f4e-803d-abdc39bfcec3" testListId="8c84fa94-04c1-424b-9868-57a2d4851a1d" />
    <TestEntry testId="ed02d880-7fc9-615d-6a86-ace66056d62b" executionId="bb877104-fa2e-4e19-b5d9-a4a10565f5a6" testListId="8c84fa94-04c1-424b-9868-57a2d4851a1d" />
    <TestEntry testId="a9cd81f7-356d-a19a-42fe-b562940a5280" executionId="d3d4d572-c32a-44d2-8d8d-c58da68ae013" testListId="8c84fa94-04c1-424b-9868-57a2d4851a1d" />
    <TestEntry testId="ab3a4a0f-1b9c-faa7-9a70-c0e4767f991f" executionId="76a48e6c-5aad-41ab-abba-a1c359b47e82" testListId="8c84fa94-04c1-424b-9868-57a2d4851a1d" />
    <TestEntry testId="196694f8-4524-f06e-ed06-c17d53be8e34" executionId="625197ae-eabe-4c5c-8414-3ffb124ec4c9" testListId="8c84fa94-04c1-424b-9868-57a2d4851a1d" />
    <TestEntry testId="9abb00a7-1a9f-4dd4-c444-9493acd1d9f0" executionId="37389acd-dc08-4a96-9ff5-e250321f16c0" testListId="8c84fa94-04c1-424b-9868-57a2d4851a1d" />
    <TestEntry testId="57828b07-798a-efe7-8f42-6b2b4ca0f0d9" executionId="ebfc0390-0c3b-4726-a22c-27c927c760de" testListId="8c84fa94-04c1-424b-9868-57a2d4851a1d" />
    <TestEntry testId="849f8aad-74e3-7b94-0fe0-78e1198cd9ef" executionId="aa123532-5e40-4004-b0a8-d6516b2c5550" testListId="8c84fa94-04c1-424b-9868-57a2d4851a1d" />
    <TestEntry testId="d25150de-9575-f219-4fb9-35e7fd3539ef" executionId="3d9523c9-739c-4ecc-95ba-745c6f0cd56f" testListId="8c84fa94-04c1-424b-9868-57a2d4851a1d" />
    <TestEntry testId="ef9f071c-6e2d-1671-91b5-7c1705fdb802" executionId="4331555f-049a-4749-9fbb-b8feed7ba596" testListId="8c84fa94-04c1-424b-9868-57a2d4851a1d" />
    <TestEntry testId="16f11343-3606-e124-804b-dae5a010435c" executionId="5c748f3b-9d9b-433d-a58f-b76e716d3075" testListId="8c84fa94-04c1-424b-9868-57a2d4851a1d" />
    <TestEntry testId="b34319b5-322e-e713-8223-d7fea149edab" executionId="a61950d6-6c29-4335-94c5-b33e1d356439" testListId="8c84fa94-04c1-424b-9868-57a2d4851a1d" />
    <TestEntry testId="b155d23a-fcc6-0354-438c-623c87bc89b0" executionId="8ec5dfe1-f001-4215-bf48-173594a5b136" testListId="8c84fa94-04c1-424b-9868-57a2d4851a1d" />
    <TestEntry testId="ab65de86-73a8-32d4-25b9-9e244ac60634" executionId="926fe2c1-b0f9-423f-b636-b3652860aff3" testListId="8c84fa94-04c1-424b-9868-57a2d4851a1d" />
    <TestEntry testId="6f057b52-a4ef-1941-b314-67a9361be640" executionId="6d0220bf-c962-44c0-9bd9-ce68e2864372" testListId="8c84fa94-04c1-424b-9868-57a2d4851a1d" />
    <TestEntry testId="5cd35a4f-5261-acc6-6372-0b2336cd08ac" executionId="5a1e0169-7c80-4445-8400-077f33fd2244" testListId="8c84fa94-04c1-424b-9868-57a2d4851a1d" />
    <TestEntry testId="ca1e6709-8ac7-3fbc-9f8e-ddb40821affc" executionId="4451ccc4-89ec-4d84-a189-dcb4a853a3f8" testListId="8c84fa94-04c1-424b-9868-57a2d4851a1d" />
    <TestEntry testId="53fcbbbb-399a-2acc-ec04-eb6dc1b3fcef" executionId="947e048a-176a-4776-9c57-2b6051aa92fa" testListId="8c84fa94-04c1-424b-9868-57a2d4851a1d" />
    <TestEntry testId="fd6046af-1f4c-f558-4ea6-fb216f97c820" executionId="ae4307a6-1756-4493-a994-d7bfcdf643e7" testListId="8c84fa94-04c1-424b-9868-57a2d4851a1d" />
    <TestEntry testId="416974ba-4294-baf2-7a86-75597b55bf8f" executionId="44f5d2bf-8edc-4d07-af3b-994d3e145c8f" testListId="8c84fa94-04c1-424b-9868-57a2d4851a1d" />
    <TestEntry testId="bb0be2da-29db-0a52-6943-1adc55cb9fb8" executionId="d450a585-1bc7-4a44-a5df-f9ffd2dee55e" testListId="8c84fa94-04c1-424b-9868-57a2d4851a1d" />
    <TestEntry testId="9c30a61b-9e2f-8917-dc30-c7daa8670589" executionId="92dbd1da-0c68-4d08-82df-b783e34f10cb" testListId="8c84fa94-04c1-424b-9868-57a2d4851a1d" />
    <TestEntry testId="042ca1f7-be63-fb46-b43d-965365f41214" executionId="8ebb5765-6fe9-48ab-a377-0266ff3ea2f2" testListId="8c84fa94-04c1-424b-9868-57a2d4851a1d" />
    <TestEntry testId="f7b9ccd8-71a2-9239-2fa1-12c739667520" executionId="ab2b9f2b-5c07-4849-b31a-6d2d1e37496f" testListId="8c84fa94-04c1-424b-9868-57a2d4851a1d" />
    <TestEntry testId="8e1bbec5-10b8-44f9-d87b-a8966ec8ffd9" executionId="c89cdf8c-1ed7-4955-bf19-1aa1e0f61fa4" testListId="8c84fa94-04c1-424b-9868-57a2d4851a1d" />
    <TestEntry testId="95add604-4160-bdd0-cb0f-51a06b900ad8" executionId="ff73eb55-c0c9-4215-a145-d90b5bec703d" testListId="8c84fa94-04c1-424b-9868-57a2d4851a1d" />
    <TestEntry testId="5d7aec64-c6b3-dd2d-8abf-86de73a8c3f2" executionId="42975346-7e47-471c-b32e-501403e40c90" testListId="8c84fa94-04c1-424b-9868-57a2d4851a1d" />
    <TestEntry testId="05ac2499-8e13-dad7-8e7d-c5c9df9931a2" executionId="8f981e88-b58d-41f4-be2e-9ceeb7aea79c" testListId="8c84fa94-04c1-424b-9868-57a2d4851a1d" />
    <TestEntry testId="13040bdc-b750-cea2-f836-86fde27723d4" executionId="e8c84e00-1389-445c-ad77-43a421be927c" testListId="8c84fa94-04c1-424b-9868-57a2d4851a1d" />
    <TestEntry testId="be2d94bd-7351-c472-46f2-2a3782e029fb" executionId="8df2869d-e162-4f75-9aca-4103eeeb77f9" testListId="8c84fa94-04c1-424b-9868-57a2d4851a1d" />
    <TestEntry testId="1d795d06-c7d4-c538-9eda-aa033b5adeb4" executionId="06d71d64-b111-40a9-bce0-e14fd171f208" testListId="8c84fa94-04c1-424b-9868-57a2d4851a1d" />
    <TestEntry testId="af4e06bb-8a3d-f42a-3895-df7f6d5c95d6" executionId="f6d36997-18bf-46f8-a646-c39cc9f775bb" testListId="8c84fa94-04c1-424b-9868-57a2d4851a1d" />
    <TestEntry testId="d015c9f4-03ea-c911-c93b-c61170552ff4" executionId="148a60d8-af2a-4051-8c8a-f450bc3a0725" testListId="8c84fa94-04c1-424b-9868-57a2d4851a1d" />
    <TestEntry testId="0d30e7c8-dbd6-7deb-b043-ba0cdaafd565" executionId="04a5130d-c43b-40ed-87a4-4b78a6606da6" testListId="8c84fa94-04c1-424b-9868-57a2d4851a1d" />
    <TestEntry testId="a3d9f23c-b5be-4bb3-6d42-e0a3ff37e3dc" executionId="14127d9f-7267-4f40-8f77-ef84b930c5f3" testListId="8c84fa94-04c1-424b-9868-57a2d4851a1d" />
    <TestEntry testId="17310292-782a-1f44-a41f-bb05b264a0d7" executionId="87e1ca76-3c59-4eea-8916-6d5346c01a8f" testListId="8c84fa94-04c1-424b-9868-57a2d4851a1d" />
    <TestEntry testId="1a638ee1-24c4-da18-4aa7-44d47aee78c3" executionId="6e1e65ff-ba1e-4880-a00b-c48c7a732866" testListId="8c84fa94-04c1-424b-9868-57a2d4851a1d" />
    <TestEntry testId="e0f8c160-af9c-0ad8-7e36-4adfe33b811e" executionId="9f6440bf-23d2-4170-beb0-518e41ef6f94" testListId="8c84fa94-04c1-424b-9868-57a2d4851a1d" />
    <TestEntry testId="dff5efb0-0c5b-c3d4-3ceb-e94122bed333" executionId="1cff2200-d04f-4a06-be38-7d41015c72c7" testListId="8c84fa94-04c1-424b-9868-57a2d4851a1d" />
    <TestEntry testId="9e84eddd-2027-3a81-2517-c980c8d032fc" executionId="50daf7f0-60d6-4d94-ac1a-def5a6d40c1e" testListId="8c84fa94-04c1-424b-9868-57a2d4851a1d" />
    <TestEntry testId="d55203cc-985c-697d-07a9-c985f4ce9a2e" executionId="61e3ec11-faf0-4fda-938b-43a91f863ecc" testListId="8c84fa94-04c1-424b-9868-57a2d4851a1d" />
    <TestEntry testId="c3d52a63-f563-ad95-f38f-b7d1949cacf9" executionId="91ec085b-4345-49d3-ace2-66f19b2071b1" testListId="8c84fa94-04c1-424b-9868-57a2d4851a1d" />
    <TestEntry testId="bbda981f-ade2-e8c3-39a9-b616430e6271" executionId="85c44eb7-9057-4776-893c-3412f589fa12" testListId="8c84fa94-04c1-424b-9868-57a2d4851a1d" />
    <TestEntry testId="156ccb03-318d-3d19-b8f0-74bf26eb28eb" executionId="50b14487-3d48-41f0-839c-b82799c321de" testListId="8c84fa94-04c1-424b-9868-57a2d4851a1d" />
    <TestEntry testId="8b6b1c2f-13e1-78de-ccd1-7ceaa782bfd5" executionId="f3f99ac2-e170-47cb-a73c-9b8d4cb47d64" testListId="8c84fa94-04c1-424b-9868-57a2d4851a1d" />
    <TestEntry testId="d1982d86-2cda-6e12-e925-d6194a5896f7" executionId="0423a151-8f86-463c-aec2-9bf800017ed8" testListId="8c84fa94-04c1-424b-9868-57a2d4851a1d" />
    <TestEntry testId="0d01e442-3432-82c3-b6f2-f94b458f7416" executionId="9a18f01c-c46d-4367-a8ac-3e965763cba5" testListId="8c84fa94-04c1-424b-9868-57a2d4851a1d" />
    <TestEntry testId="c3466fae-4509-bae6-9a4f-c859dfd06cf0" executionId="aaeb5764-02e8-41c4-a897-98cb253ab808" testListId="8c84fa94-04c1-424b-9868-57a2d4851a1d" />
    <TestEntry testId="2d33a752-c4a2-d97d-558a-e6ea8edee9f9" executionId="a02b6ca6-43cc-4880-8d7e-a665fec82bfe" testListId="8c84fa94-04c1-424b-9868-57a2d4851a1d" />
    <TestEntry testId="a537f19a-1bb7-c144-dda4-e3248d0b7f73" executionId="a18e2fc6-701d-4045-8f1f-61770c2a33a2" testListId="8c84fa94-04c1-424b-9868-57a2d4851a1d" />
    <TestEntry testId="ea8cf89c-1a61-71b8-b63d-481f5fcd674a" executionId="34937add-e3f7-4d61-bd88-78cf1c9be4f2" testListId="8c84fa94-04c1-424b-9868-57a2d4851a1d" />
    <TestEntry testId="ded2c89a-b62a-9aa3-e298-47558403d996" executionId="d791e8ad-0e26-43e5-bcca-2599531bff1c" testListId="8c84fa94-04c1-424b-9868-57a2d4851a1d" />
  </TestEntries>
  <TestLists>
    <TestList name="Results Not in a List" id="8c84fa94-04c1-424b-9868-57a2d4851a1d" />
    <TestList name="All Loaded Results" id="19431567-8539-422a-85d7-44ee4e166bda" />
  </TestLists>
  <ResultSummary outcome="Completed">
    <Counters total="63" executed="57" passed="57" failed="0" error="0" timeout="0" aborted="0" inconclusive="0" passedButRunAborted="0" notRunnable="0" notExecuted="0" disconnected="0" warning="0" completed="0" inProgress="0" pending="0" />
    <Output>
      <StdOut>Test 'InstallerManager_CreatePublisherEntry' was skipped in the test run.&#xD;
Test 'InstallerManager_CreateUpdateSoftwareEntryAndDeleteOldFolders' was skipped in the test run.&#xD;
Test 'InstallerManager_RunCheckLicense_FromLinceseCustomization' was skipped in the test run.&#xD;
Test 'InstallerManager_OSInformationReader_ShouldReturnOSInformation' was skipped in the test run.&#xD;
Test 'CreateInstallerConfigStringWithSubscriptions' was skipped in the test run.&#xD;
Test 'CreateInstallerConfigStringWithSubscriptions' was skipped in the test run.&#xD;
</StdOut>
    </Output>
  </ResultSummary>
</TestRun>