<?xml version="1.0" encoding="utf-8"?>
<TestRun id="ad306445-0f4c-4ef7-a250-86e4974a7b8d" name="DKSR-EFI-06$@DKSR-EFI-06 2024-01-09 15:43:33" runUser="NT AUTHORITY\NETWORK SERVICE" xmlns="http://microsoft.com/schemas/VisualStudio/TeamTest/2010">
  <Times creation="2024-01-09T15:43:33.6697526+01:00" queuing="2024-01-09T15:43:33.6697526+01:00" start="2024-01-09T15:43:25.5759993+01:00" finish="2024-01-09T15:43:36.3885089+01:00" />
  <TestSettings name="default" id="ff7d2d23-a48a-49a9-9efe-617c4404b8ce">
    <Deployment runDeploymentRoot="DKSR-EFI-06$_DKSR-EFI-06_2024-01-09_15_43_33" />
  </TestSettings>
  <Results>
    <UnitTestResult executionId="84f60bc8-fc49-490f-b87d-7cd339483aa4" testId="501dc25e-41fc-6597-b26e-b5d6f43423a4" testName="Given_AManagementServer_21R2_When_GettingUrisOnRestApiWithAllAddressesDefined_Then_TheResponsIsInterpretedCorrect" computerName="DKSR-EFI-06" duration="00:00:00.2971960" startTime="2024-01-09T15:43:33.3260386+01:00" endTime="2024-01-09T15:43:33.6228784+01:00" testType="13cdc9d9-ddb5-4fa4-a97d-d965ccfc6d4b" outcome="Passed" testListId="8c84fa94-04c1-424b-9868-57a2d4851a1d" relativeResultsDirectory="84f60bc8-fc49-490f-b87d-7cd339483aa4" />
    <UnitTestResult executionId="60bed7f7-9051-4682-9017-0c781958b454" testId="44cbd0df-8237-ecab-0558-fa99a16bbc3d" testName="Common_Utilities_HostValidateAddress_Failed" computerName="DKSR-EFI-06" duration="00:00:00.0034671" startTime="2024-01-09T15:43:35.9041320+01:00" endTime="2024-01-09T15:43:35.9041320+01:00" testType="13cdc9d9-ddb5-4fa4-a97d-d965ccfc6d4b" outcome="Passed" testListId="8c84fa94-04c1-424b-9868-57a2d4851a1d" relativeResultsDirectory="60bed7f7-9051-4682-9017-0c781958b454" />
    <UnitTestResult executionId="cbc53163-3efa-4dcf-82ff-38c10db67cd7" testId="fd9e4766-f90e-c049-0ec7-40feaf6b8574" testName="Common_Utilities_IsValidSqlServerPath_Failed" computerName="DKSR-EFI-06" duration="00:00:01.0323877" startTime="2024-01-09T15:43:34.7322537+01:00" endTime="2024-01-09T15:43:35.7635068+01:00" testType="13cdc9d9-ddb5-4fa4-a97d-d965ccfc6d4b" outcome="Passed" testListId="8c84fa94-04c1-424b-9868-57a2d4851a1d" relativeResultsDirectory="cbc53163-3efa-4dcf-82ff-38c10db67cd7" />
    <UnitTestResult executionId="9aa6007d-bf15-4c56-a001-1e3f1f22965a" testId="d84c8062-08c1-c98d-1d66-2446c062cf52" testName="CreateShortcut_ShouldSucceed_WhenArgumentsAndExecutableWasSet" computerName="DKSR-EFI-06" duration="00:00:00.4679773" startTime="2024-01-09T15:43:33.6385063+01:00" endTime="2024-01-09T15:43:34.1072526+01:00" testType="13cdc9d9-ddb5-4fa4-a97d-d965ccfc6d4b" outcome="Passed" testListId="8c84fa94-04c1-424b-9868-57a2d4851a1d" relativeResultsDirectory="9aa6007d-bf15-4c56-a001-1e3f1f22965a" />
    <UnitTestResult executionId="9783ae46-aaab-4c63-8882-0cc55a05873e" testId="1c6dbef2-43f6-8f8e-ad82-736cd2391b86" testName="LabelTextShouldBeAdapted_WhenTheRealPixelsOfTheTextIsBiggerThanTheSizeOfLabel" computerName="DKSR-EFI-06" duration="00:00:00.2517559" startTime="2024-01-09T15:43:32.9353781+01:00" endTime="2024-01-09T15:43:33.2478807+01:00" testType="13cdc9d9-ddb5-4fa4-a97d-d965ccfc6d4b" outcome="Passed" testListId="8c84fa94-04c1-424b-9868-57a2d4851a1d" relativeResultsDirectory="9783ae46-aaab-4c63-8882-0cc55a05873e" />
    <UnitTestResult executionId="2ea1d172-ba27-4162-b43a-4ad4bd1347cd" testId="23768360-ac81-dfed-c11f-f97786b4ccf6" testName="LabelTextWouldNotBeAdapted_WhenTheRealPixelsOfTheTextIsNotBiggerThanTheSizeOfLabel" computerName="DKSR-EFI-06" duration="00:00:00.0024076" startTime="2024-01-09T15:43:33.3103775+01:00" endTime="2024-01-09T15:43:33.3103775+01:00" testType="13cdc9d9-ddb5-4fa4-a97d-d965ccfc6d4b" outcome="Passed" testListId="8c84fa94-04c1-424b-9868-57a2d4851a1d" relativeResultsDirectory="2ea1d172-ba27-4162-b43a-4ad4bd1347cd" />
    <UnitTestResult executionId="9c0f965d-0bd9-4444-a051-ea2e3ade842d" testId="a4958ff6-262d-aa0e-5962-d01d31443a77" testName="Common_Utilities_IsValidSqlServerPath_Success" computerName="DKSR-EFI-06" duration="00:00:00.0003418" startTime="2024-01-09T15:43:34.7322537+01:00" endTime="2024-01-09T15:43:34.7322537+01:00" testType="13cdc9d9-ddb5-4fa4-a97d-d965ccfc6d4b" outcome="Passed" testListId="8c84fa94-04c1-424b-9868-57a2d4851a1d" relativeResultsDirectory="9c0f965d-0bd9-4444-a051-ea2e3ade842d" />
    <UnitTestResult executionId="599c5c3a-cc17-455c-9f9e-6e86dbb191ff" testId="50e09f55-58da-0baf-ccda-db85712c7113" testName="Given_AManagementServer_21R2_When_GettingUrisOnRestApiWithEmptySecureAddressesDefined_Then_TheResponsIsInterpretedCorrect" computerName="DKSR-EFI-06" duration="00:00:00.0003520" startTime="2024-01-09T15:43:33.6228784+01:00" endTime="2024-01-09T15:43:33.6228784+01:00" testType="13cdc9d9-ddb5-4fa4-a97d-d965ccfc6d4b" outcome="Passed" testListId="8c84fa94-04c1-424b-9868-57a2d4851a1d" relativeResultsDirectory="599c5c3a-cc17-455c-9f9e-6e86dbb191ff" />
    <UnitTestResult executionId="7f6ce7fe-59bc-4735-b498-969305f4adf1" testId="58325279-5ed1-6dd1-1cd7-8397b11b9f38" testName="GetConnectionString_LegacySourceContainsConnectionString_ReturnsConnectionString" computerName="DKSR-EFI-06" duration="00:00:00.5359069" startTime="2024-01-09T15:43:34.1385018+01:00" endTime="2024-01-09T15:43:34.6853774+01:00" testType="13cdc9d9-ddb5-4fa4-a97d-d965ccfc6d4b" outcome="Passed" testListId="8c84fa94-04c1-424b-9868-57a2d4851a1d" relativeResultsDirectory="7f6ce7fe-59bc-4735-b498-969305f4adf1" />
    <UnitTestResult executionId="0e0657f7-22ed-4a19-9f9e-84c8c41e8ba6" testId="d9724258-8d66-9b89-0e02-e158ff8594a8" testName="TestMilestoneResource_CanReadValues_Success" computerName="DKSR-EFI-06" startTime="2024-01-09T15:43:35.9666322+01:00" endTime="2024-01-09T15:43:35.9666322+01:00" testType="13cdc9d9-ddb5-4fa4-a97d-d965ccfc6d4b" outcome="NotExecuted" testListId="8c84fa94-04c1-424b-9868-57a2d4851a1d" relativeResultsDirectory="0e0657f7-22ed-4a19-9f9e-84c8c41e8ba6" />
    <UnitTestResult executionId="fe769a0d-3f8c-4da4-b262-f5541e1d711b" testId="74b59e74-e86e-0c9c-4c32-ebd45cbcee43" testName="TestMilestoneAndPinkResourceXmlStructure_AreSame_Success" computerName="DKSR-EFI-06" startTime="2024-01-09T15:43:35.9510072+01:00" endTime="2024-01-09T15:43:35.9510072+01:00" testType="13cdc9d9-ddb5-4fa4-a97d-d965ccfc6d4b" outcome="NotExecuted" testListId="8c84fa94-04c1-424b-9868-57a2d4851a1d" relativeResultsDirectory="fe769a0d-3f8c-4da4-b262-f5541e1d711b" />
    <UnitTestResult executionId="3e72d49e-b5c1-4980-b9b3-6a751fb6bab8" testId="740a0a1b-02e9-7a79-f213-7e447c8f19d0" testName="Common_Utilities_Encrypt_DecryptPassword_Unicode_Success" computerName="DKSR-EFI-06" duration="00:00:00.0009544" startTime="2024-01-09T15:43:35.7791328+01:00" endTime="2024-01-09T15:43:35.7791328+01:00" testType="13cdc9d9-ddb5-4fa4-a97d-d965ccfc6d4b" outcome="Passed" testListId="8c84fa94-04c1-424b-9868-57a2d4851a1d" relativeResultsDirectory="3e72d49e-b5c1-4980-b9b3-6a751fb6bab8" />
    <UnitTestResult executionId="cfa61c40-42a2-41d7-beb6-00160d172a22" testId="a62017c7-2ce8-c2af-d83c-8c4bebb5285c" testName="Common_Utilities_HostValidateAddress_Success" computerName="DKSR-EFI-06" duration="00:00:00.1216394" startTime="2024-01-09T15:43:35.7791328+01:00" endTime="2024-01-09T15:43:35.9041320+01:00" testType="13cdc9d9-ddb5-4fa4-a97d-d965ccfc6d4b" outcome="Passed" testListId="8c84fa94-04c1-424b-9868-57a2d4851a1d" relativeResultsDirectory="cfa61c40-42a2-41d7-beb6-00160d172a22" />
    <UnitTestResult executionId="639de043-68a0-42f2-91ff-c3d4a2be816a" testId="b5bbfaa3-2b04-4f08-a596-7a186cb1fe66" testName="Given_NoUrisResponseFromManagementServerAndLegacyConnectionFails_When_TryGetManagementServerInfo_Then_FalsIsReturned" computerName="DKSR-EFI-06" startTime="2024-01-09T15:43:33.6385063+01:00" endTime="2024-01-09T15:43:33.6385063+01:00" testType="13cdc9d9-ddb5-4fa4-a97d-d965ccfc6d4b" outcome="NotExecuted" testListId="8c84fa94-04c1-424b-9868-57a2d4851a1d" relativeResultsDirectory="639de043-68a0-42f2-91ff-c3d4a2be816a" />
    <UnitTestResult executionId="284106fa-d86d-48a4-8fb4-3a18f03dba04" testId="eb33940c-e0e2-81df-bd18-25c55f5f50fc" testName="Given_AUrisResponseFromManagementServer_When_TryGetManagementServerInfo_Then_ItIsHandlesAndInterpretedCorrect" computerName="DKSR-EFI-06" startTime="2024-01-09T15:43:33.6228784+01:00" endTime="2024-01-09T15:43:33.6228784+01:00" testType="13cdc9d9-ddb5-4fa4-a97d-d965ccfc6d4b" outcome="NotExecuted" testListId="8c84fa94-04c1-424b-9868-57a2d4851a1d" relativeResultsDirectory="284106fa-d86d-48a4-8fb4-3a18f03dba04" />
    <UnitTestResult executionId="6b56cc31-f9c0-4e32-96c4-98523075c096" testId="655be6cc-2a18-e479-8770-98f84f696487" testName="GetConnectionString_LegacySourceDoesNotContainConnectionString_ReturnsStringEmpty" computerName="DKSR-EFI-06" duration="00:00:00.0015164" startTime="2024-01-09T15:43:34.6853774+01:00" endTime="2024-01-09T15:43:34.6853774+01:00" testType="13cdc9d9-ddb5-4fa4-a97d-d965ccfc6d4b" outcome="Passed" testListId="8c84fa94-04c1-424b-9868-57a2d4851a1d" relativeResultsDirectory="6b56cc31-f9c0-4e32-96c4-98523075c096" />
    <UnitTestResult executionId="4b80a7a3-a5fa-4c85-87d9-b8750cbdc83d" testId="0b976719-e7a3-4340-176a-38d107f07d6e" testName="RemoveShortcut_ShouldSucceed_WhenShortcutExist" computerName="DKSR-EFI-06" duration="00:00:00.0224052" startTime="2024-01-09T15:43:34.1228803+01:00" endTime="2024-01-09T15:43:34.1385018+01:00" testType="13cdc9d9-ddb5-4fa4-a97d-d965ccfc6d4b" outcome="Passed" testListId="8c84fa94-04c1-424b-9868-57a2d4851a1d" relativeResultsDirectory="4b80a7a3-a5fa-4c85-87d9-b8750cbdc83d" />
    <UnitTestResult executionId="68da9e25-0daa-4095-b0bd-670555608dba" testId="c85024df-c549-cb80-21d1-11127ddf9b4c" testName="LabelTextWouldNotBeAdaptedToFontSizeLessThanOne_EvenIfTheTextIsStillNotBeAdaptedToTheLabel" computerName="DKSR-EFI-06" duration="00:00:00.0093674" startTime="2024-01-09T15:43:33.3103775+01:00" endTime="2024-01-09T15:43:33.3103775+01:00" testType="13cdc9d9-ddb5-4fa4-a97d-d965ccfc6d4b" outcome="Passed" testListId="8c84fa94-04c1-424b-9868-57a2d4851a1d" relativeResultsDirectory="68da9e25-0daa-4095-b0bd-670555608dba" />
    <UnitTestResult executionId="b00c77d6-f193-4615-9b9f-999c9961e1cc" testId="3b7e5a55-e129-60f5-e3bc-9ea30a041631" testName="Given_ResourceDotXmlIsNotPresent_When_CreatingGlobalData_Then_NoExceptionAndNoPopupMessages" computerName="DKSR-EFI-06" duration="00:00:00.0224534" startTime="2024-01-09T15:43:35.9041320+01:00" endTime="2024-01-09T15:43:35.9510072+01:00" testType="13cdc9d9-ddb5-4fa4-a97d-d965ccfc6d4b" outcome="Passed" testListId="8c84fa94-04c1-424b-9868-57a2d4851a1d" relativeResultsDirectory="b00c77d6-f193-4615-9b9f-999c9961e1cc" />
    <UnitTestResult executionId="5f020199-0ec1-4daa-803f-26fe9d3f0526" testId="d4e106e3-a65d-03e2-9b15-883beb802866" testName="RemoveShortcut_ShouldNotFail_WhenTheShortcutDoesNotExist" computerName="DKSR-EFI-06" duration="00:00:00.0004761" startTime="2024-01-09T15:43:34.1228803+01:00" endTime="2024-01-09T15:43:34.1228803+01:00" testType="13cdc9d9-ddb5-4fa4-a97d-d965ccfc6d4b" outcome="Passed" testListId="8c84fa94-04c1-424b-9868-57a2d4851a1d" relativeResultsDirectory="5f020199-0ec1-4daa-803f-26fe9d3f0526" />
    <UnitTestResult executionId="ab2a9c79-c600-490e-bebc-b08ecbc147a5" testId="3ae896e8-9ad8-1004-a5b2-cfb94451d03a" testName="Common_Utilities_IsValidPath_Success" computerName="DKSR-EFI-06" duration="00:00:00.0324109" startTime="2024-01-09T15:43:34.6853774+01:00" endTime="2024-01-09T15:43:34.7166275+01:00" testType="13cdc9d9-ddb5-4fa4-a97d-d965ccfc6d4b" outcome="Passed" testListId="8c84fa94-04c1-424b-9868-57a2d4851a1d" relativeResultsDirectory="ab2a9c79-c600-490e-bebc-b08ecbc147a5" />
    <UnitTestResult executionId="c9f961d4-d752-40fe-80ea-75fd9685f21c" testId="8ff84a4e-e7f5-2298-bb89-08db094df410" testName="Common_Utilities_Encrypt_DecryptPassword_Success" computerName="DKSR-EFI-06" duration="00:00:00.0120608" startTime="2024-01-09T15:43:35.7635068+01:00" endTime="2024-01-09T15:43:35.7791328+01:00" testType="13cdc9d9-ddb5-4fa4-a97d-d965ccfc6d4b" outcome="Passed" testListId="8c84fa94-04c1-424b-9868-57a2d4851a1d" relativeResultsDirectory="c9f961d4-d752-40fe-80ea-75fd9685f21c" />
    <UnitTestResult executionId="4a094b58-fe63-4a2c-a2f5-5feda3c6ddce" testId="222ff217-0d67-a4ee-0eff-f4124f582b14" testName="Given_AManagementServer_21R2_When_GettingUrisOnRestApiWithNoSecureAddressesDefined_Then_TheResponsIsInterpretedCorrect" computerName="DKSR-EFI-06" duration="00:00:00.0003987" startTime="2024-01-09T15:43:33.6228784+01:00" endTime="2024-01-09T15:43:33.6228784+01:00" testType="13cdc9d9-ddb5-4fa4-a97d-d965ccfc6d4b" outcome="Passed" testListId="8c84fa94-04c1-424b-9868-57a2d4851a1d" relativeResultsDirectory="4a094b58-fe63-4a2c-a2f5-5feda3c6ddce" />
    <UnitTestResult executionId="0ef04668-ef90-44fb-850b-e7bfef4a5423" testId="4fa2bcda-08a5-2679-2230-4bccd0a24486" testName="Common_Utilities_IsValidPath_Failed" computerName="DKSR-EFI-06" duration="00:00:00.0004915" startTime="2024-01-09T15:43:34.7322537+01:00" endTime="2024-01-09T15:43:34.7322537+01:00" testType="13cdc9d9-ddb5-4fa4-a97d-d965ccfc6d4b" outcome="Passed" testListId="8c84fa94-04c1-424b-9868-57a2d4851a1d" relativeResultsDirectory="0ef04668-ef90-44fb-850b-e7bfef4a5423" />
    <UnitTestResult executionId="5837af2a-fe82-4eaf-b45f-95dd235e2928" testId="2a5417f7-5869-01df-207f-5cc176b69bbe" testName="Given_NoUrisResponseFromManagementServerButLegacyConnectionSucceeeds_When_TryGetManagementServerInfo_Then_AddressesAreCreatedUsingBestGuess" computerName="DKSR-EFI-06" startTime="2024-01-09T15:43:33.6228784+01:00" endTime="2024-01-09T15:43:33.6228784+01:00" testType="13cdc9d9-ddb5-4fa4-a97d-d965ccfc6d4b" outcome="NotExecuted" testListId="8c84fa94-04c1-424b-9868-57a2d4851a1d" relativeResultsDirectory="5837af2a-fe82-4eaf-b45f-95dd235e2928" />
  </Results>
  <TestDefinitions>
    <UnitTest name="GetConnectionString_LegacySourceDoesNotContainConnectionString_ReturnsStringEmpty" storage="d:\actions-runner\_work\xpco\xpco\installerframework\videoos.installer.common.unittests\bin\debug\videoos.installer.common.unittests.dll" id="655be6cc-2a18-e479-8770-98f84f696487">
      <Execution id="6b56cc31-f9c0-4e32-96c4-98523075c096" />
      <TestMethod codeBase="D:\actions-runner\_work\XPCO\XPCO\InstallerFramework\VideoOS.Installer.Common.UnitTests\bin\Debug\VideoOS.Installer.Common.UnitTests.dll" adapterTypeName="executor://mstestadapter/v1" className="VideoOS.Installer.Common.UnitTest.InstallerConnectionStringHelperTests" name="GetConnectionString_LegacySourceDoesNotContainConnectionString_ReturnsStringEmpty" />
    </UnitTest>
    <UnitTest name="Given_AManagementServer_21R2_When_GettingUrisOnRestApiWithEmptySecureAddressesDefined_Then_TheResponsIsInterpretedCorrect" storage="d:\actions-runner\_work\xpco\xpco\installerframework\videoos.installer.common.unittests\bin\debug\videoos.installer.common.unittests.dll" id="50e09f55-58da-0baf-ccda-db85712c7113">
      <Execution id="599c5c3a-cc17-455c-9f9e-6e86dbb191ff" />
      <TestMethod codeBase="D:\actions-runner\_work\XPCO\XPCO\InstallerFramework\VideoOS.Installer.Common.UnitTests\bin\Debug\VideoOS.Installer.Common.UnitTests.dll" adapterTypeName="executor://mstestadapter/v1" className="VideoOS.Installer.Common.UnitTests.MsRestApiTests" name="Given_AManagementServer_21R2_When_GettingUrisOnRestApiWithEmptySecureAddressesDefined_Then_TheResponsIsInterpretedCorrect" />
    </UnitTest>
    <UnitTest name="CreateShortcut_ShouldSucceed_WhenArgumentsAndExecutableWasSet" storage="d:\actions-runner\_work\xpco\xpco\installerframework\videoos.installer.common.unittests\bin\debug\videoos.installer.common.unittests.dll" id="d84c8062-08c1-c98d-1d66-2446c062cf52">
      <Execution id="9aa6007d-bf15-4c56-a001-1e3f1f22965a" />
      <TestMethod codeBase="D:\actions-runner\_work\XPCO\XPCO\InstallerFramework\VideoOS.Installer.Common.UnitTests\bin\Debug\VideoOS.Installer.Common.UnitTests.dll" adapterTypeName="executor://mstestadapter/v1" className="VideoOS.Installer.Common.UnitTests.ShortcutManagerUnitTests" name="CreateShortcut_ShouldSucceed_WhenArgumentsAndExecutableWasSet" />
    </UnitTest>
    <UnitTest name="TestMilestoneAndPinkResourceXmlStructure_AreSame_Success" storage="d:\actions-runner\_work\xpco\xpco\installerframework\videoos.installer.common.unittests\bin\debug\videoos.installer.common.unittests.dll" id="74b59e74-e86e-0c9c-4c32-ebd45cbcee43">
      <Execution id="fe769a0d-3f8c-4da4-b262-f5541e1d711b" />
      <TestMethod codeBase="D:\actions-runner\_work\XPCO\XPCO\InstallerFramework\VideoOS.Installer.Common.UnitTests\bin\Debug\VideoOS.Installer.Common.UnitTests.dll" adapterTypeName="executor://mstestadapter/v1" className="VideoOS.Installer.Common.UnitTest.ResourceXmlTest" name="TestMilestoneAndPinkResourceXmlStructure_AreSame_Success" />
    </UnitTest>
    <UnitTest name="RemoveShortcut_ShouldNotFail_WhenTheShortcutDoesNotExist" storage="d:\actions-runner\_work\xpco\xpco\installerframework\videoos.installer.common.unittests\bin\debug\videoos.installer.common.unittests.dll" id="d4e106e3-a65d-03e2-9b15-883beb802866">
      <Execution id="5f020199-0ec1-4daa-803f-26fe9d3f0526" />
      <TestMethod codeBase="D:\actions-runner\_work\XPCO\XPCO\InstallerFramework\VideoOS.Installer.Common.UnitTests\bin\Debug\VideoOS.Installer.Common.UnitTests.dll" adapterTypeName="executor://mstestadapter/v1" className="VideoOS.Installer.Common.UnitTests.ShortcutManagerUnitTests" name="RemoveShortcut_ShouldNotFail_WhenTheShortcutDoesNotExist" />
    </UnitTest>
    <UnitTest name="Common_Utilities_IsValidPath_Success" storage="d:\actions-runner\_work\xpco\xpco\installerframework\videoos.installer.common.unittests\bin\debug\videoos.installer.common.unittests.dll" id="3ae896e8-9ad8-1004-a5b2-cfb94451d03a">
      <Execution id="ab2a9c79-c600-490e-bebc-b08ecbc147a5" />
      <TestMethod codeBase="D:\actions-runner\_work\XPCO\XPCO\InstallerFramework\VideoOS.Installer.Common.UnitTests\bin\Debug\VideoOS.Installer.Common.UnitTests.dll" adapterTypeName="executor://mstestadapter/v1" className="VideoOS.Installer.Common.UnitTest.CommonUtilitiesUnitTest" name="Common_Utilities_IsValidPath_Success" />
    </UnitTest>
    <UnitTest name="Given_NoUrisResponseFromManagementServerButLegacyConnectionSucceeeds_When_TryGetManagementServerInfo_Then_AddressesAreCreatedUsingBestGuess" storage="d:\actions-runner\_work\xpco\xpco\installerframework\videoos.installer.common.unittests\bin\debug\videoos.installer.common.unittests.dll" id="2a5417f7-5869-01df-207f-5cc176b69bbe">
      <Execution id="5837af2a-fe82-4eaf-b45f-95dd235e2928" />
      <TestMethod codeBase="D:\actions-runner\_work\XPCO\XPCO\InstallerFramework\VideoOS.Installer.Common.UnitTests\bin\Debug\VideoOS.Installer.Common.UnitTests.dll" adapterTypeName="executor://mstestadapter/v1" className="VideoOS.Installer.Common.UnitTests.ServerHelperUnitTests" name="Given_NoUrisResponseFromManagementServerButLegacyConnectionSucceeeds_When_TryGetManagementServerInfo_Then_AddressesAreCreatedUsingBestGuess" />
    </UnitTest>
    <UnitTest name="Common_Utilities_HostValidateAddress_Failed" storage="d:\actions-runner\_work\xpco\xpco\installerframework\videoos.installer.common.unittests\bin\debug\videoos.installer.common.unittests.dll" id="44cbd0df-8237-ecab-0558-fa99a16bbc3d">
      <Execution id="60bed7f7-9051-4682-9017-0c781958b454" />
      <TestMethod codeBase="D:\actions-runner\_work\XPCO\XPCO\InstallerFramework\VideoOS.Installer.Common.UnitTests\bin\Debug\VideoOS.Installer.Common.UnitTests.dll" adapterTypeName="executor://mstestadapter/v1" className="VideoOS.Installer.Common.UnitTest.CommonUtilitiesUnitTest" name="Common_Utilities_HostValidateAddress_Failed" />
    </UnitTest>
    <UnitTest name="Given_ResourceDotXmlIsNotPresent_When_CreatingGlobalData_Then_NoExceptionAndNoPopupMessages" storage="d:\actions-runner\_work\xpco\xpco\installerframework\videoos.installer.common.unittests\bin\debug\videoos.installer.common.unittests.dll" id="3b7e5a55-e129-60f5-e3bc-9ea30a041631">
      <Execution id="b00c77d6-f193-4615-9b9f-999c9961e1cc" />
      <TestMethod codeBase="D:\actions-runner\_work\XPCO\XPCO\InstallerFramework\VideoOS.Installer.Common.UnitTests\bin\Debug\VideoOS.Installer.Common.UnitTests.dll" adapterTypeName="executor://mstestadapter/v1" className="VideoOS.Installer.Common.UnitTest.CommonUtilitiesUnitTest" name="Given_ResourceDotXmlIsNotPresent_When_CreatingGlobalData_Then_NoExceptionAndNoPopupMessages" />
    </UnitTest>
    <UnitTest name="Given_AManagementServer_21R2_When_GettingUrisOnRestApiWithAllAddressesDefined_Then_TheResponsIsInterpretedCorrect" storage="d:\actions-runner\_work\xpco\xpco\installerframework\videoos.installer.common.unittests\bin\debug\videoos.installer.common.unittests.dll" id="501dc25e-41fc-6597-b26e-b5d6f43423a4">
      <Execution id="84f60bc8-fc49-490f-b87d-7cd339483aa4" />
      <TestMethod codeBase="D:\actions-runner\_work\XPCO\XPCO\InstallerFramework\VideoOS.Installer.Common.UnitTests\bin\Debug\VideoOS.Installer.Common.UnitTests.dll" adapterTypeName="executor://mstestadapter/v1" className="VideoOS.Installer.Common.UnitTests.MsRestApiTests" name="Given_AManagementServer_21R2_When_GettingUrisOnRestApiWithAllAddressesDefined_Then_TheResponsIsInterpretedCorrect" />
    </UnitTest>
    <UnitTest name="Given_NoUrisResponseFromManagementServerAndLegacyConnectionFails_When_TryGetManagementServerInfo_Then_FalsIsReturned" storage="d:\actions-runner\_work\xpco\xpco\installerframework\videoos.installer.common.unittests\bin\debug\videoos.installer.common.unittests.dll" id="b5bbfaa3-2b04-4f08-a596-7a186cb1fe66">
      <Execution id="639de043-68a0-42f2-91ff-c3d4a2be816a" />
      <TestMethod codeBase="D:\actions-runner\_work\XPCO\XPCO\InstallerFramework\VideoOS.Installer.Common.UnitTests\bin\Debug\VideoOS.Installer.Common.UnitTests.dll" adapterTypeName="executor://mstestadapter/v1" className="VideoOS.Installer.Common.UnitTests.ServerHelperUnitTests" name="Given_NoUrisResponseFromManagementServerAndLegacyConnectionFails_When_TryGetManagementServerInfo_Then_FalsIsReturned" />
    </UnitTest>
    <UnitTest name="TestMilestoneResource_CanReadValues_Success" storage="d:\actions-runner\_work\xpco\xpco\installerframework\videoos.installer.common.unittests\bin\debug\videoos.installer.common.unittests.dll" id="d9724258-8d66-9b89-0e02-e158ff8594a8">
      <Execution id="0e0657f7-22ed-4a19-9f9e-84c8c41e8ba6" />
      <TestMethod codeBase="D:\actions-runner\_work\XPCO\XPCO\InstallerFramework\VideoOS.Installer.Common.UnitTests\bin\Debug\VideoOS.Installer.Common.UnitTests.dll" adapterTypeName="executor://mstestadapter/v1" className="VideoOS.Installer.Common.UnitTest.ResourceXmlTest" name="TestMilestoneResource_CanReadValues_Success" />
    </UnitTest>
    <UnitTest name="Common_Utilities_IsValidSqlServerPath_Success" storage="d:\actions-runner\_work\xpco\xpco\installerframework\videoos.installer.common.unittests\bin\debug\videoos.installer.common.unittests.dll" id="a4958ff6-262d-aa0e-5962-d01d31443a77">
      <Execution id="9c0f965d-0bd9-4444-a051-ea2e3ade842d" />
      <TestMethod codeBase="D:\actions-runner\_work\XPCO\XPCO\InstallerFramework\VideoOS.Installer.Common.UnitTests\bin\Debug\VideoOS.Installer.Common.UnitTests.dll" adapterTypeName="executor://mstestadapter/v1" className="VideoOS.Installer.Common.UnitTest.CommonUtilitiesUnitTest" name="Common_Utilities_IsValidSqlServerPath_Success" />
    </UnitTest>
    <UnitTest name="Given_AUrisResponseFromManagementServer_When_TryGetManagementServerInfo_Then_ItIsHandlesAndInterpretedCorrect" storage="d:\actions-runner\_work\xpco\xpco\installerframework\videoos.installer.common.unittests\bin\debug\videoos.installer.common.unittests.dll" id="eb33940c-e0e2-81df-bd18-25c55f5f50fc">
      <Execution id="284106fa-d86d-48a4-8fb4-3a18f03dba04" />
      <TestMethod codeBase="D:\actions-runner\_work\XPCO\XPCO\InstallerFramework\VideoOS.Installer.Common.UnitTests\bin\Debug\VideoOS.Installer.Common.UnitTests.dll" adapterTypeName="executor://mstestadapter/v1" className="VideoOS.Installer.Common.UnitTests.ServerHelperUnitTests" name="Given_AUrisResponseFromManagementServer_When_TryGetManagementServerInfo_Then_ItIsHandlesAndInterpretedCorrect" />
    </UnitTest>
    <UnitTest name="Common_Utilities_IsValidPath_Failed" storage="d:\actions-runner\_work\xpco\xpco\installerframework\videoos.installer.common.unittests\bin\debug\videoos.installer.common.unittests.dll" id="4fa2bcda-08a5-2679-2230-4bccd0a24486">
      <Execution id="0ef04668-ef90-44fb-850b-e7bfef4a5423" />
      <TestMethod codeBase="D:\actions-runner\_work\XPCO\XPCO\InstallerFramework\VideoOS.Installer.Common.UnitTests\bin\Debug\VideoOS.Installer.Common.UnitTests.dll" adapterTypeName="executor://mstestadapter/v1" className="VideoOS.Installer.Common.UnitTest.CommonUtilitiesUnitTest" name="Common_Utilities_IsValidPath_Failed" />
    </UnitTest>
    <UnitTest name="Common_Utilities_IsValidSqlServerPath_Failed" storage="d:\actions-runner\_work\xpco\xpco\installerframework\videoos.installer.common.unittests\bin\debug\videoos.installer.common.unittests.dll" id="fd9e4766-f90e-c049-0ec7-40feaf6b8574">
      <Execution id="cbc53163-3efa-4dcf-82ff-38c10db67cd7" />
      <TestMethod codeBase="D:\actions-runner\_work\XPCO\XPCO\InstallerFramework\VideoOS.Installer.Common.UnitTests\bin\Debug\VideoOS.Installer.Common.UnitTests.dll" adapterTypeName="executor://mstestadapter/v1" className="VideoOS.Installer.Common.UnitTest.CommonUtilitiesUnitTest" name="Common_Utilities_IsValidSqlServerPath_Failed" />
    </UnitTest>
    <UnitTest name="LabelTextWouldNotBeAdapted_WhenTheRealPixelsOfTheTextIsNotBiggerThanTheSizeOfLabel" storage="d:\actions-runner\_work\xpco\xpco\installerframework\videoos.installer.common.unittests\bin\debug\videoos.installer.common.unittests.dll" id="23768360-ac81-dfed-c11f-f97786b4ccf6">
      <Execution id="2ea1d172-ba27-4162-b43a-4ad4bd1347cd" />
      <TestMethod codeBase="D:\actions-runner\_work\XPCO\XPCO\InstallerFramework\VideoOS.Installer.Common.UnitTests\bin\Debug\VideoOS.Installer.Common.UnitTests.dll" adapterTypeName="executor://mstestadapter/v1" className="VideoOS.Installer.Common.UnitTests.LabelTextAdaptorUnitTest" name="LabelTextWouldNotBeAdapted_WhenTheRealPixelsOfTheTextIsNotBiggerThanTheSizeOfLabel" />
    </UnitTest>
    <UnitTest name="GetConnectionString_LegacySourceContainsConnectionString_ReturnsConnectionString" storage="d:\actions-runner\_work\xpco\xpco\installerframework\videoos.installer.common.unittests\bin\debug\videoos.installer.common.unittests.dll" id="58325279-5ed1-6dd1-1cd7-8397b11b9f38">
      <Execution id="7f6ce7fe-59bc-4735-b498-969305f4adf1" />
      <TestMethod codeBase="D:\actions-runner\_work\XPCO\XPCO\InstallerFramework\VideoOS.Installer.Common.UnitTests\bin\Debug\VideoOS.Installer.Common.UnitTests.dll" adapterTypeName="executor://mstestadapter/v1" className="VideoOS.Installer.Common.UnitTest.InstallerConnectionStringHelperTests" name="GetConnectionString_LegacySourceContainsConnectionString_ReturnsConnectionString" />
    </UnitTest>
    <UnitTest name="RemoveShortcut_ShouldSucceed_WhenShortcutExist" storage="d:\actions-runner\_work\xpco\xpco\installerframework\videoos.installer.common.unittests\bin\debug\videoos.installer.common.unittests.dll" id="0b976719-e7a3-4340-176a-38d107f07d6e">
      <Execution id="4b80a7a3-a5fa-4c85-87d9-b8750cbdc83d" />
      <TestMethod codeBase="D:\actions-runner\_work\XPCO\XPCO\InstallerFramework\VideoOS.Installer.Common.UnitTests\bin\Debug\VideoOS.Installer.Common.UnitTests.dll" adapterTypeName="executor://mstestadapter/v1" className="VideoOS.Installer.Common.UnitTests.ShortcutManagerUnitTests" name="RemoveShortcut_ShouldSucceed_WhenShortcutExist" />
    </UnitTest>
    <UnitTest name="Common_Utilities_Encrypt_DecryptPassword_Success" storage="d:\actions-runner\_work\xpco\xpco\installerframework\videoos.installer.common.unittests\bin\debug\videoos.installer.common.unittests.dll" id="8ff84a4e-e7f5-2298-bb89-08db094df410">
      <Execution id="c9f961d4-d752-40fe-80ea-75fd9685f21c" />
      <TestMethod codeBase="D:\actions-runner\_work\XPCO\XPCO\InstallerFramework\VideoOS.Installer.Common.UnitTests\bin\Debug\VideoOS.Installer.Common.UnitTests.dll" adapterTypeName="executor://mstestadapter/v1" className="VideoOS.Installer.Common.UnitTest.CommonUtilitiesUnitTest" name="Common_Utilities_Encrypt_DecryptPassword_Success" />
    </UnitTest>
    <UnitTest name="Common_Utilities_Encrypt_DecryptPassword_Unicode_Success" storage="d:\actions-runner\_work\xpco\xpco\installerframework\videoos.installer.common.unittests\bin\debug\videoos.installer.common.unittests.dll" id="740a0a1b-02e9-7a79-f213-7e447c8f19d0">
      <Execution id="3e72d49e-b5c1-4980-b9b3-6a751fb6bab8" />
      <TestMethod codeBase="D:\actions-runner\_work\XPCO\XPCO\InstallerFramework\VideoOS.Installer.Common.UnitTests\bin\Debug\VideoOS.Installer.Common.UnitTests.dll" adapterTypeName="executor://mstestadapter/v1" className="VideoOS.Installer.Common.UnitTest.CommonUtilitiesUnitTest" name="Common_Utilities_Encrypt_DecryptPassword_Unicode_Success" />
    </UnitTest>
    <UnitTest name="Given_AManagementServer_21R2_When_GettingUrisOnRestApiWithNoSecureAddressesDefined_Then_TheResponsIsInterpretedCorrect" storage="d:\actions-runner\_work\xpco\xpco\installerframework\videoos.installer.common.unittests\bin\debug\videoos.installer.common.unittests.dll" id="222ff217-0d67-a4ee-0eff-f4124f582b14">
      <Execution id="4a094b58-fe63-4a2c-a2f5-5feda3c6ddce" />
      <TestMethod codeBase="D:\actions-runner\_work\XPCO\XPCO\InstallerFramework\VideoOS.Installer.Common.UnitTests\bin\Debug\VideoOS.Installer.Common.UnitTests.dll" adapterTypeName="executor://mstestadapter/v1" className="VideoOS.Installer.Common.UnitTests.MsRestApiTests" name="Given_AManagementServer_21R2_When_GettingUrisOnRestApiWithNoSecureAddressesDefined_Then_TheResponsIsInterpretedCorrect" />
    </UnitTest>
    <UnitTest name="LabelTextShouldBeAdapted_WhenTheRealPixelsOfTheTextIsBiggerThanTheSizeOfLabel" storage="d:\actions-runner\_work\xpco\xpco\installerframework\videoos.installer.common.unittests\bin\debug\videoos.installer.common.unittests.dll" id="1c6dbef2-43f6-8f8e-ad82-736cd2391b86">
      <Execution id="9783ae46-aaab-4c63-8882-0cc55a05873e" />
      <TestMethod codeBase="D:\actions-runner\_work\XPCO\XPCO\InstallerFramework\VideoOS.Installer.Common.UnitTests\bin\Debug\VideoOS.Installer.Common.UnitTests.dll" adapterTypeName="executor://mstestadapter/v1" className="VideoOS.Installer.Common.UnitTests.LabelTextAdaptorUnitTest" name="LabelTextShouldBeAdapted_WhenTheRealPixelsOfTheTextIsBiggerThanTheSizeOfLabel" />
    </UnitTest>
    <UnitTest name="LabelTextWouldNotBeAdaptedToFontSizeLessThanOne_EvenIfTheTextIsStillNotBeAdaptedToTheLabel" storage="d:\actions-runner\_work\xpco\xpco\installerframework\videoos.installer.common.unittests\bin\debug\videoos.installer.common.unittests.dll" id="c85024df-c549-cb80-21d1-11127ddf9b4c">
      <Execution id="68da9e25-0daa-4095-b0bd-670555608dba" />
      <TestMethod codeBase="D:\actions-runner\_work\XPCO\XPCO\InstallerFramework\VideoOS.Installer.Common.UnitTests\bin\Debug\VideoOS.Installer.Common.UnitTests.dll" adapterTypeName="executor://mstestadapter/v1" className="VideoOS.Installer.Common.UnitTests.LabelTextAdaptorUnitTest" name="LabelTextWouldNotBeAdaptedToFontSizeLessThanOne_EvenIfTheTextIsStillNotBeAdaptedToTheLabel" />
    </UnitTest>
    <UnitTest name="Common_Utilities_HostValidateAddress_Success" storage="d:\actions-runner\_work\xpco\xpco\installerframework\videoos.installer.common.unittests\bin\debug\videoos.installer.common.unittests.dll" id="a62017c7-2ce8-c2af-d83c-8c4bebb5285c">
      <Execution id="cfa61c40-42a2-41d7-beb6-00160d172a22" />
      <TestMethod codeBase="D:\actions-runner\_work\XPCO\XPCO\InstallerFramework\VideoOS.Installer.Common.UnitTests\bin\Debug\VideoOS.Installer.Common.UnitTests.dll" adapterTypeName="executor://mstestadapter/v1" className="VideoOS.Installer.Common.UnitTest.CommonUtilitiesUnitTest" name="Common_Utilities_HostValidateAddress_Success" />
    </UnitTest>
  </TestDefinitions>
  <TestEntries>
    <TestEntry testId="501dc25e-41fc-6597-b26e-b5d6f43423a4" executionId="84f60bc8-fc49-490f-b87d-7cd339483aa4" testListId="8c84fa94-04c1-424b-9868-57a2d4851a1d" />
    <TestEntry testId="44cbd0df-8237-ecab-0558-fa99a16bbc3d" executionId="60bed7f7-9051-4682-9017-0c781958b454" testListId="8c84fa94-04c1-424b-9868-57a2d4851a1d" />
    <TestEntry testId="fd9e4766-f90e-c049-0ec7-40feaf6b8574" executionId="cbc53163-3efa-4dcf-82ff-38c10db67cd7" testListId="8c84fa94-04c1-424b-9868-57a2d4851a1d" />
    <TestEntry testId="d84c8062-08c1-c98d-1d66-2446c062cf52" executionId="9aa6007d-bf15-4c56-a001-1e3f1f22965a" testListId="8c84fa94-04c1-424b-9868-57a2d4851a1d" />
    <TestEntry testId="1c6dbef2-43f6-8f8e-ad82-736cd2391b86" executionId="9783ae46-aaab-4c63-8882-0cc55a05873e" testListId="8c84fa94-04c1-424b-9868-57a2d4851a1d" />
    <TestEntry testId="23768360-ac81-dfed-c11f-f97786b4ccf6" executionId="2ea1d172-ba27-4162-b43a-4ad4bd1347cd" testListId="8c84fa94-04c1-424b-9868-57a2d4851a1d" />
    <TestEntry testId="a4958ff6-262d-aa0e-5962-d01d31443a77" executionId="9c0f965d-0bd9-4444-a051-ea2e3ade842d" testListId="8c84fa94-04c1-424b-9868-57a2d4851a1d" />
    <TestEntry testId="50e09f55-58da-0baf-ccda-db85712c7113" executionId="599c5c3a-cc17-455c-9f9e-6e86dbb191ff" testListId="8c84fa94-04c1-424b-9868-57a2d4851a1d" />
    <TestEntry testId="58325279-5ed1-6dd1-1cd7-8397b11b9f38" executionId="7f6ce7fe-59bc-4735-b498-969305f4adf1" testListId="8c84fa94-04c1-424b-9868-57a2d4851a1d" />
    <TestEntry testId="d9724258-8d66-9b89-0e02-e158ff8594a8" executionId="0e0657f7-22ed-4a19-9f9e-84c8c41e8ba6" testListId="8c84fa94-04c1-424b-9868-57a2d4851a1d" />
    <TestEntry testId="74b59e74-e86e-0c9c-4c32-ebd45cbcee43" executionId="fe769a0d-3f8c-4da4-b262-f5541e1d711b" testListId="8c84fa94-04c1-424b-9868-57a2d4851a1d" />
    <TestEntry testId="740a0a1b-02e9-7a79-f213-7e447c8f19d0" executionId="3e72d49e-b5c1-4980-b9b3-6a751fb6bab8" testListId="8c84fa94-04c1-424b-9868-57a2d4851a1d" />
    <TestEntry testId="a62017c7-2ce8-c2af-d83c-8c4bebb5285c" executionId="cfa61c40-42a2-41d7-beb6-00160d172a22" testListId="8c84fa94-04c1-424b-9868-57a2d4851a1d" />
    <TestEntry testId="b5bbfaa3-2b04-4f08-a596-7a186cb1fe66" executionId="639de043-68a0-42f2-91ff-c3d4a2be816a" testListId="8c84fa94-04c1-424b-9868-57a2d4851a1d" />
    <TestEntry testId="eb33940c-e0e2-81df-bd18-25c55f5f50fc" executionId="284106fa-d86d-48a4-8fb4-3a18f03dba04" testListId="8c84fa94-04c1-424b-9868-57a2d4851a1d" />
    <TestEntry testId="655be6cc-2a18-e479-8770-98f84f696487" executionId="6b56cc31-f9c0-4e32-96c4-98523075c096" testListId="8c84fa94-04c1-424b-9868-57a2d4851a1d" />
    <TestEntry testId="0b976719-e7a3-4340-176a-38d107f07d6e" executionId="4b80a7a3-a5fa-4c85-87d9-b8750cbdc83d" testListId="8c84fa94-04c1-424b-9868-57a2d4851a1d" />
    <TestEntry testId="c85024df-c549-cb80-21d1-11127ddf9b4c" executionId="68da9e25-0daa-4095-b0bd-670555608dba" testListId="8c84fa94-04c1-424b-9868-57a2d4851a1d" />
    <TestEntry testId="3b7e5a55-e129-60f5-e3bc-9ea30a041631" executionId="b00c77d6-f193-4615-9b9f-999c9961e1cc" testListId="8c84fa94-04c1-424b-9868-57a2d4851a1d" />
    <TestEntry testId="d4e106e3-a65d-03e2-9b15-883beb802866" executionId="5f020199-0ec1-4daa-803f-26fe9d3f0526" testListId="8c84fa94-04c1-424b-9868-57a2d4851a1d" />
    <TestEntry testId="3ae896e8-9ad8-1004-a5b2-cfb94451d03a" executionId="ab2a9c79-c600-490e-bebc-b08ecbc147a5" testListId="8c84fa94-04c1-424b-9868-57a2d4851a1d" />
    <TestEntry testId="8ff84a4e-e7f5-2298-bb89-08db094df410" executionId="c9f961d4-d752-40fe-80ea-75fd9685f21c" testListId="8c84fa94-04c1-424b-9868-57a2d4851a1d" />
    <TestEntry testId="222ff217-0d67-a4ee-0eff-f4124f582b14" executionId="4a094b58-fe63-4a2c-a2f5-5feda3c6ddce" testListId="8c84fa94-04c1-424b-9868-57a2d4851a1d" />
    <TestEntry testId="4fa2bcda-08a5-2679-2230-4bccd0a24486" executionId="0ef04668-ef90-44fb-850b-e7bfef4a5423" testListId="8c84fa94-04c1-424b-9868-57a2d4851a1d" />
    <TestEntry testId="2a5417f7-5869-01df-207f-5cc176b69bbe" executionId="5837af2a-fe82-4eaf-b45f-95dd235e2928" testListId="8c84fa94-04c1-424b-9868-57a2d4851a1d" />
  </TestEntries>
  <TestLists>
    <TestList name="Results Not in a List" id="8c84fa94-04c1-424b-9868-57a2d4851a1d" />
    <TestList name="All Loaded Results" id="19431567-8539-422a-85d7-44ee4e166bda" />
  </TestLists>
  <ResultSummary outcome="Completed">
    <Counters total="25" executed="20" passed="20" failed="0" error="0" timeout="0" aborted="0" inconclusive="0" passedButRunAborted="0" notRunnable="0" notExecuted="0" disconnected="0" warning="0" completed="0" inProgress="0" pending="0" />
    <Output>
      <StdOut>Test 'Given_AUrisResponseFromManagementServer_When_TryGetManagementServerInfo_Then_ItIsHandlesAndInterpretedCorrect' was skipped in the test run.&#xD;
Test 'Given_NoUrisResponseFromManagementServerButLegacyConnectionSucceeeds_When_TryGetManagementServerInfo_Then_AddressesAreCreatedUsingBestGuess' was skipped in the test run.&#xD;
Test 'Given_NoUrisResponseFromManagementServerAndLegacyConnectionFails_When_TryGetManagementServerInfo_Then_FalsIsReturned' was skipped in the test run.&#xD;
Test 'TestMilestoneAndPinkResourceXmlStructure_AreSame_Success' was skipped in the test run.&#xD;
Test 'TestMilestoneResource_CanReadValues_Success' was skipped in the test run.&#xD;
</StdOut>
    </Output>
  </ResultSummary>
</TestRun>