<?xml version="1.0" encoding="utf-8"?>
<TestRun id="b8bb9657-7d5a-47d5-8853-053963829697" name="DKSR-EFI-06$@DKSR-EFI-06 2024-01-09 15:41:37" runUser="NT AUTHORITY\NETWORK SERVICE" xmlns="http://microsoft.com/schemas/VisualStudio/TeamTest/2010">
  <Times creation="2024-01-09T15:41:37.3101169+01:00" queuing="2024-01-09T15:41:37.3101169+01:00" start="2024-01-09T15:41:26.8569218+01:00" finish="2024-01-09T15:41:37.9819953+01:00" />
  <TestSettings name="default" id="d49639df-cc37-43d3-a1db-a2ca7ee08c5f">
    <Deployment runDeploymentRoot="DKSR-EFI-06$_DKSR-EFI-06_2024-01-09_15_41_37" />
  </TestSettings>
  <Results>
    <UnitTestResult executionId="2ffddcc4-56f1-4e69-a2ab-a71d98e68b12" testId="5846d6bd-85ba-b673-9874-678411844b38" testName="Uninstall_Install_ShouldNotFail" computerName="DKSR-EFI-06" duration="00:00:00.0001780" startTime="2024-01-09T15:41:37.3414052+01:00" endTime="2024-01-09T15:41:37.3414052+01:00" testType="13cdc9d9-ddb5-4fa4-a97d-d965ccfc6d4b" outcome="Passed" testListId="8c84fa94-04c1-424b-9868-57a2d4851a1d" relativeResultsDirectory="2ffddcc4-56f1-4e69-a2ab-a71d98e68b12" />
    <UnitTestResult executionId="8cb6baee-7c0a-4b63-97ed-0c785eee747f" testId="039c8c29-a380-e302-046d-3b6482cf80d5" testName="Install_Initialize_ShouldNotFail" computerName="DKSR-EFI-06" duration="00:00:00.0002941" startTime="2024-01-09T15:41:36.5444890+01:00" endTime="2024-01-09T15:41:36.5444890+01:00" testType="13cdc9d9-ddb5-4fa4-a97d-d965ccfc6d4b" outcome="Passed" testListId="8c84fa94-04c1-424b-9868-57a2d4851a1d" relativeResultsDirectory="8cb6baee-7c0a-4b63-97ed-0c785eee747f" />
    <UnitTestResult executionId="1e5018f3-0357-48cf-87c8-992da91f78e7" testId="c5e0801a-1fa0-6bf6-8787-2a58111706f8" testName="CheckPrerequisite_ShouldReturnFalse" computerName="DKSR-EFI-06" duration="00:00:00.0010671" startTime="2024-01-09T15:41:37.3414052+01:00" endTime="2024-01-09T15:41:37.3414052+01:00" testType="13cdc9d9-ddb5-4fa4-a97d-d965ccfc6d4b" outcome="Passed" testListId="8c84fa94-04c1-424b-9868-57a2d4851a1d" relativeResultsDirectory="1e5018f3-0357-48cf-87c8-992da91f78e7" />
    <UnitTestResult executionId="9534c5af-91db-4cc4-b08a-3c16f004bf87" testId="03c01eec-05e5-6583-eb3a-dccf482ca852" testName="Uninstall_ShouldNotFail" computerName="DKSR-EFI-06" duration="00:00:00.0006394" startTime="2024-01-09T15:41:37.3569945+01:00" endTime="2024-01-09T15:41:37.3569945+01:00" testType="13cdc9d9-ddb5-4fa4-a97d-d965ccfc6d4b" outcome="Passed" testListId="8c84fa94-04c1-424b-9868-57a2d4851a1d" relativeResultsDirectory="9534c5af-91db-4cc4-b08a-3c16f004bf87" />
    <UnitTestResult executionId="781bf34a-3153-4ea8-a229-3fa2f51a56bc" testId="2415a702-0a9f-4baf-ddd0-a3eb17d0d51e" testName="Uninstall_Finalize_ShouldNotFail" computerName="DKSR-EFI-06" duration="00:00:00.0001920" startTime="2024-01-09T15:41:37.3414052+01:00" endTime="2024-01-09T15:41:37.3414052+01:00" testType="13cdc9d9-ddb5-4fa4-a97d-d965ccfc6d4b" outcome="Passed" testListId="8c84fa94-04c1-424b-9868-57a2d4851a1d" relativeResultsDirectory="781bf34a-3153-4ea8-a229-3fa2f51a56bc" />
    <UnitTestResult executionId="e05fdf06-6a3e-4b89-b146-ec0871f3a9c6" testId="bf1f6102-385f-c904-d5a7-fd5e8a8b9715" testName="Install_Uninstall_ShouldNotFail" computerName="DKSR-EFI-06" duration="00:00:00.0002093" startTime="2024-01-09T15:41:37.3414052+01:00" endTime="2024-01-09T15:41:37.3414052+01:00" testType="13cdc9d9-ddb5-4fa4-a97d-d965ccfc6d4b" outcome="Passed" testListId="8c84fa94-04c1-424b-9868-57a2d4851a1d" relativeResultsDirectory="e05fdf06-6a3e-4b89-b146-ec0871f3a9c6" />
    <UnitTestResult executionId="144687fa-a5bf-40d2-b089-ce9f505eed44" testId="61cba8d0-bc37-eb6f-2903-69f75596164c" testName="Install_RunInHardwareManufacturerMode_ShouldBeTrue" computerName="DKSR-EFI-06" duration="00:00:00.0003895" startTime="2024-01-09T15:41:36.5444890+01:00" endTime="2024-01-09T15:41:36.5444890+01:00" testType="13cdc9d9-ddb5-4fa4-a97d-d965ccfc6d4b" outcome="Passed" testListId="8c84fa94-04c1-424b-9868-57a2d4851a1d" relativeResultsDirectory="144687fa-a5bf-40d2-b089-ce9f505eed44" />
    <UnitTestResult executionId="f1c77bf5-eb24-44a3-a208-350108b741b2" testId="6ffdf755-5bdb-065a-b5ec-ec83c7807fd3" testName="TestForAssemblyCoverage" computerName="DKSR-EFI-06" duration="00:00:00.2126972" startTime="2024-01-09T15:41:35.8101104+01:00" endTime="2024-01-09T15:41:36.4663648+01:00" testType="13cdc9d9-ddb5-4fa4-a97d-d965ccfc6d4b" outcome="Passed" testListId="8c84fa94-04c1-424b-9868-57a2d4851a1d" relativeResultsDirectory="f1c77bf5-eb24-44a3-a208-350108b741b2" />
    <UnitTestResult executionId="83ad2728-dd46-4caf-8bcf-85b263c1d4df" testId="58b3d3cd-34b3-cf76-6a07-d67a6e1aade9" testName="Install_Finalize_ShouldNotFail" computerName="DKSR-EFI-06" duration="00:00:00.0003533" startTime="2024-01-09T15:41:36.5444890+01:00" endTime="2024-01-09T15:41:36.5444890+01:00" testType="13cdc9d9-ddb5-4fa4-a97d-d965ccfc6d4b" outcome="Passed" testListId="8c84fa94-04c1-424b-9868-57a2d4851a1d" relativeResultsDirectory="83ad2728-dd46-4caf-8bcf-85b263c1d4df" />
    <UnitTestResult executionId="2d11cb29-bdaa-4f80-917c-ca22182d72f7" testId="1aaf79eb-2f11-7854-24c9-26808eddaf4d" testName="Uninstall_Initialize_ShouldNotFail" computerName="DKSR-EFI-06" duration="00:00:00.0001813" startTime="2024-01-09T15:41:37.3414052+01:00" endTime="2024-01-09T15:41:37.3414052+01:00" testType="13cdc9d9-ddb5-4fa4-a97d-d965ccfc6d4b" outcome="Passed" testListId="8c84fa94-04c1-424b-9868-57a2d4851a1d" relativeResultsDirectory="2d11cb29-bdaa-4f80-917c-ca22182d72f7" />
    <UnitTestResult executionId="704e9512-4d47-4d9e-b3c7-1c1f9d46fd84" testId="ae0174b3-f3ea-d5bd-ce7d-5f39b199e52b" testName="Install_ShouldNotFail" computerName="DKSR-EFI-06" duration="00:00:00.7762331" startTime="2024-01-09T15:41:36.5601130+01:00" endTime="2024-01-09T15:41:37.3257437+01:00" testType="13cdc9d9-ddb5-4fa4-a97d-d965ccfc6d4b" outcome="Passed" testListId="8c84fa94-04c1-424b-9868-57a2d4851a1d" relativeResultsDirectory="704e9512-4d47-4d9e-b3c7-1c1f9d46fd84" />
    <UnitTestResult executionId="85d11fd4-0941-4ffe-8307-45b782abfc2b" testId="43c15dbb-5d65-82bc-e2e5-f104fb34ae19" testName="Install_RunInFinalizeMode_ShouldBeFalse" computerName="DKSR-EFI-06" duration="00:00:00.0157688" startTime="2024-01-09T15:41:36.5132397+01:00" endTime="2024-01-09T15:41:36.5444890+01:00" testType="13cdc9d9-ddb5-4fa4-a97d-d965ccfc6d4b" outcome="Passed" testListId="8c84fa94-04c1-424b-9868-57a2d4851a1d" relativeResultsDirectory="85d11fd4-0941-4ffe-8307-45b782abfc2b" />
  </Results>
  <TestDefinitions>
    <UnitTest name="Install_Uninstall_ShouldNotFail" storage="d:\actions-runner\_work\xpco\xpco\corporate\mainproductinstaller\src\productinstallerplugins\videoos.installer.safekitadapter.unittests\bin\debug\videoos.installer.safekitadapter.unittests.dll" id="bf1f6102-385f-c904-d5a7-fd5e8a8b9715">
      <Execution id="e05fdf06-6a3e-4b89-b146-ec0871f3a9c6" />
      <TestMethod codeBase="D:\actions-runner\_work\XPCO\XPCO\Corporate\MainProductInstaller\src\ProductInstallerPlugins\VideoOS.Installer.SafeKitAdapter.UnitTests\bin\Debug\VideoOS.Installer.SafeKitAdapter.UnitTests.dll" adapterTypeName="executor://mstestadapter/v2" className="VideoOS.Installer.SafeKitAdapter.UnitTests.SafeKitAdapterTaskTests" name="Install_Uninstall_ShouldNotFail" />
    </UnitTest>
    <UnitTest name="Uninstall_Initialize_ShouldNotFail" storage="d:\actions-runner\_work\xpco\xpco\corporate\mainproductinstaller\src\productinstallerplugins\videoos.installer.safekitadapter.unittests\bin\debug\videoos.installer.safekitadapter.unittests.dll" id="1aaf79eb-2f11-7854-24c9-26808eddaf4d">
      <Execution id="2d11cb29-bdaa-4f80-917c-ca22182d72f7" />
      <TestMethod codeBase="D:\actions-runner\_work\XPCO\XPCO\Corporate\MainProductInstaller\src\ProductInstallerPlugins\VideoOS.Installer.SafeKitAdapter.UnitTests\bin\Debug\VideoOS.Installer.SafeKitAdapter.UnitTests.dll" adapterTypeName="executor://mstestadapter/v2" className="VideoOS.Installer.SafeKitAdapter.UnitTests.SafeKitAdapterTaskTests" name="Uninstall_Initialize_ShouldNotFail" />
    </UnitTest>
    <UnitTest name="TestForAssemblyCoverage" storage="d:\actions-runner\_work\xpco\xpco\corporate\mainproductinstaller\src\productinstallerplugins\videoos.installer.safekitadapter.unittests\bin\debug\videoos.installer.safekitadapter.unittests.dll" id="6ffdf755-5bdb-065a-b5ec-ec83c7807fd3">
      <Execution id="f1c77bf5-eb24-44a3-a208-350108b741b2" />
      <TestMethod codeBase="D:\actions-runner\_work\XPCO\XPCO\Corporate\MainProductInstaller\src\ProductInstallerPlugins\VideoOS.Installer.SafeKitAdapter.UnitTests\bin\Debug\VideoOS.Installer.SafeKitAdapter.UnitTests.dll" adapterTypeName="executor://mstestadapter/v2" className="VideoOS.Installer.SafeKitAdapter.UnitTests.SafeKitAdapterTaskTests" name="TestForAssemblyCoverage" />
    </UnitTest>
    <UnitTest name="CheckPrerequisite_ShouldReturnFalse" storage="d:\actions-runner\_work\xpco\xpco\corporate\mainproductinstaller\src\productinstallerplugins\videoos.installer.safekitadapter.unittests\bin\debug\videoos.installer.safekitadapter.unittests.dll" id="c5e0801a-1fa0-6bf6-8787-2a58111706f8">
      <Execution id="1e5018f3-0357-48cf-87c8-992da91f78e7" />
      <TestMethod codeBase="D:\actions-runner\_work\XPCO\XPCO\Corporate\MainProductInstaller\src\ProductInstallerPlugins\VideoOS.Installer.SafeKitAdapter.UnitTests\bin\Debug\VideoOS.Installer.SafeKitAdapter.UnitTests.dll" adapterTypeName="executor://mstestadapter/v2" className="VideoOS.Installer.SafeKitAdapter.UnitTests.SafeKitAdapterTaskTests" name="CheckPrerequisite_ShouldReturnFalse" />
    </UnitTest>
    <UnitTest name="Install_RunInHardwareManufacturerMode_ShouldBeTrue" storage="d:\actions-runner\_work\xpco\xpco\corporate\mainproductinstaller\src\productinstallerplugins\videoos.installer.safekitadapter.unittests\bin\debug\videoos.installer.safekitadapter.unittests.dll" id="61cba8d0-bc37-eb6f-2903-69f75596164c">
      <Execution id="144687fa-a5bf-40d2-b089-ce9f505eed44" />
      <TestMethod codeBase="D:\actions-runner\_work\XPCO\XPCO\Corporate\MainProductInstaller\src\ProductInstallerPlugins\VideoOS.Installer.SafeKitAdapter.UnitTests\bin\Debug\VideoOS.Installer.SafeKitAdapter.UnitTests.dll" adapterTypeName="executor://mstestadapter/v2" className="VideoOS.Installer.SafeKitAdapter.UnitTests.SafeKitAdapterTaskTests" name="Install_RunInHardwareManufacturerMode_ShouldBeTrue" />
    </UnitTest>
    <UnitTest name="Uninstall_Finalize_ShouldNotFail" storage="d:\actions-runner\_work\xpco\xpco\corporate\mainproductinstaller\src\productinstallerplugins\videoos.installer.safekitadapter.unittests\bin\debug\videoos.installer.safekitadapter.unittests.dll" id="2415a702-0a9f-4baf-ddd0-a3eb17d0d51e">
      <Execution id="781bf34a-3153-4ea8-a229-3fa2f51a56bc" />
      <TestMethod codeBase="D:\actions-runner\_work\XPCO\XPCO\Corporate\MainProductInstaller\src\ProductInstallerPlugins\VideoOS.Installer.SafeKitAdapter.UnitTests\bin\Debug\VideoOS.Installer.SafeKitAdapter.UnitTests.dll" adapterTypeName="executor://mstestadapter/v2" className="VideoOS.Installer.SafeKitAdapter.UnitTests.SafeKitAdapterTaskTests" name="Uninstall_Finalize_ShouldNotFail" />
    </UnitTest>
    <UnitTest name="Install_RunInFinalizeMode_ShouldBeFalse" storage="d:\actions-runner\_work\xpco\xpco\corporate\mainproductinstaller\src\productinstallerplugins\videoos.installer.safekitadapter.unittests\bin\debug\videoos.installer.safekitadapter.unittests.dll" id="43c15dbb-5d65-82bc-e2e5-f104fb34ae19">
      <Execution id="85d11fd4-0941-4ffe-8307-45b782abfc2b" />
      <TestMethod codeBase="D:\actions-runner\_work\XPCO\XPCO\Corporate\MainProductInstaller\src\ProductInstallerPlugins\VideoOS.Installer.SafeKitAdapter.UnitTests\bin\Debug\VideoOS.Installer.SafeKitAdapter.UnitTests.dll" adapterTypeName="executor://mstestadapter/v2" className="VideoOS.Installer.SafeKitAdapter.UnitTests.SafeKitAdapterTaskTests" name="Install_RunInFinalizeMode_ShouldBeFalse" />
    </UnitTest>
    <UnitTest name="Uninstall_ShouldNotFail" storage="d:\actions-runner\_work\xpco\xpco\corporate\mainproductinstaller\src\productinstallerplugins\videoos.installer.safekitadapter.unittests\bin\debug\videoos.installer.safekitadapter.unittests.dll" id="03c01eec-05e5-6583-eb3a-dccf482ca852">
      <Execution id="9534c5af-91db-4cc4-b08a-3c16f004bf87" />
      <TestMethod codeBase="D:\actions-runner\_work\XPCO\XPCO\Corporate\MainProductInstaller\src\ProductInstallerPlugins\VideoOS.Installer.SafeKitAdapter.UnitTests\bin\Debug\VideoOS.Installer.SafeKitAdapter.UnitTests.dll" adapterTypeName="executor://mstestadapter/v2" className="VideoOS.Installer.SafeKitAdapter.UnitTests.SafeKitAdapterTaskTests" name="Uninstall_ShouldNotFail" />
    </UnitTest>
    <UnitTest name="Install_Initialize_ShouldNotFail" storage="d:\actions-runner\_work\xpco\xpco\corporate\mainproductinstaller\src\productinstallerplugins\videoos.installer.safekitadapter.unittests\bin\debug\videoos.installer.safekitadapter.unittests.dll" id="039c8c29-a380-e302-046d-3b6482cf80d5">
      <Execution id="8cb6baee-7c0a-4b63-97ed-0c785eee747f" />
      <TestMethod codeBase="D:\actions-runner\_work\XPCO\XPCO\Corporate\MainProductInstaller\src\ProductInstallerPlugins\VideoOS.Installer.SafeKitAdapter.UnitTests\bin\Debug\VideoOS.Installer.SafeKitAdapter.UnitTests.dll" adapterTypeName="executor://mstestadapter/v2" className="VideoOS.Installer.SafeKitAdapter.UnitTests.SafeKitAdapterTaskTests" name="Install_Initialize_ShouldNotFail" />
    </UnitTest>
    <UnitTest name="Install_Finalize_ShouldNotFail" storage="d:\actions-runner\_work\xpco\xpco\corporate\mainproductinstaller\src\productinstallerplugins\videoos.installer.safekitadapter.unittests\bin\debug\videoos.installer.safekitadapter.unittests.dll" id="58b3d3cd-34b3-cf76-6a07-d67a6e1aade9">
      <Execution id="83ad2728-dd46-4caf-8bcf-85b263c1d4df" />
      <TestMethod codeBase="D:\actions-runner\_work\XPCO\XPCO\Corporate\MainProductInstaller\src\ProductInstallerPlugins\VideoOS.Installer.SafeKitAdapter.UnitTests\bin\Debug\VideoOS.Installer.SafeKitAdapter.UnitTests.dll" adapterTypeName="executor://mstestadapter/v2" className="VideoOS.Installer.SafeKitAdapter.UnitTests.SafeKitAdapterTaskTests" name="Install_Finalize_ShouldNotFail" />
    </UnitTest>
    <UnitTest name="Uninstall_Install_ShouldNotFail" storage="d:\actions-runner\_work\xpco\xpco\corporate\mainproductinstaller\src\productinstallerplugins\videoos.installer.safekitadapter.unittests\bin\debug\videoos.installer.safekitadapter.unittests.dll" id="5846d6bd-85ba-b673-9874-678411844b38">
      <Execution id="2ffddcc4-56f1-4e69-a2ab-a71d98e68b12" />
      <TestMethod codeBase="D:\actions-runner\_work\XPCO\XPCO\Corporate\MainProductInstaller\src\ProductInstallerPlugins\VideoOS.Installer.SafeKitAdapter.UnitTests\bin\Debug\VideoOS.Installer.SafeKitAdapter.UnitTests.dll" adapterTypeName="executor://mstestadapter/v2" className="VideoOS.Installer.SafeKitAdapter.UnitTests.SafeKitAdapterTaskTests" name="Uninstall_Install_ShouldNotFail" />
    </UnitTest>
    <UnitTest name="Install_ShouldNotFail" storage="d:\actions-runner\_work\xpco\xpco\corporate\mainproductinstaller\src\productinstallerplugins\videoos.installer.safekitadapter.unittests\bin\debug\videoos.installer.safekitadapter.unittests.dll" id="ae0174b3-f3ea-d5bd-ce7d-5f39b199e52b">
      <Execution id="704e9512-4d47-4d9e-b3c7-1c1f9d46fd84" />
      <TestMethod codeBase="D:\actions-runner\_work\XPCO\XPCO\Corporate\MainProductInstaller\src\ProductInstallerPlugins\VideoOS.Installer.SafeKitAdapter.UnitTests\bin\Debug\VideoOS.Installer.SafeKitAdapter.UnitTests.dll" adapterTypeName="executor://mstestadapter/v2" className="VideoOS.Installer.SafeKitAdapter.UnitTests.SafeKitAdapterTaskTests" name="Install_ShouldNotFail" />
    </UnitTest>
  </TestDefinitions>
  <TestEntries>
    <TestEntry testId="5846d6bd-85ba-b673-9874-678411844b38" executionId="2ffddcc4-56f1-4e69-a2ab-a71d98e68b12" testListId="8c84fa94-04c1-424b-9868-57a2d4851a1d" />
    <TestEntry testId="039c8c29-a380-e302-046d-3b6482cf80d5" executionId="8cb6baee-7c0a-4b63-97ed-0c785eee747f" testListId="8c84fa94-04c1-424b-9868-57a2d4851a1d" />
    <TestEntry testId="c5e0801a-1fa0-6bf6-8787-2a58111706f8" executionId="1e5018f3-0357-48cf-87c8-992da91f78e7" testListId="8c84fa94-04c1-424b-9868-57a2d4851a1d" />
    <TestEntry testId="03c01eec-05e5-6583-eb3a-dccf482ca852" executionId="9534c5af-91db-4cc4-b08a-3c16f004bf87" testListId="8c84fa94-04c1-424b-9868-57a2d4851a1d" />
    <TestEntry testId="2415a702-0a9f-4baf-ddd0-a3eb17d0d51e" executionId="781bf34a-3153-4ea8-a229-3fa2f51a56bc" testListId="8c84fa94-04c1-424b-9868-57a2d4851a1d" />
    <TestEntry testId="bf1f6102-385f-c904-d5a7-fd5e8a8b9715" executionId="e05fdf06-6a3e-4b89-b146-ec0871f3a9c6" testListId="8c84fa94-04c1-424b-9868-57a2d4851a1d" />
    <TestEntry testId="61cba8d0-bc37-eb6f-2903-69f75596164c" executionId="144687fa-a5bf-40d2-b089-ce9f505eed44" testListId="8c84fa94-04c1-424b-9868-57a2d4851a1d" />
    <TestEntry testId="6ffdf755-5bdb-065a-b5ec-ec83c7807fd3" executionId="f1c77bf5-eb24-44a3-a208-350108b741b2" testListId="8c84fa94-04c1-424b-9868-57a2d4851a1d" />
    <TestEntry testId="58b3d3cd-34b3-cf76-6a07-d67a6e1aade9" executionId="83ad2728-dd46-4caf-8bcf-85b263c1d4df" testListId="8c84fa94-04c1-424b-9868-57a2d4851a1d" />
    <TestEntry testId="1aaf79eb-2f11-7854-24c9-26808eddaf4d" executionId="2d11cb29-bdaa-4f80-917c-ca22182d72f7" testListId="8c84fa94-04c1-424b-9868-57a2d4851a1d" />
    <TestEntry testId="ae0174b3-f3ea-d5bd-ce7d-5f39b199e52b" executionId="704e9512-4d47-4d9e-b3c7-1c1f9d46fd84" testListId="8c84fa94-04c1-424b-9868-57a2d4851a1d" />
    <TestEntry testId="43c15dbb-5d65-82bc-e2e5-f104fb34ae19" executionId="85d11fd4-0941-4ffe-8307-45b782abfc2b" testListId="8c84fa94-04c1-424b-9868-57a2d4851a1d" />
  </TestEntries>
  <TestLists>
    <TestList name="Results Not in a List" id="8c84fa94-04c1-424b-9868-57a2d4851a1d" />
    <TestList name="All Loaded Results" id="19431567-8539-422a-85d7-44ee4e166bda" />
  </TestLists>
  <ResultSummary outcome="Completed">
    <Counters total="12" executed="12" passed="12" failed="0" error="0" timeout="0" aborted="0" inconclusive="0" passedButRunAborted="0" notRunnable="0" notExecuted="0" disconnected="0" warning="0" completed="0" inProgress="0" pending="0" />
  </ResultSummary>
</TestRun>