<?xml version="1.0" encoding="utf-8"?>
<TestRun id="a5bf0b46-0c78-4a0e-b897-87a3f10fb2cb" name="DKSR-EFI-06$@DKSR-EFI-06 2024-01-09 15:43:48" runUser="NT AUTHORITY\NETWORK SERVICE" xmlns="http://microsoft.com/schemas/VisualStudio/TeamTest/2010">
  <Times creation="2024-01-09T15:43:48.4979325+01:00" queuing="2024-01-09T15:43:48.4979325+01:00" start="2024-01-09T15:43:41.3885392+01:00" finish="2024-01-09T15:43:52.8260742+01:00" />
  <TestSettings name="default" id="2dca4782-5607-47b5-8eb8-2687eab1b997">
    <Deployment runDeploymentRoot="DKSR-EFI-06$_DKSR-EFI-06_2024-01-09_15_43_48" />
  </TestSettings>
  <Results>
    <UnitTestResult executionId="7aae2430-8604-4e3c-a059-6fea4436caf5" testId="8d01e33d-7c0a-637b-36ca-20cf3854ef6b" testName="Given_SilentModeNoPasswordIsProvidedUserHasChosenToOverwriteDatabase_When_BeforeLeavePage_Then_NoPasswordProtectionIsAccepted" computerName="DKSR-EFI-06" duration="00:00:00.0045186" startTime="2024-01-09T15:43:48.5604357+01:00" endTime="2024-01-09T15:43:48.5604357+01:00" testType="13cdc9d9-ddb5-4fa4-a97d-d965ccfc6d4b" outcome="Passed" testListId="8c84fa94-04c1-424b-9868-57a2d4851a1d" relativeResultsDirectory="7aae2430-8604-4e3c-a059-6fea4436caf5" />
    <UnitTestResult executionId="e35014e8-808a-4e60-aa38-02d5d96eec28" testId="d6e4c353-08b2-a1ab-75b6-3867fecf9387" testName="Given_KeyIsPresentInDataBaseAndPasswordFileExists_When_CreatingViewModel_Then_SystemPasswordModeIsSetTo_PasswordConsistent" computerName="DKSR-EFI-06" duration="00:00:00.0025572" startTime="2024-01-09T15:43:48.4041818+01:00" endTime="2024-01-09T15:43:48.4041818+01:00" testType="13cdc9d9-ddb5-4fa4-a97d-d965ccfc6d4b" outcome="Passed" testListId="8c84fa94-04c1-424b-9868-57a2d4851a1d" relativeResultsDirectory="e35014e8-808a-4e60-aa38-02d5d96eec28" />
    <UnitTestResult executionId="210d6f68-d9cd-4999-89cd-744c0b1e7946" testId="8723c955-5cc3-6c50-8e32-1ef925d0a199" testName="Given_UIModeWithSystemPasswordModeEnterExistingPassword_When_BeforeLeavePage_Then_EverythingIsIgnoredAndItReturnsTrue" computerName="DKSR-EFI-06" duration="00:00:00.0027257" startTime="2024-01-09T15:43:48.5916839+01:00" endTime="2024-01-09T15:43:48.5916839+01:00" testType="13cdc9d9-ddb5-4fa4-a97d-d965ccfc6d4b" outcome="Passed" testListId="8c84fa94-04c1-424b-9868-57a2d4851a1d" relativeResultsDirectory="210d6f68-d9cd-4999-89cd-744c0b1e7946" />
    <UnitTestResult executionId="0eb81aa0-3134-40b6-90f4-16119a3bdaac" testId="33e31147-df8f-69da-fdcb-5698ad7c2241" testName="Given_NoKeyIsPresentInDataBaseButPasswordFileExists_When_CreatingViewModel_Then_SystemPasswordModeIsSetTo_CreateNewPassWord_AndPageIsShown" computerName="DKSR-EFI-06" duration="00:00:00.0033400" startTime="2024-01-09T15:43:48.3885592+01:00" endTime="2024-01-09T15:43:48.3885592+01:00" testType="13cdc9d9-ddb5-4fa4-a97d-d965ccfc6d4b" outcome="Passed" testListId="8c84fa94-04c1-424b-9868-57a2d4851a1d" relativeResultsDirectory="0eb81aa0-3134-40b6-90f4-16119a3bdaac" />
    <UnitTestResult executionId="a5f795d4-d3d6-4f50-91dd-ae56c68fe1be" testId="a5e996e9-0605-288f-46b9-5b61386b23ee" testName="Given_SilentModeWithSystemPasswordModeEnterExistingPasswordDataBaseIsPasswordProtectedAndNoPasswordIsProvided_When_BeforeLeavePage_Then_UnauthorizedExceptionIsThrown" computerName="DKSR-EFI-06" duration="00:00:00.0270348" startTime="2024-01-09T15:43:48.4979325+01:00" endTime="2024-01-09T15:43:48.5291833+01:00" testType="13cdc9d9-ddb5-4fa4-a97d-d965ccfc6d4b" outcome="Passed" testListId="8c84fa94-04c1-424b-9868-57a2d4851a1d" relativeResultsDirectory="a5f795d4-d3d6-4f50-91dd-ae56c68fe1be" />
    <UnitTestResult executionId="cfbf3670-33d0-4bfa-9bb9-54f9f775e5a1" testId="49c5bd85-8519-04ae-1904-d9fdd60b0b35" testName="Given_KeyIsPresentInDataBaseAndPasswordFileExistsWithWrongPassword_When_CreatingViewModel_Then_SystemPasswordModeIsSetTo_EnterExistingPassWord" computerName="DKSR-EFI-06" duration="00:00:00.0024067" startTime="2024-01-09T15:43:48.4041818+01:00" endTime="2024-01-09T15:43:48.4198079+01:00" testType="13cdc9d9-ddb5-4fa4-a97d-d965ccfc6d4b" outcome="Passed" testListId="8c84fa94-04c1-424b-9868-57a2d4851a1d" relativeResultsDirectory="cfbf3670-33d0-4bfa-9bb9-54f9f775e5a1" />
    <UnitTestResult executionId="bd6bcf64-c955-4765-aa50-3b4522ad72fe" testId="307d93fb-648d-2eb6-7944-351bf9914db4" testName="Given_SilentModeWithSystemPasswordModeCreateNewPasswordAndNoPassword_When_BeforeLeavePage_Then_NoPasswordProtectionIsAccepted" computerName="DKSR-EFI-06" duration="00:00:00.0071970" startTime="2024-01-09T15:43:48.4666829+01:00" endTime="2024-01-09T15:43:48.4666829+01:00" testType="13cdc9d9-ddb5-4fa4-a97d-d965ccfc6d4b" outcome="Passed" testListId="8c84fa94-04c1-424b-9868-57a2d4851a1d" relativeResultsDirectory="bd6bcf64-c955-4765-aa50-3b4522ad72fe" />
    <UnitTestResult executionId="ab1f7a01-ce06-4f90-8c57-4b6a7927e873" testId="2354c2e8-db8c-b4ec-331c-571a8a8238d3" testName="Given_KeyIsPresentInDataBaseAndPasswordFileExistsWithCorrectPasswordButUserHasChosenToOverwriteDatabase_When_CreatingViewModel_Then_SystemPasswordModeIsSetTo_CreateNewPassWord" computerName="DKSR-EFI-06" duration="00:00:00.0056260" startTime="2024-01-09T15:43:48.4198079+01:00" endTime="2024-01-09T15:43:48.4198079+01:00" testType="13cdc9d9-ddb5-4fa4-a97d-d965ccfc6d4b" outcome="Passed" testListId="8c84fa94-04c1-424b-9868-57a2d4851a1d" relativeResultsDirectory="ab1f7a01-ce06-4f90-8c57-4b6a7927e873" />
    <UnitTestResult executionId="0c049114-fae0-402e-ba69-c6fb7f183514" testId="d814234b-bfa9-c03e-cc8b-1cbec8f0a171" testName="Given_SilentModeWithSystemPasswordModeEnterExistingPasswordAndAValidPasswordIsProvided_When_BeforeLeavePage_Then_ItReturnsTrue" computerName="DKSR-EFI-06" duration="00:00:00.0053116" startTime="2024-01-09T15:43:48.4979325+01:00" endTime="2024-01-09T15:43:48.4979325+01:00" testType="13cdc9d9-ddb5-4fa4-a97d-d965ccfc6d4b" outcome="Passed" testListId="8c84fa94-04c1-424b-9868-57a2d4851a1d" relativeResultsDirectory="0c049114-fae0-402e-ba69-c6fb7f183514" />
    <UnitTestResult executionId="9d736bfb-ce8d-496e-b0f9-5da7821c1afe" testId="bdde6d30-b26e-c8b7-aa55-3540646d85c4" testName="Given_UIModeWithSystemPasswordModeCreateNewPassword_When_BeforeLeavePage_Then_EverythingIsIgnoredAndItReturnsTrue" computerName="DKSR-EFI-06" duration="00:00:00.0024938" startTime="2024-01-09T15:43:48.5760602+01:00" endTime="2024-01-09T15:43:48.5916839+01:00" testType="13cdc9d9-ddb5-4fa4-a97d-d965ccfc6d4b" outcome="Passed" testListId="8c84fa94-04c1-424b-9868-57a2d4851a1d" relativeResultsDirectory="9d736bfb-ce8d-496e-b0f9-5da7821c1afe" />
    <UnitTestResult executionId="63a6f01f-1f86-48af-8dcf-ad2874c47941" testId="c6c49899-6e4d-b39f-cbc1-fb712a774de9" testName="Given_SilentModePasswordIsProvidedUserHasChosenToCreateANewDataBase_When_BeforeLeavePage_Then_ItReturnsTrue" computerName="DKSR-EFI-06" duration="00:00:00.0056621" startTime="2024-01-09T15:43:48.5604357+01:00" endTime="2024-01-09T15:43:48.5760602+01:00" testType="13cdc9d9-ddb5-4fa4-a97d-d965ccfc6d4b" outcome="Passed" testListId="8c84fa94-04c1-424b-9868-57a2d4851a1d" relativeResultsDirectory="63a6f01f-1f86-48af-8dcf-ad2874c47941" />
    <UnitTestResult executionId="9951e673-ee49-40ed-8d78-44780fb9f4a2" testId="dfe69632-5d5c-fd7b-f8a7-369c576ca91d" testName="Given_SilentModeWithSystemPasswordModeEnterExistingPasswordAndAnInvalidPasswordIsProvided_When_BeforeLeavePage_Then_UnauthorizedExceptionIsThrown" computerName="DKSR-EFI-06" duration="00:00:00.0043682" startTime="2024-01-09T15:43:48.5448106+01:00" endTime="2024-01-09T15:43:48.5448106+01:00" testType="13cdc9d9-ddb5-4fa4-a97d-d965ccfc6d4b" outcome="Passed" testListId="8c84fa94-04c1-424b-9868-57a2d4851a1d" relativeResultsDirectory="9951e673-ee49-40ed-8d78-44780fb9f4a2" />
    <UnitTestResult executionId="973c7a20-e740-457d-a2a5-ea1ab9bbbda6" testId="6669fcbe-778f-ed69-c7a2-8a2c2d2c6ba0" testName="Given_SilentModeWithSystemPasswordModeEnterExistingPasswordDataBaseNotPasswordProtectedAndAnEmptyPasswordIsProvided_When_BeforeLeavePage_Then_NoPasswordProtectionIsAccepted" computerName="DKSR-EFI-06" duration="00:00:00.0023953" startTime="2024-01-09T15:43:48.5291833+01:00" endTime="2024-01-09T15:43:48.5291833+01:00" testType="13cdc9d9-ddb5-4fa4-a97d-d965ccfc6d4b" outcome="Passed" testListId="8c84fa94-04c1-424b-9868-57a2d4851a1d" relativeResultsDirectory="973c7a20-e740-457d-a2a5-ea1ab9bbbda6" />
    <UnitTestResult executionId="bc519442-719a-493c-91bf-7ef13e1e42f7" testId="7a22382b-1e69-ef75-ad17-5209aa7cb881" testName="Given_ViewModelCreatedDoNotUsePasswordTrue_When_SettingPassword_Then_ThePasswordStillEmpty" computerName="DKSR-EFI-06" duration="00:00:00.0004650" startTime="2024-01-09T15:43:48.6073105+01:00" endTime="2024-01-09T15:43:48.6073105+01:00" testType="13cdc9d9-ddb5-4fa4-a97d-d965ccfc6d4b" outcome="Passed" testListId="8c84fa94-04c1-424b-9868-57a2d4851a1d" relativeResultsDirectory="bc519442-719a-493c-91bf-7ef13e1e42f7" />
    <UnitTestResult executionId="daf5e6aa-0dac-48c7-b440-78b5483e8c08" testId="5335b4ef-ccaa-ccda-a10d-fe1968a43f7c" testName="Given_SilentModeWithSystemPasswordModeCreateNewPasswordAndAWeakPasswordIsProvided_When_BeforeLeavePage_Then_UnauthorizedExceptionIsThrown" computerName="DKSR-EFI-06" duration="00:00:00.0063332" startTime="2024-01-09T15:43:48.4823096+01:00" endTime="2024-01-09T15:43:48.4823096+01:00" testType="13cdc9d9-ddb5-4fa4-a97d-d965ccfc6d4b" outcome="Passed" testListId="8c84fa94-04c1-424b-9868-57a2d4851a1d" relativeResultsDirectory="daf5e6aa-0dac-48c7-b440-78b5483e8c08" />
    <UnitTestResult executionId="e4590269-9236-40c6-a9d3-3ff47ea7ae8c" testId="8a253178-fcd4-5624-52ae-0ee9bbbd2ca2" testName="Given_SilentModePasswordIsProvidedUserHasChosenToOverwriteDatabase_When_BeforeLeavePage_Then_ItReturnsTrue" computerName="DKSR-EFI-06" duration="00:00:00.0055098" startTime="2024-01-09T15:43:48.5448106+01:00" endTime="2024-01-09T15:43:48.5604357+01:00" testType="13cdc9d9-ddb5-4fa4-a97d-d965ccfc6d4b" outcome="Passed" testListId="8c84fa94-04c1-424b-9868-57a2d4851a1d" relativeResultsDirectory="e4590269-9236-40c6-a9d3-3ff47ea7ae8c" />
    <UnitTestResult executionId="43cb9614-41c5-4fb4-8635-2415859f14bd" testId="384b6982-64b8-a4d1-ad1b-304621e06a96" testName="Given_KeyIsPresentInDataBaseButNoPasswordFileExists_When_CreatingViewModel_Then_SystemPasswordModeIsSetTo_EnterExistingPassWord" computerName="DKSR-EFI-06" duration="00:00:00.0024807" startTime="2024-01-09T15:43:48.4041818+01:00" endTime="2024-01-09T15:43:48.4041818+01:00" testType="13cdc9d9-ddb5-4fa4-a97d-d965ccfc6d4b" outcome="Passed" testListId="8c84fa94-04c1-424b-9868-57a2d4851a1d" relativeResultsDirectory="43cb9614-41c5-4fb4-8635-2415859f14bd" />
    <UnitTestResult executionId="bd986ca1-f231-415c-9c2b-5748f24db19d" testId="74a54032-be3b-061d-3de0-65bf2e59d945" testName="Given_SilentModeWithSystemPasswordModePasswordConsistentAndAnInvalidPasswordIsProvided_When_BeforeLeavePage_Then_ThePasswordIsIgnoredAndItReturnsTrue" computerName="DKSR-EFI-06" duration="00:00:00.0032739" startTime="2024-01-09T15:43:48.5448106+01:00" endTime="2024-01-09T15:43:48.5448106+01:00" testType="13cdc9d9-ddb5-4fa4-a97d-d965ccfc6d4b" outcome="Passed" testListId="8c84fa94-04c1-424b-9868-57a2d4851a1d" relativeResultsDirectory="bd986ca1-f231-415c-9c2b-5748f24db19d" />
    <UnitTestResult executionId="d8d12cb3-b226-46ac-b41c-173cab767669" testId="32261e6d-5bce-7f7c-85e3-2b9ec7cff99c" testName="Given_SilentModeWithSystemPasswordModeEnterExistingPasswordDataBaseNotPasswordProtectedAndNoPasswordIsProvided_When_BeforeLeavePage_Then_NoPasswordProtectionIsAccepted" computerName="DKSR-EFI-06" duration="00:00:00.0024521" startTime="2024-01-09T15:43:48.5291833+01:00" endTime="2024-01-09T15:43:48.5291833+01:00" testType="13cdc9d9-ddb5-4fa4-a97d-d965ccfc6d4b" outcome="Passed" testListId="8c84fa94-04c1-424b-9868-57a2d4851a1d" relativeResultsDirectory="d8d12cb3-b226-46ac-b41c-173cab767669" />
    <UnitTestResult executionId="5157302b-f3a4-4015-a393-71ea0d49eae6" testId="7db072b5-10ce-6ba1-7bd7-c81aba484012" testName="Given_SilentModeNoPasswordIsProvidedUserHasChosenToCreateNewDatabase_When_BeforeLeavePage_Then_NoPasswordProtectionIsAccepted" computerName="DKSR-EFI-06" duration="00:00:00.0048514" startTime="2024-01-09T15:43:48.5760602+01:00" endTime="2024-01-09T15:43:48.5760602+01:00" testType="13cdc9d9-ddb5-4fa4-a97d-d965ccfc6d4b" outcome="Passed" testListId="8c84fa94-04c1-424b-9868-57a2d4851a1d" relativeResultsDirectory="5157302b-f3a4-4015-a393-71ea0d49eae6" />
    <UnitTestResult executionId="046fe232-ebee-4a59-be45-d59547c906cc" testId="12baaac6-e5a8-c9cd-487d-b6713b8989b3" testName="Given_NoKeyIsPresentInDataBaseAndNoPasswordFileExists_When_SetParametersIsCalled_Then_SystemPasswordModeIsSetTo_CreateNewPassWord_AndPageIsShown" computerName="DKSR-EFI-06" duration="00:00:00.6106190" startTime="2024-01-09T15:43:47.4041810+01:00" endTime="2024-01-09T15:43:48.3416847+01:00" testType="13cdc9d9-ddb5-4fa4-a97d-d965ccfc6d4b" outcome="Passed" testListId="8c84fa94-04c1-424b-9868-57a2d4851a1d" relativeResultsDirectory="046fe232-ebee-4a59-be45-d59547c906cc" />
    <UnitTestResult executionId="409d8f40-5a60-4ec7-8541-85773b280417" testId="0f8999e4-5254-dac6-0fe0-85f4fe21078c" testName="Given_ViewModelCreatedPasswordsSet_When_SettingDoNotUsePassword_Then_PasswordsAreCleared" computerName="DKSR-EFI-06" duration="00:00:00.0004120" startTime="2024-01-09T15:43:48.6073105+01:00" endTime="2024-01-09T15:43:48.6073105+01:00" testType="13cdc9d9-ddb5-4fa4-a97d-d965ccfc6d4b" outcome="Passed" testListId="8c84fa94-04c1-424b-9868-57a2d4851a1d" relativeResultsDirectory="409d8f40-5a60-4ec7-8541-85773b280417" />
    <UnitTestResult executionId="c953368d-754a-4608-b3d5-d0461a5e772b" testId="066012b2-1f37-2aef-75ec-5fff78b3c4a3" testName="Given_ViewModelCreatedPasswordsSet_When_FlippingDoNotUsePasswordTrueAndThenFalse_Then_PasswordsDoNotReappear" computerName="DKSR-EFI-06" duration="00:00:00.0004106" startTime="2024-01-09T15:43:48.6073105+01:00" endTime="2024-01-09T15:43:48.6073105+01:00" testType="13cdc9d9-ddb5-4fa4-a97d-d965ccfc6d4b" outcome="Passed" testListId="8c84fa94-04c1-424b-9868-57a2d4851a1d" relativeResultsDirectory="c953368d-754a-4608-b3d5-d0461a5e772b" />
    <UnitTestResult executionId="73b8628e-cee7-48a7-acdc-38df71c1bcfd" testId="8e6e961e-c79c-aaad-965e-5da01fdaefe6" testName="Given_ViewModelCreatedDoNotUsePasswordFalse_When_SettingPassword_Then_ThePasswordCanBeReadBack" computerName="DKSR-EFI-06" duration="00:00:00.0024951" startTime="2024-01-09T15:43:48.5916839+01:00" endTime="2024-01-09T15:43:48.6073105+01:00" testType="13cdc9d9-ddb5-4fa4-a97d-d965ccfc6d4b" outcome="Passed" testListId="8c84fa94-04c1-424b-9868-57a2d4851a1d" relativeResultsDirectory="73b8628e-cee7-48a7-acdc-38df71c1bcfd" />
    <UnitTestResult executionId="c112551c-42a9-404a-853c-a9f84406cfd5" testId="358fb522-9422-7682-1b84-31dcec29c93b" testName="Given_ViewModelInCreateNewPasswordModeContainsValidPassword_When_BeforeContinue_ItReturnsTrue" computerName="DKSR-EFI-06" duration="00:00:02.8095814" startTime="2024-01-09T15:43:48.6073105+01:00" endTime="2024-01-09T15:43:51.4198144+01:00" testType="13cdc9d9-ddb5-4fa4-a97d-d965ccfc6d4b" outcome="Passed" testListId="8c84fa94-04c1-424b-9868-57a2d4851a1d" relativeResultsDirectory="c112551c-42a9-404a-853c-a9f84406cfd5" />
    <UnitTestResult executionId="c84eb06e-02f6-4e87-8ba7-b0350c19e689" testId="608d2485-dd70-5a3c-a123-fd21c1573a63" testName="Given_ViewModelInCreateNewPasswordModeDoNotUsePasswordContainsEmptyPasswords_When_BeforeContinue_EmptyPasswordIsAcceptedAndItReturnsTrue" computerName="DKSR-EFI-06" duration="00:00:00.0343458" startTime="2024-01-09T15:43:51.4666900+01:00" endTime="2024-01-09T15:43:51.5135649+01:00" testType="13cdc9d9-ddb5-4fa4-a97d-d965ccfc6d4b" outcome="Passed" testListId="8c84fa94-04c1-424b-9868-57a2d4851a1d" relativeResultsDirectory="c84eb06e-02f6-4e87-8ba7-b0350c19e689" />
    <UnitTestResult executionId="154d89dc-baa7-4021-87d4-ead8d8981e13" testId="769b322c-a1eb-5e2e-fb35-4b4a5708fb9e" testName="Given_KeyIsPresentInDataBaseAndPasswordFileExistsWithCorrectPasswordButUserHasChosenToCreateANewDataBase_When_CreatingViewModel_Then_SystemPasswordModeIsSetTo_CreateNewPassWord" computerName="DKSR-EFI-06" duration="00:00:00.0039174" startTime="2024-01-09T15:43:48.4354817+01:00" endTime="2024-01-09T15:43:48.4354817+01:00" testType="13cdc9d9-ddb5-4fa4-a97d-d965ccfc6d4b" outcome="Passed" testListId="8c84fa94-04c1-424b-9868-57a2d4851a1d" relativeResultsDirectory="154d89dc-baa7-4021-87d4-ead8d8981e13" />
    <UnitTestResult executionId="4fe1a33c-45c3-417e-a990-e62063fb2ffa" testId="8adec9e7-3b8e-0ca5-edf5-131b186119e0" testName="Given_ViewModelInCreateNewPasswordModeContainsEmptyPasswords_When_BeforeContinue_ItReturnsFalse" computerName="DKSR-EFI-06" duration="00:00:00.0408052" startTime="2024-01-09T15:43:51.4198144+01:00" endTime="2024-01-09T15:43:51.4666900+01:00" testType="13cdc9d9-ddb5-4fa4-a97d-d965ccfc6d4b" outcome="Passed" testListId="8c84fa94-04c1-424b-9868-57a2d4851a1d" relativeResultsDirectory="4fe1a33c-45c3-417e-a990-e62063fb2ffa" />
    <UnitTestResult executionId="cfa13beb-6c3d-45f1-b1b7-a2d5ca6a9492" testId="9d65d3f3-33e6-8f69-d44c-c70401672d0a" testName="Given_SilentModeWithSystemPasswordModeCreateNewPasswordAndAProperPasswordIsProvided_When_BeforeLeavePage_Then_ItReturnsTrue" computerName="DKSR-EFI-06" duration="00:00:00.0165284" startTime="2024-01-09T15:43:48.4354817+01:00" endTime="2024-01-09T15:43:48.4510581+01:00" testType="13cdc9d9-ddb5-4fa4-a97d-d965ccfc6d4b" outcome="Passed" testListId="8c84fa94-04c1-424b-9868-57a2d4851a1d" relativeResultsDirectory="cfa13beb-6c3d-45f1-b1b7-a2d5ca6a9492" />
  </Results>
  <TestDefinitions>
    <UnitTest name="Given_NoKeyIsPresentInDataBaseButPasswordFileExists_When_CreatingViewModel_Then_SystemPasswordModeIsSetTo_CreateNewPassWord_AndPageIsShown" storage="d:\actions-runner\_work\xpco\xpco\installerframework\videoos.installer.ui.unittests\bin\debug\videoos.installer.ui.unittests.dll" id="33e31147-df8f-69da-fdcb-5698ad7c2241">
      <Execution id="0eb81aa0-3134-40b6-90f4-16119a3bdaac" />
      <TestMethod codeBase="D:\actions-runner\_work\XPCO\XPCO\InstallerFramework\VideoOS.Installer.UI.UnitTests\bin\Debug\VideoOS.Installer.UI.UnitTests.dll" adapterTypeName="executor://mstestadapter/v2" className="VideoOS.Installer.UI.UnitTests.KeyManagementPasswordActionUnitTest" name="Given_NoKeyIsPresentInDataBaseButPasswordFileExists_When_CreatingViewModel_Then_SystemPasswordModeIsSetTo_CreateNewPassWord_AndPageIsShown" />
    </UnitTest>
    <UnitTest name="Given_KeyIsPresentInDataBaseButNoPasswordFileExists_When_CreatingViewModel_Then_SystemPasswordModeIsSetTo_EnterExistingPassWord" storage="d:\actions-runner\_work\xpco\xpco\installerframework\videoos.installer.ui.unittests\bin\debug\videoos.installer.ui.unittests.dll" id="384b6982-64b8-a4d1-ad1b-304621e06a96">
      <Execution id="43cb9614-41c5-4fb4-8635-2415859f14bd" />
      <TestMethod codeBase="D:\actions-runner\_work\XPCO\XPCO\InstallerFramework\VideoOS.Installer.UI.UnitTests\bin\Debug\VideoOS.Installer.UI.UnitTests.dll" adapterTypeName="executor://mstestadapter/v2" className="VideoOS.Installer.UI.UnitTests.KeyManagementPasswordActionUnitTest" name="Given_KeyIsPresentInDataBaseButNoPasswordFileExists_When_CreatingViewModel_Then_SystemPasswordModeIsSetTo_EnterExistingPassWord" />
    </UnitTest>
    <UnitTest name="Given_KeyIsPresentInDataBaseAndPasswordFileExistsWithCorrectPasswordButUserHasChosenToOverwriteDatabase_When_CreatingViewModel_Then_SystemPasswordModeIsSetTo_CreateNewPassWord" storage="d:\actions-runner\_work\xpco\xpco\installerframework\videoos.installer.ui.unittests\bin\debug\videoos.installer.ui.unittests.dll" id="2354c2e8-db8c-b4ec-331c-571a8a8238d3">
      <Execution id="ab1f7a01-ce06-4f90-8c57-4b6a7927e873" />
      <TestMethod codeBase="D:\actions-runner\_work\XPCO\XPCO\InstallerFramework\VideoOS.Installer.UI.UnitTests\bin\Debug\VideoOS.Installer.UI.UnitTests.dll" adapterTypeName="executor://mstestadapter/v2" className="VideoOS.Installer.UI.UnitTests.KeyManagementPasswordActionUnitTest" name="Given_KeyIsPresentInDataBaseAndPasswordFileExistsWithCorrectPasswordButUserHasChosenToOverwriteDatabase_When_CreatingViewModel_Then_SystemPasswordModeIsSetTo_CreateNewPassWord" />
    </UnitTest>
    <UnitTest name="Given_SilentModeNoPasswordIsProvidedUserHasChosenToCreateNewDatabase_When_BeforeLeavePage_Then_NoPasswordProtectionIsAccepted" storage="d:\actions-runner\_work\xpco\xpco\installerframework\videoos.installer.ui.unittests\bin\debug\videoos.installer.ui.unittests.dll" id="7db072b5-10ce-6ba1-7bd7-c81aba484012">
      <Execution id="5157302b-f3a4-4015-a393-71ea0d49eae6" />
      <TestMethod codeBase="D:\actions-runner\_work\XPCO\XPCO\InstallerFramework\VideoOS.Installer.UI.UnitTests\bin\Debug\VideoOS.Installer.UI.UnitTests.dll" adapterTypeName="executor://mstestadapter/v2" className="VideoOS.Installer.UI.UnitTests.KeyManagementPasswordActionUnitTest" name="Given_SilentModeNoPasswordIsProvidedUserHasChosenToCreateNewDatabase_When_BeforeLeavePage_Then_NoPasswordProtectionIsAccepted" />
    </UnitTest>
    <UnitTest name="Given_SilentModeWithSystemPasswordModeEnterExistingPasswordDataBaseNotPasswordProtectedAndNoPasswordIsProvided_When_BeforeLeavePage_Then_NoPasswordProtectionIsAccepted" storage="d:\actions-runner\_work\xpco\xpco\installerframework\videoos.installer.ui.unittests\bin\debug\videoos.installer.ui.unittests.dll" id="32261e6d-5bce-7f7c-85e3-2b9ec7cff99c">
      <Execution id="d8d12cb3-b226-46ac-b41c-173cab767669" />
      <TestMethod codeBase="D:\actions-runner\_work\XPCO\XPCO\InstallerFramework\VideoOS.Installer.UI.UnitTests\bin\Debug\VideoOS.Installer.UI.UnitTests.dll" adapterTypeName="executor://mstestadapter/v2" className="VideoOS.Installer.UI.UnitTests.KeyManagementPasswordActionUnitTest" name="Given_SilentModeWithSystemPasswordModeEnterExistingPasswordDataBaseNotPasswordProtectedAndNoPasswordIsProvided_When_BeforeLeavePage_Then_NoPasswordProtectionIsAccepted" />
    </UnitTest>
    <UnitTest name="Given_SilentModeWithSystemPasswordModeCreateNewPasswordAndAProperPasswordIsProvided_When_BeforeLeavePage_Then_ItReturnsTrue" storage="d:\actions-runner\_work\xpco\xpco\installerframework\videoos.installer.ui.unittests\bin\debug\videoos.installer.ui.unittests.dll" id="9d65d3f3-33e6-8f69-d44c-c70401672d0a">
      <Execution id="cfa13beb-6c3d-45f1-b1b7-a2d5ca6a9492" />
      <TestMethod codeBase="D:\actions-runner\_work\XPCO\XPCO\InstallerFramework\VideoOS.Installer.UI.UnitTests\bin\Debug\VideoOS.Installer.UI.UnitTests.dll" adapterTypeName="executor://mstestadapter/v2" className="VideoOS.Installer.UI.UnitTests.KeyManagementPasswordActionUnitTest" name="Given_SilentModeWithSystemPasswordModeCreateNewPasswordAndAProperPasswordIsProvided_When_BeforeLeavePage_Then_ItReturnsTrue" />
    </UnitTest>
    <UnitTest name="Given_ViewModelInCreateNewPasswordModeContainsEmptyPasswords_When_BeforeContinue_ItReturnsFalse" storage="d:\actions-runner\_work\xpco\xpco\installerframework\videoos.installer.ui.unittests\bin\debug\videoos.installer.ui.unittests.dll" id="8adec9e7-3b8e-0ca5-edf5-131b186119e0">
      <Execution id="4fe1a33c-45c3-417e-a990-e62063fb2ffa" />
      <TestMethod codeBase="D:\actions-runner\_work\XPCO\XPCO\InstallerFramework\VideoOS.Installer.UI.UnitTests\bin\Debug\VideoOS.Installer.UI.UnitTests.dll" adapterTypeName="executor://mstestadapter/v2" className="VideoOS.Installer.UI.UnitTests.KeyManagementPasswordWizardUnitTest" name="Given_ViewModelInCreateNewPasswordModeContainsEmptyPasswords_When_BeforeContinue_ItReturnsFalse" />
    </UnitTest>
    <UnitTest name="Given_NoKeyIsPresentInDataBaseAndNoPasswordFileExists_When_SetParametersIsCalled_Then_SystemPasswordModeIsSetTo_CreateNewPassWord_AndPageIsShown" storage="d:\actions-runner\_work\xpco\xpco\installerframework\videoos.installer.ui.unittests\bin\debug\videoos.installer.ui.unittests.dll" id="12baaac6-e5a8-c9cd-487d-b6713b8989b3">
      <Execution id="046fe232-ebee-4a59-be45-d59547c906cc" />
      <TestMethod codeBase="D:\actions-runner\_work\XPCO\XPCO\InstallerFramework\VideoOS.Installer.UI.UnitTests\bin\Debug\VideoOS.Installer.UI.UnitTests.dll" adapterTypeName="executor://mstestadapter/v2" className="VideoOS.Installer.UI.UnitTests.KeyManagementPasswordActionUnitTest" name="Given_NoKeyIsPresentInDataBaseAndNoPasswordFileExists_When_SetParametersIsCalled_Then_SystemPasswordModeIsSetTo_CreateNewPassWord_AndPageIsShown" />
    </UnitTest>
    <UnitTest name="Given_ViewModelCreatedDoNotUsePasswordTrue_When_SettingPassword_Then_ThePasswordStillEmpty" storage="d:\actions-runner\_work\xpco\xpco\installerframework\videoos.installer.ui.unittests\bin\debug\videoos.installer.ui.unittests.dll" id="7a22382b-1e69-ef75-ad17-5209aa7cb881">
      <Execution id="bc519442-719a-493c-91bf-7ef13e1e42f7" />
      <TestMethod codeBase="D:\actions-runner\_work\XPCO\XPCO\InstallerFramework\VideoOS.Installer.UI.UnitTests\bin\Debug\VideoOS.Installer.UI.UnitTests.dll" adapterTypeName="executor://mstestadapter/v2" className="VideoOS.Installer.UI.UnitTests.KeyManagementPasswordWizardUnitTest" name="Given_ViewModelCreatedDoNotUsePasswordTrue_When_SettingPassword_Then_ThePasswordStillEmpty" />
    </UnitTest>
    <UnitTest name="Given_SilentModeWithSystemPasswordModeEnterExistingPasswordDataBaseIsPasswordProtectedAndNoPasswordIsProvided_When_BeforeLeavePage_Then_UnauthorizedExceptionIsThrown" storage="d:\actions-runner\_work\xpco\xpco\installerframework\videoos.installer.ui.unittests\bin\debug\videoos.installer.ui.unittests.dll" id="a5e996e9-0605-288f-46b9-5b61386b23ee">
      <Execution id="a5f795d4-d3d6-4f50-91dd-ae56c68fe1be" />
      <TestMethod codeBase="D:\actions-runner\_work\XPCO\XPCO\InstallerFramework\VideoOS.Installer.UI.UnitTests\bin\Debug\VideoOS.Installer.UI.UnitTests.dll" adapterTypeName="executor://mstestadapter/v2" className="VideoOS.Installer.UI.UnitTests.KeyManagementPasswordActionUnitTest" name="Given_SilentModeWithSystemPasswordModeEnterExistingPasswordDataBaseIsPasswordProtectedAndNoPasswordIsProvided_When_BeforeLeavePage_Then_UnauthorizedExceptionIsThrown" />
    </UnitTest>
    <UnitTest name="Given_SilentModeNoPasswordIsProvidedUserHasChosenToOverwriteDatabase_When_BeforeLeavePage_Then_NoPasswordProtectionIsAccepted" storage="d:\actions-runner\_work\xpco\xpco\installerframework\videoos.installer.ui.unittests\bin\debug\videoos.installer.ui.unittests.dll" id="8d01e33d-7c0a-637b-36ca-20cf3854ef6b">
      <Execution id="7aae2430-8604-4e3c-a059-6fea4436caf5" />
      <TestMethod codeBase="D:\actions-runner\_work\XPCO\XPCO\InstallerFramework\VideoOS.Installer.UI.UnitTests\bin\Debug\VideoOS.Installer.UI.UnitTests.dll" adapterTypeName="executor://mstestadapter/v2" className="VideoOS.Installer.UI.UnitTests.KeyManagementPasswordActionUnitTest" name="Given_SilentModeNoPasswordIsProvidedUserHasChosenToOverwriteDatabase_When_BeforeLeavePage_Then_NoPasswordProtectionIsAccepted" />
    </UnitTest>
    <UnitTest name="Given_SilentModeWithSystemPasswordModeEnterExistingPasswordAndAValidPasswordIsProvided_When_BeforeLeavePage_Then_ItReturnsTrue" storage="d:\actions-runner\_work\xpco\xpco\installerframework\videoos.installer.ui.unittests\bin\debug\videoos.installer.ui.unittests.dll" id="d814234b-bfa9-c03e-cc8b-1cbec8f0a171">
      <Execution id="0c049114-fae0-402e-ba69-c6fb7f183514" />
      <TestMethod codeBase="D:\actions-runner\_work\XPCO\XPCO\InstallerFramework\VideoOS.Installer.UI.UnitTests\bin\Debug\VideoOS.Installer.UI.UnitTests.dll" adapterTypeName="executor://mstestadapter/v2" className="VideoOS.Installer.UI.UnitTests.KeyManagementPasswordActionUnitTest" name="Given_SilentModeWithSystemPasswordModeEnterExistingPasswordAndAValidPasswordIsProvided_When_BeforeLeavePage_Then_ItReturnsTrue" />
    </UnitTest>
    <UnitTest name="Given_ViewModelCreatedPasswordsSet_When_FlippingDoNotUsePasswordTrueAndThenFalse_Then_PasswordsDoNotReappear" storage="d:\actions-runner\_work\xpco\xpco\installerframework\videoos.installer.ui.unittests\bin\debug\videoos.installer.ui.unittests.dll" id="066012b2-1f37-2aef-75ec-5fff78b3c4a3">
      <Execution id="c953368d-754a-4608-b3d5-d0461a5e772b" />
      <TestMethod codeBase="D:\actions-runner\_work\XPCO\XPCO\InstallerFramework\VideoOS.Installer.UI.UnitTests\bin\Debug\VideoOS.Installer.UI.UnitTests.dll" adapterTypeName="executor://mstestadapter/v2" className="VideoOS.Installer.UI.UnitTests.KeyManagementPasswordWizardUnitTest" name="Given_ViewModelCreatedPasswordsSet_When_FlippingDoNotUsePasswordTrueAndThenFalse_Then_PasswordsDoNotReappear" />
    </UnitTest>
    <UnitTest name="Given_SilentModePasswordIsProvidedUserHasChosenToOverwriteDatabase_When_BeforeLeavePage_Then_ItReturnsTrue" storage="d:\actions-runner\_work\xpco\xpco\installerframework\videoos.installer.ui.unittests\bin\debug\videoos.installer.ui.unittests.dll" id="8a253178-fcd4-5624-52ae-0ee9bbbd2ca2">
      <Execution id="e4590269-9236-40c6-a9d3-3ff47ea7ae8c" />
      <TestMethod codeBase="D:\actions-runner\_work\XPCO\XPCO\InstallerFramework\VideoOS.Installer.UI.UnitTests\bin\Debug\VideoOS.Installer.UI.UnitTests.dll" adapterTypeName="executor://mstestadapter/v2" className="VideoOS.Installer.UI.UnitTests.KeyManagementPasswordActionUnitTest" name="Given_SilentModePasswordIsProvidedUserHasChosenToOverwriteDatabase_When_BeforeLeavePage_Then_ItReturnsTrue" />
    </UnitTest>
    <UnitTest name="Given_SilentModeWithSystemPasswordModePasswordConsistentAndAnInvalidPasswordIsProvided_When_BeforeLeavePage_Then_ThePasswordIsIgnoredAndItReturnsTrue" storage="d:\actions-runner\_work\xpco\xpco\installerframework\videoos.installer.ui.unittests\bin\debug\videoos.installer.ui.unittests.dll" id="74a54032-be3b-061d-3de0-65bf2e59d945">
      <Execution id="bd986ca1-f231-415c-9c2b-5748f24db19d" />
      <TestMethod codeBase="D:\actions-runner\_work\XPCO\XPCO\InstallerFramework\VideoOS.Installer.UI.UnitTests\bin\Debug\VideoOS.Installer.UI.UnitTests.dll" adapterTypeName="executor://mstestadapter/v2" className="VideoOS.Installer.UI.UnitTests.KeyManagementPasswordActionUnitTest" name="Given_SilentModeWithSystemPasswordModePasswordConsistentAndAnInvalidPasswordIsProvided_When_BeforeLeavePage_Then_ThePasswordIsIgnoredAndItReturnsTrue" />
    </UnitTest>
    <UnitTest name="Given_KeyIsPresentInDataBaseAndPasswordFileExists_When_CreatingViewModel_Then_SystemPasswordModeIsSetTo_PasswordConsistent" storage="d:\actions-runner\_work\xpco\xpco\installerframework\videoos.installer.ui.unittests\bin\debug\videoos.installer.ui.unittests.dll" id="d6e4c353-08b2-a1ab-75b6-3867fecf9387">
      <Execution id="e35014e8-808a-4e60-aa38-02d5d96eec28" />
      <TestMethod codeBase="D:\actions-runner\_work\XPCO\XPCO\InstallerFramework\VideoOS.Installer.UI.UnitTests\bin\Debug\VideoOS.Installer.UI.UnitTests.dll" adapterTypeName="executor://mstestadapter/v2" className="VideoOS.Installer.UI.UnitTests.KeyManagementPasswordActionUnitTest" name="Given_KeyIsPresentInDataBaseAndPasswordFileExists_When_CreatingViewModel_Then_SystemPasswordModeIsSetTo_PasswordConsistent" />
    </UnitTest>
    <UnitTest name="Given_KeyIsPresentInDataBaseAndPasswordFileExistsWithWrongPassword_When_CreatingViewModel_Then_SystemPasswordModeIsSetTo_EnterExistingPassWord" storage="d:\actions-runner\_work\xpco\xpco\installerframework\videoos.installer.ui.unittests\bin\debug\videoos.installer.ui.unittests.dll" id="49c5bd85-8519-04ae-1904-d9fdd60b0b35">
      <Execution id="cfbf3670-33d0-4bfa-9bb9-54f9f775e5a1" />
      <TestMethod codeBase="D:\actions-runner\_work\XPCO\XPCO\InstallerFramework\VideoOS.Installer.UI.UnitTests\bin\Debug\VideoOS.Installer.UI.UnitTests.dll" adapterTypeName="executor://mstestadapter/v2" className="VideoOS.Installer.UI.UnitTests.KeyManagementPasswordActionUnitTest" name="Given_KeyIsPresentInDataBaseAndPasswordFileExistsWithWrongPassword_When_CreatingViewModel_Then_SystemPasswordModeIsSetTo_EnterExistingPassWord" />
    </UnitTest>
    <UnitTest name="Given_ViewModelInCreateNewPasswordModeContainsValidPassword_When_BeforeContinue_ItReturnsTrue" storage="d:\actions-runner\_work\xpco\xpco\installerframework\videoos.installer.ui.unittests\bin\debug\videoos.installer.ui.unittests.dll" id="358fb522-9422-7682-1b84-31dcec29c93b">
      <Execution id="c112551c-42a9-404a-853c-a9f84406cfd5" />
      <TestMethod codeBase="D:\actions-runner\_work\XPCO\XPCO\InstallerFramework\VideoOS.Installer.UI.UnitTests\bin\Debug\VideoOS.Installer.UI.UnitTests.dll" adapterTypeName="executor://mstestadapter/v2" className="VideoOS.Installer.UI.UnitTests.KeyManagementPasswordWizardUnitTest" name="Given_ViewModelInCreateNewPasswordModeContainsValidPassword_When_BeforeContinue_ItReturnsTrue" />
    </UnitTest>
    <UnitTest name="Given_KeyIsPresentInDataBaseAndPasswordFileExistsWithCorrectPasswordButUserHasChosenToCreateANewDataBase_When_CreatingViewModel_Then_SystemPasswordModeIsSetTo_CreateNewPassWord" storage="d:\actions-runner\_work\xpco\xpco\installerframework\videoos.installer.ui.unittests\bin\debug\videoos.installer.ui.unittests.dll" id="769b322c-a1eb-5e2e-fb35-4b4a5708fb9e">
      <Execution id="154d89dc-baa7-4021-87d4-ead8d8981e13" />
      <TestMethod codeBase="D:\actions-runner\_work\XPCO\XPCO\InstallerFramework\VideoOS.Installer.UI.UnitTests\bin\Debug\VideoOS.Installer.UI.UnitTests.dll" adapterTypeName="executor://mstestadapter/v2" className="VideoOS.Installer.UI.UnitTests.KeyManagementPasswordActionUnitTest" name="Given_KeyIsPresentInDataBaseAndPasswordFileExistsWithCorrectPasswordButUserHasChosenToCreateANewDataBase_When_CreatingViewModel_Then_SystemPasswordModeIsSetTo_CreateNewPassWord" />
    </UnitTest>
    <UnitTest name="Given_SilentModeWithSystemPasswordModeCreateNewPasswordAndAWeakPasswordIsProvided_When_BeforeLeavePage_Then_UnauthorizedExceptionIsThrown" storage="d:\actions-runner\_work\xpco\xpco\installerframework\videoos.installer.ui.unittests\bin\debug\videoos.installer.ui.unittests.dll" id="5335b4ef-ccaa-ccda-a10d-fe1968a43f7c">
      <Execution id="daf5e6aa-0dac-48c7-b440-78b5483e8c08" />
      <TestMethod codeBase="D:\actions-runner\_work\XPCO\XPCO\InstallerFramework\VideoOS.Installer.UI.UnitTests\bin\Debug\VideoOS.Installer.UI.UnitTests.dll" adapterTypeName="executor://mstestadapter/v2" className="VideoOS.Installer.UI.UnitTests.KeyManagementPasswordActionUnitTest" name="Given_SilentModeWithSystemPasswordModeCreateNewPasswordAndAWeakPasswordIsProvided_When_BeforeLeavePage_Then_UnauthorizedExceptionIsThrown" />
    </UnitTest>
    <UnitTest name="Given_UIModeWithSystemPasswordModeEnterExistingPassword_When_BeforeLeavePage_Then_EverythingIsIgnoredAndItReturnsTrue" storage="d:\actions-runner\_work\xpco\xpco\installerframework\videoos.installer.ui.unittests\bin\debug\videoos.installer.ui.unittests.dll" id="8723c955-5cc3-6c50-8e32-1ef925d0a199">
      <Execution id="210d6f68-d9cd-4999-89cd-744c0b1e7946" />
      <TestMethod codeBase="D:\actions-runner\_work\XPCO\XPCO\InstallerFramework\VideoOS.Installer.UI.UnitTests\bin\Debug\VideoOS.Installer.UI.UnitTests.dll" adapterTypeName="executor://mstestadapter/v2" className="VideoOS.Installer.UI.UnitTests.KeyManagementPasswordActionUnitTest" name="Given_UIModeWithSystemPasswordModeEnterExistingPassword_When_BeforeLeavePage_Then_EverythingIsIgnoredAndItReturnsTrue" />
    </UnitTest>
    <UnitTest name="Given_SilentModePasswordIsProvidedUserHasChosenToCreateANewDataBase_When_BeforeLeavePage_Then_ItReturnsTrue" storage="d:\actions-runner\_work\xpco\xpco\installerframework\videoos.installer.ui.unittests\bin\debug\videoos.installer.ui.unittests.dll" id="c6c49899-6e4d-b39f-cbc1-fb712a774de9">
      <Execution id="63a6f01f-1f86-48af-8dcf-ad2874c47941" />
      <TestMethod codeBase="D:\actions-runner\_work\XPCO\XPCO\InstallerFramework\VideoOS.Installer.UI.UnitTests\bin\Debug\VideoOS.Installer.UI.UnitTests.dll" adapterTypeName="executor://mstestadapter/v2" className="VideoOS.Installer.UI.UnitTests.KeyManagementPasswordActionUnitTest" name="Given_SilentModePasswordIsProvidedUserHasChosenToCreateANewDataBase_When_BeforeLeavePage_Then_ItReturnsTrue" />
    </UnitTest>
    <UnitTest name="Given_SilentModeWithSystemPasswordModeEnterExistingPasswordDataBaseNotPasswordProtectedAndAnEmptyPasswordIsProvided_When_BeforeLeavePage_Then_NoPasswordProtectionIsAccepted" storage="d:\actions-runner\_work\xpco\xpco\installerframework\videoos.installer.ui.unittests\bin\debug\videoos.installer.ui.unittests.dll" id="6669fcbe-778f-ed69-c7a2-8a2c2d2c6ba0">
      <Execution id="973c7a20-e740-457d-a2a5-ea1ab9bbbda6" />
      <TestMethod codeBase="D:\actions-runner\_work\XPCO\XPCO\InstallerFramework\VideoOS.Installer.UI.UnitTests\bin\Debug\VideoOS.Installer.UI.UnitTests.dll" adapterTypeName="executor://mstestadapter/v2" className="VideoOS.Installer.UI.UnitTests.KeyManagementPasswordActionUnitTest" name="Given_SilentModeWithSystemPasswordModeEnterExistingPasswordDataBaseNotPasswordProtectedAndAnEmptyPasswordIsProvided_When_BeforeLeavePage_Then_NoPasswordProtectionIsAccepted" />
    </UnitTest>
    <UnitTest name="Given_SilentModeWithSystemPasswordModeEnterExistingPasswordAndAnInvalidPasswordIsProvided_When_BeforeLeavePage_Then_UnauthorizedExceptionIsThrown" storage="d:\actions-runner\_work\xpco\xpco\installerframework\videoos.installer.ui.unittests\bin\debug\videoos.installer.ui.unittests.dll" id="dfe69632-5d5c-fd7b-f8a7-369c576ca91d">
      <Execution id="9951e673-ee49-40ed-8d78-44780fb9f4a2" />
      <TestMethod codeBase="D:\actions-runner\_work\XPCO\XPCO\InstallerFramework\VideoOS.Installer.UI.UnitTests\bin\Debug\VideoOS.Installer.UI.UnitTests.dll" adapterTypeName="executor://mstestadapter/v2" className="VideoOS.Installer.UI.UnitTests.KeyManagementPasswordActionUnitTest" name="Given_SilentModeWithSystemPasswordModeEnterExistingPasswordAndAnInvalidPasswordIsProvided_When_BeforeLeavePage_Then_UnauthorizedExceptionIsThrown" />
    </UnitTest>
    <UnitTest name="Given_ViewModelInCreateNewPasswordModeDoNotUsePasswordContainsEmptyPasswords_When_BeforeContinue_EmptyPasswordIsAcceptedAndItReturnsTrue" storage="d:\actions-runner\_work\xpco\xpco\installerframework\videoos.installer.ui.unittests\bin\debug\videoos.installer.ui.unittests.dll" id="608d2485-dd70-5a3c-a123-fd21c1573a63">
      <Execution id="c84eb06e-02f6-4e87-8ba7-b0350c19e689" />
      <TestMethod codeBase="D:\actions-runner\_work\XPCO\XPCO\InstallerFramework\VideoOS.Installer.UI.UnitTests\bin\Debug\VideoOS.Installer.UI.UnitTests.dll" adapterTypeName="executor://mstestadapter/v2" className="VideoOS.Installer.UI.UnitTests.KeyManagementPasswordWizardUnitTest" name="Given_ViewModelInCreateNewPasswordModeDoNotUsePasswordContainsEmptyPasswords_When_BeforeContinue_EmptyPasswordIsAcceptedAndItReturnsTrue" />
    </UnitTest>
    <UnitTest name="Given_ViewModelCreatedDoNotUsePasswordFalse_When_SettingPassword_Then_ThePasswordCanBeReadBack" storage="d:\actions-runner\_work\xpco\xpco\installerframework\videoos.installer.ui.unittests\bin\debug\videoos.installer.ui.unittests.dll" id="8e6e961e-c79c-aaad-965e-5da01fdaefe6">
      <Execution id="73b8628e-cee7-48a7-acdc-38df71c1bcfd" />
      <TestMethod codeBase="D:\actions-runner\_work\XPCO\XPCO\InstallerFramework\VideoOS.Installer.UI.UnitTests\bin\Debug\VideoOS.Installer.UI.UnitTests.dll" adapterTypeName="executor://mstestadapter/v2" className="VideoOS.Installer.UI.UnitTests.KeyManagementPasswordWizardUnitTest" name="Given_ViewModelCreatedDoNotUsePasswordFalse_When_SettingPassword_Then_ThePasswordCanBeReadBack" />
    </UnitTest>
    <UnitTest name="Given_UIModeWithSystemPasswordModeCreateNewPassword_When_BeforeLeavePage_Then_EverythingIsIgnoredAndItReturnsTrue" storage="d:\actions-runner\_work\xpco\xpco\installerframework\videoos.installer.ui.unittests\bin\debug\videoos.installer.ui.unittests.dll" id="bdde6d30-b26e-c8b7-aa55-3540646d85c4">
      <Execution id="9d736bfb-ce8d-496e-b0f9-5da7821c1afe" />
      <TestMethod codeBase="D:\actions-runner\_work\XPCO\XPCO\InstallerFramework\VideoOS.Installer.UI.UnitTests\bin\Debug\VideoOS.Installer.UI.UnitTests.dll" adapterTypeName="executor://mstestadapter/v2" className="VideoOS.Installer.UI.UnitTests.KeyManagementPasswordActionUnitTest" name="Given_UIModeWithSystemPasswordModeCreateNewPassword_When_BeforeLeavePage_Then_EverythingIsIgnoredAndItReturnsTrue" />
    </UnitTest>
    <UnitTest name="Given_SilentModeWithSystemPasswordModeCreateNewPasswordAndNoPassword_When_BeforeLeavePage_Then_NoPasswordProtectionIsAccepted" storage="d:\actions-runner\_work\xpco\xpco\installerframework\videoos.installer.ui.unittests\bin\debug\videoos.installer.ui.unittests.dll" id="307d93fb-648d-2eb6-7944-351bf9914db4">
      <Execution id="bd6bcf64-c955-4765-aa50-3b4522ad72fe" />
      <TestMethod codeBase="D:\actions-runner\_work\XPCO\XPCO\InstallerFramework\VideoOS.Installer.UI.UnitTests\bin\Debug\VideoOS.Installer.UI.UnitTests.dll" adapterTypeName="executor://mstestadapter/v2" className="VideoOS.Installer.UI.UnitTests.KeyManagementPasswordActionUnitTest" name="Given_SilentModeWithSystemPasswordModeCreateNewPasswordAndNoPassword_When_BeforeLeavePage_Then_NoPasswordProtectionIsAccepted" />
    </UnitTest>
    <UnitTest name="Given_ViewModelCreatedPasswordsSet_When_SettingDoNotUsePassword_Then_PasswordsAreCleared" storage="d:\actions-runner\_work\xpco\xpco\installerframework\videoos.installer.ui.unittests\bin\debug\videoos.installer.ui.unittests.dll" id="0f8999e4-5254-dac6-0fe0-85f4fe21078c">
      <Execution id="409d8f40-5a60-4ec7-8541-85773b280417" />
      <TestMethod codeBase="D:\actions-runner\_work\XPCO\XPCO\InstallerFramework\VideoOS.Installer.UI.UnitTests\bin\Debug\VideoOS.Installer.UI.UnitTests.dll" adapterTypeName="executor://mstestadapter/v2" className="VideoOS.Installer.UI.UnitTests.KeyManagementPasswordWizardUnitTest" name="Given_ViewModelCreatedPasswordsSet_When_SettingDoNotUsePassword_Then_PasswordsAreCleared" />
    </UnitTest>
  </TestDefinitions>
  <TestEntries>
    <TestEntry testId="8d01e33d-7c0a-637b-36ca-20cf3854ef6b" executionId="7aae2430-8604-4e3c-a059-6fea4436caf5" testListId="8c84fa94-04c1-424b-9868-57a2d4851a1d" />
    <TestEntry testId="d6e4c353-08b2-a1ab-75b6-3867fecf9387" executionId="e35014e8-808a-4e60-aa38-02d5d96eec28" testListId="8c84fa94-04c1-424b-9868-57a2d4851a1d" />
    <TestEntry testId="8723c955-5cc3-6c50-8e32-1ef925d0a199" executionId="210d6f68-d9cd-4999-89cd-744c0b1e7946" testListId="8c84fa94-04c1-424b-9868-57a2d4851a1d" />
    <TestEntry testId="33e31147-df8f-69da-fdcb-5698ad7c2241" executionId="0eb81aa0-3134-40b6-90f4-16119a3bdaac" testListId="8c84fa94-04c1-424b-9868-57a2d4851a1d" />
    <TestEntry testId="a5e996e9-0605-288f-46b9-5b61386b23ee" executionId="a5f795d4-d3d6-4f50-91dd-ae56c68fe1be" testListId="8c84fa94-04c1-424b-9868-57a2d4851a1d" />
    <TestEntry testId="49c5bd85-8519-04ae-1904-d9fdd60b0b35" executionId="cfbf3670-33d0-4bfa-9bb9-54f9f775e5a1" testListId="8c84fa94-04c1-424b-9868-57a2d4851a1d" />
    <TestEntry testId="307d93fb-648d-2eb6-7944-351bf9914db4" executionId="bd6bcf64-c955-4765-aa50-3b4522ad72fe" testListId="8c84fa94-04c1-424b-9868-57a2d4851a1d" />
    <TestEntry testId="2354c2e8-db8c-b4ec-331c-571a8a8238d3" executionId="ab1f7a01-ce06-4f90-8c57-4b6a7927e873" testListId="8c84fa94-04c1-424b-9868-57a2d4851a1d" />
    <TestEntry testId="d814234b-bfa9-c03e-cc8b-1cbec8f0a171" executionId="0c049114-fae0-402e-ba69-c6fb7f183514" testListId="8c84fa94-04c1-424b-9868-57a2d4851a1d" />
    <TestEntry testId="bdde6d30-b26e-c8b7-aa55-3540646d85c4" executionId="9d736bfb-ce8d-496e-b0f9-5da7821c1afe" testListId="8c84fa94-04c1-424b-9868-57a2d4851a1d" />
    <TestEntry testId="c6c49899-6e4d-b39f-cbc1-fb712a774de9" executionId="63a6f01f-1f86-48af-8dcf-ad2874c47941" testListId="8c84fa94-04c1-424b-9868-57a2d4851a1d" />
    <TestEntry testId="dfe69632-5d5c-fd7b-f8a7-369c576ca91d" executionId="9951e673-ee49-40ed-8d78-44780fb9f4a2" testListId="8c84fa94-04c1-424b-9868-57a2d4851a1d" />
    <TestEntry testId="6669fcbe-778f-ed69-c7a2-8a2c2d2c6ba0" executionId="973c7a20-e740-457d-a2a5-ea1ab9bbbda6" testListId="8c84fa94-04c1-424b-9868-57a2d4851a1d" />
    <TestEntry testId="7a22382b-1e69-ef75-ad17-5209aa7cb881" executionId="bc519442-719a-493c-91bf-7ef13e1e42f7" testListId="8c84fa94-04c1-424b-9868-57a2d4851a1d" />
    <TestEntry testId="5335b4ef-ccaa-ccda-a10d-fe1968a43f7c" executionId="daf5e6aa-0dac-48c7-b440-78b5483e8c08" testListId="8c84fa94-04c1-424b-9868-57a2d4851a1d" />
    <TestEntry testId="8a253178-fcd4-5624-52ae-0ee9bbbd2ca2" executionId="e4590269-9236-40c6-a9d3-3ff47ea7ae8c" testListId="8c84fa94-04c1-424b-9868-57a2d4851a1d" />
    <TestEntry testId="384b6982-64b8-a4d1-ad1b-304621e06a96" executionId="43cb9614-41c5-4fb4-8635-2415859f14bd" testListId="8c84fa94-04c1-424b-9868-57a2d4851a1d" />
    <TestEntry testId="74a54032-be3b-061d-3de0-65bf2e59d945" executionId="bd986ca1-f231-415c-9c2b-5748f24db19d" testListId="8c84fa94-04c1-424b-9868-57a2d4851a1d" />
    <TestEntry testId="32261e6d-5bce-7f7c-85e3-2b9ec7cff99c" executionId="d8d12cb3-b226-46ac-b41c-173cab767669" testListId="8c84fa94-04c1-424b-9868-57a2d4851a1d" />
    <TestEntry testId="7db072b5-10ce-6ba1-7bd7-c81aba484012" executionId="5157302b-f3a4-4015-a393-71ea0d49eae6" testListId="8c84fa94-04c1-424b-9868-57a2d4851a1d" />
    <TestEntry testId="12baaac6-e5a8-c9cd-487d-b6713b8989b3" executionId="046fe232-ebee-4a59-be45-d59547c906cc" testListId="8c84fa94-04c1-424b-9868-57a2d4851a1d" />
    <TestEntry testId="0f8999e4-5254-dac6-0fe0-85f4fe21078c" executionId="409d8f40-5a60-4ec7-8541-85773b280417" testListId="8c84fa94-04c1-424b-9868-57a2d4851a1d" />
    <TestEntry testId="066012b2-1f37-2aef-75ec-5fff78b3c4a3" executionId="c953368d-754a-4608-b3d5-d0461a5e772b" testListId="8c84fa94-04c1-424b-9868-57a2d4851a1d" />
    <TestEntry testId="8e6e961e-c79c-aaad-965e-5da01fdaefe6" executionId="73b8628e-cee7-48a7-acdc-38df71c1bcfd" testListId="8c84fa94-04c1-424b-9868-57a2d4851a1d" />
    <TestEntry testId="358fb522-9422-7682-1b84-31dcec29c93b" executionId="c112551c-42a9-404a-853c-a9f84406cfd5" testListId="8c84fa94-04c1-424b-9868-57a2d4851a1d" />
    <TestEntry testId="608d2485-dd70-5a3c-a123-fd21c1573a63" executionId="c84eb06e-02f6-4e87-8ba7-b0350c19e689" testListId="8c84fa94-04c1-424b-9868-57a2d4851a1d" />
    <TestEntry testId="769b322c-a1eb-5e2e-fb35-4b4a5708fb9e" executionId="154d89dc-baa7-4021-87d4-ead8d8981e13" testListId="8c84fa94-04c1-424b-9868-57a2d4851a1d" />
    <TestEntry testId="8adec9e7-3b8e-0ca5-edf5-131b186119e0" executionId="4fe1a33c-45c3-417e-a990-e62063fb2ffa" testListId="8c84fa94-04c1-424b-9868-57a2d4851a1d" />
    <TestEntry testId="9d65d3f3-33e6-8f69-d44c-c70401672d0a" executionId="cfa13beb-6c3d-45f1-b1b7-a2d5ca6a9492" testListId="8c84fa94-04c1-424b-9868-57a2d4851a1d" />
  </TestEntries>
  <TestLists>
    <TestList name="Results Not in a List" id="8c84fa94-04c1-424b-9868-57a2d4851a1d" />
    <TestList name="All Loaded Results" id="19431567-8539-422a-85d7-44ee4e166bda" />
  </TestLists>
  <ResultSummary outcome="Completed">
    <Counters total="29" executed="29" passed="29" failed="0" error="0" timeout="0" aborted="0" inconclusive="0" passedButRunAborted="0" notRunnable="0" notExecuted="0" disconnected="0" warning="0" completed="0" inProgress="0" pending="0" />
  </ResultSummary>
</TestRun>