<?xml version="1.0" encoding="utf-8"?>
<TestRun id="3b09ba57-aec6-434b-802d-eea18a692f7f" name="DKSR-EFI-06$@DKSR-EFI-06 2024-01-09 15:45:04" runUser="NT AUTHORITY\NETWORK SERVICE" xmlns="http://microsoft.com/schemas/VisualStudio/TeamTest/2010">
  <Times creation="2024-01-09T15:45:04.9824995+01:00" queuing="2024-01-09T15:45:04.9824995+01:00" start="2024-01-09T15:45:01.7012446+01:00" finish="2024-01-09T15:45:05.2793751+01:00" />
  <TestSettings name="default" id="421ce067-40af-47c7-a3d7-7dee1c4141b3">
    <Deployment runDeploymentRoot="DKSR-EFI-06$_DKSR-EFI-06_2024-01-09_15_45_04" />
  </TestSettings>
  <Results>
    <UnitTestResult executionId="54733de7-801f-4c67-9f71-3d0f4ec8ce8f" testId="1a673bb1-b449-401f-618b-33182009eafa" testName="Given_XmlFileWithFilterStringsExists_When_LoadingXmlFile_Then_TheFilterStringsAreLoaded" computerName="DKSR-EFI-06" duration="00:00:00.0028965" startTime="2024-01-09T15:45:05.0293752+01:00" endTime="2024-01-09T15:45:05.0293752+01:00" testType="13cdc9d9-ddb5-4fa4-a97d-d965ccfc6d4b" outcome="Passed" testListId="8c84fa94-04c1-424b-9868-57a2d4851a1d" relativeResultsDirectory="54733de7-801f-4c67-9f71-3d0f4ec8ce8f" />
    <UnitTestResult executionId="fa86dae5-e2b9-44ed-96b4-8071c75ca78d" testId="b2e69d9d-2ef9-0ecf-fc79-b6380b6e6fed" testName="Given_CertificateDataModelWithOneRegisteredServerOneClientEndpointAndOneCertificateGroup_AndSelectedCertificate" computerName="DKSR-EFI-06" duration="00:00:00.0498359" startTime="2024-01-09T15:45:04.8418764+01:00" endTime="2024-01-09T15:45:04.8887495+01:00" testType="13cdc9d9-ddb5-4fa4-a97d-d965ccfc6d4b" outcome="Passed" testListId="8c84fa94-04c1-424b-9868-57a2d4851a1d" relativeResultsDirectory="fa86dae5-e2b9-44ed-96b4-8071c75ca78d" />
    <UnitTestResult executionId="8704aecf-1173-4d86-b4c5-fa6758090dee" testId="6d0a9330-a87f-264b-2f45-d2ca37e09001" testName="Given_CertificateDataModelWithTwoRegisteredServerTwoClientEndpointsAndTwoCertificateGroup_AndSelectedCertificate" computerName="DKSR-EFI-06" duration="00:00:00.0118306" startTime="2024-01-09T15:45:04.8887495+01:00" endTime="2024-01-09T15:45:04.9043750+01:00" testType="13cdc9d9-ddb5-4fa4-a97d-d965ccfc6d4b" outcome="Passed" testListId="8c84fa94-04c1-424b-9868-57a2d4851a1d" relativeResultsDirectory="8704aecf-1173-4d86-b4c5-fa6758090dee" />
    <UnitTestResult executionId="54114563-9b9e-43f5-9093-83dc1b96a55a" testId="63a31081-37c2-99ea-139d-b7c49f64a0f7" testName="Given_ConfigurationDataXmlFileV2_When_DoLoadCertificateConfiguration__Then_AllRegistrarsAndLocationsLoadedIntoDataModel" computerName="DKSR-EFI-06" duration="00:00:00.0035873" startTime="2024-01-09T15:45:05.1075020+01:00" endTime="2024-01-09T15:45:05.1075020+01:00" testType="13cdc9d9-ddb5-4fa4-a97d-d965ccfc6d4b" outcome="Passed" testListId="8c84fa94-04c1-424b-9868-57a2d4851a1d" relativeResultsDirectory="54114563-9b9e-43f5-9093-83dc1b96a55a" />
    <UnitTestResult executionId="5fbb7835-dcd3-4b31-9e36-eba91de459d7" testId="dbfb0079-5c0d-feee-c697-2ca411afcf74" testName="Given_ConfigurationDataXmlFileV1_DoLoadCertificateConfiguration_DataModelLoadedCorrectly" computerName="DKSR-EFI-06" duration="00:00:00.0737079" startTime="2024-01-09T15:45:05.0293752+01:00" endTime="2024-01-09T15:45:05.1075020+01:00" testType="13cdc9d9-ddb5-4fa4-a97d-d965ccfc6d4b" outcome="Passed" testListId="8c84fa94-04c1-424b-9868-57a2d4851a1d" relativeResultsDirectory="5fbb7835-dcd3-4b31-9e36-eba91de459d7" />
    <UnitTestResult executionId="e48ff75d-6ba3-418d-b8bf-dc301b828193" testId="ea28ea7f-a06c-e510-473d-ab13a5483681" testName="Given_ConfigurationDataXmlFileV1_DoLoadCertificateConfiguration_DoSaveConfigurationLoadItAgain_DataModelLoadedCorrectly" computerName="DKSR-EFI-06" duration="00:00:00.0077264" startTime="2024-01-09T15:45:05.1075020+01:00" endTime="2024-01-09T15:45:05.1075020+01:00" testType="13cdc9d9-ddb5-4fa4-a97d-d965ccfc6d4b" outcome="Passed" testListId="8c84fa94-04c1-424b-9868-57a2d4851a1d" relativeResultsDirectory="e48ff75d-6ba3-418d-b8bf-dc301b828193" />
    <UnitTestResult executionId="55d851be-b28a-4495-a29a-7627bf4cdacb" testId="a47ec500-7c2f-7a74-4f3a-c88b47ff0e0c" testName="EnumsShouldNotBeExtended" computerName="DKSR-EFI-06" duration="00:00:00.0002155" startTime="2024-01-09T15:45:05.1387514+01:00" endTime="2024-01-09T15:45:05.1387514+01:00" testType="13cdc9d9-ddb5-4fa4-a97d-d965ccfc6d4b" outcome="Passed" testListId="8c84fa94-04c1-424b-9868-57a2d4851a1d" relativeResultsDirectory="55d851be-b28a-4495-a29a-7627bf4cdacb" />
    <UnitTestResult executionId="e1e25130-9fca-4b86-a9ab-83aebf1602f0" testId="35159717-69fa-673e-c08d-08e3417db17f" testName="Given_ConfigurationDataXmlFileWithFutureVersion_PerserveUnknownElements" computerName="DKSR-EFI-06" duration="00:00:00.0049135" startTime="2024-01-09T15:45:05.1387514+01:00" endTime="2024-01-09T15:45:05.1387514+01:00" testType="13cdc9d9-ddb5-4fa4-a97d-d965ccfc6d4b" outcome="Passed" testListId="8c84fa94-04c1-424b-9868-57a2d4851a1d" relativeResultsDirectory="e1e25130-9fca-4b86-a9ab-83aebf1602f0" />
    <UnitTestResult executionId="948655b3-b194-493e-bfbf-88f29263986a" testId="6f072a2f-6b52-1e00-06e9-62e569eaba84" testName="Given_Nothing_When_PersisitingAndReloadingData_ThePersistedOverrideLocalManagementServerIsSetPersisted" computerName="DKSR-EFI-06" duration="00:00:00.0044808" startTime="2024-01-09T15:45:05.1387514+01:00" endTime="2024-01-09T15:45:05.1387514+01:00" testType="13cdc9d9-ddb5-4fa4-a97d-d965ccfc6d4b" outcome="Passed" testListId="8c84fa94-04c1-424b-9868-57a2d4851a1d" relativeResultsDirectory="948655b3-b194-493e-bfbf-88f29263986a" />
    <UnitTestResult executionId="f003f2ff-80c5-4ed7-a7f0-4b00fe62b570" testId="1d63852a-c5f8-b0e2-1b11-9dc0abe1a492" testName="Given_DataModelContains_ManagementSerAdressAuthorizationServerAddressAndHostName_When_PersistingRegistrationModelAndReloading_Then_TheDataAreReadback" computerName="DKSR-EFI-06" duration="00:00:00.0165175" startTime="2024-01-09T15:45:04.9824995+01:00" endTime="2024-01-09T15:45:04.9981259+01:00" testType="13cdc9d9-ddb5-4fa4-a97d-d965ccfc6d4b" outcome="Passed" testListId="8c84fa94-04c1-424b-9868-57a2d4851a1d" relativeResultsDirectory="f003f2ff-80c5-4ed7-a7f0-4b00fe62b570" />
    <UnitTestResult executionId="550fbefe-27a0-446b-833a-fb25fbac6408" testId="0bcffbbc-4297-7261-997a-5970eee05334" testName="Given_ConfigurationDataXmlFileV1_When_DoLoadCertificateConfiguration__Then_AllRegistrarsAndLocationsLoadedIntoDataModel" computerName="DKSR-EFI-06" duration="00:00:00.0035576" startTime="2024-01-09T15:45:05.1231261+01:00" endTime="2024-01-09T15:45:05.1231261+01:00" testType="13cdc9d9-ddb5-4fa4-a97d-d965ccfc6d4b" outcome="Passed" testListId="8c84fa94-04c1-424b-9868-57a2d4851a1d" relativeResultsDirectory="550fbefe-27a0-446b-833a-fb25fbac6408" />
    <UnitTestResult executionId="38653963-7f9b-4705-9192-6120f5fccafc" testId="57bf4c4d-7dda-691b-5e9a-d31a7b2268d0" testName="Given_ConfigurationDataXmlFileV2WithRegisterServiceImplementationType_DoLoadCertificateConfiguration_DataModelLoadedCorrectly" computerName="DKSR-EFI-06" duration="00:00:00.0032282" startTime="2024-01-09T15:45:05.0137507+01:00" endTime="2024-01-09T15:45:05.0137507+01:00" testType="13cdc9d9-ddb5-4fa4-a97d-d965ccfc6d4b" outcome="Passed" testListId="8c84fa94-04c1-424b-9868-57a2d4851a1d" relativeResultsDirectory="38653963-7f9b-4705-9192-6120f5fccafc" />
    <UnitTestResult executionId="a4c611d5-37cc-4256-b057-e5d9cc02ef67" testId="24fcca96-3f82-538d-71a0-a55fc27207b9" testName="Given_Nothing_When_PersisitingAndReloadingData_ThePersistedHostNameIsSet" computerName="DKSR-EFI-06" duration="00:00:00.0141743" startTime="2024-01-09T15:45:05.1231261+01:00" endTime="2024-01-09T15:45:05.1387514+01:00" testType="13cdc9d9-ddb5-4fa4-a97d-d965ccfc6d4b" outcome="Passed" testListId="8c84fa94-04c1-424b-9868-57a2d4851a1d" relativeResultsDirectory="a4c611d5-37cc-4256-b057-e5d9cc02ef67" />
    <UnitTestResult executionId="d6a6a1e5-17fb-4712-a500-75367a494361" testId="088cf50a-e729-df4d-1702-5cdc415d8353" testName="Given_ConfigurationDataXmlFileV2WithIsManagementServer_When_DoLoadCertificateConfiguration__Then_TheConfigurationElementIsLoadedCorrectly" computerName="DKSR-EFI-06" duration="00:00:00.0033634" startTime="2024-01-09T15:45:05.1075020+01:00" endTime="2024-01-09T15:45:05.1231261+01:00" testType="13cdc9d9-ddb5-4fa4-a97d-d965ccfc6d4b" outcome="Passed" testListId="8c84fa94-04c1-424b-9868-57a2d4851a1d" relativeResultsDirectory="d6a6a1e5-17fb-4712-a500-75367a494361" />
    <UnitTestResult executionId="9babbec2-e439-4892-a502-205985b12942" testId="08930051-99a6-f0cd-8531-692a22ee091f" testName="Given_CertificateDataModelWithVolatileItems_When_PersistingAndLoadingEntireModel_Then_TheVolatileItemsArePersistedAndLoaded" computerName="DKSR-EFI-06" duration="00:00:00.0216559" startTime="2024-01-09T15:45:04.9043750+01:00" endTime="2024-01-09T15:45:04.9199993+01:00" testType="13cdc9d9-ddb5-4fa4-a97d-d965ccfc6d4b" outcome="Passed" testListId="8c84fa94-04c1-424b-9868-57a2d4851a1d" relativeResultsDirectory="9babbec2-e439-4892-a502-205985b12942" />
    <UnitTestResult executionId="2ae192b1-4993-45e1-a71c-cf68c0939783" testId="527a1d8a-38f2-9c20-a72a-277cbfc95434" testName="Given_ConfigurationDataXmlFile_DoLoadCertificateConfiguration_DataModelLoadedCorrectly" computerName="DKSR-EFI-06" duration="00:00:00.0084055" startTime="2024-01-09T15:45:05.0137507+01:00" endTime="2024-01-09T15:45:05.0137507+01:00" testType="13cdc9d9-ddb5-4fa4-a97d-d965ccfc6d4b" outcome="Passed" testListId="8c84fa94-04c1-424b-9868-57a2d4851a1d" relativeResultsDirectory="2ae192b1-4993-45e1-a71c-cf68c0939783" />
    <UnitTestResult executionId="af25a50a-5227-4f88-8709-8e4ed4d0b464" testId="ec41a820-368b-8dbf-c8bb-0a26a985b84b" testName="Given_DataModelContains_ManagementSerAdressAuthorizationServerAddressAndHostName_When_PersistingEntireModelAndReloading_Then_TheDataAreReadback" computerName="DKSR-EFI-06" duration="00:00:00.0591666" startTime="2024-01-09T15:45:04.9199993+01:00" endTime="2024-01-09T15:45:04.9824995+01:00" testType="13cdc9d9-ddb5-4fa4-a97d-d965ccfc6d4b" outcome="Passed" testListId="8c84fa94-04c1-424b-9868-57a2d4851a1d" relativeResultsDirectory="af25a50a-5227-4f88-8709-8e4ed4d0b464" />
    <UnitTestResult executionId="5ef92153-593d-492e-ba2e-f57f5c0bf21f" testId="d9cceb8f-18ef-4e11-5731-a0c2d4118b49" testName="Given_ConfigurationDataXmlFileNonExisting_DoLoadCertificateConfiguration_EmptyDataModelLoaded" computerName="DKSR-EFI-06" duration="00:00:00.0036952" startTime="2024-01-09T15:45:04.9981259+01:00" endTime="2024-01-09T15:45:04.9981259+01:00" testType="13cdc9d9-ddb5-4fa4-a97d-d965ccfc6d4b" outcome="Passed" testListId="8c84fa94-04c1-424b-9868-57a2d4851a1d" relativeResultsDirectory="5ef92153-593d-492e-ba2e-f57f5c0bf21f" />
    <UnitTestResult executionId="af240a1e-4b38-406a-b69a-d69467b4e052" testId="70f3bba0-309b-cd44-252a-54ff35a7f53a" testName="GivenACertificateGroupWithFilterStrings_When_SavingToXamlAndLoadingAgain_Then_TheFilterStringsArePreserved" computerName="DKSR-EFI-06" duration="00:00:00.0056696" startTime="2024-01-09T15:45:05.0137507+01:00" endTime="2024-01-09T15:45:05.0293752+01:00" testType="13cdc9d9-ddb5-4fa4-a97d-d965ccfc6d4b" outcome="Passed" testListId="8c84fa94-04c1-424b-9868-57a2d4851a1d" relativeResultsDirectory="af240a1e-4b38-406a-b69a-d69467b4e052" />
    <UnitTestResult executionId="961c3aba-d031-45d7-afc7-36581fc7209f" testId="5bf9b852-0174-c379-727c-269d22ffc0c9" testName="Given_CertificateDataModelWithOneRegisteredServerOneClientEndpointAndOneCertificateGroup_NoSelectedCertificate" computerName="DKSR-EFI-06" duration="00:00:01.1502993" startTime="2024-01-09T15:45:03.4668723+01:00" endTime="2024-01-09T15:45:04.8106259+01:00" testType="13cdc9d9-ddb5-4fa4-a97d-d965ccfc6d4b" outcome="Passed" testListId="8c84fa94-04c1-424b-9868-57a2d4851a1d" relativeResultsDirectory="961c3aba-d031-45d7-afc7-36581fc7209f" />
  </Results>
  <TestDefinitions>
    <UnitTest name="EnumsShouldNotBeExtended" storage="d:\actions-runner\_work\xpco\xpco\serverconfigurator\binaries\videoos.serverconfigurator.configurationprovider.unittests\bin\debug\videoos.serverconfigurator.configurationprovider.unittests.dll" id="a47ec500-7c2f-7a74-4f3a-c88b47ff0e0c">
      <Execution id="55d851be-b28a-4495-a29a-7627bf4cdacb" />
      <TestMethod codeBase="D:\actions-runner\_work\XPCO\XPCO\ServerConfigurator\Binaries\VideoOS.ServerConfigurator.ConfigurationProvider.UnitTests\bin\Debug\VideoOS.ServerConfigurator.ConfigurationProvider.UnitTests.dll" adapterTypeName="executor://mstestadapter/v1" className="VideoOS.ServerConfigurator.ConfigurationProvider.UnitTests.CertificateConfigurationProviderTests" name="EnumsShouldNotBeExtended" />
    </UnitTest>
    <UnitTest name="Given_ConfigurationDataXmlFileV2WithIsManagementServer_When_DoLoadCertificateConfiguration__Then_TheConfigurationElementIsLoadedCorrectly" storage="d:\actions-runner\_work\xpco\xpco\serverconfigurator\binaries\videoos.serverconfigurator.configurationprovider.unittests\bin\debug\videoos.serverconfigurator.configurationprovider.unittests.dll" id="088cf50a-e729-df4d-1702-5cdc415d8353">
      <Execution id="d6a6a1e5-17fb-4712-a500-75367a494361" />
      <TestMethod codeBase="D:\actions-runner\_work\XPCO\XPCO\ServerConfigurator\Binaries\VideoOS.ServerConfigurator.ConfigurationProvider.UnitTests\bin\Debug\VideoOS.ServerConfigurator.ConfigurationProvider.UnitTests.dll" adapterTypeName="executor://mstestadapter/v1" className="VideoOS.ServerConfigurator.ConfigurationProvider.UnitTests.CertificateConfigurationProviderTests" name="Given_ConfigurationDataXmlFileV2WithIsManagementServer_When_DoLoadCertificateConfiguration__Then_TheConfigurationElementIsLoadedCorrectly" />
    </UnitTest>
    <UnitTest name="Given_ConfigurationDataXmlFileNonExisting_DoLoadCertificateConfiguration_EmptyDataModelLoaded" storage="d:\actions-runner\_work\xpco\xpco\serverconfigurator\binaries\videoos.serverconfigurator.configurationprovider.unittests\bin\debug\videoos.serverconfigurator.configurationprovider.unittests.dll" id="d9cceb8f-18ef-4e11-5731-a0c2d4118b49">
      <Execution id="5ef92153-593d-492e-ba2e-f57f5c0bf21f" />
      <TestMethod codeBase="D:\actions-runner\_work\XPCO\XPCO\ServerConfigurator\Binaries\VideoOS.ServerConfigurator.ConfigurationProvider.UnitTests\bin\Debug\VideoOS.ServerConfigurator.ConfigurationProvider.UnitTests.dll" adapterTypeName="executor://mstestadapter/v1" className="VideoOS.ServerConfigurator.ConfigurationProvider.UnitTests.CertificateConfigurationProviderTests" name="Given_ConfigurationDataXmlFileNonExisting_DoLoadCertificateConfiguration_EmptyDataModelLoaded" />
    </UnitTest>
    <UnitTest name="Given_XmlFileWithFilterStringsExists_When_LoadingXmlFile_Then_TheFilterStringsAreLoaded" storage="d:\actions-runner\_work\xpco\xpco\serverconfigurator\binaries\videoos.serverconfigurator.configurationprovider.unittests\bin\debug\videoos.serverconfigurator.configurationprovider.unittests.dll" id="1a673bb1-b449-401f-618b-33182009eafa">
      <Execution id="54733de7-801f-4c67-9f71-3d0f4ec8ce8f" />
      <TestMethod codeBase="D:\actions-runner\_work\XPCO\XPCO\ServerConfigurator\Binaries\VideoOS.ServerConfigurator.ConfigurationProvider.UnitTests\bin\Debug\VideoOS.ServerConfigurator.ConfigurationProvider.UnitTests.dll" adapterTypeName="executor://mstestadapter/v1" className="VideoOS.ServerConfigurator.ConfigurationProvider.UnitTests.CertificateConfigurationProviderTests" name="Given_XmlFileWithFilterStringsExists_When_LoadingXmlFile_Then_TheFilterStringsAreLoaded" />
    </UnitTest>
    <UnitTest name="Given_Nothing_When_PersisitingAndReloadingData_ThePersistedOverrideLocalManagementServerIsSetPersisted" storage="d:\actions-runner\_work\xpco\xpco\serverconfigurator\binaries\videoos.serverconfigurator.configurationprovider.unittests\bin\debug\videoos.serverconfigurator.configurationprovider.unittests.dll" id="6f072a2f-6b52-1e00-06e9-62e569eaba84">
      <Execution id="948655b3-b194-493e-bfbf-88f29263986a" />
      <TestMethod codeBase="D:\actions-runner\_work\XPCO\XPCO\ServerConfigurator\Binaries\VideoOS.ServerConfigurator.ConfigurationProvider.UnitTests\bin\Debug\VideoOS.ServerConfigurator.ConfigurationProvider.UnitTests.dll" adapterTypeName="executor://mstestadapter/v1" className="VideoOS.ServerConfigurator.ConfigurationProvider.UnitTests.CertificateConfigurationProviderTests" name="Given_Nothing_When_PersisitingAndReloadingData_ThePersistedOverrideLocalManagementServerIsSetPersisted" />
    </UnitTest>
    <UnitTest name="Given_ConfigurationDataXmlFileV1_DoLoadCertificateConfiguration_DoSaveConfigurationLoadItAgain_DataModelLoadedCorrectly" storage="d:\actions-runner\_work\xpco\xpco\serverconfigurator\binaries\videoos.serverconfigurator.configurationprovider.unittests\bin\debug\videoos.serverconfigurator.configurationprovider.unittests.dll" id="ea28ea7f-a06c-e510-473d-ab13a5483681">
      <Execution id="e48ff75d-6ba3-418d-b8bf-dc301b828193" />
      <TestMethod codeBase="D:\actions-runner\_work\XPCO\XPCO\ServerConfigurator\Binaries\VideoOS.ServerConfigurator.ConfigurationProvider.UnitTests\bin\Debug\VideoOS.ServerConfigurator.ConfigurationProvider.UnitTests.dll" adapterTypeName="executor://mstestadapter/v1" className="VideoOS.ServerConfigurator.ConfigurationProvider.UnitTests.CertificateConfigurationProviderTests" name="Given_ConfigurationDataXmlFileV1_DoLoadCertificateConfiguration_DoSaveConfigurationLoadItAgain_DataModelLoadedCorrectly" />
    </UnitTest>
    <UnitTest name="Given_CertificateDataModelWithOneRegisteredServerOneClientEndpointAndOneCertificateGroup_NoSelectedCertificate" storage="d:\actions-runner\_work\xpco\xpco\serverconfigurator\binaries\videoos.serverconfigurator.configurationprovider.unittests\bin\debug\videoos.serverconfigurator.configurationprovider.unittests.dll" id="5bf9b852-0174-c379-727c-269d22ffc0c9">
      <Execution id="961c3aba-d031-45d7-afc7-36581fc7209f" />
      <TestMethod codeBase="D:\actions-runner\_work\XPCO\XPCO\ServerConfigurator\Binaries\VideoOS.ServerConfigurator.ConfigurationProvider.UnitTests\bin\Debug\VideoOS.ServerConfigurator.ConfigurationProvider.UnitTests.dll" adapterTypeName="executor://mstestadapter/v1" className="VideoOS.ServerConfigurator.ConfigurationProvider.UnitTests.CertificateConfigurationProviderTests" name="Given_CertificateDataModelWithOneRegisteredServerOneClientEndpointAndOneCertificateGroup_NoSelectedCertificate" />
    </UnitTest>
    <UnitTest name="Given_DataModelContains_ManagementSerAdressAuthorizationServerAddressAndHostName_When_PersistingEntireModelAndReloading_Then_TheDataAreReadback" storage="d:\actions-runner\_work\xpco\xpco\serverconfigurator\binaries\videoos.serverconfigurator.configurationprovider.unittests\bin\debug\videoos.serverconfigurator.configurationprovider.unittests.dll" id="ec41a820-368b-8dbf-c8bb-0a26a985b84b">
      <Execution id="af25a50a-5227-4f88-8709-8e4ed4d0b464" />
      <TestMethod codeBase="D:\actions-runner\_work\XPCO\XPCO\ServerConfigurator\Binaries\VideoOS.ServerConfigurator.ConfigurationProvider.UnitTests\bin\Debug\VideoOS.ServerConfigurator.ConfigurationProvider.UnitTests.dll" adapterTypeName="executor://mstestadapter/v1" className="VideoOS.ServerConfigurator.ConfigurationProvider.UnitTests.CertificateConfigurationProviderTests" name="Given_DataModelContains_ManagementSerAdressAuthorizationServerAddressAndHostName_When_PersistingEntireModelAndReloading_Then_TheDataAreReadback" />
    </UnitTest>
    <UnitTest name="Given_DataModelContains_ManagementSerAdressAuthorizationServerAddressAndHostName_When_PersistingRegistrationModelAndReloading_Then_TheDataAreReadback" storage="d:\actions-runner\_work\xpco\xpco\serverconfigurator\binaries\videoos.serverconfigurator.configurationprovider.unittests\bin\debug\videoos.serverconfigurator.configurationprovider.unittests.dll" id="1d63852a-c5f8-b0e2-1b11-9dc0abe1a492">
      <Execution id="f003f2ff-80c5-4ed7-a7f0-4b00fe62b570" />
      <TestMethod codeBase="D:\actions-runner\_work\XPCO\XPCO\ServerConfigurator\Binaries\VideoOS.ServerConfigurator.ConfigurationProvider.UnitTests\bin\Debug\VideoOS.ServerConfigurator.ConfigurationProvider.UnitTests.dll" adapterTypeName="executor://mstestadapter/v1" className="VideoOS.ServerConfigurator.ConfigurationProvider.UnitTests.CertificateConfigurationProviderTests" name="Given_DataModelContains_ManagementSerAdressAuthorizationServerAddressAndHostName_When_PersistingRegistrationModelAndReloading_Then_TheDataAreReadback" />
    </UnitTest>
    <UnitTest name="Given_ConfigurationDataXmlFileV1_When_DoLoadCertificateConfiguration__Then_AllRegistrarsAndLocationsLoadedIntoDataModel" storage="d:\actions-runner\_work\xpco\xpco\serverconfigurator\binaries\videoos.serverconfigurator.configurationprovider.unittests\bin\debug\videoos.serverconfigurator.configurationprovider.unittests.dll" id="0bcffbbc-4297-7261-997a-5970eee05334">
      <Execution id="550fbefe-27a0-446b-833a-fb25fbac6408" />
      <TestMethod codeBase="D:\actions-runner\_work\XPCO\XPCO\ServerConfigurator\Binaries\VideoOS.ServerConfigurator.ConfigurationProvider.UnitTests\bin\Debug\VideoOS.ServerConfigurator.ConfigurationProvider.UnitTests.dll" adapterTypeName="executor://mstestadapter/v1" className="VideoOS.ServerConfigurator.ConfigurationProvider.UnitTests.CertificateConfigurationProviderTests" name="Given_ConfigurationDataXmlFileV1_When_DoLoadCertificateConfiguration__Then_AllRegistrarsAndLocationsLoadedIntoDataModel" />
    </UnitTest>
    <UnitTest name="Given_ConfigurationDataXmlFileWithFutureVersion_PerserveUnknownElements" storage="d:\actions-runner\_work\xpco\xpco\serverconfigurator\binaries\videoos.serverconfigurator.configurationprovider.unittests\bin\debug\videoos.serverconfigurator.configurationprovider.unittests.dll" id="35159717-69fa-673e-c08d-08e3417db17f">
      <Execution id="e1e25130-9fca-4b86-a9ab-83aebf1602f0" />
      <TestMethod codeBase="D:\actions-runner\_work\XPCO\XPCO\ServerConfigurator\Binaries\VideoOS.ServerConfigurator.ConfigurationProvider.UnitTests\bin\Debug\VideoOS.ServerConfigurator.ConfigurationProvider.UnitTests.dll" adapterTypeName="executor://mstestadapter/v1" className="VideoOS.ServerConfigurator.ConfigurationProvider.UnitTests.CertificateConfigurationProviderTests" name="Given_ConfigurationDataXmlFileWithFutureVersion_PerserveUnknownElements" />
    </UnitTest>
    <UnitTest name="Given_ConfigurationDataXmlFileV1_DoLoadCertificateConfiguration_DataModelLoadedCorrectly" storage="d:\actions-runner\_work\xpco\xpco\serverconfigurator\binaries\videoos.serverconfigurator.configurationprovider.unittests\bin\debug\videoos.serverconfigurator.configurationprovider.unittests.dll" id="dbfb0079-5c0d-feee-c697-2ca411afcf74">
      <Execution id="5fbb7835-dcd3-4b31-9e36-eba91de459d7" />
      <TestMethod codeBase="D:\actions-runner\_work\XPCO\XPCO\ServerConfigurator\Binaries\VideoOS.ServerConfigurator.ConfigurationProvider.UnitTests\bin\Debug\VideoOS.ServerConfigurator.ConfigurationProvider.UnitTests.dll" adapterTypeName="executor://mstestadapter/v1" className="VideoOS.ServerConfigurator.ConfigurationProvider.UnitTests.CertificateConfigurationProviderTests" name="Given_ConfigurationDataXmlFileV1_DoLoadCertificateConfiguration_DataModelLoadedCorrectly" />
    </UnitTest>
    <UnitTest name="Given_ConfigurationDataXmlFile_DoLoadCertificateConfiguration_DataModelLoadedCorrectly" storage="d:\actions-runner\_work\xpco\xpco\serverconfigurator\binaries\videoos.serverconfigurator.configurationprovider.unittests\bin\debug\videoos.serverconfigurator.configurationprovider.unittests.dll" id="527a1d8a-38f2-9c20-a72a-277cbfc95434">
      <Execution id="2ae192b1-4993-45e1-a71c-cf68c0939783" />
      <TestMethod codeBase="D:\actions-runner\_work\XPCO\XPCO\ServerConfigurator\Binaries\VideoOS.ServerConfigurator.ConfigurationProvider.UnitTests\bin\Debug\VideoOS.ServerConfigurator.ConfigurationProvider.UnitTests.dll" adapterTypeName="executor://mstestadapter/v1" className="VideoOS.ServerConfigurator.ConfigurationProvider.UnitTests.CertificateConfigurationProviderTests" name="Given_ConfigurationDataXmlFile_DoLoadCertificateConfiguration_DataModelLoadedCorrectly" />
    </UnitTest>
    <UnitTest name="Given_CertificateDataModelWithTwoRegisteredServerTwoClientEndpointsAndTwoCertificateGroup_AndSelectedCertificate" storage="d:\actions-runner\_work\xpco\xpco\serverconfigurator\binaries\videoos.serverconfigurator.configurationprovider.unittests\bin\debug\videoos.serverconfigurator.configurationprovider.unittests.dll" id="6d0a9330-a87f-264b-2f45-d2ca37e09001">
      <Execution id="8704aecf-1173-4d86-b4c5-fa6758090dee" />
      <TestMethod codeBase="D:\actions-runner\_work\XPCO\XPCO\ServerConfigurator\Binaries\VideoOS.ServerConfigurator.ConfigurationProvider.UnitTests\bin\Debug\VideoOS.ServerConfigurator.ConfigurationProvider.UnitTests.dll" adapterTypeName="executor://mstestadapter/v1" className="VideoOS.ServerConfigurator.ConfigurationProvider.UnitTests.CertificateConfigurationProviderTests" name="Given_CertificateDataModelWithTwoRegisteredServerTwoClientEndpointsAndTwoCertificateGroup_AndSelectedCertificate" />
    </UnitTest>
    <UnitTest name="Given_ConfigurationDataXmlFileV2WithRegisterServiceImplementationType_DoLoadCertificateConfiguration_DataModelLoadedCorrectly" storage="d:\actions-runner\_work\xpco\xpco\serverconfigurator\binaries\videoos.serverconfigurator.configurationprovider.unittests\bin\debug\videoos.serverconfigurator.configurationprovider.unittests.dll" id="57bf4c4d-7dda-691b-5e9a-d31a7b2268d0">
      <Execution id="38653963-7f9b-4705-9192-6120f5fccafc" />
      <TestMethod codeBase="D:\actions-runner\_work\XPCO\XPCO\ServerConfigurator\Binaries\VideoOS.ServerConfigurator.ConfigurationProvider.UnitTests\bin\Debug\VideoOS.ServerConfigurator.ConfigurationProvider.UnitTests.dll" adapterTypeName="executor://mstestadapter/v1" className="VideoOS.ServerConfigurator.ConfigurationProvider.UnitTests.CertificateConfigurationProviderTests" name="Given_ConfigurationDataXmlFileV2WithRegisterServiceImplementationType_DoLoadCertificateConfiguration_DataModelLoadedCorrectly" />
    </UnitTest>
    <UnitTest name="Given_Nothing_When_PersisitingAndReloadingData_ThePersistedHostNameIsSet" storage="d:\actions-runner\_work\xpco\xpco\serverconfigurator\binaries\videoos.serverconfigurator.configurationprovider.unittests\bin\debug\videoos.serverconfigurator.configurationprovider.unittests.dll" id="24fcca96-3f82-538d-71a0-a55fc27207b9">
      <Execution id="a4c611d5-37cc-4256-b057-e5d9cc02ef67" />
      <TestMethod codeBase="D:\actions-runner\_work\XPCO\XPCO\ServerConfigurator\Binaries\VideoOS.ServerConfigurator.ConfigurationProvider.UnitTests\bin\Debug\VideoOS.ServerConfigurator.ConfigurationProvider.UnitTests.dll" adapterTypeName="executor://mstestadapter/v1" className="VideoOS.ServerConfigurator.ConfigurationProvider.UnitTests.CertificateConfigurationProviderTests" name="Given_Nothing_When_PersisitingAndReloadingData_ThePersistedHostNameIsSet" />
    </UnitTest>
    <UnitTest name="GivenACertificateGroupWithFilterStrings_When_SavingToXamlAndLoadingAgain_Then_TheFilterStringsArePreserved" storage="d:\actions-runner\_work\xpco\xpco\serverconfigurator\binaries\videoos.serverconfigurator.configurationprovider.unittests\bin\debug\videoos.serverconfigurator.configurationprovider.unittests.dll" id="70f3bba0-309b-cd44-252a-54ff35a7f53a">
      <Execution id="af240a1e-4b38-406a-b69a-d69467b4e052" />
      <TestMethod codeBase="D:\actions-runner\_work\XPCO\XPCO\ServerConfigurator\Binaries\VideoOS.ServerConfigurator.ConfigurationProvider.UnitTests\bin\Debug\VideoOS.ServerConfigurator.ConfigurationProvider.UnitTests.dll" adapterTypeName="executor://mstestadapter/v1" className="VideoOS.ServerConfigurator.ConfigurationProvider.UnitTests.CertificateConfigurationProviderTests" name="GivenACertificateGroupWithFilterStrings_When_SavingToXamlAndLoadingAgain_Then_TheFilterStringsArePreserved" />
    </UnitTest>
    <UnitTest name="Given_CertificateDataModelWithOneRegisteredServerOneClientEndpointAndOneCertificateGroup_AndSelectedCertificate" storage="d:\actions-runner\_work\xpco\xpco\serverconfigurator\binaries\videoos.serverconfigurator.configurationprovider.unittests\bin\debug\videoos.serverconfigurator.configurationprovider.unittests.dll" id="b2e69d9d-2ef9-0ecf-fc79-b6380b6e6fed">
      <Execution id="fa86dae5-e2b9-44ed-96b4-8071c75ca78d" />
      <TestMethod codeBase="D:\actions-runner\_work\XPCO\XPCO\ServerConfigurator\Binaries\VideoOS.ServerConfigurator.ConfigurationProvider.UnitTests\bin\Debug\VideoOS.ServerConfigurator.ConfigurationProvider.UnitTests.dll" adapterTypeName="executor://mstestadapter/v1" className="VideoOS.ServerConfigurator.ConfigurationProvider.UnitTests.CertificateConfigurationProviderTests" name="Given_CertificateDataModelWithOneRegisteredServerOneClientEndpointAndOneCertificateGroup_AndSelectedCertificate" />
    </UnitTest>
    <UnitTest name="Given_ConfigurationDataXmlFileV2_When_DoLoadCertificateConfiguration__Then_AllRegistrarsAndLocationsLoadedIntoDataModel" storage="d:\actions-runner\_work\xpco\xpco\serverconfigurator\binaries\videoos.serverconfigurator.configurationprovider.unittests\bin\debug\videoos.serverconfigurator.configurationprovider.unittests.dll" id="63a31081-37c2-99ea-139d-b7c49f64a0f7">
      <Execution id="54114563-9b9e-43f5-9093-83dc1b96a55a" />
      <TestMethod codeBase="D:\actions-runner\_work\XPCO\XPCO\ServerConfigurator\Binaries\VideoOS.ServerConfigurator.ConfigurationProvider.UnitTests\bin\Debug\VideoOS.ServerConfigurator.ConfigurationProvider.UnitTests.dll" adapterTypeName="executor://mstestadapter/v1" className="VideoOS.ServerConfigurator.ConfigurationProvider.UnitTests.CertificateConfigurationProviderTests" name="Given_ConfigurationDataXmlFileV2_When_DoLoadCertificateConfiguration__Then_AllRegistrarsAndLocationsLoadedIntoDataModel" />
    </UnitTest>
    <UnitTest name="Given_CertificateDataModelWithVolatileItems_When_PersistingAndLoadingEntireModel_Then_TheVolatileItemsArePersistedAndLoaded" storage="d:\actions-runner\_work\xpco\xpco\serverconfigurator\binaries\videoos.serverconfigurator.configurationprovider.unittests\bin\debug\videoos.serverconfigurator.configurationprovider.unittests.dll" id="08930051-99a6-f0cd-8531-692a22ee091f">
      <Execution id="9babbec2-e439-4892-a502-205985b12942" />
      <TestMethod codeBase="D:\actions-runner\_work\XPCO\XPCO\ServerConfigurator\Binaries\VideoOS.ServerConfigurator.ConfigurationProvider.UnitTests\bin\Debug\VideoOS.ServerConfigurator.ConfigurationProvider.UnitTests.dll" adapterTypeName="executor://mstestadapter/v1" className="VideoOS.ServerConfigurator.ConfigurationProvider.UnitTests.CertificateConfigurationProviderTests" name="Given_CertificateDataModelWithVolatileItems_When_PersistingAndLoadingEntireModel_Then_TheVolatileItemsArePersistedAndLoaded" />
    </UnitTest>
  </TestDefinitions>
  <TestEntries>
    <TestEntry testId="1a673bb1-b449-401f-618b-33182009eafa" executionId="54733de7-801f-4c67-9f71-3d0f4ec8ce8f" testListId="8c84fa94-04c1-424b-9868-57a2d4851a1d" />
    <TestEntry testId="b2e69d9d-2ef9-0ecf-fc79-b6380b6e6fed" executionId="fa86dae5-e2b9-44ed-96b4-8071c75ca78d" testListId="8c84fa94-04c1-424b-9868-57a2d4851a1d" />
    <TestEntry testId="6d0a9330-a87f-264b-2f45-d2ca37e09001" executionId="8704aecf-1173-4d86-b4c5-fa6758090dee" testListId="8c84fa94-04c1-424b-9868-57a2d4851a1d" />
    <TestEntry testId="63a31081-37c2-99ea-139d-b7c49f64a0f7" executionId="54114563-9b9e-43f5-9093-83dc1b96a55a" testListId="8c84fa94-04c1-424b-9868-57a2d4851a1d" />
    <TestEntry testId="dbfb0079-5c0d-feee-c697-2ca411afcf74" executionId="5fbb7835-dcd3-4b31-9e36-eba91de459d7" testListId="8c84fa94-04c1-424b-9868-57a2d4851a1d" />
    <TestEntry testId="ea28ea7f-a06c-e510-473d-ab13a5483681" executionId="e48ff75d-6ba3-418d-b8bf-dc301b828193" testListId="8c84fa94-04c1-424b-9868-57a2d4851a1d" />
    <TestEntry testId="a47ec500-7c2f-7a74-4f3a-c88b47ff0e0c" executionId="55d851be-b28a-4495-a29a-7627bf4cdacb" testListId="8c84fa94-04c1-424b-9868-57a2d4851a1d" />
    <TestEntry testId="35159717-69fa-673e-c08d-08e3417db17f" executionId="e1e25130-9fca-4b86-a9ab-83aebf1602f0" testListId="8c84fa94-04c1-424b-9868-57a2d4851a1d" />
    <TestEntry testId="6f072a2f-6b52-1e00-06e9-62e569eaba84" executionId="948655b3-b194-493e-bfbf-88f29263986a" testListId="8c84fa94-04c1-424b-9868-57a2d4851a1d" />
    <TestEntry testId="1d63852a-c5f8-b0e2-1b11-9dc0abe1a492" executionId="f003f2ff-80c5-4ed7-a7f0-4b00fe62b570" testListId="8c84fa94-04c1-424b-9868-57a2d4851a1d" />
    <TestEntry testId="0bcffbbc-4297-7261-997a-5970eee05334" executionId="550fbefe-27a0-446b-833a-fb25fbac6408" testListId="8c84fa94-04c1-424b-9868-57a2d4851a1d" />
    <TestEntry testId="57bf4c4d-7dda-691b-5e9a-d31a7b2268d0" executionId="38653963-7f9b-4705-9192-6120f5fccafc" testListId="8c84fa94-04c1-424b-9868-57a2d4851a1d" />
    <TestEntry testId="24fcca96-3f82-538d-71a0-a55fc27207b9" executionId="a4c611d5-37cc-4256-b057-e5d9cc02ef67" testListId="8c84fa94-04c1-424b-9868-57a2d4851a1d" />
    <TestEntry testId="088cf50a-e729-df4d-1702-5cdc415d8353" executionId="d6a6a1e5-17fb-4712-a500-75367a494361" testListId="8c84fa94-04c1-424b-9868-57a2d4851a1d" />
    <TestEntry testId="08930051-99a6-f0cd-8531-692a22ee091f" executionId="9babbec2-e439-4892-a502-205985b12942" testListId="8c84fa94-04c1-424b-9868-57a2d4851a1d" />
    <TestEntry testId="527a1d8a-38f2-9c20-a72a-277cbfc95434" executionId="2ae192b1-4993-45e1-a71c-cf68c0939783" testListId="8c84fa94-04c1-424b-9868-57a2d4851a1d" />
    <TestEntry testId="ec41a820-368b-8dbf-c8bb-0a26a985b84b" executionId="af25a50a-5227-4f88-8709-8e4ed4d0b464" testListId="8c84fa94-04c1-424b-9868-57a2d4851a1d" />
    <TestEntry testId="d9cceb8f-18ef-4e11-5731-a0c2d4118b49" executionId="5ef92153-593d-492e-ba2e-f57f5c0bf21f" testListId="8c84fa94-04c1-424b-9868-57a2d4851a1d" />
    <TestEntry testId="70f3bba0-309b-cd44-252a-54ff35a7f53a" executionId="af240a1e-4b38-406a-b69a-d69467b4e052" testListId="8c84fa94-04c1-424b-9868-57a2d4851a1d" />
    <TestEntry testId="5bf9b852-0174-c379-727c-269d22ffc0c9" executionId="961c3aba-d031-45d7-afc7-36581fc7209f" testListId="8c84fa94-04c1-424b-9868-57a2d4851a1d" />
  </TestEntries>
  <TestLists>
    <TestList name="Results Not in a List" id="8c84fa94-04c1-424b-9868-57a2d4851a1d" />
    <TestList name="All Loaded Results" id="19431567-8539-422a-85d7-44ee4e166bda" />
  </TestLists>
  <ResultSummary outcome="Completed">
    <Counters total="20" executed="20" passed="20" failed="0" error="0" timeout="0" aborted="0" inconclusive="0" passedButRunAborted="0" notRunnable="0" notExecuted="0" disconnected="0" warning="0" completed="0" inProgress="0" pending="0" />
  </ResultSummary>
</TestRun>